<?xml version="1.0" encoding="UTF-8" ?>
<testsuite errors="0" failures="0" hostname="travis-job-a4e9aabb-9bf7-4805-bd1c-3651a58dea5e" name="ptolemy.actor.lib.test.junit.JUnitTclTest" skipped="0" tests="517" time="60.969" timestamp="2020-01-24T06:54:00">
  <properties>
    <property name="npm.executable" value="npm" />
    <property name="env.TRAVIS_ROOT" value="/" />
    <property name="ptII.mk.exists" value="true" />
    <property name="env.TRAVIS_APP_HOST" value="build.travis-ci.org" />
    <property name="env.rvm_bin_path" value="/home/travis/.rvm/bin" />
    <property name="java.home" value="/usr/local/lib/jvm/openjdk11" />
    <property name="env.TRAVIS_JOB_NUMBER" value="1480.8" />
    <property name="env.TRAVIS_HOME" value="/home/travis" />
    <property name="env.DISPLAY" value=":99.0" />
    <property name="env.TRAVIS_INIT" value="systemd" />
    <property name="env.SSH_TTY" value="/dev/pts/0" />
    <property name="java.net.preferIPv4Stack" value="true" />
    <property name="env.RUN_TESTS" value="true" />
    <property name="timeout.short" value="1000000" />
    <property name="junit.formatter" value="xml" />
    <property name="env.TRAVIS_SUDO" value="true" />
    <property name="env.TRAVIS_JOB_NAME" value="" />
    <property name="env.TRAVIS_STACK_NODE_ATTRIBUTES" value="/.node-attributes.yml" />
    <property name="env.LOGNAME" value="travis" />
    <property name="env.PT_TRAVIS_TEST_CORE1_XML" value="true" />
    <property name="jsdoc.home" value="node_modules/@terraswarm/jsdoc" />
    <property name="debuglevel" value="source,lines,vars" />
    <property name="checkstyle.formatter" value="xml" />
    <property name="env._system_version" value="16.04" />
    <property name="bin.vergil.makeable" value="true" />
    <property name="sun.os.patch.level" value="unknown" />
    <property name="java.vendor.url" value="http://java.oracle.com/" />
    <property name="env.TRAVIS_BUILD_WEB_URL" value="https://travis-ci.org/icyphy/ptII/builds/641229086" />
    <property name="java.version" value="11.0.2" />
    <property name="env.TZ" value="UTC" />
    <property name="env.TRAVIS_PULL_REQUEST_SHA" value="" />
    <property name="env.PT_NO_NET" value="true" />
    <property name="env.TRAVIS_SECURE_ENV_VARS" value="true" />
    <property name="env._system_type" value="Linux" />
    <property name="java.vendor.url.bug" value="http://bugreport.java.com/bugreport/" />
    <property name="npmjs-org-is-up" value="true" />
    <property name="env.LANGUAGE" value="en_US.UTF-8" />
    <property name="env.SSH_CLIENT" value="10.16.0.51 38824 22" />
    <property name="env.GEM_HOME" value="/home/travis/.rvm/gems/ruby-2.5.3" />
    <property name="env.HAS_ANTARES_THREE_LITTLE_FRONZIES_BADGE" value="true" />
    <property name="java.version.date" value="2019-01-15" />
    <property name="env.PS4" value="+" />
    <property name="ant.project.invoked-targets" value="build,test.core1.xml" />
    <property name="env.TRAVIS_PULL_REQUEST_BRANCH" value="" />
    <property name="env.TRAVIS_REPO_SLUG" value="icyphy/ptII" />
    <property name="env.XDG_DATA_DIRS" value="/usr/local/share:/usr/share:/var/lib/snapd/desktop" />
    <property name="jdk.debug" value="release" />
    <property name="env.TRAVIS_APT_PROXY" value="http://build-cache.travisci.net" />
    <property name="env.TRAVIS_CPU_ARCH" value="amd64" />
    <property name="node.in.path" value="true" />
    <property name="user.name" value="travis" />
    <property name="java.maxmemory" value="1400m" />
    <property name="env.RUBY_VERSION" value="ruby-2.5.3" />
    <property name="env.LANG" value="en_US.UTF-8" />
    <property name="sun.io.unicode.encoding" value="UnicodeLittle" />
    <property name="sun.jnu.encoding" value="UTF-8" />
    <property name="java.runtime.name" value="OpenJDK Runtime Environment" />
    <property name="usefile" value="false" />
    <property name="return.code" value="0" />
    <property name="junit.single.formatter" value="plain" />
    <property name="env.DYLD_LIBRARY_PATH" value="/home/travis/pthla/certi-tools/lib:" />
    <property name="env.DEBIAN_FRONTEND" value="noninteractive" />
    <property name="env.SSH_CONNECTION" value="10.16.0.51 38824 10.20.0.182 22" />
    <property name="env.MYSQL_UNIX_PORT" value="/var/run/mysqld/mysqld.sock" />
    <property name="env.LC_ALL" value="en_US.UTF-8" />
    <property name="env.TRAVIS_ALLOW_FAILURE" value="false" />
    <property name="env.TRAVIS_JOB_WEB_URL" value="https://travis-ci.org/icyphy/ptII/jobs/641229098" />
    <property name="java.specification.name" value="Java Platform API Specification" />
    <property name="node.works" value="true" />
    <property name="user.timezone" value="" />
    <property name="path.separator" value=":" />
    <property name="env.TRAVIS_ENABLE_INFRA_DETECTION" value="true" />
    <property name="env.PYTHON_CFLAGS" value="-g -fstack-protector --param=ssp-buffer-size=4 -Wformat -Werror=format-security" />
    <property name="timeout.long" value="4000000" />
    <property name="env.CERTI_HOME" value="/home/travis/pthla/certi-tools" />
    <property name="ant.file.ptII" value="/home/travis/build/icyphy/ptII/build.xml" />
    <property name="javadoc.packagenames" value="com.*,diva.*,lbnl.*,org.hlacerti.*,org.json.*,org.ptolemy.*,org.terraswarm.*,ptolemy.*,ptserver.*" />
    <property name="file.encoding" value="UTF-8" />
    <property name="env.TRAVIS_PULL_REQUEST_SLUG" value="" />
    <property name="ant.project.default-target" value="build" />
    <property name="env.GIT_ASKPASS" value="echo" />
    <property name="env.HOME" value="/home/travis" />
    <property name="sun.java.command" value="org.apache.tools.ant.taskdefs.optional.junit.JUnitTestRunner ptolemy.actor.lib.test.junit.JUnitTclTest skipNonTests=false filtertrace=true haltOnError=false haltOnFailure=false formatter=org.apache.tools.ant.taskdefs.optional.junit.OutErrSummaryJUnitResultFormatter showoutput=true outputtoformatters=true logfailedtests=true threadid=0 logtestlistenerevents=false formatter=org.apache.tools.ant.taskdefs.optional.junit.XMLJUnitResultFormatter,/home/travis/build/icyphy/ptII/reports/junit/TEST-ptolemy.actor.lib.test.junit.JUnitTclTest.xml crashfile=/home/travis/build/icyphy/ptII/junitvmwatcher13969491353596732198.properties propsfile=/home/travis/build/icyphy/ptII/junit13910325148424833958.properties" />
    <property name="env.COMPOSER_NO_INTERACTION" value="1" />
    <property name="env.MANPATH" value="/home/travis/.nvm/versions/node/v7.10.1/share/man:/home/travis/.rvm/rubies/ruby-2.5.3/share/man:/usr/local/cmake-3.12.4/man:/usr/local/clang-7.0.0/share/man:/usr/local/man:/usr/local/share/man:/usr/share/man:/home/travis/.rvm/man" />
    <property name="env.TRAVIS_TIMER_ID" value="11c428c0" />
    <property name="ant.file" value="/home/travis/build/icyphy/ptII/build.xml" />
    <property name="env.TRAVIS_COMMIT_RANGE" value="d08c347ec3b0d9308b248f0a24e87de0da79b8f7...8428d4d6455adbdc6035bd3eb323dc21304fa2f7" />
    <property name="env._system_name" value="Ubuntu" />
    <property name="ptII.classpath.optional.property" value="/home/travis/build/icyphy/ptII/lib/bsh-2.0b4.jar:/home/travis/build/icyphy/ptII/lib/ptCal.jar:/home/travis/build/icyphy/ptII/lib/java_cup.jar:/home/travis/build/icyphy/ptII/lib/saxon8.jar:/home/travis/build/icyphy/ptII/lib/saxon8-dom.jar:/home/travis/build/icyphy/ptII/lib/chic.jar:/home/travis/build/icyphy/ptII/lib/ptcolt.jar:/home/travis/build/icyphy/ptII/vendors/misc/itext/iText.jar:/home/travis/build/icyphy/ptII/lib/g4ltl.jar:/home/travis/build/icyphy/ptII/lib/StructuralCoder.jar:/home/travis/build/icyphy/ptII/lib/jcerti.jar:/home/travis/build/icyphy/ptII/lib/javax.mail.jar:/home/travis/build/icyphy/ptII/vendors/JMF-2.1.1e/lib/jmf.jar:/home/travis/build/icyphy/ptII/lib/jna-4.0.0-variadic.jar:/home/travis/build/icyphy/ptII/vendors/misc/joystick/Joystick.jar:/home/travis/build/icyphy/ptII/lib/ptjacl.jar:/home/travis/build/icyphy/ptII/lib/jsoup-1.8.2.jar:/home/travis/build/icyphy/ptII/lib/junit-4.8.2.jar:/home/travis/build/icyphy/ptII/lib/JUnitParams-0.4.0.jar:/home/travis/build/icyphy/ptII/ptolemy/actor/lib/excel/jxl.jar:/home/travis/build/icyphy/ptII/lib/jython.jar:/home/travis/build/icyphy/ptII/lib/kieler.jar:/home/travis/build/icyphy/ptII/vendors/opencv/share/OpenCV/java/opencv-341.jar:/home/travis/build/icyphy/ptII/lib/oscP5.jar:/home/travis/build/icyphy/ptII/lib/nrjavaserial-3.11.0.devel.jar:/home/travis/build/icyphy/ptII/vendors/j3d/lib/Linux/j3dcore.jar:/home/travis/build/icyphy/ptII/vendors/j3d/lib/Linux/j3dutils.jar:/home/travis/build/icyphy/ptII/vendors/j3d/lib/Linux/vecmath.jar:/home/travis/build/icyphy/ptII/vendors/jogl/lib/Linux/gluegen-rt-natives-linux-amd64.jar:/home/travis/build/icyphy/ptII/vendors/jogl/lib/Linux/gluegen-rt.jar:/home/travis/build/icyphy/ptII/vendors/jogl/lib/Linux/jogl-all-natives-linux-amd64.jar:/home/travis/build/icyphy/ptII/vendors/jogl/lib/Linux/jogl-all.jar:/home/travis/build/icyphy/ptII/ptolemy/distributed/jini/jar/jini-core.jar:/home/travis/build/icyphy/ptII/ptolemy/distributed/jini/jar/jini-ext.jar:/home/travis/build/icyphy/ptII/ptolemy/distributed/jini/jar/sun-util.jar:/home/travis/build/icyphy/ptII/lib/protobuf-java-2.4.1.jar:/home/travis/build/icyphy/ptII/lib/org.eclipse.paho.client.mqttv3.jar:/home/travis/build/icyphy/ptII/lib/mapss.jar:/home/travis/build/icyphy/ptII/ptolemy/actor/ptalon/antlr/antlr.jar:/home/travis/build/icyphy/ptII/lib/JRI.jar:/home/travis/build/icyphy/ptII/lib/commons-lang-2.6.jar:/home/travis/build/icyphy/ptII/lib/commons-logging-1.1.1.jar:/home/travis/build/icyphy/ptII/lib/sootclasses.jar:/home/travis/build/icyphy/ptII/ptolemy/actor/lib/database/mysql-connector-java-5.1.6-bin.jar:/home/travis/build/icyphy/ptII/vendors/misc/sphinx4/sphinx4-data-5prealpha.jar:/home/travis/build/icyphy/ptII/vendors/misc/sphinx4/sphinx4-core-5prealpha.jar:/home/travis/build/icyphy/ptII/lib/PDFRenderer.jar:/home/travis/build/icyphy/ptII/lib/svgSalamander.jar:/home/travis/build/icyphy/ptII/lib/rsyntaxtextarea-2.6.0-SNAPSHOT.jar:/home/travis/build/icyphy/ptII/lib/hazelcast-3.8.2.jar:/home/travis/build/icyphy/ptII/lib/jackson-annotations-2.9.0.jar:/home/travis/build/icyphy/ptII/lib/jackson-core-2.9.3.jar:/home/travis/build/icyphy/ptII/lib/jackson-databind-2.9.3.jar:/home/travis/build/icyphy/ptII/lib/netty-buffer-4.1.19.Final.jar:/home/travis/build/icyphy/ptII/lib/netty-codec-4.1.19.Final.jar:/home/travis/build/icyphy/ptII/lib/netty-codec-dns-4.1.19.Final.jar:/home/travis/build/icyphy/ptII/lib/netty-codec-http-4.1.19.Final.jar:/home/travis/build/icyphy/ptII/lib/netty-codec-http2-4.1.19.Final.jar:/home/travis/build/icyphy/ptII/lib/netty-common-4.1.19.Final.jar:/home/travis/build/icyphy/ptII/lib/netty-handler-4.1.19.Final.jar:/home/travis/build/icyphy/ptII/lib/netty-resolver-4.1.19.Final.jar:/home/travis/build/icyphy/ptII/lib/netty-resolver-dns-4.1.19.Final.jar:/home/travis/build/icyphy/ptII/lib/netty-transport-4.1.19.Final.jar:/home/travis/build/icyphy/ptII/lib/vertx-codegen-3.5.1.jar:/home/travis/build/icyphy/ptII/lib/vertx-core-3.5.2-SNAPSHOT.jar:/home/travis/build/icyphy/ptII/lib/vertx-hazelcast-3.5.1.jar:/home/travis/build/icyphy/ptII/lib/vertx-lang-js-3.5.1.jar:/home/travis/build/icyphy/ptII/lib/vertx-service-proxy-3.5.1.jar:/home/travis/build/icyphy/ptII/lib/vertx-web-3.5.1.jar:/home/travis/build/icyphy/ptII/lib/slf4j-api-1.7.13.jar:/home/travis/build/icyphy/ptII/lib/slf4j-simple-1.7.13.jar:/home/travis/build/icyphy/ptII/lib/webcam-capture-0.3.12.jar:/home/travis/build/icyphy/ptII/lib/bridj-0.7.0.jar:/home/travis/build/icyphy/ptII/lib/xbjlib-1.1.0.nrjavaserial.jar" />
    <property name="timeout" value="2400000" />
    <property name="test.batch" value="**/junit/*.java" />
    <property name="env._" value="/usr/bin/timeout" />
    <property name="java.io.tmpdir" value="/tmp" />
    <property name="user.language" value="en" />
    <property name="env.TRAVIS_INTERNAL_RUBY_REGEX" value="^ruby-(2\.[0-4]\.[0-9]|1\.9\.3)" />
    <property name="env.HISTCONTROL" value="ignoredups:ignorespace" />
    <property name="env.GOROOT" value="/home/travis/.gimme/versions/go1.11.1.linux.amd64" />
    <property name="line.separator" value="&#xa;" />
    <property name="target" value="11" />
    <property name="env.TRAVIS_BUILD_DIR" value="/home/travis/build/icyphy/ptII" />
    <property name="env.ANT_OPTS" value="-Xmx2048m" />
    <property name="ant.file.type" value="file" />
    <property name="ptolemy.ptII.batchMode" value="true" />
    <property name="env.HISTSIZE" value="1000" />
    <property name="env.MERB_ENV" value="test" />
    <property name="java.vm.info" value="mixed mode" />
    <property name="source" value="11" />
    <property name="java.vm.specification.name" value="Java Virtual Machine Specification" />
    <property name="env.TRAVIS_TEST_RESULT" value="0" />
    <property name="jsdoc.command" value="node_modules/@terraswarm/jsdoc/jsdoc.js" />
    <property name="npm.works" value="true" />
    <property name="cobertura.dir" value="/home/travis/build/icyphy/ptII/vendors/cobertura-2.0.3" />
    <property name="jsdoc.command.exists" value="true" />
    <property name="env.rvm_path" value="/home/travis/.rvm" />
    <property name="env.GEM_PATH" value="/home/travis/.rvm/gems/ruby-2.5.3:/home/travis/.rvm/gems/ruby-2.5.3@global" />
    <property name="env.LC_CTYPE" value="en_US.UTF-8" />
    <property name="env.TRAVIS_CMD" value="$PTII/bin/ptIITravisBuild.sh $SECONDS" />
    <property name="java.awt.printerjob" value="sun.print.PSPrinterJob" />
    <property name="env.TRAVIS_STACK_NAME" value="sardonyx" />
    <property name="env.TRAVIS_TIMER_START_TIME" value="1579848212248600197" />
    <property name="ant.version" value="Apache Ant(TM) version 1.10.1 compiled on February 2 2017" />
    <property name="ptII.reports" value="/home/travis/build/icyphy/ptII/reports" />
    <property name="env.TRAVIS_STACK_TIMESTAMP" value="2019-03-25 16:16:56 UTC" />
    <property name="ant.file.type.ptII" value="file" />
    <property name="env.RBENV_SHELL" value="bash" />
    <property name="os.name" value="Linux" />
    <property name="java.specification.vendor" value="Oracle Corporation" />
    <property name="env.rvm_version" value="1.29.7 (latest)" />
    <property name="env.TRAVIS_INFRA" value="gce" />
    <property name="env.TERM" value="xterm" />
    <property name="java.vm.name" value="OpenJDK 64-Bit Server VM" />
    <property name="env.TRAVIS_BUILD_NUMBER" value="1480" />
    <property name="env.CI" value="true" />
    <property name="java.library.path" value="/home/travis/pthla/certi-tools/lib:/usr/lib/jni:/usr/local/share/OpenCV/java/:/usr/share/OpenCV/java::/usr/java/packages/lib:/usr/lib64:/lib64:/lib:/usr/lib" />
    <property name="jdk.module.path" value="/home/travis/build/icyphy/ptII/vendors/javafx/javafx-sdk-11.0.2/lib:" />
    <property name="env.rvm_prefix" value="/home/travis" />
    <property name="env.PATH" value="/home/travis/pthla/certi-tools/share/scripts:/home/travis/.rvm/gems/ruby-2.5.3/bin:/home/travis/.rvm/gems/ruby-2.5.3@global/bin:/home/travis/.rvm/rubies/ruby-2.5.3/bin:/home/travis/.rvm/bin:/home/travis/.nvm/versions/node/v7.10.1/bin:./node_modules/.bin:/home/travis/build/icyphy/ptII/bin:/home/travis/pthla/certi-tools/bin:/home/travis/bin:/home/travis/.local/bin:/usr/local/lib/jvm/openjdk11/bin:/opt/pyenv/shims:/home/travis/.phpenv/shims:/home/travis/perl5/perlbrew/bin:/home/travis/gopath/bin:/home/travis/.gimme/versions/go1.11.1.linux.amd64/bin:/usr/local/maven-3.6.0/bin:/usr/local/cmake-3.12.4/bin:/usr/local/clang-7.0.0/bin:/usr/local/sbin:/usr/local/bin:/usr/sbin:/usr/bin:/sbin:/bin:/snap/bin:/home/travis/.phpenv/bin:/opt/pyenv/bin:/home/travis/.yarn/bin" />
    <property name="env.TRAVIS_OS_NAME" value="linux" />
    <property name="ant.java.version" value="9" />
    <property name="basedir" value="/home/travis/build/icyphy/ptII" />
    <property name="java.class.version" value="55.0" />
    <property name="env.SHLVL" value="3" />
    <property name="env.LD_LIBRARY_PATH" value="/home/travis/pthla/certi-tools/lib:/usr/lib/jni:/usr/local/share/OpenCV/java/:/usr/share/OpenCV/java:" />
    <property name="env.RACK_ENV" value="test" />
    <property name="ant.home" value="/home/travis/build/icyphy/ptII/ant" />
    <property name="env.NVM_DIR" value="/home/travis/.nvm" />
    <property name="env.CERTI_FOM_PATH" value="/home/travis/pthla/certi-tools/share/federations" />
    <property name="env.TRAVIS_BUILD_ID" value="641229086" />
    <property name="env.PYENV_ROOT" value="/opt/pyenv" />
    <property name="env.TRAVIS_UID" value="2000" />
    <property name="prism.verbose" value="true" />
    <property name="env.NVM_BIN" value="/home/travis/.nvm/versions/node/v7.10.1/bin" />
    <property name="env.TRAVIS_COMMIT" value="8428d4d6455adbdc6035bd3eb323dc21304fa2f7" />
    <property name="env._system_arch" value="x86_64" />
    <property name="node.executable" value="node" />
    <property name="sun.boot.library.path" value="/usr/local/lib/jvm/openjdk11/lib" />
    <property name="sun.management.compiler" value="HotSpot 64-Bit Tiered Compilers" />
    <property name="java.awt.graphicsenv" value="sun.awt.X11GraphicsEnvironment" />
    <property name="env.GOPATH" value="/home/travis/gopath" />
    <property name="ptolemy.ptII.dir" value="/home/travis/build/icyphy/ptII" />
    <property name="env.USER" value="travis" />
    <property name="env.HISTFILESIZE" value="2000" />
    <property name="timeout.longest" value="19000000" />
    <property name="env.PERLBREW_SHELLRC_VERSION" value="0.86" />
    <property name="env.TRAVIS_STACK_FEATURES" value="basic couchdb disabled-ipv6 docker docker-compose elasticsearch firefox go-toolchain google-chrome jdk memcached mongodb mysql nodejs_interpreter perl_interpreter perlbrew phantomjs postgresql python_interpreter redis ruby_interpreter sqlite xserver" />
    <property name="env.TRAVIS_PULL_REQUEST" value="false" />
    <property name="env.PYENV_SHELL" value="bash" />
    <property name="ant.project.name" value="ptII" />
    <property name="env.ANSI_RESET" value="\033[0m" />
    <property name="java.vm.specification.version" value="11" />
    <property name="env.TRAVIS_DIST" value="xenial" />
    <property name="env.CERTI_VERSION" value="4.0.0" />
    <property name="env.CERTI_HOST" value="localhost" />
    <property name="awt.toolkit" value="sun.awt.X11.XToolkit" />
    <property name="env.MY_RUBY_HOME" value="/home/travis/.rvm/rubies/ruby-2.5.3" />
    <property name="sun.cpu.isalist" value="" />
    <property name="env.TRAVIS_TMPDIR" value="/tmp/tmp.ORpYaC7eCw" />
    <property name="java.vm.compressedOopsMode" value="Zero based" />
    <property name="os.version" value="4.15.0-1028-gcp" />
    <property name="user.home" value="/home/travis" />
    <property name="java.vm.vendor" value="Oracle Corporation" />
    <property name="env.TRAVIS_TAG" value="nightly" />
    <property name="env.ANSI_YELLOW" value="\033[33;1m" />
    <property name="env.TRAVIS_FILTERED" value="redirect_io" />
    <property name="env.ANSI_GREEN" value="\033[32;1m" />
    <property name="env.JAVA_HOME" value="/usr/local/lib/jvm/openjdk11" />
    <property name="javadoc.excludepackagenames" value="adm.cvs2svn.*,build.*,config.*,doc.coding.templates.*,jni.test.jni.meaningOfLife.*,jni.test.jni.testDeux.*,jni.test.jni.testTrois.*,org.terraswarm.accessor.accessors.web.node_modules.*,org.terraswarm.accessor.accessors.web.hosts.cordova.demo.*,org.terraswarm.accessor.accessors.web.hosts.cordova.plugins.*,org.terraswarm.accessor.accessors-svn.*,pt-modules.*,ptolemy.apps.agilent.*,ptolemy.apps.anytimecontrol.*,ptolemy.apps.apes.*,ptolemy.apps.charon.*,ptolemy.apps.crazyboard.*,ptolemy.apps.eclipse.*,ptolemy.apps.etherealSting.*,ptolemy.apps.fullscreen.*,ptolemy.apps.giotto.*,ptolemy.apps.ia.*,ptolemy.apps.interfaces.*,ptolemy.apps.jmf.*,ptolemy.apps.kurt.*,ptolemy.apps.kvm.*,ptolemy.apps.lego.*,ptolemy.apps.lejos.*,ptolemy.apps.midp.*,ptolemy.apps.mobileCoding.*,ptolemy.apps.pendulum.*,ptolemy.apps.rijndael.*,ptolemy.apps.robot.*,ptolemy.apps.security.*,ptolemy.apps.sobel.*,ptolemy.apps.soot.*,ptolemy.apps.throttle.*,ptolemy.apps.tini.*,ptolemy.apps.transmission.*,ptolemy.apps.vergil.*,ptolemy.apps.waba.*,ptolemy.apps.websensor.*,ptolemy.apps.webstart.*,ptolemy.apps.xsl.*,ptolemy.apps.zaurus.*,ptolemy.codegen.c.actor.lib.oldJavaFiles.*,ptolemy.codegen.dsp.lib.*,ptolemy.codegen.kernel.newInterfaces.*,ptolemy.codegen.lib.*,ptolemy.copernicus.kernel.fragment.*,ptolemy.copernicus.shallow.cg.*,ptolemy.domains.giotto.demo.Hierarchy.Hierarchy.*,ptolemy.domains.giotto.demo.Multimode.Multimode.*,ptolemy.domains.giotto.demo.Simple.Simple.*,ptolemy.domains.gr.lib.experimental.*,ptolemy.domains.gro.*,ptolemy.domains.pdf.*,ptolemy.domains.ptinyos.demo.Surge.output.*,ptolemy.moml.test.NoPackageActor.java*,ptolemy.plot.adm.*,ptolemy.plot.servlet.*,reports.*,signed.*,src.*,target.*,vendors.*,ptolemy.copernicus.applet.*,ptolemy.media.viewer.*,ptolemy.actor.corba.*,doc.doclets.*,ptolemy.apps.eclipse.awt.*,ptolemy.backtrack.*,ptolemy.backtrack.ast.*,ptolemy.cg.adapter.generic.program.procedural.c.mbed*,ptolemy.homer.*,ptolemy.actor.lib.jai.*,org.ptolemy.scala.*,diva.util.java2d.svg.*,ptolemy.domains.ptinyos.*,ptolemy.actor.lib.fmi.fmipp.*,,org.terraswarm.accessor.accessors.web.node_modules.*,org.terraswarm.accessor.accessors-svn,ptolemy.apps.*,ptolemy.actor.ptalon.demo.ptinyos.SendAndReceiveCnt.output,ptolemy.actor.ptalon.demo.ptinyos.SenseToLeds.output,ptolemy.domains.ptinyos.demo.CntToLedsAndRfm.output,ptolemy.domains.ptinyos.demo.RfmToLeds.output,ptolemy.domains.ptinyos.demo.SendAndReceiveCnt.output,ptolemy.domains.ptinyos.demo.SenseToLeds.output,ptolemy.actor.lib.jjs.modules.udpSocket.*" />
    <property name="env.PTII" value="/home/travis/build/icyphy/ptII" />
    <property name="env.XDG_SESSION_ID" value="2" />
    <property name="keystore" value="ptKeystore" />
    <property name="env.TRAVIS_COMMIT_MESSAGE" value="Checking for a rtia running only once in HlaManager.java." />
    <property name="junit.output.dir" value="/home/travis/build/icyphy/ptII/reports/junit" />
    <property name="npm.return.code" value="0" />
    <property name="user.dir" value="/home/travis/build/icyphy/ptII/ptolemy/actor/lib/test" />
    <property name="env.TRAVIS_NODE_VERSION" value="7" />
    <property name="env.TRAVIS_EVENT_TYPE" value="cron" />
    <property name="env.MAIL" value="/var/mail/travis" />
    <property name="env.PERLBREW_ROOT" value="/home/travis/perl5/perlbrew" />
    <property name="env.PWD" value="/home/travis/build/icyphy/ptII" />
    <property name="timeout.npm" value="45000" />
    <property name="env.TRAVIS_ARCH" value="amd64" />
    <property name="sun.cpu.endian" value="little" />
    <property name="env.PAGER" value="cat" />
    <property name="env.TRAVIS_BUILD_STAGE_NAME" value="Test" />
    <property name="env.PERLBREW_HOME" value="/home/travis/.perlbrew" />
    <property name="java.vm.version" value="11.0.2+9" />
    <property name="env.RAILS_ENV" value="test" />
    <property name="java.class.path" value="/home/travis/.ptolemyII:/home/travis/.ptolemyII/*:/home/travis/build/icyphy/ptII:/home/travis/build/icyphy/ptII/lib/bsh-2.0b4.jar:/home/travis/build/icyphy/ptII/lib/ptCal.jar:/home/travis/build/icyphy/ptII/lib/java_cup.jar:/home/travis/build/icyphy/ptII/lib/saxon8.jar:/home/travis/build/icyphy/ptII/lib/saxon8-dom.jar:/home/travis/build/icyphy/ptII/lib/chic.jar:/home/travis/build/icyphy/ptII/lib/ptcolt.jar:/home/travis/build/icyphy/ptII/vendors/misc/itext/iText.jar:/home/travis/build/icyphy/ptII/lib/g4ltl.jar:/home/travis/build/icyphy/ptII/lib/StructuralCoder.jar:/home/travis/build/icyphy/ptII/lib/jcerti.jar:/home/travis/build/icyphy/ptII/lib/javax.mail.jar:/home/travis/build/icyphy/ptII/vendors/JMF-2.1.1e/lib/jmf.jar:/home/travis/build/icyphy/ptII/lib/jna-4.0.0-variadic.jar:/home/travis/build/icyphy/ptII/vendors/misc/joystick/Joystick.jar:/home/travis/build/icyphy/ptII/lib/ptjacl.jar:/home/travis/build/icyphy/ptII/lib/jsoup-1.8.2.jar:/home/travis/build/icyphy/ptII/lib/junit-4.8.2.jar:/home/travis/build/icyphy/ptII/lib/JUnitParams-0.4.0.jar:/home/travis/build/icyphy/ptII/ptolemy/actor/lib/excel/jxl.jar:/home/travis/build/icyphy/ptII/lib/jython.jar:/home/travis/build/icyphy/ptII/lib/kieler.jar:/home/travis/build/icyphy/ptII/vendors/opencv/share/OpenCV/java/opencv-341.jar:/home/travis/build/icyphy/ptII/lib/oscP5.jar:/home/travis/build/icyphy/ptII/lib/nrjavaserial-3.11.0.devel.jar:/home/travis/build/icyphy/ptII/vendors/j3d/lib/Linux/j3dcore.jar:/home/travis/build/icyphy/ptII/vendors/j3d/lib/Linux/j3dutils.jar:/home/travis/build/icyphy/ptII/vendors/j3d/lib/Linux/vecmath.jar:/home/travis/build/icyphy/ptII/vendors/jogl/lib/Linux/gluegen-rt-natives-linux-amd64.jar:/home/travis/build/icyphy/ptII/vendors/jogl/lib/Linux/gluegen-rt.jar:/home/travis/build/icyphy/ptII/vendors/jogl/lib/Linux/jogl-all-natives-linux-amd64.jar:/home/travis/build/icyphy/ptII/vendors/jogl/lib/Linux/jogl-all.jar:/home/travis/build/icyphy/ptII/ptolemy/distributed/jini/jar/jini-core.jar:/home/travis/build/icyphy/ptII/ptolemy/distributed/jini/jar/jini-ext.jar:/home/travis/build/icyphy/ptII/ptolemy/distributed/jini/jar/sun-util.jar:/home/travis/build/icyphy/ptII/lib/protobuf-java-2.4.1.jar:/home/travis/build/icyphy/ptII/lib/org.eclipse.paho.client.mqttv3.jar:/home/travis/build/icyphy/ptII/lib/mapss.jar:/home/travis/build/icyphy/ptII/ptolemy/actor/ptalon/antlr/antlr.jar:/home/travis/build/icyphy/ptII/lib/JRI.jar:/home/travis/build/icyphy/ptII/lib/commons-lang-2.6.jar:/home/travis/build/icyphy/ptII/lib/commons-logging-1.1.1.jar:/home/travis/build/icyphy/ptII/lib/sootclasses.jar:/home/travis/build/icyphy/ptII/ptolemy/actor/lib/database/mysql-connector-java-5.1.6-bin.jar:/home/travis/build/icyphy/ptII/vendors/misc/sphinx4/sphinx4-data-5prealpha.jar:/home/travis/build/icyphy/ptII/vendors/misc/sphinx4/sphinx4-core-5prealpha.jar:/home/travis/build/icyphy/ptII/lib/PDFRenderer.jar:/home/travis/build/icyphy/ptII/lib/svgSalamander.jar:/home/travis/build/icyphy/ptII/lib/rsyntaxtextarea-2.6.0-SNAPSHOT.jar:/home/travis/build/icyphy/ptII/lib/hazelcast-3.8.2.jar:/home/travis/build/icyphy/ptII/lib/jackson-annotations-2.9.0.jar:/home/travis/build/icyphy/ptII/lib/jackson-core-2.9.3.jar:/home/travis/build/icyphy/ptII/lib/jackson-databind-2.9.3.jar:/home/travis/build/icyphy/ptII/lib/netty-buffer-4.1.19.Final.jar:/home/travis/build/icyphy/ptII/lib/netty-codec-4.1.19.Final.jar:/home/travis/build/icyphy/ptII/lib/netty-codec-dns-4.1.19.Final.jar:/home/travis/build/icyphy/ptII/lib/netty-codec-http-4.1.19.Final.jar:/home/travis/build/icyphy/ptII/lib/netty-codec-http2-4.1.19.Final.jar:/home/travis/build/icyphy/ptII/lib/netty-common-4.1.19.Final.jar:/home/travis/build/icyphy/ptII/lib/netty-handler-4.1.19.Final.jar:/home/travis/build/icyphy/ptII/lib/netty-resolver-4.1.19.Final.jar:/home/travis/build/icyphy/ptII/lib/netty-resolver-dns-4.1.19.Final.jar:/home/travis/build/icyphy/ptII/lib/netty-transport-4.1.19.Final.jar:/home/travis/build/icyphy/ptII/lib/vertx-codegen-3.5.1.jar:/home/travis/build/icyphy/ptII/lib/vertx-core-3.5.2-SNAPSHOT.jar:/home/travis/build/icyphy/ptII/lib/vertx-hazelcast-3.5.1.jar:/home/travis/build/icyphy/ptII/lib/vertx-lang-js-3.5.1.jar:/home/travis/build/icyphy/ptII/lib/vertx-service-proxy-3.5.1.jar:/home/travis/build/icyphy/ptII/lib/vertx-web-3.5.1.jar:/home/travis/build/icyphy/ptII/lib/slf4j-api-1.7.13.jar:/home/travis/build/icyphy/ptII/lib/slf4j-simple-1.7.13.jar:/home/travis/build/icyphy/ptII/lib/webcam-capture-0.3.12.jar:/home/travis/build/icyphy/ptII/lib/bridj-0.7.0.jar:/home/travis/build/icyphy/ptII/lib/xbjlib-1.1.0.nrjavaserial.jar:/home/travis/build/icyphy/ptII/ptolemy/moml/test:/home/travis/build/icyphy/ptII/ant/lib/ant-launcher.jar:/home/travis/build/icyphy/ptII/ant/lib/ant.jar:/home/travis/build/icyphy/ptII/ant/lib/ant-junit.jar:/home/travis/build/icyphy/ptII/ant/lib/ant-junit4.jar" />
    <property name="ant.library.dir" value="/home/travis/build/icyphy/ptII/ant/lib" />
    <property name="os.arch" value="amd64" />
    <property name="env.CONTINUOUS_INTEGRATION" value="true" />
    <property name="env.TRAVIS_LANGUAGE" value="node_js" />
    <property name="env.TRAVIS_STACK_LANGUAGES" value="__sardonyx__ c c++ clojure cplusplus cpp default generic go groovy java node_js php pure_java python ruby scala" />
    <property name="test.name" value="ptolemy.actor.lib.test.junit.JUnitTclTest" />
    <property name="env.APT_KEY_DONT_WARN_ON_DANGEROUS_USAGE" value="1" />
    <property name="sun.java.launcher" value="SUN_STANDARD" />
    <property name="env.PYTHON_CONFIGURE_OPTS" value="--enable-unicode=ucs4 --with-wide-unicode --enable-shared --enable-ipv6 --enable-loadable-sqlite-extensions --with-computed-gotos" />
    <property name="ant.core.lib" value="/home/travis/build/icyphy/ptII/ant/lib/ant.jar" />
    <property name="java.vm.specification.vendor" value="Oracle Corporation" />
    <property name="env.BCVTB_HOME" value="/home/travis/build/icyphy/ptII/lbnl" />
    <property name="file.separator" value="/" />
    <property name="spotbugs.home" value="/home/travis/build/icyphy/ptII/vendors/spotbugs-3.1.1" />
    <property name="java.runtime.version" value="11.0.2+9" />
    <property name="env.ANSI_CLEAR" value="\033[0K" />
    <property name="javafx.verbose" value="true" />
    <property name="env.HAS_JOSH_K_SEAL_OF_APPROVAL" value="true" />
    <property name="env.XDG_RUNTIME_DIR" value="/run/user/2000" />
    <property name="env.TRAVIS_OSX_IMAGE" value="" />
    <property name="env.TRAVIS_JOB_ID" value="641229098" />
    <property name="env.TRAVIS_BRANCH" value="master" />
    <property name="user.country" value="US" />
    <property name="env.CERTI_HOME_TRAVIS" value="/home/travis/pthla/certi-tools" />
    <property name="env.SHELL" value="/bin/bash" />
    <property name="java.maxmemory.large" value="3200m" />
    <property name="model" value="" />
    <property name="env.CASHER_DIR" value="/home/travis/.casher" />
    <property name="env.NVM_CD_FLAGS" value="" />
    <property name="java.vendor.version" value="18.9" />
    <property name="jshint.executable" value="/home/travis/node_modules/jshint/bin/jshint" />
    <property name="env.JRUBY_OPTS" value=" --client -J-XX:+TieredCompilation -J-XX:TieredStopAtLevel=1 -J-Xss2m -Xcompile.invokedynamic=false" />
    <property name="java.vendor" value="Oracle Corporation" />
    <property name="env.TRAVIS_PRE_CHEF_BOOTSTRAP_TIME" value="2019-03-25T16:16:42" />
    <property name="env.TRAVIS_STACK_JOB_BOARD_REGISTER" value="/.job-board-register.yml" />
    <property name="env.ANSI_RED" value="\033[31;1m" />
    <property name="java.specification.version" value="11" />
    <property name="env.IRBRC" value="/home/travis/.rvm/rubies/ruby-2.5.3/.irbrc" />
    <property name="env.TRAVIS" value="true" />
    <property name="sun.arch.data.model" value="64" />
  </properties>
  <testcase classname="ptolemy.util.test.junit.TclTests" name="[0] /home/travis/build/icyphy/ptII/ptolemy/actor/lib/test/AbsoluteValue.tcl (RunTclFile)" time="0.515" />
  <testcase classname="ptolemy.util.test.junit.TclTests" name="[1] /home/travis/build/icyphy/ptII/ptolemy/actor/lib/test/AddSubtract.tcl (RunTclFile)" time="0.099" />
  <testcase classname="ptolemy.util.test.junit.TclTests" name="[2] /home/travis/build/icyphy/ptII/ptolemy/actor/lib/test/Average.tcl (RunTclFile)" time="0.03" />
  <testcase classname="ptolemy.util.test.junit.TclTests" name="[3] /home/travis/build/icyphy/ptII/ptolemy/actor/lib/test/Bernoulli.tcl (RunTclFile)" time="0.017" />
  <testcase classname="ptolemy.util.test.junit.TclTests" name="[4] /home/travis/build/icyphy/ptII/ptolemy/actor/lib/test/Clock.tcl (RunTclFile)" time="0.058" />
  <testcase classname="ptolemy.util.test.junit.TclTests" name="[5] /home/travis/build/icyphy/ptII/ptolemy/actor/lib/test/Commutator.tcl (RunTclFile)" time="0.142" />
  <testcase classname="ptolemy.util.test.junit.TclTests" name="[6] /home/travis/build/icyphy/ptII/ptolemy/actor/lib/test/Const.tcl (RunTclFile)" time="0.116" />
  <testcase classname="ptolemy.util.test.junit.TclTests" name="[7] /home/travis/build/icyphy/ptII/ptolemy/actor/lib/test/CurrentTime.tcl (RunTclFile)" time="0.021" />
  <testcase classname="ptolemy.util.test.junit.TclTests" name="[8] /home/travis/build/icyphy/ptII/ptolemy/actor/lib/test/DB.tcl (RunTclFile)" time="0.021" />
  <testcase classname="ptolemy.util.test.junit.TclTests" name="[9] /home/travis/build/icyphy/ptII/ptolemy/actor/lib/test/DiscreteRandomSource.tcl (RunTclFile)" time="0.043" />
  <testcase classname="ptolemy.util.test.junit.TclTests" name="[10] /home/travis/build/icyphy/ptII/ptolemy/actor/lib/test/Distributor.tcl (RunTclFile)" time="0.095" />
  <testcase classname="ptolemy.util.test.junit.TclTests" name="[11] /home/travis/build/icyphy/ptII/ptolemy/actor/lib/test/Exit.tcl (RunTclFile)" time="0.09" />
  <testcase classname="ptolemy.util.test.junit.TclTests" name="[12] /home/travis/build/icyphy/ptII/ptolemy/actor/lib/test/Expression.tcl (RunTclFile)" time="0.127" />
  <testcase classname="ptolemy.util.test.junit.TclTests" name="[13] /home/travis/build/icyphy/ptII/ptolemy/actor/lib/test/Gaussian.tcl (RunTclFile)" time="0.346" />
  <testcase classname="ptolemy.util.test.junit.TclTests" name="[14] /home/travis/build/icyphy/ptII/ptolemy/actor/lib/test/IIR.tcl (RunTclFile)" time="0.046" />
  <testcase classname="ptolemy.util.test.junit.TclTests" name="[15] /home/travis/build/icyphy/ptII/ptolemy/actor/lib/test/Interpolator.tcl (RunTclFile)" time="0.103" />
  <testcase classname="ptolemy.util.test.junit.TclTests" name="[16] /home/travis/build/icyphy/ptII/ptolemy/actor/lib/test/MathFunction.tcl (RunTclFile)" time="0.089" />
  <testcase classname="ptolemy.util.test.junit.TclTests" name="[17] /home/travis/build/icyphy/ptII/ptolemy/actor/lib/test/Maximum.tcl (RunTclFile)" time="0.045" />
  <testcase classname="ptolemy.util.test.junit.TclTests" name="[18] /home/travis/build/icyphy/ptII/ptolemy/actor/lib/test/Minimum.tcl (RunTclFile)" time="0.037" />
  <testcase classname="ptolemy.util.test.junit.TclTests" name="[19] /home/travis/build/icyphy/ptII/ptolemy/actor/lib/test/MultiplyDivide.tcl (RunTclFile)" time="0.047" />
  <testcase classname="ptolemy.util.test.junit.TclTests" name="[20] /home/travis/build/icyphy/ptII/ptolemy/actor/lib/test/OrderedMerge.tcl (RunTclFile)" time="0.136" />
  <testcase classname="ptolemy.util.test.junit.TclTests" name="[21] /home/travis/build/icyphy/ptII/ptolemy/actor/lib/test/Publisher.tcl (RunTclFile)" time="0.86" />
  <testcase classname="ptolemy.util.test.junit.TclTests" name="[22] /home/travis/build/icyphy/ptII/ptolemy/actor/lib/test/Pulse.tcl (RunTclFile)" time="0.036" />
  <testcase classname="ptolemy.util.test.junit.TclTests" name="[23] /home/travis/build/icyphy/ptII/ptolemy/actor/lib/test/Ramp.tcl (RunTclFile)" time="2.205" />
  <testcase classname="ptolemy.util.test.junit.TclTests" name="[24] /home/travis/build/icyphy/ptII/ptolemy/actor/lib/test/RampContinuous.tcl (RunTclFile)" time="0.02" />
  <testcase classname="ptolemy.util.test.junit.TclTests" name="[25] /home/travis/build/icyphy/ptII/ptolemy/actor/lib/test/RecordAssembler.tcl (RunTclFile)" time="0.017" />
  <testcase classname="ptolemy.util.test.junit.TclTests" name="[26] /home/travis/build/icyphy/ptII/ptolemy/actor/lib/test/RecordDisassembler.tcl (RunTclFile)" time="0.034" />
  <testcase classname="ptolemy.util.test.junit.TclTests" name="[27] /home/travis/build/icyphy/ptII/ptolemy/actor/lib/test/Scale.tcl (RunTclFile)" time="0.023" />
  <testcase classname="ptolemy.util.test.junit.TclTests" name="[28] /home/travis/build/icyphy/ptII/ptolemy/actor/lib/test/SequentialClock.tcl (RunTclFile)" time="0.015" />
  <testcase classname="ptolemy.util.test.junit.TclTests" name="[29] /home/travis/build/icyphy/ptII/ptolemy/actor/lib/test/SetVariable.tcl (RunTclFile)" time="0.013" />
  <testcase classname="ptolemy.util.test.junit.TclTests" name="[30] /home/travis/build/icyphy/ptII/ptolemy/actor/lib/test/Sinewave.tcl (RunTclFile)" time="0.045" />
  <testcase classname="ptolemy.util.test.junit.TclTests" name="[31] /home/travis/build/icyphy/ptII/ptolemy/actor/lib/test/SubscriptionAggregator.tcl (RunTclFile)" time="2.124" />
  <testcase classname="ptolemy.util.test.junit.TclTests" name="[32] /home/travis/build/icyphy/ptII/ptolemy/actor/lib/test/Test.tcl (RunTclFile)" time="0.097" />
  <testcase classname="ptolemy.util.test.junit.TclTests" name="[33] /home/travis/build/icyphy/ptII/ptolemy/actor/lib/test/TestExceptionHandler.tcl (RunTclFile)" time="0.012" />
  <testcase classname="ptolemy.util.test.junit.TclTests" name="[34] /home/travis/build/icyphy/ptII/ptolemy/actor/lib/test/UnionDisassembler.tcl (RunTclFile)" time="0.05" />
  <testcase classname="ptolemy.util.test.junit.TclTests" name="[35] /home/travis/build/icyphy/ptII/ptolemy/actor/lib/test/VariableClock.tcl (RunTclFile)" time="0.018" />
  <testcase classname="ptolemy.util.test.junit.AutoKnownFailedTests" name="[0] /home/travis/build/icyphy/ptII/ptolemy/actor/lib/test/auto/knownFailedTests/PublisherPortToplevelSubscriber.xml (RunModel)" time="0.029" />
  <testcase classname="ptolemy.util.test.junit.AutoKnownFailedTests" name="[1] /home/travis/build/icyphy/ptII/ptolemy/actor/lib/test/auto/knownFailedTests/PublisherSubscriberPortToplevel.xml (RunModel)" time="0.02" />
  <testcase classname="ptolemy.util.test.junit.AutoKnownFailedTests" name="[2] /home/travis/build/icyphy/ptII/ptolemy/actor/lib/test/auto/knownFailedTests/PublisherSubscriptionAggregatorPort.xml (RunModel)" time="0.017" />
  <testcase classname="ptolemy.util.test.junit.AutoKnownFailedTests" name="[3] /home/travis/build/icyphy/ptII/ptolemy/actor/lib/test/auto/knownFailedTests/sizedarray3.xml (RunModel)" time="0.03" />
  <testcase classname="ptolemy.util.test.junit.AutoNameArchTests" name="[0] ThereAreNoAutoArchTests (RunModel)" time="0.001" />
  <testcase classname="ptolemy.util.test.junit.AutoTests" name="[0] /home/travis/build/icyphy/ptII/ptolemy/actor/lib/test/auto/AbsoluteValue.xml (RunModel)" time="0.107" />
  <testcase classname="ptolemy.util.test.junit.AutoTests" name="[1] /home/travis/build/icyphy/ptII/ptolemy/actor/lib/test/auto/AbsoluteValue2.xml (RunModel)" time="0.04" />
  <testcase classname="ptolemy.util.test.junit.AutoTests" name="[2] /home/travis/build/icyphy/ptII/ptolemy/actor/lib/test/auto/Accumulator.xml (RunModel)" time="0.048" />
  <testcase classname="ptolemy.util.test.junit.AutoTests" name="[3] /home/travis/build/icyphy/ptII/ptolemy/actor/lib/test/auto/Accumulator2.xml (RunModel)" time="0.062" />
  <testcase classname="ptolemy.util.test.junit.AutoTests" name="[4] /home/travis/build/icyphy/ptII/ptolemy/actor/lib/test/auto/Accumulator3.xml (RunModel)" time="0.041" />
  <testcase classname="ptolemy.util.test.junit.AutoTests" name="[5] /home/travis/build/icyphy/ptII/ptolemy/actor/lib/test/auto/ArrayAppend.xml (RunModel)" time="0.047" />
  <testcase classname="ptolemy.util.test.junit.AutoTests" name="[6] /home/travis/build/icyphy/ptII/ptolemy/actor/lib/test/auto/ArrayAppend2.xml (RunModel)" time="0.395" />
  <testcase classname="ptolemy.util.test.junit.AutoTests" name="[7] /home/travis/build/icyphy/ptII/ptolemy/actor/lib/test/auto/ArrayAppend3.xml (RunModel)" time="0.022" />
  <testcase classname="ptolemy.util.test.junit.AutoTests" name="[8] /home/travis/build/icyphy/ptII/ptolemy/actor/lib/test/auto/ArrayAppend4.xml (RunModel)" time="0.019" />
  <testcase classname="ptolemy.util.test.junit.AutoTests" name="[9] /home/travis/build/icyphy/ptII/ptolemy/actor/lib/test/auto/ArrayAppend5.xml (RunModel)" time="0.016" />
  <testcase classname="ptolemy.util.test.junit.AutoTests" name="[10] /home/travis/build/icyphy/ptII/ptolemy/actor/lib/test/auto/ArrayAppend6.xml (RunModel)" time="0.025" />
  <testcase classname="ptolemy.util.test.junit.AutoTests" name="[11] /home/travis/build/icyphy/ptII/ptolemy/actor/lib/test/auto/ArrayAppendPerformanceTest.xml (RunModel)" time="0.047" />
  <testcase classname="ptolemy.util.test.junit.AutoTests" name="[12] /home/travis/build/icyphy/ptII/ptolemy/actor/lib/test/auto/ArrayAppendWithEmptyInput.xml (RunModel)" time="0.038" />
  <testcase classname="ptolemy.util.test.junit.AutoTests" name="[13] /home/travis/build/icyphy/ptII/ptolemy/actor/lib/test/auto/ArrayAverage.xml (RunModel)" time="0.042" />
  <testcase classname="ptolemy.util.test.junit.AutoTests" name="[14] /home/travis/build/icyphy/ptII/ptolemy/actor/lib/test/auto/ArrayContains.xml (RunModel)" time="0.025" />
  <testcase classname="ptolemy.util.test.junit.AutoTests" name="[15] /home/travis/build/icyphy/ptII/ptolemy/actor/lib/test/auto/ArrayElement.xml (RunModel)" time="0.022" />
  <testcase classname="ptolemy.util.test.junit.AutoTests" name="[16] /home/travis/build/icyphy/ptII/ptolemy/actor/lib/test/auto/ArrayElementAsMatrix.xml (RunModel)" time="0.07" />
  <testcase classname="ptolemy.util.test.junit.AutoTests" name="[17] /home/travis/build/icyphy/ptII/ptolemy/actor/lib/test/auto/ArrayElementI.xml (RunModel)" time="0.025" />
  <testcase classname="ptolemy.util.test.junit.AutoTests" name="[18] /home/travis/build/icyphy/ptII/ptolemy/actor/lib/test/auto/ArrayExtract.xml (RunModel)" time="0.082" />
  <testcase classname="ptolemy.util.test.junit.AutoTests" name="[19] /home/travis/build/icyphy/ptII/ptolemy/actor/lib/test/auto/ArrayExtract2.xml (RunModel)" time="0.018" />
  <testcase classname="ptolemy.util.test.junit.AutoTests" name="[20] /home/travis/build/icyphy/ptII/ptolemy/actor/lib/test/auto/ArrayLength.xml (RunModel)" time="0.017" />
  <testcase classname="ptolemy.util.test.junit.AutoTests" name="[21] /home/travis/build/icyphy/ptII/ptolemy/actor/lib/test/auto/ArrayLevelCrossing.xml (RunModel)" time="0.027" />
  <testcase classname="ptolemy.util.test.junit.AutoTests" name="[22] /home/travis/build/icyphy/ptII/ptolemy/actor/lib/test/auto/ArrayLevelCrossing2.xml (RunModel)" time="0.025" />
  <testcase classname="ptolemy.util.test.junit.AutoTests" name="[23] /home/travis/build/icyphy/ptII/ptolemy/actor/lib/test/auto/ArrayPeakSearch.xml (RunModel)" time="0.031" />
  <testcase classname="ptolemy.util.test.junit.AutoTests" name="[24] /home/travis/build/icyphy/ptII/ptolemy/actor/lib/test/auto/ArrayPeakSearch2.xml (RunModel)" time="0.032" />
  <testcase classname="ptolemy.util.test.junit.AutoTests" name="[25] /home/travis/build/icyphy/ptII/ptolemy/actor/lib/test/auto/ArrayPeakSearch3.xml (RunModel)" time="0.029" />
  <testcase classname="ptolemy.util.test.junit.AutoTests" name="[26] /home/travis/build/icyphy/ptII/ptolemy/actor/lib/test/auto/ArrayRemoveElement.xml (RunModel)" time="0.026" />
  <testcase classname="ptolemy.util.test.junit.AutoTests" name="[27] /home/travis/build/icyphy/ptII/ptolemy/actor/lib/test/auto/ArraySort.xml (RunModel)" time="0.03" />
  <testcase classname="ptolemy.util.test.junit.AutoTests" name="[28] /home/travis/build/icyphy/ptII/ptolemy/actor/lib/test/auto/ArraySum.xml (RunModel)" time="0.018" />
  <testcase classname="ptolemy.util.test.junit.AutoTests" name="[29] /home/travis/build/icyphy/ptII/ptolemy/actor/lib/test/auto/ArrayToElements.xml (RunModel)" time="0.019" />
  <testcase classname="ptolemy.util.test.junit.AutoTests" name="[30] /home/travis/build/icyphy/ptII/ptolemy/actor/lib/test/auto/ArrayToMatrix.xml (RunModel)" time="0.055" />
  <testcase classname="ptolemy.util.test.junit.AutoTests" name="[31] /home/travis/build/icyphy/ptII/ptolemy/actor/lib/test/auto/ArrayUpdate1.xml (RunModel)" time="0.017" />
  <testcase classname="ptolemy.util.test.junit.AutoTests" name="[32] /home/travis/build/icyphy/ptII/ptolemy/actor/lib/test/auto/ArrayUpdate2.xml (RunModel)" time="0.015" />
  <testcase classname="ptolemy.util.test.junit.AutoTests" name="[33] /home/travis/build/icyphy/ptII/ptolemy/actor/lib/test/auto/ArrayUpdate3.xml (RunModel)" time="0.013" />
  <testcase classname="ptolemy.util.test.junit.AutoTests" name="[34] /home/travis/build/icyphy/ptII/ptolemy/actor/lib/test/auto/Assert1.xml (RunModel)" time="0.019" />
  <testcase classname="ptolemy.util.test.junit.AutoTests" name="[35] /home/travis/build/icyphy/ptII/ptolemy/actor/lib/test/auto/Assert2.xml (RunModel)" time="0.027" />
  <testcase classname="ptolemy.util.test.junit.AutoTests" name="[36] /home/travis/build/icyphy/ptII/ptolemy/actor/lib/test/auto/BooleanMultiplexor.xml (RunModel)" time="0.016" />
  <testcase classname="ptolemy.util.test.junit.AutoTests" name="[37] /home/travis/build/icyphy/ptII/ptolemy/actor/lib/test/auto/BooleanMultiplexor2.xml (RunModel)" time="0.029" />
  <testcase classname="ptolemy.util.test.junit.AutoTests" name="[38] /home/travis/build/icyphy/ptII/ptolemy/actor/lib/test/auto/BooleanMultiplexor3.xml (RunModel)" time="0.017" />
  <testcase classname="ptolemy.util.test.junit.AutoTests" name="[39] /home/travis/build/icyphy/ptII/ptolemy/actor/lib/test/auto/BooleanSelect.xml (RunModel)" time="0.025" />
  <testcase classname="ptolemy.util.test.junit.AutoTests" name="[40] /home/travis/build/icyphy/ptII/ptolemy/actor/lib/test/auto/BooleanSelect2.xml (RunModel)" time="0.015" />
  <testcase classname="ptolemy.util.test.junit.AutoTests" name="[41] /home/travis/build/icyphy/ptII/ptolemy/actor/lib/test/auto/BooleanSwitch.xml (RunModel)" time="0.029" />
  <testcase classname="ptolemy.util.test.junit.AutoTests" name="[42] /home/travis/build/icyphy/ptII/ptolemy/actor/lib/test/auto/BooleanSwitch2.xml (RunModel)" time="0.022" />
  <testcase classname="ptolemy.util.test.junit.AutoTests" name="[43] /home/travis/build/icyphy/ptII/ptolemy/actor/lib/test/auto/BooleanSwitchCloningBugWithClassRelationGroup.xml (RunModel)" time="0.073" />
  <testcase classname="ptolemy.util.test.junit.AutoTests" name="[44] /home/travis/build/icyphy/ptII/ptolemy/actor/lib/test/auto/BusActors.xml (RunModel)" time="0.033" />
  <testcase classname="ptolemy.util.test.junit.AutoTests" name="[45] /home/travis/build/icyphy/ptII/ptolemy/actor/lib/test/auto/ClassWrapper.xml (RunModel)" time="0.012" />
  <testcase classname="ptolemy.util.test.junit.AutoTests" name="[46] /home/travis/build/icyphy/ptII/ptolemy/actor/lib/test/auto/Clock.xml (RunModel)" time="0.008" />
  <testcase classname="ptolemy.util.test.junit.AutoTests" name="[47] /home/travis/build/icyphy/ptII/ptolemy/actor/lib/test/auto/Clock10.xml (RunModel)" time="0.017" />
  <testcase classname="ptolemy.util.test.junit.AutoTests" name="[48] /home/travis/build/icyphy/ptII/ptolemy/actor/lib/test/auto/Clock11.xml (RunModel)" time="0.025" />
  <testcase classname="ptolemy.util.test.junit.AutoTests" name="[49] /home/travis/build/icyphy/ptII/ptolemy/actor/lib/test/auto/Clock12.xml (RunModel)" time="0.023" />
  <testcase classname="ptolemy.util.test.junit.AutoTests" name="[50] /home/travis/build/icyphy/ptII/ptolemy/actor/lib/test/auto/Clock13.xml (RunModel)" time="0.016" />
  <testcase classname="ptolemy.util.test.junit.AutoTests" name="[51] /home/travis/build/icyphy/ptII/ptolemy/actor/lib/test/auto/Clock14.xml (RunModel)" time="0.016" />
  <testcase classname="ptolemy.util.test.junit.AutoTests" name="[52] /home/travis/build/icyphy/ptII/ptolemy/actor/lib/test/auto/Clock15.xml (RunModel)" time="0.015" />
  <testcase classname="ptolemy.util.test.junit.AutoTests" name="[53] /home/travis/build/icyphy/ptII/ptolemy/actor/lib/test/auto/Clock16.xml (RunModel)" time="0.097" />
  <testcase classname="ptolemy.util.test.junit.AutoTests" name="[54] /home/travis/build/icyphy/ptII/ptolemy/actor/lib/test/auto/Clock17.xml (RunModel)" time="0.069" />
  <testcase classname="ptolemy.util.test.junit.AutoTests" name="[55] /home/travis/build/icyphy/ptII/ptolemy/actor/lib/test/auto/Clock18.xml (RunModel)" time="0.051" />
  <testcase classname="ptolemy.util.test.junit.AutoTests" name="[56] /home/travis/build/icyphy/ptII/ptolemy/actor/lib/test/auto/Clock19.xml (RunModel)" time="0.038" />
  <testcase classname="ptolemy.util.test.junit.AutoTests" name="[57] /home/travis/build/icyphy/ptII/ptolemy/actor/lib/test/auto/Clock2.xml (RunModel)" time="0.015" />
  <testcase classname="ptolemy.util.test.junit.AutoTests" name="[58] /home/travis/build/icyphy/ptII/ptolemy/actor/lib/test/auto/Clock20.xml (RunModel)" time="0.019" />
  <testcase classname="ptolemy.util.test.junit.AutoTests" name="[59] /home/travis/build/icyphy/ptII/ptolemy/actor/lib/test/auto/Clock21.xml (RunModel)" time="0.017" />
  <testcase classname="ptolemy.util.test.junit.AutoTests" name="[60] /home/travis/build/icyphy/ptII/ptolemy/actor/lib/test/auto/Clock22.xml (RunModel)" time="0.012" />
  <testcase classname="ptolemy.util.test.junit.AutoTests" name="[61] /home/travis/build/icyphy/ptII/ptolemy/actor/lib/test/auto/Clock23.xml (RunModel)" time="0.017" />
  <testcase classname="ptolemy.util.test.junit.AutoTests" name="[62] /home/travis/build/icyphy/ptII/ptolemy/actor/lib/test/auto/Clock24.xml (RunModel)" time="0.011" />
  <testcase classname="ptolemy.util.test.junit.AutoTests" name="[63] /home/travis/build/icyphy/ptII/ptolemy/actor/lib/test/auto/Clock4.xml (RunModel)" time="0.013" />
  <testcase classname="ptolemy.util.test.junit.AutoTests" name="[64] /home/travis/build/icyphy/ptII/ptolemy/actor/lib/test/auto/Clock5.xml (RunModel)" time="0.02" />
  <testcase classname="ptolemy.util.test.junit.AutoTests" name="[65] /home/travis/build/icyphy/ptII/ptolemy/actor/lib/test/auto/Clock6.xml (RunModel)" time="0.008" />
  <testcase classname="ptolemy.util.test.junit.AutoTests" name="[66] /home/travis/build/icyphy/ptII/ptolemy/actor/lib/test/auto/Clock7.xml (RunModel)" time="0.039" />
  <testcase classname="ptolemy.util.test.junit.AutoTests" name="[67] /home/travis/build/icyphy/ptII/ptolemy/actor/lib/test/auto/Clock8.xml (RunModel)" time="0.014" />
  <testcase classname="ptolemy.util.test.junit.AutoTests" name="[68] /home/travis/build/icyphy/ptII/ptolemy/actor/lib/test/auto/Clock9.xml (RunModel)" time="0.02" />
  <testcase classname="ptolemy.util.test.junit.AutoTests" name="[69] /home/travis/build/icyphy/ptII/ptolemy/actor/lib/test/auto/CommDistDiscard.xml (RunModel)" time="0.021" />
  <testcase classname="ptolemy.util.test.junit.AutoTests" name="[70] /home/travis/build/icyphy/ptII/ptolemy/actor/lib/test/auto/Commutator.xml (RunModel)" time="0.016" />
  <testcase classname="ptolemy.util.test.junit.AutoTests" name="[71] /home/travis/build/icyphy/ptII/ptolemy/actor/lib/test/auto/Commutator2.xml (RunModel)" time="0.011" />
  <testcase classname="ptolemy.util.test.junit.AutoTests" name="[72] /home/travis/build/icyphy/ptII/ptolemy/actor/lib/test/auto/Commutator3.xml (RunModel)" time="0.013" />
  <testcase classname="ptolemy.util.test.junit.AutoTests" name="[73] /home/travis/build/icyphy/ptII/ptolemy/actor/lib/test/auto/Compare.xml (RunModel)" time="0.021" />
  <testcase classname="ptolemy.util.test.junit.AutoTests" name="[74] /home/travis/build/icyphy/ptII/ptolemy/actor/lib/test/auto/CompareDE.xml (RunModel)" time="0.024" />
  <testcase classname="ptolemy.util.test.junit.AutoTests" name="[75] /home/travis/build/icyphy/ptII/ptolemy/actor/lib/test/auto/ComplexDivide.xml (RunModel)" time="0.011" />
  <testcase classname="ptolemy.util.test.junit.AutoTests" name="[76] /home/travis/build/icyphy/ptII/ptolemy/actor/lib/test/auto/ComputeHistogram.xml (RunModel)" time="0.084" />
  <testcase classname="ptolemy.util.test.junit.AutoTests" name="[77] /home/travis/build/icyphy/ptII/ptolemy/actor/lib/test/auto/ConfigurationSelect.xml (RunModel)" time="0.026" />
  <testcase classname="ptolemy.util.test.junit.AutoTests" name="[78] /home/travis/build/icyphy/ptII/ptolemy/actor/lib/test/auto/ConfigurationSelect2.xml (RunModel)" time="0.019" />
  <testcase classname="ptolemy.util.test.junit.AutoTests" name="[79] /home/travis/build/icyphy/ptII/ptolemy/actor/lib/test/auto/ConfigurationSwitch.xml (RunModel)" time="0.026" />
  <testcase classname="ptolemy.util.test.junit.AutoTests" name="[80] /home/travis/build/icyphy/ptII/ptolemy/actor/lib/test/auto/ConfigurationSwitch2.xml (RunModel)" time="0.028" />
  <testcase classname="ptolemy.util.test.junit.AutoTests" name="[81] /home/travis/build/icyphy/ptII/ptolemy/actor/lib/test/auto/ConfigurationSwitchCloningBugWithClassRelationGroup.xml (RunModel)" time="0.022" />
  <testcase classname="ptolemy.util.test.junit.AutoTests" name="[82] /home/travis/build/icyphy/ptII/ptolemy/actor/lib/test/auto/ConfigurationSwitchSelectSDF.xml (RunModel)" time="0.022" />
  <testcase classname="ptolemy.util.test.junit.AutoTests" name="[83] /home/travis/build/icyphy/ptII/ptolemy/actor/lib/test/auto/ConfigurationSwitchSelectSDF2.xml (RunModel)" time="0.019" />
  <testcase classname="ptolemy.util.test.junit.AutoTests" name="[84] /home/travis/build/icyphy/ptII/ptolemy/actor/lib/test/auto/Const.xml (RunModel)" time="0.008" />
  <testcase classname="ptolemy.util.test.junit.AutoTests" name="[85] /home/travis/build/icyphy/ptII/ptolemy/actor/lib/test/auto/Const2.xml (RunModel)" time="0.012" />
  <testcase classname="ptolemy.util.test.junit.AutoTests" name="[86] /home/travis/build/icyphy/ptII/ptolemy/actor/lib/test/auto/Const3.xml (RunModel)" time="0.012" />
  <testcase classname="ptolemy.util.test.junit.AutoTests" name="[87] /home/travis/build/icyphy/ptII/ptolemy/actor/lib/test/auto/ConstantPublisherPort1.xml (RunModel)" time="0.03" />
  <testcase classname="ptolemy.util.test.junit.AutoTests" name="[88] /home/travis/build/icyphy/ptII/ptolemy/actor/lib/test/auto/ConstantPublisherPort2.xml (RunModel)" time="0.027" />
  <testcase classname="ptolemy.util.test.junit.AutoTests" name="[89] /home/travis/build/icyphy/ptII/ptolemy/actor/lib/test/auto/ConstantPublisherPort3.xml (RunModel)" time="0.033" />
  <testcase classname="ptolemy.util.test.junit.AutoTests" name="[90] /home/travis/build/icyphy/ptII/ptolemy/actor/lib/test/auto/ConstantPublisherPort4.xml (RunModel)" time="0.021" />
  <testcase classname="ptolemy.util.test.junit.AutoTests" name="[91] /home/travis/build/icyphy/ptII/ptolemy/actor/lib/test/auto/ConstantPublisherPort5.xml (RunModel)" time="0.048" />
  <testcase classname="ptolemy.util.test.junit.AutoTests" name="[92] /home/travis/build/icyphy/ptII/ptolemy/actor/lib/test/auto/ConstantPublisherPort6.xml (RunModel)" time="0.033" />
  <testcase classname="ptolemy.util.test.junit.AutoTests" name="[93] /home/travis/build/icyphy/ptII/ptolemy/actor/lib/test/auto/ConstantPublisherPort7.xml (RunModel)" time="0.034" />
  <testcase classname="ptolemy.util.test.junit.AutoTests" name="[94] /home/travis/build/icyphy/ptII/ptolemy/actor/lib/test/auto/ConstraintMonitor1.xml (RunModel)" time="0.045" />
  <testcase classname="ptolemy.util.test.junit.AutoTests" name="[95] /home/travis/build/icyphy/ptII/ptolemy/actor/lib/test/auto/ConstraintMonitor2.xml (RunModel)" time="0.018" />
  <testcase classname="ptolemy.util.test.junit.AutoTests" name="[96] /home/travis/build/icyphy/ptII/ptolemy/actor/lib/test/auto/ConstraintMonitor3.xml (RunModel)" time="0.017" />
  <testcase classname="ptolemy.util.test.junit.AutoTests" name="[97] /home/travis/build/icyphy/ptII/ptolemy/actor/lib/test/auto/ConstraintMonitor4.xml (RunModel)" time="0.015" />
  <testcase classname="ptolemy.util.test.junit.AutoTests" name="[98] /home/travis/build/icyphy/ptII/ptolemy/actor/lib/test/auto/ConstraintMonitor5.xml (RunModel)" time="0.015" />
  <testcase classname="ptolemy.util.test.junit.AutoTests" name="[99] /home/travis/build/icyphy/ptII/ptolemy/actor/lib/test/auto/ConstraintMonitor6.xml (RunModel)" time="0.017" />
  <testcase classname="ptolemy.util.test.junit.AutoTests" name="[100] /home/travis/build/icyphy/ptII/ptolemy/actor/lib/test/auto/ConstraintMonitor7.xml (RunModel)" time="0.018" />
  <testcase classname="ptolemy.util.test.junit.AutoTests" name="[101] /home/travis/build/icyphy/ptII/ptolemy/actor/lib/test/auto/ConstraintMonitor8.xml (RunModel)" time="0.015" />
  <testcase classname="ptolemy.util.test.junit.AutoTests" name="[102] /home/travis/build/icyphy/ptII/ptolemy/actor/lib/test/auto/Counter.xml (RunModel)" time="0.01" />
  <testcase classname="ptolemy.util.test.junit.AutoTests" name="[103] /home/travis/build/icyphy/ptII/ptolemy/actor/lib/test/auto/CurrentTimeSDF.xml (RunModel)" time="0.011" />
  <testcase classname="ptolemy.util.test.junit.AutoTests" name="[104] /home/travis/build/icyphy/ptII/ptolemy/actor/lib/test/auto/DB.xml (RunModel)" time="0.011" />
  <testcase classname="ptolemy.util.test.junit.AutoTests" name="[105] /home/travis/build/icyphy/ptII/ptolemy/actor/lib/test/auto/DBDE.xml (RunModel)" time="0.013" />
  <testcase classname="ptolemy.util.test.junit.AutoTests" name="[106] /home/travis/build/icyphy/ptII/ptolemy/actor/lib/test/auto/DateConstructor.xml (RunModel)" time="0.105" />
  <testcase classname="ptolemy.util.test.junit.AutoTests" name="[107] /home/travis/build/icyphy/ptII/ptolemy/actor/lib/test/auto/DelayTime.xml (RunModel)" time="0.015" />
  <testcase classname="ptolemy.util.test.junit.AutoTests" name="[108] /home/travis/build/icyphy/ptII/ptolemy/actor/lib/test/auto/Dictionary1.xml (RunModel)" time="0.019" />
  <testcase classname="ptolemy.util.test.junit.AutoTests" name="[109] /home/travis/build/icyphy/ptII/ptolemy/actor/lib/test/auto/Dictionary2.xml (RunModel)" time="0.018" />
  <testcase classname="ptolemy.util.test.junit.AutoTests" name="[110] /home/travis/build/icyphy/ptII/ptolemy/actor/lib/test/auto/Dictionary3.xml (RunModel)" time="0.013" />
  <testcase classname="ptolemy.util.test.junit.AutoTests" name="[111] /home/travis/build/icyphy/ptII/ptolemy/actor/lib/test/auto/Dictionary4.xml (RunModel)" time="0.019" />
  <testcase classname="ptolemy.util.test.junit.AutoTests" name="[112] /home/travis/build/icyphy/ptII/ptolemy/actor/lib/test/auto/Differential.xml (RunModel)" time="0.012" />
  <testcase classname="ptolemy.util.test.junit.AutoTests" name="[113] /home/travis/build/icyphy/ptII/ptolemy/actor/lib/test/auto/Director.xml (RunModel)" time="0.01" />
  <testcase classname="ptolemy.util.test.junit.AutoTests" name="[114] /home/travis/build/icyphy/ptII/ptolemy/actor/lib/test/auto/DiscreteClock.xml (RunModel)" time="0.008" />
  <testcase classname="ptolemy.util.test.junit.AutoTests" name="[115] /home/travis/build/icyphy/ptII/ptolemy/actor/lib/test/auto/DiscreteClock10.xml (RunModel)" time="0.014" />
  <testcase classname="ptolemy.util.test.junit.AutoTests" name="[116] /home/travis/build/icyphy/ptII/ptolemy/actor/lib/test/auto/DiscreteClock11.xml (RunModel)" time="0.012" />
  <testcase classname="ptolemy.util.test.junit.AutoTests" name="[117] /home/travis/build/icyphy/ptII/ptolemy/actor/lib/test/auto/DiscreteClock12.xml (RunModel)" time="0.015" />
  <testcase classname="ptolemy.util.test.junit.AutoTests" name="[118] /home/travis/build/icyphy/ptII/ptolemy/actor/lib/test/auto/DiscreteClock13.xml (RunModel)" time="0.013" />
  <testcase classname="ptolemy.util.test.junit.AutoTests" name="[119] /home/travis/build/icyphy/ptII/ptolemy/actor/lib/test/auto/DiscreteClock14.xml (RunModel)" time="0.012" />
  <testcase classname="ptolemy.util.test.junit.AutoTests" name="[120] /home/travis/build/icyphy/ptII/ptolemy/actor/lib/test/auto/DiscreteClock15.xml (RunModel)" time="0.016" />
  <testcase classname="ptolemy.util.test.junit.AutoTests" name="[121] /home/travis/build/icyphy/ptII/ptolemy/actor/lib/test/auto/DiscreteClock16.xml (RunModel)" time="0.045" />
  <testcase classname="ptolemy.util.test.junit.AutoTests" name="[122] /home/travis/build/icyphy/ptII/ptolemy/actor/lib/test/auto/DiscreteClock17.xml (RunModel)" time="0.035" />
  <testcase classname="ptolemy.util.test.junit.AutoTests" name="[123] /home/travis/build/icyphy/ptII/ptolemy/actor/lib/test/auto/DiscreteClock18.xml (RunModel)" time="0.042" />
  <testcase classname="ptolemy.util.test.junit.AutoTests" name="[124] /home/travis/build/icyphy/ptII/ptolemy/actor/lib/test/auto/DiscreteClock19.xml (RunModel)" time="0.048" />
  <testcase classname="ptolemy.util.test.junit.AutoTests" name="[125] /home/travis/build/icyphy/ptII/ptolemy/actor/lib/test/auto/DiscreteClock2.xml (RunModel)" time="0.01" />
  <testcase classname="ptolemy.util.test.junit.AutoTests" name="[126] /home/travis/build/icyphy/ptII/ptolemy/actor/lib/test/auto/DiscreteClock20.xml (RunModel)" time="0.02" />
  <testcase classname="ptolemy.util.test.junit.AutoTests" name="[127] /home/travis/build/icyphy/ptII/ptolemy/actor/lib/test/auto/DiscreteClock21.xml (RunModel)" time="0.018" />
  <testcase classname="ptolemy.util.test.junit.AutoTests" name="[128] /home/travis/build/icyphy/ptII/ptolemy/actor/lib/test/auto/DiscreteClock22.xml (RunModel)" time="0.016" />
  <testcase classname="ptolemy.util.test.junit.AutoTests" name="[129] /home/travis/build/icyphy/ptII/ptolemy/actor/lib/test/auto/DiscreteClock23.xml (RunModel)" time="0.021" />
  <testcase classname="ptolemy.util.test.junit.AutoTests" name="[130] /home/travis/build/icyphy/ptII/ptolemy/actor/lib/test/auto/DiscreteClock24.xml (RunModel)" time="0.015" />
  <testcase classname="ptolemy.util.test.junit.AutoTests" name="[131] /home/travis/build/icyphy/ptII/ptolemy/actor/lib/test/auto/DiscreteClock4.xml (RunModel)" time="0.012" />
  <testcase classname="ptolemy.util.test.junit.AutoTests" name="[132] /home/travis/build/icyphy/ptII/ptolemy/actor/lib/test/auto/DiscreteClock5.xml (RunModel)" time="0.01" />
  <testcase classname="ptolemy.util.test.junit.AutoTests" name="[133] /home/travis/build/icyphy/ptII/ptolemy/actor/lib/test/auto/DiscreteClock6.xml (RunModel)" time="0.011" />
  <testcase classname="ptolemy.util.test.junit.AutoTests" name="[134] /home/travis/build/icyphy/ptII/ptolemy/actor/lib/test/auto/DiscreteClock7.xml (RunModel)" time="0.01" />
  <testcase classname="ptolemy.util.test.junit.AutoTests" name="[135] /home/travis/build/icyphy/ptII/ptolemy/actor/lib/test/auto/DiscreteClock8.xml (RunModel)" time="0.026" />
  <testcase classname="ptolemy.util.test.junit.AutoTests" name="[136] /home/travis/build/icyphy/ptII/ptolemy/actor/lib/test/auto/DiscreteClock9.xml (RunModel)" time="0.013" />
  <testcase classname="ptolemy.util.test.junit.AutoTests" name="[137] /home/travis/build/icyphy/ptII/ptolemy/actor/lib/test/auto/DisplayArray.xml (RunModel)" time="0.008" />
  <testcase classname="ptolemy.util.test.junit.AutoTests" name="[138] /home/travis/build/icyphy/ptII/ptolemy/actor/lib/test/auto/Distributor.xml (RunModel)" time="0.01" />
  <testcase classname="ptolemy.util.test.junit.AutoTests" name="[139] /home/travis/build/icyphy/ptII/ptolemy/actor/lib/test/auto/Distributor2.xml (RunModel)" time="0.012" />
  <testcase classname="ptolemy.util.test.junit.AutoTests" name="[140] /home/travis/build/icyphy/ptII/ptolemy/actor/lib/test/auto/DownSample.xml (RunModel)" time="0.013" />
  <testcase classname="ptolemy.util.test.junit.AutoTests" name="[141] /home/travis/build/icyphy/ptII/ptolemy/actor/lib/test/auto/ElectronicUnitBase1.xml (RunModel)" time="0.067" />
  <testcase classname="ptolemy.util.test.junit.AutoTests" name="[142] /home/travis/build/icyphy/ptII/ptolemy/actor/lib/test/auto/ElementsToArray.xml (RunModel)" time="0.011" />
  <testcase classname="ptolemy.util.test.junit.AutoTests" name="[143] /home/travis/build/icyphy/ptII/ptolemy/actor/lib/test/auto/Equals.xml (RunModel)" time="0.015" />
  <testcase classname="ptolemy.util.test.junit.AutoTests" name="[144] /home/travis/build/icyphy/ptII/ptolemy/actor/lib/test/auto/Exec.xml (RunModel)" time="0.026" />
  <testcase classname="ptolemy.util.test.junit.AutoTests" name="[145] /home/travis/build/icyphy/ptII/ptolemy/actor/lib/test/auto/ExecEnvironment.xml (RunModel)" time="0.036" />
  <testcase classname="ptolemy.util.test.junit.AutoTests" name="[146] /home/travis/build/icyphy/ptII/ptolemy/actor/lib/test/auto/ExecNonZeroReturnOutput.xml (RunModel)" time="0.202" />
  <testcase classname="ptolemy.util.test.junit.AutoTests" name="[147] /home/travis/build/icyphy/ptII/ptolemy/actor/lib/test/auto/ExecRunDemos.xml (RunModel)" time="10.377" />
  <testcase classname="ptolemy.util.test.junit.AutoTests" name="[148] /home/travis/build/icyphy/ptII/ptolemy/actor/lib/test/auto/ExecStop.xml (RunModel)" time="5.032" />
  <testcase classname="ptolemy.util.test.junit.AutoTests" name="[149] /home/travis/build/icyphy/ptII/ptolemy/actor/lib/test/auto/ExecutionTimeSDF.xml (RunModel)" time="6.03" />
  <testcase classname="ptolemy.util.test.junit.AutoTests" name="[150] /home/travis/build/icyphy/ptII/ptolemy/actor/lib/test/auto/Expression1.xml (RunModel)" time="0.008" />
  <testcase classname="ptolemy.util.test.junit.AutoTests" name="[151] /home/travis/build/icyphy/ptII/ptolemy/actor/lib/test/auto/Expression10.xml (RunModel)" time="0.02" />
  <testcase classname="ptolemy.util.test.junit.AutoTests" name="[152] /home/travis/build/icyphy/ptII/ptolemy/actor/lib/test/auto/Expression11.xml (RunModel)" time="0.015" />
  <testcase classname="ptolemy.util.test.junit.AutoTests" name="[153] /home/travis/build/icyphy/ptII/ptolemy/actor/lib/test/auto/Expression12.xml (RunModel)" time="0.016" />
  <testcase classname="ptolemy.util.test.junit.AutoTests" name="[154] /home/travis/build/icyphy/ptII/ptolemy/actor/lib/test/auto/Expression13.xml (RunModel)" time="0.012" />
  <testcase classname="ptolemy.util.test.junit.AutoTests" name="[155] /home/travis/build/icyphy/ptII/ptolemy/actor/lib/test/auto/Expression14.xml (RunModel)" time="0.02" />
  <testcase classname="ptolemy.util.test.junit.AutoTests" name="[156] /home/travis/build/icyphy/ptII/ptolemy/actor/lib/test/auto/Expression15.xml (RunModel)" time="0.012" />
  <testcase classname="ptolemy.util.test.junit.AutoTests" name="[157] /home/travis/build/icyphy/ptII/ptolemy/actor/lib/test/auto/Expression16.xml (RunModel)" time="0.012" />
  <testcase classname="ptolemy.util.test.junit.AutoTests" name="[158] /home/travis/build/icyphy/ptII/ptolemy/actor/lib/test/auto/Expression17.xml (RunModel)" time="0.012" />
  <testcase classname="ptolemy.util.test.junit.AutoTests" name="[159] /home/travis/build/icyphy/ptII/ptolemy/actor/lib/test/auto/Expression18.xml (RunModel)" time="0.013" />
  <testcase classname="ptolemy.util.test.junit.AutoTests" name="[160] /home/travis/build/icyphy/ptII/ptolemy/actor/lib/test/auto/Expression2.xml (RunModel)" time="0.014" />
  <testcase classname="ptolemy.util.test.junit.AutoTests" name="[161] /home/travis/build/icyphy/ptII/ptolemy/actor/lib/test/auto/Expression3.xml (RunModel)" time="0.014" />
  <testcase classname="ptolemy.util.test.junit.AutoTests" name="[162] /home/travis/build/icyphy/ptII/ptolemy/actor/lib/test/auto/Expression4.xml (RunModel)" time="0.022" />
  <testcase classname="ptolemy.util.test.junit.AutoTests" name="[163] /home/travis/build/icyphy/ptII/ptolemy/actor/lib/test/auto/Expression5.xml (RunModel)" time="0.016" />
  <testcase classname="ptolemy.util.test.junit.AutoTests" name="[164] /home/travis/build/icyphy/ptII/ptolemy/actor/lib/test/auto/Expression6.xml (RunModel)" time="0.01" />
  <testcase classname="ptolemy.util.test.junit.AutoTests" name="[165] /home/travis/build/icyphy/ptII/ptolemy/actor/lib/test/auto/Expression7.xml (RunModel)" time="0.012" />
  <testcase classname="ptolemy.util.test.junit.AutoTests" name="[166] /home/travis/build/icyphy/ptII/ptolemy/actor/lib/test/auto/Expression8.xml (RunModel)" time="0.016" />
  <testcase classname="ptolemy.util.test.junit.AutoTests" name="[167] /home/travis/build/icyphy/ptII/ptolemy/actor/lib/test/auto/Expression9.xml (RunModel)" time="0.01" />
  <testcase classname="ptolemy.util.test.junit.AutoTests" name="[168] /home/travis/build/icyphy/ptII/ptolemy/actor/lib/test/auto/ExpressionConcatenateArrayType.xml (RunModel)" time="0.029" />
  <testcase classname="ptolemy.util.test.junit.AutoTests" name="[169] /home/travis/build/icyphy/ptII/ptolemy/actor/lib/test/auto/ExpressionConcatenateArrayType2.xml (RunModel)" time="0.022" />
  <testcase classname="ptolemy.util.test.junit.AutoTests" name="[170] /home/travis/build/icyphy/ptII/ptolemy/actor/lib/test/auto/ExpressionFix.xml (RunModel)" time="0.046" />
  <testcase classname="ptolemy.util.test.junit.AutoTests" name="[171] /home/travis/build/icyphy/ptII/ptolemy/actor/lib/test/auto/ExpressionFix2.xml (RunModel)" time="0.014" />
  <testcase classname="ptolemy.util.test.junit.AutoTests" name="[172] /home/travis/build/icyphy/ptII/ptolemy/actor/lib/test/auto/ExpressionFix3.xml (RunModel)" time="0.013" />
  <testcase classname="ptolemy.util.test.junit.AutoTests" name="[173] /home/travis/build/icyphy/ptII/ptolemy/actor/lib/test/auto/FileWriter1.xml (RunModel)" time="0.009" />
  <testcase classname="ptolemy.util.test.junit.AutoTests" name="[174] /home/travis/build/icyphy/ptII/ptolemy/actor/lib/test/auto/FileWriter2.xml (RunModel)" time="0.015" />
  <testcase classname="ptolemy.util.test.junit.AutoTests" name="[175] /home/travis/build/icyphy/ptII/ptolemy/actor/lib/test/auto/FileWriter3.xml (RunModel)" time="0.011" />
  <testcase classname="ptolemy.util.test.junit.AutoTests" name="[176] /home/travis/build/icyphy/ptII/ptolemy/actor/lib/test/auto/Gaussian.xml (RunModel)" time="0.045" />
  <testcase classname="ptolemy.util.test.junit.AutoTests" name="[177] /home/travis/build/icyphy/ptII/ptolemy/actor/lib/test/auto/Gaussian1.xml (RunModel)" time="0.023" />
  <testcase classname="ptolemy.util.test.junit.AutoTests" name="[178] /home/travis/build/icyphy/ptII/ptolemy/actor/lib/test/auto/Gaussian2.xml (RunModel)" time="0.018" />
  <testcase classname="ptolemy.util.test.junit.AutoTests" name="[179] /home/travis/build/icyphy/ptII/ptolemy/actor/lib/test/auto/GradientAdaptiveLattice.xml (RunModel)" time="0.022" />
  <testcase classname="ptolemy.util.test.junit.AutoTests" name="[180] /home/travis/build/icyphy/ptII/ptolemy/actor/lib/test/auto/IIR.xml (RunModel)" time="0.01" />
  <testcase classname="ptolemy.util.test.junit.AutoTests" name="[181] /home/travis/build/icyphy/ptII/ptolemy/actor/lib/test/auto/InputOutputTransparentPorts.xml (RunModel)" time="0.022" />
  <testcase classname="ptolemy.util.test.junit.AutoTests" name="[182] /home/travis/build/icyphy/ptII/ptolemy/actor/lib/test/auto/Interpolator.xml (RunModel)" time="0.012" />
  <testcase classname="ptolemy.util.test.junit.AutoTests" name="[183] /home/travis/build/icyphy/ptII/ptolemy/actor/lib/test/auto/InterpolatorFiringLimitDE.xml (RunModel)" time="0.014" />
  <testcase classname="ptolemy.util.test.junit.AutoTests" name="[184] /home/travis/build/icyphy/ptII/ptolemy/actor/lib/test/auto/Lattice.xml (RunModel)" time="0.009" />
  <testcase classname="ptolemy.util.test.junit.AutoTests" name="[185] /home/travis/build/icyphy/ptII/ptolemy/actor/lib/test/auto/LazyAOCTestLazy.xml (RunModel)" time="0.021" />
  <testcase classname="ptolemy.util.test.junit.AutoTests" name="[186] /home/travis/build/icyphy/ptII/ptolemy/actor/lib/test/auto/LazyAOCTestNonLazy.xml (RunModel)" time="0.045" />
  <testcase classname="ptolemy.util.test.junit.AutoTests" name="[187] /home/travis/build/icyphy/ptII/ptolemy/actor/lib/test/auto/LazyInnerClass.xml (RunModel)" time="0.044" />
  <testcase classname="ptolemy.util.test.junit.AutoTests" name="[188] /home/travis/build/icyphy/ptII/ptolemy/actor/lib/test/auto/LazyPubSub.xml (RunModel)" time="0.072" />
  <testcase classname="ptolemy.util.test.junit.AutoTests" name="[189] /home/travis/build/icyphy/ptII/ptolemy/actor/lib/test/auto/LazyPubSub2.xml (RunModel)" time="0.043" />
  <testcase classname="ptolemy.util.test.junit.AutoTests" name="[190] /home/travis/build/icyphy/ptII/ptolemy/actor/lib/test/auto/LazyPubSub3.xml (RunModel)" time="0.023" />
  <testcase classname="ptolemy.util.test.junit.AutoTests" name="[191] /home/travis/build/icyphy/ptII/ptolemy/actor/lib/test/auto/LazySubClassModel.xml (RunModel)" time="0.019" />
  <testcase classname="ptolemy.util.test.junit.AutoTests" name="[192] /home/travis/build/icyphy/ptII/ptolemy/actor/lib/test/auto/LevelCrossTest1.xml (RunModel)" time="0.01" />
  <testcase classname="ptolemy.util.test.junit.AutoTests" name="[193] /home/travis/build/icyphy/ptII/ptolemy/actor/lib/test/auto/LevelCrossTest10.xml (RunModel)" time="0.011" />
  <testcase classname="ptolemy.util.test.junit.AutoTests" name="[194] /home/travis/build/icyphy/ptII/ptolemy/actor/lib/test/auto/LevelCrossTest11.xml (RunModel)" time="0.011" />
  <testcase classname="ptolemy.util.test.junit.AutoTests" name="[195] /home/travis/build/icyphy/ptII/ptolemy/actor/lib/test/auto/LevelCrossTest12.xml (RunModel)" time="0.017" />
  <testcase classname="ptolemy.util.test.junit.AutoTests" name="[196] /home/travis/build/icyphy/ptII/ptolemy/actor/lib/test/auto/LevelCrossTest13.xml (RunModel)" time="0.012" />
  <testcase classname="ptolemy.util.test.junit.AutoTests" name="[197] /home/travis/build/icyphy/ptII/ptolemy/actor/lib/test/auto/LevelCrossTest2.xml (RunModel)" time="0.013" />
  <testcase classname="ptolemy.util.test.junit.AutoTests" name="[198] /home/travis/build/icyphy/ptII/ptolemy/actor/lib/test/auto/LevelCrossTest3.xml (RunModel)" time="0.014" />
  <testcase classname="ptolemy.util.test.junit.AutoTests" name="[199] /home/travis/build/icyphy/ptII/ptolemy/actor/lib/test/auto/LevelCrossTest4.xml (RunModel)" time="0.011" />
  <testcase classname="ptolemy.util.test.junit.AutoTests" name="[200] /home/travis/build/icyphy/ptII/ptolemy/actor/lib/test/auto/LevelCrossTest5.xml (RunModel)" time="0.011" />
  <testcase classname="ptolemy.util.test.junit.AutoTests" name="[201] /home/travis/build/icyphy/ptII/ptolemy/actor/lib/test/auto/LevelCrossTest6.xml (RunModel)" time="0.016" />
  <testcase classname="ptolemy.util.test.junit.AutoTests" name="[202] /home/travis/build/icyphy/ptII/ptolemy/actor/lib/test/auto/LevelCrossTest7.xml (RunModel)" time="0.015" />
  <testcase classname="ptolemy.util.test.junit.AutoTests" name="[203] /home/travis/build/icyphy/ptII/ptolemy/actor/lib/test/auto/LevelCrossTest8.xml (RunModel)" time="0.013" />
  <testcase classname="ptolemy.util.test.junit.AutoTests" name="[204] /home/travis/build/icyphy/ptII/ptolemy/actor/lib/test/auto/LevelCrossTest9.xml (RunModel)" time="0.015" />
  <testcase classname="ptolemy.util.test.junit.AutoTests" name="[205] /home/travis/build/icyphy/ptII/ptolemy/actor/lib/test/auto/LevinsonDurbin.xml (RunModel)" time="0.01" />
  <testcase classname="ptolemy.util.test.junit.AutoTests" name="[206] /home/travis/build/icyphy/ptII/ptolemy/actor/lib/test/auto/LevinsonDurbin2.xml (RunModel)" time="0.009" />
  <testcase classname="ptolemy.util.test.junit.AutoTests" name="[207] /home/travis/build/icyphy/ptII/ptolemy/actor/lib/test/auto/LevinsonDurbin3.xml (RunModel)" time="0.009" />
  <testcase classname="ptolemy.util.test.junit.AutoTests" name="[208] /home/travis/build/icyphy/ptII/ptolemy/actor/lib/test/auto/Limiter.xml (RunModel)" time="0.045" />
  <testcase classname="ptolemy.util.test.junit.AutoTests" name="[209] /home/travis/build/icyphy/ptII/ptolemy/actor/lib/test/auto/LinearDifferenceEquationSystem.xml (RunModel)" time="0.032" />
  <testcase classname="ptolemy.util.test.junit.AutoTests" name="[210] /home/travis/build/icyphy/ptII/ptolemy/actor/lib/test/auto/LookupTable.xml (RunModel)" time="0.011" />
  <testcase classname="ptolemy.util.test.junit.AutoTests" name="[211] /home/travis/build/icyphy/ptII/ptolemy/actor/lib/test/auto/MathFunction.xml (RunModel)" time="0.036" />
  <testcase classname="ptolemy.util.test.junit.AutoTests" name="[212] /home/travis/build/icyphy/ptII/ptolemy/actor/lib/test/auto/MathFunction2.xml (RunModel)" time="0.019" />
  <testcase classname="ptolemy.util.test.junit.AutoTests" name="[213] /home/travis/build/icyphy/ptII/ptolemy/actor/lib/test/auto/MathFunction3.xml (RunModel)" time="0.021" />
  <testcase classname="ptolemy.util.test.junit.AutoTests" name="[214] /home/travis/build/icyphy/ptII/ptolemy/actor/lib/test/auto/MatrixCropBoolean.xml (RunModel)" time="0.015" />
  <testcase classname="ptolemy.util.test.junit.AutoTests" name="[215] /home/travis/build/icyphy/ptII/ptolemy/actor/lib/test/auto/MatrixCropComplex.xml (RunModel)" time="0.011" />
  <testcase classname="ptolemy.util.test.junit.AutoTests" name="[216] /home/travis/build/icyphy/ptII/ptolemy/actor/lib/test/auto/MatrixCropDouble.xml (RunModel)" time="0.015" />
  <testcase classname="ptolemy.util.test.junit.AutoTests" name="[217] /home/travis/build/icyphy/ptII/ptolemy/actor/lib/test/auto/MatrixCropFix.xml (RunModel)" time="0.014" />
  <testcase classname="ptolemy.util.test.junit.AutoTests" name="[218] /home/travis/build/icyphy/ptII/ptolemy/actor/lib/test/auto/MatrixCropInt.xml (RunModel)" time="0.008" />
  <testcase classname="ptolemy.util.test.junit.AutoTests" name="[219] /home/travis/build/icyphy/ptII/ptolemy/actor/lib/test/auto/MatrixCropLong.xml (RunModel)" time="0.01" />
  <testcase classname="ptolemy.util.test.junit.AutoTests" name="[220] /home/travis/build/icyphy/ptII/ptolemy/actor/lib/test/auto/MatrixToArray.xml (RunModel)" time="0.087" />
  <testcase classname="ptolemy.util.test.junit.AutoTests" name="[221] /home/travis/build/icyphy/ptII/ptolemy/actor/lib/test/auto/MaxIndex.xml (RunModel)" time="0.02" />
  <testcase classname="ptolemy.util.test.junit.AutoTests" name="[222] /home/travis/build/icyphy/ptII/ptolemy/actor/lib/test/auto/Maximum.xml (RunModel)" time="0.013" />
  <testcase classname="ptolemy.util.test.junit.AutoTests" name="[223] /home/travis/build/icyphy/ptII/ptolemy/actor/lib/test/auto/MaximumComplex.xml (RunModel)" time="0.017" />
  <testcase classname="ptolemy.util.test.junit.AutoTests" name="[224] /home/travis/build/icyphy/ptII/ptolemy/actor/lib/test/auto/MethodCallTest.xml (RunModel)" time="0.025" />
  <testcase classname="ptolemy.util.test.junit.AutoTests" name="[225] /home/travis/build/icyphy/ptII/ptolemy/actor/lib/test/auto/Minimum.xml (RunModel)" time="0.015" />
  <testcase classname="ptolemy.util.test.junit.AutoTests" name="[226] /home/travis/build/icyphy/ptII/ptolemy/actor/lib/test/auto/MinimumComplex.xml (RunModel)" time="0.024" />
  <testcase classname="ptolemy.util.test.junit.AutoTests" name="[227] /home/travis/build/icyphy/ptII/ptolemy/actor/lib/test/auto/MinimumMultiports.xml (RunModel)" time="0.019" />
  <testcase classname="ptolemy.util.test.junit.AutoTests" name="[228] /home/travis/build/icyphy/ptII/ptolemy/actor/lib/test/auto/ModifyDate.xml (RunModel)" time="0.04" />
  <testcase classname="ptolemy.util.test.junit.AutoTests" name="[229] /home/travis/build/icyphy/ptII/ptolemy/actor/lib/test/auto/ModifyDate2.xml (RunModel)" time="0.027" />
  <testcase classname="ptolemy.util.test.junit.AutoTests" name="[230] /home/travis/build/icyphy/ptII/ptolemy/actor/lib/test/auto/MovingAverage.xml (RunModel)" time="0.018" />
  <testcase classname="ptolemy.util.test.junit.AutoTests" name="[231] /home/travis/build/icyphy/ptII/ptolemy/actor/lib/test/auto/MovingMaximum.xml (RunModel)" time="0.012" />
  <testcase classname="ptolemy.util.test.junit.AutoTests" name="[232] /home/travis/build/icyphy/ptII/ptolemy/actor/lib/test/auto/MultipleLinksToSameRelation.xml (RunModel)" time="0.007" />
  <testcase classname="ptolemy.util.test.junit.AutoTests" name="[233] /home/travis/build/icyphy/ptII/ptolemy/actor/lib/test/auto/MultipleLinksToSameRelationDE.xml (RunModel)" time="0.007" />
  <testcase classname="ptolemy.util.test.junit.AutoTests" name="[234] /home/travis/build/icyphy/ptII/ptolemy/actor/lib/test/auto/Multiplexor.xml (RunModel)" time="0.01" />
  <testcase classname="ptolemy.util.test.junit.AutoTests" name="[235] /home/travis/build/icyphy/ptII/ptolemy/actor/lib/test/auto/Multiplexor1.xml (RunModel)" time="0.012" />
  <testcase classname="ptolemy.util.test.junit.AutoTests" name="[236] /home/travis/build/icyphy/ptII/ptolemy/actor/lib/test/auto/Multiplexor2.xml (RunModel)" time="0.013" />
  <testcase classname="ptolemy.util.test.junit.AutoTests" name="[237] /home/travis/build/icyphy/ptII/ptolemy/actor/lib/test/auto/Multiplexor3.xml (RunModel)" time="0.008" />
  <testcase classname="ptolemy.util.test.junit.AutoTests" name="[238] /home/travis/build/icyphy/ptII/ptolemy/actor/lib/test/auto/MultiplexorDE.xml (RunModel)" time="0.017" />
  <testcase classname="ptolemy.util.test.junit.AutoTests" name="[239] /home/travis/build/icyphy/ptII/ptolemy/actor/lib/test/auto/MultiportBroadcastTest.xml (RunModel)" time="0.099" />
  <testcase classname="ptolemy.util.test.junit.AutoTests" name="[240] /home/travis/build/icyphy/ptII/ptolemy/actor/lib/test/auto/MultiportOutHangDuringGetWidth.xml (RunModel)" time="0.031" />
  <testcase classname="ptolemy.util.test.junit.AutoTests" name="[241] /home/travis/build/icyphy/ptII/ptolemy/actor/lib/test/auto/NilToken.xml (RunModel)" time="0.007" />
  <testcase classname="ptolemy.util.test.junit.AutoTests" name="[242] /home/travis/build/icyphy/ptII/ptolemy/actor/lib/test/auto/NilTokenNonStrictTest.xml (RunModel)" time="0.009" />
  <testcase classname="ptolemy.util.test.junit.AutoTests" name="[243] /home/travis/build/icyphy/ptII/ptolemy/actor/lib/test/auto/NilTokenRecord.xml (RunModel)" time="0.018" />
  <testcase classname="ptolemy.util.test.junit.AutoTests" name="[244] /home/travis/build/icyphy/ptII/ptolemy/actor/lib/test/auto/NilTokenTypeTest.xml (RunModel)" time="0.035" />
  <testcase classname="ptolemy.util.test.junit.AutoTests" name="[245] /home/travis/build/icyphy/ptII/ptolemy/actor/lib/test/auto/ObjectToken1.xml (RunModel)" time="0.014" />
  <testcase classname="ptolemy.util.test.junit.AutoTests" name="[246] /home/travis/build/icyphy/ptII/ptolemy/actor/lib/test/auto/OrderedMerge.xml (RunModel)" time="0.015" />
  <testcase classname="ptolemy.util.test.junit.AutoTests" name="[247] /home/travis/build/icyphy/ptII/ptolemy/actor/lib/test/auto/OrderedRecordDisassembler.xml (RunModel)" time="0.02" />
  <testcase classname="ptolemy.util.test.junit.AutoTests" name="[248] /home/travis/build/icyphy/ptII/ptolemy/actor/lib/test/auto/OrderedRecordDisassembler2.xml (RunModel)" time="0.019" />
  <testcase classname="ptolemy.util.test.junit.AutoTests" name="[249] /home/travis/build/icyphy/ptII/ptolemy/actor/lib/test/auto/OrderedRecordUpdater.xml (RunModel)" time="0.011" />
  <testcase classname="ptolemy.util.test.junit.AutoTests" name="[250] /home/travis/build/icyphy/ptII/ptolemy/actor/lib/test/auto/OrderedRecordUpdater2.xml (RunModel)" time="0.02" />
  <testcase classname="ptolemy.util.test.junit.AutoTests" name="[251] /home/travis/build/icyphy/ptII/ptolemy/actor/lib/test/auto/PhaseUnwrap.xml (RunModel)" time="0.012" />
  <testcase classname="ptolemy.util.test.junit.AutoTests" name="[252] /home/travis/build/icyphy/ptII/ptolemy/actor/lib/test/auto/PoissonClock.xml (RunModel)" time="0.011" />
  <testcase classname="ptolemy.util.test.junit.AutoTests" name="[253] /home/travis/build/icyphy/ptII/ptolemy/actor/lib/test/auto/PoissonClock2.xml (RunModel)" time="0.008" />
  <testcase classname="ptolemy.util.test.junit.AutoTests" name="[254] /home/travis/build/icyphy/ptII/ptolemy/actor/lib/test/auto/PoissonClock3.xml (RunModel)" time="0.024" />
  <testcase classname="ptolemy.util.test.junit.AutoTests" name="[255] /home/travis/build/icyphy/ptII/ptolemy/actor/lib/test/auto/PubSubWithInitialTokens.xml (RunModel)" time="0.018" />
  <testcase classname="ptolemy.util.test.junit.AutoTests" name="[256] /home/travis/build/icyphy/ptII/ptolemy/actor/lib/test/auto/PubSubWithInitialTokens2.xml (RunModel)" time="0.011" />
  <testcase classname="ptolemy.util.test.junit.AutoTests" name="[257] /home/travis/build/icyphy/ptII/ptolemy/actor/lib/test/auto/PublisherClassNoParameter.xml (RunModel)" time="0.026" />
  <testcase classname="ptolemy.util.test.junit.AutoTests" name="[258] /home/travis/build/icyphy/ptII/ptolemy/actor/lib/test/auto/PublisherClassParameter.xml (RunModel)" time="0.025" />
  <testcase classname="ptolemy.util.test.junit.AutoTests" name="[259] /home/travis/build/icyphy/ptII/ptolemy/actor/lib/test/auto/PublisherNonStrictTest.xml (RunModel)" time="0.019" />
  <testcase classname="ptolemy.util.test.junit.AutoTests" name="[260] /home/travis/build/icyphy/ptII/ptolemy/actor/lib/test/auto/PublisherPort1.xml (RunModel)" time="0.011" />
  <testcase classname="ptolemy.util.test.junit.AutoTests" name="[261] /home/travis/build/icyphy/ptII/ptolemy/actor/lib/test/auto/PublisherPort2.xml (RunModel)" time="0.009" />
  <testcase classname="ptolemy.util.test.junit.AutoTests" name="[262] /home/travis/build/icyphy/ptII/ptolemy/actor/lib/test/auto/PublisherPort3.xml (RunModel)" time="0.011" />
  <testcase classname="ptolemy.util.test.junit.AutoTests" name="[263] /home/travis/build/icyphy/ptII/ptolemy/actor/lib/test/auto/PublisherPort4.xml (RunModel)" time="0.013" />
  <testcase classname="ptolemy.util.test.junit.AutoTests" name="[264] /home/travis/build/icyphy/ptII/ptolemy/actor/lib/test/auto/PublisherPort5.xml (RunModel)" time="0.056" />
  <testcase classname="ptolemy.util.test.junit.AutoTests" name="[265] /home/travis/build/icyphy/ptII/ptolemy/actor/lib/test/auto/PublisherPort5LookAlike.xml (RunModel)" time="0.02" />
  <testcase classname="ptolemy.util.test.junit.AutoTests" name="[266] /home/travis/build/icyphy/ptII/ptolemy/actor/lib/test/auto/PublisherPort6.xml (RunModel)" time="0.011" />
  <testcase classname="ptolemy.util.test.junit.AutoTests" name="[267] /home/travis/build/icyphy/ptII/ptolemy/actor/lib/test/auto/PublisherPort7.xml (RunModel)" time="0.015" />
  <testcase classname="ptolemy.util.test.junit.AutoTests" name="[268] /home/travis/build/icyphy/ptII/ptolemy/actor/lib/test/auto/PublisherPort8.xml (RunModel)" time="0.02" />
  <testcase classname="ptolemy.util.test.junit.AutoTests" name="[269] /home/travis/build/icyphy/ptII/ptolemy/actor/lib/test/auto/PublisherPortSubscriberChannelVariablesAOC2.xml (RunModel)" time="0.033" />
  <testcase classname="ptolemy.util.test.junit.AutoTests" name="[270] /home/travis/build/icyphy/ptII/ptolemy/actor/lib/test/auto/PublisherPortSubscriberOpaqueWidthInference.xml (RunModel)" time="0.014" />
  <testcase classname="ptolemy.util.test.junit.AutoTests" name="[271] /home/travis/build/icyphy/ptII/ptolemy/actor/lib/test/auto/PublisherPortSubscriberPortAdjacent.xml (RunModel)" time="0.017" />
  <testcase classname="ptolemy.util.test.junit.AutoTests" name="[272] /home/travis/build/icyphy/ptII/ptolemy/actor/lib/test/auto/PublisherPortSubscriberPortExpression.xml (RunModel)" time="0.013" />
  <testcase classname="ptolemy.util.test.junit.AutoTests" name="[273] /home/travis/build/icyphy/ptII/ptolemy/actor/lib/test/auto/PublisherPortSubscriberPortOpaqueD3Reverse.xml (RunModel)" time="0.03" />
  <testcase classname="ptolemy.util.test.junit.AutoTests" name="[274] /home/travis/build/icyphy/ptII/ptolemy/actor/lib/test/auto/PublisherPortSubscriberPortOpaqueWidthInference.xml (RunModel)" time="0.014" />
  <testcase classname="ptolemy.util.test.junit.AutoTests" name="[275] /home/travis/build/icyphy/ptII/ptolemy/actor/lib/test/auto/PublisherPortToplevelSubscriberPortAOC.xml (RunModel)" time="0.011" />
  <testcase classname="ptolemy.util.test.junit.AutoTests" name="[276] /home/travis/build/icyphy/ptII/ptolemy/actor/lib/test/auto/PublisherSubscriber.xml (RunModel)" time="0.014" />
  <testcase classname="ptolemy.util.test.junit.AutoTests" name="[277] /home/travis/build/icyphy/ptII/ptolemy/actor/lib/test/auto/PublisherSubscriber10.xml (RunModel)" time="0.022" />
  <testcase classname="ptolemy.util.test.junit.AutoTests" name="[278] /home/travis/build/icyphy/ptII/ptolemy/actor/lib/test/auto/PublisherSubscriber10InitialOutputs.xml (RunModel)" time="0.038" />
  <testcase classname="ptolemy.util.test.junit.AutoTests" name="[279] /home/travis/build/icyphy/ptII/ptolemy/actor/lib/test/auto/PublisherSubscriber11.xml (RunModel)" time="0.019" />
  <testcase classname="ptolemy.util.test.junit.AutoTests" name="[280] /home/travis/build/icyphy/ptII/ptolemy/actor/lib/test/auto/PublisherSubscriber12.xml (RunModel)" time="0.012" />
  <testcase classname="ptolemy.util.test.junit.AutoTests" name="[281] /home/travis/build/icyphy/ptII/ptolemy/actor/lib/test/auto/PublisherSubscriber13.xml (RunModel)" time="0.008" />
  <testcase classname="ptolemy.util.test.junit.AutoTests" name="[282] /home/travis/build/icyphy/ptII/ptolemy/actor/lib/test/auto/PublisherSubscriber14.xml (RunModel)" time="0.02" />
  <testcase classname="ptolemy.util.test.junit.AutoTests" name="[283] /home/travis/build/icyphy/ptII/ptolemy/actor/lib/test/auto/PublisherSubscriber2.xml (RunModel)" time="0.01" />
  <testcase classname="ptolemy.util.test.junit.AutoTests" name="[284] /home/travis/build/icyphy/ptII/ptolemy/actor/lib/test/auto/PublisherSubscriber3.xml (RunModel)" time="0.008" />
  <testcase classname="ptolemy.util.test.junit.AutoTests" name="[285] /home/travis/build/icyphy/ptII/ptolemy/actor/lib/test/auto/PublisherSubscriber4.xml (RunModel)" time="0.01" />
  <testcase classname="ptolemy.util.test.junit.AutoTests" name="[286] /home/travis/build/icyphy/ptII/ptolemy/actor/lib/test/auto/PublisherSubscriber5.xml (RunModel)" time="0.014" />
  <testcase classname="ptolemy.util.test.junit.AutoTests" name="[287] /home/travis/build/icyphy/ptII/ptolemy/actor/lib/test/auto/PublisherSubscriber6.xml (RunModel)" time="0.014" />
  <testcase classname="ptolemy.util.test.junit.AutoTests" name="[288] /home/travis/build/icyphy/ptII/ptolemy/actor/lib/test/auto/PublisherSubscriber7.xml (RunModel)" time="0.016" />
  <testcase classname="ptolemy.util.test.junit.AutoTests" name="[289] /home/travis/build/icyphy/ptII/ptolemy/actor/lib/test/auto/PublisherSubscriber8.xml (RunModel)" time="0.029" />
  <testcase classname="ptolemy.util.test.junit.AutoTests" name="[290] /home/travis/build/icyphy/ptII/ptolemy/actor/lib/test/auto/PublisherSubscriber9.xml (RunModel)" time="0.018" />
  <testcase classname="ptolemy.util.test.junit.AutoTests" name="[291] /home/travis/build/icyphy/ptII/ptolemy/actor/lib/test/auto/PublisherSubscriberAdjacent.xml (RunModel)" time="0.015" />
  <testcase classname="ptolemy.util.test.junit.AutoTests" name="[292] /home/travis/build/icyphy/ptII/ptolemy/actor/lib/test/auto/PublisherSubscriberChannelVariablesAOC2.xml (RunModel)" time="0.026" />
  <testcase classname="ptolemy.util.test.junit.AutoTests" name="[293] /home/travis/build/icyphy/ptII/ptolemy/actor/lib/test/auto/PublisherSubscriberD3.xml (RunModel)" time="0.012" />
  <testcase classname="ptolemy.util.test.junit.AutoTests" name="[294] /home/travis/build/icyphy/ptII/ptolemy/actor/lib/test/auto/PublisherSubscriberD3Reverse.xml (RunModel)" time="0.013" />
  <testcase classname="ptolemy.util.test.junit.AutoTests" name="[295] /home/travis/build/icyphy/ptII/ptolemy/actor/lib/test/auto/PublisherSubscriberExpression.xml (RunModel)" time="0.016" />
  <testcase classname="ptolemy.util.test.junit.AutoTests" name="[296] /home/travis/build/icyphy/ptII/ptolemy/actor/lib/test/auto/PublisherSubscriberOpaque.xml (RunModel)" time="0.014" />
  <testcase classname="ptolemy.util.test.junit.AutoTests" name="[297] /home/travis/build/icyphy/ptII/ptolemy/actor/lib/test/auto/PublisherSubscriberOpaqueD3.xml (RunModel)" time="0.023" />
  <testcase classname="ptolemy.util.test.junit.AutoTests" name="[298] /home/travis/build/icyphy/ptII/ptolemy/actor/lib/test/auto/PublisherSubscriberOpaqueD3Reverse.xml (RunModel)" time="0.049" />
  <testcase classname="ptolemy.util.test.junit.AutoTests" name="[299] /home/travis/build/icyphy/ptII/ptolemy/actor/lib/test/auto/PublisherSubscriberOpaqueWidthInference.xml (RunModel)" time="0.016" />
  <testcase classname="ptolemy.util.test.junit.AutoTests" name="[300] /home/travis/build/icyphy/ptII/ptolemy/actor/lib/test/auto/PublisherTestSubscriber.xml (RunModel)" time="0.014" />
  <testcase classname="ptolemy.util.test.junit.AutoTests" name="[301] /home/travis/build/icyphy/ptII/ptolemy/actor/lib/test/auto/PublisherToplevelSubscriberPortAOC.xml (RunModel)" time="0.011" />
  <testcase classname="ptolemy.util.test.junit.AutoTests" name="[302] /home/travis/build/icyphy/ptII/ptolemy/actor/lib/test/auto/PulseFiringLimitDE.xml (RunModel)" time="0.013" />
  <testcase classname="ptolemy.util.test.junit.AutoTests" name="[303] /home/travis/build/icyphy/ptII/ptolemy/actor/lib/test/auto/Ramp1.xml (RunModel)" time="0.006" />
  <testcase classname="ptolemy.util.test.junit.AutoTests" name="[304] /home/travis/build/icyphy/ptII/ptolemy/actor/lib/test/auto/RampFiringLimitDE.xml (RunModel)" time="0.01" />
  <testcase classname="ptolemy.util.test.junit.AutoTests" name="[305] /home/travis/build/icyphy/ptII/ptolemy/actor/lib/test/auto/RampFiringLimitSDF.xml (RunModel)" time="0.009" />
  <testcase classname="ptolemy.util.test.junit.AutoTests" name="[306] /home/travis/build/icyphy/ptII/ptolemy/actor/lib/test/auto/RandomInteger.xml (RunModel)" time="0.009" />
  <testcase classname="ptolemy.util.test.junit.AutoTests" name="[307] /home/travis/build/icyphy/ptII/ptolemy/actor/lib/test/auto/ReadFile1.xml (RunModel)" time="0.006" />
  <testcase classname="ptolemy.util.test.junit.AutoTests" name="[308] /home/travis/build/icyphy/ptII/ptolemy/actor/lib/test/auto/ReadFile2.xml (RunModel)" time="0.005" />
  <testcase classname="ptolemy.util.test.junit.AutoTests" name="[309] /home/travis/build/icyphy/ptII/ptolemy/actor/lib/test/auto/Reader.xml (RunModel)" time="0.011" />
  <testcase classname="ptolemy.util.test.junit.AutoTests" name="[310] /home/travis/build/icyphy/ptII/ptolemy/actor/lib/test/auto/RecordAssemblerDisplayNameTest.xml (RunModel)" time="3.296" />
  <testcase classname="ptolemy.util.test.junit.AutoTests" name="[311] /home/travis/build/icyphy/ptII/ptolemy/actor/lib/test/auto/RecordAssemblerTypeError.xml (RunModel)" time="0.052" />
  <testcase classname="ptolemy.util.test.junit.AutoTests" name="[312] /home/travis/build/icyphy/ptII/ptolemy/actor/lib/test/auto/RecordDisassember.xml (RunModel)" time="0.012" />
  <testcase classname="ptolemy.util.test.junit.AutoTests" name="[313] /home/travis/build/icyphy/ptII/ptolemy/actor/lib/test/auto/RecordDisassemberDisplayNameTest.xml (RunModel)" time="0.022" />
  <testcase classname="ptolemy.util.test.junit.AutoTests" name="[314] /home/travis/build/icyphy/ptII/ptolemy/actor/lib/test/auto/RecordDisassembler.xml (RunModel)" time="0.015" />
  <testcase classname="ptolemy.util.test.junit.AutoTests" name="[315] /home/travis/build/icyphy/ptII/ptolemy/actor/lib/test/auto/RecordDisassembler2.xml (RunModel)" time="0.01" />
  <testcase classname="ptolemy.util.test.junit.AutoTests" name="[316] /home/travis/build/icyphy/ptII/ptolemy/actor/lib/test/auto/RecordUpdater.xml (RunModel)" time="0.009" />
  <testcase classname="ptolemy.util.test.junit.AutoTests" name="[317] /home/travis/build/icyphy/ptII/ptolemy/actor/lib/test/auto/RecordUpdater2.xml (RunModel)" time="0.007" />
  <testcase classname="ptolemy.util.test.junit.AutoTests" name="[318] /home/travis/build/icyphy/ptII/ptolemy/actor/lib/test/auto/RecursiveLattice.xml (RunModel)" time="0.007" />
  <testcase classname="ptolemy.util.test.junit.AutoTests" name="[319] /home/travis/build/icyphy/ptII/ptolemy/actor/lib/test/auto/Router.xml (RunModel)" time="3.023" />
  <testcase classname="ptolemy.util.test.junit.AutoTests" name="[320] /home/travis/build/icyphy/ptII/ptolemy/actor/lib/test/auto/Router2.xml (RunModel)" time="3.031" />
  <testcase classname="ptolemy.util.test.junit.AutoTests" name="[321] /home/travis/build/icyphy/ptII/ptolemy/actor/lib/test/auto/RunningMaximum.xml (RunModel)" time="0.013" />
  <testcase classname="ptolemy.util.test.junit.AutoTests" name="[322] /home/travis/build/icyphy/ptII/ptolemy/actor/lib/test/auto/RunningMinimum.xml (RunModel)" time="0.016" />
  <testcase classname="ptolemy.util.test.junit.AutoTests" name="[323] /home/travis/build/icyphy/ptII/ptolemy/actor/lib/test/auto/Scale.xml (RunModel)" time="0.007" />
  <testcase classname="ptolemy.util.test.junit.AutoTests" name="[324] /home/travis/build/icyphy/ptII/ptolemy/actor/lib/test/auto/Scale2.xml (RunModel)" time="0.014" />
  <testcase classname="ptolemy.util.test.junit.AutoTests" name="[325] /home/travis/build/icyphy/ptII/ptolemy/actor/lib/test/auto/Scale3.xml (RunModel)" time="0.015" />
  <testcase classname="ptolemy.util.test.junit.AutoTests" name="[326] /home/travis/build/icyphy/ptII/ptolemy/actor/lib/test/auto/ScaleArray.xml (RunModel)" time="0.006" />
  <testcase classname="ptolemy.util.test.junit.AutoTests" name="[327] /home/travis/build/icyphy/ptII/ptolemy/actor/lib/test/auto/ScaleArray2.xml (RunModel)" time="0.01" />
  <testcase classname="ptolemy.util.test.junit.AutoTests" name="[328] /home/travis/build/icyphy/ptII/ptolemy/actor/lib/test/auto/ScaleMatrix.xml (RunModel)" time="0.145" />
  <testcase classname="ptolemy.util.test.junit.AutoTests" name="[329] /home/travis/build/icyphy/ptII/ptolemy/actor/lib/test/auto/Select.xml (RunModel)" time="0.014" />
  <testcase classname="ptolemy.util.test.junit.AutoTests" name="[330] /home/travis/build/icyphy/ptII/ptolemy/actor/lib/test/auto/Select2.xml (RunModel)" time="0.008" />
  <testcase classname="ptolemy.util.test.junit.AutoTests" name="[331] /home/travis/build/icyphy/ptII/ptolemy/actor/lib/test/auto/SequenceToArray2.xml (RunModel)" time="0.163" />
  <testcase classname="ptolemy.util.test.junit.AutoTests" name="[332] /home/travis/build/icyphy/ptII/ptolemy/actor/lib/test/auto/SequentialClock.xml (RunModel)" time="0.01" />
  <testcase classname="ptolemy.util.test.junit.AutoTests" name="[333] /home/travis/build/icyphy/ptII/ptolemy/actor/lib/test/auto/SetVariable.xml (RunModel)" time="0.012" />
  <testcase classname="ptolemy.util.test.junit.AutoTests" name="[334] /home/travis/build/icyphy/ptII/ptolemy/actor/lib/test/auto/SetVariable2.xml (RunModel)" time="0.014" />
  <testcase classname="ptolemy.util.test.junit.AutoTests" name="[335] /home/travis/build/icyphy/ptII/ptolemy/actor/lib/test/auto/SetVariable3.xml (RunModel)" time="0.013" />
  <testcase classname="ptolemy.util.test.junit.AutoTests" name="[336] /home/travis/build/icyphy/ptII/ptolemy/actor/lib/test/auto/SetVariable4.xml (RunModel)" time="0.026" />
  <testcase classname="ptolemy.util.test.junit.AutoTests" name="[337] /home/travis/build/icyphy/ptII/ptolemy/actor/lib/test/auto/SetVariable5.xml (RunModel)" time="0.037" />
  <testcase classname="ptolemy.util.test.junit.AutoTests" name="[338] /home/travis/build/icyphy/ptII/ptolemy/actor/lib/test/auto/Sinewave.xml (RunModel)" time="0.025" />
  <testcase classname="ptolemy.util.test.junit.AutoTests" name="[339] /home/travis/build/icyphy/ptII/ptolemy/actor/lib/test/auto/Sinewave2.xml (RunModel)" time="0.015" />
  <testcase classname="ptolemy.util.test.junit.AutoTests" name="[340] /home/travis/build/icyphy/ptII/ptolemy/actor/lib/test/auto/Sinewave3.xml (RunModel)" time="0.019" />
  <testcase classname="ptolemy.util.test.junit.AutoTests" name="[341] /home/travis/build/icyphy/ptII/ptolemy/actor/lib/test/auto/SingleEvent.xml (RunModel)" time="0.007" />
  <testcase classname="ptolemy.util.test.junit.AutoTests" name="[342] /home/travis/build/icyphy/ptII/ptolemy/actor/lib/test/auto/Sleep.xml (RunModel)" time="6.015" />
  <testcase classname="ptolemy.util.test.junit.AutoTests" name="[343] /home/travis/build/icyphy/ptII/ptolemy/actor/lib/test/auto/SleepMultipleFire.xml (RunModel)" time="1.018" />
  <testcase classname="ptolemy.util.test.junit.AutoTests" name="[344] /home/travis/build/icyphy/ptII/ptolemy/actor/lib/test/auto/StopDE.xml (RunModel)" time="0.016" />
  <testcase classname="ptolemy.util.test.junit.AutoTests" name="[345] /home/travis/build/icyphy/ptII/ptolemy/actor/lib/test/auto/StopSDF.xml (RunModel)" time="0.012" />
  <testcase classname="ptolemy.util.test.junit.AutoTests" name="[346] /home/travis/build/icyphy/ptII/ptolemy/actor/lib/test/auto/StringConstant.xml (RunModel)" time="0.013" />
  <testcase classname="ptolemy.util.test.junit.AutoTests" name="[347] /home/travis/build/icyphy/ptII/ptolemy/actor/lib/test/auto/SubscriberPortInitialValues1.xml (RunModel)" time="0.022" />
  <testcase classname="ptolemy.util.test.junit.AutoTests" name="[348] /home/travis/build/icyphy/ptII/ptolemy/actor/lib/test/auto/SubscriberPortInitialValues13.xml (RunModel)" time="0.023" />
  <testcase classname="ptolemy.util.test.junit.AutoTests" name="[349] /home/travis/build/icyphy/ptII/ptolemy/actor/lib/test/auto/SubscriberPortInitialValues14.xml (RunModel)" time="0.014" />
  <testcase classname="ptolemy.util.test.junit.AutoTests" name="[350] /home/travis/build/icyphy/ptII/ptolemy/actor/lib/test/auto/SubscriberPortInitialValues2.xml (RunModel)" time="0.013" />
  <testcase classname="ptolemy.util.test.junit.AutoTests" name="[351] /home/travis/build/icyphy/ptII/ptolemy/actor/lib/test/auto/SubscriberPortInitialValues3.xml (RunModel)" time="0.017" />
  <testcase classname="ptolemy.util.test.junit.AutoTests" name="[352] /home/travis/build/icyphy/ptII/ptolemy/actor/lib/test/auto/SubscriptionAggregator.xml (RunModel)" time="0.01" />
  <testcase classname="ptolemy.util.test.junit.AutoTests" name="[353] /home/travis/build/icyphy/ptII/ptolemy/actor/lib/test/auto/SubscriptionAggregator2.xml (RunModel)" time="0.016" />
  <testcase classname="ptolemy.util.test.junit.AutoTests" name="[354] /home/travis/build/icyphy/ptII/ptolemy/actor/lib/test/auto/SubscriptionAggregator3.xml (RunModel)" time="0.014" />
  <testcase classname="ptolemy.util.test.junit.AutoTests" name="[355] /home/travis/build/icyphy/ptII/ptolemy/actor/lib/test/auto/SubscriptionAggregatorMultiply.xml (RunModel)" time="0.013" />
  <testcase classname="ptolemy.util.test.junit.AutoTests" name="[356] /home/travis/build/icyphy/ptII/ptolemy/actor/lib/test/auto/SubscriptionAggregatorPortMultiply1.xml (RunModel)" time="0.012" />
  <testcase classname="ptolemy.util.test.junit.AutoTests" name="[357] /home/travis/build/icyphy/ptII/ptolemy/actor/lib/test/auto/Switch.xml (RunModel)" time="0.015" />
  <testcase classname="ptolemy.util.test.junit.AutoTests" name="[358] /home/travis/build/icyphy/ptII/ptolemy/actor/lib/test/auto/Switch2.xml (RunModel)" time="0.013" />
  <testcase classname="ptolemy.util.test.junit.AutoTests" name="[359] /home/travis/build/icyphy/ptII/ptolemy/actor/lib/test/auto/SwitchDE.xml (RunModel)" time="0.014" />
  <testcase classname="ptolemy.util.test.junit.AutoTests" name="[360] /home/travis/build/icyphy/ptII/ptolemy/actor/lib/test/auto/SynchronizerDE.xml (RunModel)" time="0.022" />
  <testcase classname="ptolemy.util.test.junit.AutoTests" name="[361] /home/travis/build/icyphy/ptII/ptolemy/actor/lib/test/auto/Test.xml (RunModel)" time="0.015" />
  <testcase classname="ptolemy.util.test.junit.AutoTests" name="[362] /home/travis/build/icyphy/ptII/ptolemy/actor/lib/test/auto/TestExceptionAttribute1.xml (RunModel)" time="0.007" />
  <testcase classname="ptolemy.util.test.junit.AutoTests" name="[363] /home/travis/build/icyphy/ptII/ptolemy/actor/lib/test/auto/TestExceptionAttribute2.xml (RunModel)" time="0.008" />
  <testcase classname="ptolemy.util.test.junit.AutoTests" name="[364] /home/travis/build/icyphy/ptII/ptolemy/actor/lib/test/auto/TestExceptionAttribute3.xml (RunModel)" time="0.009" />
  <testcase classname="ptolemy.util.test.junit.AutoTests" name="[365] /home/travis/build/icyphy/ptII/ptolemy/actor/lib/test/auto/TestExceptionAttribute4.xml (RunModel)" time="0.006" />
  <testcase classname="ptolemy.util.test.junit.AutoTests" name="[366] /home/travis/build/icyphy/ptII/ptolemy/actor/lib/test/auto/TestExceptionHandler1.xml (RunModel)" time="0.006" />
  <testcase classname="ptolemy.util.test.junit.AutoTests" name="[367] /home/travis/build/icyphy/ptII/ptolemy/actor/lib/test/auto/TestExceptionHandler2.xml (RunModel)" time="0.011" />
  <testcase classname="ptolemy.util.test.junit.AutoTests" name="[368] /home/travis/build/icyphy/ptII/ptolemy/actor/lib/test/auto/TestExceptionHandler3.xml (RunModel)" time="0.007" />
  <testcase classname="ptolemy.util.test.junit.AutoTests" name="[369] /home/travis/build/icyphy/ptII/ptolemy/actor/lib/test/auto/TestExceptionHandler4.xml (RunModel)" time="0.005" />
  <testcase classname="ptolemy.util.test.junit.AutoTests" name="[370] /home/travis/build/icyphy/ptII/ptolemy/actor/lib/test/auto/TestRequireCorrectOrder.xml (RunModel)" time="0.013" />
  <testcase classname="ptolemy.util.test.junit.AutoTests" name="[371] /home/travis/build/icyphy/ptII/ptolemy/actor/lib/test/auto/TestSimple.xml (RunModel)" time="0.005" />
  <testcase classname="ptolemy.util.test.junit.AutoTests" name="[372] /home/travis/build/icyphy/ptII/ptolemy/actor/lib/test/auto/ThrowModelError.xml (RunModel)" time="0.009" />
  <testcase classname="ptolemy.util.test.junit.AutoTests" name="[373] /home/travis/build/icyphy/ptII/ptolemy/actor/lib/test/auto/TimeDelayMicrosteps.xml (RunModel)" time="0.049" />
  <testcase classname="ptolemy.util.test.junit.AutoTests" name="[374] /home/travis/build/icyphy/ptII/ptolemy/actor/lib/test/auto/TimeDelayMicrosteps2.xml (RunModel)" time="0.013" />
  <testcase classname="ptolemy.util.test.junit.AutoTests" name="[375] /home/travis/build/icyphy/ptII/ptolemy/actor/lib/test/auto/TimeDelayMicrosteps3.xml (RunModel)" time="0.011" />
  <testcase classname="ptolemy.util.test.junit.AutoTests" name="[376] /home/travis/build/icyphy/ptII/ptolemy/actor/lib/test/auto/TimeDelayVariableMicrosteps.xml (RunModel)" time="0.011" />
  <testcase classname="ptolemy.util.test.junit.AutoTests" name="[377] /home/travis/build/icyphy/ptII/ptolemy/actor/lib/test/auto/TimeGap.xml (RunModel)" time="0.015" />
  <testcase classname="ptolemy.util.test.junit.AutoTests" name="[378] /home/travis/build/icyphy/ptII/ptolemy/actor/lib/test/auto/TimeGap2.xml (RunModel)" time="0.009" />
  <testcase classname="ptolemy.util.test.junit.AutoTests" name="[379] /home/travis/build/icyphy/ptII/ptolemy/actor/lib/test/auto/TimedSinewave.xml (RunModel)" time="0.046" />
  <testcase classname="ptolemy.util.test.junit.AutoTests" name="[380] /home/travis/build/icyphy/ptII/ptolemy/actor/lib/test/auto/TimedSinewavePhase.xml (RunModel)" time="0.03" />
  <testcase classname="ptolemy.util.test.junit.AutoTests" name="[381] /home/travis/build/icyphy/ptII/ptolemy/actor/lib/test/auto/Timer.xml (RunModel)" time="0.016" />
  <testcase classname="ptolemy.util.test.junit.AutoTests" name="[382] /home/travis/build/icyphy/ptII/ptolemy/actor/lib/test/auto/TriangularDistTestModel.xml (RunModel)" time="0.016" />
  <testcase classname="ptolemy.util.test.junit.AutoTests" name="[383] /home/travis/build/icyphy/ptII/ptolemy/actor/lib/test/auto/TrigFunction.xml (RunModel)" time="0.007" />
  <testcase classname="ptolemy.util.test.junit.AutoTests" name="[384] /home/travis/build/icyphy/ptII/ptolemy/actor/lib/test/auto/TrigFunctionDE.xml (RunModel)" time="0.014" />
  <testcase classname="ptolemy.util.test.junit.AutoTests" name="[385] /home/travis/build/icyphy/ptII/ptolemy/actor/lib/test/auto/TrigFunctionInverse.xml (RunModel)" time="0.008" />
  <testcase classname="ptolemy.util.test.junit.AutoTests" name="[386] /home/travis/build/icyphy/ptII/ptolemy/actor/lib/test/auto/TrigFunctionTan.xml (RunModel)" time="0.006" />
  <testcase classname="ptolemy.util.test.junit.AutoTests" name="[387] /home/travis/build/icyphy/ptII/ptolemy/actor/lib/test/auto/TriggeredClock.xml (RunModel)" time="0.008" />
  <testcase classname="ptolemy.util.test.junit.AutoTests" name="[388] /home/travis/build/icyphy/ptII/ptolemy/actor/lib/test/auto/URLDirectoryReader.xml (RunModel)" time="0.119" />
  <testcase classname="ptolemy.util.test.junit.AutoTests" name="[389] /home/travis/build/icyphy/ptII/ptolemy/actor/lib/test/auto/URLDirectoryReader3.xml (RunModel)" time="1.278" />
  <testcase classname="ptolemy.util.test.junit.AutoTests" name="[390] /home/travis/build/icyphy/ptII/ptolemy/actor/lib/test/auto/UnaryMathFunction.xml (RunModel)" time="0.036" />
  <testcase classname="ptolemy.util.test.junit.AutoTests" name="[391] /home/travis/build/icyphy/ptII/ptolemy/actor/lib/test/auto/Uniform.xml (RunModel)" time="0.012" />
  <testcase classname="ptolemy.util.test.junit.AutoTests" name="[392] /home/travis/build/icyphy/ptII/ptolemy/actor/lib/test/auto/UnionDisassemblerTest.xml (RunModel)" time="0.027" />
  <testcase classname="ptolemy.util.test.junit.AutoTests" name="[393] /home/travis/build/icyphy/ptII/ptolemy/actor/lib/test/auto/UtilityFunctions.xml (RunModel)" time="0.009" />
  <testcase classname="ptolemy.util.test.junit.AutoTests" name="[394] /home/travis/build/icyphy/ptII/ptolemy/actor/lib/test/auto/VariableSleep.xml (RunModel)" time="0.511" />
  <testcase classname="ptolemy.util.test.junit.AutoTests" name="[395] /home/travis/build/icyphy/ptII/ptolemy/actor/lib/test/auto/VectorAssemblerDisassemblerCT.xml (RunModel)" time="0.124" />
  <testcase classname="ptolemy.util.test.junit.AutoTests" name="[396] /home/travis/build/icyphy/ptII/ptolemy/actor/lib/test/auto/VectorAssemblerDisassemblerDE.xml (RunModel)" time="0.012" />
  <testcase classname="ptolemy.util.test.junit.AutoTests" name="[397] /home/travis/build/icyphy/ptII/ptolemy/actor/lib/test/auto/VectorAssemblerDisassemblerSDF.xml (RunModel)" time="0.012" />
  <testcase classname="ptolemy.util.test.junit.AutoTests" name="[398] /home/travis/build/icyphy/ptII/ptolemy/actor/lib/test/auto/WallClockTime.xml (RunModel)" time="1.011" />
  <testcase classname="ptolemy.util.test.junit.AutoTests" name="[399] /home/travis/build/icyphy/ptII/ptolemy/actor/lib/test/auto/WidthTestWithSubscriberPublisher.xml (RunModel)" time="0.045" />
  <testcase classname="ptolemy.util.test.junit.AutoTests" name="[400] /home/travis/build/icyphy/ptII/ptolemy/actor/lib/test/auto/WidthTestWithSubscriberPublisher2.xml (RunModel)" time="0.017" />
  <testcase classname="ptolemy.util.test.junit.AutoTests" name="[401] /home/travis/build/icyphy/ptII/ptolemy/actor/lib/test/auto/WidthTestWithSubscriberPublisher3.xml (RunModel)" time="0.01" />
  <testcase classname="ptolemy.util.test.junit.AutoTests" name="[402] /home/travis/build/icyphy/ptII/ptolemy/actor/lib/test/auto/Writer.xml (RunModel)" time="0.007" />
  <testcase classname="ptolemy.util.test.junit.AutoTests" name="[403] /home/travis/build/icyphy/ptII/ptolemy/actor/lib/test/auto/array.xml (RunModel)" time="0.008" />
  <testcase classname="ptolemy.util.test.junit.AutoTests" name="[404] /home/travis/build/icyphy/ptII/ptolemy/actor/lib/test/auto/array2.xml (RunModel)" time="0.026" />
  <testcase classname="ptolemy.util.test.junit.AutoTests" name="[405] /home/travis/build/icyphy/ptII/ptolemy/actor/lib/test/auto/arrayType.xml (RunModel)" time="0.012" />
  <testcase classname="ptolemy.util.test.junit.AutoTests" name="[406] /home/travis/build/icyphy/ptII/ptolemy/actor/lib/test/auto/arrayType10.xml (RunModel)" time="0.009" />
  <testcase classname="ptolemy.util.test.junit.AutoTests" name="[407] /home/travis/build/icyphy/ptII/ptolemy/actor/lib/test/auto/arrayType11.xml (RunModel)" time="0.008" />
  <testcase classname="ptolemy.util.test.junit.AutoTests" name="[408] /home/travis/build/icyphy/ptII/ptolemy/actor/lib/test/auto/arrayType12.xml (RunModel)" time="0.01" />
  <testcase classname="ptolemy.util.test.junit.AutoTests" name="[409] /home/travis/build/icyphy/ptII/ptolemy/actor/lib/test/auto/arrayType13.xml (RunModel)" time="0.009" />
  <testcase classname="ptolemy.util.test.junit.AutoTests" name="[410] /home/travis/build/icyphy/ptII/ptolemy/actor/lib/test/auto/arrayType14.xml (RunModel)" time="0.008" />
  <testcase classname="ptolemy.util.test.junit.AutoTests" name="[411] /home/travis/build/icyphy/ptII/ptolemy/actor/lib/test/auto/arrayType15.xml (RunModel)" time="0.009" />
  <testcase classname="ptolemy.util.test.junit.AutoTests" name="[412] /home/travis/build/icyphy/ptII/ptolemy/actor/lib/test/auto/arrayType16.xml (RunModel)" time="0.008" />
  <testcase classname="ptolemy.util.test.junit.AutoTests" name="[413] /home/travis/build/icyphy/ptII/ptolemy/actor/lib/test/auto/arrayType17.xml (RunModel)" time="0.008" />
  <testcase classname="ptolemy.util.test.junit.AutoTests" name="[414] /home/travis/build/icyphy/ptII/ptolemy/actor/lib/test/auto/arrayType18.xml (RunModel)" time="0.007" />
  <testcase classname="ptolemy.util.test.junit.AutoTests" name="[415] /home/travis/build/icyphy/ptII/ptolemy/actor/lib/test/auto/arrayType19.xml (RunModel)" time="0.008" />
  <testcase classname="ptolemy.util.test.junit.AutoTests" name="[416] /home/travis/build/icyphy/ptII/ptolemy/actor/lib/test/auto/arrayType2.xml (RunModel)" time="0.007" />
  <testcase classname="ptolemy.util.test.junit.AutoTests" name="[417] /home/travis/build/icyphy/ptII/ptolemy/actor/lib/test/auto/arrayType20.xml (RunModel)" time="0.007" />
  <testcase classname="ptolemy.util.test.junit.AutoTests" name="[418] /home/travis/build/icyphy/ptII/ptolemy/actor/lib/test/auto/arrayType21.xml (RunModel)" time="0.007" />
  <testcase classname="ptolemy.util.test.junit.AutoTests" name="[419] /home/travis/build/icyphy/ptII/ptolemy/actor/lib/test/auto/arrayType22.xml (RunModel)" time="0.006" />
  <testcase classname="ptolemy.util.test.junit.AutoTests" name="[420] /home/travis/build/icyphy/ptII/ptolemy/actor/lib/test/auto/arrayType23.xml (RunModel)" time="0.007" />
  <testcase classname="ptolemy.util.test.junit.AutoTests" name="[421] /home/travis/build/icyphy/ptII/ptolemy/actor/lib/test/auto/arrayType24.xml (RunModel)" time="0.009" />
  <testcase classname="ptolemy.util.test.junit.AutoTests" name="[422] /home/travis/build/icyphy/ptII/ptolemy/actor/lib/test/auto/arrayType25.xml (RunModel)" time="0.008" />
  <testcase classname="ptolemy.util.test.junit.AutoTests" name="[423] /home/travis/build/icyphy/ptII/ptolemy/actor/lib/test/auto/arrayType26.xml (RunModel)" time="0.007" />
  <testcase classname="ptolemy.util.test.junit.AutoTests" name="[424] /home/travis/build/icyphy/ptII/ptolemy/actor/lib/test/auto/arrayType27.xml (RunModel)" time="0.007" />
  <testcase classname="ptolemy.util.test.junit.AutoTests" name="[425] /home/travis/build/icyphy/ptII/ptolemy/actor/lib/test/auto/arrayType28.xml (RunModel)" time="0.008" />
  <testcase classname="ptolemy.util.test.junit.AutoTests" name="[426] /home/travis/build/icyphy/ptII/ptolemy/actor/lib/test/auto/arrayType3.xml (RunModel)" time="0.013" />
  <testcase classname="ptolemy.util.test.junit.AutoTests" name="[427] /home/travis/build/icyphy/ptII/ptolemy/actor/lib/test/auto/arrayType4.xml (RunModel)" time="0.008" />
  <testcase classname="ptolemy.util.test.junit.AutoTests" name="[428] /home/travis/build/icyphy/ptII/ptolemy/actor/lib/test/auto/arrayType5.xml (RunModel)" time="0.019" />
  <testcase classname="ptolemy.util.test.junit.AutoTests" name="[429] /home/travis/build/icyphy/ptII/ptolemy/actor/lib/test/auto/arrayType6.xml (RunModel)" time="0.007" />
  <testcase classname="ptolemy.util.test.junit.AutoTests" name="[430] /home/travis/build/icyphy/ptII/ptolemy/actor/lib/test/auto/arrayType7.xml (RunModel)" time="0.018" />
  <testcase classname="ptolemy.util.test.junit.AutoTests" name="[431] /home/travis/build/icyphy/ptII/ptolemy/actor/lib/test/auto/arrayType8.xml (RunModel)" time="0.008" />
  <testcase classname="ptolemy.util.test.junit.AutoTests" name="[432] /home/travis/build/icyphy/ptII/ptolemy/actor/lib/test/auto/arrayType9.xml (RunModel)" time="0.007" />
  <testcase classname="ptolemy.util.test.junit.AutoTests" name="[433] /home/travis/build/icyphy/ptII/ptolemy/actor/lib/test/auto/cast.xml (RunModel)" time="0.007" />
  <testcase classname="ptolemy.util.test.junit.AutoTests" name="[434] /home/travis/build/icyphy/ptII/ptolemy/actor/lib/test/auto/compositeMultiPort.xml (RunModel)" time="0.016" />
  <testcase classname="ptolemy.util.test.junit.AutoTests" name="[435] /home/travis/build/icyphy/ptII/ptolemy/actor/lib/test/auto/expressionCastInference.xml (RunModel)" time="0.008" />
  <testcase classname="ptolemy.util.test.junit.AutoTests" name="[436] /home/travis/build/icyphy/ptII/ptolemy/actor/lib/test/auto/expressionCastInference2.xml (RunModel)" time="0.007" />
  <testcase classname="ptolemy.util.test.junit.AutoTests" name="[437] /home/travis/build/icyphy/ptII/ptolemy/actor/lib/test/auto/expressionInference.xml (RunModel)" time="0.031" />
  <testcase classname="ptolemy.util.test.junit.AutoTests" name="[438] /home/travis/build/icyphy/ptII/ptolemy/actor/lib/test/auto/expression_bug.xml (RunModel)" time="0.032" />
  <testcase classname="ptolemy.util.test.junit.AutoTests" name="[439] /home/travis/build/icyphy/ptII/ptolemy/actor/lib/test/auto/factorial.xml (RunModel)" time="0.073" />
  <testcase classname="ptolemy.util.test.junit.AutoTests" name="[440] /home/travis/build/icyphy/ptII/ptolemy/actor/lib/test/auto/filterTest1.xml (RunModel)" time="0.013" />
  <testcase classname="ptolemy.util.test.junit.AutoTests" name="[441] /home/travis/build/icyphy/ptII/ptolemy/actor/lib/test/auto/funcApplyInConst.xml (RunModel)" time="0.006" />
  <testcase classname="ptolemy.util.test.junit.AutoTests" name="[442] /home/travis/build/icyphy/ptII/ptolemy/actor/lib/test/auto/funcApplyInExpr.xml (RunModel)" time="0.005" />
  <testcase classname="ptolemy.util.test.junit.AutoTests" name="[443] /home/travis/build/icyphy/ptII/ptolemy/actor/lib/test/auto/function.xml (RunModel)" time="0.013" />
  <testcase classname="ptolemy.util.test.junit.AutoTests" name="[444] /home/travis/build/icyphy/ptII/ptolemy/actor/lib/test/auto/function2.xml (RunModel)" time="0.008" />
  <testcase classname="ptolemy.util.test.junit.AutoTests" name="[445] /home/travis/build/icyphy/ptII/ptolemy/actor/lib/test/auto/function3.xml (RunModel)" time="0.027" />
  <testcase classname="ptolemy.util.test.junit.AutoTests" name="[446] /home/travis/build/icyphy/ptII/ptolemy/actor/lib/test/auto/functionClosureTest1.xml (RunModel)" time="0.01" />
  <testcase classname="ptolemy.util.test.junit.AutoTests" name="[447] /home/travis/build/icyphy/ptII/ptolemy/actor/lib/test/auto/functionClosureTest2.xml (RunModel)" time="0.006" />
  <testcase classname="ptolemy.util.test.junit.AutoTests" name="[448] /home/travis/build/icyphy/ptII/ptolemy/actor/lib/test/auto/functionClosureTest3.xml (RunModel)" time="0.007" />
  <testcase classname="ptolemy.util.test.junit.AutoTests" name="[449] /home/travis/build/icyphy/ptII/ptolemy/actor/lib/test/auto/functionClosureTest4.xml (RunModel)" time="0.034" />
  <testcase classname="ptolemy.util.test.junit.AutoTests" name="[450] /home/travis/build/icyphy/ptII/ptolemy/actor/lib/test/auto/functionClosureTest5.xml (RunModel)" time="0.036" />
  <testcase classname="ptolemy.util.test.junit.AutoTests" name="[451] /home/travis/build/icyphy/ptII/ptolemy/actor/lib/test/auto/functionClosureTest6.xml (RunModel)" time="0.009" />
  <testcase classname="ptolemy.util.test.junit.AutoTests" name="[452] /home/travis/build/icyphy/ptII/ptolemy/actor/lib/test/auto/functionsOnArcs.xml (RunModel)" time="0.008" />
  <testcase classname="ptolemy.util.test.junit.AutoTests" name="[453] /home/travis/build/icyphy/ptII/ptolemy/actor/lib/test/auto/functionsOnArcsHOF.xml (RunModel)" time="0.01" />
  <testcase classname="ptolemy.util.test.junit.AutoTests" name="[454] /home/travis/build/icyphy/ptII/ptolemy/actor/lib/test/auto/logic.xml (RunModel)" time="0.017" />
  <testcase classname="ptolemy.util.test.junit.AutoTests" name="[455] /home/travis/build/icyphy/ptII/ptolemy/actor/lib/test/auto/matrixType.xml (RunModel)" time="0.008" />
  <testcase classname="ptolemy.util.test.junit.AutoTests" name="[456] /home/travis/build/icyphy/ptII/ptolemy/actor/lib/test/auto/matrixType10.xml (RunModel)" time="0.007" />
  <testcase classname="ptolemy.util.test.junit.AutoTests" name="[457] /home/travis/build/icyphy/ptII/ptolemy/actor/lib/test/auto/matrixType11.xml (RunModel)" time="0.008" />
  <testcase classname="ptolemy.util.test.junit.AutoTests" name="[458] /home/travis/build/icyphy/ptII/ptolemy/actor/lib/test/auto/matrixType12.xml (RunModel)" time="0.008" />
  <testcase classname="ptolemy.util.test.junit.AutoTests" name="[459] /home/travis/build/icyphy/ptII/ptolemy/actor/lib/test/auto/matrixType13.xml (RunModel)" time="0.008" />
  <testcase classname="ptolemy.util.test.junit.AutoTests" name="[460] /home/travis/build/icyphy/ptII/ptolemy/actor/lib/test/auto/matrixType14.xml (RunModel)" time="0.008" />
  <testcase classname="ptolemy.util.test.junit.AutoTests" name="[461] /home/travis/build/icyphy/ptII/ptolemy/actor/lib/test/auto/matrixType2.xml (RunModel)" time="0.008" />
  <testcase classname="ptolemy.util.test.junit.AutoTests" name="[462] /home/travis/build/icyphy/ptII/ptolemy/actor/lib/test/auto/matrixType3.xml (RunModel)" time="0.009" />
  <testcase classname="ptolemy.util.test.junit.AutoTests" name="[463] /home/travis/build/icyphy/ptII/ptolemy/actor/lib/test/auto/matrixType4.xml (RunModel)" time="0.007" />
  <testcase classname="ptolemy.util.test.junit.AutoTests" name="[464] /home/travis/build/icyphy/ptII/ptolemy/actor/lib/test/auto/matrixType5.xml (RunModel)" time="0.008" />
  <testcase classname="ptolemy.util.test.junit.AutoTests" name="[465] /home/travis/build/icyphy/ptII/ptolemy/actor/lib/test/auto/matrixType6.xml (RunModel)" time="0.007" />
  <testcase classname="ptolemy.util.test.junit.AutoTests" name="[466] /home/travis/build/icyphy/ptII/ptolemy/actor/lib/test/auto/matrixType7.xml (RunModel)" time="0.008" />
  <testcase classname="ptolemy.util.test.junit.AutoTests" name="[467] /home/travis/build/icyphy/ptII/ptolemy/actor/lib/test/auto/matrixType8.xml (RunModel)" time="0.008" />
  <testcase classname="ptolemy.util.test.junit.AutoTests" name="[468] /home/travis/build/icyphy/ptII/ptolemy/actor/lib/test/auto/matrixType9.xml (RunModel)" time="0.008" />
  <testcase classname="ptolemy.util.test.junit.AutoTests" name="[469] /home/travis/build/icyphy/ptII/ptolemy/actor/lib/test/auto/paraFunctest.xml (RunModel)" time="0.007" />
  <testcase classname="ptolemy.util.test.junit.AutoTests" name="[470] /home/travis/build/icyphy/ptII/ptolemy/actor/lib/test/auto/paraFunctest2.xml (RunModel)" time="0.009" />
  <testcase classname="ptolemy.util.test.junit.AutoTests" name="[471] /home/travis/build/icyphy/ptII/ptolemy/actor/lib/test/auto/parameterPassing.xml (RunModel)" time="0.011" />
  <testcase classname="ptolemy.util.test.junit.AutoTests" name="[472] /home/travis/build/icyphy/ptII/ptolemy/actor/lib/test/auto/record.xml (RunModel)" time="0.008" />
  <testcase classname="ptolemy.util.test.junit.AutoTests" name="[473] /home/travis/build/icyphy/ptII/ptolemy/actor/lib/test/auto/sizedarray1.xml (RunModel)" time="0.008" />
  <testcase classname="ptolemy.util.test.junit.AutoTests" name="[474] /home/travis/build/icyphy/ptII/ptolemy/actor/lib/test/auto/sizedarray2.xml (RunModel)" time="0.009" />
  <testcase classname="ptolemy.util.test.junit.AutoTests" name="[475] /home/travis/build/icyphy/ptII/ptolemy/actor/lib/test/auto/twoPublishers.xml (RunModel)" time="0.025" />
  <system-out><![CDATA[/home/travis/build/icyphy/ptII/ptolemy/actor/lib/test/AbsoluteValue.tcl
testDefs.tcl: setting time out to 9000 seconds at Fri Jan 24 06:54:00 UTC 2020
112 ms. Memory: 129024K Free: 93128K (72%)
5 ms. Memory: 129024K Free: 91583K (71%)
4 ms. Memory: 129024K Free: 90551K (70%)
4 ms. Memory: 129024K Free: 90056K (70%)
/home/travis/build/icyphy/ptII/ptolemy/actor/lib/test/AddSubtract.tcl
9 ms. Memory: 129024K Free: 88008K (68%)
5 ms. Memory: 129024K Free: 87487K (68%)
5 ms. Memory: 129024K Free: 86470K (67%)
8 ms. Memory: 129024K Free: 85446K (66%)
41 ms. Memory: 129024K Free: 82888K (64%)
5 ms. Memory: 129024K Free: 81864K (63%)
/home/travis/build/icyphy/ptII/ptolemy/actor/lib/test/Average.tcl
6 ms. Memory: 129024K Free: 80326K (62%)
6 ms. Memory: 129024K Free: 79287K (61%)
/home/travis/build/icyphy/ptII/ptolemy/actor/lib/test/Bernoulli.tcl
4 ms. Memory: 129024K Free: 77768K (60%)
2 ms. Memory: 129024K Free: 77254K (60%)
/home/travis/build/icyphy/ptII/ptolemy/actor/lib/test/Clock.tcl
preinitializing
resolving types
initializing
executing number 1
wrapping up
idle
20 ms. Memory: 129024K Free: 74696K (58%)
Completed execution with 5 iterations
preinitializing
resolving types
initializing
executing number 1
wrapping up
idle
4 ms. Memory: 129024K Free: 73672K (57%)
Completed execution with 5 iterations
preinitializing
resolving types
initializing
executing number 1
wrapping up
idle
4 ms. Memory: 129024K Free: 73151K (57%)
Completed execution with 5 iterations
/home/travis/build/icyphy/ptII/ptolemy/actor/lib/test/Commutator.tcl
6 ms. Memory: 129024K Free: 71095K (55%)
6 ms. Memory: 129024K Free: 70086K (54%)
10 ms. Memory: 129024K Free: 64456K (50%)
/home/travis/build/icyphy/ptII/ptolemy/actor/lib/test/Const.tcl
4 ms. Memory: 129024K Free: 62887K (49%)
2 ms. Memory: 129024K Free: 62408K (48%)
3 ms. Memory: 129024K Free: 61894K (48%)
3 ms. Memory: 129024K Free: 61384K (48%)
3 ms. Memory: 129024K Free: 60360K (47%)
12 ms. Memory: 129024K Free: 58822K (46%)
5 ms. Memory: 129024K Free: 57798K (45%)
4 ms. Memory: 129024K Free: 57288K (44%)
/home/travis/build/icyphy/ptII/ptolemy/actor/lib/test/CurrentTime.tcl
preinitializing
resolving types
initializing
executing number 1
wrapping up
idle
7 ms. Memory: 129024K Free: 55240K (43%)
Completed execution with 11 iterations
/home/travis/build/icyphy/ptII/ptolemy/actor/lib/test/DB.tcl
4 ms. Memory: 129024K Free: 53192K (41%)
2 ms. Memory: 129024K Free: 52663K (41%)
1 ms. Memory: 129024K Free: 52663K (41%)
/home/travis/build/icyphy/ptII/ptolemy/actor/lib/test/DiscreteRandomSource.tcl
preinitializing
resolving types
initializing
executing number 1
wrapping up
idle
13 ms. Memory: 129024K Free: 51144K (40%)
Completed execution with 4 iterations
preinitializing
resolving types
initializing
executing number 1
wrapping up
idle
3 ms. Memory: 129024K Free: 50615K (39%)
Completed execution with 4 iterations
preinitializing
resolving types
initializing
executing number 1
wrapping up
idle
3 ms. Memory: 129024K Free: 50120K (39%)
Completed execution with 4 iterations
preinitializing
resolving types
initializing
executing number 1
wrapping up
idle
9 ms. Memory: 129024K Free: 49599K (38%)
Completed execution with 4 iterations
preinitializing
resolving types
initializing
executing number 1
wrapping up
idle
6 ms. Memory: 129024K Free: 49096K (38%)
Completed execution with 4 iterations
/home/travis/build/icyphy/ptII/ptolemy/actor/lib/test/Distributor.tcl
24 ms. Memory: 129024K Free: 114163K (88%)
16 ms. Memory: 129024K Free: 113153K (88%)
StreamChangeRequest.changeExecuted(): <deleteEntity name="rec2"/> succeeded
StreamChangeRequest.changeExecuted(): <deleteRelation name="r2"/> succeeded
StreamChangeRequest.changeExecuted(): Record firings per iteration succeeded
5 ms. Memory: 129024K Free: 111105K (86%)
/home/travis/build/icyphy/ptII/ptolemy/actor/lib/test/Exit.tcl
Exit.tcl: this will print a message about Manager.exitAfterWrapup, which can be ignored.
7 ms. Memory: 129024K Free: 108109K (84%)
/home/travis/build/icyphy/ptII/ptolemy/actor/lib/test/Expression.tcl
25 ms. Memory: 129024K Free: 104469K (81%)
12 ms. Memory: 129024K Free: 103923K (81%)
3 ms. Memory: 129024K Free: 103423K (80%)
preinitializing
resolving types
initializing
executing number 1
wrapping up
idle
13 ms. Memory: 129024K Free: 101875K (79%)
Completed execution with 6 iterations
17 ms. Memory: 129024K Free: 100835K (78%)
3 ms. Memory: 129024K Free: 100351K (78%)
4 ms. Memory: 129024K Free: 98817K (77%)
3 ms. Memory: 129024K Free: 97763K (76%)
3 ms. Memory: 129024K Free: 96232K (75%)
/home/travis/build/icyphy/ptII/ptolemy/actor/lib/test/Gaussian.tcl
3 ms. Memory: 129024K Free: 94683K (73%)
sleeping 1 seconds: ..................................................................................................................................................................................................................................................................................................................................................................................................................................................................................................................................................................................................................................................................................................................................................................................................................................................................................................................................................................................................................................................................................................................................................................................................................................................................................................................................................................................................................................................................................................................................................................................................................................................................................................................................................................................................................................................................................................................................................................................................................................................................................................................................................................................................................................................................................................................................................................................................................................................................................................................................................................................................................................................................................................................................................................................................................................................................................................................................................................................................................................................................................................................................................................................................................................................................................................................................................................................................................................................................................................................................................................................................................................................................................................................................................................................................................................................................................................................................................................................................................................................................................................................................................................................................................................................................................................................................................................................................................................................................................................................................................................................................................................................................................................................................................................................................................................................................................................................................................................................................................................................................................................................................................................................................................................................................................................................................................................................................................................................................................................................................................................................................................................................................................................................................................................................................................................................................................................................................................................................................................................................................................................................................................................................................................................................................................................................................................................................................................................................................................................................................................................................................................................................................................................................................................................................................................................................................................................................................................................................................................................................................................................................................................................................................................................................................................................................................................................................................................................................................................................................................................................................................................................................................................................................................................................................................................................................................................................................................................................................................................................................................................................................................................................................................................................................................................................................................................................................................................................................................................................................................................................................................................................................................................................................................................................................................................................................................................................................................................................................................................................................................................................................................................................................................................................................................................................................................................................................................................................................................................................................................................................................................................................................................................................................................................................................................................................................................................................................................................................................................................................................................................................................................................................................................................................................................................................................................................................................................................................................................................................................................................................................................................................................................................................................................................................................................................................................................................................................................................................................................................................................................................................................................................................................................................................................................................................................................................................................................................................................................................................................................................................................................................................................................................................................................................................................................................................................................................................................................................................................................................................................................................................................................................................................................................................................................................................................................................................................................................................................................................................................................................................................................................................................................................................................................................................................................................................................................................................................................................................................................................................................................................................................................................................................................................................................................................................................................................................................................................................................................................................................................................................................................................................................................................................................................................................................................................................................................................................................................................................................................................................................................................................................................................................................................................................................................................................................................................................................................................................................................................................................................................................................................................................................................................................................................................................................................................................................................................................................................................................................................2 ms. Memory: 129024K Free: 94772K (73%)
2 ms. Memory: 129024K Free: 93897K (73%)
2 ms. Memory: 129024K Free: 93387K (72%)
1 ms. Memory: 129024K Free: 92867K (72%)
1 ms. Memory: 129024K Free: 92363K (72%)
/home/travis/build/icyphy/ptII/ptolemy/actor/lib/test/IIR.tcl
/home/travis/build/icyphy/ptII/ptolemy/actor/lib/test/Interpolator.tcl
5 ms. Memory: 129024K Free: 88267K (68%)
3 ms. Memory: 129024K Free: 87739K (68%)
4 ms. Memory: 129024K Free: 87243K (68%)
2 ms. Memory: 129024K Free: 86715K (67%)
2 ms. Memory: 129024K Free: 85691K (66%)
2 ms. Memory: 129024K Free: 85195K (66%)
2 ms. Memory: 129024K Free: 84171K (65%)
2 ms. Memory: 129024K Free: 83147K (64%)
2 ms. Memory: 129024K Free: 82633K (64%)
2 ms. Memory: 129024K Free: 81595K (63%)
/home/travis/build/icyphy/ptII/ptolemy/actor/lib/test/MathFunction.tcl
4 ms. Memory: 129024K Free: 79051K (61%)
2 ms. Memory: 129024K Free: 78027K (60%)
7 ms. Memory: 129024K Free: 77003K (60%)
2 ms. Memory: 129024K Free: 75979K (59%)
6 ms. Memory: 129024K Free: 74411K (58%)
11 ms. Memory: 129024K Free: 72907K (57%)
/home/travis/build/icyphy/ptII/ptolemy/actor/lib/test/Maximum.tcl
6 ms. Memory: 129024K Free: 70859K (55%)
4 ms. Memory: 129024K Free: 70345K (55%)
6 ms. Memory: 129024K Free: 69307K (54%)
3 ms. Memory: 129024K Free: 68811K (53%)
/home/travis/build/icyphy/ptII/ptolemy/actor/lib/test/Minimum.tcl
8 ms. Memory: 129024K Free: 67273K (52%)
2 ms. Memory: 129024K Free: 66219K (51%)
7 ms. Memory: 129024K Free: 65739K (51%)
3 ms. Memory: 129024K Free: 65225K (51%)
/home/travis/build/icyphy/ptII/ptolemy/actor/lib/test/MultiplyDivide.tcl
4 ms. Memory: 129024K Free: 111630K (87%)
12 ms. Memory: 129024K Free: 111132K (86%)
3 ms. Memory: 129024K Free: 110110K (85%)
6 ms. Memory: 129024K Free: 109566K (85%)
4 ms. Memory: 129024K Free: 108558K (84%)
/home/travis/build/icyphy/ptII/ptolemy/actor/lib/test/OrderedMerge.tcl
Connections changed on port: inputA
Connections changed on port: inputB
Connections changed on port: output
Connections changed on port: output
Connections changed on port: output
Connections changed on port: input
.top. Preinitializing ...
Invoking preinitialize():  .top.OrderedMerge
Called preinitialize()
Invoking preinitialize():  .top.Ramp
Called preinitialize()
Invoking preinitialize():  .top.Ramp2
Called preinitialize()
Invoking preinitialize():  .top.Test
Called preinitialize()
Connections changed on port: inputA
Connections changed on port: output
Connections changed on port: output
Connections changed on port: input
Connections changed on port: inputB
Connections changed on port: output
.top. Finished preinitialize().
Called initialize().
Invoking initialize():  .top.OrderedMerge
Initializing actor: .top.OrderedMerge
Adding a thread: .top.OrderedMerge
Invoking initialize():  .top.Ramp
Initializing actor: .top.Ramp
Adding a thread: .top.Ramp
Invoking initialize():  .top.Ramp2
Initializing actor: .top.Ramp2
Adding a thread: .top.Ramp2
Invoking initialize():  .top.Test
Initializing actor: .top.Test
Adding a thread: .top.Test
Called fire().
Checking for deadlock:
-- Starting thread.
Called initialize()
Called prefire()
Called fire()
-- Starting thread.
Called initialize()
There are 0 Blocked actors, 0 Stopped actors, and 4 active threads.
-- Starting thread.
Called initialize()
Called prefire()
Called fire()
Called prefire()
Waiting for actors to stop.
Called fire()
-- Starting thread.
Called initialize()
Called prefire()
Called fire()
Called postfire()
Called prefire()
Called fire()
Called postfire()
Called prefire()
Called fire()
Called postfire()
Called prefire()
Called fire()
Checking for deadlock:
There are 3 Blocked actors, 0 Stopped actors, and 4 active threads.
Waiting for actors to stop.
Read input token from inputA with value 0.0
Next port to read input from is inputB
Called postfire()
Called prefire()
Called fire()
Called postfire()
Called prefire()
Called fire()
Read input token from inputB with value 0.0
Sent output token with value 0.0
Next port to read input from is inputA
Called postfire()
Called prefire()
Called fire()
Read input token from inputA with value 1.0
Checking for deadlock:
There are 2 Blocked actors, 0 Stopped actors, and 4 active threads.
Waiting for actors to stop.
Called postfire()
Called prefire()
Called fire()
-- Read input: 0.0, which is expected to match: 0.0
Called prefire()
Called fire()
Checking for deadlock:
There are 3 Blocked actors, 0 Stopped actors, and 4 active threads.
Waiting for actors to stop.
-- Read input: 0.0, which is expected to match: 0.0
Called prefire()
Called fire()
Checking for deadlock:
There are 3 Blocked actors, 0 Stopped actors, and 4 active threads.
Waiting for actors to stop.
Sent output token with value 0.0
Next port to read input from is inputB
Called postfire()
Called prefire()
Called fire()
Called postfire()
Called prefire()
Called fire()
Checking for deadlock:
There are 3 Blocked actors, 0 Stopped actors, and 4 active threads.
Waiting for actors to stop.
Read input token from inputB with value 1.5
-- Read input: 1.0, which is expected to match: 1.0
Called prefire()
Called fire()
Checking for deadlock:
There are 3 Blocked actors, 0 Stopped actors, and 4 active threads.
Waiting for actors to stop.
Sent output token with value 1.0
Next port to read input from is inputA
Called postfire()
Called prefire()
Called fire()
Called postfire()
Called prefire()
Called fire()
Checking for deadlock:
There are 3 Blocked actors, 0 Stopped actors, and 4 active threads.
Waiting for actors to stop.
Read input token from inputA with value 2.0
-- Read input: 1.5, which is expected to match: 1.5
Called prefire()
Called fire()
Checking for deadlock:
There are 3 Blocked actors, 0 Stopped actors, and 4 active threads.
Waiting for actors to stop.
Sent output token with value 1.5
Next port to read input from is inputB
Called postfire()
Called prefire()
Called fire()
Checking for deadlock:
There are 2 Blocked actors, 0 Stopped actors, and 4 active threads.
Waiting for actors to stop.
Called postfire()
Called prefire()
Called fire()
Checking for deadlock:
There are 3 Blocked actors, 0 Stopped actors, and 4 active threads.
Waiting for actors to stop.
Read input token from inputB with value 3.0
Checking for deadlock:
There are 2 Blocked actors, 0 Stopped actors, and 4 active threads.
Waiting for actors to stop.
-- Read input: 2.0, which is expected to match: 2.0
Called prefire()
Called fire()
Checking for deadlock:
There are 3 Blocked actors, 0 Stopped actors, and 4 active threads.
Waiting for actors to stop.
Sent output token with value 2.0
Next port to read input from is inputA
Called postfire()
Called prefire()
Called fire()
Called postfire()
Called prefire()
Called fire()
Checking for deadlock:
There are 3 Blocked actors, 0 Stopped actors, and 4 active threads.
Waiting for actors to stop.
Read input token from inputA with value 3.0
-- Read input: 3.0, which is expected to match: 3.0
Called prefire()
Called fire()
Checking for deadlock:
There are 3 Blocked actors, 0 Stopped actors, and 4 active threads.
Waiting for actors to stop.
Sent output token with value 3.0
Next port to read input from is inputB
Called postfire()
Called prefire()
Called fire()
Checking for deadlock:
There are 2 Blocked actors, 0 Stopped actors, and 4 active threads.
Waiting for actors to stop.
Called postfire()
Called prefire()
Called fire()
Checking for deadlock:
There are 3 Blocked actors, 0 Stopped actors, and 4 active threads.
Waiting for actors to stop.
Read input token from inputB with value 4.5
Checking for deadlock:
There are 2 Blocked actors, 0 Stopped actors, and 4 active threads.
Waiting for actors to stop.
-- Read input: 3.0, which is expected to match: 3.0
Called prefire()
Called fire()
Checking for deadlock:
There are 3 Blocked actors, 0 Stopped actors, and 4 active threads.
Waiting for actors to stop.
Sent output token with value 3.0
Next port to read input from is inputA
Called postfire()
Called prefire()
Called fire()
Called postfire()
Called prefire()
Called fire()
Checking for deadlock:
There are 3 Blocked actors, 0 Stopped actors, and 4 active threads.
Waiting for actors to stop.
Read input token from inputA with value 4.0
-- Read input: 4.0, which is expected to match: 4.0
Called prefire()
Called fire()
Past the end of training data. Read and discard all inputs.
Checking for deadlock:
There are 3 Blocked actors, 0 Stopped actors, and 4 active threads.
Waiting for actors to stop.
Sent output token with value 4.0
Next port to read input from is inputA
Called postfire()
Called prefire()
Called fire()
Called postfire()
Called prefire()
Called fire()
Checking for deadlock:
There are 3 Blocked actors, 0 Stopped actors, and 4 active threads.
Waiting for actors to stop.
Read input token from inputA with value 5.0
Called prefire()
Called fire()
Past the end of training data. Read and discard all inputs.
Checking for deadlock:
There are 3 Blocked actors, 0 Stopped actors, and 4 active threads.
Waiting for actors to stop.
Sent output token with value 4.5
Next port to read input from is inputB
Called postfire()
Called prefire()
Called fire()
Checking for deadlock:
There are 2 Blocked actors, 0 Stopped actors, and 4 active threads.
Waiting for actors to stop.
Called postfire()
Called prefire()
Called fire()
Checking for deadlock:
There are 3 Blocked actors, 0 Stopped actors, and 4 active threads.
Waiting for actors to stop.
Read input token from inputB with value 6.0
Checking for deadlock:
There are 2 Blocked actors, 0 Stopped actors, and 4 active threads.
Waiting for actors to stop.
Called prefire()
Called fire()
Past the end of training data. Read and discard all inputs.
Checking for deadlock:
There are 3 Blocked actors, 0 Stopped actors, and 4 active threads.
Waiting for actors to stop.
Sent output token with value 5.0
Next port to read input from is inputA
Called postfire()
Called prefire()
Called fire()
Called postfire()
Called prefire()
Called fire()
Checking for deadlock:
There are 3 Blocked actors, 0 Stopped actors, and 4 active threads.
Waiting for actors to stop.
Read input token from inputA with value 6.0
Called prefire()
Called fire()
Past the end of training data. Read and discard all inputs.
Checking for deadlock:
There are 3 Blocked actors, 0 Stopped actors, and 4 active threads.
Waiting for actors to stop.
Sent output token with value 6.0
Next port to read input from is inputB
Called postfire()
Called prefire()
Called fire()
Checking for deadlock:
There are 2 Blocked actors, 0 Stopped actors, and 4 active threads.
Waiting for actors to stop.
Called postfire()
Called prefire()
Called fire()
Checking for deadlock:
There are 3 Blocked actors, 0 Stopped actors, and 4 active threads.
Waiting for actors to stop.
Read input token from inputB with value 7.5
Checking for deadlock:
There are 2 Blocked actors, 0 Stopped actors, and 4 active threads.
Waiting for actors to stop.
Called prefire()
Called fire()
Past the end of training data. Read and discard all inputs.
Checking for deadlock:
There are 3 Blocked actors, 0 Stopped actors, and 4 active threads.
Waiting for actors to stop.
Sent output token with value 6.0
Next port to read input from is inputA
Called postfire()
Called prefire()
Called fire()
Called postfire()
Called prefire()
Called fire()
Checking for deadlock:
There are 3 Blocked actors, 0 Stopped actors, and 4 active threads.
Waiting for actors to stop.
Read input token from inputA with value 7.0
Called prefire()
Called fire()
Past the end of training data. Read and discard all inputs.
Checking for deadlock:
There are 3 Blocked actors, 0 Stopped actors, and 4 active threads.
Waiting for actors to stop.
Sent output token with value 7.0
Next port to read input from is inputA
Called postfire()
Called prefire()
Called fire()
-- Thread wrapup() called.
Called wrapup()
Thread .top.Ramp is exiting.
-- Thread stopped.
Checking for deadlock:
There are 2 Blocked actors, 0 Stopped actors, and 3 active threads.
Waiting for actors to stop.
Read input token from inputA with value 8.0
Checking for deadlock:
There are 1 Blocked actors, 0 Stopped actors, and 3 active threads.
Waiting for actors to stop.
Called prefire()
Called fire()
Past the end of training data. Read and discard all inputs.
Checking for deadlock:
There are 2 Blocked actors, 0 Stopped actors, and 3 active threads.
Waiting for actors to stop.
Sent output token with value 7.5
Next port to read input from is inputB
Called postfire()
Called prefire()
Called fire()
Checking for deadlock:
There are 1 Blocked actors, 0 Stopped actors, and 3 active threads.
Waiting for actors to stop.
Called postfire()
Called prefire()
Called fire()
Checking for deadlock:
There are 2 Blocked actors, 0 Stopped actors, and 3 active threads.
Waiting for actors to stop.
Read input token from inputB with value 9.0
Checking for deadlock:
There are 1 Blocked actors, 0 Stopped actors, and 3 active threads.
Waiting for actors to stop.
Called prefire()
Called fire()
Past the end of training data. Read and discard all inputs.
Checking for deadlock:
There are 2 Blocked actors, 0 Stopped actors, and 3 active threads.
Waiting for actors to stop.
Sent output token with value 8.0
Next port to read input from is inputA
Called postfire()
Called prefire()
Called fire()
Read input token from inputA with value 9.0
Called prefire()
Called fire()
Past the end of training data. Read and discard all inputs.
Checking for deadlock:
There are 2 Blocked actors, 0 Stopped actors, and 3 active threads.
Waiting for actors to stop.
Sent output token with value 9.0
Next port to read input from is inputB
Called postfire()
Called prefire()
Called fire()
Called postfire()
Called prefire()
Called fire()
Checking for deadlock:
There are 2 Blocked actors, 0 Stopped actors, and 3 active threads.
Waiting for actors to stop.
Read input token from inputB with value 10.5
Called prefire()
Called fire()
Past the end of training data. Read and discard all inputs.
Checking for deadlock:
There are 2 Blocked actors, 0 Stopped actors, and 3 active threads.
Waiting for actors to stop.
Sent output token with value 9.0
Next port to read input from is inputA
Called postfire()
Called prefire()
Called fire()
Checking for deadlock:
There are 3 Blocked actors, 0 Stopped actors, and 3 active threads.
Actors have stopped.
Checking for deadlock:
There are 3 Blocked actors, 0 Stopped actors, and 3 active threads.
Deadlock detected.
Resolving Deadlock
Checking for deadlock:
There are 3 Blocked actors, 0 Stopped actors, and 3 active threads.
Artificial Deadlock - increasing queue capacity.
increasing the capacity of receiver ptolemy.actor.TypedIOPort {.top.OrderedMerge.inputB} to 2
Director: Called postfire().
Called postfire().
_stopRequested = false
_stopFireRequested = false
Returning from postfire(): true
-- Thread wrapup() called.
Called wrapup()
Thread .top.Ramp2 is exiting.
-- Thread stopped.
Called fire().
Checking for deadlock:
There are 2 Blocked actors, 0 Stopped actors, and 2 active threads.
Actors have stopped.
Checking for deadlock:
There are 2 Blocked actors, 0 Stopped actors, and 2 active threads.
Deadlock detected.
Resolving Deadlock
Checking for deadlock:
There are 2 Blocked actors, 0 Stopped actors, and 2 active threads.
Deadlock detected: no processes blocked on write, but some are blocked on read.
Called postfire().
_stopRequested = false
_stopFireRequested = false
Returning from postfire(): false
Finished deactivating branches.
Called wrapup().
-- Thread wrapup() called.
Called wrapup()
Thread .top.Test is exiting.
-- Thread stopped.
-- Blocked Receiver call threw TerminateProcessException.
-- Thread wrapup() called.
Called wrapup()
Thread .top.OrderedMerge is exiting.
-- Thread stopped.
-- Blocked Receiver call threw TerminateProcessException.
77 ms. Memory: 129024K Free: 104476K (81%)
.top. Preinitializing ...
Invoking preinitialize():  .top.OrderedMerge
Called preinitialize()
Invoking preinitialize():  .top.Ramp
Called preinitialize()
Invoking preinitialize():  .top.Ramp2
Called preinitialize()
Invoking preinitialize():  .top.Test
Called preinitialize()
.top. Finished preinitialize().
Called initialize().
Invoking initialize():  .top.OrderedMerge
Initializing actor: .top.OrderedMerge
Adding a thread: .top.OrderedMerge
Invoking initialize():  .top.Ramp
Initializing actor: .top.Ramp
Adding a thread: .top.Ramp
Invoking initialize():  .top.Ramp2
Initializing actor: .top.Ramp2
Adding a thread: .top.Ramp2
Invoking initialize():  .top.Test
Initializing actor: .top.Test
Adding a thread: .top.Test
-- Starting thread.
Called initialize()
Called prefire()
Called fire()
-- Starting thread.
Called initialize()
Called prefire()
Called fire()
Called postfire()
Called prefire()
Called fire()
-- Starting thread.
Called initialize()
Called prefire()
Called fire()
Called postfire()
Called prefire()
Called fire()
Called fire().
Checking for deadlock:
There are 3 Blocked actors, 0 Stopped actors, and 4 active threads.
Waiting for actors to stop.
-- Starting thread.
Called initialize()
Called prefire()
Called fire()
Read input token from inputA with value 0.0
Next port to read input from is inputB
Called postfire()
Called prefire()
Called fire()
Read input token from inputB with value 0.0
Sent output token with value 0.0
Next port to read input from is inputA
Called postfire()
Called prefire()
Called fire()
Checking for deadlock:
There are 1 Blocked actors, 0 Stopped actors, and 4 active threads.
Waiting for actors to stop.
Called postfire()
Called prefire()
Called fire()
-- Read input: 0.0, which is expected to match: 0.0
Called prefire()
Called fire()
Checking for deadlock:
There are 3 Blocked actors, 0 Stopped actors, and 4 active threads.
Waiting for actors to stop.
Called postfire()
Called prefire()
Called fire()
Checking for deadlock:
There are 3 Blocked actors, 0 Stopped actors, and 4 active threads.
Waiting for actors to stop.
Read input token from inputA with value 1.0
Sent output token with value 0.0
Next port to read input from is inputB
Called postfire()
Called prefire()
Called fire()
Read input token from inputB with value 1.5
Called postfire()
Called prefire()
Called fire()
-- Read input: 0.0, which is expected to match: 0.0
Called prefire()
Called fire()
Checking for deadlock:
There are 2 Blocked actors, 0 Stopped actors, and 4 active threads.
Waiting for actors to stop.
Called postfire()
Called prefire()
Called fire()
Checking for deadlock:
There are 3 Blocked actors, 0 Stopped actors, and 4 active threads.
Waiting for actors to stop.
-- Read input: 1.0, which is expected to match: 1.0
Called prefire()
Called fire()
Checking for deadlock:
There are 3 Blocked actors, 0 Stopped actors, and 4 active threads.
Waiting for actors to stop.
Sent output token with value 1.0
Next port to read input from is inputA
Called postfire()
Called prefire()
Called fire()
Checking for deadlock:
There are 2 Blocked actors, 0 Stopped actors, and 4 active threads.
Waiting for actors to stop.
Called postfire()
Called prefire()
Called fire()
Checking for deadlock:
There are 3 Blocked actors, 0 Stopped actors, and 4 active threads.
Waiting for actors to stop.
Read input token from inputA with value 2.0
Checking for deadlock:
There are 2 Blocked actors, 0 Stopped actors, and 4 active threads.
Waiting for actors to stop.
-- Read input: 1.5, which is expected to match: 1.5
Called prefire()
Called fire()
Checking for deadlock:
There are 3 Blocked actors, 0 Stopped actors, and 4 active threads.
Waiting for actors to stop.
Sent output token with value 1.5
Next port to read input from is inputB
Called postfire()
Called prefire()
Called fire()
Checking for deadlock:
There are 2 Blocked actors, 0 Stopped actors, and 4 active threads.
Waiting for actors to stop.
Called postfire()
Called prefire()
Called fire()
Checking for deadlock:
There are 3 Blocked actors, 0 Stopped actors, and 4 active threads.
Waiting for actors to stop.
Read input token from inputB with value 3.0
Checking for deadlock:
There are 2 Blocked actors, 0 Stopped actors, and 4 active threads.
Waiting for actors to stop.
-- Read input: 2.0, which is expected to match: 2.0
Called prefire()
Called fire()
Checking for deadlock:
There are 3 Blocked actors, 0 Stopped actors, and 4 active threads.
Waiting for actors to stop.
Sent output token with value 2.0
Next port to read input from is inputA
Called postfire()
Called prefire()
Called fire()
Checking for deadlock:
There are 2 Blocked actors, 0 Stopped actors, and 4 active threads.
Waiting for actors to stop.
Called postfire()
Called prefire()
Called fire()
Checking for deadlock:
There are 3 Blocked actors, 0 Stopped actors, and 4 active threads.
Waiting for actors to stop.
Read input token from inputA with value 3.0
Checking for deadlock:
There are 2 Blocked actors, 0 Stopped actors, and 4 active threads.
Waiting for actors to stop.
-- Read input: 3.0, which is expected to match: 3.0
Called prefire()
Called fire()
Checking for deadlock:
There are 3 Blocked actors, 0 Stopped actors, and 4 active threads.
Waiting for actors to stop.
Sent output token with value 3.0
Next port to read input from is inputB
Called postfire()
Called prefire()
Called fire()
Called postfire()
Called prefire()
Called fire()
Checking for deadlock:
There are 3 Blocked actors, 0 Stopped actors, and 4 active threads.
Waiting for actors to stop.
Read input token from inputB with value 4.5
-- Read input: 3.0, which is expected to match: 3.0
Called prefire()
Called fire()
Checking for deadlock:
There are 3 Blocked actors, 0 Stopped actors, and 4 active threads.
Waiting for actors to stop.
Sent output token with value 3.0
Next port to read input from is inputA
Called postfire()
Called prefire()
Called fire()
Checking for deadlock:
There are 2 Blocked actors, 0 Stopped actors, and 4 active threads.
Waiting for actors to stop.
Called postfire()
Called prefire()
Called fire()
Checking for deadlock:
There are 3 Blocked actors, 0 Stopped actors, and 4 active threads.
Waiting for actors to stop.
Read input token from inputA with value 4.0
Checking for deadlock:
There are 2 Blocked actors, 0 Stopped actors, and 4 active threads.
Waiting for actors to stop.
-- Read input: 4.0, which is expected to match: 4.0
Called prefire()
Called fire()
Past the end of training data. Read and discard all inputs.
Checking for deadlock:
There are 3 Blocked actors, 0 Stopped actors, and 4 active threads.
Waiting for actors to stop.
Sent output token with value 4.0
Next port to read input from is inputA
Called postfire()
Called prefire()
Called fire()
Checking for deadlock:
There are 2 Blocked actors, 0 Stopped actors, and 4 active threads.
Waiting for actors to stop.
Called postfire()
Called prefire()
Called fire()
Checking for deadlock:
There are 3 Blocked actors, 0 Stopped actors, and 4 active threads.
Waiting for actors to stop.
Read input token from inputA with value 5.0
Checking for deadlock:
There are 2 Blocked actors, 0 Stopped actors, and 4 active threads.
Waiting for actors to stop.
Called prefire()
Called fire()
Past the end of training data. Read and discard all inputs.
Checking for deadlock:
There are 3 Blocked actors, 0 Stopped actors, and 4 active threads.
Waiting for actors to stop.
Sent output token with value 4.5
Next port to read input from is inputB
Called postfire()
Called prefire()
Called fire()
Called postfire()
Called prefire()
Called fire()
Checking for deadlock:
There are 3 Blocked actors, 0 Stopped actors, and 4 active threads.
Waiting for actors to stop.
Read input token from inputB with value 6.0
Called prefire()
Called fire()
Past the end of training data. Read and discard all inputs.
Checking for deadlock:
There are 3 Blocked actors, 0 Stopped actors, and 4 active threads.
Waiting for actors to stop.
Sent output token with value 5.0
Next port to read input from is inputA
Called postfire()
Called prefire()
Called fire()
Checking for deadlock:
There are 2 Blocked actors, 0 Stopped actors, and 4 active threads.
Waiting for actors to stop.
Called postfire()
Called prefire()
Called fire()
Checking for deadlock:
There are 3 Blocked actors, 0 Stopped actors, and 4 active threads.
Waiting for actors to stop.
Read input token from inputA with value 6.0
Checking for deadlock:
There are 2 Blocked actors, 0 Stopped actors, and 4 active threads.
Waiting for actors to stop.
Called prefire()
Called fire()
Past the end of training data. Read and discard all inputs.
Checking for deadlock:
There are 3 Blocked actors, 0 Stopped actors, and 4 active threads.
Waiting for actors to stop.
Sent output token with value 6.0
Next port to read input from is inputB
Called postfire()
Called prefire()
Called fire()
Checking for deadlock:
There are 2 Blocked actors, 0 Stopped actors, and 4 active threads.
Waiting for actors to stop.
Called postfire()
Called prefire()
Called fire()
Checking for deadlock:
There are 3 Blocked actors, 0 Stopped actors, and 4 active threads.
Waiting for actors to stop.
Read input token from inputB with value 7.5
Checking for deadlock:
There are 2 Blocked actors, 0 Stopped actors, and 4 active threads.
Waiting for actors to stop.
Called prefire()
Called fire()
Past the end of training data. Read and discard all inputs.
Checking for deadlock:
There are 3 Blocked actors, 0 Stopped actors, and 4 active threads.
Waiting for actors to stop.
Sent output token with value 6.0
Next port to read input from is inputA
Called postfire()
Called prefire()
Called fire()
Checking for deadlock:
There are 2 Blocked actors, 0 Stopped actors, and 4 active threads.
Waiting for actors to stop.
Called postfire()
Called prefire()
Called fire()
Checking for deadlock:
There are 3 Blocked actors, 0 Stopped actors, and 4 active threads.
Waiting for actors to stop.
Read input token from inputA with value 7.0
Checking for deadlock:
There are 2 Blocked actors, 0 Stopped actors, and 4 active threads.
Waiting for actors to stop.
Called prefire()
Called fire()
Past the end of training data. Read and discard all inputs.
Checking for deadlock:
There are 3 Blocked actors, 0 Stopped actors, and 4 active threads.
Waiting for actors to stop.
Sent output token with value 7.0
Next port to read input from is inputA
Called postfire()
Called prefire()
Called fire()
Checking for deadlock:
There are 2 Blocked actors, 0 Stopped actors, and 4 active threads.
Waiting for actors to stop.
-- Thread wrapup() called.
Called wrapup()
Thread .top.Ramp is exiting.
Checking for deadlock:
There are 2 Blocked actors, 0 Stopped actors, and 3 active threads.
Waiting for actors to stop.
-- Thread stopped.
Read input token from inputA with value 8.0
Called prefire()
Called fire()
Past the end of training data. Read and discard all inputs.
Checking for deadlock:
There are 2 Blocked actors, 0 Stopped actors, and 3 active threads.
Waiting for actors to stop.
Sent output token with value 7.5
Next port to read input from is inputB
Called postfire()
Called prefire()
Called fire()
Checking for deadlock:
There are 1 Blocked actors, 0 Stopped actors, and 3 active threads.
Waiting for actors to stop.
Called postfire()
Called prefire()
Called fire()
Checking for deadlock:
There are 2 Blocked actors, 0 Stopped actors, and 3 active threads.
Waiting for actors to stop.
Read input token from inputB with value 9.0
Checking for deadlock:
There are 1 Blocked actors, 0 Stopped actors, and 3 active threads.
Waiting for actors to stop.
Called prefire()
Called fire()
Past the end of training data. Read and discard all inputs.
Checking for deadlock:
There are 2 Blocked actors, 0 Stopped actors, and 3 active threads.
Waiting for actors to stop.
Sent output token with value 8.0
Next port to read input from is inputA
Called postfire()
Called prefire()
Called fire()
Read input token from inputA with value 9.0
Called prefire()
Called fire()
Past the end of training data. Read and discard all inputs.
Checking for deadlock:
There are 2 Blocked actors, 0 Stopped actors, and 3 active threads.
Waiting for actors to stop.
Sent output token with value 9.0
Next port to read input from is inputB
Called postfire()
Called prefire()
Called fire()
Called postfire()
Called prefire()
Called fire()
Checking for deadlock:
There are 2 Blocked actors, 0 Stopped actors, and 3 active threads.
Waiting for actors to stop.
Read input token from inputB with value 10.5
Called prefire()
Called fire()
Past the end of training data. Read and discard all inputs.
Checking for deadlock:
There are 2 Blocked actors, 0 Stopped actors, and 3 active threads.
Waiting for actors to stop.
Sent output token with value 9.0
Next port to read input from is inputA
Called postfire()
Called prefire()
Called fire()
Checking for deadlock:
There are 3 Blocked actors, 0 Stopped actors, and 3 active threads.
Actors have stopped.
Checking for deadlock:
There are 3 Blocked actors, 0 Stopped actors, and 3 active threads.
Deadlock detected.
Resolving Deadlock
Checking for deadlock:
There are 3 Blocked actors, 0 Stopped actors, and 3 active threads.
Artificial Deadlock - increasing queue capacity.
increasing the capacity of receiver ptolemy.actor.TypedIOPort {.top.OrderedMerge.inputB} to 2
Director: Called postfire().
Called postfire().
_stopRequested = false
_stopFireRequested = false
Returning from postfire(): true
Called fire().
Checking for deadlock:
There are 2 Blocked actors, 0 Stopped actors, and 3 active threads.
Waiting for actors to stop.
-- Thread wrapup() called.
Called wrapup()
Thread .top.Ramp2 is exiting.
-- Thread stopped.
Checking for deadlock:
There are 2 Blocked actors, 0 Stopped actors, and 2 active threads.
Actors have stopped.
Checking for deadlock:
There are 2 Blocked actors, 0 Stopped actors, and 2 active threads.
Deadlock detected.
Resolving Deadlock
Checking for deadlock:
There are 2 Blocked actors, 0 Stopped actors, and 2 active threads.
Deadlock detected: no processes blocked on write, but some are blocked on read.
Called postfire().
_stopRequested = false
_stopFireRequested = false
Returning from postfire(): false
Finished deactivating branches.
Called wrapup().
-- Thread wrapup() called.
Called wrapup()
-- Thread wrapup() called.
Called wrapup()
Thread .top.Test is exiting.
-- Thread stopped.
-- Blocked Receiver call threw TerminateProcessException.
Thread .top.OrderedMerge is exiting.
-- Thread stopped.
-- Blocked Receiver call threw TerminateProcessException.
38 ms. Memory: 129024K Free: 103172K (80%)
/home/travis/build/icyphy/ptII/ptolemy/actor/lib/test/Publisher.tcl
20 ms. Memory: 129024K Free: 96798K (75%)
17 ms. Memory: 129024K Free: 110486K (86%)
3 ms. Memory: 129024K Free: 106390K (82%)
3 ms. Memory: 129024K Free: 105366K (82%)
2 ms. Memory: 129024K Free: 104837K (81%)
3 ms. Memory: 129024K Free: 103828K (80%)
2 ms. Memory: 129024K Free: 103318K (80%)
3 ms. Memory: 129024K Free: 102294K (79%)
23 ms. Memory: 129024K Free: 92564K (72%)
5 ms. Memory: 129024K Free: 88453K (69%)
4 ms. Memory: 129024K Free: 87958K (68%)
4 ms. Memory: 129024K Free: 85381K (66%)
6 ms. Memory: 129024K Free: 77718K (60%)
5 ms. Memory: 129024K Free: 68502K (53%)
18 ms. Memory: 129024K Free: 57238K (44%)
/home/travis/build/icyphy/ptII/ptolemy/actor/lib/test/Pulse.tcl
2 ms. Memory: 160768K Free: 111855K (70%)
1 ms. Memory: 160768K Free: 111327K (69%)
1 ms. Memory: 160768K Free: 110831K (69%)
1 ms. Memory: 160768K Free: 110287K (69%)
1 ms. Memory: 160768K Free: 109807K (68%)
6 ms. Memory: 160768K Free: 108269K (67%)
3 ms. Memory: 160768K Free: 107759K (67%)
2 ms. Memory: 160768K Free: 106735K (66%)
1 ms. Memory: 160768K Free: 106221K (66%)
/home/travis/build/icyphy/ptII/ptolemy/actor/lib/test/Ramp.tcl
3 ms. Memory: 160768K Free: 104167K (65%)
1 ms. Memory: 160768K Free: 103663K (64%)
4 ms. Memory: 160768K Free: 102639K (64%)
2 ms. Memory: 160768K Free: 102125K (64%)
5 ms. Memory: 160768K Free: 101101K (63%)
7 ms. Memory: 160768K Free: 100047K (62%)
7 ms. Memory: 160768K Free: 99053K (62%)
5 actors
5000 microseconds per iteration to create
14 ms. Memory: 160768K Free: 96495K (60%)
2 ms. Memory: 160768K Free: 95981K (60%)
4 ms. Memory: 160768K Free: 95471K (59%)
2 ms. Memory: 160768K Free: 94957K (59%)
50 actors
41000 microseconds per iteration to create
38 ms. Memory: 160768K Free: 79087K (49%)
4 ms. Memory: 160768K Free: 78063K (49%)
13 ms. Memory: 160768K Free: 77039K (48%)
9 ms. Memory: 160768K Free: 76015K (47%)
500 actors
1613000 microseconds per iteration to create
255 ms. Memory: 160768K Free: 60571K (38%)
63 ms. Memory: 160768K Free: 134878K (84%)
41 ms. Memory: 160768K Free: 129216K (80%)
34 ms. Memory: 160768K Free: 124124K (77%)
/home/travis/build/icyphy/ptII/ptolemy/actor/lib/test/RampContinuous.tcl
10 ms. Memory: 160768K Free: 122590K (76%)
/home/travis/build/icyphy/ptII/ptolemy/actor/lib/test/RecordAssembler.tcl
5 ms. Memory: 160768K Free: 121037K (75%)
3 ms. Memory: 160768K Free: 120013K (75%)
/home/travis/build/icyphy/ptII/ptolemy/actor/lib/test/RecordDisassembler.tcl
13 ms. Memory: 160768K Free: 118494K (74%)
4 ms. Memory: 160768K Free: 117470K (73%)
3 ms. Memory: 160768K Free: 116446K (72%)
/home/travis/build/icyphy/ptII/ptolemy/actor/lib/test/Scale.tcl
2 ms. Memory: 160768K Free: 114398K (71%)
1 ms. Memory: 160768K Free: 113869K (71%)
1 ms. Memory: 160768K Free: 112845K (70%)
2 ms. Memory: 160768K Free: 112350K (70%)
2 ms. Memory: 160768K Free: 111326K (69%)
/home/travis/build/icyphy/ptII/ptolemy/actor/lib/test/SequentialClock.tcl
preinitializing
resolving types
initializing
executing number 1
wrapping up
idle
4 ms. Memory: 160768K Free: 110302K (69%)
Completed execution with 5 iterations
preinitializing
resolving types
initializing
executing number 1
wrapping up
idle
2 ms. Memory: 160768K Free: 109788K (68%)
Completed execution with 5 iterations
preinitializing
resolving types
initializing
executing number 1
wrapping up
idle
1 ms. Memory: 160768K Free: 109278K (68%)
Completed execution with 5 iterations
/home/travis/build/icyphy/ptII/ptolemy/actor/lib/test/SetVariable.tcl
3 ms. Memory: 160768K Free: 107230K (67%)
/home/travis/build/icyphy/ptII/ptolemy/actor/lib/test/Sinewave.tcl
/home/travis/build/icyphy/ptII/ptolemy/actor/lib/test/SubscriptionAggregator.tcl
3 ms. Memory: 160768K Free: 95966K (60%)
2 ms. Memory: 160768K Free: 94942K (59%)
1 ms. Memory: 160768K Free: 94413K (59%)
0 ms. Memory: 160768K Free: 94413K (59%)
2 ms. Memory: 160768K Free: 90846K (57%)
8 ms. Memory: 160768K Free: 88284K (55%)
...............................................................975 ms. Memory: 282624K Free: 196961K (70%)
/home/travis/build/icyphy/ptII/ptolemy/actor/lib/test/Test.tcl
 The next command will produce a warning about training mode,
   which may be ignored.
10 ms. Memory: 282624K Free: 194915K (69%)
3 ms. Memory: 282624K Free: 194386K (69%)
1 ms. Memory: 282624K Free: 192867K (68%)
1 ms. Memory: 282624K Free: 192338K (68%)
2 ms. Memory: 282624K Free: 191843K (68%)
4 ms. Memory: 282624K Free: 190819K (68%)
3 ms. Memory: 282624K Free: 189266K (67%)
 The next command will produce a warning about training mode,
   which may be ignored.
5 ms. Memory: 282624K Free: 186723K (66%)
 The next command will produce a warning about training mode,
   which may be ignored.
3 ms. Memory: 282624K Free: 185699K (66%)
1 ms. Memory: 282624K Free: 185170K (66%)
1 ms. Memory: 282624K Free: 184675K (65%)
1 ms. Memory: 282624K Free: 184146K (65%)
7 ms. Memory: 282624K Free: 183137K (65%)
3 ms. Memory: 282624K Free: 179555K (64%)
/home/travis/build/icyphy/ptII/ptolemy/actor/lib/test/TestExceptionHandler.tcl
 The next command will produce a warning about training mode,
   which may be ignored.
3 ms. Memory: 282624K Free: 177986K (63%)
1 ms. Memory: 282624K Free: 177507K (63%)
0 ms. Memory: 282624K Free: 176993K (63%)
/home/travis/build/icyphy/ptII/ptolemy/actor/lib/test/UnionDisassembler.tcl
14 ms. Memory: 282624K Free: 169810K (60%)
/home/travis/build/icyphy/ptII/ptolemy/actor/lib/test/VariableClock.tcl
preinitializing
resolving types
initializing
executing number 1
wrapping up
idle
4 ms. Memory: 282624K Free: 167762K (59%)
Completed execution with 11 iterations
preinitializing
resolving types
initializing
executing number 1
wrapping up
idle
4 ms. Memory: 282624K Free: 166738K (59%)
Completed execution with 10 iterations
01/24/20 06:54:08
Failed: 0  Total Tests: 233  ((Passed: 233, Newly Passed: 0)  Known Failed: 0) /home/travis/build/icyphy/ptII/ptolemy/actor/lib/test
----------------- testing (KnownFailure) /home/travis/build/icyphy/ptII/ptolemy/actor/lib/test/auto/knownFailedTests/PublisherPortToplevelSubscriber.xml
0 ms. Memory: 282624K Free: 163171K (58%)
Known Failure: java.lang.reflect.InvocationTargetException
----------------- testing (KnownFailure) /home/travis/build/icyphy/ptII/ptolemy/actor/lib/test/auto/knownFailedTests/PublisherSubscriberPortToplevel.xml
2 ms. Memory: 282624K Free: 159585K (56%)
Known Failure: java.lang.reflect.InvocationTargetException
----------------- testing (KnownFailure) /home/travis/build/icyphy/ptII/ptolemy/actor/lib/test/auto/knownFailedTests/PublisherSubscriptionAggregatorPort.xml
0 ms. Memory: 282624K Free: 155489K (55%)
Known Failure: java.lang.reflect.InvocationTargetException
----------------- testing (KnownFailure) /home/travis/build/icyphy/ptII/ptolemy/actor/lib/test/auto/knownFailedTests/sizedarray3.xml
9 ms. Memory: 282624K Free: 151393K (54%)
Known Failure: java.lang.reflect.InvocationTargetException
No auto/linux-amd64/*.xml tests in /home/travis/build/icyphy/ptII/ptolemy/actor/lib/test
AutoTests.java: About to close Vertx.
AutoTests.java: Vertx closed.

===========================================================================================
----------------- testing Fri Jan 24 06:54:08 UTC 2020 /home/travis/build/icyphy/ptII/ptolemy/actor/lib/test/auto/AbsoluteValue.xml
----------------- Instantiating /home/travis/build/icyphy/ptII/ptolemy/actor/lib/test/auto/AbsoluteValue.xml
18 ms. Memory: 282624K Free: 128355K (45%)
----------------- Invoking toplevel() on ptolemy.moml.MoMLSimpleApplication@53a2f71b
----------------- Done invoking toplevel() on ptolemy.moml.MoMLSimpleApplication@53a2f71b
reloadAllAccessors: .AbsoluteValue

===========================================================================================
----------------- testing Fri Jan 24 06:54:08 UTC 2020 /home/travis/build/icyphy/ptII/ptolemy/actor/lib/test/auto/AbsoluteValue2.xml
----------------- Instantiating /home/travis/build/icyphy/ptII/ptolemy/actor/lib/test/auto/AbsoluteValue2.xml
5 ms. Memory: 282624K Free: 121697K (43%)
----------------- Invoking toplevel() on ptolemy.moml.MoMLSimpleApplication@64261b79
----------------- Done invoking toplevel() on ptolemy.moml.MoMLSimpleApplication@64261b79
reloadAllAccessors: .AbsoluteValue2

===========================================================================================
----------------- testing Fri Jan 24 06:54:08 UTC 2020 /home/travis/build/icyphy/ptII/ptolemy/actor/lib/test/auto/Accumulator.xml
----------------- Instantiating /home/travis/build/icyphy/ptII/ptolemy/actor/lib/test/auto/Accumulator.xml
5 ms. Memory: 282624K Free: 115043K (41%)
----------------- Invoking toplevel() on ptolemy.moml.MoMLSimpleApplication@7065abf5
----------------- Done invoking toplevel() on ptolemy.moml.MoMLSimpleApplication@7065abf5
reloadAllAccessors: .Accumulator

===========================================================================================
----------------- testing Fri Jan 24 06:54:08 UTC 2020 /home/travis/build/icyphy/ptII/ptolemy/actor/lib/test/auto/Accumulator2.xml
----------------- Instantiating /home/travis/build/icyphy/ptII/ptolemy/actor/lib/test/auto/Accumulator2.xml
14 ms. Memory: 282624K Free: 109923K (39%)
----------------- Invoking toplevel() on ptolemy.moml.MoMLSimpleApplication@3363d481
----------------- Done invoking toplevel() on ptolemy.moml.MoMLSimpleApplication@3363d481
reloadAllAccessors: .Accumulator2

===========================================================================================
----------------- testing Fri Jan 24 06:54:08 UTC 2020 /home/travis/build/icyphy/ptII/ptolemy/actor/lib/test/auto/Accumulator3.xml
----------------- Instantiating /home/travis/build/icyphy/ptII/ptolemy/actor/lib/test/auto/Accumulator3.xml
3 ms. Memory: 282624K Free: 105827K (37%)
----------------- Invoking toplevel() on ptolemy.moml.MoMLSimpleApplication@588319b7
----------------- Done invoking toplevel() on ptolemy.moml.MoMLSimpleApplication@588319b7
reloadAllAccessors: .Accumulator3

===========================================================================================
----------------- testing Fri Jan 24 06:54:08 UTC 2020 /home/travis/build/icyphy/ptII/ptolemy/actor/lib/test/auto/ArrayAppend.xml
----------------- Instantiating /home/travis/build/icyphy/ptII/ptolemy/actor/lib/test/auto/ArrayAppend.xml
4 ms. Memory: 282624K Free: 99154K (35%)
----------------- Invoking toplevel() on ptolemy.moml.MoMLSimpleApplication@72486c74
----------------- Done invoking toplevel() on ptolemy.moml.MoMLSimpleApplication@72486c74
reloadAllAccessors: .ArrayAppend

===========================================================================================
----------------- testing Fri Jan 24 06:54:08 UTC 2020 /home/travis/build/icyphy/ptII/ptolemy/actor/lib/test/auto/ArrayAppend2.xml
----------------- Instantiating /home/travis/build/icyphy/ptII/ptolemy/actor/lib/test/auto/ArrayAppend2.xml
374 ms. Memory: 282624K Free: 163050K (58%)
----------------- Invoking toplevel() on ptolemy.moml.MoMLSimpleApplication@549441c5
----------------- Done invoking toplevel() on ptolemy.moml.MoMLSimpleApplication@549441c5
reloadAllAccessors: .ArrayAppend2

===========================================================================================
----------------- testing Fri Jan 24 06:54:09 UTC 2020 /home/travis/build/icyphy/ptII/ptolemy/actor/lib/test/auto/ArrayAppend3.xml
----------------- Instantiating /home/travis/build/icyphy/ptII/ptolemy/actor/lib/test/auto/ArrayAppend3.xml
4 ms. Memory: 282624K Free: 157246K (56%)
----------------- Invoking toplevel() on ptolemy.moml.MoMLSimpleApplication@1b20c6d0
----------------- Done invoking toplevel() on ptolemy.moml.MoMLSimpleApplication@1b20c6d0
reloadAllAccessors: .ArrayAppend3

===========================================================================================
----------------- testing Fri Jan 24 06:54:09 UTC 2020 /home/travis/build/icyphy/ptII/ptolemy/actor/lib/test/auto/ArrayAppend4.xml
----------------- Instantiating /home/travis/build/icyphy/ptII/ptolemy/actor/lib/test/auto/ArrayAppend4.xml
2 ms. Memory: 282624K Free: 151612K (54%)
----------------- Invoking toplevel() on ptolemy.moml.MoMLSimpleApplication@3b88512d
----------------- Done invoking toplevel() on ptolemy.moml.MoMLSimpleApplication@3b88512d
reloadAllAccessors: .ArrayAppend4

===========================================================================================
----------------- testing Fri Jan 24 06:54:09 UTC 2020 /home/travis/build/icyphy/ptII/ptolemy/actor/lib/test/auto/ArrayAppend5.xml
----------------- Instantiating /home/travis/build/icyphy/ptII/ptolemy/actor/lib/test/auto/ArrayAppend5.xml
2 ms. Memory: 282624K Free: 146492K (52%)
----------------- Invoking toplevel() on ptolemy.moml.MoMLSimpleApplication@6743a17d
----------------- Done invoking toplevel() on ptolemy.moml.MoMLSimpleApplication@6743a17d
reloadAllAccessors: .ArrayAppend5

===========================================================================================
----------------- testing Fri Jan 24 06:54:09 UTC 2020 /home/travis/build/icyphy/ptII/ptolemy/actor/lib/test/auto/ArrayAppend6.xml
----------------- Instantiating /home/travis/build/icyphy/ptII/ptolemy/actor/lib/test/auto/ArrayAppend6.xml
5 ms. Memory: 282624K Free: 141372K (50%)
----------------- Invoking toplevel() on ptolemy.moml.MoMLSimpleApplication@14260185
----------------- Done invoking toplevel() on ptolemy.moml.MoMLSimpleApplication@14260185
reloadAllAccessors: .ArrayAppend6

===========================================================================================
----------------- testing Fri Jan 24 06:54:09 UTC 2020 /home/travis/build/icyphy/ptII/ptolemy/actor/lib/test/auto/ArrayAppendPerformanceTest.xml
----------------- Instantiating /home/travis/build/icyphy/ptII/ptolemy/actor/lib/test/auto/ArrayAppendPerformanceTest.xml
25 ms. Memory: 282624K Free: 129598K (46%)
----------------- Invoking toplevel() on ptolemy.moml.MoMLSimpleApplication@7c6bd4f9
----------------- Done invoking toplevel() on ptolemy.moml.MoMLSimpleApplication@7c6bd4f9
reloadAllAccessors: .ArrayAppendPerformanceTest

===========================================================================================
----------------- testing Fri Jan 24 06:54:09 UTC 2020 /home/travis/build/icyphy/ptII/ptolemy/actor/lib/test/auto/ArrayAppendWithEmptyInput.xml
----------------- Instantiating /home/travis/build/icyphy/ptII/ptolemy/actor/lib/test/auto/ArrayAppendWithEmptyInput.xml
11 ms. Memory: 282624K Free: 121916K (43%)
----------------- Invoking toplevel() on ptolemy.moml.MoMLSimpleApplication@75d3ddfc
----------------- Done invoking toplevel() on ptolemy.moml.MoMLSimpleApplication@75d3ddfc
reloadAllAccessors: .ArrayAppendWithEmptyInput

===========================================================================================
----------------- testing Fri Jan 24 06:54:09 UTC 2020 /home/travis/build/icyphy/ptII/ptolemy/actor/lib/test/auto/ArrayAverage.xml
----------------- Instantiating /home/travis/build/icyphy/ptII/ptolemy/actor/lib/test/auto/ArrayAverage.xml
5 ms. Memory: 282624K Free: 114238K (40%)
----------------- Invoking toplevel() on ptolemy.moml.MoMLSimpleApplication@701d70d2
----------------- Done invoking toplevel() on ptolemy.moml.MoMLSimpleApplication@701d70d2
reloadAllAccessors: .ArrayAverage

===========================================================================================
----------------- testing Fri Jan 24 06:54:09 UTC 2020 /home/travis/build/icyphy/ptII/ptolemy/actor/lib/test/auto/ArrayContains.xml
----------------- Instantiating /home/travis/build/icyphy/ptII/ptolemy/actor/lib/test/auto/ArrayContains.xml
3 ms. Memory: 282624K Free: 108604K (38%)
----------------- Invoking toplevel() on ptolemy.moml.MoMLSimpleApplication@69c25da9
----------------- Done invoking toplevel() on ptolemy.moml.MoMLSimpleApplication@69c25da9
reloadAllAccessors: .ArrayContains

===========================================================================================
----------------- testing Fri Jan 24 06:54:09 UTC 2020 /home/travis/build/icyphy/ptII/ptolemy/actor/lib/test/auto/ArrayElement.xml
----------------- Instantiating /home/travis/build/icyphy/ptII/ptolemy/actor/lib/test/auto/ArrayElement.xml
3 ms. Memory: 282624K Free: 102460K (36%)
----------------- Invoking toplevel() on ptolemy.moml.MoMLSimpleApplication@7b3299fa
----------------- Done invoking toplevel() on ptolemy.moml.MoMLSimpleApplication@7b3299fa
reloadAllAccessors: .ArrayElement

===========================================================================================
----------------- testing Fri Jan 24 06:54:09 UTC 2020 /home/travis/build/icyphy/ptII/ptolemy/actor/lib/test/auto/ArrayElementAsMatrix.xml
----------------- Instantiating /home/travis/build/icyphy/ptII/ptolemy/actor/lib/test/auto/ArrayElementAsMatrix.xml
24 ms. Memory: 282624K Free: 92734K (33%)
----------------- Invoking toplevel() on ptolemy.moml.MoMLSimpleApplication@85f888e
----------------- Done invoking toplevel() on ptolemy.moml.MoMLSimpleApplication@85f888e
reloadAllAccessors: .ArrayElementAsMatrix

===========================================================================================
----------------- testing Fri Jan 24 06:54:09 UTC 2020 /home/travis/build/icyphy/ptII/ptolemy/actor/lib/test/auto/ArrayElementI.xml
----------------- Instantiating /home/travis/build/icyphy/ptII/ptolemy/actor/lib/test/auto/ArrayElementI.xml
2 ms. Memory: 282624K Free: 87100K (31%)
----------------- Invoking toplevel() on ptolemy.moml.MoMLSimpleApplication@10102b7
----------------- Done invoking toplevel() on ptolemy.moml.MoMLSimpleApplication@10102b7
reloadAllAccessors: .ArrayElementI

===========================================================================================
----------------- testing Fri Jan 24 06:54:09 UTC 2020 /home/travis/build/icyphy/ptII/ptolemy/actor/lib/test/auto/ArrayExtract.xml
----------------- Instantiating /home/travis/build/icyphy/ptII/ptolemy/actor/lib/test/auto/ArrayExtract.xml
56 ms. Memory: 282624K Free: 231169K (82%)
----------------- Invoking toplevel() on ptolemy.moml.MoMLSimpleApplication@3ca5b90a
----------------- Done invoking toplevel() on ptolemy.moml.MoMLSimpleApplication@3ca5b90a
reloadAllAccessors: .ArrayExtract

===========================================================================================
----------------- testing Fri Jan 24 06:54:09 UTC 2020 /home/travis/build/icyphy/ptII/ptolemy/actor/lib/test/auto/ArrayExtract2.xml
----------------- Instantiating /home/travis/build/icyphy/ptII/ptolemy/actor/lib/test/auto/ArrayExtract2.xml
2 ms. Memory: 282624K Free: 225302K (80%)
----------------- Invoking toplevel() on ptolemy.moml.MoMLSimpleApplication@18068c6
----------------- Done invoking toplevel() on ptolemy.moml.MoMLSimpleApplication@18068c6
reloadAllAccessors: .ArrayExtract2

===========================================================================================
----------------- testing Fri Jan 24 06:54:09 UTC 2020 /home/travis/build/icyphy/ptII/ptolemy/actor/lib/test/auto/ArrayLength.xml
----------------- Instantiating /home/travis/build/icyphy/ptII/ptolemy/actor/lib/test/auto/ArrayLength.xml
1 ms. Memory: 282624K Free: 221206K (78%)
----------------- Invoking toplevel() on ptolemy.moml.MoMLSimpleApplication@4b307571
----------------- Done invoking toplevel() on ptolemy.moml.MoMLSimpleApplication@4b307571
reloadAllAccessors: .ArrayLength

===========================================================================================
----------------- testing Fri Jan 24 06:54:09 UTC 2020 /home/travis/build/icyphy/ptII/ptolemy/actor/lib/test/auto/ArrayLevelCrossing.xml
----------------- Instantiating /home/travis/build/icyphy/ptII/ptolemy/actor/lib/test/auto/ArrayLevelCrossing.xml
3 ms. Memory: 282624K Free: 213524K (76%)
----------------- Invoking toplevel() on ptolemy.moml.MoMLSimpleApplication@12eba446
----------------- Done invoking toplevel() on ptolemy.moml.MoMLSimpleApplication@12eba446
reloadAllAccessors: .ArrayLevelCrossing

===========================================================================================
----------------- testing Fri Jan 24 06:54:09 UTC 2020 /home/travis/build/icyphy/ptII/ptolemy/actor/lib/test/auto/ArrayLevelCrossing2.xml
----------------- Instantiating /home/travis/build/icyphy/ptII/ptolemy/actor/lib/test/auto/ArrayLevelCrossing2.xml
3 ms. Memory: 282624K Free: 206326K (73%)
----------------- Invoking toplevel() on ptolemy.moml.MoMLSimpleApplication@72f5f1a8
----------------- Done invoking toplevel() on ptolemy.moml.MoMLSimpleApplication@72f5f1a8
reloadAllAccessors: .ArrayLevelCrossing2

===========================================================================================
----------------- testing Fri Jan 24 06:54:09 UTC 2020 /home/travis/build/icyphy/ptII/ptolemy/actor/lib/test/auto/ArrayPeakSearch.xml
----------------- Instantiating /home/travis/build/icyphy/ptII/ptolemy/actor/lib/test/auto/ArrayPeakSearch.xml
4 ms. Memory: 282624K Free: 197140K (70%)
----------------- Invoking toplevel() on ptolemy.moml.MoMLSimpleApplication@7ae7e89d
----------------- Done invoking toplevel() on ptolemy.moml.MoMLSimpleApplication@7ae7e89d
reloadAllAccessors: .ArrayPeakSearch

===========================================================================================
----------------- testing Fri Jan 24 06:54:09 UTC 2020 /home/travis/build/icyphy/ptII/ptolemy/actor/lib/test/auto/ArrayPeakSearch2.xml
----------------- Instantiating /home/travis/build/icyphy/ptII/ptolemy/actor/lib/test/auto/ArrayPeakSearch2.xml
4 ms. Memory: 282624K Free: 186886K (66%)
----------------- Invoking toplevel() on ptolemy.moml.MoMLSimpleApplication@56cfbd87
----------------- Done invoking toplevel() on ptolemy.moml.MoMLSimpleApplication@56cfbd87
reloadAllAccessors: .ArrayPeakSearch2

===========================================================================================
----------------- testing Fri Jan 24 06:54:09 UTC 2020 /home/travis/build/icyphy/ptII/ptolemy/actor/lib/test/auto/ArrayPeakSearch3.xml
----------------- Instantiating /home/travis/build/icyphy/ptII/ptolemy/actor/lib/test/auto/ArrayPeakSearch3.xml
4 ms. Memory: 282624K Free: 177684K (63%)
----------------- Invoking toplevel() on ptolemy.moml.MoMLSimpleApplication@5b0a171a
----------------- Done invoking toplevel() on ptolemy.moml.MoMLSimpleApplication@5b0a171a
reloadAllAccessors: .ArrayPeakSearch3

===========================================================================================
----------------- testing Fri Jan 24 06:54:10 UTC 2020 /home/travis/build/icyphy/ptII/ptolemy/actor/lib/test/auto/ArrayRemoveElement.xml
----------------- Instantiating /home/travis/build/icyphy/ptII/ptolemy/actor/lib/test/auto/ArrayRemoveElement.xml
3 ms. Memory: 282624K Free: 170006K (60%)
----------------- Invoking toplevel() on ptolemy.moml.MoMLSimpleApplication@6d229d5a
----------------- Done invoking toplevel() on ptolemy.moml.MoMLSimpleApplication@6d229d5a
reloadAllAccessors: .ArrayRemoveElement

===========================================================================================
----------------- testing Fri Jan 24 06:54:10 UTC 2020 /home/travis/build/icyphy/ptII/ptolemy/actor/lib/test/auto/ArraySort.xml
----------------- Instantiating /home/travis/build/icyphy/ptII/ptolemy/actor/lib/test/auto/ArraySort.xml
7 ms. Memory: 282624K Free: 160790K (57%)
----------------- Invoking toplevel() on ptolemy.moml.MoMLSimpleApplication@50be676e
----------------- Done invoking toplevel() on ptolemy.moml.MoMLSimpleApplication@50be676e
reloadAllAccessors: .ArraySort

===========================================================================================
----------------- testing Fri Jan 24 06:54:10 UTC 2020 /home/travis/build/icyphy/ptII/ptolemy/actor/lib/test/auto/ArraySum.xml
----------------- Instantiating /home/travis/build/icyphy/ptII/ptolemy/actor/lib/test/auto/ArraySum.xml
5 ms. Memory: 282624K Free: 155670K (55%)
----------------- Invoking toplevel() on ptolemy.moml.MoMLSimpleApplication@7bb83d4d
----------------- Done invoking toplevel() on ptolemy.moml.MoMLSimpleApplication@7bb83d4d
reloadAllAccessors: .ArraySum

===========================================================================================
----------------- testing Fri Jan 24 06:54:10 UTC 2020 /home/travis/build/icyphy/ptII/ptolemy/actor/lib/test/auto/ArrayToElements.xml
----------------- Instantiating /home/travis/build/icyphy/ptII/ptolemy/actor/lib/test/auto/ArrayToElements.xml
3 ms. Memory: 282624K Free: 150036K (53%)
----------------- Invoking toplevel() on ptolemy.moml.MoMLSimpleApplication@1a10acf4
----------------- Done invoking toplevel() on ptolemy.moml.MoMLSimpleApplication@1a10acf4
reloadAllAccessors: .ArrayToElements

===========================================================================================
----------------- testing Fri Jan 24 06:54:10 UTC 2020 /home/travis/build/icyphy/ptII/ptolemy/actor/lib/test/auto/ArrayToMatrix.xml
----------------- Instantiating /home/travis/build/icyphy/ptII/ptolemy/actor/lib/test/auto/ArrayToMatrix.xml
13 ms. Memory: 282624K Free: 136214K (48%)
----------------- Invoking toplevel() on ptolemy.moml.MoMLSimpleApplication@493e148f
----------------- Done invoking toplevel() on ptolemy.moml.MoMLSimpleApplication@493e148f
reloadAllAccessors: .ArrayToMatrix

===========================================================================================
----------------- testing Fri Jan 24 06:54:10 UTC 2020 /home/travis/build/icyphy/ptII/ptolemy/actor/lib/test/auto/ArrayUpdate1.xml
----------------- Instantiating /home/travis/build/icyphy/ptII/ptolemy/actor/lib/test/auto/ArrayUpdate1.xml
6 ms. Memory: 282624K Free: 131094K (46%)
----------------- Invoking toplevel() on ptolemy.moml.MoMLSimpleApplication@1159a9f3
----------------- Done invoking toplevel() on ptolemy.moml.MoMLSimpleApplication@1159a9f3
reloadAllAccessors: .ArrayUpdate1

===========================================================================================
----------------- testing Fri Jan 24 06:54:10 UTC 2020 /home/travis/build/icyphy/ptII/ptolemy/actor/lib/test/auto/ArrayUpdate2.xml
----------------- Instantiating /home/travis/build/icyphy/ptII/ptolemy/actor/lib/test/auto/ArrayUpdate2.xml
3 ms. Memory: 282624K Free: 124950K (44%)
----------------- Invoking toplevel() on ptolemy.moml.MoMLSimpleApplication@993e732
----------------- Done invoking toplevel() on ptolemy.moml.MoMLSimpleApplication@993e732
reloadAllAccessors: .ArrayUpdate2

===========================================================================================
----------------- testing Fri Jan 24 06:54:10 UTC 2020 /home/travis/build/icyphy/ptII/ptolemy/actor/lib/test/auto/ArrayUpdate3.xml
----------------- Instantiating /home/travis/build/icyphy/ptII/ptolemy/actor/lib/test/auto/ArrayUpdate3.xml
4 ms. Memory: 282624K Free: 119830K (42%)
----------------- Invoking toplevel() on ptolemy.moml.MoMLSimpleApplication@308e3d78
----------------- Done invoking toplevel() on ptolemy.moml.MoMLSimpleApplication@308e3d78
reloadAllAccessors: .ArrayUpdate3

===========================================================================================
----------------- testing Fri Jan 24 06:54:10 UTC 2020 /home/travis/build/icyphy/ptII/ptolemy/actor/lib/test/auto/Assert1.xml
----------------- Instantiating /home/travis/build/icyphy/ptII/ptolemy/actor/lib/test/auto/Assert1.xml
6 ms. Memory: 282624K Free: 115734K (41%)
----------------- Invoking toplevel() on ptolemy.moml.MoMLSimpleApplication@b593e07
----------------- Done invoking toplevel() on ptolemy.moml.MoMLSimpleApplication@b593e07
reloadAllAccessors: .Assert1

===========================================================================================
----------------- testing Fri Jan 24 06:54:10 UTC 2020 /home/travis/build/icyphy/ptII/ptolemy/actor/lib/test/auto/Assert2.xml
----------------- Instantiating /home/travis/build/icyphy/ptII/ptolemy/actor/lib/test/auto/Assert2.xml
2 ms. Memory: 282624K Free: 110100K (39%)
----------------- Invoking toplevel() on ptolemy.moml.MoMLSimpleApplication@21f0e033
----------------- Done invoking toplevel() on ptolemy.moml.MoMLSimpleApplication@21f0e033
reloadAllAccessors: .Assert2

===========================================================================================
----------------- testing Fri Jan 24 06:54:10 UTC 2020 /home/travis/build/icyphy/ptII/ptolemy/actor/lib/test/auto/BooleanMultiplexor.xml
----------------- Instantiating /home/travis/build/icyphy/ptII/ptolemy/actor/lib/test/auto/BooleanMultiplexor.xml
3 ms. Memory: 282624K Free: 104950K (37%)
----------------- Invoking toplevel() on ptolemy.moml.MoMLSimpleApplication@71d5b7af
----------------- Done invoking toplevel() on ptolemy.moml.MoMLSimpleApplication@71d5b7af
reloadAllAccessors: .BooleanMultiplexor

===========================================================================================
----------------- testing Fri Jan 24 06:54:10 UTC 2020 /home/travis/build/icyphy/ptII/ptolemy/actor/lib/test/auto/BooleanMultiplexor2.xml
----------------- Instantiating /home/travis/build/icyphy/ptII/ptolemy/actor/lib/test/auto/BooleanMultiplexor2.xml
12 ms. Memory: 282624K Free: 98326K (35%)
----------------- Invoking toplevel() on ptolemy.moml.MoMLSimpleApplication@39f3d157
----------------- Done invoking toplevel() on ptolemy.moml.MoMLSimpleApplication@39f3d157
reloadAllAccessors: .BooleanMultiplexor2

===========================================================================================
----------------- testing Fri Jan 24 06:54:10 UTC 2020 /home/travis/build/icyphy/ptII/ptolemy/actor/lib/test/auto/BooleanMultiplexor3.xml
----------------- Instantiating /home/travis/build/icyphy/ptII/ptolemy/actor/lib/test/auto/BooleanMultiplexor3.xml
2 ms. Memory: 282624K Free: 94740K (34%)
----------------- Invoking toplevel() on ptolemy.moml.MoMLSimpleApplication@6811c731
----------------- Done invoking toplevel() on ptolemy.moml.MoMLSimpleApplication@6811c731
reloadAllAccessors: .BooleanMultiplexor3

===========================================================================================
----------------- testing Fri Jan 24 06:54:10 UTC 2020 /home/travis/build/icyphy/ptII/ptolemy/actor/lib/test/auto/BooleanSelect.xml
----------------- Instantiating /home/travis/build/icyphy/ptII/ptolemy/actor/lib/test/auto/BooleanSelect.xml
9 ms. Memory: 282624K Free: 88582K (31%)
----------------- Invoking toplevel() on ptolemy.moml.MoMLSimpleApplication@734f1fe3
----------------- Done invoking toplevel() on ptolemy.moml.MoMLSimpleApplication@734f1fe3
reloadAllAccessors: .BooleanSelect

===========================================================================================
----------------- testing Fri Jan 24 06:54:10 UTC 2020 /home/travis/build/icyphy/ptII/ptolemy/actor/lib/test/auto/BooleanSelect2.xml
----------------- Instantiating /home/travis/build/icyphy/ptII/ptolemy/actor/lib/test/auto/BooleanSelect2.xml
2 ms. Memory: 282624K Free: 84500K (30%)
----------------- Invoking toplevel() on ptolemy.moml.MoMLSimpleApplication@75847583
----------------- Done invoking toplevel() on ptolemy.moml.MoMLSimpleApplication@75847583
reloadAllAccessors: .BooleanSelect2

===========================================================================================
----------------- testing Fri Jan 24 06:54:10 UTC 2020 /home/travis/build/icyphy/ptII/ptolemy/actor/lib/test/auto/BooleanSwitch.xml
----------------- Instantiating /home/travis/build/icyphy/ptII/ptolemy/actor/lib/test/auto/BooleanSwitch.xml
14 ms. Memory: 282624K Free: 78356K (28%)
----------------- Invoking toplevel() on ptolemy.moml.MoMLSimpleApplication@4b709e2b
----------------- Done invoking toplevel() on ptolemy.moml.MoMLSimpleApplication@4b709e2b
reloadAllAccessors: .BooleanSwitch

===========================================================================================
----------------- testing Fri Jan 24 06:54:10 UTC 2020 /home/travis/build/icyphy/ptII/ptolemy/actor/lib/test/auto/BooleanSwitch2.xml
----------------- Instantiating /home/travis/build/icyphy/ptII/ptolemy/actor/lib/test/auto/BooleanSwitch2.xml
3 ms. Memory: 282624K Free: 73750K (26%)
----------------- Invoking toplevel() on ptolemy.moml.MoMLSimpleApplication@4014ba76
----------------- Done invoking toplevel() on ptolemy.moml.MoMLSimpleApplication@4014ba76
reloadAllAccessors: .BooleanSwitch2

===========================================================================================
----------------- testing Fri Jan 24 06:54:10 UTC 2020 /home/travis/build/icyphy/ptII/ptolemy/actor/lib/test/auto/BooleanSwitchCloningBugWithClassRelationGroup.xml
----------------- Instantiating /home/travis/build/icyphy/ptII/ptolemy/actor/lib/test/auto/BooleanSwitchCloningBugWithClassRelationGroup.xml
3 ms. Memory: 282624K Free: 228076K (81%)
----------------- Invoking toplevel() on ptolemy.moml.MoMLSimpleApplication@41346550
----------------- Done invoking toplevel() on ptolemy.moml.MoMLSimpleApplication@41346550
reloadAllAccessors: .BooleanSwitchCloningBugWithClassRelationGroup

===========================================================================================
----------------- testing Fri Jan 24 06:54:10 UTC 2020 /home/travis/build/icyphy/ptII/ptolemy/actor/lib/test/auto/BusActors.xml
----------------- Instantiating /home/travis/build/icyphy/ptII/ptolemy/actor/lib/test/auto/BusActors.xml
8 ms. Memory: 282624K Free: 219670K (78%)
----------------- Invoking toplevel() on ptolemy.moml.MoMLSimpleApplication@30842945
----------------- Done invoking toplevel() on ptolemy.moml.MoMLSimpleApplication@30842945
reloadAllAccessors: .BusActors

===========================================================================================
----------------- testing Fri Jan 24 06:54:10 UTC 2020 /home/travis/build/icyphy/ptII/ptolemy/actor/lib/test/auto/ClassWrapper.xml
----------------- Instantiating /home/travis/build/icyphy/ptII/ptolemy/actor/lib/test/auto/ClassWrapper.xml
3 ms. Memory: 282624K Free: 215574K (76%)
----------------- Invoking toplevel() on ptolemy.moml.MoMLSimpleApplication@f2ef842
----------------- Done invoking toplevel() on ptolemy.moml.MoMLSimpleApplication@f2ef842
reloadAllAccessors: .ClassWrapper

===========================================================================================
----------------- testing Fri Jan 24 06:54:10 UTC 2020 /home/travis/build/icyphy/ptII/ptolemy/actor/lib/test/auto/Clock.xml
----------------- Instantiating /home/travis/build/icyphy/ptII/ptolemy/actor/lib/test/auto/Clock.xml
1 ms. Memory: 282624K Free: 211478K (75%)
----------------- Invoking toplevel() on ptolemy.moml.MoMLSimpleApplication@4e7e4cef
----------------- Done invoking toplevel() on ptolemy.moml.MoMLSimpleApplication@4e7e4cef
reloadAllAccessors: .Clock

===========================================================================================
----------------- testing Fri Jan 24 06:54:10 UTC 2020 /home/travis/build/icyphy/ptII/ptolemy/actor/lib/test/auto/Clock10.xml
----------------- Instantiating /home/travis/build/icyphy/ptII/ptolemy/actor/lib/test/auto/Clock10.xml
3 ms. Memory: 282624K Free: 205844K (73%)
----------------- Invoking toplevel() on ptolemy.moml.MoMLSimpleApplication@711f4dee
----------------- Done invoking toplevel() on ptolemy.moml.MoMLSimpleApplication@711f4dee
reloadAllAccessors: .Clock10

===========================================================================================
----------------- testing Fri Jan 24 06:54:10 UTC 2020 /home/travis/build/icyphy/ptII/ptolemy/actor/lib/test/auto/Clock11.xml
----------------- Instantiating /home/travis/build/icyphy/ptII/ptolemy/actor/lib/test/auto/Clock11.xml
7 ms. Memory: 282624K Free: 199700K (71%)
----------------- Invoking toplevel() on ptolemy.moml.MoMLSimpleApplication@3020fe3f
----------------- Done invoking toplevel() on ptolemy.moml.MoMLSimpleApplication@3020fe3f
reloadAllAccessors: .Clock11

===========================================================================================
----------------- testing Fri Jan 24 06:54:10 UTC 2020 /home/travis/build/icyphy/ptII/ptolemy/actor/lib/test/auto/Clock12.xml
----------------- Instantiating /home/travis/build/icyphy/ptII/ptolemy/actor/lib/test/auto/Clock12.xml
5 ms. Memory: 282624K Free: 194070K (69%)
----------------- Invoking toplevel() on ptolemy.moml.MoMLSimpleApplication@545a969d
----------------- Done invoking toplevel() on ptolemy.moml.MoMLSimpleApplication@545a969d
reloadAllAccessors: .Clock12

===========================================================================================
----------------- testing Fri Jan 24 06:54:10 UTC 2020 /home/travis/build/icyphy/ptII/ptolemy/actor/lib/test/auto/Clock13.xml
----------------- Instantiating /home/travis/build/icyphy/ptII/ptolemy/actor/lib/test/auto/Clock13.xml
4 ms. Memory: 282624K Free: 187926K (66%)
----------------- Invoking toplevel() on ptolemy.moml.MoMLSimpleApplication@6ce8e075
----------------- Done invoking toplevel() on ptolemy.moml.MoMLSimpleApplication@6ce8e075
reloadAllAccessors: .Clock13

===========================================================================================
----------------- testing Fri Jan 24 06:54:10 UTC 2020 /home/travis/build/icyphy/ptII/ptolemy/actor/lib/test/auto/Clock14.xml
----------------- Instantiating /home/travis/build/icyphy/ptII/ptolemy/actor/lib/test/auto/Clock14.xml
4 ms. Memory: 282624K Free: 182262K (64%)
----------------- Invoking toplevel() on ptolemy.moml.MoMLSimpleApplication@c66d7cc
----------------- Done invoking toplevel() on ptolemy.moml.MoMLSimpleApplication@c66d7cc
reloadAllAccessors: .Clock14

===========================================================================================
----------------- testing Fri Jan 24 06:54:10 UTC 2020 /home/travis/build/icyphy/ptII/ptolemy/actor/lib/test/auto/Clock15.xml
----------------- Instantiating /home/travis/build/icyphy/ptII/ptolemy/actor/lib/test/auto/Clock15.xml
7 ms. Memory: 282624K Free: 176142K (62%)
----------------- Invoking toplevel() on ptolemy.moml.MoMLSimpleApplication@606c1728
----------------- Done invoking toplevel() on ptolemy.moml.MoMLSimpleApplication@606c1728
reloadAllAccessors: .Clock15

===========================================================================================
----------------- testing Fri Jan 24 06:54:10 UTC 2020 /home/travis/build/icyphy/ptII/ptolemy/actor/lib/test/auto/Clock16.xml
----------------- Instantiating /home/travis/build/icyphy/ptII/ptolemy/actor/lib/test/auto/Clock16.xml
35 ms. Memory: 282624K Free: 161286K (57%)
----------------- Invoking toplevel() on ptolemy.moml.MoMLSimpleApplication@1e0f2b4f
----------------- Done invoking toplevel() on ptolemy.moml.MoMLSimpleApplication@1e0f2b4f
reloadAllAccessors: .Clock16

===========================================================================================
----------------- testing Fri Jan 24 06:54:10 UTC 2020 /home/travis/build/icyphy/ptII/ptolemy/actor/lib/test/auto/Clock17.xml
----------------- Instantiating /home/travis/build/icyphy/ptII/ptolemy/actor/lib/test/auto/Clock17.xml
23 ms. Memory: 282624K Free: 147462K (52%)
----------------- Invoking toplevel() on ptolemy.moml.MoMLSimpleApplication@3f125ec
----------------- Done invoking toplevel() on ptolemy.moml.MoMLSimpleApplication@3f125ec
reloadAllAccessors: .Clock17

===========================================================================================
----------------- testing Fri Jan 24 06:54:10 UTC 2020 /home/travis/build/icyphy/ptII/ptolemy/actor/lib/test/auto/Clock18.xml
----------------- Instantiating /home/travis/build/icyphy/ptII/ptolemy/actor/lib/test/auto/Clock18.xml
23 ms. Memory: 282624K Free: 134150K (47%)
----------------- Invoking toplevel() on ptolemy.moml.MoMLSimpleApplication@e99a80b
----------------- Done invoking toplevel() on ptolemy.moml.MoMLSimpleApplication@e99a80b
reloadAllAccessors: .Clock18

===========================================================================================
----------------- testing Fri Jan 24 06:54:11 UTC 2020 /home/travis/build/icyphy/ptII/ptolemy/actor/lib/test/auto/Clock19.xml
----------------- Instantiating /home/travis/build/icyphy/ptII/ptolemy/actor/lib/test/auto/Clock19.xml
11 ms. Memory: 282624K Free: 121366K (43%)
----------------- Invoking toplevel() on ptolemy.moml.MoMLSimpleApplication@7af7b314
----------------- Done invoking toplevel() on ptolemy.moml.MoMLSimpleApplication@7af7b314
reloadAllAccessors: .Clock19

===========================================================================================
----------------- testing Fri Jan 24 06:54:11 UTC 2020 /home/travis/build/icyphy/ptII/ptolemy/actor/lib/test/auto/Clock2.xml
----------------- Instantiating /home/travis/build/icyphy/ptII/ptolemy/actor/lib/test/auto/Clock2.xml
4 ms. Memory: 282624K Free: 116726K (41%)
----------------- Invoking toplevel() on ptolemy.moml.MoMLSimpleApplication@583be1c3
----------------- Done invoking toplevel() on ptolemy.moml.MoMLSimpleApplication@583be1c3
reloadAllAccessors: .Clock2

===========================================================================================
----------------- testing Fri Jan 24 06:54:11 UTC 2020 /home/travis/build/icyphy/ptII/ptolemy/actor/lib/test/auto/Clock20.xml
----------------- Instantiating /home/travis/build/icyphy/ptII/ptolemy/actor/lib/test/auto/Clock20.xml
7 ms. Memory: 282624K Free: 111636K (39%)
----------------- Invoking toplevel() on ptolemy.moml.MoMLSimpleApplication@6fe0c940
----------------- Done invoking toplevel() on ptolemy.moml.MoMLSimpleApplication@6fe0c940
reloadAllAccessors: .Clock20

===========================================================================================
----------------- testing Fri Jan 24 06:54:11 UTC 2020 /home/travis/build/icyphy/ptII/ptolemy/actor/lib/test/auto/Clock21.xml
----------------- Instantiating /home/travis/build/icyphy/ptII/ptolemy/actor/lib/test/auto/Clock21.xml
2 ms. Memory: 282624K Free: 106006K (38%)
----------------- Invoking toplevel() on ptolemy.moml.MoMLSimpleApplication@11e27ed4
----------------- Done invoking toplevel() on ptolemy.moml.MoMLSimpleApplication@11e27ed4
reloadAllAccessors: .Clock21

===========================================================================================
----------------- testing Fri Jan 24 06:54:11 UTC 2020 /home/travis/build/icyphy/ptII/ptolemy/actor/lib/test/auto/Clock22.xml
----------------- Instantiating /home/travis/build/icyphy/ptII/ptolemy/actor/lib/test/auto/Clock22.xml
2 ms. Memory: 282624K Free: 100372K (36%)
----------------- Invoking toplevel() on ptolemy.moml.MoMLSimpleApplication@76be30c0
----------------- Done invoking toplevel() on ptolemy.moml.MoMLSimpleApplication@76be30c0
reloadAllAccessors: .Clock22

===========================================================================================
----------------- testing Fri Jan 24 06:54:11 UTC 2020 /home/travis/build/icyphy/ptII/ptolemy/actor/lib/test/auto/Clock23.xml
----------------- Instantiating /home/travis/build/icyphy/ptII/ptolemy/actor/lib/test/auto/Clock23.xml
4 ms. Memory: 282624K Free: 95252K (34%)
----------------- Invoking toplevel() on ptolemy.moml.MoMLSimpleApplication@d3eeb9f
----------------- Done invoking toplevel() on ptolemy.moml.MoMLSimpleApplication@d3eeb9f
reloadAllAccessors: .Clock23

===========================================================================================
----------------- testing Fri Jan 24 06:54:11 UTC 2020 /home/travis/build/icyphy/ptII/ptolemy/actor/lib/test/auto/Clock24.xml
----------------- Instantiating /home/travis/build/icyphy/ptII/ptolemy/actor/lib/test/auto/Clock24.xml
2 ms. Memory: 282624K Free: 89622K (32%)
----------------- Invoking toplevel() on ptolemy.moml.MoMLSimpleApplication@5fac5fd6
----------------- Done invoking toplevel() on ptolemy.moml.MoMLSimpleApplication@5fac5fd6
reloadAllAccessors: .Clock24

===========================================================================================
----------------- testing Fri Jan 24 06:54:11 UTC 2020 /home/travis/build/icyphy/ptII/ptolemy/actor/lib/test/auto/Clock4.xml
----------------- Instantiating /home/travis/build/icyphy/ptII/ptolemy/actor/lib/test/auto/Clock4.xml
1 ms. Memory: 282624K Free: 84982K (30%)
----------------- Invoking toplevel() on ptolemy.moml.MoMLSimpleApplication@240d7343
----------------- Done invoking toplevel() on ptolemy.moml.MoMLSimpleApplication@240d7343
reloadAllAccessors: .Clock4

===========================================================================================
----------------- testing Fri Jan 24 06:54:11 UTC 2020 /home/travis/build/icyphy/ptII/ptolemy/actor/lib/test/auto/Clock5.xml
----------------- Instantiating /home/travis/build/icyphy/ptII/ptolemy/actor/lib/test/auto/Clock5.xml
3 ms. Memory: 282624K Free: 79382K (28%)
----------------- Invoking toplevel() on ptolemy.moml.MoMLSimpleApplication@321a4533
----------------- Done invoking toplevel() on ptolemy.moml.MoMLSimpleApplication@321a4533
reloadAllAccessors: .Clock5

===========================================================================================
----------------- testing Fri Jan 24 06:54:11 UTC 2020 /home/travis/build/icyphy/ptII/ptolemy/actor/lib/test/auto/Clock6.xml
----------------- Instantiating /home/travis/build/icyphy/ptII/ptolemy/actor/lib/test/auto/Clock6.xml
1 ms. Memory: 282624K Free: 74772K (26%)
----------------- Invoking toplevel() on ptolemy.moml.MoMLSimpleApplication@2e0e7837
----------------- Done invoking toplevel() on ptolemy.moml.MoMLSimpleApplication@2e0e7837
reloadAllAccessors: .Clock6

===========================================================================================
----------------- testing Fri Jan 24 06:54:11 UTC 2020 /home/travis/build/icyphy/ptII/ptolemy/actor/lib/test/auto/Clock7.xml
----------------- Instantiating /home/travis/build/icyphy/ptII/ptolemy/actor/lib/test/auto/Clock7.xml
32 ms. Memory: 488448K Free: 437268K (90%)
----------------- Invoking toplevel() on ptolemy.moml.MoMLSimpleApplication@3809f804
----------------- Done invoking toplevel() on ptolemy.moml.MoMLSimpleApplication@3809f804
reloadAllAccessors: .Clock7

===========================================================================================
----------------- testing Fri Jan 24 06:54:11 UTC 2020 /home/travis/build/icyphy/ptII/ptolemy/actor/lib/test/auto/Clock8.xml
----------------- Instantiating /home/travis/build/icyphy/ptII/ptolemy/actor/lib/test/auto/Clock8.xml
2 ms. Memory: 488448K Free: 431118K (88%)
----------------- Invoking toplevel() on ptolemy.moml.MoMLSimpleApplication@46032b7f
----------------- Done invoking toplevel() on ptolemy.moml.MoMLSimpleApplication@46032b7f
reloadAllAccessors: .Clock8

===========================================================================================
----------------- testing Fri Jan 24 06:54:11 UTC 2020 /home/travis/build/icyphy/ptII/ptolemy/actor/lib/test/auto/Clock9.xml
----------------- Instantiating /home/travis/build/icyphy/ptII/ptolemy/actor/lib/test/auto/Clock9.xml
5 ms. Memory: 488448K Free: 425494K (87%)
----------------- Invoking toplevel() on ptolemy.moml.MoMLSimpleApplication@11769235
----------------- Done invoking toplevel() on ptolemy.moml.MoMLSimpleApplication@11769235
reloadAllAccessors: .Clock9

===========================================================================================
----------------- testing Fri Jan 24 06:54:11 UTC 2020 /home/travis/build/icyphy/ptII/ptolemy/actor/lib/test/auto/CommDistDiscard.xml
----------------- Instantiating /home/travis/build/icyphy/ptII/ptolemy/actor/lib/test/auto/CommDistDiscard.xml
4 ms. Memory: 488448K Free: 420374K (86%)
----------------- Invoking toplevel() on ptolemy.moml.MoMLSimpleApplication@6d726bfa
----------------- Done invoking toplevel() on ptolemy.moml.MoMLSimpleApplication@6d726bfa
reloadAllAccessors: .CommDistDiscard

===========================================================================================
----------------- testing Fri Jan 24 06:54:11 UTC 2020 /home/travis/build/icyphy/ptII/ptolemy/actor/lib/test/auto/Commutator.xml
----------------- Instantiating /home/travis/build/icyphy/ptII/ptolemy/actor/lib/test/auto/Commutator.xml
2 ms. Memory: 488448K Free: 415764K (85%)
----------------- Invoking toplevel() on ptolemy.moml.MoMLSimpleApplication@373a2eb4
----------------- Done invoking toplevel() on ptolemy.moml.MoMLSimpleApplication@373a2eb4
reloadAllAccessors: .Commutator

===========================================================================================
----------------- testing Fri Jan 24 06:54:11 UTC 2020 /home/travis/build/icyphy/ptII/ptolemy/actor/lib/test/auto/Commutator2.xml
----------------- Instantiating /home/travis/build/icyphy/ptII/ptolemy/actor/lib/test/auto/Commutator2.xml
1 ms. Memory: 488448K Free: 411668K (84%)
----------------- Invoking toplevel() on ptolemy.moml.MoMLSimpleApplication@6d9aec49
----------------- Done invoking toplevel() on ptolemy.moml.MoMLSimpleApplication@6d9aec49
reloadAllAccessors: .Commutator2

===========================================================================================
----------------- testing Fri Jan 24 06:54:11 UTC 2020 /home/travis/build/icyphy/ptII/ptolemy/actor/lib/test/auto/Commutator3.xml
----------------- Instantiating /home/travis/build/icyphy/ptII/ptolemy/actor/lib/test/auto/Commutator3.xml
2 ms. Memory: 488448K Free: 407062K (83%)
----------------- Invoking toplevel() on ptolemy.moml.MoMLSimpleApplication@39000f30
----------------- Done invoking toplevel() on ptolemy.moml.MoMLSimpleApplication@39000f30
reloadAllAccessors: .Commutator3

===========================================================================================
----------------- testing Fri Jan 24 06:54:11 UTC 2020 /home/travis/build/icyphy/ptII/ptolemy/actor/lib/test/auto/Compare.xml
----------------- Instantiating /home/travis/build/icyphy/ptII/ptolemy/actor/lib/test/auto/Compare.xml
3 ms. Memory: 488448K Free: 400404K (82%)
----------------- Invoking toplevel() on ptolemy.moml.MoMLSimpleApplication@44122462
----------------- Done invoking toplevel() on ptolemy.moml.MoMLSimpleApplication@44122462
reloadAllAccessors: .Compare

===========================================================================================
----------------- testing Fri Jan 24 06:54:11 UTC 2020 /home/travis/build/icyphy/ptII/ptolemy/actor/lib/test/auto/CompareDE.xml
----------------- Instantiating /home/travis/build/icyphy/ptII/ptolemy/actor/lib/test/auto/CompareDE.xml
4 ms. Memory: 488448K Free: 393750K (81%)
----------------- Invoking toplevel() on ptolemy.moml.MoMLSimpleApplication@6d8a1169
----------------- Done invoking toplevel() on ptolemy.moml.MoMLSimpleApplication@6d8a1169
reloadAllAccessors: .CompareDE

===========================================================================================
----------------- testing Fri Jan 24 06:54:11 UTC 2020 /home/travis/build/icyphy/ptII/ptolemy/actor/lib/test/auto/ComplexDivide.xml
----------------- Instantiating /home/travis/build/icyphy/ptII/ptolemy/actor/lib/test/auto/ComplexDivide.xml
1 ms. Memory: 488448K Free: 389654K (80%)
----------------- Invoking toplevel() on ptolemy.moml.MoMLSimpleApplication@363b51f7
----------------- Done invoking toplevel() on ptolemy.moml.MoMLSimpleApplication@363b51f7
reloadAllAccessors: .ComplexDivide

===========================================================================================
----------------- testing Fri Jan 24 06:54:11 UTC 2020 /home/travis/build/icyphy/ptII/ptolemy/actor/lib/test/auto/ComputeHistogram.xml
----------------- Instantiating /home/travis/build/icyphy/ptII/ptolemy/actor/lib/test/auto/ComputeHistogram.xml
34 ms. Memory: 488448K Free: 377366K (77%)
----------------- Invoking toplevel() on ptolemy.moml.MoMLSimpleApplication@63561af6
----------------- Done invoking toplevel() on ptolemy.moml.MoMLSimpleApplication@63561af6
reloadAllAccessors: .ComputeHistogram

===========================================================================================
----------------- testing Fri Jan 24 06:54:11 UTC 2020 /home/travis/build/icyphy/ptII/ptolemy/actor/lib/test/auto/ConfigurationSelect.xml
----------------- Instantiating /home/travis/build/icyphy/ptII/ptolemy/actor/lib/test/auto/ConfigurationSelect.xml
9 ms. Memory: 488448K Free: 371726K (76%)
----------------- Invoking toplevel() on ptolemy.moml.MoMLSimpleApplication@2746c63e
----------------- Done invoking toplevel() on ptolemy.moml.MoMLSimpleApplication@2746c63e
reloadAllAccessors: .ConfigurationSelect

===========================================================================================
----------------- testing Fri Jan 24 06:54:11 UTC 2020 /home/travis/build/icyphy/ptII/ptolemy/actor/lib/test/auto/ConfigurationSelect2.xml
----------------- Instantiating /home/travis/build/icyphy/ptII/ptolemy/actor/lib/test/auto/ConfigurationSelect2.xml
3 ms. Memory: 488448K Free: 367126K (75%)
----------------- Invoking toplevel() on ptolemy.moml.MoMLSimpleApplication@7776930a
----------------- Done invoking toplevel() on ptolemy.moml.MoMLSimpleApplication@7776930a
reloadAllAccessors: .ConfigurationSelect2

===========================================================================================
----------------- testing Fri Jan 24 06:54:11 UTC 2020 /home/travis/build/icyphy/ptII/ptolemy/actor/lib/test/auto/ConfigurationSwitch.xml
----------------- Instantiating /home/travis/build/icyphy/ptII/ptolemy/actor/lib/test/auto/ConfigurationSwitch.xml
3 ms. Memory: 488448K Free: 362006K (74%)
----------------- Invoking toplevel() on ptolemy.moml.MoMLSimpleApplication@1568be54
----------------- Done invoking toplevel() on ptolemy.moml.MoMLSimpleApplication@1568be54
reloadAllAccessors: .ConfigurationSwitch

===========================================================================================
----------------- testing Fri Jan 24 06:54:11 UTC 2020 /home/travis/build/icyphy/ptII/ptolemy/actor/lib/test/auto/ConfigurationSwitch2.xml
----------------- Instantiating /home/travis/build/icyphy/ptII/ptolemy/actor/lib/test/auto/ConfigurationSwitch2.xml
4 ms. Memory: 488448K Free: 356372K (73%)
----------------- Invoking toplevel() on ptolemy.moml.MoMLSimpleApplication@dd3a5b0
----------------- Done invoking toplevel() on ptolemy.moml.MoMLSimpleApplication@dd3a5b0
reloadAllAccessors: .ConfigurationSwitch2

===========================================================================================
----------------- testing Fri Jan 24 06:54:11 UTC 2020 /home/travis/build/icyphy/ptII/ptolemy/actor/lib/test/auto/ConfigurationSwitchCloningBugWithClassRelationGroup.xml
----------------- Instantiating /home/travis/build/icyphy/ptII/ptolemy/actor/lib/test/auto/ConfigurationSwitchCloningBugWithClassRelationGroup.xml
2 ms. Memory: 488448K Free: 350228K (72%)
----------------- Invoking toplevel() on ptolemy.moml.MoMLSimpleApplication@4a2ea52
----------------- Done invoking toplevel() on ptolemy.moml.MoMLSimpleApplication@4a2ea52
reloadAllAccessors: .ConfigurationSwitchCloningBugWithClassRelationGroup

===========================================================================================
----------------- testing Fri Jan 24 06:54:11 UTC 2020 /home/travis/build/icyphy/ptII/ptolemy/actor/lib/test/auto/ConfigurationSwitchSelectSDF.xml
----------------- Instantiating /home/travis/build/icyphy/ptII/ptolemy/actor/lib/test/auto/ConfigurationSwitchSelectSDF.xml
3 ms. Memory: 488448K Free: 344598K (71%)
----------------- Invoking toplevel() on ptolemy.moml.MoMLSimpleApplication@18b2d76f
----------------- Done invoking toplevel() on ptolemy.moml.MoMLSimpleApplication@18b2d76f
reloadAllAccessors: .ConfigurationSwitchSelectSDF

===========================================================================================
----------------- testing Fri Jan 24 06:54:11 UTC 2020 /home/travis/build/icyphy/ptII/ptolemy/actor/lib/test/auto/ConfigurationSwitchSelectSDF2.xml
----------------- Instantiating /home/travis/build/icyphy/ptII/ptolemy/actor/lib/test/auto/ConfigurationSwitchSelectSDF2.xml
3 ms. Memory: 488448K Free: 338454K (69%)
----------------- Invoking toplevel() on ptolemy.moml.MoMLSimpleApplication@2d495043
----------------- Done invoking toplevel() on ptolemy.moml.MoMLSimpleApplication@2d495043
reloadAllAccessors: .ConfigurationSwitchSelectSDF2

===========================================================================================
----------------- testing Fri Jan 24 06:54:11 UTC 2020 /home/travis/build/icyphy/ptII/ptolemy/actor/lib/test/auto/Const.xml
----------------- Instantiating /home/travis/build/icyphy/ptII/ptolemy/actor/lib/test/auto/Const.xml
2 ms. Memory: 488448K Free: 335382K (69%)
----------------- Invoking toplevel() on ptolemy.moml.MoMLSimpleApplication@33f3240c
----------------- Done invoking toplevel() on ptolemy.moml.MoMLSimpleApplication@33f3240c
reloadAllAccessors: .Const

===========================================================================================
----------------- testing Fri Jan 24 06:54:11 UTC 2020 /home/travis/build/icyphy/ptII/ptolemy/actor/lib/test/auto/Const2.xml
----------------- Instantiating /home/travis/build/icyphy/ptII/ptolemy/actor/lib/test/auto/Const2.xml
2 ms. Memory: 488448K Free: 331286K (68%)
----------------- Invoking toplevel() on ptolemy.moml.MoMLSimpleApplication@dcbd313
----------------- Done invoking toplevel() on ptolemy.moml.MoMLSimpleApplication@dcbd313
reloadAllAccessors: .Const2

===========================================================================================
----------------- testing Fri Jan 24 06:54:11 UTC 2020 /home/travis/build/icyphy/ptII/ptolemy/actor/lib/test/auto/Const3.xml
----------------- Instantiating /home/travis/build/icyphy/ptII/ptolemy/actor/lib/test/auto/Const3.xml
5 ms. Memory: 488448K Free: 328214K (67%)
----------------- Invoking toplevel() on ptolemy.moml.MoMLSimpleApplication@f5002f7
----------------- Done invoking toplevel() on ptolemy.moml.MoMLSimpleApplication@f5002f7
reloadAllAccessors: .Const3

===========================================================================================
----------------- testing Fri Jan 24 06:54:11 UTC 2020 /home/travis/build/icyphy/ptII/ptolemy/actor/lib/test/auto/ConstantPublisherPort1.xml
----------------- Instantiating /home/travis/build/icyphy/ptII/ptolemy/actor/lib/test/auto/ConstantPublisherPort1.xml
10 ms. Memory: 488448K Free: 319508K (65%)
----------------- Invoking toplevel() on ptolemy.moml.MoMLSimpleApplication@3b543e2
----------------- Done invoking toplevel() on ptolemy.moml.MoMLSimpleApplication@3b543e2
reloadAllAccessors: .ConstantPublisherPort1

===========================================================================================
----------------- testing Fri Jan 24 06:54:11 UTC 2020 /home/travis/build/icyphy/ptII/ptolemy/actor/lib/test/auto/ConstantPublisherPort2.xml
----------------- Instantiating /home/travis/build/icyphy/ptII/ptolemy/actor/lib/test/auto/ConstantPublisherPort2.xml
11 ms. Memory: 488448K Free: 311830K (64%)
----------------- Invoking toplevel() on ptolemy.moml.MoMLSimpleApplication@4ced8653
----------------- Done invoking toplevel() on ptolemy.moml.MoMLSimpleApplication@4ced8653
reloadAllAccessors: .ConstantPublisherPort2

===========================================================================================
----------------- testing Fri Jan 24 06:54:11 UTC 2020 /home/travis/build/icyphy/ptII/ptolemy/actor/lib/test/auto/ConstantPublisherPort3.xml
----------------- Instantiating /home/travis/build/icyphy/ptII/ptolemy/actor/lib/test/auto/ConstantPublisherPort3.xml
7 ms. Memory: 488448K Free: 304148K (62%)
----------------- Invoking toplevel() on ptolemy.moml.MoMLSimpleApplication@51ebac0e
----------------- Done invoking toplevel() on ptolemy.moml.MoMLSimpleApplication@51ebac0e
reloadAllAccessors: .ConstantPublisherPort3

===========================================================================================
----------------- testing Fri Jan 24 06:54:11 UTC 2020 /home/travis/build/icyphy/ptII/ptolemy/actor/lib/test/auto/ConstantPublisherPort4.xml
----------------- Instantiating /home/travis/build/icyphy/ptII/ptolemy/actor/lib/test/auto/ConstantPublisherPort4.xml
3 ms. Memory: 488448K Free: 297494K (61%)
----------------- Invoking toplevel() on ptolemy.moml.MoMLSimpleApplication@159022b6
----------------- Done invoking toplevel() on ptolemy.moml.MoMLSimpleApplication@159022b6
reloadAllAccessors: .ConstantPublisherPort4

===========================================================================================
----------------- testing Fri Jan 24 06:54:11 UTC 2020 /home/travis/build/icyphy/ptII/ptolemy/actor/lib/test/auto/ConstantPublisherPort5.xml
----------------- Instantiating /home/travis/build/icyphy/ptII/ptolemy/actor/lib/test/auto/ConstantPublisherPort5.xml
31 ms. Memory: 488448K Free: 287764K (59%)
----------------- Invoking toplevel() on ptolemy.moml.MoMLSimpleApplication@2cd69a79
----------------- Done invoking toplevel() on ptolemy.moml.MoMLSimpleApplication@2cd69a79
reloadAllAccessors: .ConstantPublisherPort5

===========================================================================================
----------------- testing Fri Jan 24 06:54:11 UTC 2020 /home/travis/build/icyphy/ptII/ptolemy/actor/lib/test/auto/ConstantPublisherPort6.xml
----------------- Instantiating /home/travis/build/icyphy/ptII/ptolemy/actor/lib/test/auto/ConstantPublisherPort6.xml
16 ms. Memory: 488448K Free: 278038K (57%)
----------------- Invoking toplevel() on ptolemy.moml.MoMLSimpleApplication@2a0013f3
----------------- Done invoking toplevel() on ptolemy.moml.MoMLSimpleApplication@2a0013f3
reloadAllAccessors: .ConstantPublisherPort6

===========================================================================================
----------------- testing Fri Jan 24 06:54:12 UTC 2020 /home/travis/build/icyphy/ptII/ptolemy/actor/lib/test/auto/ConstantPublisherPort7.xml
----------------- Instantiating /home/travis/build/icyphy/ptII/ptolemy/actor/lib/test/auto/ConstantPublisherPort7.xml
15 ms. Memory: 488448K Free: 268822K (55%)
----------------- Invoking toplevel() on ptolemy.moml.MoMLSimpleApplication@44144b3f
----------------- Done invoking toplevel() on ptolemy.moml.MoMLSimpleApplication@44144b3f
reloadAllAccessors: .ConstantPublisherPort7

===========================================================================================
----------------- testing Fri Jan 24 06:54:12 UTC 2020 /home/travis/build/icyphy/ptII/ptolemy/actor/lib/test/auto/ConstraintMonitor1.xml
----------------- Instantiating /home/travis/build/icyphy/ptII/ptolemy/actor/lib/test/auto/ConstraintMonitor1.xml
5 ms. Memory: 488448K Free: 263702K (54%)
----------------- Invoking toplevel() on ptolemy.moml.MoMLSimpleApplication@3ebf0977
----------------- Done invoking toplevel() on ptolemy.moml.MoMLSimpleApplication@3ebf0977
reloadAllAccessors: .ConstraintMonitor1

===========================================================================================
----------------- testing Fri Jan 24 06:54:12 UTC 2020 /home/travis/build/icyphy/ptII/ptolemy/actor/lib/test/auto/ConstraintMonitor2.xml
----------------- Instantiating /home/travis/build/icyphy/ptII/ptolemy/actor/lib/test/auto/ConstraintMonitor2.xml
5 ms. Memory: 488448K Free: 259092K (53%)
----------------- Invoking toplevel() on ptolemy.moml.MoMLSimpleApplication@5ae8b409
----------------- Done invoking toplevel() on ptolemy.moml.MoMLSimpleApplication@5ae8b409
reloadAllAccessors: .ConstraintMonitor2

===========================================================================================
----------------- testing Fri Jan 24 06:54:12 UTC 2020 /home/travis/build/icyphy/ptII/ptolemy/actor/lib/test/auto/ConstraintMonitor3.xml
----------------- Instantiating /home/travis/build/icyphy/ptII/ptolemy/actor/lib/test/auto/ConstraintMonitor3.xml
8 ms. Memory: 488448K Free: 254996K (52%)
----------------- Invoking toplevel() on ptolemy.moml.MoMLSimpleApplication@674f3f97
----------------- Done invoking toplevel() on ptolemy.moml.MoMLSimpleApplication@674f3f97
reloadAllAccessors: .ConstraintMonitor3

===========================================================================================
----------------- testing Fri Jan 24 06:54:12 UTC 2020 /home/travis/build/icyphy/ptII/ptolemy/actor/lib/test/auto/ConstraintMonitor4.xml
----------------- Instantiating /home/travis/build/icyphy/ptII/ptolemy/actor/lib/test/auto/ConstraintMonitor4.xml
4 ms. Memory: 488448K Free: 249876K (51%)
----------------- Invoking toplevel() on ptolemy.moml.MoMLSimpleApplication@25de03a6
----------------- Done invoking toplevel() on ptolemy.moml.MoMLSimpleApplication@25de03a6
reloadAllAccessors: .ConstraintMonitor4

===========================================================================================
----------------- testing Fri Jan 24 06:54:12 UTC 2020 /home/travis/build/icyphy/ptII/ptolemy/actor/lib/test/auto/ConstraintMonitor5.xml
----------------- Instantiating /home/travis/build/icyphy/ptII/ptolemy/actor/lib/test/auto/ConstraintMonitor5.xml
4 ms. Memory: 488448K Free: 244756K (50%)
----------------- Invoking toplevel() on ptolemy.moml.MoMLSimpleApplication@730eb610
----------------- Done invoking toplevel() on ptolemy.moml.MoMLSimpleApplication@730eb610
reloadAllAccessors: .ConstraintMonitor5

===========================================================================================
----------------- testing Fri Jan 24 06:54:12 UTC 2020 /home/travis/build/icyphy/ptII/ptolemy/actor/lib/test/auto/ConstraintMonitor6.xml
----------------- Instantiating /home/travis/build/icyphy/ptII/ptolemy/actor/lib/test/auto/ConstraintMonitor6.xml
5 ms. Memory: 488448K Free: 238606K (49%)
----------------- Invoking toplevel() on ptolemy.moml.MoMLSimpleApplication@301ae922
----------------- Done invoking toplevel() on ptolemy.moml.MoMLSimpleApplication@301ae922
reloadAllAccessors: .ConstraintMonitor6

===========================================================================================
----------------- testing Fri Jan 24 06:54:12 UTC 2020 /home/travis/build/icyphy/ptII/ptolemy/actor/lib/test/auto/ConstraintMonitor7.xml
----------------- Instantiating /home/travis/build/icyphy/ptII/ptolemy/actor/lib/test/auto/ConstraintMonitor7.xml
6 ms. Memory: 488448K Free: 231958K (47%)
----------------- Invoking toplevel() on ptolemy.moml.MoMLSimpleApplication@3d3ea5a1
----------------- Done invoking toplevel() on ptolemy.moml.MoMLSimpleApplication@3d3ea5a1
reloadAllAccessors: .ConstraintMonitor7

===========================================================================================
----------------- testing Fri Jan 24 06:54:12 UTC 2020 /home/travis/build/icyphy/ptII/ptolemy/actor/lib/test/auto/ConstraintMonitor8.xml
----------------- Instantiating /home/travis/build/icyphy/ptII/ptolemy/actor/lib/test/auto/ConstraintMonitor8.xml
5 ms. Memory: 488448K Free: 224276K (46%)
----------------- Invoking toplevel() on ptolemy.moml.MoMLSimpleApplication@1d82d85a
----------------- Done invoking toplevel() on ptolemy.moml.MoMLSimpleApplication@1d82d85a
reloadAllAccessors: .ConstraintMonitor8

===========================================================================================
----------------- testing Fri Jan 24 06:54:12 UTC 2020 /home/travis/build/icyphy/ptII/ptolemy/actor/lib/test/auto/Counter.xml
----------------- Instantiating /home/travis/build/icyphy/ptII/ptolemy/actor/lib/test/auto/Counter.xml
2 ms. Memory: 488448K Free: 219156K (45%)
----------------- Invoking toplevel() on ptolemy.moml.MoMLSimpleApplication@4a4f018b
----------------- Done invoking toplevel() on ptolemy.moml.MoMLSimpleApplication@4a4f018b
reloadAllAccessors: .Counter

===========================================================================================
----------------- testing Fri Jan 24 06:54:12 UTC 2020 /home/travis/build/icyphy/ptII/ptolemy/actor/lib/test/auto/CurrentTimeSDF.xml
----------------- Instantiating /home/travis/build/icyphy/ptII/ptolemy/actor/lib/test/auto/CurrentTimeSDF.xml
2 ms. Memory: 488448K Free: 215060K (44%)
----------------- Invoking toplevel() on ptolemy.moml.MoMLSimpleApplication@5aaaf50a
----------------- Done invoking toplevel() on ptolemy.moml.MoMLSimpleApplication@5aaaf50a
reloadAllAccessors: .CurrentTimeSDF

===========================================================================================
----------------- testing Fri Jan 24 06:54:12 UTC 2020 /home/travis/build/icyphy/ptII/ptolemy/actor/lib/test/auto/DB.xml
----------------- Instantiating /home/travis/build/icyphy/ptII/ptolemy/actor/lib/test/auto/DB.xml
1 ms. Memory: 488448K Free: 209940K (43%)
----------------- Invoking toplevel() on ptolemy.moml.MoMLSimpleApplication@1a7b36f5
----------------- Done invoking toplevel() on ptolemy.moml.MoMLSimpleApplication@1a7b36f5
reloadAllAccessors: .DB

===========================================================================================
----------------- testing Fri Jan 24 06:54:12 UTC 2020 /home/travis/build/icyphy/ptII/ptolemy/actor/lib/test/auto/DBDE.xml
----------------- Instantiating /home/travis/build/icyphy/ptII/ptolemy/actor/lib/test/auto/DBDE.xml
2 ms. Memory: 488448K Free: 204310K (42%)
----------------- Invoking toplevel() on ptolemy.moml.MoMLSimpleApplication@4fcb76c2
----------------- Done invoking toplevel() on ptolemy.moml.MoMLSimpleApplication@4fcb76c2
reloadAllAccessors: .DBDE

===========================================================================================
----------------- testing Fri Jan 24 06:54:12 UTC 2020 /home/travis/build/icyphy/ptII/ptolemy/actor/lib/test/auto/DateConstructor.xml
----------------- Instantiating /home/travis/build/icyphy/ptII/ptolemy/actor/lib/test/auto/DateConstructor.xml
60 ms. Memory: 488448K Free: 431823K (88%)
----------------- Invoking toplevel() on ptolemy.moml.MoMLSimpleApplication@3ada896c
----------------- Done invoking toplevel() on ptolemy.moml.MoMLSimpleApplication@3ada896c
reloadAllAccessors: .DateConstructor

===========================================================================================
----------------- testing Fri Jan 24 06:54:12 UTC 2020 /home/travis/build/icyphy/ptII/ptolemy/actor/lib/test/auto/DelayTime.xml
----------------- Instantiating /home/travis/build/icyphy/ptII/ptolemy/actor/lib/test/auto/DelayTime.xml
4 ms. Memory: 488448K Free: 426006K (87%)
----------------- Invoking toplevel() on ptolemy.moml.MoMLSimpleApplication@69aeff0c
----------------- Done invoking toplevel() on ptolemy.moml.MoMLSimpleApplication@69aeff0c
reloadAllAccessors: .DelayTime

===========================================================================================
----------------- testing Fri Jan 24 06:54:12 UTC 2020 /home/travis/build/icyphy/ptII/ptolemy/actor/lib/test/auto/Dictionary1.xml
----------------- Instantiating /home/travis/build/icyphy/ptII/ptolemy/actor/lib/test/auto/Dictionary1.xml
2 ms. Memory: 488448K Free: 420886K (86%)
----------------- Invoking toplevel() on ptolemy.moml.MoMLSimpleApplication@4c3e71dc
----------------- Done invoking toplevel() on ptolemy.moml.MoMLSimpleApplication@4c3e71dc
reloadAllAccessors: .Dictionary1

===========================================================================================
----------------- testing Fri Jan 24 06:54:12 UTC 2020 /home/travis/build/icyphy/ptII/ptolemy/actor/lib/test/auto/Dictionary2.xml
----------------- Instantiating /home/travis/build/icyphy/ptII/ptolemy/actor/lib/test/auto/Dictionary2.xml
4 ms. Memory: 488448K Free: 415252K (85%)
----------------- Invoking toplevel() on ptolemy.moml.MoMLSimpleApplication@596ae855
----------------- Done invoking toplevel() on ptolemy.moml.MoMLSimpleApplication@596ae855
reloadAllAccessors: .Dictionary2

===========================================================================================
----------------- testing Fri Jan 24 06:54:12 UTC 2020 /home/travis/build/icyphy/ptII/ptolemy/actor/lib/test/auto/Dictionary3.xml
----------------- Instantiating /home/travis/build/icyphy/ptII/ptolemy/actor/lib/test/auto/Dictionary3.xml
1 ms. Memory: 488448K Free: 409622K (84%)
----------------- Invoking toplevel() on ptolemy.moml.MoMLSimpleApplication@7b726e18
----------------- Done invoking toplevel() on ptolemy.moml.MoMLSimpleApplication@7b726e18
reloadAllAccessors: .Dictionary3

===========================================================================================
----------------- testing Fri Jan 24 06:54:12 UTC 2020 /home/travis/build/icyphy/ptII/ptolemy/actor/lib/test/auto/Dictionary4.xml
----------------- Instantiating /home/travis/build/icyphy/ptII/ptolemy/actor/lib/test/auto/Dictionary4.xml
3 ms. Memory: 488448K Free: 402964K (82%)
----------------- Invoking toplevel() on ptolemy.moml.MoMLSimpleApplication@1342959f
----------------- Done invoking toplevel() on ptolemy.moml.MoMLSimpleApplication@1342959f
reloadAllAccessors: .Dictionary4

===========================================================================================
----------------- testing Fri Jan 24 06:54:12 UTC 2020 /home/travis/build/icyphy/ptII/ptolemy/actor/lib/test/auto/Differential.xml
----------------- Instantiating /home/travis/build/icyphy/ptII/ptolemy/actor/lib/test/auto/Differential.xml
3 ms. Memory: 488448K Free: 398358K (82%)
----------------- Invoking toplevel() on ptolemy.moml.MoMLSimpleApplication@146eeeb1
----------------- Done invoking toplevel() on ptolemy.moml.MoMLSimpleApplication@146eeeb1
reloadAllAccessors: .Differential

===========================================================================================
----------------- testing Fri Jan 24 06:54:12 UTC 2020 /home/travis/build/icyphy/ptII/ptolemy/actor/lib/test/auto/Director.xml
----------------- Instantiating /home/travis/build/icyphy/ptII/ptolemy/actor/lib/test/auto/Director.xml
1 ms. Memory: 488448K Free: 394772K (81%)
----------------- Invoking toplevel() on ptolemy.moml.MoMLSimpleApplication@6d5167b7
----------------- Done invoking toplevel() on ptolemy.moml.MoMLSimpleApplication@6d5167b7
reloadAllAccessors: .Director

===========================================================================================
----------------- testing Fri Jan 24 06:54:12 UTC 2020 /home/travis/build/icyphy/ptII/ptolemy/actor/lib/test/auto/DiscreteClock.xml
----------------- Instantiating /home/travis/build/icyphy/ptII/ptolemy/actor/lib/test/auto/DiscreteClock.xml
2 ms. Memory: 488448K Free: 390676K (80%)
----------------- Invoking toplevel() on ptolemy.moml.MoMLSimpleApplication@5e351e04
----------------- Done invoking toplevel() on ptolemy.moml.MoMLSimpleApplication@5e351e04
reloadAllAccessors: .DiscreteClock

===========================================================================================
----------------- testing Fri Jan 24 06:54:12 UTC 2020 /home/travis/build/icyphy/ptII/ptolemy/actor/lib/test/auto/DiscreteClock10.xml
----------------- Instantiating /home/travis/build/icyphy/ptII/ptolemy/actor/lib/test/auto/DiscreteClock10.xml
4 ms. Memory: 488448K Free: 385046K (79%)
----------------- Invoking toplevel() on ptolemy.moml.MoMLSimpleApplication@190ddd0f
----------------- Done invoking toplevel() on ptolemy.moml.MoMLSimpleApplication@190ddd0f
reloadAllAccessors: .DiscreteClock10

===========================================================================================
----------------- testing Fri Jan 24 06:54:12 UTC 2020 /home/travis/build/icyphy/ptII/ptolemy/actor/lib/test/auto/DiscreteClock11.xml
----------------- Instantiating /home/travis/build/icyphy/ptII/ptolemy/actor/lib/test/auto/DiscreteClock11.xml
2 ms. Memory: 488448K Free: 378902K (78%)
----------------- Invoking toplevel() on ptolemy.moml.MoMLSimpleApplication@5ff8f887
----------------- Done invoking toplevel() on ptolemy.moml.MoMLSimpleApplication@5ff8f887
reloadAllAccessors: .DiscreteClock11

===========================================================================================
----------------- testing Fri Jan 24 06:54:12 UTC 2020 /home/travis/build/icyphy/ptII/ptolemy/actor/lib/test/auto/DiscreteClock12.xml
----------------- Instantiating /home/travis/build/icyphy/ptII/ptolemy/actor/lib/test/auto/DiscreteClock12.xml
4 ms. Memory: 488448K Free: 372758K (76%)
----------------- Invoking toplevel() on ptolemy.moml.MoMLSimpleApplication@7de13a06
----------------- Done invoking toplevel() on ptolemy.moml.MoMLSimpleApplication@7de13a06
reloadAllAccessors: .DiscreteClock12

===========================================================================================
----------------- testing Fri Jan 24 06:54:12 UTC 2020 /home/travis/build/icyphy/ptII/ptolemy/actor/lib/test/auto/DiscreteClock13.xml
----------------- Instantiating /home/travis/build/icyphy/ptII/ptolemy/actor/lib/test/auto/DiscreteClock13.xml
3 ms. Memory: 488448K Free: 367094K (75%)
----------------- Invoking toplevel() on ptolemy.moml.MoMLSimpleApplication@5852a3af
----------------- Done invoking toplevel() on ptolemy.moml.MoMLSimpleApplication@5852a3af
reloadAllAccessors: .DiscreteClock13

===========================================================================================
----------------- testing Fri Jan 24 06:54:12 UTC 2020 /home/travis/build/icyphy/ptII/ptolemy/actor/lib/test/auto/DiscreteClock14.xml
----------------- Instantiating /home/travis/build/icyphy/ptII/ptolemy/actor/lib/test/auto/DiscreteClock14.xml
3 ms. Memory: 488448K Free: 360950K (74%)
----------------- Invoking toplevel() on ptolemy.moml.MoMLSimpleApplication@1e67483c
----------------- Done invoking toplevel() on ptolemy.moml.MoMLSimpleApplication@1e67483c
reloadAllAccessors: .DiscreteClock14

===========================================================================================
----------------- testing Fri Jan 24 06:54:12 UTC 2020 /home/travis/build/icyphy/ptII/ptolemy/actor/lib/test/auto/DiscreteClock15.xml
----------------- Instantiating /home/travis/build/icyphy/ptII/ptolemy/actor/lib/test/auto/DiscreteClock15.xml
2 ms. Memory: 488448K Free: 354806K (73%)
----------------- Invoking toplevel() on ptolemy.moml.MoMLSimpleApplication@68de5424
----------------- Done invoking toplevel() on ptolemy.moml.MoMLSimpleApplication@68de5424
reloadAllAccessors: .DiscreteClock15

===========================================================================================
----------------- testing Fri Jan 24 06:54:12 UTC 2020 /home/travis/build/icyphy/ptII/ptolemy/actor/lib/test/auto/DiscreteClock16.xml
----------------- Instantiating /home/travis/build/icyphy/ptII/ptolemy/actor/lib/test/auto/DiscreteClock16.xml
16 ms. Memory: 488448K Free: 341014K (70%)
----------------- Invoking toplevel() on ptolemy.moml.MoMLSimpleApplication@5c4f69bb
----------------- Done invoking toplevel() on ptolemy.moml.MoMLSimpleApplication@5c4f69bb
reloadAllAccessors: .DiscreteClock16

===========================================================================================
----------------- testing Fri Jan 24 06:54:12 UTC 2020 /home/travis/build/icyphy/ptII/ptolemy/actor/lib/test/auto/DiscreteClock17.xml
----------------- Instantiating /home/travis/build/icyphy/ptII/ptolemy/actor/lib/test/auto/DiscreteClock17.xml
12 ms. Memory: 488448K Free: 326150K (67%)
----------------- Invoking toplevel() on ptolemy.moml.MoMLSimpleApplication@43be58d2
----------------- Done invoking toplevel() on ptolemy.moml.MoMLSimpleApplication@43be58d2
reloadAllAccessors: .DiscreteClock17

===========================================================================================
----------------- testing Fri Jan 24 06:54:12 UTC 2020 /home/travis/build/icyphy/ptII/ptolemy/actor/lib/test/auto/DiscreteClock18.xml
----------------- Instantiating /home/travis/build/icyphy/ptII/ptolemy/actor/lib/test/auto/DiscreteClock18.xml
19 ms. Memory: 488448K Free: 312838K (64%)
----------------- Invoking toplevel() on ptolemy.moml.MoMLSimpleApplication@60123e89
----------------- Done invoking toplevel() on ptolemy.moml.MoMLSimpleApplication@60123e89
reloadAllAccessors: .DiscreteClock18

===========================================================================================
----------------- testing Fri Jan 24 06:54:12 UTC 2020 /home/travis/build/icyphy/ptII/ptolemy/actor/lib/test/auto/DiscreteClock19.xml
----------------- Instantiating /home/travis/build/icyphy/ptII/ptolemy/actor/lib/test/auto/DiscreteClock19.xml
15 ms. Memory: 488448K Free: 299030K (61%)
----------------- Invoking toplevel() on ptolemy.moml.MoMLSimpleApplication@79b27c94
----------------- Done invoking toplevel() on ptolemy.moml.MoMLSimpleApplication@79b27c94
reloadAllAccessors: .DiscreteClock19

===========================================================================================
----------------- testing Fri Jan 24 06:54:12 UTC 2020 /home/travis/build/icyphy/ptII/ptolemy/actor/lib/test/auto/DiscreteClock2.xml
----------------- Instantiating /home/travis/build/icyphy/ptII/ptolemy/actor/lib/test/auto/DiscreteClock2.xml
4 ms. Memory: 488448K Free: 293910K (60%)
----------------- Invoking toplevel() on ptolemy.moml.MoMLSimpleApplication@755757dd
----------------- Done invoking toplevel() on ptolemy.moml.MoMLSimpleApplication@755757dd
reloadAllAccessors: .DiscreteClock2

===========================================================================================
----------------- testing Fri Jan 24 06:54:12 UTC 2020 /home/travis/build/icyphy/ptII/ptolemy/actor/lib/test/auto/DiscreteClock20.xml
----------------- Instantiating /home/travis/build/icyphy/ptII/ptolemy/actor/lib/test/auto/DiscreteClock20.xml
7 ms. Memory: 488448K Free: 288276K (59%)
----------------- Invoking toplevel() on ptolemy.moml.MoMLSimpleApplication@457269da
----------------- Done invoking toplevel() on ptolemy.moml.MoMLSimpleApplication@457269da
reloadAllAccessors: .DiscreteClock20

===========================================================================================
----------------- testing Fri Jan 24 06:54:12 UTC 2020 /home/travis/build/icyphy/ptII/ptolemy/actor/lib/test/auto/DiscreteClock21.xml
----------------- Instantiating /home/travis/build/icyphy/ptII/ptolemy/actor/lib/test/auto/DiscreteClock21.xml
5 ms. Memory: 488448K Free: 283156K (58%)
----------------- Invoking toplevel() on ptolemy.moml.MoMLSimpleApplication@690a0da
----------------- Done invoking toplevel() on ptolemy.moml.MoMLSimpleApplication@690a0da
reloadAllAccessors: .DiscreteClock21

===========================================================================================
----------------- testing Fri Jan 24 06:54:12 UTC 2020 /home/travis/build/icyphy/ptII/ptolemy/actor/lib/test/auto/DiscreteClock22.xml
----------------- Instantiating /home/travis/build/icyphy/ptII/ptolemy/actor/lib/test/auto/DiscreteClock22.xml
5 ms. Memory: 488448K Free: 277526K (57%)
----------------- Invoking toplevel() on ptolemy.moml.MoMLSimpleApplication@1285fc63
----------------- Done invoking toplevel() on ptolemy.moml.MoMLSimpleApplication@1285fc63
reloadAllAccessors: .DiscreteClock22

===========================================================================================
----------------- testing Fri Jan 24 06:54:12 UTC 2020 /home/travis/build/icyphy/ptII/ptolemy/actor/lib/test/auto/DiscreteClock23.xml
----------------- Instantiating /home/travis/build/icyphy/ptII/ptolemy/actor/lib/test/auto/DiscreteClock23.xml
8 ms. Memory: 488448K Free: 271892K (56%)
----------------- Invoking toplevel() on ptolemy.moml.MoMLSimpleApplication@72982177
----------------- Done invoking toplevel() on ptolemy.moml.MoMLSimpleApplication@72982177
reloadAllAccessors: .DiscreteClock23

===========================================================================================
----------------- testing Fri Jan 24 06:54:13 UTC 2020 /home/travis/build/icyphy/ptII/ptolemy/actor/lib/test/auto/DiscreteClock24.xml
----------------- Instantiating /home/travis/build/icyphy/ptII/ptolemy/actor/lib/test/auto/DiscreteClock24.xml
3 ms. Memory: 488448K Free: 266262K (55%)
----------------- Invoking toplevel() on ptolemy.moml.MoMLSimpleApplication@43d2116d
----------------- Done invoking toplevel() on ptolemy.moml.MoMLSimpleApplication@43d2116d
reloadAllAccessors: .DiscreteClock24

===========================================================================================
----------------- testing Fri Jan 24 06:54:13 UTC 2020 /home/travis/build/icyphy/ptII/ptolemy/actor/lib/test/auto/DiscreteClock4.xml
----------------- Instantiating /home/travis/build/icyphy/ptII/ptolemy/actor/lib/test/auto/DiscreteClock4.xml
4 ms. Memory: 488448K Free: 261142K (53%)
----------------- Invoking toplevel() on ptolemy.moml.MoMLSimpleApplication@3221842e
----------------- Done invoking toplevel() on ptolemy.moml.MoMLSimpleApplication@3221842e
reloadAllAccessors: .DiscreteClock4

===========================================================================================
----------------- testing Fri Jan 24 06:54:13 UTC 2020 /home/travis/build/icyphy/ptII/ptolemy/actor/lib/test/auto/DiscreteClock5.xml
----------------- Instantiating /home/travis/build/icyphy/ptII/ptolemy/actor/lib/test/auto/DiscreteClock5.xml
1 ms. Memory: 488448K Free: 255494K (52%)
----------------- Invoking toplevel() on ptolemy.moml.MoMLSimpleApplication@3b38d72c
----------------- Done invoking toplevel() on ptolemy.moml.MoMLSimpleApplication@3b38d72c
reloadAllAccessors: .DiscreteClock5

===========================================================================================
----------------- testing Fri Jan 24 06:54:13 UTC 2020 /home/travis/build/icyphy/ptII/ptolemy/actor/lib/test/auto/DiscreteClock6.xml
----------------- Instantiating /home/travis/build/icyphy/ptII/ptolemy/actor/lib/test/auto/DiscreteClock6.xml
1 ms. Memory: 488448K Free: 251398K (51%)
----------------- Invoking toplevel() on ptolemy.moml.MoMLSimpleApplication@7a5053ae
----------------- Done invoking toplevel() on ptolemy.moml.MoMLSimpleApplication@7a5053ae
reloadAllAccessors: .DiscreteClock6

===========================================================================================
----------------- testing Fri Jan 24 06:54:13 UTC 2020 /home/travis/build/icyphy/ptII/ptolemy/actor/lib/test/auto/DiscreteClock7.xml
----------------- Instantiating /home/travis/build/icyphy/ptII/ptolemy/actor/lib/test/auto/DiscreteClock7.xml
2 ms. Memory: 488448K Free: 246292K (50%)
----------------- Invoking toplevel() on ptolemy.moml.MoMLSimpleApplication@6964b2ad
----------------- Done invoking toplevel() on ptolemy.moml.MoMLSimpleApplication@6964b2ad
reloadAllAccessors: .DiscreteClock7

===========================================================================================
----------------- testing Fri Jan 24 06:54:13 UTC 2020 /home/travis/build/icyphy/ptII/ptolemy/actor/lib/test/auto/DiscreteClock8.xml
----------------- Instantiating /home/travis/build/icyphy/ptII/ptolemy/actor/lib/test/auto/DiscreteClock8.xml
5 ms. Memory: 488448K Free: 240662K (49%)
----------------- Invoking toplevel() on ptolemy.moml.MoMLSimpleApplication@67a5f67
----------------- Done invoking toplevel() on ptolemy.moml.MoMLSimpleApplication@67a5f67
reloadAllAccessors: .DiscreteClock8

===========================================================================================
----------------- testing Fri Jan 24 06:54:13 UTC 2020 /home/travis/build/icyphy/ptII/ptolemy/actor/lib/test/auto/DiscreteClock9.xml
----------------- Instantiating /home/travis/build/icyphy/ptII/ptolemy/actor/lib/test/auto/DiscreteClock9.xml
4 ms. Memory: 488448K Free: 235022K (48%)
----------------- Invoking toplevel() on ptolemy.moml.MoMLSimpleApplication@4647bd24
----------------- Done invoking toplevel() on ptolemy.moml.MoMLSimpleApplication@4647bd24
reloadAllAccessors: .DiscreteClock9

===========================================================================================
----------------- testing Fri Jan 24 06:54:13 UTC 2020 /home/travis/build/icyphy/ptII/ptolemy/actor/lib/test/auto/DisplayArray.xml
----------------- Instantiating /home/travis/build/icyphy/ptII/ptolemy/actor/lib/test/auto/DisplayArray.xml
1 ms. Memory: 488448K Free: 231446K (47%)
----------------- Invoking toplevel() on ptolemy.moml.MoMLSimpleApplication@46bb3c26
----------------- Done invoking toplevel() on ptolemy.moml.MoMLSimpleApplication@46bb3c26
reloadAllAccessors: .DisplayArray

===========================================================================================
----------------- testing Fri Jan 24 06:54:13 UTC 2020 /home/travis/build/icyphy/ptII/ptolemy/actor/lib/test/auto/Distributor.xml
----------------- Instantiating /home/travis/build/icyphy/ptII/ptolemy/actor/lib/test/auto/Distributor.xml
1 ms. Memory: 488448K Free: 226836K (46%)
----------------- Invoking toplevel() on ptolemy.moml.MoMLSimpleApplication@7e4786d8
----------------- Done invoking toplevel() on ptolemy.moml.MoMLSimpleApplication@7e4786d8
reloadAllAccessors: .Distributor

===========================================================================================
----------------- testing Fri Jan 24 06:54:13 UTC 2020 /home/travis/build/icyphy/ptII/ptolemy/actor/lib/test/auto/Distributor2.xml
----------------- Instantiating /home/travis/build/icyphy/ptII/ptolemy/actor/lib/test/auto/Distributor2.xml
1 ms. Memory: 488448K Free: 221716K (45%)
----------------- Invoking toplevel() on ptolemy.moml.MoMLSimpleApplication@c72e59e
----------------- Done invoking toplevel() on ptolemy.moml.MoMLSimpleApplication@c72e59e
reloadAllAccessors: .Distributor2

===========================================================================================
----------------- testing Fri Jan 24 06:54:13 UTC 2020 /home/travis/build/icyphy/ptII/ptolemy/actor/lib/test/auto/DownSample.xml
----------------- Instantiating /home/travis/build/icyphy/ptII/ptolemy/actor/lib/test/auto/DownSample.xml
1 ms. Memory: 488448K Free: 217110K (44%)
----------------- Invoking toplevel() on ptolemy.moml.MoMLSimpleApplication@11cf1a4c
----------------- Done invoking toplevel() on ptolemy.moml.MoMLSimpleApplication@11cf1a4c
reloadAllAccessors: .DownSample

===========================================================================================
----------------- testing Fri Jan 24 06:54:13 UTC 2020 /home/travis/build/icyphy/ptII/ptolemy/actor/lib/test/auto/ElectronicUnitBase1.xml
----------------- Instantiating /home/travis/build/icyphy/ptII/ptolemy/actor/lib/test/auto/ElectronicUnitBase1.xml
17 ms. Memory: 488448K Free: 201236K (41%)
----------------- Invoking toplevel() on ptolemy.moml.MoMLSimpleApplication@1770450d
----------------- Done invoking toplevel() on ptolemy.moml.MoMLSimpleApplication@1770450d
reloadAllAccessors: .ElectronicUnitBase1

===========================================================================================
----------------- testing Fri Jan 24 06:54:13 UTC 2020 /home/travis/build/icyphy/ptII/ptolemy/actor/lib/test/auto/ElementsToArray.xml
----------------- Instantiating /home/travis/build/icyphy/ptII/ptolemy/actor/lib/test/auto/ElementsToArray.xml
2 ms. Memory: 488448K Free: 195606K (40%)
----------------- Invoking toplevel() on ptolemy.moml.MoMLSimpleApplication@3f4b126c
----------------- Done invoking toplevel() on ptolemy.moml.MoMLSimpleApplication@3f4b126c
reloadAllAccessors: .ElementsToArray

===========================================================================================
----------------- testing Fri Jan 24 06:54:13 UTC 2020 /home/travis/build/icyphy/ptII/ptolemy/actor/lib/test/auto/Equals.xml
----------------- Instantiating /home/travis/build/icyphy/ptII/ptolemy/actor/lib/test/auto/Equals.xml
1 ms. Memory: 488448K Free: 190996K (39%)
----------------- Invoking toplevel() on ptolemy.moml.MoMLSimpleApplication@12845e39
----------------- Done invoking toplevel() on ptolemy.moml.MoMLSimpleApplication@12845e39
reloadAllAccessors: .Equals

===========================================================================================
----------------- testing Fri Jan 24 06:54:13 UTC 2020 /home/travis/build/icyphy/ptII/ptolemy/actor/lib/test/auto/Exec.xml
----------------- Instantiating /home/travis/build/icyphy/ptII/ptolemy/actor/lib/test/auto/Exec.xml
14 ms. Memory: 488448K Free: 184852K (38%)
----------------- Invoking toplevel() on ptolemy.moml.MoMLSimpleApplication@7e12e37e
----------------- Done invoking toplevel() on ptolemy.moml.MoMLSimpleApplication@7e12e37e
reloadAllAccessors: .Exec

===========================================================================================
----------------- testing Fri Jan 24 06:54:13 UTC 2020 /home/travis/build/icyphy/ptII/ptolemy/actor/lib/test/auto/ExecEnvironment.xml
----------------- Instantiating /home/travis/build/icyphy/ptII/ptolemy/actor/lib/test/auto/ExecEnvironment.xml
22 ms. Memory: 488448K Free: 179718K (37%)
----------------- Invoking toplevel() on ptolemy.moml.MoMLSimpleApplication@3a88ddc6
----------------- Done invoking toplevel() on ptolemy.moml.MoMLSimpleApplication@3a88ddc6
reloadAllAccessors: .ExecEnvironment

===========================================================================================
----------------- testing Fri Jan 24 06:54:13 UTC 2020 /home/travis/build/icyphy/ptII/ptolemy/actor/lib/test/auto/ExecNonZeroReturnOutput.xml
----------------- Instantiating /home/travis/build/icyphy/ptII/ptolemy/actor/lib/test/auto/ExecNonZeroReturnOutput.xml
180 ms. Memory: 488448K Free: 168468K (34%)
----------------- Invoking toplevel() on ptolemy.moml.MoMLSimpleApplication@73644ff4
----------------- Done invoking toplevel() on ptolemy.moml.MoMLSimpleApplication@73644ff4
reloadAllAccessors: .ExecNonZeroReturnOutput

===========================================================================================
----------------- testing Fri Jan 24 06:54:13 UTC 2020 /home/travis/build/icyphy/ptII/ptolemy/actor/lib/test/auto/ExecRunDemos.xml
----------------- Instantiating /home/travis/build/icyphy/ptII/ptolemy/actor/lib/test/auto/ExecRunDemos.xml
Finished: 66 ms. Memory: 129024K Free: 112441K (87%)

Finished: 70 ms. Memory: 129024K Free: 109431K (85%)

Finished: 106 ms. Memory: 129024K Free: 109622K (85%)

Finished: 76 ms. Memory: 129024K Free: 111104K (86%)

Finished: 94 ms. Memory: 129024K Free: 111948K (87%)

10333 ms. Memory: 488448K Free: 430315K (88%)
----------------- Invoking toplevel() on ptolemy.moml.MoMLSimpleApplication@512faf0c
----------------- Done invoking toplevel() on ptolemy.moml.MoMLSimpleApplication@512faf0c
reloadAllAccessors: .ExecRunDemos

===========================================================================================
----------------- testing Fri Jan 24 06:54:23 UTC 2020 /home/travis/build/icyphy/ptII/ptolemy/actor/lib/test/auto/ExecStop.xml
----------------- Instantiating /home/travis/build/icyphy/ptII/ptolemy/actor/lib/test/auto/ExecStop.xml
5021 ms. Memory: 488448K Free: 299028K (61%)
----------------- Invoking toplevel() on ptolemy.moml.MoMLSimpleApplication@2342ba6c
----------------- Done invoking toplevel() on ptolemy.moml.MoMLSimpleApplication@2342ba6c
reloadAllAccessors: .ExecStop

===========================================================================================
----------------- testing Fri Jan 24 06:54:29 UTC 2020 /home/travis/build/icyphy/ptII/ptolemy/actor/lib/test/auto/ExecutionTimeSDF.xml
----------------- Instantiating /home/travis/build/icyphy/ptII/ptolemy/actor/lib/test/auto/ExecutionTimeSDF.xml
Fired ExecutionTime: -346967296
Fired ExecutionTime: 1521600000
Fired ExecutionTime: -206167296
6004 ms. Memory: 488448K Free: 287254K (59%)
----------------- Invoking toplevel() on ptolemy.moml.MoMLSimpleApplication@112170d6
----------------- Done invoking toplevel() on ptolemy.moml.MoMLSimpleApplication@112170d6
reloadAllAccessors: .ExecutionTimeSDF

===========================================================================================
----------------- testing Fri Jan 24 06:54:35 UTC 2020 /home/travis/build/icyphy/ptII/ptolemy/actor/lib/test/auto/Expression1.xml
----------------- Instantiating /home/travis/build/icyphy/ptII/ptolemy/actor/lib/test/auto/Expression1.xml
1 ms. Memory: 488448K Free: 283668K (58%)
----------------- Invoking toplevel() on ptolemy.moml.MoMLSimpleApplication@5ab123be
----------------- Done invoking toplevel() on ptolemy.moml.MoMLSimpleApplication@5ab123be
reloadAllAccessors: .Expression1

===========================================================================================
----------------- testing Fri Jan 24 06:54:35 UTC 2020 /home/travis/build/icyphy/ptII/ptolemy/actor/lib/test/auto/Expression10.xml
----------------- Instantiating /home/travis/build/icyphy/ptII/ptolemy/actor/lib/test/auto/Expression10.xml
8 ms. Memory: 488448K Free: 278038K (57%)
----------------- Invoking toplevel() on ptolemy.moml.MoMLSimpleApplication@107dac6
----------------- Done invoking toplevel() on ptolemy.moml.MoMLSimpleApplication@107dac6
reloadAllAccessors: .Expression10

===========================================================================================
----------------- testing Fri Jan 24 06:54:35 UTC 2020 /home/travis/build/icyphy/ptII/ptolemy/actor/lib/test/auto/Expression11.xml
----------------- Instantiating /home/travis/build/icyphy/ptII/ptolemy/actor/lib/test/auto/Expression11.xml
4 ms. Memory: 488448K Free: 273428K (56%)
----------------- Invoking toplevel() on ptolemy.moml.MoMLSimpleApplication@33f2b139
----------------- Done invoking toplevel() on ptolemy.moml.MoMLSimpleApplication@33f2b139
reloadAllAccessors: .Expression11

===========================================================================================
----------------- testing Fri Jan 24 06:54:35 UTC 2020 /home/travis/build/icyphy/ptII/ptolemy/actor/lib/test/auto/Expression12.xml
----------------- Instantiating /home/travis/build/icyphy/ptII/ptolemy/actor/lib/test/auto/Expression12.xml
4 ms. Memory: 488448K Free: 267798K (55%)
----------------- Invoking toplevel() on ptolemy.moml.MoMLSimpleApplication@104f33ca
----------------- Done invoking toplevel() on ptolemy.moml.MoMLSimpleApplication@104f33ca
reloadAllAccessors: .Expression12

===========================================================================================
----------------- testing Fri Jan 24 06:54:35 UTC 2020 /home/travis/build/icyphy/ptII/ptolemy/actor/lib/test/auto/Expression13.xml
----------------- Instantiating /home/travis/build/icyphy/ptII/ptolemy/actor/lib/test/auto/Expression13.xml
4 ms. Memory: 488448K Free: 262678K (54%)
----------------- Invoking toplevel() on ptolemy.moml.MoMLSimpleApplication@549a615c
----------------- Done invoking toplevel() on ptolemy.moml.MoMLSimpleApplication@549a615c
reloadAllAccessors: .Expression13

===========================================================================================
----------------- testing Fri Jan 24 06:54:35 UTC 2020 /home/travis/build/icyphy/ptII/ptolemy/actor/lib/test/auto/Expression14.xml
----------------- Instantiating /home/travis/build/icyphy/ptII/ptolemy/actor/lib/test/auto/Expression14.xml
7 ms. Memory: 488448K Free: 256534K (53%)
----------------- Invoking toplevel() on ptolemy.moml.MoMLSimpleApplication@784f9f4b
----------------- Done invoking toplevel() on ptolemy.moml.MoMLSimpleApplication@784f9f4b
reloadAllAccessors: .Expression14

===========================================================================================
----------------- testing Fri Jan 24 06:54:35 UTC 2020 /home/travis/build/icyphy/ptII/ptolemy/actor/lib/test/auto/Expression15.xml
----------------- Instantiating /home/travis/build/icyphy/ptII/ptolemy/actor/lib/test/auto/Expression15.xml
1 ms. Memory: 488448K Free: 253462K (52%)
----------------- Invoking toplevel() on ptolemy.moml.MoMLSimpleApplication@148c3851
----------------- Done invoking toplevel() on ptolemy.moml.MoMLSimpleApplication@148c3851
reloadAllAccessors: .Expression15

===========================================================================================
----------------- testing Fri Jan 24 06:54:35 UTC 2020 /home/travis/build/icyphy/ptII/ptolemy/actor/lib/test/auto/Expression16.xml
----------------- Instantiating /home/travis/build/icyphy/ptII/ptolemy/actor/lib/test/auto/Expression16.xml
3 ms. Memory: 488448K Free: 248342K (51%)
----------------- Invoking toplevel() on ptolemy.moml.MoMLSimpleApplication@28fe0510
----------------- Done invoking toplevel() on ptolemy.moml.MoMLSimpleApplication@28fe0510
reloadAllAccessors: .Expression16

===========================================================================================
----------------- testing Fri Jan 24 06:54:35 UTC 2020 /home/travis/build/icyphy/ptII/ptolemy/actor/lib/test/auto/Expression17.xml
----------------- Instantiating /home/travis/build/icyphy/ptII/ptolemy/actor/lib/test/auto/Expression17.xml
4 ms. Memory: 488448K Free: 243222K (50%)
----------------- Invoking toplevel() on ptolemy.moml.MoMLSimpleApplication@723e6259
----------------- Done invoking toplevel() on ptolemy.moml.MoMLSimpleApplication@723e6259
reloadAllAccessors: .Expression17

===========================================================================================
----------------- testing Fri Jan 24 06:54:35 UTC 2020 /home/travis/build/icyphy/ptII/ptolemy/actor/lib/test/auto/Expression18.xml
----------------- Instantiating /home/travis/build/icyphy/ptII/ptolemy/actor/lib/test/auto/Expression18.xml
4 ms. Memory: 488448K Free: 238100K (49%)
----------------- Invoking toplevel() on ptolemy.moml.MoMLSimpleApplication@6e09f5c
----------------- Done invoking toplevel() on ptolemy.moml.MoMLSimpleApplication@6e09f5c
reloadAllAccessors: .Expression18

===========================================================================================
----------------- testing Fri Jan 24 06:54:35 UTC 2020 /home/travis/build/icyphy/ptII/ptolemy/actor/lib/test/auto/Expression2.xml
----------------- Instantiating /home/travis/build/icyphy/ptII/ptolemy/actor/lib/test/auto/Expression2.xml
3 ms. Memory: 488448K Free: 232982K (48%)
----------------- Invoking toplevel() on ptolemy.moml.MoMLSimpleApplication@15c96667
----------------- Done invoking toplevel() on ptolemy.moml.MoMLSimpleApplication@15c96667
reloadAllAccessors: .Expression2

===========================================================================================
----------------- testing Fri Jan 24 06:54:35 UTC 2020 /home/travis/build/icyphy/ptII/ptolemy/actor/lib/test/auto/Expression3.xml
----------------- Instantiating /home/travis/build/icyphy/ptII/ptolemy/actor/lib/test/auto/Expression3.xml
5 ms. Memory: 488448K Free: 228372K (47%)
----------------- Invoking toplevel() on ptolemy.moml.MoMLSimpleApplication@f5d0e4d
----------------- Done invoking toplevel() on ptolemy.moml.MoMLSimpleApplication@f5d0e4d
reloadAllAccessors: .Expression3

===========================================================================================
----------------- testing Fri Jan 24 06:54:35 UTC 2020 /home/travis/build/icyphy/ptII/ptolemy/actor/lib/test/auto/Expression4.xml
----------------- Instantiating /home/travis/build/icyphy/ptII/ptolemy/actor/lib/test/auto/Expression4.xml
4 ms. Memory: 488448K Free: 220694K (45%)
----------------- Invoking toplevel() on ptolemy.moml.MoMLSimpleApplication@2a535772
----------------- Done invoking toplevel() on ptolemy.moml.MoMLSimpleApplication@2a535772
reloadAllAccessors: .Expression4

===========================================================================================
----------------- testing Fri Jan 24 06:54:35 UTC 2020 /home/travis/build/icyphy/ptII/ptolemy/actor/lib/test/auto/Expression5.xml
----------------- Instantiating /home/travis/build/icyphy/ptII/ptolemy/actor/lib/test/auto/Expression5.xml
8 ms. Memory: 488448K Free: 215574K (44%)
----------------- Invoking toplevel() on ptolemy.moml.MoMLSimpleApplication@72d163be
----------------- Done invoking toplevel() on ptolemy.moml.MoMLSimpleApplication@72d163be
reloadAllAccessors: .Expression5

===========================================================================================
----------------- testing Fri Jan 24 06:54:35 UTC 2020 /home/travis/build/icyphy/ptII/ptolemy/actor/lib/test/auto/Expression6.xml
----------------- Instantiating /home/travis/build/icyphy/ptII/ptolemy/actor/lib/test/auto/Expression6.xml
2 ms. Memory: 488448K Free: 210964K (43%)
----------------- Invoking toplevel() on ptolemy.moml.MoMLSimpleApplication@1131c65
----------------- Done invoking toplevel() on ptolemy.moml.MoMLSimpleApplication@1131c65
reloadAllAccessors: .Expression6

===========================================================================================
----------------- testing Fri Jan 24 06:54:35 UTC 2020 /home/travis/build/icyphy/ptII/ptolemy/actor/lib/test/auto/Expression7.xml
----------------- Instantiating /home/travis/build/icyphy/ptII/ptolemy/actor/lib/test/auto/Expression7.xml
2 ms. Memory: 488448K Free: 205844K (42%)
----------------- Invoking toplevel() on ptolemy.moml.MoMLSimpleApplication@6d621d0a
----------------- Done invoking toplevel() on ptolemy.moml.MoMLSimpleApplication@6d621d0a
reloadAllAccessors: .Expression7

===========================================================================================
----------------- testing Fri Jan 24 06:54:35 UTC 2020 /home/travis/build/icyphy/ptII/ptolemy/actor/lib/test/auto/Expression8.xml
----------------- Instantiating /home/travis/build/icyphy/ptII/ptolemy/actor/lib/test/auto/Expression8.xml
9 ms. Memory: 488448K Free: 200724K (41%)
----------------- Invoking toplevel() on ptolemy.moml.MoMLSimpleApplication@33e9a0fb
----------------- Done invoking toplevel() on ptolemy.moml.MoMLSimpleApplication@33e9a0fb
reloadAllAccessors: .Expression8

===========================================================================================
----------------- testing Fri Jan 24 06:54:35 UTC 2020 /home/travis/build/icyphy/ptII/ptolemy/actor/lib/test/auto/Expression9.xml
----------------- Instantiating /home/travis/build/icyphy/ptII/ptolemy/actor/lib/test/auto/Expression9.xml
3 ms. Memory: 488448K Free: 197142K (40%)
----------------- Invoking toplevel() on ptolemy.moml.MoMLSimpleApplication@41f88473
----------------- Done invoking toplevel() on ptolemy.moml.MoMLSimpleApplication@41f88473
reloadAllAccessors: .Expression9

===========================================================================================
----------------- testing Fri Jan 24 06:54:35 UTC 2020 /home/travis/build/icyphy/ptII/ptolemy/actor/lib/test/auto/ExpressionConcatenateArrayType.xml
----------------- Instantiating /home/travis/build/icyphy/ptII/ptolemy/actor/lib/test/auto/ExpressionConcatenateArrayType.xml
3 ms. Memory: 488448K Free: 190484K (39%)
----------------- Invoking toplevel() on ptolemy.moml.MoMLSimpleApplication@5fdb2206
----------------- Done invoking toplevel() on ptolemy.moml.MoMLSimpleApplication@5fdb2206
reloadAllAccessors: .ExpressionConcatenateArrayType

===========================================================================================
----------------- testing Fri Jan 24 06:54:35 UTC 2020 /home/travis/build/icyphy/ptII/ptolemy/actor/lib/test/auto/ExpressionConcatenateArrayType2.xml
----------------- Instantiating /home/travis/build/icyphy/ptII/ptolemy/actor/lib/test/auto/ExpressionConcatenateArrayType2.xml
3 ms. Memory: 488448K Free: 184340K (38%)
----------------- Invoking toplevel() on ptolemy.moml.MoMLSimpleApplication@77b1dca3
----------------- Done invoking toplevel() on ptolemy.moml.MoMLSimpleApplication@77b1dca3
reloadAllAccessors: .ExpressionConcatenateArrayType2

===========================================================================================
----------------- testing Fri Jan 24 06:54:35 UTC 2020 /home/travis/build/icyphy/ptII/ptolemy/actor/lib/test/auto/ExpressionFix.xml
----------------- Instantiating /home/travis/build/icyphy/ptII/ptolemy/actor/lib/test/auto/ExpressionFix.xml
21 ms. Memory: 488448K Free: 177686K (36%)
----------------- Invoking toplevel() on ptolemy.moml.MoMLSimpleApplication@2510cf3b
----------------- Done invoking toplevel() on ptolemy.moml.MoMLSimpleApplication@2510cf3b
reloadAllAccessors: .ExpressionFix

===========================================================================================
----------------- testing Fri Jan 24 06:54:35 UTC 2020 /home/travis/build/icyphy/ptII/ptolemy/actor/lib/test/auto/ExpressionFix2.xml
----------------- Instantiating /home/travis/build/icyphy/ptII/ptolemy/actor/lib/test/auto/ExpressionFix2.xml
3 ms. Memory: 488448K Free: 173590K (36%)
----------------- Invoking toplevel() on ptolemy.moml.MoMLSimpleApplication@4c740af4
----------------- Done invoking toplevel() on ptolemy.moml.MoMLSimpleApplication@4c740af4
reloadAllAccessors: .ExpressionFix2

===========================================================================================
----------------- testing Fri Jan 24 06:54:35 UTC 2020 /home/travis/build/icyphy/ptII/ptolemy/actor/lib/test/auto/ExpressionFix3.xml
----------------- Instantiating /home/travis/build/icyphy/ptII/ptolemy/actor/lib/test/auto/ExpressionFix3.xml
3 ms. Memory: 488448K Free: 168980K (35%)
----------------- Invoking toplevel() on ptolemy.moml.MoMLSimpleApplication@388a7900
----------------- Done invoking toplevel() on ptolemy.moml.MoMLSimpleApplication@388a7900
reloadAllAccessors: .ExpressionFix3

===========================================================================================
----------------- testing Fri Jan 24 06:54:35 UTC 2020 /home/travis/build/icyphy/ptII/ptolemy/actor/lib/test/auto/FileWriter1.xml
----------------- Instantiating /home/travis/build/icyphy/ptII/ptolemy/actor/lib/test/auto/FileWriter1.xml
2 ms. Memory: 488448K Free: 165398K (34%)
----------------- Invoking toplevel() on ptolemy.moml.MoMLSimpleApplication@5cd2c5fe
----------------- Done invoking toplevel() on ptolemy.moml.MoMLSimpleApplication@5cd2c5fe
reloadAllAccessors: .FileWriter1

===========================================================================================
----------------- testing Fri Jan 24 06:54:35 UTC 2020 /home/travis/build/icyphy/ptII/ptolemy/actor/lib/test/auto/FileWriter2.xml
----------------- Instantiating /home/travis/build/icyphy/ptII/ptolemy/actor/lib/test/auto/FileWriter2.xml
2 ms. Memory: 488448K Free: 160774K (33%)
----------------- Invoking toplevel() on ptolemy.moml.MoMLSimpleApplication@27e58a80
----------------- Done invoking toplevel() on ptolemy.moml.MoMLSimpleApplication@27e58a80
reloadAllAccessors: .FileWriter2

===========================================================================================
----------------- testing Fri Jan 24 06:54:35 UTC 2020 /home/travis/build/icyphy/ptII/ptolemy/actor/lib/test/auto/FileWriter3.xml
----------------- Instantiating /home/travis/build/icyphy/ptII/ptolemy/actor/lib/test/auto/FileWriter3.xml
2 ms. Memory: 488448K Free: 156692K (32%)
----------------- Invoking toplevel() on ptolemy.moml.MoMLSimpleApplication@6aa8e21a
----------------- Done invoking toplevel() on ptolemy.moml.MoMLSimpleApplication@6aa8e21a
reloadAllAccessors: .FileWriter3

===========================================================================================
----------------- testing Fri Jan 24 06:54:35 UTC 2020 /home/travis/build/icyphy/ptII/ptolemy/actor/lib/test/auto/Gaussian.xml
----------------- Instantiating /home/travis/build/icyphy/ptII/ptolemy/actor/lib/test/auto/Gaussian.xml
36 ms. Memory: 488448K Free: 435734K (89%)
----------------- Invoking toplevel() on ptolemy.moml.MoMLSimpleApplication@544c35e3
----------------- Done invoking toplevel() on ptolemy.moml.MoMLSimpleApplication@544c35e3
reloadAllAccessors: .Gaussian

===========================================================================================
----------------- testing Fri Jan 24 06:54:35 UTC 2020 /home/travis/build/icyphy/ptII/ptolemy/actor/lib/test/auto/Gaussian1.xml
----------------- Instantiating /home/travis/build/icyphy/ptII/ptolemy/actor/lib/test/auto/Gaussian1.xml
10 ms. Memory: 488448K Free: 429590K (88%)
----------------- Invoking toplevel() on ptolemy.moml.MoMLSimpleApplication@34cfd582
----------------- Done invoking toplevel() on ptolemy.moml.MoMLSimpleApplication@34cfd582
reloadAllAccessors: .Gaussian1

===========================================================================================
----------------- testing Fri Jan 24 06:54:35 UTC 2020 /home/travis/build/icyphy/ptII/ptolemy/actor/lib/test/auto/Gaussian2.xml
----------------- Instantiating /home/travis/build/icyphy/ptII/ptolemy/actor/lib/test/auto/Gaussian2.xml
2 ms. Memory: 488448K Free: 423942K (87%)
----------------- Invoking toplevel() on ptolemy.moml.MoMLSimpleApplication@43551ed9
----------------- Done invoking toplevel() on ptolemy.moml.MoMLSimpleApplication@43551ed9
reloadAllAccessors: .Gaussian2

===========================================================================================
----------------- testing Fri Jan 24 06:54:35 UTC 2020 /home/travis/build/icyphy/ptII/ptolemy/actor/lib/test/auto/GradientAdaptiveLattice.xml
----------------- Instantiating /home/travis/build/icyphy/ptII/ptolemy/actor/lib/test/auto/GradientAdaptiveLattice.xml
3 ms. Memory: 488448K Free: 418836K (86%)
----------------- Invoking toplevel() on ptolemy.moml.MoMLSimpleApplication@5c40bf27
----------------- Done invoking toplevel() on ptolemy.moml.MoMLSimpleApplication@5c40bf27
reloadAllAccessors: .GradientAdaptiveLattice

===========================================================================================
----------------- testing Fri Jan 24 06:54:35 UTC 2020 /home/travis/build/icyphy/ptII/ptolemy/actor/lib/test/auto/IIR.xml
----------------- Instantiating /home/travis/build/icyphy/ptII/ptolemy/actor/lib/test/auto/IIR.xml
1 ms. Memory: 488448K Free: 414230K (85%)
----------------- Invoking toplevel() on ptolemy.moml.MoMLSimpleApplication@698f6410
----------------- Done invoking toplevel() on ptolemy.moml.MoMLSimpleApplication@698f6410
reloadAllAccessors: .IIR

===========================================================================================
----------------- testing Fri Jan 24 06:54:35 UTC 2020 /home/travis/build/icyphy/ptII/ptolemy/actor/lib/test/auto/InputOutputTransparentPorts.xml
----------------- Instantiating /home/travis/build/icyphy/ptII/ptolemy/actor/lib/test/auto/InputOutputTransparentPorts.xml
2 ms. Memory: 488448K Free: 407572K (83%)
----------------- Invoking toplevel() on ptolemy.moml.MoMLSimpleApplication@7881a7f2
----------------- Done invoking toplevel() on ptolemy.moml.MoMLSimpleApplication@7881a7f2
reloadAllAccessors: .InputOutputTransparentPorts

===========================================================================================
----------------- testing Fri Jan 24 06:54:35 UTC 2020 /home/travis/build/icyphy/ptII/ptolemy/actor/lib/test/auto/Interpolator.xml
----------------- Instantiating /home/travis/build/icyphy/ptII/ptolemy/actor/lib/test/auto/Interpolator.xml
4 ms. Memory: 488448K Free: 403462K (83%)
----------------- Invoking toplevel() on ptolemy.moml.MoMLSimpleApplication@7136166d
----------------- Done invoking toplevel() on ptolemy.moml.MoMLSimpleApplication@7136166d
reloadAllAccessors: .Interpolator

===========================================================================================
----------------- testing Fri Jan 24 06:54:35 UTC 2020 /home/travis/build/icyphy/ptII/ptolemy/actor/lib/test/auto/InterpolatorFiringLimitDE.xml
----------------- Instantiating /home/travis/build/icyphy/ptII/ptolemy/actor/lib/test/auto/InterpolatorFiringLimitDE.xml
2 ms. Memory: 488448K Free: 397332K (81%)
----------------- Invoking toplevel() on ptolemy.moml.MoMLSimpleApplication@673b0e18
----------------- Done invoking toplevel() on ptolemy.moml.MoMLSimpleApplication@673b0e18
reloadAllAccessors: .InterpolatorFiringLimitDE

===========================================================================================
----------------- testing Fri Jan 24 06:54:35 UTC 2020 /home/travis/build/icyphy/ptII/ptolemy/actor/lib/test/auto/Lattice.xml
----------------- Instantiating /home/travis/build/icyphy/ptII/ptolemy/actor/lib/test/auto/Lattice.xml
1 ms. Memory: 488448K Free: 393236K (81%)
----------------- Invoking toplevel() on ptolemy.moml.MoMLSimpleApplication@3eb18225
----------------- Done invoking toplevel() on ptolemy.moml.MoMLSimpleApplication@3eb18225
reloadAllAccessors: .Lattice

===========================================================================================
----------------- testing Fri Jan 24 06:54:35 UTC 2020 /home/travis/build/icyphy/ptII/ptolemy/actor/lib/test/auto/LazyAOCTestLazy.xml
----------------- Instantiating /home/travis/build/icyphy/ptII/ptolemy/actor/lib/test/auto/LazyAOCTestLazy.xml
8 ms. Memory: 488448K Free: 387078K (79%)
----------------- Invoking toplevel() on ptolemy.moml.MoMLSimpleApplication@380be597
----------------- Done invoking toplevel() on ptolemy.moml.MoMLSimpleApplication@380be597
reloadAllAccessors: .LazyAOCTestLazy

===========================================================================================
----------------- testing Fri Jan 24 06:54:35 UTC 2020 /home/travis/build/icyphy/ptII/ptolemy/actor/lib/test/auto/LazyAOCTestNonLazy.xml
----------------- Instantiating /home/travis/build/icyphy/ptII/ptolemy/actor/lib/test/auto/LazyAOCTestNonLazy.xml
2 ms. Memory: 488448K Free: 380948K (78%)
----------------- Invoking toplevel() on ptolemy.moml.MoMLSimpleApplication@67a2fc25
----------------- Done invoking toplevel() on ptolemy.moml.MoMLSimpleApplication@67a2fc25
reloadAllAccessors: .LazyAOCTestNonLazy

===========================================================================================
----------------- testing Fri Jan 24 06:54:35 UTC 2020 /home/travis/build/icyphy/ptII/ptolemy/actor/lib/test/auto/LazyInnerClass.xml
----------------- Instantiating /home/travis/build/icyphy/ptII/ptolemy/actor/lib/test/auto/LazyInnerClass.xml
17 ms. Memory: 488448K Free: 372246K (76%)
----------------- Invoking toplevel() on ptolemy.moml.MoMLSimpleApplication@74146902
----------------- Done invoking toplevel() on ptolemy.moml.MoMLSimpleApplication@74146902
reloadAllAccessors: .LazyInnerClass

===========================================================================================
----------------- testing Fri Jan 24 06:54:35 UTC 2020 /home/travis/build/icyphy/ptII/ptolemy/actor/lib/test/auto/LazyPubSub.xml
----------------- Instantiating /home/travis/build/icyphy/ptII/ptolemy/actor/lib/test/auto/LazyPubSub.xml
32 ms. Memory: 488448K Free: 362006K (74%)
----------------- Invoking toplevel() on ptolemy.moml.MoMLSimpleApplication@15a08f7b
----------------- Done invoking toplevel() on ptolemy.moml.MoMLSimpleApplication@15a08f7b
reloadAllAccessors: .LazyPubSub

===========================================================================================
----------------- testing Fri Jan 24 06:54:35 UTC 2020 /home/travis/build/icyphy/ptII/ptolemy/actor/lib/test/auto/LazyPubSub2.xml
----------------- Instantiating /home/travis/build/icyphy/ptII/ptolemy/actor/lib/test/auto/LazyPubSub2.xml
22 ms. Memory: 488448K Free: 352276K (72%)
----------------- Invoking toplevel() on ptolemy.moml.MoMLSimpleApplication@3084a52d
----------------- Done invoking toplevel() on ptolemy.moml.MoMLSimpleApplication@3084a52d
reloadAllAccessors: .LazyPubSub2

===========================================================================================
----------------- testing Fri Jan 24 06:54:36 UTC 2020 /home/travis/build/icyphy/ptII/ptolemy/actor/lib/test/auto/LazyPubSub3.xml
----------------- Instantiating /home/travis/build/icyphy/ptII/ptolemy/actor/lib/test/auto/LazyPubSub3.xml
11 ms. Memory: 488448K Free: 342036K (70%)
----------------- Invoking toplevel() on ptolemy.moml.MoMLSimpleApplication@7fb1d292
----------------- Done invoking toplevel() on ptolemy.moml.MoMLSimpleApplication@7fb1d292
reloadAllAccessors: .LazyPubSub3

===========================================================================================
----------------- testing Fri Jan 24 06:54:36 UTC 2020 /home/travis/build/icyphy/ptII/ptolemy/actor/lib/test/auto/LazySubClassModel.xml
----------------- Instantiating /home/travis/build/icyphy/ptII/ptolemy/actor/lib/test/auto/LazySubClassModel.xml
1 ms. Memory: 488448K Free: 332820K (68%)
----------------- Invoking toplevel() on ptolemy.moml.MoMLSimpleApplication@91c9740
----------------- Done invoking toplevel() on ptolemy.moml.MoMLSimpleApplication@91c9740
reloadAllAccessors: .LazySubClassModel

===========================================================================================
----------------- testing Fri Jan 24 06:54:36 UTC 2020 /home/travis/build/icyphy/ptII/ptolemy/actor/lib/test/auto/LevelCrossTest1.xml
----------------- Instantiating /home/travis/build/icyphy/ptII/ptolemy/actor/lib/test/auto/LevelCrossTest1.xml
1 ms. Memory: 488448K Free: 327190K (67%)
----------------- Invoking toplevel() on ptolemy.moml.MoMLSimpleApplication@3af02344
----------------- Done invoking toplevel() on ptolemy.moml.MoMLSimpleApplication@3af02344
reloadAllAccessors: .broken

===========================================================================================
----------------- testing Fri Jan 24 06:54:36 UTC 2020 /home/travis/build/icyphy/ptII/ptolemy/actor/lib/test/auto/LevelCrossTest10.xml
----------------- Instantiating /home/travis/build/icyphy/ptII/ptolemy/actor/lib/test/auto/LevelCrossTest10.xml
1 ms. Memory: 488448K Free: 320532K (66%)
----------------- Invoking toplevel() on ptolemy.moml.MoMLSimpleApplication@69c6588
----------------- Done invoking toplevel() on ptolemy.moml.MoMLSimpleApplication@69c6588
reloadAllAccessors: .LevelCrossTest10

===========================================================================================
----------------- testing Fri Jan 24 06:54:36 UTC 2020 /home/travis/build/icyphy/ptII/ptolemy/actor/lib/test/auto/LevelCrossTest11.xml
----------------- Instantiating /home/travis/build/icyphy/ptII/ptolemy/actor/lib/test/auto/LevelCrossTest11.xml
1 ms. Memory: 488448K Free: 313878K (64%)
----------------- Invoking toplevel() on ptolemy.moml.MoMLSimpleApplication@6fee8d2e
----------------- Done invoking toplevel() on ptolemy.moml.MoMLSimpleApplication@6fee8d2e
reloadAllAccessors: .LevelCrossTest11

===========================================================================================
----------------- testing Fri Jan 24 06:54:36 UTC 2020 /home/travis/build/icyphy/ptII/ptolemy/actor/lib/test/auto/LevelCrossTest12.xml
----------------- Instantiating /home/travis/build/icyphy/ptII/ptolemy/actor/lib/test/auto/LevelCrossTest12.xml
1 ms. Memory: 488448K Free: 306710K (63%)
----------------- Invoking toplevel() on ptolemy.moml.MoMLSimpleApplication@6197eb93
----------------- Done invoking toplevel() on ptolemy.moml.MoMLSimpleApplication@6197eb93
reloadAllAccessors: .LevelCrossTest12

===========================================================================================
----------------- testing Fri Jan 24 06:54:36 UTC 2020 /home/travis/build/icyphy/ptII/ptolemy/actor/lib/test/auto/LevelCrossTest13.xml
----------------- Instantiating /home/travis/build/icyphy/ptII/ptolemy/actor/lib/test/auto/LevelCrossTest13.xml
1 ms. Memory: 488448K Free: 298518K (61%)
----------------- Invoking toplevel() on ptolemy.moml.MoMLSimpleApplication@3096fbfe
----------------- Done invoking toplevel() on ptolemy.moml.MoMLSimpleApplication@3096fbfe
reloadAllAccessors: .LevelCrossTest13

===========================================================================================
----------------- testing Fri Jan 24 06:54:36 UTC 2020 /home/travis/build/icyphy/ptII/ptolemy/actor/lib/test/auto/LevelCrossTest2.xml
----------------- Instantiating /home/travis/build/icyphy/ptII/ptolemy/actor/lib/test/auto/LevelCrossTest2.xml
4 ms. Memory: 488448K Free: 292374K (60%)
----------------- Invoking toplevel() on ptolemy.moml.MoMLSimpleApplication@7b29b570
----------------- Done invoking toplevel() on ptolemy.moml.MoMLSimpleApplication@7b29b570
reloadAllAccessors: .broken

===========================================================================================
----------------- testing Fri Jan 24 06:54:36 UTC 2020 /home/travis/build/icyphy/ptII/ptolemy/actor/lib/test/auto/LevelCrossTest3.xml
----------------- Instantiating /home/travis/build/icyphy/ptII/ptolemy/actor/lib/test/auto/LevelCrossTest3.xml
3 ms. Memory: 488448K Free: 286230K (59%)
----------------- Invoking toplevel() on ptolemy.moml.MoMLSimpleApplication@1be221ba
----------------- Done invoking toplevel() on ptolemy.moml.MoMLSimpleApplication@1be221ba
reloadAllAccessors: .LevelCrossTest3

===========================================================================================
----------------- testing Fri Jan 24 06:54:36 UTC 2020 /home/travis/build/icyphy/ptII/ptolemy/actor/lib/test/auto/LevelCrossTest4.xml
----------------- Instantiating /home/travis/build/icyphy/ptII/ptolemy/actor/lib/test/auto/LevelCrossTest4.xml
2 ms. Memory: 488448K Free: 280596K (57%)
----------------- Invoking toplevel() on ptolemy.moml.MoMLSimpleApplication@76ef330d
----------------- Done invoking toplevel() on ptolemy.moml.MoMLSimpleApplication@76ef330d
reloadAllAccessors: .broken

===========================================================================================
----------------- testing Fri Jan 24 06:54:36 UTC 2020 /home/travis/build/icyphy/ptII/ptolemy/actor/lib/test/auto/LevelCrossTest5.xml
----------------- Instantiating /home/travis/build/icyphy/ptII/ptolemy/actor/lib/test/auto/LevelCrossTest5.xml
1 ms. Memory: 488448K Free: 274452K (56%)
----------------- Invoking toplevel() on ptolemy.moml.MoMLSimpleApplication@5be9303d
----------------- Done invoking toplevel() on ptolemy.moml.MoMLSimpleApplication@5be9303d
reloadAllAccessors: .LevelCrossTest5

===========================================================================================
----------------- testing Fri Jan 24 06:54:36 UTC 2020 /home/travis/build/icyphy/ptII/ptolemy/actor/lib/test/auto/LevelCrossTest6.xml
----------------- Instantiating /home/travis/build/icyphy/ptII/ptolemy/actor/lib/test/auto/LevelCrossTest6.xml
1 ms. Memory: 488448K Free: 268308K (55%)
----------------- Invoking toplevel() on ptolemy.moml.MoMLSimpleApplication@5a0089aa
----------------- Done invoking toplevel() on ptolemy.moml.MoMLSimpleApplication@5a0089aa
reloadAllAccessors: .LevelCrossTest6

===========================================================================================
----------------- testing Fri Jan 24 06:54:36 UTC 2020 /home/travis/build/icyphy/ptII/ptolemy/actor/lib/test/auto/LevelCrossTest7.xml
----------------- Instantiating /home/travis/build/icyphy/ptII/ptolemy/actor/lib/test/auto/LevelCrossTest7.xml
1 ms. Memory: 488448K Free: 260116K (53%)
----------------- Invoking toplevel() on ptolemy.moml.MoMLSimpleApplication@9d7da3a
----------------- Done invoking toplevel() on ptolemy.moml.MoMLSimpleApplication@9d7da3a
reloadAllAccessors: .LevelCrossTest7

===========================================================================================
----------------- testing Fri Jan 24 06:54:36 UTC 2020 /home/travis/build/icyphy/ptII/ptolemy/actor/lib/test/auto/LevelCrossTest8.xml
----------------- Instantiating /home/travis/build/icyphy/ptII/ptolemy/actor/lib/test/auto/LevelCrossTest8.xml
1 ms. Memory: 488448K Free: 252948K (52%)
----------------- Invoking toplevel() on ptolemy.moml.MoMLSimpleApplication@e56072c
----------------- Done invoking toplevel() on ptolemy.moml.MoMLSimpleApplication@e56072c
reloadAllAccessors: .LevelCrossTest8

===========================================================================================
----------------- testing Fri Jan 24 06:54:36 UTC 2020 /home/travis/build/icyphy/ptII/ptolemy/actor/lib/test/auto/LevelCrossTest9.xml
----------------- Instantiating /home/travis/build/icyphy/ptII/ptolemy/actor/lib/test/auto/LevelCrossTest9.xml
1 ms. Memory: 488448K Free: 245780K (50%)
----------------- Invoking toplevel() on ptolemy.moml.MoMLSimpleApplication@2b1eec4d
----------------- Done invoking toplevel() on ptolemy.moml.MoMLSimpleApplication@2b1eec4d
reloadAllAccessors: .LevelCrossTest9

===========================================================================================
----------------- testing Fri Jan 24 06:54:36 UTC 2020 /home/travis/build/icyphy/ptII/ptolemy/actor/lib/test/auto/LevinsonDurbin.xml
----------------- Instantiating /home/travis/build/icyphy/ptII/ptolemy/actor/lib/test/auto/LevinsonDurbin.xml
1 ms. Memory: 488448K Free: 241684K (49%)
----------------- Invoking toplevel() on ptolemy.moml.MoMLSimpleApplication@33c21eea
----------------- Done invoking toplevel() on ptolemy.moml.MoMLSimpleApplication@33c21eea
reloadAllAccessors: .LevinsonDurbin

===========================================================================================
----------------- testing Fri Jan 24 06:54:36 UTC 2020 /home/travis/build/icyphy/ptII/ptolemy/actor/lib/test/auto/LevinsonDurbin2.xml
----------------- Instantiating /home/travis/build/icyphy/ptII/ptolemy/actor/lib/test/auto/LevinsonDurbin2.xml
2 ms. Memory: 488448K Free: 237588K (49%)
----------------- Invoking toplevel() on ptolemy.moml.MoMLSimpleApplication@46d35b2
----------------- Done invoking toplevel() on ptolemy.moml.MoMLSimpleApplication@46d35b2
reloadAllAccessors: .LevinsonDurbin2

===========================================================================================
----------------- testing Fri Jan 24 06:54:36 UTC 2020 /home/travis/build/icyphy/ptII/ptolemy/actor/lib/test/auto/LevinsonDurbin3.xml
----------------- Instantiating /home/travis/build/icyphy/ptII/ptolemy/actor/lib/test/auto/LevinsonDurbin3.xml
2 ms. Memory: 488448K Free: 233492K (48%)
----------------- Invoking toplevel() on ptolemy.moml.MoMLSimpleApplication@603d1edb
----------------- Done invoking toplevel() on ptolemy.moml.MoMLSimpleApplication@603d1edb
reloadAllAccessors: .LevinsonDurbin3

===========================================================================================
----------------- testing Fri Jan 24 06:54:36 UTC 2020 /home/travis/build/icyphy/ptII/ptolemy/actor/lib/test/auto/Limiter.xml
----------------- Instantiating /home/travis/build/icyphy/ptII/ptolemy/actor/lib/test/auto/Limiter.xml
11 ms. Memory: 488448K Free: 224270K (46%)
----------------- Invoking toplevel() on ptolemy.moml.MoMLSimpleApplication@6a250b71
----------------- Done invoking toplevel() on ptolemy.moml.MoMLSimpleApplication@6a250b71
reloadAllAccessors: .Limiter

===========================================================================================
----------------- testing Fri Jan 24 06:54:36 UTC 2020 /home/travis/build/icyphy/ptII/ptolemy/actor/lib/test/auto/LinearDifferenceEquationSystem.xml
----------------- Instantiating /home/travis/build/icyphy/ptII/ptolemy/actor/lib/test/auto/LinearDifferenceEquationSystem.xml
12 ms. Memory: 488448K Free: 217108K (44%)
----------------- Invoking toplevel() on ptolemy.moml.MoMLSimpleApplication@61a9d890
----------------- Done invoking toplevel() on ptolemy.moml.MoMLSimpleApplication@61a9d890
reloadAllAccessors: .LinearDifferenceEquationSystem

===========================================================================================
----------------- testing Fri Jan 24 06:54:36 UTC 2020 /home/travis/build/icyphy/ptII/ptolemy/actor/lib/test/auto/LookupTable.xml
----------------- Instantiating /home/travis/build/icyphy/ptII/ptolemy/actor/lib/test/auto/LookupTable.xml
2 ms. Memory: 488448K Free: 212502K (44%)
----------------- Invoking toplevel() on ptolemy.moml.MoMLSimpleApplication@264335e5
----------------- Done invoking toplevel() on ptolemy.moml.MoMLSimpleApplication@264335e5
reloadAllAccessors: .LookupTable

===========================================================================================
----------------- testing Fri Jan 24 06:54:36 UTC 2020 /home/travis/build/icyphy/ptII/ptolemy/actor/lib/test/auto/MathFunction.xml
----------------- Instantiating /home/travis/build/icyphy/ptII/ptolemy/actor/lib/test/auto/MathFunction.xml
16 ms. Memory: 488448K Free: 204310K (42%)
----------------- Invoking toplevel() on ptolemy.moml.MoMLSimpleApplication@4debbc1c
----------------- Done invoking toplevel() on ptolemy.moml.MoMLSimpleApplication@4debbc1c
reloadAllAccessors: .MathFunction

===========================================================================================
----------------- testing Fri Jan 24 06:54:36 UTC 2020 /home/travis/build/icyphy/ptII/ptolemy/actor/lib/test/auto/MathFunction2.xml
----------------- Instantiating /home/travis/build/icyphy/ptII/ptolemy/actor/lib/test/auto/MathFunction2.xml
4 ms. Memory: 488448K Free: 200214K (41%)
----------------- Invoking toplevel() on ptolemy.moml.MoMLSimpleApplication@2d35f828
----------------- Done invoking toplevel() on ptolemy.moml.MoMLSimpleApplication@2d35f828
reloadAllAccessors: .MathFunction2

===========================================================================================
----------------- testing Fri Jan 24 06:54:36 UTC 2020 /home/travis/build/icyphy/ptII/ptolemy/actor/lib/test/auto/MathFunction3.xml
----------------- Instantiating /home/travis/build/icyphy/ptII/ptolemy/actor/lib/test/auto/MathFunction3.xml
3 ms. Memory: 488448K Free: 193046K (40%)
----------------- Invoking toplevel() on ptolemy.moml.MoMLSimpleApplication@9a56244
----------------- Done invoking toplevel() on ptolemy.moml.MoMLSimpleApplication@9a56244
reloadAllAccessors: .MathFunction3

===========================================================================================
----------------- testing Fri Jan 24 06:54:36 UTC 2020 /home/travis/build/icyphy/ptII/ptolemy/actor/lib/test/auto/MatrixCropBoolean.xml
----------------- Instantiating /home/travis/build/icyphy/ptII/ptolemy/actor/lib/test/auto/MatrixCropBoolean.xml
2 ms. Memory: 488448K Free: 187926K (38%)
----------------- Invoking toplevel() on ptolemy.moml.MoMLSimpleApplication@7d3a29f7
----------------- Done invoking toplevel() on ptolemy.moml.MoMLSimpleApplication@7d3a29f7
reloadAllAccessors: .MatrixCropBoolean

===========================================================================================
----------------- testing Fri Jan 24 06:54:36 UTC 2020 /home/travis/build/icyphy/ptII/ptolemy/actor/lib/test/auto/MatrixCropComplex.xml
----------------- Instantiating /home/travis/build/icyphy/ptII/ptolemy/actor/lib/test/auto/MatrixCropComplex.xml
2 ms. Memory: 488448K Free: 182806K (37%)
----------------- Invoking toplevel() on ptolemy.moml.MoMLSimpleApplication@57444ebb
----------------- Done invoking toplevel() on ptolemy.moml.MoMLSimpleApplication@57444ebb
reloadAllAccessors: .MatrixCropComplex

===========================================================================================
----------------- testing Fri Jan 24 06:54:36 UTC 2020 /home/travis/build/icyphy/ptII/ptolemy/actor/lib/test/auto/MatrixCropDouble.xml
----------------- Instantiating /home/travis/build/icyphy/ptII/ptolemy/actor/lib/test/auto/MatrixCropDouble.xml
2 ms. Memory: 488448K Free: 177686K (36%)
----------------- Invoking toplevel() on ptolemy.moml.MoMLSimpleApplication@1f37ceb5
----------------- Done invoking toplevel() on ptolemy.moml.MoMLSimpleApplication@1f37ceb5
reloadAllAccessors: .MatrixCropDouble

===========================================================================================
----------------- testing Fri Jan 24 06:54:36 UTC 2020 /home/travis/build/icyphy/ptII/ptolemy/actor/lib/test/auto/MatrixCropFix.xml
----------------- Instantiating /home/travis/build/icyphy/ptII/ptolemy/actor/lib/test/auto/MatrixCropFix.xml
2 ms. Memory: 488448K Free: 172566K (35%)
----------------- Invoking toplevel() on ptolemy.moml.MoMLSimpleApplication@1bb73087
----------------- Done invoking toplevel() on ptolemy.moml.MoMLSimpleApplication@1bb73087
reloadAllAccessors: .MatrixCropFix

===========================================================================================
----------------- testing Fri Jan 24 06:54:36 UTC 2020 /home/travis/build/icyphy/ptII/ptolemy/actor/lib/test/auto/MatrixCropInt.xml
----------------- Instantiating /home/travis/build/icyphy/ptII/ptolemy/actor/lib/test/auto/MatrixCropInt.xml
2 ms. Memory: 488448K Free: 167446K (34%)
----------------- Invoking toplevel() on ptolemy.moml.MoMLSimpleApplication@4855b6f6
----------------- Done invoking toplevel() on ptolemy.moml.MoMLSimpleApplication@4855b6f6
reloadAllAccessors: .MatrixCropInt

===========================================================================================
----------------- testing Fri Jan 24 06:54:36 UTC 2020 /home/travis/build/icyphy/ptII/ptolemy/actor/lib/test/auto/MatrixCropLong.xml
----------------- Instantiating /home/travis/build/icyphy/ptII/ptolemy/actor/lib/test/auto/MatrixCropLong.xml
2 ms. Memory: 488448K Free: 162830K (33%)
----------------- Invoking toplevel() on ptolemy.moml.MoMLSimpleApplication@69641391
----------------- Done invoking toplevel() on ptolemy.moml.MoMLSimpleApplication@69641391
reloadAllAccessors: .MatrixCropLong

===========================================================================================
----------------- testing Fri Jan 24 06:54:36 UTC 2020 /home/travis/build/icyphy/ptII/ptolemy/actor/lib/test/auto/MatrixToArray.xml
----------------- Instantiating /home/travis/build/icyphy/ptII/ptolemy/actor/lib/test/auto/MatrixToArray.xml
12 ms. Memory: 488448K Free: 431124K (88%)
----------------- Invoking toplevel() on ptolemy.moml.MoMLSimpleApplication@30b5aa76
----------------- Done invoking toplevel() on ptolemy.moml.MoMLSimpleApplication@30b5aa76
reloadAllAccessors: .MatrixToArray

===========================================================================================
----------------- testing Fri Jan 24 06:54:36 UTC 2020 /home/travis/build/icyphy/ptII/ptolemy/actor/lib/test/auto/MaxIndex.xml
----------------- Instantiating /home/travis/build/icyphy/ptII/ptolemy/actor/lib/test/auto/MaxIndex.xml
2 ms. Memory: 488448K Free: 426004K (87%)
----------------- Invoking toplevel() on ptolemy.moml.MoMLSimpleApplication@7083721
----------------- Done invoking toplevel() on ptolemy.moml.MoMLSimpleApplication@7083721
reloadAllAccessors: .MaxIndex

===========================================================================================
----------------- testing Fri Jan 24 06:54:36 UTC 2020 /home/travis/build/icyphy/ptII/ptolemy/actor/lib/test/auto/Maximum.xml
----------------- Instantiating /home/travis/build/icyphy/ptII/ptolemy/actor/lib/test/auto/Maximum.xml
2 ms. Memory: 488448K Free: 419350K (86%)
----------------- Invoking toplevel() on ptolemy.moml.MoMLSimpleApplication@7872196
----------------- Done invoking toplevel() on ptolemy.moml.MoMLSimpleApplication@7872196
reloadAllAccessors: .Maximum

===========================================================================================
----------------- testing Fri Jan 24 06:54:36 UTC 2020 /home/travis/build/icyphy/ptII/ptolemy/actor/lib/test/auto/MaximumComplex.xml
----------------- Instantiating /home/travis/build/icyphy/ptII/ptolemy/actor/lib/test/auto/MaximumComplex.xml
4 ms. Memory: 488448K Free: 413206K (85%)
----------------- Invoking toplevel() on ptolemy.moml.MoMLSimpleApplication@ad3d290
----------------- Done invoking toplevel() on ptolemy.moml.MoMLSimpleApplication@ad3d290
reloadAllAccessors: .MaximumComplex

===========================================================================================
----------------- testing Fri Jan 24 06:54:36 UTC 2020 /home/travis/build/icyphy/ptII/ptolemy/actor/lib/test/auto/MethodCallTest.xml
----------------- Instantiating /home/travis/build/icyphy/ptII/ptolemy/actor/lib/test/auto/MethodCallTest.xml
2 ms. Memory: 488448K Free: 406548K (83%)
----------------- Invoking toplevel() on ptolemy.moml.MoMLSimpleApplication@22014eeb
----------------- Done invoking toplevel() on ptolemy.moml.MoMLSimpleApplication@22014eeb
reloadAllAccessors: .MethodCallTest

===========================================================================================
----------------- testing Fri Jan 24 06:54:36 UTC 2020 /home/travis/build/icyphy/ptII/ptolemy/actor/lib/test/auto/Minimum.xml
----------------- Instantiating /home/travis/build/icyphy/ptII/ptolemy/actor/lib/test/auto/Minimum.xml
5 ms. Memory: 488448K Free: 399894K (82%)
----------------- Invoking toplevel() on ptolemy.moml.MoMLSimpleApplication@6217e7e1
----------------- Done invoking toplevel() on ptolemy.moml.MoMLSimpleApplication@6217e7e1
reloadAllAccessors: .Minimum

===========================================================================================
----------------- testing Fri Jan 24 06:54:36 UTC 2020 /home/travis/build/icyphy/ptII/ptolemy/actor/lib/test/auto/MinimumComplex.xml
----------------- Instantiating /home/travis/build/icyphy/ptII/ptolemy/actor/lib/test/auto/MinimumComplex.xml
4 ms. Memory: 488448K Free: 393750K (81%)
----------------- Invoking toplevel() on ptolemy.moml.MoMLSimpleApplication@5942e6ea
----------------- Done invoking toplevel() on ptolemy.moml.MoMLSimpleApplication@5942e6ea
reloadAllAccessors: .MinimumComplex

===========================================================================================
----------------- testing Fri Jan 24 06:54:36 UTC 2020 /home/travis/build/icyphy/ptII/ptolemy/actor/lib/test/auto/MinimumMultiports.xml
----------------- Instantiating /home/travis/build/icyphy/ptII/ptolemy/actor/lib/test/auto/MinimumMultiports.xml
3 ms. Memory: 488448K Free: 385030K (79%)
----------------- Invoking toplevel() on ptolemy.moml.MoMLSimpleApplication@587ee673
----------------- Done invoking toplevel() on ptolemy.moml.MoMLSimpleApplication@587ee673
reloadAllAccessors: .MinimumMultiports

===========================================================================================
----------------- testing Fri Jan 24 06:54:36 UTC 2020 /home/travis/build/icyphy/ptII/ptolemy/actor/lib/test/auto/ModifyDate.xml
----------------- Instantiating /home/travis/build/icyphy/ptII/ptolemy/actor/lib/test/auto/ModifyDate.xml
6 ms. Memory: 488448K Free: 371222K (76%)
----------------- Invoking toplevel() on ptolemy.moml.MoMLSimpleApplication@57815043
----------------- Done invoking toplevel() on ptolemy.moml.MoMLSimpleApplication@57815043
reloadAllAccessors: .ModifyDate

===========================================================================================
----------------- testing Fri Jan 24 06:54:36 UTC 2020 /home/travis/build/icyphy/ptII/ptolemy/actor/lib/test/auto/ModifyDate2.xml
----------------- Instantiating /home/travis/build/icyphy/ptII/ptolemy/actor/lib/test/auto/ModifyDate2.xml
6 ms. Memory: 488448K Free: 362516K (74%)
----------------- Invoking toplevel() on ptolemy.moml.MoMLSimpleApplication@39f33b47
----------------- Done invoking toplevel() on ptolemy.moml.MoMLSimpleApplication@39f33b47
reloadAllAccessors: .ModifyDate2

===========================================================================================
----------------- testing Fri Jan 24 06:54:36 UTC 2020 /home/travis/build/icyphy/ptII/ptolemy/actor/lib/test/auto/MovingAverage.xml
----------------- Instantiating /home/travis/build/icyphy/ptII/ptolemy/actor/lib/test/auto/MovingAverage.xml
1 ms. Memory: 488448K Free: 357396K (73%)
----------------- Invoking toplevel() on ptolemy.moml.MoMLSimpleApplication@2342af47
----------------- Done invoking toplevel() on ptolemy.moml.MoMLSimpleApplication@2342af47
reloadAllAccessors: .MovingAverage

===========================================================================================
----------------- testing Fri Jan 24 06:54:36 UTC 2020 /home/travis/build/icyphy/ptII/ptolemy/actor/lib/test/auto/MovingMaximum.xml
----------------- Instantiating /home/travis/build/icyphy/ptII/ptolemy/actor/lib/test/auto/MovingMaximum.xml
1 ms. Memory: 488448K Free: 352790K (72%)
----------------- Invoking toplevel() on ptolemy.moml.MoMLSimpleApplication@5adaf2f8
----------------- Done invoking toplevel() on ptolemy.moml.MoMLSimpleApplication@5adaf2f8
reloadAllAccessors: .MovingMaximum

===========================================================================================
----------------- testing Fri Jan 24 06:54:36 UTC 2020 /home/travis/build/icyphy/ptII/ptolemy/actor/lib/test/auto/MultipleLinksToSameRelation.xml
----------------- Instantiating /home/travis/build/icyphy/ptII/ptolemy/actor/lib/test/auto/MultipleLinksToSameRelation.xml
2 ms. Memory: 488448K Free: 348694K (71%)
----------------- Invoking toplevel() on ptolemy.moml.MoMLSimpleApplication@3719e080
----------------- Done invoking toplevel() on ptolemy.moml.MoMLSimpleApplication@3719e080
reloadAllAccessors: .MultipleLinksToSameRelation

===========================================================================================
----------------- testing Fri Jan 24 06:54:36 UTC 2020 /home/travis/build/icyphy/ptII/ptolemy/actor/lib/test/auto/MultipleLinksToSameRelationDE.xml
----------------- Instantiating /home/travis/build/icyphy/ptII/ptolemy/actor/lib/test/auto/MultipleLinksToSameRelationDE.xml
2 ms. Memory: 488448K Free: 344054K (70%)
----------------- Invoking toplevel() on ptolemy.moml.MoMLSimpleApplication@706e433f
----------------- Done invoking toplevel() on ptolemy.moml.MoMLSimpleApplication@706e433f
reloadAllAccessors: .MultipleLinksToSameRelationDE

===========================================================================================
----------------- testing Fri Jan 24 06:54:36 UTC 2020 /home/travis/build/icyphy/ptII/ptolemy/actor/lib/test/auto/Multiplexor.xml
----------------- Instantiating /home/travis/build/icyphy/ptII/ptolemy/actor/lib/test/auto/Multiplexor.xml
1 ms. Memory: 488448K Free: 338454K (69%)
----------------- Invoking toplevel() on ptolemy.moml.MoMLSimpleApplication@2d2bc29f
----------------- Done invoking toplevel() on ptolemy.moml.MoMLSimpleApplication@2d2bc29f
reloadAllAccessors: .Multiplexor

===========================================================================================
----------------- testing Fri Jan 24 06:54:36 UTC 2020 /home/travis/build/icyphy/ptII/ptolemy/actor/lib/test/auto/Multiplexor1.xml
----------------- Instantiating /home/travis/build/icyphy/ptII/ptolemy/actor/lib/test/auto/Multiplexor1.xml
2 ms. Memory: 488448K Free: 332790K (68%)
----------------- Invoking toplevel() on ptolemy.moml.MoMLSimpleApplication@1833d592
----------------- Done invoking toplevel() on ptolemy.moml.MoMLSimpleApplication@1833d592
reloadAllAccessors: .Multiplexor1

===========================================================================================
----------------- testing Fri Jan 24 06:54:36 UTC 2020 /home/travis/build/icyphy/ptII/ptolemy/actor/lib/test/auto/Multiplexor2.xml
----------------- Instantiating /home/travis/build/icyphy/ptII/ptolemy/actor/lib/test/auto/Multiplexor2.xml
3 ms. Memory: 488448K Free: 326166K (67%)
----------------- Invoking toplevel() on ptolemy.moml.MoMLSimpleApplication@1e842933
----------------- Done invoking toplevel() on ptolemy.moml.MoMLSimpleApplication@1e842933
reloadAllAccessors: .Multiplexor2

===========================================================================================
----------------- testing Fri Jan 24 06:54:37 UTC 2020 /home/travis/build/icyphy/ptII/ptolemy/actor/lib/test/auto/Multiplexor3.xml
----------------- Instantiating /home/travis/build/icyphy/ptII/ptolemy/actor/lib/test/auto/Multiplexor3.xml
2 ms. Memory: 488448K Free: 322070K (66%)
----------------- Invoking toplevel() on ptolemy.moml.MoMLSimpleApplication@ebada99
----------------- Done invoking toplevel() on ptolemy.moml.MoMLSimpleApplication@ebada99
reloadAllAccessors: .Multiplexor3

===========================================================================================
----------------- testing Fri Jan 24 06:54:37 UTC 2020 /home/travis/build/icyphy/ptII/ptolemy/actor/lib/test/auto/MultiplexorDE.xml
----------------- Instantiating /home/travis/build/icyphy/ptII/ptolemy/actor/lib/test/auto/MultiplexorDE.xml
2 ms. Memory: 488448K Free: 314358K (64%)
----------------- Invoking toplevel() on ptolemy.moml.MoMLSimpleApplication@53de5e8f
----------------- Done invoking toplevel() on ptolemy.moml.MoMLSimpleApplication@53de5e8f
reloadAllAccessors: .MultiplexorDE

===========================================================================================
----------------- testing Fri Jan 24 06:54:37 UTC 2020 /home/travis/build/icyphy/ptII/ptolemy/actor/lib/test/auto/MultiportBroadcastTest.xml
----------------- Instantiating /home/travis/build/icyphy/ptII/ptolemy/actor/lib/test/auto/MultiportBroadcastTest.xml
91 ms. Memory: 488448K Free: 307734K (63%)
----------------- Invoking toplevel() on ptolemy.moml.MoMLSimpleApplication@5e6327a8
----------------- Done invoking toplevel() on ptolemy.moml.MoMLSimpleApplication@5e6327a8
reloadAllAccessors: .MultiportBroadcastTest

===========================================================================================
----------------- testing Fri Jan 24 06:54:37 UTC 2020 /home/travis/build/icyphy/ptII/ptolemy/actor/lib/test/auto/MultiportOutHangDuringGetWidth.xml
----------------- Instantiating /home/travis/build/icyphy/ptII/ptolemy/actor/lib/test/auto/MultiportOutHangDuringGetWidth.xml
4 ms. Memory: 488448K Free: 295956K (61%)
----------------- Invoking toplevel() on ptolemy.moml.MoMLSimpleApplication@7978885d
----------------- Done invoking toplevel() on ptolemy.moml.MoMLSimpleApplication@7978885d
reloadAllAccessors: .MultiportOutHangDuringGetWidth

===========================================================================================
----------------- testing Fri Jan 24 06:54:37 UTC 2020 /home/travis/build/icyphy/ptII/ptolemy/actor/lib/test/auto/NilToken.xml
----------------- Instantiating /home/travis/build/icyphy/ptII/ptolemy/actor/lib/test/auto/NilToken.xml
1 ms. Memory: 488448K Free: 291860K (60%)
----------------- Invoking toplevel() on ptolemy.moml.MoMLSimpleApplication@434122cc
----------------- Done invoking toplevel() on ptolemy.moml.MoMLSimpleApplication@434122cc
reloadAllAccessors: .NilToken

===========================================================================================
----------------- testing Fri Jan 24 06:54:37 UTC 2020 /home/travis/build/icyphy/ptII/ptolemy/actor/lib/test/auto/NilTokenNonStrictTest.xml
----------------- Instantiating /home/travis/build/icyphy/ptII/ptolemy/actor/lib/test/auto/NilTokenNonStrictTest.xml
1 ms. Memory: 488448K Free: 286740K (59%)
----------------- Invoking toplevel() on ptolemy.moml.MoMLSimpleApplication@225e4bac
----------------- Done invoking toplevel() on ptolemy.moml.MoMLSimpleApplication@225e4bac
reloadAllAccessors: .NilTokenNonStrictTest

===========================================================================================
----------------- testing Fri Jan 24 06:54:37 UTC 2020 /home/travis/build/icyphy/ptII/ptolemy/actor/lib/test/auto/NilTokenRecord.xml
----------------- Instantiating /home/travis/build/icyphy/ptII/ptolemy/actor/lib/test/auto/NilTokenRecord.xml
4 ms. Memory: 488448K Free: 280086K (57%)
----------------- Invoking toplevel() on ptolemy.moml.MoMLSimpleApplication@4fdc77c6
----------------- Done invoking toplevel() on ptolemy.moml.MoMLSimpleApplication@4fdc77c6
reloadAllAccessors: .NilTokenRecord

===========================================================================================
----------------- testing Fri Jan 24 06:54:37 UTC 2020 /home/travis/build/icyphy/ptII/ptolemy/actor/lib/test/auto/NilTokenTypeTest.xml
----------------- Instantiating /home/travis/build/icyphy/ptII/ptolemy/actor/lib/test/auto/NilTokenTypeTest.xml
5 ms. Memory: 488448K Free: 270356K (55%)
----------------- Invoking toplevel() on ptolemy.moml.MoMLSimpleApplication@55a1f0e
----------------- Done invoking toplevel() on ptolemy.moml.MoMLSimpleApplication@55a1f0e
reloadAllAccessors: .NilTokenTypeTest

===========================================================================================
----------------- testing Fri Jan 24 06:54:37 UTC 2020 /home/travis/build/icyphy/ptII/ptolemy/actor/lib/test/auto/ObjectToken1.xml
----------------- Instantiating /home/travis/build/icyphy/ptII/ptolemy/actor/lib/test/auto/ObjectToken1.xml
2 ms. Memory: 488448K Free: 266260K (55%)
----------------- Invoking toplevel() on ptolemy.moml.MoMLSimpleApplication@47b6d0ab
----------------- Done invoking toplevel() on ptolemy.moml.MoMLSimpleApplication@47b6d0ab
reloadAllAccessors: .ObjectToken1

===========================================================================================
----------------- testing Fri Jan 24 06:54:37 UTC 2020 /home/travis/build/icyphy/ptII/ptolemy/actor/lib/test/auto/OrderedMerge.xml
----------------- Instantiating /home/travis/build/icyphy/ptII/ptolemy/actor/lib/test/auto/OrderedMerge.xml
6 ms. Memory: 488448K Free: 260630K (53%)
----------------- Invoking toplevel() on ptolemy.moml.MoMLSimpleApplication@6a9b78b9
----------------- Done invoking toplevel() on ptolemy.moml.MoMLSimpleApplication@6a9b78b9
reloadAllAccessors: .OrderedMerge

===========================================================================================
----------------- testing Fri Jan 24 06:54:37 UTC 2020 /home/travis/build/icyphy/ptII/ptolemy/actor/lib/test/auto/OrderedRecordDisassembler.xml
----------------- Instantiating /home/travis/build/icyphy/ptII/ptolemy/actor/lib/test/auto/OrderedRecordDisassembler.xml
3 ms. Memory: 488448K Free: 255510K (52%)
----------------- Invoking toplevel() on ptolemy.moml.MoMLSimpleApplication@799548c9
----------------- Done invoking toplevel() on ptolemy.moml.MoMLSimpleApplication@799548c9
reloadAllAccessors: .OrderedRecordDisassembler

===========================================================================================
----------------- testing Fri Jan 24 06:54:37 UTC 2020 /home/travis/build/icyphy/ptII/ptolemy/actor/lib/test/auto/OrderedRecordDisassembler2.xml
----------------- Instantiating /home/travis/build/icyphy/ptII/ptolemy/actor/lib/test/auto/OrderedRecordDisassembler2.xml
5 ms. Memory: 488448K Free: 247814K (51%)
----------------- Invoking toplevel() on ptolemy.moml.MoMLSimpleApplication@1c429319
----------------- Done invoking toplevel() on ptolemy.moml.MoMLSimpleApplication@1c429319
reloadAllAccessors: .OrderedRecordDisassembler2

===========================================================================================
----------------- testing Fri Jan 24 06:54:37 UTC 2020 /home/travis/build/icyphy/ptII/ptolemy/actor/lib/test/auto/OrderedRecordUpdater.xml
----------------- Instantiating /home/travis/build/icyphy/ptII/ptolemy/actor/lib/test/auto/OrderedRecordUpdater.xml
2 ms. Memory: 488448K Free: 242198K (50%)
----------------- Invoking toplevel() on ptolemy.moml.MoMLSimpleApplication@4df7a634
----------------- Done invoking toplevel() on ptolemy.moml.MoMLSimpleApplication@4df7a634
reloadAllAccessors: .RecordUpdater

===========================================================================================
----------------- testing Fri Jan 24 06:54:37 UTC 2020 /home/travis/build/icyphy/ptII/ptolemy/actor/lib/test/auto/OrderedRecordUpdater2.xml
----------------- Instantiating /home/travis/build/icyphy/ptII/ptolemy/actor/lib/test/auto/OrderedRecordUpdater2.xml
4 ms. Memory: 488448K Free: 237078K (49%)
----------------- Invoking toplevel() on ptolemy.moml.MoMLSimpleApplication@5e131282
----------------- Done invoking toplevel() on ptolemy.moml.MoMLSimpleApplication@5e131282
reloadAllAccessors: .RecordUpdater2

===========================================================================================
----------------- testing Fri Jan 24 06:54:37 UTC 2020 /home/travis/build/icyphy/ptII/ptolemy/actor/lib/test/auto/PhaseUnwrap.xml
----------------- Instantiating /home/travis/build/icyphy/ptII/ptolemy/actor/lib/test/auto/PhaseUnwrap.xml
2 ms. Memory: 488448K Free: 232468K (48%)
----------------- Invoking toplevel() on ptolemy.moml.MoMLSimpleApplication@4332bec3
----------------- Done invoking toplevel() on ptolemy.moml.MoMLSimpleApplication@4332bec3
reloadAllAccessors: .PhaseUnwrap

===========================================================================================
----------------- testing Fri Jan 24 06:54:37 UTC 2020 /home/travis/build/icyphy/ptII/ptolemy/actor/lib/test/auto/PoissonClock.xml
----------------- Instantiating /home/travis/build/icyphy/ptII/ptolemy/actor/lib/test/auto/PoissonClock.xml
1 ms. Memory: 488448K Free: 228372K (47%)
----------------- Invoking toplevel() on ptolemy.moml.MoMLSimpleApplication@6891077e
----------------- Done invoking toplevel() on ptolemy.moml.MoMLSimpleApplication@6891077e
reloadAllAccessors: .PoissonClock

===========================================================================================
----------------- testing Fri Jan 24 06:54:37 UTC 2020 /home/travis/build/icyphy/ptII/ptolemy/actor/lib/test/auto/PoissonClock2.xml
----------------- Instantiating /home/travis/build/icyphy/ptII/ptolemy/actor/lib/test/auto/PoissonClock2.xml
1 ms. Memory: 488448K Free: 223766K (46%)
----------------- Invoking toplevel() on ptolemy.moml.MoMLSimpleApplication@5cc0c480
----------------- Done invoking toplevel() on ptolemy.moml.MoMLSimpleApplication@5cc0c480
reloadAllAccessors: .PoissonClock2

===========================================================================================
----------------- testing Fri Jan 24 06:54:37 UTC 2020 /home/travis/build/icyphy/ptII/ptolemy/actor/lib/test/auto/PoissonClock3.xml
----------------- Instantiating /home/travis/build/icyphy/ptII/ptolemy/actor/lib/test/auto/PoissonClock3.xml
1 ms. Memory: 488448K Free: 219156K (45%)
----------------- Invoking toplevel() on ptolemy.moml.MoMLSimpleApplication@119db0a2
----------------- Done invoking toplevel() on ptolemy.moml.MoMLSimpleApplication@119db0a2
reloadAllAccessors: .PoissonClock3

===========================================================================================
----------------- testing Fri Jan 24 06:54:37 UTC 2020 /home/travis/build/icyphy/ptII/ptolemy/actor/lib/test/auto/PubSubWithInitialTokens.xml
----------------- Instantiating /home/travis/build/icyphy/ptII/ptolemy/actor/lib/test/auto/PubSubWithInitialTokens.xml
2 ms. Memory: 488448K Free: 213526K (44%)
----------------- Invoking toplevel() on ptolemy.moml.MoMLSimpleApplication@7b7c657
----------------- Done invoking toplevel() on ptolemy.moml.MoMLSimpleApplication@7b7c657
reloadAllAccessors: .PubSubWithInitialTokens

===========================================================================================
----------------- testing Fri Jan 24 06:54:37 UTC 2020 /home/travis/build/icyphy/ptII/ptolemy/actor/lib/test/auto/PubSubWithInitialTokens2.xml
----------------- Instantiating /home/travis/build/icyphy/ptII/ptolemy/actor/lib/test/auto/PubSubWithInitialTokens2.xml
2 ms. Memory: 488448K Free: 207382K (42%)
----------------- Invoking toplevel() on ptolemy.moml.MoMLSimpleApplication@33a11a01
----------------- Done invoking toplevel() on ptolemy.moml.MoMLSimpleApplication@33a11a01
reloadAllAccessors: .PubSubWithInitialTokens2

===========================================================================================
----------------- testing Fri Jan 24 06:54:37 UTC 2020 /home/travis/build/icyphy/ptII/ptolemy/actor/lib/test/auto/PublisherClassNoParameter.xml
----------------- Instantiating /home/travis/build/icyphy/ptII/ptolemy/actor/lib/test/auto/PublisherClassNoParameter.xml
2 ms. Memory: 488448K Free: 197142K (40%)
----------------- Invoking toplevel() on ptolemy.moml.MoMLSimpleApplication@795c447
----------------- Done invoking toplevel() on ptolemy.moml.MoMLSimpleApplication@795c447
reloadAllAccessors: .PublisherClassNoParameter

===========================================================================================
----------------- testing Fri Jan 24 06:54:37 UTC 2020 /home/travis/build/icyphy/ptII/ptolemy/actor/lib/test/auto/PublisherClassParameter.xml
----------------- Instantiating /home/travis/build/icyphy/ptII/ptolemy/actor/lib/test/auto/PublisherClassParameter.xml
2 ms. Memory: 488448K Free: 186902K (38%)
----------------- Invoking toplevel() on ptolemy.moml.MoMLSimpleApplication@163f5a79
----------------- Done invoking toplevel() on ptolemy.moml.MoMLSimpleApplication@163f5a79
reloadAllAccessors: .PublisherClassParameter

===========================================================================================
----------------- testing Fri Jan 24 06:54:37 UTC 2020 /home/travis/build/icyphy/ptII/ptolemy/actor/lib/test/auto/PublisherNonStrictTest.xml
----------------- Instantiating /home/travis/build/icyphy/ptII/ptolemy/actor/lib/test/auto/PublisherNonStrictTest.xml
5 ms. Memory: 488448K Free: 179214K (37%)
----------------- Invoking toplevel() on ptolemy.moml.MoMLSimpleApplication@3925e125
----------------- Done invoking toplevel() on ptolemy.moml.MoMLSimpleApplication@3925e125
reloadAllAccessors: .PublisherNonStrictTest

===========================================================================================
----------------- testing Fri Jan 24 06:54:37 UTC 2020 /home/travis/build/icyphy/ptII/ptolemy/actor/lib/test/auto/PublisherPort1.xml
----------------- Instantiating /home/travis/build/icyphy/ptII/ptolemy/actor/lib/test/auto/PublisherPort1.xml
3 ms. Memory: 488448K Free: 173590K (36%)
----------------- Invoking toplevel() on ptolemy.moml.MoMLSimpleApplication@71320221
----------------- Done invoking toplevel() on ptolemy.moml.MoMLSimpleApplication@71320221
reloadAllAccessors: .PublisherPort1

===========================================================================================
----------------- testing Fri Jan 24 06:54:37 UTC 2020 /home/travis/build/icyphy/ptII/ptolemy/actor/lib/test/auto/PublisherPort2.xml
----------------- Instantiating /home/travis/build/icyphy/ptII/ptolemy/actor/lib/test/auto/PublisherPort2.xml
1 ms. Memory: 488448K Free: 167956K (34%)
----------------- Invoking toplevel() on ptolemy.moml.MoMLSimpleApplication@123cbf27
----------------- Done invoking toplevel() on ptolemy.moml.MoMLSimpleApplication@123cbf27
reloadAllAccessors: .PublisherPort2

===========================================================================================
----------------- testing Fri Jan 24 06:54:37 UTC 2020 /home/travis/build/icyphy/ptII/ptolemy/actor/lib/test/auto/PublisherPort3.xml
----------------- Instantiating /home/travis/build/icyphy/ptII/ptolemy/actor/lib/test/auto/PublisherPort3.xml
3 ms. Memory: 488448K Free: 161302K (33%)
----------------- Invoking toplevel() on ptolemy.moml.MoMLSimpleApplication@2ad6c18b
----------------- Done invoking toplevel() on ptolemy.moml.MoMLSimpleApplication@2ad6c18b
reloadAllAccessors: .PublisherPort3

===========================================================================================
----------------- testing Fri Jan 24 06:54:37 UTC 2020 /home/travis/build/icyphy/ptII/ptolemy/actor/lib/test/auto/PublisherPort4.xml
----------------- Instantiating /home/travis/build/icyphy/ptII/ptolemy/actor/lib/test/auto/PublisherPort4.xml
3 ms. Memory: 488448K Free: 155654K (32%)
----------------- Invoking toplevel() on ptolemy.moml.MoMLSimpleApplication@128a7a2a
----------------- Done invoking toplevel() on ptolemy.moml.MoMLSimpleApplication@128a7a2a
reloadAllAccessors: .PublisherPort4

===========================================================================================
----------------- testing Fri Jan 24 06:54:37 UTC 2020 /home/travis/build/icyphy/ptII/ptolemy/actor/lib/test/auto/PublisherPort5.xml
----------------- Instantiating /home/travis/build/icyphy/ptII/ptolemy/actor/lib/test/auto/PublisherPort5.xml
13 ms. Memory: 488448K Free: 431126K (88%)
----------------- Invoking toplevel() on ptolemy.moml.MoMLSimpleApplication@77289a8c
----------------- Done invoking toplevel() on ptolemy.moml.MoMLSimpleApplication@77289a8c
reloadAllAccessors: .PublisherPort5

===========================================================================================
----------------- testing Fri Jan 24 06:54:37 UTC 2020 /home/travis/build/icyphy/ptII/ptolemy/actor/lib/test/auto/PublisherPort5LookAlike.xml
----------------- Instantiating /home/travis/build/icyphy/ptII/ptolemy/actor/lib/test/auto/PublisherPort5LookAlike.xml
7 ms. Memory: 488448K Free: 422934K (87%)
----------------- Invoking toplevel() on ptolemy.moml.MoMLSimpleApplication@48133b2f
----------------- Done invoking toplevel() on ptolemy.moml.MoMLSimpleApplication@48133b2f
reloadAllAccessors: .PublisherPort5LookAlike

===========================================================================================
----------------- testing Fri Jan 24 06:54:37 UTC 2020 /home/travis/build/icyphy/ptII/ptolemy/actor/lib/test/auto/PublisherPort6.xml
----------------- Instantiating /home/travis/build/icyphy/ptII/ptolemy/actor/lib/test/auto/PublisherPort6.xml
2 ms. Memory: 488448K Free: 416262K (85%)
----------------- Invoking toplevel() on ptolemy.moml.MoMLSimpleApplication@77b52bc0
----------------- Done invoking toplevel() on ptolemy.moml.MoMLSimpleApplication@77b52bc0
reloadAllAccessors: .PublisherPort6

===========================================================================================
----------------- testing Fri Jan 24 06:54:37 UTC 2020 /home/travis/build/icyphy/ptII/ptolemy/actor/lib/test/auto/PublisherPort7.xml
----------------- Instantiating /home/travis/build/icyphy/ptII/ptolemy/actor/lib/test/auto/PublisherPort7.xml
4 ms. Memory: 488448K Free: 408598K (84%)
----------------- Invoking toplevel() on ptolemy.moml.MoMLSimpleApplication@60dc9d86
----------------- Done invoking toplevel() on ptolemy.moml.MoMLSimpleApplication@60dc9d86
reloadAllAccessors: .PublisherPort7

===========================================================================================
----------------- testing Fri Jan 24 06:54:37 UTC 2020 /home/travis/build/icyphy/ptII/ptolemy/actor/lib/test/auto/PublisherPort8.xml
----------------- Instantiating /home/travis/build/icyphy/ptII/ptolemy/actor/lib/test/auto/PublisherPort8.xml
8 ms. Memory: 488448K Free: 399892K (82%)
----------------- Invoking toplevel() on ptolemy.moml.MoMLSimpleApplication@6291572
----------------- Done invoking toplevel() on ptolemy.moml.MoMLSimpleApplication@6291572
reloadAllAccessors: .PublisherPort8

===========================================================================================
----------------- testing Fri Jan 24 06:54:37 UTC 2020 /home/travis/build/icyphy/ptII/ptolemy/actor/lib/test/auto/PublisherPortSubscriberChannelVariablesAOC2.xml
----------------- Instantiating /home/travis/build/icyphy/ptII/ptolemy/actor/lib/test/auto/PublisherPortSubscriberChannelVariablesAOC2.xml
3 ms. Memory: 488448K Free: 382484K (78%)
----------------- Invoking toplevel() on ptolemy.moml.MoMLSimpleApplication@1d9dba6f
----------------- Done invoking toplevel() on ptolemy.moml.MoMLSimpleApplication@1d9dba6f
reloadAllAccessors: .PublisherPortSubscriberChannelVariablesAOC2

===========================================================================================
----------------- testing Fri Jan 24 06:54:37 UTC 2020 /home/travis/build/icyphy/ptII/ptolemy/actor/lib/test/auto/PublisherPortSubscriberOpaqueWidthInference.xml
----------------- Instantiating /home/travis/build/icyphy/ptII/ptolemy/actor/lib/test/auto/PublisherPortSubscriberOpaqueWidthInference.xml
3 ms. Memory: 488448K Free: 374806K (77%)
----------------- Invoking toplevel() on ptolemy.moml.MoMLSimpleApplication@14fb127a
----------------- Done invoking toplevel() on ptolemy.moml.MoMLSimpleApplication@14fb127a
reloadAllAccessors: .PublisherPortSubscriberOpaqueWidthInference

===========================================================================================
----------------- testing Fri Jan 24 06:54:37 UTC 2020 /home/travis/build/icyphy/ptII/ptolemy/actor/lib/test/auto/PublisherPortSubscriberPortAdjacent.xml
----------------- Instantiating /home/travis/build/icyphy/ptII/ptolemy/actor/lib/test/auto/PublisherPortSubscriberPortAdjacent.xml
1 ms. Memory: 488448K Free: 366614K (75%)
----------------- Invoking toplevel() on ptolemy.moml.MoMLSimpleApplication@29d0bac6
----------------- Done invoking toplevel() on ptolemy.moml.MoMLSimpleApplication@29d0bac6
reloadAllAccessors: .PublisherPortSubscriberPortAdjacent

===========================================================================================
----------------- testing Fri Jan 24 06:54:37 UTC 2020 /home/travis/build/icyphy/ptII/ptolemy/actor/lib/test/auto/PublisherPortSubscriberPortExpression.xml
----------------- Instantiating /home/travis/build/icyphy/ptII/ptolemy/actor/lib/test/auto/PublisherPortSubscriberPortExpression.xml
3 ms. Memory: 488448K Free: 358422K (73%)
----------------- Invoking toplevel() on ptolemy.moml.MoMLSimpleApplication@672de60e
----------------- Done invoking toplevel() on ptolemy.moml.MoMLSimpleApplication@672de60e
reloadAllAccessors: .PublisherPortSubscriberPortExpression

===========================================================================================
----------------- testing Fri Jan 24 06:54:37 UTC 2020 /home/travis/build/icyphy/ptII/ptolemy/actor/lib/test/auto/PublisherPortSubscriberPortOpaqueD3Reverse.xml
----------------- Instantiating /home/travis/build/icyphy/ptII/ptolemy/actor/lib/test/auto/PublisherPortSubscriberPortOpaqueD3Reverse.xml
5 ms. Memory: 488448K Free: 348182K (71%)
----------------- Invoking toplevel() on ptolemy.moml.MoMLSimpleApplication@63d0aba9
----------------- Done invoking toplevel() on ptolemy.moml.MoMLSimpleApplication@63d0aba9
reloadAllAccessors: .PublisherPortSubscriberPortOpaqueD3Reverse

===========================================================================================
----------------- testing Fri Jan 24 06:54:37 UTC 2020 /home/travis/build/icyphy/ptII/ptolemy/actor/lib/test/auto/PublisherPortSubscriberPortOpaqueWidthInference.xml
----------------- Instantiating /home/travis/build/icyphy/ptII/ptolemy/actor/lib/test/auto/PublisherPortSubscriberPortOpaqueWidthInference.xml
3 ms. Memory: 488448K Free: 340486K (70%)
----------------- Invoking toplevel() on ptolemy.moml.MoMLSimpleApplication@372963c9
----------------- Done invoking toplevel() on ptolemy.moml.MoMLSimpleApplication@372963c9
reloadAllAccessors: .PublisherPortSubscriberPortOpaqueWidthInference

===========================================================================================
----------------- testing Fri Jan 24 06:54:37 UTC 2020 /home/travis/build/icyphy/ptII/ptolemy/actor/lib/test/auto/PublisherPortToplevelSubscriberPortAOC.xml
----------------- Instantiating /home/travis/build/icyphy/ptII/ptolemy/actor/lib/test/auto/PublisherPortToplevelSubscriberPortAOC.xml
.PublisherPortToplevelSubscriberPortAOC.TestExceptionAttribute: initialize() was not invoked, but wrapup() was.  This is unusual, but not always a problem.  For example, exporting JNLP will do this.
1 ms. Memory: 488448K Free: 334870K (69%)
----------------- Invoking toplevel() on ptolemy.moml.MoMLSimpleApplication@71540bfe
----------------- Done invoking toplevel() on ptolemy.moml.MoMLSimpleApplication@71540bfe
reloadAllAccessors: .PublisherPortToplevelSubscriberPortAOC

===========================================================================================
----------------- testing Fri Jan 24 06:54:37 UTC 2020 /home/travis/build/icyphy/ptII/ptolemy/actor/lib/test/auto/PublisherSubscriber.xml
----------------- Instantiating /home/travis/build/icyphy/ptII/ptolemy/actor/lib/test/auto/PublisherSubscriber.xml
3 ms. Memory: 488448K Free: 327158K (67%)
----------------- Invoking toplevel() on ptolemy.moml.MoMLSimpleApplication@78b1980f
----------------- Done invoking toplevel() on ptolemy.moml.MoMLSimpleApplication@78b1980f
reloadAllAccessors: .PublisherSubscriber

===========================================================================================
----------------- testing Fri Jan 24 06:54:37 UTC 2020 /home/travis/build/icyphy/ptII/ptolemy/actor/lib/test/auto/PublisherSubscriber10.xml
----------------- Instantiating /home/travis/build/icyphy/ptII/ptolemy/actor/lib/test/auto/PublisherSubscriber10.xml
7 ms. Memory: 488448K Free: 317462K (65%)
----------------- Invoking toplevel() on ptolemy.moml.MoMLSimpleApplication@5a0cd53b
----------------- Done invoking toplevel() on ptolemy.moml.MoMLSimpleApplication@5a0cd53b
reloadAllAccessors: .PublisherSubscriber10

===========================================================================================
----------------- testing Fri Jan 24 06:54:37 UTC 2020 /home/travis/build/icyphy/ptII/ptolemy/actor/lib/test/auto/PublisherSubscriber10InitialOutputs.xml
----------------- Instantiating /home/travis/build/icyphy/ptII/ptolemy/actor/lib/test/auto/PublisherSubscriber10InitialOutputs.xml
13 ms. Memory: 488448K Free: 308246K (63%)
----------------- Invoking toplevel() on ptolemy.moml.MoMLSimpleApplication@3dc8fbff
----------------- Done invoking toplevel() on ptolemy.moml.MoMLSimpleApplication@3dc8fbff
reloadAllAccessors: .PublisherSubscriber10InitialOutputs

===========================================================================================
----------------- testing Fri Jan 24 06:54:38 UTC 2020 /home/travis/build/icyphy/ptII/ptolemy/actor/lib/test/auto/PublisherSubscriber11.xml
----------------- Instantiating /home/travis/build/icyphy/ptII/ptolemy/actor/lib/test/auto/PublisherSubscriber11.xml
3 ms. Memory: 488448K Free: 301078K (62%)
----------------- Invoking toplevel() on ptolemy.moml.MoMLSimpleApplication@647c9b8d
----------------- Done invoking toplevel() on ptolemy.moml.MoMLSimpleApplication@647c9b8d
reloadAllAccessors: .PublisherSubscriber11

===========================================================================================
----------------- testing Fri Jan 24 06:54:38 UTC 2020 /home/travis/build/icyphy/ptII/ptolemy/actor/lib/test/auto/PublisherSubscriber12.xml
----------------- Instantiating /home/travis/build/icyphy/ptII/ptolemy/actor/lib/test/auto/PublisherSubscriber12.xml
5 ms. Memory: 488448K Free: 293910K (60%)
----------------- Invoking toplevel() on ptolemy.moml.MoMLSimpleApplication@60b144
----------------- Done invoking toplevel() on ptolemy.moml.MoMLSimpleApplication@60b144
reloadAllAccessors: .PublisherSubscriber12

===========================================================================================
----------------- testing Fri Jan 24 06:54:38 UTC 2020 /home/travis/build/icyphy/ptII/ptolemy/actor/lib/test/auto/PublisherSubscriber13.xml
----------------- Instantiating /home/travis/build/icyphy/ptII/ptolemy/actor/lib/test/auto/PublisherSubscriber13.xml
2 ms. Memory: 488448K Free: 288246K (59%)
----------------- Invoking toplevel() on ptolemy.moml.MoMLSimpleApplication@3b8ec9b7
----------------- Done invoking toplevel() on ptolemy.moml.MoMLSimpleApplication@3b8ec9b7
reloadAllAccessors: .PublisherSubscriber13

===========================================================================================
----------------- testing Fri Jan 24 06:54:38 UTC 2020 /home/travis/build/icyphy/ptII/ptolemy/actor/lib/test/auto/PublisherSubscriber14.xml
----------------- Instantiating /home/travis/build/icyphy/ptII/ptolemy/actor/lib/test/auto/PublisherSubscriber14.xml
1 ms. Memory: 488448K Free: 279574K (57%)
----------------- Invoking toplevel() on ptolemy.moml.MoMLSimpleApplication@6da7bb84
----------------- Done invoking toplevel() on ptolemy.moml.MoMLSimpleApplication@6da7bb84
reloadAllAccessors: .PublisherSubscriber14

===========================================================================================
----------------- testing Fri Jan 24 06:54:38 UTC 2020 /home/travis/build/icyphy/ptII/ptolemy/actor/lib/test/auto/PublisherSubscriber2.xml
----------------- Instantiating /home/travis/build/icyphy/ptII/ptolemy/actor/lib/test/auto/PublisherSubscriber2.xml
3 ms. Memory: 488448K Free: 273926K (56%)
----------------- Invoking toplevel() on ptolemy.moml.MoMLSimpleApplication@1b7219b1
----------------- Done invoking toplevel() on ptolemy.moml.MoMLSimpleApplication@1b7219b1
reloadAllAccessors: .PublisherSubscriber2

===========================================================================================
----------------- testing Fri Jan 24 06:54:38 UTC 2020 /home/travis/build/icyphy/ptII/ptolemy/actor/lib/test/auto/PublisherSubscriber3.xml
----------------- Instantiating /home/travis/build/icyphy/ptII/ptolemy/actor/lib/test/auto/PublisherSubscriber3.xml
2 ms. Memory: 488448K Free: 268310K (55%)
----------------- Invoking toplevel() on ptolemy.moml.MoMLSimpleApplication@2a370bd1
----------------- Done invoking toplevel() on ptolemy.moml.MoMLSimpleApplication@2a370bd1
reloadAllAccessors: .PublisherSubscriber3

===========================================================================================
----------------- testing Fri Jan 24 06:54:38 UTC 2020 /home/travis/build/icyphy/ptII/ptolemy/actor/lib/test/auto/PublisherSubscriber4.xml
----------------- Instantiating /home/travis/build/icyphy/ptII/ptolemy/actor/lib/test/auto/PublisherSubscriber4.xml
2 ms. Memory: 488448K Free: 262646K (54%)
----------------- Invoking toplevel() on ptolemy.moml.MoMLSimpleApplication@2c71d0a6
----------------- Done invoking toplevel() on ptolemy.moml.MoMLSimpleApplication@2c71d0a6
reloadAllAccessors: .PublisherSubscriber4

===========================================================================================
----------------- testing Fri Jan 24 06:54:38 UTC 2020 /home/travis/build/icyphy/ptII/ptolemy/actor/lib/test/auto/PublisherSubscriber5.xml
----------------- Instantiating /home/travis/build/icyphy/ptII/ptolemy/actor/lib/test/auto/PublisherSubscriber5.xml
2 ms. Memory: 488448K Free: 256022K (52%)
----------------- Invoking toplevel() on ptolemy.moml.MoMLSimpleApplication@3b6b5029
----------------- Done invoking toplevel() on ptolemy.moml.MoMLSimpleApplication@3b6b5029
reloadAllAccessors: .PublisherSubscriber5

===========================================================================================
----------------- testing Fri Jan 24 06:54:38 UTC 2020 /home/travis/build/icyphy/ptII/ptolemy/actor/lib/test/auto/PublisherSubscriber6.xml
----------------- Instantiating /home/travis/build/icyphy/ptII/ptolemy/actor/lib/test/auto/PublisherSubscriber6.xml
4 ms. Memory: 488448K Free: 249358K (51%)
----------------- Invoking toplevel() on ptolemy.moml.MoMLSimpleApplication@5f7d7121
----------------- Done invoking toplevel() on ptolemy.moml.MoMLSimpleApplication@5f7d7121
reloadAllAccessors: .PublisherSubscriber6

===========================================================================================
----------------- testing Fri Jan 24 06:54:38 UTC 2020 /home/travis/build/icyphy/ptII/ptolemy/actor/lib/test/auto/PublisherSubscriber7.xml
----------------- Instantiating /home/travis/build/icyphy/ptII/ptolemy/actor/lib/test/auto/PublisherSubscriber7.xml
7 ms. Memory: 488448K Free: 242710K (50%)
----------------- Invoking toplevel() on ptolemy.moml.MoMLSimpleApplication@424f7eaf
----------------- Done invoking toplevel() on ptolemy.moml.MoMLSimpleApplication@424f7eaf
reloadAllAccessors: .PublisherSubscriber7

===========================================================================================
----------------- testing Fri Jan 24 06:54:38 UTC 2020 /home/travis/build/icyphy/ptII/ptolemy/actor/lib/test/auto/PublisherSubscriber8.xml
----------------- Instantiating /home/travis/build/icyphy/ptII/ptolemy/actor/lib/test/auto/PublisherSubscriber8.xml
16 ms. Memory: 488448K Free: 230932K (47%)
----------------- Invoking toplevel() on ptolemy.moml.MoMLSimpleApplication@682b3c9f
----------------- Done invoking toplevel() on ptolemy.moml.MoMLSimpleApplication@682b3c9f
reloadAllAccessors: .PublisherSubscriber8

===========================================================================================
----------------- testing Fri Jan 24 06:54:38 UTC 2020 /home/travis/build/icyphy/ptII/ptolemy/actor/lib/test/auto/PublisherSubscriber9.xml
----------------- Instantiating /home/travis/build/icyphy/ptII/ptolemy/actor/lib/test/auto/PublisherSubscriber9.xml
3 ms. Memory: 488448K Free: 223254K (46%)
----------------- Invoking toplevel() on ptolemy.moml.MoMLSimpleApplication@2dbadff2
----------------- Done invoking toplevel() on ptolemy.moml.MoMLSimpleApplication@2dbadff2
reloadAllAccessors: .PublisherSubscriber9

===========================================================================================
----------------- testing Fri Jan 24 06:54:38 UTC 2020 /home/travis/build/icyphy/ptII/ptolemy/actor/lib/test/auto/PublisherSubscriberAdjacent.xml
----------------- Instantiating /home/travis/build/icyphy/ptII/ptolemy/actor/lib/test/auto/PublisherSubscriberAdjacent.xml
2 ms. Memory: 488448K Free: 215062K (44%)
----------------- Invoking toplevel() on ptolemy.moml.MoMLSimpleApplication@bc1a4d6
----------------- Done invoking toplevel() on ptolemy.moml.MoMLSimpleApplication@bc1a4d6
reloadAllAccessors: .PublisherSubscriberAdjacent

===========================================================================================
----------------- testing Fri Jan 24 06:54:38 UTC 2020 /home/travis/build/icyphy/ptII/ptolemy/actor/lib/test/auto/PublisherSubscriberChannelVariablesAOC2.xml
----------------- Instantiating /home/travis/build/icyphy/ptII/ptolemy/actor/lib/test/auto/PublisherSubscriberChannelVariablesAOC2.xml
3 ms. Memory: 488448K Free: 200198K (41%)
----------------- Invoking toplevel() on ptolemy.moml.MoMLSimpleApplication@598efcdf
----------------- Done invoking toplevel() on ptolemy.moml.MoMLSimpleApplication@598efcdf
reloadAllAccessors: .PublisherSubscriberChannelVariablesAOC2

===========================================================================================
----------------- testing Fri Jan 24 06:54:38 UTC 2020 /home/travis/build/icyphy/ptII/ptolemy/actor/lib/test/auto/PublisherSubscriberD3.xml
----------------- Instantiating /home/travis/build/icyphy/ptII/ptolemy/actor/lib/test/auto/PublisherSubscriberD3.xml
2 ms. Memory: 488448K Free: 193044K (40%)
----------------- Invoking toplevel() on ptolemy.moml.MoMLSimpleApplication@392a753e
----------------- Done invoking toplevel() on ptolemy.moml.MoMLSimpleApplication@392a753e
reloadAllAccessors: .PublisherSubscriberD3

===========================================================================================
----------------- testing Fri Jan 24 06:54:38 UTC 2020 /home/travis/build/icyphy/ptII/ptolemy/actor/lib/test/auto/PublisherSubscriberD3Reverse.xml
----------------- Instantiating /home/travis/build/icyphy/ptII/ptolemy/actor/lib/test/auto/PublisherSubscriberD3Reverse.xml
2 ms. Memory: 488448K Free: 186900K (38%)
----------------- Invoking toplevel() on ptolemy.moml.MoMLSimpleApplication@2456e3c
----------------- Done invoking toplevel() on ptolemy.moml.MoMLSimpleApplication@2456e3c
reloadAllAccessors: .PublisherSubscriberD3Reverse

===========================================================================================
----------------- testing Fri Jan 24 06:54:38 UTC 2020 /home/travis/build/icyphy/ptII/ptolemy/actor/lib/test/auto/PublisherSubscriberExpression.xml
----------------- Instantiating /home/travis/build/icyphy/ptII/ptolemy/actor/lib/test/auto/PublisherSubscriberExpression.xml
3 ms. Memory: 488448K Free: 178198K (36%)
----------------- Invoking toplevel() on ptolemy.moml.MoMLSimpleApplication@4ebfbbad
----------------- Done invoking toplevel() on ptolemy.moml.MoMLSimpleApplication@4ebfbbad
reloadAllAccessors: .PublisherSubscriberExpression

===========================================================================================
----------------- testing Fri Jan 24 06:54:38 UTC 2020 /home/travis/build/icyphy/ptII/ptolemy/actor/lib/test/auto/PublisherSubscriberOpaque.xml
----------------- Instantiating /home/travis/build/icyphy/ptII/ptolemy/actor/lib/test/auto/PublisherSubscriberOpaque.xml
4 ms. Memory: 488448K Free: 170006K (35%)
----------------- Invoking toplevel() on ptolemy.moml.MoMLSimpleApplication@5f3da80b
----------------- Done invoking toplevel() on ptolemy.moml.MoMLSimpleApplication@5f3da80b
reloadAllAccessors: .PublisherSubscriberOpaque

===========================================================================================
----------------- testing Fri Jan 24 06:54:38 UTC 2020 /home/travis/build/icyphy/ptII/ptolemy/actor/lib/test/auto/PublisherSubscriberOpaqueD3.xml
----------------- Instantiating /home/travis/build/icyphy/ptII/ptolemy/actor/lib/test/auto/PublisherSubscriberOpaqueD3.xml
6 ms. Memory: 488448K Free: 158742K (32%)
----------------- Invoking toplevel() on ptolemy.moml.MoMLSimpleApplication@6c0d584a
----------------- Done invoking toplevel() on ptolemy.moml.MoMLSimpleApplication@6c0d584a
reloadAllAccessors: .PublisherSubscriberOpaqueD3

===========================================================================================
----------------- testing Fri Jan 24 06:54:38 UTC 2020 /home/travis/build/icyphy/ptII/ptolemy/actor/lib/test/auto/PublisherSubscriberOpaqueD3Reverse.xml
----------------- Instantiating /home/travis/build/icyphy/ptII/ptolemy/actor/lib/test/auto/PublisherSubscriberOpaqueD3Reverse.xml
8 ms. Memory: 488448K Free: 431124K (88%)
----------------- Invoking toplevel() on ptolemy.moml.MoMLSimpleApplication@ed99443
----------------- Done invoking toplevel() on ptolemy.moml.MoMLSimpleApplication@ed99443
reloadAllAccessors: .PublisherSubscriberOpaqueD3Reverse

===========================================================================================
----------------- testing Fri Jan 24 06:54:38 UTC 2020 /home/travis/build/icyphy/ptII/ptolemy/actor/lib/test/auto/PublisherSubscriberOpaqueWidthInference.xml
----------------- Instantiating /home/travis/build/icyphy/ptII/ptolemy/actor/lib/test/auto/PublisherSubscriberOpaqueWidthInference.xml
3 ms. Memory: 488448K Free: 422406K (86%)
----------------- Invoking toplevel() on ptolemy.moml.MoMLSimpleApplication@19ea9e7
----------------- Done invoking toplevel() on ptolemy.moml.MoMLSimpleApplication@19ea9e7
reloadAllAccessors: .PublisherSubscriberOpaqueWidthInference

===========================================================================================
----------------- testing Fri Jan 24 06:54:38 UTC 2020 /home/travis/build/icyphy/ptII/ptolemy/actor/lib/test/auto/PublisherTestSubscriber.xml
----------------- Instantiating /home/travis/build/icyphy/ptII/ptolemy/actor/lib/test/auto/PublisherTestSubscriber.xml
2 ms. Memory: 488448K Free: 414742K (85%)
----------------- Invoking toplevel() on ptolemy.moml.MoMLSimpleApplication@7a12edb6
----------------- Done invoking toplevel() on ptolemy.moml.MoMLSimpleApplication@7a12edb6
reloadAllAccessors: .PublisherTestSubscriber

===========================================================================================
----------------- testing Fri Jan 24 06:54:38 UTC 2020 /home/travis/build/icyphy/ptII/ptolemy/actor/lib/test/auto/PublisherToplevelSubscriberPortAOC.xml
----------------- Instantiating /home/travis/build/icyphy/ptII/ptolemy/actor/lib/test/auto/PublisherToplevelSubscriberPortAOC.xml
1 ms. Memory: 488448K Free: 408078K (84%)
----------------- Invoking toplevel() on ptolemy.moml.MoMLSimpleApplication@2148c96
----------------- Done invoking toplevel() on ptolemy.moml.MoMLSimpleApplication@2148c96
reloadAllAccessors: .PublisherToplevelSubscriberPortAOC

===========================================================================================
----------------- testing Fri Jan 24 06:54:38 UTC 2020 /home/travis/build/icyphy/ptII/ptolemy/actor/lib/test/auto/PulseFiringLimitDE.xml
----------------- Instantiating /home/travis/build/icyphy/ptII/ptolemy/actor/lib/test/auto/PulseFiringLimitDE.xml
2 ms. Memory: 488448K Free: 401940K (82%)
----------------- Invoking toplevel() on ptolemy.moml.MoMLSimpleApplication@1429b53e
----------------- Done invoking toplevel() on ptolemy.moml.MoMLSimpleApplication@1429b53e
reloadAllAccessors: .PulseFiringLimitDE

===========================================================================================
----------------- testing Fri Jan 24 06:54:38 UTC 2020 /home/travis/build/icyphy/ptII/ptolemy/actor/lib/test/auto/Ramp1.xml
----------------- Instantiating /home/travis/build/icyphy/ptII/ptolemy/actor/lib/test/auto/Ramp1.xml
1 ms. Memory: 488448K Free: 397334K (81%)
----------------- Invoking toplevel() on ptolemy.moml.MoMLSimpleApplication@5565c797
----------------- Done invoking toplevel() on ptolemy.moml.MoMLSimpleApplication@5565c797
reloadAllAccessors: .Ramp1

===========================================================================================
----------------- testing Fri Jan 24 06:54:38 UTC 2020 /home/travis/build/icyphy/ptII/ptolemy/actor/lib/test/auto/RampFiringLimitDE.xml
----------------- Instantiating /home/travis/build/icyphy/ptII/ptolemy/actor/lib/test/auto/RampFiringLimitDE.xml
2 ms. Memory: 488448K Free: 391190K (80%)
----------------- Invoking toplevel() on ptolemy.moml.MoMLSimpleApplication@59f4169f
----------------- Done invoking toplevel() on ptolemy.moml.MoMLSimpleApplication@59f4169f
reloadAllAccessors: .RampFiringLimitDE

===========================================================================================
----------------- testing Fri Jan 24 06:54:38 UTC 2020 /home/travis/build/icyphy/ptII/ptolemy/actor/lib/test/auto/RampFiringLimitSDF.xml
----------------- Instantiating /home/travis/build/icyphy/ptII/ptolemy/actor/lib/test/auto/RampFiringLimitSDF.xml
2 ms. Memory: 488448K Free: 386070K (79%)
----------------- Invoking toplevel() on ptolemy.moml.MoMLSimpleApplication@335f123b
----------------- Done invoking toplevel() on ptolemy.moml.MoMLSimpleApplication@335f123b
reloadAllAccessors: .RampFiringLimitSDF

===========================================================================================
----------------- testing Fri Jan 24 06:54:38 UTC 2020 /home/travis/build/icyphy/ptII/ptolemy/actor/lib/test/auto/RandomInteger.xml
----------------- Instantiating /home/travis/build/icyphy/ptII/ptolemy/actor/lib/test/auto/RandomInteger.xml
1 ms. Memory: 488448K Free: 381974K (78%)
----------------- Invoking toplevel() on ptolemy.moml.MoMLSimpleApplication@7618b06
----------------- Done invoking toplevel() on ptolemy.moml.MoMLSimpleApplication@7618b06
reloadAllAccessors: .RandomInteger

===========================================================================================
----------------- testing Fri Jan 24 06:54:38 UTC 2020 /home/travis/build/icyphy/ptII/ptolemy/actor/lib/test/auto/ReadFile1.xml
----------------- Instantiating /home/travis/build/icyphy/ptII/ptolemy/actor/lib/test/auto/ReadFile1.xml
1 ms. Memory: 488448K Free: 376854K (77%)
----------------- Invoking toplevel() on ptolemy.moml.MoMLSimpleApplication@41577b0b
----------------- Done invoking toplevel() on ptolemy.moml.MoMLSimpleApplication@41577b0b
reloadAllAccessors: .ReadFile1

===========================================================================================
----------------- testing Fri Jan 24 06:54:38 UTC 2020 /home/travis/build/icyphy/ptII/ptolemy/actor/lib/test/auto/ReadFile2.xml
----------------- Instantiating /home/travis/build/icyphy/ptII/ptolemy/actor/lib/test/auto/ReadFile2.xml
1 ms. Memory: 488448K Free: 372758K (76%)
----------------- Invoking toplevel() on ptolemy.moml.MoMLSimpleApplication@6c2a6a66
----------------- Done invoking toplevel() on ptolemy.moml.MoMLSimpleApplication@6c2a6a66
reloadAllAccessors: .ReadFile2

===========================================================================================
----------------- testing Fri Jan 24 06:54:38 UTC 2020 /home/travis/build/icyphy/ptII/ptolemy/actor/lib/test/auto/Reader.xml
----------------- Instantiating /home/travis/build/icyphy/ptII/ptolemy/actor/lib/test/auto/Reader.xml
actor.lib.Reader is obsolete, use actor.lib.io.ExpressionReader instead
3 ms. Memory: 488448K Free: 368662K (75%)
----------------- Invoking toplevel() on ptolemy.moml.MoMLSimpleApplication@8792660
----------------- Done invoking toplevel() on ptolemy.moml.MoMLSimpleApplication@8792660
reloadAllAccessors: .Reader

===========================================================================================
----------------- testing Fri Jan 24 06:54:38 UTC 2020 /home/travis/build/icyphy/ptII/ptolemy/actor/lib/test/auto/RecordAssemblerDisplayNameTest.xml
----------------- Instantiating /home/travis/build/icyphy/ptII/ptolemy/actor/lib/test/auto/RecordAssemblerDisplayNameTest.xml
3288 ms. Memory: 488448K Free: 296980K (61%)
----------------- Invoking toplevel() on ptolemy.moml.MoMLSimpleApplication@fe30826
----------------- Done invoking toplevel() on ptolemy.moml.MoMLSimpleApplication@fe30826
reloadAllAccessors: .RecordAssemblerDisplayNameTest

===========================================================================================
----------------- testing Fri Jan 24 06:54:41 UTC 2020 /home/travis/build/icyphy/ptII/ptolemy/actor/lib/test/auto/RecordAssemblerTypeError.xml
----------------- Instantiating /home/travis/build/icyphy/ptII/ptolemy/actor/lib/test/auto/RecordAssemblerTypeError.xml
25 ms. Memory: 488448K Free: 287254K (59%)
----------------- Invoking toplevel() on ptolemy.moml.MoMLSimpleApplication@49486384
----------------- Done invoking toplevel() on ptolemy.moml.MoMLSimpleApplication@49486384
reloadAllAccessors: .RecordAssemblerTypeError

===========================================================================================
----------------- testing Fri Jan 24 06:54:41 UTC 2020 /home/travis/build/icyphy/ptII/ptolemy/actor/lib/test/auto/RecordDisassember.xml
----------------- Instantiating /home/travis/build/icyphy/ptII/ptolemy/actor/lib/test/auto/RecordDisassember.xml
6 ms. Memory: 488448K Free: 282134K (58%)
----------------- Invoking toplevel() on ptolemy.moml.MoMLSimpleApplication@62c5dcd1
----------------- Done invoking toplevel() on ptolemy.moml.MoMLSimpleApplication@62c5dcd1
reloadAllAccessors: .RecordDisassember

===========================================================================================
----------------- testing Fri Jan 24 06:54:41 UTC 2020 /home/travis/build/icyphy/ptII/ptolemy/actor/lib/test/auto/RecordDisassemberDisplayNameTest.xml
----------------- Instantiating /home/travis/build/icyphy/ptII/ptolemy/actor/lib/test/auto/RecordDisassemberDisplayNameTest.xml
8 ms. Memory: 488448K Free: 273942K (56%)
----------------- Invoking toplevel() on ptolemy.moml.MoMLSimpleApplication@62f3ecc6
----------------- Done invoking toplevel() on ptolemy.moml.MoMLSimpleApplication@62f3ecc6
reloadAllAccessors: .RecordDisassemberDisplayNameTest

===========================================================================================
----------------- testing Fri Jan 24 06:54:41 UTC 2020 /home/travis/build/icyphy/ptII/ptolemy/actor/lib/test/auto/RecordDisassembler.xml
----------------- Instantiating /home/travis/build/icyphy/ptII/ptolemy/actor/lib/test/auto/RecordDisassembler.xml
3 ms. Memory: 488448K Free: 268822K (55%)
----------------- Invoking toplevel() on ptolemy.moml.MoMLSimpleApplication@5f9a4099
----------------- Done invoking toplevel() on ptolemy.moml.MoMLSimpleApplication@5f9a4099
reloadAllAccessors: .RecordDisassembler

===========================================================================================
----------------- testing Fri Jan 24 06:54:41 UTC 2020 /home/travis/build/icyphy/ptII/ptolemy/actor/lib/test/auto/RecordDisassembler2.xml
----------------- Instantiating /home/travis/build/icyphy/ptII/ptolemy/actor/lib/test/auto/RecordDisassembler2.xml
4 ms. Memory: 488448K Free: 263702K (54%)
----------------- Invoking toplevel() on ptolemy.moml.MoMLSimpleApplication@4da791bd
----------------- Done invoking toplevel() on ptolemy.moml.MoMLSimpleApplication@4da791bd
reloadAllAccessors: .RecordDisassembler2

===========================================================================================
----------------- testing Fri Jan 24 06:54:42 UTC 2020 /home/travis/build/icyphy/ptII/ptolemy/actor/lib/test/auto/RecordUpdater.xml
----------------- Instantiating /home/travis/build/icyphy/ptII/ptolemy/actor/lib/test/auto/RecordUpdater.xml
2 ms. Memory: 488448K Free: 258068K (53%)
----------------- Invoking toplevel() on ptolemy.moml.MoMLSimpleApplication@24c37780
----------------- Done invoking toplevel() on ptolemy.moml.MoMLSimpleApplication@24c37780
reloadAllAccessors: .RecordUpdater

===========================================================================================
----------------- testing Fri Jan 24 06:54:42 UTC 2020 /home/travis/build/icyphy/ptII/ptolemy/actor/lib/test/auto/RecordUpdater2.xml
----------------- Instantiating /home/travis/build/icyphy/ptII/ptolemy/actor/lib/test/auto/RecordUpdater2.xml
2 ms. Memory: 488448K Free: 252948K (52%)
----------------- Invoking toplevel() on ptolemy.moml.MoMLSimpleApplication@1d34825f
----------------- Done invoking toplevel() on ptolemy.moml.MoMLSimpleApplication@1d34825f
reloadAllAccessors: .RecordUpdater2

===========================================================================================
----------------- testing Fri Jan 24 06:54:42 UTC 2020 /home/travis/build/icyphy/ptII/ptolemy/actor/lib/test/auto/RecursiveLattice.xml
----------------- Instantiating /home/travis/build/icyphy/ptII/ptolemy/actor/lib/test/auto/RecursiveLattice.xml
1 ms. Memory: 488448K Free: 248342K (51%)
----------------- Invoking toplevel() on ptolemy.moml.MoMLSimpleApplication@1a08dfc7
----------------- Done invoking toplevel() on ptolemy.moml.MoMLSimpleApplication@1a08dfc7
reloadAllAccessors: .RecursiveLattice

===========================================================================================
----------------- testing Fri Jan 24 06:54:42 UTC 2020 /home/travis/build/icyphy/ptII/ptolemy/actor/lib/test/auto/Router.xml
----------------- Instantiating /home/travis/build/icyphy/ptII/ptolemy/actor/lib/test/auto/Router.xml
3005 ms. Memory: 488448K Free: 238102K (49%)
----------------- Invoking toplevel() on ptolemy.moml.MoMLSimpleApplication@35327f50
----------------- Done invoking toplevel() on ptolemy.moml.MoMLSimpleApplication@35327f50
reloadAllAccessors: .Router

===========================================================================================
----------------- testing Fri Jan 24 06:54:45 UTC 2020 /home/travis/build/icyphy/ptII/ptolemy/actor/lib/test/auto/Router2.xml
----------------- Instantiating /home/travis/build/icyphy/ptII/ptolemy/actor/lib/test/auto/Router2.xml
3007 ms. Memory: 488448K Free: 226838K (46%)
----------------- Invoking toplevel() on ptolemy.moml.MoMLSimpleApplication@7e2c5056
----------------- Done invoking toplevel() on ptolemy.moml.MoMLSimpleApplication@7e2c5056
reloadAllAccessors: .Router2

===========================================================================================
----------------- testing Fri Jan 24 06:54:48 UTC 2020 /home/travis/build/icyphy/ptII/ptolemy/actor/lib/test/auto/RunningMaximum.xml
----------------- Instantiating /home/travis/build/icyphy/ptII/ptolemy/actor/lib/test/auto/RunningMaximum.xml
4 ms. Memory: 488448K Free: 222228K (45%)
----------------- Invoking toplevel() on ptolemy.moml.MoMLSimpleApplication@1a82192e
----------------- Done invoking toplevel() on ptolemy.moml.MoMLSimpleApplication@1a82192e
reloadAllAccessors: .RunningMaximum

===========================================================================================
----------------- testing Fri Jan 24 06:54:48 UTC 2020 /home/travis/build/icyphy/ptII/ptolemy/actor/lib/test/auto/RunningMinimum.xml
----------------- Instantiating /home/travis/build/icyphy/ptII/ptolemy/actor/lib/test/auto/RunningMinimum.xml
8 ms. Memory: 488448K Free: 217622K (45%)
----------------- Invoking toplevel() on ptolemy.moml.MoMLSimpleApplication@794b16a4
----------------- Done invoking toplevel() on ptolemy.moml.MoMLSimpleApplication@794b16a4
reloadAllAccessors: .RunningMinimum

===========================================================================================
----------------- testing Fri Jan 24 06:54:48 UTC 2020 /home/travis/build/icyphy/ptII/ptolemy/actor/lib/test/auto/Scale.xml
----------------- Instantiating /home/travis/build/icyphy/ptII/ptolemy/actor/lib/test/auto/Scale.xml
1 ms. Memory: 488448K Free: 213012K (44%)
----------------- Invoking toplevel() on ptolemy.moml.MoMLSimpleApplication@38713819
----------------- Done invoking toplevel() on ptolemy.moml.MoMLSimpleApplication@38713819
reloadAllAccessors: .Scale

===========================================================================================
----------------- testing Fri Jan 24 06:54:48 UTC 2020 /home/travis/build/icyphy/ptII/ptolemy/actor/lib/test/auto/Scale2.xml
----------------- Instantiating /home/travis/build/icyphy/ptII/ptolemy/actor/lib/test/auto/Scale2.xml
6 ms. Memory: 488448K Free: 207892K (43%)
----------------- Invoking toplevel() on ptolemy.moml.MoMLSimpleApplication@7cf16c0e
----------------- Done invoking toplevel() on ptolemy.moml.MoMLSimpleApplication@7cf16c0e
reloadAllAccessors: .Scale2

===========================================================================================
----------------- testing Fri Jan 24 06:54:48 UTC 2020 /home/travis/build/icyphy/ptII/ptolemy/actor/lib/test/auto/Scale3.xml
----------------- Instantiating /home/travis/build/icyphy/ptII/ptolemy/actor/lib/test/auto/Scale3.xml
7 ms. Memory: 488448K Free: 201748K (41%)
----------------- Invoking toplevel() on ptolemy.moml.MoMLSimpleApplication@4a91593
----------------- Done invoking toplevel() on ptolemy.moml.MoMLSimpleApplication@4a91593
reloadAllAccessors: .Scale3

===========================================================================================
----------------- testing Fri Jan 24 06:54:48 UTC 2020 /home/travis/build/icyphy/ptII/ptolemy/actor/lib/test/auto/ScaleArray.xml
----------------- Instantiating /home/travis/build/icyphy/ptII/ptolemy/actor/lib/test/auto/ScaleArray.xml
2 ms. Memory: 488448K Free: 197142K (40%)
----------------- Invoking toplevel() on ptolemy.moml.MoMLSimpleApplication@577e87bd
----------------- Done invoking toplevel() on ptolemy.moml.MoMLSimpleApplication@577e87bd
reloadAllAccessors: .ScaleArray

===========================================================================================
----------------- testing Fri Jan 24 06:54:48 UTC 2020 /home/travis/build/icyphy/ptII/ptolemy/actor/lib/test/auto/ScaleArray2.xml
----------------- Instantiating /home/travis/build/icyphy/ptII/ptolemy/actor/lib/test/auto/ScaleArray2.xml
1 ms. Memory: 488448K Free: 192022K (39%)
----------------- Invoking toplevel() on ptolemy.moml.MoMLSimpleApplication@753ff2dd
----------------- Done invoking toplevel() on ptolemy.moml.MoMLSimpleApplication@753ff2dd
reloadAllAccessors: .ScaleArray2

===========================================================================================
----------------- testing Fri Jan 24 06:54:48 UTC 2020 /home/travis/build/icyphy/ptII/ptolemy/actor/lib/test/auto/ScaleMatrix.xml
----------------- Instantiating /home/travis/build/icyphy/ptII/ptolemy/actor/lib/test/auto/ScaleMatrix.xml
139 ms. Memory: 488448K Free: 176662K (36%)
----------------- Invoking toplevel() on ptolemy.moml.MoMLSimpleApplication@6da7d6ad
----------------- Done invoking toplevel() on ptolemy.moml.MoMLSimpleApplication@6da7d6ad
reloadAllAccessors: .ScaleMatrix

===========================================================================================
----------------- testing Fri Jan 24 06:54:48 UTC 2020 /home/travis/build/icyphy/ptII/ptolemy/actor/lib/test/auto/Select.xml
----------------- Instantiating /home/travis/build/icyphy/ptII/ptolemy/actor/lib/test/auto/Select.xml
2 ms. Memory: 488448K Free: 170518K (35%)
----------------- Invoking toplevel() on ptolemy.moml.MoMLSimpleApplication@4e416aa5
----------------- Done invoking toplevel() on ptolemy.moml.MoMLSimpleApplication@4e416aa5
reloadAllAccessors: .Select

===========================================================================================
----------------- testing Fri Jan 24 06:54:48 UTC 2020 /home/travis/build/icyphy/ptII/ptolemy/actor/lib/test/auto/Select2.xml
----------------- Instantiating /home/travis/build/icyphy/ptII/ptolemy/actor/lib/test/auto/Select2.xml
1 ms. Memory: 488448K Free: 165908K (34%)
----------------- Invoking toplevel() on ptolemy.moml.MoMLSimpleApplication@c38694c
----------------- Done invoking toplevel() on ptolemy.moml.MoMLSimpleApplication@c38694c
reloadAllAccessors: .Select2

===========================================================================================
----------------- testing Fri Jan 24 06:54:48 UTC 2020 /home/travis/build/icyphy/ptII/ptolemy/actor/lib/test/auto/SequenceToArray2.xml
----------------- Instantiating /home/travis/build/icyphy/ptII/ptolemy/actor/lib/test/auto/SequenceToArray2.xml
103 ms. Memory: 488448K Free: 423942K (87%)
----------------- Invoking toplevel() on ptolemy.moml.MoMLSimpleApplication@2c0a5bb4
----------------- Done invoking toplevel() on ptolemy.moml.MoMLSimpleApplication@2c0a5bb4
reloadAllAccessors: .SequenceToArray2

===========================================================================================
----------------- testing Fri Jan 24 06:54:48 UTC 2020 /home/travis/build/icyphy/ptII/ptolemy/actor/lib/test/auto/SequentialClock.xml
----------------- Instantiating /home/travis/build/icyphy/ptII/ptolemy/actor/lib/test/auto/SequentialClock.xml
1 ms. Memory: 488448K Free: 419350K (86%)
----------------- Invoking toplevel() on ptolemy.moml.MoMLSimpleApplication@3d4a5f0c
----------------- Done invoking toplevel() on ptolemy.moml.MoMLSimpleApplication@3d4a5f0c
reloadAllAccessors: .SequentialClock

===========================================================================================
----------------- testing Fri Jan 24 06:54:48 UTC 2020 /home/travis/build/icyphy/ptII/ptolemy/actor/lib/test/auto/SetVariable.xml
----------------- Instantiating /home/travis/build/icyphy/ptII/ptolemy/actor/lib/test/auto/SetVariable.xml
4 ms. Memory: 488448K Free: 414740K (85%)
----------------- Invoking toplevel() on ptolemy.moml.MoMLSimpleApplication@56220c9a
----------------- Done invoking toplevel() on ptolemy.moml.MoMLSimpleApplication@56220c9a
reloadAllAccessors: .SetVariable

===========================================================================================
----------------- testing Fri Jan 24 06:54:48 UTC 2020 /home/travis/build/icyphy/ptII/ptolemy/actor/lib/test/auto/SetVariable2.xml
----------------- Instantiating /home/travis/build/icyphy/ptII/ptolemy/actor/lib/test/auto/SetVariable2.xml
3 ms. Memory: 488448K Free: 409620K (84%)
----------------- Invoking toplevel() on ptolemy.moml.MoMLSimpleApplication@78050a8
----------------- Done invoking toplevel() on ptolemy.moml.MoMLSimpleApplication@78050a8
reloadAllAccessors: .SetVariable2

===========================================================================================
----------------- testing Fri Jan 24 06:54:48 UTC 2020 /home/travis/build/icyphy/ptII/ptolemy/actor/lib/test/auto/SetVariable3.xml
----------------- Instantiating /home/travis/build/icyphy/ptII/ptolemy/actor/lib/test/auto/SetVariable3.xml
6 ms. Memory: 488448K Free: 403990K (83%)
----------------- Invoking toplevel() on ptolemy.moml.MoMLSimpleApplication@1a740133
----------------- Done invoking toplevel() on ptolemy.moml.MoMLSimpleApplication@1a740133
reloadAllAccessors: .SetVariable3

===========================================================================================
----------------- testing Fri Jan 24 06:54:48 UTC 2020 /home/travis/build/icyphy/ptII/ptolemy/actor/lib/test/auto/SetVariable4.xml
----------------- Instantiating /home/travis/build/icyphy/ptII/ptolemy/actor/lib/test/auto/SetVariable4.xml
17 ms. Memory: 488448K Free: 394774K (81%)
----------------- Invoking toplevel() on ptolemy.moml.MoMLSimpleApplication@6300990f
----------------- Done invoking toplevel() on ptolemy.moml.MoMLSimpleApplication@6300990f
reloadAllAccessors: .SetVariable4

===========================================================================================
----------------- testing Fri Jan 24 06:54:48 UTC 2020 /home/travis/build/icyphy/ptII/ptolemy/actor/lib/test/auto/SetVariable5.xml
----------------- Instantiating /home/travis/build/icyphy/ptII/ptolemy/actor/lib/test/auto/SetVariable5.xml
19 ms. Memory: 488448K Free: 385558K (79%)
----------------- Invoking toplevel() on ptolemy.moml.MoMLSimpleApplication@3b52b0d3
----------------- Done invoking toplevel() on ptolemy.moml.MoMLSimpleApplication@3b52b0d3
reloadAllAccessors: .SetVariable5

===========================================================================================
----------------- testing Fri Jan 24 06:54:48 UTC 2020 /home/travis/build/icyphy/ptII/ptolemy/actor/lib/test/auto/Sinewave.xml
----------------- Instantiating /home/travis/build/icyphy/ptII/ptolemy/actor/lib/test/auto/Sinewave.xml
5 ms. Memory: 488448K Free: 374294K (77%)
----------------- Invoking toplevel() on ptolemy.moml.MoMLSimpleApplication@4621a740
----------------- Done invoking toplevel() on ptolemy.moml.MoMLSimpleApplication@4621a740
reloadAllAccessors: .Sinewave

===========================================================================================
----------------- testing Fri Jan 24 06:54:48 UTC 2020 /home/travis/build/icyphy/ptII/ptolemy/actor/lib/test/auto/Sinewave2.xml
----------------- Instantiating /home/travis/build/icyphy/ptII/ptolemy/actor/lib/test/auto/Sinewave2.xml
6 ms. Memory: 488448K Free: 366102K (75%)
----------------- Invoking toplevel() on ptolemy.moml.MoMLSimpleApplication@58034b15
----------------- Done invoking toplevel() on ptolemy.moml.MoMLSimpleApplication@58034b15
reloadAllAccessors: .Sinewave2

===========================================================================================
----------------- testing Fri Jan 24 06:54:48 UTC 2020 /home/travis/build/icyphy/ptII/ptolemy/actor/lib/test/auto/Sinewave3.xml
----------------- Instantiating /home/travis/build/icyphy/ptII/ptolemy/actor/lib/test/auto/Sinewave3.xml
9 ms. Memory: 488448K Free: 357910K (73%)
----------------- Invoking toplevel() on ptolemy.moml.MoMLSimpleApplication@1f9ac76e
----------------- Done invoking toplevel() on ptolemy.moml.MoMLSimpleApplication@1f9ac76e
reloadAllAccessors: .Sinewave3

===========================================================================================
----------------- testing Fri Jan 24 06:54:48 UTC 2020 /home/travis/build/icyphy/ptII/ptolemy/actor/lib/test/auto/SingleEvent.xml
----------------- Instantiating /home/travis/build/icyphy/ptII/ptolemy/actor/lib/test/auto/SingleEvent.xml
1 ms. Memory: 488448K Free: 353300K (72%)
----------------- Invoking toplevel() on ptolemy.moml.MoMLSimpleApplication@14431dbf
----------------- Done invoking toplevel() on ptolemy.moml.MoMLSimpleApplication@14431dbf
reloadAllAccessors: .SingleEvent

===========================================================================================
----------------- testing Fri Jan 24 06:54:48 UTC 2020 /home/travis/build/icyphy/ptII/ptolemy/actor/lib/test/auto/Sleep.xml
----------------- Instantiating /home/travis/build/icyphy/ptII/ptolemy/actor/lib/test/auto/Sleep.xml
6004 ms. Memory: 488448K Free: 347670K (71%)
----------------- Invoking toplevel() on ptolemy.moml.MoMLSimpleApplication@555556d2
----------------- Done invoking toplevel() on ptolemy.moml.MoMLSimpleApplication@555556d2
reloadAllAccessors: .Sleep

===========================================================================================
----------------- testing Fri Jan 24 06:54:54 UTC 2020 /home/travis/build/icyphy/ptII/ptolemy/actor/lib/test/auto/SleepMultipleFire.xml
----------------- Instantiating /home/travis/build/icyphy/ptII/ptolemy/actor/lib/test/auto/SleepMultipleFire.xml
1005 ms. Memory: 488448K Free: 342036K (70%)
----------------- Invoking toplevel() on ptolemy.moml.MoMLSimpleApplication@4567e62f
----------------- Done invoking toplevel() on ptolemy.moml.MoMLSimpleApplication@4567e62f
reloadAllAccessors: .SleepMultipleFire

===========================================================================================
----------------- testing Fri Jan 24 06:54:55 UTC 2020 /home/travis/build/icyphy/ptII/ptolemy/actor/lib/test/auto/StopDE.xml
----------------- Instantiating /home/travis/build/icyphy/ptII/ptolemy/actor/lib/test/auto/StopDE.xml
8 ms. Memory: 488448K Free: 335892K (69%)
----------------- Invoking toplevel() on ptolemy.moml.MoMLSimpleApplication@60dea825
----------------- Done invoking toplevel() on ptolemy.moml.MoMLSimpleApplication@60dea825
reloadAllAccessors: .StopDE

===========================================================================================
----------------- testing Fri Jan 24 06:54:55 UTC 2020 /home/travis/build/icyphy/ptII/ptolemy/actor/lib/test/auto/StopSDF.xml
----------------- Instantiating /home/travis/build/icyphy/ptII/ptolemy/actor/lib/test/auto/StopSDF.xml
2 ms. Memory: 488448K Free: 330772K (68%)
----------------- Invoking toplevel() on ptolemy.moml.MoMLSimpleApplication@203e4659
----------------- Done invoking toplevel() on ptolemy.moml.MoMLSimpleApplication@203e4659
reloadAllAccessors: .StopSDF

===========================================================================================
----------------- testing Fri Jan 24 06:54:55 UTC 2020 /home/travis/build/icyphy/ptII/ptolemy/actor/lib/test/auto/StringConstant.xml
----------------- Instantiating /home/travis/build/icyphy/ptII/ptolemy/actor/lib/test/auto/StringConstant.xml
8 ms. Memory: 488448K Free: 326662K (67%)
----------------- Invoking toplevel() on ptolemy.moml.MoMLSimpleApplication@293b3715
----------------- Done invoking toplevel() on ptolemy.moml.MoMLSimpleApplication@293b3715
reloadAllAccessors: .StringConstant

===========================================================================================
----------------- testing Fri Jan 24 06:54:55 UTC 2020 /home/travis/build/icyphy/ptII/ptolemy/actor/lib/test/auto/SubscriberPortInitialValues1.xml
----------------- Instantiating /home/travis/build/icyphy/ptII/ptolemy/actor/lib/test/auto/SubscriberPortInitialValues1.xml
9 ms. Memory: 488448K Free: 316950K (65%)
----------------- Invoking toplevel() on ptolemy.moml.MoMLSimpleApplication@79e422ee
----------------- Done invoking toplevel() on ptolemy.moml.MoMLSimpleApplication@79e422ee
reloadAllAccessors: .SubscriberPortInitialValues1

===========================================================================================
----------------- testing Fri Jan 24 06:54:55 UTC 2020 /home/travis/build/icyphy/ptII/ptolemy/actor/lib/test/auto/SubscriberPortInitialValues13.xml
----------------- Instantiating /home/travis/build/icyphy/ptII/ptolemy/actor/lib/test/auto/SubscriberPortInitialValues13.xml
5 ms. Memory: 488448K Free: 304148K (62%)
----------------- Invoking toplevel() on ptolemy.moml.MoMLSimpleApplication@50eaf155
----------------- Done invoking toplevel() on ptolemy.moml.MoMLSimpleApplication@50eaf155
reloadAllAccessors: .SubscriberPortInitialValues13

===========================================================================================
----------------- testing Fri Jan 24 06:54:55 UTC 2020 /home/travis/build/icyphy/ptII/ptolemy/actor/lib/test/auto/SubscriberPortInitialValues14.xml
----------------- Instantiating /home/travis/build/icyphy/ptII/ptolemy/actor/lib/test/auto/SubscriberPortInitialValues14.xml
4 ms. Memory: 488448K Free: 296470K (61%)
----------------- Invoking toplevel() on ptolemy.moml.MoMLSimpleApplication@2280334c
----------------- Done invoking toplevel() on ptolemy.moml.MoMLSimpleApplication@2280334c
reloadAllAccessors: .SubscriberPortInitialValues14

===========================================================================================
----------------- testing Fri Jan 24 06:54:55 UTC 2020 /home/travis/build/icyphy/ptII/ptolemy/actor/lib/test/auto/SubscriberPortInitialValues2.xml
----------------- Instantiating /home/travis/build/icyphy/ptII/ptolemy/actor/lib/test/auto/SubscriberPortInitialValues2.xml
3 ms. Memory: 488448K Free: 288278K (59%)
----------------- Invoking toplevel() on ptolemy.moml.MoMLSimpleApplication@6528bca0
----------------- Done invoking toplevel() on ptolemy.moml.MoMLSimpleApplication@6528bca0
reloadAllAccessors: .SubscriberPortInitialValues2

===========================================================================================
----------------- testing Fri Jan 24 06:54:55 UTC 2020 /home/travis/build/icyphy/ptII/ptolemy/actor/lib/test/auto/SubscriberPortInitialValues3.xml
----------------- Instantiating /home/travis/build/icyphy/ptII/ptolemy/actor/lib/test/auto/SubscriberPortInitialValues3.xml
4 ms. Memory: 488448K Free: 277524K (57%)
----------------- Invoking toplevel() on ptolemy.moml.MoMLSimpleApplication@69f021dd
----------------- Done invoking toplevel() on ptolemy.moml.MoMLSimpleApplication@69f021dd
reloadAllAccessors: .SubscriberPortInitialValues3

===========================================================================================
----------------- testing Fri Jan 24 06:54:55 UTC 2020 /home/travis/build/icyphy/ptII/ptolemy/actor/lib/test/auto/SubscriptionAggregator.xml
----------------- Instantiating /home/travis/build/icyphy/ptII/ptolemy/actor/lib/test/auto/SubscriptionAggregator.xml
3 ms. Memory: 488448K Free: 270870K (55%)
----------------- Invoking toplevel() on ptolemy.moml.MoMLSimpleApplication@535f9594
----------------- Done invoking toplevel() on ptolemy.moml.MoMLSimpleApplication@535f9594
reloadAllAccessors: .SubscriptionAggregator

===========================================================================================
----------------- testing Fri Jan 24 06:54:55 UTC 2020 /home/travis/build/icyphy/ptII/ptolemy/actor/lib/test/auto/SubscriptionAggregator2.xml
----------------- Instantiating /home/travis/build/icyphy/ptII/ptolemy/actor/lib/test/auto/SubscriptionAggregator2.xml
5 ms. Memory: 488448K Free: 263702K (54%)
----------------- Invoking toplevel() on ptolemy.moml.MoMLSimpleApplication@70685bc7
----------------- Done invoking toplevel() on ptolemy.moml.MoMLSimpleApplication@70685bc7
reloadAllAccessors: .SubscriptionAggregator2

===========================================================================================
----------------- testing Fri Jan 24 06:54:56 UTC 2020 /home/travis/build/icyphy/ptII/ptolemy/actor/lib/test/auto/SubscriptionAggregator3.xml
----------------- Instantiating /home/travis/build/icyphy/ptII/ptolemy/actor/lib/test/auto/SubscriptionAggregator3.xml
3 ms. Memory: 488448K Free: 255510K (52%)
----------------- Invoking toplevel() on ptolemy.moml.MoMLSimpleApplication@660ff47d
----------------- Done invoking toplevel() on ptolemy.moml.MoMLSimpleApplication@660ff47d
reloadAllAccessors: .SubscriptionAggregator3

===========================================================================================
----------------- testing Fri Jan 24 06:54:56 UTC 2020 /home/travis/build/icyphy/ptII/ptolemy/actor/lib/test/auto/SubscriptionAggregatorMultiply.xml
----------------- Instantiating /home/travis/build/icyphy/ptII/ptolemy/actor/lib/test/auto/SubscriptionAggregatorMultiply.xml
3 ms. Memory: 488448K Free: 246804K (51%)
----------------- Invoking toplevel() on ptolemy.moml.MoMLSimpleApplication@6f987ed1
----------------- Done invoking toplevel() on ptolemy.moml.MoMLSimpleApplication@6f987ed1
reloadAllAccessors: .SubscriptionAggregatorMultiply

===========================================================================================
----------------- testing Fri Jan 24 06:54:56 UTC 2020 /home/travis/build/icyphy/ptII/ptolemy/actor/lib/test/auto/SubscriptionAggregatorPortMultiply1.xml
----------------- Instantiating /home/travis/build/icyphy/ptII/ptolemy/actor/lib/test/auto/SubscriptionAggregatorPortMultiply1.xml
3 ms. Memory: 488448K Free: 238612K (49%)
----------------- Invoking toplevel() on ptolemy.moml.MoMLSimpleApplication@36af36ed
----------------- Done invoking toplevel() on ptolemy.moml.MoMLSimpleApplication@36af36ed
reloadAllAccessors: .SubscriptionAggregatorPortMultiply1

===========================================================================================
----------------- testing Fri Jan 24 06:54:56 UTC 2020 /home/travis/build/icyphy/ptII/ptolemy/actor/lib/test/auto/Switch.xml
----------------- Instantiating /home/travis/build/icyphy/ptII/ptolemy/actor/lib/test/auto/Switch.xml
5 ms. Memory: 488448K Free: 230420K (47%)
----------------- Invoking toplevel() on ptolemy.moml.MoMLSimpleApplication@6276d501
----------------- Done invoking toplevel() on ptolemy.moml.MoMLSimpleApplication@6276d501
reloadAllAccessors: .Switch

===========================================================================================
----------------- testing Fri Jan 24 06:54:56 UTC 2020 /home/travis/build/icyphy/ptII/ptolemy/actor/lib/test/auto/Switch2.xml
----------------- Instantiating /home/travis/build/icyphy/ptII/ptolemy/actor/lib/test/auto/Switch2.xml
2 ms. Memory: 488448K Free: 225300K (46%)
----------------- Invoking toplevel() on ptolemy.moml.MoMLSimpleApplication@4668a3a1
----------------- Done invoking toplevel() on ptolemy.moml.MoMLSimpleApplication@4668a3a1
reloadAllAccessors: .Switch2

===========================================================================================
----------------- testing Fri Jan 24 06:54:56 UTC 2020 /home/travis/build/icyphy/ptII/ptolemy/actor/lib/test/auto/SwitchDE.xml
----------------- Instantiating /home/travis/build/icyphy/ptII/ptolemy/actor/lib/test/auto/SwitchDE.xml
3 ms. Memory: 488448K Free: 219126K (45%)
----------------- Invoking toplevel() on ptolemy.moml.MoMLSimpleApplication@19d1427d
----------------- Done invoking toplevel() on ptolemy.moml.MoMLSimpleApplication@19d1427d
reloadAllAccessors: .SwitchDE

===========================================================================================
----------------- testing Fri Jan 24 06:54:56 UTC 2020 /home/travis/build/icyphy/ptII/ptolemy/actor/lib/test/auto/SynchronizerDE.xml
----------------- Instantiating /home/travis/build/icyphy/ptII/ptolemy/actor/lib/test/auto/SynchronizerDE.xml
7 ms. Memory: 488448K Free: 210934K (43%)
----------------- Invoking toplevel() on ptolemy.moml.MoMLSimpleApplication@fcc15cc
----------------- Done invoking toplevel() on ptolemy.moml.MoMLSimpleApplication@fcc15cc
reloadAllAccessors: .SynchronizerDE

===========================================================================================
----------------- testing Fri Jan 24 06:54:56 UTC 2020 /home/travis/build/icyphy/ptII/ptolemy/actor/lib/test/auto/Test.xml
----------------- Instantiating /home/travis/build/icyphy/ptII/ptolemy/actor/lib/test/auto/Test.xml
9 ms. Memory: 488448K Free: 205334K (42%)
----------------- Invoking toplevel() on ptolemy.moml.MoMLSimpleApplication@348a5edf
----------------- Done invoking toplevel() on ptolemy.moml.MoMLSimpleApplication@348a5edf
reloadAllAccessors: .Test

===========================================================================================
----------------- testing Fri Jan 24 06:54:56 UTC 2020 /home/travis/build/icyphy/ptII/ptolemy/actor/lib/test/auto/TestExceptionAttribute1.xml
----------------- Instantiating /home/travis/build/icyphy/ptII/ptolemy/actor/lib/test/auto/TestExceptionAttribute1.xml
1 ms. Memory: 488448K Free: 201748K (41%)
----------------- Invoking toplevel() on ptolemy.moml.MoMLSimpleApplication@574d0cc7
----------------- Done invoking toplevel() on ptolemy.moml.MoMLSimpleApplication@574d0cc7
reloadAllAccessors: .TestExceptionAttribute1

===========================================================================================
----------------- testing Fri Jan 24 06:54:56 UTC 2020 /home/travis/build/icyphy/ptII/ptolemy/actor/lib/test/auto/TestExceptionAttribute2.xml
----------------- Instantiating /home/travis/build/icyphy/ptII/ptolemy/actor/lib/test/auto/TestExceptionAttribute2.xml
1 ms. Memory: 488448K Free: 197652K (40%)
----------------- Invoking toplevel() on ptolemy.moml.MoMLSimpleApplication@12c6110d
----------------- Done invoking toplevel() on ptolemy.moml.MoMLSimpleApplication@12c6110d
reloadAllAccessors: .TestExceptionAttribute2

===========================================================================================
----------------- testing Fri Jan 24 06:54:56 UTC 2020 /home/travis/build/icyphy/ptII/ptolemy/actor/lib/test/auto/TestExceptionAttribute3.xml
----------------- Instantiating /home/travis/build/icyphy/ptII/ptolemy/actor/lib/test/auto/TestExceptionAttribute3.xml
.TestExceptionAttribute3.TestExceptionAttribute: initialize() was not invoked, but wrapup() was.  This is unusual, but not always a problem.  For example, exporting JNLP will do this.
1 ms. Memory: 488448K Free: 194070K (40%)
----------------- Invoking toplevel() on ptolemy.moml.MoMLSimpleApplication@27a6f10a
----------------- Done invoking toplevel() on ptolemy.moml.MoMLSimpleApplication@27a6f10a
reloadAllAccessors: .TestExceptionAttribute3

===========================================================================================
----------------- testing Fri Jan 24 06:54:56 UTC 2020 /home/travis/build/icyphy/ptII/ptolemy/actor/lib/test/auto/TestExceptionAttribute4.xml
----------------- Instantiating /home/travis/build/icyphy/ptII/ptolemy/actor/lib/test/auto/TestExceptionAttribute4.xml
.TestExceptionAttribute4.TestExceptionAttribute: initialize() was not invoked, but wrapup() was.  This is unusual, but not always a problem.  For example, exporting JNLP will do this.
.TestExceptionAttribute4.TestExceptionAttribute2: initialize() was not invoked, but wrapup() was.  This is unusual, but not always a problem.  For example, exporting JNLP will do this.
1 ms. Memory: 488448K Free: 189974K (39%)
----------------- Invoking toplevel() on ptolemy.moml.MoMLSimpleApplication@3fca7ab3
----------------- Done invoking toplevel() on ptolemy.moml.MoMLSimpleApplication@3fca7ab3
reloadAllAccessors: .TestExceptionAttribute4

===========================================================================================
----------------- testing Fri Jan 24 06:54:56 UTC 2020 /home/travis/build/icyphy/ptII/ptolemy/actor/lib/test/auto/TestExceptionHandler1.xml
----------------- Instantiating /home/travis/build/icyphy/ptII/ptolemy/actor/lib/test/auto/TestExceptionHandler1.xml
0 ms. Memory: 488448K Free: 185878K (38%)
----------------- Invoking toplevel() on ptolemy.moml.MoMLSimpleApplication@5c2642c4
----------------- Done invoking toplevel() on ptolemy.moml.MoMLSimpleApplication@5c2642c4
reloadAllAccessors: .TestExceptionHandler1

===========================================================================================
----------------- testing Fri Jan 24 06:54:56 UTC 2020 /home/travis/build/icyphy/ptII/ptolemy/actor/lib/test/auto/TestExceptionHandler2.xml
----------------- Instantiating /home/travis/build/icyphy/ptII/ptolemy/actor/lib/test/auto/TestExceptionHandler2.xml
2 ms. Memory: 488448K Free: 182292K (37%)
----------------- Invoking toplevel() on ptolemy.moml.MoMLSimpleApplication@1ab707d3
----------------- Done invoking toplevel() on ptolemy.moml.MoMLSimpleApplication@1ab707d3
reloadAllAccessors: .TestExceptionHandler2

===========================================================================================
----------------- testing Fri Jan 24 06:54:56 UTC 2020 /home/travis/build/icyphy/ptII/ptolemy/actor/lib/test/auto/TestExceptionHandler3.xml
----------------- Instantiating /home/travis/build/icyphy/ptII/ptolemy/actor/lib/test/auto/TestExceptionHandler3.xml
1 ms. Memory: 488448K Free: 178196K (36%)
----------------- Invoking toplevel() on ptolemy.moml.MoMLSimpleApplication@6569e786
----------------- Done invoking toplevel() on ptolemy.moml.MoMLSimpleApplication@6569e786
reloadAllAccessors: .TestExceptionHandler3

===========================================================================================
----------------- testing Fri Jan 24 06:54:56 UTC 2020 /home/travis/build/icyphy/ptII/ptolemy/actor/lib/test/auto/TestExceptionHandler4.xml
----------------- Instantiating /home/travis/build/icyphy/ptII/ptolemy/actor/lib/test/auto/TestExceptionHandler4.xml
1 ms. Memory: 488448K Free: 174100K (36%)
----------------- Invoking toplevel() on ptolemy.moml.MoMLSimpleApplication@1eeda51b
----------------- Done invoking toplevel() on ptolemy.moml.MoMLSimpleApplication@1eeda51b
reloadAllAccessors: .TestExceptionHandler4

===========================================================================================
----------------- testing Fri Jan 24 06:54:56 UTC 2020 /home/travis/build/icyphy/ptII/ptolemy/actor/lib/test/auto/TestRequireCorrectOrder.xml
----------------- Instantiating /home/travis/build/icyphy/ptII/ptolemy/actor/lib/test/auto/TestRequireCorrectOrder.xml
6 ms. Memory: 488448K Free: 168950K (35%)
----------------- Invoking toplevel() on ptolemy.moml.MoMLSimpleApplication@13e622b2
----------------- Done invoking toplevel() on ptolemy.moml.MoMLSimpleApplication@13e622b2
reloadAllAccessors: .TestRequireCorrectOrder

===========================================================================================
----------------- testing Fri Jan 24 06:54:56 UTC 2020 /home/travis/build/icyphy/ptII/ptolemy/actor/lib/test/auto/TestSimple.xml
----------------- Instantiating /home/travis/build/icyphy/ptII/ptolemy/actor/lib/test/auto/TestSimple.xml
2 ms. Memory: 488448K Free: 163860K (34%)
----------------- Invoking toplevel() on ptolemy.moml.MoMLSimpleApplication@69869d67
----------------- Done invoking toplevel() on ptolemy.moml.MoMLSimpleApplication@69869d67
reloadAllAccessors: .TestSimple

===========================================================================================
----------------- testing Fri Jan 24 06:54:56 UTC 2020 /home/travis/build/icyphy/ptII/ptolemy/actor/lib/test/auto/ThrowModelError.xml
----------------- Instantiating /home/travis/build/icyphy/ptII/ptolemy/actor/lib/test/auto/ThrowModelError.xml
1 ms. Memory: 488448K Free: 159254K (33%)
----------------- Invoking toplevel() on ptolemy.moml.MoMLSimpleApplication@7d882960
----------------- Done invoking toplevel() on ptolemy.moml.MoMLSimpleApplication@7d882960
reloadAllAccessors: .ThrowModelError

===========================================================================================
----------------- testing Fri Jan 24 06:54:56 UTC 2020 /home/travis/build/icyphy/ptII/ptolemy/actor/lib/test/auto/TimeDelayMicrosteps.xml
----------------- Instantiating /home/travis/build/icyphy/ptII/ptolemy/actor/lib/test/auto/TimeDelayMicrosteps.xml
38 ms. Memory: 488448K Free: 434368K (89%)
----------------- Invoking toplevel() on ptolemy.moml.MoMLSimpleApplication@17a300d4
----------------- Done invoking toplevel() on ptolemy.moml.MoMLSimpleApplication@17a300d4
reloadAllAccessors: .TimeDelayMicrosteps

===========================================================================================
----------------- testing Fri Jan 24 06:54:56 UTC 2020 /home/travis/build/icyphy/ptII/ptolemy/actor/lib/test/auto/TimeDelayMicrosteps2.xml
----------------- Instantiating /home/travis/build/icyphy/ptII/ptolemy/actor/lib/test/auto/TimeDelayMicrosteps2.xml
3 ms. Memory: 488448K Free: 426671K (87%)
----------------- Invoking toplevel() on ptolemy.moml.MoMLSimpleApplication@587ba1fc
----------------- Done invoking toplevel() on ptolemy.moml.MoMLSimpleApplication@587ba1fc
reloadAllAccessors: .TimeDelayMicrosteps2

===========================================================================================
----------------- testing Fri Jan 24 06:54:56 UTC 2020 /home/travis/build/icyphy/ptII/ptolemy/actor/lib/test/auto/TimeDelayMicrosteps3.xml
----------------- Instantiating /home/travis/build/icyphy/ptII/ptolemy/actor/lib/test/auto/TimeDelayMicrosteps3.xml
3 ms. Memory: 488448K Free: 419487K (86%)
----------------- Invoking toplevel() on ptolemy.moml.MoMLSimpleApplication@546ec4f7
----------------- Done invoking toplevel() on ptolemy.moml.MoMLSimpleApplication@546ec4f7
reloadAllAccessors: .TimeDelayMicrosteps3

===========================================================================================
----------------- testing Fri Jan 24 06:54:56 UTC 2020 /home/travis/build/icyphy/ptII/ptolemy/actor/lib/test/auto/TimeDelayVariableMicrosteps.xml
----------------- Instantiating /home/travis/build/icyphy/ptII/ptolemy/actor/lib/test/auto/TimeDelayVariableMicrosteps.xml
3 ms. Memory: 488448K Free: 412862K (85%)
----------------- Invoking toplevel() on ptolemy.moml.MoMLSimpleApplication@1e14bbc8
----------------- Done invoking toplevel() on ptolemy.moml.MoMLSimpleApplication@1e14bbc8
reloadAllAccessors: .TimeDelayVariableMicrosteps

===========================================================================================
----------------- testing Fri Jan 24 06:54:56 UTC 2020 /home/travis/build/icyphy/ptII/ptolemy/actor/lib/test/auto/TimeGap.xml
----------------- Instantiating /home/travis/build/icyphy/ptII/ptolemy/actor/lib/test/auto/TimeGap.xml
3 ms. Memory: 488448K Free: 407199K (83%)
----------------- Invoking toplevel() on ptolemy.moml.MoMLSimpleApplication@4866d931
----------------- Done invoking toplevel() on ptolemy.moml.MoMLSimpleApplication@4866d931
reloadAllAccessors: .TimeGap

===========================================================================================
----------------- testing Fri Jan 24 06:54:56 UTC 2020 /home/travis/build/icyphy/ptII/ptolemy/actor/lib/test/auto/TimeGap2.xml
----------------- Instantiating /home/travis/build/icyphy/ptII/ptolemy/actor/lib/test/auto/TimeGap2.xml
1 ms. Memory: 488448K Free: 401600K (82%)
----------------- Invoking toplevel() on ptolemy.moml.MoMLSimpleApplication@7b5fdb5a
----------------- Done invoking toplevel() on ptolemy.moml.MoMLSimpleApplication@7b5fdb5a
reloadAllAccessors: .TimeGap2

===========================================================================================
----------------- testing Fri Jan 24 06:54:56 UTC 2020 /home/travis/build/icyphy/ptII/ptolemy/actor/lib/test/auto/TimedSinewave.xml
----------------- Instantiating /home/travis/build/icyphy/ptII/ptolemy/actor/lib/test/auto/TimedSinewave.xml
23 ms. Memory: 488448K Free: 386750K (79%)
----------------- Invoking toplevel() on ptolemy.moml.MoMLSimpleApplication@61baa68f
----------------- Done invoking toplevel() on ptolemy.moml.MoMLSimpleApplication@61baa68f
reloadAllAccessors: .TimedSinewave

===========================================================================================
----------------- testing Fri Jan 24 06:54:56 UTC 2020 /home/travis/build/icyphy/ptII/ptolemy/actor/lib/test/auto/TimedSinewavePhase.xml
----------------- Instantiating /home/travis/build/icyphy/ptII/ptolemy/actor/lib/test/auto/TimedSinewavePhase.xml
7 ms. Memory: 488448K Free: 377024K (77%)
----------------- Invoking toplevel() on ptolemy.moml.MoMLSimpleApplication@581f6fc9
----------------- Done invoking toplevel() on ptolemy.moml.MoMLSimpleApplication@581f6fc9
reloadAllAccessors: .TimedSinewavePhase

===========================================================================================
----------------- testing Fri Jan 24 06:54:56 UTC 2020 /home/travis/build/icyphy/ptII/ptolemy/actor/lib/test/auto/Timer.xml
----------------- Instantiating /home/travis/build/icyphy/ptII/ptolemy/actor/lib/test/auto/Timer.xml
4 ms. Memory: 488448K Free: 370880K (76%)
----------------- Invoking toplevel() on ptolemy.moml.MoMLSimpleApplication@503e05b1
----------------- Done invoking toplevel() on ptolemy.moml.MoMLSimpleApplication@503e05b1
reloadAllAccessors: .Timer

===========================================================================================
----------------- testing Fri Jan 24 06:54:56 UTC 2020 /home/travis/build/icyphy/ptII/ptolemy/actor/lib/test/auto/TriangularDistTestModel.xml
----------------- Instantiating /home/travis/build/icyphy/ptII/ptolemy/actor/lib/test/auto/TriangularDistTestModel.xml
2 ms. Memory: 488448K Free: 365215K (75%)
----------------- Invoking toplevel() on ptolemy.moml.MoMLSimpleApplication@422995cf
----------------- Done invoking toplevel() on ptolemy.moml.MoMLSimpleApplication@422995cf
reloadAllAccessors: .TriangularDistTestModel

===========================================================================================
----------------- testing Fri Jan 24 06:54:56 UTC 2020 /home/travis/build/icyphy/ptII/ptolemy/actor/lib/test/auto/TrigFunction.xml
----------------- Instantiating /home/travis/build/icyphy/ptII/ptolemy/actor/lib/test/auto/TrigFunction.xml
2 ms. Memory: 488448K Free: 359616K (74%)
----------------- Invoking toplevel() on ptolemy.moml.MoMLSimpleApplication@238e57a9
----------------- Done invoking toplevel() on ptolemy.moml.MoMLSimpleApplication@238e57a9
reloadAllAccessors: .TrigFunction

===========================================================================================
----------------- testing Fri Jan 24 06:54:56 UTC 2020 /home/travis/build/icyphy/ptII/ptolemy/actor/lib/test/auto/TrigFunctionDE.xml
----------------- Instantiating /home/travis/build/icyphy/ptII/ptolemy/actor/lib/test/auto/TrigFunctionDE.xml
2 ms. Memory: 488448K Free: 353982K (72%)
----------------- Invoking toplevel() on ptolemy.moml.MoMLSimpleApplication@3d3bae24
----------------- Done invoking toplevel() on ptolemy.moml.MoMLSimpleApplication@3d3bae24
reloadAllAccessors: .TrigFunctionDE

===========================================================================================
----------------- testing Fri Jan 24 06:54:56 UTC 2020 /home/travis/build/icyphy/ptII/ptolemy/actor/lib/test/auto/TrigFunctionInverse.xml
----------------- Instantiating /home/travis/build/icyphy/ptII/ptolemy/actor/lib/test/auto/TrigFunctionInverse.xml
2 ms. Memory: 488448K Free: 348862K (71%)
----------------- Invoking toplevel() on ptolemy.moml.MoMLSimpleApplication@27f073c2
----------------- Done invoking toplevel() on ptolemy.moml.MoMLSimpleApplication@27f073c2
reloadAllAccessors: .TrigFunctionInverse

===========================================================================================
----------------- testing Fri Jan 24 06:54:56 UTC 2020 /home/travis/build/icyphy/ptII/ptolemy/actor/lib/test/auto/TrigFunctionTan.xml
----------------- Instantiating /home/travis/build/icyphy/ptII/ptolemy/actor/lib/test/auto/TrigFunctionTan.xml
1 ms. Memory: 488448K Free: 344256K (70%)
----------------- Invoking toplevel() on ptolemy.moml.MoMLSimpleApplication@4fd72d6d
----------------- Done invoking toplevel() on ptolemy.moml.MoMLSimpleApplication@4fd72d6d
reloadAllAccessors: .TrigFunctionTan

===========================================================================================
----------------- testing Fri Jan 24 06:54:56 UTC 2020 /home/travis/build/icyphy/ptII/ptolemy/actor/lib/test/auto/TriggeredClock.xml
----------------- Instantiating /home/travis/build/icyphy/ptII/ptolemy/actor/lib/test/auto/TriggeredClock.xml
1 ms. Memory: 488448K Free: 339103K (69%)
----------------- Invoking toplevel() on ptolemy.moml.MoMLSimpleApplication@1e8f240a
----------------- Done invoking toplevel() on ptolemy.moml.MoMLSimpleApplication@1e8f240a
reloadAllAccessors: .TriggeredClock

===========================================================================================
----------------- testing Fri Jan 24 06:54:56 UTC 2020 /home/travis/build/icyphy/ptII/ptolemy/actor/lib/test/auto/URLDirectoryReader.xml
----------------- Instantiating /home/travis/build/icyphy/ptII/ptolemy/actor/lib/test/auto/URLDirectoryReader.xml
48 ms. Memory: 488448K Free: 328896K (67%)
----------------- Invoking toplevel() on ptolemy.moml.MoMLSimpleApplication@5b5e00b3
----------------- Done invoking toplevel() on ptolemy.moml.MoMLSimpleApplication@5b5e00b3
reloadAllAccessors: .URLDirectoryReader

===========================================================================================
----------------- testing Fri Jan 24 06:54:56 UTC 2020 /home/travis/build/icyphy/ptII/ptolemy/actor/lib/test/auto/URLDirectoryReader3.xml
----------------- Instantiating /home/travis/build/icyphy/ptII/ptolemy/actor/lib/test/auto/URLDirectoryReader3.xml
1048 ms. Memory: 488448K Free: 426325K (87%)
----------------- Invoking toplevel() on ptolemy.moml.MoMLSimpleApplication@34d7c61f
----------------- Done invoking toplevel() on ptolemy.moml.MoMLSimpleApplication@34d7c61f
reloadAllAccessors: .URLDirectoryReader3

===========================================================================================
----------------- testing Fri Jan 24 06:54:58 UTC 2020 /home/travis/build/icyphy/ptII/ptolemy/actor/lib/test/auto/UnaryMathFunction.xml
----------------- Instantiating /home/travis/build/icyphy/ptII/ptolemy/actor/lib/test/auto/UnaryMathFunction.xml
2 ms. Memory: 488448K Free: 418133K (86%)
----------------- Invoking toplevel() on ptolemy.moml.MoMLSimpleApplication@7ee69689
----------------- Done invoking toplevel() on ptolemy.moml.MoMLSimpleApplication@7ee69689
reloadAllAccessors: .UnaryMathFunction

===========================================================================================
----------------- testing Fri Jan 24 06:54:58 UTC 2020 /home/travis/build/icyphy/ptII/ptolemy/actor/lib/test/auto/Uniform.xml
----------------- Instantiating /home/travis/build/icyphy/ptII/ptolemy/actor/lib/test/auto/Uniform.xml
4 ms. Memory: 488448K Free: 413523K (85%)
----------------- Invoking toplevel() on ptolemy.moml.MoMLSimpleApplication@64511b45
----------------- Done invoking toplevel() on ptolemy.moml.MoMLSimpleApplication@64511b45
reloadAllAccessors: .Uniform

===========================================================================================
----------------- testing Fri Jan 24 06:54:58 UTC 2020 /home/travis/build/icyphy/ptII/ptolemy/actor/lib/test/auto/UnionDisassemblerTest.xml
----------------- Instantiating /home/travis/build/icyphy/ptII/ptolemy/actor/lib/test/auto/UnionDisassemblerTest.xml
23 ms. Memory: 488448K Free: 409397K (84%)
----------------- Invoking toplevel() on ptolemy.moml.MoMLSimpleApplication@22418f62
----------------- Done invoking toplevel() on ptolemy.moml.MoMLSimpleApplication@22418f62
reloadAllAccessors: .UnionDisassemblerTest

===========================================================================================
----------------- testing Fri Jan 24 06:54:58 UTC 2020 /home/travis/build/icyphy/ptII/ptolemy/actor/lib/test/auto/UtilityFunctions.xml
----------------- Instantiating /home/travis/build/icyphy/ptII/ptolemy/actor/lib/test/auto/UtilityFunctions.xml
1 ms. Memory: 488448K Free: 404307K (83%)
----------------- Invoking toplevel() on ptolemy.moml.MoMLSimpleApplication@4a83da20
----------------- Done invoking toplevel() on ptolemy.moml.MoMLSimpleApplication@4a83da20
reloadAllAccessors: .UtilityFunctions

===========================================================================================
----------------- testing Fri Jan 24 06:54:58 UTC 2020 /home/travis/build/icyphy/ptII/ptolemy/actor/lib/test/auto/VariableSleep.xml
----------------- Instantiating /home/travis/build/icyphy/ptII/ptolemy/actor/lib/test/auto/VariableSleep.xml
503 ms. Memory: 488448K Free: 398677K (82%)
----------------- Invoking toplevel() on ptolemy.moml.MoMLSimpleApplication@38a79f3
----------------- Done invoking toplevel() on ptolemy.moml.MoMLSimpleApplication@38a79f3
reloadAllAccessors: .VariableSleep

===========================================================================================
----------------- testing Fri Jan 24 06:54:58 UTC 2020 /home/travis/build/icyphy/ptII/ptolemy/actor/lib/test/auto/VectorAssemblerDisassemblerCT.xml
----------------- Instantiating /home/travis/build/icyphy/ptII/ptolemy/actor/lib/test/auto/VectorAssemblerDisassemblerCT.xml
79 ms. Memory: 488448K Free: 378707K (78%)
----------------- Invoking toplevel() on ptolemy.moml.MoMLSimpleApplication@272bea38
----------------- Done invoking toplevel() on ptolemy.moml.MoMLSimpleApplication@272bea38
reloadAllAccessors: .VectorAssemblerDisassemblerCT

===========================================================================================
----------------- testing Fri Jan 24 06:54:58 UTC 2020 /home/travis/build/icyphy/ptII/ptolemy/actor/lib/test/auto/VectorAssemblerDisassemblerDE.xml
----------------- Instantiating /home/travis/build/icyphy/ptII/ptolemy/actor/lib/test/auto/VectorAssemblerDisassemblerDE.xml
3 ms. Memory: 488448K Free: 371029K (76%)
----------------- Invoking toplevel() on ptolemy.moml.MoMLSimpleApplication@e22d211
----------------- Done invoking toplevel() on ptolemy.moml.MoMLSimpleApplication@e22d211
reloadAllAccessors: .VectorAssemblerDisassemblerDE

===========================================================================================
----------------- testing Fri Jan 24 06:54:58 UTC 2020 /home/travis/build/icyphy/ptII/ptolemy/actor/lib/test/auto/VectorAssemblerDisassemblerSDF.xml
----------------- Instantiating /home/travis/build/icyphy/ptII/ptolemy/actor/lib/test/auto/VectorAssemblerDisassemblerSDF.xml
4 ms. Memory: 488448K Free: 364357K (75%)
----------------- Invoking toplevel() on ptolemy.moml.MoMLSimpleApplication@3f170372
----------------- Done invoking toplevel() on ptolemy.moml.MoMLSimpleApplication@3f170372
reloadAllAccessors: .VectorAssemblerDisassemblerSDF

===========================================================================================
----------------- testing Fri Jan 24 06:54:58 UTC 2020 /home/travis/build/icyphy/ptII/ptolemy/actor/lib/test/auto/WallClockTime.xml
----------------- Instantiating /home/travis/build/icyphy/ptII/ptolemy/actor/lib/test/auto/WallClockTime.xml
1004 ms. Memory: 488448K Free: 358741K (73%)
----------------- Invoking toplevel() on ptolemy.moml.MoMLSimpleApplication@2148a87b
----------------- Done invoking toplevel() on ptolemy.moml.MoMLSimpleApplication@2148a87b
reloadAllAccessors: .WallClockTime

===========================================================================================
----------------- testing Fri Jan 24 06:54:59 UTC 2020 /home/travis/build/icyphy/ptII/ptolemy/actor/lib/test/auto/WidthTestWithSubscriberPublisher.xml
----------------- Instantiating /home/travis/build/icyphy/ptII/ptolemy/actor/lib/test/auto/WidthTestWithSubscriberPublisher.xml
11 ms. Memory: 488448K Free: 340819K (70%)
----------------- Invoking toplevel() on ptolemy.moml.MoMLSimpleApplication@f958f4d
----------------- Done invoking toplevel() on ptolemy.moml.MoMLSimpleApplication@f958f4d
reloadAllAccessors: .WidthTestWithSubscriberPublisher

===========================================================================================
----------------- testing Fri Jan 24 06:54:59 UTC 2020 /home/travis/build/icyphy/ptII/ptolemy/actor/lib/test/auto/WidthTestWithSubscriberPublisher2.xml
----------------- Instantiating /home/travis/build/icyphy/ptII/ptolemy/actor/lib/test/auto/WidthTestWithSubscriberPublisher2.xml
5 ms. Memory: 488448K Free: 334165K (68%)
----------------- Invoking toplevel() on ptolemy.moml.MoMLSimpleApplication@362fb827
----------------- Done invoking toplevel() on ptolemy.moml.MoMLSimpleApplication@362fb827
reloadAllAccessors: .WidthTestWithSubscriberPublisher2

===========================================================================================
----------------- testing Fri Jan 24 06:54:59 UTC 2020 /home/travis/build/icyphy/ptII/ptolemy/actor/lib/test/auto/WidthTestWithSubscriberPublisher3.xml
----------------- Instantiating /home/travis/build/icyphy/ptII/ptolemy/actor/lib/test/auto/WidthTestWithSubscriberPublisher3.xml
3 ms. Memory: 488448K Free: 328531K (67%)
----------------- Invoking toplevel() on ptolemy.moml.MoMLSimpleApplication@62512743
----------------- Done invoking toplevel() on ptolemy.moml.MoMLSimpleApplication@62512743
reloadAllAccessors: .WidthTestWithSubscriberPublisher3

===========================================================================================
----------------- testing Fri Jan 24 06:54:59 UTC 2020 /home/travis/build/icyphy/ptII/ptolemy/actor/lib/test/auto/Writer.xml
----------------- Instantiating /home/travis/build/icyphy/ptII/ptolemy/actor/lib/test/auto/Writer.xml
0
1
2
3
4
2 ms. Memory: 488448K Free: 324421K (66%)
----------------- Invoking toplevel() on ptolemy.moml.MoMLSimpleApplication@6e6145b7
----------------- Done invoking toplevel() on ptolemy.moml.MoMLSimpleApplication@6e6145b7
reloadAllAccessors: .Writer

===========================================================================================
----------------- testing Fri Jan 24 06:54:59 UTC 2020 /home/travis/build/icyphy/ptII/ptolemy/actor/lib/test/auto/array.xml
----------------- Instantiating /home/travis/build/icyphy/ptII/ptolemy/actor/lib/test/auto/array.xml
2 ms. Memory: 488448K Free: 319315K (65%)
----------------- Invoking toplevel() on ptolemy.moml.MoMLSimpleApplication@6821e548
----------------- Done invoking toplevel() on ptolemy.moml.MoMLSimpleApplication@6821e548
reloadAllAccessors: .array

===========================================================================================
----------------- testing Fri Jan 24 06:54:59 UTC 2020 /home/travis/build/icyphy/ptII/ptolemy/actor/lib/test/auto/array2.xml
----------------- Instantiating /home/travis/build/icyphy/ptII/ptolemy/actor/lib/test/auto/array2.xml
4 ms. Memory: 488448K Free: 314181K (64%)
----------------- Invoking toplevel() on ptolemy.moml.MoMLSimpleApplication@2fc006b8
----------------- Done invoking toplevel() on ptolemy.moml.MoMLSimpleApplication@2fc006b8
reloadAllAccessors: .array2

===========================================================================================
----------------- testing Fri Jan 24 06:54:59 UTC 2020 /home/travis/build/icyphy/ptII/ptolemy/actor/lib/test/auto/arrayType.xml
----------------- Instantiating /home/travis/build/icyphy/ptII/ptolemy/actor/lib/test/auto/arrayType.xml
2 ms. Memory: 488448K Free: 308565K (63%)
----------------- Invoking toplevel() on ptolemy.moml.MoMLSimpleApplication@27fe580a
----------------- Done invoking toplevel() on ptolemy.moml.MoMLSimpleApplication@27fe580a
reloadAllAccessors: .arrayType

===========================================================================================
----------------- testing Fri Jan 24 06:54:59 UTC 2020 /home/travis/build/icyphy/ptII/ptolemy/actor/lib/test/auto/arrayType10.xml
----------------- Instantiating /home/travis/build/icyphy/ptII/ptolemy/actor/lib/test/auto/arrayType10.xml
1 ms. Memory: 488448K Free: 303955K (62%)
----------------- Invoking toplevel() on ptolemy.moml.MoMLSimpleApplication@30354b07
----------------- Done invoking toplevel() on ptolemy.moml.MoMLSimpleApplication@30354b07
reloadAllAccessors: .arrayType10

===========================================================================================
----------------- testing Fri Jan 24 06:54:59 UTC 2020 /home/travis/build/icyphy/ptII/ptolemy/actor/lib/test/auto/arrayType11.xml
----------------- Instantiating /home/travis/build/icyphy/ptII/ptolemy/actor/lib/test/auto/arrayType11.xml
2 ms. Memory: 488448K Free: 298835K (61%)
----------------- Invoking toplevel() on ptolemy.moml.MoMLSimpleApplication@bf6da56
----------------- Done invoking toplevel() on ptolemy.moml.MoMLSimpleApplication@bf6da56
reloadAllAccessors: .arrayType11

===========================================================================================
----------------- testing Fri Jan 24 06:54:59 UTC 2020 /home/travis/build/icyphy/ptII/ptolemy/actor/lib/test/auto/arrayType12.xml
----------------- Instantiating /home/travis/build/icyphy/ptII/ptolemy/actor/lib/test/auto/arrayType12.xml
1 ms. Memory: 488448K Free: 294229K (60%)
----------------- Invoking toplevel() on ptolemy.moml.MoMLSimpleApplication@aa44447
----------------- Done invoking toplevel() on ptolemy.moml.MoMLSimpleApplication@aa44447
reloadAllAccessors: .arrayType12

===========================================================================================
----------------- testing Fri Jan 24 06:54:59 UTC 2020 /home/travis/build/icyphy/ptII/ptolemy/actor/lib/test/auto/arrayType13.xml
----------------- Instantiating /home/travis/build/icyphy/ptII/ptolemy/actor/lib/test/auto/arrayType13.xml
1 ms. Memory: 488448K Free: 288595K (59%)
----------------- Invoking toplevel() on ptolemy.moml.MoMLSimpleApplication@7f3fe95b
----------------- Done invoking toplevel() on ptolemy.moml.MoMLSimpleApplication@7f3fe95b
reloadAllAccessors: .arrayType13

===========================================================================================
----------------- testing Fri Jan 24 06:54:59 UTC 2020 /home/travis/build/icyphy/ptII/ptolemy/actor/lib/test/auto/arrayType14.xml
----------------- Instantiating /home/travis/build/icyphy/ptII/ptolemy/actor/lib/test/auto/arrayType14.xml
2 ms. Memory: 488448K Free: 283475K (58%)
----------------- Invoking toplevel() on ptolemy.moml.MoMLSimpleApplication@64f0c095
----------------- Done invoking toplevel() on ptolemy.moml.MoMLSimpleApplication@64f0c095
reloadAllAccessors: .arrayType14

===========================================================================================
----------------- testing Fri Jan 24 06:55:00 UTC 2020 /home/travis/build/icyphy/ptII/ptolemy/actor/lib/test/auto/arrayType15.xml
----------------- Instantiating /home/travis/build/icyphy/ptII/ptolemy/actor/lib/test/auto/arrayType15.xml
3 ms. Memory: 488448K Free: 278355K (57%)
----------------- Invoking toplevel() on ptolemy.moml.MoMLSimpleApplication@192fb0dc
----------------- Done invoking toplevel() on ptolemy.moml.MoMLSimpleApplication@192fb0dc
reloadAllAccessors: .arrayType15

===========================================================================================
----------------- testing Fri Jan 24 06:55:00 UTC 2020 /home/travis/build/icyphy/ptII/ptolemy/actor/lib/test/auto/arrayType16.xml
----------------- Instantiating /home/travis/build/icyphy/ptII/ptolemy/actor/lib/test/auto/arrayType16.xml
1 ms. Memory: 488448K Free: 272725K (56%)
----------------- Invoking toplevel() on ptolemy.moml.MoMLSimpleApplication@2a6f43e0
----------------- Done invoking toplevel() on ptolemy.moml.MoMLSimpleApplication@2a6f43e0
reloadAllAccessors: .arrayType16

===========================================================================================
----------------- testing Fri Jan 24 06:55:00 UTC 2020 /home/travis/build/icyphy/ptII/ptolemy/actor/lib/test/auto/arrayType17.xml
----------------- Instantiating /home/travis/build/icyphy/ptII/ptolemy/actor/lib/test/auto/arrayType17.xml
1 ms. Memory: 488448K Free: 267605K (55%)
----------------- Invoking toplevel() on ptolemy.moml.MoMLSimpleApplication@2a37e08e
----------------- Done invoking toplevel() on ptolemy.moml.MoMLSimpleApplication@2a37e08e
reloadAllAccessors: .arrayType17

===========================================================================================
----------------- testing Fri Jan 24 06:55:00 UTC 2020 /home/travis/build/icyphy/ptII/ptolemy/actor/lib/test/auto/arrayType18.xml
----------------- Instantiating /home/travis/build/icyphy/ptII/ptolemy/actor/lib/test/auto/arrayType18.xml
2 ms. Memory: 488448K Free: 262485K (54%)
----------------- Invoking toplevel() on ptolemy.moml.MoMLSimpleApplication@6c82849
----------------- Done invoking toplevel() on ptolemy.moml.MoMLSimpleApplication@6c82849
reloadAllAccessors: .arrayType18

===========================================================================================
----------------- testing Fri Jan 24 06:55:00 UTC 2020 /home/travis/build/icyphy/ptII/ptolemy/actor/lib/test/auto/arrayType19.xml
----------------- Instantiating /home/travis/build/icyphy/ptII/ptolemy/actor/lib/test/auto/arrayType19.xml
1 ms. Memory: 488448K Free: 257875K (53%)
----------------- Invoking toplevel() on ptolemy.moml.MoMLSimpleApplication@60329d49
----------------- Done invoking toplevel() on ptolemy.moml.MoMLSimpleApplication@60329d49
reloadAllAccessors: .arrayType19

===========================================================================================
----------------- testing Fri Jan 24 06:55:00 UTC 2020 /home/travis/build/icyphy/ptII/ptolemy/actor/lib/test/auto/arrayType2.xml
----------------- Instantiating /home/travis/build/icyphy/ptII/ptolemy/actor/lib/test/auto/arrayType2.xml
1 ms. Memory: 488448K Free: 252245K (52%)
----------------- Invoking toplevel() on ptolemy.moml.MoMLSimpleApplication@1e7776b0
----------------- Done invoking toplevel() on ptolemy.moml.MoMLSimpleApplication@1e7776b0
reloadAllAccessors: .arrayType2

===========================================================================================
----------------- testing Fri Jan 24 06:55:00 UTC 2020 /home/travis/build/icyphy/ptII/ptolemy/actor/lib/test/auto/arrayType20.xml
----------------- Instantiating /home/travis/build/icyphy/ptII/ptolemy/actor/lib/test/auto/arrayType20.xml
2 ms. Memory: 488448K Free: 247635K (51%)
----------------- Invoking toplevel() on ptolemy.moml.MoMLSimpleApplication@56d5e3f7
----------------- Done invoking toplevel() on ptolemy.moml.MoMLSimpleApplication@56d5e3f7
reloadAllAccessors: .arrayType20

===========================================================================================
----------------- testing Fri Jan 24 06:55:00 UTC 2020 /home/travis/build/icyphy/ptII/ptolemy/actor/lib/test/auto/arrayType21.xml
----------------- Instantiating /home/travis/build/icyphy/ptII/ptolemy/actor/lib/test/auto/arrayType21.xml
1 ms. Memory: 488448K Free: 242005K (50%)
----------------- Invoking toplevel() on ptolemy.moml.MoMLSimpleApplication@58bc986c
----------------- Done invoking toplevel() on ptolemy.moml.MoMLSimpleApplication@58bc986c
reloadAllAccessors: .arrayType21

===========================================================================================
----------------- testing Fri Jan 24 06:55:00 UTC 2020 /home/travis/build/icyphy/ptII/ptolemy/actor/lib/test/auto/arrayType22.xml
----------------- Instantiating /home/travis/build/icyphy/ptII/ptolemy/actor/lib/test/auto/arrayType22.xml
1 ms. Memory: 488448K Free: 237395K (49%)
----------------- Invoking toplevel() on ptolemy.moml.MoMLSimpleApplication@7aadcdcc
----------------- Done invoking toplevel() on ptolemy.moml.MoMLSimpleApplication@7aadcdcc
reloadAllAccessors: .arrayType22

===========================================================================================
----------------- testing Fri Jan 24 06:55:00 UTC 2020 /home/travis/build/icyphy/ptII/ptolemy/actor/lib/test/auto/arrayType23.xml
----------------- Instantiating /home/travis/build/icyphy/ptII/ptolemy/actor/lib/test/auto/arrayType23.xml
1 ms. Memory: 488448K Free: 232275K (48%)
----------------- Invoking toplevel() on ptolemy.moml.MoMLSimpleApplication@502bfa5e
----------------- Done invoking toplevel() on ptolemy.moml.MoMLSimpleApplication@502bfa5e
reloadAllAccessors: .arrayType23

===========================================================================================
----------------- testing Fri Jan 24 06:55:00 UTC 2020 /home/travis/build/icyphy/ptII/ptolemy/actor/lib/test/auto/arrayType24.xml
----------------- Instantiating /home/travis/build/icyphy/ptII/ptolemy/actor/lib/test/auto/arrayType24.xml
3 ms. Memory: 488448K Free: 227669K (47%)
----------------- Invoking toplevel() on ptolemy.moml.MoMLSimpleApplication@7dc6b2e6
----------------- Done invoking toplevel() on ptolemy.moml.MoMLSimpleApplication@7dc6b2e6
reloadAllAccessors: .arrayType24

===========================================================================================
----------------- testing Fri Jan 24 06:55:00 UTC 2020 /home/travis/build/icyphy/ptII/ptolemy/actor/lib/test/auto/arrayType25.xml
----------------- Instantiating /home/travis/build/icyphy/ptII/ptolemy/actor/lib/test/auto/arrayType25.xml
1 ms. Memory: 488448K Free: 222035K (45%)
----------------- Invoking toplevel() on ptolemy.moml.MoMLSimpleApplication@3df5956e
----------------- Done invoking toplevel() on ptolemy.moml.MoMLSimpleApplication@3df5956e
reloadAllAccessors: .arrayType25

===========================================================================================
----------------- testing Fri Jan 24 06:55:00 UTC 2020 /home/travis/build/icyphy/ptII/ptolemy/actor/lib/test/auto/arrayType26.xml
----------------- Instantiating /home/travis/build/icyphy/ptII/ptolemy/actor/lib/test/auto/arrayType26.xml
1 ms. Memory: 488448K Free: 216915K (44%)
----------------- Invoking toplevel() on ptolemy.moml.MoMLSimpleApplication@323b4b86
----------------- Done invoking toplevel() on ptolemy.moml.MoMLSimpleApplication@323b4b86
reloadAllAccessors: .arrayType26

===========================================================================================
----------------- testing Fri Jan 24 06:55:00 UTC 2020 /home/travis/build/icyphy/ptII/ptolemy/actor/lib/test/auto/arrayType27.xml
----------------- Instantiating /home/travis/build/icyphy/ptII/ptolemy/actor/lib/test/auto/arrayType27.xml
2 ms. Memory: 488448K Free: 211285K (43%)
----------------- Invoking toplevel() on ptolemy.moml.MoMLSimpleApplication@411ceb90
----------------- Done invoking toplevel() on ptolemy.moml.MoMLSimpleApplication@411ceb90
reloadAllAccessors: .arrayType27

===========================================================================================
----------------- testing Fri Jan 24 06:55:00 UTC 2020 /home/travis/build/icyphy/ptII/ptolemy/actor/lib/test/auto/arrayType28.xml
----------------- Instantiating /home/travis/build/icyphy/ptII/ptolemy/actor/lib/test/auto/arrayType28.xml
1 ms. Memory: 488448K Free: 206165K (42%)
----------------- Invoking toplevel() on ptolemy.moml.MoMLSimpleApplication@6a5061d4
----------------- Done invoking toplevel() on ptolemy.moml.MoMLSimpleApplication@6a5061d4
reloadAllAccessors: .arrayType28

===========================================================================================
----------------- testing Fri Jan 24 06:55:00 UTC 2020 /home/travis/build/icyphy/ptII/ptolemy/actor/lib/test/auto/arrayType3.xml
----------------- Instantiating /home/travis/build/icyphy/ptII/ptolemy/actor/lib/test/auto/arrayType3.xml
7 ms. Memory: 488448K Free: 201045K (41%)
----------------- Invoking toplevel() on ptolemy.moml.MoMLSimpleApplication@339a0ef
----------------- Done invoking toplevel() on ptolemy.moml.MoMLSimpleApplication@339a0ef
reloadAllAccessors: .arrayType3

===========================================================================================
----------------- testing Fri Jan 24 06:55:00 UTC 2020 /home/travis/build/icyphy/ptII/ptolemy/actor/lib/test/auto/arrayType4.xml
----------------- Instantiating /home/travis/build/icyphy/ptII/ptolemy/actor/lib/test/auto/arrayType4.xml
2 ms. Memory: 488448K Free: 195411K (40%)
----------------- Invoking toplevel() on ptolemy.moml.MoMLSimpleApplication@64b461e6
----------------- Done invoking toplevel() on ptolemy.moml.MoMLSimpleApplication@64b461e6
reloadAllAccessors: .arrayType4

===========================================================================================
----------------- testing Fri Jan 24 06:55:00 UTC 2020 /home/travis/build/icyphy/ptII/ptolemy/actor/lib/test/auto/arrayType5.xml
----------------- Instantiating /home/travis/build/icyphy/ptII/ptolemy/actor/lib/test/auto/arrayType5.xml
1 ms. Memory: 488448K Free: 190291K (39%)
----------------- Invoking toplevel() on ptolemy.moml.MoMLSimpleApplication@4b46bc41
----------------- Done invoking toplevel() on ptolemy.moml.MoMLSimpleApplication@4b46bc41
reloadAllAccessors: .arrayType5

===========================================================================================
----------------- testing Fri Jan 24 06:55:00 UTC 2020 /home/travis/build/icyphy/ptII/ptolemy/actor/lib/test/auto/arrayType6.xml
----------------- Instantiating /home/travis/build/icyphy/ptII/ptolemy/actor/lib/test/auto/arrayType6.xml
1 ms. Memory: 488448K Free: 185171K (38%)
----------------- Invoking toplevel() on ptolemy.moml.MoMLSimpleApplication@6dbfb74d
----------------- Done invoking toplevel() on ptolemy.moml.MoMLSimpleApplication@6dbfb74d
reloadAllAccessors: .arrayType6

===========================================================================================
----------------- testing Fri Jan 24 06:55:00 UTC 2020 /home/travis/build/icyphy/ptII/ptolemy/actor/lib/test/auto/arrayType7.xml
----------------- Instantiating /home/travis/build/icyphy/ptII/ptolemy/actor/lib/test/auto/arrayType7.xml
5 ms. Memory: 488448K Free: 180563K (37%)
----------------- Invoking toplevel() on ptolemy.moml.MoMLSimpleApplication@2db41ec3
----------------- Done invoking toplevel() on ptolemy.moml.MoMLSimpleApplication@2db41ec3
reloadAllAccessors: .arrayType7

===========================================================================================
----------------- testing Fri Jan 24 06:55:00 UTC 2020 /home/travis/build/icyphy/ptII/ptolemy/actor/lib/test/auto/arrayType8.xml
----------------- Instantiating /home/travis/build/icyphy/ptII/ptolemy/actor/lib/test/auto/arrayType8.xml
2 ms. Memory: 488448K Free: 175445K (36%)
----------------- Invoking toplevel() on ptolemy.moml.MoMLSimpleApplication@a4f066e
----------------- Done invoking toplevel() on ptolemy.moml.MoMLSimpleApplication@a4f066e
reloadAllAccessors: .arrayType8

===========================================================================================
----------------- testing Fri Jan 24 06:55:00 UTC 2020 /home/travis/build/icyphy/ptII/ptolemy/actor/lib/test/auto/arrayType9.xml
----------------- Instantiating /home/travis/build/icyphy/ptII/ptolemy/actor/lib/test/auto/arrayType9.xml
1 ms. Memory: 488448K Free: 170835K (35%)
----------------- Invoking toplevel() on ptolemy.moml.MoMLSimpleApplication@273de7a1
----------------- Done invoking toplevel() on ptolemy.moml.MoMLSimpleApplication@273de7a1
reloadAllAccessors: .arrayType9

===========================================================================================
----------------- testing Fri Jan 24 06:55:00 UTC 2020 /home/travis/build/icyphy/ptII/ptolemy/actor/lib/test/auto/cast.xml
----------------- Instantiating /home/travis/build/icyphy/ptII/ptolemy/actor/lib/test/auto/cast.xml
2 ms. Memory: 488448K Free: 165715K (34%)
----------------- Invoking toplevel() on ptolemy.moml.MoMLSimpleApplication@5e1f3522
----------------- Done invoking toplevel() on ptolemy.moml.MoMLSimpleApplication@5e1f3522
reloadAllAccessors: .cast

===========================================================================================
----------------- testing Fri Jan 24 06:55:00 UTC 2020 /home/travis/build/icyphy/ptII/ptolemy/actor/lib/test/auto/compositeMultiPort.xml
----------------- Instantiating /home/travis/build/icyphy/ptII/ptolemy/actor/lib/test/auto/compositeMultiPort.xml
3 ms. Memory: 488448K Free: 156485K (32%)
----------------- Invoking toplevel() on ptolemy.moml.MoMLSimpleApplication@6cf3fd04
----------------- Done invoking toplevel() on ptolemy.moml.MoMLSimpleApplication@6cf3fd04
reloadAllAccessors: .compositeMultiPort

===========================================================================================
----------------- testing Fri Jan 24 06:55:00 UTC 2020 /home/travis/build/icyphy/ptII/ptolemy/actor/lib/test/auto/expressionCastInference.xml
----------------- Instantiating /home/travis/build/icyphy/ptII/ptolemy/actor/lib/test/auto/expressionCastInference.xml
3 ms. Memory: 488448K Free: 151893K (31%)
----------------- Invoking toplevel() on ptolemy.moml.MoMLSimpleApplication@361e924a
----------------- Done invoking toplevel() on ptolemy.moml.MoMLSimpleApplication@361e924a
reloadAllAccessors: .expressionCastInference

===========================================================================================
----------------- testing Fri Jan 24 06:55:00 UTC 2020 /home/travis/build/icyphy/ptII/ptolemy/actor/lib/test/auto/expressionCastInference2.xml
----------------- Instantiating /home/travis/build/icyphy/ptII/ptolemy/actor/lib/test/auto/expressionCastInference2.xml
2 ms. Memory: 488448K Free: 146773K (30%)
----------------- Invoking toplevel() on ptolemy.moml.MoMLSimpleApplication@70d36fa
----------------- Done invoking toplevel() on ptolemy.moml.MoMLSimpleApplication@70d36fa
reloadAllAccessors: .expressionCastInference2

===========================================================================================
----------------- testing Fri Jan 24 06:55:00 UTC 2020 /home/travis/build/icyphy/ptII/ptolemy/actor/lib/test/auto/expressionInference.xml
----------------- Instantiating /home/travis/build/icyphy/ptII/ptolemy/actor/lib/test/auto/expressionInference.xml
2 ms. Memory: 488448K Free: 429275K (88%)
----------------- Invoking toplevel() on ptolemy.moml.MoMLSimpleApplication@37669835
----------------- Done invoking toplevel() on ptolemy.moml.MoMLSimpleApplication@37669835
reloadAllAccessors: .expressionInference

===========================================================================================
----------------- testing Fri Jan 24 06:55:00 UTC 2020 /home/travis/build/icyphy/ptII/ptolemy/actor/lib/test/auto/expression_bug.xml
----------------- Instantiating /home/travis/build/icyphy/ptII/ptolemy/actor/lib/test/auto/expression_bug.xml
1 ms. Memory: 488448K Free: 424675K (87%)
----------------- Invoking toplevel() on ptolemy.moml.MoMLSimpleApplication@6a6eba67
----------------- Done invoking toplevel() on ptolemy.moml.MoMLSimpleApplication@6a6eba67
reloadAllAccessors: .expression_bug

===========================================================================================
----------------- testing Fri Jan 24 06:55:00 UTC 2020 /home/travis/build/icyphy/ptII/ptolemy/actor/lib/test/auto/factorial.xml
----------------- Instantiating /home/travis/build/icyphy/ptII/ptolemy/actor/lib/test/auto/factorial.xml
45 ms. Memory: 488448K Free: 415969K (85%)
----------------- Invoking toplevel() on ptolemy.moml.MoMLSimpleApplication@5a4021a3
----------------- Done invoking toplevel() on ptolemy.moml.MoMLSimpleApplication@5a4021a3
reloadAllAccessors: .factorial

===========================================================================================
----------------- testing Fri Jan 24 06:55:00 UTC 2020 /home/travis/build/icyphy/ptII/ptolemy/actor/lib/test/auto/filterTest1.xml
----------------- Instantiating /home/travis/build/icyphy/ptII/ptolemy/actor/lib/test/auto/filterTest1.xml
3 ms. Memory: 488448K Free: 410339K (84%)
----------------- Invoking toplevel() on ptolemy.moml.MoMLSimpleApplication@6aa69260
----------------- Done invoking toplevel() on ptolemy.moml.MoMLSimpleApplication@6aa69260
reloadAllAccessors: .filterTest1

===========================================================================================
----------------- testing Fri Jan 24 06:55:00 UTC 2020 /home/travis/build/icyphy/ptII/ptolemy/actor/lib/test/auto/funcApplyInConst.xml
----------------- Instantiating /home/travis/build/icyphy/ptII/ptolemy/actor/lib/test/auto/funcApplyInConst.xml
1 ms. Memory: 488448K Free: 406243K (83%)
----------------- Invoking toplevel() on ptolemy.moml.MoMLSimpleApplication@2509bf0d
----------------- Done invoking toplevel() on ptolemy.moml.MoMLSimpleApplication@2509bf0d
reloadAllAccessors: .funcApplyInConst

===========================================================================================
----------------- testing Fri Jan 24 06:55:00 UTC 2020 /home/travis/build/icyphy/ptII/ptolemy/actor/lib/test/auto/funcApplyInExpr.xml
----------------- Instantiating /home/travis/build/icyphy/ptII/ptolemy/actor/lib/test/auto/funcApplyInExpr.xml
1 ms. Memory: 488448K Free: 402657K (82%)
----------------- Invoking toplevel() on ptolemy.moml.MoMLSimpleApplication@4c64aceb
----------------- Done invoking toplevel() on ptolemy.moml.MoMLSimpleApplication@4c64aceb
reloadAllAccessors: .funcApplyInExpr

===========================================================================================
----------------- testing Fri Jan 24 06:55:00 UTC 2020 /home/travis/build/icyphy/ptII/ptolemy/actor/lib/test/auto/function.xml
----------------- Instantiating /home/travis/build/icyphy/ptII/ptolemy/actor/lib/test/auto/function.xml
3 ms. Memory: 488448K Free: 397537K (81%)
----------------- Invoking toplevel() on ptolemy.moml.MoMLSimpleApplication@3e43ee55
----------------- Done invoking toplevel() on ptolemy.moml.MoMLSimpleApplication@3e43ee55
reloadAllAccessors: .function

===========================================================================================
----------------- testing Fri Jan 24 06:55:00 UTC 2020 /home/travis/build/icyphy/ptII/ptolemy/actor/lib/test/auto/function2.xml
----------------- Instantiating /home/travis/build/icyphy/ptII/ptolemy/actor/lib/test/auto/function2.xml
2 ms. Memory: 488448K Free: 392931K (80%)
----------------- Invoking toplevel() on ptolemy.moml.MoMLSimpleApplication@6c4b17e8
----------------- Done invoking toplevel() on ptolemy.moml.MoMLSimpleApplication@6c4b17e8
reloadAllAccessors: .function2

===========================================================================================
----------------- testing Fri Jan 24 06:55:00 UTC 2020 /home/travis/build/icyphy/ptII/ptolemy/actor/lib/test/auto/function3.xml
----------------- Instantiating /home/travis/build/icyphy/ptII/ptolemy/actor/lib/test/auto/function3.xml
22 ms. Memory: 488448K Free: 388835K (80%)
----------------- Invoking toplevel() on ptolemy.moml.MoMLSimpleApplication@54892800
----------------- Done invoking toplevel() on ptolemy.moml.MoMLSimpleApplication@54892800
reloadAllAccessors: .function3

===========================================================================================
----------------- testing Fri Jan 24 06:55:00 UTC 2020 /home/travis/build/icyphy/ptII/ptolemy/actor/lib/test/auto/functionClosureTest1.xml
----------------- Instantiating /home/travis/build/icyphy/ptII/ptolemy/actor/lib/test/auto/functionClosureTest1.xml
3 ms. Memory: 488448K Free: 383201K (78%)
----------------- Invoking toplevel() on ptolemy.moml.MoMLSimpleApplication@41de98c8
----------------- Done invoking toplevel() on ptolemy.moml.MoMLSimpleApplication@41de98c8
reloadAllAccessors: .functionClosureTest1

===========================================================================================
----------------- testing Fri Jan 24 06:55:00 UTC 2020 /home/travis/build/icyphy/ptII/ptolemy/actor/lib/test/auto/functionClosureTest2.xml
----------------- Instantiating /home/travis/build/icyphy/ptII/ptolemy/actor/lib/test/auto/functionClosureTest2.xml
1 ms. Memory: 488448K Free: 379105K (78%)
----------------- Invoking toplevel() on ptolemy.moml.MoMLSimpleApplication@5db8c23d
----------------- Done invoking toplevel() on ptolemy.moml.MoMLSimpleApplication@5db8c23d
reloadAllAccessors: .functionClosureTest2

===========================================================================================
----------------- testing Fri Jan 24 06:55:00 UTC 2020 /home/travis/build/icyphy/ptII/ptolemy/actor/lib/test/auto/functionClosureTest3.xml
----------------- Instantiating /home/travis/build/icyphy/ptII/ptolemy/actor/lib/test/auto/functionClosureTest3.xml
2 ms. Memory: 488448K Free: 373971K (77%)
----------------- Invoking toplevel() on ptolemy.moml.MoMLSimpleApplication@1eae730c
----------------- Done invoking toplevel() on ptolemy.moml.MoMLSimpleApplication@1eae730c
reloadAllAccessors: .functionClosureTest3

===========================================================================================
----------------- testing Fri Jan 24 06:55:00 UTC 2020 /home/travis/build/icyphy/ptII/ptolemy/actor/lib/test/auto/functionClosureTest4.xml
----------------- Instantiating /home/travis/build/icyphy/ptII/ptolemy/actor/lib/test/auto/functionClosureTest4.xml
4 ms. Memory: 488448K Free: 367331K (75%)
----------------- Invoking toplevel() on ptolemy.moml.MoMLSimpleApplication@12e3ce5
----------------- Done invoking toplevel() on ptolemy.moml.MoMLSimpleApplication@12e3ce5
reloadAllAccessors: .functionClosureTest4

===========================================================================================
----------------- testing Fri Jan 24 06:55:00 UTC 2020 /home/travis/build/icyphy/ptII/ptolemy/actor/lib/test/auto/functionClosureTest5.xml
----------------- Instantiating /home/travis/build/icyphy/ptII/ptolemy/actor/lib/test/auto/functionClosureTest5.xml
7 ms. Memory: 488448K Free: 361683K (74%)
----------------- Invoking toplevel() on ptolemy.moml.MoMLSimpleApplication@19bb9cf8
----------------- Done invoking toplevel() on ptolemy.moml.MoMLSimpleApplication@19bb9cf8
reloadAllAccessors: .functionClosureTest5

===========================================================================================
----------------- testing Fri Jan 24 06:55:00 UTC 2020 /home/travis/build/icyphy/ptII/ptolemy/actor/lib/test/auto/functionClosureTest6.xml
----------------- Instantiating /home/travis/build/icyphy/ptII/ptolemy/actor/lib/test/auto/functionClosureTest6.xml
2 ms. Memory: 488448K Free: 357091K (73%)
----------------- Invoking toplevel() on ptolemy.moml.MoMLSimpleApplication@4cab088b
----------------- Done invoking toplevel() on ptolemy.moml.MoMLSimpleApplication@4cab088b
reloadAllAccessors: .functionClosureTest6

===========================================================================================
----------------- testing Fri Jan 24 06:55:00 UTC 2020 /home/travis/build/icyphy/ptII/ptolemy/actor/lib/test/auto/functionsOnArcs.xml
----------------- Instantiating /home/travis/build/icyphy/ptII/ptolemy/actor/lib/test/auto/functionsOnArcs.xml
1 ms. Memory: 488448K Free: 351457K (72%)
----------------- Invoking toplevel() on ptolemy.moml.MoMLSimpleApplication@2787ea15
----------------- Done invoking toplevel() on ptolemy.moml.MoMLSimpleApplication@2787ea15
reloadAllAccessors: .functionsOnArcs

===========================================================================================
----------------- testing Fri Jan 24 06:55:00 UTC 2020 /home/travis/build/icyphy/ptII/ptolemy/actor/lib/test/auto/functionsOnArcsHOF.xml
----------------- Instantiating /home/travis/build/icyphy/ptII/ptolemy/actor/lib/test/auto/functionsOnArcsHOF.xml
3 ms. Memory: 488448K Free: 345827K (71%)
----------------- Invoking toplevel() on ptolemy.moml.MoMLSimpleApplication@1014698f
----------------- Done invoking toplevel() on ptolemy.moml.MoMLSimpleApplication@1014698f
reloadAllAccessors: .functionsOnArcsHOF

===========================================================================================
----------------- testing Fri Jan 24 06:55:00 UTC 2020 /home/travis/build/icyphy/ptII/ptolemy/actor/lib/test/auto/logic.xml
----------------- Instantiating /home/travis/build/icyphy/ptII/ptolemy/actor/lib/test/auto/logic.xml
2 ms. Memory: 488448K Free: 338145K (69%)
----------------- Invoking toplevel() on ptolemy.moml.MoMLSimpleApplication@5971e72
----------------- Done invoking toplevel() on ptolemy.moml.MoMLSimpleApplication@5971e72
reloadAllAccessors: .logic

===========================================================================================
----------------- testing Fri Jan 24 06:55:00 UTC 2020 /home/travis/build/icyphy/ptII/ptolemy/actor/lib/test/auto/matrixType.xml
----------------- Instantiating /home/travis/build/icyphy/ptII/ptolemy/actor/lib/test/auto/matrixType.xml
2 ms. Memory: 488448K Free: 333011K (68%)
----------------- Invoking toplevel() on ptolemy.moml.MoMLSimpleApplication@7c4cc82e
----------------- Done invoking toplevel() on ptolemy.moml.MoMLSimpleApplication@7c4cc82e
reloadAllAccessors: .matrixType

===========================================================================================
----------------- testing Fri Jan 24 06:55:00 UTC 2020 /home/travis/build/icyphy/ptII/ptolemy/actor/lib/test/auto/matrixType10.xml
----------------- Instantiating /home/travis/build/icyphy/ptII/ptolemy/actor/lib/test/auto/matrixType10.xml
1 ms. Memory: 488448K Free: 327905K (67%)
----------------- Invoking toplevel() on ptolemy.moml.MoMLSimpleApplication@791d8de0
----------------- Done invoking toplevel() on ptolemy.moml.MoMLSimpleApplication@791d8de0
reloadAllAccessors: .matrixType10

===========================================================================================
----------------- testing Fri Jan 24 06:55:00 UTC 2020 /home/travis/build/icyphy/ptII/ptolemy/actor/lib/test/auto/matrixType11.xml
----------------- Instantiating /home/travis/build/icyphy/ptII/ptolemy/actor/lib/test/auto/matrixType11.xml
1 ms. Memory: 488448K Free: 322785K (66%)
----------------- Invoking toplevel() on ptolemy.moml.MoMLSimpleApplication@1c58cbf3
----------------- Done invoking toplevel() on ptolemy.moml.MoMLSimpleApplication@1c58cbf3
reloadAllAccessors: .matrixType11

===========================================================================================
----------------- testing Fri Jan 24 06:55:00 UTC 2020 /home/travis/build/icyphy/ptII/ptolemy/actor/lib/test/auto/matrixType12.xml
----------------- Instantiating /home/travis/build/icyphy/ptII/ptolemy/actor/lib/test/auto/matrixType12.xml
2 ms. Memory: 488448K Free: 318179K (65%)
----------------- Invoking toplevel() on ptolemy.moml.MoMLSimpleApplication@63b5fad6
----------------- Done invoking toplevel() on ptolemy.moml.MoMLSimpleApplication@63b5fad6
reloadAllAccessors: .matrixType12

===========================================================================================
----------------- testing Fri Jan 24 06:55:00 UTC 2020 /home/travis/build/icyphy/ptII/ptolemy/actor/lib/test/auto/matrixType13.xml
----------------- Instantiating /home/travis/build/icyphy/ptII/ptolemy/actor/lib/test/auto/matrixType13.xml
1 ms. Memory: 488448K Free: 313059K (64%)
----------------- Invoking toplevel() on ptolemy.moml.MoMLSimpleApplication@2a54da83
----------------- Done invoking toplevel() on ptolemy.moml.MoMLSimpleApplication@2a54da83
reloadAllAccessors: .matrixType13

===========================================================================================
----------------- testing Fri Jan 24 06:55:00 UTC 2020 /home/travis/build/icyphy/ptII/ptolemy/actor/lib/test/auto/matrixType14.xml
----------------- Instantiating /home/travis/build/icyphy/ptII/ptolemy/actor/lib/test/auto/matrixType14.xml
1 ms. Memory: 488448K Free: 308449K (63%)
----------------- Invoking toplevel() on ptolemy.moml.MoMLSimpleApplication@6808d966
----------------- Done invoking toplevel() on ptolemy.moml.MoMLSimpleApplication@6808d966
reloadAllAccessors: .matrixType14

===========================================================================================
----------------- testing Fri Jan 24 06:55:00 UTC 2020 /home/travis/build/icyphy/ptII/ptolemy/actor/lib/test/auto/matrixType2.xml
----------------- Instantiating /home/travis/build/icyphy/ptII/ptolemy/actor/lib/test/auto/matrixType2.xml
1 ms. Memory: 488448K Free: 303329K (62%)
----------------- Invoking toplevel() on ptolemy.moml.MoMLSimpleApplication@71033fce
----------------- Done invoking toplevel() on ptolemy.moml.MoMLSimpleApplication@71033fce
reloadAllAccessors: .matrixType2

===========================================================================================
----------------- testing Fri Jan 24 06:55:00 UTC 2020 /home/travis/build/icyphy/ptII/ptolemy/actor/lib/test/auto/matrixType3.xml
----------------- Instantiating /home/travis/build/icyphy/ptII/ptolemy/actor/lib/test/auto/matrixType3.xml
3 ms. Memory: 488448K Free: 298723K (61%)
----------------- Invoking toplevel() on ptolemy.moml.MoMLSimpleApplication@2b3a4165
----------------- Done invoking toplevel() on ptolemy.moml.MoMLSimpleApplication@2b3a4165
reloadAllAccessors: .matrixType3

===========================================================================================
----------------- testing Fri Jan 24 06:55:00 UTC 2020 /home/travis/build/icyphy/ptII/ptolemy/actor/lib/test/auto/matrixType4.xml
----------------- Instantiating /home/travis/build/icyphy/ptII/ptolemy/actor/lib/test/auto/matrixType4.xml
1 ms. Memory: 488448K Free: 293603K (60%)
----------------- Invoking toplevel() on ptolemy.moml.MoMLSimpleApplication@63649a56
----------------- Done invoking toplevel() on ptolemy.moml.MoMLSimpleApplication@63649a56
reloadAllAccessors: .matrixType4

===========================================================================================
----------------- testing Fri Jan 24 06:55:00 UTC 2020 /home/travis/build/icyphy/ptII/ptolemy/actor/lib/test/auto/matrixType5.xml
----------------- Instantiating /home/travis/build/icyphy/ptII/ptolemy/actor/lib/test/auto/matrixType5.xml
1 ms. Memory: 488448K Free: 288483K (59%)
----------------- Invoking toplevel() on ptolemy.moml.MoMLSimpleApplication@13021c0
----------------- Done invoking toplevel() on ptolemy.moml.MoMLSimpleApplication@13021c0
reloadAllAccessors: .matrixType5

===========================================================================================
----------------- testing Fri Jan 24 06:55:00 UTC 2020 /home/travis/build/icyphy/ptII/ptolemy/actor/lib/test/auto/matrixType6.xml
----------------- Instantiating /home/travis/build/icyphy/ptII/ptolemy/actor/lib/test/auto/matrixType6.xml
1 ms. Memory: 488448K Free: 283873K (58%)
----------------- Invoking toplevel() on ptolemy.moml.MoMLSimpleApplication@19d2f1cc
----------------- Done invoking toplevel() on ptolemy.moml.MoMLSimpleApplication@19d2f1cc
reloadAllAccessors: .matrixType6

===========================================================================================
----------------- testing Fri Jan 24 06:55:00 UTC 2020 /home/travis/build/icyphy/ptII/ptolemy/actor/lib/test/auto/matrixType7.xml
----------------- Instantiating /home/travis/build/icyphy/ptII/ptolemy/actor/lib/test/auto/matrixType7.xml
2 ms. Memory: 488448K Free: 278753K (57%)
----------------- Invoking toplevel() on ptolemy.moml.MoMLSimpleApplication@3d0157d9
----------------- Done invoking toplevel() on ptolemy.moml.MoMLSimpleApplication@3d0157d9
reloadAllAccessors: .matrixType7

===========================================================================================
----------------- testing Fri Jan 24 06:55:00 UTC 2020 /home/travis/build/icyphy/ptII/ptolemy/actor/lib/test/auto/matrixType8.xml
----------------- Instantiating /home/travis/build/icyphy/ptII/ptolemy/actor/lib/test/auto/matrixType8.xml
1 ms. Memory: 488448K Free: 274147K (56%)
----------------- Invoking toplevel() on ptolemy.moml.MoMLSimpleApplication@56f7f4a2
----------------- Done invoking toplevel() on ptolemy.moml.MoMLSimpleApplication@56f7f4a2
reloadAllAccessors: .matrixType8

===========================================================================================
----------------- testing Fri Jan 24 06:55:00 UTC 2020 /home/travis/build/icyphy/ptII/ptolemy/actor/lib/test/auto/matrixType9.xml
----------------- Instantiating /home/travis/build/icyphy/ptII/ptolemy/actor/lib/test/auto/matrixType9.xml
2 ms. Memory: 488448K Free: 269027K (55%)
----------------- Invoking toplevel() on ptolemy.moml.MoMLSimpleApplication@4959c9a2
----------------- Done invoking toplevel() on ptolemy.moml.MoMLSimpleApplication@4959c9a2
reloadAllAccessors: .matrixType9

===========================================================================================
----------------- testing Fri Jan 24 06:55:00 UTC 2020 /home/travis/build/icyphy/ptII/ptolemy/actor/lib/test/auto/paraFunctest.xml
----------------- Instantiating /home/travis/build/icyphy/ptII/ptolemy/actor/lib/test/auto/paraFunctest.xml
2 ms. Memory: 488448K Free: 264417K (54%)
----------------- Invoking toplevel() on ptolemy.moml.MoMLSimpleApplication@7934b03d
----------------- Done invoking toplevel() on ptolemy.moml.MoMLSimpleApplication@7934b03d
reloadAllAccessors: .paraFunctest

===========================================================================================
----------------- testing Fri Jan 24 06:55:00 UTC 2020 /home/travis/build/icyphy/ptII/ptolemy/actor/lib/test/auto/paraFunctest2.xml
----------------- Instantiating /home/travis/build/icyphy/ptII/ptolemy/actor/lib/test/auto/paraFunctest2.xml
1 ms. Memory: 488448K Free: 260321K (53%)
----------------- Invoking toplevel() on ptolemy.moml.MoMLSimpleApplication@780e3ba8
----------------- Done invoking toplevel() on ptolemy.moml.MoMLSimpleApplication@780e3ba8
reloadAllAccessors: .paraFunctest2

===========================================================================================
----------------- testing Fri Jan 24 06:55:00 UTC 2020 /home/travis/build/icyphy/ptII/ptolemy/actor/lib/test/auto/parameterPassing.xml
----------------- Instantiating /home/travis/build/icyphy/ptII/ptolemy/actor/lib/test/auto/parameterPassing.xml
1 ms. Memory: 488448K Free: 255715K (52%)
----------------- Invoking toplevel() on ptolemy.moml.MoMLSimpleApplication@2e01b912
----------------- Done invoking toplevel() on ptolemy.moml.MoMLSimpleApplication@2e01b912
reloadAllAccessors: .parameterPassing

===========================================================================================
----------------- testing Fri Jan 24 06:55:00 UTC 2020 /home/travis/build/icyphy/ptII/ptolemy/actor/lib/test/auto/record.xml
----------------- Instantiating /home/travis/build/icyphy/ptII/ptolemy/actor/lib/test/auto/record.xml
3 ms. Memory: 488448K Free: 250595K (51%)
----------------- Invoking toplevel() on ptolemy.moml.MoMLSimpleApplication@3bec467a
----------------- Done invoking toplevel() on ptolemy.moml.MoMLSimpleApplication@3bec467a
reloadAllAccessors: .record

===========================================================================================
----------------- testing Fri Jan 24 06:55:00 UTC 2020 /home/travis/build/icyphy/ptII/ptolemy/actor/lib/test/auto/sizedarray1.xml
----------------- Instantiating /home/travis/build/icyphy/ptII/ptolemy/actor/lib/test/auto/sizedarray1.xml
2 ms. Memory: 488448K Free: 245475K (50%)
----------------- Invoking toplevel() on ptolemy.moml.MoMLSimpleApplication@1178d174
----------------- Done invoking toplevel() on ptolemy.moml.MoMLSimpleApplication@1178d174
reloadAllAccessors: .sizedarray1

===========================================================================================
----------------- testing Fri Jan 24 06:55:01 UTC 2020 /home/travis/build/icyphy/ptII/ptolemy/actor/lib/test/auto/sizedarray2.xml
----------------- Instantiating /home/travis/build/icyphy/ptII/ptolemy/actor/lib/test/auto/sizedarray2.xml
2 ms. Memory: 488448K Free: 239841K (49%)
----------------- Invoking toplevel() on ptolemy.moml.MoMLSimpleApplication@2b2d850c
----------------- Done invoking toplevel() on ptolemy.moml.MoMLSimpleApplication@2b2d850c
reloadAllAccessors: .sizedarray2

===========================================================================================
----------------- testing Fri Jan 24 06:55:01 UTC 2020 /home/travis/build/icyphy/ptII/ptolemy/actor/lib/test/auto/twoPublishers.xml
----------------- Instantiating /home/travis/build/icyphy/ptII/ptolemy/actor/lib/test/auto/twoPublishers.xml
5 ms. Memory: 488448K Free: 229601K (47%)
----------------- Invoking toplevel() on ptolemy.moml.MoMLSimpleApplication@163ece11
----------------- Done invoking toplevel() on ptolemy.moml.MoMLSimpleApplication@163ece11
reloadAllAccessors: .twoPublishers
AutoTests.java: About to close Vertx.
AutoTests.java: Vertx closed.
]]></system-out>
  <system-err><![CDATA[java.lang.RuntimeException: Execution failed
	at ptolemy.moml.MoMLSimpleApplication$UnloadThread.run(MoMLSimpleApplication.java:402)
Caused by: java.lang.RuntimeException: StringUtilities.exit() was called. Normally, we would exit here because Manager.exitAfterWrapup() was called.  However, because the ptolemy.ptII.exitAfterWrapup property is set, we throw this exception instead.
	at ptolemy.util.StringUtilities.exit(StringUtilities.java:365)
	at ptolemy.actor.Manager.wrapup(Manager.java:1549)
	at ptolemy.actor.Manager.execute(Manager.java:407)
	at ptolemy.actor.Manager.run(Manager.java:1263)
	at ptolemy.actor.Manager$PtolemyRunThread.run(Manager.java:1933)
Warning: '.top.test' is in training mode, set the trainingMode parameter to false before checking in
Warning: '.top.test' is in training mode, set the trainingMode parameter to false before checking in
Warning: '.top.test' is in training mode, set the trainingMode parameter to false before checking in
Warning: '.BooleanSwitch_RegressionTest_WrongTrainingValues.Test' is in training mode, set the trainingMode parameter to false before checking in
Warning: '.BooleanSwitch_RegressionTest_WrongTrainingValues.Test2' is in training mode, set the trainingMode parameter to false before checking in
Warning: '.BooleanSwitch_RegressionTest_WrongTrainingValues.Test2' The test produced 0 tokens.
Warning: '.top.testExceptionHandler' is in training mode, set the trainingMode parameter to false before checking in
java.lang.RuntimeException: Execution failed
	at ptolemy.moml.MoMLSimpleApplication$UnloadThread.run(MoMLSimpleApplication.java:402)
Caused by: ptolemy.kernel.util.IllegalActionException: PublisherPorts cannot be used at the top level, use a Publisher actor instead.
  in .PublisherPortToplevelSubscriber.PublisherPort
	at ptolemy.actor.PublisherPort.preinitialize(PublisherPort.java:403)
	at ptolemy.actor.CompositeActor.preinitialize(CompositeActor.java:1769)
	at ptolemy.actor.Manager.preinitializeAndResolveTypes(Manager.java:1040)
	at ptolemy.actor.Manager.initialize(Manager.java:710)
	at ptolemy.actor.Manager.execute(Manager.java:356)
	at ptolemy.actor.Manager.run(Manager.java:1263)
	at ptolemy.actor.Manager$PtolemyRunThread.run(Manager.java:1933)
java.lang.reflect.InvocationTargetException
	at java.base/jdk.internal.reflect.NativeConstructorAccessorImpl.newInstance0(Native Method)
	at java.base/jdk.internal.reflect.NativeConstructorAccessorImpl.newInstance(NativeConstructorAccessorImpl.java:62)
	at java.base/jdk.internal.reflect.DelegatingConstructorAccessorImpl.newInstance(DelegatingConstructorAccessorImpl.java:45)
	at java.base/java.lang.reflect.Constructor.newInstance(Constructor.java:490)
	at ptolemy.util.test.junit.AutoKnownFailedTests.RunModel(AutoKnownFailedTests.java:105)
	at java.base/jdk.internal.reflect.NativeMethodAccessorImpl.invoke0(Native Method)
	at java.base/jdk.internal.reflect.NativeMethodAccessorImpl.invoke(NativeMethodAccessorImpl.java:62)
	at java.base/jdk.internal.reflect.DelegatingMethodAccessorImpl.invoke(DelegatingMethodAccessorImpl.java:43)
	at java.base/java.lang.reflect.Method.invoke(Method.java:566)
	at org.junit.runners.model.FrameworkMethod$1.runReflectiveCall(FrameworkMethod.java:44)
	at org.junit.internal.runners.model.ReflectiveCallable.run(ReflectiveCallable.java:15)
	at org.junit.runners.model.FrameworkMethod.invokeExplosively(FrameworkMethod.java:41)
	at junitparams.internal.InvokeParameterisedMethod.evaluate(InvokeParameterisedMethod.java:102)
	at org.junit.internal.runners.statements.FailOnTimeout$1.run(FailOnTimeout.java:28)
Caused by: ptolemy.kernel.util.IllegalActionException: PublisherPorts cannot be used at the top level, use a Publisher actor instead.
  in .PublisherPortToplevelSubscriber.PublisherPort
	at ptolemy.actor.PublisherPort.preinitialize(PublisherPort.java:403)
	at ptolemy.actor.CompositeActor.preinitialize(CompositeActor.java:1769)
	at ptolemy.actor.Manager.preinitializeAndResolveTypes(Manager.java:1040)
	at ptolemy.actor.Manager.initialize(Manager.java:710)
	at ptolemy.actor.Manager.execute(Manager.java:356)
	at ptolemy.actor.Manager.run(Manager.java:1263)
	at ptolemy.actor.Manager$PtolemyRunThread.run(Manager.java:1933)
java.lang.RuntimeException: Execution failed
	at ptolemy.moml.MoMLSimpleApplication$UnloadThread.run(MoMLSimpleApplication.java:402)
Caused by: ptolemy.kernel.util.IllegalActionException: SubscriberPorts cannot be used at the top level, use a Subscriber actor instead.
  in .PublisherSubscriberPortToplevel.SubscriberPort
	at ptolemy.actor.SubscriberPort.preinitialize(SubscriberPort.java:328)
	at ptolemy.actor.CompositeActor.preinitialize(CompositeActor.java:1769)
	at ptolemy.actor.Manager.preinitializeAndResolveTypes(Manager.java:1040)
	at ptolemy.actor.Manager.initialize(Manager.java:710)
	at ptolemy.actor.Manager.execute(Manager.java:356)
	at ptolemy.actor.Manager.run(Manager.java:1263)
	at ptolemy.actor.Manager$PtolemyRunThread.run(Manager.java:1933)
java.lang.reflect.InvocationTargetException
	at java.base/jdk.internal.reflect.NativeConstructorAccessorImpl.newInstance0(Native Method)
	at java.base/jdk.internal.reflect.NativeConstructorAccessorImpl.newInstance(NativeConstructorAccessorImpl.java:62)
	at java.base/jdk.internal.reflect.DelegatingConstructorAccessorImpl.newInstance(DelegatingConstructorAccessorImpl.java:45)
	at java.base/java.lang.reflect.Constructor.newInstance(Constructor.java:490)
	at ptolemy.util.test.junit.AutoKnownFailedTests.RunModel(AutoKnownFailedTests.java:105)
	at java.base/jdk.internal.reflect.NativeMethodAccessorImpl.invoke0(Native Method)
	at java.base/jdk.internal.reflect.NativeMethodAccessorImpl.invoke(NativeMethodAccessorImpl.java:62)
	at java.base/jdk.internal.reflect.DelegatingMethodAccessorImpl.invoke(DelegatingMethodAccessorImpl.java:43)
	at java.base/java.lang.reflect.Method.invoke(Method.java:566)
	at org.junit.runners.model.FrameworkMethod$1.runReflectiveCall(FrameworkMethod.java:44)
	at org.junit.internal.runners.model.ReflectiveCallable.run(ReflectiveCallable.java:15)
	at org.junit.runners.model.FrameworkMethod.invokeExplosively(FrameworkMethod.java:41)
	at junitparams.internal.InvokeParameterisedMethod.evaluate(InvokeParameterisedMethod.java:102)
	at org.junit.internal.runners.statements.FailOnTimeout$1.run(FailOnTimeout.java:28)
Caused by: ptolemy.kernel.util.IllegalActionException: SubscriberPorts cannot be used at the top level, use a Subscriber actor instead.
  in .PublisherSubscriberPortToplevel.SubscriberPort
	at ptolemy.actor.SubscriberPort.preinitialize(SubscriberPort.java:328)
	at ptolemy.actor.CompositeActor.preinitialize(CompositeActor.java:1769)
	at ptolemy.actor.Manager.preinitializeAndResolveTypes(Manager.java:1040)
	at ptolemy.actor.Manager.initialize(Manager.java:710)
	at ptolemy.actor.Manager.execute(Manager.java:356)
	at ptolemy.actor.Manager.run(Manager.java:1263)
	at ptolemy.actor.Manager$PtolemyRunThread.run(Manager.java:1933)
java.lang.RuntimeException: Execution failed
	at ptolemy.moml.MoMLSimpleApplication$UnloadThread.run(MoMLSimpleApplication.java:402)
Caused by: ptolemy.kernel.util.IllegalActionException: SubscriptionAggregatorPorts cannot be used at the top level, use a SubscriptionAggregator actor instead.
  in .PublisherSubscriptionAggregatorPort.SubscriptionAggregatorPort
	at ptolemy.actor.SubscriptionAggregatorPort.preinitialize(SubscriptionAggregatorPort.java:353)
	at ptolemy.actor.CompositeActor.preinitialize(CompositeActor.java:1769)
	at ptolemy.actor.Manager.preinitializeAndResolveTypes(Manager.java:1040)
	at ptolemy.actor.Manager.initialize(Manager.java:710)
	at ptolemy.actor.Manager.execute(Manager.java:356)
	at ptolemy.actor.Manager.run(Manager.java:1263)
	at ptolemy.actor.Manager$PtolemyRunThread.run(Manager.java:1933)
java.lang.reflect.InvocationTargetException
	at java.base/jdk.internal.reflect.NativeConstructorAccessorImpl.newInstance0(Native Method)
	at java.base/jdk.internal.reflect.NativeConstructorAccessorImpl.newInstance(NativeConstructorAccessorImpl.java:62)
	at java.base/jdk.internal.reflect.DelegatingConstructorAccessorImpl.newInstance(DelegatingConstructorAccessorImpl.java:45)
	at java.base/java.lang.reflect.Constructor.newInstance(Constructor.java:490)
	at ptolemy.util.test.junit.AutoKnownFailedTests.RunModel(AutoKnownFailedTests.java:105)
	at java.base/jdk.internal.reflect.NativeMethodAccessorImpl.invoke0(Native Method)
	at java.base/jdk.internal.reflect.NativeMethodAccessorImpl.invoke(NativeMethodAccessorImpl.java:62)
	at java.base/jdk.internal.reflect.DelegatingMethodAccessorImpl.invoke(DelegatingMethodAccessorImpl.java:43)
	at java.base/java.lang.reflect.Method.invoke(Method.java:566)
	at org.junit.runners.model.FrameworkMethod$1.runReflectiveCall(FrameworkMethod.java:44)
	at org.junit.internal.runners.model.ReflectiveCallable.run(ReflectiveCallable.java:15)
	at org.junit.runners.model.FrameworkMethod.invokeExplosively(FrameworkMethod.java:41)
	at junitparams.internal.InvokeParameterisedMethod.evaluate(InvokeParameterisedMethod.java:102)
	at org.junit.internal.runners.statements.FailOnTimeout$1.run(FailOnTimeout.java:28)
Caused by: ptolemy.kernel.util.IllegalActionException: SubscriptionAggregatorPorts cannot be used at the top level, use a SubscriptionAggregator actor instead.
  in .PublisherSubscriptionAggregatorPort.SubscriptionAggregatorPort
	at ptolemy.actor.SubscriptionAggregatorPort.preinitialize(SubscriptionAggregatorPort.java:353)
	at ptolemy.actor.CompositeActor.preinitialize(CompositeActor.java:1769)
	at ptolemy.actor.Manager.preinitializeAndResolveTypes(Manager.java:1040)
	at ptolemy.actor.Manager.initialize(Manager.java:710)
	at ptolemy.actor.Manager.execute(Manager.java:356)
	at ptolemy.actor.Manager.run(Manager.java:1263)
	at ptolemy.actor.Manager$PtolemyRunThread.run(Manager.java:1933)
java.lang.RuntimeException: Execution failed
	at ptolemy.moml.MoMLSimpleApplication$UnloadThread.run(MoMLSimpleApplication.java:402)
Caused by: ptolemy.kernel.util.IllegalActionException: TypeTest actor has no training data.
  in .sizedarray3.TypeTest
	at ptolemy.actor.lib.TypeTest.initialize(TypeTest.java:250)
	at ptolemy.actor.Director.initialize(Director.java:938)
	at ptolemy.actor.Director.initialize(Director.java:907)
	at ptolemy.actor.sched.StaticSchedulingDirector.initialize(StaticSchedulingDirector.java:159)
	at ptolemy.domains.sdf.kernel.SDFDirector.initialize(SDFDirector.java:544)
	at ptolemy.actor.CompositeActor.initialize(CompositeActor.java:935)
	at ptolemy.actor.Manager.initialize(Manager.java:724)
	at ptolemy.actor.Manager.execute(Manager.java:356)
	at ptolemy.actor.Manager.run(Manager.java:1263)
	at ptolemy.actor.Manager$PtolemyRunThread.run(Manager.java:1933)
java.lang.reflect.InvocationTargetException
	at java.base/jdk.internal.reflect.NativeConstructorAccessorImpl.newInstance0(Native Method)
	at java.base/jdk.internal.reflect.NativeConstructorAccessorImpl.newInstance(NativeConstructorAccessorImpl.java:62)
	at java.base/jdk.internal.reflect.DelegatingConstructorAccessorImpl.newInstance(DelegatingConstructorAccessorImpl.java:45)
	at java.base/java.lang.reflect.Constructor.newInstance(Constructor.java:490)
	at ptolemy.util.test.junit.AutoKnownFailedTests.RunModel(AutoKnownFailedTests.java:105)
	at java.base/jdk.internal.reflect.NativeMethodAccessorImpl.invoke0(Native Method)
	at java.base/jdk.internal.reflect.NativeMethodAccessorImpl.invoke(NativeMethodAccessorImpl.java:62)
	at java.base/jdk.internal.reflect.DelegatingMethodAccessorImpl.invoke(DelegatingMethodAccessorImpl.java:43)
	at java.base/java.lang.reflect.Method.invoke(Method.java:566)
	at org.junit.runners.model.FrameworkMethod$1.runReflectiveCall(FrameworkMethod.java:44)
	at org.junit.internal.runners.model.ReflectiveCallable.run(ReflectiveCallable.java:15)
	at org.junit.runners.model.FrameworkMethod.invokeExplosively(FrameworkMethod.java:41)
	at junitparams.internal.InvokeParameterisedMethod.evaluate(InvokeParameterisedMethod.java:102)
	at org.junit.internal.runners.statements.FailOnTimeout$1.run(FailOnTimeout.java:28)
Caused by: ptolemy.kernel.util.IllegalActionException: TypeTest actor has no training data.
  in .sizedarray3.TypeTest
	at ptolemy.actor.lib.TypeTest.initialize(TypeTest.java:250)
	at ptolemy.actor.Director.initialize(Director.java:938)
	at ptolemy.actor.Director.initialize(Director.java:907)
	at ptolemy.actor.sched.StaticSchedulingDirector.initialize(StaticSchedulingDirector.java:159)
	at ptolemy.domains.sdf.kernel.SDFDirector.initialize(SDFDirector.java:544)
	at ptolemy.actor.CompositeActor.initialize(CompositeActor.java:935)
	at ptolemy.actor.Manager.initialize(Manager.java:724)
	at ptolemy.actor.Manager.execute(Manager.java:356)
	at ptolemy.actor.Manager.run(Manager.java:1263)
	at ptolemy.actor.Manager$PtolemyRunThread.run(Manager.java:1933)
]]></system-err>
</testsuite>
