<?xml version="1.0" encoding="UTF-8" ?>
<testsuite errors="0" failures="0" hostname="travis-job-c22360ec-1749-4c5b-9ccb-8090ef566abc" name="ptolemy.domains.de.test.junit.JUnitTclTest" skipped="0" tests="101" time="131.673" timestamp="2018-06-02T17:49:16">
  <properties>
    <property name="npm.executable" value="npm" />
    <property name="file.encoding.pkg" value="sun.io" />
    <property name="ptII.mk.exists" value="true" />
    <property name="env.rvm_bin_path" value="/home/travis/.rvm/bin" />
    <property name="java.home" value="/usr/lib/jvm/java-8-oracle/jre" />
    <property name="env.TRAVIS_JOB_NUMBER" value="514.8" />
    <property name="env.DISPLAY" value=":99.0" />
    <property name="java.net.preferIPv4Stack" value="true" />
    <property name="env.SSH_TTY" value="/dev/pts/0" />
    <property name="env.RUN_TESTS" value="true" />
    <property name="timeout.short" value="1000000" />
    <property name="env.TRAVIS_STACK_NODE_ATTRIBUTES" value="/.node-attributes.yml" />
    <property name="junit.formatter" value="xml" />
    <property name="java.endorsed.dirs" value="/usr/lib/jvm/java-8-oracle/jre/lib/endorsed" />
    <property name="env.TRAVIS_SUDO" value="true" />
    <property name="env.LOGNAME" value="travis" />
    <property name="jsdoc.home" value="node_modules/@terraswarm/jsdoc" />
    <property name="debuglevel" value="source,lines,vars" />
    <property name="checkstyle.formatter" value="xml" />
    <property name="bin.vergil.makeable" value="true" />
    <property name="env._system_version" value="14.04" />
    <property name="sun.os.patch.level" value="unknown" />
    <property name="java.vendor.url" value="http://java.oracle.com/" />
    <property name="java.version" value="1.8.0_151" />
    <property name="env.TZ" value="UTC" />
    <property name="env.PT_NO_NET" value="true" />
    <property name="env.TRAVIS_PULL_REQUEST_SHA" value="" />
    <property name="env.TRAVIS_SECURE_ENV_VARS" value="true" />
    <property name="env._system_type" value="Linux" />
    <property name="java.vendor.url.bug" value="http://bugreport.sun.com/bugreport/" />
    <property name="env.SSH_CLIENT" value="10.10.4.37 38098 22" />
    <property name="npmjs-org-is-up" value="true" />
    <property name="env.GEM_HOME" value="/home/travis/.rvm/gems/ruby-2.4.1" />
    <property name="env.HAS_ANTARES_THREE_LITTLE_FRONZIES_BADGE" value="true" />
    <property name="env.PS4" value="+" />
    <property name="ant.project.invoked-targets" value="build,test.core2.xml" />
    <property name="env.TRAVIS_PULL_REQUEST_BRANCH" value="" />
    <property name="env.TRAVIS_REPO_SLUG" value="icyphy/ptII" />
    <property name="node.in.path" value="true" />
    <property name="java.maxmemory" value="1400m" />
    <property name="env.RUBY_VERSION" value="ruby-2.4.1" />
    <property name="user.name" value="travis" />
    <property name="env.LANG" value="en_US.UTF-8" />
    <property name="sun.io.unicode.encoding" value="UnicodeLittle" />
    <property name="sun.jnu.encoding" value="UTF-8" />
    <property name="java.runtime.name" value="Java(TM) SE Runtime Environment" />
    <property name="usefile" value="false" />
    <property name="return.code" value="0" />
    <property name="junit.single.formatter" value="plain" />
    <property name="env.DYLD_LIBRARY_PATH" value="/home/travis/pthla/certi-tools/lib:" />
    <property name="env.DEBIAN_FRONTEND" value="noninteractive" />
    <property name="env.SSH_CONNECTION" value="10.10.4.37 38098 10.20.0.84 22" />
    <property name="env.MYSQL_UNIX_PORT" value="/var/run/mysqld/mysqld.sock" />
    <property name="env.TRAVIS_ALLOW_FAILURE" value="false" />
    <property name="env.LC_ALL" value="en_US.UTF-8" />
    <property name="java.specification.name" value="Java Platform API Specification" />
    <property name="node.works" value="true" />
    <property name="user.timezone" value="" />
    <property name="path.separator" value=":" />
    <property name="env.PYTHON_CFLAGS" value="-g -fstack-protector --param=ssp-buffer-size=4 -Wformat -Werror=format-security" />
    <property name="timeout.long" value="4000000" />
    <property name="env.CERTI_HOME" value="/home/travis/pthla/certi-tools" />
    <property name="file.encoding" value="UTF-8" />
    <property name="ant.file.ptII" value="/home/travis/build/icyphy/ptII/build.xml" />
    <property name="javadoc.packagenames" value="com.*,diva.*,lbnl.*,org.hlacerti.*,org.json.*,org.ptolemy.*,org.terraswarm.*,ptolemy.*,ptserver.*" />
    <property name="env.TRAVIS_PULL_REQUEST_SLUG" value="" />
    <property name="ant.project.default-target" value="build" />
    <property name="env.GIT_ASKPASS" value="echo" />
    <property name="env.HOME" value="/home/travis" />
    <property name="sun.java.command" value="org.apache.tools.ant.taskdefs.optional.junit.JUnitTestRunner ptolemy.domains.de.test.junit.JUnitTclTest skipNonTests=false filtertrace=true haltOnError=false haltOnFailure=false formatter=org.apache.tools.ant.taskdefs.optional.junit.OutErrSummaryJUnitResultFormatter showoutput=true outputtoformatters=true logfailedtests=true threadid=0 logtestlistenerevents=false formatter=org.apache.tools.ant.taskdefs.optional.junit.XMLJUnitResultFormatter,/home/travis/build/icyphy/ptII/reports/junit/TEST-ptolemy.domains.de.test.junit.JUnitTclTest.xml crashfile=/home/travis/build/icyphy/ptII/junitvmwatcher8184129004595108167.properties propsfile=/home/travis/build/icyphy/ptII/junit7652292372571829844.properties" />
    <property name="env.MANPATH" value="/home/travis/.nvm/versions/node/v7.10.1/share/man:/home/travis/.kiex/elixirs/elixir-1.4.5/man:/home/travis/.rvm/rubies/ruby-2.4.1/share/man:/usr/local/man:/usr/local/cmake-3.9.2/man:/usr/local/clang-5.0.0/share/man:/usr/local/share/man:/usr/share/man:/home/travis/.rvm/man" />
    <property name="env.COMPOSER_NO_INTERACTION" value="1" />
    <property name="env.JDK_SWITCHER_DEFAULT" value="oraclejdk8" />
    <property name="ant.file" value="/home/travis/build/icyphy/ptII/build.xml" />
    <property name="env.TRAVIS_COMMIT_RANGE" value="b291d2b50dc8...f7e6759bc3d9" />
    <property name="env._system_name" value="Ubuntu" />
    <property name="timeout" value="2400000" />
    <property name="ptII.classpath.optional.property" value="/home/travis/build/icyphy/ptII/lib/bsh-2.0b4.jar:/home/travis/build/icyphy/ptII/lib/ptCal.jar:/home/travis/build/icyphy/ptII/lib/java_cup.jar:/home/travis/build/icyphy/ptII/lib/saxon8.jar:/home/travis/build/icyphy/ptII/lib/saxon8-dom.jar:/home/travis/build/icyphy/ptII/lib/chic.jar:/home/travis/build/icyphy/ptII/lib/ptcolt.jar:/usr/lib/jvm/java-8-oracle/lib/tools.jar:/usr/lib/eclipse/plugins/org.eclipse.jdt.core_3.8.2.dist.jar:/usr/lib/eclipse/plugins/org.eclipse.core.runtime_3.8.0.dist.jar:/usr/lib/eclipse/plugins/org.eclipse.osgi_3.8.1.dist.jar:/usr/lib/eclipse/plugins/org.eclipse.core.resources_3.8.1.dist.jar:/usr/lib/eclipse/plugins/org.eclipse.equinox.common_3.6.100.dist.jar:/usr/lib/eclipse/plugins/org.eclipse.core.jobs_3.5.200.dist.jar:/usr/lib/eclipse/plugins/org.eclipse.core.contenttype_3.4.200.dist.jar:/usr/lib/eclipse/plugins/org.eclipse.equinox.preferences_3.5.0.dist.jar:/usr/lib/eclipse/plugins/org.eclipse.text_3.5.200.dist.jar:/usr/lib/eclipse/plugins/org.eclipse.ui.workbench_3.8.1.dist.jar:/usr/lib/eclipse/plugins/org.eclipse.jface_3.8.0.dist.jar:/usr/lib/eclipse/plugins/org.eclipse.swt_3.8.2.jar:/usr/lib/eclipse/plugins/org.eclipse.jface.text_3.8.1.dist.jar:/usr/lib/eclipse/plugins/org.eclipse.ui.workbench.texteditor_3.8.0.dist.jar:/usr/lib/eclipse/plugins/org.eclipse.ui.editors_3.8.0.dist.jar:/usr/lib/eclipse/plugins/org.eclipse.core.commands_3.6.1.dist.jar:/usr/lib/eclipse/plugins/org.eclipse.equinox.registry_3.5.200.dist.jar:/usr/lib/eclipse/plugins/org.eclipse.ui.console_3.5.100.dist.jar:/usr/lib/eclipse/plugins/org.eclipse.ui.forms_3.5.200.dist.jar:/usr/lib/eclipse/plugins/org.eclipse.ui.ide_3.8.1.dist.jar:/home/travis/build/icyphy/ptII/vendors/oracle/dbxml.jar:/home/travis/build/icyphy/ptII/vendors/oracle/db.jar:/home/travis/build/icyphy/ptII/vendors/misc/itext/iText.jar:/home/travis/build/icyphy/ptII/lib/g4ltl.jar:/home/travis/build/icyphy/ptII/lib/StructuralCoder.jar:/home/travis/build/icyphy/ptII/lib/org-openide-util.jar:/home/travis/build/icyphy/ptII/lib/org-openide-util-lookup.jar:/home/travis/build/icyphy/ptII/lib/org-netbeans-api-visual.jar:/home/travis/build/icyphy/ptII/vendors/jai-1_1_2_01/lib/jai_core.jar:/home/travis/build/icyphy/ptII/vendors/jai-1_1_2_01/lib/jai_codec.jar:/home/travis/build/icyphy/ptII/lib/jcerti.jar:/home/travis/build/icyphy/ptII/lib/smack.jar:/home/travis/build/icyphy/ptII/lib/smackx.jar:/home/travis/build/icyphy/ptII/lib/jetty-all-8.1.5-v20120716.jar:/home/travis/build/icyphy/ptII/lib/javax.servlet-api-3.0.1.jar:/home/travis/build/icyphy/ptII/lib/javax.mail.jar:/home/travis/build/icyphy/ptII/vendors/JMF-2.1.1e/lib/jmf.jar:/home/travis/build/icyphy/ptII/lib/jna-4.0.0-variadic.jar:/home/travis/build/icyphy/ptII/vendors/misc/joystick/Joystick.jar:/home/travis/build/icyphy/ptII/lib/ptjacl.jar:/home/travis/build/icyphy/ptII/lib/jsoup-1.8.2.jar:/home/travis/build/icyphy/ptII/lib/junit-4.8.2.jar:/home/travis/build/icyphy/ptII/lib/JUnitParams-0.4.0.jar:/home/travis/build/icyphy/ptII/ptolemy/actor/lib/excel/jxl.jar:/home/travis/build/icyphy/ptII/lib/jython.jar:/home/travis/build/icyphy/ptII/lib/kieler.jar:/home/travis/build/icyphy/ptII/vendors/opencv/share/OpenCV/java/opencv-341.jar:/home/travis/build/icyphy/ptII/lib/oscP5.jar:/home/travis/build/icyphy/ptII/lib/nrjavaserial-3.11.0.devel.jar:/usr/share/java/j3dcore.jar:/usr/share/java/j3dutils.jar:/usr/share/java/vecmath.jar:/home/travis/build/icyphy/ptII/ptolemy/distributed/jini/jar/jini-core.jar:/home/travis/build/icyphy/ptII/ptolemy/distributed/jini/jar/jini-ext.jar:/home/travis/build/icyphy/ptII/ptolemy/distributed/jini/jar/sun-util.jar:/home/travis/build/icyphy/ptII/lib/protobuf-java-2.4.1.jar:/home/travis/build/icyphy/ptII/lib/org.eclipse.paho.client.mqttv3.jar:/home/travis/build/icyphy/ptII/ptserver/lib/hessian-4.0.7.jar:/home/travis/build/icyphy/ptII/ptserver/lib/wmqtt.jar:/home/travis/build/icyphy/ptII/lib/mapss.jar:/home/travis/build/icyphy/ptII/ptolemy/actor/ptalon/antlr/antlr.jar:/home/travis/build/icyphy/ptII/lib/JRI.jar:/home/travis/build/icyphy/ptII/lib/commons-lang-2.6.jar:/home/travis/build/icyphy/ptII/lib/commons-logging-1.1.1.jar:/home/travis/build/icyphy/ptII/lib/sootclasses.jar:/home/travis/build/icyphy/ptII/ptolemy/actor/lib/database/mysql-connector-java-5.1.6-bin.jar:/home/travis/build/icyphy/ptII/vendors/misc/sphinx4/sphinx4-data-5prealpha.jar:/home/travis/build/icyphy/ptII/vendors/misc/sphinx4/sphinx4-core-5prealpha.jar:/home/travis/build/icyphy/ptII/lib/PDFRenderer.jar:/home/travis/build/icyphy/ptII/lib/svgSalamander.jar:/home/travis/build/icyphy/ptII/lib/rsyntaxtextarea-2.6.0-SNAPSHOT.jar:/home/travis/build/icyphy/ptII/lib/hazelcast-3.8.2.jar:/home/travis/build/icyphy/ptII/lib/jackson-annotations-2.9.0.jar:/home/travis/build/icyphy/ptII/lib/jackson-core-2.9.3.jar:/home/travis/build/icyphy/ptII/lib/jackson-databind-2.9.3.jar:/home/travis/build/icyphy/ptII/lib/netty-buffer-4.1.19.Final.jar:/home/travis/build/icyphy/ptII/lib/netty-codec-4.1.19.Final.jar:/home/travis/build/icyphy/ptII/lib/netty-codec-dns-4.1.19.Final.jar:/home/travis/build/icyphy/ptII/lib/netty-codec-http-4.1.19.Final.jar:/home/travis/build/icyphy/ptII/lib/netty-codec-http2-4.1.19.Final.jar:/home/travis/build/icyphy/ptII/lib/netty-common-4.1.19.Final.jar:/home/travis/build/icyphy/ptII/lib/netty-handler-4.1.19.Final.jar:/home/travis/build/icyphy/ptII/lib/netty-resolver-4.1.19.Final.jar:/home/travis/build/icyphy/ptII/lib/netty-resolver-dns-4.1.19.Final.jar:/home/travis/build/icyphy/ptII/lib/netty-transport-4.1.19.Final.jar:/home/travis/build/icyphy/ptII/lib/vertx-codegen-3.5.1.jar:/home/travis/build/icyphy/ptII/lib/vertx-core-3.5.2-SNAPSHOT.jar:/home/travis/build/icyphy/ptII/lib/vertx-hazelcast-3.5.1.jar:/home/travis/build/icyphy/ptII/lib/vertx-lang-js-3.5.1.jar:/home/travis/build/icyphy/ptII/lib/vertx-service-proxy-3.5.1.jar:/home/travis/build/icyphy/ptII/lib/vertx-web-3.5.1.jar:/home/travis/build/icyphy/ptII/lib/slf4j-api-1.7.13.jar:/home/travis/build/icyphy/ptII/lib/slf4j-simple-1.7.13.jar:/home/travis/build/icyphy/ptII/lib/webcam-capture-0.3.12.jar:/home/travis/build/icyphy/ptII/lib/bridj-0.7.0.jar:/home/travis/build/icyphy/ptII/lib/xbjlib-1.1.0.nrjavaserial.jar" />
    <property name="test.batch" value="**/junit/*.java" />
    <property name="env._" value="/usr/bin/timeout" />
    <property name="java.io.tmpdir" value="/tmp" />
    <property name="user.language" value="en" />
    <property name="env.HISTCONTROL" value="ignoredups:ignorespace" />
    <property name="env.GOROOT" value="/home/travis/.gimme/versions/go1.7.4.linux.amd64" />
    <property name="line.separator" value="&#xa;" />
    <property name="target" value="1.8" />
    <property name="env.TRAVIS_BUILD_DIR" value="/home/travis/build/icyphy/ptII" />
    <property name="env.ANT_OPTS" value="-Xmx2048m" />
    <property name="ant.file.type" value="file" />
    <property name="ptolemy.ptII.batchMode" value="true" />
    <property name="env.HISTSIZE" value="1000" />
    <property name="env.MERB_ENV" value="test" />
    <property name="java.vm.info" value="mixed mode" />
    <property name="source" value="1.8" />
    <property name="java.vm.specification.name" value="Java Virtual Machine Specification" />
    <property name="env.TRAVIS_TEST_RESULT" value="0" />
    <property name="jsdoc.command" value="node_modules/@terraswarm/jsdoc/jsdoc.js" />
    <property name="npm.works" value="true" />
    <property name="cobertura.dir" value="/home/travis/build/icyphy/ptII/vendors/cobertura-2.0.3" />
    <property name="env.rvm_path" value="/home/travis/.rvm" />
    <property name="env.GEM_PATH" value="/home/travis/.rvm/gems/ruby-2.4.1:/home/travis/.rvm/gems/ruby-2.4.1@global" />
    <property name="env.LC_CTYPE" value="en_US.UTF-8" />
    <property name="java.awt.printerjob" value="sun.print.PSPrinterJob" />
    <property name="env.TRAVIS_STACK_NAME" value="garnet" />
    <property name="ant.version" value="Apache Ant(TM) version 1.10.1 compiled on February 2 2017" />
    <property name="ptII.reports" value="/home/travis/build/icyphy/ptII/reports" />
    <property name="env.TRAVIS_STACK_TIMESTAMP" value="2017-12-05 19:33:09 UTC" />
    <property name="ant.file.type.ptII" value="file" />
    <property name="env.RBENV_SHELL" value="bash" />
    <property name="os.name" value="Linux" />
    <property name="java.specification.vendor" value="Oracle Corporation" />
    <property name="env.rvm_version" value="1.29.3 (latest)" />
    <property name="env.TERM" value="xterm" />
    <property name="java.vm.name" value="Java HotSpot(TM) 64-Bit Server VM" />
    <property name="env.TRAVIS_BUILD_NUMBER" value="514" />
    <property name="env.CI" value="true" />
    <property name="java.library.path" value="/home/travis/pthla/certi-tools/lib:/usr/lib/jni:/usr/local/share/OpenCV/java/:/usr/share/OpenCV/java::/usr/java/packages/lib/amd64:/usr/lib64:/lib64:/lib:/usr/lib" />
    <property name="env.rvm_prefix" value="/home/travis" />
    <property name="env.PATH" value="/home/travis/pthla/certi-tools/share/scripts:/home/travis/.rvm/gems/ruby-2.4.1/bin:/home/travis/.rvm/gems/ruby-2.4.1@global/bin:/home/travis/.rvm/rubies/ruby-2.4.1/bin:/home/travis/.rvm/bin:/home/travis/.nvm/versions/node/v7.10.1/bin:./node_modules/.bin:/home/travis/build/icyphy/ptII/bin:/home/travis/pthla/certi-tools/bin:/home/travis/bin:/home/travis/.local/bin:/opt/pyenv/shims:/home/travis/.phpenv/shims:/home/travis/perl5/perlbrew/bin:/home/travis/.kiex/elixirs/elixir-1.4.5/bin:/home/travis/.kiex/bin:/home/travis/gopath/bin:/home/travis/.gimme/versions/go1.7.4.linux.amd64/bin:/usr/local/phantomjs/bin:/usr/local/phantomjs:/usr/local/neo4j-3.2.7/bin:/usr/local/maven-3.5.2/bin:/usr/local/cmake-3.9.2/bin:/usr/local/clang-5.0.0/bin:/usr/local/sbin:/usr/local/bin:/usr/sbin:/usr/bin:/sbin:/bin:/home/travis/.phpenv/bin:/opt/pyenv/bin:/home/travis/.yarn/bin" />
    <property name="env.TRAVIS_OS_NAME" value="linux" />
    <property name="ant.java.version" value="1.8" />
    <property name="basedir" value="/home/travis/build/icyphy/ptII" />
    <property name="java.class.version" value="52.0" />
    <property name="env.SHLVL" value="3" />
    <property name="env.LD_LIBRARY_PATH" value="/home/travis/pthla/certi-tools/lib:/usr/lib/jni:/usr/local/share/OpenCV/java/:/usr/share/OpenCV/java:" />
    <property name="env.RACK_ENV" value="test" />
    <property name="ant.home" value="/home/travis/build/icyphy/ptII/ant" />
    <property name="env.NVM_DIR" value="/home/travis/.nvm" />
    <property name="env.PERLBREW_BASHRC_VERSION" value="0.80" />
    <property name="env.CERTI_FOM_PATH" value="/home/travis/pthla/certi-tools/share/federations" />
    <property name="env.TRAVIS_BUILD_ID" value="387119460" />
    <property name="env.PYENV_ROOT" value="/opt/pyenv" />
    <property name="env.TRAVIS_UID" value="2000" />
    <property name="env.rvm_pretty_print_flag" value="auto" />
    <property name="env.NVM_BIN" value="/home/travis/.nvm/versions/node/v7.10.1/bin" />
    <property name="env.TRAVIS_COMMIT" value="f7e6759bc3d970f3798a1ae93e8ae32e8fa4a87f" />
    <property name="env._system_arch" value="x86_64" />
    <property name="node.executable" value="node" />
    <property name="sun.boot.library.path" value="/usr/lib/jvm/java-8-oracle/jre/lib/amd64" />
    <property name="sun.management.compiler" value="HotSpot 64-Bit Tiered Compilers" />
    <property name="env.GOPATH" value="/home/travis/gopath" />
    <property name="java.awt.graphicsenv" value="sun.awt.X11GraphicsEnvironment" />
    <property name="ptolemy.ptII.dir" value="/home/travis/build/icyphy/ptII" />
    <property name="env.USER" value="travis" />
    <property name="env.HISTFILESIZE" value="2000" />
    <property name="timeout.longest" value="19000000" />
    <property name="env.TRAVIS_STACK_FEATURES" value="basic cassandra chromium couchdb disabled-ipv6 docker docker-compose elasticsearch firefox go-toolchain google-chrome jdk memcached mongodb mysql neo4j nodejs_interpreter perl_interpreter perlbrew phantomjs postgresql python_interpreter rabbitmq redis riak ruby_interpreter sqlite xserver" />
    <property name="env.TRAVIS_PULL_REQUEST" value="false" />
    <property name="env.PYENV_SHELL" value="bash" />
    <property name="ant.project.name" value="ptII" />
    <property name="java.vm.specification.version" value="1.8" />
    <property name="env.CERTI_VERSION" value="4.0.0" />
    <property name="env.NLSPATH" value="/usr/dt/lib/nls/msg/%L/%N.cat" />
    <property name="awt.toolkit" value="sun.awt.X11.XToolkit" />
    <property name="env.CERTI_HOST" value="localhost" />
    <property name="env.MY_RUBY_HOME" value="/home/travis/.rvm/rubies/ruby-2.4.1" />
    <property name="sun.cpu.isalist" value="" />
    <property name="java.ext.dirs" value="/usr/lib/jvm/java-8-oracle/jre/lib/ext:/usr/java/packages/lib/ext" />
    <property name="os.version" value="4.4.0-101-generic" />
    <property name="user.home" value="/home/travis" />
    <property name="env.MIX_ARCHIVES" value="/home/travis/.kiex/mix/elixir-1.4.5" />
    <property name="java.vm.vendor" value="Oracle Corporation" />
    <property name="env.TRAVIS_TAG" value="nightly" />
    <property name="env.TRAVIS_FILTERED" value="redirect_io" />
    <property name="javadoc.excludepackagenames" value="adm.cvs2svn.*,build.*,config.*,doc.coding.templates.*,jni.test.jni.meaningOfLife.*,jni.test.jni.testDeux.*,jni.test.jni.testTrois.*,org.terraswarm.accessor.accessors.web.node_modules.*,org.terraswarm.accessor.accessors.web.hosts.cordova.demo.*,org.terraswarm.accessor.accessors.web.hosts.cordova.plugins.*,org.terraswarm.accessor.accessors-svn.*,pt-modules.*,ptolemy.apps.agilent.*,ptolemy.apps.anytimecontrol.*,ptolemy.apps.apes.*,ptolemy.apps.charon.*,ptolemy.apps.crazyboard.*,ptolemy.apps.eclipse.*,ptolemy.apps.etherealSting.*,ptolemy.apps.fullscreen.*,ptolemy.apps.giotto.*,ptolemy.apps.ia.*,ptolemy.apps.interfaces.*,ptolemy.apps.jmf.*,ptolemy.apps.kurt.*,ptolemy.apps.kvm.*,ptolemy.apps.lego.*,ptolemy.apps.lejos.*,ptolemy.apps.midp.*,ptolemy.apps.mobileCoding.*,ptolemy.apps.pendulum.*,ptolemy.apps.rijndael.*,ptolemy.apps.robot.*,ptolemy.apps.security.*,ptolemy.apps.sobel.*,ptolemy.apps.soot.*,ptolemy.apps.throttle.*,ptolemy.apps.tini.*,ptolemy.apps.transmission.*,ptolemy.apps.vergil.*,ptolemy.apps.waba.*,ptolemy.apps.websensor.*,ptolemy.apps.webstart.*,ptolemy.apps.xsl.*,ptolemy.apps.zaurus.*,ptolemy.backtrack.eclipse.plugin.*,ptolemy.backtrack.test.*,ptolemy.codegen.c.actor.lib.oldJavaFiles.*,ptolemy.codegen.dsp.lib.*,ptolemy.codegen.kernel.newInterfaces.*,ptolemy.codegen.lib.*,ptolemy.copernicus.kernel.fragment.*,ptolemy.copernicus.shallow.cg.*,ptolemy.domains.giotto.demo.Hierarchy.Hierarchy.*,ptolemy.domains.giotto.demo.Multimode.Multimode.*,ptolemy.domains.giotto.demo.Simple.Simple.*,ptolemy.domains.gr.lib.experimental.*,ptolemy.domains.gro.*,ptolemy.domains.pdf.*,ptolemy.domains.ptinyos.demo.Surge.output.*,ptolemy.moml.test.NoPackageActor.java*,ptolemy.plot.adm.*,ptolemy.plot.servlet.*,reports.*,signed.*,src.*,target.*,vendors.*,ptolemy.cg.adapter.generic.program.procedural.c.mbed*,ptolemy.actor.lib.fmi.fmus.omc*,ptolemy.domains.openmodelica*,ptdb.kernel.bl.save.test.*,ptdb.kernel.bl.load.test.*,ptdb.kernel.bl.search.test.*,ptdb.kernel.bl.migration.test.*,ptdb.kernel.database.test.*,ptdb.test.*,ptdb.gui.test.*,org.ptolemy.scala.*,diva.util.java2d.svg.*,ptolemy.domains.ptinyos.*,ptolemy.actor.lib.fmi.fmipp.*,,org.terraswarm.accessor.accessors.web.node_modules.*,org.terraswarm.accessor.accessors-svn,ptolemy.actor.ptalon.demo.ptinyos.SendAndReceiveCnt.output,ptolemy.actor.ptalon.demo.ptinyos.SenseToLeds.output,ptolemy.domains.ptinyos.demo.CntToLedsAndRfm.output,ptolemy.domains.ptinyos.demo.RfmToLeds.output,ptolemy.domains.ptinyos.demo.SendAndReceiveCnt.output,ptolemy.domains.ptinyos.demo.SenseToLeds.output" />
    <property name="env.JAVA_HOME" value="/usr/lib/jvm/java-8-oracle" />
    <property name="env.PTII" value="/home/travis/build/icyphy/ptII" />
    <property name="env.TRAVIS_COMMIT_MESSAGE" value="Under Travis, don&apos;t run SpeechSynthesisTest.xml and a TCPSocket test." />
    <property name="keystore" value="ptKeystore" />
    <property name="env.XDG_SESSION_ID" value="2" />
    <property name="junit.output.dir" value="/home/travis/build/icyphy/ptII/reports/junit" />
    <property name="npm.return.code" value="0" />
    <property name="user.dir" value="/home/travis/build/icyphy/ptII/ptolemy/domains/de/test" />
    <property name="env.TRAVIS_NODE_VERSION" value="7" />
    <property name="env.XFILESEARCHPATH" value="/usr/dt/app-defaults/%L/Dt" />
    <property name="env.TRAVIS_EVENT_TYPE" value="push" />
    <property name="env.MAIL" value="/var/mail/travis" />
    <property name="env.PWD" value="/home/travis/build/icyphy/ptII" />
    <property name="env.PERLBREW_ROOT" value="/home/travis/perl5/perlbrew" />
    <property name="timeout.npm" value="45000" />
    <property name="env.PT_TRAVIS_TEST_CORE2_XML" value="true" />
    <property name="env.PAGER" value="cat" />
    <property name="sun.cpu.endian" value="little" />
    <property name="env.TRAVIS_BUILD_STAGE_NAME" value="Test" />
    <property name="env.PERLBREW_HOME" value="/home/travis/.perlbrew" />
    <property name="env.RAILS_ENV" value="test" />
    <property name="java.vm.version" value="25.151-b12" />
    <property name="java.class.path" value="/home/travis/build/icyphy/ptII:/home/travis/build/icyphy/ptII/lib/bsh-2.0b4.jar:/home/travis/build/icyphy/ptII/lib/ptCal.jar:/home/travis/build/icyphy/ptII/lib/java_cup.jar:/home/travis/build/icyphy/ptII/lib/saxon8.jar:/home/travis/build/icyphy/ptII/lib/saxon8-dom.jar:/home/travis/build/icyphy/ptII/lib/chic.jar:/home/travis/build/icyphy/ptII/lib/ptcolt.jar:/usr/lib/jvm/java-8-oracle/lib/tools.jar:/usr/lib/eclipse/plugins/org.eclipse.jdt.core_3.8.2.dist.jar:/usr/lib/eclipse/plugins/org.eclipse.core.runtime_3.8.0.dist.jar:/usr/lib/eclipse/plugins/org.eclipse.osgi_3.8.1.dist.jar:/usr/lib/eclipse/plugins/org.eclipse.core.resources_3.8.1.dist.jar:/usr/lib/eclipse/plugins/org.eclipse.equinox.common_3.6.100.dist.jar:/usr/lib/eclipse/plugins/org.eclipse.core.jobs_3.5.200.dist.jar:/usr/lib/eclipse/plugins/org.eclipse.core.contenttype_3.4.200.dist.jar:/usr/lib/eclipse/plugins/org.eclipse.equinox.preferences_3.5.0.dist.jar:/usr/lib/eclipse/plugins/org.eclipse.text_3.5.200.dist.jar:/usr/lib/eclipse/plugins/org.eclipse.ui.workbench_3.8.1.dist.jar:/usr/lib/eclipse/plugins/org.eclipse.jface_3.8.0.dist.jar:/usr/lib/eclipse/plugins/org.eclipse.swt_3.8.2.jar:/usr/lib/eclipse/plugins/org.eclipse.jface.text_3.8.1.dist.jar:/usr/lib/eclipse/plugins/org.eclipse.ui.workbench.texteditor_3.8.0.dist.jar:/usr/lib/eclipse/plugins/org.eclipse.ui.editors_3.8.0.dist.jar:/usr/lib/eclipse/plugins/org.eclipse.core.commands_3.6.1.dist.jar:/usr/lib/eclipse/plugins/org.eclipse.equinox.registry_3.5.200.dist.jar:/usr/lib/eclipse/plugins/org.eclipse.ui.console_3.5.100.dist.jar:/usr/lib/eclipse/plugins/org.eclipse.ui.forms_3.5.200.dist.jar:/usr/lib/eclipse/plugins/org.eclipse.ui.ide_3.8.1.dist.jar:/home/travis/build/icyphy/ptII/vendors/oracle/dbxml.jar:/home/travis/build/icyphy/ptII/vendors/oracle/db.jar:/home/travis/build/icyphy/ptII/vendors/misc/itext/iText.jar:/home/travis/build/icyphy/ptII/lib/g4ltl.jar:/home/travis/build/icyphy/ptII/lib/StructuralCoder.jar:/home/travis/build/icyphy/ptII/lib/org-openide-util.jar:/home/travis/build/icyphy/ptII/lib/org-openide-util-lookup.jar:/home/travis/build/icyphy/ptII/lib/org-netbeans-api-visual.jar:/home/travis/build/icyphy/ptII/vendors/jai-1_1_2_01/lib/jai_core.jar:/home/travis/build/icyphy/ptII/vendors/jai-1_1_2_01/lib/jai_codec.jar:/home/travis/build/icyphy/ptII/lib/jcerti.jar:/home/travis/build/icyphy/ptII/lib/smack.jar:/home/travis/build/icyphy/ptII/lib/smackx.jar:/home/travis/build/icyphy/ptII/lib/jetty-all-8.1.5-v20120716.jar:/home/travis/build/icyphy/ptII/lib/javax.servlet-api-3.0.1.jar:/home/travis/build/icyphy/ptII/lib/javax.mail.jar:/home/travis/build/icyphy/ptII/vendors/JMF-2.1.1e/lib/jmf.jar:/home/travis/build/icyphy/ptII/lib/jna-4.0.0-variadic.jar:/home/travis/build/icyphy/ptII/vendors/misc/joystick/Joystick.jar:/home/travis/build/icyphy/ptII/lib/ptjacl.jar:/home/travis/build/icyphy/ptII/lib/jsoup-1.8.2.jar:/home/travis/build/icyphy/ptII/lib/junit-4.8.2.jar:/home/travis/build/icyphy/ptII/lib/JUnitParams-0.4.0.jar:/home/travis/build/icyphy/ptII/ptolemy/actor/lib/excel/jxl.jar:/home/travis/build/icyphy/ptII/lib/jython.jar:/home/travis/build/icyphy/ptII/lib/kieler.jar:/home/travis/build/icyphy/ptII/vendors/opencv/share/OpenCV/java/opencv-341.jar:/home/travis/build/icyphy/ptII/lib/oscP5.jar:/home/travis/build/icyphy/ptII/lib/nrjavaserial-3.11.0.devel.jar:/usr/share/java/j3dcore.jar:/usr/share/java/j3dutils.jar:/usr/share/java/vecmath.jar:/home/travis/build/icyphy/ptII/ptolemy/distributed/jini/jar/jini-core.jar:/home/travis/build/icyphy/ptII/ptolemy/distributed/jini/jar/jini-ext.jar:/home/travis/build/icyphy/ptII/ptolemy/distributed/jini/jar/sun-util.jar:/home/travis/build/icyphy/ptII/lib/protobuf-java-2.4.1.jar:/home/travis/build/icyphy/ptII/lib/org.eclipse.paho.client.mqttv3.jar:/home/travis/build/icyphy/ptII/ptserver/lib/hessian-4.0.7.jar:/home/travis/build/icyphy/ptII/ptserver/lib/wmqtt.jar:/home/travis/build/icyphy/ptII/lib/mapss.jar:/home/travis/build/icyphy/ptII/ptolemy/actor/ptalon/antlr/antlr.jar:/home/travis/build/icyphy/ptII/lib/JRI.jar:/home/travis/build/icyphy/ptII/lib/commons-lang-2.6.jar:/home/travis/build/icyphy/ptII/lib/commons-logging-1.1.1.jar:/home/travis/build/icyphy/ptII/lib/sootclasses.jar:/home/travis/build/icyphy/ptII/ptolemy/actor/lib/database/mysql-connector-java-5.1.6-bin.jar:/home/travis/build/icyphy/ptII/vendors/misc/sphinx4/sphinx4-data-5prealpha.jar:/home/travis/build/icyphy/ptII/vendors/misc/sphinx4/sphinx4-core-5prealpha.jar:/home/travis/build/icyphy/ptII/lib/PDFRenderer.jar:/home/travis/build/icyphy/ptII/lib/svgSalamander.jar:/home/travis/build/icyphy/ptII/lib/rsyntaxtextarea-2.6.0-SNAPSHOT.jar:/home/travis/build/icyphy/ptII/lib/hazelcast-3.8.2.jar:/home/travis/build/icyphy/ptII/lib/jackson-annotations-2.9.0.jar:/home/travis/build/icyphy/ptII/lib/jackson-core-2.9.3.jar:/home/travis/build/icyphy/ptII/lib/jackson-databind-2.9.3.jar:/home/travis/build/icyphy/ptII/lib/netty-buffer-4.1.19.Final.jar:/home/travis/build/icyphy/ptII/lib/netty-codec-4.1.19.Final.jar:/home/travis/build/icyphy/ptII/lib/netty-codec-dns-4.1.19.Final.jar:/home/travis/build/icyphy/ptII/lib/netty-codec-http-4.1.19.Final.jar:/home/travis/build/icyphy/ptII/lib/netty-codec-http2-4.1.19.Final.jar:/home/travis/build/icyphy/ptII/lib/netty-common-4.1.19.Final.jar:/home/travis/build/icyphy/ptII/lib/netty-handler-4.1.19.Final.jar:/home/travis/build/icyphy/ptII/lib/netty-resolver-4.1.19.Final.jar:/home/travis/build/icyphy/ptII/lib/netty-resolver-dns-4.1.19.Final.jar:/home/travis/build/icyphy/ptII/lib/netty-transport-4.1.19.Final.jar:/home/travis/build/icyphy/ptII/lib/vertx-codegen-3.5.1.jar:/home/travis/build/icyphy/ptII/lib/vertx-core-3.5.2-SNAPSHOT.jar:/home/travis/build/icyphy/ptII/lib/vertx-hazelcast-3.5.1.jar:/home/travis/build/icyphy/ptII/lib/vertx-lang-js-3.5.1.jar:/home/travis/build/icyphy/ptII/lib/vertx-service-proxy-3.5.1.jar:/home/travis/build/icyphy/ptII/lib/vertx-web-3.5.1.jar:/home/travis/build/icyphy/ptII/lib/slf4j-api-1.7.13.jar:/home/travis/build/icyphy/ptII/lib/slf4j-simple-1.7.13.jar:/home/travis/build/icyphy/ptII/lib/webcam-capture-0.3.12.jar:/home/travis/build/icyphy/ptII/lib/bridj-0.7.0.jar:/home/travis/build/icyphy/ptII/lib/xbjlib-1.1.0.nrjavaserial.jar:/home/travis/build/icyphy/ptII/ptolemy/moml/test:/home/travis/build/icyphy/ptII/ant/lib/ant-launcher.jar:/home/travis/build/icyphy/ptII/ant/lib/ant.jar:/home/travis/build/icyphy/ptII/ant/lib/ant-junit.jar:/home/travis/build/icyphy/ptII/ant/lib/ant-junit4.jar" />
    <property name="ant.library.dir" value="/home/travis/build/icyphy/ptII/ant/lib" />
    <property name="os.arch" value="amd64" />
    <property name="env.TRAVIS_LANGUAGE" value="node_js" />
    <property name="env.CONTINUOUS_INTEGRATION" value="true" />
    <property name="env.TRAVIS_STACK_LANGUAGES" value="__garnet__ c c++ clojure cplusplus cpp default go groovy java node_js php pure_java python ruby scala" />
    <property name="test.name" value="ptolemy.actor.lib.test.junit.JUnitTclTest" />
    <property name="sun.java.launcher" value="SUN_STANDARD" />
    <property name="env.PYTHON_CONFIGURE_OPTS" value="--enable-unicode=ucs4 --with-wide-unicode --enable-shared --enable-ipv6 --enable-loadable-sqlite-extensions --with-computed-gotos" />
    <property name="ant.core.lib" value="/home/travis/build/icyphy/ptII/ant/lib/ant.jar" />
    <property name="java.vm.specification.vendor" value="Oracle Corporation" />
    <property name="env.BCVTB_HOME" value="/home/travis/build/icyphy/ptII/lbnl" />
    <property name="file.separator" value="/" />
    <property name="java.runtime.version" value="1.8.0_151-b12" />
    <property name="spotbugs.home" value="/home/travis/build/icyphy/ptII/vendors/spotbugs-3.1.1" />
    <property name="sun.boot.class.path" value="/usr/lib/jvm/java-8-oracle/jre/lib/resources.jar:/usr/lib/jvm/java-8-oracle/jre/lib/rt.jar:/usr/lib/jvm/java-8-oracle/jre/lib/sunrsasign.jar:/usr/lib/jvm/java-8-oracle/jre/lib/jsse.jar:/usr/lib/jvm/java-8-oracle/jre/lib/jce.jar:/usr/lib/jvm/java-8-oracle/jre/lib/charsets.jar:/usr/lib/jvm/java-8-oracle/jre/lib/jfr.jar:/usr/lib/jvm/java-8-oracle/jre/classes" />
    <property name="env.HAS_JOSH_K_SEAL_OF_APPROVAL" value="true" />
    <property name="env.TRAVIS_OSX_IMAGE" value="" />
    <property name="env.XDG_RUNTIME_DIR" value="/run/user/2000" />
    <property name="env.TRAVIS_BRANCH" value="master" />
    <property name="env.TRAVIS_JOB_ID" value="387119468" />
    <property name="env.CERTI_HOME_TRAVIS" value="/home/travis/pthla/certi-tools" />
    <property name="user.country" value="US" />
    <property name="env.SHELL" value="/bin/bash" />
    <property name="java.maxmemory.large" value="5000m" />
    <property name="model" value="" />
    <property name="env.CASHER_DIR" value="/home/travis/.casher" />
    <property name="env.NVM_CD_FLAGS" value="" />
    <property name="jshint.executable" value="/home/travis/node_modules/jshint/bin/jshint" />
    <property name="java.vendor" value="Oracle Corporation" />
    <property name="env.JRUBY_OPTS" value=" --client -J-XX:+TieredCompilation -J-XX:TieredStopAtLevel=1 -J-Xss2m -Xcompile.invokedynamic=false" />
    <property name="env.TRAVIS_PRE_CHEF_BOOTSTRAP_TIME" value="2017-12-05T19:32:55" />
    <property name="env.TRAVIS_STACK_JOB_BOARD_REGISTER" value="/.job-board-register.yml" />
    <property name="env.ELIXIR_VERSION" value="1.4.5" />
    <property name="java.specification.version" value="1.8" />
    <property name="env.IRBRC" value="/home/travis/.rvm/rubies/ruby-2.4.1/.irbrc" />
    <property name="env.TRAVIS" value="true" />
    <property name="sun.arch.data.model" value="64" />
  </properties>
  <testcase classname="ptolemy.util.test.junit.TclTests" name="[0] /home/travis/build/icyphy/ptII/ptolemy/domains/de/test/DependencyLoop.tcl (RunTclFile)" time="0.727" />
  <testcase classname="ptolemy.util.test.junit.TclTests" name="[1] /home/travis/build/icyphy/ptII/ptolemy/domains/de/test/RunDETestsAsQSS.tcl (RunTclFile)" time="90.93" />
  <testcase classname="ptolemy.util.test.junit.AutoKnownFailedTests" name="[0] /home/travis/build/icyphy/ptII/ptolemy/domains/de/test/auto/knownFailedTests/DESDFClockTest.xml (RunModel)" time="2.032" />
  <testcase classname="ptolemy.util.test.junit.AutoKnownFailedTests" name="[1] /home/travis/build/icyphy/ptII/ptolemy/domains/de/test/auto/knownFailedTests/DirectFeedback.xml (RunModel)" time="0.022" />
  <testcase classname="ptolemy.util.test.junit.AutoKnownFailedTests" name="[2] /home/travis/build/icyphy/ptII/ptolemy/domains/de/test/auto/knownFailedTests/FSMSource.xml (RunModel)" time="0.027" />
  <testcase classname="ptolemy.util.test.junit.AutoKnownFailedTests" name="[3] /home/travis/build/icyphy/ptII/ptolemy/domains/de/test/auto/knownFailedTests/HierarchicalModel.xml (RunModel)" time="0.043" />
  <testcase classname="ptolemy.util.test.junit.AutoKnownFailedTests" name="[4] /home/travis/build/icyphy/ptII/ptolemy/domains/de/test/auto/knownFailedTests/dependencyLoop.xml (RunModel)" time="0.032" />
  <testcase classname="ptolemy.util.test.junit.AutoKnownFailedTests" name="[5] /home/travis/build/icyphy/ptII/ptolemy/domains/de/test/auto/knownFailedTests/dependencyLoop2.xml (RunModel)" time="0.039" />
  <testcase classname="ptolemy.util.test.junit.AutoNameArchTests" name="[0] ThereAreNoAutoArchTests (RunModel)" time="0.0" />
  <testcase classname="ptolemy.util.test.junit.AutoTests" name="[0] /home/travis/build/icyphy/ptII/ptolemy/domains/de/test/auto/ActorDepthCalculation_actorWithoutPorts.xml (RunModel)" time="0.016" />
  <testcase classname="ptolemy.util.test.junit.AutoTests" name="[1] /home/travis/build/icyphy/ptII/ptolemy/domains/de/test/auto/AssemblyLine.xml (RunModel)" time="0.018" />
  <testcase classname="ptolemy.util.test.junit.AutoTests" name="[2] /home/travis/build/icyphy/ptII/ptolemy/domains/de/test/auto/CQBug1.xml (RunModel)" time="0.012" />
  <testcase classname="ptolemy.util.test.junit.AutoTests" name="[3] /home/travis/build/icyphy/ptII/ptolemy/domains/de/test/auto/CancelFireAt.xml (RunModel)" time="0.006" />
  <testcase classname="ptolemy.util.test.junit.AutoTests" name="[4] /home/travis/build/icyphy/ptII/ptolemy/domains/de/test/auto/CausalityAndComposabilityAnalysis.xml (RunModel)" time="0.01" />
  <testcase classname="ptolemy.util.test.junit.AutoTests" name="[5] /home/travis/build/icyphy/ptII/ptolemy/domains/de/test/auto/CausalityInterface1.xml (RunModel)" time="0.011" />
  <testcase classname="ptolemy.util.test.junit.AutoTests" name="[6] /home/travis/build/icyphy/ptII/ptolemy/domains/de/test/auto/CausalityInterface15.xml (RunModel)" time="0.013" />
  <testcase classname="ptolemy.util.test.junit.AutoTests" name="[7] /home/travis/build/icyphy/ptII/ptolemy/domains/de/test/auto/CausalityInterface2.xml (RunModel)" time="0.012" />
  <testcase classname="ptolemy.util.test.junit.AutoTests" name="[8] /home/travis/build/icyphy/ptII/ptolemy/domains/de/test/auto/CausalityInterface3.xml (RunModel)" time="0.01" />
  <testcase classname="ptolemy.util.test.junit.AutoTests" name="[9] /home/travis/build/icyphy/ptII/ptolemy/domains/de/test/auto/ClockDrift.xml (RunModel)" time="0.035" />
  <testcase classname="ptolemy.util.test.junit.AutoTests" name="[10] /home/travis/build/icyphy/ptII/ptolemy/domains/de/test/auto/ClockDriftAndValueChange.xml (RunModel)" time="0.024" />
  <testcase classname="ptolemy.util.test.junit.AutoTests" name="[11] /home/travis/build/icyphy/ptII/ptolemy/domains/de/test/auto/ClockDriftChange.xml (RunModel)" time="0.031" />
  <testcase classname="ptolemy.util.test.junit.AutoTests" name="[12] /home/travis/build/icyphy/ptII/ptolemy/domains/de/test/auto/ComposableCausalityAnalysis.xml (RunModel)" time="0.009" />
  <testcase classname="ptolemy.util.test.junit.AutoTests" name="[13] /home/travis/build/icyphy/ptII/ptolemy/domains/de/test/auto/DEFixedPointLimitation.xml (RunModel)" time="0.006" />
  <testcase classname="ptolemy.util.test.junit.AutoTests" name="[14] /home/travis/build/icyphy/ptII/ptolemy/domains/de/test/auto/DEScheduleTest.xml (RunModel)" time="0.025" />
  <testcase classname="ptolemy.util.test.junit.AutoTests" name="[15] /home/travis/build/icyphy/ptII/ptolemy/domains/de/test/auto/DEinDEwithStartTimes.xml (RunModel)" time="0.03" />
  <testcase classname="ptolemy.util.test.junit.AutoTests" name="[16] /home/travis/build/icyphy/ptII/ptolemy/domains/de/test/auto/DEinDEwithStartTimes2.xml (RunModel)" time="0.016" />
  <testcase classname="ptolemy.util.test.junit.AutoTests" name="[17] /home/travis/build/icyphy/ptII/ptolemy/domains/de/test/auto/DateDemo.xml (RunModel)" time="0.026" />
  <testcase classname="ptolemy.util.test.junit.AutoTests" name="[18] /home/travis/build/icyphy/ptII/ptolemy/domains/de/test/auto/DateToEvent.xml (RunModel)" time="2.036" />
  <testcase classname="ptolemy.util.test.junit.AutoTests" name="[19] /home/travis/build/icyphy/ptII/ptolemy/domains/de/test/auto/DepthTest1.xml (RunModel)" time="0.009" />
  <testcase classname="ptolemy.util.test.junit.AutoTests" name="[20] /home/travis/build/icyphy/ptII/ptolemy/domains/de/test/auto/DepthTest2.xml (RunModel)" time="0.018" />
  <testcase classname="ptolemy.util.test.junit.AutoTests" name="[21] /home/travis/build/icyphy/ptII/ptolemy/domains/de/test/auto/DepthTest3.xml (RunModel)" time="0.007" />
  <testcase classname="ptolemy.util.test.junit.AutoTests" name="[22] /home/travis/build/icyphy/ptII/ptolemy/domains/de/test/auto/DepthTest4.xml (RunModel)" time="0.012" />
  <testcase classname="ptolemy.util.test.junit.AutoTests" name="[23] /home/travis/build/icyphy/ptII/ptolemy/domains/de/test/auto/DepthTest5.xml (RunModel)" time="0.014" />
  <testcase classname="ptolemy.util.test.junit.AutoTests" name="[24] /home/travis/build/icyphy/ptII/ptolemy/domains/de/test/auto/DepthTest6.xml (RunModel)" time="0.013" />
  <testcase classname="ptolemy.util.test.junit.AutoTests" name="[25] /home/travis/build/icyphy/ptII/ptolemy/domains/de/test/auto/DepthTest7.xml (RunModel)" time="0.012" />
  <testcase classname="ptolemy.util.test.junit.AutoTests" name="[26] /home/travis/build/icyphy/ptII/ptolemy/domains/de/test/auto/EventToDate.xml (RunModel)" time="3.036" />
  <testcase classname="ptolemy.util.test.junit.AutoTests" name="[27] /home/travis/build/icyphy/ptII/ptolemy/domains/de/test/auto/FSM1.xml (RunModel)" time="0.03" />
  <testcase classname="ptolemy.util.test.junit.AutoTests" name="[28] /home/travis/build/icyphy/ptII/ptolemy/domains/de/test/auto/FSM7.xml (RunModel)" time="0.03" />
  <testcase classname="ptolemy.util.test.junit.AutoTests" name="[29] /home/travis/build/icyphy/ptII/ptolemy/domains/de/test/auto/Inspection.xml (RunModel)" time="0.056" />
  <testcase classname="ptolemy.util.test.junit.AutoTests" name="[30] /home/travis/build/icyphy/ptII/ptolemy/domains/de/test/auto/Iteration.xml (RunModel)" time="0.023" />
  <testcase classname="ptolemy.util.test.junit.AutoTests" name="[31] /home/travis/build/icyphy/ptII/ptolemy/domains/de/test/auto/LineFault.xml (RunModel)" time="0.55" />
  <testcase classname="ptolemy.util.test.junit.AutoTests" name="[32] /home/travis/build/icyphy/ptII/ptolemy/domains/de/test/auto/MergeModel1Add.xml (RunModel)" time="0.039" />
  <testcase classname="ptolemy.util.test.junit.AutoTests" name="[33] /home/travis/build/icyphy/ptII/ptolemy/domains/de/test/auto/MergeModel2Add.xml (RunModel)" time="0.035" />
  <testcase classname="ptolemy.util.test.junit.AutoTests" name="[34] /home/travis/build/icyphy/ptII/ptolemy/domains/de/test/auto/MergeModel3Add.xml (RunModel)" time="0.051" />
  <testcase classname="ptolemy.util.test.junit.AutoTests" name="[35] /home/travis/build/icyphy/ptII/ptolemy/domains/de/test/auto/MergeWithoutDiscard.xml (RunModel)" time="0.01" />
  <testcase classname="ptolemy.util.test.junit.AutoTests" name="[36] /home/travis/build/icyphy/ptII/ptolemy/domains/de/test/auto/Modal1.xml (RunModel)" time="0.028" />
  <testcase classname="ptolemy.util.test.junit.AutoTests" name="[37] /home/travis/build/icyphy/ptII/ptolemy/domains/de/test/auto/Modal2.xml (RunModel)" time="0.032" />
  <testcase classname="ptolemy.util.test.junit.AutoTests" name="[38] /home/travis/build/icyphy/ptII/ptolemy/domains/de/test/auto/Modal3.xml (RunModel)" time="0.035" />
  <testcase classname="ptolemy.util.test.junit.AutoTests" name="[39] /home/travis/build/icyphy/ptII/ptolemy/domains/de/test/auto/Modal4.xml (RunModel)" time="0.029" />
  <testcase classname="ptolemy.util.test.junit.AutoTests" name="[40] /home/travis/build/icyphy/ptII/ptolemy/domains/de/test/auto/Modal5.xml (RunModel)" time="0.027" />
  <testcase classname="ptolemy.util.test.junit.AutoTests" name="[41] /home/travis/build/icyphy/ptII/ptolemy/domains/de/test/auto/Modal6.xml (RunModel)" time="0.027" />
  <testcase classname="ptolemy.util.test.junit.AutoTests" name="[42] /home/travis/build/icyphy/ptII/ptolemy/domains/de/test/auto/Modal7.xml (RunModel)" time="0.027" />
  <testcase classname="ptolemy.util.test.junit.AutoTests" name="[43] /home/travis/build/icyphy/ptII/ptolemy/domains/de/test/auto/ModalModel.xml (RunModel)" time="0.128" />
  <testcase classname="ptolemy.util.test.junit.AutoTests" name="[44] /home/travis/build/icyphy/ptII/ptolemy/domains/de/test/auto/ModalSource.xml (RunModel)" time="0.018" />
  <testcase classname="ptolemy.util.test.junit.AutoTests" name="[45] /home/travis/build/icyphy/ptII/ptolemy/domains/de/test/auto/NonInterruptibleTimerZeroDelay.xml (RunModel)" time="0.01" />
  <testcase classname="ptolemy.util.test.junit.AutoTests" name="[46] /home/travis/build/icyphy/ptII/ptolemy/domains/de/test/auto/OpenQueueingNetwork.xml (RunModel)" time="2.138" />
  <testcase classname="ptolemy.util.test.junit.AutoTests" name="[47] /home/travis/build/icyphy/ptII/ptolemy/domains/de/test/auto/OpenQueuingNetwork.xml (RunModel)" time="0.257" />
  <testcase classname="ptolemy.util.test.junit.AutoTests" name="[48] /home/travis/build/icyphy/ptII/ptolemy/domains/de/test/auto/PeriodicSampler.xml (RunModel)" time="0.008" />
  <testcase classname="ptolemy.util.test.junit.AutoTests" name="[49] /home/travis/build/icyphy/ptII/ptolemy/domains/de/test/auto/PersistentIO.xml (RunModel)" time="0.017" />
  <testcase classname="ptolemy.util.test.junit.AutoTests" name="[50] /home/travis/build/icyphy/ptII/ptolemy/domains/de/test/auto/PortParameterResetOnInitialize.xml (RunModel)" time="0.009" />
  <testcase classname="ptolemy.util.test.junit.AutoTests" name="[51] /home/travis/build/icyphy/ptII/ptolemy/domains/de/test/auto/PortParameterUpdates.xml (RunModel)" time="0.015" />
  <testcase classname="ptolemy.util.test.junit.AutoTests" name="[52] /home/travis/build/icyphy/ptII/ptolemy/domains/de/test/auto/QueueAndServer.xml (RunModel)" time="0.021" />
  <testcase classname="ptolemy.util.test.junit.AutoTests" name="[53] /home/travis/build/icyphy/ptII/ptolemy/domains/de/test/auto/Records.xml (RunModel)" time="0.016" />
  <testcase classname="ptolemy.util.test.junit.AutoTests" name="[54] /home/travis/build/icyphy/ptII/ptolemy/domains/de/test/auto/ResetTransitionWithStartTime1.xml (RunModel)" time="0.024" />
  <testcase classname="ptolemy.util.test.junit.AutoTests" name="[55] /home/travis/build/icyphy/ptII/ptolemy/domains/de/test/auto/ResetTransitionWithStartTime2.xml (RunModel)" time="0.02" />
  <testcase classname="ptolemy.util.test.junit.AutoTests" name="[56] /home/travis/build/icyphy/ptII/ptolemy/domains/de/test/auto/ResetTransitionWithStartTime3.xml (RunModel)" time="0.021" />
  <testcase classname="ptolemy.util.test.junit.AutoTests" name="[57] /home/travis/build/icyphy/ptII/ptolemy/domains/de/test/auto/ResetTransitionWithStartTime4.xml (RunModel)" time="0.017" />
  <testcase classname="ptolemy.util.test.junit.AutoTests" name="[58] /home/travis/build/icyphy/ptII/ptolemy/domains/de/test/auto/ResettableTimer1.xml (RunModel)" time="0.01" />
  <testcase classname="ptolemy.util.test.junit.AutoTests" name="[59] /home/travis/build/icyphy/ptII/ptolemy/domains/de/test/auto/ResettableTimer2.xml (RunModel)" time="0.009" />
  <testcase classname="ptolemy.util.test.junit.AutoTests" name="[60] /home/travis/build/icyphy/ptII/ptolemy/domains/de/test/auto/ResettableTimer3.xml (RunModel)" time="0.009" />
  <testcase classname="ptolemy.util.test.junit.AutoTests" name="[61] /home/travis/build/icyphy/ptII/ptolemy/domains/de/test/auto/ResettableTimer4.xml (RunModel)" time="0.009" />
  <testcase classname="ptolemy.util.test.junit.AutoTests" name="[62] /home/travis/build/icyphy/ptII/ptolemy/domains/de/test/auto/ResettableTimer5.xml (RunModel)" time="0.009" />
  <testcase classname="ptolemy.util.test.junit.AutoTests" name="[63] /home/travis/build/icyphy/ptII/ptolemy/domains/de/test/auto/ResettableTimer6.xml (RunModel)" time="0.011" />
  <testcase classname="ptolemy.util.test.junit.AutoTests" name="[64] /home/travis/build/icyphy/ptII/ptolemy/domains/de/test/auto/ServerZeroDelay.xml (RunModel)" time="0.014" />
  <testcase classname="ptolemy.util.test.junit.AutoTests" name="[65] /home/travis/build/icyphy/ptII/ptolemy/domains/de/test/auto/SmartSender.xml (RunModel)" time="3.01" />
  <testcase classname="ptolemy.util.test.junit.AutoTests" name="[66] /home/travis/build/icyphy/ptII/ptolemy/domains/de/test/auto/ThreadedComposite.xml (RunModel)" time="0.317" />
  <testcase classname="ptolemy.util.test.junit.AutoTests" name="[67] /home/travis/build/icyphy/ptII/ptolemy/domains/de/test/auto/Time.xml (RunModel)" time="0.407" />
  <testcase classname="ptolemy.util.test.junit.AutoTests" name="[68] /home/travis/build/icyphy/ptII/ptolemy/domains/de/test/auto/TimeDelayZeroDelay.xml (RunModel)" time="0.012" />
  <testcase classname="ptolemy.util.test.junit.AutoTests" name="[69] /home/travis/build/icyphy/ptII/ptolemy/domains/de/test/auto/TimerZeroDelay.xml (RunModel)" time="0.009" />
  <testcase classname="ptolemy.util.test.junit.AutoTests" name="[70] /home/travis/build/icyphy/ptII/ptolemy/domains/de/test/auto/TimingParadox.xml (RunModel)" time="0.346" />
  <testcase classname="ptolemy.util.test.junit.AutoTests" name="[71] /home/travis/build/icyphy/ptII/ptolemy/domains/de/test/auto/TransferInputs.xml (RunModel)" time="0.014" />
  <testcase classname="ptolemy.util.test.junit.AutoTests" name="[72] /home/travis/build/icyphy/ptII/ptolemy/domains/de/test/auto/TransferOutputs2.xml (RunModel)" time="0.019" />
  <testcase classname="ptolemy.util.test.junit.AutoTests" name="[73] /home/travis/build/icyphy/ptII/ptolemy/domains/de/test/auto/Trilateration.xml (RunModel)" time="11.854" />
  <testcase classname="ptolemy.util.test.junit.AutoTests" name="[74] /home/travis/build/icyphy/ptII/ptolemy/domains/de/test/auto/TwoSigmaDelta.xml (RunModel)" time="1.995" />
  <testcase classname="ptolemy.util.test.junit.AutoTests" name="[75] /home/travis/build/icyphy/ptII/ptolemy/domains/de/test/auto/VariableDelay.xml (RunModel)" time="0.01" />
  <testcase classname="ptolemy.util.test.junit.AutoTests" name="[76] /home/travis/build/icyphy/ptII/ptolemy/domains/de/test/auto/VariableDelay2.xml (RunModel)" time="0.009" />
  <testcase classname="ptolemy.util.test.junit.AutoTests" name="[77] /home/travis/build/icyphy/ptII/ptolemy/domains/de/test/auto/VariableDelayZeroDelay.xml (RunModel)" time="0.01" />
  <testcase classname="ptolemy.util.test.junit.AutoTests" name="[78] /home/travis/build/icyphy/ptII/ptolemy/domains/de/test/auto/VariableDelayZeroDelay2.xml (RunModel)" time="0.01" />
  <testcase classname="ptolemy.util.test.junit.AutoTests" name="[79] /home/travis/build/icyphy/ptII/ptolemy/domains/de/test/auto/deInCt.xml (RunModel)" time="0.015" />
  <testcase classname="ptolemy.util.test.junit.AutoTests" name="[80] /home/travis/build/icyphy/ptII/ptolemy/domains/de/test/auto/deInCt2.xml (RunModel)" time="0.02" />
  <testcase classname="ptolemy.util.test.junit.AutoTests" name="[81] /home/travis/build/icyphy/ptII/ptolemy/domains/de/test/auto/dynamicCausalityInterface1.xml (RunModel)" time="0.018" />
  <testcase classname="ptolemy.util.test.junit.AutoTests" name="[82] /home/travis/build/icyphy/ptII/ptolemy/domains/de/test/auto/fsm_de_test.xml (RunModel)" time="0.022" />
  <testcase classname="ptolemy.util.test.junit.AutoTests" name="[83] /home/travis/build/icyphy/ptII/ptolemy/domains/de/test/auto/functionDependencyReconstruction.xml (RunModel)" time="0.033" />
  <testcase classname="ptolemy.util.test.junit.AutoTests" name="[84] /home/travis/build/icyphy/ptII/ptolemy/domains/de/test/auto/multirate.xml (RunModel)" time="0.015" />
  <testcase classname="ptolemy.util.test.junit.AutoTests" name="[85] /home/travis/build/icyphy/ptII/ptolemy/domains/de/test/auto/multirate2.xml (RunModel)" time="0.015" />
  <testcase classname="ptolemy.util.test.junit.AutoTests" name="[86] /home/travis/build/icyphy/ptII/ptolemy/domains/de/test/auto/realtime.xml (RunModel)" time="10.01" />
  <testcase classname="ptolemy.util.test.junit.AutoTests" name="[87] /home/travis/build/icyphy/ptII/ptolemy/domains/de/test/auto/relationGroup.xml (RunModel)" time="0.016" />
  <testcase classname="ptolemy.util.test.junit.AutoTests" name="[88] /home/travis/build/icyphy/ptII/ptolemy/domains/de/test/auto/relationGroup2.xml (RunModel)" time="0.014" />
  <testcase classname="ptolemy.util.test.junit.AutoTests" name="[89] /home/travis/build/icyphy/ptII/ptolemy/domains/de/test/auto/sortWithOpaquePorts.xml (RunModel)" time="0.013" />
  <testcase classname="ptolemy.util.test.junit.AutoTests" name="[90] /home/travis/build/icyphy/ptII/ptolemy/domains/de/test/auto/transferInputsandOutputs.xml (RunModel)" time="0.016" />
  <testcase classname="ptolemy.util.test.junit.AutoTests" name="[91] /home/travis/build/icyphy/ptII/ptolemy/domains/de/test/auto/triggerType.xml (RunModel)" time="0.02" />
  <system-out><![CDATA[/home/travis/build/icyphy/ptII/ptolemy/domains/de/test/DependencyLoop.tcl
testDefs.tcl: setting time out to 9000 seconds at Sat Jun 02 17:49:16 UTC 2018
30 ms. Memory: 116224K Free: 95129K (82%)
17 ms. Memory: 146944K Free: 137475K (94%)
/home/travis/build/icyphy/ptII/ptolemy/domains/de/test/RunDETestsAsQSS.tcl
Run the DE tests using ptolemy.domains.qss.test.QSSDirectorTest, which extends QSSDirector and prints a message in the constructors.
------------------ testing $PTII/ptolemy/domains/de/test/auto/knownFailedTests/dependencyLoop.xml (Known Failure) 
10 ms. Memory: 146944K Free: 133206K (91%)


==== $PTIIhome/travis/build/icyphy/ptII/ptolemy/domains/de/test/../../../../: Auto Automatic test in file $PTII/ptolemy/domains/de/test/auto/knownFailedTests/dependencyLoop.xml
==== Contents of test case:

	    # FIXME: we should use $relativeFilename here, but it
	    # might have backslashes under Windows, which causes no end
	    # of trouble.
	    createAndExecute $file
	    list {}
	
.... Test generated KNOWN error:
    while executing
ptolemy.kernel.util.IllegalActionException: Found a zero delay loop containing .dependencyLoop.original
  in .dependencyLoop and .dependencyLoop.original
	at ptolemy.actor.util.CausalityInterfaceForComposites._computeOutputPortDepth(CausalityInterfaceForComposites.java:759)
	at ptolemy.actor.util.CausalityInterfaceForComposites._computeInputDepth(CausalityInterfaceForComposites.java:696)
	at ptolemy.actor.util.CausalityInterfaceForComposites._computeOutputPortDepth(CausalityInterfaceForComposites.java:765)
	at ptolemy.actor.util.CausalityInterfaceForComposites._computeInputDepth(CausalityInterfaceForComposites.java:696)
	at ptolemy.actor.util.CausalityInterfaceForComposites._computeOutputPortDepth(CausalityInterfaceForComposites.java:765)
	at ptolemy.actor.util.CausalityInterfaceForComposites._computeInputDepth(CausalityInterfaceForComposites.java:696)
	at ptolemy.actor.util.CausalityInterfaceForComposites._computeActorDepth(CausalityInterfaceForComposites.java:532)
	at ptolemy.actor.util.CausalityInterfaceForComposites.checkForCycles(CausalityInterfaceForComposites.java:96)
	at ptolemy.domains.de.kernel.DEDirector.preinitialize(DEDirector.java:1337)
	at ptolemy.actor.CompositeActor.preinitialize(CompositeActor.java:1828)
	at ptolemy.actor.Manager.preinitializeAndResolveTypes(Manager.java:1040)
	at ptolemy.actor.Manager.initialize(Manager.java:710)
	at ptolemy.actor.Manager.execute(Manager.java:356)
	at ptolemy.actor.Manager.run(Manager.java:1263)
	at ptolemy.actor.Manager$PtolemyRunThread.run(Manager.java:1915)

    while executing
ptolemy.kernel.util.IllegalActionException: Found a zero delay loop containing .dependencyLoop.original
  in .dependencyLoop and .dependencyLoop.original
    while executing
"java::new ptolemy.moml.MoMLSimpleApplication $file
"
    (procedure "createAndExecute" line 2)
    invoked from within
"createAndExecute $file"
    ("uplevel" body line 5)
    invoked from within
"uplevel $contents_of_test"
------------------ testing $PTII/ptolemy/domains/de/test/auto/knownFailedTests/DESDFClockTest.xml (Known Failure) 
2052 ms. Memory: 146944K Free: 117803K (80%)


==== $PTIIhome/travis/build/icyphy/ptII/ptolemy/domains/de/test/../../../../: Auto Automatic test in file $PTII/ptolemy/domains/de/test/auto/knownFailedTests/DESDFClockTest.xml
==== Contents of test case:

	    # FIXME: we should use $relativeFilename here, but it
	    # might have backslashes under Windows, which causes no end
	    # of trouble.
	    createAndExecute $file
	    list {}
	
.... Test generated KNOWN error:
    while executing
ptolemy.kernel.util.IllegalActionException: Actor is not ready to fire.  Perhaps UpSample.prefire() returned false? Try debugging the actor by selecting "Listen to Actor".  Also, for SDF check moml for tokenConsumptionRate on input.
  in .DESDFClockTest.Play Bell.Copy1:SDF Director and .DESDFClockTest.Play Bell.UpSample
	at ptolemy.actor.sched.StaticSchedulingDirector.fire(StaticSchedulingDirector.java:227)
	at ptolemy.domains.sdf.kernel.SDFDirector.fire(SDFDirector.java:500)
	at ptolemy.actor.CompositeActor.fire(CompositeActor.java:455)
	at ptolemy.domains.de.kernel.DEDirector._fire(DEDirector.java:1948)
	at ptolemy.domains.de.kernel.DEDirector.fire(DEDirector.java:502)
	at ptolemy.actor.CompositeActor.fire(CompositeActor.java:455)
	at ptolemy.actor.Manager.iterate(Manager.java:851)
	at ptolemy.actor.Manager.execute(Manager.java:369)
	at ptolemy.actor.Manager.run(Manager.java:1263)
	at ptolemy.actor.Manager$PtolemyRunThread.run(Manager.java:1915)

    while executing
ptolemy.kernel.util.IllegalActionException: Actor is not ready to fire.  Perhaps UpSample.prefire() returned false? Try debugging the actor by selecting "Listen to Actor".  Also, for SDF check moml for tokenConsumptionRate on input.
  in .DESDFClockTest.Play Bell.Copy1:SDF Director and .DESDFClockTest.Play Bell.UpSample
    while executing
"java::new ptolemy.moml.MoMLSimpleApplication $file
"
    (procedure "createAndExecute" line 2)
    invoked from within
"createAndExecute $file"
    ("uplevel" body line 5)
    invoked from within
"uplevel $contents_of_test"
------------------ testing $PTII/ptolemy/domains/de/test/auto/knownFailedTests/FSMSource.xml (Known Failure) 
21 ms. Memory: 146944K Free: 108861K (74%)
!!!! Auto was marked as failing, but now passes
------------------ testing $PTII/ptolemy/domains/de/test/auto/knownFailedTests/dependencyLoop2.xml (Known Failure) 
6 ms. Memory: 146944K Free: 106978K (73%)


==== $PTIIhome/travis/build/icyphy/ptII/ptolemy/domains/de/test/../../../../: Auto Automatic test in file $PTII/ptolemy/domains/de/test/auto/knownFailedTests/dependencyLoop2.xml
==== Contents of test case:

	    # FIXME: we should use $relativeFilename here, but it
	    # might have backslashes under Windows, which causes no end
	    # of trouble.
	    createAndExecute $file
	    list {}
	
.... Test generated KNOWN error:
    while executing
ptolemy.kernel.util.IllegalActionException: Found a zero delay loop containing .dependencyLoop2.original
  in .dependencyLoop2 and .dependencyLoop2.original
	at ptolemy.actor.util.CausalityInterfaceForComposites._computeOutputPortDepth(CausalityInterfaceForComposites.java:759)
	at ptolemy.actor.util.CausalityInterfaceForComposites._computeInputDepth(CausalityInterfaceForComposites.java:696)
	at ptolemy.actor.util.CausalityInterfaceForComposites._computeOutputPortDepth(CausalityInterfaceForComposites.java:765)
	at ptolemy.actor.util.CausalityInterfaceForComposites._computeInputDepth(CausalityInterfaceForComposites.java:696)
	at ptolemy.actor.util.CausalityInterfaceForComposites._computeOutputPortDepth(CausalityInterfaceForComposites.java:765)
	at ptolemy.actor.util.CausalityInterfaceForComposites._computeInputDepth(CausalityInterfaceForComposites.java:696)
	at ptolemy.actor.util.CausalityInterfaceForComposites._computeActorDepth(CausalityInterfaceForComposites.java:532)
	at ptolemy.actor.util.CausalityInterfaceForComposites.checkForCycles(CausalityInterfaceForComposites.java:96)
	at ptolemy.domains.de.kernel.DEDirector.preinitialize(DEDirector.java:1337)
	at ptolemy.actor.CompositeActor.preinitialize(CompositeActor.java:1828)
	at ptolemy.actor.Manager.preinitializeAndResolveTypes(Manager.java:1040)
	at ptolemy.actor.Manager.initialize(Manager.java:710)
	at ptolemy.actor.Manager.execute(Manager.java:356)
	at ptolemy.actor.Manager.run(Manager.java:1263)
	at ptolemy.actor.Manager$PtolemyRunThread.run(Manager.java:1915)

    while executing
ptolemy.kernel.util.IllegalActionException: Found a zero delay loop containing .dependencyLoop2.original
  in .dependencyLoop2 and .dependencyLoop2.original
    while executing
"java::new ptolemy.moml.MoMLSimpleApplication $file
"
    (procedure "createAndExecute" line 2)
    invoked from within
"createAndExecute $file"
    ("uplevel" body line 5)
    invoked from within
"uplevel $contents_of_test"
------------------ testing $PTII/ptolemy/domains/de/test/auto/knownFailedTests/HierarchicalModel.xml (Known Failure) 
9 ms. Memory: 146944K Free: 86570K (59%)


==== $PTIIhome/travis/build/icyphy/ptII/ptolemy/domains/de/test/../../../../: Auto Automatic test in file $PTII/ptolemy/domains/de/test/auto/knownFailedTests/HierarchicalModel.xml
==== Contents of test case:

	    # FIXME: we should use $relativeFilename here, but it
	    # might have backslashes under Windows, which causes no end
	    # of trouble.
	    createAndExecute $file
	    list {}
	
.... Test generated KNOWN error:
    while executing
ptolemy.kernel.util.IllegalActionException: Found a zero delay loop containing .HierarchicalModel.A
  in .HierarchicalModel and .HierarchicalModel.A
	at ptolemy.actor.util.CausalityInterfaceForComposites._computeOutputPortDepth(CausalityInterfaceForComposites.java:759)
	at ptolemy.actor.util.CausalityInterfaceForComposites._computeInputDepth(CausalityInterfaceForComposites.java:696)
	at ptolemy.actor.util.CausalityInterfaceForComposites._computeOutputPortDepth(CausalityInterfaceForComposites.java:765)
	at ptolemy.actor.util.CausalityInterfaceForComposites._computeInputDepth(CausalityInterfaceForComposites.java:696)
	at ptolemy.actor.util.CausalityInterfaceForComposites._computeOutputPortDepth(CausalityInterfaceForComposites.java:765)
	at ptolemy.actor.util.CausalityInterfaceForComposites._computeInputDepth(CausalityInterfaceForComposites.java:696)
	at ptolemy.actor.util.CausalityInterfaceForComposites._computeActorDepth(CausalityInterfaceForComposites.java:532)
	at ptolemy.actor.util.CausalityInterfaceForComposites.checkForCycles(CausalityInterfaceForComposites.java:96)
	at ptolemy.domains.de.kernel.DEDirector.preinitialize(DEDirector.java:1337)
	at ptolemy.actor.CompositeActor.preinitialize(CompositeActor.java:1828)
	at ptolemy.actor.Manager.preinitializeAndResolveTypes(Manager.java:1040)
	at ptolemy.actor.Manager.initialize(Manager.java:710)
	at ptolemy.actor.Manager.execute(Manager.java:356)
	at ptolemy.actor.Manager.run(Manager.java:1263)
	at ptolemy.actor.Manager$PtolemyRunThread.run(Manager.java:1915)

    while executing
ptolemy.kernel.util.IllegalActionException: Found a zero delay loop containing .HierarchicalModel.A
  in .HierarchicalModel and .HierarchicalModel.A
    while executing
"java::new ptolemy.moml.MoMLSimpleApplication $file
"
    (procedure "createAndExecute" line 2)
    invoked from within
"createAndExecute $file"
    ("uplevel" body line 5)
    invoked from within
"uplevel $contents_of_test"
------------------ testing $PTII/ptolemy/domains/de/test/auto/knownFailedTests/DirectFeedback.xml (Known Failure) 
16 ms. Memory: 146944K Free: 142305K (97%)


==== $PTIIhome/travis/build/icyphy/ptII/ptolemy/domains/de/test/../../../../: Auto Automatic test in file $PTII/ptolemy/domains/de/test/auto/knownFailedTests/DirectFeedback.xml
==== Contents of test case:

	    # FIXME: we should use $relativeFilename here, but it
	    # might have backslashes under Windows, which causes no end
	    # of trouble.
	    createAndExecute $file
	    list {}
	
.... Test generated KNOWN error:
    while executing
ptolemy.kernel.util.IllegalActionException: Test fails in iteration 1.
Value was: 1.0. Should have been: 2.0
  in .DirectFeedback.Test
	at ptolemy.actor.lib.Test.fire(Test.java:268)
	at ptolemy.domains.de.kernel.DEDirector._fire(DEDirector.java:1948)
	at ptolemy.domains.de.kernel.DEDirector.fire(DEDirector.java:502)
	at ptolemy.actor.CompositeActor.fire(CompositeActor.java:455)
	at ptolemy.actor.Manager.iterate(Manager.java:851)
	at ptolemy.actor.Manager.execute(Manager.java:369)
	at ptolemy.actor.Manager.run(Manager.java:1263)
	at ptolemy.actor.Manager$PtolemyRunThread.run(Manager.java:1915)

    while executing
ptolemy.kernel.util.IllegalActionException: Test fails in iteration 1.
Value was: 1.0. Should have been: 2.0
  in .DirectFeedback.Test
    while executing
"java::new ptolemy.moml.MoMLSimpleApplication $file
"
    (procedure "createAndExecute" line 2)
    invoked from within
"createAndExecute $file"
    ("uplevel" body line 5)
    invoked from within
"uplevel $contents_of_test"
------------------ testing $PTII/ptolemy/domains/de/test/auto/ActorDepthCalculation_actorWithoutPorts.xml
auto.tcl: Setting watchdog for 200 seconds at Sat Jun 02 17:49:19 UTC 2018
4 ms. Memory: 146944K Free: 133661K (91%)
ptolemy.util.test.WatchDog.cancel(): canceling Sat Jun 02 17:49:19 UTC 2018
auto.tcl: Setting watchdog for 200 seconds at Sat Jun 02 17:49:19 UTC 2018
4 ms. Memory: 146944K Free: 132632K (90%)
ptolemy.util.test.WatchDog.cancel(): canceling Sat Jun 02 17:49:19 UTC 2018
------------------ testing $PTII/ptolemy/domains/de/test/auto/AssemblyLine.xml
auto.tcl: Setting watchdog for 200 seconds at Sat Jun 02 17:49:20 UTC 2018
16 ms. Memory: 208384K Free: 186749K (90%)
ptolemy.util.test.WatchDog.cancel(): canceling Sat Jun 02 17:49:20 UTC 2018
auto.tcl: Setting watchdog for 200 seconds at Sat Jun 02 17:49:20 UTC 2018
18 ms. Memory: 208384K Free: 186749K (90%)
ptolemy.util.test.WatchDog.cancel(): canceling Sat Jun 02 17:49:20 UTC 2018
------------------ testing $PTII/ptolemy/domains/de/test/auto/CQBug1.xml
auto.tcl: Setting watchdog for 200 seconds at Sat Jun 02 17:49:20 UTC 2018
5 ms. Memory: 208384K Free: 197769K (95%)
ptolemy.util.test.WatchDog.cancel(): canceling Sat Jun 02 17:49:20 UTC 2018
auto.tcl: Setting watchdog for 200 seconds at Sat Jun 02 17:49:20 UTC 2018
2 ms. Memory: 208384K Free: 197769K (95%)
ptolemy.util.test.WatchDog.cancel(): canceling Sat Jun 02 17:49:20 UTC 2018
------------------ testing $PTII/ptolemy/domains/de/test/auto/CancelFireAt.xml
auto.tcl: Setting watchdog for 200 seconds at Sat Jun 02 17:49:20 UTC 2018
3 ms. Memory: 208384K Free: 201055K (96%)
ptolemy.util.test.WatchDog.cancel(): canceling Sat Jun 02 17:49:20 UTC 2018
auto.tcl: Setting watchdog for 200 seconds at Sat Jun 02 17:49:20 UTC 2018
5 ms. Memory: 208384K Free: 198978K (95%)
ptolemy.util.test.WatchDog.cancel(): canceling Sat Jun 02 17:49:20 UTC 2018
------------------ testing $PTII/ptolemy/domains/de/test/auto/CausalityAndComposabilityAnalysis.xml
auto.tcl: Setting watchdog for 200 seconds at Sat Jun 02 17:49:20 UTC 2018
7 ms. Memory: 208384K Free: 196570K (94%)
ptolemy.util.test.WatchDog.cancel(): canceling Sat Jun 02 17:49:20 UTC 2018
auto.tcl: Setting watchdog for 200 seconds at Sat Jun 02 17:49:20 UTC 2018
5 ms. Memory: 208384K Free: 196570K (94%)
ptolemy.util.test.WatchDog.cancel(): canceling Sat Jun 02 17:49:20 UTC 2018
------------------ testing $PTII/ptolemy/domains/de/test/auto/CausalityInterface1.xml
auto.tcl: Setting watchdog for 200 seconds at Sat Jun 02 17:49:20 UTC 2018
13 ms. Memory: 208384K Free: 196507K (94%)
ptolemy.util.test.WatchDog.cancel(): canceling Sat Jun 02 17:49:20 UTC 2018
auto.tcl: Setting watchdog for 200 seconds at Sat Jun 02 17:49:20 UTC 2018
4 ms. Memory: 208384K Free: 196507K (94%)
ptolemy.util.test.WatchDog.cancel(): canceling Sat Jun 02 17:49:20 UTC 2018
------------------ testing $PTII/ptolemy/domains/de/test/auto/CausalityInterface15.xml
auto.tcl: Setting watchdog for 200 seconds at Sat Jun 02 17:49:20 UTC 2018
20 ms. Memory: 208384K Free: 196497K (94%)
ptolemy.util.test.WatchDog.cancel(): canceling Sat Jun 02 17:49:20 UTC 2018
auto.tcl: Setting watchdog for 200 seconds at Sat Jun 02 17:49:20 UTC 2018
5 ms. Memory: 208384K Free: 194420K (93%)
ptolemy.util.test.WatchDog.cancel(): canceling Sat Jun 02 17:49:20 UTC 2018
------------------ testing $PTII/ptolemy/domains/de/test/auto/CausalityInterface2.xml
auto.tcl: Setting watchdog for 200 seconds at Sat Jun 02 17:49:20 UTC 2018
8 ms. Memory: 208384K Free: 196482K (94%)
ptolemy.util.test.WatchDog.cancel(): canceling Sat Jun 02 17:49:21 UTC 2018
auto.tcl: Setting watchdog for 200 seconds at Sat Jun 02 17:49:21 UTC 2018
3 ms. Memory: 208384K Free: 196482K (94%)
ptolemy.util.test.WatchDog.cancel(): canceling Sat Jun 02 17:49:21 UTC 2018
------------------ testing $PTII/ptolemy/domains/de/test/auto/CausalityInterface3.xml
auto.tcl: Setting watchdog for 200 seconds at Sat Jun 02 17:49:21 UTC 2018
8 ms. Memory: 208384K Free: 196494K (94%)
ptolemy.util.test.WatchDog.cancel(): canceling Sat Jun 02 17:49:21 UTC 2018
auto.tcl: Setting watchdog for 200 seconds at Sat Jun 02 17:49:21 UTC 2018
6 ms. Memory: 208384K Free: 196494K (94%)
ptolemy.util.test.WatchDog.cancel(): canceling Sat Jun 02 17:49:21 UTC 2018
------------------ testing $PTII/ptolemy/domains/de/test/auto/ClockDrift.xml
auto.tcl: Setting watchdog for 200 seconds at Sat Jun 02 17:49:21 UTC 2018
94 ms. Memory: 208384K Free: 187795K (90%)
ptolemy.util.test.WatchDog.cancel(): canceling Sat Jun 02 17:49:21 UTC 2018
auto.tcl: Setting watchdog for 200 seconds at Sat Jun 02 17:49:21 UTC 2018
38 ms. Memory: 208384K Free: 185718K (89%)
ptolemy.util.test.WatchDog.cancel(): canceling Sat Jun 02 17:49:21 UTC 2018
------------------ testing $PTII/ptolemy/domains/de/test/auto/ClockDriftAndValueChange.xml
auto.tcl: Setting watchdog for 200 seconds at Sat Jun 02 17:49:21 UTC 2018
28 ms. Memory: 208384K Free: 187632K (90%)
ptolemy.util.test.WatchDog.cancel(): canceling Sat Jun 02 17:49:21 UTC 2018
auto.tcl: Setting watchdog for 200 seconds at Sat Jun 02 17:49:21 UTC 2018
23 ms. Memory: 208384K Free: 185555K (89%)
ptolemy.util.test.WatchDog.cancel(): canceling Sat Jun 02 17:49:21 UTC 2018
------------------ testing $PTII/ptolemy/domains/de/test/auto/ClockDriftChange.xml
auto.tcl: Setting watchdog for 200 seconds at Sat Jun 02 17:49:21 UTC 2018
52 ms. Memory: 208384K Free: 190934K (92%)
ptolemy.util.test.WatchDog.cancel(): canceling Sat Jun 02 17:49:21 UTC 2018
auto.tcl: Setting watchdog for 200 seconds at Sat Jun 02 17:49:21 UTC 2018
27 ms. Memory: 208384K Free: 188857K (91%)
ptolemy.util.test.WatchDog.cancel(): canceling Sat Jun 02 17:49:21 UTC 2018
------------------ testing $PTII/ptolemy/domains/de/test/auto/ComposableCausalityAnalysis.xml
auto.tcl: Setting watchdog for 200 seconds at Sat Jun 02 17:49:21 UTC 2018
9 ms. Memory: 208384K Free: 196351K (94%)
ptolemy.util.test.WatchDog.cancel(): canceling Sat Jun 02 17:49:21 UTC 2018
auto.tcl: Setting watchdog for 200 seconds at Sat Jun 02 17:49:21 UTC 2018
5 ms. Memory: 208384K Free: 194273K (93%)
ptolemy.util.test.WatchDog.cancel(): canceling Sat Jun 02 17:49:21 UTC 2018
------------------ testing $PTII/ptolemy/domains/de/test/auto/DEFixedPointLimitation.xml
auto.tcl: Setting watchdog for 200 seconds at Sat Jun 02 17:49:21 UTC 2018
4 ms. Memory: 208384K Free: 196430K (94%)
ptolemy.util.test.WatchDog.cancel(): canceling Sat Jun 02 17:49:21 UTC 2018
auto.tcl: Setting watchdog for 200 seconds at Sat Jun 02 17:49:21 UTC 2018
1 ms. Memory: 208384K Free: 196430K (94%)
ptolemy.util.test.WatchDog.cancel(): canceling Sat Jun 02 17:49:21 UTC 2018
------------------ testing $PTII/ptolemy/domains/de/test/auto/DEScheduleTest.xml
auto.tcl: Setting watchdog for 200 seconds at Sat Jun 02 17:49:21 UTC 2018
4 ms. Memory: 208384K Free: 198544K (95%)
ptolemy.util.test.WatchDog.cancel(): canceling Sat Jun 02 17:49:21 UTC 2018
auto.tcl: Setting watchdog for 200 seconds at Sat Jun 02 17:49:21 UTC 2018
6 ms. Memory: 208384K Free: 196467K (94%)
ptolemy.util.test.WatchDog.cancel(): canceling Sat Jun 02 17:49:21 UTC 2018
------------------ testing $PTII/ptolemy/domains/de/test/auto/DEinDEwithStartTimes.xml
auto.tcl: Setting watchdog for 200 seconds at Sat Jun 02 17:49:21 UTC 2018
10 ms. Memory: 208384K Free: 196436K (94%)
ptolemy.util.test.WatchDog.cancel(): canceling Sat Jun 02 17:49:21 UTC 2018
auto.tcl: Setting watchdog for 200 seconds at Sat Jun 02 17:49:21 UTC 2018
3 ms. Memory: 208384K Free: 194359K (93%)
ptolemy.util.test.WatchDog.cancel(): canceling Sat Jun 02 17:49:21 UTC 2018
------------------ testing $PTII/ptolemy/domains/de/test/auto/DEinDEwithStartTimes2.xml
auto.tcl: Setting watchdog for 200 seconds at Sat Jun 02 17:49:22 UTC 2018
8 ms. Memory: 208384K Free: 196415K (94%)
ptolemy.util.test.WatchDog.cancel(): canceling Sat Jun 02 17:49:22 UTC 2018
auto.tcl: Setting watchdog for 200 seconds at Sat Jun 02 17:49:22 UTC 2018
5 ms. Memory: 208384K Free: 194338K (93%)
ptolemy.util.test.WatchDog.cancel(): canceling Sat Jun 02 17:49:22 UTC 2018
------------------ testing $PTII/ptolemy/domains/de/test/auto/DateDemo.xml
auto.tcl: Setting watchdog for 200 seconds at Sat Jun 02 17:49:22 UTC 2018
16 ms. Memory: 208384K Free: 188928K (91%)
ptolemy.util.test.WatchDog.cancel(): canceling Sat Jun 02 17:49:22 UTC 2018
auto.tcl: Setting watchdog for 200 seconds at Sat Jun 02 17:49:22 UTC 2018
8 ms. Memory: 208384K Free: 186851K (90%)
ptolemy.util.test.WatchDog.cancel(): canceling Sat Jun 02 17:49:22 UTC 2018
------------------ testing $PTII/ptolemy/domains/de/test/auto/DateToEvent.xml
auto.tcl: Setting watchdog for 200 seconds at Sat Jun 02 17:49:22 UTC 2018
2022 ms. Memory: 208384K Free: 183712K (88%)
ptolemy.util.test.WatchDog.cancel(): canceling Sat Jun 02 17:49:24 UTC 2018
auto.tcl: Setting watchdog for 200 seconds at Sat Jun 02 17:49:24 UTC 2018
2005 ms. Memory: 208384K Free: 183712K (88%)
ptolemy.util.test.WatchDog.cancel(): canceling Sat Jun 02 17:49:26 UTC 2018
------------------ testing $PTII/ptolemy/domains/de/test/auto/DepthTest1.xml
auto.tcl: Setting watchdog for 200 seconds at Sat Jun 02 17:49:26 UTC 2018
4 ms. Memory: 208384K Free: 197745K (95%)
ptolemy.util.test.WatchDog.cancel(): canceling Sat Jun 02 17:49:26 UTC 2018
auto.tcl: Setting watchdog for 200 seconds at Sat Jun 02 17:49:26 UTC 2018
6 ms. Memory: 208384K Free: 197745K (95%)
ptolemy.util.test.WatchDog.cancel(): canceling Sat Jun 02 17:49:26 UTC 2018
------------------ testing $PTII/ptolemy/domains/de/test/auto/DepthTest2.xml
auto.tcl: Setting watchdog for 200 seconds at Sat Jun 02 17:49:26 UTC 2018
3 ms. Memory: 208384K Free: 191533K (92%)
ptolemy.util.test.WatchDog.cancel(): canceling Sat Jun 02 17:49:26 UTC 2018
auto.tcl: Setting watchdog for 200 seconds at Sat Jun 02 17:49:26 UTC 2018
7 ms. Memory: 208384K Free: 191533K (92%)
ptolemy.util.test.WatchDog.cancel(): canceling Sat Jun 02 17:49:26 UTC 2018
------------------ testing $PTII/ptolemy/domains/de/test/auto/DepthTest3.xml
auto.tcl: Setting watchdog for 200 seconds at Sat Jun 02 17:49:26 UTC 2018
2 ms. Memory: 208384K Free: 198078K (95%)
ptolemy.util.test.WatchDog.cancel(): canceling Sat Jun 02 17:49:26 UTC 2018
auto.tcl: Setting watchdog for 200 seconds at Sat Jun 02 17:49:26 UTC 2018
2 ms. Memory: 208384K Free: 198078K (95%)
ptolemy.util.test.WatchDog.cancel(): canceling Sat Jun 02 17:49:26 UTC 2018
------------------ testing $PTII/ptolemy/domains/de/test/auto/DepthTest4.xml
auto.tcl: Setting watchdog for 200 seconds at Sat Jun 02 17:49:26 UTC 2018
3 ms. Memory: 208384K Free: 196088K (94%)
ptolemy.util.test.WatchDog.cancel(): canceling Sat Jun 02 17:49:26 UTC 2018
auto.tcl: Setting watchdog for 200 seconds at Sat Jun 02 17:49:26 UTC 2018
2 ms. Memory: 208384K Free: 196088K (94%)
ptolemy.util.test.WatchDog.cancel(): canceling Sat Jun 02 17:49:26 UTC 2018
------------------ testing $PTII/ptolemy/domains/de/test/auto/DepthTest5.xml
auto.tcl: Setting watchdog for 200 seconds at Sat Jun 02 17:49:26 UTC 2018
10 ms. Memory: 208384K Free: 196373K (94%)
ptolemy.util.test.WatchDog.cancel(): canceling Sat Jun 02 17:49:26 UTC 2018
auto.tcl: Setting watchdog for 200 seconds at Sat Jun 02 17:49:26 UTC 2018
2 ms. Memory: 208384K Free: 196373K (94%)
ptolemy.util.test.WatchDog.cancel(): canceling Sat Jun 02 17:49:26 UTC 2018
------------------ testing $PTII/ptolemy/domains/de/test/auto/DepthTest6.xml
auto.tcl: Setting watchdog for 200 seconds at Sat Jun 02 17:49:26 UTC 2018
10 ms. Memory: 208384K Free: 196350K (94%)
ptolemy.util.test.WatchDog.cancel(): canceling Sat Jun 02 17:49:26 UTC 2018
auto.tcl: Setting watchdog for 200 seconds at Sat Jun 02 17:49:26 UTC 2018
3 ms. Memory: 208384K Free: 196350K (94%)
ptolemy.util.test.WatchDog.cancel(): canceling Sat Jun 02 17:49:26 UTC 2018
------------------ testing $PTII/ptolemy/domains/de/test/auto/DepthTest7.xml
auto.tcl: Setting watchdog for 200 seconds at Sat Jun 02 17:49:26 UTC 2018
3 ms. Memory: 208384K Free: 194764K (93%)
ptolemy.util.test.WatchDog.cancel(): canceling Sat Jun 02 17:49:26 UTC 2018
auto.tcl: Setting watchdog for 200 seconds at Sat Jun 02 17:49:26 UTC 2018
3 ms. Memory: 208384K Free: 194764K (93%)
ptolemy.util.test.WatchDog.cancel(): canceling Sat Jun 02 17:49:26 UTC 2018
------------------ testing $PTII/ptolemy/domains/de/test/auto/EventToDate.xml
auto.tcl: Setting watchdog for 200 seconds at Sat Jun 02 17:49:26 UTC 2018
3009 ms. Memory: 208384K Free: 185629K (89%)
ptolemy.util.test.WatchDog.cancel(): canceling Sat Jun 02 17:49:30 UTC 2018
auto.tcl: Setting watchdog for 200 seconds at Sat Jun 02 17:49:30 UTC 2018
3005 ms. Memory: 208384K Free: 185629K (89%)
ptolemy.util.test.WatchDog.cancel(): canceling Sat Jun 02 17:49:33 UTC 2018
------------------ testing $PTII/ptolemy/domains/de/test/auto/FSM1.xml
auto.tcl: Setting watchdog for 200 seconds at Sat Jun 02 17:49:33 UTC 2018
25 ms. Memory: 208384K Free: 187014K (90%)
ptolemy.util.test.WatchDog.cancel(): canceling Sat Jun 02 17:49:33 UTC 2018
auto.tcl: Setting watchdog for 200 seconds at Sat Jun 02 17:49:33 UTC 2018
15 ms. Memory: 208384K Free: 184937K (89%)
ptolemy.util.test.WatchDog.cancel(): canceling Sat Jun 02 17:49:33 UTC 2018
------------------ testing $PTII/ptolemy/domains/de/test/auto/FSM7.xml
auto.tcl: Setting watchdog for 200 seconds at Sat Jun 02 17:49:33 UTC 2018
23 ms. Memory: 208384K Free: 187217K (90%)
ptolemy.util.test.WatchDog.cancel(): canceling Sat Jun 02 17:49:33 UTC 2018
auto.tcl: Setting watchdog for 200 seconds at Sat Jun 02 17:49:33 UTC 2018
24 ms. Memory: 208384K Free: 185140K (89%)
ptolemy.util.test.WatchDog.cancel(): canceling Sat Jun 02 17:49:33 UTC 2018
------------------ testing $PTII/ptolemy/domains/de/test/auto/Inspection.xml
auto.tcl: Setting watchdog for 200 seconds at Sat Jun 02 17:49:33 UTC 2018
28 ms. Memory: 208384K Free: 188768K (91%)
ptolemy.util.test.WatchDog.cancel(): canceling Sat Jun 02 17:49:33 UTC 2018
auto.tcl: Setting watchdog for 200 seconds at Sat Jun 02 17:49:33 UTC 2018
22 ms. Memory: 208384K Free: 186691K (90%)
ptolemy.util.test.WatchDog.cancel(): canceling Sat Jun 02 17:49:33 UTC 2018
------------------ testing $PTII/ptolemy/domains/de/test/auto/Iteration.xml
auto.tcl: Setting watchdog for 200 seconds at Sat Jun 02 17:49:33 UTC 2018
9 ms. Memory: 208384K Free: 194060K (93%)
ptolemy.util.test.WatchDog.cancel(): canceling Sat Jun 02 17:49:33 UTC 2018
auto.tcl: Setting watchdog for 200 seconds at Sat Jun 02 17:49:33 UTC 2018
5 ms. Memory: 208384K Free: 193723K (93%)
ptolemy.util.test.WatchDog.cancel(): canceling Sat Jun 02 17:49:33 UTC 2018
------------------ testing $PTII/ptolemy/domains/de/test/auto/LineFault.xml
auto.tcl: Setting watchdog for 200 seconds at Sat Jun 02 17:49:33 UTC 2018
690 ms. Memory: 208384K Free: 194825K (93%)
ptolemy.util.test.WatchDog.cancel(): canceling Sat Jun 02 17:49:34 UTC 2018
auto.tcl: Setting watchdog for 200 seconds at Sat Jun 02 17:49:34 UTC 2018
561 ms. Memory: 208384K Free: 137665K (66%)
ptolemy.util.test.WatchDog.cancel(): canceling Sat Jun 02 17:49:35 UTC 2018
------------------ testing $PTII/ptolemy/domains/de/test/auto/MergeModel1Add.xml
auto.tcl: Setting watchdog for 200 seconds at Sat Jun 02 17:49:35 UTC 2018
25 ms. Memory: 331264K Free: 302734K (91%)
ptolemy.util.test.WatchDog.cancel(): canceling Sat Jun 02 17:49:35 UTC 2018
auto.tcl: Setting watchdog for 200 seconds at Sat Jun 02 17:49:35 UTC 2018
13 ms. Memory: 331264K Free: 298840K (90%)
ptolemy.util.test.WatchDog.cancel(): canceling Sat Jun 02 17:49:35 UTC 2018
------------------ testing $PTII/ptolemy/domains/de/test/auto/MergeModel2Add.xml
auto.tcl: Setting watchdog for 200 seconds at Sat Jun 02 17:49:35 UTC 2018
9 ms. Memory: 331264K Free: 304104K (92%)
ptolemy.util.test.WatchDog.cancel(): canceling Sat Jun 02 17:49:35 UTC 2018
auto.tcl: Setting watchdog for 200 seconds at Sat Jun 02 17:49:35 UTC 2018
8 ms. Memory: 331264K Free: 300211K (91%)
ptolemy.util.test.WatchDog.cancel(): canceling Sat Jun 02 17:49:35 UTC 2018
------------------ testing $PTII/ptolemy/domains/de/test/auto/MergeModel3Add.xml
auto.tcl: Setting watchdog for 200 seconds at Sat Jun 02 17:49:35 UTC 2018
8 ms. Memory: 331264K Free: 304114K (92%)
ptolemy.util.test.WatchDog.cancel(): canceling Sat Jun 02 17:49:35 UTC 2018
auto.tcl: Setting watchdog for 200 seconds at Sat Jun 02 17:49:35 UTC 2018
8 ms. Memory: 331264K Free: 300222K (91%)
ptolemy.util.test.WatchDog.cancel(): canceling Sat Jun 02 17:49:35 UTC 2018
------------------ testing $PTII/ptolemy/domains/de/test/auto/MergeWithoutDiscard.xml
auto.tcl: Setting watchdog for 200 seconds at Sat Jun 02 17:49:35 UTC 2018
9 ms. Memory: 331264K Free: 315790K (95%)
ptolemy.util.test.WatchDog.cancel(): canceling Sat Jun 02 17:49:35 UTC 2018
auto.tcl: Setting watchdog for 200 seconds at Sat Jun 02 17:49:35 UTC 2018
1 ms. Memory: 331264K Free: 315790K (95%)
ptolemy.util.test.WatchDog.cancel(): canceling Sat Jun 02 17:49:35 UTC 2018
------------------ testing $PTII/ptolemy/domains/de/test/auto/Modal1.xml
auto.tcl: Setting watchdog for 200 seconds at Sat Jun 02 17:49:35 UTC 2018
21 ms. Memory: 331264K Free: 309754K (94%)
ptolemy.util.test.WatchDog.cancel(): canceling Sat Jun 02 17:49:35 UTC 2018
auto.tcl: Setting watchdog for 200 seconds at Sat Jun 02 17:49:35 UTC 2018
23 ms. Memory: 331264K Free: 305861K (92%)
ptolemy.util.test.WatchDog.cancel(): canceling Sat Jun 02 17:49:35 UTC 2018
------------------ testing $PTII/ptolemy/domains/de/test/auto/Modal2.xml
auto.tcl: Setting watchdog for 200 seconds at Sat Jun 02 17:49:35 UTC 2018
16 ms. Memory: 331264K Free: 309627K (93%)
ptolemy.util.test.WatchDog.cancel(): canceling Sat Jun 02 17:49:35 UTC 2018
auto.tcl: Setting watchdog for 200 seconds at Sat Jun 02 17:49:35 UTC 2018
16 ms. Memory: 331264K Free: 305734K (92%)
ptolemy.util.test.WatchDog.cancel(): canceling Sat Jun 02 17:49:35 UTC 2018
------------------ testing $PTII/ptolemy/domains/de/test/auto/Modal3.xml
auto.tcl: Setting watchdog for 200 seconds at Sat Jun 02 17:49:35 UTC 2018
16 ms. Memory: 331264K Free: 309910K (94%)
ptolemy.util.test.WatchDog.cancel(): canceling Sat Jun 02 17:49:35 UTC 2018
auto.tcl: Setting watchdog for 200 seconds at Sat Jun 02 17:49:35 UTC 2018
13 ms. Memory: 331264K Free: 305732K (92%)
ptolemy.util.test.WatchDog.cancel(): canceling Sat Jun 02 17:49:35 UTC 2018
------------------ testing $PTII/ptolemy/domains/de/test/auto/Modal4.xml
auto.tcl: Setting watchdog for 200 seconds at Sat Jun 02 17:49:36 UTC 2018
26 ms. Memory: 331264K Free: 309413K (93%)
ptolemy.util.test.WatchDog.cancel(): canceling Sat Jun 02 17:49:36 UTC 2018
auto.tcl: Setting watchdog for 200 seconds at Sat Jun 02 17:49:36 UTC 2018
12 ms. Memory: 331264K Free: 305520K (92%)
ptolemy.util.test.WatchDog.cancel(): canceling Sat Jun 02 17:49:36 UTC 2018
------------------ testing $PTII/ptolemy/domains/de/test/auto/Modal5.xml
auto.tcl: Setting watchdog for 200 seconds at Sat Jun 02 17:49:36 UTC 2018
19 ms. Memory: 331264K Free: 309400K (93%)
ptolemy.util.test.WatchDog.cancel(): canceling Sat Jun 02 17:49:36 UTC 2018
auto.tcl: Setting watchdog for 200 seconds at Sat Jun 02 17:49:36 UTC 2018
13 ms. Memory: 331264K Free: 305507K (92%)
ptolemy.util.test.WatchDog.cancel(): canceling Sat Jun 02 17:49:36 UTC 2018
------------------ testing $PTII/ptolemy/domains/de/test/auto/Modal6.xml
auto.tcl: Setting watchdog for 200 seconds at Sat Jun 02 17:49:36 UTC 2018
13 ms. Memory: 331264K Free: 309397K (93%)
ptolemy.util.test.WatchDog.cancel(): canceling Sat Jun 02 17:49:36 UTC 2018
auto.tcl: Setting watchdog for 200 seconds at Sat Jun 02 17:49:36 UTC 2018
12 ms. Memory: 331264K Free: 305504K (92%)
ptolemy.util.test.WatchDog.cancel(): canceling Sat Jun 02 17:49:36 UTC 2018
------------------ testing $PTII/ptolemy/domains/de/test/auto/Modal7.xml
auto.tcl: Setting watchdog for 200 seconds at Sat Jun 02 17:49:36 UTC 2018
9 ms. Memory: 331264K Free: 305504K (92%)
ptolemy.util.test.WatchDog.cancel(): canceling Sat Jun 02 17:49:36 UTC 2018
auto.tcl: Setting watchdog for 200 seconds at Sat Jun 02 17:49:36 UTC 2018
9 ms. Memory: 331264K Free: 305504K (92%)
ptolemy.util.test.WatchDog.cancel(): canceling Sat Jun 02 17:49:36 UTC 2018
------------------ testing $PTII/ptolemy/domains/de/test/auto/ModalModel.xml
auto.tcl: Setting watchdog for 200 seconds at Sat Jun 02 17:49:36 UTC 2018
192 ms. Memory: 331264K Free: 246076K (74%)
ptolemy.util.test.WatchDog.cancel(): canceling Sat Jun 02 17:49:36 UTC 2018
auto.tcl: Setting watchdog for 200 seconds at Sat Jun 02 17:49:36 UTC 2018
160 ms. Memory: 331264K Free: 187685K (57%)
ptolemy.util.test.WatchDog.cancel(): canceling Sat Jun 02 17:49:36 UTC 2018
------------------ testing $PTII/ptolemy/domains/de/test/auto/ModalSource.xml
auto.tcl: Setting watchdog for 200 seconds at Sat Jun 02 17:49:36 UTC 2018
6 ms. Memory: 331264K Free: 316057K (95%)
ptolemy.util.test.WatchDog.cancel(): canceling Sat Jun 02 17:49:36 UTC 2018
auto.tcl: Setting watchdog for 200 seconds at Sat Jun 02 17:49:36 UTC 2018
5 ms. Memory: 331264K Free: 312561K (94%)
ptolemy.util.test.WatchDog.cancel(): canceling Sat Jun 02 17:49:36 UTC 2018
------------------ testing $PTII/ptolemy/domains/de/test/auto/NonInterruptibleTimerZeroDelay.xml
auto.tcl: Setting watchdog for 200 seconds at Sat Jun 02 17:49:37 UTC 2018
4 ms. Memory: 331264K Free: 320391K (97%)
ptolemy.util.test.WatchDog.cancel(): canceling Sat Jun 02 17:49:37 UTC 2018
auto.tcl: Setting watchdog for 200 seconds at Sat Jun 02 17:49:37 UTC 2018
3 ms. Memory: 331264K Free: 316895K (96%)
ptolemy.util.test.WatchDog.cancel(): canceling Sat Jun 02 17:49:37 UTC 2018
------------------ testing $PTII/ptolemy/domains/de/test/auto/OpenQueueingNetwork.xml
auto.tcl: Setting watchdog for 200 seconds at Sat Jun 02 17:49:37 UTC 2018
2686 ms. Memory: 573952K Free: 413667K (72%)
ptolemy.util.test.WatchDog.cancel(): canceling Sat Jun 02 17:49:39 UTC 2018
auto.tcl: Setting watchdog for 200 seconds at Sat Jun 02 17:49:39 UTC 2018
2491 ms. Memory: 550912K Free: 299654K (54%)
ptolemy.util.test.WatchDog.cancel(): canceling Sat Jun 02 17:49:42 UTC 2018
------------------ testing $PTII/ptolemy/domains/de/test/auto/OpenQueuingNetwork.xml
auto.tcl: Setting watchdog for 200 seconds at Sat Jun 02 17:49:42 UTC 2018
243 ms. Memory: 549888K Free: 434722K (79%)
ptolemy.util.test.WatchDog.cancel(): canceling Sat Jun 02 17:49:42 UTC 2018
auto.tcl: Setting watchdog for 200 seconds at Sat Jun 02 17:49:42 UTC 2018
219 ms. Memory: 549888K Free: 374116K (68%)
ptolemy.util.test.WatchDog.cancel(): canceling Sat Jun 02 17:49:43 UTC 2018
------------------ testing $PTII/ptolemy/domains/de/test/auto/PeriodicSampler.xml
auto.tcl: Setting watchdog for 200 seconds at Sat Jun 02 17:49:43 UTC 2018
2 ms. Memory: 551936K Free: 534761K (97%)
ptolemy.util.test.WatchDog.cancel(): canceling Sat Jun 02 17:49:43 UTC 2018
auto.tcl: Setting watchdog for 200 seconds at Sat Jun 02 17:49:43 UTC 2018
2 ms. Memory: 551936K Free: 534761K (97%)
ptolemy.util.test.WatchDog.cancel(): canceling Sat Jun 02 17:49:43 UTC 2018
------------------ testing $PTII/ptolemy/domains/de/test/auto/PersistentIO.xml
auto.tcl: Setting watchdog for 200 seconds at Sat Jun 02 17:49:43 UTC 2018
17 ms. Memory: 549376K Free: 526280K (96%)
ptolemy.util.test.WatchDog.cancel(): canceling Sat Jun 02 17:49:43 UTC 2018
auto.tcl: Setting watchdog for 200 seconds at Sat Jun 02 17:49:43 UTC 2018
4 ms. Memory: 549376K Free: 526280K (96%)
ptolemy.util.test.WatchDog.cancel(): canceling Sat Jun 02 17:49:43 UTC 2018
------------------ testing $PTII/ptolemy/domains/de/test/auto/PortParameterResetOnInitialize.xml
auto.tcl: Setting watchdog for 200 seconds at Sat Jun 02 17:49:43 UTC 2018
2 ms. Memory: 551424K Free: 530030K (96%)
ptolemy.util.test.WatchDog.cancel(): canceling Sat Jun 02 17:49:43 UTC 2018
auto.tcl: Setting watchdog for 200 seconds at Sat Jun 02 17:49:43 UTC 2018
2 ms. Memory: 551424K Free: 530030K (96%)
ptolemy.util.test.WatchDog.cancel(): canceling Sat Jun 02 17:49:43 UTC 2018
------------------ testing $PTII/ptolemy/domains/de/test/auto/PortParameterUpdates.xml
auto.tcl: Setting watchdog for 200 seconds at Sat Jun 02 17:49:43 UTC 2018
3 ms. Memory: 549376K Free: 533024K (97%)
ptolemy.util.test.WatchDog.cancel(): canceling Sat Jun 02 17:49:43 UTC 2018
auto.tcl: Setting watchdog for 200 seconds at Sat Jun 02 17:49:43 UTC 2018
3 ms. Memory: 549376K Free: 533024K (97%)
ptolemy.util.test.WatchDog.cancel(): canceling Sat Jun 02 17:49:43 UTC 2018
------------------ testing $PTII/ptolemy/domains/de/test/auto/QueueAndServer.xml
auto.tcl: Setting watchdog for 200 seconds at Sat Jun 02 17:49:43 UTC 2018
6 ms. Memory: 551424K Free: 530127K (96%)
ptolemy.util.test.WatchDog.cancel(): canceling Sat Jun 02 17:49:43 UTC 2018
auto.tcl: Setting watchdog for 200 seconds at Sat Jun 02 17:49:43 UTC 2018
6 ms. Memory: 551424K Free: 523377K (95%)
ptolemy.util.test.WatchDog.cancel(): canceling Sat Jun 02 17:49:43 UTC 2018
------------------ testing $PTII/ptolemy/domains/de/test/auto/Records.xml
auto.tcl: Setting watchdog for 200 seconds at Sat Jun 02 17:49:43 UTC 2018
12 ms. Memory: 549376K Free: 532701K (97%)
ptolemy.util.test.WatchDog.cancel(): canceling Sat Jun 02 17:49:43 UTC 2018
auto.tcl: Setting watchdog for 200 seconds at Sat Jun 02 17:49:43 UTC 2018
2 ms. Memory: 549376K Free: 532701K (97%)
ptolemy.util.test.WatchDog.cancel(): canceling Sat Jun 02 17:49:43 UTC 2018
------------------ testing $PTII/ptolemy/domains/de/test/auto/ResetTransitionWithStartTime1.xml
auto.tcl: Setting watchdog for 200 seconds at Sat Jun 02 17:49:43 UTC 2018
10 ms. Memory: 551424K Free: 535004K (97%)
ptolemy.util.test.WatchDog.cancel(): canceling Sat Jun 02 17:49:43 UTC 2018
auto.tcl: Setting watchdog for 200 seconds at Sat Jun 02 17:49:43 UTC 2018
5 ms. Memory: 551424K Free: 528024K (96%)
ptolemy.util.test.WatchDog.cancel(): canceling Sat Jun 02 17:49:43 UTC 2018
------------------ testing $PTII/ptolemy/domains/de/test/auto/ResetTransitionWithStartTime2.xml
auto.tcl: Setting watchdog for 200 seconds at Sat Jun 02 17:49:43 UTC 2018
11 ms. Memory: 549376K Free: 525967K (96%)
ptolemy.util.test.WatchDog.cancel(): canceling Sat Jun 02 17:49:43 UTC 2018
auto.tcl: Setting watchdog for 200 seconds at Sat Jun 02 17:49:43 UTC 2018
4 ms. Memory: 549376K Free: 525967K (96%)
ptolemy.util.test.WatchDog.cancel(): canceling Sat Jun 02 17:49:43 UTC 2018
------------------ testing $PTII/ptolemy/domains/de/test/auto/ResetTransitionWithStartTime3.xml
auto.tcl: Setting watchdog for 200 seconds at Sat Jun 02 17:49:43 UTC 2018
8 ms. Memory: 550912K Free: 534343K (97%)
ptolemy.util.test.WatchDog.cancel(): canceling Sat Jun 02 17:49:43 UTC 2018
auto.tcl: Setting watchdog for 200 seconds at Sat Jun 02 17:49:43 UTC 2018
6 ms. Memory: 550912K Free: 527609K (96%)
ptolemy.util.test.WatchDog.cancel(): canceling Sat Jun 02 17:49:43 UTC 2018
------------------ testing $PTII/ptolemy/domains/de/test/auto/ResetTransitionWithStartTime4.xml
auto.tcl: Setting watchdog for 200 seconds at Sat Jun 02 17:49:43 UTC 2018
4 ms. Memory: 549376K Free: 525841K (96%)
ptolemy.util.test.WatchDog.cancel(): canceling Sat Jun 02 17:49:43 UTC 2018
auto.tcl: Setting watchdog for 200 seconds at Sat Jun 02 17:49:43 UTC 2018
3 ms. Memory: 549376K Free: 525841K (96%)
ptolemy.util.test.WatchDog.cancel(): canceling Sat Jun 02 17:49:43 UTC 2018
------------------ testing $PTII/ptolemy/domains/de/test/auto/ResettableTimer1.xml
auto.tcl: Setting watchdog for 200 seconds at Sat Jun 02 17:49:43 UTC 2018
2 ms. Memory: 550912K Free: 534107K (97%)
ptolemy.util.test.WatchDog.cancel(): canceling Sat Jun 02 17:49:43 UTC 2018
auto.tcl: Setting watchdog for 200 seconds at Sat Jun 02 17:49:43 UTC 2018
2 ms. Memory: 550912K Free: 534107K (97%)
ptolemy.util.test.WatchDog.cancel(): canceling Sat Jun 02 17:49:43 UTC 2018
------------------ testing $PTII/ptolemy/domains/de/test/auto/ResettableTimer2.xml
auto.tcl: Setting watchdog for 200 seconds at Sat Jun 02 17:49:44 UTC 2018
4 ms. Memory: 549376K Free: 532858K (97%)
ptolemy.util.test.WatchDog.cancel(): canceling Sat Jun 02 17:49:44 UTC 2018
auto.tcl: Setting watchdog for 200 seconds at Sat Jun 02 17:49:44 UTC 2018
2 ms. Memory: 549376K Free: 532858K (97%)
ptolemy.util.test.WatchDog.cancel(): canceling Sat Jun 02 17:49:44 UTC 2018
------------------ testing $PTII/ptolemy/domains/de/test/auto/ResettableTimer3.xml
auto.tcl: Setting watchdog for 200 seconds at Sat Jun 02 17:49:44 UTC 2018
1 ms. Memory: 550912K Free: 534165K (97%)
ptolemy.util.test.WatchDog.cancel(): canceling Sat Jun 02 17:49:44 UTC 2018
auto.tcl: Setting watchdog for 200 seconds at Sat Jun 02 17:49:44 UTC 2018
2 ms. Memory: 550912K Free: 534165K (97%)
ptolemy.util.test.WatchDog.cancel(): canceling Sat Jun 02 17:49:44 UTC 2018
------------------ testing $PTII/ptolemy/domains/de/test/auto/ResettableTimer4.xml
auto.tcl: Setting watchdog for 200 seconds at Sat Jun 02 17:49:44 UTC 2018
2 ms. Memory: 549376K Free: 532871K (97%)
ptolemy.util.test.WatchDog.cancel(): canceling Sat Jun 02 17:49:44 UTC 2018
auto.tcl: Setting watchdog for 200 seconds at Sat Jun 02 17:49:44 UTC 2018
1 ms. Memory: 549376K Free: 532871K (97%)
ptolemy.util.test.WatchDog.cancel(): canceling Sat Jun 02 17:49:44 UTC 2018
------------------ testing $PTII/ptolemy/domains/de/test/auto/ResettableTimer5.xml
auto.tcl: Setting watchdog for 200 seconds at Sat Jun 02 17:49:44 UTC 2018
1 ms. Memory: 550400K Free: 529214K (96%)
ptolemy.util.test.WatchDog.cancel(): canceling Sat Jun 02 17:49:44 UTC 2018
auto.tcl: Setting watchdog for 200 seconds at Sat Jun 02 17:49:44 UTC 2018
1 ms. Memory: 550400K Free: 529214K (96%)
ptolemy.util.test.WatchDog.cancel(): canceling Sat Jun 02 17:49:44 UTC 2018
------------------ testing $PTII/ptolemy/domains/de/test/auto/ResettableTimer6.xml
auto.tcl: Setting watchdog for 200 seconds at Sat Jun 02 17:49:44 UTC 2018
6 ms. Memory: 549376K Free: 527909K (96%)
ptolemy.util.test.WatchDog.cancel(): canceling Sat Jun 02 17:49:44 UTC 2018
auto.tcl: Setting watchdog for 200 seconds at Sat Jun 02 17:49:44 UTC 2018
2 ms. Memory: 549376K Free: 527909K (96%)
ptolemy.util.test.WatchDog.cancel(): canceling Sat Jun 02 17:49:44 UTC 2018
------------------ testing $PTII/ptolemy/domains/de/test/auto/ServerZeroDelay.xml
auto.tcl: Setting watchdog for 200 seconds at Sat Jun 02 17:49:44 UTC 2018
3 ms. Memory: 550400K Free: 533604K (97%)
ptolemy.util.test.WatchDog.cancel(): canceling Sat Jun 02 17:49:44 UTC 2018
auto.tcl: Setting watchdog for 200 seconds at Sat Jun 02 17:49:44 UTC 2018
2 ms. Memory: 550400K Free: 533604K (97%)
ptolemy.util.test.WatchDog.cancel(): canceling Sat Jun 02 17:49:44 UTC 2018
------------------ testing $PTII/ptolemy/domains/de/test/auto/SmartSender.xml
auto.tcl: Setting watchdog for 200 seconds at Sat Jun 02 17:49:44 UTC 2018
3002 ms. Memory: 549376K Free: 532804K (97%)
ptolemy.util.test.WatchDog.cancel(): canceling Sat Jun 02 17:49:47 UTC 2018
auto.tcl: Setting watchdog for 200 seconds at Sat Jun 02 17:49:47 UTC 2018
3001 ms. Memory: 549376K Free: 532804K (97%)
ptolemy.util.test.WatchDog.cancel(): canceling Sat Jun 02 17:49:50 UTC 2018
------------------ testing $PTII/ptolemy/domains/de/test/auto/ThreadedComposite.xml
auto.tcl: Setting watchdog for 200 seconds at Sat Jun 02 17:49:50 UTC 2018
244 ms. Memory: 550400K Free: 512839K (93%)
ptolemy.util.test.WatchDog.cancel(): canceling Sat Jun 02 17:49:50 UTC 2018
auto.tcl: Setting watchdog for 200 seconds at Sat Jun 02 17:49:50 UTC 2018
129 ms. Memory: 550400K Free: 496729K (90%)
ptolemy.util.test.WatchDog.cancel(): canceling Sat Jun 02 17:49:50 UTC 2018
------------------ testing $PTII/ptolemy/domains/de/test/auto/Time.xml
auto.tcl: Setting watchdog for 200 seconds at Sat Jun 02 17:49:50 UTC 2018
514 ms. Memory: 549376K Free: 480822K (88%)
ptolemy.util.test.WatchDog.cancel(): canceling Sat Jun 02 17:49:51 UTC 2018
auto.tcl: Setting watchdog for 200 seconds at Sat Jun 02 17:49:51 UTC 2018
499 ms. Memory: 549376K Free: 426950K (78%)
ptolemy.util.test.WatchDog.cancel(): canceling Sat Jun 02 17:49:52 UTC 2018
------------------ testing $PTII/ptolemy/domains/de/test/auto/TimeDelayZeroDelay.xml
auto.tcl: Setting watchdog for 200 seconds at Sat Jun 02 17:49:52 UTC 2018
1 ms. Memory: 550400K Free: 533521K (97%)
ptolemy.util.test.WatchDog.cancel(): canceling Sat Jun 02 17:49:52 UTC 2018
auto.tcl: Setting watchdog for 200 seconds at Sat Jun 02 17:49:52 UTC 2018
1 ms. Memory: 550400K Free: 533521K (97%)
ptolemy.util.test.WatchDog.cancel(): canceling Sat Jun 02 17:49:52 UTC 2018
------------------ testing $PTII/ptolemy/domains/de/test/auto/TimerZeroDelay.xml
auto.tcl: Setting watchdog for 200 seconds at Sat Jun 02 17:49:52 UTC 2018
2 ms. Memory: 549376K Free: 532770K (97%)
ptolemy.util.test.WatchDog.cancel(): canceling Sat Jun 02 17:49:52 UTC 2018
auto.tcl: Setting watchdog for 200 seconds at Sat Jun 02 17:49:52 UTC 2018
2 ms. Memory: 549376K Free: 532770K (97%)
ptolemy.util.test.WatchDog.cancel(): canceling Sat Jun 02 17:49:52 UTC 2018
------------------ testing $PTII/ptolemy/domains/de/test/auto/TimingParadox.xml
auto.tcl: Setting watchdog for 200 seconds at Sat Jun 02 17:49:52 UTC 2018
318 ms. Memory: 549888K Free: 466591K (85%)
ptolemy.util.test.WatchDog.cancel(): canceling Sat Jun 02 17:49:52 UTC 2018
auto.tcl: Setting watchdog for 200 seconds at Sat Jun 02 17:49:52 UTC 2018
311 ms. Memory: 549888K Free: 432921K (79%)
ptolemy.util.test.WatchDog.cancel(): canceling Sat Jun 02 17:49:52 UTC 2018
------------------ testing $PTII/ptolemy/domains/de/test/auto/TransferInputs.xml
auto.tcl: Setting watchdog for 200 seconds at Sat Jun 02 17:49:53 UTC 2018
1 ms. Memory: 549888K Free: 532187K (97%)
ptolemy.util.test.WatchDog.cancel(): canceling Sat Jun 02 17:49:53 UTC 2018
auto.tcl: Setting watchdog for 200 seconds at Sat Jun 02 17:49:53 UTC 2018
1 ms. Memory: 549888K Free: 532187K (97%)
ptolemy.util.test.WatchDog.cancel(): canceling Sat Jun 02 17:49:53 UTC 2018
------------------ testing $PTII/ptolemy/domains/de/test/auto/TransferOutputs2.xml
auto.tcl: Setting watchdog for 200 seconds at Sat Jun 02 17:49:53 UTC 2018
3 ms. Memory: 549376K Free: 526035K (96%)
ptolemy.util.test.WatchDog.cancel(): canceling Sat Jun 02 17:49:53 UTC 2018
auto.tcl: Setting watchdog for 200 seconds at Sat Jun 02 17:49:53 UTC 2018
3 ms. Memory: 549376K Free: 526035K (96%)
ptolemy.util.test.WatchDog.cancel(): canceling Sat Jun 02 17:49:53 UTC 2018
------------------ testing $PTII/ptolemy/domains/de/test/auto/Trilateration.xml
auto.tcl: Setting watchdog for 200 seconds at Sat Jun 02 17:49:53 UTC 2018
14460 ms. Memory: 766976K Free: 217427K (28%)
ptolemy.util.test.WatchDog.cancel(): canceling Sat Jun 02 17:50:08 UTC 2018
auto.tcl: Setting watchdog for 200 seconds at Sat Jun 02 17:50:08 UTC 2018
12648 ms. Memory: 623104K Free: 595252K (96%)
ptolemy.util.test.WatchDog.cancel(): canceling Sat Jun 02 17:50:21 UTC 2018
------------------ testing $PTII/ptolemy/domains/de/test/auto/TwoSigmaDelta.xml
auto.tcl: Setting watchdog for 200 seconds at Sat Jun 02 17:50:21 UTC 2018
2853 ms. Memory: 619520K Free: 292480K (47%)
ptolemy.util.test.WatchDog.cancel(): canceling Sat Jun 02 17:50:24 UTC 2018
auto.tcl: Setting watchdog for 200 seconds at Sat Jun 02 17:50:24 UTC 2018
2327 ms. Memory: 598016K Free: 572255K (96%)
ptolemy.util.test.WatchDog.cancel(): canceling Sat Jun 02 17:50:26 UTC 2018
------------------ testing $PTII/ptolemy/domains/de/test/auto/VariableDelay.xml
auto.tcl: Setting watchdog for 200 seconds at Sat Jun 02 17:50:26 UTC 2018
8 ms. Memory: 594432K Free: 570517K (96%)
ptolemy.util.test.WatchDog.cancel(): canceling Sat Jun 02 17:50:26 UTC 2018
auto.tcl: Setting watchdog for 200 seconds at Sat Jun 02 17:50:26 UTC 2018
2 ms. Memory: 594432K Free: 570517K (96%)
ptolemy.util.test.WatchDog.cancel(): canceling Sat Jun 02 17:50:26 UTC 2018
------------------ testing $PTII/ptolemy/domains/de/test/auto/VariableDelay2.xml
auto.tcl: Setting watchdog for 200 seconds at Sat Jun 02 17:50:26 UTC 2018
6 ms. Memory: 597504K Free: 579154K (97%)
ptolemy.util.test.WatchDog.cancel(): canceling Sat Jun 02 17:50:27 UTC 2018
auto.tcl: Setting watchdog for 200 seconds at Sat Jun 02 17:50:27 UTC 2018
2 ms. Memory: 597504K Free: 579154K (97%)
ptolemy.util.test.WatchDog.cancel(): canceling Sat Jun 02 17:50:27 UTC 2018
------------------ testing $PTII/ptolemy/domains/de/test/auto/VariableDelayZeroDelay.xml
auto.tcl: Setting watchdog for 200 seconds at Sat Jun 02 17:50:27 UTC 2018
2 ms. Memory: 594432K Free: 570950K (96%)
ptolemy.util.test.WatchDog.cancel(): canceling Sat Jun 02 17:50:27 UTC 2018
auto.tcl: Setting watchdog for 200 seconds at Sat Jun 02 17:50:27 UTC 2018
2 ms. Memory: 594432K Free: 570921K (96%)
ptolemy.util.test.WatchDog.cancel(): canceling Sat Jun 02 17:50:27 UTC 2018
------------------ testing $PTII/ptolemy/domains/de/test/auto/VariableDelayZeroDelay2.xml
auto.tcl: Setting watchdog for 200 seconds at Sat Jun 02 17:50:27 UTC 2018
2 ms. Memory: 596992K Free: 578639K (97%)
ptolemy.util.test.WatchDog.cancel(): canceling Sat Jun 02 17:50:27 UTC 2018
auto.tcl: Setting watchdog for 200 seconds at Sat Jun 02 17:50:27 UTC 2018
2 ms. Memory: 596992K Free: 578639K (97%)
ptolemy.util.test.WatchDog.cancel(): canceling Sat Jun 02 17:50:27 UTC 2018
------------------ testing $PTII/ptolemy/domains/de/test/auto/deInCt.xml
auto.tcl: Setting watchdog for 200 seconds at Sat Jun 02 17:50:27 UTC 2018
0
1
1
1
0
0
0
0
0
1
1
0
0
0
0
0
1
1
1
1
1
0
0
0
1
1
1
1
11 ms. Memory: 594432K Free: 570946K (96%)
ptolemy.util.test.WatchDog.cancel(): canceling Sat Jun 02 17:50:27 UTC 2018
auto.tcl: Setting watchdog for 200 seconds at Sat Jun 02 17:50:27 UTC 2018
0
1
1
1
1
1
1
0
0
0
1
1
1
1
0
0
0
0
1
1
1
1
1
10 ms. Memory: 594432K Free: 570946K (96%)
ptolemy.util.test.WatchDog.cancel(): canceling Sat Jun 02 17:50:27 UTC 2018
------------------ testing $PTII/ptolemy/domains/de/test/auto/deInCt2.xml
auto.tcl: Setting watchdog for 200 seconds at Sat Jun 02 17:50:27 UTC 2018
0
1
1
1
0
0
1
1
1
0
0
1
1
1
0
0
1
1
1
0
0
1
1
1
0
0
1
1
1
0
0
1
1
1
0
0
1
1
1
0
0
0
9 ms. Memory: 596480K Free: 572994K (96%)
ptolemy.util.test.WatchDog.cancel(): canceling Sat Jun 02 17:50:27 UTC 2018
auto.tcl: Setting watchdog for 200 seconds at Sat Jun 02 17:50:27 UTC 2018
0
1
1
1
0
0
1
1
1
0
0
1
1
1
0
0
1
1
1
0
0
1
1
1
0
0
1
1
1
0
0
1
1
1
0
0
1
1
1
0
0
0
8 ms. Memory: 596480K Free: 572994K (96%)
ptolemy.util.test.WatchDog.cancel(): canceling Sat Jun 02 17:50:27 UTC 2018
------------------ testing $PTII/ptolemy/domains/de/test/auto/dynamicCausalityInterface1.xml
auto.tcl: Setting watchdog for 200 seconds at Sat Jun 02 17:50:27 UTC 2018
1 ms. Memory: 594432K Free: 563034K (95%)
ptolemy.util.test.WatchDog.cancel(): canceling Sat Jun 02 17:50:27 UTC 2018
auto.tcl: Setting watchdog for 200 seconds at Sat Jun 02 17:50:27 UTC 2018
1 ms. Memory: 594432K Free: 563034K (95%)
ptolemy.util.test.WatchDog.cancel(): canceling Sat Jun 02 17:50:27 UTC 2018
------------------ testing $PTII/ptolemy/domains/de/test/auto/fsm_de_test.xml
auto.tcl: Setting watchdog for 200 seconds at Sat Jun 02 17:50:27 UTC 2018
7 ms. Memory: 596480K Free: 564984K (95%)
ptolemy.util.test.WatchDog.cancel(): canceling Sat Jun 02 17:50:27 UTC 2018
auto.tcl: Setting watchdog for 200 seconds at Sat Jun 02 17:50:27 UTC 2018
4 ms. Memory: 596480K Free: 564984K (95%)
ptolemy.util.test.WatchDog.cancel(): canceling Sat Jun 02 17:50:27 UTC 2018
------------------ testing $PTII/ptolemy/domains/de/test/auto/functionDependencyReconstruction.xml
auto.tcl: Setting watchdog for 200 seconds at Sat Jun 02 17:50:27 UTC 2018
2 ms. Memory: 594432K Free: 562935K (95%)
ptolemy.util.test.WatchDog.cancel(): canceling Sat Jun 02 17:50:27 UTC 2018
auto.tcl: Setting watchdog for 200 seconds at Sat Jun 02 17:50:27 UTC 2018
3 ms. Memory: 594432K Free: 555027K (93%)
ptolemy.util.test.WatchDog.cancel(): canceling Sat Jun 02 17:50:27 UTC 2018
------------------ testing $PTII/ptolemy/domains/de/test/auto/multirate.xml
auto.tcl: Setting watchdog for 200 seconds at Sat Jun 02 17:50:27 UTC 2018
3 ms. Memory: 595968K Free: 572239K (96%)
ptolemy.util.test.WatchDog.cancel(): canceling Sat Jun 02 17:50:27 UTC 2018
auto.tcl: Setting watchdog for 200 seconds at Sat Jun 02 17:50:27 UTC 2018
3 ms. Memory: 595968K Free: 572210K (96%)
ptolemy.util.test.WatchDog.cancel(): canceling Sat Jun 02 17:50:27 UTC 2018
------------------ testing $PTII/ptolemy/domains/de/test/auto/multirate2.xml
auto.tcl: Setting watchdog for 200 seconds at Sat Jun 02 17:50:27 UTC 2018
2 ms. Memory: 594432K Free: 576021K (97%)
ptolemy.util.test.WatchDog.cancel(): canceling Sat Jun 02 17:50:27 UTC 2018
auto.tcl: Setting watchdog for 200 seconds at Sat Jun 02 17:50:27 UTC 2018
3 ms. Memory: 594432K Free: 576021K (97%)
ptolemy.util.test.WatchDog.cancel(): canceling Sat Jun 02 17:50:27 UTC 2018
------------------ testing $PTII/ptolemy/domains/de/test/auto/realtime.xml
auto.tcl: Setting watchdog for 200 seconds at Sat Jun 02 17:50:27 UTC 2018
10002 ms. Memory: 595968K Free: 572396K (96%)
ptolemy.util.test.WatchDog.cancel(): canceling Sat Jun 02 17:50:37 UTC 2018
auto.tcl: Setting watchdog for 200 seconds at Sat Jun 02 17:50:37 UTC 2018
10001 ms. Memory: 595968K Free: 572396K (96%)
ptolemy.util.test.WatchDog.cancel(): canceling Sat Jun 02 17:50:47 UTC 2018
------------------ testing $PTII/ptolemy/domains/de/test/auto/relationGroup.xml
auto.tcl: Setting watchdog for 200 seconds at Sat Jun 02 17:50:47 UTC 2018
2 ms. Memory: 594432K Free: 576046K (97%)
ptolemy.util.test.WatchDog.cancel(): canceling Sat Jun 02 17:50:47 UTC 2018
auto.tcl: Setting watchdog for 200 seconds at Sat Jun 02 17:50:47 UTC 2018
2 ms. Memory: 594432K Free: 576046K (97%)
ptolemy.util.test.WatchDog.cancel(): canceling Sat Jun 02 17:50:47 UTC 2018
------------------ testing $PTII/ptolemy/domains/de/test/auto/relationGroup2.xml
auto.tcl: Setting watchdog for 200 seconds at Sat Jun 02 17:50:47 UTC 2018
1 ms. Memory: 595456K Free: 571966K (96%)
ptolemy.util.test.WatchDog.cancel(): canceling Sat Jun 02 17:50:47 UTC 2018
auto.tcl: Setting watchdog for 200 seconds at Sat Jun 02 17:50:47 UTC 2018
1 ms. Memory: 595456K Free: 571966K (96%)
ptolemy.util.test.WatchDog.cancel(): canceling Sat Jun 02 17:50:47 UTC 2018
------------------ testing $PTII/ptolemy/domains/de/test/auto/sortWithOpaquePorts.xml
auto.tcl: Setting watchdog for 200 seconds at Sat Jun 02 17:50:48 UTC 2018
1 ms. Memory: 594432K Free: 570943K (96%)
ptolemy.util.test.WatchDog.cancel(): canceling Sat Jun 02 17:50:48 UTC 2018
auto.tcl: Setting watchdog for 200 seconds at Sat Jun 02 17:50:48 UTC 2018
2 ms. Memory: 594432K Free: 570943K (96%)
ptolemy.util.test.WatchDog.cancel(): canceling Sat Jun 02 17:50:48 UTC 2018
------------------ testing $PTII/ptolemy/domains/de/test/auto/transferInputsandOutputs.xml
auto.tcl: Setting watchdog for 200 seconds at Sat Jun 02 17:50:48 UTC 2018
2 ms. Memory: 595456K Free: 571955K (96%)
ptolemy.util.test.WatchDog.cancel(): canceling Sat Jun 02 17:50:48 UTC 2018
auto.tcl: Setting watchdog for 200 seconds at Sat Jun 02 17:50:48 UTC 2018
2 ms. Memory: 595456K Free: 571955K (96%)
ptolemy.util.test.WatchDog.cancel(): canceling Sat Jun 02 17:50:48 UTC 2018
------------------ testing $PTII/ptolemy/domains/de/test/auto/triggerType.xml
auto.tcl: Setting watchdog for 200 seconds at Sat Jun 02 17:50:48 UTC 2018
1 ms. Memory: 594432K Free: 570882K (96%)
ptolemy.util.test.WatchDog.cancel(): canceling Sat Jun 02 17:50:48 UTC 2018
auto.tcl: Setting watchdog for 200 seconds at Sat Jun 02 17:50:48 UTC 2018
2 ms. Memory: 594432K Free: 570882K (96%)
ptolemy.util.test.WatchDog.cancel(): canceling Sat Jun 02 17:50:48 UTC 2018
06/02/18 05:50:48
Failed: 0  Total Tests: 192  ((Passed: 187, Newly Passed: 1)  Known Failed: 5) /home/travis/build/icyphy/ptII/ptolemy/domains/de/test
06/02/18 05:50:48
Failed: 0  Total Tests: 192  ((Passed: 187, Newly Passed: 1)  Known Failed: 5) /home/travis/build/icyphy/ptII/ptolemy/domains/de/test
----------------- testing (KnownFailure) /home/travis/build/icyphy/ptII/ptolemy/domains/de/test/auto/knownFailedTests/DESDFClockTest.xml
2010 ms. Memory: 595456K Free: 561669K (94%)
Known Failure: java.lang.reflect.InvocationTargetException
----------------- testing (KnownFailure) /home/travis/build/icyphy/ptII/ptolemy/domains/de/test/auto/knownFailedTests/DirectFeedback.xml
2 ms. Memory: 595456K Free: 520627K (87%)
Known Failure: java.lang.reflect.InvocationTargetException
----------------- testing (KnownFailure) /home/travis/build/icyphy/ptII/ptolemy/domains/de/test/auto/knownFailedTests/FSMSource.xml
10 ms. Memory: 595456K Free: 479585K (81%)
----------------- testing (KnownFailure) /home/travis/build/icyphy/ptII/ptolemy/domains/de/test/auto/knownFailedTests/HierarchicalModel.xml
2 ms. Memory: 595456K Free: 448803K (75%)
Known Failure: java.lang.reflect.InvocationTargetException
----------------- testing (KnownFailure) /home/travis/build/icyphy/ptII/ptolemy/domains/de/test/auto/knownFailedTests/dependencyLoop.xml
2 ms. Memory: 595456K Free: 397485K (67%)
Known Failure: java.lang.reflect.InvocationTargetException
----------------- testing (KnownFailure) /home/travis/build/icyphy/ptII/ptolemy/domains/de/test/auto/knownFailedTests/dependencyLoop2.xml
5 ms. Memory: 595456K Free: 346166K (58%)
Known Failure: java.lang.reflect.InvocationTargetException
No auto/linux-amd64/*.xml tests in /home/travis/build/icyphy/ptII/ptolemy/domains/de/test
AutoTests.java: About to close Vertx.
AutoTests.java: Vertx closed.

===========================================================================================
----------------- testing Sat Jun 02 17:50:50 UTC 2018 /home/travis/build/icyphy/ptII/ptolemy/domains/de/test/auto/ActorDepthCalculation_actorWithoutPorts.xml
----------------- Instantiating /home/travis/build/icyphy/ptII/ptolemy/domains/de/test/auto/ActorDepthCalculation_actorWithoutPorts.xml
2 ms. Memory: 595456K Free: 294863K (50%)
----------------- Invoking toplevel() on ptolemy.moml.MoMLSimpleApplication@154c312c
----------------- Done invoking toplevel() on ptolemy.moml.MoMLSimpleApplication@154c312c
reloadAllAccessors: .ActorDepthCalculation_actorWithoutPorts

===========================================================================================
----------------- testing Sat Jun 02 17:50:50 UTC 2018 /home/travis/build/icyphy/ptII/ptolemy/domains/de/test/auto/AssemblyLine.xml
----------------- Instantiating /home/travis/build/icyphy/ptII/ptolemy/domains/de/test/auto/AssemblyLine.xml
4 ms. Memory: 595456K Free: 274342K (46%)
----------------- Invoking toplevel() on ptolemy.moml.MoMLSimpleApplication@10995283
----------------- Done invoking toplevel() on ptolemy.moml.MoMLSimpleApplication@10995283
reloadAllAccessors: .AssemblyLine

===========================================================================================
----------------- testing Sat Jun 02 17:50:50 UTC 2018 /home/travis/build/icyphy/ptII/ptolemy/domains/de/test/auto/CQBug1.xml
----------------- Instantiating /home/travis/build/icyphy/ptII/ptolemy/domains/de/test/auto/CQBug1.xml
1 ms. Memory: 595456K Free: 253821K (43%)
----------------- Invoking toplevel() on ptolemy.moml.MoMLSimpleApplication@5fc2729a
----------------- Done invoking toplevel() on ptolemy.moml.MoMLSimpleApplication@5fc2729a
reloadAllAccessors: .CQBug1

===========================================================================================
----------------- testing Sat Jun 02 17:50:50 UTC 2018 /home/travis/build/icyphy/ptII/ptolemy/domains/de/test/auto/CancelFireAt.xml
----------------- Instantiating /home/travis/build/icyphy/ptII/ptolemy/domains/de/test/auto/CancelFireAt.xml
1 ms. Memory: 595456K Free: 233300K (39%)
----------------- Invoking toplevel() on ptolemy.moml.MoMLSimpleApplication@23cc8d0e
----------------- Done invoking toplevel() on ptolemy.moml.MoMLSimpleApplication@23cc8d0e
reloadAllAccessors: .CancelFireAt

===========================================================================================
----------------- testing Sat Jun 02 17:50:50 UTC 2018 /home/travis/build/icyphy/ptII/ptolemy/domains/de/test/auto/CausalityAndComposabilityAnalysis.xml
----------------- Instantiating /home/travis/build/icyphy/ptII/ptolemy/domains/de/test/auto/CausalityAndComposabilityAnalysis.xml
1 ms. Memory: 595456K Free: 212779K (36%)
----------------- Invoking toplevel() on ptolemy.moml.MoMLSimpleApplication@53aacc1a
----------------- Done invoking toplevel() on ptolemy.moml.MoMLSimpleApplication@53aacc1a
reloadAllAccessors: .CausalityAndComposabilityAnalysis

===========================================================================================
----------------- testing Sat Jun 02 17:50:50 UTC 2018 /home/travis/build/icyphy/ptII/ptolemy/domains/de/test/auto/CausalityInterface1.xml
----------------- Instantiating /home/travis/build/icyphy/ptII/ptolemy/domains/de/test/auto/CausalityInterface1.xml
4 ms. Memory: 595456K Free: 192258K (32%)
----------------- Invoking toplevel() on ptolemy.moml.MoMLSimpleApplication@7a327c2a
----------------- Done invoking toplevel() on ptolemy.moml.MoMLSimpleApplication@7a327c2a
reloadAllAccessors: .CausalityInterface1

===========================================================================================
----------------- testing Sat Jun 02 17:50:50 UTC 2018 /home/travis/build/icyphy/ptII/ptolemy/domains/de/test/auto/CausalityInterface15.xml
----------------- Instantiating /home/travis/build/icyphy/ptII/ptolemy/domains/de/test/auto/CausalityInterface15.xml
1 ms. Memory: 595456K Free: 171737K (29%)
----------------- Invoking toplevel() on ptolemy.moml.MoMLSimpleApplication@4cd37781
----------------- Done invoking toplevel() on ptolemy.moml.MoMLSimpleApplication@4cd37781
reloadAllAccessors: .CausalityInterface15

===========================================================================================
----------------- testing Sat Jun 02 17:50:50 UTC 2018 /home/travis/build/icyphy/ptII/ptolemy/domains/de/test/auto/CausalityInterface2.xml
----------------- Instantiating /home/travis/build/icyphy/ptII/ptolemy/domains/de/test/auto/CausalityInterface2.xml
1 ms. Memory: 595456K Free: 151216K (25%)
----------------- Invoking toplevel() on ptolemy.moml.MoMLSimpleApplication@e660f99
----------------- Done invoking toplevel() on ptolemy.moml.MoMLSimpleApplication@e660f99
reloadAllAccessors: .CausalityInterface2

===========================================================================================
----------------- testing Sat Jun 02 17:50:50 UTC 2018 /home/travis/build/icyphy/ptII/ptolemy/domains/de/test/auto/CausalityInterface3.xml
----------------- Instantiating /home/travis/build/icyphy/ptII/ptolemy/domains/de/test/auto/CausalityInterface3.xml
1 ms. Memory: 595456K Free: 130695K (22%)
----------------- Invoking toplevel() on ptolemy.moml.MoMLSimpleApplication@298f611c
----------------- Done invoking toplevel() on ptolemy.moml.MoMLSimpleApplication@298f611c
reloadAllAccessors: .CausalityInterface3

===========================================================================================
----------------- testing Sat Jun 02 17:50:50 UTC 2018 /home/travis/build/icyphy/ptII/ptolemy/domains/de/test/auto/ClockDrift.xml
----------------- Instantiating /home/travis/build/icyphy/ptII/ptolemy/domains/de/test/auto/ClockDrift.xml
15 ms. Memory: 595456K Free: 99898K (17%)
----------------- Invoking toplevel() on ptolemy.moml.MoMLSimpleApplication@262ffe3a
----------------- Done invoking toplevel() on ptolemy.moml.MoMLSimpleApplication@262ffe3a
reloadAllAccessors: .ClockDrift

===========================================================================================
----------------- testing Sat Jun 02 17:50:50 UTC 2018 /home/travis/build/icyphy/ptII/ptolemy/domains/de/test/auto/ClockDriftAndValueChange.xml
----------------- Instantiating /home/travis/build/icyphy/ptII/ptolemy/domains/de/test/auto/ClockDriftAndValueChange.xml
8 ms. Memory: 595456K Free: 79377K (13%)
----------------- Invoking toplevel() on ptolemy.moml.MoMLSimpleApplication@21c419ce
----------------- Done invoking toplevel() on ptolemy.moml.MoMLSimpleApplication@21c419ce
reloadAllAccessors: .ClockDriftAndValueChange

===========================================================================================
----------------- testing Sat Jun 02 17:50:50 UTC 2018 /home/travis/build/icyphy/ptII/ptolemy/domains/de/test/auto/ClockDriftChange.xml
----------------- Instantiating /home/travis/build/icyphy/ptII/ptolemy/domains/de/test/auto/ClockDriftChange.xml
8 ms. Memory: 570880K Free: 550278K (96%)
----------------- Invoking toplevel() on ptolemy.moml.MoMLSimpleApplication@6e22547e
----------------- Done invoking toplevel() on ptolemy.moml.MoMLSimpleApplication@6e22547e
reloadAllAccessors: .ClockDriftChange

===========================================================================================
----------------- testing Sat Jun 02 17:50:50 UTC 2018 /home/travis/build/icyphy/ptII/ptolemy/domains/de/test/auto/ComposableCausalityAnalysis.xml
----------------- Instantiating /home/travis/build/icyphy/ptII/ptolemy/domains/de/test/auto/ComposableCausalityAnalysis.xml
1 ms. Memory: 570880K Free: 530704K (93%)
----------------- Invoking toplevel() on ptolemy.moml.MoMLSimpleApplication@1ab770f2
----------------- Done invoking toplevel() on ptolemy.moml.MoMLSimpleApplication@1ab770f2
reloadAllAccessors: .ComposableCausalityAnalysis

===========================================================================================
----------------- testing Sat Jun 02 17:50:50 UTC 2018 /home/travis/build/icyphy/ptII/ptolemy/domains/de/test/auto/DEFixedPointLimitation.xml
----------------- Instantiating /home/travis/build/icyphy/ptII/ptolemy/domains/de/test/auto/DEFixedPointLimitation.xml
0 ms. Memory: 570880K Free: 520925K (91%)
----------------- Invoking toplevel() on ptolemy.moml.MoMLSimpleApplication@12d0d3a0
----------------- Done invoking toplevel() on ptolemy.moml.MoMLSimpleApplication@12d0d3a0
reloadAllAccessors: .DEFixedPointLimitation

===========================================================================================
----------------- testing Sat Jun 02 17:50:50 UTC 2018 /home/travis/build/icyphy/ptII/ptolemy/domains/de/test/auto/DEScheduleTest.xml
----------------- Instantiating /home/travis/build/icyphy/ptII/ptolemy/domains/de/test/auto/DEScheduleTest.xml
4 ms. Memory: 570880K Free: 511146K (90%)
----------------- Invoking toplevel() on ptolemy.moml.MoMLSimpleApplication@66f1ae96
----------------- Done invoking toplevel() on ptolemy.moml.MoMLSimpleApplication@66f1ae96
reloadAllAccessors: .DEScheduleTest

===========================================================================================
----------------- testing Sat Jun 02 17:50:50 UTC 2018 /home/travis/build/icyphy/ptII/ptolemy/domains/de/test/auto/DEinDEwithStartTimes.xml
----------------- Instantiating /home/travis/build/icyphy/ptII/ptolemy/domains/de/test/auto/DEinDEwithStartTimes.xml
3 ms. Memory: 570880K Free: 501366K (88%)
----------------- Invoking toplevel() on ptolemy.moml.MoMLSimpleApplication@2deb7aa0
----------------- Done invoking toplevel() on ptolemy.moml.MoMLSimpleApplication@2deb7aa0
reloadAllAccessors: .DEinDEwithStartTimes

===========================================================================================
----------------- testing Sat Jun 02 17:50:50 UTC 2018 /home/travis/build/icyphy/ptII/ptolemy/domains/de/test/auto/DEinDEwithStartTimes2.xml
----------------- Instantiating /home/travis/build/icyphy/ptII/ptolemy/domains/de/test/auto/DEinDEwithStartTimes2.xml
2 ms. Memory: 570880K Free: 481774K (84%)
----------------- Invoking toplevel() on ptolemy.moml.MoMLSimpleApplication@31a1181b
----------------- Done invoking toplevel() on ptolemy.moml.MoMLSimpleApplication@31a1181b
reloadAllAccessors: .DEinDEwithStartTimes2

===========================================================================================
----------------- testing Sat Jun 02 17:50:50 UTC 2018 /home/travis/build/icyphy/ptII/ptolemy/domains/de/test/auto/DateDemo.xml
----------------- Instantiating /home/travis/build/icyphy/ptII/ptolemy/domains/de/test/auto/DateDemo.xml
6 ms. Memory: 570880K Free: 462183K (81%)
----------------- Invoking toplevel() on ptolemy.moml.MoMLSimpleApplication@4d7853cb
----------------- Done invoking toplevel() on ptolemy.moml.MoMLSimpleApplication@4d7853cb
reloadAllAccessors: .DateDemo

===========================================================================================
----------------- testing Sat Jun 02 17:50:50 UTC 2018 /home/travis/build/icyphy/ptII/ptolemy/domains/de/test/auto/DateToEvent.xml
----------------- Instantiating /home/travis/build/icyphy/ptII/ptolemy/domains/de/test/auto/DateToEvent.xml
2003 ms. Memory: 570880K Free: 437703K (77%)
----------------- Invoking toplevel() on ptolemy.moml.MoMLSimpleApplication@141abb72
----------------- Done invoking toplevel() on ptolemy.moml.MoMLSimpleApplication@141abb72
reloadAllAccessors: .DateToEvent

===========================================================================================
----------------- testing Sat Jun 02 17:50:52 UTC 2018 /home/travis/build/icyphy/ptII/ptolemy/domains/de/test/auto/DepthTest1.xml
----------------- Instantiating /home/travis/build/icyphy/ptII/ptolemy/domains/de/test/auto/DepthTest1.xml
1 ms. Memory: 570880K Free: 427924K (75%)
----------------- Invoking toplevel() on ptolemy.moml.MoMLSimpleApplication@77b4d749
----------------- Done invoking toplevel() on ptolemy.moml.MoMLSimpleApplication@77b4d749
reloadAllAccessors: .DepthTest1

===========================================================================================
----------------- testing Sat Jun 02 17:50:52 UTC 2018 /home/travis/build/icyphy/ptII/ptolemy/domains/de/test/auto/DepthTest2.xml
----------------- Instantiating /home/travis/build/icyphy/ptII/ptolemy/domains/de/test/auto/DepthTest2.xml
2 ms. Memory: 570880K Free: 413239K (72%)
----------------- Invoking toplevel() on ptolemy.moml.MoMLSimpleApplication@320dbea3
----------------- Done invoking toplevel() on ptolemy.moml.MoMLSimpleApplication@320dbea3
reloadAllAccessors: .DepthTest2

===========================================================================================
----------------- testing Sat Jun 02 17:50:52 UTC 2018 /home/travis/build/icyphy/ptII/ptolemy/domains/de/test/auto/DepthTest3.xml
----------------- Instantiating /home/travis/build/icyphy/ptII/ptolemy/domains/de/test/auto/DepthTest3.xml
1 ms. Memory: 570880K Free: 403460K (71%)
----------------- Invoking toplevel() on ptolemy.moml.MoMLSimpleApplication@1917354b
----------------- Done invoking toplevel() on ptolemy.moml.MoMLSimpleApplication@1917354b
reloadAllAccessors: .DepthTest3

===========================================================================================
----------------- testing Sat Jun 02 17:50:52 UTC 2018 /home/travis/build/icyphy/ptII/ptolemy/domains/de/test/auto/DepthTest4.xml
----------------- Instantiating /home/travis/build/icyphy/ptII/ptolemy/domains/de/test/auto/DepthTest4.xml
2 ms. Memory: 570880K Free: 388791K (68%)
----------------- Invoking toplevel() on ptolemy.moml.MoMLSimpleApplication@25eb21b5
----------------- Done invoking toplevel() on ptolemy.moml.MoMLSimpleApplication@25eb21b5
reloadAllAccessors: .DepthTest4

===========================================================================================
----------------- testing Sat Jun 02 17:50:52 UTC 2018 /home/travis/build/icyphy/ptII/ptolemy/domains/de/test/auto/DepthTest5.xml
----------------- Instantiating /home/travis/build/icyphy/ptII/ptolemy/domains/de/test/auto/DepthTest5.xml
2 ms. Memory: 570880K Free: 374106K (66%)
----------------- Invoking toplevel() on ptolemy.moml.MoMLSimpleApplication@5f612705
----------------- Done invoking toplevel() on ptolemy.moml.MoMLSimpleApplication@5f612705
reloadAllAccessors: .DepthTest5

===========================================================================================
----------------- testing Sat Jun 02 17:50:52 UTC 2018 /home/travis/build/icyphy/ptII/ptolemy/domains/de/test/auto/DepthTest6.xml
----------------- Instantiating /home/travis/build/icyphy/ptII/ptolemy/domains/de/test/auto/DepthTest6.xml
2 ms. Memory: 570880K Free: 359421K (63%)
----------------- Invoking toplevel() on ptolemy.moml.MoMLSimpleApplication@39578804
----------------- Done invoking toplevel() on ptolemy.moml.MoMLSimpleApplication@39578804
reloadAllAccessors: .DepthTest6

===========================================================================================
----------------- testing Sat Jun 02 17:50:52 UTC 2018 /home/travis/build/icyphy/ptII/ptolemy/domains/de/test/auto/DepthTest7.xml
----------------- Instantiating /home/travis/build/icyphy/ptII/ptolemy/domains/de/test/auto/DepthTest7.xml
2 ms. Memory: 570880K Free: 349642K (61%)
----------------- Invoking toplevel() on ptolemy.moml.MoMLSimpleApplication@459aa1a6
----------------- Done invoking toplevel() on ptolemy.moml.MoMLSimpleApplication@459aa1a6
reloadAllAccessors: .DepthTest7

===========================================================================================
----------------- testing Sat Jun 02 17:50:52 UTC 2018 /home/travis/build/icyphy/ptII/ptolemy/domains/de/test/auto/EventToDate.xml
----------------- Instantiating /home/travis/build/icyphy/ptII/ptolemy/domains/de/test/auto/EventToDate.xml
3004 ms. Memory: 570880K Free: 330076K (58%)
----------------- Invoking toplevel() on ptolemy.moml.MoMLSimpleApplication@65fca071
----------------- Done invoking toplevel() on ptolemy.moml.MoMLSimpleApplication@65fca071
reloadAllAccessors: .EventToDate

===========================================================================================
----------------- testing Sat Jun 02 17:50:55 UTC 2018 /home/travis/build/icyphy/ptII/ptolemy/domains/de/test/auto/FSM1.xml
----------------- Instantiating /home/travis/build/icyphy/ptII/ptolemy/domains/de/test/auto/FSM1.xml
8 ms. Memory: 570880K Free: 310485K (54%)
----------------- Invoking toplevel() on ptolemy.moml.MoMLSimpleApplication@36b9d3f8
----------------- Done invoking toplevel() on ptolemy.moml.MoMLSimpleApplication@36b9d3f8
reloadAllAccessors: .FSM1

===========================================================================================
----------------- testing Sat Jun 02 17:50:55 UTC 2018 /home/travis/build/icyphy/ptII/ptolemy/domains/de/test/auto/FSM7.xml
----------------- Instantiating /home/travis/build/icyphy/ptII/ptolemy/domains/de/test/auto/FSM7.xml
8 ms. Memory: 570880K Free: 290895K (51%)
----------------- Invoking toplevel() on ptolemy.moml.MoMLSimpleApplication@54df3f08
----------------- Done invoking toplevel() on ptolemy.moml.MoMLSimpleApplication@54df3f08
reloadAllAccessors: .FSM7

===========================================================================================
----------------- testing Sat Jun 02 17:50:55 UTC 2018 /home/travis/build/icyphy/ptII/ptolemy/domains/de/test/auto/Inspection.xml
----------------- Instantiating /home/travis/build/icyphy/ptII/ptolemy/domains/de/test/auto/Inspection.xml
21 ms. Memory: 570880K Free: 271328K (48%)
----------------- Invoking toplevel() on ptolemy.moml.MoMLSimpleApplication@4febe4af
----------------- Done invoking toplevel() on ptolemy.moml.MoMLSimpleApplication@4febe4af
reloadAllAccessors: .Inspection

===========================================================================================
----------------- testing Sat Jun 02 17:50:56 UTC 2018 /home/travis/build/icyphy/ptII/ptolemy/domains/de/test/auto/Iteration.xml
----------------- Instantiating /home/travis/build/icyphy/ptII/ptolemy/domains/de/test/auto/Iteration.xml
9 ms. Memory: 570880K Free: 256651K (45%)
----------------- Invoking toplevel() on ptolemy.moml.MoMLSimpleApplication@6b3f3ee3
----------------- Done invoking toplevel() on ptolemy.moml.MoMLSimpleApplication@6b3f3ee3
reloadAllAccessors: .Iteration

===========================================================================================
----------------- testing Sat Jun 02 17:50:56 UTC 2018 /home/travis/build/icyphy/ptII/ptolemy/domains/de/test/auto/LineFault.xml
----------------- Instantiating /home/travis/build/icyphy/ptII/ptolemy/domains/de/test/auto/LineFault.xml
411 ms. Memory: 570880K Free: 134291K (24%)
----------------- Invoking toplevel() on ptolemy.moml.MoMLSimpleApplication@d3420cb
----------------- Done invoking toplevel() on ptolemy.moml.MoMLSimpleApplication@d3420cb
reloadAllAccessors: .LineFault

===========================================================================================
----------------- testing Sat Jun 02 17:50:56 UTC 2018 /home/travis/build/icyphy/ptII/ptolemy/domains/de/test/auto/MergeModel1Add.xml
----------------- Instantiating /home/travis/build/icyphy/ptII/ptolemy/domains/de/test/auto/MergeModel1Add.xml
5 ms. Memory: 570880K Free: 104936K (18%)
----------------- Invoking toplevel() on ptolemy.moml.MoMLSimpleApplication@3f8929d1
----------------- Done invoking toplevel() on ptolemy.moml.MoMLSimpleApplication@3f8929d1
reloadAllAccessors: .MergeModel1Add

===========================================================================================
----------------- testing Sat Jun 02 17:50:56 UTC 2018 /home/travis/build/icyphy/ptII/ptolemy/domains/de/test/auto/MergeModel2Add.xml
----------------- Instantiating /home/travis/build/icyphy/ptII/ptolemy/domains/de/test/auto/MergeModel2Add.xml
5 ms. Memory: 570880K Free: 80472K (14%)
----------------- Invoking toplevel() on ptolemy.moml.MoMLSimpleApplication@58639ffb
----------------- Done invoking toplevel() on ptolemy.moml.MoMLSimpleApplication@58639ffb
reloadAllAccessors: .MergeModel2Add

===========================================================================================
----------------- testing Sat Jun 02 17:50:56 UTC 2018 /home/travis/build/icyphy/ptII/ptolemy/domains/de/test/auto/MergeModel3Add.xml
----------------- Instantiating /home/travis/build/icyphy/ptII/ptolemy/domains/de/test/auto/MergeModel3Add.xml
5 ms. Memory: 548352K Free: 522968K (95%)
----------------- Invoking toplevel() on ptolemy.moml.MoMLSimpleApplication@2066d6a4
----------------- Done invoking toplevel() on ptolemy.moml.MoMLSimpleApplication@2066d6a4
reloadAllAccessors: .MergeModel3Add

===========================================================================================
----------------- testing Sat Jun 02 17:50:56 UTC 2018 /home/travis/build/icyphy/ptII/ptolemy/domains/de/test/auto/MergeWithoutDiscard.xml
----------------- Instantiating /home/travis/build/icyphy/ptII/ptolemy/domains/de/test/auto/MergeWithoutDiscard.xml
1 ms. Memory: 548352K Free: 510500K (93%)
----------------- Invoking toplevel() on ptolemy.moml.MoMLSimpleApplication@44a240fe
----------------- Done invoking toplevel() on ptolemy.moml.MoMLSimpleApplication@44a240fe
reloadAllAccessors: .MergeWithoutDiscard

===========================================================================================
----------------- testing Sat Jun 02 17:50:56 UTC 2018 /home/travis/build/icyphy/ptII/ptolemy/domains/de/test/auto/Modal1.xml
----------------- Instantiating /home/travis/build/icyphy/ptII/ptolemy/domains/de/test/auto/Modal1.xml
9 ms. Memory: 548352K Free: 491826K (90%)
----------------- Invoking toplevel() on ptolemy.moml.MoMLSimpleApplication@746d3480
----------------- Done invoking toplevel() on ptolemy.moml.MoMLSimpleApplication@746d3480
reloadAllAccessors: .Modal1

===========================================================================================
----------------- testing Sat Jun 02 17:50:56 UTC 2018 /home/travis/build/icyphy/ptII/ptolemy/domains/de/test/auto/Modal2.xml
----------------- Instantiating /home/travis/build/icyphy/ptII/ptolemy/domains/de/test/auto/Modal2.xml
9 ms. Memory: 548352K Free: 473153K (86%)
----------------- Invoking toplevel() on ptolemy.moml.MoMLSimpleApplication@4923aa67
----------------- Done invoking toplevel() on ptolemy.moml.MoMLSimpleApplication@4923aa67
reloadAllAccessors: .Modal2

===========================================================================================
----------------- testing Sat Jun 02 17:50:56 UTC 2018 /home/travis/build/icyphy/ptII/ptolemy/domains/de/test/auto/Modal3.xml
----------------- Instantiating /home/travis/build/icyphy/ptII/ptolemy/domains/de/test/auto/Modal3.xml
8 ms. Memory: 548352K Free: 454472K (83%)
----------------- Invoking toplevel() on ptolemy.moml.MoMLSimpleApplication@40353664
----------------- Done invoking toplevel() on ptolemy.moml.MoMLSimpleApplication@40353664
reloadAllAccessors: .Modal3

===========================================================================================
----------------- testing Sat Jun 02 17:50:56 UTC 2018 /home/travis/build/icyphy/ptII/ptolemy/domains/de/test/auto/Modal4.xml
----------------- Instantiating /home/travis/build/icyphy/ptII/ptolemy/domains/de/test/auto/Modal4.xml
9 ms. Memory: 548352K Free: 435782K (79%)
----------------- Invoking toplevel() on ptolemy.moml.MoMLSimpleApplication@1ec4c999
----------------- Done invoking toplevel() on ptolemy.moml.MoMLSimpleApplication@1ec4c999
reloadAllAccessors: .Modal4

===========================================================================================
----------------- testing Sat Jun 02 17:50:56 UTC 2018 /home/travis/build/icyphy/ptII/ptolemy/domains/de/test/auto/Modal5.xml
----------------- Instantiating /home/travis/build/icyphy/ptII/ptolemy/domains/de/test/auto/Modal5.xml
7 ms. Memory: 548352K Free: 417093K (76%)
----------------- Invoking toplevel() on ptolemy.moml.MoMLSimpleApplication@3e1e06a2
----------------- Done invoking toplevel() on ptolemy.moml.MoMLSimpleApplication@3e1e06a2
reloadAllAccessors: .Modal5

===========================================================================================
----------------- testing Sat Jun 02 17:50:56 UTC 2018 /home/travis/build/icyphy/ptII/ptolemy/domains/de/test/auto/Modal6.xml
----------------- Instantiating /home/travis/build/icyphy/ptII/ptolemy/domains/de/test/auto/Modal6.xml
7 ms. Memory: 548352K Free: 395264K (72%)
----------------- Invoking toplevel() on ptolemy.moml.MoMLSimpleApplication@5baf17ec
----------------- Done invoking toplevel() on ptolemy.moml.MoMLSimpleApplication@5baf17ec
reloadAllAccessors: .Modal6

===========================================================================================
----------------- testing Sat Jun 02 17:50:56 UTC 2018 /home/travis/build/icyphy/ptII/ptolemy/domains/de/test/auto/Modal7.xml
----------------- Instantiating /home/travis/build/icyphy/ptII/ptolemy/domains/de/test/auto/Modal7.xml
7 ms. Memory: 548352K Free: 376591K (69%)
----------------- Invoking toplevel() on ptolemy.moml.MoMLSimpleApplication@6de4741f
----------------- Done invoking toplevel() on ptolemy.moml.MoMLSimpleApplication@6de4741f
reloadAllAccessors: .Modal7

===========================================================================================
----------------- testing Sat Jun 02 17:50:56 UTC 2018 /home/travis/build/icyphy/ptII/ptolemy/domains/de/test/auto/ModalModel.xml
----------------- Instantiating /home/travis/build/icyphy/ptII/ptolemy/domains/de/test/auto/ModalModel.xml
89 ms. Memory: 548352K Free: 301833K (55%)
----------------- Invoking toplevel() on ptolemy.moml.MoMLSimpleApplication@e0d1e14
----------------- Done invoking toplevel() on ptolemy.moml.MoMLSimpleApplication@e0d1e14
reloadAllAccessors: .ModalModel

===========================================================================================
----------------- testing Sat Jun 02 17:50:57 UTC 2018 /home/travis/build/icyphy/ptII/ptolemy/domains/de/test/auto/ModalSource.xml
----------------- Instantiating /home/travis/build/icyphy/ptII/ptolemy/domains/de/test/auto/ModalSource.xml
4 ms. Memory: 548352K Free: 287840K (52%)
----------------- Invoking toplevel() on ptolemy.moml.MoMLSimpleApplication@7cc9395f
----------------- Done invoking toplevel() on ptolemy.moml.MoMLSimpleApplication@7cc9395f
reloadAllAccessors: .ModalSource

===========================================================================================
----------------- testing Sat Jun 02 17:50:57 UTC 2018 /home/travis/build/icyphy/ptII/ptolemy/domains/de/test/auto/NonInterruptibleTimerZeroDelay.xml
----------------- Instantiating /home/travis/build/icyphy/ptII/ptolemy/domains/de/test/auto/NonInterruptibleTimerZeroDelay.xml
1 ms. Memory: 548352K Free: 278511K (51%)
----------------- Invoking toplevel() on ptolemy.moml.MoMLSimpleApplication@f03b8f8
----------------- Done invoking toplevel() on ptolemy.moml.MoMLSimpleApplication@f03b8f8
reloadAllAccessors: .NonInterruptibleTimerZeroDelay

===========================================================================================
----------------- testing Sat Jun 02 17:50:57 UTC 2018 /home/travis/build/icyphy/ptII/ptolemy/domains/de/test/auto/OpenQueueingNetwork.xml
----------------- Instantiating /home/travis/build/icyphy/ptII/ptolemy/domains/de/test/auto/OpenQueueingNetwork.xml
2051 ms. Memory: 527360K Free: 91546K (17%)
----------------- Invoking toplevel() on ptolemy.moml.MoMLSimpleApplication@8533d29
----------------- Done invoking toplevel() on ptolemy.moml.MoMLSimpleApplication@8533d29
reloadAllAccessors: .OpenQueueingNetwork

===========================================================================================
----------------- testing Sat Jun 02 17:50:59 UTC 2018 /home/travis/build/icyphy/ptII/ptolemy/domains/de/test/auto/OpenQueuingNetwork.xml
----------------- Instantiating /home/travis/build/icyphy/ptII/ptolemy/domains/de/test/auto/OpenQueuingNetwork.xml
200 ms. Memory: 506368K Free: 422622K (83%)
----------------- Invoking toplevel() on ptolemy.moml.MoMLSimpleApplication@784ba60
----------------- Done invoking toplevel() on ptolemy.moml.MoMLSimpleApplication@784ba60
reloadAllAccessors: .OpenQueuingNetwork

===========================================================================================
----------------- testing Sat Jun 02 17:50:59 UTC 2018 /home/travis/build/icyphy/ptII/ptolemy/domains/de/test/auto/PeriodicSampler.xml
----------------- Instantiating /home/travis/build/icyphy/ptII/ptolemy/domains/de/test/auto/PeriodicSampler.xml
2 ms. Memory: 506368K Free: 415720K (82%)
----------------- Invoking toplevel() on ptolemy.moml.MoMLSimpleApplication@183cf14e
----------------- Done invoking toplevel() on ptolemy.moml.MoMLSimpleApplication@183cf14e
reloadAllAccessors: .PeriodicSampler

===========================================================================================
----------------- testing Sat Jun 02 17:50:59 UTC 2018 /home/travis/build/icyphy/ptII/ptolemy/domains/de/test/auto/PersistentIO.xml
----------------- Instantiating /home/travis/build/icyphy/ptII/ptolemy/domains/de/test/auto/PersistentIO.xml
3 ms. Memory: 506368K Free: 404385K (80%)
----------------- Invoking toplevel() on ptolemy.moml.MoMLSimpleApplication@2e86507e
----------------- Done invoking toplevel() on ptolemy.moml.MoMLSimpleApplication@2e86507e
reloadAllAccessors: .PersistentIO

===========================================================================================
----------------- testing Sat Jun 02 17:50:59 UTC 2018 /home/travis/build/icyphy/ptII/ptolemy/domains/de/test/auto/PortParameterResetOnInitialize.xml
----------------- Instantiating /home/travis/build/icyphy/ptII/ptolemy/domains/de/test/auto/PortParameterResetOnInitialize.xml
1 ms. Memory: 506368K Free: 394637K (78%)
----------------- Invoking toplevel() on ptolemy.moml.MoMLSimpleApplication@5e9a6244
----------------- Done invoking toplevel() on ptolemy.moml.MoMLSimpleApplication@5e9a6244
reloadAllAccessors: .PortParameterResetOnInitialize

===========================================================================================
----------------- testing Sat Jun 02 17:50:59 UTC 2018 /home/travis/build/icyphy/ptII/ptolemy/domains/de/test/auto/PortParameterUpdates.xml
----------------- Instantiating /home/travis/build/icyphy/ptII/ptolemy/domains/de/test/auto/PortParameterUpdates.xml
4 ms. Memory: 506368K Free: 386148K (76%)
----------------- Invoking toplevel() on ptolemy.moml.MoMLSimpleApplication@33b9242e
----------------- Done invoking toplevel() on ptolemy.moml.MoMLSimpleApplication@33b9242e
reloadAllAccessors: .PortParameterUpdates

===========================================================================================
----------------- testing Sat Jun 02 17:50:59 UTC 2018 /home/travis/build/icyphy/ptII/ptolemy/domains/de/test/auto/QueueAndServer.xml
----------------- Instantiating /home/travis/build/icyphy/ptII/ptolemy/domains/de/test/auto/QueueAndServer.xml
5 ms. Memory: 506368K Free: 373556K (74%)
----------------- Invoking toplevel() on ptolemy.moml.MoMLSimpleApplication@7325ac3c
----------------- Done invoking toplevel() on ptolemy.moml.MoMLSimpleApplication@7325ac3c
reloadAllAccessors: .QueueAndServer

===========================================================================================
----------------- testing Sat Jun 02 17:50:59 UTC 2018 /home/travis/build/icyphy/ptII/ptolemy/domains/de/test/auto/Records.xml
----------------- Instantiating /home/travis/build/icyphy/ptII/ptolemy/domains/de/test/auto/Records.xml
3 ms. Memory: 506368K Free: 365067K (72%)
----------------- Invoking toplevel() on ptolemy.moml.MoMLSimpleApplication@4f869654
----------------- Done invoking toplevel() on ptolemy.moml.MoMLSimpleApplication@4f869654
reloadAllAccessors: .Records

===========================================================================================
----------------- testing Sat Jun 02 17:50:59 UTC 2018 /home/travis/build/icyphy/ptII/ptolemy/domains/de/test/auto/ResetTransitionWithStartTime1.xml
----------------- Instantiating /home/travis/build/icyphy/ptII/ptolemy/domains/de/test/auto/ResetTransitionWithStartTime1.xml
8 ms. Memory: 506368K Free: 353716K (70%)
----------------- Invoking toplevel() on ptolemy.moml.MoMLSimpleApplication@45bea4af
----------------- Done invoking toplevel() on ptolemy.moml.MoMLSimpleApplication@45bea4af
reloadAllAccessors: .ResetTransitionWithStartTime1

===========================================================================================
----------------- testing Sat Jun 02 17:50:59 UTC 2018 /home/travis/build/icyphy/ptII/ptolemy/domains/de/test/auto/ResetTransitionWithStartTime2.xml
----------------- Instantiating /home/travis/build/icyphy/ptII/ptolemy/domains/de/test/auto/ResetTransitionWithStartTime2.xml
4 ms. Memory: 506368K Free: 341123K (67%)
----------------- Invoking toplevel() on ptolemy.moml.MoMLSimpleApplication@6cc44fa0
----------------- Done invoking toplevel() on ptolemy.moml.MoMLSimpleApplication@6cc44fa0
reloadAllAccessors: .ResetTransitionWithStartTime2

===========================================================================================
----------------- testing Sat Jun 02 17:50:59 UTC 2018 /home/travis/build/icyphy/ptII/ptolemy/domains/de/test/auto/ResetTransitionWithStartTime3.xml
----------------- Instantiating /home/travis/build/icyphy/ptII/ptolemy/domains/de/test/auto/ResetTransitionWithStartTime3.xml
4 ms. Memory: 506368K Free: 329772K (65%)
----------------- Invoking toplevel() on ptolemy.moml.MoMLSimpleApplication@6e0062fc
----------------- Done invoking toplevel() on ptolemy.moml.MoMLSimpleApplication@6e0062fc
reloadAllAccessors: .ResetTransitionWithStartTime3

===========================================================================================
----------------- testing Sat Jun 02 17:50:59 UTC 2018 /home/travis/build/icyphy/ptII/ptolemy/domains/de/test/auto/ResetTransitionWithStartTime4.xml
----------------- Instantiating /home/travis/build/icyphy/ptII/ptolemy/domains/de/test/auto/ResetTransitionWithStartTime4.xml
4 ms. Memory: 506368K Free: 317178K (63%)
----------------- Invoking toplevel() on ptolemy.moml.MoMLSimpleApplication@6cfd97d8
----------------- Done invoking toplevel() on ptolemy.moml.MoMLSimpleApplication@6cfd97d8
reloadAllAccessors: .ResetTransitionWithStartTime4

===========================================================================================
----------------- testing Sat Jun 02 17:50:59 UTC 2018 /home/travis/build/icyphy/ptII/ptolemy/domains/de/test/auto/ResettableTimer1.xml
----------------- Instantiating /home/travis/build/icyphy/ptII/ptolemy/domains/de/test/auto/ResettableTimer1.xml
1 ms. Memory: 506368K Free: 308689K (61%)
----------------- Invoking toplevel() on ptolemy.moml.MoMLSimpleApplication@74b477fb
----------------- Done invoking toplevel() on ptolemy.moml.MoMLSimpleApplication@74b477fb
reloadAllAccessors: .ResettableTimer1

===========================================================================================
----------------- testing Sat Jun 02 17:50:59 UTC 2018 /home/travis/build/icyphy/ptII/ptolemy/domains/de/test/auto/ResettableTimer2.xml
----------------- Instantiating /home/travis/build/icyphy/ptII/ptolemy/domains/de/test/auto/ResettableTimer2.xml
1 ms. Memory: 506368K Free: 300200K (59%)
----------------- Invoking toplevel() on ptolemy.moml.MoMLSimpleApplication@1213e30a
----------------- Done invoking toplevel() on ptolemy.moml.MoMLSimpleApplication@1213e30a
reloadAllAccessors: .ResettableTimer2

===========================================================================================
----------------- testing Sat Jun 02 17:50:59 UTC 2018 /home/travis/build/icyphy/ptII/ptolemy/domains/de/test/auto/ResettableTimer3.xml
----------------- Instantiating /home/travis/build/icyphy/ptII/ptolemy/domains/de/test/auto/ResettableTimer3.xml
1 ms. Memory: 506368K Free: 290468K (57%)
----------------- Invoking toplevel() on ptolemy.moml.MoMLSimpleApplication@918c8a4
----------------- Done invoking toplevel() on ptolemy.moml.MoMLSimpleApplication@918c8a4
reloadAllAccessors: .ResettableTimer3

===========================================================================================
----------------- testing Sat Jun 02 17:50:59 UTC 2018 /home/travis/build/icyphy/ptII/ptolemy/domains/de/test/auto/ResettableTimer4.xml
----------------- Instantiating /home/travis/build/icyphy/ptII/ptolemy/domains/de/test/auto/ResettableTimer4.xml
1 ms. Memory: 506368K Free: 281963K (56%)
----------------- Invoking toplevel() on ptolemy.moml.MoMLSimpleApplication@30af7c8d
----------------- Done invoking toplevel() on ptolemy.moml.MoMLSimpleApplication@30af7c8d
reloadAllAccessors: .ResettableTimer4

===========================================================================================
----------------- testing Sat Jun 02 17:50:59 UTC 2018 /home/travis/build/icyphy/ptII/ptolemy/domains/de/test/auto/ResettableTimer5.xml
----------------- Instantiating /home/travis/build/icyphy/ptII/ptolemy/domains/de/test/auto/ResettableTimer5.xml
1 ms. Memory: 506368K Free: 272223K (54%)
----------------- Invoking toplevel() on ptolemy.moml.MoMLSimpleApplication@f1d302c
----------------- Done invoking toplevel() on ptolemy.moml.MoMLSimpleApplication@f1d302c
reloadAllAccessors: .ResettableTimer5

===========================================================================================
----------------- testing Sat Jun 02 17:50:59 UTC 2018 /home/travis/build/icyphy/ptII/ptolemy/domains/de/test/auto/ResettableTimer6.xml
----------------- Instantiating /home/travis/build/icyphy/ptII/ptolemy/domains/de/test/auto/ResettableTimer6.xml
1 ms. Memory: 506368K Free: 263718K (52%)
----------------- Invoking toplevel() on ptolemy.moml.MoMLSimpleApplication@3cb5dfd0
----------------- Done invoking toplevel() on ptolemy.moml.MoMLSimpleApplication@3cb5dfd0
reloadAllAccessors: .ResettableTimer6

===========================================================================================
----------------- testing Sat Jun 02 17:50:59 UTC 2018 /home/travis/build/icyphy/ptII/ptolemy/domains/de/test/auto/ServerZeroDelay.xml
----------------- Instantiating /home/travis/build/icyphy/ptII/ptolemy/domains/de/test/auto/ServerZeroDelay.xml
2 ms. Memory: 506368K Free: 253970K (50%)
----------------- Invoking toplevel() on ptolemy.moml.MoMLSimpleApplication@372b873e
----------------- Done invoking toplevel() on ptolemy.moml.MoMLSimpleApplication@372b873e
reloadAllAccessors: .ServerZeroDelay

===========================================================================================
----------------- testing Sat Jun 02 17:50:59 UTC 2018 /home/travis/build/icyphy/ptII/ptolemy/domains/de/test/auto/SmartSender.xml
----------------- Instantiating /home/travis/build/icyphy/ptII/ptolemy/domains/de/test/auto/SmartSender.xml
3002 ms. Memory: 506368K Free: 245465K (48%)
----------------- Invoking toplevel() on ptolemy.moml.MoMLSimpleApplication@24b6cccd
----------------- Done invoking toplevel() on ptolemy.moml.MoMLSimpleApplication@24b6cccd
reloadAllAccessors: .SmartSender

===========================================================================================
----------------- testing Sat Jun 02 17:51:02 UTC 2018 /home/travis/build/icyphy/ptII/ptolemy/domains/de/test/auto/ThreadedComposite.xml
----------------- Instantiating /home/travis/build/icyphy/ptII/ptolemy/domains/de/test/auto/ThreadedComposite.xml
286 ms. Memory: 506368K Free: 208655K (41%)
----------------- Invoking toplevel() on ptolemy.moml.MoMLSimpleApplication@5f972932
----------------- Done invoking toplevel() on ptolemy.moml.MoMLSimpleApplication@5f972932
reloadAllAccessors: .ThreadedComposite

===========================================================================================
----------------- testing Sat Jun 02 17:51:03 UTC 2018 /home/travis/build/icyphy/ptII/ptolemy/domains/de/test/auto/Time.xml
----------------- Instantiating /home/travis/build/icyphy/ptII/ptolemy/domains/de/test/auto/Time.xml
396 ms. Memory: 506368K Free: 150802K (30%)
----------------- Invoking toplevel() on ptolemy.moml.MoMLSimpleApplication@7160a6b
----------------- Done invoking toplevel() on ptolemy.moml.MoMLSimpleApplication@7160a6b
reloadAllAccessors: .Time

===========================================================================================
----------------- testing Sat Jun 02 17:51:03 UTC 2018 /home/travis/build/icyphy/ptII/ptolemy/domains/de/test/auto/TimeDelayZeroDelay.xml
----------------- Instantiating /home/travis/build/icyphy/ptII/ptolemy/domains/de/test/auto/TimeDelayZeroDelay.xml
2 ms. Memory: 506368K Free: 142313K (28%)
----------------- Invoking toplevel() on ptolemy.moml.MoMLSimpleApplication@435760ca
----------------- Done invoking toplevel() on ptolemy.moml.MoMLSimpleApplication@435760ca
reloadAllAccessors: .TimeDelayZeroDelay

===========================================================================================
----------------- testing Sat Jun 02 17:51:03 UTC 2018 /home/travis/build/icyphy/ptII/ptolemy/domains/de/test/auto/TimerZeroDelay.xml
----------------- Instantiating /home/travis/build/icyphy/ptII/ptolemy/domains/de/test/auto/TimerZeroDelay.xml
2 ms. Memory: 506368K Free: 132582K (26%)
----------------- Invoking toplevel() on ptolemy.moml.MoMLSimpleApplication@1b2e1e83
----------------- Done invoking toplevel() on ptolemy.moml.MoMLSimpleApplication@1b2e1e83
reloadAllAccessors: .TimerZeroDelay

===========================================================================================
----------------- testing Sat Jun 02 17:51:03 UTC 2018 /home/travis/build/icyphy/ptII/ptolemy/domains/de/test/auto/TimingParadox.xml
----------------- Instantiating /home/travis/build/icyphy/ptII/ptolemy/domains/de/test/auto/TimingParadox.xml
282 ms. Memory: 487936K Free: 468461K (96%)
----------------- Invoking toplevel() on ptolemy.moml.MoMLSimpleApplication@3de97ebe
----------------- Done invoking toplevel() on ptolemy.moml.MoMLSimpleApplication@3de97ebe
reloadAllAccessors: .TimingParadox

===========================================================================================
----------------- testing Sat Jun 02 17:51:03 UTC 2018 /home/travis/build/icyphy/ptII/ptolemy/domains/de/test/auto/TransferInputs.xml
----------------- Instantiating /home/travis/build/icyphy/ptII/ptolemy/domains/de/test/auto/TransferInputs.xml
2 ms. Memory: 487936K Free: 457865K (94%)
----------------- Invoking toplevel() on ptolemy.moml.MoMLSimpleApplication@39e94c2e
----------------- Done invoking toplevel() on ptolemy.moml.MoMLSimpleApplication@39e94c2e
reloadAllAccessors: .TransferInputs

===========================================================================================
----------------- testing Sat Jun 02 17:51:03 UTC 2018 /home/travis/build/icyphy/ptII/ptolemy/domains/de/test/auto/TransferOutputs2.xml
----------------- Instantiating /home/travis/build/icyphy/ptII/ptolemy/domains/de/test/auto/TransferOutputs2.xml
5 ms. Memory: 487936K Free: 446200K (91%)
----------------- Invoking toplevel() on ptolemy.moml.MoMLSimpleApplication@7364d10b
----------------- Done invoking toplevel() on ptolemy.moml.MoMLSimpleApplication@7364d10b
reloadAllAccessors: .TransferOutputs2

===========================================================================================
----------------- testing Sat Jun 02 17:51:03 UTC 2018 /home/travis/build/icyphy/ptII/ptolemy/domains/de/test/auto/Trilateration.xml
----------------- Instantiating /home/travis/build/icyphy/ptII/ptolemy/domains/de/test/auto/Trilateration.xml
11171 ms. Memory: 929280K Free: 668692K (72%)
----------------- Invoking toplevel() on ptolemy.moml.MoMLSimpleApplication@30098e1d
----------------- Done invoking toplevel() on ptolemy.moml.MoMLSimpleApplication@30098e1d
reloadAllAccessors: .Trilateration

===========================================================================================
----------------- testing Sat Jun 02 17:51:15 UTC 2018 /home/travis/build/icyphy/ptII/ptolemy/domains/de/test/auto/TwoSigmaDelta.xml
----------------- Instantiating /home/travis/build/icyphy/ptII/ptolemy/domains/de/test/auto/TwoSigmaDelta.xml
1947 ms. Memory: 929280K Free: 360104K (39%)
----------------- Invoking toplevel() on ptolemy.moml.MoMLSimpleApplication@41fc76cf
----------------- Done invoking toplevel() on ptolemy.moml.MoMLSimpleApplication@41fc76cf
reloadAllAccessors: .TwoSigmaDelta

===========================================================================================
----------------- testing Sat Jun 02 17:51:17 UTC 2018 /home/travis/build/icyphy/ptII/ptolemy/domains/de/test/auto/VariableDelay.xml
----------------- Instantiating /home/travis/build/icyphy/ptII/ptolemy/domains/de/test/auto/VariableDelay.xml
2 ms. Memory: 929280K Free: 343146K (37%)
----------------- Invoking toplevel() on ptolemy.moml.MoMLSimpleApplication@67486874
----------------- Done invoking toplevel() on ptolemy.moml.MoMLSimpleApplication@67486874
reloadAllAccessors: .VariableDelay

===========================================================================================
----------------- testing Sat Jun 02 17:51:17 UTC 2018 /home/travis/build/icyphy/ptII/ptolemy/domains/de/test/auto/VariableDelay2.xml
----------------- Instantiating /home/travis/build/icyphy/ptII/ptolemy/domains/de/test/auto/VariableDelay2.xml
1 ms. Memory: 929280K Free: 325010K (35%)
----------------- Invoking toplevel() on ptolemy.moml.MoMLSimpleApplication@526337cb
----------------- Done invoking toplevel() on ptolemy.moml.MoMLSimpleApplication@526337cb
reloadAllAccessors: .VariableDelay2

===========================================================================================
----------------- testing Sat Jun 02 17:51:17 UTC 2018 /home/travis/build/icyphy/ptII/ptolemy/domains/de/test/auto/VariableDelayZeroDelay.xml
----------------- Instantiating /home/travis/build/icyphy/ptII/ptolemy/domains/de/test/auto/VariableDelayZeroDelay.xml
2 ms. Memory: 929280K Free: 308053K (33%)
----------------- Invoking toplevel() on ptolemy.moml.MoMLSimpleApplication@321fb772
----------------- Done invoking toplevel() on ptolemy.moml.MoMLSimpleApplication@321fb772
reloadAllAccessors: .VariableDelayZeroDelay

===========================================================================================
----------------- testing Sat Jun 02 17:51:17 UTC 2018 /home/travis/build/icyphy/ptII/ptolemy/domains/de/test/auto/VariableDelayZeroDelay2.xml
----------------- Instantiating /home/travis/build/icyphy/ptII/ptolemy/domains/de/test/auto/VariableDelayZeroDelay2.xml
2 ms. Memory: 929280K Free: 289917K (31%)
----------------- Invoking toplevel() on ptolemy.moml.MoMLSimpleApplication@607a2c4d
----------------- Done invoking toplevel() on ptolemy.moml.MoMLSimpleApplication@607a2c4d
reloadAllAccessors: .VariableDelayZeroDelay2

===========================================================================================
----------------- testing Sat Jun 02 17:51:17 UTC 2018 /home/travis/build/icyphy/ptII/ptolemy/domains/de/test/auto/deInCt.xml
----------------- Instantiating /home/travis/build/icyphy/ptII/ptolemy/domains/de/test/auto/deInCt.xml
0
1
1
1
1
1
0
0
0
1
1
1
1
0
0
0
1
1
1
0
0
0
1
1
1
0
0
0
1
1
1
0
0
1
1
1
1
1
0
0
0
0
5 ms. Memory: 929280K Free: 272960K (29%)
----------------- Invoking toplevel() on ptolemy.moml.MoMLSimpleApplication@1f84d406
----------------- Done invoking toplevel() on ptolemy.moml.MoMLSimpleApplication@1f84d406
reloadAllAccessors: .deInCt

===========================================================================================
----------------- testing Sat Jun 02 17:51:17 UTC 2018 /home/travis/build/icyphy/ptII/ptolemy/domains/de/test/auto/deInCt2.xml
----------------- Instantiating /home/travis/build/icyphy/ptII/ptolemy/domains/de/test/auto/deInCt2.xml
0
1
1
1
0
0
1
1
1
0
0
1
1
1
0
0
1
1
1
0
0
1
1
1
0
0
1
1
1
0
0
1
1
1
0
0
1
1
1
0
0
0
6 ms. Memory: 929280K Free: 254824K (27%)
----------------- Invoking toplevel() on ptolemy.moml.MoMLSimpleApplication@3e745a19
----------------- Done invoking toplevel() on ptolemy.moml.MoMLSimpleApplication@3e745a19
reloadAllAccessors: .deInCt2

===========================================================================================
----------------- testing Sat Jun 02 17:51:17 UTC 2018 /home/travis/build/icyphy/ptII/ptolemy/domains/de/test/auto/dynamicCausalityInterface1.xml
----------------- Instantiating /home/travis/build/icyphy/ptII/ptolemy/domains/de/test/auto/dynamicCausalityInterface1.xml
1 ms. Memory: 929280K Free: 229380K (25%)
----------------- Invoking toplevel() on ptolemy.moml.MoMLSimpleApplication@680f7f79
----------------- Done invoking toplevel() on ptolemy.moml.MoMLSimpleApplication@680f7f79
reloadAllAccessors: .dynamicCausalityInterface1

===========================================================================================
----------------- testing Sat Jun 02 17:51:17 UTC 2018 /home/travis/build/icyphy/ptII/ptolemy/domains/de/test/auto/fsm_de_test.xml
----------------- Instantiating /home/travis/build/icyphy/ptII/ptolemy/domains/de/test/auto/fsm_de_test.xml
4 ms. Memory: 929280K Free: 211239K (23%)
----------------- Invoking toplevel() on ptolemy.moml.MoMLSimpleApplication@19820b75
----------------- Done invoking toplevel() on ptolemy.moml.MoMLSimpleApplication@19820b75
reloadAllAccessors: .fsm_de_test

===========================================================================================
----------------- testing Sat Jun 02 17:51:17 UTC 2018 /home/travis/build/icyphy/ptII/ptolemy/domains/de/test/auto/functionDependencyReconstruction.xml
----------------- Instantiating /home/travis/build/icyphy/ptII/ptolemy/domains/de/test/auto/functionDependencyReconstruction.xml
2 ms. Memory: 929280K Free: 185787K (20%)
----------------- Invoking toplevel() on ptolemy.moml.MoMLSimpleApplication@61dc5707
----------------- Done invoking toplevel() on ptolemy.moml.MoMLSimpleApplication@61dc5707
reloadAllAccessors: .functionDependencyReconstruction

===========================================================================================
----------------- testing Sat Jun 02 17:51:17 UTC 2018 /home/travis/build/icyphy/ptII/ptolemy/domains/de/test/auto/multirate.xml
----------------- Instantiating /home/travis/build/icyphy/ptII/ptolemy/domains/de/test/auto/multirate.xml
3 ms. Memory: 929280K Free: 167651K (18%)
----------------- Invoking toplevel() on ptolemy.moml.MoMLSimpleApplication@5f144fa3
----------------- Done invoking toplevel() on ptolemy.moml.MoMLSimpleApplication@5f144fa3
reloadAllAccessors: .multirate

===========================================================================================
----------------- testing Sat Jun 02 17:51:17 UTC 2018 /home/travis/build/icyphy/ptII/ptolemy/domains/de/test/auto/multirate2.xml
----------------- Instantiating /home/travis/build/icyphy/ptII/ptolemy/domains/de/test/auto/multirate2.xml
2 ms. Memory: 929280K Free: 150693K (16%)
----------------- Invoking toplevel() on ptolemy.moml.MoMLSimpleApplication@3c2b0db
----------------- Done invoking toplevel() on ptolemy.moml.MoMLSimpleApplication@3c2b0db
reloadAllAccessors: .multirate2

===========================================================================================
----------------- testing Sat Jun 02 17:51:18 UTC 2018 /home/travis/build/icyphy/ptII/ptolemy/domains/de/test/auto/realtime.xml
----------------- Instantiating /home/travis/build/icyphy/ptII/ptolemy/domains/de/test/auto/realtime.xml
10001 ms. Memory: 929280K Free: 132558K (14%)
----------------- Invoking toplevel() on ptolemy.moml.MoMLSimpleApplication@782e188d
----------------- Done invoking toplevel() on ptolemy.moml.MoMLSimpleApplication@782e188d
reloadAllAccessors: .realtime

===========================================================================================
----------------- testing Sat Jun 02 17:51:28 UTC 2018 /home/travis/build/icyphy/ptII/ptolemy/domains/de/test/auto/relationGroup.xml
----------------- Instantiating /home/travis/build/icyphy/ptII/ptolemy/domains/de/test/auto/relationGroup.xml
2 ms. Memory: 929280K Free: 115600K (12%)
----------------- Invoking toplevel() on ptolemy.moml.MoMLSimpleApplication@7d49dfc1
----------------- Done invoking toplevel() on ptolemy.moml.MoMLSimpleApplication@7d49dfc1
reloadAllAccessors: .relationGroup

===========================================================================================
----------------- testing Sat Jun 02 17:51:28 UTC 2018 /home/travis/build/icyphy/ptII/ptolemy/domains/de/test/auto/relationGroup2.xml
----------------- Instantiating /home/travis/build/icyphy/ptII/ptolemy/domains/de/test/auto/relationGroup2.xml
1 ms. Memory: 929280K Free: 98643K (11%)
----------------- Invoking toplevel() on ptolemy.moml.MoMLSimpleApplication@11a8f845
----------------- Done invoking toplevel() on ptolemy.moml.MoMLSimpleApplication@11a8f845
reloadAllAccessors: .relationGroup2

===========================================================================================
----------------- testing Sat Jun 02 17:51:28 UTC 2018 /home/travis/build/icyphy/ptII/ptolemy/domains/de/test/auto/sortWithOpaquePorts.xml
----------------- Instantiating /home/travis/build/icyphy/ptII/ptolemy/domains/de/test/auto/sortWithOpaquePorts.xml
1 ms. Memory: 929280K Free: 80507K (9%)
----------------- Invoking toplevel() on ptolemy.moml.MoMLSimpleApplication@4dd5acd7
----------------- Done invoking toplevel() on ptolemy.moml.MoMLSimpleApplication@4dd5acd7
reloadAllAccessors: .sortWithOpaquePorts

===========================================================================================
----------------- testing Sat Jun 02 17:51:28 UTC 2018 /home/travis/build/icyphy/ptII/ptolemy/domains/de/test/auto/transferInputsandOutputs.xml
----------------- Instantiating /home/travis/build/icyphy/ptII/ptolemy/domains/de/test/auto/transferInputsandOutputs.xml
3 ms. Memory: 929280K Free: 63550K (7%)
----------------- Invoking toplevel() on ptolemy.moml.MoMLSimpleApplication@6f5a41fc
----------------- Done invoking toplevel() on ptolemy.moml.MoMLSimpleApplication@6f5a41fc
reloadAllAccessors: .transferInputsandOutputs

===========================================================================================
----------------- testing Sat Jun 02 17:51:28 UTC 2018 /home/travis/build/icyphy/ptII/ptolemy/domains/de/test/auto/triggerType.xml
----------------- Instantiating /home/travis/build/icyphy/ptII/ptolemy/domains/de/test/auto/triggerType.xml
7 ms. Memory: 894976K Free: 861509K (96%)
----------------- Invoking toplevel() on ptolemy.moml.MoMLSimpleApplication@520123b5
----------------- Done invoking toplevel() on ptolemy.moml.MoMLSimpleApplication@520123b5
reloadAllAccessors: .triggerType
AutoTests.java: About to close Vertx.
AutoTests.java: Vertx closed.
]]></system-out>
  <system-err><![CDATA[java.lang.RuntimeException: Execution failed
	at ptolemy.moml.MoMLSimpleApplication$UnloadThread.run(MoMLSimpleApplication.java:402)
Caused by: ptolemy.kernel.util.IllegalActionException: Found a zero delay loop containing .dependencyLoop.original
  in .dependencyLoop and .dependencyLoop.original
	at ptolemy.actor.util.CausalityInterfaceForComposites._computeOutputPortDepth(CausalityInterfaceForComposites.java:759)
	at ptolemy.actor.util.CausalityInterfaceForComposites._computeInputDepth(CausalityInterfaceForComposites.java:696)
	at ptolemy.actor.util.CausalityInterfaceForComposites._computeOutputPortDepth(CausalityInterfaceForComposites.java:765)
	at ptolemy.actor.util.CausalityInterfaceForComposites._computeInputDepth(CausalityInterfaceForComposites.java:696)
	at ptolemy.actor.util.CausalityInterfaceForComposites._computeOutputPortDepth(CausalityInterfaceForComposites.java:765)
	at ptolemy.actor.util.CausalityInterfaceForComposites._computeInputDepth(CausalityInterfaceForComposites.java:696)
	at ptolemy.actor.util.CausalityInterfaceForComposites._computeActorDepth(CausalityInterfaceForComposites.java:532)
	at ptolemy.actor.util.CausalityInterfaceForComposites.checkForCycles(CausalityInterfaceForComposites.java:96)
	at ptolemy.domains.de.kernel.DEDirector.preinitialize(DEDirector.java:1337)
	at ptolemy.actor.CompositeActor.preinitialize(CompositeActor.java:1828)
	at ptolemy.actor.Manager.preinitializeAndResolveTypes(Manager.java:1040)
	at ptolemy.actor.Manager.initialize(Manager.java:710)
	at ptolemy.actor.Manager.execute(Manager.java:356)
	at ptolemy.actor.Manager.run(Manager.java:1263)
	at ptolemy.actor.Manager$PtolemyRunThread.run(Manager.java:1915)
java.lang.RuntimeException: Execution failed
	at ptolemy.moml.MoMLSimpleApplication$UnloadThread.run(MoMLSimpleApplication.java:402)
Caused by: ptolemy.kernel.util.IllegalActionException: Found a zero delay loop containing .dependencyLoop2.original
  in .dependencyLoop2 and .dependencyLoop2.original
	at ptolemy.actor.util.CausalityInterfaceForComposites._computeOutputPortDepth(CausalityInterfaceForComposites.java:759)
	at ptolemy.actor.util.CausalityInterfaceForComposites._computeInputDepth(CausalityInterfaceForComposites.java:696)
	at ptolemy.actor.util.CausalityInterfaceForComposites._computeOutputPortDepth(CausalityInterfaceForComposites.java:765)
	at ptolemy.actor.util.CausalityInterfaceForComposites._computeInputDepth(CausalityInterfaceForComposites.java:696)
	at ptolemy.actor.util.CausalityInterfaceForComposites._computeOutputPortDepth(CausalityInterfaceForComposites.java:765)
	at ptolemy.actor.util.CausalityInterfaceForComposites._computeInputDepth(CausalityInterfaceForComposites.java:696)
	at ptolemy.actor.util.CausalityInterfaceForComposites._computeActorDepth(CausalityInterfaceForComposites.java:532)
	at ptolemy.actor.util.CausalityInterfaceForComposites.checkForCycles(CausalityInterfaceForComposites.java:96)
	at ptolemy.domains.de.kernel.DEDirector.preinitialize(DEDirector.java:1337)
	at ptolemy.actor.CompositeActor.preinitialize(CompositeActor.java:1828)
	at ptolemy.actor.Manager.preinitializeAndResolveTypes(Manager.java:1040)
	at ptolemy.actor.Manager.initialize(Manager.java:710)
	at ptolemy.actor.Manager.execute(Manager.java:356)
	at ptolemy.actor.Manager.run(Manager.java:1263)
	at ptolemy.actor.Manager$PtolemyRunThread.run(Manager.java:1915)
java.lang.RuntimeException: Execution failed
	at ptolemy.moml.MoMLSimpleApplication$UnloadThread.run(MoMLSimpleApplication.java:402)
Caused by: ptolemy.kernel.util.IllegalActionException: Found a zero delay loop containing .dependencyLoop.original
  in .dependencyLoop and .dependencyLoop.original
	at ptolemy.actor.util.CausalityInterfaceForComposites._computeOutputPortDepth(CausalityInterfaceForComposites.java:759)
	at ptolemy.actor.util.CausalityInterfaceForComposites._computeInputDepth(CausalityInterfaceForComposites.java:696)
	at ptolemy.actor.util.CausalityInterfaceForComposites._computeOutputPortDepth(CausalityInterfaceForComposites.java:765)
	at ptolemy.actor.util.CausalityInterfaceForComposites._computeInputDepth(CausalityInterfaceForComposites.java:696)
	at ptolemy.actor.util.CausalityInterfaceForComposites._computeOutputPortDepth(CausalityInterfaceForComposites.java:765)
	at ptolemy.actor.util.CausalityInterfaceForComposites._computeInputDepth(CausalityInterfaceForComposites.java:696)
	at ptolemy.actor.util.CausalityInterfaceForComposites._computeActorDepth(CausalityInterfaceForComposites.java:532)
	at ptolemy.actor.util.CausalityInterfaceForComposites.checkForCycles(CausalityInterfaceForComposites.java:96)
	at ptolemy.domains.de.kernel.DEDirector.preinitialize(DEDirector.java:1337)
	at ptolemy.actor.CompositeActor.preinitialize(CompositeActor.java:1828)
	at ptolemy.actor.Manager.preinitializeAndResolveTypes(Manager.java:1040)
	at ptolemy.actor.Manager.initialize(Manager.java:710)
	at ptolemy.actor.Manager.execute(Manager.java:356)
	at ptolemy.actor.Manager.run(Manager.java:1263)
	at ptolemy.actor.Manager$PtolemyRunThread.run(Manager.java:1915)
java.lang.RuntimeException: Execution failed
	at ptolemy.moml.MoMLSimpleApplication$UnloadThread.run(MoMLSimpleApplication.java:402)
Caused by: ptolemy.kernel.util.IllegalActionException: Actor is not ready to fire.  Perhaps UpSample.prefire() returned false? Try debugging the actor by selecting "Listen to Actor".  Also, for SDF check moml for tokenConsumptionRate on input.
  in .DESDFClockTest.Play Bell.Copy1:SDF Director and .DESDFClockTest.Play Bell.UpSample
	at ptolemy.actor.sched.StaticSchedulingDirector.fire(StaticSchedulingDirector.java:227)
	at ptolemy.domains.sdf.kernel.SDFDirector.fire(SDFDirector.java:500)
	at ptolemy.actor.CompositeActor.fire(CompositeActor.java:455)
	at ptolemy.domains.de.kernel.DEDirector._fire(DEDirector.java:1948)
	at ptolemy.domains.de.kernel.DEDirector.fire(DEDirector.java:502)
	at ptolemy.actor.CompositeActor.fire(CompositeActor.java:455)
	at ptolemy.actor.Manager.iterate(Manager.java:851)
	at ptolemy.actor.Manager.execute(Manager.java:369)
	at ptolemy.actor.Manager.run(Manager.java:1263)
	at ptolemy.actor.Manager$PtolemyRunThread.run(Manager.java:1915)
java.lang.RuntimeException: Execution failed
	at ptolemy.moml.MoMLSimpleApplication$UnloadThread.run(MoMLSimpleApplication.java:402)
Caused by: ptolemy.kernel.util.IllegalActionException: Found a zero delay loop containing .dependencyLoop2.original
  in .dependencyLoop2 and .dependencyLoop2.original
	at ptolemy.actor.util.CausalityInterfaceForComposites._computeOutputPortDepth(CausalityInterfaceForComposites.java:759)
	at ptolemy.actor.util.CausalityInterfaceForComposites._computeInputDepth(CausalityInterfaceForComposites.java:696)
	at ptolemy.actor.util.CausalityInterfaceForComposites._computeOutputPortDepth(CausalityInterfaceForComposites.java:765)
	at ptolemy.actor.util.CausalityInterfaceForComposites._computeInputDepth(CausalityInterfaceForComposites.java:696)
	at ptolemy.actor.util.CausalityInterfaceForComposites._computeOutputPortDepth(CausalityInterfaceForComposites.java:765)
	at ptolemy.actor.util.CausalityInterfaceForComposites._computeInputDepth(CausalityInterfaceForComposites.java:696)
	at ptolemy.actor.util.CausalityInterfaceForComposites._computeActorDepth(CausalityInterfaceForComposites.java:532)
	at ptolemy.actor.util.CausalityInterfaceForComposites.checkForCycles(CausalityInterfaceForComposites.java:96)
	at ptolemy.domains.de.kernel.DEDirector.preinitialize(DEDirector.java:1337)
	at ptolemy.actor.CompositeActor.preinitialize(CompositeActor.java:1828)
	at ptolemy.actor.Manager.preinitializeAndResolveTypes(Manager.java:1040)
	at ptolemy.actor.Manager.initialize(Manager.java:710)
	at ptolemy.actor.Manager.execute(Manager.java:356)
	at ptolemy.actor.Manager.run(Manager.java:1263)
	at ptolemy.actor.Manager$PtolemyRunThread.run(Manager.java:1915)
java.lang.RuntimeException: Execution failed
	at ptolemy.moml.MoMLSimpleApplication$UnloadThread.run(MoMLSimpleApplication.java:402)
Caused by: ptolemy.kernel.util.IllegalActionException: Found a zero delay loop containing .HierarchicalModel.A
  in .HierarchicalModel and .HierarchicalModel.A
	at ptolemy.actor.util.CausalityInterfaceForComposites._computeOutputPortDepth(CausalityInterfaceForComposites.java:759)
	at ptolemy.actor.util.CausalityInterfaceForComposites._computeInputDepth(CausalityInterfaceForComposites.java:696)
	at ptolemy.actor.util.CausalityInterfaceForComposites._computeOutputPortDepth(CausalityInterfaceForComposites.java:765)
	at ptolemy.actor.util.CausalityInterfaceForComposites._computeInputDepth(CausalityInterfaceForComposites.java:696)
	at ptolemy.actor.util.CausalityInterfaceForComposites._computeOutputPortDepth(CausalityInterfaceForComposites.java:765)
	at ptolemy.actor.util.CausalityInterfaceForComposites._computeInputDepth(CausalityInterfaceForComposites.java:696)
	at ptolemy.actor.util.CausalityInterfaceForComposites._computeActorDepth(CausalityInterfaceForComposites.java:532)
	at ptolemy.actor.util.CausalityInterfaceForComposites.checkForCycles(CausalityInterfaceForComposites.java:96)
	at ptolemy.domains.de.kernel.DEDirector.preinitialize(DEDirector.java:1337)
	at ptolemy.actor.CompositeActor.preinitialize(CompositeActor.java:1828)
	at ptolemy.actor.Manager.preinitializeAndResolveTypes(Manager.java:1040)
	at ptolemy.actor.Manager.initialize(Manager.java:710)
	at ptolemy.actor.Manager.execute(Manager.java:356)
	at ptolemy.actor.Manager.run(Manager.java:1263)
	at ptolemy.actor.Manager$PtolemyRunThread.run(Manager.java:1915)
java.lang.RuntimeException: Execution failed
	at ptolemy.moml.MoMLSimpleApplication$UnloadThread.run(MoMLSimpleApplication.java:402)
Caused by: ptolemy.kernel.util.IllegalActionException: Test fails in iteration 1.
Value was: 1.0. Should have been: 2.0
  in .DirectFeedback.Test
	at ptolemy.actor.lib.Test.fire(Test.java:268)
	at ptolemy.domains.de.kernel.DEDirector._fire(DEDirector.java:1948)
	at ptolemy.domains.de.kernel.DEDirector.fire(DEDirector.java:502)
	at ptolemy.actor.CompositeActor.fire(CompositeActor.java:455)
	at ptolemy.actor.Manager.iterate(Manager.java:851)
	at ptolemy.actor.Manager.execute(Manager.java:369)
	at ptolemy.actor.Manager.run(Manager.java:1263)
	at ptolemy.actor.Manager$PtolemyRunThread.run(Manager.java:1915)
java.lang.RuntimeException: Execution failed
	at ptolemy.moml.MoMLSimpleApplication$UnloadThread.run(MoMLSimpleApplication.java:402)
Caused by: ptolemy.kernel.util.IllegalActionException: Actor is not ready to fire.  Perhaps UpSample.prefire() returned false? Try debugging the actor by selecting "Listen to Actor".  Also, for SDF check moml for tokenConsumptionRate on input.
  in .DESDFClockTest.Play Bell.Copy1:SDF Director and .DESDFClockTest.Play Bell.UpSample
	at ptolemy.actor.sched.StaticSchedulingDirector.fire(StaticSchedulingDirector.java:227)
	at ptolemy.domains.sdf.kernel.SDFDirector.fire(SDFDirector.java:500)
	at ptolemy.actor.CompositeActor.fire(CompositeActor.java:455)
	at ptolemy.domains.de.kernel.DEDirector._fire(DEDirector.java:1948)
	at ptolemy.domains.de.kernel.DEDirector.fire(DEDirector.java:502)
	at ptolemy.actor.CompositeActor.fire(CompositeActor.java:455)
	at ptolemy.actor.Manager.iterate(Manager.java:851)
	at ptolemy.actor.Manager.execute(Manager.java:369)
	at ptolemy.actor.Manager.run(Manager.java:1263)
	at ptolemy.actor.Manager$PtolemyRunThread.run(Manager.java:1915)
java.lang.reflect.InvocationTargetException
	at sun.reflect.NativeConstructorAccessorImpl.newInstance0(Native Method)
	at sun.reflect.NativeConstructorAccessorImpl.newInstance(NativeConstructorAccessorImpl.java:62)
	at sun.reflect.DelegatingConstructorAccessorImpl.newInstance(DelegatingConstructorAccessorImpl.java:45)
	at java.lang.reflect.Constructor.newInstance(Constructor.java:423)
	at ptolemy.util.test.junit.AutoKnownFailedTests.RunModel(AutoKnownFailedTests.java:107)
	at sun.reflect.NativeMethodAccessorImpl.invoke0(Native Method)
	at sun.reflect.NativeMethodAccessorImpl.invoke(NativeMethodAccessorImpl.java:62)
	at sun.reflect.DelegatingMethodAccessorImpl.invoke(DelegatingMethodAccessorImpl.java:43)
	at java.lang.reflect.Method.invoke(Method.java:498)
	at org.junit.runners.model.FrameworkMethod$1.runReflectiveCall(FrameworkMethod.java:44)
	at org.junit.internal.runners.model.ReflectiveCallable.run(ReflectiveCallable.java:15)
	at org.junit.runners.model.FrameworkMethod.invokeExplosively(FrameworkMethod.java:41)
	at junitparams.internal.InvokeParameterisedMethod.evaluate(InvokeParameterisedMethod.java:102)
	at org.junit.internal.runners.statements.FailOnTimeout$1.run(FailOnTimeout.java:28)
Caused by: ptolemy.kernel.util.IllegalActionException: Actor is not ready to fire.  Perhaps UpSample.prefire() returned false? Try debugging the actor by selecting "Listen to Actor".  Also, for SDF check moml for tokenConsumptionRate on input.
  in .DESDFClockTest.Play Bell.Copy1:SDF Director and .DESDFClockTest.Play Bell.UpSample
	at ptolemy.actor.sched.StaticSchedulingDirector.fire(StaticSchedulingDirector.java:227)
	at ptolemy.domains.sdf.kernel.SDFDirector.fire(SDFDirector.java:500)
	at ptolemy.actor.CompositeActor.fire(CompositeActor.java:455)
	at ptolemy.domains.de.kernel.DEDirector._fire(DEDirector.java:1948)
	at ptolemy.domains.de.kernel.DEDirector.fire(DEDirector.java:502)
	at ptolemy.actor.CompositeActor.fire(CompositeActor.java:455)
	at ptolemy.actor.Manager.iterate(Manager.java:851)
	at ptolemy.actor.Manager.execute(Manager.java:369)
	at ptolemy.actor.Manager.run(Manager.java:1263)
	at ptolemy.actor.Manager$PtolemyRunThread.run(Manager.java:1915)
java.lang.RuntimeException: Execution failed
	at ptolemy.moml.MoMLSimpleApplication$UnloadThread.run(MoMLSimpleApplication.java:402)
Caused by: ptolemy.kernel.util.IllegalActionException: Test fails in iteration 1.
Value was: 1.0. Should have been: 2.0
  in .DirectFeedback.Test
	at ptolemy.actor.lib.Test.fire(Test.java:268)
	at ptolemy.domains.de.kernel.DEDirector._fire(DEDirector.java:1948)
	at ptolemy.domains.de.kernel.DEDirector.fire(DEDirector.java:502)
	at ptolemy.actor.CompositeActor.fire(CompositeActor.java:455)
	at ptolemy.actor.Manager.iterate(Manager.java:851)
	at ptolemy.actor.Manager.execute(Manager.java:369)
	at ptolemy.actor.Manager.run(Manager.java:1263)
	at ptolemy.actor.Manager$PtolemyRunThread.run(Manager.java:1915)
java.lang.reflect.InvocationTargetException
	at sun.reflect.NativeConstructorAccessorImpl.newInstance0(Native Method)
	at sun.reflect.NativeConstructorAccessorImpl.newInstance(NativeConstructorAccessorImpl.java:62)
	at sun.reflect.DelegatingConstructorAccessorImpl.newInstance(DelegatingConstructorAccessorImpl.java:45)
	at java.lang.reflect.Constructor.newInstance(Constructor.java:423)
	at ptolemy.util.test.junit.AutoKnownFailedTests.RunModel(AutoKnownFailedTests.java:107)
	at sun.reflect.NativeMethodAccessorImpl.invoke0(Native Method)
	at sun.reflect.NativeMethodAccessorImpl.invoke(NativeMethodAccessorImpl.java:62)
	at sun.reflect.DelegatingMethodAccessorImpl.invoke(DelegatingMethodAccessorImpl.java:43)
	at java.lang.reflect.Method.invoke(Method.java:498)
	at org.junit.runners.model.FrameworkMethod$1.runReflectiveCall(FrameworkMethod.java:44)
	at org.junit.internal.runners.model.ReflectiveCallable.run(ReflectiveCallable.java:15)
	at org.junit.runners.model.FrameworkMethod.invokeExplosively(FrameworkMethod.java:41)
	at junitparams.internal.InvokeParameterisedMethod.evaluate(InvokeParameterisedMethod.java:102)
	at org.junit.internal.runners.statements.FailOnTimeout$1.run(FailOnTimeout.java:28)
Caused by: ptolemy.kernel.util.IllegalActionException: Test fails in iteration 1.
Value was: 1.0. Should have been: 2.0
  in .DirectFeedback.Test
	at ptolemy.actor.lib.Test.fire(Test.java:268)
	at ptolemy.domains.de.kernel.DEDirector._fire(DEDirector.java:1948)
	at ptolemy.domains.de.kernel.DEDirector.fire(DEDirector.java:502)
	at ptolemy.actor.CompositeActor.fire(CompositeActor.java:455)
	at ptolemy.actor.Manager.iterate(Manager.java:851)
	at ptolemy.actor.Manager.execute(Manager.java:369)
	at ptolemy.actor.Manager.run(Manager.java:1263)
	at ptolemy.actor.Manager$PtolemyRunThread.run(Manager.java:1915)
java.lang.RuntimeException: Execution failed
	at ptolemy.moml.MoMLSimpleApplication$UnloadThread.run(MoMLSimpleApplication.java:402)
Caused by: ptolemy.kernel.util.IllegalActionException: Found a zero delay loop containing .HierarchicalModel.A
  in .HierarchicalModel and .HierarchicalModel.A
	at ptolemy.actor.util.CausalityInterfaceForComposites._computeOutputPortDepth(CausalityInterfaceForComposites.java:759)
	at ptolemy.actor.util.CausalityInterfaceForComposites._computeInputDepth(CausalityInterfaceForComposites.java:696)
	at ptolemy.actor.util.CausalityInterfaceForComposites._computeOutputPortDepth(CausalityInterfaceForComposites.java:765)
	at ptolemy.actor.util.CausalityInterfaceForComposites._computeInputDepth(CausalityInterfaceForComposites.java:696)
	at ptolemy.actor.util.CausalityInterfaceForComposites._computeOutputPortDepth(CausalityInterfaceForComposites.java:765)
	at ptolemy.actor.util.CausalityInterfaceForComposites._computeInputDepth(CausalityInterfaceForComposites.java:696)
	at ptolemy.actor.util.CausalityInterfaceForComposites._computeActorDepth(CausalityInterfaceForComposites.java:532)
	at ptolemy.actor.util.CausalityInterfaceForComposites.checkForCycles(CausalityInterfaceForComposites.java:96)
	at ptolemy.domains.de.kernel.DEDirector.preinitialize(DEDirector.java:1337)
	at ptolemy.actor.CompositeActor.preinitialize(CompositeActor.java:1828)
	at ptolemy.actor.Manager.preinitializeAndResolveTypes(Manager.java:1040)
	at ptolemy.actor.Manager.initialize(Manager.java:710)
	at ptolemy.actor.Manager.execute(Manager.java:356)
	at ptolemy.actor.Manager.run(Manager.java:1263)
	at ptolemy.actor.Manager$PtolemyRunThread.run(Manager.java:1915)
java.lang.reflect.InvocationTargetException
	at sun.reflect.NativeConstructorAccessorImpl.newInstance0(Native Method)
	at sun.reflect.NativeConstructorAccessorImpl.newInstance(NativeConstructorAccessorImpl.java:62)
	at sun.reflect.DelegatingConstructorAccessorImpl.newInstance(DelegatingConstructorAccessorImpl.java:45)
	at java.lang.reflect.Constructor.newInstance(Constructor.java:423)
	at ptolemy.util.test.junit.AutoKnownFailedTests.RunModel(AutoKnownFailedTests.java:107)
	at sun.reflect.NativeMethodAccessorImpl.invoke0(Native Method)
	at sun.reflect.NativeMethodAccessorImpl.invoke(NativeMethodAccessorImpl.java:62)
	at sun.reflect.DelegatingMethodAccessorImpl.invoke(DelegatingMethodAccessorImpl.java:43)
	at java.lang.reflect.Method.invoke(Method.java:498)
	at org.junit.runners.model.FrameworkMethod$1.runReflectiveCall(FrameworkMethod.java:44)
	at org.junit.internal.runners.model.ReflectiveCallable.run(ReflectiveCallable.java:15)
	at org.junit.runners.model.FrameworkMethod.invokeExplosively(FrameworkMethod.java:41)
	at junitparams.internal.InvokeParameterisedMethod.evaluate(InvokeParameterisedMethod.java:102)
	at org.junit.internal.runners.statements.FailOnTimeout$1.run(FailOnTimeout.java:28)
Caused by: ptolemy.kernel.util.IllegalActionException: Found a zero delay loop containing .HierarchicalModel.A
  in .HierarchicalModel and .HierarchicalModel.A
	at ptolemy.actor.util.CausalityInterfaceForComposites._computeOutputPortDepth(CausalityInterfaceForComposites.java:759)
	at ptolemy.actor.util.CausalityInterfaceForComposites._computeInputDepth(CausalityInterfaceForComposites.java:696)
	at ptolemy.actor.util.CausalityInterfaceForComposites._computeOutputPortDepth(CausalityInterfaceForComposites.java:765)
	at ptolemy.actor.util.CausalityInterfaceForComposites._computeInputDepth(CausalityInterfaceForComposites.java:696)
	at ptolemy.actor.util.CausalityInterfaceForComposites._computeOutputPortDepth(CausalityInterfaceForComposites.java:765)
	at ptolemy.actor.util.CausalityInterfaceForComposites._computeInputDepth(CausalityInterfaceForComposites.java:696)
	at ptolemy.actor.util.CausalityInterfaceForComposites._computeActorDepth(CausalityInterfaceForComposites.java:532)
	at ptolemy.actor.util.CausalityInterfaceForComposites.checkForCycles(CausalityInterfaceForComposites.java:96)
	at ptolemy.domains.de.kernel.DEDirector.preinitialize(DEDirector.java:1337)
	at ptolemy.actor.CompositeActor.preinitialize(CompositeActor.java:1828)
	at ptolemy.actor.Manager.preinitializeAndResolveTypes(Manager.java:1040)
	at ptolemy.actor.Manager.initialize(Manager.java:710)
	at ptolemy.actor.Manager.execute(Manager.java:356)
	at ptolemy.actor.Manager.run(Manager.java:1263)
	at ptolemy.actor.Manager$PtolemyRunThread.run(Manager.java:1915)
java.lang.RuntimeException: Execution failed
	at ptolemy.moml.MoMLSimpleApplication$UnloadThread.run(MoMLSimpleApplication.java:402)
Caused by: ptolemy.kernel.util.IllegalActionException: Found a zero delay loop containing .dependencyLoop.original
  in .dependencyLoop and .dependencyLoop.original
	at ptolemy.actor.util.CausalityInterfaceForComposites._computeOutputPortDepth(CausalityInterfaceForComposites.java:759)
	at ptolemy.actor.util.CausalityInterfaceForComposites._computeInputDepth(CausalityInterfaceForComposites.java:696)
	at ptolemy.actor.util.CausalityInterfaceForComposites._computeOutputPortDepth(CausalityInterfaceForComposites.java:765)
	at ptolemy.actor.util.CausalityInterfaceForComposites._computeInputDepth(CausalityInterfaceForComposites.java:696)
	at ptolemy.actor.util.CausalityInterfaceForComposites._computeOutputPortDepth(CausalityInterfaceForComposites.java:765)
	at ptolemy.actor.util.CausalityInterfaceForComposites._computeInputDepth(CausalityInterfaceForComposites.java:696)
	at ptolemy.actor.util.CausalityInterfaceForComposites._computeActorDepth(CausalityInterfaceForComposites.java:532)
	at ptolemy.actor.util.CausalityInterfaceForComposites.checkForCycles(CausalityInterfaceForComposites.java:96)
	at ptolemy.domains.de.kernel.DEDirector.preinitialize(DEDirector.java:1337)
	at ptolemy.actor.CompositeActor.preinitialize(CompositeActor.java:1828)
	at ptolemy.actor.Manager.preinitializeAndResolveTypes(Manager.java:1040)
	at ptolemy.actor.Manager.initialize(Manager.java:710)
	at ptolemy.actor.Manager.execute(Manager.java:356)
	at ptolemy.actor.Manager.run(Manager.java:1263)
	at ptolemy.actor.Manager$PtolemyRunThread.run(Manager.java:1915)
java.lang.reflect.InvocationTargetException
	at sun.reflect.NativeConstructorAccessorImpl.newInstance0(Native Method)
	at sun.reflect.NativeConstructorAccessorImpl.newInstance(NativeConstructorAccessorImpl.java:62)
	at sun.reflect.DelegatingConstructorAccessorImpl.newInstance(DelegatingConstructorAccessorImpl.java:45)
	at java.lang.reflect.Constructor.newInstance(Constructor.java:423)
	at ptolemy.util.test.junit.AutoKnownFailedTests.RunModel(AutoKnownFailedTests.java:107)
	at sun.reflect.NativeMethodAccessorImpl.invoke0(Native Method)
	at sun.reflect.NativeMethodAccessorImpl.invoke(NativeMethodAccessorImpl.java:62)
	at sun.reflect.DelegatingMethodAccessorImpl.invoke(DelegatingMethodAccessorImpl.java:43)
	at java.lang.reflect.Method.invoke(Method.java:498)
	at org.junit.runners.model.FrameworkMethod$1.runReflectiveCall(FrameworkMethod.java:44)
	at org.junit.internal.runners.model.ReflectiveCallable.run(ReflectiveCallable.java:15)
	at org.junit.runners.model.FrameworkMethod.invokeExplosively(FrameworkMethod.java:41)
	at junitparams.internal.InvokeParameterisedMethod.evaluate(InvokeParameterisedMethod.java:102)
	at org.junit.internal.runners.statements.FailOnTimeout$1.run(FailOnTimeout.java:28)
Caused by: ptolemy.kernel.util.IllegalActionException: Found a zero delay loop containing .dependencyLoop.original
  in .dependencyLoop and .dependencyLoop.original
	at ptolemy.actor.util.CausalityInterfaceForComposites._computeOutputPortDepth(CausalityInterfaceForComposites.java:759)
	at ptolemy.actor.util.CausalityInterfaceForComposites._computeInputDepth(CausalityInterfaceForComposites.java:696)
	at ptolemy.actor.util.CausalityInterfaceForComposites._computeOutputPortDepth(CausalityInterfaceForComposites.java:765)
	at ptolemy.actor.util.CausalityInterfaceForComposites._computeInputDepth(CausalityInterfaceForComposites.java:696)
	at ptolemy.actor.util.CausalityInterfaceForComposites._computeOutputPortDepth(CausalityInterfaceForComposites.java:765)
	at ptolemy.actor.util.CausalityInterfaceForComposites._computeInputDepth(CausalityInterfaceForComposites.java:696)
	at ptolemy.actor.util.CausalityInterfaceForComposites._computeActorDepth(CausalityInterfaceForComposites.java:532)
	at ptolemy.actor.util.CausalityInterfaceForComposites.checkForCycles(CausalityInterfaceForComposites.java:96)
	at ptolemy.domains.de.kernel.DEDirector.preinitialize(DEDirector.java:1337)
	at ptolemy.actor.CompositeActor.preinitialize(CompositeActor.java:1828)
	at ptolemy.actor.Manager.preinitializeAndResolveTypes(Manager.java:1040)
	at ptolemy.actor.Manager.initialize(Manager.java:710)
	at ptolemy.actor.Manager.execute(Manager.java:356)
	at ptolemy.actor.Manager.run(Manager.java:1263)
	at ptolemy.actor.Manager$PtolemyRunThread.run(Manager.java:1915)
java.lang.RuntimeException: Execution failed
	at ptolemy.moml.MoMLSimpleApplication$UnloadThread.run(MoMLSimpleApplication.java:402)
Caused by: ptolemy.kernel.util.IllegalActionException: Found a zero delay loop containing .dependencyLoop2.original
  in .dependencyLoop2 and .dependencyLoop2.original
	at ptolemy.actor.util.CausalityInterfaceForComposites._computeOutputPortDepth(CausalityInterfaceForComposites.java:759)
	at ptolemy.actor.util.CausalityInterfaceForComposites._computeInputDepth(CausalityInterfaceForComposites.java:696)
	at ptolemy.actor.util.CausalityInterfaceForComposites._computeOutputPortDepth(CausalityInterfaceForComposites.java:765)
	at ptolemy.actor.util.CausalityInterfaceForComposites._computeInputDepth(CausalityInterfaceForComposites.java:696)
	at ptolemy.actor.util.CausalityInterfaceForComposites._computeOutputPortDepth(CausalityInterfaceForComposites.java:765)
	at ptolemy.actor.util.CausalityInterfaceForComposites._computeInputDepth(CausalityInterfaceForComposites.java:696)
	at ptolemy.actor.util.CausalityInterfaceForComposites._computeActorDepth(CausalityInterfaceForComposites.java:532)
	at ptolemy.actor.util.CausalityInterfaceForComposites.checkForCycles(CausalityInterfaceForComposites.java:96)
	at ptolemy.domains.de.kernel.DEDirector.preinitialize(DEDirector.java:1337)
	at ptolemy.actor.CompositeActor.preinitialize(CompositeActor.java:1828)
	at ptolemy.actor.Manager.preinitializeAndResolveTypes(Manager.java:1040)
	at ptolemy.actor.Manager.initialize(Manager.java:710)
	at ptolemy.actor.Manager.execute(Manager.java:356)
	at ptolemy.actor.Manager.run(Manager.java:1263)
	at ptolemy.actor.Manager$PtolemyRunThread.run(Manager.java:1915)
java.lang.reflect.InvocationTargetException
	at sun.reflect.NativeConstructorAccessorImpl.newInstance0(Native Method)
	at sun.reflect.NativeConstructorAccessorImpl.newInstance(NativeConstructorAccessorImpl.java:62)
	at sun.reflect.DelegatingConstructorAccessorImpl.newInstance(DelegatingConstructorAccessorImpl.java:45)
	at java.lang.reflect.Constructor.newInstance(Constructor.java:423)
	at ptolemy.util.test.junit.AutoKnownFailedTests.RunModel(AutoKnownFailedTests.java:107)
	at sun.reflect.NativeMethodAccessorImpl.invoke0(Native Method)
	at sun.reflect.NativeMethodAccessorImpl.invoke(NativeMethodAccessorImpl.java:62)
	at sun.reflect.DelegatingMethodAccessorImpl.invoke(DelegatingMethodAccessorImpl.java:43)
	at java.lang.reflect.Method.invoke(Method.java:498)
	at org.junit.runners.model.FrameworkMethod$1.runReflectiveCall(FrameworkMethod.java:44)
	at org.junit.internal.runners.model.ReflectiveCallable.run(ReflectiveCallable.java:15)
	at org.junit.runners.model.FrameworkMethod.invokeExplosively(FrameworkMethod.java:41)
	at junitparams.internal.InvokeParameterisedMethod.evaluate(InvokeParameterisedMethod.java:102)
	at org.junit.internal.runners.statements.FailOnTimeout$1.run(FailOnTimeout.java:28)
Caused by: ptolemy.kernel.util.IllegalActionException: Found a zero delay loop containing .dependencyLoop2.original
  in .dependencyLoop2 and .dependencyLoop2.original
	at ptolemy.actor.util.CausalityInterfaceForComposites._computeOutputPortDepth(CausalityInterfaceForComposites.java:759)
	at ptolemy.actor.util.CausalityInterfaceForComposites._computeInputDepth(CausalityInterfaceForComposites.java:696)
	at ptolemy.actor.util.CausalityInterfaceForComposites._computeOutputPortDepth(CausalityInterfaceForComposites.java:765)
	at ptolemy.actor.util.CausalityInterfaceForComposites._computeInputDepth(CausalityInterfaceForComposites.java:696)
	at ptolemy.actor.util.CausalityInterfaceForComposites._computeOutputPortDepth(CausalityInterfaceForComposites.java:765)
	at ptolemy.actor.util.CausalityInterfaceForComposites._computeInputDepth(CausalityInterfaceForComposites.java:696)
	at ptolemy.actor.util.CausalityInterfaceForComposites._computeActorDepth(CausalityInterfaceForComposites.java:532)
	at ptolemy.actor.util.CausalityInterfaceForComposites.checkForCycles(CausalityInterfaceForComposites.java:96)
	at ptolemy.domains.de.kernel.DEDirector.preinitialize(DEDirector.java:1337)
	at ptolemy.actor.CompositeActor.preinitialize(CompositeActor.java:1828)
	at ptolemy.actor.Manager.preinitializeAndResolveTypes(Manager.java:1040)
	at ptolemy.actor.Manager.initialize(Manager.java:710)
	at ptolemy.actor.Manager.execute(Manager.java:356)
	at ptolemy.actor.Manager.run(Manager.java:1263)
	at ptolemy.actor.Manager$PtolemyRunThread.run(Manager.java:1915)
]]></system-err>
</testsuite>
