<?xml version="1.0" encoding="UTF-8" ?>
<testsuite errors="0" failures="0" hostname="travis-job-050144fc-24c8-4f79-8cf8-69e215bddfda" name="ptolemy.domains.de.test.junit.JUnitTclTest" skipped="0" tests="101" time="127.535" timestamp="2020-02-17T23:33:00">
  <properties>
    <property name="npm.executable" value="npm" />
    <property name="env.TRAVIS_ROOT" value="/" />
    <property name="ptII.mk.exists" value="true" />
    <property name="env.TRAVIS_APP_HOST" value="build.travis-ci.org" />
    <property name="env.rvm_bin_path" value="/home/travis/.rvm/bin" />
    <property name="java.home" value="/usr/local/lib/jvm/openjdk11" />
    <property name="env.TRAVIS_JOB_NUMBER" value="1520.9" />
    <property name="env.TRAVIS_HOME" value="/home/travis" />
    <property name="env.DISPLAY" value=":99.0" />
    <property name="env.TRAVIS_INIT" value="systemd" />
    <property name="env.SSH_TTY" value="/dev/pts/0" />
    <property name="java.net.preferIPv4Stack" value="true" />
    <property name="env.RUN_TESTS" value="true" />
    <property name="timeout.short" value="1000000" />
    <property name="junit.formatter" value="xml" />
    <property name="env.TRAVIS_SUDO" value="true" />
    <property name="env.TRAVIS_JOB_NAME" value="" />
    <property name="env.TRAVIS_STACK_NODE_ATTRIBUTES" value="/.node-attributes.yml" />
    <property name="env.LOGNAME" value="travis" />
    <property name="jsdoc.home" value="node_modules/@terraswarm/jsdoc" />
    <property name="debuglevel" value="source,lines,vars" />
    <property name="checkstyle.formatter" value="xml" />
    <property name="env._system_version" value="16.04" />
    <property name="bin.vergil.makeable" value="true" />
    <property name="sun.os.patch.level" value="unknown" />
    <property name="java.vendor.url" value="http://java.oracle.com/" />
    <property name="env.TRAVIS_BUILD_WEB_URL" value="https://travis-ci.org/icyphy/ptII/builds/651722198" />
    <property name="java.version" value="11.0.2" />
    <property name="env.TZ" value="UTC" />
    <property name="env.TRAVIS_PULL_REQUEST_SHA" value="" />
    <property name="env.PT_NO_NET" value="true" />
    <property name="env.TRAVIS_SECURE_ENV_VARS" value="true" />
    <property name="env._system_type" value="Linux" />
    <property name="java.vendor.url.bug" value="http://bugreport.java.com/bugreport/" />
    <property name="npmjs-org-is-up" value="true" />
    <property name="env.LANGUAGE" value="en_US.UTF-8" />
    <property name="env.SSH_CLIENT" value="10.52.7.18 43370 22" />
    <property name="env.GEM_HOME" value="/home/travis/.rvm/gems/ruby-2.5.3" />
    <property name="env.HAS_ANTARES_THREE_LITTLE_FRONZIES_BADGE" value="true" />
    <property name="java.version.date" value="2019-01-15" />
    <property name="env.PS4" value="+" />
    <property name="ant.project.invoked-targets" value="build,test.core2.xml" />
    <property name="env.TRAVIS_PULL_REQUEST_BRANCH" value="" />
    <property name="env.TRAVIS_REPO_SLUG" value="icyphy/ptII" />
    <property name="env.XDG_DATA_DIRS" value="/usr/local/share:/usr/share:/var/lib/snapd/desktop" />
    <property name="jdk.debug" value="release" />
    <property name="env.TRAVIS_APT_PROXY" value="http://build-cache.travisci.net" />
    <property name="env.TRAVIS_CPU_ARCH" value="amd64" />
    <property name="node.in.path" value="true" />
    <property name="user.name" value="travis" />
    <property name="java.maxmemory" value="1400m" />
    <property name="env.RUBY_VERSION" value="ruby-2.5.3" />
    <property name="env.LANG" value="en_US.UTF-8" />
    <property name="sun.io.unicode.encoding" value="UnicodeLittle" />
    <property name="sun.jnu.encoding" value="UTF-8" />
    <property name="java.runtime.name" value="OpenJDK Runtime Environment" />
    <property name="usefile" value="false" />
    <property name="return.code" value="0" />
    <property name="junit.single.formatter" value="plain" />
    <property name="env.DYLD_LIBRARY_PATH" value="/home/travis/pthla/certi-tools/lib:" />
    <property name="env.DEBIAN_FRONTEND" value="noninteractive" />
    <property name="env.SSH_CONNECTION" value="10.52.7.18 43370 10.20.0.169 22" />
    <property name="env.MYSQL_UNIX_PORT" value="/var/run/mysqld/mysqld.sock" />
    <property name="env.LC_ALL" value="en_US.UTF-8" />
    <property name="env.TRAVIS_ALLOW_FAILURE" value="false" />
    <property name="env.TRAVIS_JOB_WEB_URL" value="https://travis-ci.org/icyphy/ptII/jobs/651722212" />
    <property name="java.specification.name" value="Java Platform API Specification" />
    <property name="node.works" value="true" />
    <property name="user.timezone" value="" />
    <property name="path.separator" value=":" />
    <property name="env.TRAVIS_ENABLE_INFRA_DETECTION" value="true" />
    <property name="env.PYTHON_CFLAGS" value="-g -fstack-protector --param=ssp-buffer-size=4 -Wformat -Werror=format-security" />
    <property name="timeout.long" value="4000000" />
    <property name="env.CERTI_HOME" value="/home/travis/pthla/certi-tools" />
    <property name="ant.file.ptII" value="/home/travis/build/icyphy/ptII/build.xml" />
    <property name="javadoc.packagenames" value="com.*,diva.*,lbnl.*,org.hlacerti.*,org.json.*,org.ptolemy.*,org.terraswarm.*,ptolemy.*,ptserver.*" />
    <property name="file.encoding" value="UTF-8" />
    <property name="env.TRAVIS_PULL_REQUEST_SLUG" value="" />
    <property name="ant.project.default-target" value="build" />
    <property name="env.GIT_ASKPASS" value="echo" />
    <property name="env.HOME" value="/home/travis" />
    <property name="sun.java.command" value="org.apache.tools.ant.taskdefs.optional.junit.JUnitTestRunner ptolemy.domains.de.test.junit.JUnitTclTest skipNonTests=false filtertrace=true haltOnError=false haltOnFailure=false formatter=org.apache.tools.ant.taskdefs.optional.junit.OutErrSummaryJUnitResultFormatter showoutput=true outputtoformatters=true logfailedtests=true threadid=0 logtestlistenerevents=false formatter=org.apache.tools.ant.taskdefs.optional.junit.XMLJUnitResultFormatter,/home/travis/build/icyphy/ptII/reports/junit/TEST-ptolemy.domains.de.test.junit.JUnitTclTest.xml crashfile=/home/travis/build/icyphy/ptII/junitvmwatcher1792000015995852959.properties propsfile=/home/travis/build/icyphy/ptII/junit16926967763811269451.properties" />
    <property name="env.COMPOSER_NO_INTERACTION" value="1" />
    <property name="env.MANPATH" value="/home/travis/.nvm/versions/node/v7.10.1/share/man:/home/travis/.rvm/rubies/ruby-2.5.3/share/man:/usr/local/cmake-3.12.4/man:/usr/local/clang-7.0.0/share/man:/usr/local/man:/usr/local/share/man:/usr/share/man:/home/travis/.rvm/man" />
    <property name="env.TRAVIS_TIMER_ID" value="013c0e3c" />
    <property name="ant.file" value="/home/travis/build/icyphy/ptII/build.xml" />
    <property name="env.TRAVIS_COMMIT_RANGE" value="6747efb95814...1a83648c8efd" />
    <property name="env._system_name" value="Ubuntu" />
    <property name="ptII.classpath.optional.property" value="/home/travis/build/icyphy/ptII/lib/bsh-2.0b4.jar:/home/travis/build/icyphy/ptII/lib/ptCal.jar:/home/travis/build/icyphy/ptII/lib/java_cup.jar:/home/travis/build/icyphy/ptII/lib/saxon8.jar:/home/travis/build/icyphy/ptII/lib/saxon8-dom.jar:/home/travis/build/icyphy/ptII/lib/chic.jar:/home/travis/build/icyphy/ptII/lib/ptcolt.jar:/home/travis/build/icyphy/ptII/vendors/misc/itext/iText.jar:/home/travis/build/icyphy/ptII/lib/g4ltl.jar:/home/travis/build/icyphy/ptII/lib/StructuralCoder.jar:/home/travis/build/icyphy/ptII/lib/jcerti.jar:/home/travis/build/icyphy/ptII/lib/javax.mail.jar:/home/travis/build/icyphy/ptII/vendors/JMF-2.1.1e/lib/jmf.jar:/home/travis/build/icyphy/ptII/lib/jna-4.0.0-variadic.jar:/home/travis/build/icyphy/ptII/vendors/misc/joystick/Joystick.jar:/home/travis/build/icyphy/ptII/lib/ptjacl.jar:/home/travis/build/icyphy/ptII/lib/jsoup-1.8.2.jar:/home/travis/build/icyphy/ptII/lib/junit-4.8.2.jar:/home/travis/build/icyphy/ptII/lib/JUnitParams-0.4.0.jar:/home/travis/build/icyphy/ptII/ptolemy/actor/lib/excel/jxl.jar:/home/travis/build/icyphy/ptII/lib/jython.jar:/home/travis/build/icyphy/ptII/lib/kieler.jar:/home/travis/build/icyphy/ptII/vendors/opencv/share/OpenCV/java/opencv-341.jar:/home/travis/build/icyphy/ptII/lib/oscP5.jar:/home/travis/build/icyphy/ptII/lib/nrjavaserial-3.11.0.devel.jar:/home/travis/build/icyphy/ptII/vendors/j3d/lib/Linux/j3dcore.jar:/home/travis/build/icyphy/ptII/vendors/j3d/lib/Linux/j3dutils.jar:/home/travis/build/icyphy/ptII/vendors/j3d/lib/Linux/vecmath.jar:/home/travis/build/icyphy/ptII/vendors/jogl/lib/Linux/gluegen-rt-natives-linux-amd64.jar:/home/travis/build/icyphy/ptII/vendors/jogl/lib/Linux/gluegen-rt.jar:/home/travis/build/icyphy/ptII/vendors/jogl/lib/Linux/jogl-all-natives-linux-amd64.jar:/home/travis/build/icyphy/ptII/vendors/jogl/lib/Linux/jogl-all.jar:/home/travis/build/icyphy/ptII/ptolemy/distributed/jini/jar/jini-core.jar:/home/travis/build/icyphy/ptII/ptolemy/distributed/jini/jar/jini-ext.jar:/home/travis/build/icyphy/ptII/ptolemy/distributed/jini/jar/sun-util.jar:/home/travis/build/icyphy/ptII/lib/protobuf-java-2.4.1.jar:/home/travis/build/icyphy/ptII/lib/org.eclipse.paho.client.mqttv3.jar:/home/travis/build/icyphy/ptII/lib/mapss.jar:/home/travis/build/icyphy/ptII/ptolemy/actor/ptalon/antlr/antlr.jar:/home/travis/build/icyphy/ptII/lib/JRI.jar:/home/travis/build/icyphy/ptII/lib/commons-lang-2.6.jar:/home/travis/build/icyphy/ptII/lib/commons-logging-1.1.1.jar:/home/travis/build/icyphy/ptII/lib/sootclasses.jar:/home/travis/build/icyphy/ptII/ptolemy/actor/lib/database/mysql-connector-java-5.1.6-bin.jar:/home/travis/build/icyphy/ptII/vendors/misc/sphinx4/sphinx4-data-5prealpha.jar:/home/travis/build/icyphy/ptII/vendors/misc/sphinx4/sphinx4-core-5prealpha.jar:/home/travis/build/icyphy/ptII/lib/PDFRenderer.jar:/home/travis/build/icyphy/ptII/lib/svgSalamander.jar:/home/travis/build/icyphy/ptII/lib/rsyntaxtextarea-2.6.0-SNAPSHOT.jar:/home/travis/build/icyphy/ptII/lib/hazelcast-3.8.2.jar:/home/travis/build/icyphy/ptII/lib/jackson-annotations-2.9.0.jar:/home/travis/build/icyphy/ptII/lib/jackson-core-2.9.3.jar:/home/travis/build/icyphy/ptII/lib/jackson-databind-2.9.3.jar:/home/travis/build/icyphy/ptII/lib/netty-buffer-4.1.19.Final.jar:/home/travis/build/icyphy/ptII/lib/netty-codec-4.1.19.Final.jar:/home/travis/build/icyphy/ptII/lib/netty-codec-dns-4.1.19.Final.jar:/home/travis/build/icyphy/ptII/lib/netty-codec-http-4.1.19.Final.jar:/home/travis/build/icyphy/ptII/lib/netty-codec-http2-4.1.19.Final.jar:/home/travis/build/icyphy/ptII/lib/netty-common-4.1.19.Final.jar:/home/travis/build/icyphy/ptII/lib/netty-handler-4.1.19.Final.jar:/home/travis/build/icyphy/ptII/lib/netty-resolver-4.1.19.Final.jar:/home/travis/build/icyphy/ptII/lib/netty-resolver-dns-4.1.19.Final.jar:/home/travis/build/icyphy/ptII/lib/netty-transport-4.1.19.Final.jar:/home/travis/build/icyphy/ptII/lib/vertx-codegen-3.5.1.jar:/home/travis/build/icyphy/ptII/lib/vertx-core-3.5.2-SNAPSHOT.jar:/home/travis/build/icyphy/ptII/lib/vertx-hazelcast-3.5.1.jar:/home/travis/build/icyphy/ptII/lib/vertx-lang-js-3.5.1.jar:/home/travis/build/icyphy/ptII/lib/vertx-service-proxy-3.5.1.jar:/home/travis/build/icyphy/ptII/lib/vertx-web-3.5.1.jar:/home/travis/build/icyphy/ptII/lib/slf4j-api-1.7.13.jar:/home/travis/build/icyphy/ptII/lib/slf4j-simple-1.7.13.jar:/home/travis/build/icyphy/ptII/lib/webcam-capture-0.3.12.jar:/home/travis/build/icyphy/ptII/lib/bridj-0.7.0.jar:/home/travis/build/icyphy/ptII/lib/xbjlib-1.1.0.nrjavaserial.jar" />
    <property name="timeout" value="2400000" />
    <property name="test.batch" value="**/junit/*.java" />
    <property name="env._" value="/usr/bin/timeout" />
    <property name="java.io.tmpdir" value="/tmp" />
    <property name="user.language" value="en" />
    <property name="env.TRAVIS_INTERNAL_RUBY_REGEX" value="^ruby-(2\.[0-4]\.[0-9]|1\.9\.3)" />
    <property name="env.HISTCONTROL" value="ignoredups:ignorespace" />
    <property name="env.GOROOT" value="/home/travis/.gimme/versions/go1.11.1.linux.amd64" />
    <property name="line.separator" value="&#xa;" />
    <property name="target" value="11" />
    <property name="env.TRAVIS_BUILD_DIR" value="/home/travis/build/icyphy/ptII" />
    <property name="env.ANT_OPTS" value="-Xmx2048m" />
    <property name="ant.file.type" value="file" />
    <property name="ptolemy.ptII.batchMode" value="true" />
    <property name="env.HISTSIZE" value="1000" />
    <property name="env.MERB_ENV" value="test" />
    <property name="java.vm.info" value="mixed mode" />
    <property name="source" value="11" />
    <property name="java.vm.specification.name" value="Java Virtual Machine Specification" />
    <property name="env.TRAVIS_TEST_RESULT" value="0" />
    <property name="jsdoc.command" value="node_modules/@terraswarm/jsdoc/jsdoc.js" />
    <property name="npm.works" value="true" />
    <property name="cobertura.dir" value="/home/travis/build/icyphy/ptII/vendors/cobertura-2.0.3" />
    <property name="jsdoc.command.exists" value="true" />
    <property name="env.rvm_path" value="/home/travis/.rvm" />
    <property name="env.GEM_PATH" value="/home/travis/.rvm/gems/ruby-2.5.3:/home/travis/.rvm/gems/ruby-2.5.3@global" />
    <property name="env.LC_CTYPE" value="en_US.UTF-8" />
    <property name="env.TRAVIS_CMD" value="$PTII/bin/ptIITravisBuild.sh $SECONDS" />
    <property name="java.awt.printerjob" value="sun.print.PSPrinterJob" />
    <property name="env.TRAVIS_STACK_NAME" value="sardonyx" />
    <property name="env.TRAVIS_TIMER_START_TIME" value="1581982174896344297" />
    <property name="ant.version" value="Apache Ant(TM) version 1.10.1 compiled on February 2 2017" />
    <property name="ptII.reports" value="/home/travis/build/icyphy/ptII/reports" />
    <property name="env.TRAVIS_STACK_TIMESTAMP" value="2019-03-25 16:16:56 UTC" />
    <property name="ant.file.type.ptII" value="file" />
    <property name="env.RBENV_SHELL" value="bash" />
    <property name="os.name" value="Linux" />
    <property name="java.specification.vendor" value="Oracle Corporation" />
    <property name="env.rvm_version" value="1.29.7 (latest)" />
    <property name="env.TRAVIS_INFRA" value="unknown" />
    <property name="env.TERM" value="xterm" />
    <property name="java.vm.name" value="OpenJDK 64-Bit Server VM" />
    <property name="env.TRAVIS_BUILD_NUMBER" value="1520" />
    <property name="env.CI" value="true" />
    <property name="java.library.path" value="/home/travis/pthla/certi-tools/lib:/usr/lib/jni:/usr/local/share/OpenCV/java/:/usr/share/OpenCV/java::/usr/java/packages/lib:/usr/lib64:/lib64:/lib:/usr/lib" />
    <property name="jdk.module.path" value="/home/travis/build/icyphy/ptII/vendors/javafx/javafx-sdk-11.0.2/lib:" />
    <property name="env.rvm_prefix" value="/home/travis" />
    <property name="env.PATH" value="/home/travis/pthla/certi-tools/share/scripts:/home/travis/.rvm/gems/ruby-2.5.3/bin:/home/travis/.rvm/gems/ruby-2.5.3@global/bin:/home/travis/.rvm/rubies/ruby-2.5.3/bin:/home/travis/.rvm/bin:/home/travis/.nvm/versions/node/v7.10.1/bin:./node_modules/.bin:/home/travis/build/icyphy/ptII/bin:/home/travis/pthla/certi-tools/bin:/home/travis/bin:/home/travis/.local/bin:/usr/local/lib/jvm/openjdk11/bin:/opt/pyenv/shims:/home/travis/.phpenv/shims:/home/travis/perl5/perlbrew/bin:/home/travis/gopath/bin:/home/travis/.gimme/versions/go1.11.1.linux.amd64/bin:/usr/local/maven-3.6.0/bin:/usr/local/cmake-3.12.4/bin:/usr/local/clang-7.0.0/bin:/usr/local/sbin:/usr/local/bin:/usr/sbin:/usr/bin:/sbin:/bin:/snap/bin:/home/travis/.phpenv/bin:/opt/pyenv/bin:/home/travis/.yarn/bin" />
    <property name="env.TRAVIS_OS_NAME" value="linux" />
    <property name="ant.java.version" value="9" />
    <property name="basedir" value="/home/travis/build/icyphy/ptII" />
    <property name="java.class.version" value="55.0" />
    <property name="env.SHLVL" value="3" />
    <property name="env.LD_LIBRARY_PATH" value="/home/travis/pthla/certi-tools/lib:/usr/lib/jni:/usr/local/share/OpenCV/java/:/usr/share/OpenCV/java:" />
    <property name="env.RACK_ENV" value="test" />
    <property name="ant.home" value="/home/travis/build/icyphy/ptII/ant" />
    <property name="env.NVM_DIR" value="/home/travis/.nvm" />
    <property name="env.CERTI_FOM_PATH" value="/home/travis/pthla/certi-tools/share/federations" />
    <property name="env.TRAVIS_BUILD_ID" value="651722198" />
    <property name="env.PYENV_ROOT" value="/opt/pyenv" />
    <property name="env.TRAVIS_UID" value="2000" />
    <property name="prism.verbose" value="true" />
    <property name="env.NVM_BIN" value="/home/travis/.nvm/versions/node/v7.10.1/bin" />
    <property name="env.TRAVIS_COMMIT" value="1a83648c8efd70cc186ab8d73f77f0c9fc57c4cb" />
    <property name="env._system_arch" value="x86_64" />
    <property name="node.executable" value="node" />
    <property name="sun.boot.library.path" value="/usr/local/lib/jvm/openjdk11/lib" />
    <property name="sun.management.compiler" value="HotSpot 64-Bit Tiered Compilers" />
    <property name="java.awt.graphicsenv" value="sun.awt.X11GraphicsEnvironment" />
    <property name="env.GOPATH" value="/home/travis/gopath" />
    <property name="ptolemy.ptII.dir" value="/home/travis/build/icyphy/ptII" />
    <property name="env.USER" value="travis" />
    <property name="env.HISTFILESIZE" value="2000" />
    <property name="timeout.longest" value="19000000" />
    <property name="env.PERLBREW_SHELLRC_VERSION" value="0.86" />
    <property name="env.TRAVIS_STACK_FEATURES" value="basic couchdb disabled-ipv6 docker docker-compose elasticsearch firefox go-toolchain google-chrome jdk memcached mongodb mysql nodejs_interpreter perl_interpreter perlbrew phantomjs postgresql python_interpreter redis ruby_interpreter sqlite xserver" />
    <property name="env.TRAVIS_PULL_REQUEST" value="false" />
    <property name="env.PYENV_SHELL" value="bash" />
    <property name="ant.project.name" value="ptII" />
    <property name="env.ANSI_RESET" value="\033[0m" />
    <property name="java.vm.specification.version" value="11" />
    <property name="env.TRAVIS_DIST" value="xenial" />
    <property name="env.CERTI_VERSION" value="4.0.0" />
    <property name="env.CERTI_HOST" value="localhost" />
    <property name="awt.toolkit" value="sun.awt.X11.XToolkit" />
    <property name="env.MY_RUBY_HOME" value="/home/travis/.rvm/rubies/ruby-2.5.3" />
    <property name="sun.cpu.isalist" value="" />
    <property name="env.TRAVIS_TMPDIR" value="/tmp/tmp.Qp4yKtwPyK" />
    <property name="java.vm.compressedOopsMode" value="Zero based" />
    <property name="os.version" value="4.15.0-1028-gcp" />
    <property name="user.home" value="/home/travis" />
    <property name="java.vm.vendor" value="Oracle Corporation" />
    <property name="env.TRAVIS_TAG" value="nightly" />
    <property name="env.ANSI_YELLOW" value="\033[33;1m" />
    <property name="env.TRAVIS_FILTERED" value="redirect_io" />
    <property name="env.ANSI_GREEN" value="\033[32;1m" />
    <property name="env.JAVA_HOME" value="/usr/local/lib/jvm/openjdk11" />
    <property name="javadoc.excludepackagenames" value="adm.cvs2svn.*,build.*,config.*,doc.coding.templates.*,jni.test.jni.meaningOfLife.*,jni.test.jni.testDeux.*,jni.test.jni.testTrois.*,org.terraswarm.accessor.accessors.web.node_modules.*,org.terraswarm.accessor.accessors.web.hosts.cordova.demo.*,org.terraswarm.accessor.accessors.web.hosts.cordova.plugins.*,org.terraswarm.accessor.accessors-svn.*,pt-modules.*,ptolemy.apps.agilent.*,ptolemy.apps.anytimecontrol.*,ptolemy.apps.apes.*,ptolemy.apps.charon.*,ptolemy.apps.crazyboard.*,ptolemy.apps.eclipse.*,ptolemy.apps.etherealSting.*,ptolemy.apps.fullscreen.*,ptolemy.apps.giotto.*,ptolemy.apps.ia.*,ptolemy.apps.interfaces.*,ptolemy.apps.jmf.*,ptolemy.apps.kurt.*,ptolemy.apps.kvm.*,ptolemy.apps.lego.*,ptolemy.apps.lejos.*,ptolemy.apps.midp.*,ptolemy.apps.mobileCoding.*,ptolemy.apps.pendulum.*,ptolemy.apps.rijndael.*,ptolemy.apps.robot.*,ptolemy.apps.security.*,ptolemy.apps.sobel.*,ptolemy.apps.soot.*,ptolemy.apps.throttle.*,ptolemy.apps.tini.*,ptolemy.apps.transmission.*,ptolemy.apps.vergil.*,ptolemy.apps.waba.*,ptolemy.apps.websensor.*,ptolemy.apps.webstart.*,ptolemy.apps.xsl.*,ptolemy.apps.zaurus.*,ptolemy.codegen.c.actor.lib.oldJavaFiles.*,ptolemy.codegen.dsp.lib.*,ptolemy.codegen.kernel.newInterfaces.*,ptolemy.codegen.lib.*,ptolemy.copernicus.kernel.fragment.*,ptolemy.copernicus.shallow.cg.*,ptolemy.domains.giotto.demo.Hierarchy.Hierarchy.*,ptolemy.domains.giotto.demo.Multimode.Multimode.*,ptolemy.domains.giotto.demo.Simple.Simple.*,ptolemy.domains.gr.lib.experimental.*,ptolemy.domains.gro.*,ptolemy.domains.pdf.*,ptolemy.domains.ptinyos.demo.Surge.output.*,ptolemy.moml.test.NoPackageActor.java*,ptolemy.plot.adm.*,ptolemy.plot.servlet.*,reports.*,signed.*,src.*,target.*,vendors.*,ptolemy.copernicus.applet.*,ptolemy.media.viewer.*,ptolemy.actor.corba.*,doc.doclets.*,ptolemy.apps.eclipse.awt.*,ptolemy.backtrack.*,ptolemy.backtrack.ast.*,ptolemy.cg.adapter.generic.program.procedural.c.mbed*,ptolemy.homer.*,ptolemy.actor.lib.jai.*,org.ptolemy.scala.*,diva.util.java2d.svg.*,ptolemy.domains.ptinyos.*,ptolemy.actor.lib.fmi.fmipp.*,,org.terraswarm.accessor.accessors.web.node_modules.*,org.terraswarm.accessor.accessors-svn,ptolemy.apps.*,ptolemy.actor.ptalon.demo.ptinyos.SendAndReceiveCnt.output,ptolemy.actor.ptalon.demo.ptinyos.SenseToLeds.output,ptolemy.domains.ptinyos.demo.CntToLedsAndRfm.output,ptolemy.domains.ptinyos.demo.RfmToLeds.output,ptolemy.domains.ptinyos.demo.SendAndReceiveCnt.output,ptolemy.domains.ptinyos.demo.SenseToLeds.output,ptolemy.actor.lib.jjs.modules.udpSocket.*" />
    <property name="env.PTII" value="/home/travis/build/icyphy/ptII" />
    <property name="env.XDG_SESSION_ID" value="2" />
    <property name="keystore" value="ptKeystore" />
    <property name="env.TRAVIS_COMMIT_MESSAGE" value="Adding the cited files." />
    <property name="junit.output.dir" value="/home/travis/build/icyphy/ptII/reports/junit" />
    <property name="npm.return.code" value="0" />
    <property name="user.dir" value="/home/travis/build/icyphy/ptII/ptolemy/domains/de/test" />
    <property name="env.TRAVIS_NODE_VERSION" value="7" />
    <property name="env.TRAVIS_EVENT_TYPE" value="push" />
    <property name="env.MAIL" value="/var/mail/travis" />
    <property name="env.PERLBREW_ROOT" value="/home/travis/perl5/perlbrew" />
    <property name="env.PWD" value="/home/travis/build/icyphy/ptII" />
    <property name="timeout.npm" value="45000" />
    <property name="env.PT_TRAVIS_TEST_CORE2_XML" value="true" />
    <property name="env.TRAVIS_ARCH" value="amd64" />
    <property name="sun.cpu.endian" value="little" />
    <property name="env.PAGER" value="cat" />
    <property name="env.TRAVIS_BUILD_STAGE_NAME" value="Test" />
    <property name="env.PERLBREW_HOME" value="/home/travis/.perlbrew" />
    <property name="java.vm.version" value="11.0.2+9" />
    <property name="env.RAILS_ENV" value="test" />
    <property name="java.class.path" value="/home/travis/build/icyphy/ptII:/home/travis/build/icyphy/ptII/lib/bsh-2.0b4.jar:/home/travis/build/icyphy/ptII/lib/ptCal.jar:/home/travis/build/icyphy/ptII/lib/java_cup.jar:/home/travis/build/icyphy/ptII/lib/saxon8.jar:/home/travis/build/icyphy/ptII/lib/saxon8-dom.jar:/home/travis/build/icyphy/ptII/lib/chic.jar:/home/travis/build/icyphy/ptII/lib/ptcolt.jar:/home/travis/build/icyphy/ptII/vendors/misc/itext/iText.jar:/home/travis/build/icyphy/ptII/lib/g4ltl.jar:/home/travis/build/icyphy/ptII/lib/StructuralCoder.jar:/home/travis/build/icyphy/ptII/lib/jcerti.jar:/home/travis/build/icyphy/ptII/lib/javax.mail.jar:/home/travis/build/icyphy/ptII/vendors/JMF-2.1.1e/lib/jmf.jar:/home/travis/build/icyphy/ptII/lib/jna-4.0.0-variadic.jar:/home/travis/build/icyphy/ptII/vendors/misc/joystick/Joystick.jar:/home/travis/build/icyphy/ptII/lib/ptjacl.jar:/home/travis/build/icyphy/ptII/lib/jsoup-1.8.2.jar:/home/travis/build/icyphy/ptII/lib/junit-4.8.2.jar:/home/travis/build/icyphy/ptII/lib/JUnitParams-0.4.0.jar:/home/travis/build/icyphy/ptII/ptolemy/actor/lib/excel/jxl.jar:/home/travis/build/icyphy/ptII/lib/jython.jar:/home/travis/build/icyphy/ptII/lib/kieler.jar:/home/travis/build/icyphy/ptII/vendors/opencv/share/OpenCV/java/opencv-341.jar:/home/travis/build/icyphy/ptII/lib/oscP5.jar:/home/travis/build/icyphy/ptII/lib/nrjavaserial-3.11.0.devel.jar:/home/travis/build/icyphy/ptII/vendors/j3d/lib/Linux/j3dcore.jar:/home/travis/build/icyphy/ptII/vendors/j3d/lib/Linux/j3dutils.jar:/home/travis/build/icyphy/ptII/vendors/j3d/lib/Linux/vecmath.jar:/home/travis/build/icyphy/ptII/vendors/jogl/lib/Linux/gluegen-rt-natives-linux-amd64.jar:/home/travis/build/icyphy/ptII/vendors/jogl/lib/Linux/gluegen-rt.jar:/home/travis/build/icyphy/ptII/vendors/jogl/lib/Linux/jogl-all-natives-linux-amd64.jar:/home/travis/build/icyphy/ptII/vendors/jogl/lib/Linux/jogl-all.jar:/home/travis/build/icyphy/ptII/ptolemy/distributed/jini/jar/jini-core.jar:/home/travis/build/icyphy/ptII/ptolemy/distributed/jini/jar/jini-ext.jar:/home/travis/build/icyphy/ptII/ptolemy/distributed/jini/jar/sun-util.jar:/home/travis/build/icyphy/ptII/lib/protobuf-java-2.4.1.jar:/home/travis/build/icyphy/ptII/lib/org.eclipse.paho.client.mqttv3.jar:/home/travis/build/icyphy/ptII/lib/mapss.jar:/home/travis/build/icyphy/ptII/ptolemy/actor/ptalon/antlr/antlr.jar:/home/travis/build/icyphy/ptII/lib/JRI.jar:/home/travis/build/icyphy/ptII/lib/commons-lang-2.6.jar:/home/travis/build/icyphy/ptII/lib/commons-logging-1.1.1.jar:/home/travis/build/icyphy/ptII/lib/sootclasses.jar:/home/travis/build/icyphy/ptII/ptolemy/actor/lib/database/mysql-connector-java-5.1.6-bin.jar:/home/travis/build/icyphy/ptII/vendors/misc/sphinx4/sphinx4-data-5prealpha.jar:/home/travis/build/icyphy/ptII/vendors/misc/sphinx4/sphinx4-core-5prealpha.jar:/home/travis/build/icyphy/ptII/lib/PDFRenderer.jar:/home/travis/build/icyphy/ptII/lib/svgSalamander.jar:/home/travis/build/icyphy/ptII/lib/rsyntaxtextarea-2.6.0-SNAPSHOT.jar:/home/travis/build/icyphy/ptII/lib/hazelcast-3.8.2.jar:/home/travis/build/icyphy/ptII/lib/jackson-annotations-2.9.0.jar:/home/travis/build/icyphy/ptII/lib/jackson-core-2.9.3.jar:/home/travis/build/icyphy/ptII/lib/jackson-databind-2.9.3.jar:/home/travis/build/icyphy/ptII/lib/netty-buffer-4.1.19.Final.jar:/home/travis/build/icyphy/ptII/lib/netty-codec-4.1.19.Final.jar:/home/travis/build/icyphy/ptII/lib/netty-codec-dns-4.1.19.Final.jar:/home/travis/build/icyphy/ptII/lib/netty-codec-http-4.1.19.Final.jar:/home/travis/build/icyphy/ptII/lib/netty-codec-http2-4.1.19.Final.jar:/home/travis/build/icyphy/ptII/lib/netty-common-4.1.19.Final.jar:/home/travis/build/icyphy/ptII/lib/netty-handler-4.1.19.Final.jar:/home/travis/build/icyphy/ptII/lib/netty-resolver-4.1.19.Final.jar:/home/travis/build/icyphy/ptII/lib/netty-resolver-dns-4.1.19.Final.jar:/home/travis/build/icyphy/ptII/lib/netty-transport-4.1.19.Final.jar:/home/travis/build/icyphy/ptII/lib/vertx-codegen-3.5.1.jar:/home/travis/build/icyphy/ptII/lib/vertx-core-3.5.2-SNAPSHOT.jar:/home/travis/build/icyphy/ptII/lib/vertx-hazelcast-3.5.1.jar:/home/travis/build/icyphy/ptII/lib/vertx-lang-js-3.5.1.jar:/home/travis/build/icyphy/ptII/lib/vertx-service-proxy-3.5.1.jar:/home/travis/build/icyphy/ptII/lib/vertx-web-3.5.1.jar:/home/travis/build/icyphy/ptII/lib/slf4j-api-1.7.13.jar:/home/travis/build/icyphy/ptII/lib/slf4j-simple-1.7.13.jar:/home/travis/build/icyphy/ptII/lib/webcam-capture-0.3.12.jar:/home/travis/build/icyphy/ptII/lib/bridj-0.7.0.jar:/home/travis/build/icyphy/ptII/lib/xbjlib-1.1.0.nrjavaserial.jar:/home/travis/build/icyphy/ptII/ptolemy/moml/test:/home/travis/build/icyphy/ptII/ant/lib/ant-launcher.jar:/home/travis/build/icyphy/ptII/ant/lib/ant.jar:/home/travis/build/icyphy/ptII/ant/lib/ant-junit.jar:/home/travis/build/icyphy/ptII/ant/lib/ant-junit4.jar" />
    <property name="ant.library.dir" value="/home/travis/build/icyphy/ptII/ant/lib" />
    <property name="os.arch" value="amd64" />
    <property name="env.CONTINUOUS_INTEGRATION" value="true" />
    <property name="env.TRAVIS_LANGUAGE" value="node_js" />
    <property name="env.TRAVIS_STACK_LANGUAGES" value="__sardonyx__ c c++ clojure cplusplus cpp default generic go groovy java node_js php pure_java python ruby scala" />
    <property name="test.name" value="ptolemy.actor.lib.test.junit.JUnitTclTest" />
    <property name="env.APT_KEY_DONT_WARN_ON_DANGEROUS_USAGE" value="1" />
    <property name="sun.java.launcher" value="SUN_STANDARD" />
    <property name="env.PYTHON_CONFIGURE_OPTS" value="--enable-unicode=ucs4 --with-wide-unicode --enable-shared --enable-ipv6 --enable-loadable-sqlite-extensions --with-computed-gotos" />
    <property name="ant.core.lib" value="/home/travis/build/icyphy/ptII/ant/lib/ant.jar" />
    <property name="java.vm.specification.vendor" value="Oracle Corporation" />
    <property name="env.BCVTB_HOME" value="/home/travis/build/icyphy/ptII/lbnl" />
    <property name="file.separator" value="/" />
    <property name="spotbugs.home" value="/home/travis/build/icyphy/ptII/vendors/spotbugs-3.1.1" />
    <property name="java.runtime.version" value="11.0.2+9" />
    <property name="env.ANSI_CLEAR" value="\033[0K" />
    <property name="javafx.verbose" value="true" />
    <property name="env.HAS_JOSH_K_SEAL_OF_APPROVAL" value="true" />
    <property name="env.XDG_RUNTIME_DIR" value="/run/user/2000" />
    <property name="env.TRAVIS_OSX_IMAGE" value="" />
    <property name="env.TRAVIS_JOB_ID" value="651722212" />
    <property name="env.TRAVIS_BRANCH" value="master" />
    <property name="user.country" value="US" />
    <property name="env.CERTI_HOME_TRAVIS" value="/home/travis/pthla/certi-tools" />
    <property name="env.SHELL" value="/bin/bash" />
    <property name="java.maxmemory.large" value="3200m" />
    <property name="model" value="" />
    <property name="env.CASHER_DIR" value="/home/travis/.casher" />
    <property name="env.NVM_CD_FLAGS" value="" />
    <property name="java.vendor.version" value="18.9" />
    <property name="jshint.executable" value="/home/travis/node_modules/jshint/bin/jshint" />
    <property name="env.JRUBY_OPTS" value=" --client -J-XX:+TieredCompilation -J-XX:TieredStopAtLevel=1 -J-Xss2m -Xcompile.invokedynamic=false" />
    <property name="java.vendor" value="Oracle Corporation" />
    <property name="env.TRAVIS_PRE_CHEF_BOOTSTRAP_TIME" value="2019-03-25T16:16:42" />
    <property name="env.TRAVIS_STACK_JOB_BOARD_REGISTER" value="/.job-board-register.yml" />
    <property name="env.ANSI_RED" value="\033[31;1m" />
    <property name="java.specification.version" value="11" />
    <property name="env.IRBRC" value="/home/travis/.rvm/rubies/ruby-2.5.3/.irbrc" />
    <property name="env.TRAVIS" value="true" />
    <property name="sun.arch.data.model" value="64" />
  </properties>
  <testcase classname="ptolemy.util.test.junit.TclTests" name="[0] /home/travis/build/icyphy/ptII/ptolemy/domains/de/test/DependencyLoop.tcl (RunTclFile)" time="1.096" />
  <testcase classname="ptolemy.util.test.junit.TclTests" name="[1] /home/travis/build/icyphy/ptII/ptolemy/domains/de/test/RunDETestsAsQSS.tcl (RunTclFile)" time="86.471" />
  <testcase classname="ptolemy.util.test.junit.AutoKnownFailedTests" name="[0] /home/travis/build/icyphy/ptII/ptolemy/domains/de/test/auto/knownFailedTests/DESDFClockTest.xml (RunModel)" time="2.032" />
  <testcase classname="ptolemy.util.test.junit.AutoKnownFailedTests" name="[1] /home/travis/build/icyphy/ptII/ptolemy/domains/de/test/auto/knownFailedTests/DirectFeedback.xml (RunModel)" time="0.015" />
  <testcase classname="ptolemy.util.test.junit.AutoKnownFailedTests" name="[2] /home/travis/build/icyphy/ptII/ptolemy/domains/de/test/auto/knownFailedTests/FSMSource.xml (RunModel)" time="0.035" />
  <testcase classname="ptolemy.util.test.junit.AutoKnownFailedTests" name="[3] /home/travis/build/icyphy/ptII/ptolemy/domains/de/test/auto/knownFailedTests/HierarchicalModel.xml (RunModel)" time="0.053" />
  <testcase classname="ptolemy.util.test.junit.AutoKnownFailedTests" name="[4] /home/travis/build/icyphy/ptII/ptolemy/domains/de/test/auto/knownFailedTests/dependencyLoop.xml (RunModel)" time="0.044" />
  <testcase classname="ptolemy.util.test.junit.AutoKnownFailedTests" name="[5] /home/travis/build/icyphy/ptII/ptolemy/domains/de/test/auto/knownFailedTests/dependencyLoop2.xml (RunModel)" time="0.047" />
  <testcase classname="ptolemy.util.test.junit.AutoNameArchTests" name="[0] ThereAreNoAutoArchTests (RunModel)" time="0.002" />
  <testcase classname="ptolemy.util.test.junit.AutoTests" name="[0] /home/travis/build/icyphy/ptII/ptolemy/domains/de/test/auto/ActorDepthCalculation_actorWithoutPorts.xml (RunModel)" time="0.018" />
  <testcase classname="ptolemy.util.test.junit.AutoTests" name="[1] /home/travis/build/icyphy/ptII/ptolemy/domains/de/test/auto/AssemblyLine.xml (RunModel)" time="0.023" />
  <testcase classname="ptolemy.util.test.junit.AutoTests" name="[2] /home/travis/build/icyphy/ptII/ptolemy/domains/de/test/auto/CQBug1.xml (RunModel)" time="0.009" />
  <testcase classname="ptolemy.util.test.junit.AutoTests" name="[3] /home/travis/build/icyphy/ptII/ptolemy/domains/de/test/auto/CancelFireAt.xml (RunModel)" time="0.007" />
  <testcase classname="ptolemy.util.test.junit.AutoTests" name="[4] /home/travis/build/icyphy/ptII/ptolemy/domains/de/test/auto/CausalityAndComposabilityAnalysis.xml (RunModel)" time="0.021" />
  <testcase classname="ptolemy.util.test.junit.AutoTests" name="[5] /home/travis/build/icyphy/ptII/ptolemy/domains/de/test/auto/CausalityInterface1.xml (RunModel)" time="0.028" />
  <testcase classname="ptolemy.util.test.junit.AutoTests" name="[6] /home/travis/build/icyphy/ptII/ptolemy/domains/de/test/auto/CausalityInterface15.xml (RunModel)" time="0.017" />
  <testcase classname="ptolemy.util.test.junit.AutoTests" name="[7] /home/travis/build/icyphy/ptII/ptolemy/domains/de/test/auto/CausalityInterface2.xml (RunModel)" time="0.013" />
  <testcase classname="ptolemy.util.test.junit.AutoTests" name="[8] /home/travis/build/icyphy/ptII/ptolemy/domains/de/test/auto/CausalityInterface3.xml (RunModel)" time="0.012" />
  <testcase classname="ptolemy.util.test.junit.AutoTests" name="[9] /home/travis/build/icyphy/ptII/ptolemy/domains/de/test/auto/ClockDrift.xml (RunModel)" time="0.036" />
  <testcase classname="ptolemy.util.test.junit.AutoTests" name="[10] /home/travis/build/icyphy/ptII/ptolemy/domains/de/test/auto/ClockDriftAndValueChange.xml (RunModel)" time="0.033" />
  <testcase classname="ptolemy.util.test.junit.AutoTests" name="[11] /home/travis/build/icyphy/ptII/ptolemy/domains/de/test/auto/ClockDriftChange.xml (RunModel)" time="0.037" />
  <testcase classname="ptolemy.util.test.junit.AutoTests" name="[12] /home/travis/build/icyphy/ptII/ptolemy/domains/de/test/auto/ComposableCausalityAnalysis.xml (RunModel)" time="0.015" />
  <testcase classname="ptolemy.util.test.junit.AutoTests" name="[13] /home/travis/build/icyphy/ptII/ptolemy/domains/de/test/auto/DEFixedPointLimitation.xml (RunModel)" time="0.013" />
  <testcase classname="ptolemy.util.test.junit.AutoTests" name="[14] /home/travis/build/icyphy/ptII/ptolemy/domains/de/test/auto/DEScheduleTest.xml (RunModel)" time="0.022" />
  <testcase classname="ptolemy.util.test.junit.AutoTests" name="[15] /home/travis/build/icyphy/ptII/ptolemy/domains/de/test/auto/DEinDEwithStartTimes.xml (RunModel)" time="0.02" />
  <testcase classname="ptolemy.util.test.junit.AutoTests" name="[16] /home/travis/build/icyphy/ptII/ptolemy/domains/de/test/auto/DEinDEwithStartTimes2.xml (RunModel)" time="0.018" />
  <testcase classname="ptolemy.util.test.junit.AutoTests" name="[17] /home/travis/build/icyphy/ptII/ptolemy/domains/de/test/auto/DateDemo.xml (RunModel)" time="0.029" />
  <testcase classname="ptolemy.util.test.junit.AutoTests" name="[18] /home/travis/build/icyphy/ptII/ptolemy/domains/de/test/auto/DateToEvent.xml (RunModel)" time="2.04" />
  <testcase classname="ptolemy.util.test.junit.AutoTests" name="[19] /home/travis/build/icyphy/ptII/ptolemy/domains/de/test/auto/DepthTest1.xml (RunModel)" time="0.014" />
  <testcase classname="ptolemy.util.test.junit.AutoTests" name="[20] /home/travis/build/icyphy/ptII/ptolemy/domains/de/test/auto/DepthTest2.xml (RunModel)" time="0.018" />
  <testcase classname="ptolemy.util.test.junit.AutoTests" name="[21] /home/travis/build/icyphy/ptII/ptolemy/domains/de/test/auto/DepthTest3.xml (RunModel)" time="0.009" />
  <testcase classname="ptolemy.util.test.junit.AutoTests" name="[22] /home/travis/build/icyphy/ptII/ptolemy/domains/de/test/auto/DepthTest4.xml (RunModel)" time="0.025" />
  <testcase classname="ptolemy.util.test.junit.AutoTests" name="[23] /home/travis/build/icyphy/ptII/ptolemy/domains/de/test/auto/DepthTest5.xml (RunModel)" time="0.012" />
  <testcase classname="ptolemy.util.test.junit.AutoTests" name="[24] /home/travis/build/icyphy/ptII/ptolemy/domains/de/test/auto/DepthTest6.xml (RunModel)" time="0.011" />
  <testcase classname="ptolemy.util.test.junit.AutoTests" name="[25] /home/travis/build/icyphy/ptII/ptolemy/domains/de/test/auto/DepthTest7.xml (RunModel)" time="0.01" />
  <testcase classname="ptolemy.util.test.junit.AutoTests" name="[26] /home/travis/build/icyphy/ptII/ptolemy/domains/de/test/auto/EventToDate.xml (RunModel)" time="3.043" />
  <testcase classname="ptolemy.util.test.junit.AutoTests" name="[27] /home/travis/build/icyphy/ptII/ptolemy/domains/de/test/auto/FSM1.xml (RunModel)" time="0.035" />
  <testcase classname="ptolemy.util.test.junit.AutoTests" name="[28] /home/travis/build/icyphy/ptII/ptolemy/domains/de/test/auto/FSM7.xml (RunModel)" time="0.035" />
  <testcase classname="ptolemy.util.test.junit.AutoTests" name="[29] /home/travis/build/icyphy/ptII/ptolemy/domains/de/test/auto/Inspection.xml (RunModel)" time="0.043" />
  <testcase classname="ptolemy.util.test.junit.AutoTests" name="[30] /home/travis/build/icyphy/ptII/ptolemy/domains/de/test/auto/Iteration.xml (RunModel)" time="0.025" />
  <testcase classname="ptolemy.util.test.junit.AutoTests" name="[31] /home/travis/build/icyphy/ptII/ptolemy/domains/de/test/auto/LineFault.xml (RunModel)" time="0.587" />
  <testcase classname="ptolemy.util.test.junit.AutoTests" name="[32] /home/travis/build/icyphy/ptII/ptolemy/domains/de/test/auto/MergeModel1Add.xml (RunModel)" time="0.05" />
  <testcase classname="ptolemy.util.test.junit.AutoTests" name="[33] /home/travis/build/icyphy/ptII/ptolemy/domains/de/test/auto/MergeModel2Add.xml (RunModel)" time="0.034" />
  <testcase classname="ptolemy.util.test.junit.AutoTests" name="[34] /home/travis/build/icyphy/ptII/ptolemy/domains/de/test/auto/MergeModel3Add.xml (RunModel)" time="0.05" />
  <testcase classname="ptolemy.util.test.junit.AutoTests" name="[35] /home/travis/build/icyphy/ptII/ptolemy/domains/de/test/auto/MergeWithoutDiscard.xml (RunModel)" time="0.013" />
  <testcase classname="ptolemy.util.test.junit.AutoTests" name="[36] /home/travis/build/icyphy/ptII/ptolemy/domains/de/test/auto/Modal1.xml (RunModel)" time="0.033" />
  <testcase classname="ptolemy.util.test.junit.AutoTests" name="[37] /home/travis/build/icyphy/ptII/ptolemy/domains/de/test/auto/Modal2.xml (RunModel)" time="0.03" />
  <testcase classname="ptolemy.util.test.junit.AutoTests" name="[38] /home/travis/build/icyphy/ptII/ptolemy/domains/de/test/auto/Modal3.xml (RunModel)" time="0.029" />
  <testcase classname="ptolemy.util.test.junit.AutoTests" name="[39] /home/travis/build/icyphy/ptII/ptolemy/domains/de/test/auto/Modal4.xml (RunModel)" time="0.03" />
  <testcase classname="ptolemy.util.test.junit.AutoTests" name="[40] /home/travis/build/icyphy/ptII/ptolemy/domains/de/test/auto/Modal5.xml (RunModel)" time="0.03" />
  <testcase classname="ptolemy.util.test.junit.AutoTests" name="[41] /home/travis/build/icyphy/ptII/ptolemy/domains/de/test/auto/Modal6.xml (RunModel)" time="0.026" />
  <testcase classname="ptolemy.util.test.junit.AutoTests" name="[42] /home/travis/build/icyphy/ptII/ptolemy/domains/de/test/auto/Modal7.xml (RunModel)" time="0.027" />
  <testcase classname="ptolemy.util.test.junit.AutoTests" name="[43] /home/travis/build/icyphy/ptII/ptolemy/domains/de/test/auto/ModalModel.xml (RunModel)" time="0.187" />
  <testcase classname="ptolemy.util.test.junit.AutoTests" name="[44] /home/travis/build/icyphy/ptII/ptolemy/domains/de/test/auto/ModalSource.xml (RunModel)" time="0.027" />
  <testcase classname="ptolemy.util.test.junit.AutoTests" name="[45] /home/travis/build/icyphy/ptII/ptolemy/domains/de/test/auto/NonInterruptibleTimerZeroDelay.xml (RunModel)" time="0.015" />
  <testcase classname="ptolemy.util.test.junit.AutoTests" name="[46] /home/travis/build/icyphy/ptII/ptolemy/domains/de/test/auto/OpenQueueingNetwork.xml (RunModel)" time="2.389" />
  <testcase classname="ptolemy.util.test.junit.AutoTests" name="[47] /home/travis/build/icyphy/ptII/ptolemy/domains/de/test/auto/OpenQueuingNetwork.xml (RunModel)" time="0.266" />
  <testcase classname="ptolemy.util.test.junit.AutoTests" name="[48] /home/travis/build/icyphy/ptII/ptolemy/domains/de/test/auto/PeriodicSampler.xml (RunModel)" time="0.009" />
  <testcase classname="ptolemy.util.test.junit.AutoTests" name="[49] /home/travis/build/icyphy/ptII/ptolemy/domains/de/test/auto/PersistentIO.xml (RunModel)" time="0.021" />
  <testcase classname="ptolemy.util.test.junit.AutoTests" name="[50] /home/travis/build/icyphy/ptII/ptolemy/domains/de/test/auto/PortParameterResetOnInitialize.xml (RunModel)" time="0.009" />
  <testcase classname="ptolemy.util.test.junit.AutoTests" name="[51] /home/travis/build/icyphy/ptII/ptolemy/domains/de/test/auto/PortParameterUpdates.xml (RunModel)" time="0.014" />
  <testcase classname="ptolemy.util.test.junit.AutoTests" name="[52] /home/travis/build/icyphy/ptII/ptolemy/domains/de/test/auto/QueueAndServer.xml (RunModel)" time="0.022" />
  <testcase classname="ptolemy.util.test.junit.AutoTests" name="[53] /home/travis/build/icyphy/ptII/ptolemy/domains/de/test/auto/Records.xml (RunModel)" time="0.016" />
  <testcase classname="ptolemy.util.test.junit.AutoTests" name="[54] /home/travis/build/icyphy/ptII/ptolemy/domains/de/test/auto/ResetTransitionWithStartTime1.xml (RunModel)" time="0.018" />
  <testcase classname="ptolemy.util.test.junit.AutoTests" name="[55] /home/travis/build/icyphy/ptII/ptolemy/domains/de/test/auto/ResetTransitionWithStartTime2.xml (RunModel)" time="0.018" />
  <testcase classname="ptolemy.util.test.junit.AutoTests" name="[56] /home/travis/build/icyphy/ptII/ptolemy/domains/de/test/auto/ResetTransitionWithStartTime3.xml (RunModel)" time="0.018" />
  <testcase classname="ptolemy.util.test.junit.AutoTests" name="[57] /home/travis/build/icyphy/ptII/ptolemy/domains/de/test/auto/ResetTransitionWithStartTime4.xml (RunModel)" time="0.018" />
  <testcase classname="ptolemy.util.test.junit.AutoTests" name="[58] /home/travis/build/icyphy/ptII/ptolemy/domains/de/test/auto/ResettableTimer1.xml (RunModel)" time="0.011" />
  <testcase classname="ptolemy.util.test.junit.AutoTests" name="[59] /home/travis/build/icyphy/ptII/ptolemy/domains/de/test/auto/ResettableTimer2.xml (RunModel)" time="0.009" />
  <testcase classname="ptolemy.util.test.junit.AutoTests" name="[60] /home/travis/build/icyphy/ptII/ptolemy/domains/de/test/auto/ResettableTimer3.xml (RunModel)" time="0.009" />
  <testcase classname="ptolemy.util.test.junit.AutoTests" name="[61] /home/travis/build/icyphy/ptII/ptolemy/domains/de/test/auto/ResettableTimer4.xml (RunModel)" time="0.008" />
  <testcase classname="ptolemy.util.test.junit.AutoTests" name="[62] /home/travis/build/icyphy/ptII/ptolemy/domains/de/test/auto/ResettableTimer5.xml (RunModel)" time="0.011" />
  <testcase classname="ptolemy.util.test.junit.AutoTests" name="[63] /home/travis/build/icyphy/ptII/ptolemy/domains/de/test/auto/ResettableTimer6.xml (RunModel)" time="0.013" />
  <testcase classname="ptolemy.util.test.junit.AutoTests" name="[64] /home/travis/build/icyphy/ptII/ptolemy/domains/de/test/auto/ServerZeroDelay.xml (RunModel)" time="0.008" />
  <testcase classname="ptolemy.util.test.junit.AutoTests" name="[65] /home/travis/build/icyphy/ptII/ptolemy/domains/de/test/auto/SmartSender.xml (RunModel)" time="3.008" />
  <testcase classname="ptolemy.util.test.junit.AutoTests" name="[66] /home/travis/build/icyphy/ptII/ptolemy/domains/de/test/auto/ThreadedComposite.xml (RunModel)" time="0.126" />
  <testcase classname="ptolemy.util.test.junit.AutoTests" name="[67] /home/travis/build/icyphy/ptII/ptolemy/domains/de/test/auto/Time.xml (RunModel)" time="0.385" />
  <testcase classname="ptolemy.util.test.junit.AutoTests" name="[68] /home/travis/build/icyphy/ptII/ptolemy/domains/de/test/auto/TimeDelayZeroDelay.xml (RunModel)" time="0.01" />
  <testcase classname="ptolemy.util.test.junit.AutoTests" name="[69] /home/travis/build/icyphy/ptII/ptolemy/domains/de/test/auto/TimerZeroDelay.xml (RunModel)" time="0.008" />
  <testcase classname="ptolemy.util.test.junit.AutoTests" name="[70] /home/travis/build/icyphy/ptII/ptolemy/domains/de/test/auto/TimingParadox.xml (RunModel)" time="0.328" />
  <testcase classname="ptolemy.util.test.junit.AutoTests" name="[71] /home/travis/build/icyphy/ptII/ptolemy/domains/de/test/auto/TransferInputs.xml (RunModel)" time="0.012" />
  <testcase classname="ptolemy.util.test.junit.AutoTests" name="[72] /home/travis/build/icyphy/ptII/ptolemy/domains/de/test/auto/TransferOutputs2.xml (RunModel)" time="0.042" />
  <testcase classname="ptolemy.util.test.junit.AutoTests" name="[73] /home/travis/build/icyphy/ptII/ptolemy/domains/de/test/auto/Trilateration.xml (RunModel)" time="11.631" />
  <testcase classname="ptolemy.util.test.junit.AutoTests" name="[74] /home/travis/build/icyphy/ptII/ptolemy/domains/de/test/auto/TwoSigmaDelta.xml (RunModel)" time="1.785" />
  <testcase classname="ptolemy.util.test.junit.AutoTests" name="[75] /home/travis/build/icyphy/ptII/ptolemy/domains/de/test/auto/VariableDelay.xml (RunModel)" time="0.012" />
  <testcase classname="ptolemy.util.test.junit.AutoTests" name="[76] /home/travis/build/icyphy/ptII/ptolemy/domains/de/test/auto/VariableDelay2.xml (RunModel)" time="0.013" />
  <testcase classname="ptolemy.util.test.junit.AutoTests" name="[77] /home/travis/build/icyphy/ptII/ptolemy/domains/de/test/auto/VariableDelayZeroDelay.xml (RunModel)" time="0.013" />
  <testcase classname="ptolemy.util.test.junit.AutoTests" name="[78] /home/travis/build/icyphy/ptII/ptolemy/domains/de/test/auto/VariableDelayZeroDelay2.xml (RunModel)" time="0.011" />
  <testcase classname="ptolemy.util.test.junit.AutoTests" name="[79] /home/travis/build/icyphy/ptII/ptolemy/domains/de/test/auto/deInCt.xml (RunModel)" time="0.019" />
  <testcase classname="ptolemy.util.test.junit.AutoTests" name="[80] /home/travis/build/icyphy/ptII/ptolemy/domains/de/test/auto/deInCt2.xml (RunModel)" time="0.023" />
  <testcase classname="ptolemy.util.test.junit.AutoTests" name="[81] /home/travis/build/icyphy/ptII/ptolemy/domains/de/test/auto/dynamicCausalityInterface1.xml (RunModel)" time="0.019" />
  <testcase classname="ptolemy.util.test.junit.AutoTests" name="[82] /home/travis/build/icyphy/ptII/ptolemy/domains/de/test/auto/fsm_de_test.xml (RunModel)" time="0.027" />
  <testcase classname="ptolemy.util.test.junit.AutoTests" name="[83] /home/travis/build/icyphy/ptII/ptolemy/domains/de/test/auto/functionDependencyReconstruction.xml (RunModel)" time="0.032" />
  <testcase classname="ptolemy.util.test.junit.AutoTests" name="[84] /home/travis/build/icyphy/ptII/ptolemy/domains/de/test/auto/multirate.xml (RunModel)" time="0.016" />
  <testcase classname="ptolemy.util.test.junit.AutoTests" name="[85] /home/travis/build/icyphy/ptII/ptolemy/domains/de/test/auto/multirate2.xml (RunModel)" time="0.016" />
  <testcase classname="ptolemy.util.test.junit.AutoTests" name="[86] /home/travis/build/icyphy/ptII/ptolemy/domains/de/test/auto/realtime.xml (RunModel)" time="10.012" />
  <testcase classname="ptolemy.util.test.junit.AutoTests" name="[87] /home/travis/build/icyphy/ptII/ptolemy/domains/de/test/auto/relationGroup.xml (RunModel)" time="0.011" />
  <testcase classname="ptolemy.util.test.junit.AutoTests" name="[88] /home/travis/build/icyphy/ptII/ptolemy/domains/de/test/auto/relationGroup2.xml (RunModel)" time="0.013" />
  <testcase classname="ptolemy.util.test.junit.AutoTests" name="[89] /home/travis/build/icyphy/ptII/ptolemy/domains/de/test/auto/sortWithOpaquePorts.xml (RunModel)" time="0.016" />
  <testcase classname="ptolemy.util.test.junit.AutoTests" name="[90] /home/travis/build/icyphy/ptII/ptolemy/domains/de/test/auto/transferInputsandOutputs.xml (RunModel)" time="0.026" />
  <testcase classname="ptolemy.util.test.junit.AutoTests" name="[91] /home/travis/build/icyphy/ptII/ptolemy/domains/de/test/auto/triggerType.xml (RunModel)" time="0.01" />
  <system-out><![CDATA[/home/travis/build/icyphy/ptII/ptolemy/domains/de/test/DependencyLoop.tcl
testDefs.tcl: setting time out to 9000 seconds at Mon Feb 17 23:33:00 UTC 2020
82 ms. Memory: 129024K Free: 79180K (61%)
24 ms. Memory: 129024K Free: 61757K (48%)
/home/travis/build/icyphy/ptII/ptolemy/domains/de/test/RunDETestsAsQSS.tcl
Run the DE tests using ptolemy.domains.qss.test.QSSDirectorTest, which extends QSSDirector and prints a message in the constructors.
------------------ testing $PTII/ptolemy/domains/de/test/auto/knownFailedTests/DirectFeedback.xml (Known Failure) 
44 ms. Memory: 129024K Free: 56142K (44%)


==== $PTIIhome/travis/build/icyphy/ptII/ptolemy/domains/de/test/../../../../: Auto Automatic test in file $PTII/ptolemy/domains/de/test/auto/knownFailedTests/DirectFeedback.xml
==== Contents of test case:

	    # FIXME: we should use $relativeFilename here, but it
	    # might have backslashes under Windows, which causes no end
	    # of trouble.
	    createAndExecute $file
	    list {}
	
.... Test generated KNOWN error:
    while executing
ptolemy.kernel.util.IllegalActionException: Test fails in iteration 1.
Value was: 1.0. Should have been: 2.0
  in .DirectFeedback.Test
	at ptolemy.actor.lib.Test.fire(Test.java:268)
	at ptolemy.domains.de.kernel.DEDirector._fire(DEDirector.java:1949)
	at ptolemy.domains.de.kernel.DEDirector.fire(DEDirector.java:502)
	at ptolemy.actor.CompositeActor.fire(CompositeActor.java:455)
	at ptolemy.actor.Manager.iterate(Manager.java:851)
	at ptolemy.actor.Manager.execute(Manager.java:369)
	at ptolemy.actor.Manager.run(Manager.java:1263)
	at ptolemy.actor.Manager$PtolemyRunThread.run(Manager.java:1933)

    while executing
ptolemy.kernel.util.IllegalActionException: Test fails in iteration 1.
Value was: 1.0. Should have been: 2.0
  in .DirectFeedback.Test
    while executing
"java::new ptolemy.moml.MoMLSimpleApplication $file
"
    (procedure "createAndExecute" line 2)
    invoked from within
"createAndExecute $file"
    ("uplevel" body line 5)
    invoked from within
"uplevel $contents_of_test"
------------------ testing $PTII/ptolemy/domains/de/test/auto/knownFailedTests/dependencyLoop.xml (Known Failure) 
16 ms. Memory: 129024K Free: 53070K (41%)


==== $PTIIhome/travis/build/icyphy/ptII/ptolemy/domains/de/test/../../../../: Auto Automatic test in file $PTII/ptolemy/domains/de/test/auto/knownFailedTests/dependencyLoop.xml
==== Contents of test case:

	    # FIXME: we should use $relativeFilename here, but it
	    # might have backslashes under Windows, which causes no end
	    # of trouble.
	    createAndExecute $file
	    list {}
	
.... Test generated KNOWN error:
    while executing
ptolemy.kernel.util.IllegalActionException: Found a zero delay loop containing .dependencyLoop.original
  in .dependencyLoop and .dependencyLoop.original
	at ptolemy.actor.util.CausalityInterfaceForComposites._computeOutputPortDepth(CausalityInterfaceForComposites.java:759)
	at ptolemy.actor.util.CausalityInterfaceForComposites._computeInputDepth(CausalityInterfaceForComposites.java:696)
	at ptolemy.actor.util.CausalityInterfaceForComposites._computeOutputPortDepth(CausalityInterfaceForComposites.java:765)
	at ptolemy.actor.util.CausalityInterfaceForComposites._computeInputDepth(CausalityInterfaceForComposites.java:696)
	at ptolemy.actor.util.CausalityInterfaceForComposites._computeOutputPortDepth(CausalityInterfaceForComposites.java:765)
	at ptolemy.actor.util.CausalityInterfaceForComposites._computeInputDepth(CausalityInterfaceForComposites.java:696)
	at ptolemy.actor.util.CausalityInterfaceForComposites._computeActorDepth(CausalityInterfaceForComposites.java:532)
	at ptolemy.actor.util.CausalityInterfaceForComposites.checkForCycles(CausalityInterfaceForComposites.java:96)
	at ptolemy.domains.de.kernel.DEDirector.preinitialize(DEDirector.java:1338)
	at ptolemy.actor.CompositeActor.preinitialize(CompositeActor.java:1828)
	at ptolemy.actor.Manager.preinitializeAndResolveTypes(Manager.java:1040)
	at ptolemy.actor.Manager.initialize(Manager.java:710)
	at ptolemy.actor.Manager.execute(Manager.java:356)
	at ptolemy.actor.Manager.run(Manager.java:1263)
	at ptolemy.actor.Manager$PtolemyRunThread.run(Manager.java:1933)

    while executing
ptolemy.kernel.util.IllegalActionException: Found a zero delay loop containing .dependencyLoop.original
  in .dependencyLoop and .dependencyLoop.original
    while executing
"java::new ptolemy.moml.MoMLSimpleApplication $file
"
    (procedure "createAndExecute" line 2)
    invoked from within
"createAndExecute $file"
    ("uplevel" body line 5)
    invoked from within
"uplevel $contents_of_test"
------------------ testing $PTII/ptolemy/domains/de/test/auto/knownFailedTests/FSMSource.xml (Known Failure) 
88 ms. Memory: 129024K Free: 111294K (86%)
!!!! Auto was marked as failing, but now passes
------------------ testing $PTII/ptolemy/domains/de/test/auto/knownFailedTests/HierarchicalModel.xml (Known Failure) 
9 ms. Memory: 129024K Free: 94327K (73%)


==== $PTIIhome/travis/build/icyphy/ptII/ptolemy/domains/de/test/../../../../: Auto Automatic test in file $PTII/ptolemy/domains/de/test/auto/knownFailedTests/HierarchicalModel.xml
==== Contents of test case:

	    # FIXME: we should use $relativeFilename here, but it
	    # might have backslashes under Windows, which causes no end
	    # of trouble.
	    createAndExecute $file
	    list {}
	
.... Test generated KNOWN error:
    while executing
ptolemy.kernel.util.IllegalActionException: Found a zero delay loop containing .HierarchicalModel.A
  in .HierarchicalModel and .HierarchicalModel.A
	at ptolemy.actor.util.CausalityInterfaceForComposites._computeOutputPortDepth(CausalityInterfaceForComposites.java:759)
	at ptolemy.actor.util.CausalityInterfaceForComposites._computeInputDepth(CausalityInterfaceForComposites.java:696)
	at ptolemy.actor.util.CausalityInterfaceForComposites._computeOutputPortDepth(CausalityInterfaceForComposites.java:765)
	at ptolemy.actor.util.CausalityInterfaceForComposites._computeInputDepth(CausalityInterfaceForComposites.java:696)
	at ptolemy.actor.util.CausalityInterfaceForComposites._computeOutputPortDepth(CausalityInterfaceForComposites.java:765)
	at ptolemy.actor.util.CausalityInterfaceForComposites._computeInputDepth(CausalityInterfaceForComposites.java:696)
	at ptolemy.actor.util.CausalityInterfaceForComposites._computeActorDepth(CausalityInterfaceForComposites.java:532)
	at ptolemy.actor.util.CausalityInterfaceForComposites.checkForCycles(CausalityInterfaceForComposites.java:96)
	at ptolemy.domains.de.kernel.DEDirector.preinitialize(DEDirector.java:1338)
	at ptolemy.actor.CompositeActor.preinitialize(CompositeActor.java:1828)
	at ptolemy.actor.Manager.preinitializeAndResolveTypes(Manager.java:1040)
	at ptolemy.actor.Manager.initialize(Manager.java:710)
	at ptolemy.actor.Manager.execute(Manager.java:356)
	at ptolemy.actor.Manager.run(Manager.java:1263)
	at ptolemy.actor.Manager$PtolemyRunThread.run(Manager.java:1933)

    while executing
ptolemy.kernel.util.IllegalActionException: Found a zero delay loop containing .HierarchicalModel.A
  in .HierarchicalModel and .HierarchicalModel.A
    while executing
"java::new ptolemy.moml.MoMLSimpleApplication $file
"
    (procedure "createAndExecute" line 2)
    invoked from within
"createAndExecute $file"
    ("uplevel" body line 5)
    invoked from within
"uplevel $contents_of_test"
------------------ testing $PTII/ptolemy/domains/de/test/auto/knownFailedTests/dependencyLoop2.xml (Known Failure) 
10 ms. Memory: 129024K Free: 78540K (61%)


==== $PTIIhome/travis/build/icyphy/ptII/ptolemy/domains/de/test/../../../../: Auto Automatic test in file $PTII/ptolemy/domains/de/test/auto/knownFailedTests/dependencyLoop2.xml
==== Contents of test case:

	    # FIXME: we should use $relativeFilename here, but it
	    # might have backslashes under Windows, which causes no end
	    # of trouble.
	    createAndExecute $file
	    list {}
	
.... Test generated KNOWN error:
    while executing
ptolemy.kernel.util.IllegalActionException: Found a zero delay loop containing .dependencyLoop2.original
  in .dependencyLoop2 and .dependencyLoop2.original
	at ptolemy.actor.util.CausalityInterfaceForComposites._computeOutputPortDepth(CausalityInterfaceForComposites.java:759)
	at ptolemy.actor.util.CausalityInterfaceForComposites._computeInputDepth(CausalityInterfaceForComposites.java:696)
	at ptolemy.actor.util.CausalityInterfaceForComposites._computeOutputPortDepth(CausalityInterfaceForComposites.java:765)
	at ptolemy.actor.util.CausalityInterfaceForComposites._computeInputDepth(CausalityInterfaceForComposites.java:696)
	at ptolemy.actor.util.CausalityInterfaceForComposites._computeOutputPortDepth(CausalityInterfaceForComposites.java:765)
	at ptolemy.actor.util.CausalityInterfaceForComposites._computeInputDepth(CausalityInterfaceForComposites.java:696)
	at ptolemy.actor.util.CausalityInterfaceForComposites._computeActorDepth(CausalityInterfaceForComposites.java:532)
	at ptolemy.actor.util.CausalityInterfaceForComposites.checkForCycles(CausalityInterfaceForComposites.java:96)
	at ptolemy.domains.de.kernel.DEDirector.preinitialize(DEDirector.java:1338)
	at ptolemy.actor.CompositeActor.preinitialize(CompositeActor.java:1828)
	at ptolemy.actor.Manager.preinitializeAndResolveTypes(Manager.java:1040)
	at ptolemy.actor.Manager.initialize(Manager.java:710)
	at ptolemy.actor.Manager.execute(Manager.java:356)
	at ptolemy.actor.Manager.run(Manager.java:1263)
	at ptolemy.actor.Manager$PtolemyRunThread.run(Manager.java:1933)

    while executing
ptolemy.kernel.util.IllegalActionException: Found a zero delay loop containing .dependencyLoop2.original
  in .dependencyLoop2 and .dependencyLoop2.original
    while executing
"java::new ptolemy.moml.MoMLSimpleApplication $file
"
    (procedure "createAndExecute" line 2)
    invoked from within
"createAndExecute $file"
    ("uplevel" body line 5)
    invoked from within
"uplevel $contents_of_test"
------------------ testing $PTII/ptolemy/domains/de/test/auto/knownFailedTests/DESDFClockTest.xml (Known Failure) 
2039 ms. Memory: 129024K Free: 108081K (84%)


==== $PTIIhome/travis/build/icyphy/ptII/ptolemy/domains/de/test/../../../../: Auto Automatic test in file $PTII/ptolemy/domains/de/test/auto/knownFailedTests/DESDFClockTest.xml
==== Contents of test case:

	    # FIXME: we should use $relativeFilename here, but it
	    # might have backslashes under Windows, which causes no end
	    # of trouble.
	    createAndExecute $file
	    list {}
	
.... Test generated KNOWN error:
    while executing
ptolemy.kernel.util.IllegalActionException: Actor is not ready to fire.  Perhaps UpSample.prefire() returned false? Try debugging the actor by selecting "Listen to Actor".  Also, for SDF check moml for tokenConsumptionRate on input.
  in .DESDFClockTest.Play Bell.Copy1:SDF Director and .DESDFClockTest.Play Bell.UpSample
	at ptolemy.actor.sched.StaticSchedulingDirector.fire(StaticSchedulingDirector.java:227)
	at ptolemy.domains.sdf.kernel.SDFDirector.fire(SDFDirector.java:500)
	at ptolemy.actor.CompositeActor.fire(CompositeActor.java:455)
	at ptolemy.domains.de.kernel.DEDirector._fire(DEDirector.java:1949)
	at ptolemy.domains.de.kernel.DEDirector.fire(DEDirector.java:502)
	at ptolemy.actor.CompositeActor.fire(CompositeActor.java:455)
	at ptolemy.actor.Manager.iterate(Manager.java:851)
	at ptolemy.actor.Manager.execute(Manager.java:369)
	at ptolemy.actor.Manager.run(Manager.java:1263)
	at ptolemy.actor.Manager$PtolemyRunThread.run(Manager.java:1933)

    while executing
ptolemy.kernel.util.IllegalActionException: Actor is not ready to fire.  Perhaps UpSample.prefire() returned false? Try debugging the actor by selecting "Listen to Actor".  Also, for SDF check moml for tokenConsumptionRate on input.
  in .DESDFClockTest.Play Bell.Copy1:SDF Director and .DESDFClockTest.Play Bell.UpSample
    while executing
"java::new ptolemy.moml.MoMLSimpleApplication $file
"
    (procedure "createAndExecute" line 2)
    invoked from within
"createAndExecute $file"
    ("uplevel" body line 5)
    invoked from within
"uplevel $contents_of_test"
------------------ testing $PTII/ptolemy/domains/de/test/auto/ActorDepthCalculation_actorWithoutPorts.xml
auto.tcl: Setting watchdog for 200 seconds at Mon Feb 17 23:33:04 UTC 2020
11 ms. Memory: 129024K Free: 100913K (78%)
ptolemy.util.test.WatchDog.cancel(): canceling Mon Feb 17 23:33:04 UTC 2020
auto.tcl: Setting watchdog for 200 seconds at Mon Feb 17 23:33:04 UTC 2020
4 ms. Memory: 129024K Free: 99361K (77%)
ptolemy.util.test.WatchDog.cancel(): canceling Mon Feb 17 23:33:04 UTC 2020
------------------ testing $PTII/ptolemy/domains/de/test/auto/AssemblyLine.xml
auto.tcl: Setting watchdog for 200 seconds at Mon Feb 17 23:33:04 UTC 2020
21 ms. Memory: 51200K Free: 27923K (55%)
ptolemy.util.test.WatchDog.cancel(): canceling Mon Feb 17 23:33:04 UTC 2020
auto.tcl: Setting watchdog for 200 seconds at Mon Feb 17 23:33:04 UTC 2020
10 ms. Memory: 51200K Free: 27244K (53%)
ptolemy.util.test.WatchDog.cancel(): canceling Mon Feb 17 23:33:04 UTC 2020
------------------ testing $PTII/ptolemy/domains/de/test/auto/CQBug1.xml
auto.tcl: Setting watchdog for 200 seconds at Mon Feb 17 23:33:04 UTC 2020
3 ms. Memory: 51200K Free: 33255K (65%)
ptolemy.util.test.WatchDog.cancel(): canceling Mon Feb 17 23:33:04 UTC 2020
auto.tcl: Setting watchdog for 200 seconds at Mon Feb 17 23:33:04 UTC 2020
2 ms. Memory: 51200K Free: 32802K (64%)
ptolemy.util.test.WatchDog.cancel(): canceling Mon Feb 17 23:33:04 UTC 2020
------------------ testing $PTII/ptolemy/domains/de/test/auto/CancelFireAt.xml
auto.tcl: Setting watchdog for 200 seconds at Mon Feb 17 23:33:04 UTC 2020
5 ms. Memory: 51200K Free: 34619K (68%)
ptolemy.util.test.WatchDog.cancel(): canceling Mon Feb 17 23:33:04 UTC 2020
auto.tcl: Setting watchdog for 200 seconds at Mon Feb 17 23:33:04 UTC 2020
2 ms. Memory: 51200K Free: 34124K (67%)
ptolemy.util.test.WatchDog.cancel(): canceling Mon Feb 17 23:33:04 UTC 2020
------------------ testing $PTII/ptolemy/domains/de/test/auto/CausalityAndComposabilityAnalysis.xml
auto.tcl: Setting watchdog for 200 seconds at Mon Feb 17 23:33:04 UTC 2020
5 ms. Memory: 51200K Free: 32435K (63%)
ptolemy.util.test.WatchDog.cancel(): canceling Mon Feb 17 23:33:04 UTC 2020
auto.tcl: Setting watchdog for 200 seconds at Mon Feb 17 23:33:04 UTC 2020
5 ms. Memory: 51200K Free: 31962K (62%)
ptolemy.util.test.WatchDog.cancel(): canceling Mon Feb 17 23:33:04 UTC 2020
------------------ testing $PTII/ptolemy/domains/de/test/auto/CausalityInterface1.xml
auto.tcl: Setting watchdog for 200 seconds at Mon Feb 17 23:33:04 UTC 2020
29 ms. Memory: 51200K Free: 31385K (61%)
ptolemy.util.test.WatchDog.cancel(): canceling Mon Feb 17 23:33:04 UTC 2020
auto.tcl: Setting watchdog for 200 seconds at Mon Feb 17 23:33:04 UTC 2020
4 ms. Memory: 51200K Free: 30396K (59%)
ptolemy.util.test.WatchDog.cancel(): canceling Mon Feb 17 23:33:05 UTC 2020
------------------ testing $PTII/ptolemy/domains/de/test/auto/CausalityInterface15.xml
auto.tcl: Setting watchdog for 200 seconds at Mon Feb 17 23:33:05 UTC 2020
11 ms. Memory: 51200K Free: 31292K (61%)
ptolemy.util.test.WatchDog.cancel(): canceling Mon Feb 17 23:33:05 UTC 2020
auto.tcl: Setting watchdog for 200 seconds at Mon Feb 17 23:33:05 UTC 2020
4 ms. Memory: 51200K Free: 30321K (59%)
ptolemy.util.test.WatchDog.cancel(): canceling Mon Feb 17 23:33:05 UTC 2020
------------------ testing $PTII/ptolemy/domains/de/test/auto/CausalityInterface2.xml
auto.tcl: Setting watchdog for 200 seconds at Mon Feb 17 23:33:05 UTC 2020
3 ms. Memory: 51200K Free: 32266K (63%)
ptolemy.util.test.WatchDog.cancel(): canceling Mon Feb 17 23:33:05 UTC 2020
auto.tcl: Setting watchdog for 200 seconds at Mon Feb 17 23:33:05 UTC 2020
3 ms. Memory: 51200K Free: 31364K (61%)
ptolemy.util.test.WatchDog.cancel(): canceling Mon Feb 17 23:33:05 UTC 2020
------------------ testing $PTII/ptolemy/domains/de/test/auto/CausalityInterface3.xml
auto.tcl: Setting watchdog for 200 seconds at Mon Feb 17 23:33:05 UTC 2020
7 ms. Memory: 51200K Free: 31557K (62%)
ptolemy.util.test.WatchDog.cancel(): canceling Mon Feb 17 23:33:05 UTC 2020
auto.tcl: Setting watchdog for 200 seconds at Mon Feb 17 23:33:05 UTC 2020
3 ms. Memory: 51200K Free: 31071K (61%)
ptolemy.util.test.WatchDog.cancel(): canceling Mon Feb 17 23:33:05 UTC 2020
------------------ testing $PTII/ptolemy/domains/de/test/auto/ClockDrift.xml
auto.tcl: Setting watchdog for 200 seconds at Mon Feb 17 23:33:05 UTC 2020
64 ms. Memory: 51200K Free: 23895K (47%)
ptolemy.util.test.WatchDog.cancel(): canceling Mon Feb 17 23:33:05 UTC 2020
auto.tcl: Setting watchdog for 200 seconds at Mon Feb 17 23:33:05 UTC 2020
29 ms. Memory: 51200K Free: 20683K (40%)
ptolemy.util.test.WatchDog.cancel(): canceling Mon Feb 17 23:33:05 UTC 2020
------------------ testing $PTII/ptolemy/domains/de/test/auto/ClockDriftAndValueChange.xml
auto.tcl: Setting watchdog for 200 seconds at Mon Feb 17 23:33:05 UTC 2020
40 ms. Memory: 51200K Free: 24733K (48%)
ptolemy.util.test.WatchDog.cancel(): canceling Mon Feb 17 23:33:05 UTC 2020
auto.tcl: Setting watchdog for 200 seconds at Mon Feb 17 23:33:05 UTC 2020
25 ms. Memory: 51200K Free: 21564K (42%)
ptolemy.util.test.WatchDog.cancel(): canceling Mon Feb 17 23:33:05 UTC 2020
------------------ testing $PTII/ptolemy/domains/de/test/auto/ClockDriftChange.xml
auto.tcl: Setting watchdog for 200 seconds at Mon Feb 17 23:33:05 UTC 2020
24 ms. Memory: 51200K Free: 26044K (51%)
ptolemy.util.test.WatchDog.cancel(): canceling Mon Feb 17 23:33:05 UTC 2020
auto.tcl: Setting watchdog for 200 seconds at Mon Feb 17 23:33:05 UTC 2020
16 ms. Memory: 51200K Free: 23667K (46%)
ptolemy.util.test.WatchDog.cancel(): canceling Mon Feb 17 23:33:05 UTC 2020
------------------ testing $PTII/ptolemy/domains/de/test/auto/ComposableCausalityAnalysis.xml
auto.tcl: Setting watchdog for 200 seconds at Mon Feb 17 23:33:05 UTC 2020
3 ms. Memory: 51200K Free: 30635K (60%)
ptolemy.util.test.WatchDog.cancel(): canceling Mon Feb 17 23:33:05 UTC 2020
auto.tcl: Setting watchdog for 200 seconds at Mon Feb 17 23:33:05 UTC 2020
6 ms. Memory: 51200K Free: 29616K (58%)
ptolemy.util.test.WatchDog.cancel(): canceling Mon Feb 17 23:33:05 UTC 2020
------------------ testing $PTII/ptolemy/domains/de/test/auto/DEFixedPointLimitation.xml
auto.tcl: Setting watchdog for 200 seconds at Mon Feb 17 23:33:05 UTC 2020
2 ms. Memory: 51200K Free: 31772K (62%)
ptolemy.util.test.WatchDog.cancel(): canceling Mon Feb 17 23:33:05 UTC 2020
auto.tcl: Setting watchdog for 200 seconds at Mon Feb 17 23:33:05 UTC 2020
2 ms. Memory: 51200K Free: 31136K (61%)
ptolemy.util.test.WatchDog.cancel(): canceling Mon Feb 17 23:33:05 UTC 2020
------------------ testing $PTII/ptolemy/domains/de/test/auto/DEScheduleTest.xml
auto.tcl: Setting watchdog for 200 seconds at Mon Feb 17 23:33:05 UTC 2020
4 ms. Memory: 51200K Free: 32357K (63%)
ptolemy.util.test.WatchDog.cancel(): canceling Mon Feb 17 23:33:05 UTC 2020
auto.tcl: Setting watchdog for 200 seconds at Mon Feb 17 23:33:05 UTC 2020
2 ms. Memory: 51200K Free: 31591K (62%)
ptolemy.util.test.WatchDog.cancel(): canceling Mon Feb 17 23:33:05 UTC 2020
------------------ testing $PTII/ptolemy/domains/de/test/auto/DEinDEwithStartTimes.xml
auto.tcl: Setting watchdog for 200 seconds at Mon Feb 17 23:33:05 UTC 2020
3 ms. Memory: 51200K Free: 30518K (60%)
ptolemy.util.test.WatchDog.cancel(): canceling Mon Feb 17 23:33:05 UTC 2020
auto.tcl: Setting watchdog for 200 seconds at Mon Feb 17 23:33:05 UTC 2020
5 ms. Memory: 51200K Free: 29609K (58%)
ptolemy.util.test.WatchDog.cancel(): canceling Mon Feb 17 23:33:05 UTC 2020
------------------ testing $PTII/ptolemy/domains/de/test/auto/DEinDEwithStartTimes2.xml
auto.tcl: Setting watchdog for 200 seconds at Mon Feb 17 23:33:06 UTC 2020
5 ms. Memory: 51200K Free: 29641K (58%)
ptolemy.util.test.WatchDog.cancel(): canceling Mon Feb 17 23:33:06 UTC 2020
auto.tcl: Setting watchdog for 200 seconds at Mon Feb 17 23:33:06 UTC 2020
3 ms. Memory: 51200K Free: 28590K (56%)
ptolemy.util.test.WatchDog.cancel(): canceling Mon Feb 17 23:33:06 UTC 2020
------------------ testing $PTII/ptolemy/domains/de/test/auto/DateDemo.xml
auto.tcl: Setting watchdog for 200 seconds at Mon Feb 17 23:33:06 UTC 2020
10 ms. Memory: 51200K Free: 24496K (48%)
ptolemy.util.test.WatchDog.cancel(): canceling Mon Feb 17 23:33:06 UTC 2020
auto.tcl: Setting watchdog for 200 seconds at Mon Feb 17 23:33:06 UTC 2020
6 ms. Memory: 51200K Free: 22847K (45%)
ptolemy.util.test.WatchDog.cancel(): canceling Mon Feb 17 23:33:06 UTC 2020
------------------ testing $PTII/ptolemy/domains/de/test/auto/DateToEvent.xml
auto.tcl: Setting watchdog for 200 seconds at Mon Feb 17 23:33:06 UTC 2020
2012 ms. Memory: 51200K Free: 20011K (39%)
ptolemy.util.test.WatchDog.cancel(): canceling Mon Feb 17 23:33:08 UTC 2020
auto.tcl: Setting watchdog for 200 seconds at Mon Feb 17 23:33:08 UTC 2020
2004 ms. Memory: 51200K Free: 19149K (37%)
ptolemy.util.test.WatchDog.cancel(): canceling Mon Feb 17 23:33:10 UTC 2020
------------------ testing $PTII/ptolemy/domains/de/test/auto/DepthTest1.xml
auto.tcl: Setting watchdog for 200 seconds at Mon Feb 17 23:33:10 UTC 2020
3 ms. Memory: 51200K Free: 33184K (65%)
ptolemy.util.test.WatchDog.cancel(): canceling Mon Feb 17 23:33:10 UTC 2020
auto.tcl: Setting watchdog for 200 seconds at Mon Feb 17 23:33:10 UTC 2020
1 ms. Memory: 51200K Free: 32695K (64%)
ptolemy.util.test.WatchDog.cancel(): canceling Mon Feb 17 23:33:10 UTC 2020
------------------ testing $PTII/ptolemy/domains/de/test/auto/DepthTest2.xml
auto.tcl: Setting watchdog for 200 seconds at Mon Feb 17 23:33:10 UTC 2020
4 ms. Memory: 51200K Free: 29975K (59%)
ptolemy.util.test.WatchDog.cancel(): canceling Mon Feb 17 23:33:10 UTC 2020
auto.tcl: Setting watchdog for 200 seconds at Mon Feb 17 23:33:10 UTC 2020
3 ms. Memory: 51200K Free: 29544K (58%)
ptolemy.util.test.WatchDog.cancel(): canceling Mon Feb 17 23:33:10 UTC 2020
------------------ testing $PTII/ptolemy/domains/de/test/auto/DepthTest3.xml
auto.tcl: Setting watchdog for 200 seconds at Mon Feb 17 23:33:10 UTC 2020
5 ms. Memory: 51200K Free: 33492K (65%)
ptolemy.util.test.WatchDog.cancel(): canceling Mon Feb 17 23:33:10 UTC 2020
auto.tcl: Setting watchdog for 200 seconds at Mon Feb 17 23:33:10 UTC 2020
2 ms. Memory: 51200K Free: 33020K (64%)
ptolemy.util.test.WatchDog.cancel(): canceling Mon Feb 17 23:33:10 UTC 2020
------------------ testing $PTII/ptolemy/domains/de/test/auto/DepthTest4.xml
auto.tcl: Setting watchdog for 200 seconds at Mon Feb 17 23:33:10 UTC 2020
8 ms. Memory: 51200K Free: 31737K (62%)
ptolemy.util.test.WatchDog.cancel(): canceling Mon Feb 17 23:33:10 UTC 2020
auto.tcl: Setting watchdog for 200 seconds at Mon Feb 17 23:33:10 UTC 2020
3 ms. Memory: 51200K Free: 31091K (61%)
ptolemy.util.test.WatchDog.cancel(): canceling Mon Feb 17 23:33:10 UTC 2020
------------------ testing $PTII/ptolemy/domains/de/test/auto/DepthTest5.xml
auto.tcl: Setting watchdog for 200 seconds at Mon Feb 17 23:33:10 UTC 2020
3 ms. Memory: 51200K Free: 31182K (61%)
ptolemy.util.test.WatchDog.cancel(): canceling Mon Feb 17 23:33:10 UTC 2020
auto.tcl: Setting watchdog for 200 seconds at Mon Feb 17 23:33:10 UTC 2020
3 ms. Memory: 51200K Free: 30449K (59%)
ptolemy.util.test.WatchDog.cancel(): canceling Mon Feb 17 23:33:10 UTC 2020
------------------ testing $PTII/ptolemy/domains/de/test/auto/DepthTest6.xml
auto.tcl: Setting watchdog for 200 seconds at Mon Feb 17 23:33:10 UTC 2020
4 ms. Memory: 51200K Free: 30914K (60%)
ptolemy.util.test.WatchDog.cancel(): canceling Mon Feb 17 23:33:10 UTC 2020
auto.tcl: Setting watchdog for 200 seconds at Mon Feb 17 23:33:10 UTC 2020
3 ms. Memory: 51200K Free: 30484K (60%)
ptolemy.util.test.WatchDog.cancel(): canceling Mon Feb 17 23:33:10 UTC 2020
------------------ testing $PTII/ptolemy/domains/de/test/auto/DepthTest7.xml
auto.tcl: Setting watchdog for 200 seconds at Mon Feb 17 23:33:10 UTC 2020
3 ms. Memory: 51200K Free: 30933K (60%)
ptolemy.util.test.WatchDog.cancel(): canceling Mon Feb 17 23:33:10 UTC 2020
auto.tcl: Setting watchdog for 200 seconds at Mon Feb 17 23:33:10 UTC 2020
3 ms. Memory: 51200K Free: 30503K (60%)
ptolemy.util.test.WatchDog.cancel(): canceling Mon Feb 17 23:33:10 UTC 2020
------------------ testing $PTII/ptolemy/domains/de/test/auto/EventToDate.xml
auto.tcl: Setting watchdog for 200 seconds at Mon Feb 17 23:33:10 UTC 2020
3006 ms. Memory: 51200K Free: 22468K (44%)
ptolemy.util.test.WatchDog.cancel(): canceling Mon Feb 17 23:33:13 UTC 2020
auto.tcl: Setting watchdog for 200 seconds at Mon Feb 17 23:33:13 UTC 2020
3004 ms. Memory: 51200K Free: 21820K (43%)
ptolemy.util.test.WatchDog.cancel(): canceling Mon Feb 17 23:33:16 UTC 2020
------------------ testing $PTII/ptolemy/domains/de/test/auto/FSM1.xml
auto.tcl: Setting watchdog for 200 seconds at Mon Feb 17 23:33:16 UTC 2020
38 ms. Memory: 51200K Free: 23732K (46%)
ptolemy.util.test.WatchDog.cancel(): canceling Mon Feb 17 23:33:16 UTC 2020
auto.tcl: Setting watchdog for 200 seconds at Mon Feb 17 23:33:16 UTC 2020
22 ms. Memory: 51200K Free: 20458K (40%)
ptolemy.util.test.WatchDog.cancel(): canceling Mon Feb 17 23:33:17 UTC 2020
------------------ testing $PTII/ptolemy/domains/de/test/auto/FSM7.xml
auto.tcl: Setting watchdog for 200 seconds at Mon Feb 17 23:33:17 UTC 2020
20 ms. Memory: 51200K Free: 23640K (46%)
ptolemy.util.test.WatchDog.cancel(): canceling Mon Feb 17 23:33:17 UTC 2020
auto.tcl: Setting watchdog for 200 seconds at Mon Feb 17 23:33:17 UTC 2020
17 ms. Memory: 51200K Free: 20678K (40%)
ptolemy.util.test.WatchDog.cancel(): canceling Mon Feb 17 23:33:17 UTC 2020
------------------ testing $PTII/ptolemy/domains/de/test/auto/Inspection.xml
auto.tcl: Setting watchdog for 200 seconds at Mon Feb 17 23:33:17 UTC 2020
21 ms. Memory: 51200K Free: 23203K (45%)
ptolemy.util.test.WatchDog.cancel(): canceling Mon Feb 17 23:33:17 UTC 2020
auto.tcl: Setting watchdog for 200 seconds at Mon Feb 17 23:33:17 UTC 2020
16 ms. Memory: 51200K Free: 21094K (41%)
ptolemy.util.test.WatchDog.cancel(): canceling Mon Feb 17 23:33:17 UTC 2020
------------------ testing $PTII/ptolemy/domains/de/test/auto/Iteration.xml
auto.tcl: Setting watchdog for 200 seconds at Mon Feb 17 23:33:17 UTC 2020
6 ms. Memory: 51200K Free: 28749K (56%)
ptolemy.util.test.WatchDog.cancel(): canceling Mon Feb 17 23:33:17 UTC 2020
auto.tcl: Setting watchdog for 200 seconds at Mon Feb 17 23:33:17 UTC 2020
6 ms. Memory: 51200K Free: 27563K (54%)
ptolemy.util.test.WatchDog.cancel(): canceling Mon Feb 17 23:33:17 UTC 2020
------------------ testing $PTII/ptolemy/domains/de/test/auto/LineFault.xml
auto.tcl: Setting watchdog for 200 seconds at Mon Feb 17 23:33:17 UTC 2020
616 ms. Memory: 51200K Free: 12595K (25%)
ptolemy.util.test.WatchDog.cancel(): canceling Mon Feb 17 23:33:18 UTC 2020
auto.tcl: Setting watchdog for 200 seconds at Mon Feb 17 23:33:18 UTC 2020
543 ms. Memory: 61440K Free: 36606K (60%)
ptolemy.util.test.WatchDog.cancel(): canceling Mon Feb 17 23:33:18 UTC 2020
------------------ testing $PTII/ptolemy/domains/de/test/auto/MergeModel1Add.xml
auto.tcl: Setting watchdog for 200 seconds at Mon Feb 17 23:33:18 UTC 2020
28 ms. Memory: 58368K Free: 21848K (37%)
ptolemy.util.test.WatchDog.cancel(): canceling Mon Feb 17 23:33:18 UTC 2020
auto.tcl: Setting watchdog for 200 seconds at Mon Feb 17 23:33:18 UTC 2020
11 ms. Memory: 58368K Free: 20524K (35%)
ptolemy.util.test.WatchDog.cancel(): canceling Mon Feb 17 23:33:19 UTC 2020
------------------ testing $PTII/ptolemy/domains/de/test/auto/MergeModel2Add.xml
auto.tcl: Setting watchdog for 200 seconds at Mon Feb 17 23:33:19 UTC 2020
10 ms. Memory: 55296K Free: 21659K (39%)
ptolemy.util.test.WatchDog.cancel(): canceling Mon Feb 17 23:33:19 UTC 2020
auto.tcl: Setting watchdog for 200 seconds at Mon Feb 17 23:33:19 UTC 2020
9 ms. Memory: 55296K Free: 20212K (37%)
ptolemy.util.test.WatchDog.cancel(): canceling Mon Feb 17 23:33:19 UTC 2020
------------------ testing $PTII/ptolemy/domains/de/test/auto/MergeModel3Add.xml
auto.tcl: Setting watchdog for 200 seconds at Mon Feb 17 23:33:19 UTC 2020
8 ms. Memory: 55296K Free: 21409K (39%)
ptolemy.util.test.WatchDog.cancel(): canceling Mon Feb 17 23:33:19 UTC 2020
auto.tcl: Setting watchdog for 200 seconds at Mon Feb 17 23:33:19 UTC 2020
7 ms. Memory: 55296K Free: 19766K (36%)
ptolemy.util.test.WatchDog.cancel(): canceling Mon Feb 17 23:33:19 UTC 2020
------------------ testing $PTII/ptolemy/domains/de/test/auto/MergeWithoutDiscard.xml
auto.tcl: Setting watchdog for 200 seconds at Mon Feb 17 23:33:19 UTC 2020
2 ms. Memory: 55296K Free: 36013K (65%)
ptolemy.util.test.WatchDog.cancel(): canceling Mon Feb 17 23:33:19 UTC 2020
auto.tcl: Setting watchdog for 200 seconds at Mon Feb 17 23:33:19 UTC 2020
2 ms. Memory: 55296K Free: 35125K (64%)
ptolemy.util.test.WatchDog.cancel(): canceling Mon Feb 17 23:33:19 UTC 2020
------------------ testing $PTII/ptolemy/domains/de/test/auto/Modal1.xml
auto.tcl: Setting watchdog for 200 seconds at Mon Feb 17 23:33:19 UTC 2020
11 ms. Memory: 55296K Free: 28120K (51%)
ptolemy.util.test.WatchDog.cancel(): canceling Mon Feb 17 23:33:19 UTC 2020
auto.tcl: Setting watchdog for 200 seconds at Mon Feb 17 23:33:19 UTC 2020
12 ms. Memory: 55296K Free: 24609K (45%)
ptolemy.util.test.WatchDog.cancel(): canceling Mon Feb 17 23:33:19 UTC 2020
------------------ testing $PTII/ptolemy/domains/de/test/auto/Modal2.xml
auto.tcl: Setting watchdog for 200 seconds at Mon Feb 17 23:33:19 UTC 2020
14 ms. Memory: 55296K Free: 27739K (50%)
ptolemy.util.test.WatchDog.cancel(): canceling Mon Feb 17 23:33:19 UTC 2020
auto.tcl: Setting watchdog for 200 seconds at Mon Feb 17 23:33:19 UTC 2020
17 ms. Memory: 55296K Free: 24505K (44%)
ptolemy.util.test.WatchDog.cancel(): canceling Mon Feb 17 23:33:19 UTC 2020
------------------ testing $PTII/ptolemy/domains/de/test/auto/Modal3.xml
auto.tcl: Setting watchdog for 200 seconds at Mon Feb 17 23:33:19 UTC 2020
10 ms. Memory: 55296K Free: 27463K (50%)
ptolemy.util.test.WatchDog.cancel(): canceling Mon Feb 17 23:33:19 UTC 2020
auto.tcl: Setting watchdog for 200 seconds at Mon Feb 17 23:33:19 UTC 2020
10 ms. Memory: 55296K Free: 24511K (44%)
ptolemy.util.test.WatchDog.cancel(): canceling Mon Feb 17 23:33:19 UTC 2020
------------------ testing $PTII/ptolemy/domains/de/test/auto/Modal4.xml
auto.tcl: Setting watchdog for 200 seconds at Mon Feb 17 23:33:19 UTC 2020
13 ms. Memory: 55296K Free: 26696K (48%)
ptolemy.util.test.WatchDog.cancel(): canceling Mon Feb 17 23:33:19 UTC 2020
auto.tcl: Setting watchdog for 200 seconds at Mon Feb 17 23:33:19 UTC 2020
14 ms. Memory: 55296K Free: 22872K (41%)
ptolemy.util.test.WatchDog.cancel(): canceling Mon Feb 17 23:33:19 UTC 2020
------------------ testing $PTII/ptolemy/domains/de/test/auto/Modal5.xml
auto.tcl: Setting watchdog for 200 seconds at Mon Feb 17 23:33:19 UTC 2020
13 ms. Memory: 55296K Free: 26698K (48%)
ptolemy.util.test.WatchDog.cancel(): canceling Mon Feb 17 23:33:19 UTC 2020
auto.tcl: Setting watchdog for 200 seconds at Mon Feb 17 23:33:19 UTC 2020
14 ms. Memory: 55296K Free: 23029K (42%)
ptolemy.util.test.WatchDog.cancel(): canceling Mon Feb 17 23:33:19 UTC 2020
------------------ testing $PTII/ptolemy/domains/de/test/auto/Modal6.xml
auto.tcl: Setting watchdog for 200 seconds at Mon Feb 17 23:33:19 UTC 2020
14 ms. Memory: 55296K Free: 27698K (50%)
ptolemy.util.test.WatchDog.cancel(): canceling Mon Feb 17 23:33:19 UTC 2020
auto.tcl: Setting watchdog for 200 seconds at Mon Feb 17 23:33:19 UTC 2020
14 ms. Memory: 55296K Free: 23483K (42%)
ptolemy.util.test.WatchDog.cancel(): canceling Mon Feb 17 23:33:19 UTC 2020
------------------ testing $PTII/ptolemy/domains/de/test/auto/Modal7.xml
auto.tcl: Setting watchdog for 200 seconds at Mon Feb 17 23:33:19 UTC 2020
18 ms. Memory: 55296K Free: 26408K (48%)
ptolemy.util.test.WatchDog.cancel(): canceling Mon Feb 17 23:33:19 UTC 2020
auto.tcl: Setting watchdog for 200 seconds at Mon Feb 17 23:33:19 UTC 2020
12 ms. Memory: 55296K Free: 23076K (42%)
ptolemy.util.test.WatchDog.cancel(): canceling Mon Feb 17 23:33:19 UTC 2020
------------------ testing $PTII/ptolemy/domains/de/test/auto/ModalModel.xml
auto.tcl: Setting watchdog for 200 seconds at Mon Feb 17 23:33:19 UTC 2020
199 ms. Memory: 55296K Free: 20627K (37%)
ptolemy.util.test.WatchDog.cancel(): canceling Mon Feb 17 23:33:20 UTC 2020
auto.tcl: Setting watchdog for 200 seconds at Mon Feb 17 23:33:20 UTC 2020
197 ms. Memory: 72704K Free: 31794K (44%)
ptolemy.util.test.WatchDog.cancel(): canceling Mon Feb 17 23:33:20 UTC 2020
------------------ testing $PTII/ptolemy/domains/de/test/auto/ModalSource.xml
auto.tcl: Setting watchdog for 200 seconds at Mon Feb 17 23:33:20 UTC 2020
8 ms. Memory: 55296K Free: 31532K (57%)
ptolemy.util.test.WatchDog.cancel(): canceling Mon Feb 17 23:33:20 UTC 2020
auto.tcl: Setting watchdog for 200 seconds at Mon Feb 17 23:33:20 UTC 2020
6 ms. Memory: 55296K Free: 29484K (53%)
ptolemy.util.test.WatchDog.cancel(): canceling Mon Feb 17 23:33:20 UTC 2020
------------------ testing $PTII/ptolemy/domains/de/test/auto/NonInterruptibleTimerZeroDelay.xml
auto.tcl: Setting watchdog for 200 seconds at Mon Feb 17 23:33:20 UTC 2020
3 ms. Memory: 55296K Free: 36429K (66%)
ptolemy.util.test.WatchDog.cancel(): canceling Mon Feb 17 23:33:20 UTC 2020
auto.tcl: Setting watchdog for 200 seconds at Mon Feb 17 23:33:20 UTC 2020
2 ms. Memory: 55296K Free: 35774K (65%)
ptolemy.util.test.WatchDog.cancel(): canceling Mon Feb 17 23:33:20 UTC 2020
------------------ testing $PTII/ptolemy/domains/de/test/auto/OpenQueueingNetwork.xml
auto.tcl: Setting watchdog for 200 seconds at Mon Feb 17 23:33:20 UTC 2020
2798 ms. Memory: 101376K Free: 63627K (63%)
ptolemy.util.test.WatchDog.cancel(): canceling Mon Feb 17 23:33:23 UTC 2020
auto.tcl: Setting watchdog for 200 seconds at Mon Feb 17 23:33:23 UTC 2020
2117 ms. Memory: 129024K Free: 94398K (73%)
ptolemy.util.test.WatchDog.cancel(): canceling Mon Feb 17 23:33:25 UTC 2020
------------------ testing $PTII/ptolemy/domains/de/test/auto/OpenQueuingNetwork.xml
auto.tcl: Setting watchdog for 200 seconds at Mon Feb 17 23:33:25 UTC 2020
271 ms. Memory: 58368K Free: 30096K (52%)
ptolemy.util.test.WatchDog.cancel(): canceling Mon Feb 17 23:33:26 UTC 2020
auto.tcl: Setting watchdog for 200 seconds at Mon Feb 17 23:33:26 UTC 2020
230 ms. Memory: 58368K Free: 11485K (20%)
ptolemy.util.test.WatchDog.cancel(): canceling Mon Feb 17 23:33:26 UTC 2020
------------------ testing $PTII/ptolemy/domains/de/test/auto/PeriodicSampler.xml
auto.tcl: Setting watchdog for 200 seconds at Mon Feb 17 23:33:26 UTC 2020
2 ms. Memory: 55296K Free: 36143K (65%)
ptolemy.util.test.WatchDog.cancel(): canceling Mon Feb 17 23:33:26 UTC 2020
auto.tcl: Setting watchdog for 200 seconds at Mon Feb 17 23:33:26 UTC 2020
2 ms. Memory: 55296K Free: 35149K (64%)
ptolemy.util.test.WatchDog.cancel(): canceling Mon Feb 17 23:33:26 UTC 2020
------------------ testing $PTII/ptolemy/domains/de/test/auto/PersistentIO.xml
auto.tcl: Setting watchdog for 200 seconds at Mon Feb 17 23:33:26 UTC 2020
6 ms. Memory: 51200K Free: 26492K (52%)
ptolemy.util.test.WatchDog.cancel(): canceling Mon Feb 17 23:33:26 UTC 2020
auto.tcl: Setting watchdog for 200 seconds at Mon Feb 17 23:33:26 UTC 2020
4 ms. Memory: 51200K Free: 24972K (49%)
ptolemy.util.test.WatchDog.cancel(): canceling Mon Feb 17 23:33:26 UTC 2020
------------------ testing $PTII/ptolemy/domains/de/test/auto/PortParameterResetOnInitialize.xml
auto.tcl: Setting watchdog for 200 seconds at Mon Feb 17 23:33:26 UTC 2020
7 ms. Memory: 51200K Free: 31489K (62%)
ptolemy.util.test.WatchDog.cancel(): canceling Mon Feb 17 23:33:26 UTC 2020
auto.tcl: Setting watchdog for 200 seconds at Mon Feb 17 23:33:26 UTC 2020
2 ms. Memory: 51200K Free: 30979K (61%)
ptolemy.util.test.WatchDog.cancel(): canceling Mon Feb 17 23:33:26 UTC 2020
------------------ testing $PTII/ptolemy/domains/de/test/auto/PortParameterUpdates.xml
auto.tcl: Setting watchdog for 200 seconds at Mon Feb 17 23:33:26 UTC 2020
7 ms. Memory: 51200K Free: 30088K (59%)
ptolemy.util.test.WatchDog.cancel(): canceling Mon Feb 17 23:33:26 UTC 2020
auto.tcl: Setting watchdog for 200 seconds at Mon Feb 17 23:33:26 UTC 2020
4 ms. Memory: 51200K Free: 28537K (56%)
ptolemy.util.test.WatchDog.cancel(): canceling Mon Feb 17 23:33:26 UTC 2020
------------------ testing $PTII/ptolemy/domains/de/test/auto/QueueAndServer.xml
auto.tcl: Setting watchdog for 200 seconds at Mon Feb 17 23:33:26 UTC 2020
6 ms. Memory: 51200K Free: 28514K (56%)
ptolemy.util.test.WatchDog.cancel(): canceling Mon Feb 17 23:33:26 UTC 2020
auto.tcl: Setting watchdog for 200 seconds at Mon Feb 17 23:33:26 UTC 2020
6 ms. Memory: 51200K Free: 26980K (53%)
ptolemy.util.test.WatchDog.cancel(): canceling Mon Feb 17 23:33:26 UTC 2020
------------------ testing $PTII/ptolemy/domains/de/test/auto/Records.xml
auto.tcl: Setting watchdog for 200 seconds at Mon Feb 17 23:33:26 UTC 2020
5 ms. Memory: 51200K Free: 30729K (60%)
ptolemy.util.test.WatchDog.cancel(): canceling Mon Feb 17 23:33:26 UTC 2020
auto.tcl: Setting watchdog for 200 seconds at Mon Feb 17 23:33:26 UTC 2020
3 ms. Memory: 51200K Free: 30226K (59%)
ptolemy.util.test.WatchDog.cancel(): canceling Mon Feb 17 23:33:26 UTC 2020
------------------ testing $PTII/ptolemy/domains/de/test/auto/ResetTransitionWithStartTime1.xml
auto.tcl: Setting watchdog for 200 seconds at Mon Feb 17 23:33:26 UTC 2020
18 ms. Memory: 51200K Free: 27976K (55%)
ptolemy.util.test.WatchDog.cancel(): canceling Mon Feb 17 23:33:26 UTC 2020
auto.tcl: Setting watchdog for 200 seconds at Mon Feb 17 23:33:26 UTC 2020
9 ms. Memory: 51200K Free: 25409K (50%)
ptolemy.util.test.WatchDog.cancel(): canceling Mon Feb 17 23:33:26 UTC 2020
------------------ testing $PTII/ptolemy/domains/de/test/auto/ResetTransitionWithStartTime2.xml
auto.tcl: Setting watchdog for 200 seconds at Mon Feb 17 23:33:26 UTC 2020
7 ms. Memory: 51200K Free: 27931K (55%)
ptolemy.util.test.WatchDog.cancel(): canceling Mon Feb 17 23:33:26 UTC 2020
auto.tcl: Setting watchdog for 200 seconds at Mon Feb 17 23:33:26 UTC 2020
6 ms. Memory: 51200K Free: 25883K (51%)
ptolemy.util.test.WatchDog.cancel(): canceling Mon Feb 17 23:33:26 UTC 2020
------------------ testing $PTII/ptolemy/domains/de/test/auto/ResetTransitionWithStartTime3.xml
auto.tcl: Setting watchdog for 200 seconds at Mon Feb 17 23:33:26 UTC 2020
7 ms. Memory: 51200K Free: 27930K (55%)
ptolemy.util.test.WatchDog.cancel(): canceling Mon Feb 17 23:33:27 UTC 2020
auto.tcl: Setting watchdog for 200 seconds at Mon Feb 17 23:33:27 UTC 2020
7 ms. Memory: 51200K Free: 25377K (50%)
ptolemy.util.test.WatchDog.cancel(): canceling Mon Feb 17 23:33:27 UTC 2020
------------------ testing $PTII/ptolemy/domains/de/test/auto/ResetTransitionWithStartTime4.xml
auto.tcl: Setting watchdog for 200 seconds at Mon Feb 17 23:33:27 UTC 2020
8 ms. Memory: 51200K Free: 28375K (55%)
ptolemy.util.test.WatchDog.cancel(): canceling Mon Feb 17 23:33:27 UTC 2020
auto.tcl: Setting watchdog for 200 seconds at Mon Feb 17 23:33:27 UTC 2020
4 ms. Memory: 51200K Free: 26905K (53%)
ptolemy.util.test.WatchDog.cancel(): canceling Mon Feb 17 23:33:27 UTC 2020
------------------ testing $PTII/ptolemy/domains/de/test/auto/ResettableTimer1.xml
auto.tcl: Setting watchdog for 200 seconds at Mon Feb 17 23:33:27 UTC 2020
12 ms. Memory: 51200K Free: 32145K (63%)
ptolemy.util.test.WatchDog.cancel(): canceling Mon Feb 17 23:33:27 UTC 2020
auto.tcl: Setting watchdog for 200 seconds at Mon Feb 17 23:33:27 UTC 2020
2 ms. Memory: 51200K Free: 31488K (62%)
ptolemy.util.test.WatchDog.cancel(): canceling Mon Feb 17 23:33:27 UTC 2020
------------------ testing $PTII/ptolemy/domains/de/test/auto/ResettableTimer2.xml
auto.tcl: Setting watchdog for 200 seconds at Mon Feb 17 23:33:27 UTC 2020
3 ms. Memory: 51200K Free: 32154K (63%)
ptolemy.util.test.WatchDog.cancel(): canceling Mon Feb 17 23:33:27 UTC 2020
auto.tcl: Setting watchdog for 200 seconds at Mon Feb 17 23:33:27 UTC 2020
2 ms. Memory: 51200K Free: 31535K (62%)
ptolemy.util.test.WatchDog.cancel(): canceling Mon Feb 17 23:33:27 UTC 2020
------------------ testing $PTII/ptolemy/domains/de/test/auto/ResettableTimer3.xml
auto.tcl: Setting watchdog for 200 seconds at Mon Feb 17 23:33:27 UTC 2020
1 ms. Memory: 51200K Free: 32503K (63%)
ptolemy.util.test.WatchDog.cancel(): canceling Mon Feb 17 23:33:27 UTC 2020
auto.tcl: Setting watchdog for 200 seconds at Mon Feb 17 23:33:27 UTC 2020
1 ms. Memory: 51200K Free: 32062K (63%)
ptolemy.util.test.WatchDog.cancel(): canceling Mon Feb 17 23:33:27 UTC 2020
------------------ testing $PTII/ptolemy/domains/de/test/auto/ResettableTimer4.xml
auto.tcl: Setting watchdog for 200 seconds at Mon Feb 17 23:33:27 UTC 2020
1 ms. Memory: 51200K Free: 32083K (63%)
ptolemy.util.test.WatchDog.cancel(): canceling Mon Feb 17 23:33:27 UTC 2020
auto.tcl: Setting watchdog for 200 seconds at Mon Feb 17 23:33:27 UTC 2020
1 ms. Memory: 51200K Free: 32083K (63%)
ptolemy.util.test.WatchDog.cancel(): canceling Mon Feb 17 23:33:27 UTC 2020
------------------ testing $PTII/ptolemy/domains/de/test/auto/ResettableTimer5.xml
auto.tcl: Setting watchdog for 200 seconds at Mon Feb 17 23:33:27 UTC 2020
1 ms. Memory: 51200K Free: 32074K (63%)
ptolemy.util.test.WatchDog.cancel(): canceling Mon Feb 17 23:33:27 UTC 2020
auto.tcl: Setting watchdog for 200 seconds at Mon Feb 17 23:33:27 UTC 2020
1 ms. Memory: 51200K Free: 31569K (62%)
ptolemy.util.test.WatchDog.cancel(): canceling Mon Feb 17 23:33:27 UTC 2020
------------------ testing $PTII/ptolemy/domains/de/test/auto/ResettableTimer6.xml
auto.tcl: Setting watchdog for 200 seconds at Mon Feb 17 23:33:27 UTC 2020
1 ms. Memory: 51200K Free: 31551K (62%)
ptolemy.util.test.WatchDog.cancel(): canceling Mon Feb 17 23:33:27 UTC 2020
auto.tcl: Setting watchdog for 200 seconds at Mon Feb 17 23:33:27 UTC 2020
2 ms. Memory: 51200K Free: 31041K (61%)
ptolemy.util.test.WatchDog.cancel(): canceling Mon Feb 17 23:33:27 UTC 2020
------------------ testing $PTII/ptolemy/domains/de/test/auto/ServerZeroDelay.xml
auto.tcl: Setting watchdog for 200 seconds at Mon Feb 17 23:33:27 UTC 2020
3 ms. Memory: 51200K Free: 32056K (63%)
ptolemy.util.test.WatchDog.cancel(): canceling Mon Feb 17 23:33:27 UTC 2020
auto.tcl: Setting watchdog for 200 seconds at Mon Feb 17 23:33:27 UTC 2020
2 ms. Memory: 51200K Free: 31048K (61%)
ptolemy.util.test.WatchDog.cancel(): canceling Mon Feb 17 23:33:27 UTC 2020
------------------ testing $PTII/ptolemy/domains/de/test/auto/SmartSender.xml
auto.tcl: Setting watchdog for 200 seconds at Mon Feb 17 23:33:27 UTC 2020
3001 ms. Memory: 51200K Free: 32050K (63%)
ptolemy.util.test.WatchDog.cancel(): canceling Mon Feb 17 23:33:30 UTC 2020
auto.tcl: Setting watchdog for 200 seconds at Mon Feb 17 23:33:30 UTC 2020
3002 ms. Memory: 51200K Free: 31545K (62%)
ptolemy.util.test.WatchDog.cancel(): canceling Mon Feb 17 23:33:33 UTC 2020
------------------ testing $PTII/ptolemy/domains/de/test/auto/ThreadedComposite.xml
auto.tcl: Setting watchdog for 200 seconds at Mon Feb 17 23:33:33 UTC 2020
212 ms. Memory: 51200K Free: 14143K (28%)
ptolemy.util.test.WatchDog.cancel(): canceling Mon Feb 17 23:33:33 UTC 2020
auto.tcl: Setting watchdog for 200 seconds at Mon Feb 17 23:33:33 UTC 2020
123 ms. Memory: 51200K Free: 29339K (57%)
ptolemy.util.test.WatchDog.cancel(): canceling Mon Feb 17 23:33:34 UTC 2020
------------------ testing $PTII/ptolemy/domains/de/test/auto/Time.xml
auto.tcl: Setting watchdog for 200 seconds at Mon Feb 17 23:33:34 UTC 2020
441 ms. Memory: 51200K Free: 9739K (19%)
ptolemy.util.test.WatchDog.cancel(): canceling Mon Feb 17 23:33:34 UTC 2020
auto.tcl: Setting watchdog for 200 seconds at Mon Feb 17 23:33:34 UTC 2020
441 ms. Memory: 71680K Free: 47526K (66%)
ptolemy.util.test.WatchDog.cancel(): canceling Mon Feb 17 23:33:34 UTC 2020
------------------ testing $PTII/ptolemy/domains/de/test/auto/TimeDelayZeroDelay.xml
auto.tcl: Setting watchdog for 200 seconds at Mon Feb 17 23:33:35 UTC 2020
4 ms. Memory: 55296K Free: 36587K (66%)
ptolemy.util.test.WatchDog.cancel(): canceling Mon Feb 17 23:33:35 UTC 2020
auto.tcl: Setting watchdog for 200 seconds at Mon Feb 17 23:33:35 UTC 2020
1 ms. Memory: 55296K Free: 35684K (65%)
ptolemy.util.test.WatchDog.cancel(): canceling Mon Feb 17 23:33:35 UTC 2020
------------------ testing $PTII/ptolemy/domains/de/test/auto/TimerZeroDelay.xml
auto.tcl: Setting watchdog for 200 seconds at Mon Feb 17 23:33:35 UTC 2020
1 ms. Memory: 55296K Free: 36513K (66%)
ptolemy.util.test.WatchDog.cancel(): canceling Mon Feb 17 23:33:35 UTC 2020
auto.tcl: Setting watchdog for 200 seconds at Mon Feb 17 23:33:35 UTC 2020
1 ms. Memory: 55296K Free: 35727K (65%)
ptolemy.util.test.WatchDog.cancel(): canceling Mon Feb 17 23:33:35 UTC 2020
------------------ testing $PTII/ptolemy/domains/de/test/auto/TimingParadox.xml
auto.tcl: Setting watchdog for 200 seconds at Mon Feb 17 23:33:35 UTC 2020
300 ms. Memory: 55296K Free: 28828K (52%)
ptolemy.util.test.WatchDog.cancel(): canceling Mon Feb 17 23:33:35 UTC 2020
auto.tcl: Setting watchdog for 200 seconds at Mon Feb 17 23:33:35 UTC 2020
307 ms. Memory: 55296K Free: 22980K (42%)
ptolemy.util.test.WatchDog.cancel(): canceling Mon Feb 17 23:33:35 UTC 2020
------------------ testing $PTII/ptolemy/domains/de/test/auto/TransferInputs.xml
auto.tcl: Setting watchdog for 200 seconds at Mon Feb 17 23:33:35 UTC 2020
2 ms. Memory: 55296K Free: 34588K (63%)
ptolemy.util.test.WatchDog.cancel(): canceling Mon Feb 17 23:33:35 UTC 2020
auto.tcl: Setting watchdog for 200 seconds at Mon Feb 17 23:33:35 UTC 2020
9 ms. Memory: 55296K Free: 33662K (61%)
ptolemy.util.test.WatchDog.cancel(): canceling Mon Feb 17 23:33:35 UTC 2020
------------------ testing $PTII/ptolemy/domains/de/test/auto/TransferOutputs2.xml
auto.tcl: Setting watchdog for 200 seconds at Mon Feb 17 23:33:36 UTC 2020
3 ms. Memory: 55296K Free: 32030K (58%)
ptolemy.util.test.WatchDog.cancel(): canceling Mon Feb 17 23:33:36 UTC 2020
auto.tcl: Setting watchdog for 200 seconds at Mon Feb 17 23:33:36 UTC 2020
2 ms. Memory: 55296K Free: 30576K (55%)
ptolemy.util.test.WatchDog.cancel(): canceling Mon Feb 17 23:33:36 UTC 2020
------------------ testing $PTII/ptolemy/domains/de/test/auto/Trilateration.xml
auto.tcl: Setting watchdog for 200 seconds at Mon Feb 17 23:33:36 UTC 2020
14427 ms. Memory: 451584K Free: 218814K (48%)
ptolemy.util.test.WatchDog.cancel(): canceling Mon Feb 17 23:33:51 UTC 2020
auto.tcl: Setting watchdog for 200 seconds at Mon Feb 17 23:33:51 UTC 2020
10261 ms. Memory: 451584K Free: 245791K (54%)
ptolemy.util.test.WatchDog.cancel(): canceling Mon Feb 17 23:34:01 UTC 2020
------------------ testing $PTII/ptolemy/domains/de/test/auto/TwoSigmaDelta.xml
auto.tcl: Setting watchdog for 200 seconds at Mon Feb 17 23:34:02 UTC 2020
2552 ms. Memory: 92160K Free: 14846K (16%)
ptolemy.util.test.WatchDog.cancel(): canceling Mon Feb 17 23:34:04 UTC 2020
auto.tcl: Setting watchdog for 200 seconds at Mon Feb 17 23:34:04 UTC 2020
1913 ms. Memory: 92160K Free: 63460K (69%)
ptolemy.util.test.WatchDog.cancel(): canceling Mon Feb 17 23:34:06 UTC 2020
------------------ testing $PTII/ptolemy/domains/de/test/auto/VariableDelay.xml
auto.tcl: Setting watchdog for 200 seconds at Mon Feb 17 23:34:06 UTC 2020
3 ms. Memory: 55296K Free: 35085K (63%)
ptolemy.util.test.WatchDog.cancel(): canceling Mon Feb 17 23:34:06 UTC 2020
auto.tcl: Setting watchdog for 200 seconds at Mon Feb 17 23:34:06 UTC 2020
2 ms. Memory: 55296K Free: 34069K (62%)
ptolemy.util.test.WatchDog.cancel(): canceling Mon Feb 17 23:34:06 UTC 2020
------------------ testing $PTII/ptolemy/domains/de/test/auto/VariableDelay2.xml
auto.tcl: Setting watchdog for 200 seconds at Mon Feb 17 23:34:06 UTC 2020
2 ms. Memory: 55296K Free: 36012K (65%)
ptolemy.util.test.WatchDog.cancel(): canceling Mon Feb 17 23:34:06 UTC 2020
auto.tcl: Setting watchdog for 200 seconds at Mon Feb 17 23:34:06 UTC 2020
1 ms. Memory: 55296K Free: 34988K (63%)
ptolemy.util.test.WatchDog.cancel(): canceling Mon Feb 17 23:34:06 UTC 2020
------------------ testing $PTII/ptolemy/domains/de/test/auto/VariableDelayZeroDelay.xml
auto.tcl: Setting watchdog for 200 seconds at Mon Feb 17 23:34:06 UTC 2020
2 ms. Memory: 55296K Free: 36011K (65%)
ptolemy.util.test.WatchDog.cancel(): canceling Mon Feb 17 23:34:06 UTC 2020
auto.tcl: Setting watchdog for 200 seconds at Mon Feb 17 23:34:06 UTC 2020
2 ms. Memory: 55296K Free: 35497K (64%)
ptolemy.util.test.WatchDog.cancel(): canceling Mon Feb 17 23:34:06 UTC 2020
------------------ testing $PTII/ptolemy/domains/de/test/auto/VariableDelayZeroDelay2.xml
auto.tcl: Setting watchdog for 200 seconds at Mon Feb 17 23:34:06 UTC 2020
2 ms. Memory: 55296K Free: 36010K (65%)
ptolemy.util.test.WatchDog.cancel(): canceling Mon Feb 17 23:34:06 UTC 2020
auto.tcl: Setting watchdog for 200 seconds at Mon Feb 17 23:34:06 UTC 2020
2 ms. Memory: 55296K Free: 34986K (63%)
ptolemy.util.test.WatchDog.cancel(): canceling Mon Feb 17 23:34:06 UTC 2020
------------------ testing $PTII/ptolemy/domains/de/test/auto/deInCt.xml
auto.tcl: Setting watchdog for 200 seconds at Mon Feb 17 23:34:06 UTC 2020
0
1
1
1
0
0
0
1
1
1
1
0
0
0
0
0
1
1
1
1
0
0
0
1
1
1
1
0
0
1
1
1
0
0
1
1
0
0
0
0
14 ms. Memory: 55296K Free: 34983K (63%)
ptolemy.util.test.WatchDog.cancel(): canceling Mon Feb 17 23:34:06 UTC 2020
auto.tcl: Setting watchdog for 200 seconds at Mon Feb 17 23:34:06 UTC 2020
0
1
1
1
0
0
0
0
1
1
1
1
1
1
0
0
0
0
1
1
1
1
0
0
1
1
1
0
0
0
0
6 ms. Memory: 55296K Free: 33445K (60%)
ptolemy.util.test.WatchDog.cancel(): canceling Mon Feb 17 23:34:06 UTC 2020
------------------ testing $PTII/ptolemy/domains/de/test/auto/deInCt2.xml
auto.tcl: Setting watchdog for 200 seconds at Mon Feb 17 23:34:06 UTC 2020
0
1
1
1
0
0
1
1
1
0
0
1
1
1
0
0
1
1
1
0
0
1
1
1
0
0
1
1
1
0
0
1
1
1
0
0
1
1
1
0
0
0
13 ms. Memory: 55296K Free: 34986K (63%)
ptolemy.util.test.WatchDog.cancel(): canceling Mon Feb 17 23:34:06 UTC 2020
auto.tcl: Setting watchdog for 200 seconds at Mon Feb 17 23:34:06 UTC 2020
0
1
1
1
0
0
1
1
1
0
0
1
1
1
0
0
1
1
1
0
0
1
1
1
0
0
1
1
1
0
0
1
1
1
0
0
1
1
1
0
0
0
9 ms. Memory: 55296K Free: 33442K (60%)
ptolemy.util.test.WatchDog.cancel(): canceling Mon Feb 17 23:34:06 UTC 2020
------------------ testing $PTII/ptolemy/domains/de/test/auto/dynamicCausalityInterface1.xml
auto.tcl: Setting watchdog for 200 seconds at Mon Feb 17 23:34:07 UTC 2020
2 ms. Memory: 55296K Free: 30884K (56%)
ptolemy.util.test.WatchDog.cancel(): canceling Mon Feb 17 23:34:07 UTC 2020
auto.tcl: Setting watchdog for 200 seconds at Mon Feb 17 23:34:07 UTC 2020
1 ms. Memory: 55296K Free: 30370K (55%)
ptolemy.util.test.WatchDog.cancel(): canceling Mon Feb 17 23:34:07 UTC 2020
------------------ testing $PTII/ptolemy/domains/de/test/auto/fsm_de_test.xml
auto.tcl: Setting watchdog for 200 seconds at Mon Feb 17 23:34:07 UTC 2020
14 ms. Memory: 55296K Free: 30782K (56%)
ptolemy.util.test.WatchDog.cancel(): canceling Mon Feb 17 23:34:07 UTC 2020
auto.tcl: Setting watchdog for 200 seconds at Mon Feb 17 23:34:07 UTC 2020
9 ms. Memory: 55296K Free: 28734K (52%)
ptolemy.util.test.WatchDog.cancel(): canceling Mon Feb 17 23:34:07 UTC 2020
------------------ testing $PTII/ptolemy/domains/de/test/auto/functionDependencyReconstruction.xml
auto.tcl: Setting watchdog for 200 seconds at Mon Feb 17 23:34:07 UTC 2020
2 ms. Memory: 55296K Free: 24650K (45%)
ptolemy.util.test.WatchDog.cancel(): canceling Mon Feb 17 23:34:07 UTC 2020
auto.tcl: Setting watchdog for 200 seconds at Mon Feb 17 23:34:07 UTC 2020
2 ms. Memory: 55296K Free: 22580K (41%)
ptolemy.util.test.WatchDog.cancel(): canceling Mon Feb 17 23:34:07 UTC 2020
------------------ testing $PTII/ptolemy/domains/de/test/auto/multirate.xml
auto.tcl: Setting watchdog for 200 seconds at Mon Feb 17 23:34:07 UTC 2020
3 ms. Memory: 55296K Free: 33346K (60%)
ptolemy.util.test.WatchDog.cancel(): canceling Mon Feb 17 23:34:07 UTC 2020
auto.tcl: Setting watchdog for 200 seconds at Mon Feb 17 23:34:07 UTC 2020
3 ms. Memory: 55296K Free: 31677K (57%)
ptolemy.util.test.WatchDog.cancel(): canceling Mon Feb 17 23:34:07 UTC 2020
------------------ testing $PTII/ptolemy/domains/de/test/auto/multirate2.xml
auto.tcl: Setting watchdog for 200 seconds at Mon Feb 17 23:34:07 UTC 2020
3 ms. Memory: 55296K Free: 33541K (61%)
ptolemy.util.test.WatchDog.cancel(): canceling Mon Feb 17 23:34:07 UTC 2020
auto.tcl: Setting watchdog for 200 seconds at Mon Feb 17 23:34:07 UTC 2020
3 ms. Memory: 55296K Free: 31858K (58%)
ptolemy.util.test.WatchDog.cancel(): canceling Mon Feb 17 23:34:07 UTC 2020
------------------ testing $PTII/ptolemy/domains/de/test/auto/realtime.xml
auto.tcl: Setting watchdog for 200 seconds at Mon Feb 17 23:34:07 UTC 2020
10001 ms. Memory: 55296K Free: 35633K (64%)
ptolemy.util.test.WatchDog.cancel(): canceling Mon Feb 17 23:34:17 UTC 2020
auto.tcl: Setting watchdog for 200 seconds at Mon Feb 17 23:34:17 UTC 2020
10001 ms. Memory: 55296K Free: 34928K (63%)
ptolemy.util.test.WatchDog.cancel(): canceling Mon Feb 17 23:34:27 UTC 2020
------------------ testing $PTII/ptolemy/domains/de/test/auto/relationGroup.xml
auto.tcl: Setting watchdog for 200 seconds at Mon Feb 17 23:34:27 UTC 2020
1 ms. Memory: 55296K Free: 36714K (66%)
ptolemy.util.test.WatchDog.cancel(): canceling Mon Feb 17 23:34:27 UTC 2020
auto.tcl: Setting watchdog for 200 seconds at Mon Feb 17 23:34:27 UTC 2020
1 ms. Memory: 55296K Free: 36170K (65%)
ptolemy.util.test.WatchDog.cancel(): canceling Mon Feb 17 23:34:27 UTC 2020
------------------ testing $PTII/ptolemy/domains/de/test/auto/relationGroup2.xml
auto.tcl: Setting watchdog for 200 seconds at Mon Feb 17 23:34:27 UTC 2020
2 ms. Memory: 55296K Free: 36740K (66%)
ptolemy.util.test.WatchDog.cancel(): canceling Mon Feb 17 23:34:27 UTC 2020
auto.tcl: Setting watchdog for 200 seconds at Mon Feb 17 23:34:27 UTC 2020
2 ms. Memory: 55296K Free: 36036K (65%)
ptolemy.util.test.WatchDog.cancel(): canceling Mon Feb 17 23:34:27 UTC 2020
------------------ testing $PTII/ptolemy/domains/de/test/auto/sortWithOpaquePorts.xml
auto.tcl: Setting watchdog for 200 seconds at Mon Feb 17 23:34:27 UTC 2020
1 ms. Memory: 55296K Free: 35508K (64%)
ptolemy.util.test.WatchDog.cancel(): canceling Mon Feb 17 23:34:27 UTC 2020
auto.tcl: Setting watchdog for 200 seconds at Mon Feb 17 23:34:27 UTC 2020
2 ms. Memory: 55296K Free: 34498K (62%)
ptolemy.util.test.WatchDog.cancel(): canceling Mon Feb 17 23:34:27 UTC 2020
------------------ testing $PTII/ptolemy/domains/de/test/auto/transferInputsandOutputs.xml
auto.tcl: Setting watchdog for 200 seconds at Mon Feb 17 23:34:27 UTC 2020
2 ms. Memory: 55296K Free: 32952K (60%)
ptolemy.util.test.WatchDog.cancel(): canceling Mon Feb 17 23:34:27 UTC 2020
auto.tcl: Setting watchdog for 200 seconds at Mon Feb 17 23:34:27 UTC 2020
3 ms. Memory: 55296K Free: 31928K (58%)
ptolemy.util.test.WatchDog.cancel(): canceling Mon Feb 17 23:34:27 UTC 2020
------------------ testing $PTII/ptolemy/domains/de/test/auto/triggerType.xml
auto.tcl: Setting watchdog for 200 seconds at Mon Feb 17 23:34:27 UTC 2020
6 ms. Memory: 55296K Free: 35976K (65%)
ptolemy.util.test.WatchDog.cancel(): canceling Mon Feb 17 23:34:27 UTC 2020
auto.tcl: Setting watchdog for 200 seconds at Mon Feb 17 23:34:27 UTC 2020
2 ms. Memory: 55296K Free: 34952K (63%)
ptolemy.util.test.WatchDog.cancel(): canceling Mon Feb 17 23:34:27 UTC 2020
02/17/20 11:34:27
Failed: 0  Total Tests: 192  ((Passed: 187, Newly Passed: 1)  Known Failed: 5) /home/travis/build/icyphy/ptII/ptolemy/domains/de/test
02/17/20 11:34:27
Failed: 0  Total Tests: 192  ((Passed: 187, Newly Passed: 1)  Known Failed: 5) /home/travis/build/icyphy/ptII/ptolemy/domains/de/test
----------------- testing (KnownFailure) /home/travis/build/icyphy/ptII/ptolemy/domains/de/test/auto/knownFailedTests/DESDFClockTest.xml
2010 ms. Memory: 55296K Free: 29371K (53%)
Known Failure: java.lang.reflect.InvocationTargetException
----------------- testing (KnownFailure) /home/travis/build/icyphy/ptII/ptolemy/domains/de/test/auto/knownFailedTests/DirectFeedback.xml
2 ms. Memory: 55296K Free: 25789K (47%)
Known Failure: java.lang.reflect.InvocationTargetException
----------------- testing (KnownFailure) /home/travis/build/icyphy/ptII/ptolemy/domains/de/test/auto/knownFailedTests/FSMSource.xml
15 ms. Memory: 55296K Free: 18621K (34%)
----------------- testing (KnownFailure) /home/travis/build/icyphy/ptII/ptolemy/domains/de/test/auto/knownFailedTests/HierarchicalModel.xml
4 ms. Memory: 55296K Free: 33862K (61%)
Known Failure: java.lang.reflect.InvocationTargetException
----------------- testing (KnownFailure) /home/travis/build/icyphy/ptII/ptolemy/domains/de/test/auto/knownFailedTests/dependencyLoop.xml
2 ms. Memory: 55296K Free: 18550K (34%)
Known Failure: java.lang.reflect.InvocationTargetException
----------------- testing (KnownFailure) /home/travis/build/icyphy/ptII/ptolemy/domains/de/test/auto/knownFailedTests/dependencyLoop2.xml
7 ms. Memory: 55296K Free: 34539K (62%)
Known Failure: java.lang.reflect.InvocationTargetException
No auto/linux-amd64/*.xml tests in /home/travis/build/icyphy/ptII/ptolemy/domains/de/test
AutoTests.java: About to close Vertx.
AutoTests.java: Vertx closed.

===========================================================================================
----------------- testing Mon Feb 17 23:34:30 UTC 2020 /home/travis/build/icyphy/ptII/ptolemy/domains/de/test/auto/ActorDepthCalculation_actorWithoutPorts.xml
----------------- Instantiating /home/travis/build/icyphy/ptII/ptolemy/domains/de/test/auto/ActorDepthCalculation_actorWithoutPorts.xml
2 ms. Memory: 55296K Free: 27672K (50%)
----------------- Invoking toplevel() on ptolemy.moml.MoMLSimpleApplication@4bd98276
----------------- Done invoking toplevel() on ptolemy.moml.MoMLSimpleApplication@4bd98276
reloadAllAccessors: .ActorDepthCalculation_actorWithoutPorts

===========================================================================================
----------------- testing Mon Feb 17 23:34:30 UTC 2020 /home/travis/build/icyphy/ptII/ptolemy/domains/de/test/auto/AssemblyLine.xml
----------------- Instantiating /home/travis/build/icyphy/ptII/ptolemy/domains/de/test/auto/AssemblyLine.xml
3 ms. Memory: 55296K Free: 20868K (38%)
----------------- Invoking toplevel() on ptolemy.moml.MoMLSimpleApplication@492b5d05
----------------- Done invoking toplevel() on ptolemy.moml.MoMLSimpleApplication@492b5d05
reloadAllAccessors: .AssemblyLine

===========================================================================================
----------------- testing Mon Feb 17 23:34:30 UTC 2020 /home/travis/build/icyphy/ptII/ptolemy/domains/de/test/auto/CQBug1.xml
----------------- Instantiating /home/travis/build/icyphy/ptII/ptolemy/domains/de/test/auto/CQBug1.xml
1 ms. Memory: 55296K Free: 17810K (32%)
----------------- Invoking toplevel() on ptolemy.moml.MoMLSimpleApplication@20d53086
----------------- Done invoking toplevel() on ptolemy.moml.MoMLSimpleApplication@20d53086
reloadAllAccessors: .CQBug1

===========================================================================================
----------------- testing Mon Feb 17 23:34:30 UTC 2020 /home/travis/build/icyphy/ptII/ptolemy/domains/de/test/auto/CancelFireAt.xml
----------------- Instantiating /home/travis/build/icyphy/ptII/ptolemy/domains/de/test/auto/CancelFireAt.xml
1 ms. Memory: 55296K Free: 15117K (27%)
----------------- Invoking toplevel() on ptolemy.moml.MoMLSimpleApplication@40fee46d
----------------- Done invoking toplevel() on ptolemy.moml.MoMLSimpleApplication@40fee46d
reloadAllAccessors: .CancelFireAt

===========================================================================================
----------------- testing Mon Feb 17 23:34:30 UTC 2020 /home/travis/build/icyphy/ptII/ptolemy/domains/de/test/auto/CausalityAndComposabilityAnalysis.xml
----------------- Instantiating /home/travis/build/icyphy/ptII/ptolemy/domains/de/test/auto/CausalityAndComposabilityAnalysis.xml
9 ms. Memory: 55296K Free: 10596K (19%)
----------------- Invoking toplevel() on ptolemy.moml.MoMLSimpleApplication@b38df4e
----------------- Done invoking toplevel() on ptolemy.moml.MoMLSimpleApplication@b38df4e
reloadAllAccessors: .CausalityAndComposabilityAnalysis

===========================================================================================
----------------- testing Mon Feb 17 23:34:30 UTC 2020 /home/travis/build/icyphy/ptII/ptolemy/domains/de/test/auto/CausalityInterface1.xml
----------------- Instantiating /home/travis/build/icyphy/ptII/ptolemy/domains/de/test/auto/CausalityInterface1.xml
6 ms. Memory: 55296K Free: 36371K (66%)
----------------- Invoking toplevel() on ptolemy.moml.MoMLSimpleApplication@1a3e4b4e
----------------- Done invoking toplevel() on ptolemy.moml.MoMLSimpleApplication@1a3e4b4e
reloadAllAccessors: .CausalityInterface1

===========================================================================================
----------------- testing Mon Feb 17 23:34:30 UTC 2020 /home/travis/build/icyphy/ptII/ptolemy/domains/de/test/auto/CausalityInterface15.xml
----------------- Instantiating /home/travis/build/icyphy/ptII/ptolemy/domains/de/test/auto/CausalityInterface15.xml
2 ms. Memory: 55296K Free: 30914K (56%)
----------------- Invoking toplevel() on ptolemy.moml.MoMLSimpleApplication@4511db5a
----------------- Done invoking toplevel() on ptolemy.moml.MoMLSimpleApplication@4511db5a
reloadAllAccessors: .CausalityInterface15

===========================================================================================
----------------- testing Mon Feb 17 23:34:30 UTC 2020 /home/travis/build/icyphy/ptII/ptolemy/domains/de/test/auto/CausalityInterface2.xml
----------------- Instantiating /home/travis/build/icyphy/ptII/ptolemy/domains/de/test/auto/CausalityInterface2.xml
1 ms. Memory: 55296K Free: 26441K (48%)
----------------- Invoking toplevel() on ptolemy.moml.MoMLSimpleApplication@3a42af29
----------------- Done invoking toplevel() on ptolemy.moml.MoMLSimpleApplication@3a42af29
reloadAllAccessors: .CausalityInterface2

===========================================================================================
----------------- testing Mon Feb 17 23:34:30 UTC 2020 /home/travis/build/icyphy/ptII/ptolemy/domains/de/test/auto/CausalityInterface3.xml
----------------- Instantiating /home/travis/build/icyphy/ptII/ptolemy/domains/de/test/auto/CausalityInterface3.xml
2 ms. Memory: 55296K Free: 21682K (39%)
----------------- Invoking toplevel() on ptolemy.moml.MoMLSimpleApplication@772d018e
----------------- Done invoking toplevel() on ptolemy.moml.MoMLSimpleApplication@772d018e
reloadAllAccessors: .CausalityInterface3

===========================================================================================
----------------- testing Mon Feb 17 23:34:30 UTC 2020 /home/travis/build/icyphy/ptII/ptolemy/domains/de/test/auto/ClockDrift.xml
----------------- Instantiating /home/travis/build/icyphy/ptII/ptolemy/domains/de/test/auto/ClockDrift.xml
15 ms. Memory: 55296K Free: 9747K (18%)
----------------- Invoking toplevel() on ptolemy.moml.MoMLSimpleApplication@74042433
----------------- Done invoking toplevel() on ptolemy.moml.MoMLSimpleApplication@74042433
reloadAllAccessors: .ClockDrift

===========================================================================================
----------------- testing Mon Feb 17 23:34:30 UTC 2020 /home/travis/build/icyphy/ptII/ptolemy/domains/de/test/auto/ClockDriftAndValueChange.xml
----------------- Instantiating /home/travis/build/icyphy/ptII/ptolemy/domains/de/test/auto/ClockDriftAndValueChange.xml
10 ms. Memory: 55296K Free: 28962K (52%)
----------------- Invoking toplevel() on ptolemy.moml.MoMLSimpleApplication@20da8e38
----------------- Done invoking toplevel() on ptolemy.moml.MoMLSimpleApplication@20da8e38
reloadAllAccessors: .ClockDriftAndValueChange

===========================================================================================
----------------- testing Mon Feb 17 23:34:30 UTC 2020 /home/travis/build/icyphy/ptII/ptolemy/domains/de/test/auto/ClockDriftChange.xml
----------------- Instantiating /home/travis/build/icyphy/ptII/ptolemy/domains/de/test/auto/ClockDriftChange.xml
9 ms. Memory: 55296K Free: 19029K (34%)
----------------- Invoking toplevel() on ptolemy.moml.MoMLSimpleApplication@58fb0064
----------------- Done invoking toplevel() on ptolemy.moml.MoMLSimpleApplication@58fb0064
reloadAllAccessors: .ClockDriftChange

===========================================================================================
----------------- testing Mon Feb 17 23:34:30 UTC 2020 /home/travis/build/icyphy/ptII/ptolemy/domains/de/test/auto/ComposableCausalityAnalysis.xml
----------------- Instantiating /home/travis/build/icyphy/ptII/ptolemy/domains/de/test/auto/ComposableCausalityAnalysis.xml
2 ms. Memory: 55296K Free: 13209K (24%)
----------------- Invoking toplevel() on ptolemy.moml.MoMLSimpleApplication@7d524137
----------------- Done invoking toplevel() on ptolemy.moml.MoMLSimpleApplication@7d524137
reloadAllAccessors: .ComposableCausalityAnalysis

===========================================================================================
----------------- testing Mon Feb 17 23:34:30 UTC 2020 /home/travis/build/icyphy/ptII/ptolemy/domains/de/test/auto/DEFixedPointLimitation.xml
----------------- Instantiating /home/travis/build/icyphy/ptII/ptolemy/domains/de/test/auto/DEFixedPointLimitation.xml
4 ms. Memory: 55296K Free: 39344K (71%)
----------------- Invoking toplevel() on ptolemy.moml.MoMLSimpleApplication@11db7bac
----------------- Done invoking toplevel() on ptolemy.moml.MoMLSimpleApplication@11db7bac
reloadAllAccessors: .DEFixedPointLimitation

===========================================================================================
----------------- testing Mon Feb 17 23:34:30 UTC 2020 /home/travis/build/icyphy/ptII/ptolemy/domains/de/test/auto/DEScheduleTest.xml
----------------- Instantiating /home/travis/build/icyphy/ptII/ptolemy/domains/de/test/auto/DEScheduleTest.xml
5 ms. Memory: 55296K Free: 35015K (63%)
----------------- Invoking toplevel() on ptolemy.moml.MoMLSimpleApplication@2f14f81e
----------------- Done invoking toplevel() on ptolemy.moml.MoMLSimpleApplication@2f14f81e
reloadAllAccessors: .DEScheduleTest

===========================================================================================
----------------- testing Mon Feb 17 23:34:30 UTC 2020 /home/travis/build/icyphy/ptII/ptolemy/domains/de/test/auto/DEinDEwithStartTimes.xml
----------------- Instantiating /home/travis/build/icyphy/ptII/ptolemy/domains/de/test/auto/DEinDEwithStartTimes.xml
2 ms. Memory: 55296K Free: 29156K (53%)
----------------- Invoking toplevel() on ptolemy.moml.MoMLSimpleApplication@4b43da0b
----------------- Done invoking toplevel() on ptolemy.moml.MoMLSimpleApplication@4b43da0b
reloadAllAccessors: .DEinDEwithStartTimes

===========================================================================================
----------------- testing Mon Feb 17 23:34:30 UTC 2020 /home/travis/build/icyphy/ptII/ptolemy/domains/de/test/auto/DEinDEwithStartTimes2.xml
----------------- Instantiating /home/travis/build/icyphy/ptII/ptolemy/domains/de/test/auto/DEinDEwithStartTimes2.xml
2 ms. Memory: 55296K Free: 22791K (41%)
----------------- Invoking toplevel() on ptolemy.moml.MoMLSimpleApplication@664a2bcc
----------------- Done invoking toplevel() on ptolemy.moml.MoMLSimpleApplication@664a2bcc
reloadAllAccessors: .DEinDEwithStartTimes2

===========================================================================================
----------------- testing Mon Feb 17 23:34:30 UTC 2020 /home/travis/build/icyphy/ptII/ptolemy/domains/de/test/auto/DateDemo.xml
----------------- Instantiating /home/travis/build/icyphy/ptII/ptolemy/domains/de/test/auto/DateDemo.xml
6 ms. Memory: 55296K Free: 11770K (21%)
----------------- Invoking toplevel() on ptolemy.moml.MoMLSimpleApplication@43164d0c
----------------- Done invoking toplevel() on ptolemy.moml.MoMLSimpleApplication@43164d0c
reloadAllAccessors: .DateDemo

===========================================================================================
----------------- testing Mon Feb 17 23:34:30 UTC 2020 /home/travis/build/icyphy/ptII/ptolemy/domains/de/test/auto/DateToEvent.xml
----------------- Instantiating /home/travis/build/icyphy/ptII/ptolemy/domains/de/test/auto/DateToEvent.xml
2004 ms. Memory: 55296K Free: 26082K (47%)
----------------- Invoking toplevel() on ptolemy.moml.MoMLSimpleApplication@3d68d940
----------------- Done invoking toplevel() on ptolemy.moml.MoMLSimpleApplication@3d68d940
reloadAllAccessors: .DateToEvent

===========================================================================================
----------------- testing Mon Feb 17 23:34:32 UTC 2020 /home/travis/build/icyphy/ptII/ptolemy/domains/de/test/auto/DepthTest1.xml
----------------- Instantiating /home/travis/build/icyphy/ptII/ptolemy/domains/de/test/auto/DepthTest1.xml
2 ms. Memory: 55296K Free: 22994K (42%)
----------------- Invoking toplevel() on ptolemy.moml.MoMLSimpleApplication@54407ac6
----------------- Done invoking toplevel() on ptolemy.moml.MoMLSimpleApplication@54407ac6
reloadAllAccessors: .DepthTest1

===========================================================================================
----------------- testing Mon Feb 17 23:34:32 UTC 2020 /home/travis/build/icyphy/ptII/ptolemy/domains/de/test/auto/DepthTest2.xml
----------------- Instantiating /home/travis/build/icyphy/ptII/ptolemy/domains/de/test/auto/DepthTest2.xml
2 ms. Memory: 55296K Free: 16477K (30%)
----------------- Invoking toplevel() on ptolemy.moml.MoMLSimpleApplication@7245c202
----------------- Done invoking toplevel() on ptolemy.moml.MoMLSimpleApplication@7245c202
reloadAllAccessors: .DepthTest2

===========================================================================================
----------------- testing Mon Feb 17 23:34:32 UTC 2020 /home/travis/build/icyphy/ptII/ptolemy/domains/de/test/auto/DepthTest3.xml
----------------- Instantiating /home/travis/build/icyphy/ptII/ptolemy/domains/de/test/auto/DepthTest3.xml
1 ms. Memory: 55296K Free: 13435K (24%)
----------------- Invoking toplevel() on ptolemy.moml.MoMLSimpleApplication@5ecc52e
----------------- Done invoking toplevel() on ptolemy.moml.MoMLSimpleApplication@5ecc52e
reloadAllAccessors: .DepthTest3

===========================================================================================
----------------- testing Mon Feb 17 23:34:32 UTC 2020 /home/travis/build/icyphy/ptII/ptolemy/domains/de/test/auto/DepthTest4.xml
----------------- Instantiating /home/travis/build/icyphy/ptII/ptolemy/domains/de/test/auto/DepthTest4.xml
2 ms. Memory: 55296K Free: 38836K (70%)
----------------- Invoking toplevel() on ptolemy.moml.MoMLSimpleApplication@31b9357a
----------------- Done invoking toplevel() on ptolemy.moml.MoMLSimpleApplication@31b9357a
reloadAllAccessors: .DepthTest4

===========================================================================================
----------------- testing Mon Feb 17 23:34:32 UTC 2020 /home/travis/build/icyphy/ptII/ptolemy/domains/de/test/auto/DepthTest5.xml
----------------- Instantiating /home/travis/build/icyphy/ptII/ptolemy/domains/de/test/auto/DepthTest5.xml
1 ms. Memory: 55296K Free: 33483K (61%)
----------------- Invoking toplevel() on ptolemy.moml.MoMLSimpleApplication@4bac3668
----------------- Done invoking toplevel() on ptolemy.moml.MoMLSimpleApplication@4bac3668
reloadAllAccessors: .DepthTest5

===========================================================================================
----------------- testing Mon Feb 17 23:34:32 UTC 2020 /home/travis/build/icyphy/ptII/ptolemy/domains/de/test/auto/DepthTest6.xml
----------------- Instantiating /home/travis/build/icyphy/ptII/ptolemy/domains/de/test/auto/DepthTest6.xml
2 ms. Memory: 55296K Free: 28125K (51%)
----------------- Invoking toplevel() on ptolemy.moml.MoMLSimpleApplication@3af43f4e
----------------- Done invoking toplevel() on ptolemy.moml.MoMLSimpleApplication@3af43f4e
reloadAllAccessors: .DepthTest6

===========================================================================================
----------------- testing Mon Feb 17 23:34:32 UTC 2020 /home/travis/build/icyphy/ptII/ptolemy/domains/de/test/auto/DepthTest7.xml
----------------- Instantiating /home/travis/build/icyphy/ptII/ptolemy/domains/de/test/auto/DepthTest7.xml
2 ms. Memory: 55296K Free: 23243K (42%)
----------------- Invoking toplevel() on ptolemy.moml.MoMLSimpleApplication@2cb5093c
----------------- Done invoking toplevel() on ptolemy.moml.MoMLSimpleApplication@2cb5093c
reloadAllAccessors: .DepthTest7

===========================================================================================
----------------- testing Mon Feb 17 23:34:32 UTC 2020 /home/travis/build/icyphy/ptII/ptolemy/domains/de/test/auto/EventToDate.xml
----------------- Instantiating /home/travis/build/icyphy/ptII/ptolemy/domains/de/test/auto/EventToDate.xml
3009 ms. Memory: 55296K Free: 39204K (71%)
----------------- Invoking toplevel() on ptolemy.moml.MoMLSimpleApplication@69de8649
----------------- Done invoking toplevel() on ptolemy.moml.MoMLSimpleApplication@69de8649
reloadAllAccessors: .EventToDate

===========================================================================================
----------------- testing Mon Feb 17 23:34:35 UTC 2020 /home/travis/build/icyphy/ptII/ptolemy/domains/de/test/auto/FSM1.xml
----------------- Instantiating /home/travis/build/icyphy/ptII/ptolemy/domains/de/test/auto/FSM1.xml
15 ms. Memory: 55296K Free: 27025K (49%)
----------------- Invoking toplevel() on ptolemy.moml.MoMLSimpleApplication@2af45499
----------------- Done invoking toplevel() on ptolemy.moml.MoMLSimpleApplication@2af45499
reloadAllAccessors: .FSM1

===========================================================================================
----------------- testing Mon Feb 17 23:34:35 UTC 2020 /home/travis/build/icyphy/ptII/ptolemy/domains/de/test/auto/FSM7.xml
----------------- Instantiating /home/travis/build/icyphy/ptII/ptolemy/domains/de/test/auto/FSM7.xml
13 ms. Memory: 55296K Free: 14737K (27%)
----------------- Invoking toplevel() on ptolemy.moml.MoMLSimpleApplication@6f62a0c2
----------------- Done invoking toplevel() on ptolemy.moml.MoMLSimpleApplication@6f62a0c2
reloadAllAccessors: .FSM7

===========================================================================================
----------------- testing Mon Feb 17 23:34:35 UTC 2020 /home/travis/build/icyphy/ptII/ptolemy/domains/de/test/auto/Inspection.xml
----------------- Instantiating /home/travis/build/icyphy/ptII/ptolemy/domains/de/test/auto/Inspection.xml
12 ms. Memory: 55296K Free: 32469K (59%)
----------------- Invoking toplevel() on ptolemy.moml.MoMLSimpleApplication@2aed7440
----------------- Done invoking toplevel() on ptolemy.moml.MoMLSimpleApplication@2aed7440
reloadAllAccessors: .Inspection

===========================================================================================
----------------- testing Mon Feb 17 23:34:35 UTC 2020 /home/travis/build/icyphy/ptII/ptolemy/domains/de/test/auto/Iteration.xml
----------------- Instantiating /home/travis/build/icyphy/ptII/ptolemy/domains/de/test/auto/Iteration.xml
12 ms. Memory: 55296K Free: 25675K (46%)
----------------- Invoking toplevel() on ptolemy.moml.MoMLSimpleApplication@e1c59c1
----------------- Done invoking toplevel() on ptolemy.moml.MoMLSimpleApplication@e1c59c1
reloadAllAccessors: .Iteration

===========================================================================================
----------------- testing Mon Feb 17 23:34:35 UTC 2020 /home/travis/build/icyphy/ptII/ptolemy/domains/de/test/auto/LineFault.xml
----------------- Instantiating /home/travis/build/icyphy/ptII/ptolemy/domains/de/test/auto/LineFault.xml
472 ms. Memory: 55296K Free: 27597K (50%)
----------------- Invoking toplevel() on ptolemy.moml.MoMLSimpleApplication@2e4dd1f6
----------------- Done invoking toplevel() on ptolemy.moml.MoMLSimpleApplication@2e4dd1f6
reloadAllAccessors: .LineFault

===========================================================================================
----------------- testing Mon Feb 17 23:34:36 UTC 2020 /home/travis/build/icyphy/ptII/ptolemy/domains/de/test/auto/MergeModel1Add.xml
----------------- Instantiating /home/travis/build/icyphy/ptII/ptolemy/domains/de/test/auto/MergeModel1Add.xml
6 ms. Memory: 55296K Free: 36836K (67%)
----------------- Invoking toplevel() on ptolemy.moml.MoMLSimpleApplication@1c93f5cb
----------------- Done invoking toplevel() on ptolemy.moml.MoMLSimpleApplication@1c93f5cb
reloadAllAccessors: .MergeModel1Add

===========================================================================================
----------------- testing Mon Feb 17 23:34:36 UTC 2020 /home/travis/build/icyphy/ptII/ptolemy/domains/de/test/auto/MergeModel2Add.xml
----------------- Instantiating /home/travis/build/icyphy/ptII/ptolemy/domains/de/test/auto/MergeModel2Add.xml
6 ms. Memory: 55296K Free: 18683K (34%)
----------------- Invoking toplevel() on ptolemy.moml.MoMLSimpleApplication@462b7f4c
----------------- Done invoking toplevel() on ptolemy.moml.MoMLSimpleApplication@462b7f4c
reloadAllAccessors: .MergeModel2Add

===========================================================================================
----------------- testing Mon Feb 17 23:34:36 UTC 2020 /home/travis/build/icyphy/ptII/ptolemy/domains/de/test/auto/MergeModel3Add.xml
----------------- Instantiating /home/travis/build/icyphy/ptII/ptolemy/domains/de/test/auto/MergeModel3Add.xml
5 ms. Memory: 55296K Free: 28912K (52%)
----------------- Invoking toplevel() on ptolemy.moml.MoMLSimpleApplication@44aaa19e
----------------- Done invoking toplevel() on ptolemy.moml.MoMLSimpleApplication@44aaa19e
reloadAllAccessors: .MergeModel3Add

===========================================================================================
----------------- testing Mon Feb 17 23:34:36 UTC 2020 /home/travis/build/icyphy/ptII/ptolemy/domains/de/test/auto/MergeWithoutDiscard.xml
----------------- Instantiating /home/travis/build/icyphy/ptII/ptolemy/domains/de/test/auto/MergeWithoutDiscard.xml
1 ms. Memory: 55296K Free: 24816K (45%)
----------------- Invoking toplevel() on ptolemy.moml.MoMLSimpleApplication@747d94a9
----------------- Done invoking toplevel() on ptolemy.moml.MoMLSimpleApplication@747d94a9
reloadAllAccessors: .MergeWithoutDiscard

===========================================================================================
----------------- testing Mon Feb 17 23:34:36 UTC 2020 /home/travis/build/icyphy/ptII/ptolemy/domains/de/test/auto/Modal1.xml
----------------- Instantiating /home/travis/build/icyphy/ptII/ptolemy/domains/de/test/auto/Modal1.xml
11 ms. Memory: 55296K Free: 12674K (23%)
----------------- Invoking toplevel() on ptolemy.moml.MoMLSimpleApplication@35fb8f95
----------------- Done invoking toplevel() on ptolemy.moml.MoMLSimpleApplication@35fb8f95
reloadAllAccessors: .Modal1

===========================================================================================
----------------- testing Mon Feb 17 23:34:36 UTC 2020 /home/travis/build/icyphy/ptII/ptolemy/domains/de/test/auto/Modal2.xml
----------------- Instantiating /home/travis/build/icyphy/ptII/ptolemy/domains/de/test/auto/Modal2.xml
8 ms. Memory: 55296K Free: 28550K (52%)
----------------- Invoking toplevel() on ptolemy.moml.MoMLSimpleApplication@cc69c46
----------------- Done invoking toplevel() on ptolemy.moml.MoMLSimpleApplication@cc69c46
reloadAllAccessors: .Modal2

===========================================================================================
----------------- testing Mon Feb 17 23:34:36 UTC 2020 /home/travis/build/icyphy/ptII/ptolemy/domains/de/test/auto/Modal3.xml
----------------- Instantiating /home/travis/build/icyphy/ptII/ptolemy/domains/de/test/auto/Modal3.xml
9 ms. Memory: 55296K Free: 16256K (29%)
----------------- Invoking toplevel() on ptolemy.moml.MoMLSimpleApplication@7687964e
----------------- Done invoking toplevel() on ptolemy.moml.MoMLSimpleApplication@7687964e
reloadAllAccessors: .Modal3

===========================================================================================
----------------- testing Mon Feb 17 23:34:36 UTC 2020 /home/travis/build/icyphy/ptII/ptolemy/domains/de/test/auto/Modal4.xml
----------------- Instantiating /home/travis/build/icyphy/ptII/ptolemy/domains/de/test/auto/Modal4.xml
10 ms. Memory: 55296K Free: 30856K (56%)
----------------- Invoking toplevel() on ptolemy.moml.MoMLSimpleApplication@1d651321
----------------- Done invoking toplevel() on ptolemy.moml.MoMLSimpleApplication@1d651321
reloadAllAccessors: .Modal4

===========================================================================================
----------------- testing Mon Feb 17 23:34:36 UTC 2020 /home/travis/build/icyphy/ptII/ptolemy/domains/de/test/auto/Modal5.xml
----------------- Instantiating /home/travis/build/icyphy/ptII/ptolemy/domains/de/test/auto/Modal5.xml
11 ms. Memory: 55296K Free: 17836K (32%)
----------------- Invoking toplevel() on ptolemy.moml.MoMLSimpleApplication@5edeb9a0
----------------- Done invoking toplevel() on ptolemy.moml.MoMLSimpleApplication@5edeb9a0
reloadAllAccessors: .Modal5

===========================================================================================
----------------- testing Mon Feb 17 23:34:36 UTC 2020 /home/travis/build/icyphy/ptII/ptolemy/domains/de/test/auto/Modal6.xml
----------------- Instantiating /home/travis/build/icyphy/ptII/ptolemy/domains/de/test/auto/Modal6.xml
7 ms. Memory: 55296K Free: 33358K (60%)
----------------- Invoking toplevel() on ptolemy.moml.MoMLSimpleApplication@2581170b
----------------- Done invoking toplevel() on ptolemy.moml.MoMLSimpleApplication@2581170b
reloadAllAccessors: .Modal6

===========================================================================================
----------------- testing Mon Feb 17 23:34:36 UTC 2020 /home/travis/build/icyphy/ptII/ptolemy/domains/de/test/auto/Modal7.xml
----------------- Instantiating /home/travis/build/icyphy/ptII/ptolemy/domains/de/test/auto/Modal7.xml
7 ms. Memory: 55296K Free: 20338K (37%)
----------------- Invoking toplevel() on ptolemy.moml.MoMLSimpleApplication@7830716b
----------------- Done invoking toplevel() on ptolemy.moml.MoMLSimpleApplication@7830716b
reloadAllAccessors: .Modal7

===========================================================================================
----------------- testing Mon Feb 17 23:34:36 UTC 2020 /home/travis/build/icyphy/ptII/ptolemy/domains/de/test/auto/ModalModel.xml
----------------- Instantiating /home/travis/build/icyphy/ptII/ptolemy/domains/de/test/auto/ModalModel.xml
146 ms. Memory: 55296K Free: 34870K (63%)
----------------- Invoking toplevel() on ptolemy.moml.MoMLSimpleApplication@46a27c4d
----------------- Done invoking toplevel() on ptolemy.moml.MoMLSimpleApplication@46a27c4d
reloadAllAccessors: .ModalModel

===========================================================================================
----------------- testing Mon Feb 17 23:34:36 UTC 2020 /home/travis/build/icyphy/ptII/ptolemy/domains/de/test/auto/ModalSource.xml
----------------- Instantiating /home/travis/build/icyphy/ptII/ptolemy/domains/de/test/auto/ModalSource.xml
6 ms. Memory: 55296K Free: 26694K (48%)
----------------- Invoking toplevel() on ptolemy.moml.MoMLSimpleApplication@7b45af85
----------------- Done invoking toplevel() on ptolemy.moml.MoMLSimpleApplication@7b45af85
reloadAllAccessors: .ModalSource

===========================================================================================
----------------- testing Mon Feb 17 23:34:36 UTC 2020 /home/travis/build/icyphy/ptII/ptolemy/domains/de/test/auto/NonInterruptibleTimerZeroDelay.xml
----------------- Instantiating /home/travis/build/icyphy/ptII/ptolemy/domains/de/test/auto/NonInterruptibleTimerZeroDelay.xml
2 ms. Memory: 55296K Free: 23161K (42%)
----------------- Invoking toplevel() on ptolemy.moml.MoMLSimpleApplication@523ba071
----------------- Done invoking toplevel() on ptolemy.moml.MoMLSimpleApplication@523ba071
reloadAllAccessors: .NonInterruptibleTimerZeroDelay

===========================================================================================
----------------- testing Mon Feb 17 23:34:36 UTC 2020 /home/travis/build/icyphy/ptII/ptolemy/domains/de/test/auto/OpenQueueingNetwork.xml
----------------- Instantiating /home/travis/build/icyphy/ptII/ptolemy/domains/de/test/auto/OpenQueueingNetwork.xml
2296 ms. Memory: 150528K Free: 106013K (70%)
----------------- Invoking toplevel() on ptolemy.moml.MoMLSimpleApplication@6d6e26c2
----------------- Done invoking toplevel() on ptolemy.moml.MoMLSimpleApplication@6d6e26c2
reloadAllAccessors: .OpenQueueingNetwork

===========================================================================================
----------------- testing Mon Feb 17 23:34:39 UTC 2020 /home/travis/build/icyphy/ptII/ptolemy/domains/de/test/auto/OpenQueuingNetwork.xml
----------------- Instantiating /home/travis/build/icyphy/ptII/ptolemy/domains/de/test/auto/OpenQueuingNetwork.xml
220 ms. Memory: 150528K Free: 107912K (72%)
----------------- Invoking toplevel() on ptolemy.moml.MoMLSimpleApplication@5d95b8fe
----------------- Done invoking toplevel() on ptolemy.moml.MoMLSimpleApplication@5d95b8fe
reloadAllAccessors: .OpenQueuingNetwork

===========================================================================================
----------------- testing Mon Feb 17 23:34:39 UTC 2020 /home/travis/build/icyphy/ptII/ptolemy/domains/de/test/auto/PeriodicSampler.xml
----------------- Instantiating /home/travis/build/icyphy/ptII/ptolemy/domains/de/test/auto/PeriodicSampler.xml
2 ms. Memory: 150528K Free: 103306K (69%)
----------------- Invoking toplevel() on ptolemy.moml.MoMLSimpleApplication@701f01f5
----------------- Done invoking toplevel() on ptolemy.moml.MoMLSimpleApplication@701f01f5
reloadAllAccessors: .PeriodicSampler

===========================================================================================
----------------- testing Mon Feb 17 23:34:39 UTC 2020 /home/travis/build/icyphy/ptII/ptolemy/domains/de/test/auto/PersistentIO.xml
----------------- Instantiating /home/travis/build/icyphy/ptII/ptolemy/domains/de/test/auto/PersistentIO.xml
7 ms. Memory: 150528K Free: 94090K (63%)
----------------- Invoking toplevel() on ptolemy.moml.MoMLSimpleApplication@9293604
----------------- Done invoking toplevel() on ptolemy.moml.MoMLSimpleApplication@9293604
reloadAllAccessors: .PersistentIO

===========================================================================================
----------------- testing Mon Feb 17 23:34:39 UTC 2020 /home/travis/build/icyphy/ptII/ptolemy/domains/de/test/auto/PortParameterResetOnInitialize.xml
----------------- Instantiating /home/travis/build/icyphy/ptII/ptolemy/domains/de/test/auto/PortParameterResetOnInitialize.xml
2 ms. Memory: 150528K Free: 89474K (59%)
----------------- Invoking toplevel() on ptolemy.moml.MoMLSimpleApplication@620fb2fc
----------------- Done invoking toplevel() on ptolemy.moml.MoMLSimpleApplication@620fb2fc
reloadAllAccessors: .PortParameterResetOnInitialize

===========================================================================================
----------------- testing Mon Feb 17 23:34:39 UTC 2020 /home/travis/build/icyphy/ptII/ptolemy/domains/de/test/auto/PortParameterUpdates.xml
----------------- Instantiating /home/travis/build/icyphy/ptII/ptolemy/domains/de/test/auto/PortParameterUpdates.xml
4 ms. Memory: 150528K Free: 82826K (55%)
----------------- Invoking toplevel() on ptolemy.moml.MoMLSimpleApplication@4e1a03cc
----------------- Done invoking toplevel() on ptolemy.moml.MoMLSimpleApplication@4e1a03cc
reloadAllAccessors: .PortParameterUpdates

===========================================================================================
----------------- testing Mon Feb 17 23:34:39 UTC 2020 /home/travis/build/icyphy/ptII/ptolemy/domains/de/test/auto/QueueAndServer.xml
----------------- Instantiating /home/travis/build/icyphy/ptII/ptolemy/domains/de/test/auto/QueueAndServer.xml
5 ms. Memory: 150528K Free: 75144K (50%)
----------------- Invoking toplevel() on ptolemy.moml.MoMLSimpleApplication@4261f19
----------------- Done invoking toplevel() on ptolemy.moml.MoMLSimpleApplication@4261f19
reloadAllAccessors: .QueueAndServer

===========================================================================================
----------------- testing Mon Feb 17 23:34:39 UTC 2020 /home/travis/build/icyphy/ptII/ptolemy/domains/de/test/auto/Records.xml
----------------- Instantiating /home/travis/build/icyphy/ptII/ptolemy/domains/de/test/auto/Records.xml
4 ms. Memory: 150528K Free: 69514K (46%)
----------------- Invoking toplevel() on ptolemy.moml.MoMLSimpleApplication@71a01005
----------------- Done invoking toplevel() on ptolemy.moml.MoMLSimpleApplication@71a01005
reloadAllAccessors: .Records

===========================================================================================
----------------- testing Mon Feb 17 23:34:39 UTC 2020 /home/travis/build/icyphy/ptII/ptolemy/domains/de/test/auto/ResetTransitionWithStartTime1.xml
----------------- Instantiating /home/travis/build/icyphy/ptII/ptolemy/domains/de/test/auto/ResetTransitionWithStartTime1.xml
5 ms. Memory: 150528K Free: 61322K (41%)
----------------- Invoking toplevel() on ptolemy.moml.MoMLSimpleApplication@f2071ad
----------------- Done invoking toplevel() on ptolemy.moml.MoMLSimpleApplication@f2071ad
reloadAllAccessors: .ResetTransitionWithStartTime1

===========================================================================================
----------------- testing Mon Feb 17 23:34:39 UTC 2020 /home/travis/build/icyphy/ptII/ptolemy/domains/de/test/auto/ResetTransitionWithStartTime2.xml
----------------- Instantiating /home/travis/build/icyphy/ptII/ptolemy/domains/de/test/auto/ResetTransitionWithStartTime2.xml
5 ms. Memory: 150528K Free: 53130K (35%)
----------------- Invoking toplevel() on ptolemy.moml.MoMLSimpleApplication@4bb1dfe8
----------------- Done invoking toplevel() on ptolemy.moml.MoMLSimpleApplication@4bb1dfe8
reloadAllAccessors: .ResetTransitionWithStartTime2

===========================================================================================
----------------- testing Mon Feb 17 23:34:39 UTC 2020 /home/travis/build/icyphy/ptII/ptolemy/domains/de/test/auto/ResetTransitionWithStartTime3.xml
----------------- Instantiating /home/travis/build/icyphy/ptII/ptolemy/domains/de/test/auto/ResetTransitionWithStartTime3.xml
5 ms. Memory: 150528K Free: 127445K (85%)
----------------- Invoking toplevel() on ptolemy.moml.MoMLSimpleApplication@34e8a3b7
----------------- Done invoking toplevel() on ptolemy.moml.MoMLSimpleApplication@34e8a3b7
reloadAllAccessors: .ResetTransitionWithStartTime3

===========================================================================================
----------------- testing Mon Feb 17 23:34:39 UTC 2020 /home/travis/build/icyphy/ptII/ptolemy/domains/de/test/auto/ResetTransitionWithStartTime4.xml
----------------- Instantiating /home/travis/build/icyphy/ptII/ptolemy/domains/de/test/auto/ResetTransitionWithStartTime4.xml
4 ms. Memory: 150528K Free: 119757K (80%)
----------------- Invoking toplevel() on ptolemy.moml.MoMLSimpleApplication@1d40e67a
----------------- Done invoking toplevel() on ptolemy.moml.MoMLSimpleApplication@1d40e67a
reloadAllAccessors: .ResetTransitionWithStartTime4

===========================================================================================
----------------- testing Mon Feb 17 23:34:39 UTC 2020 /home/travis/build/icyphy/ptII/ptolemy/domains/de/test/auto/ResettableTimer1.xml
----------------- Instantiating /home/travis/build/icyphy/ptII/ptolemy/domains/de/test/auto/ResettableTimer1.xml
1 ms. Memory: 150528K Free: 115667K (77%)
----------------- Invoking toplevel() on ptolemy.moml.MoMLSimpleApplication@60abb2d7
----------------- Done invoking toplevel() on ptolemy.moml.MoMLSimpleApplication@60abb2d7
reloadAllAccessors: .ResettableTimer1

===========================================================================================
----------------- testing Mon Feb 17 23:34:39 UTC 2020 /home/travis/build/icyphy/ptII/ptolemy/domains/de/test/auto/ResettableTimer2.xml
----------------- Instantiating /home/travis/build/icyphy/ptII/ptolemy/domains/de/test/auto/ResettableTimer2.xml
2 ms. Memory: 150528K Free: 111557K (74%)
----------------- Invoking toplevel() on ptolemy.moml.MoMLSimpleApplication@b1656fe
----------------- Done invoking toplevel() on ptolemy.moml.MoMLSimpleApplication@b1656fe
reloadAllAccessors: .ResettableTimer2

===========================================================================================
----------------- testing Mon Feb 17 23:34:39 UTC 2020 /home/travis/build/icyphy/ptII/ptolemy/domains/de/test/auto/ResettableTimer3.xml
----------------- Instantiating /home/travis/build/icyphy/ptII/ptolemy/domains/de/test/auto/ResettableTimer3.xml
1 ms. Memory: 150528K Free: 107989K (72%)
----------------- Invoking toplevel() on ptolemy.moml.MoMLSimpleApplication@69bc4442
----------------- Done invoking toplevel() on ptolemy.moml.MoMLSimpleApplication@69bc4442
reloadAllAccessors: .ResettableTimer3

===========================================================================================
----------------- testing Mon Feb 17 23:34:39 UTC 2020 /home/travis/build/icyphy/ptII/ptolemy/domains/de/test/auto/ResettableTimer4.xml
----------------- Instantiating /home/travis/build/icyphy/ptII/ptolemy/domains/de/test/auto/ResettableTimer4.xml
1 ms. Memory: 150528K Free: 104373K (69%)
----------------- Invoking toplevel() on ptolemy.moml.MoMLSimpleApplication@2b6c3f92
----------------- Done invoking toplevel() on ptolemy.moml.MoMLSimpleApplication@2b6c3f92
reloadAllAccessors: .ResettableTimer4

===========================================================================================
----------------- testing Mon Feb 17 23:34:39 UTC 2020 /home/travis/build/icyphy/ptII/ptolemy/domains/de/test/auto/ResettableTimer5.xml
----------------- Instantiating /home/travis/build/icyphy/ptII/ptolemy/domains/de/test/auto/ResettableTimer5.xml
4 ms. Memory: 150528K Free: 100307K (67%)
----------------- Invoking toplevel() on ptolemy.moml.MoMLSimpleApplication@7195a4db
----------------- Done invoking toplevel() on ptolemy.moml.MoMLSimpleApplication@7195a4db
reloadAllAccessors: .ResettableTimer5

===========================================================================================
----------------- testing Mon Feb 17 23:34:39 UTC 2020 /home/travis/build/icyphy/ptII/ptolemy/domains/de/test/auto/ResettableTimer6.xml
----------------- Instantiating /home/travis/build/icyphy/ptII/ptolemy/domains/de/test/auto/ResettableTimer6.xml
6 ms. Memory: 150528K Free: 95699K (64%)
----------------- Invoking toplevel() on ptolemy.moml.MoMLSimpleApplication@49355266
----------------- Done invoking toplevel() on ptolemy.moml.MoMLSimpleApplication@49355266
reloadAllAccessors: .ResettableTimer6

===========================================================================================
----------------- testing Mon Feb 17 23:34:39 UTC 2020 /home/travis/build/icyphy/ptII/ptolemy/domains/de/test/auto/ServerZeroDelay.xml
----------------- Instantiating /home/travis/build/icyphy/ptII/ptolemy/domains/de/test/auto/ServerZeroDelay.xml
1 ms. Memory: 150528K Free: 91605K (61%)
----------------- Invoking toplevel() on ptolemy.moml.MoMLSimpleApplication@1c87a143
----------------- Done invoking toplevel() on ptolemy.moml.MoMLSimpleApplication@1c87a143
reloadAllAccessors: .ServerZeroDelay

===========================================================================================
----------------- testing Mon Feb 17 23:34:39 UTC 2020 /home/travis/build/icyphy/ptII/ptolemy/domains/de/test/auto/SmartSender.xml
----------------- Instantiating /home/travis/build/icyphy/ptII/ptolemy/domains/de/test/auto/SmartSender.xml
3002 ms. Memory: 150528K Free: 87509K (58%)
----------------- Invoking toplevel() on ptolemy.moml.MoMLSimpleApplication@3ff5b5b7
----------------- Done invoking toplevel() on ptolemy.moml.MoMLSimpleApplication@3ff5b5b7
reloadAllAccessors: .SmartSender

===========================================================================================
----------------- testing Mon Feb 17 23:34:42 UTC 2020 /home/travis/build/icyphy/ptII/ptolemy/domains/de/test/auto/ThreadedComposite.xml
----------------- Instantiating /home/travis/build/icyphy/ptII/ptolemy/domains/de/test/auto/ThreadedComposite.xml
99 ms. Memory: 150528K Free: 67539K (45%)
----------------- Invoking toplevel() on ptolemy.moml.MoMLSimpleApplication@55707bd8
----------------- Done invoking toplevel() on ptolemy.moml.MoMLSimpleApplication@55707bd8
reloadAllAccessors: .ThreadedComposite

===========================================================================================
----------------- testing Mon Feb 17 23:34:43 UTC 2020 /home/travis/build/icyphy/ptII/ptolemy/domains/de/test/auto/Time.xml
----------------- Instantiating /home/travis/build/icyphy/ptII/ptolemy/domains/de/test/auto/Time.xml
373 ms. Memory: 150528K Free: 100023K (66%)
----------------- Invoking toplevel() on ptolemy.moml.MoMLSimpleApplication@496d0a8d
----------------- Done invoking toplevel() on ptolemy.moml.MoMLSimpleApplication@496d0a8d
reloadAllAccessors: .Time

===========================================================================================
----------------- testing Mon Feb 17 23:34:43 UTC 2020 /home/travis/build/icyphy/ptII/ptolemy/domains/de/test/auto/TimeDelayZeroDelay.xml
----------------- Instantiating /home/travis/build/icyphy/ptII/ptolemy/domains/de/test/auto/TimeDelayZeroDelay.xml
1 ms. Memory: 150528K Free: 95742K (64%)
----------------- Invoking toplevel() on ptolemy.moml.MoMLSimpleApplication@62a3489d
----------------- Done invoking toplevel() on ptolemy.moml.MoMLSimpleApplication@62a3489d
reloadAllAccessors: .TimeDelayZeroDelay

===========================================================================================
----------------- testing Mon Feb 17 23:34:43 UTC 2020 /home/travis/build/icyphy/ptII/ptolemy/domains/de/test/auto/TimerZeroDelay.xml
----------------- Instantiating /home/travis/build/icyphy/ptII/ptolemy/domains/de/test/auto/TimerZeroDelay.xml
2 ms. Memory: 150528K Free: 91646K (61%)
----------------- Invoking toplevel() on ptolemy.moml.MoMLSimpleApplication@60aa1afb
----------------- Done invoking toplevel() on ptolemy.moml.MoMLSimpleApplication@60aa1afb
reloadAllAccessors: .TimerZeroDelay

===========================================================================================
----------------- testing Mon Feb 17 23:34:43 UTC 2020 /home/travis/build/icyphy/ptII/ptolemy/domains/de/test/auto/TimingParadox.xml
----------------- Instantiating /home/travis/build/icyphy/ptII/ptolemy/domains/de/test/auto/TimingParadox.xml
269 ms. Memory: 150528K Free: 112447K (75%)
----------------- Invoking toplevel() on ptolemy.moml.MoMLSimpleApplication@4207f295
----------------- Done invoking toplevel() on ptolemy.moml.MoMLSimpleApplication@4207f295
reloadAllAccessors: .TimingParadox

===========================================================================================
----------------- testing Mon Feb 17 23:34:43 UTC 2020 /home/travis/build/icyphy/ptII/ptolemy/domains/de/test/auto/TransferInputs.xml
----------------- Instantiating /home/travis/build/icyphy/ptII/ptolemy/domains/de/test/auto/TransferInputs.xml
1 ms. Memory: 150528K Free: 107570K (71%)
----------------- Invoking toplevel() on ptolemy.moml.MoMLSimpleApplication@7629f9d0
----------------- Done invoking toplevel() on ptolemy.moml.MoMLSimpleApplication@7629f9d0
reloadAllAccessors: .TransferInputs

===========================================================================================
----------------- testing Mon Feb 17 23:34:43 UTC 2020 /home/travis/build/icyphy/ptII/ptolemy/domains/de/test/auto/TransferOutputs2.xml
----------------- Instantiating /home/travis/build/icyphy/ptII/ptolemy/domains/de/test/auto/TransferOutputs2.xml
3 ms. Memory: 150528K Free: 99906K (66%)
----------------- Invoking toplevel() on ptolemy.moml.MoMLSimpleApplication@26fc6775
----------------- Done invoking toplevel() on ptolemy.moml.MoMLSimpleApplication@26fc6775
reloadAllAccessors: .TransferOutputs2

===========================================================================================
----------------- testing Mon Feb 17 23:34:43 UTC 2020 /home/travis/build/icyphy/ptII/ptolemy/domains/de/test/auto/Trilateration.xml
----------------- Instantiating /home/travis/build/icyphy/ptII/ptolemy/domains/de/test/auto/Trilateration.xml
10852 ms. Memory: 444416K Free: 380141K (86%)
----------------- Invoking toplevel() on ptolemy.moml.MoMLSimpleApplication@74f5fb04
----------------- Done invoking toplevel() on ptolemy.moml.MoMLSimpleApplication@74f5fb04
reloadAllAccessors: .Trilateration

===========================================================================================
----------------- testing Mon Feb 17 23:34:55 UTC 2020 /home/travis/build/icyphy/ptII/ptolemy/domains/de/test/auto/TwoSigmaDelta.xml
----------------- Instantiating /home/travis/build/icyphy/ptII/ptolemy/domains/de/test/auto/TwoSigmaDelta.xml
1741 ms. Memory: 444416K Free: 175341K (39%)
----------------- Invoking toplevel() on ptolemy.moml.MoMLSimpleApplication@3db32bc1
----------------- Done invoking toplevel() on ptolemy.moml.MoMLSimpleApplication@3db32bc1
reloadAllAccessors: .TwoSigmaDelta

===========================================================================================
----------------- testing Mon Feb 17 23:34:57 UTC 2020 /home/travis/build/icyphy/ptII/ptolemy/domains/de/test/auto/VariableDelay.xml
----------------- Instantiating /home/travis/build/icyphy/ptII/ptolemy/domains/de/test/auto/VariableDelay.xml
2 ms. Memory: 444416K Free: 170717K (38%)
----------------- Invoking toplevel() on ptolemy.moml.MoMLSimpleApplication@7111bf62
----------------- Done invoking toplevel() on ptolemy.moml.MoMLSimpleApplication@7111bf62
reloadAllAccessors: .VariableDelay

===========================================================================================
----------------- testing Mon Feb 17 23:34:57 UTC 2020 /home/travis/build/icyphy/ptII/ptolemy/domains/de/test/auto/VariableDelay2.xml
----------------- Instantiating /home/travis/build/icyphy/ptII/ptolemy/domains/de/test/auto/VariableDelay2.xml
2 ms. Memory: 444416K Free: 166125K (37%)
----------------- Invoking toplevel() on ptolemy.moml.MoMLSimpleApplication@504e1fd3
----------------- Done invoking toplevel() on ptolemy.moml.MoMLSimpleApplication@504e1fd3
reloadAllAccessors: .VariableDelay2

===========================================================================================
----------------- testing Mon Feb 17 23:34:57 UTC 2020 /home/travis/build/icyphy/ptII/ptolemy/domains/de/test/auto/VariableDelayZeroDelay.xml
----------------- Instantiating /home/travis/build/icyphy/ptII/ptolemy/domains/de/test/auto/VariableDelayZeroDelay.xml
2 ms. Memory: 444416K Free: 162029K (36%)
----------------- Invoking toplevel() on ptolemy.moml.MoMLSimpleApplication@492bd4e1
----------------- Done invoking toplevel() on ptolemy.moml.MoMLSimpleApplication@492bd4e1
reloadAllAccessors: .VariableDelayZeroDelay

===========================================================================================
----------------- testing Mon Feb 17 23:34:57 UTC 2020 /home/travis/build/icyphy/ptII/ptolemy/domains/de/test/auto/VariableDelayZeroDelay2.xml
----------------- Instantiating /home/travis/build/icyphy/ptII/ptolemy/domains/de/test/auto/VariableDelayZeroDelay2.xml
2 ms. Memory: 444416K Free: 157933K (36%)
----------------- Invoking toplevel() on ptolemy.moml.MoMLSimpleApplication@3bac9bba
----------------- Done invoking toplevel() on ptolemy.moml.MoMLSimpleApplication@3bac9bba
reloadAllAccessors: .VariableDelayZeroDelay2

===========================================================================================
----------------- testing Mon Feb 17 23:34:57 UTC 2020 /home/travis/build/icyphy/ptII/ptolemy/domains/de/test/auto/deInCt.xml
----------------- Instantiating /home/travis/build/icyphy/ptII/ptolemy/domains/de/test/auto/deInCt.xml
0
1
1
1
0
0
0
1
1
0
0
0
0
1
1
1
0
0
0
0
1
1
1
0
0
0
1
1
1
1
0
0
0
1
1
0
0
0
0
1
1
1
8 ms. Memory: 444416K Free: 152813K (34%)
----------------- Invoking toplevel() on ptolemy.moml.MoMLSimpleApplication@5947efd6
----------------- Done invoking toplevel() on ptolemy.moml.MoMLSimpleApplication@5947efd6
reloadAllAccessors: .deInCt

===========================================================================================
----------------- testing Mon Feb 17 23:34:57 UTC 2020 /home/travis/build/icyphy/ptII/ptolemy/domains/de/test/auto/deInCt2.xml
----------------- Instantiating /home/travis/build/icyphy/ptII/ptolemy/domains/de/test/auto/deInCt2.xml
0
1
1
1
0
0
1
1
1
0
0
1
1
1
0
0
1
1
1
0
0
1
1
1
0
0
1
1
1
0
0
1
1
1
0
0
1
1
1
0
0
0
12 ms. Memory: 444416K Free: 412677K (93%)
----------------- Invoking toplevel() on ptolemy.moml.MoMLSimpleApplication@11365c2a
----------------- Done invoking toplevel() on ptolemy.moml.MoMLSimpleApplication@11365c2a
reloadAllAccessors: .deInCt2

===========================================================================================
----------------- testing Mon Feb 17 23:34:57 UTC 2020 /home/travis/build/icyphy/ptII/ptolemy/domains/de/test/auto/dynamicCausalityInterface1.xml
----------------- Instantiating /home/travis/build/icyphy/ptII/ptolemy/domains/de/test/auto/dynamicCausalityInterface1.xml
1 ms. Memory: 444416K Free: 403461K (91%)
----------------- Invoking toplevel() on ptolemy.moml.MoMLSimpleApplication@bee2fe4
----------------- Done invoking toplevel() on ptolemy.moml.MoMLSimpleApplication@bee2fe4
reloadAllAccessors: .dynamicCausalityInterface1

===========================================================================================
----------------- testing Mon Feb 17 23:34:57 UTC 2020 /home/travis/build/icyphy/ptII/ptolemy/domains/de/test/auto/fsm_de_test.xml
----------------- Instantiating /home/travis/build/icyphy/ptII/ptolemy/domains/de/test/auto/fsm_de_test.xml
6 ms. Memory: 444416K Free: 394245K (89%)
----------------- Invoking toplevel() on ptolemy.moml.MoMLSimpleApplication@30e40fc4
----------------- Done invoking toplevel() on ptolemy.moml.MoMLSimpleApplication@30e40fc4
reloadAllAccessors: .fsm_de_test

===========================================================================================
----------------- testing Mon Feb 17 23:34:57 UTC 2020 /home/travis/build/icyphy/ptII/ptolemy/domains/de/test/auto/functionDependencyReconstruction.xml
----------------- Instantiating /home/travis/build/icyphy/ptII/ptolemy/domains/de/test/auto/functionDependencyReconstruction.xml
2 ms. Memory: 444416K Free: 379395K (85%)
----------------- Invoking toplevel() on ptolemy.moml.MoMLSimpleApplication@6b6e6a3f
----------------- Done invoking toplevel() on ptolemy.moml.MoMLSimpleApplication@6b6e6a3f
reloadAllAccessors: .functionDependencyReconstruction

===========================================================================================
----------------- testing Mon Feb 17 23:34:57 UTC 2020 /home/travis/build/icyphy/ptII/ptolemy/domains/de/test/auto/multirate.xml
----------------- Instantiating /home/travis/build/icyphy/ptII/ptolemy/domains/de/test/auto/multirate.xml
3 ms. Memory: 444416K Free: 372741K (84%)
----------------- Invoking toplevel() on ptolemy.moml.MoMLSimpleApplication@4c14fd4b
----------------- Done invoking toplevel() on ptolemy.moml.MoMLSimpleApplication@4c14fd4b
reloadAllAccessors: .multirate

===========================================================================================
----------------- testing Mon Feb 17 23:34:57 UTC 2020 /home/travis/build/icyphy/ptII/ptolemy/domains/de/test/auto/multirate2.xml
----------------- Instantiating /home/travis/build/icyphy/ptII/ptolemy/domains/de/test/auto/multirate2.xml
3 ms. Memory: 444416K Free: 366069K (82%)
----------------- Invoking toplevel() on ptolemy.moml.MoMLSimpleApplication@2fdf33bd
----------------- Done invoking toplevel() on ptolemy.moml.MoMLSimpleApplication@2fdf33bd
reloadAllAccessors: .multirate2

===========================================================================================
----------------- testing Mon Feb 17 23:34:57 UTC 2020 /home/travis/build/icyphy/ptII/ptolemy/domains/de/test/auto/realtime.xml
----------------- Instantiating /home/travis/build/icyphy/ptII/ptolemy/domains/de/test/auto/realtime.xml
10002 ms. Memory: 444416K Free: 361477K (81%)
----------------- Invoking toplevel() on ptolemy.moml.MoMLSimpleApplication@4ac72330
----------------- Done invoking toplevel() on ptolemy.moml.MoMLSimpleApplication@4ac72330
reloadAllAccessors: .realtime

===========================================================================================
----------------- testing Mon Feb 17 23:35:07 UTC 2020 /home/travis/build/icyphy/ptII/ptolemy/domains/de/test/auto/relationGroup.xml
----------------- Instantiating /home/travis/build/icyphy/ptII/ptolemy/domains/de/test/auto/relationGroup.xml
2 ms. Memory: 444416K Free: 357891K (81%)
----------------- Invoking toplevel() on ptolemy.moml.MoMLSimpleApplication@7f121fa8
----------------- Done invoking toplevel() on ptolemy.moml.MoMLSimpleApplication@7f121fa8
reloadAllAccessors: .relationGroup

===========================================================================================
----------------- testing Mon Feb 17 23:35:07 UTC 2020 /home/travis/build/icyphy/ptII/ptolemy/domains/de/test/auto/relationGroup2.xml
----------------- Instantiating /home/travis/build/icyphy/ptII/ptolemy/domains/de/test/auto/relationGroup2.xml
2 ms. Memory: 444416K Free: 354309K (80%)
----------------- Invoking toplevel() on ptolemy.moml.MoMLSimpleApplication@40c86ac8
----------------- Done invoking toplevel() on ptolemy.moml.MoMLSimpleApplication@40c86ac8
reloadAllAccessors: .relationGroup2

===========================================================================================
----------------- testing Mon Feb 17 23:35:07 UTC 2020 /home/travis/build/icyphy/ptII/ptolemy/domains/de/test/auto/sortWithOpaquePorts.xml
----------------- Instantiating /home/travis/build/icyphy/ptII/ptolemy/domains/de/test/auto/sortWithOpaquePorts.xml
1 ms. Memory: 444416K Free: 349685K (79%)
----------------- Invoking toplevel() on ptolemy.moml.MoMLSimpleApplication@37d49188
----------------- Done invoking toplevel() on ptolemy.moml.MoMLSimpleApplication@37d49188
reloadAllAccessors: .sortWithOpaquePorts

===========================================================================================
----------------- testing Mon Feb 17 23:35:07 UTC 2020 /home/travis/build/icyphy/ptII/ptolemy/domains/de/test/auto/transferInputsandOutputs.xml
----------------- Instantiating /home/travis/build/icyphy/ptII/ptolemy/domains/de/test/auto/transferInputsandOutputs.xml
2 ms. Memory: 444416K Free: 342531K (77%)
----------------- Invoking toplevel() on ptolemy.moml.MoMLSimpleApplication@4557d9ea
----------------- Done invoking toplevel() on ptolemy.moml.MoMLSimpleApplication@4557d9ea
reloadAllAccessors: .transferInputsandOutputs

===========================================================================================
----------------- testing Mon Feb 17 23:35:07 UTC 2020 /home/travis/build/icyphy/ptII/ptolemy/domains/de/test/auto/triggerType.xml
----------------- Instantiating /home/travis/build/icyphy/ptII/ptolemy/domains/de/test/auto/triggerType.xml
1 ms. Memory: 444416K Free: 338421K (76%)
----------------- Invoking toplevel() on ptolemy.moml.MoMLSimpleApplication@3f84bfb2
----------------- Done invoking toplevel() on ptolemy.moml.MoMLSimpleApplication@3f84bfb2
reloadAllAccessors: .triggerType
AutoTests.java: About to close Vertx.
AutoTests.java: Vertx closed.
]]></system-out>
  <system-err><![CDATA[java.lang.RuntimeException: Execution failed
	at ptolemy.moml.MoMLSimpleApplication$UnloadThread.run(MoMLSimpleApplication.java:402)
Caused by: ptolemy.kernel.util.IllegalActionException: Found a zero delay loop containing .dependencyLoop.original
  in .dependencyLoop and .dependencyLoop.original
	at ptolemy.actor.util.CausalityInterfaceForComposites._computeOutputPortDepth(CausalityInterfaceForComposites.java:759)
	at ptolemy.actor.util.CausalityInterfaceForComposites._computeInputDepth(CausalityInterfaceForComposites.java:696)
	at ptolemy.actor.util.CausalityInterfaceForComposites._computeOutputPortDepth(CausalityInterfaceForComposites.java:765)
	at ptolemy.actor.util.CausalityInterfaceForComposites._computeInputDepth(CausalityInterfaceForComposites.java:696)
	at ptolemy.actor.util.CausalityInterfaceForComposites._computeOutputPortDepth(CausalityInterfaceForComposites.java:765)
	at ptolemy.actor.util.CausalityInterfaceForComposites._computeInputDepth(CausalityInterfaceForComposites.java:696)
	at ptolemy.actor.util.CausalityInterfaceForComposites._computeActorDepth(CausalityInterfaceForComposites.java:532)
	at ptolemy.actor.util.CausalityInterfaceForComposites.checkForCycles(CausalityInterfaceForComposites.java:96)
	at ptolemy.domains.de.kernel.DEDirector.preinitialize(DEDirector.java:1338)
	at ptolemy.actor.CompositeActor.preinitialize(CompositeActor.java:1828)
	at ptolemy.actor.Manager.preinitializeAndResolveTypes(Manager.java:1040)
	at ptolemy.actor.Manager.initialize(Manager.java:710)
	at ptolemy.actor.Manager.execute(Manager.java:356)
	at ptolemy.actor.Manager.run(Manager.java:1263)
	at ptolemy.actor.Manager$PtolemyRunThread.run(Manager.java:1933)
java.lang.RuntimeException: Execution failed
	at ptolemy.moml.MoMLSimpleApplication$UnloadThread.run(MoMLSimpleApplication.java:402)
Caused by: ptolemy.kernel.util.IllegalActionException: Found a zero delay loop containing .dependencyLoop2.original
  in .dependencyLoop2 and .dependencyLoop2.original
	at ptolemy.actor.util.CausalityInterfaceForComposites._computeOutputPortDepth(CausalityInterfaceForComposites.java:759)
	at ptolemy.actor.util.CausalityInterfaceForComposites._computeInputDepth(CausalityInterfaceForComposites.java:696)
	at ptolemy.actor.util.CausalityInterfaceForComposites._computeOutputPortDepth(CausalityInterfaceForComposites.java:765)
	at ptolemy.actor.util.CausalityInterfaceForComposites._computeInputDepth(CausalityInterfaceForComposites.java:696)
	at ptolemy.actor.util.CausalityInterfaceForComposites._computeOutputPortDepth(CausalityInterfaceForComposites.java:765)
	at ptolemy.actor.util.CausalityInterfaceForComposites._computeInputDepth(CausalityInterfaceForComposites.java:696)
	at ptolemy.actor.util.CausalityInterfaceForComposites._computeActorDepth(CausalityInterfaceForComposites.java:532)
	at ptolemy.actor.util.CausalityInterfaceForComposites.checkForCycles(CausalityInterfaceForComposites.java:96)
	at ptolemy.domains.de.kernel.DEDirector.preinitialize(DEDirector.java:1338)
	at ptolemy.actor.CompositeActor.preinitialize(CompositeActor.java:1828)
	at ptolemy.actor.Manager.preinitializeAndResolveTypes(Manager.java:1040)
	at ptolemy.actor.Manager.initialize(Manager.java:710)
	at ptolemy.actor.Manager.execute(Manager.java:356)
	at ptolemy.actor.Manager.run(Manager.java:1263)
	at ptolemy.actor.Manager$PtolemyRunThread.run(Manager.java:1933)
java.lang.RuntimeException: Execution failed
	at ptolemy.moml.MoMLSimpleApplication$UnloadThread.run(MoMLSimpleApplication.java:402)
Caused by: ptolemy.kernel.util.IllegalActionException: Test fails in iteration 1.
Value was: 1.0. Should have been: 2.0
  in .DirectFeedback.Test
	at ptolemy.actor.lib.Test.fire(Test.java:268)
	at ptolemy.domains.de.kernel.DEDirector._fire(DEDirector.java:1949)
	at ptolemy.domains.de.kernel.DEDirector.fire(DEDirector.java:502)
	at ptolemy.actor.CompositeActor.fire(CompositeActor.java:455)
	at ptolemy.actor.Manager.iterate(Manager.java:851)
	at ptolemy.actor.Manager.execute(Manager.java:369)
	at ptolemy.actor.Manager.run(Manager.java:1263)
	at ptolemy.actor.Manager$PtolemyRunThread.run(Manager.java:1933)
java.lang.RuntimeException: Execution failed
	at ptolemy.moml.MoMLSimpleApplication$UnloadThread.run(MoMLSimpleApplication.java:402)
Caused by: ptolemy.kernel.util.IllegalActionException: Found a zero delay loop containing .dependencyLoop.original
  in .dependencyLoop and .dependencyLoop.original
	at ptolemy.actor.util.CausalityInterfaceForComposites._computeOutputPortDepth(CausalityInterfaceForComposites.java:759)
	at ptolemy.actor.util.CausalityInterfaceForComposites._computeInputDepth(CausalityInterfaceForComposites.java:696)
	at ptolemy.actor.util.CausalityInterfaceForComposites._computeOutputPortDepth(CausalityInterfaceForComposites.java:765)
	at ptolemy.actor.util.CausalityInterfaceForComposites._computeInputDepth(CausalityInterfaceForComposites.java:696)
	at ptolemy.actor.util.CausalityInterfaceForComposites._computeOutputPortDepth(CausalityInterfaceForComposites.java:765)
	at ptolemy.actor.util.CausalityInterfaceForComposites._computeInputDepth(CausalityInterfaceForComposites.java:696)
	at ptolemy.actor.util.CausalityInterfaceForComposites._computeActorDepth(CausalityInterfaceForComposites.java:532)
	at ptolemy.actor.util.CausalityInterfaceForComposites.checkForCycles(CausalityInterfaceForComposites.java:96)
	at ptolemy.domains.de.kernel.DEDirector.preinitialize(DEDirector.java:1338)
	at ptolemy.actor.CompositeActor.preinitialize(CompositeActor.java:1828)
	at ptolemy.actor.Manager.preinitializeAndResolveTypes(Manager.java:1040)
	at ptolemy.actor.Manager.initialize(Manager.java:710)
	at ptolemy.actor.Manager.execute(Manager.java:356)
	at ptolemy.actor.Manager.run(Manager.java:1263)
	at ptolemy.actor.Manager$PtolemyRunThread.run(Manager.java:1933)
java.lang.RuntimeException: Execution failed
	at ptolemy.moml.MoMLSimpleApplication$UnloadThread.run(MoMLSimpleApplication.java:402)
Caused by: ptolemy.kernel.util.IllegalActionException: Found a zero delay loop containing .HierarchicalModel.A
  in .HierarchicalModel and .HierarchicalModel.A
	at ptolemy.actor.util.CausalityInterfaceForComposites._computeOutputPortDepth(CausalityInterfaceForComposites.java:759)
	at ptolemy.actor.util.CausalityInterfaceForComposites._computeInputDepth(CausalityInterfaceForComposites.java:696)
	at ptolemy.actor.util.CausalityInterfaceForComposites._computeOutputPortDepth(CausalityInterfaceForComposites.java:765)
	at ptolemy.actor.util.CausalityInterfaceForComposites._computeInputDepth(CausalityInterfaceForComposites.java:696)
	at ptolemy.actor.util.CausalityInterfaceForComposites._computeOutputPortDepth(CausalityInterfaceForComposites.java:765)
	at ptolemy.actor.util.CausalityInterfaceForComposites._computeInputDepth(CausalityInterfaceForComposites.java:696)
	at ptolemy.actor.util.CausalityInterfaceForComposites._computeActorDepth(CausalityInterfaceForComposites.java:532)
	at ptolemy.actor.util.CausalityInterfaceForComposites.checkForCycles(CausalityInterfaceForComposites.java:96)
	at ptolemy.domains.de.kernel.DEDirector.preinitialize(DEDirector.java:1338)
	at ptolemy.actor.CompositeActor.preinitialize(CompositeActor.java:1828)
	at ptolemy.actor.Manager.preinitializeAndResolveTypes(Manager.java:1040)
	at ptolemy.actor.Manager.initialize(Manager.java:710)
	at ptolemy.actor.Manager.execute(Manager.java:356)
	at ptolemy.actor.Manager.run(Manager.java:1263)
	at ptolemy.actor.Manager$PtolemyRunThread.run(Manager.java:1933)
java.lang.RuntimeException: Execution failed
	at ptolemy.moml.MoMLSimpleApplication$UnloadThread.run(MoMLSimpleApplication.java:402)
Caused by: ptolemy.kernel.util.IllegalActionException: Found a zero delay loop containing .dependencyLoop2.original
  in .dependencyLoop2 and .dependencyLoop2.original
	at ptolemy.actor.util.CausalityInterfaceForComposites._computeOutputPortDepth(CausalityInterfaceForComposites.java:759)
	at ptolemy.actor.util.CausalityInterfaceForComposites._computeInputDepth(CausalityInterfaceForComposites.java:696)
	at ptolemy.actor.util.CausalityInterfaceForComposites._computeOutputPortDepth(CausalityInterfaceForComposites.java:765)
	at ptolemy.actor.util.CausalityInterfaceForComposites._computeInputDepth(CausalityInterfaceForComposites.java:696)
	at ptolemy.actor.util.CausalityInterfaceForComposites._computeOutputPortDepth(CausalityInterfaceForComposites.java:765)
	at ptolemy.actor.util.CausalityInterfaceForComposites._computeInputDepth(CausalityInterfaceForComposites.java:696)
	at ptolemy.actor.util.CausalityInterfaceForComposites._computeActorDepth(CausalityInterfaceForComposites.java:532)
	at ptolemy.actor.util.CausalityInterfaceForComposites.checkForCycles(CausalityInterfaceForComposites.java:96)
	at ptolemy.domains.de.kernel.DEDirector.preinitialize(DEDirector.java:1338)
	at ptolemy.actor.CompositeActor.preinitialize(CompositeActor.java:1828)
	at ptolemy.actor.Manager.preinitializeAndResolveTypes(Manager.java:1040)
	at ptolemy.actor.Manager.initialize(Manager.java:710)
	at ptolemy.actor.Manager.execute(Manager.java:356)
	at ptolemy.actor.Manager.run(Manager.java:1263)
	at ptolemy.actor.Manager$PtolemyRunThread.run(Manager.java:1933)
java.lang.RuntimeException: Execution failed
	at ptolemy.moml.MoMLSimpleApplication$UnloadThread.run(MoMLSimpleApplication.java:402)
Caused by: ptolemy.kernel.util.IllegalActionException: Actor is not ready to fire.  Perhaps UpSample.prefire() returned false? Try debugging the actor by selecting "Listen to Actor".  Also, for SDF check moml for tokenConsumptionRate on input.
  in .DESDFClockTest.Play Bell.Copy1:SDF Director and .DESDFClockTest.Play Bell.UpSample
	at ptolemy.actor.sched.StaticSchedulingDirector.fire(StaticSchedulingDirector.java:227)
	at ptolemy.domains.sdf.kernel.SDFDirector.fire(SDFDirector.java:500)
	at ptolemy.actor.CompositeActor.fire(CompositeActor.java:455)
	at ptolemy.domains.de.kernel.DEDirector._fire(DEDirector.java:1949)
	at ptolemy.domains.de.kernel.DEDirector.fire(DEDirector.java:502)
	at ptolemy.actor.CompositeActor.fire(CompositeActor.java:455)
	at ptolemy.actor.Manager.iterate(Manager.java:851)
	at ptolemy.actor.Manager.execute(Manager.java:369)
	at ptolemy.actor.Manager.run(Manager.java:1263)
	at ptolemy.actor.Manager$PtolemyRunThread.run(Manager.java:1933)
java.lang.RuntimeException: Execution failed
	at ptolemy.moml.MoMLSimpleApplication$UnloadThread.run(MoMLSimpleApplication.java:402)
Caused by: ptolemy.kernel.util.IllegalActionException: Actor is not ready to fire.  Perhaps UpSample.prefire() returned false? Try debugging the actor by selecting "Listen to Actor".  Also, for SDF check moml for tokenConsumptionRate on input.
  in .DESDFClockTest.Play Bell.Copy1:SDF Director and .DESDFClockTest.Play Bell.UpSample
	at ptolemy.actor.sched.StaticSchedulingDirector.fire(StaticSchedulingDirector.java:227)
	at ptolemy.domains.sdf.kernel.SDFDirector.fire(SDFDirector.java:500)
	at ptolemy.actor.CompositeActor.fire(CompositeActor.java:455)
	at ptolemy.domains.de.kernel.DEDirector._fire(DEDirector.java:1949)
	at ptolemy.domains.de.kernel.DEDirector.fire(DEDirector.java:502)
	at ptolemy.actor.CompositeActor.fire(CompositeActor.java:455)
	at ptolemy.actor.Manager.iterate(Manager.java:851)
	at ptolemy.actor.Manager.execute(Manager.java:369)
	at ptolemy.actor.Manager.run(Manager.java:1263)
	at ptolemy.actor.Manager$PtolemyRunThread.run(Manager.java:1933)
java.lang.reflect.InvocationTargetException
	at java.base/jdk.internal.reflect.NativeConstructorAccessorImpl.newInstance0(Native Method)
	at java.base/jdk.internal.reflect.NativeConstructorAccessorImpl.newInstance(NativeConstructorAccessorImpl.java:62)
	at java.base/jdk.internal.reflect.DelegatingConstructorAccessorImpl.newInstance(DelegatingConstructorAccessorImpl.java:45)
	at java.base/java.lang.reflect.Constructor.newInstance(Constructor.java:490)
	at ptolemy.util.test.junit.AutoKnownFailedTests.RunModel(AutoKnownFailedTests.java:105)
	at java.base/jdk.internal.reflect.NativeMethodAccessorImpl.invoke0(Native Method)
	at java.base/jdk.internal.reflect.NativeMethodAccessorImpl.invoke(NativeMethodAccessorImpl.java:62)
	at java.base/jdk.internal.reflect.DelegatingMethodAccessorImpl.invoke(DelegatingMethodAccessorImpl.java:43)
	at java.base/java.lang.reflect.Method.invoke(Method.java:566)
	at org.junit.runners.model.FrameworkMethod$1.runReflectiveCall(FrameworkMethod.java:44)
	at org.junit.internal.runners.model.ReflectiveCallable.run(ReflectiveCallable.java:15)
	at org.junit.runners.model.FrameworkMethod.invokeExplosively(FrameworkMethod.java:41)
	at junitparams.internal.InvokeParameterisedMethod.evaluate(InvokeParameterisedMethod.java:102)
	at org.junit.internal.runners.statements.FailOnTimeout$1.run(FailOnTimeout.java:28)
Caused by: ptolemy.kernel.util.IllegalActionException: Actor is not ready to fire.  Perhaps UpSample.prefire() returned false? Try debugging the actor by selecting "Listen to Actor".  Also, for SDF check moml for tokenConsumptionRate on input.
  in .DESDFClockTest.Play Bell.Copy1:SDF Director and .DESDFClockTest.Play Bell.UpSample
	at ptolemy.actor.sched.StaticSchedulingDirector.fire(StaticSchedulingDirector.java:227)
	at ptolemy.domains.sdf.kernel.SDFDirector.fire(SDFDirector.java:500)
	at ptolemy.actor.CompositeActor.fire(CompositeActor.java:455)
	at ptolemy.domains.de.kernel.DEDirector._fire(DEDirector.java:1949)
	at ptolemy.domains.de.kernel.DEDirector.fire(DEDirector.java:502)
	at ptolemy.actor.CompositeActor.fire(CompositeActor.java:455)
	at ptolemy.actor.Manager.iterate(Manager.java:851)
	at ptolemy.actor.Manager.execute(Manager.java:369)
	at ptolemy.actor.Manager.run(Manager.java:1263)
	at ptolemy.actor.Manager$PtolemyRunThread.run(Manager.java:1933)
java.lang.RuntimeException: Execution failed
	at ptolemy.moml.MoMLSimpleApplication$UnloadThread.run(MoMLSimpleApplication.java:402)
Caused by: ptolemy.kernel.util.IllegalActionException: Test fails in iteration 1.
Value was: 1.0. Should have been: 2.0
  in .DirectFeedback.Test
	at ptolemy.actor.lib.Test.fire(Test.java:268)
	at ptolemy.domains.de.kernel.DEDirector._fire(DEDirector.java:1949)
	at ptolemy.domains.de.kernel.DEDirector.fire(DEDirector.java:502)
	at ptolemy.actor.CompositeActor.fire(CompositeActor.java:455)
	at ptolemy.actor.Manager.iterate(Manager.java:851)
	at ptolemy.actor.Manager.execute(Manager.java:369)
	at ptolemy.actor.Manager.run(Manager.java:1263)
	at ptolemy.actor.Manager$PtolemyRunThread.run(Manager.java:1933)
java.lang.reflect.InvocationTargetException
	at java.base/jdk.internal.reflect.NativeConstructorAccessorImpl.newInstance0(Native Method)
	at java.base/jdk.internal.reflect.NativeConstructorAccessorImpl.newInstance(NativeConstructorAccessorImpl.java:62)
	at java.base/jdk.internal.reflect.DelegatingConstructorAccessorImpl.newInstance(DelegatingConstructorAccessorImpl.java:45)
	at java.base/java.lang.reflect.Constructor.newInstance(Constructor.java:490)
	at ptolemy.util.test.junit.AutoKnownFailedTests.RunModel(AutoKnownFailedTests.java:105)
	at java.base/jdk.internal.reflect.NativeMethodAccessorImpl.invoke0(Native Method)
	at java.base/jdk.internal.reflect.NativeMethodAccessorImpl.invoke(NativeMethodAccessorImpl.java:62)
	at java.base/jdk.internal.reflect.DelegatingMethodAccessorImpl.invoke(DelegatingMethodAccessorImpl.java:43)
	at java.base/java.lang.reflect.Method.invoke(Method.java:566)
	at org.junit.runners.model.FrameworkMethod$1.runReflectiveCall(FrameworkMethod.java:44)
	at org.junit.internal.runners.model.ReflectiveCallable.run(ReflectiveCallable.java:15)
	at org.junit.runners.model.FrameworkMethod.invokeExplosively(FrameworkMethod.java:41)
	at junitparams.internal.InvokeParameterisedMethod.evaluate(InvokeParameterisedMethod.java:102)
	at org.junit.internal.runners.statements.FailOnTimeout$1.run(FailOnTimeout.java:28)
Caused by: ptolemy.kernel.util.IllegalActionException: Test fails in iteration 1.
Value was: 1.0. Should have been: 2.0
  in .DirectFeedback.Test
	at ptolemy.actor.lib.Test.fire(Test.java:268)
	at ptolemy.domains.de.kernel.DEDirector._fire(DEDirector.java:1949)
	at ptolemy.domains.de.kernel.DEDirector.fire(DEDirector.java:502)
	at ptolemy.actor.CompositeActor.fire(CompositeActor.java:455)
	at ptolemy.actor.Manager.iterate(Manager.java:851)
	at ptolemy.actor.Manager.execute(Manager.java:369)
	at ptolemy.actor.Manager.run(Manager.java:1263)
	at ptolemy.actor.Manager$PtolemyRunThread.run(Manager.java:1933)
java.lang.RuntimeException: Execution failed
	at ptolemy.moml.MoMLSimpleApplication$UnloadThread.run(MoMLSimpleApplication.java:402)
Caused by: ptolemy.kernel.util.IllegalActionException: Found a zero delay loop containing .HierarchicalModel.A
  in .HierarchicalModel and .HierarchicalModel.A
	at ptolemy.actor.util.CausalityInterfaceForComposites._computeOutputPortDepth(CausalityInterfaceForComposites.java:759)
	at ptolemy.actor.util.CausalityInterfaceForComposites._computeInputDepth(CausalityInterfaceForComposites.java:696)
	at ptolemy.actor.util.CausalityInterfaceForComposites._computeOutputPortDepth(CausalityInterfaceForComposites.java:765)
	at ptolemy.actor.util.CausalityInterfaceForComposites._computeInputDepth(CausalityInterfaceForComposites.java:696)
	at ptolemy.actor.util.CausalityInterfaceForComposites._computeOutputPortDepth(CausalityInterfaceForComposites.java:765)
	at ptolemy.actor.util.CausalityInterfaceForComposites._computeInputDepth(CausalityInterfaceForComposites.java:696)
	at ptolemy.actor.util.CausalityInterfaceForComposites._computeActorDepth(CausalityInterfaceForComposites.java:532)
	at ptolemy.actor.util.CausalityInterfaceForComposites.checkForCycles(CausalityInterfaceForComposites.java:96)
	at ptolemy.domains.de.kernel.DEDirector.preinitialize(DEDirector.java:1338)
	at ptolemy.actor.CompositeActor.preinitialize(CompositeActor.java:1828)
	at ptolemy.actor.Manager.preinitializeAndResolveTypes(Manager.java:1040)
	at ptolemy.actor.Manager.initialize(Manager.java:710)
	at ptolemy.actor.Manager.execute(Manager.java:356)
	at ptolemy.actor.Manager.run(Manager.java:1263)
	at ptolemy.actor.Manager$PtolemyRunThread.run(Manager.java:1933)
java.lang.reflect.InvocationTargetException
	at java.base/jdk.internal.reflect.NativeConstructorAccessorImpl.newInstance0(Native Method)
	at java.base/jdk.internal.reflect.NativeConstructorAccessorImpl.newInstance(NativeConstructorAccessorImpl.java:62)
	at java.base/jdk.internal.reflect.DelegatingConstructorAccessorImpl.newInstance(DelegatingConstructorAccessorImpl.java:45)
	at java.base/java.lang.reflect.Constructor.newInstance(Constructor.java:490)
	at ptolemy.util.test.junit.AutoKnownFailedTests.RunModel(AutoKnownFailedTests.java:105)
	at java.base/jdk.internal.reflect.NativeMethodAccessorImpl.invoke0(Native Method)
	at java.base/jdk.internal.reflect.NativeMethodAccessorImpl.invoke(NativeMethodAccessorImpl.java:62)
	at java.base/jdk.internal.reflect.DelegatingMethodAccessorImpl.invoke(DelegatingMethodAccessorImpl.java:43)
	at java.base/java.lang.reflect.Method.invoke(Method.java:566)
	at org.junit.runners.model.FrameworkMethod$1.runReflectiveCall(FrameworkMethod.java:44)
	at org.junit.internal.runners.model.ReflectiveCallable.run(ReflectiveCallable.java:15)
	at org.junit.runners.model.FrameworkMethod.invokeExplosively(FrameworkMethod.java:41)
	at junitparams.internal.InvokeParameterisedMethod.evaluate(InvokeParameterisedMethod.java:102)
	at org.junit.internal.runners.statements.FailOnTimeout$1.run(FailOnTimeout.java:28)
Caused by: ptolemy.kernel.util.IllegalActionException: Found a zero delay loop containing .HierarchicalModel.A
  in .HierarchicalModel and .HierarchicalModel.A
	at ptolemy.actor.util.CausalityInterfaceForComposites._computeOutputPortDepth(CausalityInterfaceForComposites.java:759)
	at ptolemy.actor.util.CausalityInterfaceForComposites._computeInputDepth(CausalityInterfaceForComposites.java:696)
	at ptolemy.actor.util.CausalityInterfaceForComposites._computeOutputPortDepth(CausalityInterfaceForComposites.java:765)
	at ptolemy.actor.util.CausalityInterfaceForComposites._computeInputDepth(CausalityInterfaceForComposites.java:696)
	at ptolemy.actor.util.CausalityInterfaceForComposites._computeOutputPortDepth(CausalityInterfaceForComposites.java:765)
	at ptolemy.actor.util.CausalityInterfaceForComposites._computeInputDepth(CausalityInterfaceForComposites.java:696)
	at ptolemy.actor.util.CausalityInterfaceForComposites._computeActorDepth(CausalityInterfaceForComposites.java:532)
	at ptolemy.actor.util.CausalityInterfaceForComposites.checkForCycles(CausalityInterfaceForComposites.java:96)
	at ptolemy.domains.de.kernel.DEDirector.preinitialize(DEDirector.java:1338)
	at ptolemy.actor.CompositeActor.preinitialize(CompositeActor.java:1828)
	at ptolemy.actor.Manager.preinitializeAndResolveTypes(Manager.java:1040)
	at ptolemy.actor.Manager.initialize(Manager.java:710)
	at ptolemy.actor.Manager.execute(Manager.java:356)
	at ptolemy.actor.Manager.run(Manager.java:1263)
	at ptolemy.actor.Manager$PtolemyRunThread.run(Manager.java:1933)
java.lang.RuntimeException: Execution failed
	at ptolemy.moml.MoMLSimpleApplication$UnloadThread.run(MoMLSimpleApplication.java:402)
Caused by: ptolemy.kernel.util.IllegalActionException: Found a zero delay loop containing .dependencyLoop.original
  in .dependencyLoop and .dependencyLoop.original
	at ptolemy.actor.util.CausalityInterfaceForComposites._computeOutputPortDepth(CausalityInterfaceForComposites.java:759)
	at ptolemy.actor.util.CausalityInterfaceForComposites._computeInputDepth(CausalityInterfaceForComposites.java:696)
	at ptolemy.actor.util.CausalityInterfaceForComposites._computeOutputPortDepth(CausalityInterfaceForComposites.java:765)
	at ptolemy.actor.util.CausalityInterfaceForComposites._computeInputDepth(CausalityInterfaceForComposites.java:696)
	at ptolemy.actor.util.CausalityInterfaceForComposites._computeOutputPortDepth(CausalityInterfaceForComposites.java:765)
	at ptolemy.actor.util.CausalityInterfaceForComposites._computeInputDepth(CausalityInterfaceForComposites.java:696)
	at ptolemy.actor.util.CausalityInterfaceForComposites._computeActorDepth(CausalityInterfaceForComposites.java:532)
	at ptolemy.actor.util.CausalityInterfaceForComposites.checkForCycles(CausalityInterfaceForComposites.java:96)
	at ptolemy.domains.de.kernel.DEDirector.preinitialize(DEDirector.java:1338)
	at ptolemy.actor.CompositeActor.preinitialize(CompositeActor.java:1828)
	at ptolemy.actor.Manager.preinitializeAndResolveTypes(Manager.java:1040)
	at ptolemy.actor.Manager.initialize(Manager.java:710)
	at ptolemy.actor.Manager.execute(Manager.java:356)
	at ptolemy.actor.Manager.run(Manager.java:1263)
	at ptolemy.actor.Manager$PtolemyRunThread.run(Manager.java:1933)
java.lang.reflect.InvocationTargetException
	at java.base/jdk.internal.reflect.NativeConstructorAccessorImpl.newInstance0(Native Method)
	at java.base/jdk.internal.reflect.NativeConstructorAccessorImpl.newInstance(NativeConstructorAccessorImpl.java:62)
	at java.base/jdk.internal.reflect.DelegatingConstructorAccessorImpl.newInstance(DelegatingConstructorAccessorImpl.java:45)
	at java.base/java.lang.reflect.Constructor.newInstance(Constructor.java:490)
	at ptolemy.util.test.junit.AutoKnownFailedTests.RunModel(AutoKnownFailedTests.java:105)
	at java.base/jdk.internal.reflect.NativeMethodAccessorImpl.invoke0(Native Method)
	at java.base/jdk.internal.reflect.NativeMethodAccessorImpl.invoke(NativeMethodAccessorImpl.java:62)
	at java.base/jdk.internal.reflect.DelegatingMethodAccessorImpl.invoke(DelegatingMethodAccessorImpl.java:43)
	at java.base/java.lang.reflect.Method.invoke(Method.java:566)
	at org.junit.runners.model.FrameworkMethod$1.runReflectiveCall(FrameworkMethod.java:44)
	at org.junit.internal.runners.model.ReflectiveCallable.run(ReflectiveCallable.java:15)
	at org.junit.runners.model.FrameworkMethod.invokeExplosively(FrameworkMethod.java:41)
	at junitparams.internal.InvokeParameterisedMethod.evaluate(InvokeParameterisedMethod.java:102)
	at org.junit.internal.runners.statements.FailOnTimeout$1.run(FailOnTimeout.java:28)
Caused by: ptolemy.kernel.util.IllegalActionException: Found a zero delay loop containing .dependencyLoop.original
  in .dependencyLoop and .dependencyLoop.original
	at ptolemy.actor.util.CausalityInterfaceForComposites._computeOutputPortDepth(CausalityInterfaceForComposites.java:759)
	at ptolemy.actor.util.CausalityInterfaceForComposites._computeInputDepth(CausalityInterfaceForComposites.java:696)
	at ptolemy.actor.util.CausalityInterfaceForComposites._computeOutputPortDepth(CausalityInterfaceForComposites.java:765)
	at ptolemy.actor.util.CausalityInterfaceForComposites._computeInputDepth(CausalityInterfaceForComposites.java:696)
	at ptolemy.actor.util.CausalityInterfaceForComposites._computeOutputPortDepth(CausalityInterfaceForComposites.java:765)
	at ptolemy.actor.util.CausalityInterfaceForComposites._computeInputDepth(CausalityInterfaceForComposites.java:696)
	at ptolemy.actor.util.CausalityInterfaceForComposites._computeActorDepth(CausalityInterfaceForComposites.java:532)
	at ptolemy.actor.util.CausalityInterfaceForComposites.checkForCycles(CausalityInterfaceForComposites.java:96)
	at ptolemy.domains.de.kernel.DEDirector.preinitialize(DEDirector.java:1338)
	at ptolemy.actor.CompositeActor.preinitialize(CompositeActor.java:1828)
	at ptolemy.actor.Manager.preinitializeAndResolveTypes(Manager.java:1040)
	at ptolemy.actor.Manager.initialize(Manager.java:710)
	at ptolemy.actor.Manager.execute(Manager.java:356)
	at ptolemy.actor.Manager.run(Manager.java:1263)
	at ptolemy.actor.Manager$PtolemyRunThread.run(Manager.java:1933)
java.lang.RuntimeException: Execution failed
	at ptolemy.moml.MoMLSimpleApplication$UnloadThread.run(MoMLSimpleApplication.java:402)
Caused by: ptolemy.kernel.util.IllegalActionException: Found a zero delay loop containing .dependencyLoop2.original
  in .dependencyLoop2 and .dependencyLoop2.original
	at ptolemy.actor.util.CausalityInterfaceForComposites._computeOutputPortDepth(CausalityInterfaceForComposites.java:759)
	at ptolemy.actor.util.CausalityInterfaceForComposites._computeInputDepth(CausalityInterfaceForComposites.java:696)
	at ptolemy.actor.util.CausalityInterfaceForComposites._computeOutputPortDepth(CausalityInterfaceForComposites.java:765)
	at ptolemy.actor.util.CausalityInterfaceForComposites._computeInputDepth(CausalityInterfaceForComposites.java:696)
	at ptolemy.actor.util.CausalityInterfaceForComposites._computeOutputPortDepth(CausalityInterfaceForComposites.java:765)
	at ptolemy.actor.util.CausalityInterfaceForComposites._computeInputDepth(CausalityInterfaceForComposites.java:696)
	at ptolemy.actor.util.CausalityInterfaceForComposites._computeActorDepth(CausalityInterfaceForComposites.java:532)
	at ptolemy.actor.util.CausalityInterfaceForComposites.checkForCycles(CausalityInterfaceForComposites.java:96)
	at ptolemy.domains.de.kernel.DEDirector.preinitialize(DEDirector.java:1338)
	at ptolemy.actor.CompositeActor.preinitialize(CompositeActor.java:1828)
	at ptolemy.actor.Manager.preinitializeAndResolveTypes(Manager.java:1040)
	at ptolemy.actor.Manager.initialize(Manager.java:710)
	at ptolemy.actor.Manager.execute(Manager.java:356)
	at ptolemy.actor.Manager.run(Manager.java:1263)
	at ptolemy.actor.Manager$PtolemyRunThread.run(Manager.java:1933)
java.lang.reflect.InvocationTargetException
	at java.base/jdk.internal.reflect.NativeConstructorAccessorImpl.newInstance0(Native Method)
	at java.base/jdk.internal.reflect.NativeConstructorAccessorImpl.newInstance(NativeConstructorAccessorImpl.java:62)
	at java.base/jdk.internal.reflect.DelegatingConstructorAccessorImpl.newInstance(DelegatingConstructorAccessorImpl.java:45)
	at java.base/java.lang.reflect.Constructor.newInstance(Constructor.java:490)
	at ptolemy.util.test.junit.AutoKnownFailedTests.RunModel(AutoKnownFailedTests.java:105)
	at java.base/jdk.internal.reflect.NativeMethodAccessorImpl.invoke0(Native Method)
	at java.base/jdk.internal.reflect.NativeMethodAccessorImpl.invoke(NativeMethodAccessorImpl.java:62)
	at java.base/jdk.internal.reflect.DelegatingMethodAccessorImpl.invoke(DelegatingMethodAccessorImpl.java:43)
	at java.base/java.lang.reflect.Method.invoke(Method.java:566)
	at org.junit.runners.model.FrameworkMethod$1.runReflectiveCall(FrameworkMethod.java:44)
	at org.junit.internal.runners.model.ReflectiveCallable.run(ReflectiveCallable.java:15)
	at org.junit.runners.model.FrameworkMethod.invokeExplosively(FrameworkMethod.java:41)
	at junitparams.internal.InvokeParameterisedMethod.evaluate(InvokeParameterisedMethod.java:102)
	at org.junit.internal.runners.statements.FailOnTimeout$1.run(FailOnTimeout.java:28)
Caused by: ptolemy.kernel.util.IllegalActionException: Found a zero delay loop containing .dependencyLoop2.original
  in .dependencyLoop2 and .dependencyLoop2.original
	at ptolemy.actor.util.CausalityInterfaceForComposites._computeOutputPortDepth(CausalityInterfaceForComposites.java:759)
	at ptolemy.actor.util.CausalityInterfaceForComposites._computeInputDepth(CausalityInterfaceForComposites.java:696)
	at ptolemy.actor.util.CausalityInterfaceForComposites._computeOutputPortDepth(CausalityInterfaceForComposites.java:765)
	at ptolemy.actor.util.CausalityInterfaceForComposites._computeInputDepth(CausalityInterfaceForComposites.java:696)
	at ptolemy.actor.util.CausalityInterfaceForComposites._computeOutputPortDepth(CausalityInterfaceForComposites.java:765)
	at ptolemy.actor.util.CausalityInterfaceForComposites._computeInputDepth(CausalityInterfaceForComposites.java:696)
	at ptolemy.actor.util.CausalityInterfaceForComposites._computeActorDepth(CausalityInterfaceForComposites.java:532)
	at ptolemy.actor.util.CausalityInterfaceForComposites.checkForCycles(CausalityInterfaceForComposites.java:96)
	at ptolemy.domains.de.kernel.DEDirector.preinitialize(DEDirector.java:1338)
	at ptolemy.actor.CompositeActor.preinitialize(CompositeActor.java:1828)
	at ptolemy.actor.Manager.preinitializeAndResolveTypes(Manager.java:1040)
	at ptolemy.actor.Manager.initialize(Manager.java:710)
	at ptolemy.actor.Manager.execute(Manager.java:356)
	at ptolemy.actor.Manager.run(Manager.java:1263)
	at ptolemy.actor.Manager$PtolemyRunThread.run(Manager.java:1933)
]]></system-err>
</testsuite>
