<?xml version="1.0" encoding="UTF-8" ?>
<testsuite errors="0" failures="0" hostname="travis-job-b4831250-a8f8-409e-bbec-fefa72e96687" name="ptolemy.actor.lib.test.junit.JUnitTclTest" skipped="0" tests="517" time="63.132" timestamp="2020-07-04T15:03:30">
  <properties>
    <property name="npm.executable" value="npm" />
    <property name="env.TRAVIS_ROOT" value="/" />
    <property name="ptII.mk.exists" value="true" />
    <property name="env.TRAVIS_APP_HOST" value="build.travis-ci.org" />
    <property name="env.rvm_bin_path" value="/home/travis/.rvm/bin" />
    <property name="java.home" value="/usr/local/lib/jvm/openjdk11" />
    <property name="env.TRAVIS_JOB_NUMBER" value="1681.8" />
    <property name="env.TRAVIS_HOME" value="/home/travis" />
    <property name="env.DISPLAY" value=":99.0" />
    <property name="env.TRAVIS_INIT" value="systemd" />
    <property name="env.SSH_TTY" value="/dev/pts/0" />
    <property name="java.net.preferIPv4Stack" value="true" />
    <property name="env.RUN_TESTS" value="true" />
    <property name="timeout.short" value="1000000" />
    <property name="junit.formatter" value="xml" />
    <property name="env.TRAVIS_SUDO" value="true" />
    <property name="env.TRAVIS_JOB_NAME" value="" />
    <property name="env.TRAVIS_STACK_NODE_ATTRIBUTES" value="/.node-attributes.yml" />
    <property name="env.LOGNAME" value="travis" />
    <property name="env.PT_TRAVIS_TEST_CORE1_XML" value="true" />
    <property name="jsdoc.home" value="node_modules/@terraswarm/jsdoc" />
    <property name="debuglevel" value="source,lines,vars" />
    <property name="checkstyle.formatter" value="xml" />
    <property name="env._system_version" value="16.04" />
    <property name="bin.vergil.makeable" value="true" />
    <property name="sun.os.patch.level" value="unknown" />
    <property name="java.vendor.url" value="http://java.oracle.com/" />
    <property name="env.TRAVIS_BUILD_WEB_URL" value="https://travis-ci.org/icyphy/ptII/builds/704932786" />
    <property name="java.version" value="11.0.2" />
    <property name="env.TZ" value="UTC" />
    <property name="env.TRAVIS_PULL_REQUEST_SHA" value="" />
    <property name="env.PT_NO_NET" value="true" />
    <property name="env.TRAVIS_SECURE_ENV_VARS" value="true" />
    <property name="env._system_type" value="Linux" />
    <property name="java.vendor.url.bug" value="http://bugreport.java.com/bugreport/" />
    <property name="npmjs-org-is-up" value="true" />
    <property name="env.LANGUAGE" value="en_US.UTF-8" />
    <property name="env.SSH_CLIENT" value="10.24.3.94 41040 22" />
    <property name="env.GEM_HOME" value="/home/travis/.rvm/gems/ruby-2.5.3" />
    <property name="env.HAS_ANTARES_THREE_LITTLE_FRONZIES_BADGE" value="true" />
    <property name="java.version.date" value="2019-01-15" />
    <property name="env.PS4" value="+" />
    <property name="ant.project.invoked-targets" value="build,test.core1.xml" />
    <property name="env.TRAVIS_PULL_REQUEST_BRANCH" value="" />
    <property name="env.TRAVIS_REPO_SLUG" value="icyphy/ptII" />
    <property name="env.XDG_DATA_DIRS" value="/usr/local/share:/usr/share:/var/lib/snapd/desktop" />
    <property name="jdk.debug" value="release" />
    <property name="env.TRAVIS_APT_PROXY" value="http://build-cache.travisci.net" />
    <property name="env.TRAVIS_CPU_ARCH" value="amd64" />
    <property name="node.in.path" value="true" />
    <property name="user.name" value="travis" />
    <property name="java.maxmemory" value="1400m" />
    <property name="env.RUBY_VERSION" value="ruby-2.5.3" />
    <property name="env.LANG" value="en_US.UTF-8" />
    <property name="sun.io.unicode.encoding" value="UnicodeLittle" />
    <property name="sun.jnu.encoding" value="UTF-8" />
    <property name="java.runtime.name" value="OpenJDK Runtime Environment" />
    <property name="usefile" value="false" />
    <property name="return.code" value="0" />
    <property name="junit.single.formatter" value="plain" />
    <property name="env.DYLD_LIBRARY_PATH" value="/home/travis/pthla/certi-tools/lib:" />
    <property name="env.DEBIAN_FRONTEND" value="noninteractive" />
    <property name="env.SSH_CONNECTION" value="10.24.3.94 41040 10.20.0.33 22" />
    <property name="env.MYSQL_UNIX_PORT" value="/var/run/mysqld/mysqld.sock" />
    <property name="env.LC_ALL" value="en_US.UTF-8" />
    <property name="env.TRAVIS_ALLOW_FAILURE" value="" />
    <property name="env.TRAVIS_JOB_WEB_URL" value="https://travis-ci.org/icyphy/ptII/jobs/704932804" />
    <property name="java.specification.name" value="Java Platform API Specification" />
    <property name="node.works" value="true" />
    <property name="user.timezone" value="" />
    <property name="path.separator" value=":" />
    <property name="env.TRAVIS_ENABLE_INFRA_DETECTION" value="true" />
    <property name="env.PYTHON_CFLAGS" value="-g -fstack-protector --param=ssp-buffer-size=4 -Wformat -Werror=format-security" />
    <property name="timeout.long" value="4000000" />
    <property name="env.CERTI_HOME" value="/home/travis/pthla/certi-tools" />
    <property name="ant.file.ptII" value="/home/travis/build/icyphy/ptII/build.xml" />
    <property name="javadoc.packagenames" value="com.*,diva.*,lbnl.*,org.hlacerti.*,org.json.*,org.ptolemy.*,org.terraswarm.*,ptolemy.*,ptserver.*" />
    <property name="file.encoding" value="UTF-8" />
    <property name="env.TRAVIS_PULL_REQUEST_SLUG" value="" />
    <property name="ant.project.default-target" value="build" />
    <property name="env.GIT_ASKPASS" value="echo" />
    <property name="env.HOME" value="/home/travis" />
    <property name="sun.java.command" value="org.apache.tools.ant.taskdefs.optional.junit.JUnitTestRunner ptolemy.actor.lib.test.junit.JUnitTclTest skipNonTests=false filtertrace=true haltOnError=false haltOnFailure=false formatter=org.apache.tools.ant.taskdefs.optional.junit.OutErrSummaryJUnitResultFormatter showoutput=true outputtoformatters=true logfailedtests=true threadid=0 logtestlistenerevents=false formatter=org.apache.tools.ant.taskdefs.optional.junit.XMLJUnitResultFormatter,/home/travis/build/icyphy/ptII/reports/junit/TEST-ptolemy.actor.lib.test.junit.JUnitTclTest.xml crashfile=/home/travis/build/icyphy/ptII/junitvmwatcher14827693205183821848.properties propsfile=/home/travis/build/icyphy/ptII/junit7149911096802246562.properties" />
    <property name="env.COMPOSER_NO_INTERACTION" value="1" />
    <property name="env.MANPATH" value="/home/travis/.nvm/versions/node/v7.10.1/share/man:/home/travis/.rvm/rubies/ruby-2.5.3/share/man:/usr/local/cmake-3.12.4/man:/usr/local/clang-7.0.0/share/man:/usr/local/man:/usr/local/share/man:/usr/share/man:/home/travis/.rvm/man" />
    <property name="env.TRAVIS_TIMER_ID" value="0b3dfbc0" />
    <property name="ant.file" value="/home/travis/build/icyphy/ptII/build.xml" />
    <property name="env.TRAVIS_COMMIT_RANGE" value="3e950cfe0f3c004454147d0a7dfedd7f8d8e77cc...52bfcaaec950ad6b43d11ffdb9cd3f924b0c1f76" />
    <property name="env._system_name" value="Ubuntu" />
    <property name="ptII.classpath.optional.property" value="/home/travis/build/icyphy/ptII/lib/bsh-2.0b4.jar:/home/travis/build/icyphy/ptII/lib/ptCal.jar:/home/travis/build/icyphy/ptII/lib/java_cup.jar:/home/travis/build/icyphy/ptII/lib/saxon8.jar:/home/travis/build/icyphy/ptII/lib/saxon8-dom.jar:/home/travis/build/icyphy/ptII/lib/chic.jar:/home/travis/build/icyphy/ptII/lib/ptcolt.jar:/home/travis/build/icyphy/ptII/vendors/misc/itext/iText.jar:/home/travis/build/icyphy/ptII/lib/g4ltl.jar:/home/travis/build/icyphy/ptII/lib/StructuralCoder.jar:/home/travis/build/icyphy/ptII/lib/jcerti.jar:/home/travis/build/icyphy/ptII/lib/javax.mail.jar:/home/travis/build/icyphy/ptII/vendors/JMF-2.1.1e/lib/jmf.jar:/home/travis/build/icyphy/ptII/lib/jna-4.0.0-variadic.jar:/home/travis/build/icyphy/ptII/vendors/misc/joystick/Joystick.jar:/home/travis/build/icyphy/ptII/lib/ptjacl.jar:/home/travis/build/icyphy/ptII/lib/jsoup-1.8.2.jar:/home/travis/build/icyphy/ptII/lib/junit-4.8.2.jar:/home/travis/build/icyphy/ptII/lib/JUnitParams-0.4.0.jar:/home/travis/build/icyphy/ptII/ptolemy/actor/lib/excel/jxl.jar:/home/travis/build/icyphy/ptII/lib/jython.jar:/home/travis/build/icyphy/ptII/lib/kieler.jar:/home/travis/build/icyphy/ptII/vendors/opencv/share/OpenCV/java/opencv-341.jar:/home/travis/build/icyphy/ptII/lib/oscP5.jar:/home/travis/build/icyphy/ptII/lib/nrjavaserial-3.11.0.devel.jar:/home/travis/build/icyphy/ptII/vendors/j3d/lib/Linux/j3dcore.jar:/home/travis/build/icyphy/ptII/vendors/j3d/lib/Linux/j3dutils.jar:/home/travis/build/icyphy/ptII/vendors/j3d/lib/Linux/vecmath.jar:/home/travis/build/icyphy/ptII/vendors/jogl/lib/Linux/gluegen-rt-natives-linux-amd64.jar:/home/travis/build/icyphy/ptII/vendors/jogl/lib/Linux/gluegen-rt.jar:/home/travis/build/icyphy/ptII/vendors/jogl/lib/Linux/jogl-all-natives-linux-amd64.jar:/home/travis/build/icyphy/ptII/vendors/jogl/lib/Linux/jogl-all.jar:/home/travis/build/icyphy/ptII/ptolemy/distributed/jini/jar/jini-core.jar:/home/travis/build/icyphy/ptII/ptolemy/distributed/jini/jar/jini-ext.jar:/home/travis/build/icyphy/ptII/ptolemy/distributed/jini/jar/sun-util.jar:/home/travis/build/icyphy/ptII/lib/protobuf-java-2.4.1.jar:/home/travis/build/icyphy/ptII/lib/org.eclipse.paho.client.mqttv3.jar:/home/travis/build/icyphy/ptII/lib/mapss.jar:/home/travis/build/icyphy/ptII/ptolemy/actor/ptalon/antlr/antlr.jar:/home/travis/build/icyphy/ptII/lib/JRI.jar:/home/travis/build/icyphy/ptII/lib/commons-lang-2.6.jar:/home/travis/build/icyphy/ptII/lib/commons-logging-1.1.1.jar:/home/travis/build/icyphy/ptII/lib/sootclasses.jar:/home/travis/build/icyphy/ptII/ptolemy/actor/lib/database/mysql-connector-java-5.1.6-bin.jar:/home/travis/build/icyphy/ptII/vendors/misc/sphinx4/sphinx4-data-5prealpha.jar:/home/travis/build/icyphy/ptII/vendors/misc/sphinx4/sphinx4-core-5prealpha.jar:/home/travis/build/icyphy/ptII/lib/PDFRenderer.jar:/home/travis/build/icyphy/ptII/lib/svgSalamander.jar:/home/travis/build/icyphy/ptII/lib/rsyntaxtextarea-2.6.0-SNAPSHOT.jar:/home/travis/build/icyphy/ptII/lib/hazelcast-3.8.2.jar:/home/travis/build/icyphy/ptII/lib/jackson-annotations-2.9.0.jar:/home/travis/build/icyphy/ptII/lib/jackson-core-2.9.3.jar:/home/travis/build/icyphy/ptII/lib/jackson-databind-2.9.3.jar:/home/travis/build/icyphy/ptII/lib/netty-buffer-4.1.19.Final.jar:/home/travis/build/icyphy/ptII/lib/netty-codec-4.1.19.Final.jar:/home/travis/build/icyphy/ptII/lib/netty-codec-dns-4.1.19.Final.jar:/home/travis/build/icyphy/ptII/lib/netty-codec-http-4.1.19.Final.jar:/home/travis/build/icyphy/ptII/lib/netty-codec-http2-4.1.19.Final.jar:/home/travis/build/icyphy/ptII/lib/netty-common-4.1.19.Final.jar:/home/travis/build/icyphy/ptII/lib/netty-handler-4.1.19.Final.jar:/home/travis/build/icyphy/ptII/lib/netty-resolver-4.1.19.Final.jar:/home/travis/build/icyphy/ptII/lib/netty-resolver-dns-4.1.19.Final.jar:/home/travis/build/icyphy/ptII/lib/netty-transport-4.1.19.Final.jar:/home/travis/build/icyphy/ptII/lib/vertx-codegen-3.5.1.jar:/home/travis/build/icyphy/ptII/lib/vertx-core-3.5.2-SNAPSHOT.jar:/home/travis/build/icyphy/ptII/lib/vertx-hazelcast-3.5.1.jar:/home/travis/build/icyphy/ptII/lib/vertx-lang-js-3.5.1.jar:/home/travis/build/icyphy/ptII/lib/vertx-service-proxy-3.5.1.jar:/home/travis/build/icyphy/ptII/lib/vertx-web-3.5.1.jar:/home/travis/build/icyphy/ptII/lib/slf4j-api-1.7.13.jar:/home/travis/build/icyphy/ptII/lib/slf4j-simple-1.7.13.jar:/home/travis/build/icyphy/ptII/lib/webcam-capture-0.3.12.jar:/home/travis/build/icyphy/ptII/lib/bridj-0.7.0.jar:/home/travis/build/icyphy/ptII/lib/xbjlib-1.1.0.nrjavaserial.jar" />
    <property name="timeout" value="2400000" />
    <property name="test.batch" value="**/junit/*.java" />
    <property name="env._" value="/usr/bin/timeout" />
    <property name="java.io.tmpdir" value="/tmp" />
    <property name="user.language" value="en" />
    <property name="env.TRAVIS_INTERNAL_RUBY_REGEX" value="^ruby-(2\.[0-4]\.[0-9]|1\.9\.3)" />
    <property name="env.HISTCONTROL" value="ignoredups:ignorespace" />
    <property name="env.GOROOT" value="/home/travis/.gimme/versions/go1.11.1.linux.amd64" />
    <property name="line.separator" value="&#xa;" />
    <property name="target" value="11" />
    <property name="env.TRAVIS_BUILD_DIR" value="/home/travis/build/icyphy/ptII" />
    <property name="env.ANT_OPTS" value="-Xmx2048m" />
    <property name="ant.file.type" value="file" />
    <property name="ptolemy.ptII.batchMode" value="true" />
    <property name="env.HISTSIZE" value="1000" />
    <property name="env.MERB_ENV" value="test" />
    <property name="java.vm.info" value="mixed mode" />
    <property name="source" value="11" />
    <property name="java.vm.specification.name" value="Java Virtual Machine Specification" />
    <property name="env.TRAVIS_TEST_RESULT" value="0" />
    <property name="jsdoc.command" value="node_modules/@terraswarm/jsdoc/jsdoc.js" />
    <property name="npm.works" value="true" />
    <property name="cobertura.dir" value="/home/travis/build/icyphy/ptII/vendors/cobertura-2.0.3" />
    <property name="jsdoc.command.exists" value="true" />
    <property name="env.rvm_path" value="/home/travis/.rvm" />
    <property name="env.GEM_PATH" value="/home/travis/.rvm/gems/ruby-2.5.3:/home/travis/.rvm/gems/ruby-2.5.3@global" />
    <property name="env.LC_CTYPE" value="en_US.UTF-8" />
    <property name="env.TRAVIS_CMD" value="$PTII/bin/ptIITravisBuild.sh $SECONDS" />
    <property name="java.awt.printerjob" value="sun.print.PSPrinterJob" />
    <property name="env.TRAVIS_STACK_NAME" value="sardonyx" />
    <property name="env.TRAVIS_TIMER_START_TIME" value="1593874372350731541" />
    <property name="ant.version" value="Apache Ant(TM) version 1.10.1 compiled on February 2 2017" />
    <property name="ptII.reports" value="/home/travis/build/icyphy/ptII/reports" />
    <property name="env.TRAVIS_STACK_TIMESTAMP" value="2019-03-25 16:16:56 UTC" />
    <property name="ant.file.type.ptII" value="file" />
    <property name="env.RBENV_SHELL" value="bash" />
    <property name="os.name" value="Linux" />
    <property name="java.specification.vendor" value="Oracle Corporation" />
    <property name="env.rvm_version" value="1.29.7 (latest)" />
    <property name="env.TRAVIS_INFRA" value="unknown" />
    <property name="env.TERM" value="xterm" />
    <property name="java.vm.name" value="OpenJDK 64-Bit Server VM" />
    <property name="env.TRAVIS_BUILD_NUMBER" value="1681" />
    <property name="env.CI" value="true" />
    <property name="java.library.path" value="/home/travis/pthla/certi-tools/lib:/usr/lib/jni:/usr/local/share/OpenCV/java/:/usr/share/OpenCV/java::/usr/java/packages/lib:/usr/lib64:/lib64:/lib:/usr/lib" />
    <property name="jdk.module.path" value="/home/travis/build/icyphy/ptII/vendors/javafx/javafx-sdk-11.0.2/lib:" />
    <property name="env.rvm_prefix" value="/home/travis" />
    <property name="env.PATH" value="/home/travis/pthla/certi-tools/share/scripts:/home/travis/.rvm/gems/ruby-2.5.3/bin:/home/travis/.rvm/gems/ruby-2.5.3@global/bin:/home/travis/.rvm/rubies/ruby-2.5.3/bin:/home/travis/.rvm/bin:/home/travis/.nvm/versions/node/v7.10.1/bin:./node_modules/.bin:/home/travis/build/icyphy/ptII/bin:/home/travis/pthla/certi-tools/bin:/home/travis/bin:/home/travis/.local/bin:/usr/local/lib/jvm/openjdk11/bin:/opt/pyenv/shims:/home/travis/.phpenv/shims:/home/travis/perl5/perlbrew/bin:/home/travis/gopath/bin:/home/travis/.gimme/versions/go1.11.1.linux.amd64/bin:/usr/local/maven-3.6.0/bin:/usr/local/cmake-3.12.4/bin:/usr/local/clang-7.0.0/bin:/usr/local/sbin:/usr/local/bin:/usr/sbin:/usr/bin:/sbin:/bin:/snap/bin:/home/travis/.phpenv/bin:/opt/pyenv/bin:/home/travis/.yarn/bin" />
    <property name="env.TRAVIS_OS_NAME" value="linux" />
    <property name="ant.java.version" value="9" />
    <property name="basedir" value="/home/travis/build/icyphy/ptII" />
    <property name="java.class.version" value="55.0" />
    <property name="env.SHLVL" value="3" />
    <property name="env.LD_LIBRARY_PATH" value="/home/travis/pthla/certi-tools/lib:/usr/lib/jni:/usr/local/share/OpenCV/java/:/usr/share/OpenCV/java:" />
    <property name="env.RACK_ENV" value="test" />
    <property name="ant.home" value="/home/travis/build/icyphy/ptII/ant" />
    <property name="env.NVM_DIR" value="/home/travis/.nvm" />
    <property name="env.CERTI_FOM_PATH" value="/home/travis/pthla/certi-tools/share/federations" />
    <property name="env.TRAVIS_BUILD_ID" value="704932786" />
    <property name="env.PYENV_ROOT" value="/opt/pyenv" />
    <property name="env.TRAVIS_UID" value="2000" />
    <property name="prism.verbose" value="true" />
    <property name="env.NVM_BIN" value="/home/travis/.nvm/versions/node/v7.10.1/bin" />
    <property name="env.TRAVIS_COMMIT" value="52bfcaaec950ad6b43d11ffdb9cd3f924b0c1f76" />
    <property name="env._system_arch" value="x86_64" />
    <property name="node.executable" value="node" />
    <property name="sun.boot.library.path" value="/usr/local/lib/jvm/openjdk11/lib" />
    <property name="sun.management.compiler" value="HotSpot 64-Bit Tiered Compilers" />
    <property name="java.awt.graphicsenv" value="sun.awt.X11GraphicsEnvironment" />
    <property name="env.GOPATH" value="/home/travis/gopath" />
    <property name="ptolemy.ptII.dir" value="/home/travis/build/icyphy/ptII" />
    <property name="env.USER" value="travis" />
    <property name="env.HISTFILESIZE" value="2000" />
    <property name="env.NVM_INC" value="/home/travis/.nvm/versions/node/v7.10.1/include/node" />
    <property name="timeout.longest" value="19000000" />
    <property name="env.PERLBREW_SHELLRC_VERSION" value="0.86" />
    <property name="env.TRAVIS_STACK_FEATURES" value="basic couchdb disabled-ipv6 docker docker-compose elasticsearch firefox go-toolchain google-chrome jdk memcached mongodb mysql nodejs_interpreter perl_interpreter perlbrew phantomjs postgresql python_interpreter redis ruby_interpreter sqlite xserver" />
    <property name="env.TRAVIS_PULL_REQUEST" value="false" />
    <property name="env.PYENV_SHELL" value="bash" />
    <property name="ant.project.name" value="ptII" />
    <property name="env.ANSI_RESET" value="\033[0m" />
    <property name="java.vm.specification.version" value="11" />
    <property name="env.TRAVIS_DIST" value="xenial" />
    <property name="env.CERTI_VERSION" value="4.0.0" />
    <property name="env.CERTI_HOST" value="localhost" />
    <property name="awt.toolkit" value="sun.awt.X11.XToolkit" />
    <property name="env.MY_RUBY_HOME" value="/home/travis/.rvm/rubies/ruby-2.5.3" />
    <property name="sun.cpu.isalist" value="" />
    <property name="env.TRAVIS_TMPDIR" value="/tmp/tmp.IkpGLYotJf" />
    <property name="java.vm.compressedOopsMode" value="Zero based" />
    <property name="os.version" value="4.15.0-1028-gcp" />
    <property name="user.home" value="/home/travis" />
    <property name="java.vm.vendor" value="Oracle Corporation" />
    <property name="env.TRAVIS_TAG" value="nightly" />
    <property name="env.ANSI_YELLOW" value="\033[33;1m" />
    <property name="env.TRAVIS_FILTERED" value="redirect_io" />
    <property name="env.ANSI_GREEN" value="\033[32;1m" />
    <property name="env.JAVA_HOME" value="/usr/local/lib/jvm/openjdk11" />
    <property name="javadoc.excludepackagenames" value="adm.cvs2svn.*,build.*,config.*,doc.coding.templates.*,jni.test.jni.meaningOfLife.*,jni.test.jni.testDeux.*,jni.test.jni.testTrois.*,org.terraswarm.accessor.accessors.web.node_modules.*,org.terraswarm.accessor.accessors.web.hosts.cordova.demo.*,org.terraswarm.accessor.accessors.web.hosts.cordova.plugins.*,org.terraswarm.accessor.accessors-svn.*,pt-modules.*,ptolemy.apps.agilent.*,ptolemy.apps.anytimecontrol.*,ptolemy.apps.apes.*,ptolemy.apps.charon.*,ptolemy.apps.crazyboard.*,ptolemy.apps.eclipse.*,ptolemy.apps.etherealSting.*,ptolemy.apps.fullscreen.*,ptolemy.apps.giotto.*,ptolemy.apps.ia.*,ptolemy.apps.interfaces.*,ptolemy.apps.jmf.*,ptolemy.apps.kurt.*,ptolemy.apps.kvm.*,ptolemy.apps.lego.*,ptolemy.apps.lejos.*,ptolemy.apps.midp.*,ptolemy.apps.mobileCoding.*,ptolemy.apps.pendulum.*,ptolemy.apps.rijndael.*,ptolemy.apps.robot.*,ptolemy.apps.security.*,ptolemy.apps.sobel.*,ptolemy.apps.soot.*,ptolemy.apps.throttle.*,ptolemy.apps.tini.*,ptolemy.apps.transmission.*,ptolemy.apps.vergil.*,ptolemy.apps.waba.*,ptolemy.apps.websensor.*,ptolemy.apps.webstart.*,ptolemy.apps.xsl.*,ptolemy.apps.zaurus.*,ptolemy.codegen.c.actor.lib.oldJavaFiles.*,ptolemy.codegen.dsp.lib.*,ptolemy.codegen.kernel.newInterfaces.*,ptolemy.codegen.lib.*,ptolemy.copernicus.kernel.fragment.*,ptolemy.copernicus.shallow.cg.*,ptolemy.domains.giotto.demo.Hierarchy.Hierarchy.*,ptolemy.domains.giotto.demo.Multimode.Multimode.*,ptolemy.domains.giotto.demo.Simple.Simple.*,ptolemy.domains.gr.lib.experimental.*,ptolemy.domains.gro.*,ptolemy.domains.pdf.*,ptolemy.domains.ptinyos.demo.Surge.output.*,ptolemy.moml.test.NoPackageActor.java*,ptolemy.plot.adm.*,ptolemy.plot.servlet.*,reports.*,signed.*,src.*,target.*,vendors.*,ptolemy.copernicus.applet.*,ptolemy.media.viewer.*,ptolemy.actor.corba.*,doc.doclets.*,ptolemy.apps.eclipse.awt.*,ptolemy.backtrack.*,ptolemy.backtrack.ast.*,ptolemy.cg.adapter.generic.program.procedural.c.mbed*,ptolemy.homer.*,ptolemy.actor.lib.jai.*,org.ptolemy.scala.*,diva.util.java2d.svg.*,ptolemy.domains.ptinyos.*,ptolemy.actor.lib.fmi.fmipp.*,,org.terraswarm.accessor.accessors.web.node_modules.*,org.terraswarm.accessor.accessors-svn,ptolemy.apps.*,ptolemy.actor.ptalon.demo.ptinyos.SendAndReceiveCnt.output,ptolemy.actor.ptalon.demo.ptinyos.SenseToLeds.output,ptolemy.domains.ptinyos.demo.CntToLedsAndRfm.output,ptolemy.domains.ptinyos.demo.RfmToLeds.output,ptolemy.domains.ptinyos.demo.SendAndReceiveCnt.output,ptolemy.domains.ptinyos.demo.SenseToLeds.output,ptolemy.actor.lib.jjs.modules.udpSocket.*" />
    <property name="env.PTII" value="/home/travis/build/icyphy/ptII" />
    <property name="env.XDG_SESSION_ID" value="2" />
    <property name="keystore" value="ptKeystore" />
    <property name="env.TRAVIS_COMMIT_MESSAGE" value="Updating models using array data type." />
    <property name="junit.output.dir" value="/home/travis/build/icyphy/ptII/reports/junit" />
    <property name="npm.return.code" value="0" />
    <property name="user.dir" value="/home/travis/build/icyphy/ptII/ptolemy/actor/lib/test" />
    <property name="env.TRAVIS_NODE_VERSION" value="7" />
    <property name="env.TRAVIS_EVENT_TYPE" value="cron" />
    <property name="env.MAIL" value="/var/mail/travis" />
    <property name="env.PERLBREW_ROOT" value="/home/travis/perl5/perlbrew" />
    <property name="env.PWD" value="/home/travis/build/icyphy/ptII" />
    <property name="timeout.npm" value="45000" />
    <property name="env.TRAVIS_ARCH" value="amd64" />
    <property name="sun.cpu.endian" value="little" />
    <property name="env.PAGER" value="cat" />
    <property name="env.TRAVIS_BUILD_STAGE_NAME" value="test" />
    <property name="env.PERLBREW_HOME" value="/home/travis/.perlbrew" />
    <property name="java.vm.version" value="11.0.2+9" />
    <property name="env.RAILS_ENV" value="test" />
    <property name="java.class.path" value="/home/travis/.ptolemyII:/home/travis/.ptolemyII/*:/home/travis/build/icyphy/ptII:/home/travis/build/icyphy/ptII/lib/bsh-2.0b4.jar:/home/travis/build/icyphy/ptII/lib/ptCal.jar:/home/travis/build/icyphy/ptII/lib/java_cup.jar:/home/travis/build/icyphy/ptII/lib/saxon8.jar:/home/travis/build/icyphy/ptII/lib/saxon8-dom.jar:/home/travis/build/icyphy/ptII/lib/chic.jar:/home/travis/build/icyphy/ptII/lib/ptcolt.jar:/home/travis/build/icyphy/ptII/vendors/misc/itext/iText.jar:/home/travis/build/icyphy/ptII/lib/g4ltl.jar:/home/travis/build/icyphy/ptII/lib/StructuralCoder.jar:/home/travis/build/icyphy/ptII/lib/jcerti.jar:/home/travis/build/icyphy/ptII/lib/javax.mail.jar:/home/travis/build/icyphy/ptII/vendors/JMF-2.1.1e/lib/jmf.jar:/home/travis/build/icyphy/ptII/lib/jna-4.0.0-variadic.jar:/home/travis/build/icyphy/ptII/vendors/misc/joystick/Joystick.jar:/home/travis/build/icyphy/ptII/lib/ptjacl.jar:/home/travis/build/icyphy/ptII/lib/jsoup-1.8.2.jar:/home/travis/build/icyphy/ptII/lib/junit-4.8.2.jar:/home/travis/build/icyphy/ptII/lib/JUnitParams-0.4.0.jar:/home/travis/build/icyphy/ptII/ptolemy/actor/lib/excel/jxl.jar:/home/travis/build/icyphy/ptII/lib/jython.jar:/home/travis/build/icyphy/ptII/lib/kieler.jar:/home/travis/build/icyphy/ptII/vendors/opencv/share/OpenCV/java/opencv-341.jar:/home/travis/build/icyphy/ptII/lib/oscP5.jar:/home/travis/build/icyphy/ptII/lib/nrjavaserial-3.11.0.devel.jar:/home/travis/build/icyphy/ptII/vendors/j3d/lib/Linux/j3dcore.jar:/home/travis/build/icyphy/ptII/vendors/j3d/lib/Linux/j3dutils.jar:/home/travis/build/icyphy/ptII/vendors/j3d/lib/Linux/vecmath.jar:/home/travis/build/icyphy/ptII/vendors/jogl/lib/Linux/gluegen-rt-natives-linux-amd64.jar:/home/travis/build/icyphy/ptII/vendors/jogl/lib/Linux/gluegen-rt.jar:/home/travis/build/icyphy/ptII/vendors/jogl/lib/Linux/jogl-all-natives-linux-amd64.jar:/home/travis/build/icyphy/ptII/vendors/jogl/lib/Linux/jogl-all.jar:/home/travis/build/icyphy/ptII/ptolemy/distributed/jini/jar/jini-core.jar:/home/travis/build/icyphy/ptII/ptolemy/distributed/jini/jar/jini-ext.jar:/home/travis/build/icyphy/ptII/ptolemy/distributed/jini/jar/sun-util.jar:/home/travis/build/icyphy/ptII/lib/protobuf-java-2.4.1.jar:/home/travis/build/icyphy/ptII/lib/org.eclipse.paho.client.mqttv3.jar:/home/travis/build/icyphy/ptII/lib/mapss.jar:/home/travis/build/icyphy/ptII/ptolemy/actor/ptalon/antlr/antlr.jar:/home/travis/build/icyphy/ptII/lib/JRI.jar:/home/travis/build/icyphy/ptII/lib/commons-lang-2.6.jar:/home/travis/build/icyphy/ptII/lib/commons-logging-1.1.1.jar:/home/travis/build/icyphy/ptII/lib/sootclasses.jar:/home/travis/build/icyphy/ptII/ptolemy/actor/lib/database/mysql-connector-java-5.1.6-bin.jar:/home/travis/build/icyphy/ptII/vendors/misc/sphinx4/sphinx4-data-5prealpha.jar:/home/travis/build/icyphy/ptII/vendors/misc/sphinx4/sphinx4-core-5prealpha.jar:/home/travis/build/icyphy/ptII/lib/PDFRenderer.jar:/home/travis/build/icyphy/ptII/lib/svgSalamander.jar:/home/travis/build/icyphy/ptII/lib/rsyntaxtextarea-2.6.0-SNAPSHOT.jar:/home/travis/build/icyphy/ptII/lib/hazelcast-3.8.2.jar:/home/travis/build/icyphy/ptII/lib/jackson-annotations-2.9.0.jar:/home/travis/build/icyphy/ptII/lib/jackson-core-2.9.3.jar:/home/travis/build/icyphy/ptII/lib/jackson-databind-2.9.3.jar:/home/travis/build/icyphy/ptII/lib/netty-buffer-4.1.19.Final.jar:/home/travis/build/icyphy/ptII/lib/netty-codec-4.1.19.Final.jar:/home/travis/build/icyphy/ptII/lib/netty-codec-dns-4.1.19.Final.jar:/home/travis/build/icyphy/ptII/lib/netty-codec-http-4.1.19.Final.jar:/home/travis/build/icyphy/ptII/lib/netty-codec-http2-4.1.19.Final.jar:/home/travis/build/icyphy/ptII/lib/netty-common-4.1.19.Final.jar:/home/travis/build/icyphy/ptII/lib/netty-handler-4.1.19.Final.jar:/home/travis/build/icyphy/ptII/lib/netty-resolver-4.1.19.Final.jar:/home/travis/build/icyphy/ptII/lib/netty-resolver-dns-4.1.19.Final.jar:/home/travis/build/icyphy/ptII/lib/netty-transport-4.1.19.Final.jar:/home/travis/build/icyphy/ptII/lib/vertx-codegen-3.5.1.jar:/home/travis/build/icyphy/ptII/lib/vertx-core-3.5.2-SNAPSHOT.jar:/home/travis/build/icyphy/ptII/lib/vertx-hazelcast-3.5.1.jar:/home/travis/build/icyphy/ptII/lib/vertx-lang-js-3.5.1.jar:/home/travis/build/icyphy/ptII/lib/vertx-service-proxy-3.5.1.jar:/home/travis/build/icyphy/ptII/lib/vertx-web-3.5.1.jar:/home/travis/build/icyphy/ptII/lib/slf4j-api-1.7.13.jar:/home/travis/build/icyphy/ptII/lib/slf4j-simple-1.7.13.jar:/home/travis/build/icyphy/ptII/lib/webcam-capture-0.3.12.jar:/home/travis/build/icyphy/ptII/lib/bridj-0.7.0.jar:/home/travis/build/icyphy/ptII/lib/xbjlib-1.1.0.nrjavaserial.jar:/home/travis/build/icyphy/ptII/ptolemy/moml/test:/home/travis/build/icyphy/ptII/ant/lib/ant-launcher.jar:/home/travis/build/icyphy/ptII/ant/lib/ant.jar:/home/travis/build/icyphy/ptII/ant/lib/ant-junit.jar:/home/travis/build/icyphy/ptII/ant/lib/ant-junit4.jar" />
    <property name="ant.library.dir" value="/home/travis/build/icyphy/ptII/ant/lib" />
    <property name="os.arch" value="amd64" />
    <property name="env.CONTINUOUS_INTEGRATION" value="true" />
    <property name="env.TRAVIS_LANGUAGE" value="node_js" />
    <property name="env.TRAVIS_STACK_LANGUAGES" value="__sardonyx__ c c++ clojure cplusplus cpp default generic go groovy java node_js php pure_java python ruby scala" />
    <property name="test.name" value="ptolemy.actor.lib.test.junit.JUnitTclTest" />
    <property name="env.APT_KEY_DONT_WARN_ON_DANGEROUS_USAGE" value="1" />
    <property name="sun.java.launcher" value="SUN_STANDARD" />
    <property name="env.PYTHON_CONFIGURE_OPTS" value="--enable-unicode=ucs4 --with-wide-unicode --enable-shared --enable-ipv6 --enable-loadable-sqlite-extensions --with-computed-gotos" />
    <property name="ant.core.lib" value="/home/travis/build/icyphy/ptII/ant/lib/ant.jar" />
    <property name="java.vm.specification.vendor" value="Oracle Corporation" />
    <property name="env.BCVTB_HOME" value="/home/travis/build/icyphy/ptII/lbnl" />
    <property name="file.separator" value="/" />
    <property name="spotbugs.home" value="/home/travis/build/icyphy/ptII/vendors/spotbugs-3.1.1" />
    <property name="java.runtime.version" value="11.0.2+9" />
    <property name="env.ANSI_CLEAR" value="\033[0K" />
    <property name="javafx.verbose" value="true" />
    <property name="env.HAS_JOSH_K_SEAL_OF_APPROVAL" value="true" />
    <property name="env.XDG_RUNTIME_DIR" value="/run/user/2000" />
    <property name="env.TRAVIS_OSX_IMAGE" value="" />
    <property name="env.TRAVIS_JOB_ID" value="704932804" />
    <property name="env.TRAVIS_BRANCH" value="master" />
    <property name="user.country" value="US" />
    <property name="env.CERTI_HOME_TRAVIS" value="/home/travis/pthla/certi-tools" />
    <property name="env.SHELL" value="/bin/bash" />
    <property name="java.maxmemory.large" value="3200m" />
    <property name="model" value="" />
    <property name="env.CASHER_DIR" value="/home/travis/.casher" />
    <property name="env.NVM_CD_FLAGS" value="" />
    <property name="java.vendor.version" value="18.9" />
    <property name="jshint.executable" value="/home/travis/node_modules/jshint/bin/jshint" />
    <property name="env.JRUBY_OPTS" value=" --client -J-XX:+TieredCompilation -J-XX:TieredStopAtLevel=1 -J-Xss2m -Xcompile.invokedynamic=false" />
    <property name="java.vendor" value="Oracle Corporation" />
    <property name="env.TRAVIS_PRE_CHEF_BOOTSTRAP_TIME" value="2019-03-25T16:16:42" />
    <property name="env.TRAVIS_STACK_JOB_BOARD_REGISTER" value="/.job-board-register.yml" />
    <property name="env.ANSI_RED" value="\033[31;1m" />
    <property name="java.specification.version" value="11" />
    <property name="env.IRBRC" value="/home/travis/.rvm/rubies/ruby-2.5.3/.irbrc" />
    <property name="env.TRAVIS" value="true" />
    <property name="sun.arch.data.model" value="64" />
  </properties>
  <testcase classname="ptolemy.util.test.junit.TclTests" name="[0] /home/travis/build/icyphy/ptII/ptolemy/actor/lib/test/AbsoluteValue.tcl (RunTclFile)" time="0.589" />
  <testcase classname="ptolemy.util.test.junit.TclTests" name="[1] /home/travis/build/icyphy/ptII/ptolemy/actor/lib/test/AddSubtract.tcl (RunTclFile)" time="0.2" />
  <testcase classname="ptolemy.util.test.junit.TclTests" name="[2] /home/travis/build/icyphy/ptII/ptolemy/actor/lib/test/Average.tcl (RunTclFile)" time="0.064" />
  <testcase classname="ptolemy.util.test.junit.TclTests" name="[3] /home/travis/build/icyphy/ptII/ptolemy/actor/lib/test/Bernoulli.tcl (RunTclFile)" time="0.02" />
  <testcase classname="ptolemy.util.test.junit.TclTests" name="[4] /home/travis/build/icyphy/ptII/ptolemy/actor/lib/test/Clock.tcl (RunTclFile)" time="0.061" />
  <testcase classname="ptolemy.util.test.junit.TclTests" name="[5] /home/travis/build/icyphy/ptII/ptolemy/actor/lib/test/Commutator.tcl (RunTclFile)" time="0.165" />
  <testcase classname="ptolemy.util.test.junit.TclTests" name="[6] /home/travis/build/icyphy/ptII/ptolemy/actor/lib/test/Const.tcl (RunTclFile)" time="0.087" />
  <testcase classname="ptolemy.util.test.junit.TclTests" name="[7] /home/travis/build/icyphy/ptII/ptolemy/actor/lib/test/CurrentTime.tcl (RunTclFile)" time="0.041" />
  <testcase classname="ptolemy.util.test.junit.TclTests" name="[8] /home/travis/build/icyphy/ptII/ptolemy/actor/lib/test/DB.tcl (RunTclFile)" time="0.024" />
  <testcase classname="ptolemy.util.test.junit.TclTests" name="[9] /home/travis/build/icyphy/ptII/ptolemy/actor/lib/test/DiscreteRandomSource.tcl (RunTclFile)" time="0.026" />
  <testcase classname="ptolemy.util.test.junit.TclTests" name="[10] /home/travis/build/icyphy/ptII/ptolemy/actor/lib/test/Distributor.tcl (RunTclFile)" time="0.099" />
  <testcase classname="ptolemy.util.test.junit.TclTests" name="[11] /home/travis/build/icyphy/ptII/ptolemy/actor/lib/test/Exit.tcl (RunTclFile)" time="0.076" />
  <testcase classname="ptolemy.util.test.junit.TclTests" name="[12] /home/travis/build/icyphy/ptII/ptolemy/actor/lib/test/Expression.tcl (RunTclFile)" time="0.116" />
  <testcase classname="ptolemy.util.test.junit.TclTests" name="[13] /home/travis/build/icyphy/ptII/ptolemy/actor/lib/test/Gaussian.tcl (RunTclFile)" time="0.825" />
  <testcase classname="ptolemy.util.test.junit.TclTests" name="[14] /home/travis/build/icyphy/ptII/ptolemy/actor/lib/test/IIR.tcl (RunTclFile)" time="0.043" />
  <testcase classname="ptolemy.util.test.junit.TclTests" name="[15] /home/travis/build/icyphy/ptII/ptolemy/actor/lib/test/Interpolator.tcl (RunTclFile)" time="0.112" />
  <testcase classname="ptolemy.util.test.junit.TclTests" name="[16] /home/travis/build/icyphy/ptII/ptolemy/actor/lib/test/MathFunction.tcl (RunTclFile)" time="0.045" />
  <testcase classname="ptolemy.util.test.junit.TclTests" name="[17] /home/travis/build/icyphy/ptII/ptolemy/actor/lib/test/Maximum.tcl (RunTclFile)" time="0.032" />
  <testcase classname="ptolemy.util.test.junit.TclTests" name="[18] /home/travis/build/icyphy/ptII/ptolemy/actor/lib/test/Minimum.tcl (RunTclFile)" time="0.02" />
  <testcase classname="ptolemy.util.test.junit.TclTests" name="[19] /home/travis/build/icyphy/ptII/ptolemy/actor/lib/test/MultiplyDivide.tcl (RunTclFile)" time="0.023" />
  <testcase classname="ptolemy.util.test.junit.TclTests" name="[20] /home/travis/build/icyphy/ptII/ptolemy/actor/lib/test/OrderedMerge.tcl (RunTclFile)" time="0.11" />
  <testcase classname="ptolemy.util.test.junit.TclTests" name="[21] /home/travis/build/icyphy/ptII/ptolemy/actor/lib/test/Publisher.tcl (RunTclFile)" time="0.999" />
  <testcase classname="ptolemy.util.test.junit.TclTests" name="[22] /home/travis/build/icyphy/ptII/ptolemy/actor/lib/test/Pulse.tcl (RunTclFile)" time="0.096" />
  <testcase classname="ptolemy.util.test.junit.TclTests" name="[23] /home/travis/build/icyphy/ptII/ptolemy/actor/lib/test/Ramp.tcl (RunTclFile)" time="2.003" />
  <testcase classname="ptolemy.util.test.junit.TclTests" name="[24] /home/travis/build/icyphy/ptII/ptolemy/actor/lib/test/RampContinuous.tcl (RunTclFile)" time="0.017" />
  <testcase classname="ptolemy.util.test.junit.TclTests" name="[25] /home/travis/build/icyphy/ptII/ptolemy/actor/lib/test/RecordAssembler.tcl (RunTclFile)" time="0.016" />
  <testcase classname="ptolemy.util.test.junit.TclTests" name="[26] /home/travis/build/icyphy/ptII/ptolemy/actor/lib/test/RecordDisassembler.tcl (RunTclFile)" time="0.02" />
  <testcase classname="ptolemy.util.test.junit.TclTests" name="[27] /home/travis/build/icyphy/ptII/ptolemy/actor/lib/test/Scale.tcl (RunTclFile)" time="0.018" />
  <testcase classname="ptolemy.util.test.junit.TclTests" name="[28] /home/travis/build/icyphy/ptII/ptolemy/actor/lib/test/SequentialClock.tcl (RunTclFile)" time="0.018" />
  <testcase classname="ptolemy.util.test.junit.TclTests" name="[29] /home/travis/build/icyphy/ptII/ptolemy/actor/lib/test/SetVariable.tcl (RunTclFile)" time="0.011" />
  <testcase classname="ptolemy.util.test.junit.TclTests" name="[30] /home/travis/build/icyphy/ptII/ptolemy/actor/lib/test/Sinewave.tcl (RunTclFile)" time="0.056" />
  <testcase classname="ptolemy.util.test.junit.TclTests" name="[31] /home/travis/build/icyphy/ptII/ptolemy/actor/lib/test/SubscriptionAggregator.tcl (RunTclFile)" time="2.076" />
  <testcase classname="ptolemy.util.test.junit.TclTests" name="[32] /home/travis/build/icyphy/ptII/ptolemy/actor/lib/test/Test.tcl (RunTclFile)" time="0.101" />
  <testcase classname="ptolemy.util.test.junit.TclTests" name="[33] /home/travis/build/icyphy/ptII/ptolemy/actor/lib/test/TestExceptionHandler.tcl (RunTclFile)" time="0.015" />
  <testcase classname="ptolemy.util.test.junit.TclTests" name="[34] /home/travis/build/icyphy/ptII/ptolemy/actor/lib/test/UnionDisassembler.tcl (RunTclFile)" time="0.077" />
  <testcase classname="ptolemy.util.test.junit.TclTests" name="[35] /home/travis/build/icyphy/ptII/ptolemy/actor/lib/test/VariableClock.tcl (RunTclFile)" time="0.031" />
  <testcase classname="ptolemy.util.test.junit.AutoKnownFailedTests" name="[0] /home/travis/build/icyphy/ptII/ptolemy/actor/lib/test/auto/knownFailedTests/PublisherPortToplevelSubscriber.xml (RunModel)" time="0.034" />
  <testcase classname="ptolemy.util.test.junit.AutoKnownFailedTests" name="[1] /home/travis/build/icyphy/ptII/ptolemy/actor/lib/test/auto/knownFailedTests/PublisherSubscriberPortToplevel.xml (RunModel)" time="0.019" />
  <testcase classname="ptolemy.util.test.junit.AutoKnownFailedTests" name="[2] /home/travis/build/icyphy/ptII/ptolemy/actor/lib/test/auto/knownFailedTests/PublisherSubscriptionAggregatorPort.xml (RunModel)" time="0.019" />
  <testcase classname="ptolemy.util.test.junit.AutoKnownFailedTests" name="[3] /home/travis/build/icyphy/ptII/ptolemy/actor/lib/test/auto/knownFailedTests/sizedarray3.xml (RunModel)" time="0.027" />
  <testcase classname="ptolemy.util.test.junit.AutoNameArchTests" name="[0] ThereAreNoAutoArchTests (RunModel)" time="0.003" />
  <testcase classname="ptolemy.util.test.junit.AutoTests" name="[0] /home/travis/build/icyphy/ptII/ptolemy/actor/lib/test/auto/AbsoluteValue.xml (RunModel)" time="0.084" />
  <testcase classname="ptolemy.util.test.junit.AutoTests" name="[1] /home/travis/build/icyphy/ptII/ptolemy/actor/lib/test/auto/AbsoluteValue2.xml (RunModel)" time="0.078" />
  <testcase classname="ptolemy.util.test.junit.AutoTests" name="[2] /home/travis/build/icyphy/ptII/ptolemy/actor/lib/test/auto/Accumulator.xml (RunModel)" time="0.029" />
  <testcase classname="ptolemy.util.test.junit.AutoTests" name="[3] /home/travis/build/icyphy/ptII/ptolemy/actor/lib/test/auto/Accumulator2.xml (RunModel)" time="0.061" />
  <testcase classname="ptolemy.util.test.junit.AutoTests" name="[4] /home/travis/build/icyphy/ptII/ptolemy/actor/lib/test/auto/Accumulator3.xml (RunModel)" time="0.045" />
  <testcase classname="ptolemy.util.test.junit.AutoTests" name="[5] /home/travis/build/icyphy/ptII/ptolemy/actor/lib/test/auto/ArrayAppend.xml (RunModel)" time="0.027" />
  <testcase classname="ptolemy.util.test.junit.AutoTests" name="[6] /home/travis/build/icyphy/ptII/ptolemy/actor/lib/test/auto/ArrayAppend2.xml (RunModel)" time="0.365" />
  <testcase classname="ptolemy.util.test.junit.AutoTests" name="[7] /home/travis/build/icyphy/ptII/ptolemy/actor/lib/test/auto/ArrayAppend3.xml (RunModel)" time="0.034" />
  <testcase classname="ptolemy.util.test.junit.AutoTests" name="[8] /home/travis/build/icyphy/ptII/ptolemy/actor/lib/test/auto/ArrayAppend4.xml (RunModel)" time="0.026" />
  <testcase classname="ptolemy.util.test.junit.AutoTests" name="[9] /home/travis/build/icyphy/ptII/ptolemy/actor/lib/test/auto/ArrayAppend5.xml (RunModel)" time="0.021" />
  <testcase classname="ptolemy.util.test.junit.AutoTests" name="[10] /home/travis/build/icyphy/ptII/ptolemy/actor/lib/test/auto/ArrayAppend6.xml (RunModel)" time="0.021" />
  <testcase classname="ptolemy.util.test.junit.AutoTests" name="[11] /home/travis/build/icyphy/ptII/ptolemy/actor/lib/test/auto/ArrayAppendPerformanceTest.xml (RunModel)" time="0.087" />
  <testcase classname="ptolemy.util.test.junit.AutoTests" name="[12] /home/travis/build/icyphy/ptII/ptolemy/actor/lib/test/auto/ArrayAppendWithEmptyInput.xml (RunModel)" time="0.031" />
  <testcase classname="ptolemy.util.test.junit.AutoTests" name="[13] /home/travis/build/icyphy/ptII/ptolemy/actor/lib/test/auto/ArrayAverage.xml (RunModel)" time="0.069" />
  <testcase classname="ptolemy.util.test.junit.AutoTests" name="[14] /home/travis/build/icyphy/ptII/ptolemy/actor/lib/test/auto/ArrayContains.xml (RunModel)" time="0.035" />
  <testcase classname="ptolemy.util.test.junit.AutoTests" name="[15] /home/travis/build/icyphy/ptII/ptolemy/actor/lib/test/auto/ArrayElement.xml (RunModel)" time="0.015" />
  <testcase classname="ptolemy.util.test.junit.AutoTests" name="[16] /home/travis/build/icyphy/ptII/ptolemy/actor/lib/test/auto/ArrayElementAsMatrix.xml (RunModel)" time="0.039" />
  <testcase classname="ptolemy.util.test.junit.AutoTests" name="[17] /home/travis/build/icyphy/ptII/ptolemy/actor/lib/test/auto/ArrayElementI.xml (RunModel)" time="0.02" />
  <testcase classname="ptolemy.util.test.junit.AutoTests" name="[18] /home/travis/build/icyphy/ptII/ptolemy/actor/lib/test/auto/ArrayExtract.xml (RunModel)" time="0.028" />
  <testcase classname="ptolemy.util.test.junit.AutoTests" name="[19] /home/travis/build/icyphy/ptII/ptolemy/actor/lib/test/auto/ArrayExtract2.xml (RunModel)" time="0.016" />
  <testcase classname="ptolemy.util.test.junit.AutoTests" name="[20] /home/travis/build/icyphy/ptII/ptolemy/actor/lib/test/auto/ArrayLength.xml (RunModel)" time="0.022" />
  <testcase classname="ptolemy.util.test.junit.AutoTests" name="[21] /home/travis/build/icyphy/ptII/ptolemy/actor/lib/test/auto/ArrayLevelCrossing.xml (RunModel)" time="0.026" />
  <testcase classname="ptolemy.util.test.junit.AutoTests" name="[22] /home/travis/build/icyphy/ptII/ptolemy/actor/lib/test/auto/ArrayLevelCrossing2.xml (RunModel)" time="0.023" />
  <testcase classname="ptolemy.util.test.junit.AutoTests" name="[23] /home/travis/build/icyphy/ptII/ptolemy/actor/lib/test/auto/ArrayPeakSearch.xml (RunModel)" time="0.03" />
  <testcase classname="ptolemy.util.test.junit.AutoTests" name="[24] /home/travis/build/icyphy/ptII/ptolemy/actor/lib/test/auto/ArrayPeakSearch2.xml (RunModel)" time="0.1" />
  <testcase classname="ptolemy.util.test.junit.AutoTests" name="[25] /home/travis/build/icyphy/ptII/ptolemy/actor/lib/test/auto/ArrayPeakSearch3.xml (RunModel)" time="0.028" />
  <testcase classname="ptolemy.util.test.junit.AutoTests" name="[26] /home/travis/build/icyphy/ptII/ptolemy/actor/lib/test/auto/ArrayRemoveElement.xml (RunModel)" time="0.028" />
  <testcase classname="ptolemy.util.test.junit.AutoTests" name="[27] /home/travis/build/icyphy/ptII/ptolemy/actor/lib/test/auto/ArraySort.xml (RunModel)" time="0.028" />
  <testcase classname="ptolemy.util.test.junit.AutoTests" name="[28] /home/travis/build/icyphy/ptII/ptolemy/actor/lib/test/auto/ArraySum.xml (RunModel)" time="0.015" />
  <testcase classname="ptolemy.util.test.junit.AutoTests" name="[29] /home/travis/build/icyphy/ptII/ptolemy/actor/lib/test/auto/ArrayToElements.xml (RunModel)" time="0.02" />
  <testcase classname="ptolemy.util.test.junit.AutoTests" name="[30] /home/travis/build/icyphy/ptII/ptolemy/actor/lib/test/auto/ArrayToMatrix.xml (RunModel)" time="0.065" />
  <testcase classname="ptolemy.util.test.junit.AutoTests" name="[31] /home/travis/build/icyphy/ptII/ptolemy/actor/lib/test/auto/ArrayUpdate1.xml (RunModel)" time="0.018" />
  <testcase classname="ptolemy.util.test.junit.AutoTests" name="[32] /home/travis/build/icyphy/ptII/ptolemy/actor/lib/test/auto/ArrayUpdate2.xml (RunModel)" time="0.02" />
  <testcase classname="ptolemy.util.test.junit.AutoTests" name="[33] /home/travis/build/icyphy/ptII/ptolemy/actor/lib/test/auto/ArrayUpdate3.xml (RunModel)" time="0.015" />
  <testcase classname="ptolemy.util.test.junit.AutoTests" name="[34] /home/travis/build/icyphy/ptII/ptolemy/actor/lib/test/auto/Assert1.xml (RunModel)" time="0.024" />
  <testcase classname="ptolemy.util.test.junit.AutoTests" name="[35] /home/travis/build/icyphy/ptII/ptolemy/actor/lib/test/auto/Assert2.xml (RunModel)" time="0.011" />
  <testcase classname="ptolemy.util.test.junit.AutoTests" name="[36] /home/travis/build/icyphy/ptII/ptolemy/actor/lib/test/auto/BooleanMultiplexor.xml (RunModel)" time="0.015" />
  <testcase classname="ptolemy.util.test.junit.AutoTests" name="[37] /home/travis/build/icyphy/ptII/ptolemy/actor/lib/test/auto/BooleanMultiplexor2.xml (RunModel)" time="0.031" />
  <testcase classname="ptolemy.util.test.junit.AutoTests" name="[38] /home/travis/build/icyphy/ptII/ptolemy/actor/lib/test/auto/BooleanMultiplexor3.xml (RunModel)" time="0.022" />
  <testcase classname="ptolemy.util.test.junit.AutoTests" name="[39] /home/travis/build/icyphy/ptII/ptolemy/actor/lib/test/auto/BooleanSelect.xml (RunModel)" time="0.025" />
  <testcase classname="ptolemy.util.test.junit.AutoTests" name="[40] /home/travis/build/icyphy/ptII/ptolemy/actor/lib/test/auto/BooleanSelect2.xml (RunModel)" time="0.02" />
  <testcase classname="ptolemy.util.test.junit.AutoTests" name="[41] /home/travis/build/icyphy/ptII/ptolemy/actor/lib/test/auto/BooleanSwitch.xml (RunModel)" time="0.025" />
  <testcase classname="ptolemy.util.test.junit.AutoTests" name="[42] /home/travis/build/icyphy/ptII/ptolemy/actor/lib/test/auto/BooleanSwitch2.xml (RunModel)" time="0.011" />
  <testcase classname="ptolemy.util.test.junit.AutoTests" name="[43] /home/travis/build/icyphy/ptII/ptolemy/actor/lib/test/auto/BooleanSwitchCloningBugWithClassRelationGroup.xml (RunModel)" time="0.036" />
  <testcase classname="ptolemy.util.test.junit.AutoTests" name="[44] /home/travis/build/icyphy/ptII/ptolemy/actor/lib/test/auto/BusActors.xml (RunModel)" time="0.041" />
  <testcase classname="ptolemy.util.test.junit.AutoTests" name="[45] /home/travis/build/icyphy/ptII/ptolemy/actor/lib/test/auto/ClassWrapper.xml (RunModel)" time="0.02" />
  <testcase classname="ptolemy.util.test.junit.AutoTests" name="[46] /home/travis/build/icyphy/ptII/ptolemy/actor/lib/test/auto/Clock.xml (RunModel)" time="0.007" />
  <testcase classname="ptolemy.util.test.junit.AutoTests" name="[47] /home/travis/build/icyphy/ptII/ptolemy/actor/lib/test/auto/Clock10.xml (RunModel)" time="0.015" />
  <testcase classname="ptolemy.util.test.junit.AutoTests" name="[48] /home/travis/build/icyphy/ptII/ptolemy/actor/lib/test/auto/Clock11.xml (RunModel)" time="0.016" />
  <testcase classname="ptolemy.util.test.junit.AutoTests" name="[49] /home/travis/build/icyphy/ptII/ptolemy/actor/lib/test/auto/Clock12.xml (RunModel)" time="0.018" />
  <testcase classname="ptolemy.util.test.junit.AutoTests" name="[50] /home/travis/build/icyphy/ptII/ptolemy/actor/lib/test/auto/Clock13.xml (RunModel)" time="0.019" />
  <testcase classname="ptolemy.util.test.junit.AutoTests" name="[51] /home/travis/build/icyphy/ptII/ptolemy/actor/lib/test/auto/Clock14.xml (RunModel)" time="0.032" />
  <testcase classname="ptolemy.util.test.junit.AutoTests" name="[52] /home/travis/build/icyphy/ptII/ptolemy/actor/lib/test/auto/Clock15.xml (RunModel)" time="0.013" />
  <testcase classname="ptolemy.util.test.junit.AutoTests" name="[53] /home/travis/build/icyphy/ptII/ptolemy/actor/lib/test/auto/Clock16.xml (RunModel)" time="0.118" />
  <testcase classname="ptolemy.util.test.junit.AutoTests" name="[54] /home/travis/build/icyphy/ptII/ptolemy/actor/lib/test/auto/Clock17.xml (RunModel)" time="0.05" />
  <testcase classname="ptolemy.util.test.junit.AutoTests" name="[55] /home/travis/build/icyphy/ptII/ptolemy/actor/lib/test/auto/Clock18.xml (RunModel)" time="0.051" />
  <testcase classname="ptolemy.util.test.junit.AutoTests" name="[56] /home/travis/build/icyphy/ptII/ptolemy/actor/lib/test/auto/Clock19.xml (RunModel)" time="0.039" />
  <testcase classname="ptolemy.util.test.junit.AutoTests" name="[57] /home/travis/build/icyphy/ptII/ptolemy/actor/lib/test/auto/Clock2.xml (RunModel)" time="0.013" />
  <testcase classname="ptolemy.util.test.junit.AutoTests" name="[58] /home/travis/build/icyphy/ptII/ptolemy/actor/lib/test/auto/Clock20.xml (RunModel)" time="0.021" />
  <testcase classname="ptolemy.util.test.junit.AutoTests" name="[59] /home/travis/build/icyphy/ptII/ptolemy/actor/lib/test/auto/Clock21.xml (RunModel)" time="0.019" />
  <testcase classname="ptolemy.util.test.junit.AutoTests" name="[60] /home/travis/build/icyphy/ptII/ptolemy/actor/lib/test/auto/Clock22.xml (RunModel)" time="0.01" />
  <testcase classname="ptolemy.util.test.junit.AutoTests" name="[61] /home/travis/build/icyphy/ptII/ptolemy/actor/lib/test/auto/Clock23.xml (RunModel)" time="0.014" />
  <testcase classname="ptolemy.util.test.junit.AutoTests" name="[62] /home/travis/build/icyphy/ptII/ptolemy/actor/lib/test/auto/Clock24.xml (RunModel)" time="0.015" />
  <testcase classname="ptolemy.util.test.junit.AutoTests" name="[63] /home/travis/build/icyphy/ptII/ptolemy/actor/lib/test/auto/Clock4.xml (RunModel)" time="0.011" />
  <testcase classname="ptolemy.util.test.junit.AutoTests" name="[64] /home/travis/build/icyphy/ptII/ptolemy/actor/lib/test/auto/Clock5.xml (RunModel)" time="0.011" />
  <testcase classname="ptolemy.util.test.junit.AutoTests" name="[65] /home/travis/build/icyphy/ptII/ptolemy/actor/lib/test/auto/Clock6.xml (RunModel)" time="0.01" />
  <testcase classname="ptolemy.util.test.junit.AutoTests" name="[66] /home/travis/build/icyphy/ptII/ptolemy/actor/lib/test/auto/Clock7.xml (RunModel)" time="0.009" />
  <testcase classname="ptolemy.util.test.junit.AutoTests" name="[67] /home/travis/build/icyphy/ptII/ptolemy/actor/lib/test/auto/Clock8.xml (RunModel)" time="0.012" />
  <testcase classname="ptolemy.util.test.junit.AutoTests" name="[68] /home/travis/build/icyphy/ptII/ptolemy/actor/lib/test/auto/Clock9.xml (RunModel)" time="0.014" />
  <testcase classname="ptolemy.util.test.junit.AutoTests" name="[69] /home/travis/build/icyphy/ptII/ptolemy/actor/lib/test/auto/CommDistDiscard.xml (RunModel)" time="0.028" />
  <testcase classname="ptolemy.util.test.junit.AutoTests" name="[70] /home/travis/build/icyphy/ptII/ptolemy/actor/lib/test/auto/Commutator.xml (RunModel)" time="0.016" />
  <testcase classname="ptolemy.util.test.junit.AutoTests" name="[71] /home/travis/build/icyphy/ptII/ptolemy/actor/lib/test/auto/Commutator2.xml (RunModel)" time="0.01" />
  <testcase classname="ptolemy.util.test.junit.AutoTests" name="[72] /home/travis/build/icyphy/ptII/ptolemy/actor/lib/test/auto/Commutator3.xml (RunModel)" time="0.017" />
  <testcase classname="ptolemy.util.test.junit.AutoTests" name="[73] /home/travis/build/icyphy/ptII/ptolemy/actor/lib/test/auto/Compare.xml (RunModel)" time="0.019" />
  <testcase classname="ptolemy.util.test.junit.AutoTests" name="[74] /home/travis/build/icyphy/ptII/ptolemy/actor/lib/test/auto/CompareDE.xml (RunModel)" time="0.018" />
  <testcase classname="ptolemy.util.test.junit.AutoTests" name="[75] /home/travis/build/icyphy/ptII/ptolemy/actor/lib/test/auto/ComplexDivide.xml (RunModel)" time="0.012" />
  <testcase classname="ptolemy.util.test.junit.AutoTests" name="[76] /home/travis/build/icyphy/ptII/ptolemy/actor/lib/test/auto/ComputeHistogram.xml (RunModel)" time="0.113" />
  <testcase classname="ptolemy.util.test.junit.AutoTests" name="[77] /home/travis/build/icyphy/ptII/ptolemy/actor/lib/test/auto/ConfigurationSelect.xml (RunModel)" time="0.025" />
  <testcase classname="ptolemy.util.test.junit.AutoTests" name="[78] /home/travis/build/icyphy/ptII/ptolemy/actor/lib/test/auto/ConfigurationSelect2.xml (RunModel)" time="0.018" />
  <testcase classname="ptolemy.util.test.junit.AutoTests" name="[79] /home/travis/build/icyphy/ptII/ptolemy/actor/lib/test/auto/ConfigurationSwitch.xml (RunModel)" time="0.03" />
  <testcase classname="ptolemy.util.test.junit.AutoTests" name="[80] /home/travis/build/icyphy/ptII/ptolemy/actor/lib/test/auto/ConfigurationSwitch2.xml (RunModel)" time="0.041" />
  <testcase classname="ptolemy.util.test.junit.AutoTests" name="[81] /home/travis/build/icyphy/ptII/ptolemy/actor/lib/test/auto/ConfigurationSwitchCloningBugWithClassRelationGroup.xml (RunModel)" time="0.026" />
  <testcase classname="ptolemy.util.test.junit.AutoTests" name="[82] /home/travis/build/icyphy/ptII/ptolemy/actor/lib/test/auto/ConfigurationSwitchSelectSDF.xml (RunModel)" time="0.02" />
  <testcase classname="ptolemy.util.test.junit.AutoTests" name="[83] /home/travis/build/icyphy/ptII/ptolemy/actor/lib/test/auto/ConfigurationSwitchSelectSDF2.xml (RunModel)" time="0.018" />
  <testcase classname="ptolemy.util.test.junit.AutoTests" name="[84] /home/travis/build/icyphy/ptII/ptolemy/actor/lib/test/auto/Const.xml (RunModel)" time="0.009" />
  <testcase classname="ptolemy.util.test.junit.AutoTests" name="[85] /home/travis/build/icyphy/ptII/ptolemy/actor/lib/test/auto/Const2.xml (RunModel)" time="0.01" />
  <testcase classname="ptolemy.util.test.junit.AutoTests" name="[86] /home/travis/build/icyphy/ptII/ptolemy/actor/lib/test/auto/Const3.xml (RunModel)" time="0.01" />
  <testcase classname="ptolemy.util.test.junit.AutoTests" name="[87] /home/travis/build/icyphy/ptII/ptolemy/actor/lib/test/auto/ConstantPublisherPort1.xml (RunModel)" time="0.023" />
  <testcase classname="ptolemy.util.test.junit.AutoTests" name="[88] /home/travis/build/icyphy/ptII/ptolemy/actor/lib/test/auto/ConstantPublisherPort2.xml (RunModel)" time="0.019" />
  <testcase classname="ptolemy.util.test.junit.AutoTests" name="[89] /home/travis/build/icyphy/ptII/ptolemy/actor/lib/test/auto/ConstantPublisherPort3.xml (RunModel)" time="0.018" />
  <testcase classname="ptolemy.util.test.junit.AutoTests" name="[90] /home/travis/build/icyphy/ptII/ptolemy/actor/lib/test/auto/ConstantPublisherPort4.xml (RunModel)" time="0.016" />
  <testcase classname="ptolemy.util.test.junit.AutoTests" name="[91] /home/travis/build/icyphy/ptII/ptolemy/actor/lib/test/auto/ConstantPublisherPort5.xml (RunModel)" time="0.032" />
  <testcase classname="ptolemy.util.test.junit.AutoTests" name="[92] /home/travis/build/icyphy/ptII/ptolemy/actor/lib/test/auto/ConstantPublisherPort6.xml (RunModel)" time="0.043" />
  <testcase classname="ptolemy.util.test.junit.AutoTests" name="[93] /home/travis/build/icyphy/ptII/ptolemy/actor/lib/test/auto/ConstantPublisherPort7.xml (RunModel)" time="0.034" />
  <testcase classname="ptolemy.util.test.junit.AutoTests" name="[94] /home/travis/build/icyphy/ptII/ptolemy/actor/lib/test/auto/ConstraintMonitor1.xml (RunModel)" time="0.041" />
  <testcase classname="ptolemy.util.test.junit.AutoTests" name="[95] /home/travis/build/icyphy/ptII/ptolemy/actor/lib/test/auto/ConstraintMonitor2.xml (RunModel)" time="0.014" />
  <testcase classname="ptolemy.util.test.junit.AutoTests" name="[96] /home/travis/build/icyphy/ptII/ptolemy/actor/lib/test/auto/ConstraintMonitor3.xml (RunModel)" time="0.017" />
  <testcase classname="ptolemy.util.test.junit.AutoTests" name="[97] /home/travis/build/icyphy/ptII/ptolemy/actor/lib/test/auto/ConstraintMonitor4.xml (RunModel)" time="0.016" />
  <testcase classname="ptolemy.util.test.junit.AutoTests" name="[98] /home/travis/build/icyphy/ptII/ptolemy/actor/lib/test/auto/ConstraintMonitor5.xml (RunModel)" time="0.017" />
  <testcase classname="ptolemy.util.test.junit.AutoTests" name="[99] /home/travis/build/icyphy/ptII/ptolemy/actor/lib/test/auto/ConstraintMonitor6.xml (RunModel)" time="0.018" />
  <testcase classname="ptolemy.util.test.junit.AutoTests" name="[100] /home/travis/build/icyphy/ptII/ptolemy/actor/lib/test/auto/ConstraintMonitor7.xml (RunModel)" time="0.016" />
  <testcase classname="ptolemy.util.test.junit.AutoTests" name="[101] /home/travis/build/icyphy/ptII/ptolemy/actor/lib/test/auto/ConstraintMonitor8.xml (RunModel)" time="0.02" />
  <testcase classname="ptolemy.util.test.junit.AutoTests" name="[102] /home/travis/build/icyphy/ptII/ptolemy/actor/lib/test/auto/Counter.xml (RunModel)" time="0.014" />
  <testcase classname="ptolemy.util.test.junit.AutoTests" name="[103] /home/travis/build/icyphy/ptII/ptolemy/actor/lib/test/auto/CurrentTimeSDF.xml (RunModel)" time="0.009" />
  <testcase classname="ptolemy.util.test.junit.AutoTests" name="[104] /home/travis/build/icyphy/ptII/ptolemy/actor/lib/test/auto/DB.xml (RunModel)" time="0.013" />
  <testcase classname="ptolemy.util.test.junit.AutoTests" name="[105] /home/travis/build/icyphy/ptII/ptolemy/actor/lib/test/auto/DBDE.xml (RunModel)" time="0.031" />
  <testcase classname="ptolemy.util.test.junit.AutoTests" name="[106] /home/travis/build/icyphy/ptII/ptolemy/actor/lib/test/auto/DateConstructor.xml (RunModel)" time="0.076" />
  <testcase classname="ptolemy.util.test.junit.AutoTests" name="[107] /home/travis/build/icyphy/ptII/ptolemy/actor/lib/test/auto/DelayTime.xml (RunModel)" time="0.021" />
  <testcase classname="ptolemy.util.test.junit.AutoTests" name="[108] /home/travis/build/icyphy/ptII/ptolemy/actor/lib/test/auto/Dictionary1.xml (RunModel)" time="0.017" />
  <testcase classname="ptolemy.util.test.junit.AutoTests" name="[109] /home/travis/build/icyphy/ptII/ptolemy/actor/lib/test/auto/Dictionary2.xml (RunModel)" time="0.018" />
  <testcase classname="ptolemy.util.test.junit.AutoTests" name="[110] /home/travis/build/icyphy/ptII/ptolemy/actor/lib/test/auto/Dictionary3.xml (RunModel)" time="0.02" />
  <testcase classname="ptolemy.util.test.junit.AutoTests" name="[111] /home/travis/build/icyphy/ptII/ptolemy/actor/lib/test/auto/Dictionary4.xml (RunModel)" time="0.027" />
  <testcase classname="ptolemy.util.test.junit.AutoTests" name="[112] /home/travis/build/icyphy/ptII/ptolemy/actor/lib/test/auto/Differential.xml (RunModel)" time="0.012" />
  <testcase classname="ptolemy.util.test.junit.AutoTests" name="[113] /home/travis/build/icyphy/ptII/ptolemy/actor/lib/test/auto/Director.xml (RunModel)" time="0.011" />
  <testcase classname="ptolemy.util.test.junit.AutoTests" name="[114] /home/travis/build/icyphy/ptII/ptolemy/actor/lib/test/auto/DiscreteClock.xml (RunModel)" time="0.007" />
  <testcase classname="ptolemy.util.test.junit.AutoTests" name="[115] /home/travis/build/icyphy/ptII/ptolemy/actor/lib/test/auto/DiscreteClock10.xml (RunModel)" time="0.036" />
  <testcase classname="ptolemy.util.test.junit.AutoTests" name="[116] /home/travis/build/icyphy/ptII/ptolemy/actor/lib/test/auto/DiscreteClock11.xml (RunModel)" time="0.013" />
  <testcase classname="ptolemy.util.test.junit.AutoTests" name="[117] /home/travis/build/icyphy/ptII/ptolemy/actor/lib/test/auto/DiscreteClock12.xml (RunModel)" time="0.014" />
  <testcase classname="ptolemy.util.test.junit.AutoTests" name="[118] /home/travis/build/icyphy/ptII/ptolemy/actor/lib/test/auto/DiscreteClock13.xml (RunModel)" time="0.012" />
  <testcase classname="ptolemy.util.test.junit.AutoTests" name="[119] /home/travis/build/icyphy/ptII/ptolemy/actor/lib/test/auto/DiscreteClock14.xml (RunModel)" time="0.014" />
  <testcase classname="ptolemy.util.test.junit.AutoTests" name="[120] /home/travis/build/icyphy/ptII/ptolemy/actor/lib/test/auto/DiscreteClock15.xml (RunModel)" time="0.014" />
  <testcase classname="ptolemy.util.test.junit.AutoTests" name="[121] /home/travis/build/icyphy/ptII/ptolemy/actor/lib/test/auto/DiscreteClock16.xml (RunModel)" time="0.037" />
  <testcase classname="ptolemy.util.test.junit.AutoTests" name="[122] /home/travis/build/icyphy/ptII/ptolemy/actor/lib/test/auto/DiscreteClock17.xml (RunModel)" time="0.044" />
  <testcase classname="ptolemy.util.test.junit.AutoTests" name="[123] /home/travis/build/icyphy/ptII/ptolemy/actor/lib/test/auto/DiscreteClock18.xml (RunModel)" time="0.028" />
  <testcase classname="ptolemy.util.test.junit.AutoTests" name="[124] /home/travis/build/icyphy/ptII/ptolemy/actor/lib/test/auto/DiscreteClock19.xml (RunModel)" time="0.031" />
  <testcase classname="ptolemy.util.test.junit.AutoTests" name="[125] /home/travis/build/icyphy/ptII/ptolemy/actor/lib/test/auto/DiscreteClock2.xml (RunModel)" time="0.01" />
  <testcase classname="ptolemy.util.test.junit.AutoTests" name="[126] /home/travis/build/icyphy/ptII/ptolemy/actor/lib/test/auto/DiscreteClock20.xml (RunModel)" time="0.013" />
  <testcase classname="ptolemy.util.test.junit.AutoTests" name="[127] /home/travis/build/icyphy/ptII/ptolemy/actor/lib/test/auto/DiscreteClock21.xml (RunModel)" time="0.016" />
  <testcase classname="ptolemy.util.test.junit.AutoTests" name="[128] /home/travis/build/icyphy/ptII/ptolemy/actor/lib/test/auto/DiscreteClock22.xml (RunModel)" time="0.011" />
  <testcase classname="ptolemy.util.test.junit.AutoTests" name="[129] /home/travis/build/icyphy/ptII/ptolemy/actor/lib/test/auto/DiscreteClock23.xml (RunModel)" time="0.013" />
  <testcase classname="ptolemy.util.test.junit.AutoTests" name="[130] /home/travis/build/icyphy/ptII/ptolemy/actor/lib/test/auto/DiscreteClock24.xml (RunModel)" time="0.013" />
  <testcase classname="ptolemy.util.test.junit.AutoTests" name="[131] /home/travis/build/icyphy/ptII/ptolemy/actor/lib/test/auto/DiscreteClock4.xml (RunModel)" time="0.014" />
  <testcase classname="ptolemy.util.test.junit.AutoTests" name="[132] /home/travis/build/icyphy/ptII/ptolemy/actor/lib/test/auto/DiscreteClock5.xml (RunModel)" time="0.009" />
  <testcase classname="ptolemy.util.test.junit.AutoTests" name="[133] /home/travis/build/icyphy/ptII/ptolemy/actor/lib/test/auto/DiscreteClock6.xml (RunModel)" time="0.009" />
  <testcase classname="ptolemy.util.test.junit.AutoTests" name="[134] /home/travis/build/icyphy/ptII/ptolemy/actor/lib/test/auto/DiscreteClock7.xml (RunModel)" time="0.011" />
  <testcase classname="ptolemy.util.test.junit.AutoTests" name="[135] /home/travis/build/icyphy/ptII/ptolemy/actor/lib/test/auto/DiscreteClock8.xml (RunModel)" time="0.013" />
  <testcase classname="ptolemy.util.test.junit.AutoTests" name="[136] /home/travis/build/icyphy/ptII/ptolemy/actor/lib/test/auto/DiscreteClock9.xml (RunModel)" time="0.012" />
  <testcase classname="ptolemy.util.test.junit.AutoTests" name="[137] /home/travis/build/icyphy/ptII/ptolemy/actor/lib/test/auto/DisplayArray.xml (RunModel)" time="0.02" />
  <testcase classname="ptolemy.util.test.junit.AutoTests" name="[138] /home/travis/build/icyphy/ptII/ptolemy/actor/lib/test/auto/Distributor.xml (RunModel)" time="0.009" />
  <testcase classname="ptolemy.util.test.junit.AutoTests" name="[139] /home/travis/build/icyphy/ptII/ptolemy/actor/lib/test/auto/Distributor2.xml (RunModel)" time="0.009" />
  <testcase classname="ptolemy.util.test.junit.AutoTests" name="[140] /home/travis/build/icyphy/ptII/ptolemy/actor/lib/test/auto/DownSample.xml (RunModel)" time="0.027" />
  <testcase classname="ptolemy.util.test.junit.AutoTests" name="[141] /home/travis/build/icyphy/ptII/ptolemy/actor/lib/test/auto/ElectronicUnitBase1.xml (RunModel)" time="0.086" />
  <testcase classname="ptolemy.util.test.junit.AutoTests" name="[142] /home/travis/build/icyphy/ptII/ptolemy/actor/lib/test/auto/ElementsToArray.xml (RunModel)" time="0.01" />
  <testcase classname="ptolemy.util.test.junit.AutoTests" name="[143] /home/travis/build/icyphy/ptII/ptolemy/actor/lib/test/auto/Equals.xml (RunModel)" time="0.014" />
  <testcase classname="ptolemy.util.test.junit.AutoTests" name="[144] /home/travis/build/icyphy/ptII/ptolemy/actor/lib/test/auto/Exec.xml (RunModel)" time="0.028" />
  <testcase classname="ptolemy.util.test.junit.AutoTests" name="[145] /home/travis/build/icyphy/ptII/ptolemy/actor/lib/test/auto/ExecEnvironment.xml (RunModel)" time="0.039" />
  <testcase classname="ptolemy.util.test.junit.AutoTests" name="[146] /home/travis/build/icyphy/ptII/ptolemy/actor/lib/test/auto/ExecNonZeroReturnOutput.xml (RunModel)" time="0.192" />
  <testcase classname="ptolemy.util.test.junit.AutoTests" name="[147] /home/travis/build/icyphy/ptII/ptolemy/actor/lib/test/auto/ExecRunDemos.xml (RunModel)" time="10.976" />
  <testcase classname="ptolemy.util.test.junit.AutoTests" name="[148] /home/travis/build/icyphy/ptII/ptolemy/actor/lib/test/auto/ExecStop.xml (RunModel)" time="5.032" />
  <testcase classname="ptolemy.util.test.junit.AutoTests" name="[149] /home/travis/build/icyphy/ptII/ptolemy/actor/lib/test/auto/ExecutionTimeSDF.xml (RunModel)" time="6.042" />
  <testcase classname="ptolemy.util.test.junit.AutoTests" name="[150] /home/travis/build/icyphy/ptII/ptolemy/actor/lib/test/auto/Expression1.xml (RunModel)" time="0.013" />
  <testcase classname="ptolemy.util.test.junit.AutoTests" name="[151] /home/travis/build/icyphy/ptII/ptolemy/actor/lib/test/auto/Expression10.xml (RunModel)" time="0.012" />
  <testcase classname="ptolemy.util.test.junit.AutoTests" name="[152] /home/travis/build/icyphy/ptII/ptolemy/actor/lib/test/auto/Expression11.xml (RunModel)" time="0.011" />
  <testcase classname="ptolemy.util.test.junit.AutoTests" name="[153] /home/travis/build/icyphy/ptII/ptolemy/actor/lib/test/auto/Expression12.xml (RunModel)" time="0.012" />
  <testcase classname="ptolemy.util.test.junit.AutoTests" name="[154] /home/travis/build/icyphy/ptII/ptolemy/actor/lib/test/auto/Expression13.xml (RunModel)" time="0.011" />
  <testcase classname="ptolemy.util.test.junit.AutoTests" name="[155] /home/travis/build/icyphy/ptII/ptolemy/actor/lib/test/auto/Expression14.xml (RunModel)" time="0.017" />
  <testcase classname="ptolemy.util.test.junit.AutoTests" name="[156] /home/travis/build/icyphy/ptII/ptolemy/actor/lib/test/auto/Expression15.xml (RunModel)" time="0.008" />
  <testcase classname="ptolemy.util.test.junit.AutoTests" name="[157] /home/travis/build/icyphy/ptII/ptolemy/actor/lib/test/auto/Expression16.xml (RunModel)" time="0.014" />
  <testcase classname="ptolemy.util.test.junit.AutoTests" name="[158] /home/travis/build/icyphy/ptII/ptolemy/actor/lib/test/auto/Expression17.xml (RunModel)" time="0.011" />
  <testcase classname="ptolemy.util.test.junit.AutoTests" name="[159] /home/travis/build/icyphy/ptII/ptolemy/actor/lib/test/auto/Expression18.xml (RunModel)" time="0.015" />
  <testcase classname="ptolemy.util.test.junit.AutoTests" name="[160] /home/travis/build/icyphy/ptII/ptolemy/actor/lib/test/auto/Expression2.xml (RunModel)" time="0.014" />
  <testcase classname="ptolemy.util.test.junit.AutoTests" name="[161] /home/travis/build/icyphy/ptII/ptolemy/actor/lib/test/auto/Expression3.xml (RunModel)" time="0.013" />
  <testcase classname="ptolemy.util.test.junit.AutoTests" name="[162] /home/travis/build/icyphy/ptII/ptolemy/actor/lib/test/auto/Expression4.xml (RunModel)" time="0.018" />
  <testcase classname="ptolemy.util.test.junit.AutoTests" name="[163] /home/travis/build/icyphy/ptII/ptolemy/actor/lib/test/auto/Expression5.xml (RunModel)" time="0.013" />
  <testcase classname="ptolemy.util.test.junit.AutoTests" name="[164] /home/travis/build/icyphy/ptII/ptolemy/actor/lib/test/auto/Expression6.xml (RunModel)" time="0.009" />
  <testcase classname="ptolemy.util.test.junit.AutoTests" name="[165] /home/travis/build/icyphy/ptII/ptolemy/actor/lib/test/auto/Expression7.xml (RunModel)" time="0.011" />
  <testcase classname="ptolemy.util.test.junit.AutoTests" name="[166] /home/travis/build/icyphy/ptII/ptolemy/actor/lib/test/auto/Expression8.xml (RunModel)" time="0.016" />
  <testcase classname="ptolemy.util.test.junit.AutoTests" name="[167] /home/travis/build/icyphy/ptII/ptolemy/actor/lib/test/auto/Expression9.xml (RunModel)" time="0.007" />
  <testcase classname="ptolemy.util.test.junit.AutoTests" name="[168] /home/travis/build/icyphy/ptII/ptolemy/actor/lib/test/auto/ExpressionConcatenateArrayType.xml (RunModel)" time="0.028" />
  <testcase classname="ptolemy.util.test.junit.AutoTests" name="[169] /home/travis/build/icyphy/ptII/ptolemy/actor/lib/test/auto/ExpressionConcatenateArrayType2.xml (RunModel)" time="0.016" />
  <testcase classname="ptolemy.util.test.junit.AutoTests" name="[170] /home/travis/build/icyphy/ptII/ptolemy/actor/lib/test/auto/ExpressionFix.xml (RunModel)" time="0.05" />
  <testcase classname="ptolemy.util.test.junit.AutoTests" name="[171] /home/travis/build/icyphy/ptII/ptolemy/actor/lib/test/auto/ExpressionFix2.xml (RunModel)" time="0.016" />
  <testcase classname="ptolemy.util.test.junit.AutoTests" name="[172] /home/travis/build/icyphy/ptII/ptolemy/actor/lib/test/auto/ExpressionFix3.xml (RunModel)" time="0.012" />
  <testcase classname="ptolemy.util.test.junit.AutoTests" name="[173] /home/travis/build/icyphy/ptII/ptolemy/actor/lib/test/auto/FileWriter1.xml (RunModel)" time="0.009" />
  <testcase classname="ptolemy.util.test.junit.AutoTests" name="[174] /home/travis/build/icyphy/ptII/ptolemy/actor/lib/test/auto/FileWriter2.xml (RunModel)" time="0.01" />
  <testcase classname="ptolemy.util.test.junit.AutoTests" name="[175] /home/travis/build/icyphy/ptII/ptolemy/actor/lib/test/auto/FileWriter3.xml (RunModel)" time="0.013" />
  <testcase classname="ptolemy.util.test.junit.AutoTests" name="[176] /home/travis/build/icyphy/ptII/ptolemy/actor/lib/test/auto/Gaussian.xml (RunModel)" time="0.012" />
  <testcase classname="ptolemy.util.test.junit.AutoTests" name="[177] /home/travis/build/icyphy/ptII/ptolemy/actor/lib/test/auto/Gaussian1.xml (RunModel)" time="0.02" />
  <testcase classname="ptolemy.util.test.junit.AutoTests" name="[178] /home/travis/build/icyphy/ptII/ptolemy/actor/lib/test/auto/Gaussian2.xml (RunModel)" time="0.017" />
  <testcase classname="ptolemy.util.test.junit.AutoTests" name="[179] /home/travis/build/icyphy/ptII/ptolemy/actor/lib/test/auto/GradientAdaptiveLattice.xml (RunModel)" time="0.018" />
  <testcase classname="ptolemy.util.test.junit.AutoTests" name="[180] /home/travis/build/icyphy/ptII/ptolemy/actor/lib/test/auto/IIR.xml (RunModel)" time="0.01" />
  <testcase classname="ptolemy.util.test.junit.AutoTests" name="[181] /home/travis/build/icyphy/ptII/ptolemy/actor/lib/test/auto/InputOutputTransparentPorts.xml (RunModel)" time="0.018" />
  <testcase classname="ptolemy.util.test.junit.AutoTests" name="[182] /home/travis/build/icyphy/ptII/ptolemy/actor/lib/test/auto/Interpolator.xml (RunModel)" time="0.016" />
  <testcase classname="ptolemy.util.test.junit.AutoTests" name="[183] /home/travis/build/icyphy/ptII/ptolemy/actor/lib/test/auto/InterpolatorFiringLimitDE.xml (RunModel)" time="0.013" />
  <testcase classname="ptolemy.util.test.junit.AutoTests" name="[184] /home/travis/build/icyphy/ptII/ptolemy/actor/lib/test/auto/Lattice.xml (RunModel)" time="0.009" />
  <testcase classname="ptolemy.util.test.junit.AutoTests" name="[185] /home/travis/build/icyphy/ptII/ptolemy/actor/lib/test/auto/LazyAOCTestLazy.xml (RunModel)" time="0.049" />
  <testcase classname="ptolemy.util.test.junit.AutoTests" name="[186] /home/travis/build/icyphy/ptII/ptolemy/actor/lib/test/auto/LazyAOCTestNonLazy.xml (RunModel)" time="0.041" />
  <testcase classname="ptolemy.util.test.junit.AutoTests" name="[187] /home/travis/build/icyphy/ptII/ptolemy/actor/lib/test/auto/LazyInnerClass.xml (RunModel)" time="0.051" />
  <testcase classname="ptolemy.util.test.junit.AutoTests" name="[188] /home/travis/build/icyphy/ptII/ptolemy/actor/lib/test/auto/LazyPubSub.xml (RunModel)" time="0.042" />
  <testcase classname="ptolemy.util.test.junit.AutoTests" name="[189] /home/travis/build/icyphy/ptII/ptolemy/actor/lib/test/auto/LazyPubSub2.xml (RunModel)" time="0.031" />
  <testcase classname="ptolemy.util.test.junit.AutoTests" name="[190] /home/travis/build/icyphy/ptII/ptolemy/actor/lib/test/auto/LazyPubSub3.xml (RunModel)" time="0.023" />
  <testcase classname="ptolemy.util.test.junit.AutoTests" name="[191] /home/travis/build/icyphy/ptII/ptolemy/actor/lib/test/auto/LazySubClassModel.xml (RunModel)" time="0.021" />
  <testcase classname="ptolemy.util.test.junit.AutoTests" name="[192] /home/travis/build/icyphy/ptII/ptolemy/actor/lib/test/auto/LevelCrossTest1.xml (RunModel)" time="0.01" />
  <testcase classname="ptolemy.util.test.junit.AutoTests" name="[193] /home/travis/build/icyphy/ptII/ptolemy/actor/lib/test/auto/LevelCrossTest10.xml (RunModel)" time="0.015" />
  <testcase classname="ptolemy.util.test.junit.AutoTests" name="[194] /home/travis/build/icyphy/ptII/ptolemy/actor/lib/test/auto/LevelCrossTest11.xml (RunModel)" time="0.017" />
  <testcase classname="ptolemy.util.test.junit.AutoTests" name="[195] /home/travis/build/icyphy/ptII/ptolemy/actor/lib/test/auto/LevelCrossTest12.xml (RunModel)" time="0.017" />
  <testcase classname="ptolemy.util.test.junit.AutoTests" name="[196] /home/travis/build/icyphy/ptII/ptolemy/actor/lib/test/auto/LevelCrossTest13.xml (RunModel)" time="0.013" />
  <testcase classname="ptolemy.util.test.junit.AutoTests" name="[197] /home/travis/build/icyphy/ptII/ptolemy/actor/lib/test/auto/LevelCrossTest2.xml (RunModel)" time="0.01" />
  <testcase classname="ptolemy.util.test.junit.AutoTests" name="[198] /home/travis/build/icyphy/ptII/ptolemy/actor/lib/test/auto/LevelCrossTest3.xml (RunModel)" time="0.013" />
  <testcase classname="ptolemy.util.test.junit.AutoTests" name="[199] /home/travis/build/icyphy/ptII/ptolemy/actor/lib/test/auto/LevelCrossTest4.xml (RunModel)" time="0.01" />
  <testcase classname="ptolemy.util.test.junit.AutoTests" name="[200] /home/travis/build/icyphy/ptII/ptolemy/actor/lib/test/auto/LevelCrossTest5.xml (RunModel)" time="0.014" />
  <testcase classname="ptolemy.util.test.junit.AutoTests" name="[201] /home/travis/build/icyphy/ptII/ptolemy/actor/lib/test/auto/LevelCrossTest6.xml (RunModel)" time="0.013" />
  <testcase classname="ptolemy.util.test.junit.AutoTests" name="[202] /home/travis/build/icyphy/ptII/ptolemy/actor/lib/test/auto/LevelCrossTest7.xml (RunModel)" time="0.029" />
  <testcase classname="ptolemy.util.test.junit.AutoTests" name="[203] /home/travis/build/icyphy/ptII/ptolemy/actor/lib/test/auto/LevelCrossTest8.xml (RunModel)" time="0.016" />
  <testcase classname="ptolemy.util.test.junit.AutoTests" name="[204] /home/travis/build/icyphy/ptII/ptolemy/actor/lib/test/auto/LevelCrossTest9.xml (RunModel)" time="0.015" />
  <testcase classname="ptolemy.util.test.junit.AutoTests" name="[205] /home/travis/build/icyphy/ptII/ptolemy/actor/lib/test/auto/LevinsonDurbin.xml (RunModel)" time="0.009" />
  <testcase classname="ptolemy.util.test.junit.AutoTests" name="[206] /home/travis/build/icyphy/ptII/ptolemy/actor/lib/test/auto/LevinsonDurbin2.xml (RunModel)" time="0.009" />
  <testcase classname="ptolemy.util.test.junit.AutoTests" name="[207] /home/travis/build/icyphy/ptII/ptolemy/actor/lib/test/auto/LevinsonDurbin3.xml (RunModel)" time="0.008" />
  <testcase classname="ptolemy.util.test.junit.AutoTests" name="[208] /home/travis/build/icyphy/ptII/ptolemy/actor/lib/test/auto/Limiter.xml (RunModel)" time="0.041" />
  <testcase classname="ptolemy.util.test.junit.AutoTests" name="[209] /home/travis/build/icyphy/ptII/ptolemy/actor/lib/test/auto/LinearDifferenceEquationSystem.xml (RunModel)" time="0.031" />
  <testcase classname="ptolemy.util.test.junit.AutoTests" name="[210] /home/travis/build/icyphy/ptII/ptolemy/actor/lib/test/auto/LookupTable.xml (RunModel)" time="0.017" />
  <testcase classname="ptolemy.util.test.junit.AutoTests" name="[211] /home/travis/build/icyphy/ptII/ptolemy/actor/lib/test/auto/MathFunction.xml (RunModel)" time="0.017" />
  <testcase classname="ptolemy.util.test.junit.AutoTests" name="[212] /home/travis/build/icyphy/ptII/ptolemy/actor/lib/test/auto/MathFunction2.xml (RunModel)" time="0.01" />
  <testcase classname="ptolemy.util.test.junit.AutoTests" name="[213] /home/travis/build/icyphy/ptII/ptolemy/actor/lib/test/auto/MathFunction3.xml (RunModel)" time="0.016" />
  <testcase classname="ptolemy.util.test.junit.AutoTests" name="[214] /home/travis/build/icyphy/ptII/ptolemy/actor/lib/test/auto/MatrixCropBoolean.xml (RunModel)" time="0.013" />
  <testcase classname="ptolemy.util.test.junit.AutoTests" name="[215] /home/travis/build/icyphy/ptII/ptolemy/actor/lib/test/auto/MatrixCropComplex.xml (RunModel)" time="0.014" />
  <testcase classname="ptolemy.util.test.junit.AutoTests" name="[216] /home/travis/build/icyphy/ptII/ptolemy/actor/lib/test/auto/MatrixCropDouble.xml (RunModel)" time="0.009" />
  <testcase classname="ptolemy.util.test.junit.AutoTests" name="[217] /home/travis/build/icyphy/ptII/ptolemy/actor/lib/test/auto/MatrixCropFix.xml (RunModel)" time="0.012" />
  <testcase classname="ptolemy.util.test.junit.AutoTests" name="[218] /home/travis/build/icyphy/ptII/ptolemy/actor/lib/test/auto/MatrixCropInt.xml (RunModel)" time="0.01" />
  <testcase classname="ptolemy.util.test.junit.AutoTests" name="[219] /home/travis/build/icyphy/ptII/ptolemy/actor/lib/test/auto/MatrixCropLong.xml (RunModel)" time="0.009" />
  <testcase classname="ptolemy.util.test.junit.AutoTests" name="[220] /home/travis/build/icyphy/ptII/ptolemy/actor/lib/test/auto/MatrixToArray.xml (RunModel)" time="0.046" />
  <testcase classname="ptolemy.util.test.junit.AutoTests" name="[221] /home/travis/build/icyphy/ptII/ptolemy/actor/lib/test/auto/MaxIndex.xml (RunModel)" time="0.012" />
  <testcase classname="ptolemy.util.test.junit.AutoTests" name="[222] /home/travis/build/icyphy/ptII/ptolemy/actor/lib/test/auto/Maximum.xml (RunModel)" time="0.017" />
  <testcase classname="ptolemy.util.test.junit.AutoTests" name="[223] /home/travis/build/icyphy/ptII/ptolemy/actor/lib/test/auto/MaximumComplex.xml (RunModel)" time="0.016" />
  <testcase classname="ptolemy.util.test.junit.AutoTests" name="[224] /home/travis/build/icyphy/ptII/ptolemy/actor/lib/test/auto/MethodCallTest.xml (RunModel)" time="0.025" />
  <testcase classname="ptolemy.util.test.junit.AutoTests" name="[225] /home/travis/build/icyphy/ptII/ptolemy/actor/lib/test/auto/Minimum.xml (RunModel)" time="0.016" />
  <testcase classname="ptolemy.util.test.junit.AutoTests" name="[226] /home/travis/build/icyphy/ptII/ptolemy/actor/lib/test/auto/MinimumComplex.xml (RunModel)" time="0.015" />
  <testcase classname="ptolemy.util.test.junit.AutoTests" name="[227] /home/travis/build/icyphy/ptII/ptolemy/actor/lib/test/auto/MinimumMultiports.xml (RunModel)" time="0.02" />
  <testcase classname="ptolemy.util.test.junit.AutoTests" name="[228] /home/travis/build/icyphy/ptII/ptolemy/actor/lib/test/auto/ModifyDate.xml (RunModel)" time="0.038" />
  <testcase classname="ptolemy.util.test.junit.AutoTests" name="[229] /home/travis/build/icyphy/ptII/ptolemy/actor/lib/test/auto/ModifyDate2.xml (RunModel)" time="0.054" />
  <testcase classname="ptolemy.util.test.junit.AutoTests" name="[230] /home/travis/build/icyphy/ptII/ptolemy/actor/lib/test/auto/MovingAverage.xml (RunModel)" time="0.011" />
  <testcase classname="ptolemy.util.test.junit.AutoTests" name="[231] /home/travis/build/icyphy/ptII/ptolemy/actor/lib/test/auto/MovingMaximum.xml (RunModel)" time="0.012" />
  <testcase classname="ptolemy.util.test.junit.AutoTests" name="[232] /home/travis/build/icyphy/ptII/ptolemy/actor/lib/test/auto/MultipleLinksToSameRelation.xml (RunModel)" time="0.008" />
  <testcase classname="ptolemy.util.test.junit.AutoTests" name="[233] /home/travis/build/icyphy/ptII/ptolemy/actor/lib/test/auto/MultipleLinksToSameRelationDE.xml (RunModel)" time="0.008" />
  <testcase classname="ptolemy.util.test.junit.AutoTests" name="[234] /home/travis/build/icyphy/ptII/ptolemy/actor/lib/test/auto/Multiplexor.xml (RunModel)" time="0.012" />
  <testcase classname="ptolemy.util.test.junit.AutoTests" name="[235] /home/travis/build/icyphy/ptII/ptolemy/actor/lib/test/auto/Multiplexor1.xml (RunModel)" time="0.012" />
  <testcase classname="ptolemy.util.test.junit.AutoTests" name="[236] /home/travis/build/icyphy/ptII/ptolemy/actor/lib/test/auto/Multiplexor2.xml (RunModel)" time="0.015" />
  <testcase classname="ptolemy.util.test.junit.AutoTests" name="[237] /home/travis/build/icyphy/ptII/ptolemy/actor/lib/test/auto/Multiplexor3.xml (RunModel)" time="0.012" />
  <testcase classname="ptolemy.util.test.junit.AutoTests" name="[238] /home/travis/build/icyphy/ptII/ptolemy/actor/lib/test/auto/MultiplexorDE.xml (RunModel)" time="0.02" />
  <testcase classname="ptolemy.util.test.junit.AutoTests" name="[239] /home/travis/build/icyphy/ptII/ptolemy/actor/lib/test/auto/MultiportBroadcastTest.xml (RunModel)" time="0.109" />
  <testcase classname="ptolemy.util.test.junit.AutoTests" name="[240] /home/travis/build/icyphy/ptII/ptolemy/actor/lib/test/auto/MultiportOutHangDuringGetWidth.xml (RunModel)" time="0.038" />
  <testcase classname="ptolemy.util.test.junit.AutoTests" name="[241] /home/travis/build/icyphy/ptII/ptolemy/actor/lib/test/auto/NilToken.xml (RunModel)" time="0.014" />
  <testcase classname="ptolemy.util.test.junit.AutoTests" name="[242] /home/travis/build/icyphy/ptII/ptolemy/actor/lib/test/auto/NilTokenNonStrictTest.xml (RunModel)" time="0.013" />
  <testcase classname="ptolemy.util.test.junit.AutoTests" name="[243] /home/travis/build/icyphy/ptII/ptolemy/actor/lib/test/auto/NilTokenRecord.xml (RunModel)" time="0.027" />
  <testcase classname="ptolemy.util.test.junit.AutoTests" name="[244] /home/travis/build/icyphy/ptII/ptolemy/actor/lib/test/auto/NilTokenTypeTest.xml (RunModel)" time="0.04" />
  <testcase classname="ptolemy.util.test.junit.AutoTests" name="[245] /home/travis/build/icyphy/ptII/ptolemy/actor/lib/test/auto/ObjectToken1.xml (RunModel)" time="0.009" />
  <testcase classname="ptolemy.util.test.junit.AutoTests" name="[246] /home/travis/build/icyphy/ptII/ptolemy/actor/lib/test/auto/OrderedMerge.xml (RunModel)" time="0.022" />
  <testcase classname="ptolemy.util.test.junit.AutoTests" name="[247] /home/travis/build/icyphy/ptII/ptolemy/actor/lib/test/auto/OrderedRecordDisassembler.xml (RunModel)" time="0.02" />
  <testcase classname="ptolemy.util.test.junit.AutoTests" name="[248] /home/travis/build/icyphy/ptII/ptolemy/actor/lib/test/auto/OrderedRecordDisassembler2.xml (RunModel)" time="0.02" />
  <testcase classname="ptolemy.util.test.junit.AutoTests" name="[249] /home/travis/build/icyphy/ptII/ptolemy/actor/lib/test/auto/OrderedRecordUpdater.xml (RunModel)" time="0.012" />
  <testcase classname="ptolemy.util.test.junit.AutoTests" name="[250] /home/travis/build/icyphy/ptII/ptolemy/actor/lib/test/auto/OrderedRecordUpdater2.xml (RunModel)" time="0.02" />
  <testcase classname="ptolemy.util.test.junit.AutoTests" name="[251] /home/travis/build/icyphy/ptII/ptolemy/actor/lib/test/auto/PhaseUnwrap.xml (RunModel)" time="0.014" />
  <testcase classname="ptolemy.util.test.junit.AutoTests" name="[252] /home/travis/build/icyphy/ptII/ptolemy/actor/lib/test/auto/PoissonClock.xml (RunModel)" time="0.011" />
  <testcase classname="ptolemy.util.test.junit.AutoTests" name="[253] /home/travis/build/icyphy/ptII/ptolemy/actor/lib/test/auto/PoissonClock2.xml (RunModel)" time="0.008" />
  <testcase classname="ptolemy.util.test.junit.AutoTests" name="[254] /home/travis/build/icyphy/ptII/ptolemy/actor/lib/test/auto/PoissonClock3.xml (RunModel)" time="0.025" />
  <testcase classname="ptolemy.util.test.junit.AutoTests" name="[255] /home/travis/build/icyphy/ptII/ptolemy/actor/lib/test/auto/PubSubWithInitialTokens.xml (RunModel)" time="0.018" />
  <testcase classname="ptolemy.util.test.junit.AutoTests" name="[256] /home/travis/build/icyphy/ptII/ptolemy/actor/lib/test/auto/PubSubWithInitialTokens2.xml (RunModel)" time="0.011" />
  <testcase classname="ptolemy.util.test.junit.AutoTests" name="[257] /home/travis/build/icyphy/ptII/ptolemy/actor/lib/test/auto/PublisherClassNoParameter.xml (RunModel)" time="0.023" />
  <testcase classname="ptolemy.util.test.junit.AutoTests" name="[258] /home/travis/build/icyphy/ptII/ptolemy/actor/lib/test/auto/PublisherClassParameter.xml (RunModel)" time="0.021" />
  <testcase classname="ptolemy.util.test.junit.AutoTests" name="[259] /home/travis/build/icyphy/ptII/ptolemy/actor/lib/test/auto/PublisherNonStrictTest.xml (RunModel)" time="0.016" />
  <testcase classname="ptolemy.util.test.junit.AutoTests" name="[260] /home/travis/build/icyphy/ptII/ptolemy/actor/lib/test/auto/PublisherPort1.xml (RunModel)" time="0.019" />
  <testcase classname="ptolemy.util.test.junit.AutoTests" name="[261] /home/travis/build/icyphy/ptII/ptolemy/actor/lib/test/auto/PublisherPort2.xml (RunModel)" time="0.008" />
  <testcase classname="ptolemy.util.test.junit.AutoTests" name="[262] /home/travis/build/icyphy/ptII/ptolemy/actor/lib/test/auto/PublisherPort3.xml (RunModel)" time="0.011" />
  <testcase classname="ptolemy.util.test.junit.AutoTests" name="[263] /home/travis/build/icyphy/ptII/ptolemy/actor/lib/test/auto/PublisherPort4.xml (RunModel)" time="0.01" />
  <testcase classname="ptolemy.util.test.junit.AutoTests" name="[264] /home/travis/build/icyphy/ptII/ptolemy/actor/lib/test/auto/PublisherPort5.xml (RunModel)" time="0.015" />
  <testcase classname="ptolemy.util.test.junit.AutoTests" name="[265] /home/travis/build/icyphy/ptII/ptolemy/actor/lib/test/auto/PublisherPort5LookAlike.xml (RunModel)" time="0.017" />
  <testcase classname="ptolemy.util.test.junit.AutoTests" name="[266] /home/travis/build/icyphy/ptII/ptolemy/actor/lib/test/auto/PublisherPort6.xml (RunModel)" time="0.011" />
  <testcase classname="ptolemy.util.test.junit.AutoTests" name="[267] /home/travis/build/icyphy/ptII/ptolemy/actor/lib/test/auto/PublisherPort7.xml (RunModel)" time="0.014" />
  <testcase classname="ptolemy.util.test.junit.AutoTests" name="[268] /home/travis/build/icyphy/ptII/ptolemy/actor/lib/test/auto/PublisherPort8.xml (RunModel)" time="0.015" />
  <testcase classname="ptolemy.util.test.junit.AutoTests" name="[269] /home/travis/build/icyphy/ptII/ptolemy/actor/lib/test/auto/PublisherPortSubscriberChannelVariablesAOC2.xml (RunModel)" time="0.034" />
  <testcase classname="ptolemy.util.test.junit.AutoTests" name="[270] /home/travis/build/icyphy/ptII/ptolemy/actor/lib/test/auto/PublisherPortSubscriberOpaqueWidthInference.xml (RunModel)" time="0.017" />
  <testcase classname="ptolemy.util.test.junit.AutoTests" name="[271] /home/travis/build/icyphy/ptII/ptolemy/actor/lib/test/auto/PublisherPortSubscriberPortAdjacent.xml (RunModel)" time="0.02" />
  <testcase classname="ptolemy.util.test.junit.AutoTests" name="[272] /home/travis/build/icyphy/ptII/ptolemy/actor/lib/test/auto/PublisherPortSubscriberPortExpression.xml (RunModel)" time="0.019" />
  <testcase classname="ptolemy.util.test.junit.AutoTests" name="[273] /home/travis/build/icyphy/ptII/ptolemy/actor/lib/test/auto/PublisherPortSubscriberPortOpaqueD3Reverse.xml (RunModel)" time="0.062" />
  <testcase classname="ptolemy.util.test.junit.AutoTests" name="[274] /home/travis/build/icyphy/ptII/ptolemy/actor/lib/test/auto/PublisherPortSubscriberPortOpaqueWidthInference.xml (RunModel)" time="0.018" />
  <testcase classname="ptolemy.util.test.junit.AutoTests" name="[275] /home/travis/build/icyphy/ptII/ptolemy/actor/lib/test/auto/PublisherPortToplevelSubscriberPortAOC.xml (RunModel)" time="0.013" />
  <testcase classname="ptolemy.util.test.junit.AutoTests" name="[276] /home/travis/build/icyphy/ptII/ptolemy/actor/lib/test/auto/PublisherSubscriber.xml (RunModel)" time="0.015" />
  <testcase classname="ptolemy.util.test.junit.AutoTests" name="[277] /home/travis/build/icyphy/ptII/ptolemy/actor/lib/test/auto/PublisherSubscriber10.xml (RunModel)" time="0.021" />
  <testcase classname="ptolemy.util.test.junit.AutoTests" name="[278] /home/travis/build/icyphy/ptII/ptolemy/actor/lib/test/auto/PublisherSubscriber10InitialOutputs.xml (RunModel)" time="0.038" />
  <testcase classname="ptolemy.util.test.junit.AutoTests" name="[279] /home/travis/build/icyphy/ptII/ptolemy/actor/lib/test/auto/PublisherSubscriber11.xml (RunModel)" time="0.018" />
  <testcase classname="ptolemy.util.test.junit.AutoTests" name="[280] /home/travis/build/icyphy/ptII/ptolemy/actor/lib/test/auto/PublisherSubscriber12.xml (RunModel)" time="0.015" />
  <testcase classname="ptolemy.util.test.junit.AutoTests" name="[281] /home/travis/build/icyphy/ptII/ptolemy/actor/lib/test/auto/PublisherSubscriber13.xml (RunModel)" time="0.018" />
  <testcase classname="ptolemy.util.test.junit.AutoTests" name="[282] /home/travis/build/icyphy/ptII/ptolemy/actor/lib/test/auto/PublisherSubscriber14.xml (RunModel)" time="0.019" />
  <testcase classname="ptolemy.util.test.junit.AutoTests" name="[283] /home/travis/build/icyphy/ptII/ptolemy/actor/lib/test/auto/PublisherSubscriber2.xml (RunModel)" time="0.011" />
  <testcase classname="ptolemy.util.test.junit.AutoTests" name="[284] /home/travis/build/icyphy/ptII/ptolemy/actor/lib/test/auto/PublisherSubscriber3.xml (RunModel)" time="0.01" />
  <testcase classname="ptolemy.util.test.junit.AutoTests" name="[285] /home/travis/build/icyphy/ptII/ptolemy/actor/lib/test/auto/PublisherSubscriber4.xml (RunModel)" time="0.009" />
  <testcase classname="ptolemy.util.test.junit.AutoTests" name="[286] /home/travis/build/icyphy/ptII/ptolemy/actor/lib/test/auto/PublisherSubscriber5.xml (RunModel)" time="0.011" />
  <testcase classname="ptolemy.util.test.junit.AutoTests" name="[287] /home/travis/build/icyphy/ptII/ptolemy/actor/lib/test/auto/PublisherSubscriber6.xml (RunModel)" time="0.013" />
  <testcase classname="ptolemy.util.test.junit.AutoTests" name="[288] /home/travis/build/icyphy/ptII/ptolemy/actor/lib/test/auto/PublisherSubscriber7.xml (RunModel)" time="0.021" />
  <testcase classname="ptolemy.util.test.junit.AutoTests" name="[289] /home/travis/build/icyphy/ptII/ptolemy/actor/lib/test/auto/PublisherSubscriber8.xml (RunModel)" time="0.028" />
  <testcase classname="ptolemy.util.test.junit.AutoTests" name="[290] /home/travis/build/icyphy/ptII/ptolemy/actor/lib/test/auto/PublisherSubscriber9.xml (RunModel)" time="0.017" />
  <testcase classname="ptolemy.util.test.junit.AutoTests" name="[291] /home/travis/build/icyphy/ptII/ptolemy/actor/lib/test/auto/PublisherSubscriberAdjacent.xml (RunModel)" time="0.015" />
  <testcase classname="ptolemy.util.test.junit.AutoTests" name="[292] /home/travis/build/icyphy/ptII/ptolemy/actor/lib/test/auto/PublisherSubscriberChannelVariablesAOC2.xml (RunModel)" time="0.023" />
  <testcase classname="ptolemy.util.test.junit.AutoTests" name="[293] /home/travis/build/icyphy/ptII/ptolemy/actor/lib/test/auto/PublisherSubscriberD3.xml (RunModel)" time="0.011" />
  <testcase classname="ptolemy.util.test.junit.AutoTests" name="[294] /home/travis/build/icyphy/ptII/ptolemy/actor/lib/test/auto/PublisherSubscriberD3Reverse.xml (RunModel)" time="0.011" />
  <testcase classname="ptolemy.util.test.junit.AutoTests" name="[295] /home/travis/build/icyphy/ptII/ptolemy/actor/lib/test/auto/PublisherSubscriberExpression.xml (RunModel)" time="0.017" />
  <testcase classname="ptolemy.util.test.junit.AutoTests" name="[296] /home/travis/build/icyphy/ptII/ptolemy/actor/lib/test/auto/PublisherSubscriberOpaque.xml (RunModel)" time="0.013" />
  <testcase classname="ptolemy.util.test.junit.AutoTests" name="[297] /home/travis/build/icyphy/ptII/ptolemy/actor/lib/test/auto/PublisherSubscriberOpaqueD3.xml (RunModel)" time="0.021" />
  <testcase classname="ptolemy.util.test.junit.AutoTests" name="[298] /home/travis/build/icyphy/ptII/ptolemy/actor/lib/test/auto/PublisherSubscriberOpaqueD3Reverse.xml (RunModel)" time="0.02" />
  <testcase classname="ptolemy.util.test.junit.AutoTests" name="[299] /home/travis/build/icyphy/ptII/ptolemy/actor/lib/test/auto/PublisherSubscriberOpaqueWidthInference.xml (RunModel)" time="0.014" />
  <testcase classname="ptolemy.util.test.junit.AutoTests" name="[300] /home/travis/build/icyphy/ptII/ptolemy/actor/lib/test/auto/PublisherTestSubscriber.xml (RunModel)" time="0.015" />
  <testcase classname="ptolemy.util.test.junit.AutoTests" name="[301] /home/travis/build/icyphy/ptII/ptolemy/actor/lib/test/auto/PublisherToplevelSubscriberPortAOC.xml (RunModel)" time="0.009" />
  <testcase classname="ptolemy.util.test.junit.AutoTests" name="[302] /home/travis/build/icyphy/ptII/ptolemy/actor/lib/test/auto/PulseFiringLimitDE.xml (RunModel)" time="0.013" />
  <testcase classname="ptolemy.util.test.junit.AutoTests" name="[303] /home/travis/build/icyphy/ptII/ptolemy/actor/lib/test/auto/Ramp1.xml (RunModel)" time="0.007" />
  <testcase classname="ptolemy.util.test.junit.AutoTests" name="[304] /home/travis/build/icyphy/ptII/ptolemy/actor/lib/test/auto/RampFiringLimitDE.xml (RunModel)" time="0.01" />
  <testcase classname="ptolemy.util.test.junit.AutoTests" name="[305] /home/travis/build/icyphy/ptII/ptolemy/actor/lib/test/auto/RampFiringLimitSDF.xml (RunModel)" time="0.01" />
  <testcase classname="ptolemy.util.test.junit.AutoTests" name="[306] /home/travis/build/icyphy/ptII/ptolemy/actor/lib/test/auto/RandomInteger.xml (RunModel)" time="0.012" />
  <testcase classname="ptolemy.util.test.junit.AutoTests" name="[307] /home/travis/build/icyphy/ptII/ptolemy/actor/lib/test/auto/ReadFile1.xml (RunModel)" time="0.008" />
  <testcase classname="ptolemy.util.test.junit.AutoTests" name="[308] /home/travis/build/icyphy/ptII/ptolemy/actor/lib/test/auto/ReadFile2.xml (RunModel)" time="0.007" />
  <testcase classname="ptolemy.util.test.junit.AutoTests" name="[309] /home/travis/build/icyphy/ptII/ptolemy/actor/lib/test/auto/Reader.xml (RunModel)" time="0.011" />
  <testcase classname="ptolemy.util.test.junit.AutoTests" name="[310] /home/travis/build/icyphy/ptII/ptolemy/actor/lib/test/auto/RecordAssemblerDisplayNameTest.xml (RunModel)" time="3.987" />
  <testcase classname="ptolemy.util.test.junit.AutoTests" name="[311] /home/travis/build/icyphy/ptII/ptolemy/actor/lib/test/auto/RecordAssemblerTypeError.xml (RunModel)" time="0.038" />
  <testcase classname="ptolemy.util.test.junit.AutoTests" name="[312] /home/travis/build/icyphy/ptII/ptolemy/actor/lib/test/auto/RecordDisassember.xml (RunModel)" time="0.013" />
  <testcase classname="ptolemy.util.test.junit.AutoTests" name="[313] /home/travis/build/icyphy/ptII/ptolemy/actor/lib/test/auto/RecordDisassemberDisplayNameTest.xml (RunModel)" time="0.049" />
  <testcase classname="ptolemy.util.test.junit.AutoTests" name="[314] /home/travis/build/icyphy/ptII/ptolemy/actor/lib/test/auto/RecordDisassembler.xml (RunModel)" time="0.01" />
  <testcase classname="ptolemy.util.test.junit.AutoTests" name="[315] /home/travis/build/icyphy/ptII/ptolemy/actor/lib/test/auto/RecordDisassembler2.xml (RunModel)" time="0.01" />
  <testcase classname="ptolemy.util.test.junit.AutoTests" name="[316] /home/travis/build/icyphy/ptII/ptolemy/actor/lib/test/auto/RecordUpdater.xml (RunModel)" time="0.009" />
  <testcase classname="ptolemy.util.test.junit.AutoTests" name="[317] /home/travis/build/icyphy/ptII/ptolemy/actor/lib/test/auto/RecordUpdater2.xml (RunModel)" time="0.009" />
  <testcase classname="ptolemy.util.test.junit.AutoTests" name="[318] /home/travis/build/icyphy/ptII/ptolemy/actor/lib/test/auto/RecursiveLattice.xml (RunModel)" time="0.008" />
  <testcase classname="ptolemy.util.test.junit.AutoTests" name="[319] /home/travis/build/icyphy/ptII/ptolemy/actor/lib/test/auto/Router.xml (RunModel)" time="3.027" />
  <testcase classname="ptolemy.util.test.junit.AutoTests" name="[320] /home/travis/build/icyphy/ptII/ptolemy/actor/lib/test/auto/Router2.xml (RunModel)" time="3.026" />
  <testcase classname="ptolemy.util.test.junit.AutoTests" name="[321] /home/travis/build/icyphy/ptII/ptolemy/actor/lib/test/auto/RunningMaximum.xml (RunModel)" time="0.035" />
  <testcase classname="ptolemy.util.test.junit.AutoTests" name="[322] /home/travis/build/icyphy/ptII/ptolemy/actor/lib/test/auto/RunningMinimum.xml (RunModel)" time="0.017" />
  <testcase classname="ptolemy.util.test.junit.AutoTests" name="[323] /home/travis/build/icyphy/ptII/ptolemy/actor/lib/test/auto/Scale.xml (RunModel)" time="0.009" />
  <testcase classname="ptolemy.util.test.junit.AutoTests" name="[324] /home/travis/build/icyphy/ptII/ptolemy/actor/lib/test/auto/Scale2.xml (RunModel)" time="0.011" />
  <testcase classname="ptolemy.util.test.junit.AutoTests" name="[325] /home/travis/build/icyphy/ptII/ptolemy/actor/lib/test/auto/Scale3.xml (RunModel)" time="0.023" />
  <testcase classname="ptolemy.util.test.junit.AutoTests" name="[326] /home/travis/build/icyphy/ptII/ptolemy/actor/lib/test/auto/ScaleArray.xml (RunModel)" time="0.011" />
  <testcase classname="ptolemy.util.test.junit.AutoTests" name="[327] /home/travis/build/icyphy/ptII/ptolemy/actor/lib/test/auto/ScaleArray2.xml (RunModel)" time="0.013" />
  <testcase classname="ptolemy.util.test.junit.AutoTests" name="[328] /home/travis/build/icyphy/ptII/ptolemy/actor/lib/test/auto/ScaleMatrix.xml (RunModel)" time="0.123" />
  <testcase classname="ptolemy.util.test.junit.AutoTests" name="[329] /home/travis/build/icyphy/ptII/ptolemy/actor/lib/test/auto/Select.xml (RunModel)" time="0.013" />
  <testcase classname="ptolemy.util.test.junit.AutoTests" name="[330] /home/travis/build/icyphy/ptII/ptolemy/actor/lib/test/auto/Select2.xml (RunModel)" time="0.008" />
  <testcase classname="ptolemy.util.test.junit.AutoTests" name="[331] /home/travis/build/icyphy/ptII/ptolemy/actor/lib/test/auto/SequenceToArray2.xml (RunModel)" time="0.145" />
  <testcase classname="ptolemy.util.test.junit.AutoTests" name="[332] /home/travis/build/icyphy/ptII/ptolemy/actor/lib/test/auto/SequentialClock.xml (RunModel)" time="0.009" />
  <testcase classname="ptolemy.util.test.junit.AutoTests" name="[333] /home/travis/build/icyphy/ptII/ptolemy/actor/lib/test/auto/SetVariable.xml (RunModel)" time="0.011" />
  <testcase classname="ptolemy.util.test.junit.AutoTests" name="[334] /home/travis/build/icyphy/ptII/ptolemy/actor/lib/test/auto/SetVariable2.xml (RunModel)" time="0.01" />
  <testcase classname="ptolemy.util.test.junit.AutoTests" name="[335] /home/travis/build/icyphy/ptII/ptolemy/actor/lib/test/auto/SetVariable3.xml (RunModel)" time="0.016" />
  <testcase classname="ptolemy.util.test.junit.AutoTests" name="[336] /home/travis/build/icyphy/ptII/ptolemy/actor/lib/test/auto/SetVariable4.xml (RunModel)" time="0.033" />
  <testcase classname="ptolemy.util.test.junit.AutoTests" name="[337] /home/travis/build/icyphy/ptII/ptolemy/actor/lib/test/auto/SetVariable5.xml (RunModel)" time="0.034" />
  <testcase classname="ptolemy.util.test.junit.AutoTests" name="[338] /home/travis/build/icyphy/ptII/ptolemy/actor/lib/test/auto/Sinewave.xml (RunModel)" time="0.027" />
  <testcase classname="ptolemy.util.test.junit.AutoTests" name="[339] /home/travis/build/icyphy/ptII/ptolemy/actor/lib/test/auto/Sinewave2.xml (RunModel)" time="0.015" />
  <testcase classname="ptolemy.util.test.junit.AutoTests" name="[340] /home/travis/build/icyphy/ptII/ptolemy/actor/lib/test/auto/Sinewave3.xml (RunModel)" time="0.018" />
  <testcase classname="ptolemy.util.test.junit.AutoTests" name="[341] /home/travis/build/icyphy/ptII/ptolemy/actor/lib/test/auto/SingleEvent.xml (RunModel)" time="0.007" />
  <testcase classname="ptolemy.util.test.junit.AutoTests" name="[342] /home/travis/build/icyphy/ptII/ptolemy/actor/lib/test/auto/Sleep.xml (RunModel)" time="6.021" />
  <testcase classname="ptolemy.util.test.junit.AutoTests" name="[343] /home/travis/build/icyphy/ptII/ptolemy/actor/lib/test/auto/SleepMultipleFire.xml (RunModel)" time="1.016" />
  <testcase classname="ptolemy.util.test.junit.AutoTests" name="[344] /home/travis/build/icyphy/ptII/ptolemy/actor/lib/test/auto/StopDE.xml (RunModel)" time="0.013" />
  <testcase classname="ptolemy.util.test.junit.AutoTests" name="[345] /home/travis/build/icyphy/ptII/ptolemy/actor/lib/test/auto/StopSDF.xml (RunModel)" time="0.01" />
  <testcase classname="ptolemy.util.test.junit.AutoTests" name="[346] /home/travis/build/icyphy/ptII/ptolemy/actor/lib/test/auto/StringConstant.xml (RunModel)" time="0.015" />
  <testcase classname="ptolemy.util.test.junit.AutoTests" name="[347] /home/travis/build/icyphy/ptII/ptolemy/actor/lib/test/auto/SubscriberPortInitialValues1.xml (RunModel)" time="0.021" />
  <testcase classname="ptolemy.util.test.junit.AutoTests" name="[348] /home/travis/build/icyphy/ptII/ptolemy/actor/lib/test/auto/SubscriberPortInitialValues13.xml (RunModel)" time="0.025" />
  <testcase classname="ptolemy.util.test.junit.AutoTests" name="[349] /home/travis/build/icyphy/ptII/ptolemy/actor/lib/test/auto/SubscriberPortInitialValues14.xml (RunModel)" time="0.018" />
  <testcase classname="ptolemy.util.test.junit.AutoTests" name="[350] /home/travis/build/icyphy/ptII/ptolemy/actor/lib/test/auto/SubscriberPortInitialValues2.xml (RunModel)" time="0.015" />
  <testcase classname="ptolemy.util.test.junit.AutoTests" name="[351] /home/travis/build/icyphy/ptII/ptolemy/actor/lib/test/auto/SubscriberPortInitialValues3.xml (RunModel)" time="0.02" />
  <testcase classname="ptolemy.util.test.junit.AutoTests" name="[352] /home/travis/build/icyphy/ptII/ptolemy/actor/lib/test/auto/SubscriptionAggregator.xml (RunModel)" time="0.011" />
  <testcase classname="ptolemy.util.test.junit.AutoTests" name="[353] /home/travis/build/icyphy/ptII/ptolemy/actor/lib/test/auto/SubscriptionAggregator2.xml (RunModel)" time="0.011" />
  <testcase classname="ptolemy.util.test.junit.AutoTests" name="[354] /home/travis/build/icyphy/ptII/ptolemy/actor/lib/test/auto/SubscriptionAggregator3.xml (RunModel)" time="0.044" />
  <testcase classname="ptolemy.util.test.junit.AutoTests" name="[355] /home/travis/build/icyphy/ptII/ptolemy/actor/lib/test/auto/SubscriptionAggregatorMultiply.xml (RunModel)" time="0.027" />
  <testcase classname="ptolemy.util.test.junit.AutoTests" name="[356] /home/travis/build/icyphy/ptII/ptolemy/actor/lib/test/auto/SubscriptionAggregatorPortMultiply1.xml (RunModel)" time="0.018" />
  <testcase classname="ptolemy.util.test.junit.AutoTests" name="[357] /home/travis/build/icyphy/ptII/ptolemy/actor/lib/test/auto/Switch.xml (RunModel)" time="0.02" />
  <testcase classname="ptolemy.util.test.junit.AutoTests" name="[358] /home/travis/build/icyphy/ptII/ptolemy/actor/lib/test/auto/Switch2.xml (RunModel)" time="0.018" />
  <testcase classname="ptolemy.util.test.junit.AutoTests" name="[359] /home/travis/build/icyphy/ptII/ptolemy/actor/lib/test/auto/SwitchDE.xml (RunModel)" time="0.014" />
  <testcase classname="ptolemy.util.test.junit.AutoTests" name="[360] /home/travis/build/icyphy/ptII/ptolemy/actor/lib/test/auto/SynchronizerDE.xml (RunModel)" time="0.02" />
  <testcase classname="ptolemy.util.test.junit.AutoTests" name="[361] /home/travis/build/icyphy/ptII/ptolemy/actor/lib/test/auto/Test.xml (RunModel)" time="0.015" />
  <testcase classname="ptolemy.util.test.junit.AutoTests" name="[362] /home/travis/build/icyphy/ptII/ptolemy/actor/lib/test/auto/TestExceptionAttribute1.xml (RunModel)" time="0.008" />
  <testcase classname="ptolemy.util.test.junit.AutoTests" name="[363] /home/travis/build/icyphy/ptII/ptolemy/actor/lib/test/auto/TestExceptionAttribute2.xml (RunModel)" time="0.007" />
  <testcase classname="ptolemy.util.test.junit.AutoTests" name="[364] /home/travis/build/icyphy/ptII/ptolemy/actor/lib/test/auto/TestExceptionAttribute3.xml (RunModel)" time="0.007" />
  <testcase classname="ptolemy.util.test.junit.AutoTests" name="[365] /home/travis/build/icyphy/ptII/ptolemy/actor/lib/test/auto/TestExceptionAttribute4.xml (RunModel)" time="0.006" />
  <testcase classname="ptolemy.util.test.junit.AutoTests" name="[366] /home/travis/build/icyphy/ptII/ptolemy/actor/lib/test/auto/TestExceptionHandler1.xml (RunModel)" time="0.006" />
  <testcase classname="ptolemy.util.test.junit.AutoTests" name="[367] /home/travis/build/icyphy/ptII/ptolemy/actor/lib/test/auto/TestExceptionHandler2.xml (RunModel)" time="0.005" />
  <testcase classname="ptolemy.util.test.junit.AutoTests" name="[368] /home/travis/build/icyphy/ptII/ptolemy/actor/lib/test/auto/TestExceptionHandler3.xml (RunModel)" time="0.007" />
  <testcase classname="ptolemy.util.test.junit.AutoTests" name="[369] /home/travis/build/icyphy/ptII/ptolemy/actor/lib/test/auto/TestExceptionHandler4.xml (RunModel)" time="0.006" />
  <testcase classname="ptolemy.util.test.junit.AutoTests" name="[370] /home/travis/build/icyphy/ptII/ptolemy/actor/lib/test/auto/TestRequireCorrectOrder.xml (RunModel)" time="0.009" />
  <testcase classname="ptolemy.util.test.junit.AutoTests" name="[371] /home/travis/build/icyphy/ptII/ptolemy/actor/lib/test/auto/TestSimple.xml (RunModel)" time="0.007" />
  <testcase classname="ptolemy.util.test.junit.AutoTests" name="[372] /home/travis/build/icyphy/ptII/ptolemy/actor/lib/test/auto/ThrowModelError.xml (RunModel)" time="0.01" />
  <testcase classname="ptolemy.util.test.junit.AutoTests" name="[373] /home/travis/build/icyphy/ptII/ptolemy/actor/lib/test/auto/TimeDelayMicrosteps.xml (RunModel)" time="0.016" />
  <testcase classname="ptolemy.util.test.junit.AutoTests" name="[374] /home/travis/build/icyphy/ptII/ptolemy/actor/lib/test/auto/TimeDelayMicrosteps2.xml (RunModel)" time="0.013" />
  <testcase classname="ptolemy.util.test.junit.AutoTests" name="[375] /home/travis/build/icyphy/ptII/ptolemy/actor/lib/test/auto/TimeDelayMicrosteps3.xml (RunModel)" time="0.012" />
  <testcase classname="ptolemy.util.test.junit.AutoTests" name="[376] /home/travis/build/icyphy/ptII/ptolemy/actor/lib/test/auto/TimeDelayVariableMicrosteps.xml (RunModel)" time="0.012" />
  <testcase classname="ptolemy.util.test.junit.AutoTests" name="[377] /home/travis/build/icyphy/ptII/ptolemy/actor/lib/test/auto/TimeGap.xml (RunModel)" time="0.015" />
  <testcase classname="ptolemy.util.test.junit.AutoTests" name="[378] /home/travis/build/icyphy/ptII/ptolemy/actor/lib/test/auto/TimeGap2.xml (RunModel)" time="0.012" />
  <testcase classname="ptolemy.util.test.junit.AutoTests" name="[379] /home/travis/build/icyphy/ptII/ptolemy/actor/lib/test/auto/TimedSinewave.xml (RunModel)" time="0.049" />
  <testcase classname="ptolemy.util.test.junit.AutoTests" name="[380] /home/travis/build/icyphy/ptII/ptolemy/actor/lib/test/auto/TimedSinewavePhase.xml (RunModel)" time="0.032" />
  <testcase classname="ptolemy.util.test.junit.AutoTests" name="[381] /home/travis/build/icyphy/ptII/ptolemy/actor/lib/test/auto/Timer.xml (RunModel)" time="0.016" />
  <testcase classname="ptolemy.util.test.junit.AutoTests" name="[382] /home/travis/build/icyphy/ptII/ptolemy/actor/lib/test/auto/TriangularDistTestModel.xml (RunModel)" time="0.016" />
  <testcase classname="ptolemy.util.test.junit.AutoTests" name="[383] /home/travis/build/icyphy/ptII/ptolemy/actor/lib/test/auto/TrigFunction.xml (RunModel)" time="0.008" />
  <testcase classname="ptolemy.util.test.junit.AutoTests" name="[384] /home/travis/build/icyphy/ptII/ptolemy/actor/lib/test/auto/TrigFunctionDE.xml (RunModel)" time="0.011" />
  <testcase classname="ptolemy.util.test.junit.AutoTests" name="[385] /home/travis/build/icyphy/ptII/ptolemy/actor/lib/test/auto/TrigFunctionInverse.xml (RunModel)" time="0.008" />
  <testcase classname="ptolemy.util.test.junit.AutoTests" name="[386] /home/travis/build/icyphy/ptII/ptolemy/actor/lib/test/auto/TrigFunctionTan.xml (RunModel)" time="0.007" />
  <testcase classname="ptolemy.util.test.junit.AutoTests" name="[387] /home/travis/build/icyphy/ptII/ptolemy/actor/lib/test/auto/TriggeredClock.xml (RunModel)" time="0.008" />
  <testcase classname="ptolemy.util.test.junit.AutoTests" name="[388] /home/travis/build/icyphy/ptII/ptolemy/actor/lib/test/auto/URLDirectoryReader.xml (RunModel)" time="0.121" />
  <testcase classname="ptolemy.util.test.junit.AutoTests" name="[389] /home/travis/build/icyphy/ptII/ptolemy/actor/lib/test/auto/URLDirectoryReader3.xml (RunModel)" time="1.28" />
  <testcase classname="ptolemy.util.test.junit.AutoTests" name="[390] /home/travis/build/icyphy/ptII/ptolemy/actor/lib/test/auto/UnaryMathFunction.xml (RunModel)" time="0.029" />
  <testcase classname="ptolemy.util.test.junit.AutoTests" name="[391] /home/travis/build/icyphy/ptII/ptolemy/actor/lib/test/auto/Uniform.xml (RunModel)" time="0.01" />
  <testcase classname="ptolemy.util.test.junit.AutoTests" name="[392] /home/travis/build/icyphy/ptII/ptolemy/actor/lib/test/auto/UnionDisassemblerTest.xml (RunModel)" time="0.021" />
  <testcase classname="ptolemy.util.test.junit.AutoTests" name="[393] /home/travis/build/icyphy/ptII/ptolemy/actor/lib/test/auto/UtilityFunctions.xml (RunModel)" time="0.007" />
  <testcase classname="ptolemy.util.test.junit.AutoTests" name="[394] /home/travis/build/icyphy/ptII/ptolemy/actor/lib/test/auto/VariableSleep.xml (RunModel)" time="0.512" />
  <testcase classname="ptolemy.util.test.junit.AutoTests" name="[395] /home/travis/build/icyphy/ptII/ptolemy/actor/lib/test/auto/VectorAssemblerDisassemblerCT.xml (RunModel)" time="0.095" />
  <testcase classname="ptolemy.util.test.junit.AutoTests" name="[396] /home/travis/build/icyphy/ptII/ptolemy/actor/lib/test/auto/VectorAssemblerDisassemblerDE.xml (RunModel)" time="0.013" />
  <testcase classname="ptolemy.util.test.junit.AutoTests" name="[397] /home/travis/build/icyphy/ptII/ptolemy/actor/lib/test/auto/VectorAssemblerDisassemblerSDF.xml (RunModel)" time="0.012" />
  <testcase classname="ptolemy.util.test.junit.AutoTests" name="[398] /home/travis/build/icyphy/ptII/ptolemy/actor/lib/test/auto/WallClockTime.xml (RunModel)" time="1.013" />
  <testcase classname="ptolemy.util.test.junit.AutoTests" name="[399] /home/travis/build/icyphy/ptII/ptolemy/actor/lib/test/auto/WidthTestWithSubscriberPublisher.xml (RunModel)" time="0.085" />
  <testcase classname="ptolemy.util.test.junit.AutoTests" name="[400] /home/travis/build/icyphy/ptII/ptolemy/actor/lib/test/auto/WidthTestWithSubscriberPublisher2.xml (RunModel)" time="0.044" />
  <testcase classname="ptolemy.util.test.junit.AutoTests" name="[401] /home/travis/build/icyphy/ptII/ptolemy/actor/lib/test/auto/WidthTestWithSubscriberPublisher3.xml (RunModel)" time="0.035" />
  <testcase classname="ptolemy.util.test.junit.AutoTests" name="[402] /home/travis/build/icyphy/ptII/ptolemy/actor/lib/test/auto/Writer.xml (RunModel)" time="0.031" />
  <testcase classname="ptolemy.util.test.junit.AutoTests" name="[403] /home/travis/build/icyphy/ptII/ptolemy/actor/lib/test/auto/array.xml (RunModel)" time="0.038" />
  <testcase classname="ptolemy.util.test.junit.AutoTests" name="[404] /home/travis/build/icyphy/ptII/ptolemy/actor/lib/test/auto/array2.xml (RunModel)" time="0.034" />
  <testcase classname="ptolemy.util.test.junit.AutoTests" name="[405] /home/travis/build/icyphy/ptII/ptolemy/actor/lib/test/auto/arrayType.xml (RunModel)" time="0.042" />
  <testcase classname="ptolemy.util.test.junit.AutoTests" name="[406] /home/travis/build/icyphy/ptII/ptolemy/actor/lib/test/auto/arrayType10.xml (RunModel)" time="0.019" />
  <testcase classname="ptolemy.util.test.junit.AutoTests" name="[407] /home/travis/build/icyphy/ptII/ptolemy/actor/lib/test/auto/arrayType11.xml (RunModel)" time="0.008" />
  <testcase classname="ptolemy.util.test.junit.AutoTests" name="[408] /home/travis/build/icyphy/ptII/ptolemy/actor/lib/test/auto/arrayType12.xml (RunModel)" time="0.009" />
  <testcase classname="ptolemy.util.test.junit.AutoTests" name="[409] /home/travis/build/icyphy/ptII/ptolemy/actor/lib/test/auto/arrayType13.xml (RunModel)" time="0.008" />
  <testcase classname="ptolemy.util.test.junit.AutoTests" name="[410] /home/travis/build/icyphy/ptII/ptolemy/actor/lib/test/auto/arrayType14.xml (RunModel)" time="0.009" />
  <testcase classname="ptolemy.util.test.junit.AutoTests" name="[411] /home/travis/build/icyphy/ptII/ptolemy/actor/lib/test/auto/arrayType15.xml (RunModel)" time="0.009" />
  <testcase classname="ptolemy.util.test.junit.AutoTests" name="[412] /home/travis/build/icyphy/ptII/ptolemy/actor/lib/test/auto/arrayType16.xml (RunModel)" time="0.008" />
  <testcase classname="ptolemy.util.test.junit.AutoTests" name="[413] /home/travis/build/icyphy/ptII/ptolemy/actor/lib/test/auto/arrayType17.xml (RunModel)" time="0.009" />
  <testcase classname="ptolemy.util.test.junit.AutoTests" name="[414] /home/travis/build/icyphy/ptII/ptolemy/actor/lib/test/auto/arrayType18.xml (RunModel)" time="0.009" />
  <testcase classname="ptolemy.util.test.junit.AutoTests" name="[415] /home/travis/build/icyphy/ptII/ptolemy/actor/lib/test/auto/arrayType19.xml (RunModel)" time="0.008" />
  <testcase classname="ptolemy.util.test.junit.AutoTests" name="[416] /home/travis/build/icyphy/ptII/ptolemy/actor/lib/test/auto/arrayType2.xml (RunModel)" time="0.009" />
  <testcase classname="ptolemy.util.test.junit.AutoTests" name="[417] /home/travis/build/icyphy/ptII/ptolemy/actor/lib/test/auto/arrayType20.xml (RunModel)" time="0.009" />
  <testcase classname="ptolemy.util.test.junit.AutoTests" name="[418] /home/travis/build/icyphy/ptII/ptolemy/actor/lib/test/auto/arrayType21.xml (RunModel)" time="0.008" />
  <testcase classname="ptolemy.util.test.junit.AutoTests" name="[419] /home/travis/build/icyphy/ptII/ptolemy/actor/lib/test/auto/arrayType22.xml (RunModel)" time="0.011" />
  <testcase classname="ptolemy.util.test.junit.AutoTests" name="[420] /home/travis/build/icyphy/ptII/ptolemy/actor/lib/test/auto/arrayType23.xml (RunModel)" time="0.009" />
  <testcase classname="ptolemy.util.test.junit.AutoTests" name="[421] /home/travis/build/icyphy/ptII/ptolemy/actor/lib/test/auto/arrayType24.xml (RunModel)" time="0.009" />
  <testcase classname="ptolemy.util.test.junit.AutoTests" name="[422] /home/travis/build/icyphy/ptII/ptolemy/actor/lib/test/auto/arrayType25.xml (RunModel)" time="0.009" />
  <testcase classname="ptolemy.util.test.junit.AutoTests" name="[423] /home/travis/build/icyphy/ptII/ptolemy/actor/lib/test/auto/arrayType26.xml (RunModel)" time="0.008" />
  <testcase classname="ptolemy.util.test.junit.AutoTests" name="[424] /home/travis/build/icyphy/ptII/ptolemy/actor/lib/test/auto/arrayType27.xml (RunModel)" time="0.008" />
  <testcase classname="ptolemy.util.test.junit.AutoTests" name="[425] /home/travis/build/icyphy/ptII/ptolemy/actor/lib/test/auto/arrayType28.xml (RunModel)" time="0.01" />
  <testcase classname="ptolemy.util.test.junit.AutoTests" name="[426] /home/travis/build/icyphy/ptII/ptolemy/actor/lib/test/auto/arrayType3.xml (RunModel)" time="0.009" />
  <testcase classname="ptolemy.util.test.junit.AutoTests" name="[427] /home/travis/build/icyphy/ptII/ptolemy/actor/lib/test/auto/arrayType4.xml (RunModel)" time="0.009" />
  <testcase classname="ptolemy.util.test.junit.AutoTests" name="[428] /home/travis/build/icyphy/ptII/ptolemy/actor/lib/test/auto/arrayType5.xml (RunModel)" time="0.008" />
  <testcase classname="ptolemy.util.test.junit.AutoTests" name="[429] /home/travis/build/icyphy/ptII/ptolemy/actor/lib/test/auto/arrayType6.xml (RunModel)" time="0.009" />
  <testcase classname="ptolemy.util.test.junit.AutoTests" name="[430] /home/travis/build/icyphy/ptII/ptolemy/actor/lib/test/auto/arrayType7.xml (RunModel)" time="0.028" />
  <testcase classname="ptolemy.util.test.junit.AutoTests" name="[431] /home/travis/build/icyphy/ptII/ptolemy/actor/lib/test/auto/arrayType8.xml (RunModel)" time="0.008" />
  <testcase classname="ptolemy.util.test.junit.AutoTests" name="[432] /home/travis/build/icyphy/ptII/ptolemy/actor/lib/test/auto/arrayType9.xml (RunModel)" time="0.008" />
  <testcase classname="ptolemy.util.test.junit.AutoTests" name="[433] /home/travis/build/icyphy/ptII/ptolemy/actor/lib/test/auto/cast.xml (RunModel)" time="0.009" />
  <testcase classname="ptolemy.util.test.junit.AutoTests" name="[434] /home/travis/build/icyphy/ptII/ptolemy/actor/lib/test/auto/compositeMultiPort.xml (RunModel)" time="0.017" />
  <testcase classname="ptolemy.util.test.junit.AutoTests" name="[435] /home/travis/build/icyphy/ptII/ptolemy/actor/lib/test/auto/expressionCastInference.xml (RunModel)" time="0.008" />
  <testcase classname="ptolemy.util.test.junit.AutoTests" name="[436] /home/travis/build/icyphy/ptII/ptolemy/actor/lib/test/auto/expressionCastInference2.xml (RunModel)" time="0.007" />
  <testcase classname="ptolemy.util.test.junit.AutoTests" name="[437] /home/travis/build/icyphy/ptII/ptolemy/actor/lib/test/auto/expressionInference.xml (RunModel)" time="0.007" />
  <testcase classname="ptolemy.util.test.junit.AutoTests" name="[438] /home/travis/build/icyphy/ptII/ptolemy/actor/lib/test/auto/expression_bug.xml (RunModel)" time="0.007" />
  <testcase classname="ptolemy.util.test.junit.AutoTests" name="[439] /home/travis/build/icyphy/ptII/ptolemy/actor/lib/test/auto/factorial.xml (RunModel)" time="0.05" />
  <testcase classname="ptolemy.util.test.junit.AutoTests" name="[440] /home/travis/build/icyphy/ptII/ptolemy/actor/lib/test/auto/filterTest1.xml (RunModel)" time="0.047" />
  <testcase classname="ptolemy.util.test.junit.AutoTests" name="[441] /home/travis/build/icyphy/ptII/ptolemy/actor/lib/test/auto/funcApplyInConst.xml (RunModel)" time="0.033" />
  <testcase classname="ptolemy.util.test.junit.AutoTests" name="[442] /home/travis/build/icyphy/ptII/ptolemy/actor/lib/test/auto/funcApplyInExpr.xml (RunModel)" time="0.025" />
  <testcase classname="ptolemy.util.test.junit.AutoTests" name="[443] /home/travis/build/icyphy/ptII/ptolemy/actor/lib/test/auto/function.xml (RunModel)" time="0.026" />
  <testcase classname="ptolemy.util.test.junit.AutoTests" name="[444] /home/travis/build/icyphy/ptII/ptolemy/actor/lib/test/auto/function2.xml (RunModel)" time="0.068" />
  <testcase classname="ptolemy.util.test.junit.AutoTests" name="[445] /home/travis/build/icyphy/ptII/ptolemy/actor/lib/test/auto/function3.xml (RunModel)" time="0.032" />
  <testcase classname="ptolemy.util.test.junit.AutoTests" name="[446] /home/travis/build/icyphy/ptII/ptolemy/actor/lib/test/auto/functionClosureTest1.xml (RunModel)" time="0.026" />
  <testcase classname="ptolemy.util.test.junit.AutoTests" name="[447] /home/travis/build/icyphy/ptII/ptolemy/actor/lib/test/auto/functionClosureTest2.xml (RunModel)" time="0.01" />
  <testcase classname="ptolemy.util.test.junit.AutoTests" name="[448] /home/travis/build/icyphy/ptII/ptolemy/actor/lib/test/auto/functionClosureTest3.xml (RunModel)" time="0.012" />
  <testcase classname="ptolemy.util.test.junit.AutoTests" name="[449] /home/travis/build/icyphy/ptII/ptolemy/actor/lib/test/auto/functionClosureTest4.xml (RunModel)" time="0.014" />
  <testcase classname="ptolemy.util.test.junit.AutoTests" name="[450] /home/travis/build/icyphy/ptII/ptolemy/actor/lib/test/auto/functionClosureTest5.xml (RunModel)" time="0.012" />
  <testcase classname="ptolemy.util.test.junit.AutoTests" name="[451] /home/travis/build/icyphy/ptII/ptolemy/actor/lib/test/auto/functionClosureTest6.xml (RunModel)" time="0.008" />
  <testcase classname="ptolemy.util.test.junit.AutoTests" name="[452] /home/travis/build/icyphy/ptII/ptolemy/actor/lib/test/auto/functionsOnArcs.xml (RunModel)" time="0.008" />
  <testcase classname="ptolemy.util.test.junit.AutoTests" name="[453] /home/travis/build/icyphy/ptII/ptolemy/actor/lib/test/auto/functionsOnArcsHOF.xml (RunModel)" time="0.011" />
  <testcase classname="ptolemy.util.test.junit.AutoTests" name="[454] /home/travis/build/icyphy/ptII/ptolemy/actor/lib/test/auto/logic.xml (RunModel)" time="0.017" />
  <testcase classname="ptolemy.util.test.junit.AutoTests" name="[455] /home/travis/build/icyphy/ptII/ptolemy/actor/lib/test/auto/matrixType.xml (RunModel)" time="0.008" />
  <testcase classname="ptolemy.util.test.junit.AutoTests" name="[456] /home/travis/build/icyphy/ptII/ptolemy/actor/lib/test/auto/matrixType10.xml (RunModel)" time="0.009" />
  <testcase classname="ptolemy.util.test.junit.AutoTests" name="[457] /home/travis/build/icyphy/ptII/ptolemy/actor/lib/test/auto/matrixType11.xml (RunModel)" time="0.007" />
  <testcase classname="ptolemy.util.test.junit.AutoTests" name="[458] /home/travis/build/icyphy/ptII/ptolemy/actor/lib/test/auto/matrixType12.xml (RunModel)" time="0.01" />
  <testcase classname="ptolemy.util.test.junit.AutoTests" name="[459] /home/travis/build/icyphy/ptII/ptolemy/actor/lib/test/auto/matrixType13.xml (RunModel)" time="0.007" />
  <testcase classname="ptolemy.util.test.junit.AutoTests" name="[460] /home/travis/build/icyphy/ptII/ptolemy/actor/lib/test/auto/matrixType14.xml (RunModel)" time="0.009" />
  <testcase classname="ptolemy.util.test.junit.AutoTests" name="[461] /home/travis/build/icyphy/ptII/ptolemy/actor/lib/test/auto/matrixType2.xml (RunModel)" time="0.008" />
  <testcase classname="ptolemy.util.test.junit.AutoTests" name="[462] /home/travis/build/icyphy/ptII/ptolemy/actor/lib/test/auto/matrixType3.xml (RunModel)" time="0.01" />
  <testcase classname="ptolemy.util.test.junit.AutoTests" name="[463] /home/travis/build/icyphy/ptII/ptolemy/actor/lib/test/auto/matrixType4.xml (RunModel)" time="0.008" />
  <testcase classname="ptolemy.util.test.junit.AutoTests" name="[464] /home/travis/build/icyphy/ptII/ptolemy/actor/lib/test/auto/matrixType5.xml (RunModel)" time="0.008" />
  <testcase classname="ptolemy.util.test.junit.AutoTests" name="[465] /home/travis/build/icyphy/ptII/ptolemy/actor/lib/test/auto/matrixType6.xml (RunModel)" time="0.008" />
  <testcase classname="ptolemy.util.test.junit.AutoTests" name="[466] /home/travis/build/icyphy/ptII/ptolemy/actor/lib/test/auto/matrixType7.xml (RunModel)" time="0.008" />
  <testcase classname="ptolemy.util.test.junit.AutoTests" name="[467] /home/travis/build/icyphy/ptII/ptolemy/actor/lib/test/auto/matrixType8.xml (RunModel)" time="0.009" />
  <testcase classname="ptolemy.util.test.junit.AutoTests" name="[468] /home/travis/build/icyphy/ptII/ptolemy/actor/lib/test/auto/matrixType9.xml (RunModel)" time="0.008" />
  <testcase classname="ptolemy.util.test.junit.AutoTests" name="[469] /home/travis/build/icyphy/ptII/ptolemy/actor/lib/test/auto/paraFunctest.xml (RunModel)" time="0.007" />
  <testcase classname="ptolemy.util.test.junit.AutoTests" name="[470] /home/travis/build/icyphy/ptII/ptolemy/actor/lib/test/auto/paraFunctest2.xml (RunModel)" time="0.011" />
  <testcase classname="ptolemy.util.test.junit.AutoTests" name="[471] /home/travis/build/icyphy/ptII/ptolemy/actor/lib/test/auto/parameterPassing.xml (RunModel)" time="0.011" />
  <testcase classname="ptolemy.util.test.junit.AutoTests" name="[472] /home/travis/build/icyphy/ptII/ptolemy/actor/lib/test/auto/record.xml (RunModel)" time="0.011" />
  <testcase classname="ptolemy.util.test.junit.AutoTests" name="[473] /home/travis/build/icyphy/ptII/ptolemy/actor/lib/test/auto/sizedarray1.xml (RunModel)" time="0.008" />
  <testcase classname="ptolemy.util.test.junit.AutoTests" name="[474] /home/travis/build/icyphy/ptII/ptolemy/actor/lib/test/auto/sizedarray2.xml (RunModel)" time="0.01" />
  <testcase classname="ptolemy.util.test.junit.AutoTests" name="[475] /home/travis/build/icyphy/ptII/ptolemy/actor/lib/test/auto/twoPublishers.xml (RunModel)" time="0.025" />
  <system-out><![CDATA[/home/travis/build/icyphy/ptII/ptolemy/actor/lib/test/AbsoluteValue.tcl
testDefs.tcl: setting time out to 9000 seconds at Sat Jul 04 15:03:30 UTC 2020
110 ms. Memory: 129024K Free: 93126K (72%)
5 ms. Memory: 129024K Free: 91078K (71%)
5 ms. Memory: 129024K Free: 90054K (70%)
4 ms. Memory: 129024K Free: 89534K (69%)
/home/travis/build/icyphy/ptII/ptolemy/actor/lib/test/AddSubtract.tcl
19 ms. Memory: 129024K Free: 87492K (68%)
9 ms. Memory: 129024K Free: 86982K (67%)
6 ms. Memory: 129024K Free: 85958K (67%)
18 ms. Memory: 129024K Free: 85444K (66%)
81 ms. Memory: 129024K Free: 82370K (64%)
5 ms. Memory: 129024K Free: 81334K (63%)
/home/travis/build/icyphy/ptII/ptolemy/actor/lib/test/Average.tcl
16 ms. Memory: 129024K Free: 79814K (62%)
6 ms. Memory: 129024K Free: 78790K (61%)
/home/travis/build/icyphy/ptII/ptolemy/actor/lib/test/Bernoulli.tcl
5 ms. Memory: 129024K Free: 77238K (60%)
2 ms. Memory: 129024K Free: 76742K (59%)
/home/travis/build/icyphy/ptII/ptolemy/actor/lib/test/Clock.tcl
preinitializing
resolving types
initializing
executing number 1
wrapping up
idle
19 ms. Memory: 129024K Free: 74180K (57%)
Completed execution with 5 iterations
preinitializing
resolving types
initializing
executing number 1
wrapping up
idle
3 ms. Memory: 129024K Free: 73156K (57%)
Completed execution with 5 iterations
preinitializing
resolving types
initializing
executing number 1
wrapping up
idle
3 ms. Memory: 129024K Free: 72646K (56%)
Completed execution with 5 iterations
/home/travis/build/icyphy/ptII/ptolemy/actor/lib/test/Commutator.tcl
14 ms. Memory: 129024K Free: 70598K (55%)
6 ms. Memory: 129024K Free: 69574K (54%)
9 ms. Memory: 129024K Free: 63926K (50%)
/home/travis/build/icyphy/ptII/ptolemy/actor/lib/test/Const.tcl
4 ms. Memory: 129024K Free: 62406K (48%)
2 ms. Memory: 129024K Free: 61886K (48%)
3 ms. Memory: 129024K Free: 61382K (48%)
2 ms. Memory: 129024K Free: 60862K (47%)
2 ms. Memory: 129024K Free: 60358K (47%)
12 ms. Memory: 129024K Free: 58820K (46%)
5 ms. Memory: 129024K Free: 57286K (44%)
4 ms. Memory: 129024K Free: 56758K (44%)
/home/travis/build/icyphy/ptII/ptolemy/actor/lib/test/CurrentTime.tcl
preinitializing
resolving types
initializing
executing number 1
wrapping up
idle
16 ms. Memory: 129024K Free: 54710K (42%)
Completed execution with 11 iterations
/home/travis/build/icyphy/ptII/ptolemy/actor/lib/test/DB.tcl
4 ms. Memory: 129024K Free: 53190K (41%)
3 ms. Memory: 129024K Free: 52673K (41%)
2 ms. Memory: 129024K Free: 52166K (40%)
/home/travis/build/icyphy/ptII/ptolemy/actor/lib/test/DiscreteRandomSource.tcl
preinitializing
resolving types
initializing
executing number 1
wrapping up
idle
4 ms. Memory: 129024K Free: 50614K (39%)
Completed execution with 4 iterations
preinitializing
resolving types
initializing
executing number 1
wrapping up
idle
3 ms. Memory: 129024K Free: 50118K (39%)
Completed execution with 4 iterations
preinitializing
resolving types
initializing
executing number 1
wrapping up
idle
3 ms. Memory: 129024K Free: 49598K (38%)
Completed execution with 4 iterations
preinitializing
resolving types
initializing
executing number 1
wrapping up
idle
3 ms. Memory: 129024K Free: 49094K (38%)
Completed execution with 4 iterations
preinitializing
resolving types
initializing
executing number 1
wrapping up
idle
4 ms. Memory: 129024K Free: 48566K (38%)
Completed execution with 4 iterations
/home/travis/build/icyphy/ptII/ptolemy/actor/lib/test/Distributor.tcl
30 ms. Memory: 129024K Free: 113346K (88%)
16 ms. Memory: 129024K Free: 112407K (87%)
StreamChangeRequest.changeExecuted(): <deleteEntity name="rec2"/> succeeded
StreamChangeRequest.changeExecuted(): <deleteRelation name="r2"/> succeeded
StreamChangeRequest.changeExecuted(): Record firings per iteration succeeded
14 ms. Memory: 129024K Free: 110274K (85%)
/home/travis/build/icyphy/ptII/ptolemy/actor/lib/test/Exit.tcl
Exit.tcl: this will print a message about Manager.exitAfterWrapup, which can be ignored.
4 ms. Memory: 129024K Free: 107288K (83%)
/home/travis/build/icyphy/ptII/ptolemy/actor/lib/test/Expression.tcl
13 ms. Memory: 129024K Free: 103663K (80%)
3 ms. Memory: 129024K Free: 103191K (80%)
2 ms. Memory: 129024K Free: 102167K (79%)
preinitializing
resolving types
initializing
executing number 1
26 ms. Memory: 129024K Free: 113199K (88%)
3 ms. Memory: 129024K Free: 112791K (87%)
3 ms. Memory: 129024K Free: 111786K (87%)
4 ms. Memory: 129024K Free: 110743K (86%)
9 ms. Memory: 129024K Free: 109208K (85%)
8 ms. Memory: 129024K Free: 108162K (84%)
/home/travis/build/icyphy/ptII/ptolemy/actor/lib/test/Gaussian.tcl
13 ms. Memory: 129024K Free: 106647K (83%)
sleeping 1 seconds: ........................................................................................................................................................................................................................................................................................................................................................................................................................................................................................................................................................................................................................................................................................................................................................................................................................................................................................................................................................................................................................................................................................................................................................................................................................................................................................................................................................................................................................................................................................................................................................................................................................................................................................................................................................................................................................................................................................................................................................................................................................................................................................................................................................................................................................................................................................................................................................................................................................................................................................................................................................................................................................................................................................................................................................................................................................................................................................................................................................................................................................................................................................................................................................................................................................................................................................................................................................................................................................................................................................................................................................................................................................................................................................................................................................................................................................................................................................................................................................................................................................................................................................................................................................................................................................................................................................................................................................................................................................................................................................................................................................................................................................................................................................................................................................................................................................................................................................................................................................................................................................................................................................................................................................................................................................................................................................................................................................................................................................................................................................................................................................................................................................................................................................................................................................................................................................................................................................................................................................................................................................................................................................................................................................................................................................................................................................................................................................................................................................................................................................................................................................................................................................................................................................................................................................................................................................................................................................................................................................................................................................................................................................................................................................................................................................................................................................................................................................................................................................................................................................................................................................................................................................................................................................................................................................................................................................................................................................................................................................................................................................................................................................................................................................................................................................................................................................................................................................................................................................................................................................................................................................................................................................................................................................................................................................................................................................................................................................................................................................................................................................................................................................................................................................................................................................................................................................................................................................................................................................................................................................................................................................................................................................................................................................................................................................................................................................................................................................................................................................................................................................................................................................................................................................................................................................................................................................................................................................................................................................................................................................................................................................................................................................................................................................................................................................................................................................................................................................................................................................................................................................................................................................................................................................................................................................................................................................................................................................................................................................................................................................................................................................................................................................................................................................................................................................................................................................................................................................................................................................................................................................................................................................................................................................................................................................................................................................................................................................................................................................................................................................................................................................................................................................................................................................................................................................................................................................................................................................................................................................................................................................................................................................................................................................................................................................................................................................................................................................................................................................................................................................................................................................................................................................................................................................................................................................................................................................................................................................................................................................................................................................................................................................................................................................................................................................................................................................................................................................................................................................................................................................................................................................................................................................................................................................................................................................................................................................................................................................................................................................................................................................................................................................................................................................................................................................................................................................................................................................................................................................................................................................................................................................................................................................................................................................................................................................................................................................................................................................................................................................................................................................................................................................................................................................................................................................................................................................................................................................................................................................................................................................................................................................................................................................................................................................................................................................................................................................................................................................................................................................................................................................................................................................................................................................................................................................................................................................................................................................................................................................................................................................................................................................................................................................................................................................................................................................................................................................................................................................................................................................................................................................................................................................................................................................................................................................................................................................................................................................................................................................................................................................................................................................................................................................................................................................................................................................................................................................................................................................................................................................................................................................................................................................................................................................................................................................................................................................................................................................................................................................................................................................................................................................................................................................................................................................................................................................................................................................................................................................................................................................................................................................................................................................................................................................................................................................................................................................................................................................................................................................................................................................................................................................................................................................................................................................................................................................................................................................................................................................................................................................................................................................................................................................................................................................................................................................................................................................................................................................................................................................................................................................................................................................................................................................................................................................................................................................................................................................................................................................................................................................................................................................................................................................................................................................................................................................................................................................................................................................................................................................................................................................................................................................................................................................................................................................................................................................................................................................................................................................................................................................................................................................................................................................................................................................................................................................................................................................................................................................................................................................................................................................................................................................................................................................................................................................................................................................................................................................................................................................................................................................................................................................................................................................................................................................................................................................................................................................................................................................................................................................................................................................................................................................................................................................................................................................................................................................................................................................................................................................................................................................................................................................................................................................................................................................................................................................................................................................................................................................................................................................................................................................................................................................................................................................................................................................................................................................................................................................................................................................................................................................................................................................................................................................................................................................................................................................................................................................................................................................................................................................................................................................................................................................................................................................................................................................................................................................................................................................................................................................................................................................................................................................................................................................................................................................................................................................................................................................................................................................................................................................................................................................................................................................................................................................................................................................................................................................................................................................................................................................................................................................................................................................................................................................................................................................................................................................................................................................................................................................................................................................................................................................................................................................................................................................................................................................................................................................................................................................................................................................................................................................................................................................................................................................................................................................................................................................................................................................................................................................................................................................................................................................................................................................................................................................................................................................................................................................................................................................................................................................................................................................................................................................................................................................................................................................................................................................................................................................................................................................................................................................................................................................................................................................................................................................................................................................................................................................................................................................................................................................................................................................................................................................................................................................................................................................................................................................................................................................................................................................................................................................................................................................................................................................................................................................................................................................................................................................................................................................................................................................................................................................................................................................................................................................................................................................................................................................................................................................................................................................................................................................................................................................................................................................................................................................................................................................................................................................................................................................................................................................................................................................................................................................................................................................................................................................................................................................................................................................................................................................................................................................................................................................................................................................................................................................................................................................................................................................................................................................................................................................................................................................................................................................................................................................................................................................................................................................................................................................................................................................................................................................................................................................................................................................................................................................................................................................................................................................................................................................................................................................................................................................................................................................................................................................................................................................................................................................................................................................................................................................................................................................................................................................................................................................................................................................................................................................................................................................................................................................................................................................................................................................................................................................................................................................................................................................................................................................................................................................................................................................................................................................................................................................................................................................................................................................................................................................................................................................................................................................................................................................................................................................................................................................................................................................................................................................................................................................................................................................................................................................................................................................................................................................................................................................................................................................................................................................................................................................................................................................................................................................................................................................................................................................................................................................................................................................................................................................................................................................................................................................................................................................................................................................................................................................................................................................................................................................................................................................................................................................................................................................................................................................................................................................................................................................................................................................................................................................................................................................................................................................................................................................................................................................................................................................................................................................................................................................................................................................................................................................................................................................................................................................................................................................................................................................................................................................................................................................................................................................................................................................................................................................................................................................................................................................................................................................................................................................................................................................................................................................................................................................................................................................................................................................................................................................................................................................................................................................................................................................................................................................................................................................................................................................................................................................................................................................................................................................................................................................................................................................................................................................................................................................................................................................................................................................................................................................................................................................................................................................................................................................................................................................................................................................................................................................................................................................................................................................................................................................................................................................................................................................................................................................................................................................................................................................................................................................................................................................................................................................................................................................................................................................................................................................................................................................................................................................................................................................................................................................................................................................................................................................................................................................................................................................................................................................................................................................................................................................................................................................................................................................................................................................................................................................................................................................................................................................................................................................................................................................................................................................................................................................................................................................................................................................................................................................................................................................................................................................................................................................................................................................................................................................................................................................................................................................................................................................................................................................................................................................................................................................................................................................................................................................................................................................................................................................................................................................................................................................................................................................................................................................................................................................................................................................................................................................................................................................................................................................................................................................................................................................................................................................................................................................................................................................................................................................................................................................................................................................................................................................................................................................................................................................................................................................................................................................................................................................................................................................................................................................................................................................................................................................................................................................................................................................................................................................................................................................................................................................................................................................................................................................................................................................................................................................................................................................................................................................................................................................................................................................................................................................................................................................................................................................................................................................................................................................................................................................................................................................................................................................................................................................................................................................................................................................................................................................................................................................................................................................................................................................................................................................................................................................................................................................................................................................................................................................................................................................................................................................................................................................................................................................................................................................................................................................................................................................................................................................................................................................................................................................................................................................................................................................................................................................................................................................................................................................................................................................................................................................................................................................................................................................................................................................................................................................................................................................................................................................................................................................................................................................................................................................................................................................................................................................................................................................................................................................................................................................................................................................................................................................................................................................................................................................................................................................................................................................................................................................................................................................................................................................................................................................................................................................................................................................................................................................................................................................................................................................................................................................................................................................................................................................................................................................................................................................................................................................................................................................................................................................................................................................................................................................................................................................................................................................................................................................................................................................................................5 ms. Memory: 129024K Free: 65928K (51%)
5 ms. Memory: 129024K Free: 64904K (50%)
3 ms. Memory: 129024K Free: 64376K (50%)
2 ms. Memory: 129024K Free: 63880K (50%)
2 ms. Memory: 129024K Free: 63336K (49%)
/home/travis/build/icyphy/ptII/ptolemy/actor/lib/test/IIR.tcl
/home/travis/build/icyphy/ptII/ptolemy/actor/lib/test/Interpolator.tcl
5 ms. Memory: 129024K Free: 59270K (46%)
3 ms. Memory: 129024K Free: 58760K (46%)
2 ms. Memory: 129024K Free: 58232K (45%)
1 ms. Memory: 129024K Free: 57736K (45%)
11 ms. Memory: 129024K Free: 56712K (44%)
2 ms. Memory: 129024K Free: 56184K (44%)
2 ms. Memory: 129024K Free: 55160K (43%)
2 ms. Memory: 129024K Free: 54144K (42%)
2 ms. Memory: 129024K Free: 53126K (41%)
13 ms. Memory: 129024K Free: 52616K (41%)
/home/travis/build/icyphy/ptII/ptolemy/actor/lib/test/MathFunction.tcl
7 ms. Memory: 129024K Free: 112743K (87%)
2 ms. Memory: 129024K Free: 111190K (86%)
2 ms. Memory: 129024K Free: 110150K (85%)
2 ms. Memory: 129024K Free: 109671K (85%)
4 ms. Memory: 129024K Free: 108126K (84%)
5 ms. Memory: 129024K Free: 106070K (82%)
/home/travis/build/icyphy/ptII/ptolemy/actor/lib/test/Maximum.tcl
4 ms. Memory: 129024K Free: 104037K (81%)
2 ms. Memory: 129024K Free: 103527K (80%)
2 ms. Memory: 129024K Free: 103006K (80%)
8 ms. Memory: 129024K Free: 102503K (79%)
/home/travis/build/icyphy/ptII/ptolemy/actor/lib/test/Minimum.tcl
3 ms. Memory: 129024K Free: 100455K (78%)
1 ms. Memory: 129024K Free: 99926K (77%)
1 ms. Memory: 129024K Free: 99431K (77%)
2 ms. Memory: 129024K Free: 98407K (76%)
/home/travis/build/icyphy/ptII/ptolemy/actor/lib/test/MultiplyDivide.tcl
4 ms. Memory: 129024K Free: 96854K (75%)
3 ms. Memory: 129024K Free: 95845K (74%)
2 ms. Memory: 129024K Free: 95335K (74%)
2 ms. Memory: 129024K Free: 94311K (73%)
2 ms. Memory: 129024K Free: 93782K (73%)
/home/travis/build/icyphy/ptII/ptolemy/actor/lib/test/OrderedMerge.tcl
Connections changed on port: inputA
Connections changed on port: inputB
Connections changed on port: output
Connections changed on port: output
Connections changed on port: output
Connections changed on port: input
.top. Preinitializing ...
Invoking preinitialize():  .top.OrderedMerge
Called preinitialize()
Invoking preinitialize():  .top.Ramp
Called preinitialize()
Invoking preinitialize():  .top.Ramp2
Called preinitialize()
Invoking preinitialize():  .top.Test
Called preinitialize()
Connections changed on port: inputA
Connections changed on port: output
Connections changed on port: output
Connections changed on port: input
Connections changed on port: inputB
Connections changed on port: output
.top. Finished preinitialize().
Called initialize().
Invoking initialize():  .top.OrderedMerge
Initializing actor: .top.OrderedMerge
Adding a thread: .top.OrderedMerge
Invoking initialize():  .top.Ramp
Initializing actor: .top.Ramp
Adding a thread: .top.Ramp
Invoking initialize():  .top.Ramp2
Initializing actor: .top.Ramp2
Adding a thread: .top.Ramp2
Invoking initialize():  .top.Test
Initializing actor: .top.Test
Adding a thread: .top.Test
Called fire().
Checking for deadlock:
-- Starting thread.
Called initialize()
-- Starting thread.
Called initialize()
Called prefire()
Called fire()
-- Starting thread.
Called initialize()
Called prefire()
Called prefire()
-- Starting thread.
Called initialize()
Called fire()
Called fire()
Called prefire()
Called fire()
There are 0 Blocked actors, 0 Stopped actors, and 4 active threads.
Waiting for actors to stop.
Called postfire()
Called prefire()
Called fire()
Called postfire()
Called prefire()
Called fire()
Called postfire()
Called prefire()
Called fire()
Checking for deadlock:
There are 2 Blocked actors, 0 Stopped actors, and 4 active threads.
Waiting for actors to stop.
Checking for deadlock:
There are 3 Blocked actors, 0 Stopped actors, and 4 active threads.
Waiting for actors to stop.
Read input token from inputA with value 0.0
Next port to read input from is inputB
Called postfire()
Called prefire()
Called fire()
Read input token from inputB with value 0.0
Called postfire()
Called prefire()
Called fire()
Checking for deadlock:
There are 2 Blocked actors, 0 Stopped actors, and 4 active threads.
Waiting for actors to stop.
Sent output token with value 0.0
-- Read input: 0.0, which is expected to match: 0.0
Called prefire()
Called fire()
Checking for deadlock:
There are 3 Blocked actors, 0 Stopped actors, and 4 active threads.
Waiting for actors to stop.
Next port to read input from is inputA
Called postfire()
Called prefire()
Called fire()
Read input token from inputA with value 1.0
Called postfire()
Called prefire()
Called fire()
Sent output token with value 0.0
Checking for deadlock:
Next port to read input from is inputB
Called postfire()
Called prefire()
Called fire()
There are 2 Blocked actors, 0 Stopped actors, and 4 active threads.
Waiting for actors to stop.
-- Read input: 0.0, which is expected to match: 0.0
Called prefire()
Called fire()
Called postfire()
Called prefire()
Called fire()
Read input token from inputB with value 1.5
Sent output token with value 1.0
Next port to read input from is inputA
Called postfire()
Called prefire()
Called fire()
Read input token from inputA with value 2.0
Checking for deadlock:
There are 2 Blocked actors, 0 Stopped actors, and 4 active threads.
Waiting for actors to stop.
Called postfire()
Called prefire()
Called fire()
-- Read input: 1.0, which is expected to match: 1.0
Called prefire()
Called fire()
Checking for deadlock:
There are 3 Blocked actors, 0 Stopped actors, and 4 active threads.
Waiting for actors to stop.
-- Read input: 1.5, which is expected to match: 1.5
Called prefire()
Called fire()
Sent output token with value 1.5
Next port to read input from is inputB
Called postfire()
Called prefire()
Called fire()
Read input token from inputB with value 3.0
Checking for deadlock:
There are 1 Blocked actors, 0 Stopped actors, and 4 active threads.
Waiting for actors to stop.
Called postfire()
Called prefire()
Called fire()
-- Read input: 2.0, which is expected to match: 2.0
Called prefire()
Called fire()
Sent output token with value 2.0
Next port to read input from is inputA
Called postfire()
Called prefire()
Called fire()
Read input token from inputA with value 3.0
Sent output token with value 3.0
Next port to read input from is inputB
Called postfire()
Called prefire()
Called fire()
Read input token from inputB with value 4.5
Checking for deadlock:
There are 1 Blocked actors, 0 Stopped actors, and 4 active threads.
Waiting for actors to stop.
-- Read input: 3.0, which is expected to match: 3.0
Called prefire()
Called fire()
Called postfire()
Called prefire()
Called fire()
Called postfire()
Called prefire()
Called fire()
Checking for deadlock:
There are 3 Blocked actors, 0 Stopped actors, and 4 active threads.
Waiting for actors to stop.
Sent output token with value 3.0
Next port to read input from is inputA
Called postfire()
Called prefire()
Called fire()
Read input token from inputA with value 4.0
Checking for deadlock:
There are 2 Blocked actors, 0 Stopped actors, and 4 active threads.
Waiting for actors to stop.
-- Read input: 3.0, which is expected to match: 3.0
Called prefire()
Called fire()
Called postfire()
Called prefire()
Called fire()
Checking for deadlock:
There are 3 Blocked actors, 0 Stopped actors, and 4 active threads.
Waiting for actors to stop.
Sent output token with value 4.0
Next port to read input from is inputA
Called postfire()
Called prefire()
Called fire()
Read input token from inputA with value 5.0
Checking for deadlock:
There are 2 Blocked actors, 0 Stopped actors, and 4 active threads.
Waiting for actors to stop.
-- Read input: 4.0, which is expected to match: 4.0
Called prefire()
Called fire()
Past the end of training data. Read and discard all inputs.
Checking for deadlock:
There are 2 Blocked actors, 0 Stopped actors, and 4 active threads.
Waiting for actors to stop.
Called postfire()
Called prefire()
Called fire()
Sent output token with value 4.5
Next port to read input from is inputB
Called postfire()
Called prefire()
Called fire()
Read input token from inputB with value 6.0
Checking for deadlock:
There are 2 Blocked actors, 0 Stopped actors, and 4 active threads.
Waiting for actors to stop.
Called postfire()
Called prefire()
Called fire()
Called prefire()
Called fire()
Past the end of training data. Read and discard all inputs.
Checking for deadlock:
There are 3 Blocked actors, 0 Stopped actors, and 4 active threads.
Waiting for actors to stop.
Called prefire()
Called fire()
Past the end of training data. Read and discard all inputs.
Checking for deadlock:
There are 3 Blocked actors, 0 Stopped actors, and 4 active threads.
Waiting for actors to stop.
Sent output token with value 5.0
Next port to read input from is inputA
Called postfire()
Called prefire()
Called fire()
Called postfire()
Called prefire()
Called fire()
Checking for deadlock:
There are 3 Blocked actors, 0 Stopped actors, and 4 active threads.
Waiting for actors to stop.
Read input token from inputA with value 6.0
Called prefire()
Called fire()
Past the end of training data. Read and discard all inputs.
Checking for deadlock:
There are 3 Blocked actors, 0 Stopped actors, and 4 active threads.
Waiting for actors to stop.
Sent output token with value 6.0
Next port to read input from is inputB
Called postfire()
Called prefire()
Called fire()
Called postfire()
Called prefire()
Called fire()
Checking for deadlock:
There are 3 Blocked actors, 0 Stopped actors, and 4 active threads.
Waiting for actors to stop.
Read input token from inputB with value 7.5
Called prefire()
Called fire()
Past the end of training data. Read and discard all inputs.
Checking for deadlock:
There are 3 Blocked actors, 0 Stopped actors, and 4 active threads.
Waiting for actors to stop.
Sent output token with value 6.0
Next port to read input from is inputA
Called postfire()
Called prefire()
Called fire()
Checking for deadlock:
There are 2 Blocked actors, 0 Stopped actors, and 4 active threads.
Waiting for actors to stop.
Called postfire()
Called prefire()
Called fire()
Checking for deadlock:
There are 3 Blocked actors, 0 Stopped actors, and 4 active threads.
Waiting for actors to stop.
Read input token from inputA with value 7.0
Checking for deadlock:
There are 2 Blocked actors, 0 Stopped actors, and 4 active threads.
Waiting for actors to stop.
Called prefire()
Called fire()
Past the end of training data. Read and discard all inputs.
Checking for deadlock:
There are 3 Blocked actors, 0 Stopped actors, and 4 active threads.
Waiting for actors to stop.
Sent output token with value 7.0
Next port to read input from is inputA
Called postfire()
Called prefire()
Called fire()
Checking for deadlock:
There are 2 Blocked actors, 0 Stopped actors, and 4 active threads.
Waiting for actors to stop.
-- Thread wrapup() called.
Called wrapup()
Thread .top.Ramp is exiting.
-- Thread stopped.
Read input token from inputA with value 8.0
Sent output token with value 7.5
Next port to read input from is inputB
Called postfire()
Called prefire()
Called fire()
Read input token from inputB with value 9.0
Checking for deadlock:
There are 1 Blocked actors, 0 Stopped actors, and 3 active threads.
Waiting for actors to stop.
Called postfire()
Called prefire()
Called fire()
Called prefire()
Called fire()
Past the end of training data. Read and discard all inputs.
Checking for deadlock:
There are 2 Blocked actors, 0 Stopped actors, and 3 active threads.
Waiting for actors to stop.
Called prefire()
Called fire()
Past the end of training data. Read and discard all inputs.
Checking for deadlock:
There are 2 Blocked actors, 0 Stopped actors, and 3 active threads.
Waiting for actors to stop.
Sent output token with value 8.0
Next port to read input from is inputA
Called postfire()
Called prefire()
Called fire()
Read input token from inputA with value 9.0
Called prefire()
Called fire()
Past the end of training data. Read and discard all inputs.
Checking for deadlock:
There are 2 Blocked actors, 0 Stopped actors, and 3 active threads.
Waiting for actors to stop.
Sent output token with value 9.0
Next port to read input from is inputB
Called postfire()
Called prefire()
Called fire()
Called postfire()
Called prefire()
Called fire()
Checking for deadlock:
There are 2 Blocked actors, 0 Stopped actors, and 3 active threads.
Waiting for actors to stop.
Read input token from inputB with value 10.5
Called prefire()
Called fire()
Past the end of training data. Read and discard all inputs.
Checking for deadlock:
There are 2 Blocked actors, 0 Stopped actors, and 3 active threads.
Waiting for actors to stop.
Sent output token with value 9.0
Next port to read input from is inputA
Called postfire()
Called prefire()
Called fire()
Checking for deadlock:
There are 3 Blocked actors, 0 Stopped actors, and 3 active threads.
Actors have stopped.
Checking for deadlock:
There are 3 Blocked actors, 0 Stopped actors, and 3 active threads.
Deadlock detected.
Resolving Deadlock
Checking for deadlock:
There are 3 Blocked actors, 0 Stopped actors, and 3 active threads.
Artificial Deadlock - increasing queue capacity.
increasing the capacity of receiver ptolemy.actor.TypedIOPort {.top.OrderedMerge.inputB} to 2
-- Thread wrapup() called.
Called wrapup()
Thread .top.Ramp2 is exiting.
-- Thread stopped.
Director: Called postfire().
Called postfire().
_stopRequested = false
_stopFireRequested = false
Returning from postfire(): true
Called fire().
Checking for deadlock:
There are 2 Blocked actors, 0 Stopped actors, and 2 active threads.
Actors have stopped.
Checking for deadlock:
There are 2 Blocked actors, 0 Stopped actors, and 2 active threads.
Deadlock detected.
Resolving Deadlock
Checking for deadlock:
There are 2 Blocked actors, 0 Stopped actors, and 2 active threads.
Deadlock detected: no processes blocked on write, but some are blocked on read.
Called postfire().
_stopRequested = false
_stopFireRequested = false
Returning from postfire(): false
Finished deactivating branches.
Called wrapup().
-- Thread wrapup() called.
Called wrapup()
Thread .top.Test is exiting.
-- Thread stopped.
-- Blocked Receiver call threw TerminateProcessException.
-- Thread wrapup() called.
Called wrapup()
Thread .top.OrderedMerge is exiting.
-- Thread stopped.
-- Blocked Receiver call threw TerminateProcessException.
59 ms. Memory: 129024K Free: 88677K (69%)
.top. Preinitializing ...
Invoking preinitialize():  .top.OrderedMerge
Called preinitialize()
Invoking preinitialize():  .top.Ramp
Called preinitialize()
Invoking preinitialize():  .top.Ramp2
Called preinitialize()
Invoking preinitialize():  .top.Test
Called preinitialize()
.top. Finished preinitialize().
Called initialize().
Invoking initialize():  .top.OrderedMerge
Initializing actor: .top.OrderedMerge
Adding a thread: .top.OrderedMerge
Invoking initialize():  .top.Ramp
Initializing actor: .top.Ramp
Adding a thread: .top.Ramp
Invoking initialize():  .top.Ramp2
Initializing actor: .top.Ramp2
Adding a thread: .top.Ramp2
Invoking initialize():  .top.Test
Initializing actor: .top.Test
Adding a thread: .top.Test
-- Starting thread.
Called initialize()
Called prefire()
Called fire()
-- Starting thread.
Called initialize()
-- Starting thread.
Called initialize()
Called prefire()
Called fire()
Called postfire()
Called prefire()
Called fire()
Called prefire()
Called fire()
Called postfire()
Called prefire()
Called fire()
Called fire().
Checking for deadlock:
There are 3 Blocked actors, 0 Stopped actors, and 4 active threads.
Waiting for actors to stop.
-- Starting thread.
Called initialize()
Called prefire()
Called fire()
Checking for deadlock:
There are 2 Blocked actors, 0 Stopped actors, and 4 active threads.
Waiting for actors to stop.
Called postfire()
Called prefire()
Called fire()
Read input token from inputA with value 0.0
Next port to read input from is inputB
Called postfire()
Called prefire()
Called fire()
Read input token from inputB with value 0.0
Sent output token with value 0.0
Next port to read input from is inputA
Called postfire()
Called prefire()
Called fire()
Read input token from inputA with value 1.0
Called postfire()
Called prefire()
-- Read input: 0.0, which is expected to match: 0.0
Called prefire()
Called fire()
Called postfire()
Called prefire()
Called fire()
Checking for deadlock:
There are 2 Blocked actors, 0 Stopped actors, and 4 active threads.
Waiting for actors to stop.
Called fire()
Checking for deadlock:
There are 3 Blocked actors, 0 Stopped actors, and 4 active threads.
Waiting for actors to stop.
Sent output token with value 0.0
Next port to read input from is inputB
Called postfire()
Called prefire()
Called fire()
Read input token from inputB with value 1.5
Checking for deadlock:
There are 2 Blocked actors, 0 Stopped actors, and 4 active threads.
Waiting for actors to stop.
-- Read input: 0.0, which is expected to match: 0.0
Called prefire()
Called fire()
Called postfire()
Called prefire()
Called fire()
Checking for deadlock:
There are 3 Blocked actors, 0 Stopped actors, and 4 active threads.
Waiting for actors to stop.
Sent output token with value 1.0
Next port to read input from is inputA
Called postfire()
Called prefire()
Called fire()
Read input token from inputA with value 2.0
-- Read input: 1.0, which is expected to match: 1.0
Called prefire()
Called fire()
Called postfire()
Called prefire()
Called fire()
Checking for deadlock:
There are 3 Blocked actors, 0 Stopped actors, and 4 active threads.
Waiting for actors to stop.
-- Read input: 1.5, which is expected to match: 1.5
Called prefire()
Called fire()
Checking for deadlock:
There are 3 Blocked actors, 0 Stopped actors, and 4 active threads.
Waiting for actors to stop.
Sent output token with value 1.5
Next port to read input from is inputB
Called postfire()
Called prefire()
Called fire()
Checking for deadlock:
There are 2 Blocked actors, 0 Stopped actors, and 4 active threads.
Waiting for actors to stop.
Called postfire()
Called prefire()
Called fire()
Checking for deadlock:
There are 3 Blocked actors, 0 Stopped actors, and 4 active threads.
Waiting for actors to stop.
Read input token from inputB with value 3.0
Sent output token with value 2.0
Next port to read input from is inputA
Called postfire()
Called prefire()
Called fire()
Called postfire()
Called prefire()
Called fire()
Checking for deadlock:
There are 2 Blocked actors, 0 Stopped actors, and 4 active threads.
Waiting for actors to stop.
-- Read input: 2.0, which is expected to match: 2.0
Called prefire()
Called fire()
Checking for deadlock:
There are 3 Blocked actors, 0 Stopped actors, and 4 active threads.
Waiting for actors to stop.
Read input token from inputA with value 3.0
-- Read input: 3.0, which is expected to match: 3.0
Called prefire()
Called fire()
Checking for deadlock:
There are 3 Blocked actors, 0 Stopped actors, and 4 active threads.
Waiting for actors to stop.
Sent output token with value 3.0
Next port to read input from is inputB
Called postfire()
Called prefire()
Called fire()
Checking for deadlock:
There are 2 Blocked actors, 0 Stopped actors, and 4 active threads.
Waiting for actors to stop.
Called postfire()
Called prefire()
Called fire()
Checking for deadlock:
There are 3 Blocked actors, 0 Stopped actors, and 4 active threads.
Waiting for actors to stop.
Read input token from inputB with value 4.5
Sent output token with value 3.0
Next port to read input from is inputA
Called postfire()
Called prefire()
Called fire()
Read input token from inputA with value 4.0
Called postfire()
Called prefire()
Called fire()
Checking for deadlock:
There are 3 Blocked actors, 0 Stopped actors, and 4 active threads.
Waiting for actors to stop.
-- Read input: 3.0, which is expected to match: 3.0
Called prefire()
Called fire()
Checking for deadlock:
There are 3 Blocked actors, 0 Stopped actors, and 4 active threads.
Waiting for actors to stop.
-- Read input: 4.0, which is expected to match: 4.0
Called prefire()
Called fire()
Past the end of training data. Read and discard all inputs.
Checking for deadlock:
There are 3 Blocked actors, 0 Stopped actors, and 4 active threads.
Waiting for actors to stop.
Sent output token with value 4.0
Next port to read input from is inputA
Called postfire()
Called prefire()
Called fire()
Checking for deadlock:
There are 2 Blocked actors, 0 Stopped actors, and 4 active threads.
Waiting for actors to stop.
Called postfire()
Called prefire()
Called fire()
Checking for deadlock:
There are 3 Blocked actors, 0 Stopped actors, and 4 active threads.
Waiting for actors to stop.
Read input token from inputA with value 5.0
Checking for deadlock:
There are 2 Blocked actors, 0 Stopped actors, and 4 active threads.
Waiting for actors to stop.
Called prefire()
Called fire()
Past the end of training data. Read and discard all inputs.
Checking for deadlock:
There are 3 Blocked actors, 0 Stopped actors, and 4 active threads.
Waiting for actors to stop.
Sent output token with value 4.5
Next port to read input from is inputB
Called postfire()
Called prefire()
Called fire()
Checking for deadlock:
There are 2 Blocked actors, 0 Stopped actors, and 4 active threads.
Waiting for actors to stop.
Called postfire()
Called prefire()
Called fire()
Checking for deadlock:
There are 3 Blocked actors, 0 Stopped actors, and 4 active threads.
Waiting for actors to stop.
Read input token from inputB with value 6.0
Sent output token with value 5.0
Next port to read input from is inputA
Called postfire()
Called prefire()
Called fire()
Read input token from inputA with value 6.0
Checking for deadlock:
There are 2 Blocked actors, 0 Stopped actors, and 4 active threads.
Waiting for actors to stop.
Called postfire()
Called prefire()
Called fire()
Called prefire()
Called fire()
Past the end of training data. Read and discard all inputs.
Checking for deadlock:
There are 3 Blocked actors, 0 Stopped actors, and 4 active threads.
Waiting for actors to stop.
Called prefire()
Called fire()
Past the end of training data. Read and discard all inputs.
Checking for deadlock:
There are 3 Blocked actors, 0 Stopped actors, and 4 active threads.
Waiting for actors to stop.
Sent output token with value 6.0
Next port to read input from is inputB
Called postfire()
Called prefire()
Called fire()
Checking for deadlock:
There are 2 Blocked actors, 0 Stopped actors, and 4 active threads.
Waiting for actors to stop.
Called postfire()
Called prefire()
Called fire()
Checking for deadlock:
There are 3 Blocked actors, 0 Stopped actors, and 4 active threads.
Waiting for actors to stop.
Read input token from inputB with value 7.5
Sent output token with value 6.0
Next port to read input from is inputA
Called postfire()
Called prefire()
Called fire()
Read input token from inputA with value 7.0
Checking for deadlock:
There are 2 Blocked actors, 0 Stopped actors, and 4 active threads.
Waiting for actors to stop.
Called postfire()
Called prefire()
Called fire()
Called prefire()
Called fire()
Past the end of training data. Read and discard all inputs.
Checking for deadlock:
There are 3 Blocked actors, 0 Stopped actors, and 4 active threads.
Waiting for actors to stop.
Called prefire()
Called fire()
Past the end of training data. Read and discard all inputs.
Checking for deadlock:
There are 3 Blocked actors, 0 Stopped actors, and 4 active threads.
Waiting for actors to stop.
Sent output token with value 7.0
Next port to read input from is inputA
Called postfire()
Called prefire()
Called fire()
Checking for deadlock:
There are 2 Blocked actors, 0 Stopped actors, and 4 active threads.
Waiting for actors to stop.
-- Thread wrapup() called.
Called wrapup()
Thread .top.Ramp is exiting.
-- Thread stopped.
Checking for deadlock:
There are 2 Blocked actors, 0 Stopped actors, and 3 active threads.
Waiting for actors to stop.
Read input token from inputA with value 8.0
Called prefire()
Called fire()
Past the end of training data. Read and discard all inputs.
Checking for deadlock:
There are 2 Blocked actors, 0 Stopped actors, and 3 active threads.
Waiting for actors to stop.
Sent output token with value 7.5
Next port to read input from is inputB
Called postfire()
Called prefire()
Called fire()
Checking for deadlock:
There are 1 Blocked actors, 0 Stopped actors, and 3 active threads.
Waiting for actors to stop.
Called postfire()
Called prefire()
Called fire()
Checking for deadlock:
There are 2 Blocked actors, 0 Stopped actors, and 3 active threads.
Waiting for actors to stop.
Read input token from inputB with value 9.0
Sent output token with value 8.0
Next port to read input from is inputA
Called postfire()
Called prefire()
Called fire()
Read input token from inputA with value 9.0
Checking for deadlock:
There are 2 Blocked actors, 0 Stopped actors, and 3 active threads.
Waiting for actors to stop.
Called prefire()
Called fire()
Past the end of training data. Read and discard all inputs.
Checking for deadlock:
There are 2 Blocked actors, 0 Stopped actors, and 3 active threads.
Waiting for actors to stop.
Called prefire()
Called fire()
Past the end of training data. Read and discard all inputs.
Checking for deadlock:
There are 2 Blocked actors, 0 Stopped actors, and 3 active threads.
Waiting for actors to stop.
Sent output token with value 9.0
Next port to read input from is inputB
Called postfire()
Called prefire()
Called fire()
Checking for deadlock:
There are 1 Blocked actors, 0 Stopped actors, and 3 active threads.
Waiting for actors to stop.
Called postfire()
Called prefire()
Called fire()
Checking for deadlock:
There are 2 Blocked actors, 0 Stopped actors, and 3 active threads.
Waiting for actors to stop.
Read input token from inputB with value 10.5
Sent output token with value 9.0
Next port to read input from is inputA
Called postfire()
Called prefire()
Called fire()
Checking for deadlock:
There are 2 Blocked actors, 0 Stopped actors, and 3 active threads.
Waiting for actors to stop.
Called prefire()
Called fire()
Past the end of training data. Read and discard all inputs.
Checking for deadlock:
There are 3 Blocked actors, 0 Stopped actors, and 3 active threads.
Actors have stopped.
Checking for deadlock:
There are 3 Blocked actors, 0 Stopped actors, and 3 active threads.
Deadlock detected.
Resolving Deadlock
Checking for deadlock:
There are 3 Blocked actors, 0 Stopped actors, and 3 active threads.
Artificial Deadlock - increasing queue capacity.
increasing the capacity of receiver ptolemy.actor.TypedIOPort {.top.OrderedMerge.inputB} to 2
Director: Called postfire().
Called postfire().
_stopRequested = false
_stopFireRequested = false
Returning from postfire(): true
Called fire().
Checking for deadlock:
There are 2 Blocked actors, 0 Stopped actors, and 3 active threads.
Waiting for actors to stop.
-- Thread wrapup() called.
Called wrapup()
Thread .top.Ramp2 is exiting.
Checking for deadlock:
There are 2 Blocked actors, 0 Stopped actors, and 2 active threads.
Actors have stopped.
Checking for deadlock:
There are 2 Blocked actors, 0 Stopped actors, and 2 active threads.
Deadlock detected.
Resolving Deadlock
Checking for deadlock:
There are 2 Blocked actors, 0 Stopped actors, and 2 active threads.
Deadlock detected: no processes blocked on write, but some are blocked on read.
Called postfire().
_stopRequested = false
_stopFireRequested = false
Returning from postfire(): false
Finished deactivating branches.
Called wrapup().
-- Thread stopped.
-- Thread wrapup() called.
Called wrapup()
-- Thread wrapup() called.
Called wrapup()
Thread .top.Test is exiting.
-- Thread stopped.
-- Blocked Receiver call threw TerminateProcessException.
Thread .top.OrderedMerge is exiting.
-- Thread stopped.
-- Blocked Receiver call threw TerminateProcessException.
35 ms. Memory: 129024K Free: 86629K (67%)
/home/travis/build/icyphy/ptII/ptolemy/actor/lib/test/Publisher.tcl
8 ms. Memory: 129024K Free: 80478K (62%)
15 ms. Memory: 129024K Free: 74855K (58%)
6 ms. Memory: 129024K Free: 71269K (55%)
8 ms. Memory: 129024K Free: 70230K (54%)
5 ms. Memory: 129024K Free: 69735K (54%)
13 ms. Memory: 129024K Free: 68711K (53%)
2 ms. Memory: 129024K Free: 68190K (53%)
5 ms. Memory: 129024K Free: 67142K (52%)
40 ms. Memory: 129024K Free: 108046K (84%)
4 ms. Memory: 129024K Free: 103950K (81%)
2 ms. Memory: 129024K Free: 103440K (80%)
5 ms. Memory: 129024K Free: 101392K (79%)
15 ms. Memory: 129024K Free: 93710K (73%)
18 ms. Memory: 129024K Free: 84494K (65%)
15 ms. Memory: 129024K Free: 73230K (57%)
/home/travis/build/icyphy/ptII/ptolemy/actor/lib/test/Pulse.tcl
6 ms. Memory: 155648K Free: 125073K (80%)
10 ms. Memory: 155648K Free: 124545K (80%)
2 ms. Memory: 155648K Free: 124049K (80%)
2 ms. Memory: 155648K Free: 123521K (79%)
2 ms. Memory: 155648K Free: 123025K (79%)
8 ms. Memory: 155648K Free: 121999K (78%)
8 ms. Memory: 155648K Free: 120977K (78%)
5 ms. Memory: 155648K Free: 119953K (77%)
4 ms. Memory: 155648K Free: 119439K (77%)
/home/travis/build/icyphy/ptII/ptolemy/actor/lib/test/Ramp.tcl
8 ms. Memory: 155648K Free: 117377K (75%)
3 ms. Memory: 155648K Free: 116881K (75%)
3 ms. Memory: 155648K Free: 115857K (74%)
3 ms. Memory: 155648K Free: 115329K (74%)
7 ms. Memory: 155648K Free: 114319K (73%)
9 ms. Memory: 155648K Free: 113281K (73%)
6 ms. Memory: 155648K Free: 112271K (72%)
5 actors
9000 microseconds per iteration to create
10 ms. Memory: 155648K Free: 109713K (70%)
1 ms. Memory: 155648K Free: 109169K (70%)
2 ms. Memory: 155648K Free: 108689K (70%)
2 ms. Memory: 155648K Free: 108145K (69%)
50 actors
48000 microseconds per iteration to create
35 ms. Memory: 155648K Free: 92305K (59%)
4 ms. Memory: 155648K Free: 91281K (59%)
5 ms. Memory: 155648K Free: 90257K (58%)
5 ms. Memory: 155648K Free: 89233K (57%)
500 actors
1494000 microseconds per iteration to create
205 ms. Memory: 155648K Free: 82068K (53%)
37 ms. Memory: 155648K Free: 76954K (49%)
37 ms. Memory: 155648K Free: 71834K (46%)
39 ms. Memory: 155648K Free: 66714K (43%)
/home/travis/build/icyphy/ptII/ptolemy/actor/lib/test/RampContinuous.tcl
7 ms. Memory: 155648K Free: 65180K (42%)
/home/travis/build/icyphy/ptII/ptolemy/actor/lib/test/RecordAssembler.tcl
5 ms. Memory: 155648K Free: 63628K (41%)
3 ms. Memory: 155648K Free: 62612K (40%)
/home/travis/build/icyphy/ptII/ptolemy/actor/lib/test/RecordDisassembler.tcl
6 ms. Memory: 155648K Free: 60570K (39%)
3 ms. Memory: 155648K Free: 60060K (39%)
3 ms. Memory: 155648K Free: 59036K (38%)
/home/travis/build/icyphy/ptII/ptolemy/actor/lib/test/Scale.tcl
3 ms. Memory: 155648K Free: 56988K (37%)
1 ms. Memory: 155648K Free: 56444K (36%)
1 ms. Memory: 155648K Free: 55450K (36%)
2 ms. Memory: 155648K Free: 54396K (35%)
2 ms. Memory: 155648K Free: 53916K (35%)
/home/travis/build/icyphy/ptII/ptolemy/actor/lib/test/SequentialClock.tcl
preinitializing
resolving types
initializing
executing number 1
wrapping up
idle
3 ms. Memory: 155648K Free: 131429K (84%)
Completed execution with 5 iterations
preinitializing
resolving types
initializing
executing number 1
wrapping up
idle
2 ms. Memory: 155648K Free: 130926K (84%)
Completed execution with 5 iterations
preinitializing
resolving types
initializing
executing number 1
wrapping up
idle
2 ms. Memory: 155648K Free: 130397K (84%)
Completed execution with 5 iterations
/home/travis/build/icyphy/ptII/ptolemy/actor/lib/test/SetVariable.tcl
5 ms. Memory: 155648K Free: 128878K (83%)
/home/travis/build/icyphy/ptII/ptolemy/actor/lib/test/Sinewave.tcl
/home/travis/build/icyphy/ptII/ptolemy/actor/lib/test/SubscriptionAggregator.tcl
10 ms. Memory: 155648K Free: 117614K (76%)
7 ms. Memory: 155648K Free: 116590K (75%)
2 ms. Memory: 155648K Free: 116045K (75%)
0 ms. Memory: 155648K Free: 116045K (75%)
1 ms. Memory: 155648K Free: 112494K (72%)
8 ms. Memory: 155648K Free: 109932K (71%)
...............................................................893 ms. Memory: 293888K Free: 218875K (74%)
/home/travis/build/icyphy/ptII/ptolemy/actor/lib/test/Test.tcl
 The next command will produce a warning about training mode,
   which may be ignored.
6 ms. Memory: 293888K Free: 216829K (74%)
4 ms. Memory: 293888K Free: 215805K (73%)
2 ms. Memory: 293888K Free: 215277K (73%)
1 ms. Memory: 293888K Free: 214781K (73%)
2 ms. Memory: 293888K Free: 214237K (73%)
3 ms. Memory: 293888K Free: 212733K (72%)
4 ms. Memory: 293888K Free: 211709K (72%)
 The next command will produce a warning about training mode,
   which may be ignored.
5 ms. Memory: 293888K Free: 209147K (71%)
 The next command will produce a warning about training mode,
   which may be ignored.
4 ms. Memory: 293888K Free: 208109K (71%)
1 ms. Memory: 293888K Free: 207613K (71%)
1 ms. Memory: 293888K Free: 207099K (70%)
2 ms. Memory: 293888K Free: 206589K (70%)
6 ms. Memory: 293888K Free: 205565K (70%)
6 ms. Memory: 293888K Free: 201965K (69%)
/home/travis/build/icyphy/ptII/ptolemy/actor/lib/test/TestExceptionHandler.tcl
 The next command will produce a warning about training mode,
   which may be ignored.
3 ms. Memory: 293888K Free: 200445K (68%)
1 ms. Memory: 293888K Free: 199917K (68%)
1 ms. Memory: 293888K Free: 199421K (68%)
/home/travis/build/icyphy/ptII/ptolemy/actor/lib/test/UnionDisassembler.tcl
30 ms. Memory: 293888K Free: 192253K (65%)
/home/travis/build/icyphy/ptII/ptolemy/actor/lib/test/VariableClock.tcl
preinitializing
resolving types
initializing
executing number 1
wrapping up
idle
9 ms. Memory: 293888K Free: 190205K (65%)
Completed execution with 11 iterations
preinitializing
resolving types
initializing
executing number 1
wrapping up
idle
10 ms. Memory: 293888K Free: 188653K (64%)
Completed execution with 10 iterations
07/04/20 03:03:39
Failed: 0  Total Tests: 233  ((Passed: 233, Newly Passed: 0)  Known Failed: 0) /home/travis/build/icyphy/ptII/ptolemy/actor/lib/test
----------------- testing (KnownFailure) /home/travis/build/icyphy/ptII/ptolemy/actor/lib/test/auto/knownFailedTests/PublisherPortToplevelSubscriber.xml
0 ms. Memory: 293888K Free: 185595K (63%)
Known Failure: java.lang.reflect.InvocationTargetException
----------------- testing (KnownFailure) /home/travis/build/icyphy/ptII/ptolemy/actor/lib/test/auto/knownFailedTests/PublisherSubscriberPortToplevel.xml
0 ms. Memory: 293888K Free: 181499K (62%)
Known Failure: java.lang.reflect.InvocationTargetException
----------------- testing (KnownFailure) /home/travis/build/icyphy/ptII/ptolemy/actor/lib/test/auto/knownFailedTests/PublisherSubscriptionAggregatorPort.xml
1 ms. Memory: 293888K Free: 177403K (60%)
Known Failure: java.lang.reflect.InvocationTargetException
----------------- testing (KnownFailure) /home/travis/build/icyphy/ptII/ptolemy/actor/lib/test/auto/knownFailedTests/sizedarray3.xml
8 ms. Memory: 293888K Free: 172797K (59%)
Known Failure: java.lang.reflect.InvocationTargetException
No auto/linux-amd64/*.xml tests in /home/travis/build/icyphy/ptII/ptolemy/actor/lib/test
AutoTests.java: About to close Vertx.
AutoTests.java: Vertx closed.

===========================================================================================
----------------- testing Sat Jul 04 15:03:39 UTC 2020 /home/travis/build/icyphy/ptII/ptolemy/actor/lib/test/auto/AbsoluteValue.xml
----------------- Instantiating /home/travis/build/icyphy/ptII/ptolemy/actor/lib/test/auto/AbsoluteValue.xml
7 ms. Memory: 293888K Free: 150779K (51%)
----------------- Invoking toplevel() on ptolemy.moml.MoMLSimpleApplication@a66b9d3
----------------- Done invoking toplevel() on ptolemy.moml.MoMLSimpleApplication@a66b9d3
reloadAllAccessors: .AbsoluteValue

===========================================================================================
----------------- testing Sat Jul 04 15:03:39 UTC 2020 /home/travis/build/icyphy/ptII/ptolemy/actor/lib/test/auto/AbsoluteValue2.xml
----------------- Instantiating /home/travis/build/icyphy/ptII/ptolemy/actor/lib/test/auto/AbsoluteValue2.xml
7 ms. Memory: 293888K Free: 143611K (49%)
----------------- Invoking toplevel() on ptolemy.moml.MoMLSimpleApplication@39a5d29f
----------------- Done invoking toplevel() on ptolemy.moml.MoMLSimpleApplication@39a5d29f
reloadAllAccessors: .AbsoluteValue2

===========================================================================================
----------------- testing Sat Jul 04 15:03:39 UTC 2020 /home/travis/build/icyphy/ptII/ptolemy/actor/lib/test/auto/Accumulator.xml
----------------- Instantiating /home/travis/build/icyphy/ptII/ptolemy/actor/lib/test/auto/Accumulator.xml
7 ms. Memory: 293888K Free: 137467K (47%)
----------------- Invoking toplevel() on ptolemy.moml.MoMLSimpleApplication@774c68e3
----------------- Done invoking toplevel() on ptolemy.moml.MoMLSimpleApplication@774c68e3
reloadAllAccessors: .Accumulator

===========================================================================================
----------------- testing Sat Jul 04 15:03:39 UTC 2020 /home/travis/build/icyphy/ptII/ptolemy/actor/lib/test/auto/Accumulator2.xml
----------------- Instantiating /home/travis/build/icyphy/ptII/ptolemy/actor/lib/test/auto/Accumulator2.xml
3 ms. Memory: 293888K Free: 131837K (45%)
----------------- Invoking toplevel() on ptolemy.moml.MoMLSimpleApplication@1714ee2d
----------------- Done invoking toplevel() on ptolemy.moml.MoMLSimpleApplication@1714ee2d
reloadAllAccessors: .Accumulator2

===========================================================================================
----------------- testing Sat Jul 04 15:03:39 UTC 2020 /home/travis/build/icyphy/ptII/ptolemy/actor/lib/test/auto/Accumulator3.xml
----------------- Instantiating /home/travis/build/icyphy/ptII/ptolemy/actor/lib/test/auto/Accumulator3.xml
3 ms. Memory: 293888K Free: 127227K (43%)
----------------- Invoking toplevel() on ptolemy.moml.MoMLSimpleApplication@5a5ac581
----------------- Done invoking toplevel() on ptolemy.moml.MoMLSimpleApplication@5a5ac581
reloadAllAccessors: .Accumulator3

===========================================================================================
----------------- testing Sat Jul 04 15:03:39 UTC 2020 /home/travis/build/icyphy/ptII/ptolemy/actor/lib/test/auto/ArrayAppend.xml
----------------- Instantiating /home/travis/build/icyphy/ptII/ptolemy/actor/lib/test/auto/ArrayAppend.xml
5 ms. Memory: 293888K Free: 121597K (41%)
----------------- Invoking toplevel() on ptolemy.moml.MoMLSimpleApplication@4d0d824a
----------------- Done invoking toplevel() on ptolemy.moml.MoMLSimpleApplication@4d0d824a
reloadAllAccessors: .ArrayAppend

===========================================================================================
----------------- testing Sat Jul 04 15:03:39 UTC 2020 /home/travis/build/icyphy/ptII/ptolemy/actor/lib/test/auto/ArrayAppend2.xml
----------------- Instantiating /home/travis/build/icyphy/ptII/ptolemy/actor/lib/test/auto/ArrayAppend2.xml
348 ms. Memory: 293888K Free: 198446K (68%)
----------------- Invoking toplevel() on ptolemy.moml.MoMLSimpleApplication@3638cebe
----------------- Done invoking toplevel() on ptolemy.moml.MoMLSimpleApplication@3638cebe
reloadAllAccessors: .ArrayAppend2

===========================================================================================
----------------- testing Sat Jul 04 15:03:40 UTC 2020 /home/travis/build/icyphy/ptII/ptolemy/actor/lib/test/auto/ArrayAppend3.xml
----------------- Instantiating /home/travis/build/icyphy/ptII/ptolemy/actor/lib/test/auto/ArrayAppend3.xml
4 ms. Memory: 293888K Free: 193326K (66%)
----------------- Invoking toplevel() on ptolemy.moml.MoMLSimpleApplication@60ca874b
----------------- Done invoking toplevel() on ptolemy.moml.MoMLSimpleApplication@60ca874b
reloadAllAccessors: .ArrayAppend3

===========================================================================================
----------------- testing Sat Jul 04 15:03:40 UTC 2020 /home/travis/build/icyphy/ptII/ptolemy/actor/lib/test/auto/ArrayAppend4.xml
----------------- Instantiating /home/travis/build/icyphy/ptII/ptolemy/actor/lib/test/auto/ArrayAppend4.xml
2 ms. Memory: 293888K Free: 188206K (64%)
----------------- Invoking toplevel() on ptolemy.moml.MoMLSimpleApplication@354eef9c
----------------- Done invoking toplevel() on ptolemy.moml.MoMLSimpleApplication@354eef9c
reloadAllAccessors: .ArrayAppend4

===========================================================================================
----------------- testing Sat Jul 04 15:03:40 UTC 2020 /home/travis/build/icyphy/ptII/ptolemy/actor/lib/test/auto/ArrayAppend5.xml
----------------- Instantiating /home/travis/build/icyphy/ptII/ptolemy/actor/lib/test/auto/ArrayAppend5.xml
3 ms. Memory: 293888K Free: 183086K (62%)
----------------- Invoking toplevel() on ptolemy.moml.MoMLSimpleApplication@61b8e7b5
----------------- Done invoking toplevel() on ptolemy.moml.MoMLSimpleApplication@61b8e7b5
reloadAllAccessors: .ArrayAppend5

===========================================================================================
----------------- testing Sat Jul 04 15:03:40 UTC 2020 /home/travis/build/icyphy/ptII/ptolemy/actor/lib/test/auto/ArrayAppend6.xml
----------------- Instantiating /home/travis/build/icyphy/ptII/ptolemy/actor/lib/test/auto/ArrayAppend6.xml
4 ms. Memory: 293888K Free: 177966K (61%)
----------------- Invoking toplevel() on ptolemy.moml.MoMLSimpleApplication@5d09cfa9
----------------- Done invoking toplevel() on ptolemy.moml.MoMLSimpleApplication@5d09cfa9
reloadAllAccessors: .ArrayAppend6

===========================================================================================
----------------- testing Sat Jul 04 15:03:40 UTC 2020 /home/travis/build/icyphy/ptII/ptolemy/actor/lib/test/auto/ArrayAppendPerformanceTest.xml
----------------- Instantiating /home/travis/build/icyphy/ptII/ptolemy/actor/lib/test/auto/ArrayAppendPerformanceTest.xml
37 ms. Memory: 293888K Free: 166702K (57%)
----------------- Invoking toplevel() on ptolemy.moml.MoMLSimpleApplication@401001ba
----------------- Done invoking toplevel() on ptolemy.moml.MoMLSimpleApplication@401001ba
reloadAllAccessors: .ArrayAppendPerformanceTest

===========================================================================================
----------------- testing Sat Jul 04 15:03:40 UTC 2020 /home/travis/build/icyphy/ptII/ptolemy/actor/lib/test/auto/ArrayAppendWithEmptyInput.xml
----------------- Instantiating /home/travis/build/icyphy/ptII/ptolemy/actor/lib/test/auto/ArrayAppendWithEmptyInput.xml
9 ms. Memory: 293888K Free: 159024K (54%)
----------------- Invoking toplevel() on ptolemy.moml.MoMLSimpleApplication@11f29ef1
----------------- Done invoking toplevel() on ptolemy.moml.MoMLSimpleApplication@11f29ef1
reloadAllAccessors: .ArrayAppendWithEmptyInput

===========================================================================================
----------------- testing Sat Jul 04 15:03:40 UTC 2020 /home/travis/build/icyphy/ptII/ptolemy/actor/lib/test/auto/ArrayAverage.xml
----------------- Instantiating /home/travis/build/icyphy/ptII/ptolemy/actor/lib/test/auto/ArrayAverage.xml
7 ms. Memory: 293888K Free: 151856K (52%)
----------------- Invoking toplevel() on ptolemy.moml.MoMLSimpleApplication@6b4b1adb
----------------- Done invoking toplevel() on ptolemy.moml.MoMLSimpleApplication@6b4b1adb
reloadAllAccessors: .ArrayAverage

===========================================================================================
----------------- testing Sat Jul 04 15:03:40 UTC 2020 /home/travis/build/icyphy/ptII/ptolemy/actor/lib/test/auto/ArrayContains.xml
----------------- Instantiating /home/travis/build/icyphy/ptII/ptolemy/actor/lib/test/auto/ArrayContains.xml
7 ms. Memory: 293888K Free: 145712K (50%)
----------------- Invoking toplevel() on ptolemy.moml.MoMLSimpleApplication@52dde789
----------------- Done invoking toplevel() on ptolemy.moml.MoMLSimpleApplication@52dde789
reloadAllAccessors: .ArrayContains

===========================================================================================
----------------- testing Sat Jul 04 15:03:40 UTC 2020 /home/travis/build/icyphy/ptII/ptolemy/actor/lib/test/auto/ArrayElement.xml
----------------- Instantiating /home/travis/build/icyphy/ptII/ptolemy/actor/lib/test/auto/ArrayElement.xml
3 ms. Memory: 293888K Free: 140078K (48%)
----------------- Invoking toplevel() on ptolemy.moml.MoMLSimpleApplication@3f70468f
----------------- Done invoking toplevel() on ptolemy.moml.MoMLSimpleApplication@3f70468f
reloadAllAccessors: .ArrayElement

===========================================================================================
----------------- testing Sat Jul 04 15:03:40 UTC 2020 /home/travis/build/icyphy/ptII/ptolemy/actor/lib/test/auto/ArrayElementAsMatrix.xml
----------------- Instantiating /home/travis/build/icyphy/ptII/ptolemy/actor/lib/test/auto/ArrayElementAsMatrix.xml
10 ms. Memory: 293888K Free: 130352K (44%)
----------------- Invoking toplevel() on ptolemy.moml.MoMLSimpleApplication@3ecef441
----------------- Done invoking toplevel() on ptolemy.moml.MoMLSimpleApplication@3ecef441
reloadAllAccessors: .ArrayElementAsMatrix

===========================================================================================
----------------- testing Sat Jul 04 15:03:40 UTC 2020 /home/travis/build/icyphy/ptII/ptolemy/actor/lib/test/auto/ArrayElementI.xml
----------------- Instantiating /home/travis/build/icyphy/ptII/ptolemy/actor/lib/test/auto/ArrayElementI.xml
2 ms. Memory: 293888K Free: 125232K (43%)
----------------- Invoking toplevel() on ptolemy.moml.MoMLSimpleApplication@6c2d3bf8
----------------- Done invoking toplevel() on ptolemy.moml.MoMLSimpleApplication@6c2d3bf8
reloadAllAccessors: .ArrayElementI

===========================================================================================
----------------- testing Sat Jul 04 15:03:40 UTC 2020 /home/travis/build/icyphy/ptII/ptolemy/actor/lib/test/auto/ArrayExtract.xml
----------------- Instantiating /home/travis/build/icyphy/ptII/ptolemy/actor/lib/test/auto/ArrayExtract.xml
7 ms. Memory: 293888K Free: 116526K (40%)
----------------- Invoking toplevel() on ptolemy.moml.MoMLSimpleApplication@7f51aa46
----------------- Done invoking toplevel() on ptolemy.moml.MoMLSimpleApplication@7f51aa46
reloadAllAccessors: .ArrayExtract

===========================================================================================
----------------- testing Sat Jul 04 15:03:40 UTC 2020 /home/travis/build/icyphy/ptII/ptolemy/actor/lib/test/auto/ArrayExtract2.xml
----------------- Instantiating /home/travis/build/icyphy/ptII/ptolemy/actor/lib/test/auto/ArrayExtract2.xml
3 ms. Memory: 293888K Free: 110896K (38%)
----------------- Invoking toplevel() on ptolemy.moml.MoMLSimpleApplication@2e84b8dd
----------------- Done invoking toplevel() on ptolemy.moml.MoMLSimpleApplication@2e84b8dd
reloadAllAccessors: .ArrayExtract2

===========================================================================================
----------------- testing Sat Jul 04 15:03:40 UTC 2020 /home/travis/build/icyphy/ptII/ptolemy/actor/lib/test/auto/ArrayLength.xml
----------------- Instantiating /home/travis/build/icyphy/ptII/ptolemy/actor/lib/test/auto/ArrayLength.xml
7 ms. Memory: 293888K Free: 107310K (37%)
----------------- Invoking toplevel() on ptolemy.moml.MoMLSimpleApplication@1e9a767a
----------------- Done invoking toplevel() on ptolemy.moml.MoMLSimpleApplication@1e9a767a
reloadAllAccessors: .ArrayLength

===========================================================================================
----------------- testing Sat Jul 04 15:03:40 UTC 2020 /home/travis/build/icyphy/ptII/ptolemy/actor/lib/test/auto/ArrayLevelCrossing.xml
----------------- Instantiating /home/travis/build/icyphy/ptII/ptolemy/actor/lib/test/auto/ArrayLevelCrossing.xml
4 ms. Memory: 293888K Free: 99118K (34%)
----------------- Invoking toplevel() on ptolemy.moml.MoMLSimpleApplication@1c5292f2
----------------- Done invoking toplevel() on ptolemy.moml.MoMLSimpleApplication@1c5292f2
reloadAllAccessors: .ArrayLevelCrossing

===========================================================================================
----------------- testing Sat Jul 04 15:03:40 UTC 2020 /home/travis/build/icyphy/ptII/ptolemy/actor/lib/test/auto/ArrayLevelCrossing2.xml
----------------- Instantiating /home/travis/build/icyphy/ptII/ptolemy/actor/lib/test/auto/ArrayLevelCrossing2.xml
2 ms. Memory: 293888K Free: 92464K (31%)
----------------- Invoking toplevel() on ptolemy.moml.MoMLSimpleApplication@4e2448df
----------------- Done invoking toplevel() on ptolemy.moml.MoMLSimpleApplication@4e2448df
reloadAllAccessors: .ArrayLevelCrossing2

===========================================================================================
----------------- testing Sat Jul 04 15:03:40 UTC 2020 /home/travis/build/icyphy/ptII/ptolemy/actor/lib/test/auto/ArrayPeakSearch.xml
----------------- Instantiating /home/travis/build/icyphy/ptII/ptolemy/actor/lib/test/auto/ArrayPeakSearch.xml
5 ms. Memory: 293888K Free: 83248K (28%)
----------------- Invoking toplevel() on ptolemy.moml.MoMLSimpleApplication@f34f95e
----------------- Done invoking toplevel() on ptolemy.moml.MoMLSimpleApplication@f34f95e
reloadAllAccessors: .ArrayPeakSearch

===========================================================================================
----------------- testing Sat Jul 04 15:03:40 UTC 2020 /home/travis/build/icyphy/ptII/ptolemy/actor/lib/test/auto/ArrayPeakSearch2.xml
----------------- Instantiating /home/travis/build/icyphy/ptII/ptolemy/actor/lib/test/auto/ArrayPeakSearch2.xml
8 ms. Memory: 293888K Free: 233472K (79%)
----------------- Invoking toplevel() on ptolemy.moml.MoMLSimpleApplication@bbb5cb1
----------------- Done invoking toplevel() on ptolemy.moml.MoMLSimpleApplication@bbb5cb1
reloadAllAccessors: .ArrayPeakSearch2

===========================================================================================
----------------- testing Sat Jul 04 15:03:40 UTC 2020 /home/travis/build/icyphy/ptII/ptolemy/actor/lib/test/auto/ArrayPeakSearch3.xml
----------------- Instantiating /home/travis/build/icyphy/ptII/ptolemy/actor/lib/test/auto/ArrayPeakSearch3.xml
4 ms. Memory: 293888K Free: 224256K (76%)
----------------- Invoking toplevel() on ptolemy.moml.MoMLSimpleApplication@3c4a71da
----------------- Done invoking toplevel() on ptolemy.moml.MoMLSimpleApplication@3c4a71da
reloadAllAccessors: .ArrayPeakSearch3

===========================================================================================
----------------- testing Sat Jul 04 15:03:40 UTC 2020 /home/travis/build/icyphy/ptII/ptolemy/actor/lib/test/auto/ArrayRemoveElement.xml
----------------- Instantiating /home/travis/build/icyphy/ptII/ptolemy/actor/lib/test/auto/ArrayRemoveElement.xml
3 ms. Memory: 293888K Free: 216574K (74%)
----------------- Invoking toplevel() on ptolemy.moml.MoMLSimpleApplication@736a0e78
----------------- Done invoking toplevel() on ptolemy.moml.MoMLSimpleApplication@736a0e78
reloadAllAccessors: .ArrayRemoveElement

===========================================================================================
----------------- testing Sat Jul 04 15:03:41 UTC 2020 /home/travis/build/icyphy/ptII/ptolemy/actor/lib/test/auto/ArraySort.xml
----------------- Instantiating /home/travis/build/icyphy/ptII/ptolemy/actor/lib/test/auto/ArraySort.xml
6 ms. Memory: 293888K Free: 207358K (71%)
----------------- Invoking toplevel() on ptolemy.moml.MoMLSimpleApplication@122d6eee
----------------- Done invoking toplevel() on ptolemy.moml.MoMLSimpleApplication@122d6eee
reloadAllAccessors: .ArraySort

===========================================================================================
----------------- testing Sat Jul 04 15:03:41 UTC 2020 /home/travis/build/icyphy/ptII/ptolemy/actor/lib/test/auto/ArraySum.xml
----------------- Instantiating /home/travis/build/icyphy/ptII/ptolemy/actor/lib/test/auto/ArraySum.xml
4 ms. Memory: 293888K Free: 202238K (69%)
----------------- Invoking toplevel() on ptolemy.moml.MoMLSimpleApplication@3940c9ec
----------------- Done invoking toplevel() on ptolemy.moml.MoMLSimpleApplication@3940c9ec
reloadAllAccessors: .ArraySum

===========================================================================================
----------------- testing Sat Jul 04 15:03:41 UTC 2020 /home/travis/build/icyphy/ptII/ptolemy/actor/lib/test/auto/ArrayToElements.xml
----------------- Instantiating /home/travis/build/icyphy/ptII/ptolemy/actor/lib/test/auto/ArrayToElements.xml
6 ms. Memory: 293888K Free: 196608K (67%)
----------------- Invoking toplevel() on ptolemy.moml.MoMLSimpleApplication@604b6eda
----------------- Done invoking toplevel() on ptolemy.moml.MoMLSimpleApplication@604b6eda
reloadAllAccessors: .ArrayToElements

===========================================================================================
----------------- testing Sat Jul 04 15:03:41 UTC 2020 /home/travis/build/icyphy/ptII/ptolemy/actor/lib/test/auto/ArrayToMatrix.xml
----------------- Instantiating /home/travis/build/icyphy/ptII/ptolemy/actor/lib/test/auto/ArrayToMatrix.xml
23 ms. Memory: 293888K Free: 182272K (62%)
----------------- Invoking toplevel() on ptolemy.moml.MoMLSimpleApplication@65dd3e6a
----------------- Done invoking toplevel() on ptolemy.moml.MoMLSimpleApplication@65dd3e6a
reloadAllAccessors: .ArrayToMatrix

===========================================================================================
----------------- testing Sat Jul 04 15:03:41 UTC 2020 /home/travis/build/icyphy/ptII/ptolemy/actor/lib/test/auto/ArrayUpdate1.xml
----------------- Instantiating /home/travis/build/icyphy/ptII/ptolemy/actor/lib/test/auto/ArrayUpdate1.xml
5 ms. Memory: 293888K Free: 177152K (60%)
----------------- Invoking toplevel() on ptolemy.moml.MoMLSimpleApplication@2b5073d7
----------------- Done invoking toplevel() on ptolemy.moml.MoMLSimpleApplication@2b5073d7
reloadAllAccessors: .ArrayUpdate1

===========================================================================================
----------------- testing Sat Jul 04 15:03:41 UTC 2020 /home/travis/build/icyphy/ptII/ptolemy/actor/lib/test/auto/ArrayUpdate2.xml
----------------- Instantiating /home/travis/build/icyphy/ptII/ptolemy/actor/lib/test/auto/ArrayUpdate2.xml
7 ms. Memory: 293888K Free: 171518K (58%)
----------------- Invoking toplevel() on ptolemy.moml.MoMLSimpleApplication@66395b02
----------------- Done invoking toplevel() on ptolemy.moml.MoMLSimpleApplication@66395b02
reloadAllAccessors: .ArrayUpdate2

===========================================================================================
----------------- testing Sat Jul 04 15:03:41 UTC 2020 /home/travis/build/icyphy/ptII/ptolemy/actor/lib/test/auto/ArrayUpdate3.xml
----------------- Instantiating /home/travis/build/icyphy/ptII/ptolemy/actor/lib/test/auto/ArrayUpdate3.xml
4 ms. Memory: 293888K Free: 166398K (57%)
----------------- Invoking toplevel() on ptolemy.moml.MoMLSimpleApplication@7f7d6506
----------------- Done invoking toplevel() on ptolemy.moml.MoMLSimpleApplication@7f7d6506
reloadAllAccessors: .ArrayUpdate3

===========================================================================================
----------------- testing Sat Jul 04 15:03:41 UTC 2020 /home/travis/build/icyphy/ptII/ptolemy/actor/lib/test/auto/Assert1.xml
----------------- Instantiating /home/travis/build/icyphy/ptII/ptolemy/actor/lib/test/auto/Assert1.xml
5 ms. Memory: 293888K Free: 162302K (55%)
----------------- Invoking toplevel() on ptolemy.moml.MoMLSimpleApplication@3078af09
----------------- Done invoking toplevel() on ptolemy.moml.MoMLSimpleApplication@3078af09
reloadAllAccessors: .Assert1

===========================================================================================
----------------- testing Sat Jul 04 15:03:41 UTC 2020 /home/travis/build/icyphy/ptII/ptolemy/actor/lib/test/auto/Assert2.xml
----------------- Instantiating /home/travis/build/icyphy/ptII/ptolemy/actor/lib/test/auto/Assert2.xml
2 ms. Memory: 293888K Free: 157182K (53%)
----------------- Invoking toplevel() on ptolemy.moml.MoMLSimpleApplication@179e8112
----------------- Done invoking toplevel() on ptolemy.moml.MoMLSimpleApplication@179e8112
reloadAllAccessors: .Assert2

===========================================================================================
----------------- testing Sat Jul 04 15:03:41 UTC 2020 /home/travis/build/icyphy/ptII/ptolemy/actor/lib/test/auto/BooleanMultiplexor.xml
----------------- Instantiating /home/travis/build/icyphy/ptII/ptolemy/actor/lib/test/auto/BooleanMultiplexor.xml
2 ms. Memory: 293888K Free: 152047K (52%)
----------------- Invoking toplevel() on ptolemy.moml.MoMLSimpleApplication@69f01da8
----------------- Done invoking toplevel() on ptolemy.moml.MoMLSimpleApplication@69f01da8
reloadAllAccessors: .BooleanMultiplexor

===========================================================================================
----------------- testing Sat Jul 04 15:03:41 UTC 2020 /home/travis/build/icyphy/ptII/ptolemy/actor/lib/test/auto/BooleanMultiplexor2.xml
----------------- Instantiating /home/travis/build/icyphy/ptII/ptolemy/actor/lib/test/auto/BooleanMultiplexor2.xml
12 ms. Memory: 293888K Free: 145408K (49%)
----------------- Invoking toplevel() on ptolemy.moml.MoMLSimpleApplication@2f61b340
----------------- Done invoking toplevel() on ptolemy.moml.MoMLSimpleApplication@2f61b340
reloadAllAccessors: .BooleanMultiplexor2

===========================================================================================
----------------- testing Sat Jul 04 15:03:41 UTC 2020 /home/travis/build/icyphy/ptII/ptolemy/actor/lib/test/auto/BooleanMultiplexor3.xml
----------------- Instantiating /home/travis/build/icyphy/ptII/ptolemy/actor/lib/test/auto/BooleanMultiplexor3.xml
5 ms. Memory: 293888K Free: 141822K (48%)
----------------- Invoking toplevel() on ptolemy.moml.MoMLSimpleApplication@3ff7a89d
----------------- Done invoking toplevel() on ptolemy.moml.MoMLSimpleApplication@3ff7a89d
reloadAllAccessors: .BooleanMultiplexor3

===========================================================================================
----------------- testing Sat Jul 04 15:03:41 UTC 2020 /home/travis/build/icyphy/ptII/ptolemy/actor/lib/test/auto/BooleanSelect.xml
----------------- Instantiating /home/travis/build/icyphy/ptII/ptolemy/actor/lib/test/auto/BooleanSelect.xml
9 ms. Memory: 293888K Free: 135647K (46%)
----------------- Invoking toplevel() on ptolemy.moml.MoMLSimpleApplication@3615fd43
----------------- Done invoking toplevel() on ptolemy.moml.MoMLSimpleApplication@3615fd43
reloadAllAccessors: .BooleanSelect

===========================================================================================
----------------- testing Sat Jul 04 15:03:41 UTC 2020 /home/travis/build/icyphy/ptII/ptolemy/actor/lib/test/auto/BooleanSelect2.xml
----------------- Instantiating /home/travis/build/icyphy/ptII/ptolemy/actor/lib/test/auto/BooleanSelect2.xml
2 ms. Memory: 293888K Free: 131582K (45%)
----------------- Invoking toplevel() on ptolemy.moml.MoMLSimpleApplication@67819693
----------------- Done invoking toplevel() on ptolemy.moml.MoMLSimpleApplication@67819693
reloadAllAccessors: .BooleanSelect2

===========================================================================================
----------------- testing Sat Jul 04 15:03:41 UTC 2020 /home/travis/build/icyphy/ptII/ptolemy/actor/lib/test/auto/BooleanSwitch.xml
----------------- Instantiating /home/travis/build/icyphy/ptII/ptolemy/actor/lib/test/auto/BooleanSwitch.xml
10 ms. Memory: 293888K Free: 125438K (43%)
----------------- Invoking toplevel() on ptolemy.moml.MoMLSimpleApplication@e75b5c2
----------------- Done invoking toplevel() on ptolemy.moml.MoMLSimpleApplication@e75b5c2
reloadAllAccessors: .BooleanSwitch

===========================================================================================
----------------- testing Sat Jul 04 15:03:41 UTC 2020 /home/travis/build/icyphy/ptII/ptolemy/actor/lib/test/auto/BooleanSwitch2.xml
----------------- Instantiating /home/travis/build/icyphy/ptII/ptolemy/actor/lib/test/auto/BooleanSwitch2.xml
1 ms. Memory: 293888K Free: 120832K (41%)
----------------- Invoking toplevel() on ptolemy.moml.MoMLSimpleApplication@60a5a618
----------------- Done invoking toplevel() on ptolemy.moml.MoMLSimpleApplication@60a5a618
reloadAllAccessors: .BooleanSwitch2

===========================================================================================
----------------- testing Sat Jul 04 15:03:41 UTC 2020 /home/travis/build/icyphy/ptII/ptolemy/actor/lib/test/auto/BooleanSwitchCloningBugWithClassRelationGroup.xml
----------------- Instantiating /home/travis/build/icyphy/ptII/ptolemy/actor/lib/test/auto/BooleanSwitchCloningBugWithClassRelationGroup.xml
4 ms. Memory: 293888K Free: 114688K (39%)
----------------- Invoking toplevel() on ptolemy.moml.MoMLSimpleApplication@6fe9e677
----------------- Done invoking toplevel() on ptolemy.moml.MoMLSimpleApplication@6fe9e677
reloadAllAccessors: .BooleanSwitchCloningBugWithClassRelationGroup

===========================================================================================
----------------- testing Sat Jul 04 15:03:41 UTC 2020 /home/travis/build/icyphy/ptII/ptolemy/actor/lib/test/auto/BusActors.xml
----------------- Instantiating /home/travis/build/icyphy/ptII/ptolemy/actor/lib/test/auto/BusActors.xml
8 ms. Memory: 293888K Free: 107006K (36%)
----------------- Invoking toplevel() on ptolemy.moml.MoMLSimpleApplication@6a7d18b4
----------------- Done invoking toplevel() on ptolemy.moml.MoMLSimpleApplication@6a7d18b4
reloadAllAccessors: .BusActors

===========================================================================================
----------------- testing Sat Jul 04 15:03:41 UTC 2020 /home/travis/build/icyphy/ptII/ptolemy/actor/lib/test/auto/ClassWrapper.xml
----------------- Instantiating /home/travis/build/icyphy/ptII/ptolemy/actor/lib/test/auto/ClassWrapper.xml
3 ms. Memory: 293888K Free: 102910K (35%)
----------------- Invoking toplevel() on ptolemy.moml.MoMLSimpleApplication@679dcc7f
----------------- Done invoking toplevel() on ptolemy.moml.MoMLSimpleApplication@679dcc7f
reloadAllAccessors: .ClassWrapper

===========================================================================================
----------------- testing Sat Jul 04 15:03:41 UTC 2020 /home/travis/build/icyphy/ptII/ptolemy/actor/lib/test/auto/Clock.xml
----------------- Instantiating /home/travis/build/icyphy/ptII/ptolemy/actor/lib/test/auto/Clock.xml
1 ms. Memory: 293888K Free: 98814K (34%)
----------------- Invoking toplevel() on ptolemy.moml.MoMLSimpleApplication@17d9498c
----------------- Done invoking toplevel() on ptolemy.moml.MoMLSimpleApplication@17d9498c
reloadAllAccessors: .Clock

===========================================================================================
----------------- testing Sat Jul 04 15:03:41 UTC 2020 /home/travis/build/icyphy/ptII/ptolemy/actor/lib/test/auto/Clock10.xml
----------------- Instantiating /home/travis/build/icyphy/ptII/ptolemy/actor/lib/test/auto/Clock10.xml
4 ms. Memory: 293888K Free: 93184K (32%)
----------------- Invoking toplevel() on ptolemy.moml.MoMLSimpleApplication@39e54de8
----------------- Done invoking toplevel() on ptolemy.moml.MoMLSimpleApplication@39e54de8
reloadAllAccessors: .Clock10

===========================================================================================
----------------- testing Sat Jul 04 15:03:41 UTC 2020 /home/travis/build/icyphy/ptII/ptolemy/actor/lib/test/auto/Clock11.xml
----------------- Instantiating /home/travis/build/icyphy/ptII/ptolemy/actor/lib/test/auto/Clock11.xml
5 ms. Memory: 293888K Free: 87040K (30%)
----------------- Invoking toplevel() on ptolemy.moml.MoMLSimpleApplication@34897182
----------------- Done invoking toplevel() on ptolemy.moml.MoMLSimpleApplication@34897182
reloadAllAccessors: .Clock11

===========================================================================================
----------------- testing Sat Jul 04 15:03:41 UTC 2020 /home/travis/build/icyphy/ptII/ptolemy/actor/lib/test/auto/Clock12.xml
----------------- Instantiating /home/travis/build/icyphy/ptII/ptolemy/actor/lib/test/auto/Clock12.xml
4 ms. Memory: 293888K Free: 81406K (28%)
----------------- Invoking toplevel() on ptolemy.moml.MoMLSimpleApplication@79379d98
----------------- Done invoking toplevel() on ptolemy.moml.MoMLSimpleApplication@79379d98
reloadAllAccessors: .Clock12

===========================================================================================
----------------- testing Sat Jul 04 15:03:41 UTC 2020 /home/travis/build/icyphy/ptII/ptolemy/actor/lib/test/auto/Clock13.xml
----------------- Instantiating /home/travis/build/icyphy/ptII/ptolemy/actor/lib/test/auto/Clock13.xml
8 ms. Memory: 293888K Free: 75247K (26%)
----------------- Invoking toplevel() on ptolemy.moml.MoMLSimpleApplication@34837956
----------------- Done invoking toplevel() on ptolemy.moml.MoMLSimpleApplication@34837956
reloadAllAccessors: .Clock13

===========================================================================================
----------------- testing Sat Jul 04 15:03:41 UTC 2020 /home/travis/build/icyphy/ptII/ptolemy/actor/lib/test/auto/Clock14.xml
----------------- Instantiating /home/travis/build/icyphy/ptII/ptolemy/actor/lib/test/auto/Clock14.xml
15 ms. Memory: 293888K Free: 237568K (81%)
----------------- Invoking toplevel() on ptolemy.moml.MoMLSimpleApplication@6bddbdf4
----------------- Done invoking toplevel() on ptolemy.moml.MoMLSimpleApplication@6bddbdf4
reloadAllAccessors: .Clock14

===========================================================================================
----------------- testing Sat Jul 04 15:03:41 UTC 2020 /home/travis/build/icyphy/ptII/ptolemy/actor/lib/test/auto/Clock15.xml
----------------- Instantiating /home/travis/build/icyphy/ptII/ptolemy/actor/lib/test/auto/Clock15.xml
5 ms. Memory: 293888K Free: 231424K (79%)
----------------- Invoking toplevel() on ptolemy.moml.MoMLSimpleApplication@13e3f5a2
----------------- Done invoking toplevel() on ptolemy.moml.MoMLSimpleApplication@13e3f5a2
reloadAllAccessors: .Clock15

===========================================================================================
----------------- testing Sat Jul 04 15:03:41 UTC 2020 /home/travis/build/icyphy/ptII/ptolemy/actor/lib/test/auto/Clock16.xml
----------------- Instantiating /home/travis/build/icyphy/ptII/ptolemy/actor/lib/test/auto/Clock16.xml
41 ms. Memory: 293888K Free: 217071K (74%)
----------------- Invoking toplevel() on ptolemy.moml.MoMLSimpleApplication@26c32830
----------------- Done invoking toplevel() on ptolemy.moml.MoMLSimpleApplication@26c32830
reloadAllAccessors: .Clock16

===========================================================================================
----------------- testing Sat Jul 04 15:03:41 UTC 2020 /home/travis/build/icyphy/ptII/ptolemy/actor/lib/test/auto/Clock17.xml
----------------- Instantiating /home/travis/build/icyphy/ptII/ptolemy/actor/lib/test/auto/Clock17.xml
24 ms. Memory: 293888K Free: 202752K (69%)
----------------- Invoking toplevel() on ptolemy.moml.MoMLSimpleApplication@37e02ae4
----------------- Done invoking toplevel() on ptolemy.moml.MoMLSimpleApplication@37e02ae4
reloadAllAccessors: .Clock17

===========================================================================================
----------------- testing Sat Jul 04 15:03:41 UTC 2020 /home/travis/build/icyphy/ptII/ptolemy/actor/lib/test/auto/Clock18.xml
----------------- Instantiating /home/travis/build/icyphy/ptII/ptolemy/actor/lib/test/auto/Clock18.xml
26 ms. Memory: 293888K Free: 189440K (64%)
----------------- Invoking toplevel() on ptolemy.moml.MoMLSimpleApplication@372e80be
----------------- Done invoking toplevel() on ptolemy.moml.MoMLSimpleApplication@372e80be
reloadAllAccessors: .Clock18

===========================================================================================
----------------- testing Sat Jul 04 15:03:41 UTC 2020 /home/travis/build/icyphy/ptII/ptolemy/actor/lib/test/auto/Clock19.xml
----------------- Instantiating /home/travis/build/icyphy/ptII/ptolemy/actor/lib/test/auto/Clock19.xml
13 ms. Memory: 293888K Free: 176638K (60%)
----------------- Invoking toplevel() on ptolemy.moml.MoMLSimpleApplication@74491e5
----------------- Done invoking toplevel() on ptolemy.moml.MoMLSimpleApplication@74491e5
reloadAllAccessors: .Clock19

===========================================================================================
----------------- testing Sat Jul 04 15:03:41 UTC 2020 /home/travis/build/icyphy/ptII/ptolemy/actor/lib/test/auto/Clock2.xml
----------------- Instantiating /home/travis/build/icyphy/ptII/ptolemy/actor/lib/test/auto/Clock2.xml
6 ms. Memory: 293888K Free: 172032K (59%)
----------------- Invoking toplevel() on ptolemy.moml.MoMLSimpleApplication@62f5de31
----------------- Done invoking toplevel() on ptolemy.moml.MoMLSimpleApplication@62f5de31
reloadAllAccessors: .Clock2

===========================================================================================
----------------- testing Sat Jul 04 15:03:42 UTC 2020 /home/travis/build/icyphy/ptII/ptolemy/actor/lib/test/auto/Clock20.xml
----------------- Instantiating /home/travis/build/icyphy/ptII/ptolemy/actor/lib/test/auto/Clock20.xml
9 ms. Memory: 293888K Free: 166912K (57%)
----------------- Invoking toplevel() on ptolemy.moml.MoMLSimpleApplication@533da0b5
----------------- Done invoking toplevel() on ptolemy.moml.MoMLSimpleApplication@533da0b5
reloadAllAccessors: .Clock20

===========================================================================================
----------------- testing Sat Jul 04 15:03:42 UTC 2020 /home/travis/build/icyphy/ptII/ptolemy/actor/lib/test/auto/Clock21.xml
----------------- Instantiating /home/travis/build/icyphy/ptII/ptolemy/actor/lib/test/auto/Clock21.xml
8 ms. Memory: 293888K Free: 161278K (55%)
----------------- Invoking toplevel() on ptolemy.moml.MoMLSimpleApplication@284ce57b
----------------- Done invoking toplevel() on ptolemy.moml.MoMLSimpleApplication@284ce57b
reloadAllAccessors: .Clock21

===========================================================================================
----------------- testing Sat Jul 04 15:03:42 UTC 2020 /home/travis/build/icyphy/ptII/ptolemy/actor/lib/test/auto/Clock22.xml
----------------- Instantiating /home/travis/build/icyphy/ptII/ptolemy/actor/lib/test/auto/Clock22.xml
2 ms. Memory: 293888K Free: 156158K (53%)
----------------- Invoking toplevel() on ptolemy.moml.MoMLSimpleApplication@2b5b3ac7
----------------- Done invoking toplevel() on ptolemy.moml.MoMLSimpleApplication@2b5b3ac7
reloadAllAccessors: .Clock22

===========================================================================================
----------------- testing Sat Jul 04 15:03:42 UTC 2020 /home/travis/build/icyphy/ptII/ptolemy/actor/lib/test/auto/Clock23.xml
----------------- Instantiating /home/travis/build/icyphy/ptII/ptolemy/actor/lib/test/auto/Clock23.xml
3 ms. Memory: 293888K Free: 150528K (51%)
----------------- Invoking toplevel() on ptolemy.moml.MoMLSimpleApplication@68f550f5
----------------- Done invoking toplevel() on ptolemy.moml.MoMLSimpleApplication@68f550f5
reloadAllAccessors: .Clock23

===========================================================================================
----------------- testing Sat Jul 04 15:03:42 UTC 2020 /home/travis/build/icyphy/ptII/ptolemy/actor/lib/test/auto/Clock24.xml
----------------- Instantiating /home/travis/build/icyphy/ptII/ptolemy/actor/lib/test/auto/Clock24.xml
2 ms. Memory: 293888K Free: 144894K (49%)
----------------- Invoking toplevel() on ptolemy.moml.MoMLSimpleApplication@132bb06f
----------------- Done invoking toplevel() on ptolemy.moml.MoMLSimpleApplication@132bb06f
reloadAllAccessors: .Clock24

===========================================================================================
----------------- testing Sat Jul 04 15:03:42 UTC 2020 /home/travis/build/icyphy/ptII/ptolemy/actor/lib/test/auto/Clock4.xml
----------------- Instantiating /home/travis/build/icyphy/ptII/ptolemy/actor/lib/test/auto/Clock4.xml
1 ms. Memory: 293888K Free: 140288K (48%)
----------------- Invoking toplevel() on ptolemy.moml.MoMLSimpleApplication@76059767
----------------- Done invoking toplevel() on ptolemy.moml.MoMLSimpleApplication@76059767
reloadAllAccessors: .Clock4

===========================================================================================
----------------- testing Sat Jul 04 15:03:42 UTC 2020 /home/travis/build/icyphy/ptII/ptolemy/actor/lib/test/auto/Clock5.xml
----------------- Instantiating /home/travis/build/icyphy/ptII/ptolemy/actor/lib/test/auto/Clock5.xml
2 ms. Memory: 293888K Free: 134639K (46%)
----------------- Invoking toplevel() on ptolemy.moml.MoMLSimpleApplication@712190d6
----------------- Done invoking toplevel() on ptolemy.moml.MoMLSimpleApplication@712190d6
reloadAllAccessors: .Clock5

===========================================================================================
----------------- testing Sat Jul 04 15:03:42 UTC 2020 /home/travis/build/icyphy/ptII/ptolemy/actor/lib/test/auto/Clock6.xml
----------------- Instantiating /home/travis/build/icyphy/ptII/ptolemy/actor/lib/test/auto/Clock6.xml
1 ms. Memory: 293888K Free: 131072K (45%)
----------------- Invoking toplevel() on ptolemy.moml.MoMLSimpleApplication@50cc2b00
----------------- Done invoking toplevel() on ptolemy.moml.MoMLSimpleApplication@50cc2b00
reloadAllAccessors: .Clock6

===========================================================================================
----------------- testing Sat Jul 04 15:03:42 UTC 2020 /home/travis/build/icyphy/ptII/ptolemy/actor/lib/test/auto/Clock7.xml
----------------- Instantiating /home/travis/build/icyphy/ptII/ptolemy/actor/lib/test/auto/Clock7.xml
2 ms. Memory: 293888K Free: 126462K (43%)
----------------- Invoking toplevel() on ptolemy.moml.MoMLSimpleApplication@3bd66fa7
----------------- Done invoking toplevel() on ptolemy.moml.MoMLSimpleApplication@3bd66fa7
reloadAllAccessors: .Clock7

===========================================================================================
----------------- testing Sat Jul 04 15:03:42 UTC 2020 /home/travis/build/icyphy/ptII/ptolemy/actor/lib/test/auto/Clock8.xml
----------------- Instantiating /home/travis/build/icyphy/ptII/ptolemy/actor/lib/test/auto/Clock8.xml
2 ms. Memory: 293888K Free: 120832K (41%)
----------------- Invoking toplevel() on ptolemy.moml.MoMLSimpleApplication@711b64db
----------------- Done invoking toplevel() on ptolemy.moml.MoMLSimpleApplication@711b64db
reloadAllAccessors: .Clock8

===========================================================================================
----------------- testing Sat Jul 04 15:03:42 UTC 2020 /home/travis/build/icyphy/ptII/ptolemy/actor/lib/test/auto/Clock9.xml
----------------- Instantiating /home/travis/build/icyphy/ptII/ptolemy/actor/lib/test/auto/Clock9.xml
4 ms. Memory: 293888K Free: 115712K (39%)
----------------- Invoking toplevel() on ptolemy.moml.MoMLSimpleApplication@2f7fcad5
----------------- Done invoking toplevel() on ptolemy.moml.MoMLSimpleApplication@2f7fcad5
reloadAllAccessors: .Clock9

===========================================================================================
----------------- testing Sat Jul 04 15:03:42 UTC 2020 /home/travis/build/icyphy/ptII/ptolemy/actor/lib/test/auto/CommDistDiscard.xml
----------------- Instantiating /home/travis/build/icyphy/ptII/ptolemy/actor/lib/test/auto/CommDistDiscard.xml
7 ms. Memory: 293888K Free: 110078K (37%)
----------------- Invoking toplevel() on ptolemy.moml.MoMLSimpleApplication@5d31f11a
----------------- Done invoking toplevel() on ptolemy.moml.MoMLSimpleApplication@5d31f11a
reloadAllAccessors: .CommDistDiscard

===========================================================================================
----------------- testing Sat Jul 04 15:03:42 UTC 2020 /home/travis/build/icyphy/ptII/ptolemy/actor/lib/test/auto/Commutator.xml
----------------- Instantiating /home/travis/build/icyphy/ptII/ptolemy/actor/lib/test/auto/Commutator.xml
2 ms. Memory: 293888K Free: 105982K (36%)
----------------- Invoking toplevel() on ptolemy.moml.MoMLSimpleApplication@4425f19b
----------------- Done invoking toplevel() on ptolemy.moml.MoMLSimpleApplication@4425f19b
reloadAllAccessors: .Commutator

===========================================================================================
----------------- testing Sat Jul 04 15:03:42 UTC 2020 /home/travis/build/icyphy/ptII/ptolemy/actor/lib/test/auto/Commutator2.xml
----------------- Instantiating /home/travis/build/icyphy/ptII/ptolemy/actor/lib/test/auto/Commutator2.xml
2 ms. Memory: 293888K Free: 101376K (34%)
----------------- Invoking toplevel() on ptolemy.moml.MoMLSimpleApplication@53a4fe4e
----------------- Done invoking toplevel() on ptolemy.moml.MoMLSimpleApplication@53a4fe4e
reloadAllAccessors: .Commutator2

===========================================================================================
----------------- testing Sat Jul 04 15:03:42 UTC 2020 /home/travis/build/icyphy/ptII/ptolemy/actor/lib/test/auto/Commutator3.xml
----------------- Instantiating /home/travis/build/icyphy/ptII/ptolemy/actor/lib/test/auto/Commutator3.xml
3 ms. Memory: 293888K Free: 97280K (33%)
----------------- Invoking toplevel() on ptolemy.moml.MoMLSimpleApplication@3bfd9608
----------------- Done invoking toplevel() on ptolemy.moml.MoMLSimpleApplication@3bfd9608
reloadAllAccessors: .Commutator3

===========================================================================================
----------------- testing Sat Jul 04 15:03:42 UTC 2020 /home/travis/build/icyphy/ptII/ptolemy/actor/lib/test/auto/Compare.xml
----------------- Instantiating /home/travis/build/icyphy/ptII/ptolemy/actor/lib/test/auto/Compare.xml
2 ms. Memory: 293888K Free: 90622K (31%)
----------------- Invoking toplevel() on ptolemy.moml.MoMLSimpleApplication@418aa2f9
----------------- Done invoking toplevel() on ptolemy.moml.MoMLSimpleApplication@418aa2f9
reloadAllAccessors: .Compare

===========================================================================================
----------------- testing Sat Jul 04 15:03:42 UTC 2020 /home/travis/build/icyphy/ptII/ptolemy/actor/lib/test/auto/CompareDE.xml
----------------- Instantiating /home/travis/build/icyphy/ptII/ptolemy/actor/lib/test/auto/CompareDE.xml
4 ms. Memory: 293888K Free: 83439K (28%)
----------------- Invoking toplevel() on ptolemy.moml.MoMLSimpleApplication@2556e56d
----------------- Done invoking toplevel() on ptolemy.moml.MoMLSimpleApplication@2556e56d
reloadAllAccessors: .CompareDE

===========================================================================================
----------------- testing Sat Jul 04 15:03:42 UTC 2020 /home/travis/build/icyphy/ptII/ptolemy/actor/lib/test/auto/ComplexDivide.xml
----------------- Instantiating /home/travis/build/icyphy/ptII/ptolemy/actor/lib/test/auto/ComplexDivide.xml
2 ms. Memory: 293888K Free: 79872K (27%)
----------------- Invoking toplevel() on ptolemy.moml.MoMLSimpleApplication@3a3ad797
----------------- Done invoking toplevel() on ptolemy.moml.MoMLSimpleApplication@3a3ad797
reloadAllAccessors: .ComplexDivide

===========================================================================================
----------------- testing Sat Jul 04 15:03:42 UTC 2020 /home/travis/build/icyphy/ptII/ptolemy/actor/lib/test/auto/ComputeHistogram.xml
----------------- Instantiating /home/travis/build/icyphy/ptII/ptolemy/actor/lib/test/auto/ComputeHistogram.xml
41 ms. Memory: 515072K Free: 457726K (89%)
----------------- Invoking toplevel() on ptolemy.moml.MoMLSimpleApplication@6a6a642c
----------------- Done invoking toplevel() on ptolemy.moml.MoMLSimpleApplication@6a6a642c
reloadAllAccessors: .ComputeHistogram

===========================================================================================
----------------- testing Sat Jul 04 15:03:42 UTC 2020 /home/travis/build/icyphy/ptII/ptolemy/actor/lib/test/auto/ConfigurationSelect.xml
----------------- Instantiating /home/travis/build/icyphy/ptII/ptolemy/actor/lib/test/auto/ConfigurationSelect.xml
11 ms. Memory: 515072K Free: 452096K (88%)
----------------- Invoking toplevel() on ptolemy.moml.MoMLSimpleApplication@43102372
----------------- Done invoking toplevel() on ptolemy.moml.MoMLSimpleApplication@43102372
reloadAllAccessors: .ConfigurationSelect

===========================================================================================
----------------- testing Sat Jul 04 15:03:42 UTC 2020 /home/travis/build/icyphy/ptII/ptolemy/actor/lib/test/auto/ConfigurationSelect2.xml
----------------- Instantiating /home/travis/build/icyphy/ptII/ptolemy/actor/lib/test/auto/ConfigurationSelect2.xml
2 ms. Memory: 515072K Free: 447486K (87%)
----------------- Invoking toplevel() on ptolemy.moml.MoMLSimpleApplication@4c628775
----------------- Done invoking toplevel() on ptolemy.moml.MoMLSimpleApplication@4c628775
reloadAllAccessors: .ConfigurationSelect2

===========================================================================================
----------------- testing Sat Jul 04 15:03:42 UTC 2020 /home/travis/build/icyphy/ptII/ptolemy/actor/lib/test/auto/ConfigurationSwitch.xml
----------------- Instantiating /home/travis/build/icyphy/ptII/ptolemy/actor/lib/test/auto/ConfigurationSwitch.xml
11 ms. Memory: 515072K Free: 442366K (86%)
----------------- Invoking toplevel() on ptolemy.moml.MoMLSimpleApplication@6df5adee
----------------- Done invoking toplevel() on ptolemy.moml.MoMLSimpleApplication@6df5adee
reloadAllAccessors: .ConfigurationSwitch

===========================================================================================
----------------- testing Sat Jul 04 15:03:42 UTC 2020 /home/travis/build/icyphy/ptII/ptolemy/actor/lib/test/auto/ConfigurationSwitch2.xml
----------------- Instantiating /home/travis/build/icyphy/ptII/ptolemy/actor/lib/test/auto/ConfigurationSwitch2.xml
4 ms. Memory: 515072K Free: 436736K (85%)
----------------- Invoking toplevel() on ptolemy.moml.MoMLSimpleApplication@173f7361
----------------- Done invoking toplevel() on ptolemy.moml.MoMLSimpleApplication@173f7361
reloadAllAccessors: .ConfigurationSwitch2

===========================================================================================
----------------- testing Sat Jul 04 15:03:42 UTC 2020 /home/travis/build/icyphy/ptII/ptolemy/actor/lib/test/auto/ConfigurationSwitchCloningBugWithClassRelationGroup.xml
----------------- Instantiating /home/travis/build/icyphy/ptII/ptolemy/actor/lib/test/auto/ConfigurationSwitchCloningBugWithClassRelationGroup.xml
1 ms. Memory: 515072K Free: 430078K (83%)
----------------- Invoking toplevel() on ptolemy.moml.MoMLSimpleApplication@49bf404d
----------------- Done invoking toplevel() on ptolemy.moml.MoMLSimpleApplication@49bf404d
reloadAllAccessors: .ConfigurationSwitchCloningBugWithClassRelationGroup

===========================================================================================
----------------- testing Sat Jul 04 15:03:42 UTC 2020 /home/travis/build/icyphy/ptII/ptolemy/actor/lib/test/auto/ConfigurationSwitchSelectSDF.xml
----------------- Instantiating /home/travis/build/icyphy/ptII/ptolemy/actor/lib/test/auto/ConfigurationSwitchSelectSDF.xml
3 ms. Memory: 515072K Free: 424958K (83%)
----------------- Invoking toplevel() on ptolemy.moml.MoMLSimpleApplication@32f57815
----------------- Done invoking toplevel() on ptolemy.moml.MoMLSimpleApplication@32f57815
reloadAllAccessors: .ConfigurationSwitchSelectSDF

===========================================================================================
----------------- testing Sat Jul 04 15:03:42 UTC 2020 /home/travis/build/icyphy/ptII/ptolemy/actor/lib/test/auto/ConfigurationSwitchSelectSDF2.xml
----------------- Instantiating /home/travis/build/icyphy/ptII/ptolemy/actor/lib/test/auto/ConfigurationSwitchSelectSDF2.xml
3 ms. Memory: 515072K Free: 419328K (81%)
----------------- Invoking toplevel() on ptolemy.moml.MoMLSimpleApplication@627ab260
----------------- Done invoking toplevel() on ptolemy.moml.MoMLSimpleApplication@627ab260
reloadAllAccessors: .ConfigurationSwitchSelectSDF2

===========================================================================================
----------------- testing Sat Jul 04 15:03:42 UTC 2020 /home/travis/build/icyphy/ptII/ptolemy/actor/lib/test/auto/Const.xml
----------------- Instantiating /home/travis/build/icyphy/ptII/ptolemy/actor/lib/test/auto/Const.xml
1 ms. Memory: 515072K Free: 415742K (81%)
----------------- Invoking toplevel() on ptolemy.moml.MoMLSimpleApplication@73742f18
----------------- Done invoking toplevel() on ptolemy.moml.MoMLSimpleApplication@73742f18
reloadAllAccessors: .Const

===========================================================================================
----------------- testing Sat Jul 04 15:03:42 UTC 2020 /home/travis/build/icyphy/ptII/ptolemy/actor/lib/test/auto/Const2.xml
----------------- Instantiating /home/travis/build/icyphy/ptII/ptolemy/actor/lib/test/auto/Const2.xml
1 ms. Memory: 515072K Free: 412160K (80%)
----------------- Invoking toplevel() on ptolemy.moml.MoMLSimpleApplication@151752c0
----------------- Done invoking toplevel() on ptolemy.moml.MoMLSimpleApplication@151752c0
reloadAllAccessors: .Const2

===========================================================================================
----------------- testing Sat Jul 04 15:03:42 UTC 2020 /home/travis/build/icyphy/ptII/ptolemy/actor/lib/test/auto/Const3.xml
----------------- Instantiating /home/travis/build/icyphy/ptII/ptolemy/actor/lib/test/auto/Const3.xml
1 ms. Memory: 515072K Free: 409088K (79%)
----------------- Invoking toplevel() on ptolemy.moml.MoMLSimpleApplication@5b690100
----------------- Done invoking toplevel() on ptolemy.moml.MoMLSimpleApplication@5b690100
reloadAllAccessors: .Const3

===========================================================================================
----------------- testing Sat Jul 04 15:03:42 UTC 2020 /home/travis/build/icyphy/ptII/ptolemy/actor/lib/test/auto/ConstantPublisherPort1.xml
----------------- Instantiating /home/travis/build/icyphy/ptII/ptolemy/actor/lib/test/auto/ConstantPublisherPort1.xml
7 ms. Memory: 515072K Free: 400896K (78%)
----------------- Invoking toplevel() on ptolemy.moml.MoMLSimpleApplication@b0c6239
----------------- Done invoking toplevel() on ptolemy.moml.MoMLSimpleApplication@b0c6239
reloadAllAccessors: .ConstantPublisherPort1

===========================================================================================
----------------- testing Sat Jul 04 15:03:42 UTC 2020 /home/travis/build/icyphy/ptII/ptolemy/actor/lib/test/auto/ConstantPublisherPort2.xml
----------------- Instantiating /home/travis/build/icyphy/ptII/ptolemy/actor/lib/test/auto/ConstantPublisherPort2.xml
5 ms. Memory: 515072K Free: 393214K (76%)
----------------- Invoking toplevel() on ptolemy.moml.MoMLSimpleApplication@28d8b278
----------------- Done invoking toplevel() on ptolemy.moml.MoMLSimpleApplication@28d8b278
reloadAllAccessors: .ConstantPublisherPort2

===========================================================================================
----------------- testing Sat Jul 04 15:03:42 UTC 2020 /home/travis/build/icyphy/ptII/ptolemy/actor/lib/test/auto/ConstantPublisherPort3.xml
----------------- Instantiating /home/travis/build/icyphy/ptII/ptolemy/actor/lib/test/auto/ConstantPublisherPort3.xml
5 ms. Memory: 515072K Free: 385536K (75%)
----------------- Invoking toplevel() on ptolemy.moml.MoMLSimpleApplication@2367aed6
----------------- Done invoking toplevel() on ptolemy.moml.MoMLSimpleApplication@2367aed6
reloadAllAccessors: .ConstantPublisherPort3

===========================================================================================
----------------- testing Sat Jul 04 15:03:42 UTC 2020 /home/travis/build/icyphy/ptII/ptolemy/actor/lib/test/auto/ConstantPublisherPort4.xml
----------------- Instantiating /home/travis/build/icyphy/ptII/ptolemy/actor/lib/test/auto/ConstantPublisherPort4.xml
3 ms. Memory: 515072K Free: 378878K (74%)
----------------- Invoking toplevel() on ptolemy.moml.MoMLSimpleApplication@67648e11
----------------- Done invoking toplevel() on ptolemy.moml.MoMLSimpleApplication@67648e11
reloadAllAccessors: .ConstantPublisherPort4

===========================================================================================
----------------- testing Sat Jul 04 15:03:42 UTC 2020 /home/travis/build/icyphy/ptII/ptolemy/actor/lib/test/auto/ConstantPublisherPort5.xml
----------------- Instantiating /home/travis/build/icyphy/ptII/ptolemy/actor/lib/test/auto/ConstantPublisherPort5.xml
16 ms. Memory: 515072K Free: 369662K (72%)
----------------- Invoking toplevel() on ptolemy.moml.MoMLSimpleApplication@75e53a7e
----------------- Done invoking toplevel() on ptolemy.moml.MoMLSimpleApplication@75e53a7e
reloadAllAccessors: .ConstantPublisherPort5

===========================================================================================
----------------- testing Sat Jul 04 15:03:42 UTC 2020 /home/travis/build/icyphy/ptII/ptolemy/actor/lib/test/auto/ConstantPublisherPort6.xml
----------------- Instantiating /home/travis/build/icyphy/ptII/ptolemy/actor/lib/test/auto/ConstantPublisherPort6.xml
27 ms. Memory: 515072K Free: 359422K (70%)
----------------- Invoking toplevel() on ptolemy.moml.MoMLSimpleApplication@35c7f31c
----------------- Done invoking toplevel() on ptolemy.moml.MoMLSimpleApplication@35c7f31c
reloadAllAccessors: .ConstantPublisherPort6

===========================================================================================
----------------- testing Sat Jul 04 15:03:42 UTC 2020 /home/travis/build/icyphy/ptII/ptolemy/actor/lib/test/auto/ConstantPublisherPort7.xml
----------------- Instantiating /home/travis/build/icyphy/ptII/ptolemy/actor/lib/test/auto/ConstantPublisherPort7.xml
16 ms. Memory: 515072K Free: 350720K (68%)
----------------- Invoking toplevel() on ptolemy.moml.MoMLSimpleApplication@221f56b2
----------------- Done invoking toplevel() on ptolemy.moml.MoMLSimpleApplication@221f56b2
reloadAllAccessors: .ConstantPublisherPort7

===========================================================================================
----------------- testing Sat Jul 04 15:03:42 UTC 2020 /home/travis/build/icyphy/ptII/ptolemy/actor/lib/test/auto/ConstraintMonitor1.xml
----------------- Instantiating /home/travis/build/icyphy/ptII/ptolemy/actor/lib/test/auto/ConstraintMonitor1.xml
3 ms. Memory: 515072K Free: 345600K (67%)
----------------- Invoking toplevel() on ptolemy.moml.MoMLSimpleApplication@2dd703c9
----------------- Done invoking toplevel() on ptolemy.moml.MoMLSimpleApplication@2dd703c9
reloadAllAccessors: .ConstraintMonitor1

===========================================================================================
----------------- testing Sat Jul 04 15:03:43 UTC 2020 /home/travis/build/icyphy/ptII/ptolemy/actor/lib/test/auto/ConstraintMonitor2.xml
----------------- Instantiating /home/travis/build/icyphy/ptII/ptolemy/actor/lib/test/auto/ConstraintMonitor2.xml
2 ms. Memory: 515072K Free: 340990K (66%)
----------------- Invoking toplevel() on ptolemy.moml.MoMLSimpleApplication@675dbadc
----------------- Done invoking toplevel() on ptolemy.moml.MoMLSimpleApplication@675dbadc
reloadAllAccessors: .ConstraintMonitor2

===========================================================================================
----------------- testing Sat Jul 04 15:03:43 UTC 2020 /home/travis/build/icyphy/ptII/ptolemy/actor/lib/test/auto/ConstraintMonitor3.xml
----------------- Instantiating /home/travis/build/icyphy/ptII/ptolemy/actor/lib/test/auto/ConstraintMonitor3.xml
1 ms. Memory: 515072K Free: 336894K (65%)
----------------- Invoking toplevel() on ptolemy.moml.MoMLSimpleApplication@2191c421
----------------- Done invoking toplevel() on ptolemy.moml.MoMLSimpleApplication@2191c421
reloadAllAccessors: .ConstraintMonitor3

===========================================================================================
----------------- testing Sat Jul 04 15:03:43 UTC 2020 /home/travis/build/icyphy/ptII/ptolemy/actor/lib/test/auto/ConstraintMonitor4.xml
----------------- Instantiating /home/travis/build/icyphy/ptII/ptolemy/actor/lib/test/auto/ConstraintMonitor4.xml
3 ms. Memory: 515072K Free: 331774K (64%)
----------------- Invoking toplevel() on ptolemy.moml.MoMLSimpleApplication@323e3bf
----------------- Done invoking toplevel() on ptolemy.moml.MoMLSimpleApplication@323e3bf
reloadAllAccessors: .ConstraintMonitor4

===========================================================================================
----------------- testing Sat Jul 04 15:03:43 UTC 2020 /home/travis/build/icyphy/ptII/ptolemy/actor/lib/test/auto/ConstraintMonitor5.xml
----------------- Instantiating /home/travis/build/icyphy/ptII/ptolemy/actor/lib/test/auto/ConstraintMonitor5.xml
7 ms. Memory: 515072K Free: 326144K (63%)
----------------- Invoking toplevel() on ptolemy.moml.MoMLSimpleApplication@77c32fd8
----------------- Done invoking toplevel() on ptolemy.moml.MoMLSimpleApplication@77c32fd8
reloadAllAccessors: .ConstraintMonitor5

===========================================================================================
----------------- testing Sat Jul 04 15:03:43 UTC 2020 /home/travis/build/icyphy/ptII/ptolemy/actor/lib/test/auto/ConstraintMonitor6.xml
----------------- Instantiating /home/travis/build/icyphy/ptII/ptolemy/actor/lib/test/auto/ConstraintMonitor6.xml
5 ms. Memory: 515072K Free: 320503K (62%)
----------------- Invoking toplevel() on ptolemy.moml.MoMLSimpleApplication@36d9b281
----------------- Done invoking toplevel() on ptolemy.moml.MoMLSimpleApplication@36d9b281
reloadAllAccessors: .ConstraintMonitor6

===========================================================================================
----------------- testing Sat Jul 04 15:03:43 UTC 2020 /home/travis/build/icyphy/ptII/ptolemy/actor/lib/test/auto/ConstraintMonitor7.xml
----------------- Instantiating /home/travis/build/icyphy/ptII/ptolemy/actor/lib/test/auto/ConstraintMonitor7.xml
3 ms. Memory: 515072K Free: 313856K (61%)
----------------- Invoking toplevel() on ptolemy.moml.MoMLSimpleApplication@12b9d476
----------------- Done invoking toplevel() on ptolemy.moml.MoMLSimpleApplication@12b9d476
reloadAllAccessors: .ConstraintMonitor7

===========================================================================================
----------------- testing Sat Jul 04 15:03:43 UTC 2020 /home/travis/build/icyphy/ptII/ptolemy/actor/lib/test/auto/ConstraintMonitor8.xml
----------------- Instantiating /home/travis/build/icyphy/ptII/ptolemy/actor/lib/test/auto/ConstraintMonitor8.xml
6 ms. Memory: 515072K Free: 306174K (59%)
----------------- Invoking toplevel() on ptolemy.moml.MoMLSimpleApplication@67a28f93
----------------- Done invoking toplevel() on ptolemy.moml.MoMLSimpleApplication@67a28f93
reloadAllAccessors: .ConstraintMonitor8

===========================================================================================
----------------- testing Sat Jul 04 15:03:43 UTC 2020 /home/travis/build/icyphy/ptII/ptolemy/actor/lib/test/auto/Counter.xml
----------------- Instantiating /home/travis/build/icyphy/ptII/ptolemy/actor/lib/test/auto/Counter.xml
2 ms. Memory: 515072K Free: 301054K (58%)
----------------- Invoking toplevel() on ptolemy.moml.MoMLSimpleApplication@7a90747b
----------------- Done invoking toplevel() on ptolemy.moml.MoMLSimpleApplication@7a90747b
reloadAllAccessors: .Counter

===========================================================================================
----------------- testing Sat Jul 04 15:03:43 UTC 2020 /home/travis/build/icyphy/ptII/ptolemy/actor/lib/test/auto/CurrentTimeSDF.xml
----------------- Instantiating /home/travis/build/icyphy/ptII/ptolemy/actor/lib/test/auto/CurrentTimeSDF.xml
2 ms. Memory: 515072K Free: 296958K (58%)
----------------- Invoking toplevel() on ptolemy.moml.MoMLSimpleApplication@6baefea
----------------- Done invoking toplevel() on ptolemy.moml.MoMLSimpleApplication@6baefea
reloadAllAccessors: .CurrentTimeSDF

===========================================================================================
----------------- testing Sat Jul 04 15:03:43 UTC 2020 /home/travis/build/icyphy/ptII/ptolemy/actor/lib/test/auto/DB.xml
----------------- Instantiating /home/travis/build/icyphy/ptII/ptolemy/actor/lib/test/auto/DB.xml
3 ms. Memory: 515072K Free: 291838K (57%)
----------------- Invoking toplevel() on ptolemy.moml.MoMLSimpleApplication@342a24ac
----------------- Done invoking toplevel() on ptolemy.moml.MoMLSimpleApplication@342a24ac
reloadAllAccessors: .DB

===========================================================================================
----------------- testing Sat Jul 04 15:03:43 UTC 2020 /home/travis/build/icyphy/ptII/ptolemy/actor/lib/test/auto/DBDE.xml
----------------- Instantiating /home/travis/build/icyphy/ptII/ptolemy/actor/lib/test/auto/DBDE.xml
3 ms. Memory: 515072K Free: 286208K (56%)
----------------- Invoking toplevel() on ptolemy.moml.MoMLSimpleApplication@26371f56
----------------- Done invoking toplevel() on ptolemy.moml.MoMLSimpleApplication@26371f56
reloadAllAccessors: .DBDE

===========================================================================================
----------------- testing Sat Jul 04 15:03:43 UTC 2020 /home/travis/build/icyphy/ptII/ptolemy/actor/lib/test/auto/DateConstructor.xml
----------------- Instantiating /home/travis/build/icyphy/ptII/ptolemy/actor/lib/test/auto/DateConstructor.xml
25 ms. Memory: 515072K Free: 268286K (52%)
----------------- Invoking toplevel() on ptolemy.moml.MoMLSimpleApplication@3a145b66
----------------- Done invoking toplevel() on ptolemy.moml.MoMLSimpleApplication@3a145b66
reloadAllAccessors: .DateConstructor

===========================================================================================
----------------- testing Sat Jul 04 15:03:43 UTC 2020 /home/travis/build/icyphy/ptII/ptolemy/actor/lib/test/auto/DelayTime.xml
----------------- Instantiating /home/travis/build/icyphy/ptII/ptolemy/actor/lib/test/auto/DelayTime.xml
4 ms. Memory: 515072K Free: 263166K (51%)
----------------- Invoking toplevel() on ptolemy.moml.MoMLSimpleApplication@c609995
----------------- Done invoking toplevel() on ptolemy.moml.MoMLSimpleApplication@c609995
reloadAllAccessors: .DelayTime

===========================================================================================
----------------- testing Sat Jul 04 15:03:43 UTC 2020 /home/travis/build/icyphy/ptII/ptolemy/actor/lib/test/auto/Dictionary1.xml
----------------- Instantiating /home/travis/build/icyphy/ptII/ptolemy/actor/lib/test/auto/Dictionary1.xml
2 ms. Memory: 515072K Free: 258046K (50%)
----------------- Invoking toplevel() on ptolemy.moml.MoMLSimpleApplication@15c2f06b
----------------- Done invoking toplevel() on ptolemy.moml.MoMLSimpleApplication@15c2f06b
reloadAllAccessors: .Dictionary1

===========================================================================================
----------------- testing Sat Jul 04 15:03:43 UTC 2020 /home/travis/build/icyphy/ptII/ptolemy/actor/lib/test/auto/Dictionary2.xml
----------------- Instantiating /home/travis/build/icyphy/ptII/ptolemy/actor/lib/test/auto/Dictionary2.xml
2 ms. Memory: 515072K Free: 252416K (49%)
----------------- Invoking toplevel() on ptolemy.moml.MoMLSimpleApplication@6afac3d1
----------------- Done invoking toplevel() on ptolemy.moml.MoMLSimpleApplication@6afac3d1
reloadAllAccessors: .Dictionary2

===========================================================================================
----------------- testing Sat Jul 04 15:03:43 UTC 2020 /home/travis/build/icyphy/ptII/ptolemy/actor/lib/test/auto/Dictionary3.xml
----------------- Instantiating /home/travis/build/icyphy/ptII/ptolemy/actor/lib/test/auto/Dictionary3.xml
2 ms. Memory: 515072K Free: 246782K (48%)
----------------- Invoking toplevel() on ptolemy.moml.MoMLSimpleApplication@617d5402
----------------- Done invoking toplevel() on ptolemy.moml.MoMLSimpleApplication@617d5402
reloadAllAccessors: .Dictionary3

===========================================================================================
----------------- testing Sat Jul 04 15:03:43 UTC 2020 /home/travis/build/icyphy/ptII/ptolemy/actor/lib/test/auto/Dictionary4.xml
----------------- Instantiating /home/travis/build/icyphy/ptII/ptolemy/actor/lib/test/auto/Dictionary4.xml
3 ms. Memory: 515072K Free: 240128K (47%)
----------------- Invoking toplevel() on ptolemy.moml.MoMLSimpleApplication@754d2710
----------------- Done invoking toplevel() on ptolemy.moml.MoMLSimpleApplication@754d2710
reloadAllAccessors: .Dictionary4

===========================================================================================
----------------- testing Sat Jul 04 15:03:43 UTC 2020 /home/travis/build/icyphy/ptII/ptolemy/actor/lib/test/auto/Differential.xml
----------------- Instantiating /home/travis/build/icyphy/ptII/ptolemy/actor/lib/test/auto/Differential.xml
3 ms. Memory: 515072K Free: 235518K (46%)
----------------- Invoking toplevel() on ptolemy.moml.MoMLSimpleApplication@3ab7c9f3
----------------- Done invoking toplevel() on ptolemy.moml.MoMLSimpleApplication@3ab7c9f3
reloadAllAccessors: .Differential

===========================================================================================
----------------- testing Sat Jul 04 15:03:43 UTC 2020 /home/travis/build/icyphy/ptII/ptolemy/actor/lib/test/auto/Director.xml
----------------- Instantiating /home/travis/build/icyphy/ptII/ptolemy/actor/lib/test/auto/Director.xml
3 ms. Memory: 515072K Free: 231936K (45%)
----------------- Invoking toplevel() on ptolemy.moml.MoMLSimpleApplication@4b3638b8
----------------- Done invoking toplevel() on ptolemy.moml.MoMLSimpleApplication@4b3638b8
reloadAllAccessors: .Director

===========================================================================================
----------------- testing Sat Jul 04 15:03:43 UTC 2020 /home/travis/build/icyphy/ptII/ptolemy/actor/lib/test/auto/DiscreteClock.xml
----------------- Instantiating /home/travis/build/icyphy/ptII/ptolemy/actor/lib/test/auto/DiscreteClock.xml
1 ms. Memory: 515072K Free: 227840K (44%)
----------------- Invoking toplevel() on ptolemy.moml.MoMLSimpleApplication@41be99e
----------------- Done invoking toplevel() on ptolemy.moml.MoMLSimpleApplication@41be99e
reloadAllAccessors: .DiscreteClock

===========================================================================================
----------------- testing Sat Jul 04 15:03:43 UTC 2020 /home/travis/build/icyphy/ptII/ptolemy/actor/lib/test/auto/DiscreteClock10.xml
----------------- Instantiating /home/travis/build/icyphy/ptII/ptolemy/actor/lib/test/auto/DiscreteClock10.xml
26 ms. Memory: 515072K Free: 462519K (90%)
----------------- Invoking toplevel() on ptolemy.moml.MoMLSimpleApplication@965170b
----------------- Done invoking toplevel() on ptolemy.moml.MoMLSimpleApplication@965170b
reloadAllAccessors: .DiscreteClock10

===========================================================================================
----------------- testing Sat Jul 04 15:03:43 UTC 2020 /home/travis/build/icyphy/ptII/ptolemy/actor/lib/test/auto/DiscreteClock11.xml
----------------- Instantiating /home/travis/build/icyphy/ptII/ptolemy/actor/lib/test/auto/DiscreteClock11.xml
2 ms. Memory: 515072K Free: 455680K (88%)
----------------- Invoking toplevel() on ptolemy.moml.MoMLSimpleApplication@162452b2
----------------- Done invoking toplevel() on ptolemy.moml.MoMLSimpleApplication@162452b2
reloadAllAccessors: .DiscreteClock11

===========================================================================================
----------------- testing Sat Jul 04 15:03:43 UTC 2020 /home/travis/build/icyphy/ptII/ptolemy/actor/lib/test/auto/DiscreteClock12.xml
----------------- Instantiating /home/travis/build/icyphy/ptII/ptolemy/actor/lib/test/auto/DiscreteClock12.xml
2 ms. Memory: 515072K Free: 450046K (87%)
----------------- Invoking toplevel() on ptolemy.moml.MoMLSimpleApplication@1e2b4dc4
----------------- Done invoking toplevel() on ptolemy.moml.MoMLSimpleApplication@1e2b4dc4
reloadAllAccessors: .DiscreteClock12

===========================================================================================
----------------- testing Sat Jul 04 15:03:43 UTC 2020 /home/travis/build/icyphy/ptII/ptolemy/actor/lib/test/auto/DiscreteClock13.xml
----------------- Instantiating /home/travis/build/icyphy/ptII/ptolemy/actor/lib/test/auto/DiscreteClock13.xml
2 ms. Memory: 515072K Free: 443887K (86%)
----------------- Invoking toplevel() on ptolemy.moml.MoMLSimpleApplication@5007d11
----------------- Done invoking toplevel() on ptolemy.moml.MoMLSimpleApplication@5007d11
reloadAllAccessors: .DiscreteClock13

===========================================================================================
----------------- testing Sat Jul 04 15:03:43 UTC 2020 /home/travis/build/icyphy/ptII/ptolemy/actor/lib/test/auto/DiscreteClock14.xml
----------------- Instantiating /home/travis/build/icyphy/ptII/ptolemy/actor/lib/test/auto/DiscreteClock14.xml
6 ms. Memory: 515072K Free: 437741K (85%)
----------------- Invoking toplevel() on ptolemy.moml.MoMLSimpleApplication@50f9f27b
----------------- Done invoking toplevel() on ptolemy.moml.MoMLSimpleApplication@50f9f27b
reloadAllAccessors: .DiscreteClock14

===========================================================================================
----------------- testing Sat Jul 04 15:03:43 UTC 2020 /home/travis/build/icyphy/ptII/ptolemy/actor/lib/test/auto/DiscreteClock15.xml
----------------- Instantiating /home/travis/build/icyphy/ptII/ptolemy/actor/lib/test/auto/DiscreteClock15.xml
5 ms. Memory: 515072K Free: 431599K (84%)
----------------- Invoking toplevel() on ptolemy.moml.MoMLSimpleApplication@20bf45bd
----------------- Done invoking toplevel() on ptolemy.moml.MoMLSimpleApplication@20bf45bd
reloadAllAccessors: .DiscreteClock15

===========================================================================================
----------------- testing Sat Jul 04 15:03:43 UTC 2020 /home/travis/build/icyphy/ptII/ptolemy/actor/lib/test/auto/DiscreteClock16.xml
----------------- Instantiating /home/travis/build/icyphy/ptII/ptolemy/actor/lib/test/auto/DiscreteClock16.xml
15 ms. Memory: 515072K Free: 418287K (81%)
----------------- Invoking toplevel() on ptolemy.moml.MoMLSimpleApplication@4ddbf57a
----------------- Done invoking toplevel() on ptolemy.moml.MoMLSimpleApplication@4ddbf57a
reloadAllAccessors: .DiscreteClock16

===========================================================================================
----------------- testing Sat Jul 04 15:03:43 UTC 2020 /home/travis/build/icyphy/ptII/ptolemy/actor/lib/test/auto/DiscreteClock17.xml
----------------- Instantiating /home/travis/build/icyphy/ptII/ptolemy/actor/lib/test/auto/DiscreteClock17.xml
16 ms. Memory: 515072K Free: 403959K (78%)
----------------- Invoking toplevel() on ptolemy.moml.MoMLSimpleApplication@416f5283
----------------- Done invoking toplevel() on ptolemy.moml.MoMLSimpleApplication@416f5283
reloadAllAccessors: .DiscreteClock17

===========================================================================================
----------------- testing Sat Jul 04 15:03:43 UTC 2020 /home/travis/build/icyphy/ptII/ptolemy/actor/lib/test/auto/DiscreteClock18.xml
----------------- Instantiating /home/travis/build/icyphy/ptII/ptolemy/actor/lib/test/auto/DiscreteClock18.xml
9 ms. Memory: 515072K Free: 390654K (76%)
----------------- Invoking toplevel() on ptolemy.moml.MoMLSimpleApplication@57d4a437
----------------- Done invoking toplevel() on ptolemy.moml.MoMLSimpleApplication@57d4a437
reloadAllAccessors: .DiscreteClock18

===========================================================================================
----------------- testing Sat Jul 04 15:03:43 UTC 2020 /home/travis/build/icyphy/ptII/ptolemy/actor/lib/test/auto/DiscreteClock19.xml
----------------- Instantiating /home/travis/build/icyphy/ptII/ptolemy/actor/lib/test/auto/DiscreteClock19.xml
10 ms. Memory: 515072K Free: 376832K (73%)
----------------- Invoking toplevel() on ptolemy.moml.MoMLSimpleApplication@c34f8a1
----------------- Done invoking toplevel() on ptolemy.moml.MoMLSimpleApplication@c34f8a1
reloadAllAccessors: .DiscreteClock19

===========================================================================================
----------------- testing Sat Jul 04 15:03:43 UTC 2020 /home/travis/build/icyphy/ptII/ptolemy/actor/lib/test/auto/DiscreteClock2.xml
----------------- Instantiating /home/travis/build/icyphy/ptII/ptolemy/actor/lib/test/auto/DiscreteClock2.xml
4 ms. Memory: 515072K Free: 372207K (72%)
----------------- Invoking toplevel() on ptolemy.moml.MoMLSimpleApplication@15df449b
----------------- Done invoking toplevel() on ptolemy.moml.MoMLSimpleApplication@15df449b
reloadAllAccessors: .DiscreteClock2

===========================================================================================
----------------- testing Sat Jul 04 15:03:43 UTC 2020 /home/travis/build/icyphy/ptII/ptolemy/actor/lib/test/auto/DiscreteClock20.xml
----------------- Instantiating /home/travis/build/icyphy/ptII/ptolemy/actor/lib/test/auto/DiscreteClock20.xml
4 ms. Memory: 515072K Free: 366592K (71%)
----------------- Invoking toplevel() on ptolemy.moml.MoMLSimpleApplication@28fefc4e
----------------- Done invoking toplevel() on ptolemy.moml.MoMLSimpleApplication@28fefc4e
reloadAllAccessors: .DiscreteClock20

===========================================================================================
----------------- testing Sat Jul 04 15:03:43 UTC 2020 /home/travis/build/icyphy/ptII/ptolemy/actor/lib/test/auto/DiscreteClock21.xml
----------------- Instantiating /home/travis/build/icyphy/ptII/ptolemy/actor/lib/test/auto/DiscreteClock21.xml
7 ms. Memory: 515072K Free: 360958K (70%)
----------------- Invoking toplevel() on ptolemy.moml.MoMLSimpleApplication@2c0d412f
----------------- Done invoking toplevel() on ptolemy.moml.MoMLSimpleApplication@2c0d412f
reloadAllAccessors: .DiscreteClock21

===========================================================================================
----------------- testing Sat Jul 04 15:03:43 UTC 2020 /home/travis/build/icyphy/ptII/ptolemy/actor/lib/test/auto/DiscreteClock22.xml
----------------- Instantiating /home/travis/build/icyphy/ptII/ptolemy/actor/lib/test/auto/DiscreteClock22.xml
2 ms. Memory: 515072K Free: 355328K (69%)
----------------- Invoking toplevel() on ptolemy.moml.MoMLSimpleApplication@86b0cee
----------------- Done invoking toplevel() on ptolemy.moml.MoMLSimpleApplication@86b0cee
reloadAllAccessors: .DiscreteClock22

===========================================================================================
----------------- testing Sat Jul 04 15:03:43 UTC 2020 /home/travis/build/icyphy/ptII/ptolemy/actor/lib/test/auto/DiscreteClock23.xml
----------------- Instantiating /home/travis/build/icyphy/ptII/ptolemy/actor/lib/test/auto/DiscreteClock23.xml
3 ms. Memory: 515072K Free: 350208K (68%)
----------------- Invoking toplevel() on ptolemy.moml.MoMLSimpleApplication@4253e629
----------------- Done invoking toplevel() on ptolemy.moml.MoMLSimpleApplication@4253e629
reloadAllAccessors: .DiscreteClock23

===========================================================================================
----------------- testing Sat Jul 04 15:03:43 UTC 2020 /home/travis/build/icyphy/ptII/ptolemy/actor/lib/test/auto/DiscreteClock24.xml
----------------- Instantiating /home/travis/build/icyphy/ptII/ptolemy/actor/lib/test/auto/DiscreteClock24.xml
4 ms. Memory: 515072K Free: 344574K (67%)
----------------- Invoking toplevel() on ptolemy.moml.MoMLSimpleApplication@1ab3c7e6
----------------- Done invoking toplevel() on ptolemy.moml.MoMLSimpleApplication@1ab3c7e6
reloadAllAccessors: .DiscreteClock24

===========================================================================================
----------------- testing Sat Jul 04 15:03:43 UTC 2020 /home/travis/build/icyphy/ptII/ptolemy/actor/lib/test/auto/DiscreteClock4.xml
----------------- Instantiating /home/travis/build/icyphy/ptII/ptolemy/actor/lib/test/auto/DiscreteClock4.xml
2 ms. Memory: 515072K Free: 338944K (66%)
----------------- Invoking toplevel() on ptolemy.moml.MoMLSimpleApplication@91b468d
----------------- Done invoking toplevel() on ptolemy.moml.MoMLSimpleApplication@91b468d
reloadAllAccessors: .DiscreteClock4

===========================================================================================
----------------- testing Sat Jul 04 15:03:43 UTC 2020 /home/travis/build/icyphy/ptII/ptolemy/actor/lib/test/auto/DiscreteClock5.xml
----------------- Instantiating /home/travis/build/icyphy/ptII/ptolemy/actor/lib/test/auto/DiscreteClock5.xml
1 ms. Memory: 515072K Free: 333295K (65%)
----------------- Invoking toplevel() on ptolemy.moml.MoMLSimpleApplication@615d7cd5
----------------- Done invoking toplevel() on ptolemy.moml.MoMLSimpleApplication@615d7cd5
reloadAllAccessors: .DiscreteClock5

===========================================================================================
----------------- testing Sat Jul 04 15:03:43 UTC 2020 /home/travis/build/icyphy/ptII/ptolemy/actor/lib/test/auto/DiscreteClock6.xml
----------------- Instantiating /home/travis/build/icyphy/ptII/ptolemy/actor/lib/test/auto/DiscreteClock6.xml
1 ms. Memory: 515072K Free: 329214K (64%)
----------------- Invoking toplevel() on ptolemy.moml.MoMLSimpleApplication@22cc8d5f
----------------- Done invoking toplevel() on ptolemy.moml.MoMLSimpleApplication@22cc8d5f
reloadAllAccessors: .DiscreteClock6

===========================================================================================
----------------- testing Sat Jul 04 15:03:43 UTC 2020 /home/travis/build/icyphy/ptII/ptolemy/actor/lib/test/auto/DiscreteClock7.xml
----------------- Instantiating /home/travis/build/icyphy/ptII/ptolemy/actor/lib/test/auto/DiscreteClock7.xml
1 ms. Memory: 515072K Free: 324094K (63%)
----------------- Invoking toplevel() on ptolemy.moml.MoMLSimpleApplication@3cd279f9
----------------- Done invoking toplevel() on ptolemy.moml.MoMLSimpleApplication@3cd279f9
reloadAllAccessors: .DiscreteClock7

===========================================================================================
----------------- testing Sat Jul 04 15:03:43 UTC 2020 /home/travis/build/icyphy/ptII/ptolemy/actor/lib/test/auto/DiscreteClock8.xml
----------------- Instantiating /home/travis/build/icyphy/ptII/ptolemy/actor/lib/test/auto/DiscreteClock8.xml
4 ms. Memory: 515072K Free: 318464K (62%)
----------------- Invoking toplevel() on ptolemy.moml.MoMLSimpleApplication@3b5ff95d
----------------- Done invoking toplevel() on ptolemy.moml.MoMLSimpleApplication@3b5ff95d
reloadAllAccessors: .DiscreteClock8

===========================================================================================
----------------- testing Sat Jul 04 15:03:43 UTC 2020 /home/travis/build/icyphy/ptII/ptolemy/actor/lib/test/auto/DiscreteClock9.xml
----------------- Instantiating /home/travis/build/icyphy/ptII/ptolemy/actor/lib/test/auto/DiscreteClock9.xml
4 ms. Memory: 515072K Free: 312823K (61%)
----------------- Invoking toplevel() on ptolemy.moml.MoMLSimpleApplication@13164c4b
----------------- Done invoking toplevel() on ptolemy.moml.MoMLSimpleApplication@13164c4b
reloadAllAccessors: .DiscreteClock9

===========================================================================================
----------------- testing Sat Jul 04 15:03:43 UTC 2020 /home/travis/build/icyphy/ptII/ptolemy/actor/lib/test/auto/DisplayArray.xml
----------------- Instantiating /home/travis/build/icyphy/ptII/ptolemy/actor/lib/test/auto/DisplayArray.xml
3 ms. Memory: 515072K Free: 309248K (60%)
----------------- Invoking toplevel() on ptolemy.moml.MoMLSimpleApplication@6b77a94a
----------------- Done invoking toplevel() on ptolemy.moml.MoMLSimpleApplication@6b77a94a
reloadAllAccessors: .DisplayArray

===========================================================================================
----------------- testing Sat Jul 04 15:03:43 UTC 2020 /home/travis/build/icyphy/ptII/ptolemy/actor/lib/test/auto/Distributor.xml
----------------- Instantiating /home/travis/build/icyphy/ptII/ptolemy/actor/lib/test/auto/Distributor.xml
1 ms. Memory: 515072K Free: 304638K (59%)
----------------- Invoking toplevel() on ptolemy.moml.MoMLSimpleApplication@1f02fc13
----------------- Done invoking toplevel() on ptolemy.moml.MoMLSimpleApplication@1f02fc13
reloadAllAccessors: .Distributor

===========================================================================================
----------------- testing Sat Jul 04 15:03:43 UTC 2020 /home/travis/build/icyphy/ptII/ptolemy/actor/lib/test/auto/Distributor2.xml
----------------- Instantiating /home/travis/build/icyphy/ptII/ptolemy/actor/lib/test/auto/Distributor2.xml
1 ms. Memory: 515072K Free: 299518K (58%)
----------------- Invoking toplevel() on ptolemy.moml.MoMLSimpleApplication@6dcea60b
----------------- Done invoking toplevel() on ptolemy.moml.MoMLSimpleApplication@6dcea60b
reloadAllAccessors: .Distributor2

===========================================================================================
----------------- testing Sat Jul 04 15:03:44 UTC 2020 /home/travis/build/icyphy/ptII/ptolemy/actor/lib/test/auto/DownSample.xml
----------------- Instantiating /home/travis/build/icyphy/ptII/ptolemy/actor/lib/test/auto/DownSample.xml
2 ms. Memory: 515072K Free: 294912K (57%)
----------------- Invoking toplevel() on ptolemy.moml.MoMLSimpleApplication@579dba5a
----------------- Done invoking toplevel() on ptolemy.moml.MoMLSimpleApplication@579dba5a
reloadAllAccessors: .DownSample

===========================================================================================
----------------- testing Sat Jul 04 15:03:44 UTC 2020 /home/travis/build/icyphy/ptII/ptolemy/actor/lib/test/auto/ElectronicUnitBase1.xml
----------------- Instantiating /home/travis/build/icyphy/ptII/ptolemy/actor/lib/test/auto/ElectronicUnitBase1.xml
14 ms. Memory: 515072K Free: 279038K (54%)
----------------- Invoking toplevel() on ptolemy.moml.MoMLSimpleApplication@6afbbe60
----------------- Done invoking toplevel() on ptolemy.moml.MoMLSimpleApplication@6afbbe60
reloadAllAccessors: .ElectronicUnitBase1

===========================================================================================
----------------- testing Sat Jul 04 15:03:44 UTC 2020 /home/travis/build/icyphy/ptII/ptolemy/actor/lib/test/auto/ElementsToArray.xml
----------------- Instantiating /home/travis/build/icyphy/ptII/ptolemy/actor/lib/test/auto/ElementsToArray.xml
3 ms. Memory: 515072K Free: 273918K (53%)
----------------- Invoking toplevel() on ptolemy.moml.MoMLSimpleApplication@6161de2f
----------------- Done invoking toplevel() on ptolemy.moml.MoMLSimpleApplication@6161de2f
reloadAllAccessors: .ElementsToArray

===========================================================================================
----------------- testing Sat Jul 04 15:03:44 UTC 2020 /home/travis/build/icyphy/ptII/ptolemy/actor/lib/test/auto/Equals.xml
----------------- Instantiating /home/travis/build/icyphy/ptII/ptolemy/actor/lib/test/auto/Equals.xml
3 ms. Memory: 515072K Free: 269822K (52%)
----------------- Invoking toplevel() on ptolemy.moml.MoMLSimpleApplication@2fc40e77
----------------- Done invoking toplevel() on ptolemy.moml.MoMLSimpleApplication@2fc40e77
reloadAllAccessors: .Equals

===========================================================================================
----------------- testing Sat Jul 04 15:03:44 UTC 2020 /home/travis/build/icyphy/ptII/ptolemy/actor/lib/test/auto/Exec.xml
----------------- Instantiating /home/travis/build/icyphy/ptII/ptolemy/actor/lib/test/auto/Exec.xml
17 ms. Memory: 515072K Free: 263678K (51%)
----------------- Invoking toplevel() on ptolemy.moml.MoMLSimpleApplication@7c8e1949
----------------- Done invoking toplevel() on ptolemy.moml.MoMLSimpleApplication@7c8e1949
reloadAllAccessors: .Exec

===========================================================================================
----------------- testing Sat Jul 04 15:03:44 UTC 2020 /home/travis/build/icyphy/ptII/ptolemy/actor/lib/test/auto/ExecEnvironment.xml
----------------- Instantiating /home/travis/build/icyphy/ptII/ptolemy/actor/lib/test/auto/ExecEnvironment.xml
26 ms. Memory: 515072K Free: 258048K (50%)
----------------- Invoking toplevel() on ptolemy.moml.MoMLSimpleApplication@378288e7
----------------- Done invoking toplevel() on ptolemy.moml.MoMLSimpleApplication@378288e7
reloadAllAccessors: .ExecEnvironment

===========================================================================================
----------------- testing Sat Jul 04 15:03:44 UTC 2020 /home/travis/build/icyphy/ptII/ptolemy/actor/lib/test/auto/ExecNonZeroReturnOutput.xml
----------------- Instantiating /home/travis/build/icyphy/ptII/ptolemy/actor/lib/test/auto/ExecNonZeroReturnOutput.xml
168 ms. Memory: 515072K Free: 246784K (48%)
----------------- Invoking toplevel() on ptolemy.moml.MoMLSimpleApplication@f257105
----------------- Done invoking toplevel() on ptolemy.moml.MoMLSimpleApplication@f257105
reloadAllAccessors: .ExecNonZeroReturnOutput

===========================================================================================
----------------- testing Sat Jul 04 15:03:44 UTC 2020 /home/travis/build/icyphy/ptII/ptolemy/actor/lib/test/auto/ExecRunDemos.xml
----------------- Instantiating /home/travis/build/icyphy/ptII/ptolemy/actor/lib/test/auto/ExecRunDemos.xml
Finished: 112 ms. Memory: 129024K Free: 112477K (87%)

Finished: 92 ms. Memory: 129024K Free: 109763K (85%)

Finished: 112 ms. Memory: 129024K Free: 109551K (85%)

Finished: 70 ms. Memory: 129024K Free: 111017K (86%)

Finished: 91 ms. Memory: 129024K Free: 111934K (87%)

10941 ms. Memory: 515072K Free: 225278K (44%)
----------------- Invoking toplevel() on ptolemy.moml.MoMLSimpleApplication@40953e96
----------------- Done invoking toplevel() on ptolemy.moml.MoMLSimpleApplication@40953e96
reloadAllAccessors: .ExecRunDemos

===========================================================================================
----------------- testing Sat Jul 04 15:03:55 UTC 2020 /home/travis/build/icyphy/ptII/ptolemy/actor/lib/test/auto/ExecStop.xml
----------------- Instantiating /home/travis/build/icyphy/ptII/ptolemy/actor/lib/test/auto/ExecStop.xml
5020 ms. Memory: 515072K Free: 358909K (70%)
----------------- Invoking toplevel() on ptolemy.moml.MoMLSimpleApplication@14eb8d57
----------------- Done invoking toplevel() on ptolemy.moml.MoMLSimpleApplication@14eb8d57
reloadAllAccessors: .ExecStop

===========================================================================================
----------------- testing Sat Jul 04 15:04:00 UTC 2020 /home/travis/build/icyphy/ptII/ptolemy/actor/lib/test/auto/ExecutionTimeSDF.xml
----------------- Instantiating /home/travis/build/icyphy/ptII/ptolemy/actor/lib/test/auto/ExecutionTimeSDF.xml
Fired ExecutionTime: -1218167296
Fired ExecutionTime: 1339200000
Fired ExecutionTime: 1360000000
6004 ms. Memory: 515072K Free: 346112K (67%)
----------------- Invoking toplevel() on ptolemy.moml.MoMLSimpleApplication@38c0f850
----------------- Done invoking toplevel() on ptolemy.moml.MoMLSimpleApplication@38c0f850
reloadAllAccessors: .ExecutionTimeSDF

===========================================================================================
----------------- testing Sat Jul 04 15:04:06 UTC 2020 /home/travis/build/icyphy/ptII/ptolemy/actor/lib/test/auto/Expression1.xml
----------------- Instantiating /home/travis/build/icyphy/ptII/ptolemy/actor/lib/test/auto/Expression1.xml
1 ms. Memory: 515072K Free: 342526K (67%)
----------------- Invoking toplevel() on ptolemy.moml.MoMLSimpleApplication@526f8f63
----------------- Done invoking toplevel() on ptolemy.moml.MoMLSimpleApplication@526f8f63
reloadAllAccessors: .Expression1

===========================================================================================
----------------- testing Sat Jul 04 15:04:06 UTC 2020 /home/travis/build/icyphy/ptII/ptolemy/actor/lib/test/auto/Expression10.xml
----------------- Instantiating /home/travis/build/icyphy/ptII/ptolemy/actor/lib/test/auto/Expression10.xml
5 ms. Memory: 515072K Free: 337406K (66%)
----------------- Invoking toplevel() on ptolemy.moml.MoMLSimpleApplication@47050d8b
----------------- Done invoking toplevel() on ptolemy.moml.MoMLSimpleApplication@47050d8b
reloadAllAccessors: .Expression10

===========================================================================================
----------------- testing Sat Jul 04 15:04:06 UTC 2020 /home/travis/build/icyphy/ptII/ptolemy/actor/lib/test/auto/Expression11.xml
----------------- Instantiating /home/travis/build/icyphy/ptII/ptolemy/actor/lib/test/auto/Expression11.xml
2 ms. Memory: 515072K Free: 332800K (65%)
----------------- Invoking toplevel() on ptolemy.moml.MoMLSimpleApplication@5582bae3
----------------- Done invoking toplevel() on ptolemy.moml.MoMLSimpleApplication@5582bae3
reloadAllAccessors: .Expression11

===========================================================================================
----------------- testing Sat Jul 04 15:04:06 UTC 2020 /home/travis/build/icyphy/ptII/ptolemy/actor/lib/test/auto/Expression12.xml
----------------- Instantiating /home/travis/build/icyphy/ptII/ptolemy/actor/lib/test/auto/Expression12.xml
3 ms. Memory: 515072K Free: 327166K (64%)
----------------- Invoking toplevel() on ptolemy.moml.MoMLSimpleApplication@35cf242a
----------------- Done invoking toplevel() on ptolemy.moml.MoMLSimpleApplication@35cf242a
reloadAllAccessors: .Expression12

===========================================================================================
----------------- testing Sat Jul 04 15:04:06 UTC 2020 /home/travis/build/icyphy/ptII/ptolemy/actor/lib/test/auto/Expression13.xml
----------------- Instantiating /home/travis/build/icyphy/ptII/ptolemy/actor/lib/test/auto/Expression13.xml
3 ms. Memory: 515072K Free: 322046K (63%)
----------------- Invoking toplevel() on ptolemy.moml.MoMLSimpleApplication@24025966
----------------- Done invoking toplevel() on ptolemy.moml.MoMLSimpleApplication@24025966
reloadAllAccessors: .Expression13

===========================================================================================
----------------- testing Sat Jul 04 15:04:06 UTC 2020 /home/travis/build/icyphy/ptII/ptolemy/actor/lib/test/auto/Expression14.xml
----------------- Instantiating /home/travis/build/icyphy/ptII/ptolemy/actor/lib/test/auto/Expression14.xml
4 ms. Memory: 515072K Free: 315902K (61%)
----------------- Invoking toplevel() on ptolemy.moml.MoMLSimpleApplication@4be5905e
----------------- Done invoking toplevel() on ptolemy.moml.MoMLSimpleApplication@4be5905e
reloadAllAccessors: .Expression14

===========================================================================================
----------------- testing Sat Jul 04 15:04:06 UTC 2020 /home/travis/build/icyphy/ptII/ptolemy/actor/lib/test/auto/Expression15.xml
----------------- Instantiating /home/travis/build/icyphy/ptII/ptolemy/actor/lib/test/auto/Expression15.xml
2 ms. Memory: 515072K Free: 312320K (61%)
----------------- Invoking toplevel() on ptolemy.moml.MoMLSimpleApplication@2049e7a0
----------------- Done invoking toplevel() on ptolemy.moml.MoMLSimpleApplication@2049e7a0
reloadAllAccessors: .Expression15

===========================================================================================
----------------- testing Sat Jul 04 15:04:06 UTC 2020 /home/travis/build/icyphy/ptII/ptolemy/actor/lib/test/auto/Expression16.xml
----------------- Instantiating /home/travis/build/icyphy/ptII/ptolemy/actor/lib/test/auto/Expression16.xml
4 ms. Memory: 515072K Free: 307200K (60%)
----------------- Invoking toplevel() on ptolemy.moml.MoMLSimpleApplication@1683ff6b
----------------- Done invoking toplevel() on ptolemy.moml.MoMLSimpleApplication@1683ff6b
reloadAllAccessors: .Expression16

===========================================================================================
----------------- testing Sat Jul 04 15:04:06 UTC 2020 /home/travis/build/icyphy/ptII/ptolemy/actor/lib/test/auto/Expression17.xml
----------------- Instantiating /home/travis/build/icyphy/ptII/ptolemy/actor/lib/test/auto/Expression17.xml
4 ms. Memory: 515072K Free: 302080K (59%)
----------------- Invoking toplevel() on ptolemy.moml.MoMLSimpleApplication@37ddde34
----------------- Done invoking toplevel() on ptolemy.moml.MoMLSimpleApplication@37ddde34
reloadAllAccessors: .Expression17

===========================================================================================
----------------- testing Sat Jul 04 15:04:06 UTC 2020 /home/travis/build/icyphy/ptII/ptolemy/actor/lib/test/auto/Expression18.xml
----------------- Instantiating /home/travis/build/icyphy/ptII/ptolemy/actor/lib/test/auto/Expression18.xml
6 ms. Memory: 515072K Free: 296446K (58%)
----------------- Invoking toplevel() on ptolemy.moml.MoMLSimpleApplication@310d0c7d
----------------- Done invoking toplevel() on ptolemy.moml.MoMLSimpleApplication@310d0c7d
reloadAllAccessors: .Expression18

===========================================================================================
----------------- testing Sat Jul 04 15:04:06 UTC 2020 /home/travis/build/icyphy/ptII/ptolemy/actor/lib/test/auto/Expression2.xml
----------------- Instantiating /home/travis/build/icyphy/ptII/ptolemy/actor/lib/test/auto/Expression2.xml
3 ms. Memory: 515072K Free: 291326K (57%)
----------------- Invoking toplevel() on ptolemy.moml.MoMLSimpleApplication@549bcd56
----------------- Done invoking toplevel() on ptolemy.moml.MoMLSimpleApplication@549bcd56
reloadAllAccessors: .Expression2

===========================================================================================
----------------- testing Sat Jul 04 15:04:06 UTC 2020 /home/travis/build/icyphy/ptII/ptolemy/actor/lib/test/auto/Expression3.xml
----------------- Instantiating /home/travis/build/icyphy/ptII/ptolemy/actor/lib/test/auto/Expression3.xml
6 ms. Memory: 515072K Free: 286206K (56%)
----------------- Invoking toplevel() on ptolemy.moml.MoMLSimpleApplication@340ed953
----------------- Done invoking toplevel() on ptolemy.moml.MoMLSimpleApplication@340ed953
reloadAllAccessors: .Expression3

===========================================================================================
----------------- testing Sat Jul 04 15:04:06 UTC 2020 /home/travis/build/icyphy/ptII/ptolemy/actor/lib/test/auto/Expression4.xml
----------------- Instantiating /home/travis/build/icyphy/ptII/ptolemy/actor/lib/test/auto/Expression4.xml
5 ms. Memory: 515072K Free: 279038K (54%)
----------------- Invoking toplevel() on ptolemy.moml.MoMLSimpleApplication@263185bc
----------------- Done invoking toplevel() on ptolemy.moml.MoMLSimpleApplication@263185bc
reloadAllAccessors: .Expression4

===========================================================================================
----------------- testing Sat Jul 04 15:04:06 UTC 2020 /home/travis/build/icyphy/ptII/ptolemy/actor/lib/test/auto/Expression5.xml
----------------- Instantiating /home/travis/build/icyphy/ptII/ptolemy/actor/lib/test/auto/Expression5.xml
5 ms. Memory: 515072K Free: 273918K (53%)
----------------- Invoking toplevel() on ptolemy.moml.MoMLSimpleApplication@745bf9fa
----------------- Done invoking toplevel() on ptolemy.moml.MoMLSimpleApplication@745bf9fa
reloadAllAccessors: .Expression5

===========================================================================================
----------------- testing Sat Jul 04 15:04:06 UTC 2020 /home/travis/build/icyphy/ptII/ptolemy/actor/lib/test/auto/Expression6.xml
----------------- Instantiating /home/travis/build/icyphy/ptII/ptolemy/actor/lib/test/auto/Expression6.xml
2 ms. Memory: 515072K Free: 269312K (52%)
----------------- Invoking toplevel() on ptolemy.moml.MoMLSimpleApplication@23e15563
----------------- Done invoking toplevel() on ptolemy.moml.MoMLSimpleApplication@23e15563
reloadAllAccessors: .Expression6

===========================================================================================
----------------- testing Sat Jul 04 15:04:06 UTC 2020 /home/travis/build/icyphy/ptII/ptolemy/actor/lib/test/auto/Expression7.xml
----------------- Instantiating /home/travis/build/icyphy/ptII/ptolemy/actor/lib/test/auto/Expression7.xml
2 ms. Memory: 515072K Free: 264192K (51%)
----------------- Invoking toplevel() on ptolemy.moml.MoMLSimpleApplication@7ec31e5c
----------------- Done invoking toplevel() on ptolemy.moml.MoMLSimpleApplication@7ec31e5c
reloadAllAccessors: .Expression7

===========================================================================================
----------------- testing Sat Jul 04 15:04:06 UTC 2020 /home/travis/build/icyphy/ptII/ptolemy/actor/lib/test/auto/Expression8.xml
----------------- Instantiating /home/travis/build/icyphy/ptII/ptolemy/actor/lib/test/auto/Expression8.xml
8 ms. Memory: 515072K Free: 259072K (50%)
----------------- Invoking toplevel() on ptolemy.moml.MoMLSimpleApplication@5f3d326a
----------------- Done invoking toplevel() on ptolemy.moml.MoMLSimpleApplication@5f3d326a
reloadAllAccessors: .Expression8

===========================================================================================
----------------- testing Sat Jul 04 15:04:06 UTC 2020 /home/travis/build/icyphy/ptII/ptolemy/actor/lib/test/auto/Expression9.xml
----------------- Instantiating /home/travis/build/icyphy/ptII/ptolemy/actor/lib/test/auto/Expression9.xml
1 ms. Memory: 515072K Free: 254976K (50%)
----------------- Invoking toplevel() on ptolemy.moml.MoMLSimpleApplication@293014e
----------------- Done invoking toplevel() on ptolemy.moml.MoMLSimpleApplication@293014e
reloadAllAccessors: .Expression9

===========================================================================================
----------------- testing Sat Jul 04 15:04:06 UTC 2020 /home/travis/build/icyphy/ptII/ptolemy/actor/lib/test/auto/ExpressionConcatenateArrayType.xml
----------------- Instantiating /home/travis/build/icyphy/ptII/ptolemy/actor/lib/test/auto/ExpressionConcatenateArrayType.xml
2 ms. Memory: 515072K Free: 248832K (48%)
----------------- Invoking toplevel() on ptolemy.moml.MoMLSimpleApplication@330e9ec6
----------------- Done invoking toplevel() on ptolemy.moml.MoMLSimpleApplication@330e9ec6
reloadAllAccessors: .ExpressionConcatenateArrayType

===========================================================================================
----------------- testing Sat Jul 04 15:04:06 UTC 2020 /home/travis/build/icyphy/ptII/ptolemy/actor/lib/test/auto/ExpressionConcatenateArrayType2.xml
----------------- Instantiating /home/travis/build/icyphy/ptII/ptolemy/actor/lib/test/auto/ExpressionConcatenateArrayType2.xml
1 ms. Memory: 515072K Free: 243198K (47%)
----------------- Invoking toplevel() on ptolemy.moml.MoMLSimpleApplication@638042d7
----------------- Done invoking toplevel() on ptolemy.moml.MoMLSimpleApplication@638042d7
reloadAllAccessors: .ExpressionConcatenateArrayType2

===========================================================================================
----------------- testing Sat Jul 04 15:04:06 UTC 2020 /home/travis/build/icyphy/ptII/ptolemy/actor/lib/test/auto/ExpressionFix.xml
----------------- Instantiating /home/travis/build/icyphy/ptII/ptolemy/actor/lib/test/auto/ExpressionFix.xml
22 ms. Memory: 515072K Free: 236544K (46%)
----------------- Invoking toplevel() on ptolemy.moml.MoMLSimpleApplication@3f758a81
----------------- Done invoking toplevel() on ptolemy.moml.MoMLSimpleApplication@3f758a81
reloadAllAccessors: .ExpressionFix

===========================================================================================
----------------- testing Sat Jul 04 15:04:06 UTC 2020 /home/travis/build/icyphy/ptII/ptolemy/actor/lib/test/auto/ExpressionFix2.xml
----------------- Instantiating /home/travis/build/icyphy/ptII/ptolemy/actor/lib/test/auto/ExpressionFix2.xml
3 ms. Memory: 515072K Free: 232448K (45%)
----------------- Invoking toplevel() on ptolemy.moml.MoMLSimpleApplication@4350571a
----------------- Done invoking toplevel() on ptolemy.moml.MoMLSimpleApplication@4350571a
reloadAllAccessors: .ExpressionFix2

===========================================================================================
----------------- testing Sat Jul 04 15:04:06 UTC 2020 /home/travis/build/icyphy/ptII/ptolemy/actor/lib/test/auto/ExpressionFix3.xml
----------------- Instantiating /home/travis/build/icyphy/ptII/ptolemy/actor/lib/test/auto/ExpressionFix3.xml
3 ms. Memory: 515072K Free: 227838K (44%)
----------------- Invoking toplevel() on ptolemy.moml.MoMLSimpleApplication@6fb9bbe1
----------------- Done invoking toplevel() on ptolemy.moml.MoMLSimpleApplication@6fb9bbe1
reloadAllAccessors: .ExpressionFix3

===========================================================================================
----------------- testing Sat Jul 04 15:04:06 UTC 2020 /home/travis/build/icyphy/ptII/ptolemy/actor/lib/test/auto/FileWriter1.xml
----------------- Instantiating /home/travis/build/icyphy/ptII/ptolemy/actor/lib/test/auto/FileWriter1.xml
2 ms. Memory: 515072K Free: 223742K (43%)
----------------- Invoking toplevel() on ptolemy.moml.MoMLSimpleApplication@464e5715
----------------- Done invoking toplevel() on ptolemy.moml.MoMLSimpleApplication@464e5715
reloadAllAccessors: .FileWriter1

===========================================================================================
----------------- testing Sat Jul 04 15:04:06 UTC 2020 /home/travis/build/icyphy/ptII/ptolemy/actor/lib/test/auto/FileWriter2.xml
----------------- Instantiating /home/travis/build/icyphy/ptII/ptolemy/actor/lib/test/auto/FileWriter2.xml
2 ms. Memory: 515072K Free: 219646K (43%)
----------------- Invoking toplevel() on ptolemy.moml.MoMLSimpleApplication@5cf3e167
----------------- Done invoking toplevel() on ptolemy.moml.MoMLSimpleApplication@5cf3e167
reloadAllAccessors: .FileWriter2

===========================================================================================
----------------- testing Sat Jul 04 15:04:06 UTC 2020 /home/travis/build/icyphy/ptII/ptolemy/actor/lib/test/auto/FileWriter3.xml
----------------- Instantiating /home/travis/build/icyphy/ptII/ptolemy/actor/lib/test/auto/FileWriter3.xml
4 ms. Memory: 515072K Free: 215550K (42%)
----------------- Invoking toplevel() on ptolemy.moml.MoMLSimpleApplication@7e49bb7f
----------------- Done invoking toplevel() on ptolemy.moml.MoMLSimpleApplication@7e49bb7f
reloadAllAccessors: .FileWriter3

===========================================================================================
----------------- testing Sat Jul 04 15:04:06 UTC 2020 /home/travis/build/icyphy/ptII/ptolemy/actor/lib/test/auto/Gaussian.xml
----------------- Instantiating /home/travis/build/icyphy/ptII/ptolemy/actor/lib/test/auto/Gaussian.xml
3 ms. Memory: 515072K Free: 210944K (41%)
----------------- Invoking toplevel() on ptolemy.moml.MoMLSimpleApplication@19fe7298
----------------- Done invoking toplevel() on ptolemy.moml.MoMLSimpleApplication@19fe7298
reloadAllAccessors: .Gaussian

===========================================================================================
----------------- testing Sat Jul 04 15:04:07 UTC 2020 /home/travis/build/icyphy/ptII/ptolemy/actor/lib/test/auto/Gaussian1.xml
----------------- Instantiating /home/travis/build/icyphy/ptII/ptolemy/actor/lib/test/auto/Gaussian1.xml
9 ms. Memory: 515072K Free: 205824K (40%)
----------------- Invoking toplevel() on ptolemy.moml.MoMLSimpleApplication@6b48927b
----------------- Done invoking toplevel() on ptolemy.moml.MoMLSimpleApplication@6b48927b
reloadAllAccessors: .Gaussian1

===========================================================================================
----------------- testing Sat Jul 04 15:04:07 UTC 2020 /home/travis/build/icyphy/ptII/ptolemy/actor/lib/test/auto/Gaussian2.xml
----------------- Instantiating /home/travis/build/icyphy/ptII/ptolemy/actor/lib/test/auto/Gaussian2.xml
1 ms. Memory: 515072K Free: 200183K (39%)
----------------- Invoking toplevel() on ptolemy.moml.MoMLSimpleApplication@2c4e5282
----------------- Done invoking toplevel() on ptolemy.moml.MoMLSimpleApplication@2c4e5282
reloadAllAccessors: .Gaussian2

===========================================================================================
----------------- testing Sat Jul 04 15:04:07 UTC 2020 /home/travis/build/icyphy/ptII/ptolemy/actor/lib/test/auto/GradientAdaptiveLattice.xml
----------------- Instantiating /home/travis/build/icyphy/ptII/ptolemy/actor/lib/test/auto/GradientAdaptiveLattice.xml
6 ms. Memory: 515072K Free: 195070K (38%)
----------------- Invoking toplevel() on ptolemy.moml.MoMLSimpleApplication@68b86d84
----------------- Done invoking toplevel() on ptolemy.moml.MoMLSimpleApplication@68b86d84
reloadAllAccessors: .GradientAdaptiveLattice

===========================================================================================
----------------- testing Sat Jul 04 15:04:07 UTC 2020 /home/travis/build/icyphy/ptII/ptolemy/actor/lib/test/auto/IIR.xml
----------------- Instantiating /home/travis/build/icyphy/ptII/ptolemy/actor/lib/test/auto/IIR.xml
1 ms. Memory: 515072K Free: 190464K (37%)
----------------- Invoking toplevel() on ptolemy.moml.MoMLSimpleApplication@1d1f05ec
----------------- Done invoking toplevel() on ptolemy.moml.MoMLSimpleApplication@1d1f05ec
reloadAllAccessors: .IIR

===========================================================================================
----------------- testing Sat Jul 04 15:04:07 UTC 2020 /home/travis/build/icyphy/ptII/ptolemy/actor/lib/test/auto/InputOutputTransparentPorts.xml
----------------- Instantiating /home/travis/build/icyphy/ptII/ptolemy/actor/lib/test/auto/InputOutputTransparentPorts.xml
1 ms. Memory: 515072K Free: 183296K (36%)
----------------- Invoking toplevel() on ptolemy.moml.MoMLSimpleApplication@48563c09
----------------- Done invoking toplevel() on ptolemy.moml.MoMLSimpleApplication@48563c09
reloadAllAccessors: .InputOutputTransparentPorts

===========================================================================================
----------------- testing Sat Jul 04 15:04:07 UTC 2020 /home/travis/build/icyphy/ptII/ptolemy/actor/lib/test/auto/Interpolator.xml
----------------- Instantiating /home/travis/build/icyphy/ptII/ptolemy/actor/lib/test/auto/Interpolator.xml
6 ms. Memory: 515072K Free: 179710K (35%)
----------------- Invoking toplevel() on ptolemy.moml.MoMLSimpleApplication@65b7d8bb
----------------- Done invoking toplevel() on ptolemy.moml.MoMLSimpleApplication@65b7d8bb
reloadAllAccessors: .Interpolator

===========================================================================================
----------------- testing Sat Jul 04 15:04:07 UTC 2020 /home/travis/build/icyphy/ptII/ptolemy/actor/lib/test/auto/InterpolatorFiringLimitDE.xml
----------------- Instantiating /home/travis/build/icyphy/ptII/ptolemy/actor/lib/test/auto/InterpolatorFiringLimitDE.xml
2 ms. Memory: 515072K Free: 173056K (34%)
----------------- Invoking toplevel() on ptolemy.moml.MoMLSimpleApplication@8428ecd
----------------- Done invoking toplevel() on ptolemy.moml.MoMLSimpleApplication@8428ecd
reloadAllAccessors: .InterpolatorFiringLimitDE

===========================================================================================
----------------- testing Sat Jul 04 15:04:07 UTC 2020 /home/travis/build/icyphy/ptII/ptolemy/actor/lib/test/auto/Lattice.xml
----------------- Instantiating /home/travis/build/icyphy/ptII/ptolemy/actor/lib/test/auto/Lattice.xml
1 ms. Memory: 515072K Free: 168960K (33%)
----------------- Invoking toplevel() on ptolemy.moml.MoMLSimpleApplication@7aeb9f46
----------------- Done invoking toplevel() on ptolemy.moml.MoMLSimpleApplication@7aeb9f46
reloadAllAccessors: .Lattice

===========================================================================================
----------------- testing Sat Jul 04 15:04:07 UTC 2020 /home/travis/build/icyphy/ptII/ptolemy/actor/lib/test/auto/LazyAOCTestLazy.xml
----------------- Instantiating /home/travis/build/icyphy/ptII/ptolemy/actor/lib/test/auto/LazyAOCTestLazy.xml
17 ms. Memory: 515072K Free: 162816K (32%)
----------------- Invoking toplevel() on ptolemy.moml.MoMLSimpleApplication@1212f5a7
----------------- Done invoking toplevel() on ptolemy.moml.MoMLSimpleApplication@1212f5a7
reloadAllAccessors: .LazyAOCTestLazy

===========================================================================================
----------------- testing Sat Jul 04 15:04:07 UTC 2020 /home/travis/build/icyphy/ptII/ptolemy/actor/lib/test/auto/LazyAOCTestNonLazy.xml
----------------- Instantiating /home/travis/build/icyphy/ptII/ptolemy/actor/lib/test/auto/LazyAOCTestNonLazy.xml
2 ms. Memory: 515072K Free: 457216K (89%)
----------------- Invoking toplevel() on ptolemy.moml.MoMLSimpleApplication@131d95ba
----------------- Done invoking toplevel() on ptolemy.moml.MoMLSimpleApplication@131d95ba
reloadAllAccessors: .LazyAOCTestNonLazy

===========================================================================================
----------------- testing Sat Jul 04 15:04:07 UTC 2020 /home/travis/build/icyphy/ptII/ptolemy/actor/lib/test/auto/LazyInnerClass.xml
----------------- Instantiating /home/travis/build/icyphy/ptII/ptolemy/actor/lib/test/auto/LazyInnerClass.xml
19 ms. Memory: 515072K Free: 448479K (87%)
----------------- Invoking toplevel() on ptolemy.moml.MoMLSimpleApplication@7a8495e
----------------- Done invoking toplevel() on ptolemy.moml.MoMLSimpleApplication@7a8495e
reloadAllAccessors: .LazyInnerClass

===========================================================================================
----------------- testing Sat Jul 04 15:04:07 UTC 2020 /home/travis/build/icyphy/ptII/ptolemy/actor/lib/test/auto/LazyPubSub.xml
----------------- Instantiating /home/travis/build/icyphy/ptII/ptolemy/actor/lib/test/auto/LazyPubSub.xml
20 ms. Memory: 515072K Free: 438270K (85%)
----------------- Invoking toplevel() on ptolemy.moml.MoMLSimpleApplication@726e2948
----------------- Done invoking toplevel() on ptolemy.moml.MoMLSimpleApplication@726e2948
reloadAllAccessors: .LazyPubSub

===========================================================================================
----------------- testing Sat Jul 04 15:04:07 UTC 2020 /home/travis/build/icyphy/ptII/ptolemy/actor/lib/test/auto/LazyPubSub2.xml
----------------- Instantiating /home/travis/build/icyphy/ptII/ptolemy/actor/lib/test/auto/LazyPubSub2.xml
17 ms. Memory: 515072K Free: 428544K (83%)
----------------- Invoking toplevel() on ptolemy.moml.MoMLSimpleApplication@778b6d11
----------------- Done invoking toplevel() on ptolemy.moml.MoMLSimpleApplication@778b6d11
reloadAllAccessors: .LazyPubSub2

===========================================================================================
----------------- testing Sat Jul 04 15:04:07 UTC 2020 /home/travis/build/icyphy/ptII/ptolemy/actor/lib/test/auto/LazyPubSub3.xml
----------------- Instantiating /home/travis/build/icyphy/ptII/ptolemy/actor/lib/test/auto/LazyPubSub3.xml
10 ms. Memory: 515072K Free: 418304K (81%)
----------------- Invoking toplevel() on ptolemy.moml.MoMLSimpleApplication@53402005
----------------- Done invoking toplevel() on ptolemy.moml.MoMLSimpleApplication@53402005
reloadAllAccessors: .LazyPubSub3

===========================================================================================
----------------- testing Sat Jul 04 15:04:07 UTC 2020 /home/travis/build/icyphy/ptII/ptolemy/actor/lib/test/auto/LazySubClassModel.xml
----------------- Instantiating /home/travis/build/icyphy/ptII/ptolemy/actor/lib/test/auto/LazySubClassModel.xml
2 ms. Memory: 515072K Free: 409088K (79%)
----------------- Invoking toplevel() on ptolemy.moml.MoMLSimpleApplication@27374b19
----------------- Done invoking toplevel() on ptolemy.moml.MoMLSimpleApplication@27374b19
reloadAllAccessors: .LazySubClassModel

===========================================================================================
----------------- testing Sat Jul 04 15:04:07 UTC 2020 /home/travis/build/icyphy/ptII/ptolemy/actor/lib/test/auto/LevelCrossTest1.xml
----------------- Instantiating /home/travis/build/icyphy/ptII/ptolemy/actor/lib/test/auto/LevelCrossTest1.xml
1 ms. Memory: 515072K Free: 403968K (78%)
----------------- Invoking toplevel() on ptolemy.moml.MoMLSimpleApplication@2ed7c9ee
----------------- Done invoking toplevel() on ptolemy.moml.MoMLSimpleApplication@2ed7c9ee
reloadAllAccessors: .broken

===========================================================================================
----------------- testing Sat Jul 04 15:04:07 UTC 2020 /home/travis/build/icyphy/ptII/ptolemy/actor/lib/test/auto/LevelCrossTest10.xml
----------------- Instantiating /home/travis/build/icyphy/ptII/ptolemy/actor/lib/test/auto/LevelCrossTest10.xml
2 ms. Memory: 515072K Free: 396286K (77%)
----------------- Invoking toplevel() on ptolemy.moml.MoMLSimpleApplication@3f535aa0
----------------- Done invoking toplevel() on ptolemy.moml.MoMLSimpleApplication@3f535aa0
reloadAllAccessors: .LevelCrossTest10

===========================================================================================
----------------- testing Sat Jul 04 15:04:07 UTC 2020 /home/travis/build/icyphy/ptII/ptolemy/actor/lib/test/auto/LevelCrossTest11.xml
----------------- Instantiating /home/travis/build/icyphy/ptII/ptolemy/actor/lib/test/auto/LevelCrossTest11.xml
1 ms. Memory: 515072K Free: 389632K (76%)
----------------- Invoking toplevel() on ptolemy.moml.MoMLSimpleApplication@6fa53098
----------------- Done invoking toplevel() on ptolemy.moml.MoMLSimpleApplication@6fa53098
reloadAllAccessors: .LevelCrossTest11

===========================================================================================
----------------- testing Sat Jul 04 15:04:07 UTC 2020 /home/travis/build/icyphy/ptII/ptolemy/actor/lib/test/auto/LevelCrossTest12.xml
----------------- Instantiating /home/travis/build/icyphy/ptII/ptolemy/actor/lib/test/auto/LevelCrossTest12.xml
1 ms. Memory: 515072K Free: 381950K (74%)
----------------- Invoking toplevel() on ptolemy.moml.MoMLSimpleApplication@33907435
----------------- Done invoking toplevel() on ptolemy.moml.MoMLSimpleApplication@33907435
reloadAllAccessors: .LevelCrossTest12

===========================================================================================
----------------- testing Sat Jul 04 15:04:07 UTC 2020 /home/travis/build/icyphy/ptII/ptolemy/actor/lib/test/auto/LevelCrossTest13.xml
----------------- Instantiating /home/travis/build/icyphy/ptII/ptolemy/actor/lib/test/auto/LevelCrossTest13.xml
2 ms. Memory: 515072K Free: 374782K (73%)
----------------- Invoking toplevel() on ptolemy.moml.MoMLSimpleApplication@e10ef4a
----------------- Done invoking toplevel() on ptolemy.moml.MoMLSimpleApplication@e10ef4a
reloadAllAccessors: .LevelCrossTest13

===========================================================================================
----------------- testing Sat Jul 04 15:04:07 UTC 2020 /home/travis/build/icyphy/ptII/ptolemy/actor/lib/test/auto/LevelCrossTest2.xml
----------------- Instantiating /home/travis/build/icyphy/ptII/ptolemy/actor/lib/test/auto/LevelCrossTest2.xml
1 ms. Memory: 515072K Free: 369152K (72%)
----------------- Invoking toplevel() on ptolemy.moml.MoMLSimpleApplication@240cec0c
----------------- Done invoking toplevel() on ptolemy.moml.MoMLSimpleApplication@240cec0c
reloadAllAccessors: .broken

===========================================================================================
----------------- testing Sat Jul 04 15:04:07 UTC 2020 /home/travis/build/icyphy/ptII/ptolemy/actor/lib/test/auto/LevelCrossTest3.xml
----------------- Instantiating /home/travis/build/icyphy/ptII/ptolemy/actor/lib/test/auto/LevelCrossTest3.xml
1 ms. Memory: 515072K Free: 362494K (70%)
----------------- Invoking toplevel() on ptolemy.moml.MoMLSimpleApplication@6e9bba36
----------------- Done invoking toplevel() on ptolemy.moml.MoMLSimpleApplication@6e9bba36
reloadAllAccessors: .LevelCrossTest3

===========================================================================================
----------------- testing Sat Jul 04 15:04:07 UTC 2020 /home/travis/build/icyphy/ptII/ptolemy/actor/lib/test/auto/LevelCrossTest4.xml
----------------- Instantiating /home/travis/build/icyphy/ptII/ptolemy/actor/lib/test/auto/LevelCrossTest4.xml
1 ms. Memory: 515072K Free: 356864K (69%)
----------------- Invoking toplevel() on ptolemy.moml.MoMLSimpleApplication@3bba3c64
----------------- Done invoking toplevel() on ptolemy.moml.MoMLSimpleApplication@3bba3c64
reloadAllAccessors: .broken

===========================================================================================
----------------- testing Sat Jul 04 15:04:07 UTC 2020 /home/travis/build/icyphy/ptII/ptolemy/actor/lib/test/auto/LevelCrossTest5.xml
----------------- Instantiating /home/travis/build/icyphy/ptII/ptolemy/actor/lib/test/auto/LevelCrossTest5.xml
3 ms. Memory: 515072K Free: 349696K (68%)
----------------- Invoking toplevel() on ptolemy.moml.MoMLSimpleApplication@31b1f22f
----------------- Done invoking toplevel() on ptolemy.moml.MoMLSimpleApplication@31b1f22f
reloadAllAccessors: .LevelCrossTest5

===========================================================================================
----------------- testing Sat Jul 04 15:04:07 UTC 2020 /home/travis/build/icyphy/ptII/ptolemy/actor/lib/test/auto/LevelCrossTest6.xml
----------------- Instantiating /home/travis/build/icyphy/ptII/ptolemy/actor/lib/test/auto/LevelCrossTest6.xml
1 ms. Memory: 515072K Free: 343038K (67%)
----------------- Invoking toplevel() on ptolemy.moml.MoMLSimpleApplication@18fc6751
----------------- Done invoking toplevel() on ptolemy.moml.MoMLSimpleApplication@18fc6751
reloadAllAccessors: .LevelCrossTest6

===========================================================================================
----------------- testing Sat Jul 04 15:04:07 UTC 2020 /home/travis/build/icyphy/ptII/ptolemy/actor/lib/test/auto/LevelCrossTest7.xml
----------------- Instantiating /home/travis/build/icyphy/ptII/ptolemy/actor/lib/test/auto/LevelCrossTest7.xml
9 ms. Memory: 515072K Free: 335870K (65%)
----------------- Invoking toplevel() on ptolemy.moml.MoMLSimpleApplication@5111a80
----------------- Done invoking toplevel() on ptolemy.moml.MoMLSimpleApplication@5111a80
reloadAllAccessors: .LevelCrossTest7

===========================================================================================
----------------- testing Sat Jul 04 15:04:07 UTC 2020 /home/travis/build/icyphy/ptII/ptolemy/actor/lib/test/auto/LevelCrossTest8.xml
----------------- Instantiating /home/travis/build/icyphy/ptII/ptolemy/actor/lib/test/auto/LevelCrossTest8.xml
2 ms. Memory: 515072K Free: 328192K (64%)
----------------- Invoking toplevel() on ptolemy.moml.MoMLSimpleApplication@69639145
----------------- Done invoking toplevel() on ptolemy.moml.MoMLSimpleApplication@69639145
reloadAllAccessors: .LevelCrossTest8

===========================================================================================
----------------- testing Sat Jul 04 15:04:07 UTC 2020 /home/travis/build/icyphy/ptII/ptolemy/actor/lib/test/auto/LevelCrossTest9.xml
----------------- Instantiating /home/travis/build/icyphy/ptII/ptolemy/actor/lib/test/auto/LevelCrossTest9.xml
2 ms. Memory: 515072K Free: 321024K (62%)
----------------- Invoking toplevel() on ptolemy.moml.MoMLSimpleApplication@5be8a6b6
----------------- Done invoking toplevel() on ptolemy.moml.MoMLSimpleApplication@5be8a6b6
reloadAllAccessors: .LevelCrossTest9

===========================================================================================
----------------- testing Sat Jul 04 15:04:07 UTC 2020 /home/travis/build/icyphy/ptII/ptolemy/actor/lib/test/auto/LevinsonDurbin.xml
----------------- Instantiating /home/travis/build/icyphy/ptII/ptolemy/actor/lib/test/auto/LevinsonDurbin.xml
1 ms. Memory: 515072K Free: 316928K (62%)
----------------- Invoking toplevel() on ptolemy.moml.MoMLSimpleApplication@6e00dd88
----------------- Done invoking toplevel() on ptolemy.moml.MoMLSimpleApplication@6e00dd88
reloadAllAccessors: .LevinsonDurbin

===========================================================================================
----------------- testing Sat Jul 04 15:04:07 UTC 2020 /home/travis/build/icyphy/ptII/ptolemy/actor/lib/test/auto/LevinsonDurbin2.xml
----------------- Instantiating /home/travis/build/icyphy/ptII/ptolemy/actor/lib/test/auto/LevinsonDurbin2.xml
1 ms. Memory: 515072K Free: 313342K (61%)
----------------- Invoking toplevel() on ptolemy.moml.MoMLSimpleApplication@12db4707
----------------- Done invoking toplevel() on ptolemy.moml.MoMLSimpleApplication@12db4707
reloadAllAccessors: .LevinsonDurbin2

===========================================================================================
----------------- testing Sat Jul 04 15:04:07 UTC 2020 /home/travis/build/icyphy/ptII/ptolemy/actor/lib/test/auto/LevinsonDurbin3.xml
----------------- Instantiating /home/travis/build/icyphy/ptII/ptolemy/actor/lib/test/auto/LevinsonDurbin3.xml
1 ms. Memory: 515072K Free: 309246K (60%)
----------------- Invoking toplevel() on ptolemy.moml.MoMLSimpleApplication@13204825
----------------- Done invoking toplevel() on ptolemy.moml.MoMLSimpleApplication@13204825
reloadAllAccessors: .LevinsonDurbin3

===========================================================================================
----------------- testing Sat Jul 04 15:04:07 UTC 2020 /home/travis/build/icyphy/ptII/ptolemy/actor/lib/test/auto/Limiter.xml
----------------- Instantiating /home/travis/build/icyphy/ptII/ptolemy/actor/lib/test/auto/Limiter.xml
10 ms. Memory: 515072K Free: 300015K (58%)
----------------- Invoking toplevel() on ptolemy.moml.MoMLSimpleApplication@592bdf08
----------------- Done invoking toplevel() on ptolemy.moml.MoMLSimpleApplication@592bdf08
reloadAllAccessors: .Limiter

===========================================================================================
----------------- testing Sat Jul 04 15:04:07 UTC 2020 /home/travis/build/icyphy/ptII/ptolemy/actor/lib/test/auto/LinearDifferenceEquationSystem.xml
----------------- Instantiating /home/travis/build/icyphy/ptII/ptolemy/actor/lib/test/auto/LinearDifferenceEquationSystem.xml
10 ms. Memory: 515072K Free: 292862K (57%)
----------------- Invoking toplevel() on ptolemy.moml.MoMLSimpleApplication@631c65c3
----------------- Done invoking toplevel() on ptolemy.moml.MoMLSimpleApplication@631c65c3
reloadAllAccessors: .LinearDifferenceEquationSystem

===========================================================================================
----------------- testing Sat Jul 04 15:04:07 UTC 2020 /home/travis/build/icyphy/ptII/ptolemy/actor/lib/test/auto/LookupTable.xml
----------------- Instantiating /home/travis/build/icyphy/ptII/ptolemy/actor/lib/test/auto/LookupTable.xml
2 ms. Memory: 515072K Free: 288256K (56%)
----------------- Invoking toplevel() on ptolemy.moml.MoMLSimpleApplication@62d8aaae
----------------- Done invoking toplevel() on ptolemy.moml.MoMLSimpleApplication@62d8aaae
reloadAllAccessors: .LookupTable

===========================================================================================
----------------- testing Sat Jul 04 15:04:07 UTC 2020 /home/travis/build/icyphy/ptII/ptolemy/actor/lib/test/auto/MathFunction.xml
----------------- Instantiating /home/travis/build/icyphy/ptII/ptolemy/actor/lib/test/auto/MathFunction.xml
4 ms. Memory: 515072K Free: 280064K (54%)
----------------- Invoking toplevel() on ptolemy.moml.MoMLSimpleApplication@b6a7a50
----------------- Done invoking toplevel() on ptolemy.moml.MoMLSimpleApplication@b6a7a50
reloadAllAccessors: .MathFunction

===========================================================================================
----------------- testing Sat Jul 04 15:04:07 UTC 2020 /home/travis/build/icyphy/ptII/ptolemy/actor/lib/test/auto/MathFunction2.xml
----------------- Instantiating /home/travis/build/icyphy/ptII/ptolemy/actor/lib/test/auto/MathFunction2.xml
1 ms. Memory: 515072K Free: 275968K (54%)
----------------- Invoking toplevel() on ptolemy.moml.MoMLSimpleApplication@2d4b342f
----------------- Done invoking toplevel() on ptolemy.moml.MoMLSimpleApplication@2d4b342f
reloadAllAccessors: .MathFunction2

===========================================================================================
----------------- testing Sat Jul 04 15:04:07 UTC 2020 /home/travis/build/icyphy/ptII/ptolemy/actor/lib/test/auto/MathFunction3.xml
----------------- Instantiating /home/travis/build/icyphy/ptII/ptolemy/actor/lib/test/auto/MathFunction3.xml
2 ms. Memory: 515072K Free: 268800K (52%)
----------------- Invoking toplevel() on ptolemy.moml.MoMLSimpleApplication@2aed8cae
----------------- Done invoking toplevel() on ptolemy.moml.MoMLSimpleApplication@2aed8cae
reloadAllAccessors: .MathFunction3

===========================================================================================
----------------- testing Sat Jul 04 15:04:07 UTC 2020 /home/travis/build/icyphy/ptII/ptolemy/actor/lib/test/auto/MatrixCropBoolean.xml
----------------- Instantiating /home/travis/build/icyphy/ptII/ptolemy/actor/lib/test/auto/MatrixCropBoolean.xml
2 ms. Memory: 515072K Free: 263680K (51%)
----------------- Invoking toplevel() on ptolemy.moml.MoMLSimpleApplication@39c63b6e
----------------- Done invoking toplevel() on ptolemy.moml.MoMLSimpleApplication@39c63b6e
reloadAllAccessors: .MatrixCropBoolean

===========================================================================================
----------------- testing Sat Jul 04 15:04:07 UTC 2020 /home/travis/build/icyphy/ptII/ptolemy/actor/lib/test/auto/MatrixCropComplex.xml
----------------- Instantiating /home/travis/build/icyphy/ptII/ptolemy/actor/lib/test/auto/MatrixCropComplex.xml
7 ms. Memory: 515072K Free: 258560K (50%)
----------------- Invoking toplevel() on ptolemy.moml.MoMLSimpleApplication@28443342
----------------- Done invoking toplevel() on ptolemy.moml.MoMLSimpleApplication@28443342
reloadAllAccessors: .MatrixCropComplex

===========================================================================================
----------------- testing Sat Jul 04 15:04:08 UTC 2020 /home/travis/build/icyphy/ptII/ptolemy/actor/lib/test/auto/MatrixCropDouble.xml
----------------- Instantiating /home/travis/build/icyphy/ptII/ptolemy/actor/lib/test/auto/MatrixCropDouble.xml
2 ms. Memory: 515072K Free: 253440K (49%)
----------------- Invoking toplevel() on ptolemy.moml.MoMLSimpleApplication@400317e6
----------------- Done invoking toplevel() on ptolemy.moml.MoMLSimpleApplication@400317e6
reloadAllAccessors: .MatrixCropDouble

===========================================================================================
----------------- testing Sat Jul 04 15:04:08 UTC 2020 /home/travis/build/icyphy/ptII/ptolemy/actor/lib/test/auto/MatrixCropFix.xml
----------------- Instantiating /home/travis/build/icyphy/ptII/ptolemy/actor/lib/test/auto/MatrixCropFix.xml
2 ms. Memory: 515072K Free: 248320K (48%)
----------------- Invoking toplevel() on ptolemy.moml.MoMLSimpleApplication@335eeada
----------------- Done invoking toplevel() on ptolemy.moml.MoMLSimpleApplication@335eeada
reloadAllAccessors: .MatrixCropFix

===========================================================================================
----------------- testing Sat Jul 04 15:04:08 UTC 2020 /home/travis/build/icyphy/ptII/ptolemy/actor/lib/test/auto/MatrixCropInt.xml
----------------- Instantiating /home/travis/build/icyphy/ptII/ptolemy/actor/lib/test/auto/MatrixCropInt.xml
1 ms. Memory: 515072K Free: 243200K (47%)
----------------- Invoking toplevel() on ptolemy.moml.MoMLSimpleApplication@4fc94c45
----------------- Done invoking toplevel() on ptolemy.moml.MoMLSimpleApplication@4fc94c45
reloadAllAccessors: .MatrixCropInt

===========================================================================================
----------------- testing Sat Jul 04 15:04:08 UTC 2020 /home/travis/build/icyphy/ptII/ptolemy/actor/lib/test/auto/MatrixCropLong.xml
----------------- Instantiating /home/travis/build/icyphy/ptII/ptolemy/actor/lib/test/auto/MatrixCropLong.xml
2 ms. Memory: 515072K Free: 238080K (46%)
----------------- Invoking toplevel() on ptolemy.moml.MoMLSimpleApplication@4c8cc97e
----------------- Done invoking toplevel() on ptolemy.moml.MoMLSimpleApplication@4c8cc97e
reloadAllAccessors: .MatrixCropLong

===========================================================================================
----------------- testing Sat Jul 04 15:04:08 UTC 2020 /home/travis/build/icyphy/ptII/ptolemy/actor/lib/test/auto/MatrixToArray.xml
----------------- Instantiating /home/travis/build/icyphy/ptII/ptolemy/actor/lib/test/auto/MatrixToArray.xml
6 ms. Memory: 515072K Free: 223230K (43%)
----------------- Invoking toplevel() on ptolemy.moml.MoMLSimpleApplication@2a3de884
----------------- Done invoking toplevel() on ptolemy.moml.MoMLSimpleApplication@2a3de884
reloadAllAccessors: .MatrixToArray

===========================================================================================
----------------- testing Sat Jul 04 15:04:08 UTC 2020 /home/travis/build/icyphy/ptII/ptolemy/actor/lib/test/auto/MaxIndex.xml
----------------- Instantiating /home/travis/build/icyphy/ptII/ptolemy/actor/lib/test/auto/MaxIndex.xml
1 ms. Memory: 515072K Free: 218110K (42%)
----------------- Invoking toplevel() on ptolemy.moml.MoMLSimpleApplication@3bbc0cce
----------------- Done invoking toplevel() on ptolemy.moml.MoMLSimpleApplication@3bbc0cce
reloadAllAccessors: .MaxIndex

===========================================================================================
----------------- testing Sat Jul 04 15:04:08 UTC 2020 /home/travis/build/icyphy/ptII/ptolemy/actor/lib/test/auto/Maximum.xml
----------------- Instantiating /home/travis/build/icyphy/ptII/ptolemy/actor/lib/test/auto/Maximum.xml
5 ms. Memory: 515072K Free: 211456K (41%)
----------------- Invoking toplevel() on ptolemy.moml.MoMLSimpleApplication@fecb357
----------------- Done invoking toplevel() on ptolemy.moml.MoMLSimpleApplication@fecb357
reloadAllAccessors: .Maximum

===========================================================================================
----------------- testing Sat Jul 04 15:04:08 UTC 2020 /home/travis/build/icyphy/ptII/ptolemy/actor/lib/test/auto/MaximumComplex.xml
----------------- Instantiating /home/travis/build/icyphy/ptII/ptolemy/actor/lib/test/auto/MaximumComplex.xml
4 ms. Memory: 515072K Free: 205312K (40%)
----------------- Invoking toplevel() on ptolemy.moml.MoMLSimpleApplication@af90571
----------------- Done invoking toplevel() on ptolemy.moml.MoMLSimpleApplication@af90571
reloadAllAccessors: .MaximumComplex

===========================================================================================
----------------- testing Sat Jul 04 15:04:08 UTC 2020 /home/travis/build/icyphy/ptII/ptolemy/actor/lib/test/auto/MethodCallTest.xml
----------------- Instantiating /home/travis/build/icyphy/ptII/ptolemy/actor/lib/test/auto/MethodCallTest.xml
3 ms. Memory: 515072K Free: 198654K (39%)
----------------- Invoking toplevel() on ptolemy.moml.MoMLSimpleApplication@29bc1c80
----------------- Done invoking toplevel() on ptolemy.moml.MoMLSimpleApplication@29bc1c80
reloadAllAccessors: .MethodCallTest

===========================================================================================
----------------- testing Sat Jul 04 15:04:08 UTC 2020 /home/travis/build/icyphy/ptII/ptolemy/actor/lib/test/auto/Minimum.xml
----------------- Instantiating /home/travis/build/icyphy/ptII/ptolemy/actor/lib/test/auto/Minimum.xml
3 ms. Memory: 515072K Free: 192000K (37%)
----------------- Invoking toplevel() on ptolemy.moml.MoMLSimpleApplication@6649e8a
----------------- Done invoking toplevel() on ptolemy.moml.MoMLSimpleApplication@6649e8a
reloadAllAccessors: .Minimum

===========================================================================================
----------------- testing Sat Jul 04 15:04:08 UTC 2020 /home/travis/build/icyphy/ptII/ptolemy/actor/lib/test/auto/MinimumComplex.xml
----------------- Instantiating /home/travis/build/icyphy/ptII/ptolemy/actor/lib/test/auto/MinimumComplex.xml
2 ms. Memory: 515072K Free: 185856K (36%)
----------------- Invoking toplevel() on ptolemy.moml.MoMLSimpleApplication@41bcbc1c
----------------- Done invoking toplevel() on ptolemy.moml.MoMLSimpleApplication@41bcbc1c
reloadAllAccessors: .MinimumComplex

===========================================================================================
----------------- testing Sat Jul 04 15:04:08 UTC 2020 /home/travis/build/icyphy/ptII/ptolemy/actor/lib/test/auto/MinimumMultiports.xml
----------------- Instantiating /home/travis/build/icyphy/ptII/ptolemy/actor/lib/test/auto/MinimumMultiports.xml
4 ms. Memory: 515072K Free: 177135K (34%)
----------------- Invoking toplevel() on ptolemy.moml.MoMLSimpleApplication@97de51f
----------------- Done invoking toplevel() on ptolemy.moml.MoMLSimpleApplication@97de51f
reloadAllAccessors: .MinimumMultiports

===========================================================================================
----------------- testing Sat Jul 04 15:04:08 UTC 2020 /home/travis/build/icyphy/ptII/ptolemy/actor/lib/test/auto/ModifyDate.xml
----------------- Instantiating /home/travis/build/icyphy/ptII/ptolemy/actor/lib/test/auto/ModifyDate.xml
8 ms. Memory: 515072K Free: 164352K (32%)
----------------- Invoking toplevel() on ptolemy.moml.MoMLSimpleApplication@52a548e2
----------------- Done invoking toplevel() on ptolemy.moml.MoMLSimpleApplication@52a548e2
reloadAllAccessors: .ModifyDate

===========================================================================================
----------------- testing Sat Jul 04 15:04:08 UTC 2020 /home/travis/build/icyphy/ptII/ptolemy/actor/lib/test/auto/ModifyDate2.xml
----------------- Instantiating /home/travis/build/icyphy/ptII/ptolemy/actor/lib/test/auto/ModifyDate2.xml
5 ms. Memory: 515072K Free: 456192K (89%)
----------------- Invoking toplevel() on ptolemy.moml.MoMLSimpleApplication@5671a2d5
----------------- Done invoking toplevel() on ptolemy.moml.MoMLSimpleApplication@5671a2d5
reloadAllAccessors: .ModifyDate2

===========================================================================================
----------------- testing Sat Jul 04 15:04:08 UTC 2020 /home/travis/build/icyphy/ptII/ptolemy/actor/lib/test/auto/MovingAverage.xml
----------------- Instantiating /home/travis/build/icyphy/ptII/ptolemy/actor/lib/test/auto/MovingAverage.xml
1 ms. Memory: 515072K Free: 450558K (87%)
----------------- Invoking toplevel() on ptolemy.moml.MoMLSimpleApplication@8075179
----------------- Done invoking toplevel() on ptolemy.moml.MoMLSimpleApplication@8075179
reloadAllAccessors: .MovingAverage

===========================================================================================
----------------- testing Sat Jul 04 15:04:08 UTC 2020 /home/travis/build/icyphy/ptII/ptolemy/actor/lib/test/auto/MovingMaximum.xml
----------------- Instantiating /home/travis/build/icyphy/ptII/ptolemy/actor/lib/test/auto/MovingMaximum.xml
2 ms. Memory: 515072K Free: 445952K (87%)
----------------- Invoking toplevel() on ptolemy.moml.MoMLSimpleApplication@1fe25f01
----------------- Done invoking toplevel() on ptolemy.moml.MoMLSimpleApplication@1fe25f01
reloadAllAccessors: .MovingMaximum

===========================================================================================
----------------- testing Sat Jul 04 15:04:08 UTC 2020 /home/travis/build/icyphy/ptII/ptolemy/actor/lib/test/auto/MultipleLinksToSameRelation.xml
----------------- Instantiating /home/travis/build/icyphy/ptII/ptolemy/actor/lib/test/auto/MultipleLinksToSameRelation.xml
2 ms. Memory: 515072K Free: 441856K (86%)
----------------- Invoking toplevel() on ptolemy.moml.MoMLSimpleApplication@2f401880
----------------- Done invoking toplevel() on ptolemy.moml.MoMLSimpleApplication@2f401880
reloadAllAccessors: .MultipleLinksToSameRelation

===========================================================================================
----------------- testing Sat Jul 04 15:04:08 UTC 2020 /home/travis/build/icyphy/ptII/ptolemy/actor/lib/test/auto/MultipleLinksToSameRelationDE.xml
----------------- Instantiating /home/travis/build/icyphy/ptII/ptolemy/actor/lib/test/auto/MultipleLinksToSameRelationDE.xml
2 ms. Memory: 515072K Free: 437215K (85%)
----------------- Invoking toplevel() on ptolemy.moml.MoMLSimpleApplication@14c58785
----------------- Done invoking toplevel() on ptolemy.moml.MoMLSimpleApplication@14c58785
reloadAllAccessors: .MultipleLinksToSameRelationDE

===========================================================================================
----------------- testing Sat Jul 04 15:04:08 UTC 2020 /home/travis/build/icyphy/ptII/ptolemy/actor/lib/test/auto/Multiplexor.xml
----------------- Instantiating /home/travis/build/icyphy/ptII/ptolemy/actor/lib/test/auto/Multiplexor.xml
2 ms. Memory: 515072K Free: 431616K (84%)
----------------- Invoking toplevel() on ptolemy.moml.MoMLSimpleApplication@7f9e9e9b
----------------- Done invoking toplevel() on ptolemy.moml.MoMLSimpleApplication@7f9e9e9b
reloadAllAccessors: .Multiplexor

===========================================================================================
----------------- testing Sat Jul 04 15:04:08 UTC 2020 /home/travis/build/icyphy/ptII/ptolemy/actor/lib/test/auto/Multiplexor1.xml
----------------- Instantiating /home/travis/build/icyphy/ptII/ptolemy/actor/lib/test/auto/Multiplexor1.xml
2 ms. Memory: 515072K Free: 425951K (83%)
----------------- Invoking toplevel() on ptolemy.moml.MoMLSimpleApplication@37bf184e
----------------- Done invoking toplevel() on ptolemy.moml.MoMLSimpleApplication@37bf184e
reloadAllAccessors: .Multiplexor1

===========================================================================================
----------------- testing Sat Jul 04 15:04:08 UTC 2020 /home/travis/build/icyphy/ptII/ptolemy/actor/lib/test/auto/Multiplexor2.xml
----------------- Instantiating /home/travis/build/icyphy/ptII/ptolemy/actor/lib/test/auto/Multiplexor2.xml
4 ms. Memory: 515072K Free: 419326K (81%)
----------------- Invoking toplevel() on ptolemy.moml.MoMLSimpleApplication@2f05735f
----------------- Done invoking toplevel() on ptolemy.moml.MoMLSimpleApplication@2f05735f
reloadAllAccessors: .Multiplexor2

===========================================================================================
----------------- testing Sat Jul 04 15:04:08 UTC 2020 /home/travis/build/icyphy/ptII/ptolemy/actor/lib/test/auto/Multiplexor3.xml
----------------- Instantiating /home/travis/build/icyphy/ptII/ptolemy/actor/lib/test/auto/Multiplexor3.xml
1 ms. Memory: 515072K Free: 415232K (81%)
----------------- Invoking toplevel() on ptolemy.moml.MoMLSimpleApplication@61537909
----------------- Done invoking toplevel() on ptolemy.moml.MoMLSimpleApplication@61537909
reloadAllAccessors: .Multiplexor3

===========================================================================================
----------------- testing Sat Jul 04 15:04:08 UTC 2020 /home/travis/build/icyphy/ptII/ptolemy/actor/lib/test/auto/MultiplexorDE.xml
----------------- Instantiating /home/travis/build/icyphy/ptII/ptolemy/actor/lib/test/auto/MultiplexorDE.xml
3 ms. Memory: 515072K Free: 407519K (79%)
----------------- Invoking toplevel() on ptolemy.moml.MoMLSimpleApplication@4d9d3e64
----------------- Done invoking toplevel() on ptolemy.moml.MoMLSimpleApplication@4d9d3e64
reloadAllAccessors: .MultiplexorDE

===========================================================================================
----------------- testing Sat Jul 04 15:04:08 UTC 2020 /home/travis/build/icyphy/ptII/ptolemy/actor/lib/test/auto/MultiportBroadcastTest.xml
----------------- Instantiating /home/travis/build/icyphy/ptII/ptolemy/actor/lib/test/auto/MultiportBroadcastTest.xml
99 ms. Memory: 515072K Free: 401391K (78%)
----------------- Invoking toplevel() on ptolemy.moml.MoMLSimpleApplication@22e3ae56
----------------- Done invoking toplevel() on ptolemy.moml.MoMLSimpleApplication@22e3ae56
reloadAllAccessors: .MultiportBroadcastTest

===========================================================================================
----------------- testing Sat Jul 04 15:04:08 UTC 2020 /home/travis/build/icyphy/ptII/ptolemy/actor/lib/test/auto/MultiportOutHangDuringGetWidth.xml
----------------- Instantiating /home/travis/build/icyphy/ptII/ptolemy/actor/lib/test/auto/MultiportOutHangDuringGetWidth.xml
6 ms. Memory: 515072K Free: 389632K (76%)
----------------- Invoking toplevel() on ptolemy.moml.MoMLSimpleApplication@738a2159
----------------- Done invoking toplevel() on ptolemy.moml.MoMLSimpleApplication@738a2159
reloadAllAccessors: .MultiportOutHangDuringGetWidth

===========================================================================================
----------------- testing Sat Jul 04 15:04:08 UTC 2020 /home/travis/build/icyphy/ptII/ptolemy/actor/lib/test/auto/NilToken.xml
----------------- Instantiating /home/travis/build/icyphy/ptII/ptolemy/actor/lib/test/auto/NilToken.xml
1 ms. Memory: 515072K Free: 385536K (75%)
----------------- Invoking toplevel() on ptolemy.moml.MoMLSimpleApplication@2eaaaf8c
----------------- Done invoking toplevel() on ptolemy.moml.MoMLSimpleApplication@2eaaaf8c
reloadAllAccessors: .NilToken

===========================================================================================
----------------- testing Sat Jul 04 15:04:08 UTC 2020 /home/travis/build/icyphy/ptII/ptolemy/actor/lib/test/auto/NilTokenNonStrictTest.xml
----------------- Instantiating /home/travis/build/icyphy/ptII/ptolemy/actor/lib/test/auto/NilTokenNonStrictTest.xml
2 ms. Memory: 515072K Free: 380926K (74%)
----------------- Invoking toplevel() on ptolemy.moml.MoMLSimpleApplication@193f4def
----------------- Done invoking toplevel() on ptolemy.moml.MoMLSimpleApplication@193f4def
reloadAllAccessors: .NilTokenNonStrictTest

===========================================================================================
----------------- testing Sat Jul 04 15:04:08 UTC 2020 /home/travis/build/icyphy/ptII/ptolemy/actor/lib/test/auto/NilTokenRecord.xml
----------------- Instantiating /home/travis/build/icyphy/ptII/ptolemy/actor/lib/test/auto/NilTokenRecord.xml
7 ms. Memory: 515072K Free: 374272K (73%)
----------------- Invoking toplevel() on ptolemy.moml.MoMLSimpleApplication@54491812
----------------- Done invoking toplevel() on ptolemy.moml.MoMLSimpleApplication@54491812
reloadAllAccessors: .NilTokenRecord

===========================================================================================
----------------- testing Sat Jul 04 15:04:08 UTC 2020 /home/travis/build/icyphy/ptII/ptolemy/actor/lib/test/auto/NilTokenTypeTest.xml
----------------- Instantiating /home/travis/build/icyphy/ptII/ptolemy/actor/lib/test/auto/NilTokenTypeTest.xml
10 ms. Memory: 515072K Free: 364542K (71%)
----------------- Invoking toplevel() on ptolemy.moml.MoMLSimpleApplication@5ba35532
----------------- Done invoking toplevel() on ptolemy.moml.MoMLSimpleApplication@5ba35532
reloadAllAccessors: .NilTokenTypeTest

===========================================================================================
----------------- testing Sat Jul 04 15:04:08 UTC 2020 /home/travis/build/icyphy/ptII/ptolemy/actor/lib/test/auto/ObjectToken1.xml
----------------- Instantiating /home/travis/build/icyphy/ptII/ptolemy/actor/lib/test/auto/ObjectToken1.xml
3 ms. Memory: 515072K Free: 360446K (70%)
----------------- Invoking toplevel() on ptolemy.moml.MoMLSimpleApplication@73170bd2
----------------- Done invoking toplevel() on ptolemy.moml.MoMLSimpleApplication@73170bd2
reloadAllAccessors: .ObjectToken1

===========================================================================================
----------------- testing Sat Jul 04 15:04:08 UTC 2020 /home/travis/build/icyphy/ptII/ptolemy/actor/lib/test/auto/OrderedMerge.xml
----------------- Instantiating /home/travis/build/icyphy/ptII/ptolemy/actor/lib/test/auto/OrderedMerge.xml
12 ms. Memory: 515072K Free: 354816K (69%)
----------------- Invoking toplevel() on ptolemy.moml.MoMLSimpleApplication@dc62d16
----------------- Done invoking toplevel() on ptolemy.moml.MoMLSimpleApplication@dc62d16
reloadAllAccessors: .OrderedMerge

===========================================================================================
----------------- testing Sat Jul 04 15:04:08 UTC 2020 /home/travis/build/icyphy/ptII/ptolemy/actor/lib/test/auto/OrderedRecordDisassembler.xml
----------------- Instantiating /home/travis/build/icyphy/ptII/ptolemy/actor/lib/test/auto/OrderedRecordDisassembler.xml
3 ms. Memory: 515072K Free: 349696K (68%)
----------------- Invoking toplevel() on ptolemy.moml.MoMLSimpleApplication@346bed28
----------------- Done invoking toplevel() on ptolemy.moml.MoMLSimpleApplication@346bed28
reloadAllAccessors: .OrderedRecordDisassembler

===========================================================================================
----------------- testing Sat Jul 04 15:04:08 UTC 2020 /home/travis/build/icyphy/ptII/ptolemy/actor/lib/test/auto/OrderedRecordDisassembler2.xml
----------------- Instantiating /home/travis/build/icyphy/ptII/ptolemy/actor/lib/test/auto/OrderedRecordDisassembler2.xml
4 ms. Memory: 515072K Free: 341999K (66%)
----------------- Invoking toplevel() on ptolemy.moml.MoMLSimpleApplication@5e61c442
----------------- Done invoking toplevel() on ptolemy.moml.MoMLSimpleApplication@5e61c442
reloadAllAccessors: .OrderedRecordDisassembler2

===========================================================================================
----------------- testing Sat Jul 04 15:04:08 UTC 2020 /home/travis/build/icyphy/ptII/ptolemy/actor/lib/test/auto/OrderedRecordUpdater.xml
----------------- Instantiating /home/travis/build/icyphy/ptII/ptolemy/actor/lib/test/auto/OrderedRecordUpdater.xml
2 ms. Memory: 515072K Free: 336384K (65%)
----------------- Invoking toplevel() on ptolemy.moml.MoMLSimpleApplication@3b5619f9
----------------- Done invoking toplevel() on ptolemy.moml.MoMLSimpleApplication@3b5619f9
reloadAllAccessors: .RecordUpdater

===========================================================================================
----------------- testing Sat Jul 04 15:04:08 UTC 2020 /home/travis/build/icyphy/ptII/ptolemy/actor/lib/test/auto/OrderedRecordUpdater2.xml
----------------- Instantiating /home/travis/build/icyphy/ptII/ptolemy/actor/lib/test/auto/OrderedRecordUpdater2.xml
2 ms. Memory: 515072K Free: 331264K (64%)
----------------- Invoking toplevel() on ptolemy.moml.MoMLSimpleApplication@49f927b6
----------------- Done invoking toplevel() on ptolemy.moml.MoMLSimpleApplication@49f927b6
reloadAllAccessors: .RecordUpdater2

===========================================================================================
----------------- testing Sat Jul 04 15:04:08 UTC 2020 /home/travis/build/icyphy/ptII/ptolemy/actor/lib/test/auto/PhaseUnwrap.xml
----------------- Instantiating /home/travis/build/icyphy/ptII/ptolemy/actor/lib/test/auto/PhaseUnwrap.xml
2 ms. Memory: 515072K Free: 326654K (63%)
----------------- Invoking toplevel() on ptolemy.moml.MoMLSimpleApplication@20a1a1b
----------------- Done invoking toplevel() on ptolemy.moml.MoMLSimpleApplication@20a1a1b
reloadAllAccessors: .PhaseUnwrap

===========================================================================================
----------------- testing Sat Jul 04 15:04:08 UTC 2020 /home/travis/build/icyphy/ptII/ptolemy/actor/lib/test/auto/PoissonClock.xml
----------------- Instantiating /home/travis/build/icyphy/ptII/ptolemy/actor/lib/test/auto/PoissonClock.xml
1 ms. Memory: 515072K Free: 322558K (63%)
----------------- Invoking toplevel() on ptolemy.moml.MoMLSimpleApplication@7a7a554a
----------------- Done invoking toplevel() on ptolemy.moml.MoMLSimpleApplication@7a7a554a
reloadAllAccessors: .PoissonClock

===========================================================================================
----------------- testing Sat Jul 04 15:04:08 UTC 2020 /home/travis/build/icyphy/ptII/ptolemy/actor/lib/test/auto/PoissonClock2.xml
----------------- Instantiating /home/travis/build/icyphy/ptII/ptolemy/actor/lib/test/auto/PoissonClock2.xml
1 ms. Memory: 515072K Free: 318462K (62%)
----------------- Invoking toplevel() on ptolemy.moml.MoMLSimpleApplication@60d16367
----------------- Done invoking toplevel() on ptolemy.moml.MoMLSimpleApplication@60d16367
reloadAllAccessors: .PoissonClock2

===========================================================================================
----------------- testing Sat Jul 04 15:04:08 UTC 2020 /home/travis/build/icyphy/ptII/ptolemy/actor/lib/test/auto/PoissonClock3.xml
----------------- Instantiating /home/travis/build/icyphy/ptII/ptolemy/actor/lib/test/auto/PoissonClock3.xml
2 ms. Memory: 515072K Free: 313342K (61%)
----------------- Invoking toplevel() on ptolemy.moml.MoMLSimpleApplication@526052bf
----------------- Done invoking toplevel() on ptolemy.moml.MoMLSimpleApplication@526052bf
reloadAllAccessors: .PoissonClock3

===========================================================================================
----------------- testing Sat Jul 04 15:04:08 UTC 2020 /home/travis/build/icyphy/ptII/ptolemy/actor/lib/test/auto/PubSubWithInitialTokens.xml
----------------- Instantiating /home/travis/build/icyphy/ptII/ptolemy/actor/lib/test/auto/PubSubWithInitialTokens.xml
2 ms. Memory: 515072K Free: 307712K (60%)
----------------- Invoking toplevel() on ptolemy.moml.MoMLSimpleApplication@71c60af5
----------------- Done invoking toplevel() on ptolemy.moml.MoMLSimpleApplication@71c60af5
reloadAllAccessors: .PubSubWithInitialTokens

===========================================================================================
----------------- testing Sat Jul 04 15:04:09 UTC 2020 /home/travis/build/icyphy/ptII/ptolemy/actor/lib/test/auto/PubSubWithInitialTokens2.xml
----------------- Instantiating /home/travis/build/icyphy/ptII/ptolemy/actor/lib/test/auto/PubSubWithInitialTokens2.xml
2 ms. Memory: 515072K Free: 301568K (59%)
----------------- Invoking toplevel() on ptolemy.moml.MoMLSimpleApplication@1f5faa3a
----------------- Done invoking toplevel() on ptolemy.moml.MoMLSimpleApplication@1f5faa3a
reloadAllAccessors: .PubSubWithInitialTokens2

===========================================================================================
----------------- testing Sat Jul 04 15:04:09 UTC 2020 /home/travis/build/icyphy/ptII/ptolemy/actor/lib/test/auto/PublisherClassNoParameter.xml
----------------- Instantiating /home/travis/build/icyphy/ptII/ptolemy/actor/lib/test/auto/PublisherClassNoParameter.xml
2 ms. Memory: 515072K Free: 291838K (57%)
----------------- Invoking toplevel() on ptolemy.moml.MoMLSimpleApplication@5e1d5094
----------------- Done invoking toplevel() on ptolemy.moml.MoMLSimpleApplication@5e1d5094
reloadAllAccessors: .PublisherClassNoParameter

===========================================================================================
----------------- testing Sat Jul 04 15:04:09 UTC 2020 /home/travis/build/icyphy/ptII/ptolemy/actor/lib/test/auto/PublisherClassParameter.xml
----------------- Instantiating /home/travis/build/icyphy/ptII/ptolemy/actor/lib/test/auto/PublisherClassParameter.xml
2 ms. Memory: 515072K Free: 281583K (55%)
----------------- Invoking toplevel() on ptolemy.moml.MoMLSimpleApplication@6ae4fb1c
----------------- Done invoking toplevel() on ptolemy.moml.MoMLSimpleApplication@6ae4fb1c
reloadAllAccessors: .PublisherClassParameter

===========================================================================================
----------------- testing Sat Jul 04 15:04:09 UTC 2020 /home/travis/build/icyphy/ptII/ptolemy/actor/lib/test/auto/PublisherNonStrictTest.xml
----------------- Instantiating /home/travis/build/icyphy/ptII/ptolemy/actor/lib/test/auto/PublisherNonStrictTest.xml
2 ms. Memory: 515072K Free: 273920K (53%)
----------------- Invoking toplevel() on ptolemy.moml.MoMLSimpleApplication@eea7d03
----------------- Done invoking toplevel() on ptolemy.moml.MoMLSimpleApplication@eea7d03
reloadAllAccessors: .PublisherNonStrictTest

===========================================================================================
----------------- testing Sat Jul 04 15:04:09 UTC 2020 /home/travis/build/icyphy/ptII/ptolemy/actor/lib/test/auto/PublisherPort1.xml
----------------- Instantiating /home/travis/build/icyphy/ptII/ptolemy/actor/lib/test/auto/PublisherPort1.xml
12 ms. Memory: 515072K Free: 267776K (52%)
----------------- Invoking toplevel() on ptolemy.moml.MoMLSimpleApplication@5877bf58
----------------- Done invoking toplevel() on ptolemy.moml.MoMLSimpleApplication@5877bf58
reloadAllAccessors: .PublisherPort1

===========================================================================================
----------------- testing Sat Jul 04 15:04:09 UTC 2020 /home/travis/build/icyphy/ptII/ptolemy/actor/lib/test/auto/PublisherPort2.xml
----------------- Instantiating /home/travis/build/icyphy/ptII/ptolemy/actor/lib/test/auto/PublisherPort2.xml
2 ms. Memory: 515072K Free: 262656K (51%)
----------------- Invoking toplevel() on ptolemy.moml.MoMLSimpleApplication@49dfae3b
----------------- Done invoking toplevel() on ptolemy.moml.MoMLSimpleApplication@49dfae3b
reloadAllAccessors: .PublisherPort2

===========================================================================================
----------------- testing Sat Jul 04 15:04:09 UTC 2020 /home/travis/build/icyphy/ptII/ptolemy/actor/lib/test/auto/PublisherPort3.xml
----------------- Instantiating /home/travis/build/icyphy/ptII/ptolemy/actor/lib/test/auto/PublisherPort3.xml
3 ms. Memory: 515072K Free: 255967K (50%)
----------------- Invoking toplevel() on ptolemy.moml.MoMLSimpleApplication@43f83e06
----------------- Done invoking toplevel() on ptolemy.moml.MoMLSimpleApplication@43f83e06
reloadAllAccessors: .PublisherPort3

===========================================================================================
----------------- testing Sat Jul 04 15:04:09 UTC 2020 /home/travis/build/icyphy/ptII/ptolemy/actor/lib/test/auto/PublisherPort4.xml
----------------- Instantiating /home/travis/build/icyphy/ptII/ptolemy/actor/lib/test/auto/PublisherPort4.xml
2 ms. Memory: 515072K Free: 250368K (49%)
----------------- Invoking toplevel() on ptolemy.moml.MoMLSimpleApplication@737e7ab5
----------------- Done invoking toplevel() on ptolemy.moml.MoMLSimpleApplication@737e7ab5
reloadAllAccessors: .PublisherPort4

===========================================================================================
----------------- testing Sat Jul 04 15:04:09 UTC 2020 /home/travis/build/icyphy/ptII/ptolemy/actor/lib/test/auto/PublisherPort5.xml
----------------- Instantiating /home/travis/build/icyphy/ptII/ptolemy/actor/lib/test/auto/PublisherPort5.xml
3 ms. Memory: 515072K Free: 242686K (47%)
----------------- Invoking toplevel() on ptolemy.moml.MoMLSimpleApplication@4f41bfc2
----------------- Done invoking toplevel() on ptolemy.moml.MoMLSimpleApplication@4f41bfc2
reloadAllAccessors: .PublisherPort5

===========================================================================================
----------------- testing Sat Jul 04 15:04:09 UTC 2020 /home/travis/build/icyphy/ptII/ptolemy/actor/lib/test/auto/PublisherPort5LookAlike.xml
----------------- Instantiating /home/travis/build/icyphy/ptII/ptolemy/actor/lib/test/auto/PublisherPort5LookAlike.xml
7 ms. Memory: 515072K Free: 235008K (46%)
----------------- Invoking toplevel() on ptolemy.moml.MoMLSimpleApplication@56df05a8
----------------- Done invoking toplevel() on ptolemy.moml.MoMLSimpleApplication@56df05a8
reloadAllAccessors: .PublisherPort5LookAlike

===========================================================================================
----------------- testing Sat Jul 04 15:04:09 UTC 2020 /home/travis/build/icyphy/ptII/ptolemy/actor/lib/test/auto/PublisherPort6.xml
----------------- Instantiating /home/travis/build/icyphy/ptII/ptolemy/actor/lib/test/auto/PublisherPort6.xml
2 ms. Memory: 515072K Free: 228335K (44%)
----------------- Invoking toplevel() on ptolemy.moml.MoMLSimpleApplication@7f13ff5d
----------------- Done invoking toplevel() on ptolemy.moml.MoMLSimpleApplication@7f13ff5d
reloadAllAccessors: .PublisherPort6

===========================================================================================
----------------- testing Sat Jul 04 15:04:09 UTC 2020 /home/travis/build/icyphy/ptII/ptolemy/actor/lib/test/auto/PublisherPort7.xml
----------------- Instantiating /home/travis/build/icyphy/ptII/ptolemy/actor/lib/test/auto/PublisherPort7.xml
3 ms. Memory: 515072K Free: 220672K (43%)
----------------- Invoking toplevel() on ptolemy.moml.MoMLSimpleApplication@6858116e
----------------- Done invoking toplevel() on ptolemy.moml.MoMLSimpleApplication@6858116e
reloadAllAccessors: .PublisherPort7

===========================================================================================
----------------- testing Sat Jul 04 15:04:09 UTC 2020 /home/travis/build/icyphy/ptII/ptolemy/actor/lib/test/auto/PublisherPort8.xml
----------------- Instantiating /home/travis/build/icyphy/ptII/ptolemy/actor/lib/test/auto/PublisherPort8.xml
5 ms. Memory: 515072K Free: 211966K (41%)
----------------- Invoking toplevel() on ptolemy.moml.MoMLSimpleApplication@41b0f5e4
----------------- Done invoking toplevel() on ptolemy.moml.MoMLSimpleApplication@41b0f5e4
reloadAllAccessors: .PublisherPort8

===========================================================================================
----------------- testing Sat Jul 04 15:04:09 UTC 2020 /home/travis/build/icyphy/ptII/ptolemy/actor/lib/test/auto/PublisherPortSubscriberChannelVariablesAOC2.xml
----------------- Instantiating /home/travis/build/icyphy/ptII/ptolemy/actor/lib/test/auto/PublisherPortSubscriberChannelVariablesAOC2.xml
3 ms. Memory: 515072K Free: 194048K (38%)
----------------- Invoking toplevel() on ptolemy.moml.MoMLSimpleApplication@2badbcc4
----------------- Done invoking toplevel() on ptolemy.moml.MoMLSimpleApplication@2badbcc4
reloadAllAccessors: .PublisherPortSubscriberChannelVariablesAOC2

===========================================================================================
----------------- testing Sat Jul 04 15:04:09 UTC 2020 /home/travis/build/icyphy/ptII/ptolemy/actor/lib/test/auto/PublisherPortSubscriberOpaqueWidthInference.xml
----------------- Instantiating /home/travis/build/icyphy/ptII/ptolemy/actor/lib/test/auto/PublisherPortSubscriberOpaqueWidthInference.xml
4 ms. Memory: 515072K Free: 186351K (36%)
----------------- Invoking toplevel() on ptolemy.moml.MoMLSimpleApplication@3ec75398
----------------- Done invoking toplevel() on ptolemy.moml.MoMLSimpleApplication@3ec75398
reloadAllAccessors: .PublisherPortSubscriberOpaqueWidthInference

===========================================================================================
----------------- testing Sat Jul 04 15:04:09 UTC 2020 /home/travis/build/icyphy/ptII/ptolemy/actor/lib/test/auto/PublisherPortSubscriberPortAdjacent.xml
----------------- Instantiating /home/travis/build/icyphy/ptII/ptolemy/actor/lib/test/auto/PublisherPortSubscriberPortAdjacent.xml
2 ms. Memory: 515072K Free: 178174K (35%)
----------------- Invoking toplevel() on ptolemy.moml.MoMLSimpleApplication@3e208099
----------------- Done invoking toplevel() on ptolemy.moml.MoMLSimpleApplication@3e208099
reloadAllAccessors: .PublisherPortSubscriberPortAdjacent

===========================================================================================
----------------- testing Sat Jul 04 15:04:09 UTC 2020 /home/travis/build/icyphy/ptII/ptolemy/actor/lib/test/auto/PublisherPortSubscriberPortExpression.xml
----------------- Instantiating /home/travis/build/icyphy/ptII/ptolemy/actor/lib/test/auto/PublisherPortSubscriberPortExpression.xml
4 ms. Memory: 515072K Free: 170496K (33%)
----------------- Invoking toplevel() on ptolemy.moml.MoMLSimpleApplication@55032e61
----------------- Done invoking toplevel() on ptolemy.moml.MoMLSimpleApplication@55032e61
reloadAllAccessors: .PublisherPortSubscriberPortExpression

===========================================================================================
----------------- testing Sat Jul 04 15:04:09 UTC 2020 /home/travis/build/icyphy/ptII/ptolemy/actor/lib/test/auto/PublisherPortSubscriberPortOpaqueD3Reverse.xml
----------------- Instantiating /home/travis/build/icyphy/ptII/ptolemy/actor/lib/test/auto/PublisherPortSubscriberPortOpaqueD3Reverse.xml
32 ms. Memory: 515072K Free: 460707K (89%)
----------------- Invoking toplevel() on ptolemy.moml.MoMLSimpleApplication@6b7ad91b
----------------- Done invoking toplevel() on ptolemy.moml.MoMLSimpleApplication@6b7ad91b
reloadAllAccessors: .PublisherPortSubscriberPortOpaqueD3Reverse

===========================================================================================
----------------- testing Sat Jul 04 15:04:09 UTC 2020 /home/travis/build/icyphy/ptII/ptolemy/actor/lib/test/auto/PublisherPortSubscriberPortOpaqueWidthInference.xml
----------------- Instantiating /home/travis/build/icyphy/ptII/ptolemy/actor/lib/test/auto/PublisherPortSubscriberPortOpaqueWidthInference.xml
4 ms. Memory: 515072K Free: 452591K (88%)
----------------- Invoking toplevel() on ptolemy.moml.MoMLSimpleApplication@30130057
----------------- Done invoking toplevel() on ptolemy.moml.MoMLSimpleApplication@30130057
reloadAllAccessors: .PublisherPortSubscriberPortOpaqueWidthInference

===========================================================================================
----------------- testing Sat Jul 04 15:04:09 UTC 2020 /home/travis/build/icyphy/ptII/ptolemy/actor/lib/test/auto/PublisherPortToplevelSubscriberPortAOC.xml
----------------- Instantiating /home/travis/build/icyphy/ptII/ptolemy/actor/lib/test/auto/PublisherPortToplevelSubscriberPortAOC.xml
.PublisherPortToplevelSubscriberPortAOC.TestExceptionAttribute: initialize() was not invoked, but wrapup() was.  This is unusual, but not always a problem.  For example, exporting JNLP will do this.
1 ms. Memory: 515072K Free: 446462K (87%)
----------------- Invoking toplevel() on ptolemy.moml.MoMLSimpleApplication@5dd88f
----------------- Done invoking toplevel() on ptolemy.moml.MoMLSimpleApplication@5dd88f
reloadAllAccessors: .PublisherPortToplevelSubscriberPortAOC

===========================================================================================
----------------- testing Sat Jul 04 15:04:09 UTC 2020 /home/travis/build/icyphy/ptII/ptolemy/actor/lib/test/auto/PublisherSubscriber.xml
----------------- Instantiating /home/travis/build/icyphy/ptII/ptolemy/actor/lib/test/auto/PublisherSubscriber.xml
4 ms. Memory: 515072K Free: 439263K (85%)
----------------- Invoking toplevel() on ptolemy.moml.MoMLSimpleApplication@7b62182d
----------------- Done invoking toplevel() on ptolemy.moml.MoMLSimpleApplication@7b62182d
reloadAllAccessors: .PublisherSubscriber

===========================================================================================
----------------- testing Sat Jul 04 15:04:09 UTC 2020 /home/travis/build/icyphy/ptII/ptolemy/actor/lib/test/auto/PublisherSubscriber10.xml
----------------- Instantiating /home/travis/build/icyphy/ptII/ptolemy/actor/lib/test/auto/PublisherSubscriber10.xml
6 ms. Memory: 515072K Free: 429568K (83%)
----------------- Invoking toplevel() on ptolemy.moml.MoMLSimpleApplication@72b47732
----------------- Done invoking toplevel() on ptolemy.moml.MoMLSimpleApplication@72b47732
reloadAllAccessors: .PublisherSubscriber10

===========================================================================================
----------------- testing Sat Jul 04 15:04:09 UTC 2020 /home/travis/build/icyphy/ptII/ptolemy/actor/lib/test/auto/PublisherSubscriber10InitialOutputs.xml
----------------- Instantiating /home/travis/build/icyphy/ptII/ptolemy/actor/lib/test/auto/PublisherSubscriber10InitialOutputs.xml
14 ms. Memory: 515072K Free: 420352K (82%)
----------------- Invoking toplevel() on ptolemy.moml.MoMLSimpleApplication@437c9d18
----------------- Done invoking toplevel() on ptolemy.moml.MoMLSimpleApplication@437c9d18
reloadAllAccessors: .PublisherSubscriber10InitialOutputs

===========================================================================================
----------------- testing Sat Jul 04 15:04:09 UTC 2020 /home/travis/build/icyphy/ptII/ptolemy/actor/lib/test/auto/PublisherSubscriber11.xml
----------------- Instantiating /home/travis/build/icyphy/ptII/ptolemy/actor/lib/test/auto/PublisherSubscriber11.xml
5 ms. Memory: 515072K Free: 414206K (80%)
----------------- Invoking toplevel() on ptolemy.moml.MoMLSimpleApplication@d66b30f
----------------- Done invoking toplevel() on ptolemy.moml.MoMLSimpleApplication@d66b30f
reloadAllAccessors: .PublisherSubscriber11

===========================================================================================
----------------- testing Sat Jul 04 15:04:09 UTC 2020 /home/travis/build/icyphy/ptII/ptolemy/actor/lib/test/auto/PublisherSubscriber12.xml
----------------- Instantiating /home/travis/build/icyphy/ptII/ptolemy/actor/lib/test/auto/PublisherSubscriber12.xml
6 ms. Memory: 515072K Free: 407040K (79%)
----------------- Invoking toplevel() on ptolemy.moml.MoMLSimpleApplication@7eb747de
----------------- Done invoking toplevel() on ptolemy.moml.MoMLSimpleApplication@7eb747de
reloadAllAccessors: .PublisherSubscriber12

===========================================================================================
----------------- testing Sat Jul 04 15:04:09 UTC 2020 /home/travis/build/icyphy/ptII/ptolemy/actor/lib/test/auto/PublisherSubscriber13.xml
----------------- Instantiating /home/travis/build/icyphy/ptII/ptolemy/actor/lib/test/auto/PublisherSubscriber13.xml
2 ms. Memory: 515072K Free: 400896K (78%)
----------------- Invoking toplevel() on ptolemy.moml.MoMLSimpleApplication@10a74655
----------------- Done invoking toplevel() on ptolemy.moml.MoMLSimpleApplication@10a74655
reloadAllAccessors: .PublisherSubscriber13

===========================================================================================
----------------- testing Sat Jul 04 15:04:09 UTC 2020 /home/travis/build/icyphy/ptII/ptolemy/actor/lib/test/auto/PublisherSubscriber14.xml
----------------- Instantiating /home/travis/build/icyphy/ptII/ptolemy/actor/lib/test/auto/PublisherSubscriber14.xml
2 ms. Memory: 515072K Free: 392175K (76%)
----------------- Invoking toplevel() on ptolemy.moml.MoMLSimpleApplication@6f27f3a4
----------------- Done invoking toplevel() on ptolemy.moml.MoMLSimpleApplication@6f27f3a4
reloadAllAccessors: .PublisherSubscriber14

===========================================================================================
----------------- testing Sat Jul 04 15:04:09 UTC 2020 /home/travis/build/icyphy/ptII/ptolemy/actor/lib/test/auto/PublisherSubscriber2.xml
----------------- Instantiating /home/travis/build/icyphy/ptII/ptolemy/actor/lib/test/auto/PublisherSubscriber2.xml
4 ms. Memory: 515072K Free: 386560K (75%)
----------------- Invoking toplevel() on ptolemy.moml.MoMLSimpleApplication@130a5d2b
----------------- Done invoking toplevel() on ptolemy.moml.MoMLSimpleApplication@130a5d2b
reloadAllAccessors: .PublisherSubscriber2

===========================================================================================
----------------- testing Sat Jul 04 15:04:09 UTC 2020 /home/travis/build/icyphy/ptII/ptolemy/actor/lib/test/auto/PublisherSubscriber3.xml
----------------- Instantiating /home/travis/build/icyphy/ptII/ptolemy/actor/lib/test/auto/PublisherSubscriber3.xml
2 ms. Memory: 515072K Free: 380911K (74%)
----------------- Invoking toplevel() on ptolemy.moml.MoMLSimpleApplication@6089d8d1
----------------- Done invoking toplevel() on ptolemy.moml.MoMLSimpleApplication@6089d8d1
reloadAllAccessors: .PublisherSubscriber3

===========================================================================================
----------------- testing Sat Jul 04 15:04:09 UTC 2020 /home/travis/build/icyphy/ptII/ptolemy/actor/lib/test/auto/PublisherSubscriber4.xml
----------------- Instantiating /home/travis/build/icyphy/ptII/ptolemy/actor/lib/test/auto/PublisherSubscriber4.xml
2 ms. Memory: 515072K Free: 375806K (73%)
----------------- Invoking toplevel() on ptolemy.moml.MoMLSimpleApplication@2d78567d
----------------- Done invoking toplevel() on ptolemy.moml.MoMLSimpleApplication@2d78567d
reloadAllAccessors: .PublisherSubscriber4

===========================================================================================
----------------- testing Sat Jul 04 15:04:09 UTC 2020 /home/travis/build/icyphy/ptII/ptolemy/actor/lib/test/auto/PublisherSubscriber5.xml
----------------- Instantiating /home/travis/build/icyphy/ptII/ptolemy/actor/lib/test/auto/PublisherSubscriber5.xml
2 ms. Memory: 515072K Free: 369152K (72%)
----------------- Invoking toplevel() on ptolemy.moml.MoMLSimpleApplication@4eee77b5
----------------- Done invoking toplevel() on ptolemy.moml.MoMLSimpleApplication@4eee77b5
reloadAllAccessors: .PublisherSubscriber5

===========================================================================================
----------------- testing Sat Jul 04 15:04:09 UTC 2020 /home/travis/build/icyphy/ptII/ptolemy/actor/lib/test/auto/PublisherSubscriber6.xml
----------------- Instantiating /home/travis/build/icyphy/ptII/ptolemy/actor/lib/test/auto/PublisherSubscriber6.xml
4 ms. Memory: 515072K Free: 361984K (70%)
----------------- Invoking toplevel() on ptolemy.moml.MoMLSimpleApplication@6494e71b
----------------- Done invoking toplevel() on ptolemy.moml.MoMLSimpleApplication@6494e71b
reloadAllAccessors: .PublisherSubscriber6

===========================================================================================
----------------- testing Sat Jul 04 15:04:09 UTC 2020 /home/travis/build/icyphy/ptII/ptolemy/actor/lib/test/auto/PublisherSubscriber7.xml
----------------- Instantiating /home/travis/build/icyphy/ptII/ptolemy/actor/lib/test/auto/PublisherSubscriber7.xml
8 ms. Memory: 515072K Free: 355326K (69%)
----------------- Invoking toplevel() on ptolemy.moml.MoMLSimpleApplication@15030133
----------------- Done invoking toplevel() on ptolemy.moml.MoMLSimpleApplication@15030133
reloadAllAccessors: .PublisherSubscriber7

===========================================================================================
----------------- testing Sat Jul 04 15:04:09 UTC 2020 /home/travis/build/icyphy/ptII/ptolemy/actor/lib/test/auto/PublisherSubscriber8.xml
----------------- Instantiating /home/travis/build/icyphy/ptII/ptolemy/actor/lib/test/auto/PublisherSubscriber8.xml
15 ms. Memory: 515072K Free: 343552K (67%)
----------------- Invoking toplevel() on ptolemy.moml.MoMLSimpleApplication@1cd30574
----------------- Done invoking toplevel() on ptolemy.moml.MoMLSimpleApplication@1cd30574
reloadAllAccessors: .PublisherSubscriber8

===========================================================================================
----------------- testing Sat Jul 04 15:04:09 UTC 2020 /home/travis/build/icyphy/ptII/ptolemy/actor/lib/test/auto/PublisherSubscriber9.xml
----------------- Instantiating /home/travis/build/icyphy/ptII/ptolemy/actor/lib/test/auto/PublisherSubscriber9.xml
4 ms. Memory: 515072K Free: 336384K (65%)
----------------- Invoking toplevel() on ptolemy.moml.MoMLSimpleApplication@cf93da7
----------------- Done invoking toplevel() on ptolemy.moml.MoMLSimpleApplication@cf93da7
reloadAllAccessors: .PublisherSubscriber9

===========================================================================================
----------------- testing Sat Jul 04 15:04:09 UTC 2020 /home/travis/build/icyphy/ptII/ptolemy/actor/lib/test/auto/PublisherSubscriberAdjacent.xml
----------------- Instantiating /home/travis/build/icyphy/ptII/ptolemy/actor/lib/test/auto/PublisherSubscriberAdjacent.xml
2 ms. Memory: 515072K Free: 328192K (64%)
----------------- Invoking toplevel() on ptolemy.moml.MoMLSimpleApplication@78d3a8d1
----------------- Done invoking toplevel() on ptolemy.moml.MoMLSimpleApplication@78d3a8d1
reloadAllAccessors: .PublisherSubscriberAdjacent

===========================================================================================
----------------- testing Sat Jul 04 15:04:09 UTC 2020 /home/travis/build/icyphy/ptII/ptolemy/actor/lib/test/auto/PublisherSubscriberChannelVariablesAOC2.xml
----------------- Instantiating /home/travis/build/icyphy/ptII/ptolemy/actor/lib/test/auto/PublisherSubscriberChannelVariablesAOC2.xml
2 ms. Memory: 515072K Free: 313327K (61%)
----------------- Invoking toplevel() on ptolemy.moml.MoMLSimpleApplication@1d144f5e
----------------- Done invoking toplevel() on ptolemy.moml.MoMLSimpleApplication@1d144f5e
reloadAllAccessors: .PublisherSubscriberChannelVariablesAOC2

===========================================================================================
----------------- testing Sat Jul 04 15:04:09 UTC 2020 /home/travis/build/icyphy/ptII/ptolemy/actor/lib/test/auto/PublisherSubscriberD3.xml
----------------- Instantiating /home/travis/build/icyphy/ptII/ptolemy/actor/lib/test/auto/PublisherSubscriberD3.xml
1 ms. Memory: 515072K Free: 306174K (59%)
----------------- Invoking toplevel() on ptolemy.moml.MoMLSimpleApplication@8853c47
----------------- Done invoking toplevel() on ptolemy.moml.MoMLSimpleApplication@8853c47
reloadAllAccessors: .PublisherSubscriberD3

===========================================================================================
----------------- testing Sat Jul 04 15:04:09 UTC 2020 /home/travis/build/icyphy/ptII/ptolemy/actor/lib/test/auto/PublisherSubscriberD3Reverse.xml
----------------- Instantiating /home/travis/build/icyphy/ptII/ptolemy/actor/lib/test/auto/PublisherSubscriberD3Reverse.xml
2 ms. Memory: 515072K Free: 300030K (58%)
----------------- Invoking toplevel() on ptolemy.moml.MoMLSimpleApplication@4a9a6c95
----------------- Done invoking toplevel() on ptolemy.moml.MoMLSimpleApplication@4a9a6c95
reloadAllAccessors: .PublisherSubscriberD3Reverse

===========================================================================================
----------------- testing Sat Jul 04 15:04:09 UTC 2020 /home/travis/build/icyphy/ptII/ptolemy/actor/lib/test/auto/PublisherSubscriberExpression.xml
----------------- Instantiating /home/travis/build/icyphy/ptII/ptolemy/actor/lib/test/auto/PublisherSubscriberExpression.xml
3 ms. Memory: 515072K Free: 291328K (57%)
----------------- Invoking toplevel() on ptolemy.moml.MoMLSimpleApplication@5ffc2522
----------------- Done invoking toplevel() on ptolemy.moml.MoMLSimpleApplication@5ffc2522
reloadAllAccessors: .PublisherSubscriberExpression

===========================================================================================
----------------- testing Sat Jul 04 15:04:09 UTC 2020 /home/travis/build/icyphy/ptII/ptolemy/actor/lib/test/auto/PublisherSubscriberOpaque.xml
----------------- Instantiating /home/travis/build/icyphy/ptII/ptolemy/actor/lib/test/auto/PublisherSubscriberOpaque.xml
3 ms. Memory: 515072K Free: 283136K (55%)
----------------- Invoking toplevel() on ptolemy.moml.MoMLSimpleApplication@b2772eb
----------------- Done invoking toplevel() on ptolemy.moml.MoMLSimpleApplication@b2772eb
reloadAllAccessors: .PublisherSubscriberOpaque

===========================================================================================
----------------- testing Sat Jul 04 15:04:09 UTC 2020 /home/travis/build/icyphy/ptII/ptolemy/actor/lib/test/auto/PublisherSubscriberOpaqueD3.xml
----------------- Instantiating /home/travis/build/icyphy/ptII/ptolemy/actor/lib/test/auto/PublisherSubscriberOpaqueD3.xml
5 ms. Memory: 515072K Free: 271358K (53%)
----------------- Invoking toplevel() on ptolemy.moml.MoMLSimpleApplication@7222b5e1
----------------- Done invoking toplevel() on ptolemy.moml.MoMLSimpleApplication@7222b5e1
reloadAllAccessors: .PublisherSubscriberOpaqueD3

===========================================================================================
----------------- testing Sat Jul 04 15:04:09 UTC 2020 /home/travis/build/icyphy/ptII/ptolemy/actor/lib/test/auto/PublisherSubscriberOpaqueD3Reverse.xml
----------------- Instantiating /home/travis/build/icyphy/ptII/ptolemy/actor/lib/test/auto/PublisherSubscriberOpaqueD3Reverse.xml
7 ms. Memory: 515072K Free: 260608K (51%)
----------------- Invoking toplevel() on ptolemy.moml.MoMLSimpleApplication@47a6803d
----------------- Done invoking toplevel() on ptolemy.moml.MoMLSimpleApplication@47a6803d
reloadAllAccessors: .PublisherSubscriberOpaqueD3Reverse

===========================================================================================
----------------- testing Sat Jul 04 15:04:09 UTC 2020 /home/travis/build/icyphy/ptII/ptolemy/actor/lib/test/auto/PublisherSubscriberOpaqueWidthInference.xml
----------------- Instantiating /home/travis/build/icyphy/ptII/ptolemy/actor/lib/test/auto/PublisherSubscriberOpaqueWidthInference.xml
4 ms. Memory: 515072K Free: 252416K (49%)
----------------- Invoking toplevel() on ptolemy.moml.MoMLSimpleApplication@6b99025e
----------------- Done invoking toplevel() on ptolemy.moml.MoMLSimpleApplication@6b99025e
reloadAllAccessors: .PublisherSubscriberOpaqueWidthInference

===========================================================================================
----------------- testing Sat Jul 04 15:04:09 UTC 2020 /home/travis/build/icyphy/ptII/ptolemy/actor/lib/test/auto/PublisherTestSubscriber.xml
----------------- Instantiating /home/travis/build/icyphy/ptII/ptolemy/actor/lib/test/auto/PublisherTestSubscriber.xml
2 ms. Memory: 515072K Free: 244727K (48%)
----------------- Invoking toplevel() on ptolemy.moml.MoMLSimpleApplication@3791fdb2
----------------- Done invoking toplevel() on ptolemy.moml.MoMLSimpleApplication@3791fdb2
reloadAllAccessors: .PublisherTestSubscriber

===========================================================================================
----------------- testing Sat Jul 04 15:04:09 UTC 2020 /home/travis/build/icyphy/ptII/ptolemy/actor/lib/test/auto/PublisherToplevelSubscriberPortAOC.xml
----------------- Instantiating /home/travis/build/icyphy/ptII/ptolemy/actor/lib/test/auto/PublisherToplevelSubscriberPortAOC.xml
2 ms. Memory: 515072K Free: 238575K (46%)
----------------- Invoking toplevel() on ptolemy.moml.MoMLSimpleApplication@2e30c643
----------------- Done invoking toplevel() on ptolemy.moml.MoMLSimpleApplication@2e30c643
reloadAllAccessors: .PublisherToplevelSubscriberPortAOC

===========================================================================================
----------------- testing Sat Jul 04 15:04:09 UTC 2020 /home/travis/build/icyphy/ptII/ptolemy/actor/lib/test/auto/PulseFiringLimitDE.xml
----------------- Instantiating /home/travis/build/icyphy/ptII/ptolemy/actor/lib/test/auto/PulseFiringLimitDE.xml
2 ms. Memory: 515072K Free: 231936K (45%)
----------------- Invoking toplevel() on ptolemy.moml.MoMLSimpleApplication@391bfd37
----------------- Done invoking toplevel() on ptolemy.moml.MoMLSimpleApplication@391bfd37
reloadAllAccessors: .PulseFiringLimitDE

===========================================================================================
----------------- testing Sat Jul 04 15:04:10 UTC 2020 /home/travis/build/icyphy/ptII/ptolemy/actor/lib/test/auto/Ramp1.xml
----------------- Instantiating /home/travis/build/icyphy/ptII/ptolemy/actor/lib/test/auto/Ramp1.xml
1 ms. Memory: 515072K Free: 227840K (44%)
----------------- Invoking toplevel() on ptolemy.moml.MoMLSimpleApplication@47362b73
----------------- Done invoking toplevel() on ptolemy.moml.MoMLSimpleApplication@47362b73
reloadAllAccessors: .Ramp1

===========================================================================================
----------------- testing Sat Jul 04 15:04:10 UTC 2020 /home/travis/build/icyphy/ptII/ptolemy/actor/lib/test/auto/RampFiringLimitDE.xml
----------------- Instantiating /home/travis/build/icyphy/ptII/ptolemy/actor/lib/test/auto/RampFiringLimitDE.xml
2 ms. Memory: 515072K Free: 221696K (43%)
----------------- Invoking toplevel() on ptolemy.moml.MoMLSimpleApplication@7e0dd3fc
----------------- Done invoking toplevel() on ptolemy.moml.MoMLSimpleApplication@7e0dd3fc
reloadAllAccessors: .RampFiringLimitDE

===========================================================================================
----------------- testing Sat Jul 04 15:04:10 UTC 2020 /home/travis/build/icyphy/ptII/ptolemy/actor/lib/test/auto/RampFiringLimitSDF.xml
----------------- Instantiating /home/travis/build/icyphy/ptII/ptolemy/actor/lib/test/auto/RampFiringLimitSDF.xml
2 ms. Memory: 515072K Free: 216576K (42%)
----------------- Invoking toplevel() on ptolemy.moml.MoMLSimpleApplication@469b5dcb
----------------- Done invoking toplevel() on ptolemy.moml.MoMLSimpleApplication@469b5dcb
reloadAllAccessors: .RampFiringLimitSDF

===========================================================================================
----------------- testing Sat Jul 04 15:04:10 UTC 2020 /home/travis/build/icyphy/ptII/ptolemy/actor/lib/test/auto/RandomInteger.xml
----------------- Instantiating /home/travis/build/icyphy/ptII/ptolemy/actor/lib/test/auto/RandomInteger.xml
3 ms. Memory: 515072K Free: 211966K (41%)
----------------- Invoking toplevel() on ptolemy.moml.MoMLSimpleApplication@35df8e3
----------------- Done invoking toplevel() on ptolemy.moml.MoMLSimpleApplication@35df8e3
reloadAllAccessors: .RandomInteger

===========================================================================================
----------------- testing Sat Jul 04 15:04:10 UTC 2020 /home/travis/build/icyphy/ptII/ptolemy/actor/lib/test/auto/ReadFile1.xml
----------------- Instantiating /home/travis/build/icyphy/ptII/ptolemy/actor/lib/test/auto/ReadFile1.xml
1 ms. Memory: 515072K Free: 207360K (40%)
----------------- Invoking toplevel() on ptolemy.moml.MoMLSimpleApplication@54381cc4
----------------- Done invoking toplevel() on ptolemy.moml.MoMLSimpleApplication@54381cc4
reloadAllAccessors: .ReadFile1

===========================================================================================
----------------- testing Sat Jul 04 15:04:10 UTC 2020 /home/travis/build/icyphy/ptII/ptolemy/actor/lib/test/auto/ReadFile2.xml
----------------- Instantiating /home/travis/build/icyphy/ptII/ptolemy/actor/lib/test/auto/ReadFile2.xml
0 ms. Memory: 515072K Free: 203264K (39%)
----------------- Invoking toplevel() on ptolemy.moml.MoMLSimpleApplication@55ec0027
----------------- Done invoking toplevel() on ptolemy.moml.MoMLSimpleApplication@55ec0027
reloadAllAccessors: .ReadFile2

===========================================================================================
----------------- testing Sat Jul 04 15:04:10 UTC 2020 /home/travis/build/icyphy/ptII/ptolemy/actor/lib/test/auto/Reader.xml
----------------- Instantiating /home/travis/build/icyphy/ptII/ptolemy/actor/lib/test/auto/Reader.xml
actor.lib.Reader is obsolete, use actor.lib.io.ExpressionReader instead
3 ms. Memory: 515072K Free: 199168K (39%)
----------------- Invoking toplevel() on ptolemy.moml.MoMLSimpleApplication@70f91f65
----------------- Done invoking toplevel() on ptolemy.moml.MoMLSimpleApplication@70f91f65
reloadAllAccessors: .Reader

===========================================================================================
----------------- testing Sat Jul 04 15:04:10 UTC 2020 /home/travis/build/icyphy/ptII/ptolemy/actor/lib/test/auto/RecordAssemblerDisplayNameTest.xml
----------------- Instantiating /home/travis/build/icyphy/ptII/ptolemy/actor/lib/test/auto/RecordAssemblerDisplayNameTest.xml
3977 ms. Memory: 515072K Free: 180734K (35%)
----------------- Invoking toplevel() on ptolemy.moml.MoMLSimpleApplication@55fec0f6
----------------- Done invoking toplevel() on ptolemy.moml.MoMLSimpleApplication@55fec0f6
reloadAllAccessors: .RecordAssemblerDisplayNameTest

===========================================================================================
----------------- testing Sat Jul 04 15:04:14 UTC 2020 /home/travis/build/icyphy/ptII/ptolemy/actor/lib/test/auto/RecordAssemblerTypeError.xml
----------------- Instantiating /home/travis/build/icyphy/ptII/ptolemy/actor/lib/test/auto/RecordAssemblerTypeError.xml
12 ms. Memory: 515072K Free: 171008K (33%)
----------------- Invoking toplevel() on ptolemy.moml.MoMLSimpleApplication@3e8a949d
----------------- Done invoking toplevel() on ptolemy.moml.MoMLSimpleApplication@3e8a949d
reloadAllAccessors: .RecordAssemblerTypeError

===========================================================================================
----------------- testing Sat Jul 04 15:04:14 UTC 2020 /home/travis/build/icyphy/ptII/ptolemy/actor/lib/test/auto/RecordDisassember.xml
----------------- Instantiating /home/travis/build/icyphy/ptII/ptolemy/actor/lib/test/auto/RecordDisassember.xml
3 ms. Memory: 515072K Free: 165888K (32%)
----------------- Invoking toplevel() on ptolemy.moml.MoMLSimpleApplication@aad9a6d
----------------- Done invoking toplevel() on ptolemy.moml.MoMLSimpleApplication@aad9a6d
reloadAllAccessors: .RecordDisassember

===========================================================================================
----------------- testing Sat Jul 04 15:04:14 UTC 2020 /home/travis/build/icyphy/ptII/ptolemy/actor/lib/test/auto/RecordDisassemberDisplayNameTest.xml
----------------- Instantiating /home/travis/build/icyphy/ptII/ptolemy/actor/lib/test/auto/RecordDisassemberDisplayNameTest.xml
6 ms. Memory: 515072K Free: 458231K (89%)
----------------- Invoking toplevel() on ptolemy.moml.MoMLSimpleApplication@5315d042
----------------- Done invoking toplevel() on ptolemy.moml.MoMLSimpleApplication@5315d042
reloadAllAccessors: .RecordDisassemberDisplayNameTest

===========================================================================================
----------------- testing Sat Jul 04 15:04:14 UTC 2020 /home/travis/build/icyphy/ptII/ptolemy/actor/lib/test/auto/RecordDisassembler.xml
----------------- Instantiating /home/travis/build/icyphy/ptII/ptolemy/actor/lib/test/auto/RecordDisassembler.xml
3 ms. Memory: 515072K Free: 452608K (88%)
----------------- Invoking toplevel() on ptolemy.moml.MoMLSimpleApplication@721c425b
----------------- Done invoking toplevel() on ptolemy.moml.MoMLSimpleApplication@721c425b
reloadAllAccessors: .RecordDisassembler

===========================================================================================
----------------- testing Sat Jul 04 15:04:14 UTC 2020 /home/travis/build/icyphy/ptII/ptolemy/actor/lib/test/auto/RecordDisassembler2.xml
----------------- Instantiating /home/travis/build/icyphy/ptII/ptolemy/actor/lib/test/auto/RecordDisassembler2.xml
3 ms. Memory: 515072K Free: 447488K (87%)
----------------- Invoking toplevel() on ptolemy.moml.MoMLSimpleApplication@1b9d63d6
----------------- Done invoking toplevel() on ptolemy.moml.MoMLSimpleApplication@1b9d63d6
reloadAllAccessors: .RecordDisassembler2

===========================================================================================
----------------- testing Sat Jul 04 15:04:14 UTC 2020 /home/travis/build/icyphy/ptII/ptolemy/actor/lib/test/auto/RecordUpdater.xml
----------------- Instantiating /home/travis/build/icyphy/ptII/ptolemy/actor/lib/test/auto/RecordUpdater.xml
1 ms. Memory: 515072K Free: 442878K (86%)
----------------- Invoking toplevel() on ptolemy.moml.MoMLSimpleApplication@61c497f
----------------- Done invoking toplevel() on ptolemy.moml.MoMLSimpleApplication@61c497f
reloadAllAccessors: .RecordUpdater

===========================================================================================
----------------- testing Sat Jul 04 15:04:14 UTC 2020 /home/travis/build/icyphy/ptII/ptolemy/actor/lib/test/auto/RecordUpdater2.xml
----------------- Instantiating /home/travis/build/icyphy/ptII/ptolemy/actor/lib/test/auto/RecordUpdater2.xml
2 ms. Memory: 515072K Free: 436734K (85%)
----------------- Invoking toplevel() on ptolemy.moml.MoMLSimpleApplication@16868469
----------------- Done invoking toplevel() on ptolemy.moml.MoMLSimpleApplication@16868469
reloadAllAccessors: .RecordUpdater2

===========================================================================================
----------------- testing Sat Jul 04 15:04:14 UTC 2020 /home/travis/build/icyphy/ptII/ptolemy/actor/lib/test/auto/RecursiveLattice.xml
----------------- Instantiating /home/travis/build/icyphy/ptII/ptolemy/actor/lib/test/auto/RecursiveLattice.xml
1 ms. Memory: 515072K Free: 432638K (84%)
----------------- Invoking toplevel() on ptolemy.moml.MoMLSimpleApplication@508a0cfe
----------------- Done invoking toplevel() on ptolemy.moml.MoMLSimpleApplication@508a0cfe
reloadAllAccessors: .RecursiveLattice

===========================================================================================
----------------- testing Sat Jul 04 15:04:14 UTC 2020 /home/travis/build/icyphy/ptII/ptolemy/actor/lib/test/auto/Router.xml
----------------- Instantiating /home/travis/build/icyphy/ptII/ptolemy/actor/lib/test/auto/Router.xml
3004 ms. Memory: 515072K Free: 421888K (82%)
----------------- Invoking toplevel() on ptolemy.moml.MoMLSimpleApplication@35377f17
----------------- Done invoking toplevel() on ptolemy.moml.MoMLSimpleApplication@35377f17
reloadAllAccessors: .Router

===========================================================================================
----------------- testing Sat Jul 04 15:04:17 UTC 2020 /home/travis/build/icyphy/ptII/ptolemy/actor/lib/test/auto/Router2.xml
----------------- Instantiating /home/travis/build/icyphy/ptII/ptolemy/actor/lib/test/auto/Router2.xml
3004 ms. Memory: 515072K Free: 412158K (80%)
----------------- Invoking toplevel() on ptolemy.moml.MoMLSimpleApplication@7e11c20b
----------------- Done invoking toplevel() on ptolemy.moml.MoMLSimpleApplication@7e11c20b
reloadAllAccessors: .Router2

===========================================================================================
----------------- testing Sat Jul 04 15:04:20 UTC 2020 /home/travis/build/icyphy/ptII/ptolemy/actor/lib/test/auto/RunningMaximum.xml
----------------- Instantiating /home/travis/build/icyphy/ptII/ptolemy/actor/lib/test/auto/RunningMaximum.xml
4 ms. Memory: 515072K Free: 407552K (79%)
----------------- Invoking toplevel() on ptolemy.moml.MoMLSimpleApplication@8fed27f
----------------- Done invoking toplevel() on ptolemy.moml.MoMLSimpleApplication@8fed27f
reloadAllAccessors: .RunningMaximum

===========================================================================================
----------------- testing Sat Jul 04 15:04:20 UTC 2020 /home/travis/build/icyphy/ptII/ptolemy/actor/lib/test/auto/RunningMinimum.xml
----------------- Instantiating /home/travis/build/icyphy/ptII/ptolemy/actor/lib/test/auto/RunningMinimum.xml
2 ms. Memory: 515072K Free: 402432K (78%)
----------------- Invoking toplevel() on ptolemy.moml.MoMLSimpleApplication@25228eba
----------------- Done invoking toplevel() on ptolemy.moml.MoMLSimpleApplication@25228eba
reloadAllAccessors: .RunningMinimum

===========================================================================================
----------------- testing Sat Jul 04 15:04:20 UTC 2020 /home/travis/build/icyphy/ptII/ptolemy/actor/lib/test/auto/Scale.xml
----------------- Instantiating /home/travis/build/icyphy/ptII/ptolemy/actor/lib/test/auto/Scale.xml
2 ms. Memory: 515072K Free: 397822K (77%)
----------------- Invoking toplevel() on ptolemy.moml.MoMLSimpleApplication@551497f4
----------------- Done invoking toplevel() on ptolemy.moml.MoMLSimpleApplication@551497f4
reloadAllAccessors: .Scale

===========================================================================================
----------------- testing Sat Jul 04 15:04:20 UTC 2020 /home/travis/build/icyphy/ptII/ptolemy/actor/lib/test/auto/Scale2.xml
----------------- Instantiating /home/travis/build/icyphy/ptII/ptolemy/actor/lib/test/auto/Scale2.xml
1 ms. Memory: 515072K Free: 393216K (76%)
----------------- Invoking toplevel() on ptolemy.moml.MoMLSimpleApplication@7a602cd
----------------- Done invoking toplevel() on ptolemy.moml.MoMLSimpleApplication@7a602cd
reloadAllAccessors: .Scale2

===========================================================================================
----------------- testing Sat Jul 04 15:04:20 UTC 2020 /home/travis/build/icyphy/ptII/ptolemy/actor/lib/test/auto/Scale3.xml
----------------- Instantiating /home/travis/build/icyphy/ptII/ptolemy/actor/lib/test/auto/Scale3.xml
11 ms. Memory: 515072K Free: 387072K (75%)
----------------- Invoking toplevel() on ptolemy.moml.MoMLSimpleApplication@35ffd42e
----------------- Done invoking toplevel() on ptolemy.moml.MoMLSimpleApplication@35ffd42e
reloadAllAccessors: .Scale3

===========================================================================================
----------------- testing Sat Jul 04 15:04:20 UTC 2020 /home/travis/build/icyphy/ptII/ptolemy/actor/lib/test/auto/ScaleArray.xml
----------------- Instantiating /home/travis/build/icyphy/ptII/ptolemy/actor/lib/test/auto/ScaleArray.xml
2 ms. Memory: 515072K Free: 381952K (74%)
----------------- Invoking toplevel() on ptolemy.moml.MoMLSimpleApplication@2aa382b2
----------------- Done invoking toplevel() on ptolemy.moml.MoMLSimpleApplication@2aa382b2
reloadAllAccessors: .ScaleArray

===========================================================================================
----------------- testing Sat Jul 04 15:04:20 UTC 2020 /home/travis/build/icyphy/ptII/ptolemy/actor/lib/test/auto/ScaleArray2.xml
----------------- Instantiating /home/travis/build/icyphy/ptII/ptolemy/actor/lib/test/auto/ScaleArray2.xml
2 ms. Memory: 515072K Free: 376832K (73%)
----------------- Invoking toplevel() on ptolemy.moml.MoMLSimpleApplication@a98d344
----------------- Done invoking toplevel() on ptolemy.moml.MoMLSimpleApplication@a98d344
reloadAllAccessors: .ScaleArray2

===========================================================================================
----------------- testing Sat Jul 04 15:04:20 UTC 2020 /home/travis/build/icyphy/ptII/ptolemy/actor/lib/test/auto/ScaleMatrix.xml
----------------- Instantiating /home/travis/build/icyphy/ptII/ptolemy/actor/lib/test/auto/ScaleMatrix.xml
116 ms. Memory: 515072K Free: 362496K (70%)
----------------- Invoking toplevel() on ptolemy.moml.MoMLSimpleApplication@62d65420
----------------- Done invoking toplevel() on ptolemy.moml.MoMLSimpleApplication@62d65420
reloadAllAccessors: .ScaleMatrix

===========================================================================================
----------------- testing Sat Jul 04 15:04:20 UTC 2020 /home/travis/build/icyphy/ptII/ptolemy/actor/lib/test/auto/Select.xml
----------------- Instantiating /home/travis/build/icyphy/ptII/ptolemy/actor/lib/test/auto/Select.xml
2 ms. Memory: 515072K Free: 356352K (69%)
----------------- Invoking toplevel() on ptolemy.moml.MoMLSimpleApplication@2f44fb22
----------------- Done invoking toplevel() on ptolemy.moml.MoMLSimpleApplication@2f44fb22
reloadAllAccessors: .Select

===========================================================================================
----------------- testing Sat Jul 04 15:04:20 UTC 2020 /home/travis/build/icyphy/ptII/ptolemy/actor/lib/test/auto/Select2.xml
----------------- Instantiating /home/travis/build/icyphy/ptII/ptolemy/actor/lib/test/auto/Select2.xml
1 ms. Memory: 515072K Free: 351742K (68%)
----------------- Invoking toplevel() on ptolemy.moml.MoMLSimpleApplication@4bc9115d
----------------- Done invoking toplevel() on ptolemy.moml.MoMLSimpleApplication@4bc9115d
reloadAllAccessors: .Select2

===========================================================================================
----------------- testing Sat Jul 04 15:04:20 UTC 2020 /home/travis/build/icyphy/ptII/ptolemy/actor/lib/test/auto/SequenceToArray2.xml
----------------- Instantiating /home/travis/build/icyphy/ptII/ptolemy/actor/lib/test/auto/SequenceToArray2.xml
113 ms. Memory: 515072K Free: 328175K (64%)
----------------- Invoking toplevel() on ptolemy.moml.MoMLSimpleApplication@6cfe05b2
----------------- Done invoking toplevel() on ptolemy.moml.MoMLSimpleApplication@6cfe05b2
reloadAllAccessors: .SequenceToArray2

===========================================================================================
----------------- testing Sat Jul 04 15:04:20 UTC 2020 /home/travis/build/icyphy/ptII/ptolemy/actor/lib/test/auto/SequentialClock.xml
----------------- Instantiating /home/travis/build/icyphy/ptII/ptolemy/actor/lib/test/auto/SequentialClock.xml
1 ms. Memory: 515072K Free: 323584K (63%)
----------------- Invoking toplevel() on ptolemy.moml.MoMLSimpleApplication@58da3960
----------------- Done invoking toplevel() on ptolemy.moml.MoMLSimpleApplication@58da3960
reloadAllAccessors: .SequentialClock

===========================================================================================
----------------- testing Sat Jul 04 15:04:20 UTC 2020 /home/travis/build/icyphy/ptII/ptolemy/actor/lib/test/auto/SetVariable.xml
----------------- Instantiating /home/travis/build/icyphy/ptII/ptolemy/actor/lib/test/auto/SetVariable.xml
2 ms. Memory: 515072K Free: 318974K (62%)
----------------- Invoking toplevel() on ptolemy.moml.MoMLSimpleApplication@792407ea
----------------- Done invoking toplevel() on ptolemy.moml.MoMLSimpleApplication@792407ea
reloadAllAccessors: .SetVariable

===========================================================================================
----------------- testing Sat Jul 04 15:04:20 UTC 2020 /home/travis/build/icyphy/ptII/ptolemy/actor/lib/test/auto/SetVariable2.xml
----------------- Instantiating /home/travis/build/icyphy/ptII/ptolemy/actor/lib/test/auto/SetVariable2.xml
3 ms. Memory: 515072K Free: 313854K (61%)
----------------- Invoking toplevel() on ptolemy.moml.MoMLSimpleApplication@239ebd80
----------------- Done invoking toplevel() on ptolemy.moml.MoMLSimpleApplication@239ebd80
reloadAllAccessors: .SetVariable2

===========================================================================================
----------------- testing Sat Jul 04 15:04:20 UTC 2020 /home/travis/build/icyphy/ptII/ptolemy/actor/lib/test/auto/SetVariable3.xml
----------------- Instantiating /home/travis/build/icyphy/ptII/ptolemy/actor/lib/test/auto/SetVariable3.xml
6 ms. Memory: 515072K Free: 307710K (60%)
----------------- Invoking toplevel() on ptolemy.moml.MoMLSimpleApplication@354039cf
----------------- Done invoking toplevel() on ptolemy.moml.MoMLSimpleApplication@354039cf
reloadAllAccessors: .SetVariable3

===========================================================================================
----------------- testing Sat Jul 04 15:04:20 UTC 2020 /home/travis/build/icyphy/ptII/ptolemy/actor/lib/test/auto/SetVariable4.xml
----------------- Instantiating /home/travis/build/icyphy/ptII/ptolemy/actor/lib/test/auto/SetVariable4.xml
22 ms. Memory: 515072K Free: 297982K (58%)
----------------- Invoking toplevel() on ptolemy.moml.MoMLSimpleApplication@7c2a7d70
----------------- Done invoking toplevel() on ptolemy.moml.MoMLSimpleApplication@7c2a7d70
reloadAllAccessors: .SetVariable4

===========================================================================================
----------------- testing Sat Jul 04 15:04:20 UTC 2020 /home/travis/build/icyphy/ptII/ptolemy/actor/lib/test/auto/SetVariable5.xml
----------------- Instantiating /home/travis/build/icyphy/ptII/ptolemy/actor/lib/test/auto/SetVariable5.xml
17 ms. Memory: 515072K Free: 288768K (56%)
----------------- Invoking toplevel() on ptolemy.moml.MoMLSimpleApplication@5d43bff1
----------------- Done invoking toplevel() on ptolemy.moml.MoMLSimpleApplication@5d43bff1
reloadAllAccessors: .SetVariable5

===========================================================================================
----------------- testing Sat Jul 04 15:04:20 UTC 2020 /home/travis/build/icyphy/ptII/ptolemy/actor/lib/test/auto/Sinewave.xml
----------------- Instantiating /home/travis/build/icyphy/ptII/ptolemy/actor/lib/test/auto/Sinewave.xml
5 ms. Memory: 515072K Free: 278014K (54%)
----------------- Invoking toplevel() on ptolemy.moml.MoMLSimpleApplication@68a04af1
----------------- Done invoking toplevel() on ptolemy.moml.MoMLSimpleApplication@68a04af1
reloadAllAccessors: .Sinewave

===========================================================================================
----------------- testing Sat Jul 04 15:04:20 UTC 2020 /home/travis/build/icyphy/ptII/ptolemy/actor/lib/test/auto/Sinewave2.xml
----------------- Instantiating /home/travis/build/icyphy/ptII/ptolemy/actor/lib/test/auto/Sinewave2.xml
4 ms. Memory: 515072K Free: 269807K (52%)
----------------- Invoking toplevel() on ptolemy.moml.MoMLSimpleApplication@48f3dde9
----------------- Done invoking toplevel() on ptolemy.moml.MoMLSimpleApplication@48f3dde9
reloadAllAccessors: .Sinewave2

===========================================================================================
----------------- testing Sat Jul 04 15:04:20 UTC 2020 /home/travis/build/icyphy/ptII/ptolemy/actor/lib/test/auto/Sinewave3.xml
----------------- Instantiating /home/travis/build/icyphy/ptII/ptolemy/actor/lib/test/auto/Sinewave3.xml
7 ms. Memory: 515072K Free: 261120K (51%)
----------------- Invoking toplevel() on ptolemy.moml.MoMLSimpleApplication@6794f20d
----------------- Done invoking toplevel() on ptolemy.moml.MoMLSimpleApplication@6794f20d
reloadAllAccessors: .Sinewave3

===========================================================================================
----------------- testing Sat Jul 04 15:04:20 UTC 2020 /home/travis/build/icyphy/ptII/ptolemy/actor/lib/test/auto/SingleEvent.xml
----------------- Instantiating /home/travis/build/icyphy/ptII/ptolemy/actor/lib/test/auto/SingleEvent.xml
1 ms. Memory: 515072K Free: 257024K (50%)
----------------- Invoking toplevel() on ptolemy.moml.MoMLSimpleApplication@516a8bb9
----------------- Done invoking toplevel() on ptolemy.moml.MoMLSimpleApplication@516a8bb9
reloadAllAccessors: .SingleEvent

===========================================================================================
----------------- testing Sat Jul 04 15:04:21 UTC 2020 /home/travis/build/icyphy/ptII/ptolemy/actor/lib/test/auto/Sleep.xml
----------------- Instantiating /home/travis/build/icyphy/ptII/ptolemy/actor/lib/test/auto/Sleep.xml
6003 ms. Memory: 515072K Free: 251390K (49%)
----------------- Invoking toplevel() on ptolemy.moml.MoMLSimpleApplication@28017aa7
----------------- Done invoking toplevel() on ptolemy.moml.MoMLSimpleApplication@28017aa7
reloadAllAccessors: .Sleep

===========================================================================================
----------------- testing Sat Jul 04 15:04:27 UTC 2020 /home/travis/build/icyphy/ptII/ptolemy/actor/lib/test/auto/SleepMultipleFire.xml
----------------- Instantiating /home/travis/build/icyphy/ptII/ptolemy/actor/lib/test/auto/SleepMultipleFire.xml
1006 ms. Memory: 515072K Free: 245760K (48%)
----------------- Invoking toplevel() on ptolemy.moml.MoMLSimpleApplication@75d56ab3
----------------- Done invoking toplevel() on ptolemy.moml.MoMLSimpleApplication@75d56ab3
reloadAllAccessors: .SleepMultipleFire

===========================================================================================
----------------- testing Sat Jul 04 15:04:28 UTC 2020 /home/travis/build/icyphy/ptII/ptolemy/actor/lib/test/auto/StopDE.xml
----------------- Instantiating /home/travis/build/icyphy/ptII/ptolemy/actor/lib/test/auto/StopDE.xml
3 ms. Memory: 515072K Free: 239616K (47%)
----------------- Invoking toplevel() on ptolemy.moml.MoMLSimpleApplication@3b47905b
----------------- Done invoking toplevel() on ptolemy.moml.MoMLSimpleApplication@3b47905b
reloadAllAccessors: .StopDE

===========================================================================================
----------------- testing Sat Jul 04 15:04:28 UTC 2020 /home/travis/build/icyphy/ptII/ptolemy/actor/lib/test/auto/StopSDF.xml
----------------- Instantiating /home/travis/build/icyphy/ptII/ptolemy/actor/lib/test/auto/StopSDF.xml
2 ms. Memory: 515072K Free: 234496K (46%)
----------------- Invoking toplevel() on ptolemy.moml.MoMLSimpleApplication@3f93f40e
----------------- Done invoking toplevel() on ptolemy.moml.MoMLSimpleApplication@3f93f40e
reloadAllAccessors: .StopSDF

===========================================================================================
----------------- testing Sat Jul 04 15:04:28 UTC 2020 /home/travis/build/icyphy/ptII/ptolemy/actor/lib/test/auto/StringConstant.xml
----------------- Instantiating /home/travis/build/icyphy/ptII/ptolemy/actor/lib/test/auto/StringConstant.xml
9 ms. Memory: 515072K Free: 230400K (45%)
----------------- Invoking toplevel() on ptolemy.moml.MoMLSimpleApplication@44c83b5f
----------------- Done invoking toplevel() on ptolemy.moml.MoMLSimpleApplication@44c83b5f
reloadAllAccessors: .StringConstant

===========================================================================================
----------------- testing Sat Jul 04 15:04:28 UTC 2020 /home/travis/build/icyphy/ptII/ptolemy/actor/lib/test/auto/SubscriberPortInitialValues1.xml
----------------- Instantiating /home/travis/build/icyphy/ptII/ptolemy/actor/lib/test/auto/SubscriberPortInitialValues1.xml
8 ms. Memory: 515072K Free: 221694K (43%)
----------------- Invoking toplevel() on ptolemy.moml.MoMLSimpleApplication@2adc9403
----------------- Done invoking toplevel() on ptolemy.moml.MoMLSimpleApplication@2adc9403
reloadAllAccessors: .SubscriberPortInitialValues1

===========================================================================================
----------------- testing Sat Jul 04 15:04:28 UTC 2020 /home/travis/build/icyphy/ptII/ptolemy/actor/lib/test/auto/SubscriberPortInitialValues13.xml
----------------- Instantiating /home/travis/build/icyphy/ptII/ptolemy/actor/lib/test/auto/SubscriberPortInitialValues13.xml
6 ms. Memory: 515072K Free: 208382K (40%)
----------------- Invoking toplevel() on ptolemy.moml.MoMLSimpleApplication@4e7a295a
----------------- Done invoking toplevel() on ptolemy.moml.MoMLSimpleApplication@4e7a295a
reloadAllAccessors: .SubscriberPortInitialValues13

===========================================================================================
----------------- testing Sat Jul 04 15:04:28 UTC 2020 /home/travis/build/icyphy/ptII/ptolemy/actor/lib/test/auto/SubscriberPortInitialValues14.xml
----------------- Instantiating /home/travis/build/icyphy/ptII/ptolemy/actor/lib/test/auto/SubscriberPortInitialValues14.xml
5 ms. Memory: 515072K Free: 200190K (39%)
----------------- Invoking toplevel() on ptolemy.moml.MoMLSimpleApplication@59fe7512
----------------- Done invoking toplevel() on ptolemy.moml.MoMLSimpleApplication@59fe7512
reloadAllAccessors: .SubscriberPortInitialValues14

===========================================================================================
----------------- testing Sat Jul 04 15:04:28 UTC 2020 /home/travis/build/icyphy/ptII/ptolemy/actor/lib/test/auto/SubscriberPortInitialValues2.xml
----------------- Instantiating /home/travis/build/icyphy/ptII/ptolemy/actor/lib/test/auto/SubscriberPortInitialValues2.xml
4 ms. Memory: 515072K Free: 192512K (37%)
----------------- Invoking toplevel() on ptolemy.moml.MoMLSimpleApplication@430a15a6
----------------- Done invoking toplevel() on ptolemy.moml.MoMLSimpleApplication@430a15a6
reloadAllAccessors: .SubscriberPortInitialValues2

===========================================================================================
----------------- testing Sat Jul 04 15:04:28 UTC 2020 /home/travis/build/icyphy/ptII/ptolemy/actor/lib/test/auto/SubscriberPortInitialValues3.xml
----------------- Instantiating /home/travis/build/icyphy/ptII/ptolemy/actor/lib/test/auto/SubscriberPortInitialValues3.xml
4 ms. Memory: 515072K Free: 181758K (35%)
----------------- Invoking toplevel() on ptolemy.moml.MoMLSimpleApplication@4470d78b
----------------- Done invoking toplevel() on ptolemy.moml.MoMLSimpleApplication@4470d78b
reloadAllAccessors: .SubscriberPortInitialValues3

===========================================================================================
----------------- testing Sat Jul 04 15:04:28 UTC 2020 /home/travis/build/icyphy/ptII/ptolemy/actor/lib/test/auto/SubscriptionAggregator.xml
----------------- Instantiating /home/travis/build/icyphy/ptII/ptolemy/actor/lib/test/auto/SubscriptionAggregator.xml
2 ms. Memory: 515072K Free: 174575K (34%)
----------------- Invoking toplevel() on ptolemy.moml.MoMLSimpleApplication@5e8d232d
----------------- Done invoking toplevel() on ptolemy.moml.MoMLSimpleApplication@5e8d232d
reloadAllAccessors: .SubscriptionAggregator

===========================================================================================
----------------- testing Sat Jul 04 15:04:28 UTC 2020 /home/travis/build/icyphy/ptII/ptolemy/actor/lib/test/auto/SubscriptionAggregator2.xml
----------------- Instantiating /home/travis/build/icyphy/ptII/ptolemy/actor/lib/test/auto/SubscriptionAggregator2.xml
2 ms. Memory: 515072K Free: 167936K (33%)
----------------- Invoking toplevel() on ptolemy.moml.MoMLSimpleApplication@66c7c0d9
----------------- Done invoking toplevel() on ptolemy.moml.MoMLSimpleApplication@66c7c0d9
reloadAllAccessors: .SubscriptionAggregator2

===========================================================================================
----------------- testing Sat Jul 04 15:04:28 UTC 2020 /home/travis/build/icyphy/ptII/ptolemy/actor/lib/test/auto/SubscriptionAggregator3.xml
----------------- Instantiating /home/travis/build/icyphy/ptII/ptolemy/actor/lib/test/auto/SubscriptionAggregator3.xml
5 ms. Memory: 515072K Free: 459262K (89%)
----------------- Invoking toplevel() on ptolemy.moml.MoMLSimpleApplication@5e20cacf
----------------- Done invoking toplevel() on ptolemy.moml.MoMLSimpleApplication@5e20cacf
reloadAllAccessors: .SubscriptionAggregator3

===========================================================================================
----------------- testing Sat Jul 04 15:04:28 UTC 2020 /home/travis/build/icyphy/ptII/ptolemy/actor/lib/test/auto/SubscriptionAggregatorMultiply.xml
----------------- Instantiating /home/travis/build/icyphy/ptII/ptolemy/actor/lib/test/auto/SubscriptionAggregatorMultiply.xml
15 ms. Memory: 515072K Free: 450560K (87%)
----------------- Invoking toplevel() on ptolemy.moml.MoMLSimpleApplication@6a1098ac
----------------- Done invoking toplevel() on ptolemy.moml.MoMLSimpleApplication@6a1098ac
reloadAllAccessors: .SubscriptionAggregatorMultiply

===========================================================================================
----------------- testing Sat Jul 04 15:04:28 UTC 2020 /home/travis/build/icyphy/ptII/ptolemy/actor/lib/test/auto/SubscriptionAggregatorPortMultiply1.xml
----------------- Instantiating /home/travis/build/icyphy/ptII/ptolemy/actor/lib/test/auto/SubscriptionAggregatorPortMultiply1.xml
4 ms. Memory: 515072K Free: 442878K (86%)
----------------- Invoking toplevel() on ptolemy.moml.MoMLSimpleApplication@4972341c
----------------- Done invoking toplevel() on ptolemy.moml.MoMLSimpleApplication@4972341c
reloadAllAccessors: .SubscriptionAggregatorPortMultiply1

===========================================================================================
----------------- testing Sat Jul 04 15:04:28 UTC 2020 /home/travis/build/icyphy/ptII/ptolemy/actor/lib/test/auto/Switch.xml
----------------- Instantiating /home/travis/build/icyphy/ptII/ptolemy/actor/lib/test/auto/Switch.xml
9 ms. Memory: 515072K Free: 434686K (84%)
----------------- Invoking toplevel() on ptolemy.moml.MoMLSimpleApplication@28c1c8e7
----------------- Done invoking toplevel() on ptolemy.moml.MoMLSimpleApplication@28c1c8e7
reloadAllAccessors: .Switch

===========================================================================================
----------------- testing Sat Jul 04 15:04:28 UTC 2020 /home/travis/build/icyphy/ptII/ptolemy/actor/lib/test/auto/Switch2.xml
----------------- Instantiating /home/travis/build/icyphy/ptII/ptolemy/actor/lib/test/auto/Switch2.xml
1 ms. Memory: 515072K Free: 429566K (83%)
----------------- Invoking toplevel() on ptolemy.moml.MoMLSimpleApplication@638f9ed8
----------------- Done invoking toplevel() on ptolemy.moml.MoMLSimpleApplication@638f9ed8
reloadAllAccessors: .Switch2

===========================================================================================
----------------- testing Sat Jul 04 15:04:28 UTC 2020 /home/travis/build/icyphy/ptII/ptolemy/actor/lib/test/auto/SwitchDE.xml
----------------- Instantiating /home/travis/build/icyphy/ptII/ptolemy/actor/lib/test/auto/SwitchDE.xml
4 ms. Memory: 515072K Free: 423391K (82%)
----------------- Invoking toplevel() on ptolemy.moml.MoMLSimpleApplication@664d1ab
----------------- Done invoking toplevel() on ptolemy.moml.MoMLSimpleApplication@664d1ab
reloadAllAccessors: .SwitchDE

===========================================================================================
----------------- testing Sat Jul 04 15:04:28 UTC 2020 /home/travis/build/icyphy/ptII/ptolemy/actor/lib/test/auto/SynchronizerDE.xml
----------------- Instantiating /home/travis/build/icyphy/ptII/ptolemy/actor/lib/test/auto/SynchronizerDE.xml
6 ms. Memory: 515072K Free: 415223K (81%)
----------------- Invoking toplevel() on ptolemy.moml.MoMLSimpleApplication@75dd7567
----------------- Done invoking toplevel() on ptolemy.moml.MoMLSimpleApplication@75dd7567
reloadAllAccessors: .SynchronizerDE

===========================================================================================
----------------- testing Sat Jul 04 15:04:28 UTC 2020 /home/travis/build/icyphy/ptII/ptolemy/actor/lib/test/auto/Test.xml
----------------- Instantiating /home/travis/build/icyphy/ptII/ptolemy/actor/lib/test/auto/Test.xml
8 ms. Memory: 515072K Free: 409600K (80%)
----------------- Invoking toplevel() on ptolemy.moml.MoMLSimpleApplication@2ef3dd8c
----------------- Done invoking toplevel() on ptolemy.moml.MoMLSimpleApplication@2ef3dd8c
reloadAllAccessors: .Test

===========================================================================================
----------------- testing Sat Jul 04 15:04:28 UTC 2020 /home/travis/build/icyphy/ptII/ptolemy/actor/lib/test/auto/TestExceptionAttribute1.xml
----------------- Instantiating /home/travis/build/icyphy/ptII/ptolemy/actor/lib/test/auto/TestExceptionAttribute1.xml
1 ms. Memory: 515072K Free: 406014K (79%)
----------------- Invoking toplevel() on ptolemy.moml.MoMLSimpleApplication@64c1ca8c
----------------- Done invoking toplevel() on ptolemy.moml.MoMLSimpleApplication@64c1ca8c
reloadAllAccessors: .TestExceptionAttribute1

===========================================================================================
----------------- testing Sat Jul 04 15:04:28 UTC 2020 /home/travis/build/icyphy/ptII/ptolemy/actor/lib/test/auto/TestExceptionAttribute2.xml
----------------- Instantiating /home/travis/build/icyphy/ptII/ptolemy/actor/lib/test/auto/TestExceptionAttribute2.xml
1 ms. Memory: 515072K Free: 402432K (78%)
----------------- Invoking toplevel() on ptolemy.moml.MoMLSimpleApplication@742bd295
----------------- Done invoking toplevel() on ptolemy.moml.MoMLSimpleApplication@742bd295
reloadAllAccessors: .TestExceptionAttribute2

===========================================================================================
----------------- testing Sat Jul 04 15:04:28 UTC 2020 /home/travis/build/icyphy/ptII/ptolemy/actor/lib/test/auto/TestExceptionAttribute3.xml
----------------- Instantiating /home/travis/build/icyphy/ptII/ptolemy/actor/lib/test/auto/TestExceptionAttribute3.xml
.TestExceptionAttribute3.TestExceptionAttribute: initialize() was not invoked, but wrapup() was.  This is unusual, but not always a problem.  For example, exporting JNLP will do this.
1 ms. Memory: 515072K Free: 398336K (77%)
----------------- Invoking toplevel() on ptolemy.moml.MoMLSimpleApplication@6f66f258
----------------- Done invoking toplevel() on ptolemy.moml.MoMLSimpleApplication@6f66f258
reloadAllAccessors: .TestExceptionAttribute3

===========================================================================================
----------------- testing Sat Jul 04 15:04:28 UTC 2020 /home/travis/build/icyphy/ptII/ptolemy/actor/lib/test/auto/TestExceptionAttribute4.xml
----------------- Instantiating /home/travis/build/icyphy/ptII/ptolemy/actor/lib/test/auto/TestExceptionAttribute4.xml
.TestExceptionAttribute4.TestExceptionAttribute: initialize() was not invoked, but wrapup() was.  This is unusual, but not always a problem.  For example, exporting JNLP will do this.
.TestExceptionAttribute4.TestExceptionAttribute2: initialize() was not invoked, but wrapup() was.  This is unusual, but not always a problem.  For example, exporting JNLP will do this.
1 ms. Memory: 515072K Free: 394240K (77%)
----------------- Invoking toplevel() on ptolemy.moml.MoMLSimpleApplication@28edf222
----------------- Done invoking toplevel() on ptolemy.moml.MoMLSimpleApplication@28edf222
reloadAllAccessors: .TestExceptionAttribute4

===========================================================================================
----------------- testing Sat Jul 04 15:04:28 UTC 2020 /home/travis/build/icyphy/ptII/ptolemy/actor/lib/test/auto/TestExceptionHandler1.xml
----------------- Instantiating /home/travis/build/icyphy/ptII/ptolemy/actor/lib/test/auto/TestExceptionHandler1.xml
1 ms. Memory: 515072K Free: 390654K (76%)
----------------- Invoking toplevel() on ptolemy.moml.MoMLSimpleApplication@4f541670
----------------- Done invoking toplevel() on ptolemy.moml.MoMLSimpleApplication@4f541670
reloadAllAccessors: .TestExceptionHandler1

===========================================================================================
----------------- testing Sat Jul 04 15:04:28 UTC 2020 /home/travis/build/icyphy/ptII/ptolemy/actor/lib/test/auto/TestExceptionHandler2.xml
----------------- Instantiating /home/travis/build/icyphy/ptII/ptolemy/actor/lib/test/auto/TestExceptionHandler2.xml
1 ms. Memory: 515072K Free: 387072K (75%)
----------------- Invoking toplevel() on ptolemy.moml.MoMLSimpleApplication@7ba1a9a1
----------------- Done invoking toplevel() on ptolemy.moml.MoMLSimpleApplication@7ba1a9a1
reloadAllAccessors: .TestExceptionHandler2

===========================================================================================
----------------- testing Sat Jul 04 15:04:28 UTC 2020 /home/travis/build/icyphy/ptII/ptolemy/actor/lib/test/auto/TestExceptionHandler3.xml
----------------- Instantiating /home/travis/build/icyphy/ptII/ptolemy/actor/lib/test/auto/TestExceptionHandler3.xml
1 ms. Memory: 515072K Free: 382976K (74%)
----------------- Invoking toplevel() on ptolemy.moml.MoMLSimpleApplication@de23447
----------------- Done invoking toplevel() on ptolemy.moml.MoMLSimpleApplication@de23447
reloadAllAccessors: .TestExceptionHandler3

===========================================================================================
----------------- testing Sat Jul 04 15:04:28 UTC 2020 /home/travis/build/icyphy/ptII/ptolemy/actor/lib/test/auto/TestExceptionHandler4.xml
----------------- Instantiating /home/travis/build/icyphy/ptII/ptolemy/actor/lib/test/auto/TestExceptionHandler4.xml
1 ms. Memory: 515072K Free: 378880K (74%)
----------------- Invoking toplevel() on ptolemy.moml.MoMLSimpleApplication@1c88ac95
----------------- Done invoking toplevel() on ptolemy.moml.MoMLSimpleApplication@1c88ac95
reloadAllAccessors: .TestExceptionHandler4

===========================================================================================
----------------- testing Sat Jul 04 15:04:28 UTC 2020 /home/travis/build/icyphy/ptII/ptolemy/actor/lib/test/auto/TestRequireCorrectOrder.xml
----------------- Instantiating /home/travis/build/icyphy/ptII/ptolemy/actor/lib/test/auto/TestRequireCorrectOrder.xml
3 ms. Memory: 515072K Free: 373760K (73%)
----------------- Invoking toplevel() on ptolemy.moml.MoMLSimpleApplication@7408a34f
----------------- Done invoking toplevel() on ptolemy.moml.MoMLSimpleApplication@7408a34f
reloadAllAccessors: .TestRequireCorrectOrder

===========================================================================================
----------------- testing Sat Jul 04 15:04:28 UTC 2020 /home/travis/build/icyphy/ptII/ptolemy/actor/lib/test/auto/TestSimple.xml
----------------- Instantiating /home/travis/build/icyphy/ptII/ptolemy/actor/lib/test/auto/TestSimple.xml
1 ms. Memory: 515072K Free: 369150K (72%)
----------------- Invoking toplevel() on ptolemy.moml.MoMLSimpleApplication@2763365d
----------------- Done invoking toplevel() on ptolemy.moml.MoMLSimpleApplication@2763365d
reloadAllAccessors: .TestSimple

===========================================================================================
----------------- testing Sat Jul 04 15:04:28 UTC 2020 /home/travis/build/icyphy/ptII/ptolemy/actor/lib/test/auto/ThrowModelError.xml
----------------- Instantiating /home/travis/build/icyphy/ptII/ptolemy/actor/lib/test/auto/ThrowModelError.xml
1 ms. Memory: 515072K Free: 364030K (71%)
----------------- Invoking toplevel() on ptolemy.moml.MoMLSimpleApplication@170602ae
----------------- Done invoking toplevel() on ptolemy.moml.MoMLSimpleApplication@170602ae
reloadAllAccessors: .ThrowModelError

===========================================================================================
----------------- testing Sat Jul 04 15:04:28 UTC 2020 /home/travis/build/icyphy/ptII/ptolemy/actor/lib/test/auto/TimeDelayMicrosteps.xml
----------------- Instantiating /home/travis/build/icyphy/ptII/ptolemy/actor/lib/test/auto/TimeDelayMicrosteps.xml
2 ms. Memory: 515072K Free: 357376K (69%)
----------------- Invoking toplevel() on ptolemy.moml.MoMLSimpleApplication@50f68481
----------------- Done invoking toplevel() on ptolemy.moml.MoMLSimpleApplication@50f68481
reloadAllAccessors: .TimeDelayMicrosteps

===========================================================================================
----------------- testing Sat Jul 04 15:04:28 UTC 2020 /home/travis/build/icyphy/ptII/ptolemy/actor/lib/test/auto/TimeDelayMicrosteps2.xml
----------------- Instantiating /home/travis/build/icyphy/ptII/ptolemy/actor/lib/test/auto/TimeDelayMicrosteps2.xml
3 ms. Memory: 515072K Free: 349663K (68%)
----------------- Invoking toplevel() on ptolemy.moml.MoMLSimpleApplication@255740b3
----------------- Done invoking toplevel() on ptolemy.moml.MoMLSimpleApplication@255740b3
reloadAllAccessors: .TimeDelayMicrosteps2

===========================================================================================
----------------- testing Sat Jul 04 15:04:28 UTC 2020 /home/travis/build/icyphy/ptII/ptolemy/actor/lib/test/auto/TimeDelayMicrosteps3.xml
----------------- Instantiating /home/travis/build/icyphy/ptII/ptolemy/actor/lib/test/auto/TimeDelayMicrosteps3.xml
2 ms. Memory: 515072K Free: 343040K (67%)
----------------- Invoking toplevel() on ptolemy.moml.MoMLSimpleApplication@38a6154f
----------------- Done invoking toplevel() on ptolemy.moml.MoMLSimpleApplication@38a6154f
reloadAllAccessors: .TimeDelayMicrosteps3

===========================================================================================
----------------- testing Sat Jul 04 15:04:28 UTC 2020 /home/travis/build/icyphy/ptII/ptolemy/actor/lib/test/auto/TimeDelayVariableMicrosteps.xml
----------------- Instantiating /home/travis/build/icyphy/ptII/ptolemy/actor/lib/test/auto/TimeDelayVariableMicrosteps.xml
2 ms. Memory: 515072K Free: 335872K (65%)
----------------- Invoking toplevel() on ptolemy.moml.MoMLSimpleApplication@33befb10
----------------- Done invoking toplevel() on ptolemy.moml.MoMLSimpleApplication@33befb10
reloadAllAccessors: .TimeDelayVariableMicrosteps

===========================================================================================
----------------- testing Sat Jul 04 15:04:28 UTC 2020 /home/travis/build/icyphy/ptII/ptolemy/actor/lib/test/auto/TimeGap.xml
----------------- Instantiating /home/travis/build/icyphy/ptII/ptolemy/actor/lib/test/auto/TimeGap.xml
4 ms. Memory: 515072K Free: 330752K (64%)
----------------- Invoking toplevel() on ptolemy.moml.MoMLSimpleApplication@3e039edf
----------------- Done invoking toplevel() on ptolemy.moml.MoMLSimpleApplication@3e039edf
reloadAllAccessors: .TimeGap

===========================================================================================
----------------- testing Sat Jul 04 15:04:28 UTC 2020 /home/travis/build/icyphy/ptII/ptolemy/actor/lib/test/auto/TimeGap2.xml
----------------- Instantiating /home/travis/build/icyphy/ptII/ptolemy/actor/lib/test/auto/TimeGap2.xml
3 ms. Memory: 515072K Free: 325087K (63%)
----------------- Invoking toplevel() on ptolemy.moml.MoMLSimpleApplication@6141397b
----------------- Done invoking toplevel() on ptolemy.moml.MoMLSimpleApplication@6141397b
reloadAllAccessors: .TimeGap2

===========================================================================================
----------------- testing Sat Jul 04 15:04:28 UTC 2020 /home/travis/build/icyphy/ptII/ptolemy/actor/lib/test/auto/TimedSinewave.xml
----------------- Instantiating /home/travis/build/icyphy/ptII/ptolemy/actor/lib/test/auto/TimedSinewave.xml
22 ms. Memory: 515072K Free: 310782K (60%)
----------------- Invoking toplevel() on ptolemy.moml.MoMLSimpleApplication@346ecb8d
----------------- Done invoking toplevel() on ptolemy.moml.MoMLSimpleApplication@346ecb8d
reloadAllAccessors: .TimedSinewave

===========================================================================================
----------------- testing Sat Jul 04 15:04:28 UTC 2020 /home/travis/build/icyphy/ptII/ptolemy/actor/lib/test/auto/TimedSinewavePhase.xml
----------------- Instantiating /home/travis/build/icyphy/ptII/ptolemy/actor/lib/test/auto/TimedSinewavePhase.xml
9 ms. Memory: 515072K Free: 301056K (58%)
----------------- Invoking toplevel() on ptolemy.moml.MoMLSimpleApplication@4a77d135
----------------- Done invoking toplevel() on ptolemy.moml.MoMLSimpleApplication@4a77d135
reloadAllAccessors: .TimedSinewavePhase

===========================================================================================
----------------- testing Sat Jul 04 15:04:28 UTC 2020 /home/travis/build/icyphy/ptII/ptolemy/actor/lib/test/auto/Timer.xml
----------------- Instantiating /home/travis/build/icyphy/ptII/ptolemy/actor/lib/test/auto/Timer.xml
2 ms. Memory: 515072K Free: 295391K (57%)
----------------- Invoking toplevel() on ptolemy.moml.MoMLSimpleApplication@2dde3a62
----------------- Done invoking toplevel() on ptolemy.moml.MoMLSimpleApplication@2dde3a62
reloadAllAccessors: .Timer

===========================================================================================
----------------- testing Sat Jul 04 15:04:28 UTC 2020 /home/travis/build/icyphy/ptII/ptolemy/actor/lib/test/auto/TriangularDistTestModel.xml
----------------- Instantiating /home/travis/build/icyphy/ptII/ptolemy/actor/lib/test/auto/TriangularDistTestModel.xml
2 ms. Memory: 515072K Free: 289247K (56%)
----------------- Invoking toplevel() on ptolemy.moml.MoMLSimpleApplication@2b774b88
----------------- Done invoking toplevel() on ptolemy.moml.MoMLSimpleApplication@2b774b88
reloadAllAccessors: .TriangularDistTestModel

===========================================================================================
----------------- testing Sat Jul 04 15:04:28 UTC 2020 /home/travis/build/icyphy/ptII/ptolemy/actor/lib/test/auto/TrigFunction.xml
----------------- Instantiating /home/travis/build/icyphy/ptII/ptolemy/actor/lib/test/auto/TrigFunction.xml
1 ms. Memory: 515072K Free: 284672K (55%)
----------------- Invoking toplevel() on ptolemy.moml.MoMLSimpleApplication@3556f703
----------------- Done invoking toplevel() on ptolemy.moml.MoMLSimpleApplication@3556f703
reloadAllAccessors: .TrigFunction

===========================================================================================
----------------- testing Sat Jul 04 15:04:28 UTC 2020 /home/travis/build/icyphy/ptII/ptolemy/actor/lib/test/auto/TrigFunctionDE.xml
----------------- Instantiating /home/travis/build/icyphy/ptII/ptolemy/actor/lib/test/auto/TrigFunctionDE.xml
1 ms. Memory: 515072K Free: 278528K (54%)
----------------- Invoking toplevel() on ptolemy.moml.MoMLSimpleApplication@c9dce57
----------------- Done invoking toplevel() on ptolemy.moml.MoMLSimpleApplication@c9dce57
reloadAllAccessors: .TrigFunctionDE

===========================================================================================
----------------- testing Sat Jul 04 15:04:28 UTC 2020 /home/travis/build/icyphy/ptII/ptolemy/actor/lib/test/auto/TrigFunctionInverse.xml
----------------- Instantiating /home/travis/build/icyphy/ptII/ptolemy/actor/lib/test/auto/TrigFunctionInverse.xml
2 ms. Memory: 515072K Free: 273408K (53%)
----------------- Invoking toplevel() on ptolemy.moml.MoMLSimpleApplication@27854295
----------------- Done invoking toplevel() on ptolemy.moml.MoMLSimpleApplication@27854295
reloadAllAccessors: .TrigFunctionInverse

===========================================================================================
----------------- testing Sat Jul 04 15:04:28 UTC 2020 /home/travis/build/icyphy/ptII/ptolemy/actor/lib/test/auto/TrigFunctionTan.xml
----------------- Instantiating /home/travis/build/icyphy/ptII/ptolemy/actor/lib/test/auto/TrigFunctionTan.xml
1 ms. Memory: 515072K Free: 269312K (52%)
----------------- Invoking toplevel() on ptolemy.moml.MoMLSimpleApplication@12e0855e
----------------- Done invoking toplevel() on ptolemy.moml.MoMLSimpleApplication@12e0855e
reloadAllAccessors: .TrigFunctionTan

===========================================================================================
----------------- testing Sat Jul 04 15:04:28 UTC 2020 /home/travis/build/icyphy/ptII/ptolemy/actor/lib/test/auto/TriggeredClock.xml
----------------- Instantiating /home/travis/build/icyphy/ptII/ptolemy/actor/lib/test/auto/TriggeredClock.xml
1 ms. Memory: 515072K Free: 264159K (51%)
----------------- Invoking toplevel() on ptolemy.moml.MoMLSimpleApplication@400f03cb
----------------- Done invoking toplevel() on ptolemy.moml.MoMLSimpleApplication@400f03cb
reloadAllAccessors: .TriggeredClock

===========================================================================================
----------------- testing Sat Jul 04 15:04:28 UTC 2020 /home/travis/build/icyphy/ptII/ptolemy/actor/lib/test/auto/URLDirectoryReader.xml
----------------- Instantiating /home/travis/build/icyphy/ptII/ptolemy/actor/lib/test/auto/URLDirectoryReader.xml
41 ms. Memory: 515072K Free: 254976K (50%)
----------------- Invoking toplevel() on ptolemy.moml.MoMLSimpleApplication@46d0edc6
----------------- Done invoking toplevel() on ptolemy.moml.MoMLSimpleApplication@46d0edc6
reloadAllAccessors: .URLDirectoryReader

===========================================================================================
----------------- testing Sat Jul 04 15:04:28 UTC 2020 /home/travis/build/icyphy/ptII/ptolemy/actor/lib/test/auto/URLDirectoryReader3.xml
----------------- Instantiating /home/travis/build/icyphy/ptII/ptolemy/actor/lib/test/auto/URLDirectoryReader3.xml
1072 ms. Memory: 515072K Free: 452960K (88%)
----------------- Invoking toplevel() on ptolemy.moml.MoMLSimpleApplication@3d3b48fa
----------------- Done invoking toplevel() on ptolemy.moml.MoMLSimpleApplication@3d3b48fa
reloadAllAccessors: .URLDirectoryReader3

===========================================================================================
----------------- testing Sat Jul 04 15:04:30 UTC 2020 /home/travis/build/icyphy/ptII/ptolemy/actor/lib/test/auto/UnaryMathFunction.xml
----------------- Instantiating /home/travis/build/icyphy/ptII/ptolemy/actor/lib/test/auto/UnaryMathFunction.xml
2 ms. Memory: 515072K Free: 445278K (86%)
----------------- Invoking toplevel() on ptolemy.moml.MoMLSimpleApplication@79e9bd2f
----------------- Done invoking toplevel() on ptolemy.moml.MoMLSimpleApplication@79e9bd2f
reloadAllAccessors: .UnaryMathFunction

===========================================================================================
----------------- testing Sat Jul 04 15:04:30 UTC 2020 /home/travis/build/icyphy/ptII/ptolemy/actor/lib/test/auto/Uniform.xml
----------------- Instantiating /home/travis/build/icyphy/ptII/ptolemy/actor/lib/test/auto/Uniform.xml
1 ms. Memory: 515072K Free: 440158K (85%)
----------------- Invoking toplevel() on ptolemy.moml.MoMLSimpleApplication@330d8323
----------------- Done invoking toplevel() on ptolemy.moml.MoMLSimpleApplication@330d8323
reloadAllAccessors: .Uniform

===========================================================================================
----------------- testing Sat Jul 04 15:04:30 UTC 2020 /home/travis/build/icyphy/ptII/ptolemy/actor/lib/test/auto/UnionDisassemblerTest.xml
----------------- Instantiating /home/travis/build/icyphy/ptII/ptolemy/actor/lib/test/auto/UnionDisassemblerTest.xml
20 ms. Memory: 515072K Free: 436576K (85%)
----------------- Invoking toplevel() on ptolemy.moml.MoMLSimpleApplication@5917b7c0
----------------- Done invoking toplevel() on ptolemy.moml.MoMLSimpleApplication@5917b7c0
reloadAllAccessors: .UnionDisassemblerTest

===========================================================================================
----------------- testing Sat Jul 04 15:04:30 UTC 2020 /home/travis/build/icyphy/ptII/ptolemy/actor/lib/test/auto/UtilityFunctions.xml
----------------- Instantiating /home/travis/build/icyphy/ptII/ptolemy/actor/lib/test/auto/UtilityFunctions.xml
1 ms. Memory: 515072K Free: 431966K (84%)
----------------- Invoking toplevel() on ptolemy.moml.MoMLSimpleApplication@2da7477b
----------------- Done invoking toplevel() on ptolemy.moml.MoMLSimpleApplication@2da7477b
reloadAllAccessors: .UtilityFunctions

===========================================================================================
----------------- testing Sat Jul 04 15:04:30 UTC 2020 /home/travis/build/icyphy/ptII/ptolemy/actor/lib/test/auto/VariableSleep.xml
----------------- Instantiating /home/travis/build/icyphy/ptII/ptolemy/actor/lib/test/auto/VariableSleep.xml
502 ms. Memory: 515072K Free: 426846K (83%)
----------------- Invoking toplevel() on ptolemy.moml.MoMLSimpleApplication@60eb5267
----------------- Done invoking toplevel() on ptolemy.moml.MoMLSimpleApplication@60eb5267
reloadAllAccessors: .VariableSleep

===========================================================================================
----------------- testing Sat Jul 04 15:04:30 UTC 2020 /home/travis/build/icyphy/ptII/ptolemy/actor/lib/test/auto/VectorAssemblerDisassemblerCT.xml
----------------- Instantiating /home/travis/build/icyphy/ptII/ptolemy/actor/lib/test/auto/VectorAssemblerDisassemblerCT.xml
49 ms. Memory: 515072K Free: 406366K (79%)
----------------- Invoking toplevel() on ptolemy.moml.MoMLSimpleApplication@338da8cb
----------------- Done invoking toplevel() on ptolemy.moml.MoMLSimpleApplication@338da8cb
reloadAllAccessors: .VectorAssemblerDisassemblerCT

===========================================================================================
----------------- testing Sat Jul 04 15:04:30 UTC 2020 /home/travis/build/icyphy/ptII/ptolemy/actor/lib/test/auto/VectorAssemblerDisassemblerDE.xml
----------------- Instantiating /home/travis/build/icyphy/ptII/ptolemy/actor/lib/test/auto/VectorAssemblerDisassemblerDE.xml
2 ms. Memory: 515072K Free: 398688K (77%)
----------------- Invoking toplevel() on ptolemy.moml.MoMLSimpleApplication@63e3957c
----------------- Done invoking toplevel() on ptolemy.moml.MoMLSimpleApplication@63e3957c
reloadAllAccessors: .VectorAssemblerDisassemblerDE

===========================================================================================
----------------- testing Sat Jul 04 15:04:30 UTC 2020 /home/travis/build/icyphy/ptII/ptolemy/actor/lib/test/auto/VectorAssemblerDisassemblerSDF.xml
----------------- Instantiating /home/travis/build/icyphy/ptII/ptolemy/actor/lib/test/auto/VectorAssemblerDisassemblerSDF.xml
2 ms. Memory: 515072K Free: 392544K (76%)
----------------- Invoking toplevel() on ptolemy.moml.MoMLSimpleApplication@39860f
----------------- Done invoking toplevel() on ptolemy.moml.MoMLSimpleApplication@39860f
reloadAllAccessors: .VectorAssemblerDisassemblerSDF

===========================================================================================
----------------- testing Sat Jul 04 15:04:31 UTC 2020 /home/travis/build/icyphy/ptII/ptolemy/actor/lib/test/auto/WallClockTime.xml
----------------- Instantiating /home/travis/build/icyphy/ptII/ptolemy/actor/lib/test/auto/WallClockTime.xml
1006 ms. Memory: 515072K Free: 387424K (75%)
----------------- Invoking toplevel() on ptolemy.moml.MoMLSimpleApplication@275ecd8c
----------------- Done invoking toplevel() on ptolemy.moml.MoMLSimpleApplication@275ecd8c
reloadAllAccessors: .WallClockTime

===========================================================================================
----------------- testing Sat Jul 04 15:04:32 UTC 2020 /home/travis/build/icyphy/ptII/ptolemy/actor/lib/test/auto/WidthTestWithSubscriberPublisher.xml
----------------- Instantiating /home/travis/build/icyphy/ptII/ptolemy/actor/lib/test/auto/WidthTestWithSubscriberPublisher.xml
7 ms. Memory: 515072K Free: 368992K (72%)
----------------- Invoking toplevel() on ptolemy.moml.MoMLSimpleApplication@279a774c
----------------- Done invoking toplevel() on ptolemy.moml.MoMLSimpleApplication@279a774c
reloadAllAccessors: .WidthTestWithSubscriberPublisher

===========================================================================================
----------------- testing Sat Jul 04 15:04:32 UTC 2020 /home/travis/build/icyphy/ptII/ptolemy/actor/lib/test/auto/WidthTestWithSubscriberPublisher2.xml
----------------- Instantiating /home/travis/build/icyphy/ptII/ptolemy/actor/lib/test/auto/WidthTestWithSubscriberPublisher2.xml
2 ms. Memory: 515072K Free: 362334K (70%)
----------------- Invoking toplevel() on ptolemy.moml.MoMLSimpleApplication@733a5390
----------------- Done invoking toplevel() on ptolemy.moml.MoMLSimpleApplication@733a5390
reloadAllAccessors: .WidthTestWithSubscriberPublisher2

===========================================================================================
----------------- testing Sat Jul 04 15:04:32 UTC 2020 /home/travis/build/icyphy/ptII/ptolemy/actor/lib/test/auto/WidthTestWithSubscriberPublisher3.xml
----------------- Instantiating /home/travis/build/icyphy/ptII/ptolemy/actor/lib/test/auto/WidthTestWithSubscriberPublisher3.xml
2 ms. Memory: 515072K Free: 356704K (69%)
----------------- Invoking toplevel() on ptolemy.moml.MoMLSimpleApplication@7ee4b186
----------------- Done invoking toplevel() on ptolemy.moml.MoMLSimpleApplication@7ee4b186
reloadAllAccessors: .WidthTestWithSubscriberPublisher3

===========================================================================================
----------------- testing Sat Jul 04 15:04:32 UTC 2020 /home/travis/build/icyphy/ptII/ptolemy/actor/lib/test/auto/Writer.xml
----------------- Instantiating /home/travis/build/icyphy/ptII/ptolemy/actor/lib/test/auto/Writer.xml
0
1
2
3
4
2 ms. Memory: 515072K Free: 352088K (68%)
----------------- Invoking toplevel() on ptolemy.moml.MoMLSimpleApplication@187e3271
----------------- Done invoking toplevel() on ptolemy.moml.MoMLSimpleApplication@187e3271
reloadAllAccessors: .Writer

===========================================================================================
----------------- testing Sat Jul 04 15:04:32 UTC 2020 /home/travis/build/icyphy/ptII/ptolemy/actor/lib/test/auto/array.xml
----------------- Instantiating /home/travis/build/icyphy/ptII/ptolemy/actor/lib/test/auto/array.xml
3 ms. Memory: 515072K Free: 347488K (67%)
----------------- Invoking toplevel() on ptolemy.moml.MoMLSimpleApplication@7dc542c3
----------------- Done invoking toplevel() on ptolemy.moml.MoMLSimpleApplication@7dc542c3
reloadAllAccessors: .array

===========================================================================================
----------------- testing Sat Jul 04 15:04:32 UTC 2020 /home/travis/build/icyphy/ptII/ptolemy/actor/lib/test/auto/array2.xml
----------------- Instantiating /home/travis/build/icyphy/ptII/ptolemy/actor/lib/test/auto/array2.xml
9 ms. Memory: 515072K Free: 342864K (67%)
----------------- Invoking toplevel() on ptolemy.moml.MoMLSimpleApplication@15581f3c
----------------- Done invoking toplevel() on ptolemy.moml.MoMLSimpleApplication@15581f3c
reloadAllAccessors: .array2

===========================================================================================
----------------- testing Sat Jul 04 15:04:32 UTC 2020 /home/travis/build/icyphy/ptII/ptolemy/actor/lib/test/auto/arrayType.xml
----------------- Instantiating /home/travis/build/icyphy/ptII/ptolemy/actor/lib/test/auto/arrayType.xml
2 ms. Memory: 515072K Free: 337248K (65%)
----------------- Invoking toplevel() on ptolemy.moml.MoMLSimpleApplication@4629aaf3
----------------- Done invoking toplevel() on ptolemy.moml.MoMLSimpleApplication@4629aaf3
reloadAllAccessors: .arrayType

===========================================================================================
----------------- testing Sat Jul 04 15:04:32 UTC 2020 /home/travis/build/icyphy/ptII/ptolemy/actor/lib/test/auto/arrayType10.xml
----------------- Instantiating /home/travis/build/icyphy/ptII/ptolemy/actor/lib/test/auto/arrayType10.xml
2 ms. Memory: 515072K Free: 332638K (65%)
----------------- Invoking toplevel() on ptolemy.moml.MoMLSimpleApplication@6c82849
----------------- Done invoking toplevel() on ptolemy.moml.MoMLSimpleApplication@6c82849
reloadAllAccessors: .arrayType10

===========================================================================================
----------------- testing Sat Jul 04 15:04:32 UTC 2020 /home/travis/build/icyphy/ptII/ptolemy/actor/lib/test/auto/arrayType11.xml
----------------- Instantiating /home/travis/build/icyphy/ptII/ptolemy/actor/lib/test/auto/arrayType11.xml
2 ms. Memory: 515072K Free: 328032K (64%)
----------------- Invoking toplevel() on ptolemy.moml.MoMLSimpleApplication@40e28968
----------------- Done invoking toplevel() on ptolemy.moml.MoMLSimpleApplication@40e28968
reloadAllAccessors: .arrayType11

===========================================================================================
----------------- testing Sat Jul 04 15:04:32 UTC 2020 /home/travis/build/icyphy/ptII/ptolemy/actor/lib/test/auto/arrayType12.xml
----------------- Instantiating /home/travis/build/icyphy/ptII/ptolemy/actor/lib/test/auto/arrayType12.xml
1 ms. Memory: 515072K Free: 322398K (63%)
----------------- Invoking toplevel() on ptolemy.moml.MoMLSimpleApplication@6849f402
----------------- Done invoking toplevel() on ptolemy.moml.MoMLSimpleApplication@6849f402
reloadAllAccessors: .arrayType12

===========================================================================================
----------------- testing Sat Jul 04 15:04:32 UTC 2020 /home/travis/build/icyphy/ptII/ptolemy/actor/lib/test/auto/arrayType13.xml
----------------- Instantiating /home/travis/build/icyphy/ptII/ptolemy/actor/lib/test/auto/arrayType13.xml
2 ms. Memory: 515072K Free: 317278K (62%)
----------------- Invoking toplevel() on ptolemy.moml.MoMLSimpleApplication@23e4c230
----------------- Done invoking toplevel() on ptolemy.moml.MoMLSimpleApplication@23e4c230
reloadAllAccessors: .arrayType13

===========================================================================================
----------------- testing Sat Jul 04 15:04:32 UTC 2020 /home/travis/build/icyphy/ptII/ptolemy/actor/lib/test/auto/arrayType14.xml
----------------- Instantiating /home/travis/build/icyphy/ptII/ptolemy/actor/lib/test/auto/arrayType14.xml
2 ms. Memory: 515072K Free: 311648K (61%)
----------------- Invoking toplevel() on ptolemy.moml.MoMLSimpleApplication@1e36f632
----------------- Done invoking toplevel() on ptolemy.moml.MoMLSimpleApplication@1e36f632
reloadAllAccessors: .arrayType14

===========================================================================================
----------------- testing Sat Jul 04 15:04:32 UTC 2020 /home/travis/build/icyphy/ptII/ptolemy/actor/lib/test/auto/arrayType15.xml
----------------- Instantiating /home/travis/build/icyphy/ptII/ptolemy/actor/lib/test/auto/arrayType15.xml
1 ms. Memory: 515072K Free: 306528K (60%)
----------------- Invoking toplevel() on ptolemy.moml.MoMLSimpleApplication@78526823
----------------- Done invoking toplevel() on ptolemy.moml.MoMLSimpleApplication@78526823
reloadAllAccessors: .arrayType15

===========================================================================================
----------------- testing Sat Jul 04 15:04:32 UTC 2020 /home/travis/build/icyphy/ptII/ptolemy/actor/lib/test/auto/arrayType16.xml
----------------- Instantiating /home/travis/build/icyphy/ptII/ptolemy/actor/lib/test/auto/arrayType16.xml
2 ms. Memory: 515072K Free: 301408K (59%)
----------------- Invoking toplevel() on ptolemy.moml.MoMLSimpleApplication@57d1b6dd
----------------- Done invoking toplevel() on ptolemy.moml.MoMLSimpleApplication@57d1b6dd
reloadAllAccessors: .arrayType16

===========================================================================================
----------------- testing Sat Jul 04 15:04:32 UTC 2020 /home/travis/build/icyphy/ptII/ptolemy/actor/lib/test/auto/arrayType17.xml
----------------- Instantiating /home/travis/build/icyphy/ptII/ptolemy/actor/lib/test/auto/arrayType17.xml
2 ms. Memory: 515072K Free: 295760K (57%)
----------------- Invoking toplevel() on ptolemy.moml.MoMLSimpleApplication@581b1c49
----------------- Done invoking toplevel() on ptolemy.moml.MoMLSimpleApplication@581b1c49
reloadAllAccessors: .arrayType17

===========================================================================================
----------------- testing Sat Jul 04 15:04:32 UTC 2020 /home/travis/build/icyphy/ptII/ptolemy/actor/lib/test/auto/arrayType18.xml
----------------- Instantiating /home/travis/build/icyphy/ptII/ptolemy/actor/lib/test/auto/arrayType18.xml
1 ms. Memory: 515072K Free: 291168K (57%)
----------------- Invoking toplevel() on ptolemy.moml.MoMLSimpleApplication@1ddc1360
----------------- Done invoking toplevel() on ptolemy.moml.MoMLSimpleApplication@1ddc1360
reloadAllAccessors: .arrayType18

===========================================================================================
----------------- testing Sat Jul 04 15:04:32 UTC 2020 /home/travis/build/icyphy/ptII/ptolemy/actor/lib/test/auto/arrayType19.xml
----------------- Instantiating /home/travis/build/icyphy/ptII/ptolemy/actor/lib/test/auto/arrayType19.xml
1 ms. Memory: 515072K Free: 286558K (56%)
----------------- Invoking toplevel() on ptolemy.moml.MoMLSimpleApplication@1abe2f87
----------------- Done invoking toplevel() on ptolemy.moml.MoMLSimpleApplication@1abe2f87
reloadAllAccessors: .arrayType19

===========================================================================================
----------------- testing Sat Jul 04 15:04:32 UTC 2020 /home/travis/build/icyphy/ptII/ptolemy/actor/lib/test/auto/arrayType2.xml
----------------- Instantiating /home/travis/build/icyphy/ptII/ptolemy/actor/lib/test/auto/arrayType2.xml
1 ms. Memory: 515072K Free: 280928K (55%)
----------------- Invoking toplevel() on ptolemy.moml.MoMLSimpleApplication@530b7fe0
----------------- Done invoking toplevel() on ptolemy.moml.MoMLSimpleApplication@530b7fe0
reloadAllAccessors: .arrayType2

===========================================================================================
----------------- testing Sat Jul 04 15:04:32 UTC 2020 /home/travis/build/icyphy/ptII/ptolemy/actor/lib/test/auto/arrayType20.xml
----------------- Instantiating /home/travis/build/icyphy/ptII/ptolemy/actor/lib/test/auto/arrayType20.xml
1 ms. Memory: 515072K Free: 276318K (54%)
----------------- Invoking toplevel() on ptolemy.moml.MoMLSimpleApplication@270da8bb
----------------- Done invoking toplevel() on ptolemy.moml.MoMLSimpleApplication@270da8bb
reloadAllAccessors: .arrayType20

===========================================================================================
----------------- testing Sat Jul 04 15:04:32 UTC 2020 /home/travis/build/icyphy/ptII/ptolemy/actor/lib/test/auto/arrayType21.xml
----------------- Instantiating /home/travis/build/icyphy/ptII/ptolemy/actor/lib/test/auto/arrayType21.xml
1 ms. Memory: 515072K Free: 271198K (53%)
----------------- Invoking toplevel() on ptolemy.moml.MoMLSimpleApplication@255fe86c
----------------- Done invoking toplevel() on ptolemy.moml.MoMLSimpleApplication@255fe86c
reloadAllAccessors: .arrayType21

===========================================================================================
----------------- testing Sat Jul 04 15:04:32 UTC 2020 /home/travis/build/icyphy/ptII/ptolemy/actor/lib/test/auto/arrayType22.xml
----------------- Instantiating /home/travis/build/icyphy/ptII/ptolemy/actor/lib/test/auto/arrayType22.xml
5 ms. Memory: 515072K Free: 266592K (52%)
----------------- Invoking toplevel() on ptolemy.moml.MoMLSimpleApplication@36b64bf6
----------------- Done invoking toplevel() on ptolemy.moml.MoMLSimpleApplication@36b64bf6
reloadAllAccessors: .arrayType22

===========================================================================================
----------------- testing Sat Jul 04 15:04:32 UTC 2020 /home/travis/build/icyphy/ptII/ptolemy/actor/lib/test/auto/arrayType23.xml
----------------- Instantiating /home/travis/build/icyphy/ptII/ptolemy/actor/lib/test/auto/arrayType23.xml
3 ms. Memory: 515072K Free: 261982K (51%)
----------------- Invoking toplevel() on ptolemy.moml.MoMLSimpleApplication@5088d53b
----------------- Done invoking toplevel() on ptolemy.moml.MoMLSimpleApplication@5088d53b
reloadAllAccessors: .arrayType23

===========================================================================================
----------------- testing Sat Jul 04 15:04:32 UTC 2020 /home/travis/build/icyphy/ptII/ptolemy/actor/lib/test/auto/arrayType24.xml
----------------- Instantiating /home/travis/build/icyphy/ptII/ptolemy/actor/lib/test/auto/arrayType24.xml
1 ms. Memory: 515072K Free: 256862K (50%)
----------------- Invoking toplevel() on ptolemy.moml.MoMLSimpleApplication@38910359
----------------- Done invoking toplevel() on ptolemy.moml.MoMLSimpleApplication@38910359
reloadAllAccessors: .arrayType24

===========================================================================================
----------------- testing Sat Jul 04 15:04:32 UTC 2020 /home/travis/build/icyphy/ptII/ptolemy/actor/lib/test/auto/arrayType25.xml
----------------- Instantiating /home/travis/build/icyphy/ptII/ptolemy/actor/lib/test/auto/arrayType25.xml
1 ms. Memory: 515072K Free: 251742K (49%)
----------------- Invoking toplevel() on ptolemy.moml.MoMLSimpleApplication@67e1973e
----------------- Done invoking toplevel() on ptolemy.moml.MoMLSimpleApplication@67e1973e
reloadAllAccessors: .arrayType25

===========================================================================================
----------------- testing Sat Jul 04 15:04:32 UTC 2020 /home/travis/build/icyphy/ptII/ptolemy/actor/lib/test/auto/arrayType26.xml
----------------- Instantiating /home/travis/build/icyphy/ptII/ptolemy/actor/lib/test/auto/arrayType26.xml
2 ms. Memory: 515072K Free: 246112K (48%)
----------------- Invoking toplevel() on ptolemy.moml.MoMLSimpleApplication@7bedfecd
----------------- Done invoking toplevel() on ptolemy.moml.MoMLSimpleApplication@7bedfecd
reloadAllAccessors: .arrayType26

===========================================================================================
----------------- testing Sat Jul 04 15:04:32 UTC 2020 /home/travis/build/icyphy/ptII/ptolemy/actor/lib/test/auto/arrayType27.xml
----------------- Instantiating /home/travis/build/icyphy/ptII/ptolemy/actor/lib/test/auto/arrayType27.xml
2 ms. Memory: 515072K Free: 240992K (47%)
----------------- Invoking toplevel() on ptolemy.moml.MoMLSimpleApplication@13cb6eaa
----------------- Done invoking toplevel() on ptolemy.moml.MoMLSimpleApplication@13cb6eaa
reloadAllAccessors: .arrayType27

===========================================================================================
----------------- testing Sat Jul 04 15:04:32 UTC 2020 /home/travis/build/icyphy/ptII/ptolemy/actor/lib/test/auto/arrayType28.xml
----------------- Instantiating /home/travis/build/icyphy/ptII/ptolemy/actor/lib/test/auto/arrayType28.xml
1 ms. Memory: 515072K Free: 235872K (46%)
----------------- Invoking toplevel() on ptolemy.moml.MoMLSimpleApplication@4798b1e3
----------------- Done invoking toplevel() on ptolemy.moml.MoMLSimpleApplication@4798b1e3
reloadAllAccessors: .arrayType28

===========================================================================================
----------------- testing Sat Jul 04 15:04:32 UTC 2020 /home/travis/build/icyphy/ptII/ptolemy/actor/lib/test/auto/arrayType3.xml
----------------- Instantiating /home/travis/build/icyphy/ptII/ptolemy/actor/lib/test/auto/arrayType3.xml
1 ms. Memory: 515072K Free: 230238K (45%)
----------------- Invoking toplevel() on ptolemy.moml.MoMLSimpleApplication@11e63501
----------------- Done invoking toplevel() on ptolemy.moml.MoMLSimpleApplication@11e63501
reloadAllAccessors: .arrayType3

===========================================================================================
----------------- testing Sat Jul 04 15:04:32 UTC 2020 /home/travis/build/icyphy/ptII/ptolemy/actor/lib/test/auto/arrayType4.xml
----------------- Instantiating /home/travis/build/icyphy/ptII/ptolemy/actor/lib/test/auto/arrayType4.xml
1 ms. Memory: 515072K Free: 225118K (44%)
----------------- Invoking toplevel() on ptolemy.moml.MoMLSimpleApplication@2ada5d3c
----------------- Done invoking toplevel() on ptolemy.moml.MoMLSimpleApplication@2ada5d3c
reloadAllAccessors: .arrayType4

===========================================================================================
----------------- testing Sat Jul 04 15:04:32 UTC 2020 /home/travis/build/icyphy/ptII/ptolemy/actor/lib/test/auto/arrayType5.xml
----------------- Instantiating /home/travis/build/icyphy/ptII/ptolemy/actor/lib/test/auto/arrayType5.xml
2 ms. Memory: 515072K Free: 219488K (43%)
----------------- Invoking toplevel() on ptolemy.moml.MoMLSimpleApplication@54852cf6
----------------- Done invoking toplevel() on ptolemy.moml.MoMLSimpleApplication@54852cf6
reloadAllAccessors: .arrayType5

===========================================================================================
----------------- testing Sat Jul 04 15:04:32 UTC 2020 /home/travis/build/icyphy/ptII/ptolemy/actor/lib/test/auto/arrayType6.xml
----------------- Instantiating /home/travis/build/icyphy/ptII/ptolemy/actor/lib/test/auto/arrayType6.xml
2 ms. Memory: 515072K Free: 214878K (42%)
----------------- Invoking toplevel() on ptolemy.moml.MoMLSimpleApplication@5e3e7fa5
----------------- Done invoking toplevel() on ptolemy.moml.MoMLSimpleApplication@5e3e7fa5
reloadAllAccessors: .arrayType6

===========================================================================================
----------------- testing Sat Jul 04 15:04:32 UTC 2020 /home/travis/build/icyphy/ptII/ptolemy/actor/lib/test/auto/arrayType7.xml
----------------- Instantiating /home/travis/build/icyphy/ptII/ptolemy/actor/lib/test/auto/arrayType7.xml
6 ms. Memory: 515072K Free: 210272K (41%)
----------------- Invoking toplevel() on ptolemy.moml.MoMLSimpleApplication@6c27c45d
----------------- Done invoking toplevel() on ptolemy.moml.MoMLSimpleApplication@6c27c45d
reloadAllAccessors: .arrayType7

===========================================================================================
----------------- testing Sat Jul 04 15:04:32 UTC 2020 /home/travis/build/icyphy/ptII/ptolemy/actor/lib/test/auto/arrayType8.xml
----------------- Instantiating /home/travis/build/icyphy/ptII/ptolemy/actor/lib/test/auto/arrayType8.xml
2 ms. Memory: 515072K Free: 204638K (40%)
----------------- Invoking toplevel() on ptolemy.moml.MoMLSimpleApplication@70119047
----------------- Done invoking toplevel() on ptolemy.moml.MoMLSimpleApplication@70119047
reloadAllAccessors: .arrayType8

===========================================================================================
----------------- testing Sat Jul 04 15:04:32 UTC 2020 /home/travis/build/icyphy/ptII/ptolemy/actor/lib/test/auto/arrayType9.xml
----------------- Instantiating /home/travis/build/icyphy/ptII/ptolemy/actor/lib/test/auto/arrayType9.xml
2 ms. Memory: 515072K Free: 200032K (39%)
----------------- Invoking toplevel() on ptolemy.moml.MoMLSimpleApplication@15d23b2c
----------------- Done invoking toplevel() on ptolemy.moml.MoMLSimpleApplication@15d23b2c
reloadAllAccessors: .arrayType9

===========================================================================================
----------------- testing Sat Jul 04 15:04:32 UTC 2020 /home/travis/build/icyphy/ptII/ptolemy/actor/lib/test/auto/cast.xml
----------------- Instantiating /home/travis/build/icyphy/ptII/ptolemy/actor/lib/test/auto/cast.xml
2 ms. Memory: 515072K Free: 194912K (38%)
----------------- Invoking toplevel() on ptolemy.moml.MoMLSimpleApplication@5dc80b8e
----------------- Done invoking toplevel() on ptolemy.moml.MoMLSimpleApplication@5dc80b8e
reloadAllAccessors: .cast

===========================================================================================
----------------- testing Sat Jul 04 15:04:32 UTC 2020 /home/travis/build/icyphy/ptII/ptolemy/actor/lib/test/auto/compositeMultiPort.xml
----------------- Instantiating /home/travis/build/icyphy/ptII/ptolemy/actor/lib/test/auto/compositeMultiPort.xml
3 ms. Memory: 515072K Free: 186192K (36%)
----------------- Invoking toplevel() on ptolemy.moml.MoMLSimpleApplication@176d11a5
----------------- Done invoking toplevel() on ptolemy.moml.MoMLSimpleApplication@176d11a5
reloadAllAccessors: .compositeMultiPort

===========================================================================================
----------------- testing Sat Jul 04 15:04:32 UTC 2020 /home/travis/build/icyphy/ptII/ptolemy/actor/lib/test/auto/expressionCastInference.xml
----------------- Instantiating /home/travis/build/icyphy/ptII/ptolemy/actor/lib/test/auto/expressionCastInference.xml
2 ms. Memory: 515072K Free: 181086K (35%)
----------------- Invoking toplevel() on ptolemy.moml.MoMLSimpleApplication@573d554c
----------------- Done invoking toplevel() on ptolemy.moml.MoMLSimpleApplication@573d554c
reloadAllAccessors: .expressionCastInference

===========================================================================================
----------------- testing Sat Jul 04 15:04:32 UTC 2020 /home/travis/build/icyphy/ptII/ptolemy/actor/lib/test/auto/expressionCastInference2.xml
----------------- Instantiating /home/travis/build/icyphy/ptII/ptolemy/actor/lib/test/auto/expressionCastInference2.xml
2 ms. Memory: 515072K Free: 176480K (34%)
----------------- Invoking toplevel() on ptolemy.moml.MoMLSimpleApplication@3557a3fb
----------------- Done invoking toplevel() on ptolemy.moml.MoMLSimpleApplication@3557a3fb
reloadAllAccessors: .expressionCastInference2

===========================================================================================
----------------- testing Sat Jul 04 15:04:32 UTC 2020 /home/travis/build/icyphy/ptII/ptolemy/actor/lib/test/auto/expressionInference.xml
----------------- Instantiating /home/travis/build/icyphy/ptII/ptolemy/actor/lib/test/auto/expressionInference.xml
2 ms. Memory: 515072K Free: 172384K (33%)
----------------- Invoking toplevel() on ptolemy.moml.MoMLSimpleApplication@10b9e1e0
----------------- Done invoking toplevel() on ptolemy.moml.MoMLSimpleApplication@10b9e1e0
reloadAllAccessors: .expressionInference

===========================================================================================
----------------- testing Sat Jul 04 15:04:32 UTC 2020 /home/travis/build/icyphy/ptII/ptolemy/actor/lib/test/auto/expression_bug.xml
----------------- Instantiating /home/travis/build/icyphy/ptII/ptolemy/actor/lib/test/auto/expression_bug.xml
1 ms. Memory: 515072K Free: 167774K (33%)
----------------- Invoking toplevel() on ptolemy.moml.MoMLSimpleApplication@7422f2f9
----------------- Done invoking toplevel() on ptolemy.moml.MoMLSimpleApplication@7422f2f9
reloadAllAccessors: .expression_bug

===========================================================================================
----------------- testing Sat Jul 04 15:04:32 UTC 2020 /home/travis/build/icyphy/ptII/ptolemy/actor/lib/test/auto/factorial.xml
----------------- Instantiating /home/travis/build/icyphy/ptII/ptolemy/actor/lib/test/auto/factorial.xml
36 ms. Memory: 515072K Free: 159582K (31%)
----------------- Invoking toplevel() on ptolemy.moml.MoMLSimpleApplication@78d8c1ee
----------------- Done invoking toplevel() on ptolemy.moml.MoMLSimpleApplication@78d8c1ee
reloadAllAccessors: .factorial

===========================================================================================
----------------- testing Sat Jul 04 15:04:32 UTC 2020 /home/travis/build/icyphy/ptII/ptolemy/actor/lib/test/auto/filterTest1.xml
----------------- Instantiating /home/travis/build/icyphy/ptII/ptolemy/actor/lib/test/auto/filterTest1.xml
3 ms. Memory: 515072K Free: 454776K (88%)
----------------- Invoking toplevel() on ptolemy.moml.MoMLSimpleApplication@76f346ea
----------------- Done invoking toplevel() on ptolemy.moml.MoMLSimpleApplication@76f346ea
reloadAllAccessors: .filterTest1

===========================================================================================
----------------- testing Sat Jul 04 15:04:32 UTC 2020 /home/travis/build/icyphy/ptII/ptolemy/actor/lib/test/auto/funcApplyInConst.xml
----------------- Instantiating /home/travis/build/icyphy/ptII/ptolemy/actor/lib/test/auto/funcApplyInConst.xml
1 ms. Memory: 515072K Free: 450680K (87%)
----------------- Invoking toplevel() on ptolemy.moml.MoMLSimpleApplication@34fd2b7a
----------------- Done invoking toplevel() on ptolemy.moml.MoMLSimpleApplication@34fd2b7a
reloadAllAccessors: .funcApplyInConst

===========================================================================================
----------------- testing Sat Jul 04 15:04:32 UTC 2020 /home/travis/build/icyphy/ptII/ptolemy/actor/lib/test/auto/funcApplyInExpr.xml
----------------- Instantiating /home/travis/build/icyphy/ptII/ptolemy/actor/lib/test/auto/funcApplyInExpr.xml
2 ms. Memory: 515072K Free: 447094K (87%)
----------------- Invoking toplevel() on ptolemy.moml.MoMLSimpleApplication@cd62163
----------------- Done invoking toplevel() on ptolemy.moml.MoMLSimpleApplication@cd62163
reloadAllAccessors: .funcApplyInExpr

===========================================================================================
----------------- testing Sat Jul 04 15:04:32 UTC 2020 /home/travis/build/icyphy/ptII/ptolemy/actor/lib/test/auto/function.xml
----------------- Instantiating /home/travis/build/icyphy/ptII/ptolemy/actor/lib/test/auto/function.xml
2 ms. Memory: 515072K Free: 441974K (86%)
----------------- Invoking toplevel() on ptolemy.moml.MoMLSimpleApplication@7b0fe084
----------------- Done invoking toplevel() on ptolemy.moml.MoMLSimpleApplication@7b0fe084
reloadAllAccessors: .function

===========================================================================================
----------------- testing Sat Jul 04 15:04:33 UTC 2020 /home/travis/build/icyphy/ptII/ptolemy/actor/lib/test/auto/function2.xml
----------------- Instantiating /home/travis/build/icyphy/ptII/ptolemy/actor/lib/test/auto/function2.xml
2 ms. Memory: 515072K Free: 437368K (85%)
----------------- Invoking toplevel() on ptolemy.moml.MoMLSimpleApplication@61afdec8
----------------- Done invoking toplevel() on ptolemy.moml.MoMLSimpleApplication@61afdec8
reloadAllAccessors: .function2

===========================================================================================
----------------- testing Sat Jul 04 15:04:33 UTC 2020 /home/travis/build/icyphy/ptII/ptolemy/actor/lib/test/auto/function3.xml
----------------- Instantiating /home/travis/build/icyphy/ptII/ptolemy/actor/lib/test/auto/function3.xml
2 ms. Memory: 515072K Free: 433272K (84%)
----------------- Invoking toplevel() on ptolemy.moml.MoMLSimpleApplication@2cc13bc2
----------------- Done invoking toplevel() on ptolemy.moml.MoMLSimpleApplication@2cc13bc2
reloadAllAccessors: .function3

===========================================================================================
----------------- testing Sat Jul 04 15:04:33 UTC 2020 /home/travis/build/icyphy/ptII/ptolemy/actor/lib/test/auto/functionClosureTest1.xml
----------------- Instantiating /home/travis/build/icyphy/ptII/ptolemy/actor/lib/test/auto/functionClosureTest1.xml
2 ms. Memory: 515072K Free: 427624K (83%)
----------------- Invoking toplevel() on ptolemy.moml.MoMLSimpleApplication@3182ff29
----------------- Done invoking toplevel() on ptolemy.moml.MoMLSimpleApplication@3182ff29
reloadAllAccessors: .functionClosureTest1

===========================================================================================
----------------- testing Sat Jul 04 15:04:33 UTC 2020 /home/travis/build/icyphy/ptII/ptolemy/actor/lib/test/auto/functionClosureTest2.xml
----------------- Instantiating /home/travis/build/icyphy/ptII/ptolemy/actor/lib/test/auto/functionClosureTest2.xml
2 ms. Memory: 515072K Free: 423542K (82%)
----------------- Invoking toplevel() on ptolemy.moml.MoMLSimpleApplication@5dce958
----------------- Done invoking toplevel() on ptolemy.moml.MoMLSimpleApplication@5dce958
reloadAllAccessors: .functionClosureTest2

===========================================================================================
----------------- testing Sat Jul 04 15:04:33 UTC 2020 /home/travis/build/icyphy/ptII/ptolemy/actor/lib/test/auto/functionClosureTest3.xml
----------------- Instantiating /home/travis/build/icyphy/ptII/ptolemy/actor/lib/test/auto/functionClosureTest3.xml
2 ms. Memory: 515072K Free: 418408K (81%)
----------------- Invoking toplevel() on ptolemy.moml.MoMLSimpleApplication@716b088
----------------- Done invoking toplevel() on ptolemy.moml.MoMLSimpleApplication@716b088
reloadAllAccessors: .functionClosureTest3

===========================================================================================
----------------- testing Sat Jul 04 15:04:33 UTC 2020 /home/travis/build/icyphy/ptII/ptolemy/actor/lib/test/auto/functionClosureTest4.xml
----------------- Instantiating /home/travis/build/icyphy/ptII/ptolemy/actor/lib/test/auto/functionClosureTest4.xml
4 ms. Memory: 515072K Free: 411768K (80%)
----------------- Invoking toplevel() on ptolemy.moml.MoMLSimpleApplication@11703776
----------------- Done invoking toplevel() on ptolemy.moml.MoMLSimpleApplication@11703776
reloadAllAccessors: .functionClosureTest4

===========================================================================================
----------------- testing Sat Jul 04 15:04:33 UTC 2020 /home/travis/build/icyphy/ptII/ptolemy/actor/lib/test/auto/functionClosureTest5.xml
----------------- Instantiating /home/travis/build/icyphy/ptII/ptolemy/actor/lib/test/auto/functionClosureTest5.xml
4 ms. Memory: 515072K Free: 406648K (79%)
----------------- Invoking toplevel() on ptolemy.moml.MoMLSimpleApplication@1cfae967
----------------- Done invoking toplevel() on ptolemy.moml.MoMLSimpleApplication@1cfae967
reloadAllAccessors: .functionClosureTest5

===========================================================================================
----------------- testing Sat Jul 04 15:04:33 UTC 2020 /home/travis/build/icyphy/ptII/ptolemy/actor/lib/test/auto/functionClosureTest6.xml
----------------- Instantiating /home/travis/build/icyphy/ptII/ptolemy/actor/lib/test/auto/functionClosureTest6.xml
2 ms. Memory: 515072K Free: 401528K (78%)
----------------- Invoking toplevel() on ptolemy.moml.MoMLSimpleApplication@359e77da
----------------- Done invoking toplevel() on ptolemy.moml.MoMLSimpleApplication@359e77da
reloadAllAccessors: .functionClosureTest6

===========================================================================================
----------------- testing Sat Jul 04 15:04:33 UTC 2020 /home/travis/build/icyphy/ptII/ptolemy/actor/lib/test/auto/functionsOnArcs.xml
----------------- Instantiating /home/travis/build/icyphy/ptII/ptolemy/actor/lib/test/auto/functionsOnArcs.xml
1 ms. Memory: 515072K Free: 396408K (77%)
----------------- Invoking toplevel() on ptolemy.moml.MoMLSimpleApplication@2adb4fc4
----------------- Done invoking toplevel() on ptolemy.moml.MoMLSimpleApplication@2adb4fc4
reloadAllAccessors: .functionsOnArcs

===========================================================================================
----------------- testing Sat Jul 04 15:04:33 UTC 2020 /home/travis/build/icyphy/ptII/ptolemy/actor/lib/test/auto/functionsOnArcsHOF.xml
----------------- Instantiating /home/travis/build/icyphy/ptII/ptolemy/actor/lib/test/auto/functionsOnArcsHOF.xml
4 ms. Memory: 515072K Free: 390264K (76%)
----------------- Invoking toplevel() on ptolemy.moml.MoMLSimpleApplication@587ff5a2
----------------- Done invoking toplevel() on ptolemy.moml.MoMLSimpleApplication@587ff5a2
reloadAllAccessors: .functionsOnArcsHOF

===========================================================================================
----------------- testing Sat Jul 04 15:04:33 UTC 2020 /home/travis/build/icyphy/ptII/ptolemy/actor/lib/test/auto/logic.xml
----------------- Instantiating /home/travis/build/icyphy/ptII/ptolemy/actor/lib/test/auto/logic.xml
1 ms. Memory: 515072K Free: 383096K (74%)
----------------- Invoking toplevel() on ptolemy.moml.MoMLSimpleApplication@322e73b4
----------------- Done invoking toplevel() on ptolemy.moml.MoMLSimpleApplication@322e73b4
reloadAllAccessors: .logic

===========================================================================================
----------------- testing Sat Jul 04 15:04:33 UTC 2020 /home/travis/build/icyphy/ptII/ptolemy/actor/lib/test/auto/matrixType.xml
----------------- Instantiating /home/travis/build/icyphy/ptII/ptolemy/actor/lib/test/auto/matrixType.xml
1 ms. Memory: 515072K Free: 377462K (73%)
----------------- Invoking toplevel() on ptolemy.moml.MoMLSimpleApplication@20a953fd
----------------- Done invoking toplevel() on ptolemy.moml.MoMLSimpleApplication@20a953fd
reloadAllAccessors: .matrixType

===========================================================================================
----------------- testing Sat Jul 04 15:04:33 UTC 2020 /home/travis/build/icyphy/ptII/ptolemy/actor/lib/test/auto/matrixType10.xml
----------------- Instantiating /home/travis/build/icyphy/ptII/ptolemy/actor/lib/test/auto/matrixType10.xml
2 ms. Memory: 515072K Free: 372856K (72%)
----------------- Invoking toplevel() on ptolemy.moml.MoMLSimpleApplication@63649a56
----------------- Done invoking toplevel() on ptolemy.moml.MoMLSimpleApplication@63649a56
reloadAllAccessors: .matrixType10

===========================================================================================
----------------- testing Sat Jul 04 15:04:33 UTC 2020 /home/travis/build/icyphy/ptII/ptolemy/actor/lib/test/auto/matrixType11.xml
----------------- Instantiating /home/travis/build/icyphy/ptII/ptolemy/actor/lib/test/auto/matrixType11.xml
2 ms. Memory: 515072K Free: 367736K (71%)
----------------- Invoking toplevel() on ptolemy.moml.MoMLSimpleApplication@40712a9
----------------- Done invoking toplevel() on ptolemy.moml.MoMLSimpleApplication@40712a9
reloadAllAccessors: .matrixType11

===========================================================================================
----------------- testing Sat Jul 04 15:04:33 UTC 2020 /home/travis/build/icyphy/ptII/ptolemy/actor/lib/test/auto/matrixType12.xml
----------------- Instantiating /home/travis/build/icyphy/ptII/ptolemy/actor/lib/test/auto/matrixType12.xml
1 ms. Memory: 515072K Free: 363126K (71%)
----------------- Invoking toplevel() on ptolemy.moml.MoMLSimpleApplication@2b0a812a
----------------- Done invoking toplevel() on ptolemy.moml.MoMLSimpleApplication@2b0a812a
reloadAllAccessors: .matrixType12

===========================================================================================
----------------- testing Sat Jul 04 15:04:33 UTC 2020 /home/travis/build/icyphy/ptII/ptolemy/actor/lib/test/auto/matrixType13.xml
----------------- Instantiating /home/travis/build/icyphy/ptII/ptolemy/actor/lib/test/auto/matrixType13.xml
2 ms. Memory: 515072K Free: 358006K (70%)
----------------- Invoking toplevel() on ptolemy.moml.MoMLSimpleApplication@648cf2e3
----------------- Done invoking toplevel() on ptolemy.moml.MoMLSimpleApplication@648cf2e3
reloadAllAccessors: .matrixType13

===========================================================================================
----------------- testing Sat Jul 04 15:04:33 UTC 2020 /home/travis/build/icyphy/ptII/ptolemy/actor/lib/test/auto/matrixType14.xml
----------------- Instantiating /home/travis/build/icyphy/ptII/ptolemy/actor/lib/test/auto/matrixType14.xml
2 ms. Memory: 515072K Free: 352886K (69%)
----------------- Invoking toplevel() on ptolemy.moml.MoMLSimpleApplication@2bd04d0f
----------------- Done invoking toplevel() on ptolemy.moml.MoMLSimpleApplication@2bd04d0f
reloadAllAccessors: .matrixType14

===========================================================================================
----------------- testing Sat Jul 04 15:04:33 UTC 2020 /home/travis/build/icyphy/ptII/ptolemy/actor/lib/test/auto/matrixType2.xml
----------------- Instantiating /home/travis/build/icyphy/ptII/ptolemy/actor/lib/test/auto/matrixType2.xml
2 ms. Memory: 515072K Free: 347766K (68%)
----------------- Invoking toplevel() on ptolemy.moml.MoMLSimpleApplication@712ab5cf
----------------- Done invoking toplevel() on ptolemy.moml.MoMLSimpleApplication@712ab5cf
reloadAllAccessors: .matrixType2

===========================================================================================
----------------- testing Sat Jul 04 15:04:33 UTC 2020 /home/travis/build/icyphy/ptII/ptolemy/actor/lib/test/auto/matrixType3.xml
----------------- Instantiating /home/travis/build/icyphy/ptII/ptolemy/actor/lib/test/auto/matrixType3.xml
3 ms. Memory: 515072K Free: 343160K (67%)
----------------- Invoking toplevel() on ptolemy.moml.MoMLSimpleApplication@4d5e6bf5
----------------- Done invoking toplevel() on ptolemy.moml.MoMLSimpleApplication@4d5e6bf5
reloadAllAccessors: .matrixType3

===========================================================================================
----------------- testing Sat Jul 04 15:04:33 UTC 2020 /home/travis/build/icyphy/ptII/ptolemy/actor/lib/test/auto/matrixType4.xml
----------------- Instantiating /home/travis/build/icyphy/ptII/ptolemy/actor/lib/test/auto/matrixType4.xml
1 ms. Memory: 515072K Free: 338040K (66%)
----------------- Invoking toplevel() on ptolemy.moml.MoMLSimpleApplication@139dc2c2
----------------- Done invoking toplevel() on ptolemy.moml.MoMLSimpleApplication@139dc2c2
reloadAllAccessors: .matrixType4

===========================================================================================
----------------- testing Sat Jul 04 15:04:33 UTC 2020 /home/travis/build/icyphy/ptII/ptolemy/actor/lib/test/auto/matrixType5.xml
----------------- Instantiating /home/travis/build/icyphy/ptII/ptolemy/actor/lib/test/auto/matrixType5.xml
1 ms. Memory: 515072K Free: 333430K (65%)
----------------- Invoking toplevel() on ptolemy.moml.MoMLSimpleApplication@21855c3f
----------------- Done invoking toplevel() on ptolemy.moml.MoMLSimpleApplication@21855c3f
reloadAllAccessors: .matrixType5

===========================================================================================
----------------- testing Sat Jul 04 15:04:33 UTC 2020 /home/travis/build/icyphy/ptII/ptolemy/actor/lib/test/auto/matrixType6.xml
----------------- Instantiating /home/travis/build/icyphy/ptII/ptolemy/actor/lib/test/auto/matrixType6.xml
1 ms. Memory: 515072K Free: 328310K (64%)
----------------- Invoking toplevel() on ptolemy.moml.MoMLSimpleApplication@3efa37b5
----------------- Done invoking toplevel() on ptolemy.moml.MoMLSimpleApplication@3efa37b5
reloadAllAccessors: .matrixType6

===========================================================================================
----------------- testing Sat Jul 04 15:04:33 UTC 2020 /home/travis/build/icyphy/ptII/ptolemy/actor/lib/test/auto/matrixType7.xml
----------------- Instantiating /home/travis/build/icyphy/ptII/ptolemy/actor/lib/test/auto/matrixType7.xml
2 ms. Memory: 515072K Free: 323704K (63%)
----------------- Invoking toplevel() on ptolemy.moml.MoMLSimpleApplication@7a1d4965
----------------- Done invoking toplevel() on ptolemy.moml.MoMLSimpleApplication@7a1d4965
reloadAllAccessors: .matrixType7

===========================================================================================
----------------- testing Sat Jul 04 15:04:33 UTC 2020 /home/travis/build/icyphy/ptII/ptolemy/actor/lib/test/auto/matrixType8.xml
----------------- Instantiating /home/travis/build/icyphy/ptII/ptolemy/actor/lib/test/auto/matrixType8.xml
2 ms. Memory: 515072K Free: 318584K (62%)
----------------- Invoking toplevel() on ptolemy.moml.MoMLSimpleApplication@653c1301
----------------- Done invoking toplevel() on ptolemy.moml.MoMLSimpleApplication@653c1301
reloadAllAccessors: .matrixType8

===========================================================================================
----------------- testing Sat Jul 04 15:04:33 UTC 2020 /home/travis/build/icyphy/ptII/ptolemy/actor/lib/test/auto/matrixType9.xml
----------------- Instantiating /home/travis/build/icyphy/ptII/ptolemy/actor/lib/test/auto/matrixType9.xml
1 ms. Memory: 515072K Free: 313974K (61%)
----------------- Invoking toplevel() on ptolemy.moml.MoMLSimpleApplication@42569da1
----------------- Done invoking toplevel() on ptolemy.moml.MoMLSimpleApplication@42569da1
reloadAllAccessors: .matrixType9

===========================================================================================
----------------- testing Sat Jul 04 15:04:33 UTC 2020 /home/travis/build/icyphy/ptII/ptolemy/actor/lib/test/auto/paraFunctest.xml
----------------- Instantiating /home/travis/build/icyphy/ptII/ptolemy/actor/lib/test/auto/paraFunctest.xml
1 ms. Memory: 515072K Free: 309368K (60%)
----------------- Invoking toplevel() on ptolemy.moml.MoMLSimpleApplication@2f6b79f6
----------------- Done invoking toplevel() on ptolemy.moml.MoMLSimpleApplication@2f6b79f6
reloadAllAccessors: .paraFunctest

===========================================================================================
----------------- testing Sat Jul 04 15:04:33 UTC 2020 /home/travis/build/icyphy/ptII/ptolemy/actor/lib/test/auto/paraFunctest2.xml
----------------- Instantiating /home/travis/build/icyphy/ptII/ptolemy/actor/lib/test/auto/paraFunctest2.xml
2 ms. Memory: 515072K Free: 304758K (59%)
----------------- Invoking toplevel() on ptolemy.moml.MoMLSimpleApplication@3a5522b
----------------- Done invoking toplevel() on ptolemy.moml.MoMLSimpleApplication@3a5522b
reloadAllAccessors: .paraFunctest2

===========================================================================================
----------------- testing Sat Jul 04 15:04:33 UTC 2020 /home/travis/build/icyphy/ptII/ptolemy/actor/lib/test/auto/parameterPassing.xml
----------------- Instantiating /home/travis/build/icyphy/ptII/ptolemy/actor/lib/test/auto/parameterPassing.xml
1 ms. Memory: 515072K Free: 300152K (58%)
----------------- Invoking toplevel() on ptolemy.moml.MoMLSimpleApplication@575f4323
----------------- Done invoking toplevel() on ptolemy.moml.MoMLSimpleApplication@575f4323
reloadAllAccessors: .parameterPassing

===========================================================================================
----------------- testing Sat Jul 04 15:04:33 UTC 2020 /home/travis/build/icyphy/ptII/ptolemy/actor/lib/test/auto/record.xml
----------------- Instantiating /home/travis/build/icyphy/ptII/ptolemy/actor/lib/test/auto/record.xml
3 ms. Memory: 515072K Free: 295542K (57%)
----------------- Invoking toplevel() on ptolemy.moml.MoMLSimpleApplication@5421527f
----------------- Done invoking toplevel() on ptolemy.moml.MoMLSimpleApplication@5421527f
reloadAllAccessors: .record

===========================================================================================
----------------- testing Sat Jul 04 15:04:33 UTC 2020 /home/travis/build/icyphy/ptII/ptolemy/actor/lib/test/auto/sizedarray1.xml
----------------- Instantiating /home/travis/build/icyphy/ptII/ptolemy/actor/lib/test/auto/sizedarray1.xml
1 ms. Memory: 515072K Free: 289912K (56%)
----------------- Invoking toplevel() on ptolemy.moml.MoMLSimpleApplication@38f2e658
----------------- Done invoking toplevel() on ptolemy.moml.MoMLSimpleApplication@38f2e658
reloadAllAccessors: .sizedarray1

===========================================================================================
----------------- testing Sat Jul 04 15:04:33 UTC 2020 /home/travis/build/icyphy/ptII/ptolemy/actor/lib/test/auto/sizedarray2.xml
----------------- Instantiating /home/travis/build/icyphy/ptII/ptolemy/actor/lib/test/auto/sizedarray2.xml
2 ms. Memory: 515072K Free: 284792K (55%)
----------------- Invoking toplevel() on ptolemy.moml.MoMLSimpleApplication@1582f8b8
----------------- Done invoking toplevel() on ptolemy.moml.MoMLSimpleApplication@1582f8b8
reloadAllAccessors: .sizedarray2

===========================================================================================
----------------- testing Sat Jul 04 15:04:33 UTC 2020 /home/travis/build/icyphy/ptII/ptolemy/actor/lib/test/auto/twoPublishers.xml
----------------- Instantiating /home/travis/build/icyphy/ptII/ptolemy/actor/lib/test/auto/twoPublishers.xml
6 ms. Memory: 515072K Free: 274024K (53%)
----------------- Invoking toplevel() on ptolemy.moml.MoMLSimpleApplication@57c68ff3
----------------- Done invoking toplevel() on ptolemy.moml.MoMLSimpleApplication@57c68ff3
reloadAllAccessors: .twoPublishers
AutoTests.java: About to close Vertx.
AutoTests.java: Vertx closed.
]]></system-out>
  <system-err><![CDATA[java.lang.RuntimeException: Execution failed
	at ptolemy.moml.MoMLSimpleApplication$UnloadThread.run(MoMLSimpleApplication.java:402)
Caused by: java.lang.RuntimeException: StringUtilities.exit() was called. Normally, we would exit here because Manager.exitAfterWrapup() was called.  However, because the ptolemy.ptII.exitAfterWrapup property is set, we throw this exception instead.
	at ptolemy.util.StringUtilities.exit(StringUtilities.java:365)
	at ptolemy.actor.Manager.wrapup(Manager.java:1549)
	at ptolemy.actor.Manager.execute(Manager.java:407)
	at ptolemy.actor.Manager.run(Manager.java:1263)
	at ptolemy.actor.Manager$PtolemyRunThread.run(Manager.java:1933)
Warning: '.top.test' is in training mode, set the trainingMode parameter to false before checking in
Warning: '.top.test' is in training mode, set the trainingMode parameter to false before checking in
Warning: '.top.test' is in training mode, set the trainingMode parameter to false before checking in
Warning: '.BooleanSwitch_RegressionTest_WrongTrainingValues.Test' is in training mode, set the trainingMode parameter to false before checking in
Warning: '.BooleanSwitch_RegressionTest_WrongTrainingValues.Test2' is in training mode, set the trainingMode parameter to false before checking in
Warning: '.BooleanSwitch_RegressionTest_WrongTrainingValues.Test2' The test produced 0 tokens.
Warning: '.top.testExceptionHandler' is in training mode, set the trainingMode parameter to false before checking in
java.lang.RuntimeException: Execution failed
	at ptolemy.moml.MoMLSimpleApplication$UnloadThread.run(MoMLSimpleApplication.java:402)
Caused by: ptolemy.kernel.util.IllegalActionException: PublisherPorts cannot be used at the top level, use a Publisher actor instead.
  in .PublisherPortToplevelSubscriber.PublisherPort
	at ptolemy.actor.PublisherPort.preinitialize(PublisherPort.java:403)
	at ptolemy.actor.CompositeActor.preinitialize(CompositeActor.java:1769)
	at ptolemy.actor.Manager.preinitializeAndResolveTypes(Manager.java:1040)
	at ptolemy.actor.Manager.initialize(Manager.java:710)
	at ptolemy.actor.Manager.execute(Manager.java:356)
	at ptolemy.actor.Manager.run(Manager.java:1263)
	at ptolemy.actor.Manager$PtolemyRunThread.run(Manager.java:1933)
java.lang.reflect.InvocationTargetException
	at java.base/jdk.internal.reflect.NativeConstructorAccessorImpl.newInstance0(Native Method)
	at java.base/jdk.internal.reflect.NativeConstructorAccessorImpl.newInstance(NativeConstructorAccessorImpl.java:62)
	at java.base/jdk.internal.reflect.DelegatingConstructorAccessorImpl.newInstance(DelegatingConstructorAccessorImpl.java:45)
	at java.base/java.lang.reflect.Constructor.newInstance(Constructor.java:490)
	at ptolemy.util.test.junit.AutoKnownFailedTests.RunModel(AutoKnownFailedTests.java:105)
	at java.base/jdk.internal.reflect.NativeMethodAccessorImpl.invoke0(Native Method)
	at java.base/jdk.internal.reflect.NativeMethodAccessorImpl.invoke(NativeMethodAccessorImpl.java:62)
	at java.base/jdk.internal.reflect.DelegatingMethodAccessorImpl.invoke(DelegatingMethodAccessorImpl.java:43)
	at java.base/java.lang.reflect.Method.invoke(Method.java:566)
	at org.junit.runners.model.FrameworkMethod$1.runReflectiveCall(FrameworkMethod.java:44)
	at org.junit.internal.runners.model.ReflectiveCallable.run(ReflectiveCallable.java:15)
	at org.junit.runners.model.FrameworkMethod.invokeExplosively(FrameworkMethod.java:41)
	at junitparams.internal.InvokeParameterisedMethod.evaluate(InvokeParameterisedMethod.java:102)
	at org.junit.internal.runners.statements.FailOnTimeout$1.run(FailOnTimeout.java:28)
Caused by: ptolemy.kernel.util.IllegalActionException: PublisherPorts cannot be used at the top level, use a Publisher actor instead.
  in .PublisherPortToplevelSubscriber.PublisherPort
	at ptolemy.actor.PublisherPort.preinitialize(PublisherPort.java:403)
	at ptolemy.actor.CompositeActor.preinitialize(CompositeActor.java:1769)
	at ptolemy.actor.Manager.preinitializeAndResolveTypes(Manager.java:1040)
	at ptolemy.actor.Manager.initialize(Manager.java:710)
	at ptolemy.actor.Manager.execute(Manager.java:356)
	at ptolemy.actor.Manager.run(Manager.java:1263)
	at ptolemy.actor.Manager$PtolemyRunThread.run(Manager.java:1933)
java.lang.RuntimeException: Execution failed
	at ptolemy.moml.MoMLSimpleApplication$UnloadThread.run(MoMLSimpleApplication.java:402)
Caused by: ptolemy.kernel.util.IllegalActionException: SubscriberPorts cannot be used at the top level, use a Subscriber actor instead.
  in .PublisherSubscriberPortToplevel.SubscriberPort
	at ptolemy.actor.SubscriberPort.preinitialize(SubscriberPort.java:328)
	at ptolemy.actor.CompositeActor.preinitialize(CompositeActor.java:1769)
	at ptolemy.actor.Manager.preinitializeAndResolveTypes(Manager.java:1040)
	at ptolemy.actor.Manager.initialize(Manager.java:710)
	at ptolemy.actor.Manager.execute(Manager.java:356)
	at ptolemy.actor.Manager.run(Manager.java:1263)
	at ptolemy.actor.Manager$PtolemyRunThread.run(Manager.java:1933)
java.lang.reflect.InvocationTargetException
	at java.base/jdk.internal.reflect.NativeConstructorAccessorImpl.newInstance0(Native Method)
	at java.base/jdk.internal.reflect.NativeConstructorAccessorImpl.newInstance(NativeConstructorAccessorImpl.java:62)
	at java.base/jdk.internal.reflect.DelegatingConstructorAccessorImpl.newInstance(DelegatingConstructorAccessorImpl.java:45)
	at java.base/java.lang.reflect.Constructor.newInstance(Constructor.java:490)
	at ptolemy.util.test.junit.AutoKnownFailedTests.RunModel(AutoKnownFailedTests.java:105)
	at java.base/jdk.internal.reflect.NativeMethodAccessorImpl.invoke0(Native Method)
	at java.base/jdk.internal.reflect.NativeMethodAccessorImpl.invoke(NativeMethodAccessorImpl.java:62)
	at java.base/jdk.internal.reflect.DelegatingMethodAccessorImpl.invoke(DelegatingMethodAccessorImpl.java:43)
	at java.base/java.lang.reflect.Method.invoke(Method.java:566)
	at org.junit.runners.model.FrameworkMethod$1.runReflectiveCall(FrameworkMethod.java:44)
	at org.junit.internal.runners.model.ReflectiveCallable.run(ReflectiveCallable.java:15)
	at org.junit.runners.model.FrameworkMethod.invokeExplosively(FrameworkMethod.java:41)
	at junitparams.internal.InvokeParameterisedMethod.evaluate(InvokeParameterisedMethod.java:102)
	at org.junit.internal.runners.statements.FailOnTimeout$1.run(FailOnTimeout.java:28)
Caused by: ptolemy.kernel.util.IllegalActionException: SubscriberPorts cannot be used at the top level, use a Subscriber actor instead.
  in .PublisherSubscriberPortToplevel.SubscriberPort
	at ptolemy.actor.SubscriberPort.preinitialize(SubscriberPort.java:328)
	at ptolemy.actor.CompositeActor.preinitialize(CompositeActor.java:1769)
	at ptolemy.actor.Manager.preinitializeAndResolveTypes(Manager.java:1040)
	at ptolemy.actor.Manager.initialize(Manager.java:710)
	at ptolemy.actor.Manager.execute(Manager.java:356)
	at ptolemy.actor.Manager.run(Manager.java:1263)
	at ptolemy.actor.Manager$PtolemyRunThread.run(Manager.java:1933)
java.lang.RuntimeException: Execution failed
	at ptolemy.moml.MoMLSimpleApplication$UnloadThread.run(MoMLSimpleApplication.java:402)
Caused by: ptolemy.kernel.util.IllegalActionException: SubscriptionAggregatorPorts cannot be used at the top level, use a SubscriptionAggregator actor instead.
  in .PublisherSubscriptionAggregatorPort.SubscriptionAggregatorPort
	at ptolemy.actor.SubscriptionAggregatorPort.preinitialize(SubscriptionAggregatorPort.java:353)
	at ptolemy.actor.CompositeActor.preinitialize(CompositeActor.java:1769)
	at ptolemy.actor.Manager.preinitializeAndResolveTypes(Manager.java:1040)
	at ptolemy.actor.Manager.initialize(Manager.java:710)
	at ptolemy.actor.Manager.execute(Manager.java:356)
	at ptolemy.actor.Manager.run(Manager.java:1263)
	at ptolemy.actor.Manager$PtolemyRunThread.run(Manager.java:1933)
java.lang.reflect.InvocationTargetException
	at java.base/jdk.internal.reflect.NativeConstructorAccessorImpl.newInstance0(Native Method)
	at java.base/jdk.internal.reflect.NativeConstructorAccessorImpl.newInstance(NativeConstructorAccessorImpl.java:62)
	at java.base/jdk.internal.reflect.DelegatingConstructorAccessorImpl.newInstance(DelegatingConstructorAccessorImpl.java:45)
	at java.base/java.lang.reflect.Constructor.newInstance(Constructor.java:490)
	at ptolemy.util.test.junit.AutoKnownFailedTests.RunModel(AutoKnownFailedTests.java:105)
	at java.base/jdk.internal.reflect.NativeMethodAccessorImpl.invoke0(Native Method)
	at java.base/jdk.internal.reflect.NativeMethodAccessorImpl.invoke(NativeMethodAccessorImpl.java:62)
	at java.base/jdk.internal.reflect.DelegatingMethodAccessorImpl.invoke(DelegatingMethodAccessorImpl.java:43)
	at java.base/java.lang.reflect.Method.invoke(Method.java:566)
	at org.junit.runners.model.FrameworkMethod$1.runReflectiveCall(FrameworkMethod.java:44)
	at org.junit.internal.runners.model.ReflectiveCallable.run(ReflectiveCallable.java:15)
	at org.junit.runners.model.FrameworkMethod.invokeExplosively(FrameworkMethod.java:41)
	at junitparams.internal.InvokeParameterisedMethod.evaluate(InvokeParameterisedMethod.java:102)
	at org.junit.internal.runners.statements.FailOnTimeout$1.run(FailOnTimeout.java:28)
Caused by: ptolemy.kernel.util.IllegalActionException: SubscriptionAggregatorPorts cannot be used at the top level, use a SubscriptionAggregator actor instead.
  in .PublisherSubscriptionAggregatorPort.SubscriptionAggregatorPort
	at ptolemy.actor.SubscriptionAggregatorPort.preinitialize(SubscriptionAggregatorPort.java:353)
	at ptolemy.actor.CompositeActor.preinitialize(CompositeActor.java:1769)
	at ptolemy.actor.Manager.preinitializeAndResolveTypes(Manager.java:1040)
	at ptolemy.actor.Manager.initialize(Manager.java:710)
	at ptolemy.actor.Manager.execute(Manager.java:356)
	at ptolemy.actor.Manager.run(Manager.java:1263)
	at ptolemy.actor.Manager$PtolemyRunThread.run(Manager.java:1933)
java.lang.RuntimeException: Execution failed
	at ptolemy.moml.MoMLSimpleApplication$UnloadThread.run(MoMLSimpleApplication.java:402)
Caused by: ptolemy.kernel.util.IllegalActionException: TypeTest actor has no training data.
  in .sizedarray3.TypeTest
	at ptolemy.actor.lib.TypeTest.initialize(TypeTest.java:250)
	at ptolemy.actor.Director.initialize(Director.java:938)
	at ptolemy.actor.Director.initialize(Director.java:907)
	at ptolemy.actor.sched.StaticSchedulingDirector.initialize(StaticSchedulingDirector.java:159)
	at ptolemy.domains.sdf.kernel.SDFDirector.initialize(SDFDirector.java:544)
	at ptolemy.actor.CompositeActor.initialize(CompositeActor.java:935)
	at ptolemy.actor.Manager.initialize(Manager.java:724)
	at ptolemy.actor.Manager.execute(Manager.java:356)
	at ptolemy.actor.Manager.run(Manager.java:1263)
	at ptolemy.actor.Manager$PtolemyRunThread.run(Manager.java:1933)
java.lang.reflect.InvocationTargetException
	at java.base/jdk.internal.reflect.NativeConstructorAccessorImpl.newInstance0(Native Method)
	at java.base/jdk.internal.reflect.NativeConstructorAccessorImpl.newInstance(NativeConstructorAccessorImpl.java:62)
	at java.base/jdk.internal.reflect.DelegatingConstructorAccessorImpl.newInstance(DelegatingConstructorAccessorImpl.java:45)
	at java.base/java.lang.reflect.Constructor.newInstance(Constructor.java:490)
	at ptolemy.util.test.junit.AutoKnownFailedTests.RunModel(AutoKnownFailedTests.java:105)
	at java.base/jdk.internal.reflect.NativeMethodAccessorImpl.invoke0(Native Method)
	at java.base/jdk.internal.reflect.NativeMethodAccessorImpl.invoke(NativeMethodAccessorImpl.java:62)
	at java.base/jdk.internal.reflect.DelegatingMethodAccessorImpl.invoke(DelegatingMethodAccessorImpl.java:43)
	at java.base/java.lang.reflect.Method.invoke(Method.java:566)
	at org.junit.runners.model.FrameworkMethod$1.runReflectiveCall(FrameworkMethod.java:44)
	at org.junit.internal.runners.model.ReflectiveCallable.run(ReflectiveCallable.java:15)
	at org.junit.runners.model.FrameworkMethod.invokeExplosively(FrameworkMethod.java:41)
	at junitparams.internal.InvokeParameterisedMethod.evaluate(InvokeParameterisedMethod.java:102)
	at org.junit.internal.runners.statements.FailOnTimeout$1.run(FailOnTimeout.java:28)
Caused by: ptolemy.kernel.util.IllegalActionException: TypeTest actor has no training data.
  in .sizedarray3.TypeTest
	at ptolemy.actor.lib.TypeTest.initialize(TypeTest.java:250)
	at ptolemy.actor.Director.initialize(Director.java:938)
	at ptolemy.actor.Director.initialize(Director.java:907)
	at ptolemy.actor.sched.StaticSchedulingDirector.initialize(StaticSchedulingDirector.java:159)
	at ptolemy.domains.sdf.kernel.SDFDirector.initialize(SDFDirector.java:544)
	at ptolemy.actor.CompositeActor.initialize(CompositeActor.java:935)
	at ptolemy.actor.Manager.initialize(Manager.java:724)
	at ptolemy.actor.Manager.execute(Manager.java:356)
	at ptolemy.actor.Manager.run(Manager.java:1263)
	at ptolemy.actor.Manager$PtolemyRunThread.run(Manager.java:1933)
]]></system-err>
</testsuite>
