<?xml version="1.0" encoding="UTF-8" ?>
<testsuite errors="1" failures="1" hostname="travis-job-32050fb4-ec4f-4013-8c24-2c179187042c" name="ptolemy.actor.lib.test.junit.JUnitTclTest" skipped="0" tests="517" time="62.997" timestamp="2019-10-24T06:13:59">
  <properties>
    <property name="npm.executable" value="npm" />
    <property name="env.TRAVIS_ROOT" value="/" />
    <property name="ptII.mk.exists" value="true" />
    <property name="env.TRAVIS_APP_HOST" value="build.travis-ci.org" />
    <property name="env.rvm_bin_path" value="/home/travis/.rvm/bin" />
    <property name="java.home" value="/usr/local/lib/jvm/openjdk11" />
    <property name="env.TRAVIS_JOB_NUMBER" value="1374.8" />
    <property name="env.TRAVIS_HOME" value="/home/travis" />
    <property name="env.DISPLAY" value=":99.0" />
    <property name="env.TRAVIS_INIT" value="systemd" />
    <property name="env.SSH_TTY" value="/dev/pts/0" />
    <property name="java.net.preferIPv4Stack" value="true" />
    <property name="env.RUN_TESTS" value="true" />
    <property name="timeout.short" value="1000000" />
    <property name="junit.formatter" value="xml" />
    <property name="env.TRAVIS_SUDO" value="true" />
    <property name="env.TRAVIS_JOB_NAME" value="" />
    <property name="env.TRAVIS_STACK_NODE_ATTRIBUTES" value="/.node-attributes.yml" />
    <property name="env.LOGNAME" value="travis" />
    <property name="env.PT_TRAVIS_TEST_CORE1_XML" value="true" />
    <property name="jsdoc.home" value="node_modules/@terraswarm/jsdoc" />
    <property name="debuglevel" value="source,lines,vars" />
    <property name="checkstyle.formatter" value="xml" />
    <property name="env._system_version" value="16.04" />
    <property name="bin.vergil.makeable" value="true" />
    <property name="sun.os.patch.level" value="unknown" />
    <property name="java.vendor.url" value="http://java.oracle.com/" />
    <property name="env.TRAVIS_BUILD_WEB_URL" value="https://travis-ci.org/icyphy/ptII/builds/602156845" />
    <property name="java.version" value="11.0.2" />
    <property name="env.TZ" value="UTC" />
    <property name="env.TRAVIS_PULL_REQUEST_SHA" value="" />
    <property name="env.PT_NO_NET" value="true" />
    <property name="env.TRAVIS_SECURE_ENV_VARS" value="true" />
    <property name="env._system_type" value="Linux" />
    <property name="java.vendor.url.bug" value="http://bugreport.java.com/bugreport/" />
    <property name="npmjs-org-is-up" value="true" />
    <property name="env.LANGUAGE" value="en_US.UTF-8" />
    <property name="env.SSH_CLIENT" value="10.16.5.10 57052 22" />
    <property name="env.GEM_HOME" value="/home/travis/.rvm/gems/ruby-2.5.3" />
    <property name="env.HAS_ANTARES_THREE_LITTLE_FRONZIES_BADGE" value="true" />
    <property name="java.version.date" value="2019-01-15" />
    <property name="env.PS4" value="+" />
    <property name="ant.project.invoked-targets" value="build,test.core1.xml" />
    <property name="env.TRAVIS_PULL_REQUEST_BRANCH" value="" />
    <property name="env.TRAVIS_REPO_SLUG" value="icyphy/ptII" />
    <property name="env.XDG_DATA_DIRS" value="/usr/local/share:/usr/share:/var/lib/snapd/desktop" />
    <property name="jdk.debug" value="release" />
    <property name="env.TRAVIS_APT_PROXY" value="http://apt.cache.travis-ci.com" />
    <property name="node.in.path" value="true" />
    <property name="user.name" value="travis" />
    <property name="java.maxmemory" value="1400m" />
    <property name="env.RUBY_VERSION" value="ruby-2.5.3" />
    <property name="env.LANG" value="en_US.UTF-8" />
    <property name="sun.io.unicode.encoding" value="UnicodeLittle" />
    <property name="sun.jnu.encoding" value="UTF-8" />
    <property name="java.runtime.name" value="OpenJDK Runtime Environment" />
    <property name="usefile" value="false" />
    <property name="return.code" value="0" />
    <property name="junit.single.formatter" value="plain" />
    <property name="env.DYLD_LIBRARY_PATH" value="/home/travis/pthla/certi-tools/lib:" />
    <property name="env.DEBIAN_FRONTEND" value="noninteractive" />
    <property name="env.SSH_CONNECTION" value="10.16.5.10 57052 10.20.1.125 22" />
    <property name="env.MYSQL_UNIX_PORT" value="/var/run/mysqld/mysqld.sock" />
    <property name="env.LC_ALL" value="en_US.UTF-8" />
    <property name="env.TRAVIS_ALLOW_FAILURE" value="false" />
    <property name="env.TRAVIS_JOB_WEB_URL" value="https://travis-ci.org/icyphy/ptII/jobs/602156853" />
    <property name="java.specification.name" value="Java Platform API Specification" />
    <property name="node.works" value="true" />
    <property name="user.timezone" value="" />
    <property name="path.separator" value=":" />
    <property name="env.TRAVIS_ENABLE_INFRA_DETECTION" value="true" />
    <property name="env.PYTHON_CFLAGS" value="-g -fstack-protector --param=ssp-buffer-size=4 -Wformat -Werror=format-security" />
    <property name="timeout.long" value="4000000" />
    <property name="env.CERTI_HOME" value="/home/travis/pthla/certi-tools" />
    <property name="ant.file.ptII" value="/home/travis/build/icyphy/ptII/build.xml" />
    <property name="javadoc.packagenames" value="com.*,diva.*,lbnl.*,org.hlacerti.*,org.json.*,org.ptolemy.*,org.terraswarm.*,ptolemy.*,ptserver.*" />
    <property name="file.encoding" value="UTF-8" />
    <property name="env.TRAVIS_PULL_REQUEST_SLUG" value="" />
    <property name="ant.project.default-target" value="build" />
    <property name="env.GIT_ASKPASS" value="echo" />
    <property name="env.HOME" value="/home/travis" />
    <property name="sun.java.command" value="org.apache.tools.ant.taskdefs.optional.junit.JUnitTestRunner ptolemy.actor.lib.test.junit.JUnitTclTest skipNonTests=false filtertrace=true haltOnError=false haltOnFailure=false formatter=org.apache.tools.ant.taskdefs.optional.junit.OutErrSummaryJUnitResultFormatter showoutput=true outputtoformatters=true logfailedtests=true threadid=0 logtestlistenerevents=false formatter=org.apache.tools.ant.taskdefs.optional.junit.XMLJUnitResultFormatter,/home/travis/build/icyphy/ptII/reports/junit/TEST-ptolemy.actor.lib.test.junit.JUnitTclTest.xml crashfile=/home/travis/build/icyphy/ptII/junitvmwatcher7849051849160999034.properties propsfile=/home/travis/build/icyphy/ptII/junit9342679828496919872.properties" />
    <property name="env.COMPOSER_NO_INTERACTION" value="1" />
    <property name="env.MANPATH" value="/home/travis/.nvm/versions/node/v7.10.1/share/man:/home/travis/.rvm/rubies/ruby-2.5.3/share/man:/usr/local/cmake-3.12.4/man:/usr/local/clang-7.0.0/share/man:/usr/local/man:/usr/local/share/man:/usr/share/man:/home/travis/.rvm/man" />
    <property name="env.TRAVIS_TIMER_ID" value="1dfdb614" />
    <property name="ant.file" value="/home/travis/build/icyphy/ptII/build.xml" />
    <property name="env.TRAVIS_COMMIT_RANGE" value="948bf656f66248ff65af09b7e6cc9885ef1f544d...4d8f235a1445b5e1cf53b20eaca7c153db736dc2" />
    <property name="env._system_name" value="Ubuntu" />
    <property name="ptII.classpath.optional.property" value="/home/travis/build/icyphy/ptII/lib/bsh-2.0b4.jar:/home/travis/build/icyphy/ptII/lib/ptCal.jar:/home/travis/build/icyphy/ptII/lib/java_cup.jar:/home/travis/build/icyphy/ptII/lib/saxon8.jar:/home/travis/build/icyphy/ptII/lib/saxon8-dom.jar:/home/travis/build/icyphy/ptII/lib/chic.jar:/home/travis/build/icyphy/ptII/lib/ptcolt.jar:/home/travis/build/icyphy/ptII/vendors/misc/itext/iText.jar:/home/travis/build/icyphy/ptII/lib/g4ltl.jar:/home/travis/build/icyphy/ptII/lib/StructuralCoder.jar:/home/travis/build/icyphy/ptII/lib/jcerti.jar:/home/travis/build/icyphy/ptII/lib/javax.mail.jar:/home/travis/build/icyphy/ptII/vendors/JMF-2.1.1e/lib/jmf.jar:/home/travis/build/icyphy/ptII/lib/jna-4.0.0-variadic.jar:/home/travis/build/icyphy/ptII/vendors/misc/joystick/Joystick.jar:/home/travis/build/icyphy/ptII/lib/ptjacl.jar:/home/travis/build/icyphy/ptII/lib/jsoup-1.8.2.jar:/home/travis/build/icyphy/ptII/lib/junit-4.8.2.jar:/home/travis/build/icyphy/ptII/lib/JUnitParams-0.4.0.jar:/home/travis/build/icyphy/ptII/ptolemy/actor/lib/excel/jxl.jar:/home/travis/build/icyphy/ptII/lib/jython.jar:/home/travis/build/icyphy/ptII/lib/kieler.jar:/home/travis/build/icyphy/ptII/vendors/opencv/share/OpenCV/java/opencv-341.jar:/home/travis/build/icyphy/ptII/lib/oscP5.jar:/home/travis/build/icyphy/ptII/lib/nrjavaserial-3.11.0.devel.jar:/home/travis/build/icyphy/ptII/vendors/j3d/lib/Linux/j3dcore.jar:/home/travis/build/icyphy/ptII/vendors/j3d/lib/Linux/j3dutils.jar:/home/travis/build/icyphy/ptII/vendors/j3d/lib/Linux/vecmath.jar:/home/travis/build/icyphy/ptII/vendors/jogl/lib/Linux/gluegen-rt-natives-linux-amd64.jar:/home/travis/build/icyphy/ptII/vendors/jogl/lib/Linux/gluegen-rt.jar:/home/travis/build/icyphy/ptII/vendors/jogl/lib/Linux/jogl-all-natives-linux-amd64.jar:/home/travis/build/icyphy/ptII/vendors/jogl/lib/Linux/jogl-all.jar:/home/travis/build/icyphy/ptII/ptolemy/distributed/jini/jar/jini-core.jar:/home/travis/build/icyphy/ptII/ptolemy/distributed/jini/jar/jini-ext.jar:/home/travis/build/icyphy/ptII/ptolemy/distributed/jini/jar/sun-util.jar:/home/travis/build/icyphy/ptII/lib/protobuf-java-2.4.1.jar:/home/travis/build/icyphy/ptII/lib/org.eclipse.paho.client.mqttv3.jar:/home/travis/build/icyphy/ptII/lib/mapss.jar:/home/travis/build/icyphy/ptII/ptolemy/actor/ptalon/antlr/antlr.jar:/home/travis/build/icyphy/ptII/lib/JRI.jar:/home/travis/build/icyphy/ptII/lib/commons-lang-2.6.jar:/home/travis/build/icyphy/ptII/lib/commons-logging-1.1.1.jar:/home/travis/build/icyphy/ptII/lib/sootclasses.jar:/home/travis/build/icyphy/ptII/ptolemy/actor/lib/database/mysql-connector-java-5.1.6-bin.jar:/home/travis/build/icyphy/ptII/vendors/misc/sphinx4/sphinx4-data-5prealpha.jar:/home/travis/build/icyphy/ptII/vendors/misc/sphinx4/sphinx4-core-5prealpha.jar:/home/travis/build/icyphy/ptII/lib/PDFRenderer.jar:/home/travis/build/icyphy/ptII/lib/svgSalamander.jar:/home/travis/build/icyphy/ptII/lib/rsyntaxtextarea-2.6.0-SNAPSHOT.jar:/home/travis/build/icyphy/ptII/lib/hazelcast-3.8.2.jar:/home/travis/build/icyphy/ptII/lib/jackson-annotations-2.9.0.jar:/home/travis/build/icyphy/ptII/lib/jackson-core-2.9.3.jar:/home/travis/build/icyphy/ptII/lib/jackson-databind-2.9.3.jar:/home/travis/build/icyphy/ptII/lib/netty-buffer-4.1.19.Final.jar:/home/travis/build/icyphy/ptII/lib/netty-codec-4.1.19.Final.jar:/home/travis/build/icyphy/ptII/lib/netty-codec-dns-4.1.19.Final.jar:/home/travis/build/icyphy/ptII/lib/netty-codec-http-4.1.19.Final.jar:/home/travis/build/icyphy/ptII/lib/netty-codec-http2-4.1.19.Final.jar:/home/travis/build/icyphy/ptII/lib/netty-common-4.1.19.Final.jar:/home/travis/build/icyphy/ptII/lib/netty-handler-4.1.19.Final.jar:/home/travis/build/icyphy/ptII/lib/netty-resolver-4.1.19.Final.jar:/home/travis/build/icyphy/ptII/lib/netty-resolver-dns-4.1.19.Final.jar:/home/travis/build/icyphy/ptII/lib/netty-transport-4.1.19.Final.jar:/home/travis/build/icyphy/ptII/lib/vertx-codegen-3.5.1.jar:/home/travis/build/icyphy/ptII/lib/vertx-core-3.5.2-SNAPSHOT.jar:/home/travis/build/icyphy/ptII/lib/vertx-hazelcast-3.5.1.jar:/home/travis/build/icyphy/ptII/lib/vertx-lang-js-3.5.1.jar:/home/travis/build/icyphy/ptII/lib/vertx-service-proxy-3.5.1.jar:/home/travis/build/icyphy/ptII/lib/vertx-web-3.5.1.jar:/home/travis/build/icyphy/ptII/lib/slf4j-api-1.7.13.jar:/home/travis/build/icyphy/ptII/lib/slf4j-simple-1.7.13.jar:/home/travis/build/icyphy/ptII/lib/webcam-capture-0.3.12.jar:/home/travis/build/icyphy/ptII/lib/bridj-0.7.0.jar:/home/travis/build/icyphy/ptII/lib/xbjlib-1.1.0.nrjavaserial.jar" />
    <property name="timeout" value="2400000" />
    <property name="test.batch" value="**/junit/*.java" />
    <property name="env._" value="/usr/bin/timeout" />
    <property name="java.io.tmpdir" value="/tmp" />
    <property name="user.language" value="en" />
    <property name="env.TRAVIS_INTERNAL_RUBY_REGEX" value="^ruby-(2\.[0-4]\.[0-9]|1\.9\.3)" />
    <property name="env.HISTCONTROL" value="ignoredups:ignorespace" />
    <property name="env.GOROOT" value="/home/travis/.gimme/versions/go1.11.1.linux.amd64" />
    <property name="line.separator" value="&#xa;" />
    <property name="target" value="11" />
    <property name="env.TRAVIS_BUILD_DIR" value="/home/travis/build/icyphy/ptII" />
    <property name="env.ANT_OPTS" value="-Xmx2048m" />
    <property name="ant.file.type" value="file" />
    <property name="ptolemy.ptII.batchMode" value="true" />
    <property name="env.HISTSIZE" value="1000" />
    <property name="env.MERB_ENV" value="test" />
    <property name="java.vm.info" value="mixed mode" />
    <property name="source" value="11" />
    <property name="java.vm.specification.name" value="Java Virtual Machine Specification" />
    <property name="env.TRAVIS_TEST_RESULT" value="0" />
    <property name="jsdoc.command" value="node_modules/@terraswarm/jsdoc/jsdoc.js" />
    <property name="npm.works" value="true" />
    <property name="cobertura.dir" value="/home/travis/build/icyphy/ptII/vendors/cobertura-2.0.3" />
    <property name="jsdoc.command.exists" value="true" />
    <property name="env.rvm_path" value="/home/travis/.rvm" />
    <property name="env.GEM_PATH" value="/home/travis/.rvm/gems/ruby-2.5.3:/home/travis/.rvm/gems/ruby-2.5.3@global" />
    <property name="env.LC_CTYPE" value="en_US.UTF-8" />
    <property name="env.TRAVIS_CMD" value="$PTII/bin/ptIITravisBuild.sh $SECONDS" />
    <property name="java.awt.printerjob" value="sun.print.PSPrinterJob" />
    <property name="env.TRAVIS_STACK_NAME" value="sardonyx" />
    <property name="env.TRAVIS_TIMER_START_TIME" value="1571896971089981263" />
    <property name="ant.version" value="Apache Ant(TM) version 1.10.1 compiled on February 2 2017" />
    <property name="ptII.reports" value="/home/travis/build/icyphy/ptII/reports" />
    <property name="env.TRAVIS_STACK_TIMESTAMP" value="2019-03-25 16:16:56 UTC" />
    <property name="ant.file.type.ptII" value="file" />
    <property name="env.RBENV_SHELL" value="bash" />
    <property name="os.name" value="Linux" />
    <property name="java.specification.vendor" value="Oracle Corporation" />
    <property name="env.rvm_version" value="1.29.7 (latest)" />
    <property name="env.TRAVIS_INFRA" value="unknown" />
    <property name="env.TERM" value="xterm" />
    <property name="java.vm.name" value="OpenJDK 64-Bit Server VM" />
    <property name="env.TRAVIS_BUILD_NUMBER" value="1374" />
    <property name="env.CI" value="true" />
    <property name="java.library.path" value="/home/travis/pthla/certi-tools/lib:/usr/lib/jni:/usr/local/share/OpenCV/java/:/usr/share/OpenCV/java::/usr/java/packages/lib:/usr/lib64:/lib64:/lib:/usr/lib" />
    <property name="jdk.module.path" value="/home/travis/build/icyphy/ptII/vendors/javafx/javafx-sdk-11.0.2/lib:" />
    <property name="env.rvm_prefix" value="/home/travis" />
    <property name="env.PATH" value="/home/travis/pthla/certi-tools/share/scripts:/home/travis/.rvm/gems/ruby-2.5.3/bin:/home/travis/.rvm/gems/ruby-2.5.3@global/bin:/home/travis/.rvm/rubies/ruby-2.5.3/bin:/home/travis/.rvm/bin:/home/travis/.nvm/versions/node/v7.10.1/bin:./node_modules/.bin:/home/travis/build/icyphy/ptII/bin:/home/travis/pthla/certi-tools/bin:/home/travis/bin:/home/travis/.local/bin:/usr/local/lib/jvm/openjdk11/bin:/opt/pyenv/shims:/home/travis/.phpenv/shims:/home/travis/perl5/perlbrew/bin:/home/travis/gopath/bin:/home/travis/.gimme/versions/go1.11.1.linux.amd64/bin:/usr/local/maven-3.6.0/bin:/usr/local/cmake-3.12.4/bin:/usr/local/clang-7.0.0/bin:/usr/local/sbin:/usr/local/bin:/usr/sbin:/usr/bin:/sbin:/bin:/snap/bin:/home/travis/.phpenv/bin:/opt/pyenv/bin:/home/travis/.yarn/bin" />
    <property name="env.TRAVIS_OS_NAME" value="linux" />
    <property name="ant.java.version" value="9" />
    <property name="basedir" value="/home/travis/build/icyphy/ptII" />
    <property name="java.class.version" value="55.0" />
    <property name="env.SHLVL" value="3" />
    <property name="env.LD_LIBRARY_PATH" value="/home/travis/pthla/certi-tools/lib:/usr/lib/jni:/usr/local/share/OpenCV/java/:/usr/share/OpenCV/java:" />
    <property name="env.RACK_ENV" value="test" />
    <property name="ant.home" value="/home/travis/build/icyphy/ptII/ant" />
    <property name="env.NVM_DIR" value="/home/travis/.nvm" />
    <property name="env.CERTI_FOM_PATH" value="/home/travis/pthla/certi-tools/share/federations" />
    <property name="env.TRAVIS_BUILD_ID" value="602156845" />
    <property name="env.PYENV_ROOT" value="/opt/pyenv" />
    <property name="env.TRAVIS_UID" value="2000" />
    <property name="prism.verbose" value="true" />
    <property name="env.NVM_BIN" value="/home/travis/.nvm/versions/node/v7.10.1/bin" />
    <property name="env.TRAVIS_COMMIT" value="4d8f235a1445b5e1cf53b20eaca7c153db736dc2" />
    <property name="env._system_arch" value="x86_64" />
    <property name="node.executable" value="node" />
    <property name="sun.boot.library.path" value="/usr/local/lib/jvm/openjdk11/lib" />
    <property name="sun.management.compiler" value="HotSpot 64-Bit Tiered Compilers" />
    <property name="java.awt.graphicsenv" value="sun.awt.X11GraphicsEnvironment" />
    <property name="env.GOPATH" value="/home/travis/gopath" />
    <property name="ptolemy.ptII.dir" value="/home/travis/build/icyphy/ptII" />
    <property name="env.USER" value="travis" />
    <property name="env.HISTFILESIZE" value="2000" />
    <property name="timeout.longest" value="19000000" />
    <property name="env.PERLBREW_SHELLRC_VERSION" value="0.86" />
    <property name="env.TRAVIS_STACK_FEATURES" value="basic couchdb disabled-ipv6 docker docker-compose elasticsearch firefox go-toolchain google-chrome jdk memcached mongodb mysql nodejs_interpreter perl_interpreter perlbrew phantomjs postgresql python_interpreter redis ruby_interpreter sqlite xserver" />
    <property name="env.TRAVIS_PULL_REQUEST" value="false" />
    <property name="env.PYENV_SHELL" value="bash" />
    <property name="ant.project.name" value="ptII" />
    <property name="env.ANSI_RESET" value="\033[0m" />
    <property name="java.vm.specification.version" value="11" />
    <property name="env.TRAVIS_DIST" value="xenial" />
    <property name="env.CERTI_VERSION" value="4.0.0" />
    <property name="env.CERTI_HOST" value="localhost" />
    <property name="awt.toolkit" value="sun.awt.X11.XToolkit" />
    <property name="env.MY_RUBY_HOME" value="/home/travis/.rvm/rubies/ruby-2.5.3" />
    <property name="sun.cpu.isalist" value="" />
    <property name="env.TRAVIS_TMPDIR" value="/tmp/tmp.j8vfOJZOPN" />
    <property name="java.vm.compressedOopsMode" value="Zero based" />
    <property name="os.version" value="4.15.0-1028-gcp" />
    <property name="user.home" value="/home/travis" />
    <property name="java.vm.vendor" value="Oracle Corporation" />
    <property name="env.TRAVIS_TAG" value="nightly" />
    <property name="env.ANSI_YELLOW" value="\033[33;1m" />
    <property name="env.TRAVIS_FILTERED" value="redirect_io" />
    <property name="env.ANSI_GREEN" value="\033[32;1m" />
    <property name="env.JAVA_HOME" value="/usr/local/lib/jvm/openjdk11" />
    <property name="javadoc.excludepackagenames" value="adm.cvs2svn.*,build.*,config.*,doc.coding.templates.*,jni.test.jni.meaningOfLife.*,jni.test.jni.testDeux.*,jni.test.jni.testTrois.*,org.terraswarm.accessor.accessors.web.node_modules.*,org.terraswarm.accessor.accessors.web.hosts.cordova.demo.*,org.terraswarm.accessor.accessors.web.hosts.cordova.plugins.*,org.terraswarm.accessor.accessors-svn.*,pt-modules.*,ptolemy.apps.agilent.*,ptolemy.apps.anytimecontrol.*,ptolemy.apps.apes.*,ptolemy.apps.charon.*,ptolemy.apps.crazyboard.*,ptolemy.apps.eclipse.*,ptolemy.apps.etherealSting.*,ptolemy.apps.fullscreen.*,ptolemy.apps.giotto.*,ptolemy.apps.ia.*,ptolemy.apps.interfaces.*,ptolemy.apps.jmf.*,ptolemy.apps.kurt.*,ptolemy.apps.kvm.*,ptolemy.apps.lego.*,ptolemy.apps.lejos.*,ptolemy.apps.midp.*,ptolemy.apps.mobileCoding.*,ptolemy.apps.pendulum.*,ptolemy.apps.rijndael.*,ptolemy.apps.robot.*,ptolemy.apps.security.*,ptolemy.apps.sobel.*,ptolemy.apps.soot.*,ptolemy.apps.throttle.*,ptolemy.apps.tini.*,ptolemy.apps.transmission.*,ptolemy.apps.vergil.*,ptolemy.apps.waba.*,ptolemy.apps.websensor.*,ptolemy.apps.webstart.*,ptolemy.apps.xsl.*,ptolemy.apps.zaurus.*,ptolemy.codegen.c.actor.lib.oldJavaFiles.*,ptolemy.codegen.dsp.lib.*,ptolemy.codegen.kernel.newInterfaces.*,ptolemy.codegen.lib.*,ptolemy.copernicus.kernel.fragment.*,ptolemy.copernicus.shallow.cg.*,ptolemy.domains.giotto.demo.Hierarchy.Hierarchy.*,ptolemy.domains.giotto.demo.Multimode.Multimode.*,ptolemy.domains.giotto.demo.Simple.Simple.*,ptolemy.domains.gr.lib.experimental.*,ptolemy.domains.gro.*,ptolemy.domains.pdf.*,ptolemy.domains.ptinyos.demo.Surge.output.*,ptolemy.moml.test.NoPackageActor.java*,ptolemy.plot.adm.*,ptolemy.plot.servlet.*,reports.*,signed.*,src.*,target.*,vendors.*,ptolemy.copernicus.applet.*,ptolemy.media.viewer.*,ptolemy.actor.corba.*,doc.doclets.*,ptolemy.apps.eclipse.awt.*,ptolemy.backtrack.*,ptolemy.backtrack.ast.*,ptolemy.cg.adapter.generic.program.procedural.c.mbed*,ptolemy.homer.*,ptolemy.actor.lib.jai.*,org.ptolemy.scala.*,diva.util.java2d.svg.*,ptolemy.domains.ptinyos.*,ptolemy.actor.lib.fmi.fmipp.*,,org.terraswarm.accessor.accessors.web.node_modules.*,org.terraswarm.accessor.accessors-svn,ptolemy.apps.*,ptolemy.actor.ptalon.demo.ptinyos.SendAndReceiveCnt.output,ptolemy.actor.ptalon.demo.ptinyos.SenseToLeds.output,ptolemy.domains.ptinyos.demo.CntToLedsAndRfm.output,ptolemy.domains.ptinyos.demo.RfmToLeds.output,ptolemy.domains.ptinyos.demo.SendAndReceiveCnt.output,ptolemy.domains.ptinyos.demo.SenseToLeds.output,ptolemy.actor.lib.jjs.modules.udpSocket.*" />
    <property name="env.PTII" value="/home/travis/build/icyphy/ptII" />
    <property name="env.XDG_SESSION_ID" value="2" />
    <property name="keystore" value="ptKeystore" />
    <property name="env.TRAVIS_COMMIT_MESSAGE" value="Updated occupancy" />
    <property name="junit.output.dir" value="/home/travis/build/icyphy/ptII/reports/junit" />
    <property name="npm.return.code" value="0" />
    <property name="user.dir" value="/home/travis/build/icyphy/ptII/ptolemy/actor/lib/test" />
    <property name="env.TRAVIS_NODE_VERSION" value="7" />
    <property name="env.TRAVIS_EVENT_TYPE" value="cron" />
    <property name="env.MAIL" value="/var/mail/travis" />
    <property name="env.PERLBREW_ROOT" value="/home/travis/perl5/perlbrew" />
    <property name="env.PWD" value="/home/travis/build/icyphy/ptII" />
    <property name="timeout.npm" value="45000" />
    <property name="env.TRAVIS_ARCH" value="amd64" />
    <property name="sun.cpu.endian" value="little" />
    <property name="env.PAGER" value="cat" />
    <property name="env.TRAVIS_BUILD_STAGE_NAME" value="Test" />
    <property name="env.PERLBREW_HOME" value="/home/travis/.perlbrew" />
    <property name="java.vm.version" value="11.0.2+9" />
    <property name="env.RAILS_ENV" value="test" />
    <property name="java.class.path" value="/home/travis/.ptolemyII:/home/travis/.ptolemyII/*:/home/travis/build/icyphy/ptII:/home/travis/build/icyphy/ptII/lib/bsh-2.0b4.jar:/home/travis/build/icyphy/ptII/lib/ptCal.jar:/home/travis/build/icyphy/ptII/lib/java_cup.jar:/home/travis/build/icyphy/ptII/lib/saxon8.jar:/home/travis/build/icyphy/ptII/lib/saxon8-dom.jar:/home/travis/build/icyphy/ptII/lib/chic.jar:/home/travis/build/icyphy/ptII/lib/ptcolt.jar:/home/travis/build/icyphy/ptII/vendors/misc/itext/iText.jar:/home/travis/build/icyphy/ptII/lib/g4ltl.jar:/home/travis/build/icyphy/ptII/lib/StructuralCoder.jar:/home/travis/build/icyphy/ptII/lib/jcerti.jar:/home/travis/build/icyphy/ptII/lib/javax.mail.jar:/home/travis/build/icyphy/ptII/vendors/JMF-2.1.1e/lib/jmf.jar:/home/travis/build/icyphy/ptII/lib/jna-4.0.0-variadic.jar:/home/travis/build/icyphy/ptII/vendors/misc/joystick/Joystick.jar:/home/travis/build/icyphy/ptII/lib/ptjacl.jar:/home/travis/build/icyphy/ptII/lib/jsoup-1.8.2.jar:/home/travis/build/icyphy/ptII/lib/junit-4.8.2.jar:/home/travis/build/icyphy/ptII/lib/JUnitParams-0.4.0.jar:/home/travis/build/icyphy/ptII/ptolemy/actor/lib/excel/jxl.jar:/home/travis/build/icyphy/ptII/lib/jython.jar:/home/travis/build/icyphy/ptII/lib/kieler.jar:/home/travis/build/icyphy/ptII/vendors/opencv/share/OpenCV/java/opencv-341.jar:/home/travis/build/icyphy/ptII/lib/oscP5.jar:/home/travis/build/icyphy/ptII/lib/nrjavaserial-3.11.0.devel.jar:/home/travis/build/icyphy/ptII/vendors/j3d/lib/Linux/j3dcore.jar:/home/travis/build/icyphy/ptII/vendors/j3d/lib/Linux/j3dutils.jar:/home/travis/build/icyphy/ptII/vendors/j3d/lib/Linux/vecmath.jar:/home/travis/build/icyphy/ptII/vendors/jogl/lib/Linux/gluegen-rt-natives-linux-amd64.jar:/home/travis/build/icyphy/ptII/vendors/jogl/lib/Linux/gluegen-rt.jar:/home/travis/build/icyphy/ptII/vendors/jogl/lib/Linux/jogl-all-natives-linux-amd64.jar:/home/travis/build/icyphy/ptII/vendors/jogl/lib/Linux/jogl-all.jar:/home/travis/build/icyphy/ptII/ptolemy/distributed/jini/jar/jini-core.jar:/home/travis/build/icyphy/ptII/ptolemy/distributed/jini/jar/jini-ext.jar:/home/travis/build/icyphy/ptII/ptolemy/distributed/jini/jar/sun-util.jar:/home/travis/build/icyphy/ptII/lib/protobuf-java-2.4.1.jar:/home/travis/build/icyphy/ptII/lib/org.eclipse.paho.client.mqttv3.jar:/home/travis/build/icyphy/ptII/lib/mapss.jar:/home/travis/build/icyphy/ptII/ptolemy/actor/ptalon/antlr/antlr.jar:/home/travis/build/icyphy/ptII/lib/JRI.jar:/home/travis/build/icyphy/ptII/lib/commons-lang-2.6.jar:/home/travis/build/icyphy/ptII/lib/commons-logging-1.1.1.jar:/home/travis/build/icyphy/ptII/lib/sootclasses.jar:/home/travis/build/icyphy/ptII/ptolemy/actor/lib/database/mysql-connector-java-5.1.6-bin.jar:/home/travis/build/icyphy/ptII/vendors/misc/sphinx4/sphinx4-data-5prealpha.jar:/home/travis/build/icyphy/ptII/vendors/misc/sphinx4/sphinx4-core-5prealpha.jar:/home/travis/build/icyphy/ptII/lib/PDFRenderer.jar:/home/travis/build/icyphy/ptII/lib/svgSalamander.jar:/home/travis/build/icyphy/ptII/lib/rsyntaxtextarea-2.6.0-SNAPSHOT.jar:/home/travis/build/icyphy/ptII/lib/hazelcast-3.8.2.jar:/home/travis/build/icyphy/ptII/lib/jackson-annotations-2.9.0.jar:/home/travis/build/icyphy/ptII/lib/jackson-core-2.9.3.jar:/home/travis/build/icyphy/ptII/lib/jackson-databind-2.9.3.jar:/home/travis/build/icyphy/ptII/lib/netty-buffer-4.1.19.Final.jar:/home/travis/build/icyphy/ptII/lib/netty-codec-4.1.19.Final.jar:/home/travis/build/icyphy/ptII/lib/netty-codec-dns-4.1.19.Final.jar:/home/travis/build/icyphy/ptII/lib/netty-codec-http-4.1.19.Final.jar:/home/travis/build/icyphy/ptII/lib/netty-codec-http2-4.1.19.Final.jar:/home/travis/build/icyphy/ptII/lib/netty-common-4.1.19.Final.jar:/home/travis/build/icyphy/ptII/lib/netty-handler-4.1.19.Final.jar:/home/travis/build/icyphy/ptII/lib/netty-resolver-4.1.19.Final.jar:/home/travis/build/icyphy/ptII/lib/netty-resolver-dns-4.1.19.Final.jar:/home/travis/build/icyphy/ptII/lib/netty-transport-4.1.19.Final.jar:/home/travis/build/icyphy/ptII/lib/vertx-codegen-3.5.1.jar:/home/travis/build/icyphy/ptII/lib/vertx-core-3.5.2-SNAPSHOT.jar:/home/travis/build/icyphy/ptII/lib/vertx-hazelcast-3.5.1.jar:/home/travis/build/icyphy/ptII/lib/vertx-lang-js-3.5.1.jar:/home/travis/build/icyphy/ptII/lib/vertx-service-proxy-3.5.1.jar:/home/travis/build/icyphy/ptII/lib/vertx-web-3.5.1.jar:/home/travis/build/icyphy/ptII/lib/slf4j-api-1.7.13.jar:/home/travis/build/icyphy/ptII/lib/slf4j-simple-1.7.13.jar:/home/travis/build/icyphy/ptII/lib/webcam-capture-0.3.12.jar:/home/travis/build/icyphy/ptII/lib/bridj-0.7.0.jar:/home/travis/build/icyphy/ptII/lib/xbjlib-1.1.0.nrjavaserial.jar:/home/travis/build/icyphy/ptII/ptolemy/moml/test:/home/travis/build/icyphy/ptII/ant/lib/ant-launcher.jar:/home/travis/build/icyphy/ptII/ant/lib/ant.jar:/home/travis/build/icyphy/ptII/ant/lib/ant-junit.jar:/home/travis/build/icyphy/ptII/ant/lib/ant-junit4.jar" />
    <property name="ant.library.dir" value="/home/travis/build/icyphy/ptII/ant/lib" />
    <property name="os.arch" value="amd64" />
    <property name="env.CONTINUOUS_INTEGRATION" value="true" />
    <property name="env.TRAVIS_LANGUAGE" value="node_js" />
    <property name="env.TRAVIS_STACK_LANGUAGES" value="__sardonyx__ c c++ clojure cplusplus cpp default generic go groovy java node_js php pure_java python ruby scala" />
    <property name="test.name" value="ptolemy.actor.lib.test.junit.JUnitTclTest" />
    <property name="env.APT_KEY_DONT_WARN_ON_DANGEROUS_USAGE" value="1" />
    <property name="sun.java.launcher" value="SUN_STANDARD" />
    <property name="env.PYTHON_CONFIGURE_OPTS" value="--enable-unicode=ucs4 --with-wide-unicode --enable-shared --enable-ipv6 --enable-loadable-sqlite-extensions --with-computed-gotos" />
    <property name="ant.core.lib" value="/home/travis/build/icyphy/ptII/ant/lib/ant.jar" />
    <property name="java.vm.specification.vendor" value="Oracle Corporation" />
    <property name="env.BCVTB_HOME" value="/home/travis/build/icyphy/ptII/lbnl" />
    <property name="file.separator" value="/" />
    <property name="spotbugs.home" value="/home/travis/build/icyphy/ptII/vendors/spotbugs-3.1.1" />
    <property name="java.runtime.version" value="11.0.2+9" />
    <property name="env.ANSI_CLEAR" value="\033[0K" />
    <property name="javafx.verbose" value="true" />
    <property name="env.HAS_JOSH_K_SEAL_OF_APPROVAL" value="true" />
    <property name="env.XDG_RUNTIME_DIR" value="/run/user/2000" />
    <property name="env.TRAVIS_OSX_IMAGE" value="" />
    <property name="env.TRAVIS_JOB_ID" value="602156853" />
    <property name="env.TRAVIS_BRANCH" value="master" />
    <property name="user.country" value="US" />
    <property name="env.CERTI_HOME_TRAVIS" value="/home/travis/pthla/certi-tools" />
    <property name="env.SHELL" value="/bin/bash" />
    <property name="java.maxmemory.large" value="3200m" />
    <property name="model" value="" />
    <property name="env.CASHER_DIR" value="/home/travis/.casher" />
    <property name="env.NVM_CD_FLAGS" value="" />
    <property name="java.vendor.version" value="18.9" />
    <property name="jshint.executable" value="/home/travis/node_modules/jshint/bin/jshint" />
    <property name="env.JRUBY_OPTS" value=" --client -J-XX:+TieredCompilation -J-XX:TieredStopAtLevel=1 -J-Xss2m -Xcompile.invokedynamic=false" />
    <property name="java.vendor" value="Oracle Corporation" />
    <property name="env.TRAVIS_PRE_CHEF_BOOTSTRAP_TIME" value="2019-03-25T16:16:42" />
    <property name="env.TRAVIS_STACK_JOB_BOARD_REGISTER" value="/.job-board-register.yml" />
    <property name="env.ANSI_RED" value="\033[31;1m" />
    <property name="java.specification.version" value="11" />
    <property name="env.IRBRC" value="/home/travis/.rvm/rubies/ruby-2.5.3/.irbrc" />
    <property name="env.TRAVIS" value="true" />
    <property name="sun.arch.data.model" value="64" />
  </properties>
  <testcase classname="ptolemy.util.test.junit.TclTests" name="[0] /home/travis/build/icyphy/ptII/ptolemy/actor/lib/test/AbsoluteValue.tcl (RunTclFile)" time="0.568" />
  <testcase classname="ptolemy.util.test.junit.TclTests" name="[1] /home/travis/build/icyphy/ptII/ptolemy/actor/lib/test/AddSubtract.tcl (RunTclFile)" time="0.144" />
  <testcase classname="ptolemy.util.test.junit.TclTests" name="[2] /home/travis/build/icyphy/ptII/ptolemy/actor/lib/test/Average.tcl (RunTclFile)" time="0.035" />
  <testcase classname="ptolemy.util.test.junit.TclTests" name="[3] /home/travis/build/icyphy/ptII/ptolemy/actor/lib/test/Bernoulli.tcl (RunTclFile)" time="0.038" />
  <testcase classname="ptolemy.util.test.junit.TclTests" name="[4] /home/travis/build/icyphy/ptII/ptolemy/actor/lib/test/Clock.tcl (RunTclFile)" time="0.128" />
  <testcase classname="ptolemy.util.test.junit.TclTests" name="[5] /home/travis/build/icyphy/ptII/ptolemy/actor/lib/test/Commutator.tcl (RunTclFile)" time="0.19" />
  <testcase classname="ptolemy.util.test.junit.TclTests" name="[6] /home/travis/build/icyphy/ptII/ptolemy/actor/lib/test/Const.tcl (RunTclFile)" time="0.137" />
  <testcase classname="ptolemy.util.test.junit.TclTests" name="[7] /home/travis/build/icyphy/ptII/ptolemy/actor/lib/test/CurrentTime.tcl (RunTclFile)" time="0.039" />
  <testcase classname="ptolemy.util.test.junit.TclTests" name="[8] /home/travis/build/icyphy/ptII/ptolemy/actor/lib/test/DB.tcl (RunTclFile)" time="0.044" />
  <testcase classname="ptolemy.util.test.junit.TclTests" name="[9] /home/travis/build/icyphy/ptII/ptolemy/actor/lib/test/DiscreteRandomSource.tcl (RunTclFile)" time="0.045" />
  <testcase classname="ptolemy.util.test.junit.TclTests" name="[10] /home/travis/build/icyphy/ptII/ptolemy/actor/lib/test/Distributor.tcl (RunTclFile)" time="0.056" />
  <testcase classname="ptolemy.util.test.junit.TclTests" name="[11] /home/travis/build/icyphy/ptII/ptolemy/actor/lib/test/Exit.tcl (RunTclFile)" time="0.072" />
  <testcase classname="ptolemy.util.test.junit.TclTests" name="[12] /home/travis/build/icyphy/ptII/ptolemy/actor/lib/test/Expression.tcl (RunTclFile)" time="0.083" />
  <testcase classname="ptolemy.util.test.junit.TclTests" name="[13] /home/travis/build/icyphy/ptII/ptolemy/actor/lib/test/Gaussian.tcl (RunTclFile)" time="0.077" />
  <testcase classname="ptolemy.util.test.junit.TclTests" name="[14] /home/travis/build/icyphy/ptII/ptolemy/actor/lib/test/IIR.tcl (RunTclFile)" time="0.03" />
  <testcase classname="ptolemy.util.test.junit.TclTests" name="[15] /home/travis/build/icyphy/ptII/ptolemy/actor/lib/test/Interpolator.tcl (RunTclFile)" time="0.102" />
  <testcase classname="ptolemy.util.test.junit.TclTests" name="[16] /home/travis/build/icyphy/ptII/ptolemy/actor/lib/test/MathFunction.tcl (RunTclFile)" time="0.065" />
  <testcase classname="ptolemy.util.test.junit.TclTests" name="[17] /home/travis/build/icyphy/ptII/ptolemy/actor/lib/test/Maximum.tcl (RunTclFile)" time="0.024" />
  <testcase classname="ptolemy.util.test.junit.TclTests" name="[18] /home/travis/build/icyphy/ptII/ptolemy/actor/lib/test/Minimum.tcl (RunTclFile)" time="0.02" />
  <testcase classname="ptolemy.util.test.junit.TclTests" name="[19] /home/travis/build/icyphy/ptII/ptolemy/actor/lib/test/MultiplyDivide.tcl (RunTclFile)" time="0.045" />
  <testcase classname="ptolemy.util.test.junit.TclTests" name="[20] /home/travis/build/icyphy/ptII/ptolemy/actor/lib/test/OrderedMerge.tcl (RunTclFile)" time="0.113" />
  <testcase classname="ptolemy.util.test.junit.TclTests" name="[21] /home/travis/build/icyphy/ptII/ptolemy/actor/lib/test/Publisher.tcl (RunTclFile)" time="0.801" />
  <testcase classname="ptolemy.util.test.junit.TclTests" name="[22] /home/travis/build/icyphy/ptII/ptolemy/actor/lib/test/Pulse.tcl (RunTclFile)" time="0.068" />
  <testcase classname="ptolemy.util.test.junit.TclTests" name="[23] /home/travis/build/icyphy/ptII/ptolemy/actor/lib/test/Ramp.tcl (RunTclFile)" time="2.263" />
  <testcase classname="ptolemy.util.test.junit.TclTests" name="[24] /home/travis/build/icyphy/ptII/ptolemy/actor/lib/test/RampContinuous.tcl (RunTclFile)" time="0.022" />
  <testcase classname="ptolemy.util.test.junit.TclTests" name="[25] /home/travis/build/icyphy/ptII/ptolemy/actor/lib/test/RecordAssembler.tcl (RunTclFile)" time="0.018" />
  <testcase classname="ptolemy.util.test.junit.TclTests" name="[26] /home/travis/build/icyphy/ptII/ptolemy/actor/lib/test/RecordDisassembler.tcl (RunTclFile)" time="0.035" />
  <testcase classname="ptolemy.util.test.junit.TclTests" name="[27] /home/travis/build/icyphy/ptII/ptolemy/actor/lib/test/Scale.tcl (RunTclFile)" time="0.029" />
  <testcase classname="ptolemy.util.test.junit.TclTests" name="[28] /home/travis/build/icyphy/ptII/ptolemy/actor/lib/test/SequentialClock.tcl (RunTclFile)" time="0.013" />
  <testcase classname="ptolemy.util.test.junit.TclTests" name="[29] /home/travis/build/icyphy/ptII/ptolemy/actor/lib/test/SetVariable.tcl (RunTclFile)" time="0.025">
    <failure message="Number of failed tests is has increased. expected:&lt;0&gt; but was:&lt;1&gt;" type="junit.framework.AssertionFailedError">junit.framework.AssertionFailedError: Number of failed tests is has increased. expected:&lt;0&gt; but was:&lt;1&gt;
	at ptolemy.util.test.junit.TclTests.RunTclFile(TclTests.java:286)
	at jdk.internal.reflect.GeneratedMethodAccessor19.invoke(Unknown Source)
	at java.base/jdk.internal.reflect.DelegatingMethodAccessorImpl.invoke(DelegatingMethodAccessorImpl.java:43)
	at junitparams.internal.InvokeParameterisedMethod.evaluate(InvokeParameterisedMethod.java:102)
	at junitparams.internal.ParameterisedTestMethodRunner.runMethodInvoker(ParameterisedTestMethodRunner.java:47)
	at junitparams.internal.ParameterisedTestMethodRunner.runTestMethod(ParameterisedTestMethodRunner.java:41)
	at junitparams.internal.ParameterisedTestClassRunner.runParameterisedTest(ParameterisedTestClassRunner.java:143)
	at junitparams.JUnitParamsRunner.runChild(JUnitParamsRunner.java:237)
	at junitparams.JUnitParamsRunner.runChild(JUnitParamsRunner.java:215)
</failure>
  </testcase>
  <testcase classname="ptolemy.util.test.junit.TclTests" name="[30] /home/travis/build/icyphy/ptII/ptolemy/actor/lib/test/Sinewave.tcl (RunTclFile)" time="0.059" />
  <testcase classname="ptolemy.util.test.junit.TclTests" name="[31] /home/travis/build/icyphy/ptII/ptolemy/actor/lib/test/SubscriptionAggregator.tcl (RunTclFile)" time="2.423" />
  <testcase classname="ptolemy.util.test.junit.TclTests" name="[32] /home/travis/build/icyphy/ptII/ptolemy/actor/lib/test/Test.tcl (RunTclFile)" time="0.144" />
  <testcase classname="ptolemy.util.test.junit.TclTests" name="[33] /home/travis/build/icyphy/ptII/ptolemy/actor/lib/test/TestExceptionHandler.tcl (RunTclFile)" time="0.012" />
  <testcase classname="ptolemy.util.test.junit.TclTests" name="[34] /home/travis/build/icyphy/ptII/ptolemy/actor/lib/test/UnionDisassembler.tcl (RunTclFile)" time="0.067" />
  <testcase classname="ptolemy.util.test.junit.TclTests" name="[35] /home/travis/build/icyphy/ptII/ptolemy/actor/lib/test/VariableClock.tcl (RunTclFile)" time="0.026" />
  <testcase classname="ptolemy.util.test.junit.AutoKnownFailedTests" name="[0] /home/travis/build/icyphy/ptII/ptolemy/actor/lib/test/auto/knownFailedTests/PublisherPortToplevelSubscriber.xml (RunModel)" time="0.02" />
  <testcase classname="ptolemy.util.test.junit.AutoKnownFailedTests" name="[1] /home/travis/build/icyphy/ptII/ptolemy/actor/lib/test/auto/knownFailedTests/PublisherSubscriberPortToplevel.xml (RunModel)" time="0.023" />
  <testcase classname="ptolemy.util.test.junit.AutoKnownFailedTests" name="[2] /home/travis/build/icyphy/ptII/ptolemy/actor/lib/test/auto/knownFailedTests/PublisherSubscriptionAggregatorPort.xml (RunModel)" time="0.027" />
  <testcase classname="ptolemy.util.test.junit.AutoKnownFailedTests" name="[3] /home/travis/build/icyphy/ptII/ptolemy/actor/lib/test/auto/knownFailedTests/sizedarray3.xml (RunModel)" time="0.029" />
  <testcase classname="ptolemy.util.test.junit.AutoNameArchTests" name="[0] ThereAreNoAutoArchTests (RunModel)" time="0.002" />
  <testcase classname="ptolemy.util.test.junit.AutoTests" name="[0] /home/travis/build/icyphy/ptII/ptolemy/actor/lib/test/auto/AbsoluteValue.xml (RunModel)" time="0.097" />
  <testcase classname="ptolemy.util.test.junit.AutoTests" name="[1] /home/travis/build/icyphy/ptII/ptolemy/actor/lib/test/auto/AbsoluteValue2.xml (RunModel)" time="0.077" />
  <testcase classname="ptolemy.util.test.junit.AutoTests" name="[2] /home/travis/build/icyphy/ptII/ptolemy/actor/lib/test/auto/Accumulator.xml (RunModel)" time="0.132" />
  <testcase classname="ptolemy.util.test.junit.AutoTests" name="[3] /home/travis/build/icyphy/ptII/ptolemy/actor/lib/test/auto/Accumulator2.xml (RunModel)" time="0.054" />
  <testcase classname="ptolemy.util.test.junit.AutoTests" name="[4] /home/travis/build/icyphy/ptII/ptolemy/actor/lib/test/auto/Accumulator3.xml (RunModel)" time="0.016" />
  <testcase classname="ptolemy.util.test.junit.AutoTests" name="[5] /home/travis/build/icyphy/ptII/ptolemy/actor/lib/test/auto/ArrayAppend.xml (RunModel)" time="0.044" />
  <testcase classname="ptolemy.util.test.junit.AutoTests" name="[6] /home/travis/build/icyphy/ptII/ptolemy/actor/lib/test/auto/ArrayAppend2.xml (RunModel)" time="0.373" />
  <testcase classname="ptolemy.util.test.junit.AutoTests" name="[7] /home/travis/build/icyphy/ptII/ptolemy/actor/lib/test/auto/ArrayAppend3.xml (RunModel)" time="0.015" />
  <testcase classname="ptolemy.util.test.junit.AutoTests" name="[8] /home/travis/build/icyphy/ptII/ptolemy/actor/lib/test/auto/ArrayAppend4.xml (RunModel)" time="0.029" />
  <testcase classname="ptolemy.util.test.junit.AutoTests" name="[9] /home/travis/build/icyphy/ptII/ptolemy/actor/lib/test/auto/ArrayAppend5.xml (RunModel)" time="0.016" />
  <testcase classname="ptolemy.util.test.junit.AutoTests" name="[10] /home/travis/build/icyphy/ptII/ptolemy/actor/lib/test/auto/ArrayAppend6.xml (RunModel)" time="0.018" />
  <testcase classname="ptolemy.util.test.junit.AutoTests" name="[11] /home/travis/build/icyphy/ptII/ptolemy/actor/lib/test/auto/ArrayAppendPerformanceTest.xml (RunModel)" time="0.066" />
  <testcase classname="ptolemy.util.test.junit.AutoTests" name="[12] /home/travis/build/icyphy/ptII/ptolemy/actor/lib/test/auto/ArrayAppendWithEmptyInput.xml (RunModel)" time="0.03" />
  <testcase classname="ptolemy.util.test.junit.AutoTests" name="[13] /home/travis/build/icyphy/ptII/ptolemy/actor/lib/test/auto/ArrayAverage.xml (RunModel)" time="0.039" />
  <testcase classname="ptolemy.util.test.junit.AutoTests" name="[14] /home/travis/build/icyphy/ptII/ptolemy/actor/lib/test/auto/ArrayContains.xml (RunModel)" time="0.023" />
  <testcase classname="ptolemy.util.test.junit.AutoTests" name="[15] /home/travis/build/icyphy/ptII/ptolemy/actor/lib/test/auto/ArrayElement.xml (RunModel)" time="0.028" />
  <testcase classname="ptolemy.util.test.junit.AutoTests" name="[16] /home/travis/build/icyphy/ptII/ptolemy/actor/lib/test/auto/ArrayElementAsMatrix.xml (RunModel)" time="0.053" />
  <testcase classname="ptolemy.util.test.junit.AutoTests" name="[17] /home/travis/build/icyphy/ptII/ptolemy/actor/lib/test/auto/ArrayElementI.xml (RunModel)" time="0.013" />
  <testcase classname="ptolemy.util.test.junit.AutoTests" name="[18] /home/travis/build/icyphy/ptII/ptolemy/actor/lib/test/auto/ArrayExtract.xml (RunModel)" time="0.026" />
  <testcase classname="ptolemy.util.test.junit.AutoTests" name="[19] /home/travis/build/icyphy/ptII/ptolemy/actor/lib/test/auto/ArrayExtract2.xml (RunModel)" time="0.02" />
  <testcase classname="ptolemy.util.test.junit.AutoTests" name="[20] /home/travis/build/icyphy/ptII/ptolemy/actor/lib/test/auto/ArrayLength.xml (RunModel)" time="0.012" />
  <testcase classname="ptolemy.util.test.junit.AutoTests" name="[21] /home/travis/build/icyphy/ptII/ptolemy/actor/lib/test/auto/ArrayLevelCrossing.xml (RunModel)" time="0.025" />
  <testcase classname="ptolemy.util.test.junit.AutoTests" name="[22] /home/travis/build/icyphy/ptII/ptolemy/actor/lib/test/auto/ArrayLevelCrossing2.xml (RunModel)" time="0.032" />
  <testcase classname="ptolemy.util.test.junit.AutoTests" name="[23] /home/travis/build/icyphy/ptII/ptolemy/actor/lib/test/auto/ArrayPeakSearch.xml (RunModel)" time="0.038" />
  <testcase classname="ptolemy.util.test.junit.AutoTests" name="[24] /home/travis/build/icyphy/ptII/ptolemy/actor/lib/test/auto/ArrayPeakSearch2.xml (RunModel)" time="0.048" />
  <testcase classname="ptolemy.util.test.junit.AutoTests" name="[25] /home/travis/build/icyphy/ptII/ptolemy/actor/lib/test/auto/ArrayPeakSearch3.xml (RunModel)" time="0.043" />
  <testcase classname="ptolemy.util.test.junit.AutoTests" name="[26] /home/travis/build/icyphy/ptII/ptolemy/actor/lib/test/auto/ArrayRemoveElement.xml (RunModel)" time="0.035" />
  <testcase classname="ptolemy.util.test.junit.AutoTests" name="[27] /home/travis/build/icyphy/ptII/ptolemy/actor/lib/test/auto/ArraySort.xml (RunModel)" time="0.042" />
  <testcase classname="ptolemy.util.test.junit.AutoTests" name="[28] /home/travis/build/icyphy/ptII/ptolemy/actor/lib/test/auto/ArraySum.xml (RunModel)" time="0.022" />
  <testcase classname="ptolemy.util.test.junit.AutoTests" name="[29] /home/travis/build/icyphy/ptII/ptolemy/actor/lib/test/auto/ArrayToElements.xml (RunModel)" time="0.028" />
  <testcase classname="ptolemy.util.test.junit.AutoTests" name="[30] /home/travis/build/icyphy/ptII/ptolemy/actor/lib/test/auto/ArrayToMatrix.xml (RunModel)" time="0.049" />
  <testcase classname="ptolemy.util.test.junit.AutoTests" name="[31] /home/travis/build/icyphy/ptII/ptolemy/actor/lib/test/auto/ArrayUpdate1.xml (RunModel)" time="0.028" />
  <testcase classname="ptolemy.util.test.junit.AutoTests" name="[32] /home/travis/build/icyphy/ptII/ptolemy/actor/lib/test/auto/ArrayUpdate2.xml (RunModel)" time="0.022" />
  <testcase classname="ptolemy.util.test.junit.AutoTests" name="[33] /home/travis/build/icyphy/ptII/ptolemy/actor/lib/test/auto/ArrayUpdate3.xml (RunModel)" time="0.016" />
  <testcase classname="ptolemy.util.test.junit.AutoTests" name="[34] /home/travis/build/icyphy/ptII/ptolemy/actor/lib/test/auto/Assert1.xml (RunModel)" time="0.023" />
  <testcase classname="ptolemy.util.test.junit.AutoTests" name="[35] /home/travis/build/icyphy/ptII/ptolemy/actor/lib/test/auto/Assert2.xml (RunModel)" time="0.014" />
  <testcase classname="ptolemy.util.test.junit.AutoTests" name="[36] /home/travis/build/icyphy/ptII/ptolemy/actor/lib/test/auto/BooleanMultiplexor.xml (RunModel)" time="0.015" />
  <testcase classname="ptolemy.util.test.junit.AutoTests" name="[37] /home/travis/build/icyphy/ptII/ptolemy/actor/lib/test/auto/BooleanMultiplexor2.xml (RunModel)" time="0.025" />
  <testcase classname="ptolemy.util.test.junit.AutoTests" name="[38] /home/travis/build/icyphy/ptII/ptolemy/actor/lib/test/auto/BooleanMultiplexor3.xml (RunModel)" time="0.024" />
  <testcase classname="ptolemy.util.test.junit.AutoTests" name="[39] /home/travis/build/icyphy/ptII/ptolemy/actor/lib/test/auto/BooleanSelect.xml (RunModel)" time="0.024" />
  <testcase classname="ptolemy.util.test.junit.AutoTests" name="[40] /home/travis/build/icyphy/ptII/ptolemy/actor/lib/test/auto/BooleanSelect2.xml (RunModel)" time="0.016" />
  <testcase classname="ptolemy.util.test.junit.AutoTests" name="[41] /home/travis/build/icyphy/ptII/ptolemy/actor/lib/test/auto/BooleanSwitch.xml (RunModel)" time="0.031" />
  <testcase classname="ptolemy.util.test.junit.AutoTests" name="[42] /home/travis/build/icyphy/ptII/ptolemy/actor/lib/test/auto/BooleanSwitch2.xml (RunModel)" time="0.016" />
  <testcase classname="ptolemy.util.test.junit.AutoTests" name="[43] /home/travis/build/icyphy/ptII/ptolemy/actor/lib/test/auto/BooleanSwitchCloningBugWithClassRelationGroup.xml (RunModel)" time="0.04" />
  <testcase classname="ptolemy.util.test.junit.AutoTests" name="[44] /home/travis/build/icyphy/ptII/ptolemy/actor/lib/test/auto/BusActors.xml (RunModel)" time="0.036" />
  <testcase classname="ptolemy.util.test.junit.AutoTests" name="[45] /home/travis/build/icyphy/ptII/ptolemy/actor/lib/test/auto/ClassWrapper.xml (RunModel)" time="0.026" />
  <testcase classname="ptolemy.util.test.junit.AutoTests" name="[46] /home/travis/build/icyphy/ptII/ptolemy/actor/lib/test/auto/Clock.xml (RunModel)" time="0.012" />
  <testcase classname="ptolemy.util.test.junit.AutoTests" name="[47] /home/travis/build/icyphy/ptII/ptolemy/actor/lib/test/auto/Clock10.xml (RunModel)" time="0.017" />
  <testcase classname="ptolemy.util.test.junit.AutoTests" name="[48] /home/travis/build/icyphy/ptII/ptolemy/actor/lib/test/auto/Clock11.xml (RunModel)" time="0.023" />
  <testcase classname="ptolemy.util.test.junit.AutoTests" name="[49] /home/travis/build/icyphy/ptII/ptolemy/actor/lib/test/auto/Clock12.xml (RunModel)" time="0.02" />
  <testcase classname="ptolemy.util.test.junit.AutoTests" name="[50] /home/travis/build/icyphy/ptII/ptolemy/actor/lib/test/auto/Clock13.xml (RunModel)" time="0.017" />
  <testcase classname="ptolemy.util.test.junit.AutoTests" name="[51] /home/travis/build/icyphy/ptII/ptolemy/actor/lib/test/auto/Clock14.xml (RunModel)" time="0.021" />
  <testcase classname="ptolemy.util.test.junit.AutoTests" name="[52] /home/travis/build/icyphy/ptII/ptolemy/actor/lib/test/auto/Clock15.xml (RunModel)" time="0.02" />
  <testcase classname="ptolemy.util.test.junit.AutoTests" name="[53] /home/travis/build/icyphy/ptII/ptolemy/actor/lib/test/auto/Clock16.xml (RunModel)" time="0.102" />
  <testcase classname="ptolemy.util.test.junit.AutoTests" name="[54] /home/travis/build/icyphy/ptII/ptolemy/actor/lib/test/auto/Clock17.xml (RunModel)" time="0.074" />
  <testcase classname="ptolemy.util.test.junit.AutoTests" name="[55] /home/travis/build/icyphy/ptII/ptolemy/actor/lib/test/auto/Clock18.xml (RunModel)" time="0.052" />
  <testcase classname="ptolemy.util.test.junit.AutoTests" name="[56] /home/travis/build/icyphy/ptII/ptolemy/actor/lib/test/auto/Clock19.xml (RunModel)" time="0.041" />
  <testcase classname="ptolemy.util.test.junit.AutoTests" name="[57] /home/travis/build/icyphy/ptII/ptolemy/actor/lib/test/auto/Clock2.xml (RunModel)" time="0.014" />
  <testcase classname="ptolemy.util.test.junit.AutoTests" name="[58] /home/travis/build/icyphy/ptII/ptolemy/actor/lib/test/auto/Clock20.xml (RunModel)" time="0.024" />
  <testcase classname="ptolemy.util.test.junit.AutoTests" name="[59] /home/travis/build/icyphy/ptII/ptolemy/actor/lib/test/auto/Clock21.xml (RunModel)" time="0.018" />
  <testcase classname="ptolemy.util.test.junit.AutoTests" name="[60] /home/travis/build/icyphy/ptII/ptolemy/actor/lib/test/auto/Clock22.xml (RunModel)" time="0.016" />
  <testcase classname="ptolemy.util.test.junit.AutoTests" name="[61] /home/travis/build/icyphy/ptII/ptolemy/actor/lib/test/auto/Clock23.xml (RunModel)" time="0.018" />
  <testcase classname="ptolemy.util.test.junit.AutoTests" name="[62] /home/travis/build/icyphy/ptII/ptolemy/actor/lib/test/auto/Clock24.xml (RunModel)" time="0.018" />
  <testcase classname="ptolemy.util.test.junit.AutoTests" name="[63] /home/travis/build/icyphy/ptII/ptolemy/actor/lib/test/auto/Clock4.xml (RunModel)" time="0.014" />
  <testcase classname="ptolemy.util.test.junit.AutoTests" name="[64] /home/travis/build/icyphy/ptII/ptolemy/actor/lib/test/auto/Clock5.xml (RunModel)" time="0.02" />
  <testcase classname="ptolemy.util.test.junit.AutoTests" name="[65] /home/travis/build/icyphy/ptII/ptolemy/actor/lib/test/auto/Clock6.xml (RunModel)" time="0.017" />
  <testcase classname="ptolemy.util.test.junit.AutoTests" name="[66] /home/travis/build/icyphy/ptII/ptolemy/actor/lib/test/auto/Clock7.xml (RunModel)" time="0.008" />
  <testcase classname="ptolemy.util.test.junit.AutoTests" name="[67] /home/travis/build/icyphy/ptII/ptolemy/actor/lib/test/auto/Clock8.xml (RunModel)" time="0.015" />
  <testcase classname="ptolemy.util.test.junit.AutoTests" name="[68] /home/travis/build/icyphy/ptII/ptolemy/actor/lib/test/auto/Clock9.xml (RunModel)" time="0.014" />
  <testcase classname="ptolemy.util.test.junit.AutoTests" name="[69] /home/travis/build/icyphy/ptII/ptolemy/actor/lib/test/auto/CommDistDiscard.xml (RunModel)" time="0.023" />
  <testcase classname="ptolemy.util.test.junit.AutoTests" name="[70] /home/travis/build/icyphy/ptII/ptolemy/actor/lib/test/auto/Commutator.xml (RunModel)" time="0.013" />
  <testcase classname="ptolemy.util.test.junit.AutoTests" name="[71] /home/travis/build/icyphy/ptII/ptolemy/actor/lib/test/auto/Commutator2.xml (RunModel)" time="0.009" />
  <testcase classname="ptolemy.util.test.junit.AutoTests" name="[72] /home/travis/build/icyphy/ptII/ptolemy/actor/lib/test/auto/Commutator3.xml (RunModel)" time="0.012" />
  <testcase classname="ptolemy.util.test.junit.AutoTests" name="[73] /home/travis/build/icyphy/ptII/ptolemy/actor/lib/test/auto/Compare.xml (RunModel)" time="0.019" />
  <testcase classname="ptolemy.util.test.junit.AutoTests" name="[74] /home/travis/build/icyphy/ptII/ptolemy/actor/lib/test/auto/CompareDE.xml (RunModel)" time="0.019" />
  <testcase classname="ptolemy.util.test.junit.AutoTests" name="[75] /home/travis/build/icyphy/ptII/ptolemy/actor/lib/test/auto/ComplexDivide.xml (RunModel)" time="0.012" />
  <testcase classname="ptolemy.util.test.junit.AutoTests" name="[76] /home/travis/build/icyphy/ptII/ptolemy/actor/lib/test/auto/ComputeHistogram.xml (RunModel)" time="0.066" />
  <testcase classname="ptolemy.util.test.junit.AutoTests" name="[77] /home/travis/build/icyphy/ptII/ptolemy/actor/lib/test/auto/ConfigurationSelect.xml (RunModel)" time="0.02" />
  <testcase classname="ptolemy.util.test.junit.AutoTests" name="[78] /home/travis/build/icyphy/ptII/ptolemy/actor/lib/test/auto/ConfigurationSelect2.xml (RunModel)" time="0.017" />
  <testcase classname="ptolemy.util.test.junit.AutoTests" name="[79] /home/travis/build/icyphy/ptII/ptolemy/actor/lib/test/auto/ConfigurationSwitch.xml (RunModel)" time="0.027" />
  <testcase classname="ptolemy.util.test.junit.AutoTests" name="[80] /home/travis/build/icyphy/ptII/ptolemy/actor/lib/test/auto/ConfigurationSwitch2.xml (RunModel)" time="0.021" />
  <testcase classname="ptolemy.util.test.junit.AutoTests" name="[81] /home/travis/build/icyphy/ptII/ptolemy/actor/lib/test/auto/ConfigurationSwitchCloningBugWithClassRelationGroup.xml (RunModel)" time="0.021" />
  <testcase classname="ptolemy.util.test.junit.AutoTests" name="[82] /home/travis/build/icyphy/ptII/ptolemy/actor/lib/test/auto/ConfigurationSwitchSelectSDF.xml (RunModel)" time="0.016" />
  <testcase classname="ptolemy.util.test.junit.AutoTests" name="[83] /home/travis/build/icyphy/ptII/ptolemy/actor/lib/test/auto/ConfigurationSwitchSelectSDF2.xml (RunModel)" time="0.013" />
  <testcase classname="ptolemy.util.test.junit.AutoTests" name="[84] /home/travis/build/icyphy/ptII/ptolemy/actor/lib/test/auto/Const.xml (RunModel)" time="0.008" />
  <testcase classname="ptolemy.util.test.junit.AutoTests" name="[85] /home/travis/build/icyphy/ptII/ptolemy/actor/lib/test/auto/Const2.xml (RunModel)" time="0.01" />
  <testcase classname="ptolemy.util.test.junit.AutoTests" name="[86] /home/travis/build/icyphy/ptII/ptolemy/actor/lib/test/auto/Const3.xml (RunModel)" time="0.012" />
  <testcase classname="ptolemy.util.test.junit.AutoTests" name="[87] /home/travis/build/icyphy/ptII/ptolemy/actor/lib/test/auto/ConstantPublisherPort1.xml (RunModel)" time="0.022" />
  <testcase classname="ptolemy.util.test.junit.AutoTests" name="[88] /home/travis/build/icyphy/ptII/ptolemy/actor/lib/test/auto/ConstantPublisherPort2.xml (RunModel)" time="0.038" />
  <testcase classname="ptolemy.util.test.junit.AutoTests" name="[89] /home/travis/build/icyphy/ptII/ptolemy/actor/lib/test/auto/ConstantPublisherPort3.xml (RunModel)" time="0.023" />
  <testcase classname="ptolemy.util.test.junit.AutoTests" name="[90] /home/travis/build/icyphy/ptII/ptolemy/actor/lib/test/auto/ConstantPublisherPort4.xml (RunModel)" time="0.018" />
  <testcase classname="ptolemy.util.test.junit.AutoTests" name="[91] /home/travis/build/icyphy/ptII/ptolemy/actor/lib/test/auto/ConstantPublisherPort5.xml (RunModel)" time="0.048" />
  <testcase classname="ptolemy.util.test.junit.AutoTests" name="[92] /home/travis/build/icyphy/ptII/ptolemy/actor/lib/test/auto/ConstantPublisherPort6.xml (RunModel)" time="0.041" />
  <testcase classname="ptolemy.util.test.junit.AutoTests" name="[93] /home/travis/build/icyphy/ptII/ptolemy/actor/lib/test/auto/ConstantPublisherPort7.xml (RunModel)" time="0.03" />
  <testcase classname="ptolemy.util.test.junit.AutoTests" name="[94] /home/travis/build/icyphy/ptII/ptolemy/actor/lib/test/auto/ConstraintMonitor1.xml (RunModel)" time="0.045" />
  <testcase classname="ptolemy.util.test.junit.AutoTests" name="[95] /home/travis/build/icyphy/ptII/ptolemy/actor/lib/test/auto/ConstraintMonitor2.xml (RunModel)" time="0.011" />
  <testcase classname="ptolemy.util.test.junit.AutoTests" name="[96] /home/travis/build/icyphy/ptII/ptolemy/actor/lib/test/auto/ConstraintMonitor3.xml (RunModel)" time="0.016" />
  <testcase classname="ptolemy.util.test.junit.AutoTests" name="[97] /home/travis/build/icyphy/ptII/ptolemy/actor/lib/test/auto/ConstraintMonitor4.xml (RunModel)" time="0.014" />
  <testcase classname="ptolemy.util.test.junit.AutoTests" name="[98] /home/travis/build/icyphy/ptII/ptolemy/actor/lib/test/auto/ConstraintMonitor5.xml (RunModel)" time="0.01" />
  <testcase classname="ptolemy.util.test.junit.AutoTests" name="[99] /home/travis/build/icyphy/ptII/ptolemy/actor/lib/test/auto/ConstraintMonitor6.xml (RunModel)" time="0.018" />
  <testcase classname="ptolemy.util.test.junit.AutoTests" name="[100] /home/travis/build/icyphy/ptII/ptolemy/actor/lib/test/auto/ConstraintMonitor7.xml (RunModel)" time="0.022" />
  <testcase classname="ptolemy.util.test.junit.AutoTests" name="[101] /home/travis/build/icyphy/ptII/ptolemy/actor/lib/test/auto/ConstraintMonitor8.xml (RunModel)" time="0.02" />
  <testcase classname="ptolemy.util.test.junit.AutoTests" name="[102] /home/travis/build/icyphy/ptII/ptolemy/actor/lib/test/auto/Counter.xml (RunModel)" time="0.016" />
  <testcase classname="ptolemy.util.test.junit.AutoTests" name="[103] /home/travis/build/icyphy/ptII/ptolemy/actor/lib/test/auto/CurrentTimeSDF.xml (RunModel)" time="0.012" />
  <testcase classname="ptolemy.util.test.junit.AutoTests" name="[104] /home/travis/build/icyphy/ptII/ptolemy/actor/lib/test/auto/DB.xml (RunModel)" time="0.017" />
  <testcase classname="ptolemy.util.test.junit.AutoTests" name="[105] /home/travis/build/icyphy/ptII/ptolemy/actor/lib/test/auto/DBDE.xml (RunModel)" time="0.014" />
  <testcase classname="ptolemy.util.test.junit.AutoTests" name="[106] /home/travis/build/icyphy/ptII/ptolemy/actor/lib/test/auto/DateConstructor.xml (RunModel)" time="0.071" />
  <testcase classname="ptolemy.util.test.junit.AutoTests" name="[107] /home/travis/build/icyphy/ptII/ptolemy/actor/lib/test/auto/DelayTime.xml (RunModel)" time="0.019" />
  <testcase classname="ptolemy.util.test.junit.AutoTests" name="[108] /home/travis/build/icyphy/ptII/ptolemy/actor/lib/test/auto/Dictionary1.xml (RunModel)" time="0.017" />
  <testcase classname="ptolemy.util.test.junit.AutoTests" name="[109] /home/travis/build/icyphy/ptII/ptolemy/actor/lib/test/auto/Dictionary2.xml (RunModel)" time="0.016" />
  <testcase classname="ptolemy.util.test.junit.AutoTests" name="[110] /home/travis/build/icyphy/ptII/ptolemy/actor/lib/test/auto/Dictionary3.xml (RunModel)" time="0.018" />
  <testcase classname="ptolemy.util.test.junit.AutoTests" name="[111] /home/travis/build/icyphy/ptII/ptolemy/actor/lib/test/auto/Dictionary4.xml (RunModel)" time="0.021" />
  <testcase classname="ptolemy.util.test.junit.AutoTests" name="[112] /home/travis/build/icyphy/ptII/ptolemy/actor/lib/test/auto/Differential.xml (RunModel)" time="0.014" />
  <testcase classname="ptolemy.util.test.junit.AutoTests" name="[113] /home/travis/build/icyphy/ptII/ptolemy/actor/lib/test/auto/Director.xml (RunModel)" time="0.011" />
  <testcase classname="ptolemy.util.test.junit.AutoTests" name="[114] /home/travis/build/icyphy/ptII/ptolemy/actor/lib/test/auto/DiscreteClock.xml (RunModel)" time="0.009" />
  <testcase classname="ptolemy.util.test.junit.AutoTests" name="[115] /home/travis/build/icyphy/ptII/ptolemy/actor/lib/test/auto/DiscreteClock10.xml (RunModel)" time="0.012" />
  <testcase classname="ptolemy.util.test.junit.AutoTests" name="[116] /home/travis/build/icyphy/ptII/ptolemy/actor/lib/test/auto/DiscreteClock11.xml (RunModel)" time="0.012" />
  <testcase classname="ptolemy.util.test.junit.AutoTests" name="[117] /home/travis/build/icyphy/ptII/ptolemy/actor/lib/test/auto/DiscreteClock12.xml (RunModel)" time="0.014" />
  <testcase classname="ptolemy.util.test.junit.AutoTests" name="[118] /home/travis/build/icyphy/ptII/ptolemy/actor/lib/test/auto/DiscreteClock13.xml (RunModel)" time="0.015" />
  <testcase classname="ptolemy.util.test.junit.AutoTests" name="[119] /home/travis/build/icyphy/ptII/ptolemy/actor/lib/test/auto/DiscreteClock14.xml (RunModel)" time="0.015" />
  <testcase classname="ptolemy.util.test.junit.AutoTests" name="[120] /home/travis/build/icyphy/ptII/ptolemy/actor/lib/test/auto/DiscreteClock15.xml (RunModel)" time="0.015" />
  <testcase classname="ptolemy.util.test.junit.AutoTests" name="[121] /home/travis/build/icyphy/ptII/ptolemy/actor/lib/test/auto/DiscreteClock16.xml (RunModel)" time="0.049" />
  <testcase classname="ptolemy.util.test.junit.AutoTests" name="[122] /home/travis/build/icyphy/ptII/ptolemy/actor/lib/test/auto/DiscreteClock17.xml (RunModel)" time="0.042" />
  <testcase classname="ptolemy.util.test.junit.AutoTests" name="[123] /home/travis/build/icyphy/ptII/ptolemy/actor/lib/test/auto/DiscreteClock18.xml (RunModel)" time="0.046" />
  <testcase classname="ptolemy.util.test.junit.AutoTests" name="[124] /home/travis/build/icyphy/ptII/ptolemy/actor/lib/test/auto/DiscreteClock19.xml (RunModel)" time="0.039" />
  <testcase classname="ptolemy.util.test.junit.AutoTests" name="[125] /home/travis/build/icyphy/ptII/ptolemy/actor/lib/test/auto/DiscreteClock2.xml (RunModel)" time="0.008" />
  <testcase classname="ptolemy.util.test.junit.AutoTests" name="[126] /home/travis/build/icyphy/ptII/ptolemy/actor/lib/test/auto/DiscreteClock20.xml (RunModel)" time="0.017" />
  <testcase classname="ptolemy.util.test.junit.AutoTests" name="[127] /home/travis/build/icyphy/ptII/ptolemy/actor/lib/test/auto/DiscreteClock21.xml (RunModel)" time="0.012" />
  <testcase classname="ptolemy.util.test.junit.AutoTests" name="[128] /home/travis/build/icyphy/ptII/ptolemy/actor/lib/test/auto/DiscreteClock22.xml (RunModel)" time="0.015" />
  <testcase classname="ptolemy.util.test.junit.AutoTests" name="[129] /home/travis/build/icyphy/ptII/ptolemy/actor/lib/test/auto/DiscreteClock23.xml (RunModel)" time="0.014" />
  <testcase classname="ptolemy.util.test.junit.AutoTests" name="[130] /home/travis/build/icyphy/ptII/ptolemy/actor/lib/test/auto/DiscreteClock24.xml (RunModel)" time="0.014" />
  <testcase classname="ptolemy.util.test.junit.AutoTests" name="[131] /home/travis/build/icyphy/ptII/ptolemy/actor/lib/test/auto/DiscreteClock4.xml (RunModel)" time="0.013" />
  <testcase classname="ptolemy.util.test.junit.AutoTests" name="[132] /home/travis/build/icyphy/ptII/ptolemy/actor/lib/test/auto/DiscreteClock5.xml (RunModel)" time="0.012" />
  <testcase classname="ptolemy.util.test.junit.AutoTests" name="[133] /home/travis/build/icyphy/ptII/ptolemy/actor/lib/test/auto/DiscreteClock6.xml (RunModel)" time="0.011" />
  <testcase classname="ptolemy.util.test.junit.AutoTests" name="[134] /home/travis/build/icyphy/ptII/ptolemy/actor/lib/test/auto/DiscreteClock7.xml (RunModel)" time="0.01" />
  <testcase classname="ptolemy.util.test.junit.AutoTests" name="[135] /home/travis/build/icyphy/ptII/ptolemy/actor/lib/test/auto/DiscreteClock8.xml (RunModel)" time="0.026" />
  <testcase classname="ptolemy.util.test.junit.AutoTests" name="[136] /home/travis/build/icyphy/ptII/ptolemy/actor/lib/test/auto/DiscreteClock9.xml (RunModel)" time="0.015" />
  <testcase classname="ptolemy.util.test.junit.AutoTests" name="[137] /home/travis/build/icyphy/ptII/ptolemy/actor/lib/test/auto/DisplayArray.xml (RunModel)" time="0.008" />
  <testcase classname="ptolemy.util.test.junit.AutoTests" name="[138] /home/travis/build/icyphy/ptII/ptolemy/actor/lib/test/auto/Distributor.xml (RunModel)" time="0.009" />
  <testcase classname="ptolemy.util.test.junit.AutoTests" name="[139] /home/travis/build/icyphy/ptII/ptolemy/actor/lib/test/auto/Distributor2.xml (RunModel)" time="0.012" />
  <testcase classname="ptolemy.util.test.junit.AutoTests" name="[140] /home/travis/build/icyphy/ptII/ptolemy/actor/lib/test/auto/DownSample.xml (RunModel)" time="0.012" />
  <testcase classname="ptolemy.util.test.junit.AutoTests" name="[141] /home/travis/build/icyphy/ptII/ptolemy/actor/lib/test/auto/ElectronicUnitBase1.xml (RunModel)" time="0.064" />
  <testcase classname="ptolemy.util.test.junit.AutoTests" name="[142] /home/travis/build/icyphy/ptII/ptolemy/actor/lib/test/auto/ElementsToArray.xml (RunModel)" time="0.012" />
  <testcase classname="ptolemy.util.test.junit.AutoTests" name="[143] /home/travis/build/icyphy/ptII/ptolemy/actor/lib/test/auto/Equals.xml (RunModel)" time="0.015" />
  <testcase classname="ptolemy.util.test.junit.AutoTests" name="[144] /home/travis/build/icyphy/ptII/ptolemy/actor/lib/test/auto/Exec.xml (RunModel)" time="0.033" />
  <testcase classname="ptolemy.util.test.junit.AutoTests" name="[145] /home/travis/build/icyphy/ptII/ptolemy/actor/lib/test/auto/ExecEnvironment.xml (RunModel)" time="0.047" />
  <testcase classname="ptolemy.util.test.junit.AutoTests" name="[146] /home/travis/build/icyphy/ptII/ptolemy/actor/lib/test/auto/ExecNonZeroReturnOutput.xml (RunModel)" time="0.203" />
  <testcase classname="ptolemy.util.test.junit.AutoTests" name="[147] /home/travis/build/icyphy/ptII/ptolemy/actor/lib/test/auto/ExecRunDemos.xml (RunModel)" time="11.1" />
  <testcase classname="ptolemy.util.test.junit.AutoTests" name="[148] /home/travis/build/icyphy/ptII/ptolemy/actor/lib/test/auto/ExecStop.xml (RunModel)" time="5.028" />
  <testcase classname="ptolemy.util.test.junit.AutoTests" name="[149] /home/travis/build/icyphy/ptII/ptolemy/actor/lib/test/auto/ExecutionTimeSDF.xml (RunModel)" time="6.055">
    <error type="java.lang.reflect.InvocationTargetException">java.lang.reflect.InvocationTargetException
	at jdk.internal.reflect.GeneratedConstructorAccessor36.newInstance(Unknown Source)
	at java.base/jdk.internal.reflect.DelegatingConstructorAccessorImpl.newInstance(DelegatingConstructorAccessorImpl.java:45)
	at java.base/java.lang.reflect.Constructor.newInstance(Constructor.java:490)
	at ptolemy.util.test.junit.AutoTests.RunModel(AutoTests.java:193)
	at jdk.internal.reflect.GeneratedMethodAccessor43.invoke(Unknown Source)
	at java.base/jdk.internal.reflect.DelegatingMethodAccessorImpl.invoke(DelegatingMethodAccessorImpl.java:43)
	at junitparams.internal.InvokeParameterisedMethod.evaluate(InvokeParameterisedMethod.java:102)
Caused by: ptolemy.kernel.util.IllegalActionException: Test fails in iteration 0.
Value was: 6001L. Should have been: 6000L
  in .ExecutionTimeSDF.NonStrictTest
	at ptolemy.actor.lib.NonStrictTest.postfire(NonStrictTest.java:328)
	at ptolemy.actor.AtomicActor.iterate(AtomicActor.java:518)
	at ptolemy.actor.sched.StaticSchedulingDirector.fire(StaticSchedulingDirector.java:216)
	at ptolemy.domains.sdf.kernel.SDFDirector.fire(SDFDirector.java:500)
	at ptolemy.actor.CompositeActor.fire(CompositeActor.java:455)
	at ptolemy.actor.Manager.iterate(Manager.java:851)
	at ptolemy.actor.Manager.execute(Manager.java:369)
	at ptolemy.actor.Manager.run(Manager.java:1263)
	at ptolemy.actor.Manager$PtolemyRunThread.run(Manager.java:1933)
</error>
  </testcase>
  <testcase classname="ptolemy.util.test.junit.AutoTests" name="[150] /home/travis/build/icyphy/ptII/ptolemy/actor/lib/test/auto/Expression1.xml (RunModel)" time="0.008" />
  <testcase classname="ptolemy.util.test.junit.AutoTests" name="[151] /home/travis/build/icyphy/ptII/ptolemy/actor/lib/test/auto/Expression10.xml (RunModel)" time="0.018" />
  <testcase classname="ptolemy.util.test.junit.AutoTests" name="[152] /home/travis/build/icyphy/ptII/ptolemy/actor/lib/test/auto/Expression11.xml (RunModel)" time="0.011" />
  <testcase classname="ptolemy.util.test.junit.AutoTests" name="[153] /home/travis/build/icyphy/ptII/ptolemy/actor/lib/test/auto/Expression12.xml (RunModel)" time="0.014" />
  <testcase classname="ptolemy.util.test.junit.AutoTests" name="[154] /home/travis/build/icyphy/ptII/ptolemy/actor/lib/test/auto/Expression13.xml (RunModel)" time="0.012" />
  <testcase classname="ptolemy.util.test.junit.AutoTests" name="[155] /home/travis/build/icyphy/ptII/ptolemy/actor/lib/test/auto/Expression14.xml (RunModel)" time="0.022" />
  <testcase classname="ptolemy.util.test.junit.AutoTests" name="[156] /home/travis/build/icyphy/ptII/ptolemy/actor/lib/test/auto/Expression15.xml (RunModel)" time="0.008" />
  <testcase classname="ptolemy.util.test.junit.AutoTests" name="[157] /home/travis/build/icyphy/ptII/ptolemy/actor/lib/test/auto/Expression16.xml (RunModel)" time="0.014" />
  <testcase classname="ptolemy.util.test.junit.AutoTests" name="[158] /home/travis/build/icyphy/ptII/ptolemy/actor/lib/test/auto/Expression17.xml (RunModel)" time="0.012" />
  <testcase classname="ptolemy.util.test.junit.AutoTests" name="[159] /home/travis/build/icyphy/ptII/ptolemy/actor/lib/test/auto/Expression18.xml (RunModel)" time="0.013" />
  <testcase classname="ptolemy.util.test.junit.AutoTests" name="[160] /home/travis/build/icyphy/ptII/ptolemy/actor/lib/test/auto/Expression2.xml (RunModel)" time="0.017" />
  <testcase classname="ptolemy.util.test.junit.AutoTests" name="[161] /home/travis/build/icyphy/ptII/ptolemy/actor/lib/test/auto/Expression3.xml (RunModel)" time="0.015" />
  <testcase classname="ptolemy.util.test.junit.AutoTests" name="[162] /home/travis/build/icyphy/ptII/ptolemy/actor/lib/test/auto/Expression4.xml (RunModel)" time="0.019" />
  <testcase classname="ptolemy.util.test.junit.AutoTests" name="[163] /home/travis/build/icyphy/ptII/ptolemy/actor/lib/test/auto/Expression5.xml (RunModel)" time="0.011" />
  <testcase classname="ptolemy.util.test.junit.AutoTests" name="[164] /home/travis/build/icyphy/ptII/ptolemy/actor/lib/test/auto/Expression6.xml (RunModel)" time="0.01" />
  <testcase classname="ptolemy.util.test.junit.AutoTests" name="[165] /home/travis/build/icyphy/ptII/ptolemy/actor/lib/test/auto/Expression7.xml (RunModel)" time="0.011" />
  <testcase classname="ptolemy.util.test.junit.AutoTests" name="[166] /home/travis/build/icyphy/ptII/ptolemy/actor/lib/test/auto/Expression8.xml (RunModel)" time="0.016" />
  <testcase classname="ptolemy.util.test.junit.AutoTests" name="[167] /home/travis/build/icyphy/ptII/ptolemy/actor/lib/test/auto/Expression9.xml (RunModel)" time="0.01" />
  <testcase classname="ptolemy.util.test.junit.AutoTests" name="[168] /home/travis/build/icyphy/ptII/ptolemy/actor/lib/test/auto/ExpressionConcatenateArrayType.xml (RunModel)" time="0.029" />
  <testcase classname="ptolemy.util.test.junit.AutoTests" name="[169] /home/travis/build/icyphy/ptII/ptolemy/actor/lib/test/auto/ExpressionConcatenateArrayType2.xml (RunModel)" time="0.036" />
  <testcase classname="ptolemy.util.test.junit.AutoTests" name="[170] /home/travis/build/icyphy/ptII/ptolemy/actor/lib/test/auto/ExpressionFix.xml (RunModel)" time="0.059" />
  <testcase classname="ptolemy.util.test.junit.AutoTests" name="[171] /home/travis/build/icyphy/ptII/ptolemy/actor/lib/test/auto/ExpressionFix2.xml (RunModel)" time="0.014" />
  <testcase classname="ptolemy.util.test.junit.AutoTests" name="[172] /home/travis/build/icyphy/ptII/ptolemy/actor/lib/test/auto/ExpressionFix3.xml (RunModel)" time="0.014" />
  <testcase classname="ptolemy.util.test.junit.AutoTests" name="[173] /home/travis/build/icyphy/ptII/ptolemy/actor/lib/test/auto/FileWriter1.xml (RunModel)" time="0.01" />
  <testcase classname="ptolemy.util.test.junit.AutoTests" name="[174] /home/travis/build/icyphy/ptII/ptolemy/actor/lib/test/auto/FileWriter2.xml (RunModel)" time="0.014" />
  <testcase classname="ptolemy.util.test.junit.AutoTests" name="[175] /home/travis/build/icyphy/ptII/ptolemy/actor/lib/test/auto/FileWriter3.xml (RunModel)" time="0.015" />
  <testcase classname="ptolemy.util.test.junit.AutoTests" name="[176] /home/travis/build/icyphy/ptII/ptolemy/actor/lib/test/auto/Gaussian.xml (RunModel)" time="0.014" />
  <testcase classname="ptolemy.util.test.junit.AutoTests" name="[177] /home/travis/build/icyphy/ptII/ptolemy/actor/lib/test/auto/Gaussian1.xml (RunModel)" time="0.013" />
  <testcase classname="ptolemy.util.test.junit.AutoTests" name="[178] /home/travis/build/icyphy/ptII/ptolemy/actor/lib/test/auto/Gaussian2.xml (RunModel)" time="0.022" />
  <testcase classname="ptolemy.util.test.junit.AutoTests" name="[179] /home/travis/build/icyphy/ptII/ptolemy/actor/lib/test/auto/GradientAdaptiveLattice.xml (RunModel)" time="0.017" />
  <testcase classname="ptolemy.util.test.junit.AutoTests" name="[180] /home/travis/build/icyphy/ptII/ptolemy/actor/lib/test/auto/IIR.xml (RunModel)" time="0.01" />
  <testcase classname="ptolemy.util.test.junit.AutoTests" name="[181] /home/travis/build/icyphy/ptII/ptolemy/actor/lib/test/auto/InputOutputTransparentPorts.xml (RunModel)" time="0.018" />
  <testcase classname="ptolemy.util.test.junit.AutoTests" name="[182] /home/travis/build/icyphy/ptII/ptolemy/actor/lib/test/auto/Interpolator.xml (RunModel)" time="0.013" />
  <testcase classname="ptolemy.util.test.junit.AutoTests" name="[183] /home/travis/build/icyphy/ptII/ptolemy/actor/lib/test/auto/InterpolatorFiringLimitDE.xml (RunModel)" time="0.013" />
  <testcase classname="ptolemy.util.test.junit.AutoTests" name="[184] /home/travis/build/icyphy/ptII/ptolemy/actor/lib/test/auto/Lattice.xml (RunModel)" time="0.011" />
  <testcase classname="ptolemy.util.test.junit.AutoTests" name="[185] /home/travis/build/icyphy/ptII/ptolemy/actor/lib/test/auto/LazyAOCTestLazy.xml (RunModel)" time="0.029" />
  <testcase classname="ptolemy.util.test.junit.AutoTests" name="[186] /home/travis/build/icyphy/ptII/ptolemy/actor/lib/test/auto/LazyAOCTestNonLazy.xml (RunModel)" time="0.026" />
  <testcase classname="ptolemy.util.test.junit.AutoTests" name="[187] /home/travis/build/icyphy/ptII/ptolemy/actor/lib/test/auto/LazyInnerClass.xml (RunModel)" time="0.054" />
  <testcase classname="ptolemy.util.test.junit.AutoTests" name="[188] /home/travis/build/icyphy/ptII/ptolemy/actor/lib/test/auto/LazyPubSub.xml (RunModel)" time="0.027" />
  <testcase classname="ptolemy.util.test.junit.AutoTests" name="[189] /home/travis/build/icyphy/ptII/ptolemy/actor/lib/test/auto/LazyPubSub2.xml (RunModel)" time="0.027" />
  <testcase classname="ptolemy.util.test.junit.AutoTests" name="[190] /home/travis/build/icyphy/ptII/ptolemy/actor/lib/test/auto/LazyPubSub3.xml (RunModel)" time="0.066" />
  <testcase classname="ptolemy.util.test.junit.AutoTests" name="[191] /home/travis/build/icyphy/ptII/ptolemy/actor/lib/test/auto/LazySubClassModel.xml (RunModel)" time="0.045" />
  <testcase classname="ptolemy.util.test.junit.AutoTests" name="[192] /home/travis/build/icyphy/ptII/ptolemy/actor/lib/test/auto/LevelCrossTest1.xml (RunModel)" time="0.01" />
  <testcase classname="ptolemy.util.test.junit.AutoTests" name="[193] /home/travis/build/icyphy/ptII/ptolemy/actor/lib/test/auto/LevelCrossTest10.xml (RunModel)" time="0.014" />
  <testcase classname="ptolemy.util.test.junit.AutoTests" name="[194] /home/travis/build/icyphy/ptII/ptolemy/actor/lib/test/auto/LevelCrossTest11.xml (RunModel)" time="0.013" />
  <testcase classname="ptolemy.util.test.junit.AutoTests" name="[195] /home/travis/build/icyphy/ptII/ptolemy/actor/lib/test/auto/LevelCrossTest12.xml (RunModel)" time="0.019" />
  <testcase classname="ptolemy.util.test.junit.AutoTests" name="[196] /home/travis/build/icyphy/ptII/ptolemy/actor/lib/test/auto/LevelCrossTest13.xml (RunModel)" time="0.015" />
  <testcase classname="ptolemy.util.test.junit.AutoTests" name="[197] /home/travis/build/icyphy/ptII/ptolemy/actor/lib/test/auto/LevelCrossTest2.xml (RunModel)" time="0.01" />
  <testcase classname="ptolemy.util.test.junit.AutoTests" name="[198] /home/travis/build/icyphy/ptII/ptolemy/actor/lib/test/auto/LevelCrossTest3.xml (RunModel)" time="0.013" />
  <testcase classname="ptolemy.util.test.junit.AutoTests" name="[199] /home/travis/build/icyphy/ptII/ptolemy/actor/lib/test/auto/LevelCrossTest4.xml (RunModel)" time="0.011" />
  <testcase classname="ptolemy.util.test.junit.AutoTests" name="[200] /home/travis/build/icyphy/ptII/ptolemy/actor/lib/test/auto/LevelCrossTest5.xml (RunModel)" time="0.012" />
  <testcase classname="ptolemy.util.test.junit.AutoTests" name="[201] /home/travis/build/icyphy/ptII/ptolemy/actor/lib/test/auto/LevelCrossTest6.xml (RunModel)" time="0.013" />
  <testcase classname="ptolemy.util.test.junit.AutoTests" name="[202] /home/travis/build/icyphy/ptII/ptolemy/actor/lib/test/auto/LevelCrossTest7.xml (RunModel)" time="0.019" />
  <testcase classname="ptolemy.util.test.junit.AutoTests" name="[203] /home/travis/build/icyphy/ptII/ptolemy/actor/lib/test/auto/LevelCrossTest8.xml (RunModel)" time="0.012" />
  <testcase classname="ptolemy.util.test.junit.AutoTests" name="[204] /home/travis/build/icyphy/ptII/ptolemy/actor/lib/test/auto/LevelCrossTest9.xml (RunModel)" time="0.014" />
  <testcase classname="ptolemy.util.test.junit.AutoTests" name="[205] /home/travis/build/icyphy/ptII/ptolemy/actor/lib/test/auto/LevinsonDurbin.xml (RunModel)" time="0.011" />
  <testcase classname="ptolemy.util.test.junit.AutoTests" name="[206] /home/travis/build/icyphy/ptII/ptolemy/actor/lib/test/auto/LevinsonDurbin2.xml (RunModel)" time="0.013" />
  <testcase classname="ptolemy.util.test.junit.AutoTests" name="[207] /home/travis/build/icyphy/ptII/ptolemy/actor/lib/test/auto/LevinsonDurbin3.xml (RunModel)" time="0.01" />
  <testcase classname="ptolemy.util.test.junit.AutoTests" name="[208] /home/travis/build/icyphy/ptII/ptolemy/actor/lib/test/auto/Limiter.xml (RunModel)" time="0.04" />
  <testcase classname="ptolemy.util.test.junit.AutoTests" name="[209] /home/travis/build/icyphy/ptII/ptolemy/actor/lib/test/auto/LinearDifferenceEquationSystem.xml (RunModel)" time="0.026" />
  <testcase classname="ptolemy.util.test.junit.AutoTests" name="[210] /home/travis/build/icyphy/ptII/ptolemy/actor/lib/test/auto/LookupTable.xml (RunModel)" time="0.018" />
  <testcase classname="ptolemy.util.test.junit.AutoTests" name="[211] /home/travis/build/icyphy/ptII/ptolemy/actor/lib/test/auto/MathFunction.xml (RunModel)" time="0.021" />
  <testcase classname="ptolemy.util.test.junit.AutoTests" name="[212] /home/travis/build/icyphy/ptII/ptolemy/actor/lib/test/auto/MathFunction2.xml (RunModel)" time="0.013" />
  <testcase classname="ptolemy.util.test.junit.AutoTests" name="[213] /home/travis/build/icyphy/ptII/ptolemy/actor/lib/test/auto/MathFunction3.xml (RunModel)" time="0.02" />
  <testcase classname="ptolemy.util.test.junit.AutoTests" name="[214] /home/travis/build/icyphy/ptII/ptolemy/actor/lib/test/auto/MatrixCropBoolean.xml (RunModel)" time="0.013" />
  <testcase classname="ptolemy.util.test.junit.AutoTests" name="[215] /home/travis/build/icyphy/ptII/ptolemy/actor/lib/test/auto/MatrixCropComplex.xml (RunModel)" time="0.009" />
  <testcase classname="ptolemy.util.test.junit.AutoTests" name="[216] /home/travis/build/icyphy/ptII/ptolemy/actor/lib/test/auto/MatrixCropDouble.xml (RunModel)" time="0.01" />
  <testcase classname="ptolemy.util.test.junit.AutoTests" name="[217] /home/travis/build/icyphy/ptII/ptolemy/actor/lib/test/auto/MatrixCropFix.xml (RunModel)" time="0.014" />
  <testcase classname="ptolemy.util.test.junit.AutoTests" name="[218] /home/travis/build/icyphy/ptII/ptolemy/actor/lib/test/auto/MatrixCropInt.xml (RunModel)" time="0.01" />
  <testcase classname="ptolemy.util.test.junit.AutoTests" name="[219] /home/travis/build/icyphy/ptII/ptolemy/actor/lib/test/auto/MatrixCropLong.xml (RunModel)" time="0.01" />
  <testcase classname="ptolemy.util.test.junit.AutoTests" name="[220] /home/travis/build/icyphy/ptII/ptolemy/actor/lib/test/auto/MatrixToArray.xml (RunModel)" time="0.054" />
  <testcase classname="ptolemy.util.test.junit.AutoTests" name="[221] /home/travis/build/icyphy/ptII/ptolemy/actor/lib/test/auto/MaxIndex.xml (RunModel)" time="0.02" />
  <testcase classname="ptolemy.util.test.junit.AutoTests" name="[222] /home/travis/build/icyphy/ptII/ptolemy/actor/lib/test/auto/Maximum.xml (RunModel)" time="0.015" />
  <testcase classname="ptolemy.util.test.junit.AutoTests" name="[223] /home/travis/build/icyphy/ptII/ptolemy/actor/lib/test/auto/MaximumComplex.xml (RunModel)" time="0.016" />
  <testcase classname="ptolemy.util.test.junit.AutoTests" name="[224] /home/travis/build/icyphy/ptII/ptolemy/actor/lib/test/auto/MethodCallTest.xml (RunModel)" time="0.023" />
  <testcase classname="ptolemy.util.test.junit.AutoTests" name="[225] /home/travis/build/icyphy/ptII/ptolemy/actor/lib/test/auto/Minimum.xml (RunModel)" time="0.016" />
  <testcase classname="ptolemy.util.test.junit.AutoTests" name="[226] /home/travis/build/icyphy/ptII/ptolemy/actor/lib/test/auto/MinimumComplex.xml (RunModel)" time="0.028" />
  <testcase classname="ptolemy.util.test.junit.AutoTests" name="[227] /home/travis/build/icyphy/ptII/ptolemy/actor/lib/test/auto/MinimumMultiports.xml (RunModel)" time="0.018" />
  <testcase classname="ptolemy.util.test.junit.AutoTests" name="[228] /home/travis/build/icyphy/ptII/ptolemy/actor/lib/test/auto/ModifyDate.xml (RunModel)" time="0.052" />
  <testcase classname="ptolemy.util.test.junit.AutoTests" name="[229] /home/travis/build/icyphy/ptII/ptolemy/actor/lib/test/auto/ModifyDate2.xml (RunModel)" time="0.03" />
  <testcase classname="ptolemy.util.test.junit.AutoTests" name="[230] /home/travis/build/icyphy/ptII/ptolemy/actor/lib/test/auto/MovingAverage.xml (RunModel)" time="0.012" />
  <testcase classname="ptolemy.util.test.junit.AutoTests" name="[231] /home/travis/build/icyphy/ptII/ptolemy/actor/lib/test/auto/MovingMaximum.xml (RunModel)" time="0.013" />
  <testcase classname="ptolemy.util.test.junit.AutoTests" name="[232] /home/travis/build/icyphy/ptII/ptolemy/actor/lib/test/auto/MultipleLinksToSameRelation.xml (RunModel)" time="0.009" />
  <testcase classname="ptolemy.util.test.junit.AutoTests" name="[233] /home/travis/build/icyphy/ptII/ptolemy/actor/lib/test/auto/MultipleLinksToSameRelationDE.xml (RunModel)" time="0.018" />
  <testcase classname="ptolemy.util.test.junit.AutoTests" name="[234] /home/travis/build/icyphy/ptII/ptolemy/actor/lib/test/auto/Multiplexor.xml (RunModel)" time="0.012" />
  <testcase classname="ptolemy.util.test.junit.AutoTests" name="[235] /home/travis/build/icyphy/ptII/ptolemy/actor/lib/test/auto/Multiplexor1.xml (RunModel)" time="0.011" />
  <testcase classname="ptolemy.util.test.junit.AutoTests" name="[236] /home/travis/build/icyphy/ptII/ptolemy/actor/lib/test/auto/Multiplexor2.xml (RunModel)" time="0.017" />
  <testcase classname="ptolemy.util.test.junit.AutoTests" name="[237] /home/travis/build/icyphy/ptII/ptolemy/actor/lib/test/auto/Multiplexor3.xml (RunModel)" time="0.009" />
  <testcase classname="ptolemy.util.test.junit.AutoTests" name="[238] /home/travis/build/icyphy/ptII/ptolemy/actor/lib/test/auto/MultiplexorDE.xml (RunModel)" time="0.017" />
  <testcase classname="ptolemy.util.test.junit.AutoTests" name="[239] /home/travis/build/icyphy/ptII/ptolemy/actor/lib/test/auto/MultiportBroadcastTest.xml (RunModel)" time="0.105" />
  <testcase classname="ptolemy.util.test.junit.AutoTests" name="[240] /home/travis/build/icyphy/ptII/ptolemy/actor/lib/test/auto/MultiportOutHangDuringGetWidth.xml (RunModel)" time="0.037" />
  <testcase classname="ptolemy.util.test.junit.AutoTests" name="[241] /home/travis/build/icyphy/ptII/ptolemy/actor/lib/test/auto/NilToken.xml (RunModel)" time="0.013" />
  <testcase classname="ptolemy.util.test.junit.AutoTests" name="[242] /home/travis/build/icyphy/ptII/ptolemy/actor/lib/test/auto/NilTokenNonStrictTest.xml (RunModel)" time="0.012" />
  <testcase classname="ptolemy.util.test.junit.AutoTests" name="[243] /home/travis/build/icyphy/ptII/ptolemy/actor/lib/test/auto/NilTokenRecord.xml (RunModel)" time="0.027" />
  <testcase classname="ptolemy.util.test.junit.AutoTests" name="[244] /home/travis/build/icyphy/ptII/ptolemy/actor/lib/test/auto/NilTokenTypeTest.xml (RunModel)" time="0.029" />
  <testcase classname="ptolemy.util.test.junit.AutoTests" name="[245] /home/travis/build/icyphy/ptII/ptolemy/actor/lib/test/auto/ObjectToken1.xml (RunModel)" time="0.008" />
  <testcase classname="ptolemy.util.test.junit.AutoTests" name="[246] /home/travis/build/icyphy/ptII/ptolemy/actor/lib/test/auto/OrderedMerge.xml (RunModel)" time="0.02" />
  <testcase classname="ptolemy.util.test.junit.AutoTests" name="[247] /home/travis/build/icyphy/ptII/ptolemy/actor/lib/test/auto/OrderedRecordDisassembler.xml (RunModel)" time="0.019" />
  <testcase classname="ptolemy.util.test.junit.AutoTests" name="[248] /home/travis/build/icyphy/ptII/ptolemy/actor/lib/test/auto/OrderedRecordDisassembler2.xml (RunModel)" time="0.021" />
  <testcase classname="ptolemy.util.test.junit.AutoTests" name="[249] /home/travis/build/icyphy/ptII/ptolemy/actor/lib/test/auto/OrderedRecordUpdater.xml (RunModel)" time="0.013" />
  <testcase classname="ptolemy.util.test.junit.AutoTests" name="[250] /home/travis/build/icyphy/ptII/ptolemy/actor/lib/test/auto/OrderedRecordUpdater2.xml (RunModel)" time="0.017" />
  <testcase classname="ptolemy.util.test.junit.AutoTests" name="[251] /home/travis/build/icyphy/ptII/ptolemy/actor/lib/test/auto/PhaseUnwrap.xml (RunModel)" time="0.013" />
  <testcase classname="ptolemy.util.test.junit.AutoTests" name="[252] /home/travis/build/icyphy/ptII/ptolemy/actor/lib/test/auto/PoissonClock.xml (RunModel)" time="0.011" />
  <testcase classname="ptolemy.util.test.junit.AutoTests" name="[253] /home/travis/build/icyphy/ptII/ptolemy/actor/lib/test/auto/PoissonClock2.xml (RunModel)" time="0.009" />
  <testcase classname="ptolemy.util.test.junit.AutoTests" name="[254] /home/travis/build/icyphy/ptII/ptolemy/actor/lib/test/auto/PoissonClock3.xml (RunModel)" time="0.027" />
  <testcase classname="ptolemy.util.test.junit.AutoTests" name="[255] /home/travis/build/icyphy/ptII/ptolemy/actor/lib/test/auto/PubSubWithInitialTokens.xml (RunModel)" time="0.013" />
  <testcase classname="ptolemy.util.test.junit.AutoTests" name="[256] /home/travis/build/icyphy/ptII/ptolemy/actor/lib/test/auto/PubSubWithInitialTokens2.xml (RunModel)" time="0.014" />
  <testcase classname="ptolemy.util.test.junit.AutoTests" name="[257] /home/travis/build/icyphy/ptII/ptolemy/actor/lib/test/auto/PublisherClassNoParameter.xml (RunModel)" time="0.032" />
  <testcase classname="ptolemy.util.test.junit.AutoTests" name="[258] /home/travis/build/icyphy/ptII/ptolemy/actor/lib/test/auto/PublisherClassParameter.xml (RunModel)" time="0.022" />
  <testcase classname="ptolemy.util.test.junit.AutoTests" name="[259] /home/travis/build/icyphy/ptII/ptolemy/actor/lib/test/auto/PublisherNonStrictTest.xml (RunModel)" time="0.028" />
  <testcase classname="ptolemy.util.test.junit.AutoTests" name="[260] /home/travis/build/icyphy/ptII/ptolemy/actor/lib/test/auto/PublisherPort1.xml (RunModel)" time="0.011" />
  <testcase classname="ptolemy.util.test.junit.AutoTests" name="[261] /home/travis/build/icyphy/ptII/ptolemy/actor/lib/test/auto/PublisherPort2.xml (RunModel)" time="0.008" />
  <testcase classname="ptolemy.util.test.junit.AutoTests" name="[262] /home/travis/build/icyphy/ptII/ptolemy/actor/lib/test/auto/PublisherPort3.xml (RunModel)" time="0.022" />
  <testcase classname="ptolemy.util.test.junit.AutoTests" name="[263] /home/travis/build/icyphy/ptII/ptolemy/actor/lib/test/auto/PublisherPort4.xml (RunModel)" time="0.015" />
  <testcase classname="ptolemy.util.test.junit.AutoTests" name="[264] /home/travis/build/icyphy/ptII/ptolemy/actor/lib/test/auto/PublisherPort5.xml (RunModel)" time="0.014" />
  <testcase classname="ptolemy.util.test.junit.AutoTests" name="[265] /home/travis/build/icyphy/ptII/ptolemy/actor/lib/test/auto/PublisherPort5LookAlike.xml (RunModel)" time="0.019" />
  <testcase classname="ptolemy.util.test.junit.AutoTests" name="[266] /home/travis/build/icyphy/ptII/ptolemy/actor/lib/test/auto/PublisherPort6.xml (RunModel)" time="0.013" />
  <testcase classname="ptolemy.util.test.junit.AutoTests" name="[267] /home/travis/build/icyphy/ptII/ptolemy/actor/lib/test/auto/PublisherPort7.xml (RunModel)" time="0.016" />
  <testcase classname="ptolemy.util.test.junit.AutoTests" name="[268] /home/travis/build/icyphy/ptII/ptolemy/actor/lib/test/auto/PublisherPort8.xml (RunModel)" time="0.016" />
  <testcase classname="ptolemy.util.test.junit.AutoTests" name="[269] /home/travis/build/icyphy/ptII/ptolemy/actor/lib/test/auto/PublisherPortSubscriberChannelVariablesAOC2.xml (RunModel)" time="0.032" />
  <testcase classname="ptolemy.util.test.junit.AutoTests" name="[270] /home/travis/build/icyphy/ptII/ptolemy/actor/lib/test/auto/PublisherPortSubscriberOpaqueWidthInference.xml (RunModel)" time="0.014" />
  <testcase classname="ptolemy.util.test.junit.AutoTests" name="[271] /home/travis/build/icyphy/ptII/ptolemy/actor/lib/test/auto/PublisherPortSubscriberPortAdjacent.xml (RunModel)" time="0.018" />
  <testcase classname="ptolemy.util.test.junit.AutoTests" name="[272] /home/travis/build/icyphy/ptII/ptolemy/actor/lib/test/auto/PublisherPortSubscriberPortExpression.xml (RunModel)" time="0.018" />
  <testcase classname="ptolemy.util.test.junit.AutoTests" name="[273] /home/travis/build/icyphy/ptII/ptolemy/actor/lib/test/auto/PublisherPortSubscriberPortOpaqueD3Reverse.xml (RunModel)" time="0.04" />
  <testcase classname="ptolemy.util.test.junit.AutoTests" name="[274] /home/travis/build/icyphy/ptII/ptolemy/actor/lib/test/auto/PublisherPortSubscriberPortOpaqueWidthInference.xml (RunModel)" time="0.016" />
  <testcase classname="ptolemy.util.test.junit.AutoTests" name="[275] /home/travis/build/icyphy/ptII/ptolemy/actor/lib/test/auto/PublisherPortToplevelSubscriberPortAOC.xml (RunModel)" time="0.011" />
  <testcase classname="ptolemy.util.test.junit.AutoTests" name="[276] /home/travis/build/icyphy/ptII/ptolemy/actor/lib/test/auto/PublisherSubscriber.xml (RunModel)" time="0.014" />
  <testcase classname="ptolemy.util.test.junit.AutoTests" name="[277] /home/travis/build/icyphy/ptII/ptolemy/actor/lib/test/auto/PublisherSubscriber10.xml (RunModel)" time="0.023" />
  <testcase classname="ptolemy.util.test.junit.AutoTests" name="[278] /home/travis/build/icyphy/ptII/ptolemy/actor/lib/test/auto/PublisherSubscriber10InitialOutputs.xml (RunModel)" time="0.032" />
  <testcase classname="ptolemy.util.test.junit.AutoTests" name="[279] /home/travis/build/icyphy/ptII/ptolemy/actor/lib/test/auto/PublisherSubscriber11.xml (RunModel)" time="0.027" />
  <testcase classname="ptolemy.util.test.junit.AutoTests" name="[280] /home/travis/build/icyphy/ptII/ptolemy/actor/lib/test/auto/PublisherSubscriber12.xml (RunModel)" time="0.025" />
  <testcase classname="ptolemy.util.test.junit.AutoTests" name="[281] /home/travis/build/icyphy/ptII/ptolemy/actor/lib/test/auto/PublisherSubscriber13.xml (RunModel)" time="0.009" />
  <testcase classname="ptolemy.util.test.junit.AutoTests" name="[282] /home/travis/build/icyphy/ptII/ptolemy/actor/lib/test/auto/PublisherSubscriber14.xml (RunModel)" time="0.02" />
  <testcase classname="ptolemy.util.test.junit.AutoTests" name="[283] /home/travis/build/icyphy/ptII/ptolemy/actor/lib/test/auto/PublisherSubscriber2.xml (RunModel)" time="0.011" />
  <testcase classname="ptolemy.util.test.junit.AutoTests" name="[284] /home/travis/build/icyphy/ptII/ptolemy/actor/lib/test/auto/PublisherSubscriber3.xml (RunModel)" time="0.009" />
  <testcase classname="ptolemy.util.test.junit.AutoTests" name="[285] /home/travis/build/icyphy/ptII/ptolemy/actor/lib/test/auto/PublisherSubscriber4.xml (RunModel)" time="0.008" />
  <testcase classname="ptolemy.util.test.junit.AutoTests" name="[286] /home/travis/build/icyphy/ptII/ptolemy/actor/lib/test/auto/PublisherSubscriber5.xml (RunModel)" time="0.011" />
  <testcase classname="ptolemy.util.test.junit.AutoTests" name="[287] /home/travis/build/icyphy/ptII/ptolemy/actor/lib/test/auto/PublisherSubscriber6.xml (RunModel)" time="0.014" />
  <testcase classname="ptolemy.util.test.junit.AutoTests" name="[288] /home/travis/build/icyphy/ptII/ptolemy/actor/lib/test/auto/PublisherSubscriber7.xml (RunModel)" time="0.017" />
  <testcase classname="ptolemy.util.test.junit.AutoTests" name="[289] /home/travis/build/icyphy/ptII/ptolemy/actor/lib/test/auto/PublisherSubscriber8.xml (RunModel)" time="0.029" />
  <testcase classname="ptolemy.util.test.junit.AutoTests" name="[290] /home/travis/build/icyphy/ptII/ptolemy/actor/lib/test/auto/PublisherSubscriber9.xml (RunModel)" time="0.018" />
  <testcase classname="ptolemy.util.test.junit.AutoTests" name="[291] /home/travis/build/icyphy/ptII/ptolemy/actor/lib/test/auto/PublisherSubscriberAdjacent.xml (RunModel)" time="0.015" />
  <testcase classname="ptolemy.util.test.junit.AutoTests" name="[292] /home/travis/build/icyphy/ptII/ptolemy/actor/lib/test/auto/PublisherSubscriberChannelVariablesAOC2.xml (RunModel)" time="0.03" />
  <testcase classname="ptolemy.util.test.junit.AutoTests" name="[293] /home/travis/build/icyphy/ptII/ptolemy/actor/lib/test/auto/PublisherSubscriberD3.xml (RunModel)" time="0.013" />
  <testcase classname="ptolemy.util.test.junit.AutoTests" name="[294] /home/travis/build/icyphy/ptII/ptolemy/actor/lib/test/auto/PublisherSubscriberD3Reverse.xml (RunModel)" time="0.011" />
  <testcase classname="ptolemy.util.test.junit.AutoTests" name="[295] /home/travis/build/icyphy/ptII/ptolemy/actor/lib/test/auto/PublisherSubscriberExpression.xml (RunModel)" time="0.016" />
  <testcase classname="ptolemy.util.test.junit.AutoTests" name="[296] /home/travis/build/icyphy/ptII/ptolemy/actor/lib/test/auto/PublisherSubscriberOpaque.xml (RunModel)" time="0.015" />
  <testcase classname="ptolemy.util.test.junit.AutoTests" name="[297] /home/travis/build/icyphy/ptII/ptolemy/actor/lib/test/auto/PublisherSubscriberOpaqueD3.xml (RunModel)" time="0.021" />
  <testcase classname="ptolemy.util.test.junit.AutoTests" name="[298] /home/travis/build/icyphy/ptII/ptolemy/actor/lib/test/auto/PublisherSubscriberOpaqueD3Reverse.xml (RunModel)" time="0.021" />
  <testcase classname="ptolemy.util.test.junit.AutoTests" name="[299] /home/travis/build/icyphy/ptII/ptolemy/actor/lib/test/auto/PublisherSubscriberOpaqueWidthInference.xml (RunModel)" time="0.017" />
  <testcase classname="ptolemy.util.test.junit.AutoTests" name="[300] /home/travis/build/icyphy/ptII/ptolemy/actor/lib/test/auto/PublisherTestSubscriber.xml (RunModel)" time="0.016" />
  <testcase classname="ptolemy.util.test.junit.AutoTests" name="[301] /home/travis/build/icyphy/ptII/ptolemy/actor/lib/test/auto/PublisherToplevelSubscriberPortAOC.xml (RunModel)" time="0.024" />
  <testcase classname="ptolemy.util.test.junit.AutoTests" name="[302] /home/travis/build/icyphy/ptII/ptolemy/actor/lib/test/auto/PulseFiringLimitDE.xml (RunModel)" time="0.015" />
  <testcase classname="ptolemy.util.test.junit.AutoTests" name="[303] /home/travis/build/icyphy/ptII/ptolemy/actor/lib/test/auto/Ramp1.xml (RunModel)" time="0.007" />
  <testcase classname="ptolemy.util.test.junit.AutoTests" name="[304] /home/travis/build/icyphy/ptII/ptolemy/actor/lib/test/auto/RampFiringLimitDE.xml (RunModel)" time="0.01" />
  <testcase classname="ptolemy.util.test.junit.AutoTests" name="[305] /home/travis/build/icyphy/ptII/ptolemy/actor/lib/test/auto/RampFiringLimitSDF.xml (RunModel)" time="0.009" />
  <testcase classname="ptolemy.util.test.junit.AutoTests" name="[306] /home/travis/build/icyphy/ptII/ptolemy/actor/lib/test/auto/RandomInteger.xml (RunModel)" time="0.008" />
  <testcase classname="ptolemy.util.test.junit.AutoTests" name="[307] /home/travis/build/icyphy/ptII/ptolemy/actor/lib/test/auto/ReadFile1.xml (RunModel)" time="0.009" />
  <testcase classname="ptolemy.util.test.junit.AutoTests" name="[308] /home/travis/build/icyphy/ptII/ptolemy/actor/lib/test/auto/ReadFile2.xml (RunModel)" time="0.007" />
  <testcase classname="ptolemy.util.test.junit.AutoTests" name="[309] /home/travis/build/icyphy/ptII/ptolemy/actor/lib/test/auto/Reader.xml (RunModel)" time="0.013" />
  <testcase classname="ptolemy.util.test.junit.AutoTests" name="[310] /home/travis/build/icyphy/ptII/ptolemy/actor/lib/test/auto/RecordAssemblerDisplayNameTest.xml (RunModel)" time="3.444" />
  <testcase classname="ptolemy.util.test.junit.AutoTests" name="[311] /home/travis/build/icyphy/ptII/ptolemy/actor/lib/test/auto/RecordAssemblerTypeError.xml (RunModel)" time="0.038" />
  <testcase classname="ptolemy.util.test.junit.AutoTests" name="[312] /home/travis/build/icyphy/ptII/ptolemy/actor/lib/test/auto/RecordDisassember.xml (RunModel)" time="0.009" />
  <testcase classname="ptolemy.util.test.junit.AutoTests" name="[313] /home/travis/build/icyphy/ptII/ptolemy/actor/lib/test/auto/RecordDisassemberDisplayNameTest.xml (RunModel)" time="0.018" />
  <testcase classname="ptolemy.util.test.junit.AutoTests" name="[314] /home/travis/build/icyphy/ptII/ptolemy/actor/lib/test/auto/RecordDisassembler.xml (RunModel)" time="0.015" />
  <testcase classname="ptolemy.util.test.junit.AutoTests" name="[315] /home/travis/build/icyphy/ptII/ptolemy/actor/lib/test/auto/RecordDisassembler2.xml (RunModel)" time="0.011" />
  <testcase classname="ptolemy.util.test.junit.AutoTests" name="[316] /home/travis/build/icyphy/ptII/ptolemy/actor/lib/test/auto/RecordUpdater.xml (RunModel)" time="0.009" />
  <testcase classname="ptolemy.util.test.junit.AutoTests" name="[317] /home/travis/build/icyphy/ptII/ptolemy/actor/lib/test/auto/RecordUpdater2.xml (RunModel)" time="0.008" />
  <testcase classname="ptolemy.util.test.junit.AutoTests" name="[318] /home/travis/build/icyphy/ptII/ptolemy/actor/lib/test/auto/RecursiveLattice.xml (RunModel)" time="0.009" />
  <testcase classname="ptolemy.util.test.junit.AutoTests" name="[319] /home/travis/build/icyphy/ptII/ptolemy/actor/lib/test/auto/Router.xml (RunModel)" time="3.024" />
  <testcase classname="ptolemy.util.test.junit.AutoTests" name="[320] /home/travis/build/icyphy/ptII/ptolemy/actor/lib/test/auto/Router2.xml (RunModel)" time="3.038" />
  <testcase classname="ptolemy.util.test.junit.AutoTests" name="[321] /home/travis/build/icyphy/ptII/ptolemy/actor/lib/test/auto/RunningMaximum.xml (RunModel)" time="0.016" />
  <testcase classname="ptolemy.util.test.junit.AutoTests" name="[322] /home/travis/build/icyphy/ptII/ptolemy/actor/lib/test/auto/RunningMinimum.xml (RunModel)" time="0.044" />
  <testcase classname="ptolemy.util.test.junit.AutoTests" name="[323] /home/travis/build/icyphy/ptII/ptolemy/actor/lib/test/auto/Scale.xml (RunModel)" time="0.01" />
  <testcase classname="ptolemy.util.test.junit.AutoTests" name="[324] /home/travis/build/icyphy/ptII/ptolemy/actor/lib/test/auto/Scale2.xml (RunModel)" time="0.012" />
  <testcase classname="ptolemy.util.test.junit.AutoTests" name="[325] /home/travis/build/icyphy/ptII/ptolemy/actor/lib/test/auto/Scale3.xml (RunModel)" time="0.013" />
  <testcase classname="ptolemy.util.test.junit.AutoTests" name="[326] /home/travis/build/icyphy/ptII/ptolemy/actor/lib/test/auto/ScaleArray.xml (RunModel)" time="0.007" />
  <testcase classname="ptolemy.util.test.junit.AutoTests" name="[327] /home/travis/build/icyphy/ptII/ptolemy/actor/lib/test/auto/ScaleArray2.xml (RunModel)" time="0.008" />
  <testcase classname="ptolemy.util.test.junit.AutoTests" name="[328] /home/travis/build/icyphy/ptII/ptolemy/actor/lib/test/auto/ScaleMatrix.xml (RunModel)" time="0.182" />
  <testcase classname="ptolemy.util.test.junit.AutoTests" name="[329] /home/travis/build/icyphy/ptII/ptolemy/actor/lib/test/auto/Select.xml (RunModel)" time="0.018" />
  <testcase classname="ptolemy.util.test.junit.AutoTests" name="[330] /home/travis/build/icyphy/ptII/ptolemy/actor/lib/test/auto/Select2.xml (RunModel)" time="0.008" />
  <testcase classname="ptolemy.util.test.junit.AutoTests" name="[331] /home/travis/build/icyphy/ptII/ptolemy/actor/lib/test/auto/SequenceToArray2.xml (RunModel)" time="0.125" />
  <testcase classname="ptolemy.util.test.junit.AutoTests" name="[332] /home/travis/build/icyphy/ptII/ptolemy/actor/lib/test/auto/SequentialClock.xml (RunModel)" time="0.015" />
  <testcase classname="ptolemy.util.test.junit.AutoTests" name="[333] /home/travis/build/icyphy/ptII/ptolemy/actor/lib/test/auto/SetVariable.xml (RunModel)" time="0.016" />
  <testcase classname="ptolemy.util.test.junit.AutoTests" name="[334] /home/travis/build/icyphy/ptII/ptolemy/actor/lib/test/auto/SetVariable2.xml (RunModel)" time="0.011" />
  <testcase classname="ptolemy.util.test.junit.AutoTests" name="[335] /home/travis/build/icyphy/ptII/ptolemy/actor/lib/test/auto/SetVariable3.xml (RunModel)" time="0.016" />
  <testcase classname="ptolemy.util.test.junit.AutoTests" name="[336] /home/travis/build/icyphy/ptII/ptolemy/actor/lib/test/auto/SetVariable4.xml (RunModel)" time="0.03" />
  <testcase classname="ptolemy.util.test.junit.AutoTests" name="[337] /home/travis/build/icyphy/ptII/ptolemy/actor/lib/test/auto/SetVariable5.xml (RunModel)" time="0.037" />
  <testcase classname="ptolemy.util.test.junit.AutoTests" name="[338] /home/travis/build/icyphy/ptII/ptolemy/actor/lib/test/auto/Sinewave.xml (RunModel)" time="0.025" />
  <testcase classname="ptolemy.util.test.junit.AutoTests" name="[339] /home/travis/build/icyphy/ptII/ptolemy/actor/lib/test/auto/Sinewave2.xml (RunModel)" time="0.018" />
  <testcase classname="ptolemy.util.test.junit.AutoTests" name="[340] /home/travis/build/icyphy/ptII/ptolemy/actor/lib/test/auto/Sinewave3.xml (RunModel)" time="0.021" />
  <testcase classname="ptolemy.util.test.junit.AutoTests" name="[341] /home/travis/build/icyphy/ptII/ptolemy/actor/lib/test/auto/SingleEvent.xml (RunModel)" time="0.009" />
  <testcase classname="ptolemy.util.test.junit.AutoTests" name="[342] /home/travis/build/icyphy/ptII/ptolemy/actor/lib/test/auto/Sleep.xml (RunModel)" time="6.023" />
  <testcase classname="ptolemy.util.test.junit.AutoTests" name="[343] /home/travis/build/icyphy/ptII/ptolemy/actor/lib/test/auto/SleepMultipleFire.xml (RunModel)" time="1.027" />
  <testcase classname="ptolemy.util.test.junit.AutoTests" name="[344] /home/travis/build/icyphy/ptII/ptolemy/actor/lib/test/auto/StopDE.xml (RunModel)" time="0.015" />
  <testcase classname="ptolemy.util.test.junit.AutoTests" name="[345] /home/travis/build/icyphy/ptII/ptolemy/actor/lib/test/auto/StopSDF.xml (RunModel)" time="0.02" />
  <testcase classname="ptolemy.util.test.junit.AutoTests" name="[346] /home/travis/build/icyphy/ptII/ptolemy/actor/lib/test/auto/StringConstant.xml (RunModel)" time="0.016" />
  <testcase classname="ptolemy.util.test.junit.AutoTests" name="[347] /home/travis/build/icyphy/ptII/ptolemy/actor/lib/test/auto/SubscriberPortInitialValues1.xml (RunModel)" time="0.024" />
  <testcase classname="ptolemy.util.test.junit.AutoTests" name="[348] /home/travis/build/icyphy/ptII/ptolemy/actor/lib/test/auto/SubscriberPortInitialValues13.xml (RunModel)" time="0.031" />
  <testcase classname="ptolemy.util.test.junit.AutoTests" name="[349] /home/travis/build/icyphy/ptII/ptolemy/actor/lib/test/auto/SubscriberPortInitialValues14.xml (RunModel)" time="0.023" />
  <testcase classname="ptolemy.util.test.junit.AutoTests" name="[350] /home/travis/build/icyphy/ptII/ptolemy/actor/lib/test/auto/SubscriberPortInitialValues2.xml (RunModel)" time="0.022" />
  <testcase classname="ptolemy.util.test.junit.AutoTests" name="[351] /home/travis/build/icyphy/ptII/ptolemy/actor/lib/test/auto/SubscriberPortInitialValues3.xml (RunModel)" time="0.018" />
  <testcase classname="ptolemy.util.test.junit.AutoTests" name="[352] /home/travis/build/icyphy/ptII/ptolemy/actor/lib/test/auto/SubscriptionAggregator.xml (RunModel)" time="0.011" />
  <testcase classname="ptolemy.util.test.junit.AutoTests" name="[353] /home/travis/build/icyphy/ptII/ptolemy/actor/lib/test/auto/SubscriptionAggregator2.xml (RunModel)" time="0.011" />
  <testcase classname="ptolemy.util.test.junit.AutoTests" name="[354] /home/travis/build/icyphy/ptII/ptolemy/actor/lib/test/auto/SubscriptionAggregator3.xml (RunModel)" time="0.015" />
  <testcase classname="ptolemy.util.test.junit.AutoTests" name="[355] /home/travis/build/icyphy/ptII/ptolemy/actor/lib/test/auto/SubscriptionAggregatorMultiply.xml (RunModel)" time="0.013" />
  <testcase classname="ptolemy.util.test.junit.AutoTests" name="[356] /home/travis/build/icyphy/ptII/ptolemy/actor/lib/test/auto/SubscriptionAggregatorPortMultiply1.xml (RunModel)" time="0.012" />
  <testcase classname="ptolemy.util.test.junit.AutoTests" name="[357] /home/travis/build/icyphy/ptII/ptolemy/actor/lib/test/auto/Switch.xml (RunModel)" time="0.019" />
  <testcase classname="ptolemy.util.test.junit.AutoTests" name="[358] /home/travis/build/icyphy/ptII/ptolemy/actor/lib/test/auto/Switch2.xml (RunModel)" time="0.013" />
  <testcase classname="ptolemy.util.test.junit.AutoTests" name="[359] /home/travis/build/icyphy/ptII/ptolemy/actor/lib/test/auto/SwitchDE.xml (RunModel)" time="0.012" />
  <testcase classname="ptolemy.util.test.junit.AutoTests" name="[360] /home/travis/build/icyphy/ptII/ptolemy/actor/lib/test/auto/SynchronizerDE.xml (RunModel)" time="0.022" />
  <testcase classname="ptolemy.util.test.junit.AutoTests" name="[361] /home/travis/build/icyphy/ptII/ptolemy/actor/lib/test/auto/Test.xml (RunModel)" time="0.01" />
  <testcase classname="ptolemy.util.test.junit.AutoTests" name="[362] /home/travis/build/icyphy/ptII/ptolemy/actor/lib/test/auto/TestExceptionAttribute1.xml (RunModel)" time="0.008" />
  <testcase classname="ptolemy.util.test.junit.AutoTests" name="[363] /home/travis/build/icyphy/ptII/ptolemy/actor/lib/test/auto/TestExceptionAttribute2.xml (RunModel)" time="0.007" />
  <testcase classname="ptolemy.util.test.junit.AutoTests" name="[364] /home/travis/build/icyphy/ptII/ptolemy/actor/lib/test/auto/TestExceptionAttribute3.xml (RunModel)" time="0.011" />
  <testcase classname="ptolemy.util.test.junit.AutoTests" name="[365] /home/travis/build/icyphy/ptII/ptolemy/actor/lib/test/auto/TestExceptionAttribute4.xml (RunModel)" time="0.007" />
  <testcase classname="ptolemy.util.test.junit.AutoTests" name="[366] /home/travis/build/icyphy/ptII/ptolemy/actor/lib/test/auto/TestExceptionHandler1.xml (RunModel)" time="0.009" />
  <testcase classname="ptolemy.util.test.junit.AutoTests" name="[367] /home/travis/build/icyphy/ptII/ptolemy/actor/lib/test/auto/TestExceptionHandler2.xml (RunModel)" time="0.01" />
  <testcase classname="ptolemy.util.test.junit.AutoTests" name="[368] /home/travis/build/icyphy/ptII/ptolemy/actor/lib/test/auto/TestExceptionHandler3.xml (RunModel)" time="0.006" />
  <testcase classname="ptolemy.util.test.junit.AutoTests" name="[369] /home/travis/build/icyphy/ptII/ptolemy/actor/lib/test/auto/TestExceptionHandler4.xml (RunModel)" time="0.006" />
  <testcase classname="ptolemy.util.test.junit.AutoTests" name="[370] /home/travis/build/icyphy/ptII/ptolemy/actor/lib/test/auto/TestRequireCorrectOrder.xml (RunModel)" time="0.012" />
  <testcase classname="ptolemy.util.test.junit.AutoTests" name="[371] /home/travis/build/icyphy/ptII/ptolemy/actor/lib/test/auto/TestSimple.xml (RunModel)" time="0.006" />
  <testcase classname="ptolemy.util.test.junit.AutoTests" name="[372] /home/travis/build/icyphy/ptII/ptolemy/actor/lib/test/auto/ThrowModelError.xml (RunModel)" time="0.016" />
  <testcase classname="ptolemy.util.test.junit.AutoTests" name="[373] /home/travis/build/icyphy/ptII/ptolemy/actor/lib/test/auto/TimeDelayMicrosteps.xml (RunModel)" time="0.017" />
  <testcase classname="ptolemy.util.test.junit.AutoTests" name="[374] /home/travis/build/icyphy/ptII/ptolemy/actor/lib/test/auto/TimeDelayMicrosteps2.xml (RunModel)" time="0.014" />
  <testcase classname="ptolemy.util.test.junit.AutoTests" name="[375] /home/travis/build/icyphy/ptII/ptolemy/actor/lib/test/auto/TimeDelayMicrosteps3.xml (RunModel)" time="0.012" />
  <testcase classname="ptolemy.util.test.junit.AutoTests" name="[376] /home/travis/build/icyphy/ptII/ptolemy/actor/lib/test/auto/TimeDelayVariableMicrosteps.xml (RunModel)" time="0.012" />
  <testcase classname="ptolemy.util.test.junit.AutoTests" name="[377] /home/travis/build/icyphy/ptII/ptolemy/actor/lib/test/auto/TimeGap.xml (RunModel)" time="0.015" />
  <testcase classname="ptolemy.util.test.junit.AutoTests" name="[378] /home/travis/build/icyphy/ptII/ptolemy/actor/lib/test/auto/TimeGap2.xml (RunModel)" time="0.011" />
  <testcase classname="ptolemy.util.test.junit.AutoTests" name="[379] /home/travis/build/icyphy/ptII/ptolemy/actor/lib/test/auto/TimedSinewave.xml (RunModel)" time="0.057" />
  <testcase classname="ptolemy.util.test.junit.AutoTests" name="[380] /home/travis/build/icyphy/ptII/ptolemy/actor/lib/test/auto/TimedSinewavePhase.xml (RunModel)" time="0.041" />
  <testcase classname="ptolemy.util.test.junit.AutoTests" name="[381] /home/travis/build/icyphy/ptII/ptolemy/actor/lib/test/auto/Timer.xml (RunModel)" time="0.014" />
  <testcase classname="ptolemy.util.test.junit.AutoTests" name="[382] /home/travis/build/icyphy/ptII/ptolemy/actor/lib/test/auto/TriangularDistTestModel.xml (RunModel)" time="0.014" />
  <testcase classname="ptolemy.util.test.junit.AutoTests" name="[383] /home/travis/build/icyphy/ptII/ptolemy/actor/lib/test/auto/TrigFunction.xml (RunModel)" time="0.01" />
  <testcase classname="ptolemy.util.test.junit.AutoTests" name="[384] /home/travis/build/icyphy/ptII/ptolemy/actor/lib/test/auto/TrigFunctionDE.xml (RunModel)" time="0.01" />
  <testcase classname="ptolemy.util.test.junit.AutoTests" name="[385] /home/travis/build/icyphy/ptII/ptolemy/actor/lib/test/auto/TrigFunctionInverse.xml (RunModel)" time="0.009" />
  <testcase classname="ptolemy.util.test.junit.AutoTests" name="[386] /home/travis/build/icyphy/ptII/ptolemy/actor/lib/test/auto/TrigFunctionTan.xml (RunModel)" time="0.006" />
  <testcase classname="ptolemy.util.test.junit.AutoTests" name="[387] /home/travis/build/icyphy/ptII/ptolemy/actor/lib/test/auto/TriggeredClock.xml (RunModel)" time="0.007" />
  <testcase classname="ptolemy.util.test.junit.AutoTests" name="[388] /home/travis/build/icyphy/ptII/ptolemy/actor/lib/test/auto/URLDirectoryReader.xml (RunModel)" time="0.126" />
  <testcase classname="ptolemy.util.test.junit.AutoTests" name="[389] /home/travis/build/icyphy/ptII/ptolemy/actor/lib/test/auto/URLDirectoryReader3.xml (RunModel)" time="1.545" />
  <testcase classname="ptolemy.util.test.junit.AutoTests" name="[390] /home/travis/build/icyphy/ptII/ptolemy/actor/lib/test/auto/UnaryMathFunction.xml (RunModel)" time="0.045" />
  <testcase classname="ptolemy.util.test.junit.AutoTests" name="[391] /home/travis/build/icyphy/ptII/ptolemy/actor/lib/test/auto/Uniform.xml (RunModel)" time="0.01" />
  <testcase classname="ptolemy.util.test.junit.AutoTests" name="[392] /home/travis/build/icyphy/ptII/ptolemy/actor/lib/test/auto/UnionDisassemblerTest.xml (RunModel)" time="0.02" />
  <testcase classname="ptolemy.util.test.junit.AutoTests" name="[393] /home/travis/build/icyphy/ptII/ptolemy/actor/lib/test/auto/UtilityFunctions.xml (RunModel)" time="0.013" />
  <testcase classname="ptolemy.util.test.junit.AutoTests" name="[394] /home/travis/build/icyphy/ptII/ptolemy/actor/lib/test/auto/VariableSleep.xml (RunModel)" time="0.513" />
  <testcase classname="ptolemy.util.test.junit.AutoTests" name="[395] /home/travis/build/icyphy/ptII/ptolemy/actor/lib/test/auto/VectorAssemblerDisassemblerCT.xml (RunModel)" time="0.12" />
  <testcase classname="ptolemy.util.test.junit.AutoTests" name="[396] /home/travis/build/icyphy/ptII/ptolemy/actor/lib/test/auto/VectorAssemblerDisassemblerDE.xml (RunModel)" time="0.013" />
  <testcase classname="ptolemy.util.test.junit.AutoTests" name="[397] /home/travis/build/icyphy/ptII/ptolemy/actor/lib/test/auto/VectorAssemblerDisassemblerSDF.xml (RunModel)" time="0.012" />
  <testcase classname="ptolemy.util.test.junit.AutoTests" name="[398] /home/travis/build/icyphy/ptII/ptolemy/actor/lib/test/auto/WallClockTime.xml (RunModel)" time="1.013" />
  <testcase classname="ptolemy.util.test.junit.AutoTests" name="[399] /home/travis/build/icyphy/ptII/ptolemy/actor/lib/test/auto/WidthTestWithSubscriberPublisher.xml (RunModel)" time="0.037" />
  <testcase classname="ptolemy.util.test.junit.AutoTests" name="[400] /home/travis/build/icyphy/ptII/ptolemy/actor/lib/test/auto/WidthTestWithSubscriberPublisher2.xml (RunModel)" time="0.019" />
  <testcase classname="ptolemy.util.test.junit.AutoTests" name="[401] /home/travis/build/icyphy/ptII/ptolemy/actor/lib/test/auto/WidthTestWithSubscriberPublisher3.xml (RunModel)" time="0.014" />
  <testcase classname="ptolemy.util.test.junit.AutoTests" name="[402] /home/travis/build/icyphy/ptII/ptolemy/actor/lib/test/auto/Writer.xml (RunModel)" time="0.008" />
  <testcase classname="ptolemy.util.test.junit.AutoTests" name="[403] /home/travis/build/icyphy/ptII/ptolemy/actor/lib/test/auto/array.xml (RunModel)" time="0.009" />
  <testcase classname="ptolemy.util.test.junit.AutoTests" name="[404] /home/travis/build/icyphy/ptII/ptolemy/actor/lib/test/auto/array2.xml (RunModel)" time="0.016" />
  <testcase classname="ptolemy.util.test.junit.AutoTests" name="[405] /home/travis/build/icyphy/ptII/ptolemy/actor/lib/test/auto/arrayType.xml (RunModel)" time="0.011" />
  <testcase classname="ptolemy.util.test.junit.AutoTests" name="[406] /home/travis/build/icyphy/ptII/ptolemy/actor/lib/test/auto/arrayType10.xml (RunModel)" time="0.009" />
  <testcase classname="ptolemy.util.test.junit.AutoTests" name="[407] /home/travis/build/icyphy/ptII/ptolemy/actor/lib/test/auto/arrayType11.xml (RunModel)" time="0.008" />
  <testcase classname="ptolemy.util.test.junit.AutoTests" name="[408] /home/travis/build/icyphy/ptII/ptolemy/actor/lib/test/auto/arrayType12.xml (RunModel)" time="0.008" />
  <testcase classname="ptolemy.util.test.junit.AutoTests" name="[409] /home/travis/build/icyphy/ptII/ptolemy/actor/lib/test/auto/arrayType13.xml (RunModel)" time="0.008" />
  <testcase classname="ptolemy.util.test.junit.AutoTests" name="[410] /home/travis/build/icyphy/ptII/ptolemy/actor/lib/test/auto/arrayType14.xml (RunModel)" time="0.008" />
  <testcase classname="ptolemy.util.test.junit.AutoTests" name="[411] /home/travis/build/icyphy/ptII/ptolemy/actor/lib/test/auto/arrayType15.xml (RunModel)" time="0.009" />
  <testcase classname="ptolemy.util.test.junit.AutoTests" name="[412] /home/travis/build/icyphy/ptII/ptolemy/actor/lib/test/auto/arrayType16.xml (RunModel)" time="0.008" />
  <testcase classname="ptolemy.util.test.junit.AutoTests" name="[413] /home/travis/build/icyphy/ptII/ptolemy/actor/lib/test/auto/arrayType17.xml (RunModel)" time="0.008" />
  <testcase classname="ptolemy.util.test.junit.AutoTests" name="[414] /home/travis/build/icyphy/ptII/ptolemy/actor/lib/test/auto/arrayType18.xml (RunModel)" time="0.007" />
  <testcase classname="ptolemy.util.test.junit.AutoTests" name="[415] /home/travis/build/icyphy/ptII/ptolemy/actor/lib/test/auto/arrayType19.xml (RunModel)" time="0.025" />
  <testcase classname="ptolemy.util.test.junit.AutoTests" name="[416] /home/travis/build/icyphy/ptII/ptolemy/actor/lib/test/auto/arrayType2.xml (RunModel)" time="0.009" />
  <testcase classname="ptolemy.util.test.junit.AutoTests" name="[417] /home/travis/build/icyphy/ptII/ptolemy/actor/lib/test/auto/arrayType20.xml (RunModel)" time="0.008" />
  <testcase classname="ptolemy.util.test.junit.AutoTests" name="[418] /home/travis/build/icyphy/ptII/ptolemy/actor/lib/test/auto/arrayType21.xml (RunModel)" time="0.034" />
  <testcase classname="ptolemy.util.test.junit.AutoTests" name="[419] /home/travis/build/icyphy/ptII/ptolemy/actor/lib/test/auto/arrayType22.xml (RunModel)" time="0.032" />
  <testcase classname="ptolemy.util.test.junit.AutoTests" name="[420] /home/travis/build/icyphy/ptII/ptolemy/actor/lib/test/auto/arrayType23.xml (RunModel)" time="0.036" />
  <testcase classname="ptolemy.util.test.junit.AutoTests" name="[421] /home/travis/build/icyphy/ptII/ptolemy/actor/lib/test/auto/arrayType24.xml (RunModel)" time="0.041" />
  <testcase classname="ptolemy.util.test.junit.AutoTests" name="[422] /home/travis/build/icyphy/ptII/ptolemy/actor/lib/test/auto/arrayType25.xml (RunModel)" time="0.026" />
  <testcase classname="ptolemy.util.test.junit.AutoTests" name="[423] /home/travis/build/icyphy/ptII/ptolemy/actor/lib/test/auto/arrayType26.xml (RunModel)" time="0.034" />
  <testcase classname="ptolemy.util.test.junit.AutoTests" name="[424] /home/travis/build/icyphy/ptII/ptolemy/actor/lib/test/auto/arrayType27.xml (RunModel)" time="0.027" />
  <testcase classname="ptolemy.util.test.junit.AutoTests" name="[425] /home/travis/build/icyphy/ptII/ptolemy/actor/lib/test/auto/arrayType28.xml (RunModel)" time="0.013" />
  <testcase classname="ptolemy.util.test.junit.AutoTests" name="[426] /home/travis/build/icyphy/ptII/ptolemy/actor/lib/test/auto/arrayType3.xml (RunModel)" time="0.009" />
  <testcase classname="ptolemy.util.test.junit.AutoTests" name="[427] /home/travis/build/icyphy/ptII/ptolemy/actor/lib/test/auto/arrayType4.xml (RunModel)" time="0.008" />
  <testcase classname="ptolemy.util.test.junit.AutoTests" name="[428] /home/travis/build/icyphy/ptII/ptolemy/actor/lib/test/auto/arrayType5.xml (RunModel)" time="0.009" />
  <testcase classname="ptolemy.util.test.junit.AutoTests" name="[429] /home/travis/build/icyphy/ptII/ptolemy/actor/lib/test/auto/arrayType6.xml (RunModel)" time="0.008" />
  <testcase classname="ptolemy.util.test.junit.AutoTests" name="[430] /home/travis/build/icyphy/ptII/ptolemy/actor/lib/test/auto/arrayType7.xml (RunModel)" time="0.012" />
  <testcase classname="ptolemy.util.test.junit.AutoTests" name="[431] /home/travis/build/icyphy/ptII/ptolemy/actor/lib/test/auto/arrayType8.xml (RunModel)" time="0.024" />
  <testcase classname="ptolemy.util.test.junit.AutoTests" name="[432] /home/travis/build/icyphy/ptII/ptolemy/actor/lib/test/auto/arrayType9.xml (RunModel)" time="0.008" />
  <testcase classname="ptolemy.util.test.junit.AutoTests" name="[433] /home/travis/build/icyphy/ptII/ptolemy/actor/lib/test/auto/cast.xml (RunModel)" time="0.01" />
  <testcase classname="ptolemy.util.test.junit.AutoTests" name="[434] /home/travis/build/icyphy/ptII/ptolemy/actor/lib/test/auto/compositeMultiPort.xml (RunModel)" time="0.017" />
  <testcase classname="ptolemy.util.test.junit.AutoTests" name="[435] /home/travis/build/icyphy/ptII/ptolemy/actor/lib/test/auto/expressionCastInference.xml (RunModel)" time="0.008" />
  <testcase classname="ptolemy.util.test.junit.AutoTests" name="[436] /home/travis/build/icyphy/ptII/ptolemy/actor/lib/test/auto/expressionCastInference2.xml (RunModel)" time="0.008" />
  <testcase classname="ptolemy.util.test.junit.AutoTests" name="[437] /home/travis/build/icyphy/ptII/ptolemy/actor/lib/test/auto/expressionInference.xml (RunModel)" time="0.008" />
  <testcase classname="ptolemy.util.test.junit.AutoTests" name="[438] /home/travis/build/icyphy/ptII/ptolemy/actor/lib/test/auto/expression_bug.xml (RunModel)" time="0.007" />
  <testcase classname="ptolemy.util.test.junit.AutoTests" name="[439] /home/travis/build/icyphy/ptII/ptolemy/actor/lib/test/auto/factorial.xml (RunModel)" time="0.058" />
  <testcase classname="ptolemy.util.test.junit.AutoTests" name="[440] /home/travis/build/icyphy/ptII/ptolemy/actor/lib/test/auto/filterTest1.xml (RunModel)" time="0.012" />
  <testcase classname="ptolemy.util.test.junit.AutoTests" name="[441] /home/travis/build/icyphy/ptII/ptolemy/actor/lib/test/auto/funcApplyInConst.xml (RunModel)" time="0.005" />
  <testcase classname="ptolemy.util.test.junit.AutoTests" name="[442] /home/travis/build/icyphy/ptII/ptolemy/actor/lib/test/auto/funcApplyInExpr.xml (RunModel)" time="0.008" />
  <testcase classname="ptolemy.util.test.junit.AutoTests" name="[443] /home/travis/build/icyphy/ptII/ptolemy/actor/lib/test/auto/function.xml (RunModel)" time="0.01" />
  <testcase classname="ptolemy.util.test.junit.AutoTests" name="[444] /home/travis/build/icyphy/ptII/ptolemy/actor/lib/test/auto/function2.xml (RunModel)" time="0.008" />
  <testcase classname="ptolemy.util.test.junit.AutoTests" name="[445] /home/travis/build/icyphy/ptII/ptolemy/actor/lib/test/auto/function3.xml (RunModel)" time="0.006" />
  <testcase classname="ptolemy.util.test.junit.AutoTests" name="[446] /home/travis/build/icyphy/ptII/ptolemy/actor/lib/test/auto/functionClosureTest1.xml (RunModel)" time="0.009" />
  <testcase classname="ptolemy.util.test.junit.AutoTests" name="[447] /home/travis/build/icyphy/ptII/ptolemy/actor/lib/test/auto/functionClosureTest2.xml (RunModel)" time="0.006" />
  <testcase classname="ptolemy.util.test.junit.AutoTests" name="[448] /home/travis/build/icyphy/ptII/ptolemy/actor/lib/test/auto/functionClosureTest3.xml (RunModel)" time="0.01" />
  <testcase classname="ptolemy.util.test.junit.AutoTests" name="[449] /home/travis/build/icyphy/ptII/ptolemy/actor/lib/test/auto/functionClosureTest4.xml (RunModel)" time="0.016" />
  <testcase classname="ptolemy.util.test.junit.AutoTests" name="[450] /home/travis/build/icyphy/ptII/ptolemy/actor/lib/test/auto/functionClosureTest5.xml (RunModel)" time="0.011" />
  <testcase classname="ptolemy.util.test.junit.AutoTests" name="[451] /home/travis/build/icyphy/ptII/ptolemy/actor/lib/test/auto/functionClosureTest6.xml (RunModel)" time="0.008" />
  <testcase classname="ptolemy.util.test.junit.AutoTests" name="[452] /home/travis/build/icyphy/ptII/ptolemy/actor/lib/test/auto/functionsOnArcs.xml (RunModel)" time="0.009" />
  <testcase classname="ptolemy.util.test.junit.AutoTests" name="[453] /home/travis/build/icyphy/ptII/ptolemy/actor/lib/test/auto/functionsOnArcsHOF.xml (RunModel)" time="0.011" />
  <testcase classname="ptolemy.util.test.junit.AutoTests" name="[454] /home/travis/build/icyphy/ptII/ptolemy/actor/lib/test/auto/logic.xml (RunModel)" time="0.017" />
  <testcase classname="ptolemy.util.test.junit.AutoTests" name="[455] /home/travis/build/icyphy/ptII/ptolemy/actor/lib/test/auto/matrixType.xml (RunModel)" time="0.008" />
  <testcase classname="ptolemy.util.test.junit.AutoTests" name="[456] /home/travis/build/icyphy/ptII/ptolemy/actor/lib/test/auto/matrixType10.xml (RunModel)" time="0.008" />
  <testcase classname="ptolemy.util.test.junit.AutoTests" name="[457] /home/travis/build/icyphy/ptII/ptolemy/actor/lib/test/auto/matrixType11.xml (RunModel)" time="0.007" />
  <testcase classname="ptolemy.util.test.junit.AutoTests" name="[458] /home/travis/build/icyphy/ptII/ptolemy/actor/lib/test/auto/matrixType12.xml (RunModel)" time="0.009" />
  <testcase classname="ptolemy.util.test.junit.AutoTests" name="[459] /home/travis/build/icyphy/ptII/ptolemy/actor/lib/test/auto/matrixType13.xml (RunModel)" time="0.008" />
  <testcase classname="ptolemy.util.test.junit.AutoTests" name="[460] /home/travis/build/icyphy/ptII/ptolemy/actor/lib/test/auto/matrixType14.xml (RunModel)" time="0.009" />
  <testcase classname="ptolemy.util.test.junit.AutoTests" name="[461] /home/travis/build/icyphy/ptII/ptolemy/actor/lib/test/auto/matrixType2.xml (RunModel)" time="0.01" />
  <testcase classname="ptolemy.util.test.junit.AutoTests" name="[462] /home/travis/build/icyphy/ptII/ptolemy/actor/lib/test/auto/matrixType3.xml (RunModel)" time="0.007" />
  <testcase classname="ptolemy.util.test.junit.AutoTests" name="[463] /home/travis/build/icyphy/ptII/ptolemy/actor/lib/test/auto/matrixType4.xml (RunModel)" time="0.008" />
  <testcase classname="ptolemy.util.test.junit.AutoTests" name="[464] /home/travis/build/icyphy/ptII/ptolemy/actor/lib/test/auto/matrixType5.xml (RunModel)" time="0.007" />
  <testcase classname="ptolemy.util.test.junit.AutoTests" name="[465] /home/travis/build/icyphy/ptII/ptolemy/actor/lib/test/auto/matrixType6.xml (RunModel)" time="0.008" />
  <testcase classname="ptolemy.util.test.junit.AutoTests" name="[466] /home/travis/build/icyphy/ptII/ptolemy/actor/lib/test/auto/matrixType7.xml (RunModel)" time="0.008" />
  <testcase classname="ptolemy.util.test.junit.AutoTests" name="[467] /home/travis/build/icyphy/ptII/ptolemy/actor/lib/test/auto/matrixType8.xml (RunModel)" time="0.008" />
  <testcase classname="ptolemy.util.test.junit.AutoTests" name="[468] /home/travis/build/icyphy/ptII/ptolemy/actor/lib/test/auto/matrixType9.xml (RunModel)" time="0.007" />
  <testcase classname="ptolemy.util.test.junit.AutoTests" name="[469] /home/travis/build/icyphy/ptII/ptolemy/actor/lib/test/auto/paraFunctest.xml (RunModel)" time="0.007" />
  <testcase classname="ptolemy.util.test.junit.AutoTests" name="[470] /home/travis/build/icyphy/ptII/ptolemy/actor/lib/test/auto/paraFunctest2.xml (RunModel)" time="0.013" />
  <testcase classname="ptolemy.util.test.junit.AutoTests" name="[471] /home/travis/build/icyphy/ptII/ptolemy/actor/lib/test/auto/parameterPassing.xml (RunModel)" time="0.008" />
  <testcase classname="ptolemy.util.test.junit.AutoTests" name="[472] /home/travis/build/icyphy/ptII/ptolemy/actor/lib/test/auto/record.xml (RunModel)" time="0.01" />
  <testcase classname="ptolemy.util.test.junit.AutoTests" name="[473] /home/travis/build/icyphy/ptII/ptolemy/actor/lib/test/auto/sizedarray1.xml (RunModel)" time="0.01" />
  <testcase classname="ptolemy.util.test.junit.AutoTests" name="[474] /home/travis/build/icyphy/ptII/ptolemy/actor/lib/test/auto/sizedarray2.xml (RunModel)" time="0.01" />
  <testcase classname="ptolemy.util.test.junit.AutoTests" name="[475] /home/travis/build/icyphy/ptII/ptolemy/actor/lib/test/auto/twoPublishers.xml (RunModel)" time="0.025" />
  <system-out><![CDATA[/home/travis/build/icyphy/ptII/ptolemy/actor/lib/test/AbsoluteValue.tcl
testDefs.tcl: setting time out to 9000 seconds at Thu Oct 24 06:13:59 UTC 2019
130 ms. Memory: 120832K Free: 85955K (71%)
10 ms. Memory: 120832K Free: 84410K (70%)
9 ms. Memory: 120832K Free: 83378K (69%)
10 ms. Memory: 120832K Free: 82883K (69%)
/home/travis/build/icyphy/ptII/ptolemy/actor/lib/test/AddSubtract.tcl
19 ms. Memory: 120832K Free: 80835K (67%)
13 ms. Memory: 120832K Free: 80314K (66%)
9 ms. Memory: 120832K Free: 79297K (66%)
9 ms. Memory: 120832K Free: 78273K (65%)
41 ms. Memory: 120832K Free: 75715K (63%)
6 ms. Memory: 120832K Free: 74691K (62%)
/home/travis/build/icyphy/ptII/ptolemy/actor/lib/test/Average.tcl
8 ms. Memory: 120832K Free: 73153K (61%)
7 ms. Memory: 120832K Free: 72114K (60%)
/home/travis/build/icyphy/ptII/ptolemy/actor/lib/test/Bernoulli.tcl
14 ms. Memory: 120832K Free: 70595K (58%)
2 ms. Memory: 120832K Free: 70081K (58%)
/home/travis/build/icyphy/ptII/ptolemy/actor/lib/test/Clock.tcl
preinitializing
resolving types
initializing
executing number 1
wrapping up
idle
33 ms. Memory: 120832K Free: 67523K (56%)
Completed execution with 5 iterations
preinitializing
resolving types
initializing
executing number 1
wrapping up
idle
11 ms. Memory: 120832K Free: 66499K (55%)
Completed execution with 5 iterations
preinitializing
resolving types
initializing
executing number 1
wrapping up
idle
9 ms. Memory: 120832K Free: 65978K (55%)
Completed execution with 5 iterations
/home/travis/build/icyphy/ptII/ptolemy/actor/lib/test/Commutator.tcl
13 ms. Memory: 120832K Free: 63922K (53%)
16 ms. Memory: 120832K Free: 62913K (52%)
13 ms. Memory: 120832K Free: 57283K (47%)
/home/travis/build/icyphy/ptII/ptolemy/actor/lib/test/Const.tcl
4 ms. Memory: 120832K Free: 55714K (46%)
3 ms. Memory: 120832K Free: 55235K (46%)
6 ms. Memory: 120832K Free: 54721K (45%)
4 ms. Memory: 120832K Free: 54211K (45%)
2 ms. Memory: 120832K Free: 53187K (44%)
19 ms. Memory: 120832K Free: 51649K (43%)
12 ms. Memory: 120832K Free: 50625K (42%)
9 ms. Memory: 120832K Free: 50115K (41%)
/home/travis/build/icyphy/ptII/ptolemy/actor/lib/test/CurrentTime.tcl
preinitializing
resolving types
initializing
executing number 1
wrapping up
idle
8 ms. Memory: 120832K Free: 48067K (40%)
Completed execution with 11 iterations
/home/travis/build/icyphy/ptII/ptolemy/actor/lib/test/DB.tcl
5 ms. Memory: 120832K Free: 46019K (38%)
23 ms. Memory: 120832K Free: 107179K (89%)
1 ms. Memory: 120832K Free: 107179K (89%)
/home/travis/build/icyphy/ptII/ptolemy/actor/lib/test/DiscreteRandomSource.tcl
preinitializing
resolving types
initializing
executing number 1
wrapping up
idle
3 ms. Memory: 120832K Free: 105660K (87%)
Completed execution with 4 iterations
preinitializing
resolving types
initializing
executing number 1
wrapping up
idle
10 ms. Memory: 120832K Free: 104938K (87%)
Completed execution with 4 iterations
preinitializing
resolving types
initializing
executing number 1
wrapping up
idle
2 ms. Memory: 120832K Free: 104636K (87%)
Completed execution with 4 iterations
preinitializing
resolving types
initializing
executing number 1
wrapping up
idle
3 ms. Memory: 120832K Free: 104122K (86%)
Completed execution with 4 iterations
preinitializing
resolving types
initializing
executing number 1
wrapping up
idle
4 ms. Memory: 120832K Free: 103612K (86%)
Completed execution with 4 iterations
/home/travis/build/icyphy/ptII/ptolemy/actor/lib/test/Distributor.tcl
10 ms. Memory: 120832K Free: 105126K (87%)
8 ms. Memory: 120832K Free: 104458K (86%)
StreamChangeRequest.changeExecuted(): <deleteEntity name="rec2"/> succeeded
StreamChangeRequest.changeExecuted(): <deleteRelation name="r2"/> succeeded
StreamChangeRequest.changeExecuted(): Record firings per iteration succeeded
5 ms. Memory: 120832K Free: 102017K (84%)
/home/travis/build/icyphy/ptII/ptolemy/actor/lib/test/Exit.tcl
Exit.tcl: this will print a message about Manager.exitAfterWrapup, which can be ignored.
4 ms. Memory: 120832K Free: 98754K (82%)
/home/travis/build/icyphy/ptII/ptolemy/actor/lib/test/Expression.tcl
12 ms. Memory: 120832K Free: 95659K (79%)
3 ms. Memory: 120832K Free: 94855K (79%)
3 ms. Memory: 120832K Free: 94226K (78%)
preinitializing
resolving types
initializing
executing number 1
wrapping up
idle
5 ms. Memory: 120832K Free: 92587K (77%)
Completed execution with 6 iterations
4 ms. Memory: 120832K Free: 91801K (76%)
5 ms. Memory: 120832K Free: 91154K (75%)
12 ms. Memory: 120832K Free: 89736K (74%)
3 ms. Memory: 120832K Free: 88720K (73%)
8 ms. Memory: 120832K Free: 87467K (72%)
/home/travis/build/icyphy/ptII/ptolemy/actor/lib/test/Gaussian.tcl
5 ms. Memory: 120832K Free: 104941K (87%)
sleeping 1 seconds: ............................................................................................................................................................................................................................................................................................................................................................................................................................................................................................................................................3 ms. Memory: 120832K Free: 102379K (85%)
2 ms. Memory: 120832K Free: 101355K (84%)
1 ms. Memory: 120832K Free: 100845K (83%)
7 ms. Memory: 120832K Free: 100317K (83%)
2 ms. Memory: 120832K Free: 99821K (83%)
/home/travis/build/icyphy/ptII/ptolemy/actor/lib/test/IIR.tcl
/home/travis/build/icyphy/ptII/ptolemy/actor/lib/test/Interpolator.tcl
4 ms. Memory: 120832K Free: 95725K (79%)
2 ms. Memory: 120832K Free: 95197K (79%)
2 ms. Memory: 120832K Free: 94701K (78%)
4 ms. Memory: 120832K Free: 94155K (78%)
6 ms. Memory: 120832K Free: 93133K (77%)
6 ms. Memory: 120832K Free: 92653K (77%)
2 ms. Memory: 120832K Free: 91629K (76%)
7 ms. Memory: 120832K Free: 90605K (75%)
8 ms. Memory: 120832K Free: 90091K (75%)
2 ms. Memory: 120832K Free: 89067K (74%)
/home/travis/build/icyphy/ptII/ptolemy/actor/lib/test/MathFunction.tcl
5 ms. Memory: 120832K Free: 87019K (72%)
2 ms. Memory: 120832K Free: 85995K (71%)
9 ms. Memory: 120832K Free: 84957K (70%)
3 ms. Memory: 120832K Free: 83933K (69%)
4 ms. Memory: 120832K Free: 82413K (68%)
5 ms. Memory: 120832K Free: 80869K (67%)
/home/travis/build/icyphy/ptII/ptolemy/actor/lib/test/Maximum.tcl
3 ms. Memory: 120832K Free: 78821K (65%)
3 ms. Memory: 120832K Free: 78317K (65%)
2 ms. Memory: 120832K Free: 77293K (64%)
2 ms. Memory: 120832K Free: 76779K (64%)
/home/travis/build/icyphy/ptII/ptolemy/actor/lib/test/Minimum.tcl
3 ms. Memory: 120832K Free: 75245K (62%)
1 ms. Memory: 120832K Free: 74221K (61%)
1 ms. Memory: 120832K Free: 73707K (61%)
2 ms. Memory: 120832K Free: 73197K (61%)
/home/travis/build/icyphy/ptII/ptolemy/actor/lib/test/MultiplyDivide.tcl
18 ms. Memory: 120832K Free: 105256K (87%)
2 ms. Memory: 120832K Free: 104712K (87%)
3 ms. Memory: 120832K Free: 103718K (86%)
5 ms. Memory: 120832K Free: 103208K (85%)
5 ms. Memory: 120832K Free: 102664K (85%)
/home/travis/build/icyphy/ptII/ptolemy/actor/lib/test/OrderedMerge.tcl
Connections changed on port: inputA
Connections changed on port: inputB
Connections changed on port: output
Connections changed on port: output
Connections changed on port: output
Connections changed on port: input
.top. Preinitializing ...
Invoking preinitialize():  .top.OrderedMerge
Called preinitialize()
Invoking preinitialize():  .top.Ramp
Called preinitialize()
Invoking preinitialize():  .top.Ramp2
Called preinitialize()
Invoking preinitialize():  .top.Test
Called preinitialize()
Connections changed on port: inputA
Connections changed on port: output
Connections changed on port: output
Connections changed on port: input
Connections changed on port: inputB
Connections changed on port: output
.top. Finished preinitialize().
Called initialize().
Invoking initialize():  .top.OrderedMerge
Initializing actor: .top.OrderedMerge
Adding a thread: .top.OrderedMerge
Invoking initialize():  .top.Ramp
Initializing actor: .top.Ramp
Adding a thread: .top.Ramp
Invoking initialize():  .top.Ramp2
Initializing actor: .top.Ramp2
Adding a thread: .top.Ramp2
Invoking initialize():  .top.Test
Initializing actor: .top.Test
Adding a thread: .top.Test
Called fire().
Checking for deadlock:
-- Starting thread.
Called initialize()
-- Starting thread.
Called initialize()
Called prefire()
Called fire()
-- Starting thread.
-- Starting thread.
Called initialize()
Called prefire()
Called fire()
Called prefire()
Called initialize()
Called fire()
Called prefire()
Called fire()
There are 0 Blocked actors, 0 Stopped actors, and 4 active threads.
Waiting for actors to stop.
Called postfire()
Called prefire()
Called fire()
Called postfire()
Called prefire()
Called fire()
Checking for deadlock:
There are 2 Blocked actors, 0 Stopped actors, and 4 active threads.
Waiting for actors to stop.
Called postfire()
Called prefire()
Called fire()
Read input token from inputA with value 0.0
Next port to read input from is inputB
Called postfire()
Called prefire()
Called fire()
Checking for deadlock:
There are 2 Blocked actors, 0 Stopped actors, and 4 active threads.
Read input token from inputB with value 0.0
Waiting for actors to stop.
Sent output token with value 0.0
Next port to read input from is inputA
Called postfire()
Called prefire()
Called fire()
Read input token from inputA with value 1.0
-- Read input: 0.0, which is expected to match: 0.0
Sent output token with value 0.0
Called prefire()
Called fire()
Called postfire()
Called prefire()
Called fire()
-- Read input: 0.0, which is expected to match: 0.0
Next port to read input from is inputB
Called prefire()
Called postfire()
Called prefire()
Called fire()
Called postfire()
Called prefire()
Called fire()
Read input token from inputB with value 1.5
Sent output token with value 1.0
Next port to read input from is inputA
Called postfire()
Called prefire()
Called fire()
Read input token from inputA with value 2.0
Called fire()
-- Read input: 1.0, which is expected to match: 1.0
Called prefire()
Called fire()
Checking for deadlock:
There are 1 Blocked actors, 0 Stopped actors, and 4 active threads.
Waiting for actors to stop.
Called postfire()
Called prefire()
Called fire()
Sent output token with value 1.5
Next port to read input from is inputB
Called postfire()
Called prefire()
Called fire()
Called postfire()
Checking for deadlock:
Called prefire()
There are 1 Blocked actors, 0 Stopped actors, and 4 active threads.
Waiting for actors to stop.
Called fire()
-- Read input: 1.5, which is expected to match: 1.5
Called prefire()
Called fire()
Checking for deadlock:
There are 3 Blocked actors, 0 Stopped actors, and 4 active threads.
Waiting for actors to stop.
Checking for deadlock:
There are 2 Blocked actors, 0 Stopped actors, and 4 active threads.
Waiting for actors to stop.
Read input token from inputB with value 3.0
Sent output token with value 2.0
Next port to read input from is inputA
Called postfire()
Called prefire()
Called fire()
Read input token from inputA with value 3.0
Called postfire()
Checking for deadlock:
Called prefire()
There are 1 Blocked actors, 0 Stopped actors, and 4 active threads.
Called fire()
Waiting for actors to stop.
Called postfire()
Called prefire()
Called fire()
-- Read input: 2.0, which is expected to match: 2.0
Checking for deadlock:
There are 1 Blocked actors, 0 Stopped actors, and 4 active threads.
Waiting for actors to stop.
Called prefire()
Called fire()
Checking for deadlock:
There are 3 Blocked actors, 0 Stopped actors, and 4 active threads.
Waiting for actors to stop.
Sent output token with value 3.0
Checking for deadlock:
There are 2 Blocked actors, 0 Stopped actors, and 4 active threads.
Waiting for actors to stop.
Next port to read input from is inputB
Called postfire()
Called prefire()
Called fire()
-- Read input: 3.0, which is expected to match: 3.0
Read input token from inputB with value 4.5
Called prefire()
Called fire()
Sent output token with value 3.0
-- Read input: 3.0, which is expected to match: 3.0
Called prefire()
Next port to read input from is inputA
Called postfire()
Called prefire()
Called fire()
Called postfire()
Called prefire()
Called fire()
Read input token from inputA with value 4.0
Called fire()
-- Read input: 4.0, which is expected to match: 4.0
Called prefire()
Called fire()
Past the end of training data. Read and discard all inputs.
Checking for deadlock:
There are 2 Blocked actors, 0 Stopped actors, and 4 active threads.
Waiting for actors to stop.
Called postfire()
Called prefire()
Called fire()
Checking for deadlock:
There are 3 Blocked actors, 0 Stopped actors, and 4 active threads.
Waiting for actors to stop.
Sent output token with value 4.0
Next port to read input from is inputA
Called postfire()
Called prefire()
Called fire()
Read input token from inputA with value 5.0
Called postfire()
Called prefire()
Sent output token with value 4.5
Called fire()
Next port to read input from is inputB
Called postfire()
Called prefire()
Called fire()
Called prefire()
Called fire()
Past the end of training data. Read and discard all inputs.
Read input token from inputB with value 6.0
Checking for deadlock:
There are 2 Blocked actors, 0 Stopped actors, and 4 active threads.
Waiting for actors to stop.
Called postfire()
Sent output token with value 5.0
Called prefire()
Called fire()
Next port to read input from is inputA
Called postfire()
Called prefire()
Called fire()
Checking for deadlock:
There are 2 Blocked actors, 0 Stopped actors, and 4 active threads.
Waiting for actors to stop.
Called prefire()
Called fire()
Past the end of training data. Read and discard all inputs.
Read input token from inputA with value 6.0
Checking for deadlock:
There are 2 Blocked actors, 0 Stopped actors, and 4 active threads.
Waiting for actors to stop.
Sent output token with value 6.0
Called postfire()
Called prefire()
Called fire()
Next port to read input from is inputB
Called postfire()
Called prefire()
Called fire()
Read input token from inputB with value 7.5
Called postfire()
Called prefire()
Called fire()
Checking for deadlock:
There are 3 Blocked actors, 0 Stopped actors, and 4 active threads.
Waiting for actors to stop.
Called prefire()
Called fire()
Past the end of training data. Read and discard all inputs.
Sent output token with value 6.0
Called prefire()
Called fire()
Past the end of training data. Read and discard all inputs.
Next port to read input from is inputA
Called postfire()
Called prefire()
Called fire()
Checking for deadlock:
There are 2 Blocked actors, 0 Stopped actors, and 4 active threads.
Waiting for actors to stop.
Read input token from inputA with value 7.0
Sent output token with value 7.0
Next port to read input from is inputA
Called postfire()
Called prefire()
Called fire()
Checking for deadlock:
There are 2 Blocked actors, 0 Stopped actors, and 4 active threads.
Waiting for actors to stop.
Called postfire()
Called prefire()
Called fire()
Called prefire()
Called fire()
Past the end of training data. Read and discard all inputs.
Checking for deadlock:
There are 3 Blocked actors, 0 Stopped actors, and 4 active threads.
Waiting for actors to stop.
Read input token from inputA with value 8.0
Sent output token with value 7.5
Next port to read input from is inputB
Called postfire()
Called prefire()
Called fire()
Read input token from inputB with value 9.0
Checking for deadlock:
Called postfire()
There are 1 Blocked actors, 0 Stopped actors, and 4 active threads.
Called prefire()
Waiting for actors to stop.
Called fire()
Called prefire()
Called fire()
Past the end of training data. Read and discard all inputs.
-- Thread wrapup() called.
Called wrapup()
Thread .top.Ramp is exiting.
-- Thread stopped.
Checking for deadlock:
There are 2 Blocked actors, 0 Stopped actors, and 3 active threads.
Waiting for actors to stop.
Sent output token with value 8.0
Next port to read input from is inputA
Called postfire()
Called prefire()
Called fire()
Read input token from inputA with value 9.0
Called prefire()
Called fire()
Past the end of training data. Read and discard all inputs.
Checking for deadlock:
There are 2 Blocked actors, 0 Stopped actors, and 3 active threads.
Waiting for actors to stop.
Sent output token with value 9.0
Called prefire()
Called fire()
Past the end of training data. Read and discard all inputs.
Next port to read input from is inputB
Called postfire()
Called prefire()
Called fire()
Read input token from inputB with value 10.5
Sent output token with value 9.0
Next port to read input from is inputA
Called postfire()
Called prefire()
Called fire()
Checking for deadlock:
There are 1 Blocked actors, 0 Stopped actors, and 3 active threads.
Waiting for actors to stop.
Called postfire()
Called prefire()
Called fire()
Called prefire()
Past the end of training data. Read and discard all inputs.
Called fire()
Checking for deadlock:
There are 3 Blocked actors, 0 Stopped actors, and 3 active threads.
Actors have stopped.
Checking for deadlock:
There are 3 Blocked actors, 0 Stopped actors, and 3 active threads.
Deadlock detected.
Resolving Deadlock
Checking for deadlock:
There are 3 Blocked actors, 0 Stopped actors, and 3 active threads.
Artificial Deadlock - increasing queue capacity.
increasing the capacity of receiver ptolemy.actor.TypedIOPort {.top.OrderedMerge.inputB} to 2
-- Thread wrapup() called.
Called wrapup()
Thread .top.Ramp2 is exiting.
-- Thread stopped.
Director: Called postfire().
Called postfire().
_stopRequested = false
_stopFireRequested = false
Returning from postfire(): true
Called fire().
Checking for deadlock:
There are 2 Blocked actors, 0 Stopped actors, and 2 active threads.
Actors have stopped.
Checking for deadlock:
There are 2 Blocked actors, 0 Stopped actors, and 2 active threads.
Deadlock detected.
Resolving Deadlock
Checking for deadlock:
There are 2 Blocked actors, 0 Stopped actors, and 2 active threads.
Deadlock detected: no processes blocked on write, but some are blocked on read.
Called postfire().
_stopRequested = false
_stopFireRequested = false
Returning from postfire(): false
Finished deactivating branches.
Called wrapup().
-- Thread wrapup() called.
Called wrapup()
Thread .top.Test is exiting.
-- Thread stopped.
-- Blocked Receiver call threw TerminateProcessException.
-- Thread wrapup() called.
Called wrapup()
Thread .top.OrderedMerge is exiting.
-- Thread stopped.
-- Blocked Receiver call threw TerminateProcessException.
63 ms. Memory: 120832K Free: 97635K (81%)
.top. Preinitializing ...
Invoking preinitialize():  .top.OrderedMerge
Called preinitialize()
Invoking preinitialize():  .top.Ramp
Called preinitialize()
Invoking preinitialize():  .top.Ramp2
Called preinitialize()
Invoking preinitialize():  .top.Test
Called preinitialize()
.top. Finished preinitialize().
Called initialize().
Invoking initialize():  .top.OrderedMerge
Initializing actor: .top.OrderedMerge
Adding a thread: .top.OrderedMerge
Invoking initialize():  .top.Ramp
Initializing actor: .top.Ramp
Adding a thread: .top.Ramp
Invoking initialize():  .top.Ramp2
Initializing actor: .top.Ramp2
Adding a thread: .top.Ramp2
Invoking initialize():  .top.Test
Initializing actor: .top.Test
Adding a thread: .top.Test
-- Starting thread.
Called initialize()
Called prefire()
Called fire()
-- Starting thread.
Called initialize()
Called prefire()
Called fire()
Called postfire()
Called prefire()
Called fire()
-- Starting thread.
Called initialize()
Called prefire()
Called fire()
Called postfire()
Called prefire()
Called fire()
Called fire().
Checking for deadlock:
-- Starting thread.
There are 3 Blocked actors, 0 Stopped actors, and 4 active threads.
Called initialize()
Waiting for actors to stop.
Called prefire()
Called fire()
Checking for deadlock:
There are 2 Blocked actors, 0 Stopped actors, and 4 active threads.
Waiting for actors to stop.
Called postfire()
Called prefire()
Called fire()
Checking for deadlock:
There are 3 Blocked actors, 0 Stopped actors, and 4 active threads.
Waiting for actors to stop.
Read input token from inputA with value 0.0
Next port to read input from is inputB
Called postfire()
Called prefire()
Called fire()
Checking for deadlock:
There are 2 Blocked actors, 0 Stopped actors, and 4 active threads.
Waiting for actors to stop.
Called postfire()
Called prefire()
Called fire()
Checking for deadlock:
There are 3 Blocked actors, 0 Stopped actors, and 4 active threads.
Waiting for actors to stop.
Read input token from inputB with value 0.0
Checking for deadlock:
There are 2 Blocked actors, 0 Stopped actors, and 4 active threads.
Waiting for actors to stop.
Sent output token with value 0.0
-- Read input: 0.0, which is expected to match: 0.0
Called prefire()
Called fire()
Checking for deadlock:
There are 3 Blocked actors, 0 Stopped actors, and 4 active threads.
Waiting for actors to stop.
Next port to read input from is inputA
Called postfire()
Called prefire()
Called fire()
Checking for deadlock:
There are 2 Blocked actors, 0 Stopped actors, and 4 active threads.
Waiting for actors to stop.
Called postfire()
Called prefire()
Called fire()
Checking for deadlock:
There are 3 Blocked actors, 0 Stopped actors, and 4 active threads.
Waiting for actors to stop.
Read input token from inputA with value 1.0
Checking for deadlock:
There are 2 Blocked actors, 0 Stopped actors, and 4 active threads.
Waiting for actors to stop.
Sent output token with value 0.0
-- Read input: 0.0, which is expected to match: 0.0
Called prefire()
Called fire()
Checking for deadlock:
There are 3 Blocked actors, 0 Stopped actors, and 4 active threads.
Waiting for actors to stop.
Next port to read input from is inputB
Called postfire()
Called prefire()
Called fire()
Checking for deadlock:
There are 2 Blocked actors, 0 Stopped actors, and 4 active threads.
Waiting for actors to stop.
Called postfire()
Called prefire()
Called fire()
Checking for deadlock:
Read input token from inputB with value 1.5
There are 3 Blocked actors, 0 Stopped actors, and 4 active threads.
Waiting for actors to stop.
Checking for deadlock:
There are 2 Blocked actors, 0 Stopped actors, and 4 active threads.
Waiting for actors to stop.
-- Read input: 1.0, which is expected to match: 1.0
Called prefire()
Called fire()
Checking for deadlock:
There are 3 Blocked actors, 0 Stopped actors, and 4 active threads.
Sent output token with value 1.0
Waiting for actors to stop.
Next port to read input from is inputA
Called postfire()
Called prefire()
Called fire()
Called postfire()
Called prefire()
Called fire()
Checking for deadlock:
There are 3 Blocked actors, 0 Stopped actors, and 4 active threads.
Waiting for actors to stop.
Read input token from inputA with value 2.0
-- Read input: 1.5, which is expected to match: 1.5
Called prefire()
Called fire()
Checking for deadlock:
There are 3 Blocked actors, 0 Stopped actors, and 4 active threads.
Waiting for actors to stop.
Sent output token with value 1.5
Next port to read input from is inputB
Called postfire()
Called prefire()
Called fire()
Checking for deadlock:
There are 2 Blocked actors, 0 Stopped actors, and 4 active threads.
Waiting for actors to stop.
Called postfire()
Called prefire()
Called fire()
Checking for deadlock:
Read input token from inputB with value 3.0
There are 3 Blocked actors, 0 Stopped actors, and 4 active threads.
Waiting for actors to stop.
Checking for deadlock:
There are 2 Blocked actors, 0 Stopped actors, and 4 active threads.
Waiting for actors to stop.
Sent output token with value 2.0
-- Read input: 2.0, which is expected to match: 2.0
Called prefire()
Called fire()
Checking for deadlock:
There are 3 Blocked actors, 0 Stopped actors, and 4 active threads.
Waiting for actors to stop.
Next port to read input from is inputA
Called postfire()
Called prefire()
Called fire()
Checking for deadlock:
There are 2 Blocked actors, 0 Stopped actors, and 4 active threads.
Waiting for actors to stop.
Called postfire()
Called prefire()
Called fire()
Checking for deadlock:
There are 3 Blocked actors, 0 Stopped actors, and 4 active threads.
Waiting for actors to stop.
Read input token from inputA with value 3.0
Checking for deadlock:
There are 2 Blocked actors, 0 Stopped actors, and 4 active threads.
Waiting for actors to stop.
-- Read input: 3.0, which is expected to match: 3.0
Called prefire()
Called fire()
Checking for deadlock:
There are 3 Blocked actors, 0 Stopped actors, and 4 active threads.
Waiting for actors to stop.
Sent output token with value 3.0
Next port to read input from is inputB
Called postfire()
Called prefire()
Called fire()
Checking for deadlock:
There are 2 Blocked actors, 0 Stopped actors, and 4 active threads.
Waiting for actors to stop.
Called postfire()
Called prefire()
Called fire()
Checking for deadlock:
There are 3 Blocked actors, 0 Stopped actors, and 4 active threads.
Waiting for actors to stop.
Read input token from inputB with value 4.5
Checking for deadlock:
Sent output token with value 3.0
There are 2 Blocked actors, 0 Stopped actors, and 4 active threads.
Waiting for actors to stop.
Next port to read input from is inputA
Called postfire()
Called prefire()
Called fire()
-- Read input: 3.0, which is expected to match: 3.0
Called prefire()
Called fire()
Checking for deadlock:
There are 2 Blocked actors, 0 Stopped actors, and 4 active threads.
Waiting for actors to stop.
Called postfire()
Called prefire()
Called fire()
Checking for deadlock:
There are 3 Blocked actors, 0 Stopped actors, and 4 active threads.
Waiting for actors to stop.
Read input token from inputA with value 4.0
Checking for deadlock:
There are 2 Blocked actors, 0 Stopped actors, and 4 active threads.
Waiting for actors to stop.
-- Read input: 4.0, which is expected to match: 4.0
Called prefire()
Called fire()
Past the end of training data. Read and discard all inputs.
Checking for deadlock:
There are 3 Blocked actors, 0 Stopped actors, and 4 active threads.
Waiting for actors to stop.
Sent output token with value 4.0
Next port to read input from is inputA
Called postfire()
Called prefire()
Called fire()
Checking for deadlock:
There are 2 Blocked actors, 0 Stopped actors, and 4 active threads.
Waiting for actors to stop.
Called postfire()
Called prefire()
Called fire()
Checking for deadlock:
There are 3 Blocked actors, 0 Stopped actors, and 4 active threads.
Waiting for actors to stop.
Read input token from inputA with value 5.0
Checking for deadlock:
There are 2 Blocked actors, 0 Stopped actors, and 4 active threads.
Waiting for actors to stop.
Called prefire()
Called fire()
Past the end of training data. Read and discard all inputs.
Checking for deadlock:
There are 3 Blocked actors, 0 Stopped actors, and 4 active threads.
Waiting for actors to stop.
Sent output token with value 4.5
Next port to read input from is inputB
Called postfire()
Called prefire()
Called fire()
Called postfire()
Called prefire()
Called fire()
Checking for deadlock:
There are 3 Blocked actors, 0 Stopped actors, and 4 active threads.
Waiting for actors to stop.
Read input token from inputB with value 6.0
Called prefire()
Called fire()
Past the end of training data. Read and discard all inputs.
Checking for deadlock:
There are 3 Blocked actors, 0 Stopped actors, and 4 active threads.
Waiting for actors to stop.
Sent output token with value 5.0
Next port to read input from is inputA
Called postfire()
Called prefire()
Called fire()
Checking for deadlock:
There are 2 Blocked actors, 0 Stopped actors, and 4 active threads.
Waiting for actors to stop.
Called postfire()
Called prefire()
Called fire()
Checking for deadlock:
There are 3 Blocked actors, 0 Stopped actors, and 4 active threads.
Waiting for actors to stop.
Read input token from inputA with value 6.0
Checking for deadlock:
There are 2 Blocked actors, 0 Stopped actors, and 4 active threads.
Waiting for actors to stop.
Called prefire()
Called fire()
Past the end of training data. Read and discard all inputs.
Checking for deadlock:
There are 3 Blocked actors, 0 Stopped actors, and 4 active threads.
Waiting for actors to stop.
Sent output token with value 6.0
Next port to read input from is inputB
Called postfire()
Called prefire()
Called fire()
Called postfire()
Called prefire()
Called fire()
Checking for deadlock:
There are 3 Blocked actors, 0 Stopped actors, and 4 active threads.
Waiting for actors to stop.
Read input token from inputB with value 7.5
Called prefire()
Called fire()
Past the end of training data. Read and discard all inputs.
Checking for deadlock:
There are 3 Blocked actors, 0 Stopped actors, and 4 active threads.
Waiting for actors to stop.
Sent output token with value 6.0
Next port to read input from is inputA
Called postfire()
Called prefire()
Called fire()
Checking for deadlock:
There are 2 Blocked actors, 0 Stopped actors, and 4 active threads.
Waiting for actors to stop.
Called postfire()
Called prefire()
Called fire()
Checking for deadlock:
There are 3 Blocked actors, 0 Stopped actors, and 4 active threads.
Waiting for actors to stop.
Read input token from inputA with value 7.0
Checking for deadlock:
There are 2 Blocked actors, 0 Stopped actors, and 4 active threads.
Waiting for actors to stop.
Called prefire()
Called fire()
Past the end of training data. Read and discard all inputs.
Checking for deadlock:
There are 3 Blocked actors, 0 Stopped actors, and 4 active threads.
Waiting for actors to stop.
Sent output token with value 7.0
Next port to read input from is inputA
Called postfire()
Called prefire()
Called fire()
Checking for deadlock:
There are 2 Blocked actors, 0 Stopped actors, and 4 active threads.
Waiting for actors to stop.
-- Thread wrapup() called.
Called wrapup()
Thread .top.Ramp is exiting.
-- Thread stopped.
Checking for deadlock:
There are 2 Blocked actors, 0 Stopped actors, and 3 active threads.
Waiting for actors to stop.
Read input token from inputA with value 8.0
Called prefire()
Called fire()
Past the end of training data. Read and discard all inputs.
Checking for deadlock:
There are 2 Blocked actors, 0 Stopped actors, and 3 active threads.
Waiting for actors to stop.
Sent output token with value 7.5
Next port to read input from is inputB
Called postfire()
Called prefire()
Called fire()
Checking for deadlock:
There are 1 Blocked actors, 0 Stopped actors, and 3 active threads.
Waiting for actors to stop.
Called postfire()
Called prefire()
Called fire()
Checking for deadlock:
There are 2 Blocked actors, 0 Stopped actors, and 3 active threads.
Waiting for actors to stop.
Read input token from inputB with value 9.0
Checking for deadlock:
There are 1 Blocked actors, 0 Stopped actors, and 3 active threads.
Waiting for actors to stop.
Called prefire()
Called fire()
Past the end of training data. Read and discard all inputs.
Checking for deadlock:
There are 2 Blocked actors, 0 Stopped actors, and 3 active threads.
Waiting for actors to stop.
Sent output token with value 8.0
Next port to read input from is inputA
Called postfire()
Called prefire()
Called fire()
Read input token from inputA with value 9.0
Called prefire()
Called fire()
Past the end of training data. Read and discard all inputs.
Checking for deadlock:
There are 2 Blocked actors, 0 Stopped actors, and 3 active threads.
Waiting for actors to stop.
Sent output token with value 9.0
Next port to read input from is inputB
Called postfire()
Called prefire()
Called fire()
Called postfire()
Called prefire()
Called fire()
Checking for deadlock:
There are 2 Blocked actors, 0 Stopped actors, and 3 active threads.
Waiting for actors to stop.
Read input token from inputB with value 10.5
Called prefire()
Called fire()
Past the end of training data. Read and discard all inputs.
Checking for deadlock:
There are 2 Blocked actors, 0 Stopped actors, and 3 active threads.
Waiting for actors to stop.
Sent output token with value 9.0
Next port to read input from is inputA
Called postfire()
Called prefire()
Called fire()
Checking for deadlock:
There are 3 Blocked actors, 0 Stopped actors, and 3 active threads.
Actors have stopped.
Checking for deadlock:
There are 3 Blocked actors, 0 Stopped actors, and 3 active threads.
Deadlock detected.
Resolving Deadlock
Checking for deadlock:
There are 3 Blocked actors, 0 Stopped actors, and 3 active threads.
Artificial Deadlock - increasing queue capacity.
increasing the capacity of receiver ptolemy.actor.TypedIOPort {.top.OrderedMerge.inputB} to 2
Director: Called postfire().
Called postfire().
_stopRequested = false
_stopFireRequested = false
Returning from postfire(): true
Called fire().
Checking for deadlock:
There are 2 Blocked actors, 0 Stopped actors, and 3 active threads.
Waiting for actors to stop.
-- Thread wrapup() called.
Called wrapup()
Thread .top.Ramp2 is exiting.
-- Thread stopped.
Checking for deadlock:
There are 2 Blocked actors, 0 Stopped actors, and 2 active threads.
Actors have stopped.
Checking for deadlock:
There are 2 Blocked actors, 0 Stopped actors, and 2 active threads.
Deadlock detected.
Resolving Deadlock
Checking for deadlock:
There are 2 Blocked actors, 0 Stopped actors, and 2 active threads.
Deadlock detected: no processes blocked on write, but some are blocked on read.
Called postfire().
_stopRequested = false
_stopFireRequested = false
Returning from postfire(): false
Finished deactivating branches.
Called wrapup().
-- Thread wrapup() called.
Called wrapup()
-- Thread wrapup() called.
Called wrapup()
Thread .top.Test is exiting.
-- Thread stopped.
-- Blocked Receiver call threw TerminateProcessException.
Thread .top.OrderedMerge is exiting.
-- Thread stopped.
-- Blocked Receiver call threw TerminateProcessException.
32 ms. Memory: 120832K Free: 96040K (79%)
/home/travis/build/icyphy/ptII/ptolemy/actor/lib/test/Publisher.tcl
9 ms. Memory: 120832K Free: 89896K (74%)
4 ms. Memory: 120832K Free: 84248K (70%)
3 ms. Memory: 120832K Free: 80680K (67%)
3 ms. Memory: 120832K Free: 79656K (66%)
2 ms. Memory: 120832K Free: 79136K (65%)
2 ms. Memory: 120832K Free: 78118K (65%)
2 ms. Memory: 120832K Free: 77608K (64%)
3 ms. Memory: 120832K Free: 76584K (63%)
17 ms. Memory: 120832K Free: 66344K (55%)
7 ms. Memory: 120832K Free: 101918K (84%)
2 ms. Memory: 120832K Free: 100908K (84%)
3 ms. Memory: 120832K Free: 98846K (82%)
7 ms. Memory: 120832K Free: 91182K (75%)
6 ms. Memory: 120832K Free: 81452K (67%)
14 ms. Memory: 120832K Free: 70702K (59%)
/home/travis/build/icyphy/ptII/ptolemy/actor/lib/test/Pulse.tcl
3 ms. Memory: 145408K Free: 109875K (76%)
11 ms. Memory: 145408K Free: 109346K (75%)
1 ms. Memory: 145408K Free: 108851K (75%)
2 ms. Memory: 145408K Free: 108306K (74%)
10 ms. Memory: 145408K Free: 107827K (74%)
12 ms. Memory: 145408K Free: 106803K (73%)
3 ms. Memory: 145408K Free: 105779K (73%)
2 ms. Memory: 145408K Free: 104755K (72%)
2 ms. Memory: 145408K Free: 104210K (72%)
/home/travis/build/icyphy/ptII/ptolemy/actor/lib/test/Ramp.tcl
3 ms. Memory: 145408K Free: 102193K (70%)
1 ms. Memory: 145408K Free: 101683K (70%)
2 ms. Memory: 145408K Free: 100659K (69%)
2 ms. Memory: 145408K Free: 100145K (69%)
4 ms. Memory: 145408K Free: 99121K (68%)
4 ms. Memory: 145408K Free: 98611K (68%)
5 ms. Memory: 145408K Free: 97587K (67%)
5 actors
4000 microseconds per iteration to create
5 ms. Memory: 145408K Free: 94515K (65%)
1 ms. Memory: 145408K Free: 94001K (65%)
1 ms. Memory: 145408K Free: 93491K (64%)
2 ms. Memory: 145408K Free: 92962K (64%)
50 actors
46000 microseconds per iteration to create
46 ms. Memory: 145408K Free: 77107K (53%)
14 ms. Memory: 145408K Free: 76083K (52%)
6 ms. Memory: 145408K Free: 75059K (52%)
11 ms. Memory: 145408K Free: 74035K (51%)
500 actors
1683000 microseconds per iteration to create
285 ms. Memory: 145408K Free: 119154K (82%)
38 ms. Memory: 145408K Free: 114034K (78%)
35 ms. Memory: 145408K Free: 108914K (75%)
40 ms. Memory: 145408K Free: 103284K (71%)
/home/travis/build/icyphy/ptII/ptolemy/actor/lib/test/RampContinuous.tcl
9 ms. Memory: 145408K Free: 102260K (70%)
/home/travis/build/icyphy/ptII/ptolemy/actor/lib/test/RecordAssembler.tcl
6 ms. Memory: 145408K Free: 100707K (69%)
3 ms. Memory: 145408K Free: 99683K (69%)
/home/travis/build/icyphy/ptII/ptolemy/actor/lib/test/RecordDisassembler.tcl
14 ms. Memory: 145408K Free: 97635K (67%)
3 ms. Memory: 145408K Free: 97140K (67%)
4 ms. Memory: 145408K Free: 95587K (66%)
/home/travis/build/icyphy/ptII/ptolemy/actor/lib/test/Scale.tcl
4 ms. Memory: 145408K Free: 94068K (65%)
1 ms. Memory: 145408K Free: 93044K (64%)
1 ms. Memory: 145408K Free: 92515K (64%)
3 ms. Memory: 145408K Free: 91491K (63%)
3 ms. Memory: 145408K Free: 90996K (63%)
/home/travis/build/icyphy/ptII/ptolemy/actor/lib/test/SequentialClock.tcl
preinitializing
resolving types
initializing
executing number 1
wrapping up
idle
3 ms. Memory: 145408K Free: 89451K (62%)
Completed execution with 5 iterations
preinitializing
resolving types
initializing
executing number 1
wrapping up
idle
1 ms. Memory: 145408K Free: 88948K (61%)
Completed execution with 5 iterations
preinitializing
resolving types
initializing
executing number 1
wrapping up
idle
1 ms. Memory: 145408K Free: 88434K (61%)
Completed execution with 5 iterations
/home/travis/build/icyphy/ptII/ptolemy/actor/lib/test/SetVariable.tcl
4 ms. Memory: 145408K Free: 86371K (59%)


==== $PTII/ptolemy/actor/lib/test/SetVariable.tcl: SetVariable-3.1 changeFailed
==== Contents of test case:

    #Uses 2.1 above
    jdkCaptureErr {
        # This test was failing if we ran Exit.tcl and then this test.
        # MessageHandler.error() now actually throws the Exception.
	catch {$setVariable changeFailed [java::null]  [java::new Exception {Test exception for SetVariable.changeFailed()}]} errMsg
    } results
    list [string range $results 0 89] "\n" $errMsg

==== Result was:
{java.lang.Exception: Test exception for SetVariable.changeFailed()
	at java.base/jdk.inter} {
} {java.lang.RuntimeException: java.lang.Exception: Test exception for SetVariable.changeFailed()}
---- Result should have been:
{Failed to set variable.
java.lang.Exception: Test exception for SetVariable.changeFailed()} {
} {java.lang.RuntimeException: java.lang.Exception: Test exception for SetVariable.changeFailed()}
---- SetVariable-3.1 FAILED
/home/travis/build/icyphy/ptII/ptolemy/actor/lib/test/Sinewave.tcl
/home/travis/build/icyphy/ptII/ptolemy/actor/lib/test/SubscriptionAggregator.tcl
4 ms. Memory: 145408K Free: 74612K (51%)
3 ms. Memory: 145408K Free: 73588K (51%)
2 ms. Memory: 145408K Free: 73588K (51%)
1 ms. Memory: 145408K Free: 73074K (50%)
2 ms. Memory: 145408K Free: 69492K (48%)
9 ms. Memory: 145408K Free: 67444K (46%)
...............................................................1260 ms. Memory: 286720K Free: 170037K (59%)
/home/travis/build/icyphy/ptII/ptolemy/actor/lib/test/Test.tcl
 The next command will produce a warning about training mode,
   which may be ignored.
8 ms. Memory: 286720K Free: 167984K (59%)
6 ms. Memory: 286720K Free: 166974K (58%)
13 ms. Memory: 286720K Free: 166464K (58%)
1 ms. Memory: 286720K Free: 165920K (58%)
2 ms. Memory: 286720K Free: 165440K (58%)
11 ms. Memory: 286720K Free: 163896K (57%)
3 ms. Memory: 286720K Free: 162864K (57%)
 The next command will produce a warning about training mode,
   which may be ignored.
15 ms. Memory: 286720K Free: 160320K (56%)
 The next command will produce a warning about training mode,
   which may be ignored.
7 ms. Memory: 286720K Free: 159296K (56%)
2 ms. Memory: 286720K Free: 158776K (55%)
1 ms. Memory: 286720K Free: 158272K (55%)
3 ms. Memory: 286720K Free: 157752K (55%)
8 ms. Memory: 286720K Free: 156734K (55%)
7 ms. Memory: 286720K Free: 152638K (53%)
/home/travis/build/icyphy/ptII/ptolemy/actor/lib/test/TestExceptionHandler.tcl
 The next command will produce a warning about training mode,
   which may be ignored.
3 ms. Memory: 286720K Free: 151600K (53%)
1 ms. Memory: 286720K Free: 151104K (53%)
0 ms. Memory: 286720K Free: 150576K (53%)
/home/travis/build/icyphy/ptII/ptolemy/actor/lib/test/UnionDisassembler.tcl
25 ms. Memory: 286720K Free: 143422K (50%)
/home/travis/build/icyphy/ptII/ptolemy/actor/lib/test/VariableClock.tcl
preinitializing
resolving types
initializing
executing number 1
wrapping up
idle
3 ms. Memory: 286720K Free: 141360K (49%)
Completed execution with 11 iterations
preinitializing
resolving types
initializing
executing number 1
wrapping up
idle
6 ms. Memory: 286720K Free: 139840K (49%)
Completed execution with 10 iterations
10/24/19 06:14:07
Failed: 1  Total Tests: 234  ((Passed: 233, Newly Passed: 0)  Known Failed: 0) /home/travis/build/icyphy/ptII/ptolemy/actor/lib/test
----------------- testing (KnownFailure) /home/travis/build/icyphy/ptII/ptolemy/actor/lib/test/auto/knownFailedTests/PublisherPortToplevelSubscriber.xml
1 ms. Memory: 286720K Free: 136768K (48%)
Known Failure: java.lang.reflect.InvocationTargetException
----------------- testing (KnownFailure) /home/travis/build/icyphy/ptII/ptolemy/actor/lib/test/auto/knownFailedTests/PublisherSubscriberPortToplevel.xml
0 ms. Memory: 286720K Free: 132672K (46%)
Known Failure: java.lang.reflect.InvocationTargetException
----------------- testing (KnownFailure) /home/travis/build/icyphy/ptII/ptolemy/actor/lib/test/auto/knownFailedTests/PublisherSubscriptionAggregatorPort.xml
6 ms. Memory: 286720K Free: 128576K (45%)
Known Failure: java.lang.reflect.InvocationTargetException
----------------- testing (KnownFailure) /home/travis/build/icyphy/ptII/ptolemy/actor/lib/test/auto/knownFailedTests/sizedarray3.xml
4 ms. Memory: 286720K Free: 123966K (43%)
Known Failure: java.lang.reflect.InvocationTargetException
No auto/linux-amd64/*.xml tests in /home/travis/build/icyphy/ptII/ptolemy/actor/lib/test
AutoTests.java: About to close Vertx.
AutoTests.java: Vertx closed.

===========================================================================================
----------------- testing Thu Oct 24 06:14:07 UTC 2019 /home/travis/build/icyphy/ptII/ptolemy/actor/lib/test/auto/AbsoluteValue.xml
----------------- Instantiating /home/travis/build/icyphy/ptII/ptolemy/actor/lib/test/auto/AbsoluteValue.xml
14 ms. Memory: 286720K Free: 100414K (35%)
----------------- Invoking toplevel() on ptolemy.moml.MoMLSimpleApplication@47aba088
----------------- Done invoking toplevel() on ptolemy.moml.MoMLSimpleApplication@47aba088
reloadAllAccessors: .AbsoluteValue

===========================================================================================
----------------- testing Thu Oct 24 06:14:07 UTC 2019 /home/travis/build/icyphy/ptII/ptolemy/actor/lib/test/auto/AbsoluteValue2.xml
----------------- Instantiating /home/travis/build/icyphy/ptII/ptolemy/actor/lib/test/auto/AbsoluteValue2.xml
5 ms. Memory: 286720K Free: 93760K (33%)
----------------- Invoking toplevel() on ptolemy.moml.MoMLSimpleApplication@1cb22847
----------------- Done invoking toplevel() on ptolemy.moml.MoMLSimpleApplication@1cb22847
reloadAllAccessors: .AbsoluteValue2

===========================================================================================
----------------- testing Thu Oct 24 06:14:08 UTC 2019 /home/travis/build/icyphy/ptII/ptolemy/actor/lib/test/auto/Accumulator.xml
----------------- Instantiating /home/travis/build/icyphy/ptII/ptolemy/actor/lib/test/auto/Accumulator.xml
6 ms. Memory: 286720K Free: 235582K (82%)
----------------- Invoking toplevel() on ptolemy.moml.MoMLSimpleApplication@bf2f0b0
----------------- Done invoking toplevel() on ptolemy.moml.MoMLSimpleApplication@bf2f0b0
reloadAllAccessors: .Accumulator

===========================================================================================
----------------- testing Thu Oct 24 06:14:08 UTC 2019 /home/travis/build/icyphy/ptII/ptolemy/actor/lib/test/auto/Accumulator2.xml
----------------- Instantiating /home/travis/build/icyphy/ptII/ptolemy/actor/lib/test/auto/Accumulator2.xml
7 ms. Memory: 286720K Free: 229952K (80%)
----------------- Invoking toplevel() on ptolemy.moml.MoMLSimpleApplication@6e30e435
----------------- Done invoking toplevel() on ptolemy.moml.MoMLSimpleApplication@6e30e435
reloadAllAccessors: .Accumulator2

===========================================================================================
----------------- testing Thu Oct 24 06:14:08 UTC 2019 /home/travis/build/icyphy/ptII/ptolemy/actor/lib/test/auto/Accumulator3.xml
----------------- Instantiating /home/travis/build/icyphy/ptII/ptolemy/actor/lib/test/auto/Accumulator3.xml
3 ms. Memory: 286720K Free: 225856K (79%)
----------------- Invoking toplevel() on ptolemy.moml.MoMLSimpleApplication@3e809d47
----------------- Done invoking toplevel() on ptolemy.moml.MoMLSimpleApplication@3e809d47
reloadAllAccessors: .Accumulator3

===========================================================================================
----------------- testing Thu Oct 24 06:14:08 UTC 2019 /home/travis/build/icyphy/ptII/ptolemy/actor/lib/test/auto/ArrayAppend.xml
----------------- Instantiating /home/travis/build/icyphy/ptII/ptolemy/actor/lib/test/auto/ArrayAppend.xml
4 ms. Memory: 286720K Free: 219184K (76%)
----------------- Invoking toplevel() on ptolemy.moml.MoMLSimpleApplication@5659acd8
----------------- Done invoking toplevel() on ptolemy.moml.MoMLSimpleApplication@5659acd8
reloadAllAccessors: .ArrayAppend

===========================================================================================
----------------- testing Thu Oct 24 06:14:08 UTC 2019 /home/travis/build/icyphy/ptII/ptolemy/actor/lib/test/auto/ArrayAppend2.xml
----------------- Instantiating /home/travis/build/icyphy/ptII/ptolemy/actor/lib/test/auto/ArrayAppend2.xml
342 ms. Memory: 286720K Free: 136768K (48%)
----------------- Invoking toplevel() on ptolemy.moml.MoMLSimpleApplication@14ed8223
----------------- Done invoking toplevel() on ptolemy.moml.MoMLSimpleApplication@14ed8223
reloadAllAccessors: .ArrayAppend2

===========================================================================================
----------------- testing Thu Oct 24 06:14:08 UTC 2019 /home/travis/build/icyphy/ptII/ptolemy/actor/lib/test/auto/ArrayAppend3.xml
----------------- Instantiating /home/travis/build/icyphy/ptII/ptolemy/actor/lib/test/auto/ArrayAppend3.xml
3 ms. Memory: 286720K Free: 131134K (46%)
----------------- Invoking toplevel() on ptolemy.moml.MoMLSimpleApplication@62de68ea
----------------- Done invoking toplevel() on ptolemy.moml.MoMLSimpleApplication@62de68ea
reloadAllAccessors: .ArrayAppend3

===========================================================================================
----------------- testing Thu Oct 24 06:14:08 UTC 2019 /home/travis/build/icyphy/ptII/ptolemy/actor/lib/test/auto/ArrayAppend4.xml
----------------- Instantiating /home/travis/build/icyphy/ptII/ptolemy/actor/lib/test/auto/ArrayAppend4.xml
2 ms. Memory: 286720K Free: 126014K (44%)
----------------- Invoking toplevel() on ptolemy.moml.MoMLSimpleApplication@5bb3da32
----------------- Done invoking toplevel() on ptolemy.moml.MoMLSimpleApplication@5bb3da32
reloadAllAccessors: .ArrayAppend4

===========================================================================================
----------------- testing Thu Oct 24 06:14:08 UTC 2019 /home/travis/build/icyphy/ptII/ptolemy/actor/lib/test/auto/ArrayAppend5.xml
----------------- Instantiating /home/travis/build/icyphy/ptII/ptolemy/actor/lib/test/auto/ArrayAppend5.xml
1 ms. Memory: 286720K Free: 120894K (42%)
----------------- Invoking toplevel() on ptolemy.moml.MoMLSimpleApplication@3340e8a3
----------------- Done invoking toplevel() on ptolemy.moml.MoMLSimpleApplication@3340e8a3
reloadAllAccessors: .ArrayAppend5

===========================================================================================
----------------- testing Thu Oct 24 06:14:08 UTC 2019 /home/travis/build/icyphy/ptII/ptolemy/actor/lib/test/auto/ArrayAppend6.xml
----------------- Instantiating /home/travis/build/icyphy/ptII/ptolemy/actor/lib/test/auto/ArrayAppend6.xml
2 ms. Memory: 286720K Free: 115264K (40%)
----------------- Invoking toplevel() on ptolemy.moml.MoMLSimpleApplication@3d68752c
----------------- Done invoking toplevel() on ptolemy.moml.MoMLSimpleApplication@3d68752c
reloadAllAccessors: .ArrayAppend6

===========================================================================================
----------------- testing Thu Oct 24 06:14:08 UTC 2019 /home/travis/build/icyphy/ptII/ptolemy/actor/lib/test/auto/ArrayAppendPerformanceTest.xml
----------------- Instantiating /home/travis/build/icyphy/ptII/ptolemy/actor/lib/test/auto/ArrayAppendPerformanceTest.xml
27 ms. Memory: 286720K Free: 104510K (36%)
----------------- Invoking toplevel() on ptolemy.moml.MoMLSimpleApplication@104f28f8
----------------- Done invoking toplevel() on ptolemy.moml.MoMLSimpleApplication@104f28f8
reloadAllAccessors: .ArrayAppendPerformanceTest

===========================================================================================
----------------- testing Thu Oct 24 06:14:08 UTC 2019 /home/travis/build/icyphy/ptII/ptolemy/actor/lib/test/auto/ArrayAppendWithEmptyInput.xml
----------------- Instantiating /home/travis/build/icyphy/ptII/ptolemy/actor/lib/test/auto/ArrayAppendWithEmptyInput.xml
7 ms. Memory: 286720K Free: 96318K (34%)
----------------- Invoking toplevel() on ptolemy.moml.MoMLSimpleApplication@407515a9
----------------- Done invoking toplevel() on ptolemy.moml.MoMLSimpleApplication@407515a9
reloadAllAccessors: .ArrayAppendWithEmptyInput

===========================================================================================
----------------- testing Thu Oct 24 06:14:08 UTC 2019 /home/travis/build/icyphy/ptII/ptolemy/actor/lib/test/auto/ArrayAverage.xml
----------------- Instantiating /home/travis/build/icyphy/ptII/ptolemy/actor/lib/test/auto/ArrayAverage.xml
7 ms. Memory: 286720K Free: 88640K (31%)
----------------- Invoking toplevel() on ptolemy.moml.MoMLSimpleApplication@47d979c4
----------------- Done invoking toplevel() on ptolemy.moml.MoMLSimpleApplication@47d979c4
reloadAllAccessors: .ArrayAverage

===========================================================================================
----------------- testing Thu Oct 24 06:14:09 UTC 2019 /home/travis/build/icyphy/ptII/ptolemy/actor/lib/test/auto/ArrayContains.xml
----------------- Instantiating /home/travis/build/icyphy/ptII/ptolemy/actor/lib/test/auto/ArrayContains.xml
4 ms. Memory: 286720K Free: 234525K (82%)
----------------- Invoking toplevel() on ptolemy.moml.MoMLSimpleApplication@15a977b
----------------- Done invoking toplevel() on ptolemy.moml.MoMLSimpleApplication@15a977b
reloadAllAccessors: .ArrayContains

===========================================================================================
----------------- testing Thu Oct 24 06:14:09 UTC 2019 /home/travis/build/icyphy/ptII/ptolemy/actor/lib/test/auto/ArrayElement.xml
----------------- Instantiating /home/travis/build/icyphy/ptII/ptolemy/actor/lib/test/auto/ArrayElement.xml
7 ms. Memory: 286720K Free: 228891K (80%)
----------------- Invoking toplevel() on ptolemy.moml.MoMLSimpleApplication@3dd49ca
----------------- Done invoking toplevel() on ptolemy.moml.MoMLSimpleApplication@3dd49ca
reloadAllAccessors: .ArrayElement

===========================================================================================
----------------- testing Thu Oct 24 06:14:09 UTC 2019 /home/travis/build/icyphy/ptII/ptolemy/actor/lib/test/auto/ArrayElementAsMatrix.xml
----------------- Instantiating /home/travis/build/icyphy/ptII/ptolemy/actor/lib/test/auto/ArrayElementAsMatrix.xml
16 ms. Memory: 286720K Free: 218651K (76%)
----------------- Invoking toplevel() on ptolemy.moml.MoMLSimpleApplication@324b1339
----------------- Done invoking toplevel() on ptolemy.moml.MoMLSimpleApplication@324b1339
reloadAllAccessors: .ArrayElementAsMatrix

===========================================================================================
----------------- testing Thu Oct 24 06:14:09 UTC 2019 /home/travis/build/icyphy/ptII/ptolemy/actor/lib/test/auto/ArrayElementI.xml
----------------- Instantiating /home/travis/build/icyphy/ptII/ptolemy/actor/lib/test/auto/ArrayElementI.xml
3 ms. Memory: 286720K Free: 213531K (74%)
----------------- Invoking toplevel() on ptolemy.moml.MoMLSimpleApplication@338c3194
----------------- Done invoking toplevel() on ptolemy.moml.MoMLSimpleApplication@338c3194
reloadAllAccessors: .ArrayElementI

===========================================================================================
----------------- testing Thu Oct 24 06:14:09 UTC 2019 /home/travis/build/icyphy/ptII/ptolemy/actor/lib/test/auto/ArrayExtract.xml
----------------- Instantiating /home/travis/build/icyphy/ptII/ptolemy/actor/lib/test/auto/ArrayExtract.xml
5 ms. Memory: 286720K Free: 205339K (72%)
----------------- Invoking toplevel() on ptolemy.moml.MoMLSimpleApplication@73c76b58
----------------- Done invoking toplevel() on ptolemy.moml.MoMLSimpleApplication@73c76b58
reloadAllAccessors: .ArrayExtract

===========================================================================================
----------------- testing Thu Oct 24 06:14:09 UTC 2019 /home/travis/build/icyphy/ptII/ptolemy/actor/lib/test/auto/ArrayExtract2.xml
----------------- Instantiating /home/travis/build/icyphy/ptII/ptolemy/actor/lib/test/auto/ArrayExtract2.xml
2 ms. Memory: 286720K Free: 199709K (70%)
----------------- Invoking toplevel() on ptolemy.moml.MoMLSimpleApplication@1de447cf
----------------- Done invoking toplevel() on ptolemy.moml.MoMLSimpleApplication@1de447cf
reloadAllAccessors: .ArrayExtract2

===========================================================================================
----------------- testing Thu Oct 24 06:14:09 UTC 2019 /home/travis/build/icyphy/ptII/ptolemy/actor/lib/test/auto/ArrayLength.xml
----------------- Instantiating /home/travis/build/icyphy/ptII/ptolemy/actor/lib/test/auto/ArrayLength.xml
1 ms. Memory: 286720K Free: 196123K (68%)
----------------- Invoking toplevel() on ptolemy.moml.MoMLSimpleApplication@3a2a127c
----------------- Done invoking toplevel() on ptolemy.moml.MoMLSimpleApplication@3a2a127c
reloadAllAccessors: .ArrayLength

===========================================================================================
----------------- testing Thu Oct 24 06:14:09 UTC 2019 /home/travis/build/icyphy/ptII/ptolemy/actor/lib/test/auto/ArrayLevelCrossing.xml
----------------- Instantiating /home/travis/build/icyphy/ptII/ptolemy/actor/lib/test/auto/ArrayLevelCrossing.xml
3 ms. Memory: 286720K Free: 187931K (66%)
----------------- Invoking toplevel() on ptolemy.moml.MoMLSimpleApplication@16af9778
----------------- Done invoking toplevel() on ptolemy.moml.MoMLSimpleApplication@16af9778
reloadAllAccessors: .ArrayLevelCrossing

===========================================================================================
----------------- testing Thu Oct 24 06:14:09 UTC 2019 /home/travis/build/icyphy/ptII/ptolemy/actor/lib/test/auto/ArrayLevelCrossing2.xml
----------------- Instantiating /home/travis/build/icyphy/ptII/ptolemy/actor/lib/test/auto/ArrayLevelCrossing2.xml
3 ms. Memory: 286720K Free: 180732K (63%)
----------------- Invoking toplevel() on ptolemy.moml.MoMLSimpleApplication@5d5fea0d
----------------- Done invoking toplevel() on ptolemy.moml.MoMLSimpleApplication@5d5fea0d
reloadAllAccessors: .ArrayLevelCrossing2

===========================================================================================
----------------- testing Thu Oct 24 06:14:09 UTC 2019 /home/travis/build/icyphy/ptII/ptolemy/actor/lib/test/auto/ArrayPeakSearch.xml
----------------- Instantiating /home/travis/build/icyphy/ptII/ptolemy/actor/lib/test/auto/ArrayPeakSearch.xml
7 ms. Memory: 286720K Free: 171547K (60%)
----------------- Invoking toplevel() on ptolemy.moml.MoMLSimpleApplication@3025f399
----------------- Done invoking toplevel() on ptolemy.moml.MoMLSimpleApplication@3025f399
reloadAllAccessors: .ArrayPeakSearch

===========================================================================================
----------------- testing Thu Oct 24 06:14:09 UTC 2019 /home/travis/build/icyphy/ptII/ptolemy/actor/lib/test/auto/ArrayPeakSearch2.xml
----------------- Instantiating /home/travis/build/icyphy/ptII/ptolemy/actor/lib/test/auto/ArrayPeakSearch2.xml
10 ms. Memory: 286720K Free: 161292K (56%)
----------------- Invoking toplevel() on ptolemy.moml.MoMLSimpleApplication@2e7f6703
----------------- Done invoking toplevel() on ptolemy.moml.MoMLSimpleApplication@2e7f6703
reloadAllAccessors: .ArrayPeakSearch2

===========================================================================================
----------------- testing Thu Oct 24 06:14:09 UTC 2019 /home/travis/build/icyphy/ptII/ptolemy/actor/lib/test/auto/ArrayPeakSearch3.xml
----------------- Instantiating /home/travis/build/icyphy/ptII/ptolemy/actor/lib/test/auto/ArrayPeakSearch3.xml
7 ms. Memory: 286720K Free: 152091K (53%)
----------------- Invoking toplevel() on ptolemy.moml.MoMLSimpleApplication@5845aea
----------------- Done invoking toplevel() on ptolemy.moml.MoMLSimpleApplication@5845aea
reloadAllAccessors: .ArrayPeakSearch3

===========================================================================================
----------------- testing Thu Oct 24 06:14:09 UTC 2019 /home/travis/build/icyphy/ptII/ptolemy/actor/lib/test/auto/ArrayRemoveElement.xml
----------------- Instantiating /home/travis/build/icyphy/ptII/ptolemy/actor/lib/test/auto/ArrayRemoveElement.xml
6 ms. Memory: 286720K Free: 144413K (50%)
----------------- Invoking toplevel() on ptolemy.moml.MoMLSimpleApplication@383c7bdc
----------------- Done invoking toplevel() on ptolemy.moml.MoMLSimpleApplication@383c7bdc
reloadAllAccessors: .ArrayRemoveElement

===========================================================================================
----------------- testing Thu Oct 24 06:14:09 UTC 2019 /home/travis/build/icyphy/ptII/ptolemy/actor/lib/test/auto/ArraySort.xml
----------------- Instantiating /home/travis/build/icyphy/ptII/ptolemy/actor/lib/test/auto/ArraySort.xml
8 ms. Memory: 286720K Free: 135195K (47%)
----------------- Invoking toplevel() on ptolemy.moml.MoMLSimpleApplication@f3fdac1
----------------- Done invoking toplevel() on ptolemy.moml.MoMLSimpleApplication@f3fdac1
reloadAllAccessors: .ArraySort

===========================================================================================
----------------- testing Thu Oct 24 06:14:09 UTC 2019 /home/travis/build/icyphy/ptII/ptolemy/actor/lib/test/auto/ArraySum.xml
----------------- Instantiating /home/travis/build/icyphy/ptII/ptolemy/actor/lib/test/auto/ArraySum.xml
6 ms. Memory: 286720K Free: 130077K (45%)
----------------- Invoking toplevel() on ptolemy.moml.MoMLSimpleApplication@7984e3e9
----------------- Done invoking toplevel() on ptolemy.moml.MoMLSimpleApplication@7984e3e9
reloadAllAccessors: .ArraySum

===========================================================================================
----------------- testing Thu Oct 24 06:14:09 UTC 2019 /home/travis/build/icyphy/ptII/ptolemy/actor/lib/test/auto/ArrayToElements.xml
----------------- Instantiating /home/travis/build/icyphy/ptII/ptolemy/actor/lib/test/auto/ArrayToElements.xml
3 ms. Memory: 286720K Free: 124443K (43%)
----------------- Invoking toplevel() on ptolemy.moml.MoMLSimpleApplication@3b95bdee
----------------- Done invoking toplevel() on ptolemy.moml.MoMLSimpleApplication@3b95bdee
reloadAllAccessors: .ArrayToElements

===========================================================================================
----------------- testing Thu Oct 24 06:14:09 UTC 2019 /home/travis/build/icyphy/ptII/ptolemy/actor/lib/test/auto/ArrayToMatrix.xml
----------------- Instantiating /home/travis/build/icyphy/ptII/ptolemy/actor/lib/test/auto/ArrayToMatrix.xml
10 ms. Memory: 286720K Free: 110621K (39%)
----------------- Invoking toplevel() on ptolemy.moml.MoMLSimpleApplication@14d58e6
----------------- Done invoking toplevel() on ptolemy.moml.MoMLSimpleApplication@14d58e6
reloadAllAccessors: .ArrayToMatrix

===========================================================================================
----------------- testing Thu Oct 24 06:14:09 UTC 2019 /home/travis/build/icyphy/ptII/ptolemy/actor/lib/test/auto/ArrayUpdate1.xml
----------------- Instantiating /home/travis/build/icyphy/ptII/ptolemy/actor/lib/test/auto/ArrayUpdate1.xml
2 ms. Memory: 286720K Free: 105501K (37%)
----------------- Invoking toplevel() on ptolemy.moml.MoMLSimpleApplication@60ae956
----------------- Done invoking toplevel() on ptolemy.moml.MoMLSimpleApplication@60ae956
reloadAllAccessors: .ArrayUpdate1

===========================================================================================
----------------- testing Thu Oct 24 06:14:09 UTC 2019 /home/travis/build/icyphy/ptII/ptolemy/actor/lib/test/auto/ArrayUpdate2.xml
----------------- Instantiating /home/travis/build/icyphy/ptII/ptolemy/actor/lib/test/auto/ArrayUpdate2.xml
5 ms. Memory: 286720K Free: 99867K (35%)
----------------- Invoking toplevel() on ptolemy.moml.MoMLSimpleApplication@39daa6b6
----------------- Done invoking toplevel() on ptolemy.moml.MoMLSimpleApplication@39daa6b6
reloadAllAccessors: .ArrayUpdate2

===========================================================================================
----------------- testing Thu Oct 24 06:14:09 UTC 2019 /home/travis/build/icyphy/ptII/ptolemy/actor/lib/test/auto/ArrayUpdate3.xml
----------------- Instantiating /home/travis/build/icyphy/ptII/ptolemy/actor/lib/test/auto/ArrayUpdate3.xml
3 ms. Memory: 286720K Free: 94747K (33%)
----------------- Invoking toplevel() on ptolemy.moml.MoMLSimpleApplication@34facdda
----------------- Done invoking toplevel() on ptolemy.moml.MoMLSimpleApplication@34facdda
reloadAllAccessors: .ArrayUpdate3

===========================================================================================
----------------- testing Thu Oct 24 06:14:09 UTC 2019 /home/travis/build/icyphy/ptII/ptolemy/actor/lib/test/auto/Assert1.xml
----------------- Instantiating /home/travis/build/icyphy/ptII/ptolemy/actor/lib/test/auto/Assert1.xml
5 ms. Memory: 286720K Free: 90651K (32%)
----------------- Invoking toplevel() on ptolemy.moml.MoMLSimpleApplication@12ff033b
----------------- Done invoking toplevel() on ptolemy.moml.MoMLSimpleApplication@12ff033b
reloadAllAccessors: .Assert1

===========================================================================================
----------------- testing Thu Oct 24 06:14:09 UTC 2019 /home/travis/build/icyphy/ptII/ptolemy/actor/lib/test/auto/Assert2.xml
----------------- Instantiating /home/travis/build/icyphy/ptII/ptolemy/actor/lib/test/auto/Assert2.xml
2 ms. Memory: 286720K Free: 85021K (30%)
----------------- Invoking toplevel() on ptolemy.moml.MoMLSimpleApplication@12913014
----------------- Done invoking toplevel() on ptolemy.moml.MoMLSimpleApplication@12913014
reloadAllAccessors: .Assert2

===========================================================================================
----------------- testing Thu Oct 24 06:14:09 UTC 2019 /home/travis/build/icyphy/ptII/ptolemy/actor/lib/test/auto/BooleanMultiplexor.xml
----------------- Instantiating /home/travis/build/icyphy/ptII/ptolemy/actor/lib/test/auto/BooleanMultiplexor.xml
2 ms. Memory: 286720K Free: 79901K (28%)
----------------- Invoking toplevel() on ptolemy.moml.MoMLSimpleApplication@2c9648f8
----------------- Done invoking toplevel() on ptolemy.moml.MoMLSimpleApplication@2c9648f8
reloadAllAccessors: .BooleanMultiplexor

===========================================================================================
----------------- testing Thu Oct 24 06:14:09 UTC 2019 /home/travis/build/icyphy/ptII/ptolemy/actor/lib/test/auto/BooleanMultiplexor2.xml
----------------- Instantiating /home/travis/build/icyphy/ptII/ptolemy/actor/lib/test/auto/BooleanMultiplexor2.xml
10 ms. Memory: 286720K Free: 73243K (26%)
----------------- Invoking toplevel() on ptolemy.moml.MoMLSimpleApplication@173aea01
----------------- Done invoking toplevel() on ptolemy.moml.MoMLSimpleApplication@173aea01
reloadAllAccessors: .BooleanMultiplexor2

===========================================================================================
----------------- testing Thu Oct 24 06:14:09 UTC 2019 /home/travis/build/icyphy/ptII/ptolemy/actor/lib/test/auto/BooleanMultiplexor3.xml
----------------- Instantiating /home/travis/build/icyphy/ptII/ptolemy/actor/lib/test/auto/BooleanMultiplexor3.xml
5 ms. Memory: 286720K Free: 69661K (24%)
----------------- Invoking toplevel() on ptolemy.moml.MoMLSimpleApplication@4de8d2b4
----------------- Done invoking toplevel() on ptolemy.moml.MoMLSimpleApplication@4de8d2b4
reloadAllAccessors: .BooleanMultiplexor3

===========================================================================================
----------------- testing Thu Oct 24 06:14:09 UTC 2019 /home/travis/build/icyphy/ptII/ptolemy/actor/lib/test/auto/BooleanSelect.xml
----------------- Instantiating /home/travis/build/icyphy/ptII/ptolemy/actor/lib/test/auto/BooleanSelect.xml
6 ms. Memory: 286720K Free: 234011K (82%)
----------------- Invoking toplevel() on ptolemy.moml.MoMLSimpleApplication@56fdfee6
----------------- Done invoking toplevel() on ptolemy.moml.MoMLSimpleApplication@56fdfee6
reloadAllAccessors: .BooleanSelect

===========================================================================================
----------------- testing Thu Oct 24 06:14:09 UTC 2019 /home/travis/build/icyphy/ptII/ptolemy/actor/lib/test/auto/BooleanSelect2.xml
----------------- Instantiating /home/travis/build/icyphy/ptII/ptolemy/actor/lib/test/auto/BooleanSelect2.xml
3 ms. Memory: 286720K Free: 229917K (80%)
----------------- Invoking toplevel() on ptolemy.moml.MoMLSimpleApplication@308b58f1
----------------- Done invoking toplevel() on ptolemy.moml.MoMLSimpleApplication@308b58f1
reloadAllAccessors: .BooleanSelect2

===========================================================================================
----------------- testing Thu Oct 24 06:14:09 UTC 2019 /home/travis/build/icyphy/ptII/ptolemy/actor/lib/test/auto/BooleanSwitch.xml
----------------- Instantiating /home/travis/build/icyphy/ptII/ptolemy/actor/lib/test/auto/BooleanSwitch.xml
9 ms. Memory: 286720K Free: 223259K (78%)
----------------- Invoking toplevel() on ptolemy.moml.MoMLSimpleApplication@bdf28f1
----------------- Done invoking toplevel() on ptolemy.moml.MoMLSimpleApplication@bdf28f1
reloadAllAccessors: .BooleanSwitch

===========================================================================================
----------------- testing Thu Oct 24 06:14:09 UTC 2019 /home/travis/build/icyphy/ptII/ptolemy/actor/lib/test/auto/BooleanSwitch2.xml
----------------- Instantiating /home/travis/build/icyphy/ptII/ptolemy/actor/lib/test/auto/BooleanSwitch2.xml
2 ms. Memory: 286720K Free: 219163K (76%)
----------------- Invoking toplevel() on ptolemy.moml.MoMLSimpleApplication@5b3f98f7
----------------- Done invoking toplevel() on ptolemy.moml.MoMLSimpleApplication@5b3f98f7
reloadAllAccessors: .BooleanSwitch2

===========================================================================================
----------------- testing Thu Oct 24 06:14:10 UTC 2019 /home/travis/build/icyphy/ptII/ptolemy/actor/lib/test/auto/BooleanSwitchCloningBugWithClassRelationGroup.xml
----------------- Instantiating /home/travis/build/icyphy/ptII/ptolemy/actor/lib/test/auto/BooleanSwitchCloningBugWithClassRelationGroup.xml
3 ms. Memory: 286720K Free: 212509K (74%)
----------------- Invoking toplevel() on ptolemy.moml.MoMLSimpleApplication@38297995
----------------- Done invoking toplevel() on ptolemy.moml.MoMLSimpleApplication@38297995
reloadAllAccessors: .BooleanSwitchCloningBugWithClassRelationGroup

===========================================================================================
----------------- testing Thu Oct 24 06:14:10 UTC 2019 /home/travis/build/icyphy/ptII/ptolemy/actor/lib/test/auto/BusActors.xml
----------------- Instantiating /home/travis/build/icyphy/ptII/ptolemy/actor/lib/test/auto/BusActors.xml
7 ms. Memory: 286720K Free: 204827K (71%)
----------------- Invoking toplevel() on ptolemy.moml.MoMLSimpleApplication@e044c2a
----------------- Done invoking toplevel() on ptolemy.moml.MoMLSimpleApplication@e044c2a
reloadAllAccessors: .BusActors

===========================================================================================
----------------- testing Thu Oct 24 06:14:10 UTC 2019 /home/travis/build/icyphy/ptII/ptolemy/actor/lib/test/auto/ClassWrapper.xml
----------------- Instantiating /home/travis/build/icyphy/ptII/ptolemy/actor/lib/test/auto/ClassWrapper.xml
3 ms. Memory: 286720K Free: 200221K (70%)
----------------- Invoking toplevel() on ptolemy.moml.MoMLSimpleApplication@447e8769
----------------- Done invoking toplevel() on ptolemy.moml.MoMLSimpleApplication@447e8769
reloadAllAccessors: .ClassWrapper

===========================================================================================
----------------- testing Thu Oct 24 06:14:10 UTC 2019 /home/travis/build/icyphy/ptII/ptolemy/actor/lib/test/auto/Clock.xml
----------------- Instantiating /home/travis/build/icyphy/ptII/ptolemy/actor/lib/test/auto/Clock.xml
3 ms. Memory: 286720K Free: 196635K (69%)
----------------- Invoking toplevel() on ptolemy.moml.MoMLSimpleApplication@2b34d6fb
----------------- Done invoking toplevel() on ptolemy.moml.MoMLSimpleApplication@2b34d6fb
reloadAllAccessors: .Clock

===========================================================================================
----------------- testing Thu Oct 24 06:14:10 UTC 2019 /home/travis/build/icyphy/ptII/ptolemy/actor/lib/test/auto/Clock10.xml
----------------- Instantiating /home/travis/build/icyphy/ptII/ptolemy/actor/lib/test/auto/Clock10.xml
4 ms. Memory: 286720K Free: 190491K (66%)
----------------- Invoking toplevel() on ptolemy.moml.MoMLSimpleApplication@3d186107
----------------- Done invoking toplevel() on ptolemy.moml.MoMLSimpleApplication@3d186107
reloadAllAccessors: .Clock10

===========================================================================================
----------------- testing Thu Oct 24 06:14:10 UTC 2019 /home/travis/build/icyphy/ptII/ptolemy/actor/lib/test/auto/Clock11.xml
----------------- Instantiating /home/travis/build/icyphy/ptII/ptolemy/actor/lib/test/auto/Clock11.xml
9 ms. Memory: 286720K Free: 184861K (64%)
----------------- Invoking toplevel() on ptolemy.moml.MoMLSimpleApplication@24546860
----------------- Done invoking toplevel() on ptolemy.moml.MoMLSimpleApplication@24546860
reloadAllAccessors: .Clock11

===========================================================================================
----------------- testing Thu Oct 24 06:14:10 UTC 2019 /home/travis/build/icyphy/ptII/ptolemy/actor/lib/test/auto/Clock12.xml
----------------- Instantiating /home/travis/build/icyphy/ptII/ptolemy/actor/lib/test/auto/Clock12.xml
5 ms. Memory: 286720K Free: 178717K (62%)
----------------- Invoking toplevel() on ptolemy.moml.MoMLSimpleApplication@719a5eb9
----------------- Done invoking toplevel() on ptolemy.moml.MoMLSimpleApplication@719a5eb9
reloadAllAccessors: .Clock12

===========================================================================================
----------------- testing Thu Oct 24 06:14:10 UTC 2019 /home/travis/build/icyphy/ptII/ptolemy/actor/lib/test/auto/Clock13.xml
----------------- Instantiating /home/travis/build/icyphy/ptII/ptolemy/actor/lib/test/auto/Clock13.xml
2 ms. Memory: 286720K Free: 173076K (60%)
----------------- Invoking toplevel() on ptolemy.moml.MoMLSimpleApplication@3229706
----------------- Done invoking toplevel() on ptolemy.moml.MoMLSimpleApplication@3229706
reloadAllAccessors: .Clock13

===========================================================================================
----------------- testing Thu Oct 24 06:14:10 UTC 2019 /home/travis/build/icyphy/ptII/ptolemy/actor/lib/test/auto/Clock14.xml
----------------- Instantiating /home/travis/build/icyphy/ptII/ptolemy/actor/lib/test/auto/Clock14.xml
6 ms. Memory: 286720K Free: 166908K (58%)
----------------- Invoking toplevel() on ptolemy.moml.MoMLSimpleApplication@5f627726
----------------- Done invoking toplevel() on ptolemy.moml.MoMLSimpleApplication@5f627726
reloadAllAccessors: .Clock14

===========================================================================================
----------------- testing Thu Oct 24 06:14:10 UTC 2019 /home/travis/build/icyphy/ptII/ptolemy/actor/lib/test/auto/Clock15.xml
----------------- Instantiating /home/travis/build/icyphy/ptII/ptolemy/actor/lib/test/auto/Clock15.xml
9 ms. Memory: 286720K Free: 160764K (56%)
----------------- Invoking toplevel() on ptolemy.moml.MoMLSimpleApplication@1d2d21c0
----------------- Done invoking toplevel() on ptolemy.moml.MoMLSimpleApplication@1d2d21c0
reloadAllAccessors: .Clock15

===========================================================================================
----------------- testing Thu Oct 24 06:14:10 UTC 2019 /home/travis/build/icyphy/ptII/ptolemy/actor/lib/test/auto/Clock16.xml
----------------- Instantiating /home/travis/build/icyphy/ptII/ptolemy/actor/lib/test/auto/Clock16.xml
42 ms. Memory: 286720K Free: 146444K (51%)
----------------- Invoking toplevel() on ptolemy.moml.MoMLSimpleApplication@13aaf196
----------------- Done invoking toplevel() on ptolemy.moml.MoMLSimpleApplication@13aaf196
reloadAllAccessors: .Clock16

===========================================================================================
----------------- testing Thu Oct 24 06:14:10 UTC 2019 /home/travis/build/icyphy/ptII/ptolemy/actor/lib/test/auto/Clock17.xml
----------------- Instantiating /home/travis/build/icyphy/ptII/ptolemy/actor/lib/test/auto/Clock17.xml
29 ms. Memory: 286720K Free: 132108K (46%)
----------------- Invoking toplevel() on ptolemy.moml.MoMLSimpleApplication@622af192
----------------- Done invoking toplevel() on ptolemy.moml.MoMLSimpleApplication@622af192
reloadAllAccessors: .Clock17

===========================================================================================
----------------- testing Thu Oct 24 06:14:10 UTC 2019 /home/travis/build/icyphy/ptII/ptolemy/actor/lib/test/auto/Clock18.xml
----------------- Instantiating /home/travis/build/icyphy/ptII/ptolemy/actor/lib/test/auto/Clock18.xml
26 ms. Memory: 286720K Free: 119325K (42%)
----------------- Invoking toplevel() on ptolemy.moml.MoMLSimpleApplication@1df65638
----------------- Done invoking toplevel() on ptolemy.moml.MoMLSimpleApplication@1df65638
reloadAllAccessors: .Clock18

===========================================================================================
----------------- testing Thu Oct 24 06:14:10 UTC 2019 /home/travis/build/icyphy/ptII/ptolemy/actor/lib/test/auto/Clock19.xml
----------------- Instantiating /home/travis/build/icyphy/ptII/ptolemy/actor/lib/test/auto/Clock19.xml
15 ms. Memory: 286720K Free: 106013K (37%)
----------------- Invoking toplevel() on ptolemy.moml.MoMLSimpleApplication@31d76946
----------------- Done invoking toplevel() on ptolemy.moml.MoMLSimpleApplication@31d76946
reloadAllAccessors: .Clock19

===========================================================================================
----------------- testing Thu Oct 24 06:14:10 UTC 2019 /home/travis/build/icyphy/ptII/ptolemy/actor/lib/test/auto/Clock2.xml
----------------- Instantiating /home/travis/build/icyphy/ptII/ptolemy/actor/lib/test/auto/Clock2.xml
7 ms. Memory: 286720K Free: 100893K (35%)
----------------- Invoking toplevel() on ptolemy.moml.MoMLSimpleApplication@6fc9ce0c
----------------- Done invoking toplevel() on ptolemy.moml.MoMLSimpleApplication@6fc9ce0c
reloadAllAccessors: .Clock2

===========================================================================================
----------------- testing Thu Oct 24 06:14:10 UTC 2019 /home/travis/build/icyphy/ptII/ptolemy/actor/lib/test/auto/Clock20.xml
----------------- Instantiating /home/travis/build/icyphy/ptII/ptolemy/actor/lib/test/auto/Clock20.xml
11 ms. Memory: 286720K Free: 95773K (33%)
----------------- Invoking toplevel() on ptolemy.moml.MoMLSimpleApplication@e06fb1e
----------------- Done invoking toplevel() on ptolemy.moml.MoMLSimpleApplication@e06fb1e
reloadAllAccessors: .Clock20

===========================================================================================
----------------- testing Thu Oct 24 06:14:10 UTC 2019 /home/travis/build/icyphy/ptII/ptolemy/actor/lib/test/auto/Clock21.xml
----------------- Instantiating /home/travis/build/icyphy/ptII/ptolemy/actor/lib/test/auto/Clock21.xml
6 ms. Memory: 286720K Free: 90139K (31%)
----------------- Invoking toplevel() on ptolemy.moml.MoMLSimpleApplication@a280494
----------------- Done invoking toplevel() on ptolemy.moml.MoMLSimpleApplication@a280494
reloadAllAccessors: .Clock21

===========================================================================================
----------------- testing Thu Oct 24 06:14:10 UTC 2019 /home/travis/build/icyphy/ptII/ptolemy/actor/lib/test/auto/Clock22.xml
----------------- Instantiating /home/travis/build/icyphy/ptII/ptolemy/actor/lib/test/auto/Clock22.xml
5 ms. Memory: 286720K Free: 85019K (30%)
----------------- Invoking toplevel() on ptolemy.moml.MoMLSimpleApplication@4bc7b953
----------------- Done invoking toplevel() on ptolemy.moml.MoMLSimpleApplication@4bc7b953
reloadAllAccessors: .Clock22

===========================================================================================
----------------- testing Thu Oct 24 06:14:10 UTC 2019 /home/travis/build/icyphy/ptII/ptolemy/actor/lib/test/auto/Clock23.xml
----------------- Instantiating /home/travis/build/icyphy/ptII/ptolemy/actor/lib/test/auto/Clock23.xml
6 ms. Memory: 286720K Free: 79389K (28%)
----------------- Invoking toplevel() on ptolemy.moml.MoMLSimpleApplication@25b52041
----------------- Done invoking toplevel() on ptolemy.moml.MoMLSimpleApplication@25b52041
reloadAllAccessors: .Clock23

===========================================================================================
----------------- testing Thu Oct 24 06:14:10 UTC 2019 /home/travis/build/icyphy/ptII/ptolemy/actor/lib/test/auto/Clock24.xml
----------------- Instantiating /home/travis/build/icyphy/ptII/ptolemy/actor/lib/test/auto/Clock24.xml
4 ms. Memory: 286720K Free: 74269K (26%)
----------------- Invoking toplevel() on ptolemy.moml.MoMLSimpleApplication@5e9a9513
----------------- Done invoking toplevel() on ptolemy.moml.MoMLSimpleApplication@5e9a9513
reloadAllAccessors: .Clock24

===========================================================================================
----------------- testing Thu Oct 24 06:14:10 UTC 2019 /home/travis/build/icyphy/ptII/ptolemy/actor/lib/test/auto/Clock4.xml
----------------- Instantiating /home/travis/build/icyphy/ptII/ptolemy/actor/lib/test/auto/Clock4.xml
1 ms. Memory: 286720K Free: 69149K (24%)
----------------- Invoking toplevel() on ptolemy.moml.MoMLSimpleApplication@71b1ebfc
----------------- Done invoking toplevel() on ptolemy.moml.MoMLSimpleApplication@71b1ebfc
reloadAllAccessors: .Clock4

===========================================================================================
----------------- testing Thu Oct 24 06:14:10 UTC 2019 /home/travis/build/icyphy/ptII/ptolemy/actor/lib/test/auto/Clock5.xml
----------------- Instantiating /home/travis/build/icyphy/ptII/ptolemy/actor/lib/test/auto/Clock5.xml
3 ms. Memory: 286720K Free: 235037K (82%)
----------------- Invoking toplevel() on ptolemy.moml.MoMLSimpleApplication@3a523f28
----------------- Done invoking toplevel() on ptolemy.moml.MoMLSimpleApplication@3a523f28
reloadAllAccessors: .Clock5

===========================================================================================
----------------- testing Thu Oct 24 06:14:10 UTC 2019 /home/travis/build/icyphy/ptII/ptolemy/actor/lib/test/auto/Clock6.xml
----------------- Instantiating /home/travis/build/icyphy/ptII/ptolemy/actor/lib/test/auto/Clock6.xml
2 ms. Memory: 286720K Free: 230427K (80%)
----------------- Invoking toplevel() on ptolemy.moml.MoMLSimpleApplication@75c396af
----------------- Done invoking toplevel() on ptolemy.moml.MoMLSimpleApplication@75c396af
reloadAllAccessors: .Clock6

===========================================================================================
----------------- testing Thu Oct 24 06:14:10 UTC 2019 /home/travis/build/icyphy/ptII/ptolemy/actor/lib/test/auto/Clock7.xml
----------------- Instantiating /home/travis/build/icyphy/ptII/ptolemy/actor/lib/test/auto/Clock7.xml
2 ms. Memory: 286720K Free: 225307K (79%)
----------------- Invoking toplevel() on ptolemy.moml.MoMLSimpleApplication@65b3d22
----------------- Done invoking toplevel() on ptolemy.moml.MoMLSimpleApplication@65b3d22
reloadAllAccessors: .Clock7

===========================================================================================
----------------- testing Thu Oct 24 06:14:10 UTC 2019 /home/travis/build/icyphy/ptII/ptolemy/actor/lib/test/auto/Clock8.xml
----------------- Instantiating /home/travis/build/icyphy/ptII/ptolemy/actor/lib/test/auto/Clock8.xml
5 ms. Memory: 286720K Free: 220156K (77%)
----------------- Invoking toplevel() on ptolemy.moml.MoMLSimpleApplication@3333ec46
----------------- Done invoking toplevel() on ptolemy.moml.MoMLSimpleApplication@3333ec46
reloadAllAccessors: .Clock8

===========================================================================================
----------------- testing Thu Oct 24 06:14:10 UTC 2019 /home/travis/build/icyphy/ptII/ptolemy/actor/lib/test/auto/Clock9.xml
----------------- Instantiating /home/travis/build/icyphy/ptII/ptolemy/actor/lib/test/auto/Clock9.xml
6 ms. Memory: 286720K Free: 214557K (75%)
----------------- Invoking toplevel() on ptolemy.moml.MoMLSimpleApplication@2f878a4d
----------------- Done invoking toplevel() on ptolemy.moml.MoMLSimpleApplication@2f878a4d
reloadAllAccessors: .Clock9

===========================================================================================
----------------- testing Thu Oct 24 06:14:10 UTC 2019 /home/travis/build/icyphy/ptII/ptolemy/actor/lib/test/auto/CommDistDiscard.xml
----------------- Instantiating /home/travis/build/icyphy/ptII/ptolemy/actor/lib/test/auto/CommDistDiscard.xml
5 ms. Memory: 286720K Free: 209437K (73%)
----------------- Invoking toplevel() on ptolemy.moml.MoMLSimpleApplication@64456b5c
----------------- Done invoking toplevel() on ptolemy.moml.MoMLSimpleApplication@64456b5c
reloadAllAccessors: .CommDistDiscard

===========================================================================================
----------------- testing Thu Oct 24 06:14:10 UTC 2019 /home/travis/build/icyphy/ptII/ptolemy/actor/lib/test/auto/Commutator.xml
----------------- Instantiating /home/travis/build/icyphy/ptII/ptolemy/actor/lib/test/auto/Commutator.xml
2 ms. Memory: 286720K Free: 204827K (71%)
----------------- Invoking toplevel() on ptolemy.moml.MoMLSimpleApplication@25374057
----------------- Done invoking toplevel() on ptolemy.moml.MoMLSimpleApplication@25374057
reloadAllAccessors: .Commutator

===========================================================================================
----------------- testing Thu Oct 24 06:14:10 UTC 2019 /home/travis/build/icyphy/ptII/ptolemy/actor/lib/test/auto/Commutator2.xml
----------------- Instantiating /home/travis/build/icyphy/ptII/ptolemy/actor/lib/test/auto/Commutator2.xml
2 ms. Memory: 286720K Free: 200221K (70%)
----------------- Invoking toplevel() on ptolemy.moml.MoMLSimpleApplication@1a7e4eda
----------------- Done invoking toplevel() on ptolemy.moml.MoMLSimpleApplication@1a7e4eda
reloadAllAccessors: .Commutator2

===========================================================================================
----------------- testing Thu Oct 24 06:14:10 UTC 2019 /home/travis/build/icyphy/ptII/ptolemy/actor/lib/test/auto/Commutator3.xml
----------------- Instantiating /home/travis/build/icyphy/ptII/ptolemy/actor/lib/test/auto/Commutator3.xml
2 ms. Memory: 286720K Free: 196125K (68%)
----------------- Invoking toplevel() on ptolemy.moml.MoMLSimpleApplication@6d48f81c
----------------- Done invoking toplevel() on ptolemy.moml.MoMLSimpleApplication@6d48f81c
reloadAllAccessors: .Commutator3

===========================================================================================
----------------- testing Thu Oct 24 06:14:10 UTC 2019 /home/travis/build/icyphy/ptII/ptolemy/actor/lib/test/auto/Compare.xml
----------------- Instantiating /home/travis/build/icyphy/ptII/ptolemy/actor/lib/test/auto/Compare.xml
2 ms. Memory: 286720K Free: 189467K (66%)
----------------- Invoking toplevel() on ptolemy.moml.MoMLSimpleApplication@446a430b
----------------- Done invoking toplevel() on ptolemy.moml.MoMLSimpleApplication@446a430b
reloadAllAccessors: .Compare

===========================================================================================
----------------- testing Thu Oct 24 06:14:10 UTC 2019 /home/travis/build/icyphy/ptII/ptolemy/actor/lib/test/auto/CompareDE.xml
----------------- Instantiating /home/travis/build/icyphy/ptII/ptolemy/actor/lib/test/auto/CompareDE.xml
4 ms. Memory: 286720K Free: 182813K (64%)
----------------- Invoking toplevel() on ptolemy.moml.MoMLSimpleApplication@21511ccb
----------------- Done invoking toplevel() on ptolemy.moml.MoMLSimpleApplication@21511ccb
reloadAllAccessors: .CompareDE

===========================================================================================
----------------- testing Thu Oct 24 06:14:11 UTC 2019 /home/travis/build/icyphy/ptII/ptolemy/actor/lib/test/auto/ComplexDivide.xml
----------------- Instantiating /home/travis/build/icyphy/ptII/ptolemy/actor/lib/test/auto/ComplexDivide.xml
1 ms. Memory: 286720K Free: 178717K (62%)
----------------- Invoking toplevel() on ptolemy.moml.MoMLSimpleApplication@18935fa1
----------------- Done invoking toplevel() on ptolemy.moml.MoMLSimpleApplication@18935fa1
reloadAllAccessors: .ComplexDivide

===========================================================================================
----------------- testing Thu Oct 24 06:14:11 UTC 2019 /home/travis/build/icyphy/ptII/ptolemy/actor/lib/test/auto/ComputeHistogram.xml
----------------- Instantiating /home/travis/build/icyphy/ptII/ptolemy/actor/lib/test/auto/ComputeHistogram.xml
33 ms. Memory: 286720K Free: 165915K (58%)
----------------- Invoking toplevel() on ptolemy.moml.MoMLSimpleApplication@53d73fe5
----------------- Done invoking toplevel() on ptolemy.moml.MoMLSimpleApplication@53d73fe5
reloadAllAccessors: .ComputeHistogram

===========================================================================================
----------------- testing Thu Oct 24 06:14:11 UTC 2019 /home/travis/build/icyphy/ptII/ptolemy/actor/lib/test/auto/ConfigurationSelect.xml
----------------- Instantiating /home/travis/build/icyphy/ptII/ptolemy/actor/lib/test/auto/ConfigurationSelect.xml
7 ms. Memory: 286720K Free: 160780K (56%)
----------------- Invoking toplevel() on ptolemy.moml.MoMLSimpleApplication@7928f574
----------------- Done invoking toplevel() on ptolemy.moml.MoMLSimpleApplication@7928f574
reloadAllAccessors: .ConfigurationSelect

===========================================================================================
----------------- testing Thu Oct 24 06:14:11 UTC 2019 /home/travis/build/icyphy/ptII/ptolemy/actor/lib/test/auto/ConfigurationSelect2.xml
----------------- Instantiating /home/travis/build/icyphy/ptII/ptolemy/actor/lib/test/auto/ConfigurationSelect2.xml
3 ms. Memory: 286720K Free: 156189K (54%)
----------------- Invoking toplevel() on ptolemy.moml.MoMLSimpleApplication@779f66fa
----------------- Done invoking toplevel() on ptolemy.moml.MoMLSimpleApplication@779f66fa
reloadAllAccessors: .ConfigurationSelect2

===========================================================================================
----------------- testing Thu Oct 24 06:14:11 UTC 2019 /home/travis/build/icyphy/ptII/ptolemy/actor/lib/test/auto/ConfigurationSwitch.xml
----------------- Instantiating /home/travis/build/icyphy/ptII/ptolemy/actor/lib/test/auto/ConfigurationSwitch.xml
2 ms. Memory: 286720K Free: 150555K (53%)
----------------- Invoking toplevel() on ptolemy.moml.MoMLSimpleApplication@6c8e4c2e
----------------- Done invoking toplevel() on ptolemy.moml.MoMLSimpleApplication@6c8e4c2e
reloadAllAccessors: .ConfigurationSwitch

===========================================================================================
----------------- testing Thu Oct 24 06:14:11 UTC 2019 /home/travis/build/icyphy/ptII/ptolemy/actor/lib/test/auto/ConfigurationSwitch2.xml
----------------- Instantiating /home/travis/build/icyphy/ptII/ptolemy/actor/lib/test/auto/ConfigurationSwitch2.xml
1 ms. Memory: 286720K Free: 145435K (51%)
----------------- Invoking toplevel() on ptolemy.moml.MoMLSimpleApplication@e6e3454
----------------- Done invoking toplevel() on ptolemy.moml.MoMLSimpleApplication@e6e3454
reloadAllAccessors: .ConfigurationSwitch2

===========================================================================================
----------------- testing Thu Oct 24 06:14:11 UTC 2019 /home/travis/build/icyphy/ptII/ptolemy/actor/lib/test/auto/ConfigurationSwitchCloningBugWithClassRelationGroup.xml
----------------- Instantiating /home/travis/build/icyphy/ptII/ptolemy/actor/lib/test/auto/ConfigurationSwitchCloningBugWithClassRelationGroup.xml
1 ms. Memory: 286720K Free: 138267K (48%)
----------------- Invoking toplevel() on ptolemy.moml.MoMLSimpleApplication@259e356f
----------------- Done invoking toplevel() on ptolemy.moml.MoMLSimpleApplication@259e356f
reloadAllAccessors: .ConfigurationSwitchCloningBugWithClassRelationGroup

===========================================================================================
----------------- testing Thu Oct 24 06:14:11 UTC 2019 /home/travis/build/icyphy/ptII/ptolemy/actor/lib/test/auto/ConfigurationSwitchSelectSDF.xml
----------------- Instantiating /home/travis/build/icyphy/ptII/ptolemy/actor/lib/test/auto/ConfigurationSwitchSelectSDF.xml
3 ms. Memory: 286720K Free: 133147K (46%)
----------------- Invoking toplevel() on ptolemy.moml.MoMLSimpleApplication@246abbe8
----------------- Done invoking toplevel() on ptolemy.moml.MoMLSimpleApplication@246abbe8
reloadAllAccessors: .ConfigurationSwitchSelectSDF

===========================================================================================
----------------- testing Thu Oct 24 06:14:11 UTC 2019 /home/travis/build/icyphy/ptII/ptolemy/actor/lib/test/auto/ConfigurationSwitchSelectSDF2.xml
----------------- Instantiating /home/travis/build/icyphy/ptII/ptolemy/actor/lib/test/auto/ConfigurationSwitchSelectSDF2.xml
2 ms. Memory: 286720K Free: 127003K (44%)
----------------- Invoking toplevel() on ptolemy.moml.MoMLSimpleApplication@27001bbe
----------------- Done invoking toplevel() on ptolemy.moml.MoMLSimpleApplication@27001bbe
reloadAllAccessors: .ConfigurationSwitchSelectSDF2

===========================================================================================
----------------- testing Thu Oct 24 06:14:11 UTC 2019 /home/travis/build/icyphy/ptII/ptolemy/actor/lib/test/auto/Const.xml
----------------- Instantiating /home/travis/build/icyphy/ptII/ptolemy/actor/lib/test/auto/Const.xml
1 ms. Memory: 286720K Free: 123421K (43%)
----------------- Invoking toplevel() on ptolemy.moml.MoMLSimpleApplication@5cd1a6f
----------------- Done invoking toplevel() on ptolemy.moml.MoMLSimpleApplication@5cd1a6f
reloadAllAccessors: .Const

===========================================================================================
----------------- testing Thu Oct 24 06:14:11 UTC 2019 /home/travis/build/icyphy/ptII/ptolemy/actor/lib/test/auto/Const2.xml
----------------- Instantiating /home/travis/build/icyphy/ptII/ptolemy/actor/lib/test/auto/Const2.xml
2 ms. Memory: 286720K Free: 119835K (42%)
----------------- Invoking toplevel() on ptolemy.moml.MoMLSimpleApplication@3dc7134
----------------- Done invoking toplevel() on ptolemy.moml.MoMLSimpleApplication@3dc7134
reloadAllAccessors: .Const2

===========================================================================================
----------------- testing Thu Oct 24 06:14:11 UTC 2019 /home/travis/build/icyphy/ptII/ptolemy/actor/lib/test/auto/Const3.xml
----------------- Instantiating /home/travis/build/icyphy/ptII/ptolemy/actor/lib/test/auto/Const3.xml
1 ms. Memory: 286720K Free: 116763K (41%)
----------------- Invoking toplevel() on ptolemy.moml.MoMLSimpleApplication@6b9b186e
----------------- Done invoking toplevel() on ptolemy.moml.MoMLSimpleApplication@6b9b186e
reloadAllAccessors: .Const3

===========================================================================================
----------------- testing Thu Oct 24 06:14:11 UTC 2019 /home/travis/build/icyphy/ptII/ptolemy/actor/lib/test/auto/ConstantPublisherPort1.xml
----------------- Instantiating /home/travis/build/icyphy/ptII/ptolemy/actor/lib/test/auto/ConstantPublisherPort1.xml
8 ms. Memory: 286720K Free: 108061K (38%)
----------------- Invoking toplevel() on ptolemy.moml.MoMLSimpleApplication@5b510de7
----------------- Done invoking toplevel() on ptolemy.moml.MoMLSimpleApplication@5b510de7
reloadAllAccessors: .ConstantPublisherPort1

===========================================================================================
----------------- testing Thu Oct 24 06:14:11 UTC 2019 /home/travis/build/icyphy/ptII/ptolemy/actor/lib/test/auto/ConstantPublisherPort2.xml
----------------- Instantiating /home/travis/build/icyphy/ptII/ptolemy/actor/lib/test/auto/ConstantPublisherPort2.xml
12 ms. Memory: 286720K Free: 100893K (35%)
----------------- Invoking toplevel() on ptolemy.moml.MoMLSimpleApplication@661a79f1
----------------- Done invoking toplevel() on ptolemy.moml.MoMLSimpleApplication@661a79f1
reloadAllAccessors: .ConstantPublisherPort2

===========================================================================================
----------------- testing Thu Oct 24 06:14:11 UTC 2019 /home/travis/build/icyphy/ptII/ptolemy/actor/lib/test/auto/ConstantPublisherPort3.xml
----------------- Instantiating /home/travis/build/icyphy/ptII/ptolemy/actor/lib/test/auto/ConstantPublisherPort3.xml
8 ms. Memory: 286720K Free: 93211K (33%)
----------------- Invoking toplevel() on ptolemy.moml.MoMLSimpleApplication@4d92e3dc
----------------- Done invoking toplevel() on ptolemy.moml.MoMLSimpleApplication@4d92e3dc
reloadAllAccessors: .ConstantPublisherPort3

===========================================================================================
----------------- testing Thu Oct 24 06:14:11 UTC 2019 /home/travis/build/icyphy/ptII/ptolemy/actor/lib/test/auto/ConstantPublisherPort4.xml
----------------- Instantiating /home/travis/build/icyphy/ptII/ptolemy/actor/lib/test/auto/ConstantPublisherPort4.xml
5 ms. Memory: 286720K Free: 86043K (30%)
----------------- Invoking toplevel() on ptolemy.moml.MoMLSimpleApplication@6325d79e
----------------- Done invoking toplevel() on ptolemy.moml.MoMLSimpleApplication@6325d79e
reloadAllAccessors: .ConstantPublisherPort4

===========================================================================================
----------------- testing Thu Oct 24 06:14:11 UTC 2019 /home/travis/build/icyphy/ptII/ptolemy/actor/lib/test/auto/ConstantPublisherPort5.xml
----------------- Instantiating /home/travis/build/icyphy/ptII/ptolemy/actor/lib/test/auto/ConstantPublisherPort5.xml
34 ms. Memory: 286720K Free: 76827K (27%)
----------------- Invoking toplevel() on ptolemy.moml.MoMLSimpleApplication@51eab9c8
----------------- Done invoking toplevel() on ptolemy.moml.MoMLSimpleApplication@51eab9c8
reloadAllAccessors: .ConstantPublisherPort5

===========================================================================================
----------------- testing Thu Oct 24 06:14:11 UTC 2019 /home/travis/build/icyphy/ptII/ptolemy/actor/lib/test/auto/ConstantPublisherPort6.xml
----------------- Instantiating /home/travis/build/icyphy/ptII/ptolemy/actor/lib/test/auto/ConstantPublisherPort6.xml
26 ms. Memory: 286720K Free: 237834K (83%)
----------------- Invoking toplevel() on ptolemy.moml.MoMLSimpleApplication@735e0070
----------------- Done invoking toplevel() on ptolemy.moml.MoMLSimpleApplication@735e0070
reloadAllAccessors: .ConstantPublisherPort6

===========================================================================================
----------------- testing Thu Oct 24 06:14:11 UTC 2019 /home/travis/build/icyphy/ptII/ptolemy/actor/lib/test/auto/ConstantPublisherPort7.xml
----------------- Instantiating /home/travis/build/icyphy/ptII/ptolemy/actor/lib/test/auto/ConstantPublisherPort7.xml
14 ms. Memory: 286720K Free: 228104K (80%)
----------------- Invoking toplevel() on ptolemy.moml.MoMLSimpleApplication@479b5e64
----------------- Done invoking toplevel() on ptolemy.moml.MoMLSimpleApplication@479b5e64
reloadAllAccessors: .ConstantPublisherPort7

===========================================================================================
----------------- testing Thu Oct 24 06:14:11 UTC 2019 /home/travis/build/icyphy/ptII/ptolemy/actor/lib/test/auto/ConstraintMonitor1.xml
----------------- Instantiating /home/travis/build/icyphy/ptII/ptolemy/actor/lib/test/auto/ConstraintMonitor1.xml
7 ms. Memory: 286720K Free: 223498K (78%)
----------------- Invoking toplevel() on ptolemy.moml.MoMLSimpleApplication@587866ad
----------------- Done invoking toplevel() on ptolemy.moml.MoMLSimpleApplication@587866ad
reloadAllAccessors: .ConstraintMonitor1

===========================================================================================
----------------- testing Thu Oct 24 06:14:11 UTC 2019 /home/travis/build/icyphy/ptII/ptolemy/actor/lib/test/auto/ConstraintMonitor2.xml
----------------- Instantiating /home/travis/build/icyphy/ptII/ptolemy/actor/lib/test/auto/ConstraintMonitor2.xml
4 ms. Memory: 286720K Free: 218888K (76%)
----------------- Invoking toplevel() on ptolemy.moml.MoMLSimpleApplication@6ab1af66
----------------- Done invoking toplevel() on ptolemy.moml.MoMLSimpleApplication@6ab1af66
reloadAllAccessors: .ConstraintMonitor2

===========================================================================================
----------------- testing Thu Oct 24 06:14:11 UTC 2019 /home/travis/build/icyphy/ptII/ptolemy/actor/lib/test/auto/ConstraintMonitor3.xml
----------------- Instantiating /home/travis/build/icyphy/ptII/ptolemy/actor/lib/test/auto/ConstraintMonitor3.xml
3 ms. Memory: 286720K Free: 214282K (75%)
----------------- Invoking toplevel() on ptolemy.moml.MoMLSimpleApplication@78cd569a
----------------- Done invoking toplevel() on ptolemy.moml.MoMLSimpleApplication@78cd569a
reloadAllAccessors: .ConstraintMonitor3

===========================================================================================
----------------- testing Thu Oct 24 06:14:11 UTC 2019 /home/travis/build/icyphy/ptII/ptolemy/actor/lib/test/auto/ConstraintMonitor4.xml
----------------- Instantiating /home/travis/build/icyphy/ptII/ptolemy/actor/lib/test/auto/ConstraintMonitor4.xml
4 ms. Memory: 286720K Free: 209672K (73%)
----------------- Invoking toplevel() on ptolemy.moml.MoMLSimpleApplication@42665866
----------------- Done invoking toplevel() on ptolemy.moml.MoMLSimpleApplication@42665866
reloadAllAccessors: .ConstraintMonitor4

===========================================================================================
----------------- testing Thu Oct 24 06:14:11 UTC 2019 /home/travis/build/icyphy/ptII/ptolemy/actor/lib/test/auto/ConstraintMonitor5.xml
----------------- Instantiating /home/travis/build/icyphy/ptII/ptolemy/actor/lib/test/auto/ConstraintMonitor5.xml
2 ms. Memory: 286720K Free: 204552K (71%)
----------------- Invoking toplevel() on ptolemy.moml.MoMLSimpleApplication@5e1976ab
----------------- Done invoking toplevel() on ptolemy.moml.MoMLSimpleApplication@5e1976ab
reloadAllAccessors: .ConstraintMonitor5

===========================================================================================
----------------- testing Thu Oct 24 06:14:11 UTC 2019 /home/travis/build/icyphy/ptII/ptolemy/actor/lib/test/auto/ConstraintMonitor6.xml
----------------- Instantiating /home/travis/build/icyphy/ptII/ptolemy/actor/lib/test/auto/ConstraintMonitor6.xml
5 ms. Memory: 286720K Free: 198394K (69%)
----------------- Invoking toplevel() on ptolemy.moml.MoMLSimpleApplication@695193f2
----------------- Done invoking toplevel() on ptolemy.moml.MoMLSimpleApplication@695193f2
reloadAllAccessors: .ConstraintMonitor6

===========================================================================================
----------------- testing Thu Oct 24 06:14:11 UTC 2019 /home/travis/build/icyphy/ptII/ptolemy/actor/lib/test/auto/ConstraintMonitor7.xml
----------------- Instantiating /home/travis/build/icyphy/ptII/ptolemy/actor/lib/test/auto/ConstraintMonitor7.xml
7 ms. Memory: 286720K Free: 192250K (67%)
----------------- Invoking toplevel() on ptolemy.moml.MoMLSimpleApplication@6f7c29d9
----------------- Done invoking toplevel() on ptolemy.moml.MoMLSimpleApplication@6f7c29d9
reloadAllAccessors: .ConstraintMonitor7

===========================================================================================
----------------- testing Thu Oct 24 06:14:11 UTC 2019 /home/travis/build/icyphy/ptII/ptolemy/actor/lib/test/auto/ConstraintMonitor8.xml
----------------- Instantiating /home/travis/build/icyphy/ptII/ptolemy/actor/lib/test/auto/ConstraintMonitor8.xml
7 ms. Memory: 286720K Free: 184586K (64%)
----------------- Invoking toplevel() on ptolemy.moml.MoMLSimpleApplication@199b3cd5
----------------- Done invoking toplevel() on ptolemy.moml.MoMLSimpleApplication@199b3cd5
reloadAllAccessors: .ConstraintMonitor8

===========================================================================================
----------------- testing Thu Oct 24 06:14:11 UTC 2019 /home/travis/build/icyphy/ptII/ptolemy/actor/lib/test/auto/Counter.xml
----------------- Instantiating /home/travis/build/icyphy/ptII/ptolemy/actor/lib/test/auto/Counter.xml
3 ms. Memory: 286720K Free: 179466K (63%)
----------------- Invoking toplevel() on ptolemy.moml.MoMLSimpleApplication@128f7c9f
----------------- Done invoking toplevel() on ptolemy.moml.MoMLSimpleApplication@128f7c9f
reloadAllAccessors: .Counter

===========================================================================================
----------------- testing Thu Oct 24 06:14:11 UTC 2019 /home/travis/build/icyphy/ptII/ptolemy/actor/lib/test/auto/CurrentTimeSDF.xml
----------------- Instantiating /home/travis/build/icyphy/ptII/ptolemy/actor/lib/test/auto/CurrentTimeSDF.xml
3 ms. Memory: 286720K Free: 175370K (61%)
----------------- Invoking toplevel() on ptolemy.moml.MoMLSimpleApplication@15c6cb62
----------------- Done invoking toplevel() on ptolemy.moml.MoMLSimpleApplication@15c6cb62
reloadAllAccessors: .CurrentTimeSDF

===========================================================================================
----------------- testing Thu Oct 24 06:14:11 UTC 2019 /home/travis/build/icyphy/ptII/ptolemy/actor/lib/test/auto/DB.xml
----------------- Instantiating /home/travis/build/icyphy/ptII/ptolemy/actor/lib/test/auto/DB.xml
2 ms. Memory: 286720K Free: 170250K (59%)
----------------- Invoking toplevel() on ptolemy.moml.MoMLSimpleApplication@7477e3ec
----------------- Done invoking toplevel() on ptolemy.moml.MoMLSimpleApplication@7477e3ec
reloadAllAccessors: .DB

===========================================================================================
----------------- testing Thu Oct 24 06:14:11 UTC 2019 /home/travis/build/icyphy/ptII/ptolemy/actor/lib/test/auto/DBDE.xml
----------------- Instantiating /home/travis/build/icyphy/ptII/ptolemy/actor/lib/test/auto/DBDE.xml
2 ms. Memory: 286720K Free: 164106K (57%)
----------------- Invoking toplevel() on ptolemy.moml.MoMLSimpleApplication@71c98c99
----------------- Done invoking toplevel() on ptolemy.moml.MoMLSimpleApplication@71c98c99
reloadAllAccessors: .DBDE

===========================================================================================
----------------- testing Thu Oct 24 06:14:11 UTC 2019 /home/travis/build/icyphy/ptII/ptolemy/actor/lib/test/auto/DateConstructor.xml
----------------- Instantiating /home/travis/build/icyphy/ptII/ptolemy/actor/lib/test/auto/DateConstructor.xml
25 ms. Memory: 286720K Free: 146698K (51%)
----------------- Invoking toplevel() on ptolemy.moml.MoMLSimpleApplication@6b8d4946
----------------- Done invoking toplevel() on ptolemy.moml.MoMLSimpleApplication@6b8d4946
reloadAllAccessors: .DateConstructor

===========================================================================================
----------------- testing Thu Oct 24 06:14:11 UTC 2019 /home/travis/build/icyphy/ptII/ptolemy/actor/lib/test/auto/DelayTime.xml
----------------- Instantiating /home/travis/build/icyphy/ptII/ptolemy/actor/lib/test/auto/DelayTime.xml
4 ms. Memory: 286720K Free: 142088K (50%)
----------------- Invoking toplevel() on ptolemy.moml.MoMLSimpleApplication@4ec1d2bf
----------------- Done invoking toplevel() on ptolemy.moml.MoMLSimpleApplication@4ec1d2bf
reloadAllAccessors: .DelayTime

===========================================================================================
----------------- testing Thu Oct 24 06:14:11 UTC 2019 /home/travis/build/icyphy/ptII/ptolemy/actor/lib/test/auto/Dictionary1.xml
----------------- Instantiating /home/travis/build/icyphy/ptII/ptolemy/actor/lib/test/auto/Dictionary1.xml
2 ms. Memory: 286720K Free: 136458K (48%)
----------------- Invoking toplevel() on ptolemy.moml.MoMLSimpleApplication@6c0e97fb
----------------- Done invoking toplevel() on ptolemy.moml.MoMLSimpleApplication@6c0e97fb
reloadAllAccessors: .Dictionary1

===========================================================================================
----------------- testing Thu Oct 24 06:14:11 UTC 2019 /home/travis/build/icyphy/ptII/ptolemy/actor/lib/test/auto/Dictionary2.xml
----------------- Instantiating /home/travis/build/icyphy/ptII/ptolemy/actor/lib/test/auto/Dictionary2.xml
1 ms. Memory: 286720K Free: 130824K (46%)
----------------- Invoking toplevel() on ptolemy.moml.MoMLSimpleApplication@353e2579
----------------- Done invoking toplevel() on ptolemy.moml.MoMLSimpleApplication@353e2579
reloadAllAccessors: .Dictionary2

===========================================================================================
----------------- testing Thu Oct 24 06:14:12 UTC 2019 /home/travis/build/icyphy/ptII/ptolemy/actor/lib/test/auto/Dictionary3.xml
----------------- Instantiating /home/travis/build/icyphy/ptII/ptolemy/actor/lib/test/auto/Dictionary3.xml
2 ms. Memory: 286720K Free: 125704K (44%)
----------------- Invoking toplevel() on ptolemy.moml.MoMLSimpleApplication@415e8f18
----------------- Done invoking toplevel() on ptolemy.moml.MoMLSimpleApplication@415e8f18
reloadAllAccessors: .Dictionary3

===========================================================================================
----------------- testing Thu Oct 24 06:14:12 UTC 2019 /home/travis/build/icyphy/ptII/ptolemy/actor/lib/test/auto/Dictionary4.xml
----------------- Instantiating /home/travis/build/icyphy/ptII/ptolemy/actor/lib/test/auto/Dictionary4.xml
5 ms. Memory: 286720K Free: 118522K (41%)
----------------- Invoking toplevel() on ptolemy.moml.MoMLSimpleApplication@2b3dcbc3
----------------- Done invoking toplevel() on ptolemy.moml.MoMLSimpleApplication@2b3dcbc3
reloadAllAccessors: .Dictionary4

===========================================================================================
----------------- testing Thu Oct 24 06:14:12 UTC 2019 /home/travis/build/icyphy/ptII/ptolemy/actor/lib/test/auto/Differential.xml
----------------- Instantiating /home/travis/build/icyphy/ptII/ptolemy/actor/lib/test/auto/Differential.xml
3 ms. Memory: 286720K Free: 113930K (40%)
----------------- Invoking toplevel() on ptolemy.moml.MoMLSimpleApplication@1d1c7b1b
----------------- Done invoking toplevel() on ptolemy.moml.MoMLSimpleApplication@1d1c7b1b
reloadAllAccessors: .Differential

===========================================================================================
----------------- testing Thu Oct 24 06:14:12 UTC 2019 /home/travis/build/icyphy/ptII/ptolemy/actor/lib/test/auto/Director.xml
----------------- Instantiating /home/travis/build/icyphy/ptII/ptolemy/actor/lib/test/auto/Director.xml
4 ms. Memory: 286720K Free: 110344K (38%)
----------------- Invoking toplevel() on ptolemy.moml.MoMLSimpleApplication@34bafd09
----------------- Done invoking toplevel() on ptolemy.moml.MoMLSimpleApplication@34bafd09
reloadAllAccessors: .Director

===========================================================================================
----------------- testing Thu Oct 24 06:14:12 UTC 2019 /home/travis/build/icyphy/ptII/ptolemy/actor/lib/test/auto/DiscreteClock.xml
----------------- Instantiating /home/travis/build/icyphy/ptII/ptolemy/actor/lib/test/auto/DiscreteClock.xml
2 ms. Memory: 286720K Free: 106762K (37%)
----------------- Invoking toplevel() on ptolemy.moml.MoMLSimpleApplication@2c91f0ac
----------------- Done invoking toplevel() on ptolemy.moml.MoMLSimpleApplication@2c91f0ac
reloadAllAccessors: .DiscreteClock

===========================================================================================
----------------- testing Thu Oct 24 06:14:12 UTC 2019 /home/travis/build/icyphy/ptII/ptolemy/actor/lib/test/auto/DiscreteClock10.xml
----------------- Instantiating /home/travis/build/icyphy/ptII/ptolemy/actor/lib/test/auto/DiscreteClock10.xml
2 ms. Memory: 286720K Free: 100618K (35%)
----------------- Invoking toplevel() on ptolemy.moml.MoMLSimpleApplication@7d6273c7
----------------- Done invoking toplevel() on ptolemy.moml.MoMLSimpleApplication@7d6273c7
reloadAllAccessors: .DiscreteClock10

===========================================================================================
----------------- testing Thu Oct 24 06:14:12 UTC 2019 /home/travis/build/icyphy/ptII/ptolemy/actor/lib/test/auto/DiscreteClock11.xml
----------------- Instantiating /home/travis/build/icyphy/ptII/ptolemy/actor/lib/test/auto/DiscreteClock11.xml
2 ms. Memory: 286720K Free: 94474K (33%)
----------------- Invoking toplevel() on ptolemy.moml.MoMLSimpleApplication@1c604b8d
----------------- Done invoking toplevel() on ptolemy.moml.MoMLSimpleApplication@1c604b8d
reloadAllAccessors: .DiscreteClock11

===========================================================================================
----------------- testing Thu Oct 24 06:14:12 UTC 2019 /home/travis/build/icyphy/ptII/ptolemy/actor/lib/test/auto/DiscreteClock12.xml
----------------- Instantiating /home/travis/build/icyphy/ptII/ptolemy/actor/lib/test/auto/DiscreteClock12.xml
3 ms. Memory: 286720K Free: 88840K (31%)
----------------- Invoking toplevel() on ptolemy.moml.MoMLSimpleApplication@1a6e5e2d
----------------- Done invoking toplevel() on ptolemy.moml.MoMLSimpleApplication@1a6e5e2d
reloadAllAccessors: .DiscreteClock12

===========================================================================================
----------------- testing Thu Oct 24 06:14:12 UTC 2019 /home/travis/build/icyphy/ptII/ptolemy/actor/lib/test/auto/DiscreteClock13.xml
----------------- Instantiating /home/travis/build/icyphy/ptII/ptolemy/actor/lib/test/auto/DiscreteClock13.xml
5 ms. Memory: 286720K Free: 82666K (29%)
----------------- Invoking toplevel() on ptolemy.moml.MoMLSimpleApplication@166a316a
----------------- Done invoking toplevel() on ptolemy.moml.MoMLSimpleApplication@166a316a
reloadAllAccessors: .DiscreteClock13

===========================================================================================
----------------- testing Thu Oct 24 06:14:12 UTC 2019 /home/travis/build/icyphy/ptII/ptolemy/actor/lib/test/auto/DiscreteClock14.xml
----------------- Instantiating /home/travis/build/icyphy/ptII/ptolemy/actor/lib/test/auto/DiscreteClock14.xml
5 ms. Memory: 286720K Free: 76522K (27%)
----------------- Invoking toplevel() on ptolemy.moml.MoMLSimpleApplication@6d78399e
----------------- Done invoking toplevel() on ptolemy.moml.MoMLSimpleApplication@6d78399e
reloadAllAccessors: .DiscreteClock14

===========================================================================================
----------------- testing Thu Oct 24 06:14:12 UTC 2019 /home/travis/build/icyphy/ptII/ptolemy/actor/lib/test/auto/DiscreteClock15.xml
----------------- Instantiating /home/travis/build/icyphy/ptII/ptolemy/actor/lib/test/auto/DiscreteClock15.xml
6 ms. Memory: 286720K Free: 70394K (25%)
----------------- Invoking toplevel() on ptolemy.moml.MoMLSimpleApplication@45544cb9
----------------- Done invoking toplevel() on ptolemy.moml.MoMLSimpleApplication@45544cb9
reloadAllAccessors: .DiscreteClock15

===========================================================================================
----------------- testing Thu Oct 24 06:14:12 UTC 2019 /home/travis/build/icyphy/ptII/ptolemy/actor/lib/test/auto/DiscreteClock16.xml
----------------- Instantiating /home/travis/build/icyphy/ptII/ptolemy/actor/lib/test/auto/DiscreteClock16.xml
19 ms. Memory: 286720K Free: 226945K (79%)
----------------- Invoking toplevel() on ptolemy.moml.MoMLSimpleApplication@1c5b5647
----------------- Done invoking toplevel() on ptolemy.moml.MoMLSimpleApplication@1c5b5647
reloadAllAccessors: .DiscreteClock16

===========================================================================================
----------------- testing Thu Oct 24 06:14:12 UTC 2019 /home/travis/build/icyphy/ptII/ptolemy/actor/lib/test/auto/DiscreteClock17.xml
----------------- Instantiating /home/travis/build/icyphy/ptII/ptolemy/actor/lib/test/auto/DiscreteClock17.xml
18 ms. Memory: 286720K Free: 212623K (74%)
----------------- Invoking toplevel() on ptolemy.moml.MoMLSimpleApplication@1dd73fdd
----------------- Done invoking toplevel() on ptolemy.moml.MoMLSimpleApplication@1dd73fdd
reloadAllAccessors: .DiscreteClock17

===========================================================================================
----------------- testing Thu Oct 24 06:14:12 UTC 2019 /home/travis/build/icyphy/ptII/ptolemy/actor/lib/test/auto/DiscreteClock18.xml
----------------- Instantiating /home/travis/build/icyphy/ptII/ptolemy/actor/lib/test/auto/DiscreteClock18.xml
22 ms. Memory: 286720K Free: 198801K (69%)
----------------- Invoking toplevel() on ptolemy.moml.MoMLSimpleApplication@d440ee
----------------- Done invoking toplevel() on ptolemy.moml.MoMLSimpleApplication@d440ee
reloadAllAccessors: .DiscreteClock18

===========================================================================================
----------------- testing Thu Oct 24 06:14:12 UTC 2019 /home/travis/build/icyphy/ptII/ptolemy/actor/lib/test/auto/DiscreteClock19.xml
----------------- Instantiating /home/travis/build/icyphy/ptII/ptolemy/actor/lib/test/auto/DiscreteClock19.xml
10 ms. Memory: 286720K Free: 184945K (65%)
----------------- Invoking toplevel() on ptolemy.moml.MoMLSimpleApplication@3f7f09e
----------------- Done invoking toplevel() on ptolemy.moml.MoMLSimpleApplication@3f7f09e
reloadAllAccessors: .DiscreteClock19

===========================================================================================
----------------- testing Thu Oct 24 06:14:12 UTC 2019 /home/travis/build/icyphy/ptII/ptolemy/actor/lib/test/auto/DiscreteClock2.xml
----------------- Instantiating /home/travis/build/icyphy/ptII/ptolemy/actor/lib/test/auto/DiscreteClock2.xml
2 ms. Memory: 286720K Free: 179849K (63%)
----------------- Invoking toplevel() on ptolemy.moml.MoMLSimpleApplication@4c03f124
----------------- Done invoking toplevel() on ptolemy.moml.MoMLSimpleApplication@4c03f124
reloadAllAccessors: .DiscreteClock2

===========================================================================================
----------------- testing Thu Oct 24 06:14:12 UTC 2019 /home/travis/build/icyphy/ptII/ptolemy/actor/lib/test/auto/DiscreteClock20.xml
----------------- Instantiating /home/travis/build/icyphy/ptII/ptolemy/actor/lib/test/auto/DiscreteClock20.xml
7 ms. Memory: 286720K Free: 174735K (61%)
----------------- Invoking toplevel() on ptolemy.moml.MoMLSimpleApplication@5ca888d6
----------------- Done invoking toplevel() on ptolemy.moml.MoMLSimpleApplication@5ca888d6
reloadAllAccessors: .DiscreteClock20

===========================================================================================
----------------- testing Thu Oct 24 06:14:12 UTC 2019 /home/travis/build/icyphy/ptII/ptolemy/actor/lib/test/auto/DiscreteClock21.xml
----------------- Instantiating /home/travis/build/icyphy/ptII/ptolemy/actor/lib/test/auto/DiscreteClock21.xml
2 ms. Memory: 286720K Free: 169105K (59%)
----------------- Invoking toplevel() on ptolemy.moml.MoMLSimpleApplication@541671a5
----------------- Done invoking toplevel() on ptolemy.moml.MoMLSimpleApplication@541671a5
reloadAllAccessors: .DiscreteClock21

===========================================================================================
----------------- testing Thu Oct 24 06:14:12 UTC 2019 /home/travis/build/icyphy/ptII/ptolemy/actor/lib/test/auto/DiscreteClock22.xml
----------------- Instantiating /home/travis/build/icyphy/ptII/ptolemy/actor/lib/test/auto/DiscreteClock22.xml
3 ms. Memory: 286720K Free: 163471K (57%)
----------------- Invoking toplevel() on ptolemy.moml.MoMLSimpleApplication@e50db4e
----------------- Done invoking toplevel() on ptolemy.moml.MoMLSimpleApplication@e50db4e
reloadAllAccessors: .DiscreteClock22

===========================================================================================
----------------- testing Thu Oct 24 06:14:12 UTC 2019 /home/travis/build/icyphy/ptII/ptolemy/actor/lib/test/auto/DiscreteClock23.xml
----------------- Instantiating /home/travis/build/icyphy/ptII/ptolemy/actor/lib/test/auto/DiscreteClock23.xml
5 ms. Memory: 286720K Free: 157841K (55%)
----------------- Invoking toplevel() on ptolemy.moml.MoMLSimpleApplication@632722df
----------------- Done invoking toplevel() on ptolemy.moml.MoMLSimpleApplication@632722df
reloadAllAccessors: .DiscreteClock23

===========================================================================================
----------------- testing Thu Oct 24 06:14:12 UTC 2019 /home/travis/build/icyphy/ptII/ptolemy/actor/lib/test/auto/DiscreteClock24.xml
----------------- Instantiating /home/travis/build/icyphy/ptII/ptolemy/actor/lib/test/auto/DiscreteClock24.xml
4 ms. Memory: 286720K Free: 152721K (53%)
----------------- Invoking toplevel() on ptolemy.moml.MoMLSimpleApplication@52dfda58
----------------- Done invoking toplevel() on ptolemy.moml.MoMLSimpleApplication@52dfda58
reloadAllAccessors: .DiscreteClock24

===========================================================================================
----------------- testing Thu Oct 24 06:14:12 UTC 2019 /home/travis/build/icyphy/ptII/ptolemy/actor/lib/test/auto/DiscreteClock4.xml
----------------- Instantiating /home/travis/build/icyphy/ptII/ptolemy/actor/lib/test/auto/DiscreteClock4.xml
1 ms. Memory: 286720K Free: 147073K (51%)
----------------- Invoking toplevel() on ptolemy.moml.MoMLSimpleApplication@3d5359bb
----------------- Done invoking toplevel() on ptolemy.moml.MoMLSimpleApplication@3d5359bb
reloadAllAccessors: .DiscreteClock4

===========================================================================================
----------------- testing Thu Oct 24 06:14:12 UTC 2019 /home/travis/build/icyphy/ptII/ptolemy/actor/lib/test/auto/DiscreteClock5.xml
----------------- Instantiating /home/travis/build/icyphy/ptII/ptolemy/actor/lib/test/auto/DiscreteClock5.xml
1 ms. Memory: 286720K Free: 141457K (49%)
----------------- Invoking toplevel() on ptolemy.moml.MoMLSimpleApplication@5c2951bd
----------------- Done invoking toplevel() on ptolemy.moml.MoMLSimpleApplication@5c2951bd
reloadAllAccessors: .DiscreteClock5

===========================================================================================
----------------- testing Thu Oct 24 06:14:12 UTC 2019 /home/travis/build/icyphy/ptII/ptolemy/actor/lib/test/auto/DiscreteClock6.xml
----------------- Instantiating /home/travis/build/icyphy/ptII/ptolemy/actor/lib/test/auto/DiscreteClock6.xml
2 ms. Memory: 286720K Free: 136847K (48%)
----------------- Invoking toplevel() on ptolemy.moml.MoMLSimpleApplication@600d06d5
----------------- Done invoking toplevel() on ptolemy.moml.MoMLSimpleApplication@600d06d5
reloadAllAccessors: .DiscreteClock6

===========================================================================================
----------------- testing Thu Oct 24 06:14:12 UTC 2019 /home/travis/build/icyphy/ptII/ptolemy/actor/lib/test/auto/DiscreteClock7.xml
----------------- Instantiating /home/travis/build/icyphy/ptII/ptolemy/actor/lib/test/auto/DiscreteClock7.xml
1 ms. Memory: 286720K Free: 132751K (46%)
----------------- Invoking toplevel() on ptolemy.moml.MoMLSimpleApplication@5b9e69f3
----------------- Done invoking toplevel() on ptolemy.moml.MoMLSimpleApplication@5b9e69f3
reloadAllAccessors: .DiscreteClock7

===========================================================================================
----------------- testing Thu Oct 24 06:14:12 UTC 2019 /home/travis/build/icyphy/ptII/ptolemy/actor/lib/test/auto/DiscreteClock8.xml
----------------- Instantiating /home/travis/build/icyphy/ptII/ptolemy/actor/lib/test/auto/DiscreteClock8.xml
2 ms. Memory: 286720K Free: 127121K (44%)
----------------- Invoking toplevel() on ptolemy.moml.MoMLSimpleApplication@6d2cddfa
----------------- Done invoking toplevel() on ptolemy.moml.MoMLSimpleApplication@6d2cddfa
reloadAllAccessors: .DiscreteClock8

===========================================================================================
----------------- testing Thu Oct 24 06:14:12 UTC 2019 /home/travis/build/icyphy/ptII/ptolemy/actor/lib/test/auto/DiscreteClock9.xml
----------------- Instantiating /home/travis/build/icyphy/ptII/ptolemy/actor/lib/test/auto/DiscreteClock9.xml
5 ms. Memory: 286720K Free: 120977K (42%)
----------------- Invoking toplevel() on ptolemy.moml.MoMLSimpleApplication@237f4e44
----------------- Done invoking toplevel() on ptolemy.moml.MoMLSimpleApplication@237f4e44
reloadAllAccessors: .DiscreteClock9

===========================================================================================
----------------- testing Thu Oct 24 06:14:12 UTC 2019 /home/travis/build/icyphy/ptII/ptolemy/actor/lib/test/auto/DisplayArray.xml
----------------- Instantiating /home/travis/build/icyphy/ptII/ptolemy/actor/lib/test/auto/DisplayArray.xml
1 ms. Memory: 286720K Free: 117391K (41%)
----------------- Invoking toplevel() on ptolemy.moml.MoMLSimpleApplication@b024d26
----------------- Done invoking toplevel() on ptolemy.moml.MoMLSimpleApplication@b024d26
reloadAllAccessors: .DisplayArray

===========================================================================================
----------------- testing Thu Oct 24 06:14:12 UTC 2019 /home/travis/build/icyphy/ptII/ptolemy/actor/lib/test/auto/Distributor.xml
----------------- Instantiating /home/travis/build/icyphy/ptII/ptolemy/actor/lib/test/auto/Distributor.xml
1 ms. Memory: 286720K Free: 112785K (39%)
----------------- Invoking toplevel() on ptolemy.moml.MoMLSimpleApplication@41984080
----------------- Done invoking toplevel() on ptolemy.moml.MoMLSimpleApplication@41984080
reloadAllAccessors: .Distributor

===========================================================================================
----------------- testing Thu Oct 24 06:14:12 UTC 2019 /home/travis/build/icyphy/ptII/ptolemy/actor/lib/test/auto/Distributor2.xml
----------------- Instantiating /home/travis/build/icyphy/ptII/ptolemy/actor/lib/test/auto/Distributor2.xml
2 ms. Memory: 286720K Free: 107665K (38%)
----------------- Invoking toplevel() on ptolemy.moml.MoMLSimpleApplication@657dea2e
----------------- Done invoking toplevel() on ptolemy.moml.MoMLSimpleApplication@657dea2e
reloadAllAccessors: .Distributor2

===========================================================================================
----------------- testing Thu Oct 24 06:14:12 UTC 2019 /home/travis/build/icyphy/ptII/ptolemy/actor/lib/test/auto/DownSample.xml
----------------- Instantiating /home/travis/build/icyphy/ptII/ptolemy/actor/lib/test/auto/DownSample.xml
1 ms. Memory: 286720K Free: 103055K (36%)
----------------- Invoking toplevel() on ptolemy.moml.MoMLSimpleApplication@7cb00f4d
----------------- Done invoking toplevel() on ptolemy.moml.MoMLSimpleApplication@7cb00f4d
reloadAllAccessors: .DownSample

===========================================================================================
----------------- testing Thu Oct 24 06:14:12 UTC 2019 /home/travis/build/icyphy/ptII/ptolemy/actor/lib/test/auto/ElectronicUnitBase1.xml
----------------- Instantiating /home/travis/build/icyphy/ptII/ptolemy/actor/lib/test/auto/ElectronicUnitBase1.xml
20 ms. Memory: 286720K Free: 86671K (30%)
----------------- Invoking toplevel() on ptolemy.moml.MoMLSimpleApplication@742d703a
----------------- Done invoking toplevel() on ptolemy.moml.MoMLSimpleApplication@742d703a
reloadAllAccessors: .ElectronicUnitBase1

===========================================================================================
----------------- testing Thu Oct 24 06:14:12 UTC 2019 /home/travis/build/icyphy/ptII/ptolemy/actor/lib/test/auto/ElementsToArray.xml
----------------- Instantiating /home/travis/build/icyphy/ptII/ptolemy/actor/lib/test/auto/ElementsToArray.xml
3 ms. Memory: 286720K Free: 81551K (28%)
----------------- Invoking toplevel() on ptolemy.moml.MoMLSimpleApplication@e635c2d
----------------- Done invoking toplevel() on ptolemy.moml.MoMLSimpleApplication@e635c2d
reloadAllAccessors: .ElementsToArray

===========================================================================================
----------------- testing Thu Oct 24 06:14:12 UTC 2019 /home/travis/build/icyphy/ptII/ptolemy/actor/lib/test/auto/Equals.xml
----------------- Instantiating /home/travis/build/icyphy/ptII/ptolemy/actor/lib/test/auto/Equals.xml
4 ms. Memory: 286720K Free: 77455K (27%)
----------------- Invoking toplevel() on ptolemy.moml.MoMLSimpleApplication@5de84736
----------------- Done invoking toplevel() on ptolemy.moml.MoMLSimpleApplication@5de84736
reloadAllAccessors: .Equals

===========================================================================================
----------------- testing Thu Oct 24 06:14:12 UTC 2019 /home/travis/build/icyphy/ptII/ptolemy/actor/lib/test/auto/Exec.xml
----------------- Instantiating /home/travis/build/icyphy/ptII/ptolemy/actor/lib/test/auto/Exec.xml
22 ms. Memory: 286720K Free: 71311K (25%)
----------------- Invoking toplevel() on ptolemy.moml.MoMLSimpleApplication@1831887e
----------------- Done invoking toplevel() on ptolemy.moml.MoMLSimpleApplication@1831887e
reloadAllAccessors: .Exec

===========================================================================================
----------------- testing Thu Oct 24 06:14:12 UTC 2019 /home/travis/build/icyphy/ptII/ptolemy/actor/lib/test/auto/ExecEnvironment.xml
----------------- Instantiating /home/travis/build/icyphy/ptII/ptolemy/actor/lib/test/auto/ExecEnvironment.xml
30 ms. Memory: 286720K Free: 235568K (82%)
----------------- Invoking toplevel() on ptolemy.moml.MoMLSimpleApplication@6e5e1188
----------------- Done invoking toplevel() on ptolemy.moml.MoMLSimpleApplication@6e5e1188
reloadAllAccessors: .ExecEnvironment

===========================================================================================
----------------- testing Thu Oct 24 06:14:12 UTC 2019 /home/travis/build/icyphy/ptII/ptolemy/actor/lib/test/auto/ExecNonZeroReturnOutput.xml
----------------- Instantiating /home/travis/build/icyphy/ptII/ptolemy/actor/lib/test/auto/ExecNonZeroReturnOutput.xml
181 ms. Memory: 286720K Free: 224209K (78%)
----------------- Invoking toplevel() on ptolemy.moml.MoMLSimpleApplication@44dbc794
----------------- Done invoking toplevel() on ptolemy.moml.MoMLSimpleApplication@44dbc794
reloadAllAccessors: .ExecNonZeroReturnOutput

===========================================================================================
----------------- testing Thu Oct 24 06:14:13 UTC 2019 /home/travis/build/icyphy/ptII/ptolemy/actor/lib/test/auto/ExecRunDemos.xml
----------------- Instantiating /home/travis/build/icyphy/ptII/ptolemy/actor/lib/test/auto/ExecRunDemos.xml
Finished: 125 ms. Memory: 120832K Free: 111782K (93%)

Finished: 53 ms. Memory: 120832K Free: 109609K (91%)

Finished: 98 ms. Memory: 120832K Free: 110959K (92%)

Finished: 93 ms. Memory: 120832K Free: 103232K (85%)

Finished: 80 ms. Memory: 120832K Free: 104024K (86%)

11058 ms. Memory: 286720K Free: 204239K (71%)
----------------- Invoking toplevel() on ptolemy.moml.MoMLSimpleApplication@56b2a250
----------------- Done invoking toplevel() on ptolemy.moml.MoMLSimpleApplication@56b2a250
reloadAllAccessors: .ExecRunDemos

===========================================================================================
----------------- testing Thu Oct 24 06:14:24 UTC 2019 /home/travis/build/icyphy/ptII/ptolemy/actor/lib/test/auto/ExecStop.xml
----------------- Instantiating /home/travis/build/icyphy/ptII/ptolemy/actor/lib/test/auto/ExecStop.xml
5015 ms. Memory: 286720K Free: 76753K (27%)
----------------- Invoking toplevel() on ptolemy.moml.MoMLSimpleApplication@50df0eec
----------------- Done invoking toplevel() on ptolemy.moml.MoMLSimpleApplication@50df0eec
reloadAllAccessors: .ExecStop

===========================================================================================
----------------- testing Thu Oct 24 06:14:29 UTC 2019 /home/travis/build/icyphy/ptII/ptolemy/actor/lib/test/auto/ExecutionTimeSDF.xml
----------------- Instantiating /home/travis/build/icyphy/ptII/ptolemy/actor/lib/test/auto/ExecutionTimeSDF.xml
Fired ExecutionTime: -1791367296
Fired ExecutionTime: 1067600000
Fired ExecutionTime: -1082167296
6011 ms. Memory: 286720K Free: 234637K (82%)

===========================================================================================
----------------- testing Thu Oct 24 06:14:35 UTC 2019 /home/travis/build/icyphy/ptII/ptolemy/actor/lib/test/auto/Expression1.xml
----------------- Instantiating /home/travis/build/icyphy/ptII/ptolemy/actor/lib/test/auto/Expression1.xml
1 ms. Memory: 286720K Free: 230037K (80%)
----------------- Invoking toplevel() on ptolemy.moml.MoMLSimpleApplication@1b7bb068
----------------- Done invoking toplevel() on ptolemy.moml.MoMLSimpleApplication@1b7bb068
reloadAllAccessors: .Expression1

===========================================================================================
----------------- testing Thu Oct 24 06:14:35 UTC 2019 /home/travis/build/icyphy/ptII/ptolemy/actor/lib/test/auto/Expression10.xml
----------------- Instantiating /home/travis/build/icyphy/ptII/ptolemy/actor/lib/test/auto/Expression10.xml
7 ms. Memory: 286720K Free: 224403K (78%)
----------------- Invoking toplevel() on ptolemy.moml.MoMLSimpleApplication@351a6beb
----------------- Done invoking toplevel() on ptolemy.moml.MoMLSimpleApplication@351a6beb
reloadAllAccessors: .Expression10

===========================================================================================
----------------- testing Thu Oct 24 06:14:35 UTC 2019 /home/travis/build/icyphy/ptII/ptolemy/actor/lib/test/auto/Expression11.xml
----------------- Instantiating /home/travis/build/icyphy/ptII/ptolemy/actor/lib/test/auto/Expression11.xml
2 ms. Memory: 286720K Free: 219283K (76%)
----------------- Invoking toplevel() on ptolemy.moml.MoMLSimpleApplication@1f526473
----------------- Done invoking toplevel() on ptolemy.moml.MoMLSimpleApplication@1f526473
reloadAllAccessors: .Expression11

===========================================================================================
----------------- testing Thu Oct 24 06:14:35 UTC 2019 /home/travis/build/icyphy/ptII/ptolemy/actor/lib/test/auto/Expression12.xml
----------------- Instantiating /home/travis/build/icyphy/ptII/ptolemy/actor/lib/test/auto/Expression12.xml
3 ms. Memory: 286720K Free: 213653K (75%)
----------------- Invoking toplevel() on ptolemy.moml.MoMLSimpleApplication@26032ef7
----------------- Done invoking toplevel() on ptolemy.moml.MoMLSimpleApplication@26032ef7
reloadAllAccessors: .Expression12

===========================================================================================
----------------- testing Thu Oct 24 06:14:35 UTC 2019 /home/travis/build/icyphy/ptII/ptolemy/actor/lib/test/auto/Expression13.xml
----------------- Instantiating /home/travis/build/icyphy/ptII/ptolemy/actor/lib/test/auto/Expression13.xml
4 ms. Memory: 286720K Free: 208533K (73%)
----------------- Invoking toplevel() on ptolemy.moml.MoMLSimpleApplication@c18fbc7
----------------- Done invoking toplevel() on ptolemy.moml.MoMLSimpleApplication@c18fbc7
reloadAllAccessors: .Expression13

===========================================================================================
----------------- testing Thu Oct 24 06:14:35 UTC 2019 /home/travis/build/icyphy/ptII/ptolemy/actor/lib/test/auto/Expression14.xml
----------------- Instantiating /home/travis/build/icyphy/ptII/ptolemy/actor/lib/test/auto/Expression14.xml
10 ms. Memory: 286720K Free: 202899K (71%)
----------------- Invoking toplevel() on ptolemy.moml.MoMLSimpleApplication@196ec076
----------------- Done invoking toplevel() on ptolemy.moml.MoMLSimpleApplication@196ec076
reloadAllAccessors: .Expression14

===========================================================================================
----------------- testing Thu Oct 24 06:14:35 UTC 2019 /home/travis/build/icyphy/ptII/ptolemy/actor/lib/test/auto/Expression15.xml
----------------- Instantiating /home/travis/build/icyphy/ptII/ptolemy/actor/lib/test/auto/Expression15.xml
2 ms. Memory: 286720K Free: 199317K (70%)
----------------- Invoking toplevel() on ptolemy.moml.MoMLSimpleApplication@3263b79c
----------------- Done invoking toplevel() on ptolemy.moml.MoMLSimpleApplication@3263b79c
reloadAllAccessors: .Expression15

===========================================================================================
----------------- testing Thu Oct 24 06:14:35 UTC 2019 /home/travis/build/icyphy/ptII/ptolemy/actor/lib/test/auto/Expression16.xml
----------------- Instantiating /home/travis/build/icyphy/ptII/ptolemy/actor/lib/test/auto/Expression16.xml
4 ms. Memory: 286720K Free: 194197K (68%)
----------------- Invoking toplevel() on ptolemy.moml.MoMLSimpleApplication@4c7895b1
----------------- Done invoking toplevel() on ptolemy.moml.MoMLSimpleApplication@4c7895b1
reloadAllAccessors: .Expression16

===========================================================================================
----------------- testing Thu Oct 24 06:14:35 UTC 2019 /home/travis/build/icyphy/ptII/ptolemy/actor/lib/test/auto/Expression17.xml
----------------- Instantiating /home/travis/build/icyphy/ptII/ptolemy/actor/lib/test/auto/Expression17.xml
3 ms. Memory: 286720K Free: 189077K (66%)
----------------- Invoking toplevel() on ptolemy.moml.MoMLSimpleApplication@19b6815a
----------------- Done invoking toplevel() on ptolemy.moml.MoMLSimpleApplication@19b6815a
reloadAllAccessors: .Expression17

===========================================================================================
----------------- testing Thu Oct 24 06:14:35 UTC 2019 /home/travis/build/icyphy/ptII/ptolemy/actor/lib/test/auto/Expression18.xml
----------------- Instantiating /home/travis/build/icyphy/ptII/ptolemy/actor/lib/test/auto/Expression18.xml
2 ms. Memory: 286720K Free: 183443K (64%)
----------------- Invoking toplevel() on ptolemy.moml.MoMLSimpleApplication@5d427e1b
----------------- Done invoking toplevel() on ptolemy.moml.MoMLSimpleApplication@5d427e1b
reloadAllAccessors: .Expression18

===========================================================================================
----------------- testing Thu Oct 24 06:14:35 UTC 2019 /home/travis/build/icyphy/ptII/ptolemy/actor/lib/test/auto/Expression2.xml
----------------- Instantiating /home/travis/build/icyphy/ptII/ptolemy/actor/lib/test/auto/Expression2.xml
2 ms. Memory: 286720K Free: 178323K (62%)
----------------- Invoking toplevel() on ptolemy.moml.MoMLSimpleApplication@4a1ffd7b
----------------- Done invoking toplevel() on ptolemy.moml.MoMLSimpleApplication@4a1ffd7b
reloadAllAccessors: .Expression2

===========================================================================================
----------------- testing Thu Oct 24 06:14:35 UTC 2019 /home/travis/build/icyphy/ptII/ptolemy/actor/lib/test/auto/Expression3.xml
----------------- Instantiating /home/travis/build/icyphy/ptII/ptolemy/actor/lib/test/auto/Expression3.xml
7 ms. Memory: 286720K Free: 173717K (61%)
----------------- Invoking toplevel() on ptolemy.moml.MoMLSimpleApplication@f4ec50e
----------------- Done invoking toplevel() on ptolemy.moml.MoMLSimpleApplication@f4ec50e
reloadAllAccessors: .Expression3

===========================================================================================
----------------- testing Thu Oct 24 06:14:35 UTC 2019 /home/travis/build/icyphy/ptII/ptolemy/actor/lib/test/auto/Expression4.xml
----------------- Instantiating /home/travis/build/icyphy/ptII/ptolemy/actor/lib/test/auto/Expression4.xml
6 ms. Memory: 286720K Free: 166035K (58%)
----------------- Invoking toplevel() on ptolemy.moml.MoMLSimpleApplication@516c66d6
----------------- Done invoking toplevel() on ptolemy.moml.MoMLSimpleApplication@516c66d6
reloadAllAccessors: .Expression4

===========================================================================================
----------------- testing Thu Oct 24 06:14:35 UTC 2019 /home/travis/build/icyphy/ptII/ptolemy/actor/lib/test/auto/Expression5.xml
----------------- Instantiating /home/travis/build/icyphy/ptII/ptolemy/actor/lib/test/auto/Expression5.xml
4 ms. Memory: 286720K Free: 160915K (56%)
----------------- Invoking toplevel() on ptolemy.moml.MoMLSimpleApplication@17e370f
----------------- Done invoking toplevel() on ptolemy.moml.MoMLSimpleApplication@17e370f
reloadAllAccessors: .Expression5

===========================================================================================
----------------- testing Thu Oct 24 06:14:35 UTC 2019 /home/travis/build/icyphy/ptII/ptolemy/actor/lib/test/auto/Expression6.xml
----------------- Instantiating /home/travis/build/icyphy/ptII/ptolemy/actor/lib/test/auto/Expression6.xml
2 ms. Memory: 286720K Free: 156309K (55%)
----------------- Invoking toplevel() on ptolemy.moml.MoMLSimpleApplication@2cfd8bb0
----------------- Done invoking toplevel() on ptolemy.moml.MoMLSimpleApplication@2cfd8bb0
reloadAllAccessors: .Expression6

===========================================================================================
----------------- testing Thu Oct 24 06:14:35 UTC 2019 /home/travis/build/icyphy/ptII/ptolemy/actor/lib/test/auto/Expression7.xml
----------------- Instantiating /home/travis/build/icyphy/ptII/ptolemy/actor/lib/test/auto/Expression7.xml
2 ms. Memory: 286720K Free: 151189K (53%)
----------------- Invoking toplevel() on ptolemy.moml.MoMLSimpleApplication@50010805
----------------- Done invoking toplevel() on ptolemy.moml.MoMLSimpleApplication@50010805
reloadAllAccessors: .Expression7

===========================================================================================
----------------- testing Thu Oct 24 06:14:35 UTC 2019 /home/travis/build/icyphy/ptII/ptolemy/actor/lib/test/auto/Expression8.xml
----------------- Instantiating /home/travis/build/icyphy/ptII/ptolemy/actor/lib/test/auto/Expression8.xml
10 ms. Memory: 286720K Free: 146579K (51%)
----------------- Invoking toplevel() on ptolemy.moml.MoMLSimpleApplication@3cad3fd0
----------------- Done invoking toplevel() on ptolemy.moml.MoMLSimpleApplication@3cad3fd0
reloadAllAccessors: .Expression8

===========================================================================================
----------------- testing Thu Oct 24 06:14:35 UTC 2019 /home/travis/build/icyphy/ptII/ptolemy/actor/lib/test/auto/Expression9.xml
----------------- Instantiating /home/travis/build/icyphy/ptII/ptolemy/actor/lib/test/auto/Expression9.xml
2 ms. Memory: 286720K Free: 142483K (50%)
----------------- Invoking toplevel() on ptolemy.moml.MoMLSimpleApplication@15280b7c
----------------- Done invoking toplevel() on ptolemy.moml.MoMLSimpleApplication@15280b7c
reloadAllAccessors: .Expression9

===========================================================================================
----------------- testing Thu Oct 24 06:14:35 UTC 2019 /home/travis/build/icyphy/ptII/ptolemy/actor/lib/test/auto/ExpressionConcatenateArrayType.xml
----------------- Instantiating /home/travis/build/icyphy/ptII/ptolemy/actor/lib/test/auto/ExpressionConcatenateArrayType.xml
3 ms. Memory: 286720K Free: 135829K (47%)
----------------- Invoking toplevel() on ptolemy.moml.MoMLSimpleApplication@4b0dc2f6
----------------- Done invoking toplevel() on ptolemy.moml.MoMLSimpleApplication@4b0dc2f6
reloadAllAccessors: .ExpressionConcatenateArrayType

===========================================================================================
----------------- testing Thu Oct 24 06:14:35 UTC 2019 /home/travis/build/icyphy/ptII/ptolemy/actor/lib/test/auto/ExpressionConcatenateArrayType2.xml
----------------- Instantiating /home/travis/build/icyphy/ptII/ptolemy/actor/lib/test/auto/ExpressionConcatenateArrayType2.xml
2 ms. Memory: 286720K Free: 130195K (45%)
----------------- Invoking toplevel() on ptolemy.moml.MoMLSimpleApplication@7c6e9bbb
----------------- Done invoking toplevel() on ptolemy.moml.MoMLSimpleApplication@7c6e9bbb
reloadAllAccessors: .ExpressionConcatenateArrayType2

===========================================================================================
----------------- testing Thu Oct 24 06:14:35 UTC 2019 /home/travis/build/icyphy/ptII/ptolemy/actor/lib/test/auto/ExpressionFix.xml
----------------- Instantiating /home/travis/build/icyphy/ptII/ptolemy/actor/lib/test/auto/ExpressionFix.xml
24 ms. Memory: 286720K Free: 123541K (43%)
----------------- Invoking toplevel() on ptolemy.moml.MoMLSimpleApplication@cdb6448
----------------- Done invoking toplevel() on ptolemy.moml.MoMLSimpleApplication@cdb6448
reloadAllAccessors: .ExpressionFix

===========================================================================================
----------------- testing Thu Oct 24 06:14:35 UTC 2019 /home/travis/build/icyphy/ptII/ptolemy/actor/lib/test/auto/ExpressionFix2.xml
----------------- Instantiating /home/travis/build/icyphy/ptII/ptolemy/actor/lib/test/auto/ExpressionFix2.xml
4 ms. Memory: 286720K Free: 119445K (42%)
----------------- Invoking toplevel() on ptolemy.moml.MoMLSimpleApplication@1fa8a4c3
----------------- Done invoking toplevel() on ptolemy.moml.MoMLSimpleApplication@1fa8a4c3
reloadAllAccessors: .ExpressionFix2

===========================================================================================
----------------- testing Thu Oct 24 06:14:35 UTC 2019 /home/travis/build/icyphy/ptII/ptolemy/actor/lib/test/auto/ExpressionFix3.xml
----------------- Instantiating /home/travis/build/icyphy/ptII/ptolemy/actor/lib/test/auto/ExpressionFix3.xml
3 ms. Memory: 286720K Free: 114835K (40%)
----------------- Invoking toplevel() on ptolemy.moml.MoMLSimpleApplication@5fb48bf
----------------- Done invoking toplevel() on ptolemy.moml.MoMLSimpleApplication@5fb48bf
reloadAllAccessors: .ExpressionFix3

===========================================================================================
----------------- testing Thu Oct 24 06:14:35 UTC 2019 /home/travis/build/icyphy/ptII/ptolemy/actor/lib/test/auto/FileWriter1.xml
----------------- Instantiating /home/travis/build/icyphy/ptII/ptolemy/actor/lib/test/auto/FileWriter1.xml
2 ms. Memory: 286720K Free: 111253K (39%)
----------------- Invoking toplevel() on ptolemy.moml.MoMLSimpleApplication@27eb9314
----------------- Done invoking toplevel() on ptolemy.moml.MoMLSimpleApplication@27eb9314
reloadAllAccessors: .FileWriter1

===========================================================================================
----------------- testing Thu Oct 24 06:14:35 UTC 2019 /home/travis/build/icyphy/ptII/ptolemy/actor/lib/test/auto/FileWriter2.xml
----------------- Instantiating /home/travis/build/icyphy/ptII/ptolemy/actor/lib/test/auto/FileWriter2.xml
6 ms. Memory: 286720K Free: 106629K (37%)
----------------- Invoking toplevel() on ptolemy.moml.MoMLSimpleApplication@3aad3dba
----------------- Done invoking toplevel() on ptolemy.moml.MoMLSimpleApplication@3aad3dba
reloadAllAccessors: .FileWriter2

===========================================================================================
----------------- testing Thu Oct 24 06:14:35 UTC 2019 /home/travis/build/icyphy/ptII/ptolemy/actor/lib/test/auto/FileWriter3.xml
----------------- Instantiating /home/travis/build/icyphy/ptII/ptolemy/actor/lib/test/auto/FileWriter3.xml
4 ms. Memory: 286720K Free: 102547K (36%)
----------------- Invoking toplevel() on ptolemy.moml.MoMLSimpleApplication@3c841ffd
----------------- Done invoking toplevel() on ptolemy.moml.MoMLSimpleApplication@3c841ffd
reloadAllAccessors: .FileWriter3

===========================================================================================
----------------- testing Thu Oct 24 06:14:35 UTC 2019 /home/travis/build/icyphy/ptII/ptolemy/actor/lib/test/auto/Gaussian.xml
----------------- Instantiating /home/travis/build/icyphy/ptII/ptolemy/actor/lib/test/auto/Gaussian.xml
4 ms. Memory: 286720K Free: 97421K (34%)
----------------- Invoking toplevel() on ptolemy.moml.MoMLSimpleApplication@1de648cd
----------------- Done invoking toplevel() on ptolemy.moml.MoMLSimpleApplication@1de648cd
reloadAllAccessors: .Gaussian

===========================================================================================
----------------- testing Thu Oct 24 06:14:35 UTC 2019 /home/travis/build/icyphy/ptII/ptolemy/actor/lib/test/auto/Gaussian1.xml
----------------- Instantiating /home/travis/build/icyphy/ptII/ptolemy/actor/lib/test/auto/Gaussian1.xml
2 ms. Memory: 286720K Free: 91797K (32%)
----------------- Invoking toplevel() on ptolemy.moml.MoMLSimpleApplication@139f46d9
----------------- Done invoking toplevel() on ptolemy.moml.MoMLSimpleApplication@139f46d9
reloadAllAccessors: .Gaussian1

===========================================================================================
----------------- testing Thu Oct 24 06:14:35 UTC 2019 /home/travis/build/icyphy/ptII/ptolemy/actor/lib/test/auto/Gaussian2.xml
----------------- Instantiating /home/travis/build/icyphy/ptII/ptolemy/actor/lib/test/auto/Gaussian2.xml
10 ms. Memory: 286720K Free: 86149K (30%)
----------------- Invoking toplevel() on ptolemy.moml.MoMLSimpleApplication@a9d0b0b
----------------- Done invoking toplevel() on ptolemy.moml.MoMLSimpleApplication@a9d0b0b
reloadAllAccessors: .Gaussian2

===========================================================================================
----------------- testing Thu Oct 24 06:14:35 UTC 2019 /home/travis/build/icyphy/ptII/ptolemy/actor/lib/test/auto/GradientAdaptiveLattice.xml
----------------- Instantiating /home/travis/build/icyphy/ptII/ptolemy/actor/lib/test/auto/GradientAdaptiveLattice.xml
5 ms. Memory: 286720K Free: 81043K (28%)
----------------- Invoking toplevel() on ptolemy.moml.MoMLSimpleApplication@30867b80
----------------- Done invoking toplevel() on ptolemy.moml.MoMLSimpleApplication@30867b80
reloadAllAccessors: .GradientAdaptiveLattice

===========================================================================================
----------------- testing Thu Oct 24 06:14:35 UTC 2019 /home/travis/build/icyphy/ptII/ptolemy/actor/lib/test/auto/IIR.xml
----------------- Instantiating /home/travis/build/icyphy/ptII/ptolemy/actor/lib/test/auto/IIR.xml
2 ms. Memory: 286720K Free: 76437K (27%)
----------------- Invoking toplevel() on ptolemy.moml.MoMLSimpleApplication@2bd2065
----------------- Done invoking toplevel() on ptolemy.moml.MoMLSimpleApplication@2bd2065
reloadAllAccessors: .IIR

===========================================================================================
----------------- testing Thu Oct 24 06:14:35 UTC 2019 /home/travis/build/icyphy/ptII/ptolemy/actor/lib/test/auto/InputOutputTransparentPorts.xml
----------------- Instantiating /home/travis/build/icyphy/ptII/ptolemy/actor/lib/test/auto/InputOutputTransparentPorts.xml
1 ms. Memory: 286720K Free: 69779K (24%)
----------------- Invoking toplevel() on ptolemy.moml.MoMLSimpleApplication@5ed9a85b
----------------- Done invoking toplevel() on ptolemy.moml.MoMLSimpleApplication@5ed9a85b
reloadAllAccessors: .InputOutputTransparentPorts

===========================================================================================
----------------- testing Thu Oct 24 06:14:36 UTC 2019 /home/travis/build/icyphy/ptII/ptolemy/actor/lib/test/auto/Interpolator.xml
----------------- Instantiating /home/travis/build/icyphy/ptII/ptolemy/actor/lib/test/auto/Interpolator.xml
4 ms. Memory: 286720K Free: 234750K (82%)
----------------- Invoking toplevel() on ptolemy.moml.MoMLSimpleApplication@58d9fc35
----------------- Done invoking toplevel() on ptolemy.moml.MoMLSimpleApplication@58d9fc35
reloadAllAccessors: .Interpolator

===========================================================================================
----------------- testing Thu Oct 24 06:14:36 UTC 2019 /home/travis/build/icyphy/ptII/ptolemy/actor/lib/test/auto/InterpolatorFiringLimitDE.xml
----------------- Instantiating /home/travis/build/icyphy/ptII/ptolemy/actor/lib/test/auto/InterpolatorFiringLimitDE.xml
1 ms. Memory: 286720K Free: 228094K (80%)
----------------- Invoking toplevel() on ptolemy.moml.MoMLSimpleApplication@dbda4e4
----------------- Done invoking toplevel() on ptolemy.moml.MoMLSimpleApplication@dbda4e4
reloadAllAccessors: .InterpolatorFiringLimitDE

===========================================================================================
----------------- testing Thu Oct 24 06:14:36 UTC 2019 /home/travis/build/icyphy/ptII/ptolemy/actor/lib/test/auto/Lattice.xml
----------------- Instantiating /home/travis/build/icyphy/ptII/ptolemy/actor/lib/test/auto/Lattice.xml
1 ms. Memory: 286720K Free: 223998K (78%)
----------------- Invoking toplevel() on ptolemy.moml.MoMLSimpleApplication@7ce8148a
----------------- Done invoking toplevel() on ptolemy.moml.MoMLSimpleApplication@7ce8148a
reloadAllAccessors: .Lattice

===========================================================================================
----------------- testing Thu Oct 24 06:14:36 UTC 2019 /home/travis/build/icyphy/ptII/ptolemy/actor/lib/test/auto/LazyAOCTestLazy.xml
----------------- Instantiating /home/travis/build/icyphy/ptII/ptolemy/actor/lib/test/auto/LazyAOCTestLazy.xml
15 ms. Memory: 286720K Free: 217840K (76%)
----------------- Invoking toplevel() on ptolemy.moml.MoMLSimpleApplication@5be104cd
----------------- Done invoking toplevel() on ptolemy.moml.MoMLSimpleApplication@5be104cd
reloadAllAccessors: .LazyAOCTestLazy

===========================================================================================
----------------- testing Thu Oct 24 06:14:36 UTC 2019 /home/travis/build/icyphy/ptII/ptolemy/actor/lib/test/auto/LazyAOCTestNonLazy.xml
----------------- Instantiating /home/travis/build/icyphy/ptII/ptolemy/actor/lib/test/auto/LazyAOCTestNonLazy.xml
1 ms. Memory: 286720K Free: 211200K (74%)
----------------- Invoking toplevel() on ptolemy.moml.MoMLSimpleApplication@1c440a9f
----------------- Done invoking toplevel() on ptolemy.moml.MoMLSimpleApplication@1c440a9f
reloadAllAccessors: .LazyAOCTestNonLazy

===========================================================================================
----------------- testing Thu Oct 24 06:14:36 UTC 2019 /home/travis/build/icyphy/ptII/ptolemy/actor/lib/test/auto/LazyInnerClass.xml
----------------- Instantiating /home/travis/build/icyphy/ptII/ptolemy/actor/lib/test/auto/LazyInnerClass.xml
19 ms. Memory: 286720K Free: 202494K (71%)
----------------- Invoking toplevel() on ptolemy.moml.MoMLSimpleApplication@6f2bb4ae
----------------- Done invoking toplevel() on ptolemy.moml.MoMLSimpleApplication@6f2bb4ae
reloadAllAccessors: .LazyInnerClass

===========================================================================================
----------------- testing Thu Oct 24 06:14:36 UTC 2019 /home/travis/build/icyphy/ptII/ptolemy/actor/lib/test/auto/LazyPubSub.xml
----------------- Instantiating /home/travis/build/icyphy/ptII/ptolemy/actor/lib/test/auto/LazyPubSub.xml
14 ms. Memory: 286720K Free: 192254K (67%)
----------------- Invoking toplevel() on ptolemy.moml.MoMLSimpleApplication@542f3a01
----------------- Done invoking toplevel() on ptolemy.moml.MoMLSimpleApplication@542f3a01
reloadAllAccessors: .LazyPubSub

===========================================================================================
----------------- testing Thu Oct 24 06:14:36 UTC 2019 /home/travis/build/icyphy/ptII/ptolemy/actor/lib/test/auto/LazyPubSub2.xml
----------------- Instantiating /home/travis/build/icyphy/ptII/ptolemy/actor/lib/test/auto/LazyPubSub2.xml
14 ms. Memory: 286720K Free: 182528K (64%)
----------------- Invoking toplevel() on ptolemy.moml.MoMLSimpleApplication@4ce236b6
----------------- Done invoking toplevel() on ptolemy.moml.MoMLSimpleApplication@4ce236b6
reloadAllAccessors: .LazyPubSub2

===========================================================================================
----------------- testing Thu Oct 24 06:14:36 UTC 2019 /home/travis/build/icyphy/ptII/ptolemy/actor/lib/test/auto/LazyPubSub3.xml
----------------- Instantiating /home/travis/build/icyphy/ptII/ptolemy/actor/lib/test/auto/LazyPubSub3.xml
28 ms. Memory: 286720K Free: 172288K (60%)
----------------- Invoking toplevel() on ptolemy.moml.MoMLSimpleApplication@77c158d3
----------------- Done invoking toplevel() on ptolemy.moml.MoMLSimpleApplication@77c158d3
reloadAllAccessors: .LazyPubSub3

===========================================================================================
----------------- testing Thu Oct 24 06:14:36 UTC 2019 /home/travis/build/icyphy/ptII/ptolemy/actor/lib/test/auto/LazySubClassModel.xml
----------------- Instantiating /home/travis/build/icyphy/ptII/ptolemy/actor/lib/test/auto/LazySubClassModel.xml
3 ms. Memory: 286720K Free: 163582K (57%)
----------------- Invoking toplevel() on ptolemy.moml.MoMLSimpleApplication@1cd8f6a4
----------------- Done invoking toplevel() on ptolemy.moml.MoMLSimpleApplication@1cd8f6a4
reloadAllAccessors: .LazySubClassModel

===========================================================================================
----------------- testing Thu Oct 24 06:14:36 UTC 2019 /home/travis/build/icyphy/ptII/ptolemy/actor/lib/test/auto/LevelCrossTest1.xml
----------------- Instantiating /home/travis/build/icyphy/ptII/ptolemy/actor/lib/test/auto/LevelCrossTest1.xml
1 ms. Memory: 286720K Free: 157952K (55%)
----------------- Invoking toplevel() on ptolemy.moml.MoMLSimpleApplication@1de136a8
----------------- Done invoking toplevel() on ptolemy.moml.MoMLSimpleApplication@1de136a8
reloadAllAccessors: .broken

===========================================================================================
----------------- testing Thu Oct 24 06:14:36 UTC 2019 /home/travis/build/icyphy/ptII/ptolemy/actor/lib/test/auto/LevelCrossTest10.xml
----------------- Instantiating /home/travis/build/icyphy/ptII/ptolemy/actor/lib/test/auto/LevelCrossTest10.xml
1 ms. Memory: 286720K Free: 150784K (53%)
----------------- Invoking toplevel() on ptolemy.moml.MoMLSimpleApplication@4aa4f2e
----------------- Done invoking toplevel() on ptolemy.moml.MoMLSimpleApplication@4aa4f2e
reloadAllAccessors: .LevelCrossTest10

===========================================================================================
----------------- testing Thu Oct 24 06:14:36 UTC 2019 /home/travis/build/icyphy/ptII/ptolemy/actor/lib/test/auto/LevelCrossTest11.xml
----------------- Instantiating /home/travis/build/icyphy/ptII/ptolemy/actor/lib/test/auto/LevelCrossTest11.xml
1 ms. Memory: 286720K Free: 143616K (50%)
----------------- Invoking toplevel() on ptolemy.moml.MoMLSimpleApplication@53de31e7
----------------- Done invoking toplevel() on ptolemy.moml.MoMLSimpleApplication@53de31e7
reloadAllAccessors: .LevelCrossTest11

===========================================================================================
----------------- testing Thu Oct 24 06:14:36 UTC 2019 /home/travis/build/icyphy/ptII/ptolemy/actor/lib/test/auto/LevelCrossTest12.xml
----------------- Instantiating /home/travis/build/icyphy/ptII/ptolemy/actor/lib/test/auto/LevelCrossTest12.xml
4 ms. Memory: 286720K Free: 136448K (48%)
----------------- Invoking toplevel() on ptolemy.moml.MoMLSimpleApplication@33bfbae1
----------------- Done invoking toplevel() on ptolemy.moml.MoMLSimpleApplication@33bfbae1
reloadAllAccessors: .LevelCrossTest12

===========================================================================================
----------------- testing Thu Oct 24 06:14:36 UTC 2019 /home/travis/build/icyphy/ptII/ptolemy/actor/lib/test/auto/LevelCrossTest13.xml
----------------- Instantiating /home/travis/build/icyphy/ptII/ptolemy/actor/lib/test/auto/LevelCrossTest13.xml
1 ms. Memory: 286720K Free: 128766K (45%)
----------------- Invoking toplevel() on ptolemy.moml.MoMLSimpleApplication@4a32d2cc
----------------- Done invoking toplevel() on ptolemy.moml.MoMLSimpleApplication@4a32d2cc
reloadAllAccessors: .LevelCrossTest13

===========================================================================================
----------------- testing Thu Oct 24 06:14:36 UTC 2019 /home/travis/build/icyphy/ptII/ptolemy/actor/lib/test/auto/LevelCrossTest2.xml
----------------- Instantiating /home/travis/build/icyphy/ptII/ptolemy/actor/lib/test/auto/LevelCrossTest2.xml
1 ms. Memory: 286720K Free: 123136K (43%)
----------------- Invoking toplevel() on ptolemy.moml.MoMLSimpleApplication@5c985402
----------------- Done invoking toplevel() on ptolemy.moml.MoMLSimpleApplication@5c985402
reloadAllAccessors: .broken

===========================================================================================
----------------- testing Thu Oct 24 06:14:36 UTC 2019 /home/travis/build/icyphy/ptII/ptolemy/actor/lib/test/auto/LevelCrossTest3.xml
----------------- Instantiating /home/travis/build/icyphy/ptII/ptolemy/actor/lib/test/auto/LevelCrossTest3.xml
1 ms. Memory: 286720K Free: 116992K (41%)
----------------- Invoking toplevel() on ptolemy.moml.MoMLSimpleApplication@6f3d4ede
----------------- Done invoking toplevel() on ptolemy.moml.MoMLSimpleApplication@6f3d4ede
reloadAllAccessors: .LevelCrossTest3

===========================================================================================
----------------- testing Thu Oct 24 06:14:36 UTC 2019 /home/travis/build/icyphy/ptII/ptolemy/actor/lib/test/auto/LevelCrossTest4.xml
----------------- Instantiating /home/travis/build/icyphy/ptII/ptolemy/actor/lib/test/auto/LevelCrossTest4.xml
2 ms. Memory: 286720K Free: 111358K (39%)
----------------- Invoking toplevel() on ptolemy.moml.MoMLSimpleApplication@78309a79
----------------- Done invoking toplevel() on ptolemy.moml.MoMLSimpleApplication@78309a79
reloadAllAccessors: .broken

===========================================================================================
----------------- testing Thu Oct 24 06:14:36 UTC 2019 /home/travis/build/icyphy/ptII/ptolemy/actor/lib/test/auto/LevelCrossTest5.xml
----------------- Instantiating /home/travis/build/icyphy/ptII/ptolemy/actor/lib/test/auto/LevelCrossTest5.xml
1 ms. Memory: 286720K Free: 104704K (37%)
----------------- Invoking toplevel() on ptolemy.moml.MoMLSimpleApplication@6436dd5c
----------------- Done invoking toplevel() on ptolemy.moml.MoMLSimpleApplication@6436dd5c
reloadAllAccessors: .LevelCrossTest5

===========================================================================================
----------------- testing Thu Oct 24 06:14:36 UTC 2019 /home/travis/build/icyphy/ptII/ptolemy/actor/lib/test/auto/LevelCrossTest6.xml
----------------- Instantiating /home/travis/build/icyphy/ptII/ptolemy/actor/lib/test/auto/LevelCrossTest6.xml
1 ms. Memory: 286720K Free: 98046K (34%)
----------------- Invoking toplevel() on ptolemy.moml.MoMLSimpleApplication@57e6c658
----------------- Done invoking toplevel() on ptolemy.moml.MoMLSimpleApplication@57e6c658
reloadAllAccessors: .LevelCrossTest6

===========================================================================================
----------------- testing Thu Oct 24 06:14:36 UTC 2019 /home/travis/build/icyphy/ptII/ptolemy/actor/lib/test/auto/LevelCrossTest7.xml
----------------- Instantiating /home/travis/build/icyphy/ptII/ptolemy/actor/lib/test/auto/LevelCrossTest7.xml
1 ms. Memory: 286720K Free: 90878K (32%)
----------------- Invoking toplevel() on ptolemy.moml.MoMLSimpleApplication@54d75d32
----------------- Done invoking toplevel() on ptolemy.moml.MoMLSimpleApplication@54d75d32
reloadAllAccessors: .LevelCrossTest7

===========================================================================================
----------------- testing Thu Oct 24 06:14:36 UTC 2019 /home/travis/build/icyphy/ptII/ptolemy/actor/lib/test/auto/LevelCrossTest8.xml
----------------- Instantiating /home/travis/build/icyphy/ptII/ptolemy/actor/lib/test/auto/LevelCrossTest8.xml
1 ms. Memory: 286720K Free: 84224K (29%)
----------------- Invoking toplevel() on ptolemy.moml.MoMLSimpleApplication@4564bf5a
----------------- Done invoking toplevel() on ptolemy.moml.MoMLSimpleApplication@4564bf5a
reloadAllAccessors: .LevelCrossTest8

===========================================================================================
----------------- testing Thu Oct 24 06:14:36 UTC 2019 /home/travis/build/icyphy/ptII/ptolemy/actor/lib/test/auto/LevelCrossTest9.xml
----------------- Instantiating /home/travis/build/icyphy/ptII/ptolemy/actor/lib/test/auto/LevelCrossTest9.xml
2 ms. Memory: 286720K Free: 77056K (27%)
----------------- Invoking toplevel() on ptolemy.moml.MoMLSimpleApplication@7802930e
----------------- Done invoking toplevel() on ptolemy.moml.MoMLSimpleApplication@7802930e
reloadAllAccessors: .LevelCrossTest9

===========================================================================================
----------------- testing Thu Oct 24 06:14:36 UTC 2019 /home/travis/build/icyphy/ptII/ptolemy/actor/lib/test/auto/LevinsonDurbin.xml
----------------- Instantiating /home/travis/build/icyphy/ptII/ptolemy/actor/lib/test/auto/LevinsonDurbin.xml
1 ms. Memory: 286720K Free: 72960K (25%)
----------------- Invoking toplevel() on ptolemy.moml.MoMLSimpleApplication@1907c4c3
----------------- Done invoking toplevel() on ptolemy.moml.MoMLSimpleApplication@1907c4c3
reloadAllAccessors: .LevinsonDurbin

===========================================================================================
----------------- testing Thu Oct 24 06:14:36 UTC 2019 /home/travis/build/icyphy/ptII/ptolemy/actor/lib/test/auto/LevinsonDurbin2.xml
----------------- Instantiating /home/travis/build/icyphy/ptII/ptolemy/actor/lib/test/auto/LevinsonDurbin2.xml
1 ms. Memory: 286720K Free: 237716K (83%)
----------------- Invoking toplevel() on ptolemy.moml.MoMLSimpleApplication@47a05e9d
----------------- Done invoking toplevel() on ptolemy.moml.MoMLSimpleApplication@47a05e9d
reloadAllAccessors: .LevinsonDurbin2

===========================================================================================
----------------- testing Thu Oct 24 06:14:36 UTC 2019 /home/travis/build/icyphy/ptII/ptolemy/actor/lib/test/auto/LevinsonDurbin3.xml
----------------- Instantiating /home/travis/build/icyphy/ptII/ptolemy/actor/lib/test/auto/LevinsonDurbin3.xml
2 ms. Memory: 286720K Free: 233390K (81%)
----------------- Invoking toplevel() on ptolemy.moml.MoMLSimpleApplication@f729802
----------------- Done invoking toplevel() on ptolemy.moml.MoMLSimpleApplication@f729802
reloadAllAccessors: .LevinsonDurbin3

===========================================================================================
----------------- testing Thu Oct 24 06:14:36 UTC 2019 /home/travis/build/icyphy/ptII/ptolemy/actor/lib/test/auto/Limiter.xml
----------------- Instantiating /home/travis/build/icyphy/ptII/ptolemy/actor/lib/test/auto/Limiter.xml
4 ms. Memory: 286720K Free: 224174K (78%)
----------------- Invoking toplevel() on ptolemy.moml.MoMLSimpleApplication@2d73323b
----------------- Done invoking toplevel() on ptolemy.moml.MoMLSimpleApplication@2d73323b
reloadAllAccessors: .Limiter

===========================================================================================
----------------- testing Thu Oct 24 06:14:36 UTC 2019 /home/travis/build/icyphy/ptII/ptolemy/actor/lib/test/auto/LinearDifferenceEquationSystem.xml
----------------- Instantiating /home/travis/build/icyphy/ptII/ptolemy/actor/lib/test/auto/LinearDifferenceEquationSystem.xml
9 ms. Memory: 286720K Free: 216492K (76%)
----------------- Invoking toplevel() on ptolemy.moml.MoMLSimpleApplication@4286bc1a
----------------- Done invoking toplevel() on ptolemy.moml.MoMLSimpleApplication@4286bc1a
reloadAllAccessors: .LinearDifferenceEquationSystem

===========================================================================================
----------------- testing Thu Oct 24 06:14:36 UTC 2019 /home/travis/build/icyphy/ptII/ptolemy/actor/lib/test/auto/LookupTable.xml
----------------- Instantiating /home/travis/build/icyphy/ptII/ptolemy/actor/lib/test/auto/LookupTable.xml
2 ms. Memory: 286720K Free: 211886K (74%)
----------------- Invoking toplevel() on ptolemy.moml.MoMLSimpleApplication@4fe839f4
----------------- Done invoking toplevel() on ptolemy.moml.MoMLSimpleApplication@4fe839f4
reloadAllAccessors: .LookupTable

===========================================================================================
----------------- testing Thu Oct 24 06:14:36 UTC 2019 /home/travis/build/icyphy/ptII/ptolemy/actor/lib/test/auto/MathFunction.xml
----------------- Instantiating /home/travis/build/icyphy/ptII/ptolemy/actor/lib/test/auto/MathFunction.xml
4 ms. Memory: 286720K Free: 203694K (71%)
----------------- Invoking toplevel() on ptolemy.moml.MoMLSimpleApplication@5a5a91a8
----------------- Done invoking toplevel() on ptolemy.moml.MoMLSimpleApplication@5a5a91a8
reloadAllAccessors: .MathFunction

===========================================================================================
----------------- testing Thu Oct 24 06:14:36 UTC 2019 /home/travis/build/icyphy/ptII/ptolemy/actor/lib/test/auto/MathFunction2.xml
----------------- Instantiating /home/travis/build/icyphy/ptII/ptolemy/actor/lib/test/auto/MathFunction2.xml
5 ms. Memory: 286720K Free: 199598K (70%)
----------------- Invoking toplevel() on ptolemy.moml.MoMLSimpleApplication@5a83bb34
----------------- Done invoking toplevel() on ptolemy.moml.MoMLSimpleApplication@5a83bb34
reloadAllAccessors: .MathFunction2

===========================================================================================
----------------- testing Thu Oct 24 06:14:36 UTC 2019 /home/travis/build/icyphy/ptII/ptolemy/actor/lib/test/auto/MathFunction3.xml
----------------- Instantiating /home/travis/build/icyphy/ptII/ptolemy/actor/lib/test/auto/MathFunction3.xml
2 ms. Memory: 286720K Free: 192430K (67%)
----------------- Invoking toplevel() on ptolemy.moml.MoMLSimpleApplication@26e0eb2a
----------------- Done invoking toplevel() on ptolemy.moml.MoMLSimpleApplication@26e0eb2a
reloadAllAccessors: .MathFunction3

===========================================================================================
----------------- testing Thu Oct 24 06:14:36 UTC 2019 /home/travis/build/icyphy/ptII/ptolemy/actor/lib/test/auto/MatrixCropBoolean.xml
----------------- Instantiating /home/travis/build/icyphy/ptII/ptolemy/actor/lib/test/auto/MatrixCropBoolean.xml
2 ms. Memory: 286720K Free: 187310K (65%)
----------------- Invoking toplevel() on ptolemy.moml.MoMLSimpleApplication@6732b7f8
----------------- Done invoking toplevel() on ptolemy.moml.MoMLSimpleApplication@6732b7f8
reloadAllAccessors: .MatrixCropBoolean

===========================================================================================
----------------- testing Thu Oct 24 06:14:36 UTC 2019 /home/travis/build/icyphy/ptII/ptolemy/actor/lib/test/auto/MatrixCropComplex.xml
----------------- Instantiating /home/travis/build/icyphy/ptII/ptolemy/actor/lib/test/auto/MatrixCropComplex.xml
2 ms. Memory: 286720K Free: 182700K (64%)
----------------- Invoking toplevel() on ptolemy.moml.MoMLSimpleApplication@5cfb5a05
----------------- Done invoking toplevel() on ptolemy.moml.MoMLSimpleApplication@5cfb5a05
reloadAllAccessors: .MatrixCropComplex

===========================================================================================
----------------- testing Thu Oct 24 06:14:36 UTC 2019 /home/travis/build/icyphy/ptII/ptolemy/actor/lib/test/auto/MatrixCropDouble.xml
----------------- Instantiating /home/travis/build/icyphy/ptII/ptolemy/actor/lib/test/auto/MatrixCropDouble.xml
2 ms. Memory: 286720K Free: 177574K (62%)
----------------- Invoking toplevel() on ptolemy.moml.MoMLSimpleApplication@457d7bb4
----------------- Done invoking toplevel() on ptolemy.moml.MoMLSimpleApplication@457d7bb4
reloadAllAccessors: .MatrixCropDouble

===========================================================================================
----------------- testing Thu Oct 24 06:14:36 UTC 2019 /home/travis/build/icyphy/ptII/ptolemy/actor/lib/test/auto/MatrixCropFix.xml
----------------- Instantiating /home/travis/build/icyphy/ptII/ptolemy/actor/lib/test/auto/MatrixCropFix.xml
3 ms. Memory: 286720K Free: 172446K (60%)
----------------- Invoking toplevel() on ptolemy.moml.MoMLSimpleApplication@7a820f79
----------------- Done invoking toplevel() on ptolemy.moml.MoMLSimpleApplication@7a820f79
reloadAllAccessors: .MatrixCropFix

===========================================================================================
----------------- testing Thu Oct 24 06:14:36 UTC 2019 /home/travis/build/icyphy/ptII/ptolemy/actor/lib/test/auto/MatrixCropInt.xml
----------------- Instantiating /home/travis/build/icyphy/ptII/ptolemy/actor/lib/test/auto/MatrixCropInt.xml
2 ms. Memory: 286720K Free: 167310K (58%)
----------------- Invoking toplevel() on ptolemy.moml.MoMLSimpleApplication@5cff2439
----------------- Done invoking toplevel() on ptolemy.moml.MoMLSimpleApplication@5cff2439
reloadAllAccessors: .MatrixCropInt

===========================================================================================
----------------- testing Thu Oct 24 06:14:36 UTC 2019 /home/travis/build/icyphy/ptII/ptolemy/actor/lib/test/auto/MatrixCropLong.xml
----------------- Instantiating /home/travis/build/icyphy/ptII/ptolemy/actor/lib/test/auto/MatrixCropLong.xml
2 ms. Memory: 286720K Free: 162190K (57%)
----------------- Invoking toplevel() on ptolemy.moml.MoMLSimpleApplication@7d40888
----------------- Done invoking toplevel() on ptolemy.moml.MoMLSimpleApplication@7d40888
reloadAllAccessors: .MatrixCropLong

===========================================================================================
----------------- testing Thu Oct 24 06:14:36 UTC 2019 /home/travis/build/icyphy/ptII/ptolemy/actor/lib/test/auto/MatrixToArray.xml
----------------- Instantiating /home/travis/build/icyphy/ptII/ptolemy/actor/lib/test/auto/MatrixToArray.xml
13 ms. Memory: 286720K Free: 146860K (51%)
----------------- Invoking toplevel() on ptolemy.moml.MoMLSimpleApplication@4fa8e470
----------------- Done invoking toplevel() on ptolemy.moml.MoMLSimpleApplication@4fa8e470
reloadAllAccessors: .MatrixToArray

===========================================================================================
----------------- testing Thu Oct 24 06:14:36 UTC 2019 /home/travis/build/icyphy/ptII/ptolemy/actor/lib/test/auto/MaxIndex.xml
----------------- Instantiating /home/travis/build/icyphy/ptII/ptolemy/actor/lib/test/auto/MaxIndex.xml
7 ms. Memory: 286720K Free: 141740K (49%)
----------------- Invoking toplevel() on ptolemy.moml.MoMLSimpleApplication@7de0d7d7
----------------- Done invoking toplevel() on ptolemy.moml.MoMLSimpleApplication@7de0d7d7
reloadAllAccessors: .MaxIndex

===========================================================================================
----------------- testing Thu Oct 24 06:14:36 UTC 2019 /home/travis/build/icyphy/ptII/ptolemy/actor/lib/test/auto/Maximum.xml
----------------- Instantiating /home/travis/build/icyphy/ptII/ptolemy/actor/lib/test/auto/Maximum.xml
3 ms. Memory: 286720K Free: 135086K (47%)
----------------- Invoking toplevel() on ptolemy.moml.MoMLSimpleApplication@14c8b79e
----------------- Done invoking toplevel() on ptolemy.moml.MoMLSimpleApplication@14c8b79e
reloadAllAccessors: .Maximum

===========================================================================================
----------------- testing Thu Oct 24 06:14:36 UTC 2019 /home/travis/build/icyphy/ptII/ptolemy/actor/lib/test/auto/MaximumComplex.xml
----------------- Instantiating /home/travis/build/icyphy/ptII/ptolemy/actor/lib/test/auto/MaximumComplex.xml
4 ms. Memory: 286720K Free: 128942K (45%)
----------------- Invoking toplevel() on ptolemy.moml.MoMLSimpleApplication@46186d8a
----------------- Done invoking toplevel() on ptolemy.moml.MoMLSimpleApplication@46186d8a
reloadAllAccessors: .MaximumComplex

===========================================================================================
----------------- testing Thu Oct 24 06:14:37 UTC 2019 /home/travis/build/icyphy/ptII/ptolemy/actor/lib/test/auto/MethodCallTest.xml
----------------- Instantiating /home/travis/build/icyphy/ptII/ptolemy/actor/lib/test/auto/MethodCallTest.xml
3 ms. Memory: 286720K Free: 122284K (43%)
----------------- Invoking toplevel() on ptolemy.moml.MoMLSimpleApplication@1ef73755
----------------- Done invoking toplevel() on ptolemy.moml.MoMLSimpleApplication@1ef73755
reloadAllAccessors: .MethodCallTest

===========================================================================================
----------------- testing Thu Oct 24 06:14:37 UTC 2019 /home/travis/build/icyphy/ptII/ptolemy/actor/lib/test/auto/Minimum.xml
----------------- Instantiating /home/travis/build/icyphy/ptII/ptolemy/actor/lib/test/auto/Minimum.xml
3 ms. Memory: 286720K Free: 115630K (40%)
----------------- Invoking toplevel() on ptolemy.moml.MoMLSimpleApplication@4f93a6ce
----------------- Done invoking toplevel() on ptolemy.moml.MoMLSimpleApplication@4f93a6ce
reloadAllAccessors: .Minimum

===========================================================================================
----------------- testing Thu Oct 24 06:14:37 UTC 2019 /home/travis/build/icyphy/ptII/ptolemy/actor/lib/test/auto/MinimumComplex.xml
----------------- Instantiating /home/travis/build/icyphy/ptII/ptolemy/actor/lib/test/auto/MinimumComplex.xml
3 ms. Memory: 286720K Free: 109486K (38%)
----------------- Invoking toplevel() on ptolemy.moml.MoMLSimpleApplication@3cb48513
----------------- Done invoking toplevel() on ptolemy.moml.MoMLSimpleApplication@3cb48513
reloadAllAccessors: .MinimumComplex

===========================================================================================
----------------- testing Thu Oct 24 06:14:37 UTC 2019 /home/travis/build/icyphy/ptII/ptolemy/actor/lib/test/auto/MinimumMultiports.xml
----------------- Instantiating /home/travis/build/icyphy/ptII/ptolemy/actor/lib/test/auto/MinimumMultiports.xml
3 ms. Memory: 286720K Free: 100766K (35%)
----------------- Invoking toplevel() on ptolemy.moml.MoMLSimpleApplication@5b740906
----------------- Done invoking toplevel() on ptolemy.moml.MoMLSimpleApplication@5b740906
reloadAllAccessors: .MinimumMultiports

===========================================================================================
----------------- testing Thu Oct 24 06:14:37 UTC 2019 /home/travis/build/icyphy/ptII/ptolemy/actor/lib/test/auto/ModifyDate.xml
----------------- Instantiating /home/travis/build/icyphy/ptII/ptolemy/actor/lib/test/auto/ModifyDate.xml
6 ms. Memory: 286720K Free: 87982K (31%)
----------------- Invoking toplevel() on ptolemy.moml.MoMLSimpleApplication@4e4a9453
----------------- Done invoking toplevel() on ptolemy.moml.MoMLSimpleApplication@4e4a9453
reloadAllAccessors: .ModifyDate

===========================================================================================
----------------- testing Thu Oct 24 06:14:37 UTC 2019 /home/travis/build/icyphy/ptII/ptolemy/actor/lib/test/auto/ModifyDate2.xml
----------------- Instantiating /home/travis/build/icyphy/ptII/ptolemy/actor/lib/test/auto/ModifyDate2.xml
6 ms. Memory: 286720K Free: 79276K (28%)
----------------- Invoking toplevel() on ptolemy.moml.MoMLSimpleApplication@4ebca6a8
----------------- Done invoking toplevel() on ptolemy.moml.MoMLSimpleApplication@4ebca6a8
reloadAllAccessors: .ModifyDate2

===========================================================================================
----------------- testing Thu Oct 24 06:14:37 UTC 2019 /home/travis/build/icyphy/ptII/ptolemy/actor/lib/test/auto/MovingAverage.xml
----------------- Instantiating /home/travis/build/icyphy/ptII/ptolemy/actor/lib/test/auto/MovingAverage.xml
2 ms. Memory: 286720K Free: 74156K (26%)
----------------- Invoking toplevel() on ptolemy.moml.MoMLSimpleApplication@439c76ca
----------------- Done invoking toplevel() on ptolemy.moml.MoMLSimpleApplication@439c76ca
reloadAllAccessors: .MovingAverage

===========================================================================================
----------------- testing Thu Oct 24 06:14:37 UTC 2019 /home/travis/build/icyphy/ptII/ptolemy/actor/lib/test/auto/MovingMaximum.xml
----------------- Instantiating /home/travis/build/icyphy/ptII/ptolemy/actor/lib/test/auto/MovingMaximum.xml
2 ms. Memory: 286720K Free: 69550K (24%)
----------------- Invoking toplevel() on ptolemy.moml.MoMLSimpleApplication@758d4140
----------------- Done invoking toplevel() on ptolemy.moml.MoMLSimpleApplication@758d4140
reloadAllAccessors: .MovingMaximum

===========================================================================================
----------------- testing Thu Oct 24 06:14:37 UTC 2019 /home/travis/build/icyphy/ptII/ptolemy/actor/lib/test/auto/MultipleLinksToSameRelation.xml
----------------- Instantiating /home/travis/build/icyphy/ptII/ptolemy/actor/lib/test/auto/MultipleLinksToSameRelation.xml
2 ms. Memory: 286720K Free: 234575K (82%)
----------------- Invoking toplevel() on ptolemy.moml.MoMLSimpleApplication@1042d38d
----------------- Done invoking toplevel() on ptolemy.moml.MoMLSimpleApplication@1042d38d
reloadAllAccessors: .MultipleLinksToSameRelation

===========================================================================================
----------------- testing Thu Oct 24 06:14:37 UTC 2019 /home/travis/build/icyphy/ptII/ptolemy/actor/lib/test/auto/MultipleLinksToSameRelationDE.xml
----------------- Instantiating /home/travis/build/icyphy/ptII/ptolemy/actor/lib/test/auto/MultipleLinksToSameRelationDE.xml
10 ms. Memory: 286720K Free: 229951K (80%)
----------------- Invoking toplevel() on ptolemy.moml.MoMLSimpleApplication@2198f73
----------------- Done invoking toplevel() on ptolemy.moml.MoMLSimpleApplication@2198f73
reloadAllAccessors: .MultipleLinksToSameRelationDE

===========================================================================================
----------------- testing Thu Oct 24 06:14:37 UTC 2019 /home/travis/build/icyphy/ptII/ptolemy/actor/lib/test/auto/Multiplexor.xml
----------------- Instantiating /home/travis/build/icyphy/ptII/ptolemy/actor/lib/test/auto/Multiplexor.xml
2 ms. Memory: 286720K Free: 224335K (78%)
----------------- Invoking toplevel() on ptolemy.moml.MoMLSimpleApplication@345d290e
----------------- Done invoking toplevel() on ptolemy.moml.MoMLSimpleApplication@345d290e
reloadAllAccessors: .Multiplexor

===========================================================================================
----------------- testing Thu Oct 24 06:14:37 UTC 2019 /home/travis/build/icyphy/ptII/ptolemy/actor/lib/test/auto/Multiplexor1.xml
----------------- Instantiating /home/travis/build/icyphy/ptII/ptolemy/actor/lib/test/auto/Multiplexor1.xml
2 ms. Memory: 286720K Free: 218671K (76%)
----------------- Invoking toplevel() on ptolemy.moml.MoMLSimpleApplication@63060c63
----------------- Done invoking toplevel() on ptolemy.moml.MoMLSimpleApplication@63060c63
reloadAllAccessors: .Multiplexor1

===========================================================================================
----------------- testing Thu Oct 24 06:14:37 UTC 2019 /home/travis/build/icyphy/ptII/ptolemy/actor/lib/test/auto/Multiplexor2.xml
----------------- Instantiating /home/travis/build/icyphy/ptII/ptolemy/actor/lib/test/auto/Multiplexor2.xml
6 ms. Memory: 286720K Free: 212045K (74%)
----------------- Invoking toplevel() on ptolemy.moml.MoMLSimpleApplication@eb5691d
----------------- Done invoking toplevel() on ptolemy.moml.MoMLSimpleApplication@eb5691d
reloadAllAccessors: .Multiplexor2

===========================================================================================
----------------- testing Thu Oct 24 06:14:37 UTC 2019 /home/travis/build/icyphy/ptII/ptolemy/actor/lib/test/auto/Multiplexor3.xml
----------------- Instantiating /home/travis/build/icyphy/ptII/ptolemy/actor/lib/test/auto/Multiplexor3.xml
2 ms. Memory: 286720K Free: 207951K (73%)
----------------- Invoking toplevel() on ptolemy.moml.MoMLSimpleApplication@129111ff
----------------- Done invoking toplevel() on ptolemy.moml.MoMLSimpleApplication@129111ff
reloadAllAccessors: .Multiplexor3

===========================================================================================
----------------- testing Thu Oct 24 06:14:37 UTC 2019 /home/travis/build/icyphy/ptII/ptolemy/actor/lib/test/auto/MultiplexorDE.xml
----------------- Instantiating /home/travis/build/icyphy/ptII/ptolemy/actor/lib/test/auto/MultiplexorDE.xml
2 ms. Memory: 286720K Free: 200239K (70%)
----------------- Invoking toplevel() on ptolemy.moml.MoMLSimpleApplication@113a5c13
----------------- Done invoking toplevel() on ptolemy.moml.MoMLSimpleApplication@113a5c13
reloadAllAccessors: .MultiplexorDE

===========================================================================================
----------------- testing Thu Oct 24 06:14:37 UTC 2019 /home/travis/build/icyphy/ptII/ptolemy/actor/lib/test/auto/MultiportBroadcastTest.xml
----------------- Instantiating /home/travis/build/icyphy/ptII/ptolemy/actor/lib/test/auto/MultiportBroadcastTest.xml
95 ms. Memory: 286720K Free: 194119K (68%)
----------------- Invoking toplevel() on ptolemy.moml.MoMLSimpleApplication@735a9b6
----------------- Done invoking toplevel() on ptolemy.moml.MoMLSimpleApplication@735a9b6
reloadAllAccessors: .MultiportBroadcastTest

===========================================================================================
----------------- testing Thu Oct 24 06:14:37 UTC 2019 /home/travis/build/icyphy/ptII/ptolemy/actor/lib/test/auto/MultiportOutHangDuringGetWidth.xml
----------------- Instantiating /home/travis/build/icyphy/ptII/ptolemy/actor/lib/test/auto/MultiportOutHangDuringGetWidth.xml
12 ms. Memory: 286720K Free: 181823K (63%)
----------------- Invoking toplevel() on ptolemy.moml.MoMLSimpleApplication@18d8292
----------------- Done invoking toplevel() on ptolemy.moml.MoMLSimpleApplication@18d8292
reloadAllAccessors: .MultiportOutHangDuringGetWidth

===========================================================================================
----------------- testing Thu Oct 24 06:14:37 UTC 2019 /home/travis/build/icyphy/ptII/ptolemy/actor/lib/test/auto/NilToken.xml
----------------- Instantiating /home/travis/build/icyphy/ptII/ptolemy/actor/lib/test/auto/NilToken.xml
1 ms. Memory: 286720K Free: 177741K (62%)
----------------- Invoking toplevel() on ptolemy.moml.MoMLSimpleApplication@42cd7d17
----------------- Done invoking toplevel() on ptolemy.moml.MoMLSimpleApplication@42cd7d17
reloadAllAccessors: .NilToken

===========================================================================================
----------------- testing Thu Oct 24 06:14:37 UTC 2019 /home/travis/build/icyphy/ptII/ptolemy/actor/lib/test/auto/NilTokenNonStrictTest.xml
----------------- Instantiating /home/travis/build/icyphy/ptII/ptolemy/actor/lib/test/auto/NilTokenNonStrictTest.xml
3 ms. Memory: 286720K Free: 172621K (60%)
----------------- Invoking toplevel() on ptolemy.moml.MoMLSimpleApplication@3a5033ce
----------------- Done invoking toplevel() on ptolemy.moml.MoMLSimpleApplication@3a5033ce
reloadAllAccessors: .NilTokenNonStrictTest

===========================================================================================
----------------- testing Thu Oct 24 06:14:37 UTC 2019 /home/travis/build/icyphy/ptII/ptolemy/actor/lib/test/auto/NilTokenRecord.xml
----------------- Instantiating /home/travis/build/icyphy/ptII/ptolemy/actor/lib/test/auto/NilTokenRecord.xml
6 ms. Memory: 286720K Free: 165967K (58%)
----------------- Invoking toplevel() on ptolemy.moml.MoMLSimpleApplication@7a030dee
----------------- Done invoking toplevel() on ptolemy.moml.MoMLSimpleApplication@7a030dee
reloadAllAccessors: .NilTokenRecord

===========================================================================================
----------------- testing Thu Oct 24 06:14:37 UTC 2019 /home/travis/build/icyphy/ptII/ptolemy/actor/lib/test/auto/NilTokenTypeTest.xml
----------------- Instantiating /home/travis/build/icyphy/ptII/ptolemy/actor/lib/test/auto/NilTokenTypeTest.xml
6 ms. Memory: 286720K Free: 156237K (54%)
----------------- Invoking toplevel() on ptolemy.moml.MoMLSimpleApplication@2eee0a6a
----------------- Done invoking toplevel() on ptolemy.moml.MoMLSimpleApplication@2eee0a6a
reloadAllAccessors: .NilTokenTypeTest

===========================================================================================
----------------- testing Thu Oct 24 06:14:37 UTC 2019 /home/travis/build/icyphy/ptII/ptolemy/actor/lib/test/auto/ObjectToken1.xml
----------------- Instantiating /home/travis/build/icyphy/ptII/ptolemy/actor/lib/test/auto/ObjectToken1.xml
2 ms. Memory: 286720K Free: 151631K (53%)
----------------- Invoking toplevel() on ptolemy.moml.MoMLSimpleApplication@695645c
----------------- Done invoking toplevel() on ptolemy.moml.MoMLSimpleApplication@695645c
reloadAllAccessors: .ObjectToken1

===========================================================================================
----------------- testing Thu Oct 24 06:14:37 UTC 2019 /home/travis/build/icyphy/ptII/ptolemy/actor/lib/test/auto/OrderedMerge.xml
----------------- Instantiating /home/travis/build/icyphy/ptII/ptolemy/actor/lib/test/auto/OrderedMerge.xml
11 ms. Memory: 286720K Free: 145997K (51%)
----------------- Invoking toplevel() on ptolemy.moml.MoMLSimpleApplication@3ab4c2bb
----------------- Done invoking toplevel() on ptolemy.moml.MoMLSimpleApplication@3ab4c2bb
reloadAllAccessors: .OrderedMerge

===========================================================================================
----------------- testing Thu Oct 24 06:14:37 UTC 2019 /home/travis/build/icyphy/ptII/ptolemy/actor/lib/test/auto/OrderedRecordDisassembler.xml
----------------- Instantiating /home/travis/build/icyphy/ptII/ptolemy/actor/lib/test/auto/OrderedRecordDisassembler.xml
3 ms. Memory: 286720K Free: 140847K (49%)
----------------- Invoking toplevel() on ptolemy.moml.MoMLSimpleApplication@5660793b
----------------- Done invoking toplevel() on ptolemy.moml.MoMLSimpleApplication@5660793b
reloadAllAccessors: .OrderedRecordDisassembler

===========================================================================================
----------------- testing Thu Oct 24 06:14:37 UTC 2019 /home/travis/build/icyphy/ptII/ptolemy/actor/lib/test/auto/OrderedRecordDisassembler2.xml
----------------- Instantiating /home/travis/build/icyphy/ptII/ptolemy/actor/lib/test/auto/OrderedRecordDisassembler2.xml
8 ms. Memory: 286720K Free: 133199K (46%)
----------------- Invoking toplevel() on ptolemy.moml.MoMLSimpleApplication@3b35a1c7
----------------- Done invoking toplevel() on ptolemy.moml.MoMLSimpleApplication@3b35a1c7
reloadAllAccessors: .OrderedRecordDisassembler2

===========================================================================================
----------------- testing Thu Oct 24 06:14:37 UTC 2019 /home/travis/build/icyphy/ptII/ptolemy/actor/lib/test/auto/OrderedRecordUpdater.xml
----------------- Instantiating /home/travis/build/icyphy/ptII/ptolemy/actor/lib/test/auto/OrderedRecordUpdater.xml
1 ms. Memory: 286720K Free: 128589K (45%)
----------------- Invoking toplevel() on ptolemy.moml.MoMLSimpleApplication@511f716
----------------- Done invoking toplevel() on ptolemy.moml.MoMLSimpleApplication@511f716
reloadAllAccessors: .RecordUpdater

===========================================================================================
----------------- testing Thu Oct 24 06:14:37 UTC 2019 /home/travis/build/icyphy/ptII/ptolemy/actor/lib/test/auto/OrderedRecordUpdater2.xml
----------------- Instantiating /home/travis/build/icyphy/ptII/ptolemy/actor/lib/test/auto/OrderedRecordUpdater2.xml
2 ms. Memory: 286720K Free: 123469K (43%)
----------------- Invoking toplevel() on ptolemy.moml.MoMLSimpleApplication@4953bfd5
----------------- Done invoking toplevel() on ptolemy.moml.MoMLSimpleApplication@4953bfd5
reloadAllAccessors: .RecordUpdater2

===========================================================================================
----------------- testing Thu Oct 24 06:14:37 UTC 2019 /home/travis/build/icyphy/ptII/ptolemy/actor/lib/test/auto/PhaseUnwrap.xml
----------------- Instantiating /home/travis/build/icyphy/ptII/ptolemy/actor/lib/test/auto/PhaseUnwrap.xml
2 ms. Memory: 286720K Free: 118863K (41%)
----------------- Invoking toplevel() on ptolemy.moml.MoMLSimpleApplication@58a45cb4
----------------- Done invoking toplevel() on ptolemy.moml.MoMLSimpleApplication@58a45cb4
reloadAllAccessors: .PhaseUnwrap

===========================================================================================
----------------- testing Thu Oct 24 06:14:37 UTC 2019 /home/travis/build/icyphy/ptII/ptolemy/actor/lib/test/auto/PoissonClock.xml
----------------- Instantiating /home/travis/build/icyphy/ptII/ptolemy/actor/lib/test/auto/PoissonClock.xml
3 ms. Memory: 286720K Free: 114767K (40%)
----------------- Invoking toplevel() on ptolemy.moml.MoMLSimpleApplication@48d9bbf0
----------------- Done invoking toplevel() on ptolemy.moml.MoMLSimpleApplication@48d9bbf0
reloadAllAccessors: .PoissonClock

===========================================================================================
----------------- testing Thu Oct 24 06:14:37 UTC 2019 /home/travis/build/icyphy/ptII/ptolemy/actor/lib/test/auto/PoissonClock2.xml
----------------- Instantiating /home/travis/build/icyphy/ptII/ptolemy/actor/lib/test/auto/PoissonClock2.xml
1 ms. Memory: 286720K Free: 110157K (38%)
----------------- Invoking toplevel() on ptolemy.moml.MoMLSimpleApplication@4b9170d8
----------------- Done invoking toplevel() on ptolemy.moml.MoMLSimpleApplication@4b9170d8
reloadAllAccessors: .PoissonClock2

===========================================================================================
----------------- testing Thu Oct 24 06:14:37 UTC 2019 /home/travis/build/icyphy/ptII/ptolemy/actor/lib/test/auto/PoissonClock3.xml
----------------- Instantiating /home/travis/build/icyphy/ptII/ptolemy/actor/lib/test/auto/PoissonClock3.xml
1 ms. Memory: 286720K Free: 105551K (37%)
----------------- Invoking toplevel() on ptolemy.moml.MoMLSimpleApplication@40aefc0f
----------------- Done invoking toplevel() on ptolemy.moml.MoMLSimpleApplication@40aefc0f
reloadAllAccessors: .PoissonClock3

===========================================================================================
----------------- testing Thu Oct 24 06:14:37 UTC 2019 /home/travis/build/icyphy/ptII/ptolemy/actor/lib/test/auto/PubSubWithInitialTokens.xml
----------------- Instantiating /home/travis/build/icyphy/ptII/ptolemy/actor/lib/test/auto/PubSubWithInitialTokens.xml
3 ms. Memory: 286720K Free: 99911K (35%)
----------------- Invoking toplevel() on ptolemy.moml.MoMLSimpleApplication@82c785a
----------------- Done invoking toplevel() on ptolemy.moml.MoMLSimpleApplication@82c785a
reloadAllAccessors: .PubSubWithInitialTokens

===========================================================================================
----------------- testing Thu Oct 24 06:14:37 UTC 2019 /home/travis/build/icyphy/ptII/ptolemy/actor/lib/test/auto/PubSubWithInitialTokens2.xml
----------------- Instantiating /home/travis/build/icyphy/ptII/ptolemy/actor/lib/test/auto/PubSubWithInitialTokens2.xml
5 ms. Memory: 286720K Free: 93759K (33%)
----------------- Invoking toplevel() on ptolemy.moml.MoMLSimpleApplication@1a37f13b
----------------- Done invoking toplevel() on ptolemy.moml.MoMLSimpleApplication@1a37f13b
reloadAllAccessors: .PubSubWithInitialTokens2

===========================================================================================
----------------- testing Thu Oct 24 06:14:37 UTC 2019 /home/travis/build/icyphy/ptII/ptolemy/actor/lib/test/auto/PublisherClassNoParameter.xml
----------------- Instantiating /home/travis/build/icyphy/ptII/ptolemy/actor/lib/test/auto/PublisherClassNoParameter.xml
2 ms. Memory: 286720K Free: 83527K (29%)
----------------- Invoking toplevel() on ptolemy.moml.MoMLSimpleApplication@37abe7f0
----------------- Done invoking toplevel() on ptolemy.moml.MoMLSimpleApplication@37abe7f0
reloadAllAccessors: .PublisherClassNoParameter

===========================================================================================
----------------- testing Thu Oct 24 06:14:37 UTC 2019 /home/travis/build/icyphy/ptII/ptolemy/actor/lib/test/auto/PublisherClassParameter.xml
----------------- Instantiating /home/travis/build/icyphy/ptII/ptolemy/actor/lib/test/auto/PublisherClassParameter.xml
2 ms. Memory: 286720K Free: 73293K (26%)
----------------- Invoking toplevel() on ptolemy.moml.MoMLSimpleApplication@e27a99e
----------------- Done invoking toplevel() on ptolemy.moml.MoMLSimpleApplication@e27a99e
reloadAllAccessors: .PublisherClassParameter

===========================================================================================
----------------- testing Thu Oct 24 06:14:37 UTC 2019 /home/travis/build/icyphy/ptII/ptolemy/actor/lib/test/auto/PublisherNonStrictTest.xml
----------------- Instantiating /home/travis/build/icyphy/ptII/ptolemy/actor/lib/test/auto/PublisherNonStrictTest.xml
3 ms. Memory: 286720K Free: 234187K (82%)
----------------- Invoking toplevel() on ptolemy.moml.MoMLSimpleApplication@35cdeef3
----------------- Done invoking toplevel() on ptolemy.moml.MoMLSimpleApplication@35cdeef3
reloadAllAccessors: .PublisherNonStrictTest

===========================================================================================
----------------- testing Thu Oct 24 06:14:37 UTC 2019 /home/travis/build/icyphy/ptII/ptolemy/actor/lib/test/auto/PublisherPort1.xml
----------------- Instantiating /home/travis/build/icyphy/ptII/ptolemy/actor/lib/test/auto/PublisherPort1.xml
2 ms. Memory: 286720K Free: 228043K (80%)
----------------- Invoking toplevel() on ptolemy.moml.MoMLSimpleApplication@7d9dbf06
----------------- Done invoking toplevel() on ptolemy.moml.MoMLSimpleApplication@7d9dbf06
reloadAllAccessors: .PublisherPort1

===========================================================================================
----------------- testing Thu Oct 24 06:14:37 UTC 2019 /home/travis/build/icyphy/ptII/ptolemy/actor/lib/test/auto/PublisherPort2.xml
----------------- Instantiating /home/travis/build/icyphy/ptII/ptolemy/actor/lib/test/auto/PublisherPort2.xml
2 ms. Memory: 286720K Free: 222923K (78%)
----------------- Invoking toplevel() on ptolemy.moml.MoMLSimpleApplication@5046ebc6
----------------- Done invoking toplevel() on ptolemy.moml.MoMLSimpleApplication@5046ebc6
reloadAllAccessors: .PublisherPort2

===========================================================================================
----------------- testing Thu Oct 24 06:14:37 UTC 2019 /home/travis/build/icyphy/ptII/ptolemy/actor/lib/test/auto/PublisherPort3.xml
----------------- Instantiating /home/travis/build/icyphy/ptII/ptolemy/actor/lib/test/auto/PublisherPort3.xml
14 ms. Memory: 286720K Free: 216235K (75%)
----------------- Invoking toplevel() on ptolemy.moml.MoMLSimpleApplication@72ae7ec9
----------------- Done invoking toplevel() on ptolemy.moml.MoMLSimpleApplication@72ae7ec9
reloadAllAccessors: .PublisherPort3

===========================================================================================
----------------- testing Thu Oct 24 06:14:37 UTC 2019 /home/travis/build/icyphy/ptII/ptolemy/actor/lib/test/auto/PublisherPort4.xml
----------------- Instantiating /home/travis/build/icyphy/ptII/ptolemy/actor/lib/test/auto/PublisherPort4.xml
2 ms. Memory: 286720K Free: 210635K (73%)
----------------- Invoking toplevel() on ptolemy.moml.MoMLSimpleApplication@7fd817ef
----------------- Done invoking toplevel() on ptolemy.moml.MoMLSimpleApplication@7fd817ef
reloadAllAccessors: .PublisherPort4

===========================================================================================
----------------- testing Thu Oct 24 06:14:38 UTC 2019 /home/travis/build/icyphy/ptII/ptolemy/actor/lib/test/auto/PublisherPort5.xml
----------------- Instantiating /home/travis/build/icyphy/ptII/ptolemy/actor/lib/test/auto/PublisherPort5.xml
3 ms. Memory: 286720K Free: 202953K (71%)
----------------- Invoking toplevel() on ptolemy.moml.MoMLSimpleApplication@41cc3f3
----------------- Done invoking toplevel() on ptolemy.moml.MoMLSimpleApplication@41cc3f3
reloadAllAccessors: .PublisherPort5

===========================================================================================
----------------- testing Thu Oct 24 06:14:38 UTC 2019 /home/travis/build/icyphy/ptII/ptolemy/actor/lib/test/auto/PublisherPort5LookAlike.xml
----------------- Instantiating /home/travis/build/icyphy/ptII/ptolemy/actor/lib/test/auto/PublisherPort5LookAlike.xml
8 ms. Memory: 286720K Free: 195275K (68%)
----------------- Invoking toplevel() on ptolemy.moml.MoMLSimpleApplication@68cb75a2
----------------- Done invoking toplevel() on ptolemy.moml.MoMLSimpleApplication@68cb75a2
reloadAllAccessors: .PublisherPort5LookAlike

===========================================================================================
----------------- testing Thu Oct 24 06:14:38 UTC 2019 /home/travis/build/icyphy/ptII/ptolemy/actor/lib/test/auto/PublisherPort6.xml
----------------- Instantiating /home/travis/build/icyphy/ptII/ptolemy/actor/lib/test/auto/PublisherPort6.xml
2 ms. Memory: 286720K Free: 188603K (66%)
----------------- Invoking toplevel() on ptolemy.moml.MoMLSimpleApplication@67d7c409
----------------- Done invoking toplevel() on ptolemy.moml.MoMLSimpleApplication@67d7c409
reloadAllAccessors: .PublisherPort6

===========================================================================================
----------------- testing Thu Oct 24 06:14:38 UTC 2019 /home/travis/build/icyphy/ptII/ptolemy/actor/lib/test/auto/PublisherPort7.xml
----------------- Instantiating /home/travis/build/icyphy/ptII/ptolemy/actor/lib/test/auto/PublisherPort7.xml
4 ms. Memory: 286720K Free: 180939K (63%)
----------------- Invoking toplevel() on ptolemy.moml.MoMLSimpleApplication@739a6e24
----------------- Done invoking toplevel() on ptolemy.moml.MoMLSimpleApplication@739a6e24
reloadAllAccessors: .PublisherPort7

===========================================================================================
----------------- testing Thu Oct 24 06:14:38 UTC 2019 /home/travis/build/icyphy/ptII/ptolemy/actor/lib/test/auto/PublisherPort8.xml
----------------- Instantiating /home/travis/build/icyphy/ptII/ptolemy/actor/lib/test/auto/PublisherPort8.xml
4 ms. Memory: 286720K Free: 171723K (60%)
----------------- Invoking toplevel() on ptolemy.moml.MoMLSimpleApplication@1e178657
----------------- Done invoking toplevel() on ptolemy.moml.MoMLSimpleApplication@1e178657
reloadAllAccessors: .PublisherPort8

===========================================================================================
----------------- testing Thu Oct 24 06:14:38 UTC 2019 /home/travis/build/icyphy/ptII/ptolemy/actor/lib/test/auto/PublisherPortSubscriberChannelVariablesAOC2.xml
----------------- Instantiating /home/travis/build/icyphy/ptII/ptolemy/actor/lib/test/auto/PublisherPortSubscriberChannelVariablesAOC2.xml
2 ms. Memory: 286720K Free: 154315K (54%)
----------------- Invoking toplevel() on ptolemy.moml.MoMLSimpleApplication@5132500d
----------------- Done invoking toplevel() on ptolemy.moml.MoMLSimpleApplication@5132500d
reloadAllAccessors: .PublisherPortSubscriberChannelVariablesAOC2

===========================================================================================
----------------- testing Thu Oct 24 06:14:38 UTC 2019 /home/travis/build/icyphy/ptII/ptolemy/actor/lib/test/auto/PublisherPortSubscriberOpaqueWidthInference.xml
----------------- Instantiating /home/travis/build/icyphy/ptII/ptolemy/actor/lib/test/auto/PublisherPortSubscriberOpaqueWidthInference.xml
3 ms. Memory: 286720K Free: 146619K (51%)
----------------- Invoking toplevel() on ptolemy.moml.MoMLSimpleApplication@6768958c
----------------- Done invoking toplevel() on ptolemy.moml.MoMLSimpleApplication@6768958c
reloadAllAccessors: .PublisherPortSubscriberOpaqueWidthInference

===========================================================================================
----------------- testing Thu Oct 24 06:14:38 UTC 2019 /home/travis/build/icyphy/ptII/ptolemy/actor/lib/test/auto/PublisherPortSubscriberPortAdjacent.xml
----------------- Instantiating /home/travis/build/icyphy/ptII/ptolemy/actor/lib/test/auto/PublisherPortSubscriberPortAdjacent.xml
1 ms. Memory: 286720K Free: 138441K (48%)
----------------- Invoking toplevel() on ptolemy.moml.MoMLSimpleApplication@24e78dd3
----------------- Done invoking toplevel() on ptolemy.moml.MoMLSimpleApplication@24e78dd3
reloadAllAccessors: .PublisherPortSubscriberPortAdjacent

===========================================================================================
----------------- testing Thu Oct 24 06:14:38 UTC 2019 /home/travis/build/icyphy/ptII/ptolemy/actor/lib/test/auto/PublisherPortSubscriberPortExpression.xml
----------------- Instantiating /home/travis/build/icyphy/ptII/ptolemy/actor/lib/test/auto/PublisherPortSubscriberPortExpression.xml
4 ms. Memory: 286720K Free: 130235K (45%)
----------------- Invoking toplevel() on ptolemy.moml.MoMLSimpleApplication@75575c5
----------------- Done invoking toplevel() on ptolemy.moml.MoMLSimpleApplication@75575c5
reloadAllAccessors: .PublisherPortSubscriberPortExpression

===========================================================================================
----------------- testing Thu Oct 24 06:14:38 UTC 2019 /home/travis/build/icyphy/ptII/ptolemy/actor/lib/test/auto/PublisherPortSubscriberPortOpaqueD3Reverse.xml
----------------- Instantiating /home/travis/build/icyphy/ptII/ptolemy/actor/lib/test/auto/PublisherPortSubscriberPortOpaqueD3Reverse.xml
7 ms. Memory: 286720K Free: 120009K (42%)
----------------- Invoking toplevel() on ptolemy.moml.MoMLSimpleApplication@607f9561
----------------- Done invoking toplevel() on ptolemy.moml.MoMLSimpleApplication@607f9561
reloadAllAccessors: .PublisherPortSubscriberPortOpaqueD3Reverse

===========================================================================================
----------------- testing Thu Oct 24 06:14:38 UTC 2019 /home/travis/build/icyphy/ptII/ptolemy/actor/lib/test/auto/PublisherPortSubscriberPortOpaqueWidthInference.xml
----------------- Instantiating /home/travis/build/icyphy/ptII/ptolemy/actor/lib/test/auto/PublisherPortSubscriberPortOpaqueWidthInference.xml
3 ms. Memory: 286720K Free: 112331K (39%)
----------------- Invoking toplevel() on ptolemy.moml.MoMLSimpleApplication@4823f1b3
----------------- Done invoking toplevel() on ptolemy.moml.MoMLSimpleApplication@4823f1b3
reloadAllAccessors: .PublisherPortSubscriberPortOpaqueWidthInference

===========================================================================================
----------------- testing Thu Oct 24 06:14:38 UTC 2019 /home/travis/build/icyphy/ptII/ptolemy/actor/lib/test/auto/PublisherPortToplevelSubscriberPortAOC.xml
----------------- Instantiating /home/travis/build/icyphy/ptII/ptolemy/actor/lib/test/auto/PublisherPortToplevelSubscriberPortAOC.xml
.PublisherPortToplevelSubscriberPortAOC.TestExceptionAttribute: initialize() was not invoked, but wrapup() was.  This is unusual, but not always a problem.  For example, exporting JNLP will do this.
1 ms. Memory: 286720K Free: 106187K (37%)
----------------- Invoking toplevel() on ptolemy.moml.MoMLSimpleApplication@475bc38c
----------------- Done invoking toplevel() on ptolemy.moml.MoMLSimpleApplication@475bc38c
reloadAllAccessors: .PublisherPortToplevelSubscriberPortAOC

===========================================================================================
----------------- testing Thu Oct 24 06:14:38 UTC 2019 /home/travis/build/icyphy/ptII/ptolemy/actor/lib/test/auto/PublisherSubscriber.xml
----------------- Instantiating /home/travis/build/icyphy/ptII/ptolemy/actor/lib/test/auto/PublisherSubscriber.xml
3 ms. Memory: 286720K Free: 98475K (34%)
----------------- Invoking toplevel() on ptolemy.moml.MoMLSimpleApplication@567c747c
----------------- Done invoking toplevel() on ptolemy.moml.MoMLSimpleApplication@567c747c
reloadAllAccessors: .PublisherSubscriber

===========================================================================================
----------------- testing Thu Oct 24 06:14:38 UTC 2019 /home/travis/build/icyphy/ptII/ptolemy/actor/lib/test/auto/PublisherSubscriber10.xml
----------------- Instantiating /home/travis/build/icyphy/ptII/ptolemy/actor/lib/test/auto/PublisherSubscriber10.xml
6 ms. Memory: 286720K Free: 88779K (31%)
----------------- Invoking toplevel() on ptolemy.moml.MoMLSimpleApplication@4a494c3e
----------------- Done invoking toplevel() on ptolemy.moml.MoMLSimpleApplication@4a494c3e
reloadAllAccessors: .PublisherSubscriber10

===========================================================================================
----------------- testing Thu Oct 24 06:14:38 UTC 2019 /home/travis/build/icyphy/ptII/ptolemy/actor/lib/test/auto/PublisherSubscriber10InitialOutputs.xml
----------------- Instantiating /home/travis/build/icyphy/ptII/ptolemy/actor/lib/test/auto/PublisherSubscriber10InitialOutputs.xml
17 ms. Memory: 286720K Free: 79563K (28%)
----------------- Invoking toplevel() on ptolemy.moml.MoMLSimpleApplication@502f4e2b
----------------- Done invoking toplevel() on ptolemy.moml.MoMLSimpleApplication@502f4e2b
reloadAllAccessors: .PublisherSubscriber10InitialOutputs

===========================================================================================
----------------- testing Thu Oct 24 06:14:38 UTC 2019 /home/travis/build/icyphy/ptII/ptolemy/actor/lib/test/auto/PublisherSubscriber11.xml
----------------- Instantiating /home/travis/build/icyphy/ptII/ptolemy/actor/lib/test/auto/PublisherSubscriber11.xml
3 ms. Memory: 286720K Free: 73419K (26%)
----------------- Invoking toplevel() on ptolemy.moml.MoMLSimpleApplication@70d78bde
----------------- Done invoking toplevel() on ptolemy.moml.MoMLSimpleApplication@70d78bde
reloadAllAccessors: .PublisherSubscriber11

===========================================================================================
----------------- testing Thu Oct 24 06:14:38 UTC 2019 /home/travis/build/icyphy/ptII/ptolemy/actor/lib/test/auto/PublisherSubscriber12.xml
----------------- Instantiating /home/travis/build/icyphy/ptII/ptolemy/actor/lib/test/auto/PublisherSubscriber12.xml
2 ms. Memory: 286720K Free: 235845K (82%)
----------------- Invoking toplevel() on ptolemy.moml.MoMLSimpleApplication@7337f118
----------------- Done invoking toplevel() on ptolemy.moml.MoMLSimpleApplication@7337f118
reloadAllAccessors: .PublisherSubscriber12

===========================================================================================
----------------- testing Thu Oct 24 06:14:38 UTC 2019 /home/travis/build/icyphy/ptII/ptolemy/actor/lib/test/auto/PublisherSubscriber13.xml
----------------- Instantiating /home/travis/build/icyphy/ptII/ptolemy/actor/lib/test/auto/PublisherSubscriber13.xml
2 ms. Memory: 286720K Free: 229671K (80%)
----------------- Invoking toplevel() on ptolemy.moml.MoMLSimpleApplication@2335f99d
----------------- Done invoking toplevel() on ptolemy.moml.MoMLSimpleApplication@2335f99d
reloadAllAccessors: .PublisherSubscriber13

===========================================================================================
----------------- testing Thu Oct 24 06:14:38 UTC 2019 /home/travis/build/icyphy/ptII/ptolemy/actor/lib/test/auto/PublisherSubscriber14.xml
----------------- Instantiating /home/travis/build/icyphy/ptII/ptolemy/actor/lib/test/auto/PublisherSubscriber14.xml
2 ms. Memory: 286720K Free: 220999K (77%)
----------------- Invoking toplevel() on ptolemy.moml.MoMLSimpleApplication@7703c7df
----------------- Done invoking toplevel() on ptolemy.moml.MoMLSimpleApplication@7703c7df
reloadAllAccessors: .PublisherSubscriber14

===========================================================================================
----------------- testing Thu Oct 24 06:14:38 UTC 2019 /home/travis/build/icyphy/ptII/ptolemy/actor/lib/test/auto/PublisherSubscriber2.xml
----------------- Instantiating /home/travis/build/icyphy/ptII/ptolemy/actor/lib/test/auto/PublisherSubscriber2.xml
3 ms. Memory: 286720K Free: 215335K (75%)
----------------- Invoking toplevel() on ptolemy.moml.MoMLSimpleApplication@5dd12fb
----------------- Done invoking toplevel() on ptolemy.moml.MoMLSimpleApplication@5dd12fb
reloadAllAccessors: .PublisherSubscriber2

===========================================================================================
----------------- testing Thu Oct 24 06:14:38 UTC 2019 /home/travis/build/icyphy/ptII/ptolemy/actor/lib/test/auto/PublisherSubscriber3.xml
----------------- Instantiating /home/travis/build/icyphy/ptII/ptolemy/actor/lib/test/auto/PublisherSubscriber3.xml
2 ms. Memory: 286720K Free: 209735K (73%)
----------------- Invoking toplevel() on ptolemy.moml.MoMLSimpleApplication@617d69a9
----------------- Done invoking toplevel() on ptolemy.moml.MoMLSimpleApplication@617d69a9
reloadAllAccessors: .PublisherSubscriber3

===========================================================================================
----------------- testing Thu Oct 24 06:14:38 UTC 2019 /home/travis/build/icyphy/ptII/ptolemy/actor/lib/test/auto/PublisherSubscriber4.xml
----------------- Instantiating /home/travis/build/icyphy/ptII/ptolemy/actor/lib/test/auto/PublisherSubscriber4.xml
2 ms. Memory: 286720K Free: 204615K (71%)
----------------- Invoking toplevel() on ptolemy.moml.MoMLSimpleApplication@7c0a994c
----------------- Done invoking toplevel() on ptolemy.moml.MoMLSimpleApplication@7c0a994c
reloadAllAccessors: .PublisherSubscriber4

===========================================================================================
----------------- testing Thu Oct 24 06:14:38 UTC 2019 /home/travis/build/icyphy/ptII/ptolemy/actor/lib/test/auto/PublisherSubscriber5.xml
----------------- Instantiating /home/travis/build/icyphy/ptII/ptolemy/actor/lib/test/auto/PublisherSubscriber5.xml
2 ms. Memory: 286720K Free: 197447K (69%)
----------------- Invoking toplevel() on ptolemy.moml.MoMLSimpleApplication@6fb3f99c
----------------- Done invoking toplevel() on ptolemy.moml.MoMLSimpleApplication@6fb3f99c
reloadAllAccessors: .PublisherSubscriber5

===========================================================================================
----------------- testing Thu Oct 24 06:14:38 UTC 2019 /home/travis/build/icyphy/ptII/ptolemy/actor/lib/test/auto/PublisherSubscriber6.xml
----------------- Instantiating /home/travis/build/icyphy/ptII/ptolemy/actor/lib/test/auto/PublisherSubscriber6.xml
4 ms. Memory: 286720K Free: 190775K (67%)
----------------- Invoking toplevel() on ptolemy.moml.MoMLSimpleApplication@4b6c6844
----------------- Done invoking toplevel() on ptolemy.moml.MoMLSimpleApplication@4b6c6844
reloadAllAccessors: .PublisherSubscriber6

===========================================================================================
----------------- testing Thu Oct 24 06:14:38 UTC 2019 /home/travis/build/icyphy/ptII/ptolemy/actor/lib/test/auto/PublisherSubscriber7.xml
----------------- Instantiating /home/travis/build/icyphy/ptII/ptolemy/actor/lib/test/auto/PublisherSubscriber7.xml
7 ms. Memory: 286720K Free: 184135K (64%)
----------------- Invoking toplevel() on ptolemy.moml.MoMLSimpleApplication@5ffaebad
----------------- Done invoking toplevel() on ptolemy.moml.MoMLSimpleApplication@5ffaebad
reloadAllAccessors: .PublisherSubscriber7

===========================================================================================
----------------- testing Thu Oct 24 06:14:38 UTC 2019 /home/travis/build/icyphy/ptII/ptolemy/actor/lib/test/auto/PublisherSubscriber8.xml
----------------- Instantiating /home/travis/build/icyphy/ptII/ptolemy/actor/lib/test/auto/PublisherSubscriber8.xml
17 ms. Memory: 286720K Free: 172357K (60%)
----------------- Invoking toplevel() on ptolemy.moml.MoMLSimpleApplication@198248b3
----------------- Done invoking toplevel() on ptolemy.moml.MoMLSimpleApplication@198248b3
reloadAllAccessors: .PublisherSubscriber8

===========================================================================================
----------------- testing Thu Oct 24 06:14:38 UTC 2019 /home/travis/build/icyphy/ptII/ptolemy/actor/lib/test/auto/PublisherSubscriber9.xml
----------------- Instantiating /home/travis/build/icyphy/ptII/ptolemy/actor/lib/test/auto/PublisherSubscriber9.xml
2 ms. Memory: 286720K Free: 165175K (58%)
----------------- Invoking toplevel() on ptolemy.moml.MoMLSimpleApplication@1322e3ed
----------------- Done invoking toplevel() on ptolemy.moml.MoMLSimpleApplication@1322e3ed
reloadAllAccessors: .PublisherSubscriber9

===========================================================================================
----------------- testing Thu Oct 24 06:14:38 UTC 2019 /home/travis/build/icyphy/ptII/ptolemy/actor/lib/test/auto/PublisherSubscriberAdjacent.xml
----------------- Instantiating /home/travis/build/icyphy/ptII/ptolemy/actor/lib/test/auto/PublisherSubscriberAdjacent.xml
2 ms. Memory: 286720K Free: 156487K (55%)
----------------- Invoking toplevel() on ptolemy.moml.MoMLSimpleApplication@2bdf2062
----------------- Done invoking toplevel() on ptolemy.moml.MoMLSimpleApplication@2bdf2062
reloadAllAccessors: .PublisherSubscriberAdjacent

===========================================================================================
----------------- testing Thu Oct 24 06:14:38 UTC 2019 /home/travis/build/icyphy/ptII/ptolemy/actor/lib/test/auto/PublisherSubscriberChannelVariablesAOC2.xml
----------------- Instantiating /home/travis/build/icyphy/ptII/ptolemy/actor/lib/test/auto/PublisherSubscriberChannelVariablesAOC2.xml
3 ms. Memory: 286720K Free: 141623K (49%)
----------------- Invoking toplevel() on ptolemy.moml.MoMLSimpleApplication@13423749
----------------- Done invoking toplevel() on ptolemy.moml.MoMLSimpleApplication@13423749
reloadAllAccessors: .PublisherSubscriberChannelVariablesAOC2

===========================================================================================
----------------- testing Thu Oct 24 06:14:38 UTC 2019 /home/travis/build/icyphy/ptII/ptolemy/actor/lib/test/auto/PublisherSubscriberD3.xml
----------------- Instantiating /home/travis/build/icyphy/ptII/ptolemy/actor/lib/test/auto/PublisherSubscriberD3.xml
2 ms. Memory: 286720K Free: 134469K (47%)
----------------- Invoking toplevel() on ptolemy.moml.MoMLSimpleApplication@582d269a
----------------- Done invoking toplevel() on ptolemy.moml.MoMLSimpleApplication@582d269a
reloadAllAccessors: .PublisherSubscriberD3

===========================================================================================
----------------- testing Thu Oct 24 06:14:38 UTC 2019 /home/travis/build/icyphy/ptII/ptolemy/actor/lib/test/auto/PublisherSubscriberD3Reverse.xml
----------------- Instantiating /home/travis/build/icyphy/ptII/ptolemy/actor/lib/test/auto/PublisherSubscriberD3Reverse.xml
2 ms. Memory: 286720K Free: 128325K (45%)
----------------- Invoking toplevel() on ptolemy.moml.MoMLSimpleApplication@3d9e4af6
----------------- Done invoking toplevel() on ptolemy.moml.MoMLSimpleApplication@3d9e4af6
reloadAllAccessors: .PublisherSubscriberD3Reverse

===========================================================================================
----------------- testing Thu Oct 24 06:14:38 UTC 2019 /home/travis/build/icyphy/ptII/ptolemy/actor/lib/test/auto/PublisherSubscriberExpression.xml
----------------- Instantiating /home/travis/build/icyphy/ptII/ptolemy/actor/lib/test/auto/PublisherSubscriberExpression.xml
4 ms. Memory: 286720K Free: 120119K (42%)
----------------- Invoking toplevel() on ptolemy.moml.MoMLSimpleApplication@7125b402
----------------- Done invoking toplevel() on ptolemy.moml.MoMLSimpleApplication@7125b402
reloadAllAccessors: .PublisherSubscriberExpression

===========================================================================================
----------------- testing Thu Oct 24 06:14:38 UTC 2019 /home/travis/build/icyphy/ptII/ptolemy/actor/lib/test/auto/PublisherSubscriberOpaque.xml
----------------- Instantiating /home/travis/build/icyphy/ptII/ptolemy/actor/lib/test/auto/PublisherSubscriberOpaque.xml
3 ms. Memory: 286720K Free: 111431K (39%)
----------------- Invoking toplevel() on ptolemy.moml.MoMLSimpleApplication@7c1c8e7b
----------------- Done invoking toplevel() on ptolemy.moml.MoMLSimpleApplication@7c1c8e7b
reloadAllAccessors: .PublisherSubscriberOpaque

===========================================================================================
----------------- testing Thu Oct 24 06:14:38 UTC 2019 /home/travis/build/icyphy/ptII/ptolemy/actor/lib/test/auto/PublisherSubscriberOpaqueD3.xml
----------------- Instantiating /home/travis/build/icyphy/ptII/ptolemy/actor/lib/test/auto/PublisherSubscriberOpaqueD3.xml
5 ms. Memory: 286720K Free: 100167K (35%)
----------------- Invoking toplevel() on ptolemy.moml.MoMLSimpleApplication@3ed210e1
----------------- Done invoking toplevel() on ptolemy.moml.MoMLSimpleApplication@3ed210e1
reloadAllAccessors: .PublisherSubscriberOpaqueD3

===========================================================================================
----------------- testing Thu Oct 24 06:14:38 UTC 2019 /home/travis/build/icyphy/ptII/ptolemy/actor/lib/test/auto/PublisherSubscriberOpaqueD3Reverse.xml
----------------- Instantiating /home/travis/build/icyphy/ptII/ptolemy/actor/lib/test/auto/PublisherSubscriberOpaqueD3Reverse.xml
8 ms. Memory: 286720K Free: 89413K (31%)
----------------- Invoking toplevel() on ptolemy.moml.MoMLSimpleApplication@56d1f43
----------------- Done invoking toplevel() on ptolemy.moml.MoMLSimpleApplication@56d1f43
reloadAllAccessors: .PublisherSubscriberOpaqueD3Reverse

===========================================================================================
----------------- testing Thu Oct 24 06:14:38 UTC 2019 /home/travis/build/icyphy/ptII/ptolemy/actor/lib/test/auto/PublisherSubscriberOpaqueWidthInference.xml
----------------- Instantiating /home/travis/build/icyphy/ptII/ptolemy/actor/lib/test/auto/PublisherSubscriberOpaqueWidthInference.xml
5 ms. Memory: 286720K Free: 81207K (28%)
----------------- Invoking toplevel() on ptolemy.moml.MoMLSimpleApplication@582194e4
----------------- Done invoking toplevel() on ptolemy.moml.MoMLSimpleApplication@582194e4
reloadAllAccessors: .PublisherSubscriberOpaqueWidthInference

===========================================================================================
----------------- testing Thu Oct 24 06:14:38 UTC 2019 /home/travis/build/icyphy/ptII/ptolemy/actor/lib/test/auto/PublisherTestSubscriber.xml
----------------- Instantiating /home/travis/build/icyphy/ptII/ptolemy/actor/lib/test/auto/PublisherTestSubscriber.xml
3 ms. Memory: 286720K Free: 73543K (26%)
----------------- Invoking toplevel() on ptolemy.moml.MoMLSimpleApplication@15a4cfbe
----------------- Done invoking toplevel() on ptolemy.moml.MoMLSimpleApplication@15a4cfbe
reloadAllAccessors: .PublisherTestSubscriber

===========================================================================================
----------------- testing Thu Oct 24 06:14:38 UTC 2019 /home/travis/build/icyphy/ptII/ptolemy/actor/lib/test/auto/PublisherToplevelSubscriberPortAOC.xml
----------------- Instantiating /home/travis/build/icyphy/ptII/ptolemy/actor/lib/test/auto/PublisherToplevelSubscriberPortAOC.xml
2 ms. Memory: 286720K Free: 235311K (82%)
----------------- Invoking toplevel() on ptolemy.moml.MoMLSimpleApplication@2230c226
----------------- Done invoking toplevel() on ptolemy.moml.MoMLSimpleApplication@2230c226
reloadAllAccessors: .PublisherToplevelSubscriberPortAOC

===========================================================================================
----------------- testing Thu Oct 24 06:14:38 UTC 2019 /home/travis/build/icyphy/ptII/ptolemy/actor/lib/test/auto/PulseFiringLimitDE.xml
----------------- Instantiating /home/travis/build/icyphy/ptII/ptolemy/actor/lib/test/auto/PulseFiringLimitDE.xml
2 ms. Memory: 286720K Free: 228653K (80%)
----------------- Invoking toplevel() on ptolemy.moml.MoMLSimpleApplication@485d18a3
----------------- Done invoking toplevel() on ptolemy.moml.MoMLSimpleApplication@485d18a3
reloadAllAccessors: .PulseFiringLimitDE

===========================================================================================
----------------- testing Thu Oct 24 06:14:38 UTC 2019 /home/travis/build/icyphy/ptII/ptolemy/actor/lib/test/auto/Ramp1.xml
----------------- Instantiating /home/travis/build/icyphy/ptII/ptolemy/actor/lib/test/auto/Ramp1.xml
1 ms. Memory: 286720K Free: 224551K (78%)
----------------- Invoking toplevel() on ptolemy.moml.MoMLSimpleApplication@ea985d
----------------- Done invoking toplevel() on ptolemy.moml.MoMLSimpleApplication@ea985d
reloadAllAccessors: .Ramp1

===========================================================================================
----------------- testing Thu Oct 24 06:14:38 UTC 2019 /home/travis/build/icyphy/ptII/ptolemy/actor/lib/test/auto/RampFiringLimitDE.xml
----------------- Instantiating /home/travis/build/icyphy/ptII/ptolemy/actor/lib/test/auto/RampFiringLimitDE.xml
2 ms. Memory: 286720K Free: 218399K (76%)
----------------- Invoking toplevel() on ptolemy.moml.MoMLSimpleApplication@6fe001a9
----------------- Done invoking toplevel() on ptolemy.moml.MoMLSimpleApplication@6fe001a9
reloadAllAccessors: .RampFiringLimitDE

===========================================================================================
----------------- testing Thu Oct 24 06:14:38 UTC 2019 /home/travis/build/icyphy/ptII/ptolemy/actor/lib/test/auto/RampFiringLimitSDF.xml
----------------- Instantiating /home/travis/build/icyphy/ptII/ptolemy/actor/lib/test/auto/RampFiringLimitSDF.xml
2 ms. Memory: 286720K Free: 213263K (74%)
----------------- Invoking toplevel() on ptolemy.moml.MoMLSimpleApplication@651bd69
----------------- Done invoking toplevel() on ptolemy.moml.MoMLSimpleApplication@651bd69
reloadAllAccessors: .RampFiringLimitSDF

===========================================================================================
----------------- testing Thu Oct 24 06:14:38 UTC 2019 /home/travis/build/icyphy/ptII/ptolemy/actor/lib/test/auto/RandomInteger.xml
----------------- Instantiating /home/travis/build/icyphy/ptII/ptolemy/actor/lib/test/auto/RandomInteger.xml
1 ms. Memory: 286720K Free: 208687K (73%)
----------------- Invoking toplevel() on ptolemy.moml.MoMLSimpleApplication@3f3d6b43
----------------- Done invoking toplevel() on ptolemy.moml.MoMLSimpleApplication@3f3d6b43
reloadAllAccessors: .RandomInteger

===========================================================================================
----------------- testing Thu Oct 24 06:14:38 UTC 2019 /home/travis/build/icyphy/ptII/ptolemy/actor/lib/test/auto/ReadFile1.xml
----------------- Instantiating /home/travis/build/icyphy/ptII/ptolemy/actor/lib/test/auto/ReadFile1.xml
1 ms. Memory: 286720K Free: 204063K (71%)
----------------- Invoking toplevel() on ptolemy.moml.MoMLSimpleApplication@12238b56
----------------- Done invoking toplevel() on ptolemy.moml.MoMLSimpleApplication@12238b56
reloadAllAccessors: .ReadFile1

===========================================================================================
----------------- testing Thu Oct 24 06:14:38 UTC 2019 /home/travis/build/icyphy/ptII/ptolemy/actor/lib/test/auto/ReadFile2.xml
----------------- Instantiating /home/travis/build/icyphy/ptII/ptolemy/actor/lib/test/auto/ReadFile2.xml
0 ms. Memory: 286720K Free: 199981K (70%)
----------------- Invoking toplevel() on ptolemy.moml.MoMLSimpleApplication@7972221e
----------------- Done invoking toplevel() on ptolemy.moml.MoMLSimpleApplication@7972221e
reloadAllAccessors: .ReadFile2

===========================================================================================
----------------- testing Thu Oct 24 06:14:38 UTC 2019 /home/travis/build/icyphy/ptII/ptolemy/actor/lib/test/auto/Reader.xml
----------------- Instantiating /home/travis/build/icyphy/ptII/ptolemy/actor/lib/test/auto/Reader.xml
actor.lib.Reader is obsolete, use actor.lib.io.ExpressionReader instead
2 ms. Memory: 286720K Free: 195885K (68%)
----------------- Invoking toplevel() on ptolemy.moml.MoMLSimpleApplication@7949ab23
----------------- Done invoking toplevel() on ptolemy.moml.MoMLSimpleApplication@7949ab23
reloadAllAccessors: .Reader

===========================================================================================
----------------- testing Thu Oct 24 06:14:38 UTC 2019 /home/travis/build/icyphy/ptII/ptolemy/actor/lib/test/auto/RecordAssemblerDisplayNameTest.xml
----------------- Instantiating /home/travis/build/icyphy/ptII/ptolemy/actor/lib/test/auto/RecordAssemblerDisplayNameTest.xml
3430 ms. Memory: 286720K Free: 146745K (51%)
----------------- Invoking toplevel() on ptolemy.moml.MoMLSimpleApplication@721aaeda
----------------- Done invoking toplevel() on ptolemy.moml.MoMLSimpleApplication@721aaeda
reloadAllAccessors: .RecordAssemblerDisplayNameTest

===========================================================================================
----------------- testing Thu Oct 24 06:14:42 UTC 2019 /home/travis/build/icyphy/ptII/ptolemy/actor/lib/test/auto/RecordAssemblerTypeError.xml
----------------- Instantiating /home/travis/build/icyphy/ptII/ptolemy/actor/lib/test/auto/RecordAssemblerTypeError.xml
17 ms. Memory: 286720K Free: 137019K (48%)
----------------- Invoking toplevel() on ptolemy.moml.MoMLSimpleApplication@52f776a6
----------------- Done invoking toplevel() on ptolemy.moml.MoMLSimpleApplication@52f776a6
reloadAllAccessors: .RecordAssemblerTypeError

===========================================================================================
----------------- testing Thu Oct 24 06:14:42 UTC 2019 /home/travis/build/icyphy/ptII/ptolemy/actor/lib/test/auto/RecordDisassember.xml
----------------- Instantiating /home/travis/build/icyphy/ptII/ptolemy/actor/lib/test/auto/RecordDisassember.xml
3 ms. Memory: 286720K Free: 131899K (46%)
----------------- Invoking toplevel() on ptolemy.moml.MoMLSimpleApplication@ec3a9f
----------------- Done invoking toplevel() on ptolemy.moml.MoMLSimpleApplication@ec3a9f
reloadAllAccessors: .RecordDisassember

===========================================================================================
----------------- testing Thu Oct 24 06:14:42 UTC 2019 /home/travis/build/icyphy/ptII/ptolemy/actor/lib/test/auto/RecordDisassemberDisplayNameTest.xml
----------------- Instantiating /home/travis/build/icyphy/ptII/ptolemy/actor/lib/test/auto/RecordDisassemberDisplayNameTest.xml
6 ms. Memory: 286720K Free: 124217K (43%)
----------------- Invoking toplevel() on ptolemy.moml.MoMLSimpleApplication@4d0e8277
----------------- Done invoking toplevel() on ptolemy.moml.MoMLSimpleApplication@4d0e8277
reloadAllAccessors: .RecordDisassemberDisplayNameTest

===========================================================================================
----------------- testing Thu Oct 24 06:14:42 UTC 2019 /home/travis/build/icyphy/ptII/ptolemy/actor/lib/test/auto/RecordDisassembler.xml
----------------- Instantiating /home/travis/build/icyphy/ptII/ptolemy/actor/lib/test/auto/RecordDisassembler.xml
2 ms. Memory: 286720K Free: 119091K (42%)
----------------- Invoking toplevel() on ptolemy.moml.MoMLSimpleApplication@7a4ebd7f
----------------- Done invoking toplevel() on ptolemy.moml.MoMLSimpleApplication@7a4ebd7f
reloadAllAccessors: .RecordDisassembler

===========================================================================================
----------------- testing Thu Oct 24 06:14:42 UTC 2019 /home/travis/build/icyphy/ptII/ptolemy/actor/lib/test/auto/RecordDisassembler2.xml
----------------- Instantiating /home/travis/build/icyphy/ptII/ptolemy/actor/lib/test/auto/RecordDisassembler2.xml
3 ms. Memory: 286720K Free: 113963K (40%)
----------------- Invoking toplevel() on ptolemy.moml.MoMLSimpleApplication@2043e425
----------------- Done invoking toplevel() on ptolemy.moml.MoMLSimpleApplication@2043e425
reloadAllAccessors: .RecordDisassembler2

===========================================================================================
----------------- testing Thu Oct 24 06:14:42 UTC 2019 /home/travis/build/icyphy/ptII/ptolemy/actor/lib/test/auto/RecordUpdater.xml
----------------- Instantiating /home/travis/build/icyphy/ptII/ptolemy/actor/lib/test/auto/RecordUpdater.xml
2 ms. Memory: 286720K Free: 108347K (38%)
----------------- Invoking toplevel() on ptolemy.moml.MoMLSimpleApplication@432f57ae
----------------- Done invoking toplevel() on ptolemy.moml.MoMLSimpleApplication@432f57ae
reloadAllAccessors: .RecordUpdater

===========================================================================================
----------------- testing Thu Oct 24 06:14:42 UTC 2019 /home/travis/build/icyphy/ptII/ptolemy/actor/lib/test/auto/RecordUpdater2.xml
----------------- Instantiating /home/travis/build/icyphy/ptII/ptolemy/actor/lib/test/auto/RecordUpdater2.xml
2 ms. Memory: 286720K Free: 103227K (36%)
----------------- Invoking toplevel() on ptolemy.moml.MoMLSimpleApplication@2fc058ca
----------------- Done invoking toplevel() on ptolemy.moml.MoMLSimpleApplication@2fc058ca
reloadAllAccessors: .RecordUpdater2

===========================================================================================
----------------- testing Thu Oct 24 06:14:42 UTC 2019 /home/travis/build/icyphy/ptII/ptolemy/actor/lib/test/auto/RecursiveLattice.xml
----------------- Instantiating /home/travis/build/icyphy/ptII/ptolemy/actor/lib/test/auto/RecursiveLattice.xml
1 ms. Memory: 286720K Free: 99131K (35%)
----------------- Invoking toplevel() on ptolemy.moml.MoMLSimpleApplication@ca68196
----------------- Done invoking toplevel() on ptolemy.moml.MoMLSimpleApplication@ca68196
reloadAllAccessors: .RecursiveLattice

===========================================================================================
----------------- testing Thu Oct 24 06:14:42 UTC 2019 /home/travis/build/icyphy/ptII/ptolemy/actor/lib/test/auto/Router.xml
----------------- Instantiating /home/travis/build/icyphy/ptII/ptolemy/actor/lib/test/auto/Router.xml
3003 ms. Memory: 286720K Free: 88377K (31%)
----------------- Invoking toplevel() on ptolemy.moml.MoMLSimpleApplication@1411c230
----------------- Done invoking toplevel() on ptolemy.moml.MoMLSimpleApplication@1411c230
reloadAllAccessors: .Router

===========================================================================================
----------------- testing Thu Oct 24 06:14:45 UTC 2019 /home/travis/build/icyphy/ptII/ptolemy/actor/lib/test/auto/Router2.xml
----------------- Instantiating /home/travis/build/icyphy/ptII/ptolemy/actor/lib/test/auto/Router2.xml
3003 ms. Memory: 286720K Free: 75579K (26%)
----------------- Invoking toplevel() on ptolemy.moml.MoMLSimpleApplication@dc8d2b1
----------------- Done invoking toplevel() on ptolemy.moml.MoMLSimpleApplication@dc8d2b1
reloadAllAccessors: .Router2

===========================================================================================
----------------- testing Thu Oct 24 06:14:48 UTC 2019 /home/travis/build/icyphy/ptII/ptolemy/actor/lib/test/auto/RunningMaximum.xml
----------------- Instantiating /home/travis/build/icyphy/ptII/ptolemy/actor/lib/test/auto/RunningMaximum.xml
3 ms. Memory: 286720K Free: 70969K (25%)
----------------- Invoking toplevel() on ptolemy.moml.MoMLSimpleApplication@585a83c5
----------------- Done invoking toplevel() on ptolemy.moml.MoMLSimpleApplication@585a83c5
reloadAllAccessors: .RunningMaximum

===========================================================================================
----------------- testing Thu Oct 24 06:14:48 UTC 2019 /home/travis/build/icyphy/ptII/ptolemy/actor/lib/test/auto/RunningMinimum.xml
----------------- Instantiating /home/travis/build/icyphy/ptII/ptolemy/actor/lib/test/auto/RunningMinimum.xml
10 ms. Memory: 286720K Free: 236131K (82%)
----------------- Invoking toplevel() on ptolemy.moml.MoMLSimpleApplication@66b312b0
----------------- Done invoking toplevel() on ptolemy.moml.MoMLSimpleApplication@66b312b0
reloadAllAccessors: .RunningMinimum

===========================================================================================
----------------- testing Thu Oct 24 06:14:48 UTC 2019 /home/travis/build/icyphy/ptII/ptolemy/actor/lib/test/auto/Scale.xml
----------------- Instantiating /home/travis/build/icyphy/ptII/ptolemy/actor/lib/test/auto/Scale.xml
2 ms. Memory: 286720K Free: 231011K (81%)
----------------- Invoking toplevel() on ptolemy.moml.MoMLSimpleApplication@6ef7af92
----------------- Done invoking toplevel() on ptolemy.moml.MoMLSimpleApplication@6ef7af92
reloadAllAccessors: .Scale

===========================================================================================
----------------- testing Thu Oct 24 06:14:48 UTC 2019 /home/travis/build/icyphy/ptII/ptolemy/actor/lib/test/auto/Scale2.xml
----------------- Instantiating /home/travis/build/icyphy/ptII/ptolemy/actor/lib/test/auto/Scale2.xml
1 ms. Memory: 286720K Free: 226401K (79%)
----------------- Invoking toplevel() on ptolemy.moml.MoMLSimpleApplication@3c67a427
----------------- Done invoking toplevel() on ptolemy.moml.MoMLSimpleApplication@3c67a427
reloadAllAccessors: .Scale2

===========================================================================================
----------------- testing Thu Oct 24 06:14:48 UTC 2019 /home/travis/build/icyphy/ptII/ptolemy/actor/lib/test/auto/Scale3.xml
----------------- Instantiating /home/travis/build/icyphy/ptII/ptolemy/actor/lib/test/auto/Scale3.xml
3 ms. Memory: 286720K Free: 220257K (77%)
----------------- Invoking toplevel() on ptolemy.moml.MoMLSimpleApplication@4a97989c
----------------- Done invoking toplevel() on ptolemy.moml.MoMLSimpleApplication@4a97989c
reloadAllAccessors: .Scale3

===========================================================================================
----------------- testing Thu Oct 24 06:14:48 UTC 2019 /home/travis/build/icyphy/ptII/ptolemy/actor/lib/test/auto/ScaleArray.xml
----------------- Instantiating /home/travis/build/icyphy/ptII/ptolemy/actor/lib/test/auto/ScaleArray.xml
1 ms. Memory: 286720K Free: 215137K (75%)
----------------- Invoking toplevel() on ptolemy.moml.MoMLSimpleApplication@4cf8448c
----------------- Done invoking toplevel() on ptolemy.moml.MoMLSimpleApplication@4cf8448c
reloadAllAccessors: .ScaleArray

===========================================================================================
----------------- testing Thu Oct 24 06:14:48 UTC 2019 /home/travis/build/icyphy/ptII/ptolemy/actor/lib/test/auto/ScaleArray2.xml
----------------- Instantiating /home/travis/build/icyphy/ptII/ptolemy/actor/lib/test/auto/ScaleArray2.xml
1 ms. Memory: 286720K Free: 210531K (73%)
----------------- Invoking toplevel() on ptolemy.moml.MoMLSimpleApplication@78eb63e6
----------------- Done invoking toplevel() on ptolemy.moml.MoMLSimpleApplication@78eb63e6
reloadAllAccessors: .ScaleArray2

===========================================================================================
----------------- testing Thu Oct 24 06:14:48 UTC 2019 /home/travis/build/icyphy/ptII/ptolemy/actor/lib/test/auto/ScaleMatrix.xml
----------------- Instantiating /home/travis/build/icyphy/ptII/ptolemy/actor/lib/test/auto/ScaleMatrix.xml
175 ms. Memory: 286720K Free: 196195K (68%)
----------------- Invoking toplevel() on ptolemy.moml.MoMLSimpleApplication@1e80316
----------------- Done invoking toplevel() on ptolemy.moml.MoMLSimpleApplication@1e80316
reloadAllAccessors: .ScaleMatrix

===========================================================================================
----------------- testing Thu Oct 24 06:14:48 UTC 2019 /home/travis/build/icyphy/ptII/ptolemy/actor/lib/test/auto/Select.xml
----------------- Instantiating /home/travis/build/icyphy/ptII/ptolemy/actor/lib/test/auto/Select.xml
2 ms. Memory: 286720K Free: 190051K (66%)
----------------- Invoking toplevel() on ptolemy.moml.MoMLSimpleApplication@4d5d186b
----------------- Done invoking toplevel() on ptolemy.moml.MoMLSimpleApplication@4d5d186b
reloadAllAccessors: .Select

===========================================================================================
----------------- testing Thu Oct 24 06:14:48 UTC 2019 /home/travis/build/icyphy/ptII/ptolemy/actor/lib/test/auto/Select2.xml
----------------- Instantiating /home/travis/build/icyphy/ptII/ptolemy/actor/lib/test/auto/Select2.xml
1 ms. Memory: 286720K Free: 184931K (64%)
----------------- Invoking toplevel() on ptolemy.moml.MoMLSimpleApplication@db69c1c
----------------- Done invoking toplevel() on ptolemy.moml.MoMLSimpleApplication@db69c1c
reloadAllAccessors: .Select2

===========================================================================================
----------------- testing Thu Oct 24 06:14:48 UTC 2019 /home/travis/build/icyphy/ptII/ptolemy/actor/lib/test/auto/SequenceToArray2.xml
----------------- Instantiating /home/travis/build/icyphy/ptII/ptolemy/actor/lib/test/auto/SequenceToArray2.xml
92 ms. Memory: 286720K Free: 160865K (56%)
----------------- Invoking toplevel() on ptolemy.moml.MoMLSimpleApplication@3fcf3a29
----------------- Done invoking toplevel() on ptolemy.moml.MoMLSimpleApplication@3fcf3a29
reloadAllAccessors: .SequenceToArray2

===========================================================================================
----------------- testing Thu Oct 24 06:14:49 UTC 2019 /home/travis/build/icyphy/ptII/ptolemy/actor/lib/test/auto/SequentialClock.xml
----------------- Instantiating /home/travis/build/icyphy/ptII/ptolemy/actor/lib/test/auto/SequentialClock.xml
1 ms. Memory: 286720K Free: 156769K (55%)
----------------- Invoking toplevel() on ptolemy.moml.MoMLSimpleApplication@610adcd4
----------------- Done invoking toplevel() on ptolemy.moml.MoMLSimpleApplication@610adcd4
reloadAllAccessors: .SequentialClock

===========================================================================================
----------------- testing Thu Oct 24 06:14:49 UTC 2019 /home/travis/build/icyphy/ptII/ptolemy/actor/lib/test/auto/SetVariable.xml
----------------- Instantiating /home/travis/build/icyphy/ptII/ptolemy/actor/lib/test/auto/SetVariable.xml
3 ms. Memory: 286720K Free: 151649K (53%)
----------------- Invoking toplevel() on ptolemy.moml.MoMLSimpleApplication@6d56bc15
----------------- Done invoking toplevel() on ptolemy.moml.MoMLSimpleApplication@6d56bc15
reloadAllAccessors: .SetVariable

===========================================================================================
----------------- testing Thu Oct 24 06:14:49 UTC 2019 /home/travis/build/icyphy/ptII/ptolemy/actor/lib/test/auto/SetVariable2.xml
----------------- Instantiating /home/travis/build/icyphy/ptII/ptolemy/actor/lib/test/auto/SetVariable2.xml
2 ms. Memory: 286720K Free: 146529K (51%)
----------------- Invoking toplevel() on ptolemy.moml.MoMLSimpleApplication@71371e4c
----------------- Done invoking toplevel() on ptolemy.moml.MoMLSimpleApplication@71371e4c
reloadAllAccessors: .SetVariable2

===========================================================================================
----------------- testing Thu Oct 24 06:14:49 UTC 2019 /home/travis/build/icyphy/ptII/ptolemy/actor/lib/test/auto/SetVariable3.xml
----------------- Instantiating /home/travis/build/icyphy/ptII/ptolemy/actor/lib/test/auto/SetVariable3.xml
7 ms. Memory: 286720K Free: 141409K (49%)
----------------- Invoking toplevel() on ptolemy.moml.MoMLSimpleApplication@b18e259
----------------- Done invoking toplevel() on ptolemy.moml.MoMLSimpleApplication@b18e259
reloadAllAccessors: .SetVariable3

===========================================================================================
----------------- testing Thu Oct 24 06:14:49 UTC 2019 /home/travis/build/icyphy/ptII/ptolemy/actor/lib/test/auto/SetVariable4.xml
----------------- Instantiating /home/travis/build/icyphy/ptII/ptolemy/actor/lib/test/auto/SetVariable4.xml
21 ms. Memory: 286720K Free: 131169K (46%)
----------------- Invoking toplevel() on ptolemy.moml.MoMLSimpleApplication@161442df
----------------- Done invoking toplevel() on ptolemy.moml.MoMLSimpleApplication@161442df
reloadAllAccessors: .SetVariable4

===========================================================================================
----------------- testing Thu Oct 24 06:14:49 UTC 2019 /home/travis/build/icyphy/ptII/ptolemy/actor/lib/test/auto/SetVariable5.xml
----------------- Instantiating /home/travis/build/icyphy/ptII/ptolemy/actor/lib/test/auto/SetVariable5.xml
19 ms. Memory: 286720K Free: 121939K (43%)
----------------- Invoking toplevel() on ptolemy.moml.MoMLSimpleApplication@253bea9f
----------------- Done invoking toplevel() on ptolemy.moml.MoMLSimpleApplication@253bea9f
reloadAllAccessors: .SetVariable5

===========================================================================================
----------------- testing Thu Oct 24 06:14:49 UTC 2019 /home/travis/build/icyphy/ptII/ptolemy/actor/lib/test/auto/Sinewave.xml
----------------- Instantiating /home/travis/build/icyphy/ptII/ptolemy/actor/lib/test/auto/Sinewave.xml
5 ms. Memory: 286720K Free: 111203K (39%)
----------------- Invoking toplevel() on ptolemy.moml.MoMLSimpleApplication@5cdd581d
----------------- Done invoking toplevel() on ptolemy.moml.MoMLSimpleApplication@5cdd581d
reloadAllAccessors: .Sinewave

===========================================================================================
----------------- testing Thu Oct 24 06:14:49 UTC 2019 /home/travis/build/icyphy/ptII/ptolemy/actor/lib/test/auto/Sinewave2.xml
----------------- Instantiating /home/travis/build/icyphy/ptII/ptolemy/actor/lib/test/auto/Sinewave2.xml
8 ms. Memory: 286720K Free: 102483K (36%)
----------------- Invoking toplevel() on ptolemy.moml.MoMLSimpleApplication@8e1358d
----------------- Done invoking toplevel() on ptolemy.moml.MoMLSimpleApplication@8e1358d
reloadAllAccessors: .Sinewave2

===========================================================================================
----------------- testing Thu Oct 24 06:14:49 UTC 2019 /home/travis/build/icyphy/ptII/ptolemy/actor/lib/test/auto/Sinewave3.xml
----------------- Instantiating /home/travis/build/icyphy/ptII/ptolemy/actor/lib/test/auto/Sinewave3.xml
9 ms. Memory: 286720K Free: 94275K (33%)
----------------- Invoking toplevel() on ptolemy.moml.MoMLSimpleApplication@65e91c32
----------------- Done invoking toplevel() on ptolemy.moml.MoMLSimpleApplication@65e91c32
reloadAllAccessors: .Sinewave3

===========================================================================================
----------------- testing Thu Oct 24 06:14:49 UTC 2019 /home/travis/build/icyphy/ptII/ptolemy/actor/lib/test/auto/SingleEvent.xml
----------------- Instantiating /home/travis/build/icyphy/ptII/ptolemy/actor/lib/test/auto/SingleEvent.xml
1 ms. Memory: 286720K Free: 90209K (31%)
----------------- Invoking toplevel() on ptolemy.moml.MoMLSimpleApplication@7f9b6462
----------------- Done invoking toplevel() on ptolemy.moml.MoMLSimpleApplication@7f9b6462
reloadAllAccessors: .SingleEvent

===========================================================================================
----------------- testing Thu Oct 24 06:14:49 UTC 2019 /home/travis/build/icyphy/ptII/ptolemy/actor/lib/test/auto/Sleep.xml
----------------- Instantiating /home/travis/build/icyphy/ptII/ptolemy/actor/lib/test/auto/Sleep.xml
6003 ms. Memory: 286720K Free: 84035K (29%)
----------------- Invoking toplevel() on ptolemy.moml.MoMLSimpleApplication@1e4c75b9
----------------- Done invoking toplevel() on ptolemy.moml.MoMLSimpleApplication@1e4c75b9
reloadAllAccessors: .Sleep

===========================================================================================
----------------- testing Thu Oct 24 06:14:55 UTC 2019 /home/travis/build/icyphy/ptII/ptolemy/actor/lib/test/auto/SleepMultipleFire.xml
----------------- Instantiating /home/travis/build/icyphy/ptII/ptolemy/actor/lib/test/auto/SleepMultipleFire.xml
1015 ms. Memory: 286720K Free: 78435K (27%)
----------------- Invoking toplevel() on ptolemy.moml.MoMLSimpleApplication@1ebeefa0
----------------- Done invoking toplevel() on ptolemy.moml.MoMLSimpleApplication@1ebeefa0
reloadAllAccessors: .SleepMultipleFire

===========================================================================================
----------------- testing Thu Oct 24 06:14:56 UTC 2019 /home/travis/build/icyphy/ptII/ptolemy/actor/lib/test/auto/StopDE.xml
----------------- Instantiating /home/travis/build/icyphy/ptII/ptolemy/actor/lib/test/auto/StopDE.xml
4 ms. Memory: 286720K Free: 72801K (25%)
----------------- Invoking toplevel() on ptolemy.moml.MoMLSimpleApplication@51dc77d1
----------------- Done invoking toplevel() on ptolemy.moml.MoMLSimpleApplication@51dc77d1
reloadAllAccessors: .StopDE

===========================================================================================
----------------- testing Thu Oct 24 06:14:56 UTC 2019 /home/travis/build/icyphy/ptII/ptolemy/actor/lib/test/auto/StopSDF.xml
----------------- Instantiating /home/travis/build/icyphy/ptII/ptolemy/actor/lib/test/auto/StopSDF.xml
11 ms. Memory: 286720K Free: 237091K (83%)
----------------- Invoking toplevel() on ptolemy.moml.MoMLSimpleApplication@37552fa
----------------- Done invoking toplevel() on ptolemy.moml.MoMLSimpleApplication@37552fa
reloadAllAccessors: .StopSDF

===========================================================================================
----------------- testing Thu Oct 24 06:14:56 UTC 2019 /home/travis/build/icyphy/ptII/ptolemy/actor/lib/test/auto/StringConstant.xml
----------------- Instantiating /home/travis/build/icyphy/ptII/ptolemy/actor/lib/test/auto/StringConstant.xml
10 ms. Memory: 286720K Free: 232478K (81%)
----------------- Invoking toplevel() on ptolemy.moml.MoMLSimpleApplication@6333372b
----------------- Done invoking toplevel() on ptolemy.moml.MoMLSimpleApplication@6333372b
reloadAllAccessors: .StringConstant

===========================================================================================
----------------- testing Thu Oct 24 06:14:56 UTC 2019 /home/travis/build/icyphy/ptII/ptolemy/actor/lib/test/auto/SubscriberPortInitialValues1.xml
----------------- Instantiating /home/travis/build/icyphy/ptII/ptolemy/actor/lib/test/auto/SubscriberPortInitialValues1.xml
12 ms. Memory: 286720K Free: 223265K (78%)
----------------- Invoking toplevel() on ptolemy.moml.MoMLSimpleApplication@48c42217
----------------- Done invoking toplevel() on ptolemy.moml.MoMLSimpleApplication@48c42217
reloadAllAccessors: .SubscriberPortInitialValues1

===========================================================================================
----------------- testing Thu Oct 24 06:14:56 UTC 2019 /home/travis/build/icyphy/ptII/ptolemy/actor/lib/test/auto/SubscriberPortInitialValues13.xml
----------------- Instantiating /home/travis/build/icyphy/ptII/ptolemy/actor/lib/test/auto/SubscriberPortInitialValues13.xml
7 ms. Memory: 286720K Free: 210467K (73%)
----------------- Invoking toplevel() on ptolemy.moml.MoMLSimpleApplication@6e181671
----------------- Done invoking toplevel() on ptolemy.moml.MoMLSimpleApplication@6e181671
reloadAllAccessors: .SubscriberPortInitialValues13

===========================================================================================
----------------- testing Thu Oct 24 06:14:56 UTC 2019 /home/travis/build/icyphy/ptII/ptolemy/actor/lib/test/auto/SubscriberPortInitialValues14.xml
----------------- Instantiating /home/travis/build/icyphy/ptII/ptolemy/actor/lib/test/auto/SubscriberPortInitialValues14.xml
12 ms. Memory: 286720K Free: 202785K (71%)
----------------- Invoking toplevel() on ptolemy.moml.MoMLSimpleApplication@157ef84f
----------------- Done invoking toplevel() on ptolemy.moml.MoMLSimpleApplication@157ef84f
reloadAllAccessors: .SubscriberPortInitialValues14

===========================================================================================
----------------- testing Thu Oct 24 06:14:56 UTC 2019 /home/travis/build/icyphy/ptII/ptolemy/actor/lib/test/auto/SubscriberPortInitialValues2.xml
----------------- Instantiating /home/travis/build/icyphy/ptII/ptolemy/actor/lib/test/auto/SubscriberPortInitialValues2.xml
9 ms. Memory: 286720K Free: 195107K (68%)
----------------- Invoking toplevel() on ptolemy.moml.MoMLSimpleApplication@177dfce2
----------------- Done invoking toplevel() on ptolemy.moml.MoMLSimpleApplication@177dfce2
reloadAllAccessors: .SubscriberPortInitialValues2

===========================================================================================
----------------- testing Thu Oct 24 06:14:56 UTC 2019 /home/travis/build/icyphy/ptII/ptolemy/actor/lib/test/auto/SubscriberPortInitialValues3.xml
----------------- Instantiating /home/travis/build/icyphy/ptII/ptolemy/actor/lib/test/auto/SubscriberPortInitialValues3.xml
4 ms. Memory: 286720K Free: 184353K (64%)
----------------- Invoking toplevel() on ptolemy.moml.MoMLSimpleApplication@72a1ae00
----------------- Done invoking toplevel() on ptolemy.moml.MoMLSimpleApplication@72a1ae00
reloadAllAccessors: .SubscriberPortInitialValues3

===========================================================================================
----------------- testing Thu Oct 24 06:14:56 UTC 2019 /home/travis/build/icyphy/ptII/ptolemy/actor/lib/test/auto/SubscriptionAggregator.xml
----------------- Instantiating /home/travis/build/icyphy/ptII/ptolemy/actor/lib/test/auto/SubscriptionAggregator.xml
3 ms. Memory: 286720K Free: 177171K (62%)
----------------- Invoking toplevel() on ptolemy.moml.MoMLSimpleApplication@2857bbf8
----------------- Done invoking toplevel() on ptolemy.moml.MoMLSimpleApplication@2857bbf8
reloadAllAccessors: .SubscriptionAggregator

===========================================================================================
----------------- testing Thu Oct 24 06:14:56 UTC 2019 /home/travis/build/icyphy/ptII/ptolemy/actor/lib/test/auto/SubscriptionAggregator2.xml
----------------- Instantiating /home/travis/build/icyphy/ptII/ptolemy/actor/lib/test/auto/SubscriptionAggregator2.xml
3 ms. Memory: 286720K Free: 170531K (59%)
----------------- Invoking toplevel() on ptolemy.moml.MoMLSimpleApplication@4a7b584d
----------------- Done invoking toplevel() on ptolemy.moml.MoMLSimpleApplication@4a7b584d
reloadAllAccessors: .SubscriptionAggregator2

===========================================================================================
----------------- testing Thu Oct 24 06:14:56 UTC 2019 /home/travis/build/icyphy/ptII/ptolemy/actor/lib/test/auto/SubscriptionAggregator3.xml
----------------- Instantiating /home/travis/build/icyphy/ptII/ptolemy/actor/lib/test/auto/SubscriptionAggregator3.xml
4 ms. Memory: 286720K Free: 161811K (56%)
----------------- Invoking toplevel() on ptolemy.moml.MoMLSimpleApplication@72ed6c6d
----------------- Done invoking toplevel() on ptolemy.moml.MoMLSimpleApplication@72ed6c6d
reloadAllAccessors: .SubscriptionAggregator3

===========================================================================================
----------------- testing Thu Oct 24 06:14:56 UTC 2019 /home/travis/build/icyphy/ptII/ptolemy/actor/lib/test/auto/SubscriptionAggregatorMultiply.xml
----------------- Instantiating /home/travis/build/icyphy/ptII/ptolemy/actor/lib/test/auto/SubscriptionAggregatorMultiply.xml
3 ms. Memory: 286720K Free: 153123K (53%)
----------------- Invoking toplevel() on ptolemy.moml.MoMLSimpleApplication@4ddce140
----------------- Done invoking toplevel() on ptolemy.moml.MoMLSimpleApplication@4ddce140
reloadAllAccessors: .SubscriptionAggregatorMultiply

===========================================================================================
----------------- testing Thu Oct 24 06:14:56 UTC 2019 /home/travis/build/icyphy/ptII/ptolemy/actor/lib/test/auto/SubscriptionAggregatorPortMultiply1.xml
----------------- Instantiating /home/travis/build/icyphy/ptII/ptolemy/actor/lib/test/auto/SubscriptionAggregatorPortMultiply1.xml
3 ms. Memory: 286720K Free: 144931K (51%)
----------------- Invoking toplevel() on ptolemy.moml.MoMLSimpleApplication@5bfb2c81
----------------- Done invoking toplevel() on ptolemy.moml.MoMLSimpleApplication@5bfb2c81
reloadAllAccessors: .SubscriptionAggregatorPortMultiply1

===========================================================================================
----------------- testing Thu Oct 24 06:14:56 UTC 2019 /home/travis/build/icyphy/ptII/ptolemy/actor/lib/test/auto/Switch.xml
----------------- Instantiating /home/travis/build/icyphy/ptII/ptolemy/actor/lib/test/auto/Switch.xml
10 ms. Memory: 286720K Free: 136739K (48%)
----------------- Invoking toplevel() on ptolemy.moml.MoMLSimpleApplication@73864696
----------------- Done invoking toplevel() on ptolemy.moml.MoMLSimpleApplication@73864696
reloadAllAccessors: .Switch

===========================================================================================
----------------- testing Thu Oct 24 06:14:56 UTC 2019 /home/travis/build/icyphy/ptII/ptolemy/actor/lib/test/auto/Switch2.xml
----------------- Instantiating /home/travis/build/icyphy/ptII/ptolemy/actor/lib/test/auto/Switch2.xml
1 ms. Memory: 286720K Free: 132129K (46%)
----------------- Invoking toplevel() on ptolemy.moml.MoMLSimpleApplication@5adcb8ad
----------------- Done invoking toplevel() on ptolemy.moml.MoMLSimpleApplication@5adcb8ad
reloadAllAccessors: .Switch2

===========================================================================================
----------------- testing Thu Oct 24 06:14:56 UTC 2019 /home/travis/build/icyphy/ptII/ptolemy/actor/lib/test/auto/SwitchDE.xml
----------------- Instantiating /home/travis/build/icyphy/ptII/ptolemy/actor/lib/test/auto/SwitchDE.xml
3 ms. Memory: 286720K Free: 125955K (44%)
----------------- Invoking toplevel() on ptolemy.moml.MoMLSimpleApplication@4302998c
----------------- Done invoking toplevel() on ptolemy.moml.MoMLSimpleApplication@4302998c
reloadAllAccessors: .SwitchDE

===========================================================================================
----------------- testing Thu Oct 24 06:14:56 UTC 2019 /home/travis/build/icyphy/ptII/ptolemy/actor/lib/test/auto/SynchronizerDE.xml
----------------- Instantiating /home/travis/build/icyphy/ptII/ptolemy/actor/lib/test/auto/SynchronizerDE.xml
9 ms. Memory: 286720K Free: 117763K (41%)
----------------- Invoking toplevel() on ptolemy.moml.MoMLSimpleApplication@1c6fd34c
----------------- Done invoking toplevel() on ptolemy.moml.MoMLSimpleApplication@1c6fd34c
reloadAllAccessors: .SynchronizerDE

===========================================================================================
----------------- testing Thu Oct 24 06:14:56 UTC 2019 /home/travis/build/icyphy/ptII/ptolemy/actor/lib/test/auto/Test.xml
----------------- Instantiating /home/travis/build/icyphy/ptII/ptolemy/actor/lib/test/auto/Test.xml
2 ms. Memory: 286720K Free: 112163K (39%)
----------------- Invoking toplevel() on ptolemy.moml.MoMLSimpleApplication@1536afab
----------------- Done invoking toplevel() on ptolemy.moml.MoMLSimpleApplication@1536afab
reloadAllAccessors: .Test

===========================================================================================
----------------- testing Thu Oct 24 06:14:56 UTC 2019 /home/travis/build/icyphy/ptII/ptolemy/actor/lib/test/auto/TestExceptionAttribute1.xml
----------------- Instantiating /home/travis/build/icyphy/ptII/ptolemy/actor/lib/test/auto/TestExceptionAttribute1.xml
1 ms. Memory: 286720K Free: 108577K (38%)
----------------- Invoking toplevel() on ptolemy.moml.MoMLSimpleApplication@537d12d9
----------------- Done invoking toplevel() on ptolemy.moml.MoMLSimpleApplication@537d12d9
reloadAllAccessors: .TestExceptionAttribute1

===========================================================================================
----------------- testing Thu Oct 24 06:14:56 UTC 2019 /home/travis/build/icyphy/ptII/ptolemy/actor/lib/test/auto/TestExceptionAttribute2.xml
----------------- Instantiating /home/travis/build/icyphy/ptII/ptolemy/actor/lib/test/auto/TestExceptionAttribute2.xml
1 ms. Memory: 286720K Free: 104995K (37%)
----------------- Invoking toplevel() on ptolemy.moml.MoMLSimpleApplication@1c486430
----------------- Done invoking toplevel() on ptolemy.moml.MoMLSimpleApplication@1c486430
reloadAllAccessors: .TestExceptionAttribute2

===========================================================================================
----------------- testing Thu Oct 24 06:14:56 UTC 2019 /home/travis/build/icyphy/ptII/ptolemy/actor/lib/test/auto/TestExceptionAttribute3.xml
----------------- Instantiating /home/travis/build/icyphy/ptII/ptolemy/actor/lib/test/auto/TestExceptionAttribute3.xml
.TestExceptionAttribute3.TestExceptionAttribute: initialize() was not invoked, but wrapup() was.  This is unusual, but not always a problem.  For example, exporting JNLP will do this.
1 ms. Memory: 286720K Free: 101409K (35%)
----------------- Invoking toplevel() on ptolemy.moml.MoMLSimpleApplication@5d8c4a3
----------------- Done invoking toplevel() on ptolemy.moml.MoMLSimpleApplication@5d8c4a3
reloadAllAccessors: .TestExceptionAttribute3

===========================================================================================
----------------- testing Thu Oct 24 06:14:56 UTC 2019 /home/travis/build/icyphy/ptII/ptolemy/actor/lib/test/auto/TestExceptionAttribute4.xml
----------------- Instantiating /home/travis/build/icyphy/ptII/ptolemy/actor/lib/test/auto/TestExceptionAttribute4.xml
.TestExceptionAttribute4.TestExceptionAttribute: initialize() was not invoked, but wrapup() was.  This is unusual, but not always a problem.  For example, exporting JNLP will do this.
.TestExceptionAttribute4.TestExceptionAttribute2: initialize() was not invoked, but wrapup() was.  This is unusual, but not always a problem.  For example, exporting JNLP will do this.
0 ms. Memory: 286720K Free: 96803K (34%)
----------------- Invoking toplevel() on ptolemy.moml.MoMLSimpleApplication@443aa72d
----------------- Done invoking toplevel() on ptolemy.moml.MoMLSimpleApplication@443aa72d
reloadAllAccessors: .TestExceptionAttribute4

===========================================================================================
----------------- testing Thu Oct 24 06:14:56 UTC 2019 /home/travis/build/icyphy/ptII/ptolemy/actor/lib/test/auto/TestExceptionHandler1.xml
----------------- Instantiating /home/travis/build/icyphy/ptII/ptolemy/actor/lib/test/auto/TestExceptionHandler1.xml
1 ms. Memory: 286720K Free: 93217K (33%)
----------------- Invoking toplevel() on ptolemy.moml.MoMLSimpleApplication@21904782
----------------- Done invoking toplevel() on ptolemy.moml.MoMLSimpleApplication@21904782
reloadAllAccessors: .TestExceptionHandler1

===========================================================================================
----------------- testing Thu Oct 24 06:14:56 UTC 2019 /home/travis/build/icyphy/ptII/ptolemy/actor/lib/test/auto/TestExceptionHandler2.xml
----------------- Instantiating /home/travis/build/icyphy/ptII/ptolemy/actor/lib/test/auto/TestExceptionHandler2.xml
2 ms. Memory: 286720K Free: 89635K (31%)
----------------- Invoking toplevel() on ptolemy.moml.MoMLSimpleApplication@11f08a9d
----------------- Done invoking toplevel() on ptolemy.moml.MoMLSimpleApplication@11f08a9d
reloadAllAccessors: .TestExceptionHandler2

===========================================================================================
----------------- testing Thu Oct 24 06:14:56 UTC 2019 /home/travis/build/icyphy/ptII/ptolemy/actor/lib/test/auto/TestExceptionHandler3.xml
----------------- Instantiating /home/travis/build/icyphy/ptII/ptolemy/actor/lib/test/auto/TestExceptionHandler3.xml
0 ms. Memory: 286720K Free: 86049K (30%)
----------------- Invoking toplevel() on ptolemy.moml.MoMLSimpleApplication@745d81b9
----------------- Done invoking toplevel() on ptolemy.moml.MoMLSimpleApplication@745d81b9
reloadAllAccessors: .TestExceptionHandler3

===========================================================================================
----------------- testing Thu Oct 24 06:14:56 UTC 2019 /home/travis/build/icyphy/ptII/ptolemy/actor/lib/test/auto/TestExceptionHandler4.xml
----------------- Instantiating /home/travis/build/icyphy/ptII/ptolemy/actor/lib/test/auto/TestExceptionHandler4.xml
1 ms. Memory: 286720K Free: 81443K (28%)
----------------- Invoking toplevel() on ptolemy.moml.MoMLSimpleApplication@55e5bbff
----------------- Done invoking toplevel() on ptolemy.moml.MoMLSimpleApplication@55e5bbff
reloadAllAccessors: .TestExceptionHandler4

===========================================================================================
----------------- testing Thu Oct 24 06:14:56 UTC 2019 /home/travis/build/icyphy/ptII/ptolemy/actor/lib/test/auto/TestRequireCorrectOrder.xml
----------------- Instantiating /home/travis/build/icyphy/ptII/ptolemy/actor/lib/test/auto/TestRequireCorrectOrder.xml
4 ms. Memory: 286720K Free: 76323K (27%)
----------------- Invoking toplevel() on ptolemy.moml.MoMLSimpleApplication@3d4099e3
----------------- Done invoking toplevel() on ptolemy.moml.MoMLSimpleApplication@3d4099e3
reloadAllAccessors: .TestRequireCorrectOrder

===========================================================================================
----------------- testing Thu Oct 24 06:14:56 UTC 2019 /home/travis/build/icyphy/ptII/ptolemy/actor/lib/test/auto/TestSimple.xml
----------------- Instantiating /home/travis/build/icyphy/ptII/ptolemy/actor/lib/test/auto/TestSimple.xml
2 ms. Memory: 286720K Free: 71707K (25%)
----------------- Invoking toplevel() on ptolemy.moml.MoMLSimpleApplication@597207f8
----------------- Done invoking toplevel() on ptolemy.moml.MoMLSimpleApplication@597207f8
reloadAllAccessors: .TestSimple

===========================================================================================
----------------- testing Thu Oct 24 06:14:56 UTC 2019 /home/travis/build/icyphy/ptII/ptolemy/actor/lib/test/auto/ThrowModelError.xml
----------------- Instantiating /home/travis/build/icyphy/ptII/ptolemy/actor/lib/test/auto/ThrowModelError.xml
1 ms. Memory: 286720K Free: 236876K (83%)
----------------- Invoking toplevel() on ptolemy.moml.MoMLSimpleApplication@72da09ba
----------------- Done invoking toplevel() on ptolemy.moml.MoMLSimpleApplication@72da09ba
reloadAllAccessors: .ThrowModelError

===========================================================================================
----------------- testing Thu Oct 24 06:14:56 UTC 2019 /home/travis/build/icyphy/ptII/ptolemy/actor/lib/test/auto/TimeDelayMicrosteps.xml
----------------- Instantiating /home/travis/build/icyphy/ptII/ptolemy/actor/lib/test/auto/TimeDelayMicrosteps.xml
3 ms. Memory: 286720K Free: 229708K (80%)
----------------- Invoking toplevel() on ptolemy.moml.MoMLSimpleApplication@6ca09e38
----------------- Done invoking toplevel() on ptolemy.moml.MoMLSimpleApplication@6ca09e38
reloadAllAccessors: .TimeDelayMicrosteps

===========================================================================================
----------------- testing Thu Oct 24 06:14:56 UTC 2019 /home/travis/build/icyphy/ptII/ptolemy/actor/lib/test/auto/TimeDelayMicrosteps2.xml
----------------- Instantiating /home/travis/build/icyphy/ptII/ptolemy/actor/lib/test/auto/TimeDelayMicrosteps2.xml
3 ms. Memory: 286720K Free: 222540K (78%)
----------------- Invoking toplevel() on ptolemy.moml.MoMLSimpleApplication@7d19ec92
----------------- Done invoking toplevel() on ptolemy.moml.MoMLSimpleApplication@7d19ec92
reloadAllAccessors: .TimeDelayMicrosteps2

===========================================================================================
----------------- testing Thu Oct 24 06:14:56 UTC 2019 /home/travis/build/icyphy/ptII/ptolemy/actor/lib/test/auto/TimeDelayMicrosteps3.xml
----------------- Instantiating /home/travis/build/icyphy/ptII/ptolemy/actor/lib/test/auto/TimeDelayMicrosteps3.xml
2 ms. Memory: 286720K Free: 215852K (75%)
----------------- Invoking toplevel() on ptolemy.moml.MoMLSimpleApplication@fd83dff
----------------- Done invoking toplevel() on ptolemy.moml.MoMLSimpleApplication@fd83dff
reloadAllAccessors: .TimeDelayMicrosteps3

===========================================================================================
----------------- testing Thu Oct 24 06:14:56 UTC 2019 /home/travis/build/icyphy/ptII/ptolemy/actor/lib/test/auto/TimeDelayVariableMicrosteps.xml
----------------- Instantiating /home/travis/build/icyphy/ptII/ptolemy/actor/lib/test/auto/TimeDelayVariableMicrosteps.xml
3 ms. Memory: 286720K Free: 208714K (73%)
----------------- Invoking toplevel() on ptolemy.moml.MoMLSimpleApplication@c26774d
----------------- Done invoking toplevel() on ptolemy.moml.MoMLSimpleApplication@c26774d
reloadAllAccessors: .TimeDelayVariableMicrosteps

===========================================================================================
----------------- testing Thu Oct 24 06:14:57 UTC 2019 /home/travis/build/icyphy/ptII/ptolemy/actor/lib/test/auto/TimeGap.xml
----------------- Instantiating /home/travis/build/icyphy/ptII/ptolemy/actor/lib/test/auto/TimeGap.xml
4 ms. Memory: 286720K Free: 203588K (71%)
----------------- Invoking toplevel() on ptolemy.moml.MoMLSimpleApplication@349aec0
----------------- Done invoking toplevel() on ptolemy.moml.MoMLSimpleApplication@349aec0
reloadAllAccessors: .TimeGap

===========================================================================================
----------------- testing Thu Oct 24 06:14:57 UTC 2019 /home/travis/build/icyphy/ptII/ptolemy/actor/lib/test/auto/TimeGap2.xml
----------------- Instantiating /home/travis/build/icyphy/ptII/ptolemy/actor/lib/test/auto/TimeGap2.xml
2 ms. Memory: 286720K Free: 197964K (69%)
----------------- Invoking toplevel() on ptolemy.moml.MoMLSimpleApplication@774f5226
----------------- Done invoking toplevel() on ptolemy.moml.MoMLSimpleApplication@774f5226
reloadAllAccessors: .TimeGap2

===========================================================================================
----------------- testing Thu Oct 24 06:14:57 UTC 2019 /home/travis/build/icyphy/ptII/ptolemy/actor/lib/test/auto/TimedSinewave.xml
----------------- Instantiating /home/travis/build/icyphy/ptII/ptolemy/actor/lib/test/auto/TimedSinewave.xml
29 ms. Memory: 286720K Free: 183628K (64%)
----------------- Invoking toplevel() on ptolemy.moml.MoMLSimpleApplication@7ad6934f
----------------- Done invoking toplevel() on ptolemy.moml.MoMLSimpleApplication@7ad6934f
reloadAllAccessors: .TimedSinewave

===========================================================================================
----------------- testing Thu Oct 24 06:14:57 UTC 2019 /home/travis/build/icyphy/ptII/ptolemy/actor/lib/test/auto/TimedSinewavePhase.xml
----------------- Instantiating /home/travis/build/icyphy/ptII/ptolemy/actor/lib/test/auto/TimedSinewavePhase.xml
10 ms. Memory: 286720K Free: 173388K (60%)
----------------- Invoking toplevel() on ptolemy.moml.MoMLSimpleApplication@294cf1bd
----------------- Done invoking toplevel() on ptolemy.moml.MoMLSimpleApplication@294cf1bd
reloadAllAccessors: .TimedSinewavePhase

===========================================================================================
----------------- testing Thu Oct 24 06:14:57 UTC 2019 /home/travis/build/icyphy/ptII/ptolemy/actor/lib/test/auto/Timer.xml
----------------- Instantiating /home/travis/build/icyphy/ptII/ptolemy/actor/lib/test/auto/Timer.xml
2 ms. Memory: 286720K Free: 167748K (59%)
----------------- Invoking toplevel() on ptolemy.moml.MoMLSimpleApplication@533a2aee
----------------- Done invoking toplevel() on ptolemy.moml.MoMLSimpleApplication@533a2aee
reloadAllAccessors: .Timer

===========================================================================================
----------------- testing Thu Oct 24 06:14:57 UTC 2019 /home/travis/build/icyphy/ptII/ptolemy/actor/lib/test/auto/TriangularDistTestModel.xml
----------------- Instantiating /home/travis/build/icyphy/ptII/ptolemy/actor/lib/test/auto/TriangularDistTestModel.xml
2 ms. Memory: 286720K Free: 162124K (57%)
----------------- Invoking toplevel() on ptolemy.moml.MoMLSimpleApplication@851fa21
----------------- Done invoking toplevel() on ptolemy.moml.MoMLSimpleApplication@851fa21
reloadAllAccessors: .TriangularDistTestModel

===========================================================================================
----------------- testing Thu Oct 24 06:14:57 UTC 2019 /home/travis/build/icyphy/ptII/ptolemy/actor/lib/test/auto/TrigFunction.xml
----------------- Instantiating /home/travis/build/icyphy/ptII/ptolemy/actor/lib/test/auto/TrigFunction.xml
3 ms. Memory: 286720K Free: 157004K (55%)
----------------- Invoking toplevel() on ptolemy.moml.MoMLSimpleApplication@49456297
----------------- Done invoking toplevel() on ptolemy.moml.MoMLSimpleApplication@49456297
reloadAllAccessors: .TrigFunction

===========================================================================================
----------------- testing Thu Oct 24 06:14:57 UTC 2019 /home/travis/build/icyphy/ptII/ptolemy/actor/lib/test/auto/TrigFunctionDE.xml
----------------- Instantiating /home/travis/build/icyphy/ptII/ptolemy/actor/lib/test/auto/TrigFunctionDE.xml
2 ms. Memory: 286720K Free: 151370K (53%)
----------------- Invoking toplevel() on ptolemy.moml.MoMLSimpleApplication@6862930b
----------------- Done invoking toplevel() on ptolemy.moml.MoMLSimpleApplication@6862930b
reloadAllAccessors: .TrigFunctionDE

===========================================================================================
----------------- testing Thu Oct 24 06:14:57 UTC 2019 /home/travis/build/icyphy/ptII/ptolemy/actor/lib/test/auto/TrigFunctionInverse.xml
----------------- Instantiating /home/travis/build/icyphy/ptII/ptolemy/actor/lib/test/auto/TrigFunctionInverse.xml
1 ms. Memory: 286720K Free: 146250K (51%)
----------------- Invoking toplevel() on ptolemy.moml.MoMLSimpleApplication@37fdce55
----------------- Done invoking toplevel() on ptolemy.moml.MoMLSimpleApplication@37fdce55
reloadAllAccessors: .TrigFunctionInverse

===========================================================================================
----------------- testing Thu Oct 24 06:14:57 UTC 2019 /home/travis/build/icyphy/ptII/ptolemy/actor/lib/test/auto/TrigFunctionTan.xml
----------------- Instantiating /home/travis/build/icyphy/ptII/ptolemy/actor/lib/test/auto/TrigFunctionTan.xml
1 ms. Memory: 286720K Free: 142154K (50%)
----------------- Invoking toplevel() on ptolemy.moml.MoMLSimpleApplication@310ba4d9
----------------- Done invoking toplevel() on ptolemy.moml.MoMLSimpleApplication@310ba4d9
reloadAllAccessors: .TrigFunctionTan

===========================================================================================
----------------- testing Thu Oct 24 06:14:57 UTC 2019 /home/travis/build/icyphy/ptII/ptolemy/actor/lib/test/auto/TriggeredClock.xml
----------------- Instantiating /home/travis/build/icyphy/ptII/ptolemy/actor/lib/test/auto/TriggeredClock.xml
1 ms. Memory: 286720K Free: 136524K (48%)
----------------- Invoking toplevel() on ptolemy.moml.MoMLSimpleApplication@643a3638
----------------- Done invoking toplevel() on ptolemy.moml.MoMLSimpleApplication@643a3638
reloadAllAccessors: .TriggeredClock

===========================================================================================
----------------- testing Thu Oct 24 06:14:57 UTC 2019 /home/travis/build/icyphy/ptII/ptolemy/actor/lib/test/auto/URLDirectoryReader.xml
----------------- Instantiating /home/travis/build/icyphy/ptII/ptolemy/actor/lib/test/auto/URLDirectoryReader.xml
36 ms. Memory: 286720K Free: 127818K (45%)
----------------- Invoking toplevel() on ptolemy.moml.MoMLSimpleApplication@765e847e
----------------- Done invoking toplevel() on ptolemy.moml.MoMLSimpleApplication@765e847e
reloadAllAccessors: .URLDirectoryReader

===========================================================================================
----------------- testing Thu Oct 24 06:14:57 UTC 2019 /home/travis/build/icyphy/ptII/ptolemy/actor/lib/test/auto/URLDirectoryReader3.xml
----------------- Instantiating /home/travis/build/icyphy/ptII/ptolemy/actor/lib/test/auto/URLDirectoryReader3.xml
1258 ms. Memory: 286720K Free: 229558K (80%)
----------------- Invoking toplevel() on ptolemy.moml.MoMLSimpleApplication@4acc3b79
----------------- Done invoking toplevel() on ptolemy.moml.MoMLSimpleApplication@4acc3b79
reloadAllAccessors: .URLDirectoryReader3

===========================================================================================
----------------- testing Thu Oct 24 06:14:58 UTC 2019 /home/travis/build/icyphy/ptII/ptolemy/actor/lib/test/auto/UnaryMathFunction.xml
----------------- Instantiating /home/travis/build/icyphy/ptII/ptolemy/actor/lib/test/auto/UnaryMathFunction.xml
3 ms. Memory: 286720K Free: 221754K (77%)
----------------- Invoking toplevel() on ptolemy.moml.MoMLSimpleApplication@75b7b838
----------------- Done invoking toplevel() on ptolemy.moml.MoMLSimpleApplication@75b7b838
reloadAllAccessors: .UnaryMathFunction

===========================================================================================
----------------- testing Thu Oct 24 06:14:58 UTC 2019 /home/travis/build/icyphy/ptII/ptolemy/actor/lib/test/auto/Uniform.xml
----------------- Instantiating /home/travis/build/icyphy/ptII/ptolemy/actor/lib/test/auto/Uniform.xml
1 ms. Memory: 286720K Free: 217144K (76%)
----------------- Invoking toplevel() on ptolemy.moml.MoMLSimpleApplication@7e56c91e
----------------- Done invoking toplevel() on ptolemy.moml.MoMLSimpleApplication@7e56c91e
reloadAllAccessors: .Uniform

===========================================================================================
----------------- testing Thu Oct 24 06:14:58 UTC 2019 /home/travis/build/icyphy/ptII/ptolemy/actor/lib/test/auto/UnionDisassemblerTest.xml
----------------- Instantiating /home/travis/build/icyphy/ptII/ptolemy/actor/lib/test/auto/UnionDisassemblerTest.xml
19 ms. Memory: 286720K Free: 213034K (74%)
----------------- Invoking toplevel() on ptolemy.moml.MoMLSimpleApplication@2c5d79cd
----------------- Done invoking toplevel() on ptolemy.moml.MoMLSimpleApplication@2c5d79cd
reloadAllAccessors: .UnionDisassemblerTest

===========================================================================================
----------------- testing Thu Oct 24 06:14:59 UTC 2019 /home/travis/build/icyphy/ptII/ptolemy/actor/lib/test/auto/UtilityFunctions.xml
----------------- Instantiating /home/travis/build/icyphy/ptII/ptolemy/actor/lib/test/auto/UtilityFunctions.xml
1 ms. Memory: 286720K Free: 209466K (73%)
----------------- Invoking toplevel() on ptolemy.moml.MoMLSimpleApplication@7ab13e20
----------------- Done invoking toplevel() on ptolemy.moml.MoMLSimpleApplication@7ab13e20
reloadAllAccessors: .UtilityFunctions

===========================================================================================
----------------- testing Thu Oct 24 06:14:59 UTC 2019 /home/travis/build/icyphy/ptII/ptolemy/actor/lib/test/auto/VariableSleep.xml
----------------- Instantiating /home/travis/build/icyphy/ptII/ptolemy/actor/lib/test/auto/VariableSleep.xml
503 ms. Memory: 286720K Free: 204346K (71%)
----------------- Invoking toplevel() on ptolemy.moml.MoMLSimpleApplication@5ba5d2bd
----------------- Done invoking toplevel() on ptolemy.moml.MoMLSimpleApplication@5ba5d2bd
reloadAllAccessors: .VariableSleep

===========================================================================================
----------------- testing Thu Oct 24 06:14:59 UTC 2019 /home/travis/build/icyphy/ptII/ptolemy/actor/lib/test/auto/VectorAssemblerDisassemblerCT.xml
----------------- Instantiating /home/travis/build/icyphy/ptII/ptolemy/actor/lib/test/auto/VectorAssemblerDisassemblerCT.xml
81 ms. Memory: 286720K Free: 183864K (64%)
----------------- Invoking toplevel() on ptolemy.moml.MoMLSimpleApplication@ac06afc
----------------- Done invoking toplevel() on ptolemy.moml.MoMLSimpleApplication@ac06afc
reloadAllAccessors: .VectorAssemblerDisassemblerCT

===========================================================================================
----------------- testing Thu Oct 24 06:14:59 UTC 2019 /home/travis/build/icyphy/ptII/ptolemy/actor/lib/test/auto/VectorAssemblerDisassemblerDE.xml
----------------- Instantiating /home/travis/build/icyphy/ptII/ptolemy/actor/lib/test/auto/VectorAssemblerDisassemblerDE.xml
3 ms. Memory: 286720K Free: 176698K (62%)
----------------- Invoking toplevel() on ptolemy.moml.MoMLSimpleApplication@52d3e05a
----------------- Done invoking toplevel() on ptolemy.moml.MoMLSimpleApplication@52d3e05a
reloadAllAccessors: .VectorAssemblerDisassemblerDE

===========================================================================================
----------------- testing Thu Oct 24 06:14:59 UTC 2019 /home/travis/build/icyphy/ptII/ptolemy/actor/lib/test/auto/VectorAssemblerDisassemblerSDF.xml
----------------- Instantiating /home/travis/build/icyphy/ptII/ptolemy/actor/lib/test/auto/VectorAssemblerDisassemblerSDF.xml
2 ms. Memory: 286720K Free: 170554K (59%)
----------------- Invoking toplevel() on ptolemy.moml.MoMLSimpleApplication@54a5261e
----------------- Done invoking toplevel() on ptolemy.moml.MoMLSimpleApplication@54a5261e
reloadAllAccessors: .VectorAssemblerDisassemblerSDF

===========================================================================================
----------------- testing Thu Oct 24 06:14:59 UTC 2019 /home/travis/build/icyphy/ptII/ptolemy/actor/lib/test/auto/WallClockTime.xml
----------------- Instantiating /home/travis/build/icyphy/ptII/ptolemy/actor/lib/test/auto/WallClockTime.xml
1005 ms. Memory: 286720K Free: 164920K (58%)
----------------- Invoking toplevel() on ptolemy.moml.MoMLSimpleApplication@3162a4e0
----------------- Done invoking toplevel() on ptolemy.moml.MoMLSimpleApplication@3162a4e0
reloadAllAccessors: .WallClockTime

===========================================================================================
----------------- testing Thu Oct 24 06:15:00 UTC 2019 /home/travis/build/icyphy/ptII/ptolemy/actor/lib/test/auto/WidthTestWithSubscriberPublisher.xml
----------------- Instantiating /home/travis/build/icyphy/ptII/ptolemy/actor/lib/test/auto/WidthTestWithSubscriberPublisher.xml
7 ms. Memory: 286720K Free: 147002K (51%)
----------------- Invoking toplevel() on ptolemy.moml.MoMLSimpleApplication@3c3544bb
----------------- Done invoking toplevel() on ptolemy.moml.MoMLSimpleApplication@3c3544bb
reloadAllAccessors: .WidthTestWithSubscriberPublisher

===========================================================================================
----------------- testing Thu Oct 24 06:15:00 UTC 2019 /home/travis/build/icyphy/ptII/ptolemy/actor/lib/test/auto/WidthTestWithSubscriberPublisher2.xml
----------------- Instantiating /home/travis/build/icyphy/ptII/ptolemy/actor/lib/test/auto/WidthTestWithSubscriberPublisher2.xml
5 ms. Memory: 286720K Free: 140858K (49%)
----------------- Invoking toplevel() on ptolemy.moml.MoMLSimpleApplication@b6cd845
----------------- Done invoking toplevel() on ptolemy.moml.MoMLSimpleApplication@b6cd845
reloadAllAccessors: .WidthTestWithSubscriberPublisher2

===========================================================================================
----------------- testing Thu Oct 24 06:15:00 UTC 2019 /home/travis/build/icyphy/ptII/ptolemy/actor/lib/test/auto/WidthTestWithSubscriberPublisher3.xml
----------------- Instantiating /home/travis/build/icyphy/ptII/ptolemy/actor/lib/test/auto/WidthTestWithSubscriberPublisher3.xml
3 ms. Memory: 286720K Free: 134714K (47%)
----------------- Invoking toplevel() on ptolemy.moml.MoMLSimpleApplication@3afd6112
----------------- Done invoking toplevel() on ptolemy.moml.MoMLSimpleApplication@3afd6112
reloadAllAccessors: .WidthTestWithSubscriberPublisher3

===========================================================================================
----------------- testing Thu Oct 24 06:15:00 UTC 2019 /home/travis/build/icyphy/ptII/ptolemy/actor/lib/test/auto/Writer.xml
----------------- Instantiating /home/travis/build/icyphy/ptII/ptolemy/actor/lib/test/auto/Writer.xml
0
1
2
3
4
1 ms. Memory: 286720K Free: 130618K (46%)
----------------- Invoking toplevel() on ptolemy.moml.MoMLSimpleApplication@7f3dba4d
----------------- Done invoking toplevel() on ptolemy.moml.MoMLSimpleApplication@7f3dba4d
reloadAllAccessors: .Writer

===========================================================================================
----------------- testing Thu Oct 24 06:15:00 UTC 2019 /home/travis/build/icyphy/ptII/ptolemy/actor/lib/test/auto/array.xml
----------------- Instantiating /home/travis/build/icyphy/ptII/ptolemy/actor/lib/test/auto/array.xml
2 ms. Memory: 286720K Free: 126008K (44%)
----------------- Invoking toplevel() on ptolemy.moml.MoMLSimpleApplication@25cf49a4
----------------- Done invoking toplevel() on ptolemy.moml.MoMLSimpleApplication@25cf49a4
reloadAllAccessors: .array

===========================================================================================
----------------- testing Thu Oct 24 06:15:00 UTC 2019 /home/travis/build/icyphy/ptII/ptolemy/actor/lib/test/auto/array2.xml
----------------- Instantiating /home/travis/build/icyphy/ptII/ptolemy/actor/lib/test/auto/array2.xml
6 ms. Memory: 286720K Free: 120378K (42%)
----------------- Invoking toplevel() on ptolemy.moml.MoMLSimpleApplication@68735ab9
----------------- Done invoking toplevel() on ptolemy.moml.MoMLSimpleApplication@68735ab9
reloadAllAccessors: .array2

===========================================================================================
----------------- testing Thu Oct 24 06:15:00 UTC 2019 /home/travis/build/icyphy/ptII/ptolemy/actor/lib/test/auto/arrayType.xml
----------------- Instantiating /home/travis/build/icyphy/ptII/ptolemy/actor/lib/test/auto/arrayType.xml
1 ms. Memory: 286720K Free: 115258K (40%)
----------------- Invoking toplevel() on ptolemy.moml.MoMLSimpleApplication@284804e3
----------------- Done invoking toplevel() on ptolemy.moml.MoMLSimpleApplication@284804e3
reloadAllAccessors: .arrayType

===========================================================================================
----------------- testing Thu Oct 24 06:15:00 UTC 2019 /home/travis/build/icyphy/ptII/ptolemy/actor/lib/test/auto/arrayType10.xml
----------------- Instantiating /home/travis/build/icyphy/ptII/ptolemy/actor/lib/test/auto/arrayType10.xml
3 ms. Memory: 286720K Free: 110648K (39%)
----------------- Invoking toplevel() on ptolemy.moml.MoMLSimpleApplication@1205afe0
----------------- Done invoking toplevel() on ptolemy.moml.MoMLSimpleApplication@1205afe0
reloadAllAccessors: .arrayType10

===========================================================================================
----------------- testing Thu Oct 24 06:15:00 UTC 2019 /home/travis/build/icyphy/ptII/ptolemy/actor/lib/test/auto/arrayType11.xml
----------------- Instantiating /home/travis/build/icyphy/ptII/ptolemy/actor/lib/test/auto/arrayType11.xml
1 ms. Memory: 286720K Free: 105528K (37%)
----------------- Invoking toplevel() on ptolemy.moml.MoMLSimpleApplication@c6e152b
----------------- Done invoking toplevel() on ptolemy.moml.MoMLSimpleApplication@c6e152b
reloadAllAccessors: .arrayType11

===========================================================================================
----------------- testing Thu Oct 24 06:15:00 UTC 2019 /home/travis/build/icyphy/ptII/ptolemy/actor/lib/test/auto/arrayType12.xml
----------------- Instantiating /home/travis/build/icyphy/ptII/ptolemy/actor/lib/test/auto/arrayType12.xml
2 ms. Memory: 286720K Free: 100922K (35%)
----------------- Invoking toplevel() on ptolemy.moml.MoMLSimpleApplication@610d3026
----------------- Done invoking toplevel() on ptolemy.moml.MoMLSimpleApplication@610d3026
reloadAllAccessors: .arrayType12

===========================================================================================
----------------- testing Thu Oct 24 06:15:00 UTC 2019 /home/travis/build/icyphy/ptII/ptolemy/actor/lib/test/auto/arrayType13.xml
----------------- Instantiating /home/travis/build/icyphy/ptII/ptolemy/actor/lib/test/auto/arrayType13.xml
2 ms. Memory: 286720K Free: 95288K (33%)
----------------- Invoking toplevel() on ptolemy.moml.MoMLSimpleApplication@34c370f2
----------------- Done invoking toplevel() on ptolemy.moml.MoMLSimpleApplication@34c370f2
reloadAllAccessors: .arrayType13

===========================================================================================
----------------- testing Thu Oct 24 06:15:00 UTC 2019 /home/travis/build/icyphy/ptII/ptolemy/actor/lib/test/auto/arrayType14.xml
----------------- Instantiating /home/travis/build/icyphy/ptII/ptolemy/actor/lib/test/auto/arrayType14.xml
2 ms. Memory: 286720K Free: 90168K (31%)
----------------- Invoking toplevel() on ptolemy.moml.MoMLSimpleApplication@70b5b2dd
----------------- Done invoking toplevel() on ptolemy.moml.MoMLSimpleApplication@70b5b2dd
reloadAllAccessors: .arrayType14

===========================================================================================
----------------- testing Thu Oct 24 06:15:00 UTC 2019 /home/travis/build/icyphy/ptII/ptolemy/actor/lib/test/auto/arrayType15.xml
----------------- Instantiating /home/travis/build/icyphy/ptII/ptolemy/actor/lib/test/auto/arrayType15.xml
3 ms. Memory: 286720K Free: 85048K (30%)
----------------- Invoking toplevel() on ptolemy.moml.MoMLSimpleApplication@7b0de886
----------------- Done invoking toplevel() on ptolemy.moml.MoMLSimpleApplication@7b0de886
reloadAllAccessors: .arrayType15

===========================================================================================
----------------- testing Thu Oct 24 06:15:00 UTC 2019 /home/travis/build/icyphy/ptII/ptolemy/actor/lib/test/auto/arrayType16.xml
----------------- Instantiating /home/travis/build/icyphy/ptII/ptolemy/actor/lib/test/auto/arrayType16.xml
1 ms. Memory: 286720K Free: 79418K (28%)
----------------- Invoking toplevel() on ptolemy.moml.MoMLSimpleApplication@4febd458
----------------- Done invoking toplevel() on ptolemy.moml.MoMLSimpleApplication@4febd458
reloadAllAccessors: .arrayType16

===========================================================================================
----------------- testing Thu Oct 24 06:15:00 UTC 2019 /home/travis/build/icyphy/ptII/ptolemy/actor/lib/test/auto/arrayType17.xml
----------------- Instantiating /home/travis/build/icyphy/ptII/ptolemy/actor/lib/test/auto/arrayType17.xml
1 ms. Memory: 286720K Free: 74298K (26%)
----------------- Invoking toplevel() on ptolemy.moml.MoMLSimpleApplication@112d663e
----------------- Done invoking toplevel() on ptolemy.moml.MoMLSimpleApplication@112d663e
reloadAllAccessors: .arrayType17

===========================================================================================
----------------- testing Thu Oct 24 06:15:00 UTC 2019 /home/travis/build/icyphy/ptII/ptolemy/actor/lib/test/auto/arrayType18.xml
----------------- Instantiating /home/travis/build/icyphy/ptII/ptolemy/actor/lib/test/auto/arrayType18.xml
2 ms. Memory: 286720K Free: 69688K (24%)
----------------- Invoking toplevel() on ptolemy.moml.MoMLSimpleApplication@497ab86b
----------------- Done invoking toplevel() on ptolemy.moml.MoMLSimpleApplication@497ab86b
reloadAllAccessors: .arrayType18

===========================================================================================
----------------- testing Thu Oct 24 06:15:00 UTC 2019 /home/travis/build/icyphy/ptII/ptolemy/actor/lib/test/auto/arrayType19.xml
----------------- Instantiating /home/travis/build/icyphy/ptII/ptolemy/actor/lib/test/auto/arrayType19.xml
2 ms. Memory: 286720K Free: 232610K (81%)
----------------- Invoking toplevel() on ptolemy.moml.MoMLSimpleApplication@8f0d1f9
----------------- Done invoking toplevel() on ptolemy.moml.MoMLSimpleApplication@8f0d1f9
reloadAllAccessors: .arrayType19

===========================================================================================
----------------- testing Thu Oct 24 06:15:01 UTC 2019 /home/travis/build/icyphy/ptII/ptolemy/actor/lib/test/auto/arrayType2.xml
----------------- Instantiating /home/travis/build/icyphy/ptII/ptolemy/actor/lib/test/auto/arrayType2.xml
2 ms. Memory: 286720K Free: 226480K (79%)
----------------- Invoking toplevel() on ptolemy.moml.MoMLSimpleApplication@4d5be002
----------------- Done invoking toplevel() on ptolemy.moml.MoMLSimpleApplication@4d5be002
reloadAllAccessors: .arrayType2

===========================================================================================
----------------- testing Thu Oct 24 06:15:01 UTC 2019 /home/travis/build/icyphy/ptII/ptolemy/actor/lib/test/auto/arrayType20.xml
----------------- Instantiating /home/travis/build/icyphy/ptII/ptolemy/actor/lib/test/auto/arrayType20.xml
2 ms. Memory: 286720K Free: 221874K (77%)
----------------- Invoking toplevel() on ptolemy.moml.MoMLSimpleApplication@24048d14
----------------- Done invoking toplevel() on ptolemy.moml.MoMLSimpleApplication@24048d14
reloadAllAccessors: .arrayType20

===========================================================================================
----------------- testing Thu Oct 24 06:15:01 UTC 2019 /home/travis/build/icyphy/ptII/ptolemy/actor/lib/test/auto/arrayType21.xml
----------------- Instantiating /home/travis/build/icyphy/ptII/ptolemy/actor/lib/test/auto/arrayType21.xml
1 ms. Memory: 286720K Free: 215730K (75%)
----------------- Invoking toplevel() on ptolemy.moml.MoMLSimpleApplication@88266da
----------------- Done invoking toplevel() on ptolemy.moml.MoMLSimpleApplication@88266da
reloadAllAccessors: .arrayType21

===========================================================================================
----------------- testing Thu Oct 24 06:15:01 UTC 2019 /home/travis/build/icyphy/ptII/ptolemy/actor/lib/test/auto/arrayType22.xml
----------------- Instantiating /home/travis/build/icyphy/ptII/ptolemy/actor/lib/test/auto/arrayType22.xml
1 ms. Memory: 286720K Free: 211120K (74%)
----------------- Invoking toplevel() on ptolemy.moml.MoMLSimpleApplication@516b83e3
----------------- Done invoking toplevel() on ptolemy.moml.MoMLSimpleApplication@516b83e3
reloadAllAccessors: .arrayType22

===========================================================================================
----------------- testing Thu Oct 24 06:15:01 UTC 2019 /home/travis/build/icyphy/ptII/ptolemy/actor/lib/test/auto/arrayType23.xml
----------------- Instantiating /home/travis/build/icyphy/ptII/ptolemy/actor/lib/test/auto/arrayType23.xml
2 ms. Memory: 286720K Free: 206514K (72%)
----------------- Invoking toplevel() on ptolemy.moml.MoMLSimpleApplication@18d739ae
----------------- Done invoking toplevel() on ptolemy.moml.MoMLSimpleApplication@18d739ae
reloadAllAccessors: .arrayType23

===========================================================================================
----------------- testing Thu Oct 24 06:15:01 UTC 2019 /home/travis/build/icyphy/ptII/ptolemy/actor/lib/test/auto/arrayType24.xml
----------------- Instantiating /home/travis/build/icyphy/ptII/ptolemy/actor/lib/test/auto/arrayType24.xml
21 ms. Memory: 286720K Free: 201394K (70%)
----------------- Invoking toplevel() on ptolemy.moml.MoMLSimpleApplication@240696c3
----------------- Done invoking toplevel() on ptolemy.moml.MoMLSimpleApplication@240696c3
reloadAllAccessors: .arrayType24

===========================================================================================
----------------- testing Thu Oct 24 06:15:01 UTC 2019 /home/travis/build/icyphy/ptII/ptolemy/actor/lib/test/auto/arrayType25.xml
----------------- Instantiating /home/travis/build/icyphy/ptII/ptolemy/actor/lib/test/auto/arrayType25.xml
2 ms. Memory: 286720K Free: 196274K (68%)
----------------- Invoking toplevel() on ptolemy.moml.MoMLSimpleApplication@6a81fd09
----------------- Done invoking toplevel() on ptolemy.moml.MoMLSimpleApplication@6a81fd09
reloadAllAccessors: .arrayType25

===========================================================================================
----------------- testing Thu Oct 24 06:15:01 UTC 2019 /home/travis/build/icyphy/ptII/ptolemy/actor/lib/test/auto/arrayType26.xml
----------------- Instantiating /home/travis/build/icyphy/ptII/ptolemy/actor/lib/test/auto/arrayType26.xml
2 ms. Memory: 286720K Free: 190640K (66%)
----------------- Invoking toplevel() on ptolemy.moml.MoMLSimpleApplication@7b01db1f
----------------- Done invoking toplevel() on ptolemy.moml.MoMLSimpleApplication@7b01db1f
reloadAllAccessors: .arrayType26

===========================================================================================
----------------- testing Thu Oct 24 06:15:01 UTC 2019 /home/travis/build/icyphy/ptII/ptolemy/actor/lib/test/auto/arrayType27.xml
----------------- Instantiating /home/travis/build/icyphy/ptII/ptolemy/actor/lib/test/auto/arrayType27.xml
2 ms. Memory: 286720K Free: 185506K (65%)
----------------- Invoking toplevel() on ptolemy.moml.MoMLSimpleApplication@46acd075
----------------- Done invoking toplevel() on ptolemy.moml.MoMLSimpleApplication@46acd075
reloadAllAccessors: .arrayType27

===========================================================================================
----------------- testing Thu Oct 24 06:15:01 UTC 2019 /home/travis/build/icyphy/ptII/ptolemy/actor/lib/test/auto/arrayType28.xml
----------------- Instantiating /home/travis/build/icyphy/ptII/ptolemy/actor/lib/test/auto/arrayType28.xml
1 ms. Memory: 286720K Free: 180400K (63%)
----------------- Invoking toplevel() on ptolemy.moml.MoMLSimpleApplication@57e1e4e9
----------------- Done invoking toplevel() on ptolemy.moml.MoMLSimpleApplication@57e1e4e9
reloadAllAccessors: .arrayType28

===========================================================================================
----------------- testing Thu Oct 24 06:15:01 UTC 2019 /home/travis/build/icyphy/ptII/ptolemy/actor/lib/test/auto/arrayType3.xml
----------------- Instantiating /home/travis/build/icyphy/ptII/ptolemy/actor/lib/test/auto/arrayType3.xml
1 ms. Memory: 286720K Free: 174770K (61%)
----------------- Invoking toplevel() on ptolemy.moml.MoMLSimpleApplication@141257c5
----------------- Done invoking toplevel() on ptolemy.moml.MoMLSimpleApplication@141257c5
reloadAllAccessors: .arrayType3

===========================================================================================
----------------- testing Thu Oct 24 06:15:01 UTC 2019 /home/travis/build/icyphy/ptII/ptolemy/actor/lib/test/auto/arrayType4.xml
----------------- Instantiating /home/travis/build/icyphy/ptII/ptolemy/actor/lib/test/auto/arrayType4.xml
2 ms. Memory: 286720K Free: 169650K (59%)
----------------- Invoking toplevel() on ptolemy.moml.MoMLSimpleApplication@da0ad8b
----------------- Done invoking toplevel() on ptolemy.moml.MoMLSimpleApplication@da0ad8b
reloadAllAccessors: .arrayType4

===========================================================================================
----------------- testing Thu Oct 24 06:15:01 UTC 2019 /home/travis/build/icyphy/ptII/ptolemy/actor/lib/test/auto/arrayType5.xml
----------------- Instantiating /home/travis/build/icyphy/ptII/ptolemy/actor/lib/test/auto/arrayType5.xml
1 ms. Memory: 286720K Free: 164016K (57%)
----------------- Invoking toplevel() on ptolemy.moml.MoMLSimpleApplication@5d4c87c0
----------------- Done invoking toplevel() on ptolemy.moml.MoMLSimpleApplication@5d4c87c0
reloadAllAccessors: .arrayType5

===========================================================================================
----------------- testing Thu Oct 24 06:15:01 UTC 2019 /home/travis/build/icyphy/ptII/ptolemy/actor/lib/test/auto/arrayType6.xml
----------------- Instantiating /home/travis/build/icyphy/ptII/ptolemy/actor/lib/test/auto/arrayType6.xml
1 ms. Memory: 286720K Free: 159410K (56%)
----------------- Invoking toplevel() on ptolemy.moml.MoMLSimpleApplication@48d1b8b7
----------------- Done invoking toplevel() on ptolemy.moml.MoMLSimpleApplication@48d1b8b7
reloadAllAccessors: .arrayType6

===========================================================================================
----------------- testing Thu Oct 24 06:15:01 UTC 2019 /home/travis/build/icyphy/ptII/ptolemy/actor/lib/test/auto/arrayType7.xml
----------------- Instantiating /home/travis/build/icyphy/ptII/ptolemy/actor/lib/test/auto/arrayType7.xml
6 ms. Memory: 286720K Free: 154288K (54%)
----------------- Invoking toplevel() on ptolemy.moml.MoMLSimpleApplication@6d0f55bc
----------------- Done invoking toplevel() on ptolemy.moml.MoMLSimpleApplication@6d0f55bc
reloadAllAccessors: .arrayType7

===========================================================================================
----------------- testing Thu Oct 24 06:15:01 UTC 2019 /home/travis/build/icyphy/ptII/ptolemy/actor/lib/test/auto/arrayType8.xml
----------------- Instantiating /home/travis/build/icyphy/ptII/ptolemy/actor/lib/test/auto/arrayType8.xml
1 ms. Memory: 286720K Free: 149680K (52%)
----------------- Invoking toplevel() on ptolemy.moml.MoMLSimpleApplication@5cb9e031
----------------- Done invoking toplevel() on ptolemy.moml.MoMLSimpleApplication@5cb9e031
reloadAllAccessors: .arrayType8

===========================================================================================
----------------- testing Thu Oct 24 06:15:01 UTC 2019 /home/travis/build/icyphy/ptII/ptolemy/actor/lib/test/auto/arrayType9.xml
----------------- Instantiating /home/travis/build/icyphy/ptII/ptolemy/actor/lib/test/auto/arrayType9.xml
1 ms. Memory: 286720K Free: 144560K (50%)
----------------- Invoking toplevel() on ptolemy.moml.MoMLSimpleApplication@21f47c59
----------------- Done invoking toplevel() on ptolemy.moml.MoMLSimpleApplication@21f47c59
reloadAllAccessors: .arrayType9

===========================================================================================
----------------- testing Thu Oct 24 06:15:01 UTC 2019 /home/travis/build/icyphy/ptII/ptolemy/actor/lib/test/auto/cast.xml
----------------- Instantiating /home/travis/build/icyphy/ptII/ptolemy/actor/lib/test/auto/cast.xml
2 ms. Memory: 286720K Free: 139440K (49%)
----------------- Invoking toplevel() on ptolemy.moml.MoMLSimpleApplication@a5429eb
----------------- Done invoking toplevel() on ptolemy.moml.MoMLSimpleApplication@a5429eb
reloadAllAccessors: .cast

===========================================================================================
----------------- testing Thu Oct 24 06:15:01 UTC 2019 /home/travis/build/icyphy/ptII/ptolemy/actor/lib/test/auto/compositeMultiPort.xml
----------------- Instantiating /home/travis/build/icyphy/ptII/ptolemy/actor/lib/test/auto/compositeMultiPort.xml
4 ms. Memory: 286720K Free: 130738K (46%)
----------------- Invoking toplevel() on ptolemy.moml.MoMLSimpleApplication@2c23a3d6
----------------- Done invoking toplevel() on ptolemy.moml.MoMLSimpleApplication@2c23a3d6
reloadAllAccessors: .compositeMultiPort

===========================================================================================
----------------- testing Thu Oct 24 06:15:01 UTC 2019 /home/travis/build/icyphy/ptII/ptolemy/actor/lib/test/auto/expressionCastInference.xml
----------------- Instantiating /home/travis/build/icyphy/ptII/ptolemy/actor/lib/test/auto/expressionCastInference.xml
2 ms. Memory: 286720K Free: 125618K (44%)
----------------- Invoking toplevel() on ptolemy.moml.MoMLSimpleApplication@5af9dec4
----------------- Done invoking toplevel() on ptolemy.moml.MoMLSimpleApplication@5af9dec4
reloadAllAccessors: .expressionCastInference

===========================================================================================
----------------- testing Thu Oct 24 06:15:01 UTC 2019 /home/travis/build/icyphy/ptII/ptolemy/actor/lib/test/auto/expressionCastInference2.xml
----------------- Instantiating /home/travis/build/icyphy/ptII/ptolemy/actor/lib/test/auto/expressionCastInference2.xml
2 ms. Memory: 286720K Free: 121008K (42%)
----------------- Invoking toplevel() on ptolemy.moml.MoMLSimpleApplication@734f85a0
----------------- Done invoking toplevel() on ptolemy.moml.MoMLSimpleApplication@734f85a0
reloadAllAccessors: .expressionCastInference2

===========================================================================================
----------------- testing Thu Oct 24 06:15:01 UTC 2019 /home/travis/build/icyphy/ptII/ptolemy/actor/lib/test/auto/expressionInference.xml
----------------- Instantiating /home/travis/build/icyphy/ptII/ptolemy/actor/lib/test/auto/expressionInference.xml
1 ms. Memory: 286720K Free: 116402K (41%)
----------------- Invoking toplevel() on ptolemy.moml.MoMLSimpleApplication@17daebf
----------------- Done invoking toplevel() on ptolemy.moml.MoMLSimpleApplication@17daebf
reloadAllAccessors: .expressionInference

===========================================================================================
----------------- testing Thu Oct 24 06:15:01 UTC 2019 /home/travis/build/icyphy/ptII/ptolemy/actor/lib/test/auto/expression_bug.xml
----------------- Instantiating /home/travis/build/icyphy/ptII/ptolemy/actor/lib/test/auto/expression_bug.xml
1 ms. Memory: 286720K Free: 111792K (39%)
----------------- Invoking toplevel() on ptolemy.moml.MoMLSimpleApplication@29db7f2e
----------------- Done invoking toplevel() on ptolemy.moml.MoMLSimpleApplication@29db7f2e
reloadAllAccessors: .expression_bug

===========================================================================================
----------------- testing Thu Oct 24 06:15:01 UTC 2019 /home/travis/build/icyphy/ptII/ptolemy/actor/lib/test/auto/factorial.xml
----------------- Instantiating /home/travis/build/icyphy/ptII/ptolemy/actor/lib/test/auto/factorial.xml
36 ms. Memory: 286720K Free: 103090K (36%)
----------------- Invoking toplevel() on ptolemy.moml.MoMLSimpleApplication@6ad8d1ec
----------------- Done invoking toplevel() on ptolemy.moml.MoMLSimpleApplication@6ad8d1ec
reloadAllAccessors: .factorial

===========================================================================================
----------------- testing Thu Oct 24 06:15:01 UTC 2019 /home/travis/build/icyphy/ptII/ptolemy/actor/lib/test/auto/filterTest1.xml
----------------- Instantiating /home/travis/build/icyphy/ptII/ptolemy/actor/lib/test/auto/filterTest1.xml
3 ms. Memory: 286720K Free: 96946K (34%)
----------------- Invoking toplevel() on ptolemy.moml.MoMLSimpleApplication@5bb74638
----------------- Done invoking toplevel() on ptolemy.moml.MoMLSimpleApplication@5bb74638
reloadAllAccessors: .filterTest1

===========================================================================================
----------------- testing Thu Oct 24 06:15:01 UTC 2019 /home/travis/build/icyphy/ptII/ptolemy/actor/lib/test/auto/funcApplyInConst.xml
----------------- Instantiating /home/travis/build/icyphy/ptII/ptolemy/actor/lib/test/auto/funcApplyInConst.xml
1 ms. Memory: 286720K Free: 93360K (33%)
----------------- Invoking toplevel() on ptolemy.moml.MoMLSimpleApplication@22681b1b
----------------- Done invoking toplevel() on ptolemy.moml.MoMLSimpleApplication@22681b1b
reloadAllAccessors: .funcApplyInConst

===========================================================================================
----------------- testing Thu Oct 24 06:15:01 UTC 2019 /home/travis/build/icyphy/ptII/ptolemy/actor/lib/test/auto/funcApplyInExpr.xml
----------------- Instantiating /home/travis/build/icyphy/ptII/ptolemy/actor/lib/test/auto/funcApplyInExpr.xml
1 ms. Memory: 286720K Free: 89264K (31%)
----------------- Invoking toplevel() on ptolemy.moml.MoMLSimpleApplication@378bfc1d
----------------- Done invoking toplevel() on ptolemy.moml.MoMLSimpleApplication@378bfc1d
reloadAllAccessors: .funcApplyInExpr

===========================================================================================
----------------- testing Thu Oct 24 06:15:01 UTC 2019 /home/travis/build/icyphy/ptII/ptolemy/actor/lib/test/auto/function.xml
----------------- Instantiating /home/travis/build/icyphy/ptII/ptolemy/actor/lib/test/auto/function.xml
2 ms. Memory: 286720K Free: 84656K (30%)
----------------- Invoking toplevel() on ptolemy.moml.MoMLSimpleApplication@2604148c
----------------- Done invoking toplevel() on ptolemy.moml.MoMLSimpleApplication@2604148c
reloadAllAccessors: .function

===========================================================================================
----------------- testing Thu Oct 24 06:15:01 UTC 2019 /home/travis/build/icyphy/ptII/ptolemy/actor/lib/test/auto/function2.xml
----------------- Instantiating /home/travis/build/icyphy/ptII/ptolemy/actor/lib/test/auto/function2.xml
2 ms. Memory: 286720K Free: 79538K (28%)
----------------- Invoking toplevel() on ptolemy.moml.MoMLSimpleApplication@135ec336
----------------- Done invoking toplevel() on ptolemy.moml.MoMLSimpleApplication@135ec336
reloadAllAccessors: .function2

===========================================================================================
----------------- testing Thu Oct 24 06:15:01 UTC 2019 /home/travis/build/icyphy/ptII/ptolemy/actor/lib/test/auto/function3.xml
----------------- Instantiating /home/travis/build/icyphy/ptII/ptolemy/actor/lib/test/auto/function3.xml
2 ms. Memory: 286720K Free: 75952K (26%)
----------------- Invoking toplevel() on ptolemy.moml.MoMLSimpleApplication@36f38c74
----------------- Done invoking toplevel() on ptolemy.moml.MoMLSimpleApplication@36f38c74
reloadAllAccessors: .function3

===========================================================================================
----------------- testing Thu Oct 24 06:15:01 UTC 2019 /home/travis/build/icyphy/ptII/ptolemy/actor/lib/test/auto/functionClosureTest1.xml
----------------- Instantiating /home/travis/build/icyphy/ptII/ptolemy/actor/lib/test/auto/functionClosureTest1.xml
1 ms. Memory: 286720K Free: 69808K (24%)
----------------- Invoking toplevel() on ptolemy.moml.MoMLSimpleApplication@64c2d8f1
----------------- Done invoking toplevel() on ptolemy.moml.MoMLSimpleApplication@64c2d8f1
reloadAllAccessors: .functionClosureTest1

===========================================================================================
----------------- testing Thu Oct 24 06:15:01 UTC 2019 /home/travis/build/icyphy/ptII/ptolemy/actor/lib/test/auto/functionClosureTest2.xml
----------------- Instantiating /home/travis/build/icyphy/ptII/ptolemy/actor/lib/test/auto/functionClosureTest2.xml
1 ms. Memory: 286720K Free: 66226K (23%)
----------------- Invoking toplevel() on ptolemy.moml.MoMLSimpleApplication@670e2133
----------------- Done invoking toplevel() on ptolemy.moml.MoMLSimpleApplication@670e2133
reloadAllAccessors: .functionClosureTest2

===========================================================================================
----------------- testing Thu Oct 24 06:15:01 UTC 2019 /home/travis/build/icyphy/ptII/ptolemy/actor/lib/test/auto/functionClosureTest3.xml
----------------- Instantiating /home/travis/build/icyphy/ptII/ptolemy/actor/lib/test/auto/functionClosureTest3.xml
3 ms. Memory: 286720K Free: 228443K (80%)
----------------- Invoking toplevel() on ptolemy.moml.MoMLSimpleApplication@240cd61b
----------------- Done invoking toplevel() on ptolemy.moml.MoMLSimpleApplication@240cd61b
reloadAllAccessors: .functionClosureTest3

===========================================================================================
----------------- testing Thu Oct 24 06:15:01 UTC 2019 /home/travis/build/icyphy/ptII/ptolemy/actor/lib/test/auto/functionClosureTest4.xml
----------------- Instantiating /home/travis/build/icyphy/ptII/ptolemy/actor/lib/test/auto/functionClosureTest4.xml
4 ms. Memory: 286720K Free: 222313K (78%)
----------------- Invoking toplevel() on ptolemy.moml.MoMLSimpleApplication@bdec7e9
----------------- Done invoking toplevel() on ptolemy.moml.MoMLSimpleApplication@bdec7e9
reloadAllAccessors: .functionClosureTest4

===========================================================================================
----------------- testing Thu Oct 24 06:15:01 UTC 2019 /home/travis/build/icyphy/ptII/ptolemy/actor/lib/test/auto/functionClosureTest5.xml
----------------- Instantiating /home/travis/build/icyphy/ptII/ptolemy/actor/lib/test/auto/functionClosureTest5.xml
4 ms. Memory: 286720K Free: 216683K (76%)
----------------- Invoking toplevel() on ptolemy.moml.MoMLSimpleApplication@66fdc843
----------------- Done invoking toplevel() on ptolemy.moml.MoMLSimpleApplication@66fdc843
reloadAllAccessors: .functionClosureTest5

===========================================================================================
----------------- testing Thu Oct 24 06:15:01 UTC 2019 /home/travis/build/icyphy/ptII/ptolemy/actor/lib/test/auto/functionClosureTest6.xml
----------------- Instantiating /home/travis/build/icyphy/ptII/ptolemy/actor/lib/test/auto/functionClosureTest6.xml
1 ms. Memory: 286720K Free: 212059K (74%)
----------------- Invoking toplevel() on ptolemy.moml.MoMLSimpleApplication@17f50dc0
----------------- Done invoking toplevel() on ptolemy.moml.MoMLSimpleApplication@17f50dc0
reloadAllAccessors: .functionClosureTest6

===========================================================================================
----------------- testing Thu Oct 24 06:15:01 UTC 2019 /home/travis/build/icyphy/ptII/ptolemy/actor/lib/test/auto/functionsOnArcs.xml
----------------- Instantiating /home/travis/build/icyphy/ptII/ptolemy/actor/lib/test/auto/functionsOnArcs.xml
2 ms. Memory: 286720K Free: 206443K (72%)
----------------- Invoking toplevel() on ptolemy.moml.MoMLSimpleApplication@2e716bb8
----------------- Done invoking toplevel() on ptolemy.moml.MoMLSimpleApplication@2e716bb8
reloadAllAccessors: .functionsOnArcs

===========================================================================================
----------------- testing Thu Oct 24 06:15:01 UTC 2019 /home/travis/build/icyphy/ptII/ptolemy/actor/lib/test/auto/functionsOnArcsHOF.xml
----------------- Instantiating /home/travis/build/icyphy/ptII/ptolemy/actor/lib/test/auto/functionsOnArcsHOF.xml
4 ms. Memory: 286720K Free: 200809K (70%)
----------------- Invoking toplevel() on ptolemy.moml.MoMLSimpleApplication@3e4927a2
----------------- Done invoking toplevel() on ptolemy.moml.MoMLSimpleApplication@3e4927a2
reloadAllAccessors: .functionsOnArcsHOF

===========================================================================================
----------------- testing Thu Oct 24 06:15:01 UTC 2019 /home/travis/build/icyphy/ptII/ptolemy/actor/lib/test/auto/logic.xml
----------------- Instantiating /home/travis/build/icyphy/ptII/ptolemy/actor/lib/test/auto/logic.xml
2 ms. Memory: 286720K Free: 193641K (68%)
----------------- Invoking toplevel() on ptolemy.moml.MoMLSimpleApplication@11524fe6
----------------- Done invoking toplevel() on ptolemy.moml.MoMLSimpleApplication@11524fe6
reloadAllAccessors: .logic

===========================================================================================
----------------- testing Thu Oct 24 06:15:01 UTC 2019 /home/travis/build/icyphy/ptII/ptolemy/actor/lib/test/auto/matrixType.xml
----------------- Instantiating /home/travis/build/icyphy/ptII/ptolemy/actor/lib/test/auto/matrixType.xml
1 ms. Memory: 286720K Free: 188521K (66%)
----------------- Invoking toplevel() on ptolemy.moml.MoMLSimpleApplication@79d5a3f3
----------------- Done invoking toplevel() on ptolemy.moml.MoMLSimpleApplication@79d5a3f3
reloadAllAccessors: .matrixType

===========================================================================================
----------------- testing Thu Oct 24 06:15:01 UTC 2019 /home/travis/build/icyphy/ptII/ptolemy/actor/lib/test/auto/matrixType10.xml
----------------- Instantiating /home/travis/build/icyphy/ptII/ptolemy/actor/lib/test/auto/matrixType10.xml
1 ms. Memory: 286720K Free: 183915K (64%)
----------------- Invoking toplevel() on ptolemy.moml.MoMLSimpleApplication@57c2d794
----------------- Done invoking toplevel() on ptolemy.moml.MoMLSimpleApplication@57c2d794
reloadAllAccessors: .matrixType10

===========================================================================================
----------------- testing Thu Oct 24 06:15:01 UTC 2019 /home/travis/build/icyphy/ptII/ptolemy/actor/lib/test/auto/matrixType11.xml
----------------- Instantiating /home/travis/build/icyphy/ptII/ptolemy/actor/lib/test/auto/matrixType11.xml
1 ms. Memory: 286720K Free: 178795K (62%)
----------------- Invoking toplevel() on ptolemy.moml.MoMLSimpleApplication@5e76710d
----------------- Done invoking toplevel() on ptolemy.moml.MoMLSimpleApplication@5e76710d
reloadAllAccessors: .matrixType11

===========================================================================================
----------------- testing Thu Oct 24 06:15:01 UTC 2019 /home/travis/build/icyphy/ptII/ptolemy/actor/lib/test/auto/matrixType12.xml
----------------- Instantiating /home/travis/build/icyphy/ptII/ptolemy/actor/lib/test/auto/matrixType12.xml
2 ms. Memory: 286720K Free: 174185K (61%)
----------------- Invoking toplevel() on ptolemy.moml.MoMLSimpleApplication@398895c5
----------------- Done invoking toplevel() on ptolemy.moml.MoMLSimpleApplication@398895c5
reloadAllAccessors: .matrixType12

===========================================================================================
----------------- testing Thu Oct 24 06:15:01 UTC 2019 /home/travis/build/icyphy/ptII/ptolemy/actor/lib/test/auto/matrixType13.xml
----------------- Instantiating /home/travis/build/icyphy/ptII/ptolemy/actor/lib/test/auto/matrixType13.xml
1 ms. Memory: 286720K Free: 169065K (59%)
----------------- Invoking toplevel() on ptolemy.moml.MoMLSimpleApplication@65f097a9
----------------- Done invoking toplevel() on ptolemy.moml.MoMLSimpleApplication@65f097a9
reloadAllAccessors: .matrixType13

===========================================================================================
----------------- testing Thu Oct 24 06:15:01 UTC 2019 /home/travis/build/icyphy/ptII/ptolemy/actor/lib/test/auto/matrixType14.xml
----------------- Instantiating /home/travis/build/icyphy/ptII/ptolemy/actor/lib/test/auto/matrixType14.xml
1 ms. Memory: 286720K Free: 163931K (57%)
----------------- Invoking toplevel() on ptolemy.moml.MoMLSimpleApplication@b18d64a
----------------- Done invoking toplevel() on ptolemy.moml.MoMLSimpleApplication@b18d64a
reloadAllAccessors: .matrixType14

===========================================================================================
----------------- testing Thu Oct 24 06:15:01 UTC 2019 /home/travis/build/icyphy/ptII/ptolemy/actor/lib/test/auto/matrixType2.xml
----------------- Instantiating /home/travis/build/icyphy/ptII/ptolemy/actor/lib/test/auto/matrixType2.xml
4 ms. Memory: 286720K Free: 158825K (55%)
----------------- Invoking toplevel() on ptolemy.moml.MoMLSimpleApplication@63cbeaa6
----------------- Done invoking toplevel() on ptolemy.moml.MoMLSimpleApplication@63cbeaa6
reloadAllAccessors: .matrixType2

===========================================================================================
----------------- testing Thu Oct 24 06:15:01 UTC 2019 /home/travis/build/icyphy/ptII/ptolemy/actor/lib/test/auto/matrixType3.xml
----------------- Instantiating /home/travis/build/icyphy/ptII/ptolemy/actor/lib/test/auto/matrixType3.xml
2 ms. Memory: 286720K Free: 154219K (54%)
----------------- Invoking toplevel() on ptolemy.moml.MoMLSimpleApplication@40f7fc14
----------------- Done invoking toplevel() on ptolemy.moml.MoMLSimpleApplication@40f7fc14
reloadAllAccessors: .matrixType3

===========================================================================================
----------------- testing Thu Oct 24 06:15:01 UTC 2019 /home/travis/build/icyphy/ptII/ptolemy/actor/lib/test/auto/matrixType4.xml
----------------- Instantiating /home/travis/build/icyphy/ptII/ptolemy/actor/lib/test/auto/matrixType4.xml
1 ms. Memory: 286720K Free: 149099K (52%)
----------------- Invoking toplevel() on ptolemy.moml.MoMLSimpleApplication@edf5d8f
----------------- Done invoking toplevel() on ptolemy.moml.MoMLSimpleApplication@edf5d8f
reloadAllAccessors: .matrixType4

===========================================================================================
----------------- testing Thu Oct 24 06:15:01 UTC 2019 /home/travis/build/icyphy/ptII/ptolemy/actor/lib/test/auto/matrixType5.xml
----------------- Instantiating /home/travis/build/icyphy/ptII/ptolemy/actor/lib/test/auto/matrixType5.xml
1 ms. Memory: 286720K Free: 143979K (50%)
----------------- Invoking toplevel() on ptolemy.moml.MoMLSimpleApplication@3a33d6f0
----------------- Done invoking toplevel() on ptolemy.moml.MoMLSimpleApplication@3a33d6f0
reloadAllAccessors: .matrixType5

===========================================================================================
----------------- testing Thu Oct 24 06:15:01 UTC 2019 /home/travis/build/icyphy/ptII/ptolemy/actor/lib/test/auto/matrixType6.xml
----------------- Instantiating /home/travis/build/icyphy/ptII/ptolemy/actor/lib/test/auto/matrixType6.xml
1 ms. Memory: 286720K Free: 139369K (49%)
----------------- Invoking toplevel() on ptolemy.moml.MoMLSimpleApplication@3341eaac
----------------- Done invoking toplevel() on ptolemy.moml.MoMLSimpleApplication@3341eaac
reloadAllAccessors: .matrixType6

===========================================================================================
----------------- testing Thu Oct 24 06:15:01 UTC 2019 /home/travis/build/icyphy/ptII/ptolemy/actor/lib/test/auto/matrixType7.xml
----------------- Instantiating /home/travis/build/icyphy/ptII/ptolemy/actor/lib/test/auto/matrixType7.xml
2 ms. Memory: 286720K Free: 134249K (47%)
----------------- Invoking toplevel() on ptolemy.moml.MoMLSimpleApplication@1fbbaf1e
----------------- Done invoking toplevel() on ptolemy.moml.MoMLSimpleApplication@1fbbaf1e
reloadAllAccessors: .matrixType7

===========================================================================================
----------------- testing Thu Oct 24 06:15:01 UTC 2019 /home/travis/build/icyphy/ptII/ptolemy/actor/lib/test/auto/matrixType8.xml
----------------- Instantiating /home/travis/build/icyphy/ptII/ptolemy/actor/lib/test/auto/matrixType8.xml
1 ms. Memory: 286720K Free: 129643K (45%)
----------------- Invoking toplevel() on ptolemy.moml.MoMLSimpleApplication@3aff617c
----------------- Done invoking toplevel() on ptolemy.moml.MoMLSimpleApplication@3aff617c
reloadAllAccessors: .matrixType8

===========================================================================================
----------------- testing Thu Oct 24 06:15:01 UTC 2019 /home/travis/build/icyphy/ptII/ptolemy/actor/lib/test/auto/matrixType9.xml
----------------- Instantiating /home/travis/build/icyphy/ptII/ptolemy/actor/lib/test/auto/matrixType9.xml
1 ms. Memory: 286720K Free: 124523K (43%)
----------------- Invoking toplevel() on ptolemy.moml.MoMLSimpleApplication@739b13c5
----------------- Done invoking toplevel() on ptolemy.moml.MoMLSimpleApplication@739b13c5
reloadAllAccessors: .matrixType9

===========================================================================================
----------------- testing Thu Oct 24 06:15:01 UTC 2019 /home/travis/build/icyphy/ptII/ptolemy/actor/lib/test/auto/paraFunctest.xml
----------------- Instantiating /home/travis/build/icyphy/ptII/ptolemy/actor/lib/test/auto/paraFunctest.xml
2 ms. Memory: 286720K Free: 120937K (42%)
----------------- Invoking toplevel() on ptolemy.moml.MoMLSimpleApplication@74d6fc9c
----------------- Done invoking toplevel() on ptolemy.moml.MoMLSimpleApplication@74d6fc9c
reloadAllAccessors: .paraFunctest

===========================================================================================
----------------- testing Thu Oct 24 06:15:01 UTC 2019 /home/travis/build/icyphy/ptII/ptolemy/actor/lib/test/auto/paraFunctest2.xml
----------------- Instantiating /home/travis/build/icyphy/ptII/ptolemy/actor/lib/test/auto/paraFunctest2.xml
1 ms. Memory: 286720K Free: 115817K (40%)
----------------- Invoking toplevel() on ptolemy.moml.MoMLSimpleApplication@3c972807
----------------- Done invoking toplevel() on ptolemy.moml.MoMLSimpleApplication@3c972807
reloadAllAccessors: .paraFunctest2

===========================================================================================
----------------- testing Thu Oct 24 06:15:01 UTC 2019 /home/travis/build/icyphy/ptII/ptolemy/actor/lib/test/auto/parameterPassing.xml
----------------- Instantiating /home/travis/build/icyphy/ptII/ptolemy/actor/lib/test/auto/parameterPassing.xml
1 ms. Memory: 286720K Free: 111721K (39%)
----------------- Invoking toplevel() on ptolemy.moml.MoMLSimpleApplication@6055aeeb
----------------- Done invoking toplevel() on ptolemy.moml.MoMLSimpleApplication@6055aeeb
reloadAllAccessors: .parameterPassing

===========================================================================================
----------------- testing Thu Oct 24 06:15:01 UTC 2019 /home/travis/build/icyphy/ptII/ptolemy/actor/lib/test/auto/record.xml
----------------- Instantiating /home/travis/build/icyphy/ptII/ptolemy/actor/lib/test/auto/record.xml
3 ms. Memory: 286720K Free: 106601K (37%)
----------------- Invoking toplevel() on ptolemy.moml.MoMLSimpleApplication@4af5885e
----------------- Done invoking toplevel() on ptolemy.moml.MoMLSimpleApplication@4af5885e
reloadAllAccessors: .record

===========================================================================================
----------------- testing Thu Oct 24 06:15:02 UTC 2019 /home/travis/build/icyphy/ptII/ptolemy/actor/lib/test/auto/sizedarray1.xml
----------------- Instantiating /home/travis/build/icyphy/ptII/ptolemy/actor/lib/test/auto/sizedarray1.xml
2 ms. Memory: 286720K Free: 101481K (35%)
----------------- Invoking toplevel() on ptolemy.moml.MoMLSimpleApplication@223e5703
----------------- Done invoking toplevel() on ptolemy.moml.MoMLSimpleApplication@223e5703
reloadAllAccessors: .sizedarray1

===========================================================================================
----------------- testing Thu Oct 24 06:15:02 UTC 2019 /home/travis/build/icyphy/ptII/ptolemy/actor/lib/test/auto/sizedarray2.xml
----------------- Instantiating /home/travis/build/icyphy/ptII/ptolemy/actor/lib/test/auto/sizedarray2.xml
2 ms. Memory: 286720K Free: 95337K (33%)
----------------- Invoking toplevel() on ptolemy.moml.MoMLSimpleApplication@6fee8282
----------------- Done invoking toplevel() on ptolemy.moml.MoMLSimpleApplication@6fee8282
reloadAllAccessors: .sizedarray2

===========================================================================================
----------------- testing Thu Oct 24 06:15:02 UTC 2019 /home/travis/build/icyphy/ptII/ptolemy/actor/lib/test/auto/twoPublishers.xml
----------------- Instantiating /home/travis/build/icyphy/ptII/ptolemy/actor/lib/test/auto/twoPublishers.xml
7 ms. Memory: 286720K Free: 84587K (30%)
----------------- Invoking toplevel() on ptolemy.moml.MoMLSimpleApplication@8b85e52
----------------- Done invoking toplevel() on ptolemy.moml.MoMLSimpleApplication@8b85e52
reloadAllAccessors: .twoPublishers
AutoTests.java: About to close Vertx.
AutoTests.java: Vertx closed.
]]></system-out>
  <system-err><![CDATA[java.lang.RuntimeException: Execution failed
	at ptolemy.moml.MoMLSimpleApplication$UnloadThread.run(MoMLSimpleApplication.java:402)
Caused by: java.lang.RuntimeException: StringUtilities.exit() was called. Normally, we would exit here because Manager.exitAfterWrapup() was called.  However, because the ptolemy.ptII.exitAfterWrapup property is set, we throw this exception instead.
	at ptolemy.util.StringUtilities.exit(StringUtilities.java:365)
	at ptolemy.actor.Manager.wrapup(Manager.java:1549)
	at ptolemy.actor.Manager.execute(Manager.java:407)
	at ptolemy.actor.Manager.run(Manager.java:1263)
	at ptolemy.actor.Manager$PtolemyRunThread.run(Manager.java:1933)
Warning: '.top.test' is in training mode, set the trainingMode parameter to false before checking in
Warning: '.top.test' is in training mode, set the trainingMode parameter to false before checking in
Warning: '.top.test' is in training mode, set the trainingMode parameter to false before checking in
Warning: '.BooleanSwitch_RegressionTest_WrongTrainingValues.Test' is in training mode, set the trainingMode parameter to false before checking in
Warning: '.BooleanSwitch_RegressionTest_WrongTrainingValues.Test2' is in training mode, set the trainingMode parameter to false before checking in
Warning: '.BooleanSwitch_RegressionTest_WrongTrainingValues.Test2' The test produced 0 tokens.
Warning: '.top.testExceptionHandler' is in training mode, set the trainingMode parameter to false before checking in
java.lang.RuntimeException: Execution failed
	at ptolemy.moml.MoMLSimpleApplication$UnloadThread.run(MoMLSimpleApplication.java:402)
Caused by: ptolemy.kernel.util.IllegalActionException: PublisherPorts cannot be used at the top level, use a Publisher actor instead.
  in .PublisherPortToplevelSubscriber.PublisherPort
	at ptolemy.actor.PublisherPort.preinitialize(PublisherPort.java:403)
	at ptolemy.actor.CompositeActor.preinitialize(CompositeActor.java:1769)
	at ptolemy.actor.Manager.preinitializeAndResolveTypes(Manager.java:1040)
	at ptolemy.actor.Manager.initialize(Manager.java:710)
	at ptolemy.actor.Manager.execute(Manager.java:356)
	at ptolemy.actor.Manager.run(Manager.java:1263)
	at ptolemy.actor.Manager$PtolemyRunThread.run(Manager.java:1933)
java.lang.reflect.InvocationTargetException
	at java.base/jdk.internal.reflect.NativeConstructorAccessorImpl.newInstance0(Native Method)
	at java.base/jdk.internal.reflect.NativeConstructorAccessorImpl.newInstance(NativeConstructorAccessorImpl.java:62)
	at java.base/jdk.internal.reflect.DelegatingConstructorAccessorImpl.newInstance(DelegatingConstructorAccessorImpl.java:45)
	at java.base/java.lang.reflect.Constructor.newInstance(Constructor.java:490)
	at ptolemy.util.test.junit.AutoKnownFailedTests.RunModel(AutoKnownFailedTests.java:105)
	at java.base/jdk.internal.reflect.NativeMethodAccessorImpl.invoke0(Native Method)
	at java.base/jdk.internal.reflect.NativeMethodAccessorImpl.invoke(NativeMethodAccessorImpl.java:62)
	at java.base/jdk.internal.reflect.DelegatingMethodAccessorImpl.invoke(DelegatingMethodAccessorImpl.java:43)
	at java.base/java.lang.reflect.Method.invoke(Method.java:566)
	at org.junit.runners.model.FrameworkMethod$1.runReflectiveCall(FrameworkMethod.java:44)
	at org.junit.internal.runners.model.ReflectiveCallable.run(ReflectiveCallable.java:15)
	at org.junit.runners.model.FrameworkMethod.invokeExplosively(FrameworkMethod.java:41)
	at junitparams.internal.InvokeParameterisedMethod.evaluate(InvokeParameterisedMethod.java:102)
	at org.junit.internal.runners.statements.FailOnTimeout$1.run(FailOnTimeout.java:28)
Caused by: ptolemy.kernel.util.IllegalActionException: PublisherPorts cannot be used at the top level, use a Publisher actor instead.
  in .PublisherPortToplevelSubscriber.PublisherPort
	at ptolemy.actor.PublisherPort.preinitialize(PublisherPort.java:403)
	at ptolemy.actor.CompositeActor.preinitialize(CompositeActor.java:1769)
	at ptolemy.actor.Manager.preinitializeAndResolveTypes(Manager.java:1040)
	at ptolemy.actor.Manager.initialize(Manager.java:710)
	at ptolemy.actor.Manager.execute(Manager.java:356)
	at ptolemy.actor.Manager.run(Manager.java:1263)
	at ptolemy.actor.Manager$PtolemyRunThread.run(Manager.java:1933)
java.lang.RuntimeException: Execution failed
	at ptolemy.moml.MoMLSimpleApplication$UnloadThread.run(MoMLSimpleApplication.java:402)
Caused by: ptolemy.kernel.util.IllegalActionException: SubscriberPorts cannot be used at the top level, use a Subscriber actor instead.
  in .PublisherSubscriberPortToplevel.SubscriberPort
	at ptolemy.actor.SubscriberPort.preinitialize(SubscriberPort.java:328)
	at ptolemy.actor.CompositeActor.preinitialize(CompositeActor.java:1769)
	at ptolemy.actor.Manager.preinitializeAndResolveTypes(Manager.java:1040)
	at ptolemy.actor.Manager.initialize(Manager.java:710)
	at ptolemy.actor.Manager.execute(Manager.java:356)
	at ptolemy.actor.Manager.run(Manager.java:1263)
	at ptolemy.actor.Manager$PtolemyRunThread.run(Manager.java:1933)
java.lang.reflect.InvocationTargetException
	at java.base/jdk.internal.reflect.NativeConstructorAccessorImpl.newInstance0(Native Method)
	at java.base/jdk.internal.reflect.NativeConstructorAccessorImpl.newInstance(NativeConstructorAccessorImpl.java:62)
	at java.base/jdk.internal.reflect.DelegatingConstructorAccessorImpl.newInstance(DelegatingConstructorAccessorImpl.java:45)
	at java.base/java.lang.reflect.Constructor.newInstance(Constructor.java:490)
	at ptolemy.util.test.junit.AutoKnownFailedTests.RunModel(AutoKnownFailedTests.java:105)
	at java.base/jdk.internal.reflect.NativeMethodAccessorImpl.invoke0(Native Method)
	at java.base/jdk.internal.reflect.NativeMethodAccessorImpl.invoke(NativeMethodAccessorImpl.java:62)
	at java.base/jdk.internal.reflect.DelegatingMethodAccessorImpl.invoke(DelegatingMethodAccessorImpl.java:43)
	at java.base/java.lang.reflect.Method.invoke(Method.java:566)
	at org.junit.runners.model.FrameworkMethod$1.runReflectiveCall(FrameworkMethod.java:44)
	at org.junit.internal.runners.model.ReflectiveCallable.run(ReflectiveCallable.java:15)
	at org.junit.runners.model.FrameworkMethod.invokeExplosively(FrameworkMethod.java:41)
	at junitparams.internal.InvokeParameterisedMethod.evaluate(InvokeParameterisedMethod.java:102)
	at org.junit.internal.runners.statements.FailOnTimeout$1.run(FailOnTimeout.java:28)
Caused by: ptolemy.kernel.util.IllegalActionException: SubscriberPorts cannot be used at the top level, use a Subscriber actor instead.
  in .PublisherSubscriberPortToplevel.SubscriberPort
	at ptolemy.actor.SubscriberPort.preinitialize(SubscriberPort.java:328)
	at ptolemy.actor.CompositeActor.preinitialize(CompositeActor.java:1769)
	at ptolemy.actor.Manager.preinitializeAndResolveTypes(Manager.java:1040)
	at ptolemy.actor.Manager.initialize(Manager.java:710)
	at ptolemy.actor.Manager.execute(Manager.java:356)
	at ptolemy.actor.Manager.run(Manager.java:1263)
	at ptolemy.actor.Manager$PtolemyRunThread.run(Manager.java:1933)
java.lang.RuntimeException: Execution failed
	at ptolemy.moml.MoMLSimpleApplication$UnloadThread.run(MoMLSimpleApplication.java:402)
Caused by: ptolemy.kernel.util.IllegalActionException: SubscriptionAggregatorPorts cannot be used at the top level, use a SubscriptionAggregator actor instead.
  in .PublisherSubscriptionAggregatorPort.SubscriptionAggregatorPort
	at ptolemy.actor.SubscriptionAggregatorPort.preinitialize(SubscriptionAggregatorPort.java:353)
	at ptolemy.actor.CompositeActor.preinitialize(CompositeActor.java:1769)
	at ptolemy.actor.Manager.preinitializeAndResolveTypes(Manager.java:1040)
	at ptolemy.actor.Manager.initialize(Manager.java:710)
	at ptolemy.actor.Manager.execute(Manager.java:356)
	at ptolemy.actor.Manager.run(Manager.java:1263)
	at ptolemy.actor.Manager$PtolemyRunThread.run(Manager.java:1933)
java.lang.reflect.InvocationTargetException
	at java.base/jdk.internal.reflect.NativeConstructorAccessorImpl.newInstance0(Native Method)
	at java.base/jdk.internal.reflect.NativeConstructorAccessorImpl.newInstance(NativeConstructorAccessorImpl.java:62)
	at java.base/jdk.internal.reflect.DelegatingConstructorAccessorImpl.newInstance(DelegatingConstructorAccessorImpl.java:45)
	at java.base/java.lang.reflect.Constructor.newInstance(Constructor.java:490)
	at ptolemy.util.test.junit.AutoKnownFailedTests.RunModel(AutoKnownFailedTests.java:105)
	at java.base/jdk.internal.reflect.NativeMethodAccessorImpl.invoke0(Native Method)
	at java.base/jdk.internal.reflect.NativeMethodAccessorImpl.invoke(NativeMethodAccessorImpl.java:62)
	at java.base/jdk.internal.reflect.DelegatingMethodAccessorImpl.invoke(DelegatingMethodAccessorImpl.java:43)
	at java.base/java.lang.reflect.Method.invoke(Method.java:566)
	at org.junit.runners.model.FrameworkMethod$1.runReflectiveCall(FrameworkMethod.java:44)
	at org.junit.internal.runners.model.ReflectiveCallable.run(ReflectiveCallable.java:15)
	at org.junit.runners.model.FrameworkMethod.invokeExplosively(FrameworkMethod.java:41)
	at junitparams.internal.InvokeParameterisedMethod.evaluate(InvokeParameterisedMethod.java:102)
	at org.junit.internal.runners.statements.FailOnTimeout$1.run(FailOnTimeout.java:28)
Caused by: ptolemy.kernel.util.IllegalActionException: SubscriptionAggregatorPorts cannot be used at the top level, use a SubscriptionAggregator actor instead.
  in .PublisherSubscriptionAggregatorPort.SubscriptionAggregatorPort
	at ptolemy.actor.SubscriptionAggregatorPort.preinitialize(SubscriptionAggregatorPort.java:353)
	at ptolemy.actor.CompositeActor.preinitialize(CompositeActor.java:1769)
	at ptolemy.actor.Manager.preinitializeAndResolveTypes(Manager.java:1040)
	at ptolemy.actor.Manager.initialize(Manager.java:710)
	at ptolemy.actor.Manager.execute(Manager.java:356)
	at ptolemy.actor.Manager.run(Manager.java:1263)
	at ptolemy.actor.Manager$PtolemyRunThread.run(Manager.java:1933)
java.lang.RuntimeException: Execution failed
	at ptolemy.moml.MoMLSimpleApplication$UnloadThread.run(MoMLSimpleApplication.java:402)
Caused by: ptolemy.kernel.util.IllegalActionException: TypeTest actor has no training data.
  in .sizedarray3.TypeTest
	at ptolemy.actor.lib.TypeTest.initialize(TypeTest.java:250)
	at ptolemy.actor.Director.initialize(Director.java:938)
	at ptolemy.actor.Director.initialize(Director.java:907)
	at ptolemy.actor.sched.StaticSchedulingDirector.initialize(StaticSchedulingDirector.java:159)
	at ptolemy.domains.sdf.kernel.SDFDirector.initialize(SDFDirector.java:544)
	at ptolemy.actor.CompositeActor.initialize(CompositeActor.java:935)
	at ptolemy.actor.Manager.initialize(Manager.java:724)
	at ptolemy.actor.Manager.execute(Manager.java:356)
	at ptolemy.actor.Manager.run(Manager.java:1263)
	at ptolemy.actor.Manager$PtolemyRunThread.run(Manager.java:1933)
java.lang.reflect.InvocationTargetException
	at java.base/jdk.internal.reflect.NativeConstructorAccessorImpl.newInstance0(Native Method)
	at java.base/jdk.internal.reflect.NativeConstructorAccessorImpl.newInstance(NativeConstructorAccessorImpl.java:62)
	at java.base/jdk.internal.reflect.DelegatingConstructorAccessorImpl.newInstance(DelegatingConstructorAccessorImpl.java:45)
	at java.base/java.lang.reflect.Constructor.newInstance(Constructor.java:490)
	at ptolemy.util.test.junit.AutoKnownFailedTests.RunModel(AutoKnownFailedTests.java:105)
	at java.base/jdk.internal.reflect.NativeMethodAccessorImpl.invoke0(Native Method)
	at java.base/jdk.internal.reflect.NativeMethodAccessorImpl.invoke(NativeMethodAccessorImpl.java:62)
	at java.base/jdk.internal.reflect.DelegatingMethodAccessorImpl.invoke(DelegatingMethodAccessorImpl.java:43)
	at java.base/java.lang.reflect.Method.invoke(Method.java:566)
	at org.junit.runners.model.FrameworkMethod$1.runReflectiveCall(FrameworkMethod.java:44)
	at org.junit.internal.runners.model.ReflectiveCallable.run(ReflectiveCallable.java:15)
	at org.junit.runners.model.FrameworkMethod.invokeExplosively(FrameworkMethod.java:41)
	at junitparams.internal.InvokeParameterisedMethod.evaluate(InvokeParameterisedMethod.java:102)
	at org.junit.internal.runners.statements.FailOnTimeout$1.run(FailOnTimeout.java:28)
Caused by: ptolemy.kernel.util.IllegalActionException: TypeTest actor has no training data.
  in .sizedarray3.TypeTest
	at ptolemy.actor.lib.TypeTest.initialize(TypeTest.java:250)
	at ptolemy.actor.Director.initialize(Director.java:938)
	at ptolemy.actor.Director.initialize(Director.java:907)
	at ptolemy.actor.sched.StaticSchedulingDirector.initialize(StaticSchedulingDirector.java:159)
	at ptolemy.domains.sdf.kernel.SDFDirector.initialize(SDFDirector.java:544)
	at ptolemy.actor.CompositeActor.initialize(CompositeActor.java:935)
	at ptolemy.actor.Manager.initialize(Manager.java:724)
	at ptolemy.actor.Manager.execute(Manager.java:356)
	at ptolemy.actor.Manager.run(Manager.java:1263)
	at ptolemy.actor.Manager$PtolemyRunThread.run(Manager.java:1933)
java.lang.RuntimeException: Execution failed
	at ptolemy.moml.MoMLSimpleApplication$UnloadThread.run(MoMLSimpleApplication.java:402)
Caused by: ptolemy.kernel.util.IllegalActionException: Test fails in iteration 0.
Value was: 6001L. Should have been: 6000L
  in .ExecutionTimeSDF.NonStrictTest
	at ptolemy.actor.lib.NonStrictTest.postfire(NonStrictTest.java:328)
	at ptolemy.actor.AtomicActor.iterate(AtomicActor.java:518)
	at ptolemy.actor.sched.StaticSchedulingDirector.fire(StaticSchedulingDirector.java:216)
	at ptolemy.domains.sdf.kernel.SDFDirector.fire(SDFDirector.java:500)
	at ptolemy.actor.CompositeActor.fire(CompositeActor.java:455)
	at ptolemy.actor.Manager.iterate(Manager.java:851)
	at ptolemy.actor.Manager.execute(Manager.java:369)
	at ptolemy.actor.Manager.run(Manager.java:1263)
	at ptolemy.actor.Manager$PtolemyRunThread.run(Manager.java:1933)
]]></system-err>
</testsuite>
