<?xml version="1.0" encoding="UTF-8" ?>
<testsuite errors="0" failures="0" hostname="travis-job-32619702-dcf2-474c-aa97-db5c9d677ede" name="ptolemy.domains.de.test.junit.JUnitTclTest" skipped="0" tests="101" time="134.882" timestamp="2019-08-02T05:13:09">
  <properties>
    <property name="npm.executable" value="npm" />
    <property name="env.TRAVIS_ROOT" value="/" />
    <property name="ptII.mk.exists" value="true" />
    <property name="env.TRAVIS_APP_HOST" value="build.travis-ci.org" />
    <property name="env.rvm_bin_path" value="/home/travis/.rvm/bin" />
    <property name="java.home" value="/usr/local/lib/jvm/openjdk11" />
    <property name="env.TRAVIS_JOB_NUMBER" value="1279.9" />
    <property name="env.TRAVIS_HOME" value="/home/travis" />
    <property name="env.DISPLAY" value=":99.0" />
    <property name="env.TRAVIS_INIT" value="systemd" />
    <property name="env.SSH_TTY" value="/dev/pts/0" />
    <property name="java.net.preferIPv4Stack" value="true" />
    <property name="env.RUN_TESTS" value="true" />
    <property name="timeout.short" value="1000000" />
    <property name="junit.formatter" value="xml" />
    <property name="env.TRAVIS_SUDO" value="true" />
    <property name="env.TRAVIS_JOB_NAME" value="" />
    <property name="env.TRAVIS_STACK_NODE_ATTRIBUTES" value="/.node-attributes.yml" />
    <property name="env.LOGNAME" value="travis" />
    <property name="jsdoc.home" value="node_modules/@terraswarm/jsdoc" />
    <property name="debuglevel" value="source,lines,vars" />
    <property name="checkstyle.formatter" value="xml" />
    <property name="env._system_version" value="16.04" />
    <property name="bin.vergil.makeable" value="true" />
    <property name="sun.os.patch.level" value="unknown" />
    <property name="java.vendor.url" value="http://java.oracle.com/" />
    <property name="env.TRAVIS_BUILD_WEB_URL" value="https://travis-ci.org/icyphy/ptII/builds/566788831" />
    <property name="java.version" value="11.0.2" />
    <property name="env.TZ" value="UTC" />
    <property name="env.TRAVIS_PULL_REQUEST_SHA" value="" />
    <property name="env.PT_NO_NET" value="true" />
    <property name="env.TRAVIS_SECURE_ENV_VARS" value="true" />
    <property name="env._system_type" value="Linux" />
    <property name="java.vendor.url.bug" value="http://bugreport.java.com/bugreport/" />
    <property name="npmjs-org-is-up" value="true" />
    <property name="env.LANGUAGE" value="en_US.UTF-8" />
    <property name="env.SSH_CLIENT" value="10.24.0.37 39880 22" />
    <property name="env.GEM_HOME" value="/home/travis/.rvm/gems/ruby-2.5.3" />
    <property name="env.HAS_ANTARES_THREE_LITTLE_FRONZIES_BADGE" value="true" />
    <property name="java.version.date" value="2019-01-15" />
    <property name="env.PS4" value="+" />
    <property name="ant.project.invoked-targets" value="build,test.core2.xml" />
    <property name="env.TRAVIS_PULL_REQUEST_BRANCH" value="" />
    <property name="env.TRAVIS_REPO_SLUG" value="icyphy/ptII" />
    <property name="env.XDG_DATA_DIRS" value="/usr/local/share:/usr/share:/var/lib/snapd/desktop" />
    <property name="jdk.debug" value="release" />
    <property name="env.TRAVIS_APT_PROXY" value="http://apt.cache.travis-ci.com" />
    <property name="node.in.path" value="true" />
    <property name="user.name" value="travis" />
    <property name="java.maxmemory" value="1400m" />
    <property name="env.RUBY_VERSION" value="ruby-2.5.3" />
    <property name="env.LANG" value="en_US.UTF-8" />
    <property name="sun.io.unicode.encoding" value="UnicodeLittle" />
    <property name="sun.jnu.encoding" value="UTF-8" />
    <property name="java.runtime.name" value="OpenJDK Runtime Environment" />
    <property name="usefile" value="false" />
    <property name="return.code" value="0" />
    <property name="junit.single.formatter" value="plain" />
    <property name="env.DYLD_LIBRARY_PATH" value="/home/travis/pthla/certi-tools/lib:" />
    <property name="env.DEBIAN_FRONTEND" value="noninteractive" />
    <property name="env.SSH_CONNECTION" value="10.24.0.37 39880 10.20.0.238 22" />
    <property name="env.MYSQL_UNIX_PORT" value="/var/run/mysqld/mysqld.sock" />
    <property name="env.LC_ALL" value="en_US.UTF-8" />
    <property name="env.TRAVIS_ALLOW_FAILURE" value="false" />
    <property name="env.TRAVIS_JOB_WEB_URL" value="https://travis-ci.org/icyphy/ptII/jobs/566788840" />
    <property name="java.specification.name" value="Java Platform API Specification" />
    <property name="node.works" value="true" />
    <property name="user.timezone" value="" />
    <property name="path.separator" value=":" />
    <property name="env.TRAVIS_ENABLE_INFRA_DETECTION" value="true" />
    <property name="env.PYTHON_CFLAGS" value="-g -fstack-protector --param=ssp-buffer-size=4 -Wformat -Werror=format-security" />
    <property name="timeout.long" value="4000000" />
    <property name="env.CERTI_HOME" value="/home/travis/pthla/certi-tools" />
    <property name="ant.file.ptII" value="/home/travis/build/icyphy/ptII/build.xml" />
    <property name="javadoc.packagenames" value="com.*,diva.*,lbnl.*,org.hlacerti.*,org.json.*,org.ptolemy.*,org.terraswarm.*,ptolemy.*,ptserver.*" />
    <property name="file.encoding" value="UTF-8" />
    <property name="env.TRAVIS_PULL_REQUEST_SLUG" value="" />
    <property name="ant.project.default-target" value="build" />
    <property name="env.GIT_ASKPASS" value="echo" />
    <property name="env.HOME" value="/home/travis" />
    <property name="sun.java.command" value="org.apache.tools.ant.taskdefs.optional.junit.JUnitTestRunner ptolemy.domains.de.test.junit.JUnitTclTest skipNonTests=false filtertrace=true haltOnError=false haltOnFailure=false formatter=org.apache.tools.ant.taskdefs.optional.junit.OutErrSummaryJUnitResultFormatter showoutput=true outputtoformatters=true logfailedtests=true threadid=0 logtestlistenerevents=false formatter=org.apache.tools.ant.taskdefs.optional.junit.XMLJUnitResultFormatter,/home/travis/build/icyphy/ptII/reports/junit/TEST-ptolemy.domains.de.test.junit.JUnitTclTest.xml crashfile=/home/travis/build/icyphy/ptII/junitvmwatcher231879024806478308.properties propsfile=/home/travis/build/icyphy/ptII/junit391223640968469035.properties" />
    <property name="env.COMPOSER_NO_INTERACTION" value="1" />
    <property name="env.MANPATH" value="/home/travis/.nvm/versions/node/v7.10.1/share/man:/home/travis/.rvm/rubies/ruby-2.5.3/share/man:/usr/local/cmake-3.12.4/man:/usr/local/clang-7.0.0/share/man:/usr/local/man:/usr/local/share/man:/usr/share/man:/home/travis/.rvm/man" />
    <property name="env.TRAVIS_TIMER_ID" value="12e6cf46" />
    <property name="ant.file" value="/home/travis/build/icyphy/ptII/build.xml" />
    <property name="env.TRAVIS_COMMIT_RANGE" value="2e04c9d28f10421f6cf81bc894a35b8065757641...153fae525c03c2cc53a3ce8809572d573e8a4c4a" />
    <property name="env._system_name" value="Ubuntu" />
    <property name="ptII.classpath.optional.property" value="/home/travis/build/icyphy/ptII/lib/bsh-2.0b4.jar:/home/travis/build/icyphy/ptII/lib/ptCal.jar:/home/travis/build/icyphy/ptII/lib/java_cup.jar:/home/travis/build/icyphy/ptII/lib/saxon8.jar:/home/travis/build/icyphy/ptII/lib/saxon8-dom.jar:/home/travis/build/icyphy/ptII/lib/chic.jar:/home/travis/build/icyphy/ptII/lib/ptcolt.jar:/home/travis/build/icyphy/ptII/vendors/misc/itext/iText.jar:/home/travis/build/icyphy/ptII/lib/g4ltl.jar:/home/travis/build/icyphy/ptII/lib/StructuralCoder.jar:/home/travis/build/icyphy/ptII/lib/jcerti.jar:/home/travis/build/icyphy/ptII/lib/javax.mail.jar:/home/travis/build/icyphy/ptII/vendors/JMF-2.1.1e/lib/jmf.jar:/home/travis/build/icyphy/ptII/lib/jna-4.0.0-variadic.jar:/home/travis/build/icyphy/ptII/vendors/misc/joystick/Joystick.jar:/home/travis/build/icyphy/ptII/lib/ptjacl.jar:/home/travis/build/icyphy/ptII/lib/jsoup-1.8.2.jar:/home/travis/build/icyphy/ptII/lib/junit-4.8.2.jar:/home/travis/build/icyphy/ptII/lib/JUnitParams-0.4.0.jar:/home/travis/build/icyphy/ptII/ptolemy/actor/lib/excel/jxl.jar:/home/travis/build/icyphy/ptII/lib/jython.jar:/home/travis/build/icyphy/ptII/lib/kieler.jar:/home/travis/build/icyphy/ptII/vendors/opencv/share/OpenCV/java/opencv-341.jar:/home/travis/build/icyphy/ptII/lib/oscP5.jar:/home/travis/build/icyphy/ptII/lib/nrjavaserial-3.11.0.devel.jar:/home/travis/build/icyphy/ptII/vendors/j3d/lib/Linux/j3dcore.jar:/home/travis/build/icyphy/ptII/vendors/j3d/lib/Linux/j3dutils.jar:/home/travis/build/icyphy/ptII/vendors/j3d/lib/Linux/vecmath.jar:/home/travis/build/icyphy/ptII/vendors/jogl/lib/Linux/gluegen-rt-natives-linux-amd64.jar:/home/travis/build/icyphy/ptII/vendors/jogl/lib/Linux/gluegen-rt.jar:/home/travis/build/icyphy/ptII/vendors/jogl/lib/Linux/jogl-all-natives-linux-amd64.jar:/home/travis/build/icyphy/ptII/vendors/jogl/lib/Linux/jogl-all.jar:/home/travis/build/icyphy/ptII/ptolemy/distributed/jini/jar/jini-core.jar:/home/travis/build/icyphy/ptII/ptolemy/distributed/jini/jar/jini-ext.jar:/home/travis/build/icyphy/ptII/ptolemy/distributed/jini/jar/sun-util.jar:/home/travis/build/icyphy/ptII/lib/protobuf-java-2.4.1.jar:/home/travis/build/icyphy/ptII/lib/org.eclipse.paho.client.mqttv3.jar:/home/travis/build/icyphy/ptII/lib/mapss.jar:/home/travis/build/icyphy/ptII/ptolemy/actor/ptalon/antlr/antlr.jar:/home/travis/build/icyphy/ptII/lib/JRI.jar:/home/travis/build/icyphy/ptII/lib/commons-lang-2.6.jar:/home/travis/build/icyphy/ptII/lib/commons-logging-1.1.1.jar:/home/travis/build/icyphy/ptII/lib/sootclasses.jar:/home/travis/build/icyphy/ptII/ptolemy/actor/lib/database/mysql-connector-java-5.1.6-bin.jar:/home/travis/build/icyphy/ptII/vendors/misc/sphinx4/sphinx4-data-5prealpha.jar:/home/travis/build/icyphy/ptII/vendors/misc/sphinx4/sphinx4-core-5prealpha.jar:/home/travis/build/icyphy/ptII/lib/PDFRenderer.jar:/home/travis/build/icyphy/ptII/lib/svgSalamander.jar:/home/travis/build/icyphy/ptII/lib/rsyntaxtextarea-2.6.0-SNAPSHOT.jar:/home/travis/build/icyphy/ptII/lib/hazelcast-3.8.2.jar:/home/travis/build/icyphy/ptII/lib/jackson-annotations-2.9.0.jar:/home/travis/build/icyphy/ptII/lib/jackson-core-2.9.3.jar:/home/travis/build/icyphy/ptII/lib/jackson-databind-2.9.3.jar:/home/travis/build/icyphy/ptII/lib/netty-buffer-4.1.19.Final.jar:/home/travis/build/icyphy/ptII/lib/netty-codec-4.1.19.Final.jar:/home/travis/build/icyphy/ptII/lib/netty-codec-dns-4.1.19.Final.jar:/home/travis/build/icyphy/ptII/lib/netty-codec-http-4.1.19.Final.jar:/home/travis/build/icyphy/ptII/lib/netty-codec-http2-4.1.19.Final.jar:/home/travis/build/icyphy/ptII/lib/netty-common-4.1.19.Final.jar:/home/travis/build/icyphy/ptII/lib/netty-handler-4.1.19.Final.jar:/home/travis/build/icyphy/ptII/lib/netty-resolver-4.1.19.Final.jar:/home/travis/build/icyphy/ptII/lib/netty-resolver-dns-4.1.19.Final.jar:/home/travis/build/icyphy/ptII/lib/netty-transport-4.1.19.Final.jar:/home/travis/build/icyphy/ptII/lib/vertx-codegen-3.5.1.jar:/home/travis/build/icyphy/ptII/lib/vertx-core-3.5.2-SNAPSHOT.jar:/home/travis/build/icyphy/ptII/lib/vertx-hazelcast-3.5.1.jar:/home/travis/build/icyphy/ptII/lib/vertx-lang-js-3.5.1.jar:/home/travis/build/icyphy/ptII/lib/vertx-service-proxy-3.5.1.jar:/home/travis/build/icyphy/ptII/lib/vertx-web-3.5.1.jar:/home/travis/build/icyphy/ptII/lib/slf4j-api-1.7.13.jar:/home/travis/build/icyphy/ptII/lib/slf4j-simple-1.7.13.jar:/home/travis/build/icyphy/ptII/lib/webcam-capture-0.3.12.jar:/home/travis/build/icyphy/ptII/lib/bridj-0.7.0.jar:/home/travis/build/icyphy/ptII/lib/xbjlib-1.1.0.nrjavaserial.jar" />
    <property name="timeout" value="2400000" />
    <property name="test.batch" value="**/junit/*.java" />
    <property name="env._" value="/usr/bin/timeout" />
    <property name="java.io.tmpdir" value="/tmp" />
    <property name="user.language" value="en" />
    <property name="env.TRAVIS_INTERNAL_RUBY_REGEX" value="^ruby-(2\.[0-4]\.[0-9]|1\.9\.3)" />
    <property name="env.HISTCONTROL" value="ignoredups:ignorespace" />
    <property name="env.GOROOT" value="/home/travis/.gimme/versions/go1.11.1.linux.amd64" />
    <property name="line.separator" value="&#xa;" />
    <property name="target" value="11" />
    <property name="env.TRAVIS_BUILD_DIR" value="/home/travis/build/icyphy/ptII" />
    <property name="env.ANT_OPTS" value="-Xmx2048m" />
    <property name="ant.file.type" value="file" />
    <property name="ptolemy.ptII.batchMode" value="true" />
    <property name="env.HISTSIZE" value="1000" />
    <property name="env.MERB_ENV" value="test" />
    <property name="java.vm.info" value="mixed mode" />
    <property name="source" value="11" />
    <property name="java.vm.specification.name" value="Java Virtual Machine Specification" />
    <property name="env.TRAVIS_TEST_RESULT" value="0" />
    <property name="jsdoc.command" value="node_modules/@terraswarm/jsdoc/jsdoc.js" />
    <property name="npm.works" value="true" />
    <property name="cobertura.dir" value="/home/travis/build/icyphy/ptII/vendors/cobertura-2.0.3" />
    <property name="jsdoc.command.exists" value="true" />
    <property name="env.rvm_path" value="/home/travis/.rvm" />
    <property name="env.GEM_PATH" value="/home/travis/.rvm/gems/ruby-2.5.3:/home/travis/.rvm/gems/ruby-2.5.3@global" />
    <property name="env.LC_CTYPE" value="en_US.UTF-8" />
    <property name="env.TRAVIS_CMD" value="$PTII/bin/ptIITravisBuild.sh $SECONDS" />
    <property name="java.awt.printerjob" value="sun.print.PSPrinterJob" />
    <property name="env.TRAVIS_STACK_NAME" value="sardonyx" />
    <property name="env.TRAVIS_TIMER_START_TIME" value="1564722557996404535" />
    <property name="ant.version" value="Apache Ant(TM) version 1.10.1 compiled on February 2 2017" />
    <property name="ptII.reports" value="/home/travis/build/icyphy/ptII/reports" />
    <property name="env.TRAVIS_STACK_TIMESTAMP" value="2019-03-25 16:16:56 UTC" />
    <property name="ant.file.type.ptII" value="file" />
    <property name="env.RBENV_SHELL" value="bash" />
    <property name="os.name" value="Linux" />
    <property name="java.specification.vendor" value="Oracle Corporation" />
    <property name="env.rvm_version" value="1.29.7 (latest)" />
    <property name="env.TRAVIS_INFRA" value="gce" />
    <property name="env.TERM" value="xterm" />
    <property name="java.vm.name" value="OpenJDK 64-Bit Server VM" />
    <property name="env.TRAVIS_BUILD_NUMBER" value="1279" />
    <property name="env.CI" value="true" />
    <property name="java.library.path" value="/home/travis/pthla/certi-tools/lib:/usr/lib/jni:/usr/local/share/OpenCV/java/:/usr/share/OpenCV/java::/usr/java/packages/lib:/usr/lib64:/lib64:/lib:/usr/lib" />
    <property name="jdk.module.path" value="/home/travis/build/icyphy/ptII/vendors/javafx/javafx-sdk-11.0.2/lib:" />
    <property name="env.rvm_prefix" value="/home/travis" />
    <property name="env.PATH" value="/home/travis/pthla/certi-tools/share/scripts:/home/travis/.rvm/gems/ruby-2.5.3/bin:/home/travis/.rvm/gems/ruby-2.5.3@global/bin:/home/travis/.rvm/rubies/ruby-2.5.3/bin:/home/travis/.rvm/bin:/home/travis/.nvm/versions/node/v7.10.1/bin:./node_modules/.bin:/home/travis/build/icyphy/ptII/bin:/home/travis/pthla/certi-tools/bin:/home/travis/bin:/home/travis/.local/bin:/usr/local/lib/jvm/openjdk11/bin:/opt/pyenv/shims:/home/travis/.phpenv/shims:/home/travis/perl5/perlbrew/bin:/home/travis/gopath/bin:/home/travis/.gimme/versions/go1.11.1.linux.amd64/bin:/usr/local/maven-3.6.0/bin:/usr/local/cmake-3.12.4/bin:/usr/local/clang-7.0.0/bin:/usr/local/sbin:/usr/local/bin:/usr/sbin:/usr/bin:/sbin:/bin:/snap/bin:/home/travis/.phpenv/bin:/opt/pyenv/bin:/home/travis/.yarn/bin" />
    <property name="env.TRAVIS_OS_NAME" value="linux" />
    <property name="ant.java.version" value="9" />
    <property name="basedir" value="/home/travis/build/icyphy/ptII" />
    <property name="java.class.version" value="55.0" />
    <property name="env.SHLVL" value="3" />
    <property name="env.LD_LIBRARY_PATH" value="/home/travis/pthla/certi-tools/lib:/usr/lib/jni:/usr/local/share/OpenCV/java/:/usr/share/OpenCV/java:" />
    <property name="env.RACK_ENV" value="test" />
    <property name="ant.home" value="/home/travis/build/icyphy/ptII/ant" />
    <property name="env.NVM_DIR" value="/home/travis/.nvm" />
    <property name="env.CERTI_FOM_PATH" value="/home/travis/pthla/certi-tools/share/federations" />
    <property name="env.TRAVIS_BUILD_ID" value="566788831" />
    <property name="env.PYENV_ROOT" value="/opt/pyenv" />
    <property name="env.TRAVIS_UID" value="2000" />
    <property name="prism.verbose" value="true" />
    <property name="env.NVM_BIN" value="/home/travis/.nvm/versions/node/v7.10.1/bin" />
    <property name="env.TRAVIS_COMMIT" value="153fae525c03c2cc53a3ce8809572d573e8a4c4a" />
    <property name="env._system_arch" value="x86_64" />
    <property name="node.executable" value="node" />
    <property name="sun.boot.library.path" value="/usr/local/lib/jvm/openjdk11/lib" />
    <property name="sun.management.compiler" value="HotSpot 64-Bit Tiered Compilers" />
    <property name="java.awt.graphicsenv" value="sun.awt.X11GraphicsEnvironment" />
    <property name="env.GOPATH" value="/home/travis/gopath" />
    <property name="ptolemy.ptII.dir" value="/home/travis/build/icyphy/ptII" />
    <property name="env.USER" value="travis" />
    <property name="env.HISTFILESIZE" value="2000" />
    <property name="timeout.longest" value="19000000" />
    <property name="env.PERLBREW_SHELLRC_VERSION" value="0.86" />
    <property name="env.TRAVIS_STACK_FEATURES" value="basic couchdb disabled-ipv6 docker docker-compose elasticsearch firefox go-toolchain google-chrome jdk memcached mongodb mysql nodejs_interpreter perl_interpreter perlbrew phantomjs postgresql python_interpreter redis ruby_interpreter sqlite xserver" />
    <property name="env.TRAVIS_PULL_REQUEST" value="false" />
    <property name="env.PYENV_SHELL" value="bash" />
    <property name="ant.project.name" value="ptII" />
    <property name="env.ANSI_RESET" value="\033[0m" />
    <property name="java.vm.specification.version" value="11" />
    <property name="env.TRAVIS_DIST" value="xenial" />
    <property name="env.CERTI_VERSION" value="4.0.0" />
    <property name="env.CERTI_HOST" value="localhost" />
    <property name="awt.toolkit" value="sun.awt.X11.XToolkit" />
    <property name="env.MY_RUBY_HOME" value="/home/travis/.rvm/rubies/ruby-2.5.3" />
    <property name="sun.cpu.isalist" value="" />
    <property name="env.TRAVIS_TMPDIR" value="/tmp/tmp.aYRyFAmjMd" />
    <property name="java.vm.compressedOopsMode" value="Zero based" />
    <property name="os.version" value="4.15.0-1028-gcp" />
    <property name="user.home" value="/home/travis" />
    <property name="java.vm.vendor" value="Oracle Corporation" />
    <property name="env.TRAVIS_TAG" value="nightly" />
    <property name="env.ANSI_YELLOW" value="\033[33;1m" />
    <property name="env.TRAVIS_FILTERED" value="redirect_io" />
    <property name="env.ANSI_GREEN" value="\033[32;1m" />
    <property name="env.JAVA_HOME" value="/usr/local/lib/jvm/openjdk11" />
    <property name="javadoc.excludepackagenames" value="adm.cvs2svn.*,build.*,config.*,doc.coding.templates.*,jni.test.jni.meaningOfLife.*,jni.test.jni.testDeux.*,jni.test.jni.testTrois.*,org.terraswarm.accessor.accessors.web.node_modules.*,org.terraswarm.accessor.accessors.web.hosts.cordova.demo.*,org.terraswarm.accessor.accessors.web.hosts.cordova.plugins.*,org.terraswarm.accessor.accessors-svn.*,pt-modules.*,ptolemy.apps.agilent.*,ptolemy.apps.anytimecontrol.*,ptolemy.apps.apes.*,ptolemy.apps.charon.*,ptolemy.apps.crazyboard.*,ptolemy.apps.eclipse.*,ptolemy.apps.etherealSting.*,ptolemy.apps.fullscreen.*,ptolemy.apps.giotto.*,ptolemy.apps.ia.*,ptolemy.apps.interfaces.*,ptolemy.apps.jmf.*,ptolemy.apps.kurt.*,ptolemy.apps.kvm.*,ptolemy.apps.lego.*,ptolemy.apps.lejos.*,ptolemy.apps.midp.*,ptolemy.apps.mobileCoding.*,ptolemy.apps.pendulum.*,ptolemy.apps.rijndael.*,ptolemy.apps.robot.*,ptolemy.apps.security.*,ptolemy.apps.sobel.*,ptolemy.apps.soot.*,ptolemy.apps.throttle.*,ptolemy.apps.tini.*,ptolemy.apps.transmission.*,ptolemy.apps.vergil.*,ptolemy.apps.waba.*,ptolemy.apps.websensor.*,ptolemy.apps.webstart.*,ptolemy.apps.xsl.*,ptolemy.apps.zaurus.*,ptolemy.codegen.c.actor.lib.oldJavaFiles.*,ptolemy.codegen.dsp.lib.*,ptolemy.codegen.kernel.newInterfaces.*,ptolemy.codegen.lib.*,ptolemy.copernicus.kernel.fragment.*,ptolemy.copernicus.shallow.cg.*,ptolemy.domains.giotto.demo.Hierarchy.Hierarchy.*,ptolemy.domains.giotto.demo.Multimode.Multimode.*,ptolemy.domains.giotto.demo.Simple.Simple.*,ptolemy.domains.gr.lib.experimental.*,ptolemy.domains.gro.*,ptolemy.domains.pdf.*,ptolemy.domains.ptinyos.demo.Surge.output.*,ptolemy.moml.test.NoPackageActor.java*,ptolemy.plot.adm.*,ptolemy.plot.servlet.*,reports.*,signed.*,src.*,target.*,vendors.*,ptolemy.copernicus.applet.*,ptolemy.media.viewer.*,ptolemy.actor.corba.*,doc.doclets.*,ptolemy.apps.eclipse.awt.*,ptolemy.backtrack.*,ptolemy.backtrack.ast.*,ptolemy.cg.adapter.generic.program.procedural.c.mbed*,ptolemy.homer.*,ptolemy.actor.lib.jai.*,org.ptolemy.scala.*,diva.util.java2d.svg.*,ptolemy.domains.ptinyos.*,ptolemy.actor.lib.fmi.fmipp.*,,org.terraswarm.accessor.accessors.web.node_modules.*,org.terraswarm.accessor.accessors-svn,ptolemy.apps.*,ptolemy.actor.ptalon.demo.ptinyos.SendAndReceiveCnt.output,ptolemy.actor.ptalon.demo.ptinyos.SenseToLeds.output,ptolemy.domains.ptinyos.demo.CntToLedsAndRfm.output,ptolemy.domains.ptinyos.demo.RfmToLeds.output,ptolemy.domains.ptinyos.demo.SendAndReceiveCnt.output,ptolemy.domains.ptinyos.demo.SenseToLeds.output,ptolemy.actor.lib.jjs.modules.udpSocket.*" />
    <property name="env.PTII" value="/home/travis/build/icyphy/ptII" />
    <property name="env.XDG_SESSION_ID" value="2" />
    <property name="keystore" value="ptKeystore" />
    <property name="env.TRAVIS_COMMIT_MESSAGE" value="No longer display top output." />
    <property name="junit.output.dir" value="/home/travis/build/icyphy/ptII/reports/junit" />
    <property name="npm.return.code" value="0" />
    <property name="user.dir" value="/home/travis/build/icyphy/ptII/ptolemy/domains/de/test" />
    <property name="env.TRAVIS_NODE_VERSION" value="7" />
    <property name="env.TRAVIS_EVENT_TYPE" value="cron" />
    <property name="env.MAIL" value="/var/mail/travis" />
    <property name="env.PERLBREW_ROOT" value="/home/travis/perl5/perlbrew" />
    <property name="env.PWD" value="/home/travis/build/icyphy/ptII" />
    <property name="timeout.npm" value="45000" />
    <property name="env.PT_TRAVIS_TEST_CORE2_XML" value="true" />
    <property name="env.TRAVIS_ARCH" value="amd64" />
    <property name="sun.cpu.endian" value="little" />
    <property name="env.PAGER" value="cat" />
    <property name="env.TRAVIS_BUILD_STAGE_NAME" value="Test" />
    <property name="env.PERLBREW_HOME" value="/home/travis/.perlbrew" />
    <property name="java.vm.version" value="11.0.2+9" />
    <property name="env.RAILS_ENV" value="test" />
    <property name="java.class.path" value="/home/travis/build/icyphy/ptII:/home/travis/build/icyphy/ptII/lib/bsh-2.0b4.jar:/home/travis/build/icyphy/ptII/lib/ptCal.jar:/home/travis/build/icyphy/ptII/lib/java_cup.jar:/home/travis/build/icyphy/ptII/lib/saxon8.jar:/home/travis/build/icyphy/ptII/lib/saxon8-dom.jar:/home/travis/build/icyphy/ptII/lib/chic.jar:/home/travis/build/icyphy/ptII/lib/ptcolt.jar:/home/travis/build/icyphy/ptII/vendors/misc/itext/iText.jar:/home/travis/build/icyphy/ptII/lib/g4ltl.jar:/home/travis/build/icyphy/ptII/lib/StructuralCoder.jar:/home/travis/build/icyphy/ptII/lib/jcerti.jar:/home/travis/build/icyphy/ptII/lib/javax.mail.jar:/home/travis/build/icyphy/ptII/vendors/JMF-2.1.1e/lib/jmf.jar:/home/travis/build/icyphy/ptII/lib/jna-4.0.0-variadic.jar:/home/travis/build/icyphy/ptII/vendors/misc/joystick/Joystick.jar:/home/travis/build/icyphy/ptII/lib/ptjacl.jar:/home/travis/build/icyphy/ptII/lib/jsoup-1.8.2.jar:/home/travis/build/icyphy/ptII/lib/junit-4.8.2.jar:/home/travis/build/icyphy/ptII/lib/JUnitParams-0.4.0.jar:/home/travis/build/icyphy/ptII/ptolemy/actor/lib/excel/jxl.jar:/home/travis/build/icyphy/ptII/lib/jython.jar:/home/travis/build/icyphy/ptII/lib/kieler.jar:/home/travis/build/icyphy/ptII/vendors/opencv/share/OpenCV/java/opencv-341.jar:/home/travis/build/icyphy/ptII/lib/oscP5.jar:/home/travis/build/icyphy/ptII/lib/nrjavaserial-3.11.0.devel.jar:/home/travis/build/icyphy/ptII/vendors/j3d/lib/Linux/j3dcore.jar:/home/travis/build/icyphy/ptII/vendors/j3d/lib/Linux/j3dutils.jar:/home/travis/build/icyphy/ptII/vendors/j3d/lib/Linux/vecmath.jar:/home/travis/build/icyphy/ptII/vendors/jogl/lib/Linux/gluegen-rt-natives-linux-amd64.jar:/home/travis/build/icyphy/ptII/vendors/jogl/lib/Linux/gluegen-rt.jar:/home/travis/build/icyphy/ptII/vendors/jogl/lib/Linux/jogl-all-natives-linux-amd64.jar:/home/travis/build/icyphy/ptII/vendors/jogl/lib/Linux/jogl-all.jar:/home/travis/build/icyphy/ptII/ptolemy/distributed/jini/jar/jini-core.jar:/home/travis/build/icyphy/ptII/ptolemy/distributed/jini/jar/jini-ext.jar:/home/travis/build/icyphy/ptII/ptolemy/distributed/jini/jar/sun-util.jar:/home/travis/build/icyphy/ptII/lib/protobuf-java-2.4.1.jar:/home/travis/build/icyphy/ptII/lib/org.eclipse.paho.client.mqttv3.jar:/home/travis/build/icyphy/ptII/lib/mapss.jar:/home/travis/build/icyphy/ptII/ptolemy/actor/ptalon/antlr/antlr.jar:/home/travis/build/icyphy/ptII/lib/JRI.jar:/home/travis/build/icyphy/ptII/lib/commons-lang-2.6.jar:/home/travis/build/icyphy/ptII/lib/commons-logging-1.1.1.jar:/home/travis/build/icyphy/ptII/lib/sootclasses.jar:/home/travis/build/icyphy/ptII/ptolemy/actor/lib/database/mysql-connector-java-5.1.6-bin.jar:/home/travis/build/icyphy/ptII/vendors/misc/sphinx4/sphinx4-data-5prealpha.jar:/home/travis/build/icyphy/ptII/vendors/misc/sphinx4/sphinx4-core-5prealpha.jar:/home/travis/build/icyphy/ptII/lib/PDFRenderer.jar:/home/travis/build/icyphy/ptII/lib/svgSalamander.jar:/home/travis/build/icyphy/ptII/lib/rsyntaxtextarea-2.6.0-SNAPSHOT.jar:/home/travis/build/icyphy/ptII/lib/hazelcast-3.8.2.jar:/home/travis/build/icyphy/ptII/lib/jackson-annotations-2.9.0.jar:/home/travis/build/icyphy/ptII/lib/jackson-core-2.9.3.jar:/home/travis/build/icyphy/ptII/lib/jackson-databind-2.9.3.jar:/home/travis/build/icyphy/ptII/lib/netty-buffer-4.1.19.Final.jar:/home/travis/build/icyphy/ptII/lib/netty-codec-4.1.19.Final.jar:/home/travis/build/icyphy/ptII/lib/netty-codec-dns-4.1.19.Final.jar:/home/travis/build/icyphy/ptII/lib/netty-codec-http-4.1.19.Final.jar:/home/travis/build/icyphy/ptII/lib/netty-codec-http2-4.1.19.Final.jar:/home/travis/build/icyphy/ptII/lib/netty-common-4.1.19.Final.jar:/home/travis/build/icyphy/ptII/lib/netty-handler-4.1.19.Final.jar:/home/travis/build/icyphy/ptII/lib/netty-resolver-4.1.19.Final.jar:/home/travis/build/icyphy/ptII/lib/netty-resolver-dns-4.1.19.Final.jar:/home/travis/build/icyphy/ptII/lib/netty-transport-4.1.19.Final.jar:/home/travis/build/icyphy/ptII/lib/vertx-codegen-3.5.1.jar:/home/travis/build/icyphy/ptII/lib/vertx-core-3.5.2-SNAPSHOT.jar:/home/travis/build/icyphy/ptII/lib/vertx-hazelcast-3.5.1.jar:/home/travis/build/icyphy/ptII/lib/vertx-lang-js-3.5.1.jar:/home/travis/build/icyphy/ptII/lib/vertx-service-proxy-3.5.1.jar:/home/travis/build/icyphy/ptII/lib/vertx-web-3.5.1.jar:/home/travis/build/icyphy/ptII/lib/slf4j-api-1.7.13.jar:/home/travis/build/icyphy/ptII/lib/slf4j-simple-1.7.13.jar:/home/travis/build/icyphy/ptII/lib/webcam-capture-0.3.12.jar:/home/travis/build/icyphy/ptII/lib/bridj-0.7.0.jar:/home/travis/build/icyphy/ptII/lib/xbjlib-1.1.0.nrjavaserial.jar:/home/travis/build/icyphy/ptII/ptolemy/moml/test:/home/travis/build/icyphy/ptII/ant/lib/ant-launcher.jar:/home/travis/build/icyphy/ptII/ant/lib/ant.jar:/home/travis/build/icyphy/ptII/ant/lib/ant-junit.jar:/home/travis/build/icyphy/ptII/ant/lib/ant-junit4.jar" />
    <property name="ant.library.dir" value="/home/travis/build/icyphy/ptII/ant/lib" />
    <property name="os.arch" value="amd64" />
    <property name="env.CONTINUOUS_INTEGRATION" value="true" />
    <property name="env.TRAVIS_LANGUAGE" value="node_js" />
    <property name="env.TRAVIS_STACK_LANGUAGES" value="__sardonyx__ c c++ clojure cplusplus cpp default generic go groovy java node_js php pure_java python ruby scala" />
    <property name="test.name" value="ptolemy.actor.lib.test.junit.JUnitTclTest" />
    <property name="env.APT_KEY_DONT_WARN_ON_DANGEROUS_USAGE" value="1" />
    <property name="sun.java.launcher" value="SUN_STANDARD" />
    <property name="env.PYTHON_CONFIGURE_OPTS" value="--enable-unicode=ucs4 --with-wide-unicode --enable-shared --enable-ipv6 --enable-loadable-sqlite-extensions --with-computed-gotos" />
    <property name="ant.core.lib" value="/home/travis/build/icyphy/ptII/ant/lib/ant.jar" />
    <property name="java.vm.specification.vendor" value="Oracle Corporation" />
    <property name="env.BCVTB_HOME" value="/home/travis/build/icyphy/ptII/lbnl" />
    <property name="file.separator" value="/" />
    <property name="spotbugs.home" value="/home/travis/build/icyphy/ptII/vendors/spotbugs-3.1.1" />
    <property name="java.runtime.version" value="11.0.2+9" />
    <property name="env.ANSI_CLEAR" value="\033[0K" />
    <property name="javafx.verbose" value="true" />
    <property name="env.HAS_JOSH_K_SEAL_OF_APPROVAL" value="true" />
    <property name="env.XDG_RUNTIME_DIR" value="/run/user/2000" />
    <property name="env.TRAVIS_OSX_IMAGE" value="" />
    <property name="env.TRAVIS_JOB_ID" value="566788840" />
    <property name="env.TRAVIS_BRANCH" value="master" />
    <property name="user.country" value="US" />
    <property name="env.CERTI_HOME_TRAVIS" value="/home/travis/pthla/certi-tools" />
    <property name="env.SHELL" value="/bin/bash" />
    <property name="java.maxmemory.large" value="3200m" />
    <property name="model" value="" />
    <property name="env.CASHER_DIR" value="/home/travis/.casher" />
    <property name="env.NVM_CD_FLAGS" value="" />
    <property name="java.vendor.version" value="18.9" />
    <property name="jshint.executable" value="/home/travis/node_modules/jshint/bin/jshint" />
    <property name="env.JRUBY_OPTS" value=" --client -J-XX:+TieredCompilation -J-XX:TieredStopAtLevel=1 -J-Xss2m -Xcompile.invokedynamic=false" />
    <property name="java.vendor" value="Oracle Corporation" />
    <property name="env.TRAVIS_PRE_CHEF_BOOTSTRAP_TIME" value="2019-03-25T16:16:42" />
    <property name="env.TRAVIS_STACK_JOB_BOARD_REGISTER" value="/.job-board-register.yml" />
    <property name="env.ANSI_RED" value="\033[31;1m" />
    <property name="java.specification.version" value="11" />
    <property name="env.IRBRC" value="/home/travis/.rvm/rubies/ruby-2.5.3/.irbrc" />
    <property name="env.TRAVIS" value="true" />
    <property name="sun.arch.data.model" value="64" />
  </properties>
  <testcase classname="ptolemy.util.test.junit.TclTests" name="[0] /home/travis/build/icyphy/ptII/ptolemy/domains/de/test/DependencyLoop.tcl (RunTclFile)" time="1.075" />
  <testcase classname="ptolemy.util.test.junit.TclTests" name="[1] /home/travis/build/icyphy/ptII/ptolemy/domains/de/test/RunDETestsAsQSS.tcl (RunTclFile)" time="91.44" />
  <testcase classname="ptolemy.util.test.junit.AutoKnownFailedTests" name="[0] /home/travis/build/icyphy/ptII/ptolemy/domains/de/test/auto/knownFailedTests/DESDFClockTest.xml (RunModel)" time="2.052" />
  <testcase classname="ptolemy.util.test.junit.AutoKnownFailedTests" name="[1] /home/travis/build/icyphy/ptII/ptolemy/domains/de/test/auto/knownFailedTests/DirectFeedback.xml (RunModel)" time="0.02" />
  <testcase classname="ptolemy.util.test.junit.AutoKnownFailedTests" name="[2] /home/travis/build/icyphy/ptII/ptolemy/domains/de/test/auto/knownFailedTests/FSMSource.xml (RunModel)" time="0.028" />
  <testcase classname="ptolemy.util.test.junit.AutoKnownFailedTests" name="[3] /home/travis/build/icyphy/ptII/ptolemy/domains/de/test/auto/knownFailedTests/HierarchicalModel.xml (RunModel)" time="0.055" />
  <testcase classname="ptolemy.util.test.junit.AutoKnownFailedTests" name="[4] /home/travis/build/icyphy/ptII/ptolemy/domains/de/test/auto/knownFailedTests/dependencyLoop.xml (RunModel)" time="0.051" />
  <testcase classname="ptolemy.util.test.junit.AutoKnownFailedTests" name="[5] /home/travis/build/icyphy/ptII/ptolemy/domains/de/test/auto/knownFailedTests/dependencyLoop2.xml (RunModel)" time="0.044" />
  <testcase classname="ptolemy.util.test.junit.AutoNameArchTests" name="[0] ThereAreNoAutoArchTests (RunModel)" time="0.002" />
  <testcase classname="ptolemy.util.test.junit.AutoTests" name="[0] /home/travis/build/icyphy/ptII/ptolemy/domains/de/test/auto/ActorDepthCalculation_actorWithoutPorts.xml (RunModel)" time="0.018" />
  <testcase classname="ptolemy.util.test.junit.AutoTests" name="[1] /home/travis/build/icyphy/ptII/ptolemy/domains/de/test/auto/AssemblyLine.xml (RunModel)" time="0.024" />
  <testcase classname="ptolemy.util.test.junit.AutoTests" name="[2] /home/travis/build/icyphy/ptII/ptolemy/domains/de/test/auto/CQBug1.xml (RunModel)" time="0.012" />
  <testcase classname="ptolemy.util.test.junit.AutoTests" name="[3] /home/travis/build/icyphy/ptII/ptolemy/domains/de/test/auto/CancelFireAt.xml (RunModel)" time="0.015" />
  <testcase classname="ptolemy.util.test.junit.AutoTests" name="[4] /home/travis/build/icyphy/ptII/ptolemy/domains/de/test/auto/CausalityAndComposabilityAnalysis.xml (RunModel)" time="0.013" />
  <testcase classname="ptolemy.util.test.junit.AutoTests" name="[5] /home/travis/build/icyphy/ptII/ptolemy/domains/de/test/auto/CausalityInterface1.xml (RunModel)" time="0.016" />
  <testcase classname="ptolemy.util.test.junit.AutoTests" name="[6] /home/travis/build/icyphy/ptII/ptolemy/domains/de/test/auto/CausalityInterface15.xml (RunModel)" time="0.022" />
  <testcase classname="ptolemy.util.test.junit.AutoTests" name="[7] /home/travis/build/icyphy/ptII/ptolemy/domains/de/test/auto/CausalityInterface2.xml (RunModel)" time="0.014" />
  <testcase classname="ptolemy.util.test.junit.AutoTests" name="[8] /home/travis/build/icyphy/ptII/ptolemy/domains/de/test/auto/CausalityInterface3.xml (RunModel)" time="0.014" />
  <testcase classname="ptolemy.util.test.junit.AutoTests" name="[9] /home/travis/build/icyphy/ptII/ptolemy/domains/de/test/auto/ClockDrift.xml (RunModel)" time="0.042" />
  <testcase classname="ptolemy.util.test.junit.AutoTests" name="[10] /home/travis/build/icyphy/ptII/ptolemy/domains/de/test/auto/ClockDriftAndValueChange.xml (RunModel)" time="0.034" />
  <testcase classname="ptolemy.util.test.junit.AutoTests" name="[11] /home/travis/build/icyphy/ptII/ptolemy/domains/de/test/auto/ClockDriftChange.xml (RunModel)" time="0.032" />
  <testcase classname="ptolemy.util.test.junit.AutoTests" name="[12] /home/travis/build/icyphy/ptII/ptolemy/domains/de/test/auto/ComposableCausalityAnalysis.xml (RunModel)" time="0.016" />
  <testcase classname="ptolemy.util.test.junit.AutoTests" name="[13] /home/travis/build/icyphy/ptII/ptolemy/domains/de/test/auto/DEFixedPointLimitation.xml (RunModel)" time="0.016" />
  <testcase classname="ptolemy.util.test.junit.AutoTests" name="[14] /home/travis/build/icyphy/ptII/ptolemy/domains/de/test/auto/DEScheduleTest.xml (RunModel)" time="0.015" />
  <testcase classname="ptolemy.util.test.junit.AutoTests" name="[15] /home/travis/build/icyphy/ptII/ptolemy/domains/de/test/auto/DEinDEwithStartTimes.xml (RunModel)" time="0.017" />
  <testcase classname="ptolemy.util.test.junit.AutoTests" name="[16] /home/travis/build/icyphy/ptII/ptolemy/domains/de/test/auto/DEinDEwithStartTimes2.xml (RunModel)" time="0.018" />
  <testcase classname="ptolemy.util.test.junit.AutoTests" name="[17] /home/travis/build/icyphy/ptII/ptolemy/domains/de/test/auto/DateDemo.xml (RunModel)" time="0.041" />
  <testcase classname="ptolemy.util.test.junit.AutoTests" name="[18] /home/travis/build/icyphy/ptII/ptolemy/domains/de/test/auto/DateToEvent.xml (RunModel)" time="2.043" />
  <testcase classname="ptolemy.util.test.junit.AutoTests" name="[19] /home/travis/build/icyphy/ptII/ptolemy/domains/de/test/auto/DepthTest1.xml (RunModel)" time="0.011" />
  <testcase classname="ptolemy.util.test.junit.AutoTests" name="[20] /home/travis/build/icyphy/ptII/ptolemy/domains/de/test/auto/DepthTest2.xml (RunModel)" time="0.023" />
  <testcase classname="ptolemy.util.test.junit.AutoTests" name="[21] /home/travis/build/icyphy/ptII/ptolemy/domains/de/test/auto/DepthTest3.xml (RunModel)" time="0.011" />
  <testcase classname="ptolemy.util.test.junit.AutoTests" name="[22] /home/travis/build/icyphy/ptII/ptolemy/domains/de/test/auto/DepthTest4.xml (RunModel)" time="0.013" />
  <testcase classname="ptolemy.util.test.junit.AutoTests" name="[23] /home/travis/build/icyphy/ptII/ptolemy/domains/de/test/auto/DepthTest5.xml (RunModel)" time="0.022" />
  <testcase classname="ptolemy.util.test.junit.AutoTests" name="[24] /home/travis/build/icyphy/ptII/ptolemy/domains/de/test/auto/DepthTest6.xml (RunModel)" time="0.018" />
  <testcase classname="ptolemy.util.test.junit.AutoTests" name="[25] /home/travis/build/icyphy/ptII/ptolemy/domains/de/test/auto/DepthTest7.xml (RunModel)" time="0.016" />
  <testcase classname="ptolemy.util.test.junit.AutoTests" name="[26] /home/travis/build/icyphy/ptII/ptolemy/domains/de/test/auto/EventToDate.xml (RunModel)" time="3.059" />
  <testcase classname="ptolemy.util.test.junit.AutoTests" name="[27] /home/travis/build/icyphy/ptII/ptolemy/domains/de/test/auto/FSM1.xml (RunModel)" time="0.054" />
  <testcase classname="ptolemy.util.test.junit.AutoTests" name="[28] /home/travis/build/icyphy/ptII/ptolemy/domains/de/test/auto/FSM7.xml (RunModel)" time="0.044" />
  <testcase classname="ptolemy.util.test.junit.AutoTests" name="[29] /home/travis/build/icyphy/ptII/ptolemy/domains/de/test/auto/Inspection.xml (RunModel)" time="0.043" />
  <testcase classname="ptolemy.util.test.junit.AutoTests" name="[30] /home/travis/build/icyphy/ptII/ptolemy/domains/de/test/auto/Iteration.xml (RunModel)" time="0.029" />
  <testcase classname="ptolemy.util.test.junit.AutoTests" name="[31] /home/travis/build/icyphy/ptII/ptolemy/domains/de/test/auto/LineFault.xml (RunModel)" time="0.648" />
  <testcase classname="ptolemy.util.test.junit.AutoTests" name="[32] /home/travis/build/icyphy/ptII/ptolemy/domains/de/test/auto/MergeModel1Add.xml (RunModel)" time="0.062" />
  <testcase classname="ptolemy.util.test.junit.AutoTests" name="[33] /home/travis/build/icyphy/ptII/ptolemy/domains/de/test/auto/MergeModel2Add.xml (RunModel)" time="0.045" />
  <testcase classname="ptolemy.util.test.junit.AutoTests" name="[34] /home/travis/build/icyphy/ptII/ptolemy/domains/de/test/auto/MergeModel3Add.xml (RunModel)" time="0.043" />
  <testcase classname="ptolemy.util.test.junit.AutoTests" name="[35] /home/travis/build/icyphy/ptII/ptolemy/domains/de/test/auto/MergeWithoutDiscard.xml (RunModel)" time="0.02" />
  <testcase classname="ptolemy.util.test.junit.AutoTests" name="[36] /home/travis/build/icyphy/ptII/ptolemy/domains/de/test/auto/Modal1.xml (RunModel)" time="0.034" />
  <testcase classname="ptolemy.util.test.junit.AutoTests" name="[37] /home/travis/build/icyphy/ptII/ptolemy/domains/de/test/auto/Modal2.xml (RunModel)" time="0.041" />
  <testcase classname="ptolemy.util.test.junit.AutoTests" name="[38] /home/travis/build/icyphy/ptII/ptolemy/domains/de/test/auto/Modal3.xml (RunModel)" time="0.028" />
  <testcase classname="ptolemy.util.test.junit.AutoTests" name="[39] /home/travis/build/icyphy/ptII/ptolemy/domains/de/test/auto/Modal4.xml (RunModel)" time="0.039" />
  <testcase classname="ptolemy.util.test.junit.AutoTests" name="[40] /home/travis/build/icyphy/ptII/ptolemy/domains/de/test/auto/Modal5.xml (RunModel)" time="0.045" />
  <testcase classname="ptolemy.util.test.junit.AutoTests" name="[41] /home/travis/build/icyphy/ptII/ptolemy/domains/de/test/auto/Modal6.xml (RunModel)" time="0.029" />
  <testcase classname="ptolemy.util.test.junit.AutoTests" name="[42] /home/travis/build/icyphy/ptII/ptolemy/domains/de/test/auto/Modal7.xml (RunModel)" time="0.044" />
  <testcase classname="ptolemy.util.test.junit.AutoTests" name="[43] /home/travis/build/icyphy/ptII/ptolemy/domains/de/test/auto/ModalModel.xml (RunModel)" time="0.201" />
  <testcase classname="ptolemy.util.test.junit.AutoTests" name="[44] /home/travis/build/icyphy/ptII/ptolemy/domains/de/test/auto/ModalSource.xml (RunModel)" time="0.022" />
  <testcase classname="ptolemy.util.test.junit.AutoTests" name="[45] /home/travis/build/icyphy/ptII/ptolemy/domains/de/test/auto/NonInterruptibleTimerZeroDelay.xml (RunModel)" time="0.013" />
  <testcase classname="ptolemy.util.test.junit.AutoTests" name="[46] /home/travis/build/icyphy/ptII/ptolemy/domains/de/test/auto/OpenQueueingNetwork.xml (RunModel)" time="2.766" />
  <testcase classname="ptolemy.util.test.junit.AutoTests" name="[47] /home/travis/build/icyphy/ptII/ptolemy/domains/de/test/auto/OpenQueuingNetwork.xml (RunModel)" time="0.296" />
  <testcase classname="ptolemy.util.test.junit.AutoTests" name="[48] /home/travis/build/icyphy/ptII/ptolemy/domains/de/test/auto/PeriodicSampler.xml (RunModel)" time="0.009" />
  <testcase classname="ptolemy.util.test.junit.AutoTests" name="[49] /home/travis/build/icyphy/ptII/ptolemy/domains/de/test/auto/PersistentIO.xml (RunModel)" time="0.019" />
  <testcase classname="ptolemy.util.test.junit.AutoTests" name="[50] /home/travis/build/icyphy/ptII/ptolemy/domains/de/test/auto/PortParameterResetOnInitialize.xml (RunModel)" time="0.009" />
  <testcase classname="ptolemy.util.test.junit.AutoTests" name="[51] /home/travis/build/icyphy/ptII/ptolemy/domains/de/test/auto/PortParameterUpdates.xml (RunModel)" time="0.014" />
  <testcase classname="ptolemy.util.test.junit.AutoTests" name="[52] /home/travis/build/icyphy/ptII/ptolemy/domains/de/test/auto/QueueAndServer.xml (RunModel)" time="0.021" />
  <testcase classname="ptolemy.util.test.junit.AutoTests" name="[53] /home/travis/build/icyphy/ptII/ptolemy/domains/de/test/auto/Records.xml (RunModel)" time="0.017" />
  <testcase classname="ptolemy.util.test.junit.AutoTests" name="[54] /home/travis/build/icyphy/ptII/ptolemy/domains/de/test/auto/ResetTransitionWithStartTime1.xml (RunModel)" time="0.021" />
  <testcase classname="ptolemy.util.test.junit.AutoTests" name="[55] /home/travis/build/icyphy/ptII/ptolemy/domains/de/test/auto/ResetTransitionWithStartTime2.xml (RunModel)" time="0.022" />
  <testcase classname="ptolemy.util.test.junit.AutoTests" name="[56] /home/travis/build/icyphy/ptII/ptolemy/domains/de/test/auto/ResetTransitionWithStartTime3.xml (RunModel)" time="0.018" />
  <testcase classname="ptolemy.util.test.junit.AutoTests" name="[57] /home/travis/build/icyphy/ptII/ptolemy/domains/de/test/auto/ResetTransitionWithStartTime4.xml (RunModel)" time="0.017" />
  <testcase classname="ptolemy.util.test.junit.AutoTests" name="[58] /home/travis/build/icyphy/ptII/ptolemy/domains/de/test/auto/ResettableTimer1.xml (RunModel)" time="0.01" />
  <testcase classname="ptolemy.util.test.junit.AutoTests" name="[59] /home/travis/build/icyphy/ptII/ptolemy/domains/de/test/auto/ResettableTimer2.xml (RunModel)" time="0.009" />
  <testcase classname="ptolemy.util.test.junit.AutoTests" name="[60] /home/travis/build/icyphy/ptII/ptolemy/domains/de/test/auto/ResettableTimer3.xml (RunModel)" time="0.009" />
  <testcase classname="ptolemy.util.test.junit.AutoTests" name="[61] /home/travis/build/icyphy/ptII/ptolemy/domains/de/test/auto/ResettableTimer4.xml (RunModel)" time="0.012" />
  <testcase classname="ptolemy.util.test.junit.AutoTests" name="[62] /home/travis/build/icyphy/ptII/ptolemy/domains/de/test/auto/ResettableTimer5.xml (RunModel)" time="0.01" />
  <testcase classname="ptolemy.util.test.junit.AutoTests" name="[63] /home/travis/build/icyphy/ptII/ptolemy/domains/de/test/auto/ResettableTimer6.xml (RunModel)" time="0.019" />
  <testcase classname="ptolemy.util.test.junit.AutoTests" name="[64] /home/travis/build/icyphy/ptII/ptolemy/domains/de/test/auto/ServerZeroDelay.xml (RunModel)" time="0.012" />
  <testcase classname="ptolemy.util.test.junit.AutoTests" name="[65] /home/travis/build/icyphy/ptII/ptolemy/domains/de/test/auto/SmartSender.xml (RunModel)" time="3.009" />
  <testcase classname="ptolemy.util.test.junit.AutoTests" name="[66] /home/travis/build/icyphy/ptII/ptolemy/domains/de/test/auto/ThreadedComposite.xml (RunModel)" time="0.139" />
  <testcase classname="ptolemy.util.test.junit.AutoTests" name="[67] /home/travis/build/icyphy/ptII/ptolemy/domains/de/test/auto/Time.xml (RunModel)" time="0.455" />
  <testcase classname="ptolemy.util.test.junit.AutoTests" name="[68] /home/travis/build/icyphy/ptII/ptolemy/domains/de/test/auto/TimeDelayZeroDelay.xml (RunModel)" time="0.011" />
  <testcase classname="ptolemy.util.test.junit.AutoTests" name="[69] /home/travis/build/icyphy/ptII/ptolemy/domains/de/test/auto/TimerZeroDelay.xml (RunModel)" time="0.01" />
  <testcase classname="ptolemy.util.test.junit.AutoTests" name="[70] /home/travis/build/icyphy/ptII/ptolemy/domains/de/test/auto/TimingParadox.xml (RunModel)" time="0.356" />
  <testcase classname="ptolemy.util.test.junit.AutoTests" name="[71] /home/travis/build/icyphy/ptII/ptolemy/domains/de/test/auto/TransferInputs.xml (RunModel)" time="0.014" />
  <testcase classname="ptolemy.util.test.junit.AutoTests" name="[72] /home/travis/build/icyphy/ptII/ptolemy/domains/de/test/auto/TransferOutputs2.xml (RunModel)" time="0.016" />
  <testcase classname="ptolemy.util.test.junit.AutoTests" name="[73] /home/travis/build/icyphy/ptII/ptolemy/domains/de/test/auto/Trilateration.xml (RunModel)" time="12.613" />
  <testcase classname="ptolemy.util.test.junit.AutoTests" name="[74] /home/travis/build/icyphy/ptII/ptolemy/domains/de/test/auto/TwoSigmaDelta.xml (RunModel)" time="2.408" />
  <testcase classname="ptolemy.util.test.junit.AutoTests" name="[75] /home/travis/build/icyphy/ptII/ptolemy/domains/de/test/auto/VariableDelay.xml (RunModel)" time="0.012" />
  <testcase classname="ptolemy.util.test.junit.AutoTests" name="[76] /home/travis/build/icyphy/ptII/ptolemy/domains/de/test/auto/VariableDelay2.xml (RunModel)" time="0.009" />
  <testcase classname="ptolemy.util.test.junit.AutoTests" name="[77] /home/travis/build/icyphy/ptII/ptolemy/domains/de/test/auto/VariableDelayZeroDelay.xml (RunModel)" time="0.013" />
  <testcase classname="ptolemy.util.test.junit.AutoTests" name="[78] /home/travis/build/icyphy/ptII/ptolemy/domains/de/test/auto/VariableDelayZeroDelay2.xml (RunModel)" time="0.011" />
  <testcase classname="ptolemy.util.test.junit.AutoTests" name="[79] /home/travis/build/icyphy/ptII/ptolemy/domains/de/test/auto/deInCt.xml (RunModel)" time="0.016" />
  <testcase classname="ptolemy.util.test.junit.AutoTests" name="[80] /home/travis/build/icyphy/ptII/ptolemy/domains/de/test/auto/deInCt2.xml (RunModel)" time="0.021" />
  <testcase classname="ptolemy.util.test.junit.AutoTests" name="[81] /home/travis/build/icyphy/ptII/ptolemy/domains/de/test/auto/dynamicCausalityInterface1.xml (RunModel)" time="0.019" />
  <testcase classname="ptolemy.util.test.junit.AutoTests" name="[82] /home/travis/build/icyphy/ptII/ptolemy/domains/de/test/auto/fsm_de_test.xml (RunModel)" time="0.064" />
  <testcase classname="ptolemy.util.test.junit.AutoTests" name="[83] /home/travis/build/icyphy/ptII/ptolemy/domains/de/test/auto/functionDependencyReconstruction.xml (RunModel)" time="0.028" />
  <testcase classname="ptolemy.util.test.junit.AutoTests" name="[84] /home/travis/build/icyphy/ptII/ptolemy/domains/de/test/auto/multirate.xml (RunModel)" time="0.014" />
  <testcase classname="ptolemy.util.test.junit.AutoTests" name="[85] /home/travis/build/icyphy/ptII/ptolemy/domains/de/test/auto/multirate2.xml (RunModel)" time="0.018" />
  <testcase classname="ptolemy.util.test.junit.AutoTests" name="[86] /home/travis/build/icyphy/ptII/ptolemy/domains/de/test/auto/realtime.xml (RunModel)" time="10.011" />
  <testcase classname="ptolemy.util.test.junit.AutoTests" name="[87] /home/travis/build/icyphy/ptII/ptolemy/domains/de/test/auto/relationGroup.xml (RunModel)" time="0.014" />
  <testcase classname="ptolemy.util.test.junit.AutoTests" name="[88] /home/travis/build/icyphy/ptII/ptolemy/domains/de/test/auto/relationGroup2.xml (RunModel)" time="0.008" />
  <testcase classname="ptolemy.util.test.junit.AutoTests" name="[89] /home/travis/build/icyphy/ptII/ptolemy/domains/de/test/auto/sortWithOpaquePorts.xml (RunModel)" time="0.008" />
  <testcase classname="ptolemy.util.test.junit.AutoTests" name="[90] /home/travis/build/icyphy/ptII/ptolemy/domains/de/test/auto/transferInputsandOutputs.xml (RunModel)" time="0.02" />
  <testcase classname="ptolemy.util.test.junit.AutoTests" name="[91] /home/travis/build/icyphy/ptII/ptolemy/domains/de/test/auto/triggerType.xml (RunModel)" time="0.011" />
  <system-out><![CDATA[/home/travis/build/icyphy/ptII/ptolemy/domains/de/test/DependencyLoop.tcl
testDefs.tcl: setting time out to 9000 seconds at Fri Aug 02 05:13:09 UTC 2019
92 ms. Memory: 120832K Free: 71506K (59%)
26 ms. Memory: 120832K Free: 54098K (45%)
/home/travis/build/icyphy/ptII/ptolemy/domains/de/test/RunDETestsAsQSS.tcl
Run the DE tests using ptolemy.domains.qss.test.QSSDirectorTest, which extends QSSDirector and prints a message in the constructors.
------------------ testing $PTII/ptolemy/domains/de/test/auto/knownFailedTests/DirectFeedback.xml (Known Failure) 
74 ms. Memory: 120832K Free: 48978K (41%)


==== $PTIIhome/travis/build/icyphy/ptII/ptolemy/domains/de/test/../../../../: Auto Automatic test in file $PTII/ptolemy/domains/de/test/auto/knownFailedTests/DirectFeedback.xml
==== Contents of test case:

	    # FIXME: we should use $relativeFilename here, but it
	    # might have backslashes under Windows, which causes no end
	    # of trouble.
	    createAndExecute $file
	    list {}
	
.... Test generated KNOWN error:
    while executing
ptolemy.kernel.util.IllegalActionException: Test fails in iteration 1.
Value was: 1.0. Should have been: 2.0
  in .DirectFeedback.Test
	at ptolemy.actor.lib.Test.fire(Test.java:268)
	at ptolemy.domains.de.kernel.DEDirector._fire(DEDirector.java:1949)
	at ptolemy.domains.de.kernel.DEDirector.fire(DEDirector.java:502)
	at ptolemy.actor.CompositeActor.fire(CompositeActor.java:455)
	at ptolemy.actor.Manager.iterate(Manager.java:851)
	at ptolemy.actor.Manager.execute(Manager.java:369)
	at ptolemy.actor.Manager.run(Manager.java:1263)
	at ptolemy.actor.Manager$PtolemyRunThread.run(Manager.java:1933)

    while executing
ptolemy.kernel.util.IllegalActionException: Test fails in iteration 1.
Value was: 1.0. Should have been: 2.0
  in .DirectFeedback.Test
    while executing
"java::new ptolemy.moml.MoMLSimpleApplication $file
"
    (procedure "createAndExecute" line 2)
    invoked from within
"createAndExecute $file"
    ("uplevel" body line 5)
    invoked from within
"uplevel $contents_of_test"
------------------ testing $PTII/ptolemy/domains/de/test/auto/knownFailedTests/dependencyLoop.xml (Known Failure) 
12 ms. Memory: 120832K Free: 45906K (38%)


==== $PTIIhome/travis/build/icyphy/ptII/ptolemy/domains/de/test/../../../../: Auto Automatic test in file $PTII/ptolemy/domains/de/test/auto/knownFailedTests/dependencyLoop.xml
==== Contents of test case:

	    # FIXME: we should use $relativeFilename here, but it
	    # might have backslashes under Windows, which causes no end
	    # of trouble.
	    createAndExecute $file
	    list {}
	
.... Test generated KNOWN error:
    while executing
ptolemy.kernel.util.IllegalActionException: Found a zero delay loop containing .dependencyLoop.original
  in .dependencyLoop and .dependencyLoop.original
	at ptolemy.actor.util.CausalityInterfaceForComposites._computeOutputPortDepth(CausalityInterfaceForComposites.java:759)
	at ptolemy.actor.util.CausalityInterfaceForComposites._computeInputDepth(CausalityInterfaceForComposites.java:696)
	at ptolemy.actor.util.CausalityInterfaceForComposites._computeOutputPortDepth(CausalityInterfaceForComposites.java:765)
	at ptolemy.actor.util.CausalityInterfaceForComposites._computeInputDepth(CausalityInterfaceForComposites.java:696)
	at ptolemy.actor.util.CausalityInterfaceForComposites._computeOutputPortDepth(CausalityInterfaceForComposites.java:765)
	at ptolemy.actor.util.CausalityInterfaceForComposites._computeInputDepth(CausalityInterfaceForComposites.java:696)
	at ptolemy.actor.util.CausalityInterfaceForComposites._computeActorDepth(CausalityInterfaceForComposites.java:532)
	at ptolemy.actor.util.CausalityInterfaceForComposites.checkForCycles(CausalityInterfaceForComposites.java:96)
	at ptolemy.domains.de.kernel.DEDirector.preinitialize(DEDirector.java:1338)
	at ptolemy.actor.CompositeActor.preinitialize(CompositeActor.java:1828)
	at ptolemy.actor.Manager.preinitializeAndResolveTypes(Manager.java:1040)
	at ptolemy.actor.Manager.initialize(Manager.java:710)
	at ptolemy.actor.Manager.execute(Manager.java:356)
	at ptolemy.actor.Manager.run(Manager.java:1263)
	at ptolemy.actor.Manager$PtolemyRunThread.run(Manager.java:1933)

    while executing
ptolemy.kernel.util.IllegalActionException: Found a zero delay loop containing .dependencyLoop.original
  in .dependencyLoop and .dependencyLoop.original
    while executing
"java::new ptolemy.moml.MoMLSimpleApplication $file
"
    (procedure "createAndExecute" line 2)
    invoked from within
"createAndExecute $file"
    ("uplevel" body line 5)
    invoked from within
"uplevel $contents_of_test"
------------------ testing $PTII/ptolemy/domains/de/test/auto/knownFailedTests/FSMSource.xml (Known Failure) 
80 ms. Memory: 120832K Free: 100100K (83%)
!!!! Auto was marked as failing, but now passes
------------------ testing $PTII/ptolemy/domains/de/test/auto/knownFailedTests/HierarchicalModel.xml (Known Failure) 
8 ms. Memory: 120832K Free: 82224K (68%)


==== $PTIIhome/travis/build/icyphy/ptII/ptolemy/domains/de/test/../../../../: Auto Automatic test in file $PTII/ptolemy/domains/de/test/auto/knownFailedTests/HierarchicalModel.xml
==== Contents of test case:

	    # FIXME: we should use $relativeFilename here, but it
	    # might have backslashes under Windows, which causes no end
	    # of trouble.
	    createAndExecute $file
	    list {}
	
.... Test generated KNOWN error:
    while executing
ptolemy.kernel.util.IllegalActionException: Found a zero delay loop containing .HierarchicalModel.A
  in .HierarchicalModel and .HierarchicalModel.A
	at ptolemy.actor.util.CausalityInterfaceForComposites._computeOutputPortDepth(CausalityInterfaceForComposites.java:759)
	at ptolemy.actor.util.CausalityInterfaceForComposites._computeInputDepth(CausalityInterfaceForComposites.java:696)
	at ptolemy.actor.util.CausalityInterfaceForComposites._computeOutputPortDepth(CausalityInterfaceForComposites.java:765)
	at ptolemy.actor.util.CausalityInterfaceForComposites._computeInputDepth(CausalityInterfaceForComposites.java:696)
	at ptolemy.actor.util.CausalityInterfaceForComposites._computeOutputPortDepth(CausalityInterfaceForComposites.java:765)
	at ptolemy.actor.util.CausalityInterfaceForComposites._computeInputDepth(CausalityInterfaceForComposites.java:696)
	at ptolemy.actor.util.CausalityInterfaceForComposites._computeActorDepth(CausalityInterfaceForComposites.java:532)
	at ptolemy.actor.util.CausalityInterfaceForComposites.checkForCycles(CausalityInterfaceForComposites.java:96)
	at ptolemy.domains.de.kernel.DEDirector.preinitialize(DEDirector.java:1338)
	at ptolemy.actor.CompositeActor.preinitialize(CompositeActor.java:1828)
	at ptolemy.actor.Manager.preinitializeAndResolveTypes(Manager.java:1040)
	at ptolemy.actor.Manager.initialize(Manager.java:710)
	at ptolemy.actor.Manager.execute(Manager.java:356)
	at ptolemy.actor.Manager.run(Manager.java:1263)
	at ptolemy.actor.Manager$PtolemyRunThread.run(Manager.java:1933)

    while executing
ptolemy.kernel.util.IllegalActionException: Found a zero delay loop containing .HierarchicalModel.A
  in .HierarchicalModel and .HierarchicalModel.A
    while executing
"java::new ptolemy.moml.MoMLSimpleApplication $file
"
    (procedure "createAndExecute" line 2)
    invoked from within
"createAndExecute $file"
    ("uplevel" body line 5)
    invoked from within
"uplevel $contents_of_test"
------------------ testing $PTII/ptolemy/domains/de/test/auto/knownFailedTests/dependencyLoop2.xml (Known Failure) 
5 ms. Memory: 120832K Free: 66310K (55%)


==== $PTIIhome/travis/build/icyphy/ptII/ptolemy/domains/de/test/../../../../: Auto Automatic test in file $PTII/ptolemy/domains/de/test/auto/knownFailedTests/dependencyLoop2.xml
==== Contents of test case:

	    # FIXME: we should use $relativeFilename here, but it
	    # might have backslashes under Windows, which causes no end
	    # of trouble.
	    createAndExecute $file
	    list {}
	
.... Test generated KNOWN error:
    while executing
ptolemy.kernel.util.IllegalActionException: Found a zero delay loop containing .dependencyLoop2.original
  in .dependencyLoop2 and .dependencyLoop2.original
	at ptolemy.actor.util.CausalityInterfaceForComposites._computeOutputPortDepth(CausalityInterfaceForComposites.java:759)
	at ptolemy.actor.util.CausalityInterfaceForComposites._computeInputDepth(CausalityInterfaceForComposites.java:696)
	at ptolemy.actor.util.CausalityInterfaceForComposites._computeOutputPortDepth(CausalityInterfaceForComposites.java:765)
	at ptolemy.actor.util.CausalityInterfaceForComposites._computeInputDepth(CausalityInterfaceForComposites.java:696)
	at ptolemy.actor.util.CausalityInterfaceForComposites._computeOutputPortDepth(CausalityInterfaceForComposites.java:765)
	at ptolemy.actor.util.CausalityInterfaceForComposites._computeInputDepth(CausalityInterfaceForComposites.java:696)
	at ptolemy.actor.util.CausalityInterfaceForComposites._computeActorDepth(CausalityInterfaceForComposites.java:532)
	at ptolemy.actor.util.CausalityInterfaceForComposites.checkForCycles(CausalityInterfaceForComposites.java:96)
	at ptolemy.domains.de.kernel.DEDirector.preinitialize(DEDirector.java:1338)
	at ptolemy.actor.CompositeActor.preinitialize(CompositeActor.java:1828)
	at ptolemy.actor.Manager.preinitializeAndResolveTypes(Manager.java:1040)
	at ptolemy.actor.Manager.initialize(Manager.java:710)
	at ptolemy.actor.Manager.execute(Manager.java:356)
	at ptolemy.actor.Manager.run(Manager.java:1263)
	at ptolemy.actor.Manager$PtolemyRunThread.run(Manager.java:1933)

    while executing
ptolemy.kernel.util.IllegalActionException: Found a zero delay loop containing .dependencyLoop2.original
  in .dependencyLoop2 and .dependencyLoop2.original
    while executing
"java::new ptolemy.moml.MoMLSimpleApplication $file
"
    (procedure "createAndExecute" line 2)
    invoked from within
"createAndExecute $file"
    ("uplevel" body line 5)
    invoked from within
"uplevel $contents_of_test"
------------------ testing $PTII/ptolemy/domains/de/test/auto/knownFailedTests/DESDFClockTest.xml (Known Failure) 
2053 ms. Memory: 120832K Free: 95209K (79%)


==== $PTIIhome/travis/build/icyphy/ptII/ptolemy/domains/de/test/../../../../: Auto Automatic test in file $PTII/ptolemy/domains/de/test/auto/knownFailedTests/DESDFClockTest.xml
==== Contents of test case:

	    # FIXME: we should use $relativeFilename here, but it
	    # might have backslashes under Windows, which causes no end
	    # of trouble.
	    createAndExecute $file
	    list {}
	
.... Test generated KNOWN error:
    while executing
ptolemy.kernel.util.IllegalActionException: Actor is not ready to fire.  Perhaps UpSample.prefire() returned false? Try debugging the actor by selecting "Listen to Actor".  Also, for SDF check moml for tokenConsumptionRate on input.
  in .DESDFClockTest.Play Bell.Copy1:SDF Director and .DESDFClockTest.Play Bell.UpSample
	at ptolemy.actor.sched.StaticSchedulingDirector.fire(StaticSchedulingDirector.java:227)
	at ptolemy.domains.sdf.kernel.SDFDirector.fire(SDFDirector.java:500)
	at ptolemy.actor.CompositeActor.fire(CompositeActor.java:455)
	at ptolemy.domains.de.kernel.DEDirector._fire(DEDirector.java:1949)
	at ptolemy.domains.de.kernel.DEDirector.fire(DEDirector.java:502)
	at ptolemy.actor.CompositeActor.fire(CompositeActor.java:455)
	at ptolemy.actor.Manager.iterate(Manager.java:851)
	at ptolemy.actor.Manager.execute(Manager.java:369)
	at ptolemy.actor.Manager.run(Manager.java:1263)
	at ptolemy.actor.Manager$PtolemyRunThread.run(Manager.java:1933)

    while executing
ptolemy.kernel.util.IllegalActionException: Actor is not ready to fire.  Perhaps UpSample.prefire() returned false? Try debugging the actor by selecting "Listen to Actor".  Also, for SDF check moml for tokenConsumptionRate on input.
  in .DESDFClockTest.Play Bell.Copy1:SDF Director and .DESDFClockTest.Play Bell.UpSample
    while executing
"java::new ptolemy.moml.MoMLSimpleApplication $file
"
    (procedure "createAndExecute" line 2)
    invoked from within
"createAndExecute $file"
    ("uplevel" body line 5)
    invoked from within
"uplevel $contents_of_test"
------------------ testing $PTII/ptolemy/domains/de/test/auto/ActorDepthCalculation_actorWithoutPorts.xml
auto.tcl: Setting watchdog for 200 seconds at Fri Aug 02 05:13:13 UTC 2019
10 ms. Memory: 120832K Free: 88023K (73%)
ptolemy.util.test.WatchDog.cancel(): canceling Fri Aug 02 05:13:13 UTC 2019
auto.tcl: Setting watchdog for 200 seconds at Fri Aug 02 05:13:13 UTC 2019
5 ms. Memory: 120832K Free: 86395K (72%)
ptolemy.util.test.WatchDog.cancel(): canceling Fri Aug 02 05:13:13 UTC 2019
------------------ testing $PTII/ptolemy/domains/de/test/auto/AssemblyLine.xml
auto.tcl: Setting watchdog for 200 seconds at Fri Aug 02 05:13:14 UTC 2019
8 ms. Memory: 48128K Free: 25509K (53%)
ptolemy.util.test.WatchDog.cancel(): canceling Fri Aug 02 05:13:14 UTC 2019
auto.tcl: Setting watchdog for 200 seconds at Fri Aug 02 05:13:14 UTC 2019
9 ms. Memory: 48128K Free: 24747K (51%)
ptolemy.util.test.WatchDog.cancel(): canceling Fri Aug 02 05:13:14 UTC 2019
------------------ testing $PTII/ptolemy/domains/de/test/auto/CQBug1.xml
auto.tcl: Setting watchdog for 200 seconds at Fri Aug 02 05:13:14 UTC 2019
3 ms. Memory: 48128K Free: 31438K (65%)
ptolemy.util.test.WatchDog.cancel(): canceling Fri Aug 02 05:13:14 UTC 2019
auto.tcl: Setting watchdog for 200 seconds at Fri Aug 02 05:13:14 UTC 2019
3 ms. Memory: 48128K Free: 30989K (64%)
ptolemy.util.test.WatchDog.cancel(): canceling Fri Aug 02 05:13:14 UTC 2019
------------------ testing $PTII/ptolemy/domains/de/test/auto/CancelFireAt.xml
auto.tcl: Setting watchdog for 200 seconds at Fri Aug 02 05:13:14 UTC 2019
3 ms. Memory: 45056K Free: 29688K (66%)
ptolemy.util.test.WatchDog.cancel(): canceling Fri Aug 02 05:13:14 UTC 2019
auto.tcl: Setting watchdog for 200 seconds at Fri Aug 02 05:13:14 UTC 2019
2 ms. Memory: 45056K Free: 29195K (65%)
ptolemy.util.test.WatchDog.cancel(): canceling Fri Aug 02 05:13:14 UTC 2019
------------------ testing $PTII/ptolemy/domains/de/test/auto/CausalityAndComposabilityAnalysis.xml
auto.tcl: Setting watchdog for 200 seconds at Fri Aug 02 05:13:14 UTC 2019
16 ms. Memory: 45056K Free: 27446K (61%)
ptolemy.util.test.WatchDog.cancel(): canceling Fri Aug 02 05:13:14 UTC 2019
auto.tcl: Setting watchdog for 200 seconds at Fri Aug 02 05:13:14 UTC 2019
14 ms. Memory: 45056K Free: 27033K (60%)
ptolemy.util.test.WatchDog.cancel(): canceling Fri Aug 02 05:13:14 UTC 2019
------------------ testing $PTII/ptolemy/domains/de/test/auto/CausalityInterface1.xml
auto.tcl: Setting watchdog for 200 seconds at Fri Aug 02 05:13:14 UTC 2019
35 ms. Memory: 45056K Free: 26390K (59%)
ptolemy.util.test.WatchDog.cancel(): canceling Fri Aug 02 05:13:14 UTC 2019
auto.tcl: Setting watchdog for 200 seconds at Fri Aug 02 05:13:14 UTC 2019
4 ms. Memory: 45056K Free: 25399K (56%)
ptolemy.util.test.WatchDog.cancel(): canceling Fri Aug 02 05:13:14 UTC 2019
------------------ testing $PTII/ptolemy/domains/de/test/auto/CausalityInterface15.xml
auto.tcl: Setting watchdog for 200 seconds at Fri Aug 02 05:13:14 UTC 2019
5 ms. Memory: 45056K Free: 26030K (58%)
ptolemy.util.test.WatchDog.cancel(): canceling Fri Aug 02 05:13:14 UTC 2019
auto.tcl: Setting watchdog for 200 seconds at Fri Aug 02 05:13:14 UTC 2019
11 ms. Memory: 45056K Free: 25349K (56%)
ptolemy.util.test.WatchDog.cancel(): canceling Fri Aug 02 05:13:15 UTC 2019
------------------ testing $PTII/ptolemy/domains/de/test/auto/CausalityInterface2.xml
auto.tcl: Setting watchdog for 200 seconds at Fri Aug 02 05:13:15 UTC 2019
4 ms. Memory: 45056K Free: 27101K (60%)
ptolemy.util.test.WatchDog.cancel(): canceling Fri Aug 02 05:13:15 UTC 2019
auto.tcl: Setting watchdog for 200 seconds at Fri Aug 02 05:13:15 UTC 2019
3 ms. Memory: 45056K Free: 26350K (58%)
ptolemy.util.test.WatchDog.cancel(): canceling Fri Aug 02 05:13:15 UTC 2019
------------------ testing $PTII/ptolemy/domains/de/test/auto/CausalityInterface3.xml
auto.tcl: Setting watchdog for 200 seconds at Fri Aug 02 05:13:15 UTC 2019
7 ms. Memory: 45056K Free: 26563K (59%)
ptolemy.util.test.WatchDog.cancel(): canceling Fri Aug 02 05:13:15 UTC 2019
auto.tcl: Setting watchdog for 200 seconds at Fri Aug 02 05:13:15 UTC 2019
3 ms. Memory: 45056K Free: 25766K (57%)
ptolemy.util.test.WatchDog.cancel(): canceling Fri Aug 02 05:13:15 UTC 2019
------------------ testing $PTII/ptolemy/domains/de/test/auto/ClockDrift.xml
auto.tcl: Setting watchdog for 200 seconds at Fri Aug 02 05:13:15 UTC 2019
82 ms. Memory: 45056K Free: 19157K (43%)
ptolemy.util.test.WatchDog.cancel(): canceling Fri Aug 02 05:13:15 UTC 2019
auto.tcl: Setting watchdog for 200 seconds at Fri Aug 02 05:13:15 UTC 2019
37 ms. Memory: 45056K Free: 15741K (35%)
ptolemy.util.test.WatchDog.cancel(): canceling Fri Aug 02 05:13:15 UTC 2019
------------------ testing $PTII/ptolemy/domains/de/test/auto/ClockDriftAndValueChange.xml
auto.tcl: Setting watchdog for 200 seconds at Fri Aug 02 05:13:15 UTC 2019
51 ms. Memory: 45056K Free: 19576K (43%)
ptolemy.util.test.WatchDog.cancel(): canceling Fri Aug 02 05:13:15 UTC 2019
auto.tcl: Setting watchdog for 200 seconds at Fri Aug 02 05:13:15 UTC 2019
36 ms. Memory: 45056K Free: 16383K (36%)
ptolemy.util.test.WatchDog.cancel(): canceling Fri Aug 02 05:13:15 UTC 2019
------------------ testing $PTII/ptolemy/domains/de/test/auto/ClockDriftChange.xml
auto.tcl: Setting watchdog for 200 seconds at Fri Aug 02 05:13:15 UTC 2019
24 ms. Memory: 45056K Free: 21267K (47%)
ptolemy.util.test.WatchDog.cancel(): canceling Fri Aug 02 05:13:15 UTC 2019
auto.tcl: Setting watchdog for 200 seconds at Fri Aug 02 05:13:15 UTC 2019
28 ms. Memory: 45056K Free: 18698K (41%)
ptolemy.util.test.WatchDog.cancel(): canceling Fri Aug 02 05:13:15 UTC 2019
------------------ testing $PTII/ptolemy/domains/de/test/auto/ComposableCausalityAnalysis.xml
auto.tcl: Setting watchdog for 200 seconds at Fri Aug 02 05:13:15 UTC 2019
6 ms. Memory: 45056K Free: 25896K (57%)
ptolemy.util.test.WatchDog.cancel(): canceling Fri Aug 02 05:13:15 UTC 2019
auto.tcl: Setting watchdog for 200 seconds at Fri Aug 02 05:13:15 UTC 2019
3 ms. Memory: 45056K Free: 24875K (55%)
ptolemy.util.test.WatchDog.cancel(): canceling Fri Aug 02 05:13:15 UTC 2019
------------------ testing $PTII/ptolemy/domains/de/test/auto/DEFixedPointLimitation.xml
auto.tcl: Setting watchdog for 200 seconds at Fri Aug 02 05:13:15 UTC 2019
3 ms. Memory: 45056K Free: 27221K (60%)
ptolemy.util.test.WatchDog.cancel(): canceling Fri Aug 02 05:13:15 UTC 2019
auto.tcl: Setting watchdog for 200 seconds at Fri Aug 02 05:13:15 UTC 2019
2 ms. Memory: 45056K Free: 26356K (58%)
ptolemy.util.test.WatchDog.cancel(): canceling Fri Aug 02 05:13:15 UTC 2019
------------------ testing $PTII/ptolemy/domains/de/test/auto/DEScheduleTest.xml
auto.tcl: Setting watchdog for 200 seconds at Fri Aug 02 05:13:15 UTC 2019
4 ms. Memory: 45056K Free: 27543K (61%)
ptolemy.util.test.WatchDog.cancel(): canceling Fri Aug 02 05:13:15 UTC 2019
auto.tcl: Setting watchdog for 200 seconds at Fri Aug 02 05:13:15 UTC 2019
3 ms. Memory: 45056K Free: 26766K (59%)
ptolemy.util.test.WatchDog.cancel(): canceling Fri Aug 02 05:13:15 UTC 2019
------------------ testing $PTII/ptolemy/domains/de/test/auto/DEinDEwithStartTimes.xml
auto.tcl: Setting watchdog for 200 seconds at Fri Aug 02 05:13:16 UTC 2019
4 ms. Memory: 45056K Free: 25703K (57%)
ptolemy.util.test.WatchDog.cancel(): canceling Fri Aug 02 05:13:16 UTC 2019
auto.tcl: Setting watchdog for 200 seconds at Fri Aug 02 05:13:16 UTC 2019
3 ms. Memory: 45056K Free: 24299K (54%)
ptolemy.util.test.WatchDog.cancel(): canceling Fri Aug 02 05:13:16 UTC 2019
------------------ testing $PTII/ptolemy/domains/de/test/auto/DEinDEwithStartTimes2.xml
auto.tcl: Setting watchdog for 200 seconds at Fri Aug 02 05:13:16 UTC 2019
5 ms. Memory: 45056K Free: 24952K (55%)
ptolemy.util.test.WatchDog.cancel(): canceling Fri Aug 02 05:13:16 UTC 2019
auto.tcl: Setting watchdog for 200 seconds at Fri Aug 02 05:13:16 UTC 2019
4 ms. Memory: 45056K Free: 23622K (52%)
ptolemy.util.test.WatchDog.cancel(): canceling Fri Aug 02 05:13:16 UTC 2019
------------------ testing $PTII/ptolemy/domains/de/test/auto/DateDemo.xml
auto.tcl: Setting watchdog for 200 seconds at Fri Aug 02 05:13:16 UTC 2019
23 ms. Memory: 45056K Free: 19599K (43%)
ptolemy.util.test.WatchDog.cancel(): canceling Fri Aug 02 05:13:16 UTC 2019
auto.tcl: Setting watchdog for 200 seconds at Fri Aug 02 05:13:16 UTC 2019
8 ms. Memory: 45056K Free: 18110K (40%)
ptolemy.util.test.WatchDog.cancel(): canceling Fri Aug 02 05:13:16 UTC 2019
------------------ testing $PTII/ptolemy/domains/de/test/auto/DateToEvent.xml
auto.tcl: Setting watchdog for 200 seconds at Fri Aug 02 05:13:16 UTC 2019
2017 ms. Memory: 45056K Free: 14538K (32%)
ptolemy.util.test.WatchDog.cancel(): canceling Fri Aug 02 05:13:18 UTC 2019
auto.tcl: Setting watchdog for 200 seconds at Fri Aug 02 05:13:18 UTC 2019
2007 ms. Memory: 45056K Free: 13806K (31%)
ptolemy.util.test.WatchDog.cancel(): canceling Fri Aug 02 05:13:20 UTC 2019
------------------ testing $PTII/ptolemy/domains/de/test/auto/DepthTest1.xml
auto.tcl: Setting watchdog for 200 seconds at Fri Aug 02 05:13:20 UTC 2019
2 ms. Memory: 45056K Free: 28476K (63%)
ptolemy.util.test.WatchDog.cancel(): canceling Fri Aug 02 05:13:20 UTC 2019
auto.tcl: Setting watchdog for 200 seconds at Fri Aug 02 05:13:20 UTC 2019
1 ms. Memory: 45056K Free: 27927K (62%)
ptolemy.util.test.WatchDog.cancel(): canceling Fri Aug 02 05:13:20 UTC 2019
------------------ testing $PTII/ptolemy/domains/de/test/auto/DepthTest2.xml
auto.tcl: Setting watchdog for 200 seconds at Fri Aug 02 05:13:20 UTC 2019
4 ms. Memory: 45056K Free: 25193K (56%)
ptolemy.util.test.WatchDog.cancel(): canceling Fri Aug 02 05:13:20 UTC 2019
auto.tcl: Setting watchdog for 200 seconds at Fri Aug 02 05:13:20 UTC 2019
3 ms. Memory: 45056K Free: 24660K (55%)
ptolemy.util.test.WatchDog.cancel(): canceling Fri Aug 02 05:13:20 UTC 2019
------------------ testing $PTII/ptolemy/domains/de/test/auto/DepthTest3.xml
auto.tcl: Setting watchdog for 200 seconds at Fri Aug 02 05:13:20 UTC 2019
2 ms. Memory: 45056K Free: 28662K (64%)
ptolemy.util.test.WatchDog.cancel(): canceling Fri Aug 02 05:13:20 UTC 2019
auto.tcl: Setting watchdog for 200 seconds at Fri Aug 02 05:13:20 UTC 2019
2 ms. Memory: 45056K Free: 28278K (63%)
ptolemy.util.test.WatchDog.cancel(): canceling Fri Aug 02 05:13:20 UTC 2019
------------------ testing $PTII/ptolemy/domains/de/test/auto/DepthTest4.xml
auto.tcl: Setting watchdog for 200 seconds at Fri Aug 02 05:13:20 UTC 2019
3 ms. Memory: 45056K Free: 26698K (59%)
ptolemy.util.test.WatchDog.cancel(): canceling Fri Aug 02 05:13:20 UTC 2019
auto.tcl: Setting watchdog for 200 seconds at Fri Aug 02 05:13:20 UTC 2019
3 ms. Memory: 45056K Free: 26313K (58%)
ptolemy.util.test.WatchDog.cancel(): canceling Fri Aug 02 05:13:20 UTC 2019
------------------ testing $PTII/ptolemy/domains/de/test/auto/DepthTest5.xml
auto.tcl: Setting watchdog for 200 seconds at Fri Aug 02 05:13:20 UTC 2019
6 ms. Memory: 45056K Free: 26130K (58%)
ptolemy.util.test.WatchDog.cancel(): canceling Fri Aug 02 05:13:20 UTC 2019
auto.tcl: Setting watchdog for 200 seconds at Fri Aug 02 05:13:20 UTC 2019
3 ms. Memory: 45056K Free: 25624K (57%)
ptolemy.util.test.WatchDog.cancel(): canceling Fri Aug 02 05:13:20 UTC 2019
------------------ testing $PTII/ptolemy/domains/de/test/auto/DepthTest6.xml
auto.tcl: Setting watchdog for 200 seconds at Fri Aug 02 05:13:20 UTC 2019
4 ms. Memory: 45056K Free: 26099K (58%)
ptolemy.util.test.WatchDog.cancel(): canceling Fri Aug 02 05:13:20 UTC 2019
auto.tcl: Setting watchdog for 200 seconds at Fri Aug 02 05:13:20 UTC 2019
3 ms. Memory: 45056K Free: 25602K (57%)
ptolemy.util.test.WatchDog.cancel(): canceling Fri Aug 02 05:13:20 UTC 2019
------------------ testing $PTII/ptolemy/domains/de/test/auto/DepthTest7.xml
auto.tcl: Setting watchdog for 200 seconds at Fri Aug 02 05:13:20 UTC 2019
3 ms. Memory: 45056K Free: 26623K (59%)
ptolemy.util.test.WatchDog.cancel(): canceling Fri Aug 02 05:13:21 UTC 2019
auto.tcl: Setting watchdog for 200 seconds at Fri Aug 02 05:13:21 UTC 2019
3 ms. Memory: 45056K Free: 26256K (58%)
ptolemy.util.test.WatchDog.cancel(): canceling Fri Aug 02 05:13:21 UTC 2019
------------------ testing $PTII/ptolemy/domains/de/test/auto/EventToDate.xml
auto.tcl: Setting watchdog for 200 seconds at Fri Aug 02 05:13:21 UTC 2019
3008 ms. Memory: 45056K Free: 17710K (39%)
ptolemy.util.test.WatchDog.cancel(): canceling Fri Aug 02 05:13:24 UTC 2019
auto.tcl: Setting watchdog for 200 seconds at Fri Aug 02 05:13:24 UTC 2019
3004 ms. Memory: 45056K Free: 16682K (37%)
ptolemy.util.test.WatchDog.cancel(): canceling Fri Aug 02 05:13:27 UTC 2019
------------------ testing $PTII/ptolemy/domains/de/test/auto/FSM1.xml
auto.tcl: Setting watchdog for 200 seconds at Fri Aug 02 05:13:27 UTC 2019
28 ms. Memory: 45056K Free: 18951K (42%)
ptolemy.util.test.WatchDog.cancel(): canceling Fri Aug 02 05:13:27 UTC 2019
auto.tcl: Setting watchdog for 200 seconds at Fri Aug 02 05:13:27 UTC 2019
36 ms. Memory: 45056K Free: 15704K (35%)
ptolemy.util.test.WatchDog.cancel(): canceling Fri Aug 02 05:13:27 UTC 2019
------------------ testing $PTII/ptolemy/domains/de/test/auto/FSM7.xml
auto.tcl: Setting watchdog for 200 seconds at Fri Aug 02 05:13:27 UTC 2019
18 ms. Memory: 45056K Free: 18663K (41%)
ptolemy.util.test.WatchDog.cancel(): canceling Fri Aug 02 05:13:27 UTC 2019
auto.tcl: Setting watchdog for 200 seconds at Fri Aug 02 05:13:27 UTC 2019
17 ms. Memory: 45056K Free: 15513K (34%)
ptolemy.util.test.WatchDog.cancel(): canceling Fri Aug 02 05:13:27 UTC 2019
------------------ testing $PTII/ptolemy/domains/de/test/auto/Inspection.xml
auto.tcl: Setting watchdog for 200 seconds at Fri Aug 02 05:13:27 UTC 2019
26 ms. Memory: 45056K Free: 18455K (41%)
ptolemy.util.test.WatchDog.cancel(): canceling Fri Aug 02 05:13:27 UTC 2019
auto.tcl: Setting watchdog for 200 seconds at Fri Aug 02 05:13:27 UTC 2019
30 ms. Memory: 45056K Free: 16580K (37%)
ptolemy.util.test.WatchDog.cancel(): canceling Fri Aug 02 05:13:27 UTC 2019
------------------ testing $PTII/ptolemy/domains/de/test/auto/Iteration.xml
auto.tcl: Setting watchdog for 200 seconds at Fri Aug 02 05:13:27 UTC 2019
7 ms. Memory: 45056K Free: 24397K (54%)
ptolemy.util.test.WatchDog.cancel(): canceling Fri Aug 02 05:13:27 UTC 2019
auto.tcl: Setting watchdog for 200 seconds at Fri Aug 02 05:13:27 UTC 2019
6 ms. Memory: 45056K Free: 23370K (52%)
ptolemy.util.test.WatchDog.cancel(): canceling Fri Aug 02 05:13:27 UTC 2019
------------------ testing $PTII/ptolemy/domains/de/test/auto/LineFault.xml
auto.tcl: Setting watchdog for 200 seconds at Fri Aug 02 05:13:27 UTC 2019
738 ms. Memory: 55296K Free: 38267K (69%)
ptolemy.util.test.WatchDog.cancel(): canceling Fri Aug 02 05:13:28 UTC 2019
auto.tcl: Setting watchdog for 200 seconds at Fri Aug 02 05:13:28 UTC 2019
600 ms. Memory: 55296K Free: 33897K (61%)
ptolemy.util.test.WatchDog.cancel(): canceling Fri Aug 02 05:13:29 UTC 2019
------------------ testing $PTII/ptolemy/domains/de/test/auto/MergeModel1Add.xml
auto.tcl: Setting watchdog for 200 seconds at Fri Aug 02 05:13:29 UTC 2019
31 ms. Memory: 55296K Free: 20056K (36%)
ptolemy.util.test.WatchDog.cancel(): canceling Fri Aug 02 05:13:29 UTC 2019
auto.tcl: Setting watchdog for 200 seconds at Fri Aug 02 05:13:29 UTC 2019
11 ms. Memory: 55296K Free: 18327K (33%)
ptolemy.util.test.WatchDog.cancel(): canceling Fri Aug 02 05:13:29 UTC 2019
------------------ testing $PTII/ptolemy/domains/de/test/auto/MergeModel2Add.xml
auto.tcl: Setting watchdog for 200 seconds at Fri Aug 02 05:13:29 UTC 2019
11 ms. Memory: 51200K Free: 18837K (37%)
ptolemy.util.test.WatchDog.cancel(): canceling Fri Aug 02 05:13:29 UTC 2019
auto.tcl: Setting watchdog for 200 seconds at Fri Aug 02 05:13:29 UTC 2019
10 ms. Memory: 51200K Free: 17106K (33%)
ptolemy.util.test.WatchDog.cancel(): canceling Fri Aug 02 05:13:29 UTC 2019
------------------ testing $PTII/ptolemy/domains/de/test/auto/MergeModel3Add.xml
auto.tcl: Setting watchdog for 200 seconds at Fri Aug 02 05:13:29 UTC 2019
8 ms. Memory: 48128K Free: 15480K (32%)
ptolemy.util.test.WatchDog.cancel(): canceling Fri Aug 02 05:13:29 UTC 2019
auto.tcl: Setting watchdog for 200 seconds at Fri Aug 02 05:13:29 UTC 2019
8 ms. Memory: 48128K Free: 14078K (29%)
ptolemy.util.test.WatchDog.cancel(): canceling Fri Aug 02 05:13:29 UTC 2019
------------------ testing $PTII/ptolemy/domains/de/test/auto/MergeWithoutDiscard.xml
auto.tcl: Setting watchdog for 200 seconds at Fri Aug 02 05:13:29 UTC 2019
1 ms. Memory: 48128K Free: 30378K (63%)
ptolemy.util.test.WatchDog.cancel(): canceling Fri Aug 02 05:13:29 UTC 2019
auto.tcl: Setting watchdog for 200 seconds at Fri Aug 02 05:13:29 UTC 2019
1 ms. Memory: 48128K Free: 29467K (61%)
ptolemy.util.test.WatchDog.cancel(): canceling Fri Aug 02 05:13:29 UTC 2019
------------------ testing $PTII/ptolemy/domains/de/test/auto/Modal1.xml
auto.tcl: Setting watchdog for 200 seconds at Fri Aug 02 05:13:29 UTC 2019
18 ms. Memory: 48128K Free: 21969K (46%)
ptolemy.util.test.WatchDog.cancel(): canceling Fri Aug 02 05:13:29 UTC 2019
auto.tcl: Setting watchdog for 200 seconds at Fri Aug 02 05:13:29 UTC 2019
25 ms. Memory: 48128K Free: 18496K (38%)
ptolemy.util.test.WatchDog.cancel(): canceling Fri Aug 02 05:13:29 UTC 2019
------------------ testing $PTII/ptolemy/domains/de/test/auto/Modal2.xml
auto.tcl: Setting watchdog for 200 seconds at Fri Aug 02 05:13:29 UTC 2019
11 ms. Memory: 48128K Free: 22114K (46%)
ptolemy.util.test.WatchDog.cancel(): canceling Fri Aug 02 05:13:30 UTC 2019
auto.tcl: Setting watchdog for 200 seconds at Fri Aug 02 05:13:30 UTC 2019
17 ms. Memory: 48128K Free: 18836K (39%)
ptolemy.util.test.WatchDog.cancel(): canceling Fri Aug 02 05:13:30 UTC 2019
------------------ testing $PTII/ptolemy/domains/de/test/auto/Modal3.xml
auto.tcl: Setting watchdog for 200 seconds at Fri Aug 02 05:13:30 UTC 2019
11 ms. Memory: 48128K Free: 21852K (45%)
ptolemy.util.test.WatchDog.cancel(): canceling Fri Aug 02 05:13:30 UTC 2019
auto.tcl: Setting watchdog for 200 seconds at Fri Aug 02 05:13:30 UTC 2019
11 ms. Memory: 48128K Free: 18849K (39%)
ptolemy.util.test.WatchDog.cancel(): canceling Fri Aug 02 05:13:30 UTC 2019
------------------ testing $PTII/ptolemy/domains/de/test/auto/Modal4.xml
auto.tcl: Setting watchdog for 200 seconds at Fri Aug 02 05:13:30 UTC 2019
23 ms. Memory: 48128K Free: 21045K (44%)
ptolemy.util.test.WatchDog.cancel(): canceling Fri Aug 02 05:13:30 UTC 2019
auto.tcl: Setting watchdog for 200 seconds at Fri Aug 02 05:13:30 UTC 2019
20 ms. Memory: 48128K Free: 17237K (36%)
ptolemy.util.test.WatchDog.cancel(): canceling Fri Aug 02 05:13:30 UTC 2019
------------------ testing $PTII/ptolemy/domains/de/test/auto/Modal5.xml
auto.tcl: Setting watchdog for 200 seconds at Fri Aug 02 05:13:30 UTC 2019
15 ms. Memory: 48128K Free: 21048K (44%)
ptolemy.util.test.WatchDog.cancel(): canceling Fri Aug 02 05:13:30 UTC 2019
auto.tcl: Setting watchdog for 200 seconds at Fri Aug 02 05:13:30 UTC 2019
15 ms. Memory: 48128K Free: 17224K (36%)
ptolemy.util.test.WatchDog.cancel(): canceling Fri Aug 02 05:13:30 UTC 2019
------------------ testing $PTII/ptolemy/domains/de/test/auto/Modal6.xml
auto.tcl: Setting watchdog for 200 seconds at Fri Aug 02 05:13:30 UTC 2019
13 ms. Memory: 48128K Free: 21834K (45%)
ptolemy.util.test.WatchDog.cancel(): canceling Fri Aug 02 05:13:30 UTC 2019
auto.tcl: Setting watchdog for 200 seconds at Fri Aug 02 05:13:30 UTC 2019
14 ms. Memory: 48128K Free: 17849K (37%)
ptolemy.util.test.WatchDog.cancel(): canceling Fri Aug 02 05:13:30 UTC 2019
------------------ testing $PTII/ptolemy/domains/de/test/auto/Modal7.xml
auto.tcl: Setting watchdog for 200 seconds at Fri Aug 02 05:13:30 UTC 2019
21 ms. Memory: 48128K Free: 20803K (43%)
ptolemy.util.test.WatchDog.cancel(): canceling Fri Aug 02 05:13:30 UTC 2019
auto.tcl: Setting watchdog for 200 seconds at Fri Aug 02 05:13:30 UTC 2019
11 ms. Memory: 48128K Free: 17453K (36%)
ptolemy.util.test.WatchDog.cancel(): canceling Fri Aug 02 05:13:30 UTC 2019
------------------ testing $PTII/ptolemy/domains/de/test/auto/ModalModel.xml
auto.tcl: Setting watchdog for 200 seconds at Fri Aug 02 05:13:30 UTC 2019
206 ms. Memory: 48128K Free: 13707K (28%)
ptolemy.util.test.WatchDog.cancel(): canceling Fri Aug 02 05:13:30 UTC 2019
auto.tcl: Setting watchdog for 200 seconds at Fri Aug 02 05:13:30 UTC 2019
190 ms. Memory: 59392K Free: 20580K (35%)
ptolemy.util.test.WatchDog.cancel(): canceling Fri Aug 02 05:13:31 UTC 2019
------------------ testing $PTII/ptolemy/domains/de/test/auto/ModalSource.xml
auto.tcl: Setting watchdog for 200 seconds at Fri Aug 02 05:13:31 UTC 2019
13 ms. Memory: 51200K Free: 28724K (56%)
ptolemy.util.test.WatchDog.cancel(): canceling Fri Aug 02 05:13:31 UTC 2019
auto.tcl: Setting watchdog for 200 seconds at Fri Aug 02 05:13:31 UTC 2019
6 ms. Memory: 51200K Free: 26676K (52%)
ptolemy.util.test.WatchDog.cancel(): canceling Fri Aug 02 05:13:31 UTC 2019
------------------ testing $PTII/ptolemy/domains/de/test/auto/NonInterruptibleTimerZeroDelay.xml
auto.tcl: Setting watchdog for 200 seconds at Fri Aug 02 05:13:31 UTC 2019
3 ms. Memory: 51200K Free: 33863K (66%)
ptolemy.util.test.WatchDog.cancel(): canceling Fri Aug 02 05:13:31 UTC 2019
auto.tcl: Setting watchdog for 200 seconds at Fri Aug 02 05:13:31 UTC 2019
2 ms. Memory: 51200K Free: 32996K (64%)
ptolemy.util.test.WatchDog.cancel(): canceling Fri Aug 02 05:13:31 UTC 2019
------------------ testing $PTII/ptolemy/domains/de/test/auto/OpenQueueingNetwork.xml
auto.tcl: Setting watchdog for 200 seconds at Fri Aug 02 05:13:31 UTC 2019
3222 ms. Memory: 114688K Free: 35411K (31%)
ptolemy.util.test.WatchDog.cancel(): canceling Fri Aug 02 05:13:34 UTC 2019
auto.tcl: Setting watchdog for 200 seconds at Fri Aug 02 05:13:34 UTC 2019
2720 ms. Memory: 138240K Free: 83006K (60%)
ptolemy.util.test.WatchDog.cancel(): canceling Fri Aug 02 05:13:37 UTC 2019
------------------ testing $PTII/ptolemy/domains/de/test/auto/OpenQueuingNetwork.xml
auto.tcl: Setting watchdog for 200 seconds at Fri Aug 02 05:13:37 UTC 2019
289 ms. Memory: 55296K Free: 24692K (45%)
ptolemy.util.test.WatchDog.cancel(): canceling Fri Aug 02 05:13:37 UTC 2019
auto.tcl: Setting watchdog for 200 seconds at Fri Aug 02 05:13:37 UTC 2019
287 ms. Memory: 55296K Free: 34303K (62%)
ptolemy.util.test.WatchDog.cancel(): canceling Fri Aug 02 05:13:38 UTC 2019
------------------ testing $PTII/ptolemy/domains/de/test/auto/PeriodicSampler.xml
auto.tcl: Setting watchdog for 200 seconds at Fri Aug 02 05:13:38 UTC 2019
3 ms. Memory: 51200K Free: 32860K (64%)
ptolemy.util.test.WatchDog.cancel(): canceling Fri Aug 02 05:13:38 UTC 2019
auto.tcl: Setting watchdog for 200 seconds at Fri Aug 02 05:13:38 UTC 2019
2 ms. Memory: 51200K Free: 32369K (63%)
ptolemy.util.test.WatchDog.cancel(): canceling Fri Aug 02 05:13:38 UTC 2019
------------------ testing $PTII/ptolemy/domains/de/test/auto/PersistentIO.xml
auto.tcl: Setting watchdog for 200 seconds at Fri Aug 02 05:13:38 UTC 2019
17 ms. Memory: 51200K Free: 27785K (54%)
ptolemy.util.test.WatchDog.cancel(): canceling Fri Aug 02 05:13:38 UTC 2019
auto.tcl: Setting watchdog for 200 seconds at Fri Aug 02 05:13:38 UTC 2019
5 ms. Memory: 51200K Free: 26278K (51%)
ptolemy.util.test.WatchDog.cancel(): canceling Fri Aug 02 05:13:38 UTC 2019
------------------ testing $PTII/ptolemy/domains/de/test/auto/PortParameterResetOnInitialize.xml
auto.tcl: Setting watchdog for 200 seconds at Fri Aug 02 05:13:38 UTC 2019
2 ms. Memory: 51200K Free: 32760K (64%)
ptolemy.util.test.WatchDog.cancel(): canceling Fri Aug 02 05:13:38 UTC 2019
auto.tcl: Setting watchdog for 200 seconds at Fri Aug 02 05:13:38 UTC 2019
3 ms. Memory: 51200K Free: 32271K (63%)
ptolemy.util.test.WatchDog.cancel(): canceling Fri Aug 02 05:13:38 UTC 2019
------------------ testing $PTII/ptolemy/domains/de/test/auto/PortParameterUpdates.xml
auto.tcl: Setting watchdog for 200 seconds at Fri Aug 02 05:13:38 UTC 2019
7 ms. Memory: 51200K Free: 30867K (60%)
ptolemy.util.test.WatchDog.cancel(): canceling Fri Aug 02 05:13:38 UTC 2019
auto.tcl: Setting watchdog for 200 seconds at Fri Aug 02 05:13:38 UTC 2019
4 ms. Memory: 51200K Free: 29836K (58%)
ptolemy.util.test.WatchDog.cancel(): canceling Fri Aug 02 05:13:38 UTC 2019
------------------ testing $PTII/ptolemy/domains/de/test/auto/QueueAndServer.xml
auto.tcl: Setting watchdog for 200 seconds at Fri Aug 02 05:13:38 UTC 2019
7 ms. Memory: 51200K Free: 30033K (59%)
ptolemy.util.test.WatchDog.cancel(): canceling Fri Aug 02 05:13:38 UTC 2019
auto.tcl: Setting watchdog for 200 seconds at Fri Aug 02 05:13:38 UTC 2019
7 ms. Memory: 51200K Free: 28793K (56%)
ptolemy.util.test.WatchDog.cancel(): canceling Fri Aug 02 05:13:38 UTC 2019
------------------ testing $PTII/ptolemy/domains/de/test/auto/Records.xml
auto.tcl: Setting watchdog for 200 seconds at Fri Aug 02 05:13:38 UTC 2019
3 ms. Memory: 48128K Free: 29241K (61%)
ptolemy.util.test.WatchDog.cancel(): canceling Fri Aug 02 05:13:38 UTC 2019
auto.tcl: Setting watchdog for 200 seconds at Fri Aug 02 05:13:38 UTC 2019
3 ms. Memory: 48128K Free: 28751K (60%)
ptolemy.util.test.WatchDog.cancel(): canceling Fri Aug 02 05:13:38 UTC 2019
------------------ testing $PTII/ptolemy/domains/de/test/auto/ResetTransitionWithStartTime1.xml
auto.tcl: Setting watchdog for 200 seconds at Fri Aug 02 05:13:38 UTC 2019
12 ms. Memory: 48128K Free: 26197K (54%)
ptolemy.util.test.WatchDog.cancel(): canceling Fri Aug 02 05:13:38 UTC 2019
auto.tcl: Setting watchdog for 200 seconds at Fri Aug 02 05:13:38 UTC 2019
6 ms. Memory: 48128K Free: 23645K (49%)
ptolemy.util.test.WatchDog.cancel(): canceling Fri Aug 02 05:13:38 UTC 2019
------------------ testing $PTII/ptolemy/domains/de/test/auto/ResetTransitionWithStartTime2.xml
auto.tcl: Setting watchdog for 200 seconds at Fri Aug 02 05:13:38 UTC 2019
6 ms. Memory: 48128K Free: 26297K (55%)
ptolemy.util.test.WatchDog.cancel(): canceling Fri Aug 02 05:13:38 UTC 2019
auto.tcl: Setting watchdog for 200 seconds at Fri Aug 02 05:13:38 UTC 2019
7 ms. Memory: 48128K Free: 24104K (50%)
ptolemy.util.test.WatchDog.cancel(): canceling Fri Aug 02 05:13:38 UTC 2019
------------------ testing $PTII/ptolemy/domains/de/test/auto/ResetTransitionWithStartTime3.xml
auto.tcl: Setting watchdog for 200 seconds at Fri Aug 02 05:13:38 UTC 2019
11 ms. Memory: 48128K Free: 26151K (54%)
ptolemy.util.test.WatchDog.cancel(): canceling Fri Aug 02 05:13:38 UTC 2019
auto.tcl: Setting watchdog for 200 seconds at Fri Aug 02 05:13:38 UTC 2019
7 ms. Memory: 48128K Free: 23625K (49%)
ptolemy.util.test.WatchDog.cancel(): canceling Fri Aug 02 05:13:38 UTC 2019
------------------ testing $PTII/ptolemy/domains/de/test/auto/ResetTransitionWithStartTime4.xml
auto.tcl: Setting watchdog for 200 seconds at Fri Aug 02 05:13:38 UTC 2019
9 ms. Memory: 48128K Free: 26639K (55%)
ptolemy.util.test.WatchDog.cancel(): canceling Fri Aug 02 05:13:38 UTC 2019
auto.tcl: Setting watchdog for 200 seconds at Fri Aug 02 05:13:38 UTC 2019
4 ms. Memory: 48128K Free: 25210K (52%)
ptolemy.util.test.WatchDog.cancel(): canceling Fri Aug 02 05:13:38 UTC 2019
------------------ testing $PTII/ptolemy/domains/de/test/auto/ResettableTimer1.xml
auto.tcl: Setting watchdog for 200 seconds at Fri Aug 02 05:13:39 UTC 2019
5 ms. Memory: 48128K Free: 30609K (64%)
ptolemy.util.test.WatchDog.cancel(): canceling Fri Aug 02 05:13:39 UTC 2019
auto.tcl: Setting watchdog for 200 seconds at Fri Aug 02 05:13:39 UTC 2019
3 ms. Memory: 48128K Free: 29730K (62%)
ptolemy.util.test.WatchDog.cancel(): canceling Fri Aug 02 05:13:39 UTC 2019
------------------ testing $PTII/ptolemy/domains/de/test/auto/ResettableTimer2.xml
auto.tcl: Setting watchdog for 200 seconds at Fri Aug 02 05:13:39 UTC 2019
3 ms. Memory: 48128K Free: 30407K (63%)
ptolemy.util.test.WatchDog.cancel(): canceling Fri Aug 02 05:13:39 UTC 2019
auto.tcl: Setting watchdog for 200 seconds at Fri Aug 02 05:13:39 UTC 2019
2 ms. Memory: 48128K Free: 29340K (61%)
ptolemy.util.test.WatchDog.cancel(): canceling Fri Aug 02 05:13:39 UTC 2019
------------------ testing $PTII/ptolemy/domains/de/test/auto/ResettableTimer3.xml
auto.tcl: Setting watchdog for 200 seconds at Fri Aug 02 05:13:39 UTC 2019
2 ms. Memory: 48128K Free: 30763K (64%)
ptolemy.util.test.WatchDog.cancel(): canceling Fri Aug 02 05:13:39 UTC 2019
auto.tcl: Setting watchdog for 200 seconds at Fri Aug 02 05:13:39 UTC 2019
1 ms. Memory: 48128K Free: 30310K (63%)
ptolemy.util.test.WatchDog.cancel(): canceling Fri Aug 02 05:13:39 UTC 2019
------------------ testing $PTII/ptolemy/domains/de/test/auto/ResettableTimer4.xml
auto.tcl: Setting watchdog for 200 seconds at Fri Aug 02 05:13:39 UTC 2019
1 ms. Memory: 48128K Free: 30339K (63%)
ptolemy.util.test.WatchDog.cancel(): canceling Fri Aug 02 05:13:39 UTC 2019
auto.tcl: Setting watchdog for 200 seconds at Fri Aug 02 05:13:39 UTC 2019
1 ms. Memory: 48128K Free: 30297K (63%)
ptolemy.util.test.WatchDog.cancel(): canceling Fri Aug 02 05:13:39 UTC 2019
------------------ testing $PTII/ptolemy/domains/de/test/auto/ResettableTimer5.xml
auto.tcl: Setting watchdog for 200 seconds at Fri Aug 02 05:13:39 UTC 2019
2 ms. Memory: 48128K Free: 29767K (62%)
ptolemy.util.test.WatchDog.cancel(): canceling Fri Aug 02 05:13:39 UTC 2019
auto.tcl: Setting watchdog for 200 seconds at Fri Aug 02 05:13:39 UTC 2019
1 ms. Memory: 48128K Free: 29313K (61%)
ptolemy.util.test.WatchDog.cancel(): canceling Fri Aug 02 05:13:39 UTC 2019
------------------ testing $PTII/ptolemy/domains/de/test/auto/ResettableTimer6.xml
auto.tcl: Setting watchdog for 200 seconds at Fri Aug 02 05:13:39 UTC 2019
2 ms. Memory: 48128K Free: 29742K (62%)
ptolemy.util.test.WatchDog.cancel(): canceling Fri Aug 02 05:13:39 UTC 2019
auto.tcl: Setting watchdog for 200 seconds at Fri Aug 02 05:13:39 UTC 2019
2 ms. Memory: 48128K Free: 29288K (61%)
ptolemy.util.test.WatchDog.cancel(): canceling Fri Aug 02 05:13:39 UTC 2019
------------------ testing $PTII/ptolemy/domains/de/test/auto/ServerZeroDelay.xml
auto.tcl: Setting watchdog for 200 seconds at Fri Aug 02 05:13:39 UTC 2019
17 ms. Memory: 48128K Free: 30277K (63%)
ptolemy.util.test.WatchDog.cancel(): canceling Fri Aug 02 05:13:39 UTC 2019
auto.tcl: Setting watchdog for 200 seconds at Fri Aug 02 05:13:39 UTC 2019
3 ms. Memory: 48128K Free: 29321K (61%)
ptolemy.util.test.WatchDog.cancel(): canceling Fri Aug 02 05:13:39 UTC 2019
------------------ testing $PTII/ptolemy/domains/de/test/auto/SmartSender.xml
auto.tcl: Setting watchdog for 200 seconds at Fri Aug 02 05:13:39 UTC 2019
3002 ms. Memory: 48128K Free: 30298K (63%)
ptolemy.util.test.WatchDog.cancel(): canceling Fri Aug 02 05:13:42 UTC 2019
auto.tcl: Setting watchdog for 200 seconds at Fri Aug 02 05:13:42 UTC 2019
3001 ms. Memory: 48128K Free: 29816K (62%)
ptolemy.util.test.WatchDog.cancel(): canceling Fri Aug 02 05:13:45 UTC 2019
------------------ testing $PTII/ptolemy/domains/de/test/auto/ThreadedComposite.xml
auto.tcl: Setting watchdog for 200 seconds at Fri Aug 02 05:13:45 UTC 2019
242 ms. Memory: 48128K Free: 11339K (24%)
ptolemy.util.test.WatchDog.cancel(): canceling Fri Aug 02 05:13:45 UTC 2019
auto.tcl: Setting watchdog for 200 seconds at Fri Aug 02 05:13:45 UTC 2019
140 ms. Memory: 58368K Free: 35957K (62%)
ptolemy.util.test.WatchDog.cancel(): canceling Fri Aug 02 05:13:46 UTC 2019
------------------ testing $PTII/ptolemy/domains/de/test/auto/Time.xml
auto.tcl: Setting watchdog for 200 seconds at Fri Aug 02 05:13:46 UTC 2019
515 ms. Memory: 51200K Free: 10625K (21%)
ptolemy.util.test.WatchDog.cancel(): canceling Fri Aug 02 05:13:46 UTC 2019
auto.tcl: Setting watchdog for 200 seconds at Fri Aug 02 05:13:46 UTC 2019
466 ms. Memory: 51200K Free: 16897K (33%)
ptolemy.util.test.WatchDog.cancel(): canceling Fri Aug 02 05:13:47 UTC 2019
------------------ testing $PTII/ptolemy/domains/de/test/auto/TimeDelayZeroDelay.xml
auto.tcl: Setting watchdog for 200 seconds at Fri Aug 02 05:13:47 UTC 2019
3 ms. Memory: 51200K Free: 33271K (65%)
ptolemy.util.test.WatchDog.cancel(): canceling Fri Aug 02 05:13:47 UTC 2019
auto.tcl: Setting watchdog for 200 seconds at Fri Aug 02 05:13:47 UTC 2019
2 ms. Memory: 51200K Free: 32429K (63%)
ptolemy.util.test.WatchDog.cancel(): canceling Fri Aug 02 05:13:47 UTC 2019
------------------ testing $PTII/ptolemy/domains/de/test/auto/TimerZeroDelay.xml
auto.tcl: Setting watchdog for 200 seconds at Fri Aug 02 05:13:47 UTC 2019
4 ms. Memory: 51200K Free: 33739K (66%)
ptolemy.util.test.WatchDog.cancel(): canceling Fri Aug 02 05:13:47 UTC 2019
auto.tcl: Setting watchdog for 200 seconds at Fri Aug 02 05:13:47 UTC 2019
2 ms. Memory: 51200K Free: 32898K (64%)
ptolemy.util.test.WatchDog.cancel(): canceling Fri Aug 02 05:13:47 UTC 2019
------------------ testing $PTII/ptolemy/domains/de/test/auto/TimingParadox.xml
auto.tcl: Setting watchdog for 200 seconds at Fri Aug 02 05:13:47 UTC 2019
364 ms. Memory: 51200K Free: 21454K (42%)
ptolemy.util.test.WatchDog.cancel(): canceling Fri Aug 02 05:13:47 UTC 2019
auto.tcl: Setting watchdog for 200 seconds at Fri Aug 02 05:13:47 UTC 2019
345 ms. Memory: 51200K Free: 13070K (26%)
ptolemy.util.test.WatchDog.cancel(): canceling Fri Aug 02 05:13:48 UTC 2019
------------------ testing $PTII/ptolemy/domains/de/test/auto/TransferInputs.xml
auto.tcl: Setting watchdog for 200 seconds at Fri Aug 02 05:13:48 UTC 2019
2 ms. Memory: 51200K Free: 31778K (62%)
ptolemy.util.test.WatchDog.cancel(): canceling Fri Aug 02 05:13:48 UTC 2019
auto.tcl: Setting watchdog for 200 seconds at Fri Aug 02 05:13:48 UTC 2019
2 ms. Memory: 51200K Free: 30861K (60%)
ptolemy.util.test.WatchDog.cancel(): canceling Fri Aug 02 05:13:48 UTC 2019
------------------ testing $PTII/ptolemy/domains/de/test/auto/TransferOutputs2.xml
auto.tcl: Setting watchdog for 200 seconds at Fri Aug 02 05:13:48 UTC 2019
3 ms. Memory: 51200K Free: 29220K (57%)
ptolemy.util.test.WatchDog.cancel(): canceling Fri Aug 02 05:13:48 UTC 2019
auto.tcl: Setting watchdog for 200 seconds at Fri Aug 02 05:13:48 UTC 2019
3 ms. Memory: 51200K Free: 27792K (54%)
ptolemy.util.test.WatchDog.cancel(): canceling Fri Aug 02 05:13:48 UTC 2019
------------------ testing $PTII/ptolemy/domains/de/test/auto/Trilateration.xml
auto.tcl: Setting watchdog for 200 seconds at Fri Aug 02 05:13:48 UTC 2019
14890 ms. Memory: 466944K Free: 316257K (68%)
ptolemy.util.test.WatchDog.cancel(): canceling Fri Aug 02 05:14:04 UTC 2019
auto.tcl: Setting watchdog for 200 seconds at Fri Aug 02 05:14:04 UTC 2019
11386 ms. Memory: 466944K Free: 438862K (94%)
ptolemy.util.test.WatchDog.cancel(): canceling Fri Aug 02 05:14:15 UTC 2019
------------------ testing $PTII/ptolemy/domains/de/test/auto/TwoSigmaDelta.xml
auto.tcl: Setting watchdog for 200 seconds at Fri Aug 02 05:14:15 UTC 2019
2861 ms. Memory: 86016K Free: 13572K (16%)
ptolemy.util.test.WatchDog.cancel(): canceling Fri Aug 02 05:14:18 UTC 2019
auto.tcl: Setting watchdog for 200 seconds at Fri Aug 02 05:14:18 UTC 2019
2044 ms. Memory: 86016K Free: 53477K (62%)
ptolemy.util.test.WatchDog.cancel(): canceling Fri Aug 02 05:14:20 UTC 2019
------------------ testing $PTII/ptolemy/domains/de/test/auto/VariableDelay.xml
auto.tcl: Setting watchdog for 200 seconds at Fri Aug 02 05:14:20 UTC 2019
3 ms. Memory: 51200K Free: 32255K (63%)
ptolemy.util.test.WatchDog.cancel(): canceling Fri Aug 02 05:14:20 UTC 2019
auto.tcl: Setting watchdog for 200 seconds at Fri Aug 02 05:14:20 UTC 2019
1 ms. Memory: 51200K Free: 31247K (61%)
ptolemy.util.test.WatchDog.cancel(): canceling Fri Aug 02 05:14:20 UTC 2019
------------------ testing $PTII/ptolemy/domains/de/test/auto/VariableDelay2.xml
auto.tcl: Setting watchdog for 200 seconds at Fri Aug 02 05:14:20 UTC 2019
8 ms. Memory: 51200K Free: 33198K (65%)
ptolemy.util.test.WatchDog.cancel(): canceling Fri Aug 02 05:14:21 UTC 2019
auto.tcl: Setting watchdog for 200 seconds at Fri Aug 02 05:14:21 UTC 2019
2 ms. Memory: 51200K Free: 32174K (63%)
ptolemy.util.test.WatchDog.cancel(): canceling Fri Aug 02 05:14:21 UTC 2019
------------------ testing $PTII/ptolemy/domains/de/test/auto/VariableDelayZeroDelay.xml
auto.tcl: Setting watchdog for 200 seconds at Fri Aug 02 05:14:21 UTC 2019
5 ms. Memory: 51200K Free: 33197K (65%)
ptolemy.util.test.WatchDog.cancel(): canceling Fri Aug 02 05:14:21 UTC 2019
auto.tcl: Setting watchdog for 200 seconds at Fri Aug 02 05:14:21 UTC 2019
2 ms. Memory: 51200K Free: 32669K (64%)
ptolemy.util.test.WatchDog.cancel(): canceling Fri Aug 02 05:14:21 UTC 2019
------------------ testing $PTII/ptolemy/domains/de/test/auto/VariableDelayZeroDelay2.xml
auto.tcl: Setting watchdog for 200 seconds at Fri Aug 02 05:14:21 UTC 2019
2 ms. Memory: 51200K Free: 33195K (65%)
ptolemy.util.test.WatchDog.cancel(): canceling Fri Aug 02 05:14:21 UTC 2019
auto.tcl: Setting watchdog for 200 seconds at Fri Aug 02 05:14:21 UTC 2019
2 ms. Memory: 51200K Free: 32171K (63%)
ptolemy.util.test.WatchDog.cancel(): canceling Fri Aug 02 05:14:21 UTC 2019
------------------ testing $PTII/ptolemy/domains/de/test/auto/deInCt.xml
auto.tcl: Setting watchdog for 200 seconds at Fri Aug 02 05:14:21 UTC 2019
0
1
1
1
0
0
0
1
1
1
1
0
0
0
1
1
1
0
0
0
1
1
0
0
0
1
1
1
0
0
0
1
1
1
0
0
0
1
1
1
0
0
0
1
1
1
1
14 ms. Memory: 48128K Free: 29096K (60%)
ptolemy.util.test.WatchDog.cancel(): canceling Fri Aug 02 05:14:21 UTC 2019
auto.tcl: Setting watchdog for 200 seconds at Fri Aug 02 05:14:21 UTC 2019
0
1
1
1
1
0
0
0
0
0
1
1
1
0
0
0
1
1
1
0
0
0
0
1
1
1
0
0
1
1
1
0
0
0
1
1
1
1
1
15 ms. Memory: 48128K Free: 27591K (57%)
ptolemy.util.test.WatchDog.cancel(): canceling Fri Aug 02 05:14:21 UTC 2019
------------------ testing $PTII/ptolemy/domains/de/test/auto/deInCt2.xml
auto.tcl: Setting watchdog for 200 seconds at Fri Aug 02 05:14:21 UTC 2019
0
1
1
1
0
0
1
1
1
0
0
1
1
1
0
0
1
1
1
0
0
1
1
1
0
0
1
1
1
0
0
1
1
1
0
0
1
1
1
0
0
0
7 ms. Memory: 48128K Free: 29099K (60%)
ptolemy.util.test.WatchDog.cancel(): canceling Fri Aug 02 05:14:21 UTC 2019
auto.tcl: Setting watchdog for 200 seconds at Fri Aug 02 05:14:21 UTC 2019
0
1
1
1
0
0
1
1
1
0
0
1
1
1
0
0
1
1
1
0
0
1
1
1
0
0
1
1
1
0
0
1
1
1
0
0
1
1
1
0
0
0
9 ms. Memory: 48128K Free: 27581K (57%)
ptolemy.util.test.WatchDog.cancel(): canceling Fri Aug 02 05:14:21 UTC 2019
------------------ testing $PTII/ptolemy/domains/de/test/auto/dynamicCausalityInterface1.xml
auto.tcl: Setting watchdog for 200 seconds at Fri Aug 02 05:14:21 UTC 2019
2 ms. Memory: 48128K Free: 24409K (51%)
ptolemy.util.test.WatchDog.cancel(): canceling Fri Aug 02 05:14:21 UTC 2019
auto.tcl: Setting watchdog for 200 seconds at Fri Aug 02 05:14:21 UTC 2019
1 ms. Memory: 48128K Free: 23973K (50%)
ptolemy.util.test.WatchDog.cancel(): canceling Fri Aug 02 05:14:21 UTC 2019
------------------ testing $PTII/ptolemy/domains/de/test/auto/fsm_de_test.xml
auto.tcl: Setting watchdog for 200 seconds at Fri Aug 02 05:14:21 UTC 2019
13 ms. Memory: 48128K Free: 24896K (52%)
ptolemy.util.test.WatchDog.cancel(): canceling Fri Aug 02 05:14:21 UTC 2019
auto.tcl: Setting watchdog for 200 seconds at Fri Aug 02 05:14:21 UTC 2019
7 ms. Memory: 48128K Free: 22897K (48%)
ptolemy.util.test.WatchDog.cancel(): canceling Fri Aug 02 05:14:21 UTC 2019
------------------ testing $PTII/ptolemy/domains/de/test/auto/functionDependencyReconstruction.xml
auto.tcl: Setting watchdog for 200 seconds at Fri Aug 02 05:14:21 UTC 2019
3 ms. Memory: 48128K Free: 18916K (39%)
ptolemy.util.test.WatchDog.cancel(): canceling Fri Aug 02 05:14:21 UTC 2019
auto.tcl: Setting watchdog for 200 seconds at Fri Aug 02 05:14:21 UTC 2019
4 ms. Memory: 48128K Free: 16762K (35%)
ptolemy.util.test.WatchDog.cancel(): canceling Fri Aug 02 05:14:21 UTC 2019
------------------ testing $PTII/ptolemy/domains/de/test/auto/multirate.xml
auto.tcl: Setting watchdog for 200 seconds at Fri Aug 02 05:14:21 UTC 2019
4 ms. Memory: 48128K Free: 27556K (57%)
ptolemy.util.test.WatchDog.cancel(): canceling Fri Aug 02 05:14:21 UTC 2019
auto.tcl: Setting watchdog for 200 seconds at Fri Aug 02 05:14:21 UTC 2019
3 ms. Memory: 48128K Free: 25864K (54%)
ptolemy.util.test.WatchDog.cancel(): canceling Fri Aug 02 05:14:21 UTC 2019
------------------ testing $PTII/ptolemy/domains/de/test/auto/multirate2.xml
auto.tcl: Setting watchdog for 200 seconds at Fri Aug 02 05:14:21 UTC 2019
5 ms. Memory: 48128K Free: 27722K (58%)
ptolemy.util.test.WatchDog.cancel(): canceling Fri Aug 02 05:14:21 UTC 2019
auto.tcl: Setting watchdog for 200 seconds at Fri Aug 02 05:14:21 UTC 2019
4 ms. Memory: 48128K Free: 26054K (54%)
ptolemy.util.test.WatchDog.cancel(): canceling Fri Aug 02 05:14:21 UTC 2019
------------------ testing $PTII/ptolemy/domains/de/test/auto/realtime.xml
auto.tcl: Setting watchdog for 200 seconds at Fri Aug 02 05:14:21 UTC 2019
10001 ms. Memory: 48128K Free: 29775K (62%)
ptolemy.util.test.WatchDog.cancel(): canceling Fri Aug 02 05:14:31 UTC 2019
auto.tcl: Setting watchdog for 200 seconds at Fri Aug 02 05:14:31 UTC 2019
10003 ms. Memory: 48128K Free: 29043K (60%)
ptolemy.util.test.WatchDog.cancel(): canceling Fri Aug 02 05:14:41 UTC 2019
------------------ testing $PTII/ptolemy/domains/de/test/auto/relationGroup.xml
auto.tcl: Setting watchdog for 200 seconds at Fri Aug 02 05:14:41 UTC 2019
2 ms. Memory: 48128K Free: 30857K (64%)
ptolemy.util.test.WatchDog.cancel(): canceling Fri Aug 02 05:14:41 UTC 2019
auto.tcl: Setting watchdog for 200 seconds at Fri Aug 02 05:14:41 UTC 2019
2 ms. Memory: 48128K Free: 30123K (63%)
ptolemy.util.test.WatchDog.cancel(): canceling Fri Aug 02 05:14:41 UTC 2019
------------------ testing $PTII/ptolemy/domains/de/test/auto/relationGroup2.xml
auto.tcl: Setting watchdog for 200 seconds at Fri Aug 02 05:14:42 UTC 2019
2 ms. Memory: 48128K Free: 30904K (64%)
ptolemy.util.test.WatchDog.cancel(): canceling Fri Aug 02 05:14:42 UTC 2019
auto.tcl: Setting watchdog for 200 seconds at Fri Aug 02 05:14:42 UTC 2019
1 ms. Memory: 48128K Free: 30149K (63%)
ptolemy.util.test.WatchDog.cancel(): canceling Fri Aug 02 05:14:42 UTC 2019
------------------ testing $PTII/ptolemy/domains/de/test/auto/sortWithOpaquePorts.xml
auto.tcl: Setting watchdog for 200 seconds at Fri Aug 02 05:14:42 UTC 2019
2 ms. Memory: 48128K Free: 29624K (62%)
ptolemy.util.test.WatchDog.cancel(): canceling Fri Aug 02 05:14:42 UTC 2019
auto.tcl: Setting watchdog for 200 seconds at Fri Aug 02 05:14:42 UTC 2019
3 ms. Memory: 48128K Free: 28632K (59%)
ptolemy.util.test.WatchDog.cancel(): canceling Fri Aug 02 05:14:42 UTC 2019
------------------ testing $PTII/ptolemy/domains/de/test/auto/transferInputsandOutputs.xml
auto.tcl: Setting watchdog for 200 seconds at Fri Aug 02 05:14:42 UTC 2019
2 ms. Memory: 48128K Free: 27065K (56%)
ptolemy.util.test.WatchDog.cancel(): canceling Fri Aug 02 05:14:42 UTC 2019
auto.tcl: Setting watchdog for 200 seconds at Fri Aug 02 05:14:42 UTC 2019
6 ms. Memory: 48128K Free: 26082K (54%)
ptolemy.util.test.WatchDog.cancel(): canceling Fri Aug 02 05:14:42 UTC 2019
------------------ testing $PTII/ptolemy/domains/de/test/auto/triggerType.xml
auto.tcl: Setting watchdog for 200 seconds at Fri Aug 02 05:14:42 UTC 2019
3 ms. Memory: 48128K Free: 30090K (63%)
ptolemy.util.test.WatchDog.cancel(): canceling Fri Aug 02 05:14:42 UTC 2019
auto.tcl: Setting watchdog for 200 seconds at Fri Aug 02 05:14:42 UTC 2019
2 ms. Memory: 48128K Free: 29153K (61%)
ptolemy.util.test.WatchDog.cancel(): canceling Fri Aug 02 05:14:42 UTC 2019
08/02/19 05:14:42
Failed: 0  Total Tests: 192  ((Passed: 187, Newly Passed: 1)  Known Failed: 5) /home/travis/build/icyphy/ptII/ptolemy/domains/de/test
08/02/19 05:14:42
Failed: 0  Total Tests: 192  ((Passed: 187, Newly Passed: 1)  Known Failed: 5) /home/travis/build/icyphy/ptII/ptolemy/domains/de/test
----------------- testing (KnownFailure) /home/travis/build/icyphy/ptII/ptolemy/domains/de/test/auto/knownFailedTests/DESDFClockTest.xml
2012 ms. Memory: 48128K Free: 23485K (49%)
Known Failure: java.lang.reflect.InvocationTargetException
----------------- testing (KnownFailure) /home/travis/build/icyphy/ptII/ptolemy/domains/de/test/auto/knownFailedTests/DirectFeedback.xml
1 ms. Memory: 48128K Free: 19389K (40%)
Known Failure: java.lang.reflect.InvocationTargetException
----------------- testing (KnownFailure) /home/travis/build/icyphy/ptII/ptolemy/domains/de/test/auto/knownFailedTests/FSMSource.xml
13 ms. Memory: 48128K Free: 11711K (24%)
----------------- testing (KnownFailure) /home/travis/build/icyphy/ptII/ptolemy/domains/de/test/auto/knownFailedTests/HierarchicalModel.xml
2 ms. Memory: 48128K Free: 21551K (45%)
Known Failure: java.lang.reflect.InvocationTargetException
----------------- testing (KnownFailure) /home/travis/build/icyphy/ptII/ptolemy/domains/de/test/auto/knownFailedTests/dependencyLoop.xml
8 ms. Memory: 48128K Free: 31966K (66%)
Known Failure: java.lang.reflect.InvocationTargetException
----------------- testing (KnownFailure) /home/travis/build/icyphy/ptII/ptolemy/domains/de/test/auto/knownFailedTests/dependencyLoop2.xml
3 ms. Memory: 48128K Free: 16624K (35%)
Known Failure: java.lang.reflect.InvocationTargetException
No auto/linux-amd64/*.xml tests in /home/travis/build/icyphy/ptII/ptolemy/domains/de/test
AutoTests.java: About to close Vertx.
AutoTests.java: Vertx closed.

===========================================================================================
----------------- testing Fri Aug 02 05:14:44 UTC 2019 /home/travis/build/icyphy/ptII/ptolemy/domains/de/test/auto/ActorDepthCalculation_actorWithoutPorts.xml
----------------- Instantiating /home/travis/build/icyphy/ptII/ptolemy/domains/de/test/auto/ActorDepthCalculation_actorWithoutPorts.xml
2 ms. Memory: 48128K Free: 10038K (21%)
----------------- Invoking toplevel() on ptolemy.moml.MoMLSimpleApplication@72fbec0d
----------------- Done invoking toplevel() on ptolemy.moml.MoMLSimpleApplication@72fbec0d
reloadAllAccessors: .ActorDepthCalculation_actorWithoutPorts

===========================================================================================
----------------- testing Fri Aug 02 05:14:44 UTC 2019 /home/travis/build/icyphy/ptII/ptolemy/domains/de/test/auto/AssemblyLine.xml
----------------- Instantiating /home/travis/build/icyphy/ptII/ptolemy/domains/de/test/auto/AssemblyLine.xml
3 ms. Memory: 48128K Free: 28410K (59%)
----------------- Invoking toplevel() on ptolemy.moml.MoMLSimpleApplication@41ea0363
----------------- Done invoking toplevel() on ptolemy.moml.MoMLSimpleApplication@41ea0363
reloadAllAccessors: .AssemblyLine

===========================================================================================
----------------- testing Fri Aug 02 05:14:44 UTC 2019 /home/travis/build/icyphy/ptII/ptolemy/domains/de/test/auto/CQBug1.xml
----------------- Instantiating /home/travis/build/icyphy/ptII/ptolemy/domains/de/test/auto/CQBug1.xml
0 ms. Memory: 48128K Free: 25338K (53%)
----------------- Invoking toplevel() on ptolemy.moml.MoMLSimpleApplication@2fe52f72
----------------- Done invoking toplevel() on ptolemy.moml.MoMLSimpleApplication@2fe52f72
reloadAllAccessors: .CQBug1

===========================================================================================
----------------- testing Fri Aug 02 05:14:44 UTC 2019 /home/travis/build/icyphy/ptII/ptolemy/domains/de/test/auto/CancelFireAt.xml
----------------- Instantiating /home/travis/build/icyphy/ptII/ptolemy/domains/de/test/auto/CancelFireAt.xml
2 ms. Memory: 48128K Free: 22776K (47%)
----------------- Invoking toplevel() on ptolemy.moml.MoMLSimpleApplication@20f2622d
----------------- Done invoking toplevel() on ptolemy.moml.MoMLSimpleApplication@20f2622d
reloadAllAccessors: .CancelFireAt

===========================================================================================
----------------- testing Fri Aug 02 05:14:44 UTC 2019 /home/travis/build/icyphy/ptII/ptolemy/domains/de/test/auto/CausalityAndComposabilityAnalysis.xml
----------------- Instantiating /home/travis/build/icyphy/ptII/ptolemy/domains/de/test/auto/CausalityAndComposabilityAnalysis.xml
2 ms. Memory: 48128K Free: 18200K (38%)
----------------- Invoking toplevel() on ptolemy.moml.MoMLSimpleApplication@76b11dcd
----------------- Done invoking toplevel() on ptolemy.moml.MoMLSimpleApplication@76b11dcd
reloadAllAccessors: .CausalityAndComposabilityAnalysis

===========================================================================================
----------------- testing Fri Aug 02 05:14:44 UTC 2019 /home/travis/build/icyphy/ptII/ptolemy/domains/de/test/auto/CausalityInterface1.xml
----------------- Instantiating /home/travis/build/icyphy/ptII/ptolemy/domains/de/test/auto/CausalityInterface1.xml
5 ms. Memory: 48128K Free: 13080K (27%)
----------------- Invoking toplevel() on ptolemy.moml.MoMLSimpleApplication@2c7111f4
----------------- Done invoking toplevel() on ptolemy.moml.MoMLSimpleApplication@2c7111f4
reloadAllAccessors: .CausalityInterface1

===========================================================================================
----------------- testing Fri Aug 02 05:14:44 UTC 2019 /home/travis/build/icyphy/ptII/ptolemy/domains/de/test/auto/CausalityInterface15.xml
----------------- Instantiating /home/travis/build/icyphy/ptII/ptolemy/domains/de/test/auto/CausalityInterface15.xml
7 ms. Memory: 48128K Free: 33472K (70%)
----------------- Invoking toplevel() on ptolemy.moml.MoMLSimpleApplication@7887c117
----------------- Done invoking toplevel() on ptolemy.moml.MoMLSimpleApplication@7887c117
reloadAllAccessors: .CausalityInterface15

===========================================================================================
----------------- testing Fri Aug 02 05:14:44 UTC 2019 /home/travis/build/icyphy/ptII/ptolemy/domains/de/test/auto/CausalityInterface2.xml
----------------- Instantiating /home/travis/build/icyphy/ptII/ptolemy/domains/de/test/auto/CausalityInterface2.xml
1 ms. Memory: 48128K Free: 28833K (60%)
----------------- Invoking toplevel() on ptolemy.moml.MoMLSimpleApplication@cb3f179
----------------- Done invoking toplevel() on ptolemy.moml.MoMLSimpleApplication@cb3f179
reloadAllAccessors: .CausalityInterface2

===========================================================================================
----------------- testing Fri Aug 02 05:14:44 UTC 2019 /home/travis/build/icyphy/ptII/ptolemy/domains/de/test/auto/CausalityInterface3.xml
----------------- Instantiating /home/travis/build/icyphy/ptII/ptolemy/domains/de/test/auto/CausalityInterface3.xml
2 ms. Memory: 48128K Free: 23755K (49%)
----------------- Invoking toplevel() on ptolemy.moml.MoMLSimpleApplication@3934d5d1
----------------- Done invoking toplevel() on ptolemy.moml.MoMLSimpleApplication@3934d5d1
reloadAllAccessors: .CausalityInterface3

===========================================================================================
----------------- testing Fri Aug 02 05:14:44 UTC 2019 /home/travis/build/icyphy/ptII/ptolemy/domains/de/test/auto/ClockDrift.xml
----------------- Instantiating /home/travis/build/icyphy/ptII/ptolemy/domains/de/test/auto/ClockDrift.xml
17 ms. Memory: 48128K Free: 11593K (24%)
----------------- Invoking toplevel() on ptolemy.moml.MoMLSimpleApplication@71923bd7
----------------- Done invoking toplevel() on ptolemy.moml.MoMLSimpleApplication@71923bd7
reloadAllAccessors: .ClockDrift

===========================================================================================
----------------- testing Fri Aug 02 05:14:44 UTC 2019 /home/travis/build/icyphy/ptII/ptolemy/domains/de/test/auto/ClockDriftAndValueChange.xml
----------------- Instantiating /home/travis/build/icyphy/ptII/ptolemy/domains/de/test/auto/ClockDriftAndValueChange.xml
11 ms. Memory: 48128K Free: 25446K (53%)
----------------- Invoking toplevel() on ptolemy.moml.MoMLSimpleApplication@6e95e31
----------------- Done invoking toplevel() on ptolemy.moml.MoMLSimpleApplication@6e95e31
reloadAllAccessors: .ClockDriftAndValueChange

===========================================================================================
----------------- testing Fri Aug 02 05:14:44 UTC 2019 /home/travis/build/icyphy/ptII/ptolemy/domains/de/test/auto/ClockDriftChange.xml
----------------- Instantiating /home/travis/build/icyphy/ptII/ptolemy/domains/de/test/auto/ClockDriftChange.xml
10 ms. Memory: 48128K Free: 15547K (32%)
----------------- Invoking toplevel() on ptolemy.moml.MoMLSimpleApplication@4d46f97f
----------------- Done invoking toplevel() on ptolemy.moml.MoMLSimpleApplication@4d46f97f
reloadAllAccessors: .ClockDriftChange

===========================================================================================
----------------- testing Fri Aug 02 05:14:44 UTC 2019 /home/travis/build/icyphy/ptII/ptolemy/domains/de/test/auto/ComposableCausalityAnalysis.xml
----------------- Instantiating /home/travis/build/icyphy/ptII/ptolemy/domains/de/test/auto/ComposableCausalityAnalysis.xml
1 ms. Memory: 48128K Free: 9837K (20%)
----------------- Invoking toplevel() on ptolemy.moml.MoMLSimpleApplication@6fdea060
----------------- Done invoking toplevel() on ptolemy.moml.MoMLSimpleApplication@6fdea060
reloadAllAccessors: .ComposableCausalityAnalysis

===========================================================================================
----------------- testing Fri Aug 02 05:14:44 UTC 2019 /home/travis/build/icyphy/ptII/ptolemy/domains/de/test/auto/DEFixedPointLimitation.xml
----------------- Instantiating /home/travis/build/icyphy/ptII/ptolemy/domains/de/test/auto/DEFixedPointLimitation.xml
0 ms. Memory: 48128K Free: 31086K (65%)
----------------- Invoking toplevel() on ptolemy.moml.MoMLSimpleApplication@5e261eda
----------------- Done invoking toplevel() on ptolemy.moml.MoMLSimpleApplication@5e261eda
reloadAllAccessors: .DEFixedPointLimitation

===========================================================================================
----------------- testing Fri Aug 02 05:14:44 UTC 2019 /home/travis/build/icyphy/ptII/ptolemy/domains/de/test/auto/DEScheduleTest.xml
----------------- Instantiating /home/travis/build/icyphy/ptII/ptolemy/domains/de/test/auto/DEScheduleTest.xml
2 ms. Memory: 48128K Free: 26803K (56%)
----------------- Invoking toplevel() on ptolemy.moml.MoMLSimpleApplication@411e0c15
----------------- Done invoking toplevel() on ptolemy.moml.MoMLSimpleApplication@411e0c15
reloadAllAccessors: .DEScheduleTest

===========================================================================================
----------------- testing Fri Aug 02 05:14:44 UTC 2019 /home/travis/build/icyphy/ptII/ptolemy/domains/de/test/auto/DEinDEwithStartTimes.xml
----------------- Instantiating /home/travis/build/icyphy/ptII/ptolemy/domains/de/test/auto/DEinDEwithStartTimes.xml
4 ms. Memory: 48128K Free: 21018K (44%)
----------------- Invoking toplevel() on ptolemy.moml.MoMLSimpleApplication@e6867b1
----------------- Done invoking toplevel() on ptolemy.moml.MoMLSimpleApplication@e6867b1
reloadAllAccessors: .DEinDEwithStartTimes

===========================================================================================
----------------- testing Fri Aug 02 05:14:45 UTC 2019 /home/travis/build/icyphy/ptII/ptolemy/domains/de/test/auto/DEinDEwithStartTimes2.xml
----------------- Instantiating /home/travis/build/icyphy/ptII/ptolemy/domains/de/test/auto/DEinDEwithStartTimes2.xml
2 ms. Memory: 48128K Free: 14655K (30%)
----------------- Invoking toplevel() on ptolemy.moml.MoMLSimpleApplication@1c8f490
----------------- Done invoking toplevel() on ptolemy.moml.MoMLSimpleApplication@1c8f490
reloadAllAccessors: .DEinDEwithStartTimes2

===========================================================================================
----------------- testing Fri Aug 02 05:14:45 UTC 2019 /home/travis/build/icyphy/ptII/ptolemy/domains/de/test/auto/DateDemo.xml
----------------- Instantiating /home/travis/build/icyphy/ptII/ptolemy/domains/de/test/auto/DateDemo.xml
7 ms. Memory: 48128K Free: 28736K (60%)
----------------- Invoking toplevel() on ptolemy.moml.MoMLSimpleApplication@7d93416e
----------------- Done invoking toplevel() on ptolemy.moml.MoMLSimpleApplication@7d93416e
reloadAllAccessors: .DateDemo

===========================================================================================
----------------- testing Fri Aug 02 05:14:45 UTC 2019 /home/travis/build/icyphy/ptII/ptolemy/domains/de/test/auto/DateToEvent.xml
----------------- Instantiating /home/travis/build/icyphy/ptII/ptolemy/domains/de/test/auto/DateToEvent.xml
2005 ms. Memory: 48128K Free: 12916K (27%)
----------------- Invoking toplevel() on ptolemy.moml.MoMLSimpleApplication@5de6aebb
----------------- Done invoking toplevel() on ptolemy.moml.MoMLSimpleApplication@5de6aebb
reloadAllAccessors: .DateToEvent

===========================================================================================
----------------- testing Fri Aug 02 05:14:47 UTC 2019 /home/travis/build/icyphy/ptII/ptolemy/domains/de/test/auto/DepthTest1.xml
----------------- Instantiating /home/travis/build/icyphy/ptII/ptolemy/domains/de/test/auto/DepthTest1.xml
1 ms. Memory: 48128K Free: 10086K (21%)
----------------- Invoking toplevel() on ptolemy.moml.MoMLSimpleApplication@65371a64
----------------- Done invoking toplevel() on ptolemy.moml.MoMLSimpleApplication@65371a64
reloadAllAccessors: .DepthTest1

===========================================================================================
----------------- testing Fri Aug 02 05:14:47 UTC 2019 /home/travis/build/icyphy/ptII/ptolemy/domains/de/test/auto/DepthTest2.xml
----------------- Instantiating /home/travis/build/icyphy/ptII/ptolemy/domains/de/test/auto/DepthTest2.xml
3 ms. Memory: 48128K Free: 28432K (59%)
----------------- Invoking toplevel() on ptolemy.moml.MoMLSimpleApplication@287efa83
----------------- Done invoking toplevel() on ptolemy.moml.MoMLSimpleApplication@287efa83
reloadAllAccessors: .DepthTest2

===========================================================================================
----------------- testing Fri Aug 02 05:14:47 UTC 2019 /home/travis/build/icyphy/ptII/ptolemy/domains/de/test/auto/DepthTest3.xml
----------------- Instantiating /home/travis/build/icyphy/ptII/ptolemy/domains/de/test/auto/DepthTest3.xml
2 ms. Memory: 48128K Free: 25376K (53%)
----------------- Invoking toplevel() on ptolemy.moml.MoMLSimpleApplication@497a19d1
----------------- Done invoking toplevel() on ptolemy.moml.MoMLSimpleApplication@497a19d1
reloadAllAccessors: .DepthTest3

===========================================================================================
----------------- testing Fri Aug 02 05:14:47 UTC 2019 /home/travis/build/icyphy/ptII/ptolemy/domains/de/test/auto/DepthTest4.xml
----------------- Instantiating /home/travis/build/icyphy/ptII/ptolemy/domains/de/test/auto/DepthTest4.xml
2 ms. Memory: 48128K Free: 20520K (43%)
----------------- Invoking toplevel() on ptolemy.moml.MoMLSimpleApplication@3da8d089
----------------- Done invoking toplevel() on ptolemy.moml.MoMLSimpleApplication@3da8d089
reloadAllAccessors: .DepthTest4

===========================================================================================
----------------- testing Fri Aug 02 05:14:47 UTC 2019 /home/travis/build/icyphy/ptII/ptolemy/domains/de/test/auto/DepthTest5.xml
----------------- Instantiating /home/travis/build/icyphy/ptII/ptolemy/domains/de/test/auto/DepthTest5.xml
9 ms. Memory: 48128K Free: 15150K (31%)
----------------- Invoking toplevel() on ptolemy.moml.MoMLSimpleApplication@305b4c2e
----------------- Done invoking toplevel() on ptolemy.moml.MoMLSimpleApplication@305b4c2e
reloadAllAccessors: .DepthTest5

===========================================================================================
----------------- testing Fri Aug 02 05:14:47 UTC 2019 /home/travis/build/icyphy/ptII/ptolemy/domains/de/test/auto/DepthTest6.xml
----------------- Instantiating /home/travis/build/icyphy/ptII/ptolemy/domains/de/test/auto/DepthTest6.xml
2 ms. Memory: 48128K Free: 9866K (20%)
----------------- Invoking toplevel() on ptolemy.moml.MoMLSimpleApplication@426ef6c9
----------------- Done invoking toplevel() on ptolemy.moml.MoMLSimpleApplication@426ef6c9
reloadAllAccessors: .DepthTest6

===========================================================================================
----------------- testing Fri Aug 02 05:14:47 UTC 2019 /home/travis/build/icyphy/ptII/ptolemy/domains/de/test/auto/DepthTest7.xml
----------------- Instantiating /home/travis/build/icyphy/ptII/ptolemy/domains/de/test/auto/DepthTest7.xml
1 ms. Memory: 48128K Free: 29655K (62%)
----------------- Invoking toplevel() on ptolemy.moml.MoMLSimpleApplication@1cad6a5e
----------------- Done invoking toplevel() on ptolemy.moml.MoMLSimpleApplication@1cad6a5e
reloadAllAccessors: .DepthTest7

===========================================================================================
----------------- testing Fri Aug 02 05:14:47 UTC 2019 /home/travis/build/icyphy/ptII/ptolemy/domains/de/test/auto/EventToDate.xml
----------------- Instantiating /home/travis/build/icyphy/ptII/ptolemy/domains/de/test/auto/EventToDate.xml
3013 ms. Memory: 48128K Free: 16516K (34%)
----------------- Invoking toplevel() on ptolemy.moml.MoMLSimpleApplication@280171fa
----------------- Done invoking toplevel() on ptolemy.moml.MoMLSimpleApplication@280171fa
reloadAllAccessors: .EventToDate

===========================================================================================
----------------- testing Fri Aug 02 05:14:50 UTC 2019 /home/travis/build/icyphy/ptII/ptolemy/domains/de/test/auto/FSM1.xml
----------------- Instantiating /home/travis/build/icyphy/ptII/ptolemy/domains/de/test/auto/FSM1.xml
24 ms. Memory: 48128K Free: 28843K (60%)
----------------- Invoking toplevel() on ptolemy.moml.MoMLSimpleApplication@34779f7b
----------------- Done invoking toplevel() on ptolemy.moml.MoMLSimpleApplication@34779f7b
reloadAllAccessors: .FSM1

===========================================================================================
----------------- testing Fri Aug 02 05:14:50 UTC 2019 /home/travis/build/icyphy/ptII/ptolemy/domains/de/test/auto/FSM7.xml
----------------- Instantiating /home/travis/build/icyphy/ptII/ptolemy/domains/de/test/auto/FSM7.xml
21 ms. Memory: 48128K Free: 16515K (34%)
----------------- Invoking toplevel() on ptolemy.moml.MoMLSimpleApplication@226e3c15
----------------- Done invoking toplevel() on ptolemy.moml.MoMLSimpleApplication@226e3c15
reloadAllAccessors: .FSM7

===========================================================================================
----------------- testing Fri Aug 02 05:14:50 UTC 2019 /home/travis/build/icyphy/ptII/ptolemy/domains/de/test/auto/Inspection.xml
----------------- Instantiating /home/travis/build/icyphy/ptII/ptolemy/domains/de/test/auto/Inspection.xml
17 ms. Memory: 48128K Free: 28765K (60%)
----------------- Invoking toplevel() on ptolemy.moml.MoMLSimpleApplication@2dcbcc63
----------------- Done invoking toplevel() on ptolemy.moml.MoMLSimpleApplication@2dcbcc63
reloadAllAccessors: .Inspection

===========================================================================================
----------------- testing Fri Aug 02 05:14:50 UTC 2019 /home/travis/build/icyphy/ptII/ptolemy/domains/de/test/auto/Iteration.xml
----------------- Instantiating /home/travis/build/icyphy/ptII/ptolemy/domains/de/test/auto/Iteration.xml
13 ms. Memory: 48128K Free: 21737K (45%)
----------------- Invoking toplevel() on ptolemy.moml.MoMLSimpleApplication@59fc8719
----------------- Done invoking toplevel() on ptolemy.moml.MoMLSimpleApplication@59fc8719
reloadAllAccessors: .Iteration

===========================================================================================
----------------- testing Fri Aug 02 05:14:50 UTC 2019 /home/travis/build/icyphy/ptII/ptolemy/domains/de/test/auto/LineFault.xml
----------------- Instantiating /home/travis/build/icyphy/ptII/ptolemy/domains/de/test/auto/LineFault.xml
510 ms. Memory: 48128K Free: 23422K (49%)
----------------- Invoking toplevel() on ptolemy.moml.MoMLSimpleApplication@1ca8edcd
----------------- Done invoking toplevel() on ptolemy.moml.MoMLSimpleApplication@1ca8edcd
reloadAllAccessors: .LineFault

===========================================================================================
----------------- testing Fri Aug 02 05:14:51 UTC 2019 /home/travis/build/icyphy/ptII/ptolemy/domains/de/test/auto/MergeModel1Add.xml
----------------- Instantiating /home/travis/build/icyphy/ptII/ptolemy/domains/de/test/auto/MergeModel1Add.xml
6 ms. Memory: 48128K Free: 25813K (54%)
----------------- Invoking toplevel() on ptolemy.moml.MoMLSimpleApplication@6ddd2f89
----------------- Done invoking toplevel() on ptolemy.moml.MoMLSimpleApplication@6ddd2f89
reloadAllAccessors: .MergeModel1Add

===========================================================================================
----------------- testing Fri Aug 02 05:14:51 UTC 2019 /home/travis/build/icyphy/ptII/ptolemy/domains/de/test/auto/MergeModel2Add.xml
----------------- Instantiating /home/travis/build/icyphy/ptII/ptolemy/domains/de/test/auto/MergeModel2Add.xml
5 ms. Memory: 48128K Free: 28930K (60%)
----------------- Invoking toplevel() on ptolemy.moml.MoMLSimpleApplication@2dd03b70
----------------- Done invoking toplevel() on ptolemy.moml.MoMLSimpleApplication@2dd03b70
reloadAllAccessors: .MergeModel2Add

===========================================================================================
----------------- testing Fri Aug 02 05:14:51 UTC 2019 /home/travis/build/icyphy/ptII/ptolemy/domains/de/test/auto/MergeModel3Add.xml
----------------- Instantiating /home/travis/build/icyphy/ptII/ptolemy/domains/de/test/auto/MergeModel3Add.xml
6 ms. Memory: 48128K Free: 11347K (24%)
----------------- Invoking toplevel() on ptolemy.moml.MoMLSimpleApplication@70802a16
----------------- Done invoking toplevel() on ptolemy.moml.MoMLSimpleApplication@70802a16
reloadAllAccessors: .MergeModel3Add

===========================================================================================
----------------- testing Fri Aug 02 05:14:51 UTC 2019 /home/travis/build/icyphy/ptII/ptolemy/domains/de/test/auto/MergeWithoutDiscard.xml
----------------- Instantiating /home/travis/build/icyphy/ptII/ptolemy/domains/de/test/auto/MergeWithoutDiscard.xml
1 ms. Memory: 48128K Free: 28099K (58%)
----------------- Invoking toplevel() on ptolemy.moml.MoMLSimpleApplication@57c048bd
----------------- Done invoking toplevel() on ptolemy.moml.MoMLSimpleApplication@57c048bd
reloadAllAccessors: .MergeWithoutDiscard

===========================================================================================
----------------- testing Fri Aug 02 05:14:51 UTC 2019 /home/travis/build/icyphy/ptII/ptolemy/domains/de/test/auto/Modal1.xml
----------------- Instantiating /home/travis/build/icyphy/ptII/ptolemy/domains/de/test/auto/Modal1.xml
10 ms. Memory: 48128K Free: 15989K (33%)
----------------- Invoking toplevel() on ptolemy.moml.MoMLSimpleApplication@32b8d878
----------------- Done invoking toplevel() on ptolemy.moml.MoMLSimpleApplication@32b8d878
reloadAllAccessors: .Modal1

===========================================================================================
----------------- testing Fri Aug 02 05:14:51 UTC 2019 /home/travis/build/icyphy/ptII/ptolemy/domains/de/test/auto/Modal2.xml
----------------- Instantiating /home/travis/build/icyphy/ptII/ptolemy/domains/de/test/auto/Modal2.xml
10 ms. Memory: 48128K Free: 25202K (52%)
----------------- Invoking toplevel() on ptolemy.moml.MoMLSimpleApplication@7ad8a483
----------------- Done invoking toplevel() on ptolemy.moml.MoMLSimpleApplication@7ad8a483
reloadAllAccessors: .Modal2

===========================================================================================
----------------- testing Fri Aug 02 05:14:51 UTC 2019 /home/travis/build/icyphy/ptII/ptolemy/domains/de/test/auto/Modal3.xml
----------------- Instantiating /home/travis/build/icyphy/ptII/ptolemy/domains/de/test/auto/Modal3.xml
7 ms. Memory: 48128K Free: 13145K (27%)
----------------- Invoking toplevel() on ptolemy.moml.MoMLSimpleApplication@493b213f
----------------- Done invoking toplevel() on ptolemy.moml.MoMLSimpleApplication@493b213f
reloadAllAccessors: .Modal3

===========================================================================================
----------------- testing Fri Aug 02 05:14:51 UTC 2019 /home/travis/build/icyphy/ptII/ptolemy/domains/de/test/auto/Modal4.xml
----------------- Instantiating /home/travis/build/icyphy/ptII/ptolemy/domains/de/test/auto/Modal4.xml
13 ms. Memory: 48128K Free: 21587K (45%)
----------------- Invoking toplevel() on ptolemy.moml.MoMLSimpleApplication@25dd4318
----------------- Done invoking toplevel() on ptolemy.moml.MoMLSimpleApplication@25dd4318
reloadAllAccessors: .Modal4

===========================================================================================
----------------- testing Fri Aug 02 05:14:51 UTC 2019 /home/travis/build/icyphy/ptII/ptolemy/domains/de/test/auto/Modal5.xml
----------------- Instantiating /home/travis/build/icyphy/ptII/ptolemy/domains/de/test/auto/Modal5.xml
20 ms. Memory: 48128K Free: 30252K (63%)
----------------- Invoking toplevel() on ptolemy.moml.MoMLSimpleApplication@22ad3be6
----------------- Done invoking toplevel() on ptolemy.moml.MoMLSimpleApplication@22ad3be6
reloadAllAccessors: .Modal5

===========================================================================================
----------------- testing Fri Aug 02 05:14:51 UTC 2019 /home/travis/build/icyphy/ptII/ptolemy/domains/de/test/auto/Modal6.xml
----------------- Instantiating /home/travis/build/icyphy/ptII/ptolemy/domains/de/test/auto/Modal6.xml
10 ms. Memory: 48128K Free: 17563K (36%)
----------------- Invoking toplevel() on ptolemy.moml.MoMLSimpleApplication@7cad6ed0
----------------- Done invoking toplevel() on ptolemy.moml.MoMLSimpleApplication@7cad6ed0
reloadAllAccessors: .Modal6

===========================================================================================
----------------- testing Fri Aug 02 05:14:51 UTC 2019 /home/travis/build/icyphy/ptII/ptolemy/domains/de/test/auto/Modal7.xml
----------------- Instantiating /home/travis/build/icyphy/ptII/ptolemy/domains/de/test/auto/Modal7.xml
10 ms. Memory: 75776K Free: 53337K (70%)
----------------- Invoking toplevel() on ptolemy.moml.MoMLSimpleApplication@39f81cc4
----------------- Done invoking toplevel() on ptolemy.moml.MoMLSimpleApplication@39f81cc4
reloadAllAccessors: .Modal7

===========================================================================================
----------------- testing Fri Aug 02 05:14:51 UTC 2019 /home/travis/build/icyphy/ptII/ptolemy/domains/de/test/auto/ModalModel.xml
----------------- Instantiating /home/travis/build/icyphy/ptII/ptolemy/domains/de/test/auto/ModalModel.xml
148 ms. Memory: 75776K Free: 52053K (69%)
----------------- Invoking toplevel() on ptolemy.moml.MoMLSimpleApplication@9923411
----------------- Done invoking toplevel() on ptolemy.moml.MoMLSimpleApplication@9923411
reloadAllAccessors: .ModalModel

===========================================================================================
----------------- testing Fri Aug 02 05:14:51 UTC 2019 /home/travis/build/icyphy/ptII/ptolemy/domains/de/test/auto/ModalSource.xml
----------------- Instantiating /home/travis/build/icyphy/ptII/ptolemy/domains/de/test/auto/ModalSource.xml
8 ms. Memory: 75776K Free: 43521K (57%)
----------------- Invoking toplevel() on ptolemy.moml.MoMLSimpleApplication@4a5f266d
----------------- Done invoking toplevel() on ptolemy.moml.MoMLSimpleApplication@4a5f266d
reloadAllAccessors: .ModalSource

===========================================================================================
----------------- testing Fri Aug 02 05:14:51 UTC 2019 /home/travis/build/icyphy/ptII/ptolemy/domains/de/test/auto/NonInterruptibleTimerZeroDelay.xml
----------------- Instantiating /home/travis/build/icyphy/ptII/ptolemy/domains/de/test/auto/NonInterruptibleTimerZeroDelay.xml
2 ms. Memory: 75776K Free: 39489K (52%)
----------------- Invoking toplevel() on ptolemy.moml.MoMLSimpleApplication@4e8cb11c
----------------- Done invoking toplevel() on ptolemy.moml.MoMLSimpleApplication@4e8cb11c
reloadAllAccessors: .NonInterruptibleTimerZeroDelay

===========================================================================================
----------------- testing Fri Aug 02 05:14:51 UTC 2019 /home/travis/build/icyphy/ptII/ptolemy/domains/de/test/auto/OpenQueueingNetwork.xml
----------------- Instantiating /home/travis/build/icyphy/ptII/ptolemy/domains/de/test/auto/OpenQueueingNetwork.xml
2676 ms. Memory: 251904K Free: 218169K (87%)
----------------- Invoking toplevel() on ptolemy.moml.MoMLSimpleApplication@9533392
----------------- Done invoking toplevel() on ptolemy.moml.MoMLSimpleApplication@9533392
reloadAllAccessors: .OpenQueueingNetwork

===========================================================================================
----------------- testing Fri Aug 02 05:14:54 UTC 2019 /home/travis/build/icyphy/ptII/ptolemy/domains/de/test/auto/OpenQueuingNetwork.xml
----------------- Instantiating /home/travis/build/icyphy/ptII/ptolemy/domains/de/test/auto/OpenQueuingNetwork.xml
246 ms. Memory: 251904K Free: 141883K (56%)
----------------- Invoking toplevel() on ptolemy.moml.MoMLSimpleApplication@72b5e6cd
----------------- Done invoking toplevel() on ptolemy.moml.MoMLSimpleApplication@72b5e6cd
reloadAllAccessors: .OpenQueuingNetwork

===========================================================================================
----------------- testing Fri Aug 02 05:14:54 UTC 2019 /home/travis/build/icyphy/ptII/ptolemy/domains/de/test/auto/PeriodicSampler.xml
----------------- Instantiating /home/travis/build/icyphy/ptII/ptolemy/domains/de/test/auto/PeriodicSampler.xml
2 ms. Memory: 251904K Free: 137787K (55%)
----------------- Invoking toplevel() on ptolemy.moml.MoMLSimpleApplication@6ee41cd0
----------------- Done invoking toplevel() on ptolemy.moml.MoMLSimpleApplication@6ee41cd0
reloadAllAccessors: .PeriodicSampler

===========================================================================================
----------------- testing Fri Aug 02 05:14:54 UTC 2019 /home/travis/build/icyphy/ptII/ptolemy/domains/de/test/auto/PersistentIO.xml
----------------- Instantiating /home/travis/build/icyphy/ptII/ptolemy/domains/de/test/auto/PersistentIO.xml
5 ms. Memory: 251904K Free: 128027K (51%)
----------------- Invoking toplevel() on ptolemy.moml.MoMLSimpleApplication@66a8d6b9
----------------- Done invoking toplevel() on ptolemy.moml.MoMLSimpleApplication@66a8d6b9
reloadAllAccessors: .PersistentIO

===========================================================================================
----------------- testing Fri Aug 02 05:14:54 UTC 2019 /home/travis/build/icyphy/ptII/ptolemy/domains/de/test/auto/PortParameterResetOnInitialize.xml
----------------- Instantiating /home/travis/build/icyphy/ptII/ptolemy/domains/de/test/auto/PortParameterResetOnInitialize.xml
1 ms. Memory: 251904K Free: 123451K (49%)
----------------- Invoking toplevel() on ptolemy.moml.MoMLSimpleApplication@54c3c48c
----------------- Done invoking toplevel() on ptolemy.moml.MoMLSimpleApplication@54c3c48c
reloadAllAccessors: .PortParameterResetOnInitialize

===========================================================================================
----------------- testing Fri Aug 02 05:14:54 UTC 2019 /home/travis/build/icyphy/ptII/ptolemy/domains/de/test/auto/PortParameterUpdates.xml
----------------- Instantiating /home/travis/build/icyphy/ptII/ptolemy/domains/de/test/auto/PortParameterUpdates.xml
3 ms. Memory: 251904K Free: 116779K (46%)
----------------- Invoking toplevel() on ptolemy.moml.MoMLSimpleApplication@4084f516
----------------- Done invoking toplevel() on ptolemy.moml.MoMLSimpleApplication@4084f516
reloadAllAccessors: .PortParameterUpdates

===========================================================================================
----------------- testing Fri Aug 02 05:14:54 UTC 2019 /home/travis/build/icyphy/ptII/ptolemy/domains/de/test/auto/QueueAndServer.xml
----------------- Instantiating /home/travis/build/icyphy/ptII/ptolemy/domains/de/test/auto/QueueAndServer.xml
5 ms. Memory: 251904K Free: 109115K (43%)
----------------- Invoking toplevel() on ptolemy.moml.MoMLSimpleApplication@e1c59c1
----------------- Done invoking toplevel() on ptolemy.moml.MoMLSimpleApplication@e1c59c1
reloadAllAccessors: .QueueAndServer

===========================================================================================
----------------- testing Fri Aug 02 05:14:54 UTC 2019 /home/travis/build/icyphy/ptII/ptolemy/domains/de/test/auto/Records.xml
----------------- Instantiating /home/travis/build/icyphy/ptII/ptolemy/domains/de/test/auto/Records.xml
6 ms. Memory: 251904K Free: 103481K (41%)
----------------- Invoking toplevel() on ptolemy.moml.MoMLSimpleApplication@6ea1765e
----------------- Done invoking toplevel() on ptolemy.moml.MoMLSimpleApplication@6ea1765e
reloadAllAccessors: .Records

===========================================================================================
----------------- testing Fri Aug 02 05:14:54 UTC 2019 /home/travis/build/icyphy/ptII/ptolemy/domains/de/test/auto/ResetTransitionWithStartTime1.xml
----------------- Instantiating /home/travis/build/icyphy/ptII/ptolemy/domains/de/test/auto/ResetTransitionWithStartTime1.xml
4 ms. Memory: 251904K Free: 231778K (92%)
----------------- Invoking toplevel() on ptolemy.moml.MoMLSimpleApplication@141a4d1b
----------------- Done invoking toplevel() on ptolemy.moml.MoMLSimpleApplication@141a4d1b
reloadAllAccessors: .ResetTransitionWithStartTime1

===========================================================================================
----------------- testing Fri Aug 02 05:14:54 UTC 2019 /home/travis/build/icyphy/ptII/ptolemy/domains/de/test/auto/ResetTransitionWithStartTime2.xml
----------------- Instantiating /home/travis/build/icyphy/ptII/ptolemy/domains/de/test/auto/ResetTransitionWithStartTime2.xml
6 ms. Memory: 251904K Free: 223572K (89%)
----------------- Invoking toplevel() on ptolemy.moml.MoMLSimpleApplication@1d5d274f
----------------- Done invoking toplevel() on ptolemy.moml.MoMLSimpleApplication@1d5d274f
reloadAllAccessors: .ResetTransitionWithStartTime2

===========================================================================================
----------------- testing Fri Aug 02 05:14:55 UTC 2019 /home/travis/build/icyphy/ptII/ptolemy/domains/de/test/auto/ResetTransitionWithStartTime3.xml
----------------- Instantiating /home/travis/build/icyphy/ptII/ptolemy/domains/de/test/auto/ResetTransitionWithStartTime3.xml
4 ms. Memory: 251904K Free: 215364K (85%)
----------------- Invoking toplevel() on ptolemy.moml.MoMLSimpleApplication@3f48997f
----------------- Done invoking toplevel() on ptolemy.moml.MoMLSimpleApplication@3f48997f
reloadAllAccessors: .ResetTransitionWithStartTime3

===========================================================================================
----------------- testing Fri Aug 02 05:14:55 UTC 2019 /home/travis/build/icyphy/ptII/ptolemy/domains/de/test/auto/ResetTransitionWithStartTime4.xml
----------------- Instantiating /home/travis/build/icyphy/ptII/ptolemy/domains/de/test/auto/ResetTransitionWithStartTime4.xml
3 ms. Memory: 251904K Free: 207716K (82%)
----------------- Invoking toplevel() on ptolemy.moml.MoMLSimpleApplication@609c1101
----------------- Done invoking toplevel() on ptolemy.moml.MoMLSimpleApplication@609c1101
reloadAllAccessors: .ResetTransitionWithStartTime4

===========================================================================================
----------------- testing Fri Aug 02 05:14:55 UTC 2019 /home/travis/build/icyphy/ptII/ptolemy/domains/de/test/auto/ResettableTimer1.xml
----------------- Instantiating /home/travis/build/icyphy/ptII/ptolemy/domains/de/test/auto/ResettableTimer1.xml
2 ms. Memory: 251904K Free: 203620K (81%)
----------------- Invoking toplevel() on ptolemy.moml.MoMLSimpleApplication@123198eb
----------------- Done invoking toplevel() on ptolemy.moml.MoMLSimpleApplication@123198eb
reloadAllAccessors: .ResettableTimer1

===========================================================================================
----------------- testing Fri Aug 02 05:14:55 UTC 2019 /home/travis/build/icyphy/ptII/ptolemy/domains/de/test/auto/ResettableTimer2.xml
----------------- Instantiating /home/travis/build/icyphy/ptII/ptolemy/domains/de/test/auto/ResettableTimer2.xml
2 ms. Memory: 251904K Free: 199524K (79%)
----------------- Invoking toplevel() on ptolemy.moml.MoMLSimpleApplication@847357d
----------------- Done invoking toplevel() on ptolemy.moml.MoMLSimpleApplication@847357d
reloadAllAccessors: .ResettableTimer2

===========================================================================================
----------------- testing Fri Aug 02 05:14:55 UTC 2019 /home/travis/build/icyphy/ptII/ptolemy/domains/de/test/auto/ResettableTimer3.xml
----------------- Instantiating /home/travis/build/icyphy/ptII/ptolemy/domains/de/test/auto/ResettableTimer3.xml
1 ms. Memory: 251904K Free: 195428K (78%)
----------------- Invoking toplevel() on ptolemy.moml.MoMLSimpleApplication@17414422
----------------- Done invoking toplevel() on ptolemy.moml.MoMLSimpleApplication@17414422
reloadAllAccessors: .ResettableTimer3

===========================================================================================
----------------- testing Fri Aug 02 05:14:55 UTC 2019 /home/travis/build/icyphy/ptII/ptolemy/domains/de/test/auto/ResettableTimer4.xml
----------------- Instantiating /home/travis/build/icyphy/ptII/ptolemy/domains/de/test/auto/ResettableTimer4.xml
4 ms. Memory: 251904K Free: 191332K (76%)
----------------- Invoking toplevel() on ptolemy.moml.MoMLSimpleApplication@36298f41
----------------- Done invoking toplevel() on ptolemy.moml.MoMLSimpleApplication@36298f41
reloadAllAccessors: .ResettableTimer4

===========================================================================================
----------------- testing Fri Aug 02 05:14:55 UTC 2019 /home/travis/build/icyphy/ptII/ptolemy/domains/de/test/auto/ResettableTimer5.xml
----------------- Instantiating /home/travis/build/icyphy/ptII/ptolemy/domains/de/test/auto/ResettableTimer5.xml
1 ms. Memory: 251904K Free: 187236K (74%)
----------------- Invoking toplevel() on ptolemy.moml.MoMLSimpleApplication@762b2f9c
----------------- Done invoking toplevel() on ptolemy.moml.MoMLSimpleApplication@762b2f9c
reloadAllAccessors: .ResettableTimer5

===========================================================================================
----------------- testing Fri Aug 02 05:14:55 UTC 2019 /home/travis/build/icyphy/ptII/ptolemy/domains/de/test/auto/ResettableTimer6.xml
----------------- Instantiating /home/travis/build/icyphy/ptII/ptolemy/domains/de/test/auto/ResettableTimer6.xml
11 ms. Memory: 251904K Free: 182623K (72%)
----------------- Invoking toplevel() on ptolemy.moml.MoMLSimpleApplication@5ef60371
----------------- Done invoking toplevel() on ptolemy.moml.MoMLSimpleApplication@5ef60371
reloadAllAccessors: .ResettableTimer6

===========================================================================================
----------------- testing Fri Aug 02 05:14:55 UTC 2019 /home/travis/build/icyphy/ptII/ptolemy/domains/de/test/auto/ServerZeroDelay.xml
----------------- Instantiating /home/travis/build/icyphy/ptII/ptolemy/domains/de/test/auto/ServerZeroDelay.xml
3 ms. Memory: 251904K Free: 178524K (71%)
----------------- Invoking toplevel() on ptolemy.moml.MoMLSimpleApplication@15eed60b
----------------- Done invoking toplevel() on ptolemy.moml.MoMLSimpleApplication@15eed60b
reloadAllAccessors: .ServerZeroDelay

===========================================================================================
----------------- testing Fri Aug 02 05:14:55 UTC 2019 /home/travis/build/icyphy/ptII/ptolemy/domains/de/test/auto/SmartSender.xml
----------------- Instantiating /home/travis/build/icyphy/ptII/ptolemy/domains/de/test/auto/SmartSender.xml
3002 ms. Memory: 251904K Free: 174434K (69%)
----------------- Invoking toplevel() on ptolemy.moml.MoMLSimpleApplication@7a145897
----------------- Done invoking toplevel() on ptolemy.moml.MoMLSimpleApplication@7a145897
reloadAllAccessors: .SmartSender

===========================================================================================
----------------- testing Fri Aug 02 05:14:58 UTC 2019 /home/travis/build/icyphy/ptII/ptolemy/domains/de/test/auto/ThreadedComposite.xml
----------------- Instantiating /home/travis/build/icyphy/ptII/ptolemy/domains/de/test/auto/ThreadedComposite.xml
115 ms. Memory: 251904K Free: 153954K (61%)
----------------- Invoking toplevel() on ptolemy.moml.MoMLSimpleApplication@255428e9
----------------- Done invoking toplevel() on ptolemy.moml.MoMLSimpleApplication@255428e9
reloadAllAccessors: .ThreadedComposite

===========================================================================================
----------------- testing Fri Aug 02 05:14:58 UTC 2019 /home/travis/build/icyphy/ptII/ptolemy/domains/de/test/auto/Time.xml
----------------- Instantiating /home/travis/build/icyphy/ptII/ptolemy/domains/de/test/auto/Time.xml
445 ms. Memory: 251904K Free: 100196K (40%)
----------------- Invoking toplevel() on ptolemy.moml.MoMLSimpleApplication@2ee06206
----------------- Done invoking toplevel() on ptolemy.moml.MoMLSimpleApplication@2ee06206
reloadAllAccessors: .Time

===========================================================================================
----------------- testing Fri Aug 02 05:14:58 UTC 2019 /home/travis/build/icyphy/ptII/ptolemy/domains/de/test/auto/TimeDelayZeroDelay.xml
----------------- Instantiating /home/travis/build/icyphy/ptII/ptolemy/domains/de/test/auto/TimeDelayZeroDelay.xml
2 ms. Memory: 251904K Free: 96100K (38%)
----------------- Invoking toplevel() on ptolemy.moml.MoMLSimpleApplication@3c6e3ea7
----------------- Done invoking toplevel() on ptolemy.moml.MoMLSimpleApplication@3c6e3ea7
reloadAllAccessors: .TimeDelayZeroDelay

===========================================================================================
----------------- testing Fri Aug 02 05:14:58 UTC 2019 /home/travis/build/icyphy/ptII/ptolemy/domains/de/test/auto/TimerZeroDelay.xml
----------------- Instantiating /home/travis/build/icyphy/ptII/ptolemy/domains/de/test/auto/TimerZeroDelay.xml
2 ms. Memory: 251904K Free: 92004K (37%)
----------------- Invoking toplevel() on ptolemy.moml.MoMLSimpleApplication@1af9bfba
----------------- Done invoking toplevel() on ptolemy.moml.MoMLSimpleApplication@1af9bfba
reloadAllAccessors: .TimerZeroDelay

===========================================================================================
----------------- testing Fri Aug 02 05:14:58 UTC 2019 /home/travis/build/icyphy/ptII/ptolemy/domains/de/test/auto/TimingParadox.xml
----------------- Instantiating /home/travis/build/icyphy/ptII/ptolemy/domains/de/test/auto/TimingParadox.xml
297 ms. Memory: 251904K Free: 168927K (67%)
----------------- Invoking toplevel() on ptolemy.moml.MoMLSimpleApplication@d4e5637
----------------- Done invoking toplevel() on ptolemy.moml.MoMLSimpleApplication@d4e5637
reloadAllAccessors: .TimingParadox

===========================================================================================
----------------- testing Fri Aug 02 05:14:59 UTC 2019 /home/travis/build/icyphy/ptII/ptolemy/domains/de/test/auto/TransferInputs.xml
----------------- Instantiating /home/travis/build/icyphy/ptII/ptolemy/domains/de/test/auto/TransferInputs.xml
1 ms. Memory: 251904K Free: 164303K (65%)
----------------- Invoking toplevel() on ptolemy.moml.MoMLSimpleApplication@17231c53
----------------- Done invoking toplevel() on ptolemy.moml.MoMLSimpleApplication@17231c53
reloadAllAccessors: .TransferInputs

===========================================================================================
----------------- testing Fri Aug 02 05:14:59 UTC 2019 /home/travis/build/icyphy/ptII/ptolemy/domains/de/test/auto/TransferOutputs2.xml
----------------- Instantiating /home/travis/build/icyphy/ptII/ptolemy/domains/de/test/auto/TransferOutputs2.xml
3 ms. Memory: 251904K Free: 156125K (62%)
----------------- Invoking toplevel() on ptolemy.moml.MoMLSimpleApplication@748448fb
----------------- Done invoking toplevel() on ptolemy.moml.MoMLSimpleApplication@748448fb
reloadAllAccessors: .TransferOutputs2

===========================================================================================
----------------- testing Fri Aug 02 05:14:59 UTC 2019 /home/travis/build/icyphy/ptII/ptolemy/domains/de/test/auto/Trilateration.xml
----------------- Instantiating /home/travis/build/icyphy/ptII/ptolemy/domains/de/test/auto/Trilateration.xml
11889 ms. Memory: 438272K Free: 408121K (93%)
----------------- Invoking toplevel() on ptolemy.moml.MoMLSimpleApplication@247d257a
----------------- Done invoking toplevel() on ptolemy.moml.MoMLSimpleApplication@247d257a
reloadAllAccessors: .Trilateration

===========================================================================================
----------------- testing Fri Aug 02 05:15:11 UTC 2019 /home/travis/build/icyphy/ptII/ptolemy/domains/de/test/auto/TwoSigmaDelta.xml
----------------- Instantiating /home/travis/build/icyphy/ptII/ptolemy/domains/de/test/auto/TwoSigmaDelta.xml
2345 ms. Memory: 438272K Free: 205879K (47%)
----------------- Invoking toplevel() on ptolemy.moml.MoMLSimpleApplication@5a039179
----------------- Done invoking toplevel() on ptolemy.moml.MoMLSimpleApplication@5a039179
reloadAllAccessors: .TwoSigmaDelta

===========================================================================================
----------------- testing Fri Aug 02 05:15:14 UTC 2019 /home/travis/build/icyphy/ptII/ptolemy/domains/de/test/auto/VariableDelay.xml
----------------- Instantiating /home/travis/build/icyphy/ptII/ptolemy/domains/de/test/auto/VariableDelay.xml
3 ms. Memory: 438272K Free: 201273K (46%)
----------------- Invoking toplevel() on ptolemy.moml.MoMLSimpleApplication@1de82f51
----------------- Done invoking toplevel() on ptolemy.moml.MoMLSimpleApplication@1de82f51
reloadAllAccessors: .VariableDelay

===========================================================================================
----------------- testing Fri Aug 02 05:15:14 UTC 2019 /home/travis/build/icyphy/ptII/ptolemy/domains/de/test/auto/VariableDelay2.xml
----------------- Instantiating /home/travis/build/icyphy/ptII/ptolemy/domains/de/test/auto/VariableDelay2.xml
2 ms. Memory: 438272K Free: 196633K (45%)
----------------- Invoking toplevel() on ptolemy.moml.MoMLSimpleApplication@249dc6fb
----------------- Done invoking toplevel() on ptolemy.moml.MoMLSimpleApplication@249dc6fb
reloadAllAccessors: .VariableDelay2

===========================================================================================
----------------- testing Fri Aug 02 05:15:14 UTC 2019 /home/travis/build/icyphy/ptII/ptolemy/domains/de/test/auto/VariableDelayZeroDelay.xml
----------------- Instantiating /home/travis/build/icyphy/ptII/ptolemy/domains/de/test/auto/VariableDelayZeroDelay.xml
5 ms. Memory: 438272K Free: 192567K (44%)
----------------- Invoking toplevel() on ptolemy.moml.MoMLSimpleApplication@12e3bdd9
----------------- Done invoking toplevel() on ptolemy.moml.MoMLSimpleApplication@12e3bdd9
reloadAllAccessors: .VariableDelayZeroDelay

===========================================================================================
----------------- testing Fri Aug 02 05:15:14 UTC 2019 /home/travis/build/icyphy/ptII/ptolemy/domains/de/test/auto/VariableDelayZeroDelay2.xml
----------------- Instantiating /home/travis/build/icyphy/ptII/ptolemy/domains/de/test/auto/VariableDelayZeroDelay2.xml
3 ms. Memory: 438272K Free: 188471K (43%)
----------------- Invoking toplevel() on ptolemy.moml.MoMLSimpleApplication@30e64ee9
----------------- Done invoking toplevel() on ptolemy.moml.MoMLSimpleApplication@30e64ee9
reloadAllAccessors: .VariableDelayZeroDelay2

===========================================================================================
----------------- testing Fri Aug 02 05:15:14 UTC 2019 /home/travis/build/icyphy/ptII/ptolemy/domains/de/test/auto/deInCt.xml
----------------- Instantiating /home/travis/build/icyphy/ptII/ptolemy/domains/de/test/auto/deInCt.xml
0
1
1
1
0
0
0
1
1
1
0
0
0
1
1
1
0
0
0
0
0
0
1
1
1
0
0
0
1
1
1
1
0
0
0
1
1
1
0
0
0
1
1
1
0
0
1
1
1
1
8 ms. Memory: 438272K Free: 183351K (42%)
----------------- Invoking toplevel() on ptolemy.moml.MoMLSimpleApplication@443de318
----------------- Done invoking toplevel() on ptolemy.moml.MoMLSimpleApplication@443de318
reloadAllAccessors: .deInCt

===========================================================================================
----------------- testing Fri Aug 02 05:15:14 UTC 2019 /home/travis/build/icyphy/ptII/ptolemy/domains/de/test/auto/deInCt2.xml
----------------- Instantiating /home/travis/build/icyphy/ptII/ptolemy/domains/de/test/auto/deInCt2.xml
0
1
1
1
0
0
1
1
1
0
0
1
1
1
0
0
1
1
1
0
0
1
1
1
0
0
1
1
1
0
0
1
1
1
0
0
1
1
1
0
0
0
13 ms. Memory: 438272K Free: 178223K (41%)
----------------- Invoking toplevel() on ptolemy.moml.MoMLSimpleApplication@601fca23
----------------- Done invoking toplevel() on ptolemy.moml.MoMLSimpleApplication@601fca23
reloadAllAccessors: .deInCt2

===========================================================================================
----------------- testing Fri Aug 02 05:15:14 UTC 2019 /home/travis/build/icyphy/ptII/ptolemy/domains/de/test/auto/dynamicCausalityInterface1.xml
----------------- Instantiating /home/travis/build/icyphy/ptII/ptolemy/domains/de/test/auto/dynamicCausalityInterface1.xml
1 ms. Memory: 438272K Free: 169015K (39%)
----------------- Invoking toplevel() on ptolemy.moml.MoMLSimpleApplication@2df0317d
----------------- Done invoking toplevel() on ptolemy.moml.MoMLSimpleApplication@2df0317d
reloadAllAccessors: .dynamicCausalityInterface1

===========================================================================================
----------------- testing Fri Aug 02 05:15:14 UTC 2019 /home/travis/build/icyphy/ptII/ptolemy/domains/de/test/auto/fsm_de_test.xml
----------------- Instantiating /home/travis/build/icyphy/ptII/ptolemy/domains/de/test/auto/fsm_de_test.xml
46 ms. Memory: 438272K Free: 409169K (93%)
----------------- Invoking toplevel() on ptolemy.moml.MoMLSimpleApplication@d5ef021
----------------- Done invoking toplevel() on ptolemy.moml.MoMLSimpleApplication@d5ef021
reloadAllAccessors: .fsm_de_test

===========================================================================================
----------------- testing Fri Aug 02 05:15:14 UTC 2019 /home/travis/build/icyphy/ptII/ptolemy/domains/de/test/auto/functionDependencyReconstruction.xml
----------------- Instantiating /home/travis/build/icyphy/ptII/ptolemy/domains/de/test/auto/functionDependencyReconstruction.xml
2 ms. Memory: 438272K Free: 393866K (90%)
----------------- Invoking toplevel() on ptolemy.moml.MoMLSimpleApplication@4e2a2af0
----------------- Done invoking toplevel() on ptolemy.moml.MoMLSimpleApplication@4e2a2af0
reloadAllAccessors: .functionDependencyReconstruction

===========================================================================================
----------------- testing Fri Aug 02 05:15:14 UTC 2019 /home/travis/build/icyphy/ptII/ptolemy/domains/de/test/auto/multirate.xml
----------------- Instantiating /home/travis/build/icyphy/ptII/ptolemy/domains/de/test/auto/multirate.xml
3 ms. Memory: 438272K Free: 387218K (88%)
----------------- Invoking toplevel() on ptolemy.moml.MoMLSimpleApplication@40b98d89
----------------- Done invoking toplevel() on ptolemy.moml.MoMLSimpleApplication@40b98d89
reloadAllAccessors: .multirate

===========================================================================================
----------------- testing Fri Aug 02 05:15:14 UTC 2019 /home/travis/build/icyphy/ptII/ptolemy/domains/de/test/auto/multirate2.xml
----------------- Instantiating /home/travis/build/icyphy/ptII/ptolemy/domains/de/test/auto/multirate2.xml
2 ms. Memory: 438272K Free: 380546K (87%)
----------------- Invoking toplevel() on ptolemy.moml.MoMLSimpleApplication@2808af36
----------------- Done invoking toplevel() on ptolemy.moml.MoMLSimpleApplication@2808af36
reloadAllAccessors: .multirate2

===========================================================================================
----------------- testing Fri Aug 02 05:15:14 UTC 2019 /home/travis/build/icyphy/ptII/ptolemy/domains/de/test/auto/realtime.xml
----------------- Instantiating /home/travis/build/icyphy/ptII/ptolemy/domains/de/test/auto/realtime.xml
10002 ms. Memory: 438272K Free: 375440K (86%)
----------------- Invoking toplevel() on ptolemy.moml.MoMLSimpleApplication@6be9dbda
----------------- Done invoking toplevel() on ptolemy.moml.MoMLSimpleApplication@6be9dbda
reloadAllAccessors: .realtime

===========================================================================================
----------------- testing Fri Aug 02 05:15:24 UTC 2019 /home/travis/build/icyphy/ptII/ptolemy/domains/de/test/auto/relationGroup.xml
----------------- Instantiating /home/travis/build/icyphy/ptII/ptolemy/domains/de/test/auto/relationGroup.xml
1 ms. Memory: 438272K Free: 371858K (85%)
----------------- Invoking toplevel() on ptolemy.moml.MoMLSimpleApplication@3aed4b93
----------------- Done invoking toplevel() on ptolemy.moml.MoMLSimpleApplication@3aed4b93
reloadAllAccessors: .relationGroup

===========================================================================================
----------------- testing Fri Aug 02 05:15:24 UTC 2019 /home/travis/build/icyphy/ptII/ptolemy/domains/de/test/auto/relationGroup2.xml
----------------- Instantiating /home/travis/build/icyphy/ptII/ptolemy/domains/de/test/auto/relationGroup2.xml
3 ms. Memory: 438272K Free: 368272K (84%)
----------------- Invoking toplevel() on ptolemy.moml.MoMLSimpleApplication@1141e538
----------------- Done invoking toplevel() on ptolemy.moml.MoMLSimpleApplication@1141e538
reloadAllAccessors: .relationGroup2

===========================================================================================
----------------- testing Fri Aug 02 05:15:24 UTC 2019 /home/travis/build/icyphy/ptII/ptolemy/domains/de/test/auto/sortWithOpaquePorts.xml
----------------- Instantiating /home/travis/build/icyphy/ptII/ptolemy/domains/de/test/auto/sortWithOpaquePorts.xml
1 ms. Memory: 438272K Free: 363666K (83%)
----------------- Invoking toplevel() on ptolemy.moml.MoMLSimpleApplication@3ac3a1c0
----------------- Done invoking toplevel() on ptolemy.moml.MoMLSimpleApplication@3ac3a1c0
reloadAllAccessors: .sortWithOpaquePorts

===========================================================================================
----------------- testing Fri Aug 02 05:15:24 UTC 2019 /home/travis/build/icyphy/ptII/ptolemy/domains/de/test/auto/transferInputsandOutputs.xml
----------------- Instantiating /home/travis/build/icyphy/ptII/ptolemy/domains/de/test/auto/transferInputsandOutputs.xml
2 ms. Memory: 438272K Free: 356498K (81%)
----------------- Invoking toplevel() on ptolemy.moml.MoMLSimpleApplication@169724d2
----------------- Done invoking toplevel() on ptolemy.moml.MoMLSimpleApplication@169724d2
reloadAllAccessors: .transferInputsandOutputs

===========================================================================================
----------------- testing Fri Aug 02 05:15:24 UTC 2019 /home/travis/build/icyphy/ptII/ptolemy/domains/de/test/auto/triggerType.xml
----------------- Instantiating /home/travis/build/icyphy/ptII/ptolemy/domains/de/test/auto/triggerType.xml
1 ms. Memory: 438272K Free: 352402K (80%)
----------------- Invoking toplevel() on ptolemy.moml.MoMLSimpleApplication@5995d39e
----------------- Done invoking toplevel() on ptolemy.moml.MoMLSimpleApplication@5995d39e
reloadAllAccessors: .triggerType
AutoTests.java: About to close Vertx.
AutoTests.java: Vertx closed.
]]></system-out>
  <system-err><![CDATA[java.lang.RuntimeException: Execution failed
	at ptolemy.moml.MoMLSimpleApplication$UnloadThread.run(MoMLSimpleApplication.java:402)
Caused by: ptolemy.kernel.util.IllegalActionException: Found a zero delay loop containing .dependencyLoop.original
  in .dependencyLoop and .dependencyLoop.original
	at ptolemy.actor.util.CausalityInterfaceForComposites._computeOutputPortDepth(CausalityInterfaceForComposites.java:759)
	at ptolemy.actor.util.CausalityInterfaceForComposites._computeInputDepth(CausalityInterfaceForComposites.java:696)
	at ptolemy.actor.util.CausalityInterfaceForComposites._computeOutputPortDepth(CausalityInterfaceForComposites.java:765)
	at ptolemy.actor.util.CausalityInterfaceForComposites._computeInputDepth(CausalityInterfaceForComposites.java:696)
	at ptolemy.actor.util.CausalityInterfaceForComposites._computeOutputPortDepth(CausalityInterfaceForComposites.java:765)
	at ptolemy.actor.util.CausalityInterfaceForComposites._computeInputDepth(CausalityInterfaceForComposites.java:696)
	at ptolemy.actor.util.CausalityInterfaceForComposites._computeActorDepth(CausalityInterfaceForComposites.java:532)
	at ptolemy.actor.util.CausalityInterfaceForComposites.checkForCycles(CausalityInterfaceForComposites.java:96)
	at ptolemy.domains.de.kernel.DEDirector.preinitialize(DEDirector.java:1338)
	at ptolemy.actor.CompositeActor.preinitialize(CompositeActor.java:1828)
	at ptolemy.actor.Manager.preinitializeAndResolveTypes(Manager.java:1040)
	at ptolemy.actor.Manager.initialize(Manager.java:710)
	at ptolemy.actor.Manager.execute(Manager.java:356)
	at ptolemy.actor.Manager.run(Manager.java:1263)
	at ptolemy.actor.Manager$PtolemyRunThread.run(Manager.java:1933)
java.lang.RuntimeException: Execution failed
	at ptolemy.moml.MoMLSimpleApplication$UnloadThread.run(MoMLSimpleApplication.java:402)
Caused by: ptolemy.kernel.util.IllegalActionException: Found a zero delay loop containing .dependencyLoop2.original
  in .dependencyLoop2 and .dependencyLoop2.original
	at ptolemy.actor.util.CausalityInterfaceForComposites._computeOutputPortDepth(CausalityInterfaceForComposites.java:759)
	at ptolemy.actor.util.CausalityInterfaceForComposites._computeInputDepth(CausalityInterfaceForComposites.java:696)
	at ptolemy.actor.util.CausalityInterfaceForComposites._computeOutputPortDepth(CausalityInterfaceForComposites.java:765)
	at ptolemy.actor.util.CausalityInterfaceForComposites._computeInputDepth(CausalityInterfaceForComposites.java:696)
	at ptolemy.actor.util.CausalityInterfaceForComposites._computeOutputPortDepth(CausalityInterfaceForComposites.java:765)
	at ptolemy.actor.util.CausalityInterfaceForComposites._computeInputDepth(CausalityInterfaceForComposites.java:696)
	at ptolemy.actor.util.CausalityInterfaceForComposites._computeActorDepth(CausalityInterfaceForComposites.java:532)
	at ptolemy.actor.util.CausalityInterfaceForComposites.checkForCycles(CausalityInterfaceForComposites.java:96)
	at ptolemy.domains.de.kernel.DEDirector.preinitialize(DEDirector.java:1338)
	at ptolemy.actor.CompositeActor.preinitialize(CompositeActor.java:1828)
	at ptolemy.actor.Manager.preinitializeAndResolveTypes(Manager.java:1040)
	at ptolemy.actor.Manager.initialize(Manager.java:710)
	at ptolemy.actor.Manager.execute(Manager.java:356)
	at ptolemy.actor.Manager.run(Manager.java:1263)
	at ptolemy.actor.Manager$PtolemyRunThread.run(Manager.java:1933)
java.lang.RuntimeException: Execution failed
	at ptolemy.moml.MoMLSimpleApplication$UnloadThread.run(MoMLSimpleApplication.java:402)
Caused by: ptolemy.kernel.util.IllegalActionException: Test fails in iteration 1.
Value was: 1.0. Should have been: 2.0
  in .DirectFeedback.Test
	at ptolemy.actor.lib.Test.fire(Test.java:268)
	at ptolemy.domains.de.kernel.DEDirector._fire(DEDirector.java:1949)
	at ptolemy.domains.de.kernel.DEDirector.fire(DEDirector.java:502)
	at ptolemy.actor.CompositeActor.fire(CompositeActor.java:455)
	at ptolemy.actor.Manager.iterate(Manager.java:851)
	at ptolemy.actor.Manager.execute(Manager.java:369)
	at ptolemy.actor.Manager.run(Manager.java:1263)
	at ptolemy.actor.Manager$PtolemyRunThread.run(Manager.java:1933)
java.lang.RuntimeException: Execution failed
	at ptolemy.moml.MoMLSimpleApplication$UnloadThread.run(MoMLSimpleApplication.java:402)
Caused by: ptolemy.kernel.util.IllegalActionException: Found a zero delay loop containing .dependencyLoop.original
  in .dependencyLoop and .dependencyLoop.original
	at ptolemy.actor.util.CausalityInterfaceForComposites._computeOutputPortDepth(CausalityInterfaceForComposites.java:759)
	at ptolemy.actor.util.CausalityInterfaceForComposites._computeInputDepth(CausalityInterfaceForComposites.java:696)
	at ptolemy.actor.util.CausalityInterfaceForComposites._computeOutputPortDepth(CausalityInterfaceForComposites.java:765)
	at ptolemy.actor.util.CausalityInterfaceForComposites._computeInputDepth(CausalityInterfaceForComposites.java:696)
	at ptolemy.actor.util.CausalityInterfaceForComposites._computeOutputPortDepth(CausalityInterfaceForComposites.java:765)
	at ptolemy.actor.util.CausalityInterfaceForComposites._computeInputDepth(CausalityInterfaceForComposites.java:696)
	at ptolemy.actor.util.CausalityInterfaceForComposites._computeActorDepth(CausalityInterfaceForComposites.java:532)
	at ptolemy.actor.util.CausalityInterfaceForComposites.checkForCycles(CausalityInterfaceForComposites.java:96)
	at ptolemy.domains.de.kernel.DEDirector.preinitialize(DEDirector.java:1338)
	at ptolemy.actor.CompositeActor.preinitialize(CompositeActor.java:1828)
	at ptolemy.actor.Manager.preinitializeAndResolveTypes(Manager.java:1040)
	at ptolemy.actor.Manager.initialize(Manager.java:710)
	at ptolemy.actor.Manager.execute(Manager.java:356)
	at ptolemy.actor.Manager.run(Manager.java:1263)
	at ptolemy.actor.Manager$PtolemyRunThread.run(Manager.java:1933)
java.lang.RuntimeException: Execution failed
	at ptolemy.moml.MoMLSimpleApplication$UnloadThread.run(MoMLSimpleApplication.java:402)
Caused by: ptolemy.kernel.util.IllegalActionException: Found a zero delay loop containing .HierarchicalModel.A
  in .HierarchicalModel and .HierarchicalModel.A
	at ptolemy.actor.util.CausalityInterfaceForComposites._computeOutputPortDepth(CausalityInterfaceForComposites.java:759)
	at ptolemy.actor.util.CausalityInterfaceForComposites._computeInputDepth(CausalityInterfaceForComposites.java:696)
	at ptolemy.actor.util.CausalityInterfaceForComposites._computeOutputPortDepth(CausalityInterfaceForComposites.java:765)
	at ptolemy.actor.util.CausalityInterfaceForComposites._computeInputDepth(CausalityInterfaceForComposites.java:696)
	at ptolemy.actor.util.CausalityInterfaceForComposites._computeOutputPortDepth(CausalityInterfaceForComposites.java:765)
	at ptolemy.actor.util.CausalityInterfaceForComposites._computeInputDepth(CausalityInterfaceForComposites.java:696)
	at ptolemy.actor.util.CausalityInterfaceForComposites._computeActorDepth(CausalityInterfaceForComposites.java:532)
	at ptolemy.actor.util.CausalityInterfaceForComposites.checkForCycles(CausalityInterfaceForComposites.java:96)
	at ptolemy.domains.de.kernel.DEDirector.preinitialize(DEDirector.java:1338)
	at ptolemy.actor.CompositeActor.preinitialize(CompositeActor.java:1828)
	at ptolemy.actor.Manager.preinitializeAndResolveTypes(Manager.java:1040)
	at ptolemy.actor.Manager.initialize(Manager.java:710)
	at ptolemy.actor.Manager.execute(Manager.java:356)
	at ptolemy.actor.Manager.run(Manager.java:1263)
	at ptolemy.actor.Manager$PtolemyRunThread.run(Manager.java:1933)
java.lang.RuntimeException: Execution failed
	at ptolemy.moml.MoMLSimpleApplication$UnloadThread.run(MoMLSimpleApplication.java:402)
Caused by: ptolemy.kernel.util.IllegalActionException: Found a zero delay loop containing .dependencyLoop2.original
  in .dependencyLoop2 and .dependencyLoop2.original
	at ptolemy.actor.util.CausalityInterfaceForComposites._computeOutputPortDepth(CausalityInterfaceForComposites.java:759)
	at ptolemy.actor.util.CausalityInterfaceForComposites._computeInputDepth(CausalityInterfaceForComposites.java:696)
	at ptolemy.actor.util.CausalityInterfaceForComposites._computeOutputPortDepth(CausalityInterfaceForComposites.java:765)
	at ptolemy.actor.util.CausalityInterfaceForComposites._computeInputDepth(CausalityInterfaceForComposites.java:696)
	at ptolemy.actor.util.CausalityInterfaceForComposites._computeOutputPortDepth(CausalityInterfaceForComposites.java:765)
	at ptolemy.actor.util.CausalityInterfaceForComposites._computeInputDepth(CausalityInterfaceForComposites.java:696)
	at ptolemy.actor.util.CausalityInterfaceForComposites._computeActorDepth(CausalityInterfaceForComposites.java:532)
	at ptolemy.actor.util.CausalityInterfaceForComposites.checkForCycles(CausalityInterfaceForComposites.java:96)
	at ptolemy.domains.de.kernel.DEDirector.preinitialize(DEDirector.java:1338)
	at ptolemy.actor.CompositeActor.preinitialize(CompositeActor.java:1828)
	at ptolemy.actor.Manager.preinitializeAndResolveTypes(Manager.java:1040)
	at ptolemy.actor.Manager.initialize(Manager.java:710)
	at ptolemy.actor.Manager.execute(Manager.java:356)
	at ptolemy.actor.Manager.run(Manager.java:1263)
	at ptolemy.actor.Manager$PtolemyRunThread.run(Manager.java:1933)
java.lang.RuntimeException: Execution failed
	at ptolemy.moml.MoMLSimpleApplication$UnloadThread.run(MoMLSimpleApplication.java:402)
Caused by: ptolemy.kernel.util.IllegalActionException: Actor is not ready to fire.  Perhaps UpSample.prefire() returned false? Try debugging the actor by selecting "Listen to Actor".  Also, for SDF check moml for tokenConsumptionRate on input.
  in .DESDFClockTest.Play Bell.Copy1:SDF Director and .DESDFClockTest.Play Bell.UpSample
	at ptolemy.actor.sched.StaticSchedulingDirector.fire(StaticSchedulingDirector.java:227)
	at ptolemy.domains.sdf.kernel.SDFDirector.fire(SDFDirector.java:500)
	at ptolemy.actor.CompositeActor.fire(CompositeActor.java:455)
	at ptolemy.domains.de.kernel.DEDirector._fire(DEDirector.java:1949)
	at ptolemy.domains.de.kernel.DEDirector.fire(DEDirector.java:502)
	at ptolemy.actor.CompositeActor.fire(CompositeActor.java:455)
	at ptolemy.actor.Manager.iterate(Manager.java:851)
	at ptolemy.actor.Manager.execute(Manager.java:369)
	at ptolemy.actor.Manager.run(Manager.java:1263)
	at ptolemy.actor.Manager$PtolemyRunThread.run(Manager.java:1933)
java.lang.RuntimeException: Execution failed
	at ptolemy.moml.MoMLSimpleApplication$UnloadThread.run(MoMLSimpleApplication.java:402)
Caused by: ptolemy.kernel.util.IllegalActionException: Actor is not ready to fire.  Perhaps UpSample.prefire() returned false? Try debugging the actor by selecting "Listen to Actor".  Also, for SDF check moml for tokenConsumptionRate on input.
  in .DESDFClockTest.Play Bell.Copy1:SDF Director and .DESDFClockTest.Play Bell.UpSample
	at ptolemy.actor.sched.StaticSchedulingDirector.fire(StaticSchedulingDirector.java:227)
	at ptolemy.domains.sdf.kernel.SDFDirector.fire(SDFDirector.java:500)
	at ptolemy.actor.CompositeActor.fire(CompositeActor.java:455)
	at ptolemy.domains.de.kernel.DEDirector._fire(DEDirector.java:1949)
	at ptolemy.domains.de.kernel.DEDirector.fire(DEDirector.java:502)
	at ptolemy.actor.CompositeActor.fire(CompositeActor.java:455)
	at ptolemy.actor.Manager.iterate(Manager.java:851)
	at ptolemy.actor.Manager.execute(Manager.java:369)
	at ptolemy.actor.Manager.run(Manager.java:1263)
	at ptolemy.actor.Manager$PtolemyRunThread.run(Manager.java:1933)
java.lang.reflect.InvocationTargetException
	at java.base/jdk.internal.reflect.NativeConstructorAccessorImpl.newInstance0(Native Method)
	at java.base/jdk.internal.reflect.NativeConstructorAccessorImpl.newInstance(NativeConstructorAccessorImpl.java:62)
	at java.base/jdk.internal.reflect.DelegatingConstructorAccessorImpl.newInstance(DelegatingConstructorAccessorImpl.java:45)
	at java.base/java.lang.reflect.Constructor.newInstance(Constructor.java:490)
	at ptolemy.util.test.junit.AutoKnownFailedTests.RunModel(AutoKnownFailedTests.java:105)
	at java.base/jdk.internal.reflect.NativeMethodAccessorImpl.invoke0(Native Method)
	at java.base/jdk.internal.reflect.NativeMethodAccessorImpl.invoke(NativeMethodAccessorImpl.java:62)
	at java.base/jdk.internal.reflect.DelegatingMethodAccessorImpl.invoke(DelegatingMethodAccessorImpl.java:43)
	at java.base/java.lang.reflect.Method.invoke(Method.java:566)
	at org.junit.runners.model.FrameworkMethod$1.runReflectiveCall(FrameworkMethod.java:44)
	at org.junit.internal.runners.model.ReflectiveCallable.run(ReflectiveCallable.java:15)
	at org.junit.runners.model.FrameworkMethod.invokeExplosively(FrameworkMethod.java:41)
	at junitparams.internal.InvokeParameterisedMethod.evaluate(InvokeParameterisedMethod.java:102)
	at org.junit.internal.runners.statements.FailOnTimeout$1.run(FailOnTimeout.java:28)
Caused by: ptolemy.kernel.util.IllegalActionException: Actor is not ready to fire.  Perhaps UpSample.prefire() returned false? Try debugging the actor by selecting "Listen to Actor".  Also, for SDF check moml for tokenConsumptionRate on input.
  in .DESDFClockTest.Play Bell.Copy1:SDF Director and .DESDFClockTest.Play Bell.UpSample
	at ptolemy.actor.sched.StaticSchedulingDirector.fire(StaticSchedulingDirector.java:227)
	at ptolemy.domains.sdf.kernel.SDFDirector.fire(SDFDirector.java:500)
	at ptolemy.actor.CompositeActor.fire(CompositeActor.java:455)
	at ptolemy.domains.de.kernel.DEDirector._fire(DEDirector.java:1949)
	at ptolemy.domains.de.kernel.DEDirector.fire(DEDirector.java:502)
	at ptolemy.actor.CompositeActor.fire(CompositeActor.java:455)
	at ptolemy.actor.Manager.iterate(Manager.java:851)
	at ptolemy.actor.Manager.execute(Manager.java:369)
	at ptolemy.actor.Manager.run(Manager.java:1263)
	at ptolemy.actor.Manager$PtolemyRunThread.run(Manager.java:1933)
java.lang.RuntimeException: Execution failed
	at ptolemy.moml.MoMLSimpleApplication$UnloadThread.run(MoMLSimpleApplication.java:402)
Caused by: ptolemy.kernel.util.IllegalActionException: Test fails in iteration 1.
Value was: 1.0. Should have been: 2.0
  in .DirectFeedback.Test
	at ptolemy.actor.lib.Test.fire(Test.java:268)
	at ptolemy.domains.de.kernel.DEDirector._fire(DEDirector.java:1949)
	at ptolemy.domains.de.kernel.DEDirector.fire(DEDirector.java:502)
	at ptolemy.actor.CompositeActor.fire(CompositeActor.java:455)
	at ptolemy.actor.Manager.iterate(Manager.java:851)
	at ptolemy.actor.Manager.execute(Manager.java:369)
	at ptolemy.actor.Manager.run(Manager.java:1263)
	at ptolemy.actor.Manager$PtolemyRunThread.run(Manager.java:1933)
java.lang.reflect.InvocationTargetException
	at java.base/jdk.internal.reflect.NativeConstructorAccessorImpl.newInstance0(Native Method)
	at java.base/jdk.internal.reflect.NativeConstructorAccessorImpl.newInstance(NativeConstructorAccessorImpl.java:62)
	at java.base/jdk.internal.reflect.DelegatingConstructorAccessorImpl.newInstance(DelegatingConstructorAccessorImpl.java:45)
	at java.base/java.lang.reflect.Constructor.newInstance(Constructor.java:490)
	at ptolemy.util.test.junit.AutoKnownFailedTests.RunModel(AutoKnownFailedTests.java:105)
	at java.base/jdk.internal.reflect.NativeMethodAccessorImpl.invoke0(Native Method)
	at java.base/jdk.internal.reflect.NativeMethodAccessorImpl.invoke(NativeMethodAccessorImpl.java:62)
	at java.base/jdk.internal.reflect.DelegatingMethodAccessorImpl.invoke(DelegatingMethodAccessorImpl.java:43)
	at java.base/java.lang.reflect.Method.invoke(Method.java:566)
	at org.junit.runners.model.FrameworkMethod$1.runReflectiveCall(FrameworkMethod.java:44)
	at org.junit.internal.runners.model.ReflectiveCallable.run(ReflectiveCallable.java:15)
	at org.junit.runners.model.FrameworkMethod.invokeExplosively(FrameworkMethod.java:41)
	at junitparams.internal.InvokeParameterisedMethod.evaluate(InvokeParameterisedMethod.java:102)
	at org.junit.internal.runners.statements.FailOnTimeout$1.run(FailOnTimeout.java:28)
Caused by: ptolemy.kernel.util.IllegalActionException: Test fails in iteration 1.
Value was: 1.0. Should have been: 2.0
  in .DirectFeedback.Test
	at ptolemy.actor.lib.Test.fire(Test.java:268)
	at ptolemy.domains.de.kernel.DEDirector._fire(DEDirector.java:1949)
	at ptolemy.domains.de.kernel.DEDirector.fire(DEDirector.java:502)
	at ptolemy.actor.CompositeActor.fire(CompositeActor.java:455)
	at ptolemy.actor.Manager.iterate(Manager.java:851)
	at ptolemy.actor.Manager.execute(Manager.java:369)
	at ptolemy.actor.Manager.run(Manager.java:1263)
	at ptolemy.actor.Manager$PtolemyRunThread.run(Manager.java:1933)
java.lang.RuntimeException: Execution failed
	at ptolemy.moml.MoMLSimpleApplication$UnloadThread.run(MoMLSimpleApplication.java:402)
Caused by: ptolemy.kernel.util.IllegalActionException: Found a zero delay loop containing .HierarchicalModel.A
  in .HierarchicalModel and .HierarchicalModel.A
	at ptolemy.actor.util.CausalityInterfaceForComposites._computeOutputPortDepth(CausalityInterfaceForComposites.java:759)
	at ptolemy.actor.util.CausalityInterfaceForComposites._computeInputDepth(CausalityInterfaceForComposites.java:696)
	at ptolemy.actor.util.CausalityInterfaceForComposites._computeOutputPortDepth(CausalityInterfaceForComposites.java:765)
	at ptolemy.actor.util.CausalityInterfaceForComposites._computeInputDepth(CausalityInterfaceForComposites.java:696)
	at ptolemy.actor.util.CausalityInterfaceForComposites._computeOutputPortDepth(CausalityInterfaceForComposites.java:765)
	at ptolemy.actor.util.CausalityInterfaceForComposites._computeInputDepth(CausalityInterfaceForComposites.java:696)
	at ptolemy.actor.util.CausalityInterfaceForComposites._computeActorDepth(CausalityInterfaceForComposites.java:532)
	at ptolemy.actor.util.CausalityInterfaceForComposites.checkForCycles(CausalityInterfaceForComposites.java:96)
	at ptolemy.domains.de.kernel.DEDirector.preinitialize(DEDirector.java:1338)
	at ptolemy.actor.CompositeActor.preinitialize(CompositeActor.java:1828)
	at ptolemy.actor.Manager.preinitializeAndResolveTypes(Manager.java:1040)
	at ptolemy.actor.Manager.initialize(Manager.java:710)
	at ptolemy.actor.Manager.execute(Manager.java:356)
	at ptolemy.actor.Manager.run(Manager.java:1263)
	at ptolemy.actor.Manager$PtolemyRunThread.run(Manager.java:1933)
java.lang.reflect.InvocationTargetException
	at java.base/jdk.internal.reflect.NativeConstructorAccessorImpl.newInstance0(Native Method)
	at java.base/jdk.internal.reflect.NativeConstructorAccessorImpl.newInstance(NativeConstructorAccessorImpl.java:62)
	at java.base/jdk.internal.reflect.DelegatingConstructorAccessorImpl.newInstance(DelegatingConstructorAccessorImpl.java:45)
	at java.base/java.lang.reflect.Constructor.newInstance(Constructor.java:490)
	at ptolemy.util.test.junit.AutoKnownFailedTests.RunModel(AutoKnownFailedTests.java:105)
	at java.base/jdk.internal.reflect.NativeMethodAccessorImpl.invoke0(Native Method)
	at java.base/jdk.internal.reflect.NativeMethodAccessorImpl.invoke(NativeMethodAccessorImpl.java:62)
	at java.base/jdk.internal.reflect.DelegatingMethodAccessorImpl.invoke(DelegatingMethodAccessorImpl.java:43)
	at java.base/java.lang.reflect.Method.invoke(Method.java:566)
	at org.junit.runners.model.FrameworkMethod$1.runReflectiveCall(FrameworkMethod.java:44)
	at org.junit.internal.runners.model.ReflectiveCallable.run(ReflectiveCallable.java:15)
	at org.junit.runners.model.FrameworkMethod.invokeExplosively(FrameworkMethod.java:41)
	at junitparams.internal.InvokeParameterisedMethod.evaluate(InvokeParameterisedMethod.java:102)
	at org.junit.internal.runners.statements.FailOnTimeout$1.run(FailOnTimeout.java:28)
Caused by: ptolemy.kernel.util.IllegalActionException: Found a zero delay loop containing .HierarchicalModel.A
  in .HierarchicalModel and .HierarchicalModel.A
	at ptolemy.actor.util.CausalityInterfaceForComposites._computeOutputPortDepth(CausalityInterfaceForComposites.java:759)
	at ptolemy.actor.util.CausalityInterfaceForComposites._computeInputDepth(CausalityInterfaceForComposites.java:696)
	at ptolemy.actor.util.CausalityInterfaceForComposites._computeOutputPortDepth(CausalityInterfaceForComposites.java:765)
	at ptolemy.actor.util.CausalityInterfaceForComposites._computeInputDepth(CausalityInterfaceForComposites.java:696)
	at ptolemy.actor.util.CausalityInterfaceForComposites._computeOutputPortDepth(CausalityInterfaceForComposites.java:765)
	at ptolemy.actor.util.CausalityInterfaceForComposites._computeInputDepth(CausalityInterfaceForComposites.java:696)
	at ptolemy.actor.util.CausalityInterfaceForComposites._computeActorDepth(CausalityInterfaceForComposites.java:532)
	at ptolemy.actor.util.CausalityInterfaceForComposites.checkForCycles(CausalityInterfaceForComposites.java:96)
	at ptolemy.domains.de.kernel.DEDirector.preinitialize(DEDirector.java:1338)
	at ptolemy.actor.CompositeActor.preinitialize(CompositeActor.java:1828)
	at ptolemy.actor.Manager.preinitializeAndResolveTypes(Manager.java:1040)
	at ptolemy.actor.Manager.initialize(Manager.java:710)
	at ptolemy.actor.Manager.execute(Manager.java:356)
	at ptolemy.actor.Manager.run(Manager.java:1263)
	at ptolemy.actor.Manager$PtolemyRunThread.run(Manager.java:1933)
java.lang.RuntimeException: Execution failed
	at ptolemy.moml.MoMLSimpleApplication$UnloadThread.run(MoMLSimpleApplication.java:402)
Caused by: ptolemy.kernel.util.IllegalActionException: Found a zero delay loop containing .dependencyLoop.original
  in .dependencyLoop and .dependencyLoop.original
	at ptolemy.actor.util.CausalityInterfaceForComposites._computeOutputPortDepth(CausalityInterfaceForComposites.java:759)
	at ptolemy.actor.util.CausalityInterfaceForComposites._computeInputDepth(CausalityInterfaceForComposites.java:696)
	at ptolemy.actor.util.CausalityInterfaceForComposites._computeOutputPortDepth(CausalityInterfaceForComposites.java:765)
	at ptolemy.actor.util.CausalityInterfaceForComposites._computeInputDepth(CausalityInterfaceForComposites.java:696)
	at ptolemy.actor.util.CausalityInterfaceForComposites._computeOutputPortDepth(CausalityInterfaceForComposites.java:765)
	at ptolemy.actor.util.CausalityInterfaceForComposites._computeInputDepth(CausalityInterfaceForComposites.java:696)
	at ptolemy.actor.util.CausalityInterfaceForComposites._computeActorDepth(CausalityInterfaceForComposites.java:532)
	at ptolemy.actor.util.CausalityInterfaceForComposites.checkForCycles(CausalityInterfaceForComposites.java:96)
	at ptolemy.domains.de.kernel.DEDirector.preinitialize(DEDirector.java:1338)
	at ptolemy.actor.CompositeActor.preinitialize(CompositeActor.java:1828)
	at ptolemy.actor.Manager.preinitializeAndResolveTypes(Manager.java:1040)
	at ptolemy.actor.Manager.initialize(Manager.java:710)
	at ptolemy.actor.Manager.execute(Manager.java:356)
	at ptolemy.actor.Manager.run(Manager.java:1263)
	at ptolemy.actor.Manager$PtolemyRunThread.run(Manager.java:1933)
java.lang.reflect.InvocationTargetException
	at java.base/jdk.internal.reflect.NativeConstructorAccessorImpl.newInstance0(Native Method)
	at java.base/jdk.internal.reflect.NativeConstructorAccessorImpl.newInstance(NativeConstructorAccessorImpl.java:62)
	at java.base/jdk.internal.reflect.DelegatingConstructorAccessorImpl.newInstance(DelegatingConstructorAccessorImpl.java:45)
	at java.base/java.lang.reflect.Constructor.newInstance(Constructor.java:490)
	at ptolemy.util.test.junit.AutoKnownFailedTests.RunModel(AutoKnownFailedTests.java:105)
	at java.base/jdk.internal.reflect.NativeMethodAccessorImpl.invoke0(Native Method)
	at java.base/jdk.internal.reflect.NativeMethodAccessorImpl.invoke(NativeMethodAccessorImpl.java:62)
	at java.base/jdk.internal.reflect.DelegatingMethodAccessorImpl.invoke(DelegatingMethodAccessorImpl.java:43)
	at java.base/java.lang.reflect.Method.invoke(Method.java:566)
	at org.junit.runners.model.FrameworkMethod$1.runReflectiveCall(FrameworkMethod.java:44)
	at org.junit.internal.runners.model.ReflectiveCallable.run(ReflectiveCallable.java:15)
	at org.junit.runners.model.FrameworkMethod.invokeExplosively(FrameworkMethod.java:41)
	at junitparams.internal.InvokeParameterisedMethod.evaluate(InvokeParameterisedMethod.java:102)
	at org.junit.internal.runners.statements.FailOnTimeout$1.run(FailOnTimeout.java:28)
Caused by: ptolemy.kernel.util.IllegalActionException: Found a zero delay loop containing .dependencyLoop.original
  in .dependencyLoop and .dependencyLoop.original
	at ptolemy.actor.util.CausalityInterfaceForComposites._computeOutputPortDepth(CausalityInterfaceForComposites.java:759)
	at ptolemy.actor.util.CausalityInterfaceForComposites._computeInputDepth(CausalityInterfaceForComposites.java:696)
	at ptolemy.actor.util.CausalityInterfaceForComposites._computeOutputPortDepth(CausalityInterfaceForComposites.java:765)
	at ptolemy.actor.util.CausalityInterfaceForComposites._computeInputDepth(CausalityInterfaceForComposites.java:696)
	at ptolemy.actor.util.CausalityInterfaceForComposites._computeOutputPortDepth(CausalityInterfaceForComposites.java:765)
	at ptolemy.actor.util.CausalityInterfaceForComposites._computeInputDepth(CausalityInterfaceForComposites.java:696)
	at ptolemy.actor.util.CausalityInterfaceForComposites._computeActorDepth(CausalityInterfaceForComposites.java:532)
	at ptolemy.actor.util.CausalityInterfaceForComposites.checkForCycles(CausalityInterfaceForComposites.java:96)
	at ptolemy.domains.de.kernel.DEDirector.preinitialize(DEDirector.java:1338)
	at ptolemy.actor.CompositeActor.preinitialize(CompositeActor.java:1828)
	at ptolemy.actor.Manager.preinitializeAndResolveTypes(Manager.java:1040)
	at ptolemy.actor.Manager.initialize(Manager.java:710)
	at ptolemy.actor.Manager.execute(Manager.java:356)
	at ptolemy.actor.Manager.run(Manager.java:1263)
	at ptolemy.actor.Manager$PtolemyRunThread.run(Manager.java:1933)
java.lang.RuntimeException: Execution failed
	at ptolemy.moml.MoMLSimpleApplication$UnloadThread.run(MoMLSimpleApplication.java:402)
Caused by: ptolemy.kernel.util.IllegalActionException: Found a zero delay loop containing .dependencyLoop2.original
  in .dependencyLoop2 and .dependencyLoop2.original
	at ptolemy.actor.util.CausalityInterfaceForComposites._computeOutputPortDepth(CausalityInterfaceForComposites.java:759)
	at ptolemy.actor.util.CausalityInterfaceForComposites._computeInputDepth(CausalityInterfaceForComposites.java:696)
	at ptolemy.actor.util.CausalityInterfaceForComposites._computeOutputPortDepth(CausalityInterfaceForComposites.java:765)
	at ptolemy.actor.util.CausalityInterfaceForComposites._computeInputDepth(CausalityInterfaceForComposites.java:696)
	at ptolemy.actor.util.CausalityInterfaceForComposites._computeOutputPortDepth(CausalityInterfaceForComposites.java:765)
	at ptolemy.actor.util.CausalityInterfaceForComposites._computeInputDepth(CausalityInterfaceForComposites.java:696)
	at ptolemy.actor.util.CausalityInterfaceForComposites._computeActorDepth(CausalityInterfaceForComposites.java:532)
	at ptolemy.actor.util.CausalityInterfaceForComposites.checkForCycles(CausalityInterfaceForComposites.java:96)
	at ptolemy.domains.de.kernel.DEDirector.preinitialize(DEDirector.java:1338)
	at ptolemy.actor.CompositeActor.preinitialize(CompositeActor.java:1828)
	at ptolemy.actor.Manager.preinitializeAndResolveTypes(Manager.java:1040)
	at ptolemy.actor.Manager.initialize(Manager.java:710)
	at ptolemy.actor.Manager.execute(Manager.java:356)
	at ptolemy.actor.Manager.run(Manager.java:1263)
	at ptolemy.actor.Manager$PtolemyRunThread.run(Manager.java:1933)
java.lang.reflect.InvocationTargetException
	at java.base/jdk.internal.reflect.NativeConstructorAccessorImpl.newInstance0(Native Method)
	at java.base/jdk.internal.reflect.NativeConstructorAccessorImpl.newInstance(NativeConstructorAccessorImpl.java:62)
	at java.base/jdk.internal.reflect.DelegatingConstructorAccessorImpl.newInstance(DelegatingConstructorAccessorImpl.java:45)
	at java.base/java.lang.reflect.Constructor.newInstance(Constructor.java:490)
	at ptolemy.util.test.junit.AutoKnownFailedTests.RunModel(AutoKnownFailedTests.java:105)
	at java.base/jdk.internal.reflect.NativeMethodAccessorImpl.invoke0(Native Method)
	at java.base/jdk.internal.reflect.NativeMethodAccessorImpl.invoke(NativeMethodAccessorImpl.java:62)
	at java.base/jdk.internal.reflect.DelegatingMethodAccessorImpl.invoke(DelegatingMethodAccessorImpl.java:43)
	at java.base/java.lang.reflect.Method.invoke(Method.java:566)
	at org.junit.runners.model.FrameworkMethod$1.runReflectiveCall(FrameworkMethod.java:44)
	at org.junit.internal.runners.model.ReflectiveCallable.run(ReflectiveCallable.java:15)
	at org.junit.runners.model.FrameworkMethod.invokeExplosively(FrameworkMethod.java:41)
	at junitparams.internal.InvokeParameterisedMethod.evaluate(InvokeParameterisedMethod.java:102)
	at org.junit.internal.runners.statements.FailOnTimeout$1.run(FailOnTimeout.java:28)
Caused by: ptolemy.kernel.util.IllegalActionException: Found a zero delay loop containing .dependencyLoop2.original
  in .dependencyLoop2 and .dependencyLoop2.original
	at ptolemy.actor.util.CausalityInterfaceForComposites._computeOutputPortDepth(CausalityInterfaceForComposites.java:759)
	at ptolemy.actor.util.CausalityInterfaceForComposites._computeInputDepth(CausalityInterfaceForComposites.java:696)
	at ptolemy.actor.util.CausalityInterfaceForComposites._computeOutputPortDepth(CausalityInterfaceForComposites.java:765)
	at ptolemy.actor.util.CausalityInterfaceForComposites._computeInputDepth(CausalityInterfaceForComposites.java:696)
	at ptolemy.actor.util.CausalityInterfaceForComposites._computeOutputPortDepth(CausalityInterfaceForComposites.java:765)
	at ptolemy.actor.util.CausalityInterfaceForComposites._computeInputDepth(CausalityInterfaceForComposites.java:696)
	at ptolemy.actor.util.CausalityInterfaceForComposites._computeActorDepth(CausalityInterfaceForComposites.java:532)
	at ptolemy.actor.util.CausalityInterfaceForComposites.checkForCycles(CausalityInterfaceForComposites.java:96)
	at ptolemy.domains.de.kernel.DEDirector.preinitialize(DEDirector.java:1338)
	at ptolemy.actor.CompositeActor.preinitialize(CompositeActor.java:1828)
	at ptolemy.actor.Manager.preinitializeAndResolveTypes(Manager.java:1040)
	at ptolemy.actor.Manager.initialize(Manager.java:710)
	at ptolemy.actor.Manager.execute(Manager.java:356)
	at ptolemy.actor.Manager.run(Manager.java:1263)
	at ptolemy.actor.Manager$PtolemyRunThread.run(Manager.java:1933)
]]></system-err>
</testsuite>
