<?xml version="1.0" encoding="UTF-8" ?>
<testsuite errors="0" failures="0" hostname="travis-job-e12ceb1b-e731-478f-889b-412af50356d5" name="ptolemy.domains.continuous.test.junit.JUnitTclTest" skipped="0" tests="156" time="79.115" timestamp="2019-10-24T06:03:50">
  <properties>
    <property name="npm.executable" value="npm" />
    <property name="env.TRAVIS_ROOT" value="/" />
    <property name="ptII.mk.exists" value="true" />
    <property name="env.TRAVIS_APP_HOST" value="build.travis-ci.org" />
    <property name="env.rvm_bin_path" value="/home/travis/.rvm/bin" />
    <property name="java.home" value="/usr/local/lib/jvm/openjdk11" />
    <property name="env.TRAVIS_JOB_NUMBER" value="1374.9" />
    <property name="env.TRAVIS_HOME" value="/home/travis" />
    <property name="env.DISPLAY" value=":99.0" />
    <property name="env.TRAVIS_INIT" value="systemd" />
    <property name="env.SSH_TTY" value="/dev/pts/0" />
    <property name="java.net.preferIPv4Stack" value="true" />
    <property name="env.RUN_TESTS" value="true" />
    <property name="timeout.short" value="1000000" />
    <property name="junit.formatter" value="xml" />
    <property name="env.TRAVIS_SUDO" value="true" />
    <property name="env.TRAVIS_JOB_NAME" value="" />
    <property name="env.TRAVIS_STACK_NODE_ATTRIBUTES" value="/.node-attributes.yml" />
    <property name="env.LOGNAME" value="travis" />
    <property name="jsdoc.home" value="node_modules/@terraswarm/jsdoc" />
    <property name="debuglevel" value="source,lines,vars" />
    <property name="checkstyle.formatter" value="xml" />
    <property name="env._system_version" value="16.04" />
    <property name="bin.vergil.makeable" value="true" />
    <property name="sun.os.patch.level" value="unknown" />
    <property name="java.vendor.url" value="http://java.oracle.com/" />
    <property name="env.TRAVIS_BUILD_WEB_URL" value="https://travis-ci.org/icyphy/ptII/builds/602156845" />
    <property name="java.version" value="11.0.2" />
    <property name="env.TZ" value="UTC" />
    <property name="env.TRAVIS_PULL_REQUEST_SHA" value="" />
    <property name="env.PT_NO_NET" value="true" />
    <property name="env.TRAVIS_SECURE_ENV_VARS" value="true" />
    <property name="env._system_type" value="Linux" />
    <property name="java.vendor.url.bug" value="http://bugreport.java.com/bugreport/" />
    <property name="npmjs-org-is-up" value="true" />
    <property name="env.LANGUAGE" value="en_US.UTF-8" />
    <property name="env.SSH_CLIENT" value="10.24.4.3 59232 22" />
    <property name="env.GEM_HOME" value="/home/travis/.rvm/gems/ruby-2.5.3" />
    <property name="env.HAS_ANTARES_THREE_LITTLE_FRONZIES_BADGE" value="true" />
    <property name="java.version.date" value="2019-01-15" />
    <property name="env.PS4" value="+" />
    <property name="ant.project.invoked-targets" value="build,test.core2.xml" />
    <property name="env.TRAVIS_PULL_REQUEST_BRANCH" value="" />
    <property name="env.TRAVIS_REPO_SLUG" value="icyphy/ptII" />
    <property name="env.XDG_DATA_DIRS" value="/usr/local/share:/usr/share:/var/lib/snapd/desktop" />
    <property name="jdk.debug" value="release" />
    <property name="env.TRAVIS_APT_PROXY" value="http://apt.cache.travis-ci.com" />
    <property name="node.in.path" value="true" />
    <property name="user.name" value="travis" />
    <property name="java.maxmemory" value="1400m" />
    <property name="env.RUBY_VERSION" value="ruby-2.5.3" />
    <property name="env.LANG" value="en_US.UTF-8" />
    <property name="sun.io.unicode.encoding" value="UnicodeLittle" />
    <property name="sun.jnu.encoding" value="UTF-8" />
    <property name="java.runtime.name" value="OpenJDK Runtime Environment" />
    <property name="usefile" value="false" />
    <property name="return.code" value="0" />
    <property name="junit.single.formatter" value="plain" />
    <property name="env.DYLD_LIBRARY_PATH" value="/home/travis/pthla/certi-tools/lib:" />
    <property name="env.DEBIAN_FRONTEND" value="noninteractive" />
    <property name="env.SSH_CONNECTION" value="10.24.4.3 59232 10.20.0.174 22" />
    <property name="env.MYSQL_UNIX_PORT" value="/var/run/mysqld/mysqld.sock" />
    <property name="env.LC_ALL" value="en_US.UTF-8" />
    <property name="env.TRAVIS_ALLOW_FAILURE" value="false" />
    <property name="env.TRAVIS_JOB_WEB_URL" value="https://travis-ci.org/icyphy/ptII/jobs/602156854" />
    <property name="java.specification.name" value="Java Platform API Specification" />
    <property name="node.works" value="true" />
    <property name="user.timezone" value="" />
    <property name="path.separator" value=":" />
    <property name="env.TRAVIS_ENABLE_INFRA_DETECTION" value="true" />
    <property name="env.PYTHON_CFLAGS" value="-g -fstack-protector --param=ssp-buffer-size=4 -Wformat -Werror=format-security" />
    <property name="timeout.long" value="4000000" />
    <property name="env.CERTI_HOME" value="/home/travis/pthla/certi-tools" />
    <property name="ant.file.ptII" value="/home/travis/build/icyphy/ptII/build.xml" />
    <property name="javadoc.packagenames" value="com.*,diva.*,lbnl.*,org.hlacerti.*,org.json.*,org.ptolemy.*,org.terraswarm.*,ptolemy.*,ptserver.*" />
    <property name="file.encoding" value="UTF-8" />
    <property name="env.TRAVIS_PULL_REQUEST_SLUG" value="" />
    <property name="ant.project.default-target" value="build" />
    <property name="env.GIT_ASKPASS" value="echo" />
    <property name="env.HOME" value="/home/travis" />
    <property name="sun.java.command" value="org.apache.tools.ant.taskdefs.optional.junit.JUnitTestRunner ptolemy.domains.continuous.test.junit.JUnitTclTest skipNonTests=false filtertrace=true haltOnError=false haltOnFailure=false formatter=org.apache.tools.ant.taskdefs.optional.junit.OutErrSummaryJUnitResultFormatter showoutput=true outputtoformatters=true logfailedtests=true threadid=0 logtestlistenerevents=false formatter=org.apache.tools.ant.taskdefs.optional.junit.XMLJUnitResultFormatter,/home/travis/build/icyphy/ptII/reports/junit/TEST-ptolemy.domains.continuous.test.junit.JUnitTclTest.xml crashfile=/home/travis/build/icyphy/ptII/junitvmwatcher14059709307333703356.properties propsfile=/home/travis/build/icyphy/ptII/junit17345727484722622895.properties" />
    <property name="env.COMPOSER_NO_INTERACTION" value="1" />
    <property name="env.MANPATH" value="/home/travis/.nvm/versions/node/v7.10.1/share/man:/home/travis/.rvm/rubies/ruby-2.5.3/share/man:/usr/local/cmake-3.12.4/man:/usr/local/clang-7.0.0/share/man:/usr/local/man:/usr/local/share/man:/usr/share/man:/home/travis/.rvm/man" />
    <property name="env.TRAVIS_TIMER_ID" value="00f82ddc" />
    <property name="ant.file" value="/home/travis/build/icyphy/ptII/build.xml" />
    <property name="env.TRAVIS_COMMIT_RANGE" value="948bf656f66248ff65af09b7e6cc9885ef1f544d...4d8f235a1445b5e1cf53b20eaca7c153db736dc2" />
    <property name="env._system_name" value="Ubuntu" />
    <property name="ptII.classpath.optional.property" value="/home/travis/build/icyphy/ptII/lib/bsh-2.0b4.jar:/home/travis/build/icyphy/ptII/lib/ptCal.jar:/home/travis/build/icyphy/ptII/lib/java_cup.jar:/home/travis/build/icyphy/ptII/lib/saxon8.jar:/home/travis/build/icyphy/ptII/lib/saxon8-dom.jar:/home/travis/build/icyphy/ptII/lib/chic.jar:/home/travis/build/icyphy/ptII/lib/ptcolt.jar:/home/travis/build/icyphy/ptII/vendors/misc/itext/iText.jar:/home/travis/build/icyphy/ptII/lib/g4ltl.jar:/home/travis/build/icyphy/ptII/lib/StructuralCoder.jar:/home/travis/build/icyphy/ptII/lib/jcerti.jar:/home/travis/build/icyphy/ptII/lib/javax.mail.jar:/home/travis/build/icyphy/ptII/vendors/JMF-2.1.1e/lib/jmf.jar:/home/travis/build/icyphy/ptII/lib/jna-4.0.0-variadic.jar:/home/travis/build/icyphy/ptII/vendors/misc/joystick/Joystick.jar:/home/travis/build/icyphy/ptII/lib/ptjacl.jar:/home/travis/build/icyphy/ptII/lib/jsoup-1.8.2.jar:/home/travis/build/icyphy/ptII/lib/junit-4.8.2.jar:/home/travis/build/icyphy/ptII/lib/JUnitParams-0.4.0.jar:/home/travis/build/icyphy/ptII/ptolemy/actor/lib/excel/jxl.jar:/home/travis/build/icyphy/ptII/lib/jython.jar:/home/travis/build/icyphy/ptII/lib/kieler.jar:/home/travis/build/icyphy/ptII/vendors/opencv/share/OpenCV/java/opencv-341.jar:/home/travis/build/icyphy/ptII/lib/oscP5.jar:/home/travis/build/icyphy/ptII/lib/nrjavaserial-3.11.0.devel.jar:/home/travis/build/icyphy/ptII/vendors/j3d/lib/Linux/j3dcore.jar:/home/travis/build/icyphy/ptII/vendors/j3d/lib/Linux/j3dutils.jar:/home/travis/build/icyphy/ptII/vendors/j3d/lib/Linux/vecmath.jar:/home/travis/build/icyphy/ptII/vendors/jogl/lib/Linux/gluegen-rt-natives-linux-amd64.jar:/home/travis/build/icyphy/ptII/vendors/jogl/lib/Linux/gluegen-rt.jar:/home/travis/build/icyphy/ptII/vendors/jogl/lib/Linux/jogl-all-natives-linux-amd64.jar:/home/travis/build/icyphy/ptII/vendors/jogl/lib/Linux/jogl-all.jar:/home/travis/build/icyphy/ptII/ptolemy/distributed/jini/jar/jini-core.jar:/home/travis/build/icyphy/ptII/ptolemy/distributed/jini/jar/jini-ext.jar:/home/travis/build/icyphy/ptII/ptolemy/distributed/jini/jar/sun-util.jar:/home/travis/build/icyphy/ptII/lib/protobuf-java-2.4.1.jar:/home/travis/build/icyphy/ptII/lib/org.eclipse.paho.client.mqttv3.jar:/home/travis/build/icyphy/ptII/lib/mapss.jar:/home/travis/build/icyphy/ptII/ptolemy/actor/ptalon/antlr/antlr.jar:/home/travis/build/icyphy/ptII/lib/JRI.jar:/home/travis/build/icyphy/ptII/lib/commons-lang-2.6.jar:/home/travis/build/icyphy/ptII/lib/commons-logging-1.1.1.jar:/home/travis/build/icyphy/ptII/lib/sootclasses.jar:/home/travis/build/icyphy/ptII/ptolemy/actor/lib/database/mysql-connector-java-5.1.6-bin.jar:/home/travis/build/icyphy/ptII/vendors/misc/sphinx4/sphinx4-data-5prealpha.jar:/home/travis/build/icyphy/ptII/vendors/misc/sphinx4/sphinx4-core-5prealpha.jar:/home/travis/build/icyphy/ptII/lib/PDFRenderer.jar:/home/travis/build/icyphy/ptII/lib/svgSalamander.jar:/home/travis/build/icyphy/ptII/lib/rsyntaxtextarea-2.6.0-SNAPSHOT.jar:/home/travis/build/icyphy/ptII/lib/hazelcast-3.8.2.jar:/home/travis/build/icyphy/ptII/lib/jackson-annotations-2.9.0.jar:/home/travis/build/icyphy/ptII/lib/jackson-core-2.9.3.jar:/home/travis/build/icyphy/ptII/lib/jackson-databind-2.9.3.jar:/home/travis/build/icyphy/ptII/lib/netty-buffer-4.1.19.Final.jar:/home/travis/build/icyphy/ptII/lib/netty-codec-4.1.19.Final.jar:/home/travis/build/icyphy/ptII/lib/netty-codec-dns-4.1.19.Final.jar:/home/travis/build/icyphy/ptII/lib/netty-codec-http-4.1.19.Final.jar:/home/travis/build/icyphy/ptII/lib/netty-codec-http2-4.1.19.Final.jar:/home/travis/build/icyphy/ptII/lib/netty-common-4.1.19.Final.jar:/home/travis/build/icyphy/ptII/lib/netty-handler-4.1.19.Final.jar:/home/travis/build/icyphy/ptII/lib/netty-resolver-4.1.19.Final.jar:/home/travis/build/icyphy/ptII/lib/netty-resolver-dns-4.1.19.Final.jar:/home/travis/build/icyphy/ptII/lib/netty-transport-4.1.19.Final.jar:/home/travis/build/icyphy/ptII/lib/vertx-codegen-3.5.1.jar:/home/travis/build/icyphy/ptII/lib/vertx-core-3.5.2-SNAPSHOT.jar:/home/travis/build/icyphy/ptII/lib/vertx-hazelcast-3.5.1.jar:/home/travis/build/icyphy/ptII/lib/vertx-lang-js-3.5.1.jar:/home/travis/build/icyphy/ptII/lib/vertx-service-proxy-3.5.1.jar:/home/travis/build/icyphy/ptII/lib/vertx-web-3.5.1.jar:/home/travis/build/icyphy/ptII/lib/slf4j-api-1.7.13.jar:/home/travis/build/icyphy/ptII/lib/slf4j-simple-1.7.13.jar:/home/travis/build/icyphy/ptII/lib/webcam-capture-0.3.12.jar:/home/travis/build/icyphy/ptII/lib/bridj-0.7.0.jar:/home/travis/build/icyphy/ptII/lib/xbjlib-1.1.0.nrjavaserial.jar" />
    <property name="timeout" value="2400000" />
    <property name="test.batch" value="**/junit/*.java" />
    <property name="env._" value="/usr/bin/timeout" />
    <property name="java.io.tmpdir" value="/tmp" />
    <property name="user.language" value="en" />
    <property name="env.TRAVIS_INTERNAL_RUBY_REGEX" value="^ruby-(2\.[0-4]\.[0-9]|1\.9\.3)" />
    <property name="env.HISTCONTROL" value="ignoredups:ignorespace" />
    <property name="env.GOROOT" value="/home/travis/.gimme/versions/go1.11.1.linux.amd64" />
    <property name="line.separator" value="&#xa;" />
    <property name="target" value="11" />
    <property name="env.TRAVIS_BUILD_DIR" value="/home/travis/build/icyphy/ptII" />
    <property name="env.ANT_OPTS" value="-Xmx2048m" />
    <property name="ant.file.type" value="file" />
    <property name="ptolemy.ptII.batchMode" value="true" />
    <property name="env.HISTSIZE" value="1000" />
    <property name="env.MERB_ENV" value="test" />
    <property name="java.vm.info" value="mixed mode" />
    <property name="source" value="11" />
    <property name="java.vm.specification.name" value="Java Virtual Machine Specification" />
    <property name="env.TRAVIS_TEST_RESULT" value="0" />
    <property name="jsdoc.command" value="node_modules/@terraswarm/jsdoc/jsdoc.js" />
    <property name="npm.works" value="true" />
    <property name="cobertura.dir" value="/home/travis/build/icyphy/ptII/vendors/cobertura-2.0.3" />
    <property name="jsdoc.command.exists" value="true" />
    <property name="env.rvm_path" value="/home/travis/.rvm" />
    <property name="env.GEM_PATH" value="/home/travis/.rvm/gems/ruby-2.5.3:/home/travis/.rvm/gems/ruby-2.5.3@global" />
    <property name="env.LC_CTYPE" value="en_US.UTF-8" />
    <property name="env.TRAVIS_CMD" value="$PTII/bin/ptIITravisBuild.sh $SECONDS" />
    <property name="java.awt.printerjob" value="sun.print.PSPrinterJob" />
    <property name="env.TRAVIS_STACK_NAME" value="sardonyx" />
    <property name="env.TRAVIS_TIMER_START_TIME" value="1571896907104306626" />
    <property name="ant.version" value="Apache Ant(TM) version 1.10.1 compiled on February 2 2017" />
    <property name="ptII.reports" value="/home/travis/build/icyphy/ptII/reports" />
    <property name="env.TRAVIS_STACK_TIMESTAMP" value="2019-03-25 16:16:56 UTC" />
    <property name="ant.file.type.ptII" value="file" />
    <property name="env.RBENV_SHELL" value="bash" />
    <property name="os.name" value="Linux" />
    <property name="java.specification.vendor" value="Oracle Corporation" />
    <property name="env.rvm_version" value="1.29.7 (latest)" />
    <property name="env.TRAVIS_INFRA" value="gce" />
    <property name="env.TERM" value="xterm" />
    <property name="java.vm.name" value="OpenJDK 64-Bit Server VM" />
    <property name="env.TRAVIS_BUILD_NUMBER" value="1374" />
    <property name="env.CI" value="true" />
    <property name="java.library.path" value="/home/travis/pthla/certi-tools/lib:/usr/lib/jni:/usr/local/share/OpenCV/java/:/usr/share/OpenCV/java::/usr/java/packages/lib:/usr/lib64:/lib64:/lib:/usr/lib" />
    <property name="jdk.module.path" value="/home/travis/build/icyphy/ptII/vendors/javafx/javafx-sdk-11.0.2/lib:" />
    <property name="env.rvm_prefix" value="/home/travis" />
    <property name="env.PATH" value="/home/travis/pthla/certi-tools/share/scripts:/home/travis/.rvm/gems/ruby-2.5.3/bin:/home/travis/.rvm/gems/ruby-2.5.3@global/bin:/home/travis/.rvm/rubies/ruby-2.5.3/bin:/home/travis/.rvm/bin:/home/travis/.nvm/versions/node/v7.10.1/bin:./node_modules/.bin:/home/travis/build/icyphy/ptII/bin:/home/travis/pthla/certi-tools/bin:/home/travis/bin:/home/travis/.local/bin:/usr/local/lib/jvm/openjdk11/bin:/opt/pyenv/shims:/home/travis/.phpenv/shims:/home/travis/perl5/perlbrew/bin:/home/travis/gopath/bin:/home/travis/.gimme/versions/go1.11.1.linux.amd64/bin:/usr/local/maven-3.6.0/bin:/usr/local/cmake-3.12.4/bin:/usr/local/clang-7.0.0/bin:/usr/local/sbin:/usr/local/bin:/usr/sbin:/usr/bin:/sbin:/bin:/snap/bin:/home/travis/.phpenv/bin:/opt/pyenv/bin:/home/travis/.yarn/bin" />
    <property name="env.TRAVIS_OS_NAME" value="linux" />
    <property name="ant.java.version" value="9" />
    <property name="basedir" value="/home/travis/build/icyphy/ptII" />
    <property name="java.class.version" value="55.0" />
    <property name="env.SHLVL" value="3" />
    <property name="env.LD_LIBRARY_PATH" value="/home/travis/pthla/certi-tools/lib:/usr/lib/jni:/usr/local/share/OpenCV/java/:/usr/share/OpenCV/java:" />
    <property name="env.RACK_ENV" value="test" />
    <property name="ant.home" value="/home/travis/build/icyphy/ptII/ant" />
    <property name="env.NVM_DIR" value="/home/travis/.nvm" />
    <property name="env.CERTI_FOM_PATH" value="/home/travis/pthla/certi-tools/share/federations" />
    <property name="env.TRAVIS_BUILD_ID" value="602156845" />
    <property name="env.PYENV_ROOT" value="/opt/pyenv" />
    <property name="env.TRAVIS_UID" value="2000" />
    <property name="prism.verbose" value="true" />
    <property name="env.NVM_BIN" value="/home/travis/.nvm/versions/node/v7.10.1/bin" />
    <property name="env.TRAVIS_COMMIT" value="4d8f235a1445b5e1cf53b20eaca7c153db736dc2" />
    <property name="env._system_arch" value="x86_64" />
    <property name="node.executable" value="node" />
    <property name="sun.boot.library.path" value="/usr/local/lib/jvm/openjdk11/lib" />
    <property name="sun.management.compiler" value="HotSpot 64-Bit Tiered Compilers" />
    <property name="java.awt.graphicsenv" value="sun.awt.X11GraphicsEnvironment" />
    <property name="env.GOPATH" value="/home/travis/gopath" />
    <property name="ptolemy.ptII.dir" value="/home/travis/build/icyphy/ptII" />
    <property name="env.USER" value="travis" />
    <property name="env.HISTFILESIZE" value="2000" />
    <property name="timeout.longest" value="19000000" />
    <property name="env.PERLBREW_SHELLRC_VERSION" value="0.86" />
    <property name="env.TRAVIS_STACK_FEATURES" value="basic couchdb disabled-ipv6 docker docker-compose elasticsearch firefox go-toolchain google-chrome jdk memcached mongodb mysql nodejs_interpreter perl_interpreter perlbrew phantomjs postgresql python_interpreter redis ruby_interpreter sqlite xserver" />
    <property name="env.TRAVIS_PULL_REQUEST" value="false" />
    <property name="env.PYENV_SHELL" value="bash" />
    <property name="ant.project.name" value="ptII" />
    <property name="env.ANSI_RESET" value="\033[0m" />
    <property name="java.vm.specification.version" value="11" />
    <property name="env.TRAVIS_DIST" value="xenial" />
    <property name="env.CERTI_VERSION" value="4.0.0" />
    <property name="env.CERTI_HOST" value="localhost" />
    <property name="awt.toolkit" value="sun.awt.X11.XToolkit" />
    <property name="env.MY_RUBY_HOME" value="/home/travis/.rvm/rubies/ruby-2.5.3" />
    <property name="sun.cpu.isalist" value="" />
    <property name="env.TRAVIS_TMPDIR" value="/tmp/tmp.LYeaZO26W9" />
    <property name="java.vm.compressedOopsMode" value="Zero based" />
    <property name="os.version" value="4.15.0-1028-gcp" />
    <property name="user.home" value="/home/travis" />
    <property name="java.vm.vendor" value="Oracle Corporation" />
    <property name="env.TRAVIS_TAG" value="nightly" />
    <property name="env.ANSI_YELLOW" value="\033[33;1m" />
    <property name="env.TRAVIS_FILTERED" value="redirect_io" />
    <property name="env.ANSI_GREEN" value="\033[32;1m" />
    <property name="env.JAVA_HOME" value="/usr/local/lib/jvm/openjdk11" />
    <property name="javadoc.excludepackagenames" value="adm.cvs2svn.*,build.*,config.*,doc.coding.templates.*,jni.test.jni.meaningOfLife.*,jni.test.jni.testDeux.*,jni.test.jni.testTrois.*,org.terraswarm.accessor.accessors.web.node_modules.*,org.terraswarm.accessor.accessors.web.hosts.cordova.demo.*,org.terraswarm.accessor.accessors.web.hosts.cordova.plugins.*,org.terraswarm.accessor.accessors-svn.*,pt-modules.*,ptolemy.apps.agilent.*,ptolemy.apps.anytimecontrol.*,ptolemy.apps.apes.*,ptolemy.apps.charon.*,ptolemy.apps.crazyboard.*,ptolemy.apps.eclipse.*,ptolemy.apps.etherealSting.*,ptolemy.apps.fullscreen.*,ptolemy.apps.giotto.*,ptolemy.apps.ia.*,ptolemy.apps.interfaces.*,ptolemy.apps.jmf.*,ptolemy.apps.kurt.*,ptolemy.apps.kvm.*,ptolemy.apps.lego.*,ptolemy.apps.lejos.*,ptolemy.apps.midp.*,ptolemy.apps.mobileCoding.*,ptolemy.apps.pendulum.*,ptolemy.apps.rijndael.*,ptolemy.apps.robot.*,ptolemy.apps.security.*,ptolemy.apps.sobel.*,ptolemy.apps.soot.*,ptolemy.apps.throttle.*,ptolemy.apps.tini.*,ptolemy.apps.transmission.*,ptolemy.apps.vergil.*,ptolemy.apps.waba.*,ptolemy.apps.websensor.*,ptolemy.apps.webstart.*,ptolemy.apps.xsl.*,ptolemy.apps.zaurus.*,ptolemy.codegen.c.actor.lib.oldJavaFiles.*,ptolemy.codegen.dsp.lib.*,ptolemy.codegen.kernel.newInterfaces.*,ptolemy.codegen.lib.*,ptolemy.copernicus.kernel.fragment.*,ptolemy.copernicus.shallow.cg.*,ptolemy.domains.giotto.demo.Hierarchy.Hierarchy.*,ptolemy.domains.giotto.demo.Multimode.Multimode.*,ptolemy.domains.giotto.demo.Simple.Simple.*,ptolemy.domains.gr.lib.experimental.*,ptolemy.domains.gro.*,ptolemy.domains.pdf.*,ptolemy.domains.ptinyos.demo.Surge.output.*,ptolemy.moml.test.NoPackageActor.java*,ptolemy.plot.adm.*,ptolemy.plot.servlet.*,reports.*,signed.*,src.*,target.*,vendors.*,ptolemy.copernicus.applet.*,ptolemy.media.viewer.*,ptolemy.actor.corba.*,doc.doclets.*,ptolemy.apps.eclipse.awt.*,ptolemy.backtrack.*,ptolemy.backtrack.ast.*,ptolemy.cg.adapter.generic.program.procedural.c.mbed*,ptolemy.homer.*,ptolemy.actor.lib.jai.*,org.ptolemy.scala.*,diva.util.java2d.svg.*,ptolemy.domains.ptinyos.*,ptolemy.actor.lib.fmi.fmipp.*,,org.terraswarm.accessor.accessors.web.node_modules.*,org.terraswarm.accessor.accessors-svn,ptolemy.apps.*,ptolemy.actor.ptalon.demo.ptinyos.SendAndReceiveCnt.output,ptolemy.actor.ptalon.demo.ptinyos.SenseToLeds.output,ptolemy.domains.ptinyos.demo.CntToLedsAndRfm.output,ptolemy.domains.ptinyos.demo.RfmToLeds.output,ptolemy.domains.ptinyos.demo.SendAndReceiveCnt.output,ptolemy.domains.ptinyos.demo.SenseToLeds.output,ptolemy.actor.lib.jjs.modules.udpSocket.*" />
    <property name="env.PTII" value="/home/travis/build/icyphy/ptII" />
    <property name="env.XDG_SESSION_ID" value="2" />
    <property name="keystore" value="ptKeystore" />
    <property name="env.TRAVIS_COMMIT_MESSAGE" value="Updated occupancy" />
    <property name="junit.output.dir" value="/home/travis/build/icyphy/ptII/reports/junit" />
    <property name="npm.return.code" value="0" />
    <property name="user.dir" value="/home/travis/build/icyphy/ptII/ptolemy/domains/continuous/test" />
    <property name="env.TRAVIS_NODE_VERSION" value="7" />
    <property name="env.TRAVIS_EVENT_TYPE" value="cron" />
    <property name="env.MAIL" value="/var/mail/travis" />
    <property name="env.PERLBREW_ROOT" value="/home/travis/perl5/perlbrew" />
    <property name="env.PWD" value="/home/travis/build/icyphy/ptII" />
    <property name="timeout.npm" value="45000" />
    <property name="env.PT_TRAVIS_TEST_CORE2_XML" value="true" />
    <property name="env.TRAVIS_ARCH" value="amd64" />
    <property name="sun.cpu.endian" value="little" />
    <property name="env.PAGER" value="cat" />
    <property name="env.TRAVIS_BUILD_STAGE_NAME" value="Test" />
    <property name="env.PERLBREW_HOME" value="/home/travis/.perlbrew" />
    <property name="java.vm.version" value="11.0.2+9" />
    <property name="env.RAILS_ENV" value="test" />
    <property name="java.class.path" value="/home/travis/build/icyphy/ptII:/home/travis/build/icyphy/ptII/lib/bsh-2.0b4.jar:/home/travis/build/icyphy/ptII/lib/ptCal.jar:/home/travis/build/icyphy/ptII/lib/java_cup.jar:/home/travis/build/icyphy/ptII/lib/saxon8.jar:/home/travis/build/icyphy/ptII/lib/saxon8-dom.jar:/home/travis/build/icyphy/ptII/lib/chic.jar:/home/travis/build/icyphy/ptII/lib/ptcolt.jar:/home/travis/build/icyphy/ptII/vendors/misc/itext/iText.jar:/home/travis/build/icyphy/ptII/lib/g4ltl.jar:/home/travis/build/icyphy/ptII/lib/StructuralCoder.jar:/home/travis/build/icyphy/ptII/lib/jcerti.jar:/home/travis/build/icyphy/ptII/lib/javax.mail.jar:/home/travis/build/icyphy/ptII/vendors/JMF-2.1.1e/lib/jmf.jar:/home/travis/build/icyphy/ptII/lib/jna-4.0.0-variadic.jar:/home/travis/build/icyphy/ptII/vendors/misc/joystick/Joystick.jar:/home/travis/build/icyphy/ptII/lib/ptjacl.jar:/home/travis/build/icyphy/ptII/lib/jsoup-1.8.2.jar:/home/travis/build/icyphy/ptII/lib/junit-4.8.2.jar:/home/travis/build/icyphy/ptII/lib/JUnitParams-0.4.0.jar:/home/travis/build/icyphy/ptII/ptolemy/actor/lib/excel/jxl.jar:/home/travis/build/icyphy/ptII/lib/jython.jar:/home/travis/build/icyphy/ptII/lib/kieler.jar:/home/travis/build/icyphy/ptII/vendors/opencv/share/OpenCV/java/opencv-341.jar:/home/travis/build/icyphy/ptII/lib/oscP5.jar:/home/travis/build/icyphy/ptII/lib/nrjavaserial-3.11.0.devel.jar:/home/travis/build/icyphy/ptII/vendors/j3d/lib/Linux/j3dcore.jar:/home/travis/build/icyphy/ptII/vendors/j3d/lib/Linux/j3dutils.jar:/home/travis/build/icyphy/ptII/vendors/j3d/lib/Linux/vecmath.jar:/home/travis/build/icyphy/ptII/vendors/jogl/lib/Linux/gluegen-rt-natives-linux-amd64.jar:/home/travis/build/icyphy/ptII/vendors/jogl/lib/Linux/gluegen-rt.jar:/home/travis/build/icyphy/ptII/vendors/jogl/lib/Linux/jogl-all-natives-linux-amd64.jar:/home/travis/build/icyphy/ptII/vendors/jogl/lib/Linux/jogl-all.jar:/home/travis/build/icyphy/ptII/ptolemy/distributed/jini/jar/jini-core.jar:/home/travis/build/icyphy/ptII/ptolemy/distributed/jini/jar/jini-ext.jar:/home/travis/build/icyphy/ptII/ptolemy/distributed/jini/jar/sun-util.jar:/home/travis/build/icyphy/ptII/lib/protobuf-java-2.4.1.jar:/home/travis/build/icyphy/ptII/lib/org.eclipse.paho.client.mqttv3.jar:/home/travis/build/icyphy/ptII/lib/mapss.jar:/home/travis/build/icyphy/ptII/ptolemy/actor/ptalon/antlr/antlr.jar:/home/travis/build/icyphy/ptII/lib/JRI.jar:/home/travis/build/icyphy/ptII/lib/commons-lang-2.6.jar:/home/travis/build/icyphy/ptII/lib/commons-logging-1.1.1.jar:/home/travis/build/icyphy/ptII/lib/sootclasses.jar:/home/travis/build/icyphy/ptII/ptolemy/actor/lib/database/mysql-connector-java-5.1.6-bin.jar:/home/travis/build/icyphy/ptII/vendors/misc/sphinx4/sphinx4-data-5prealpha.jar:/home/travis/build/icyphy/ptII/vendors/misc/sphinx4/sphinx4-core-5prealpha.jar:/home/travis/build/icyphy/ptII/lib/PDFRenderer.jar:/home/travis/build/icyphy/ptII/lib/svgSalamander.jar:/home/travis/build/icyphy/ptII/lib/rsyntaxtextarea-2.6.0-SNAPSHOT.jar:/home/travis/build/icyphy/ptII/lib/hazelcast-3.8.2.jar:/home/travis/build/icyphy/ptII/lib/jackson-annotations-2.9.0.jar:/home/travis/build/icyphy/ptII/lib/jackson-core-2.9.3.jar:/home/travis/build/icyphy/ptII/lib/jackson-databind-2.9.3.jar:/home/travis/build/icyphy/ptII/lib/netty-buffer-4.1.19.Final.jar:/home/travis/build/icyphy/ptII/lib/netty-codec-4.1.19.Final.jar:/home/travis/build/icyphy/ptII/lib/netty-codec-dns-4.1.19.Final.jar:/home/travis/build/icyphy/ptII/lib/netty-codec-http-4.1.19.Final.jar:/home/travis/build/icyphy/ptII/lib/netty-codec-http2-4.1.19.Final.jar:/home/travis/build/icyphy/ptII/lib/netty-common-4.1.19.Final.jar:/home/travis/build/icyphy/ptII/lib/netty-handler-4.1.19.Final.jar:/home/travis/build/icyphy/ptII/lib/netty-resolver-4.1.19.Final.jar:/home/travis/build/icyphy/ptII/lib/netty-resolver-dns-4.1.19.Final.jar:/home/travis/build/icyphy/ptII/lib/netty-transport-4.1.19.Final.jar:/home/travis/build/icyphy/ptII/lib/vertx-codegen-3.5.1.jar:/home/travis/build/icyphy/ptII/lib/vertx-core-3.5.2-SNAPSHOT.jar:/home/travis/build/icyphy/ptII/lib/vertx-hazelcast-3.5.1.jar:/home/travis/build/icyphy/ptII/lib/vertx-lang-js-3.5.1.jar:/home/travis/build/icyphy/ptII/lib/vertx-service-proxy-3.5.1.jar:/home/travis/build/icyphy/ptII/lib/vertx-web-3.5.1.jar:/home/travis/build/icyphy/ptII/lib/slf4j-api-1.7.13.jar:/home/travis/build/icyphy/ptII/lib/slf4j-simple-1.7.13.jar:/home/travis/build/icyphy/ptII/lib/webcam-capture-0.3.12.jar:/home/travis/build/icyphy/ptII/lib/bridj-0.7.0.jar:/home/travis/build/icyphy/ptII/lib/xbjlib-1.1.0.nrjavaserial.jar:/home/travis/build/icyphy/ptII/ptolemy/moml/test:/home/travis/build/icyphy/ptII/ant/lib/ant-launcher.jar:/home/travis/build/icyphy/ptII/ant/lib/ant.jar:/home/travis/build/icyphy/ptII/ant/lib/ant-junit.jar:/home/travis/build/icyphy/ptII/ant/lib/ant-junit4.jar" />
    <property name="ant.library.dir" value="/home/travis/build/icyphy/ptII/ant/lib" />
    <property name="os.arch" value="amd64" />
    <property name="env.CONTINUOUS_INTEGRATION" value="true" />
    <property name="env.TRAVIS_LANGUAGE" value="node_js" />
    <property name="env.TRAVIS_STACK_LANGUAGES" value="__sardonyx__ c c++ clojure cplusplus cpp default generic go groovy java node_js php pure_java python ruby scala" />
    <property name="test.name" value="ptolemy.actor.lib.test.junit.JUnitTclTest" />
    <property name="env.APT_KEY_DONT_WARN_ON_DANGEROUS_USAGE" value="1" />
    <property name="sun.java.launcher" value="SUN_STANDARD" />
    <property name="env.PYTHON_CONFIGURE_OPTS" value="--enable-unicode=ucs4 --with-wide-unicode --enable-shared --enable-ipv6 --enable-loadable-sqlite-extensions --with-computed-gotos" />
    <property name="ant.core.lib" value="/home/travis/build/icyphy/ptII/ant/lib/ant.jar" />
    <property name="java.vm.specification.vendor" value="Oracle Corporation" />
    <property name="env.BCVTB_HOME" value="/home/travis/build/icyphy/ptII/lbnl" />
    <property name="file.separator" value="/" />
    <property name="spotbugs.home" value="/home/travis/build/icyphy/ptII/vendors/spotbugs-3.1.1" />
    <property name="java.runtime.version" value="11.0.2+9" />
    <property name="env.ANSI_CLEAR" value="\033[0K" />
    <property name="javafx.verbose" value="true" />
    <property name="env.HAS_JOSH_K_SEAL_OF_APPROVAL" value="true" />
    <property name="env.XDG_RUNTIME_DIR" value="/run/user/2000" />
    <property name="env.TRAVIS_OSX_IMAGE" value="" />
    <property name="env.TRAVIS_JOB_ID" value="602156854" />
    <property name="env.TRAVIS_BRANCH" value="master" />
    <property name="user.country" value="US" />
    <property name="env.CERTI_HOME_TRAVIS" value="/home/travis/pthla/certi-tools" />
    <property name="env.SHELL" value="/bin/bash" />
    <property name="java.maxmemory.large" value="3200m" />
    <property name="model" value="" />
    <property name="env.CASHER_DIR" value="/home/travis/.casher" />
    <property name="env.NVM_CD_FLAGS" value="" />
    <property name="java.vendor.version" value="18.9" />
    <property name="jshint.executable" value="/home/travis/node_modules/jshint/bin/jshint" />
    <property name="env.JRUBY_OPTS" value=" --client -J-XX:+TieredCompilation -J-XX:TieredStopAtLevel=1 -J-Xss2m -Xcompile.invokedynamic=false" />
    <property name="java.vendor" value="Oracle Corporation" />
    <property name="env.TRAVIS_PRE_CHEF_BOOTSTRAP_TIME" value="2019-03-25T16:16:42" />
    <property name="env.TRAVIS_STACK_JOB_BOARD_REGISTER" value="/.job-board-register.yml" />
    <property name="env.ANSI_RED" value="\033[31;1m" />
    <property name="java.specification.version" value="11" />
    <property name="env.IRBRC" value="/home/travis/.rvm/rubies/ruby-2.5.3/.irbrc" />
    <property name="env.TRAVIS" value="true" />
    <property name="sun.arch.data.model" value="64" />
  </properties>
  <testcase classname="ptolemy.util.test.junit.TclTests" name="[0] ThereAreNoTclTests (RunTclFile)" time="0.017" />
  <testcase classname="ptolemy.util.test.junit.AutoKnownFailedTests" name="[0] ThereAreNoKnowFailedTests (RunModel)" time="0.004" />
  <testcase classname="ptolemy.util.test.junit.AutoNameArchTests" name="[0] ThereAreNoAutoArchTests (RunModel)" time="0.023" />
  <testcase classname="ptolemy.util.test.junit.AutoTests" name="[0] /home/travis/build/icyphy/ptII/ptolemy/domains/continuous/test/auto/BouncingBall.xml (RunModel)" time="3.269" />
  <testcase classname="ptolemy.util.test.junit.AutoTests" name="[1] /home/travis/build/icyphy/ptII/ptolemy/domains/continuous/test/auto/BouncingBallWithoutGR.xml (RunModel)" time="1.118" />
  <testcase classname="ptolemy.util.test.junit.AutoTests" name="[2] /home/travis/build/icyphy/ptII/ptolemy/domains/continuous/test/auto/Brownian.xml (RunModel)" time="0.112" />
  <testcase classname="ptolemy.util.test.junit.AutoTests" name="[3] /home/travis/build/icyphy/ptII/ptolemy/domains/continuous/test/auto/CarTracking.xml (RunModel)" time="4.035" />
  <testcase classname="ptolemy.util.test.junit.AutoTests" name="[4] /home/travis/build/icyphy/ptII/ptolemy/domains/continuous/test/auto/CartPendulum.xml (RunModel)" time="0.525" />
  <testcase classname="ptolemy.util.test.junit.AutoTests" name="[5] /home/travis/build/icyphy/ptII/ptolemy/domains/continuous/test/auto/CausalityInterface10.xml (RunModel)" time="0.045" />
  <testcase classname="ptolemy.util.test.junit.AutoTests" name="[6] /home/travis/build/icyphy/ptII/ptolemy/domains/continuous/test/auto/CausalityInterface11.xml (RunModel)" time="0.035" />
  <testcase classname="ptolemy.util.test.junit.AutoTests" name="[7] /home/travis/build/icyphy/ptII/ptolemy/domains/continuous/test/auto/CausalityInterface12.xml (RunModel)" time="0.032" />
  <testcase classname="ptolemy.util.test.junit.AutoTests" name="[8] /home/travis/build/icyphy/ptII/ptolemy/domains/continuous/test/auto/CausalityInterface13.xml (RunModel)" time="0.031" />
  <testcase classname="ptolemy.util.test.junit.AutoTests" name="[9] /home/travis/build/icyphy/ptII/ptolemy/domains/continuous/test/auto/CausalityInterface14.xml (RunModel)" time="0.041" />
  <testcase classname="ptolemy.util.test.junit.AutoTests" name="[10] /home/travis/build/icyphy/ptII/ptolemy/domains/continuous/test/auto/CausalityInterface4.xml (RunModel)" time="0.068" />
  <testcase classname="ptolemy.util.test.junit.AutoTests" name="[11] /home/travis/build/icyphy/ptII/ptolemy/domains/continuous/test/auto/CausalityInterface5.xml (RunModel)" time="0.061" />
  <testcase classname="ptolemy.util.test.junit.AutoTests" name="[12] /home/travis/build/icyphy/ptII/ptolemy/domains/continuous/test/auto/CausalityInterface6.xml (RunModel)" time="0.028" />
  <testcase classname="ptolemy.util.test.junit.AutoTests" name="[13] /home/travis/build/icyphy/ptII/ptolemy/domains/continuous/test/auto/CausalityInterface7.xml (RunModel)" time="0.052" />
  <testcase classname="ptolemy.util.test.junit.AutoTests" name="[14] /home/travis/build/icyphy/ptII/ptolemy/domains/continuous/test/auto/CausalityInterface8.xml (RunModel)" time="0.049" />
  <testcase classname="ptolemy.util.test.junit.AutoTests" name="[15] /home/travis/build/icyphy/ptII/ptolemy/domains/continuous/test/auto/CausalityInterface9.xml (RunModel)" time="0.06" />
  <testcase classname="ptolemy.util.test.junit.AutoTests" name="[16] /home/travis/build/icyphy/ptII/ptolemy/domains/continuous/test/auto/CausalityInterfaceFeedback1.xml (RunModel)" time="0.041" />
  <testcase classname="ptolemy.util.test.junit.AutoTests" name="[17] /home/travis/build/icyphy/ptII/ptolemy/domains/continuous/test/auto/CausalityInterfaceFeedback2.xml (RunModel)" time="0.031" />
  <testcase classname="ptolemy.util.test.junit.AutoTests" name="[18] /home/travis/build/icyphy/ptII/ptolemy/domains/continuous/test/auto/CompareWithCurrentTime.xml (RunModel)" time="0.025" />
  <testcase classname="ptolemy.util.test.junit.AutoTests" name="[19] /home/travis/build/icyphy/ptII/ptolemy/domains/continuous/test/auto/ComparedClocks.xml (RunModel)" time="0.091" />
  <testcase classname="ptolemy.util.test.junit.AutoTests" name="[20] /home/travis/build/icyphy/ptII/ptolemy/domains/continuous/test/auto/ContinuousAOCClone.xml (RunModel)" time="2.927" />
  <testcase classname="ptolemy.util.test.junit.AutoTests" name="[21] /home/travis/build/icyphy/ptII/ptolemy/domains/continuous/test/auto/ContinuousClock.xml (RunModel)" time="0.126" />
  <testcase classname="ptolemy.util.test.junit.AutoTests" name="[22] /home/travis/build/icyphy/ptII/ptolemy/domains/continuous/test/auto/ContinuousInContinuous.xml (RunModel)" time="0.104" />
  <testcase classname="ptolemy.util.test.junit.AutoTests" name="[23] /home/travis/build/icyphy/ptII/ptolemy/domains/continuous/test/auto/ContinuousInContinuousInContinuous.xml (RunModel)" time="0.034" />
  <testcase classname="ptolemy.util.test.junit.AutoTests" name="[24] /home/travis/build/icyphy/ptII/ptolemy/domains/continuous/test/auto/ContinuousInDE.xml (RunModel)" time="0.146" />
  <testcase classname="ptolemy.util.test.junit.AutoTests" name="[25] /home/travis/build/icyphy/ptII/ptolemy/domains/continuous/test/auto/ContinuousInDE2.xml (RunModel)" time="0.069" />
  <testcase classname="ptolemy.util.test.junit.AutoTests" name="[26] /home/travis/build/icyphy/ptII/ptolemy/domains/continuous/test/auto/ContinuousInDE3.xml (RunModel)" time="0.075" />
  <testcase classname="ptolemy.util.test.junit.AutoTests" name="[27] /home/travis/build/icyphy/ptII/ptolemy/domains/continuous/test/auto/ContinuousInDE4.xml (RunModel)" time="0.035" />
  <testcase classname="ptolemy.util.test.junit.AutoTests" name="[28] /home/travis/build/icyphy/ptII/ptolemy/domains/continuous/test/auto/ContinuousInDEDifferentRefinements.xml (RunModel)" time="0.108" />
  <testcase classname="ptolemy.util.test.junit.AutoTests" name="[29] /home/travis/build/icyphy/ptII/ptolemy/domains/continuous/test/auto/ContinuousInDEDifferentRefinementsPreemptive.xml (RunModel)" time="0.09" />
  <testcase classname="ptolemy.util.test.junit.AutoTests" name="[30] /home/travis/build/icyphy/ptII/ptolemy/domains/continuous/test/auto/ContinuousInDEInContinuous2.xml (RunModel)" time="0.062" />
  <testcase classname="ptolemy.util.test.junit.AutoTests" name="[31] /home/travis/build/icyphy/ptII/ptolemy/domains/continuous/test/auto/ContinuousInDEInContinuous3.xml (RunModel)" time="0.065" />
  <testcase classname="ptolemy.util.test.junit.AutoTests" name="[32] /home/travis/build/icyphy/ptII/ptolemy/domains/continuous/test/auto/ContinuousInDEInput.xml (RunModel)" time="0.039" />
  <testcase classname="ptolemy.util.test.junit.AutoTests" name="[33] /home/travis/build/icyphy/ptII/ptolemy/domains/continuous/test/auto/ContinuousInDEInput2.xml (RunModel)" time="0.041" />
  <testcase classname="ptolemy.util.test.junit.AutoTests" name="[34] /home/travis/build/icyphy/ptII/ptolemy/domains/continuous/test/auto/ContinuousInDEInput3.xml (RunModel)" time="0.038" />
  <testcase classname="ptolemy.util.test.junit.AutoTests" name="[35] /home/travis/build/icyphy/ptII/ptolemy/domains/continuous/test/auto/ContinuousInDESharingRefinement.xml (RunModel)" time="0.184" />
  <testcase classname="ptolemy.util.test.junit.AutoTests" name="[36] /home/travis/build/icyphy/ptII/ptolemy/domains/continuous/test/auto/ContinuousInDEwithNoPorts.xml (RunModel)" time="0.02" />
  <testcase classname="ptolemy.util.test.junit.AutoTests" name="[37] /home/travis/build/icyphy/ptII/ptolemy/domains/continuous/test/auto/ContinuousInsideDE.xml (RunModel)" time="0.08" />
  <testcase classname="ptolemy.util.test.junit.AutoTests" name="[38] /home/travis/build/icyphy/ptII/ptolemy/domains/continuous/test/auto/ContinuousMerge1.xml (RunModel)" time="0.015" />
  <testcase classname="ptolemy.util.test.junit.AutoTests" name="[39] /home/travis/build/icyphy/ptII/ptolemy/domains/continuous/test/auto/ContinuousMerge2.xml (RunModel)" time="0.059" />
  <testcase classname="ptolemy.util.test.junit.AutoTests" name="[40] /home/travis/build/icyphy/ptII/ptolemy/domains/continuous/test/auto/ContinuousMerge3.xml (RunModel)" time="0.057" />
  <testcase classname="ptolemy.util.test.junit.AutoTests" name="[41] /home/travis/build/icyphy/ptII/ptolemy/domains/continuous/test/auto/ContinuousWithinContinuous.xml (RunModel)" time="0.047" />
  <testcase classname="ptolemy.util.test.junit.AutoTests" name="[42] /home/travis/build/icyphy/ptII/ptolemy/domains/continuous/test/auto/ContinuousWithinContinuous2.xml (RunModel)" time="0.077" />
  <testcase classname="ptolemy.util.test.junit.AutoTests" name="[43] /home/travis/build/icyphy/ptII/ptolemy/domains/continuous/test/auto/ContinuousWithinContinuous3.xml (RunModel)" time="0.037" />
  <testcase classname="ptolemy.util.test.junit.AutoTests" name="[44] /home/travis/build/icyphy/ptII/ptolemy/domains/continuous/test/auto/ContinuousWithinContinuous4.xml (RunModel)" time="0.082" />
  <testcase classname="ptolemy.util.test.junit.AutoTests" name="[45] /home/travis/build/icyphy/ptII/ptolemy/domains/continuous/test/auto/ContinuousWithinContinuous5.xml (RunModel)" time="0.041" />
  <testcase classname="ptolemy.util.test.junit.AutoTests" name="[46] /home/travis/build/icyphy/ptII/ptolemy/domains/continuous/test/auto/ContinuousWithinContinuous6.xml (RunModel)" time="0.035" />
  <testcase classname="ptolemy.util.test.junit.AutoTests" name="[47] /home/travis/build/icyphy/ptII/ptolemy/domains/continuous/test/auto/ContinuousWithinContinuous7.xml (RunModel)" time="0.074" />
  <testcase classname="ptolemy.util.test.junit.AutoTests" name="[48] /home/travis/build/icyphy/ptII/ptolemy/domains/continuous/test/auto/DCMotor.xml (RunModel)" time="13.501" />
  <testcase classname="ptolemy.util.test.junit.AutoTests" name="[49] /home/travis/build/icyphy/ptII/ptolemy/domains/continuous/test/auto/DEInContinuous.xml (RunModel)" time="0.026" />
  <testcase classname="ptolemy.util.test.junit.AutoTests" name="[50] /home/travis/build/icyphy/ptII/ptolemy/domains/continuous/test/auto/DEinContinuous2.xml (RunModel)" time="0.027" />
  <testcase classname="ptolemy.util.test.junit.AutoTests" name="[51] /home/travis/build/icyphy/ptII/ptolemy/domains/continuous/test/auto/Derivative.xml (RunModel)" time="0.216" />
  <testcase classname="ptolemy.util.test.junit.AutoTests" name="[52] /home/travis/build/icyphy/ptII/ptolemy/domains/continuous/test/auto/Derivative1.xml (RunModel)" time="0.05" />
  <testcase classname="ptolemy.util.test.junit.AutoTests" name="[53] /home/travis/build/icyphy/ptII/ptolemy/domains/continuous/test/auto/DiscreteClock.xml (RunModel)" time="0.016" />
  <testcase classname="ptolemy.util.test.junit.AutoTests" name="[54] /home/travis/build/icyphy/ptII/ptolemy/domains/continuous/test/auto/EfficiencyCurve.xml (RunModel)" time="0.069" />
  <testcase classname="ptolemy.util.test.junit.AutoTests" name="[55] /home/travis/build/icyphy/ptII/ptolemy/domains/continuous/test/auto/ExponentialResponse.xml (RunModel)" time="0.134" />
  <testcase classname="ptolemy.util.test.junit.AutoTests" name="[56] /home/travis/build/icyphy/ptII/ptolemy/domains/continuous/test/auto/ExponentialResponseRK45.xml (RunModel)" time="0.033" />
  <testcase classname="ptolemy.util.test.junit.AutoTests" name="[57] /home/travis/build/icyphy/ptII/ptolemy/domains/continuous/test/auto/Friction.xml (RunModel)" time="1.685" />
  <testcase classname="ptolemy.util.test.junit.AutoTests" name="[58] /home/travis/build/icyphy/ptII/ptolemy/domains/continuous/test/auto/FurutaPendulum.xml (RunModel)" time="3.86" />
  <testcase classname="ptolemy.util.test.junit.AutoTests" name="[59] /home/travis/build/icyphy/ptII/ptolemy/domains/continuous/test/auto/HierarchicalExecution.xml (RunModel)" time="2.386" />
  <testcase classname="ptolemy.util.test.junit.AutoTests" name="[60] /home/travis/build/icyphy/ptII/ptolemy/domains/continuous/test/auto/HybridPlant.xml (RunModel)" time="0.603" />
  <testcase classname="ptolemy.util.test.junit.AutoTests" name="[61] /home/travis/build/icyphy/ptII/ptolemy/domains/continuous/test/auto/Hysteresis.xml (RunModel)" time="0.198" />
  <testcase classname="ptolemy.util.test.junit.AutoTests" name="[62] /home/travis/build/icyphy/ptII/ptolemy/domains/continuous/test/auto/HysteresisWithRandomDelay.xml (RunModel)" time="0.238" />
  <testcase classname="ptolemy.util.test.junit.AutoTests" name="[63] /home/travis/build/icyphy/ptII/ptolemy/domains/continuous/test/auto/HysteresisWithRandomLosses.xml (RunModel)" time="2.505" />
  <testcase classname="ptolemy.util.test.junit.AutoTests" name="[64] /home/travis/build/icyphy/ptII/ptolemy/domains/continuous/test/auto/ImmediateTransitions.xml (RunModel)" time="0.042" />
  <testcase classname="ptolemy.util.test.junit.AutoTests" name="[65] /home/travis/build/icyphy/ptII/ptolemy/domains/continuous/test/auto/ImpulseFeedback.xml (RunModel)" time="0.022" />
  <testcase classname="ptolemy.util.test.junit.AutoTests" name="[66] /home/travis/build/icyphy/ptII/ptolemy/domains/continuous/test/auto/ImpulseFeedback2.xml (RunModel)" time="0.023" />
  <testcase classname="ptolemy.util.test.junit.AutoTests" name="[67] /home/travis/build/icyphy/ptII/ptolemy/domains/continuous/test/auto/IncreasingRatePoisson.xml (RunModel)" time="0.728" />
  <testcase classname="ptolemy.util.test.junit.AutoTests" name="[68] /home/travis/build/icyphy/ptII/ptolemy/domains/continuous/test/auto/InitialStateFeedback.xml (RunModel)" time="0.019" />
  <testcase classname="ptolemy.util.test.junit.AutoTests" name="[69] /home/travis/build/icyphy/ptII/ptolemy/domains/continuous/test/auto/Integration.xml (RunModel)" time="0.012" />
  <testcase classname="ptolemy.util.test.junit.AutoTests" name="[70] /home/travis/build/icyphy/ptII/ptolemy/domains/continuous/test/auto/Integration2.xml (RunModel)" time="0.101" />
  <testcase classname="ptolemy.util.test.junit.AutoTests" name="[71] /home/travis/build/icyphy/ptII/ptolemy/domains/continuous/test/auto/Integration3.xml (RunModel)" time="0.016" />
  <testcase classname="ptolemy.util.test.junit.AutoTests" name="[72] /home/travis/build/icyphy/ptII/ptolemy/domains/continuous/test/auto/Integration5.xml (RunModel)" time="0.01" />
  <testcase classname="ptolemy.util.test.junit.AutoTests" name="[73] /home/travis/build/icyphy/ptII/ptolemy/domains/continuous/test/auto/IntegratorImpulse.xml (RunModel)" time="0.012" />
  <testcase classname="ptolemy.util.test.junit.AutoTests" name="[74] /home/travis/build/icyphy/ptII/ptolemy/domains/continuous/test/auto/IntegratorImpulse2.xml (RunModel)" time="0.02" />
  <testcase classname="ptolemy.util.test.junit.AutoTests" name="[75] /home/travis/build/icyphy/ptII/ptolemy/domains/continuous/test/auto/LevelCrossing1.xml (RunModel)" time="0.012" />
  <testcase classname="ptolemy.util.test.junit.AutoTests" name="[76] /home/travis/build/icyphy/ptII/ptolemy/domains/continuous/test/auto/LevelCrossing2.xml (RunModel)" time="0.013" />
  <testcase classname="ptolemy.util.test.junit.AutoTests" name="[77] /home/travis/build/icyphy/ptII/ptolemy/domains/continuous/test/auto/LevelCrossing3.xml (RunModel)" time="0.012" />
  <testcase classname="ptolemy.util.test.junit.AutoTests" name="[78] /home/travis/build/icyphy/ptII/ptolemy/domains/continuous/test/auto/LevelCrossing4.xml (RunModel)" time="0.013" />
  <testcase classname="ptolemy.util.test.junit.AutoTests" name="[79] /home/travis/build/icyphy/ptII/ptolemy/domains/continuous/test/auto/LevelCrossing5.xml (RunModel)" time="0.016" />
  <testcase classname="ptolemy.util.test.junit.AutoTests" name="[80] /home/travis/build/icyphy/ptII/ptolemy/domains/continuous/test/auto/LevelCrossing6.xml (RunModel)" time="0.012" />
  <testcase classname="ptolemy.util.test.junit.AutoTests" name="[81] /home/travis/build/icyphy/ptII/ptolemy/domains/continuous/test/auto/LevelCrossingDetector.xml (RunModel)" time="0.035" />
  <testcase classname="ptolemy.util.test.junit.AutoTests" name="[82] /home/travis/build/icyphy/ptII/ptolemy/domains/continuous/test/auto/LevelCrossingDetectorDetectingDirections.xml (RunModel)" time="0.096" />
  <testcase classname="ptolemy.util.test.junit.AutoTests" name="[83] /home/travis/build/icyphy/ptII/ptolemy/domains/continuous/test/auto/LevelCrossingDetectorDetectsGlitches.xml (RunModel)" time="0.06" />
  <testcase classname="ptolemy.util.test.junit.AutoTests" name="[84] /home/travis/build/icyphy/ptII/ptolemy/domains/continuous/test/auto/LevelCrossingNoInitialOuput.xml (RunModel)" time="0.016" />
  <testcase classname="ptolemy.util.test.junit.AutoTests" name="[85] /home/travis/build/icyphy/ptII/ptolemy/domains/continuous/test/auto/LinearStateSpaceExample.xml (RunModel)" time="0.084" />
  <testcase classname="ptolemy.util.test.junit.AutoTests" name="[86] /home/travis/build/icyphy/ptII/ptolemy/domains/continuous/test/auto/Lorenz.xml (RunModel)" time="4.156" />
  <testcase classname="ptolemy.util.test.junit.AutoTests" name="[87] /home/travis/build/icyphy/ptII/ptolemy/domains/continuous/test/auto/LorenzDifferentialSystem.xml (RunModel)" time="1.101" />
  <testcase classname="ptolemy.util.test.junit.AutoTests" name="[88] /home/travis/build/icyphy/ptII/ptolemy/domains/continuous/test/auto/LorenzDifferentialSystemWithInput.xml (RunModel)" time="1.558" />
  <testcase classname="ptolemy.util.test.junit.AutoTests" name="[89] /home/travis/build/icyphy/ptII/ptolemy/domains/continuous/test/auto/LorenzDifferentialSystemWithTime.xml (RunModel)" time="0.79" />
  <testcase classname="ptolemy.util.test.junit.AutoTests" name="[90] /home/travis/build/icyphy/ptII/ptolemy/domains/continuous/test/auto/Microsteps.xml (RunModel)" time="0.03" />
  <testcase classname="ptolemy.util.test.junit.AutoTests" name="[91] /home/travis/build/icyphy/ptII/ptolemy/domains/continuous/test/auto/Modal1.xml (RunModel)" time="0.037" />
  <testcase classname="ptolemy.util.test.junit.AutoTests" name="[92] /home/travis/build/icyphy/ptII/ptolemy/domains/continuous/test/auto/Modal2.xml (RunModel)" time="0.06" />
  <testcase classname="ptolemy.util.test.junit.AutoTests" name="[93] /home/travis/build/icyphy/ptII/ptolemy/domains/continuous/test/auto/ModalTransitionGuardWithReset.xml (RunModel)" time="0.036" />
  <testcase classname="ptolemy.util.test.junit.AutoTests" name="[94] /home/travis/build/icyphy/ptII/ptolemy/domains/continuous/test/auto/ModalTransitionGuardWithResetUsingPreemptiveTransition.xml (RunModel)" time="0.031" />
  <testcase classname="ptolemy.util.test.junit.AutoTests" name="[95] /home/travis/build/icyphy/ptII/ptolemy/domains/continuous/test/auto/ModalTransitionGuardWithResetUsingPreemptiveTransition2.xml (RunModel)" time="0.034" />
  <testcase classname="ptolemy.util.test.junit.AutoTests" name="[96] /home/travis/build/icyphy/ptII/ptolemy/domains/continuous/test/auto/ModalTransitionGuardWithResetUsingPreemptiveTransition3.xml (RunModel)" time="0.03" />
  <testcase classname="ptolemy.util.test.junit.AutoTests" name="[97] /home/travis/build/icyphy/ptII/ptolemy/domains/continuous/test/auto/NewtonsCradle.xml (RunModel)" time="0.869" />
  <testcase classname="ptolemy.util.test.junit.AutoTests" name="[98] /home/travis/build/icyphy/ptII/ptolemy/domains/continuous/test/auto/NewtonsCradleAnimated.xml (RunModel)" time="1.355" />
  <testcase classname="ptolemy.util.test.junit.AutoTests" name="[99] /home/travis/build/icyphy/ptII/ptolemy/domains/continuous/test/auto/NewtonsCradleComplicated.xml (RunModel)" time="0.999" />
  <testcase classname="ptolemy.util.test.junit.AutoTests" name="[100] /home/travis/build/icyphy/ptII/ptolemy/domains/continuous/test/auto/NewtonsCradleNondeterministic.xml (RunModel)" time="0.698" />
  <testcase classname="ptolemy.util.test.junit.AutoTests" name="[101] /home/travis/build/icyphy/ptII/ptolemy/domains/continuous/test/auto/NewtonsCradlePerfectlyInelastic1.xml (RunModel)" time="1.396" />
  <testcase classname="ptolemy.util.test.junit.AutoTests" name="[102] /home/travis/build/icyphy/ptII/ptolemy/domains/continuous/test/auto/Noise.xml (RunModel)" time="0.196" />
  <testcase classname="ptolemy.util.test.junit.AutoTests" name="[103] /home/travis/build/icyphy/ptII/ptolemy/domains/continuous/test/auto/NoiseSpectrum.xml (RunModel)" time="0.847" />
  <testcase classname="ptolemy.util.test.junit.AutoTests" name="[104] /home/travis/build/icyphy/ptII/ptolemy/domains/continuous/test/auto/ParameterizedNewtonsCradleAnimated.xml (RunModel)" time="0.389" />
  <testcase classname="ptolemy.util.test.junit.AutoTests" name="[105] /home/travis/build/icyphy/ptII/ptolemy/domains/continuous/test/auto/ParameterizedNewtonsCradleAnimatedNondeterministic.xml (RunModel)" time="1.241" />
  <testcase classname="ptolemy.util.test.junit.AutoTests" name="[106] /home/travis/build/icyphy/ptII/ptolemy/domains/continuous/test/auto/Pendulum3D.xml (RunModel)" time="0.177" />
  <testcase classname="ptolemy.util.test.junit.AutoTests" name="[107] /home/travis/build/icyphy/ptII/ptolemy/domains/continuous/test/auto/PeriodicSampler.xml (RunModel)" time="0.013" />
  <testcase classname="ptolemy.util.test.junit.AutoTests" name="[108] /home/travis/build/icyphy/ptII/ptolemy/domains/continuous/test/auto/PeriodicSampler1.xml (RunModel)" time="0.05" />
  <testcase classname="ptolemy.util.test.junit.AutoTests" name="[109] /home/travis/build/icyphy/ptII/ptolemy/domains/continuous/test/auto/PeriodicSampler2.xml (RunModel)" time="0.097" />
  <testcase classname="ptolemy.util.test.junit.AutoTests" name="[110] /home/travis/build/icyphy/ptII/ptolemy/domains/continuous/test/auto/Poisson.xml (RunModel)" time="0.492" />
  <testcase classname="ptolemy.util.test.junit.AutoTests" name="[111] /home/travis/build/icyphy/ptII/ptolemy/domains/continuous/test/auto/PoissonClock.xml (RunModel)" time="0.016" />
  <testcase classname="ptolemy.util.test.junit.AutoTests" name="[112] /home/travis/build/icyphy/ptII/ptolemy/domains/continuous/test/auto/PoissonClock2.xml (RunModel)" time="0.018" />
  <testcase classname="ptolemy.util.test.junit.AutoTests" name="[113] /home/travis/build/icyphy/ptII/ptolemy/domains/continuous/test/auto/PortParameterHierarchy.xml (RunModel)" time="0.025" />
  <testcase classname="ptolemy.util.test.junit.AutoTests" name="[114] /home/travis/build/icyphy/ptII/ptolemy/domains/continuous/test/auto/RandomHybridPlant.xml (RunModel)" time="0.57" />
  <testcase classname="ptolemy.util.test.junit.AutoTests" name="[115] /home/travis/build/icyphy/ptII/ptolemy/domains/continuous/test/auto/ResetTransitionWithStartTime1.xml (RunModel)" time="0.032" />
  <testcase classname="ptolemy.util.test.junit.AutoTests" name="[116] /home/travis/build/icyphy/ptII/ptolemy/domains/continuous/test/auto/ResetTransitionWithStartTime2.xml (RunModel)" time="0.038" />
  <testcase classname="ptolemy.util.test.junit.AutoTests" name="[117] /home/travis/build/icyphy/ptII/ptolemy/domains/continuous/test/auto/ResetTransitionWithStartTime3.xml (RunModel)" time="0.04" />
  <testcase classname="ptolemy.util.test.junit.AutoTests" name="[118] /home/travis/build/icyphy/ptII/ptolemy/domains/continuous/test/auto/ResetTransitionWithStartTime4.xml (RunModel)" time="0.035" />
  <testcase classname="ptolemy.util.test.junit.AutoTests" name="[119] /home/travis/build/icyphy/ptII/ptolemy/domains/continuous/test/auto/ResetTransitionWithStartTime5.xml (RunModel)" time="0.034" />
  <testcase classname="ptolemy.util.test.junit.AutoTests" name="[120] /home/travis/build/icyphy/ptII/ptolemy/domains/continuous/test/auto/ResetTransitionWithStartTime6.xml (RunModel)" time="0.035" />
  <testcase classname="ptolemy.util.test.junit.AutoTests" name="[121] /home/travis/build/icyphy/ptII/ptolemy/domains/continuous/test/auto/SRinContinuous.xml (RunModel)" time="0.048" />
  <testcase classname="ptolemy.util.test.junit.AutoTests" name="[122] /home/travis/build/icyphy/ptII/ptolemy/domains/continuous/test/auto/SampledClocks.xml (RunModel)" time="0.08" />
  <testcase classname="ptolemy.util.test.junit.AutoTests" name="[123] /home/travis/build/icyphy/ptII/ptolemy/domains/continuous/test/auto/Satellite.xml (RunModel)" time="0.994" />
  <testcase classname="ptolemy.util.test.junit.AutoTests" name="[124] /home/travis/build/icyphy/ptII/ptolemy/domains/continuous/test/auto/SigmaDelta.xml (RunModel)" time="2.488" />
  <testcase classname="ptolemy.util.test.junit.AutoTests" name="[125] /home/travis/build/icyphy/ptII/ptolemy/domains/continuous/test/auto/SingleRefinement.xml (RunModel)" time="0.438" />
  <testcase classname="ptolemy.util.test.junit.AutoTests" name="[126] /home/travis/build/icyphy/ptII/ptolemy/domains/continuous/test/auto/SinuBouncingBall.xml (RunModel)" time="0.888" />
  <testcase classname="ptolemy.util.test.junit.AutoTests" name="[127] /home/travis/build/icyphy/ptII/ptolemy/domains/continuous/test/auto/Sinusoid.xml (RunModel)" time="0.02" />
  <testcase classname="ptolemy.util.test.junit.AutoTests" name="[128] /home/travis/build/icyphy/ptII/ptolemy/domains/continuous/test/auto/SinusoidInNoise.xml (RunModel)" time="1.023" />
  <testcase classname="ptolemy.util.test.junit.AutoTests" name="[129] /home/travis/build/icyphy/ptII/ptolemy/domains/continuous/test/auto/SinusoidRK45.xml (RunModel)" time="0.011" />
  <testcase classname="ptolemy.util.test.junit.AutoTests" name="[130] /home/travis/build/icyphy/ptII/ptolemy/domains/continuous/test/auto/SinusoidWithMultipleImpulses.xml (RunModel)" time="0.017" />
  <testcase classname="ptolemy.util.test.junit.AutoTests" name="[131] /home/travis/build/icyphy/ptII/ptolemy/domains/continuous/test/auto/SquareWave.xml (RunModel)" time="0.212" />
  <testcase classname="ptolemy.util.test.junit.AutoTests" name="[132] /home/travis/build/icyphy/ptII/ptolemy/domains/continuous/test/auto/Starmac.xml (RunModel)" time="3.402" />
  <testcase classname="ptolemy.util.test.junit.AutoTests" name="[133] /home/travis/build/icyphy/ptII/ptolemy/domains/continuous/test/auto/StaticUnits.xml (RunModel)" time="2.808" />
  <testcase classname="ptolemy.util.test.junit.AutoTests" name="[134] /home/travis/build/icyphy/ptII/ptolemy/domains/continuous/test/auto/StickyMasses.xml (RunModel)" time="0.231" />
  <testcase classname="ptolemy.util.test.junit.AutoTests" name="[135] /home/travis/build/icyphy/ptII/ptolemy/domains/continuous/test/auto/StopTime.xml (RunModel)" time="0.059" />
  <testcase classname="ptolemy.util.test.junit.AutoTests" name="[136] /home/travis/build/icyphy/ptII/ptolemy/domains/continuous/test/auto/StopTime2.xml (RunModel)" time="0.056" />
  <testcase classname="ptolemy.util.test.junit.AutoTests" name="[137] /home/travis/build/icyphy/ptII/ptolemy/domains/continuous/test/auto/Switch.xml (RunModel)" time="0.061" />
  <testcase classname="ptolemy.util.test.junit.AutoTests" name="[138] /home/travis/build/icyphy/ptII/ptolemy/domains/continuous/test/auto/Thermostat.xml (RunModel)" time="0.226" />
  <testcase classname="ptolemy.util.test.junit.AutoTests" name="[139] /home/travis/build/icyphy/ptII/ptolemy/domains/continuous/test/auto/TimeDelay.xml (RunModel)" time="0.014" />
  <testcase classname="ptolemy.util.test.junit.AutoTests" name="[140] /home/travis/build/icyphy/ptII/ptolemy/domains/continuous/test/auto/TimeDelay2.xml (RunModel)" time="0.026" />
  <testcase classname="ptolemy.util.test.junit.AutoTests" name="[141] /home/travis/build/icyphy/ptII/ptolemy/domains/continuous/test/auto/TimeDelay3.xml (RunModel)" time="0.016" />
  <testcase classname="ptolemy.util.test.junit.AutoTests" name="[142] /home/travis/build/icyphy/ptII/ptolemy/domains/continuous/test/auto/TransferAbsentToInside.xml (RunModel)" time="0.101" />
  <testcase classname="ptolemy.util.test.junit.AutoTests" name="[143] /home/travis/build/icyphy/ptII/ptolemy/domains/continuous/test/auto/Transmission.xml (RunModel)" time="0.796" />
  <testcase classname="ptolemy.util.test.junit.AutoTests" name="[144] /home/travis/build/icyphy/ptII/ptolemy/domains/continuous/test/auto/TriggeredContinuousClock.xml (RunModel)" time="0.063" />
  <testcase classname="ptolemy.util.test.junit.AutoTests" name="[145] /home/travis/build/icyphy/ptII/ptolemy/domains/continuous/test/auto/TwoMachineInfiniteBusControl.xml (RunModel)" time="3.557" />
  <testcase classname="ptolemy.util.test.junit.AutoTests" name="[146] /home/travis/build/icyphy/ptII/ptolemy/domains/continuous/test/auto/V2V.xml (RunModel)" time="0.943" />
  <testcase classname="ptolemy.util.test.junit.AutoTests" name="[147] /home/travis/build/icyphy/ptII/ptolemy/domains/continuous/test/auto/hierarchicalModalModel.xml (RunModel)" time="0.032" />
  <testcase classname="ptolemy.util.test.junit.AutoTests" name="[148] /home/travis/build/icyphy/ptII/ptolemy/domains/continuous/test/auto/hierarchicalModalModel1.xml (RunModel)" time="0.032" />
  <testcase classname="ptolemy.util.test.junit.AutoTests" name="[149] /home/travis/build/icyphy/ptII/ptolemy/domains/continuous/test/auto/hierarchicalModalModel2.xml (RunModel)" time="0.027" />
  <testcase classname="ptolemy.util.test.junit.AutoTests" name="[150] /home/travis/build/icyphy/ptII/ptolemy/domains/continuous/test/auto/hierarchicalModalModel3.xml (RunModel)" time="0.023" />
  <testcase classname="ptolemy.util.test.junit.AutoTests" name="[151] /home/travis/build/icyphy/ptII/ptolemy/domains/continuous/test/auto/hierarchicalModalModel4.xml (RunModel)" time="0.025" />
  <testcase classname="ptolemy.util.test.junit.AutoTests" name="[152] /home/travis/build/icyphy/ptII/ptolemy/domains/continuous/test/auto/junk.xml (RunModel)" time="0.166" />
  <system-out><![CDATA[No tcl tests in /home/travis/build/icyphy/ptII/ptolemy/domains/continuous/test
No auto/knownFailedTests/*.xml tests in /home/travis/build/icyphy/ptII/ptolemy/domains/continuous/test
No auto/linux-amd64/*.xml tests in /home/travis/build/icyphy/ptII/ptolemy/domains/continuous/test
AutoTests.java: About to close Vertx.
AutoTests.java: Vertx closed.

===========================================================================================
----------------- testing Thu Oct 24 06:03:51 UTC 2019 /home/travis/build/icyphy/ptII/ptolemy/domains/continuous/test/auto/BouncingBall.xml
----------------- Instantiating /home/travis/build/icyphy/ptII/ptolemy/domains/continuous/test/auto/BouncingBall.xml
2608 ms. Memory: 146432K Free: 105113K (72%)
----------------- Invoking toplevel() on ptolemy.moml.MoMLSimpleApplication@5072617f
----------------- Done invoking toplevel() on ptolemy.moml.MoMLSimpleApplication@5072617f
reloadAllAccessors: .BouncingBall

===========================================================================================
----------------- testing Thu Oct 24 06:03:54 UTC 2019 /home/travis/build/icyphy/ptII/ptolemy/domains/continuous/test/auto/BouncingBallWithoutGR.xml
----------------- Instantiating /home/travis/build/icyphy/ptII/ptolemy/domains/continuous/test/auto/BouncingBallWithoutGR.xml
978 ms. Memory: 176128K Free: 127624K (72%)
----------------- Invoking toplevel() on ptolemy.moml.MoMLSimpleApplication@2d01e589
----------------- Done invoking toplevel() on ptolemy.moml.MoMLSimpleApplication@2d01e589
reloadAllAccessors: .BouncingBallWithoutGR

===========================================================================================
----------------- testing Thu Oct 24 06:03:55 UTC 2019 /home/travis/build/icyphy/ptII/ptolemy/domains/continuous/test/auto/Brownian.xml
----------------- Instantiating /home/travis/build/icyphy/ptII/ptolemy/domains/continuous/test/auto/Brownian.xml
42 ms. Memory: 176128K Free: 118918K (68%)
----------------- Invoking toplevel() on ptolemy.moml.MoMLSimpleApplication@6b59a65e
----------------- Done invoking toplevel() on ptolemy.moml.MoMLSimpleApplication@6b59a65e
reloadAllAccessors: .Brownian

===========================================================================================
----------------- testing Thu Oct 24 06:03:55 UTC 2019 /home/travis/build/icyphy/ptII/ptolemy/domains/continuous/test/auto/CarTracking.xml
----------------- Instantiating /home/travis/build/icyphy/ptII/ptolemy/domains/continuous/test/auto/CarTracking.xml
3531 ms. Memory: 211968K Free: 87780K (41%)
----------------- Invoking toplevel() on ptolemy.moml.MoMLSimpleApplication@657c06a9
----------------- Done invoking toplevel() on ptolemy.moml.MoMLSimpleApplication@657c06a9
reloadAllAccessors: .CarTracking

===========================================================================================
----------------- testing Thu Oct 24 06:03:59 UTC 2019 /home/travis/build/icyphy/ptII/ptolemy/domains/continuous/test/auto/CartPendulum.xml
----------------- Instantiating /home/travis/build/icyphy/ptII/ptolemy/domains/continuous/test/auto/CartPendulum.xml
388 ms. Memory: 211968K Free: 120334K (57%)
----------------- Invoking toplevel() on ptolemy.moml.MoMLSimpleApplication@5b916c9c
----------------- Done invoking toplevel() on ptolemy.moml.MoMLSimpleApplication@5b916c9c
reloadAllAccessors: .CartPendulum

===========================================================================================
----------------- testing Thu Oct 24 06:04:00 UTC 2019 /home/travis/build/icyphy/ptII/ptolemy/domains/continuous/test/auto/CausalityInterface10.xml
----------------- Instantiating /home/travis/build/icyphy/ptII/ptolemy/domains/continuous/test/auto/CausalityInterface10.xml
8 ms. Memory: 211968K Free: 110124K (52%)
----------------- Invoking toplevel() on ptolemy.moml.MoMLSimpleApplication@554dd144
----------------- Done invoking toplevel() on ptolemy.moml.MoMLSimpleApplication@554dd144
reloadAllAccessors: .CausalityInterface10

===========================================================================================
----------------- testing Thu Oct 24 06:04:00 UTC 2019 /home/travis/build/icyphy/ptII/ptolemy/domains/continuous/test/auto/CausalityInterface11.xml
----------------- Instantiating /home/travis/build/icyphy/ptII/ptolemy/domains/continuous/test/auto/CausalityInterface11.xml
9 ms. Memory: 211968K Free: 103966K (49%)
----------------- Invoking toplevel() on ptolemy.moml.MoMLSimpleApplication@239d03e0
----------------- Done invoking toplevel() on ptolemy.moml.MoMLSimpleApplication@239d03e0
reloadAllAccessors: .CausalityInterface11

===========================================================================================
----------------- testing Thu Oct 24 06:04:00 UTC 2019 /home/travis/build/icyphy/ptII/ptolemy/domains/continuous/test/auto/CausalityInterface12.xml
----------------- Instantiating /home/travis/build/icyphy/ptII/ptolemy/domains/continuous/test/auto/CausalityInterface12.xml
5 ms. Memory: 211968K Free: 97822K (46%)
----------------- Invoking toplevel() on ptolemy.moml.MoMLSimpleApplication@44f7377c
----------------- Done invoking toplevel() on ptolemy.moml.MoMLSimpleApplication@44f7377c
reloadAllAccessors: .CausalityInterface12

===========================================================================================
----------------- testing Thu Oct 24 06:04:00 UTC 2019 /home/travis/build/icyphy/ptII/ptolemy/domains/continuous/test/auto/CausalityInterface13.xml
----------------- Instantiating /home/travis/build/icyphy/ptII/ptolemy/domains/continuous/test/auto/CausalityInterface13.xml
5 ms. Memory: 211968K Free: 91678K (43%)
----------------- Invoking toplevel() on ptolemy.moml.MoMLSimpleApplication@3c5defe7
----------------- Done invoking toplevel() on ptolemy.moml.MoMLSimpleApplication@3c5defe7
reloadAllAccessors: .CausalityInterface13

===========================================================================================
----------------- testing Thu Oct 24 06:04:00 UTC 2019 /home/travis/build/icyphy/ptII/ptolemy/domains/continuous/test/auto/CausalityInterface14.xml
----------------- Instantiating /home/travis/build/icyphy/ptII/ptolemy/domains/continuous/test/auto/CausalityInterface14.xml
3 ms. Memory: 211968K Free: 86062K (41%)
----------------- Invoking toplevel() on ptolemy.moml.MoMLSimpleApplication@7b76b72a
----------------- Done invoking toplevel() on ptolemy.moml.MoMLSimpleApplication@7b76b72a
reloadAllAccessors: .CausalityInterface14

===========================================================================================
----------------- testing Thu Oct 24 06:04:00 UTC 2019 /home/travis/build/icyphy/ptII/ptolemy/domains/continuous/test/auto/CausalityInterface4.xml
----------------- Instantiating /home/travis/build/icyphy/ptII/ptolemy/domains/continuous/test/auto/CausalityInterface4.xml
4 ms. Memory: 211968K Free: 78894K (37%)
----------------- Invoking toplevel() on ptolemy.moml.MoMLSimpleApplication@7ffdab4b
----------------- Done invoking toplevel() on ptolemy.moml.MoMLSimpleApplication@7ffdab4b
reloadAllAccessors: .CausalityInterface4

===========================================================================================
----------------- testing Thu Oct 24 06:04:00 UTC 2019 /home/travis/build/icyphy/ptII/ptolemy/domains/continuous/test/auto/CausalityInterface5.xml
----------------- Instantiating /home/travis/build/icyphy/ptII/ptolemy/domains/continuous/test/auto/CausalityInterface5.xml
12 ms. Memory: 254976K Free: 238622K (94%)
----------------- Invoking toplevel() on ptolemy.moml.MoMLSimpleApplication@171c2242
----------------- Done invoking toplevel() on ptolemy.moml.MoMLSimpleApplication@171c2242
reloadAllAccessors: .CausalityInterface5

===========================================================================================
----------------- testing Thu Oct 24 06:04:00 UTC 2019 /home/travis/build/icyphy/ptII/ptolemy/domains/continuous/test/auto/CausalityInterface6.xml
----------------- Instantiating /home/travis/build/icyphy/ptII/ptolemy/domains/continuous/test/auto/CausalityInterface6.xml
5 ms. Memory: 254976K Free: 232992K (91%)
----------------- Invoking toplevel() on ptolemy.moml.MoMLSimpleApplication@124166a1
----------------- Done invoking toplevel() on ptolemy.moml.MoMLSimpleApplication@124166a1
reloadAllAccessors: .CausalityInterface6

===========================================================================================
----------------- testing Thu Oct 24 06:04:00 UTC 2019 /home/travis/build/icyphy/ptII/ptolemy/domains/continuous/test/auto/CausalityInterface7.xml
----------------- Instantiating /home/travis/build/icyphy/ptII/ptolemy/domains/continuous/test/auto/CausalityInterface7.xml
14 ms. Memory: 254976K Free: 224286K (88%)
----------------- Invoking toplevel() on ptolemy.moml.MoMLSimpleApplication@519a1331
----------------- Done invoking toplevel() on ptolemy.moml.MoMLSimpleApplication@519a1331
reloadAllAccessors: .CausalityInterface7

===========================================================================================
----------------- testing Thu Oct 24 06:04:00 UTC 2019 /home/travis/build/icyphy/ptII/ptolemy/domains/continuous/test/auto/CausalityInterface8.xml
----------------- Instantiating /home/travis/build/icyphy/ptII/ptolemy/domains/continuous/test/auto/CausalityInterface8.xml
8 ms. Memory: 254976K Free: 215070K (84%)
----------------- Invoking toplevel() on ptolemy.moml.MoMLSimpleApplication@44829851
----------------- Done invoking toplevel() on ptolemy.moml.MoMLSimpleApplication@44829851
reloadAllAccessors: .CausalityInterface8

===========================================================================================
----------------- testing Thu Oct 24 06:04:00 UTC 2019 /home/travis/build/icyphy/ptII/ptolemy/domains/continuous/test/auto/CausalityInterface9.xml
----------------- Instantiating /home/travis/build/icyphy/ptII/ptolemy/domains/continuous/test/auto/CausalityInterface9.xml
13 ms. Memory: 254976K Free: 204320K (80%)
----------------- Invoking toplevel() on ptolemy.moml.MoMLSimpleApplication@7985f4e8
----------------- Done invoking toplevel() on ptolemy.moml.MoMLSimpleApplication@7985f4e8
reloadAllAccessors: .CausalityInterface9

===========================================================================================
----------------- testing Thu Oct 24 06:04:00 UTC 2019 /home/travis/build/icyphy/ptII/ptolemy/domains/continuous/test/auto/CausalityInterfaceFeedback1.xml
----------------- Instantiating /home/travis/build/icyphy/ptII/ptolemy/domains/continuous/test/auto/CausalityInterfaceFeedback1.xml
9 ms. Memory: 254976K Free: 197632K (78%)
----------------- Invoking toplevel() on ptolemy.moml.MoMLSimpleApplication@6a93cfbb
----------------- Done invoking toplevel() on ptolemy.moml.MoMLSimpleApplication@6a93cfbb
reloadAllAccessors: .CausalityInterfaceFeedback1

===========================================================================================
----------------- testing Thu Oct 24 06:04:00 UTC 2019 /home/travis/build/icyphy/ptII/ptolemy/domains/continuous/test/auto/CausalityInterfaceFeedback2.xml
----------------- Instantiating /home/travis/build/icyphy/ptII/ptolemy/domains/continuous/test/auto/CausalityInterfaceFeedback2.xml
3 ms. Memory: 254976K Free: 191008K (75%)
----------------- Invoking toplevel() on ptolemy.moml.MoMLSimpleApplication@c9404cf
----------------- Done invoking toplevel() on ptolemy.moml.MoMLSimpleApplication@c9404cf
reloadAllAccessors: .CausalityInterfaceFeedback2

===========================================================================================
----------------- testing Thu Oct 24 06:04:00 UTC 2019 /home/travis/build/icyphy/ptII/ptolemy/domains/continuous/test/auto/CompareWithCurrentTime.xml
----------------- Instantiating /home/travis/build/icyphy/ptII/ptolemy/domains/continuous/test/auto/CompareWithCurrentTime.xml
4 ms. Memory: 254976K Free: 186912K (73%)
----------------- Invoking toplevel() on ptolemy.moml.MoMLSimpleApplication@60ccbede
----------------- Done invoking toplevel() on ptolemy.moml.MoMLSimpleApplication@60ccbede
reloadAllAccessors: .CompareWithCurrentTime

===========================================================================================
----------------- testing Thu Oct 24 06:04:00 UTC 2019 /home/travis/build/icyphy/ptII/ptolemy/domains/continuous/test/auto/ComparedClocks.xml
----------------- Instantiating /home/travis/build/icyphy/ptII/ptolemy/domains/continuous/test/auto/ComparedClocks.xml
17 ms. Memory: 254976K Free: 171552K (67%)
----------------- Invoking toplevel() on ptolemy.moml.MoMLSimpleApplication@25f4fdcf
----------------- Done invoking toplevel() on ptolemy.moml.MoMLSimpleApplication@25f4fdcf
reloadAllAccessors: .ComparedClocks

===========================================================================================
----------------- testing Thu Oct 24 06:04:00 UTC 2019 /home/travis/build/icyphy/ptII/ptolemy/domains/continuous/test/auto/ContinuousAOCClone.xml
----------------- Instantiating /home/travis/build/icyphy/ptII/ptolemy/domains/continuous/test/auto/ContinuousAOCClone.xml
2742 ms. Memory: 254976K Free: 106154K (42%)
----------------- Invoking toplevel() on ptolemy.moml.MoMLSimpleApplication@7813988
----------------- Done invoking toplevel() on ptolemy.moml.MoMLSimpleApplication@7813988
reloadAllAccessors: .ContinuousAOCClone

===========================================================================================
----------------- testing Thu Oct 24 06:04:03 UTC 2019 /home/travis/build/icyphy/ptII/ptolemy/domains/continuous/test/auto/ContinuousClock.xml
----------------- Instantiating /home/travis/build/icyphy/ptII/ptolemy/domains/continuous/test/auto/ContinuousClock.xml
40 ms. Memory: 306176K Free: 287179K (94%)
----------------- Invoking toplevel() on ptolemy.moml.MoMLSimpleApplication@783618b2
----------------- Done invoking toplevel() on ptolemy.moml.MoMLSimpleApplication@783618b2
reloadAllAccessors: .ContinuousClock

===========================================================================================
----------------- testing Thu Oct 24 06:04:04 UTC 2019 /home/travis/build/icyphy/ptII/ptolemy/domains/continuous/test/auto/ContinuousInContinuous.xml
----------------- Instantiating /home/travis/build/icyphy/ptII/ptolemy/domains/continuous/test/auto/ContinuousInContinuous.xml
49 ms. Memory: 306176K Free: 263345K (86%)
----------------- Invoking toplevel() on ptolemy.moml.MoMLSimpleApplication@61d77f41
----------------- Done invoking toplevel() on ptolemy.moml.MoMLSimpleApplication@61d77f41
reloadAllAccessors: .ContinuousInContinuous

===========================================================================================
----------------- testing Thu Oct 24 06:04:04 UTC 2019 /home/travis/build/icyphy/ptII/ptolemy/domains/continuous/test/auto/ContinuousInContinuousInContinuous.xml
----------------- Instantiating /home/travis/build/icyphy/ptII/ptolemy/domains/continuous/test/auto/ContinuousInContinuousInContinuous.xml
8 ms. Memory: 306176K Free: 255663K (84%)
----------------- Invoking toplevel() on ptolemy.moml.MoMLSimpleApplication@787b9bb1
----------------- Done invoking toplevel() on ptolemy.moml.MoMLSimpleApplication@787b9bb1
reloadAllAccessors: .ContinuousInContinuousInContinuous

===========================================================================================
----------------- testing Thu Oct 24 06:04:04 UTC 2019 /home/travis/build/icyphy/ptII/ptolemy/domains/continuous/test/auto/ContinuousInDE.xml
----------------- Instantiating /home/travis/build/icyphy/ptII/ptolemy/domains/continuous/test/auto/ContinuousInDE.xml
117 ms. Memory: 306176K Free: 245423K (80%)
----------------- Invoking toplevel() on ptolemy.moml.MoMLSimpleApplication@39fc3b8
----------------- Done invoking toplevel() on ptolemy.moml.MoMLSimpleApplication@39fc3b8
reloadAllAccessors: .ContinuousInDE

===========================================================================================
----------------- testing Thu Oct 24 06:04:04 UTC 2019 /home/travis/build/icyphy/ptII/ptolemy/domains/continuous/test/auto/ContinuousInDE2.xml
----------------- Instantiating /home/travis/build/icyphy/ptII/ptolemy/domains/continuous/test/auto/ContinuousInDE2.xml
48 ms. Memory: 306176K Free: 236207K (77%)
----------------- Invoking toplevel() on ptolemy.moml.MoMLSimpleApplication@b8f15b9
----------------- Done invoking toplevel() on ptolemy.moml.MoMLSimpleApplication@b8f15b9
reloadAllAccessors: .ContinuousInDE2

===========================================================================================
----------------- testing Thu Oct 24 06:04:04 UTC 2019 /home/travis/build/icyphy/ptII/ptolemy/domains/continuous/test/auto/ContinuousInDE3.xml
----------------- Instantiating /home/travis/build/icyphy/ptII/ptolemy/domains/continuous/test/auto/ContinuousInDE3.xml
43 ms. Memory: 306176K Free: 226481K (74%)
----------------- Invoking toplevel() on ptolemy.moml.MoMLSimpleApplication@15df73e4
----------------- Done invoking toplevel() on ptolemy.moml.MoMLSimpleApplication@15df73e4
reloadAllAccessors: .ContinuousInDE3

===========================================================================================
----------------- testing Thu Oct 24 06:04:04 UTC 2019 /home/travis/build/icyphy/ptII/ptolemy/domains/continuous/test/auto/ContinuousInDE4.xml
----------------- Instantiating /home/travis/build/icyphy/ptII/ptolemy/domains/continuous/test/auto/ContinuousInDE4.xml
17 ms. Memory: 306176K Free: 220337K (72%)
----------------- Invoking toplevel() on ptolemy.moml.MoMLSimpleApplication@1f1df2b6
----------------- Done invoking toplevel() on ptolemy.moml.MoMLSimpleApplication@1f1df2b6
reloadAllAccessors: .ContinuousInDE4

===========================================================================================
----------------- testing Thu Oct 24 06:04:04 UTC 2019 /home/travis/build/icyphy/ptII/ptolemy/domains/continuous/test/auto/ContinuousInDEDifferentRefinements.xml
----------------- Instantiating /home/travis/build/icyphy/ptII/ptolemy/domains/continuous/test/auto/ContinuousInDEDifferentRefinements.xml
63 ms. Memory: 306176K Free: 189088K (62%)
----------------- Invoking toplevel() on ptolemy.moml.MoMLSimpleApplication@785d4fe
----------------- Done invoking toplevel() on ptolemy.moml.MoMLSimpleApplication@785d4fe
reloadAllAccessors: .ContinuousInDEDifferentRefinements

===========================================================================================
----------------- testing Thu Oct 24 06:04:04 UTC 2019 /home/travis/build/icyphy/ptII/ptolemy/domains/continuous/test/auto/ContinuousInDEDifferentRefinementsPreemptive.xml
----------------- Instantiating /home/travis/build/icyphy/ptII/ptolemy/domains/continuous/test/auto/ContinuousInDEDifferentRefinementsPreemptive.xml
45 ms. Memory: 306176K Free: 158368K (52%)
----------------- Invoking toplevel() on ptolemy.moml.MoMLSimpleApplication@620c167f
----------------- Done invoking toplevel() on ptolemy.moml.MoMLSimpleApplication@620c167f
reloadAllAccessors: .ContinuousInDEDifferentRefinementsPreemptive

===========================================================================================
----------------- testing Thu Oct 24 06:04:04 UTC 2019 /home/travis/build/icyphy/ptII/ptolemy/domains/continuous/test/auto/ContinuousInDEInContinuous2.xml
----------------- Instantiating /home/travis/build/icyphy/ptII/ptolemy/domains/continuous/test/auto/ContinuousInDEInContinuous2.xml
41 ms. Memory: 306176K Free: 147119K (48%)
----------------- Invoking toplevel() on ptolemy.moml.MoMLSimpleApplication@2c0ad0f2
----------------- Done invoking toplevel() on ptolemy.moml.MoMLSimpleApplication@2c0ad0f2
reloadAllAccessors: .ContinuousInDEInContinuous2

===========================================================================================
----------------- testing Thu Oct 24 06:04:04 UTC 2019 /home/travis/build/icyphy/ptII/ptolemy/domains/continuous/test/auto/ContinuousInDEInContinuous3.xml
----------------- Instantiating /home/travis/build/icyphy/ptII/ptolemy/domains/continuous/test/auto/ContinuousInDEInContinuous3.xml
36 ms. Memory: 306176K Free: 134831K (44%)
----------------- Invoking toplevel() on ptolemy.moml.MoMLSimpleApplication@248c38ba
----------------- Done invoking toplevel() on ptolemy.moml.MoMLSimpleApplication@248c38ba
reloadAllAccessors: .ContinuousInDEInContinuous3

===========================================================================================
----------------- testing Thu Oct 24 06:04:04 UTC 2019 /home/travis/build/icyphy/ptII/ptolemy/domains/continuous/test/auto/ContinuousInDEInput.xml
----------------- Instantiating /home/travis/build/icyphy/ptII/ptolemy/domains/continuous/test/auto/ContinuousInDEInput.xml
16 ms. Memory: 306176K Free: 127663K (42%)
----------------- Invoking toplevel() on ptolemy.moml.MoMLSimpleApplication@407f65e0
----------------- Done invoking toplevel() on ptolemy.moml.MoMLSimpleApplication@407f65e0
reloadAllAccessors: .ContinuousInDEInput

===========================================================================================
----------------- testing Thu Oct 24 06:04:04 UTC 2019 /home/travis/build/icyphy/ptII/ptolemy/domains/continuous/test/auto/ContinuousInDEInput2.xml
----------------- Instantiating /home/travis/build/icyphy/ptII/ptolemy/domains/continuous/test/auto/ContinuousInDEInput2.xml
17 ms. Memory: 306176K Free: 119985K (39%)
----------------- Invoking toplevel() on ptolemy.moml.MoMLSimpleApplication@24e599f
----------------- Done invoking toplevel() on ptolemy.moml.MoMLSimpleApplication@24e599f
reloadAllAccessors: .ContinuousInDEInput2

===========================================================================================
----------------- testing Thu Oct 24 06:04:04 UTC 2019 /home/travis/build/icyphy/ptII/ptolemy/domains/continuous/test/auto/ContinuousInDEInput3.xml
----------------- Instantiating /home/travis/build/icyphy/ptII/ptolemy/domains/continuous/test/auto/ContinuousInDEInput3.xml
16 ms. Memory: 306176K Free: 112817K (37%)
----------------- Invoking toplevel() on ptolemy.moml.MoMLSimpleApplication@3856094c
----------------- Done invoking toplevel() on ptolemy.moml.MoMLSimpleApplication@3856094c
reloadAllAccessors: .ContinuousInDEInput3

===========================================================================================
----------------- testing Thu Oct 24 06:04:04 UTC 2019 /home/travis/build/icyphy/ptII/ptolemy/domains/continuous/test/auto/ContinuousInDESharingRefinement.xml
----------------- Instantiating /home/travis/build/icyphy/ptII/ptolemy/domains/continuous/test/auto/ContinuousInDESharingRefinement.xml
152 ms. Memory: 306176K Free: 200974K (66%)
----------------- Invoking toplevel() on ptolemy.moml.MoMLSimpleApplication@1e98fa96
----------------- Done invoking toplevel() on ptolemy.moml.MoMLSimpleApplication@1e98fa96
reloadAllAccessors: .ContinuousInDESharingRefinement

===========================================================================================
----------------- testing Thu Oct 24 06:04:05 UTC 2019 /home/travis/build/icyphy/ptII/ptolemy/domains/continuous/test/auto/ContinuousInDEwithNoPorts.xml
----------------- Instantiating /home/travis/build/icyphy/ptII/ptolemy/domains/continuous/test/auto/ContinuousInDEwithNoPorts.xml
6 ms. Memory: 306176K Free: 196350K (64%)
----------------- Invoking toplevel() on ptolemy.moml.MoMLSimpleApplication@ed47d72
----------------- Done invoking toplevel() on ptolemy.moml.MoMLSimpleApplication@ed47d72
reloadAllAccessors: .ContinuousInDEwithNoPorts

===========================================================================================
----------------- testing Thu Oct 24 06:04:05 UTC 2019 /home/travis/build/icyphy/ptII/ptolemy/domains/continuous/test/auto/ContinuousInsideDE.xml
----------------- Instantiating /home/travis/build/icyphy/ptII/ptolemy/domains/continuous/test/auto/ContinuousInsideDE.xml
33 ms. Memory: 306176K Free: 185100K (60%)
----------------- Invoking toplevel() on ptolemy.moml.MoMLSimpleApplication@6f862fb0
----------------- Done invoking toplevel() on ptolemy.moml.MoMLSimpleApplication@6f862fb0
reloadAllAccessors: .ContinuousInsideDE

===========================================================================================
----------------- testing Thu Oct 24 06:04:05 UTC 2019 /home/travis/build/icyphy/ptII/ptolemy/domains/continuous/test/auto/ContinuousMerge1.xml
----------------- Instantiating /home/travis/build/icyphy/ptII/ptolemy/domains/continuous/test/auto/ContinuousMerge1.xml
3 ms. Memory: 306176K Free: 180494K (59%)
----------------- Invoking toplevel() on ptolemy.moml.MoMLSimpleApplication@12d02ae
----------------- Done invoking toplevel() on ptolemy.moml.MoMLSimpleApplication@12d02ae
reloadAllAccessors: .ContinuousMerge1

===========================================================================================
----------------- testing Thu Oct 24 06:04:05 UTC 2019 /home/travis/build/icyphy/ptII/ptolemy/domains/continuous/test/auto/ContinuousMerge2.xml
----------------- Instantiating /home/travis/build/icyphy/ptII/ptolemy/domains/continuous/test/auto/ContinuousMerge2.xml
14 ms. Memory: 306176K Free: 170254K (56%)
----------------- Invoking toplevel() on ptolemy.moml.MoMLSimpleApplication@4b113e0e
----------------- Done invoking toplevel() on ptolemy.moml.MoMLSimpleApplication@4b113e0e
reloadAllAccessors: .ContinuousMerge2

===========================================================================================
----------------- testing Thu Oct 24 06:04:05 UTC 2019 /home/travis/build/icyphy/ptII/ptolemy/domains/continuous/test/auto/ContinuousMerge3.xml
----------------- Instantiating /home/travis/build/icyphy/ptII/ptolemy/domains/continuous/test/auto/ContinuousMerge3.xml
38 ms. Memory: 306176K Free: 159500K (52%)
----------------- Invoking toplevel() on ptolemy.moml.MoMLSimpleApplication@62221182
----------------- Done invoking toplevel() on ptolemy.moml.MoMLSimpleApplication@62221182
reloadAllAccessors: .ContinuousMerge3

===========================================================================================
----------------- testing Thu Oct 24 06:04:05 UTC 2019 /home/travis/build/icyphy/ptII/ptolemy/domains/continuous/test/auto/ContinuousWithinContinuous.xml
----------------- Instantiating /home/travis/build/icyphy/ptII/ptolemy/domains/continuous/test/auto/ContinuousWithinContinuous.xml
33 ms. Memory: 306176K Free: 150798K (49%)
----------------- Invoking toplevel() on ptolemy.moml.MoMLSimpleApplication@6241dae4
----------------- Done invoking toplevel() on ptolemy.moml.MoMLSimpleApplication@6241dae4
reloadAllAccessors: .ContinuousWithinContinuous

===========================================================================================
----------------- testing Thu Oct 24 06:04:05 UTC 2019 /home/travis/build/icyphy/ptII/ptolemy/domains/continuous/test/auto/ContinuousWithinContinuous2.xml
----------------- Instantiating /home/travis/build/icyphy/ptII/ptolemy/domains/continuous/test/auto/ContinuousWithinContinuous2.xml
65 ms. Memory: 306176K Free: 140044K (46%)
----------------- Invoking toplevel() on ptolemy.moml.MoMLSimpleApplication@58e623f1
----------------- Done invoking toplevel() on ptolemy.moml.MoMLSimpleApplication@58e623f1
reloadAllAccessors: .ContinuousWithinContinuous2

===========================================================================================
----------------- testing Thu Oct 24 06:04:05 UTC 2019 /home/travis/build/icyphy/ptII/ptolemy/domains/continuous/test/auto/ContinuousWithinContinuous3.xml
----------------- Instantiating /home/travis/build/icyphy/ptII/ptolemy/domains/continuous/test/auto/ContinuousWithinContinuous3.xml
16 ms. Memory: 306176K Free: 133390K (44%)
----------------- Invoking toplevel() on ptolemy.moml.MoMLSimpleApplication@5546d6d0
----------------- Done invoking toplevel() on ptolemy.moml.MoMLSimpleApplication@5546d6d0
reloadAllAccessors: .ContinuousWithinContinuous3

===========================================================================================
----------------- testing Thu Oct 24 06:04:05 UTC 2019 /home/travis/build/icyphy/ptII/ptolemy/domains/continuous/test/auto/ContinuousWithinContinuous4.xml
----------------- Instantiating /home/travis/build/icyphy/ptII/ptolemy/domains/continuous/test/auto/ContinuousWithinContinuous4.xml
67 ms. Memory: 306176K Free: 121102K (40%)
----------------- Invoking toplevel() on ptolemy.moml.MoMLSimpleApplication@5ee4ae41
----------------- Done invoking toplevel() on ptolemy.moml.MoMLSimpleApplication@5ee4ae41
reloadAllAccessors: .ContinuousWithinContinuous4

===========================================================================================
----------------- testing Thu Oct 24 06:04:05 UTC 2019 /home/travis/build/icyphy/ptII/ptolemy/domains/continuous/test/auto/ContinuousWithinContinuous5.xml
----------------- Instantiating /home/travis/build/icyphy/ptII/ptolemy/domains/continuous/test/auto/ContinuousWithinContinuous5.xml
12 ms. Memory: 306176K Free: 113934K (37%)
----------------- Invoking toplevel() on ptolemy.moml.MoMLSimpleApplication@6dbe35a0
----------------- Done invoking toplevel() on ptolemy.moml.MoMLSimpleApplication@6dbe35a0
reloadAllAccessors: .ContinuousWithinContinuous5

===========================================================================================
----------------- testing Thu Oct 24 06:04:05 UTC 2019 /home/travis/build/icyphy/ptII/ptolemy/domains/continuous/test/auto/ContinuousWithinContinuous6.xml
----------------- Instantiating /home/travis/build/icyphy/ptII/ptolemy/domains/continuous/test/auto/ContinuousWithinContinuous6.xml
11 ms. Memory: 306176K Free: 289095K (94%)
----------------- Invoking toplevel() on ptolemy.moml.MoMLSimpleApplication@115d1319
----------------- Done invoking toplevel() on ptolemy.moml.MoMLSimpleApplication@115d1319
reloadAllAccessors: .ContinuousWithinContinuous6

===========================================================================================
----------------- testing Thu Oct 24 06:04:05 UTC 2019 /home/travis/build/icyphy/ptII/ptolemy/domains/continuous/test/auto/ContinuousWithinContinuous7.xml
----------------- Instantiating /home/travis/build/icyphy/ptII/ptolemy/domains/continuous/test/auto/ContinuousWithinContinuous7.xml
55 ms. Memory: 306176K Free: 278341K (91%)
----------------- Invoking toplevel() on ptolemy.moml.MoMLSimpleApplication@10422cab
----------------- Done invoking toplevel() on ptolemy.moml.MoMLSimpleApplication@10422cab
reloadAllAccessors: .ContinuousWithinContinuous7

===========================================================================================
----------------- testing Thu Oct 24 06:04:05 UTC 2019 /home/travis/build/icyphy/ptII/ptolemy/domains/continuous/test/auto/DCMotor.xml
----------------- Instantiating /home/travis/build/icyphy/ptII/ptolemy/domains/continuous/test/auto/DCMotor.xml
13402 ms. Memory: 306176K Free: 141621K (46%)
----------------- Invoking toplevel() on ptolemy.moml.MoMLSimpleApplication@7079e06c
----------------- Done invoking toplevel() on ptolemy.moml.MoMLSimpleApplication@7079e06c
reloadAllAccessors: .DCMotor

===========================================================================================
----------------- testing Thu Oct 24 06:04:19 UTC 2019 /home/travis/build/icyphy/ptII/ptolemy/domains/continuous/test/auto/DEInContinuous.xml
----------------- Instantiating /home/travis/build/icyphy/ptII/ptolemy/domains/continuous/test/auto/DEInContinuous.xml
12 ms. Memory: 306176K Free: 135507K (44%)
----------------- Invoking toplevel() on ptolemy.moml.MoMLSimpleApplication@60d1dd44
----------------- Done invoking toplevel() on ptolemy.moml.MoMLSimpleApplication@60d1dd44
reloadAllAccessors: .DEInContinuous

===========================================================================================
----------------- testing Thu Oct 24 06:04:19 UTC 2019 /home/travis/build/icyphy/ptII/ptolemy/domains/continuous/test/auto/DEinContinuous2.xml
----------------- Instantiating /home/travis/build/icyphy/ptII/ptolemy/domains/continuous/test/auto/DEinContinuous2.xml
6 ms. Memory: 306176K Free: 127829K (42%)
----------------- Invoking toplevel() on ptolemy.moml.MoMLSimpleApplication@5f3f156a
----------------- Done invoking toplevel() on ptolemy.moml.MoMLSimpleApplication@5f3f156a
reloadAllAccessors: .DEinContinuous2

===========================================================================================
----------------- testing Thu Oct 24 06:04:19 UTC 2019 /home/travis/build/icyphy/ptII/ptolemy/domains/continuous/test/auto/Derivative.xml
----------------- Instantiating /home/travis/build/icyphy/ptII/ptolemy/domains/continuous/test/auto/Derivative.xml
168 ms. Memory: 306176K Free: 280111K (91%)
----------------- Invoking toplevel() on ptolemy.moml.MoMLSimpleApplication@49c19ec9
----------------- Done invoking toplevel() on ptolemy.moml.MoMLSimpleApplication@49c19ec9
reloadAllAccessors: .Derivative2

===========================================================================================
----------------- testing Thu Oct 24 06:04:19 UTC 2019 /home/travis/build/icyphy/ptII/ptolemy/domains/continuous/test/auto/Derivative1.xml
----------------- Instantiating /home/travis/build/icyphy/ptII/ptolemy/domains/continuous/test/auto/Derivative1.xml
28 ms. Memory: 306176K Free: 265582K (87%)
----------------- Invoking toplevel() on ptolemy.moml.MoMLSimpleApplication@11b117aa
----------------- Done invoking toplevel() on ptolemy.moml.MoMLSimpleApplication@11b117aa
reloadAllAccessors: .Derivative1

===========================================================================================
----------------- testing Thu Oct 24 06:04:19 UTC 2019 /home/travis/build/icyphy/ptII/ptolemy/domains/continuous/test/auto/DiscreteClock.xml
----------------- Instantiating /home/travis/build/icyphy/ptII/ptolemy/domains/continuous/test/auto/DiscreteClock.xml
4 ms. Memory: 306176K Free: 260462K (85%)
----------------- Invoking toplevel() on ptolemy.moml.MoMLSimpleApplication@2b65ce0b
----------------- Done invoking toplevel() on ptolemy.moml.MoMLSimpleApplication@2b65ce0b
reloadAllAccessors: .DiscreteClock

===========================================================================================
----------------- testing Thu Oct 24 06:04:19 UTC 2019 /home/travis/build/icyphy/ptII/ptolemy/domains/continuous/test/auto/EfficiencyCurve.xml
----------------- Instantiating /home/travis/build/icyphy/ptII/ptolemy/domains/continuous/test/auto/EfficiencyCurve.xml
45 ms. Memory: 306176K Free: 251246K (82%)
----------------- Invoking toplevel() on ptolemy.moml.MoMLSimpleApplication@18a3b41a
----------------- Done invoking toplevel() on ptolemy.moml.MoMLSimpleApplication@18a3b41a
reloadAllAccessors: .EfficiencyCurve

===========================================================================================
----------------- testing Thu Oct 24 06:04:19 UTC 2019 /home/travis/build/icyphy/ptII/ptolemy/domains/continuous/test/auto/ExponentialResponse.xml
----------------- Instantiating /home/travis/build/icyphy/ptII/ptolemy/domains/continuous/test/auto/ExponentialResponse.xml
110 ms. Memory: 306176K Free: 235372K (77%)
----------------- Invoking toplevel() on ptolemy.moml.MoMLSimpleApplication@33a8f1aa
----------------- Done invoking toplevel() on ptolemy.moml.MoMLSimpleApplication@33a8f1aa
reloadAllAccessors: .ExponentialResponse

===========================================================================================
----------------- testing Thu Oct 24 06:04:19 UTC 2019 /home/travis/build/icyphy/ptII/ptolemy/domains/continuous/test/auto/ExponentialResponseRK45.xml
----------------- Instantiating /home/travis/build/icyphy/ptII/ptolemy/domains/continuous/test/auto/ExponentialResponseRK45.xml
24 ms. Memory: 306176K Free: 228718K (75%)
----------------- Invoking toplevel() on ptolemy.moml.MoMLSimpleApplication@219838b2
----------------- Done invoking toplevel() on ptolemy.moml.MoMLSimpleApplication@219838b2
reloadAllAccessors: .ExponentialResponseRK45

===========================================================================================
----------------- testing Thu Oct 24 06:04:19 UTC 2019 /home/travis/build/icyphy/ptII/ptolemy/domains/continuous/test/auto/Friction.xml
----------------- Instantiating /home/travis/build/icyphy/ptII/ptolemy/domains/continuous/test/auto/Friction.xml
1552 ms. Memory: 306176K Free: 170235K (56%)
----------------- Invoking toplevel() on ptolemy.moml.MoMLSimpleApplication@455b142d
----------------- Done invoking toplevel() on ptolemy.moml.MoMLSimpleApplication@455b142d
reloadAllAccessors: .Friction

===========================================================================================
----------------- testing Thu Oct 24 06:04:21 UTC 2019 /home/travis/build/icyphy/ptII/ptolemy/domains/continuous/test/auto/FurutaPendulum.xml
----------------- Instantiating /home/travis/build/icyphy/ptII/ptolemy/domains/continuous/test/auto/FurutaPendulum.xml
3688 ms. Memory: 306176K Free: 208113K (68%)
----------------- Invoking toplevel() on ptolemy.moml.MoMLSimpleApplication@2294696a
----------------- Done invoking toplevel() on ptolemy.moml.MoMLSimpleApplication@2294696a
reloadAllAccessors: .FurutaPendulum

===========================================================================================
----------------- testing Thu Oct 24 06:04:25 UTC 2019 /home/travis/build/icyphy/ptII/ptolemy/domains/continuous/test/auto/HierarchicalExecution.xml
----------------- Instantiating /home/travis/build/icyphy/ptII/ptolemy/domains/continuous/test/auto/HierarchicalExecution.xml
2110 ms. Memory: 306176K Free: 111715K (36%)
----------------- Invoking toplevel() on ptolemy.moml.MoMLSimpleApplication@180226e0
----------------- Done invoking toplevel() on ptolemy.moml.MoMLSimpleApplication@180226e0
reloadAllAccessors: .HierarchicalExecution

===========================================================================================
----------------- testing Thu Oct 24 06:04:27 UTC 2019 /home/travis/build/icyphy/ptII/ptolemy/domains/continuous/test/auto/HybridPlant.xml
----------------- Instantiating /home/travis/build/icyphy/ptII/ptolemy/domains/continuous/test/auto/HybridPlant.xml
534 ms. Memory: 306176K Free: 212126K (69%)
----------------- Invoking toplevel() on ptolemy.moml.MoMLSimpleApplication@6c4b043e
----------------- Done invoking toplevel() on ptolemy.moml.MoMLSimpleApplication@6c4b043e
reloadAllAccessors: .HybridPlant

===========================================================================================
----------------- testing Thu Oct 24 06:04:28 UTC 2019 /home/travis/build/icyphy/ptII/ptolemy/domains/continuous/test/auto/Hysteresis.xml
----------------- Instantiating /home/travis/build/icyphy/ptII/ptolemy/domains/continuous/test/auto/Hysteresis.xml
147 ms. Memory: 306176K Free: 150190K (49%)
----------------- Invoking toplevel() on ptolemy.moml.MoMLSimpleApplication@3fb600f4
----------------- Done invoking toplevel() on ptolemy.moml.MoMLSimpleApplication@3fb600f4
reloadAllAccessors: .Hysteresis

===========================================================================================
----------------- testing Thu Oct 24 06:04:28 UTC 2019 /home/travis/build/icyphy/ptII/ptolemy/domains/continuous/test/auto/HysteresisWithRandomDelay.xml
----------------- Instantiating /home/travis/build/icyphy/ptII/ptolemy/domains/continuous/test/auto/HysteresisWithRandomDelay.xml
189 ms. Memory: 306176K Free: 259989K (85%)
----------------- Invoking toplevel() on ptolemy.moml.MoMLSimpleApplication@b378ab8
----------------- Done invoking toplevel() on ptolemy.moml.MoMLSimpleApplication@b378ab8
reloadAllAccessors: .HysteresisWithRandomDelay

===========================================================================================
----------------- testing Thu Oct 24 06:04:28 UTC 2019 /home/travis/build/icyphy/ptII/ptolemy/domains/continuous/test/auto/HysteresisWithRandomLosses.xml
----------------- Instantiating /home/travis/build/icyphy/ptII/ptolemy/domains/continuous/test/auto/HysteresisWithRandomLosses.xml
2446 ms. Memory: 306176K Free: 248841K (81%)
----------------- Invoking toplevel() on ptolemy.moml.MoMLSimpleApplication@33e7d5e0
----------------- Done invoking toplevel() on ptolemy.moml.MoMLSimpleApplication@33e7d5e0
reloadAllAccessors: .HysteresisWithRandomLosses

===========================================================================================
----------------- testing Thu Oct 24 06:04:31 UTC 2019 /home/travis/build/icyphy/ptII/ptolemy/domains/continuous/test/auto/ImmediateTransitions.xml
----------------- Instantiating /home/travis/build/icyphy/ptII/ptolemy/domains/continuous/test/auto/ImmediateTransitions.xml
10 ms. Memory: 306176K Free: 238105K (78%)
----------------- Invoking toplevel() on ptolemy.moml.MoMLSimpleApplication@392c1306
----------------- Done invoking toplevel() on ptolemy.moml.MoMLSimpleApplication@392c1306
reloadAllAccessors: .ImmediateTransitions

===========================================================================================
----------------- testing Thu Oct 24 06:04:31 UTC 2019 /home/travis/build/icyphy/ptII/ptolemy/domains/continuous/test/auto/ImpulseFeedback.xml
----------------- Instantiating /home/travis/build/icyphy/ptII/ptolemy/domains/continuous/test/auto/ImpulseFeedback.xml
10 ms. Memory: 306176K Free: 232471K (76%)
----------------- Invoking toplevel() on ptolemy.moml.MoMLSimpleApplication@27f9338a
----------------- Done invoking toplevel() on ptolemy.moml.MoMLSimpleApplication@27f9338a
reloadAllAccessors: .ImpulseFeedback

===========================================================================================
----------------- testing Thu Oct 24 06:04:31 UTC 2019 /home/travis/build/icyphy/ptII/ptolemy/domains/continuous/test/auto/ImpulseFeedback2.xml
----------------- Instantiating /home/travis/build/icyphy/ptII/ptolemy/domains/continuous/test/auto/ImpulseFeedback2.xml
6 ms. Memory: 306176K Free: 226841K (74%)
----------------- Invoking toplevel() on ptolemy.moml.MoMLSimpleApplication@179dcde0
----------------- Done invoking toplevel() on ptolemy.moml.MoMLSimpleApplication@179dcde0
reloadAllAccessors: .ImpulseFeedback2

===========================================================================================
----------------- testing Thu Oct 24 06:04:31 UTC 2019 /home/travis/build/icyphy/ptII/ptolemy/domains/continuous/test/auto/IncreasingRatePoisson.xml
----------------- Instantiating /home/travis/build/icyphy/ptII/ptolemy/domains/continuous/test/auto/IncreasingRatePoisson.xml
705 ms. Memory: 306176K Free: 119180K (39%)
----------------- Invoking toplevel() on ptolemy.moml.MoMLSimpleApplication@71b4c94f
----------------- Done invoking toplevel() on ptolemy.moml.MoMLSimpleApplication@71b4c94f
reloadAllAccessors: .IncreasingRatePoisson

===========================================================================================
----------------- testing Thu Oct 24 06:04:32 UTC 2019 /home/travis/build/icyphy/ptII/ptolemy/domains/continuous/test/auto/InitialStateFeedback.xml
----------------- Instantiating /home/travis/build/icyphy/ptII/ptolemy/domains/continuous/test/auto/InitialStateFeedback.xml
5 ms. Memory: 306176K Free: 114604K (37%)
----------------- Invoking toplevel() on ptolemy.moml.MoMLSimpleApplication@6c0dcfaf
----------------- Done invoking toplevel() on ptolemy.moml.MoMLSimpleApplication@6c0dcfaf
reloadAllAccessors: .InitialStateFeedback

===========================================================================================
----------------- testing Thu Oct 24 06:04:32 UTC 2019 /home/travis/build/icyphy/ptII/ptolemy/domains/continuous/test/auto/Integration.xml
----------------- Instantiating /home/travis/build/icyphy/ptII/ptolemy/domains/continuous/test/auto/Integration.xml
4 ms. Memory: 306176K Free: 110508K (36%)
----------------- Invoking toplevel() on ptolemy.moml.MoMLSimpleApplication@31f2d1ca
----------------- Done invoking toplevel() on ptolemy.moml.MoMLSimpleApplication@31f2d1ca
reloadAllAccessors: .Integration

===========================================================================================
----------------- testing Thu Oct 24 06:04:32 UTC 2019 /home/travis/build/icyphy/ptII/ptolemy/domains/continuous/test/auto/Integration2.xml
----------------- Instantiating /home/travis/build/icyphy/ptII/ptolemy/domains/continuous/test/auto/Integration2.xml
84 ms. Memory: 306176K Free: 278600K (91%)
----------------- Invoking toplevel() on ptolemy.moml.MoMLSimpleApplication@12a648e2
----------------- Done invoking toplevel() on ptolemy.moml.MoMLSimpleApplication@12a648e2
reloadAllAccessors: .Integration2

===========================================================================================
----------------- testing Thu Oct 24 06:04:32 UTC 2019 /home/travis/build/icyphy/ptII/ptolemy/domains/continuous/test/auto/Integration3.xml
----------------- Instantiating /home/travis/build/icyphy/ptII/ptolemy/domains/continuous/test/auto/Integration3.xml
2 ms. Memory: 306176K Free: 273976K (89%)
----------------- Invoking toplevel() on ptolemy.moml.MoMLSimpleApplication@2a8b9f41
----------------- Done invoking toplevel() on ptolemy.moml.MoMLSimpleApplication@2a8b9f41
reloadAllAccessors: .Integration3

===========================================================================================
----------------- testing Thu Oct 24 06:04:32 UTC 2019 /home/travis/build/icyphy/ptII/ptolemy/domains/continuous/test/auto/Integration5.xml
----------------- Instantiating /home/travis/build/icyphy/ptII/ptolemy/domains/continuous/test/auto/Integration5.xml
2 ms. Memory: 306176K Free: 269894K (88%)
----------------- Invoking toplevel() on ptolemy.moml.MoMLSimpleApplication@7437dbbb
----------------- Done invoking toplevel() on ptolemy.moml.MoMLSimpleApplication@7437dbbb
reloadAllAccessors: .Integration5

===========================================================================================
----------------- testing Thu Oct 24 06:04:32 UTC 2019 /home/travis/build/icyphy/ptII/ptolemy/domains/continuous/test/auto/IntegratorImpulse.xml
----------------- Instantiating /home/travis/build/icyphy/ptII/ptolemy/domains/continuous/test/auto/IntegratorImpulse.xml
2 ms. Memory: 306176K Free: 265784K (87%)
----------------- Invoking toplevel() on ptolemy.moml.MoMLSimpleApplication@499bab2f
----------------- Done invoking toplevel() on ptolemy.moml.MoMLSimpleApplication@499bab2f
reloadAllAccessors: .IntegratorImpulse

===========================================================================================
----------------- testing Thu Oct 24 06:04:32 UTC 2019 /home/travis/build/icyphy/ptII/ptolemy/domains/continuous/test/auto/IntegratorImpulse2.xml
----------------- Instantiating /home/travis/build/icyphy/ptII/ptolemy/domains/continuous/test/auto/IntegratorImpulse2.xml
4 ms. Memory: 306176K Free: 261192K (85%)
----------------- Invoking toplevel() on ptolemy.moml.MoMLSimpleApplication@fc041b1
----------------- Done invoking toplevel() on ptolemy.moml.MoMLSimpleApplication@fc041b1
reloadAllAccessors: .IntegratorImpulse2

===========================================================================================
----------------- testing Thu Oct 24 06:04:32 UTC 2019 /home/travis/build/icyphy/ptII/ptolemy/domains/continuous/test/auto/LevelCrossing1.xml
----------------- Instantiating /home/travis/build/icyphy/ptII/ptolemy/domains/continuous/test/auto/LevelCrossing1.xml
3 ms. Memory: 306176K Free: 256072K (84%)
----------------- Invoking toplevel() on ptolemy.moml.MoMLSimpleApplication@4ca288c
----------------- Done invoking toplevel() on ptolemy.moml.MoMLSimpleApplication@4ca288c
reloadAllAccessors: .LevelCrossing1

===========================================================================================
----------------- testing Thu Oct 24 06:04:32 UTC 2019 /home/travis/build/icyphy/ptII/ptolemy/domains/continuous/test/auto/LevelCrossing2.xml
----------------- Instantiating /home/travis/build/icyphy/ptII/ptolemy/domains/continuous/test/auto/LevelCrossing2.xml
4 ms. Memory: 306176K Free: 250952K (82%)
----------------- Invoking toplevel() on ptolemy.moml.MoMLSimpleApplication@32d100de
----------------- Done invoking toplevel() on ptolemy.moml.MoMLSimpleApplication@32d100de
reloadAllAccessors: .LevelCrossing2

===========================================================================================
----------------- testing Thu Oct 24 06:04:32 UTC 2019 /home/travis/build/icyphy/ptII/ptolemy/domains/continuous/test/auto/LevelCrossing3.xml
----------------- Instantiating /home/travis/build/icyphy/ptII/ptolemy/domains/continuous/test/auto/LevelCrossing3.xml
3 ms. Memory: 306176K Free: 245832K (80%)
----------------- Invoking toplevel() on ptolemy.moml.MoMLSimpleApplication@77d1fb44
----------------- Done invoking toplevel() on ptolemy.moml.MoMLSimpleApplication@77d1fb44
reloadAllAccessors: .LevelCrossing3

===========================================================================================
----------------- testing Thu Oct 24 06:04:32 UTC 2019 /home/travis/build/icyphy/ptII/ptolemy/domains/continuous/test/auto/LevelCrossing4.xml
----------------- Instantiating /home/travis/build/icyphy/ptII/ptolemy/domains/continuous/test/auto/LevelCrossing4.xml
3 ms. Memory: 306176K Free: 240712K (79%)
----------------- Invoking toplevel() on ptolemy.moml.MoMLSimpleApplication@4cdafd22
----------------- Done invoking toplevel() on ptolemy.moml.MoMLSimpleApplication@4cdafd22
reloadAllAccessors: .LevelCrossing4

===========================================================================================
----------------- testing Thu Oct 24 06:04:32 UTC 2019 /home/travis/build/icyphy/ptII/ptolemy/domains/continuous/test/auto/LevelCrossing5.xml
----------------- Instantiating /home/travis/build/icyphy/ptII/ptolemy/domains/continuous/test/auto/LevelCrossing5.xml
3 ms. Memory: 306176K Free: 235592K (77%)
----------------- Invoking toplevel() on ptolemy.moml.MoMLSimpleApplication@7e7f62c
----------------- Done invoking toplevel() on ptolemy.moml.MoMLSimpleApplication@7e7f62c
reloadAllAccessors: .LevelCrossing5

===========================================================================================
----------------- testing Thu Oct 24 06:04:32 UTC 2019 /home/travis/build/icyphy/ptII/ptolemy/domains/continuous/test/auto/LevelCrossing6.xml
----------------- Instantiating /home/travis/build/icyphy/ptII/ptolemy/domains/continuous/test/auto/LevelCrossing6.xml
3 ms. Memory: 306176K Free: 230472K (75%)
----------------- Invoking toplevel() on ptolemy.moml.MoMLSimpleApplication@393d8585
----------------- Done invoking toplevel() on ptolemy.moml.MoMLSimpleApplication@393d8585
reloadAllAccessors: .LevelCrossing6

===========================================================================================
----------------- testing Thu Oct 24 06:04:32 UTC 2019 /home/travis/build/icyphy/ptII/ptolemy/domains/continuous/test/auto/LevelCrossingDetector.xml
----------------- Instantiating /home/travis/build/icyphy/ptII/ptolemy/domains/continuous/test/auto/LevelCrossingDetector.xml
14 ms. Memory: 306176K Free: 220232K (72%)
----------------- Invoking toplevel() on ptolemy.moml.MoMLSimpleApplication@50c1769f
----------------- Done invoking toplevel() on ptolemy.moml.MoMLSimpleApplication@50c1769f
reloadAllAccessors: .LevelCrossingDetector

===========================================================================================
----------------- testing Thu Oct 24 06:04:32 UTC 2019 /home/travis/build/icyphy/ptII/ptolemy/domains/continuous/test/auto/LevelCrossingDetectorDetectingDirections.xml
----------------- Instantiating /home/travis/build/icyphy/ptII/ptolemy/domains/continuous/test/auto/LevelCrossingDetectorDetectingDirections.xml
48 ms. Memory: 306176K Free: 201286K (66%)
----------------- Invoking toplevel() on ptolemy.moml.MoMLSimpleApplication@65d3d85e
----------------- Done invoking toplevel() on ptolemy.moml.MoMLSimpleApplication@65d3d85e
reloadAllAccessors: .LevelCrossingDetectorDetectingDirections

===========================================================================================
----------------- testing Thu Oct 24 06:04:32 UTC 2019 /home/travis/build/icyphy/ptII/ptolemy/domains/continuous/test/auto/LevelCrossingDetectorDetectsGlitches.xml
----------------- Instantiating /home/travis/build/icyphy/ptII/ptolemy/domains/continuous/test/auto/LevelCrossingDetectorDetectsGlitches.xml
25 ms. Memory: 306176K Free: 179272K (59%)
----------------- Invoking toplevel() on ptolemy.moml.MoMLSimpleApplication@45da35c7
----------------- Done invoking toplevel() on ptolemy.moml.MoMLSimpleApplication@45da35c7
reloadAllAccessors: .LevelCrossingDetectorDetectsGlitches

===========================================================================================
----------------- testing Thu Oct 24 06:04:32 UTC 2019 /home/travis/build/icyphy/ptII/ptolemy/domains/continuous/test/auto/LevelCrossingNoInitialOuput.xml
----------------- Instantiating /home/travis/build/icyphy/ptII/ptolemy/domains/continuous/test/auto/LevelCrossingNoInitialOuput.xml
4 ms. Memory: 306176K Free: 174662K (57%)
----------------- Invoking toplevel() on ptolemy.moml.MoMLSimpleApplication@26cd5dbf
----------------- Done invoking toplevel() on ptolemy.moml.MoMLSimpleApplication@26cd5dbf
reloadAllAccessors: .LevelCrossingNoInitialOuput

===========================================================================================
----------------- testing Thu Oct 24 06:04:32 UTC 2019 /home/travis/build/icyphy/ptII/ptolemy/domains/continuous/test/auto/LinearStateSpaceExample.xml
----------------- Instantiating /home/travis/build/icyphy/ptII/ptolemy/domains/continuous/test/auto/LinearStateSpaceExample.xml
32 ms. Memory: 306176K Free: 166470K (54%)
----------------- Invoking toplevel() on ptolemy.moml.MoMLSimpleApplication@26d1ef73
----------------- Done invoking toplevel() on ptolemy.moml.MoMLSimpleApplication@26d1ef73
reloadAllAccessors: .LinearStateSpace_Example

===========================================================================================
----------------- testing Thu Oct 24 06:04:32 UTC 2019 /home/travis/build/icyphy/ptII/ptolemy/domains/continuous/test/auto/Lorenz.xml
----------------- Instantiating /home/travis/build/icyphy/ptII/ptolemy/domains/continuous/test/auto/Lorenz.xml
4081 ms. Memory: 306176K Free: 267469K (87%)
----------------- Invoking toplevel() on ptolemy.moml.MoMLSimpleApplication@29270863
----------------- Done invoking toplevel() on ptolemy.moml.MoMLSimpleApplication@29270863
reloadAllAccessors: .Lorenz

===========================================================================================
----------------- testing Thu Oct 24 06:04:37 UTC 2019 /home/travis/build/icyphy/ptII/ptolemy/domains/continuous/test/auto/LorenzDifferentialSystem.xml
----------------- Instantiating /home/travis/build/icyphy/ptII/ptolemy/domains/continuous/test/auto/LorenzDifferentialSystem.xml
989 ms. Memory: 306176K Free: 110797K (36%)
----------------- Invoking toplevel() on ptolemy.moml.MoMLSimpleApplication@189dbefe
----------------- Done invoking toplevel() on ptolemy.moml.MoMLSimpleApplication@189dbefe
reloadAllAccessors: .LorenzDifferentialSystem

===========================================================================================
----------------- testing Thu Oct 24 06:04:38 UTC 2019 /home/travis/build/icyphy/ptII/ptolemy/domains/continuous/test/auto/LorenzDifferentialSystemWithInput.xml
----------------- Instantiating /home/travis/build/icyphy/ptII/ptolemy/domains/continuous/test/auto/LorenzDifferentialSystemWithInput.xml
1473 ms. Memory: 306176K Free: 271744K (89%)
----------------- Invoking toplevel() on ptolemy.moml.MoMLSimpleApplication@3621525f
----------------- Done invoking toplevel() on ptolemy.moml.MoMLSimpleApplication@3621525f
reloadAllAccessors: .LorenzDifferentialSystemWithInput

===========================================================================================
----------------- testing Thu Oct 24 06:04:39 UTC 2019 /home/travis/build/icyphy/ptII/ptolemy/domains/continuous/test/auto/LorenzDifferentialSystemWithTime.xml
----------------- Instantiating /home/travis/build/icyphy/ptII/ptolemy/domains/continuous/test/auto/LorenzDifferentialSystemWithTime.xml
776 ms. Memory: 306176K Free: 157570K (51%)
----------------- Invoking toplevel() on ptolemy.moml.MoMLSimpleApplication@5249db08
----------------- Done invoking toplevel() on ptolemy.moml.MoMLSimpleApplication@5249db08
reloadAllAccessors: .LorenzDifferentialSystemWithTime

===========================================================================================
----------------- testing Thu Oct 24 06:04:40 UTC 2019 /home/travis/build/icyphy/ptII/ptolemy/domains/continuous/test/auto/Microsteps.xml
----------------- Instantiating /home/travis/build/icyphy/ptII/ptolemy/domains/continuous/test/auto/Microsteps.xml
6 ms. Memory: 306176K Free: 151426K (49%)
----------------- Invoking toplevel() on ptolemy.moml.MoMLSimpleApplication@5e21c46
----------------- Done invoking toplevel() on ptolemy.moml.MoMLSimpleApplication@5e21c46
reloadAllAccessors: .Microsteps

===========================================================================================
----------------- testing Thu Oct 24 06:04:40 UTC 2019 /home/travis/build/icyphy/ptII/ptolemy/domains/continuous/test/auto/Modal1.xml
----------------- Instantiating /home/travis/build/icyphy/ptII/ptolemy/domains/continuous/test/auto/Modal1.xml
15 ms. Memory: 306176K Free: 137600K (45%)
----------------- Invoking toplevel() on ptolemy.moml.MoMLSimpleApplication@c60bbc4
----------------- Done invoking toplevel() on ptolemy.moml.MoMLSimpleApplication@c60bbc4
reloadAllAccessors: .Modal1

===========================================================================================
----------------- testing Thu Oct 24 06:04:40 UTC 2019 /home/travis/build/icyphy/ptII/ptolemy/domains/continuous/test/auto/Modal2.xml
----------------- Instantiating /home/travis/build/icyphy/ptII/ptolemy/domains/continuous/test/auto/Modal2.xml
28 ms. Memory: 306176K Free: 122209K (40%)
----------------- Invoking toplevel() on ptolemy.moml.MoMLSimpleApplication@331107ac
----------------- Done invoking toplevel() on ptolemy.moml.MoMLSimpleApplication@331107ac
reloadAllAccessors: .Modal2

===========================================================================================
----------------- testing Thu Oct 24 06:04:40 UTC 2019 /home/travis/build/icyphy/ptII/ptolemy/domains/continuous/test/auto/ModalTransitionGuardWithReset.xml
----------------- Instantiating /home/travis/build/icyphy/ptII/ptolemy/domains/continuous/test/auto/ModalTransitionGuardWithReset.xml
14 ms. Memory: 306176K Free: 112000K (37%)
----------------- Invoking toplevel() on ptolemy.moml.MoMLSimpleApplication@192fbf6d
----------------- Done invoking toplevel() on ptolemy.moml.MoMLSimpleApplication@192fbf6d
reloadAllAccessors: .ModalTransitionGuardWithReset

===========================================================================================
----------------- testing Thu Oct 24 06:04:40 UTC 2019 /home/travis/build/icyphy/ptII/ptolemy/domains/continuous/test/auto/ModalTransitionGuardWithResetUsingPreemptiveTransition.xml
----------------- Instantiating /home/travis/build/icyphy/ptII/ptolemy/domains/continuous/test/auto/ModalTransitionGuardWithResetUsingPreemptiveTransition.xml
9 ms. Memory: 306176K Free: 283864K (93%)
----------------- Invoking toplevel() on ptolemy.moml.MoMLSimpleApplication@3ad1cb2a
----------------- Done invoking toplevel() on ptolemy.moml.MoMLSimpleApplication@3ad1cb2a
reloadAllAccessors: .ModalTransitionGuardWithResetUsingPreemptiveTransition

===========================================================================================
----------------- testing Thu Oct 24 06:04:40 UTC 2019 /home/travis/build/icyphy/ptII/ptolemy/domains/continuous/test/auto/ModalTransitionGuardWithResetUsingPreemptiveTransition2.xml
----------------- Instantiating /home/travis/build/icyphy/ptII/ptolemy/domains/continuous/test/auto/ModalTransitionGuardWithResetUsingPreemptiveTransition2.xml
15 ms. Memory: 306176K Free: 273128K (89%)
----------------- Invoking toplevel() on ptolemy.moml.MoMLSimpleApplication@39114de6
----------------- Done invoking toplevel() on ptolemy.moml.MoMLSimpleApplication@39114de6
reloadAllAccessors: .ModalTransitionGuardWithResetUsingPreemptiveTransition2

===========================================================================================
----------------- testing Thu Oct 24 06:04:40 UTC 2019 /home/travis/build/icyphy/ptII/ptolemy/domains/continuous/test/auto/ModalTransitionGuardWithResetUsingPreemptiveTransition3.xml
----------------- Instantiating /home/travis/build/icyphy/ptII/ptolemy/domains/continuous/test/auto/ModalTransitionGuardWithResetUsingPreemptiveTransition3.xml
10 ms. Memory: 306176K Free: 262374K (86%)
----------------- Invoking toplevel() on ptolemy.moml.MoMLSimpleApplication@127a0f93
----------------- Done invoking toplevel() on ptolemy.moml.MoMLSimpleApplication@127a0f93
reloadAllAccessors: .ModalTransitionGuardWithResetUsingPreemptiveTransition3

===========================================================================================
----------------- testing Thu Oct 24 06:04:40 UTC 2019 /home/travis/build/icyphy/ptII/ptolemy/domains/continuous/test/auto/NewtonsCradle.xml
----------------- Instantiating /home/travis/build/icyphy/ptII/ptolemy/domains/continuous/test/auto/NewtonsCradle.xml
737 ms. Memory: 306176K Free: 182068K (59%)
----------------- Invoking toplevel() on ptolemy.moml.MoMLSimpleApplication@10279d79
----------------- Done invoking toplevel() on ptolemy.moml.MoMLSimpleApplication@10279d79
reloadAllAccessors: .NewtonsCradle

===========================================================================================
----------------- testing Thu Oct 24 06:04:41 UTC 2019 /home/travis/build/icyphy/ptII/ptolemy/domains/continuous/test/auto/NewtonsCradleAnimated.xml
----------------- Instantiating /home/travis/build/icyphy/ptII/ptolemy/domains/continuous/test/auto/NewtonsCradleAnimated.xml
1244 ms. Memory: 306176K Free: 148331K (48%)
----------------- Invoking toplevel() on ptolemy.moml.MoMLSimpleApplication@2fbf38dd
----------------- Done invoking toplevel() on ptolemy.moml.MoMLSimpleApplication@2fbf38dd
reloadAllAccessors: .NewtonsCradleAnimated

===========================================================================================
----------------- testing Thu Oct 24 06:04:42 UTC 2019 /home/travis/build/icyphy/ptII/ptolemy/domains/continuous/test/auto/NewtonsCradleComplicated.xml
----------------- Instantiating /home/travis/build/icyphy/ptII/ptolemy/domains/continuous/test/auto/NewtonsCradleComplicated.xml
876 ms. Memory: 306176K Free: 272999K (89%)
----------------- Invoking toplevel() on ptolemy.moml.MoMLSimpleApplication@61768354
----------------- Done invoking toplevel() on ptolemy.moml.MoMLSimpleApplication@61768354
reloadAllAccessors: .NewtonsCradleComplicated

===========================================================================================
----------------- testing Thu Oct 24 06:04:43 UTC 2019 /home/travis/build/icyphy/ptII/ptolemy/domains/continuous/test/auto/NewtonsCradleNondeterministic.xml
----------------- Instantiating /home/travis/build/icyphy/ptII/ptolemy/domains/continuous/test/auto/NewtonsCradleNondeterministic.xml
599 ms. Memory: 306176K Free: 260240K (85%)
----------------- Invoking toplevel() on ptolemy.moml.MoMLSimpleApplication@79b97a0
----------------- Done invoking toplevel() on ptolemy.moml.MoMLSimpleApplication@79b97a0
reloadAllAccessors: .NewtonsCradleNondeterministic

===========================================================================================
----------------- testing Thu Oct 24 06:04:44 UTC 2019 /home/travis/build/icyphy/ptII/ptolemy/domains/continuous/test/auto/NewtonsCradlePerfectlyInelastic1.xml
----------------- Instantiating /home/travis/build/icyphy/ptII/ptolemy/domains/continuous/test/auto/NewtonsCradlePerfectlyInelastic1.xml
1285 ms. Memory: 306176K Free: 150637K (49%)
----------------- Invoking toplevel() on ptolemy.moml.MoMLSimpleApplication@6637722
----------------- Done invoking toplevel() on ptolemy.moml.MoMLSimpleApplication@6637722
reloadAllAccessors: .NewtonsCradlePerfectlyInelastic1

===========================================================================================
----------------- testing Thu Oct 24 06:04:46 UTC 2019 /home/travis/build/icyphy/ptII/ptolemy/domains/continuous/test/auto/Noise.xml
----------------- Instantiating /home/travis/build/icyphy/ptII/ptolemy/domains/continuous/test/auto/Noise.xml
155 ms. Memory: 306176K Free: 266203K (87%)
----------------- Invoking toplevel() on ptolemy.moml.MoMLSimpleApplication@718eb81f
----------------- Done invoking toplevel() on ptolemy.moml.MoMLSimpleApplication@718eb81f
reloadAllAccessors: .Noise

===========================================================================================
----------------- testing Thu Oct 24 06:04:46 UTC 2019 /home/travis/build/icyphy/ptII/ptolemy/domains/continuous/test/auto/NoiseSpectrum.xml
----------------- Instantiating /home/travis/build/icyphy/ptII/ptolemy/domains/continuous/test/auto/NoiseSpectrum.xml
755 ms. Memory: 306176K Free: 145385K (47%)
----------------- Invoking toplevel() on ptolemy.moml.MoMLSimpleApplication@458a8967
----------------- Done invoking toplevel() on ptolemy.moml.MoMLSimpleApplication@458a8967
reloadAllAccessors: .NoiseSpectrum

===========================================================================================
----------------- testing Thu Oct 24 06:04:47 UTC 2019 /home/travis/build/icyphy/ptII/ptolemy/domains/continuous/test/auto/ParameterizedNewtonsCradleAnimated.xml
----------------- Instantiating /home/travis/build/icyphy/ptII/ptolemy/domains/continuous/test/auto/ParameterizedNewtonsCradleAnimated.xml
291 ms. Memory: 306176K Free: 223567K (73%)
----------------- Invoking toplevel() on ptolemy.moml.MoMLSimpleApplication@343928cf
----------------- Done invoking toplevel() on ptolemy.moml.MoMLSimpleApplication@343928cf
reloadAllAccessors: .ParameterizedNewtonsCradleAnimated

===========================================================================================
----------------- testing Thu Oct 24 06:04:47 UTC 2019 /home/travis/build/icyphy/ptII/ptolemy/domains/continuous/test/auto/ParameterizedNewtonsCradleAnimatedNondeterministic.xml
----------------- Instantiating /home/travis/build/icyphy/ptII/ptolemy/domains/continuous/test/auto/ParameterizedNewtonsCradleAnimatedNondeterministic.xml
1145 ms. Memory: 306176K Free: 274755K (90%)
----------------- Invoking toplevel() on ptolemy.moml.MoMLSimpleApplication@72933722
----------------- Done invoking toplevel() on ptolemy.moml.MoMLSimpleApplication@72933722
reloadAllAccessors: .ParameterizedNewtonsCradleAnimatedNondeterministic

===========================================================================================
----------------- testing Thu Oct 24 06:04:48 UTC 2019 /home/travis/build/icyphy/ptII/ptolemy/domains/continuous/test/auto/Pendulum3D.xml
----------------- Instantiating /home/travis/build/icyphy/ptII/ptolemy/domains/continuous/test/auto/Pendulum3D.xml
125 ms. Memory: 306176K Free: 224069K (73%)
----------------- Invoking toplevel() on ptolemy.moml.MoMLSimpleApplication@5d1f51e3
----------------- Done invoking toplevel() on ptolemy.moml.MoMLSimpleApplication@5d1f51e3
reloadAllAccessors: .Pendulum3D

===========================================================================================
----------------- testing Thu Oct 24 06:04:48 UTC 2019 /home/travis/build/icyphy/ptII/ptolemy/domains/continuous/test/auto/PeriodicSampler.xml
----------------- Instantiating /home/travis/build/icyphy/ptII/ptolemy/domains/continuous/test/auto/PeriodicSampler.xml
3 ms. Memory: 306176K Free: 220483K (72%)
----------------- Invoking toplevel() on ptolemy.moml.MoMLSimpleApplication@5ce19d7
----------------- Done invoking toplevel() on ptolemy.moml.MoMLSimpleApplication@5ce19d7
reloadAllAccessors: .PeriodicSampler

===========================================================================================
----------------- testing Thu Oct 24 06:04:48 UTC 2019 /home/travis/build/icyphy/ptII/ptolemy/domains/continuous/test/auto/PeriodicSampler1.xml
----------------- Instantiating /home/travis/build/icyphy/ptII/ptolemy/domains/continuous/test/auto/PeriodicSampler1.xml
23 ms. Memory: 306176K Free: 203589K (66%)
----------------- Invoking toplevel() on ptolemy.moml.MoMLSimpleApplication@25779519
----------------- Done invoking toplevel() on ptolemy.moml.MoMLSimpleApplication@25779519
reloadAllAccessors: .PeriodicSampler1

===========================================================================================
----------------- testing Thu Oct 24 06:04:49 UTC 2019 /home/travis/build/icyphy/ptII/ptolemy/domains/continuous/test/auto/PeriodicSampler2.xml
----------------- Instantiating /home/travis/build/icyphy/ptII/ptolemy/domains/continuous/test/auto/PeriodicSampler2.xml
61 ms. Memory: 306176K Free: 172869K (56%)
----------------- Invoking toplevel() on ptolemy.moml.MoMLSimpleApplication@dd1642f
----------------- Done invoking toplevel() on ptolemy.moml.MoMLSimpleApplication@dd1642f
reloadAllAccessors: .PeriodicSampler2

===========================================================================================
----------------- testing Thu Oct 24 06:04:49 UTC 2019 /home/travis/build/icyphy/ptII/ptolemy/domains/continuous/test/auto/Poisson.xml
----------------- Instantiating /home/travis/build/icyphy/ptII/ptolemy/domains/continuous/test/auto/Poisson.xml
463 ms. Memory: 306176K Free: 142893K (47%)
----------------- Invoking toplevel() on ptolemy.moml.MoMLSimpleApplication@7685f972
----------------- Done invoking toplevel() on ptolemy.moml.MoMLSimpleApplication@7685f972
reloadAllAccessors: .Poisson

===========================================================================================
----------------- testing Thu Oct 24 06:04:49 UTC 2019 /home/travis/build/icyphy/ptII/ptolemy/domains/continuous/test/auto/PoissonClock.xml
----------------- Instantiating /home/travis/build/icyphy/ptII/ptolemy/domains/continuous/test/auto/PoissonClock.xml
3 ms. Memory: 306176K Free: 138797K (45%)
----------------- Invoking toplevel() on ptolemy.moml.MoMLSimpleApplication@22282bec
----------------- Done invoking toplevel() on ptolemy.moml.MoMLSimpleApplication@22282bec
reloadAllAccessors: .PoissonClock

===========================================================================================
----------------- testing Thu Oct 24 06:04:49 UTC 2019 /home/travis/build/icyphy/ptII/ptolemy/domains/continuous/test/auto/PoissonClock2.xml
----------------- Instantiating /home/travis/build/icyphy/ptII/ptolemy/domains/continuous/test/auto/PoissonClock2.xml
5 ms. Memory: 306176K Free: 133677K (44%)
----------------- Invoking toplevel() on ptolemy.moml.MoMLSimpleApplication@40e4641
----------------- Done invoking toplevel() on ptolemy.moml.MoMLSimpleApplication@40e4641
reloadAllAccessors: .PoissonClock2

===========================================================================================
----------------- testing Thu Oct 24 06:04:49 UTC 2019 /home/travis/build/icyphy/ptII/ptolemy/domains/continuous/test/auto/PortParameterHierarchy.xml
----------------- Instantiating /home/travis/build/icyphy/ptII/ptolemy/domains/continuous/test/auto/PortParameterHierarchy.xml
5 ms. Memory: 306176K Free: 123947K (40%)
----------------- Invoking toplevel() on ptolemy.moml.MoMLSimpleApplication@2c7e2d32
----------------- Done invoking toplevel() on ptolemy.moml.MoMLSimpleApplication@2c7e2d32
reloadAllAccessors: .PortParameterHierarchy

===========================================================================================
----------------- testing Thu Oct 24 06:04:49 UTC 2019 /home/travis/build/icyphy/ptII/ptolemy/domains/continuous/test/auto/RandomHybridPlant.xml
----------------- Instantiating /home/travis/build/icyphy/ptII/ptolemy/domains/continuous/test/auto/RandomHybridPlant.xml
516 ms. Memory: 306176K Free: 204668K (67%)
----------------- Invoking toplevel() on ptolemy.moml.MoMLSimpleApplication@5b573d2e
----------------- Done invoking toplevel() on ptolemy.moml.MoMLSimpleApplication@5b573d2e
reloadAllAccessors: .RandomHybridPlant

===========================================================================================
----------------- testing Thu Oct 24 06:04:50 UTC 2019 /home/travis/build/icyphy/ptII/ptolemy/domains/continuous/test/auto/ResetTransitionWithStartTime1.xml
----------------- Instantiating /home/travis/build/icyphy/ptII/ptolemy/domains/continuous/test/auto/ResetTransitionWithStartTime1.xml
15 ms. Memory: 306176K Free: 190860K (62%)
----------------- Invoking toplevel() on ptolemy.moml.MoMLSimpleApplication@45c556a1
----------------- Done invoking toplevel() on ptolemy.moml.MoMLSimpleApplication@45c556a1
reloadAllAccessors: .ResetTransitionWithStartTime1

===========================================================================================
----------------- testing Thu Oct 24 06:04:50 UTC 2019 /home/travis/build/icyphy/ptII/ptolemy/domains/continuous/test/auto/ResetTransitionWithStartTime2.xml
----------------- Instantiating /home/travis/build/icyphy/ptII/ptolemy/domains/continuous/test/auto/ResetTransitionWithStartTime2.xml
24 ms. Memory: 306176K Free: 177020K (58%)
----------------- Invoking toplevel() on ptolemy.moml.MoMLSimpleApplication@1e7f6a26
----------------- Done invoking toplevel() on ptolemy.moml.MoMLSimpleApplication@1e7f6a26
reloadAllAccessors: .ResetTransitionWithStartTime2

===========================================================================================
----------------- testing Thu Oct 24 06:04:50 UTC 2019 /home/travis/build/icyphy/ptII/ptolemy/domains/continuous/test/auto/ResetTransitionWithStartTime3.xml
----------------- Instantiating /home/travis/build/icyphy/ptII/ptolemy/domains/continuous/test/auto/ResetTransitionWithStartTime3.xml
26 ms. Memory: 306176K Free: 162698K (53%)
----------------- Invoking toplevel() on ptolemy.moml.MoMLSimpleApplication@bf9a720
----------------- Done invoking toplevel() on ptolemy.moml.MoMLSimpleApplication@bf9a720
reloadAllAccessors: .ResetTransitionWithStartTime3

===========================================================================================
----------------- testing Thu Oct 24 06:04:50 UTC 2019 /home/travis/build/icyphy/ptII/ptolemy/domains/continuous/test/auto/ResetTransitionWithStartTime4.xml
----------------- Instantiating /home/travis/build/icyphy/ptII/ptolemy/domains/continuous/test/auto/ResetTransitionWithStartTime4.xml
13 ms. Memory: 306176K Free: 152972K (50%)
----------------- Invoking toplevel() on ptolemy.moml.MoMLSimpleApplication@39860bc2
----------------- Done invoking toplevel() on ptolemy.moml.MoMLSimpleApplication@39860bc2
reloadAllAccessors: .ResetTransitionWithStartTime4

===========================================================================================
----------------- testing Thu Oct 24 06:04:50 UTC 2019 /home/travis/build/icyphy/ptII/ptolemy/domains/continuous/test/auto/ResetTransitionWithStartTime5.xml
----------------- Instantiating /home/travis/build/icyphy/ptII/ptolemy/domains/continuous/test/auto/ResetTransitionWithStartTime5.xml
19 ms. Memory: 306176K Free: 139132K (45%)
----------------- Invoking toplevel() on ptolemy.moml.MoMLSimpleApplication@3ee5a32
----------------- Done invoking toplevel() on ptolemy.moml.MoMLSimpleApplication@3ee5a32
reloadAllAccessors: .ResetTransitionWithStartTime5

===========================================================================================
----------------- testing Thu Oct 24 06:04:50 UTC 2019 /home/travis/build/icyphy/ptII/ptolemy/domains/continuous/test/auto/ResetTransitionWithStartTime6.xml
----------------- Instantiating /home/travis/build/icyphy/ptII/ptolemy/domains/continuous/test/auto/ResetTransitionWithStartTime6.xml
16 ms. Memory: 306176K Free: 128396K (42%)
----------------- Invoking toplevel() on ptolemy.moml.MoMLSimpleApplication@44e9ece8
----------------- Done invoking toplevel() on ptolemy.moml.MoMLSimpleApplication@44e9ece8
reloadAllAccessors: .ResetTransitionWithStartTime6

===========================================================================================
----------------- testing Thu Oct 24 06:04:50 UTC 2019 /home/travis/build/icyphy/ptII/ptolemy/domains/continuous/test/auto/SRinContinuous.xml
----------------- Instantiating /home/travis/build/icyphy/ptII/ptolemy/domains/continuous/test/auto/SRinContinuous.xml
5 ms. Memory: 306176K Free: 120204K (39%)
----------------- Invoking toplevel() on ptolemy.moml.MoMLSimpleApplication@7805e655
----------------- Done invoking toplevel() on ptolemy.moml.MoMLSimpleApplication@7805e655
reloadAllAccessors: .SRinContinuous

===========================================================================================
----------------- testing Thu Oct 24 06:04:50 UTC 2019 /home/travis/build/icyphy/ptII/ptolemy/domains/continuous/test/auto/SampledClocks.xml
----------------- Instantiating /home/travis/build/icyphy/ptII/ptolemy/domains/continuous/test/auto/SampledClocks.xml
17 ms. Memory: 306176K Free: 290214K (95%)
----------------- Invoking toplevel() on ptolemy.moml.MoMLSimpleApplication@308891ae
----------------- Done invoking toplevel() on ptolemy.moml.MoMLSimpleApplication@308891ae
reloadAllAccessors: .SampledClocks

===========================================================================================
----------------- testing Thu Oct 24 06:04:50 UTC 2019 /home/travis/build/icyphy/ptII/ptolemy/domains/continuous/test/auto/Satellite.xml
----------------- Instantiating /home/travis/build/icyphy/ptII/ptolemy/domains/continuous/test/auto/Satellite.xml
944 ms. Memory: 306176K Free: 277543K (91%)
----------------- Invoking toplevel() on ptolemy.moml.MoMLSimpleApplication@722180dc
----------------- Done invoking toplevel() on ptolemy.moml.MoMLSimpleApplication@722180dc
reloadAllAccessors: .Satellite

===========================================================================================
----------------- testing Thu Oct 24 06:04:51 UTC 2019 /home/travis/build/icyphy/ptII/ptolemy/domains/continuous/test/auto/SigmaDelta.xml
----------------- Instantiating /home/travis/build/icyphy/ptII/ptolemy/domains/continuous/test/auto/SigmaDelta.xml
2354 ms. Memory: 306176K Free: 197822K (65%)
----------------- Invoking toplevel() on ptolemy.moml.MoMLSimpleApplication@4881dd82
----------------- Done invoking toplevel() on ptolemy.moml.MoMLSimpleApplication@4881dd82
reloadAllAccessors: .SigmaDelta

===========================================================================================
----------------- testing Thu Oct 24 06:04:54 UTC 2019 /home/travis/build/icyphy/ptII/ptolemy/domains/continuous/test/auto/SingleRefinement.xml
----------------- Instantiating /home/travis/build/icyphy/ptII/ptolemy/domains/continuous/test/auto/SingleRefinement.xml
319 ms. Memory: 306176K Free: 196793K (64%)
----------------- Invoking toplevel() on ptolemy.moml.MoMLSimpleApplication@5d707a13
----------------- Done invoking toplevel() on ptolemy.moml.MoMLSimpleApplication@5d707a13
reloadAllAccessors: .SingleRefinement

===========================================================================================
----------------- testing Thu Oct 24 06:04:54 UTC 2019 /home/travis/build/icyphy/ptII/ptolemy/domains/continuous/test/auto/SinuBouncingBall.xml
----------------- Instantiating /home/travis/build/icyphy/ptII/ptolemy/domains/continuous/test/auto/SinuBouncingBall.xml
811 ms. Memory: 306176K Free: 159016K (52%)
----------------- Invoking toplevel() on ptolemy.moml.MoMLSimpleApplication@3bb466a7
----------------- Done invoking toplevel() on ptolemy.moml.MoMLSimpleApplication@3bb466a7
reloadAllAccessors: .SinuBouncingBall

===========================================================================================
----------------- testing Thu Oct 24 06:04:55 UTC 2019 /home/travis/build/icyphy/ptII/ptolemy/domains/continuous/test/auto/Sinusoid.xml
----------------- Instantiating /home/travis/build/icyphy/ptII/ptolemy/domains/continuous/test/auto/Sinusoid.xml
5 ms. Memory: 306176K Free: 154392K (50%)
----------------- Invoking toplevel() on ptolemy.moml.MoMLSimpleApplication@333e603f
----------------- Done invoking toplevel() on ptolemy.moml.MoMLSimpleApplication@333e603f
reloadAllAccessors: .Sinusoid

===========================================================================================
----------------- testing Thu Oct 24 06:04:55 UTC 2019 /home/travis/build/icyphy/ptII/ptolemy/domains/continuous/test/auto/SinusoidInNoise.xml
----------------- Instantiating /home/travis/build/icyphy/ptII/ptolemy/domains/continuous/test/auto/SinusoidInNoise.xml
977 ms. Memory: 306176K Free: 201728K (66%)
----------------- Invoking toplevel() on ptolemy.moml.MoMLSimpleApplication@6d89ffc2
----------------- Done invoking toplevel() on ptolemy.moml.MoMLSimpleApplication@6d89ffc2
reloadAllAccessors: .SinusoidInNoise

===========================================================================================
----------------- testing Thu Oct 24 06:04:56 UTC 2019 /home/travis/build/icyphy/ptII/ptolemy/domains/continuous/test/auto/SinusoidRK45.xml
----------------- Instantiating /home/travis/build/icyphy/ptII/ptolemy/domains/continuous/test/auto/SinusoidRK45.xml
2 ms. Memory: 306176K Free: 197104K (64%)
----------------- Invoking toplevel() on ptolemy.moml.MoMLSimpleApplication@59e1472e
----------------- Done invoking toplevel() on ptolemy.moml.MoMLSimpleApplication@59e1472e
reloadAllAccessors: .SinusoidRK45

===========================================================================================
----------------- testing Thu Oct 24 06:04:56 UTC 2019 /home/travis/build/icyphy/ptII/ptolemy/domains/continuous/test/auto/SinusoidWithMultipleImpulses.xml
----------------- Instantiating /home/travis/build/icyphy/ptII/ptolemy/domains/continuous/test/auto/SinusoidWithMultipleImpulses.xml
3 ms. Memory: 306176K Free: 192512K (63%)
----------------- Invoking toplevel() on ptolemy.moml.MoMLSimpleApplication@5ba408d8
----------------- Done invoking toplevel() on ptolemy.moml.MoMLSimpleApplication@5ba408d8
reloadAllAccessors: .SinusoidWithMultipleImpulses

===========================================================================================
----------------- testing Thu Oct 24 06:04:56 UTC 2019 /home/travis/build/icyphy/ptII/ptolemy/domains/continuous/test/auto/SquareWave.xml
----------------- Instantiating /home/travis/build/icyphy/ptII/ptolemy/domains/continuous/test/auto/SquareWave.xml
172 ms. Memory: 306176K Free: 165374K (54%)
----------------- Invoking toplevel() on ptolemy.moml.MoMLSimpleApplication@37b8cdea
----------------- Done invoking toplevel() on ptolemy.moml.MoMLSimpleApplication@37b8cdea
reloadAllAccessors: .SquareWave

===========================================================================================
----------------- testing Thu Oct 24 06:04:56 UTC 2019 /home/travis/build/icyphy/ptII/ptolemy/domains/continuous/test/auto/Starmac.xml
----------------- Instantiating /home/travis/build/icyphy/ptII/ptolemy/domains/continuous/test/auto/Starmac.xml
3093 ms. Memory: 306176K Free: 211109K (69%)
----------------- Invoking toplevel() on ptolemy.moml.MoMLSimpleApplication@54e96236
----------------- Done invoking toplevel() on ptolemy.moml.MoMLSimpleApplication@54e96236
reloadAllAccessors: .Starmac

===========================================================================================
----------------- testing Thu Oct 24 06:05:00 UTC 2019 /home/travis/build/icyphy/ptII/ptolemy/domains/continuous/test/auto/StaticUnits.xml
----------------- Instantiating /home/travis/build/icyphy/ptII/ptolemy/domains/continuous/test/auto/StaticUnits.xml
2206 ms. Memory: 306176K Free: 111694K (36%)
----------------- Invoking toplevel() on ptolemy.moml.MoMLSimpleApplication@c738262
----------------- Done invoking toplevel() on ptolemy.moml.MoMLSimpleApplication@c738262
reloadAllAccessors: .StaticUnits

===========================================================================================
----------------- testing Thu Oct 24 06:05:02 UTC 2019 /home/travis/build/icyphy/ptII/ptolemy/domains/continuous/test/auto/StickyMasses.xml
----------------- Instantiating /home/travis/build/icyphy/ptII/ptolemy/domains/continuous/test/auto/StickyMasses.xml
143 ms. Memory: 306176K Free: 240710K (79%)
----------------- Invoking toplevel() on ptolemy.moml.MoMLSimpleApplication@7d7c52e4
----------------- Done invoking toplevel() on ptolemy.moml.MoMLSimpleApplication@7d7c52e4
reloadAllAccessors: .StickyMasses

===========================================================================================
----------------- testing Thu Oct 24 06:05:03 UTC 2019 /home/travis/build/icyphy/ptII/ptolemy/domains/continuous/test/auto/StopTime.xml
----------------- Instantiating /home/travis/build/icyphy/ptII/ptolemy/domains/continuous/test/auto/StopTime.xml
38 ms. Memory: 306176K Free: 216120K (71%)
----------------- Invoking toplevel() on ptolemy.moml.MoMLSimpleApplication@75c1dcca
----------------- Done invoking toplevel() on ptolemy.moml.MoMLSimpleApplication@75c1dcca
reloadAllAccessors: .StopTime

===========================================================================================
----------------- testing Thu Oct 24 06:05:03 UTC 2019 /home/travis/build/icyphy/ptII/ptolemy/domains/continuous/test/auto/StopTime2.xml
----------------- Instantiating /home/travis/build/icyphy/ptII/ptolemy/domains/continuous/test/auto/StopTime2.xml
35 ms. Memory: 306176K Free: 193592K (63%)
----------------- Invoking toplevel() on ptolemy.moml.MoMLSimpleApplication@d4e2cc3
----------------- Done invoking toplevel() on ptolemy.moml.MoMLSimpleApplication@d4e2cc3
reloadAllAccessors: .StopTime2

===========================================================================================
----------------- testing Thu Oct 24 06:05:03 UTC 2019 /home/travis/build/icyphy/ptII/ptolemy/domains/continuous/test/auto/Switch.xml
----------------- Instantiating /home/travis/build/icyphy/ptII/ptolemy/domains/continuous/test/auto/Switch.xml
40 ms. Memory: 306176K Free: 168520K (55%)
----------------- Invoking toplevel() on ptolemy.moml.MoMLSimpleApplication@5fe3636
----------------- Done invoking toplevel() on ptolemy.moml.MoMLSimpleApplication@5fe3636
reloadAllAccessors: .Switch

===========================================================================================
----------------- testing Thu Oct 24 06:05:03 UTC 2019 /home/travis/build/icyphy/ptII/ptolemy/domains/continuous/test/auto/Thermostat.xml
----------------- Instantiating /home/travis/build/icyphy/ptII/ptolemy/domains/continuous/test/auto/Thermostat.xml
197 ms. Memory: 306176K Free: 273464K (89%)
----------------- Invoking toplevel() on ptolemy.moml.MoMLSimpleApplication@350fd2ba
----------------- Done invoking toplevel() on ptolemy.moml.MoMLSimpleApplication@350fd2ba
reloadAllAccessors: .Thermostat

===========================================================================================
----------------- testing Thu Oct 24 06:05:03 UTC 2019 /home/travis/build/icyphy/ptII/ptolemy/domains/continuous/test/auto/TimeDelay.xml
----------------- Instantiating /home/travis/build/icyphy/ptII/ptolemy/domains/continuous/test/auto/TimeDelay.xml
6 ms. Memory: 306176K Free: 268352K (88%)
----------------- Invoking toplevel() on ptolemy.moml.MoMLSimpleApplication@2d15cc9d
----------------- Done invoking toplevel() on ptolemy.moml.MoMLSimpleApplication@2d15cc9d
reloadAllAccessors: .TimeDelay

===========================================================================================
----------------- testing Thu Oct 24 06:05:03 UTC 2019 /home/travis/build/icyphy/ptII/ptolemy/domains/continuous/test/auto/TimeDelay2.xml
----------------- Instantiating /home/travis/build/icyphy/ptII/ptolemy/domains/continuous/test/auto/TimeDelay2.xml
7 ms. Memory: 306176K Free: 258118K (84%)
----------------- Invoking toplevel() on ptolemy.moml.MoMLSimpleApplication@3e879f78
----------------- Done invoking toplevel() on ptolemy.moml.MoMLSimpleApplication@3e879f78
reloadAllAccessors: .TimeDelay2

===========================================================================================
----------------- testing Thu Oct 24 06:05:03 UTC 2019 /home/travis/build/icyphy/ptII/ptolemy/domains/continuous/test/auto/TimeDelay3.xml
----------------- Instantiating /home/travis/build/icyphy/ptII/ptolemy/domains/continuous/test/auto/TimeDelay3.xml
5 ms. Memory: 306176K Free: 253510K (83%)
----------------- Invoking toplevel() on ptolemy.moml.MoMLSimpleApplication@61ae8397
----------------- Done invoking toplevel() on ptolemy.moml.MoMLSimpleApplication@61ae8397
reloadAllAccessors: .TimeDelay3

===========================================================================================
----------------- testing Thu Oct 24 06:05:03 UTC 2019 /home/travis/build/icyphy/ptII/ptolemy/domains/continuous/test/auto/TransferAbsentToInside.xml
----------------- Instantiating /home/travis/build/icyphy/ptII/ptolemy/domains/continuous/test/auto/TransferAbsentToInside.xml
26 ms. Memory: 306176K Free: 199750K (65%)
----------------- Invoking toplevel() on ptolemy.moml.MoMLSimpleApplication@2b8ee487
----------------- Done invoking toplevel() on ptolemy.moml.MoMLSimpleApplication@2b8ee487
reloadAllAccessors: .TransferAbsentToInside

===========================================================================================
----------------- testing Thu Oct 24 06:05:03 UTC 2019 /home/travis/build/icyphy/ptII/ptolemy/domains/continuous/test/auto/Transmission.xml
----------------- Instantiating /home/travis/build/icyphy/ptII/ptolemy/domains/continuous/test/auto/Transmission.xml
768 ms. Memory: 306176K Free: 144935K (47%)
----------------- Invoking toplevel() on ptolemy.moml.MoMLSimpleApplication@145a69cd
----------------- Done invoking toplevel() on ptolemy.moml.MoMLSimpleApplication@145a69cd
reloadAllAccessors: .Transmission

===========================================================================================
----------------- testing Thu Oct 24 06:05:04 UTC 2019 /home/travis/build/icyphy/ptII/ptolemy/domains/continuous/test/auto/TriggeredContinuousClock.xml
----------------- Instantiating /home/travis/build/icyphy/ptII/ptolemy/domains/continuous/test/auto/TriggeredContinuousClock.xml
36 ms. Memory: 306176K Free: 115223K (38%)
----------------- Invoking toplevel() on ptolemy.moml.MoMLSimpleApplication@3ccf7b0b
----------------- Done invoking toplevel() on ptolemy.moml.MoMLSimpleApplication@3ccf7b0b
reloadAllAccessors: .TriggeredContinuousClock

===========================================================================================
----------------- testing Thu Oct 24 06:05:04 UTC 2019 /home/travis/build/icyphy/ptII/ptolemy/domains/continuous/test/auto/TwoMachineInfiniteBusControl.xml
----------------- Instantiating /home/travis/build/icyphy/ptII/ptolemy/domains/continuous/test/auto/TwoMachineInfiniteBusControl.xml
3412 ms. Memory: 306176K Free: 229381K (75%)
----------------- Invoking toplevel() on ptolemy.moml.MoMLSimpleApplication@37e35a1d
----------------- Done invoking toplevel() on ptolemy.moml.MoMLSimpleApplication@37e35a1d
reloadAllAccessors: .TwoMachineInfiniteBusControl

===========================================================================================
----------------- testing Thu Oct 24 06:05:08 UTC 2019 /home/travis/build/icyphy/ptII/ptolemy/domains/continuous/test/auto/V2V.xml
----------------- Instantiating /home/travis/build/icyphy/ptII/ptolemy/domains/continuous/test/auto/V2V.xml
857 ms. Memory: 306176K Free: 217069K (71%)
----------------- Invoking toplevel() on ptolemy.moml.MoMLSimpleApplication@37af8906
----------------- Done invoking toplevel() on ptolemy.moml.MoMLSimpleApplication@37af8906
reloadAllAccessors: .V2V

===========================================================================================
----------------- testing Thu Oct 24 06:05:09 UTC 2019 /home/travis/build/icyphy/ptII/ptolemy/domains/continuous/test/auto/hierarchicalModalModel.xml
----------------- Instantiating /home/travis/build/icyphy/ptII/ptolemy/domains/continuous/test/auto/hierarchicalModalModel.xml
8 ms. Memory: 306176K Free: 202237K (66%)
----------------- Invoking toplevel() on ptolemy.moml.MoMLSimpleApplication@23c8ad91
----------------- Done invoking toplevel() on ptolemy.moml.MoMLSimpleApplication@23c8ad91
reloadAllAccessors: .hierarchicalModalModel

===========================================================================================
----------------- testing Thu Oct 24 06:05:09 UTC 2019 /home/travis/build/icyphy/ptII/ptolemy/domains/continuous/test/auto/hierarchicalModalModel1.xml
----------------- Instantiating /home/travis/build/icyphy/ptII/ptolemy/domains/continuous/test/auto/hierarchicalModalModel1.xml
8 ms. Memory: 306176K Free: 187901K (61%)
----------------- Invoking toplevel() on ptolemy.moml.MoMLSimpleApplication@6dcc4303
----------------- Done invoking toplevel() on ptolemy.moml.MoMLSimpleApplication@6dcc4303
reloadAllAccessors: .hierarchicalModalModel1

===========================================================================================
----------------- testing Thu Oct 24 06:05:09 UTC 2019 /home/travis/build/icyphy/ptII/ptolemy/domains/continuous/test/auto/hierarchicalModalModel2.xml
----------------- Instantiating /home/travis/build/icyphy/ptII/ptolemy/domains/continuous/test/auto/hierarchicalModalModel2.xml
6 ms. Memory: 306176K Free: 175613K (57%)
----------------- Invoking toplevel() on ptolemy.moml.MoMLSimpleApplication@498e6db1
----------------- Done invoking toplevel() on ptolemy.moml.MoMLSimpleApplication@498e6db1
reloadAllAccessors: .hierarchicalModalModel2

===========================================================================================
----------------- testing Thu Oct 24 06:05:09 UTC 2019 /home/travis/build/icyphy/ptII/ptolemy/domains/continuous/test/auto/hierarchicalModalModel3.xml
----------------- Instantiating /home/travis/build/icyphy/ptII/ptolemy/domains/continuous/test/auto/hierarchicalModalModel3.xml
5 ms. Memory: 306176K Free: 164859K (54%)
----------------- Invoking toplevel() on ptolemy.moml.MoMLSimpleApplication@1bffa744
----------------- Done invoking toplevel() on ptolemy.moml.MoMLSimpleApplication@1bffa744
reloadAllAccessors: .hierarchicalModalModel3

===========================================================================================
----------------- testing Thu Oct 24 06:05:09 UTC 2019 /home/travis/build/icyphy/ptII/ptolemy/domains/continuous/test/auto/hierarchicalModalModel4.xml
----------------- Instantiating /home/travis/build/icyphy/ptII/ptolemy/domains/continuous/test/auto/hierarchicalModalModel4.xml
5 ms. Memory: 306176K Free: 153085K (50%)
----------------- Invoking toplevel() on ptolemy.moml.MoMLSimpleApplication@24a0db3b
----------------- Done invoking toplevel() on ptolemy.moml.MoMLSimpleApplication@24a0db3b
reloadAllAccessors: .hierarchicalModalModel4

===========================================================================================
----------------- testing Thu Oct 24 06:05:09 UTC 2019 /home/travis/build/icyphy/ptII/ptolemy/domains/continuous/test/auto/junk.xml
----------------- Instantiating /home/travis/build/icyphy/ptII/ptolemy/domains/continuous/test/auto/junk.xml
151 ms. Memory: 306176K Free: 127995K (42%)
----------------- Invoking toplevel() on ptolemy.moml.MoMLSimpleApplication@30650786
----------------- Done invoking toplevel() on ptolemy.moml.MoMLSimpleApplication@30650786
reloadAllAccessors: .junk
AutoTests.java: About to close Vertx.
AutoTests.java: Vertx closed.
]]></system-out>
  <system-err><![CDATA[Warning: '.HysteresisWithRandomDelay.NonStrictTest3' The test produced only 22 tokens, yet the correctValues parameter was expecting 30 tokens.
Warning: '.IncreasingRatePoisson.NonStrictTest' The test produced only 371 tokens, yet the correctValues parameter was expecting 402 tokens.
Warning: '.Poisson.NonStrictTest' The test produced only 377 tokens, yet the correctValues parameter was expecting 430 tokens.
]]></system-err>
</testsuite>
