<?xml version="1.0" encoding="UTF-8" ?>
<testsuite errors="0" failures="0" hostname="travis-job-cf5df055-dcbd-40c8-beb0-4962c4c332dd" name="ptolemy.actor.lib.test.junit.JUnitTclTest" skipped="0" tests="517" time="61.374" timestamp="2019-01-29T18:51:20">
  <properties>
    <property name="npm.executable" value="npm" />
    <property name="file.encoding.pkg" value="sun.io" />
    <property name="env.TRAVIS_ROOT" value="/" />
    <property name="ptII.mk.exists" value="true" />
    <property name="env.TRAVIS_APP_HOST" value="build.travis-ci.org" />
    <property name="env.rvm_bin_path" value="/home/travis/.rvm/bin" />
    <property name="java.home" value="/usr/lib/jvm/java-8-oracle/jre" />
    <property name="env.TRAVIS_JOB_NUMBER" value="979.8" />
    <property name="env.TRAVIS_HOME" value="/home/travis" />
    <property name="env.DISPLAY" value=":99.0" />
    <property name="java.net.preferIPv4Stack" value="true" />
    <property name="env.TRAVIS_INIT" value="upstart" />
    <property name="env.SSH_TTY" value="/dev/pts/0" />
    <property name="env.RUN_TESTS" value="true" />
    <property name="timeout.short" value="1000000" />
    <property name="env.TRAVIS_JOB_NAME" value="" />
    <property name="env.TRAVIS_STACK_NODE_ATTRIBUTES" value="/.node-attributes.yml" />
    <property name="junit.formatter" value="xml" />
    <property name="java.endorsed.dirs" value="/usr/lib/jvm/java-8-oracle/jre/lib/endorsed" />
    <property name="env.TRAVIS_SUDO" value="true" />
    <property name="env.LOGNAME" value="travis" />
    <property name="env.PT_TRAVIS_TEST_CORE1_XML" value="true" />
    <property name="jsdoc.home" value="node_modules/@terraswarm/jsdoc" />
    <property name="debuglevel" value="source,lines,vars" />
    <property name="checkstyle.formatter" value="xml" />
    <property name="bin.vergil.makeable" value="true" />
    <property name="env._system_version" value="14.04" />
    <property name="sun.os.patch.level" value="unknown" />
    <property name="java.vendor.url" value="http://java.oracle.com/" />
    <property name="env.TRAVIS_BUILD_WEB_URL" value="https://travis-ci.org/icyphy/ptII/builds/486041659" />
    <property name="java.version" value="1.8.0_151" />
    <property name="env.TZ" value="UTC" />
    <property name="env.PT_NO_NET" value="true" />
    <property name="env.TRAVIS_PULL_REQUEST_SHA" value="" />
    <property name="env.TRAVIS_SECURE_ENV_VARS" value="true" />
    <property name="env._system_type" value="Linux" />
    <property name="java.vendor.url.bug" value="http://bugreport.sun.com/bugreport/" />
    <property name="env.SSH_CLIENT" value="10.10.4.80 52554 22" />
    <property name="npmjs-org-is-up" value="true" />
    <property name="env.GEM_HOME" value="/home/travis/.rvm/gems/ruby-2.4.1" />
    <property name="env.HAS_ANTARES_THREE_LITTLE_FRONZIES_BADGE" value="true" />
    <property name="env.PS4" value="+" />
    <property name="ant.project.invoked-targets" value="build,test.core1.xml" />
    <property name="env.TRAVIS_PULL_REQUEST_BRANCH" value="" />
    <property name="env.TRAVIS_REPO_SLUG" value="icyphy/ptII" />
    <property name="env.TRAVIS_APT_PROXY" value="http://build-cache.travisci.net" />
    <property name="node.in.path" value="true" />
    <property name="java.maxmemory" value="1400m" />
    <property name="env.RUBY_VERSION" value="ruby-2.4.1" />
    <property name="user.name" value="travis" />
    <property name="env.LANG" value="en_US.UTF-8" />
    <property name="sun.io.unicode.encoding" value="UnicodeLittle" />
    <property name="sun.jnu.encoding" value="UTF-8" />
    <property name="java.runtime.name" value="Java(TM) SE Runtime Environment" />
    <property name="usefile" value="false" />
    <property name="return.code" value="0" />
    <property name="junit.single.formatter" value="plain" />
    <property name="env.DYLD_LIBRARY_PATH" value="/home/travis/pthla/certi-tools/lib:" />
    <property name="env.DEBIAN_FRONTEND" value="noninteractive" />
    <property name="env.SSH_CONNECTION" value="10.10.4.80 52554 10.20.4.117 22" />
    <property name="env.MYSQL_UNIX_PORT" value="/var/run/mysqld/mysqld.sock" />
    <property name="env.TRAVIS_ALLOW_FAILURE" value="false" />
    <property name="env.LC_ALL" value="en_US.UTF-8" />
    <property name="env.TRAVIS_JOB_WEB_URL" value="https://travis-ci.org/icyphy/ptII/jobs/486041667" />
    <property name="java.specification.name" value="Java Platform API Specification" />
    <property name="node.works" value="true" />
    <property name="user.timezone" value="" />
    <property name="path.separator" value=":" />
    <property name="env.TRAVIS_ENABLE_INFRA_DETECTION" value="true" />
    <property name="env.PYTHON_CFLAGS" value="-g -fstack-protector --param=ssp-buffer-size=4 -Wformat -Werror=format-security" />
    <property name="timeout.long" value="4000000" />
    <property name="env.CERTI_HOME" value="/home/travis/pthla/certi-tools" />
    <property name="file.encoding" value="UTF-8" />
    <property name="ant.file.ptII" value="/home/travis/build/icyphy/ptII/build.xml" />
    <property name="javadoc.packagenames" value="com.*,diva.*,lbnl.*,org.hlacerti.*,org.json.*,org.ptolemy.*,org.terraswarm.*,ptolemy.*,ptserver.*" />
    <property name="env.TRAVIS_PULL_REQUEST_SLUG" value="" />
    <property name="ant.project.default-target" value="build" />
    <property name="env.GIT_ASKPASS" value="echo" />
    <property name="env.HOME" value="/home/travis" />
    <property name="sun.java.command" value="org.apache.tools.ant.taskdefs.optional.junit.JUnitTestRunner ptolemy.actor.lib.test.junit.JUnitTclTest skipNonTests=false filtertrace=true haltOnError=false haltOnFailure=false formatter=org.apache.tools.ant.taskdefs.optional.junit.OutErrSummaryJUnitResultFormatter showoutput=true outputtoformatters=true logfailedtests=true threadid=0 logtestlistenerevents=false formatter=org.apache.tools.ant.taskdefs.optional.junit.XMLJUnitResultFormatter,/home/travis/build/icyphy/ptII/reports/junit/TEST-ptolemy.actor.lib.test.junit.JUnitTclTest.xml crashfile=/home/travis/build/icyphy/ptII/junitvmwatcher2500823576434436144.properties propsfile=/home/travis/build/icyphy/ptII/junit5006443564223603341.properties" />
    <property name="env.MANPATH" value="/home/travis/.nvm/versions/node/v7.10.1/share/man:/home/travis/.kiex/elixirs/elixir-1.4.5/man:/home/travis/.rvm/rubies/ruby-2.4.1/share/man:/usr/local/man:/usr/local/cmake-3.9.2/man:/usr/local/clang-5.0.0/share/man:/usr/local/share/man:/usr/share/man:/home/travis/.rvm/man" />
    <property name="env.COMPOSER_NO_INTERACTION" value="1" />
    <property name="env.JDK_SWITCHER_DEFAULT" value="oraclejdk8" />
    <property name="env.TRAVIS_TIMER_ID" value="1460503a" />
    <property name="ant.file" value="/home/travis/build/icyphy/ptII/build.xml" />
    <property name="env.TRAVIS_COMMIT_RANGE" value="439037fd6499...aff4bdf5b1e9" />
    <property name="env._system_name" value="Ubuntu" />
    <property name="timeout" value="2400000" />
    <property name="ptII.classpath.optional.property" value="/home/travis/build/icyphy/ptII/lib/bsh-2.0b4.jar:/home/travis/build/icyphy/ptII/lib/ptCal.jar:/home/travis/build/icyphy/ptII/lib/java_cup.jar:/home/travis/build/icyphy/ptII/lib/saxon8.jar:/home/travis/build/icyphy/ptII/lib/saxon8-dom.jar:/home/travis/build/icyphy/ptII/lib/chic.jar:/home/travis/build/icyphy/ptII/lib/ptcolt.jar:/usr/lib/jvm/java-8-oracle/lib/tools.jar:/home/travis/build/icyphy/ptII/vendors/misc/itext/iText.jar:/home/travis/build/icyphy/ptII/lib/g4ltl.jar:/home/travis/build/icyphy/ptII/lib/StructuralCoder.jar:/home/travis/build/icyphy/ptII/vendors/jai-1_1_2_01/lib/jai_core.jar:/home/travis/build/icyphy/ptII/vendors/jai-1_1_2_01/lib/jai_codec.jar:/home/travis/build/icyphy/ptII/lib/jcerti.jar:/home/travis/build/icyphy/ptII/lib/javax.mail.jar:/home/travis/build/icyphy/ptII/vendors/JMF-2.1.1e/lib/jmf.jar:/home/travis/build/icyphy/ptII/lib/jna-4.0.0-variadic.jar:/home/travis/build/icyphy/ptII/vendors/misc/joystick/Joystick.jar:/home/travis/build/icyphy/ptII/lib/ptjacl.jar:/home/travis/build/icyphy/ptII/lib/jsoup-1.8.2.jar:/home/travis/build/icyphy/ptII/lib/junit-4.8.2.jar:/home/travis/build/icyphy/ptII/lib/JUnitParams-0.4.0.jar:/home/travis/build/icyphy/ptII/ptolemy/actor/lib/excel/jxl.jar:/home/travis/build/icyphy/ptII/lib/jython.jar:/home/travis/build/icyphy/ptII/lib/kieler.jar:/home/travis/build/icyphy/ptII/vendors/opencv/share/OpenCV/java/opencv-341.jar:/home/travis/build/icyphy/ptII/lib/oscP5.jar:/home/travis/build/icyphy/ptII/lib/nrjavaserial-3.11.0.devel.jar:/home/travis/build/icyphy/ptII/vendors/j3d/lib/j3dcore.jar:/home/travis/build/icyphy/ptII/vendors/j3d/lib/j3dutils.jar:/home/travis/build/icyphy/ptII/vendors/j3d/lib/vecmath.jar:/home/travis/build/icyphy/ptII/ptolemy/distributed/jini/jar/jini-core.jar:/home/travis/build/icyphy/ptII/ptolemy/distributed/jini/jar/jini-ext.jar:/home/travis/build/icyphy/ptII/ptolemy/distributed/jini/jar/sun-util.jar:/home/travis/build/icyphy/ptII/lib/protobuf-java-2.4.1.jar:/home/travis/build/icyphy/ptII/lib/org.eclipse.paho.client.mqttv3.jar:/home/travis/build/icyphy/ptII/lib/mapss.jar:/home/travis/build/icyphy/ptII/ptolemy/actor/ptalon/antlr/antlr.jar:/home/travis/build/icyphy/ptII/lib/JRI.jar:/home/travis/build/icyphy/ptII/lib/commons-lang-2.6.jar:/home/travis/build/icyphy/ptII/lib/commons-logging-1.1.1.jar:/home/travis/build/icyphy/ptII/lib/sootclasses.jar:/home/travis/build/icyphy/ptII/ptolemy/actor/lib/database/mysql-connector-java-5.1.6-bin.jar:/home/travis/build/icyphy/ptII/vendors/misc/sphinx4/sphinx4-data-5prealpha.jar:/home/travis/build/icyphy/ptII/vendors/misc/sphinx4/sphinx4-core-5prealpha.jar:/home/travis/build/icyphy/ptII/lib/PDFRenderer.jar:/home/travis/build/icyphy/ptII/lib/svgSalamander.jar:/home/travis/build/icyphy/ptII/lib/rsyntaxtextarea-2.6.0-SNAPSHOT.jar:/home/travis/build/icyphy/ptII/lib/hazelcast-3.8.2.jar:/home/travis/build/icyphy/ptII/lib/jackson-annotations-2.9.0.jar:/home/travis/build/icyphy/ptII/lib/jackson-core-2.9.3.jar:/home/travis/build/icyphy/ptII/lib/jackson-databind-2.9.3.jar:/home/travis/build/icyphy/ptII/lib/netty-buffer-4.1.19.Final.jar:/home/travis/build/icyphy/ptII/lib/netty-codec-4.1.19.Final.jar:/home/travis/build/icyphy/ptII/lib/netty-codec-dns-4.1.19.Final.jar:/home/travis/build/icyphy/ptII/lib/netty-codec-http-4.1.19.Final.jar:/home/travis/build/icyphy/ptII/lib/netty-codec-http2-4.1.19.Final.jar:/home/travis/build/icyphy/ptII/lib/netty-common-4.1.19.Final.jar:/home/travis/build/icyphy/ptII/lib/netty-handler-4.1.19.Final.jar:/home/travis/build/icyphy/ptII/lib/netty-resolver-4.1.19.Final.jar:/home/travis/build/icyphy/ptII/lib/netty-resolver-dns-4.1.19.Final.jar:/home/travis/build/icyphy/ptII/lib/netty-transport-4.1.19.Final.jar:/home/travis/build/icyphy/ptII/lib/vertx-codegen-3.5.1.jar:/home/travis/build/icyphy/ptII/lib/vertx-core-3.5.2-SNAPSHOT.jar:/home/travis/build/icyphy/ptII/lib/vertx-hazelcast-3.5.1.jar:/home/travis/build/icyphy/ptII/lib/vertx-lang-js-3.5.1.jar:/home/travis/build/icyphy/ptII/lib/vertx-service-proxy-3.5.1.jar:/home/travis/build/icyphy/ptII/lib/vertx-web-3.5.1.jar:/home/travis/build/icyphy/ptII/lib/slf4j-api-1.7.13.jar:/home/travis/build/icyphy/ptII/lib/slf4j-simple-1.7.13.jar:/home/travis/build/icyphy/ptII/lib/webcam-capture-0.3.12.jar:/home/travis/build/icyphy/ptII/lib/bridj-0.7.0.jar:/home/travis/build/icyphy/ptII/lib/xbjlib-1.1.0.nrjavaserial.jar" />
    <property name="test.batch" value="**/junit/*.java" />
    <property name="env._" value="/usr/bin/timeout" />
    <property name="java.io.tmpdir" value="/tmp" />
    <property name="env.TRAVIS_INTERNAL_RUBY_REGEX" value="^ruby-(2\.[0-4]\.[0-9]|1\.9\.3)" />
    <property name="user.language" value="en" />
    <property name="env.HISTCONTROL" value="ignoredups:ignorespace" />
    <property name="env.GOROOT" value="/home/travis/.gimme/versions/go1.7.4.linux.amd64" />
    <property name="line.separator" value="&#xa;" />
    <property name="target" value="1.8" />
    <property name="env.TRAVIS_BUILD_DIR" value="/home/travis/build/icyphy/ptII" />
    <property name="env.ANT_OPTS" value="-Xmx2048m" />
    <property name="ant.file.type" value="file" />
    <property name="ptolemy.ptII.batchMode" value="true" />
    <property name="env.HISTSIZE" value="1000" />
    <property name="env.MERB_ENV" value="test" />
    <property name="java.vm.info" value="mixed mode" />
    <property name="source" value="1.8" />
    <property name="java.vm.specification.name" value="Java Virtual Machine Specification" />
    <property name="env.TRAVIS_TEST_RESULT" value="0" />
    <property name="jsdoc.command" value="node_modules/@terraswarm/jsdoc/jsdoc.js" />
    <property name="npm.works" value="true" />
    <property name="cobertura.dir" value="/home/travis/build/icyphy/ptII/vendors/cobertura-2.0.3" />
    <property name="env.rvm_path" value="/home/travis/.rvm" />
    <property name="env.GEM_PATH" value="/home/travis/.rvm/gems/ruby-2.4.1:/home/travis/.rvm/gems/ruby-2.4.1@global" />
    <property name="env.LC_CTYPE" value="en_US.UTF-8" />
    <property name="java.awt.printerjob" value="sun.print.PSPrinterJob" />
    <property name="env.TRAVIS_CMD" value="$PTII/bin/ptIITravisBuild.sh $SECONDS" />
    <property name="env.TRAVIS_STACK_NAME" value="garnet" />
    <property name="env.TRAVIS_TIMER_START_TIME" value="1548787507896015891" />
    <property name="ant.version" value="Apache Ant(TM) version 1.10.1 compiled on February 2 2017" />
    <property name="ptII.reports" value="/home/travis/build/icyphy/ptII/reports" />
    <property name="env.TRAVIS_STACK_TIMESTAMP" value="2017-12-05 19:33:09 UTC" />
    <property name="ant.file.type.ptII" value="file" />
    <property name="env.RBENV_SHELL" value="bash" />
    <property name="os.name" value="Linux" />
    <property name="java.specification.vendor" value="Oracle Corporation" />
    <property name="env.rvm_version" value="1.29.3 (latest)" />
    <property name="env.TRAVIS_INFRA" value="gce" />
    <property name="env.TERM" value="xterm" />
    <property name="java.vm.name" value="Java HotSpot(TM) 64-Bit Server VM" />
    <property name="env.TRAVIS_BUILD_NUMBER" value="979" />
    <property name="env.CI" value="true" />
    <property name="java.library.path" value="/home/travis/pthla/certi-tools/lib:/usr/lib/jni:/usr/local/share/OpenCV/java/:/usr/share/OpenCV/java::/usr/java/packages/lib/amd64:/usr/lib64:/lib64:/lib:/usr/lib" />
    <property name="env.rvm_prefix" value="/home/travis" />
    <property name="env.PATH" value="/home/travis/pthla/certi-tools/share/scripts:/home/travis/.rvm/gems/ruby-2.4.1/bin:/home/travis/.rvm/gems/ruby-2.4.1@global/bin:/home/travis/.rvm/rubies/ruby-2.4.1/bin:/home/travis/.rvm/bin:/home/travis/.nvm/versions/node/v7.10.1/bin:./node_modules/.bin:/home/travis/build/icyphy/ptII/bin:/home/travis/pthla/certi-tools/bin:/home/travis/bin:/home/travis/.local/bin:/opt/pyenv/shims:/home/travis/.phpenv/shims:/home/travis/perl5/perlbrew/bin:/home/travis/.kiex/elixirs/elixir-1.4.5/bin:/home/travis/.kiex/bin:/home/travis/gopath/bin:/home/travis/.gimme/versions/go1.7.4.linux.amd64/bin:/usr/local/phantomjs/bin:/usr/local/phantomjs:/usr/local/neo4j-3.2.7/bin:/usr/local/maven-3.5.2/bin:/usr/local/cmake-3.9.2/bin:/usr/local/clang-5.0.0/bin:/usr/local/sbin:/usr/local/bin:/usr/sbin:/usr/bin:/sbin:/bin:/home/travis/.phpenv/bin:/opt/pyenv/bin:/home/travis/.yarn/bin" />
    <property name="env.TRAVIS_OS_NAME" value="linux" />
    <property name="ant.java.version" value="1.8" />
    <property name="basedir" value="/home/travis/build/icyphy/ptII" />
    <property name="java.class.version" value="52.0" />
    <property name="env.SHLVL" value="3" />
    <property name="env.LD_LIBRARY_PATH" value="/home/travis/pthla/certi-tools/lib:/usr/lib/jni:/usr/local/share/OpenCV/java/:/usr/share/OpenCV/java:" />
    <property name="env.RACK_ENV" value="test" />
    <property name="ant.home" value="/home/travis/build/icyphy/ptII/ant" />
    <property name="env.PERLBREW_BASHRC_VERSION" value="0.80" />
    <property name="env.NVM_DIR" value="/home/travis/.nvm" />
    <property name="env.TRAVIS_BUILD_ID" value="486041659" />
    <property name="env.CERTI_FOM_PATH" value="/home/travis/pthla/certi-tools/share/federations" />
    <property name="env.PYENV_ROOT" value="/opt/pyenv" />
    <property name="env.TRAVIS_UID" value="2000" />
    <property name="env.rvm_pretty_print_flag" value="auto" />
    <property name="env.NVM_BIN" value="/home/travis/.nvm/versions/node/v7.10.1/bin" />
    <property name="env.TRAVIS_COMMIT" value="aff4bdf5b1e9207ea7335e0b219b1bc903b7487d" />
    <property name="env._system_arch" value="x86_64" />
    <property name="node.executable" value="node" />
    <property name="sun.boot.library.path" value="/usr/lib/jvm/java-8-oracle/jre/lib/amd64" />
    <property name="sun.management.compiler" value="HotSpot 64-Bit Tiered Compilers" />
    <property name="env.GOPATH" value="/home/travis/gopath" />
    <property name="java.awt.graphicsenv" value="sun.awt.X11GraphicsEnvironment" />
    <property name="ptolemy.ptII.dir" value="/home/travis/build/icyphy/ptII" />
    <property name="env.USER" value="travis" />
    <property name="env.HISTFILESIZE" value="2000" />
    <property name="timeout.longest" value="19000000" />
    <property name="env.TRAVIS_STACK_FEATURES" value="basic cassandra chromium couchdb disabled-ipv6 docker docker-compose elasticsearch firefox go-toolchain google-chrome jdk memcached mongodb mysql neo4j nodejs_interpreter perl_interpreter perlbrew phantomjs postgresql python_interpreter rabbitmq redis riak ruby_interpreter sqlite xserver" />
    <property name="env.TRAVIS_PULL_REQUEST" value="false" />
    <property name="env.PYENV_SHELL" value="bash" />
    <property name="ant.project.name" value="ptII" />
    <property name="java.vm.specification.version" value="1.8" />
    <property name="env.ANSI_RESET" value="\033[0m" />
    <property name="env.TRAVIS_DIST" value="trusty" />
    <property name="env.CERTI_VERSION" value="4.0.0" />
    <property name="env.NLSPATH" value="/usr/dt/lib/nls/msg/%L/%N.cat" />
    <property name="awt.toolkit" value="sun.awt.X11.XToolkit" />
    <property name="env.CERTI_HOST" value="localhost" />
    <property name="env.MY_RUBY_HOME" value="/home/travis/.rvm/rubies/ruby-2.4.1" />
    <property name="sun.cpu.isalist" value="" />
    <property name="env.TRAVIS_TMPDIR" value="/tmp/tmp.hejY2qTSVL" />
    <property name="java.ext.dirs" value="/usr/lib/jvm/java-8-oracle/jre/lib/ext:/usr/java/packages/lib/ext" />
    <property name="os.version" value="4.4.0-101-generic" />
    <property name="user.home" value="/home/travis" />
    <property name="env.MIX_ARCHIVES" value="/home/travis/.kiex/mix/elixir-1.4.5" />
    <property name="java.vm.vendor" value="Oracle Corporation" />
    <property name="env.TRAVIS_TAG" value="nightly" />
    <property name="env.ANSI_YELLOW" value="\033[33;1m" />
    <property name="env.TRAVIS_FILTERED" value="redirect_io" />
    <property name="env.ANSI_GREEN" value="\033[32;1m" />
    <property name="env.JAVA_HOME" value="/usr/lib/jvm/java-8-oracle" />
    <property name="env.PTII" value="/home/travis/build/icyphy/ptII" />
    <property name="javadoc.excludepackagenames" value="adm.cvs2svn.*,build.*,config.*,doc.coding.templates.*,jni.test.jni.meaningOfLife.*,jni.test.jni.testDeux.*,jni.test.jni.testTrois.*,org.terraswarm.accessor.accessors.web.node_modules.*,org.terraswarm.accessor.accessors.web.hosts.cordova.demo.*,org.terraswarm.accessor.accessors.web.hosts.cordova.plugins.*,org.terraswarm.accessor.accessors-svn.*,pt-modules.*,ptolemy.apps.agilent.*,ptolemy.apps.anytimecontrol.*,ptolemy.apps.apes.*,ptolemy.apps.charon.*,ptolemy.apps.crazyboard.*,ptolemy.apps.eclipse.*,ptolemy.apps.etherealSting.*,ptolemy.apps.fullscreen.*,ptolemy.apps.giotto.*,ptolemy.apps.ia.*,ptolemy.apps.interfaces.*,ptolemy.apps.jmf.*,ptolemy.apps.kurt.*,ptolemy.apps.kvm.*,ptolemy.apps.lego.*,ptolemy.apps.lejos.*,ptolemy.apps.midp.*,ptolemy.apps.mobileCoding.*,ptolemy.apps.pendulum.*,ptolemy.apps.rijndael.*,ptolemy.apps.robot.*,ptolemy.apps.security.*,ptolemy.apps.sobel.*,ptolemy.apps.soot.*,ptolemy.apps.throttle.*,ptolemy.apps.tini.*,ptolemy.apps.transmission.*,ptolemy.apps.vergil.*,ptolemy.apps.waba.*,ptolemy.apps.websensor.*,ptolemy.apps.webstart.*,ptolemy.apps.xsl.*,ptolemy.apps.zaurus.*,ptolemy.codegen.c.actor.lib.oldJavaFiles.*,ptolemy.codegen.dsp.lib.*,ptolemy.codegen.kernel.newInterfaces.*,ptolemy.codegen.lib.*,ptolemy.copernicus.kernel.fragment.*,ptolemy.copernicus.shallow.cg.*,ptolemy.domains.giotto.demo.Hierarchy.Hierarchy.*,ptolemy.domains.giotto.demo.Multimode.Multimode.*,ptolemy.domains.giotto.demo.Simple.Simple.*,ptolemy.domains.gr.lib.experimental.*,ptolemy.domains.gro.*,ptolemy.domains.pdf.*,ptolemy.domains.ptinyos.demo.Surge.output.*,ptolemy.moml.test.NoPackageActor.java*,ptolemy.plot.adm.*,ptolemy.plot.servlet.*,reports.*,signed.*,src.*,target.*,vendors.*,ptolemy.apps.eclipse.awt.*,ptolemy.backtrack.*,ptolemy.backtrack.ast.*,ptdb.kernel.database.*,ptolemy.cg.adapter.generic.program.procedural.c.mbed*,ptolemy.homer.*,org.ptolemy.scala.*,diva.util.java2d.svg.*,ptolemy.domains.ptinyos.*,ptolemy.actor.lib.fmi.fmipp.*,,org.terraswarm.accessor.accessors.web.node_modules.*,org.terraswarm.accessor.accessors-svn,ptolemy.apps.*,ptolemy.actor.ptalon.demo.ptinyos.SendAndReceiveCnt.output,ptolemy.actor.ptalon.demo.ptinyos.SenseToLeds.output,ptolemy.domains.ptinyos.demo.CntToLedsAndRfm.output,ptolemy.domains.ptinyos.demo.RfmToLeds.output,ptolemy.domains.ptinyos.demo.SendAndReceiveCnt.output,ptolemy.domains.ptinyos.demo.SenseToLeds.output,ptolemy.actor.lib.jjs.modules.udpSocket.*" />
    <property name="env.TRAVIS_COMMIT_MESSAGE" value="Added start of a new actor: HlaAttributeReflector" />
    <property name="keystore" value="ptKeystore" />
    <property name="env.XDG_SESSION_ID" value="2" />
    <property name="junit.output.dir" value="/home/travis/build/icyphy/ptII/reports/junit" />
    <property name="npm.return.code" value="0" />
    <property name="user.dir" value="/home/travis/build/icyphy/ptII/ptolemy/actor/lib/test" />
    <property name="env.TRAVIS_NODE_VERSION" value="7" />
    <property name="env.XFILESEARCHPATH" value="/usr/dt/app-defaults/%L/Dt" />
    <property name="env.TRAVIS_EVENT_TYPE" value="push" />
    <property name="env.MAIL" value="/var/mail/travis" />
    <property name="env.PWD" value="/home/travis/build/icyphy/ptII" />
    <property name="env.PERLBREW_ROOT" value="/home/travis/perl5/perlbrew" />
    <property name="timeout.npm" value="45000" />
    <property name="env.TRAVIS_ARCH" value="amd64" />
    <property name="env.PAGER" value="cat" />
    <property name="sun.cpu.endian" value="little" />
    <property name="env.TRAVIS_BUILD_STAGE_NAME" value="Test" />
    <property name="env.PERLBREW_HOME" value="/home/travis/.perlbrew" />
    <property name="env.RAILS_ENV" value="test" />
    <property name="java.vm.version" value="25.151-b12" />
    <property name="java.class.path" value="/home/travis/.ptolemyII:/home/travis/.ptolemyII/*:/home/travis/build/icyphy/ptII:/home/travis/build/icyphy/ptII/lib/bsh-2.0b4.jar:/home/travis/build/icyphy/ptII/lib/ptCal.jar:/home/travis/build/icyphy/ptII/lib/java_cup.jar:/home/travis/build/icyphy/ptII/lib/saxon8.jar:/home/travis/build/icyphy/ptII/lib/saxon8-dom.jar:/home/travis/build/icyphy/ptII/lib/chic.jar:/home/travis/build/icyphy/ptII/lib/ptcolt.jar:/usr/lib/jvm/java-8-oracle/lib/tools.jar:/home/travis/build/icyphy/ptII/vendors/misc/itext/iText.jar:/home/travis/build/icyphy/ptII/lib/g4ltl.jar:/home/travis/build/icyphy/ptII/lib/StructuralCoder.jar:/home/travis/build/icyphy/ptII/vendors/jai-1_1_2_01/lib/jai_core.jar:/home/travis/build/icyphy/ptII/vendors/jai-1_1_2_01/lib/jai_codec.jar:/home/travis/build/icyphy/ptII/lib/jcerti.jar:/home/travis/build/icyphy/ptII/lib/javax.mail.jar:/home/travis/build/icyphy/ptII/vendors/JMF-2.1.1e/lib/jmf.jar:/home/travis/build/icyphy/ptII/lib/jna-4.0.0-variadic.jar:/home/travis/build/icyphy/ptII/vendors/misc/joystick/Joystick.jar:/home/travis/build/icyphy/ptII/lib/ptjacl.jar:/home/travis/build/icyphy/ptII/lib/jsoup-1.8.2.jar:/home/travis/build/icyphy/ptII/lib/junit-4.8.2.jar:/home/travis/build/icyphy/ptII/lib/JUnitParams-0.4.0.jar:/home/travis/build/icyphy/ptII/ptolemy/actor/lib/excel/jxl.jar:/home/travis/build/icyphy/ptII/lib/jython.jar:/home/travis/build/icyphy/ptII/lib/kieler.jar:/home/travis/build/icyphy/ptII/vendors/opencv/share/OpenCV/java/opencv-341.jar:/home/travis/build/icyphy/ptII/lib/oscP5.jar:/home/travis/build/icyphy/ptII/lib/nrjavaserial-3.11.0.devel.jar:/home/travis/build/icyphy/ptII/vendors/j3d/lib/j3dcore.jar:/home/travis/build/icyphy/ptII/vendors/j3d/lib/j3dutils.jar:/home/travis/build/icyphy/ptII/vendors/j3d/lib/vecmath.jar:/home/travis/build/icyphy/ptII/ptolemy/distributed/jini/jar/jini-core.jar:/home/travis/build/icyphy/ptII/ptolemy/distributed/jini/jar/jini-ext.jar:/home/travis/build/icyphy/ptII/ptolemy/distributed/jini/jar/sun-util.jar:/home/travis/build/icyphy/ptII/lib/protobuf-java-2.4.1.jar:/home/travis/build/icyphy/ptII/lib/org.eclipse.paho.client.mqttv3.jar:/home/travis/build/icyphy/ptII/lib/mapss.jar:/home/travis/build/icyphy/ptII/ptolemy/actor/ptalon/antlr/antlr.jar:/home/travis/build/icyphy/ptII/lib/JRI.jar:/home/travis/build/icyphy/ptII/lib/commons-lang-2.6.jar:/home/travis/build/icyphy/ptII/lib/commons-logging-1.1.1.jar:/home/travis/build/icyphy/ptII/lib/sootclasses.jar:/home/travis/build/icyphy/ptII/ptolemy/actor/lib/database/mysql-connector-java-5.1.6-bin.jar:/home/travis/build/icyphy/ptII/vendors/misc/sphinx4/sphinx4-data-5prealpha.jar:/home/travis/build/icyphy/ptII/vendors/misc/sphinx4/sphinx4-core-5prealpha.jar:/home/travis/build/icyphy/ptII/lib/PDFRenderer.jar:/home/travis/build/icyphy/ptII/lib/svgSalamander.jar:/home/travis/build/icyphy/ptII/lib/rsyntaxtextarea-2.6.0-SNAPSHOT.jar:/home/travis/build/icyphy/ptII/lib/hazelcast-3.8.2.jar:/home/travis/build/icyphy/ptII/lib/jackson-annotations-2.9.0.jar:/home/travis/build/icyphy/ptII/lib/jackson-core-2.9.3.jar:/home/travis/build/icyphy/ptII/lib/jackson-databind-2.9.3.jar:/home/travis/build/icyphy/ptII/lib/netty-buffer-4.1.19.Final.jar:/home/travis/build/icyphy/ptII/lib/netty-codec-4.1.19.Final.jar:/home/travis/build/icyphy/ptII/lib/netty-codec-dns-4.1.19.Final.jar:/home/travis/build/icyphy/ptII/lib/netty-codec-http-4.1.19.Final.jar:/home/travis/build/icyphy/ptII/lib/netty-codec-http2-4.1.19.Final.jar:/home/travis/build/icyphy/ptII/lib/netty-common-4.1.19.Final.jar:/home/travis/build/icyphy/ptII/lib/netty-handler-4.1.19.Final.jar:/home/travis/build/icyphy/ptII/lib/netty-resolver-4.1.19.Final.jar:/home/travis/build/icyphy/ptII/lib/netty-resolver-dns-4.1.19.Final.jar:/home/travis/build/icyphy/ptII/lib/netty-transport-4.1.19.Final.jar:/home/travis/build/icyphy/ptII/lib/vertx-codegen-3.5.1.jar:/home/travis/build/icyphy/ptII/lib/vertx-core-3.5.2-SNAPSHOT.jar:/home/travis/build/icyphy/ptII/lib/vertx-hazelcast-3.5.1.jar:/home/travis/build/icyphy/ptII/lib/vertx-lang-js-3.5.1.jar:/home/travis/build/icyphy/ptII/lib/vertx-service-proxy-3.5.1.jar:/home/travis/build/icyphy/ptII/lib/vertx-web-3.5.1.jar:/home/travis/build/icyphy/ptII/lib/slf4j-api-1.7.13.jar:/home/travis/build/icyphy/ptII/lib/slf4j-simple-1.7.13.jar:/home/travis/build/icyphy/ptII/lib/webcam-capture-0.3.12.jar:/home/travis/build/icyphy/ptII/lib/bridj-0.7.0.jar:/home/travis/build/icyphy/ptII/lib/xbjlib-1.1.0.nrjavaserial.jar:/home/travis/build/icyphy/ptII/ptolemy/moml/test:/home/travis/build/icyphy/ptII/ant/lib/ant-launcher.jar:/home/travis/build/icyphy/ptII/ant/lib/ant.jar:/home/travis/build/icyphy/ptII/ant/lib/ant-junit.jar:/home/travis/build/icyphy/ptII/ant/lib/ant-junit4.jar" />
    <property name="ant.library.dir" value="/home/travis/build/icyphy/ptII/ant/lib" />
    <property name="os.arch" value="amd64" />
    <property name="env.TRAVIS_LANGUAGE" value="node_js" />
    <property name="env.CONTINUOUS_INTEGRATION" value="true" />
    <property name="env.TRAVIS_STACK_LANGUAGES" value="__garnet__ c c++ clojure cplusplus cpp default go groovy java node_js php pure_java python ruby scala" />
    <property name="test.name" value="ptolemy.actor.lib.test.junit.JUnitTclTest" />
    <property name="sun.java.launcher" value="SUN_STANDARD" />
    <property name="env.PYTHON_CONFIGURE_OPTS" value="--enable-unicode=ucs4 --with-wide-unicode --enable-shared --enable-ipv6 --enable-loadable-sqlite-extensions --with-computed-gotos" />
    <property name="ant.core.lib" value="/home/travis/build/icyphy/ptII/ant/lib/ant.jar" />
    <property name="java.vm.specification.vendor" value="Oracle Corporation" />
    <property name="env.BCVTB_HOME" value="/home/travis/build/icyphy/ptII/lbnl" />
    <property name="file.separator" value="/" />
    <property name="spotbugs.home" value="/home/travis/build/icyphy/ptII/vendors/spotbugs-3.1.1" />
    <property name="java.runtime.version" value="1.8.0_151-b12" />
    <property name="sun.boot.class.path" value="/usr/lib/jvm/java-8-oracle/jre/lib/resources.jar:/usr/lib/jvm/java-8-oracle/jre/lib/rt.jar:/usr/lib/jvm/java-8-oracle/jre/lib/sunrsasign.jar:/usr/lib/jvm/java-8-oracle/jre/lib/jsse.jar:/usr/lib/jvm/java-8-oracle/jre/lib/jce.jar:/usr/lib/jvm/java-8-oracle/jre/lib/charsets.jar:/usr/lib/jvm/java-8-oracle/jre/lib/jfr.jar:/usr/lib/jvm/java-8-oracle/jre/classes" />
    <property name="env.ANSI_CLEAR" value="\033[0K" />
    <property name="env.HAS_JOSH_K_SEAL_OF_APPROVAL" value="true" />
    <property name="env.XDG_RUNTIME_DIR" value="/run/user/2000" />
    <property name="env.TRAVIS_OSX_IMAGE" value="" />
    <property name="env.TRAVIS_BRANCH" value="master" />
    <property name="env.TRAVIS_JOB_ID" value="486041667" />
    <property name="user.country" value="US" />
    <property name="env.CERTI_HOME_TRAVIS" value="/home/travis/pthla/certi-tools" />
    <property name="env.SHELL" value="/bin/bash" />
    <property name="java.maxmemory.large" value="5000m" />
    <property name="model" value="" />
    <property name="env.CASHER_DIR" value="/home/travis/.casher" />
    <property name="env.NVM_CD_FLAGS" value="" />
    <property name="jshint.executable" value="/home/travis/node_modules/jshint/bin/jshint" />
    <property name="java.vendor" value="Oracle Corporation" />
    <property name="env.JRUBY_OPTS" value=" --client -J-XX:+TieredCompilation -J-XX:TieredStopAtLevel=1 -J-Xss2m -Xcompile.invokedynamic=false" />
    <property name="env.TRAVIS_PRE_CHEF_BOOTSTRAP_TIME" value="2017-12-05T19:32:55" />
    <property name="env.TRAVIS_STACK_JOB_BOARD_REGISTER" value="/.job-board-register.yml" />
    <property name="env.ELIXIR_VERSION" value="1.4.5" />
    <property name="env.ANSI_RED" value="\033[31;1m" />
    <property name="java.specification.version" value="1.8" />
    <property name="env.TRAVIS" value="true" />
    <property name="env.IRBRC" value="/home/travis/.rvm/rubies/ruby-2.4.1/.irbrc" />
    <property name="sun.arch.data.model" value="64" />
  </properties>
  <testcase classname="ptolemy.util.test.junit.TclTests" name="[0] /home/travis/build/icyphy/ptII/ptolemy/actor/lib/test/AbsoluteValue.tcl (RunTclFile)" time="0.496" />
  <testcase classname="ptolemy.util.test.junit.TclTests" name="[1] /home/travis/build/icyphy/ptII/ptolemy/actor/lib/test/AddSubtract.tcl (RunTclFile)" time="0.061" />
  <testcase classname="ptolemy.util.test.junit.TclTests" name="[2] /home/travis/build/icyphy/ptII/ptolemy/actor/lib/test/Average.tcl (RunTclFile)" time="0.055" />
  <testcase classname="ptolemy.util.test.junit.TclTests" name="[3] /home/travis/build/icyphy/ptII/ptolemy/actor/lib/test/Bernoulli.tcl (RunTclFile)" time="0.038" />
  <testcase classname="ptolemy.util.test.junit.TclTests" name="[4] /home/travis/build/icyphy/ptII/ptolemy/actor/lib/test/Clock.tcl (RunTclFile)" time="0.072" />
  <testcase classname="ptolemy.util.test.junit.TclTests" name="[5] /home/travis/build/icyphy/ptII/ptolemy/actor/lib/test/Commutator.tcl (RunTclFile)" time="0.106" />
  <testcase classname="ptolemy.util.test.junit.TclTests" name="[6] /home/travis/build/icyphy/ptII/ptolemy/actor/lib/test/Const.tcl (RunTclFile)" time="0.095" />
  <testcase classname="ptolemy.util.test.junit.TclTests" name="[7] /home/travis/build/icyphy/ptII/ptolemy/actor/lib/test/CurrentTime.tcl (RunTclFile)" time="0.04" />
  <testcase classname="ptolemy.util.test.junit.TclTests" name="[8] /home/travis/build/icyphy/ptII/ptolemy/actor/lib/test/DB.tcl (RunTclFile)" time="0.019" />
  <testcase classname="ptolemy.util.test.junit.TclTests" name="[9] /home/travis/build/icyphy/ptII/ptolemy/actor/lib/test/DiscreteRandomSource.tcl (RunTclFile)" time="0.045" />
  <testcase classname="ptolemy.util.test.junit.TclTests" name="[10] /home/travis/build/icyphy/ptII/ptolemy/actor/lib/test/Distributor.tcl (RunTclFile)" time="0.067" />
  <testcase classname="ptolemy.util.test.junit.TclTests" name="[11] /home/travis/build/icyphy/ptII/ptolemy/actor/lib/test/Exit.tcl (RunTclFile)" time="0.055" />
  <testcase classname="ptolemy.util.test.junit.TclTests" name="[12] /home/travis/build/icyphy/ptII/ptolemy/actor/lib/test/Expression.tcl (RunTclFile)" time="0.101" />
  <testcase classname="ptolemy.util.test.junit.TclTests" name="[13] /home/travis/build/icyphy/ptII/ptolemy/actor/lib/test/Gaussian.tcl (RunTclFile)" time="0.432" />
  <testcase classname="ptolemy.util.test.junit.TclTests" name="[14] /home/travis/build/icyphy/ptII/ptolemy/actor/lib/test/IIR.tcl (RunTclFile)" time="0.041" />
  <testcase classname="ptolemy.util.test.junit.TclTests" name="[15] /home/travis/build/icyphy/ptII/ptolemy/actor/lib/test/Interpolator.tcl (RunTclFile)" time="0.13" />
  <testcase classname="ptolemy.util.test.junit.TclTests" name="[16] /home/travis/build/icyphy/ptII/ptolemy/actor/lib/test/MathFunction.tcl (RunTclFile)" time="0.077" />
  <testcase classname="ptolemy.util.test.junit.TclTests" name="[17] /home/travis/build/icyphy/ptII/ptolemy/actor/lib/test/Maximum.tcl (RunTclFile)" time="0.042" />
  <testcase classname="ptolemy.util.test.junit.TclTests" name="[18] /home/travis/build/icyphy/ptII/ptolemy/actor/lib/test/Minimum.tcl (RunTclFile)" time="0.034" />
  <testcase classname="ptolemy.util.test.junit.TclTests" name="[19] /home/travis/build/icyphy/ptII/ptolemy/actor/lib/test/MultiplyDivide.tcl (RunTclFile)" time="0.045" />
  <testcase classname="ptolemy.util.test.junit.TclTests" name="[20] /home/travis/build/icyphy/ptII/ptolemy/actor/lib/test/OrderedMerge.tcl (RunTclFile)" time="0.11" />
  <testcase classname="ptolemy.util.test.junit.TclTests" name="[21] /home/travis/build/icyphy/ptII/ptolemy/actor/lib/test/Publisher.tcl (RunTclFile)" time="0.687" />
  <testcase classname="ptolemy.util.test.junit.TclTests" name="[22] /home/travis/build/icyphy/ptII/ptolemy/actor/lib/test/Pulse.tcl (RunTclFile)" time="0.058" />
  <testcase classname="ptolemy.util.test.junit.TclTests" name="[23] /home/travis/build/icyphy/ptII/ptolemy/actor/lib/test/Ramp.tcl (RunTclFile)" time="2.124" />
  <testcase classname="ptolemy.util.test.junit.TclTests" name="[24] /home/travis/build/icyphy/ptII/ptolemy/actor/lib/test/RampContinuous.tcl (RunTclFile)" time="0.019" />
  <testcase classname="ptolemy.util.test.junit.TclTests" name="[25] /home/travis/build/icyphy/ptII/ptolemy/actor/lib/test/RecordAssembler.tcl (RunTclFile)" time="0.016" />
  <testcase classname="ptolemy.util.test.junit.TclTests" name="[26] /home/travis/build/icyphy/ptII/ptolemy/actor/lib/test/RecordDisassembler.tcl (RunTclFile)" time="0.025" />
  <testcase classname="ptolemy.util.test.junit.TclTests" name="[27] /home/travis/build/icyphy/ptII/ptolemy/actor/lib/test/Scale.tcl (RunTclFile)" time="0.026" />
  <testcase classname="ptolemy.util.test.junit.TclTests" name="[28] /home/travis/build/icyphy/ptII/ptolemy/actor/lib/test/SequentialClock.tcl (RunTclFile)" time="0.016" />
  <testcase classname="ptolemy.util.test.junit.TclTests" name="[29] /home/travis/build/icyphy/ptII/ptolemy/actor/lib/test/SetVariable.tcl (RunTclFile)" time="0.013" />
  <testcase classname="ptolemy.util.test.junit.TclTests" name="[30] /home/travis/build/icyphy/ptII/ptolemy/actor/lib/test/Sinewave.tcl (RunTclFile)" time="0.056" />
  <testcase classname="ptolemy.util.test.junit.TclTests" name="[31] /home/travis/build/icyphy/ptII/ptolemy/actor/lib/test/SubscriptionAggregator.tcl (RunTclFile)" time="2.072" />
  <testcase classname="ptolemy.util.test.junit.TclTests" name="[32] /home/travis/build/icyphy/ptII/ptolemy/actor/lib/test/Test.tcl (RunTclFile)" time="0.106" />
  <testcase classname="ptolemy.util.test.junit.TclTests" name="[33] /home/travis/build/icyphy/ptII/ptolemy/actor/lib/test/TestExceptionHandler.tcl (RunTclFile)" time="0.011" />
  <testcase classname="ptolemy.util.test.junit.TclTests" name="[34] /home/travis/build/icyphy/ptII/ptolemy/actor/lib/test/UnionDisassembler.tcl (RunTclFile)" time="0.061" />
  <testcase classname="ptolemy.util.test.junit.TclTests" name="[35] /home/travis/build/icyphy/ptII/ptolemy/actor/lib/test/VariableClock.tcl (RunTclFile)" time="0.029" />
  <testcase classname="ptolemy.util.test.junit.AutoKnownFailedTests" name="[0] /home/travis/build/icyphy/ptII/ptolemy/actor/lib/test/auto/knownFailedTests/PublisherPortToplevelSubscriber.xml (RunModel)" time="0.014" />
  <testcase classname="ptolemy.util.test.junit.AutoKnownFailedTests" name="[1] /home/travis/build/icyphy/ptII/ptolemy/actor/lib/test/auto/knownFailedTests/PublisherSubscriberPortToplevel.xml (RunModel)" time="0.013" />
  <testcase classname="ptolemy.util.test.junit.AutoKnownFailedTests" name="[2] /home/travis/build/icyphy/ptII/ptolemy/actor/lib/test/auto/knownFailedTests/PublisherSubscriptionAggregatorPort.xml (RunModel)" time="0.016" />
  <testcase classname="ptolemy.util.test.junit.AutoKnownFailedTests" name="[3] /home/travis/build/icyphy/ptII/ptolemy/actor/lib/test/auto/knownFailedTests/sizedarray3.xml (RunModel)" time="0.033" />
  <testcase classname="ptolemy.util.test.junit.AutoNameArchTests" name="[0] ThereAreNoAutoArchTests (RunModel)" time="0.0" />
  <testcase classname="ptolemy.util.test.junit.AutoTests" name="[0] /home/travis/build/icyphy/ptII/ptolemy/actor/lib/test/auto/AbsoluteValue.xml (RunModel)" time="0.1" />
  <testcase classname="ptolemy.util.test.junit.AutoTests" name="[1] /home/travis/build/icyphy/ptII/ptolemy/actor/lib/test/auto/AbsoluteValue2.xml (RunModel)" time="0.054" />
  <testcase classname="ptolemy.util.test.junit.AutoTests" name="[2] /home/travis/build/icyphy/ptII/ptolemy/actor/lib/test/auto/Accumulator.xml (RunModel)" time="0.032" />
  <testcase classname="ptolemy.util.test.junit.AutoTests" name="[3] /home/travis/build/icyphy/ptII/ptolemy/actor/lib/test/auto/Accumulator2.xml (RunModel)" time="0.032" />
  <testcase classname="ptolemy.util.test.junit.AutoTests" name="[4] /home/travis/build/icyphy/ptII/ptolemy/actor/lib/test/auto/Accumulator3.xml (RunModel)" time="0.055" />
  <testcase classname="ptolemy.util.test.junit.AutoTests" name="[5] /home/travis/build/icyphy/ptII/ptolemy/actor/lib/test/auto/ArrayAppend.xml (RunModel)" time="0.061" />
  <testcase classname="ptolemy.util.test.junit.AutoTests" name="[6] /home/travis/build/icyphy/ptII/ptolemy/actor/lib/test/auto/ArrayAppend2.xml (RunModel)" time="0.625" />
  <testcase classname="ptolemy.util.test.junit.AutoTests" name="[7] /home/travis/build/icyphy/ptII/ptolemy/actor/lib/test/auto/ArrayAppend3.xml (RunModel)" time="0.043" />
  <testcase classname="ptolemy.util.test.junit.AutoTests" name="[8] /home/travis/build/icyphy/ptII/ptolemy/actor/lib/test/auto/ArrayAppend4.xml (RunModel)" time="0.034" />
  <testcase classname="ptolemy.util.test.junit.AutoTests" name="[9] /home/travis/build/icyphy/ptII/ptolemy/actor/lib/test/auto/ArrayAppend5.xml (RunModel)" time="0.027" />
  <testcase classname="ptolemy.util.test.junit.AutoTests" name="[10] /home/travis/build/icyphy/ptII/ptolemy/actor/lib/test/auto/ArrayAppend6.xml (RunModel)" time="0.018" />
  <testcase classname="ptolemy.util.test.junit.AutoTests" name="[11] /home/travis/build/icyphy/ptII/ptolemy/actor/lib/test/auto/ArrayAppendPerformanceTest.xml (RunModel)" time="0.049" />
  <testcase classname="ptolemy.util.test.junit.AutoTests" name="[12] /home/travis/build/icyphy/ptII/ptolemy/actor/lib/test/auto/ArrayAppendWithEmptyInput.xml (RunModel)" time="0.074" />
  <testcase classname="ptolemy.util.test.junit.AutoTests" name="[13] /home/travis/build/icyphy/ptII/ptolemy/actor/lib/test/auto/ArrayAverage.xml (RunModel)" time="0.058" />
  <testcase classname="ptolemy.util.test.junit.AutoTests" name="[14] /home/travis/build/icyphy/ptII/ptolemy/actor/lib/test/auto/ArrayContains.xml (RunModel)" time="0.033" />
  <testcase classname="ptolemy.util.test.junit.AutoTests" name="[15] /home/travis/build/icyphy/ptII/ptolemy/actor/lib/test/auto/ArrayElement.xml (RunModel)" time="0.025" />
  <testcase classname="ptolemy.util.test.junit.AutoTests" name="[16] /home/travis/build/icyphy/ptII/ptolemy/actor/lib/test/auto/ArrayElementAsMatrix.xml (RunModel)" time="0.041" />
  <testcase classname="ptolemy.util.test.junit.AutoTests" name="[17] /home/travis/build/icyphy/ptII/ptolemy/actor/lib/test/auto/ArrayElementI.xml (RunModel)" time="0.016" />
  <testcase classname="ptolemy.util.test.junit.AutoTests" name="[18] /home/travis/build/icyphy/ptII/ptolemy/actor/lib/test/auto/ArrayExtract.xml (RunModel)" time="0.032" />
  <testcase classname="ptolemy.util.test.junit.AutoTests" name="[19] /home/travis/build/icyphy/ptII/ptolemy/actor/lib/test/auto/ArrayExtract2.xml (RunModel)" time="0.018" />
  <testcase classname="ptolemy.util.test.junit.AutoTests" name="[20] /home/travis/build/icyphy/ptII/ptolemy/actor/lib/test/auto/ArrayLength.xml (RunModel)" time="0.054" />
  <testcase classname="ptolemy.util.test.junit.AutoTests" name="[21] /home/travis/build/icyphy/ptII/ptolemy/actor/lib/test/auto/ArrayLevelCrossing.xml (RunModel)" time="0.037" />
  <testcase classname="ptolemy.util.test.junit.AutoTests" name="[22] /home/travis/build/icyphy/ptII/ptolemy/actor/lib/test/auto/ArrayLevelCrossing2.xml (RunModel)" time="0.026" />
  <testcase classname="ptolemy.util.test.junit.AutoTests" name="[23] /home/travis/build/icyphy/ptII/ptolemy/actor/lib/test/auto/ArrayPeakSearch.xml (RunModel)" time="0.041" />
  <testcase classname="ptolemy.util.test.junit.AutoTests" name="[24] /home/travis/build/icyphy/ptII/ptolemy/actor/lib/test/auto/ArrayPeakSearch2.xml (RunModel)" time="0.035" />
  <testcase classname="ptolemy.util.test.junit.AutoTests" name="[25] /home/travis/build/icyphy/ptII/ptolemy/actor/lib/test/auto/ArrayPeakSearch3.xml (RunModel)" time="0.029" />
  <testcase classname="ptolemy.util.test.junit.AutoTests" name="[26] /home/travis/build/icyphy/ptII/ptolemy/actor/lib/test/auto/ArrayRemoveElement.xml (RunModel)" time="0.027" />
  <testcase classname="ptolemy.util.test.junit.AutoTests" name="[27] /home/travis/build/icyphy/ptII/ptolemy/actor/lib/test/auto/ArraySort.xml (RunModel)" time="0.034" />
  <testcase classname="ptolemy.util.test.junit.AutoTests" name="[28] /home/travis/build/icyphy/ptII/ptolemy/actor/lib/test/auto/ArraySum.xml (RunModel)" time="0.018" />
  <testcase classname="ptolemy.util.test.junit.AutoTests" name="[29] /home/travis/build/icyphy/ptII/ptolemy/actor/lib/test/auto/ArrayToElements.xml (RunModel)" time="0.019" />
  <testcase classname="ptolemy.util.test.junit.AutoTests" name="[30] /home/travis/build/icyphy/ptII/ptolemy/actor/lib/test/auto/ArrayToMatrix.xml (RunModel)" time="0.059" />
  <testcase classname="ptolemy.util.test.junit.AutoTests" name="[31] /home/travis/build/icyphy/ptII/ptolemy/actor/lib/test/auto/ArrayUpdate1.xml (RunModel)" time="0.014" />
  <testcase classname="ptolemy.util.test.junit.AutoTests" name="[32] /home/travis/build/icyphy/ptII/ptolemy/actor/lib/test/auto/ArrayUpdate2.xml (RunModel)" time="0.021" />
  <testcase classname="ptolemy.util.test.junit.AutoTests" name="[33] /home/travis/build/icyphy/ptII/ptolemy/actor/lib/test/auto/ArrayUpdate3.xml (RunModel)" time="0.016" />
  <testcase classname="ptolemy.util.test.junit.AutoTests" name="[34] /home/travis/build/icyphy/ptII/ptolemy/actor/lib/test/auto/Assert1.xml (RunModel)" time="0.029" />
  <testcase classname="ptolemy.util.test.junit.AutoTests" name="[35] /home/travis/build/icyphy/ptII/ptolemy/actor/lib/test/auto/Assert2.xml (RunModel)" time="0.015" />
  <testcase classname="ptolemy.util.test.junit.AutoTests" name="[36] /home/travis/build/icyphy/ptII/ptolemy/actor/lib/test/auto/BooleanMultiplexor.xml (RunModel)" time="0.015" />
  <testcase classname="ptolemy.util.test.junit.AutoTests" name="[37] /home/travis/build/icyphy/ptII/ptolemy/actor/lib/test/auto/BooleanMultiplexor2.xml (RunModel)" time="0.027" />
  <testcase classname="ptolemy.util.test.junit.AutoTests" name="[38] /home/travis/build/icyphy/ptII/ptolemy/actor/lib/test/auto/BooleanMultiplexor3.xml (RunModel)" time="0.028" />
  <testcase classname="ptolemy.util.test.junit.AutoTests" name="[39] /home/travis/build/icyphy/ptII/ptolemy/actor/lib/test/auto/BooleanSelect.xml (RunModel)" time="0.083" />
  <testcase classname="ptolemy.util.test.junit.AutoTests" name="[40] /home/travis/build/icyphy/ptII/ptolemy/actor/lib/test/auto/BooleanSelect2.xml (RunModel)" time="0.015" />
  <testcase classname="ptolemy.util.test.junit.AutoTests" name="[41] /home/travis/build/icyphy/ptII/ptolemy/actor/lib/test/auto/BooleanSwitch.xml (RunModel)" time="0.02" />
  <testcase classname="ptolemy.util.test.junit.AutoTests" name="[42] /home/travis/build/icyphy/ptII/ptolemy/actor/lib/test/auto/BooleanSwitch2.xml (RunModel)" time="0.012" />
  <testcase classname="ptolemy.util.test.junit.AutoTests" name="[43] /home/travis/build/icyphy/ptII/ptolemy/actor/lib/test/auto/BooleanSwitchCloningBugWithClassRelationGroup.xml (RunModel)" time="0.024" />
  <testcase classname="ptolemy.util.test.junit.AutoTests" name="[44] /home/travis/build/icyphy/ptII/ptolemy/actor/lib/test/auto/BusActors.xml (RunModel)" time="0.025" />
  <testcase classname="ptolemy.util.test.junit.AutoTests" name="[45] /home/travis/build/icyphy/ptII/ptolemy/actor/lib/test/auto/ClassWrapper.xml (RunModel)" time="0.009" />
  <testcase classname="ptolemy.util.test.junit.AutoTests" name="[46] /home/travis/build/icyphy/ptII/ptolemy/actor/lib/test/auto/Clock.xml (RunModel)" time="0.007" />
  <testcase classname="ptolemy.util.test.junit.AutoTests" name="[47] /home/travis/build/icyphy/ptII/ptolemy/actor/lib/test/auto/Clock10.xml (RunModel)" time="0.012" />
  <testcase classname="ptolemy.util.test.junit.AutoTests" name="[48] /home/travis/build/icyphy/ptII/ptolemy/actor/lib/test/auto/Clock11.xml (RunModel)" time="0.012" />
  <testcase classname="ptolemy.util.test.junit.AutoTests" name="[49] /home/travis/build/icyphy/ptII/ptolemy/actor/lib/test/auto/Clock12.xml (RunModel)" time="0.012" />
  <testcase classname="ptolemy.util.test.junit.AutoTests" name="[50] /home/travis/build/icyphy/ptII/ptolemy/actor/lib/test/auto/Clock13.xml (RunModel)" time="0.015" />
  <testcase classname="ptolemy.util.test.junit.AutoTests" name="[51] /home/travis/build/icyphy/ptII/ptolemy/actor/lib/test/auto/Clock14.xml (RunModel)" time="0.015" />
  <testcase classname="ptolemy.util.test.junit.AutoTests" name="[52] /home/travis/build/icyphy/ptII/ptolemy/actor/lib/test/auto/Clock15.xml (RunModel)" time="0.014" />
  <testcase classname="ptolemy.util.test.junit.AutoTests" name="[53] /home/travis/build/icyphy/ptII/ptolemy/actor/lib/test/auto/Clock16.xml (RunModel)" time="0.071" />
  <testcase classname="ptolemy.util.test.junit.AutoTests" name="[54] /home/travis/build/icyphy/ptII/ptolemy/actor/lib/test/auto/Clock17.xml (RunModel)" time="0.041" />
  <testcase classname="ptolemy.util.test.junit.AutoTests" name="[55] /home/travis/build/icyphy/ptII/ptolemy/actor/lib/test/auto/Clock18.xml (RunModel)" time="0.041" />
  <testcase classname="ptolemy.util.test.junit.AutoTests" name="[56] /home/travis/build/icyphy/ptII/ptolemy/actor/lib/test/auto/Clock19.xml (RunModel)" time="0.037" />
  <testcase classname="ptolemy.util.test.junit.AutoTests" name="[57] /home/travis/build/icyphy/ptII/ptolemy/actor/lib/test/auto/Clock2.xml (RunModel)" time="0.012" />
  <testcase classname="ptolemy.util.test.junit.AutoTests" name="[58] /home/travis/build/icyphy/ptII/ptolemy/actor/lib/test/auto/Clock20.xml (RunModel)" time="0.018" />
  <testcase classname="ptolemy.util.test.junit.AutoTests" name="[59] /home/travis/build/icyphy/ptII/ptolemy/actor/lib/test/auto/Clock21.xml (RunModel)" time="0.02" />
  <testcase classname="ptolemy.util.test.junit.AutoTests" name="[60] /home/travis/build/icyphy/ptII/ptolemy/actor/lib/test/auto/Clock22.xml (RunModel)" time="0.015" />
  <testcase classname="ptolemy.util.test.junit.AutoTests" name="[61] /home/travis/build/icyphy/ptII/ptolemy/actor/lib/test/auto/Clock23.xml (RunModel)" time="0.016" />
  <testcase classname="ptolemy.util.test.junit.AutoTests" name="[62] /home/travis/build/icyphy/ptII/ptolemy/actor/lib/test/auto/Clock24.xml (RunModel)" time="0.015" />
  <testcase classname="ptolemy.util.test.junit.AutoTests" name="[63] /home/travis/build/icyphy/ptII/ptolemy/actor/lib/test/auto/Clock4.xml (RunModel)" time="0.012" />
  <testcase classname="ptolemy.util.test.junit.AutoTests" name="[64] /home/travis/build/icyphy/ptII/ptolemy/actor/lib/test/auto/Clock5.xml (RunModel)" time="0.01" />
  <testcase classname="ptolemy.util.test.junit.AutoTests" name="[65] /home/travis/build/icyphy/ptII/ptolemy/actor/lib/test/auto/Clock6.xml (RunModel)" time="0.008" />
  <testcase classname="ptolemy.util.test.junit.AutoTests" name="[66] /home/travis/build/icyphy/ptII/ptolemy/actor/lib/test/auto/Clock7.xml (RunModel)" time="0.008" />
  <testcase classname="ptolemy.util.test.junit.AutoTests" name="[67] /home/travis/build/icyphy/ptII/ptolemy/actor/lib/test/auto/Clock8.xml (RunModel)" time="0.014" />
  <testcase classname="ptolemy.util.test.junit.AutoTests" name="[68] /home/travis/build/icyphy/ptII/ptolemy/actor/lib/test/auto/Clock9.xml (RunModel)" time="0.01" />
  <testcase classname="ptolemy.util.test.junit.AutoTests" name="[69] /home/travis/build/icyphy/ptII/ptolemy/actor/lib/test/auto/CommDistDiscard.xml (RunModel)" time="0.024" />
  <testcase classname="ptolemy.util.test.junit.AutoTests" name="[70] /home/travis/build/icyphy/ptII/ptolemy/actor/lib/test/auto/Commutator.xml (RunModel)" time="0.012" />
  <testcase classname="ptolemy.util.test.junit.AutoTests" name="[71] /home/travis/build/icyphy/ptII/ptolemy/actor/lib/test/auto/Commutator2.xml (RunModel)" time="0.011" />
  <testcase classname="ptolemy.util.test.junit.AutoTests" name="[72] /home/travis/build/icyphy/ptII/ptolemy/actor/lib/test/auto/Commutator3.xml (RunModel)" time="0.01" />
  <testcase classname="ptolemy.util.test.junit.AutoTests" name="[73] /home/travis/build/icyphy/ptII/ptolemy/actor/lib/test/auto/Compare.xml (RunModel)" time="0.02" />
  <testcase classname="ptolemy.util.test.junit.AutoTests" name="[74] /home/travis/build/icyphy/ptII/ptolemy/actor/lib/test/auto/CompareDE.xml (RunModel)" time="0.019" />
  <testcase classname="ptolemy.util.test.junit.AutoTests" name="[75] /home/travis/build/icyphy/ptII/ptolemy/actor/lib/test/auto/ComplexDivide.xml (RunModel)" time="0.011" />
  <testcase classname="ptolemy.util.test.junit.AutoTests" name="[76] /home/travis/build/icyphy/ptII/ptolemy/actor/lib/test/auto/ComputeHistogram.xml (RunModel)" time="0.082" />
  <testcase classname="ptolemy.util.test.junit.AutoTests" name="[77] /home/travis/build/icyphy/ptII/ptolemy/actor/lib/test/auto/ConfigurationSelect.xml (RunModel)" time="0.02" />
  <testcase classname="ptolemy.util.test.junit.AutoTests" name="[78] /home/travis/build/icyphy/ptII/ptolemy/actor/lib/test/auto/ConfigurationSelect2.xml (RunModel)" time="0.013" />
  <testcase classname="ptolemy.util.test.junit.AutoTests" name="[79] /home/travis/build/icyphy/ptII/ptolemy/actor/lib/test/auto/ConfigurationSwitch.xml (RunModel)" time="0.023" />
  <testcase classname="ptolemy.util.test.junit.AutoTests" name="[80] /home/travis/build/icyphy/ptII/ptolemy/actor/lib/test/auto/ConfigurationSwitch2.xml (RunModel)" time="0.018" />
  <testcase classname="ptolemy.util.test.junit.AutoTests" name="[81] /home/travis/build/icyphy/ptII/ptolemy/actor/lib/test/auto/ConfigurationSwitchCloningBugWithClassRelationGroup.xml (RunModel)" time="0.023" />
  <testcase classname="ptolemy.util.test.junit.AutoTests" name="[82] /home/travis/build/icyphy/ptII/ptolemy/actor/lib/test/auto/ConfigurationSwitchSelectSDF.xml (RunModel)" time="0.016" />
  <testcase classname="ptolemy.util.test.junit.AutoTests" name="[83] /home/travis/build/icyphy/ptII/ptolemy/actor/lib/test/auto/ConfigurationSwitchSelectSDF2.xml (RunModel)" time="0.013" />
  <testcase classname="ptolemy.util.test.junit.AutoTests" name="[84] /home/travis/build/icyphy/ptII/ptolemy/actor/lib/test/auto/Const.xml (RunModel)" time="0.009" />
  <testcase classname="ptolemy.util.test.junit.AutoTests" name="[85] /home/travis/build/icyphy/ptII/ptolemy/actor/lib/test/auto/Const2.xml (RunModel)" time="0.011" />
  <testcase classname="ptolemy.util.test.junit.AutoTests" name="[86] /home/travis/build/icyphy/ptII/ptolemy/actor/lib/test/auto/Const3.xml (RunModel)" time="0.006" />
  <testcase classname="ptolemy.util.test.junit.AutoTests" name="[87] /home/travis/build/icyphy/ptII/ptolemy/actor/lib/test/auto/ConstantPublisherPort1.xml (RunModel)" time="0.025" />
  <testcase classname="ptolemy.util.test.junit.AutoTests" name="[88] /home/travis/build/icyphy/ptII/ptolemy/actor/lib/test/auto/ConstantPublisherPort2.xml (RunModel)" time="0.027" />
  <testcase classname="ptolemy.util.test.junit.AutoTests" name="[89] /home/travis/build/icyphy/ptII/ptolemy/actor/lib/test/auto/ConstantPublisherPort3.xml (RunModel)" time="0.02" />
  <testcase classname="ptolemy.util.test.junit.AutoTests" name="[90] /home/travis/build/icyphy/ptII/ptolemy/actor/lib/test/auto/ConstantPublisherPort4.xml (RunModel)" time="0.027" />
  <testcase classname="ptolemy.util.test.junit.AutoTests" name="[91] /home/travis/build/icyphy/ptII/ptolemy/actor/lib/test/auto/ConstantPublisherPort5.xml (RunModel)" time="0.037" />
  <testcase classname="ptolemy.util.test.junit.AutoTests" name="[92] /home/travis/build/icyphy/ptII/ptolemy/actor/lib/test/auto/ConstantPublisherPort6.xml (RunModel)" time="0.045" />
  <testcase classname="ptolemy.util.test.junit.AutoTests" name="[93] /home/travis/build/icyphy/ptII/ptolemy/actor/lib/test/auto/ConstantPublisherPort7.xml (RunModel)" time="0.024" />
  <testcase classname="ptolemy.util.test.junit.AutoTests" name="[94] /home/travis/build/icyphy/ptII/ptolemy/actor/lib/test/auto/ConstraintMonitor1.xml (RunModel)" time="0.032" />
  <testcase classname="ptolemy.util.test.junit.AutoTests" name="[95] /home/travis/build/icyphy/ptII/ptolemy/actor/lib/test/auto/ConstraintMonitor2.xml (RunModel)" time="0.01" />
  <testcase classname="ptolemy.util.test.junit.AutoTests" name="[96] /home/travis/build/icyphy/ptII/ptolemy/actor/lib/test/auto/ConstraintMonitor3.xml (RunModel)" time="0.014" />
  <testcase classname="ptolemy.util.test.junit.AutoTests" name="[97] /home/travis/build/icyphy/ptII/ptolemy/actor/lib/test/auto/ConstraintMonitor4.xml (RunModel)" time="0.011" />
  <testcase classname="ptolemy.util.test.junit.AutoTests" name="[98] /home/travis/build/icyphy/ptII/ptolemy/actor/lib/test/auto/ConstraintMonitor5.xml (RunModel)" time="0.018" />
  <testcase classname="ptolemy.util.test.junit.AutoTests" name="[99] /home/travis/build/icyphy/ptII/ptolemy/actor/lib/test/auto/ConstraintMonitor6.xml (RunModel)" time="0.012" />
  <testcase classname="ptolemy.util.test.junit.AutoTests" name="[100] /home/travis/build/icyphy/ptII/ptolemy/actor/lib/test/auto/ConstraintMonitor7.xml (RunModel)" time="0.02" />
  <testcase classname="ptolemy.util.test.junit.AutoTests" name="[101] /home/travis/build/icyphy/ptII/ptolemy/actor/lib/test/auto/ConstraintMonitor8.xml (RunModel)" time="0.023" />
  <testcase classname="ptolemy.util.test.junit.AutoTests" name="[102] /home/travis/build/icyphy/ptII/ptolemy/actor/lib/test/auto/Counter.xml (RunModel)" time="0.012" />
  <testcase classname="ptolemy.util.test.junit.AutoTests" name="[103] /home/travis/build/icyphy/ptII/ptolemy/actor/lib/test/auto/CurrentTimeSDF.xml (RunModel)" time="0.008" />
  <testcase classname="ptolemy.util.test.junit.AutoTests" name="[104] /home/travis/build/icyphy/ptII/ptolemy/actor/lib/test/auto/DB.xml (RunModel)" time="0.014" />
  <testcase classname="ptolemy.util.test.junit.AutoTests" name="[105] /home/travis/build/icyphy/ptII/ptolemy/actor/lib/test/auto/DBDE.xml (RunModel)" time="0.024" />
  <testcase classname="ptolemy.util.test.junit.AutoTests" name="[106] /home/travis/build/icyphy/ptII/ptolemy/actor/lib/test/auto/DateConstructor.xml (RunModel)" time="0.063" />
  <testcase classname="ptolemy.util.test.junit.AutoTests" name="[107] /home/travis/build/icyphy/ptII/ptolemy/actor/lib/test/auto/DelayTime.xml (RunModel)" time="0.017" />
  <testcase classname="ptolemy.util.test.junit.AutoTests" name="[108] /home/travis/build/icyphy/ptII/ptolemy/actor/lib/test/auto/Dictionary1.xml (RunModel)" time="0.018" />
  <testcase classname="ptolemy.util.test.junit.AutoTests" name="[109] /home/travis/build/icyphy/ptII/ptolemy/actor/lib/test/auto/Dictionary2.xml (RunModel)" time="0.019" />
  <testcase classname="ptolemy.util.test.junit.AutoTests" name="[110] /home/travis/build/icyphy/ptII/ptolemy/actor/lib/test/auto/Dictionary3.xml (RunModel)" time="0.015" />
  <testcase classname="ptolemy.util.test.junit.AutoTests" name="[111] /home/travis/build/icyphy/ptII/ptolemy/actor/lib/test/auto/Dictionary4.xml (RunModel)" time="0.026" />
  <testcase classname="ptolemy.util.test.junit.AutoTests" name="[112] /home/travis/build/icyphy/ptII/ptolemy/actor/lib/test/auto/Differential.xml (RunModel)" time="0.011" />
  <testcase classname="ptolemy.util.test.junit.AutoTests" name="[113] /home/travis/build/icyphy/ptII/ptolemy/actor/lib/test/auto/Director.xml (RunModel)" time="0.01" />
  <testcase classname="ptolemy.util.test.junit.AutoTests" name="[114] /home/travis/build/icyphy/ptII/ptolemy/actor/lib/test/auto/DiscreteClock.xml (RunModel)" time="0.007" />
  <testcase classname="ptolemy.util.test.junit.AutoTests" name="[115] /home/travis/build/icyphy/ptII/ptolemy/actor/lib/test/auto/DiscreteClock10.xml (RunModel)" time="0.012" />
  <testcase classname="ptolemy.util.test.junit.AutoTests" name="[116] /home/travis/build/icyphy/ptII/ptolemy/actor/lib/test/auto/DiscreteClock11.xml (RunModel)" time="0.013" />
  <testcase classname="ptolemy.util.test.junit.AutoTests" name="[117] /home/travis/build/icyphy/ptII/ptolemy/actor/lib/test/auto/DiscreteClock12.xml (RunModel)" time="0.014" />
  <testcase classname="ptolemy.util.test.junit.AutoTests" name="[118] /home/travis/build/icyphy/ptII/ptolemy/actor/lib/test/auto/DiscreteClock13.xml (RunModel)" time="0.017" />
  <testcase classname="ptolemy.util.test.junit.AutoTests" name="[119] /home/travis/build/icyphy/ptII/ptolemy/actor/lib/test/auto/DiscreteClock14.xml (RunModel)" time="0.014" />
  <testcase classname="ptolemy.util.test.junit.AutoTests" name="[120] /home/travis/build/icyphy/ptII/ptolemy/actor/lib/test/auto/DiscreteClock15.xml (RunModel)" time="0.019" />
  <testcase classname="ptolemy.util.test.junit.AutoTests" name="[121] /home/travis/build/icyphy/ptII/ptolemy/actor/lib/test/auto/DiscreteClock16.xml (RunModel)" time="0.047" />
  <testcase classname="ptolemy.util.test.junit.AutoTests" name="[122] /home/travis/build/icyphy/ptII/ptolemy/actor/lib/test/auto/DiscreteClock17.xml (RunModel)" time="0.041" />
  <testcase classname="ptolemy.util.test.junit.AutoTests" name="[123] /home/travis/build/icyphy/ptII/ptolemy/actor/lib/test/auto/DiscreteClock18.xml (RunModel)" time="0.035" />
  <testcase classname="ptolemy.util.test.junit.AutoTests" name="[124] /home/travis/build/icyphy/ptII/ptolemy/actor/lib/test/auto/DiscreteClock19.xml (RunModel)" time="0.037" />
  <testcase classname="ptolemy.util.test.junit.AutoTests" name="[125] /home/travis/build/icyphy/ptII/ptolemy/actor/lib/test/auto/DiscreteClock2.xml (RunModel)" time="0.013" />
  <testcase classname="ptolemy.util.test.junit.AutoTests" name="[126] /home/travis/build/icyphy/ptII/ptolemy/actor/lib/test/auto/DiscreteClock20.xml (RunModel)" time="0.017" />
  <testcase classname="ptolemy.util.test.junit.AutoTests" name="[127] /home/travis/build/icyphy/ptII/ptolemy/actor/lib/test/auto/DiscreteClock21.xml (RunModel)" time="0.017" />
  <testcase classname="ptolemy.util.test.junit.AutoTests" name="[128] /home/travis/build/icyphy/ptII/ptolemy/actor/lib/test/auto/DiscreteClock22.xml (RunModel)" time="0.016" />
  <testcase classname="ptolemy.util.test.junit.AutoTests" name="[129] /home/travis/build/icyphy/ptII/ptolemy/actor/lib/test/auto/DiscreteClock23.xml (RunModel)" time="0.017" />
  <testcase classname="ptolemy.util.test.junit.AutoTests" name="[130] /home/travis/build/icyphy/ptII/ptolemy/actor/lib/test/auto/DiscreteClock24.xml (RunModel)" time="0.605" />
  <testcase classname="ptolemy.util.test.junit.AutoTests" name="[131] /home/travis/build/icyphy/ptII/ptolemy/actor/lib/test/auto/DiscreteClock4.xml (RunModel)" time="0.016" />
  <testcase classname="ptolemy.util.test.junit.AutoTests" name="[132] /home/travis/build/icyphy/ptII/ptolemy/actor/lib/test/auto/DiscreteClock5.xml (RunModel)" time="0.01" />
  <testcase classname="ptolemy.util.test.junit.AutoTests" name="[133] /home/travis/build/icyphy/ptII/ptolemy/actor/lib/test/auto/DiscreteClock6.xml (RunModel)" time="0.006" />
  <testcase classname="ptolemy.util.test.junit.AutoTests" name="[134] /home/travis/build/icyphy/ptII/ptolemy/actor/lib/test/auto/DiscreteClock7.xml (RunModel)" time="0.008" />
  <testcase classname="ptolemy.util.test.junit.AutoTests" name="[135] /home/travis/build/icyphy/ptII/ptolemy/actor/lib/test/auto/DiscreteClock8.xml (RunModel)" time="0.013" />
  <testcase classname="ptolemy.util.test.junit.AutoTests" name="[136] /home/travis/build/icyphy/ptII/ptolemy/actor/lib/test/auto/DiscreteClock9.xml (RunModel)" time="0.016" />
  <testcase classname="ptolemy.util.test.junit.AutoTests" name="[137] /home/travis/build/icyphy/ptII/ptolemy/actor/lib/test/auto/DisplayArray.xml (RunModel)" time="0.007" />
  <testcase classname="ptolemy.util.test.junit.AutoTests" name="[138] /home/travis/build/icyphy/ptII/ptolemy/actor/lib/test/auto/Distributor.xml (RunModel)" time="0.008" />
  <testcase classname="ptolemy.util.test.junit.AutoTests" name="[139] /home/travis/build/icyphy/ptII/ptolemy/actor/lib/test/auto/Distributor2.xml (RunModel)" time="0.008" />
  <testcase classname="ptolemy.util.test.junit.AutoTests" name="[140] /home/travis/build/icyphy/ptII/ptolemy/actor/lib/test/auto/DownSample.xml (RunModel)" time="0.009" />
  <testcase classname="ptolemy.util.test.junit.AutoTests" name="[141] /home/travis/build/icyphy/ptII/ptolemy/actor/lib/test/auto/ElectronicUnitBase1.xml (RunModel)" time="0.058" />
  <testcase classname="ptolemy.util.test.junit.AutoTests" name="[142] /home/travis/build/icyphy/ptII/ptolemy/actor/lib/test/auto/ElementsToArray.xml (RunModel)" time="0.009" />
  <testcase classname="ptolemy.util.test.junit.AutoTests" name="[143] /home/travis/build/icyphy/ptII/ptolemy/actor/lib/test/auto/Equals.xml (RunModel)" time="0.011" />
  <testcase classname="ptolemy.util.test.junit.AutoTests" name="[144] /home/travis/build/icyphy/ptII/ptolemy/actor/lib/test/auto/Exec.xml (RunModel)" time="0.015" />
  <testcase classname="ptolemy.util.test.junit.AutoTests" name="[145] /home/travis/build/icyphy/ptII/ptolemy/actor/lib/test/auto/ExecEnvironment.xml (RunModel)" time="0.03" />
  <testcase classname="ptolemy.util.test.junit.AutoTests" name="[146] /home/travis/build/icyphy/ptII/ptolemy/actor/lib/test/auto/ExecNonZeroReturnOutput.xml (RunModel)" time="0.153" />
  <testcase classname="ptolemy.util.test.junit.AutoTests" name="[147] /home/travis/build/icyphy/ptII/ptolemy/actor/lib/test/auto/ExecRunDemos.xml (RunModel)" time="9.375" />
  <testcase classname="ptolemy.util.test.junit.AutoTests" name="[148] /home/travis/build/icyphy/ptII/ptolemy/actor/lib/test/auto/ExecStop.xml (RunModel)" time="5.03" />
  <testcase classname="ptolemy.util.test.junit.AutoTests" name="[149] /home/travis/build/icyphy/ptII/ptolemy/actor/lib/test/auto/ExecutionTimeSDF.xml (RunModel)" time="6.033" />
  <testcase classname="ptolemy.util.test.junit.AutoTests" name="[150] /home/travis/build/icyphy/ptII/ptolemy/actor/lib/test/auto/Expression1.xml (RunModel)" time="0.013" />
  <testcase classname="ptolemy.util.test.junit.AutoTests" name="[151] /home/travis/build/icyphy/ptII/ptolemy/actor/lib/test/auto/Expression10.xml (RunModel)" time="0.018" />
  <testcase classname="ptolemy.util.test.junit.AutoTests" name="[152] /home/travis/build/icyphy/ptII/ptolemy/actor/lib/test/auto/Expression11.xml (RunModel)" time="0.012" />
  <testcase classname="ptolemy.util.test.junit.AutoTests" name="[153] /home/travis/build/icyphy/ptII/ptolemy/actor/lib/test/auto/Expression12.xml (RunModel)" time="0.013" />
  <testcase classname="ptolemy.util.test.junit.AutoTests" name="[154] /home/travis/build/icyphy/ptII/ptolemy/actor/lib/test/auto/Expression13.xml (RunModel)" time="0.016" />
  <testcase classname="ptolemy.util.test.junit.AutoTests" name="[155] /home/travis/build/icyphy/ptII/ptolemy/actor/lib/test/auto/Expression14.xml (RunModel)" time="0.018" />
  <testcase classname="ptolemy.util.test.junit.AutoTests" name="[156] /home/travis/build/icyphy/ptII/ptolemy/actor/lib/test/auto/Expression15.xml (RunModel)" time="0.011" />
  <testcase classname="ptolemy.util.test.junit.AutoTests" name="[157] /home/travis/build/icyphy/ptII/ptolemy/actor/lib/test/auto/Expression16.xml (RunModel)" time="0.013" />
  <testcase classname="ptolemy.util.test.junit.AutoTests" name="[158] /home/travis/build/icyphy/ptII/ptolemy/actor/lib/test/auto/Expression17.xml (RunModel)" time="0.012" />
  <testcase classname="ptolemy.util.test.junit.AutoTests" name="[159] /home/travis/build/icyphy/ptII/ptolemy/actor/lib/test/auto/Expression18.xml (RunModel)" time="0.013" />
  <testcase classname="ptolemy.util.test.junit.AutoTests" name="[160] /home/travis/build/icyphy/ptII/ptolemy/actor/lib/test/auto/Expression2.xml (RunModel)" time="0.013" />
  <testcase classname="ptolemy.util.test.junit.AutoTests" name="[161] /home/travis/build/icyphy/ptII/ptolemy/actor/lib/test/auto/Expression3.xml (RunModel)" time="0.016" />
  <testcase classname="ptolemy.util.test.junit.AutoTests" name="[162] /home/travis/build/icyphy/ptII/ptolemy/actor/lib/test/auto/Expression4.xml (RunModel)" time="0.024" />
  <testcase classname="ptolemy.util.test.junit.AutoTests" name="[163] /home/travis/build/icyphy/ptII/ptolemy/actor/lib/test/auto/Expression5.xml (RunModel)" time="0.015" />
  <testcase classname="ptolemy.util.test.junit.AutoTests" name="[164] /home/travis/build/icyphy/ptII/ptolemy/actor/lib/test/auto/Expression6.xml (RunModel)" time="0.01" />
  <testcase classname="ptolemy.util.test.junit.AutoTests" name="[165] /home/travis/build/icyphy/ptII/ptolemy/actor/lib/test/auto/Expression7.xml (RunModel)" time="0.013" />
  <testcase classname="ptolemy.util.test.junit.AutoTests" name="[166] /home/travis/build/icyphy/ptII/ptolemy/actor/lib/test/auto/Expression8.xml (RunModel)" time="0.015" />
  <testcase classname="ptolemy.util.test.junit.AutoTests" name="[167] /home/travis/build/icyphy/ptII/ptolemy/actor/lib/test/auto/Expression9.xml (RunModel)" time="0.01" />
  <testcase classname="ptolemy.util.test.junit.AutoTests" name="[168] /home/travis/build/icyphy/ptII/ptolemy/actor/lib/test/auto/ExpressionConcatenateArrayType.xml (RunModel)" time="0.027" />
  <testcase classname="ptolemy.util.test.junit.AutoTests" name="[169] /home/travis/build/icyphy/ptII/ptolemy/actor/lib/test/auto/ExpressionConcatenateArrayType2.xml (RunModel)" time="0.018" />
  <testcase classname="ptolemy.util.test.junit.AutoTests" name="[170] /home/travis/build/icyphy/ptII/ptolemy/actor/lib/test/auto/ExpressionFix.xml (RunModel)" time="0.025" />
  <testcase classname="ptolemy.util.test.junit.AutoTests" name="[171] /home/travis/build/icyphy/ptII/ptolemy/actor/lib/test/auto/ExpressionFix2.xml (RunModel)" time="0.007" />
  <testcase classname="ptolemy.util.test.junit.AutoTests" name="[172] /home/travis/build/icyphy/ptII/ptolemy/actor/lib/test/auto/ExpressionFix3.xml (RunModel)" time="0.008" />
  <testcase classname="ptolemy.util.test.junit.AutoTests" name="[173] /home/travis/build/icyphy/ptII/ptolemy/actor/lib/test/auto/FileWriter1.xml (RunModel)" time="0.008" />
  <testcase classname="ptolemy.util.test.junit.AutoTests" name="[174] /home/travis/build/icyphy/ptII/ptolemy/actor/lib/test/auto/FileWriter2.xml (RunModel)" time="0.008" />
  <testcase classname="ptolemy.util.test.junit.AutoTests" name="[175] /home/travis/build/icyphy/ptII/ptolemy/actor/lib/test/auto/FileWriter3.xml (RunModel)" time="0.008" />
  <testcase classname="ptolemy.util.test.junit.AutoTests" name="[176] /home/travis/build/icyphy/ptII/ptolemy/actor/lib/test/auto/Gaussian.xml (RunModel)" time="0.008" />
  <testcase classname="ptolemy.util.test.junit.AutoTests" name="[177] /home/travis/build/icyphy/ptII/ptolemy/actor/lib/test/auto/Gaussian1.xml (RunModel)" time="0.01" />
  <testcase classname="ptolemy.util.test.junit.AutoTests" name="[178] /home/travis/build/icyphy/ptII/ptolemy/actor/lib/test/auto/Gaussian2.xml (RunModel)" time="0.017" />
  <testcase classname="ptolemy.util.test.junit.AutoTests" name="[179] /home/travis/build/icyphy/ptII/ptolemy/actor/lib/test/auto/GradientAdaptiveLattice.xml (RunModel)" time="0.02" />
  <testcase classname="ptolemy.util.test.junit.AutoTests" name="[180] /home/travis/build/icyphy/ptII/ptolemy/actor/lib/test/auto/IIR.xml (RunModel)" time="0.01" />
  <testcase classname="ptolemy.util.test.junit.AutoTests" name="[181] /home/travis/build/icyphy/ptII/ptolemy/actor/lib/test/auto/InputOutputTransparentPorts.xml (RunModel)" time="0.019" />
  <testcase classname="ptolemy.util.test.junit.AutoTests" name="[182] /home/travis/build/icyphy/ptII/ptolemy/actor/lib/test/auto/Interpolator.xml (RunModel)" time="0.009" />
  <testcase classname="ptolemy.util.test.junit.AutoTests" name="[183] /home/travis/build/icyphy/ptII/ptolemy/actor/lib/test/auto/InterpolatorFiringLimitDE.xml (RunModel)" time="0.012" />
  <testcase classname="ptolemy.util.test.junit.AutoTests" name="[184] /home/travis/build/icyphy/ptII/ptolemy/actor/lib/test/auto/Lattice.xml (RunModel)" time="0.007" />
  <testcase classname="ptolemy.util.test.junit.AutoTests" name="[185] /home/travis/build/icyphy/ptII/ptolemy/actor/lib/test/auto/LazyAOCTestLazy.xml (RunModel)" time="0.02" />
  <testcase classname="ptolemy.util.test.junit.AutoTests" name="[186] /home/travis/build/icyphy/ptII/ptolemy/actor/lib/test/auto/LazyAOCTestNonLazy.xml (RunModel)" time="0.043" />
  <testcase classname="ptolemy.util.test.junit.AutoTests" name="[187] /home/travis/build/icyphy/ptII/ptolemy/actor/lib/test/auto/LazyInnerClass.xml (RunModel)" time="0.055" />
  <testcase classname="ptolemy.util.test.junit.AutoTests" name="[188] /home/travis/build/icyphy/ptII/ptolemy/actor/lib/test/auto/LazyPubSub.xml (RunModel)" time="0.057" />
  <testcase classname="ptolemy.util.test.junit.AutoTests" name="[189] /home/travis/build/icyphy/ptII/ptolemy/actor/lib/test/auto/LazyPubSub2.xml (RunModel)" time="0.057" />
  <testcase classname="ptolemy.util.test.junit.AutoTests" name="[190] /home/travis/build/icyphy/ptII/ptolemy/actor/lib/test/auto/LazyPubSub3.xml (RunModel)" time="0.032" />
  <testcase classname="ptolemy.util.test.junit.AutoTests" name="[191] /home/travis/build/icyphy/ptII/ptolemy/actor/lib/test/auto/LazySubClassModel.xml (RunModel)" time="0.019" />
  <testcase classname="ptolemy.util.test.junit.AutoTests" name="[192] /home/travis/build/icyphy/ptII/ptolemy/actor/lib/test/auto/LevelCrossTest1.xml (RunModel)" time="0.009" />
  <testcase classname="ptolemy.util.test.junit.AutoTests" name="[193] /home/travis/build/icyphy/ptII/ptolemy/actor/lib/test/auto/LevelCrossTest10.xml (RunModel)" time="0.013" />
  <testcase classname="ptolemy.util.test.junit.AutoTests" name="[194] /home/travis/build/icyphy/ptII/ptolemy/actor/lib/test/auto/LevelCrossTest11.xml (RunModel)" time="0.011" />
  <testcase classname="ptolemy.util.test.junit.AutoTests" name="[195] /home/travis/build/icyphy/ptII/ptolemy/actor/lib/test/auto/LevelCrossTest12.xml (RunModel)" time="0.012" />
  <testcase classname="ptolemy.util.test.junit.AutoTests" name="[196] /home/travis/build/icyphy/ptII/ptolemy/actor/lib/test/auto/LevelCrossTest13.xml (RunModel)" time="0.013" />
  <testcase classname="ptolemy.util.test.junit.AutoTests" name="[197] /home/travis/build/icyphy/ptII/ptolemy/actor/lib/test/auto/LevelCrossTest2.xml (RunModel)" time="0.009" />
  <testcase classname="ptolemy.util.test.junit.AutoTests" name="[198] /home/travis/build/icyphy/ptII/ptolemy/actor/lib/test/auto/LevelCrossTest3.xml (RunModel)" time="0.011" />
  <testcase classname="ptolemy.util.test.junit.AutoTests" name="[199] /home/travis/build/icyphy/ptII/ptolemy/actor/lib/test/auto/LevelCrossTest4.xml (RunModel)" time="0.009" />
  <testcase classname="ptolemy.util.test.junit.AutoTests" name="[200] /home/travis/build/icyphy/ptII/ptolemy/actor/lib/test/auto/LevelCrossTest5.xml (RunModel)" time="0.012" />
  <testcase classname="ptolemy.util.test.junit.AutoTests" name="[201] /home/travis/build/icyphy/ptII/ptolemy/actor/lib/test/auto/LevelCrossTest6.xml (RunModel)" time="0.011" />
  <testcase classname="ptolemy.util.test.junit.AutoTests" name="[202] /home/travis/build/icyphy/ptII/ptolemy/actor/lib/test/auto/LevelCrossTest7.xml (RunModel)" time="0.013" />
  <testcase classname="ptolemy.util.test.junit.AutoTests" name="[203] /home/travis/build/icyphy/ptII/ptolemy/actor/lib/test/auto/LevelCrossTest8.xml (RunModel)" time="0.011" />
  <testcase classname="ptolemy.util.test.junit.AutoTests" name="[204] /home/travis/build/icyphy/ptII/ptolemy/actor/lib/test/auto/LevelCrossTest9.xml (RunModel)" time="0.011" />
  <testcase classname="ptolemy.util.test.junit.AutoTests" name="[205] /home/travis/build/icyphy/ptII/ptolemy/actor/lib/test/auto/LevinsonDurbin.xml (RunModel)" time="0.007" />
  <testcase classname="ptolemy.util.test.junit.AutoTests" name="[206] /home/travis/build/icyphy/ptII/ptolemy/actor/lib/test/auto/LevinsonDurbin2.xml (RunModel)" time="0.007" />
  <testcase classname="ptolemy.util.test.junit.AutoTests" name="[207] /home/travis/build/icyphy/ptII/ptolemy/actor/lib/test/auto/LevinsonDurbin3.xml (RunModel)" time="0.007" />
  <testcase classname="ptolemy.util.test.junit.AutoTests" name="[208] /home/travis/build/icyphy/ptII/ptolemy/actor/lib/test/auto/Limiter.xml (RunModel)" time="0.021" />
  <testcase classname="ptolemy.util.test.junit.AutoTests" name="[209] /home/travis/build/icyphy/ptII/ptolemy/actor/lib/test/auto/LinearDifferenceEquationSystem.xml (RunModel)" time="0.018" />
  <testcase classname="ptolemy.util.test.junit.AutoTests" name="[210] /home/travis/build/icyphy/ptII/ptolemy/actor/lib/test/auto/LookupTable.xml (RunModel)" time="0.008" />
  <testcase classname="ptolemy.util.test.junit.AutoTests" name="[211] /home/travis/build/icyphy/ptII/ptolemy/actor/lib/test/auto/MathFunction.xml (RunModel)" time="0.018" />
  <testcase classname="ptolemy.util.test.junit.AutoTests" name="[212] /home/travis/build/icyphy/ptII/ptolemy/actor/lib/test/auto/MathFunction2.xml (RunModel)" time="0.008" />
  <testcase classname="ptolemy.util.test.junit.AutoTests" name="[213] /home/travis/build/icyphy/ptII/ptolemy/actor/lib/test/auto/MathFunction3.xml (RunModel)" time="0.017" />
  <testcase classname="ptolemy.util.test.junit.AutoTests" name="[214] /home/travis/build/icyphy/ptII/ptolemy/actor/lib/test/auto/MatrixCropBoolean.xml (RunModel)" time="0.009" />
  <testcase classname="ptolemy.util.test.junit.AutoTests" name="[215] /home/travis/build/icyphy/ptII/ptolemy/actor/lib/test/auto/MatrixCropComplex.xml (RunModel)" time="0.007" />
  <testcase classname="ptolemy.util.test.junit.AutoTests" name="[216] /home/travis/build/icyphy/ptII/ptolemy/actor/lib/test/auto/MatrixCropDouble.xml (RunModel)" time="0.008" />
  <testcase classname="ptolemy.util.test.junit.AutoTests" name="[217] /home/travis/build/icyphy/ptII/ptolemy/actor/lib/test/auto/MatrixCropFix.xml (RunModel)" time="0.008" />
  <testcase classname="ptolemy.util.test.junit.AutoTests" name="[218] /home/travis/build/icyphy/ptII/ptolemy/actor/lib/test/auto/MatrixCropInt.xml (RunModel)" time="0.008" />
  <testcase classname="ptolemy.util.test.junit.AutoTests" name="[219] /home/travis/build/icyphy/ptII/ptolemy/actor/lib/test/auto/MatrixCropLong.xml (RunModel)" time="0.008" />
  <testcase classname="ptolemy.util.test.junit.AutoTests" name="[220] /home/travis/build/icyphy/ptII/ptolemy/actor/lib/test/auto/MatrixToArray.xml (RunModel)" time="0.054" />
  <testcase classname="ptolemy.util.test.junit.AutoTests" name="[221] /home/travis/build/icyphy/ptII/ptolemy/actor/lib/test/auto/MaxIndex.xml (RunModel)" time="0.011" />
  <testcase classname="ptolemy.util.test.junit.AutoTests" name="[222] /home/travis/build/icyphy/ptII/ptolemy/actor/lib/test/auto/Maximum.xml (RunModel)" time="0.013" />
  <testcase classname="ptolemy.util.test.junit.AutoTests" name="[223] /home/travis/build/icyphy/ptII/ptolemy/actor/lib/test/auto/MaximumComplex.xml (RunModel)" time="0.012" />
  <testcase classname="ptolemy.util.test.junit.AutoTests" name="[224] /home/travis/build/icyphy/ptII/ptolemy/actor/lib/test/auto/MethodCallTest.xml (RunModel)" time="0.017" />
  <testcase classname="ptolemy.util.test.junit.AutoTests" name="[225] /home/travis/build/icyphy/ptII/ptolemy/actor/lib/test/auto/Minimum.xml (RunModel)" time="0.011" />
  <testcase classname="ptolemy.util.test.junit.AutoTests" name="[226] /home/travis/build/icyphy/ptII/ptolemy/actor/lib/test/auto/MinimumComplex.xml (RunModel)" time="0.013" />
  <testcase classname="ptolemy.util.test.junit.AutoTests" name="[227] /home/travis/build/icyphy/ptII/ptolemy/actor/lib/test/auto/MinimumMultiports.xml (RunModel)" time="0.018" />
  <testcase classname="ptolemy.util.test.junit.AutoTests" name="[228] /home/travis/build/icyphy/ptII/ptolemy/actor/lib/test/auto/ModifyDate.xml (RunModel)" time="0.037" />
  <testcase classname="ptolemy.util.test.junit.AutoTests" name="[229] /home/travis/build/icyphy/ptII/ptolemy/actor/lib/test/auto/ModifyDate2.xml (RunModel)" time="0.029" />
  <testcase classname="ptolemy.util.test.junit.AutoTests" name="[230] /home/travis/build/icyphy/ptII/ptolemy/actor/lib/test/auto/MovingAverage.xml (RunModel)" time="0.01" />
  <testcase classname="ptolemy.util.test.junit.AutoTests" name="[231] /home/travis/build/icyphy/ptII/ptolemy/actor/lib/test/auto/MovingMaximum.xml (RunModel)" time="0.01" />
  <testcase classname="ptolemy.util.test.junit.AutoTests" name="[232] /home/travis/build/icyphy/ptII/ptolemy/actor/lib/test/auto/MultipleLinksToSameRelation.xml (RunModel)" time="0.007" />
  <testcase classname="ptolemy.util.test.junit.AutoTests" name="[233] /home/travis/build/icyphy/ptII/ptolemy/actor/lib/test/auto/MultipleLinksToSameRelationDE.xml (RunModel)" time="0.008" />
  <testcase classname="ptolemy.util.test.junit.AutoTests" name="[234] /home/travis/build/icyphy/ptII/ptolemy/actor/lib/test/auto/Multiplexor.xml (RunModel)" time="0.011" />
  <testcase classname="ptolemy.util.test.junit.AutoTests" name="[235] /home/travis/build/icyphy/ptII/ptolemy/actor/lib/test/auto/Multiplexor1.xml (RunModel)" time="0.01" />
  <testcase classname="ptolemy.util.test.junit.AutoTests" name="[236] /home/travis/build/icyphy/ptII/ptolemy/actor/lib/test/auto/Multiplexor2.xml (RunModel)" time="0.013" />
  <testcase classname="ptolemy.util.test.junit.AutoTests" name="[237] /home/travis/build/icyphy/ptII/ptolemy/actor/lib/test/auto/Multiplexor3.xml (RunModel)" time="0.008" />
  <testcase classname="ptolemy.util.test.junit.AutoTests" name="[238] /home/travis/build/icyphy/ptII/ptolemy/actor/lib/test/auto/MultiplexorDE.xml (RunModel)" time="0.017" />
  <testcase classname="ptolemy.util.test.junit.AutoTests" name="[239] /home/travis/build/icyphy/ptII/ptolemy/actor/lib/test/auto/MultiportBroadcastTest.xml (RunModel)" time="0.075" />
  <testcase classname="ptolemy.util.test.junit.AutoTests" name="[240] /home/travis/build/icyphy/ptII/ptolemy/actor/lib/test/auto/MultiportOutHangDuringGetWidth.xml (RunModel)" time="0.032" />
  <testcase classname="ptolemy.util.test.junit.AutoTests" name="[241] /home/travis/build/icyphy/ptII/ptolemy/actor/lib/test/auto/NilToken.xml (RunModel)" time="0.006" />
  <testcase classname="ptolemy.util.test.junit.AutoTests" name="[242] /home/travis/build/icyphy/ptII/ptolemy/actor/lib/test/auto/NilTokenNonStrictTest.xml (RunModel)" time="0.018" />
  <testcase classname="ptolemy.util.test.junit.AutoTests" name="[243] /home/travis/build/icyphy/ptII/ptolemy/actor/lib/test/auto/NilTokenRecord.xml (RunModel)" time="0.018" />
  <testcase classname="ptolemy.util.test.junit.AutoTests" name="[244] /home/travis/build/icyphy/ptII/ptolemy/actor/lib/test/auto/NilTokenTypeTest.xml (RunModel)" time="0.029" />
  <testcase classname="ptolemy.util.test.junit.AutoTests" name="[245] /home/travis/build/icyphy/ptII/ptolemy/actor/lib/test/auto/ObjectToken1.xml (RunModel)" time="0.006" />
  <testcase classname="ptolemy.util.test.junit.AutoTests" name="[246] /home/travis/build/icyphy/ptII/ptolemy/actor/lib/test/auto/OrderedMerge.xml (RunModel)" time="0.01" />
  <testcase classname="ptolemy.util.test.junit.AutoTests" name="[247] /home/travis/build/icyphy/ptII/ptolemy/actor/lib/test/auto/OrderedRecordDisassembler.xml (RunModel)" time="0.018" />
  <testcase classname="ptolemy.util.test.junit.AutoTests" name="[248] /home/travis/build/icyphy/ptII/ptolemy/actor/lib/test/auto/OrderedRecordDisassembler2.xml (RunModel)" time="0.021" />
  <testcase classname="ptolemy.util.test.junit.AutoTests" name="[249] /home/travis/build/icyphy/ptII/ptolemy/actor/lib/test/auto/OrderedRecordUpdater.xml (RunModel)" time="0.01" />
  <testcase classname="ptolemy.util.test.junit.AutoTests" name="[250] /home/travis/build/icyphy/ptII/ptolemy/actor/lib/test/auto/OrderedRecordUpdater2.xml (RunModel)" time="0.017" />
  <testcase classname="ptolemy.util.test.junit.AutoTests" name="[251] /home/travis/build/icyphy/ptII/ptolemy/actor/lib/test/auto/PhaseUnwrap.xml (RunModel)" time="0.012" />
  <testcase classname="ptolemy.util.test.junit.AutoTests" name="[252] /home/travis/build/icyphy/ptII/ptolemy/actor/lib/test/auto/PoissonClock.xml (RunModel)" time="0.009" />
  <testcase classname="ptolemy.util.test.junit.AutoTests" name="[253] /home/travis/build/icyphy/ptII/ptolemy/actor/lib/test/auto/PoissonClock2.xml (RunModel)" time="0.007" />
  <testcase classname="ptolemy.util.test.junit.AutoTests" name="[254] /home/travis/build/icyphy/ptII/ptolemy/actor/lib/test/auto/PoissonClock3.xml (RunModel)" time="0.014" />
  <testcase classname="ptolemy.util.test.junit.AutoTests" name="[255] /home/travis/build/icyphy/ptII/ptolemy/actor/lib/test/auto/PubSubWithInitialTokens.xml (RunModel)" time="0.013" />
  <testcase classname="ptolemy.util.test.junit.AutoTests" name="[256] /home/travis/build/icyphy/ptII/ptolemy/actor/lib/test/auto/PubSubWithInitialTokens2.xml (RunModel)" time="0.011" />
  <testcase classname="ptolemy.util.test.junit.AutoTests" name="[257] /home/travis/build/icyphy/ptII/ptolemy/actor/lib/test/auto/PublisherClassNoParameter.xml (RunModel)" time="0.02" />
  <testcase classname="ptolemy.util.test.junit.AutoTests" name="[258] /home/travis/build/icyphy/ptII/ptolemy/actor/lib/test/auto/PublisherClassParameter.xml (RunModel)" time="0.022" />
  <testcase classname="ptolemy.util.test.junit.AutoTests" name="[259] /home/travis/build/icyphy/ptII/ptolemy/actor/lib/test/auto/PublisherNonStrictTest.xml (RunModel)" time="0.015" />
  <testcase classname="ptolemy.util.test.junit.AutoTests" name="[260] /home/travis/build/icyphy/ptII/ptolemy/actor/lib/test/auto/PublisherPort1.xml (RunModel)" time="0.01" />
  <testcase classname="ptolemy.util.test.junit.AutoTests" name="[261] /home/travis/build/icyphy/ptII/ptolemy/actor/lib/test/auto/PublisherPort2.xml (RunModel)" time="0.008" />
  <testcase classname="ptolemy.util.test.junit.AutoTests" name="[262] /home/travis/build/icyphy/ptII/ptolemy/actor/lib/test/auto/PublisherPort3.xml (RunModel)" time="0.011" />
  <testcase classname="ptolemy.util.test.junit.AutoTests" name="[263] /home/travis/build/icyphy/ptII/ptolemy/actor/lib/test/auto/PublisherPort4.xml (RunModel)" time="0.009" />
  <testcase classname="ptolemy.util.test.junit.AutoTests" name="[264] /home/travis/build/icyphy/ptII/ptolemy/actor/lib/test/auto/PublisherPort5.xml (RunModel)" time="0.013" />
  <testcase classname="ptolemy.util.test.junit.AutoTests" name="[265] /home/travis/build/icyphy/ptII/ptolemy/actor/lib/test/auto/PublisherPort5LookAlike.xml (RunModel)" time="0.016" />
  <testcase classname="ptolemy.util.test.junit.AutoTests" name="[266] /home/travis/build/icyphy/ptII/ptolemy/actor/lib/test/auto/PublisherPort6.xml (RunModel)" time="0.012" />
  <testcase classname="ptolemy.util.test.junit.AutoTests" name="[267] /home/travis/build/icyphy/ptII/ptolemy/actor/lib/test/auto/PublisherPort7.xml (RunModel)" time="0.014" />
  <testcase classname="ptolemy.util.test.junit.AutoTests" name="[268] /home/travis/build/icyphy/ptII/ptolemy/actor/lib/test/auto/PublisherPort8.xml (RunModel)" time="0.016" />
  <testcase classname="ptolemy.util.test.junit.AutoTests" name="[269] /home/travis/build/icyphy/ptII/ptolemy/actor/lib/test/auto/PublisherPortSubscriberChannelVariablesAOC2.xml (RunModel)" time="0.032" />
  <testcase classname="ptolemy.util.test.junit.AutoTests" name="[270] /home/travis/build/icyphy/ptII/ptolemy/actor/lib/test/auto/PublisherPortSubscriberOpaqueWidthInference.xml (RunModel)" time="0.015" />
  <testcase classname="ptolemy.util.test.junit.AutoTests" name="[271] /home/travis/build/icyphy/ptII/ptolemy/actor/lib/test/auto/PublisherPortSubscriberPortAdjacent.xml (RunModel)" time="0.016" />
  <testcase classname="ptolemy.util.test.junit.AutoTests" name="[272] /home/travis/build/icyphy/ptII/ptolemy/actor/lib/test/auto/PublisherPortSubscriberPortExpression.xml (RunModel)" time="0.016" />
  <testcase classname="ptolemy.util.test.junit.AutoTests" name="[273] /home/travis/build/icyphy/ptII/ptolemy/actor/lib/test/auto/PublisherPortSubscriberPortOpaqueD3Reverse.xml (RunModel)" time="0.02" />
  <testcase classname="ptolemy.util.test.junit.AutoTests" name="[274] /home/travis/build/icyphy/ptII/ptolemy/actor/lib/test/auto/PublisherPortSubscriberPortOpaqueWidthInference.xml (RunModel)" time="0.016" />
  <testcase classname="ptolemy.util.test.junit.AutoTests" name="[275] /home/travis/build/icyphy/ptII/ptolemy/actor/lib/test/auto/PublisherPortToplevelSubscriberPortAOC.xml (RunModel)" time="0.012" />
  <testcase classname="ptolemy.util.test.junit.AutoTests" name="[276] /home/travis/build/icyphy/ptII/ptolemy/actor/lib/test/auto/PublisherSubscriber.xml (RunModel)" time="0.013" />
  <testcase classname="ptolemy.util.test.junit.AutoTests" name="[277] /home/travis/build/icyphy/ptII/ptolemy/actor/lib/test/auto/PublisherSubscriber10.xml (RunModel)" time="0.018" />
  <testcase classname="ptolemy.util.test.junit.AutoTests" name="[278] /home/travis/build/icyphy/ptII/ptolemy/actor/lib/test/auto/PublisherSubscriber10InitialOutputs.xml (RunModel)" time="0.019" />
  <testcase classname="ptolemy.util.test.junit.AutoTests" name="[279] /home/travis/build/icyphy/ptII/ptolemy/actor/lib/test/auto/PublisherSubscriber11.xml (RunModel)" time="0.011" />
  <testcase classname="ptolemy.util.test.junit.AutoTests" name="[280] /home/travis/build/icyphy/ptII/ptolemy/actor/lib/test/auto/PublisherSubscriber12.xml (RunModel)" time="0.012" />
  <testcase classname="ptolemy.util.test.junit.AutoTests" name="[281] /home/travis/build/icyphy/ptII/ptolemy/actor/lib/test/auto/PublisherSubscriber13.xml (RunModel)" time="0.01" />
  <testcase classname="ptolemy.util.test.junit.AutoTests" name="[282] /home/travis/build/icyphy/ptII/ptolemy/actor/lib/test/auto/PublisherSubscriber14.xml (RunModel)" time="0.017" />
  <testcase classname="ptolemy.util.test.junit.AutoTests" name="[283] /home/travis/build/icyphy/ptII/ptolemy/actor/lib/test/auto/PublisherSubscriber2.xml (RunModel)" time="0.009" />
  <testcase classname="ptolemy.util.test.junit.AutoTests" name="[284] /home/travis/build/icyphy/ptII/ptolemy/actor/lib/test/auto/PublisherSubscriber3.xml (RunModel)" time="0.01" />
  <testcase classname="ptolemy.util.test.junit.AutoTests" name="[285] /home/travis/build/icyphy/ptII/ptolemy/actor/lib/test/auto/PublisherSubscriber4.xml (RunModel)" time="0.009" />
  <testcase classname="ptolemy.util.test.junit.AutoTests" name="[286] /home/travis/build/icyphy/ptII/ptolemy/actor/lib/test/auto/PublisherSubscriber5.xml (RunModel)" time="0.012" />
  <testcase classname="ptolemy.util.test.junit.AutoTests" name="[287] /home/travis/build/icyphy/ptII/ptolemy/actor/lib/test/auto/PublisherSubscriber6.xml (RunModel)" time="0.012" />
  <testcase classname="ptolemy.util.test.junit.AutoTests" name="[288] /home/travis/build/icyphy/ptII/ptolemy/actor/lib/test/auto/PublisherSubscriber7.xml (RunModel)" time="0.015" />
  <testcase classname="ptolemy.util.test.junit.AutoTests" name="[289] /home/travis/build/icyphy/ptII/ptolemy/actor/lib/test/auto/PublisherSubscriber8.xml (RunModel)" time="0.029" />
  <testcase classname="ptolemy.util.test.junit.AutoTests" name="[290] /home/travis/build/icyphy/ptII/ptolemy/actor/lib/test/auto/PublisherSubscriber9.xml (RunModel)" time="0.021" />
  <testcase classname="ptolemy.util.test.junit.AutoTests" name="[291] /home/travis/build/icyphy/ptII/ptolemy/actor/lib/test/auto/PublisherSubscriberAdjacent.xml (RunModel)" time="0.018" />
  <testcase classname="ptolemy.util.test.junit.AutoTests" name="[292] /home/travis/build/icyphy/ptII/ptolemy/actor/lib/test/auto/PublisherSubscriberChannelVariablesAOC2.xml (RunModel)" time="0.031" />
  <testcase classname="ptolemy.util.test.junit.AutoTests" name="[293] /home/travis/build/icyphy/ptII/ptolemy/actor/lib/test/auto/PublisherSubscriberD3.xml (RunModel)" time="0.015" />
  <testcase classname="ptolemy.util.test.junit.AutoTests" name="[294] /home/travis/build/icyphy/ptII/ptolemy/actor/lib/test/auto/PublisherSubscriberD3Reverse.xml (RunModel)" time="0.012" />
  <testcase classname="ptolemy.util.test.junit.AutoTests" name="[295] /home/travis/build/icyphy/ptII/ptolemy/actor/lib/test/auto/PublisherSubscriberExpression.xml (RunModel)" time="0.019" />
  <testcase classname="ptolemy.util.test.junit.AutoTests" name="[296] /home/travis/build/icyphy/ptII/ptolemy/actor/lib/test/auto/PublisherSubscriberOpaque.xml (RunModel)" time="0.018" />
  <testcase classname="ptolemy.util.test.junit.AutoTests" name="[297] /home/travis/build/icyphy/ptII/ptolemy/actor/lib/test/auto/PublisherSubscriberOpaqueD3.xml (RunModel)" time="0.024" />
  <testcase classname="ptolemy.util.test.junit.AutoTests" name="[298] /home/travis/build/icyphy/ptII/ptolemy/actor/lib/test/auto/PublisherSubscriberOpaqueD3Reverse.xml (RunModel)" time="0.018" />
  <testcase classname="ptolemy.util.test.junit.AutoTests" name="[299] /home/travis/build/icyphy/ptII/ptolemy/actor/lib/test/auto/PublisherSubscriberOpaqueWidthInference.xml (RunModel)" time="0.016" />
  <testcase classname="ptolemy.util.test.junit.AutoTests" name="[300] /home/travis/build/icyphy/ptII/ptolemy/actor/lib/test/auto/PublisherTestSubscriber.xml (RunModel)" time="0.014" />
  <testcase classname="ptolemy.util.test.junit.AutoTests" name="[301] /home/travis/build/icyphy/ptII/ptolemy/actor/lib/test/auto/PublisherToplevelSubscriberPortAOC.xml (RunModel)" time="0.009" />
  <testcase classname="ptolemy.util.test.junit.AutoTests" name="[302] /home/travis/build/icyphy/ptII/ptolemy/actor/lib/test/auto/PulseFiringLimitDE.xml (RunModel)" time="0.013" />
  <testcase classname="ptolemy.util.test.junit.AutoTests" name="[303] /home/travis/build/icyphy/ptII/ptolemy/actor/lib/test/auto/Ramp1.xml (RunModel)" time="0.007" />
  <testcase classname="ptolemy.util.test.junit.AutoTests" name="[304] /home/travis/build/icyphy/ptII/ptolemy/actor/lib/test/auto/RampFiringLimitDE.xml (RunModel)" time="0.015" />
  <testcase classname="ptolemy.util.test.junit.AutoTests" name="[305] /home/travis/build/icyphy/ptII/ptolemy/actor/lib/test/auto/RampFiringLimitSDF.xml (RunModel)" time="0.012" />
  <testcase classname="ptolemy.util.test.junit.AutoTests" name="[306] /home/travis/build/icyphy/ptII/ptolemy/actor/lib/test/auto/RandomInteger.xml (RunModel)" time="0.008" />
  <testcase classname="ptolemy.util.test.junit.AutoTests" name="[307] /home/travis/build/icyphy/ptII/ptolemy/actor/lib/test/auto/ReadFile1.xml (RunModel)" time="0.009" />
  <testcase classname="ptolemy.util.test.junit.AutoTests" name="[308] /home/travis/build/icyphy/ptII/ptolemy/actor/lib/test/auto/ReadFile2.xml (RunModel)" time="0.008" />
  <testcase classname="ptolemy.util.test.junit.AutoTests" name="[309] /home/travis/build/icyphy/ptII/ptolemy/actor/lib/test/auto/Reader.xml (RunModel)" time="0.009" />
  <testcase classname="ptolemy.util.test.junit.AutoTests" name="[310] /home/travis/build/icyphy/ptII/ptolemy/actor/lib/test/auto/RecordAssemblerDisplayNameTest.xml (RunModel)" time="3.974" />
  <testcase classname="ptolemy.util.test.junit.AutoTests" name="[311] /home/travis/build/icyphy/ptII/ptolemy/actor/lib/test/auto/RecordAssemblerTypeError.xml (RunModel)" time="0.045" />
  <testcase classname="ptolemy.util.test.junit.AutoTests" name="[312] /home/travis/build/icyphy/ptII/ptolemy/actor/lib/test/auto/RecordDisassember.xml (RunModel)" time="0.018" />
  <testcase classname="ptolemy.util.test.junit.AutoTests" name="[313] /home/travis/build/icyphy/ptII/ptolemy/actor/lib/test/auto/RecordDisassemberDisplayNameTest.xml (RunModel)" time="0.019" />
  <testcase classname="ptolemy.util.test.junit.AutoTests" name="[314] /home/travis/build/icyphy/ptII/ptolemy/actor/lib/test/auto/RecordDisassembler.xml (RunModel)" time="0.008" />
  <testcase classname="ptolemy.util.test.junit.AutoTests" name="[315] /home/travis/build/icyphy/ptII/ptolemy/actor/lib/test/auto/RecordDisassembler2.xml (RunModel)" time="0.009" />
  <testcase classname="ptolemy.util.test.junit.AutoTests" name="[316] /home/travis/build/icyphy/ptII/ptolemy/actor/lib/test/auto/RecordUpdater.xml (RunModel)" time="0.008" />
  <testcase classname="ptolemy.util.test.junit.AutoTests" name="[317] /home/travis/build/icyphy/ptII/ptolemy/actor/lib/test/auto/RecordUpdater2.xml (RunModel)" time="0.008" />
  <testcase classname="ptolemy.util.test.junit.AutoTests" name="[318] /home/travis/build/icyphy/ptII/ptolemy/actor/lib/test/auto/RecursiveLattice.xml (RunModel)" time="0.008" />
  <testcase classname="ptolemy.util.test.junit.AutoTests" name="[319] /home/travis/build/icyphy/ptII/ptolemy/actor/lib/test/auto/Router.xml (RunModel)" time="3.026" />
  <testcase classname="ptolemy.util.test.junit.AutoTests" name="[320] /home/travis/build/icyphy/ptII/ptolemy/actor/lib/test/auto/Router2.xml (RunModel)" time="3.025" />
  <testcase classname="ptolemy.util.test.junit.AutoTests" name="[321] /home/travis/build/icyphy/ptII/ptolemy/actor/lib/test/auto/RunningMaximum.xml (RunModel)" time="0.009" />
  <testcase classname="ptolemy.util.test.junit.AutoTests" name="[322] /home/travis/build/icyphy/ptII/ptolemy/actor/lib/test/auto/RunningMinimum.xml (RunModel)" time="0.009" />
  <testcase classname="ptolemy.util.test.junit.AutoTests" name="[323] /home/travis/build/icyphy/ptII/ptolemy/actor/lib/test/auto/Scale.xml (RunModel)" time="0.006" />
  <testcase classname="ptolemy.util.test.junit.AutoTests" name="[324] /home/travis/build/icyphy/ptII/ptolemy/actor/lib/test/auto/Scale2.xml (RunModel)" time="0.007" />
  <testcase classname="ptolemy.util.test.junit.AutoTests" name="[325] /home/travis/build/icyphy/ptII/ptolemy/actor/lib/test/auto/Scale3.xml (RunModel)" time="0.012" />
  <testcase classname="ptolemy.util.test.junit.AutoTests" name="[326] /home/travis/build/icyphy/ptII/ptolemy/actor/lib/test/auto/ScaleArray.xml (RunModel)" time="0.006" />
  <testcase classname="ptolemy.util.test.junit.AutoTests" name="[327] /home/travis/build/icyphy/ptII/ptolemy/actor/lib/test/auto/ScaleArray2.xml (RunModel)" time="0.007" />
  <testcase classname="ptolemy.util.test.junit.AutoTests" name="[328] /home/travis/build/icyphy/ptII/ptolemy/actor/lib/test/auto/ScaleMatrix.xml (RunModel)" time="0.111" />
  <testcase classname="ptolemy.util.test.junit.AutoTests" name="[329] /home/travis/build/icyphy/ptII/ptolemy/actor/lib/test/auto/Select.xml (RunModel)" time="0.012" />
  <testcase classname="ptolemy.util.test.junit.AutoTests" name="[330] /home/travis/build/icyphy/ptII/ptolemy/actor/lib/test/auto/Select2.xml (RunModel)" time="0.007" />
  <testcase classname="ptolemy.util.test.junit.AutoTests" name="[331] /home/travis/build/icyphy/ptII/ptolemy/actor/lib/test/auto/SequenceToArray2.xml (RunModel)" time="0.122" />
  <testcase classname="ptolemy.util.test.junit.AutoTests" name="[332] /home/travis/build/icyphy/ptII/ptolemy/actor/lib/test/auto/SequentialClock.xml (RunModel)" time="0.007" />
  <testcase classname="ptolemy.util.test.junit.AutoTests" name="[333] /home/travis/build/icyphy/ptII/ptolemy/actor/lib/test/auto/SetVariable.xml (RunModel)" time="0.008" />
  <testcase classname="ptolemy.util.test.junit.AutoTests" name="[334] /home/travis/build/icyphy/ptII/ptolemy/actor/lib/test/auto/SetVariable2.xml (RunModel)" time="0.008" />
  <testcase classname="ptolemy.util.test.junit.AutoTests" name="[335] /home/travis/build/icyphy/ptII/ptolemy/actor/lib/test/auto/SetVariable3.xml (RunModel)" time="0.013" />
  <testcase classname="ptolemy.util.test.junit.AutoTests" name="[336] /home/travis/build/icyphy/ptII/ptolemy/actor/lib/test/auto/SetVariable4.xml (RunModel)" time="0.028" />
  <testcase classname="ptolemy.util.test.junit.AutoTests" name="[337] /home/travis/build/icyphy/ptII/ptolemy/actor/lib/test/auto/SetVariable5.xml (RunModel)" time="0.033" />
  <testcase classname="ptolemy.util.test.junit.AutoTests" name="[338] /home/travis/build/icyphy/ptII/ptolemy/actor/lib/test/auto/Sinewave.xml (RunModel)" time="0.026" />
  <testcase classname="ptolemy.util.test.junit.AutoTests" name="[339] /home/travis/build/icyphy/ptII/ptolemy/actor/lib/test/auto/Sinewave2.xml (RunModel)" time="0.016" />
  <testcase classname="ptolemy.util.test.junit.AutoTests" name="[340] /home/travis/build/icyphy/ptII/ptolemy/actor/lib/test/auto/Sinewave3.xml (RunModel)" time="0.019" />
  <testcase classname="ptolemy.util.test.junit.AutoTests" name="[341] /home/travis/build/icyphy/ptII/ptolemy/actor/lib/test/auto/SingleEvent.xml (RunModel)" time="0.006" />
  <testcase classname="ptolemy.util.test.junit.AutoTests" name="[342] /home/travis/build/icyphy/ptII/ptolemy/actor/lib/test/auto/Sleep.xml (RunModel)" time="6.013" />
  <testcase classname="ptolemy.util.test.junit.AutoTests" name="[343] /home/travis/build/icyphy/ptII/ptolemy/actor/lib/test/auto/SleepMultipleFire.xml (RunModel)" time="1.023" />
  <testcase classname="ptolemy.util.test.junit.AutoTests" name="[344] /home/travis/build/icyphy/ptII/ptolemy/actor/lib/test/auto/StopDE.xml (RunModel)" time="0.018" />
  <testcase classname="ptolemy.util.test.junit.AutoTests" name="[345] /home/travis/build/icyphy/ptII/ptolemy/actor/lib/test/auto/StopSDF.xml (RunModel)" time="0.012" />
  <testcase classname="ptolemy.util.test.junit.AutoTests" name="[346] /home/travis/build/icyphy/ptII/ptolemy/actor/lib/test/auto/StringConstant.xml (RunModel)" time="0.01" />
  <testcase classname="ptolemy.util.test.junit.AutoTests" name="[347] /home/travis/build/icyphy/ptII/ptolemy/actor/lib/test/auto/SubscriberPortInitialValues1.xml (RunModel)" time="0.02" />
  <testcase classname="ptolemy.util.test.junit.AutoTests" name="[348] /home/travis/build/icyphy/ptII/ptolemy/actor/lib/test/auto/SubscriberPortInitialValues13.xml (RunModel)" time="0.028" />
  <testcase classname="ptolemy.util.test.junit.AutoTests" name="[349] /home/travis/build/icyphy/ptII/ptolemy/actor/lib/test/auto/SubscriberPortInitialValues14.xml (RunModel)" time="0.014" />
  <testcase classname="ptolemy.util.test.junit.AutoTests" name="[350] /home/travis/build/icyphy/ptII/ptolemy/actor/lib/test/auto/SubscriberPortInitialValues2.xml (RunModel)" time="0.013" />
  <testcase classname="ptolemy.util.test.junit.AutoTests" name="[351] /home/travis/build/icyphy/ptII/ptolemy/actor/lib/test/auto/SubscriberPortInitialValues3.xml (RunModel)" time="0.018" />
  <testcase classname="ptolemy.util.test.junit.AutoTests" name="[352] /home/travis/build/icyphy/ptII/ptolemy/actor/lib/test/auto/SubscriptionAggregator.xml (RunModel)" time="0.011" />
  <testcase classname="ptolemy.util.test.junit.AutoTests" name="[353] /home/travis/build/icyphy/ptII/ptolemy/actor/lib/test/auto/SubscriptionAggregator2.xml (RunModel)" time="0.01" />
  <testcase classname="ptolemy.util.test.junit.AutoTests" name="[354] /home/travis/build/icyphy/ptII/ptolemy/actor/lib/test/auto/SubscriptionAggregator3.xml (RunModel)" time="0.015" />
  <testcase classname="ptolemy.util.test.junit.AutoTests" name="[355] /home/travis/build/icyphy/ptII/ptolemy/actor/lib/test/auto/SubscriptionAggregatorMultiply.xml (RunModel)" time="0.013" />
  <testcase classname="ptolemy.util.test.junit.AutoTests" name="[356] /home/travis/build/icyphy/ptII/ptolemy/actor/lib/test/auto/SubscriptionAggregatorPortMultiply1.xml (RunModel)" time="0.013" />
  <testcase classname="ptolemy.util.test.junit.AutoTests" name="[357] /home/travis/build/icyphy/ptII/ptolemy/actor/lib/test/auto/Switch.xml (RunModel)" time="0.015" />
  <testcase classname="ptolemy.util.test.junit.AutoTests" name="[358] /home/travis/build/icyphy/ptII/ptolemy/actor/lib/test/auto/Switch2.xml (RunModel)" time="0.009" />
  <testcase classname="ptolemy.util.test.junit.AutoTests" name="[359] /home/travis/build/icyphy/ptII/ptolemy/actor/lib/test/auto/SwitchDE.xml (RunModel)" time="0.029" />
  <testcase classname="ptolemy.util.test.junit.AutoTests" name="[360] /home/travis/build/icyphy/ptII/ptolemy/actor/lib/test/auto/SynchronizerDE.xml (RunModel)" time="0.023" />
  <testcase classname="ptolemy.util.test.junit.AutoTests" name="[361] /home/travis/build/icyphy/ptII/ptolemy/actor/lib/test/auto/Test.xml (RunModel)" time="0.017" />
  <testcase classname="ptolemy.util.test.junit.AutoTests" name="[362] /home/travis/build/icyphy/ptII/ptolemy/actor/lib/test/auto/TestExceptionAttribute1.xml (RunModel)" time="0.007" />
  <testcase classname="ptolemy.util.test.junit.AutoTests" name="[363] /home/travis/build/icyphy/ptII/ptolemy/actor/lib/test/auto/TestExceptionAttribute2.xml (RunModel)" time="0.006" />
  <testcase classname="ptolemy.util.test.junit.AutoTests" name="[364] /home/travis/build/icyphy/ptII/ptolemy/actor/lib/test/auto/TestExceptionAttribute3.xml (RunModel)" time="0.005" />
  <testcase classname="ptolemy.util.test.junit.AutoTests" name="[365] /home/travis/build/icyphy/ptII/ptolemy/actor/lib/test/auto/TestExceptionAttribute4.xml (RunModel)" time="0.006" />
  <testcase classname="ptolemy.util.test.junit.AutoTests" name="[366] /home/travis/build/icyphy/ptII/ptolemy/actor/lib/test/auto/TestExceptionHandler1.xml (RunModel)" time="0.004" />
  <testcase classname="ptolemy.util.test.junit.AutoTests" name="[367] /home/travis/build/icyphy/ptII/ptolemy/actor/lib/test/auto/TestExceptionHandler2.xml (RunModel)" time="0.005" />
  <testcase classname="ptolemy.util.test.junit.AutoTests" name="[368] /home/travis/build/icyphy/ptII/ptolemy/actor/lib/test/auto/TestExceptionHandler3.xml (RunModel)" time="0.01" />
  <testcase classname="ptolemy.util.test.junit.AutoTests" name="[369] /home/travis/build/icyphy/ptII/ptolemy/actor/lib/test/auto/TestExceptionHandler4.xml (RunModel)" time="0.005" />
  <testcase classname="ptolemy.util.test.junit.AutoTests" name="[370] /home/travis/build/icyphy/ptII/ptolemy/actor/lib/test/auto/TestRequireCorrectOrder.xml (RunModel)" time="0.012" />
  <testcase classname="ptolemy.util.test.junit.AutoTests" name="[371] /home/travis/build/icyphy/ptII/ptolemy/actor/lib/test/auto/TestSimple.xml (RunModel)" time="0.006" />
  <testcase classname="ptolemy.util.test.junit.AutoTests" name="[372] /home/travis/build/icyphy/ptII/ptolemy/actor/lib/test/auto/ThrowModelError.xml (RunModel)" time="0.011" />
  <testcase classname="ptolemy.util.test.junit.AutoTests" name="[373] /home/travis/build/icyphy/ptII/ptolemy/actor/lib/test/auto/TimeDelayMicrosteps.xml (RunModel)" time="0.013" />
  <testcase classname="ptolemy.util.test.junit.AutoTests" name="[374] /home/travis/build/icyphy/ptII/ptolemy/actor/lib/test/auto/TimeDelayMicrosteps2.xml (RunModel)" time="0.016" />
  <testcase classname="ptolemy.util.test.junit.AutoTests" name="[375] /home/travis/build/icyphy/ptII/ptolemy/actor/lib/test/auto/TimeDelayMicrosteps3.xml (RunModel)" time="0.012" />
  <testcase classname="ptolemy.util.test.junit.AutoTests" name="[376] /home/travis/build/icyphy/ptII/ptolemy/actor/lib/test/auto/TimeDelayVariableMicrosteps.xml (RunModel)" time="0.015" />
  <testcase classname="ptolemy.util.test.junit.AutoTests" name="[377] /home/travis/build/icyphy/ptII/ptolemy/actor/lib/test/auto/TimeGap.xml (RunModel)" time="0.012" />
  <testcase classname="ptolemy.util.test.junit.AutoTests" name="[378] /home/travis/build/icyphy/ptII/ptolemy/actor/lib/test/auto/TimeGap2.xml (RunModel)" time="0.009" />
  <testcase classname="ptolemy.util.test.junit.AutoTests" name="[379] /home/travis/build/icyphy/ptII/ptolemy/actor/lib/test/auto/TimedSinewave.xml (RunModel)" time="0.056" />
  <testcase classname="ptolemy.util.test.junit.AutoTests" name="[380] /home/travis/build/icyphy/ptII/ptolemy/actor/lib/test/auto/TimedSinewavePhase.xml (RunModel)" time="0.043" />
  <testcase classname="ptolemy.util.test.junit.AutoTests" name="[381] /home/travis/build/icyphy/ptII/ptolemy/actor/lib/test/auto/Timer.xml (RunModel)" time="0.016" />
  <testcase classname="ptolemy.util.test.junit.AutoTests" name="[382] /home/travis/build/icyphy/ptII/ptolemy/actor/lib/test/auto/TriangularDistTestModel.xml (RunModel)" time="0.014" />
  <testcase classname="ptolemy.util.test.junit.AutoTests" name="[383] /home/travis/build/icyphy/ptII/ptolemy/actor/lib/test/auto/TrigFunction.xml (RunModel)" time="0.007" />
  <testcase classname="ptolemy.util.test.junit.AutoTests" name="[384] /home/travis/build/icyphy/ptII/ptolemy/actor/lib/test/auto/TrigFunctionDE.xml (RunModel)" time="0.01" />
  <testcase classname="ptolemy.util.test.junit.AutoTests" name="[385] /home/travis/build/icyphy/ptII/ptolemy/actor/lib/test/auto/TrigFunctionInverse.xml (RunModel)" time="0.009" />
  <testcase classname="ptolemy.util.test.junit.AutoTests" name="[386] /home/travis/build/icyphy/ptII/ptolemy/actor/lib/test/auto/TrigFunctionTan.xml (RunModel)" time="0.006" />
  <testcase classname="ptolemy.util.test.junit.AutoTests" name="[387] /home/travis/build/icyphy/ptII/ptolemy/actor/lib/test/auto/TriggeredClock.xml (RunModel)" time="0.009" />
  <testcase classname="ptolemy.util.test.junit.AutoTests" name="[388] /home/travis/build/icyphy/ptII/ptolemy/actor/lib/test/auto/URLDirectoryReader.xml (RunModel)" time="0.115" />
  <testcase classname="ptolemy.util.test.junit.AutoTests" name="[389] /home/travis/build/icyphy/ptII/ptolemy/actor/lib/test/auto/URLDirectoryReader3.xml (RunModel)" time="1.74" />
  <testcase classname="ptolemy.util.test.junit.AutoTests" name="[390] /home/travis/build/icyphy/ptII/ptolemy/actor/lib/test/auto/UnaryMathFunction.xml (RunModel)" time="0.054" />
  <testcase classname="ptolemy.util.test.junit.AutoTests" name="[391] /home/travis/build/icyphy/ptII/ptolemy/actor/lib/test/auto/Uniform.xml (RunModel)" time="0.03" />
  <testcase classname="ptolemy.util.test.junit.AutoTests" name="[392] /home/travis/build/icyphy/ptII/ptolemy/actor/lib/test/auto/UnionDisassemblerTest.xml (RunModel)" time="0.029" />
  <testcase classname="ptolemy.util.test.junit.AutoTests" name="[393] /home/travis/build/icyphy/ptII/ptolemy/actor/lib/test/auto/UtilityFunctions.xml (RunModel)" time="0.029" />
  <testcase classname="ptolemy.util.test.junit.AutoTests" name="[394] /home/travis/build/icyphy/ptII/ptolemy/actor/lib/test/auto/VariableSleep.xml (RunModel)" time="0.532" />
  <testcase classname="ptolemy.util.test.junit.AutoTests" name="[395] /home/travis/build/icyphy/ptII/ptolemy/actor/lib/test/auto/VectorAssemblerDisassemblerCT.xml (RunModel)" time="0.115" />
  <testcase classname="ptolemy.util.test.junit.AutoTests" name="[396] /home/travis/build/icyphy/ptII/ptolemy/actor/lib/test/auto/VectorAssemblerDisassemblerDE.xml (RunModel)" time="0.014" />
  <testcase classname="ptolemy.util.test.junit.AutoTests" name="[397] /home/travis/build/icyphy/ptII/ptolemy/actor/lib/test/auto/VectorAssemblerDisassemblerSDF.xml (RunModel)" time="0.014" />
  <testcase classname="ptolemy.util.test.junit.AutoTests" name="[398] /home/travis/build/icyphy/ptII/ptolemy/actor/lib/test/auto/WallClockTime.xml (RunModel)" time="1.014" />
  <testcase classname="ptolemy.util.test.junit.AutoTests" name="[399] /home/travis/build/icyphy/ptII/ptolemy/actor/lib/test/auto/WidthTestWithSubscriberPublisher.xml (RunModel)" time="0.071" />
  <testcase classname="ptolemy.util.test.junit.AutoTests" name="[400] /home/travis/build/icyphy/ptII/ptolemy/actor/lib/test/auto/WidthTestWithSubscriberPublisher2.xml (RunModel)" time="0.012" />
  <testcase classname="ptolemy.util.test.junit.AutoTests" name="[401] /home/travis/build/icyphy/ptII/ptolemy/actor/lib/test/auto/WidthTestWithSubscriberPublisher3.xml (RunModel)" time="0.018" />
  <testcase classname="ptolemy.util.test.junit.AutoTests" name="[402] /home/travis/build/icyphy/ptII/ptolemy/actor/lib/test/auto/Writer.xml (RunModel)" time="0.007" />
  <testcase classname="ptolemy.util.test.junit.AutoTests" name="[403] /home/travis/build/icyphy/ptII/ptolemy/actor/lib/test/auto/array.xml (RunModel)" time="0.01" />
  <testcase classname="ptolemy.util.test.junit.AutoTests" name="[404] /home/travis/build/icyphy/ptII/ptolemy/actor/lib/test/auto/array2.xml (RunModel)" time="0.008" />
  <testcase classname="ptolemy.util.test.junit.AutoTests" name="[405] /home/travis/build/icyphy/ptII/ptolemy/actor/lib/test/auto/arrayType.xml (RunModel)" time="0.009" />
  <testcase classname="ptolemy.util.test.junit.AutoTests" name="[406] /home/travis/build/icyphy/ptII/ptolemy/actor/lib/test/auto/arrayType10.xml (RunModel)" time="0.006" />
  <testcase classname="ptolemy.util.test.junit.AutoTests" name="[407] /home/travis/build/icyphy/ptII/ptolemy/actor/lib/test/auto/arrayType11.xml (RunModel)" time="0.006" />
  <testcase classname="ptolemy.util.test.junit.AutoTests" name="[408] /home/travis/build/icyphy/ptII/ptolemy/actor/lib/test/auto/arrayType12.xml (RunModel)" time="0.008" />
  <testcase classname="ptolemy.util.test.junit.AutoTests" name="[409] /home/travis/build/icyphy/ptII/ptolemy/actor/lib/test/auto/arrayType13.xml (RunModel)" time="0.007" />
  <testcase classname="ptolemy.util.test.junit.AutoTests" name="[410] /home/travis/build/icyphy/ptII/ptolemy/actor/lib/test/auto/arrayType14.xml (RunModel)" time="0.008" />
  <testcase classname="ptolemy.util.test.junit.AutoTests" name="[411] /home/travis/build/icyphy/ptII/ptolemy/actor/lib/test/auto/arrayType15.xml (RunModel)" time="0.007" />
  <testcase classname="ptolemy.util.test.junit.AutoTests" name="[412] /home/travis/build/icyphy/ptII/ptolemy/actor/lib/test/auto/arrayType16.xml (RunModel)" time="0.008" />
  <testcase classname="ptolemy.util.test.junit.AutoTests" name="[413] /home/travis/build/icyphy/ptII/ptolemy/actor/lib/test/auto/arrayType17.xml (RunModel)" time="0.008" />
  <testcase classname="ptolemy.util.test.junit.AutoTests" name="[414] /home/travis/build/icyphy/ptII/ptolemy/actor/lib/test/auto/arrayType18.xml (RunModel)" time="0.007" />
  <testcase classname="ptolemy.util.test.junit.AutoTests" name="[415] /home/travis/build/icyphy/ptII/ptolemy/actor/lib/test/auto/arrayType19.xml (RunModel)" time="0.007" />
  <testcase classname="ptolemy.util.test.junit.AutoTests" name="[416] /home/travis/build/icyphy/ptII/ptolemy/actor/lib/test/auto/arrayType2.xml (RunModel)" time="0.012" />
  <testcase classname="ptolemy.util.test.junit.AutoTests" name="[417] /home/travis/build/icyphy/ptII/ptolemy/actor/lib/test/auto/arrayType20.xml (RunModel)" time="0.008" />
  <testcase classname="ptolemy.util.test.junit.AutoTests" name="[418] /home/travis/build/icyphy/ptII/ptolemy/actor/lib/test/auto/arrayType21.xml (RunModel)" time="0.008" />
  <testcase classname="ptolemy.util.test.junit.AutoTests" name="[419] /home/travis/build/icyphy/ptII/ptolemy/actor/lib/test/auto/arrayType22.xml (RunModel)" time="0.008" />
  <testcase classname="ptolemy.util.test.junit.AutoTests" name="[420] /home/travis/build/icyphy/ptII/ptolemy/actor/lib/test/auto/arrayType23.xml (RunModel)" time="0.018" />
  <testcase classname="ptolemy.util.test.junit.AutoTests" name="[421] /home/travis/build/icyphy/ptII/ptolemy/actor/lib/test/auto/arrayType24.xml (RunModel)" time="0.008" />
  <testcase classname="ptolemy.util.test.junit.AutoTests" name="[422] /home/travis/build/icyphy/ptII/ptolemy/actor/lib/test/auto/arrayType25.xml (RunModel)" time="0.008" />
  <testcase classname="ptolemy.util.test.junit.AutoTests" name="[423] /home/travis/build/icyphy/ptII/ptolemy/actor/lib/test/auto/arrayType26.xml (RunModel)" time="0.008" />
  <testcase classname="ptolemy.util.test.junit.AutoTests" name="[424] /home/travis/build/icyphy/ptII/ptolemy/actor/lib/test/auto/arrayType27.xml (RunModel)" time="0.009" />
  <testcase classname="ptolemy.util.test.junit.AutoTests" name="[425] /home/travis/build/icyphy/ptII/ptolemy/actor/lib/test/auto/arrayType28.xml (RunModel)" time="0.007" />
  <testcase classname="ptolemy.util.test.junit.AutoTests" name="[426] /home/travis/build/icyphy/ptII/ptolemy/actor/lib/test/auto/arrayType3.xml (RunModel)" time="0.007" />
  <testcase classname="ptolemy.util.test.junit.AutoTests" name="[427] /home/travis/build/icyphy/ptII/ptolemy/actor/lib/test/auto/arrayType4.xml (RunModel)" time="0.007" />
  <testcase classname="ptolemy.util.test.junit.AutoTests" name="[428] /home/travis/build/icyphy/ptII/ptolemy/actor/lib/test/auto/arrayType5.xml (RunModel)" time="0.008" />
  <testcase classname="ptolemy.util.test.junit.AutoTests" name="[429] /home/travis/build/icyphy/ptII/ptolemy/actor/lib/test/auto/arrayType6.xml (RunModel)" time="0.007" />
  <testcase classname="ptolemy.util.test.junit.AutoTests" name="[430] /home/travis/build/icyphy/ptII/ptolemy/actor/lib/test/auto/arrayType7.xml (RunModel)" time="0.007" />
  <testcase classname="ptolemy.util.test.junit.AutoTests" name="[431] /home/travis/build/icyphy/ptII/ptolemy/actor/lib/test/auto/arrayType8.xml (RunModel)" time="0.008" />
  <testcase classname="ptolemy.util.test.junit.AutoTests" name="[432] /home/travis/build/icyphy/ptII/ptolemy/actor/lib/test/auto/arrayType9.xml (RunModel)" time="0.007" />
  <testcase classname="ptolemy.util.test.junit.AutoTests" name="[433] /home/travis/build/icyphy/ptII/ptolemy/actor/lib/test/auto/cast.xml (RunModel)" time="0.008" />
  <testcase classname="ptolemy.util.test.junit.AutoTests" name="[434] /home/travis/build/icyphy/ptII/ptolemy/actor/lib/test/auto/compositeMultiPort.xml (RunModel)" time="0.016" />
  <testcase classname="ptolemy.util.test.junit.AutoTests" name="[435] /home/travis/build/icyphy/ptII/ptolemy/actor/lib/test/auto/expressionCastInference.xml (RunModel)" time="0.007" />
  <testcase classname="ptolemy.util.test.junit.AutoTests" name="[436] /home/travis/build/icyphy/ptII/ptolemy/actor/lib/test/auto/expressionCastInference2.xml (RunModel)" time="0.007" />
  <testcase classname="ptolemy.util.test.junit.AutoTests" name="[437] /home/travis/build/icyphy/ptII/ptolemy/actor/lib/test/auto/expressionInference.xml (RunModel)" time="0.006" />
  <testcase classname="ptolemy.util.test.junit.AutoTests" name="[438] /home/travis/build/icyphy/ptII/ptolemy/actor/lib/test/auto/expression_bug.xml (RunModel)" time="0.006" />
  <testcase classname="ptolemy.util.test.junit.AutoTests" name="[439] /home/travis/build/icyphy/ptII/ptolemy/actor/lib/test/auto/factorial.xml (RunModel)" time="0.047" />
  <testcase classname="ptolemy.util.test.junit.AutoTests" name="[440] /home/travis/build/icyphy/ptII/ptolemy/actor/lib/test/auto/filterTest1.xml (RunModel)" time="0.011" />
  <testcase classname="ptolemy.util.test.junit.AutoTests" name="[441] /home/travis/build/icyphy/ptII/ptolemy/actor/lib/test/auto/funcApplyInConst.xml (RunModel)" time="0.008" />
  <testcase classname="ptolemy.util.test.junit.AutoTests" name="[442] /home/travis/build/icyphy/ptII/ptolemy/actor/lib/test/auto/funcApplyInExpr.xml (RunModel)" time="0.005" />
  <testcase classname="ptolemy.util.test.junit.AutoTests" name="[443] /home/travis/build/icyphy/ptII/ptolemy/actor/lib/test/auto/function.xml (RunModel)" time="0.008" />
  <testcase classname="ptolemy.util.test.junit.AutoTests" name="[444] /home/travis/build/icyphy/ptII/ptolemy/actor/lib/test/auto/function2.xml (RunModel)" time="0.007" />
  <testcase classname="ptolemy.util.test.junit.AutoTests" name="[445] /home/travis/build/icyphy/ptII/ptolemy/actor/lib/test/auto/function3.xml (RunModel)" time="0.005" />
  <testcase classname="ptolemy.util.test.junit.AutoTests" name="[446] /home/travis/build/icyphy/ptII/ptolemy/actor/lib/test/auto/functionClosureTest1.xml (RunModel)" time="0.009" />
  <testcase classname="ptolemy.util.test.junit.AutoTests" name="[447] /home/travis/build/icyphy/ptII/ptolemy/actor/lib/test/auto/functionClosureTest2.xml (RunModel)" time="0.005" />
  <testcase classname="ptolemy.util.test.junit.AutoTests" name="[448] /home/travis/build/icyphy/ptII/ptolemy/actor/lib/test/auto/functionClosureTest3.xml (RunModel)" time="0.008" />
  <testcase classname="ptolemy.util.test.junit.AutoTests" name="[449] /home/travis/build/icyphy/ptII/ptolemy/actor/lib/test/auto/functionClosureTest4.xml (RunModel)" time="0.011" />
  <testcase classname="ptolemy.util.test.junit.AutoTests" name="[450] /home/travis/build/icyphy/ptII/ptolemy/actor/lib/test/auto/functionClosureTest5.xml (RunModel)" time="0.01" />
  <testcase classname="ptolemy.util.test.junit.AutoTests" name="[451] /home/travis/build/icyphy/ptII/ptolemy/actor/lib/test/auto/functionClosureTest6.xml (RunModel)" time="0.006" />
  <testcase classname="ptolemy.util.test.junit.AutoTests" name="[452] /home/travis/build/icyphy/ptII/ptolemy/actor/lib/test/auto/functionsOnArcs.xml (RunModel)" time="0.009" />
  <testcase classname="ptolemy.util.test.junit.AutoTests" name="[453] /home/travis/build/icyphy/ptII/ptolemy/actor/lib/test/auto/functionsOnArcsHOF.xml (RunModel)" time="0.011" />
  <testcase classname="ptolemy.util.test.junit.AutoTests" name="[454] /home/travis/build/icyphy/ptII/ptolemy/actor/lib/test/auto/logic.xml (RunModel)" time="0.015" />
  <testcase classname="ptolemy.util.test.junit.AutoTests" name="[455] /home/travis/build/icyphy/ptII/ptolemy/actor/lib/test/auto/matrixType.xml (RunModel)" time="0.008" />
  <testcase classname="ptolemy.util.test.junit.AutoTests" name="[456] /home/travis/build/icyphy/ptII/ptolemy/actor/lib/test/auto/matrixType10.xml (RunModel)" time="0.007" />
  <testcase classname="ptolemy.util.test.junit.AutoTests" name="[457] /home/travis/build/icyphy/ptII/ptolemy/actor/lib/test/auto/matrixType11.xml (RunModel)" time="0.006" />
  <testcase classname="ptolemy.util.test.junit.AutoTests" name="[458] /home/travis/build/icyphy/ptII/ptolemy/actor/lib/test/auto/matrixType12.xml (RunModel)" time="0.008" />
  <testcase classname="ptolemy.util.test.junit.AutoTests" name="[459] /home/travis/build/icyphy/ptII/ptolemy/actor/lib/test/auto/matrixType13.xml (RunModel)" time="0.007" />
  <testcase classname="ptolemy.util.test.junit.AutoTests" name="[460] /home/travis/build/icyphy/ptII/ptolemy/actor/lib/test/auto/matrixType14.xml (RunModel)" time="0.008" />
  <testcase classname="ptolemy.util.test.junit.AutoTests" name="[461] /home/travis/build/icyphy/ptII/ptolemy/actor/lib/test/auto/matrixType2.xml (RunModel)" time="0.008" />
  <testcase classname="ptolemy.util.test.junit.AutoTests" name="[462] /home/travis/build/icyphy/ptII/ptolemy/actor/lib/test/auto/matrixType3.xml (RunModel)" time="0.007" />
  <testcase classname="ptolemy.util.test.junit.AutoTests" name="[463] /home/travis/build/icyphy/ptII/ptolemy/actor/lib/test/auto/matrixType4.xml (RunModel)" time="0.006" />
  <testcase classname="ptolemy.util.test.junit.AutoTests" name="[464] /home/travis/build/icyphy/ptII/ptolemy/actor/lib/test/auto/matrixType5.xml (RunModel)" time="0.007" />
  <testcase classname="ptolemy.util.test.junit.AutoTests" name="[465] /home/travis/build/icyphy/ptII/ptolemy/actor/lib/test/auto/matrixType6.xml (RunModel)" time="0.008" />
  <testcase classname="ptolemy.util.test.junit.AutoTests" name="[466] /home/travis/build/icyphy/ptII/ptolemy/actor/lib/test/auto/matrixType7.xml (RunModel)" time="0.007" />
  <testcase classname="ptolemy.util.test.junit.AutoTests" name="[467] /home/travis/build/icyphy/ptII/ptolemy/actor/lib/test/auto/matrixType8.xml (RunModel)" time="0.008" />
  <testcase classname="ptolemy.util.test.junit.AutoTests" name="[468] /home/travis/build/icyphy/ptII/ptolemy/actor/lib/test/auto/matrixType9.xml (RunModel)" time="0.008" />
  <testcase classname="ptolemy.util.test.junit.AutoTests" name="[469] /home/travis/build/icyphy/ptII/ptolemy/actor/lib/test/auto/paraFunctest.xml (RunModel)" time="0.005" />
  <testcase classname="ptolemy.util.test.junit.AutoTests" name="[470] /home/travis/build/icyphy/ptII/ptolemy/actor/lib/test/auto/paraFunctest2.xml (RunModel)" time="0.007" />
  <testcase classname="ptolemy.util.test.junit.AutoTests" name="[471] /home/travis/build/icyphy/ptII/ptolemy/actor/lib/test/auto/parameterPassing.xml (RunModel)" time="0.007" />
  <testcase classname="ptolemy.util.test.junit.AutoTests" name="[472] /home/travis/build/icyphy/ptII/ptolemy/actor/lib/test/auto/record.xml (RunModel)" time="0.008" />
  <testcase classname="ptolemy.util.test.junit.AutoTests" name="[473] /home/travis/build/icyphy/ptII/ptolemy/actor/lib/test/auto/sizedarray1.xml (RunModel)" time="0.008" />
  <testcase classname="ptolemy.util.test.junit.AutoTests" name="[474] /home/travis/build/icyphy/ptII/ptolemy/actor/lib/test/auto/sizedarray2.xml (RunModel)" time="0.009" />
  <testcase classname="ptolemy.util.test.junit.AutoTests" name="[475] /home/travis/build/icyphy/ptII/ptolemy/actor/lib/test/auto/twoPublishers.xml (RunModel)" time="0.019" />
  <system-out><![CDATA[/home/travis/build/icyphy/ptII/ptolemy/actor/lib/test/AbsoluteValue.tcl
testDefs.tcl: setting time out to 9000 seconds at Tue Jan 29 18:51:20 UTC 2019
84 ms. Memory: 116224K Free: 109594K (94%)
5 ms. Memory: 116224K Free: 108406K (93%)
5 ms. Memory: 116224K Free: 107805K (93%)
4 ms. Memory: 116224K Free: 106610K (92%)
/home/travis/build/icyphy/ptII/ptolemy/actor/lib/test/AddSubtract.tcl
9 ms. Memory: 116224K Free: 104790K (90%)
6 ms. Memory: 116224K Free: 104156K (90%)
5 ms. Memory: 116224K Free: 102969K (89%)
6 ms. Memory: 116224K Free: 102376K (88%)
6 ms. Memory: 116224K Free: 101774K (88%)
4 ms. Memory: 116224K Free: 101141K (87%)
/home/travis/build/icyphy/ptII/ptolemy/actor/lib/test/Average.tcl
12 ms. Memory: 116224K Free: 99320K (85%)
14 ms. Memory: 116224K Free: 98094K (84%)
/home/travis/build/icyphy/ptII/ptolemy/actor/lib/test/Bernoulli.tcl
4 ms. Memory: 116224K Free: 96297K (83%)
6 ms. Memory: 116224K Free: 95704K (82%)
/home/travis/build/icyphy/ptII/ptolemy/actor/lib/test/Clock.tcl
preinitializing
resolving types
initializing
executing number 1
wrapping up
idle
10 ms. Memory: 116224K Free: 93891K (81%)
Completed execution with 5 iterations
preinitializing
resolving types
initializing
executing number 1
wrapping up
idle
3 ms. Memory: 116224K Free: 92689K (80%)
Completed execution with 5 iterations
preinitializing
resolving types
initializing
executing number 1
wrapping up
idle
4 ms. Memory: 116224K Free: 92079K (79%)
Completed execution with 5 iterations
/home/travis/build/icyphy/ptII/ptolemy/actor/lib/test/Commutator.tcl
6 ms. Memory: 116224K Free: 90282K (78%)
5 ms. Memory: 116224K Free: 89080K (77%)
9 ms. Memory: 116224K Free: 84870K (73%)
/home/travis/build/icyphy/ptII/ptolemy/actor/lib/test/Const.tcl
3 ms. Memory: 116224K Free: 83054K (71%)
7 ms. Memory: 116224K Free: 82461K (71%)
2 ms. Memory: 116224K Free: 81868K (70%)
2 ms. Memory: 116224K Free: 81274K (70%)
11 ms. Memory: 116224K Free: 110942K (95%)
13 ms. Memory: 116224K Free: 109532K (94%)
5 ms. Memory: 116224K Free: 108287K (93%)
3 ms. Memory: 116224K Free: 107069K (92%)
/home/travis/build/icyphy/ptII/ptolemy/actor/lib/test/CurrentTime.tcl
preinitializing
resolving types
initializing
executing number 1
wrapping up
idle
15 ms. Memory: 116224K Free: 105203K (91%)
Completed execution with 11 iterations
/home/travis/build/icyphy/ptII/ptolemy/actor/lib/test/DB.tcl
4 ms. Memory: 116224K Free: 103377K (89%)
2 ms. Memory: 116224K Free: 102776K (88%)
1 ms. Memory: 116224K Free: 102776K (88%)
/home/travis/build/icyphy/ptII/ptolemy/actor/lib/test/DiscreteRandomSource.tcl
preinitializing
resolving types
initializing
executing number 1
wrapping up
idle
8 ms. Memory: 116224K Free: 100958K (87%)
Completed execution with 4 iterations
preinitializing
resolving types
initializing
executing number 1
wrapping up
idle
11 ms. Memory: 116224K Free: 100325K (86%)
Completed execution with 4 iterations
preinitializing
resolving types
initializing
executing number 1
wrapping up
idle
2 ms. Memory: 116224K Free: 100325K (86%)
Completed execution with 4 iterations
preinitializing
resolving types
initializing
executing number 1
wrapping up
idle
3 ms. Memory: 116224K Free: 99724K (86%)
Completed execution with 4 iterations
preinitializing
resolving types
initializing
executing number 1
wrapping up
idle
9 ms. Memory: 116224K Free: 99124K (85%)
Completed execution with 4 iterations
/home/travis/build/icyphy/ptII/ptolemy/actor/lib/test/Distributor.tcl
8 ms. Memory: 116224K Free: 97890K (84%)
3 ms. Memory: 116224K Free: 96688K (83%)
StreamChangeRequest.changeExecuted(): <deleteEntity name="rec2"/> succeeded
StreamChangeRequest.changeExecuted(): <deleteRelation name="r2"/> succeeded
StreamChangeRequest.changeExecuted(): Record firings per iteration succeeded
5 ms. Memory: 116224K Free: 94269K (81%)
/home/travis/build/icyphy/ptII/ptolemy/actor/lib/test/Exit.tcl
Exit.tcl: this will print a message about Manager.exitAfterWrapup, which can be ignored.
4 ms. Memory: 116224K Free: 90574K (78%)
/home/travis/build/icyphy/ptII/ptolemy/actor/lib/test/Expression.tcl
9 ms. Memory: 116224K Free: 88141K (76%)
3 ms. Memory: 116224K Free: 87540K (75%)
3 ms. Memory: 116224K Free: 86939K (75%)
preinitializing
resolving types
initializing
executing number 1
wrapping up
idle
5 ms. Memory: 116224K Free: 85137K (73%)
Completed execution with 6 iterations
9 ms. Memory: 116224K Free: 84536K (73%)
3 ms. Memory: 116224K Free: 83335K (72%)
5 ms. Memory: 116224K Free: 82133K (71%)
14 ms. Memory: 116224K Free: 110748K (95%)
2 ms. Memory: 116224K Free: 109569K (94%)
/home/travis/build/icyphy/ptII/ptolemy/actor/lib/test/Gaussian.tcl
4 ms. Memory: 116224K Free: 107799K (93%)
sleeping 1 seconds: ......................................................................................................................................................................................................................................................................................................................................................................................................................................................................................................................................................................................................................................................................................................................................................................................................................................................................................................................................................................................................................................................................................................................................................................................................................................................................................................................................................................................................................................................................................................................................................................................................................................................................................................................................................................................................................................................................................................................................................................................................................................................................................................................................................................................................................................................................................................................................................................................................................................................................................................................................................................................................................................................................................................................................................................................................................................................................................................................................................................................................................................................................................................................................................................................................................................................................................................................................................................................................................................................................................................................................................................................................................................................................................................................................................................................................................................................................................................................................................................................................................................................................................................................................................................................................................................................................................................................................................................................................................................................................................................................................................................................................................................................................................................................................................................................................................................................................................................................................................................................................................................................................................................................................................................................................................................................................................................................................................................................................................................................................................................................................................................................................................................................................................................................................................................................................................................................................................................................................................................................................................................................................................................................................................................................................................................................................................................................................................................................................................................................................................................................................................................................................................................................................................................................................................................................................................................................................................................................................................................................................................................................................................................................................................................................................................................................................................................................................................................................................................................................................................................................................................................................................................................................................................................................................................................................................................................................................................................................................................................................................................................................................................................................................................................................................................................................................................................................................................................................................................................................................................................................................................................................................................................................................................................................................................................................................................................................................................................................................................................................................................................................................................................................................................................................................................................................................................................................................................................................................................................................................................................................................................................................................................................................................................................................................................................................................................................................................................................................................................................................................................................................................................................................................................................................................................................................................................................................................................................................................................................................................................................................................................................................................................................................................................................................................................................................................................................................................................................................................................................................................................................................................................................................................................................................................................................................................................................................................................................................................................................................................................................................................................................................................................................................................................................................................................................................................................................................................................................................................................................................................................................................................................................................................................................................................................................................................................................................................................................................................................................................................................................................................................................................................................................................................................................................................................................................................................................................................................................................................................................................................................................................................................................................................................................................................................................................................................................................................................................................................................................................................................................................................................................................................................................................................................................................................................................................................................................................................................................................................................................................................................................................................................................................................................................................................................................................................................................................................................................................................................................................................................................................................................................................................................................................................................................................................................................................................................................................................................................................................................................................................................................................................................................................................................................................................................................................................................................................................................................................................................................................................................................................................................................................................................................................................................................................................................................................................................................................................................................................................................................................................................................................................................................................................................................................................................................................................................................................................................................................................................................................................................................................................................................................................................................................................................................................................................................................................................................................................................................................................................................................................................................................................................................................................................................................................................................................................................................................................................................................................................................................................................................................................................................................................................................................................................................................................................................................................................................................................................................................................................................................................................................................................................................................................................................................................................................................................................................................................................................................................................................................................................................................................................................................................................................................................................................................................................................................................................................................................................................................................................................................................................................................................................................................................................................................................................................................................................................................................................................................................................................................................................................................................................................................................................................................4 ms. Memory: 146944K Free: 88083K (60%)
3 ms. Memory: 146944K Free: 86886K (59%)
2 ms. Memory: 146944K Free: 86717K (59%)
2 ms. Memory: 146944K Free: 85521K (58%)
2 ms. Memory: 146944K Free: 85521K (58%)
/home/travis/build/icyphy/ptII/ptolemy/actor/lib/test/IIR.tcl
/home/travis/build/icyphy/ptII/ptolemy/actor/lib/test/Interpolator.tcl
5 ms. Memory: 146944K Free: 81930K (56%)
4 ms. Memory: 146944K Free: 80734K (55%)
4 ms. Memory: 146944K Free: 80734K (55%)
13 ms. Memory: 146944K Free: 140454K (96%)
3 ms. Memory: 146944K Free: 140454K (96%)
8 ms. Memory: 146944K Free: 139136K (95%)
9 ms. Memory: 146944K Free: 137928K (94%)
11 ms. Memory: 146944K Free: 136721K (93%)
2 ms. Memory: 146944K Free: 136721K (93%)
3 ms. Memory: 146944K Free: 135513K (92%)
/home/travis/build/icyphy/ptII/ptolemy/actor/lib/test/MathFunction.tcl
6 ms. Memory: 146944K Free: 133096K (91%)
2 ms. Memory: 146944K Free: 131889K (90%)
3 ms. Memory: 146944K Free: 130681K (89%)
4 ms. Memory: 146944K Free: 130681K (89%)
6 ms. Memory: 146944K Free: 129473K (88%)
11 ms. Memory: 146944K Free: 127057K (86%)
/home/travis/build/icyphy/ptII/ptolemy/actor/lib/test/Maximum.tcl
5 ms. Memory: 146944K Free: 124640K (85%)
5 ms. Memory: 146944K Free: 124640K (85%)
7 ms. Memory: 146944K Free: 123432K (84%)
7 ms. Memory: 146944K Free: 123432K (84%)
/home/travis/build/icyphy/ptII/ptolemy/actor/lib/test/Minimum.tcl
3 ms. Memory: 146944K Free: 121016K (82%)
2 ms. Memory: 146944K Free: 121016K (82%)
2 ms. Memory: 146944K Free: 119807K (82%)
2 ms. Memory: 146944K Free: 119807K (82%)
/home/travis/build/icyphy/ptII/ptolemy/actor/lib/test/MultiplyDivide.tcl
13 ms. Memory: 146944K Free: 117391K (80%)
8 ms. Memory: 146944K Free: 116183K (79%)
3 ms. Memory: 146944K Free: 116183K (79%)
3 ms. Memory: 146944K Free: 114976K (78%)
5 ms. Memory: 146944K Free: 114976K (78%)
/home/travis/build/icyphy/ptII/ptolemy/actor/lib/test/OrderedMerge.tcl
Connections changed on port: inputA
Connections changed on port: inputB
Connections changed on port: output
Connections changed on port: output
Connections changed on port: output
Connections changed on port: input
.top. Preinitializing ...
Invoking preinitialize():  .top.OrderedMerge
Called preinitialize()
Invoking preinitialize():  .top.Ramp
Called preinitialize()
Invoking preinitialize():  .top.Ramp2
Called preinitialize()
Invoking preinitialize():  .top.Test
Called preinitialize()
Connections changed on port: inputA
Connections changed on port: output
Connections changed on port: inputB
Connections changed on port: output
Connections changed on port: output
Connections changed on port: input
.top. Finished preinitialize().
Called initialize().
Invoking initialize():  .top.OrderedMerge
Initializing actor: .top.OrderedMerge
Adding a thread: .top.OrderedMerge
Invoking initialize():  .top.Ramp
Initializing actor: .top.Ramp
Adding a thread: .top.Ramp
Invoking initialize():  .top.Ramp2
Initializing actor: .top.Ramp2
Adding a thread: .top.Ramp2
Invoking initialize():  .top.Test
Initializing actor: .top.Test
Adding a thread: .top.Test
-- Starting thread.
Called initialize()
Called prefire()
Called fire()
-- Starting thread.
Called initialize()
Called prefire()
Called fire()
Called postfire()
Called prefire()
Called fire()
-- Starting thread.
Called initialize()
Called prefire()
Called fire()
Called postfire()
Called prefire()
Called fire()
Called fire().
Checking for deadlock:
There are 3 Blocked actors, 0 Stopped actors, and 4 active threads.
Waiting for actors to stop.
-- Starting thread.
Called initialize()
Called prefire()
Called fire()
Checking for deadlock:
There are 2 Blocked actors, 0 Stopped actors, and 4 active threads.
Waiting for actors to stop.
Called postfire()
Called prefire()
Called fire()
Checking for deadlock:
There are 3 Blocked actors, 0 Stopped actors, and 4 active threads.
Waiting for actors to stop.
Read input token from inputA with value 0.0
Next port to read input from is inputB
Called postfire()
Called prefire()
Called fire()
Checking for deadlock:
There are 2 Blocked actors, 0 Stopped actors, and 4 active threads.
Waiting for actors to stop.
Called postfire()
Called prefire()
Called fire()
Checking for deadlock:
There are 3 Blocked actors, 0 Stopped actors, and 4 active threads.
Waiting for actors to stop.
Read input token from inputB with value 0.0
Checking for deadlock:
There are 2 Blocked actors, 0 Stopped actors, and 4 active threads.
Waiting for actors to stop.
-- Read input: 0.0, which is expected to match: 0.0
Called prefire()
Called fire()
Checking for deadlock:
There are 3 Blocked actors, 0 Stopped actors, and 4 active threads.
Waiting for actors to stop.
Sent output token with value 0.0
Next port to read input from is inputA
Called postfire()
Called prefire()
Called fire()
Called postfire()
Called prefire()
Called fire()
Checking for deadlock:
There are 3 Blocked actors, 0 Stopped actors, and 4 active threads.
Waiting for actors to stop.
Read input token from inputA with value 1.0
-- Read input: 0.0, which is expected to match: 0.0
Called prefire()
Called fire()
Checking for deadlock:
There are 3 Blocked actors, 0 Stopped actors, and 4 active threads.
Waiting for actors to stop.
Sent output token with value 0.0
Next port to read input from is inputB
Called postfire()
Called prefire()
Called fire()
Checking for deadlock:
There are 2 Blocked actors, 0 Stopped actors, and 4 active threads.
Waiting for actors to stop.
Called postfire()
Called prefire()
Called fire()
Checking for deadlock:
There are 3 Blocked actors, 0 Stopped actors, and 4 active threads.
Waiting for actors to stop.
Read input token from inputB with value 1.5
Checking for deadlock:
There are 2 Blocked actors, 0 Stopped actors, and 4 active threads.
Waiting for actors to stop.
-- Read input: 1.0, which is expected to match: 1.0
Called prefire()
Called fire()
Checking for deadlock:
There are 3 Blocked actors, 0 Stopped actors, and 4 active threads.
Waiting for actors to stop.
Sent output token with value 1.0
Next port to read input from is inputA
Called postfire()
Called prefire()
Called fire()
Called postfire()
Called prefire()
Called fire()
Checking for deadlock:
There are 3 Blocked actors, 0 Stopped actors, and 4 active threads.
Waiting for actors to stop.
Read input token from inputA with value 2.0
-- Read input: 1.5, which is expected to match: 1.5
Called prefire()
Called fire()
Checking for deadlock:
There are 3 Blocked actors, 0 Stopped actors, and 4 active threads.
Waiting for actors to stop.
Sent output token with value 1.5
Next port to read input from is inputB
Called postfire()
Called prefire()
Called fire()
Checking for deadlock:
There are 2 Blocked actors, 0 Stopped actors, and 4 active threads.
Waiting for actors to stop.
Called postfire()
Called prefire()
Called fire()
Checking for deadlock:
There are 3 Blocked actors, 0 Stopped actors, and 4 active threads.
Waiting for actors to stop.
Read input token from inputB with value 3.0
Checking for deadlock:
There are 2 Blocked actors, 0 Stopped actors, and 4 active threads.
Waiting for actors to stop.
-- Read input: 2.0, which is expected to match: 2.0
Called prefire()
Called fire()
Checking for deadlock:
There are 3 Blocked actors, 0 Stopped actors, and 4 active threads.
Waiting for actors to stop.
Sent output token with value 2.0
Next port to read input from is inputA
Called postfire()
Called prefire()
Called fire()
Called postfire()
Called prefire()
Called fire()
Checking for deadlock:
There are 3 Blocked actors, 0 Stopped actors, and 4 active threads.
Waiting for actors to stop.
Read input token from inputA with value 3.0
-- Read input: 3.0, which is expected to match: 3.0
Called prefire()
Called fire()
Checking for deadlock:
There are 3 Blocked actors, 0 Stopped actors, and 4 active threads.
Waiting for actors to stop.
Sent output token with value 3.0
Next port to read input from is inputB
Called postfire()
Called prefire()
Called fire()
Checking for deadlock:
There are 2 Blocked actors, 0 Stopped actors, and 4 active threads.
Waiting for actors to stop.
Called postfire()
Called prefire()
Called fire()
Checking for deadlock:
There are 3 Blocked actors, 0 Stopped actors, and 4 active threads.
Waiting for actors to stop.
Read input token from inputB with value 4.5
Checking for deadlock:
There are 2 Blocked actors, 0 Stopped actors, and 4 active threads.
Waiting for actors to stop.
-- Read input: 3.0, which is expected to match: 3.0
Called prefire()
Called fire()
Checking for deadlock:
There are 3 Blocked actors, 0 Stopped actors, and 4 active threads.
Waiting for actors to stop.
Sent output token with value 3.0
Next port to read input from is inputA
Called postfire()
Called prefire()
Called fire()
Called postfire()
Called prefire()
Called fire()
Checking for deadlock:
There are 3 Blocked actors, 0 Stopped actors, and 4 active threads.
Waiting for actors to stop.
Read input token from inputA with value 4.0
-- Read input: 4.0, which is expected to match: 4.0
Called prefire()
Called fire()
Past the end of training data. Read and discard all inputs.
Checking for deadlock:
There are 3 Blocked actors, 0 Stopped actors, and 4 active threads.
Waiting for actors to stop.
Sent output token with value 4.0
Next port to read input from is inputA
Called postfire()
Called prefire()
Called fire()
Called postfire()
Called prefire()
Called fire()
Checking for deadlock:
There are 3 Blocked actors, 0 Stopped actors, and 4 active threads.
Waiting for actors to stop.
Read input token from inputA with value 5.0
Called prefire()
Called fire()
Past the end of training data. Read and discard all inputs.
Checking for deadlock:
There are 3 Blocked actors, 0 Stopped actors, and 4 active threads.
Waiting for actors to stop.
Sent output token with value 4.5
Next port to read input from is inputB
Called postfire()
Called prefire()
Called fire()
Checking for deadlock:
There are 2 Blocked actors, 0 Stopped actors, and 4 active threads.
Waiting for actors to stop.
Called postfire()
Called prefire()
Called fire()
Checking for deadlock:
There are 3 Blocked actors, 0 Stopped actors, and 4 active threads.
Waiting for actors to stop.
Read input token from inputB with value 6.0
Checking for deadlock:
There are 2 Blocked actors, 0 Stopped actors, and 4 active threads.
Waiting for actors to stop.
Called prefire()
Called fire()
Past the end of training data. Read and discard all inputs.
Checking for deadlock:
There are 3 Blocked actors, 0 Stopped actors, and 4 active threads.
Waiting for actors to stop.
Sent output token with value 5.0
Next port to read input from is inputA
Called postfire()
Called prefire()
Called fire()
Called postfire()
Called prefire()
Called fire()
Checking for deadlock:
There are 3 Blocked actors, 0 Stopped actors, and 4 active threads.
Waiting for actors to stop.
Read input token from inputA with value 6.0
Called prefire()
Called fire()
Past the end of training data. Read and discard all inputs.
Checking for deadlock:
There are 3 Blocked actors, 0 Stopped actors, and 4 active threads.
Waiting for actors to stop.
Sent output token with value 6.0
Next port to read input from is inputB
Called postfire()
Called prefire()
Called fire()
Checking for deadlock:
There are 2 Blocked actors, 0 Stopped actors, and 4 active threads.
Waiting for actors to stop.
Called postfire()
Called prefire()
Called fire()
Checking for deadlock:
There are 3 Blocked actors, 0 Stopped actors, and 4 active threads.
Waiting for actors to stop.
Read input token from inputB with value 7.5
Checking for deadlock:
There are 2 Blocked actors, 0 Stopped actors, and 4 active threads.
Waiting for actors to stop.
Called prefire()
Called fire()
Past the end of training data. Read and discard all inputs.
Checking for deadlock:
There are 3 Blocked actors, 0 Stopped actors, and 4 active threads.
Waiting for actors to stop.
Sent output token with value 6.0
Next port to read input from is inputA
Called postfire()
Called prefire()
Called fire()
Called postfire()
Called prefire()
Called fire()
Checking for deadlock:
There are 3 Blocked actors, 0 Stopped actors, and 4 active threads.
Waiting for actors to stop.
Read input token from inputA with value 7.0
Called prefire()
Called fire()
Past the end of training data. Read and discard all inputs.
Checking for deadlock:
There are 3 Blocked actors, 0 Stopped actors, and 4 active threads.
Waiting for actors to stop.
Sent output token with value 7.0
Next port to read input from is inputA
Called postfire()
Called prefire()
Called fire()
-- Thread wrapup() called.
Called wrapup()
Thread .top.Ramp is exiting.
-- Thread stopped.
Checking for deadlock:
There are 2 Blocked actors, 0 Stopped actors, and 3 active threads.
Waiting for actors to stop.
Read input token from inputA with value 8.0
Called prefire()
Called fire()
Past the end of training data. Read and discard all inputs.
Checking for deadlock:
There are 2 Blocked actors, 0 Stopped actors, and 3 active threads.
Waiting for actors to stop.
Sent output token with value 7.5
Next port to read input from is inputB
Called postfire()
Called prefire()
Called fire()
Checking for deadlock:
There are 1 Blocked actors, 0 Stopped actors, and 3 active threads.
Waiting for actors to stop.
Called postfire()
Called prefire()
Called fire()
Checking for deadlock:
There are 2 Blocked actors, 0 Stopped actors, and 3 active threads.
Waiting for actors to stop.
Read input token from inputB with value 9.0
Checking for deadlock:
There are 1 Blocked actors, 0 Stopped actors, and 3 active threads.
Waiting for actors to stop.
Called prefire()
Called fire()
Past the end of training data. Read and discard all inputs.
Checking for deadlock:
There are 2 Blocked actors, 0 Stopped actors, and 3 active threads.
Waiting for actors to stop.
Sent output token with value 8.0
Next port to read input from is inputA
Called postfire()
Called prefire()
Called fire()
Read input token from inputA with value 9.0
Checking for deadlock:
There are 1 Blocked actors, 0 Stopped actors, and 3 active threads.
Waiting for actors to stop.
Called prefire()
Called fire()
Past the end of training data. Read and discard all inputs.
Checking for deadlock:
There are 2 Blocked actors, 0 Stopped actors, and 3 active threads.
Waiting for actors to stop.
Sent output token with value 9.0
Next port to read input from is inputB
Called postfire()
Called prefire()
Called fire()
Checking for deadlock:
There are 1 Blocked actors, 0 Stopped actors, and 3 active threads.
Waiting for actors to stop.
Called postfire()
Called prefire()
Called fire()
Checking for deadlock:
There are 2 Blocked actors, 0 Stopped actors, and 3 active threads.
Waiting for actors to stop.
Read input token from inputB with value 10.5
Checking for deadlock:
There are 1 Blocked actors, 0 Stopped actors, and 3 active threads.
Waiting for actors to stop.
Called prefire()
Called fire()
Past the end of training data. Read and discard all inputs.
Checking for deadlock:
There are 2 Blocked actors, 0 Stopped actors, and 3 active threads.
Waiting for actors to stop.
Sent output token with value 9.0
Next port to read input from is inputA
Called postfire()
Called prefire()
Called fire()
Checking for deadlock:
There are 3 Blocked actors, 0 Stopped actors, and 3 active threads.
Actors have stopped.
Checking for deadlock:
There are 3 Blocked actors, 0 Stopped actors, and 3 active threads.
Deadlock detected.
Resolving Deadlock
Checking for deadlock:
There are 3 Blocked actors, 0 Stopped actors, and 3 active threads.
Artificial Deadlock - increasing queue capacity.
increasing the capacity of receiver ptolemy.actor.TypedIOPort {.top.OrderedMerge.inputB} to 2
Director: Called postfire().
Called postfire().
_stopRequested = false
_stopFireRequested = false
Returning from postfire(): true
Called fire().
Checking for deadlock:
There are 2 Blocked actors, 0 Stopped actors, and 3 active threads.
Waiting for actors to stop.
-- Thread wrapup() called.
Called wrapup()
Thread .top.Ramp2 is exiting.
-- Thread stopped.
Checking for deadlock:
There are 2 Blocked actors, 0 Stopped actors, and 2 active threads.
Actors have stopped.
Checking for deadlock:
There are 2 Blocked actors, 0 Stopped actors, and 2 active threads.
Deadlock detected.
Resolving Deadlock
Checking for deadlock:
There are 2 Blocked actors, 0 Stopped actors, and 2 active threads.
Deadlock detected: no processes blocked on write, but some are blocked on read.
Called postfire().
_stopRequested = false
_stopFireRequested = false
Returning from postfire(): false
Finished deactivating branches.
Called wrapup().
-- Thread wrapup() called.
Called wrapup()
Thread .top.Test is exiting.
-- Thread stopped.
-- Blocked Receiver call threw TerminateProcessException.
-- Thread wrapup() called.
Called wrapup()
Thread .top.OrderedMerge is exiting.
-- Thread stopped.
-- Blocked Receiver call threw TerminateProcessException.
40 ms. Memory: 146944K Free: 110102K (75%)
.top. Preinitializing ...
Invoking preinitialize():  .top.OrderedMerge
Called preinitialize()
Invoking preinitialize():  .top.Ramp
Called preinitialize()
Invoking preinitialize():  .top.Ramp2
Called preinitialize()
Invoking preinitialize():  .top.Test
Called preinitialize()
.top. Finished preinitialize().
Called initialize().
Invoking initialize():  .top.OrderedMerge
Initializing actor: .top.OrderedMerge
Adding a thread: .top.OrderedMerge
Invoking initialize():  .top.Ramp
Initializing actor: .top.Ramp
Adding a thread: .top.Ramp
Invoking initialize():  .top.Ramp2
Initializing actor: .top.Ramp2
Adding a thread: .top.Ramp2
Invoking initialize():  .top.Test
Initializing actor: .top.Test
Adding a thread: .top.Test
-- Starting thread.
Called initialize()
Called prefire()
Called fire()
-- Starting thread.
Called initialize()
Called prefire()
Called fire()
Called postfire()
Called prefire()
Called fire()
-- Starting thread.
Called initialize()
Called prefire()
Called fire()
Called postfire()
Called prefire()
Called fire()
Called fire().
Checking for deadlock:
-- Starting thread.
There are 3 Blocked actors, 0 Stopped actors, and 4 active threads.
Waiting for actors to stop.
Called initialize()
Called prefire()
Called fire()
Checking for deadlock:
There are 2 Blocked actors, 0 Stopped actors, and 4 active threads.
Waiting for actors to stop.
Read input token from inputA with value 0.0
Called postfire()
Next port to read input from is inputB
Called prefire()
Called fire()
Called postfire()
Called prefire()
Called fire()
Read input token from inputB with value 0.0
Sent output token with value 0.0
Next port to read input from is inputA
Called postfire()
Called prefire()
Called fire()
Read input token from inputA with value 1.0
-- Read input: 0.0, which is expected to match: 0.0
Called prefire()
Called fire()
Checking for deadlock:
There are 1 Blocked actors, 0 Stopped actors, and 4 active threads.
Waiting for actors to stop.
Called postfire()
Called prefire()
Called fire()
Called postfire()
Called prefire()
Called fire()
Checking for deadlock:
Sent output token with value 0.0
There are 2 Blocked actors, 0 Stopped actors, and 4 active threads.
Waiting for actors to stop.
Next port to read input from is inputB
Called postfire()
-- Read input: 0.0, which is expected to match: 0.0
Called prefire()
Called fire()
Called prefire()
Called fire()
Read input token from inputB with value 1.5
Called postfire()
Called prefire()
Sent output token with value 1.0
Called fire()
Next port to read input from is inputA
Called postfire()
Called prefire()
Called fire()
Read input token from inputA with value 2.0
-- Read input: 1.0, which is expected to match: 1.0
Called postfire()
Called prefire()
Called fire()
Called prefire()
Called fire()
Checking for deadlock:
There are 3 Blocked actors, 0 Stopped actors, and 4 active threads.
Waiting for actors to stop.
Checking for deadlock:
There are 2 Blocked actors, 0 Stopped actors, and 4 active threads.
Waiting for actors to stop.
Sent output token with value 1.5
-- Read input: 1.5, which is expected to match: 1.5
Called prefire()
Called fire()
Checking for deadlock:
There are 3 Blocked actors, 0 Stopped actors, and 4 active threads.
Waiting for actors to stop.
Next port to read input from is inputB
Called postfire()
Called prefire()
Called fire()
Called postfire()
Called prefire()
Called fire()
Checking for deadlock:
There are 3 Blocked actors, 0 Stopped actors, and 4 active threads.
Waiting for actors to stop.
Read input token from inputB with value 3.0
Checking for deadlock:
There are 2 Blocked actors, 0 Stopped actors, and 4 active threads.
Waiting for actors to stop.
Sent output token with value 2.0
-- Read input: 2.0, which is expected to match: 2.0
Called prefire()
Called fire()
Checking for deadlock:
There are 3 Blocked actors, 0 Stopped actors, and 4 active threads.
Waiting for actors to stop.
Next port to read input from is inputA
Called postfire()
Called prefire()
Called fire()
Checking for deadlock:
There are 2 Blocked actors, 0 Stopped actors, and 4 active threads.
Waiting for actors to stop.
Read input token from inputA with value 3.0
Called postfire()
Called prefire()
Checking for deadlock:
There are 1 Blocked actors, 0 Stopped actors, and 4 active threads.
Waiting for actors to stop.
Sent output token with value 3.0
-- Read input: 3.0, which is expected to match: 3.0
Called fire()
Called prefire()
Called fire()
Checking for deadlock:
There are 2 Blocked actors, 0 Stopped actors, and 4 active threads.
Waiting for actors to stop.
Checking for deadlock:
There are 3 Blocked actors, 0 Stopped actors, and 4 active threads.
Waiting for actors to stop.
Next port to read input from is inputB
Called postfire()
Called prefire()
Called fire()
Checking for deadlock:
Read input token from inputB with value 4.5
There are 2 Blocked actors, 0 Stopped actors, and 4 active threads.
Waiting for actors to stop.
Called postfire()
Called prefire()
Called fire()
Checking for deadlock:
There are 2 Blocked actors, 0 Stopped actors, and 4 active threads.
Waiting for actors to stop.
-- Read input: 3.0, which is expected to match: 3.0
Called prefire()
Called fire()
Checking for deadlock:
There are 3 Blocked actors, 0 Stopped actors, and 4 active threads.
Waiting for actors to stop.
Sent output token with value 3.0
Next port to read input from is inputA
Called postfire()
Called prefire()
Called fire()
Read input token from inputA with value 4.0
Called postfire()
Called prefire()
Called fire()
Checking for deadlock:
Sent output token with value 4.0
There are 1 Blocked actors, 0 Stopped actors, and 4 active threads.
Waiting for actors to stop.
Next port to read input from is inputA
Called postfire()
Checking for deadlock:
-- Read input: 4.0, which is expected to match: 4.0
There are 2 Blocked actors, 0 Stopped actors, and 4 active threads.
Waiting for actors to stop.
Called prefire()
Called fire()
Past the end of training data. Read and discard all inputs.
Called prefire()
Checking for deadlock:
Called fire()
There are 3 Blocked actors, 0 Stopped actors, and 4 active threads.
Waiting for actors to stop.
Checking for deadlock:
There are 2 Blocked actors, 0 Stopped actors, and 4 active threads.
Waiting for actors to stop.
Read input token from inputA with value 5.0
Called postfire()
Called prefire()
Called fire()
Checking for deadlock:
Called prefire()
There are 1 Blocked actors, 0 Stopped actors, and 4 active threads.
Waiting for actors to stop.
Called fire()
Past the end of training data. Read and discard all inputs.
Checking for deadlock:
There are 3 Blocked actors, 0 Stopped actors, and 4 active threads.
Waiting for actors to stop.
Sent output token with value 4.5
Next port to read input from is inputB
Called postfire()
Called prefire()
Called fire()
Checking for deadlock:
There are 2 Blocked actors, 0 Stopped actors, and 4 active threads.
Waiting for actors to stop.
Read input token from inputB with value 6.0
Called prefire()
Called fire()
Past the end of training data. Read and discard all inputs.
Checking for deadlock:
There are 1 Blocked actors, 0 Stopped actors, and 4 active threads.
Waiting for actors to stop.
Called postfire()
Called prefire()
Called fire()
Checking for deadlock:
There are 3 Blocked actors, 0 Stopped actors, and 4 active threads.
Waiting for actors to stop.
Sent output token with value 5.0
Next port to read input from is inputA
Called postfire()
Called prefire()
Called fire()
Called postfire()
Called prefire()
Called fire()
Checking for deadlock:
There are 3 Blocked actors, 0 Stopped actors, and 4 active threads.
Waiting for actors to stop.
Read input token from inputA with value 6.0
Called prefire()
Called fire()
Past the end of training data. Read and discard all inputs.
Checking for deadlock:
There are 3 Blocked actors, 0 Stopped actors, and 4 active threads.
Waiting for actors to stop.
Sent output token with value 6.0
Next port to read input from is inputB
Called postfire()
Called prefire()
Called fire()
Checking for deadlock:
There are 2 Blocked actors, 0 Stopped actors, and 4 active threads.
Waiting for actors to stop.
Read input token from inputB with value 7.5
Called postfire()
Called prefire()
Called fire()
Called prefire()
Called fire()
Past the end of training data. Read and discard all inputs.
Checking for deadlock:
There are 3 Blocked actors, 0 Stopped actors, and 4 active threads.
Waiting for actors to stop.
Sent output token with value 6.0
Next port to read input from is inputA
Called postfire()
Called prefire()
Called fire()
Read input token from inputA with value 7.0
Checking for deadlock:
There are 2 Blocked actors, 0 Stopped actors, and 4 active threads.
Waiting for actors to stop.
Called postfire()
Called prefire()
Called fire()
Called prefire()
Called fire()
Past the end of training data. Read and discard all inputs.
Checking for deadlock:
There are 3 Blocked actors, 0 Stopped actors, and 4 active threads.
Waiting for actors to stop.
Sent output token with value 7.0
Next port to read input from is inputA
Called postfire()
Called prefire()
Called fire()
Read input token from inputA with value 8.0
-- Thread wrapup() called.
Called wrapup()
Thread .top.Ramp is exiting.
-- Thread stopped.
Sent output token with value 7.5
Next port to read input from is inputB
Checking for deadlock:
There are 1 Blocked actors, 0 Stopped actors, and 3 active threads.
Waiting for actors to stop.
Called prefire()
Called fire()
Past the end of training data. Read and discard all inputs.
Called postfire()
Checking for deadlock:
Called prefire()
There are 2 Blocked actors, 0 Stopped actors, and 3 active threads.
Waiting for actors to stop.
Called fire()
Checking for deadlock:
There are 1 Blocked actors, 0 Stopped actors, and 3 active threads.
Waiting for actors to stop.
Read input token from inputB with value 9.0
Called postfire()
Called prefire()
Called fire()
Called prefire()
Called fire()
Checking for deadlock:
There are 1 Blocked actors, 0 Stopped actors, and 3 active threads.
Past the end of training data. Read and discard all inputs.
Waiting for actors to stop.
Checking for deadlock:
There are 2 Blocked actors, 0 Stopped actors, and 3 active threads.
Waiting for actors to stop.
Sent output token with value 8.0
Next port to read input from is inputA
Called postfire()
Called prefire()
Called fire()
Read input token from inputA with value 9.0
Checking for deadlock:
There are 1 Blocked actors, 0 Stopped actors, and 3 active threads.
Waiting for actors to stop.
Called prefire()
Called fire()
Past the end of training data. Read and discard all inputs.
Checking for deadlock:
There are 2 Blocked actors, 0 Stopped actors, and 3 active threads.
Waiting for actors to stop.
Sent output token with value 9.0
Next port to read input from is inputB
Called postfire()
Called prefire()
Called fire()
Called postfire()
Called prefire()
Called fire()
Checking for deadlock:
There are 2 Blocked actors, 0 Stopped actors, and 3 active threads.
Waiting for actors to stop.
Read input token from inputB with value 10.5
Called prefire()
Called fire()
Past the end of training data. Read and discard all inputs.
Checking for deadlock:
There are 2 Blocked actors, 0 Stopped actors, and 3 active threads.
Waiting for actors to stop.
Sent output token with value 9.0
Next port to read input from is inputA
Called postfire()
Called prefire()
Called fire()
Checking for deadlock:
There are 3 Blocked actors, 0 Stopped actors, and 3 active threads.
Actors have stopped.
Checking for deadlock:
There are 3 Blocked actors, 0 Stopped actors, and 3 active threads.
Deadlock detected.
Resolving Deadlock
Checking for deadlock:
There are 3 Blocked actors, 0 Stopped actors, and 3 active threads.
Artificial Deadlock - increasing queue capacity.
increasing the capacity of receiver ptolemy.actor.TypedIOPort {.top.OrderedMerge.inputB} to 2
Director: Called postfire().
Called postfire().
_stopRequested = false
_stopFireRequested = false
Returning from postfire(): true
Called fire().
Checking for deadlock:
There are 2 Blocked actors, 0 Stopped actors, and 3 active threads.
Waiting for actors to stop.
-- Thread wrapup() called.
Called wrapup()
Thread .top.Ramp2 is exiting.
-- Thread stopped.
Checking for deadlock:
There are 2 Blocked actors, 0 Stopped actors, and 2 active threads.
Actors have stopped.
Checking for deadlock:
There are 2 Blocked actors, 0 Stopped actors, and 2 active threads.
Deadlock detected.
Resolving Deadlock
Checking for deadlock:
There are 2 Blocked actors, 0 Stopped actors, and 2 active threads.
Deadlock detected: no processes blocked on write, but some are blocked on read.
Called postfire().
_stopRequested = false
_stopFireRequested = false
Returning from postfire(): false
Finished deactivating branches.
Called wrapup().
-- Thread wrapup() called.
Called wrapup()
Thread .top.OrderedMerge is exiting.
-- Thread stopped.
-- Blocked Receiver call threw TerminateProcessException.
-- Thread wrapup() called.
Called wrapup()
Thread .top.Test is exiting.
-- Thread stopped.
-- Blocked Receiver call threw TerminateProcessException.
44 ms. Memory: 146944K Free: 106436K (72%)
/home/travis/build/icyphy/ptII/ptolemy/actor/lib/test/Publisher.tcl
10 ms. Memory: 146944K Free: 100397K (68%)
8 ms. Memory: 146944K Free: 95565K (65%)
3 ms. Memory: 146944K Free: 90733K (62%)
7 ms. Memory: 146944K Free: 90733K (62%)
7 ms. Memory: 146944K Free: 89493K (61%)
3 ms. Memory: 146944K Free: 88285K (60%)
3 ms. Memory: 146944K Free: 88285K (60%)
4 ms. Memory: 146944K Free: 87077K (59%)
1 ms. Memory: 208896K Free: 200119K (96%)
9 ms. Memory: 208896K Free: 195368K (94%)
2 ms. Memory: 208896K Free: 195368K (94%)
1 ms. Memory: 208896K Free: 192992K (92%)
9 ms. Memory: 208896K Free: 185724K (89%)
13 ms. Memory: 208896K Free: 173847K (83%)
6 ms. Memory: 208896K Free: 164345K (79%)
/home/travis/build/icyphy/ptII/ptolemy/actor/lib/test/Pulse.tcl
3 ms. Memory: 208896K Free: 121555K (58%)
1 ms. Memory: 208896K Free: 121555K (58%)
2 ms. Memory: 208896K Free: 121555K (58%)
2 ms. Memory: 208896K Free: 121555K (58%)
1 ms. Memory: 208896K Free: 119180K (57%)
2 ms. Memory: 208896K Free: 119180K (57%)
2 ms. Memory: 208896K Free: 119180K (57%)
7 ms. Memory: 208896K Free: 116805K (56%)
2 ms. Memory: 208896K Free: 116805K (56%)
/home/travis/build/icyphy/ptII/ptolemy/actor/lib/test/Ramp.tcl
3 ms. Memory: 208896K Free: 114429K (55%)
2 ms. Memory: 208896K Free: 114429K (55%)
2 ms. Memory: 208896K Free: 114429K (55%)
2 ms. Memory: 208896K Free: 112054K (54%)
3 ms. Memory: 208896K Free: 112054K (54%)
3 ms. Memory: 208896K Free: 112054K (54%)
5 ms. Memory: 208896K Free: 109678K (53%)
5 actors
5000 microseconds per iteration to create
6 ms. Memory: 208896K Free: 107303K (51%)
2 ms. Memory: 208896K Free: 107303K (51%)
2 ms. Memory: 208896K Free: 107303K (51%)
2 ms. Memory: 208896K Free: 104928K (50%)
50 actors
30000 microseconds per iteration to create
30 ms. Memory: 208896K Free: 90603K (43%)
6 ms. Memory: 208896K Free: 88228K (42%)
6 ms. Memory: 208896K Free: 88228K (42%)
5 ms. Memory: 208896K Free: 85836K (41%)
500 actors
1546000 microseconds per iteration to create
312 ms. Memory: 330752K Free: 280506K (85%)
46 ms. Memory: 330752K Free: 275695K (83%)
52 ms. Memory: 330752K Free: 270885K (82%)
33 ms. Memory: 330752K Free: 266074K (80%)
/home/travis/build/icyphy/ptII/ptolemy/actor/lib/test/RampContinuous.tcl
10 ms. Memory: 330752K Free: 266074K (80%)
/home/travis/build/icyphy/ptII/ptolemy/actor/lib/test/RecordAssembler.tcl
5 ms. Memory: 330752K Free: 261256K (79%)
3 ms. Memory: 330752K Free: 261256K (79%)
/home/travis/build/icyphy/ptII/ptolemy/actor/lib/test/RecordDisassembler.tcl
6 ms. Memory: 330752K Free: 261256K (79%)
4 ms. Memory: 330752K Free: 261256K (79%)
4 ms. Memory: 330752K Free: 256430K (78%)
/home/travis/build/icyphy/ptII/ptolemy/actor/lib/test/Scale.tcl
2 ms. Memory: 330752K Free: 256430K (78%)
1 ms. Memory: 330752K Free: 256430K (78%)
1 ms. Memory: 330752K Free: 256430K (78%)
3 ms. Memory: 330752K Free: 251619K (76%)
4 ms. Memory: 330752K Free: 251619K (76%)
/home/travis/build/icyphy/ptII/ptolemy/actor/lib/test/SequentialClock.tcl
preinitializing
resolving types
initializing
executing number 1
wrapping up
idle
5 ms. Memory: 330752K Free: 251619K (76%)
Completed execution with 5 iterations
preinitializing
resolving types
initializing
executing number 1
wrapping up
idle
4 ms. Memory: 330752K Free: 251619K (76%)
Completed execution with 5 iterations
preinitializing
resolving types
initializing
executing number 1
wrapping up
idle
2 ms. Memory: 330752K Free: 251619K (76%)
Completed execution with 5 iterations
/home/travis/build/icyphy/ptII/ptolemy/actor/lib/test/SetVariable.tcl
4 ms. Memory: 330752K Free: 246793K (75%)
/home/travis/build/icyphy/ptII/ptolemy/actor/lib/test/Sinewave.tcl
/home/travis/build/icyphy/ptII/ptolemy/actor/lib/test/SubscriptionAggregator.tcl
6 ms. Memory: 330752K Free: 237148K (72%)
9 ms. Memory: 330752K Free: 237148K (72%)
1 ms. Memory: 330752K Free: 232322K (70%)
1 ms. Memory: 330752K Free: 232322K (70%)
1 ms. Memory: 330752K Free: 232322K (70%)
10 ms. Memory: 330752K Free: 227503K (69%)
...............................................................832 ms. Memory: 481792K Free: 334392K (69%)
/home/travis/build/icyphy/ptII/ptolemy/actor/lib/test/Test.tcl
 The next command will produce a warning about training mode,
   which may be ignored.
4 ms. Memory: 481792K Free: 334392K (69%)
2 ms. Memory: 481792K Free: 326618K (68%)
1 ms. Memory: 481792K Free: 326618K (68%)
1 ms. Memory: 481792K Free: 326618K (68%)
4 ms. Memory: 481792K Free: 326618K (68%)
2 ms. Memory: 481792K Free: 326618K (68%)
3 ms. Memory: 481792K Free: 326618K (68%)
 The next command will produce a warning about training mode,
   which may be ignored.
3 ms. Memory: 481792K Free: 326618K (68%)
 The next command will produce a warning about training mode,
   which may be ignored.
13 ms. Memory: 481792K Free: 318844K (66%)
1 ms. Memory: 481792K Free: 318844K (66%)
1 ms. Memory: 481792K Free: 318844K (66%)
1 ms. Memory: 481792K Free: 318844K (66%)
2 ms. Memory: 481792K Free: 318844K (66%)
3 ms. Memory: 481792K Free: 318844K (66%)
/home/travis/build/icyphy/ptII/ptolemy/actor/lib/test/TestExceptionHandler.tcl
 The next command will produce a warning about training mode,
   which may be ignored.
1 ms. Memory: 481792K Free: 311079K (65%)
1 ms. Memory: 481792K Free: 311079K (65%)
1 ms. Memory: 481792K Free: 311079K (65%)
/home/travis/build/icyphy/ptII/ptolemy/actor/lib/test/UnionDisassembler.tcl
22 ms. Memory: 481792K Free: 303305K (63%)
/home/travis/build/icyphy/ptII/ptolemy/actor/lib/test/VariableClock.tcl
preinitializing
resolving types
initializing
executing number 1
wrapping up
idle
8 ms. Memory: 481792K Free: 303305K (63%)
Completed execution with 11 iterations
preinitializing
resolving types
initializing
executing number 1
wrapping up
idle
6 ms. Memory: 481792K Free: 303305K (63%)
Completed execution with 10 iterations
01/29/19 06:51:27
Failed: 0  Total Tests: 234  ((Passed: 234, Newly Passed: 0)  Known Failed: 0) /home/travis/build/icyphy/ptII/ptolemy/actor/lib/test
----------------- testing (KnownFailure) /home/travis/build/icyphy/ptII/ptolemy/actor/lib/test/auto/knownFailedTests/PublisherPortToplevelSubscriber.xml
1 ms. Memory: 481792K Free: 295502K (61%)
Known Failure: java.lang.reflect.InvocationTargetException
----------------- testing (KnownFailure) /home/travis/build/icyphy/ptII/ptolemy/actor/lib/test/auto/knownFailedTests/PublisherSubscriberPortToplevel.xml
1 ms. Memory: 481792K Free: 279896K (58%)
Known Failure: java.lang.reflect.InvocationTargetException
----------------- testing (KnownFailure) /home/travis/build/icyphy/ptII/ptolemy/actor/lib/test/auto/knownFailedTests/PublisherSubscriptionAggregatorPort.xml
2 ms. Memory: 481792K Free: 264290K (55%)
Known Failure: java.lang.reflect.InvocationTargetException
----------------- testing (KnownFailure) /home/travis/build/icyphy/ptII/ptolemy/actor/lib/test/auto/knownFailedTests/sizedarray3.xml
10 ms. Memory: 481792K Free: 248684K (52%)
Known Failure: java.lang.reflect.InvocationTargetException
No auto/linux-amd64/*.xml tests in /home/travis/build/icyphy/ptII/ptolemy/actor/lib/test
AutoTests.java: About to close Vertx.
AutoTests.java: Vertx closed.

===========================================================================================
----------------- testing Tue Jan 29 18:51:28 UTC 2019 /home/travis/build/icyphy/ptII/ptolemy/actor/lib/test/auto/AbsoluteValue.xml
----------------- Instantiating /home/travis/build/icyphy/ptII/ptolemy/actor/lib/test/auto/AbsoluteValue.xml
14 ms. Memory: 481792K Free: 190298K (39%)
----------------- Invoking toplevel() on ptolemy.moml.MoMLSimpleApplication@412d1ba8
----------------- Done invoking toplevel() on ptolemy.moml.MoMLSimpleApplication@412d1ba8
reloadAllAccessors: .AbsoluteValue

===========================================================================================
----------------- testing Tue Jan 29 18:51:28 UTC 2019 /home/travis/build/icyphy/ptII/ptolemy/actor/lib/test/auto/AbsoluteValue2.xml
----------------- Instantiating /home/travis/build/icyphy/ptII/ptolemy/actor/lib/test/auto/AbsoluteValue2.xml
5 ms. Memory: 481792K Free: 166889K (35%)
----------------- Invoking toplevel() on ptolemy.moml.MoMLSimpleApplication@6ed7ff8f
----------------- Done invoking toplevel() on ptolemy.moml.MoMLSimpleApplication@6ed7ff8f
reloadAllAccessors: .AbsoluteValue2

===========================================================================================
----------------- testing Tue Jan 29 18:51:28 UTC 2019 /home/travis/build/icyphy/ptII/ptolemy/actor/lib/test/auto/Accumulator.xml
----------------- Instantiating /home/travis/build/icyphy/ptII/ptolemy/actor/lib/test/auto/Accumulator.xml
7 ms. Memory: 481792K Free: 147410K (31%)
----------------- Invoking toplevel() on ptolemy.moml.MoMLSimpleApplication@5fe6bcdf
----------------- Done invoking toplevel() on ptolemy.moml.MoMLSimpleApplication@5fe6bcdf
reloadAllAccessors: .Accumulator

===========================================================================================
----------------- testing Tue Jan 29 18:51:28 UTC 2019 /home/travis/build/icyphy/ptII/ptolemy/actor/lib/test/auto/Accumulator2.xml
----------------- Instantiating /home/travis/build/icyphy/ptII/ptolemy/actor/lib/test/auto/Accumulator2.xml
4 ms. Memory: 481792K Free: 139607K (29%)
----------------- Invoking toplevel() on ptolemy.moml.MoMLSimpleApplication@165e548f
----------------- Done invoking toplevel() on ptolemy.moml.MoMLSimpleApplication@165e548f
reloadAllAccessors: .Accumulator2

===========================================================================================
----------------- testing Tue Jan 29 18:51:28 UTC 2019 /home/travis/build/icyphy/ptII/ptolemy/actor/lib/test/auto/Accumulator3.xml
----------------- Instantiating /home/travis/build/icyphy/ptII/ptolemy/actor/lib/test/auto/Accumulator3.xml
7 ms. Memory: 481792K Free: 131804K (27%)
----------------- Invoking toplevel() on ptolemy.moml.MoMLSimpleApplication@1120a23d
----------------- Done invoking toplevel() on ptolemy.moml.MoMLSimpleApplication@1120a23d
reloadAllAccessors: .Accumulator3

===========================================================================================
----------------- testing Tue Jan 29 18:51:28 UTC 2019 /home/travis/build/icyphy/ptII/ptolemy/actor/lib/test/auto/ArrayAppend.xml
----------------- Instantiating /home/travis/build/icyphy/ptII/ptolemy/actor/lib/test/auto/ArrayAppend.xml
5 ms. Memory: 481792K Free: 124001K (26%)
----------------- Invoking toplevel() on ptolemy.moml.MoMLSimpleApplication@57261105
----------------- Done invoking toplevel() on ptolemy.moml.MoMLSimpleApplication@57261105
reloadAllAccessors: .ArrayAppend

===========================================================================================
----------------- testing Tue Jan 29 18:51:28 UTC 2019 /home/travis/build/icyphy/ptII/ptolemy/actor/lib/test/auto/ArrayAppend2.xml
----------------- Instantiating /home/travis/build/icyphy/ptII/ptolemy/actor/lib/test/auto/ArrayAppend2.xml
587 ms. Memory: 481792K Free: 402388K (84%)
----------------- Invoking toplevel() on ptolemy.moml.MoMLSimpleApplication@4ad3edca
----------------- Done invoking toplevel() on ptolemy.moml.MoMLSimpleApplication@4ad3edca
reloadAllAccessors: .ArrayAppend2

===========================================================================================
----------------- testing Tue Jan 29 18:51:29 UTC 2019 /home/travis/build/icyphy/ptII/ptolemy/actor/lib/test/auto/ArrayAppend3.xml
----------------- Instantiating /home/travis/build/icyphy/ptII/ptolemy/actor/lib/test/auto/ArrayAppend3.xml
10 ms. Memory: 481792K Free: 386228K (80%)
----------------- Invoking toplevel() on ptolemy.moml.MoMLSimpleApplication@767c2f76
----------------- Done invoking toplevel() on ptolemy.moml.MoMLSimpleApplication@767c2f76
reloadAllAccessors: .ArrayAppend3

===========================================================================================
----------------- testing Tue Jan 29 18:51:29 UTC 2019 /home/travis/build/icyphy/ptII/ptolemy/actor/lib/test/auto/ArrayAppend4.xml
----------------- Instantiating /home/travis/build/icyphy/ptII/ptolemy/actor/lib/test/auto/ArrayAppend4.xml
9 ms. Memory: 481792K Free: 378417K (79%)
----------------- Invoking toplevel() on ptolemy.moml.MoMLSimpleApplication@684635d6
----------------- Done invoking toplevel() on ptolemy.moml.MoMLSimpleApplication@684635d6
reloadAllAccessors: .ArrayAppend4

===========================================================================================
----------------- testing Tue Jan 29 18:51:29 UTC 2019 /home/travis/build/icyphy/ptII/ptolemy/actor/lib/test/auto/ArrayAppend5.xml
----------------- Instantiating /home/travis/build/icyphy/ptII/ptolemy/actor/lib/test/auto/ArrayAppend5.xml
3 ms. Memory: 481792K Free: 364260K (76%)
----------------- Invoking toplevel() on ptolemy.moml.MoMLSimpleApplication@51bc2c9b
----------------- Done invoking toplevel() on ptolemy.moml.MoMLSimpleApplication@51bc2c9b
reloadAllAccessors: .ArrayAppend5

===========================================================================================
----------------- testing Tue Jan 29 18:51:29 UTC 2019 /home/travis/build/icyphy/ptII/ptolemy/actor/lib/test/auto/ArrayAppend6.xml
----------------- Instantiating /home/travis/build/icyphy/ptII/ptolemy/actor/lib/test/auto/ArrayAppend6.xml
3 ms. Memory: 481792K Free: 356456K (74%)
----------------- Invoking toplevel() on ptolemy.moml.MoMLSimpleApplication@efcf3fc
----------------- Done invoking toplevel() on ptolemy.moml.MoMLSimpleApplication@efcf3fc
reloadAllAccessors: .ArrayAppend6

===========================================================================================
----------------- testing Tue Jan 29 18:51:29 UTC 2019 /home/travis/build/icyphy/ptII/ptolemy/actor/lib/test/auto/ArrayAppendPerformanceTest.xml
----------------- Instantiating /home/travis/build/icyphy/ptII/ptolemy/actor/lib/test/auto/ArrayAppendPerformanceTest.xml
18 ms. Memory: 481792K Free: 346036K (72%)
----------------- Invoking toplevel() on ptolemy.moml.MoMLSimpleApplication@331a2e56
----------------- Done invoking toplevel() on ptolemy.moml.MoMLSimpleApplication@331a2e56
reloadAllAccessors: .ArrayAppendPerformanceTest

===========================================================================================
----------------- testing Tue Jan 29 18:51:29 UTC 2019 /home/travis/build/icyphy/ptII/ptolemy/actor/lib/test/auto/ArrayAppendWithEmptyInput.xml
----------------- Instantiating /home/travis/build/icyphy/ptII/ptolemy/actor/lib/test/auto/ArrayAppendWithEmptyInput.xml
18 ms. Memory: 481792K Free: 329262K (68%)
----------------- Invoking toplevel() on ptolemy.moml.MoMLSimpleApplication@5e445e68
----------------- Done invoking toplevel() on ptolemy.moml.MoMLSimpleApplication@5e445e68
reloadAllAccessors: .ArrayAppendWithEmptyInput

===========================================================================================
----------------- testing Tue Jan 29 18:51:29 UTC 2019 /home/travis/build/icyphy/ptII/ptolemy/actor/lib/test/auto/ArrayAverage.xml
----------------- Instantiating /home/travis/build/icyphy/ptII/ptolemy/actor/lib/test/auto/ArrayAverage.xml
5 ms. Memory: 481792K Free: 321459K (67%)
----------------- Invoking toplevel() on ptolemy.moml.MoMLSimpleApplication@2b0d9305
----------------- Done invoking toplevel() on ptolemy.moml.MoMLSimpleApplication@2b0d9305
reloadAllAccessors: .ArrayAverage

===========================================================================================
----------------- testing Tue Jan 29 18:51:29 UTC 2019 /home/travis/build/icyphy/ptII/ptolemy/actor/lib/test/auto/ArrayContains.xml
----------------- Instantiating /home/travis/build/icyphy/ptII/ptolemy/actor/lib/test/auto/ArrayContains.xml
8 ms. Memory: 481792K Free: 313640K (65%)
----------------- Invoking toplevel() on ptolemy.moml.MoMLSimpleApplication@81f4acc
----------------- Done invoking toplevel() on ptolemy.moml.MoMLSimpleApplication@81f4acc
reloadAllAccessors: .ArrayContains

===========================================================================================
----------------- testing Tue Jan 29 18:51:29 UTC 2019 /home/travis/build/icyphy/ptII/ptolemy/actor/lib/test/auto/ArrayElement.xml
----------------- Instantiating /home/travis/build/icyphy/ptII/ptolemy/actor/lib/test/auto/ArrayElement.xml
4 ms. Memory: 481792K Free: 299475K (62%)
----------------- Invoking toplevel() on ptolemy.moml.MoMLSimpleApplication@432b8e0
----------------- Done invoking toplevel() on ptolemy.moml.MoMLSimpleApplication@432b8e0
reloadAllAccessors: .ArrayElement

===========================================================================================
----------------- testing Tue Jan 29 18:51:29 UTC 2019 /home/travis/build/icyphy/ptII/ptolemy/actor/lib/test/auto/ArrayElementAsMatrix.xml
----------------- Instantiating /home/travis/build/icyphy/ptII/ptolemy/actor/lib/test/auto/ArrayElementAsMatrix.xml
12 ms. Memory: 481792K Free: 289063K (60%)
----------------- Invoking toplevel() on ptolemy.moml.MoMLSimpleApplication@64eff257
----------------- Done invoking toplevel() on ptolemy.moml.MoMLSimpleApplication@64eff257
reloadAllAccessors: .ArrayElementAsMatrix

===========================================================================================
----------------- testing Tue Jan 29 18:51:29 UTC 2019 /home/travis/build/icyphy/ptII/ptolemy/actor/lib/test/auto/ArrayElementI.xml
----------------- Instantiating /home/travis/build/icyphy/ptII/ptolemy/actor/lib/test/auto/ArrayElementI.xml
3 ms. Memory: 481792K Free: 281244K (58%)
----------------- Invoking toplevel() on ptolemy.moml.MoMLSimpleApplication@48dc6c22
----------------- Done invoking toplevel() on ptolemy.moml.MoMLSimpleApplication@48dc6c22
reloadAllAccessors: .ArrayElementI

===========================================================================================
----------------- testing Tue Jan 29 18:51:29 UTC 2019 /home/travis/build/icyphy/ptII/ptolemy/actor/lib/test/auto/ArrayExtract.xml
----------------- Instantiating /home/travis/build/icyphy/ptII/ptolemy/actor/lib/test/auto/ArrayExtract.xml
5 ms. Memory: 481792K Free: 267095K (55%)
----------------- Invoking toplevel() on ptolemy.moml.MoMLSimpleApplication@2a8eab45
----------------- Done invoking toplevel() on ptolemy.moml.MoMLSimpleApplication@2a8eab45
reloadAllAccessors: .ArrayExtract

===========================================================================================
----------------- testing Tue Jan 29 18:51:29 UTC 2019 /home/travis/build/icyphy/ptII/ptolemy/actor/lib/test/auto/ArrayExtract2.xml
----------------- Instantiating /home/travis/build/icyphy/ptII/ptolemy/actor/lib/test/auto/ArrayExtract2.xml
3 ms. Memory: 481792K Free: 259276K (54%)
----------------- Invoking toplevel() on ptolemy.moml.MoMLSimpleApplication@51abf25c
----------------- Done invoking toplevel() on ptolemy.moml.MoMLSimpleApplication@51abf25c
reloadAllAccessors: .ArrayExtract2

===========================================================================================
----------------- testing Tue Jan 29 18:51:29 UTC 2019 /home/travis/build/icyphy/ptII/ptolemy/actor/lib/test/auto/ArrayLength.xml
----------------- Instantiating /home/travis/build/icyphy/ptII/ptolemy/actor/lib/test/auto/ArrayLength.xml
10 ms. Memory: 481792K Free: 254074K (53%)
----------------- Invoking toplevel() on ptolemy.moml.MoMLSimpleApplication@3b8ce842
----------------- Done invoking toplevel() on ptolemy.moml.MoMLSimpleApplication@3b8ce842
reloadAllAccessors: .ArrayLength

===========================================================================================
----------------- testing Tue Jan 29 18:51:29 UTC 2019 /home/travis/build/icyphy/ptII/ptolemy/actor/lib/test/auto/ArrayLevelCrossing.xml
----------------- Instantiating /home/travis/build/icyphy/ptII/ptolemy/actor/lib/test/auto/ArrayLevelCrossing.xml
2 ms. Memory: 481792K Free: 237308K (49%)
----------------- Invoking toplevel() on ptolemy.moml.MoMLSimpleApplication@15c0d9bf
----------------- Done invoking toplevel() on ptolemy.moml.MoMLSimpleApplication@15c0d9bf
reloadAllAccessors: .ArrayLevelCrossing

===========================================================================================
----------------- testing Tue Jan 29 18:51:29 UTC 2019 /home/travis/build/icyphy/ptII/ptolemy/actor/lib/test/auto/ArrayLevelCrossing2.xml
----------------- Instantiating /home/travis/build/icyphy/ptII/ptolemy/actor/lib/test/auto/ArrayLevelCrossing2.xml
2 ms. Memory: 481792K Free: 229489K (48%)
----------------- Invoking toplevel() on ptolemy.moml.MoMLSimpleApplication@7c53958a
----------------- Done invoking toplevel() on ptolemy.moml.MoMLSimpleApplication@7c53958a
reloadAllAccessors: .ArrayLevelCrossing2

===========================================================================================
----------------- testing Tue Jan 29 18:51:29 UTC 2019 /home/travis/build/icyphy/ptII/ptolemy/actor/lib/test/auto/ArrayPeakSearch.xml
----------------- Instantiating /home/travis/build/icyphy/ptII/ptolemy/actor/lib/test/auto/ArrayPeakSearch.xml
3 ms. Memory: 481792K Free: 219069K (45%)
----------------- Invoking toplevel() on ptolemy.moml.MoMLSimpleApplication@7cdb80ad
----------------- Done invoking toplevel() on ptolemy.moml.MoMLSimpleApplication@7cdb80ad
reloadAllAccessors: .ArrayPeakSearch

===========================================================================================
----------------- testing Tue Jan 29 18:51:30 UTC 2019 /home/travis/build/icyphy/ptII/ptolemy/actor/lib/test/auto/ArrayPeakSearch2.xml
----------------- Instantiating /home/travis/build/icyphy/ptII/ptolemy/actor/lib/test/auto/ArrayPeakSearch2.xml
3 ms. Memory: 481792K Free: 202311K (42%)
----------------- Invoking toplevel() on ptolemy.moml.MoMLSimpleApplication@5a2693d4
----------------- Done invoking toplevel() on ptolemy.moml.MoMLSimpleApplication@5a2693d4
reloadAllAccessors: .ArrayPeakSearch2

===========================================================================================
----------------- testing Tue Jan 29 18:51:30 UTC 2019 /home/travis/build/icyphy/ptII/ptolemy/actor/lib/test/auto/ArrayPeakSearch3.xml
----------------- Instantiating /home/travis/build/icyphy/ptII/ptolemy/actor/lib/test/auto/ArrayPeakSearch3.xml
3 ms. Memory: 481792K Free: 191907K (40%)
----------------- Invoking toplevel() on ptolemy.moml.MoMLSimpleApplication@47faa730
----------------- Done invoking toplevel() on ptolemy.moml.MoMLSimpleApplication@47faa730
reloadAllAccessors: .ArrayPeakSearch3

===========================================================================================
----------------- testing Tue Jan 29 18:51:30 UTC 2019 /home/travis/build/icyphy/ptII/ptolemy/actor/lib/test/auto/ArrayRemoveElement.xml
----------------- Instantiating /home/travis/build/icyphy/ptII/ptolemy/actor/lib/test/auto/ArrayRemoveElement.xml
3 ms. Memory: 481792K Free: 181479K (38%)
----------------- Invoking toplevel() on ptolemy.moml.MoMLSimpleApplication@4c543c81
----------------- Done invoking toplevel() on ptolemy.moml.MoMLSimpleApplication@4c543c81
reloadAllAccessors: .ArrayRemoveElement

===========================================================================================
----------------- testing Tue Jan 29 18:51:30 UTC 2019 /home/travis/build/icyphy/ptII/ptolemy/actor/lib/test/auto/ArraySort.xml
----------------- Instantiating /home/travis/build/icyphy/ptII/ptolemy/actor/lib/test/auto/ArraySort.xml
3 ms. Memory: 481792K Free: 164713K (34%)
----------------- Invoking toplevel() on ptolemy.moml.MoMLSimpleApplication@3338c5ed
----------------- Done invoking toplevel() on ptolemy.moml.MoMLSimpleApplication@3338c5ed
reloadAllAccessors: .ArraySort

===========================================================================================
----------------- testing Tue Jan 29 18:51:30 UTC 2019 /home/travis/build/icyphy/ptII/ptolemy/actor/lib/test/auto/ArraySum.xml
----------------- Instantiating /home/travis/build/icyphy/ptII/ptolemy/actor/lib/test/auto/ArraySum.xml
3 ms. Memory: 481792K Free: 156910K (33%)
----------------- Invoking toplevel() on ptolemy.moml.MoMLSimpleApplication@4265b5e5
----------------- Done invoking toplevel() on ptolemy.moml.MoMLSimpleApplication@4265b5e5
reloadAllAccessors: .ArraySum

===========================================================================================
----------------- testing Tue Jan 29 18:51:30 UTC 2019 /home/travis/build/icyphy/ptII/ptolemy/actor/lib/test/auto/ArrayToElements.xml
----------------- Instantiating /home/travis/build/icyphy/ptII/ptolemy/actor/lib/test/auto/ArrayToElements.xml
3 ms. Memory: 481792K Free: 149091K (31%)
----------------- Invoking toplevel() on ptolemy.moml.MoMLSimpleApplication@c6cecca
----------------- Done invoking toplevel() on ptolemy.moml.MoMLSimpleApplication@c6cecca
reloadAllAccessors: .ArrayToElements

===========================================================================================
----------------- testing Tue Jan 29 18:51:30 UTC 2019 /home/travis/build/icyphy/ptII/ptolemy/actor/lib/test/auto/ArrayToMatrix.xml
----------------- Instantiating /home/travis/build/icyphy/ptII/ptolemy/actor/lib/test/auto/ArrayToMatrix.xml
16 ms. Memory: 481792K Free: 127091K (26%)
----------------- Invoking toplevel() on ptolemy.moml.MoMLSimpleApplication@d048576
----------------- Done invoking toplevel() on ptolemy.moml.MoMLSimpleApplication@d048576
reloadAllAccessors: .ArrayToMatrix

===========================================================================================
----------------- testing Tue Jan 29 18:51:30 UTC 2019 /home/travis/build/icyphy/ptII/ptolemy/actor/lib/test/auto/ArrayUpdate1.xml
----------------- Instantiating /home/travis/build/icyphy/ptII/ptolemy/actor/lib/test/auto/ArrayUpdate1.xml
2 ms. Memory: 481792K Free: 119280K (25%)
----------------- Invoking toplevel() on ptolemy.moml.MoMLSimpleApplication@a47dcdc
----------------- Done invoking toplevel() on ptolemy.moml.MoMLSimpleApplication@a47dcdc
reloadAllAccessors: .ArrayUpdate1

===========================================================================================
----------------- testing Tue Jan 29 18:51:30 UTC 2019 /home/travis/build/icyphy/ptII/ptolemy/actor/lib/test/auto/ArrayUpdate2.xml
----------------- Instantiating /home/travis/build/icyphy/ptII/ptolemy/actor/lib/test/auto/ArrayUpdate2.xml
5 ms. Memory: 481792K Free: 105115K (22%)
----------------- Invoking toplevel() on ptolemy.moml.MoMLSimpleApplication@5dad4131
----------------- Done invoking toplevel() on ptolemy.moml.MoMLSimpleApplication@5dad4131
reloadAllAccessors: .ArrayUpdate2

===========================================================================================
----------------- testing Tue Jan 29 18:51:30 UTC 2019 /home/travis/build/icyphy/ptII/ptolemy/actor/lib/test/auto/ArrayUpdate3.xml
----------------- Instantiating /home/travis/build/icyphy/ptII/ptolemy/actor/lib/test/auto/ArrayUpdate3.xml
2 ms. Memory: 481792K Free: 97304K (20%)
----------------- Invoking toplevel() on ptolemy.moml.MoMLSimpleApplication@66ee37b0
----------------- Done invoking toplevel() on ptolemy.moml.MoMLSimpleApplication@66ee37b0
reloadAllAccessors: .ArrayUpdate3

===========================================================================================
----------------- testing Tue Jan 29 18:51:30 UTC 2019 /home/travis/build/icyphy/ptII/ptolemy/actor/lib/test/auto/Assert1.xml
----------------- Instantiating /home/travis/build/icyphy/ptII/ptolemy/actor/lib/test/auto/Assert1.xml
3 ms. Memory: 481792K Free: 92102K (19%)
----------------- Invoking toplevel() on ptolemy.moml.MoMLSimpleApplication@57d1ecc3
----------------- Done invoking toplevel() on ptolemy.moml.MoMLSimpleApplication@57d1ecc3
reloadAllAccessors: .Assert1

===========================================================================================
----------------- testing Tue Jan 29 18:51:30 UTC 2019 /home/travis/build/icyphy/ptII/ptolemy/actor/lib/test/auto/Assert2.xml
----------------- Instantiating /home/travis/build/icyphy/ptII/ptolemy/actor/lib/test/auto/Assert2.xml
5 ms. Memory: 481792K Free: 77937K (16%)
----------------- Invoking toplevel() on ptolemy.moml.MoMLSimpleApplication@6dc5993
----------------- Done invoking toplevel() on ptolemy.moml.MoMLSimpleApplication@6dc5993
reloadAllAccessors: .Assert2

===========================================================================================
----------------- testing Tue Jan 29 18:51:30 UTC 2019 /home/travis/build/icyphy/ptII/ptolemy/actor/lib/test/auto/BooleanMultiplexor.xml
----------------- Instantiating /home/travis/build/icyphy/ptII/ptolemy/actor/lib/test/auto/BooleanMultiplexor.xml
2 ms. Memory: 481792K Free: 70118K (15%)
----------------- Invoking toplevel() on ptolemy.moml.MoMLSimpleApplication@2d11ed4d
----------------- Done invoking toplevel() on ptolemy.moml.MoMLSimpleApplication@2d11ed4d
reloadAllAccessors: .BooleanMultiplexor

===========================================================================================
----------------- testing Tue Jan 29 18:51:30 UTC 2019 /home/travis/build/icyphy/ptII/ptolemy/actor/lib/test/auto/BooleanMultiplexor2.xml
----------------- Instantiating /home/travis/build/icyphy/ptII/ptolemy/actor/lib/test/auto/BooleanMultiplexor2.xml
12 ms. Memory: 481792K Free: 62299K (13%)
----------------- Invoking toplevel() on ptolemy.moml.MoMLSimpleApplication@7ee5a73a
----------------- Done invoking toplevel() on ptolemy.moml.MoMLSimpleApplication@7ee5a73a
reloadAllAccessors: .BooleanMultiplexor2

===========================================================================================
----------------- testing Tue Jan 29 18:51:30 UTC 2019 /home/travis/build/icyphy/ptII/ptolemy/actor/lib/test/auto/BooleanMultiplexor3.xml
----------------- Instantiating /home/travis/build/icyphy/ptII/ptolemy/actor/lib/test/auto/BooleanMultiplexor3.xml
8 ms. Memory: 481792K Free: 51990K (11%)
----------------- Invoking toplevel() on ptolemy.moml.MoMLSimpleApplication@5454f09
----------------- Done invoking toplevel() on ptolemy.moml.MoMLSimpleApplication@5454f09
reloadAllAccessors: .BooleanMultiplexor3

===========================================================================================
----------------- testing Tue Jan 29 18:51:30 UTC 2019 /home/travis/build/icyphy/ptII/ptolemy/actor/lib/test/auto/BooleanSelect.xml
----------------- Instantiating /home/travis/build/icyphy/ptII/ptolemy/actor/lib/test/auto/BooleanSelect.xml
13 ms. Memory: 721920K Free: 673183K (93%)
----------------- Invoking toplevel() on ptolemy.moml.MoMLSimpleApplication@74c18cb1
----------------- Done invoking toplevel() on ptolemy.moml.MoMLSimpleApplication@74c18cb1
reloadAllAccessors: .BooleanSelect

===========================================================================================
----------------- testing Tue Jan 29 18:51:30 UTC 2019 /home/travis/build/icyphy/ptII/ptolemy/actor/lib/test/auto/BooleanSelect2.xml
----------------- Instantiating /home/travis/build/icyphy/ptII/ptolemy/actor/lib/test/auto/BooleanSelect2.xml
1 ms. Memory: 721920K Free: 657460K (91%)
----------------- Invoking toplevel() on ptolemy.moml.MoMLSimpleApplication@74d9a2b8
----------------- Done invoking toplevel() on ptolemy.moml.MoMLSimpleApplication@74d9a2b8
reloadAllAccessors: .BooleanSelect2

===========================================================================================
----------------- testing Tue Jan 29 18:51:30 UTC 2019 /home/travis/build/icyphy/ptII/ptolemy/actor/lib/test/auto/BooleanSwitch.xml
----------------- Instantiating /home/travis/build/icyphy/ptII/ptolemy/actor/lib/test/auto/BooleanSwitch.xml
5 ms. Memory: 721920K Free: 649139K (90%)
----------------- Invoking toplevel() on ptolemy.moml.MoMLSimpleApplication@68be6d8e
----------------- Done invoking toplevel() on ptolemy.moml.MoMLSimpleApplication@68be6d8e
reloadAllAccessors: .BooleanSwitch

===========================================================================================
----------------- testing Tue Jan 29 18:51:30 UTC 2019 /home/travis/build/icyphy/ptII/ptolemy/actor/lib/test/auto/BooleanSwitch2.xml
----------------- Instantiating /home/travis/build/icyphy/ptII/ptolemy/actor/lib/test/auto/BooleanSwitch2.xml
1 ms. Memory: 721920K Free: 640817K (89%)
----------------- Invoking toplevel() on ptolemy.moml.MoMLSimpleApplication@1987935f
----------------- Done invoking toplevel() on ptolemy.moml.MoMLSimpleApplication@1987935f
reloadAllAccessors: .BooleanSwitch2

===========================================================================================
----------------- testing Tue Jan 29 18:51:30 UTC 2019 /home/travis/build/icyphy/ptII/ptolemy/actor/lib/test/auto/BooleanSwitchCloningBugWithClassRelationGroup.xml
----------------- Instantiating /home/travis/build/icyphy/ptII/ptolemy/actor/lib/test/auto/BooleanSwitchCloningBugWithClassRelationGroup.xml
2 ms. Memory: 721920K Free: 620917K (86%)
----------------- Invoking toplevel() on ptolemy.moml.MoMLSimpleApplication@3f13758
----------------- Done invoking toplevel() on ptolemy.moml.MoMLSimpleApplication@3f13758
reloadAllAccessors: .BooleanSwitchCloningBugWithClassRelationGroup

===========================================================================================
----------------- testing Tue Jan 29 18:51:30 UTC 2019 /home/travis/build/icyphy/ptII/ptolemy/actor/lib/test/auto/BusActors.xml
----------------- Instantiating /home/travis/build/icyphy/ptII/ptolemy/actor/lib/test/auto/BusActors.xml
3 ms. Memory: 721920K Free: 608418K (84%)
----------------- Invoking toplevel() on ptolemy.moml.MoMLSimpleApplication@46377b3b
----------------- Done invoking toplevel() on ptolemy.moml.MoMLSimpleApplication@46377b3b
reloadAllAccessors: .BusActors

===========================================================================================
----------------- testing Tue Jan 29 18:51:30 UTC 2019 /home/travis/build/icyphy/ptII/ptolemy/actor/lib/test/auto/ClassWrapper.xml
----------------- Instantiating /home/travis/build/icyphy/ptII/ptolemy/actor/lib/test/auto/ClassWrapper.xml
2 ms. Memory: 721920K Free: 600097K (83%)
----------------- Invoking toplevel() on ptolemy.moml.MoMLSimpleApplication@542b1f7e
----------------- Done invoking toplevel() on ptolemy.moml.MoMLSimpleApplication@542b1f7e
reloadAllAccessors: .ClassWrapper

===========================================================================================
----------------- testing Tue Jan 29 18:51:30 UTC 2019 /home/travis/build/icyphy/ptII/ptolemy/actor/lib/test/auto/Clock.xml
----------------- Instantiating /home/travis/build/icyphy/ptII/ptolemy/actor/lib/test/auto/Clock.xml
1 ms. Memory: 721920K Free: 584374K (81%)
----------------- Invoking toplevel() on ptolemy.moml.MoMLSimpleApplication@4551b9bf
----------------- Done invoking toplevel() on ptolemy.moml.MoMLSimpleApplication@4551b9bf
reloadAllAccessors: .Clock

===========================================================================================
----------------- testing Tue Jan 29 18:51:30 UTC 2019 /home/travis/build/icyphy/ptII/ptolemy/actor/lib/test/auto/Clock10.xml
----------------- Instantiating /home/travis/build/icyphy/ptII/ptolemy/actor/lib/test/auto/Clock10.xml
2 ms. Memory: 721920K Free: 576052K (80%)
----------------- Invoking toplevel() on ptolemy.moml.MoMLSimpleApplication@12ea53fd
----------------- Done invoking toplevel() on ptolemy.moml.MoMLSimpleApplication@12ea53fd
reloadAllAccessors: .Clock10

===========================================================================================
----------------- testing Tue Jan 29 18:51:30 UTC 2019 /home/travis/build/icyphy/ptII/ptolemy/actor/lib/test/auto/Clock11.xml
----------------- Instantiating /home/travis/build/icyphy/ptII/ptolemy/actor/lib/test/auto/Clock11.xml
3 ms. Memory: 721920K Free: 567730K (79%)
----------------- Invoking toplevel() on ptolemy.moml.MoMLSimpleApplication@4b29447e
----------------- Done invoking toplevel() on ptolemy.moml.MoMLSimpleApplication@4b29447e
reloadAllAccessors: .Clock11

===========================================================================================
----------------- testing Tue Jan 29 18:51:30 UTC 2019 /home/travis/build/icyphy/ptII/ptolemy/actor/lib/test/auto/Clock12.xml
----------------- Instantiating /home/travis/build/icyphy/ptII/ptolemy/actor/lib/test/auto/Clock12.xml
2 ms. Memory: 721920K Free: 552007K (76%)
----------------- Invoking toplevel() on ptolemy.moml.MoMLSimpleApplication@7f047814
----------------- Done invoking toplevel() on ptolemy.moml.MoMLSimpleApplication@7f047814
reloadAllAccessors: .Clock12

===========================================================================================
----------------- testing Tue Jan 29 18:51:30 UTC 2019 /home/travis/build/icyphy/ptII/ptolemy/actor/lib/test/auto/Clock13.xml
----------------- Instantiating /home/travis/build/icyphy/ptII/ptolemy/actor/lib/test/auto/Clock13.xml
6 ms. Memory: 721920K Free: 543685K (75%)
----------------- Invoking toplevel() on ptolemy.moml.MoMLSimpleApplication@6924783a
----------------- Done invoking toplevel() on ptolemy.moml.MoMLSimpleApplication@6924783a
reloadAllAccessors: .Clock13

===========================================================================================
----------------- testing Tue Jan 29 18:51:30 UTC 2019 /home/travis/build/icyphy/ptII/ptolemy/actor/lib/test/auto/Clock14.xml
----------------- Instantiating /home/travis/build/icyphy/ptII/ptolemy/actor/lib/test/auto/Clock14.xml
7 ms. Memory: 721920K Free: 535363K (74%)
----------------- Invoking toplevel() on ptolemy.moml.MoMLSimpleApplication@737fbe6e
----------------- Done invoking toplevel() on ptolemy.moml.MoMLSimpleApplication@737fbe6e
reloadAllAccessors: .Clock14

===========================================================================================
----------------- testing Tue Jan 29 18:51:30 UTC 2019 /home/travis/build/icyphy/ptII/ptolemy/actor/lib/test/auto/Clock15.xml
----------------- Instantiating /home/travis/build/icyphy/ptII/ptolemy/actor/lib/test/auto/Clock15.xml
6 ms. Memory: 721920K Free: 527042K (73%)
----------------- Invoking toplevel() on ptolemy.moml.MoMLSimpleApplication@2a5779e0
----------------- Done invoking toplevel() on ptolemy.moml.MoMLSimpleApplication@2a5779e0
reloadAllAccessors: .Clock15

===========================================================================================
----------------- testing Tue Jan 29 18:51:30 UTC 2019 /home/travis/build/icyphy/ptII/ptolemy/actor/lib/test/auto/Clock16.xml
----------------- Instantiating /home/travis/build/icyphy/ptII/ptolemy/actor/lib/test/auto/Clock16.xml
19 ms. Memory: 721920K Free: 502981K (70%)
----------------- Invoking toplevel() on ptolemy.moml.MoMLSimpleApplication@4d28af0d
----------------- Done invoking toplevel() on ptolemy.moml.MoMLSimpleApplication@4d28af0d
reloadAllAccessors: .Clock16

===========================================================================================
----------------- testing Tue Jan 29 18:51:31 UTC 2019 /home/travis/build/icyphy/ptII/ptolemy/actor/lib/test/auto/Clock17.xml
----------------- Instantiating /home/travis/build/icyphy/ptII/ptolemy/actor/lib/test/auto/Clock17.xml
16 ms. Memory: 721920K Free: 486305K (67%)
----------------- Invoking toplevel() on ptolemy.moml.MoMLSimpleApplication@346a26fc
----------------- Done invoking toplevel() on ptolemy.moml.MoMLSimpleApplication@346a26fc
reloadAllAccessors: .Clock17

===========================================================================================
----------------- testing Tue Jan 29 18:51:31 UTC 2019 /home/travis/build/icyphy/ptII/ptolemy/actor/lib/test/auto/Clock18.xml
----------------- Instantiating /home/travis/build/icyphy/ptII/ptolemy/actor/lib/test/auto/Clock18.xml
15 ms. Memory: 721920K Free: 469630K (65%)
----------------- Invoking toplevel() on ptolemy.moml.MoMLSimpleApplication@27cfecd9
----------------- Done invoking toplevel() on ptolemy.moml.MoMLSimpleApplication@27cfecd9
reloadAllAccessors: .Clock18

===========================================================================================
----------------- testing Tue Jan 29 18:51:31 UTC 2019 /home/travis/build/icyphy/ptII/ptolemy/actor/lib/test/auto/Clock19.xml
----------------- Instantiating /home/travis/build/icyphy/ptII/ptolemy/actor/lib/test/auto/Clock19.xml
14 ms. Memory: 721920K Free: 445553K (62%)
----------------- Invoking toplevel() on ptolemy.moml.MoMLSimpleApplication@5487a382
----------------- Done invoking toplevel() on ptolemy.moml.MoMLSimpleApplication@5487a382
reloadAllAccessors: .Clock19

===========================================================================================
----------------- testing Tue Jan 29 18:51:31 UTC 2019 /home/travis/build/icyphy/ptII/ptolemy/actor/lib/test/auto/Clock2.xml
----------------- Instantiating /home/travis/build/icyphy/ptII/ptolemy/actor/lib/test/auto/Clock2.xml
6 ms. Memory: 721920K Free: 437231K (61%)
----------------- Invoking toplevel() on ptolemy.moml.MoMLSimpleApplication@6f15b2ed
----------------- Done invoking toplevel() on ptolemy.moml.MoMLSimpleApplication@6f15b2ed
reloadAllAccessors: .Clock2

===========================================================================================
----------------- testing Tue Jan 29 18:51:31 UTC 2019 /home/travis/build/icyphy/ptII/ptolemy/actor/lib/test/auto/Clock20.xml
----------------- Instantiating /home/travis/build/icyphy/ptII/ptolemy/actor/lib/test/auto/Clock20.xml
8 ms. Memory: 721920K Free: 428910K (59%)
----------------- Invoking toplevel() on ptolemy.moml.MoMLSimpleApplication@d6232a3
----------------- Done invoking toplevel() on ptolemy.moml.MoMLSimpleApplication@d6232a3
reloadAllAccessors: .Clock20

===========================================================================================
----------------- testing Tue Jan 29 18:51:31 UTC 2019 /home/travis/build/icyphy/ptII/ptolemy/actor/lib/test/auto/Clock21.xml
----------------- Instantiating /home/travis/build/icyphy/ptII/ptolemy/actor/lib/test/auto/Clock21.xml
7 ms. Memory: 721920K Free: 413186K (57%)
----------------- Invoking toplevel() on ptolemy.moml.MoMLSimpleApplication@2ad6532f
----------------- Done invoking toplevel() on ptolemy.moml.MoMLSimpleApplication@2ad6532f
reloadAllAccessors: .Clock21

===========================================================================================
----------------- testing Tue Jan 29 18:51:31 UTC 2019 /home/travis/build/icyphy/ptII/ptolemy/actor/lib/test/auto/Clock22.xml
----------------- Instantiating /home/travis/build/icyphy/ptII/ptolemy/actor/lib/test/auto/Clock22.xml
6 ms. Memory: 721920K Free: 404865K (56%)
----------------- Invoking toplevel() on ptolemy.moml.MoMLSimpleApplication@5a0defe3
----------------- Done invoking toplevel() on ptolemy.moml.MoMLSimpleApplication@5a0defe3
reloadAllAccessors: .Clock22

===========================================================================================
----------------- testing Tue Jan 29 18:51:31 UTC 2019 /home/travis/build/icyphy/ptII/ptolemy/actor/lib/test/auto/Clock23.xml
----------------- Instantiating /home/travis/build/icyphy/ptII/ptolemy/actor/lib/test/auto/Clock23.xml
7 ms. Memory: 721920K Free: 396543K (55%)
----------------- Invoking toplevel() on ptolemy.moml.MoMLSimpleApplication@4cb0d18b
----------------- Done invoking toplevel() on ptolemy.moml.MoMLSimpleApplication@4cb0d18b
reloadAllAccessors: .Clock23

===========================================================================================
----------------- testing Tue Jan 29 18:51:31 UTC 2019 /home/travis/build/icyphy/ptII/ptolemy/actor/lib/test/auto/Clock24.xml
----------------- Instantiating /home/travis/build/icyphy/ptII/ptolemy/actor/lib/test/auto/Clock24.xml
5 ms. Memory: 721920K Free: 388221K (54%)
----------------- Invoking toplevel() on ptolemy.moml.MoMLSimpleApplication@58a7d70d
----------------- Done invoking toplevel() on ptolemy.moml.MoMLSimpleApplication@58a7d70d
reloadAllAccessors: .Clock24

===========================================================================================
----------------- testing Tue Jan 29 18:51:31 UTC 2019 /home/travis/build/icyphy/ptII/ptolemy/actor/lib/test/auto/Clock4.xml
----------------- Instantiating /home/travis/build/icyphy/ptII/ptolemy/actor/lib/test/auto/Clock4.xml
5 ms. Memory: 721920K Free: 372498K (52%)
----------------- Invoking toplevel() on ptolemy.moml.MoMLSimpleApplication@163f49e7
----------------- Done invoking toplevel() on ptolemy.moml.MoMLSimpleApplication@163f49e7
reloadAllAccessors: .Clock4

===========================================================================================
----------------- testing Tue Jan 29 18:51:31 UTC 2019 /home/travis/build/icyphy/ptII/ptolemy/actor/lib/test/auto/Clock5.xml
----------------- Instantiating /home/travis/build/icyphy/ptII/ptolemy/actor/lib/test/auto/Clock5.xml
2 ms. Memory: 721920K Free: 364176K (50%)
----------------- Invoking toplevel() on ptolemy.moml.MoMLSimpleApplication@51830532
----------------- Done invoking toplevel() on ptolemy.moml.MoMLSimpleApplication@51830532
reloadAllAccessors: .Clock5

===========================================================================================
----------------- testing Tue Jan 29 18:51:31 UTC 2019 /home/travis/build/icyphy/ptII/ptolemy/actor/lib/test/auto/Clock6.xml
----------------- Instantiating /home/travis/build/icyphy/ptII/ptolemy/actor/lib/test/auto/Clock6.xml
1 ms. Memory: 721920K Free: 355855K (49%)
----------------- Invoking toplevel() on ptolemy.moml.MoMLSimpleApplication@1785b0b
----------------- Done invoking toplevel() on ptolemy.moml.MoMLSimpleApplication@1785b0b
reloadAllAccessors: .Clock6

===========================================================================================
----------------- testing Tue Jan 29 18:51:31 UTC 2019 /home/travis/build/icyphy/ptII/ptolemy/actor/lib/test/auto/Clock7.xml
----------------- Instantiating /home/travis/build/icyphy/ptII/ptolemy/actor/lib/test/auto/Clock7.xml
1 ms. Memory: 721920K Free: 340131K (47%)
----------------- Invoking toplevel() on ptolemy.moml.MoMLSimpleApplication@7318b930
----------------- Done invoking toplevel() on ptolemy.moml.MoMLSimpleApplication@7318b930
reloadAllAccessors: .Clock7

===========================================================================================
----------------- testing Tue Jan 29 18:51:31 UTC 2019 /home/travis/build/icyphy/ptII/ptolemy/actor/lib/test/auto/Clock8.xml
----------------- Instantiating /home/travis/build/icyphy/ptII/ptolemy/actor/lib/test/auto/Clock8.xml
6 ms. Memory: 721920K Free: 331809K (46%)
----------------- Invoking toplevel() on ptolemy.moml.MoMLSimpleApplication@3c27c9e0
----------------- Done invoking toplevel() on ptolemy.moml.MoMLSimpleApplication@3c27c9e0
reloadAllAccessors: .Clock8

===========================================================================================
----------------- testing Tue Jan 29 18:51:31 UTC 2019 /home/travis/build/icyphy/ptII/ptolemy/actor/lib/test/auto/Clock9.xml
----------------- Instantiating /home/travis/build/icyphy/ptII/ptolemy/actor/lib/test/auto/Clock9.xml
2 ms. Memory: 721920K Free: 323488K (45%)
----------------- Invoking toplevel() on ptolemy.moml.MoMLSimpleApplication@5fa049fc
----------------- Done invoking toplevel() on ptolemy.moml.MoMLSimpleApplication@5fa049fc
reloadAllAccessors: .Clock9

===========================================================================================
----------------- testing Tue Jan 29 18:51:31 UTC 2019 /home/travis/build/icyphy/ptII/ptolemy/actor/lib/test/auto/CommDistDiscard.xml
----------------- Instantiating /home/travis/build/icyphy/ptII/ptolemy/actor/lib/test/auto/CommDistDiscard.xml
3 ms. Memory: 721920K Free: 307765K (43%)
----------------- Invoking toplevel() on ptolemy.moml.MoMLSimpleApplication@610206df
----------------- Done invoking toplevel() on ptolemy.moml.MoMLSimpleApplication@610206df
reloadAllAccessors: .CommDistDiscard

===========================================================================================
----------------- testing Tue Jan 29 18:51:31 UTC 2019 /home/travis/build/icyphy/ptII/ptolemy/actor/lib/test/auto/Commutator.xml
----------------- Instantiating /home/travis/build/icyphy/ptII/ptolemy/actor/lib/test/auto/Commutator.xml
2 ms. Memory: 721920K Free: 299443K (41%)
----------------- Invoking toplevel() on ptolemy.moml.MoMLSimpleApplication@1712310b
----------------- Done invoking toplevel() on ptolemy.moml.MoMLSimpleApplication@1712310b
reloadAllAccessors: .Commutator

===========================================================================================
----------------- testing Tue Jan 29 18:51:31 UTC 2019 /home/travis/build/icyphy/ptII/ptolemy/actor/lib/test/auto/Commutator2.xml
----------------- Instantiating /home/travis/build/icyphy/ptII/ptolemy/actor/lib/test/auto/Commutator2.xml
3 ms. Memory: 721920K Free: 291121K (40%)
----------------- Invoking toplevel() on ptolemy.moml.MoMLSimpleApplication@76860a78
----------------- Done invoking toplevel() on ptolemy.moml.MoMLSimpleApplication@76860a78
reloadAllAccessors: .Commutator2

===========================================================================================
----------------- testing Tue Jan 29 18:51:31 UTC 2019 /home/travis/build/icyphy/ptII/ptolemy/actor/lib/test/auto/Commutator3.xml
----------------- Instantiating /home/travis/build/icyphy/ptII/ptolemy/actor/lib/test/auto/Commutator3.xml
1 ms. Memory: 721920K Free: 275398K (38%)
----------------- Invoking toplevel() on ptolemy.moml.MoMLSimpleApplication@60531dec
----------------- Done invoking toplevel() on ptolemy.moml.MoMLSimpleApplication@60531dec
reloadAllAccessors: .Commutator3

===========================================================================================
----------------- testing Tue Jan 29 18:51:31 UTC 2019 /home/travis/build/icyphy/ptII/ptolemy/actor/lib/test/auto/Compare.xml
----------------- Instantiating /home/travis/build/icyphy/ptII/ptolemy/actor/lib/test/auto/Compare.xml
2 ms. Memory: 721920K Free: 262915K (36%)
----------------- Invoking toplevel() on ptolemy.moml.MoMLSimpleApplication@7f1e3323
----------------- Done invoking toplevel() on ptolemy.moml.MoMLSimpleApplication@7f1e3323
reloadAllAccessors: .Compare

===========================================================================================
----------------- testing Tue Jan 29 18:51:31 UTC 2019 /home/travis/build/icyphy/ptII/ptolemy/actor/lib/test/auto/CompareDE.xml
----------------- Instantiating /home/travis/build/icyphy/ptII/ptolemy/actor/lib/test/auto/CompareDE.xml
4 ms. Memory: 721920K Free: 254594K (35%)
----------------- Invoking toplevel() on ptolemy.moml.MoMLSimpleApplication@48827e80
----------------- Done invoking toplevel() on ptolemy.moml.MoMLSimpleApplication@48827e80
reloadAllAccessors: .CompareDE

===========================================================================================
----------------- testing Tue Jan 29 18:51:31 UTC 2019 /home/travis/build/icyphy/ptII/ptolemy/actor/lib/test/auto/ComplexDivide.xml
----------------- Instantiating /home/travis/build/icyphy/ptII/ptolemy/actor/lib/test/auto/ComplexDivide.xml
2 ms. Memory: 721920K Free: 240031K (33%)
----------------- Invoking toplevel() on ptolemy.moml.MoMLSimpleApplication@268a39e
----------------- Done invoking toplevel() on ptolemy.moml.MoMLSimpleApplication@268a39e
reloadAllAccessors: .ComplexDivide

===========================================================================================
----------------- testing Tue Jan 29 18:51:31 UTC 2019 /home/travis/build/icyphy/ptII/ptolemy/actor/lib/test/auto/ComputeHistogram.xml
----------------- Instantiating /home/travis/build/icyphy/ptII/ptolemy/actor/lib/test/auto/ComputeHistogram.xml
41 ms. Memory: 721920K Free: 215969K (30%)
----------------- Invoking toplevel() on ptolemy.moml.MoMLSimpleApplication@24fc5990
----------------- Done invoking toplevel() on ptolemy.moml.MoMLSimpleApplication@24fc5990
reloadAllAccessors: .ComputeHistogram

===========================================================================================
----------------- testing Tue Jan 29 18:51:31 UTC 2019 /home/travis/build/icyphy/ptII/ptolemy/actor/lib/test/auto/ConfigurationSelect.xml
----------------- Instantiating /home/travis/build/icyphy/ptII/ptolemy/actor/lib/test/auto/ConfigurationSelect.xml
5 ms. Memory: 721920K Free: 207647K (29%)
----------------- Invoking toplevel() on ptolemy.moml.MoMLSimpleApplication@2335458b
----------------- Done invoking toplevel() on ptolemy.moml.MoMLSimpleApplication@2335458b
reloadAllAccessors: .ConfigurationSelect

===========================================================================================
----------------- testing Tue Jan 29 18:51:31 UTC 2019 /home/travis/build/icyphy/ptII/ptolemy/actor/lib/test/auto/ConfigurationSelect2.xml
----------------- Instantiating /home/travis/build/icyphy/ptII/ptolemy/actor/lib/test/auto/ConfigurationSelect2.xml
2 ms. Memory: 721920K Free: 199326K (28%)
----------------- Invoking toplevel() on ptolemy.moml.MoMLSimpleApplication@66c1ba8
----------------- Done invoking toplevel() on ptolemy.moml.MoMLSimpleApplication@66c1ba8
reloadAllAccessors: .ConfigurationSelect2

===========================================================================================
----------------- testing Tue Jan 29 18:51:31 UTC 2019 /home/travis/build/icyphy/ptII/ptolemy/actor/lib/test/auto/ConfigurationSwitch.xml
----------------- Instantiating /home/travis/build/icyphy/ptII/ptolemy/actor/lib/test/auto/ConfigurationSwitch.xml
10 ms. Memory: 721920K Free: 183603K (25%)
----------------- Invoking toplevel() on ptolemy.moml.MoMLSimpleApplication@5712dc73
----------------- Done invoking toplevel() on ptolemy.moml.MoMLSimpleApplication@5712dc73
reloadAllAccessors: .ConfigurationSwitch

===========================================================================================
----------------- testing Tue Jan 29 18:51:31 UTC 2019 /home/travis/build/icyphy/ptII/ptolemy/actor/lib/test/auto/ConfigurationSwitch2.xml
----------------- Instantiating /home/travis/build/icyphy/ptII/ptolemy/actor/lib/test/auto/ConfigurationSwitch2.xml
4 ms. Memory: 721920K Free: 175281K (24%)
----------------- Invoking toplevel() on ptolemy.moml.MoMLSimpleApplication@210fd07
----------------- Done invoking toplevel() on ptolemy.moml.MoMLSimpleApplication@210fd07
reloadAllAccessors: .ConfigurationSwitch2

===========================================================================================
----------------- testing Tue Jan 29 18:51:31 UTC 2019 /home/travis/build/icyphy/ptII/ptolemy/actor/lib/test/auto/ConfigurationSwitchCloningBugWithClassRelationGroup.xml
----------------- Instantiating /home/travis/build/icyphy/ptII/ptolemy/actor/lib/test/auto/ConfigurationSwitchCloningBugWithClassRelationGroup.xml
2 ms. Memory: 721920K Free: 162782K (23%)
----------------- Invoking toplevel() on ptolemy.moml.MoMLSimpleApplication@68f16549
----------------- Done invoking toplevel() on ptolemy.moml.MoMLSimpleApplication@68f16549
reloadAllAccessors: .ConfigurationSwitchCloningBugWithClassRelationGroup

===========================================================================================
----------------- testing Tue Jan 29 18:51:31 UTC 2019 /home/travis/build/icyphy/ptII/ptolemy/actor/lib/test/auto/ConfigurationSwitchSelectSDF.xml
----------------- Instantiating /home/travis/build/icyphy/ptII/ptolemy/actor/lib/test/auto/ConfigurationSwitchSelectSDF.xml
3 ms. Memory: 721920K Free: 147059K (20%)
----------------- Invoking toplevel() on ptolemy.moml.MoMLSimpleApplication@1c14a808
----------------- Done invoking toplevel() on ptolemy.moml.MoMLSimpleApplication@1c14a808
reloadAllAccessors: .ConfigurationSwitchSelectSDF

===========================================================================================
----------------- testing Tue Jan 29 18:51:31 UTC 2019 /home/travis/build/icyphy/ptII/ptolemy/actor/lib/test/auto/ConfigurationSwitchSelectSDF2.xml
----------------- Instantiating /home/travis/build/icyphy/ptII/ptolemy/actor/lib/test/auto/ConfigurationSwitchSelectSDF2.xml
3 ms. Memory: 721920K Free: 138737K (19%)
----------------- Invoking toplevel() on ptolemy.moml.MoMLSimpleApplication@2b32f78f
----------------- Done invoking toplevel() on ptolemy.moml.MoMLSimpleApplication@2b32f78f
reloadAllAccessors: .ConfigurationSwitchSelectSDF2

===========================================================================================
----------------- testing Tue Jan 29 18:51:31 UTC 2019 /home/travis/build/icyphy/ptII/ptolemy/actor/lib/test/auto/Const.xml
----------------- Instantiating /home/travis/build/icyphy/ptII/ptolemy/actor/lib/test/auto/Const.xml
4 ms. Memory: 721920K Free: 130415K (18%)
----------------- Invoking toplevel() on ptolemy.moml.MoMLSimpleApplication@1b3be721
----------------- Done invoking toplevel() on ptolemy.moml.MoMLSimpleApplication@1b3be721
reloadAllAccessors: .Const

===========================================================================================
----------------- testing Tue Jan 29 18:51:31 UTC 2019 /home/travis/build/icyphy/ptII/ptolemy/actor/lib/test/auto/Const2.xml
----------------- Instantiating /home/travis/build/icyphy/ptII/ptolemy/actor/lib/test/auto/Const2.xml
1 ms. Memory: 721920K Free: 114692K (16%)
----------------- Invoking toplevel() on ptolemy.moml.MoMLSimpleApplication@7e0a3ace
----------------- Done invoking toplevel() on ptolemy.moml.MoMLSimpleApplication@7e0a3ace
reloadAllAccessors: .Const2

===========================================================================================
----------------- testing Tue Jan 29 18:51:31 UTC 2019 /home/travis/build/icyphy/ptII/ptolemy/actor/lib/test/auto/Const3.xml
----------------- Instantiating /home/travis/build/icyphy/ptII/ptolemy/actor/lib/test/auto/Const3.xml
1 ms. Memory: 721920K Free: 106371K (15%)
----------------- Invoking toplevel() on ptolemy.moml.MoMLSimpleApplication@722655df
----------------- Done invoking toplevel() on ptolemy.moml.MoMLSimpleApplication@722655df
reloadAllAccessors: .Const3

===========================================================================================
----------------- testing Tue Jan 29 18:51:31 UTC 2019 /home/travis/build/icyphy/ptII/ptolemy/actor/lib/test/auto/ConstantPublisherPort1.xml
----------------- Instantiating /home/travis/build/icyphy/ptII/ptolemy/actor/lib/test/auto/ConstantPublisherPort1.xml
7 ms. Memory: 721920K Free: 93872K (13%)
----------------- Invoking toplevel() on ptolemy.moml.MoMLSimpleApplication@32f237
----------------- Done invoking toplevel() on ptolemy.moml.MoMLSimpleApplication@32f237
reloadAllAccessors: .ConstantPublisherPort1

===========================================================================================
----------------- testing Tue Jan 29 18:51:31 UTC 2019 /home/travis/build/icyphy/ptII/ptolemy/actor/lib/test/auto/ConstantPublisherPort2.xml
----------------- Instantiating /home/travis/build/icyphy/ptII/ptolemy/actor/lib/test/auto/ConstantPublisherPort2.xml
12 ms. Memory: 721920K Free: 81373K (11%)
----------------- Invoking toplevel() on ptolemy.moml.MoMLSimpleApplication@42f80b3b
----------------- Done invoking toplevel() on ptolemy.moml.MoMLSimpleApplication@42f80b3b
reloadAllAccessors: .ConstantPublisherPort2

===========================================================================================
----------------- testing Tue Jan 29 18:51:32 UTC 2019 /home/travis/build/icyphy/ptII/ptolemy/actor/lib/test/auto/ConstantPublisherPort3.xml
----------------- Instantiating /home/travis/build/icyphy/ptII/ptolemy/actor/lib/test/auto/ConstantPublisherPort3.xml
6 ms. Memory: 721920K Free: 61481K (9%)
----------------- Invoking toplevel() on ptolemy.moml.MoMLSimpleApplication@796337f2
----------------- Done invoking toplevel() on ptolemy.moml.MoMLSimpleApplication@796337f2
reloadAllAccessors: .ConstantPublisherPort3

===========================================================================================
----------------- testing Tue Jan 29 18:51:32 UTC 2019 /home/travis/build/icyphy/ptII/ptolemy/actor/lib/test/auto/ConstantPublisherPort4.xml
----------------- Instantiating /home/travis/build/icyphy/ptII/ptolemy/actor/lib/test/auto/ConstantPublisherPort4.xml
7 ms. Memory: 722432K Free: 675228K (93%)
----------------- Invoking toplevel() on ptolemy.moml.MoMLSimpleApplication@5a9375fb
----------------- Done invoking toplevel() on ptolemy.moml.MoMLSimpleApplication@5a9375fb
reloadAllAccessors: .ConstantPublisherPort4

===========================================================================================
----------------- testing Tue Jan 29 18:51:32 UTC 2019 /home/travis/build/icyphy/ptII/ptolemy/actor/lib/test/auto/ConstantPublisherPort5.xml
----------------- Instantiating /home/travis/build/icyphy/ptII/ptolemy/actor/lib/test/auto/ConstantPublisherPort5.xml
17 ms. Memory: 722432K Free: 648772K (90%)
----------------- Invoking toplevel() on ptolemy.moml.MoMLSimpleApplication@51bbf5e1
----------------- Done invoking toplevel() on ptolemy.moml.MoMLSimpleApplication@51bbf5e1
reloadAllAccessors: .ConstantPublisherPort5

===========================================================================================
----------------- testing Tue Jan 29 18:51:32 UTC 2019 /home/travis/build/icyphy/ptII/ptolemy/actor/lib/test/auto/ConstantPublisherPort6.xml
----------------- Instantiating /home/travis/build/icyphy/ptII/ptolemy/actor/lib/test/auto/ConstantPublisherPort6.xml
33 ms. Memory: 722432K Free: 623807K (86%)
----------------- Invoking toplevel() on ptolemy.moml.MoMLSimpleApplication@49617c3b
----------------- Done invoking toplevel() on ptolemy.moml.MoMLSimpleApplication@49617c3b
reloadAllAccessors: .ConstantPublisherPort6

===========================================================================================
----------------- testing Tue Jan 29 18:51:32 UTC 2019 /home/travis/build/icyphy/ptII/ptolemy/actor/lib/test/auto/ConstantPublisherPort7.xml
----------------- Instantiating /home/travis/build/icyphy/ptII/ptolemy/actor/lib/test/auto/ConstantPublisherPort7.xml
6 ms. Memory: 722432K Free: 593233K (82%)
----------------- Invoking toplevel() on ptolemy.moml.MoMLSimpleApplication@1dd67494
----------------- Done invoking toplevel() on ptolemy.moml.MoMLSimpleApplication@1dd67494
reloadAllAccessors: .ConstantPublisherPort7

===========================================================================================
----------------- testing Tue Jan 29 18:51:32 UTC 2019 /home/travis/build/icyphy/ptII/ptolemy/actor/lib/test/auto/ConstraintMonitor1.xml
----------------- Instantiating /home/travis/build/icyphy/ptII/ptolemy/actor/lib/test/auto/ConstraintMonitor1.xml
6 ms. Memory: 722432K Free: 584911K (81%)
----------------- Invoking toplevel() on ptolemy.moml.MoMLSimpleApplication@5a0014d6
----------------- Done invoking toplevel() on ptolemy.moml.MoMLSimpleApplication@5a0014d6
reloadAllAccessors: .ConstraintMonitor1

===========================================================================================
----------------- testing Tue Jan 29 18:51:32 UTC 2019 /home/travis/build/icyphy/ptII/ptolemy/actor/lib/test/auto/ConstraintMonitor2.xml
----------------- Instantiating /home/travis/build/icyphy/ptII/ptolemy/actor/lib/test/auto/ConstraintMonitor2.xml
2 ms. Memory: 722432K Free: 570981K (79%)
----------------- Invoking toplevel() on ptolemy.moml.MoMLSimpleApplication@5e6557d8
----------------- Done invoking toplevel() on ptolemy.moml.MoMLSimpleApplication@5e6557d8
reloadAllAccessors: .ConstraintMonitor2

===========================================================================================
----------------- testing Tue Jan 29 18:51:32 UTC 2019 /home/travis/build/icyphy/ptII/ptolemy/actor/lib/test/auto/ConstraintMonitor3.xml
----------------- Instantiating /home/travis/build/icyphy/ptII/ptolemy/actor/lib/test/auto/ConstraintMonitor3.xml
5 ms. Memory: 722432K Free: 562660K (78%)
----------------- Invoking toplevel() on ptolemy.moml.MoMLSimpleApplication@7e673cf8
----------------- Done invoking toplevel() on ptolemy.moml.MoMLSimpleApplication@7e673cf8
reloadAllAccessors: .ConstraintMonitor3

===========================================================================================
----------------- testing Tue Jan 29 18:51:32 UTC 2019 /home/travis/build/icyphy/ptII/ptolemy/actor/lib/test/auto/ConstraintMonitor4.xml
----------------- Instantiating /home/travis/build/icyphy/ptII/ptolemy/actor/lib/test/auto/ConstraintMonitor4.xml
1 ms. Memory: 722432K Free: 554338K (77%)
----------------- Invoking toplevel() on ptolemy.moml.MoMLSimpleApplication@6576b05f
----------------- Done invoking toplevel() on ptolemy.moml.MoMLSimpleApplication@6576b05f
reloadAllAccessors: .ConstraintMonitor4

===========================================================================================
----------------- testing Tue Jan 29 18:51:32 UTC 2019 /home/travis/build/icyphy/ptII/ptolemy/actor/lib/test/auto/ConstraintMonitor5.xml
----------------- Instantiating /home/travis/build/icyphy/ptII/ptolemy/actor/lib/test/auto/ConstraintMonitor5.xml
4 ms. Memory: 722432K Free: 540408K (75%)
----------------- Invoking toplevel() on ptolemy.moml.MoMLSimpleApplication@114c2e5f
----------------- Done invoking toplevel() on ptolemy.moml.MoMLSimpleApplication@114c2e5f
reloadAllAccessors: .ConstraintMonitor5

===========================================================================================
----------------- testing Tue Jan 29 18:51:32 UTC 2019 /home/travis/build/icyphy/ptII/ptolemy/actor/lib/test/auto/ConstraintMonitor6.xml
----------------- Instantiating /home/travis/build/icyphy/ptII/ptolemy/actor/lib/test/auto/ConstraintMonitor6.xml
2 ms. Memory: 722432K Free: 532086K (74%)
----------------- Invoking toplevel() on ptolemy.moml.MoMLSimpleApplication@2e540958
----------------- Done invoking toplevel() on ptolemy.moml.MoMLSimpleApplication@2e540958
reloadAllAccessors: .ConstraintMonitor6

===========================================================================================
----------------- testing Tue Jan 29 18:51:32 UTC 2019 /home/travis/build/icyphy/ptII/ptolemy/actor/lib/test/auto/ConstraintMonitor7.xml
----------------- Instantiating /home/travis/build/icyphy/ptII/ptolemy/actor/lib/test/auto/ConstraintMonitor7.xml
6 ms. Memory: 722432K Free: 518156K (72%)
----------------- Invoking toplevel() on ptolemy.moml.MoMLSimpleApplication@4a219d23
----------------- Done invoking toplevel() on ptolemy.moml.MoMLSimpleApplication@4a219d23
reloadAllAccessors: .ConstraintMonitor7

===========================================================================================
----------------- testing Tue Jan 29 18:51:32 UTC 2019 /home/travis/build/icyphy/ptII/ptolemy/actor/lib/test/auto/ConstraintMonitor8.xml
----------------- Instantiating /home/travis/build/icyphy/ptII/ptolemy/actor/lib/test/auto/ConstraintMonitor8.xml
8 ms. Memory: 722432K Free: 505657K (70%)
----------------- Invoking toplevel() on ptolemy.moml.MoMLSimpleApplication@4c007a80
----------------- Done invoking toplevel() on ptolemy.moml.MoMLSimpleApplication@4c007a80
reloadAllAccessors: .ConstraintMonitor8

===========================================================================================
----------------- testing Tue Jan 29 18:51:32 UTC 2019 /home/travis/build/icyphy/ptII/ptolemy/actor/lib/test/auto/Counter.xml
----------------- Instantiating /home/travis/build/icyphy/ptII/ptolemy/actor/lib/test/auto/Counter.xml
3 ms. Memory: 722432K Free: 497336K (69%)
----------------- Invoking toplevel() on ptolemy.moml.MoMLSimpleApplication@327f2d83
----------------- Done invoking toplevel() on ptolemy.moml.MoMLSimpleApplication@327f2d83
reloadAllAccessors: .Counter

===========================================================================================
----------------- testing Tue Jan 29 18:51:32 UTC 2019 /home/travis/build/icyphy/ptII/ptolemy/actor/lib/test/auto/CurrentTimeSDF.xml
----------------- Instantiating /home/travis/build/icyphy/ptII/ptolemy/actor/lib/test/auto/CurrentTimeSDF.xml
2 ms. Memory: 722432K Free: 483406K (67%)
----------------- Invoking toplevel() on ptolemy.moml.MoMLSimpleApplication@113e2509
----------------- Done invoking toplevel() on ptolemy.moml.MoMLSimpleApplication@113e2509
reloadAllAccessors: .CurrentTimeSDF

===========================================================================================
----------------- testing Tue Jan 29 18:51:32 UTC 2019 /home/travis/build/icyphy/ptII/ptolemy/actor/lib/test/auto/DB.xml
----------------- Instantiating /home/travis/build/icyphy/ptII/ptolemy/actor/lib/test/auto/DB.xml
3 ms. Memory: 722432K Free: 475084K (66%)
----------------- Invoking toplevel() on ptolemy.moml.MoMLSimpleApplication@6e301273
----------------- Done invoking toplevel() on ptolemy.moml.MoMLSimpleApplication@6e301273
reloadAllAccessors: .DB

===========================================================================================
----------------- testing Tue Jan 29 18:51:32 UTC 2019 /home/travis/build/icyphy/ptII/ptolemy/actor/lib/test/auto/DBDE.xml
----------------- Instantiating /home/travis/build/icyphy/ptII/ptolemy/actor/lib/test/auto/DBDE.xml
2 ms. Memory: 722432K Free: 461154K (64%)
----------------- Invoking toplevel() on ptolemy.moml.MoMLSimpleApplication@52490125
----------------- Done invoking toplevel() on ptolemy.moml.MoMLSimpleApplication@52490125
reloadAllAccessors: .DBDE

===========================================================================================
----------------- testing Tue Jan 29 18:51:32 UTC 2019 /home/travis/build/icyphy/ptII/ptolemy/actor/lib/test/auto/DateConstructor.xml
----------------- Instantiating /home/travis/build/icyphy/ptII/ptolemy/actor/lib/test/auto/DateConstructor.xml
16 ms. Memory: 722432K Free: 440310K (61%)
----------------- Invoking toplevel() on ptolemy.moml.MoMLSimpleApplication@1b6488ba
----------------- Done invoking toplevel() on ptolemy.moml.MoMLSimpleApplication@1b6488ba
reloadAllAccessors: .DateConstructor

===========================================================================================
----------------- testing Tue Jan 29 18:51:32 UTC 2019 /home/travis/build/icyphy/ptII/ptolemy/actor/lib/test/auto/DelayTime.xml
----------------- Instantiating /home/travis/build/icyphy/ptII/ptolemy/actor/lib/test/auto/DelayTime.xml
3 ms. Memory: 722432K Free: 431988K (60%)
----------------- Invoking toplevel() on ptolemy.moml.MoMLSimpleApplication@43bf4963
----------------- Done invoking toplevel() on ptolemy.moml.MoMLSimpleApplication@43bf4963
reloadAllAccessors: .DelayTime

===========================================================================================
----------------- testing Tue Jan 29 18:51:32 UTC 2019 /home/travis/build/icyphy/ptII/ptolemy/actor/lib/test/auto/Dictionary1.xml
----------------- Instantiating /home/travis/build/icyphy/ptII/ptolemy/actor/lib/test/auto/Dictionary1.xml
2 ms. Memory: 722432K Free: 418058K (58%)
----------------- Invoking toplevel() on ptolemy.moml.MoMLSimpleApplication@79a9062
----------------- Done invoking toplevel() on ptolemy.moml.MoMLSimpleApplication@79a9062
reloadAllAccessors: .Dictionary1

===========================================================================================
----------------- testing Tue Jan 29 18:51:32 UTC 2019 /home/travis/build/icyphy/ptII/ptolemy/actor/lib/test/auto/Dictionary2.xml
----------------- Instantiating /home/travis/build/icyphy/ptII/ptolemy/actor/lib/test/auto/Dictionary2.xml
5 ms. Memory: 722432K Free: 409736K (57%)
----------------- Invoking toplevel() on ptolemy.moml.MoMLSimpleApplication@1ac11e13
----------------- Done invoking toplevel() on ptolemy.moml.MoMLSimpleApplication@1ac11e13
reloadAllAccessors: .Dictionary2

===========================================================================================
----------------- testing Tue Jan 29 18:51:32 UTC 2019 /home/travis/build/icyphy/ptII/ptolemy/actor/lib/test/auto/Dictionary3.xml
----------------- Instantiating /home/travis/build/icyphy/ptII/ptolemy/actor/lib/test/auto/Dictionary3.xml
1 ms. Memory: 722432K Free: 395806K (55%)
----------------- Invoking toplevel() on ptolemy.moml.MoMLSimpleApplication@2e0a4b2d
----------------- Done invoking toplevel() on ptolemy.moml.MoMLSimpleApplication@2e0a4b2d
reloadAllAccessors: .Dictionary3

===========================================================================================
----------------- testing Tue Jan 29 18:51:32 UTC 2019 /home/travis/build/icyphy/ptII/ptolemy/actor/lib/test/auto/Dictionary4.xml
----------------- Instantiating /home/travis/build/icyphy/ptII/ptolemy/actor/lib/test/auto/Dictionary4.xml
4 ms. Memory: 722432K Free: 383307K (53%)
----------------- Invoking toplevel() on ptolemy.moml.MoMLSimpleApplication@2017576
----------------- Done invoking toplevel() on ptolemy.moml.MoMLSimpleApplication@2017576
reloadAllAccessors: .Dictionary4

===========================================================================================
----------------- testing Tue Jan 29 18:51:32 UTC 2019 /home/travis/build/icyphy/ptII/ptolemy/actor/lib/test/auto/Differential.xml
----------------- Instantiating /home/travis/build/icyphy/ptII/ptolemy/actor/lib/test/auto/Differential.xml
3 ms. Memory: 722432K Free: 369377K (51%)
----------------- Invoking toplevel() on ptolemy.moml.MoMLSimpleApplication@eb88e3e
----------------- Done invoking toplevel() on ptolemy.moml.MoMLSimpleApplication@eb88e3e
reloadAllAccessors: .Differential

===========================================================================================
----------------- testing Tue Jan 29 18:51:32 UTC 2019 /home/travis/build/icyphy/ptII/ptolemy/actor/lib/test/auto/Director.xml
----------------- Instantiating /home/travis/build/icyphy/ptII/ptolemy/actor/lib/test/auto/Director.xml
4 ms. Memory: 722432K Free: 361056K (50%)
----------------- Invoking toplevel() on ptolemy.moml.MoMLSimpleApplication@4440c2de
----------------- Done invoking toplevel() on ptolemy.moml.MoMLSimpleApplication@4440c2de
reloadAllAccessors: .Director

===========================================================================================
----------------- testing Tue Jan 29 18:51:32 UTC 2019 /home/travis/build/icyphy/ptII/ptolemy/actor/lib/test/auto/DiscreteClock.xml
----------------- Instantiating /home/travis/build/icyphy/ptII/ptolemy/actor/lib/test/auto/DiscreteClock.xml
1 ms. Memory: 722432K Free: 352734K (49%)
----------------- Invoking toplevel() on ptolemy.moml.MoMLSimpleApplication@1658ecac
----------------- Done invoking toplevel() on ptolemy.moml.MoMLSimpleApplication@1658ecac
reloadAllAccessors: .DiscreteClock

===========================================================================================
----------------- testing Tue Jan 29 18:51:32 UTC 2019 /home/travis/build/icyphy/ptII/ptolemy/actor/lib/test/auto/DiscreteClock10.xml
----------------- Instantiating /home/travis/build/icyphy/ptII/ptolemy/actor/lib/test/auto/DiscreteClock10.xml
2 ms. Memory: 722432K Free: 338804K (47%)
----------------- Invoking toplevel() on ptolemy.moml.MoMLSimpleApplication@7891379a
----------------- Done invoking toplevel() on ptolemy.moml.MoMLSimpleApplication@7891379a
reloadAllAccessors: .DiscreteClock10

===========================================================================================
----------------- testing Tue Jan 29 18:51:32 UTC 2019 /home/travis/build/icyphy/ptII/ptolemy/actor/lib/test/auto/DiscreteClock11.xml
----------------- Instantiating /home/travis/build/icyphy/ptII/ptolemy/actor/lib/test/auto/DiscreteClock11.xml
2 ms. Memory: 722432K Free: 330482K (46%)
----------------- Invoking toplevel() on ptolemy.moml.MoMLSimpleApplication@5b79fb4e
----------------- Done invoking toplevel() on ptolemy.moml.MoMLSimpleApplication@5b79fb4e
reloadAllAccessors: .DiscreteClock11

===========================================================================================
----------------- testing Tue Jan 29 18:51:32 UTC 2019 /home/travis/build/icyphy/ptII/ptolemy/actor/lib/test/auto/DiscreteClock12.xml
----------------- Instantiating /home/travis/build/icyphy/ptII/ptolemy/actor/lib/test/auto/DiscreteClock12.xml
3 ms. Memory: 722432K Free: 316552K (44%)
----------------- Invoking toplevel() on ptolemy.moml.MoMLSimpleApplication@5301fbce
----------------- Done invoking toplevel() on ptolemy.moml.MoMLSimpleApplication@5301fbce
reloadAllAccessors: .DiscreteClock12

===========================================================================================
----------------- testing Tue Jan 29 18:51:32 UTC 2019 /home/travis/build/icyphy/ptII/ptolemy/actor/lib/test/auto/DiscreteClock13.xml
----------------- Instantiating /home/travis/build/icyphy/ptII/ptolemy/actor/lib/test/auto/DiscreteClock13.xml
5 ms. Memory: 722432K Free: 308231K (43%)
----------------- Invoking toplevel() on ptolemy.moml.MoMLSimpleApplication@2d83c844
----------------- Done invoking toplevel() on ptolemy.moml.MoMLSimpleApplication@2d83c844
reloadAllAccessors: .DiscreteClock13

===========================================================================================
----------------- testing Tue Jan 29 18:51:32 UTC 2019 /home/travis/build/icyphy/ptII/ptolemy/actor/lib/test/auto/DiscreteClock14.xml
----------------- Instantiating /home/travis/build/icyphy/ptII/ptolemy/actor/lib/test/auto/DiscreteClock14.xml
5 ms. Memory: 722432K Free: 299909K (42%)
----------------- Invoking toplevel() on ptolemy.moml.MoMLSimpleApplication@530cbb30
----------------- Done invoking toplevel() on ptolemy.moml.MoMLSimpleApplication@530cbb30
reloadAllAccessors: .DiscreteClock14

===========================================================================================
----------------- testing Tue Jan 29 18:51:32 UTC 2019 /home/travis/build/icyphy/ptII/ptolemy/actor/lib/test/auto/DiscreteClock15.xml
----------------- Instantiating /home/travis/build/icyphy/ptII/ptolemy/actor/lib/test/auto/DiscreteClock15.xml
6 ms. Memory: 722432K Free: 285979K (40%)
----------------- Invoking toplevel() on ptolemy.moml.MoMLSimpleApplication@72acf79c
----------------- Done invoking toplevel() on ptolemy.moml.MoMLSimpleApplication@72acf79c
reloadAllAccessors: .DiscreteClock15

===========================================================================================
----------------- testing Tue Jan 29 18:51:32 UTC 2019 /home/travis/build/icyphy/ptII/ptolemy/actor/lib/test/auto/DiscreteClock16.xml
----------------- Instantiating /home/travis/build/icyphy/ptII/ptolemy/actor/lib/test/auto/DiscreteClock16.xml
19 ms. Memory: 722432K Free: 269319K (37%)
----------------- Invoking toplevel() on ptolemy.moml.MoMLSimpleApplication@7b690f22
----------------- Done invoking toplevel() on ptolemy.moml.MoMLSimpleApplication@7b690f22
reloadAllAccessors: .DiscreteClock16

===========================================================================================
----------------- testing Tue Jan 29 18:51:32 UTC 2019 /home/travis/build/icyphy/ptII/ptolemy/actor/lib/test/auto/DiscreteClock17.xml
----------------- Instantiating /home/travis/build/icyphy/ptII/ptolemy/actor/lib/test/auto/DiscreteClock17.xml
15 ms. Memory: 722432K Free: 247052K (34%)
----------------- Invoking toplevel() on ptolemy.moml.MoMLSimpleApplication@15d5b3a5
----------------- Done invoking toplevel() on ptolemy.moml.MoMLSimpleApplication@15d5b3a5
reloadAllAccessors: .DiscreteClock17

===========================================================================================
----------------- testing Tue Jan 29 18:51:33 UTC 2019 /home/travis/build/icyphy/ptII/ptolemy/actor/lib/test/auto/DiscreteClock18.xml
----------------- Instantiating /home/travis/build/icyphy/ptII/ptolemy/actor/lib/test/auto/DiscreteClock18.xml
13 ms. Memory: 722432K Free: 230384K (32%)
----------------- Invoking toplevel() on ptolemy.moml.MoMLSimpleApplication@6d812498
----------------- Done invoking toplevel() on ptolemy.moml.MoMLSimpleApplication@6d812498
reloadAllAccessors: .DiscreteClock18

===========================================================================================
----------------- testing Tue Jan 29 18:51:33 UTC 2019 /home/travis/build/icyphy/ptII/ptolemy/actor/lib/test/auto/DiscreteClock19.xml
----------------- Instantiating /home/travis/build/icyphy/ptII/ptolemy/actor/lib/test/auto/DiscreteClock19.xml
10 ms. Memory: 722432K Free: 208101K (29%)
----------------- Invoking toplevel() on ptolemy.moml.MoMLSimpleApplication@1cb26c84
----------------- Done invoking toplevel() on ptolemy.moml.MoMLSimpleApplication@1cb26c84
reloadAllAccessors: .DiscreteClock19

===========================================================================================
----------------- testing Tue Jan 29 18:51:33 UTC 2019 /home/travis/build/icyphy/ptII/ptolemy/actor/lib/test/auto/DiscreteClock2.xml
----------------- Instantiating /home/travis/build/icyphy/ptII/ptolemy/actor/lib/test/auto/DiscreteClock2.xml
6 ms. Memory: 722432K Free: 199779K (28%)
----------------- Invoking toplevel() on ptolemy.moml.MoMLSimpleApplication@65375bd8
----------------- Done invoking toplevel() on ptolemy.moml.MoMLSimpleApplication@65375bd8
reloadAllAccessors: .DiscreteClock2

===========================================================================================
----------------- testing Tue Jan 29 18:51:33 UTC 2019 /home/travis/build/icyphy/ptII/ptolemy/actor/lib/test/auto/DiscreteClock20.xml
----------------- Instantiating /home/travis/build/icyphy/ptII/ptolemy/actor/lib/test/auto/DiscreteClock20.xml
6 ms. Memory: 722432K Free: 191457K (27%)
----------------- Invoking toplevel() on ptolemy.moml.MoMLSimpleApplication@24e1434e
----------------- Done invoking toplevel() on ptolemy.moml.MoMLSimpleApplication@24e1434e
reloadAllAccessors: .DiscreteClock20

===========================================================================================
----------------- testing Tue Jan 29 18:51:33 UTC 2019 /home/travis/build/icyphy/ptII/ptolemy/actor/lib/test/auto/DiscreteClock21.xml
----------------- Instantiating /home/travis/build/icyphy/ptII/ptolemy/actor/lib/test/auto/DiscreteClock21.xml
7 ms. Memory: 722432K Free: 177527K (25%)
----------------- Invoking toplevel() on ptolemy.moml.MoMLSimpleApplication@7392bf26
----------------- Done invoking toplevel() on ptolemy.moml.MoMLSimpleApplication@7392bf26
reloadAllAccessors: .DiscreteClock21

===========================================================================================
----------------- testing Tue Jan 29 18:51:33 UTC 2019 /home/travis/build/icyphy/ptII/ptolemy/actor/lib/test/auto/DiscreteClock22.xml
----------------- Instantiating /home/travis/build/icyphy/ptII/ptolemy/actor/lib/test/auto/DiscreteClock22.xml
6 ms. Memory: 722432K Free: 169205K (23%)
----------------- Invoking toplevel() on ptolemy.moml.MoMLSimpleApplication@4257d9b5
----------------- Done invoking toplevel() on ptolemy.moml.MoMLSimpleApplication@4257d9b5
reloadAllAccessors: .DiscreteClock22

===========================================================================================
----------------- testing Tue Jan 29 18:51:33 UTC 2019 /home/travis/build/icyphy/ptII/ptolemy/actor/lib/test/auto/DiscreteClock23.xml
----------------- Instantiating /home/travis/build/icyphy/ptII/ptolemy/actor/lib/test/auto/DiscreteClock23.xml
6 ms. Memory: 722432K Free: 155276K (21%)
----------------- Invoking toplevel() on ptolemy.moml.MoMLSimpleApplication@2aceb2a0
----------------- Done invoking toplevel() on ptolemy.moml.MoMLSimpleApplication@2aceb2a0
reloadAllAccessors: .DiscreteClock23

===========================================================================================
----------------- testing Tue Jan 29 18:51:33 UTC 2019 /home/travis/build/icyphy/ptII/ptolemy/actor/lib/test/auto/DiscreteClock24.xml
----------------- Instantiating /home/travis/build/icyphy/ptII/ptolemy/actor/lib/test/auto/DiscreteClock24.xml
6 ms. Memory: 1115648K Free: 1068461K (96%)
----------------- Invoking toplevel() on ptolemy.moml.MoMLSimpleApplication@4a28973e
----------------- Done invoking toplevel() on ptolemy.moml.MoMLSimpleApplication@4a28973e
reloadAllAccessors: .DiscreteClock24

===========================================================================================
----------------- testing Tue Jan 29 18:51:33 UTC 2019 /home/travis/build/icyphy/ptII/ptolemy/actor/lib/test/auto/DiscreteClock4.xml
----------------- Instantiating /home/travis/build/icyphy/ptII/ptolemy/actor/lib/test/auto/DiscreteClock4.xml
4 ms. Memory: 1115648K Free: 1041540K (93%)
----------------- Invoking toplevel() on ptolemy.moml.MoMLSimpleApplication@4d08cad5
----------------- Done invoking toplevel() on ptolemy.moml.MoMLSimpleApplication@4d08cad5
reloadAllAccessors: .DiscreteClock4

===========================================================================================
----------------- testing Tue Jan 29 18:51:33 UTC 2019 /home/travis/build/icyphy/ptII/ptolemy/actor/lib/test/auto/DiscreteClock5.xml
----------------- Instantiating /home/travis/build/icyphy/ptII/ptolemy/actor/lib/test/auto/DiscreteClock5.xml
2 ms. Memory: 1115648K Free: 1028221K (92%)
----------------- Invoking toplevel() on ptolemy.moml.MoMLSimpleApplication@77c99de6
----------------- Done invoking toplevel() on ptolemy.moml.MoMLSimpleApplication@77c99de6
reloadAllAccessors: .DiscreteClock5

===========================================================================================
----------------- testing Tue Jan 29 18:51:33 UTC 2019 /home/travis/build/icyphy/ptII/ptolemy/actor/lib/test/auto/DiscreteClock6.xml
----------------- Instantiating /home/travis/build/icyphy/ptII/ptolemy/actor/lib/test/auto/DiscreteClock6.xml
1 ms. Memory: 1115648K Free: 1014902K (91%)
----------------- Invoking toplevel() on ptolemy.moml.MoMLSimpleApplication@581e77af
----------------- Done invoking toplevel() on ptolemy.moml.MoMLSimpleApplication@581e77af
reloadAllAccessors: .DiscreteClock6

===========================================================================================
----------------- testing Tue Jan 29 18:51:33 UTC 2019 /home/travis/build/icyphy/ptII/ptolemy/actor/lib/test/auto/DiscreteClock7.xml
----------------- Instantiating /home/travis/build/icyphy/ptII/ptolemy/actor/lib/test/auto/DiscreteClock7.xml
1 ms. Memory: 1115648K Free: 994511K (89%)
----------------- Invoking toplevel() on ptolemy.moml.MoMLSimpleApplication@3ee707b7
----------------- Done invoking toplevel() on ptolemy.moml.MoMLSimpleApplication@3ee707b7
reloadAllAccessors: .DiscreteClock7

===========================================================================================
----------------- testing Tue Jan 29 18:51:33 UTC 2019 /home/travis/build/icyphy/ptII/ptolemy/actor/lib/test/auto/DiscreteClock8.xml
----------------- Instantiating /home/travis/build/icyphy/ptII/ptolemy/actor/lib/test/auto/DiscreteClock8.xml
4 ms. Memory: 1115648K Free: 981192K (88%)
----------------- Invoking toplevel() on ptolemy.moml.MoMLSimpleApplication@768e53ea
----------------- Done invoking toplevel() on ptolemy.moml.MoMLSimpleApplication@768e53ea
reloadAllAccessors: .DiscreteClock8

===========================================================================================
----------------- testing Tue Jan 29 18:51:33 UTC 2019 /home/travis/build/icyphy/ptII/ptolemy/actor/lib/test/auto/DiscreteClock9.xml
----------------- Instantiating /home/travis/build/icyphy/ptII/ptolemy/actor/lib/test/auto/DiscreteClock9.xml
6 ms. Memory: 1115648K Free: 967873K (87%)
----------------- Invoking toplevel() on ptolemy.moml.MoMLSimpleApplication@19e8a575
----------------- Done invoking toplevel() on ptolemy.moml.MoMLSimpleApplication@19e8a575
reloadAllAccessors: .DiscreteClock9

===========================================================================================
----------------- testing Tue Jan 29 18:51:33 UTC 2019 /home/travis/build/icyphy/ptII/ptolemy/actor/lib/test/auto/DisplayArray.xml
----------------- Instantiating /home/travis/build/icyphy/ptII/ptolemy/actor/lib/test/auto/DisplayArray.xml
1 ms. Memory: 1115648K Free: 947483K (85%)
----------------- Invoking toplevel() on ptolemy.moml.MoMLSimpleApplication@29375280
----------------- Done invoking toplevel() on ptolemy.moml.MoMLSimpleApplication@29375280
reloadAllAccessors: .DisplayArray

===========================================================================================
----------------- testing Tue Jan 29 18:51:33 UTC 2019 /home/travis/build/icyphy/ptII/ptolemy/actor/lib/test/auto/Distributor.xml
----------------- Instantiating /home/travis/build/icyphy/ptII/ptolemy/actor/lib/test/auto/Distributor.xml
1 ms. Memory: 1115648K Free: 934164K (84%)
----------------- Invoking toplevel() on ptolemy.moml.MoMLSimpleApplication@250f8470
----------------- Done invoking toplevel() on ptolemy.moml.MoMLSimpleApplication@250f8470
reloadAllAccessors: .Distributor

===========================================================================================
----------------- testing Tue Jan 29 18:51:34 UTC 2019 /home/travis/build/icyphy/ptII/ptolemy/actor/lib/test/auto/Distributor2.xml
----------------- Instantiating /home/travis/build/icyphy/ptII/ptolemy/actor/lib/test/auto/Distributor2.xml
1 ms. Memory: 1115648K Free: 920845K (83%)
----------------- Invoking toplevel() on ptolemy.moml.MoMLSimpleApplication@10591eba
----------------- Done invoking toplevel() on ptolemy.moml.MoMLSimpleApplication@10591eba
reloadAllAccessors: .Distributor2

===========================================================================================
----------------- testing Tue Jan 29 18:51:34 UTC 2019 /home/travis/build/icyphy/ptII/ptolemy/actor/lib/test/auto/DownSample.xml
----------------- Instantiating /home/travis/build/icyphy/ptII/ptolemy/actor/lib/test/auto/DownSample.xml
1 ms. Memory: 1115648K Free: 900454K (81%)
----------------- Invoking toplevel() on ptolemy.moml.MoMLSimpleApplication@47552299
----------------- Done invoking toplevel() on ptolemy.moml.MoMLSimpleApplication@47552299
reloadAllAccessors: .DownSample

===========================================================================================
----------------- testing Tue Jan 29 18:51:34 UTC 2019 /home/travis/build/icyphy/ptII/ptolemy/actor/lib/test/auto/ElectronicUnitBase1.xml
----------------- Instantiating /home/travis/build/icyphy/ptII/ptolemy/actor/lib/test/auto/ElectronicUnitBase1.xml
17 ms. Memory: 1115648K Free: 873808K (78%)
----------------- Invoking toplevel() on ptolemy.moml.MoMLSimpleApplication@1bbe82c7
----------------- Done invoking toplevel() on ptolemy.moml.MoMLSimpleApplication@1bbe82c7
reloadAllAccessors: .ElectronicUnitBase1

===========================================================================================
----------------- testing Tue Jan 29 18:51:34 UTC 2019 /home/travis/build/icyphy/ptII/ptolemy/actor/lib/test/auto/ElementsToArray.xml
----------------- Instantiating /home/travis/build/icyphy/ptII/ptolemy/actor/lib/test/auto/ElementsToArray.xml
2 ms. Memory: 1115648K Free: 860490K (77%)
----------------- Invoking toplevel() on ptolemy.moml.MoMLSimpleApplication@1eca30be
----------------- Done invoking toplevel() on ptolemy.moml.MoMLSimpleApplication@1eca30be
reloadAllAccessors: .ElementsToArray

===========================================================================================
----------------- testing Tue Jan 29 18:51:34 UTC 2019 /home/travis/build/icyphy/ptII/ptolemy/actor/lib/test/auto/Equals.xml
----------------- Instantiating /home/travis/build/icyphy/ptII/ptolemy/actor/lib/test/auto/Equals.xml
1 ms. Memory: 1115648K Free: 840099K (75%)
----------------- Invoking toplevel() on ptolemy.moml.MoMLSimpleApplication@28bbc820
----------------- Done invoking toplevel() on ptolemy.moml.MoMLSimpleApplication@28bbc820
reloadAllAccessors: .Equals

===========================================================================================
----------------- testing Tue Jan 29 18:51:34 UTC 2019 /home/travis/build/icyphy/ptII/ptolemy/actor/lib/test/auto/Exec.xml
----------------- Instantiating /home/travis/build/icyphy/ptII/ptolemy/actor/lib/test/auto/Exec.xml
8 ms. Memory: 1115648K Free: 816791K (73%)
----------------- Invoking toplevel() on ptolemy.moml.MoMLSimpleApplication@67a6c3f
----------------- Done invoking toplevel() on ptolemy.moml.MoMLSimpleApplication@67a6c3f
reloadAllAccessors: .Exec

===========================================================================================
----------------- testing Tue Jan 29 18:51:34 UTC 2019 /home/travis/build/icyphy/ptII/ptolemy/actor/lib/test/auto/ExecEnvironment.xml
----------------- Instantiating /home/travis/build/icyphy/ptII/ptolemy/actor/lib/test/auto/ExecEnvironment.xml
21 ms. Memory: 1115648K Free: 803472K (72%)
----------------- Invoking toplevel() on ptolemy.moml.MoMLSimpleApplication@1dae154c
----------------- Done invoking toplevel() on ptolemy.moml.MoMLSimpleApplication@1dae154c
reloadAllAccessors: .ExecEnvironment

===========================================================================================
----------------- testing Tue Jan 29 18:51:34 UTC 2019 /home/travis/build/icyphy/ptII/ptolemy/actor/lib/test/auto/ExecNonZeroReturnOutput.xml
----------------- Instantiating /home/travis/build/icyphy/ptII/ptolemy/actor/lib/test/auto/ExecNonZeroReturnOutput.xml
134 ms. Memory: 1115648K Free: 696508K (62%)
----------------- Invoking toplevel() on ptolemy.moml.MoMLSimpleApplication@7185b202
----------------- Done invoking toplevel() on ptolemy.moml.MoMLSimpleApplication@7185b202
reloadAllAccessors: .ExecNonZeroReturnOutput

===========================================================================================
----------------- testing Tue Jan 29 18:51:34 UTC 2019 /home/travis/build/icyphy/ptII/ptolemy/actor/lib/test/auto/ExecRunDemos.xml
----------------- Instantiating /home/travis/build/icyphy/ptII/ptolemy/actor/lib/test/auto/ExecRunDemos.xml
Finished: 43 ms. Memory: 116224K Free: 100560K (87%)

Finished: 31 ms. Memory: 116224K Free: 97676K (84%)

Finished: 46 ms. Memory: 116224K Free: 98219K (85%)

Finished: 71 ms. Memory: 116224K Free: 99544K (86%)

Finished: 57 ms. Memory: 116224K Free: 100576K (87%)

9336 ms. Memory: 1115648K Free: 603250K (54%)
----------------- Invoking toplevel() on ptolemy.moml.MoMLSimpleApplication@19b1a36f
----------------- Done invoking toplevel() on ptolemy.moml.MoMLSimpleApplication@19b1a36f
reloadAllAccessors: .ExecRunDemos

===========================================================================================
----------------- testing Tue Jan 29 18:51:43 UTC 2019 /home/travis/build/icyphy/ptII/ptolemy/actor/lib/test/auto/ExecStop.xml
----------------- Instantiating /home/travis/build/icyphy/ptII/ptolemy/actor/lib/test/auto/ExecStop.xml
5009 ms. Memory: 1115648K Free: 403467K (36%)
----------------- Invoking toplevel() on ptolemy.moml.MoMLSimpleApplication@2bca129a
----------------- Done invoking toplevel() on ptolemy.moml.MoMLSimpleApplication@2bca129a
reloadAllAccessors: .ExecStop

===========================================================================================
----------------- testing Tue Jan 29 18:51:48 UTC 2019 /home/travis/build/icyphy/ptII/ptolemy/actor/lib/test/auto/ExecutionTimeSDF.xml
----------------- Instantiating /home/travis/build/icyphy/ptII/ptolemy/actor/lib/test/auto/ExecutionTimeSDF.xml
Fired ExecutionTime: -2119767296
Fired ExecutionTime: -867367296
Fired ExecutionTime: 905200000
6005 ms. Memory: 1115648K Free: 376416K (34%)
----------------- Invoking toplevel() on ptolemy.moml.MoMLSimpleApplication@35dfd92b
----------------- Done invoking toplevel() on ptolemy.moml.MoMLSimpleApplication@35dfd92b
reloadAllAccessors: .ExecutionTimeSDF

===========================================================================================
----------------- testing Tue Jan 29 18:51:54 UTC 2019 /home/travis/build/icyphy/ptII/ptolemy/actor/lib/test/auto/Expression1.xml
----------------- Instantiating /home/travis/build/icyphy/ptII/ptolemy/actor/lib/test/auto/Expression1.xml
2 ms. Memory: 1115648K Free: 363097K (33%)
----------------- Invoking toplevel() on ptolemy.moml.MoMLSimpleApplication@6ac2fe3
----------------- Done invoking toplevel() on ptolemy.moml.MoMLSimpleApplication@6ac2fe3
reloadAllAccessors: .Expression1

===========================================================================================
----------------- testing Tue Jan 29 18:51:54 UTC 2019 /home/travis/build/icyphy/ptII/ptolemy/actor/lib/test/auto/Expression10.xml
----------------- Instantiating /home/travis/build/icyphy/ptII/ptolemy/actor/lib/test/auto/Expression10.xml
6 ms. Memory: 1115648K Free: 349779K (31%)
----------------- Invoking toplevel() on ptolemy.moml.MoMLSimpleApplication@cea536e
----------------- Done invoking toplevel() on ptolemy.moml.MoMLSimpleApplication@cea536e
reloadAllAccessors: .Expression10

===========================================================================================
----------------- testing Tue Jan 29 18:51:54 UTC 2019 /home/travis/build/icyphy/ptII/ptolemy/actor/lib/test/auto/Expression11.xml
----------------- Instantiating /home/travis/build/icyphy/ptII/ptolemy/actor/lib/test/auto/Expression11.xml
3 ms. Memory: 1115648K Free: 329388K (30%)
----------------- Invoking toplevel() on ptolemy.moml.MoMLSimpleApplication@3ee70656
----------------- Done invoking toplevel() on ptolemy.moml.MoMLSimpleApplication@3ee70656
reloadAllAccessors: .Expression11

===========================================================================================
----------------- testing Tue Jan 29 18:51:54 UTC 2019 /home/travis/build/icyphy/ptII/ptolemy/actor/lib/test/auto/Expression12.xml
----------------- Instantiating /home/travis/build/icyphy/ptII/ptolemy/actor/lib/test/auto/Expression12.xml
3 ms. Memory: 1115648K Free: 316069K (28%)
----------------- Invoking toplevel() on ptolemy.moml.MoMLSimpleApplication@4dfa2f67
----------------- Done invoking toplevel() on ptolemy.moml.MoMLSimpleApplication@4dfa2f67
reloadAllAccessors: .Expression12

===========================================================================================
----------------- testing Tue Jan 29 18:51:54 UTC 2019 /home/travis/build/icyphy/ptII/ptolemy/actor/lib/test/auto/Expression13.xml
----------------- Instantiating /home/travis/build/icyphy/ptII/ptolemy/actor/lib/test/auto/Expression13.xml
4 ms. Memory: 1115648K Free: 302750K (27%)
----------------- Invoking toplevel() on ptolemy.moml.MoMLSimpleApplication@48a352e6
----------------- Done invoking toplevel() on ptolemy.moml.MoMLSimpleApplication@48a352e6
reloadAllAccessors: .Expression13

===========================================================================================
----------------- testing Tue Jan 29 18:51:54 UTC 2019 /home/travis/build/icyphy/ptII/ptolemy/actor/lib/test/auto/Expression14.xml
----------------- Instantiating /home/travis/build/icyphy/ptII/ptolemy/actor/lib/test/auto/Expression14.xml
4 ms. Memory: 1115648K Free: 282359K (25%)
----------------- Invoking toplevel() on ptolemy.moml.MoMLSimpleApplication@7d865d20
----------------- Done invoking toplevel() on ptolemy.moml.MoMLSimpleApplication@7d865d20
reloadAllAccessors: .Expression14

===========================================================================================
----------------- testing Tue Jan 29 18:51:54 UTC 2019 /home/travis/build/icyphy/ptII/ptolemy/actor/lib/test/auto/Expression15.xml
----------------- Instantiating /home/travis/build/icyphy/ptII/ptolemy/actor/lib/test/auto/Expression15.xml
2 ms. Memory: 1115648K Free: 269040K (24%)
----------------- Invoking toplevel() on ptolemy.moml.MoMLSimpleApplication@3d426adc
----------------- Done invoking toplevel() on ptolemy.moml.MoMLSimpleApplication@3d426adc
reloadAllAccessors: .Expression15

===========================================================================================
----------------- testing Tue Jan 29 18:51:54 UTC 2019 /home/travis/build/icyphy/ptII/ptolemy/actor/lib/test/auto/Expression16.xml
----------------- Instantiating /home/travis/build/icyphy/ptII/ptolemy/actor/lib/test/auto/Expression16.xml
3 ms. Memory: 1115648K Free: 255721K (23%)
----------------- Invoking toplevel() on ptolemy.moml.MoMLSimpleApplication@3f1aeff
----------------- Done invoking toplevel() on ptolemy.moml.MoMLSimpleApplication@3f1aeff
reloadAllAccessors: .Expression16

===========================================================================================
----------------- testing Tue Jan 29 18:51:54 UTC 2019 /home/travis/build/icyphy/ptII/ptolemy/actor/lib/test/auto/Expression17.xml
----------------- Instantiating /home/travis/build/icyphy/ptII/ptolemy/actor/lib/test/auto/Expression17.xml
3 ms. Memory: 1115648K Free: 235331K (21%)
----------------- Invoking toplevel() on ptolemy.moml.MoMLSimpleApplication@26263a13
----------------- Done invoking toplevel() on ptolemy.moml.MoMLSimpleApplication@26263a13
reloadAllAccessors: .Expression17

===========================================================================================
----------------- testing Tue Jan 29 18:51:54 UTC 2019 /home/travis/build/icyphy/ptII/ptolemy/actor/lib/test/auto/Expression18.xml
----------------- Instantiating /home/travis/build/icyphy/ptII/ptolemy/actor/lib/test/auto/Expression18.xml
3 ms. Memory: 1115648K Free: 222012K (20%)
----------------- Invoking toplevel() on ptolemy.moml.MoMLSimpleApplication@34f1eafd
----------------- Done invoking toplevel() on ptolemy.moml.MoMLSimpleApplication@34f1eafd
reloadAllAccessors: .Expression18

===========================================================================================
----------------- testing Tue Jan 29 18:51:55 UTC 2019 /home/travis/build/icyphy/ptII/ptolemy/actor/lib/test/auto/Expression2.xml
----------------- Instantiating /home/travis/build/icyphy/ptII/ptolemy/actor/lib/test/auto/Expression2.xml
3 ms. Memory: 1115648K Free: 208693K (19%)
----------------- Invoking toplevel() on ptolemy.moml.MoMLSimpleApplication@4532827b
----------------- Done invoking toplevel() on ptolemy.moml.MoMLSimpleApplication@4532827b
reloadAllAccessors: .Expression2

===========================================================================================
----------------- testing Tue Jan 29 18:51:55 UTC 2019 /home/travis/build/icyphy/ptII/ptolemy/actor/lib/test/auto/Expression3.xml
----------------- Instantiating /home/travis/build/icyphy/ptII/ptolemy/actor/lib/test/auto/Expression3.xml
5 ms. Memory: 1115648K Free: 188302K (17%)
----------------- Invoking toplevel() on ptolemy.moml.MoMLSimpleApplication@4965244c
----------------- Done invoking toplevel() on ptolemy.moml.MoMLSimpleApplication@4965244c
reloadAllAccessors: .Expression3

===========================================================================================
----------------- testing Tue Jan 29 18:51:55 UTC 2019 /home/travis/build/icyphy/ptII/ptolemy/actor/lib/test/auto/Expression4.xml
----------------- Instantiating /home/travis/build/icyphy/ptII/ptolemy/actor/lib/test/auto/Expression4.xml
7 ms. Memory: 1115648K Free: 174984K (16%)
----------------- Invoking toplevel() on ptolemy.moml.MoMLSimpleApplication@45c63450
----------------- Done invoking toplevel() on ptolemy.moml.MoMLSimpleApplication@45c63450
reloadAllAccessors: .Expression4

===========================================================================================
----------------- testing Tue Jan 29 18:51:55 UTC 2019 /home/travis/build/icyphy/ptII/ptolemy/actor/lib/test/auto/Expression5.xml
----------------- Instantiating /home/travis/build/icyphy/ptII/ptolemy/actor/lib/test/auto/Expression5.xml
4 ms. Memory: 1115648K Free: 161665K (14%)
----------------- Invoking toplevel() on ptolemy.moml.MoMLSimpleApplication@23ca7086
----------------- Done invoking toplevel() on ptolemy.moml.MoMLSimpleApplication@23ca7086
reloadAllAccessors: .Expression5

===========================================================================================
----------------- testing Tue Jan 29 18:51:55 UTC 2019 /home/travis/build/icyphy/ptII/ptolemy/actor/lib/test/auto/Expression6.xml
----------------- Instantiating /home/travis/build/icyphy/ptII/ptolemy/actor/lib/test/auto/Expression6.xml
2 ms. Memory: 1115648K Free: 141274K (13%)
----------------- Invoking toplevel() on ptolemy.moml.MoMLSimpleApplication@674d362a
----------------- Done invoking toplevel() on ptolemy.moml.MoMLSimpleApplication@674d362a
reloadAllAccessors: .Expression6

===========================================================================================
----------------- testing Tue Jan 29 18:51:55 UTC 2019 /home/travis/build/icyphy/ptII/ptolemy/actor/lib/test/auto/Expression7.xml
----------------- Instantiating /home/travis/build/icyphy/ptII/ptolemy/actor/lib/test/auto/Expression7.xml
3 ms. Memory: 1115648K Free: 127955K (11%)
----------------- Invoking toplevel() on ptolemy.moml.MoMLSimpleApplication@30a14910
----------------- Done invoking toplevel() on ptolemy.moml.MoMLSimpleApplication@30a14910
reloadAllAccessors: .Expression7

===========================================================================================
----------------- testing Tue Jan 29 18:51:55 UTC 2019 /home/travis/build/icyphy/ptII/ptolemy/actor/lib/test/auto/Expression8.xml
----------------- Instantiating /home/travis/build/icyphy/ptII/ptolemy/actor/lib/test/auto/Expression8.xml
7 ms. Memory: 1115648K Free: 114636K (10%)
----------------- Invoking toplevel() on ptolemy.moml.MoMLSimpleApplication@cef0948
----------------- Done invoking toplevel() on ptolemy.moml.MoMLSimpleApplication@cef0948
reloadAllAccessors: .Expression8

===========================================================================================
----------------- testing Tue Jan 29 18:51:55 UTC 2019 /home/travis/build/icyphy/ptII/ptolemy/actor/lib/test/auto/Expression9.xml
----------------- Instantiating /home/travis/build/icyphy/ptII/ptolemy/actor/lib/test/auto/Expression9.xml
1 ms. Memory: 1115648K Free: 94246K (8%)
----------------- Invoking toplevel() on ptolemy.moml.MoMLSimpleApplication@4041c678
----------------- Done invoking toplevel() on ptolemy.moml.MoMLSimpleApplication@4041c678
reloadAllAccessors: .Expression9

===========================================================================================
----------------- testing Tue Jan 29 18:51:55 UTC 2019 /home/travis/build/icyphy/ptII/ptolemy/actor/lib/test/auto/ExpressionConcatenateArrayType.xml
----------------- Instantiating /home/travis/build/icyphy/ptII/ptolemy/actor/lib/test/auto/ExpressionConcatenateArrayType.xml
4 ms. Memory: 1115648K Free: 79538K (7%)
----------------- Invoking toplevel() on ptolemy.moml.MoMLSimpleApplication@51029c70
----------------- Done invoking toplevel() on ptolemy.moml.MoMLSimpleApplication@51029c70
reloadAllAccessors: .ExpressionConcatenateArrayType

===========================================================================================
----------------- testing Tue Jan 29 18:51:55 UTC 2019 /home/travis/build/icyphy/ptII/ptolemy/actor/lib/test/auto/ExpressionConcatenateArrayType2.xml
----------------- Instantiating /home/travis/build/icyphy/ptII/ptolemy/actor/lib/test/auto/ExpressionConcatenateArrayType2.xml
2 ms. Memory: 1115648K Free: 1065768K (96%)
----------------- Invoking toplevel() on ptolemy.moml.MoMLSimpleApplication@407031a
----------------- Done invoking toplevel() on ptolemy.moml.MoMLSimpleApplication@407031a
reloadAllAccessors: .ExpressionConcatenateArrayType2

===========================================================================================
----------------- testing Tue Jan 29 18:51:55 UTC 2019 /home/travis/build/icyphy/ptII/ptolemy/actor/lib/test/auto/ExpressionFix.xml
----------------- Instantiating /home/travis/build/icyphy/ptII/ptolemy/actor/lib/test/auto/ExpressionFix.xml
8 ms. Memory: 1115648K Free: 1050563K (94%)
----------------- Invoking toplevel() on ptolemy.moml.MoMLSimpleApplication@5dbdab3c
----------------- Done invoking toplevel() on ptolemy.moml.MoMLSimpleApplication@5dbdab3c
reloadAllAccessors: .ExpressionFix

===========================================================================================
----------------- testing Tue Jan 29 18:51:55 UTC 2019 /home/travis/build/icyphy/ptII/ptolemy/actor/lib/test/auto/ExpressionFix2.xml
----------------- Instantiating /home/travis/build/icyphy/ptII/ptolemy/actor/lib/test/auto/ExpressionFix2.xml
2 ms. Memory: 1115648K Free: 1040574K (93%)
----------------- Invoking toplevel() on ptolemy.moml.MoMLSimpleApplication@2d5c89c2
----------------- Done invoking toplevel() on ptolemy.moml.MoMLSimpleApplication@2d5c89c2
reloadAllAccessors: .ExpressionFix2

===========================================================================================
----------------- testing Tue Jan 29 18:51:55 UTC 2019 /home/travis/build/icyphy/ptII/ptolemy/actor/lib/test/auto/ExpressionFix3.xml
----------------- Instantiating /home/travis/build/icyphy/ptII/ptolemy/actor/lib/test/auto/ExpressionFix3.xml
2 ms. Memory: 1115648K Free: 1025394K (92%)
----------------- Invoking toplevel() on ptolemy.moml.MoMLSimpleApplication@33a19f98
----------------- Done invoking toplevel() on ptolemy.moml.MoMLSimpleApplication@33a19f98
reloadAllAccessors: .ExpressionFix3

===========================================================================================
----------------- testing Tue Jan 29 18:51:55 UTC 2019 /home/travis/build/icyphy/ptII/ptolemy/actor/lib/test/auto/FileWriter1.xml
----------------- Instantiating /home/travis/build/icyphy/ptII/ptolemy/actor/lib/test/auto/FileWriter1.xml
2 ms. Memory: 1115648K Free: 1015405K (91%)
----------------- Invoking toplevel() on ptolemy.moml.MoMLSimpleApplication@55162b75
----------------- Done invoking toplevel() on ptolemy.moml.MoMLSimpleApplication@55162b75
reloadAllAccessors: .FileWriter1

===========================================================================================
----------------- testing Tue Jan 29 18:51:55 UTC 2019 /home/travis/build/icyphy/ptII/ptolemy/actor/lib/test/auto/FileWriter2.xml
----------------- Instantiating /home/travis/build/icyphy/ptII/ptolemy/actor/lib/test/auto/FileWriter2.xml
2 ms. Memory: 1115648K Free: 1000225K (90%)
----------------- Invoking toplevel() on ptolemy.moml.MoMLSimpleApplication@1edbf725
----------------- Done invoking toplevel() on ptolemy.moml.MoMLSimpleApplication@1edbf725
reloadAllAccessors: .FileWriter2

===========================================================================================
----------------- testing Tue Jan 29 18:51:55 UTC 2019 /home/travis/build/icyphy/ptII/ptolemy/actor/lib/test/auto/FileWriter3.xml
----------------- Instantiating /home/travis/build/icyphy/ptII/ptolemy/actor/lib/test/auto/FileWriter3.xml
1 ms. Memory: 1115648K Free: 990236K (89%)
----------------- Invoking toplevel() on ptolemy.moml.MoMLSimpleApplication@4381420c
----------------- Done invoking toplevel() on ptolemy.moml.MoMLSimpleApplication@4381420c
reloadAllAccessors: .FileWriter3

===========================================================================================
----------------- testing Tue Jan 29 18:51:55 UTC 2019 /home/travis/build/icyphy/ptII/ptolemy/actor/lib/test/auto/Gaussian.xml
----------------- Instantiating /home/travis/build/icyphy/ptII/ptolemy/actor/lib/test/auto/Gaussian.xml
1 ms. Memory: 1115648K Free: 975056K (87%)
----------------- Invoking toplevel() on ptolemy.moml.MoMLSimpleApplication@5abb7cbd
----------------- Done invoking toplevel() on ptolemy.moml.MoMLSimpleApplication@5abb7cbd
reloadAllAccessors: .Gaussian

===========================================================================================
----------------- testing Tue Jan 29 18:51:55 UTC 2019 /home/travis/build/icyphy/ptII/ptolemy/actor/lib/test/auto/Gaussian1.xml
----------------- Instantiating /home/travis/build/icyphy/ptII/ptolemy/actor/lib/test/auto/Gaussian1.xml
1 ms. Memory: 1115648K Free: 965067K (87%)
----------------- Invoking toplevel() on ptolemy.moml.MoMLSimpleApplication@2e667558
----------------- Done invoking toplevel() on ptolemy.moml.MoMLSimpleApplication@2e667558
reloadAllAccessors: .Gaussian1

===========================================================================================
----------------- testing Tue Jan 29 18:51:55 UTC 2019 /home/travis/build/icyphy/ptII/ptolemy/actor/lib/test/auto/Gaussian2.xml
----------------- Instantiating /home/travis/build/icyphy/ptII/ptolemy/actor/lib/test/auto/Gaussian2.xml
2 ms. Memory: 1115648K Free: 955078K (86%)
----------------- Invoking toplevel() on ptolemy.moml.MoMLSimpleApplication@666a20d1
----------------- Done invoking toplevel() on ptolemy.moml.MoMLSimpleApplication@666a20d1
reloadAllAccessors: .Gaussian2

===========================================================================================
----------------- testing Tue Jan 29 18:51:55 UTC 2019 /home/travis/build/icyphy/ptII/ptolemy/actor/lib/test/auto/GradientAdaptiveLattice.xml
----------------- Instantiating /home/travis/build/icyphy/ptII/ptolemy/actor/lib/test/auto/GradientAdaptiveLattice.xml
7 ms. Memory: 1115648K Free: 939897K (84%)
----------------- Invoking toplevel() on ptolemy.moml.MoMLSimpleApplication@b267777
----------------- Done invoking toplevel() on ptolemy.moml.MoMLSimpleApplication@b267777
reloadAllAccessors: .GradientAdaptiveLattice

===========================================================================================
----------------- testing Tue Jan 29 18:51:55 UTC 2019 /home/travis/build/icyphy/ptII/ptolemy/actor/lib/test/auto/IIR.xml
----------------- Instantiating /home/travis/build/icyphy/ptII/ptolemy/actor/lib/test/auto/IIR.xml
1 ms. Memory: 1115648K Free: 929908K (83%)
----------------- Invoking toplevel() on ptolemy.moml.MoMLSimpleApplication@2b27b7d8
----------------- Done invoking toplevel() on ptolemy.moml.MoMLSimpleApplication@2b27b7d8
reloadAllAccessors: .IIR

===========================================================================================
----------------- testing Tue Jan 29 18:51:55 UTC 2019 /home/travis/build/icyphy/ptII/ptolemy/actor/lib/test/auto/InputOutputTransparentPorts.xml
----------------- Instantiating /home/travis/build/icyphy/ptII/ptolemy/actor/lib/test/auto/InputOutputTransparentPorts.xml
2 ms. Memory: 1115648K Free: 909718K (82%)
----------------- Invoking toplevel() on ptolemy.moml.MoMLSimpleApplication@4f755056
----------------- Done invoking toplevel() on ptolemy.moml.MoMLSimpleApplication@4f755056
reloadAllAccessors: .InputOutputTransparentPorts

===========================================================================================
----------------- testing Tue Jan 29 18:51:55 UTC 2019 /home/travis/build/icyphy/ptII/ptolemy/actor/lib/test/auto/Interpolator.xml
----------------- Instantiating /home/travis/build/icyphy/ptII/ptolemy/actor/lib/test/auto/Interpolator.xml
4 ms. Memory: 1115648K Free: 899729K (81%)
----------------- Invoking toplevel() on ptolemy.moml.MoMLSimpleApplication@1f1d84a1
----------------- Done invoking toplevel() on ptolemy.moml.MoMLSimpleApplication@1f1d84a1
reloadAllAccessors: .Interpolator

===========================================================================================
----------------- testing Tue Jan 29 18:51:55 UTC 2019 /home/travis/build/icyphy/ptII/ptolemy/actor/lib/test/auto/InterpolatorFiringLimitDE.xml
----------------- Instantiating /home/travis/build/icyphy/ptII/ptolemy/actor/lib/test/auto/InterpolatorFiringLimitDE.xml
2 ms. Memory: 1115648K Free: 884549K (79%)
----------------- Invoking toplevel() on ptolemy.moml.MoMLSimpleApplication@503955f6
----------------- Done invoking toplevel() on ptolemy.moml.MoMLSimpleApplication@503955f6
reloadAllAccessors: .InterpolatorFiringLimitDE

===========================================================================================
----------------- testing Tue Jan 29 18:51:55 UTC 2019 /home/travis/build/icyphy/ptII/ptolemy/actor/lib/test/auto/Lattice.xml
----------------- Instantiating /home/travis/build/icyphy/ptII/ptolemy/actor/lib/test/auto/Lattice.xml
1 ms. Memory: 1115648K Free: 874560K (78%)
----------------- Invoking toplevel() on ptolemy.moml.MoMLSimpleApplication@714ae8a1
----------------- Done invoking toplevel() on ptolemy.moml.MoMLSimpleApplication@714ae8a1
reloadAllAccessors: .Lattice

===========================================================================================
----------------- testing Tue Jan 29 18:51:55 UTC 2019 /home/travis/build/icyphy/ptII/ptolemy/actor/lib/test/auto/LazyAOCTestLazy.xml
----------------- Instantiating /home/travis/build/icyphy/ptII/ptolemy/actor/lib/test/auto/LazyAOCTestLazy.xml
8 ms. Memory: 1115648K Free: 859380K (77%)
----------------- Invoking toplevel() on ptolemy.moml.MoMLSimpleApplication@25e5502a
----------------- Done invoking toplevel() on ptolemy.moml.MoMLSimpleApplication@25e5502a
reloadAllAccessors: .LazyAOCTestLazy

===========================================================================================
----------------- testing Tue Jan 29 18:51:55 UTC 2019 /home/travis/build/icyphy/ptII/ptolemy/actor/lib/test/auto/LazyAOCTestNonLazy.xml
----------------- Instantiating /home/travis/build/icyphy/ptII/ptolemy/actor/lib/test/auto/LazyAOCTestNonLazy.xml
3 ms. Memory: 1115648K Free: 849390K (76%)
----------------- Invoking toplevel() on ptolemy.moml.MoMLSimpleApplication@53563848
----------------- Done invoking toplevel() on ptolemy.moml.MoMLSimpleApplication@53563848
reloadAllAccessors: .LazyAOCTestNonLazy

===========================================================================================
----------------- testing Tue Jan 29 18:51:55 UTC 2019 /home/travis/build/icyphy/ptII/ptolemy/actor/lib/test/auto/LazyInnerClass.xml
----------------- Instantiating /home/travis/build/icyphy/ptII/ptolemy/actor/lib/test/auto/LazyInnerClass.xml
27 ms. Memory: 1115648K Free: 839401K (75%)
----------------- Invoking toplevel() on ptolemy.moml.MoMLSimpleApplication@71202476
----------------- Done invoking toplevel() on ptolemy.moml.MoMLSimpleApplication@71202476
reloadAllAccessors: .LazyInnerClass

===========================================================================================
----------------- testing Tue Jan 29 18:51:55 UTC 2019 /home/travis/build/icyphy/ptII/ptolemy/actor/lib/test/auto/LazyPubSub.xml
----------------- Instantiating /home/travis/build/icyphy/ptII/ptolemy/actor/lib/test/auto/LazyPubSub.xml
22 ms. Memory: 1115648K Free: 819211K (73%)
----------------- Invoking toplevel() on ptolemy.moml.MoMLSimpleApplication@3511faa2
----------------- Done invoking toplevel() on ptolemy.moml.MoMLSimpleApplication@3511faa2
reloadAllAccessors: .LazyPubSub

===========================================================================================
----------------- testing Tue Jan 29 18:51:55 UTC 2019 /home/travis/build/icyphy/ptII/ptolemy/actor/lib/test/auto/LazyPubSub2.xml
----------------- Instantiating /home/travis/build/icyphy/ptII/ptolemy/actor/lib/test/auto/LazyPubSub2.xml
12 ms. Memory: 1115648K Free: 804211K (72%)
----------------- Invoking toplevel() on ptolemy.moml.MoMLSimpleApplication@7503b93d
----------------- Done invoking toplevel() on ptolemy.moml.MoMLSimpleApplication@7503b93d
reloadAllAccessors: .LazyPubSub2

===========================================================================================
----------------- testing Tue Jan 29 18:51:55 UTC 2019 /home/travis/build/icyphy/ptII/ptolemy/actor/lib/test/auto/LazyPubSub3.xml
----------------- Instantiating /home/travis/build/icyphy/ptII/ptolemy/actor/lib/test/auto/LazyPubSub3.xml
14 ms. Memory: 1115648K Free: 784036K (70%)
----------------- Invoking toplevel() on ptolemy.moml.MoMLSimpleApplication@5d1a849d
----------------- Done invoking toplevel() on ptolemy.moml.MoMLSimpleApplication@5d1a849d
reloadAllAccessors: .LazyPubSub3

===========================================================================================
----------------- testing Tue Jan 29 18:51:55 UTC 2019 /home/travis/build/icyphy/ptII/ptolemy/actor/lib/test/auto/LazySubClassModel.xml
----------------- Instantiating /home/travis/build/icyphy/ptII/ptolemy/actor/lib/test/auto/LazySubClassModel.xml
1 ms. Memory: 1115648K Free: 769036K (69%)
----------------- Invoking toplevel() on ptolemy.moml.MoMLSimpleApplication@527523fa
----------------- Done invoking toplevel() on ptolemy.moml.MoMLSimpleApplication@527523fa
reloadAllAccessors: .LazySubClassModel

===========================================================================================
----------------- testing Tue Jan 29 18:51:55 UTC 2019 /home/travis/build/icyphy/ptII/ptolemy/actor/lib/test/auto/LevelCrossTest1.xml
----------------- Instantiating /home/travis/build/icyphy/ptII/ptolemy/actor/lib/test/auto/LevelCrossTest1.xml
1 ms. Memory: 1115648K Free: 753856K (68%)
----------------- Invoking toplevel() on ptolemy.moml.MoMLSimpleApplication@1da00019
----------------- Done invoking toplevel() on ptolemy.moml.MoMLSimpleApplication@1da00019
reloadAllAccessors: .broken

===========================================================================================
----------------- testing Tue Jan 29 18:51:55 UTC 2019 /home/travis/build/icyphy/ptII/ptolemy/actor/lib/test/auto/LevelCrossTest10.xml
----------------- Instantiating /home/travis/build/icyphy/ptII/ptolemy/actor/lib/test/auto/LevelCrossTest10.xml
1 ms. Memory: 1115648K Free: 738856K (66%)
----------------- Invoking toplevel() on ptolemy.moml.MoMLSimpleApplication@1bb68842
----------------- Done invoking toplevel() on ptolemy.moml.MoMLSimpleApplication@1bb68842
reloadAllAccessors: .LevelCrossTest10

===========================================================================================
----------------- testing Tue Jan 29 18:51:55 UTC 2019 /home/travis/build/icyphy/ptII/ptolemy/actor/lib/test/auto/LevelCrossTest11.xml
----------------- Instantiating /home/travis/build/icyphy/ptII/ptolemy/actor/lib/test/auto/LevelCrossTest11.xml
1 ms. Memory: 1115648K Free: 723677K (65%)
----------------- Invoking toplevel() on ptolemy.moml.MoMLSimpleApplication@6daddb6a
----------------- Done invoking toplevel() on ptolemy.moml.MoMLSimpleApplication@6daddb6a
reloadAllAccessors: .LevelCrossTest11

===========================================================================================
----------------- testing Tue Jan 29 18:51:55 UTC 2019 /home/travis/build/icyphy/ptII/ptolemy/actor/lib/test/auto/LevelCrossTest12.xml
----------------- Instantiating /home/travis/build/icyphy/ptII/ptolemy/actor/lib/test/auto/LevelCrossTest12.xml
0 ms. Memory: 1115648K Free: 708677K (64%)
----------------- Invoking toplevel() on ptolemy.moml.MoMLSimpleApplication@69c4f7e4
----------------- Done invoking toplevel() on ptolemy.moml.MoMLSimpleApplication@69c4f7e4
reloadAllAccessors: .LevelCrossTest12

===========================================================================================
----------------- testing Tue Jan 29 18:51:55 UTC 2019 /home/travis/build/icyphy/ptII/ptolemy/actor/lib/test/auto/LevelCrossTest13.xml
----------------- Instantiating /home/travis/build/icyphy/ptII/ptolemy/actor/lib/test/auto/LevelCrossTest13.xml
1 ms. Memory: 1115648K Free: 693685K (62%)
----------------- Invoking toplevel() on ptolemy.moml.MoMLSimpleApplication@58f47ce4
----------------- Done invoking toplevel() on ptolemy.moml.MoMLSimpleApplication@58f47ce4
reloadAllAccessors: .LevelCrossTest13

===========================================================================================
----------------- testing Tue Jan 29 18:51:55 UTC 2019 /home/travis/build/icyphy/ptII/ptolemy/actor/lib/test/auto/LevelCrossTest2.xml
----------------- Instantiating /home/travis/build/icyphy/ptII/ptolemy/actor/lib/test/auto/LevelCrossTest2.xml
1 ms. Memory: 1115648K Free: 678505K (61%)
----------------- Invoking toplevel() on ptolemy.moml.MoMLSimpleApplication@3d461597
----------------- Done invoking toplevel() on ptolemy.moml.MoMLSimpleApplication@3d461597
reloadAllAccessors: .broken

===========================================================================================
----------------- testing Tue Jan 29 18:51:55 UTC 2019 /home/travis/build/icyphy/ptII/ptolemy/actor/lib/test/auto/LevelCrossTest3.xml
----------------- Instantiating /home/travis/build/icyphy/ptII/ptolemy/actor/lib/test/auto/LevelCrossTest3.xml
1 ms. Memory: 1115648K Free: 668516K (60%)
----------------- Invoking toplevel() on ptolemy.moml.MoMLSimpleApplication@6862e31c
----------------- Done invoking toplevel() on ptolemy.moml.MoMLSimpleApplication@6862e31c
reloadAllAccessors: .LevelCrossTest3

===========================================================================================
----------------- testing Tue Jan 29 18:51:55 UTC 2019 /home/travis/build/icyphy/ptII/ptolemy/actor/lib/test/auto/LevelCrossTest4.xml
----------------- Instantiating /home/travis/build/icyphy/ptII/ptolemy/actor/lib/test/auto/LevelCrossTest4.xml
1 ms. Memory: 1115648K Free: 653336K (59%)
----------------- Invoking toplevel() on ptolemy.moml.MoMLSimpleApplication@35902389
----------------- Done invoking toplevel() on ptolemy.moml.MoMLSimpleApplication@35902389
reloadAllAccessors: .broken

===========================================================================================
----------------- testing Tue Jan 29 18:51:55 UTC 2019 /home/travis/build/icyphy/ptII/ptolemy/actor/lib/test/auto/LevelCrossTest5.xml
----------------- Instantiating /home/travis/build/icyphy/ptII/ptolemy/actor/lib/test/auto/LevelCrossTest5.xml
1 ms. Memory: 1115648K Free: 643347K (58%)
----------------- Invoking toplevel() on ptolemy.moml.MoMLSimpleApplication@4ea69a1
----------------- Done invoking toplevel() on ptolemy.moml.MoMLSimpleApplication@4ea69a1
reloadAllAccessors: .LevelCrossTest5

===========================================================================================
----------------- testing Tue Jan 29 18:51:55 UTC 2019 /home/travis/build/icyphy/ptII/ptolemy/actor/lib/test/auto/LevelCrossTest6.xml
----------------- Instantiating /home/travis/build/icyphy/ptII/ptolemy/actor/lib/test/auto/LevelCrossTest6.xml
1 ms. Memory: 1115648K Free: 628167K (56%)
----------------- Invoking toplevel() on ptolemy.moml.MoMLSimpleApplication@776455fc
----------------- Done invoking toplevel() on ptolemy.moml.MoMLSimpleApplication@776455fc
reloadAllAccessors: .LevelCrossTest6

===========================================================================================
----------------- testing Tue Jan 29 18:51:55 UTC 2019 /home/travis/build/icyphy/ptII/ptolemy/actor/lib/test/auto/LevelCrossTest7.xml
----------------- Instantiating /home/travis/build/icyphy/ptII/ptolemy/actor/lib/test/auto/LevelCrossTest7.xml
1 ms. Memory: 1115648K Free: 613175K (55%)
----------------- Invoking toplevel() on ptolemy.moml.MoMLSimpleApplication@6b2ab26d
----------------- Done invoking toplevel() on ptolemy.moml.MoMLSimpleApplication@6b2ab26d
reloadAllAccessors: .LevelCrossTest7

===========================================================================================
----------------- testing Tue Jan 29 18:51:55 UTC 2019 /home/travis/build/icyphy/ptII/ptolemy/actor/lib/test/auto/LevelCrossTest8.xml
----------------- Instantiating /home/travis/build/icyphy/ptII/ptolemy/actor/lib/test/auto/LevelCrossTest8.xml
1 ms. Memory: 1115648K Free: 597995K (54%)
----------------- Invoking toplevel() on ptolemy.moml.MoMLSimpleApplication@4c070814
----------------- Done invoking toplevel() on ptolemy.moml.MoMLSimpleApplication@4c070814
reloadAllAccessors: .LevelCrossTest8

===========================================================================================
----------------- testing Tue Jan 29 18:51:55 UTC 2019 /home/travis/build/icyphy/ptII/ptolemy/actor/lib/test/auto/LevelCrossTest9.xml
----------------- Instantiating /home/travis/build/icyphy/ptII/ptolemy/actor/lib/test/auto/LevelCrossTest9.xml
1 ms. Memory: 1115648K Free: 588006K (53%)
----------------- Invoking toplevel() on ptolemy.moml.MoMLSimpleApplication@4e39c3ad
----------------- Done invoking toplevel() on ptolemy.moml.MoMLSimpleApplication@4e39c3ad
reloadAllAccessors: .LevelCrossTest9

===========================================================================================
----------------- testing Tue Jan 29 18:51:55 UTC 2019 /home/travis/build/icyphy/ptII/ptolemy/actor/lib/test/auto/LevinsonDurbin.xml
----------------- Instantiating /home/travis/build/icyphy/ptII/ptolemy/actor/lib/test/auto/LevinsonDurbin.xml
1 ms. Memory: 1115648K Free: 578017K (52%)
----------------- Invoking toplevel() on ptolemy.moml.MoMLSimpleApplication@2499590d
----------------- Done invoking toplevel() on ptolemy.moml.MoMLSimpleApplication@2499590d
reloadAllAccessors: .LevinsonDurbin

===========================================================================================
----------------- testing Tue Jan 29 18:51:55 UTC 2019 /home/travis/build/icyphy/ptII/ptolemy/actor/lib/test/auto/LevinsonDurbin2.xml
----------------- Instantiating /home/travis/build/icyphy/ptII/ptolemy/actor/lib/test/auto/LevinsonDurbin2.xml
1 ms. Memory: 1115648K Free: 562837K (50%)
----------------- Invoking toplevel() on ptolemy.moml.MoMLSimpleApplication@71ac733
----------------- Done invoking toplevel() on ptolemy.moml.MoMLSimpleApplication@71ac733
reloadAllAccessors: .LevinsonDurbin2

===========================================================================================
----------------- testing Tue Jan 29 18:51:55 UTC 2019 /home/travis/build/icyphy/ptII/ptolemy/actor/lib/test/auto/LevinsonDurbin3.xml
----------------- Instantiating /home/travis/build/icyphy/ptII/ptolemy/actor/lib/test/auto/LevinsonDurbin3.xml
2 ms. Memory: 1115648K Free: 552848K (50%)
----------------- Invoking toplevel() on ptolemy.moml.MoMLSimpleApplication@3e30a2c3
----------------- Done invoking toplevel() on ptolemy.moml.MoMLSimpleApplication@3e30a2c3
reloadAllAccessors: .LevinsonDurbin3

===========================================================================================
----------------- testing Tue Jan 29 18:51:56 UTC 2019 /home/travis/build/icyphy/ptII/ptolemy/actor/lib/test/auto/Limiter.xml
----------------- Instantiating /home/travis/build/icyphy/ptII/ptolemy/actor/lib/test/auto/Limiter.xml
4 ms. Memory: 1115648K Free: 532657K (48%)
----------------- Invoking toplevel() on ptolemy.moml.MoMLSimpleApplication@621a9832
----------------- Done invoking toplevel() on ptolemy.moml.MoMLSimpleApplication@621a9832
reloadAllAccessors: .Limiter

===========================================================================================
----------------- testing Tue Jan 29 18:51:56 UTC 2019 /home/travis/build/icyphy/ptII/ptolemy/actor/lib/test/auto/LinearDifferenceEquationSystem.xml
----------------- Instantiating /home/travis/build/icyphy/ptII/ptolemy/actor/lib/test/auto/LinearDifferenceEquationSystem.xml
3 ms. Memory: 1115648K Free: 522668K (47%)
----------------- Invoking toplevel() on ptolemy.moml.MoMLSimpleApplication@62881195
----------------- Done invoking toplevel() on ptolemy.moml.MoMLSimpleApplication@62881195
reloadAllAccessors: .LinearDifferenceEquationSystem

===========================================================================================
----------------- testing Tue Jan 29 18:51:56 UTC 2019 /home/travis/build/icyphy/ptII/ptolemy/actor/lib/test/auto/LookupTable.xml
----------------- Instantiating /home/travis/build/icyphy/ptII/ptolemy/actor/lib/test/auto/LookupTable.xml
2 ms. Memory: 1115648K Free: 507488K (45%)
----------------- Invoking toplevel() on ptolemy.moml.MoMLSimpleApplication@630b119d
----------------- Done invoking toplevel() on ptolemy.moml.MoMLSimpleApplication@630b119d
reloadAllAccessors: .LookupTable

===========================================================================================
----------------- testing Tue Jan 29 18:51:56 UTC 2019 /home/travis/build/icyphy/ptII/ptolemy/actor/lib/test/auto/MathFunction.xml
----------------- Instantiating /home/travis/build/icyphy/ptII/ptolemy/actor/lib/test/auto/MathFunction.xml
2 ms. Memory: 1115648K Free: 492496K (44%)
----------------- Invoking toplevel() on ptolemy.moml.MoMLSimpleApplication@50774f0b
----------------- Done invoking toplevel() on ptolemy.moml.MoMLSimpleApplication@50774f0b
reloadAllAccessors: .MathFunction

===========================================================================================
----------------- testing Tue Jan 29 18:51:56 UTC 2019 /home/travis/build/icyphy/ptII/ptolemy/actor/lib/test/auto/MathFunction2.xml
----------------- Instantiating /home/travis/build/icyphy/ptII/ptolemy/actor/lib/test/auto/MathFunction2.xml
2 ms. Memory: 1115648K Free: 477316K (43%)
----------------- Invoking toplevel() on ptolemy.moml.MoMLSimpleApplication@5e39c41
----------------- Done invoking toplevel() on ptolemy.moml.MoMLSimpleApplication@5e39c41
reloadAllAccessors: .MathFunction2

===========================================================================================
----------------- testing Tue Jan 29 18:51:56 UTC 2019 /home/travis/build/icyphy/ptII/ptolemy/actor/lib/test/auto/MathFunction3.xml
----------------- Instantiating /home/travis/build/icyphy/ptII/ptolemy/actor/lib/test/auto/MathFunction3.xml
2 ms. Memory: 1115648K Free: 467327K (42%)
----------------- Invoking toplevel() on ptolemy.moml.MoMLSimpleApplication@6885c998
----------------- Done invoking toplevel() on ptolemy.moml.MoMLSimpleApplication@6885c998
reloadAllAccessors: .MathFunction3

===========================================================================================
----------------- testing Tue Jan 29 18:51:56 UTC 2019 /home/travis/build/icyphy/ptII/ptolemy/actor/lib/test/auto/MatrixCropBoolean.xml
----------------- Instantiating /home/travis/build/icyphy/ptII/ptolemy/actor/lib/test/auto/MatrixCropBoolean.xml
2 ms. Memory: 1115648K Free: 457338K (41%)
----------------- Invoking toplevel() on ptolemy.moml.MoMLSimpleApplication@6b12ec82
----------------- Done invoking toplevel() on ptolemy.moml.MoMLSimpleApplication@6b12ec82
reloadAllAccessors: .MatrixCropBoolean

===========================================================================================
----------------- testing Tue Jan 29 18:51:56 UTC 2019 /home/travis/build/icyphy/ptII/ptolemy/actor/lib/test/auto/MatrixCropComplex.xml
----------------- Instantiating /home/travis/build/icyphy/ptII/ptolemy/actor/lib/test/auto/MatrixCropComplex.xml
1 ms. Memory: 1115648K Free: 442158K (40%)
----------------- Invoking toplevel() on ptolemy.moml.MoMLSimpleApplication@413ca1d0
----------------- Done invoking toplevel() on ptolemy.moml.MoMLSimpleApplication@413ca1d0
reloadAllAccessors: .MatrixCropComplex

===========================================================================================
----------------- testing Tue Jan 29 18:51:56 UTC 2019 /home/travis/build/icyphy/ptII/ptolemy/actor/lib/test/auto/MatrixCropDouble.xml
----------------- Instantiating /home/travis/build/icyphy/ptII/ptolemy/actor/lib/test/auto/MatrixCropDouble.xml
1 ms. Memory: 1115648K Free: 432169K (39%)
----------------- Invoking toplevel() on ptolemy.moml.MoMLSimpleApplication@10df2d2a
----------------- Done invoking toplevel() on ptolemy.moml.MoMLSimpleApplication@10df2d2a
reloadAllAccessors: .MatrixCropDouble

===========================================================================================
----------------- testing Tue Jan 29 18:51:56 UTC 2019 /home/travis/build/icyphy/ptII/ptolemy/actor/lib/test/auto/MatrixCropFix.xml
----------------- Instantiating /home/travis/build/icyphy/ptII/ptolemy/actor/lib/test/auto/MatrixCropFix.xml
1 ms. Memory: 1115648K Free: 416989K (37%)
----------------- Invoking toplevel() on ptolemy.moml.MoMLSimpleApplication@b7f7a39
----------------- Done invoking toplevel() on ptolemy.moml.MoMLSimpleApplication@b7f7a39
reloadAllAccessors: .MatrixCropFix

===========================================================================================
----------------- testing Tue Jan 29 18:51:56 UTC 2019 /home/travis/build/icyphy/ptII/ptolemy/actor/lib/test/auto/MatrixCropInt.xml
----------------- Instantiating /home/travis/build/icyphy/ptII/ptolemy/actor/lib/test/auto/MatrixCropInt.xml
2 ms. Memory: 1115648K Free: 407000K (36%)
----------------- Invoking toplevel() on ptolemy.moml.MoMLSimpleApplication@d5cefac
----------------- Done invoking toplevel() on ptolemy.moml.MoMLSimpleApplication@d5cefac
reloadAllAccessors: .MatrixCropInt

===========================================================================================
----------------- testing Tue Jan 29 18:51:56 UTC 2019 /home/travis/build/icyphy/ptII/ptolemy/actor/lib/test/auto/MatrixCropLong.xml
----------------- Instantiating /home/travis/build/icyphy/ptII/ptolemy/actor/lib/test/auto/MatrixCropLong.xml
1 ms. Memory: 1115648K Free: 391820K (35%)
----------------- Invoking toplevel() on ptolemy.moml.MoMLSimpleApplication@56f64dc5
----------------- Done invoking toplevel() on ptolemy.moml.MoMLSimpleApplication@56f64dc5
reloadAllAccessors: .MatrixCropLong

===========================================================================================
----------------- testing Tue Jan 29 18:51:56 UTC 2019 /home/travis/build/icyphy/ptII/ptolemy/actor/lib/test/auto/MatrixToArray.xml
----------------- Instantiating /home/travis/build/icyphy/ptII/ptolemy/actor/lib/test/auto/MatrixToArray.xml
9 ms. Memory: 1115648K Free: 371826K (33%)
----------------- Invoking toplevel() on ptolemy.moml.MoMLSimpleApplication@33791292
----------------- Done invoking toplevel() on ptolemy.moml.MoMLSimpleApplication@33791292
reloadAllAccessors: .MatrixToArray

===========================================================================================
----------------- testing Tue Jan 29 18:51:56 UTC 2019 /home/travis/build/icyphy/ptII/ptolemy/actor/lib/test/auto/MaxIndex.xml
----------------- Instantiating /home/travis/build/icyphy/ptII/ptolemy/actor/lib/test/auto/MaxIndex.xml
2 ms. Memory: 1115648K Free: 356646K (32%)
----------------- Invoking toplevel() on ptolemy.moml.MoMLSimpleApplication@377434c0
----------------- Done invoking toplevel() on ptolemy.moml.MoMLSimpleApplication@377434c0
reloadAllAccessors: .MaxIndex

===========================================================================================
----------------- testing Tue Jan 29 18:51:56 UTC 2019 /home/travis/build/icyphy/ptII/ptolemy/actor/lib/test/auto/Maximum.xml
----------------- Instantiating /home/travis/build/icyphy/ptII/ptolemy/actor/lib/test/auto/Maximum.xml
3 ms. Memory: 1115648K Free: 346656K (31%)
----------------- Invoking toplevel() on ptolemy.moml.MoMLSimpleApplication@41775ae4
----------------- Done invoking toplevel() on ptolemy.moml.MoMLSimpleApplication@41775ae4
reloadAllAccessors: .Maximum

===========================================================================================
----------------- testing Tue Jan 29 18:51:56 UTC 2019 /home/travis/build/icyphy/ptII/ptolemy/actor/lib/test/auto/MaximumComplex.xml
----------------- Instantiating /home/travis/build/icyphy/ptII/ptolemy/actor/lib/test/auto/MaximumComplex.xml
3 ms. Memory: 1115648K Free: 331477K (30%)
----------------- Invoking toplevel() on ptolemy.moml.MoMLSimpleApplication@214e2d0e
----------------- Done invoking toplevel() on ptolemy.moml.MoMLSimpleApplication@214e2d0e
reloadAllAccessors: .MaximumComplex

===========================================================================================
----------------- testing Tue Jan 29 18:51:56 UTC 2019 /home/travis/build/icyphy/ptII/ptolemy/actor/lib/test/auto/MethodCallTest.xml
----------------- Instantiating /home/travis/build/icyphy/ptII/ptolemy/actor/lib/test/auto/MethodCallTest.xml
2 ms. Memory: 1115648K Free: 321488K (29%)
----------------- Invoking toplevel() on ptolemy.moml.MoMLSimpleApplication@ab5a2f9
----------------- Done invoking toplevel() on ptolemy.moml.MoMLSimpleApplication@ab5a2f9
reloadAllAccessors: .MethodCallTest

===========================================================================================
----------------- testing Tue Jan 29 18:51:56 UTC 2019 /home/travis/build/icyphy/ptII/ptolemy/actor/lib/test/auto/Minimum.xml
----------------- Instantiating /home/travis/build/icyphy/ptII/ptolemy/actor/lib/test/auto/Minimum.xml
2 ms. Memory: 1115648K Free: 311499K (28%)
----------------- Invoking toplevel() on ptolemy.moml.MoMLSimpleApplication@2ca93131
----------------- Done invoking toplevel() on ptolemy.moml.MoMLSimpleApplication@2ca93131
reloadAllAccessors: .Minimum

===========================================================================================
----------------- testing Tue Jan 29 18:51:56 UTC 2019 /home/travis/build/icyphy/ptII/ptolemy/actor/lib/test/auto/MinimumComplex.xml
----------------- Instantiating /home/travis/build/icyphy/ptII/ptolemy/actor/lib/test/auto/MinimumComplex.xml
2 ms. Memory: 1115648K Free: 296319K (27%)
----------------- Invoking toplevel() on ptolemy.moml.MoMLSimpleApplication@66897d72
----------------- Done invoking toplevel() on ptolemy.moml.MoMLSimpleApplication@66897d72
reloadAllAccessors: .MinimumComplex

===========================================================================================
----------------- testing Tue Jan 29 18:51:56 UTC 2019 /home/travis/build/icyphy/ptII/ptolemy/actor/lib/test/auto/MinimumMultiports.xml
----------------- Instantiating /home/travis/build/icyphy/ptII/ptolemy/actor/lib/test/auto/MinimumMultiports.xml
3 ms. Memory: 1115648K Free: 281319K (25%)
----------------- Invoking toplevel() on ptolemy.moml.MoMLSimpleApplication@7ae24856
----------------- Done invoking toplevel() on ptolemy.moml.MoMLSimpleApplication@7ae24856
reloadAllAccessors: .MinimumMultiports

===========================================================================================
----------------- testing Tue Jan 29 18:51:56 UTC 2019 /home/travis/build/icyphy/ptII/ptolemy/actor/lib/test/auto/ModifyDate.xml
----------------- Instantiating /home/travis/build/icyphy/ptII/ptolemy/actor/lib/test/auto/ModifyDate.xml
4 ms. Memory: 1115648K Free: 256126K (23%)
----------------- Invoking toplevel() on ptolemy.moml.MoMLSimpleApplication@362790e1
----------------- Done invoking toplevel() on ptolemy.moml.MoMLSimpleApplication@362790e1
reloadAllAccessors: .ModifyDate

===========================================================================================
----------------- testing Tue Jan 29 18:51:56 UTC 2019 /home/travis/build/icyphy/ptII/ptolemy/actor/lib/test/auto/ModifyDate2.xml
----------------- Instantiating /home/travis/build/icyphy/ptII/ptolemy/actor/lib/test/auto/ModifyDate2.xml
3 ms. Memory: 1115648K Free: 241142K (22%)
----------------- Invoking toplevel() on ptolemy.moml.MoMLSimpleApplication@52736fec
----------------- Done invoking toplevel() on ptolemy.moml.MoMLSimpleApplication@52736fec
reloadAllAccessors: .ModifyDate2

===========================================================================================
----------------- testing Tue Jan 29 18:51:56 UTC 2019 /home/travis/build/icyphy/ptII/ptolemy/actor/lib/test/auto/MovingAverage.xml
----------------- Instantiating /home/travis/build/icyphy/ptII/ptolemy/actor/lib/test/auto/MovingAverage.xml
2 ms. Memory: 1115648K Free: 225962K (20%)
----------------- Invoking toplevel() on ptolemy.moml.MoMLSimpleApplication@496738c1
----------------- Done invoking toplevel() on ptolemy.moml.MoMLSimpleApplication@496738c1
reloadAllAccessors: .MovingAverage

===========================================================================================
----------------- testing Tue Jan 29 18:51:56 UTC 2019 /home/travis/build/icyphy/ptII/ptolemy/actor/lib/test/auto/MovingMaximum.xml
----------------- Instantiating /home/travis/build/icyphy/ptII/ptolemy/actor/lib/test/auto/MovingMaximum.xml
1 ms. Memory: 1115648K Free: 215973K (19%)
----------------- Invoking toplevel() on ptolemy.moml.MoMLSimpleApplication@1d9acf7a
----------------- Done invoking toplevel() on ptolemy.moml.MoMLSimpleApplication@1d9acf7a
reloadAllAccessors: .MovingMaximum

===========================================================================================
----------------- testing Tue Jan 29 18:51:56 UTC 2019 /home/travis/build/icyphy/ptII/ptolemy/actor/lib/test/auto/MultipleLinksToSameRelation.xml
----------------- Instantiating /home/travis/build/icyphy/ptII/ptolemy/actor/lib/test/auto/MultipleLinksToSameRelation.xml
2 ms. Memory: 1115648K Free: 200793K (18%)
----------------- Invoking toplevel() on ptolemy.moml.MoMLSimpleApplication@14599025
----------------- Done invoking toplevel() on ptolemy.moml.MoMLSimpleApplication@14599025
reloadAllAccessors: .MultipleLinksToSameRelation

===========================================================================================
----------------- testing Tue Jan 29 18:51:56 UTC 2019 /home/travis/build/icyphy/ptII/ptolemy/actor/lib/test/auto/MultipleLinksToSameRelationDE.xml
----------------- Instantiating /home/travis/build/icyphy/ptII/ptolemy/actor/lib/test/auto/MultipleLinksToSameRelationDE.xml
3 ms. Memory: 1115648K Free: 190804K (17%)
----------------- Invoking toplevel() on ptolemy.moml.MoMLSimpleApplication@d2c6356
----------------- Done invoking toplevel() on ptolemy.moml.MoMLSimpleApplication@d2c6356
reloadAllAccessors: .MultipleLinksToSameRelationDE

===========================================================================================
----------------- testing Tue Jan 29 18:51:56 UTC 2019 /home/travis/build/icyphy/ptII/ptolemy/actor/lib/test/auto/Multiplexor.xml
----------------- Instantiating /home/travis/build/icyphy/ptII/ptolemy/actor/lib/test/auto/Multiplexor.xml
1 ms. Memory: 1115648K Free: 180815K (16%)
----------------- Invoking toplevel() on ptolemy.moml.MoMLSimpleApplication@12e6b2da
----------------- Done invoking toplevel() on ptolemy.moml.MoMLSimpleApplication@12e6b2da
reloadAllAccessors: .Multiplexor

===========================================================================================
----------------- testing Tue Jan 29 18:51:56 UTC 2019 /home/travis/build/icyphy/ptII/ptolemy/actor/lib/test/auto/Multiplexor1.xml
----------------- Instantiating /home/travis/build/icyphy/ptII/ptolemy/actor/lib/test/auto/Multiplexor1.xml
2 ms. Memory: 1115648K Free: 165635K (15%)
----------------- Invoking toplevel() on ptolemy.moml.MoMLSimpleApplication@7236e9a4
----------------- Done invoking toplevel() on ptolemy.moml.MoMLSimpleApplication@7236e9a4
reloadAllAccessors: .Multiplexor1

===========================================================================================
----------------- testing Tue Jan 29 18:51:56 UTC 2019 /home/travis/build/icyphy/ptII/ptolemy/actor/lib/test/auto/Multiplexor2.xml
----------------- Instantiating /home/travis/build/icyphy/ptII/ptolemy/actor/lib/test/auto/Multiplexor2.xml
3 ms. Memory: 1115648K Free: 155646K (14%)
----------------- Invoking toplevel() on ptolemy.moml.MoMLSimpleApplication@54bf1995
----------------- Done invoking toplevel() on ptolemy.moml.MoMLSimpleApplication@54bf1995
reloadAllAccessors: .Multiplexor2

===========================================================================================
----------------- testing Tue Jan 29 18:51:56 UTC 2019 /home/travis/build/icyphy/ptII/ptolemy/actor/lib/test/auto/Multiplexor3.xml
----------------- Instantiating /home/travis/build/icyphy/ptII/ptolemy/actor/lib/test/auto/Multiplexor3.xml
1 ms. Memory: 1115648K Free: 140466K (13%)
----------------- Invoking toplevel() on ptolemy.moml.MoMLSimpleApplication@57fad5df
----------------- Done invoking toplevel() on ptolemy.moml.MoMLSimpleApplication@57fad5df
reloadAllAccessors: .Multiplexor3

===========================================================================================
----------------- testing Tue Jan 29 18:51:56 UTC 2019 /home/travis/build/icyphy/ptII/ptolemy/actor/lib/test/auto/MultiplexorDE.xml
----------------- Instantiating /home/travis/build/icyphy/ptII/ptolemy/actor/lib/test/auto/MultiplexorDE.xml
2 ms. Memory: 1115648K Free: 125474K (11%)
----------------- Invoking toplevel() on ptolemy.moml.MoMLSimpleApplication@25ef5bd
----------------- Done invoking toplevel() on ptolemy.moml.MoMLSimpleApplication@25ef5bd
reloadAllAccessors: .MultiplexorDE

===========================================================================================
----------------- testing Tue Jan 29 18:51:56 UTC 2019 /home/travis/build/icyphy/ptII/ptolemy/actor/lib/test/auto/MultiportBroadcastTest.xml
----------------- Instantiating /home/travis/build/icyphy/ptII/ptolemy/actor/lib/test/auto/MultiportBroadcastTest.xml
62 ms. Memory: 1115648K Free: 110295K (10%)
----------------- Invoking toplevel() on ptolemy.moml.MoMLSimpleApplication@49093f94
----------------- Done invoking toplevel() on ptolemy.moml.MoMLSimpleApplication@49093f94
reloadAllAccessors: .MultiportBroadcastTest

===========================================================================================
----------------- testing Tue Jan 29 18:51:56 UTC 2019 /home/travis/build/icyphy/ptII/ptolemy/actor/lib/test/auto/MultiportOutHangDuringGetWidth.xml
----------------- Instantiating /home/travis/build/icyphy/ptII/ptolemy/actor/lib/test/auto/MultiportOutHangDuringGetWidth.xml
4 ms. Memory: 1115648K Free: 95295K (9%)
----------------- Invoking toplevel() on ptolemy.moml.MoMLSimpleApplication@5c0806fb
----------------- Done invoking toplevel() on ptolemy.moml.MoMLSimpleApplication@5c0806fb
reloadAllAccessors: .MultiportOutHangDuringGetWidth

===========================================================================================
----------------- testing Tue Jan 29 18:51:56 UTC 2019 /home/travis/build/icyphy/ptII/ptolemy/actor/lib/test/auto/NilToken.xml
----------------- Instantiating /home/travis/build/icyphy/ptII/ptolemy/actor/lib/test/auto/NilToken.xml
1 ms. Memory: 1115648K Free: 80115K (7%)
----------------- Invoking toplevel() on ptolemy.moml.MoMLSimpleApplication@6d92b7d1
----------------- Done invoking toplevel() on ptolemy.moml.MoMLSimpleApplication@6d92b7d1
reloadAllAccessors: .NilToken

===========================================================================================
----------------- testing Tue Jan 29 18:51:56 UTC 2019 /home/travis/build/icyphy/ptII/ptolemy/actor/lib/test/auto/NilTokenNonStrictTest.xml
----------------- Instantiating /home/travis/build/icyphy/ptII/ptolemy/actor/lib/test/auto/NilTokenNonStrictTest.xml
1 ms. Memory: 1245696K Free: 1198108K (96%)
----------------- Invoking toplevel() on ptolemy.moml.MoMLSimpleApplication@2ec34678
----------------- Done invoking toplevel() on ptolemy.moml.MoMLSimpleApplication@2ec34678
reloadAllAccessors: .NilTokenNonStrictTest

===========================================================================================
----------------- testing Tue Jan 29 18:51:56 UTC 2019 /home/travis/build/icyphy/ptII/ptolemy/actor/lib/test/auto/NilTokenRecord.xml
----------------- Instantiating /home/travis/build/icyphy/ptII/ptolemy/actor/lib/test/auto/NilTokenRecord.xml
5 ms. Memory: 1245696K Free: 1181409K (95%)
----------------- Invoking toplevel() on ptolemy.moml.MoMLSimpleApplication@2dbf9e84
----------------- Done invoking toplevel() on ptolemy.moml.MoMLSimpleApplication@2dbf9e84
reloadAllAccessors: .NilTokenRecord

===========================================================================================
----------------- testing Tue Jan 29 18:51:56 UTC 2019 /home/travis/build/icyphy/ptII/ptolemy/actor/lib/test/auto/NilTokenTypeTest.xml
----------------- Instantiating /home/travis/build/icyphy/ptII/ptolemy/actor/lib/test/auto/NilTokenTypeTest.xml
6 ms. Memory: 1245696K Free: 1164228K (93%)
----------------- Invoking toplevel() on ptolemy.moml.MoMLSimpleApplication@67407fc5
----------------- Done invoking toplevel() on ptolemy.moml.MoMLSimpleApplication@67407fc5
reloadAllAccessors: .NilTokenTypeTest

===========================================================================================
----------------- testing Tue Jan 29 18:51:56 UTC 2019 /home/travis/build/icyphy/ptII/ptolemy/actor/lib/test/auto/ObjectToken1.xml
----------------- Instantiating /home/travis/build/icyphy/ptII/ptolemy/actor/lib/test/auto/ObjectToken1.xml
2 ms. Memory: 1245696K Free: 1147547K (92%)
----------------- Invoking toplevel() on ptolemy.moml.MoMLSimpleApplication@194ee85b
----------------- Done invoking toplevel() on ptolemy.moml.MoMLSimpleApplication@194ee85b
reloadAllAccessors: .ObjectToken1

===========================================================================================
----------------- testing Tue Jan 29 18:51:56 UTC 2019 /home/travis/build/icyphy/ptII/ptolemy/actor/lib/test/auto/OrderedMerge.xml
----------------- Instantiating /home/travis/build/icyphy/ptII/ptolemy/actor/lib/test/auto/OrderedMerge.xml
5 ms. Memory: 1245696K Free: 1113217K (89%)
----------------- Invoking toplevel() on ptolemy.moml.MoMLSimpleApplication@4fd42c21
----------------- Done invoking toplevel() on ptolemy.moml.MoMLSimpleApplication@4fd42c21
reloadAllAccessors: .OrderedMerge

===========================================================================================
----------------- testing Tue Jan 29 18:51:56 UTC 2019 /home/travis/build/icyphy/ptII/ptolemy/actor/lib/test/auto/OrderedRecordDisassembler.xml
----------------- Instantiating /home/travis/build/icyphy/ptII/ptolemy/actor/lib/test/auto/OrderedRecordDisassembler.xml
4 ms. Memory: 1245696K Free: 1096536K (88%)
----------------- Invoking toplevel() on ptolemy.moml.MoMLSimpleApplication@19eb2ac0
----------------- Done invoking toplevel() on ptolemy.moml.MoMLSimpleApplication@19eb2ac0
reloadAllAccessors: .OrderedRecordDisassembler

===========================================================================================
----------------- testing Tue Jan 29 18:51:56 UTC 2019 /home/travis/build/icyphy/ptII/ptolemy/actor/lib/test/auto/OrderedRecordDisassembler2.xml
----------------- Instantiating /home/travis/build/icyphy/ptII/ptolemy/actor/lib/test/auto/OrderedRecordDisassembler2.xml
5 ms. Memory: 1245696K Free: 1085093K (87%)
----------------- Invoking toplevel() on ptolemy.moml.MoMLSimpleApplication@5101fddc
----------------- Done invoking toplevel() on ptolemy.moml.MoMLSimpleApplication@5101fddc
reloadAllAccessors: .OrderedRecordDisassembler2

===========================================================================================
----------------- testing Tue Jan 29 18:51:56 UTC 2019 /home/travis/build/icyphy/ptII/ptolemy/actor/lib/test/auto/OrderedRecordUpdater.xml
----------------- Instantiating /home/travis/build/icyphy/ptII/ptolemy/actor/lib/test/auto/OrderedRecordUpdater.xml
2 ms. Memory: 1245696K Free: 1068412K (86%)
----------------- Invoking toplevel() on ptolemy.moml.MoMLSimpleApplication@f2dccac
----------------- Done invoking toplevel() on ptolemy.moml.MoMLSimpleApplication@f2dccac
reloadAllAccessors: .RecordUpdater

===========================================================================================
----------------- testing Tue Jan 29 18:51:56 UTC 2019 /home/travis/build/icyphy/ptII/ptolemy/actor/lib/test/auto/OrderedRecordUpdater2.xml
----------------- Instantiating /home/travis/build/icyphy/ptII/ptolemy/actor/lib/test/auto/OrderedRecordUpdater2.xml
2 ms. Memory: 1245696K Free: 1056969K (85%)
----------------- Invoking toplevel() on ptolemy.moml.MoMLSimpleApplication@6333b6a1
----------------- Done invoking toplevel() on ptolemy.moml.MoMLSimpleApplication@6333b6a1
reloadAllAccessors: .RecordUpdater2

===========================================================================================
----------------- testing Tue Jan 29 18:51:56 UTC 2019 /home/travis/build/icyphy/ptII/ptolemy/actor/lib/test/auto/PhaseUnwrap.xml
----------------- Instantiating /home/travis/build/icyphy/ptII/ptolemy/actor/lib/test/auto/PhaseUnwrap.xml
1 ms. Memory: 1245696K Free: 1040288K (84%)
----------------- Invoking toplevel() on ptolemy.moml.MoMLSimpleApplication@64491c6c
----------------- Done invoking toplevel() on ptolemy.moml.MoMLSimpleApplication@64491c6c
reloadAllAccessors: .PhaseUnwrap

===========================================================================================
----------------- testing Tue Jan 29 18:51:56 UTC 2019 /home/travis/build/icyphy/ptII/ptolemy/actor/lib/test/auto/PoissonClock.xml
----------------- Instantiating /home/travis/build/icyphy/ptII/ptolemy/actor/lib/test/auto/PoissonClock.xml
2 ms. Memory: 1245696K Free: 1028845K (83%)
----------------- Invoking toplevel() on ptolemy.moml.MoMLSimpleApplication@2d937460
----------------- Done invoking toplevel() on ptolemy.moml.MoMLSimpleApplication@2d937460
reloadAllAccessors: .PoissonClock

===========================================================================================
----------------- testing Tue Jan 29 18:51:56 UTC 2019 /home/travis/build/icyphy/ptII/ptolemy/actor/lib/test/auto/PoissonClock2.xml
----------------- Instantiating /home/travis/build/icyphy/ptII/ptolemy/actor/lib/test/auto/PoissonClock2.xml
1 ms. Memory: 1245696K Free: 1017401K (82%)
----------------- Invoking toplevel() on ptolemy.moml.MoMLSimpleApplication@2ba9fc5a
----------------- Done invoking toplevel() on ptolemy.moml.MoMLSimpleApplication@2ba9fc5a
reloadAllAccessors: .PoissonClock2

===========================================================================================
----------------- testing Tue Jan 29 18:51:56 UTC 2019 /home/travis/build/icyphy/ptII/ptolemy/actor/lib/test/auto/PoissonClock3.xml
----------------- Instantiating /home/travis/build/icyphy/ptII/ptolemy/actor/lib/test/auto/PoissonClock3.xml
1 ms. Memory: 1245696K Free: 1000720K (80%)
----------------- Invoking toplevel() on ptolemy.moml.MoMLSimpleApplication@1f58f797
----------------- Done invoking toplevel() on ptolemy.moml.MoMLSimpleApplication@1f58f797
reloadAllAccessors: .PoissonClock3

===========================================================================================
----------------- testing Tue Jan 29 18:51:56 UTC 2019 /home/travis/build/icyphy/ptII/ptolemy/actor/lib/test/auto/PubSubWithInitialTokens.xml
----------------- Instantiating /home/travis/build/icyphy/ptII/ptolemy/actor/lib/test/auto/PubSubWithInitialTokens.xml
2 ms. Memory: 1245696K Free: 989277K (79%)
----------------- Invoking toplevel() on ptolemy.moml.MoMLSimpleApplication@74cff86a
----------------- Done invoking toplevel() on ptolemy.moml.MoMLSimpleApplication@74cff86a
reloadAllAccessors: .PubSubWithInitialTokens

===========================================================================================
----------------- testing Tue Jan 29 18:51:56 UTC 2019 /home/travis/build/icyphy/ptII/ptolemy/actor/lib/test/auto/PubSubWithInitialTokens2.xml
----------------- Instantiating /home/travis/build/icyphy/ptII/ptolemy/actor/lib/test/auto/PubSubWithInitialTokens2.xml
2 ms. Memory: 1245696K Free: 972596K (78%)
----------------- Invoking toplevel() on ptolemy.moml.MoMLSimpleApplication@7d5f507e
----------------- Done invoking toplevel() on ptolemy.moml.MoMLSimpleApplication@7d5f507e
reloadAllAccessors: .PubSubWithInitialTokens2

===========================================================================================
----------------- testing Tue Jan 29 18:51:57 UTC 2019 /home/travis/build/icyphy/ptII/ptolemy/actor/lib/test/auto/PublisherClassNoParameter.xml
----------------- Instantiating /home/travis/build/icyphy/ptII/ptolemy/actor/lib/test/auto/PublisherClassNoParameter.xml
1 ms. Memory: 1245696K Free: 955415K (77%)
----------------- Invoking toplevel() on ptolemy.moml.MoMLSimpleApplication@321928e5
----------------- Done invoking toplevel() on ptolemy.moml.MoMLSimpleApplication@321928e5
reloadAllAccessors: .PublisherClassNoParameter

===========================================================================================
----------------- testing Tue Jan 29 18:51:57 UTC 2019 /home/travis/build/icyphy/ptII/ptolemy/actor/lib/test/auto/PublisherClassParameter.xml
----------------- Instantiating /home/travis/build/icyphy/ptII/ptolemy/actor/lib/test/auto/PublisherClassParameter.xml
2 ms. Memory: 1245696K Free: 932996K (75%)
----------------- Invoking toplevel() on ptolemy.moml.MoMLSimpleApplication@75e46ca1
----------------- Done invoking toplevel() on ptolemy.moml.MoMLSimpleApplication@75e46ca1
reloadAllAccessors: .PublisherClassParameter

===========================================================================================
----------------- testing Tue Jan 29 18:51:57 UTC 2019 /home/travis/build/icyphy/ptII/ptolemy/actor/lib/test/auto/PublisherNonStrictTest.xml
----------------- Instantiating /home/travis/build/icyphy/ptII/ptolemy/actor/lib/test/auto/PublisherNonStrictTest.xml
3 ms. Memory: 1245696K Free: 921553K (74%)
----------------- Invoking toplevel() on ptolemy.moml.MoMLSimpleApplication@66cad1ea
----------------- Done invoking toplevel() on ptolemy.moml.MoMLSimpleApplication@66cad1ea
reloadAllAccessors: .PublisherNonStrictTest

===========================================================================================
----------------- testing Tue Jan 29 18:51:57 UTC 2019 /home/travis/build/icyphy/ptII/ptolemy/actor/lib/test/auto/PublisherPort1.xml
----------------- Instantiating /home/travis/build/icyphy/ptII/ptolemy/actor/lib/test/auto/PublisherPort1.xml
2 ms. Memory: 1245696K Free: 904872K (73%)
----------------- Invoking toplevel() on ptolemy.moml.MoMLSimpleApplication@6289e1f0
----------------- Done invoking toplevel() on ptolemy.moml.MoMLSimpleApplication@6289e1f0
reloadAllAccessors: .PublisherPort1

===========================================================================================
----------------- testing Tue Jan 29 18:51:57 UTC 2019 /home/travis/build/icyphy/ptII/ptolemy/actor/lib/test/auto/PublisherPort2.xml
----------------- Instantiating /home/travis/build/icyphy/ptII/ptolemy/actor/lib/test/auto/PublisherPort2.xml
1 ms. Memory: 1245696K Free: 893429K (72%)
----------------- Invoking toplevel() on ptolemy.moml.MoMLSimpleApplication@3310bce4
----------------- Done invoking toplevel() on ptolemy.moml.MoMLSimpleApplication@3310bce4
reloadAllAccessors: .PublisherPort2

===========================================================================================
----------------- testing Tue Jan 29 18:51:57 UTC 2019 /home/travis/build/icyphy/ptII/ptolemy/actor/lib/test/auto/PublisherPort3.xml
----------------- Instantiating /home/travis/build/icyphy/ptII/ptolemy/actor/lib/test/auto/PublisherPort3.xml
3 ms. Memory: 1245696K Free: 876748K (70%)
----------------- Invoking toplevel() on ptolemy.moml.MoMLSimpleApplication@3701884e
----------------- Done invoking toplevel() on ptolemy.moml.MoMLSimpleApplication@3701884e
reloadAllAccessors: .PublisherPort3

===========================================================================================
----------------- testing Tue Jan 29 18:51:57 UTC 2019 /home/travis/build/icyphy/ptII/ptolemy/actor/lib/test/auto/PublisherPort4.xml
----------------- Instantiating /home/travis/build/icyphy/ptII/ptolemy/actor/lib/test/auto/PublisherPort4.xml
2 ms. Memory: 1245696K Free: 865305K (69%)
----------------- Invoking toplevel() on ptolemy.moml.MoMLSimpleApplication@64f092e3
----------------- Done invoking toplevel() on ptolemy.moml.MoMLSimpleApplication@64f092e3
reloadAllAccessors: .PublisherPort4

===========================================================================================
----------------- testing Tue Jan 29 18:51:57 UTC 2019 /home/travis/build/icyphy/ptII/ptolemy/actor/lib/test/auto/PublisherPort5.xml
----------------- Instantiating /home/travis/build/icyphy/ptII/ptolemy/actor/lib/test/auto/PublisherPort5.xml
3 ms. Memory: 1245696K Free: 848624K (68%)
----------------- Invoking toplevel() on ptolemy.moml.MoMLSimpleApplication@2144e6d9
----------------- Done invoking toplevel() on ptolemy.moml.MoMLSimpleApplication@2144e6d9
reloadAllAccessors: .PublisherPort5

===========================================================================================
----------------- testing Tue Jan 29 18:51:57 UTC 2019 /home/travis/build/icyphy/ptII/ptolemy/actor/lib/test/auto/PublisherPort5LookAlike.xml
----------------- Instantiating /home/travis/build/icyphy/ptII/ptolemy/actor/lib/test/auto/PublisherPort5LookAlike.xml
3 ms. Memory: 1245696K Free: 837181K (67%)
----------------- Invoking toplevel() on ptolemy.moml.MoMLSimpleApplication@2b11d2e1
----------------- Done invoking toplevel() on ptolemy.moml.MoMLSimpleApplication@2b11d2e1
reloadAllAccessors: .PublisherPort5LookAlike

===========================================================================================
----------------- testing Tue Jan 29 18:51:57 UTC 2019 /home/travis/build/icyphy/ptII/ptolemy/actor/lib/test/auto/PublisherPort6.xml
----------------- Instantiating /home/travis/build/icyphy/ptII/ptolemy/actor/lib/test/auto/PublisherPort6.xml
2 ms. Memory: 1245696K Free: 825737K (66%)
----------------- Invoking toplevel() on ptolemy.moml.MoMLSimpleApplication@1d179f05
----------------- Done invoking toplevel() on ptolemy.moml.MoMLSimpleApplication@1d179f05
reloadAllAccessors: .PublisherPort6

===========================================================================================
----------------- testing Tue Jan 29 18:51:57 UTC 2019 /home/travis/build/icyphy/ptII/ptolemy/actor/lib/test/auto/PublisherPort7.xml
----------------- Instantiating /home/travis/build/icyphy/ptII/ptolemy/actor/lib/test/auto/PublisherPort7.xml
4 ms. Memory: 1245696K Free: 809056K (65%)
----------------- Invoking toplevel() on ptolemy.moml.MoMLSimpleApplication@6be97ce5
----------------- Done invoking toplevel() on ptolemy.moml.MoMLSimpleApplication@6be97ce5
reloadAllAccessors: .PublisherPort7

===========================================================================================
----------------- testing Tue Jan 29 18:51:57 UTC 2019 /home/travis/build/icyphy/ptII/ptolemy/actor/lib/test/auto/PublisherPort8.xml
----------------- Instantiating /home/travis/build/icyphy/ptII/ptolemy/actor/lib/test/auto/PublisherPort8.xml
4 ms. Memory: 1245696K Free: 797613K (64%)
----------------- Invoking toplevel() on ptolemy.moml.MoMLSimpleApplication@1049d33d
----------------- Done invoking toplevel() on ptolemy.moml.MoMLSimpleApplication@1049d33d
reloadAllAccessors: .PublisherPort8

===========================================================================================
----------------- testing Tue Jan 29 18:51:57 UTC 2019 /home/travis/build/icyphy/ptII/ptolemy/actor/lib/test/auto/PublisherPortSubscriberChannelVariablesAOC2.xml
----------------- Instantiating /home/travis/build/icyphy/ptII/ptolemy/actor/lib/test/auto/PublisherPortSubscriberChannelVariablesAOC2.xml
2 ms. Memory: 1245696K Free: 769473K (62%)
----------------- Invoking toplevel() on ptolemy.moml.MoMLSimpleApplication@590493e6
----------------- Done invoking toplevel() on ptolemy.moml.MoMLSimpleApplication@590493e6
reloadAllAccessors: .PublisherPortSubscriberChannelVariablesAOC2

===========================================================================================
----------------- testing Tue Jan 29 18:51:57 UTC 2019 /home/travis/build/icyphy/ptII/ptolemy/actor/lib/test/auto/PublisherPortSubscriberOpaqueWidthInference.xml
----------------- Instantiating /home/travis/build/icyphy/ptII/ptolemy/actor/lib/test/auto/PublisherPortSubscriberOpaqueWidthInference.xml
3 ms. Memory: 1245696K Free: 758030K (61%)
----------------- Invoking toplevel() on ptolemy.moml.MoMLSimpleApplication@6c6ae40c
----------------- Done invoking toplevel() on ptolemy.moml.MoMLSimpleApplication@6c6ae40c
reloadAllAccessors: .PublisherPortSubscriberOpaqueWidthInference

===========================================================================================
----------------- testing Tue Jan 29 18:51:57 UTC 2019 /home/travis/build/icyphy/ptII/ptolemy/actor/lib/test/auto/PublisherPortSubscriberPortAdjacent.xml
----------------- Instantiating /home/travis/build/icyphy/ptII/ptolemy/actor/lib/test/auto/PublisherPortSubscriberPortAdjacent.xml
2 ms. Memory: 1245696K Free: 735611K (59%)
----------------- Invoking toplevel() on ptolemy.moml.MoMLSimpleApplication@2ca033ca
----------------- Done invoking toplevel() on ptolemy.moml.MoMLSimpleApplication@2ca033ca
reloadAllAccessors: .PublisherPortSubscriberPortAdjacent

===========================================================================================
----------------- testing Tue Jan 29 18:51:57 UTC 2019 /home/travis/build/icyphy/ptII/ptolemy/actor/lib/test/auto/PublisherPortSubscriberPortExpression.xml
----------------- Instantiating /home/travis/build/icyphy/ptII/ptolemy/actor/lib/test/auto/PublisherPortSubscriberPortExpression.xml
3 ms. Memory: 1245696K Free: 724168K (58%)
----------------- Invoking toplevel() on ptolemy.moml.MoMLSimpleApplication@6d12a368
----------------- Done invoking toplevel() on ptolemy.moml.MoMLSimpleApplication@6d12a368
reloadAllAccessors: .PublisherPortSubscriberPortExpression

===========================================================================================
----------------- testing Tue Jan 29 18:51:57 UTC 2019 /home/travis/build/icyphy/ptII/ptolemy/actor/lib/test/auto/PublisherPortSubscriberPortOpaqueD3Reverse.xml
----------------- Instantiating /home/travis/build/icyphy/ptII/ptolemy/actor/lib/test/auto/PublisherPortSubscriberPortOpaqueD3Reverse.xml
6 ms. Memory: 1245696K Free: 701750K (56%)
----------------- Invoking toplevel() on ptolemy.moml.MoMLSimpleApplication@25f64c47
----------------- Done invoking toplevel() on ptolemy.moml.MoMLSimpleApplication@25f64c47
reloadAllAccessors: .PublisherPortSubscriberPortOpaqueD3Reverse

===========================================================================================
----------------- testing Tue Jan 29 18:51:57 UTC 2019 /home/travis/build/icyphy/ptII/ptolemy/actor/lib/test/auto/PublisherPortSubscriberPortOpaqueWidthInference.xml
----------------- Instantiating /home/travis/build/icyphy/ptII/ptolemy/actor/lib/test/auto/PublisherPortSubscriberPortOpaqueWidthInference.xml
3 ms. Memory: 1245696K Free: 690306K (55%)
----------------- Invoking toplevel() on ptolemy.moml.MoMLSimpleApplication@702ee18d
----------------- Done invoking toplevel() on ptolemy.moml.MoMLSimpleApplication@702ee18d
reloadAllAccessors: .PublisherPortSubscriberPortOpaqueWidthInference

===========================================================================================
----------------- testing Tue Jan 29 18:51:57 UTC 2019 /home/travis/build/icyphy/ptII/ptolemy/actor/lib/test/auto/PublisherPortToplevelSubscriberPortAOC.xml
----------------- Instantiating /home/travis/build/icyphy/ptII/ptolemy/actor/lib/test/auto/PublisherPortToplevelSubscriberPortAOC.xml
.PublisherPortToplevelSubscriberPortAOC.TestExceptionAttribute: initialize() was not invoked, but wrapup() was.  This is unusual, but not always a problem.  For example, exporting JNLP will do this.
1 ms. Memory: 1245696K Free: 673625K (54%)
----------------- Invoking toplevel() on ptolemy.moml.MoMLSimpleApplication@3aa6c46d
----------------- Done invoking toplevel() on ptolemy.moml.MoMLSimpleApplication@3aa6c46d
reloadAllAccessors: .PublisherPortToplevelSubscriberPortAOC

===========================================================================================
----------------- testing Tue Jan 29 18:51:57 UTC 2019 /home/travis/build/icyphy/ptII/ptolemy/actor/lib/test/auto/PublisherSubscriber.xml
----------------- Instantiating /home/travis/build/icyphy/ptII/ptolemy/actor/lib/test/auto/PublisherSubscriber.xml
3 ms. Memory: 1245696K Free: 662182K (53%)
----------------- Invoking toplevel() on ptolemy.moml.MoMLSimpleApplication@7b5dda8e
----------------- Done invoking toplevel() on ptolemy.moml.MoMLSimpleApplication@7b5dda8e
reloadAllAccessors: .PublisherSubscriber

===========================================================================================
----------------- testing Tue Jan 29 18:51:57 UTC 2019 /home/travis/build/icyphy/ptII/ptolemy/actor/lib/test/auto/PublisherSubscriber10.xml
----------------- Instantiating /home/travis/build/icyphy/ptII/ptolemy/actor/lib/test/auto/PublisherSubscriber10.xml
4 ms. Memory: 1245696K Free: 645017K (52%)
----------------- Invoking toplevel() on ptolemy.moml.MoMLSimpleApplication@58618d06
----------------- Done invoking toplevel() on ptolemy.moml.MoMLSimpleApplication@58618d06
reloadAllAccessors: .PublisherSubscriber10

===========================================================================================
----------------- testing Tue Jan 29 18:51:57 UTC 2019 /home/travis/build/icyphy/ptII/ptolemy/actor/lib/test/auto/PublisherSubscriber10InitialOutputs.xml
----------------- Instantiating /home/travis/build/icyphy/ptII/ptolemy/actor/lib/test/auto/PublisherSubscriber10InitialOutputs.xml
4 ms. Memory: 1245696K Free: 622599K (50%)
----------------- Invoking toplevel() on ptolemy.moml.MoMLSimpleApplication@11534840
----------------- Done invoking toplevel() on ptolemy.moml.MoMLSimpleApplication@11534840
reloadAllAccessors: .PublisherSubscriber10InitialOutputs

===========================================================================================
----------------- testing Tue Jan 29 18:51:57 UTC 2019 /home/travis/build/icyphy/ptII/ptolemy/actor/lib/test/auto/PublisherSubscriber11.xml
----------------- Instantiating /home/travis/build/icyphy/ptII/ptolemy/actor/lib/test/auto/PublisherSubscriber11.xml
3 ms. Memory: 1245696K Free: 611155K (49%)
----------------- Invoking toplevel() on ptolemy.moml.MoMLSimpleApplication@388f8a91
----------------- Done invoking toplevel() on ptolemy.moml.MoMLSimpleApplication@388f8a91
reloadAllAccessors: .PublisherSubscriber11

===========================================================================================
----------------- testing Tue Jan 29 18:51:57 UTC 2019 /home/travis/build/icyphy/ptII/ptolemy/actor/lib/test/auto/PublisherSubscriber12.xml
----------------- Instantiating /home/travis/build/icyphy/ptII/ptolemy/actor/lib/test/auto/PublisherSubscriber12.xml
3 ms. Memory: 1245696K Free: 594474K (48%)
----------------- Invoking toplevel() on ptolemy.moml.MoMLSimpleApplication@e07108a
----------------- Done invoking toplevel() on ptolemy.moml.MoMLSimpleApplication@e07108a
reloadAllAccessors: .PublisherSubscriber12

===========================================================================================
----------------- testing Tue Jan 29 18:51:57 UTC 2019 /home/travis/build/icyphy/ptII/ptolemy/actor/lib/test/auto/PublisherSubscriber13.xml
----------------- Instantiating /home/travis/build/icyphy/ptII/ptolemy/actor/lib/test/auto/PublisherSubscriber13.xml
2 ms. Memory: 1245696K Free: 583031K (47%)
----------------- Invoking toplevel() on ptolemy.moml.MoMLSimpleApplication@44d4ae7b
----------------- Done invoking toplevel() on ptolemy.moml.MoMLSimpleApplication@44d4ae7b
reloadAllAccessors: .PublisherSubscriber13

===========================================================================================
----------------- testing Tue Jan 29 18:51:57 UTC 2019 /home/travis/build/icyphy/ptII/ptolemy/actor/lib/test/auto/PublisherSubscriber14.xml
----------------- Instantiating /home/travis/build/icyphy/ptII/ptolemy/actor/lib/test/auto/PublisherSubscriber14.xml
2 ms. Memory: 1245696K Free: 560620K (45%)
----------------- Invoking toplevel() on ptolemy.moml.MoMLSimpleApplication@6de4cfd
----------------- Done invoking toplevel() on ptolemy.moml.MoMLSimpleApplication@6de4cfd
reloadAllAccessors: .PublisherSubscriber14

===========================================================================================
----------------- testing Tue Jan 29 18:51:57 UTC 2019 /home/travis/build/icyphy/ptII/ptolemy/actor/lib/test/auto/PublisherSubscriber2.xml
----------------- Instantiating /home/travis/build/icyphy/ptII/ptolemy/actor/lib/test/auto/PublisherSubscriber2.xml
2 ms. Memory: 1245696K Free: 549177K (44%)
----------------- Invoking toplevel() on ptolemy.moml.MoMLSimpleApplication@65f7eb88
----------------- Done invoking toplevel() on ptolemy.moml.MoMLSimpleApplication@65f7eb88
reloadAllAccessors: .PublisherSubscriber2

===========================================================================================
----------------- testing Tue Jan 29 18:51:57 UTC 2019 /home/travis/build/icyphy/ptII/ptolemy/actor/lib/test/auto/PublisherSubscriber3.xml
----------------- Instantiating /home/travis/build/icyphy/ptII/ptolemy/actor/lib/test/auto/PublisherSubscriber3.xml
2 ms. Memory: 1245696K Free: 532496K (43%)
----------------- Invoking toplevel() on ptolemy.moml.MoMLSimpleApplication@598d3c6d
----------------- Done invoking toplevel() on ptolemy.moml.MoMLSimpleApplication@598d3c6d
reloadAllAccessors: .PublisherSubscriber3

===========================================================================================
----------------- testing Tue Jan 29 18:51:57 UTC 2019 /home/travis/build/icyphy/ptII/ptolemy/actor/lib/test/auto/PublisherSubscriber4.xml
----------------- Instantiating /home/travis/build/icyphy/ptII/ptolemy/actor/lib/test/auto/PublisherSubscriber4.xml
2 ms. Memory: 1245696K Free: 521052K (42%)
----------------- Invoking toplevel() on ptolemy.moml.MoMLSimpleApplication@122ac9c3
----------------- Done invoking toplevel() on ptolemy.moml.MoMLSimpleApplication@122ac9c3
reloadAllAccessors: .PublisherSubscriber4

===========================================================================================
----------------- testing Tue Jan 29 18:51:57 UTC 2019 /home/travis/build/icyphy/ptII/ptolemy/actor/lib/test/auto/PublisherSubscriber5.xml
----------------- Instantiating /home/travis/build/icyphy/ptII/ptolemy/actor/lib/test/auto/PublisherSubscriber5.xml
2 ms. Memory: 1245696K Free: 504371K (40%)
----------------- Invoking toplevel() on ptolemy.moml.MoMLSimpleApplication@8a48771
----------------- Done invoking toplevel() on ptolemy.moml.MoMLSimpleApplication@8a48771
reloadAllAccessors: .PublisherSubscriber5

===========================================================================================
----------------- testing Tue Jan 29 18:51:57 UTC 2019 /home/travis/build/icyphy/ptII/ptolemy/actor/lib/test/auto/PublisherSubscriber6.xml
----------------- Instantiating /home/travis/build/icyphy/ptII/ptolemy/actor/lib/test/auto/PublisherSubscriber6.xml
1 ms. Memory: 1245696K Free: 492928K (40%)
----------------- Invoking toplevel() on ptolemy.moml.MoMLSimpleApplication@2b938edb
----------------- Done invoking toplevel() on ptolemy.moml.MoMLSimpleApplication@2b938edb
reloadAllAccessors: .PublisherSubscriber6

===========================================================================================
----------------- testing Tue Jan 29 18:51:57 UTC 2019 /home/travis/build/icyphy/ptII/ptolemy/actor/lib/test/auto/PublisherSubscriber7.xml
----------------- Instantiating /home/travis/build/icyphy/ptII/ptolemy/actor/lib/test/auto/PublisherSubscriber7.xml
2 ms. Memory: 1245696K Free: 476247K (38%)
----------------- Invoking toplevel() on ptolemy.moml.MoMLSimpleApplication@4a479473
----------------- Done invoking toplevel() on ptolemy.moml.MoMLSimpleApplication@4a479473
reloadAllAccessors: .PublisherSubscriber7

===========================================================================================
----------------- testing Tue Jan 29 18:51:57 UTC 2019 /home/travis/build/icyphy/ptII/ptolemy/actor/lib/test/auto/PublisherSubscriber8.xml
----------------- Instantiating /home/travis/build/icyphy/ptII/ptolemy/actor/lib/test/auto/PublisherSubscriber8.xml
14 ms. Memory: 1245696K Free: 407588K (33%)
----------------- Invoking toplevel() on ptolemy.moml.MoMLSimpleApplication@7ac492c
----------------- Done invoking toplevel() on ptolemy.moml.MoMLSimpleApplication@7ac492c
reloadAllAccessors: .PublisherSubscriber8

===========================================================================================
----------------- testing Tue Jan 29 18:51:57 UTC 2019 /home/travis/build/icyphy/ptII/ptolemy/actor/lib/test/auto/PublisherSubscriber9.xml
----------------- Instantiating /home/travis/build/icyphy/ptII/ptolemy/actor/lib/test/auto/PublisherSubscriber9.xml
3 ms. Memory: 1245696K Free: 390907K (31%)
----------------- Invoking toplevel() on ptolemy.moml.MoMLSimpleApplication@2ad9be5c
----------------- Done invoking toplevel() on ptolemy.moml.MoMLSimpleApplication@2ad9be5c
reloadAllAccessors: .PublisherSubscriber9

===========================================================================================
----------------- testing Tue Jan 29 18:51:57 UTC 2019 /home/travis/build/icyphy/ptII/ptolemy/actor/lib/test/auto/PublisherSubscriberAdjacent.xml
----------------- Instantiating /home/travis/build/icyphy/ptII/ptolemy/actor/lib/test/auto/PublisherSubscriberAdjacent.xml
2 ms. Memory: 1245696K Free: 373742K (30%)
----------------- Invoking toplevel() on ptolemy.moml.MoMLSimpleApplication@df165d9
----------------- Done invoking toplevel() on ptolemy.moml.MoMLSimpleApplication@df165d9
reloadAllAccessors: .PublisherSubscriberAdjacent

===========================================================================================
----------------- testing Tue Jan 29 18:51:57 UTC 2019 /home/travis/build/icyphy/ptII/ptolemy/actor/lib/test/auto/PublisherSubscriberChannelVariablesAOC2.xml
----------------- Instantiating /home/travis/build/icyphy/ptII/ptolemy/actor/lib/test/auto/PublisherSubscriberChannelVariablesAOC2.xml
3 ms. Memory: 1245696K Free: 350839K (28%)
----------------- Invoking toplevel() on ptolemy.moml.MoMLSimpleApplication@2d281695
----------------- Done invoking toplevel() on ptolemy.moml.MoMLSimpleApplication@2d281695
reloadAllAccessors: .PublisherSubscriberChannelVariablesAOC2

===========================================================================================
----------------- testing Tue Jan 29 18:51:57 UTC 2019 /home/travis/build/icyphy/ptII/ptolemy/actor/lib/test/auto/PublisherSubscriberD3.xml
----------------- Instantiating /home/travis/build/icyphy/ptII/ptolemy/actor/lib/test/auto/PublisherSubscriberD3.xml
2 ms. Memory: 1245696K Free: 334158K (27%)
----------------- Invoking toplevel() on ptolemy.moml.MoMLSimpleApplication@40f8e594
----------------- Done invoking toplevel() on ptolemy.moml.MoMLSimpleApplication@40f8e594
reloadAllAccessors: .PublisherSubscriberD3

===========================================================================================
----------------- testing Tue Jan 29 18:51:57 UTC 2019 /home/travis/build/icyphy/ptII/ptolemy/actor/lib/test/auto/PublisherSubscriberD3Reverse.xml
----------------- Instantiating /home/travis/build/icyphy/ptII/ptolemy/actor/lib/test/auto/PublisherSubscriberD3Reverse.xml
2 ms. Memory: 1245696K Free: 322715K (26%)
----------------- Invoking toplevel() on ptolemy.moml.MoMLSimpleApplication@194ea344
----------------- Done invoking toplevel() on ptolemy.moml.MoMLSimpleApplication@194ea344
reloadAllAccessors: .PublisherSubscriberD3Reverse

===========================================================================================
----------------- testing Tue Jan 29 18:51:57 UTC 2019 /home/travis/build/icyphy/ptII/ptolemy/actor/lib/test/auto/PublisherSubscriberExpression.xml
----------------- Instantiating /home/travis/build/icyphy/ptII/ptolemy/actor/lib/test/auto/PublisherSubscriberExpression.xml
4 ms. Memory: 1245696K Free: 300304K (24%)
----------------- Invoking toplevel() on ptolemy.moml.MoMLSimpleApplication@74fa035d
----------------- Done invoking toplevel() on ptolemy.moml.MoMLSimpleApplication@74fa035d
reloadAllAccessors: .PublisherSubscriberExpression

===========================================================================================
----------------- testing Tue Jan 29 18:51:57 UTC 2019 /home/travis/build/icyphy/ptII/ptolemy/actor/lib/test/auto/PublisherSubscriberOpaque.xml
----------------- Instantiating /home/travis/build/icyphy/ptII/ptolemy/actor/lib/test/auto/PublisherSubscriberOpaque.xml
3 ms. Memory: 1245696K Free: 288861K (23%)
----------------- Invoking toplevel() on ptolemy.moml.MoMLSimpleApplication@2cf708b6
----------------- Done invoking toplevel() on ptolemy.moml.MoMLSimpleApplication@2cf708b6
reloadAllAccessors: .PublisherSubscriberOpaque

===========================================================================================
----------------- testing Tue Jan 29 18:51:57 UTC 2019 /home/travis/build/icyphy/ptII/ptolemy/actor/lib/test/auto/PublisherSubscriberOpaqueD3.xml
----------------- Instantiating /home/travis/build/icyphy/ptII/ptolemy/actor/lib/test/auto/PublisherSubscriberOpaqueD3.xml
6 ms. Memory: 1245696K Free: 266443K (21%)
----------------- Invoking toplevel() on ptolemy.moml.MoMLSimpleApplication@262b28bf
----------------- Done invoking toplevel() on ptolemy.moml.MoMLSimpleApplication@262b28bf
reloadAllAccessors: .PublisherSubscriberOpaqueD3

===========================================================================================
----------------- testing Tue Jan 29 18:51:57 UTC 2019 /home/travis/build/icyphy/ptII/ptolemy/actor/lib/test/auto/PublisherSubscriberOpaqueD3Reverse.xml
----------------- Instantiating /home/travis/build/icyphy/ptII/ptolemy/actor/lib/test/auto/PublisherSubscriberOpaqueD3Reverse.xml
5 ms. Memory: 1245696K Free: 249262K (20%)
----------------- Invoking toplevel() on ptolemy.moml.MoMLSimpleApplication@2159180a
----------------- Done invoking toplevel() on ptolemy.moml.MoMLSimpleApplication@2159180a
reloadAllAccessors: .PublisherSubscriberOpaqueD3Reverse

===========================================================================================
----------------- testing Tue Jan 29 18:51:57 UTC 2019 /home/travis/build/icyphy/ptII/ptolemy/actor/lib/test/auto/PublisherSubscriberOpaqueWidthInference.xml
----------------- Instantiating /home/travis/build/icyphy/ptII/ptolemy/actor/lib/test/auto/PublisherSubscriberOpaqueWidthInference.xml
4 ms. Memory: 1245696K Free: 232581K (19%)
----------------- Invoking toplevel() on ptolemy.moml.MoMLSimpleApplication@4f996c90
----------------- Done invoking toplevel() on ptolemy.moml.MoMLSimpleApplication@4f996c90
reloadAllAccessors: .PublisherSubscriberOpaqueWidthInference

===========================================================================================
----------------- testing Tue Jan 29 18:51:57 UTC 2019 /home/travis/build/icyphy/ptII/ptolemy/actor/lib/test/auto/PublisherTestSubscriber.xml
----------------- Instantiating /home/travis/build/icyphy/ptII/ptolemy/actor/lib/test/auto/PublisherTestSubscriber.xml
3 ms. Memory: 1245696K Free: 221138K (18%)
----------------- Invoking toplevel() on ptolemy.moml.MoMLSimpleApplication@66f46261
----------------- Done invoking toplevel() on ptolemy.moml.MoMLSimpleApplication@66f46261
reloadAllAccessors: .PublisherTestSubscriber

===========================================================================================
----------------- testing Tue Jan 29 18:51:57 UTC 2019 /home/travis/build/icyphy/ptII/ptolemy/actor/lib/test/auto/PublisherToplevelSubscriberPortAOC.xml
----------------- Instantiating /home/travis/build/icyphy/ptII/ptolemy/actor/lib/test/auto/PublisherToplevelSubscriberPortAOC.xml
1 ms. Memory: 1245696K Free: 204457K (16%)
----------------- Invoking toplevel() on ptolemy.moml.MoMLSimpleApplication@350f6df4
----------------- Done invoking toplevel() on ptolemy.moml.MoMLSimpleApplication@350f6df4
reloadAllAccessors: .PublisherToplevelSubscriberPortAOC

===========================================================================================
----------------- testing Tue Jan 29 18:51:57 UTC 2019 /home/travis/build/icyphy/ptII/ptolemy/actor/lib/test/auto/PulseFiringLimitDE.xml
----------------- Instantiating /home/travis/build/icyphy/ptII/ptolemy/actor/lib/test/auto/PulseFiringLimitDE.xml
2 ms. Memory: 1245696K Free: 193013K (15%)
----------------- Invoking toplevel() on ptolemy.moml.MoMLSimpleApplication@2c2f21ea
----------------- Done invoking toplevel() on ptolemy.moml.MoMLSimpleApplication@2c2f21ea
reloadAllAccessors: .PulseFiringLimitDE

===========================================================================================
----------------- testing Tue Jan 29 18:51:57 UTC 2019 /home/travis/build/icyphy/ptII/ptolemy/actor/lib/test/auto/Ramp1.xml
----------------- Instantiating /home/travis/build/icyphy/ptII/ptolemy/actor/lib/test/auto/Ramp1.xml
2 ms. Memory: 1245696K Free: 176332K (14%)
----------------- Invoking toplevel() on ptolemy.moml.MoMLSimpleApplication@243b342a
----------------- Done invoking toplevel() on ptolemy.moml.MoMLSimpleApplication@243b342a
reloadAllAccessors: .Ramp1

===========================================================================================
----------------- testing Tue Jan 29 18:51:57 UTC 2019 /home/travis/build/icyphy/ptII/ptolemy/actor/lib/test/auto/RampFiringLimitDE.xml
----------------- Instantiating /home/travis/build/icyphy/ptII/ptolemy/actor/lib/test/auto/RampFiringLimitDE.xml
3 ms. Memory: 1245696K Free: 164889K (13%)
----------------- Invoking toplevel() on ptolemy.moml.MoMLSimpleApplication@32b3ef14
----------------- Done invoking toplevel() on ptolemy.moml.MoMLSimpleApplication@32b3ef14
reloadAllAccessors: .RampFiringLimitDE

===========================================================================================
----------------- testing Tue Jan 29 18:51:57 UTC 2019 /home/travis/build/icyphy/ptII/ptolemy/actor/lib/test/auto/RampFiringLimitSDF.xml
----------------- Instantiating /home/travis/build/icyphy/ptII/ptolemy/actor/lib/test/auto/RampFiringLimitSDF.xml
3 ms. Memory: 1245696K Free: 148208K (12%)
----------------- Invoking toplevel() on ptolemy.moml.MoMLSimpleApplication@17c2d0ca
----------------- Done invoking toplevel() on ptolemy.moml.MoMLSimpleApplication@17c2d0ca
reloadAllAccessors: .RampFiringLimitSDF

===========================================================================================
----------------- testing Tue Jan 29 18:51:57 UTC 2019 /home/travis/build/icyphy/ptII/ptolemy/actor/lib/test/auto/RandomInteger.xml
----------------- Instantiating /home/travis/build/icyphy/ptII/ptolemy/actor/lib/test/auto/RandomInteger.xml
1 ms. Memory: 1245696K Free: 136765K (11%)
----------------- Invoking toplevel() on ptolemy.moml.MoMLSimpleApplication@443bb703
----------------- Done invoking toplevel() on ptolemy.moml.MoMLSimpleApplication@443bb703
reloadAllAccessors: .RandomInteger

===========================================================================================
----------------- testing Tue Jan 29 18:51:57 UTC 2019 /home/travis/build/icyphy/ptII/ptolemy/actor/lib/test/auto/ReadFile1.xml
----------------- Instantiating /home/travis/build/icyphy/ptII/ptolemy/actor/lib/test/auto/ReadFile1.xml
2 ms. Memory: 1245696K Free: 125322K (10%)
----------------- Invoking toplevel() on ptolemy.moml.MoMLSimpleApplication@3d617855
----------------- Done invoking toplevel() on ptolemy.moml.MoMLSimpleApplication@3d617855
reloadAllAccessors: .ReadFile1

===========================================================================================
----------------- testing Tue Jan 29 18:51:58 UTC 2019 /home/travis/build/icyphy/ptII/ptolemy/actor/lib/test/auto/ReadFile2.xml
----------------- Instantiating /home/travis/build/icyphy/ptII/ptolemy/actor/lib/test/auto/ReadFile2.xml
1 ms. Memory: 1245696K Free: 108641K (9%)
----------------- Invoking toplevel() on ptolemy.moml.MoMLSimpleApplication@64eec4d6
----------------- Done invoking toplevel() on ptolemy.moml.MoMLSimpleApplication@64eec4d6
reloadAllAccessors: .ReadFile2

===========================================================================================
----------------- testing Tue Jan 29 18:51:58 UTC 2019 /home/travis/build/icyphy/ptII/ptolemy/actor/lib/test/auto/Reader.xml
----------------- Instantiating /home/travis/build/icyphy/ptII/ptolemy/actor/lib/test/auto/Reader.xml
actor.lib.Reader is obsolete, use actor.lib.io.ExpressionReader instead
2 ms. Memory: 1245696K Free: 97197K (8%)
----------------- Invoking toplevel() on ptolemy.moml.MoMLSimpleApplication@50267c2e
----------------- Done invoking toplevel() on ptolemy.moml.MoMLSimpleApplication@50267c2e
reloadAllAccessors: .Reader

===========================================================================================
----------------- testing Tue Jan 29 18:51:58 UTC 2019 /home/travis/build/icyphy/ptII/ptolemy/actor/lib/test/auto/RecordAssemblerDisplayNameTest.xml
----------------- Instantiating /home/travis/build/icyphy/ptII/ptolemy/actor/lib/test/auto/RecordAssemblerDisplayNameTest.xml
3964 ms. Memory: 1334784K Free: 1198786K (90%)
----------------- Invoking toplevel() on ptolemy.moml.MoMLSimpleApplication@6a6036f7
----------------- Done invoking toplevel() on ptolemy.moml.MoMLSimpleApplication@6a6036f7
reloadAllAccessors: .RecordAssemblerDisplayNameTest

===========================================================================================
----------------- testing Tue Jan 29 18:52:02 UTC 2019 /home/travis/build/icyphy/ptII/ptolemy/actor/lib/test/auto/RecordAssemblerTypeError.xml
----------------- Instantiating /home/travis/build/icyphy/ptII/ptolemy/actor/lib/test/auto/RecordAssemblerTypeError.xml
11 ms. Memory: 1334784K Free: 1166211K (87%)
----------------- Invoking toplevel() on ptolemy.moml.MoMLSimpleApplication@1fa5e21f
----------------- Done invoking toplevel() on ptolemy.moml.MoMLSimpleApplication@1fa5e21f
reloadAllAccessors: .RecordAssemblerTypeError

===========================================================================================
----------------- testing Tue Jan 29 18:52:02 UTC 2019 /home/travis/build/icyphy/ptII/ptolemy/actor/lib/test/auto/RecordDisassember.xml
----------------- Instantiating /home/travis/build/icyphy/ptII/ptolemy/actor/lib/test/auto/RecordDisassember.xml
7 ms. Memory: 1334784K Free: 1149820K (86%)
----------------- Invoking toplevel() on ptolemy.moml.MoMLSimpleApplication@343d866a
----------------- Done invoking toplevel() on ptolemy.moml.MoMLSimpleApplication@343d866a
reloadAllAccessors: .RecordDisassember

===========================================================================================
----------------- testing Tue Jan 29 18:52:02 UTC 2019 /home/travis/build/icyphy/ptII/ptolemy/actor/lib/test/auto/RecordDisassemberDisplayNameTest.xml
----------------- Instantiating /home/travis/build/icyphy/ptII/ptolemy/actor/lib/test/auto/RecordDisassemberDisplayNameTest.xml
5 ms. Memory: 1334784K Free: 1128526K (85%)
----------------- Invoking toplevel() on ptolemy.moml.MoMLSimpleApplication@5250219b
----------------- Done invoking toplevel() on ptolemy.moml.MoMLSimpleApplication@5250219b
reloadAllAccessors: .RecordDisassemberDisplayNameTest

===========================================================================================
----------------- testing Tue Jan 29 18:52:02 UTC 2019 /home/travis/build/icyphy/ptII/ptolemy/actor/lib/test/auto/RecordDisassembler.xml
----------------- Instantiating /home/travis/build/icyphy/ptII/ptolemy/actor/lib/test/auto/RecordDisassembler.xml
2 ms. Memory: 1334784K Free: 1112135K (83%)
----------------- Invoking toplevel() on ptolemy.moml.MoMLSimpleApplication@693b936e
----------------- Done invoking toplevel() on ptolemy.moml.MoMLSimpleApplication@693b936e
reloadAllAccessors: .RecordDisassembler

===========================================================================================
----------------- testing Tue Jan 29 18:52:02 UTC 2019 /home/travis/build/icyphy/ptII/ptolemy/actor/lib/test/auto/RecordDisassembler2.xml
----------------- Instantiating /home/travis/build/icyphy/ptII/ptolemy/actor/lib/test/auto/RecordDisassembler2.xml
2 ms. Memory: 1334784K Free: 1090842K (82%)
----------------- Invoking toplevel() on ptolemy.moml.MoMLSimpleApplication@1cc80b9b
----------------- Done invoking toplevel() on ptolemy.moml.MoMLSimpleApplication@1cc80b9b
reloadAllAccessors: .RecordDisassembler2

===========================================================================================
----------------- testing Tue Jan 29 18:52:02 UTC 2019 /home/travis/build/icyphy/ptII/ptolemy/actor/lib/test/auto/RecordUpdater.xml
----------------- Instantiating /home/travis/build/icyphy/ptII/ptolemy/actor/lib/test/auto/RecordUpdater.xml
2 ms. Memory: 1334784K Free: 1074451K (80%)
----------------- Invoking toplevel() on ptolemy.moml.MoMLSimpleApplication@3ef243af
----------------- Done invoking toplevel() on ptolemy.moml.MoMLSimpleApplication@3ef243af
reloadAllAccessors: .RecordUpdater

===========================================================================================
----------------- testing Tue Jan 29 18:52:02 UTC 2019 /home/travis/build/icyphy/ptII/ptolemy/actor/lib/test/auto/RecordUpdater2.xml
----------------- Instantiating /home/travis/build/icyphy/ptII/ptolemy/actor/lib/test/auto/RecordUpdater2.xml
2 ms. Memory: 1334784K Free: 1053157K (79%)
----------------- Invoking toplevel() on ptolemy.moml.MoMLSimpleApplication@532b4e79
----------------- Done invoking toplevel() on ptolemy.moml.MoMLSimpleApplication@532b4e79
reloadAllAccessors: .RecordUpdater2

===========================================================================================
----------------- testing Tue Jan 29 18:52:02 UTC 2019 /home/travis/build/icyphy/ptII/ptolemy/actor/lib/test/auto/RecursiveLattice.xml
----------------- Instantiating /home/travis/build/icyphy/ptII/ptolemy/actor/lib/test/auto/RecursiveLattice.xml
1 ms. Memory: 1334784K Free: 1036766K (78%)
----------------- Invoking toplevel() on ptolemy.moml.MoMLSimpleApplication@5a5ea919
----------------- Done invoking toplevel() on ptolemy.moml.MoMLSimpleApplication@5a5ea919
reloadAllAccessors: .RecursiveLattice

===========================================================================================
----------------- testing Tue Jan 29 18:52:02 UTC 2019 /home/travis/build/icyphy/ptII/ptolemy/actor/lib/test/auto/Router.xml
----------------- Instantiating /home/travis/build/icyphy/ptII/ptolemy/actor/lib/test/auto/Router.xml
3004 ms. Memory: 1334784K Free: 1015472K (76%)
----------------- Invoking toplevel() on ptolemy.moml.MoMLSimpleApplication@a20713
----------------- Done invoking toplevel() on ptolemy.moml.MoMLSimpleApplication@a20713
reloadAllAccessors: .Router

===========================================================================================
----------------- testing Tue Jan 29 18:52:05 UTC 2019 /home/travis/build/icyphy/ptII/ptolemy/actor/lib/test/auto/Router2.xml
----------------- Instantiating /home/travis/build/icyphy/ptII/ptolemy/actor/lib/test/auto/Router2.xml
3003 ms. Memory: 1334784K Free: 999081K (75%)
----------------- Invoking toplevel() on ptolemy.moml.MoMLSimpleApplication@10a3ce45
----------------- Done invoking toplevel() on ptolemy.moml.MoMLSimpleApplication@10a3ce45
reloadAllAccessors: .Router2

===========================================================================================
----------------- testing Tue Jan 29 18:52:08 UTC 2019 /home/travis/build/icyphy/ptII/ptolemy/actor/lib/test/auto/RunningMaximum.xml
----------------- Instantiating /home/travis/build/icyphy/ptII/ptolemy/actor/lib/test/auto/RunningMaximum.xml
1 ms. Memory: 1334784K Free: 977787K (73%)
----------------- Invoking toplevel() on ptolemy.moml.MoMLSimpleApplication@569c5583
----------------- Done invoking toplevel() on ptolemy.moml.MoMLSimpleApplication@569c5583
reloadAllAccessors: .RunningMaximum

===========================================================================================
----------------- testing Tue Jan 29 18:52:08 UTC 2019 /home/travis/build/icyphy/ptII/ptolemy/actor/lib/test/auto/RunningMinimum.xml
----------------- Instantiating /home/travis/build/icyphy/ptII/ptolemy/actor/lib/test/auto/RunningMinimum.xml
1 ms. Memory: 1334784K Free: 961396K (72%)
----------------- Invoking toplevel() on ptolemy.moml.MoMLSimpleApplication@4b5eee05
----------------- Done invoking toplevel() on ptolemy.moml.MoMLSimpleApplication@4b5eee05
reloadAllAccessors: .RunningMinimum

===========================================================================================
----------------- testing Tue Jan 29 18:52:08 UTC 2019 /home/travis/build/icyphy/ptII/ptolemy/actor/lib/test/auto/Scale.xml
----------------- Instantiating /home/travis/build/icyphy/ptII/ptolemy/actor/lib/test/auto/Scale.xml
1 ms. Memory: 1334784K Free: 940103K (70%)
----------------- Invoking toplevel() on ptolemy.moml.MoMLSimpleApplication@5342e5c
----------------- Done invoking toplevel() on ptolemy.moml.MoMLSimpleApplication@5342e5c
reloadAllAccessors: .Scale

===========================================================================================
----------------- testing Tue Jan 29 18:52:08 UTC 2019 /home/travis/build/icyphy/ptII/ptolemy/actor/lib/test/auto/Scale2.xml
----------------- Instantiating /home/travis/build/icyphy/ptII/ptolemy/actor/lib/test/auto/Scale2.xml
1 ms. Memory: 1334784K Free: 923712K (69%)
----------------- Invoking toplevel() on ptolemy.moml.MoMLSimpleApplication@3797be20
----------------- Done invoking toplevel() on ptolemy.moml.MoMLSimpleApplication@3797be20
reloadAllAccessors: .Scale2

===========================================================================================
----------------- testing Tue Jan 29 18:52:08 UTC 2019 /home/travis/build/icyphy/ptII/ptolemy/actor/lib/test/auto/Scale3.xml
----------------- Instantiating /home/travis/build/icyphy/ptII/ptolemy/actor/lib/test/auto/Scale3.xml
2 ms. Memory: 1334784K Free: 902418K (68%)
----------------- Invoking toplevel() on ptolemy.moml.MoMLSimpleApplication@8d4e13c
----------------- Done invoking toplevel() on ptolemy.moml.MoMLSimpleApplication@8d4e13c
reloadAllAccessors: .Scale3

===========================================================================================
----------------- testing Tue Jan 29 18:52:08 UTC 2019 /home/travis/build/icyphy/ptII/ptolemy/actor/lib/test/auto/ScaleArray.xml
----------------- Instantiating /home/travis/build/icyphy/ptII/ptolemy/actor/lib/test/auto/ScaleArray.xml
1 ms. Memory: 1334784K Free: 886027K (66%)
----------------- Invoking toplevel() on ptolemy.moml.MoMLSimpleApplication@1dec46b8
----------------- Done invoking toplevel() on ptolemy.moml.MoMLSimpleApplication@1dec46b8
reloadAllAccessors: .ScaleArray

===========================================================================================
----------------- testing Tue Jan 29 18:52:08 UTC 2019 /home/travis/build/icyphy/ptII/ptolemy/actor/lib/test/auto/ScaleArray2.xml
----------------- Instantiating /home/travis/build/icyphy/ptII/ptolemy/actor/lib/test/auto/ScaleArray2.xml
0 ms. Memory: 1334784K Free: 864734K (65%)
----------------- Invoking toplevel() on ptolemy.moml.MoMLSimpleApplication@1358bab5
----------------- Done invoking toplevel() on ptolemy.moml.MoMLSimpleApplication@1358bab5
reloadAllAccessors: .ScaleArray2

===========================================================================================
----------------- testing Tue Jan 29 18:52:08 UTC 2019 /home/travis/build/icyphy/ptII/ptolemy/actor/lib/test/auto/ScaleMatrix.xml
----------------- Instantiating /home/travis/build/icyphy/ptII/ptolemy/actor/lib/test/auto/ScaleMatrix.xml
105 ms. Memory: 1334784K Free: 840147K (63%)
----------------- Invoking toplevel() on ptolemy.moml.MoMLSimpleApplication@25988a6e
----------------- Done invoking toplevel() on ptolemy.moml.MoMLSimpleApplication@25988a6e
reloadAllAccessors: .ScaleMatrix

===========================================================================================
----------------- testing Tue Jan 29 18:52:08 UTC 2019 /home/travis/build/icyphy/ptII/ptolemy/actor/lib/test/auto/Select.xml
----------------- Instantiating /home/travis/build/icyphy/ptII/ptolemy/actor/lib/test/auto/Select.xml
2 ms. Memory: 1334784K Free: 818854K (61%)
----------------- Invoking toplevel() on ptolemy.moml.MoMLSimpleApplication@4a120d00
----------------- Done invoking toplevel() on ptolemy.moml.MoMLSimpleApplication@4a120d00
reloadAllAccessors: .Select

===========================================================================================
----------------- testing Tue Jan 29 18:52:08 UTC 2019 /home/travis/build/icyphy/ptII/ptolemy/actor/lib/test/auto/Select2.xml
----------------- Instantiating /home/travis/build/icyphy/ptII/ptolemy/actor/lib/test/auto/Select2.xml
1 ms. Memory: 1334784K Free: 802463K (60%)
----------------- Invoking toplevel() on ptolemy.moml.MoMLSimpleApplication@65216a0c
----------------- Done invoking toplevel() on ptolemy.moml.MoMLSimpleApplication@65216a0c
reloadAllAccessors: .Select2

===========================================================================================
----------------- testing Tue Jan 29 18:52:08 UTC 2019 /home/travis/build/icyphy/ptII/ptolemy/actor/lib/test/auto/SequenceToArray2.xml
----------------- Instantiating /home/travis/build/icyphy/ptII/ptolemy/actor/lib/test/auto/SequenceToArray2.xml
88 ms. Memory: 1334784K Free: 699215K (52%)
----------------- Invoking toplevel() on ptolemy.moml.MoMLSimpleApplication@4fe16f4a
----------------- Done invoking toplevel() on ptolemy.moml.MoMLSimpleApplication@4fe16f4a
reloadAllAccessors: .SequenceToArray2

===========================================================================================
----------------- testing Tue Jan 29 18:52:08 UTC 2019 /home/travis/build/icyphy/ptII/ptolemy/actor/lib/test/auto/SequentialClock.xml
----------------- Instantiating /home/travis/build/icyphy/ptII/ptolemy/actor/lib/test/auto/SequentialClock.xml
1 ms. Memory: 1334784K Free: 682824K (51%)
----------------- Invoking toplevel() on ptolemy.moml.MoMLSimpleApplication@793966d6
----------------- Done invoking toplevel() on ptolemy.moml.MoMLSimpleApplication@793966d6
reloadAllAccessors: .SequentialClock

===========================================================================================
----------------- testing Tue Jan 29 18:52:08 UTC 2019 /home/travis/build/icyphy/ptII/ptolemy/actor/lib/test/auto/SetVariable.xml
----------------- Instantiating /home/travis/build/icyphy/ptII/ptolemy/actor/lib/test/auto/SetVariable.xml
2 ms. Memory: 1334784K Free: 661530K (50%)
----------------- Invoking toplevel() on ptolemy.moml.MoMLSimpleApplication@5f37090f
----------------- Done invoking toplevel() on ptolemy.moml.MoMLSimpleApplication@5f37090f
reloadAllAccessors: .SetVariable

===========================================================================================
----------------- testing Tue Jan 29 18:52:08 UTC 2019 /home/travis/build/icyphy/ptII/ptolemy/actor/lib/test/auto/SetVariable2.xml
----------------- Instantiating /home/travis/build/icyphy/ptII/ptolemy/actor/lib/test/auto/SetVariable2.xml
2 ms. Memory: 1334784K Free: 645139K (48%)
----------------- Invoking toplevel() on ptolemy.moml.MoMLSimpleApplication@4dafd70
----------------- Done invoking toplevel() on ptolemy.moml.MoMLSimpleApplication@4dafd70
reloadAllAccessors: .SetVariable2

===========================================================================================
----------------- testing Tue Jan 29 18:52:08 UTC 2019 /home/travis/build/icyphy/ptII/ptolemy/actor/lib/test/auto/SetVariable3.xml
----------------- Instantiating /home/travis/build/icyphy/ptII/ptolemy/actor/lib/test/auto/SetVariable3.xml
7 ms. Memory: 1334784K Free: 623846K (47%)
----------------- Invoking toplevel() on ptolemy.moml.MoMLSimpleApplication@26887fd7
----------------- Done invoking toplevel() on ptolemy.moml.MoMLSimpleApplication@26887fd7
reloadAllAccessors: .SetVariable3

===========================================================================================
----------------- testing Tue Jan 29 18:52:08 UTC 2019 /home/travis/build/icyphy/ptII/ptolemy/actor/lib/test/auto/SetVariable4.xml
----------------- Instantiating /home/travis/build/icyphy/ptII/ptolemy/actor/lib/test/auto/SetVariable4.xml
16 ms. Memory: 1334784K Free: 550087K (41%)
----------------- Invoking toplevel() on ptolemy.moml.MoMLSimpleApplication@295d17ce
----------------- Done invoking toplevel() on ptolemy.moml.MoMLSimpleApplication@295d17ce
reloadAllAccessors: .SetVariable4

===========================================================================================
----------------- testing Tue Jan 29 18:52:08 UTC 2019 /home/travis/build/icyphy/ptII/ptolemy/actor/lib/test/auto/SetVariable5.xml
----------------- Instantiating /home/travis/build/icyphy/ptII/ptolemy/actor/lib/test/auto/SetVariable5.xml
13 ms. Memory: 1334784K Free: 528793K (40%)
----------------- Invoking toplevel() on ptolemy.moml.MoMLSimpleApplication@2fb1afd0
----------------- Done invoking toplevel() on ptolemy.moml.MoMLSimpleApplication@2fb1afd0
reloadAllAccessors: .SetVariable5

===========================================================================================
----------------- testing Tue Jan 29 18:52:08 UTC 2019 /home/travis/build/icyphy/ptII/ptolemy/actor/lib/test/auto/Sinewave.xml
----------------- Instantiating /home/travis/build/icyphy/ptII/ptolemy/actor/lib/test/auto/Sinewave.xml
5 ms. Memory: 1334784K Free: 504191K (38%)
----------------- Invoking toplevel() on ptolemy.moml.MoMLSimpleApplication@2d99da9d
----------------- Done invoking toplevel() on ptolemy.moml.MoMLSimpleApplication@2d99da9d
reloadAllAccessors: .Sinewave

===========================================================================================
----------------- testing Tue Jan 29 18:52:08 UTC 2019 /home/travis/build/icyphy/ptII/ptolemy/actor/lib/test/auto/Sinewave2.xml
----------------- Instantiating /home/travis/build/icyphy/ptII/ptolemy/actor/lib/test/auto/Sinewave2.xml
6 ms. Memory: 1334784K Free: 482897K (36%)
----------------- Invoking toplevel() on ptolemy.moml.MoMLSimpleApplication@240e75b
----------------- Done invoking toplevel() on ptolemy.moml.MoMLSimpleApplication@240e75b
reloadAllAccessors: .Sinewave2

===========================================================================================
----------------- testing Tue Jan 29 18:52:08 UTC 2019 /home/travis/build/icyphy/ptII/ptolemy/actor/lib/test/auto/Sinewave3.xml
----------------- Instantiating /home/travis/build/icyphy/ptII/ptolemy/actor/lib/test/auto/Sinewave3.xml
9 ms. Memory: 1334784K Free: 466506K (35%)
----------------- Invoking toplevel() on ptolemy.moml.MoMLSimpleApplication@711c7fe4
----------------- Done invoking toplevel() on ptolemy.moml.MoMLSimpleApplication@711c7fe4
reloadAllAccessors: .Sinewave3

===========================================================================================
----------------- testing Tue Jan 29 18:52:08 UTC 2019 /home/travis/build/icyphy/ptII/ptolemy/actor/lib/test/auto/SingleEvent.xml
----------------- Instantiating /home/travis/build/icyphy/ptII/ptolemy/actor/lib/test/auto/SingleEvent.xml
1 ms. Memory: 1334784K Free: 445212K (33%)
----------------- Invoking toplevel() on ptolemy.moml.MoMLSimpleApplication@6660e401
----------------- Done invoking toplevel() on ptolemy.moml.MoMLSimpleApplication@6660e401
reloadAllAccessors: .SingleEvent

===========================================================================================
----------------- testing Tue Jan 29 18:52:08 UTC 2019 /home/travis/build/icyphy/ptII/ptolemy/actor/lib/test/auto/Sleep.xml
----------------- Instantiating /home/travis/build/icyphy/ptII/ptolemy/actor/lib/test/auto/Sleep.xml
6003 ms. Memory: 1334784K Free: 428821K (32%)
----------------- Invoking toplevel() on ptolemy.moml.MoMLSimpleApplication@64ecd00
----------------- Done invoking toplevel() on ptolemy.moml.MoMLSimpleApplication@64ecd00
reloadAllAccessors: .Sleep

===========================================================================================
----------------- testing Tue Jan 29 18:52:14 UTC 2019 /home/travis/build/icyphy/ptII/ptolemy/actor/lib/test/auto/SleepMultipleFire.xml
----------------- Instantiating /home/travis/build/icyphy/ptII/ptolemy/actor/lib/test/auto/SleepMultipleFire.xml
1009 ms. Memory: 1334784K Free: 407527K (31%)
----------------- Invoking toplevel() on ptolemy.moml.MoMLSimpleApplication@21151864
----------------- Done invoking toplevel() on ptolemy.moml.MoMLSimpleApplication@21151864
reloadAllAccessors: .SleepMultipleFire

===========================================================================================
----------------- testing Tue Jan 29 18:52:15 UTC 2019 /home/travis/build/icyphy/ptII/ptolemy/actor/lib/test/auto/StopDE.xml
----------------- Instantiating /home/travis/build/icyphy/ptII/ptolemy/actor/lib/test/auto/StopDE.xml
3 ms. Memory: 1334784K Free: 391137K (29%)
----------------- Invoking toplevel() on ptolemy.moml.MoMLSimpleApplication@6af1f644
----------------- Done invoking toplevel() on ptolemy.moml.MoMLSimpleApplication@6af1f644
reloadAllAccessors: .StopDE

===========================================================================================
----------------- testing Tue Jan 29 18:52:15 UTC 2019 /home/travis/build/icyphy/ptII/ptolemy/actor/lib/test/auto/StopSDF.xml
----------------- Instantiating /home/travis/build/icyphy/ptII/ptolemy/actor/lib/test/auto/StopSDF.xml
3 ms. Memory: 1334784K Free: 369843K (28%)
----------------- Invoking toplevel() on ptolemy.moml.MoMLSimpleApplication@30d54b7d
----------------- Done invoking toplevel() on ptolemy.moml.MoMLSimpleApplication@30d54b7d
reloadAllAccessors: .StopSDF

===========================================================================================
----------------- testing Tue Jan 29 18:52:15 UTC 2019 /home/travis/build/icyphy/ptII/ptolemy/actor/lib/test/auto/StringConstant.xml
----------------- Instantiating /home/travis/build/icyphy/ptII/ptolemy/actor/lib/test/auto/StringConstant.xml
4 ms. Memory: 1334784K Free: 353452K (26%)
----------------- Invoking toplevel() on ptolemy.moml.MoMLSimpleApplication@87f312d
----------------- Done invoking toplevel() on ptolemy.moml.MoMLSimpleApplication@87f312d
reloadAllAccessors: .StringConstant

===========================================================================================
----------------- testing Tue Jan 29 18:52:15 UTC 2019 /home/travis/build/icyphy/ptII/ptolemy/actor/lib/test/auto/SubscriberPortInitialValues1.xml
----------------- Instantiating /home/travis/build/icyphy/ptII/ptolemy/actor/lib/test/auto/SubscriberPortInitialValues1.xml
9 ms. Memory: 1334784K Free: 332158K (25%)
----------------- Invoking toplevel() on ptolemy.moml.MoMLSimpleApplication@3bd02357
----------------- Done invoking toplevel() on ptolemy.moml.MoMLSimpleApplication@3bd02357
reloadAllAccessors: .SubscriberPortInitialValues1

===========================================================================================
----------------- testing Tue Jan 29 18:52:15 UTC 2019 /home/travis/build/icyphy/ptII/ptolemy/actor/lib/test/auto/SubscriberPortInitialValues13.xml
----------------- Instantiating /home/travis/build/icyphy/ptII/ptolemy/actor/lib/test/auto/SubscriberPortInitialValues13.xml
4 ms. Memory: 1334784K Free: 307556K (23%)
----------------- Invoking toplevel() on ptolemy.moml.MoMLSimpleApplication@4bf87c3e
----------------- Done invoking toplevel() on ptolemy.moml.MoMLSimpleApplication@4bf87c3e
reloadAllAccessors: .SubscriberPortInitialValues13

===========================================================================================
----------------- testing Tue Jan 29 18:52:15 UTC 2019 /home/travis/build/icyphy/ptII/ptolemy/actor/lib/test/auto/SubscriberPortInitialValues14.xml
----------------- Instantiating /home/travis/build/icyphy/ptII/ptolemy/actor/lib/test/auto/SubscriberPortInitialValues14.xml
4 ms. Memory: 1334784K Free: 286262K (21%)
----------------- Invoking toplevel() on ptolemy.moml.MoMLSimpleApplication@2dc14b4b
----------------- Done invoking toplevel() on ptolemy.moml.MoMLSimpleApplication@2dc14b4b
reloadAllAccessors: .SubscriberPortInitialValues14

===========================================================================================
----------------- testing Tue Jan 29 18:52:15 UTC 2019 /home/travis/build/icyphy/ptII/ptolemy/actor/lib/test/auto/SubscriberPortInitialValues2.xml
----------------- Instantiating /home/travis/build/icyphy/ptII/ptolemy/actor/lib/test/auto/SubscriberPortInitialValues2.xml
3 ms. Memory: 1334784K Free: 269871K (20%)
----------------- Invoking toplevel() on ptolemy.moml.MoMLSimpleApplication@48a794a0
----------------- Done invoking toplevel() on ptolemy.moml.MoMLSimpleApplication@48a794a0
reloadAllAccessors: .SubscriberPortInitialValues2

===========================================================================================
----------------- testing Tue Jan 29 18:52:15 UTC 2019 /home/travis/build/icyphy/ptII/ptolemy/actor/lib/test/auto/SubscriberPortInitialValues3.xml
----------------- Instantiating /home/travis/build/icyphy/ptII/ptolemy/actor/lib/test/auto/SubscriberPortInitialValues3.xml
4 ms. Memory: 1334784K Free: 248577K (19%)
----------------- Invoking toplevel() on ptolemy.moml.MoMLSimpleApplication@529a765a
----------------- Done invoking toplevel() on ptolemy.moml.MoMLSimpleApplication@529a765a
reloadAllAccessors: .SubscriberPortInitialValues3

===========================================================================================
----------------- testing Tue Jan 29 18:52:16 UTC 2019 /home/travis/build/icyphy/ptII/ptolemy/actor/lib/test/auto/SubscriptionAggregator.xml
----------------- Instantiating /home/travis/build/icyphy/ptII/ptolemy/actor/lib/test/auto/SubscriptionAggregator.xml
3 ms. Memory: 1334784K Free: 232186K (17%)
----------------- Invoking toplevel() on ptolemy.moml.MoMLSimpleApplication@10fd40cd
----------------- Done invoking toplevel() on ptolemy.moml.MoMLSimpleApplication@10fd40cd
reloadAllAccessors: .SubscriptionAggregator

===========================================================================================
----------------- testing Tue Jan 29 18:52:16 UTC 2019 /home/travis/build/icyphy/ptII/ptolemy/actor/lib/test/auto/SubscriptionAggregator2.xml
----------------- Instantiating /home/travis/build/icyphy/ptII/ptolemy/actor/lib/test/auto/SubscriptionAggregator2.xml
3 ms. Memory: 1334784K Free: 210893K (16%)
----------------- Invoking toplevel() on ptolemy.moml.MoMLSimpleApplication@6f25f3ba
----------------- Done invoking toplevel() on ptolemy.moml.MoMLSimpleApplication@6f25f3ba
reloadAllAccessors: .SubscriptionAggregator2

===========================================================================================
----------------- testing Tue Jan 29 18:52:16 UTC 2019 /home/travis/build/icyphy/ptII/ptolemy/actor/lib/test/auto/SubscriptionAggregator3.xml
----------------- Instantiating /home/travis/build/icyphy/ptII/ptolemy/actor/lib/test/auto/SubscriptionAggregator3.xml
3 ms. Memory: 1334784K Free: 194502K (15%)
----------------- Invoking toplevel() on ptolemy.moml.MoMLSimpleApplication@20fa6301
----------------- Done invoking toplevel() on ptolemy.moml.MoMLSimpleApplication@20fa6301
reloadAllAccessors: .SubscriptionAggregator3

===========================================================================================
----------------- testing Tue Jan 29 18:52:16 UTC 2019 /home/travis/build/icyphy/ptII/ptolemy/actor/lib/test/auto/SubscriptionAggregatorMultiply.xml
----------------- Instantiating /home/travis/build/icyphy/ptII/ptolemy/actor/lib/test/auto/SubscriptionAggregatorMultiply.xml
2 ms. Memory: 1334784K Free: 173208K (13%)
----------------- Invoking toplevel() on ptolemy.moml.MoMLSimpleApplication@4e8e618a
----------------- Done invoking toplevel() on ptolemy.moml.MoMLSimpleApplication@4e8e618a
reloadAllAccessors: .SubscriptionAggregatorMultiply

===========================================================================================
----------------- testing Tue Jan 29 18:52:16 UTC 2019 /home/travis/build/icyphy/ptII/ptolemy/actor/lib/test/auto/SubscriptionAggregatorPortMultiply1.xml
----------------- Instantiating /home/travis/build/icyphy/ptII/ptolemy/actor/lib/test/auto/SubscriptionAggregatorPortMultiply1.xml
4 ms. Memory: 1334784K Free: 156817K (12%)
----------------- Invoking toplevel() on ptolemy.moml.MoMLSimpleApplication@28c78891
----------------- Done invoking toplevel() on ptolemy.moml.MoMLSimpleApplication@28c78891
reloadAllAccessors: .SubscriptionAggregatorPortMultiply1

===========================================================================================
----------------- testing Tue Jan 29 18:52:16 UTC 2019 /home/travis/build/icyphy/ptII/ptolemy/actor/lib/test/auto/Switch.xml
----------------- Instantiating /home/travis/build/icyphy/ptII/ptolemy/actor/lib/test/auto/Switch.xml
5 ms. Memory: 1334784K Free: 86351K (6%)
----------------- Invoking toplevel() on ptolemy.moml.MoMLSimpleApplication@68a1510f
----------------- Done invoking toplevel() on ptolemy.moml.MoMLSimpleApplication@68a1510f
reloadAllAccessors: .Switch

===========================================================================================
----------------- testing Tue Jan 29 18:52:16 UTC 2019 /home/travis/build/icyphy/ptII/ptolemy/actor/lib/test/auto/Switch2.xml
----------------- Instantiating /home/travis/build/icyphy/ptII/ptolemy/actor/lib/test/auto/Switch2.xml
1 ms. Memory: 1334784K Free: 69960K (5%)
----------------- Invoking toplevel() on ptolemy.moml.MoMLSimpleApplication@666f6453
----------------- Done invoking toplevel() on ptolemy.moml.MoMLSimpleApplication@666f6453
reloadAllAccessors: .Switch2

===========================================================================================
----------------- testing Tue Jan 29 18:52:16 UTC 2019 /home/travis/build/icyphy/ptII/ptolemy/actor/lib/test/auto/SwitchDE.xml
----------------- Instantiating /home/travis/build/icyphy/ptII/ptolemy/actor/lib/test/auto/SwitchDE.xml
9 ms. Memory: 1344000K Free: 1292258K (96%)
----------------- Invoking toplevel() on ptolemy.moml.MoMLSimpleApplication@4f2d61a4
----------------- Done invoking toplevel() on ptolemy.moml.MoMLSimpleApplication@4f2d61a4
reloadAllAccessors: .SwitchDE

===========================================================================================
----------------- testing Tue Jan 29 18:52:16 UTC 2019 /home/travis/build/icyphy/ptII/ptolemy/actor/lib/test/auto/SynchronizerDE.xml
----------------- Instantiating /home/travis/build/icyphy/ptII/ptolemy/actor/lib/test/auto/SynchronizerDE.xml
9 ms. Memory: 1344000K Free: 1271823K (95%)
----------------- Invoking toplevel() on ptolemy.moml.MoMLSimpleApplication@6122f91
----------------- Done invoking toplevel() on ptolemy.moml.MoMLSimpleApplication@6122f91
reloadAllAccessors: .SynchronizerDE

===========================================================================================
----------------- testing Tue Jan 29 18:52:16 UTC 2019 /home/travis/build/icyphy/ptII/ptolemy/actor/lib/test/auto/Test.xml
----------------- Instantiating /home/travis/build/icyphy/ptII/ptolemy/actor/lib/test/auto/Test.xml
7 ms. Memory: 1344000K Free: 1251387K (93%)
----------------- Invoking toplevel() on ptolemy.moml.MoMLSimpleApplication@5b9e2fee
----------------- Done invoking toplevel() on ptolemy.moml.MoMLSimpleApplication@5b9e2fee
reloadAllAccessors: .Test

===========================================================================================
----------------- testing Tue Jan 29 18:52:16 UTC 2019 /home/travis/build/icyphy/ptII/ptolemy/actor/lib/test/auto/TestExceptionAttribute1.xml
----------------- Instantiating /home/travis/build/icyphy/ptII/ptolemy/actor/lib/test/auto/TestExceptionAttribute1.xml
1 ms. Memory: 1344000K Free: 1234996K (92%)
----------------- Invoking toplevel() on ptolemy.moml.MoMLSimpleApplication@64ba2070
----------------- Done invoking toplevel() on ptolemy.moml.MoMLSimpleApplication@64ba2070
reloadAllAccessors: .TestExceptionAttribute1

===========================================================================================
----------------- testing Tue Jan 29 18:52:16 UTC 2019 /home/travis/build/icyphy/ptII/ptolemy/actor/lib/test/auto/TestExceptionAttribute2.xml
----------------- Instantiating /home/travis/build/icyphy/ptII/ptolemy/actor/lib/test/auto/TestExceptionAttribute2.xml
1 ms. Memory: 1344000K Free: 1214560K (90%)
----------------- Invoking toplevel() on ptolemy.moml.MoMLSimpleApplication@678b9054
----------------- Done invoking toplevel() on ptolemy.moml.MoMLSimpleApplication@678b9054
reloadAllAccessors: .TestExceptionAttribute2

===========================================================================================
----------------- testing Tue Jan 29 18:52:16 UTC 2019 /home/travis/build/icyphy/ptII/ptolemy/actor/lib/test/auto/TestExceptionAttribute3.xml
----------------- Instantiating /home/travis/build/icyphy/ptII/ptolemy/actor/lib/test/auto/TestExceptionAttribute3.xml
.TestExceptionAttribute3.TestExceptionAttribute: initialize() was not invoked, but wrapup() was.  This is unusual, but not always a problem.  For example, exporting JNLP will do this.
1 ms. Memory: 1344000K Free: 1194124K (89%)
----------------- Invoking toplevel() on ptolemy.moml.MoMLSimpleApplication@16ccd3df
----------------- Done invoking toplevel() on ptolemy.moml.MoMLSimpleApplication@16ccd3df
reloadAllAccessors: .TestExceptionAttribute3

===========================================================================================
----------------- testing Tue Jan 29 18:52:16 UTC 2019 /home/travis/build/icyphy/ptII/ptolemy/actor/lib/test/auto/TestExceptionAttribute4.xml
----------------- Instantiating /home/travis/build/icyphy/ptII/ptolemy/actor/lib/test/auto/TestExceptionAttribute4.xml
.TestExceptionAttribute4.TestExceptionAttribute: initialize() was not invoked, but wrapup() was.  This is unusual, but not always a problem.  For example, exporting JNLP will do this.
.TestExceptionAttribute4.TestExceptionAttribute2: initialize() was not invoked, but wrapup() was.  This is unusual, but not always a problem.  For example, exporting JNLP will do this.
1 ms. Memory: 1344000K Free: 1177734K (88%)
----------------- Invoking toplevel() on ptolemy.moml.MoMLSimpleApplication@32f87438
----------------- Done invoking toplevel() on ptolemy.moml.MoMLSimpleApplication@32f87438
reloadAllAccessors: .TestExceptionAttribute4

===========================================================================================
----------------- testing Tue Jan 29 18:52:16 UTC 2019 /home/travis/build/icyphy/ptII/ptolemy/actor/lib/test/auto/TestExceptionHandler1.xml
----------------- Instantiating /home/travis/build/icyphy/ptII/ptolemy/actor/lib/test/auto/TestExceptionHandler1.xml
1 ms. Memory: 1344000K Free: 1157298K (86%)
----------------- Invoking toplevel() on ptolemy.moml.MoMLSimpleApplication@1e96cb4f
----------------- Done invoking toplevel() on ptolemy.moml.MoMLSimpleApplication@1e96cb4f
reloadAllAccessors: .TestExceptionHandler1

===========================================================================================
----------------- testing Tue Jan 29 18:52:16 UTC 2019 /home/travis/build/icyphy/ptII/ptolemy/actor/lib/test/auto/TestExceptionHandler2.xml
----------------- Instantiating /home/travis/build/icyphy/ptII/ptolemy/actor/lib/test/auto/TestExceptionHandler2.xml
1 ms. Memory: 1344000K Free: 1140907K (85%)
----------------- Invoking toplevel() on ptolemy.moml.MoMLSimpleApplication@4535bf25
----------------- Done invoking toplevel() on ptolemy.moml.MoMLSimpleApplication@4535bf25
reloadAllAccessors: .TestExceptionHandler2

===========================================================================================
----------------- testing Tue Jan 29 18:52:16 UTC 2019 /home/travis/build/icyphy/ptII/ptolemy/actor/lib/test/auto/TestExceptionHandler3.xml
----------------- Instantiating /home/travis/build/icyphy/ptII/ptolemy/actor/lib/test/auto/TestExceptionHandler3.xml
1 ms. Memory: 1344000K Free: 1120471K (83%)
----------------- Invoking toplevel() on ptolemy.moml.MoMLSimpleApplication@24bd24b6
----------------- Done invoking toplevel() on ptolemy.moml.MoMLSimpleApplication@24bd24b6
reloadAllAccessors: .TestExceptionHandler3

===========================================================================================
----------------- testing Tue Jan 29 18:52:16 UTC 2019 /home/travis/build/icyphy/ptII/ptolemy/actor/lib/test/auto/TestExceptionHandler4.xml
----------------- Instantiating /home/travis/build/icyphy/ptII/ptolemy/actor/lib/test/auto/TestExceptionHandler4.xml
1 ms. Memory: 1344000K Free: 1100035K (82%)
----------------- Invoking toplevel() on ptolemy.moml.MoMLSimpleApplication@6c312185
----------------- Done invoking toplevel() on ptolemy.moml.MoMLSimpleApplication@6c312185
reloadAllAccessors: .TestExceptionHandler4

===========================================================================================
----------------- testing Tue Jan 29 18:52:16 UTC 2019 /home/travis/build/icyphy/ptII/ptolemy/actor/lib/test/auto/TestRequireCorrectOrder.xml
----------------- Instantiating /home/travis/build/icyphy/ptII/ptolemy/actor/lib/test/auto/TestRequireCorrectOrder.xml
4 ms. Memory: 1344000K Free: 1083645K (81%)
----------------- Invoking toplevel() on ptolemy.moml.MoMLSimpleApplication@24df154e
----------------- Done invoking toplevel() on ptolemy.moml.MoMLSimpleApplication@24df154e
reloadAllAccessors: .TestRequireCorrectOrder

===========================================================================================
----------------- testing Tue Jan 29 18:52:16 UTC 2019 /home/travis/build/icyphy/ptII/ptolemy/actor/lib/test/auto/TestSimple.xml
----------------- Instantiating /home/travis/build/icyphy/ptII/ptolemy/actor/lib/test/auto/TestSimple.xml
2 ms. Memory: 1344000K Free: 1063209K (79%)
----------------- Invoking toplevel() on ptolemy.moml.MoMLSimpleApplication@7892d4a7
----------------- Done invoking toplevel() on ptolemy.moml.MoMLSimpleApplication@7892d4a7
reloadAllAccessors: .TestSimple

===========================================================================================
----------------- testing Tue Jan 29 18:52:16 UTC 2019 /home/travis/build/icyphy/ptII/ptolemy/actor/lib/test/auto/ThrowModelError.xml
----------------- Instantiating /home/travis/build/icyphy/ptII/ptolemy/actor/lib/test/auto/ThrowModelError.xml
1 ms. Memory: 1344000K Free: 1046818K (78%)
----------------- Invoking toplevel() on ptolemy.moml.MoMLSimpleApplication@364d6ad5
----------------- Done invoking toplevel() on ptolemy.moml.MoMLSimpleApplication@364d6ad5
reloadAllAccessors: .ThrowModelError

===========================================================================================
----------------- testing Tue Jan 29 18:52:16 UTC 2019 /home/travis/build/icyphy/ptII/ptolemy/actor/lib/test/auto/TimeDelayMicrosteps.xml
----------------- Instantiating /home/travis/build/icyphy/ptII/ptolemy/actor/lib/test/auto/TimeDelayMicrosteps.xml
3 ms. Memory: 1344000K Free: 1026382K (76%)
----------------- Invoking toplevel() on ptolemy.moml.MoMLSimpleApplication@118d2742
----------------- Done invoking toplevel() on ptolemy.moml.MoMLSimpleApplication@118d2742
reloadAllAccessors: .TimeDelayMicrosteps

===========================================================================================
----------------- testing Tue Jan 29 18:52:16 UTC 2019 /home/travis/build/icyphy/ptII/ptolemy/actor/lib/test/auto/TimeDelayMicrosteps2.xml
----------------- Instantiating /home/travis/build/icyphy/ptII/ptolemy/actor/lib/test/auto/TimeDelayMicrosteps2.xml
2 ms. Memory: 1344000K Free: 1005946K (75%)
----------------- Invoking toplevel() on ptolemy.moml.MoMLSimpleApplication@67b3972f
----------------- Done invoking toplevel() on ptolemy.moml.MoMLSimpleApplication@67b3972f
reloadAllAccessors: .TimeDelayMicrosteps2

===========================================================================================
----------------- testing Tue Jan 29 18:52:16 UTC 2019 /home/travis/build/icyphy/ptII/ptolemy/actor/lib/test/auto/TimeDelayMicrosteps3.xml
----------------- Instantiating /home/travis/build/icyphy/ptII/ptolemy/actor/lib/test/auto/TimeDelayMicrosteps3.xml
3 ms. Memory: 1344000K Free: 989555K (74%)
----------------- Invoking toplevel() on ptolemy.moml.MoMLSimpleApplication@76449b17
----------------- Done invoking toplevel() on ptolemy.moml.MoMLSimpleApplication@76449b17
reloadAllAccessors: .TimeDelayMicrosteps3

===========================================================================================
----------------- testing Tue Jan 29 18:52:16 UTC 2019 /home/travis/build/icyphy/ptII/ptolemy/actor/lib/test/auto/TimeDelayVariableMicrosteps.xml
----------------- Instantiating /home/travis/build/icyphy/ptII/ptolemy/actor/lib/test/auto/TimeDelayVariableMicrosteps.xml
3 ms. Memory: 1344000K Free: 969120K (72%)
----------------- Invoking toplevel() on ptolemy.moml.MoMLSimpleApplication@4a645b11
----------------- Done invoking toplevel() on ptolemy.moml.MoMLSimpleApplication@4a645b11
reloadAllAccessors: .TimeDelayVariableMicrosteps

===========================================================================================
----------------- testing Tue Jan 29 18:52:16 UTC 2019 /home/travis/build/icyphy/ptII/ptolemy/actor/lib/test/auto/TimeGap.xml
----------------- Instantiating /home/travis/build/icyphy/ptII/ptolemy/actor/lib/test/auto/TimeGap.xml
2 ms. Memory: 1344000K Free: 948676K (71%)
----------------- Invoking toplevel() on ptolemy.moml.MoMLSimpleApplication@3924f1a5
----------------- Done invoking toplevel() on ptolemy.moml.MoMLSimpleApplication@3924f1a5
reloadAllAccessors: .TimeGap

===========================================================================================
----------------- testing Tue Jan 29 18:52:16 UTC 2019 /home/travis/build/icyphy/ptII/ptolemy/actor/lib/test/auto/TimeGap2.xml
----------------- Instantiating /home/travis/build/icyphy/ptII/ptolemy/actor/lib/test/auto/TimeGap2.xml
2 ms. Memory: 1344000K Free: 932285K (69%)
----------------- Invoking toplevel() on ptolemy.moml.MoMLSimpleApplication@11e987c3
----------------- Done invoking toplevel() on ptolemy.moml.MoMLSimpleApplication@11e987c3
reloadAllAccessors: .TimeGap2

===========================================================================================
----------------- testing Tue Jan 29 18:52:16 UTC 2019 /home/travis/build/icyphy/ptII/ptolemy/actor/lib/test/auto/TimedSinewave.xml
----------------- Instantiating /home/travis/build/icyphy/ptII/ptolemy/actor/lib/test/auto/TimedSinewave.xml
23 ms. Memory: 1344000K Free: 903645K (67%)
----------------- Invoking toplevel() on ptolemy.moml.MoMLSimpleApplication@736eddb3
----------------- Done invoking toplevel() on ptolemy.moml.MoMLSimpleApplication@736eddb3
reloadAllAccessors: .TimedSinewave

===========================================================================================
----------------- testing Tue Jan 29 18:52:16 UTC 2019 /home/travis/build/icyphy/ptII/ptolemy/actor/lib/test/auto/TimedSinewavePhase.xml
----------------- Instantiating /home/travis/build/icyphy/ptII/ptolemy/actor/lib/test/auto/TimedSinewavePhase.xml
9 ms. Memory: 1344000K Free: 887255K (66%)
----------------- Invoking toplevel() on ptolemy.moml.MoMLSimpleApplication@37bbbd0a
----------------- Done invoking toplevel() on ptolemy.moml.MoMLSimpleApplication@37bbbd0a
reloadAllAccessors: .TimedSinewavePhase

===========================================================================================
----------------- testing Tue Jan 29 18:52:16 UTC 2019 /home/travis/build/icyphy/ptII/ptolemy/actor/lib/test/auto/Timer.xml
----------------- Instantiating /home/travis/build/icyphy/ptII/ptolemy/actor/lib/test/auto/Timer.xml
2 ms. Memory: 1344000K Free: 866819K (64%)
----------------- Invoking toplevel() on ptolemy.moml.MoMLSimpleApplication@35a0166b
----------------- Done invoking toplevel() on ptolemy.moml.MoMLSimpleApplication@35a0166b
reloadAllAccessors: .Timer

===========================================================================================
----------------- testing Tue Jan 29 18:52:16 UTC 2019 /home/travis/build/icyphy/ptII/ptolemy/actor/lib/test/auto/TriangularDistTestModel.xml
----------------- Instantiating /home/travis/build/icyphy/ptII/ptolemy/actor/lib/test/auto/TriangularDistTestModel.xml
2 ms. Memory: 1344000K Free: 846383K (63%)
----------------- Invoking toplevel() on ptolemy.moml.MoMLSimpleApplication@190ffb96
----------------- Done invoking toplevel() on ptolemy.moml.MoMLSimpleApplication@190ffb96
reloadAllAccessors: .TriangularDistTestModel

===========================================================================================
----------------- testing Tue Jan 29 18:52:16 UTC 2019 /home/travis/build/icyphy/ptII/ptolemy/actor/lib/test/auto/TrigFunction.xml
----------------- Instantiating /home/travis/build/icyphy/ptII/ptolemy/actor/lib/test/auto/TrigFunction.xml
2 ms. Memory: 1344000K Free: 829992K (62%)
----------------- Invoking toplevel() on ptolemy.moml.MoMLSimpleApplication@6e7125af
----------------- Done invoking toplevel() on ptolemy.moml.MoMLSimpleApplication@6e7125af
reloadAllAccessors: .TrigFunction

===========================================================================================
----------------- testing Tue Jan 29 18:52:16 UTC 2019 /home/travis/build/icyphy/ptII/ptolemy/actor/lib/test/auto/TrigFunctionDE.xml
----------------- Instantiating /home/travis/build/icyphy/ptII/ptolemy/actor/lib/test/auto/TrigFunctionDE.xml
1 ms. Memory: 1344000K Free: 809557K (60%)
----------------- Invoking toplevel() on ptolemy.moml.MoMLSimpleApplication@7ba59005
----------------- Done invoking toplevel() on ptolemy.moml.MoMLSimpleApplication@7ba59005
reloadAllAccessors: .TrigFunctionDE

===========================================================================================
----------------- testing Tue Jan 29 18:52:16 UTC 2019 /home/travis/build/icyphy/ptII/ptolemy/actor/lib/test/auto/TrigFunctionInverse.xml
----------------- Instantiating /home/travis/build/icyphy/ptII/ptolemy/actor/lib/test/auto/TrigFunctionInverse.xml
2 ms. Memory: 1344000K Free: 793166K (59%)
----------------- Invoking toplevel() on ptolemy.moml.MoMLSimpleApplication@3f76a321
----------------- Done invoking toplevel() on ptolemy.moml.MoMLSimpleApplication@3f76a321
reloadAllAccessors: .TrigFunctionInverse

===========================================================================================
----------------- testing Tue Jan 29 18:52:16 UTC 2019 /home/travis/build/icyphy/ptII/ptolemy/actor/lib/test/auto/TrigFunctionTan.xml
----------------- Instantiating /home/travis/build/icyphy/ptII/ptolemy/actor/lib/test/auto/TrigFunctionTan.xml
2 ms. Memory: 1344000K Free: 772730K (57%)
----------------- Invoking toplevel() on ptolemy.moml.MoMLSimpleApplication@d551ffe
----------------- Done invoking toplevel() on ptolemy.moml.MoMLSimpleApplication@d551ffe
reloadAllAccessors: .TrigFunctionTan

===========================================================================================
----------------- testing Tue Jan 29 18:52:16 UTC 2019 /home/travis/build/icyphy/ptII/ptolemy/actor/lib/test/auto/TriggeredClock.xml
----------------- Instantiating /home/travis/build/icyphy/ptII/ptolemy/actor/lib/test/auto/TriggeredClock.xml
2 ms. Memory: 1344000K Free: 752294K (56%)
----------------- Invoking toplevel() on ptolemy.moml.MoMLSimpleApplication@15c5f687
----------------- Done invoking toplevel() on ptolemy.moml.MoMLSimpleApplication@15c5f687
reloadAllAccessors: .TriggeredClock

===========================================================================================
----------------- testing Tue Jan 29 18:52:16 UTC 2019 /home/travis/build/icyphy/ptII/ptolemy/actor/lib/test/auto/URLDirectoryReader.xml
----------------- Instantiating /home/travis/build/icyphy/ptII/ptolemy/actor/lib/test/auto/URLDirectoryReader.xml
38 ms. Memory: 1344000K Free: 735904K (55%)
----------------- Invoking toplevel() on ptolemy.moml.MoMLSimpleApplication@438e3d0e
----------------- Done invoking toplevel() on ptolemy.moml.MoMLSimpleApplication@438e3d0e
reloadAllAccessors: .URLDirectoryReader

===========================================================================================
----------------- testing Tue Jan 29 18:52:16 UTC 2019 /home/travis/build/icyphy/ptII/ptolemy/actor/lib/test/auto/URLDirectoryReader3.xml
----------------- Instantiating /home/travis/build/icyphy/ptII/ptolemy/actor/lib/test/auto/URLDirectoryReader3.xml
1521 ms. Memory: 1344000K Free: 666287K (50%)
----------------- Invoking toplevel() on ptolemy.moml.MoMLSimpleApplication@5cd98795
----------------- Done invoking toplevel() on ptolemy.moml.MoMLSimpleApplication@5cd98795
reloadAllAccessors: .URLDirectoryReader3

===========================================================================================
----------------- testing Tue Jan 29 18:52:18 UTC 2019 /home/travis/build/icyphy/ptII/ptolemy/actor/lib/test/auto/UnaryMathFunction.xml
----------------- Instantiating /home/travis/build/icyphy/ptII/ptolemy/actor/lib/test/auto/UnaryMathFunction.xml
11 ms. Memory: 1344000K Free: 645851K (48%)
----------------- Invoking toplevel() on ptolemy.moml.MoMLSimpleApplication@4af617b2
----------------- Done invoking toplevel() on ptolemy.moml.MoMLSimpleApplication@4af617b2
reloadAllAccessors: .UnaryMathFunction

===========================================================================================
----------------- testing Tue Jan 29 18:52:18 UTC 2019 /home/travis/build/icyphy/ptII/ptolemy/actor/lib/test/auto/Uniform.xml
----------------- Instantiating /home/travis/build/icyphy/ptII/ptolemy/actor/lib/test/auto/Uniform.xml
6 ms. Memory: 1344000K Free: 629460K (47%)
----------------- Invoking toplevel() on ptolemy.moml.MoMLSimpleApplication@586e95b
----------------- Done invoking toplevel() on ptolemy.moml.MoMLSimpleApplication@586e95b
reloadAllAccessors: .Uniform

===========================================================================================
----------------- testing Tue Jan 29 18:52:18 UTC 2019 /home/travis/build/icyphy/ptII/ptolemy/actor/lib/test/auto/UnionDisassemblerTest.xml
----------------- Instantiating /home/travis/build/icyphy/ptII/ptolemy/actor/lib/test/auto/UnionDisassemblerTest.xml
15 ms. Memory: 1344000K Free: 609024K (45%)
----------------- Invoking toplevel() on ptolemy.moml.MoMLSimpleApplication@28b0c161
----------------- Done invoking toplevel() on ptolemy.moml.MoMLSimpleApplication@28b0c161
reloadAllAccessors: .UnionDisassemblerTest

===========================================================================================
----------------- testing Tue Jan 29 18:52:18 UTC 2019 /home/travis/build/icyphy/ptII/ptolemy/actor/lib/test/auto/UtilityFunctions.xml
----------------- Instantiating /home/travis/build/icyphy/ptII/ptolemy/actor/lib/test/auto/UtilityFunctions.xml
9 ms. Memory: 1344000K Free: 592633K (44%)
----------------- Invoking toplevel() on ptolemy.moml.MoMLSimpleApplication@22243a3b
----------------- Done invoking toplevel() on ptolemy.moml.MoMLSimpleApplication@22243a3b
reloadAllAccessors: .UtilityFunctions

===========================================================================================
----------------- testing Tue Jan 29 18:52:18 UTC 2019 /home/travis/build/icyphy/ptII/ptolemy/actor/lib/test/auto/VariableSleep.xml
----------------- Instantiating /home/travis/build/icyphy/ptII/ptolemy/actor/lib/test/auto/VariableSleep.xml
505 ms. Memory: 1344000K Free: 572198K (43%)
----------------- Invoking toplevel() on ptolemy.moml.MoMLSimpleApplication@214ee5fc
----------------- Done invoking toplevel() on ptolemy.moml.MoMLSimpleApplication@214ee5fc
reloadAllAccessors: .VariableSleep

===========================================================================================
----------------- testing Tue Jan 29 18:52:19 UTC 2019 /home/travis/build/icyphy/ptII/ptolemy/actor/lib/test/auto/VectorAssemblerDisassemblerCT.xml
----------------- Instantiating /home/travis/build/icyphy/ptII/ptolemy/actor/lib/test/auto/VectorAssemblerDisassemblerCT.xml
73 ms. Memory: 1344000K Free: 543567K (40%)
----------------- Invoking toplevel() on ptolemy.moml.MoMLSimpleApplication@2004739d
----------------- Done invoking toplevel() on ptolemy.moml.MoMLSimpleApplication@2004739d
reloadAllAccessors: .VectorAssemblerDisassemblerCT

===========================================================================================
----------------- testing Tue Jan 29 18:52:19 UTC 2019 /home/travis/build/icyphy/ptII/ptolemy/actor/lib/test/auto/VectorAssemblerDisassemblerDE.xml
----------------- Instantiating /home/travis/build/icyphy/ptII/ptolemy/actor/lib/test/auto/VectorAssemblerDisassemblerDE.xml
2 ms. Memory: 1344000K Free: 527176K (39%)
----------------- Invoking toplevel() on ptolemy.moml.MoMLSimpleApplication@3fdf43ee
----------------- Done invoking toplevel() on ptolemy.moml.MoMLSimpleApplication@3fdf43ee
reloadAllAccessors: .VectorAssemblerDisassemblerDE

===========================================================================================
----------------- testing Tue Jan 29 18:52:19 UTC 2019 /home/travis/build/icyphy/ptII/ptolemy/actor/lib/test/auto/VectorAssemblerDisassemblerSDF.xml
----------------- Instantiating /home/travis/build/icyphy/ptII/ptolemy/actor/lib/test/auto/VectorAssemblerDisassemblerSDF.xml
2 ms. Memory: 1344000K Free: 506740K (38%)
----------------- Invoking toplevel() on ptolemy.moml.MoMLSimpleApplication@11b5fe0f
----------------- Done invoking toplevel() on ptolemy.moml.MoMLSimpleApplication@11b5fe0f
reloadAllAccessors: .VectorAssemblerDisassemblerSDF

===========================================================================================
----------------- testing Tue Jan 29 18:52:19 UTC 2019 /home/travis/build/icyphy/ptII/ptolemy/actor/lib/test/auto/WallClockTime.xml
----------------- Instantiating /home/travis/build/icyphy/ptII/ptolemy/actor/lib/test/auto/WallClockTime.xml
1005 ms. Memory: 1344000K Free: 486304K (36%)
----------------- Invoking toplevel() on ptolemy.moml.MoMLSimpleApplication@1b30388c
----------------- Done invoking toplevel() on ptolemy.moml.MoMLSimpleApplication@1b30388c
reloadAllAccessors: .WallClockTime

===========================================================================================
----------------- testing Tue Jan 29 18:52:20 UTC 2019 /home/travis/build/icyphy/ptII/ptolemy/actor/lib/test/auto/WidthTestWithSubscriberPublisher.xml
----------------- Instantiating /home/travis/build/icyphy/ptII/ptolemy/actor/lib/test/auto/WidthTestWithSubscriberPublisher.xml
6 ms. Memory: 1344000K Free: 461702K (34%)
----------------- Invoking toplevel() on ptolemy.moml.MoMLSimpleApplication@77aea76c
----------------- Done invoking toplevel() on ptolemy.moml.MoMLSimpleApplication@77aea76c
reloadAllAccessors: .WidthTestWithSubscriberPublisher

===========================================================================================
----------------- testing Tue Jan 29 18:52:20 UTC 2019 /home/travis/build/icyphy/ptII/ptolemy/actor/lib/test/auto/WidthTestWithSubscriberPublisher2.xml
----------------- Instantiating /home/travis/build/icyphy/ptII/ptolemy/actor/lib/test/auto/WidthTestWithSubscriberPublisher2.xml
2 ms. Memory: 1344000K Free: 441266K (33%)
----------------- Invoking toplevel() on ptolemy.moml.MoMLSimpleApplication@62122597
----------------- Done invoking toplevel() on ptolemy.moml.MoMLSimpleApplication@62122597
reloadAllAccessors: .WidthTestWithSubscriberPublisher2

===========================================================================================
----------------- testing Tue Jan 29 18:52:20 UTC 2019 /home/travis/build/icyphy/ptII/ptolemy/actor/lib/test/auto/WidthTestWithSubscriberPublisher3.xml
----------------- Instantiating /home/travis/build/icyphy/ptII/ptolemy/actor/lib/test/auto/WidthTestWithSubscriberPublisher3.xml
3 ms. Memory: 1344000K Free: 424875K (32%)
----------------- Invoking toplevel() on ptolemy.moml.MoMLSimpleApplication@69b668ac
----------------- Done invoking toplevel() on ptolemy.moml.MoMLSimpleApplication@69b668ac
reloadAllAccessors: .WidthTestWithSubscriberPublisher3

===========================================================================================
----------------- testing Tue Jan 29 18:52:20 UTC 2019 /home/travis/build/icyphy/ptII/ptolemy/actor/lib/test/auto/Writer.xml
----------------- Instantiating /home/travis/build/icyphy/ptII/ptolemy/actor/lib/test/auto/Writer.xml
0
1
2
3
4
1 ms. Memory: 1344000K Free: 404439K (30%)
----------------- Invoking toplevel() on ptolemy.moml.MoMLSimpleApplication@45090bda
----------------- Done invoking toplevel() on ptolemy.moml.MoMLSimpleApplication@45090bda
reloadAllAccessors: .Writer

===========================================================================================
----------------- testing Tue Jan 29 18:52:20 UTC 2019 /home/travis/build/icyphy/ptII/ptolemy/actor/lib/test/auto/array.xml
----------------- Instantiating /home/travis/build/icyphy/ptII/ptolemy/actor/lib/test/auto/array.xml
1 ms. Memory: 1344000K Free: 384003K (29%)
----------------- Invoking toplevel() on ptolemy.moml.MoMLSimpleApplication@226ef505
----------------- Done invoking toplevel() on ptolemy.moml.MoMLSimpleApplication@226ef505
reloadAllAccessors: .array

===========================================================================================
----------------- testing Tue Jan 29 18:52:20 UTC 2019 /home/travis/build/icyphy/ptII/ptolemy/actor/lib/test/auto/array2.xml
----------------- Instantiating /home/travis/build/icyphy/ptII/ptolemy/actor/lib/test/auto/array2.xml
2 ms. Memory: 1344000K Free: 367612K (27%)
----------------- Invoking toplevel() on ptolemy.moml.MoMLSimpleApplication@19695b9b
----------------- Done invoking toplevel() on ptolemy.moml.MoMLSimpleApplication@19695b9b
reloadAllAccessors: .array2

===========================================================================================
----------------- testing Tue Jan 29 18:52:20 UTC 2019 /home/travis/build/icyphy/ptII/ptolemy/actor/lib/test/auto/arrayType.xml
----------------- Instantiating /home/travis/build/icyphy/ptII/ptolemy/actor/lib/test/auto/arrayType.xml
1 ms. Memory: 1344000K Free: 347176K (26%)
----------------- Invoking toplevel() on ptolemy.moml.MoMLSimpleApplication@f6ce21c
----------------- Done invoking toplevel() on ptolemy.moml.MoMLSimpleApplication@f6ce21c
reloadAllAccessors: .arrayType

===========================================================================================
----------------- testing Tue Jan 29 18:52:20 UTC 2019 /home/travis/build/icyphy/ptII/ptolemy/actor/lib/test/auto/arrayType10.xml
----------------- Instantiating /home/travis/build/icyphy/ptII/ptolemy/actor/lib/test/auto/arrayType10.xml
1 ms. Memory: 1344000K Free: 326741K (24%)
----------------- Invoking toplevel() on ptolemy.moml.MoMLSimpleApplication@6af4ddea
----------------- Done invoking toplevel() on ptolemy.moml.MoMLSimpleApplication@6af4ddea
reloadAllAccessors: .arrayType10

===========================================================================================
----------------- testing Tue Jan 29 18:52:20 UTC 2019 /home/travis/build/icyphy/ptII/ptolemy/actor/lib/test/auto/arrayType11.xml
----------------- Instantiating /home/travis/build/icyphy/ptII/ptolemy/actor/lib/test/auto/arrayType11.xml
1 ms. Memory: 1344000K Free: 310350K (23%)
----------------- Invoking toplevel() on ptolemy.moml.MoMLSimpleApplication@703e2e10
----------------- Done invoking toplevel() on ptolemy.moml.MoMLSimpleApplication@703e2e10
reloadAllAccessors: .arrayType11

===========================================================================================
----------------- testing Tue Jan 29 18:52:20 UTC 2019 /home/travis/build/icyphy/ptII/ptolemy/actor/lib/test/auto/arrayType12.xml
----------------- Instantiating /home/travis/build/icyphy/ptII/ptolemy/actor/lib/test/auto/arrayType12.xml
1 ms. Memory: 1344000K Free: 289914K (22%)
----------------- Invoking toplevel() on ptolemy.moml.MoMLSimpleApplication@2715d31e
----------------- Done invoking toplevel() on ptolemy.moml.MoMLSimpleApplication@2715d31e
reloadAllAccessors: .arrayType12

===========================================================================================
----------------- testing Tue Jan 29 18:52:20 UTC 2019 /home/travis/build/icyphy/ptII/ptolemy/actor/lib/test/auto/arrayType13.xml
----------------- Instantiating /home/travis/build/icyphy/ptII/ptolemy/actor/lib/test/auto/arrayType13.xml
1 ms. Memory: 1344000K Free: 273523K (20%)
----------------- Invoking toplevel() on ptolemy.moml.MoMLSimpleApplication@4cf8e13
----------------- Done invoking toplevel() on ptolemy.moml.MoMLSimpleApplication@4cf8e13
reloadAllAccessors: .arrayType13

===========================================================================================
----------------- testing Tue Jan 29 18:52:20 UTC 2019 /home/travis/build/icyphy/ptII/ptolemy/actor/lib/test/auto/arrayType14.xml
----------------- Instantiating /home/travis/build/icyphy/ptII/ptolemy/actor/lib/test/auto/arrayType14.xml
2 ms. Memory: 1344000K Free: 253087K (19%)
----------------- Invoking toplevel() on ptolemy.moml.MoMLSimpleApplication@1bc92bc6
----------------- Done invoking toplevel() on ptolemy.moml.MoMLSimpleApplication@1bc92bc6
reloadAllAccessors: .arrayType14

===========================================================================================
----------------- testing Tue Jan 29 18:52:20 UTC 2019 /home/travis/build/icyphy/ptII/ptolemy/actor/lib/test/auto/arrayType15.xml
----------------- Instantiating /home/travis/build/icyphy/ptII/ptolemy/actor/lib/test/auto/arrayType15.xml
1 ms. Memory: 1344000K Free: 232651K (17%)
----------------- Invoking toplevel() on ptolemy.moml.MoMLSimpleApplication@1d7f1f0c
----------------- Done invoking toplevel() on ptolemy.moml.MoMLSimpleApplication@1d7f1f0c
reloadAllAccessors: .arrayType15

===========================================================================================
----------------- testing Tue Jan 29 18:52:20 UTC 2019 /home/travis/build/icyphy/ptII/ptolemy/actor/lib/test/auto/arrayType16.xml
----------------- Instantiating /home/travis/build/icyphy/ptII/ptolemy/actor/lib/test/auto/arrayType16.xml
2 ms. Memory: 1344000K Free: 216260K (16%)
----------------- Invoking toplevel() on ptolemy.moml.MoMLSimpleApplication@3b9733b0
----------------- Done invoking toplevel() on ptolemy.moml.MoMLSimpleApplication@3b9733b0
reloadAllAccessors: .arrayType16

===========================================================================================
----------------- testing Tue Jan 29 18:52:20 UTC 2019 /home/travis/build/icyphy/ptII/ptolemy/actor/lib/test/auto/arrayType17.xml
----------------- Instantiating /home/travis/build/icyphy/ptII/ptolemy/actor/lib/test/auto/arrayType17.xml
1 ms. Memory: 1344000K Free: 195825K (15%)
----------------- Invoking toplevel() on ptolemy.moml.MoMLSimpleApplication@39ba316b
----------------- Done invoking toplevel() on ptolemy.moml.MoMLSimpleApplication@39ba316b
reloadAllAccessors: .arrayType17

===========================================================================================
----------------- testing Tue Jan 29 18:52:20 UTC 2019 /home/travis/build/icyphy/ptII/ptolemy/actor/lib/test/auto/arrayType18.xml
----------------- Instantiating /home/travis/build/icyphy/ptII/ptolemy/actor/lib/test/auto/arrayType18.xml
1 ms. Memory: 1344000K Free: 175389K (13%)
----------------- Invoking toplevel() on ptolemy.moml.MoMLSimpleApplication@59ba6150
----------------- Done invoking toplevel() on ptolemy.moml.MoMLSimpleApplication@59ba6150
reloadAllAccessors: .arrayType18

===========================================================================================
----------------- testing Tue Jan 29 18:52:20 UTC 2019 /home/travis/build/icyphy/ptII/ptolemy/actor/lib/test/auto/arrayType19.xml
----------------- Instantiating /home/travis/build/icyphy/ptII/ptolemy/actor/lib/test/auto/arrayType19.xml
1 ms. Memory: 1344000K Free: 158998K (12%)
----------------- Invoking toplevel() on ptolemy.moml.MoMLSimpleApplication@2788ad64
----------------- Done invoking toplevel() on ptolemy.moml.MoMLSimpleApplication@2788ad64
reloadAllAccessors: .arrayType19

===========================================================================================
----------------- testing Tue Jan 29 18:52:20 UTC 2019 /home/travis/build/icyphy/ptII/ptolemy/actor/lib/test/auto/arrayType2.xml
----------------- Instantiating /home/travis/build/icyphy/ptII/ptolemy/actor/lib/test/auto/arrayType2.xml
1 ms. Memory: 1344000K Free: 138562K (10%)
----------------- Invoking toplevel() on ptolemy.moml.MoMLSimpleApplication@570783b6
----------------- Done invoking toplevel() on ptolemy.moml.MoMLSimpleApplication@570783b6
reloadAllAccessors: .arrayType2

===========================================================================================
----------------- testing Tue Jan 29 18:52:20 UTC 2019 /home/travis/build/icyphy/ptII/ptolemy/actor/lib/test/auto/arrayType20.xml
----------------- Instantiating /home/travis/build/icyphy/ptII/ptolemy/actor/lib/test/auto/arrayType20.xml
2 ms. Memory: 1344000K Free: 122171K (9%)
----------------- Invoking toplevel() on ptolemy.moml.MoMLSimpleApplication@64d52899
----------------- Done invoking toplevel() on ptolemy.moml.MoMLSimpleApplication@64d52899
reloadAllAccessors: .arrayType20

===========================================================================================
----------------- testing Tue Jan 29 18:52:20 UTC 2019 /home/travis/build/icyphy/ptII/ptolemy/actor/lib/test/auto/arrayType21.xml
----------------- Instantiating /home/travis/build/icyphy/ptII/ptolemy/actor/lib/test/auto/arrayType21.xml
2 ms. Memory: 1344000K Free: 101735K (8%)
----------------- Invoking toplevel() on ptolemy.moml.MoMLSimpleApplication@515ef8c
----------------- Done invoking toplevel() on ptolemy.moml.MoMLSimpleApplication@515ef8c
reloadAllAccessors: .arrayType21

===========================================================================================
----------------- testing Tue Jan 29 18:52:20 UTC 2019 /home/travis/build/icyphy/ptII/ptolemy/actor/lib/test/auto/arrayType22.xml
----------------- Instantiating /home/travis/build/icyphy/ptII/ptolemy/actor/lib/test/auto/arrayType22.xml
1 ms. Memory: 1344000K Free: 81299K (6%)
----------------- Invoking toplevel() on ptolemy.moml.MoMLSimpleApplication@260b765e
----------------- Done invoking toplevel() on ptolemy.moml.MoMLSimpleApplication@260b765e
reloadAllAccessors: .arrayType22

===========================================================================================
----------------- testing Tue Jan 29 18:52:20 UTC 2019 /home/travis/build/icyphy/ptII/ptolemy/actor/lib/test/auto/arrayType23.xml
----------------- Instantiating /home/travis/build/icyphy/ptII/ptolemy/actor/lib/test/auto/arrayType23.xml
13 ms. Memory: 1391616K Free: 1337949K (96%)
----------------- Invoking toplevel() on ptolemy.moml.MoMLSimpleApplication@711a312
----------------- Done invoking toplevel() on ptolemy.moml.MoMLSimpleApplication@711a312
reloadAllAccessors: .arrayType23

===========================================================================================
----------------- testing Tue Jan 29 18:52:20 UTC 2019 /home/travis/build/icyphy/ptII/ptolemy/actor/lib/test/auto/arrayType24.xml
----------------- Instantiating /home/travis/build/icyphy/ptII/ptolemy/actor/lib/test/auto/arrayType24.xml
1 ms. Memory: 1391616K Free: 1316958K (95%)
----------------- Invoking toplevel() on ptolemy.moml.MoMLSimpleApplication@5d1fd35d
----------------- Done invoking toplevel() on ptolemy.moml.MoMLSimpleApplication@5d1fd35d
reloadAllAccessors: .arrayType24

===========================================================================================
----------------- testing Tue Jan 29 18:52:20 UTC 2019 /home/travis/build/icyphy/ptII/ptolemy/actor/lib/test/auto/arrayType25.xml
----------------- Instantiating /home/travis/build/icyphy/ptII/ptolemy/actor/lib/test/auto/arrayType25.xml
1 ms. Memory: 1391616K Free: 1300250K (93%)
----------------- Invoking toplevel() on ptolemy.moml.MoMLSimpleApplication@768b81f0
----------------- Done invoking toplevel() on ptolemy.moml.MoMLSimpleApplication@768b81f0
reloadAllAccessors: .arrayType25

===========================================================================================
----------------- testing Tue Jan 29 18:52:20 UTC 2019 /home/travis/build/icyphy/ptII/ptolemy/actor/lib/test/auto/arrayType26.xml
----------------- Instantiating /home/travis/build/icyphy/ptII/ptolemy/actor/lib/test/auto/arrayType26.xml
1 ms. Memory: 1391616K Free: 1287398K (93%)
----------------- Invoking toplevel() on ptolemy.moml.MoMLSimpleApplication@52a0f120
----------------- Done invoking toplevel() on ptolemy.moml.MoMLSimpleApplication@52a0f120
reloadAllAccessors: .arrayType26

===========================================================================================
----------------- testing Tue Jan 29 18:52:20 UTC 2019 /home/travis/build/icyphy/ptII/ptolemy/actor/lib/test/auto/arrayType27.xml
----------------- Instantiating /home/travis/build/icyphy/ptII/ptolemy/actor/lib/test/auto/arrayType27.xml
1 ms. Memory: 1391616K Free: 1270690K (91%)
----------------- Invoking toplevel() on ptolemy.moml.MoMLSimpleApplication@3da5ffc9
----------------- Done invoking toplevel() on ptolemy.moml.MoMLSimpleApplication@3da5ffc9
reloadAllAccessors: .arrayType27

===========================================================================================
----------------- testing Tue Jan 29 18:52:20 UTC 2019 /home/travis/build/icyphy/ptII/ptolemy/actor/lib/test/auto/arrayType28.xml
----------------- Instantiating /home/travis/build/icyphy/ptII/ptolemy/actor/lib/test/auto/arrayType28.xml
1 ms. Memory: 1391616K Free: 1253982K (90%)
----------------- Invoking toplevel() on ptolemy.moml.MoMLSimpleApplication@67c48a85
----------------- Done invoking toplevel() on ptolemy.moml.MoMLSimpleApplication@67c48a85
reloadAllAccessors: .arrayType28

===========================================================================================
----------------- testing Tue Jan 29 18:52:20 UTC 2019 /home/travis/build/icyphy/ptII/ptolemy/actor/lib/test/auto/arrayType3.xml
----------------- Instantiating /home/travis/build/icyphy/ptII/ptolemy/actor/lib/test/auto/arrayType3.xml
1 ms. Memory: 1391616K Free: 1241126K (89%)
----------------- Invoking toplevel() on ptolemy.moml.MoMLSimpleApplication@29ebce45
----------------- Done invoking toplevel() on ptolemy.moml.MoMLSimpleApplication@29ebce45
reloadAllAccessors: .arrayType3

===========================================================================================
----------------- testing Tue Jan 29 18:52:20 UTC 2019 /home/travis/build/icyphy/ptII/ptolemy/actor/lib/test/auto/arrayType4.xml
----------------- Instantiating /home/travis/build/icyphy/ptII/ptolemy/actor/lib/test/auto/arrayType4.xml
1 ms. Memory: 1391616K Free: 1224418K (88%)
----------------- Invoking toplevel() on ptolemy.moml.MoMLSimpleApplication@7e34cb83
----------------- Done invoking toplevel() on ptolemy.moml.MoMLSimpleApplication@7e34cb83
reloadAllAccessors: .arrayType4

===========================================================================================
----------------- testing Tue Jan 29 18:52:20 UTC 2019 /home/travis/build/icyphy/ptII/ptolemy/actor/lib/test/auto/arrayType5.xml
----------------- Instantiating /home/travis/build/icyphy/ptII/ptolemy/actor/lib/test/auto/arrayType5.xml
1 ms. Memory: 1391616K Free: 1207710K (87%)
----------------- Invoking toplevel() on ptolemy.moml.MoMLSimpleApplication@4bf2a917
----------------- Done invoking toplevel() on ptolemy.moml.MoMLSimpleApplication@4bf2a917
reloadAllAccessors: .arrayType5

===========================================================================================
----------------- testing Tue Jan 29 18:52:20 UTC 2019 /home/travis/build/icyphy/ptII/ptolemy/actor/lib/test/auto/arrayType6.xml
----------------- Instantiating /home/travis/build/icyphy/ptII/ptolemy/actor/lib/test/auto/arrayType6.xml
1 ms. Memory: 1391616K Free: 1194859K (86%)
----------------- Invoking toplevel() on ptolemy.moml.MoMLSimpleApplication@32385f32
----------------- Done invoking toplevel() on ptolemy.moml.MoMLSimpleApplication@32385f32
reloadAllAccessors: .arrayType6

===========================================================================================
----------------- testing Tue Jan 29 18:52:20 UTC 2019 /home/travis/build/icyphy/ptII/ptolemy/actor/lib/test/auto/arrayType7.xml
----------------- Instantiating /home/travis/build/icyphy/ptII/ptolemy/actor/lib/test/auto/arrayType7.xml
1 ms. Memory: 1391616K Free: 1178151K (85%)
----------------- Invoking toplevel() on ptolemy.moml.MoMLSimpleApplication@2c45e108
----------------- Done invoking toplevel() on ptolemy.moml.MoMLSimpleApplication@2c45e108
reloadAllAccessors: .arrayType7

===========================================================================================
----------------- testing Tue Jan 29 18:52:20 UTC 2019 /home/travis/build/icyphy/ptII/ptolemy/actor/lib/test/auto/arrayType8.xml
----------------- Instantiating /home/travis/build/icyphy/ptII/ptolemy/actor/lib/test/auto/arrayType8.xml
1 ms. Memory: 1391616K Free: 1161443K (83%)
----------------- Invoking toplevel() on ptolemy.moml.MoMLSimpleApplication@1d562e8c
----------------- Done invoking toplevel() on ptolemy.moml.MoMLSimpleApplication@1d562e8c
reloadAllAccessors: .arrayType8

===========================================================================================
----------------- testing Tue Jan 29 18:52:20 UTC 2019 /home/travis/build/icyphy/ptII/ptolemy/actor/lib/test/auto/arrayType9.xml
----------------- Instantiating /home/travis/build/icyphy/ptII/ptolemy/actor/lib/test/auto/arrayType9.xml
1 ms. Memory: 1391616K Free: 1148592K (83%)
----------------- Invoking toplevel() on ptolemy.moml.MoMLSimpleApplication@188b0de9
----------------- Done invoking toplevel() on ptolemy.moml.MoMLSimpleApplication@188b0de9
reloadAllAccessors: .arrayType9

===========================================================================================
----------------- testing Tue Jan 29 18:52:20 UTC 2019 /home/travis/build/icyphy/ptII/ptolemy/actor/lib/test/auto/cast.xml
----------------- Instantiating /home/travis/build/icyphy/ptII/ptolemy/actor/lib/test/auto/cast.xml
1 ms. Memory: 1391616K Free: 1131884K (81%)
----------------- Invoking toplevel() on ptolemy.moml.MoMLSimpleApplication@74a93b80
----------------- Done invoking toplevel() on ptolemy.moml.MoMLSimpleApplication@74a93b80
reloadAllAccessors: .cast

===========================================================================================
----------------- testing Tue Jan 29 18:52:20 UTC 2019 /home/travis/build/icyphy/ptII/ptolemy/actor/lib/test/auto/compositeMultiPort.xml
----------------- Instantiating /home/travis/build/icyphy/ptII/ptolemy/actor/lib/test/auto/compositeMultiPort.xml
3 ms. Memory: 1391616K Free: 1115176K (80%)
----------------- Invoking toplevel() on ptolemy.moml.MoMLSimpleApplication@614dec68
----------------- Done invoking toplevel() on ptolemy.moml.MoMLSimpleApplication@614dec68
reloadAllAccessors: .compositeMultiPort

===========================================================================================
----------------- testing Tue Jan 29 18:52:20 UTC 2019 /home/travis/build/icyphy/ptII/ptolemy/actor/lib/test/auto/expressionCastInference.xml
----------------- Instantiating /home/travis/build/icyphy/ptII/ptolemy/actor/lib/test/auto/expressionCastInference.xml
1 ms. Memory: 1391616K Free: 1102325K (79%)
----------------- Invoking toplevel() on ptolemy.moml.MoMLSimpleApplication@5a011b1f
----------------- Done invoking toplevel() on ptolemy.moml.MoMLSimpleApplication@5a011b1f
reloadAllAccessors: .expressionCastInference

===========================================================================================
----------------- testing Tue Jan 29 18:52:21 UTC 2019 /home/travis/build/icyphy/ptII/ptolemy/actor/lib/test/auto/expressionCastInference2.xml
----------------- Instantiating /home/travis/build/icyphy/ptII/ptolemy/actor/lib/test/auto/expressionCastInference2.xml
1 ms. Memory: 1391616K Free: 1085617K (78%)
----------------- Invoking toplevel() on ptolemy.moml.MoMLSimpleApplication@567a4a9f
----------------- Done invoking toplevel() on ptolemy.moml.MoMLSimpleApplication@567a4a9f
reloadAllAccessors: .expressionCastInference2

===========================================================================================
----------------- testing Tue Jan 29 18:52:21 UTC 2019 /home/travis/build/icyphy/ptII/ptolemy/actor/lib/test/auto/expressionInference.xml
----------------- Instantiating /home/travis/build/icyphy/ptII/ptolemy/actor/lib/test/auto/expressionInference.xml
1 ms. Memory: 1391616K Free: 1068909K (77%)
----------------- Invoking toplevel() on ptolemy.moml.MoMLSimpleApplication@1ebc2bbe
----------------- Done invoking toplevel() on ptolemy.moml.MoMLSimpleApplication@1ebc2bbe
reloadAllAccessors: .expressionInference

===========================================================================================
----------------- testing Tue Jan 29 18:52:21 UTC 2019 /home/travis/build/icyphy/ptII/ptolemy/actor/lib/test/auto/expression_bug.xml
----------------- Instantiating /home/travis/build/icyphy/ptII/ptolemy/actor/lib/test/auto/expression_bug.xml
1 ms. Memory: 1391616K Free: 1056058K (76%)
----------------- Invoking toplevel() on ptolemy.moml.MoMLSimpleApplication@53c826c3
----------------- Done invoking toplevel() on ptolemy.moml.MoMLSimpleApplication@53c826c3
reloadAllAccessors: .expression_bug

===========================================================================================
----------------- testing Tue Jan 29 18:52:21 UTC 2019 /home/travis/build/icyphy/ptII/ptolemy/actor/lib/test/auto/factorial.xml
----------------- Instantiating /home/travis/build/icyphy/ptII/ptolemy/actor/lib/test/auto/factorial.xml
35 ms. Memory: 1391616K Free: 1039350K (75%)
----------------- Invoking toplevel() on ptolemy.moml.MoMLSimpleApplication@69b2343
----------------- Done invoking toplevel() on ptolemy.moml.MoMLSimpleApplication@69b2343
reloadAllAccessors: .factorial

===========================================================================================
----------------- testing Tue Jan 29 18:52:21 UTC 2019 /home/travis/build/icyphy/ptII/ptolemy/actor/lib/test/auto/filterTest1.xml
----------------- Instantiating /home/travis/build/icyphy/ptII/ptolemy/actor/lib/test/auto/filterTest1.xml
2 ms. Memory: 1391616K Free: 1022642K (73%)
----------------- Invoking toplevel() on ptolemy.moml.MoMLSimpleApplication@5f2e4b31
----------------- Done invoking toplevel() on ptolemy.moml.MoMLSimpleApplication@5f2e4b31
reloadAllAccessors: .filterTest1

===========================================================================================
----------------- testing Tue Jan 29 18:52:21 UTC 2019 /home/travis/build/icyphy/ptII/ptolemy/actor/lib/test/auto/funcApplyInConst.xml
----------------- Instantiating /home/travis/build/icyphy/ptII/ptolemy/actor/lib/test/auto/funcApplyInConst.xml
1 ms. Memory: 1391616K Free: 1009790K (73%)
----------------- Invoking toplevel() on ptolemy.moml.MoMLSimpleApplication@3bbc6930
----------------- Done invoking toplevel() on ptolemy.moml.MoMLSimpleApplication@3bbc6930
reloadAllAccessors: .funcApplyInConst

===========================================================================================
----------------- testing Tue Jan 29 18:52:21 UTC 2019 /home/travis/build/icyphy/ptII/ptolemy/actor/lib/test/auto/funcApplyInExpr.xml
----------------- Instantiating /home/travis/build/icyphy/ptII/ptolemy/actor/lib/test/auto/funcApplyInExpr.xml
1 ms. Memory: 1391616K Free: 993083K (71%)
----------------- Invoking toplevel() on ptolemy.moml.MoMLSimpleApplication@2244edf
----------------- Done invoking toplevel() on ptolemy.moml.MoMLSimpleApplication@2244edf
reloadAllAccessors: .funcApplyInExpr

===========================================================================================
----------------- testing Tue Jan 29 18:52:21 UTC 2019 /home/travis/build/icyphy/ptII/ptolemy/actor/lib/test/auto/function.xml
----------------- Instantiating /home/travis/build/icyphy/ptII/ptolemy/actor/lib/test/auto/function.xml
1 ms. Memory: 1391616K Free: 976375K (70%)
----------------- Invoking toplevel() on ptolemy.moml.MoMLSimpleApplication@7e94c563
----------------- Done invoking toplevel() on ptolemy.moml.MoMLSimpleApplication@7e94c563
reloadAllAccessors: .function

===========================================================================================
----------------- testing Tue Jan 29 18:52:21 UTC 2019 /home/travis/build/icyphy/ptII/ptolemy/actor/lib/test/auto/function2.xml
----------------- Instantiating /home/travis/build/icyphy/ptII/ptolemy/actor/lib/test/auto/function2.xml
2 ms. Memory: 1391616K Free: 963523K (69%)
----------------- Invoking toplevel() on ptolemy.moml.MoMLSimpleApplication@4e1a00e1
----------------- Done invoking toplevel() on ptolemy.moml.MoMLSimpleApplication@4e1a00e1
reloadAllAccessors: .function2

===========================================================================================
----------------- testing Tue Jan 29 18:52:21 UTC 2019 /home/travis/build/icyphy/ptII/ptolemy/actor/lib/test/auto/function3.xml
----------------- Instantiating /home/travis/build/icyphy/ptII/ptolemy/actor/lib/test/auto/function3.xml
1 ms. Memory: 1391616K Free: 946815K (68%)
----------------- Invoking toplevel() on ptolemy.moml.MoMLSimpleApplication@3377ddbd
----------------- Done invoking toplevel() on ptolemy.moml.MoMLSimpleApplication@3377ddbd
reloadAllAccessors: .function3

===========================================================================================
----------------- testing Tue Jan 29 18:52:21 UTC 2019 /home/travis/build/icyphy/ptII/ptolemy/actor/lib/test/auto/functionClosureTest1.xml
----------------- Instantiating /home/travis/build/icyphy/ptII/ptolemy/actor/lib/test/auto/functionClosureTest1.xml
1 ms. Memory: 1391616K Free: 930108K (67%)
----------------- Invoking toplevel() on ptolemy.moml.MoMLSimpleApplication@6dfc4fea
----------------- Done invoking toplevel() on ptolemy.moml.MoMLSimpleApplication@6dfc4fea
reloadAllAccessors: .functionClosureTest1

===========================================================================================
----------------- testing Tue Jan 29 18:52:21 UTC 2019 /home/travis/build/icyphy/ptII/ptolemy/actor/lib/test/auto/functionClosureTest2.xml
----------------- Instantiating /home/travis/build/icyphy/ptII/ptolemy/actor/lib/test/auto/functionClosureTest2.xml
1 ms. Memory: 1391616K Free: 917256K (66%)
----------------- Invoking toplevel() on ptolemy.moml.MoMLSimpleApplication@692d4159
----------------- Done invoking toplevel() on ptolemy.moml.MoMLSimpleApplication@692d4159
reloadAllAccessors: .functionClosureTest2

===========================================================================================
----------------- testing Tue Jan 29 18:52:21 UTC 2019 /home/travis/build/icyphy/ptII/ptolemy/actor/lib/test/auto/functionClosureTest3.xml
----------------- Instantiating /home/travis/build/icyphy/ptII/ptolemy/actor/lib/test/auto/functionClosureTest3.xml
2 ms. Memory: 1391616K Free: 900548K (65%)
----------------- Invoking toplevel() on ptolemy.moml.MoMLSimpleApplication@55096c7e
----------------- Done invoking toplevel() on ptolemy.moml.MoMLSimpleApplication@55096c7e
reloadAllAccessors: .functionClosureTest3

===========================================================================================
----------------- testing Tue Jan 29 18:52:21 UTC 2019 /home/travis/build/icyphy/ptII/ptolemy/actor/lib/test/auto/functionClosureTest4.xml
----------------- Instantiating /home/travis/build/icyphy/ptII/ptolemy/actor/lib/test/auto/functionClosureTest4.xml
2 ms. Memory: 1391616K Free: 883840K (64%)
----------------- Invoking toplevel() on ptolemy.moml.MoMLSimpleApplication@1eec997c
----------------- Done invoking toplevel() on ptolemy.moml.MoMLSimpleApplication@1eec997c
reloadAllAccessors: .functionClosureTest4

===========================================================================================
----------------- testing Tue Jan 29 18:52:21 UTC 2019 /home/travis/build/icyphy/ptII/ptolemy/actor/lib/test/auto/functionClosureTest5.xml
----------------- Instantiating /home/travis/build/icyphy/ptII/ptolemy/actor/lib/test/auto/functionClosureTest5.xml
3 ms. Memory: 1391616K Free: 867132K (62%)
----------------- Invoking toplevel() on ptolemy.moml.MoMLSimpleApplication@76009ecb
----------------- Done invoking toplevel() on ptolemy.moml.MoMLSimpleApplication@76009ecb
reloadAllAccessors: .functionClosureTest5

===========================================================================================
----------------- testing Tue Jan 29 18:52:21 UTC 2019 /home/travis/build/icyphy/ptII/ptolemy/actor/lib/test/auto/functionClosureTest6.xml
----------------- Instantiating /home/travis/build/icyphy/ptII/ptolemy/actor/lib/test/auto/functionClosureTest6.xml
1 ms. Memory: 1391616K Free: 854281K (61%)
----------------- Invoking toplevel() on ptolemy.moml.MoMLSimpleApplication@f9a69d6
----------------- Done invoking toplevel() on ptolemy.moml.MoMLSimpleApplication@f9a69d6
reloadAllAccessors: .functionClosureTest6

===========================================================================================
----------------- testing Tue Jan 29 18:52:21 UTC 2019 /home/travis/build/icyphy/ptII/ptolemy/actor/lib/test/auto/functionsOnArcs.xml
----------------- Instantiating /home/travis/build/icyphy/ptII/ptolemy/actor/lib/test/auto/functionsOnArcs.xml
1 ms. Memory: 1391616K Free: 837573K (60%)
----------------- Invoking toplevel() on ptolemy.moml.MoMLSimpleApplication@2f0c11fd
----------------- Done invoking toplevel() on ptolemy.moml.MoMLSimpleApplication@2f0c11fd
reloadAllAccessors: .functionsOnArcs

===========================================================================================
----------------- testing Tue Jan 29 18:52:21 UTC 2019 /home/travis/build/icyphy/ptII/ptolemy/actor/lib/test/auto/functionsOnArcsHOF.xml
----------------- Instantiating /home/travis/build/icyphy/ptII/ptolemy/actor/lib/test/auto/functionsOnArcsHOF.xml
2 ms. Memory: 1391616K Free: 820865K (59%)
----------------- Invoking toplevel() on ptolemy.moml.MoMLSimpleApplication@4bc916fd
----------------- Done invoking toplevel() on ptolemy.moml.MoMLSimpleApplication@4bc916fd
reloadAllAccessors: .functionsOnArcsHOF

===========================================================================================
----------------- testing Tue Jan 29 18:52:21 UTC 2019 /home/travis/build/icyphy/ptII/ptolemy/actor/lib/test/auto/logic.xml
----------------- Instantiating /home/travis/build/icyphy/ptII/ptolemy/actor/lib/test/auto/logic.xml
2 ms. Memory: 1391616K Free: 808014K (58%)
----------------- Invoking toplevel() on ptolemy.moml.MoMLSimpleApplication@7a065841
----------------- Done invoking toplevel() on ptolemy.moml.MoMLSimpleApplication@7a065841
reloadAllAccessors: .logic

===========================================================================================
----------------- testing Tue Jan 29 18:52:21 UTC 2019 /home/travis/build/icyphy/ptII/ptolemy/actor/lib/test/auto/matrixType.xml
----------------- Instantiating /home/travis/build/icyphy/ptII/ptolemy/actor/lib/test/auto/matrixType.xml
2 ms. Memory: 1391616K Free: 791306K (57%)
----------------- Invoking toplevel() on ptolemy.moml.MoMLSimpleApplication@1b6a6c79
----------------- Done invoking toplevel() on ptolemy.moml.MoMLSimpleApplication@1b6a6c79
reloadAllAccessors: .matrixType

===========================================================================================
----------------- testing Tue Jan 29 18:52:21 UTC 2019 /home/travis/build/icyphy/ptII/ptolemy/actor/lib/test/auto/matrixType10.xml
----------------- Instantiating /home/travis/build/icyphy/ptII/ptolemy/actor/lib/test/auto/matrixType10.xml
2 ms. Memory: 1391616K Free: 774598K (56%)
----------------- Invoking toplevel() on ptolemy.moml.MoMLSimpleApplication@13ef8a3f
----------------- Done invoking toplevel() on ptolemy.moml.MoMLSimpleApplication@13ef8a3f
reloadAllAccessors: .matrixType10

===========================================================================================
----------------- testing Tue Jan 29 18:52:21 UTC 2019 /home/travis/build/icyphy/ptII/ptolemy/actor/lib/test/auto/matrixType11.xml
----------------- Instantiating /home/travis/build/icyphy/ptII/ptolemy/actor/lib/test/auto/matrixType11.xml
1 ms. Memory: 1391616K Free: 761747K (55%)
----------------- Invoking toplevel() on ptolemy.moml.MoMLSimpleApplication@22b5fa00
----------------- Done invoking toplevel() on ptolemy.moml.MoMLSimpleApplication@22b5fa00
reloadAllAccessors: .matrixType11

===========================================================================================
----------------- testing Tue Jan 29 18:52:21 UTC 2019 /home/travis/build/icyphy/ptII/ptolemy/actor/lib/test/auto/matrixType12.xml
----------------- Instantiating /home/travis/build/icyphy/ptII/ptolemy/actor/lib/test/auto/matrixType12.xml
1 ms. Memory: 1391616K Free: 745039K (54%)
----------------- Invoking toplevel() on ptolemy.moml.MoMLSimpleApplication@7e6e32d6
----------------- Done invoking toplevel() on ptolemy.moml.MoMLSimpleApplication@7e6e32d6
reloadAllAccessors: .matrixType12

===========================================================================================
----------------- testing Tue Jan 29 18:52:21 UTC 2019 /home/travis/build/icyphy/ptII/ptolemy/actor/lib/test/auto/matrixType13.xml
----------------- Instantiating /home/travis/build/icyphy/ptII/ptolemy/actor/lib/test/auto/matrixType13.xml
1 ms. Memory: 1391616K Free: 728331K (52%)
----------------- Invoking toplevel() on ptolemy.moml.MoMLSimpleApplication@431de58d
----------------- Done invoking toplevel() on ptolemy.moml.MoMLSimpleApplication@431de58d
reloadAllAccessors: .matrixType13

===========================================================================================
----------------- testing Tue Jan 29 18:52:21 UTC 2019 /home/travis/build/icyphy/ptII/ptolemy/actor/lib/test/auto/matrixType14.xml
----------------- Instantiating /home/travis/build/icyphy/ptII/ptolemy/actor/lib/test/auto/matrixType14.xml
1 ms. Memory: 1391616K Free: 715480K (51%)
----------------- Invoking toplevel() on ptolemy.moml.MoMLSimpleApplication@70348197
----------------- Done invoking toplevel() on ptolemy.moml.MoMLSimpleApplication@70348197
reloadAllAccessors: .matrixType14

===========================================================================================
----------------- testing Tue Jan 29 18:52:21 UTC 2019 /home/travis/build/icyphy/ptII/ptolemy/actor/lib/test/auto/matrixType2.xml
----------------- Instantiating /home/travis/build/icyphy/ptII/ptolemy/actor/lib/test/auto/matrixType2.xml
1 ms. Memory: 1391616K Free: 698772K (50%)
----------------- Invoking toplevel() on ptolemy.moml.MoMLSimpleApplication@2e22a6c4
----------------- Done invoking toplevel() on ptolemy.moml.MoMLSimpleApplication@2e22a6c4
reloadAllAccessors: .matrixType2

===========================================================================================
----------------- testing Tue Jan 29 18:52:21 UTC 2019 /home/travis/build/icyphy/ptII/ptolemy/actor/lib/test/auto/matrixType3.xml
----------------- Instantiating /home/travis/build/icyphy/ptII/ptolemy/actor/lib/test/auto/matrixType3.xml
1 ms. Memory: 1391616K Free: 682064K (49%)
----------------- Invoking toplevel() on ptolemy.moml.MoMLSimpleApplication@5df0002f
----------------- Done invoking toplevel() on ptolemy.moml.MoMLSimpleApplication@5df0002f
reloadAllAccessors: .matrixType3

===========================================================================================
----------------- testing Tue Jan 29 18:52:21 UTC 2019 /home/travis/build/icyphy/ptII/ptolemy/actor/lib/test/auto/matrixType4.xml
----------------- Instantiating /home/travis/build/icyphy/ptII/ptolemy/actor/lib/test/auto/matrixType4.xml
1 ms. Memory: 1391616K Free: 669213K (48%)
----------------- Invoking toplevel() on ptolemy.moml.MoMLSimpleApplication@56bec880
----------------- Done invoking toplevel() on ptolemy.moml.MoMLSimpleApplication@56bec880
reloadAllAccessors: .matrixType4

===========================================================================================
----------------- testing Tue Jan 29 18:52:21 UTC 2019 /home/travis/build/icyphy/ptII/ptolemy/actor/lib/test/auto/matrixType5.xml
----------------- Instantiating /home/travis/build/icyphy/ptII/ptolemy/actor/lib/test/auto/matrixType5.xml
1 ms. Memory: 1391616K Free: 652505K (47%)
----------------- Invoking toplevel() on ptolemy.moml.MoMLSimpleApplication@49653c3d
----------------- Done invoking toplevel() on ptolemy.moml.MoMLSimpleApplication@49653c3d
reloadAllAccessors: .matrixType5

===========================================================================================
----------------- testing Tue Jan 29 18:52:21 UTC 2019 /home/travis/build/icyphy/ptII/ptolemy/actor/lib/test/auto/matrixType6.xml
----------------- Instantiating /home/travis/build/icyphy/ptII/ptolemy/actor/lib/test/auto/matrixType6.xml
1 ms. Memory: 1391616K Free: 635797K (46%)
----------------- Invoking toplevel() on ptolemy.moml.MoMLSimpleApplication@6a955500
----------------- Done invoking toplevel() on ptolemy.moml.MoMLSimpleApplication@6a955500
reloadAllAccessors: .matrixType6

===========================================================================================
----------------- testing Tue Jan 29 18:52:21 UTC 2019 /home/travis/build/icyphy/ptII/ptolemy/actor/lib/test/auto/matrixType7.xml
----------------- Instantiating /home/travis/build/icyphy/ptII/ptolemy/actor/lib/test/auto/matrixType7.xml
2 ms. Memory: 1391616K Free: 622946K (45%)
----------------- Invoking toplevel() on ptolemy.moml.MoMLSimpleApplication@7ae0780d
----------------- Done invoking toplevel() on ptolemy.moml.MoMLSimpleApplication@7ae0780d
reloadAllAccessors: .matrixType7

===========================================================================================
----------------- testing Tue Jan 29 18:52:21 UTC 2019 /home/travis/build/icyphy/ptII/ptolemy/actor/lib/test/auto/matrixType8.xml
----------------- Instantiating /home/travis/build/icyphy/ptII/ptolemy/actor/lib/test/auto/matrixType8.xml
1 ms. Memory: 1391616K Free: 606238K (44%)
----------------- Invoking toplevel() on ptolemy.moml.MoMLSimpleApplication@768c7f59
----------------- Done invoking toplevel() on ptolemy.moml.MoMLSimpleApplication@768c7f59
reloadAllAccessors: .matrixType8

===========================================================================================
----------------- testing Tue Jan 29 18:52:21 UTC 2019 /home/travis/build/icyphy/ptII/ptolemy/actor/lib/test/auto/matrixType9.xml
----------------- Instantiating /home/travis/build/icyphy/ptII/ptolemy/actor/lib/test/auto/matrixType9.xml
1 ms. Memory: 1391616K Free: 589531K (42%)
----------------- Invoking toplevel() on ptolemy.moml.MoMLSimpleApplication@658f2507
----------------- Done invoking toplevel() on ptolemy.moml.MoMLSimpleApplication@658f2507
reloadAllAccessors: .matrixType9

===========================================================================================
----------------- testing Tue Jan 29 18:52:21 UTC 2019 /home/travis/build/icyphy/ptII/ptolemy/actor/lib/test/auto/paraFunctest.xml
----------------- Instantiating /home/travis/build/icyphy/ptII/ptolemy/actor/lib/test/auto/paraFunctest.xml
1 ms. Memory: 1391616K Free: 576679K (41%)
----------------- Invoking toplevel() on ptolemy.moml.MoMLSimpleApplication@6a9e94c4
----------------- Done invoking toplevel() on ptolemy.moml.MoMLSimpleApplication@6a9e94c4
reloadAllAccessors: .paraFunctest

===========================================================================================
----------------- testing Tue Jan 29 18:52:21 UTC 2019 /home/travis/build/icyphy/ptII/ptolemy/actor/lib/test/auto/paraFunctest2.xml
----------------- Instantiating /home/travis/build/icyphy/ptII/ptolemy/actor/lib/test/auto/paraFunctest2.xml
2 ms. Memory: 1391616K Free: 559971K (40%)
----------------- Invoking toplevel() on ptolemy.moml.MoMLSimpleApplication@98d8125
----------------- Done invoking toplevel() on ptolemy.moml.MoMLSimpleApplication@98d8125
reloadAllAccessors: .paraFunctest2

===========================================================================================
----------------- testing Tue Jan 29 18:52:21 UTC 2019 /home/travis/build/icyphy/ptII/ptolemy/actor/lib/test/auto/parameterPassing.xml
----------------- Instantiating /home/travis/build/icyphy/ptII/ptolemy/actor/lib/test/auto/parameterPassing.xml
1 ms. Memory: 1391616K Free: 543264K (39%)
----------------- Invoking toplevel() on ptolemy.moml.MoMLSimpleApplication@4887a76c
----------------- Done invoking toplevel() on ptolemy.moml.MoMLSimpleApplication@4887a76c
reloadAllAccessors: .parameterPassing

===========================================================================================
----------------- testing Tue Jan 29 18:52:21 UTC 2019 /home/travis/build/icyphy/ptII/ptolemy/actor/lib/test/auto/record.xml
----------------- Instantiating /home/travis/build/icyphy/ptII/ptolemy/actor/lib/test/auto/record.xml
2 ms. Memory: 1391616K Free: 530412K (38%)
----------------- Invoking toplevel() on ptolemy.moml.MoMLSimpleApplication@5d6907ab
----------------- Done invoking toplevel() on ptolemy.moml.MoMLSimpleApplication@5d6907ab
reloadAllAccessors: .record

===========================================================================================
----------------- testing Tue Jan 29 18:52:21 UTC 2019 /home/travis/build/icyphy/ptII/ptolemy/actor/lib/test/auto/sizedarray1.xml
----------------- Instantiating /home/travis/build/icyphy/ptII/ptolemy/actor/lib/test/auto/sizedarray1.xml
1 ms. Memory: 1391616K Free: 513704K (37%)
----------------- Invoking toplevel() on ptolemy.moml.MoMLSimpleApplication@24e827a2
----------------- Done invoking toplevel() on ptolemy.moml.MoMLSimpleApplication@24e827a2
reloadAllAccessors: .sizedarray1

===========================================================================================
----------------- testing Tue Jan 29 18:52:21 UTC 2019 /home/travis/build/icyphy/ptII/ptolemy/actor/lib/test/auto/sizedarray2.xml
----------------- Instantiating /home/travis/build/icyphy/ptII/ptolemy/actor/lib/test/auto/sizedarray2.xml
1 ms. Memory: 1391616K Free: 496996K (36%)
----------------- Invoking toplevel() on ptolemy.moml.MoMLSimpleApplication@5f3a008e
----------------- Done invoking toplevel() on ptolemy.moml.MoMLSimpleApplication@5f3a008e
reloadAllAccessors: .sizedarray2

===========================================================================================
----------------- testing Tue Jan 29 18:52:21 UTC 2019 /home/travis/build/icyphy/ptII/ptolemy/actor/lib/test/auto/twoPublishers.xml
----------------- Instantiating /home/travis/build/icyphy/ptII/ptolemy/actor/lib/test/auto/twoPublishers.xml
2 ms. Memory: 1391616K Free: 477704K (34%)
----------------- Invoking toplevel() on ptolemy.moml.MoMLSimpleApplication@498b7943
----------------- Done invoking toplevel() on ptolemy.moml.MoMLSimpleApplication@498b7943
reloadAllAccessors: .twoPublishers
AutoTests.java: About to close Vertx.
AutoTests.java: Vertx closed.
]]></system-out>
  <system-err><![CDATA[java.lang.RuntimeException: Execution failed
	at ptolemy.moml.MoMLSimpleApplication$UnloadThread.run(MoMLSimpleApplication.java:402)
Caused by: java.lang.RuntimeException: StringUtilities.exit() was called. Normally, we would exit here because Manager.exitAfterWrapup() was called.  However, because the ptolemy.ptII.exitAfterWrapup property is set, we throw this exception instead.
	at ptolemy.util.StringUtilities.exit(StringUtilities.java:363)
	at ptolemy.actor.Manager.wrapup(Manager.java:1531)
	at ptolemy.actor.Manager.execute(Manager.java:407)
	at ptolemy.actor.Manager.run(Manager.java:1263)
	at ptolemy.actor.Manager$PtolemyRunThread.run(Manager.java:1915)
Warning: '.top.test' is in training mode, set the trainingMode parameter to false before checking in
Warning: '.top.test' is in training mode, set the trainingMode parameter to false before checking in
Warning: '.top.test' is in training mode, set the trainingMode parameter to false before checking in
Warning: '.BooleanSwitch_RegressionTest_WrongTrainingValues.Test' is in training mode, set the trainingMode parameter to false before checking in
Warning: '.BooleanSwitch_RegressionTest_WrongTrainingValues.Test2' is in training mode, set the trainingMode parameter to false before checking in
Warning: '.BooleanSwitch_RegressionTest_WrongTrainingValues.Test2' The test produced 0 tokens.
Warning: '.top.testExceptionHandler' is in training mode, set the trainingMode parameter to false before checking in
java.lang.RuntimeException: Execution failed
	at ptolemy.moml.MoMLSimpleApplication$UnloadThread.run(MoMLSimpleApplication.java:402)
Caused by: ptolemy.kernel.util.IllegalActionException: PublisherPorts cannot be used at the top level, use a Publisher actor instead.
  in .PublisherPortToplevelSubscriber.PublisherPort
	at ptolemy.actor.PublisherPort.preinitialize(PublisherPort.java:403)
	at ptolemy.actor.CompositeActor.preinitialize(CompositeActor.java:1769)
	at ptolemy.actor.Manager.preinitializeAndResolveTypes(Manager.java:1040)
	at ptolemy.actor.Manager.initialize(Manager.java:710)
	at ptolemy.actor.Manager.execute(Manager.java:356)
	at ptolemy.actor.Manager.run(Manager.java:1263)
	at ptolemy.actor.Manager$PtolemyRunThread.run(Manager.java:1915)
java.lang.reflect.InvocationTargetException
	at sun.reflect.NativeConstructorAccessorImpl.newInstance0(Native Method)
	at sun.reflect.NativeConstructorAccessorImpl.newInstance(NativeConstructorAccessorImpl.java:62)
	at sun.reflect.DelegatingConstructorAccessorImpl.newInstance(DelegatingConstructorAccessorImpl.java:45)
	at java.lang.reflect.Constructor.newInstance(Constructor.java:423)
	at ptolemy.util.test.junit.AutoKnownFailedTests.RunModel(AutoKnownFailedTests.java:105)
	at sun.reflect.NativeMethodAccessorImpl.invoke0(Native Method)
	at sun.reflect.NativeMethodAccessorImpl.invoke(NativeMethodAccessorImpl.java:62)
	at sun.reflect.DelegatingMethodAccessorImpl.invoke(DelegatingMethodAccessorImpl.java:43)
	at java.lang.reflect.Method.invoke(Method.java:498)
	at org.junit.runners.model.FrameworkMethod$1.runReflectiveCall(FrameworkMethod.java:44)
	at org.junit.internal.runners.model.ReflectiveCallable.run(ReflectiveCallable.java:15)
	at org.junit.runners.model.FrameworkMethod.invokeExplosively(FrameworkMethod.java:41)
	at junitparams.internal.InvokeParameterisedMethod.evaluate(InvokeParameterisedMethod.java:102)
	at org.junit.internal.runners.statements.FailOnTimeout$1.run(FailOnTimeout.java:28)
Caused by: ptolemy.kernel.util.IllegalActionException: PublisherPorts cannot be used at the top level, use a Publisher actor instead.
  in .PublisherPortToplevelSubscriber.PublisherPort
	at ptolemy.actor.PublisherPort.preinitialize(PublisherPort.java:403)
	at ptolemy.actor.CompositeActor.preinitialize(CompositeActor.java:1769)
	at ptolemy.actor.Manager.preinitializeAndResolveTypes(Manager.java:1040)
	at ptolemy.actor.Manager.initialize(Manager.java:710)
	at ptolemy.actor.Manager.execute(Manager.java:356)
	at ptolemy.actor.Manager.run(Manager.java:1263)
	at ptolemy.actor.Manager$PtolemyRunThread.run(Manager.java:1915)
java.lang.RuntimeException: Execution failed
	at ptolemy.moml.MoMLSimpleApplication$UnloadThread.run(MoMLSimpleApplication.java:402)
Caused by: ptolemy.kernel.util.IllegalActionException: SubscriberPorts cannot be used at the top level, use a Subscriber actor instead.
  in .PublisherSubscriberPortToplevel.SubscriberPort
	at ptolemy.actor.SubscriberPort.preinitialize(SubscriberPort.java:328)
	at ptolemy.actor.CompositeActor.preinitialize(CompositeActor.java:1769)
	at ptolemy.actor.Manager.preinitializeAndResolveTypes(Manager.java:1040)
	at ptolemy.actor.Manager.initialize(Manager.java:710)
	at ptolemy.actor.Manager.execute(Manager.java:356)
	at ptolemy.actor.Manager.run(Manager.java:1263)
	at ptolemy.actor.Manager$PtolemyRunThread.run(Manager.java:1915)
java.lang.reflect.InvocationTargetException
	at sun.reflect.NativeConstructorAccessorImpl.newInstance0(Native Method)
	at sun.reflect.NativeConstructorAccessorImpl.newInstance(NativeConstructorAccessorImpl.java:62)
	at sun.reflect.DelegatingConstructorAccessorImpl.newInstance(DelegatingConstructorAccessorImpl.java:45)
	at java.lang.reflect.Constructor.newInstance(Constructor.java:423)
	at ptolemy.util.test.junit.AutoKnownFailedTests.RunModel(AutoKnownFailedTests.java:105)
	at sun.reflect.NativeMethodAccessorImpl.invoke0(Native Method)
	at sun.reflect.NativeMethodAccessorImpl.invoke(NativeMethodAccessorImpl.java:62)
	at sun.reflect.DelegatingMethodAccessorImpl.invoke(DelegatingMethodAccessorImpl.java:43)
	at java.lang.reflect.Method.invoke(Method.java:498)
	at org.junit.runners.model.FrameworkMethod$1.runReflectiveCall(FrameworkMethod.java:44)
	at org.junit.internal.runners.model.ReflectiveCallable.run(ReflectiveCallable.java:15)
	at org.junit.runners.model.FrameworkMethod.invokeExplosively(FrameworkMethod.java:41)
	at junitparams.internal.InvokeParameterisedMethod.evaluate(InvokeParameterisedMethod.java:102)
	at org.junit.internal.runners.statements.FailOnTimeout$1.run(FailOnTimeout.java:28)
Caused by: ptolemy.kernel.util.IllegalActionException: SubscriberPorts cannot be used at the top level, use a Subscriber actor instead.
  in .PublisherSubscriberPortToplevel.SubscriberPort
	at ptolemy.actor.SubscriberPort.preinitialize(SubscriberPort.java:328)
	at ptolemy.actor.CompositeActor.preinitialize(CompositeActor.java:1769)
	at ptolemy.actor.Manager.preinitializeAndResolveTypes(Manager.java:1040)
	at ptolemy.actor.Manager.initialize(Manager.java:710)
	at ptolemy.actor.Manager.execute(Manager.java:356)
	at ptolemy.actor.Manager.run(Manager.java:1263)
	at ptolemy.actor.Manager$PtolemyRunThread.run(Manager.java:1915)
java.lang.RuntimeException: Execution failed
	at ptolemy.moml.MoMLSimpleApplication$UnloadThread.run(MoMLSimpleApplication.java:402)
Caused by: ptolemy.kernel.util.IllegalActionException: SubscriptionAggregatorPorts cannot be used at the top level, use a SubscriptionAggregator actor instead.
  in .PublisherSubscriptionAggregatorPort.SubscriptionAggregatorPort
	at ptolemy.actor.SubscriptionAggregatorPort.preinitialize(SubscriptionAggregatorPort.java:353)
	at ptolemy.actor.CompositeActor.preinitialize(CompositeActor.java:1769)
	at ptolemy.actor.Manager.preinitializeAndResolveTypes(Manager.java:1040)
	at ptolemy.actor.Manager.initialize(Manager.java:710)
	at ptolemy.actor.Manager.execute(Manager.java:356)
	at ptolemy.actor.Manager.run(Manager.java:1263)
	at ptolemy.actor.Manager$PtolemyRunThread.run(Manager.java:1915)
java.lang.reflect.InvocationTargetException
	at sun.reflect.NativeConstructorAccessorImpl.newInstance0(Native Method)
	at sun.reflect.NativeConstructorAccessorImpl.newInstance(NativeConstructorAccessorImpl.java:62)
	at sun.reflect.DelegatingConstructorAccessorImpl.newInstance(DelegatingConstructorAccessorImpl.java:45)
	at java.lang.reflect.Constructor.newInstance(Constructor.java:423)
	at ptolemy.util.test.junit.AutoKnownFailedTests.RunModel(AutoKnownFailedTests.java:105)
	at sun.reflect.NativeMethodAccessorImpl.invoke0(Native Method)
	at sun.reflect.NativeMethodAccessorImpl.invoke(NativeMethodAccessorImpl.java:62)
	at sun.reflect.DelegatingMethodAccessorImpl.invoke(DelegatingMethodAccessorImpl.java:43)
	at java.lang.reflect.Method.invoke(Method.java:498)
	at org.junit.runners.model.FrameworkMethod$1.runReflectiveCall(FrameworkMethod.java:44)
	at org.junit.internal.runners.model.ReflectiveCallable.run(ReflectiveCallable.java:15)
	at org.junit.runners.model.FrameworkMethod.invokeExplosively(FrameworkMethod.java:41)
	at junitparams.internal.InvokeParameterisedMethod.evaluate(InvokeParameterisedMethod.java:102)
	at org.junit.internal.runners.statements.FailOnTimeout$1.run(FailOnTimeout.java:28)
Caused by: ptolemy.kernel.util.IllegalActionException: SubscriptionAggregatorPorts cannot be used at the top level, use a SubscriptionAggregator actor instead.
  in .PublisherSubscriptionAggregatorPort.SubscriptionAggregatorPort
	at ptolemy.actor.SubscriptionAggregatorPort.preinitialize(SubscriptionAggregatorPort.java:353)
	at ptolemy.actor.CompositeActor.preinitialize(CompositeActor.java:1769)
	at ptolemy.actor.Manager.preinitializeAndResolveTypes(Manager.java:1040)
	at ptolemy.actor.Manager.initialize(Manager.java:710)
	at ptolemy.actor.Manager.execute(Manager.java:356)
	at ptolemy.actor.Manager.run(Manager.java:1263)
	at ptolemy.actor.Manager$PtolemyRunThread.run(Manager.java:1915)
java.lang.RuntimeException: Execution failed
	at ptolemy.moml.MoMLSimpleApplication$UnloadThread.run(MoMLSimpleApplication.java:402)
Caused by: ptolemy.kernel.util.IllegalActionException: TypeTest actor has no training data.
  in .sizedarray3.TypeTest
	at ptolemy.actor.lib.TypeTest.initialize(TypeTest.java:250)
	at ptolemy.actor.Director.initialize(Director.java:938)
	at ptolemy.actor.Director.initialize(Director.java:907)
	at ptolemy.actor.sched.StaticSchedulingDirector.initialize(StaticSchedulingDirector.java:159)
	at ptolemy.domains.sdf.kernel.SDFDirector.initialize(SDFDirector.java:544)
	at ptolemy.actor.CompositeActor.initialize(CompositeActor.java:935)
	at ptolemy.actor.Manager.initialize(Manager.java:724)
	at ptolemy.actor.Manager.execute(Manager.java:356)
	at ptolemy.actor.Manager.run(Manager.java:1263)
	at ptolemy.actor.Manager$PtolemyRunThread.run(Manager.java:1915)
java.lang.reflect.InvocationTargetException
	at sun.reflect.NativeConstructorAccessorImpl.newInstance0(Native Method)
	at sun.reflect.NativeConstructorAccessorImpl.newInstance(NativeConstructorAccessorImpl.java:62)
	at sun.reflect.DelegatingConstructorAccessorImpl.newInstance(DelegatingConstructorAccessorImpl.java:45)
	at java.lang.reflect.Constructor.newInstance(Constructor.java:423)
	at ptolemy.util.test.junit.AutoKnownFailedTests.RunModel(AutoKnownFailedTests.java:105)
	at sun.reflect.NativeMethodAccessorImpl.invoke0(Native Method)
	at sun.reflect.NativeMethodAccessorImpl.invoke(NativeMethodAccessorImpl.java:62)
	at sun.reflect.DelegatingMethodAccessorImpl.invoke(DelegatingMethodAccessorImpl.java:43)
	at java.lang.reflect.Method.invoke(Method.java:498)
	at org.junit.runners.model.FrameworkMethod$1.runReflectiveCall(FrameworkMethod.java:44)
	at org.junit.internal.runners.model.ReflectiveCallable.run(ReflectiveCallable.java:15)
	at org.junit.runners.model.FrameworkMethod.invokeExplosively(FrameworkMethod.java:41)
	at junitparams.internal.InvokeParameterisedMethod.evaluate(InvokeParameterisedMethod.java:102)
	at org.junit.internal.runners.statements.FailOnTimeout$1.run(FailOnTimeout.java:28)
Caused by: ptolemy.kernel.util.IllegalActionException: TypeTest actor has no training data.
  in .sizedarray3.TypeTest
	at ptolemy.actor.lib.TypeTest.initialize(TypeTest.java:250)
	at ptolemy.actor.Director.initialize(Director.java:938)
	at ptolemy.actor.Director.initialize(Director.java:907)
	at ptolemy.actor.sched.StaticSchedulingDirector.initialize(StaticSchedulingDirector.java:159)
	at ptolemy.domains.sdf.kernel.SDFDirector.initialize(SDFDirector.java:544)
	at ptolemy.actor.CompositeActor.initialize(CompositeActor.java:935)
	at ptolemy.actor.Manager.initialize(Manager.java:724)
	at ptolemy.actor.Manager.execute(Manager.java:356)
	at ptolemy.actor.Manager.run(Manager.java:1263)
	at ptolemy.actor.Manager$PtolemyRunThread.run(Manager.java:1915)
]]></system-err>
</testsuite>
