<?xml version="1.0" encoding="UTF-8" ?>
<testsuite errors="0" failures="1" hostname="travis-job-227a0b43-8fde-4ab7-b1fb-ebb72c4e09a1" name="ptolemy.vergil.basic.export.test.junit.ExportModelJUnitTestBatch1" skipped="0" tests="150" time="2332.972" timestamp="2019-01-25T03:31:01">
  <properties>
    <property name="npm.executable" value="npm" />
    <property name="file.encoding.pkg" value="sun.io" />
    <property name="env.TRAVIS_ROOT" value="/" />
    <property name="env.PT_TRAVIS_TEST_EXPORT1_XML" value="true" />
    <property name="ptII.mk.exists" value="true" />
    <property name="env.TRAVIS_APP_HOST" value="build.travis-ci.org" />
    <property name="env.rvm_bin_path" value="/home/travis/.rvm/bin" />
    <property name="java.home" value="/usr/lib/jvm/java-8-oracle/jre" />
    <property name="env.TRAVIS_JOB_NUMBER" value="966.13" />
    <property name="env.TRAVIS_HOME" value="/home/travis" />
    <property name="env.DISPLAY" value=":99.0" />
    <property name="java.net.preferIPv4Stack" value="true" />
    <property name="env.TRAVIS_INIT" value="upstart" />
    <property name="env.SSH_TTY" value="/dev/pts/0" />
    <property name="env.RUN_TESTS" value="false" />
    <property name="timeout.short" value="1000000" />
    <property name="env.TRAVIS_JOB_NAME" value="" />
    <property name="env.TRAVIS_STACK_NODE_ATTRIBUTES" value="/.node-attributes.yml" />
    <property name="junit.formatter" value="xml" />
    <property name="java.endorsed.dirs" value="/usr/lib/jvm/java-8-oracle/jre/lib/endorsed" />
    <property name="env.TRAVIS_SUDO" value="true" />
    <property name="env.LOGNAME" value="travis" />
    <property name="jsdoc.home" value="node_modules/@terraswarm/jsdoc" />
    <property name="debuglevel" value="source,lines,vars" />
    <property name="checkstyle.formatter" value="xml" />
    <property name="bin.vergil.makeable" value="true" />
    <property name="env._system_version" value="14.04" />
    <property name="sun.os.patch.level" value="unknown" />
    <property name="java.vendor.url" value="http://java.oracle.com/" />
    <property name="env.TRAVIS_BUILD_WEB_URL" value="https://travis-ci.org/icyphy/ptII/builds/484187719" />
    <property name="java.version" value="1.8.0_151" />
    <property name="env.TZ" value="UTC" />
    <property name="env.PT_NO_NET" value="true" />
    <property name="env.TRAVIS_PULL_REQUEST_SHA" value="" />
    <property name="env.TRAVIS_SECURE_ENV_VARS" value="true" />
    <property name="env._system_type" value="Linux" />
    <property name="java.vendor.url.bug" value="http://bugreport.sun.com/bugreport/" />
    <property name="env.SSH_CLIENT" value="10.10.4.64 43678 22" />
    <property name="npmjs-org-is-up" value="true" />
    <property name="env.GEM_HOME" value="/home/travis/.rvm/gems/ruby-2.4.1" />
    <property name="env.HAS_ANTARES_THREE_LITTLE_FRONZIES_BADGE" value="true" />
    <property name="env.PS4" value="+" />
    <property name="ant.project.invoked-targets" value="build,test.export1.xml" />
    <property name="env.TRAVIS_PULL_REQUEST_BRANCH" value="" />
    <property name="env.TRAVIS_REPO_SLUG" value="icyphy/ptII" />
    <property name="env.TRAVIS_APT_PROXY" value="http://build-cache.travisci.net" />
    <property name="node.in.path" value="true" />
    <property name="java.maxmemory" value="1400m" />
    <property name="env.RUBY_VERSION" value="ruby-2.4.1" />
    <property name="user.name" value="travis" />
    <property name="env.LANG" value="en_US.UTF-8" />
    <property name="sun.io.unicode.encoding" value="UnicodeLittle" />
    <property name="sun.jnu.encoding" value="UTF-8" />
    <property name="java.runtime.name" value="Java(TM) SE Runtime Environment" />
    <property name="usefile" value="false" />
    <property name="return.code" value="0" />
    <property name="junit.single.formatter" value="plain" />
    <property name="env.DYLD_LIBRARY_PATH" value="/home/travis/pthla/certi-tools/lib:" />
    <property name="env.DEBIAN_FRONTEND" value="noninteractive" />
    <property name="env.SSH_CONNECTION" value="10.10.4.64 43678 10.20.0.107 22" />
    <property name="env.MYSQL_UNIX_PORT" value="/var/run/mysqld/mysqld.sock" />
    <property name="env.TRAVIS_ALLOW_FAILURE" value="false" />
    <property name="env.LC_ALL" value="en_US.UTF-8" />
    <property name="env.TRAVIS_JOB_WEB_URL" value="https://travis-ci.org/icyphy/ptII/jobs/484187732" />
    <property name="java.specification.name" value="Java Platform API Specification" />
    <property name="node.works" value="true" />
    <property name="user.timezone" value="" />
    <property name="path.separator" value=":" />
    <property name="env.TRAVIS_ENABLE_INFRA_DETECTION" value="true" />
    <property name="env.PYTHON_CFLAGS" value="-g -fstack-protector --param=ssp-buffer-size=4 -Wformat -Werror=format-security" />
    <property name="timeout.long" value="4000000" />
    <property name="env.CERTI_HOME" value="/home/travis/pthla/certi-tools" />
    <property name="file.encoding" value="UTF-8" />
    <property name="ant.file.ptII" value="/home/travis/build/icyphy/ptII/build.xml" />
    <property name="javadoc.packagenames" value="com.*,diva.*,lbnl.*,org.hlacerti.*,org.json.*,org.ptolemy.*,org.terraswarm.*,ptolemy.*,ptserver.*" />
    <property name="env.TRAVIS_PULL_REQUEST_SLUG" value="" />
    <property name="ant.project.default-target" value="build" />
    <property name="env.GIT_ASKPASS" value="echo" />
    <property name="env.HOME" value="/home/travis" />
    <property name="sun.java.command" value="org.apache.tools.ant.taskdefs.optional.junit.JUnitTestRunner ptolemy.vergil.basic.export.test.junit.ExportModelJUnitTestBatch1 skipNonTests=false filtertrace=true haltOnError=false haltOnFailure=false formatter=org.apache.tools.ant.taskdefs.optional.junit.OutErrSummaryJUnitResultFormatter showoutput=true outputtoformatters=true logfailedtests=true threadid=0 logtestlistenerevents=false formatter=org.apache.tools.ant.taskdefs.optional.junit.XMLJUnitResultFormatter,/home/travis/build/icyphy/ptII/reports/junit/TEST-ptolemy.vergil.basic.export.test.junit.ExportModelJUnitTestBatch1.xml crashfile=/home/travis/build/icyphy/ptII/junitvmwatcher4596948917500991495.properties propsfile=/home/travis/build/icyphy/ptII/junit856836018772956307.properties" />
    <property name="env.MANPATH" value="/home/travis/.nvm/versions/node/v7.10.1/share/man:/home/travis/.kiex/elixirs/elixir-1.4.5/man:/home/travis/.rvm/rubies/ruby-2.4.1/share/man:/usr/local/man:/usr/local/cmake-3.9.2/man:/usr/local/clang-5.0.0/share/man:/usr/local/share/man:/usr/share/man:/home/travis/.rvm/man" />
    <property name="env.COMPOSER_NO_INTERACTION" value="1" />
    <property name="env.JDK_SWITCHER_DEFAULT" value="oraclejdk8" />
    <property name="env.TRAVIS_TIMER_ID" value="04e83be9" />
    <property name="ant.file" value="/home/travis/build/icyphy/ptII/build.xml" />
    <property name="env.TRAVIS_COMMIT_RANGE" value="77d3558075a24195cf41302cb9f0c89055d83212...46c5f71339fb63bd5d50b629a4687a6c063c1449" />
    <property name="env._system_name" value="Ubuntu" />
    <property name="timeout" value="2400000" />
    <property name="ptII.classpath.optional.property" value="/home/travis/build/icyphy/ptII/lib/bsh-2.0b4.jar:/home/travis/build/icyphy/ptII/lib/ptCal.jar:/home/travis/build/icyphy/ptII/lib/java_cup.jar:/home/travis/build/icyphy/ptII/lib/saxon8.jar:/home/travis/build/icyphy/ptII/lib/saxon8-dom.jar:/home/travis/build/icyphy/ptII/lib/chic.jar:/home/travis/build/icyphy/ptII/lib/ptcolt.jar:/usr/lib/jvm/java-8-oracle/lib/tools.jar:/usr/lib/eclipse/plugins/org.eclipse.jdt.core_3.8.2.dist.jar:/usr/lib/eclipse/plugins/org.eclipse.core.runtime_3.8.0.dist.jar:/usr/lib/eclipse/plugins/org.eclipse.osgi_3.8.1.dist.jar:/usr/lib/eclipse/plugins/org.eclipse.core.resources_3.8.1.dist.jar:/usr/lib/eclipse/plugins/org.eclipse.equinox.common_3.6.100.dist.jar:/usr/lib/eclipse/plugins/org.eclipse.core.jobs_3.5.200.dist.jar:/usr/lib/eclipse/plugins/org.eclipse.core.contenttype_3.4.200.dist.jar:/usr/lib/eclipse/plugins/org.eclipse.equinox.preferences_3.5.0.dist.jar:/usr/lib/eclipse/plugins/org.eclipse.text_3.5.200.dist.jar:/usr/lib/eclipse/plugins/org.eclipse.ui.workbench_3.8.1.dist.jar:/usr/lib/eclipse/plugins/org.eclipse.jface_3.8.0.dist.jar:/usr/lib/eclipse/plugins/org.eclipse.swt_3.8.2.jar:/usr/lib/eclipse/plugins/org.eclipse.jface.text_3.8.1.dist.jar:/usr/lib/eclipse/plugins/org.eclipse.ui.workbench.texteditor_3.8.0.dist.jar:/usr/lib/eclipse/plugins/org.eclipse.ui.editors_3.8.0.dist.jar:/usr/lib/eclipse/plugins/org.eclipse.core.commands_3.6.1.dist.jar:/usr/lib/eclipse/plugins/org.eclipse.equinox.registry_3.5.200.dist.jar:/usr/lib/eclipse/plugins/org.eclipse.ui.console_3.5.100.dist.jar:/usr/lib/eclipse/plugins/org.eclipse.ui.forms_3.5.200.dist.jar:/usr/lib/eclipse/plugins/org.eclipse.ui.ide_3.8.1.dist.jar:/home/travis/build/icyphy/ptII/vendors/oracle/dbxml.jar:/home/travis/build/icyphy/ptII/vendors/oracle/db.jar:/home/travis/build/icyphy/ptII/vendors/misc/itext/iText.jar:/home/travis/build/icyphy/ptII/lib/g4ltl.jar:/home/travis/build/icyphy/ptII/lib/StructuralCoder.jar:/home/travis/build/icyphy/ptII/lib/org-openide-util.jar:/home/travis/build/icyphy/ptII/lib/org-openide-util-lookup.jar:/home/travis/build/icyphy/ptII/lib/org-netbeans-api-visual.jar:/home/travis/build/icyphy/ptII/vendors/jai-1_1_2_01/lib/jai_core.jar:/home/travis/build/icyphy/ptII/vendors/jai-1_1_2_01/lib/jai_codec.jar:/home/travis/build/icyphy/ptII/lib/jcerti.jar:/home/travis/build/icyphy/ptII/lib/smack.jar:/home/travis/build/icyphy/ptII/lib/smackx.jar:/home/travis/build/icyphy/ptII/lib/jetty-all-8.1.5-v20120716.jar:/home/travis/build/icyphy/ptII/lib/javax.servlet-api-3.0.1.jar:/home/travis/build/icyphy/ptII/lib/javax.mail.jar:/home/travis/build/icyphy/ptII/vendors/JMF-2.1.1e/lib/jmf.jar:/home/travis/build/icyphy/ptII/lib/jna-4.0.0-variadic.jar:/home/travis/build/icyphy/ptII/vendors/misc/joystick/Joystick.jar:/home/travis/build/icyphy/ptII/lib/ptjacl.jar:/home/travis/build/icyphy/ptII/lib/jsoup-1.8.2.jar:/home/travis/build/icyphy/ptII/lib/junit-4.8.2.jar:/home/travis/build/icyphy/ptII/lib/JUnitParams-0.4.0.jar:/home/travis/build/icyphy/ptII/ptolemy/actor/lib/excel/jxl.jar:/home/travis/build/icyphy/ptII/lib/jython.jar:/home/travis/build/icyphy/ptII/lib/kieler.jar:/home/travis/build/icyphy/ptII/vendors/opencv/share/OpenCV/java/opencv-341.jar:/home/travis/build/icyphy/ptII/lib/oscP5.jar:/home/travis/build/icyphy/ptII/lib/nrjavaserial-3.11.0.devel.jar:/home/travis/build/icyphy/ptII/vendors/j3d/lib/j3dcore.jar:/home/travis/build/icyphy/ptII/vendors/j3d/lib/j3dutils.jar:/home/travis/build/icyphy/ptII/vendors/j3d/lib/vecmath.jar:/home/travis/build/icyphy/ptII/ptolemy/distributed/jini/jar/jini-core.jar:/home/travis/build/icyphy/ptII/ptolemy/distributed/jini/jar/jini-ext.jar:/home/travis/build/icyphy/ptII/ptolemy/distributed/jini/jar/sun-util.jar:/home/travis/build/icyphy/ptII/lib/protobuf-java-2.4.1.jar:/home/travis/build/icyphy/ptII/lib/org.eclipse.paho.client.mqttv3.jar:/home/travis/build/icyphy/ptII/ptserver/lib/hessian-4.0.7.jar:/home/travis/build/icyphy/ptII/ptserver/lib/wmqtt.jar:/home/travis/build/icyphy/ptII/lib/mapss.jar:/home/travis/build/icyphy/ptII/ptolemy/actor/ptalon/antlr/antlr.jar:/home/travis/build/icyphy/ptII/lib/JRI.jar:/home/travis/build/icyphy/ptII/lib/commons-lang-2.6.jar:/home/travis/build/icyphy/ptII/lib/commons-logging-1.1.1.jar:/home/travis/build/icyphy/ptII/lib/sootclasses.jar:/home/travis/build/icyphy/ptII/ptolemy/actor/lib/database/mysql-connector-java-5.1.6-bin.jar:/home/travis/build/icyphy/ptII/vendors/misc/sphinx4/sphinx4-data-5prealpha.jar:/home/travis/build/icyphy/ptII/vendors/misc/sphinx4/sphinx4-core-5prealpha.jar:/home/travis/build/icyphy/ptII/lib/PDFRenderer.jar:/home/travis/build/icyphy/ptII/lib/svgSalamander.jar:/home/travis/build/icyphy/ptII/lib/rsyntaxtextarea-2.6.0-SNAPSHOT.jar:/home/travis/build/icyphy/ptII/lib/hazelcast-3.8.2.jar:/home/travis/build/icyphy/ptII/lib/jackson-annotations-2.9.0.jar:/home/travis/build/icyphy/ptII/lib/jackson-core-2.9.3.jar:/home/travis/build/icyphy/ptII/lib/jackson-databind-2.9.3.jar:/home/travis/build/icyphy/ptII/lib/netty-buffer-4.1.19.Final.jar:/home/travis/build/icyphy/ptII/lib/netty-codec-4.1.19.Final.jar:/home/travis/build/icyphy/ptII/lib/netty-codec-dns-4.1.19.Final.jar:/home/travis/build/icyphy/ptII/lib/netty-codec-http-4.1.19.Final.jar:/home/travis/build/icyphy/ptII/lib/netty-codec-http2-4.1.19.Final.jar:/home/travis/build/icyphy/ptII/lib/netty-common-4.1.19.Final.jar:/home/travis/build/icyphy/ptII/lib/netty-handler-4.1.19.Final.jar:/home/travis/build/icyphy/ptII/lib/netty-resolver-4.1.19.Final.jar:/home/travis/build/icyphy/ptII/lib/netty-resolver-dns-4.1.19.Final.jar:/home/travis/build/icyphy/ptII/lib/netty-transport-4.1.19.Final.jar:/home/travis/build/icyphy/ptII/lib/vertx-codegen-3.5.1.jar:/home/travis/build/icyphy/ptII/lib/vertx-core-3.5.2-SNAPSHOT.jar:/home/travis/build/icyphy/ptII/lib/vertx-hazelcast-3.5.1.jar:/home/travis/build/icyphy/ptII/lib/vertx-lang-js-3.5.1.jar:/home/travis/build/icyphy/ptII/lib/vertx-service-proxy-3.5.1.jar:/home/travis/build/icyphy/ptII/lib/vertx-web-3.5.1.jar:/home/travis/build/icyphy/ptII/lib/slf4j-api-1.7.13.jar:/home/travis/build/icyphy/ptII/lib/slf4j-simple-1.7.13.jar:/home/travis/build/icyphy/ptII/lib/webcam-capture-0.3.12.jar:/home/travis/build/icyphy/ptII/lib/bridj-0.7.0.jar:/home/travis/build/icyphy/ptII/lib/xbjlib-1.1.0.nrjavaserial.jar" />
    <property name="test.batch" value="**/junit/*.java" />
    <property name="env._" value="/usr/bin/timeout" />
    <property name="java.io.tmpdir" value="/tmp" />
    <property name="env.TRAVIS_INTERNAL_RUBY_REGEX" value="^ruby-(2\.[0-4]\.[0-9]|1\.9\.3)" />
    <property name="user.language" value="en" />
    <property name="env.HISTCONTROL" value="ignoredups:ignorespace" />
    <property name="env.GOROOT" value="/home/travis/.gimme/versions/go1.7.4.linux.amd64" />
    <property name="line.separator" value="&#xa;" />
    <property name="target" value="1.8" />
    <property name="env.TRAVIS_BUILD_DIR" value="/home/travis/build/icyphy/ptII" />
    <property name="env.ANT_OPTS" value="-Xmx2048m" />
    <property name="ant.file.type" value="file" />
    <property name="ptolemy.ptII.batchMode" value="true" />
    <property name="env.HISTSIZE" value="1000" />
    <property name="env.MERB_ENV" value="test" />
    <property name="java.vm.info" value="mixed mode" />
    <property name="source" value="1.8" />
    <property name="java.vm.specification.name" value="Java Virtual Machine Specification" />
    <property name="env.TRAVIS_TEST_RESULT" value="0" />
    <property name="jsdoc.command" value="node_modules/@terraswarm/jsdoc/jsdoc.js" />
    <property name="npm.works" value="true" />
    <property name="cobertura.dir" value="/home/travis/build/icyphy/ptII/vendors/cobertura-2.0.3" />
    <property name="env.rvm_path" value="/home/travis/.rvm" />
    <property name="env.GEM_PATH" value="/home/travis/.rvm/gems/ruby-2.4.1:/home/travis/.rvm/gems/ruby-2.4.1@global" />
    <property name="env.LC_CTYPE" value="en_US.UTF-8" />
    <property name="java.awt.printerjob" value="sun.print.PSPrinterJob" />
    <property name="env.TRAVIS_CMD" value="$PTII/bin/ptIITravisBuild.sh $SECONDS" />
    <property name="env.TRAVIS_STACK_NAME" value="garnet" />
    <property name="env.TRAVIS_TIMER_START_TIME" value="1548386954500771508" />
    <property name="ant.version" value="Apache Ant(TM) version 1.10.1 compiled on February 2 2017" />
    <property name="ptII.reports" value="/home/travis/build/icyphy/ptII/reports" />
    <property name="env.TRAVIS_STACK_TIMESTAMP" value="2017-12-05 19:33:09 UTC" />
    <property name="ant.file.type.ptII" value="file" />
    <property name="env.RBENV_SHELL" value="bash" />
    <property name="os.name" value="Linux" />
    <property name="java.specification.vendor" value="Oracle Corporation" />
    <property name="env.rvm_version" value="1.29.3 (latest)" />
    <property name="env.TRAVIS_INFRA" value="gce" />
    <property name="env.TERM" value="xterm" />
    <property name="java.vm.name" value="Java HotSpot(TM) 64-Bit Server VM" />
    <property name="env.TRAVIS_BUILD_NUMBER" value="966" />
    <property name="env.CI" value="true" />
    <property name="java.library.path" value="/home/travis/pthla/certi-tools/lib:/usr/lib/jni:/usr/local/share/OpenCV/java/:/usr/share/OpenCV/java::/usr/java/packages/lib/amd64:/usr/lib64:/lib64:/lib:/usr/lib" />
    <property name="env.rvm_prefix" value="/home/travis" />
    <property name="env.PATH" value="/home/travis/pthla/certi-tools/share/scripts:/home/travis/.rvm/gems/ruby-2.4.1/bin:/home/travis/.rvm/gems/ruby-2.4.1@global/bin:/home/travis/.rvm/rubies/ruby-2.4.1/bin:/home/travis/.rvm/bin:/home/travis/.nvm/versions/node/v7.10.1/bin:./node_modules/.bin:/home/travis/build/icyphy/ptII/bin:/home/travis/pthla/certi-tools/bin:/home/travis/bin:/home/travis/.local/bin:/opt/pyenv/shims:/home/travis/.phpenv/shims:/home/travis/perl5/perlbrew/bin:/home/travis/.kiex/elixirs/elixir-1.4.5/bin:/home/travis/.kiex/bin:/home/travis/gopath/bin:/home/travis/.gimme/versions/go1.7.4.linux.amd64/bin:/usr/local/phantomjs/bin:/usr/local/phantomjs:/usr/local/neo4j-3.2.7/bin:/usr/local/maven-3.5.2/bin:/usr/local/cmake-3.9.2/bin:/usr/local/clang-5.0.0/bin:/usr/local/sbin:/usr/local/bin:/usr/sbin:/usr/bin:/sbin:/bin:/home/travis/.phpenv/bin:/opt/pyenv/bin:/home/travis/.yarn/bin" />
    <property name="env.TRAVIS_OS_NAME" value="linux" />
    <property name="ant.java.version" value="1.8" />
    <property name="basedir" value="/home/travis/build/icyphy/ptII" />
    <property name="java.class.version" value="52.0" />
    <property name="env.SHLVL" value="3" />
    <property name="env.LD_LIBRARY_PATH" value="/home/travis/pthla/certi-tools/lib:/usr/lib/jni:/usr/local/share/OpenCV/java/:/usr/share/OpenCV/java:" />
    <property name="env.RACK_ENV" value="test" />
    <property name="ant.home" value="/home/travis/build/icyphy/ptII/ant" />
    <property name="env.PERLBREW_BASHRC_VERSION" value="0.80" />
    <property name="env.NVM_DIR" value="/home/travis/.nvm" />
    <property name="env.TRAVIS_BUILD_ID" value="484187719" />
    <property name="env.CERTI_FOM_PATH" value="/home/travis/pthla/certi-tools/share/federations" />
    <property name="env.PYENV_ROOT" value="/opt/pyenv" />
    <property name="env.TRAVIS_UID" value="2000" />
    <property name="env.rvm_pretty_print_flag" value="auto" />
    <property name="env.NVM_BIN" value="/home/travis/.nvm/versions/node/v7.10.1/bin" />
    <property name="env.TRAVIS_COMMIT" value="46c5f71339fb63bd5d50b629a4687a6c063c1449" />
    <property name="env._system_arch" value="x86_64" />
    <property name="node.executable" value="node" />
    <property name="sun.boot.library.path" value="/usr/lib/jvm/java-8-oracle/jre/lib/amd64" />
    <property name="sun.management.compiler" value="HotSpot 64-Bit Tiered Compilers" />
    <property name="env.GOPATH" value="/home/travis/gopath" />
    <property name="java.awt.graphicsenv" value="sun.awt.X11GraphicsEnvironment" />
    <property name="ptolemy.ptII.dir" value="/home/travis/build/icyphy/ptII" />
    <property name="env.USER" value="travis" />
    <property name="env.HISTFILESIZE" value="2000" />
    <property name="timeout.longest" value="19000000" />
    <property name="env.TRAVIS_STACK_FEATURES" value="basic cassandra chromium couchdb disabled-ipv6 docker docker-compose elasticsearch firefox go-toolchain google-chrome jdk memcached mongodb mysql neo4j nodejs_interpreter perl_interpreter perlbrew phantomjs postgresql python_interpreter rabbitmq redis riak ruby_interpreter sqlite xserver" />
    <property name="env.TRAVIS_PULL_REQUEST" value="false" />
    <property name="env.PYENV_SHELL" value="bash" />
    <property name="ant.project.name" value="ptII" />
    <property name="java.vm.specification.version" value="1.8" />
    <property name="env.ANSI_RESET" value="\033[0m" />
    <property name="env.TRAVIS_DIST" value="trusty" />
    <property name="env.CERTI_VERSION" value="4.0.0" />
    <property name="env.NLSPATH" value="/usr/dt/lib/nls/msg/%L/%N.cat" />
    <property name="awt.toolkit" value="sun.awt.X11.XToolkit" />
    <property name="env.CERTI_HOST" value="localhost" />
    <property name="env.MY_RUBY_HOME" value="/home/travis/.rvm/rubies/ruby-2.4.1" />
    <property name="sun.cpu.isalist" value="" />
    <property name="env.TRAVIS_TMPDIR" value="/tmp/tmp.IS8WpvMa9z" />
    <property name="java.ext.dirs" value="/usr/lib/jvm/java-8-oracle/jre/lib/ext:/usr/java/packages/lib/ext" />
    <property name="os.version" value="4.4.0-101-generic" />
    <property name="user.home" value="/home/travis" />
    <property name="env.MIX_ARCHIVES" value="/home/travis/.kiex/mix/elixir-1.4.5" />
    <property name="java.vm.vendor" value="Oracle Corporation" />
    <property name="env.TRAVIS_TAG" value="nightly" />
    <property name="env.ANSI_YELLOW" value="\033[33;1m" />
    <property name="env.TRAVIS_FILTERED" value="redirect_io" />
    <property name="env.ANSI_GREEN" value="\033[32;1m" />
    <property name="env.JAVA_HOME" value="/usr/lib/jvm/java-8-oracle" />
    <property name="env.PTII" value="/home/travis/build/icyphy/ptII" />
    <property name="javadoc.excludepackagenames" value="adm.cvs2svn.*,build.*,config.*,doc.coding.templates.*,jni.test.jni.meaningOfLife.*,jni.test.jni.testDeux.*,jni.test.jni.testTrois.*,org.terraswarm.accessor.accessors.web.node_modules.*,org.terraswarm.accessor.accessors.web.hosts.cordova.demo.*,org.terraswarm.accessor.accessors.web.hosts.cordova.plugins.*,org.terraswarm.accessor.accessors-svn.*,pt-modules.*,ptolemy.apps.agilent.*,ptolemy.apps.anytimecontrol.*,ptolemy.apps.apes.*,ptolemy.apps.charon.*,ptolemy.apps.crazyboard.*,ptolemy.apps.eclipse.*,ptolemy.apps.etherealSting.*,ptolemy.apps.fullscreen.*,ptolemy.apps.giotto.*,ptolemy.apps.ia.*,ptolemy.apps.interfaces.*,ptolemy.apps.jmf.*,ptolemy.apps.kurt.*,ptolemy.apps.kvm.*,ptolemy.apps.lego.*,ptolemy.apps.lejos.*,ptolemy.apps.midp.*,ptolemy.apps.mobileCoding.*,ptolemy.apps.pendulum.*,ptolemy.apps.rijndael.*,ptolemy.apps.robot.*,ptolemy.apps.security.*,ptolemy.apps.sobel.*,ptolemy.apps.soot.*,ptolemy.apps.throttle.*,ptolemy.apps.tini.*,ptolemy.apps.transmission.*,ptolemy.apps.vergil.*,ptolemy.apps.waba.*,ptolemy.apps.websensor.*,ptolemy.apps.webstart.*,ptolemy.apps.xsl.*,ptolemy.apps.zaurus.*,ptolemy.backtrack.eclipse.plugin.*,ptolemy.backtrack.test.*,ptolemy.codegen.c.actor.lib.oldJavaFiles.*,ptolemy.codegen.dsp.lib.*,ptolemy.codegen.kernel.newInterfaces.*,ptolemy.codegen.lib.*,ptolemy.copernicus.kernel.fragment.*,ptolemy.copernicus.shallow.cg.*,ptolemy.domains.giotto.demo.Hierarchy.Hierarchy.*,ptolemy.domains.giotto.demo.Multimode.Multimode.*,ptolemy.domains.giotto.demo.Simple.Simple.*,ptolemy.domains.gr.lib.experimental.*,ptolemy.domains.gro.*,ptolemy.domains.pdf.*,ptolemy.domains.ptinyos.demo.Surge.output.*,ptolemy.moml.test.NoPackageActor.java*,ptolemy.plot.adm.*,ptolemy.plot.servlet.*,reports.*,signed.*,src.*,target.*,vendors.*,ptolemy.cg.adapter.generic.program.procedural.c.mbed*,ptolemy.actor.lib.fmi.fmus.omc*,ptolemy.domains.openmodelica*,ptdb.kernel.bl.save.test.*,ptdb.kernel.bl.load.test.*,ptdb.kernel.bl.search.test.*,ptdb.kernel.bl.migration.test.*,ptdb.kernel.database.test.*,ptdb.test.*,ptdb.gui.test.*,org.ptolemy.scala.*,diva.util.java2d.svg.*,ptolemy.domains.ptinyos.*,ptolemy.actor.lib.fmi.fmipp.*,,org.terraswarm.accessor.accessors.web.node_modules.*,org.terraswarm.accessor.accessors-svn,ptolemy.apps.*,ptolemy.actor.ptalon.demo.ptinyos.SendAndReceiveCnt.output,ptolemy.actor.ptalon.demo.ptinyos.SenseToLeds.output,ptolemy.domains.ptinyos.demo.CntToLedsAndRfm.output,ptolemy.domains.ptinyos.demo.RfmToLeds.output,ptolemy.domains.ptinyos.demo.SendAndReceiveCnt.output,ptolemy.domains.ptinyos.demo.SenseToLeds.output,ptolemy.actor.lib.jjs.modules.udpSocket.*" />
    <property name="env.TRAVIS_COMMIT_MESSAGE" value="Removed ptango, ptserver, openmodelica, and backtracking" />
    <property name="keystore" value="ptKeystore" />
    <property name="env.XDG_SESSION_ID" value="2" />
    <property name="junit.output.dir" value="/home/travis/build/icyphy/ptII/reports/junit" />
    <property name="npm.return.code" value="0" />
    <property name="user.dir" value="/home/travis/build/icyphy/ptII/ptolemy/vergil/basic/export/test" />
    <property name="env.TRAVIS_NODE_VERSION" value="7" />
    <property name="env.XFILESEARCHPATH" value="/usr/dt/app-defaults/%L/Dt" />
    <property name="env.TRAVIS_EVENT_TYPE" value="cron" />
    <property name="env.MAIL" value="/var/mail/travis" />
    <property name="env.PWD" value="/home/travis/build/icyphy/ptII" />
    <property name="env.PERLBREW_ROOT" value="/home/travis/perl5/perlbrew" />
    <property name="timeout.npm" value="45000" />
    <property name="env.TRAVIS_ARCH" value="amd64" />
    <property name="env.PAGER" value="cat" />
    <property name="sun.cpu.endian" value="little" />
    <property name="env.TRAVIS_BUILD_STAGE_NAME" value="Test" />
    <property name="env.PERLBREW_HOME" value="/home/travis/.perlbrew" />
    <property name="env.RAILS_ENV" value="test" />
    <property name="java.vm.version" value="25.151-b12" />
    <property name="java.class.path" value="/home/travis/build/icyphy/ptII:/home/travis/build/icyphy/ptII/lib/bsh-2.0b4.jar:/home/travis/build/icyphy/ptII/lib/ptCal.jar:/home/travis/build/icyphy/ptII/lib/java_cup.jar:/home/travis/build/icyphy/ptII/lib/saxon8.jar:/home/travis/build/icyphy/ptII/lib/saxon8-dom.jar:/home/travis/build/icyphy/ptII/lib/chic.jar:/home/travis/build/icyphy/ptII/lib/ptcolt.jar:/usr/lib/jvm/java-8-oracle/lib/tools.jar:/usr/lib/eclipse/plugins/org.eclipse.jdt.core_3.8.2.dist.jar:/usr/lib/eclipse/plugins/org.eclipse.core.runtime_3.8.0.dist.jar:/usr/lib/eclipse/plugins/org.eclipse.osgi_3.8.1.dist.jar:/usr/lib/eclipse/plugins/org.eclipse.core.resources_3.8.1.dist.jar:/usr/lib/eclipse/plugins/org.eclipse.equinox.common_3.6.100.dist.jar:/usr/lib/eclipse/plugins/org.eclipse.core.jobs_3.5.200.dist.jar:/usr/lib/eclipse/plugins/org.eclipse.core.contenttype_3.4.200.dist.jar:/usr/lib/eclipse/plugins/org.eclipse.equinox.preferences_3.5.0.dist.jar:/usr/lib/eclipse/plugins/org.eclipse.text_3.5.200.dist.jar:/usr/lib/eclipse/plugins/org.eclipse.ui.workbench_3.8.1.dist.jar:/usr/lib/eclipse/plugins/org.eclipse.jface_3.8.0.dist.jar:/usr/lib/eclipse/plugins/org.eclipse.swt_3.8.2.jar:/usr/lib/eclipse/plugins/org.eclipse.jface.text_3.8.1.dist.jar:/usr/lib/eclipse/plugins/org.eclipse.ui.workbench.texteditor_3.8.0.dist.jar:/usr/lib/eclipse/plugins/org.eclipse.ui.editors_3.8.0.dist.jar:/usr/lib/eclipse/plugins/org.eclipse.core.commands_3.6.1.dist.jar:/usr/lib/eclipse/plugins/org.eclipse.equinox.registry_3.5.200.dist.jar:/usr/lib/eclipse/plugins/org.eclipse.ui.console_3.5.100.dist.jar:/usr/lib/eclipse/plugins/org.eclipse.ui.forms_3.5.200.dist.jar:/usr/lib/eclipse/plugins/org.eclipse.ui.ide_3.8.1.dist.jar:/home/travis/build/icyphy/ptII/vendors/oracle/dbxml.jar:/home/travis/build/icyphy/ptII/vendors/oracle/db.jar:/home/travis/build/icyphy/ptII/vendors/misc/itext/iText.jar:/home/travis/build/icyphy/ptII/lib/g4ltl.jar:/home/travis/build/icyphy/ptII/lib/StructuralCoder.jar:/home/travis/build/icyphy/ptII/lib/org-openide-util.jar:/home/travis/build/icyphy/ptII/lib/org-openide-util-lookup.jar:/home/travis/build/icyphy/ptII/lib/org-netbeans-api-visual.jar:/home/travis/build/icyphy/ptII/vendors/jai-1_1_2_01/lib/jai_core.jar:/home/travis/build/icyphy/ptII/vendors/jai-1_1_2_01/lib/jai_codec.jar:/home/travis/build/icyphy/ptII/lib/jcerti.jar:/home/travis/build/icyphy/ptII/lib/smack.jar:/home/travis/build/icyphy/ptII/lib/smackx.jar:/home/travis/build/icyphy/ptII/lib/jetty-all-8.1.5-v20120716.jar:/home/travis/build/icyphy/ptII/lib/javax.servlet-api-3.0.1.jar:/home/travis/build/icyphy/ptII/lib/javax.mail.jar:/home/travis/build/icyphy/ptII/vendors/JMF-2.1.1e/lib/jmf.jar:/home/travis/build/icyphy/ptII/lib/jna-4.0.0-variadic.jar:/home/travis/build/icyphy/ptII/vendors/misc/joystick/Joystick.jar:/home/travis/build/icyphy/ptII/lib/ptjacl.jar:/home/travis/build/icyphy/ptII/lib/jsoup-1.8.2.jar:/home/travis/build/icyphy/ptII/lib/junit-4.8.2.jar:/home/travis/build/icyphy/ptII/lib/JUnitParams-0.4.0.jar:/home/travis/build/icyphy/ptII/ptolemy/actor/lib/excel/jxl.jar:/home/travis/build/icyphy/ptII/lib/jython.jar:/home/travis/build/icyphy/ptII/lib/kieler.jar:/home/travis/build/icyphy/ptII/vendors/opencv/share/OpenCV/java/opencv-341.jar:/home/travis/build/icyphy/ptII/lib/oscP5.jar:/home/travis/build/icyphy/ptII/lib/nrjavaserial-3.11.0.devel.jar:/home/travis/build/icyphy/ptII/vendors/j3d/lib/j3dcore.jar:/home/travis/build/icyphy/ptII/vendors/j3d/lib/j3dutils.jar:/home/travis/build/icyphy/ptII/vendors/j3d/lib/vecmath.jar:/home/travis/build/icyphy/ptII/ptolemy/distributed/jini/jar/jini-core.jar:/home/travis/build/icyphy/ptII/ptolemy/distributed/jini/jar/jini-ext.jar:/home/travis/build/icyphy/ptII/ptolemy/distributed/jini/jar/sun-util.jar:/home/travis/build/icyphy/ptII/lib/protobuf-java-2.4.1.jar:/home/travis/build/icyphy/ptII/lib/org.eclipse.paho.client.mqttv3.jar:/home/travis/build/icyphy/ptII/ptserver/lib/hessian-4.0.7.jar:/home/travis/build/icyphy/ptII/ptserver/lib/wmqtt.jar:/home/travis/build/icyphy/ptII/lib/mapss.jar:/home/travis/build/icyphy/ptII/ptolemy/actor/ptalon/antlr/antlr.jar:/home/travis/build/icyphy/ptII/lib/JRI.jar:/home/travis/build/icyphy/ptII/lib/commons-lang-2.6.jar:/home/travis/build/icyphy/ptII/lib/commons-logging-1.1.1.jar:/home/travis/build/icyphy/ptII/lib/sootclasses.jar:/home/travis/build/icyphy/ptII/ptolemy/actor/lib/database/mysql-connector-java-5.1.6-bin.jar:/home/travis/build/icyphy/ptII/vendors/misc/sphinx4/sphinx4-data-5prealpha.jar:/home/travis/build/icyphy/ptII/vendors/misc/sphinx4/sphinx4-core-5prealpha.jar:/home/travis/build/icyphy/ptII/lib/PDFRenderer.jar:/home/travis/build/icyphy/ptII/lib/svgSalamander.jar:/home/travis/build/icyphy/ptII/lib/rsyntaxtextarea-2.6.0-SNAPSHOT.jar:/home/travis/build/icyphy/ptII/lib/hazelcast-3.8.2.jar:/home/travis/build/icyphy/ptII/lib/jackson-annotations-2.9.0.jar:/home/travis/build/icyphy/ptII/lib/jackson-core-2.9.3.jar:/home/travis/build/icyphy/ptII/lib/jackson-databind-2.9.3.jar:/home/travis/build/icyphy/ptII/lib/netty-buffer-4.1.19.Final.jar:/home/travis/build/icyphy/ptII/lib/netty-codec-4.1.19.Final.jar:/home/travis/build/icyphy/ptII/lib/netty-codec-dns-4.1.19.Final.jar:/home/travis/build/icyphy/ptII/lib/netty-codec-http-4.1.19.Final.jar:/home/travis/build/icyphy/ptII/lib/netty-codec-http2-4.1.19.Final.jar:/home/travis/build/icyphy/ptII/lib/netty-common-4.1.19.Final.jar:/home/travis/build/icyphy/ptII/lib/netty-handler-4.1.19.Final.jar:/home/travis/build/icyphy/ptII/lib/netty-resolver-4.1.19.Final.jar:/home/travis/build/icyphy/ptII/lib/netty-resolver-dns-4.1.19.Final.jar:/home/travis/build/icyphy/ptII/lib/netty-transport-4.1.19.Final.jar:/home/travis/build/icyphy/ptII/lib/vertx-codegen-3.5.1.jar:/home/travis/build/icyphy/ptII/lib/vertx-core-3.5.2-SNAPSHOT.jar:/home/travis/build/icyphy/ptII/lib/vertx-hazelcast-3.5.1.jar:/home/travis/build/icyphy/ptII/lib/vertx-lang-js-3.5.1.jar:/home/travis/build/icyphy/ptII/lib/vertx-service-proxy-3.5.1.jar:/home/travis/build/icyphy/ptII/lib/vertx-web-3.5.1.jar:/home/travis/build/icyphy/ptII/lib/slf4j-api-1.7.13.jar:/home/travis/build/icyphy/ptII/lib/slf4j-simple-1.7.13.jar:/home/travis/build/icyphy/ptII/lib/webcam-capture-0.3.12.jar:/home/travis/build/icyphy/ptII/lib/bridj-0.7.0.jar:/home/travis/build/icyphy/ptII/lib/xbjlib-1.1.0.nrjavaserial.jar:/home/travis/build/icyphy/ptII/ptolemy/moml/test:/home/travis/build/icyphy/ptII/ant/lib/ant-launcher.jar:/home/travis/build/icyphy/ptII/ant/lib/ant.jar:/home/travis/build/icyphy/ptII/ant/lib/ant-junit.jar:/home/travis/build/icyphy/ptII/ant/lib/ant-junit4.jar" />
    <property name="ant.library.dir" value="/home/travis/build/icyphy/ptII/ant/lib" />
    <property name="os.arch" value="amd64" />
    <property name="env.TRAVIS_LANGUAGE" value="node_js" />
    <property name="env.CONTINUOUS_INTEGRATION" value="true" />
    <property name="env.TRAVIS_STACK_LANGUAGES" value="__garnet__ c c++ clojure cplusplus cpp default go groovy java node_js php pure_java python ruby scala" />
    <property name="test.name" value="ptolemy.actor.lib.test.junit.JUnitTclTest" />
    <property name="sun.java.launcher" value="SUN_STANDARD" />
    <property name="env.PYTHON_CONFIGURE_OPTS" value="--enable-unicode=ucs4 --with-wide-unicode --enable-shared --enable-ipv6 --enable-loadable-sqlite-extensions --with-computed-gotos" />
    <property name="ant.core.lib" value="/home/travis/build/icyphy/ptII/ant/lib/ant.jar" />
    <property name="java.vm.specification.vendor" value="Oracle Corporation" />
    <property name="env.BCVTB_HOME" value="/home/travis/build/icyphy/ptII/lbnl" />
    <property name="file.separator" value="/" />
    <property name="spotbugs.home" value="/home/travis/build/icyphy/ptII/vendors/spotbugs-3.1.1" />
    <property name="java.runtime.version" value="1.8.0_151-b12" />
    <property name="sun.boot.class.path" value="/usr/lib/jvm/java-8-oracle/jre/lib/resources.jar:/usr/lib/jvm/java-8-oracle/jre/lib/rt.jar:/usr/lib/jvm/java-8-oracle/jre/lib/sunrsasign.jar:/usr/lib/jvm/java-8-oracle/jre/lib/jsse.jar:/usr/lib/jvm/java-8-oracle/jre/lib/jce.jar:/usr/lib/jvm/java-8-oracle/jre/lib/charsets.jar:/usr/lib/jvm/java-8-oracle/jre/lib/jfr.jar:/usr/lib/jvm/java-8-oracle/jre/classes" />
    <property name="env.ANSI_CLEAR" value="\033[0K" />
    <property name="env.HAS_JOSH_K_SEAL_OF_APPROVAL" value="true" />
    <property name="env.XDG_RUNTIME_DIR" value="/run/user/2000" />
    <property name="env.TRAVIS_OSX_IMAGE" value="" />
    <property name="env.TRAVIS_BRANCH" value="master" />
    <property name="env.TRAVIS_JOB_ID" value="484187732" />
    <property name="user.country" value="US" />
    <property name="env.CERTI_HOME_TRAVIS" value="/home/travis/pthla/certi-tools" />
    <property name="env.SHELL" value="/bin/bash" />
    <property name="java.maxmemory.large" value="5000m" />
    <property name="model" value="" />
    <property name="env.CASHER_DIR" value="/home/travis/.casher" />
    <property name="env.NVM_CD_FLAGS" value="" />
    <property name="jshint.executable" value="/home/travis/node_modules/jshint/bin/jshint" />
    <property name="java.vendor" value="Oracle Corporation" />
    <property name="env.JRUBY_OPTS" value=" --client -J-XX:+TieredCompilation -J-XX:TieredStopAtLevel=1 -J-Xss2m -Xcompile.invokedynamic=false" />
    <property name="env.TRAVIS_PRE_CHEF_BOOTSTRAP_TIME" value="2017-12-05T19:32:55" />
    <property name="env.TRAVIS_STACK_JOB_BOARD_REGISTER" value="/.job-board-register.yml" />
    <property name="env.ELIXIR_VERSION" value="1.4.5" />
    <property name="env.ANSI_RED" value="\033[31;1m" />
    <property name="java.specification.version" value="1.8" />
    <property name="env.TRAVIS" value="true" />
    <property name="env.IRBRC" value="/home/travis/.rvm/rubies/ruby-2.4.1/.irbrc" />
    <property name="sun.arch.data.model" value="64" />
  </properties>
  <testcase classname="ptolemy.vergil.basic.export.test.junit.ExportModelJUnitTestBatch1" name="[0] lbnl/demo/MatlabRoom/MatlabRoom.xml (RunExportModel)" time="6.58" />
  <testcase classname="ptolemy.vergil.basic.export.test.junit.ExportModelJUnitTestBatch1" name="[1] lbnl/demo/SystemCommand/SystemCommand.xml (RunExportModel)" time="3.831" />
  <testcase classname="ptolemy.vergil.basic.export.test.junit.ExportModelJUnitTestBatch1" name="[2] org/hlacerti/demo/Billard/2Billes1Fed/2Billes1Fed.xml (RunExportModel)" time="8.359" />
  <testcase classname="ptolemy.vergil.basic.export.test.junit.ExportModelJUnitTestBatch1" name="[3] org/hlacerti/demo/Billard/2Billes1Fed/PoolTable2.xml (RunExportModel)" time="8.453" />
  <testcase classname="ptolemy.vergil.basic.export.test.junit.ExportModelJUnitTestBatch1" name="[4] org/hlacerti/demo/Billard/2Billes1Fed/TwoBilliardBalls.xml (RunExportModel)" time="8.781" />
  <testcase classname="ptolemy.vergil.basic.export.test.junit.ExportModelJUnitTestBatch1" name="[5] org/hlacerti/demo/Billard/2Billes2Fed/2Billes2Fed.xml (RunExportModel)" time="8.255" />
  <testcase classname="ptolemy.vergil.basic.export.test.junit.ExportModelJUnitTestBatch1" name="[6] org/hlacerti/demo/Billard/2Billes2Fed/BillardBall1.xml (RunExportModel)" time="8.307" />
  <testcase classname="ptolemy.vergil.basic.export.test.junit.ExportModelJUnitTestBatch1" name="[7] org/hlacerti/demo/Billard/2Billes2Fed/BillardBall2.xml (RunExportModel)" time="8.337" />
  <testcase classname="ptolemy.vergil.basic.export.test.junit.ExportModelJUnitTestBatch1" name="[8] org/hlacerti/demo/Billard/2Billes2Fed/BillardTable.xml (RunExportModel)" time="8.264" />
  <testcase classname="ptolemy.vergil.basic.export.test.junit.ExportModelJUnitTestBatch1" name="[9] org/hlacerti/demo/Billard/Billard.xml (RunExportModel)" time="8.179" />
  <testcase classname="ptolemy.vergil.basic.export.test.junit.ExportModelJUnitTestBatch1" name="[10] org/hlacerti/demo/f14HLA/f14HLA.xml (RunExportModel)" time="8.188" />
  <testcase classname="ptolemy.vergil.basic.export.test.junit.ExportModelJUnitTestBatch1" name="[11] org/hlacerti/demo/IntegrationTests/IntegrationTests.xml (RunExportModel)" time="8.201" />
  <testcase classname="ptolemy.vergil.basic.export.test.junit.ExportModelJUnitTestBatch1" name="[12] org/hlacerti/demo/IntegrationTests/TimeAdvancing1Federate/TimeAdvancing1Federate.xml (RunExportModel)" time="8.198" />
  <testcase classname="ptolemy.vergil.basic.export.test.junit.ExportModelJUnitTestBatch1" name="[13] org/hlacerti/demo/IntegrationTests/TimeAdvancing2Federates/TimeAdvancing2Federates.xml (RunExportModel)" time="8.316" />
  <testcase classname="ptolemy.vergil.basic.export.test.junit.ExportModelJUnitTestBatch1" name="[14] org/hlacerti/demo/IntegrationTests/TimeAdvancing2FederatesIntervalEvents/TimeAdvancing2FederatesIntervalEvents.xml (RunExportModel)" time="8.238" />
  <testcase classname="ptolemy.vergil.basic.export.test.junit.ExportModelJUnitTestBatch1" name="[15] org/hlacerti/demo/SynchronizeToRealTime/SynchronizeToRealTime.xml (RunExportModel)" time="8.305" />
  <testcase classname="ptolemy.vergil.basic.export.test.junit.ExportModelJUnitTestBatch1" name="[16] org/ptolemy/machineImprovisation/demo/JazzImprovisation/JazzImprovisation.xml (RunExportModel)" time="24.181" />
  <testcase classname="ptolemy.vergil.basic.export.test.junit.ExportModelJUnitTestBatch1" name="[17] org/ptolemy/machineLearning/clustering/demo/KMeans/KMeans.xml (RunExportModel)" time="4.579" />
  <testcase classname="ptolemy.vergil.basic.export.test.junit.ExportModelJUnitTestBatch1" name="[18] org/ptolemy/machineLearning/hmm/demo/CommunicationAnomalyDetectionAOM/CommunicationAnomalyDetectionAOM.xml (RunExportModel)" time="38.66" />
  <testcase classname="ptolemy.vergil.basic.export.test.junit.ExportModelJUnitTestBatch1" name="[19] org/ptolemy/machineLearning/hmm/demo/CommunicationAnomalyDetectionCQM/CommunicationAnomalyDetectionCQM.xml (RunExportModel)" time="14.666" />
  <testcase classname="ptolemy.vergil.basic.export.test.junit.ExportModelJUnitTestBatch1" name="[20] org/ptolemy/machineLearning/particleFilter/demo/MultiRobotIntruderTracking/MultiRobotIntruderTracking.xml (RunExportModel)" time="39.449" />
  <testcase classname="ptolemy.vergil.basic.export.test.junit.ExportModelJUnitTestBatch1" name="[21] org/ptolemy/machineLearning/particleFilter/demo/OnlineTrajectoryOptimization/DistributedOnlineTrajectoryOptimization.xml (RunExportModel)" time="39.58" />
  <testcase classname="ptolemy.vergil.basic.export.test.junit.ExportModelJUnitTestBatch1" name="[22] org/ptolemy/machineLearning/particleFilter/demo/OnlineTrajectoryOptimization/OnlineTrajectoryOptimization.xml (RunExportModel)" time="37.713" />
  <testcase classname="ptolemy.vergil.basic.export.test.junit.ExportModelJUnitTestBatch1" name="[23] org/ptolemy/machineLearning/particleFilter/demo/OpenLoopSingleRobotTargetLocalization/OpenLoopSingleRobotTargetLocalization.xml (RunExportModel)" time="12.395" />
  <testcase classname="ptolemy.vergil.basic.export.test.junit.ExportModelJUnitTestBatch1" name="[24] org/ptolemy/machineLearning/particleFilter/demo/OpenLoopTwoRobotTargetLocalization/JointParticleFilter.xml (RunExportModel)" time="7.801" />
  <testcase classname="ptolemy.vergil.basic.export.test.junit.ExportModelJUnitTestBatch1" name="[25] org/ptolemy/machineLearning/particleFilter/demo/OpenLoopTwoRobotTargetLocalization/OpenLoopTwoRobotTargetLocalization.xml (RunExportModel)" time="35.234" />
  <testcase classname="ptolemy.vergil.basic.export.test.junit.ExportModelJUnitTestBatch1" name="[26] org/ptolemy/machineLearning/particleFilter/demo/ParticleFilterRange/ParticleFilterRange.xml (RunExportModel)" time="14.525" />
  <testcase classname="ptolemy.vergil.basic.export.test.junit.ExportModelJUnitTestBatch1" name="[27] org/ptolemy/optimization/demo/LeastSquaresNodeLocalization/LeastSquaresNodeLocalization.xml (RunExportModel)" time="4.857" />
  <testcase classname="ptolemy.vergil.basic.export.test.junit.ExportModelJUnitTestBatch1" name="[28] org/ptolemy/optimization/demo/LinearRegression/LinearRegression.xml (RunExportModel)" time="6.971" />
  <testcase classname="ptolemy.vergil.basic.export.test.junit.ExportModelJUnitTestBatch1" name="[29] org/ptolemy/optimization/demo/SimpleOptimization/SimpleOptimization.xml (RunExportModel)" time="4.191" />
  <testcase classname="ptolemy.vergil.basic.export.test.junit.ExportModelJUnitTestBatch1" name="[30] org/ptolemy/osc/demo/OscSendReceive/OscSendReceive.xml (RunExportModel)" time="18.17" />
  <testcase classname="ptolemy.vergil.basic.export.test.junit.ExportModelJUnitTestBatch1" name="[31] org/ptolemy/qss/demo/RLC/RLC.xml (RunExportModel)" time="4.314" />
  <testcase classname="ptolemy.vergil.basic.export.test.junit.ExportModelJUnitTestBatch1" name="[32] org/ptolemy/ssm/demo/RangeLocalizationOnMap/RangeLocalizationOnMap.xml (RunExportModel)" time="32.964" />
  <testcase classname="ptolemy.vergil.basic.export.test.junit.ExportModelJUnitTestBatch1" name="[33] org/ptolemy/ssm/demo/SingleRobotTargetLocalization/SingleRobotTargetLocalization.xml (RunExportModel)" time="11.501" />
  <testcase classname="ptolemy.vergil.basic.export.test.junit.ExportModelJUnitTestBatch1" name="[34] org/ptolemy/ssm/demo/StatePrediction/StatePrediction.xml (RunExportModel)" time="11.301" />
  <testcase classname="ptolemy.vergil.basic.export.test.junit.ExportModelJUnitTestBatch1" name="[35] org/terraswarm/accessor/demo/AugmentedReality/AugmentedReality.xml (RunExportModel)" time="3.143" />
  <testcase classname="ptolemy.vergil.basic.export.test.junit.ExportModelJUnitTestBatch1" name="[36] org/terraswarm/accessor/demo/AugmentedReality/AugmentedRealityFeedback.xml (RunExportModel)" time="86.924" />
  <testcase classname="ptolemy.vergil.basic.export.test.junit.ExportModelJUnitTestBatch1" name="[37] org/terraswarm/accessor/demo/AugmentedReality/AugmentedRealityFeedbackBlee.xml (RunExportModel)" time="40.21" />
  <testcase classname="ptolemy.vergil.basic.export.test.junit.ExportModelJUnitTestBatch1" name="[38] org/terraswarm/accessor/demo/AugmentedReality/AugmentedRealityKeyValueStore.xml (RunExportModel)" time="38.841" />
  <testcase classname="ptolemy.vergil.basic.export.test.junit.ExportModelJUnitTestBatch1" name="[39] org/terraswarm/accessor/demo/AugmentedReality/AugmentedRealityVideo.xml (RunExportModel)" time="42.055" />
  <testcase classname="ptolemy.vergil.basic.export.test.junit.ExportModelJUnitTestBatch1" name="[40] org/terraswarm/accessor/demo/AugmentedRealityVideoSOHO/AugmentedRealityVideoSOHO.xml (RunExportModel)" time="40.19" />
  <testcase classname="ptolemy.vergil.basic.export.test.junit.ExportModelJUnitTestBatch1" name="[41] org/terraswarm/accessor/demo/AugmentedRealityVideoSOHO/GenerateHueAccessors.xml (RunExportModel)" time="13.868" />
  <testcase classname="ptolemy.vergil.basic.export.test.junit.ExportModelJUnitTestBatch1" name="[42] org/terraswarm/accessor/demo/AugmentedRealityVideoSOHO/GenerateLifxAccessors.xml (RunExportModel)" time="14.582" />
  <testcase classname="ptolemy.vergil.basic.export.test.junit.ExportModelJUnitTestBatch1" name="[43] org/terraswarm/accessor/demo/AugmentedRealityVideoSOHO/GenerateMQTTAccessors.xml (RunExportModel)" time="16.103" />
  <testcase classname="ptolemy.vergil.basic.export.test.junit.ExportModelJUnitTestBatch1" name="[44] org/terraswarm/accessor/demo/AugmentedRealityVideoSOHO/KeyValueStoreServerSOHO.xml (RunExportModel)" time="39.065" />
  <testcase classname="ptolemy.vergil.basic.export.test.junit.ExportModelJUnitTestBatch1" name="[45] org/terraswarm/accessor/demo/AugmentedRealityVideoSOHO/SoundServerSOHO.xml (RunExportModel)" time="39.983" />
  <testcase classname="ptolemy.vergil.basic.export.test.junit.ExportModelJUnitTestBatch1" name="[46] org/terraswarm/accessor/demo/AugmentedRealityVideoTerra/AugmentedRealityVideoTerra.xml (RunExportModel)" time="41.074" />
  <testcase classname="ptolemy.vergil.basic.export.test.junit.ExportModelJUnitTestBatch1" name="[47] org/terraswarm/accessor/demo/AugmentedRealityVideoTerra/SoundServerTerra.xml (RunExportModel)" time="38.54" />
  <testcase classname="ptolemy.vergil.basic.export.test.junit.ExportModelJUnitTestBatch1" name="[48] org/terraswarm/accessor/demo/Hue/Hue.xml (RunExportModel)" time="3.297" />
  <testcase classname="ptolemy.vergil.basic.export.test.junit.ExportModelJUnitTestBatch1" name="[49] org/terraswarm/accessor/demo/Hue/HueToggle.xml (RunExportModel)" time="37.069" />
  <testcase classname="ptolemy.vergil.basic.export.test.junit.ExportModelJUnitTestBatch1" name="[50] org/terraswarm/accessor/demo/Hue/MotionLights.xml (RunExportModel)" time="37.645" />
  <testcase classname="ptolemy.vergil.basic.export.test.junit.ExportModelJUnitTestBatch1" name="[51] org/terraswarm/accessor/demo/Hue/OccupancyLights.xml (RunExportModel)" time="69.493" />
  <testcase classname="ptolemy.vergil.basic.export.test.junit.ExportModelJUnitTestBatch1" name="[52] org/terraswarm/accessor/demo/Lifx/Lifx.xml (RunExportModel)" time="28.48" />
  <testcase classname="ptolemy.vergil.basic.export.test.junit.ExportModelJUnitTestBatch1" name="[53] org/terraswarm/accessor/demo/NaturalLanguage/NaturalLanguage.xml (RunExportModel)" time="19.265" />
  <testcase classname="ptolemy.vergil.basic.export.test.junit.ExportModelJUnitTestBatch1" name="[54] org/terraswarm/accessor/demo/Scarab/Scarab.xml (RunExportModel)" time="38.031" />
  <testcase classname="ptolemy.vergil.basic.export.test.junit.ExportModelJUnitTestBatch1" name="[55] org/terraswarm/accessor/demo/SemanticRepository/Authentication.xml (RunExportModel)" time="41.083" />
  <testcase classname="ptolemy.vergil.basic.export.test.junit.ExportModelJUnitTestBatch1" name="[56] org/terraswarm/accessor/demo/SemanticRepository/GraphDBInference.xml (RunExportModel)" time="36.298" />
  <testcase classname="ptolemy.vergil.basic.export.test.junit.ExportModelJUnitTestBatch1" name="[57] org/terraswarm/accessor/demo/SemanticRepository/HostCompatabilityCheck.xml (RunExportModel)" time="36.841" />
  <testcase classname="ptolemy.vergil.basic.export.test.junit.ExportModelJUnitTestBatch1" name="[58] org/terraswarm/accessor/demo/SemanticRepository/PeriodicUpdates.xml (RunExportModel)" time="40.672" />
  <testcase classname="ptolemy.vergil.basic.export.test.junit.ExportModelJUnitTestBatch1" name="[59] org/terraswarm/accessor/demo/SemanticRepository/SemanticRepository.xml (RunExportModel)" time="34.165" />
  <testcase classname="ptolemy.vergil.basic.export.test.junit.ExportModelJUnitTestBatch1" name="[60] org/terraswarm/accessor/demo/SemanticRepository/SemanticYelpSensorUpdateExample.xml (RunExportModel)" time="18.458">
    <failure message="Exporting HTML for org/terraswarm/accessor/demo/SemanticRepository/SemanticYelpSensorUpdateExample.xml failed: &#xa;java.lang.reflect.InvocationTargetException&#xa;&#x9;at java.awt.EventQueue.invokeAndWait(EventQueue.java:1321)&#xa;&#x9;at java.awt.EventQueue.invokeAndWait(EventQueue.java:1296)&#xa;&#x9;at javax.swing.SwingUtilities.invokeAndWait(SwingUtilities.java:1348)&#xa;&#x9;at ptolemy.vergil.basic.export.ExportModel.exportModel(ExportModel.java:401)&#xa;&#x9;at ptolemy.vergil.basic.export.test.junit.ExportModelJUnitTest.RunExportModel(ExportModelJUnitTest.java:153)&#xa;&#x9;at ptolemy.vergil.basic.export.test.junit.ExportModelJUnitTestBatch.RunExportModel(ExportModelJUnitTestBatch.java:84)&#xa;&#x9;at sun.reflect.GeneratedMethodAccessor21.invoke(Unknown Source)&#xa;&#x9;at sun.reflect.DelegatingMethodAccessorImpl.invoke(DelegatingMethodAccessorImpl.java:43)&#xa;&#x9;at java.lang.reflect.Method.invoke(Method.java:498)&#xa;&#x9;at org.junit.runners.model.FrameworkMethod$1.runReflectiveCall(FrameworkMethod.java:44)&#xa;&#x9;at org.junit.internal.runners.model.ReflectiveCallable.run(ReflectiveCallable.java:15)&#xa;&#x9;at org.junit.runners.model.FrameworkMethod.invokeExplosively(FrameworkMethod.java:41)&#xa;&#x9;at junitparams.internal.InvokeParameterisedMethod.evaluate(InvokeParameterisedMethod.java:102)&#xa;&#x9;at junitparams.internal.ParameterisedTestMethodRunner.runMethodInvoker(ParameterisedTestMethodRunner.java:47)&#xa;&#x9;at junitparams.internal.ParameterisedTestMethodRunner.runTestMethod(ParameterisedTestMethodRunner.java:41)&#xa;&#x9;at junitparams.internal.ParameterisedTestClassRunner.runParameterisedTest(ParameterisedTestClassRunner.java:143)&#xa;&#x9;at junitparams.JUnitParamsRunner.runChild(JUnitParamsRunner.java:237)&#xa;&#x9;at junitparams.JUnitParamsRunner.runChild(JUnitParamsRunner.java:215)&#xa;&#x9;at org.junit.runners.ParentRunner$3.run(ParentRunner.java:193)&#xa;&#x9;at org.junit.runners.ParentRunner$1.schedule(ParentRunner.java:52)&#xa;&#x9;at org.junit.runners.ParentRunner.runChildren(ParentRunner.java:191)&#xa;&#x9;at org.junit.runners.ParentRunner.access$000(ParentRunner.java:42)&#xa;&#x9;at org.junit.runners.ParentRunner$2.evaluate(ParentRunner.java:184)&#xa;&#x9;at org.junit.runners.ParentRunner.run(ParentRunner.java:236)&#xa;&#x9;at junit.framework.JUnit4TestAdapter.run(JUnit4TestAdapter.java:39)&#xa;&#x9;at org.apache.tools.ant.taskdefs.optional.junit.JUnitTestRunner.run(JUnitTestRunner.java:535)&#xa;&#x9;at org.apache.tools.ant.taskdefs.optional.junit.JUnitTestRunner.launch(JUnitTestRunner.java:1182)&#xa;&#x9;at org.apache.tools.ant.taskdefs.optional.junit.JUnitTestRunner.main(JUnitTestRunner.java:1033)&#xa;Caused by: java.lang.RuntimeException: ptolemy.kernel.util.IllegalActionException: Failure executing the react function: Error: commonHost.js, react(), invoking a specific handler for &quot;trigger&quot;: Exception occurred in input handler for accessor SemanticYelpSearch, which has now has been removed.  Exception was: java.lang.StackOverflowError Stacktrace was: &#xa;java.lang.StackOverflowError&#xa;&#x9;at jdk.nashorn.internal.runtime.AccessorProperty.getObjectValue(AccessorProperty.java:417)&#xa;&#x9;at jdk.nashorn.internal.runtime.FindProperty.getObjectValue(FindProperty.java:229)&#xa;&#x9;at jdk.nashorn.internal.runtime.ScriptObject.get(ScriptObject.java:2860)&#xa;&#x9;at jdk.nashorn.internal.runtime.ScriptObject.get(ScriptObject.java:2877)&#xa;&#x9;at jdk.nashorn.internal.scripts.Script$Recompilation$44872$56054A$require.L:1#get(/home/travis/build/icyphy/ptII/ptolemy/actor/lib/jjs/external/require.js#409:30&lt;eval&gt;:1245)&#xa;&#x9;at jdk.nashorn.internal.scripts.Script$Recompilation$44618$3841A$\^function\_.L:1#issueCommand(&lt;function&gt;:116)&#xa;&#x9;at jdk.nashorn.internal.scripts.Script$Recompilation$44618$3841A$\^function\_.L:1#issueCommand(&lt;function&gt;:124)&#xa;&#x9;at jdk.nashorn.internal.scripts.Script$Recompilation$44618$3841A$\^function\_.L:1#issueCommand(&lt;function&gt;:124)&#xa;&#x9;at jdk.nashorn.internal.scripts.Script$Recompilation$44618$3841A$\^function\_.L:1#issueCommand(&lt;function&gt;:124)&#xa;&#x9;at jdk.nashorn.internal.scripts.Script$Recompilation$44618$3841A$\^function\_.L:1#issueCommand(&lt;function&gt;:124)&#xa;&#x9;at jdk.nashorn.internal.scripts.Script$Recompilation$44618$3841A$\^function\_.L:1#issueCommand(&lt;function&gt;:124)&#xa;&#x9;at jdk.nashorn.internal.scripts.Script$Recompilation$44618$3841A$\^function\_.L:1#issueCommand(&lt;function&gt;:124)&#xa;&#x9;at jdk.nashorn.internal.scripts.Script$Recompilation$44618$3841A$\^function\_.L:1#issueCommand(&lt;function&gt;:124)&#xa;&#x9;at jdk.nashorn.internal.scripts.Script$Recompilation$44618$3841A$\^function\_.L:1#issueCommand(&lt;function&gt;:124)&#xa;&#x9;at jdk.nashorn.internal.scripts.Script$Recompilation$44618$3841A$\^function\_.L:1#issueCommand(&lt;function&gt;:124)&#xa;&#x9;at jdk.nashorn.internal.scripts.Script$Recompilation$44618$3841A$\^function\_.L:1#issueCommand(&lt;function&gt;:124)&#xa;&#x9;at jdk.nashorn.internal.scripts.Script$Recompilation$44618$3841A$\^function\_.L:1#issueCommand(&lt;function&gt;:124)&#xa;&#x9;at jdk.nashorn.internal.scripts.Script$Recompilation$44618$3841A$\^function\_.L:1#issueCommand(&lt;function&gt;:124)&#xa;&#x9;at jdk.nashorn.internal.scripts.Script$Recompilation$44618$3841A$\^function\_.L:1#issueCommand(&lt;function&gt;:124)&#xa;&#x9;at jdk.nashorn.internal.scripts.Script$Recompilation$44618$3841A$\^function\_.L:1#issueCommand(&lt;function&gt;:124)&#xa;&#x9;at jdk.nashorn.internal.scripts.Script$Recompilation$44618$3841A$\^function\_.L:1#issueCommand(&lt;function&gt;:124)&#xa;&#x9;at jdk.nashorn.internal.scripts.Script$Recompilation$44618$3841A$\^function\_.L:1#issueCommand(&lt;function&gt;:124)&#xa;&#x9;at jdk.nashorn.internal.scripts.Script$Recompilation$44618$3841A$\^function\_.L:1#issueCommand(&lt;function&gt;:124)&#xa;&#x9;at jdk.nashorn.internal.scripts.Script$Recompilation$44618$3841A$\^function\_.L:1#issueCommand(&lt;function&gt;:124)&#xa;&#x9;at jdk.nashorn.internal.scripts.Script$Recompilation$44618$3841A$\^function\_.L:1#issueCommand(&lt;function&gt;:124)&#xa;&#x9;at jdk.nashorn.internal.scripts.Script$Recompilation$44618$3841A$\^function\_.L:1#issueCommand(&lt;function&gt;:124)&#xa;&#x9;at jdk.nashorn.internal.scripts.Script$Recompilation$44618$3841A$\^function\_.L:1#issueCommand(&lt;function&gt;:124)&#xa;&#x9;at jdk.nashorn.internal.scripts.Script$Recompilation$44618$3841A$\^function\_.L:1#issueCommand(&lt;function&gt;:124)&#xa;&#x9;at jdk.nashorn.internal.scripts.Script$Recompilation$44618$3841A$\^function\_.L:1#issueCommand(&lt;function&gt;:124)&#xa;&#x9;at jdk.nashorn.internal.scripts.Script$Recompilation$44618$3841A$\^function\_.L:1#issueCommand(&lt;function&gt;:124)&#xa;&#x9;at jdk.nashorn.internal.scripts.Script$Recompilation$44618$3841A$\^function\_.L:1#issueCommand(&lt;function&gt;:124)&#xa;&#x9;at jdk.nashorn.internal.scripts.Script$Recompilation$44618$3841A$\^function\_.L:1#issueCommand(&lt;function&gt;:124)&#xa;&#x9;at jdk.nashorn.internal.scripts.Script$Recompilation$44618$3841A$\^function\_.L:1#issueCommand(&lt;function&gt;:124)&#xa;&#x9;at jdk.nashorn.internal.scripts.Script$Recompilation$44618$3841A$\^function\_.L:1#issueCommand(&lt;function&gt;:124)&#xa;&#x9;at jdk.nashorn.internal.scripts.Script$Recompilation$44618$3841A$\^function\_.L:1#issueCommand(&lt;function&gt;:124)&#xa;&#x9;at jdk.nashorn.internal.scripts.Script$Recompilation$44618$3841A$\^function\_.L:1#issueCommand(&lt;function&gt;:124)&#xa;&#x9;at jdk.nashorn.internal.scripts.Script$Recompilation$44618$3841A$\^function\_.L:1#issueCommand(&lt;function&gt;:124)&#xa;&#x9;at jdk.nashorn.internal.scripts.Script$Recompilation$44618$3841A$\^function\_.L:1#issueCommand(&lt;function&gt;:124)&#xa;&#x9;at jdk.nashorn.internal.scripts.Script$Recompilation$44618$3841A$\^function\_.L:1#issueCommand(&lt;function&gt;:124)&#xa;&#x9;at jdk.nashorn.internal.scripts.Script$Recompilation$44618$3841A$\^function\_.L:1#issueCommand(&lt;function&gt;:124)&#xa;&#x9;at jdk.nashorn.internal.scripts.Script$Recompilation$44618$3841A$\^function\_.L:1#issueCommand(&lt;function&gt;:124)&#xa;&#x9;at jdk.nashorn.internal.scripts.Script$Recompilation$44618$3841A$\^function\_.L:1#issueCommand(&lt;function&gt;:124)&#xa;&#x9;at jdk.nashorn.internal.scripts.Script$Recompilation$44618$3841A$\^function\_.L:1#issueCommand(&lt;function&gt;:124)&#xa;&#x9;at jdk.nashorn.internal.scripts.Script$Recompilation$44618$3841A$\^function\_.L:1#issueCommand(&lt;function&gt;:124)&#xa;&#x9;at jdk.nashorn.internal.scripts.Script$Recompilation$44618$3841A$\^function\_.L:1#issueCommand(&lt;function&gt;:124)&#xa;&#x9;at jdk.nashorn.internal.scripts.Script$Recompilation$44618$3841A$\^function\_.L:1#issueCommand(&lt;function&gt;:124)&#xa;&#x9;at jdk.nashorn.internal.scripts.Script$Recompilation$44618$3841A$\^function\_.L:1#issueCommand(&lt;function&gt;:124)&#xa;&#x9;at jdk.nashorn.internal.scripts.Script$Recompilation$44618$3841A$\^function\_.L:1#issueCommand(&lt;function&gt;:124)&#xa;&#x9;at jdk.nashorn.internal.scripts.Script$Recompilation$44618$3841A$\^function\_.L:1#issueCommand(&lt;function&gt;:124)&#xa;&#x9;at jdk.nashorn.internal.scripts.Script$Recompilation$44618$3841A$\^function\_.L:1#issueCommand(&lt;function&gt;:124)&#xa;&#x9;at jdk.nashorn.internal.scripts.Script$Recompilation$44618$3841A$\^function\_.L:1#issueCommand(&lt;function&gt;:124)&#xa;&#x9;at jdk.nashorn.internal.scripts.Script$Recompilation$44618$3841A$\^function\_.L:1#issueCommand(&lt;function&gt;:124)&#xa;&#x9;at jdk.nashorn.internal.scripts.Script$Recompilation$44618$3841A$\^function\_.L:1#issueCommand(&lt;function&gt;:124)&#xa;&#x9;at jdk.nashorn.internal.scripts.Script$Recompilation$44618$3841A$\^function\_.L:1#issueCommand(&lt;function&gt;:124)&#xa;&#x9;at jdk.nashorn.internal.scripts.Script$Recompilation$44618$3841A$\^function\_.L:1#issueCommand(&lt;function&gt;:124)&#xa;&#x9;at jdk.nashorn.internal.scripts.Script$Recompilation$44618$3841A$\^function\_.L:1#issueCommand(&lt;function&gt;:124)&#xa;&#x9;at jdk.nashorn.internal.scripts.Script$Recompilation$44618$3841A$\^function\_.L:1#issueCommand(&lt;function&gt;:124)&#xa;&#x9;at jdk.nashorn.internal.scripts.Script$Recompilation$44618$3841A$\^function\_.L:1#issueCommand(&lt;function&gt;:124)&#xa;&#x9;at jdk.nashorn.internal.scripts.Script$Recompilation$44618$3841A$\^function\_.L:1#issueCommand(&lt;function&gt;:124)&#xa;&#x9;at jdk.nashorn.internal.scripts.Script$Recompilation$44618$3841A$\^function\_.L:1#issueCommand(&lt;function&gt;:124)&#xa;&#x9;at jdk.nashorn.internal.scripts.Script$Recompilation$44618$3841A$\^function\_.L:1#issueCommand(&lt;function&gt;:124)&#xa;&#x9;at jdk.nashorn.internal.scripts.Script$Recompilation$44618$3841A$\^function\_.L:1#issueCommand(&lt;function&gt;:124)&#xa;&#x9;at jdk.nashorn.internal.scripts.Script$Recompilation$44618$3841A$\^function\_.L:1#issueCommand(&lt;function&gt;:124)&#xa;&#x9;at jdk.nashorn.internal.scripts.Script$Recompilation$44618$3841A$\^function\_.L:1#issueCommand(&lt;function&gt;:124)&#xa;&#x9;at jdk.nashorn.internal.scripts.Script$Recompilation$44618$3841A$\^function\_.L:1#issueCommand(&lt;function&gt;:124)&#xa;&#x9;at jdk.nashorn.internal.scripts.Script$Recompilation$44618$3841A$\^function\_.L:1#issueCommand(&lt;function&gt;:124)&#xa;&#x9;at jdk.nashorn.internal.scripts.Script$Recompilation$44618$3841A$\^function\_.L:1#issueCommand(&lt;function&gt;:124)&#xa;&#x9;at jdk.nashorn.internal.scripts.Script$Recompilation$44618$3841A$\^function\_.L:1#issueCommand(&lt;function&gt;:124)&#xa;&#x9;at jdk.nashorn.internal.scripts.Script$Recompilation$44618$3841A$\^function\_.L:1#issueCommand(&lt;function&gt;:124)&#xa;&#x9;at jdk.nashorn.internal.scripts.Script$Recompilation$44618$3841A$\^function\_.L:1#issueCommand(&lt;function&gt;:124)&#xa;&#x9;at jdk.nashorn.internal.scripts.Script$Recompilation$44618$3841A$\^function\_.L:1#issueCommand(&lt;function&gt;:124)&#xa;&#x9;at jdk.nashorn.internal.scripts.Script$Recompilation$44618$3841A$\^function\_.L:1#issueCommand(&lt;function&gt;:124)&#xa;&#x9;at jdk.nashorn.internal.scripts.Script$Recompilation$44618$3841A$\^function\_.L:1#issueCommand(&lt;function&gt;:124)&#xa;&#x9;at jdk.nashorn.internal.scripts.Script$Recompilation$44618$3841A$\^function\_.L:1#issueCommand(&lt;function&gt;:124)&#xa;&#x9;at jdk.nashorn.internal.scripts.Script$Recompilation$44618$3841A$\^function\_.L:1#issueCommand(&lt;function&gt;:124)&#xa;&#x9;at jdk.nashorn.internal.scripts.Script$Recompilation$44618$3841A$\^function\_.L:1#issueCommand(&lt;function&gt;:124)&#xa;&#x9;at jdk.nashorn.internal.scripts.Script$Recompilation$44618$3841A$\^function\_.L:1#issueCommand(&lt;function&gt;:124)&#xa;&#x9;at jdk.nashorn.internal.scripts.Script$Recompilation$44618$3841A$\^function\_.L:1#issueCommand(&lt;function&gt;:124)&#xa;&#x9;at jdk.nashorn.internal.scripts.Script$Recompilation$44618$3841A$\^function\_.L:1#issueCommand(&lt;function&gt;:124)&#xa;&#x9;at jdk.nashorn.internal.scripts.Script$Recompilation$44618$3841A$\^function\_.L:1#issueCommand(&lt;function&gt;:124)&#xa;&#x9;at jdk.nashorn.internal.scripts.Script$Recompilation$44618$3841A$\^function\_.L:1#issueCommand(&lt;function&gt;:124)&#xa;&#x9;at jdk.nashorn.internal.scripts.Script$Recompilation$44618$3841A$\^function\_.L:1#issueCommand(&lt;function&gt;:124)&#xa;&#x9;at jdk.nashorn.internal.scripts.Script$Recompilation$44618$3841A$\^function\_.L:1#issueCommand(&lt;function&gt;:124)&#xa;&#x9;at jdk.nashorn.internal.scripts.Script$Recompilation$44618$3841A$\^function\_.L:1#issueCommand(&lt;function&gt;:124)&#xa;&#x9;at jdk.nashorn.internal.scripts.Script$Recompilation$44618$3841A$\^function\_.L:1#issueCommand(&lt;function&gt;:124)&#xa;&#x9;at jdk.nashorn.internal.scripts.Script$Recompilation$44618$3841A$\^function\_.L:1#issueCommand(&lt;function&gt;:124)&#xa;&#x9;at jdk.nashorn.internal.scripts.Script$Recompilation$44618$3841A$\^function\_.L:1#issueCommand(&lt;function&gt;:124)&#xa;&#x9;at jdk.nashorn.internal.scripts.Script$Recompilation$44618$3841A$\^function\_.L:1#issueCommand(&lt;function&gt;:124)&#xa;&#x9;at jdk.nashorn.internal.scripts.Script$Recompilation$44618$3841A$\^function\_.L:1#issueCommand(&lt;function&gt;:124)&#xa;&#x9;at jdk.nashorn.internal.scripts.Script$Recompilation$44618$3841A$\^function\_.L:1#issueCommand(&lt;function&gt;:124)&#xa;&#x9;at jdk.nashorn.internal.scripts.Script$Recompilation$44618$3841A$\^function\_.L:1#issueCommand(&lt;function&gt;:124)&#xa;&#x9;at jdk.nashorn.internal.scripts.Script$Recompilation$44618$3841A$\^function\_.L:1#issueCommand(&lt;function&gt;:124)&#xa;&#x9;at jdk.nashorn.internal.scripts.Script$Recompilation$44618$3841A$\^function\_.L:1#issueCommand(&lt;function&gt;:124)&#xa;&#x9;at jdk.nashorn.internal.scripts.Script$Recompilation$44618$3841A$\^function\_.L:1#issueCommand(&lt;function&gt;:124)&#xa;&#x9;at jdk.nashorn.internal.scripts.Script$Recompilation$44618$3841A$\^function\_.L:1#issueCommand(&lt;function&gt;:124)&#xa;&#x9;at jdk.nashorn.internal.scripts.Script$Recompilation$44618$3841A$\^function\_.L:1#issueCommand(&lt;function&gt;:124)&#xa;&#x9;at jdk.nashorn.internal.scripts.Script$Recompilation$44618$3841A$\^function\_.L:1#issueCommand(&lt;function&gt;:124)&#xa;&#x9;at jdk.nashorn.internal.scripts.Script$Recompilation$44618$3841A$\^function\_.L:1#issueCommand(&lt;function&gt;:124)&#xa;&#x9;at jdk.nashorn.internal.scripts.Script$Recompilation$44618$3841A$\^function\_.L:1#issueCommand(&lt;function&gt;:124)&#xa;&#x9;at jdk.nashorn.internal.scripts.Script$Recompilation$44618$3841A$\^function\_.L:1#issueCommand(&lt;function&gt;:124)&#xa;&#x9;at jdk.nashorn.internal.scripts.Script$Recompilation$44618$3841A$\^function\_.L:1#issueCommand(&lt;function&gt;:124)&#xa;&#x9;at jdk.nashorn.internal.scripts.Script$Recompilation$44618$3841A$\^function\_.L:1#issueCommand(&lt;function&gt;:124)&#xa;&#x9;at jdk.nashorn.internal.scripts.Script$Recompilation$44618$3841A$\^function\_.L:1#issueCommand(&lt;function&gt;:124)&#xa;&#x9;at jdk.nashorn.internal.scripts.Script$Recompilation$44618$3841A$\^function\_.L:1#issueCommand(&lt;function&gt;:124)&#xa;&#x9;at jdk.nashorn.internal.scripts.Script$Recompilation$44618$3841A$\^function\_.L:1#issueCommand(&lt;function&gt;:124)&#xa;&#x9;at jdk.nashorn.internal.scripts.Script$Recompilation$44618$3841A$\^function\_.L:1#issueCommand(&lt;function&gt;:124)&#xa;&#x9;at jdk.nashorn.internal.scripts.Script$Recompilation$44618$3841A$\^function\_.L:1#issueCommand(&lt;function&gt;:124)&#xa;&#x9;at jdk.nashorn.internal.scripts.Script$Recompilation$44618$3841A$\^function\_.L:1#issueCommand(&lt;function&gt;:124)&#xa;&#x9;at jdk.nashorn.internal.scripts.Script$Recompilation$44618$3841A$\^function\_.L:1#issueCommand(&lt;function&gt;:124)&#xa;&#x9;at jdk.nashorn.internal.scripts.Script$Recompilation$44618$3841A$\^function\_.L:1#issueCommand(&lt;function&gt;:124)&#xa;&#x9;at jdk.nashorn.internal.scripts.Script$Recompilation$44618$3841A$\^function\_.L:1#issueCommand(&lt;function&gt;:124)&#xa;&#x9;at jdk.nashorn.internal.scripts.Script$Recompilation$44618$3841A$\^function\_.L:1#issueCommand(&lt;function&gt;:124)&#xa;&#x9;at jdk.nashorn.internal.scripts.Script$Recompilation$44618$3841A$\^function\_.L:1#issueCommand(&lt;function&gt;:124)&#xa;&#x9;at jdk.nashorn.internal.scripts.Script$Recompilation$44618$3841A$\^function\_.L:1#issueCommand(&lt;function&gt;:124)&#xa;&#x9;at jdk.nashorn.internal.scripts.Script$Recompilation$44618$3841A$\^function\_.L:1#issueCommand(&lt;function&gt;:124)&#xa;&#x9;at jdk.nashorn.internal.scripts.Script$Recompilation$44618$3841A$\^function\_.L:1#issueCommand(&lt;function&gt;:124)&#xa;&#x9;at jdk.nashorn.internal.scripts.Script$Recompilation$44618$3841A$\^function\_.L:1#issueCommand(&lt;function&gt;:124)&#xa;&#x9;at jdk.nashorn.internal.scripts.Script$Recompilation$44618$3841A$\^function\_.L:1#issueCommand(&lt;function&gt;:124)&#xa;&#x9;at jdk.nashorn.internal.scripts.Script$Recompilation$44618$3841A$\^function\_.L:1#issueCommand(&lt;function&gt;:124)&#xa;&#x9;at jdk.nashorn.internal.scripts.Script$Recompilation$44618$3841A$\^function\_.L:1#issueCommand(&lt;function&gt;:124)&#xa;&#x9;at jdk.nashorn.internal.scripts.Script$Recompilation$44618$3841A$\^function\_.L:1#issueCommand(&lt;function&gt;:124)&#xa;&#x9;at jdk.nashorn.internal.scripts.Script$Recompilation$44618$3841A$\^function\_.L:1#issueCommand(&lt;function&gt;:124)&#xa;&#x9;at jdk.nashorn.internal.scripts.Script$Recompilation$44618$3841A$\^function\_.L:1#issueCommand(&lt;function&gt;:124)&#xa;&#x9;at jdk.nashorn.internal.scripts.Script$Recompilation$44618$3841A$\^function\_.L:1#issueCommand(&lt;function&gt;:124)&#xa;&#x9;at jdk.nashorn.internal.scripts.Script$Recompilation$44618$3841A$\^function\_.L:1#issueCommand(&lt;function&gt;:124)&#xa;&#x9;at jdk.nashorn.internal.scripts.Script$Recompilation$44618$3841A$\^function\_.L:1#issueCommand(&lt;function&gt;:124)&#xa;&#x9;at jdk.nashorn.internal.scripts.Script$Recompilation$44618$3841A$\^function\_.L:1#issueCommand(&lt;function&gt;:124)&#xa;&#x9;at jdk.nashorn.internal.scripts.Script$Recompilation$44618$3841A$\^function\_.L:1#issueCommand(&lt;function&gt;:124)&#xa;&#x9;at jdk.nashorn.internal.scripts.Script$Recompilation$44618$3841A$\^function\_.L:1#issueCommand(&lt;function&gt;:124)&#xa;&#x9;at jdk.nashorn.internal.scripts.Script$Recompilation$44618$3841A$\^function\_.L:1#issueCommand(&lt;function&gt;:124)&#xa;&#x9;at jdk.nashorn.internal.scripts.Script$Recompilation$44618$3841A$\^function\_.L:1#issueCommand(&lt;function&gt;:124)&#xa;&#x9;at jdk.nashorn.internal.scripts.Script$Recompilation$44618$3841A$\^function\_.L:1#issueCommand(&lt;function&gt;:124)&#xa;&#x9;at jdk.nashorn.internal.scripts.Script$Recompilation$44618$3841A$\^function\_.L:1#issueCommand(&lt;function&gt;:124)&#xa;&#x9;at jdk.nashorn.internal.scripts.Script$Recompilation$44618$3841A$\^function\_.L:1#issueCommand(&lt;function&gt;:124)&#xa;&#x9;at jdk.nashorn.internal.scripts.Script$Recompilation$44618$3841A$\^function\_.L:1#issueCommand(&lt;function&gt;:124)&#xa;&#x9;at jdk.nashorn.internal.scripts.Script$Recompilation$44618$3841A$\^function\_.L:1#issueCommand(&lt;function&gt;:124)&#xa;&#x9;at jdk.nashorn.internal.scripts.Script$Recompilation$44618$3841A$\^function\_.L:1#issueCommand(&lt;function&gt;:124)&#xa;&#x9;at jdk.nashorn.internal.scripts.Script$Recompilation$44618$3841A$\^function\_.L:1#issueCommand(&lt;function&gt;:124)&#xa;&#x9;at jdk.nashorn.internal.scripts.Script$Recompilation$44618$3841A$\^function\_.L:1#issueCommand(&lt;function&gt;:124)&#xa;&#x9;at jdk.nashorn.internal.scripts.Script$Recompilation$44618$3841A$\^function\_.L:1#issueCommand(&lt;function&gt;:124)&#xa;&#x9;at jdk.nashorn.internal.scripts.Script$Recompilation$44618$3841A$\^function\_.L:1#issueCommand(&lt;function&gt;:124)&#xa;&#x9;at jdk.nashorn.internal.scripts.Script$Recompilation$44618$3841A$\^function\_.L:1#issueCommand(&lt;function&gt;:124)&#xa;&#x9;at jdk.nashorn.internal.scripts.Script$Recompilation$44618$3841A$\^function\_.L:1#issueCommand(&lt;function&gt;:124)&#xa;&#x9;at jdk.nashorn.internal.scripts.Script$Recompilation$44618$3841A$\^function\_.L:1#issueCommand(&lt;function&gt;:124)&#xa;&#x9;at jdk.nashorn.internal.scripts.Script$Recompilation$44618$3841A$\^function\_.L:1#issueCommand(&lt;function&gt;:124)&#xa;&#x9;at jdk.nashorn.internal.scripts.Script$Recompilation$44618$3841A$\^function\_.L:1#issueCommand(&lt;function&gt;:124)&#xa;&#x9;at jdk.nashorn.internal.scripts.Script$Recompilation$44618$3841A$\^function\_.L:1#issueCommand(&lt;function&gt;:124)&#xa;&#x9;at jdk.nashorn.internal.scripts.Script$Recompilation$44618$3841A$\^function\_.L:1#issueCommand(&lt;function&gt;:124)&#xa;&#x9;at jdk.nashorn.internal.scripts.Script$Recompilation$44618$3841A$\^function\_.L:1#issueCommand(&lt;function&gt;:124)&#xa;&#x9;at jdk.nashorn.internal.scripts.Script$Recompilation$44618$3841A$\^function\_.L:1#issueCommand(&lt;function&gt;:124)&#xa;&#x9;at jdk.nashorn.internal.scripts.Script$Recompilation$44618$3841A$\^function\_.L:1#issueCommand(&lt;function&gt;:124)&#xa;&#x9;at jdk.nashorn.internal.scripts.Script$Recompilation$44618$3841A$\^function\_.L:1#issueCommand(&lt;function&gt;:124)&#xa;&#x9;at jdk.nashorn.internal.scripts.Script$Recompilation$44618$3841A$\^function\_.L:1#issueCommand(&lt;function&gt;:124)&#xa;&#x9;at jdk.nashorn.internal.scripts.Script$Recompilation$44618$3841A$\^function\_.L:1#issueCommand(&lt;function&gt;:124)&#xa;&#x9;at jdk.nashorn.internal.scripts.Script$Recompilation$44618$3841A$\^function\_.L:1#issueCommand(&lt;function&gt;:124)&#xa;&#x9;at jdk.nashorn.internal.scripts.Script$Recompilation$44618$3841A$\^function\_.L:1#issueCommand(&lt;function&gt;:124)&#xa;&#x9;at jdk.nashorn.internal.scripts.Script$Recompilation$44618$3841A$\^function\_.L:1#issueCommand(&lt;function&gt;:124)&#xa;&#x9;at jdk.nashorn.internal.scripts.Script$Recompilation$44618$3841A$\^function\_.L:1#issueCommand(&lt;function&gt;:124)&#xa;&#x9;at jdk.nashorn.internal.scripts.Script$Recompilation$44618$3841A$\^function\_.L:1#issueCommand(&lt;function&gt;:124)&#xa;&#x9;at jdk.nashorn.internal.scripts.Script$Recompilation$44618$3841A$\^function\_.L:1#issueCommand(&lt;function&gt;:124)&#xa;&#x9;at jdk.nashorn.internal.scripts.Script$Recompilation$44618$3841A$\^function\_.L:1#issueCommand(&lt;function&gt;:124)&#xa;&#x9;at jdk.nashorn.internal.scripts.Script$Recompilation$44618$3841A$\^function\_.L:1#issueCommand(&lt;function&gt;:124)&#xa;&#x9;at jdk.nashorn.internal.scripts.Script$Recompilation$44618$3841A$\^function\_.L:1#issueCommand(&lt;function&gt;:124)&#xa;&#x9;at jdk.nashorn.internal.scripts.Script$Recompilation$44618$3841A$\^function\_.L:1#issueCommand(&lt;function&gt;:124)&#xa;&#x9;at jdk.nashorn.internal.scripts.Script$Recompilation$44618$3841A$\^function\_.L:1#issueCommand(&lt;function&gt;:124)&#xa;&#x9;at jdk.nashorn.internal.scripts.Script$Recompilation$44618$3841A$\^function\_.L:1#issueCommand(&lt;function&gt;:124)&#xa;&#x9;at jdk.nashorn.internal.scripts.Script$Recompilation$44618$3841A$\^function\_.L:1#issueCommand(&lt;function&gt;:124)&#xa;&#x9;at jdk.nashorn.internal.scripts.Script$Recompilation$44618$3841A$\^function\_.L:1#issueCommand(&lt;function&gt;:124)&#xa;&#x9;at jdk.nashorn.internal.scripts.Script$Recompilation$44618$3841A$\^function\_.L:1#issueCommand(&lt;function&gt;:124)&#xa;&#x9;at jdk.nashorn.internal.scripts.Script$Recompilation$44618$3841A$\^function\_.L:1#issueCommand(&lt;function&gt;:124)&#xa;&#x9;at jdk.nashorn.internal.scripts.Script$Recompilation$44618$3841A$\^function\_.L:1#issueCommand(&lt;function&gt;:124)&#xa;&#x9;at jdk.nashorn.internal.scripts.Script$Recompilation$44618$3841A$\^function\_.L:1#issueCommand(&lt;function&gt;:124)&#xa;&#x9;at jdk.nashorn.internal.scripts.Script$Recompilation$44618$3841A$\^function\_.L:1#issueCommand(&lt;function&gt;:124)&#xa;&#x9;at jdk.nashorn.internal.scripts.Script$Recompilation$44618$3841A$\^function\_.L:1#issueCommand(&lt;function&gt;:124)&#xa;&#x9;at jdk.nashorn.internal.scripts.Script$Recompilation$44618$3841A$\^function\_.L:1#issueCommand(&lt;function&gt;:124)&#xa;&#x9;at jdk.nashorn.internal.scripts.Script$Recompilation$44618$3841A$\^function\_.L:1#issueCommand(&lt;function&gt;:124)&#xa;&#x9;at jdk.nashorn.internal.scripts.Script$Recompilation$44618$3841A$\^function\_.L:1#issueCommand(&lt;function&gt;:124)&#xa;&#x9;at jdk.nashorn.internal.scripts.Script$Recompilation$44618$3841A$\^function\_.L:1#issueCommand(&lt;function&gt;:124)&#xa;&#x9;at jdk.nashorn.internal.scripts.Script$Recompilation$44618$3841A$\^function\_.L:1#issueCommand(&lt;function&gt;:124)&#xa;&#x9;at jdk.nashorn.internal.scripts.Script$Recompilation$44618$3841A$\^function\_.L:1#issueCommand(&lt;function&gt;:124)&#xa;&#x9;at jdk.nashorn.internal.scripts.Script$Recompilation$44618$3841A$\^function\_.L:1#issueCommand(&lt;function&gt;:124)&#xa;&#x9;at jdk.nashorn.internal.scripts.Script$Recompilation$44618$3841A$\^function\_.L:1#issueCommand(&lt;function&gt;:124)&#xa;&#x9;at jdk.nashorn.internal.scripts.Script$Recompilation$44618$3841A$\^function\_.L:1#issueCommand(&lt;function&gt;:124)&#xa;&#x9;at jdk.nashorn.internal.scripts.Script$Recompilation$44618$3841A$\^function\_.L:1#issueCommand(&lt;function&gt;:124)&#xa;&#x9;at jdk.nashorn.internal.scripts.Script$Recompilation$44618$3841A$\^function\_.L:1#issueCommand(&lt;function&gt;:124)&#xa;&#x9;at jdk.nashorn.internal.scripts.Script$Recompilation$44618$3841A$\^function\_.L:1#issueCommand(&lt;function&gt;:124)&#xa;&#x9;at jdk.nashorn.internal.scripts.Script$Recompilation$44618$3841A$\^function\_.L:1#issueCommand(&lt;function&gt;:124)&#xa;&#x9;at jdk.nashorn.internal.scripts.Script$Recompilation$44618$3841A$\^function\_.L:1#issueCommand(&lt;function&gt;:124)&#xa;&#x9;at jdk.nashorn.internal.scripts.Script$Recompilation$44618$3841A$\^function\_.L:1#issueCommand(&lt;function&gt;:124)&#xa;&#x9;at jdk.nashorn.internal.scripts.Script$Recompilation$44618$3841A$\^function\_.L:1#issueCommand(&lt;function&gt;:124)&#xa;&#x9;at jdk.nashorn.internal.scripts.Script$Recompilation$44618$3841A$\^function\_.L:1#issueCommand(&lt;function&gt;:124)&#xa;&#x9;at jdk.nashorn.internal.scripts.Script$Recompilation$44618$3841A$\^function\_.L:1#issueCommand(&lt;function&gt;:124)&#xa;&#x9;at jdk.nashorn.internal.scripts.Script$Recompilation$44618$3841A$\^function\_.L:1#issueCommand(&lt;function&gt;:124)&#xa;&#x9;at jdk.nashorn.internal.scripts.Script$Recompilation$44618$3841A$\^function\_.L:1#issueCommand(&lt;function&gt;:124)&#xa;&#x9;at jdk.nashorn.internal.scripts.Script$Recompilation$44618$3841A$\^function\_.L:1#issueCommand(&lt;function&gt;:124)&#xa;&#x9;at jdk.nashorn.internal.scripts.Script$Recompilation$44618$3841A$\^function\_.L:1#issueCommand(&lt;function&gt;:124)&#xa;&#x9;at jdk.nashorn.internal.scripts.Script$Recompilation$44618$3841A$\^function\_.L:1#issueCommand(&lt;function&gt;:124)&#xa;&#x9;at jdk.nashorn.internal.scripts.Script$Recompilation$44618$3841A$\^function\_.L:1#issueCommand(&lt;function&gt;:124)&#xa;&#x9;at jdk.nashorn.internal.scripts.Script$Recompilation$44618$3841A$\^function\_.L:1#issueCommand(&lt;function&gt;:124)&#xa;&#x9;at jdk.nashorn.internal.scripts.Script$Recompilation$44618$3841A$\^function\_.L:1#issueCommand(&lt;function&gt;:124)&#xa;&#x9;at jdk.nashorn.internal.scripts.Script$Recompilation$44618$3841A$\^function\_.L:1#issueCommand(&lt;function&gt;:124)&#xa;&#x9;at jdk.nashorn.internal.scripts.Script$Recompilation$44618$3841A$\^function\_.L:1#issueCommand(&lt;function&gt;:124)&#xa;&#x9;at jdk.nashorn.internal.scripts.Script$Recompilation$44618$3841A$\^function\_.L:1#issueCommand(&lt;function&gt;:124)&#xa;&#x9;at jdk.nashorn.internal.scripts.Script$Recompilation$44618$3841A$\^function\_.L:1#issueCommand(&lt;function&gt;:124)&#xa;&#x9;at jdk.nashorn.internal.scripts.Script$Recompilation$44618$3841A$\^function\_.L:1#issueCommand(&lt;function&gt;:124)&#xa;&#x9;at jdk.nashorn.internal.scripts.Script$Recompilation$44618$3841A$\^function\_.L:1#issueCommand(&lt;function&gt;:124)&#xa;&#x9;at jdk.nashorn.internal.scripts.Script$Recompilation$44618$3841A$\^function\_.L:1#issueCommand(&lt;function&gt;:124)&#xa;&#x9;at jdk.nashorn.internal.scripts.Script$Recompilation$44618$3841A$\^function\_.L:1#issueCommand(&lt;function&gt;:124)&#xa;&#x9;at jdk.nashorn.internal.scripts.Script$Recompilation$44618$3841A$\^function\_.L:1#issueCommand(&lt;function&gt;:124)&#xa;&#x9;at jdk.nashorn.internal.scripts.Script$Recompilation$44618$3841A$\^function\_.L:1#issueCommand(&lt;function&gt;:124)&#xa;&#x9;at jdk.nashorn.internal.scripts.Script$Recompilation$44618$3841A$\^function\_.L:1#issueCommand(&lt;function&gt;:124)&#xa;&#x9;at jdk.nashorn.internal.scripts.Script$Recompilation$44618$3841A$\^function\_.L:1#issueCommand(&lt;function&gt;:124)&#xa;&#x9;at jdk.nashorn.internal.scripts.Script$Recompilation$44618$3841A$\^function\_.L:1#issueCommand(&lt;function&gt;:124)&#xa;&#x9;at jdk.nashorn.internal.scripts.Script$Recompilation$44618$3841A$\^function\_.L:1#issueCommand(&lt;function&gt;:124)&#xa;&#x9;at jdk.nashorn.internal.scripts.Script$Recompilation$44618$3841A$\^function\_.L:1#issueCommand(&lt;function&gt;:124)&#xa;&#x9;at jdk.nashorn.internal.scripts.Script$Recompilation$44618$3841A$\^function\_.L:1#issueCommand(&lt;function&gt;:124)&#xa;&#x9;at jdk.nashorn.internal.scripts.Script$Recompilation$44618$3841A$\^function\_.L:1#issueCommand(&lt;function&gt;:124)&#xa;&#x9;at jdk.nashorn.internal.scripts.Script$Recompilation$44618$3841A$\^function\_.L:1#issueCommand(&lt;function&gt;:124)&#xa;&#x9;at jdk.nashorn.internal.scripts.Script$Recompilation$44618$3841A$\^function\_.L:1#issueCommand(&lt;function&gt;:124)&#xa;&#x9;at jdk.nashorn.internal.scripts.Script$Recompilation$44618$3841A$\^function\_.L:1#issueCommand(&lt;function&gt;:124)&#xa;&#x9;at jdk.nashorn.internal.scripts.Script$Recompilation$44618$3841A$\^function\_.L:1#issueCommand(&lt;function&gt;:124)&#xa;&#x9;at jdk.nashorn.internal.scripts.Script$Recompilation$44618$3841A$\^function\_.L:1#issueCommand(&lt;function&gt;:124)&#xa;&#x9;at jdk.nashorn.internal.scripts.Script$Recompilation$44618$3841A$\^function\_.L:1#issueCommand(&lt;function&gt;:124)&#xa;&#x9;at jdk.nashorn.internal.scripts.Script$Recompilation$44618$3841A$\^function\_.L:1#issueCommand(&lt;function&gt;:124)&#xa;&#x9;at jdk.nashorn.internal.scripts.Script$Recompilation$44618$3841A$\^function\_.L:1#issueCommand(&lt;function&gt;:124)&#xa;&#x9;at jdk.nashorn.internal.scripts.Script$Recompilation$44618$3841A$\^function\_.L:1#issueCommand(&lt;function&gt;:124)&#xa;&#x9;at jdk.nashorn.internal.scripts.Script$Recompilation$44618$3841A$\^function\_.L:1#issueCommand(&lt;function&gt;:124)&#xa;&#x9;at jdk.nashorn.internal.scripts.Script$Recompilation$44618$3841A$\^function\_.L:1#issueCommand(&lt;function&gt;:124)&#xa;&#x9;at jdk.nashorn.internal.scripts.Script$Recompilation$44618$3841A$\^function\_.L:1#issueCommand(&lt;function&gt;:124)&#xa;&#x9;at jdk.nashorn.internal.scripts.Script$Recompilation$44618$3841A$\^function\_.L:1#issueCommand(&lt;function&gt;:124)&#xa;&#x9;at jdk.nashorn.internal.scripts.Script$Recompilation$44618$3841A$\^function\_.L:1#issueCommand(&lt;function&gt;:124)&#xa;&#x9;at jdk.nashorn.internal.scripts.Script$Recompilation$44618$3841A$\^function\_.L:1#issueCommand(&lt;function&gt;:124)&#xa;&#x9;at jdk.nashorn.internal.scripts.Script$Recompilation$44618$3841A$\^function\_.L:1#issueCommand(&lt;function&gt;:124)&#xa;&#x9;at jdk.nashorn.internal.scripts.Script$Recompilation$44618$3841A$\^function\_.L:1#issueCommand(&lt;function&gt;:124)&#xa;&#x9;at jdk.nashorn.internal.scripts.Script$Recompilation$44618$3841A$\^function\_.L:1#issueCommand(&lt;function&gt;:124)&#xa;&#x9;at jdk.nashorn.internal.scripts.Script$Recompilation$44618$3841A$\^function\_.L:1#issueCommand(&lt;function&gt;:124)&#xa;&#x9;at jdk.nashorn.internal.scripts.Script$Recompilation$44618$3841A$\^function\_.L:1#issueCommand(&lt;function&gt;:124)&#xa;&#x9;at jdk.nashorn.internal.scripts.Script$Recompilation$44618$3841A$\^function\_.L:1#issueCommand(&lt;function&gt;:124)&#xa;&#x9;at jdk.nashorn.internal.scripts.Script$Recompilation$44618$3841A$\^function\_.L:1#issueCommand(&lt;function&gt;:124)&#xa;&#x9;at jdk.nashorn.internal.scripts.Script$Recompilation$44618$3841A$\^function\_.L:1#issueCommand(&lt;function&gt;:124)&#xa;&#x9;at jdk.nashorn.internal.scripts.Script$Recompilation$44618$3841A$\^function\_.L:1#issueCommand(&lt;function&gt;:124)&#xa;&#x9;at jdk.nashorn.internal.scripts.Script$Recompilation$44618$3841A$\^function\_.L:1#issueCommand(&lt;function&gt;:124)&#xa;&#x9;at jdk.nashorn.internal.scripts.Script$Recompilation$44618$3841A$\^function\_.L:1#issueCommand(&lt;function&gt;:124)&#xa;&#x9;at jdk.nashorn.internal.scripts.Script$Recompilation$44618$3841A$\^function\_.L:1#issueCommand(&lt;function&gt;:124)&#xa;&#x9;at jdk.nashorn.internal.scripts.Script$Recompilation$44618$3841A$\^function\_.L:1#issueCommand(&lt;function&gt;:124)&#xa;&#x9;at jdk.nashorn.internal.scripts.Script$Recompilation$44618$3841A$\^function\_.L:1#issueCommand(&lt;function&gt;:124)&#xa;&#x9;at jdk.nashorn.internal.scripts.Script$Recompilation$44618$3841A$\^function\_.L:1#issueCommand(&lt;function&gt;:124)&#xa;&#x9;at jdk.nashorn.internal.scripts.Script$Recompilation$44618$3841A$\^function\_.L:1#issueCommand(&lt;function&gt;:124)&#xa;&#x9;at jdk.nashorn.internal.scripts.Script$Recompilation$44618$3841A$\^function\_.L:1#issueCommand(&lt;function&gt;:124)&#xa;&#x9;at jdk.nashorn.internal.scripts.Script$Recompilation$44618$3841A$\^function\_.L:1#issueCommand(&lt;function&gt;:124)&#xa;&#x9;at jdk.nashorn.internal.scripts.Script$Recompilation$44618$3841A$\^function\_.L:1#issueCommand(&lt;function&gt;:124)&#xa;&#x9;at jdk.nashorn.internal.scripts.Script$Recompilation$44618$3841A$\^function\_.L:1#issueCommand(&lt;function&gt;:124)&#xa;&#x9;at jdk.nashorn.internal.scripts.Script$Recompilation$44618$3841A$\^function\_.L:1#issueCommand(&lt;function&gt;:124)&#xa;&#x9;at jdk.nashorn.internal.scripts.Script$Recompilation$44618$3841A$\^function\_.L:1#issueCommand(&lt;function&gt;:124)&#xa;&#x9;at jdk.nashorn.internal.scripts.Script$Recompilation$44618$3841A$\^function\_.L:1#issueCommand(&lt;function&gt;:124)&#xa;&#x9;at jdk.nashorn.internal.scripts.Script$Recompilation$44618$3841A$\^function\_.L:1#issueCommand(&lt;function&gt;:124)&#xa;&#x9;at jdk.nashorn.internal.scripts.Script$Recompilation$44618$3841A$\^function\_.L:1#issueCommand(&lt;function&gt;:124)&#xa;&#x9;at jdk.nashorn.internal.scripts.Script$Recompilation$44618$3841A$\^function\_.L:1#issueCommand(&lt;function&gt;:124)&#xa;&#x9;at jdk.nashorn.internal.scripts.Script$Recompilation$44618$3841A$\^function\_.L:1#issueCommand(&lt;function&gt;:124)&#xa;&#x9;at jdk.nashorn.internal.scripts.Script$Recompilation$44618$3841A$\^function\_.L:1#issueCommand(&lt;function&gt;:124)&#xa;&#x9;at jdk.nashorn.internal.scripts.Script$Recompilation$44618$3841A$\^function\_.L:1#issueCommand(&lt;function&gt;:124)&#xa;&#x9;at jdk.nashorn.internal.scripts.Script$Recompilation$44618$3841A$\^function\_.L:1#issueCommand(&lt;function&gt;:124)&#xa;&#x9;at jdk.nashorn.internal.scripts.Script$Recompilation$44618$3841A$\^function\_.L:1#issueCommand(&lt;function&gt;:124)&#xa;&#x9;at jdk.nashorn.internal.scripts.Script$Recompilation$44618$3841A$\^function\_.L:1#issueCommand(&lt;function&gt;:124)&#xa;&#x9;at jdk.nashorn.internal.scripts.Script$Recompilation$44618$3841A$\^function\_.L:1#issueCommand(&lt;function&gt;:124)&#xa;&#x9;at jdk.nashorn.internal.scripts.Script$Recompilation$44618$3841A$\^function\_.L:1#issueCommand(&lt;function&gt;:124)&#xa;&#x9;at jdk.nashorn.internal.scripts.Script$Recompilation$44618$3841A$\^function\_.L:1#issueCommand(&lt;function&gt;:124)&#xa;&#x9;at jdk.nashorn.internal.scripts.Script$Recompilation$44618$3841A$\^function\_.L:1#issueCommand(&lt;function&gt;:124)&#xa;&#x9;at jdk.nashorn.internal.scripts.Script$Recompilation$44618$3841A$\^function\_.L:1#issueCommand(&lt;function&gt;:124)&#xa;&#x9;at jdk.nashorn.internal.scripts.Script$Recompilation$44618$3841A$\^function\_.L:1#issueCommand(&lt;function&gt;:124)&#xa;&#x9;at jdk.nashorn.internal.scripts.Script$Recompilation$44618$3841A$\^function\_.L:1#issueCommand(&lt;function&gt;:124)&#xa;&#x9;at jdk.nashorn.internal.scripts.Script$Recompilation$44618$3841A$\^function\_.L:1#issueCommand(&lt;function&gt;:124)&#xa;&#x9;at jdk.nashorn.internal.scripts.Script$Recompilation$44618$3841A$\^function\_.L:1#issueCommand(&lt;function&gt;:124)&#xa;&#x9;at jdk.nashorn.internal.scripts.Script$Recompilation$44618$3841A$\^function\_.L:1#issueCommand(&lt;function&gt;:124)&#xa;&#x9;at jdk.nashorn.internal.scripts.Script$Recompilation$44618$3841A$\^function\_.L:1#issueCommand(&lt;function&gt;:124)&#xa;&#x9;at jdk.nashorn.internal.scripts.Script$Recompilation$44618$3841A$\^function\_.L:1#issueCommand(&lt;function&gt;:124)&#xa;&#x9;at jdk.nashorn.internal.scripts.Script$Recompilation$44618$3841A$\^function\_.L:1#issueCommand(&lt;function&gt;:124)&#xa;&#x9;at jdk.nashorn.internal.scripts.Script$Recompilation$44618$3841A$\^function\_.L:1#issueCommand(&lt;function&gt;:124)&#xa;&#x9;at jdk.nashorn.internal.scripts.Script$Recompilation$44618$3841A$\^function\_.L:1#issueCommand(&lt;function&gt;:124)&#xa;&#x9;at jdk.nashorn.internal.scripts.Script$Recompilation$44618$3841A$\^function\_.L:1#issueCommand(&lt;function&gt;:124)&#xa;&#x9;at jdk.nashorn.internal.scripts.Script$Recompilation$44618$3841A$\^function\_.L:1#issueCommand(&lt;function&gt;:124)&#xa;&#x9;at jdk.nashorn.internal.scripts.Script$Recompilation$44618$3841A$\^function\_.L:1#issueCommand(&lt;function&gt;:124)&#xa;&#x9;at jdk.nashorn.internal.scripts.Script$Recompilation$44618$3841A$\^function\_.L:1#issueCommand(&lt;function&gt;:124)&#xa;&#x9;at jdk.nashorn.internal.scripts.Script$Recompilation$44618$3841A$\^function\_.L:1#issueCommand(&lt;function&gt;:124)&#xa;&#x9;at jdk.nashorn.internal.scripts.Script$Recompilation$44618$3841A$\^function\_.L:1#issueCommand(&lt;function&gt;:124)&#xa;&#x9;at jdk.nashorn.internal.scripts.Script$Recompilation$44618$3841A$\^function\_.L:1#issueCommand(&lt;function&gt;:124)&#xa;&#x9;at jdk.nashorn.internal.scripts.Script$Recompilation$44618$3841A$\^function\_.L:1#issueCommand(&lt;function&gt;:124)&#xa;&#x9;at jdk.nashorn.internal.scripts.Script$Recompilation$44618$3841A$\^function\_.L:1#issueCommand(&lt;function&gt;:124)&#xa;&#x9;at jdk.nashorn.internal.scripts.Script$Recompilation$44618$3841A$\^function\_.L:1#issueCommand(&lt;function&gt;:124)&#xa;&#x9;at jdk.nashorn.internal.scripts.Script$Recompilation$44618$3841A$\^function\_.L:1#issueCommand(&lt;function&gt;:124)&#xa;&#x9;at jdk.nashorn.internal.scripts.Script$Recompilation$44618$3841A$\^function\_.L:1#issueCommand(&lt;function&gt;:124)&#xa;&#x9;at jdk.nashorn.internal.scripts.Script$Recompilation$44618$3841A$\^function\_.L:1#issueCommand(&lt;function&gt;:124)&#xa;&#x9;at jdk.nashorn.internal.scripts.Script$Recompilation$44618$3841A$\^function\_.L:1#issueCommand(&lt;function&gt;:124)&#xa;&#x9;at jdk.nashorn.internal.scripts.Script$Recompilation$44618$3841A$\^function\_.L:1#issueCommand(&lt;function&gt;:124)&#xa;&#x9;at jdk.nashorn.internal.scripts.Script$Recompilation$44618$3841A$\^function\_.L:1#issueCommand(&lt;function&gt;:124)&#xa;&#x9;at jdk.nashorn.internal.scripts.Script$Recompilation$44618$3841A$\^function\_.L:1#issueCommand(&lt;function&gt;:124)&#xa;&#x9;at jdk.nashorn.internal.scripts.Script$Recompilation$44618$3841A$\^function\_.L:1#issueCommand(&lt;function&gt;:124)&#xa;&#x9;at jdk.nashorn.internal.scripts.Script$Recompilation$44618$3841A$\^function\_.L:1#issueCommand(&lt;function&gt;:124)&#xa;&#x9;at jdk.nashorn.internal.scripts.Script$Recompilation$44618$3841A$\^function\_.L:1#issueCommand(&lt;function&gt;:124)&#xa;&#x9;at jdk.nashorn.internal.scripts.Script$Recompilation$44618$3841A$\^function\_.L:1#issueCommand(&lt;function&gt;:124)&#xa;&#x9;at jdk.nashorn.internal.scripts.Script$Recompilation$44618$3841A$\^function\_.L:1#issueCommand(&lt;function&gt;:124)&#xa;&#x9;at jdk.nashorn.internal.scripts.Script$Recompilation$44618$3841A$\^function\_.L:1#issueCommand(&lt;function&gt;:124)&#xa;&#x9;at jdk.nashorn.internal.scripts.Script$Recompilation$44618$3841A$\^function\_.L:1#issueCommand(&lt;function&gt;:124)&#xa;&#x9;at jdk.nashorn.internal.scripts.Script$Recompilation$44618$3841A$\^function\_.L:1#issueCommand(&lt;function&gt;:124)&#xa;&#x9;at jdk.nashorn.internal.scripts.Script$Recompilation$44618$3841A$\^function\_.L:1#issueCommand(&lt;function&gt;:124)&#xa;&#x9;at jdk.nashorn.internal.scripts.Script$Recompilation$44618$3841A$\^function\_.L:1#issueCommand(&lt;function&gt;:124)&#xa;&#x9;at jdk.nashorn.internal.scripts.Script$Recompilation$44618$3841A$\^function\_.L:1#issueCommand(&lt;function&gt;:124)&#xa;&#x9;at jdk.nashorn.internal.scripts.Script$Recompilation$44618$3841A$\^function\_.L:1#issueCommand(&lt;function&gt;:124)&#xa;&#x9;at jdk.nashorn.internal.scripts.Script$Recompilation$44618$3841A$\^function\_.L:1#issueCommand(&lt;function&gt;:124)&#xa;&#x9;at jdk.nashorn.internal.scripts.Script$Recompilation$44618$3841A$\^function\_.L:1#issueCommand(&lt;function&gt;:124)&#xa;&#x9;at jdk.nashorn.internal.scripts.Script$Recompilation$44618$3841A$\^function\_.L:1#issueCommand(&lt;function&gt;:124)&#xa;&#x9;at jdk.nashorn.internal.scripts.Script$Recompilation$44618$3841A$\^function\_.L:1#issueCommand(&lt;function&gt;:124)&#xa;&#x9;at jdk.nashorn.internal.scripts.Script$Recompilation$44618$3841A$\^function\_.L:1#issueCommand(&lt;function&gt;:124)&#xa;&#x9;at jdk.nashorn.internal.scripts.Script$Recompilation$44618$3841A$\^function\_.L:1#issueCommand(&lt;function&gt;:124)&#xa;&#x9;at jdk.nashorn.internal.scripts.Script$Recompilation$44618$3841A$\^function\_.L:1#issueCommand(&lt;function&gt;:124)&#xa;&#x9;at jdk.nashorn.internal.scripts.Script$Recompilation$44618$3841A$\^function\_.L:1#issueCommand(&lt;function&gt;:124)&#xa;&#x9;at jdk.nashorn.internal.scripts.Script$Recompilation$44618$3841A$\^function\_.L:1#issueCommand(&lt;function&gt;:124)&#xa;&#x9;at jdk.nashorn.internal.scripts.Script$Recompilation$44618$3841A$\^function\_.L:1#issueCommand(&lt;function&gt;:124)&#xa;&#x9;at jdk.nashorn.internal.scripts.Script$Recompilation$44618$3841A$\^function\_.L:1#issueCommand(&lt;function&gt;:124)&#xa;&#x9;at jdk.nashorn.internal.scripts.Script$Recompilation$44618$3841A$\^function\_.L:1#issueCommand(&lt;function&gt;:124)&#xa;&#x9;at jdk.nashorn.internal.scripts.Script$Recompilation$44618$3841A$\^function\_.L:1#issueCommand(&lt;function&gt;:124)&#xa;&#x9;at jdk.nashorn.internal.scripts.Script$Recompilation$44618$3841A$\^function\_.L:1#issueCommand(&lt;function&gt;:124)&#xa;&#x9;at jdk.nashorn.internal.scripts.Script$Recompilation$44618$3841A$\^function\_.L:1#issueCommand(&lt;function&gt;:124)&#xa;&#x9;at jdk.nashorn.internal.scripts.Script$Recompilation$44618$3841A$\^function\_.L:1#issueCommand(&lt;function&gt;:124)&#xa;&#x9;at jdk.nashorn.internal.scripts.Script$Recompilation$44618$3841A$\^function\_.L:1#issueCommand(&lt;function&gt;:124)&#xa;&#x9;at jdk.nashorn.internal.scripts.Script$Recompilation$44618$3841A$\^function\_.L:1#issueCommand(&lt;function&gt;:124)&#xa;&#x9;at jdk.nashorn.internal.scripts.Script$Recompilation$44618$3841A$\^function\_.L:1#issueCommand(&lt;function&gt;:124)&#xa;&#x9;at jdk.nashorn.internal.scripts.Script$Recompilation$44618$3841A$\^function\_.L:1#issueCommand(&lt;function&gt;:124)&#xa;&#x9;at jdk.nashorn.internal.scripts.Script$Recompilation$44618$3841A$\^function\_.L:1#issueCommand(&lt;function&gt;:124)&#xa;&#x9;at jdk.nashorn.internal.scripts.Script$Recompilation$44618$3841A$\^function\_.L:1#issueCommand(&lt;function&gt;:124)&#xa;&#x9;at jdk.nashorn.internal.scripts.Script$Recompilation$44618$3841A$\^function\_.L:1#issueCommand(&lt;function&gt;:124)&#xa;&#x9;at jdk.nashorn.internal.scripts.Script$Recompilation$44618$3841A$\^function\_.L:1#issueCommand(&lt;function&gt;:124)&#xa;&#x9;at jdk.nashorn.internal.scripts.Script$Recompilation$44618$3841A$\^function\_.L:1#issueCommand(&lt;function&gt;:124)&#xa;&#x9;at jdk.nashorn.internal.scripts.Script$Recompilation$44618$3841A$\^function\_.L:1#issueCommand(&lt;function&gt;:124)&#xa;&#x9;at jdk.nashorn.internal.scripts.Script$Recompilation$44618$3841A$\^function\_.L:1#issueCommand(&lt;function&gt;:124)&#xa;&#x9;at jdk.nashorn.internal.scripts.Script$Recompilation$44618$3841A$\^function\_.L:1#issueCommand(&lt;function&gt;:124)&#xa;&#x9;at jdk.nashorn.internal.scripts.Script$Recompilation$44618$3841A$\^function\_.L:1#issueCommand(&lt;function&gt;:124)&#xa;&#x9;at jdk.nashorn.internal.scripts.Script$Recompilation$44618$3841A$\^function\_.L:1#issueCommand(&lt;function&gt;:124)&#xa;&#x9;at jdk.nashorn.internal.scripts.Script$Recompilation$44618$3841A$\^function\_.L:1#issueCommand(&lt;function&gt;:124)&#xa;&#x9;at jdk.nashorn.internal.scripts.Script$Recompilation$44618$3841A$\^function\_.L:1#issueCommand(&lt;function&gt;:124)&#xa;&#x9;at jdk.nashorn.internal.scripts.Script$Recompilation$44618$3841A$\^function\_.L:1#issueCommand(&lt;function&gt;:124)&#xa;&#x9;at jdk.nashorn.internal.scripts.Script$Recompilation$44618$3841A$\^function\_.L:1#issueCommand(&lt;function&gt;:124)&#xa;&#x9;at jdk.nashorn.internal.scripts.Script$Recompilation$44618$3841A$\^function\_.L:1#issueCommand(&lt;function&gt;:124)&#xa;&#x9;at jdk.nashorn.internal.scripts.Script$Recompilation$44618$3841A$\^function\_.L:1#issueCommand(&lt;function&gt;:124)&#xa;&#x9;at jdk.nashorn.internal.scripts.Script$Recompilation$44618$3841A$\^function\_.L:1#issueCommand(&lt;function&gt;:124)&#xa;&#x9;at jdk.nashorn.internal.scripts.Script$Recompilation$44618$3841A$\^function\_.L:1#issueCommand(&lt;function&gt;:124)&#xa;&#x9;at jdk.nashorn.internal.scripts.Script$Recompilation$44618$3841A$\^function\_.L:1#issueCommand(&lt;function&gt;:124)&#xa;&#x9;at jdk.nashorn.internal.scripts.Script$Recompilation$44618$3841A$\^function\_.L:1#issueCommand(&lt;function&gt;:124)&#xa;&#x9;at jdk.nashorn.internal.scripts.Script$Recompilation$44618$3841A$\^function\_.L:1#issueCommand(&lt;function&gt;:124)&#xa;&#x9;at jdk.nashorn.internal.scripts.Script$Recompilation$44618$3841A$\^function\_.L:1#issueCommand(&lt;function&gt;:124)&#xa;&#x9;at jdk.nashorn.internal.scripts.Script$Recompilation$44618$3841A$\^function\_.L:1#issueCommand(&lt;function&gt;:124)&#xa;&#x9;at jdk.nashorn.internal.scripts.Script$Recompilation$44618$3841A$\^function\_.L:1#issueCommand(&lt;function&gt;:124)&#xa;&#x9;at jdk.nashorn.internal.scripts.Script$Recompilation$44618$3841A$\^function\_.L:1#issueCommand(&lt;function&gt;:124)&#xa;&#x9;at jdk.nashorn.internal.scripts.Script$Recompilation$44618$3841A$\^function\_.L:1#issueCommand(&lt;function&gt;:124)&#xa;&#x9;at jdk.nashorn.internal.scripts.Script$Recompilation$44618$3841A$\^function\_.L:1#issueCommand(&lt;function&gt;:124)&#xa;&#x9;at jdk.nashorn.internal.scripts.Script$Recompilation$44618$3841A$\^function\_.L:1#issueCommand(&lt;function&gt;:124)&#xa;&#x9;at jdk.nashorn.internal.scripts.Script$Recompilation$44618$3841A$\^function\_.L:1#issueCommand(&lt;function&gt;:124)&#xa;&#x9;at jdk.nashorn.internal.scripts.Script$Recompilation$44618$3841A$\^function\_.L:1#issueCommand(&lt;function&gt;:124)&#xa;&#x9;at jdk.nashorn.internal.scripts.Script$Recompilation$44618$3841A$\^function\_.L:1#issueCommand(&lt;function&gt;:124)&#xa;&#x9;at jdk.nashorn.internal.scripts.Script$Recompilation$44618$3841A$\^function\_.L:1#issueCommand(&lt;function&gt;:124)&#xa;&#x9;at jdk.nashorn.internal.scripts.Script$Recompilation$44618$3841A$\^function\_.L:1#issueCommand(&lt;function&gt;:124)&#xa;&#x9;at jdk.nashorn.internal.scripts.Script$Recompilation$44618$3841A$\^function\_.L:1#issueCommand(&lt;function&gt;:124)&#xa;&#x9;at jdk.nashorn.internal.scripts.Script$Recompilation$44618$3841A$\^function\_.L:1#issueCommand(&lt;function&gt;:124)&#xa;&#x9;at jdk.nashorn.internal.scripts.Script$Recompilation$44618$3841A$\^function\_.L:1#issueCommand(&lt;function&gt;:124)&#xa;&#x9;at jdk.nashorn.internal.scripts.Script$Recompilation$44618$3841A$\^function\_.L:1#issueCommand(&lt;function&gt;:124)&#xa;&#x9;at jdk.nashorn.internal.scripts.Script$Recompilation$44618$3841A$\^function\_.L:1#issueCommand(&lt;function&gt;:124)&#xa;&#x9;at jdk.nashorn.internal.scripts.Script$Recompilation$44618$3841A$\^function\_.L:1#issueCommand(&lt;function&gt;:124)&#xa;&#x9;at jdk.nashorn.internal.scripts.Script$Recompilation$44618$3841A$\^function\_.L:1#issueCommand(&lt;function&gt;:124)&#xa;&#x9;at jdk.nashorn.internal.scripts.Script$Recompilation$44618$3841A$\^function\_.L:1#issueCommand(&lt;function&gt;:124)&#xa;&#x9;at jdk.nashorn.internal.scripts.Script$Recompilation$44618$3841A$\^function\_.L:1#issueCommand(&lt;function&gt;:124)&#xa;&#x9;at jdk.nashorn.internal.scripts.Script$Recompilation$44618$3841A$\^function\_.L:1#issueCommand(&lt;function&gt;:124)&#xa;&#x9;at jdk.nashorn.internal.scripts.Script$Recompilation$44618$3841A$\^function\_.L:1#issueCommand(&lt;function&gt;:124)&#xa;&#x9;at jdk.nashorn.internal.scripts.Script$Recompilation$44618$3841A$\^function\_.L:1#issueCommand(&lt;function&gt;:124)&#xa;&#x9;at jdk.nashorn.internal.scripts.Script$Recompilation$44618$3841A$\^function\_.L:1#issueCommand(&lt;function&gt;:124)&#xa;&#x9;at jdk.nashorn.internal.scripts.Script$Recompilation$44618$3841A$\^function\_.L:1#issueCommand(&lt;function&gt;:124)&#xa;&#x9;at jdk.nashorn.internal.scripts.Script$Recompilation$44618$3841A$\^function\_.L:1#issueCommand(&lt;function&gt;:124)&#xa;&#x9;at jdk.nashorn.internal.scripts.Script$Recompilation$44618$3841A$\^function\_.L:1#issueCommand(&lt;function&gt;:124)&#xa;&#x9;at jdk.nashorn.internal.scripts.Script$Recompilation$44618$3841A$\^function\_.L:1#issueCommand(&lt;function&gt;:124)&#xa;&#x9;at jdk.nashorn.internal.scripts.Script$Recompilation$44618$3841A$\^function\_.L:1#issueCommand(&lt;function&gt;:124)&#xa;&#x9;at jdk.nashorn.internal.scripts.Script$Recompilation$44618$3841A$\^function\_.L:1#issueCommand(&lt;function&gt;:124)&#xa;&#x9;at jdk.nashorn.internal.scripts.Script$Recompilation$44618$3841A$\^function\_.L:1#issueCommand(&lt;function&gt;:124)&#xa;&#x9;at jdk.nashorn.internal.scripts.Script$Recompilation$44618$3841A$\^function\_.L:1#issueCommand(&lt;function&gt;:124)&#xa;&#x9;at jdk.nashorn.internal.scripts.Script$Recompilation$44618$3841A$\^function\_.L:1#issueCommand(&lt;function&gt;:124)&#xa;&#x9;at jdk.nashorn.internal.scripts.Script$Recompilation$44618$3841A$\^function\_.L:1#issueCommand(&lt;function&gt;:124)&#xa;&#x9;at jdk.nashorn.internal.scripts.Script$Recompilation$44618$3841A$\^function\_.L:1#issueCommand(&lt;function&gt;:124)&#xa;&#x9;at jdk.nashorn.internal.scripts.Script$Recompilation$44618$3841A$\^function\_.L:1#issueCommand(&lt;function&gt;:124)&#xa;&#x9;at jdk.nashorn.internal.scripts.Script$Recompilation$44618$3841A$\^function\_.L:1#issueCommand(&lt;function&gt;:124)&#xa;&#x9;at jdk.nashorn.internal.scripts.Script$Recompilation$44618$3841A$\^function\_.L:1#issueCommand(&lt;function&gt;:124)&#xa;&#x9;at jdk.nashorn.internal.scripts.Script$Recompilation$44618$3841A$\^function\_.L:1#issueCommand(&lt;function&gt;:124)&#xa;&#x9;at jdk.nashorn.internal.scripts.Script$Recompilation$44618$3841A$\^function\_.L:1#issueCommand(&lt;function&gt;:124)&#xa;&#x9;at jdk.nashorn.internal.scripts.Script$Recompilation$44618$3841A$\^function\_.L:1#issueCommand(&lt;function&gt;:124)&#xa;&#x9;at jdk.nashorn.internal.scripts.Script$Recompilation$44618$3841A$\^function\_.L:1#issueCommand(&lt;function&gt;:124)&#xa;&#x9;at jdk.nashorn.internal.scripts.Script$Recompilation$44618$3841A$\^function\_.L:1#issueCommand(&lt;function&gt;:124)&#xa;&#x9;at jdk.nashorn.internal.scripts.Script$Recompilation$44618$3841A$\^function\_.L:1#issueCommand(&lt;function&gt;:124)&#xa;&#x9;at jdk.nashorn.internal.scripts.Script$Recompilation$44618$3841A$\^function\_.L:1#issueCommand(&lt;function&gt;:124)&#xa;&#x9;at jdk.nashorn.internal.scripts.Script$Recompilation$44618$3841A$\^function\_.L:1#issueCommand(&lt;function&gt;:124)&#xa;&#x9;at jdk.nashorn.internal.scripts.Script$Recompilation$44618$3841A$\^function\_.L:1#issueCommand(&lt;function&gt;:124)&#xa;&#x9;at jdk.nashorn.internal.scripts.Script$Recompilation$44618$3841A$\^function\_.L:1#issueCommand(&lt;function&gt;:124)&#xa;&#x9;at jdk.nashorn.internal.scripts.Script$Recompilation$44618$3841A$\^function\_.L:1#issueCommand(&lt;function&gt;:124)&#xa;&#x9;at jdk.nashorn.internal.scripts.Script$Recompilation$44618$3841A$\^function\_.L:1#issueCommand(&lt;function&gt;:124)&#xa;&#x9;at jdk.nashorn.internal.scripts.Script$Recompilation$44618$3841A$\^function\_.L:1#issueCommand(&lt;function&gt;:124)&#xa;&#x9;at jdk.nashorn.internal.scripts.Script$Recompilation$44618$3841A$\^function\_.L:1#issueCommand(&lt;function&gt;:124)&#xa;&#x9;at jdk.nashorn.internal.scripts.Script$Recompilation$44618$3841A$\^function\_.L:1#issueCommand(&lt;function&gt;:124)&#xa;&#x9;at jdk.nashorn.internal.scripts.Script$Recompilation$44618$3841A$\^function\_.L:1#issueCommand(&lt;function&gt;:124)&#xa;&#x9;at jdk.nashorn.internal.scripts.Script$Recompilation$44618$3841A$\^function\_.L:1#issueCommand(&lt;function&gt;:124)&#xa;&#x9;at jdk.nashorn.internal.scripts.Script$Recompilation$44618$3841A$\^function\_.L:1#issueCommand(&lt;function&gt;:124)&#xa;&#x9;at jdk.nashorn.internal.scripts.Script$Recompilation$44618$3841A$\^function\_.L:1#issueCommand(&lt;function&gt;:124)&#xa;&#x9;at jdk.nashorn.internal.scripts.Script$Recompilation$44618$3841A$\^function\_.L:1#issueCommand(&lt;function&gt;:124)&#xa;&#x9;at jdk.nashorn.internal.scripts.Script$Recompilation$44618$3841A$\^function\_.L:1#issueCommand(&lt;function&gt;:124)&#xa;&#x9;at jdk.nashorn.internal.scripts.Script$Recompilation$44618$3841A$\^function\_.L:1#issueCommand(&lt;function&gt;:124)&#xa;&#x9;at jdk.nashorn.internal.scripts.Script$Recompilation$44618$3841A$\^function\_.L:1#issueCommand(&lt;function&gt;:124)&#xa;&#x9;at jdk.nashorn.internal.scripts.Script$Recompilation$44618$3841A$\^function\_.L:1#issueCommand(&lt;function&gt;:124)&#xa;&#x9;at jdk.nashorn.internal.scripts.Script$Recompilation$44618$3841A$\^function\_.L:1#issueCommand(&lt;function&gt;:124)&#xa;&#x9;at jdk.nashorn.internal.scripts.Script$Recompilation$44618$3841A$\^function\_.L:1#issueCommand(&lt;function&gt;:124)&#xa;&#x9;at jdk.nashorn.internal.scripts.Script$Recompilation$44618$3841A$\^function\_.L:1#issueCommand(&lt;function&gt;:124)&#xa;&#x9;at jdk.nashorn.internal.scripts.Script$Recompilation$44618$3841A$\^function\_.L:1#issueCommand(&lt;function&gt;:124)&#xa;&#x9;at jdk.nashorn.internal.scripts.Script$Recompilation$44618$3841A$\^function\_.L:1#issueCommand(&lt;function&gt;:124)&#xa;&#x9;at jdk.nashorn.internal.scripts.Script$Recompilation$44618$3841A$\^function\_.L:1#issueCommand(&lt;function&gt;:124)&#xa;&#x9;at jdk.nashorn.internal.scripts.Script$Recompilation$44618$3841A$\^function\_.L:1#issueCommand(&lt;function&gt;:124)&#xa;&#x9;at jdk.nashorn.internal.scripts.Script$Recompilation$44618$3841A$\^function\_.L:1#issueCommand(&lt;function&gt;:124)&#xa;&#x9;at jdk.nashorn.internal.scripts.Script$Recompilation$44618$3841A$\^function\_.L:1#issueCommand(&lt;function&gt;:124)&#xa;&#x9;at jdk.nashorn.internal.scripts.Script$Recompilation$44618$3841A$\^function\_.L:1#issueCommand(&lt;function&gt;:124)&#xa;&#x9;at jdk.nashorn.internal.scripts.Script$Recompilation$44618$3841A$\^function\_.L:1#issueCommand(&lt;function&gt;:124)&#xa;&#x9;at jdk.nashorn.internal.scripts.Script$Recompilation$44618$3841A$\^function\_.L:1#issueCommand(&lt;function&gt;:124)&#xa;&#x9;at jdk.nashorn.internal.scripts.Script$Recompilation$44618$3841A$\^function\_.L:1#issueCommand(&lt;function&gt;:124)&#xa;&#x9;at jdk.nashorn.internal.scripts.Script$Recompilation$44618$3841A$\^function\_.L:1#issueCommand(&lt;function&gt;:124)&#xa;&#x9;at jdk.nashorn.internal.scripts.Script$Recompilation$44618$3841A$\^function\_.L:1#issueCommand(&lt;function&gt;:124)&#xa;&#x9;at jdk.nashorn.internal.scripts.Script$Recompilation$44618$3841A$\^function\_.L:1#issueCommand(&lt;function&gt;:124)&#xa;&#x9;at jdk.nashorn.internal.scripts.Script$Recompilation$44618$3841A$\^function\_.L:1#issueCommand(&lt;function&gt;:124)&#xa;&#x9;at jdk.nashorn.internal.scripts.Script$Recompilation$44618$3841A$\^function\_.L:1#issueCommand(&lt;function&gt;:124)&#xa;&#x9;at jdk.nashorn.internal.scripts.Script$Recompilation$44618$3841A$\^function\_.L:1#issueCommand(&lt;function&gt;:124)&#xa;&#x9;at jdk.nashorn.internal.scripts.Script$Recompilation$44618$3841A$\^function\_.L:1#issueCommand(&lt;function&gt;:124)&#xa;&#x9;at jdk.nashorn.internal.scripts.Script$Recompilation$44618$3841A$\^function\_.L:1#issueCommand(&lt;function&gt;:124)&#xa;&#x9;at jdk.nashorn.internal.scripts.Script$Recompilation$44618$3841A$\^function\_.L:1#issueCommand(&lt;function&gt;:124)&#xa;&#x9;at jdk.nashorn.internal.scripts.Script$Recompilation$44618$3841A$\^function\_.L:1#issueCommand(&lt;function&gt;:124)&#xa;&#x9;at jdk.nashorn.internal.scripts.Script$Recompilation$44618$3841A$\^function\_.L:1#issueCommand(&lt;function&gt;:124)&#xa;&#x9;at jdk.nashorn.internal.scripts.Script$Recompilation$44618$3841A$\^function\_.L:1#issueCommand(&lt;function&gt;:124)&#xa;&#x9;at jdk.nashorn.internal.scripts.Script$Recompilation$44618$3841A$\^function\_.L:1#issueCommand(&lt;function&gt;:124)&#xa;&#x9;at jdk.nashorn.internal.scripts.Script$Recompilation$44618$3841A$\^function\_.L:1#issueCommand(&lt;function&gt;:124)&#xa;&#x9;at jdk.nashorn.internal.scripts.Script$Recompilation$44618$3841A$\^function\_.L:1#issueCommand(&lt;function&gt;:124)&#xa;&#x9;at jdk.nashorn.internal.scripts.Script$Recompilation$44618$3841A$\^function\_.L:1#issueCommand(&lt;function&gt;:124)&#xa;&#x9;at jdk.nashorn.internal.scripts.Script$Recompilation$44618$3841A$\^function\_.L:1#issueCommand(&lt;function&gt;:124)&#xa;&#x9;at jdk.nashorn.internal.scripts.Script$Recompilation$44618$3841A$\^function\_.L:1#issueCommand(&lt;function&gt;:124)&#xa;&#x9;at jdk.nashorn.internal.scripts.Script$Recompilation$44618$3841A$\^function\_.L:1#issueCommand(&lt;function&gt;:124)&#xa;&#x9;at jdk.nashorn.internal.scripts.Script$Recompilation$44618$3841A$\^function\_.L:1#issueCommand(&lt;function&gt;:124)&#xa;&#x9;at jdk.nashorn.internal.scripts.Script$Recompilation$44618$3841A$\^function\_.L:1#issueCommand(&lt;function&gt;:124)&#xa;&#x9;at jdk.nashorn.internal.scripts.Script$Recompilation$44618$3841A$\^function\_.L:1#issueCommand(&lt;function&gt;:124)&#xa;&#x9;at jdk.nashorn.internal.scripts.Script$Recompilation$44618$3841A$\^function\_.L:1#issueCommand(&lt;function&gt;:124)&#xa;&#x9;at jdk.nashorn.internal.scripts.Script$Recompilation$44618$3841A$\^function\_.L:1#issueCommand(&lt;function&gt;:124)&#xa;&#x9;at jdk.nashorn.internal.scripts.Script$Recompilation$44618$3841A$\^function\_.L:1#issueCommand(&lt;function&gt;:124)&#xa;&#x9;at jdk.nashorn.internal.scripts.Script$Recompilation$44618$3841A$\^function\_.L:1#issueCommand(&lt;function&gt;:124)&#xa;&#x9;at jdk.nashorn.internal.scripts.Script$Recompilation$44618$3841A$\^function\_.L:1#issueCommand(&lt;function&gt;:124)&#xa;&#x9;at jdk.nashorn.internal.scripts.Script$Recompilation$44618$3841A$\^function\_.L:1#issueCommand(&lt;function&gt;:124)&#xa;&#x9;at jdk.nashorn.internal.scripts.Script$Recompilation$44618$3841A$\^function\_.L:1#issueCommand(&lt;function&gt;:124)&#xa;&#x9;at jdk.nashorn.internal.scripts.Script$Recompilation$44618$3841A$\^function\_.L:1#issueCommand(&lt;function&gt;:124)&#xa;&#x9;at jdk.nashorn.internal.scripts.Script$Recompilation$44618$3841A$\^function\_.L:1#issueCommand(&lt;function&gt;:124)&#xa;&#x9;at jdk.nashorn.internal.scripts.Script$Recompilation$44618$3841A$\^function\_.L:1#issueCommand(&lt;function&gt;:124)&#xa;&#x9;at jdk.nashorn.internal.scripts.Script$Recompilation$44618$3841A$\^function\_.L:1#issueCommand(&lt;function&gt;:124)&#xa;&#x9;at jdk.nashorn.internal.scripts.Script$Recompilation$44618$3841A$\^function\_.L:1#issueCommand(&lt;function&gt;:124)&#xa;&#x9;at jdk.nashorn.internal.scripts.Script$Recompilation$44618$3841A$\^function\_.L:1#issueCommand(&lt;function&gt;:124)&#xa;&#x9;at jdk.nashorn.internal.scripts.Script$Recompilation$44618$3841A$\^function\_.L:1#issueCommand(&lt;function&gt;:124)&#xa;&#x9;at jdk.nashorn.internal.scripts.Script$Recompilation$44618$3841A$\^function\_.L:1#issueCommand(&lt;function&gt;:124)&#xa;&#x9;at jdk.nashorn.internal.scripts.Script$Recompilation$44618$3841A$\^function\_.L:1#issueCommand(&lt;function&gt;:124)&#xa;&#x9;at jdk.nashorn.internal.scripts.Script$Recompilation$44618$3841A$\^function\_.L:1#issueCommand(&lt;function&gt;:124)&#xa;&#x9;at jdk.nashorn.internal.scripts.Script$Recompilation$44618$3841A$\^function\_.L:1#issueCommand(&lt;function&gt;:124)&#xa;&#x9;at jdk.nashorn.internal.scripts.Script$Recompilation$44618$3841A$\^function\_.L:1#issueCommand(&lt;function&gt;:124)&#xa;&#x9;at jdk.nashorn.internal.scripts.Script$Recompilation$44618$3841A$\^function\_.L:1#issueCommand(&lt;function&gt;:124)&#xa;&#x9;at jdk.nashorn.internal.scripts.Script$Recompilation$44618$3841A$\^function\_.L:1#issueCommand(&lt;function&gt;:124)&#xa;&#x9;at jdk.nashorn.internal.scripts.Script$Recompilation$44618$3841A$\^function\_.L:1#issueCommand(&lt;function&gt;:124)&#xa;&#x9;at jdk.nashorn.internal.scripts.Script$Recompilation$44618$3841A$\^function\_.L:1#issueCommand(&lt;function&gt;:124)&#xa;&#x9;at jdk.nashorn.internal.scripts.Script$Recompilation$44618$3841A$\^function\_.L:1#issueCommand(&lt;function&gt;:124)&#xa;&#x9;at jdk.nashorn.internal.scripts.Script$Recompilation$44618$3841A$\^function\_.L:1#issueCommand(&lt;function&gt;:124)&#xa;&#x9;at jdk.nashorn.internal.scripts.Script$Recompilation$44618$3841A$\^function\_.L:1#issueCommand(&lt;function&gt;:124)&#xa;&#x9;at jdk.nashorn.internal.scripts.Script$Recompilation$44618$3841A$\^function\_.L:1#issueCommand(&lt;function&gt;:124)&#xa;&#x9;at jdk.nashorn.internal.scripts.Script$Recompilation$44618$3841A$\^function\_.L:1#issueCommand(&lt;function&gt;:124)&#xa;&#x9;at jdk.nashorn.internal.scripts.Script$Recompilation$44618$3841A$\^function\_.L:1#issueCommand(&lt;function&gt;:124)&#xa;&#x9;at jdk.nashorn.internal.scripts.Script$Recompilation$44618$3841A$\^function\_.L:1#issueCommand(&lt;function&gt;:124)&#xa;&#x9;at jdk.nashorn.internal.scripts.Script$Recompilation$44618$3841A$\^function\_.L:1#issueCommand(&lt;function&gt;:124)&#xa;&#x9;at jdk.nashorn.internal.scripts.Script$Recompilation$44618$3841A$\^function\_.L:1#issueCommand(&lt;function&gt;:124)&#xa;&#x9;at jdk.nashorn.internal.scripts.Script$Recompilation$44618$3841A$\^function\_.L:1#issueCommand(&lt;function&gt;:124)&#xa;&#x9;at jdk.nashorn.internal.scripts.Script$Recompilation$44618$3841A$\^function\_.L:1#issueCommand(&lt;function&gt;:124)&#xa;&#x9;at jdk.nashorn.internal.scripts.Script$Recompilation$44618$3841A$\^function\_.L:1#issueCommand(&lt;function&gt;:124)&#xa;&#x9;at jdk.nashorn.internal.scripts.Script$Recompilation$44618$3841A$\^function\_.L:1#issueCommand(&lt;function&gt;:124)&#xa;&#x9;at jdk.nashorn.internal.scripts.Script$Recompilation$44618$3841A$\^function\_.L:1#issueCommand(&lt;function&gt;:124)&#xa;&#x9;at jdk.nashorn.internal.scripts.Script$Recompilation$44618$3841A$\^function\_.L:1#issueCommand(&lt;function&gt;:124)&#xa;&#x9;at jdk.nashorn.internal.scripts.Script$Recompilation$44618$3841A$\^function\_.L:1#issueCommand(&lt;function&gt;:124)&#xa;&#x9;at jdk.nashorn.internal.scripts.Script$Recompilation$44618$3841A$\^function\_.L:1#issueCommand(&lt;function&gt;:124)&#xa;&#x9;at jdk.nashorn.internal.scripts.Script$Recompilation$44618$3841A$\^function\_.L:1#issueCommand(&lt;function&gt;:124)&#xa;&#x9;at jdk.nashorn.internal.scripts.Script$Recompilation$44618$3841A$\^function\_.L:1#issueCommand(&lt;function&gt;:124)&#xa;&#x9;at jdk.nashorn.internal.scripts.Script$Recompilation$44618$3841A$\^function\_.L:1#issueCommand(&lt;function&gt;:124)&#xa;&#x9;at jdk.nashorn.internal.scripts.Script$Recompilation$44618$3841A$\^function\_.L:1#issueCommand(&lt;function&gt;:124)&#xa;&#x9;at jdk.nashorn.internal.scripts.Script$Recompilation$44618$3841A$\^function\_.L:1#issueCommand(&lt;function&gt;:124)&#xa;&#x9;at jdk.nashorn.internal.scripts.Script$Recompilation$44618$3841A$\^function\_.L:1#issueCommand(&lt;function&gt;:124)&#xa;&#x9;at jdk.nashorn.internal.scripts.Script$Recompilation$44618$3841A$\^function\_.L:1#issueCommand(&lt;function&gt;:124)&#xa;&#x9;at jdk.nashorn.internal.scripts.Script$Recompilation$44618$3841A$\^function\_.L:1#issueCommand(&lt;function&gt;:124)&#xa;&#x9;at jdk.nashorn.internal.scripts.Script$Recompilation$44618$3841A$\^function\_.L:1#issueCommand(&lt;function&gt;:124)&#xa;&#x9;at jdk.nashorn.internal.scripts.Script$Recompilation$44618$3841A$\^function\_.L:1#issueCommand(&lt;function&gt;:124)&#xa;&#x9;at jdk.nashorn.internal.scripts.Script$Recompilation$44618$3841A$\^function\_.L:1#issueCommand(&lt;function&gt;:124)&#xa;&#x9;at jdk.nashorn.internal.scripts.Script$Recompilation$44618$3841A$\^function\_.L:1#issueCommand(&lt;function&gt;:124)&#xa;&#x9;at jdk.nashorn.internal.scripts.Script$Recompilation$44618$3841A$\^function\_.L:1#issueCommand(&lt;function&gt;:124)&#xa;&#x9;at jdk.nashorn.internal.scripts.Script$Recompilation$44618$3841A$\^function\_.L:1#issueCommand(&lt;function&gt;:124)&#xa;&#x9;at jdk.nashorn.internal.scripts.Script$Recompilation$44618$3841A$\^function\_.L:1#issueCommand(&lt;function&gt;:124)&#xa;&#x9;at jdk.nashorn.internal.scripts.Script$Recompilation$44618$3841A$\^function\_.L:1#issueCommand(&lt;function&gt;:124)&#xa;&#x9;at jdk.nashorn.internal.scripts.Script$Recompilation$44618$3841A$\^function\_.L:1#issueCommand(&lt;function&gt;:124)&#xa;&#x9;at jdk.nashorn.internal.scripts.Script$Recompilation$44618$3841A$\^function\_.L:1#issueCommand(&lt;function&gt;:124)&#xa;&#x9;at jdk.nashorn.internal.scripts.Script$Recompilation$44618$3841A$\^function\_.L:1#issueCommand(&lt;function&gt;:124)&#xa;&#x9;at jdk.nashorn.internal.scripts.Script$Recompilation$44618$3841A$\^function\_.L:1#issueCommand(&lt;function&gt;:124)&#xa;&#x9;at jdk.nashorn.internal.scripts.Script$Recompilation$44618$3841A$\^function\_.L:1#issueCommand(&lt;function&gt;:124)&#xa;&#x9;at jdk.nashorn.internal.scripts.Script$Recompilation$44618$3841A$\^function\_.L:1#issueCommand(&lt;function&gt;:124)&#xa;&#x9;at jdk.nashorn.internal.scripts.Script$Recompilation$44618$3841A$\^function\_.L:1#issueCommand(&lt;function&gt;:124)&#xa;&#x9;at jdk.nashorn.internal.scripts.Script$Recompilation$44618$3841A$\^function\_.L:1#issueCommand(&lt;function&gt;:124)&#xa;&#x9;at jdk.nashorn.internal.scripts.Script$Recompilation$44618$3841A$\^function\_.L:1#issueCommand(&lt;function&gt;:124)&#xa;&#x9;at jdk.nashorn.internal.scripts.Script$Recompilation$44618$3841A$\^function\_.L:1#issueCommand(&lt;function&gt;:124)&#xa;&#x9;at jdk.nashorn.internal.scripts.Script$Recompilation$44618$3841A$\^function\_.L:1#issueCommand(&lt;function&gt;:124)&#xa;&#x9;at jdk.nashorn.internal.scripts.Script$Recompilation$44618$3841A$\^function\_.L:1#issueCommand(&lt;function&gt;:124)&#xa;&#x9;at jdk.nashorn.internal.scripts.Script$Recompilation$44618$3841A$\^function\_.L:1#issueCommand(&lt;function&gt;:124)&#xa;&#x9;at jdk.nashorn.internal.scripts.Script$Recompilation$44618$3841A$\^function\_.L:1#issueCommand(&lt;function&gt;:124)&#xa;&#x9;at jdk.nashorn.internal.scripts.Script$Recompilation$44618$3841A$\^function\_.L:1#issueCommand(&lt;function&gt;:124)&#xa;&#x9;at jdk.nashorn.internal.scripts.Script$Recompilation$44618$3841A$\^function\_.L:1#issueCommand(&lt;function&gt;:124)&#xa;&#x9;at jdk.nashorn.internal.scripts.Script$Recompilation$44618$3841A$\^function\_.L:1#issueCommand(&lt;function&gt;:124)&#xa;&#x9;at jdk.nashorn.internal.scripts.Script$Recompilation$44618$3841A$\^function\_.L:1#issueCommand(&lt;function&gt;:124)&#xa;&#x9;at jdk.nashorn.internal.scripts.Script$Recompilation$44618$3841A$\^function\_.L:1#issueCommand(&lt;function&gt;:124)&#xa;&#x9;at jdk.nashorn.internal.scripts.Script$Recompilation$44618$3841A$\^function\_.L:1#issueCommand(&lt;function&gt;:124)&#xa;&#x9;at jdk.nashorn.internal.scripts.Script$Recompilation$44618$3841A$\^function\_.L:1#issueCommand(&lt;function&gt;:124)&#xa;&#x9;at jdk.nashorn.internal.scripts.Script$Recompilation$44618$3841A$\^function\_.L:1#issueCommand(&lt;function&gt;:124)&#xa;&#x9;at jdk.nashorn.internal.scripts.Script$Recompilation$44618$3841A$\^function\_.L:1#issueCommand(&lt;function&gt;:124)&#xa;&#x9;at jdk.nashorn.internal.scripts.Script$Recompilation$44618$3841A$\^function\_.L:1#issueCommand(&lt;function&gt;:124)&#xa;&#x9;at jdk.nashorn.internal.scripts.Script$Recompilation$44618$3841A$\^function\_.L:1#issueCommand(&lt;function&gt;:124)&#xa;&#x9;at jdk.nashorn.internal.scripts.Script$Recompilation$44618$3841A$\^function\_.L:1#issueCommand(&lt;function&gt;:124)&#xa;&#x9;at jdk.nashorn.internal.scripts.Script$Recompilation$44618$3841A$\^function\_.L:1#issueCommand(&lt;function&gt;:124)&#xa;&#x9;at jdk.nashorn.internal.scripts.Script$Recompilation$44618$3841A$\^function\_.L:1#issueCommand(&lt;function&gt;:124)&#xa;&#x9;at jdk.nashorn.internal.scripts.Script$Recompilation$44618$3841A$\^function\_.L:1#issueCommand(&lt;function&gt;:124)&#xa;&#x9;at jdk.nashorn.internal.scripts.Script$Recompilation$44618$3841A$\^function\_.L:1#issueCommand(&lt;function&gt;:124)&#xa;&#x9;at jdk.nashorn.internal.scripts.Script$Recompilation$44618$3841A$\^function\_.L:1#issueCommand(&lt;function&gt;:124)&#xa;&#x9;at jdk.nashorn.internal.scripts.Script$Recompilation$44618$3841A$\^function\_.L:1#issueCommand(&lt;function&gt;:124)&#xa;&#x9;at jdk.nashorn.internal.scripts.Script$Recompilation$44618$3841A$\^function\_.L:1#issueCommand(&lt;function&gt;:124)&#xa;&#x9;at jdk.nashorn.internal.scripts.Script$Recompilation$44618$3841A$\^function\_.L:1#issueCommand(&lt;function&gt;:124)&#xa;&#x9;at jdk.nashorn.internal.scripts.Script$Recompilation$44618$3841A$\^function\_.L:1#issueCommand(&lt;function&gt;:124)&#xa;&#x9;at jdk.nashorn.internal.scripts.Script$Recompilation$44618$3841A$\^function\_.L:1#issueCommand(&lt;function&gt;:124)&#xa;&#x9;at jdk.nashorn.internal.scripts.Script$Recompilation$44618$3841A$\^function\_.L:1#issueCommand(&lt;function&gt;:124)&#xa;&#x9;at jdk.nashorn.internal.scripts.Script$Recompilation$44618$3841A$\^function\_.L:1#issueCommand(&lt;function&gt;:124)&#xa;&#x9;at jdk.nashorn.internal.scripts.Script$Recompilation$44618$3841A$\^function\_.L:1#issueCommand(&lt;function&gt;:124)&#xa;&#x9;at jdk.nashorn.internal.scripts.Script$Recompilation$44618$3841A$\^function\_.L:1#issueCommand(&lt;function&gt;:124)&#xa;&#x9;at jdk.nashorn.internal.scripts.Script$Recompilation$44618$3841A$\^function\_.L:1#issueCommand(&lt;function&gt;:124)&#xa;&#x9;at jdk.nashorn.internal.scripts.Script$Recompilation$44618$3841A$\^function\_.L:1#issueCommand(&lt;function&gt;:124)&#xa;&#x9;at jdk.nashorn.internal.scripts.Script$Recompilation$44618$3841A$\^function\_.L:1#issueCommand(&lt;function&gt;:124)&#xa;&#x9;at jdk.nashorn.internal.scripts.Script$Recompilation$44618$3841A$\^function\_.L:1#issueCommand(&lt;function&gt;:124)&#xa;&#x9;at jdk.nashorn.internal.scripts.Script$Recompilation$44618$3841A$\^function\_.L:1#issueCommand(&lt;function&gt;:124)&#xa;&#x9;at jdk.nashorn.internal.scripts.Script$Recompilation$44618$3841A$\^function\_.L:1#issueCommand(&lt;function&gt;:124)&#xa;&#x9;at jdk.nashorn.internal.scripts.Script$Recompilation$44618$3841A$\^function\_.L:1#issueCommand(&lt;function&gt;:124)&#xa;&#x9;at jdk.nashorn.internal.scripts.Script$Recompilation$44618$3841A$\^function\_.L:1#issueCommand(&lt;function&gt;:124)&#xa;&#x9;at jdk.nashorn.internal.scripts.Script$Recompilation$44618$3841A$\^function\_.L:1#issueCommand(&lt;function&gt;:124)&#xa;&#x9;at jdk.nashorn.internal.scripts.Script$Recompilation$44618$3841A$\^function\_.L:1#issueCommand(&lt;function&gt;:124)&#xa;&#x9;at jdk.nashorn.internal.scripts.Script$Recompilation$44618$3841A$\^function\_.L:1#issueCommand(&lt;function&gt;:124)&#xa;&#x9;at jdk.nashorn.internal.scripts.Script$Recompilation$44618$3841A$\^function\_.L:1#issueCommand(&lt;function&gt;:124)&#xa;&#x9;at jdk.nashorn.internal.scripts.Script$Recompilation$44618$3841A$\^function\_.L:1#issueCommand(&lt;function&gt;:124)&#xa;&#x9;at jdk.nashorn.internal.scripts.Script$Recompilation$44618$3841A$\^function\_.L:1#issueCommand(&lt;function&gt;:124)&#xa;&#x9;at jdk.nashorn.internal.scripts.Script$Recompilation$44618$3841A$\^function\_.L:1#issueCommand(&lt;function&gt;:124)&#xa;&#x9;at jdk.nashorn.internal.scripts.Script$Recompilation$44618$3841A$\^function\_.L:1#issueCommand(&lt;function&gt;:124)&#xa;&#x9;at jdk.nashorn.internal.scripts.Script$Recompilation$44618$3841A$\^function\_.L:1#issueCommand(&lt;function&gt;:124)&#xa;&#x9;at jdk.nashorn.internal.scripts.Script$Recompilation$44618$3841A$\^function\_.L:1#issueCommand(&lt;function&gt;:124)&#xa;&#x9;at jdk.nashorn.internal.scripts.Script$Recompilation$44618$3841A$\^function\_.L:1#issueCommand(&lt;function&gt;:124)&#xa;&#x9;at jdk.nashorn.internal.scripts.Script$Recompilation$44618$3841A$\^function\_.L:1#issueCommand(&lt;function&gt;:124)&#xa;&#x9;at jdk.nashorn.internal.scripts.Script$Recompilation$44618$3841A$\^function\_.L:1#issueCommand(&lt;function&gt;:124)&#xa;&#x9;at jdk.nashorn.internal.scripts.Script$Recompilation$44618$3841A$\^function\_.L:1#issueCommand(&lt;function&gt;:124)&#xa;&#x9;at jdk.nashorn.internal.scripts.Script$Recompilation$44618$3841A$\^function\_.L:1#issueCommand(&lt;function&gt;:124)&#xa;&#x9;at jdk.nashorn.internal.scripts.Script$Recompilation$44618$3841A$\^function\_.L:1#issueCommand(&lt;function&gt;:124)&#xa;&#x9;at jdk.nashorn.internal.scripts.Script$Recompilation$44618$3841A$\^function\_.L:1#issueCommand(&lt;function&gt;:124)&#xa;&#x9;at jdk.nashorn.internal.scripts.Script$Recompilation$44618$3841A$\^function\_.L:1#issueCommand(&lt;function&gt;:124)&#xa;&#x9;at jdk.nashorn.internal.scripts.Script$Recompilation$44618$3841A$\^function\_.L:1#issueCommand(&lt;function&gt;:124)&#xa;&#x9;at jdk.nashorn.internal.scripts.Script$Recompilation$44618$3841A$\^function\_.L:1#issueCommand(&lt;function&gt;:124)&#xa;&#x9;at jdk.nashorn.internal.scripts.Script$Recompilation$44618$3841A$\^function\_.L:1#issueCommand(&lt;function&gt;:124)&#xa;&#x9;at jdk.nashorn.internal.scripts.Script$Recompilation$44618$3841A$\^function\_.L:1#issueCommand(&lt;function&gt;:124)&#xa;&#x9;at jdk.nashorn.internal.scripts.Script$Recompilation$44618$3841A$\^function\_.L:1#issueCommand(&lt;function&gt;:124)&#xa;&#x9;at jdk.nashorn.internal.scripts.Script$Recompilation$44618$3841A$\^function\_.L:1#issueCommand(&lt;function&gt;:124)&#xa;&#x9;at jdk.nashorn.internal.scripts.Script$Recompilation$44618$3841A$\^function\_.L:1#issueCommand(&lt;function&gt;:124)&#xa;&#x9;at jdk.nashorn.internal.scripts.Script$Recompilation$44618$3841A$\^function\_.L:1#issueCommand(&lt;function&gt;:124)&#xa;&#x9;at jdk.nashorn.internal.scripts.Script$Recompilation$44618$3841A$\^function\_.L:1#issueCommand(&lt;function&gt;:124)&#xa;&#x9;at jdk.nashorn.internal.scripts.Script$Recompilation$44618$3841A$\^function\_.L:1#issueCommand(&lt;function&gt;:124)&#xa;&#x9;at jdk.nashorn.internal.scripts.Script$Recompilation$44618$3841A$\^function\_.L:1#issueCommand(&lt;function&gt;:124)&#xa;&#x9;at jdk.nashorn.internal.scripts.Script$Recompilation$44618$3841A$\^function\_.L:1#issueCommand(&lt;function&gt;:124)&#xa;&#x9;at jdk.nashorn.internal.scripts.Script$Recompilation$44618$3841A$\^function\_.L:1#issueCommand(&lt;function&gt;:124)&#xa;&#x9;at jdk.nashorn.internal.scripts.Script$Recompilation$44618$3841A$\^function\_.L:1#issueCommand(&lt;function&gt;:124)&#xa;&#x9;at jdk.nashorn.internal.scripts.Script$Recompilation$44618$3841A$\^function\_.L:1#issueCommand(&lt;function&gt;:124)&#xa;&#x9;at jdk.nashorn.internal.scripts.Script$Recompilation$44618$3841A$\^function\_.L:1#issueCommand(&lt;function&gt;:124)&#xa;&#x9;at jdk.nashorn.internal.scripts.Script$Recompilation$44618$3841A$\^function\_.L:1#issueCommand(&lt;function&gt;:124)&#xa;&#x9;at jdk.nashorn.internal.scripts.Script$Recompilation$44618$3841A$\^function\_.L:1#issueCommand(&lt;function&gt;:124)&#xa;&#x9;at jdk.nashorn.internal.scripts.Script$Recompilation$44618$3841A$\^function\_.L:1#issueCommand(&lt;function&gt;:124)&#xa;&#x9;at jdk.nashorn.internal.scripts.Script$Recompilation$44618$3841A$\^function\_.L:1#issueCommand(&lt;function&gt;:124)&#xa;&#x9;at jdk.nashorn.internal.scripts.Script$Recompilation$44618$3841A$\^function\_.L:1#issueCommand(&lt;function&gt;:124)&#xa;&#x9;at jdk.nashorn.internal.scripts.Script$Recompilation$44618$3841A$\^function\_.L:1#issueCommand(&lt;function&gt;:124)&#xa;&#x9;at jdk.nashorn.internal.scripts.Script$Recompilation$44618$3841A$\^function\_.L:1#issueCommand(&lt;function&gt;:124)&#xa;&#x9;at jdk.nashorn.internal.scripts.Script$Recompilation$44618$3841A$\^function\_.L:1#issueCommand(&lt;function&gt;:124)&#xa;&#x9;at jdk.nashorn.internal.scripts.Script$Recompilation$44618$3841A$\^function\_.L:1#issueCommand(&lt;function&gt;:124)&#xa;&#x9;at jdk.nashorn.internal.scripts.Script$Recompilation$44618$3841A$\^function\_.L:1#issueCommand(&lt;function&gt;:124)&#xa;&#x9;at jdk.nashorn.internal.scripts.Script$Recompilation$44618$3841A$\^function\_.L:1#issueCommand(&lt;function&gt;:124)&#xa;&#x9;at jdk.nashorn.internal.scripts.Script$Recompilation$44618$3841A$\^function\_.L:1#issueCommand(&lt;function&gt;:124)&#xa;&#x9;at jdk.nashorn.internal.scripts.Script$Recompilation$44618$3841A$\^function\_.L:1#issueCommand(&lt;function&gt;:124)&#xa;&#x9;at jdk.nashorn.internal.scripts.Script$Recompilation$44618$3841A$\^function\_.L:1#issueCommand(&lt;function&gt;:124)&#xa;&#x9;at jdk.nashorn.internal.scripts.Script$Recompilation$44618$3841A$\^function\_.L:1#issueCommand(&lt;function&gt;:124)&#xa;&#x9;at jdk.nashorn.internal.scripts.Script$Recompilation$44618$3841A$\^function\_.L:1#issueCommand(&lt;function&gt;:124)&#xa;&#x9;at jdk.nashorn.internal.scripts.Script$Recompilation$44618$3841A$\^function\_.L:1#issueCommand(&lt;function&gt;:124)&#xa;&#x9;at jdk.nashorn.internal.scripts.Script$Recompilation$44618$3841A$\^function\_.L:1#issueCommand(&lt;function&gt;:124)&#xa;&#x9;at jdk.nashorn.internal.scripts.Script$Recompilation$44618$3841A$\^function\_.L:1#issueCommand(&lt;function&gt;:124)&#xa;&#x9;at jdk.nashorn.internal.scripts.Script$Recompilation$44618$3841A$\^function\_.L:1#issueCommand(&lt;function&gt;:124)&#xa;&#x9;at jdk.nashorn.internal.scripts.Script$Recompilation$44618$3841A$\^function\_.L:1#issueCommand(&lt;function&gt;:124)&#xa;&#x9;at jdk.nashorn.internal.scripts.Script$Recompilation$44618$3841A$\^function\_.L:1#issueCommand(&lt;function&gt;:124)&#xa;&#x9;at jdk.nashorn.internal.scripts.Script$Recompilation$44618$3841A$\^function\_.L:1#issueCommand(&lt;function&gt;:124)&#xa;&#x9;at jdk.nashorn.internal.scripts.Script$Recompilation$44618$3841A$\^function\_.L:1#issueCommand(&lt;function&gt;:124)&#xa;&#x9;at jdk.nashorn.internal.scripts.Script$Recompilation$44618$3841A$\^function\_.L:1#issueCommand(&lt;function&gt;:124)&#xa;&#x9;at jdk.nashorn.internal.scripts.Script$Recompilation$44618$3841A$\^function\_.L:1#issueCommand(&lt;function&gt;:124)&#xa;&#x9;at jdk.nashorn.internal.scripts.Script$Recompilation$44618$3841A$\^function\_.L:1#issueCommand(&lt;function&gt;:124)&#xa;&#x9;at jdk.nashorn.internal.scripts.Script$Recompilation$44618$3841A$\^function\_.L:1#issueCommand(&lt;function&gt;:124)&#xa;&#x9;at jdk.nashorn.internal.scripts.Script$Recompilation$44618$3841A$\^function\_.L:1#issueCommand(&lt;function&gt;:124)&#xa;&#x9;at jdk.nashorn.internal.scripts.Script$Recompilation$44618$3841A$\^function\_.L:1#issueCommand(&lt;function&gt;:124)&#xa;&#x9;at jdk.nashorn.internal.scripts.Script$Recompilation$44618$3841A$\^function\_.L:1#issueCommand(&lt;function&gt;:124)&#xa;&#x9;at jdk.nashorn.internal.scripts.Script$Recompilation$44618$3841A$\^function\_.L:1#issueCommand(&lt;function&gt;:124)&#xa;&#x9;at jdk.nashorn.internal.scripts.Script$Recompilation$44618$3841A$\^function\_.L:1#issueCommand(&lt;function&gt;:124)&#xa;&#x9;at jdk.nashorn.internal.scripts.Script$Recompilation$44618$3841A$\^function\_.L:1#issueCommand(&lt;function&gt;:124)&#xa;&#x9;at jdk.nashorn.internal.scripts.Script$Recompilation$44618$3841A$\^function\_.L:1#issueCommand(&lt;function&gt;:124)&#xa;&#x9;at jdk.nashorn.internal.scripts.Script$Recompilation$44618$3841A$\^function\_.L:1#issueCommand(&lt;function&gt;:124)&#xa;&#x9;at jdk.nashorn.internal.scripts.Script$Recompilation$44618$3841A$\^function\_.L:1#issueCommand(&lt;function&gt;:124)&#xa;&#x9;at jdk.nashorn.internal.scripts.Script$Recompilation$44618$3841A$\^function\_.L:1#issueCommand(&lt;function&gt;:124)&#xa;&#x9;at jdk.nashorn.internal.scripts.Script$Recompilation$44618$3841A$\^function\_.L:1#issueCommand(&lt;function&gt;:124)&#xa;&#x9;at jdk.nashorn.internal.scripts.Script$Recompilation$44618$3841A$\^function\_.L:1#issueCommand(&lt;function&gt;:124)&#xa;&#x9;at jdk.nashorn.internal.scripts.Script$Recompilation$44618$3841A$\^function\_.L:1#issueCommand(&lt;function&gt;:124)&#xa;&#x9;at jdk.nashorn.internal.scripts.Script$Recompilation$44618$3841A$\^function\_.L:1#issueCommand(&lt;function&gt;:124)&#xa;&#x9;at jdk.nashorn.internal.scripts.Script$Recompilation$44618$3841A$\^function\_.L:1#issueCommand(&lt;function&gt;:124)&#xa;&#x9;at jdk.nashorn.internal.scripts.Script$Recompilation$44618$3841A$\^function\_.L:1#issueCommand(&lt;function&gt;:124)&#xa;&#x9;at jdk.nashorn.internal.scripts.Script$Recompilation$44618$3841A$\^function\_.L:1#issueCommand(&lt;function&gt;:124)&#xa;&#x9;at jdk.nashorn.internal.scripts.Script$Recompilation$44618$3841A$\^function\_.L:1#issueCommand(&lt;function&gt;:124)&#xa;&#x9;at jdk.nashorn.internal.scripts.Script$Recompilation$44618$3841A$\^function\_.L:1#issueCommand(&lt;function&gt;:124)&#xa;&#x9;at jdk.nashorn.internal.scripts.Script$Recompilation$44618$3841A$\^function\_.L:1#issueCommand(&lt;function&gt;:124)&#xa;&#x9;at jdk.nashorn.internal.scripts.Script$Recompilation$44618$3841A$\^function\_.L:1#issueCommand(&lt;function&gt;:124)&#xa;&#x9;at jdk.nashorn.internal.scripts.Script$Recompilation$44618$3841A$\^function\_.L:1#issueCommand(&lt;function&gt;:124)&#xa;&#x9;at jdk.nashorn.internal.scripts.Script$Recompilation$44618$3841A$\^function\_.L:1#issueCommand(&lt;function&gt;:124)&#xa;&#x9;at jdk.nashorn.internal.scripts.Script$Recompilation$44618$3841A$\^function\_.L:1#issueCommand(&lt;function&gt;:124)&#xa;&#x9;at jdk.nashorn.internal.scripts.Script$Recompilation$44618$3841A$\^function\_.L:1#issueCommand(&lt;function&gt;:124)&#xa;&#x9;at jdk.nashorn.internal.scripts.Script$Recompilation$44618$3841A$\^function\_.L:1#issueCommand(&lt;function&gt;:124)&#xa;&#x9;at jdk.nashorn.internal.scripts.Script$Recompilation$44618$3841A$\^function\_.L:1#issueCommand(&lt;function&gt;:124)&#xa;&#x9;at jdk.nashorn.internal.scripts.Script$Recompilation$44618$3841A$\^function\_.L:1#issueCommand(&lt;function&gt;:124)&#xa;&#x9;at jdk.nashorn.internal.scripts.Script$Recompilation$44618$3841A$\^function\_.L:1#issueCommand(&lt;function&gt;:124)&#xa;&#x9;at jdk.nashorn.internal.scripts.Script$Recompilation$44618$3841A$\^function\_.L:1#issueCommand(&lt;function&gt;:124)&#xa;&#x9;at jdk.nashorn.internal.scripts.Script$Recompilation$44618$3841A$\^function\_.L:1#issueCommand(&lt;function&gt;:124)&#xa;&#x9;at jdk.nashorn.internal.scripts.Script$Recompilation$44618$3841A$\^function\_.L:1#issueCommand(&lt;function&gt;:124)&#xa;&#x9;at jdk.nashorn.internal.scripts.Script$Recompilation$44618$3841A$\^function\_.L:1#issueCommand(&lt;function&gt;:124)&#xa;&#x9;at jdk.nashorn.internal.scripts.Script$Recompilation$44618$3841A$\^function\_.L:1#issueCommand(&lt;function&gt;:124)&#xa;&#x9;at jdk.nashorn.internal.scripts.Script$Recompilation$44618$3841A$\^function\_.L:1#issueCommand(&lt;function&gt;:124)&#xa;&#x9;at jdk.nashorn.internal.scripts.Script$Recompilation$44618$3841A$\^function\_.L:1#issueCommand(&lt;function&gt;:124)&#xa;&#x9;at jdk.nashorn.internal.scripts.Script$Recompilation$44618$3841A$\^function\_.L:1#issueCommand(&lt;function&gt;:124)&#xa;&#x9;at jdk.nashorn.internal.scripts.Script$Recompilation$44618$3841A$\^function\_.L:1#issueCommand(&lt;function&gt;:124)&#xa;&#x9;at jdk.nashorn.internal.scripts.Script$Recompilation$44618$3841A$\^function\_.L:1#issueCommand(&lt;function&gt;:124)&#xa;&#x9;at jdk.nashorn.internal.scripts.Script$Recompilation$44618$3841A$\^function\_.L:1#issueCommand(&lt;function&gt;:124)&#xa;&#x9;at jdk.nashorn.internal.scripts.Script$Recompilation$44618$3841A$\^function\_.L:1#issueCommand(&lt;function&gt;:124)&#xa;&#x9;at jdk.nashorn.internal.scripts.Script$Recompilation$44618$3841A$\^function\_.L:1#issueCommand(&lt;function&gt;:124)&#xa;&#x9;at jdk.nashorn.internal.scripts.Script$Recompilation$44618$3841A$\^function\_.L:1#issueCommand(&lt;function&gt;:124)&#xa;&#x9;at jdk.nashorn.internal.scripts.Script$Recompilation$44618$3841A$\^function\_.L:1#issueCommand(&lt;function&gt;:124)&#xa;&#x9;at jdk.nashorn.internal.scripts.Script$Recompilation$44618$3841A$\^function\_.L:1#issueCommand(&lt;function&gt;:124)&#xa;&#x9;at jdk.nashorn.internal.scripts.Script$Recompilation$44618$3841A$\^function\_.L:1#issueCommand(&lt;function&gt;:124)&#xa;&#x9;at jdk.nashorn.internal.scripts.Script$Recompilation$44618$3841A$\^function\_.L:1#issueCommand(&lt;function&gt;:124)&#xa;&#x9;at jdk.nashorn.internal.scripts.Script$Recompilation$44618$3841A$\^function\_.L:1#issueCommand(&lt;function&gt;:124)&#xa;&#x9;at jdk.nashorn.internal.scripts.Script$Recompilation$44618$3841A$\^function\_.L:1#issueCommand(&lt;function&gt;:124)&#xa;&#x9;at jdk.nashorn.internal.scripts.Script$Recompilation$44618$3841A$\^function\_.L:1#issueCommand(&lt;function&gt;:124)&#xa;&#x9;at jdk.nashorn.internal.scripts.Script$Recompilation$44618$3841A$\^function\_.L:1#issueCommand(&lt;function&gt;:124)&#xa;&#x9;at jdk.nashorn.internal.scripts.Script$Recompilation$44618$3841A$\^function\_.L:1#issueCommand(&lt;function&gt;:124)&#xa;&#x9;at jdk.nashorn.internal.scripts.Script$Recompilation$44618$3841A$\^function\_.L:1#issueCommand(&lt;function&gt;:124)&#xa;&#x9;at jdk.nashorn.internal.scripts.Script$Recompilation$44618$3841A$\^function\_.L:1#issueCommand(&lt;function&gt;:124)&#xa;&#x9;at jdk.nashorn.internal.scripts.Script$Recompilation$44618$3841A$\^function\_.L:1#issueCommand(&lt;function&gt;:124)&#xa;&#x9;at jdk.nashorn.internal.scripts.Script$Recompilation$44618$3841A$\^function\_.L:1#issueCommand(&lt;function&gt;:124)&#xa;&#x9;at jdk.nashorn.internal.scripts.Script$Recompilation$44618$3841A$\^function\_.L:1#issueCommand(&lt;function&gt;:124)&#xa;&#x9;at jdk.nashorn.internal.scripts.Script$Recompilation$44618$3841A$\^function\_.L:1#issueCommand(&lt;function&gt;:124)&#xa;&#x9;at jdk.nashorn.internal.scripts.Script$Recompilation$44618$3841A$\^function\_.L:1#issueCommand(&lt;function&gt;:124)&#xa;&#x9;at jdk.nashorn.internal.scripts.Script$Recompilation$44618$3841A$\^function\_.L:1#issueCommand(&lt;function&gt;:124)&#xa;&#x9;at jdk.nashorn.internal.scripts.Script$Recompilation$44618$3841A$\^function\_.L:1#issueCommand(&lt;function&gt;:124)&#xa;&#x9;at jdk.nashorn.internal.scripts.Script$Recompilation$44618$3841A$\^function\_.L:1#issueCommand(&lt;function&gt;:124)&#xa;&#x9;at jdk.nashorn.internal.scripts.Script$Recompilation$44618$3841A$\^function\_.L:1#issueCommand(&lt;function&gt;:124)&#xa;&#x9;at jdk.nashorn.internal.scripts.Script$Recompilation$44618$3841A$\^function\_.L:1#issueCommand(&lt;function&gt;:124)&#xa;&#x9;at jdk.nashorn.internal.scripts.Script$Recompilation$44618$3841A$\^function\_.L:1#issueCommand(&lt;function&gt;:124)&#xa;&#x9;at jdk.nashorn.internal.scripts.Script$Recompilation$44618$3841A$\^function\_.L:1#issueCommand(&lt;function&gt;:124)&#xa;&#x9;at jdk.nashorn.internal.scripts.Script$Recompilation$44618$3841A$\^function\_.L:1#issueCommand(&lt;function&gt;:124)&#xa;&#x9;at jdk.nashorn.internal.scripts.Script$Recompilation$44618$3841A$\^function\_.L:1#issueCommand(&lt;function&gt;:124)&#xa;&#x9;at jdk.nashorn.internal.scripts.Script$Recompilation$44618$3841A$\^function\_.L:1#issueCommand(&lt;function&gt;:124)&#xa;&#x9;at jdk.nashorn.internal.scripts.Script$Recompilation$44618$3841A$\^function\_.L:1#issueCommand(&lt;function&gt;:124)&#xa;&#x9;at jdk.nashorn.internal.scripts.Script$Recompilation$44618$3841A$\^function\_.L:1#issueCommand(&lt;function&gt;:124)&#xa;&#x9;at jdk.nashorn.internal.scripts.Script$Recompilation$44618$3841A$\^function\_.L:1#issueCommand(&lt;function&gt;:124)&#xa;&#x9;at jdk.nashorn.internal.scripts.Script$Recompilation$44618$3841A$\^function\_.L:1#issueCommand(&lt;function&gt;:124)&#xa;&#x9;at jdk.nashorn.internal.scripts.Script$Recompilation$44618$3841A$\^function\_.L:1#issueCommand(&lt;function&gt;:124)&#xa;&#x9;at jdk.nashorn.internal.scripts.Script$Recompilation$44618$3841A$\^function\_.L:1#issueCommand(&lt;function&gt;:124)&#xa;&#x9;at jdk.nashorn.internal.scripts.Script$Recompilation$44618$3841A$\^function\_.L:1#issueCommand(&lt;function&gt;:124)&#xa;&#x9;at jdk.nashorn.internal.scripts.Script$Recompilation$44618$3841A$\^function\_.L:1#issueCommand(&lt;function&gt;:124)&#xa;&#x9;at jdk.nashorn.internal.scripts.Script$Recompilation$44618$3841A$\^function\_.L:1#issueCommand(&lt;function&gt;:124)&#xa;&#x9;at jdk.nashorn.internal.scripts.Script$Recompilation$44618$3841A$\^function\_.L:1#issueCommand(&lt;function&gt;:124)&#xa;&#x9;at jdk.nashorn.internal.scripts.Script$Recompilation$44618$3841A$\^function\_.L:1#issueCommand(&lt;function&gt;:124)&#xa;&#x9;at jdk.nashorn.internal.scripts.Script$Recompilation$44618$3841A$\^function\_.L:1#issueCommand(&lt;function&gt;:124)&#xa;&#x9;at jdk.nashorn.internal.scripts.Script$Recompilation$44618$3841A$\^function\_.L:1#issueCommand(&lt;function&gt;:124)&#xa;&#x9;at jdk.nashorn.internal.scripts.Script$Recompilation$44618$3841A$\^function\_.L:1#issueCommand(&lt;function&gt;:124)&#xa;&#x9;at jdk.nashorn.internal.scripts.Script$Recompilation$44618$3841A$\^function\_.L:1#issueCommand(&lt;function&gt;:124)&#xa;&#x9;at jdk.nashorn.internal.scripts.Script$Recompilation$44618$3841A$\^function\_.L:1#issueCommand(&lt;function&gt;:124)&#xa;&#x9;at jdk.nashorn.internal.scripts.Script$Recompilation$44618$3841A$\^function\_.L:1#issueCommand(&lt;function&gt;:124)&#xa;&#x9;at jdk.nashorn.internal.scripts.Script$Recompilation$44618$3841A$\^function\_.L:1#issueCommand(&lt;function&gt;:124)&#xa;&#x9;at jdk.nashorn.internal.scripts.Script$Recompilation$44618$3841A$\^function\_.L:1#issueCommand(&lt;function&gt;:124)&#xa;&#x9;at jdk.nashorn.internal.scripts.Script$Recompilation$44618$3841A$\^function\_.L:1#issueCommand(&lt;function&gt;:124)&#xa;&#x9;at jdk.nashorn.internal.scripts.Script$Recompilation$44618$3841A$\^function\_.L:1#issueCommand(&lt;function&gt;:124)&#xa;&#x9;at jdk.nashorn.internal.scripts.Script$Recompilation$44618$3841A$\^function\_.L:1#issueCommand(&lt;function&gt;:124)&#xa;&#x9;at jdk.nashorn.internal.scripts.Script$Recompilation$44618$3841A$\^function\_.L:1#issueCommand(&lt;function&gt;:124)&#xa;&#x9;at jdk.nashorn.internal.scripts.Script$Recompilation$44618$3841A$\^function\_.L:1#issueCommand(&lt;function&gt;:124)&#xa;&#x9;at jdk.nashorn.internal.scripts.Script$Recompilation$44618$3841A$\^function\_.L:1#issueCommand(&lt;function&gt;:124)&#xa;&#x9;at jdk.nashorn.internal.scripts.Script$Recompilation$44618$3841A$\^function\_.L:1#issueCommand(&lt;function&gt;:124)&#xa;&#x9;at jdk.nashorn.internal.scripts.Script$Recompilation$44618$3841A$\^function\_.L:1#issueCommand(&lt;function&gt;:124)&#xa;&#x9;at jdk.nashorn.internal.scripts.Script$Recompilation$44618$3841A$\^function\_.L:1#issueCommand(&lt;function&gt;:124)&#xa;&#x9;at jdk.nashorn.internal.scripts.Script$Recompilation$44618$3841A$\^function\_.L:1#issueCommand(&lt;function&gt;:124)&#xa;&#x9;at jdk.nashorn.internal.scripts.Script$Recompilation$44618$3841A$\^function\_.L:1#issueCommand(&lt;function&gt;:124)&#xa;&#x9;at jdk.nashorn.internal.scripts.Script$Recompilation$44618$3841A$\^function\_.L:1#issueCommand(&lt;function&gt;:124)&#xa;&#x9;at jdk.nashorn.internal.scripts.Script$Recompilation$44618$3841A$\^function\_.L:1#issueCommand(&lt;function&gt;:124)&#xa;&#x9;at jdk.nashorn.internal.scripts.Script$Recompilation$44618$3841A$\^function\_.L:1#issueCommand(&lt;function&gt;:124)&#xa;&#x9;at jdk.nashorn.internal.scripts.Script$Recompilation$44618$3841A$\^function\_.L:1#issueCommand(&lt;function&gt;:124)&#xa;&#x9;at jdk.nashorn.internal.scripts.Script$Recompilation$44618$3841A$\^function\_.L:1#issueCommand(&lt;function&gt;:124)&#xa;&#x9;at jdk.nashorn.internal.scripts.Script$Recompilation$44618$3841A$\^function\_.L:1#issueCommand(&lt;function&gt;:124)&#xa;&#x9;at jdk.nashorn.internal.scripts.Script$Recompilation$44618$3841A$\^function\_.L:1#issueCommand(&lt;function&gt;:124)&#xa;&#x9;at jdk.nashorn.internal.scripts.Script$Recompilation$44618$3841A$\^function\_.L:1#issueCommand(&lt;function&gt;:124)&#xa;&#x9;at jdk.nashorn.internal.scripts.Script$Recompilation$44618$3841A$\^function\_.L:1#issueCommand(&lt;function&gt;:124)&#xa;&#x9;at jdk.nashorn.internal.scripts.Script$Recompilation$44618$3841A$\^function\_.L:1#issueCommand(&lt;function&gt;:124)&#xa;&#x9;at jdk.nashorn.internal.scripts.Script$Recompilation$44618$3841A$\^function\_.L:1#issueCommand(&lt;function&gt;:124)&#xa;&#x9;at jdk.nashorn.internal.scripts.Script$Recompilation$44618$3841A$\^function\_.L:1#issueCommand(&lt;function&gt;:124)&#xa;&#x9;at jdk.nashorn.internal.scripts.Script$Recompilation$44618$3841A$\^function\_.L:1#issueCommand(&lt;function&gt;:124)&#xa;&#x9;at jdk.nashorn.internal.scripts.Script$Recompilation$44618$3841A$\^function\_.L:1#issueCommand(&lt;function&gt;:124)&#xa;&#x9;at jdk.nashorn.internal.scripts.Script$Recompilation$44618$3841A$\^function\_.L:1#issueCommand(&lt;function&gt;:124)&#xa;&#x9;at jdk.nashorn.internal.scripts.Script$Recompilation$44618$3841A$\^function\_.L:1#issueCommand(&lt;function&gt;:124)&#xa;&#x9;at jdk.nashorn.internal.scripts.Script$Recompilation$44618$3841A$\^function\_.L:1#issueCommand(&lt;function&gt;:124)&#xa;&#x9;at jdk.nashorn.internal.scripts.Script$Recompilation$44618$3841A$\^function\_.L:1#issueCommand(&lt;function&gt;:124)&#xa;&#x9;at jdk.nashorn.internal.scripts.Script$Recompilation$44618$3841A$\^function\_.L:1#issueCommand(&lt;function&gt;:124)&#xa;&#x9;at jdk.nashorn.internal.scripts.Script$Recompilation$44618$3841A$\^function\_.L:1#issueCommand(&lt;function&gt;:124)&#xa;&#x9;at jdk.nashorn.internal.scripts.Script$Recompilation$44618$3841A$\^function\_.L:1#issueCommand(&lt;function&gt;:124)&#xa;&#x9;at jdk.nashorn.internal.scripts.Script$Recompilation$44618$3841A$\^function\_.L:1#issueCommand(&lt;function&gt;:124)&#xa;&#x9;at jdk.nashorn.internal.scripts.Script$Recompilation$44618$3841A$\^function\_.L:1#issueCommand(&lt;function&gt;:124)&#xa;&#x9;at jdk.nashorn.internal.scripts.Script$Recompilation$44618$3841A$\^function\_.L:1#issueCommand(&lt;function&gt;:124)&#xa;&#x9;at jdk.nashorn.internal.scripts.Script$Recompilation$44618$3841A$\^function\_.L:1#issueCommand(&lt;function&gt;:124)&#xa;&#x9;at jdk.nashorn.internal.scripts.Script$Recompilation$44618$3841A$\^function\_.L:1#issueCommand(&lt;function&gt;:124)&#xa;&#x9;at jdk.nashorn.internal.scripts.Script$Recompilation$44618$3841A$\^function\_.L:1#issueCommand(&lt;function&gt;:124)&#xa;&#x9;at jdk.nashorn.internal.scripts.Script$Recompilation$44618$3841A$\^function\_.L:1#issueCommand(&lt;function&gt;:124)&#xa;&#x9;at jdk.nashorn.internal.scripts.Script$Recompilation$44618$3841A$\^function\_.L:1#issueCommand(&lt;function&gt;:124)&#xa;&#x9;at jdk.nashorn.internal.scripts.Script$Recompilation$44618$3841A$\^function\_.L:1#issueCommand(&lt;function&gt;:124)&#xa;&#x9;at jdk.nashorn.internal.scripts.Script$Recompilation$44618$3841A$\^function\_.L:1#issueCommand(&lt;function&gt;:124)&#xa;&#x9;at jdk.nashorn.internal.scripts.Script$Recompilation$44618$3841A$\^function\_.L:1#issueCommand(&lt;function&gt;:124)&#xa;&#x9;at jdk.nashorn.internal.scripts.Script$Recompilation$44618$3841A$\^function\_.L:1#issueCommand(&lt;function&gt;:124)&#xa;&#x9;at jdk.nashorn.internal.scripts.Script$Recompilation$44618$3841A$\^function\_.L:1#issueCommand(&lt;function&gt;:124)&#xa;&#x9;at jdk.nashorn.internal.scripts.Script$Recompilation$44618$3841A$\^function\_.L:1#issueCommand(&lt;function&gt;:124)&#xa;&#x9;at jdk.nashorn.internal.scripts.Script$Recompilation$44618$3841A$\^function\_.L:1#issueCommand(&lt;function&gt;:124)&#xa;&#x9;at jdk.nashorn.internal.scripts.Script$Recompilation$44618$3841A$\^function\_.L:1#issueCommand(&lt;function&gt;:124)&#xa;&#x9;at jdk.nashorn.internal.scripts.Script$Recompilation$44618$3841A$\^function\_.L:1#issueCommand(&lt;function&gt;:124)&#xa;&#x9;at jdk.nashorn.internal.scripts.Script$Recompilation$44618$3841A$\^function\_.L:1#issueCommand(&lt;function&gt;:124)&#xa;&#x9;at jdk.nashorn.internal.scripts.Script$Recompilation$44618$3841A$\^function\_.L:1#issueCommand(&lt;function&gt;:124)&#xa;&#x9;at jdk.nashorn.internal.scripts.Script$Recompilation$44618$3841A$\^function\_.L:1#issueCommand(&lt;function&gt;:124)&#xa;&#x9;at jdk.nashorn.internal.scripts.Script$Recompilation$44618$3841A$\^function\_.L:1#issueCommand(&lt;function&gt;:124)&#xa;&#x9;at jdk.nashorn.internal.scripts.Script$Recompilation$44618$3841A$\^function\_.L:1#issueCommand(&lt;function&gt;:124)&#xa;&#x9;at jdk.nashorn.internal.scripts.Script$Recompilation$44618$3841A$\^function\_.L:1#issueCommand(&lt;function&gt;:124)&#xa;&#x9;at jdk.nashorn.internal.scripts.Script$Recompilation$44618$3841A$\^function\_.L:1#issueCommand(&lt;function&gt;:124)&#xa;&#x9;at jdk.nashorn.internal.scripts.Script$Recompilation$44618$3841A$\^function\_.L:1#issueCommand(&lt;function&gt;:124)&#xa;&#x9;at jdk.nashorn.internal.scripts.Script$Recompilation$44618$3841A$\^function\_.L:1#issueCommand(&lt;function&gt;:124)&#xa;&#x9;at jdk.nashorn.internal.scripts.Script$Recompilation$44618$3841A$\^function\_.L:1#issueCommand(&lt;function&gt;:124)&#xa;&#x9;at jdk.nashorn.internal.scripts.Script$Recompilation$44618$3841A$\^function\_.L:1#issueCommand(&lt;function&gt;:124)&#xa;&#x9;at jdk.nashorn.internal.scripts.Script$Recompilation$44618$3841A$\^function\_.L:1#issueCommand(&lt;function&gt;:124)&#xa;&#x9;at jdk.nashorn.internal.scripts.Script$Recompilation$44618$3841A$\^function\_.L:1#issueCommand(&lt;function&gt;:124)&#xa;&#x9;at jdk.nashorn.internal.scripts.Script$Recompilation$44618$3841A$\^function\_.L:1#issueCommand(&lt;function&gt;:124)&#xa;&#x9;at jdk.nashorn.internal.scripts.Script$Recompilation$44618$3841A$\^function\_.L:1#issueCommand(&lt;function&gt;:124)&#xa;&#x9;at jdk.nashorn.internal.scripts.Script$Recompilation$44618$3841A$\^function\_.L:1#issueCommand(&lt;function&gt;:124)&#xa;&#x9;at jdk.nashorn.internal.scripts.Script$Recompilation$44618$3841A$\^function\_.L:1#issueCommand(&lt;function&gt;:124)&#xa;&#x9;at jdk.nashorn.internal.scripts.Script$Recompilation$44618$3841A$\^function\_.L:1#issueCommand(&lt;function&gt;:124)&#xa;&#x9;at jdk.nashorn.internal.scripts.Script$Recompilation$44618$3841A$\^function\_.L:1#issueCommand(&lt;function&gt;:124)&#xa;&#x9;at jdk.nashorn.internal.scripts.Script$Recompilation$44618$3841A$\^function\_.L:1#issueCommand(&lt;function&gt;:124)&#xa;&#x9;at jdk.nashorn.internal.scripts.Script$Recompilation$44618$3841A$\^function\_.L:1#issueCommand(&lt;function&gt;:124)&#xa;&#x9;at jdk.nashorn.internal.scripts.Script$Recompilation$44618$3841A$\^function\_.L:1#issueCommand(&lt;function&gt;:124)&#xa;&#x9;at jdk.nashorn.internal.scripts.Script$Recompilation$44618$3841A$\^function\_.L:1#issueCommand(&lt;function&gt;:124)&#xa;&#x9;at jdk.nashorn.internal.scripts.Script$Recompilation$44618$3841A$\^function\_.L:1#issueCommand(&lt;function&gt;:124)&#xa;&#x9;at jdk.nashorn.internal.scripts.Script$Recompilation$44618$3841A$\^function\_.L:1#issueCommand(&lt;function&gt;:124)&#xa;&#x9;at jdk.nashorn.internal.scripts.Script$Recompilation$44618$3841A$\^function\_.L:1#issueCommand(&lt;function&gt;:124)&#xa;&#x9;at jdk.nashorn.internal.scripts.Script$Recompilation$44618$3841A$\^function\_.L:1#issueCommand(&lt;function&gt;:124)&#xa;&#x9;at jdk.nashorn.internal.scripts.Script$Recompilation$44618$3841A$\^function\_.L:1#issueCommand(&lt;function&gt;:124)&#xa;&#x9;at jdk.nashorn.internal.scripts.Script$Recompilation$44618$3841A$\^function\_.L:1#issueCommand(&lt;function&gt;:124)&#xa;&#x9;at jdk.nashorn.internal.scripts.Script$Recompilation$44618$3841A$\^function\_.L:1#issueCommand(&lt;function&gt;:124)&#xa;&#x9;at jdk.nashorn.internal.scripts.Script$Recompilation$44618$3841A$\^function\_.L:1#issueCommand(&lt;function&gt;:124)&#xa;&#x9;at jdk.nashorn.internal.scripts.Script$Recompilation$44618$3841A$\^function\_.L:1#issueCommand(&lt;function&gt;:124)&#xa;&#x9;at jdk.nashorn.internal.scripts.Script$Recompilation$44618$3841A$\^function\_.L:1#issueCommand(&lt;function&gt;:124)&#xa;&#x9;at jdk.nashorn.internal.scripts.Script$Recompilation$44618$3841A$\^function\_.L:1#issueCommand(&lt;function&gt;:124)&#xa;&#x9;at jdk.nashorn.internal.scripts.Script$Recompilation$44618$3841A$\^function\_.L:1#issueCommand(&lt;function&gt;:124)&#xa;&#x9;at jdk.nashorn.internal.scripts.Script$Recompilation$44618$3841A$\^function\_.L:1#issueCommand(&lt;function&gt;:124)&#xa;&#x9;at jdk.nashorn.internal.scripts.Script$Recompilation$44618$3841A$\^function\_.L:1#issueCommand(&lt;function&gt;:124)&#xa;&#x9;at jdk.nashorn.internal.scripts.Script$Recompilation$44618$3841A$\^function\_.L:1#issueCommand(&lt;function&gt;:124)&#xa;&#x9;at jdk.nashorn.internal.scripts.Script$Recompilation$44618$3841A$\^function\_.L:1#issueCommand(&lt;function&gt;:124)&#xa;&#x9;at jdk.nashorn.internal.scripts.Script$Recompilation$44618$3841A$\^function\_.L:1#issueCommand(&lt;function&gt;:124)&#xa;&#x9;at jdk.nashorn.internal.scripts.Script$Recompilation$44618$3841A$\^function\_.L:1#issueCommand(&lt;function&gt;:124)&#xa;&#x9;at jdk.nashorn.internal.scripts.Script$Recompilation$44618$3841A$\^function\_.L:1#issueCommand(&lt;function&gt;:124)&#xa;&#x9;at jdk.nashorn.internal.scripts.Script$Recompilation$44618$3841A$\^function\_.L:1#issueCommand(&lt;function&gt;:124)&#xa;&#x9;at jdk.nashorn.internal.scripts.Script$Recompilation$44618$3841A$\^function\_.L:1#issueCommand(&lt;function&gt;:124)&#xa;&#x9;at jdk.nashorn.internal.scripts.Script$Recompilation$44618$3841A$\^function\_.L:1#issueCommand(&lt;function&gt;:124)&#xa;&#x9;at jdk.nashorn.internal.scripts.Script$Recompilation$44618$3841A$\^function\_.L:1#issueCommand(&lt;function&gt;:124)&#xa;&#x9;at jdk.nashorn.internal.scripts.Script$Recompilation$44618$3841A$\^function\_.L:1#issueCommand(&lt;function&gt;:124)&#xa;&#x9;at jdk.nashorn.internal.scripts.Script$Recompilation$44618$3841A$\^function\_.L:1#issueCommand(&lt;function&gt;:124)&#xa;&#x9;at jdk.nashorn.internal.scripts.Script$Recompilation$44618$3841A$\^function\_.L:1#issueCommand(&lt;function&gt;:124)&#xa;&#x9;at jdk.nashorn.internal.scripts.Script$Recompilation$44618$3841A$\^function\_.L:1#issueCommand(&lt;function&gt;:124)&#xa;&#x9;at jdk.nashorn.internal.scripts.Script$Recompilation$44618$3841A$\^function\_.L:1#issueCommand(&lt;function&gt;:124)&#xa;&#x9;at jdk.nashorn.internal.scripts.Script$Recompilation$44618$3841A$\^function\_.L:1#issueCommand(&lt;function&gt;:124)&#xa;&#x9;at jdk.nashorn.internal.scripts.Script$Recompilation$44618$3841A$\^function\_.L:1#issueCommand(&lt;function&gt;:124)&#xa;&#x9;at jdk.nashorn.internal.scripts.Script$Recompilation$44618$3841A$\^function\_.L:1#issueCommand(&lt;function&gt;:124)&#xa;&#x9;at jdk.nashorn.internal.scripts.Script$Recompilation$44618$3841A$\^function\_.L:1#issueCommand(&lt;function&gt;:124)&#xa;&#x9;at jdk.nashorn.internal.scripts.Script$Recompilation$44618$3841A$\^function\_.L:1#issueCommand(&lt;function&gt;:124)&#xa;&#x9;at jdk.nashorn.internal.scripts.Script$Recompilation$44618$3841A$\^function\_.L:1#issueCommand(&lt;function&gt;:124)&#xa;&#x9;at jdk.nashorn.internal.scripts.Script$Recompilation$44618$3841A$\^function\_.L:1#issueCommand(&lt;function&gt;:124)&#xa;&#x9;at jdk.nashorn.internal.scripts.Script$Recompilation$44618$3841A$\^function\_.L:1#issueCommand(&lt;function&gt;:124)&#xa;&#x9;at jdk.nashorn.internal.scripts.Script$Recompilation$44618$3841A$\^function\_.L:1#issueCommand(&lt;function&gt;:124)&#xa;&#x9;at jdk.nashorn.internal.scripts.Script$Recompilation$44618$3841A$\^function\_.L:1#issueCommand(&lt;function&gt;:124)&#xa;&#x9;at jdk.nashorn.internal.scripts.Script$Recompilation$44618$3841A$\^function\_.L:1#issueCommand(&lt;function&gt;:124)&#xa;&#x9;at jdk.nashorn.internal.scripts.Script$Recompilation$44618$3841A$\^function\_.L:1#issueCommand(&lt;function&gt;:124)&#xa;&#x9;at jdk.nashorn.internal.scripts.Script$Recompilation$44618$3841A$\^function\_.L:1#issueCommand(&lt;function&gt;:124)&#xa;&#x9;at jdk.nashorn.internal.scripts.Script$Recompilation$44618$3841A$\^function\_.L:1#issueCommand(&lt;function&gt;:124)&#xa;&#x9;at jdk.nashorn.internal.scripts.Script$Recompilation$44618$3841A$\^function\_.L:1#issueCommand(&lt;function&gt;:124)&#xa;&#x9;at jdk.nashorn.internal.scripts.Script$Recompilation$44618$3841A$\^function\_.L:1#issueCommand(&lt;function&gt;:124)&#xa;&#x9;at jdk.nashorn.internal.scripts.Script$Recompilation$44618$3841A$\^function\_.L:1#issueCommand(&lt;function&gt;:124)&#xa;&#x9;at jdk.nashorn.internal.scripts.Script$Recompilation$44618$3841A$\^function\_.L:1#issueCommand(&lt;function&gt;:124)&#xa;&#x9;at jdk.nashorn.internal.scripts.Script$Recompilation$44618$3841A$\^function\_.L:1#issueCommand(&lt;function&gt;:124)&#xa;&#x9;at jdk.nashorn.internal.scripts.Script$Recompilation$44618$3841A$\^function\_.L:1#issueCommand(&lt;function&gt;:124)&#xa;&#x9;at jdk.nashorn.internal.scripts.Script$Recompilation$44618$3841A$\^function\_.L:1#issueCommand(&lt;function&gt;:124)&#xa;&#x9;at jdk.nashorn.internal.scripts.Script$Recompilation$44618$3841A$\^function\_.L:1#issueCommand(&lt;function&gt;:124)&#xa;&#x9;at jdk.nashorn.internal.scripts.Script$Recompilation$44618$3841A$\^function\_.L:1#issueCommand(&lt;function&gt;:124)&#xa;&#x9;at jdk.nashorn.internal.scripts.Script$Recompilation$44618$3841A$\^function\_.L:1#issueCommand(&lt;function&gt;:124)&#xa;&#x9;at jdk.nashorn.internal.scripts.Script$Recompilation$44618$3841A$\^function\_.L:1#issueCommand(&lt;function&gt;:124)&#xa;&#x9;at jdk.nashorn.internal.scripts.Script$Recompilation$44618$3841A$\^function\_.L:1#issueCommand(&lt;function&gt;:124)&#xa;&#x9;at jdk.nashorn.internal.scripts.Script$Recompilation$44618$3841A$\^function\_.L:1#issueCommand(&lt;function&gt;:124)&#xa;&#x9;at jdk.nashorn.internal.scripts.Script$Recompilation$44618$3841A$\^function\_.L:1#issueCommand(&lt;function&gt;:124)&#xa;&#x9;at jdk.nashorn.internal.scripts.Script$Recompilation$44618$3841A$\^function\_.L:1#issueCommand(&lt;function&gt;:124)&#xa;&#x9;at jdk.nashorn.internal.scripts.Script$Recompilation$44618$3841A$\^function\_.L:1#issueCommand(&lt;function&gt;:124)&#xa;&#x9;at jdk.nashorn.internal.scripts.Script$Recompilation$44618$3841A$\^function\_.L:1#issueCommand(&lt;function&gt;:124)&#xa;&#x9;at jdk.nashorn.internal.scripts.Script$Recompilation$44618$3841A$\^function\_.L:1#issueCommand(&lt;function&gt;:124)&#xa;&#x9;at jdk.nashorn.internal.scripts.Script$Recompilation$44618$3841A$\^function\_.L:1#issueCommand(&lt;function&gt;:124)&#xa;&#x9;at jdk.nashorn.internal.scripts.Script$Recompilation$44618$3841A$\^function\_.L:1#issueCommand(&lt;function&gt;:124)&#xa;&#x9;at jdk.nashorn.internal.scripts.Script$Recompilation$44618$3841A$\^function\_.L:1#issueCommand(&lt;function&gt;:124)&#xa;&#x9;at jdk.nashorn.internal.scripts.Script$Recompilation$44618$3841A$\^function\_.L:1#issueCommand(&lt;function&gt;:124)&#xa;&#x9;at jdk.nashorn.internal.scripts.Script$Recompilation$44618$3841A$\^function\_.L:1#issueCommand(&lt;function&gt;:124)&#xa;&#x9;at jdk.nashorn.internal.scripts.Script$Recompilation$44618$3841A$\^function\_.L:1#issueCommand(&lt;function&gt;:124)&#xa;&#x9;at jdk.nashorn.internal.scripts.Script$Recompilation$44618$3841A$\^function\_.L:1#issueCommand(&lt;function&gt;:124)&#xa;&#x9;at jdk.nashorn.internal.scripts.Script$Recompilation$44618$3841A$\^function\_.L:1#issueCommand(&lt;function&gt;:124)&#xa;&#x9;at jdk.nashorn.internal.scripts.Script$Recompilation$44618$3841A$\^function\_.L:1#issueCommand(&lt;function&gt;:124)&#xa;&#x9;at jdk.nashorn.internal.scripts.Script$Recompilation$44618$3841A$\^function\_.L:1#issueCommand(&lt;function&gt;:124)&#xa;&#x9;at jdk.nashorn.internal.scripts.Script$Recompilation$44618$3841A$\^function\_.L:1#issueCommand(&lt;function&gt;:124)&#xa;&#x9;at jdk.nashorn.internal.scripts.Script$Recompilation$44618$3841A$\^function\_.L:1#issueCommand(&lt;function&gt;:124)&#xa;&#x9;at jdk.nashorn.internal.scripts.Script$Recompilation$44618$3841A$\^function\_.L:1#issueCommand(&lt;function&gt;:124)&#xa;&#x9;at jdk.nashorn.internal.scripts.Script$Recompilation$44618$3841A$\^function\_.L:1#issueCommand(&lt;function&gt;:124)&#xa;&#x9;at jdk.nashorn.internal.scripts.Script$Recompilation$44618$3841A$\^function\_.L:1#issueCommand(&lt;function&gt;:124)&#xa;&#x9;at jdk.nashorn.internal.scripts.Script$Recompilation$44618$3841A$\^function\_.L:1#issueCommand(&lt;function&gt;:124)&#xa;&#x9;at jdk.nashorn.internal.scripts.Script$Recompilation$44618$3841A$\^function\_.L:1#issueCommand(&lt;function&gt;:124)&#xa;&#x9;at jdk.nashorn.internal.scripts.Script$Recompilation$44618$3841A$\^function\_.L:1#issueCommand(&lt;function&gt;:124)&#xa;&#x9;at jdk.nashorn.internal.scripts.Script$Recompilation$44618$3841A$\^function\_.L:1#issueCommand(&lt;function&gt;:124)&#xa;&#x9;at jdk.nashorn.internal.scripts.Script$Recompilation$44618$3841A$\^function\_.L:1#issueCommand(&lt;function&gt;:124)&#xa;&#x9;at jdk.nashorn.internal.scripts.Script$Recompilation$44618$3841A$\^function\_.L:1#issueCommand(&lt;function&gt;:124)&#xa;&#x9;at jdk.nashorn.internal.scripts.Script$Recompilation$44618$3841A$\^function\_.L:1#issueCommand(&lt;function&gt;:124)&#xa;&#x9;at jdk.nashorn.internal.scripts.Script$Recompilation$44618$3841A$\^function\_.L:1#issueCommand(&lt;function&gt;:124)&#xa;&#x9;at jdk.nashorn.internal.scripts.Script$Recompilation$44618$3841A$\^function\_.L:1#issueCommand(&lt;function&gt;:124)&#xa;&#x9;at jdk.nashorn.internal.scripts.Script$Recompilation$44618$3841A$\^function\_.L:1#issueCommand(&lt;function&gt;:124)&#xa;&#x9;at jdk.nashorn.internal.scripts.Script$Recompilation$44618$3841A$\^function\_.L:1#issueCommand(&lt;function&gt;:124)&#xa;&#x9;at jdk.nashorn.internal.scripts.Script$Recompilation$44618$3841A$\^function\_.L:1#issueCommand(&lt;function&gt;:124)&#xa;&#x9;at jdk.nashorn.internal.scripts.Script$Recompilation$44618$3841A$\^function\_.L:1#issueCommand(&lt;function&gt;:124)&#xa;&#x9;at jdk.nashorn.internal.scripts.Script$Recompilation$44618$3841A$\^function\_.L:1#issueCommand(&lt;function&gt;:124)&#xa;&#x9;at jdk.nashorn.internal.scripts.Script$Recompilation$44618$3841A$\^function\_.L:1#issueCommand(&lt;function&gt;:124)&#xa;&#x9;at jdk.nashorn.internal.scripts.Script$Recompilation$44618$3841A$\^function\_.L:1#issueCommand(&lt;function&gt;:124)&#xa;&#x9;at jdk.nashorn.internal.scripts.Script$Recompilation$44618$3841A$\^function\_.L:1#issueCommand(&lt;function&gt;:124)&#xa;&#x9;at jdk.nashorn.internal.scripts.Script$Recompilation$44618$3841A$\^function\_.L:1#issueCommand(&lt;function&gt;:124)&#xa;&#x9;at jdk.nashorn.internal.scripts.Script$Recompilation$44618$3841A$\^function\_.L:1#issueCommand(&lt;function&gt;:124)&#xa;&#x9;at jdk.nashorn.internal.scripts.Script$Recompilation$44618$3841A$\^function\_.L:1#issueCommand(&lt;function&gt;:124)&#xa;&#x9;at jdk.nashorn.internal.scripts.Script$Recompilation$44618$3841A$\^function\_.L:1#issueCommand(&lt;function&gt;:124)&#xa;&#x9;at jdk.nashorn.internal.scripts.Script$Recompilation$44618$3841A$\^function\_.L:1#issueCommand(&lt;function&gt;:124)&#xa;&#x9;at jdk.nashorn.internal.scripts.Script$Recompilation$44618$3841A$\^function\_.L:1#issueCommand(&lt;function&gt;:124)&#xa;&#x9;at jdk.nashorn.internal.scripts.Script$Recompilation$44618$3841A$\^function\_.L:1#issueCommand(&lt;function&gt;:124)&#xa;&#x9;at jdk.nashorn.internal.scripts.Script$Recompilation$44618$3841A$\^function\_.L:1#issueCommand(&lt;function&gt;:124)&#xa;&#x9;at jdk.nashorn.internal.scripts.Script$Recompilation$44618$3841A$\^function\_.L:1#issueCommand(&lt;function&gt;:124)&#xa;&#x9;at jdk.nashorn.internal.scripts.Script$Recompilation$44618$3841A$\^function\_.L:1#issueCommand(&lt;function&gt;:124)&#xa;&#x9;at jdk.nashorn.internal.scripts.Script$Recompilation$44618$3841A$\^function\_.L:1#issueCommand(&lt;function&gt;:124)&#xa;&#x9;at jdk.nashorn.internal.scripts.Script$Recompilation$44618$3841A$\^function\_.L:1#issueCommand(&lt;function&gt;:124)&#xa;&#x9;at jdk.nashorn.internal.scripts.Script$Recompilation$44618$3841A$\^function\_.L:1#issueCommand(&lt;function&gt;:124)&#xa;&#x9;at jdk.nashorn.internal.scripts.Script$Recompilation$44618$3841A$\^function\_.L:1#issueCommand(&lt;function&gt;:124)&#xa;&#x9;at jdk.nashorn.internal.scripts.Script$Recompilation$44618$3841A$\^function\_.L:1#issueCommand(&lt;function&gt;:124)&#xa;&#x9;at jdk.nashorn.internal.scripts.Script$Recompilation$44618$3841A$\^function\_.L:1#issueCommand(&lt;function&gt;:124)&#xa;&#x9;at jdk.nashorn.internal.scripts.Script$Recompilation$44618$3841A$\^function\_.L:1#issueCommand(&lt;function&gt;:124)&#xa;&#x9;at jdk.nashorn.internal.scripts.Script$Recompilation$44618$3841A$\^function\_.L:1#issueCommand(&lt;function&gt;:124)&#xa;&#x9;at jdk.nashorn.internal.scripts.Script$Recompilation$44618$3841A$\^function\_.L:1#issueCommand(&lt;function&gt;:124)&#xa;&#x9;at jdk.nashorn.internal.scripts.Script$Recompilation$44618$3841A$\^function\_.L:1#issueCommand(&lt;function&gt;:124)&#xa;&#x9;at jdk.nashorn.internal.scripts.Script$Recompilation$44618$3841A$\^function\_.L:1#issueCommand(&lt;function&gt;:124)&#xa;&#x9;at jdk.nashorn.internal.scripts.Script$Recompilation$44618$3841A$\^function\_.L:1#issueCommand(&lt;function&gt;:124)&#xa;&#x9;at jdk.nashorn.internal.scripts.Script$Recompilation$44618$3841A$\^function\_.L:1#issueCommand(&lt;function&gt;:124)&#xa;&#x9;at jdk.nashorn.internal.scripts.Script$Recompilation$44618$3841A$\^function\_.L:1#issueCommand(&lt;function&gt;:124)&#xa;&#x9;at jdk.nashorn.internal.scripts.Script$Recompilation$44618$3841A$\^function\_.L:1#issueCommand(&lt;function&gt;:124)&#xa;&#x9;at jdk.nashorn.internal.scripts.Script$Recompilation$44618$3841A$\^function\_.L:1#issueCommand(&lt;function&gt;:124)&#xa;&#x9;at jdk.nashorn.internal.scripts.Script$Recompilation$44618$3841A$\^function\_.L:1#issueCommand(&lt;function&gt;:124)&#xa;&#x9;at jdk.nashorn.internal.scripts.Script$Recompilation$44618$3841A$\^function\_.L:1#issueCommand(&lt;function&gt;:124)&#xa;&#x9;at jdk.nashorn.internal.scripts.Script$Recompilation$44618$3841A$\^function\_.L:1#issueCommand(&lt;function&gt;:124)&#xa;&#x9;at jdk.nashorn.internal.scripts.Script$Recompilation$44618$3841A$\^function\_.L:1#issueCommand(&lt;function&gt;:124)&#xa;&#x9;at jdk.nashorn.internal.scripts.Script$Recompilation$44618$3841A$\^function\_.L:1#issueCommand(&lt;function&gt;:124)&#xa;&#x9;at jdk.nashorn.internal.scripts.Script$Recompilation$44618$3841A$\^function\_.L:1#issueCommand(&lt;function&gt;:124)&#xa;&#x9;at jdk.nashorn.internal.scripts.Script$Recompilation$44618$3841A$\^function\_.L:1#issueCommand(&lt;function&gt;:124)&#xa;&#x9;at jdk.nashorn.internal.scripts.Script$Recompilation$44618$3841A$\^function\_.L:1#issueCommand(&lt;function&gt;:124)&#xa;&#x9;at jdk.nashorn.internal.scripts.Script$Recompilation$44618$3841A$\^function\_.L:1#issueCommand(&lt;function&gt;:124)&#xa;&#x9;at jdk.nashorn.internal.scripts.Script$Recompilation$44618$3841A$\^function\_.L:1#issueCommand(&lt;function&gt;:124)&#xa;&#x9;at jdk.nashorn.internal.scripts.Script$Recompilation$44618$3841A$\^function\_.L:1#issueCommand(&lt;function&gt;:124)&#xa;&#x9;at jdk.nashorn.internal.scripts.Script$Recompilation$44618$3841A$\^function\_.L:1#issueCommand(&lt;function&gt;:124)&#xa;&#x9;at jdk.nashorn.internal.scripts.Script$Recompilation$44618$3841A$\^function\_.L:1#issueCommand(&lt;function&gt;:124)&#xa;&#x9;at jdk.nashorn.internal.scripts.Script$Recompilation$44618$3841A$\^function\_.L:1#issueCommand(&lt;function&gt;:124)&#xa;&#x9;at jdk.nashorn.internal.scripts.Script$Recompilation$44618$3841A$\^function\_.L:1#issueCommand(&lt;function&gt;:124)&#xa;&#x9;at jdk.nashorn.internal.scripts.Script$Recompilation$44618$3841A$\^function\_.L:1#issueCommand(&lt;function&gt;:124)&#xa;&#x9;at jdk.nashorn.internal.scripts.Script$Recompilation$44618$3841A$\^function\_.L:1#issueCommand(&lt;function&gt;:124)&#xa;&#x9;at jdk.nashorn.internal.scripts.Script$Recompilation$44618$3841A$\^function\_.L:1#issueCommand(&lt;function&gt;:124)&#xa;&#x9;at jdk.nashorn.internal.scripts.Script$Recompilation$44618$3841A$\^function\_.L:1#issueCommand(&lt;function&gt;:124)&#xa;&#x9;at jdk.nashorn.internal.scripts.Script$Recompilation$44618$3841A$\^function\_.L:1#issueCommand(&lt;function&gt;:124)&#xa;&#x9;at jdk.nashorn.internal.scripts.Script$Recompilation$44618$3841A$\^function\_.L:1#issueCommand(&lt;function&gt;:124)&#xa;&#x9;at jdk.nashorn.internal.scripts.Script$Recompilation$44618$3841A$\^function\_.L:1#issueCommand(&lt;function&gt;:124)&#xa;&#x9;at jdk.nashorn.internal.scripts.Script$Recompilation$44618$3841A$\^function\_.L:1#issueCommand(&lt;function&gt;:124)&#xa;&#x9;at jdk.nashorn.internal.scripts.Script$Recompilation$44618$3841A$\^function\_.L:1#issueCommand(&lt;function&gt;:124)&#xa;&#x9;at jdk.nashorn.internal.scripts.Script$Recompilation$44618$3841A$\^function\_.L:1#issueCommand(&lt;function&gt;:124)&#xa;&#x9;at jdk.nashorn.internal.scripts.Script$Recompilation$44618$3841A$\^function\_.L:1#issueCommand(&lt;function&gt;:124)&#xa;&#x9;at jdk.nashorn.internal.scripts.Script$Recompilation$44618$3841A$\^function\_.L:1#issueCommand(&lt;function&gt;:124)&#xa;&#x9;at jdk.nashorn.internal.scripts.Script$Recompilation$44618$3841A$\^function\_.L:1#issueCommand(&lt;function&gt;:124)&#xa;&#x9;at jdk.nashorn.internal.scripts.Script$Recompilation$44618$3841A$\^function\_.L:1#issueCommand(&lt;function&gt;:124)&#xa;&#x9;at jdk.nashorn.internal.scripts.Script$Recompilation$44618$3841A$\^function\_.L:1#issueCommand(&lt;function&gt;:124)&#xa;&#x9;at jdk.nashorn.internal.scripts.Script$Recompilation$44618$3841A$\^function\_.L:1#issueCommand(&lt;function&gt;:124)&#xa;&#x9;at jdk.nashorn.internal.scripts.Script$Recompilation$44618$3841A$\^function\_.L:1#issueCommand(&lt;function&gt;:124)&#xa;&#x9;at jdk.nashorn.internal.scripts.Script$Recompilation$44618$3841A$\^function\_.L:1#issueCommand(&lt;function&gt;:124)&#xa;&#x9;at jdk.nashorn.internal.scripts.Script$Recompilation$44618$3841A$\^function\_.L:1#issueCommand(&lt;function&gt;:124)&#xa;&#x9;at jdk.nashorn.internal.scripts.Script$Recompilation$44618$3841A$\^function\_.L:1#issueCommand(&lt;function&gt;:124)&#xa;&#x9;at jdk.nashorn.internal.scripts.Script$Recompilation$44618$3841A$\^function\_.L:1#issueCommand(&lt;function&gt;:124)&#xa;&#x9;at jdk.nashorn.internal.scripts.Script$Recompilation$44618$3841A$\^function\_.L:1#issueCommand(&lt;function&gt;:124)&#xa;&#x9;at jdk.nashorn.internal.scripts.Script$Recompilation$44618$3841A$\^function\_.L:1#issueCommand(&lt;function&gt;:124)&#xa;&#x9;at jdk.nashorn.internal.scripts.Script$Recompilation$44618$3841A$\^function\_.L:1#issueCommand(&lt;function&gt;:124)&#xa;&#x9;at jdk.nashorn.internal.scripts.Script$Recompilation$44618$3841A$\^function\_.L:1#issueCommand(&lt;function&gt;:124)&#xa;&#x9;at jdk.nashorn.internal.scripts.Script$Recompilation$44618$3841A$\^function\_.L:1#issueCommand(&lt;function&gt;:124)&#xa;&#x9;at jdk.nashorn.internal.scripts.Script$Recompilation$44618$3841A$\^function\_.L:1#issueCommand(&lt;function&gt;:124)&#xa;&#x9;at jdk.nashorn.internal.scripts.Script$Recompilation$44618$3841A$\^function\_.L:1#issueCommand(&lt;function&gt;:124)&#xa;&#x9;at jdk.nashorn.internal.scripts.Script$Recompilation$44618$3841A$\^function\_.L:1#issueCommand(&lt;function&gt;:124)&#xa;&#x9;at jdk.nashorn.internal.scripts.Script$Recompilation$44618$3841A$\^function\_.L:1#issueCommand(&lt;function&gt;:124)&#xa;&#x9;at jdk.nashorn.internal.scripts.Script$Recompilation$44618$3841A$\^function\_.L:1#issueCommand(&lt;function&gt;:124)&#xa;&#x9;at jdk.nashorn.internal.scripts.Script$Recompilation$44618$3841A$\^function\_.L:1#issueCommand(&lt;function&gt;:124)&#xa;&#x9;at jdk.nashorn.internal.scripts.Script$Recompilation$44618$3841A$\^function\_.L:1#issueCommand(&lt;function&gt;:124)&#xa;&#x9;at jdk.nashorn.internal.scripts.Script$Recompilation$44618$3841A$\^function\_.L:1#issueCommand(&lt;function&gt;:124)&#xa;&#x9;at jdk.nashorn.internal.scripts.Script$Recompilation$44618$3841A$\^function\_.L:1#issueCommand(&lt;function&gt;:124)&#xa;&#x9;at jdk.nashorn.internal.scripts.Script$Recompilation$44618$3841A$\^function\_.L:1#issueCommand(&lt;function&gt;:124)&#xa;&#x9;at jdk.nashorn.internal.scripts.Script$Recompilation$44618$3841A$\^function\_.L:1#issueCommand(&lt;function&gt;:124)&#xa;&#x9;at jdk.nashorn.internal.scripts.Script$Recompilation$44618$3841A$\^function\_.L:1#issueCommand(&lt;function&gt;:124)&#xa;&#x9;at jdk.nashorn.internal.scripts.Script$Recompilation$44618$3841A$\^function\_.L:1#issueCommand(&lt;function&gt;:124)&#xa;&#x9;at jdk.nashorn.internal.scripts.Script$Recompilation$44618$3841A$\^function\_.L:1#issueCommand(&lt;function&gt;:124)&#xa;&#x9;at jdk.nashorn.internal.scripts.Script$Recompilation$44618$3841A$\^function\_.L:1#issueCommand(&lt;function&gt;:124)&#xa;&#x9;at jdk.nashorn.internal.scripts.Script$Recompilation$44618$3841A$\^function\_.L:1#issueCommand(&lt;function&gt;:124)&#xa;&#x9;at jdk.nashorn.internal.scripts.Script$Recompilation$44618$3841A$\^function\_.L:1#issueCommand(&lt;function&gt;:124)&#xa;&#x9;at jdk.nashorn.internal.scripts.Script$Recompilation$44618$3841A$\^function\_.L:1#issueCommand(&lt;function&gt;:124)&#xa;&#x9;at jdk.nashorn.internal.scripts.Script$Recompilation$44618$3841A$\^function\_.L:1#issueCommand(&lt;function&gt;:124)&#xa;&#x9;at jdk.nashorn.internal.scripts.Script$Recompilation$44618$3841A$\^function\_.L:1#issueCommand(&lt;function&gt;:124)&#xa;&#x9;at jdk.nashorn.internal.scripts.Script$Recompilation$44618$3841A$\^function\_.L:1#issueCommand(&lt;function&gt;:124)&#xa;&#x9;at jdk.nashorn.internal.scripts.Script$Recompilation$44618$3841A$\^function\_.L:1#issueCommand(&lt;function&gt;:124)&#xa;&#x9;at jdk.nashorn.internal.scripts.Script$Recompilation$44618$3841A$\^function\_.L:1#issueCommand(&lt;function&gt;:124)&#xa;&#x9;at jdk.nashorn.internal.scripts.Script$Recompilation$44618$3841A$\^function\_.L:1#issueCommand(&lt;function&gt;:124)&#xa;&#x9;at jdk.nashorn.internal.scripts.Script$Recompilation$44618$3841A$\^function\_.L:1#issueCommand(&lt;function&gt;:124)&#xa;&#x9;at jdk.nashorn.internal.scripts.Script$Recompilation$44618$3841A$\^function\_.L:1#issueCommand(&lt;function&gt;:124)&#xa;&#x9;at jdk.nashorn.internal.scripts.Script$Recompilation$44618$3841A$\^function\_.L:1#issueCommand(&lt;function&gt;:124)&#xa;&#x9;at jdk.nashorn.internal.scripts.Script$Recompilation$44618$3841A$\^function\_.L:1#issueCommand(&lt;function&gt;:124)&#xa;&#x9;at jdk.nashorn.internal.scripts.Script$Recompilation$44618$3841A$\^function\_.L:1#issueCommand(&lt;function&gt;:124)&#xa;&#x9;at jdk.nashorn.internal.scripts.Script$Recompilation$44618$3841A$\^function\_.L:1#issueCommand(&lt;function&gt;:124)&#xa;&#x9;at jdk.nashorn.internal.scripts.Script$Recompilation$44618$3841A$\^function\_.L:1#issueCommand(&lt;function&gt;:124)&#xa;&#x9;at jdk.nashorn.internal.scripts.Script$Recompilation$44618$3841A$\^function\_.L:1#issueCommand(&lt;function&gt;:124)&#xa;&#x9;at jdk.nashorn.internal.scripts.Script$Recompilation$44618$3841A$\^function\_.L:1#issueCommand(&lt;function&gt;:124)&#xa;&#x9;at jdk.nashorn.internal.scripts.Script$Recompilation$44618$3841A$\^function\_.L:1#issueCommand(&lt;function&gt;:124)&#xa;&#x9;at jdk.nashorn.internal.scripts.Script$Recompilation$44618$3841A$\^function\_.L:1#issueCommand(&lt;function&gt;:124)&#xa;&#x9;at jdk.nashorn.internal.scripts.Script$Recompilation$44618$3841A$\^function\_.L:1#issueCommand(&lt;function&gt;:124)&#xa;&#x9;at jdk.nashorn.internal.scripts.Script$Recompilation$44618$3841A$\^function\_.L:1#issueCommand(&lt;function&gt;:124)&#xa;&#x9;at jdk.nashorn.internal.scripts.Script$Recompilation$44618$3841A$\^function\_.L:1#issueCommand(&lt;function&gt;:124)&#xa;&#x9;at jdk.nashorn.internal.scripts.Script$Recompilation$44618$3841A$\^function\_.L:1#issueCommand(&lt;function&gt;:124)&#xa;&#x9;at jdk.nashorn.internal.scripts.Script$Recompilation$44618$3841A$\^function\_.L:1#issueCommand(&lt;function&gt;:124)&#xa;&#x9;at jdk.nashorn.internal.scripts.Script$Recompilation$44618$3841A$\^function\_.L:1#issueCommand(&lt;function&gt;:124)&#xa;&#x9;at jdk.nashorn.internal.scripts.Script$Recompilation$44618$3841A$\^function\_.L:1#issueCommand(&lt;function&gt;:124)&#xa;&#x9;at jdk.nashorn.internal.scripts.Script$Recompilation$44618$3841A$\^function\_.L:1#issueCommand(&lt;function&gt;:124)&#xa;&#x9;at jdk.nashorn.internal.scripts.Script$Recompilation$44618$3841A$\^function\_.L:1#issueCommand(&lt;function&gt;:124)&#xa;&#x9;at jdk.nashorn.internal.scripts.Script$Recompilation$44618$3841A$\^function\_.L:1#issueCommand(&lt;function&gt;:124)&#xa;&#x9;at jdk.nashorn.internal.scripts.Script$Recompilation$44618$3841A$\^function\_.L:1#issueCommand(&lt;function&gt;:124)&#xa;&#x9;at jdk.nashorn.internal.scripts.Script$Recompilation$44618$3841A$\^function\_.L:1#issueCommand(&lt;function&gt;:124)&#xa;&#x9;at jdk.nashorn.internal.scripts.Script$Recompilation$44618$3841A$\^function\_.L:1#issueCommand(&lt;function&gt;:124)&#xa;&#x9;at jdk.nashorn.internal.scripts.Script$Recompilation$44618$3841A$\^function\_.L:1#issueCommand(&lt;function&gt;:124)&#xa;&#x9;at jdk.nashorn.internal.scripts.Script$Recompilation$44618$3841A$\^function\_.L:1#issueCommand(&lt;function&gt;:124)&#xa;&#x9;at jdk.nashorn.internal.scripts.Script$Recompilation$44618$3841A$\^function\_.L:1#issueCommand(&lt;function&gt;:124)&#xa;&#x9;at jdk.nashorn.internal.scripts.Script$Recompilation$44618$3841A$\^function\_.L:1#issueCommand(&lt;function&gt;:124)&#xa;&#x9;at jdk.nashorn.internal.scripts.Script$Recompilation$44618$3841A$\^function\_.L:1#issueCommand(&lt;function&gt;:124)&#xa;&#x9;at jdk.nashorn.internal.scripts.Script$Recompilation$44618$3841A$\^function\_.L:1#issueCommand(&lt;function&gt;:124)&#xa;&#x9;at jdk.nashorn.internal.scripts.Script$Recompilation$44618$3841A$\^function\_.L:1#issueCommand(&lt;function&gt;:124)&#xa;&#x9;at jdk.nashorn.internal.scripts.Script$Recompilation$44618$3841A$\^function\_.L:1#issueCommand(&lt;function&gt;:124)&#xa;&#x9;at jdk.nashorn.internal.scripts.Script$Recompilation$44618$3841A$\^function\_.L:1#issueCommand(&lt;function&gt;:124)&#xa;&#x9;at jdk.nashorn.internal.scripts.Script$Recompilation$44618$3841A$\^function\_.L:1#issueCommand(&lt;function&gt;:124)&#xa;&#x9;at jdk.nashorn.internal.scripts.Script$Recompilation$44618$3841A$\^function\_.L:1#issueCommand(&lt;function&gt;:124)&#xa;&#x9;at jdk.nashorn.internal.scripts.Script$Recompilation$44618$3841A$\^function\_.L:1#issueCommand(&lt;function&gt;:124)&#xa;&#x9;at jdk.nashorn.internal.scripts.Script$Recompilation$44618$3841A$\^function\_.L:1#issueCommand(&lt;function&gt;:124)&#xa;&#x9;at jdk.nashorn.internal.scripts.Script$Recompilation$44618$3841A$\^function\_.L:1#issueCommand(&lt;function&gt;:124)&#xa;&#x9;at jdk.nashorn.internal.scripts.Script$Recompilation$44618$3841A$\^function\_.L:1#issueCommand(&lt;function&gt;:124)&#xa;&#x9;at jdk.nashorn.internal.scripts.Script$Recompilation$44618$3841A$\^function\_.L:1#issueCommand(&lt;function&gt;:124)&#xa;&#x9;at jdk.nashorn.internal.scripts.Script$Recompilation$44618$3841A$\^function\_.L:1#issueCommand(&lt;function&gt;:124)&#xa;&#x9;at jdk.nashorn.internal.scripts.Script$Recompilation$44618$3841A$\^function\_.L:1#issueCommand(&lt;function&gt;:124)&#xa;&#x9;at jdk.nashorn.internal.scripts.Script$Recompilation$44618$3841A$\^function\_.L:1#issueCommand(&lt;function&gt;:124)&#xa;&#x9;at jdk.nashorn.internal.scripts.Script$Recompilation$44618$3841A$\^function\_.L:1#issueCommand(&lt;function&gt;:124)&#xa;&#x9;at jdk.nashorn.internal.scripts.Script$Recompilation$44618$3841A$\^function\_.L:1#issueCommand(&lt;function&gt;:124)&#xa;&#x9;at jdk.nashorn.internal.scripts.Script$Recompilation$44618$3841A$\^function\_.L:1#issueCommand(&lt;function&gt;:124)&#xa;&#x9;at jdk.nashorn.internal.scripts.Script$Recompilation$44618$3841A$\^function\_.L:1#issueCommand(&lt;function&gt;:124)&#xa;&#x9;at jdk.nashorn.internal.scripts.Script$Recompilation$44618$3841A$\^function\_.L:1#issueCommand(&lt;function&gt;:124)&#xa;&#x9;at jdk.nashorn.internal.scripts.Script$Recompilation$44618$3841A$\^function\_.L:1#issueCommand(&lt;function&gt;:124)&#xa;&#x9;at jdk.nashorn.internal.scripts.Script$Recompilation$44618$3841A$\^function\_.L:1#issueCommand(&lt;function&gt;:124)&#xa;&#x9;at jdk.nashorn.internal.scripts.Script$Recompilation$44618$3841A$\^function\_.L:1#issueCommand(&lt;function&gt;:124)&#xa;&#x9;at jdk.nashorn.internal.scripts.Script$Recompilation$44618$3841A$\^function\_.L:1#issueCommand(&lt;function&gt;:124)&#xa;&#x9;at jdk.nashorn.internal.scripts.Script$Recompilation$44618$3841A$\^function\_.L:1#issueCommand(&lt;function&gt;:124)&#xa;&#x9;at jdk.nashorn.internal.scripts.Script$Recompilation$44618$3841A$\^function\_.L:1#issueCommand(&lt;function&gt;:124)&#xa;&#x9;at jdk.nashorn.internal.scripts.Script$Recompilation$44618$3841A$\^function\_.L:1#issueCommand(&lt;function&gt;:124)&#xa;&#x9;at jdk.nashorn.internal.scripts.Script$Recompilation$44618$3841A$\^function\_.L:1#issueCommand(&lt;function&gt;:124)&#xa;&#x9;at jdk.nashorn.internal.scripts.Script$Recompilation$44618$3841A$\^function\_.L:1#issueCommand(&lt;function&gt;:124)&#xa;&#x9;at jdk.nashorn.internal.scripts.Script$Recompilation$44618$3841A$\^function\_.L:1#issueCommand(&lt;function&gt;:124)&#xa;&#x9;at jdk.nashorn.internal.scripts.Script$Recompilation$44618$3841A$\^function\_.L:1#issueCommand(&lt;function&gt;:124)&#xa;&#x9;at jdk.nashorn.internal.scripts.Script$Recompilation$44618$3841A$\^function\_.L:1#issueCommand(&lt;function&gt;:124)&#xa;&#x9;at jdk.nashorn.internal.scripts.Script$Recompilation$44618$3841A$\^function\_.L:1#issueCommand(&lt;function&gt;:124)&#xa;&#x9;at jdk.nashorn.internal.scripts.Script$Recompilation$44618$3841A$\^function\_.L:1#issueCommand(&lt;function&gt;:124)&#xa;&#x9;at jdk.nashorn.internal.scripts.Script$Recompilation$44618$3841A$\^function\_.L:1#issueCommand(&lt;function&gt;:124)&#xa;&#x9;at jdk.nashorn.internal.scripts.Script$Recompilation$44618$3841A$\^function\_.L:1#issueCommand(&lt;function&gt;:124)&#xa;&#x9;at jdk.nashorn.internal.scripts.Script$Recompilation$44618$3841A$\^function\_.L:1#issueCommand(&lt;function&gt;:124)&#xa;&#x9;at jdk.nashorn.internal.scripts.Script$Recompilation$44618$3841A$\^function\_.L:1#issueCommand(&lt;function&gt;:124)&#xa;&#x9;at jdk.nashorn.internal.scripts.Script$Recompilation$44618$3841A$\^function\_.L:1#issueCommand(&lt;function&gt;:124)&#xa;&#x9;at jdk.nashorn.internal.scripts.Script$Recompilation$44618$3841A$\^function\_.L:1#issueCommand(&lt;function&gt;:124)&#xa; in /home/travis/build/icyphy/ptII/ptolemy/actor/lib/jjs/external/require.js#409:30&lt;eval&gt; at line number 1736 at column number 24&#xa;  in .SemanticYelpSensorUpdateExample.SemanticYelpSearch&#xa;Because:&#xa;Error: commonHost.js, react(), invoking a specific handler for &quot;trigger&quot;: Exception occurred in input handler for accessor SemanticYelpSearch, which has now has been removed.  Exception was: java.lang.StackOverflowError Stacktrace was: &#xa;java.lang.StackOverflowError&#xa;&#x9;at jdk.nashorn.internal.runtime.AccessorProperty.getObjectValue(AccessorProperty.java:417)&#xa;&#x9;at jdk.nashorn.internal.runtime.FindProperty.getObjectValue(FindProperty.java:229)&#xa;&#x9;at jdk.nashorn.internal.runtime.ScriptObject.get(ScriptObject.java:2860)&#xa;&#x9;at jdk.nashorn.internal.runtime.ScriptObject.get(ScriptObject.java:2877)&#xa;&#x9;at jdk.nashorn.internal.scripts.Script$Recompilation$44872$56054A$require.L:1#get(/home/travis/build/icyphy/ptII/ptolemy/actor/lib/jjs/external/require.js#409:30&lt;eval&gt;:1245)&#xa;&#x9;at jdk.nashorn.internal.scripts.Script$Recompilation$44618$3841A$\^function\_.L:1#issueCommand(&lt;function&gt;:116)&#xa;&#x9;at jdk.nashorn.internal.scripts.Script$Recompilation$44618$3841A$\^function\_.L:1#issueCommand(&lt;function&gt;:124)&#xa;&#x9;at jdk.nashorn.internal.scripts.Script$Recompilation$44618$3841A$\^function\_.L:1#issueCommand(&lt;function&gt;:124)&#xa;&#x9;at jdk.nashorn.internal.scripts.Script$Recompilation$44618$3841A$\^function\_.L:1#issueCommand(&lt;function&gt;:124)&#xa;&#x9;at jdk.nashorn.internal.scripts.Script$Recompilation$44618$3841A$\^function\_.L:1#issueCommand(&lt;function&gt;:124)&#xa;&#x9;at jdk.nashorn.internal.scripts.Script$Recompilation$44618$3841A$\^function\_.L:1#issueCommand(&lt;function&gt;:124)&#xa;&#x9;at jdk.nashorn.internal.scripts.Script$Recompilation$44618$3841A$\^function\_.L:1#issueCommand(&lt;function&gt;:124)&#xa;&#x9;at jdk.nashorn.internal.scripts.Script$Recompilation$44618$3841A$\^function\_.L:1#issueCommand(&lt;function&gt;:124)&#xa;&#x9;at jdk.nashorn.internal.scripts.Script$Recompilation$44618$3841A$\^function\_.L:1#issueCommand(&lt;function&gt;:124)&#xa;&#x9;at jdk.nashorn.internal.scripts.Script$Recompilation$44618$3841A$\^function\_.L:1#issueCommand(&lt;function&gt;:124)&#xa;&#x9;at jdk.nashorn.internal.scripts.Script$Recompilation$44618$3841A$\^function\_.L:1#issueCommand(&lt;function&gt;:124)&#xa;&#x9;at jdk.nashorn.internal.scripts.Script$Recompilation$44618$3841A$\^function\_.L:1#issueCommand(&lt;function&gt;:124)&#xa;&#x9;at jdk.nashorn.internal.scripts.Script$Recompilation$44618$3841A$\^function\_.L:1#issueCommand(&lt;function&gt;:124)&#xa;&#x9;at jdk.nashorn.internal.scripts.Script$Recompilation$44618$3841A$\^function\_.L:1#issueCommand(&lt;function&gt;:124)&#xa;&#x9;at jdk.nashorn.internal.scripts.Script$Recompilation$44618$3841A$\^function\_.L:1#issueCommand(&lt;function&gt;:124)&#xa;&#x9;at jdk.nashorn.internal.scripts.Script$Recompilation$44618$3841A$\^function\_.L:1#issueCommand(&lt;function&gt;:124)&#xa;&#x9;at jdk.nashorn.internal.scripts.Script$Recompilation$44618$3841A$\^function\_.L:1#issueCommand(&lt;function&gt;:124)&#xa;&#x9;at jdk.nashorn.internal.scripts.Script$Recompilation$44618$3841A$\^function\_.L:1#issueCommand(&lt;function&gt;:124)&#xa;&#x9;at jdk.nashorn.internal.scripts.Script$Recompilation$44618$3841A$\^function\_.L:1#issueCommand(&lt;function&gt;:124)&#xa;&#x9;at jdk.nashorn.internal.scripts.Script$Recompilation$44618$3841A$\^function\_.L:1#issueCommand(&lt;function&gt;:124)&#xa;&#x9;at jdk.nashorn.internal.scripts.Script$Recompilation$44618$3841A$\^function\_.L:1#issueCommand(&lt;function&gt;:124)&#xa;&#x9;at jdk.nashorn.internal.scripts.Script$Recompilation$44618$3841A$\^function\_.L:1#issueCommand(&lt;function&gt;:124)&#xa;&#x9;at jdk.nashorn.internal.scripts.Script$Recompilation$44618$3841A$\^function\_.L:1#issueCommand(&lt;function&gt;:124)&#xa;&#x9;at jdk.nashorn.internal.scripts.Script$Recompilation$44618$3841A$\^function\_.L:1#issueCommand(&lt;function&gt;:124)&#xa;&#x9;at jdk.nashorn.internal.scripts.Script$Recompilation$44618$3841A$\^function\_.L:1#issueCommand(&lt;function&gt;:124)&#xa;&#x9;at jdk.nashorn.internal.scripts.Script$Recompilation$44618$3841A$\^function\_.L:1#issueCommand(&lt;function&gt;:124)&#xa;&#x9;at jdk.nashorn.internal.scripts.Script$Recompilation$44618$3841A$\^function\_.L:1#issueCommand(&lt;function&gt;:124)&#xa;&#x9;at jdk.nashorn.internal.scripts.Script$Recompilation$44618$3841A$\^function\_.L:1#issueCommand(&lt;function&gt;:124)&#xa;&#x9;at jdk.nashorn.internal.scripts.Script$Recompilation$44618$3841A$\^function\_.L:1#issueCommand(&lt;function&gt;:124)&#xa;&#x9;at jdk.nashorn.internal.scripts.Script$Recompilation$44618$3841A$\^function\_.L:1#issueCommand(&lt;function&gt;:124)&#xa;&#x9;at jdk.nashorn.internal.scripts.Script$Recompilation$44618$3841A$\^function\_.L:1#issueCommand(&lt;function&gt;:124)&#xa;&#x9;at jdk.nashorn.internal.scripts.Script$Recompilation$44618$3841A$\^function\_.L:1#issueCommand(&lt;function&gt;:124)&#xa;&#x9;at jdk.nashorn.internal.scripts.Script$Recompilation$44618$3841A$\^function\_.L:1#issueCommand(&lt;function&gt;:124)&#xa;&#x9;at jdk.nashorn.internal.scripts.Script$Recompilation$44618$3841A$\^function\_.L:1#issueCommand(&lt;function&gt;:124)&#xa;&#x9;at jdk.nashorn.internal.scripts.Script$Recompilation$44618$3841A$\^function\_.L:1#issueCommand(&lt;function&gt;:124)&#xa;&#x9;at jdk.nashorn.internal.scripts.Script$Recompilation$44618$3841A$\^function\_.L:1#issueCommand(&lt;function&gt;:124)&#xa;&#x9;at jdk.nashorn.internal.scripts.Script$Recompilation$44618$3841A$\^function\_.L:1#issueCommand(&lt;function&gt;:124)&#xa;&#x9;at jdk.nashorn.internal.scripts.Script$Recompilation$44618$3841A$\^function\_.L:1#issueCommand(&lt;function&gt;:124)&#xa;&#x9;at jdk.nashorn.internal.scripts.Script$Recompilation$44618$3841A$\^function\_.L:1#issueCommand(&lt;function&gt;:124)&#xa;&#x9;at jdk.nashorn.internal.scripts.Script$Recompilation$44618$3841A$\^function\_.L:1#issueCommand(&lt;function&gt;:124)&#xa;&#x9;at jdk.nashorn.internal.scripts.Script$Recompilation$44618$3841A$\^function\_.L:1#issueCommand(&lt;function&gt;:124)&#xa;&#x9;at jdk.nashorn.internal.scripts.Script$Recompilation$44618$3841A$\^function\_.L:1#issueCommand(&lt;function&gt;:124)&#xa;&#x9;at jdk.nashorn.internal.scripts.Script$Recompilation$44618$3841A$\^function\_.L:1#issueCommand(&lt;function&gt;:124)&#xa;&#x9;at jdk.nashorn.internal.scripts.Script$Recompilation$44618$3841A$\^function\_.L:1#issueCommand(&lt;function&gt;:124)&#xa;&#x9;at jdk.nashorn.internal.scripts.Script$Recompilation$44618$3841A$\^function\_.L:1#issueCommand(&lt;function&gt;:124)&#xa;&#x9;at jdk.nashorn.internal.scripts.Script$Recompilation$44618$3841A$\^function\_.L:1#issueCommand(&lt;function&gt;:124)&#xa;&#x9;at jdk.nashorn.internal.scripts.Script$Recompilation$44618$3841A$\^function\_.L:1#issueCommand(&lt;function&gt;:124)&#xa;&#x9;at jdk.nashorn.internal.scripts.Script$Recompilation$44618$3841A$\^function\_.L:1#issueCommand(&lt;function&gt;:124)&#xa;&#x9;at jdk.nashorn.internal.scripts.Script$Recompilation$44618$3841A$\^function\_.L:1#issueCommand(&lt;function&gt;:124)&#xa;&#x9;at jdk.nashorn.internal.scripts.Script$Recompilation$44618$3841A$\^function\_.L:1#issueCommand(&lt;function&gt;:124)&#xa;&#x9;at jdk.nashorn.internal.scripts.Script$Recompilation$44618$3841A$\^function\_.L:1#issueCommand(&lt;function&gt;:124)&#xa;&#x9;at jdk.nashorn.internal.scripts.Script$Recompilation$44618$3841A$\^function\_.L:1#issueCommand(&lt;function&gt;:124)&#xa;&#x9;at jdk.nashorn.internal.scripts.Script$Recompilation$44618$3841A$\^function\_.L:1#issueCommand(&lt;function&gt;:124)&#xa;&#x9;at jdk.nashorn.internal.scripts.Script$Recompilation$44618$3841A$\^function\_.L:1#issueCommand(&lt;function&gt;:124)&#xa;&#x9;at jdk.nashorn.internal.scripts.Script$Recompilation$44618$3841A$\^function\_.L:1#issueCommand(&lt;function&gt;:124)&#xa;&#x9;at jdk.nashorn.internal.scripts.Script$Recompilation$44618$3841A$\^function\_.L:1#issueCommand(&lt;function&gt;:124)&#xa;&#x9;at jdk.nashorn.internal.scripts.Script$Recompilation$44618$3841A$\^function\_.L:1#issueCommand(&lt;function&gt;:124)&#xa;&#x9;at jdk.nashorn.internal.scripts.Script$Recompilation$44618$3841A$\^function\_.L:1#issueCommand(&lt;function&gt;:124)&#xa;&#x9;at jdk.nashorn.internal.scripts.Script$Recompilation$44618$3841A$\^function\_.L:1#issueCommand(&lt;function&gt;:124)&#xa;&#x9;at jdk.nashorn.internal.scripts.Script$Recompilation$44618$3841A$\^function\_.L:1#issueCommand(&lt;function&gt;:124)&#xa;&#x9;at jdk.nashorn.internal.scripts.Script$Recompilation$44618$3841A$\^function\_.L:1#issueCommand(&lt;function&gt;:124)&#xa;&#x9;at jdk.nashorn.internal.scripts.Script$Recompilation$44618$3841A$\^function\_.L:1#issueCommand(&lt;function&gt;:124)&#xa;&#x9;at jdk.nashorn.internal.scripts.Script$Recompilation$44618$3841A$\^function\_.L:1#issueCommand(&lt;function&gt;:124)&#xa;&#x9;at jdk.nashorn.internal.scripts.Script$Recompilation$44618$3841A$\^function\_.L:1#issueCommand(&lt;function&gt;:124)&#xa;&#x9;at jdk.nashorn.internal.scripts.Script$Recompilation$44618$3841A$\^function\_.L:1#issueCommand(&lt;function&gt;:124)&#xa;&#x9;at jdk.nashorn.internal.scripts.Script$Recompilation$44618$3841A$\^function\_.L:1#issueCommand(&lt;function&gt;:124)&#xa;&#x9;at jdk.nashorn.internal.scripts.Script$Recompilation$44618$3841A$\^function\_.L:1#issueCommand(&lt;function&gt;:124)&#xa;&#x9;at jdk.nashorn.internal.scripts.Script$Recompilation$44618$3841A$\^function\_.L:1#issueCommand(&lt;function&gt;:124)&#xa;&#x9;at jdk.nashorn.internal.scripts.Script$Recompilation$44618$3841A$\^function\_.L:1#issueCommand(&lt;function&gt;:124)&#xa;&#x9;at jdk.nashorn.internal.scripts.Script$Recompilation$44618$3841A$\^function\_.L:1#issueCommand(&lt;function&gt;:124)&#xa;&#x9;at jdk.nashorn.internal.scripts.Script$Recompilation$44618$3841A$\^function\_.L:1#issueCommand(&lt;function&gt;:124)&#xa;&#x9;at jdk.nashorn.internal.scripts.Script$Recompilation$44618$3841A$\^function\_.L:1#issueCommand(&lt;function&gt;:124)&#xa;&#x9;at jdk.nashorn.internal.scripts.Script$Recompilation$44618$3841A$\^function\_.L:1#issueCommand(&lt;function&gt;:124)&#xa;&#x9;at jdk.nashorn.internal.scripts.Script$Recompilation$44618$3841A$\^function\_.L:1#issueCommand(&lt;function&gt;:124)&#xa;&#x9;at jdk.nashorn.internal.scripts.Script$Recompilation$44618$3841A$\^function\_.L:1#issueCommand(&lt;function&gt;:124)&#xa;&#x9;at jdk.nashorn.internal.scripts.Script$Recompilation$44618$3841A$\^function\_.L:1#issueCommand(&lt;function&gt;:124)&#xa;&#x9;at jdk.nashorn.internal.scripts.Script$Recompilation$44618$3841A$\^function\_.L:1#issueCommand(&lt;function&gt;:124)&#xa;&#x9;at jdk.nashorn.internal.scripts.Script$Recompilation$44618$3841A$\^function\_.L:1#issueCommand(&lt;function&gt;:124)&#xa;&#x9;at jdk.nashorn.internal.scripts.Script$Recompilation$44618$3841A$\^function\_.L:1#issueCommand(&lt;function&gt;:124)&#xa;&#x9;at jdk.nashorn.internal.scripts.Script$Recompilation$44618$3841A$\^function\_.L:1#issueCommand(&lt;function&gt;:124)&#xa;&#x9;at jdk.nashorn.internal.scripts.Script$Recompilation$44618$3841A$\^function\_.L:1#issueCommand(&lt;function&gt;:124)&#xa;&#x9;at jdk.nashorn.internal.scripts.Script$Recompilation$44618$3841A$\^function\_.L:1#issueCommand(&lt;function&gt;:124)&#xa;&#x9;at jdk.nashorn.internal.scripts.Script$Recompilation$44618$3841A$\^function\_.L:1#issueCommand(&lt;function&gt;:124)&#xa;&#x9;at jdk.nashorn.internal.scripts.Script$Recompilation$44618$3841A$\^function\_.L:1#issueCommand(&lt;function&gt;:124)&#xa;&#x9;at jdk.nashorn.internal.scripts.Script$Recompilation$44618$3841A$\^function\_.L:1#issueCommand(&lt;function&gt;:124)&#xa;&#x9;at jdk.nashorn.internal.scripts.Script$Recompilation$44618$3841A$\^function\_.L:1#issueCommand(&lt;function&gt;:124)&#xa;&#x9;at jdk.nashorn.internal.scripts.Script$Recompilation$44618$3841A$\^function\_.L:1#issueCommand(&lt;function&gt;:124)&#xa;&#x9;at jdk.nashorn.internal.scripts.Script$Recompilation$44618$3841A$\^function\_.L:1#issueCommand(&lt;function&gt;:124)&#xa;&#x9;at jdk.nashorn.internal.scripts.Script$Recompilation$44618$3841A$\^function\_.L:1#issueCommand(&lt;function&gt;:124)&#xa;&#x9;at jdk.nashorn.internal.scripts.Script$Recompilation$44618$3841A$\^function\_.L:1#issueCommand(&lt;function&gt;:124)&#xa;&#x9;at jdk.nashorn.internal.scripts.Script$Recompilation$44618$3841A$\^function\_.L:1#issueCommand(&lt;function&gt;:124)&#xa;&#x9;at jdk.nashorn.internal.scripts.Script$Recompilation$44618$3841A$\^function\_.L:1#issueCommand(&lt;function&gt;:124)&#xa;&#x9;at jdk.nashorn.internal.scripts.Script$Recompilation$44618$3841A$\^function\_.L:1#issueCommand(&lt;function&gt;:124)&#xa;&#x9;at jdk.nashorn.internal.scripts.Script$Recompilation$44618$3841A$\^function\_.L:1#issueCommand(&lt;function&gt;:124)&#xa;&#x9;at jdk.nashorn.internal.scripts.Script$Recompilation$44618$3841A$\^function\_.L:1#issueCommand(&lt;function&gt;:124)&#xa;&#x9;at jdk.nashorn.internal.scripts.Script$Recompilation$44618$3841A$\^function\_.L:1#issueCommand(&lt;function&gt;:124)&#xa;&#x9;at jdk.nashorn.internal.scripts.Script$Recompilation$44618$3841A$\^function\_.L:1#issueCommand(&lt;function&gt;:124)&#xa;&#x9;at jdk.nashorn.internal.scripts.Script$Recompilation$44618$3841A$\^function\_.L:1#issueCommand(&lt;function&gt;:124)&#xa;&#x9;at jdk.nashorn.internal.scripts.Script$Recompilation$44618$3841A$\^function\_.L:1#issueCommand(&lt;function&gt;:124)&#xa;&#x9;at jdk.nashorn.internal.scripts.Script$Recompilation$44618$3841A$\^function\_.L:1#issueCommand(&lt;function&gt;:124)&#xa;&#x9;at jdk.nashorn.internal.scripts.Script$Recompilation$44618$3841A$\^function\_.L:1#issueCommand(&lt;function&gt;:124)&#xa;&#x9;at jdk.nashorn.internal.scripts.Script$Recompilation$44618$3841A$\^function\_.L:1#issueCommand(&lt;function&gt;:124)&#xa;&#x9;at jdk.nashorn.internal.scripts.Script$Recompilation$44618$3841A$\^function\_.L:1#issueCommand(&lt;function&gt;:124)&#xa;&#x9;at jdk.nashorn.internal.scripts.Script$Recompilation$44618$3841A$\^function\_.L:1#issueCommand(&lt;function&gt;:124)&#xa;&#x9;at jdk.nashorn.internal.scripts.Script$Recompilation$44618$3841A$\^function\_.L:1#issueCommand(&lt;function&gt;:124)&#xa;&#x9;at jdk.nashorn.internal.scripts.Script$Recompilation$44618$3841A$\^function\_.L:1#issueCommand(&lt;function&gt;:124)&#xa;&#x9;at jdk.nashorn.internal.scripts.Script$Recompilation$44618$3841A$\^function\_.L:1#issueCommand(&lt;function&gt;:124)&#xa;&#x9;at jdk.nashorn.internal.scripts.Script$Recompilation$44618$3841A$\^function\_.L:1#issueCommand(&lt;function&gt;:124)&#xa;&#x9;at jdk.nashorn.internal.scripts.Script$Recompilation$44618$3841A$\^function\_.L:1#issueCommand(&lt;function&gt;:124)&#xa;&#x9;at jdk.nashorn.internal.scripts.Script$Recompilation$44618$3841A$\^function\_.L:1#issueCommand(&lt;function&gt;:124)&#xa;&#x9;at jdk.nashorn.internal.scripts.Script$Recompilation$44618$3841A$\^function\_.L:1#issueCommand(&lt;function&gt;:124)&#xa;&#x9;at jdk.nashorn.internal.scripts.Script$Recompilation$44618$3841A$\^function\_.L:1#issueCommand(&lt;function&gt;:124)&#xa;&#x9;at jdk.nashorn.internal.scripts.Script$Recompilation$44618$3841A$\^function\_.L:1#issueCommand(&lt;function&gt;:124)&#xa;&#x9;at jdk.nashorn.internal.scripts.Script$Recompilation$44618$3841A$\^function\_.L:1#issueCommand(&lt;function&gt;:124)&#xa;&#x9;at jdk.nashorn.internal.scripts.Script$Recompilation$44618$3841A$\^function\_.L:1#issueCommand(&lt;function&gt;:124)&#xa;&#x9;at jdk.nashorn.internal.scripts.Script$Recompilation$44618$3841A$\^function\_.L:1#issueCommand(&lt;function&gt;:124)&#xa;&#x9;at jdk.nashorn.internal.scripts.Script$Recompilation$44618$3841A$\^function\_.L:1#issueCommand(&lt;function&gt;:124)&#xa;&#x9;at jdk.nashorn.internal.scripts.Script$Recompilation$44618$3841A$\^function\_.L:1#issueCommand(&lt;function&gt;:124)&#xa;&#x9;at jdk.nashorn.internal.scripts.Script$Recompilation$44618$3841A$\^function\_.L:1#issueCommand(&lt;function&gt;:124)&#xa;&#x9;at jdk.nashorn.internal.scripts.Script$Recompilation$44618$3841A$\^function\_.L:1#issueCommand(&lt;function&gt;:124)&#xa;&#x9;at jdk.nashorn.internal.scripts.Script$Recompilation$44618$3841A$\^function\_.L:1#issueCommand(&lt;function&gt;:124)&#xa;&#x9;at jdk.nashorn.internal.scripts.Script$Recompilation$44618$3841A$\^function\_.L:1#issueCommand(&lt;function&gt;:124)&#xa;&#x9;at jdk.nashorn.internal.scripts.Script$Recompilation$44618$3841A$\^function\_.L:1#issueCommand(&lt;function&gt;:124)&#xa;&#x9;at jdk.nashorn.internal.scripts.Script$Recompilation$44618$3841A$\^function\_.L:1#issueCommand(&lt;function&gt;:124)&#xa;&#x9;at jdk.nashorn.internal.scripts.Script$Recompilation$44618$3841A$\^function\_.L:1#issueCommand(&lt;function&gt;:124)&#xa;&#x9;at jdk.nashorn.internal.scripts.Script$Recompilation$44618$3841A$\^function\_.L:1#issueCommand(&lt;function&gt;:124)&#xa;&#x9;at jdk.nashorn.internal.scripts.Script$Recompilation$44618$3841A$\^function\_.L:1#issueCommand(&lt;function&gt;:124)&#xa;&#x9;at jdk.nashorn.internal.scripts.Script$Recompilation$44618$3841A$\^function\_.L:1#issueCommand(&lt;function&gt;:124)&#xa;&#x9;at jdk.nashorn.internal.scripts.Script$Recompilation$44618$3841A$\^function\_.L:1#issueCommand(&lt;function&gt;:124)&#xa;&#x9;at jdk.nashorn.internal.scripts.Script$Recompilation$44618$3841A$\^function\_.L:1#issueCommand(&lt;function&gt;:124)&#xa;&#x9;at jdk.nashorn.internal.scripts.Script$Recompilation$44618$3841A$\^function\_.L:1#issueCommand(&lt;function&gt;:124)&#xa;&#x9;at jdk.nashorn.internal.scripts.Script$Recompilation$44618$3841A$\^function\_.L:1#issueCommand(&lt;function&gt;:124)&#xa;&#x9;at jdk.nashorn.internal.scripts.Script$Recompilation$44618$3841A$\^function\_.L:1#issueCommand(&lt;function&gt;:124)&#xa;&#x9;at jdk.nashorn.internal.scripts.Script$Recompilation$44618$3841A$\^function\_.L:1#issueCommand(&lt;function&gt;:124)&#xa;&#x9;at jdk.nashorn.internal.scripts.Script$Recompilation$44618$3841A$\^function\_.L:1#issueCommand(&lt;function&gt;:124)&#xa;&#x9;at jdk.nashorn.internal.scripts.Script$Recompilation$44618$3841A$\^function\_.L:1#issueCommand(&lt;function&gt;:124)&#xa;&#x9;at jdk.nashorn.internal.scripts.Script$Recompilation$44618$3841A$\^function\_.L:1#issueCommand(&lt;function&gt;:124)&#xa;&#x9;at jdk.nashorn.internal.scripts.Script$Recompilation$44618$3841A$\^function\_.L:1#issueCommand(&lt;function&gt;:124)&#xa;&#x9;at jdk.nashorn.internal.scripts.Script$Recompilation$44618$3841A$\^function\_.L:1#issueCommand(&lt;function&gt;:124)&#xa;&#x9;at jdk.nashorn.internal.scripts.Script$Recompilation$44618$3841A$\^function\_.L:1#issueCommand(&lt;function&gt;:124)&#xa;&#x9;at jdk.nashorn.internal.scripts.Script$Recompilation$44618$3841A$\^function\_.L:1#issueCommand(&lt;function&gt;:124)&#xa;&#x9;at jdk.nashorn.internal.scripts.Script$Recompilation$44618$3841A$\^function\_.L:1#issueCommand(&lt;function&gt;:124)&#xa;&#x9;at jdk.nashorn.internal.scripts.Script$Recompilation$44618$3841A$\^function\_.L:1#issueCommand(&lt;function&gt;:124)&#xa;&#x9;at jdk.nashorn.internal.scripts.Script$Recompilation$44618$3841A$\^function\_.L:1#issueCommand(&lt;function&gt;:124)&#xa;&#x9;at jdk.nashorn.internal.scripts.Script$Recompilation$44618$3841A$\^function\_.L:1#issueCommand(&lt;function&gt;:124)&#xa;&#x9;at jdk.nashorn.internal.scripts.Script$Recompilation$44618$3841A$\^function\_.L:1#issueCommand(&lt;function&gt;:124)&#xa;&#x9;at jdk.nashorn.internal.scripts.Script$Recompilation$44618$3841A$\^function\_.L:1#issueCommand(&lt;function&gt;:124)&#xa;&#x9;at jdk.nashorn.internal.scripts.Script$Recompilation$44618$3841A$\^function\_.L:1#issueCommand(&lt;function&gt;:124)&#xa;&#x9;at jdk.nashorn.internal.scripts.Script$Recompilation$44618$3841A$\^function\_.L:1#issueCommand(&lt;function&gt;:124)&#xa;&#x9;at jdk.nashorn.internal.scripts.Script$Recompilation$44618$3841A$\^function\_.L:1#issueCommand(&lt;function&gt;:124)&#xa;&#x9;at jdk.nashorn.internal.scripts.Script$Recompilation$44618$3841A$\^function\_.L:1#issueCommand(&lt;function&gt;:124)&#xa;&#x9;at jdk.nashorn.internal.scripts.Script$Recompilation$44618$3841A$\^function\_.L:1#issueCommand(&lt;function&gt;:124)&#xa;&#x9;at jdk.nashorn.internal.scripts.Script$Recompilation$44618$3841A$\^function\_.L:1#issueCommand(&lt;function&gt;:124)&#xa;&#x9;at jdk.nashorn.internal.scripts.Script$Recompilation$44618$3841A$\^function\_.L:1#issueCommand(&lt;function&gt;:124)&#xa;&#x9;at jdk.nashorn.internal.scripts.Script$Recompilation$44618$3841A$\^function\_.L:1#issueCommand(&lt;function&gt;:124)&#xa;&#x9;at jdk.nashorn.internal.scripts.Script$Recompilation$44618$3841A$\^function\_.L:1#issueCommand(&lt;function&gt;:124)&#xa;&#x9;at jdk.nashorn.internal.scripts.Script$Recompilation$44618$3841A$\^function\_.L:1#issueCommand(&lt;function&gt;:124)&#xa;&#x9;at jdk.nashorn.internal.scripts.Script$Recompilation$44618$3841A$\^function\_.L:1#issueCommand(&lt;function&gt;:124)&#xa;&#x9;at jdk.nashorn.internal.scripts.Script$Recompilation$44618$3841A$\^function\_.L:1#issueCommand(&lt;function&gt;:124)&#xa;&#x9;at jdk.nashorn.internal.scripts.Script$Recompilation$44618$3841A$\^function\_.L:1#issueCommand(&lt;function&gt;:124)&#xa;&#x9;at jdk.nashorn.internal.scripts.Script$Recompilation$44618$3841A$\^function\_.L:1#issueCommand(&lt;function&gt;:124)&#xa;&#x9;at jdk.nashorn.internal.scripts.Script$Recompilation$44618$3841A$\^function\_.L:1#issueCommand(&lt;function&gt;:124)&#xa;&#x9;at jdk.nashorn.internal.scripts.Script$Recompilation$44618$3841A$\^function\_.L:1#issueCommand(&lt;function&gt;:124)&#xa;&#x9;at jdk.nashorn.internal.scripts.Script$Recompilation$44618$3841A$\^function\_.L:1#issueCommand(&lt;function&gt;:124)&#xa;&#x9;at jdk.nashorn.internal.scripts.Script$Recompilation$44618$3841A$\^function\_.L:1#issueCommand(&lt;function&gt;:124)&#xa;&#x9;at jdk.nashorn.internal.scripts.Script$Recompilation$44618$3841A$\^function\_.L:1#issueCommand(&lt;function&gt;:124)&#xa;&#x9;at jdk.nashorn.internal.scripts.Script$Recompilation$44618$3841A$\^function\_.L:1#issueCommand(&lt;function&gt;:124)&#xa;&#x9;at jdk.nashorn.internal.scripts.Script$Recompilation$44618$3841A$\^function\_.L:1#issueCommand(&lt;function&gt;:124)&#xa;&#x9;at jdk.nashorn.internal.scripts.Script$Recompilation$44618$3841A$\^function\_.L:1#issueCommand(&lt;function&gt;:124)&#xa;&#x9;at jdk.nashorn.internal.scripts.Script$Recompilation$44618$3841A$\^function\_.L:1#issueCommand(&lt;function&gt;:124)&#xa;&#x9;at jdk.nashorn.internal.scripts.Script$Recompilation$44618$3841A$\^function\_.L:1#issueCommand(&lt;function&gt;:124)&#xa;&#x9;at jdk.nashorn.internal.scripts.Script$Recompilation$44618$3841A$\^function\_.L:1#issueCommand(&lt;function&gt;:124)&#xa;&#x9;at jdk.nashorn.internal.scripts.Script$Recompilation$44618$3841A$\^function\_.L:1#issueCommand(&lt;function&gt;:124)&#xa;&#x9;at jdk.nashorn.internal.scripts.Script$Recompilation$44618$3841A$\^function\_.L:1#issueCommand(&lt;function&gt;:124)&#xa;&#x9;at jdk.nashorn.internal.scripts.Script$Recompilation$44618$3841A$\^function\_.L:1#issueCommand(&lt;function&gt;:124)&#xa;&#x9;at jdk.nashorn.internal.scripts.Script$Recompilation$44618$3841A$\^function\_.L:1#issueCommand(&lt;function&gt;:124)&#xa;&#x9;at jdk.nashorn.internal.scripts.Script$Recompilation$44618$3841A$\^function\_.L:1#issueCommand(&lt;function&gt;:124)&#xa;&#x9;at jdk.nashorn.internal.scripts.Script$Recompilation$44618$3841A$\^function\_.L:1#issueCommand(&lt;function&gt;:124)&#xa;&#x9;at jdk.nashorn.internal.scripts.Script$Recompilation$44618$3841A$\^function\_.L:1#issueCommand(&lt;function&gt;:124)&#xa;&#x9;at jdk.nashorn.internal.scripts.Script$Recompilation$44618$3841A$\^function\_.L:1#issueCommand(&lt;function&gt;:124)&#xa;&#x9;at jdk.nashorn.internal.scripts.Script$Recompilation$44618$3841A$\^function\_.L:1#issueCommand(&lt;function&gt;:124)&#xa;&#x9;at jdk.nashorn.internal.scripts.Script$Recompilation$44618$3841A$\^function\_.L:1#issueCommand(&lt;function&gt;:124)&#xa;&#x9;at jdk.nashorn.internal.scripts.Script$Recompilation$44618$3841A$\^function\_.L:1#issueCommand(&lt;function&gt;:124)&#xa;&#x9;at jdk.nashorn.internal.scripts.Script$Recompilation$44618$3841A$\^function\_.L:1#issueCommand(&lt;function&gt;:124)&#xa;&#x9;at jdk.nashorn.internal.scripts.Script$Recompilation$44618$3841A$\^function\_.L:1#issueCommand(&lt;function&gt;:124)&#xa;&#x9;at jdk.nashorn.internal.scripts.Script$Recompilation$44618$3841A$\^function\_.L:1#issueCommand(&lt;function&gt;:124)&#xa;&#x9;at jdk.nashorn.internal.scripts.Script$Recompilation$44618$3841A$\^function\_.L:1#issueCommand(&lt;function&gt;:124)&#xa;&#x9;at jdk.nashorn.internal.scripts.Script$Recompilation$44618$3841A$\^function\_.L:1#issueCommand(&lt;function&gt;:124)&#xa;&#x9;at jdk.nashorn.internal.scripts.Script$Recompilation$44618$3841A$\^function\_.L:1#issueCommand(&lt;function&gt;:124)&#xa;&#x9;at jdk.nashorn.internal.scripts.Script$Recompilation$44618$3841A$\^function\_.L:1#issueCommand(&lt;function&gt;:124)&#xa;&#x9;at jdk.nashorn.internal.scripts.Script$Recompilation$44618$3841A$\^function\_.L:1#issueCommand(&lt;function&gt;:124)&#xa;&#x9;at jdk.nashorn.internal.scripts.Script$Recompilation$44618$3841A$\^function\_.L:1#issueCommand(&lt;function&gt;:124)&#xa;&#x9;at jdk.nashorn.internal.scripts.Script$Recompilation$44618$3841A$\^function\_.L:1#issueCommand(&lt;function&gt;:124)&#xa;&#x9;at jdk.nashorn.internal.scripts.Script$Recompilation$44618$3841A$\^function\_.L:1#issueCommand(&lt;function&gt;:124)&#xa;&#x9;at jdk.nashorn.internal.scripts.Script$Recompilation$44618$3841A$\^function\_.L:1#issueCommand(&lt;function&gt;:124)&#xa;&#x9;at jdk.nashorn.internal.scripts.Script$Recompilation$44618$3841A$\^function\_.L:1#issueCommand(&lt;function&gt;:124)&#xa;&#x9;at jdk.nashorn.internal.scripts.Script$Recompilation$44618$3841A$\^function\_.L:1#issueCommand(&lt;function&gt;:124)&#xa;&#x9;at jdk.nashorn.internal.scripts.Script$Recompilation$44618$3841A$\^function\_.L:1#issueCommand(&lt;function&gt;:124)&#xa;&#x9;at jdk.nashorn.internal.scripts.Script$Recompilation$44618$3841A$\^function\_.L:1#issueCommand(&lt;function&gt;:124)&#xa;&#x9;at jdk.nashorn.internal.scripts.Script$Recompilation$44618$3841A$\^function\_.L:1#issueCommand(&lt;function&gt;:124)&#xa;&#x9;at jdk.nashorn.internal.scripts.Script$Recompilation$44618$3841A$\^function\_.L:1#issueCommand(&lt;function&gt;:124)&#xa;&#x9;at jdk.nashorn.internal.scripts.Script$Recompilation$44618$3841A$\^function\_.L:1#issueCommand(&lt;function&gt;:124)&#xa;&#x9;at jdk.nashorn.internal.scripts.Script$Recompilation$44618$3841A$\^function\_.L:1#issueCommand(&lt;function&gt;:124)&#xa;&#x9;at jdk.nashorn.internal.scripts.Script$Recompilation$44618$3841A$\^function\_.L:1#issueCommand(&lt;function&gt;:124)&#xa;&#x9;at jdk.nashorn.internal.scripts.Script$Recompilation$44618$3841A$\^function\_.L:1#issueCommand(&lt;function&gt;:124)&#xa;&#x9;at jdk.nashorn.internal.scripts.Script$Recompilation$44618$3841A$\^function\_.L:1#issueCommand(&lt;function&gt;:124)&#xa;&#x9;at jdk.nashorn.internal.scripts.Script$Recompilation$44618$3841A$\^function\_.L:1#issueCommand(&lt;function&gt;:124)&#xa;&#x9;at jdk.nashorn.internal.scripts.Script$Recompilation$44618$3841A$\^function\_.L:1#issueCommand(&lt;function&gt;:124)&#xa;&#x9;at jdk.nashorn.internal.scripts.Script$Recompilation$44618$3841A$\^function\_.L:1#issueCommand(&lt;function&gt;:124)&#xa;&#x9;at jdk.nashorn.internal.scripts.Script$Recompilation$44618$3841A$\^function\_.L:1#issueCommand(&lt;function&gt;:124)&#xa;&#x9;at jdk.nashorn.internal.scripts.Script$Recompilation$44618$3841A$\^function\_.L:1#issueCommand(&lt;function&gt;:124)&#xa;&#x9;at jdk.nashorn.internal.scripts.Script$Recompilation$44618$3841A$\^function\_.L:1#issueCommand(&lt;function&gt;:124)&#xa;&#x9;at jdk.nashorn.internal.scripts.Script$Recompilation$44618$3841A$\^function\_.L:1#issueCommand(&lt;function&gt;:124)&#xa;&#x9;at jdk.nashorn.internal.scripts.Script$Recompilation$44618$3841A$\^function\_.L:1#issueCommand(&lt;function&gt;:124)&#xa;&#x9;at jdk.nashorn.internal.scripts.Script$Recompilation$44618$3841A$\^function\_.L:1#issueCommand(&lt;function&gt;:124)&#xa;&#x9;at jdk.nashorn.internal.scripts.Script$Recompilation$44618$3841A$\^function\_.L:1#issueCommand(&lt;function&gt;:124)&#xa;&#x9;at jdk.nashorn.internal.scripts.Script$Recompilation$44618$3841A$\^function\_.L:1#issueCommand(&lt;function&gt;:124)&#xa;&#x9;at jdk.nashorn.internal.scripts.Script$Recompilation$44618$3841A$\^function\_.L:1#issueCommand(&lt;function&gt;:124)&#xa;&#x9;at jdk.nashorn.internal.scripts.Script$Recompilation$44618$3841A$\^function\_.L:1#issueCommand(&lt;function&gt;:124)&#xa;&#x9;at jdk.nashorn.internal.scripts.Script$Recompilation$44618$3841A$\^function\_.L:1#issueCommand(&lt;function&gt;:124)&#xa;&#x9;at jdk.nashorn.internal.scripts.Script$Recompilation$44618$3841A$\^function\_.L:1#issueCommand(&lt;function&gt;:124)&#xa;&#x9;at jdk.nashorn.internal.scripts.Script$Recompilation$44618$3841A$\^function\_.L:1#issueCommand(&lt;function&gt;:124)&#xa;&#x9;at jdk.nashorn.internal.scripts.Script$Recompilation$44618$3841A$\^function\_.L:1#issueCommand(&lt;function&gt;:124)&#xa;&#x9;at jdk.nashorn.internal.scripts.Script$Recompilation$44618$3841A$\^function\_.L:1#issueCommand(&lt;function&gt;:124)&#xa;&#x9;at jdk.nashorn.internal.scripts.Script$Recompilation$44618$3841A$\^function\_.L:1#issueCommand(&lt;function&gt;:124)&#xa;&#x9;at jdk.nashorn.internal.scripts.Script$Recompilation$44618$3841A$\^function\_.L:1#issueCommand(&lt;function&gt;:124)&#xa;&#x9;at jdk.nashorn.internal.scripts.Script$Recompilation$44618$3841A$\^function\_.L:1#issueCommand(&lt;function&gt;:124)&#xa;&#x9;at jdk.nashorn.internal.scripts.Script$Recompilation$44618$3841A$\^function\_.L:1#issueCommand(&lt;function&gt;:124)&#xa;&#x9;at jdk.nashorn.internal.scripts.Script$Recompilation$44618$3841A$\^function\_.L:1#issueCommand(&lt;function&gt;:124)&#xa;&#x9;at jdk.nashorn.internal.scripts.Script$Recompilation$44618$3841A$\^function\_.L:1#issueCommand(&lt;function&gt;:124)&#xa;&#x9;at jdk.nashorn.internal.scripts.Script$Recompilation$44618$3841A$\^function\_.L:1#issueCommand(&lt;function&gt;:124)&#xa;&#x9;at jdk.nashorn.internal.scripts.Script$Recompilation$44618$3841A$\^function\_.L:1#issueCommand(&lt;function&gt;:124)&#xa;&#x9;at jdk.nashorn.internal.scripts.Script$Recompilation$44618$3841A$\^function\_.L:1#issueCommand(&lt;function&gt;:124)&#xa;&#x9;at jdk.nashorn.internal.scripts.Script$Recompilation$44618$3841A$\^function\_.L:1#issueCommand(&lt;function&gt;:124)&#xa;&#x9;at jdk.nashorn.internal.scripts.Script$Recompilation$44618$3841A$\^function\_.L:1#issueCommand(&lt;function&gt;:124)&#xa;&#x9;at jdk.nashorn.internal.scripts.Script$Recompilation$44618$3841A$\^function\_.L:1#issueCommand(&lt;function&gt;:124)&#xa;&#x9;at jdk.nashorn.internal.scripts.Script$Recompilation$44618$3841A$\^function\_.L:1#issueCommand(&lt;function&gt;:124)&#xa;&#x9;at jdk.nashorn.internal.scripts.Script$Recompilation$44618$3841A$\^function\_.L:1#issueCommand(&lt;function&gt;:124)&#xa;&#x9;at jdk.nashorn.internal.scripts.Script$Recompilation$44618$3841A$\^function\_.L:1#issueCommand(&lt;function&gt;:124)&#xa;&#x9;at jdk.nashorn.internal.scripts.Script$Recompilation$44618$3841A$\^function\_.L:1#issueCommand(&lt;function&gt;:124)&#xa;&#x9;at jdk.nashorn.internal.scripts.Script$Recompilation$44618$3841A$\^function\_.L:1#issueCommand(&lt;function&gt;:124)&#xa;&#x9;at jdk.nashorn.internal.scripts.Script$Recompilation$44618$3841A$\^function\_.L:1#issueCommand(&lt;function&gt;:124)&#xa;&#x9;at jdk.nashorn.internal.scripts.Script$Recompilation$44618$3841A$\^function\_.L:1#issueCommand(&lt;function&gt;:124)&#xa;&#x9;at jdk.nashorn.internal.scripts.Script$Recompilation$44618$3841A$\^function\_.L:1#issueCommand(&lt;function&gt;:124)&#xa;&#x9;at jdk.nashorn.internal.scripts.Script$Recompilation$44618$3841A$\^function\_.L:1#issueCommand(&lt;function&gt;:124)&#xa;&#x9;at jdk.nashorn.internal.scripts.Script$Recompilation$44618$3841A$\^function\_.L:1#issueCommand(&lt;function&gt;:124)&#xa;&#x9;at jdk.nashorn.internal.scripts.Script$Recompilation$44618$3841A$\^function\_.L:1#issueCommand(&lt;function&gt;:124)&#xa;&#x9;at jdk.nashorn.internal.scripts.Script$Recompilation$44618$3841A$\^function\_.L:1#issueCommand(&lt;function&gt;:124)&#xa;&#x9;at jdk.nashorn.internal.scripts.Script$Recompilation$44618$3841A$\^function\_.L:1#issueCommand(&lt;function&gt;:124)&#xa;&#x9;at jdk.nashorn.internal.scripts.Script$Recompilation$44618$3841A$\^function\_.L:1#issueCommand(&lt;function&gt;:124)&#xa;&#x9;at jdk.nashorn.internal.scripts.Script$Recompilation$44618$3841A$\^function\_.L:1#issueCommand(&lt;function&gt;:124)&#xa;&#x9;at jdk.nashorn.internal.scripts.Script$Recompilation$44618$3841A$\^function\_.L:1#issueCommand(&lt;function&gt;:124)&#xa;&#x9;at jdk.nashorn.internal.scripts.Script$Recompilation$44618$3841A$\^function\_.L:1#issueCommand(&lt;function&gt;:124)&#xa;&#x9;at jdk.nashorn.internal.scripts.Script$Recompilation$44618$3841A$\^function\_.L:1#issueCommand(&lt;function&gt;:124)&#xa;&#x9;at jdk.nashorn.internal.scripts.Script$Recompilation$44618$3841A$\^function\_.L:1#issueCommand(&lt;function&gt;:124)&#xa;&#x9;at jdk.nashorn.internal.scripts.Script$Recompilation$44618$3841A$\^function\_.L:1#issueCommand(&lt;function&gt;:124)&#xa;&#x9;at jdk.nashorn.internal.scripts.Script$Recompilation$44618$3841A$\^function\_.L:1#issueCommand(&lt;function&gt;:124)&#xa;&#x9;at jdk.nashorn.internal.scripts.Script$Recompilation$44618$3841A$\^function\_.L:1#issueCommand(&lt;function&gt;:124)&#xa;&#x9;at jdk.nashorn.internal.scripts.Script$Recompilation$44618$3841A$\^function\_.L:1#issueCommand(&lt;function&gt;:124)&#xa;&#x9;at jdk.nashorn.internal.scripts.Script$Recompilation$44618$3841A$\^function\_.L:1#issueCommand(&lt;function&gt;:124)&#xa;&#x9;at jdk.nashorn.internal.scripts.Script$Recompilation$44618$3841A$\^function\_.L:1#issueCommand(&lt;function&gt;:124)&#xa;&#x9;at jdk.nashorn.internal.scripts.Script$Recompilation$44618$3841A$\^function\_.L:1#issueCommand(&lt;function&gt;:124)&#xa;&#x9;at jdk.nashorn.internal.scripts.Script$Recompilation$44618$3841A$\^function\_.L:1#issueCommand(&lt;function&gt;:124)&#xa;&#x9;at jdk.nashorn.internal.scripts.Script$Recompilation$44618$3841A$\^function\_.L:1#issueCommand(&lt;function&gt;:124)&#xa;&#x9;at jdk.nashorn.internal.scripts.Script$Recompilation$44618$3841A$\^function\_.L:1#issueCommand(&lt;function&gt;:124)&#xa;&#x9;at jdk.nashorn.internal.scripts.Script$Recompilation$44618$3841A$\^function\_.L:1#issueCommand(&lt;function&gt;:124)&#xa;&#x9;at jdk.nashorn.internal.scripts.Script$Recompilation$44618$3841A$\^function\_.L:1#issueCommand(&lt;function&gt;:124)&#xa;&#x9;at jdk.nashorn.internal.scripts.Script$Recompilation$44618$3841A$\^function\_.L:1#issueCommand(&lt;function&gt;:124)&#xa;&#x9;at jdk.nashorn.internal.scripts.Script$Recompilation$44618$3841A$\^function\_.L:1#issueCommand(&lt;function&gt;:124)&#xa;&#x9;at jdk.nashorn.internal.scripts.Script$Recompilation$44618$3841A$\^function\_.L:1#issueCommand(&lt;function&gt;:124)&#xa;&#x9;at jdk.nashorn.internal.scripts.Script$Recompilation$44618$3841A$\^function\_.L:1#issueCommand(&lt;function&gt;:124)&#xa;&#x9;at jdk.nashorn.internal.scripts.Script$Recompilation$44618$3841A$\^function\_.L:1#issueCommand(&lt;function&gt;:124)&#xa;&#x9;at jdk.nashorn.internal.scripts.Script$Recompilation$44618$3841A$\^function\_.L:1#issueCommand(&lt;function&gt;:124)&#xa;&#x9;at jdk.nashorn.internal.scripts.Script$Recompilation$44618$3841A$\^function\_.L:1#issueCommand(&lt;function&gt;:124)&#xa;&#x9;at jdk.nashorn.internal.scripts.Script$Recompilation$44618$3841A$\^function\_.L:1#issueCommand(&lt;function&gt;:124)&#xa;&#x9;at jdk.nashorn.internal.scripts.Script$Recompilation$44618$3841A$\^function\_.L:1#issueCommand(&lt;function&gt;:124)&#xa;&#x9;at jdk.nashorn.internal.scripts.Script$Recompilation$44618$3841A$\^function\_.L:1#issueCommand(&lt;function&gt;:124)&#xa;&#x9;at jdk.nashorn.internal.scripts.Script$Recompilation$44618$3841A$\^function\_.L:1#issueCommand(&lt;function&gt;:124)&#xa;&#x9;at jdk.nashorn.internal.scripts.Script$Recompilation$44618$3841A$\^function\_.L:1#issueCommand(&lt;function&gt;:124)&#xa;&#x9;at jdk.nashorn.internal.scripts.Script$Recompilation$44618$3841A$\^function\_.L:1#issueCommand(&lt;function&gt;:124)&#xa;&#x9;at jdk.nashorn.internal.scripts.Script$Recompilation$44618$3841A$\^function\_.L:1#issueCommand(&lt;function&gt;:124)&#xa;&#x9;at jdk.nashorn.internal.scripts.Script$Recompilation$44618$3841A$\^function\_.L:1#issueCommand(&lt;function&gt;:124)&#xa;&#x9;at jdk.nashorn.internal.scripts.Script$Recompilation$44618$3841A$\^function\_.L:1#issueCommand(&lt;function&gt;:124)&#xa;&#x9;at jdk.nashorn.internal.scripts.Script$Recompilation$44618$3841A$\^function\_.L:1#issueCommand(&lt;function&gt;:124)&#xa;&#x9;at jdk.nashorn.internal.scripts.Script$Recompilation$44618$3841A$\^function\_.L:1#issueCommand(&lt;function&gt;:124)&#xa;&#x9;at jdk.nashorn.internal.scripts.Script$Recompilation$44618$3841A$\^function\_.L:1#issueCommand(&lt;function&gt;:124)&#xa;&#x9;at jdk.nashorn.internal.scripts.Script$Recompilation$44618$3841A$\^function\_.L:1#issueCommand(&lt;function&gt;:124)&#xa;&#x9;at jdk.nashorn.internal.scripts.Script$Recompilation$44618$3841A$\^function\_.L:1#issueCommand(&lt;function&gt;:124)&#xa;&#x9;at jdk.nashorn.internal.scripts.Script$Recompilation$44618$3841A$\^function\_.L:1#issueCommand(&lt;function&gt;:124)&#xa;&#x9;at jdk.nashorn.internal.scripts.Script$Recompilation$44618$3841A$\^function\_.L:1#issueCommand(&lt;function&gt;:124)&#xa;&#x9;at jdk.nashorn.internal.scripts.Script$Recompilation$44618$3841A$\^function\_.L:1#issueCommand(&lt;function&gt;:124)&#xa;&#x9;at jdk.nashorn.internal.scripts.Script$Recompilation$44618$3841A$\^function\_.L:1#issueCommand(&lt;function&gt;:124)&#xa;&#x9;at jdk.nashorn.internal.scripts.Script$Recompilation$44618$3841A$\^function\_.L:1#issueCommand(&lt;function&gt;:124)&#xa;&#x9;at jdk.nashorn.internal.scripts.Script$Recompilation$44618$3841A$\^function\_.L:1#issueCommand(&lt;function&gt;:124)&#xa;&#x9;at jdk.nashorn.internal.scripts.Script$Recompilation$44618$3841A$\^function\_.L:1#issueCommand(&lt;function&gt;:124)&#xa;&#x9;at jdk.nashorn.internal.scripts.Script$Recompilation$44618$3841A$\^function\_.L:1#issueCommand(&lt;function&gt;:124)&#xa;&#x9;at jdk.nashorn.internal.scripts.Script$Recompilation$44618$3841A$\^function\_.L:1#issueCommand(&lt;function&gt;:124)&#xa;&#x9;at jdk.nashorn.internal.scripts.Script$Recompilation$44618$3841A$\^function\_.L:1#issueCommand(&lt;function&gt;:124)&#xa;&#x9;at jdk.nashorn.internal.scripts.Script$Recompilation$44618$3841A$\^function\_.L:1#issueCommand(&lt;function&gt;:124)&#xa;&#x9;at jdk.nashorn.internal.scripts.Script$Recompilation$44618$3841A$\^function\_.L:1#issueCommand(&lt;function&gt;:124)&#xa;&#x9;at jdk.nashorn.internal.scripts.Script$Recompilation$44618$3841A$\^function\_.L:1#issueCommand(&lt;function&gt;:124)&#xa;&#x9;at jdk.nashorn.internal.scripts.Script$Recompilation$44618$3841A$\^function\_.L:1#issueCommand(&lt;function&gt;:124)&#xa;&#x9;at jdk.nashorn.internal.scripts.Script$Recompilation$44618$3841A$\^function\_.L:1#issueCommand(&lt;function&gt;:124)&#xa;&#x9;at jdk.nashorn.internal.scripts.Script$Recompilation$44618$3841A$\^function\_.L:1#issueCommand(&lt;function&gt;:124)&#xa;&#x9;at jdk.nashorn.internal.scripts.Script$Recompilation$44618$3841A$\^function\_.L:1#issueCommand(&lt;function&gt;:124)&#xa;&#x9;at jdk.nashorn.internal.scripts.Script$Recompilation$44618$3841A$\^function\_.L:1#issueCommand(&lt;function&gt;:124)&#xa;&#x9;at jdk.nashorn.internal.scripts.Script$Recompilation$44618$3841A$\^function\_.L:1#issueCommand(&lt;function&gt;:124)&#xa;&#x9;at jdk.nashorn.internal.scripts.Script$Recompilation$44618$3841A$\^function\_.L:1#issueCommand(&lt;function&gt;:124)&#xa;&#x9;at jdk.nashorn.internal.scripts.Script$Recompilation$44618$3841A$\^function\_.L:1#issueCommand(&lt;function&gt;:124)&#xa;&#x9;at jdk.nashorn.internal.scripts.Script$Recompilation$44618$3841A$\^function\_.L:1#issueCommand(&lt;function&gt;:124)&#xa;&#x9;at jdk.nashorn.internal.scripts.Script$Recompilation$44618$3841A$\^function\_.L:1#issueCommand(&lt;function&gt;:124)&#xa;&#x9;at jdk.nashorn.internal.scripts.Script$Recompilation$44618$3841A$\^function\_.L:1#issueCommand(&lt;function&gt;:124)&#xa;&#x9;at jdk.nashorn.internal.scripts.Script$Recompilation$44618$3841A$\^function\_.L:1#issueCommand(&lt;function&gt;:124)&#xa;&#x9;at jdk.nashorn.internal.scripts.Script$Recompilation$44618$3841A$\^function\_.L:1#issueCommand(&lt;function&gt;:124)&#xa;&#x9;at jdk.nashorn.internal.scripts.Script$Recompilation$44618$3841A$\^function\_.L:1#issueCommand(&lt;function&gt;:124)&#xa;&#x9;at jdk.nashorn.internal.scripts.Script$Recompilation$44618$3841A$\^function\_.L:1#issueCommand(&lt;function&gt;:124)&#xa;&#x9;at jdk.nashorn.internal.scripts.Script$Recompilation$44618$3841A$\^function\_.L:1#issueCommand(&lt;function&gt;:124)&#xa;&#x9;at jdk.nashorn.internal.scripts.Script$Recompilation$44618$3841A$\^function\_.L:1#issueCommand(&lt;function&gt;:124)&#xa;&#x9;at jdk.nashorn.internal.scripts.Script$Recompilation$44618$3841A$\^function\_.L:1#issueCommand(&lt;function&gt;:124)&#xa;&#x9;at jdk.nashorn.internal.scripts.Script$Recompilation$44618$3841A$\^function\_.L:1#issueCommand(&lt;function&gt;:124)&#xa;&#x9;at jdk.nashorn.internal.scripts.Script$Recompilation$44618$3841A$\^function\_.L:1#issueCommand(&lt;function&gt;:124)&#xa;&#x9;at jdk.nashorn.internal.scripts.Script$Recompilation$44618$3841A$\^function\_.L:1#issueCommand(&lt;function&gt;:124)&#xa;&#x9;at jdk.nashorn.internal.scripts.Script$Recompilation$44618$3841A$\^function\_.L:1#issueCommand(&lt;function&gt;:124)&#xa;&#x9;at jdk.nashorn.internal.scripts.Script$Recompilation$44618$3841A$\^function\_.L:1#issueCommand(&lt;function&gt;:124)&#xa;&#x9;at jdk.nashorn.internal.scripts.Script$Recompilation$44618$3841A$\^function\_.L:1#issueCommand(&lt;function&gt;:124)&#xa;&#x9;at jdk.nashorn.internal.scripts.Script$Recompilation$44618$3841A$\^function\_.L:1#issueCommand(&lt;function&gt;:124)&#xa;&#x9;at jdk.nashorn.internal.scripts.Script$Recompilation$44618$3841A$\^function\_.L:1#issueCommand(&lt;function&gt;:124)&#xa;&#x9;at jdk.nashorn.internal.scripts.Script$Recompilation$44618$3841A$\^function\_.L:1#issueCommand(&lt;function&gt;:124)&#xa;&#x9;at jdk.nashorn.internal.scripts.Script$Recompilation$44618$3841A$\^function\_.L:1#issueCommand(&lt;function&gt;:124)&#xa;&#x9;at jdk.nashorn.internal.scripts.Script$Recompilation$44618$3841A$\^function\_.L:1#issueCommand(&lt;function&gt;:124)&#xa;&#x9;at jdk.nashorn.internal.scripts.Script$Recompilation$44618$3841A$\^function\_.L:1#issueCommand(&lt;function&gt;:124)&#xa;&#x9;at jdk.nashorn.internal.scripts.Script$Recompilation$44618$3841A$\^function\_.L:1#issueCommand(&lt;function&gt;:124)&#xa;&#x9;at jdk.nashorn.internal.scripts.Script$Recompilation$44618$3841A$\^function\_.L:1#issueCommand(&lt;function&gt;:124)&#xa;&#x9;at jdk.nashorn.internal.scripts.Script$Recompilation$44618$3841A$\^function\_.L:1#issueCommand(&lt;function&gt;:124)&#xa;&#x9;at jdk.nashorn.internal.scripts.Script$Recompilation$44618$3841A$\^function\_.L:1#issueCommand(&lt;function&gt;:124)&#xa;&#x9;at jdk.nashorn.internal.scripts.Script$Recompilation$44618$3841A$\^function\_.L:1#issueCommand(&lt;function&gt;:124)&#xa;&#x9;at jdk.nashorn.internal.scripts.Script$Recompilation$44618$3841A$\^function\_.L:1#issueCommand(&lt;function&gt;:124)&#xa;&#x9;at jdk.nashorn.internal.scripts.Script$Recompilation$44618$3841A$\^function\_.L:1#issueCommand(&lt;function&gt;:124)&#xa;&#x9;at jdk.nashorn.internal.scripts.Script$Recompilation$44618$3841A$\^function\_.L:1#issueCommand(&lt;function&gt;:124)&#xa;&#x9;at jdk.nashorn.internal.scripts.Script$Recompilation$44618$3841A$\^function\_.L:1#issueCommand(&lt;function&gt;:124)&#xa;&#x9;at jdk.nashorn.internal.scripts.Script$Recompilation$44618$3841A$\^function\_.L:1#issueCommand(&lt;function&gt;:124)&#xa;&#x9;at jdk.nashorn.internal.scripts.Script$Recompilation$44618$3841A$\^function\_.L:1#issueCommand(&lt;function&gt;:124)&#xa;&#x9;at jdk.nashorn.internal.scripts.Script$Recompilation$44618$3841A$\^function\_.L:1#issueCommand(&lt;function&gt;:124)&#xa;&#x9;at jdk.nashorn.internal.scripts.Script$Recompilation$44618$3841A$\^function\_.L:1#issueCommand(&lt;function&gt;:124)&#xa;&#x9;at jdk.nashorn.internal.scripts.Script$Recompilation$44618$3841A$\^function\_.L:1#issueCommand(&lt;function&gt;:124)&#xa;&#x9;at jdk.nashorn.internal.scripts.Script$Recompilation$44618$3841A$\^function\_.L:1#issueCommand(&lt;function&gt;:124)&#xa;&#x9;at jdk.nashorn.internal.scripts.Script$Recompilation$44618$3841A$\^function\_.L:1#issueCommand(&lt;function&gt;:124)&#xa;&#x9;at jdk.nashorn.internal.scripts.Script$Recompilation$44618$3841A$\^function\_.L:1#issueCommand(&lt;function&gt;:124)&#xa;&#x9;at jdk.nashorn.internal.scripts.Script$Recompilation$44618$3841A$\^function\_.L:1#issueCommand(&lt;function&gt;:124)&#xa;&#x9;at jdk.nashorn.internal.scripts.Script$Recompilation$44618$3841A$\^function\_.L:1#issueCommand(&lt;function&gt;:124)&#xa;&#x9;at jdk.nashorn.internal.scripts.Script$Recompilation$44618$3841A$\^function\_.L:1#issueCommand(&lt;function&gt;:124)&#xa;&#x9;at jdk.nashorn.internal.scripts.Script$Recompilation$44618$3841A$\^function\_.L:1#issueCommand(&lt;function&gt;:124)&#xa;&#x9;at jdk.nashorn.internal.scripts.Script$Recompilation$44618$3841A$\^function\_.L:1#issueCommand(&lt;function&gt;:124)&#xa;&#x9;at jdk.nashorn.internal.scripts.Script$Recompilation$44618$3841A$\^function\_.L:1#issueCommand(&lt;function&gt;:124)&#xa;&#x9;at jdk.nashorn.internal.scripts.Script$Recompilation$44618$3841A$\^function\_.L:1#issueCommand(&lt;function&gt;:124)&#xa;&#x9;at jdk.nashorn.internal.scripts.Script$Recompilation$44618$3841A$\^function\_.L:1#issueCommand(&lt;function&gt;:124)&#xa;&#x9;at jdk.nashorn.internal.scripts.Script$Recompilation$44618$3841A$\^function\_.L:1#issueCommand(&lt;function&gt;:124)&#xa;&#x9;at jdk.nashorn.internal.scripts.Script$Recompilation$44618$3841A$\^function\_.L:1#issueCommand(&lt;function&gt;:124)&#xa;&#x9;at jdk.nashorn.internal.scripts.Script$Recompilation$44618$3841A$\^function\_.L:1#issueCommand(&lt;function&gt;:124)&#xa;&#x9;at jdk.nashorn.internal.scripts.Script$Recompilation$44618$3841A$\^function\_.L:1#issueCommand(&lt;function&gt;:124)&#xa;&#x9;at jdk.nashorn.internal.scripts.Script$Recompilation$44618$3841A$\^function\_.L:1#issueCommand(&lt;function&gt;:124)&#xa;&#x9;at jdk.nashorn.internal.scripts.Script$Recompilation$44618$3841A$\^function\_.L:1#issueCommand(&lt;function&gt;:124)&#xa;&#x9;at jdk.nashorn.internal.scripts.Script$Recompilation$44618$3841A$\^function\_.L:1#issueCommand(&lt;function&gt;:124)&#xa;&#x9;at jdk.nashorn.internal.scripts.Script$Recompilation$44618$3841A$\^function\_.L:1#issueCommand(&lt;function&gt;:124)&#xa;&#x9;at jdk.nashorn.internal.scripts.Script$Recompilation$44618$3841A$\^function\_.L:1#issueCommand(&lt;function&gt;:124)&#xa;&#x9;at jdk.nashorn.internal.scripts.Script$Recompilation$44618$3841A$\^function\_.L:1#issueCommand(&lt;function&gt;:124)&#xa;&#x9;at jdk.nashorn.internal.scripts.Script$Recompilation$44618$3841A$\^function\_.L:1#issueCommand(&lt;function&gt;:124)&#xa;&#x9;at jdk.nashorn.internal.scripts.Script$Recompilation$44618$3841A$\^function\_.L:1#issueCommand(&lt;function&gt;:124)&#xa;&#x9;at jdk.nashorn.internal.scripts.Script$Recompilation$44618$3841A$\^function\_.L:1#issueCommand(&lt;function&gt;:124)&#xa;&#x9;at jdk.nashorn.internal.scripts.Script$Recompilation$44618$3841A$\^function\_.L:1#issueCommand(&lt;function&gt;:124)&#xa;&#x9;at jdk.nashorn.internal.scripts.Script$Recompilation$44618$3841A$\^function\_.L:1#issueCommand(&lt;function&gt;:124)&#xa;&#x9;at jdk.nashorn.internal.scripts.Script$Recompilation$44618$3841A$\^function\_.L:1#issueCommand(&lt;function&gt;:124)&#xa;&#x9;at jdk.nashorn.internal.scripts.Script$Recompilation$44618$3841A$\^function\_.L:1#issueCommand(&lt;function&gt;:124)&#xa;&#x9;at jdk.nashorn.internal.scripts.Script$Recompilation$44618$3841A$\^function\_.L:1#issueCommand(&lt;function&gt;:124)&#xa;&#x9;at jdk.nashorn.internal.scripts.Script$Recompilation$44618$3841A$\^function\_.L:1#issueCommand(&lt;function&gt;:124)&#xa;&#x9;at jdk.nashorn.internal.scripts.Script$Recompilation$44618$3841A$\^function\_.L:1#issueCommand(&lt;function&gt;:124)&#xa;&#x9;at jdk.nashorn.internal.scripts.Script$Recompilation$44618$3841A$\^function\_.L:1#issueCommand(&lt;function&gt;:124)&#xa;&#x9;at jdk.nashorn.internal.scripts.Script$Recompilation$44618$3841A$\^function\_.L:1#issueCommand(&lt;function&gt;:124)&#xa;&#x9;at jdk.nashorn.internal.scripts.Script$Recompilation$44618$3841A$\^function\_.L:1#issueCommand(&lt;function&gt;:124)&#xa;&#x9;at jdk.nashorn.internal.scripts.Script$Recompilation$44618$3841A$\^function\_.L:1#issueCommand(&lt;function&gt;:124)&#xa;&#x9;at jdk.nashorn.internal.scripts.Script$Recompilation$44618$3841A$\^function\_.L:1#issueCommand(&lt;function&gt;:124)&#xa;&#x9;at jdk.nashorn.internal.scripts.Script$Recompilation$44618$3841A$\^function\_.L:1#issueCommand(&lt;function&gt;:124)&#xa;&#x9;at jdk.nashorn.internal.scripts.Script$Recompilation$44618$3841A$\^function\_.L:1#issueCommand(&lt;function&gt;:124)&#xa;&#x9;at jdk.nashorn.internal.scripts.Script$Recompilation$44618$3841A$\^function\_.L:1#issueCommand(&lt;function&gt;:124)&#xa;&#x9;at jdk.nashorn.internal.scripts.Script$Recompilation$44618$3841A$\^function\_.L:1#issueCommand(&lt;function&gt;:124)&#xa;&#x9;at jdk.nashorn.internal.scripts.Script$Recompilation$44618$3841A$\^function\_.L:1#issueCommand(&lt;function&gt;:124)&#xa;&#x9;at jdk.nashorn.internal.scripts.Script$Recompilation$44618$3841A$\^function\_.L:1#issueCommand(&lt;function&gt;:124)&#xa;&#x9;at jdk.nashorn.internal.scripts.Script$Recompilation$44618$3841A$\^function\_.L:1#issueCommand(&lt;function&gt;:124)&#xa;&#x9;at jdk.nashorn.internal.scripts.Script$Recompilation$44618$3841A$\^function\_.L:1#issueCommand(&lt;function&gt;:124)&#xa;&#x9;at jdk.nashorn.internal.scripts.Script$Recompilation$44618$3841A$\^function\_.L:1#issueCommand(&lt;function&gt;:124)&#xa;&#x9;at jdk.nashorn.internal.scripts.Script$Recompilation$44618$3841A$\^function\_.L:1#issueCommand(&lt;function&gt;:124)&#xa;&#x9;at jdk.nashorn.internal.scripts.Script$Recompilation$44618$3841A$\^function\_.L:1#issueCommand(&lt;function&gt;:124)&#xa;&#x9;at jdk.nashorn.internal.scripts.Script$Recompilation$44618$3841A$\^function\_.L:1#issueCommand(&lt;function&gt;:124)&#xa;&#x9;at jdk.nashorn.internal.scripts.Script$Recompilation$44618$3841A$\^function\_.L:1#issueCommand(&lt;function&gt;:124)&#xa;&#x9;at jdk.nashorn.internal.scripts.Script$Recompilation$44618$3841A$\^function\_.L:1#issueCommand(&lt;function&gt;:124)&#xa;&#x9;at jdk.nashorn.internal.scripts.Script$Recompilation$44618$3841A$\^function\_.L:1#issueCommand(&lt;function&gt;:124)&#xa;&#x9;at jdk.nashorn.internal.scripts.Script$Recompilation$44618$3841A$\^function\_.L:1#issueCommand(&lt;function&gt;:124)&#xa;&#x9;at jdk.nashorn.internal.scripts.Script$Recompilation$44618$3841A$\^function\_.L:1#issueCommand(&lt;function&gt;:124)&#xa;&#x9;at jdk.nashorn.internal.scripts.Script$Recompilation$44618$3841A$\^function\_.L:1#issueCommand(&lt;function&gt;:124)&#xa;&#x9;at jdk.nashorn.internal.scripts.Script$Recompilation$44618$3841A$\^function\_.L:1#issueCommand(&lt;function&gt;:124)&#xa;&#x9;at jdk.nashorn.internal.scripts.Script$Recompilation$44618$3841A$\^function\_.L:1#issueCommand(&lt;function&gt;:124)&#xa;&#x9;at jdk.nashorn.internal.scripts.Script$Recompilation$44618$3841A$\^function\_.L:1#issueCommand(&lt;function&gt;:124)&#xa;&#x9;at jdk.nashorn.internal.scripts.Script$Recompilation$44618$3841A$\^function\_.L:1#issueCommand(&lt;function&gt;:124)&#xa;&#x9;at jdk.nashorn.internal.scripts.Script$Recompilation$44618$3841A$\^function\_.L:1#issueCommand(&lt;function&gt;:124)&#xa;&#x9;at jdk.nashorn.internal.scripts.Script$Recompilation$44618$3841A$\^function\_.L:1#issueCommand(&lt;function&gt;:124)&#xa;&#x9;at jdk.nashorn.internal.scripts.Script$Recompilation$44618$3841A$\^function\_.L:1#issueCommand(&lt;function&gt;:124)&#xa;&#x9;at jdk.nashorn.internal.scripts.Script$Recompilation$44618$3841A$\^function\_.L:1#issueCommand(&lt;function&gt;:124)&#xa;&#x9;at jdk.nashorn.internal.scripts.Script$Recompilation$44618$3841A$\^function\_.L:1#issueCommand(&lt;function&gt;:124)&#xa;&#x9;at jdk.nashorn.internal.scripts.Script$Recompilation$44618$3841A$\^function\_.L:1#issueCommand(&lt;function&gt;:124)&#xa;&#x9;at jdk.nashorn.internal.scripts.Script$Recompilation$44618$3841A$\^function\_.L:1#issueCommand(&lt;function&gt;:124)&#xa;&#x9;at jdk.nashorn.internal.scripts.Script$Recompilation$44618$3841A$\^function\_.L:1#issueCommand(&lt;function&gt;:124)&#xa;&#x9;at jdk.nashorn.internal.scripts.Script$Recompilation$44618$3841A$\^function\_.L:1#issueCommand(&lt;function&gt;:124)&#xa;&#x9;at jdk.nashorn.internal.scripts.Script$Recompilation$44618$3841A$\^function\_.L:1#issueCommand(&lt;function&gt;:124)&#xa;&#x9;at jdk.nashorn.internal.scripts.Script$Recompilation$44618$3841A$\^function\_.L:1#issueCommand(&lt;function&gt;:124)&#xa;&#x9;at jdk.nashorn.internal.scripts.Script$Recompilation$44618$3841A$\^function\_.L:1#issueCommand(&lt;function&gt;:124)&#xa;&#x9;at jdk.nashorn.internal.scripts.Script$Recompilation$44618$3841A$\^function\_.L:1#issueCommand(&lt;function&gt;:124)&#xa;&#x9;at jdk.nashorn.internal.scripts.Script$Recompilation$44618$3841A$\^function\_.L:1#issueCommand(&lt;function&gt;:124)&#xa;&#x9;at jdk.nashorn.internal.scripts.Script$Recompilation$44618$3841A$\^function\_.L:1#issueCommand(&lt;function&gt;:124)&#xa;&#x9;at jdk.nashorn.internal.scripts.Script$Recompilation$44618$3841A$\^function\_.L:1#issueCommand(&lt;function&gt;:124)&#xa;&#x9;at jdk.nashorn.internal.scripts.Script$Recompilation$44618$3841A$\^function\_.L:1#issueCommand(&lt;function&gt;:124)&#xa;&#x9;at jdk.nashorn.internal.scripts.Script$Recompilation$44618$3841A$\^function\_.L:1#issueCommand(&lt;function&gt;:124)&#xa;&#x9;at jdk.nashorn.internal.scripts.Script$Recompilation$44618$3841A$\^function\_.L:1#issueCommand(&lt;function&gt;:124)&#xa;&#x9;at jdk.nashorn.internal.scripts.Script$Recompilation$44618$3841A$\^function\_.L:1#issueCommand(&lt;function&gt;:124)&#xa;&#x9;at jdk.nashorn.internal.scripts.Script$Recompilation$44618$3841A$\^function\_.L:1#issueCommand(&lt;function&gt;:124)&#xa;&#x9;at jdk.nashorn.internal.scripts.Script$Recompilation$44618$3841A$\^function\_.L:1#issueCommand(&lt;function&gt;:124)&#xa;&#x9;at jdk.nashorn.internal.scripts.Script$Recompilation$44618$3841A$\^function\_.L:1#issueCommand(&lt;function&gt;:124)&#xa;&#x9;at jdk.nashorn.internal.scripts.Script$Recompilation$44618$3841A$\^function\_.L:1#issueCommand(&lt;function&gt;:124)&#xa;&#x9;at jdk.nashorn.internal.scripts.Script$Recompilation$44618$3841A$\^function\_.L:1#issueCommand(&lt;function&gt;:124)&#xa;&#x9;at jdk.nashorn.internal.scripts.Script$Recompilation$44618$3841A$\^function\_.L:1#issueCommand(&lt;function&gt;:124)&#xa;&#x9;at jdk.nashorn.internal.scripts.Script$Recompilation$44618$3841A$\^function\_.L:1#issueCommand(&lt;function&gt;:124)&#xa;&#x9;at jdk.nashorn.internal.scripts.Script$Recompilation$44618$3841A$\^function\_.L:1#issueCommand(&lt;function&gt;:124)&#xa;&#x9;at jdk.nashorn.internal.scripts.Script$Recompilation$44618$3841A$\^function\_.L:1#issueCommand(&lt;function&gt;:124)&#xa;&#x9;at jdk.nashorn.internal.scripts.Script$Recompilation$44618$3841A$\^function\_.L:1#issueCommand(&lt;function&gt;:124)&#xa;&#x9;at jdk.nashorn.internal.scripts.Script$Recompilation$44618$3841A$\^function\_.L:1#issueCommand(&lt;function&gt;:124)&#xa;&#x9;at jdk.nashorn.internal.scripts.Script$Recompilation$44618$3841A$\^function\_.L:1#issueCommand(&lt;function&gt;:124)&#xa;&#x9;at jdk.nashorn.internal.scripts.Script$Recompilation$44618$3841A$\^function\_.L:1#issueCommand(&lt;function&gt;:124)&#xa;&#x9;at jdk.nashorn.internal.scripts.Script$Recompilation$44618$3841A$\^function\_.L:1#issueCommand(&lt;function&gt;:124)&#xa;&#x9;at jdk.nashorn.internal.scripts.Script$Recompilation$44618$3841A$\^function\_.L:1#issueCommand(&lt;function&gt;:124)&#xa;&#x9;at jdk.nashorn.internal.scripts.Script$Recompilation$44618$3841A$\^function\_.L:1#issueCommand(&lt;function&gt;:124)&#xa;&#x9;at jdk.nashorn.internal.scripts.Script$Recompilation$44618$3841A$\^function\_.L:1#issueCommand(&lt;function&gt;:124)&#xa;&#x9;at jdk.nashorn.internal.scripts.Script$Recompilation$44618$3841A$\^function\_.L:1#issueCommand(&lt;function&gt;:124)&#xa;&#x9;at jdk.nashorn.internal.scripts.Script$Recompilation$44618$3841A$\^function\_.L:1#issueCommand(&lt;function&gt;:124)&#xa;&#x9;at jdk.nashorn.internal.scripts.Script$Recompilation$44618$3841A$\^function\_.L:1#issueCommand(&lt;function&gt;:124)&#xa;&#x9;at jdk.nashorn.internal.scripts.Script$Recompilation$44618$3841A$\^function\_.L:1#issueCommand(&lt;function&gt;:124)&#xa;&#x9;at jdk.nashorn.internal.scripts.Script$Recompilation$44618$3841A$\^function\_.L:1#issueCommand(&lt;function&gt;:124)&#xa;&#x9;at jdk.nashorn.internal.scripts.Script$Recompilation$44618$3841A$\^function\_.L:1#issueCommand(&lt;function&gt;:124)&#xa;&#x9;at jdk.nashorn.internal.scripts.Script$Recompilation$44618$3841A$\^function\_.L:1#issueCommand(&lt;function&gt;:124)&#xa;&#x9;at jdk.nashorn.internal.scripts.Script$Recompilation$44618$3841A$\^function\_.L:1#issueCommand(&lt;function&gt;:124)&#xa;&#x9;at jdk.nashorn.internal.scripts.Script$Recompilation$44618$3841A$\^function\_.L:1#issueCommand(&lt;function&gt;:124)&#xa;&#x9;at jdk.nashorn.internal.scripts.Script$Recompilation$44618$3841A$\^function\_.L:1#issueCommand(&lt;function&gt;:124)&#xa;&#x9;at jdk.nashorn.internal.scripts.Script$Recompilation$44618$3841A$\^function\_.L:1#issueCommand(&lt;function&gt;:124)&#xa;&#x9;at jdk.nashorn.internal.scripts.Script$Recompilation$44618$3841A$\^function\_.L:1#issueCommand(&lt;function&gt;:124)&#xa;&#x9;at jdk.nashorn.internal.scripts.Script$Recompilation$44618$3841A$\^function\_.L:1#issueCommand(&lt;function&gt;:124)&#xa;&#x9;at jdk.nashorn.internal.scripts.Script$Recompilation$44618$3841A$\^function\_.L:1#issueCommand(&lt;function&gt;:124)&#xa;&#x9;at jdk.nashorn.internal.scripts.Script$Recompilation$44618$3841A$\^function\_.L:1#issueCommand(&lt;function&gt;:124)&#xa;&#x9;at jdk.nashorn.internal.scripts.Script$Recompilation$44618$3841A$\^function\_.L:1#issueCommand(&lt;function&gt;:124)&#xa;&#x9;at jdk.nashorn.internal.scripts.Script$Recompilation$44618$3841A$\^function\_.L:1#issueCommand(&lt;function&gt;:124)&#xa;&#x9;at jdk.nashorn.internal.scripts.Script$Recompilation$44618$3841A$\^function\_.L:1#issueCommand(&lt;function&gt;:124)&#xa;&#x9;at jdk.nashorn.internal.scripts.Script$Recompilation$44618$3841A$\^function\_.L:1#issueCommand(&lt;function&gt;:124)&#xa;&#x9;at jdk.nashorn.internal.scripts.Script$Recompilation$44618$3841A$\^function\_.L:1#issueCommand(&lt;function&gt;:124)&#xa;&#x9;at jdk.nashorn.internal.scripts.Script$Recompilation$44618$3841A$\^function\_.L:1#issueCommand(&lt;function&gt;:124)&#xa;&#x9;at jdk.nashorn.internal.scripts.Script$Recompilation$44618$3841A$\^function\_.L:1#issueCommand(&lt;function&gt;:124)&#xa;&#x9;at jdk.nashorn.internal.scripts.Script$Recompilation$44618$3841A$\^function\_.L:1#issueCommand(&lt;function&gt;:124)&#xa;&#x9;at jdk.nashorn.internal.scripts.Script$Recompilation$44618$3841A$\^function\_.L:1#issueCommand(&lt;function&gt;:124)&#xa;&#x9;at jdk.nashorn.internal.scripts.Script$Recompilation$44618$3841A$\^function\_.L:1#issueCommand(&lt;function&gt;:124)&#xa;&#x9;at jdk.nashorn.internal.scripts.Script$Recompilation$44618$3841A$\^function\_.L:1#issueCommand(&lt;function&gt;:124)&#xa;&#x9;at jdk.nashorn.internal.scripts.Script$Recompilation$44618$3841A$\^function\_.L:1#issueCommand(&lt;function&gt;:124)&#xa;&#x9;at jdk.nashorn.internal.scripts.Script$Recompilation$44618$3841A$\^function\_.L:1#issueCommand(&lt;function&gt;:124)&#xa;&#x9;at jdk.nashorn.internal.scripts.Script$Recompilation$44618$3841A$\^function\_.L:1#issueCommand(&lt;function&gt;:124)&#xa;&#x9;at jdk.nashorn.internal.scripts.Script$Recompilation$44618$3841A$\^function\_.L:1#issueCommand(&lt;function&gt;:124)&#xa;&#x9;at jdk.nashorn.internal.scripts.Script$Recompilation$44618$3841A$\^function\_.L:1#issueCommand(&lt;function&gt;:124)&#xa;&#x9;at jdk.nashorn.internal.scripts.Script$Recompilation$44618$3841A$\^function\_.L:1#issueCommand(&lt;function&gt;:124)&#xa;&#x9;at jdk.nashorn.internal.scripts.Script$Recompilation$44618$3841A$\^function\_.L:1#issueCommand(&lt;function&gt;:124)&#xa;&#x9;at jdk.nashorn.internal.scripts.Script$Recompilation$44618$3841A$\^function\_.L:1#issueCommand(&lt;function&gt;:124)&#xa;&#x9;at jdk.nashorn.internal.scripts.Script$Recompilation$44618$3841A$\^function\_.L:1#issueCommand(&lt;function&gt;:124)&#xa;&#x9;at jdk.nashorn.internal.scripts.Script$Recompilation$44618$3841A$\^function\_.L:1#issueCommand(&lt;function&gt;:124)&#xa;&#x9;at jdk.nashorn.internal.scripts.Script$Recompilation$44618$3841A$\^function\_.L:1#issueCommand(&lt;function&gt;:124)&#xa;&#x9;at jdk.nashorn.internal.scripts.Script$Recompilation$44618$3841A$\^function\_.L:1#issueCommand(&lt;function&gt;:124)&#xa;&#x9;at jdk.nashorn.internal.scripts.Script$Recompilation$44618$3841A$\^function\_.L:1#issueCommand(&lt;function&gt;:124)&#xa;&#x9;at jdk.nashorn.internal.scripts.Script$Recompilation$44618$3841A$\^function\_.L:1#issueCommand(&lt;function&gt;:124)&#xa;&#x9;at jdk.nashorn.internal.scripts.Script$Recompilation$44618$3841A$\^function\_.L:1#issueCommand(&lt;function&gt;:124)&#xa;&#x9;at jdk.nashorn.internal.scripts.Script$Recompilation$44618$3841A$\^function\_.L:1#issueCommand(&lt;function&gt;:124)&#xa;&#x9;at jdk.nashorn.internal.scripts.Script$Recompilation$44618$3841A$\^function\_.L:1#issueCommand(&lt;function&gt;:124)&#xa;&#x9;at jdk.nashorn.internal.scripts.Script$Recompilation$44618$3841A$\^function\_.L:1#issueCommand(&lt;function&gt;:124)&#xa;&#x9;at jdk.nashorn.internal.scripts.Script$Recompilation$44618$3841A$\^function\_.L:1#issueCommand(&lt;function&gt;:124)&#xa;&#x9;at jdk.nashorn.internal.scripts.Script$Recompilation$44618$3841A$\^function\_.L:1#issueCommand(&lt;function&gt;:124)&#xa;&#x9;at jdk.nashorn.internal.scripts.Script$Recompilation$44618$3841A$\^function\_.L:1#issueCommand(&lt;function&gt;:124)&#xa;&#x9;at jdk.nashorn.internal.scripts.Script$Recompilation$44618$3841A$\^function\_.L:1#issueCommand(&lt;function&gt;:124)&#xa;&#x9;at jdk.nashorn.internal.scripts.Script$Recompilation$44618$3841A$\^function\_.L:1#issueCommand(&lt;function&gt;:124)&#xa;&#x9;at jdk.nashorn.internal.scripts.Script$Recompilation$44618$3841A$\^function\_.L:1#issueCommand(&lt;function&gt;:124)&#xa;&#x9;at jdk.nashorn.internal.scripts.Script$Recompilation$44618$3841A$\^function\_.L:1#issueCommand(&lt;function&gt;:124)&#xa;&#x9;at jdk.nashorn.internal.scripts.Script$Recompilation$44618$3841A$\^function\_.L:1#issueCommand(&lt;function&gt;:124)&#xa;&#x9;at jdk.nashorn.internal.scripts.Script$Recompilation$44618$3841A$\^function\_.L:1#issueCommand(&lt;function&gt;:124)&#xa;&#x9;at jdk.nashorn.internal.scripts.Script$Recompilation$44618$3841A$\^function\_.L:1#issueCommand(&lt;function&gt;:124)&#xa;&#x9;at jdk.nashorn.internal.scripts.Script$Recompilation$44618$3841A$\^function\_.L:1#issueCommand(&lt;function&gt;:124)&#xa;&#x9;at jdk.nashorn.internal.scripts.Script$Recompilation$44618$3841A$\^function\_.L:1#issueCommand(&lt;function&gt;:124)&#xa;&#x9;at jdk.nashorn.internal.scripts.Script$Recompilation$44618$3841A$\^function\_.L:1#issueCommand(&lt;function&gt;:124)&#xa;&#x9;at jdk.nashorn.internal.scripts.Script$Recompilation$44618$3841A$\^function\_.L:1#issueCommand(&lt;function&gt;:124)&#xa;&#x9;at jdk.nashorn.internal.scripts.Script$Recompilation$44618$3841A$\^function\_.L:1#issueCommand(&lt;function&gt;:124)&#xa;&#x9;at jdk.nashorn.internal.scripts.Script$Recompilation$44618$3841A$\^function\_.L:1#issueCommand(&lt;function&gt;:124)&#xa;&#x9;at jdk.nashorn.internal.scripts.Script$Recompilation$44618$3841A$\^function\_.L:1#issueCommand(&lt;function&gt;:124)&#xa;&#x9;at jdk.nashorn.internal.scripts.Script$Recompilation$44618$3841A$\^function\_.L:1#issueCommand(&lt;function&gt;:124)&#xa;&#x9;at jdk.nashorn.internal.scripts.Script$Recompilation$44618$3841A$\^function\_.L:1#issueCommand(&lt;function&gt;:124)&#xa;&#x9;at jdk.nashorn.internal.scripts.Script$Recompilation$44618$3841A$\^function\_.L:1#issueCommand(&lt;function&gt;:124)&#xa;&#x9;at jdk.nashorn.internal.scripts.Script$Recompilation$44618$3841A$\^function\_.L:1#issueCommand(&lt;function&gt;:124)&#xa;&#x9;at jdk.nashorn.internal.scripts.Script$Recompilation$44618$3841A$\^function\_.L:1#issueCommand(&lt;function&gt;:124)&#xa;&#x9;at jdk.nashorn.internal.scripts.Script$Recompilation$44618$3841A$\^function\_.L:1#issueCommand(&lt;function&gt;:124)&#xa;&#x9;at jdk.nashorn.internal.scripts.Script$Recompilation$44618$3841A$\^function\_.L:1#issueCommand(&lt;function&gt;:124)&#xa;&#x9;at jdk.nashorn.internal.scripts.Script$Recompilation$44618$3841A$\^function\_.L:1#issueCommand(&lt;function&gt;:124)&#xa;&#x9;at jdk.nashorn.internal.scripts.Script$Recompilation$44618$3841A$\^function\_.L:1#issueCommand(&lt;function&gt;:124)&#xa;&#x9;at jdk.nashorn.internal.scripts.Script$Recompilation$44618$3841A$\^function\_.L:1#issueCommand(&lt;function&gt;:124)&#xa;&#x9;at jdk.nashorn.internal.scripts.Script$Recompilation$44618$3841A$\^function\_.L:1#issueCommand(&lt;function&gt;:124)&#xa;&#x9;at jdk.nashorn.internal.scripts.Script$Recompilation$44618$3841A$\^function\_.L:1#issueCommand(&lt;function&gt;:124)&#xa;&#x9;at jdk.nashorn.internal.scripts.Script$Recompilation$44618$3841A$\^function\_.L:1#issueCommand(&lt;function&gt;:124)&#xa;&#x9;at jdk.nashorn.internal.scripts.Script$Recompilation$44618$3841A$\^function\_.L:1#issueCommand(&lt;function&gt;:124)&#xa;&#x9;at jdk.nashorn.internal.scripts.Script$Recompilation$44618$3841A$\^function\_.L:1#issueCommand(&lt;function&gt;:124)&#xa;&#x9;at jdk.nashorn.internal.scripts.Script$Recompilation$44618$3841A$\^function\_.L:1#issueCommand(&lt;function&gt;:124)&#xa;&#x9;at jdk.nashorn.internal.scripts.Script$Recompilation$44618$3841A$\^function\_.L:1#issueCommand(&lt;function&gt;:124)&#xa;&#x9;at jdk.nashorn.internal.scripts.Script$Recompilation$44618$3841A$\^function\_.L:1#issueCommand(&lt;function&gt;:124)&#xa;&#x9;at jdk.nashorn.internal.scripts.Script$Recompilation$44618$3841A$\^function\_.L:1#issueCommand(&lt;function&gt;:124)&#xa;&#x9;at jdk.nashorn.internal.scripts.Script$Recompilation$44618$3841A$\^function\_.L:1#issueCommand(&lt;function&gt;:124)&#xa;&#x9;at jdk.nashorn.internal.scripts.Script$Recompilation$44618$3841A$\^function\_.L:1#issueCommand(&lt;function&gt;:124)&#xa;&#x9;at jdk.nashorn.internal.scripts.Script$Recompilation$44618$3841A$\^function\_.L:1#issueCommand(&lt;function&gt;:124)&#xa;&#x9;at jdk.nashorn.internal.scripts.Script$Recompilation$44618$3841A$\^function\_.L:1#issueCommand(&lt;function&gt;:124)&#xa;&#x9;at jdk.nashorn.internal.scripts.Script$Recompilation$44618$3841A$\^function\_.L:1#issueCommand(&lt;function&gt;:124)&#xa;&#x9;at jdk.nashorn.internal.scripts.Script$Recompilation$44618$3841A$\^function\_.L:1#issueCommand(&lt;function&gt;:124)&#xa;&#x9;at jdk.nashorn.internal.scripts.Script$Recompilation$44618$3841A$\^function\_.L:1#issueCommand(&lt;function&gt;:124)&#xa;&#x9;at jdk.nashorn.internal.scripts.Script$Recompilation$44618$3841A$\^function\_.L:1#issueCommand(&lt;function&gt;:124)&#xa;&#x9;at jdk.nashorn.internal.scripts.Script$Recompilation$44618$3841A$\^function\_.L:1#issueCommand(&lt;function&gt;:124)&#xa;&#x9;at jdk.nashorn.internal.scripts.Script$Recompilation$44618$3841A$\^function\_.L:1#issueCommand(&lt;function&gt;:124)&#xa;&#x9;at jdk.nashorn.internal.scripts.Script$Recompilation$44618$3841A$\^function\_.L:1#issueCommand(&lt;function&gt;:124)&#xa;&#x9;at jdk.nashorn.internal.scripts.Script$Recompilation$44618$3841A$\^function\_.L:1#issueCommand(&lt;function&gt;:124)&#xa;&#x9;at jdk.nashorn.internal.scripts.Script$Recompilation$44618$3841A$\^function\_.L:1#issueCommand(&lt;function&gt;:124)&#xa;&#x9;at jdk.nashorn.internal.scripts.Script$Recompilation$44618$3841A$\^function\_.L:1#issueCommand(&lt;function&gt;:124)&#xa;&#x9;at jdk.nashorn.internal.scripts.Script$Recompilation$44618$3841A$\^function\_.L:1#issueCommand(&lt;function&gt;:124)&#xa;&#x9;at jdk.nashorn.internal.scripts.Script$Recompilation$44618$3841A$\^function\_.L:1#issueCommand(&lt;function&gt;:124)&#xa;&#x9;at jdk.nashorn.internal.scripts.Script$Recompilation$44618$3841A$\^function\_.L:1#issueCommand(&lt;function&gt;:124)&#xa;&#x9;at jdk.nashorn.internal.scripts.Script$Recompilation$44618$3841A$\^function\_.L:1#issueCommand(&lt;function&gt;:124)&#xa;&#x9;at jdk.nashorn.internal.scripts.Script$Recompilation$44618$3841A$\^function\_.L:1#issueCommand(&lt;function&gt;:124)&#xa;&#x9;at jdk.nashorn.internal.scripts.Script$Recompilation$44618$3841A$\^function\_.L:1#issueCommand(&lt;function&gt;:124)&#xa;&#x9;at jdk.nashorn.internal.scripts.Script$Recompilation$44618$3841A$\^function\_.L:1#issueCommand(&lt;function&gt;:124)&#xa;&#x9;at jdk.nashorn.internal.scripts.Script$Recompilation$44618$3841A$\^function\_.L:1#issueCommand(&lt;function&gt;:124)&#xa;&#x9;at jdk.nashorn.internal.scripts.Script$Recompilation$44618$3841A$\^function\_.L:1#issueCommand(&lt;function&gt;:124)&#xa;&#x9;at jdk.nashorn.internal.scripts.Script$Recompilation$44618$3841A$\^function\_.L:1#issueCommand(&lt;function&gt;:124)&#xa;&#x9;at jdk.nashorn.internal.scripts.Script$Recompilation$44618$3841A$\^function\_.L:1#issueCommand(&lt;function&gt;:124)&#xa;&#x9;at jdk.nashorn.internal.scripts.Script$Recompilation$44618$3841A$\^function\_.L:1#issueCommand(&lt;function&gt;:124)&#xa;&#x9;at jdk.nashorn.internal.scripts.Script$Recompilation$44618$3841A$\^function\_.L:1#issueCommand(&lt;function&gt;:124)&#xa;&#x9;at jdk.nashorn.internal.scripts.Script$Recompilation$44618$3841A$\^function\_.L:1#issueCommand(&lt;function&gt;:124)&#xa;&#x9;at jdk.nashorn.internal.scripts.Script$Recompilation$44618$3841A$\^function\_.L:1#issueCommand(&lt;function&gt;:124)&#xa;&#x9;at jdk.nashorn.internal.scripts.Script$Recompilation$44618$3841A$\^function\_.L:1#issueCommand(&lt;function&gt;:124)&#xa;&#x9;at jdk.nashorn.internal.scripts.Script$Recompilation$44618$3841A$\^function\_.L:1#issueCommand(&lt;function&gt;:124)&#xa;&#x9;at jdk.nashorn.internal.scripts.Script$Recompilation$44618$3841A$\^function\_.L:1#issueCommand(&lt;function&gt;:124)&#xa;&#x9;at jdk.nashorn.internal.scripts.Script$Recompilation$44618$3841A$\^function\_.L:1#issueCommand(&lt;function&gt;:124)&#xa;&#x9;at jdk.nashorn.internal.scripts.Script$Recompilation$44618$3841A$\^function\_.L:1#issueCommand(&lt;function&gt;:124)&#xa;&#x9;at jdk.nashorn.internal.scripts.Script$Recompilation$44618$3841A$\^function\_.L:1#issueCommand(&lt;function&gt;:124)&#xa;&#x9;at jdk.nashorn.internal.scripts.Script$Recompilation$44618$3841A$\^function\_.L:1#issueCommand(&lt;function&gt;:124)&#xa;&#x9;at jdk.nashorn.internal.scripts.Script$Recompilation$44618$3841A$\^function\_.L:1#issueCommand(&lt;function&gt;:124)&#xa;&#x9;at jdk.nashorn.internal.scripts.Script$Recompilation$44618$3841A$\^function\_.L:1#issueCommand(&lt;function&gt;:124)&#xa;&#x9;at jdk.nashorn.internal.scripts.Script$Recompilation$44618$3841A$\^function\_.L:1#issueCommand(&lt;function&gt;:124)&#xa;&#x9;at jdk.nashorn.internal.scripts.Script$Recompilation$44618$3841A$\^function\_.L:1#issueCommand(&lt;function&gt;:124)&#xa;&#x9;at jdk.nashorn.internal.scripts.Script$Recompilation$44618$3841A$\^function\_.L:1#issueCommand(&lt;function&gt;:124)&#xa;&#x9;at jdk.nashorn.internal.scripts.Script$Recompilation$44618$3841A$\^function\_.L:1#issueCommand(&lt;function&gt;:124)&#xa;&#x9;at jdk.nashorn.internal.scripts.Script$Recompilation$44618$3841A$\^function\_.L:1#issueCommand(&lt;function&gt;:124)&#xa;&#x9;at jdk.nashorn.internal.scripts.Script$Recompilation$44618$3841A$\^function\_.L:1#issueCommand(&lt;function&gt;:124)&#xa;&#x9;at jdk.nashorn.internal.scripts.Script$Recompilation$44618$3841A$\^function\_.L:1#issueCommand(&lt;function&gt;:124)&#xa;&#x9;at jdk.nashorn.internal.scripts.Script$Recompilation$44618$3841A$\^function\_.L:1#issueCommand(&lt;function&gt;:124)&#xa;&#x9;at jdk.nashorn.internal.scripts.Script$Recompilation$44618$3841A$\^function\_.L:1#issueCommand(&lt;function&gt;:124)&#xa;&#x9;at jdk.nashorn.internal.scripts.Script$Recompilation$44618$3841A$\^function\_.L:1#issueCommand(&lt;function&gt;:124)&#xa;&#x9;at jdk.nashorn.internal.scripts.Script$Recompilation$44618$3841A$\^function\_.L:1#issueCommand(&lt;function&gt;:124)&#xa;&#x9;at jdk.nashorn.internal.scripts.Script$Recompilation$44618$3841A$\^function\_.L:1#issueCommand(&lt;function&gt;:124)&#xa;&#x9;at jdk.nashorn.internal.scripts.Script$Recompilation$44618$3841A$\^function\_.L:1#issueCommand(&lt;function&gt;:124)&#xa;&#x9;at jdk.nashorn.internal.scripts.Script$Recompilation$44618$3841A$\^function\_.L:1#issueCommand(&lt;function&gt;:124)&#xa;&#x9;at jdk.nashorn.internal.scripts.Script$Recompilation$44618$3841A$\^function\_.L:1#issueCommand(&lt;function&gt;:124)&#xa;&#x9;at jdk.nashorn.internal.scripts.Script$Recompilation$44618$3841A$\^function\_.L:1#issueCommand(&lt;function&gt;:124)&#xa;&#x9;at jdk.nashorn.internal.scripts.Script$Recompilation$44618$3841A$\^function\_.L:1#issueCommand(&lt;function&gt;:124)&#xa;&#x9;at jdk.nashorn.internal.scripts.Script$Recompilation$44618$3841A$\^function\_.L:1#issueCommand(&lt;function&gt;:124)&#xa;&#x9;at jdk.nashorn.internal.scripts.Script$Recompilation$44618$3841A$\^function\_.L:1#issueCommand(&lt;function&gt;:124)&#xa;&#x9;at jdk.nashorn.internal.scripts.Script$Recompilation$44618$3841A$\^function\_.L:1#issueCommand(&lt;function&gt;:124)&#xa;&#x9;at jdk.nashorn.internal.scripts.Script$Recompilation$44618$3841A$\^function\_.L:1#issueCommand(&lt;function&gt;:124)&#xa;&#x9;at jdk.nashorn.internal.scripts.Script$Recompilation$44618$3841A$\^function\_.L:1#issueCommand(&lt;function&gt;:124)&#xa;&#x9;at jdk.nashorn.internal.scripts.Script$Recompilation$44618$3841A$\^function\_.L:1#issueCommand(&lt;function&gt;:124)&#xa;&#x9;at jdk.nashorn.internal.scripts.Script$Recompilation$44618$3841A$\^function\_.L:1#issueCommand(&lt;function&gt;:124)&#xa;&#x9;at jdk.nashorn.internal.scripts.Script$Recompilation$44618$3841A$\^function\_.L:1#issueCommand(&lt;function&gt;:124)&#xa;&#x9;at jdk.nashorn.internal.scripts.Script$Recompilation$44618$3841A$\^function\_.L:1#issueCommand(&lt;function&gt;:124)&#xa;&#x9;at jdk.nashorn.internal.scripts.Script$Recompilation$44618$3841A$\^function\_.L:1#issueCommand(&lt;function&gt;:124)&#xa;&#x9;at jdk.nashorn.internal.scripts.Script$Recompilation$44618$3841A$\^function\_.L:1#issueCommand(&lt;function&gt;:124)&#xa;&#x9;at jdk.nashorn.internal.scripts.Script$Recompilation$44618$3841A$\^function\_.L:1#issueCommand(&lt;function&gt;:124)&#xa;&#x9;at jdk.nashorn.internal.scripts.Script$Recompilation$44618$3841A$\^function\_.L:1#issueCommand(&lt;function&gt;:124)&#xa;&#x9;at jdk.nashorn.internal.scripts.Script$Recompilation$44618$3841A$\^function\_.L:1#issueCommand(&lt;function&gt;:124)&#xa;&#x9;at jdk.nashorn.internal.scripts.Script$Recompilation$44618$3841A$\^function\_.L:1#issueCommand(&lt;function&gt;:124)&#xa;&#x9;at jdk.nashorn.internal.scripts.Script$Recompilation$44618$3841A$\^function\_.L:1#issueCommand(&lt;function&gt;:124)&#xa;&#x9;at jdk.nashorn.internal.scripts.Script$Recompilation$44618$3841A$\^function\_.L:1#issueCommand(&lt;function&gt;:124)&#xa;&#x9;at jdk.nashorn.internal.scripts.Script$Recompilation$44618$3841A$\^function\_.L:1#issueCommand(&lt;function&gt;:124)&#xa;&#x9;at jdk.nashorn.internal.scripts.Script$Recompilation$44618$3841A$\^function\_.L:1#issueCommand(&lt;function&gt;:124)&#xa;&#x9;at jdk.nashorn.internal.scripts.Script$Recompilation$44618$3841A$\^function\_.L:1#issueCommand(&lt;function&gt;:124)&#xa;&#x9;at jdk.nashorn.internal.scripts.Script$Recompilation$44618$3841A$\^function\_.L:1#issueCommand(&lt;function&gt;:124)&#xa;&#x9;at jdk.nashorn.internal.scripts.Script$Recompilation$44618$3841A$\^function\_.L:1#issueCommand(&lt;function&gt;:124)&#xa;&#x9;at jdk.nashorn.internal.scripts.Script$Recompilation$44618$3841A$\^function\_.L:1#issueCommand(&lt;function&gt;:124)&#xa;&#x9;at jdk.nashorn.internal.scripts.Script$Recompilation$44618$3841A$\^function\_.L:1#issueCommand(&lt;function&gt;:124)&#xa;&#x9;at jdk.nashorn.internal.scripts.Script$Recompilation$44618$3841A$\^function\_.L:1#issueCommand(&lt;function&gt;:124)&#xa;&#x9;at jdk.nashorn.internal.scripts.Script$Recompilation$44618$3841A$\^function\_.L:1#issueCommand(&lt;function&gt;:124)&#xa;&#x9;at jdk.nashorn.internal.scripts.Script$Recompilation$44618$3841A$\^function\_.L:1#issueCommand(&lt;function&gt;:124)&#xa;&#x9;at jdk.nashorn.internal.scripts.Script$Recompilation$44618$3841A$\^function\_.L:1#issueCommand(&lt;function&gt;:124)&#xa;&#x9;at jdk.nashorn.internal.scripts.Script$Recompilation$44618$3841A$\^function\_.L:1#issueCommand(&lt;function&gt;:124)&#xa;&#x9;at jdk.nashorn.internal.scripts.Script$Recompilation$44618$3841A$\^function\_.L:1#issueCommand(&lt;function&gt;:124)&#xa;&#x9;at jdk.nashorn.internal.scripts.Script$Recompilation$44618$3841A$\^function\_.L:1#issueCommand(&lt;function&gt;:124)&#xa;&#x9;at jdk.nashorn.internal.scripts.Script$Recompilation$44618$3841A$\^function\_.L:1#issueCommand(&lt;function&gt;:124)&#xa;&#x9;at jdk.nashorn.internal.scripts.Script$Recompilation$44618$3841A$\^function\_.L:1#issueCommand(&lt;function&gt;:124)&#xa;&#x9;at jdk.nashorn.internal.scripts.Script$Recompilation$44618$3841A$\^function\_.L:1#issueCommand(&lt;function&gt;:124)&#xa;&#x9;at jdk.nashorn.internal.scripts.Script$Recompilation$44618$3841A$\^function\_.L:1#issueCommand(&lt;function&gt;:124)&#xa;&#x9;at jdk.nashorn.internal.scripts.Script$Recompilation$44618$3841A$\^function\_.L:1#issueCommand(&lt;function&gt;:124)&#xa;&#x9;at jdk.nashorn.internal.scripts.Script$Recompilation$44618$3841A$\^function\_.L:1#issueCommand(&lt;function&gt;:124)&#xa;&#x9;at jdk.nashorn.internal.scripts.Script$Recompilation$44618$3841A$\^function\_.L:1#issueCommand(&lt;function&gt;:124)&#xa;&#x9;at jdk.nashorn.internal.scripts.Script$Recompilation$44618$3841A$\^function\_.L:1#issueCommand(&lt;function&gt;:124)&#xa;&#x9;at jdk.nashorn.internal.scripts.Script$Recompilation$44618$3841A$\^function\_.L:1#issueCommand(&lt;function&gt;:124)&#xa;&#x9;at jdk.nashorn.internal.scripts.Script$Recompilation$44618$3841A$\^function\_.L:1#issueCommand(&lt;function&gt;:124)&#xa;&#x9;at jdk.nashorn.internal.scripts.Script$Recompilation$44618$3841A$\^function\_.L:1#issueCommand(&lt;function&gt;:124)&#xa;&#x9;at jdk.nashorn.internal.scripts.Script$Recompilation$44618$3841A$\^function\_.L:1#issueCommand(&lt;function&gt;:124)&#xa;&#x9;at jdk.nashorn.internal.scripts.Script$Recompilation$44618$3841A$\^function\_.L:1#issueCommand(&lt;function&gt;:124)&#xa;&#x9;at jdk.nashorn.internal.scripts.Script$Recompilation$44618$3841A$\^function\_.L:1#issueCommand(&lt;function&gt;:124)&#xa;&#x9;at jdk.nashorn.internal.scripts.Script$Recompilation$44618$3841A$\^function\_.L:1#issueCommand(&lt;function&gt;:124)&#xa;&#x9;at jdk.nashorn.internal.scripts.Script$Recompilation$44618$3841A$\^function\_.L:1#issueCommand(&lt;function&gt;:124)&#xa;&#x9;at jdk.nashorn.internal.scripts.Script$Recompilation$44618$3841A$\^function\_.L:1#issueCommand(&lt;function&gt;:124)&#xa;&#x9;at jdk.nashorn.internal.scripts.Script$Recompilation$44618$3841A$\^function\_.L:1#issueCommand(&lt;function&gt;:124)&#xa;&#x9;at jdk.nashorn.internal.scripts.Script$Recompilation$44618$3841A$\^function\_.L:1#issueCommand(&lt;function&gt;:124)&#xa;&#x9;at jdk.nashorn.internal.scripts.Script$Recompilation$44618$3841A$\^function\_.L:1#issueCommand(&lt;function&gt;:124)&#xa;&#x9;at jdk.nashorn.internal.scripts.Script$Recompilation$44618$3841A$\^function\_.L:1#issueCommand(&lt;function&gt;:124)&#xa;&#x9;at jdk.nashorn.internal.scripts.Script$Recompilation$44618$3841A$\^function\_.L:1#issueCommand(&lt;function&gt;:124)&#xa;&#x9;at jdk.nashorn.internal.scripts.Script$Recompilation$44618$3841A$\^function\_.L:1#issueCommand(&lt;function&gt;:124)&#xa;&#x9;at jdk.nashorn.internal.scripts.Script$Recompilation$44618$3841A$\^function\_.L:1#issueCommand(&lt;function&gt;:124)&#xa;&#x9;at jdk.nashorn.internal.scripts.Script$Recompilation$44618$3841A$\^function\_.L:1#issueCommand(&lt;function&gt;:124)&#xa;&#x9;at jdk.nashorn.internal.scripts.Script$Recompilation$44618$3841A$\^function\_.L:1#issueCommand(&lt;function&gt;:124)&#xa;&#x9;at jdk.nashorn.internal.scripts.Script$Recompilation$44618$3841A$\^function\_.L:1#issueCommand(&lt;function&gt;:124)&#xa;&#x9;at jdk.nashorn.internal.scripts.Script$Recompilation$44618$3841A$\^function\_.L:1#issueCommand(&lt;function&gt;:124)&#xa;&#x9;at jdk.nashorn.internal.scripts.Script$Recompilation$44618$3841A$\^function\_.L:1#issueCommand(&lt;function&gt;:124)&#xa;&#x9;at jdk.nashorn.internal.scripts.Script$Recompilation$44618$3841A$\^function\_.L:1#issueCommand(&lt;function&gt;:124)&#xa;&#x9;at jdk.nashorn.internal.scripts.Script$Recompilation$44618$3841A$\^function\_.L:1#issueCommand(&lt;function&gt;:124)&#xa;&#x9;at jdk.nashorn.internal.scripts.Script$Recompilation$44618$3841A$\^function\_.L:1#issueCommand(&lt;function&gt;:124)&#xa;&#x9;at jdk.nashorn.internal.scripts.Script$Recompilation$44618$3841A$\^function\_.L:1#issueCommand(&lt;function&gt;:124)&#xa;&#x9;at jdk.nashorn.internal.scripts.Script$Recompilation$44618$3841A$\^function\_.L:1#issueCommand(&lt;function&gt;:124)&#xa;&#x9;at jdk.nashorn.internal.scripts.Script$Recompilation$44618$3841A$\^function\_.L:1#issueCommand(&lt;function&gt;:124)&#xa;&#x9;at jdk.nashorn.internal.scripts.Script$Recompilation$44618$3841A$\^function\_.L:1#issueCommand(&lt;function&gt;:124)&#xa;&#x9;at jdk.nashorn.internal.scripts.Script$Recompilation$44618$3841A$\^function\_.L:1#issueCommand(&lt;function&gt;:124)&#xa;&#x9;at jdk.nashorn.internal.scripts.Script$Recompilation$44618$3841A$\^function\_.L:1#issueCommand(&lt;function&gt;:124)&#xa;&#x9;at jdk.nashorn.internal.scripts.Script$Recompilation$44618$3841A$\^function\_.L:1#issueCommand(&lt;function&gt;:124)&#xa;&#x9;at jdk.nashorn.internal.scripts.Script$Recompilation$44618$3841A$\^function\_.L:1#issueCommand(&lt;function&gt;:124)&#xa;&#x9;at jdk.nashorn.internal.scripts.Script$Recompilation$44618$3841A$\^function\_.L:1#issueCommand(&lt;function&gt;:124)&#xa;&#x9;at jdk.nashorn.internal.scripts.Script$Recompilation$44618$3841A$\^function\_.L:1#issueCommand(&lt;function&gt;:124)&#xa;&#x9;at jdk.nashorn.internal.scripts.Script$Recompilation$44618$3841A$\^function\_.L:1#issueCommand(&lt;function&gt;:124)&#xa;&#x9;at jdk.nashorn.internal.scripts.Script$Recompilation$44618$3841A$\^function\_.L:1#issueCommand(&lt;function&gt;:124)&#xa;&#x9;at jdk.nashorn.internal.scripts.Script$Recompilation$44618$3841A$\^function\_.L:1#issueCommand(&lt;function&gt;:124)&#xa;&#x9;at jdk.nashorn.internal.scripts.Script$Recompilation$44618$3841A$\^function\_.L:1#issueCommand(&lt;function&gt;:124)&#xa;&#x9;at jdk.nashorn.internal.scripts.Script$Recompilation$44618$3841A$\^function\_.L:1#issueCommand(&lt;function&gt;:124)&#xa;&#x9;at jdk.nashorn.internal.scripts.Script$Recompilation$44618$3841A$\^function\_.L:1#issueCommand(&lt;function&gt;:124)&#xa;&#x9;at jdk.nashorn.internal.scripts.Script$Recompilation$44618$3841A$\^function\_.L:1#issueCommand(&lt;function&gt;:124)&#xa;&#x9;at jdk.nashorn.internal.scripts.Script$Recompilation$44618$3841A$\^function\_.L:1#issueCommand(&lt;function&gt;:124)&#xa;&#x9;at jdk.nashorn.internal.scripts.Script$Recompilation$44618$3841A$\^function\_.L:1#issueCommand(&lt;function&gt;:124)&#xa;&#x9;at jdk.nashorn.internal.scripts.Script$Recompilation$44618$3841A$\^function\_.L:1#issueCommand(&lt;function&gt;:124)&#xa;&#x9;at jdk.nashorn.internal.scripts.Script$Recompilation$44618$3841A$\^function\_.L:1#issueCommand(&lt;function&gt;:124)&#xa;&#x9;at jdk.nashorn.internal.scripts.Script$Recompilation$44618$3841A$\^function\_.L:1#issueCommand(&lt;function&gt;:124)&#xa;&#x9;at jdk.nashorn.internal.scripts.Script$Recompilation$44618$3841A$\^function\_.L:1#issueCommand(&lt;function&gt;:124)&#xa;&#x9;at jdk.nashorn.internal.scripts.Script$Recompilation$44618$3841A$\^function\_.L:1#issueCommand(&lt;function&gt;:124)&#xa;&#x9;at jdk.nashorn.internal.scripts.Script$Recompilation$44618$3841A$\^function\_.L:1#issueCommand(&lt;function&gt;:124)&#xa;&#x9;at jdk.nashorn.internal.scripts.Script$Recompilation$44618$3841A$\^function\_.L:1#issueCommand(&lt;function&gt;:124)&#xa;&#x9;at jdk.nashorn.internal.scripts.Script$Recompilation$44618$3841A$\^function\_.L:1#issueCommand(&lt;function&gt;:124)&#xa;&#x9;at jdk.nashorn.internal.scripts.Script$Recompilation$44618$3841A$\^function\_.L:1#issueCommand(&lt;function&gt;:124)&#xa;&#x9;at jdk.nashorn.internal.scripts.Script$Recompilation$44618$3841A$\^function\_.L:1#issueCommand(&lt;function&gt;:124)&#xa;&#x9;at jdk.nashorn.internal.scripts.Script$Recompilation$44618$3841A$\^function\_.L:1#issueCommand(&lt;function&gt;:124)&#xa;&#x9;at jdk.nashorn.internal.scripts.Script$Recompilation$44618$3841A$\^function\_.L:1#issueCommand(&lt;function&gt;:124)&#xa;&#x9;at jdk.nashorn.internal.scripts.Script$Recompilation$44618$3841A$\^function\_.L:1#issueCommand(&lt;function&gt;:124)&#xa;&#x9;at jdk.nashorn.internal.scripts.Script$Recompilation$44618$3841A$\^function\_.L:1#issueCommand(&lt;function&gt;:124)&#xa;&#x9;at jdk.nashorn.internal.scripts.Script$Recompilation$44618$3841A$\^function\_.L:1#issueCommand(&lt;function&gt;:124)&#xa;&#x9;at jdk.nashorn.internal.scripts.Script$Recompilation$44618$3841A$\^function\_.L:1#issueCommand(&lt;function&gt;:124)&#xa;&#x9;at jdk.nashorn.internal.scripts.Script$Recompilation$44618$3841A$\^function\_.L:1#issueCommand(&lt;function&gt;:124)&#xa;&#x9;at jdk.nashorn.internal.scripts.Script$Recompilation$44618$3841A$\^function\_.L:1#issueCommand(&lt;function&gt;:124)&#xa;&#x9;at jdk.nashorn.internal.scripts.Script$Recompilation$44618$3841A$\^function\_.L:1#issueCommand(&lt;function&gt;:124)&#xa;&#x9;at jdk.nashorn.internal.scripts.Script$Recompilation$44618$3841A$\^function\_.L:1#issueCommand(&lt;function&gt;:124)&#xa;&#x9;at jdk.nashorn.internal.scripts.Script$Recompilation$44618$3841A$\^function\_.L:1#issueCommand(&lt;function&gt;:124)&#xa;&#x9;at jdk.nashorn.internal.scripts.Script$Recompilation$44618$3841A$\^function\_.L:1#issueCommand(&lt;function&gt;:124)&#xa;&#x9;at jdk.nashorn.internal.scripts.Script$Recompilation$44618$3841A$\^function\_.L:1#issueCommand(&lt;function&gt;:124)&#xa;&#x9;at jdk.nashorn.internal.scripts.Script$Recompilation$44618$3841A$\^function\_.L:1#issueCommand(&lt;function&gt;:124)&#xa;&#x9;at jdk.nashorn.internal.scripts.Script$Recompilation$44618$3841A$\^function\_.L:1#issueCommand(&lt;function&gt;:124)&#xa;&#x9;at jdk.nashorn.internal.scripts.Script$Recompilation$44618$3841A$\^function\_.L:1#issueCommand(&lt;function&gt;:124)&#xa;&#x9;at jdk.nashorn.internal.scripts.Script$Recompilation$44618$3841A$\^function\_.L:1#issueCommand(&lt;function&gt;:124)&#xa;&#x9;at jdk.nashorn.internal.scripts.Script$Recompilation$44618$3841A$\^function\_.L:1#issueCommand(&lt;function&gt;:124)&#xa;&#x9;at jdk.nashorn.internal.scripts.Script$Recompilation$44618$3841A$\^function\_.L:1#issueCommand(&lt;function&gt;:124)&#xa;&#x9;at jdk.nashorn.internal.scripts.Script$Recompilation$44618$3841A$\^function\_.L:1#issueCommand(&lt;function&gt;:124)&#xa;&#x9;at jdk.nashorn.internal.scripts.Script$Recompilation$44618$3841A$\^function\_.L:1#issueCommand(&lt;function&gt;:124)&#xa;&#x9;at jdk.nashorn.internal.scripts.Script$Recompilation$44618$3841A$\^function\_.L:1#issueCommand(&lt;function&gt;:124)&#xa;&#x9;at jdk.nashorn.internal.scripts.Script$Recompilation$44618$3841A$\^function\_.L:1#issueCommand(&lt;function&gt;:124)&#xa;&#x9;at jdk.nashorn.internal.scripts.Script$Recompilation$44618$3841A$\^function\_.L:1#issueCommand(&lt;function&gt;:124)&#xa;&#x9;at jdk.nashorn.internal.scripts.Script$Recompilation$44618$3841A$\^function\_.L:1#issueCommand(&lt;function&gt;:124)&#xa;&#x9;at jdk.nashorn.internal.scripts.Script$Recompilation$44618$3841A$\^function\_.L:1#issueCommand(&lt;function&gt;:124)&#xa;&#x9;at jdk.nashorn.internal.scripts.Script$Recompilation$44618$3841A$\^function\_.L:1#issueCommand(&lt;function&gt;:124)&#xa;&#x9;at jdk.nashorn.internal.scripts.Script$Recompilation$44618$3841A$\^function\_.L:1#issueCommand(&lt;function&gt;:124)&#xa;&#x9;at jdk.nashorn.internal.scripts.Script$Recompilation$44618$3841A$\^function\_.L:1#issueCommand(&lt;function&gt;:124)&#xa;&#x9;at jdk.nashorn.internal.scripts.Script$Recompilation$44618$3841A$\^function\_.L:1#issueCommand(&lt;function&gt;:124)&#xa;&#x9;at jdk.nashorn.internal.scripts.Script$Recompilation$44618$3841A$\^function\_.L:1#issueCommand(&lt;function&gt;:124)&#xa;&#x9;at jdk.nashorn.internal.scripts.Script$Recompilation$44618$3841A$\^function\_.L:1#issueCommand(&lt;function&gt;:124)&#xa;&#x9;at jdk.nashorn.internal.scripts.Script$Recompilation$44618$3841A$\^function\_.L:1#issueCommand(&lt;function&gt;:124)&#xa;&#x9;at jdk.nashorn.internal.scripts.Script$Recompilation$44618$3841A$\^function\_.L:1#issueCommand(&lt;function&gt;:124)&#xa;&#x9;at jdk.nashorn.internal.scripts.Script$Recompilation$44618$3841A$\^function\_.L:1#issueCommand(&lt;function&gt;:124)&#xa;&#x9;at jdk.nashorn.internal.scripts.Script$Recompilation$44618$3841A$\^function\_.L:1#issueCommand(&lt;function&gt;:124)&#xa;&#x9;at jdk.nashorn.internal.scripts.Script$Recompilation$44618$3841A$\^function\_.L:1#issueCommand(&lt;function&gt;:124)&#xa;&#x9;at jdk.nashorn.internal.scripts.Script$Recompilation$44618$3841A$\^function\_.L:1#issueCommand(&lt;function&gt;:124)&#xa;&#x9;at jdk.nashorn.internal.scripts.Script$Recompilation$44618$3841A$\^function\_.L:1#issueCommand(&lt;function&gt;:124)&#xa;&#x9;at jdk.nashorn.internal.scripts.Script$Recompilation$44618$3841A$\^function\_.L:1#issueCommand(&lt;function&gt;:124)&#xa;&#x9;at jdk.nashorn.internal.scripts.Script$Recompilation$44618$3841A$\^function\_.L:1#issueCommand(&lt;function&gt;:124)&#xa;&#x9;at jdk.nashorn.internal.scripts.Script$Recompilation$44618$3841A$\^function\_.L:1#issueCommand(&lt;function&gt;:124)&#xa;&#x9;at jdk.nashorn.internal.scripts.Script$Recompilation$44618$3841A$\^function\_.L:1#issueCommand(&lt;function&gt;:124)&#xa;&#x9;at jdk.nashorn.internal.scripts.Script$Recompilation$44618$3841A$\^function\_.L:1#issueCommand(&lt;function&gt;:124)&#xa;&#x9;at jdk.nashorn.internal.scripts.Script$Recompilation$44618$3841A$\^function\_.L:1#issueCommand(&lt;function&gt;:124)&#xa;&#x9;at jdk.nashorn.internal.scripts.Script$Recompilation$44618$3841A$\^function\_.L:1#issueCommand(&lt;function&gt;:124)&#xa;&#x9;at jdk.nashorn.internal.scripts.Script$Recompilation$44618$3841A$\^function\_.L:1#issueCommand(&lt;function&gt;:124)&#xa;&#x9;at jdk.nashorn.internal.scripts.Script$Recompilation$44618$3841A$\^function\_.L:1#issueCommand(&lt;function&gt;:124)&#xa;&#x9;at jdk.nashorn.internal.scripts.Script$Recompilation$44618$3841A$\^function\_.L:1#issueCommand(&lt;function&gt;:124)&#xa;&#x9;at jdk.nashorn.internal.scripts.Script$Recompilation$44618$3841A$\^function\_.L:1#issueCommand(&lt;function&gt;:124)&#xa;&#x9;at jdk.nashorn.internal.scripts.Script$Recompilation$44618$3841A$\^function\_.L:1#issueCommand(&lt;function&gt;:124)&#xa;&#x9;at jdk.nashorn.internal.scripts.Script$Recompilation$44618$3841A$\^function\_.L:1#issueCommand(&lt;function&gt;:124)&#xa;&#x9;at jdk.nashorn.internal.scripts.Script$Recompilation$44618$3841A$\^function\_.L:1#issueCommand(&lt;function&gt;:124)&#xa;&#x9;at jdk.nashorn.internal.scripts.Script$Recompilation$44618$3841A$\^function\_.L:1#issueCommand(&lt;function&gt;:124)&#xa;&#x9;at jdk.nashorn.internal.scripts.Script$Recompilation$44618$3841A$\^function\_.L:1#issueCommand(&lt;function&gt;:124)&#xa;&#x9;at jdk.nashorn.internal.scripts.Script$Recompilation$44618$3841A$\^function\_.L:1#issueCommand(&lt;function&gt;:124)&#xa;&#x9;at jdk.nashorn.internal.scripts.Script$Recompilation$44618$3841A$\^function\_.L:1#issueCommand(&lt;function&gt;:124)&#xa;&#x9;at jdk.nashorn.internal.scripts.Script$Recompilation$44618$3841A$\^function\_.L:1#issueCommand(&lt;function&gt;:124)&#xa;&#x9;at jdk.nashorn.internal.scripts.Script$Recompilation$44618$3841A$\^function\_.L:1#issueCommand(&lt;function&gt;:124)&#xa;&#x9;at jdk.nashorn.internal.scripts.Script$Recompilation$44618$3841A$\^function\_.L:1#issueCommand(&lt;function&gt;:124)&#xa;&#x9;at jdk.nashorn.internal.scripts.Script$Recompilation$44618$3841A$\^function\_.L:1#issueCommand(&lt;function&gt;:124)&#xa;&#x9;at jdk.nashorn.internal.scripts.Script$Recompilation$44618$3841A$\^function\_.L:1#issueCommand(&lt;function&gt;:124)&#xa;&#x9;at jdk.nashorn.internal.scripts.Script$Recompilation$44618$3841A$\^function\_.L:1#issueCommand(&lt;function&gt;:124)&#xa;&#x9;at jdk.nashorn.internal.scripts.Script$Recompilation$44618$3841A$\^function\_.L:1#issueCommand(&lt;function&gt;:124)&#xa;&#x9;at jdk.nashorn.internal.scripts.Script$Recompilation$44618$3841A$\^function\_.L:1#issueCommand(&lt;function&gt;:124)&#xa;&#x9;at jdk.nashorn.internal.scripts.Script$Recompilation$44618$3841A$\^function\_.L:1#issueCommand(&lt;function&gt;:124)&#xa;&#x9;at jdk.nashorn.internal.scripts.Script$Recompilation$44618$3841A$\^function\_.L:1#issueCommand(&lt;function&gt;:124)&#xa;&#x9;at jdk.nashorn.internal.scripts.Script$Recompilation$44618$3841A$\^function\_.L:1#issueCommand(&lt;function&gt;:124)&#xa;&#x9;at jdk.nashorn.internal.scripts.Script$Recompilation$44618$3841A$\^function\_.L:1#issueCommand(&lt;function&gt;:124)&#xa;&#x9;at jdk.nashorn.internal.scripts.Script$Recompilation$44618$3841A$\^function\_.L:1#issueCommand(&lt;function&gt;:124)&#xa;&#x9;at jdk.nashorn.internal.scripts.Script$Recompilation$44618$3841A$\^function\_.L:1#issueCommand(&lt;function&gt;:124)&#xa;&#x9;at jdk.nashorn.internal.scripts.Script$Recompilation$44618$3841A$\^function\_.L:1#issueCommand(&lt;function&gt;:124)&#xa;&#x9;at jdk.nashorn.internal.scripts.Script$Recompilation$44618$3841A$\^function\_.L:1#issueCommand(&lt;function&gt;:124)&#xa;&#x9;at jdk.nashorn.internal.scripts.Script$Recompilation$44618$3841A$\^function\_.L:1#issueCommand(&lt;function&gt;:124)&#xa;&#x9;at jdk.nashorn.internal.scripts.Script$Recompilation$44618$3841A$\^function\_.L:1#issueCommand(&lt;function&gt;:124)&#xa;&#x9;at jdk.nashorn.internal.scripts.Script$Recompilation$44618$3841A$\^function\_.L:1#issueCommand(&lt;function&gt;:124)&#xa;&#x9;at jdk.nashorn.internal.scripts.Script$Recompilation$44618$3841A$\^function\_.L:1#issueCommand(&lt;function&gt;:124)&#xa;&#x9;at jdk.nashorn.internal.scripts.Script$Recompilation$44618$3841A$\^function\_.L:1#issueCommand(&lt;function&gt;:124)&#xa;&#x9;at jdk.nashorn.internal.scripts.Script$Recompilation$44618$3841A$\^function\_.L:1#issueCommand(&lt;function&gt;:124)&#xa;&#x9;at jdk.nashorn.internal.scripts.Script$Recompilation$44618$3841A$\^function\_.L:1#issueCommand(&lt;function&gt;:124)&#xa;&#x9;at jdk.nashorn.internal.scripts.Script$Recompilation$44618$3841A$\^function\_.L:1#issueCommand(&lt;function&gt;:124)&#xa;&#x9;at jdk.nashorn.internal.scripts.Script$Recompilation$44618$3841A$\^function\_.L:1#issueCommand(&lt;function&gt;:124)&#xa;&#x9;at jdk.nashorn.internal.scripts.Script$Recompilation$44618$3841A$\^function\_.L:1#issueCommand(&lt;function&gt;:124)&#xa;&#x9;at jdk.nashorn.internal.scripts.Script$Recompilation$44618$3841A$\^function\_.L:1#issueCommand(&lt;function&gt;:124)&#xa;&#x9;at jdk.nashorn.internal.scripts.Script$Recompilation$44618$3841A$\^function\_.L:1#issueCommand(&lt;function&gt;:124)&#xa;&#x9;at jdk.nashorn.internal.scripts.Script$Recompilation$44618$3841A$\^function\_.L:1#issueCommand(&lt;function&gt;:124)&#xa;&#x9;at jdk.nashorn.internal.scripts.Script$Recompilation$44618$3841A$\^function\_.L:1#issueCommand(&lt;function&gt;:124)&#xa;&#x9;at jdk.nashorn.internal.scripts.Script$Recompilation$44618$3841A$\^function\_.L:1#issueCommand(&lt;function&gt;:124)&#xa;&#x9;at jdk.nashorn.internal.scripts.Script$Recompilation$44618$3841A$\^function\_.L:1#issueCommand(&lt;function&gt;:124)&#xa;&#x9;at jdk.nashorn.internal.scripts.Script$Recompilation$44618$3841A$\^function\_.L:1#issueCommand(&lt;function&gt;:124)&#xa;&#x9;at jdk.nashorn.internal.scripts.Script$Recompilation$44618$3841A$\^function\_.L:1#issueCommand(&lt;function&gt;:124)&#xa;&#x9;at jdk.nashorn.internal.scripts.Script$Recompilation$44618$3841A$\^function\_.L:1#issueCommand(&lt;function&gt;:124)&#xa;&#x9;at jdk.nashorn.internal.scripts.Script$Recompilation$44618$3841A$\^function\_.L:1#issueCommand(&lt;function&gt;:124)&#xa;&#x9;at jdk.nashorn.internal.scripts.Script$Recompilation$44618$3841A$\^function\_.L:1#issueCommand(&lt;function&gt;:124)&#xa;&#x9;at jdk.nashorn.internal.scripts.Script$Recompilation$44618$3841A$\^function\_.L:1#issueCommand(&lt;function&gt;:124)&#xa;&#x9;at jdk.nashorn.internal.scripts.Script$Recompilation$44618$3841A$\^function\_.L:1#issueCommand(&lt;function&gt;:124)&#xa;&#x9;at jdk.nashorn.internal.scripts.Script$Recompilation$44618$3841A$\^function\_.L:1#issueCommand(&lt;function&gt;:124)&#xa;&#x9;at jdk.nashorn.internal.scripts.Script$Recompilation$44618$3841A$\^function\_.L:1#issueCommand(&lt;function&gt;:124)&#xa;&#x9;at jdk.nashorn.internal.scripts.Script$Recompilation$44618$3841A$\^function\_.L:1#issueCommand(&lt;function&gt;:124)&#xa;&#x9;at jdk.nashorn.internal.scripts.Script$Recompilation$44618$3841A$\^function\_.L:1#issueCommand(&lt;function&gt;:124)&#xa;&#x9;at jdk.nashorn.internal.scripts.Script$Recompilation$44618$3841A$\^function\_.L:1#issueCommand(&lt;function&gt;:124)&#xa;&#x9;at jdk.nashorn.internal.scripts.Script$Recompilation$44618$3841A$\^function\_.L:1#issueCommand(&lt;function&gt;:124)&#xa;&#x9;at jdk.nashorn.internal.scripts.Script$Recompilation$44618$3841A$\^function\_.L:1#issueCommand(&lt;function&gt;:124)&#xa;&#x9;at jdk.nashorn.internal.scripts.Script$Recompilation$44618$3841A$\^function\_.L:1#issueCommand(&lt;function&gt;:124)&#xa;&#x9;at jdk.nashorn.internal.scripts.Script$Recompilation$44618$3841A$\^function\_.L:1#issueCommand(&lt;function&gt;:124)&#xa;&#x9;at jdk.nashorn.internal.scripts.Script$Recompilation$44618$3841A$\^function\_.L:1#issueCommand(&lt;function&gt;:124)&#xa;&#x9;at jdk.nashorn.internal.scripts.Script$Recompilation$44618$3841A$\^function\_.L:1#issueCommand(&lt;function&gt;:124)&#xa;&#x9;at jdk.nashorn.internal.scripts.Script$Recompilation$44618$3841A$\^function\_.L:1#issueCommand(&lt;function&gt;:124)&#xa;&#x9;at jdk.nashorn.internal.scripts.Script$Recompilation$44618$3841A$\^function\_.L:1#issueCommand(&lt;function&gt;:124)&#xa;&#x9;at jdk.nashorn.internal.scripts.Script$Recompilation$44618$3841A$\^function\_.L:1#issueCommand(&lt;function&gt;:124)&#xa;&#x9;at jdk.nashorn.internal.scripts.Script$Recompilation$44618$3841A$\^function\_.L:1#issueCommand(&lt;function&gt;:124)&#xa;&#x9;at jdk.nashorn.internal.scripts.Script$Recompilation$44618$3841A$\^function\_.L:1#issueCommand(&lt;function&gt;:124)&#xa;&#x9;at jdk.nashorn.internal.scripts.Script$Recompilation$44618$3841A$\^function\_.L:1#issueCommand(&lt;function&gt;:124)&#xa;&#x9;at jdk.nashorn.internal.scripts.Script$Recompilation$44618$3841A$\^function\_.L:1#issueCommand(&lt;function&gt;:124)&#xa;&#x9;at jdk.nashorn.internal.scripts.Script$Recompilation$44618$3841A$\^function\_.L:1#issueCommand(&lt;function&gt;:124)&#xa;&#x9;at jdk.nashorn.internal.scripts.Script$Recompilation$44618$3841A$\^function\_.L:1#issueCommand(&lt;function&gt;:124)&#xa;&#x9;at jdk.nashorn.internal.scripts.Script$Recompilation$44618$3841A$\^function\_.L:1#issueCommand(&lt;function&gt;:124)&#xa;&#x9;at jdk.nashorn.internal.scripts.Script$Recompilation$44618$3841A$\^function\_.L:1#issueCommand(&lt;function&gt;:124)&#xa;&#x9;at jdk.nashorn.internal.scripts.Script$Recompilation$44618$3841A$\^function\_.L:1#issueCommand(&lt;function&gt;:124)&#xa;&#x9;at jdk.nashorn.internal.scripts.Script$Recompilation$44618$3841A$\^function\_.L:1#issueCommand(&lt;function&gt;:124)&#xa;&#x9;at jdk.nashorn.internal.scripts.Script$Recompilation$44618$3841A$\^function\_.L:1#issueCommand(&lt;function&gt;:124)&#xa;&#x9;at jdk.nashorn.internal.scripts.Script$Recompilation$44618$3841A$\^function\_.L:1#issueCommand(&lt;function&gt;:124)&#xa;&#x9;at jdk.nashorn.internal.scripts.Script$Recompilation$44618$3841A$\^function\_.L:1#issueCommand(&lt;function&gt;:124)&#xa;&#x9;at jdk.nashorn.internal.scripts.Script$Recompilation$44618$3841A$\^function\_.L:1#issueCommand(&lt;function&gt;:124)&#xa;&#x9;at jdk.nashorn.internal.scripts.Script$Recompilation$44618$3841A$\^function\_.L:1#issueCommand(&lt;function&gt;:124)&#xa;&#x9;at jdk.nashorn.internal.scripts.Script$Recompilation$44618$3841A$\^function\_.L:1#issueCommand(&lt;function&gt;:124)&#xa;&#x9;at jdk.nashorn.internal.scripts.Script$Recompilation$44618$3841A$\^function\_.L:1#issueCommand(&lt;function&gt;:124)&#xa;&#x9;at jdk.nashorn.internal.scripts.Script$Recompilation$44618$3841A$\^function\_.L:1#issueCommand(&lt;function&gt;:124)&#xa;&#x9;at jdk.nashorn.internal.scripts.Script$Recompilation$44618$3841A$\^function\_.L:1#issueCommand(&lt;function&gt;:124)&#xa;&#x9;at jdk.nashorn.internal.scripts.Script$Recompilation$44618$3841A$\^function\_.L:1#issueCommand(&lt;function&gt;:124)&#xa;&#x9;at jdk.nashorn.internal.scripts.Script$Recompilation$44618$3841A$\^function\_.L:1#issueCommand(&lt;function&gt;:124)&#xa;&#x9;at jdk.nashorn.internal.scripts.Script$Recompilation$44618$3841A$\^function\_.L:1#issueCommand(&lt;function&gt;:124)&#xa;&#x9;at jdk.nashorn.internal.scripts.Script$Recompilation$44618$3841A$\^function\_.L:1#issueCommand(&lt;function&gt;:124)&#xa;&#x9;at jdk.nashorn.internal.scripts.Script$Recompilation$44618$3841A$\^function\_.L:1#issueCommand(&lt;function&gt;:124)&#xa;&#x9;at jdk.nashorn.internal.scripts.Script$Recompilation$44618$3841A$\^function\_.L:1#issueCommand(&lt;function&gt;:124)&#xa;&#x9;at jdk.nashorn.internal.scripts.Script$Recompilation$44618$3841A$\^function\_.L:1#issueCommand(&lt;function&gt;:124)&#xa;&#x9;at jdk.nashorn.internal.scripts.Script$Recompilation$44618$3841A$\^function\_.L:1#issueCommand(&lt;function&gt;:124)&#xa;&#x9;at jdk.nashorn.internal.scripts.Script$Recompilation$44618$3841A$\^function\_.L:1#issueCommand(&lt;function&gt;:124)&#xa;&#x9;at jdk.nashorn.internal.scripts.Script$Recompilation$44618$3841A$\^function\_.L:1#issueCommand(&lt;function&gt;:124)&#xa;&#x9;at jdk.nashorn.internal.scripts.Script$Recompilation$44618$3841A$\^function\_.L:1#issueCommand(&lt;function&gt;:124)&#xa;&#x9;at jdk.nashorn.internal.scripts.Script$Recompilation$44618$3841A$\^function\_.L:1#issueCommand(&lt;function&gt;:124)&#xa;&#x9;at jdk.nashorn.internal.scripts.Script$Recompilation$44618$3841A$\^function\_.L:1#issueCommand(&lt;function&gt;:124)&#xa;&#x9;at jdk.nashorn.internal.scripts.Script$Recompilation$44618$3841A$\^function\_.L:1#issueCommand(&lt;function&gt;:124)&#xa;&#x9;at jdk.nashorn.internal.scripts.Script$Recompilation$44618$3841A$\^function\_.L:1#issueCommand(&lt;function&gt;:124)&#xa;&#x9;at jdk.nashorn.internal.scripts.Script$Recompilation$44618$3841A$\^function\_.L:1#issueCommand(&lt;function&gt;:124)&#xa;&#x9;at jdk.nashorn.internal.scripts.Script$Recompilation$44618$3841A$\^function\_.L:1#issueCommand(&lt;function&gt;:124)&#xa;&#x9;at jdk.nashorn.internal.scripts.Script$Recompilation$44618$3841A$\^function\_.L:1#issueCommand(&lt;function&gt;:124)&#xa;&#x9;at jdk.nashorn.internal.scripts.Script$Recompilation$44618$3841A$\^function\_.L:1#issueCommand(&lt;function&gt;:124)&#xa;&#x9;at jdk.nashorn.internal.scripts.Script$Recompilation$44618$3841A$\^function\_.L:1#issueCommand(&lt;function&gt;:124)&#xa;&#x9;at jdk.nashorn.internal.scripts.Script$Recompilation$44618$3841A$\^function\_.L:1#issueCommand(&lt;function&gt;:124)&#xa;&#x9;at jdk.nashorn.internal.scripts.Script$Recompilation$44618$3841A$\^function\_.L:1#issueCommand(&lt;function&gt;:124)&#xa;&#x9;at jdk.nashorn.internal.scripts.Script$Recompilation$44618$3841A$\^function\_.L:1#issueCommand(&lt;function&gt;:124)&#xa;&#x9;at jdk.nashorn.internal.scripts.Script$Recompilation$44618$3841A$\^function\_.L:1#issueCommand(&lt;function&gt;:124)&#xa;&#x9;at jdk.nashorn.internal.scripts.Script$Recompilation$44618$3841A$\^function\_.L:1#issueCommand(&lt;function&gt;:124)&#xa;&#x9;at jdk.nashorn.internal.scripts.Script$Recompilation$44618$3841A$\^function\_.L:1#issueCommand(&lt;function&gt;:124)&#xa;&#x9;at jdk.nashorn.internal.scripts.Script$Recompilation$44618$3841A$\^function\_.L:1#issueCommand(&lt;function&gt;:124)&#xa;&#x9;at jdk.nashorn.internal.scripts.Script$Recompilation$44618$3841A$\^function\_.L:1#issueCommand(&lt;function&gt;:124)&#xa;&#x9;at jdk.nashorn.internal.scripts.Script$Recompilation$44618$3841A$\^function\_.L:1#issueCommand(&lt;function&gt;:124)&#xa;&#x9;at jdk.nashorn.internal.scripts.Script$Recompilation$44618$3841A$\^function\_.L:1#issueCommand(&lt;function&gt;:124)&#xa;&#x9;at jdk.nashorn.internal.scripts.Script$Recompilation$44618$3841A$\^function\_.L:1#issueCommand(&lt;function&gt;:124)&#xa;&#x9;at jdk.nashorn.internal.scripts.Script$Recompilation$44618$3841A$\^function\_.L:1#issueCommand(&lt;function&gt;:124)&#xa;&#x9;at jdk.nashorn.internal.scripts.Script$Recompilation$44618$3841A$\^function\_.L:1#issueCommand(&lt;function&gt;:124)&#xa;&#x9;at jdk.nashorn.internal.scripts.Script$Recompilation$44618$3841A$\^function\_.L:1#issueCommand(&lt;function&gt;:124)&#xa;&#x9;at jdk.nashorn.internal.scripts.Script$Recompilation$44618$3841A$\^function\_.L:1#issueCommand(&lt;function&gt;:124)&#xa;&#x9;at jdk.nashorn.internal.scripts.Script$Recompilation$44618$3841A$\^function\_.L:1#issueCommand(&lt;function&gt;:124)&#xa;&#x9;at jdk.nashorn.internal.scripts.Script$Recompilation$44618$3841A$\^function\_.L:1#issueCommand(&lt;function&gt;:124)&#xa;&#x9;at jdk.nashorn.internal.scripts.Script$Recompilation$44618$3841A$\^function\_.L:1#issueCommand(&lt;function&gt;:124)&#xa;&#x9;at jdk.nashorn.internal.scripts.Script$Recompilation$44618$3841A$\^function\_.L:1#issueCommand(&lt;function&gt;:124)&#xa;&#x9;at jdk.nashorn.internal.scripts.Script$Recompilation$44618$3841A$\^function\_.L:1#issueCommand(&lt;function&gt;:124)&#xa;&#x9;at jdk.nashorn.internal.scripts.Script$Recompilation$44618$3841A$\^function\_.L:1#issueCommand(&lt;function&gt;:124)&#xa;&#x9;at jdk.nashorn.internal.scripts.Script$Recompilation$44618$3841A$\^function\_.L:1#issueCommand(&lt;function&gt;:124)&#xa;&#x9;at jdk.nashorn.internal.scripts.Script$Recompilation$44618$3841A$\^function\_.L:1#issueCommand(&lt;function&gt;:124)&#xa;&#x9;at jdk.nashorn.internal.scripts.Script$Recompilation$44618$3841A$\^function\_.L:1#issueCommand(&lt;function&gt;:124)&#xa;&#x9;at jdk.nashorn.internal.scripts.Script$Recompilation$44618$3841A$\^function\_.L:1#issueCommand(&lt;function&gt;:124)&#xa;&#x9;at jdk.nashorn.internal.scripts.Script$Recompilation$44618$3841A$\^function\_.L:1#issueCommand(&lt;function&gt;:124)&#xa;&#x9;at jdk.nashorn.internal.scripts.Script$Recompilation$44618$3841A$\^function\_.L:1#issueCommand(&lt;function&gt;:124)&#xa;&#x9;at jdk.nashorn.internal.scripts.Script$Recompilation$44618$3841A$\^function\_.L:1#issueCommand(&lt;function&gt;:124)&#xa;&#x9;at jdk.nashorn.internal.scripts.Script$Recompilation$44618$3841A$\^function\_.L:1#issueCommand(&lt;function&gt;:124)&#xa;&#x9;at jdk.nashorn.internal.scripts.Script$Recompilation$44618$3841A$\^function\_.L:1#issueCommand(&lt;function&gt;:124)&#xa;&#x9;at jdk.nashorn.internal.scripts.Script$Recompilation$44618$3841A$\^function\_.L:1#issueCommand(&lt;function&gt;:124)&#xa;&#x9;at jdk.nashorn.internal.scripts.Script$Recompilation$44618$3841A$\^function\_.L:1#issueCommand(&lt;function&gt;:124)&#xa;&#x9;at jdk.nashorn.internal.scripts.Script$Recompilation$44618$3841A$\^function\_.L:1#issueCommand(&lt;function&gt;:124)&#xa;&#x9;at jdk.nashorn.internal.scripts.Script$Recompilation$44618$3841A$\^function\_.L:1#issueCommand(&lt;function&gt;:124)&#xa;&#x9;at jdk.nashorn.internal.scripts.Script$Recompilation$44618$3841A$\^function\_.L:1#issueCommand(&lt;function&gt;:124)&#xa;&#x9;at jdk.nashorn.internal.scripts.Script$Recompilation$44618$3841A$\^function\_.L:1#issueCommand(&lt;function&gt;:124)&#xa;&#x9;at jdk.nashorn.internal.scripts.Script$Recompilation$44618$3841A$\^function\_.L:1#issueCommand(&lt;function&gt;:124)&#xa;&#x9;at jdk.nashorn.internal.scripts.Script$Recompilation$44618$3841A$\^function\_.L:1#issueCommand(&lt;function&gt;:124)&#xa;&#x9;at jdk.nashorn.internal.scripts.Script$Recompilation$44618$3841A$\^function\_.L:1#issueCommand(&lt;function&gt;:124)&#xa;&#x9;at jdk.nashorn.internal.scripts.Script$Recompilation$44618$3841A$\^function\_.L:1#issueCommand(&lt;function&gt;:124)&#xa;&#x9;at jdk.nashorn.internal.scripts.Script$Recompilation$44618$3841A$\^function\_.L:1#issueCommand(&lt;function&gt;:124)&#xa;&#x9;at jdk.nashorn.internal.scripts.Script$Recompilation$44618$3841A$\^function\_.L:1#issueCommand(&lt;function&gt;:124)&#xa;&#x9;at jdk.nashorn.internal.scripts.Script$Recompilation$44618$3841A$\^function\_.L:1#issueCommand(&lt;function&gt;:124)&#xa;&#x9;at jdk.nashorn.internal.scripts.Script$Recompilation$44618$3841A$\^function\_.L:1#issueCommand(&lt;function&gt;:124)&#xa;&#x9;at jdk.nashorn.internal.scripts.Script$Recompilation$44618$3841A$\^function\_.L:1#issueCommand(&lt;function&gt;:124)&#xa;&#x9;at jdk.nashorn.internal.scripts.Script$Recompilation$44618$3841A$\^function\_.L:1#issueCommand(&lt;function&gt;:124)&#xa;&#x9;at jdk.nashorn.internal.scripts.Script$Recompilation$44618$3841A$\^function\_.L:1#issueCommand(&lt;function&gt;:124)&#xa;&#x9;at jdk.nashorn.internal.scripts.Script$Recompilation$44618$3841A$\^function\_.L:1#issueCommand(&lt;function&gt;:124)&#xa;&#x9;at jdk.nashorn.internal.scripts.Script$Recompilation$44618$3841A$\^function\_.L:1#issueCommand(&lt;function&gt;:124)&#xa;&#x9;at jdk.nashorn.internal.scripts.Script$Recompilation$44618$3841A$\^function\_.L:1#issueCommand(&lt;function&gt;:124)&#xa;&#x9;at jdk.nashorn.internal.scripts.Script$Recompilation$44618$3841A$\^function\_.L:1#issueCommand(&lt;function&gt;:124)&#xa;&#x9;at jdk.nashorn.internal.scripts.Script$Recompilation$44618$3841A$\^function\_.L:1#issueCommand(&lt;function&gt;:124)&#xa;&#x9;at jdk.nashorn.internal.scripts.Script$Recompilation$44618$3841A$\^function\_.L:1#issueCommand(&lt;function&gt;:124)&#xa;&#x9;at jdk.nashorn.internal.scripts.Script$Recompilation$44618$3841A$\^function\_.L:1#issueCommand(&lt;function&gt;:124)&#xa;&#x9;at jdk.nashorn.internal.scripts.Script$Recompilation$44618$3841A$\^function\_.L:1#issueCommand(&lt;function&gt;:124)&#xa;&#x9;at jdk.nashorn.internal.scripts.Script$Recompilation$44618$3841A$\^function\_.L:1#issueCommand(&lt;function&gt;:124)&#xa;&#x9;at jdk.nashorn.internal.scripts.Script$Recompilation$44618$3841A$\^function\_.L:1#issueCommand(&lt;function&gt;:124)&#xa;&#x9;at jdk.nashorn.internal.scripts.Script$Recompilation$44618$3841A$\^function\_.L:1#issueCommand(&lt;function&gt;:124)&#xa;&#x9;at jdk.nashorn.internal.scripts.Script$Recompilation$44618$3841A$\^function\_.L:1#issueCommand(&lt;function&gt;:124)&#xa;&#x9;at jdk.nashorn.internal.scripts.Script$Recompilation$44618$3841A$\^function\_.L:1#issueCommand(&lt;function&gt;:124)&#xa;&#x9;at jdk.nashorn.internal.scripts.Script$Recompilation$44618$3841A$\^function\_.L:1#issueCommand(&lt;function&gt;:124)&#xa;&#x9;at jdk.nashorn.internal.scripts.Script$Recompilation$44618$3841A$\^function\_.L:1#issueCommand(&lt;function&gt;:124)&#xa;&#x9;at jdk.nashorn.internal.scripts.Script$Recompilation$44618$3841A$\^function\_.L:1#issueCommand(&lt;function&gt;:124)&#xa;&#x9;at jdk.nashorn.internal.scripts.Script$Recompilation$44618$3841A$\^function\_.L:1#issueCommand(&lt;function&gt;:124)&#xa;&#x9;at jdk.nashorn.internal.scripts.Script$Recompilation$44618$3841A$\^function\_.L:1#issueCommand(&lt;function&gt;:124)&#xa;&#x9;at jdk.nashorn.internal.scripts.Script$Recompilation$44618$3841A$\^function\_.L:1#issueCommand(&lt;function&gt;:124)&#xa;&#x9;at jdk.nashorn.internal.scripts.Script$Recompilation$44618$3841A$\^function\_.L:1#issueCommand(&lt;function&gt;:124)&#xa;&#x9;at jdk.nashorn.internal.scripts.Script$Recompilation$44618$3841A$\^function\_.L:1#issueCommand(&lt;function&gt;:124)&#xa;&#x9;at jdk.nashorn.internal.scripts.Script$Recompilation$44618$3841A$\^function\_.L:1#issueCommand(&lt;function&gt;:124)&#xa;&#x9;at jdk.nashorn.internal.scripts.Script$Recompilation$44618$3841A$\^function\_.L:1#issueCommand(&lt;function&gt;:124)&#xa;&#x9;at jdk.nashorn.internal.scripts.Script$Recompilation$44618$3841A$\^function\_.L:1#issueCommand(&lt;function&gt;:124)&#xa;&#x9;at jdk.nashorn.internal.scripts.Script$Recompilation$44618$3841A$\^function\_.L:1#issueCommand(&lt;function&gt;:124)&#xa;&#x9;at jdk.nashorn.internal.scripts.Script$Recompilation$44618$3841A$\^function\_.L:1#issueCommand(&lt;function&gt;:124)&#xa;&#x9;at jdk.nashorn.internal.scripts.Script$Recompilation$44618$3841A$\^function\_.L:1#issueCommand(&lt;function&gt;:124)&#xa;&#x9;at jdk.nashorn.internal.scripts.Script$Recompilation$44618$3841A$\^function\_.L:1#issueCommand(&lt;function&gt;:124)&#xa;&#x9;at jdk.nashorn.internal.scripts.Script$Recompilation$44618$3841A$\^function\_.L:1#issueCommand(&lt;function&gt;:124)&#xa;&#x9;at jdk.nashorn.internal.scripts.Script$Recompilation$44618$3841A$\^function\_.L:1#issueCommand(&lt;function&gt;:124)&#xa;&#x9;at jdk.nashorn.internal.scripts.Script$Recompilation$44618$3841A$\^function\_.L:1#issueCommand(&lt;function&gt;:124)&#xa;&#x9;at jdk.nashorn.internal.scripts.Script$Recompilation$44618$3841A$\^function\_.L:1#issueCommand(&lt;function&gt;:124)&#xa;&#x9;at jdk.nashorn.internal.scripts.Script$Recompilation$44618$3841A$\^function\_.L:1#issueCommand(&lt;function&gt;:124)&#xa;&#x9;at jdk.nashorn.internal.scripts.Script$Recompilation$44618$3841A$\^function\_.L:1#issueCommand(&lt;function&gt;:124)&#xa;&#x9;at jdk.nashorn.internal.scripts.Script$Recompilation$44618$3841A$\^function\_.L:1#issueCommand(&lt;function&gt;:124)&#xa;&#x9;at jdk.nashorn.internal.scripts.Script$Recompilation$44618$3841A$\^function\_.L:1#issueCommand(&lt;function&gt;:124)&#xa;&#x9;at jdk.nashorn.internal.scripts.Script$Recompilation$44618$3841A$\^function\_.L:1#issueCommand(&lt;function&gt;:124)&#xa;&#x9;at jdk.nashorn.internal.scripts.Script$Recompilation$44618$3841A$\^function\_.L:1#issueCommand(&lt;function&gt;:124)&#xa;&#x9;at jdk.nashorn.internal.scripts.Script$Recompilation$44618$3841A$\^function\_.L:1#issueCommand(&lt;function&gt;:124)&#xa;&#x9;at jdk.nashorn.internal.scripts.Script$Recompilation$44618$3841A$\^function\_.L:1#issueCommand(&lt;function&gt;:124)&#xa;&#x9;at jdk.nashorn.internal.scripts.Script$Recompilation$44618$3841A$\^function\_.L:1#issueCommand(&lt;function&gt;:124)&#xa;&#x9;at jdk.nashorn.internal.scripts.Script$Recompilation$44618$3841A$\^function\_.L:1#issueCommand(&lt;function&gt;:124)&#xa;&#x9;at jdk.nashorn.internal.scripts.Script$Recompilation$44618$3841A$\^function\_.L:1#issueCommand(&lt;function&gt;:124)&#xa;&#x9;at jdk.nashorn.internal.scripts.Script$Recompilation$44618$3841A$\^function\_.L:1#issueCommand(&lt;function&gt;:124)&#xa;&#x9;at jdk.nashorn.internal.scripts.Script$Recompilation$44618$3841A$\^function\_.L:1#issueCommand(&lt;function&gt;:124)&#xa;&#x9;at jdk.nashorn.internal.scripts.Script$Recompilation$44618$3841A$\^function\_.L:1#issueCommand(&lt;function&gt;:124)&#xa;&#x9;at jdk.nashorn.internal.scripts.Script$Recompilation$44618$3841A$\^function\_.L:1#issueCommand(&lt;function&gt;:124)&#xa;&#x9;at jdk.nashorn.internal.scripts.Script$Recompilation$44618$3841A$\^function\_.L:1#issueCommand(&lt;function&gt;:124)&#xa;&#x9;at jdk.nashorn.internal.scripts.Script$Recompilation$44618$3841A$\^function\_.L:1#issueCommand(&lt;function&gt;:124)&#xa;&#x9;at jdk.nashorn.internal.scripts.Script$Recompilation$44618$3841A$\^function\_.L:1#issueCommand(&lt;function&gt;:124)&#xa;&#x9;at jdk.nashorn.internal.scripts.Script$Recompilation$44618$3841A$\^function\_.L:1#issueCommand(&lt;function&gt;:124)&#xa;&#x9;at jdk.nashorn.internal.scripts.Script$Recompilation$44618$3841A$\^function\_.L:1#issueCommand(&lt;function&gt;:124)&#xa;&#x9;at jdk.nashorn.internal.scripts.Script$Recompilation$44618$3841A$\^function\_.L:1#issueCommand(&lt;function&gt;:124)&#xa;&#x9;at jdk.nashorn.internal.scripts.Script$Recompilation$44618$3841A$\^function\_.L:1#issueCommand(&lt;function&gt;:124)&#xa;&#x9;at jdk.nashorn.internal.scripts.Script$Recompilation$44618$3841A$\^function\_.L:1#issueCommand(&lt;function&gt;:124)&#xa;&#x9;at jdk.nashorn.internal.scripts.Script$Recompilation$44618$3841A$\^function\_.L:1#issueCommand(&lt;function&gt;:124)&#xa;&#x9;at jdk.nashorn.internal.scripts.Script$Recompilation$44618$3841A$\^function\_.L:1#issueCommand(&lt;function&gt;:124)&#xa;&#x9;at jdk.nashorn.internal.scripts.Script$Recompilation$44618$3841A$\^function\_.L:1#issueCommand(&lt;function&gt;:124)&#xa;&#x9;at jdk.nashorn.internal.scripts.Script$Recompilation$44618$3841A$\^function\_.L:1#issueCommand(&lt;function&gt;:124)&#xa;&#x9;at jdk.nashorn.internal.scripts.Script$Recompilation$44618$3841A$\^function\_.L:1#issueCommand(&lt;function&gt;:124)&#xa;&#x9;at jdk.nashorn.internal.scripts.Script$Recompilation$44618$3841A$\^function\_.L:1#issueCommand(&lt;function&gt;:124)&#xa;&#x9;at jdk.nashorn.internal.scripts.Script$Recompilation$44618$3841A$\^function\_.L:1#issueCommand(&lt;function&gt;:124)&#xa;&#x9;at jdk.nashorn.internal.scripts.Script$Recompilation$44618$3841A$\^function\_.L:1#issueCommand(&lt;function&gt;:124)&#xa;&#x9;at jdk.nashorn.internal.scripts.Script$Recompilation$44618$3841A$\^function\_.L:1#issueCommand(&lt;function&gt;:124)&#xa;&#x9;at jdk.nashorn.internal.scripts.Script$Recompilation$44618$3841A$\^function\_.L:1#issueCommand(&lt;function&gt;:124)&#xa;&#x9;at jdk.nashorn.internal.scripts.Script$Recompilation$44618$3841A$\^function\_.L:1#issueCommand(&lt;function&gt;:124)&#xa;&#x9;at jdk.nashorn.internal.scripts.Script$Recompilation$44618$3841A$\^function\_.L:1#issueCommand(&lt;function&gt;:124)&#xa;&#x9;at jdk.nashorn.internal.scripts.Script$Recompilation$44618$3841A$\^function\_.L:1#issueCommand(&lt;function&gt;:124)&#xa;&#x9;at jdk.nashorn.internal.scripts.Script$Recompilation$44618$3841A$\^function\_.L:1#issueCommand(&lt;function&gt;:124)&#xa;&#x9;at jdk.nashorn.internal.scripts.Script$Recompilation$44618$3841A$\^function\_.L:1#issueCommand(&lt;function&gt;:124)&#xa;&#x9;at jdk.nashorn.internal.scripts.Script$Recompilation$44618$3841A$\^function\_.L:1#issueCommand(&lt;function&gt;:124)&#xa;&#x9;at jdk.nashorn.internal.scripts.Script$Recompilation$44618$3841A$\^function\_.L:1#issueCommand(&lt;function&gt;:124)&#xa;&#x9;at jdk.nashorn.internal.scripts.Script$Recompilation$44618$3841A$\^function\_.L:1#issueCommand(&lt;function&gt;:124)&#xa;&#x9;at jdk.nashorn.internal.scripts.Script$Recompilation$44618$3841A$\^function\_.L:1#issueCommand(&lt;function&gt;:124)&#xa;&#x9;at jdk.nashorn.internal.scripts.Script$Recompilation$44618$3841A$\^function\_.L:1#issueCommand(&lt;function&gt;:124)&#xa;&#x9;at jdk.nashorn.internal.scripts.Script$Recompilation$44618$3841A$\^function\_.L:1#issueCommand(&lt;function&gt;:124)&#xa;&#x9;at jdk.nashorn.internal.scripts.Script$Recompilation$44618$3841A$\^function\_.L:1#issueCommand(&lt;function&gt;:124)&#xa;&#x9;at jdk.nashorn.internal.scripts.Script$Recompilation$44618$3841A$\^function\_.L:1#issueCommand(&lt;function&gt;:124)&#xa;&#x9;at jdk.nashorn.internal.scripts.Script$Recompilation$44618$3841A$\^function\_.L:1#issueCommand(&lt;function&gt;:124)&#xa;&#x9;at jdk.nashorn.internal.scripts.Script$Recompilation$44618$3841A$\^function\_.L:1#issueCommand(&lt;function&gt;:124)&#xa;&#x9;at jdk.nashorn.internal.scripts.Script$Recompilation$44618$3841A$\^function\_.L:1#issueCommand(&lt;function&gt;:124)&#xa;&#x9;at jdk.nashorn.internal.scripts.Script$Recompilation$44618$3841A$\^function\_.L:1#issueCommand(&lt;function&gt;:124)&#xa;&#x9;at jdk.nashorn.internal.scripts.Script$Recompilation$44618$3841A$\^function\_.L:1#issueCommand(&lt;function&gt;:124)&#xa;&#x9;at jdk.nashorn.internal.scripts.Script$Recompilation$44618$3841A$\^function\_.L:1#issueCommand(&lt;function&gt;:124)&#xa;&#x9;at jdk.nashorn.internal.scripts.Script$Recompilation$44618$3841A$\^function\_.L:1#issueCommand(&lt;function&gt;:124)&#xa;&#x9;at jdk.nashorn.internal.scripts.Script$Recompilation$44618$3841A$\^function\_.L:1#issueCommand(&lt;function&gt;:124)&#xa;&#x9;at jdk.nashorn.internal.scripts.Script$Recompilation$44618$3841A$\^function\_.L:1#issueCommand(&lt;function&gt;:124)&#xa;&#x9;at jdk.nashorn.internal.scripts.Script$Recompilation$44618$3841A$\^function\_.L:1#issueCommand(&lt;function&gt;:124)&#xa;&#x9;at jdk.nashorn.internal.scripts.Script$Recompilation$44618$3841A$\^function\_.L:1#issueCommand(&lt;function&gt;:124)&#xa;&#x9;at jdk.nashorn.internal.scripts.Script$Recompilation$44618$3841A$\^function\_.L:1#issueCommand(&lt;function&gt;:124)&#xa;&#x9;at jdk.nashorn.internal.scripts.Script$Recompilation$44618$3841A$\^function\_.L:1#issueCommand(&lt;function&gt;:124)&#xa;&#x9;at jdk.nashorn.internal.scripts.Script$Recompilation$44618$3841A$\^function\_.L:1#issueCommand(&lt;function&gt;:124)&#xa;&#x9;at jdk.nashorn.internal.scripts.Script$Recompilation$44618$3841A$\^function\_.L:1#issueCommand(&lt;function&gt;:124)&#xa;&#x9;at jdk.nashorn.internal.scripts.Script$Recompilation$44618$3841A$\^function\_.L:1#issueCommand(&lt;function&gt;:124)&#xa;&#x9;at jdk.nashorn.internal.scripts.Script$Recompilation$44618$3841A$\^function\_.L:1#issueCommand(&lt;function&gt;:124)&#xa;&#x9;at jdk.nashorn.internal.scripts.Script$Recompilation$44618$3841A$\^function\_.L:1#issueCommand(&lt;function&gt;:124)&#xa;&#x9;at jdk.nashorn.internal.scripts.Script$Recompilation$44618$3841A$\^function\_.L:1#issueCommand(&lt;function&gt;:124)&#xa;&#x9;at jdk.nashorn.internal.scripts.Script$Recompilation$44618$3841A$\^function\_.L:1#issueCommand(&lt;function&gt;:124)&#xa;&#x9;at jdk.nashorn.internal.scripts.Script$Recompilation$44618$3841A$\^function\_.L:1#issueCommand(&lt;function&gt;:124)&#xa;&#x9;at jdk.nashorn.internal.scripts.Script$Recompilation$44618$3841A$\^function\_.L:1#issueCommand(&lt;function&gt;:124)&#xa;&#x9;at jdk.nashorn.internal.scripts.Script$Recompilation$44618$3841A$\^function\_.L:1#issueCommand(&lt;function&gt;:124)&#xa;&#x9;at jdk.nashorn.internal.scripts.Script$Recompilation$44618$3841A$\^function\_.L:1#issueCommand(&lt;function&gt;:124)&#xa;&#x9;at jdk.nashorn.internal.scripts.Script$Recompilation$44618$3841A$\^function\_.L:1#issueCommand(&lt;function&gt;:124)&#xa;&#x9;at jdk.nashorn.internal.scripts.Script$Recompilation$44618$3841A$\^function\_.L:1#issueCommand(&lt;function&gt;:124)&#xa;&#x9;at jdk.nashorn.internal.scripts.Script$Recompilation$44618$3841A$\^function\_.L:1#issueCommand(&lt;function&gt;:124)&#xa;&#x9;at jdk.nashorn.internal.scripts.Script$Recompilation$44618$3841A$\^function\_.L:1#issueCommand(&lt;function&gt;:124)&#xa;&#x9;at jdk.nashorn.internal.scripts.Script$Recompilation$44618$3841A$\^function\_.L:1#issueCommand(&lt;function&gt;:124)&#xa;&#x9;at jdk.nashorn.internal.scripts.Script$Recompilation$44618$3841A$\^function\_.L:1#issueCommand(&lt;function&gt;:124)&#xa;&#x9;at jdk.nashorn.internal.scripts.Script$Recompilation$44618$3841A$\^function\_.L:1#issueCommand(&lt;function&gt;:124)&#xa;&#x9;at jdk.nashorn.internal.scripts.Script$Recompilation$44618$3841A$\^function\_.L:1#issueCommand(&lt;function&gt;:124)&#xa;&#x9;at jdk.nashorn.internal.scripts.Script$Recompilation$44618$3841A$\^function\_.L:1#issueCommand(&lt;function&gt;:124)&#xa;&#x9;at jdk.nashorn.internal.scripts.Script$Recompilation$44618$3841A$\^function\_.L:1#issueCommand(&lt;function&gt;:124)&#xa;&#x9;at jdk.nashorn.internal.scripts.Script$Recompilation$44618$3841A$\^function\_.L:1#issueCommand(&lt;function&gt;:124)&#xa;&#x9;at jdk.nashorn.internal.scripts.Script$Recompilation$44618$3841A$\^function\_.L:1#issueCommand(&lt;function&gt;:124)&#xa;&#x9;at jdk.nashorn.internal.scripts.Script$Recompilation$44618$3841A$\^function\_.L:1#issueCommand(&lt;function&gt;:124)&#xa;&#x9;at jdk.nashorn.internal.scripts.Script$Recompilation$44618$3841A$\^function\_.L:1#issueCommand(&lt;function&gt;:124)&#xa;&#x9;at jdk.nashorn.internal.scripts.Script$Recompilation$44618$3841A$\^function\_.L:1#issueCommand(&lt;function&gt;:124)&#xa;&#x9;at jdk.nashorn.internal.scripts.Script$Recompilation$44618$3841A$\^function\_.L:1#issueCommand(&lt;function&gt;:124)&#xa;&#x9;at jdk.nashorn.internal.scripts.Script$Recompilation$44618$3841A$\^function\_.L:1#issueCommand(&lt;function&gt;:124)&#xa;&#x9;at jdk.nashorn.internal.scripts.Script$Recompilation$44618$3841A$\^function\_.L:1#issueCommand(&lt;function&gt;:124)&#xa;&#x9;at jdk.nashorn.internal.scripts.Script$Recompilation$44618$3841A$\^function\_.L:1#issueCommand(&lt;function&gt;:124)&#xa;&#x9;at jdk.nashorn.internal.scripts.Script$Recompilation$44618$3841A$\^function\_.L:1#issueCommand(&lt;function&gt;:124)&#xa;&#x9;at jdk.nashorn.internal.scripts.Script$Recompilation$44618$3841A$\^function\_.L:1#issueCommand(&lt;function&gt;:124)&#xa;&#x9;at jdk.nashorn.internal.scripts.Script$Recompilation$44618$3841A$\^function\_.L:1#issueCommand(&lt;function&gt;:124)&#xa;&#x9;at jdk.nashorn.internal.scripts.Script$Recompilation$44618$3841A$\^function\_.L:1#issueCommand(&lt;function&gt;:124)&#xa;&#x9;at jdk.nashorn.internal.scripts.Script$Recompilation$44618$3841A$\^function\_.L:1#issueCommand(&lt;function&gt;:124)&#xa;&#x9;at jdk.nashorn.internal.scripts.Script$Recompilation$44618$3841A$\^function\_.L:1#issueCommand(&lt;function&gt;:124)&#xa;&#x9;at jdk.nashorn.internal.scripts.Script$Recompilation$44618$3841A$\^function\_.L:1#issueCommand(&lt;function&gt;:124)&#xa;&#x9;at jdk.nashorn.internal.scripts.Script$Recompilation$44618$3841A$\^function\_.L:1#issueCommand(&lt;function&gt;:124)&#xa;&#x9;at jdk.nashorn.internal.scripts.Script$Recompilation$44618$3841A$\^function\_.L:1#issueCommand(&lt;function&gt;:124)&#xa;&#x9;at jdk.nashorn.internal.scripts.Script$Recompilation$44618$3841A$\^function\_.L:1#issueCommand(&lt;function&gt;:124)&#xa;&#x9;at jdk.nashorn.internal.scripts.Script$Recompilation$44618$3841A$\^function\_.L:1#issueCommand(&lt;function&gt;:124)&#xa;&#x9;at jdk.nashorn.internal.scripts.Script$Recompilation$44618$3841A$\^function\_.L:1#issueCommand(&lt;function&gt;:124)&#xa;&#x9;at jdk.nashorn.internal.scripts.Script$Recompilation$44618$3841A$\^function\_.L:1#issueCommand(&lt;function&gt;:124)&#xa;&#x9;at jdk.nashorn.internal.scripts.Script$Recompilation$44618$3841A$\^function\_.L:1#issueCommand(&lt;function&gt;:124)&#xa;&#x9;at jdk.nashorn.internal.scripts.Script$Recompilation$44618$3841A$\^function\_.L:1#issueCommand(&lt;function&gt;:124)&#xa;&#x9;at jdk.nashorn.internal.scripts.Script$Recompilation$44618$3841A$\^function\_.L:1#issueCommand(&lt;function&gt;:124)&#xa;&#x9;at jdk.nashorn.internal.scripts.Script$Recompilation$44618$3841A$\^function\_.L:1#issueCommand(&lt;function&gt;:124)&#xa;&#x9;at jdk.nashorn.internal.scripts.Script$Recompilation$44618$3841A$\^function\_.L:1#issueCommand(&lt;function&gt;:124)&#xa;&#x9;at jdk.nashorn.internal.scripts.Script$Recompilation$44618$3841A$\^function\_.L:1#issueCommand(&lt;function&gt;:124)&#xa;&#x9;at jdk.nashorn.internal.scripts.Script$Recompilation$44618$3841A$\^function\_.L:1#issueCommand(&lt;function&gt;:124)&#xa;&#x9;at jdk.nashorn.internal.scripts.Script$Recompilation$44618$3841A$\^function\_.L:1#issueCommand(&lt;function&gt;:124)&#xa;&#x9;at jdk.nashorn.internal.scripts.Script$Recompilation$44618$3841A$\^function\_.L:1#issueCommand(&lt;function&gt;:124)&#xa;&#x9;at jdk.nashorn.internal.scripts.Script$Recompilation$44618$3841A$\^function\_.L:1#issueCommand(&lt;function&gt;:124)&#xa;&#x9;at jdk.nashorn.internal.scripts.Script$Recompilation$44618$3841A$\^function\_.L:1#issueCommand(&lt;function&gt;:124)&#xa;&#x9;at jdk.nashorn.internal.scripts.Script$Recompilation$44618$3841A$\^function\_.L:1#issueCommand(&lt;function&gt;:124)&#xa;&#x9;at jdk.nashorn.internal.scripts.Script$Recompilation$44618$3841A$\^function\_.L:1#issueCommand(&lt;function&gt;:124)&#xa;&#x9;at jdk.nashorn.internal.scripts.Script$Recompilation$44618$3841A$\^function\_.L:1#issueCommand(&lt;function&gt;:124)&#xa;&#x9;at jdk.nashorn.internal.scripts.Script$Recompilation$44618$3841A$\^function\_.L:1#issueCommand(&lt;function&gt;:124)&#xa;&#x9;at jdk.nashorn.internal.scripts.Script$Recompilation$44618$3841A$\^function\_.L:1#issueCommand(&lt;function&gt;:124)&#xa;&#x9;at jdk.nashorn.internal.scripts.Script$Recompilation$44618$3841A$\^function\_.L:1#issueCommand(&lt;function&gt;:124)&#xa;&#x9;at jdk.nashorn.internal.scripts.Script$Recompilation$44618$3841A$\^function\_.L:1#issueCommand(&lt;function&gt;:124)&#xa;&#x9;at jdk.nashorn.internal.scripts.Script$Recompilation$44618$3841A$\^function\_.L:1#issueCommand(&lt;function&gt;:124)&#xa;&#x9;at jdk.nashorn.internal.scripts.Script$Recompilation$44618$3841A$\^function\_.L:1#issueCommand(&lt;function&gt;:124)&#xa;&#x9;at jdk.nashorn.internal.scripts.Script$Recompilation$44618$3841A$\^function\_.L:1#issueCommand(&lt;function&gt;:124)&#xa;&#x9;at jdk.nashorn.internal.scripts.Script$Recompilation$44618$3841A$\^function\_.L:1#issueCommand(&lt;function&gt;:124)&#xa; in /home/travis/build/icyphy/ptII/ptolemy/actor/lib/jjs/external/require.js#409:30&lt;eval&gt; at line number 1736 at column number 24&#xa;&#x9;at ptolemy.vergil.basic.export.ExportModel$2.run(ExportModel.java:397)&#xa;&#x9;at java.awt.event.InvocationEvent.dispatch(InvocationEvent.java:301)&#xa;&#x9;at java.awt.EventQueue.dispatchEventImpl(EventQueue.java:756)&#xa;&#x9;at java.awt.EventQueue.access$500(EventQueue.java:97)&#xa;&#x9;at java.awt.EventQueue$3.run(EventQueue.java:709)&#xa;&#x9;at java.awt.EventQueue$3.run(EventQueue.java:703)&#xa;&#x9;at java.security.AccessController.doPrivileged(Native Method)&#xa;&#x9;at java.security.ProtectionDomain$JavaSecurityAccessImpl.doIntersectionPrivilege(ProtectionDomain.java:80)&#xa;&#x9;at java.awt.EventQueue.dispatchEvent(EventQueue.java:726)&#xa;&#x9;at java.awt.EventDispatchThread.pumpOneEventForFilters(EventDispatchThread.java:201)&#xa;&#x9;at java.awt.EventDispatchThread.pumpEventsForFilter(EventDispatchThread.java:116)&#xa;&#x9;at java.awt.EventDispatchThread.pumpEventsForHierarchy(EventDispatchThread.java:105)&#xa;&#x9;at java.awt.EventDispatchThread.pumpEvents(EventDispatchThread.java:101)&#xa;&#x9;at java.awt.EventDispatchThread.pumpEvents(EventDispatchThread.java:93)&#xa;&#x9;at java.awt.EventDispatchThread.run(EventDispatchThread.java:82)&#xa;Caused by: ptolemy.kernel.util.IllegalActionException: Failure executing the react function: Error: commonHost.js, react(), invoking a specific handler for &quot;trigger&quot;: Exception occurred in input handler for accessor SemanticYelpSearch, which has now has been removed.  Exception was: java.lang.StackOverflowError Stacktrace was: &#xa;java.lang.StackOverflowError&#xa;&#x9;at jdk.nashorn.internal.runtime.AccessorProperty.getObjectValue(AccessorProperty.java:417)&#xa;&#x9;at jdk.nashorn.internal.runtime.FindProperty.getObjectValue(FindProperty.java:229)&#xa;&#x9;at jdk.nashorn.internal.runtime.ScriptObject.get(ScriptObject.java:2860)&#xa;&#x9;at jdk.nashorn.internal.runtime.ScriptObject.get(ScriptObject.java:2877)&#xa;&#x9;at jdk.nashorn.internal.scripts.Script$Recompilation$44872$56054A$require.L:1#get(/home/travis/build/icyphy/ptII/ptolemy/actor/lib/jjs/external/require.js#409:30&lt;eval&gt;:1245)&#xa;&#x9;at jdk.nashorn.internal.scripts.Script$Recompilation$44618$3841A$\^function\_.L:1#issueCommand(&lt;function&gt;:116)&#xa;&#x9;at jdk.nashorn.internal.scripts.Script$Recompilation$44618$3841A$\^function\_.L:1#issueCommand(&lt;function&gt;:124)&#xa;&#x9;at jdk.nashorn.internal.scripts.Script$Recompilation$44618$3841A$\^function\_.L:1#issueCommand(&lt;function&gt;:124)&#xa;&#x9;at jdk.nashorn.internal.scripts.Script$Recompilation$44618$3841A$\^function\_.L:1#issueCommand(&lt;function&gt;:124)&#xa;&#x9;at jdk.nashorn.internal.scripts.Script$Recompilation$44618$3841A$\^function\_.L:1#issueCommand(&lt;function&gt;:124)&#xa;&#x9;at jdk.nashorn.internal.scripts.Script$Recompilation$44618$3841A$\^function\_.L:1#issueCommand(&lt;function&gt;:124)&#xa;&#x9;at jdk.nashorn.internal.scripts.Script$Recompilation$44618$3841A$\^function\_.L:1#issueCommand(&lt;function&gt;:124)&#xa;&#x9;at jdk.nashorn.internal.scripts.Script$Recompilation$44618$3841A$\^function\_.L:1#issueCommand(&lt;function&gt;:124)&#xa;&#x9;at jdk.nashorn.internal.scripts.Script$Recompilation$44618$3841A$\^function\_.L:1#issueCommand(&lt;function&gt;:124)&#xa;&#x9;at jdk.nashorn.internal.scripts.Script$Recompilation$44618$3841A$\^function\_.L:1#issueCommand(&lt;function&gt;:124)&#xa;&#x9;at jdk.nashorn.internal.scripts.Script$Recompilation$44618$3841A$\^function\_.L:1#issueCommand(&lt;function&gt;:124)&#xa;&#x9;at jdk.nashorn.internal.scripts.Script$Recompilation$44618$3841A$\^function\_.L:1#issueCommand(&lt;function&gt;:124)&#xa;&#x9;at jdk.nashorn.internal.scripts.Script$Recompilation$44618$3841A$\^function\_.L:1#issueCommand(&lt;function&gt;:124)&#xa;&#x9;at jdk.nashorn.internal.scripts.Script$Recompilation$44618$3841A$\^function\_.L:1#issueCommand(&lt;function&gt;:124)&#xa;&#x9;at jdk.nashorn.internal.scripts.Script$Recompilation$44618$3841A$\^function\_.L:1#issueCommand(&lt;function&gt;:124)&#xa;&#x9;at jdk.nashorn.internal.scripts.Script$Recompilation$44618$3841A$\^function\_.L:1#issueCommand(&lt;function&gt;:124)&#xa;&#x9;at jdk.nashorn.internal.scripts.Script$Recompilation$44618$3841A$\^function\_.L:1#issueCommand(&lt;function&gt;:124)&#xa;&#x9;at jdk.nashorn.internal.scripts.Script$Recompilation$44618$3841A$\^function\_.L:1#issueCommand(&lt;function&gt;:124)&#xa;&#x9;at jdk.nashorn.internal.scripts.Script$Recompilation$44618$3841A$\^function\_.L:1#issueCommand(&lt;function&gt;:124)&#xa;&#x9;at jdk.nashorn.internal.scripts.Script$Recompilation$44618$3841A$\^function\_.L:1#issueCommand(&lt;function&gt;:124)&#xa;&#x9;at jdk.nashorn.internal.scripts.Script$Recompilation$44618$3841A$\^function\_.L:1#issueCommand(&lt;function&gt;:124)&#xa;&#x9;at jdk.nashorn.internal.scripts.Script$Recompilation$44618$3841A$\^function\_.L:1#issueCommand(&lt;function&gt;:124)&#xa;&#x9;at jdk.nashorn.internal.scripts.Script$Recompilation$44618$3841A$\^function\_.L:1#issueCommand(&lt;function&gt;:124)&#xa;&#x9;at jdk.nashorn.internal.scripts.Script$Recompilation$44618$3841A$\^function\_.L:1#issueCommand(&lt;function&gt;:124)&#xa;&#x9;at jdk.nashorn.internal.scripts.Script$Recompilation$44618$3841A$\^function\_.L:1#issueCommand(&lt;function&gt;:124)&#xa;&#x9;at jdk.nashorn.internal.scripts.Script$Recompilation$44618$3841A$\^function\_.L:1#issueCommand(&lt;function&gt;:124)&#xa;&#x9;at jdk.nashorn.internal.scripts.Script$Recompilation$44618$3841A$\^function\_.L:1#issueCommand(&lt;function&gt;:124)&#xa;&#x9;at jdk.nashorn.internal.scripts.Script$Recompilation$44618$3841A$\^function\_.L:1#issueCommand(&lt;function&gt;:124)&#xa;&#x9;at jdk.nashorn.internal.scripts.Script$Recompilation$44618$3841A$\^function\_.L:1#issueCommand(&lt;function&gt;:124)&#xa;&#x9;at jdk.nashorn.internal.scripts.Script$Recompilation$44618$3841A$\^function\_.L:1#issueCommand(&lt;function&gt;:124)&#xa;&#x9;at jdk.nashorn.internal.scripts.Script$Recompilation$44618$3841A$\^function\_.L:1#issueCommand(&lt;function&gt;:124)&#xa;&#x9;at jdk.nashorn.internal.scripts.Script$Recompilation$44618$3841A$\^function\_.L:1#issueCommand(&lt;function&gt;:124)&#xa;&#x9;at jdk.nashorn.internal.scripts.Script$Recompilation$44618$3841A$\^function\_.L:1#issueCommand(&lt;function&gt;:124)&#xa;&#x9;at jdk.nashorn.internal.scripts.Script$Recompilation$44618$3841A$\^function\_.L:1#issueCommand(&lt;function&gt;:124)&#xa;&#x9;at jdk.nashorn.internal.scripts.Script$Recompilation$44618$3841A$\^function\_.L:1#issueCommand(&lt;function&gt;:124)&#xa;&#x9;at jdk.nashorn.internal.scripts.Script$Recompilation$44618$3841A$\^function\_.L:1#issueCommand(&lt;function&gt;:124)&#xa;&#x9;at jdk.nashorn.internal.scripts.Script$Recompilation$44618$3841A$\^function\_.L:1#issueCommand(&lt;function&gt;:124)&#xa;&#x9;at jdk.nashorn.internal.scripts.Script$Recompilation$44618$3841A$\^function\_.L:1#issueCommand(&lt;function&gt;:124)&#xa;&#x9;at jdk.nashorn.internal.scripts.Script$Recompilation$44618$3841A$\^function\_.L:1#issueCommand(&lt;function&gt;:124)&#xa;&#x9;at jdk.nashorn.internal.scripts.Script$Recompilation$44618$3841A$\^function\_.L:1#issueCommand(&lt;function&gt;:124)&#xa;&#x9;at jdk.nashorn.internal.scripts.Script$Recompilation$44618$3841A$\^function\_.L:1#issueCommand(&lt;function&gt;:124)&#xa;&#x9;at jdk.nashorn.internal.scripts.Script$Recompilation$44618$3841A$\^function\_.L:1#issueCommand(&lt;function&gt;:124)&#xa;&#x9;at jdk.nashorn.internal.scripts.Script$Recompilation$44618$3841A$\^function\_.L:1#issueCommand(&lt;function&gt;:124)&#xa;&#x9;at jdk.nashorn.internal.scripts.Script$Recompilation$44618$3841A$\^function\_.L:1#issueCommand(&lt;function&gt;:124)&#xa;&#x9;at jdk.nashorn.internal.scripts.Script$Recompilation$44618$3841A$\^function\_.L:1#issueCommand(&lt;function&gt;:124)&#xa;&#x9;at jdk.nashorn.internal.scripts.Script$Recompilation$44618$3841A$\^function\_.L:1#issueCommand(&lt;function&gt;:124)&#xa;&#x9;at jdk.nashorn.internal.scripts.Script$Recompilation$44618$3841A$\^function\_.L:1#issueCommand(&lt;function&gt;:124)&#xa;&#x9;at jdk.nashorn.internal.scripts.Script$Recompilation$44618$3841A$\^function\_.L:1#issueCommand(&lt;function&gt;:124)&#xa;&#x9;at jdk.nashorn.internal.scripts.Script$Recompilation$44618$3841A$\^function\_.L:1#issueCommand(&lt;function&gt;:124)&#xa;&#x9;at jdk.nashorn.internal.scripts.Script$Recompilation$44618$3841A$\^function\_.L:1#issueCommand(&lt;function&gt;:124)&#xa;&#x9;at jdk.nashorn.internal.scripts.Script$Recompilation$44618$3841A$\^function\_.L:1#issueCommand(&lt;function&gt;:124)&#xa;&#x9;at jdk.nashorn.internal.scripts.Script$Recompilation$44618$3841A$\^function\_.L:1#issueCommand(&lt;function&gt;:124)&#xa;&#x9;at jdk.nashorn.internal.scripts.Script$Recompilation$44618$3841A$\^function\_.L:1#issueCommand(&lt;function&gt;:124)&#xa;&#x9;at jdk.nashorn.internal.scripts.Script$Recompilation$44618$3841A$\^function\_.L:1#issueCommand(&lt;function&gt;:124)&#xa;&#x9;at jdk.nashorn.internal.scripts.Script$Recompilation$44618$3841A$\^function\_.L:1#issueCommand(&lt;function&gt;:124)&#xa;&#x9;at jdk.nashorn.internal.scripts.Script$Recompilation$44618$3841A$\^function\_.L:1#issueCommand(&lt;function&gt;:124)&#xa;&#x9;at jdk.nashorn.internal.scripts.Script$Recompilation$44618$3841A$\^function\_.L:1#issueCommand(&lt;function&gt;:124)&#xa;&#x9;at jdk.nashorn.internal.scripts.Script$Recompilation$44618$3841A$\^function\_.L:1#issueCommand(&lt;function&gt;:124)&#xa;&#x9;at jdk.nashorn.internal.scripts.Script$Recompilation$44618$3841A$\^function\_.L:1#issueCommand(&lt;function&gt;:124)&#xa;&#x9;at jdk.nashorn.internal.scripts.Script$Recompilation$44618$3841A$\^function\_.L:1#issueCommand(&lt;function&gt;:124)&#xa;&#x9;at jdk.nashorn.internal.scripts.Script$Recompilation$44618$3841A$\^function\_.L:1#issueCommand(&lt;function&gt;:124)&#xa;&#x9;at jdk.nashorn.internal.scripts.Script$Recompilation$44618$3841A$\^function\_.L:1#issueCommand(&lt;function&gt;:124)&#xa;&#x9;at jdk.nashorn.internal.scripts.Script$Recompilation$44618$3841A$\^function\_.L:1#issueCommand(&lt;function&gt;:124)&#xa;&#x9;at jdk.nashorn.internal.scripts.Script$Recompilation$44618$3841A$\^function\_.L:1#issueCommand(&lt;function&gt;:124)&#xa;&#x9;at jdk.nashorn.internal.scripts.Script$Recompilation$44618$3841A$\^function\_.L:1#issueCommand(&lt;function&gt;:124)&#xa;&#x9;at jdk.nashorn.internal.scripts.Script$Recompilation$44618$3841A$\^function\_.L:1#issueCommand(&lt;function&gt;:124)&#xa;&#x9;at jdk.nashorn.internal.scripts.Script$Recompilation$44618$3841A$\^function\_.L:1#issueCommand(&lt;function&gt;:124)&#xa;&#x9;at jdk.nashorn.internal.scripts.Script$Recompilation$44618$3841A$\^function\_.L:1#issueCommand(&lt;function&gt;:124)&#xa;&#x9;at jdk.nashorn.internal.scripts.Script$Recompilation$44618$3841A$\^function\_.L:1#issueCommand(&lt;function&gt;:124)&#xa;&#x9;at jdk.nashorn.internal.scripts.Script$Recompilation$44618$3841A$\^function\_.L:1#issueCommand(&lt;function&gt;:124)&#xa;&#x9;at jdk.nashorn.internal.scripts.Script$Recompilation$44618$3841A$\^function\_.L:1#issueCommand(&lt;function&gt;:124)&#xa;&#x9;at jdk.nashorn.internal.scripts.Script$Recompilation$44618$3841A$\^function\_.L:1#issueCommand(&lt;function&gt;:124)&#xa;&#x9;at jdk.nashorn.internal.scripts.Script$Recompilation$44618$3841A$\^function\_.L:1#issueCommand(&lt;function&gt;:124)&#xa;&#x9;at jdk.nashorn.internal.scripts.Script$Recompilation$44618$3841A$\^function\_.L:1#issueCommand(&lt;function&gt;:124)&#xa;&#x9;at jdk.nashorn.internal.scripts.Script$Recompilation$44618$3841A$\^function\_.L:1#issueCommand(&lt;function&gt;:124)&#xa;&#x9;at jdk.nashorn.internal.scripts.Script$Recompilation$44618$3841A$\^function\_.L:1#issueCommand(&lt;function&gt;:124)&#xa;&#x9;at jdk.nashorn.internal.scripts.Script$Recompilation$44618$3841A$\^function\_.L:1#issueCommand(&lt;function&gt;:124)&#xa;&#x9;at jdk.nashorn.internal.scripts.Script$Recompilation$44618$3841A$\^function\_.L:1#issueCommand(&lt;function&gt;:124)&#xa;&#x9;at jdk.nashorn.internal.scripts.Script$Recompilation$44618$3841A$\^function\_.L:1#issueCommand(&lt;function&gt;:124)&#xa;&#x9;at jdk.nashorn.internal.scripts.Script$Recompilation$44618$3841A$\^function\_.L:1#issueCommand(&lt;function&gt;:124)&#xa;&#x9;at jdk.nashorn.internal.scripts.Script$Recompilation$44618$3841A$\^function\_.L:1#issueCommand(&lt;function&gt;:124)&#xa;&#x9;at jdk.nashorn.internal.scripts.Script$Recompilation$44618$3841A$\^function\_.L:1#issueCommand(&lt;function&gt;:124)&#xa;&#x9;at jdk.nashorn.internal.scripts.Script$Recompilation$44618$3841A$\^function\_.L:1#issueCommand(&lt;function&gt;:124)&#xa;&#x9;at jdk.nashorn.internal.scripts.Script$Recompilation$44618$3841A$\^function\_.L:1#issueCommand(&lt;function&gt;:124)&#xa;&#x9;at jdk.nashorn.internal.scripts.Script$Recompilation$44618$3841A$\^function\_.L:1#issueCommand(&lt;function&gt;:124)&#xa;&#x9;at jdk.nashorn.internal.scripts.Script$Recompilation$44618$3841A$\^function\_.L:1#issueCommand(&lt;function&gt;:124)&#xa;&#x9;at jdk.nashorn.internal.scripts.Script$Recompilation$44618$3841A$\^function\_.L:1#issueCommand(&lt;function&gt;:124)&#xa;&#x9;at jdk.nashorn.internal.scripts.Script$Recompilation$44618$3841A$\^function\_.L:1#issueCommand(&lt;function&gt;:124)&#xa;&#x9;at jdk.nashorn.internal.scripts.Script$Recompilation$44618$3841A$\^function\_.L:1#issueCommand(&lt;function&gt;:124)&#xa;&#x9;at jdk.nashorn.internal.scripts.Script$Recompilation$44618$3841A$\^function\_.L:1#issueCommand(&lt;function&gt;:124)&#xa;&#x9;at jdk.nashorn.internal.scripts.Script$Recompilation$44618$3841A$\^function\_.L:1#issueCommand(&lt;function&gt;:124)&#xa;&#x9;at jdk.nashorn.internal.scripts.Script$Recompilation$44618$3841A$\^function\_.L:1#issueCommand(&lt;function&gt;:124)&#xa;&#x9;at jdk.nashorn.internal.scripts.Script$Recompilation$44618$3841A$\^function\_.L:1#issueCommand(&lt;function&gt;:124)&#xa;&#x9;at jdk.nashorn.internal.scripts.Script$Recompilation$44618$3841A$\^function\_.L:1#issueCommand(&lt;function&gt;:124)&#xa;&#x9;at jdk.nashorn.internal.scripts.Script$Recompilation$44618$3841A$\^function\_.L:1#issueCommand(&lt;function&gt;:124)&#xa;&#x9;at jdk.nashorn.internal.scripts.Script$Recompilation$44618$3841A$\^function\_.L:1#issueCommand(&lt;function&gt;:124)&#xa;&#x9;at jdk.nashorn.internal.scripts.Script$Recompilation$44618$3841A$\^function\_.L:1#issueCommand(&lt;function&gt;:124)&#xa;&#x9;at jdk.nashorn.internal.scripts.Script$Recompilation$44618$3841A$\^function\_.L:1#issueCommand(&lt;function&gt;:124)&#xa;&#x9;at jdk.nashorn.internal.scripts.Script$Recompilation$44618$3841A$\^function\_.L:1#issueCommand(&lt;function&gt;:124)&#xa;&#x9;at jdk.nashorn.internal.scripts.Script$Recompilation$44618$3841A$\^function\_.L:1#issueCommand(&lt;function&gt;:124)&#xa;&#x9;at jdk.nashorn.internal.scripts.Script$Recompilation$44618$3841A$\^function\_.L:1#issueCommand(&lt;function&gt;:124)&#xa;&#x9;at jdk.nashorn.internal.scripts.Script$Recompilation$44618$3841A$\^function\_.L:1#issueCommand(&lt;function&gt;:124)&#xa;&#x9;at jdk.nashorn.internal.scripts.Script$Recompilation$44618$3841A$\^function\_.L:1#issueCommand(&lt;function&gt;:124)&#xa;&#x9;at jdk.nashorn.internal.scripts.Script$Recompilation$44618$3841A$\^function\_.L:1#issueCommand(&lt;function&gt;:124)&#xa;&#x9;at jdk.nashorn.internal.scripts.Script$Recompilation$44618$3841A$\^function\_.L:1#issueCommand(&lt;function&gt;:124)&#xa;&#x9;at jdk.nashorn.internal.scripts.Script$Recompilation$44618$3841A$\^function\_.L:1#issueCommand(&lt;function&gt;:124)&#xa;&#x9;at jdk.nashorn.internal.scripts.Script$Recompilation$44618$3841A$\^function\_.L:1#issueCommand(&lt;function&gt;:124)&#xa;&#x9;at jdk.nashorn.internal.scripts.Script$Recompilation$44618$3841A$\^function\_.L:1#issueCommand(&lt;function&gt;:124)&#xa;&#x9;at jdk.nashorn.internal.scripts.Script$Recompilation$44618$3841A$\^function\_.L:1#issueCommand(&lt;function&gt;:124)&#xa;&#x9;at jdk.nashorn.internal.scripts.Script$Recompilation$44618$3841A$\^function\_.L:1#issueCommand(&lt;function&gt;:124)&#xa;&#x9;at jdk.nashorn.internal.scripts.Script$Recompilation$44618$3841A$\^function\_.L:1#issueCommand(&lt;function&gt;:124)&#xa;&#x9;at jdk.nashorn.internal.scripts.Script$Recompilation$44618$3841A$\^function\_.L:1#issueCommand(&lt;function&gt;:124)&#xa;&#x9;at jdk.nashorn.internal.scripts.Script$Recompilation$44618$3841A$\^function\_.L:1#issueCommand(&lt;function&gt;:124)&#xa;&#x9;at jdk.nashorn.internal.scripts.Script$Recompilation$44618$3841A$\^function\_.L:1#issueCommand(&lt;function&gt;:124)&#xa;&#x9;at jdk.nashorn.internal.scripts.Script$Recompilation$44618$3841A$\^function\_.L:1#issueCommand(&lt;function&gt;:124)&#xa;&#x9;at jdk.nashorn.internal.scripts.Script$Recompilation$44618$3841A$\^function\_.L:1#issueCommand(&lt;function&gt;:124)&#xa;&#x9;at jdk.nashorn.internal.scripts.Script$Recompilation$44618$3841A$\^function\_.L:1#issueCommand(&lt;function&gt;:124)&#xa;&#x9;at jdk.nashorn.internal.scripts.Script$Recompilation$44618$3841A$\^function\_.L:1#issueCommand(&lt;function&gt;:124)&#xa;&#x9;at jdk.nashorn.internal.scripts.Script$Recompilation$44618$3841A$\^function\_.L:1#issueCommand(&lt;function&gt;:124)&#xa;&#x9;at jdk.nashorn.internal.scripts.Script$Recompilation$44618$3841A$\^function\_.L:1#issueCommand(&lt;function&gt;:124)&#xa;&#x9;at jdk.nashorn.internal.scripts.Script$Recompilation$44618$3841A$\^function\_.L:1#issueCommand(&lt;function&gt;:124)&#xa;&#x9;at jdk.nashorn.internal.scripts.Script$Recompilation$44618$3841A$\^function\_.L:1#issueCommand(&lt;function&gt;:124)&#xa;&#x9;at jdk.nashorn.internal.scripts.Script$Recompilation$44618$3841A$\^function\_.L:1#issueCommand(&lt;function&gt;:124)&#xa;&#x9;at jdk.nashorn.internal.scripts.Script$Recompilation$44618$3841A$\^function\_.L:1#issueCommand(&lt;function&gt;:124)&#xa;&#x9;at jdk.nashorn.internal.scripts.Script$Recompilation$44618$3841A$\^function\_.L:1#issueCommand(&lt;function&gt;:124)&#xa;&#x9;at jdk.nashorn.internal.scripts.Script$Recompilation$44618$3841A$\^function\_.L:1#issueCommand(&lt;function&gt;:124)&#xa;&#x9;at jdk.nashorn.internal.scripts.Script$Recompilation$44618$3841A$\^function\_.L:1#issueCommand(&lt;function&gt;:124)&#xa;&#x9;at jdk.nashorn.internal.scripts.Script$Recompilation$44618$3841A$\^function\_.L:1#issueCommand(&lt;function&gt;:124)&#xa;&#x9;at jdk.nashorn.internal.scripts.Script$Recompilation$44618$3841A$\^function\_.L:1#issueCommand(&lt;function&gt;:124)&#xa;&#x9;at jdk.nashorn.internal.scripts.Script$Recompilation$44618$3841A$\^function\_.L:1#issueCommand(&lt;function&gt;:124)&#xa;&#x9;at jdk.nashorn.internal.scripts.Script$Recompilation$44618$3841A$\^function\_.L:1#issueCommand(&lt;function&gt;:124)&#xa;&#x9;at jdk.nashorn.internal.scripts.Script$Recompilation$44618$3841A$\^function\_.L:1#issueCommand(&lt;function&gt;:124)&#xa;&#x9;at jdk.nashorn.internal.scripts.Script$Recompilation$44618$3841A$\^function\_.L:1#issueCommand(&lt;function&gt;:124)&#xa;&#x9;at jdk.nashorn.internal.scripts.Script$Recompilation$44618$3841A$\^function\_.L:1#issueCommand(&lt;function&gt;:124)&#xa;&#x9;at jdk.nashorn.internal.scripts.Script$Recompilation$44618$3841A$\^function\_.L:1#issueCommand(&lt;function&gt;:124)&#xa;&#x9;at jdk.nashorn.internal.scripts.Script$Recompilation$44618$3841A$\^function\_.L:1#issueCommand(&lt;function&gt;:124)&#xa;&#x9;at jdk.nashorn.internal.scripts.Script$Recompilation$44618$3841A$\^function\_.L:1#issueCommand(&lt;function&gt;:124)&#xa;&#x9;at jdk.nashorn.internal.scripts.Script$Recompilation$44618$3841A$\^function\_.L:1#issueCommand(&lt;function&gt;:124)&#xa;&#x9;at jdk.nashorn.internal.scripts.Script$Recompilation$44618$3841A$\^function\_.L:1#issueCommand(&lt;function&gt;:124)&#xa;&#x9;at jdk.nashorn.internal.scripts.Script$Recompilation$44618$3841A$\^function\_.L:1#issueCommand(&lt;function&gt;:124)&#xa;&#x9;at jdk.nashorn.internal.scripts.Script$Recompilation$44618$3841A$\^function\_.L:1#issueCommand(&lt;function&gt;:124)&#xa;&#x9;at jdk.nashorn.internal.scripts.Script$Recompilation$44618$3841A$\^function\_.L:1#issueCommand(&lt;function&gt;:124)&#xa;&#x9;at jdk.nashorn.internal.scripts.Script$Recompilation$44618$3841A$\^function\_.L:1#issueCommand(&lt;function&gt;:124)&#xa;&#x9;at jdk.nashorn.internal.scripts.Script$Recompilation$44618$3841A$\^function\_.L:1#issueCommand(&lt;function&gt;:124)&#xa;&#x9;at jdk.nashorn.internal.scripts.Script$Recompilation$44618$3841A$\^function\_.L:1#issueCommand(&lt;function&gt;:124)&#xa;&#x9;at jdk.nashorn.internal.scripts.Script$Recompilation$44618$3841A$\^function\_.L:1#issueCommand(&lt;function&gt;:124)&#xa;&#x9;at jdk.nashorn.internal.scripts.Script$Recompilation$44618$3841A$\^function\_.L:1#issueCommand(&lt;function&gt;:124)&#xa;&#x9;at jdk.nashorn.internal.scripts.Script$Recompilation$44618$3841A$\^function\_.L:1#issueCommand(&lt;function&gt;:124)&#xa;&#x9;at jdk.nashorn.internal.scripts.Script$Recompilation$44618$3841A$\^function\_.L:1#issueCommand(&lt;function&gt;:124)&#xa;&#x9;at jdk.nashorn.internal.scripts.Script$Recompilation$44618$3841A$\^function\_.L:1#issueCommand(&lt;function&gt;:124)&#xa;&#x9;at jdk.nashorn.internal.scripts.Script$Recompilation$44618$3841A$\^function\_.L:1#issueCommand(&lt;function&gt;:124)&#xa;&#x9;at jdk.nashorn.internal.scripts.Script$Recompilation$44618$3841A$\^function\_.L:1#issueCommand(&lt;function&gt;:124)&#xa;&#x9;at jdk.nashorn.internal.scripts.Script$Recompilation$44618$3841A$\^function\_.L:1#issueCommand(&lt;function&gt;:124)&#xa;&#x9;at jdk.nashorn.internal.scripts.Script$Recompilation$44618$3841A$\^function\_.L:1#issueCommand(&lt;function&gt;:124)&#xa;&#x9;at jdk.nashorn.internal.scripts.Script$Recompilation$44618$3841A$\^function\_.L:1#issueCommand(&lt;function&gt;:124)&#xa;&#x9;at jdk.nashorn.internal.scripts.Script$Recompilation$44618$3841A$\^function\_.L:1#issueCommand(&lt;function&gt;:124)&#xa;&#x9;at jdk.nashorn.internal.scripts.Script$Recompilation$44618$3841A$\^function\_.L:1#issueCommand(&lt;function&gt;:124)&#xa;&#x9;at jdk.nashorn.internal.scripts.Script$Recompilation$44618$3841A$\^function\_.L:1#issueCommand(&lt;function&gt;:124)&#xa;&#x9;at jdk.nashorn.internal.scripts.Script$Recompilation$44618$3841A$\^function\_.L:1#issueCommand(&lt;function&gt;:124)&#xa;&#x9;at jdk.nashorn.internal.scripts.Script$Recompilation$44618$3841A$\^function\_.L:1#issueCommand(&lt;function&gt;:124)&#xa;&#x9;at jdk.nashorn.internal.scripts.Script$Recompilation$44618$3841A$\^function\_.L:1#issueCommand(&lt;function&gt;:124)&#xa;&#x9;at jdk.nashorn.internal.scripts.Script$Recompilation$44618$3841A$\^function\_.L:1#issueCommand(&lt;function&gt;:124)&#xa;&#x9;at jdk.nashorn.internal.scripts.Script$Recompilation$44618$3841A$\^function\_.L:1#issueCommand(&lt;function&gt;:124)&#xa;&#x9;at jdk.nashorn.internal.scripts.Script$Recompilation$44618$3841A$\^function\_.L:1#issueCommand(&lt;function&gt;:124)&#xa;&#x9;at jdk.nashorn.internal.scripts.Script$Recompilation$44618$3841A$\^function\_.L:1#issueCommand(&lt;function&gt;:124)&#xa;&#x9;at jdk.nashorn.internal.scripts.Script$Recompilation$44618$3841A$\^function\_.L:1#issueCommand(&lt;function&gt;:124)&#xa;&#x9;at jdk.nashorn.internal.scripts.Script$Recompilation$44618$3841A$\^function\_.L:1#issueCommand(&lt;function&gt;:124)&#xa;&#x9;at jdk.nashorn.internal.scripts.Script$Recompilation$44618$3841A$\^function\_.L:1#issueCommand(&lt;function&gt;:124)&#xa;&#x9;at jdk.nashorn.internal.scripts.Script$Recompilation$44618$3841A$\^function\_.L:1#issueCommand(&lt;function&gt;:124)&#xa;&#x9;at jdk.nashorn.internal.scripts.Script$Recompilation$44618$3841A$\^function\_.L:1#issueCommand(&lt;function&gt;:124)&#xa;&#x9;at jdk.nashorn.internal.scripts.Script$Recompilation$44618$3841A$\^function\_.L:1#issueCommand(&lt;function&gt;:124)&#xa;&#x9;at jdk.nashorn.internal.scripts.Script$Recompilation$44618$3841A$\^function\_.L:1#issueCommand(&lt;function&gt;:124)&#xa;&#x9;at jdk.nashorn.internal.scripts.Script$Recompilation$44618$3841A$\^function\_.L:1#issueCommand(&lt;function&gt;:124)&#xa;&#x9;at jdk.nashorn.internal.scripts.Script$Recompilation$44618$3841A$\^function\_.L:1#issueCommand(&lt;function&gt;:124)&#xa;&#x9;at jdk.nashorn.internal.scripts.Script$Recompilation$44618$3841A$\^function\_.L:1#issueCommand(&lt;function&gt;:124)&#xa;&#x9;at jdk.nashorn.internal.scripts.Script$Recompilation$44618$3841A$\^function\_.L:1#issueCommand(&lt;function&gt;:124)&#xa;&#x9;at jdk.nashorn.internal.scripts.Script$Recompilation$44618$3841A$\^function\_.L:1#issueCommand(&lt;function&gt;:124)&#xa;&#x9;at jdk.nashorn.internal.scripts.Script$Recompilation$44618$3841A$\^function\_.L:1#issueCommand(&lt;function&gt;:124)&#xa;&#x9;at jdk.nashorn.internal.scripts.Script$Recompilation$44618$3841A$\^function\_.L:1#issueCommand(&lt;function&gt;:124)&#xa;&#x9;at jdk.nashorn.internal.scripts.Script$Recompilation$44618$3841A$\^function\_.L:1#issueCommand(&lt;function&gt;:124)&#xa;&#x9;at jdk.nashorn.internal.scripts.Script$Recompilation$44618$3841A$\^function\_.L:1#issueCommand(&lt;function&gt;:124)&#xa;&#x9;at jdk.nashorn.internal.scripts.Script$Recompilation$44618$3841A$\^function\_.L:1#issueCommand(&lt;function&gt;:124)&#xa;&#x9;at jdk.nashorn.internal.scripts.Script$Recompilation$44618$3841A$\^function\_.L:1#issueCommand(&lt;function&gt;:124)&#xa;&#x9;at jdk.nashorn.internal.scripts.Script$Recompilation$44618$3841A$\^function\_.L:1#issueCommand(&lt;function&gt;:124)&#xa;&#x9;at jdk.nashorn.internal.scripts.Script$Recompilation$44618$3841A$\^function\_.L:1#issueCommand(&lt;function&gt;:124)&#xa;&#x9;at jdk.nashorn.internal.scripts.Script$Recompilation$44618$3841A$\^function\_.L:1#issueCommand(&lt;function&gt;:124)&#xa;&#x9;at jdk.nashorn.internal.scripts.Script$Recompilation$44618$3841A$\^function\_.L:1#issueCommand(&lt;function&gt;:124)&#xa;&#x9;at jdk.nashorn.internal.scripts.Script$Recompilation$44618$3841A$\^function\_.L:1#issueCommand(&lt;function&gt;:124)&#xa;&#x9;at jdk.nashorn.internal.scripts.Script$Recompilation$44618$3841A$\^function\_.L:1#issueCommand(&lt;function&gt;:124)&#xa;&#x9;at jdk.nashorn.internal.scripts.Script$Recompilation$44618$3841A$\^function\_.L:1#issueCommand(&lt;function&gt;:124)&#xa;&#x9;at jdk.nashorn.internal.scripts.Script$Recompilation$44618$3841A$\^function\_.L:1#issueCommand(&lt;function&gt;:124)&#xa;&#x9;at jdk.nashorn.internal.scripts.Script$Recompilation$44618$3841A$\^function\_.L:1#issueCommand(&lt;function&gt;:124)&#xa;&#x9;at jdk.nashorn.internal.scripts.Script$Recompilation$44618$3841A$\^function\_.L:1#issueCommand(&lt;function&gt;:124)&#xa;&#x9;at jdk.nashorn.internal.scripts.Script$Recompilation$44618$3841A$\^function\_.L:1#issueCommand(&lt;function&gt;:124)&#xa;&#x9;at jdk.nashorn.internal.scripts.Script$Recompilation$44618$3841A$\^function\_.L:1#issueCommand(&lt;function&gt;:124)&#xa;&#x9;at jdk.nashorn.internal.scripts.Script$Recompilation$44618$3841A$\^function\_.L:1#issueCommand(&lt;function&gt;:124)&#xa;&#x9;at jdk.nashorn.internal.scripts.Script$Recompilation$44618$3841A$\^function\_.L:1#issueCommand(&lt;function&gt;:124)&#xa;&#x9;at jdk.nashorn.internal.scripts.Script$Recompilation$44618$3841A$\^function\_.L:1#issueCommand(&lt;function&gt;:124)&#xa;&#x9;at jdk.nashorn.internal.scripts.Script$Recompilation$44618$3841A$\^function\_.L:1#issueCommand(&lt;function&gt;:124)&#xa;&#x9;at jdk.nashorn.internal.scripts.Script$Recompilation$44618$3841A$\^function\_.L:1#issueCommand(&lt;function&gt;:124)&#xa;&#x9;at jdk.nashorn.internal.scripts.Script$Recompilation$44618$3841A$\^function\_.L:1#issueCommand(&lt;function&gt;:124)&#xa;&#x9;at jdk.nashorn.internal.scripts.Script$Recompilation$44618$3841A$\^function\_.L:1#issueCommand(&lt;function&gt;:124)&#xa;&#x9;at jdk.nashorn.internal.scripts.Script$Recompilation$44618$3841A$\^function\_.L:1#issueCommand(&lt;function&gt;:124)&#xa;&#x9;at jdk.nashorn.internal.scripts.Script$Recompilation$44618$3841A$\^function\_.L:1#issueCommand(&lt;function&gt;:124)&#xa;&#x9;at jdk.nashorn.internal.scripts.Script$Recompilation$44618$3841A$\^function\_.L:1#issueCommand(&lt;function&gt;:124)&#xa;&#x9;at jdk.nashorn.internal.scripts.Script$Recompilation$44618$3841A$\^function\_.L:1#issueCommand(&lt;function&gt;:124)&#xa;&#x9;at jdk.nashorn.internal.scripts.Script$Recompilation$44618$3841A$\^function\_.L:1#issueCommand(&lt;function&gt;:124)&#xa;&#x9;at jdk.nashorn.internal.scripts.Script$Recompilation$44618$3841A$\^function\_.L:1#issueCommand(&lt;function&gt;:124)&#xa;&#x9;at jdk.nashorn.internal.scripts.Script$Recompilation$44618$3841A$\^function\_.L:1#issueCommand(&lt;function&gt;:124)&#xa;&#x9;at jdk.nashorn.internal.scripts.Script$Recompilation$44618$3841A$\^function\_.L:1#issueCommand(&lt;function&gt;:124)&#xa;&#x9;at jdk.nashorn.internal.scripts.Script$Recompilation$44618$3841A$\^function\_.L:1#issueCommand(&lt;function&gt;:124)&#xa;&#x9;at jdk.nashorn.internal.scripts.Script$Recompilation$44618$3841A$\^function\_.L:1#issueCommand(&lt;function&gt;:124)&#xa;&#x9;at jdk.nashorn.internal.scripts.Script$Recompilation$44618$3841A$\^function\_.L:1#issueCommand(&lt;function&gt;:124)&#xa;&#x9;at jdk.nashorn.internal.scripts.Script$Recompilation$44618$3841A$\^function\_.L:1#issueCommand(&lt;function&gt;:124)&#xa;&#x9;at jdk.nashorn.internal.scripts.Script$Recompilation$44618$3841A$\^function\_.L:1#issueCommand(&lt;function&gt;:124)&#xa;&#x9;at jdk.nashorn.internal.scripts.Script$Recompilation$44618$3841A$\^function\_.L:1#issueCommand(&lt;function&gt;:124)&#xa;&#x9;at jdk.nashorn.internal.scripts.Script$Recompilation$44618$3841A$\^function\_.L:1#issueCommand(&lt;function&gt;:124)&#xa;&#x9;at jdk.nashorn.internal.scripts.Script$Recompilation$44618$3841A$\^function\_.L:1#issueCommand(&lt;function&gt;:124)&#xa;&#x9;at jdk.nashorn.internal.scripts.Script$Recompilation$44618$3841A$\^function\_.L:1#issueCommand(&lt;function&gt;:124)&#xa;&#x9;at jdk.nashorn.internal.scripts.Script$Recompilation$44618$3841A$\^function\_.L:1#issueCommand(&lt;function&gt;:124)&#xa;&#x9;at jdk.nashorn.internal.scripts.Script$Recompilation$44618$3841A$\^function\_.L:1#issueCommand(&lt;function&gt;:124)&#xa;&#x9;at jdk.nashorn.internal.scripts.Script$Recompilation$44618$3841A$\^function\_.L:1#issueCommand(&lt;function&gt;:124)&#xa;&#x9;at jdk.nashorn.internal.scripts.Script$Recompilation$44618$3841A$\^function\_.L:1#issueCommand(&lt;function&gt;:124)&#xa;&#x9;at jdk.nashorn.internal.scripts.Script$Recompilation$44618$3841A$\^function\_.L:1#issueCommand(&lt;function&gt;:124)&#xa;&#x9;at jdk.nashorn.internal.scripts.Script$Recompilation$44618$3841A$\^function\_.L:1#issueCommand(&lt;function&gt;:124)&#xa;&#x9;at jdk.nashorn.internal.scripts.Script$Recompilation$44618$3841A$\^function\_.L:1#issueCommand(&lt;function&gt;:124)&#xa;&#x9;at jdk.nashorn.internal.scripts.Script$Recompilation$44618$3841A$\^function\_.L:1#issueCommand(&lt;function&gt;:124)&#xa;&#x9;at jdk.nashorn.internal.scripts.Script$Recompilation$44618$3841A$\^function\_.L:1#issueCommand(&lt;function&gt;:124)&#xa;&#x9;at jdk.nashorn.internal.scripts.Script$Recompilation$44618$3841A$\^function\_.L:1#issueCommand(&lt;function&gt;:124)&#xa;&#x9;at jdk.nashorn.internal.scripts.Script$Recompilation$44618$3841A$\^function\_.L:1#issueCommand(&lt;function&gt;:124)&#xa;&#x9;at jdk.nashorn.internal.scripts.Script$Recompilation$44618$3841A$\^function\_.L:1#issueCommand(&lt;function&gt;:124)&#xa;&#x9;at jdk.nashorn.internal.scripts.Script$Recompilation$44618$3841A$\^function\_.L:1#issueCommand(&lt;function&gt;:124)&#xa;&#x9;at jdk.nashorn.internal.scripts.Script$Recompilation$44618$3841A$\^function\_.L:1#issueCommand(&lt;function&gt;:124)&#xa;&#x9;at jdk.nashorn.internal.scripts.Script$Recompilation$44618$3841A$\^function\_.L:1#issueCommand(&lt;function&gt;:124)&#xa;&#x9;at jdk.nashorn.internal.scripts.Script$Recompilation$44618$3841A$\^function\_.L:1#issueCommand(&lt;function&gt;:124)&#xa;&#x9;at jdk.nashorn.internal.scripts.Script$Recompilation$44618$3841A$\^function\_.L:1#issueCommand(&lt;function&gt;:124)&#xa;&#x9;at jdk.nashorn.internal.scripts.Script$Recompilation$44618$3841A$\^function\_.L:1#issueCommand(&lt;function&gt;:124)&#xa;&#x9;at jdk.nashorn.internal.scripts.Script$Recompilation$44618$3841A$\^function\_.L:1#issueCommand(&lt;function&gt;:124)&#xa;&#x9;at jdk.nashorn.internal.scripts.Script$Recompilation$44618$3841A$\^function\_.L:1#issueCommand(&lt;function&gt;:124)&#xa;&#x9;at jdk.nashorn.internal.scripts.Script$Recompilation$44618$3841A$\^function\_.L:1#issueCommand(&lt;function&gt;:124)&#xa;&#x9;at jdk.nashorn.internal.scripts.Script$Recompilation$44618$3841A$\^function\_.L:1#issueCommand(&lt;function&gt;:124)&#xa;&#x9;at jdk.nashorn.internal.scripts.Script$Recompilation$44618$3841A$\^function\_.L:1#issueCommand(&lt;function&gt;:124)&#xa;&#x9;at jdk.nashorn.internal.scripts.Script$Recompilation$44618$3841A$\^function\_.L:1#issueCommand(&lt;function&gt;:124)&#xa;&#x9;at jdk.nashorn.internal.scripts.Script$Recompilation$44618$3841A$\^function\_.L:1#issueCommand(&lt;function&gt;:124)&#xa;&#x9;at jdk.nashorn.internal.scripts.Script$Recompilation$44618$3841A$\^function\_.L:1#issueCommand(&lt;function&gt;:124)&#xa;&#x9;at jdk.nashorn.internal.scripts.Script$Recompilation$44618$3841A$\^function\_.L:1#issueCommand(&lt;function&gt;:124)&#xa;&#x9;at jdk.nashorn.internal.scripts.Script$Recompilation$44618$3841A$\^function\_.L:1#issueCommand(&lt;function&gt;:124)&#xa;&#x9;at jdk.nashorn.internal.scripts.Script$Recompilation$44618$3841A$\^function\_.L:1#issueCommand(&lt;function&gt;:124)&#xa;&#x9;at jdk.nashorn.internal.scripts.Script$Recompilation$44618$3841A$\^function\_.L:1#issueCommand(&lt;function&gt;:124)&#xa;&#x9;at jdk.nashorn.internal.scripts.Script$Recompilation$44618$3841A$\^function\_.L:1#issueCommand(&lt;function&gt;:124)&#xa;&#x9;at jdk.nashorn.internal.scripts.Script$Recompilation$44618$3841A$\^function\_.L:1#issueCommand(&lt;function&gt;:124)&#xa;&#x9;at jdk.nashorn.internal.scripts.Script$Recompilation$44618$3841A$\^function\_.L:1#issueCommand(&lt;function&gt;:124)&#xa;&#x9;at jdk.nashorn.internal.scripts.Script$Recompilation$44618$3841A$\^function\_.L:1#issueCommand(&lt;function&gt;:124)&#xa;&#x9;at jdk.nashorn.internal.scripts.Script$Recompilation$44618$3841A$\^function\_.L:1#issueCommand(&lt;function&gt;:124)&#xa;&#x9;at jdk.nashorn.internal.scripts.Script$Recompilation$44618$3841A$\^function\_.L:1#issueCommand(&lt;function&gt;:124)&#xa;&#x9;at jdk.nashorn.internal.scripts.Script$Recompilation$44618$3841A$\^function\_.L:1#issueCommand(&lt;function&gt;:124)&#xa;&#x9;at jdk.nashorn.internal.scripts.Script$Recompilation$44618$3841A$\^function\_.L:1#issueCommand(&lt;function&gt;:124)&#xa;&#x9;at jdk.nashorn.internal.scripts.Script$Recompilation$44618$3841A$\^function\_.L:1#issueCommand(&lt;function&gt;:124)&#xa;&#x9;at jdk.nashorn.internal.scripts.Script$Recompilation$44618$3841A$\^function\_.L:1#issueCommand(&lt;function&gt;:124)&#xa;&#x9;at jdk.nashorn.internal.scripts.Script$Recompilation$44618$3841A$\^function\_.L:1#issueCommand(&lt;function&gt;:124)&#xa;&#x9;at jdk.nashorn.internal.scripts.Script$Recompilation$44618$3841A$\^function\_.L:1#issueCommand(&lt;function&gt;:124)&#xa;&#x9;at jdk.nashorn.internal.scripts.Script$Recompilation$44618$3841A$\^function\_.L:1#issueCommand(&lt;function&gt;:124)&#xa;&#x9;at jdk.nashorn.internal.scripts.Script$Recompilation$44618$3841A$\^function\_.L:1#issueCommand(&lt;function&gt;:124)&#xa;&#x9;at jdk.nashorn.internal.scripts.Script$Recompilation$44618$3841A$\^function\_.L:1#issueCommand(&lt;function&gt;:124)&#xa;&#x9;at jdk.nashorn.internal.scripts.Script$Recompilation$44618$3841A$\^function\_.L:1#issueCommand(&lt;function&gt;:124)&#xa;&#x9;at jdk.nashorn.internal.scripts.Script$Recompilation$44618$3841A$\^function\_.L:1#issueCommand(&lt;function&gt;:124)&#xa;&#x9;at jdk.nashorn.internal.scripts.Script$Recompilation$44618$3841A$\^function\_.L:1#issueCommand(&lt;function&gt;:124)&#xa;&#x9;at jdk.nashorn.internal.scripts.Script$Recompilation$44618$3841A$\^function\_.L:1#issueCommand(&lt;function&gt;:124)&#xa;&#x9;at jdk.nashorn.internal.scripts.Script$Recompilation$44618$3841A$\^function\_.L:1#issueCommand(&lt;function&gt;:124)&#xa;&#x9;at jdk.nashorn.internal.scripts.Script$Recompilation$44618$3841A$\^function\_.L:1#issueCommand(&lt;function&gt;:124)&#xa;&#x9;at jdk.nashorn.internal.scripts.Script$Recompilation$44618$3841A$\^function\_.L:1#issueCommand(&lt;function&gt;:124)&#xa;&#x9;at jdk.nashorn.internal.scripts.Script$Recompilation$44618$3841A$\^function\_.L:1#issueCommand(&lt;function&gt;:124)&#xa;&#x9;at jdk.nashorn.internal.scripts.Script$Recompilation$44618$3841A$\^function\_.L:1#issueCommand(&lt;function&gt;:124)&#xa;&#x9;at jdk.nashorn.internal.scripts.Script$Recompilation$44618$3841A$\^function\_.L:1#issueCommand(&lt;function&gt;:124)&#xa;&#x9;at jdk.nashorn.internal.scripts.Script$Recompilation$44618$3841A$\^function\_.L:1#issueCommand(&lt;function&gt;:124)&#xa;&#x9;at jdk.nashorn.internal.scripts.Script$Recompilation$44618$3841A$\^function\_.L:1#issueCommand(&lt;function&gt;:124)&#xa;&#x9;at jdk.nashorn.internal.scripts.Script$Recompilation$44618$3841A$\^function\_.L:1#issueCommand(&lt;function&gt;:124)&#xa;&#x9;at jdk.nashorn.internal.scripts.Script$Recompilation$44618$3841A$\^function\_.L:1#issueCommand(&lt;function&gt;:124)&#xa;&#x9;at jdk.nashorn.internal.scripts.Script$Recompilation$44618$3841A$\^function\_.L:1#issueCommand(&lt;function&gt;:124)&#xa;&#x9;at jdk.nashorn.internal.scripts.Script$Recompilation$44618$3841A$\^function\_.L:1#issueCommand(&lt;function&gt;:124)&#xa;&#x9;at jdk.nashorn.internal.scripts.Script$Recompilation$44618$3841A$\^function\_.L:1#issueCommand(&lt;function&gt;:124)&#xa;&#x9;at jdk.nashorn.internal.scripts.Script$Recompilation$44618$3841A$\^function\_.L:1#issueCommand(&lt;function&gt;:124)&#xa;&#x9;at jdk.nashorn.internal.scripts.Script$Recompilation$44618$3841A$\^function\_.L:1#issueCommand(&lt;function&gt;:124)&#xa;&#x9;at jdk.nashorn.internal.scripts.Script$Recompilation$44618$3841A$\^function\_.L:1#issueCommand(&lt;function&gt;:124)&#xa;&#x9;at jdk.nashorn.internal.scripts.Script$Recompilation$44618$3841A$\^function\_.L:1#issueCommand(&lt;function&gt;:124)&#xa;&#x9;at jdk.nashorn.internal.scripts.Script$Recompilation$44618$3841A$\^function\_.L:1#issueCommand(&lt;function&gt;:124)&#xa;&#x9;at jdk.nashorn.internal.scripts.Script$Recompilation$44618$3841A$\^function\_.L:1#issueCommand(&lt;function&gt;:124)&#xa;&#x9;at jdk.nashorn.internal.scripts.Script$Recompilation$44618$3841A$\^function\_.L:1#issueCommand(&lt;function&gt;:124)&#xa;&#x9;at jdk.nashorn.internal.scripts.Script$Recompilation$44618$3841A$\^function\_.L:1#issueCommand(&lt;function&gt;:124)&#xa;&#x9;at jdk.nashorn.internal.scripts.Script$Recompilation$44618$3841A$\^function\_.L:1#issueCommand(&lt;function&gt;:124)&#xa;&#x9;at jdk.nashorn.internal.scripts.Script$Recompilation$44618$3841A$\^function\_.L:1#issueCommand(&lt;function&gt;:124)&#xa;&#x9;at jdk.nashorn.internal.scripts.Script$Recompilation$44618$3841A$\^function\_.L:1#issueCommand(&lt;function&gt;:124)&#xa;&#x9;at jdk.nashorn.internal.scripts.Script$Recompilation$44618$3841A$\^function\_.L:1#issueCommand(&lt;function&gt;:124)&#xa;&#x9;at jdk.nashorn.internal.scripts.Script$Recompilation$44618$3841A$\^function\_.L:1#issueCommand(&lt;function&gt;:124)&#xa;&#x9;at jdk.nashorn.internal.scripts.Script$Recompilation$44618$3841A$\^function\_.L:1#issueCommand(&lt;function&gt;:124)&#xa;&#x9;at jdk.nashorn.internal.scripts.Script$Recompilation$44618$3841A$\^function\_.L:1#issueCommand(&lt;function&gt;:124)&#xa;&#x9;at jdk.nashorn.internal.scripts.Script$Recompilation$44618$3841A$\^function\_.L:1#issueCommand(&lt;function&gt;:124)&#xa;&#x9;at jdk.nashorn.internal.scripts.Script$Recompilation$44618$3841A$\^function\_.L:1#issueCommand(&lt;function&gt;:124)&#xa;&#x9;at jdk.nashorn.internal.scripts.Script$Recompilation$44618$3841A$\^function\_.L:1#issueCommand(&lt;function&gt;:124)&#xa;&#x9;at jdk.nashorn.internal.scripts.Script$Recompilation$44618$3841A$\^function\_.L:1#issueCommand(&lt;function&gt;:124)&#xa;&#x9;at jdk.nashorn.internal.scripts.Script$Recompilation$44618$3841A$\^function\_.L:1#issueCommand(&lt;function&gt;:124)&#xa;&#x9;at jdk.nashorn.internal.scripts.Script$Recompilation$44618$3841A$\^function\_.L:1#issueCommand(&lt;function&gt;:124)&#xa;&#x9;at jdk.nashorn.internal.scripts.Script$Recompilation$44618$3841A$\^function\_.L:1#issueCommand(&lt;function&gt;:124)&#xa;&#x9;at jdk.nashorn.internal.scripts.Script$Recompilation$44618$3841A$\^function\_.L:1#issueCommand(&lt;function&gt;:124)&#xa;&#x9;at jdk.nashorn.internal.scripts.Script$Recompilation$44618$3841A$\^function\_.L:1#issueCommand(&lt;function&gt;:124)&#xa;&#x9;at jdk.nashorn.internal.scripts.Script$Recompilation$44618$3841A$\^function\_.L:1#issueCommand(&lt;function&gt;:124)&#xa;&#x9;at jdk.nashorn.internal.scripts.Script$Recompilation$44618$3841A$\^function\_.L:1#issueCommand(&lt;function&gt;:124)&#xa;&#x9;at jdk.nashorn.internal.scripts.Script$Recompilation$44618$3841A$\^function\_.L:1#issueCommand(&lt;function&gt;:124)&#xa;&#x9;at jdk.nashorn.internal.scripts.Script$Recompilation$44618$3841A$\^function\_.L:1#issueCommand(&lt;function&gt;:124)&#xa;&#x9;at jdk.nashorn.internal.scripts.Script$Recompilation$44618$3841A$\^function\_.L:1#issueCommand(&lt;function&gt;:124)&#xa;&#x9;at jdk.nashorn.internal.scripts.Script$Recompilation$44618$3841A$\^function\_.L:1#issueCommand(&lt;function&gt;:124)&#xa;&#x9;at jdk.nashorn.internal.scripts.Script$Recompilation$44618$3841A$\^function\_.L:1#issueCommand(&lt;function&gt;:124)&#xa;&#x9;at jdk.nashorn.internal.scripts.Script$Recompilation$44618$3841A$\^function\_.L:1#issueCommand(&lt;function&gt;:124)&#xa;&#x9;at jdk.nashorn.internal.scripts.Script$Recompilation$44618$3841A$\^function\_.L:1#issueCommand(&lt;function&gt;:124)&#xa;&#x9;at jdk.nashorn.internal.scripts.Script$Recompilation$44618$3841A$\^function\_.L:1#issueCommand(&lt;function&gt;:124)&#xa;&#x9;at jdk.nashorn.internal.scripts.Script$Recompilation$44618$3841A$\^function\_.L:1#issueCommand(&lt;function&gt;:124)&#xa;&#x9;at jdk.nashorn.internal.scripts.Script$Recompilation$44618$3841A$\^function\_.L:1#issueCommand(&lt;function&gt;:124)&#xa;&#x9;at jdk.nashorn.internal.scripts.Script$Recompilation$44618$3841A$\^function\_.L:1#issueCommand(&lt;function&gt;:124)&#xa;&#x9;at jdk.nashorn.internal.scripts.Script$Recompilation$44618$3841A$\^function\_.L:1#issueCommand(&lt;function&gt;:124)&#xa;&#x9;at jdk.nashorn.internal.scripts.Script$Recompilation$44618$3841A$\^function\_.L:1#issueCommand(&lt;function&gt;:124)&#xa;&#x9;at jdk.nashorn.internal.scripts.Script$Recompilation$44618$3841A$\^function\_.L:1#issueCommand(&lt;function&gt;:124)&#xa;&#x9;at jdk.nashorn.internal.scripts.Script$Recompilation$44618$3841A$\^function\_.L:1#issueCommand(&lt;function&gt;:124)&#xa;&#x9;at jdk.nashorn.internal.scripts.Script$Recompilation$44618$3841A$\^function\_.L:1#issueCommand(&lt;function&gt;:124)&#xa;&#x9;at jdk.nashorn.internal.scripts.Script$Recompilation$44618$3841A$\^function\_.L:1#issueCommand(&lt;function&gt;:124)&#xa;&#x9;at jdk.nashorn.internal.scripts.Script$Recompilation$44618$3841A$\^function\_.L:1#issueCommand(&lt;function&gt;:124)&#xa;&#x9;at jdk.nashorn.internal.scripts.Script$Recompilation$44618$3841A$\^function\_.L:1#issueCommand(&lt;function&gt;:124)&#xa;&#x9;at jdk.nashorn.internal.scripts.Script$Recompilation$44618$3841A$\^function\_.L:1#issueCommand(&lt;function&gt;:124)&#xa;&#x9;at jdk.nashorn.internal.scripts.Script$Recompilation$44618$3841A$\^function\_.L:1#issueCommand(&lt;function&gt;:124)&#xa;&#x9;at jdk.nashorn.internal.scripts.Script$Recompilation$44618$3841A$\^function\_.L:1#issueCommand(&lt;function&gt;:124)&#xa;&#x9;at jdk.nashorn.internal.scripts.Script$Recompilation$44618$3841A$\^function\_.L:1#issueCommand(&lt;function&gt;:124)&#xa;&#x9;at jdk.nashorn.internal.scripts.Script$Recompilation$44618$3841A$\^function\_.L:1#issueCommand(&lt;function&gt;:124)&#xa;&#x9;at jdk.nashorn.internal.scripts.Script$Recompilation$44618$3841A$\^function\_.L:1#issueCommand(&lt;function&gt;:124)&#xa;&#x9;at jdk.nashorn.internal.scripts.Script$Recompilation$44618$3841A$\^function\_.L:1#issueCommand(&lt;function&gt;:124)&#xa;&#x9;at jdk.nashorn.internal.scripts.Script$Recompilation$44618$3841A$\^function\_.L:1#issueCommand(&lt;function&gt;:124)&#xa;&#x9;at jdk.nashorn.internal.scripts.Script$Recompilation$44618$3841A$\^function\_.L:1#issueCommand(&lt;function&gt;:124)&#xa;&#x9;at jdk.nashorn.internal.scripts.Script$Recompilation$44618$3841A$\^function\_.L:1#issueCommand(&lt;function&gt;:124)&#xa;&#x9;at jdk.nashorn.internal.scripts.Script$Recompilation$44618$3841A$\^function\_.L:1#issueCommand(&lt;function&gt;:124)&#xa;&#x9;at jdk.nashorn.internal.scripts.Script$Recompilation$44618$3841A$\^function\_.L:1#issueCommand(&lt;function&gt;:124)&#xa;&#x9;at jdk.nashorn.internal.scripts.Script$Recompilation$44618$3841A$\^function\_.L:1#issueCommand(&lt;function&gt;:124)&#xa;&#x9;at jdk.nashorn.internal.scripts.Script$Recompilation$44618$3841A$\^function\_.L:1#issueCommand(&lt;function&gt;:124)&#xa;&#x9;at jdk.nashorn.internal.scripts.Script$Recompilation$44618$3841A$\^function\_.L:1#issueCommand(&lt;function&gt;:124)&#xa;&#x9;at jdk.nashorn.internal.scripts.Script$Recompilation$44618$3841A$\^function\_.L:1#issueCommand(&lt;function&gt;:124)&#xa;&#x9;at jdk.nashorn.internal.scripts.Script$Recompilation$44618$3841A$\^function\_.L:1#issueCommand(&lt;function&gt;:124)&#xa;&#x9;at jdk.nashorn.internal.scripts.Script$Recompilation$44618$3841A$\^function\_.L:1#issueCommand(&lt;function&gt;:124)&#xa;&#x9;at jdk.nashorn.internal.scripts.Script$Recompilation$44618$3841A$\^function\_.L:1#issueCommand(&lt;function&gt;:124)&#xa;&#x9;at jdk.nashorn.internal.scripts.Script$Recompilation$44618$3841A$\^function\_.L:1#issueCommand(&lt;function&gt;:124)&#xa;&#x9;at jdk.nashorn.internal.scripts.Script$Recompilation$44618$3841A$\^function\_.L:1#issueCommand(&lt;function&gt;:124)&#xa;&#x9;at jdk.nashorn.internal.scripts.Script$Recompilation$44618$3841A$\^function\_.L:1#issueCommand(&lt;function&gt;:124)&#xa;&#x9;at jdk.nashorn.internal.scripts.Script$Recompilation$44618$3841A$\^function\_.L:1#issueCommand(&lt;function&gt;:124)&#xa;&#x9;at jdk.nashorn.internal.scripts.Script$Recompilation$44618$3841A$\^function\_.L:1#issueCommand(&lt;function&gt;:124)&#xa;&#x9;at jdk.nashorn.internal.scripts.Script$Recompilation$44618$3841A$\^function\_.L:1#issueCommand(&lt;function&gt;:124)&#xa;&#x9;at jdk.nashorn.internal.scripts.Script$Recompilation$44618$3841A$\^function\_.L:1#issueCommand(&lt;function&gt;:124)&#xa;&#x9;at jdk.nashorn.internal.scripts.Script$Recompilation$44618$3841A$\^function\_.L:1#issueCommand(&lt;function&gt;:124)&#xa;&#x9;at jdk.nashorn.internal.scripts.Script$Recompilation$44618$3841A$\^function\_.L:1#issueCommand(&lt;function&gt;:124)&#xa;&#x9;at jdk.nashorn.internal.scripts.Script$Recompilation$44618$3841A$\^function\_.L:1#issueCommand(&lt;function&gt;:124)&#xa;&#x9;at jdk.nashorn.internal.scripts.Script$Recompilation$44618$3841A$\^function\_.L:1#issueCommand(&lt;function&gt;:124)&#xa;&#x9;at jdk.nashorn.internal.scripts.Script$Recompilation$44618$3841A$\^function\_.L:1#issueCommand(&lt;function&gt;:124)&#xa;&#x9;at jdk.nashorn.internal.scripts.Script$Recompilation$44618$3841A$\^function\_.L:1#issueCommand(&lt;function&gt;:124)&#xa;&#x9;at jdk.nashorn.internal.scripts.Script$Recompilation$44618$3841A$\^function\_.L:1#issueCommand(&lt;function&gt;:124)&#xa;&#x9;at jdk.nashorn.internal.scripts.Script$Recompilation$44618$3841A$\^function\_.L:1#issueCommand(&lt;function&gt;:124)&#xa;&#x9;at jdk.nashorn.internal.scripts.Script$Recompilation$44618$3841A$\^function\_.L:1#issueCommand(&lt;function&gt;:124)&#xa;&#x9;at jdk.nashorn.internal.scripts.Script$Recompilation$44618$3841A$\^function\_.L:1#issueCommand(&lt;function&gt;:124)&#xa;&#x9;at jdk.nashorn.internal.scripts.Script$Recompilation$44618$3841A$\^function\_.L:1#issueCommand(&lt;function&gt;:124)&#xa;&#x9;at jdk.nashorn.internal.scripts.Script$Recompilation$44618$3841A$\^function\_.L:1#issueCommand(&lt;function&gt;:124)&#xa;&#x9;at jdk.nashorn.internal.scripts.Script$Recompilation$44618$3841A$\^function\_.L:1#issueCommand(&lt;function&gt;:124)&#xa;&#x9;at jdk.nashorn.internal.scripts.Script$Recompilation$44618$3841A$\^function\_.L:1#issueCommand(&lt;function&gt;:124)&#xa;&#x9;at jdk.nashorn.internal.scripts.Script$Recompilation$44618$3841A$\^function\_.L:1#issueCommand(&lt;function&gt;:124)&#xa;&#x9;at jdk.nashorn.internal.scripts.Script$Recompilation$44618$3841A$\^function\_.L:1#issueCommand(&lt;function&gt;:124)&#xa;&#x9;at jdk.nashorn.internal.scripts.Script$Recompilation$44618$3841A$\^function\_.L:1#issueCommand(&lt;function&gt;:124)&#xa;&#x9;at jdk.nashorn.internal.scripts.Script$Recompilation$44618$3841A$\^function\_.L:1#issueCommand(&lt;function&gt;:124)&#xa;&#x9;at jdk.nashorn.internal.scripts.Script$Recompilation$44618$3841A$\^function\_.L:1#issueCommand(&lt;function&gt;:124)&#xa;&#x9;at jdk.nashorn.internal.scripts.Script$Recompilation$44618$3841A$\^function\_.L:1#issueCommand(&lt;function&gt;:124)&#xa;&#x9;at jdk.nashorn.internal.scripts.Script$Recompilation$44618$3841A$\^function\_.L:1#issueCommand(&lt;function&gt;:124)&#xa;&#x9;at jdk.nashorn.internal.scripts.Script$Recompilation$44618$3841A$\^function\_.L:1#issueCommand(&lt;function&gt;:124)&#xa;&#x9;at jdk.nashorn.internal.scripts.Script$Recompilation$44618$3841A$\^function\_.L:1#issueCommand(&lt;function&gt;:124)&#xa;&#x9;at jdk.nashorn.internal.scripts.Script$Recompilation$44618$3841A$\^function\_.L:1#issueCommand(&lt;function&gt;:124)&#xa;&#x9;at jdk.nashorn.internal.scripts.Script$Recompilation$44618$3841A$\^function\_.L:1#issueCommand(&lt;function&gt;:124)&#xa;&#x9;at jdk.nashorn.internal.scripts.Script$Recompilation$44618$3841A$\^function\_.L:1#issueCommand(&lt;function&gt;:124)&#xa;&#x9;at jdk.nashorn.internal.scripts.Script$Recompilation$44618$3841A$\^function\_.L:1#issueCommand(&lt;function&gt;:124)&#xa;&#x9;at jdk.nashorn.internal.scripts.Script$Recompilation$44618$3841A$\^function\_.L:1#issueCommand(&lt;function&gt;:124)&#xa;&#x9;at jdk.nashorn.internal.scripts.Script$Recompilation$44618$3841A$\^function\_.L:1#issueCommand(&lt;function&gt;:124)&#xa;&#x9;at jdk.nashorn.internal.scripts.Script$Recompilation$44618$3841A$\^function\_.L:1#issueCommand(&lt;function&gt;:124)&#xa;&#x9;at jdk.nashorn.internal.scripts.Script$Recompilation$44618$3841A$\^function\_.L:1#issueCommand(&lt;function&gt;:124)&#xa;&#x9;at jdk.nashorn.internal.scripts.Script$Recompilation$44618$3841A$\^function\_.L:1#issueCommand(&lt;function&gt;:124)&#xa;&#x9;at jdk.nashorn.internal.scripts.Script$Recompilation$44618$3841A$\^function\_.L:1#issueCommand(&lt;function&gt;:124)&#xa;&#x9;at jdk.nashorn.internal.scripts.Script$Recompilation$44618$3841A$\^function\_.L:1#issueCommand(&lt;function&gt;:124)&#xa;&#x9;at jdk.nashorn.internal.scripts.Script$Recompilation$44618$3841A$\^function\_.L:1#issueCommand(&lt;function&gt;:124)&#xa;&#x9;at jdk.nashorn.internal.scripts.Script$Recompilation$44618$3841A$\^function\_.L:1#issueCommand(&lt;function&gt;:124)&#xa;&#x9;at jdk.nashorn.internal.scripts.Script$Recompilation$44618$3841A$\^function\_.L:1#issueCommand(&lt;function&gt;:124)&#xa;&#x9;at jdk.nashorn.internal.scripts.Script$Recompilation$44618$3841A$\^function\_.L:1#issueCommand(&lt;function&gt;:124)&#xa;&#x9;at jdk.nashorn.internal.scripts.Script$Recompilation$44618$3841A$\^function\_.L:1#issueCommand(&lt;function&gt;:124)&#xa;&#x9;at jdk.nashorn.internal.scripts.Script$Recompilation$44618$3841A$\^function\_.L:1#issueCommand(&lt;function&gt;:124)&#xa;&#x9;at jdk.nashorn.internal.scripts.Script$Recompilation$44618$3841A$\^function\_.L:1#issueCommand(&lt;function&gt;:124)&#xa;&#x9;at jdk.nashorn.internal.scripts.Script$Recompilation$44618$3841A$\^function\_.L:1#issueCommand(&lt;function&gt;:124)&#xa;&#x9;at jdk.nashorn.internal.scripts.Script$Recompilation$44618$3841A$\^function\_.L:1#issueCommand(&lt;function&gt;:124)&#xa;&#x9;at jdk.nashorn.internal.scripts.Script$Recompilation$44618$3841A$\^function\_.L:1#issueCommand(&lt;function&gt;:124)&#xa;&#x9;at jdk.nashorn.internal.scripts.Script$Recompilation$44618$3841A$\^function\_.L:1#issueCommand(&lt;function&gt;:124)&#xa;&#x9;at jdk.nashorn.internal.scripts.Script$Recompilation$44618$3841A$\^function\_.L:1#issueCommand(&lt;function&gt;:124)&#xa;&#x9;at jdk.nashorn.internal.scripts.Script$Recompilation$44618$3841A$\^function\_.L:1#issueCommand(&lt;function&gt;:124)&#xa;&#x9;at jdk.nashorn.internal.scripts.Script$Recompilation$44618$3841A$\^function\_.L:1#issueCommand(&lt;function&gt;:124)&#xa;&#x9;at jdk.nashorn.internal.scripts.Script$Recompilation$44618$3841A$\^function\_.L:1#issueCommand(&lt;function&gt;:124)&#xa;&#x9;at jdk.nashorn.internal.scripts.Script$Recompilation$44618$3841A$\^function\_.L:1#issueCommand(&lt;function&gt;:124)&#xa;&#x9;at jdk.nashorn.internal.scripts.Script$Recompilation$44618$3841A$\^function\_.L:1#issueCommand(&lt;function&gt;:124)&#xa;&#x9;at jdk.nashorn.internal.scripts.Script$Recompilation$44618$3841A$\^function\_.L:1#issueCommand(&lt;function&gt;:124)&#xa;&#x9;at jdk.nashorn.internal.scripts.Script$Recompilation$44618$3841A$\^function\_.L:1#issueCommand(&lt;function&gt;:124)&#xa;&#x9;at jdk.nashorn.internal.scripts.Script$Recompilation$44618$3841A$\^function\_.L:1#issueCommand(&lt;function&gt;:124)&#xa;&#x9;at jdk.nashorn.internal.scripts.Script$Recompilation$44618$3841A$\^function\_.L:1#issueCommand(&lt;function&gt;:124)&#xa;&#x9;at jdk.nashorn.internal.scripts.Script$Recompilation$44618$3841A$\^function\_.L:1#issueCommand(&lt;function&gt;:124)&#xa;&#x9;at jdk.nashorn.internal.scripts.Script$Recompilation$44618$3841A$\^function\_.L:1#issueCommand(&lt;function&gt;:124)&#xa;&#x9;at jdk.nashorn.internal.scripts.Script$Recompilation$44618$3841A$\^function\_.L:1#issueCommand(&lt;function&gt;:124)&#xa;&#x9;at jdk.nashorn.internal.scripts.Script$Recompilation$44618$3841A$\^function\_.L:1#issueCommand(&lt;function&gt;:124)&#xa;&#x9;at jdk.nashorn.internal.scripts.Script$Recompilation$44618$3841A$\^function\_.L:1#issueCommand(&lt;function&gt;:124)&#xa;&#x9;at jdk.nashorn.internal.scripts.Script$Recompilation$44618$3841A$\^function\_.L:1#issueCommand(&lt;function&gt;:124)&#xa;&#x9;at jdk.nashorn.internal.scripts.Script$Recompilation$44618$3841A$\^function\_.L:1#issueCommand(&lt;function&gt;:124)&#xa;&#x9;at jdk.nashorn.internal.scripts.Script$Recompilation$44618$3841A$\^function\_.L:1#issueCommand(&lt;function&gt;:124)&#xa;&#x9;at jdk.nashorn.internal.scripts.Script$Recompilation$44618$3841A$\^function\_.L:1#issueCommand(&lt;function&gt;:124)&#xa;&#x9;at jdk.nashorn.internal.scripts.Script$Recompilation$44618$3841A$\^function\_.L:1#issueCommand(&lt;function&gt;:124)&#xa;&#x9;at jdk.nashorn.internal.scripts.Script$Recompilation$44618$3841A$\^function\_.L:1#issueCommand(&lt;function&gt;:124)&#xa;&#x9;at jdk.nashorn.internal.scripts.Script$Recompilation$44618$3841A$\^function\_.L:1#issueCommand(&lt;function&gt;:124)&#xa;&#x9;at jdk.nashorn.internal.scripts.Script$Recompilation$44618$3841A$\^function\_.L:1#issueCommand(&lt;function&gt;:124)&#xa;&#x9;at jdk.nashorn.internal.scripts.Script$Recompilation$44618$3841A$\^function\_.L:1#issueCommand(&lt;function&gt;:124)&#xa;&#x9;at jdk.nashorn.internal.scripts.Script$Recompilation$44618$3841A$\^function\_.L:1#issueCommand(&lt;function&gt;:124)&#xa;&#x9;at jdk.nashorn.internal.scripts.Script$Recompilation$44618$3841A$\^function\_.L:1#issueCommand(&lt;function&gt;:124)&#xa;&#x9;at jdk.nashorn.internal.scripts.Script$Recompilation$44618$3841A$\^function\_.L:1#issueCommand(&lt;function&gt;:124)&#xa;&#x9;at jdk.nashorn.internal.scripts.Script$Recompilation$44618$3841A$\^function\_.L:1#issueCommand(&lt;function&gt;:124)&#xa;&#x9;at jdk.nashorn.internal.scripts.Script$Recompilation$44618$3841A$\^function\_.L:1#issueCommand(&lt;function&gt;:124)&#xa;&#x9;at jdk.nashorn.internal.scripts.Script$Recompilation$44618$3841A$\^function\_.L:1#issueCommand(&lt;function&gt;:124)&#xa;&#x9;at jdk.nashorn.internal.scripts.Script$Recompilation$44618$3841A$\^function\_.L:1#issueCommand(&lt;function&gt;:124)&#xa;&#x9;at jdk.nashorn.internal.scripts.Script$Recompilation$44618$3841A$\^function\_.L:1#issueCommand(&lt;function&gt;:124)&#xa;&#x9;at jdk.nashorn.internal.scripts.Script$Recompilation$44618$3841A$\^function\_.L:1#issueCommand(&lt;function&gt;:124)&#xa;&#x9;at jdk.nashorn.internal.scripts.Script$Recompilation$44618$3841A$\^function\_.L:1#issueCommand(&lt;function&gt;:124)&#xa;&#x9;at jdk.nashorn.internal.scripts.Script$Recompilation$44618$3841A$\^function\_.L:1#issueCommand(&lt;function&gt;:124)&#xa;&#x9;at jdk.nashorn.internal.scripts.Script$Recompilation$44618$3841A$\^function\_.L:1#issueCommand(&lt;function&gt;:124)&#xa;&#x9;at jdk.nashorn.internal.scripts.Script$Recompilation$44618$3841A$\^function\_.L:1#issueCommand(&lt;function&gt;:124)&#xa;&#x9;at jdk.nashorn.internal.scripts.Script$Recompilation$44618$3841A$\^function\_.L:1#issueCommand(&lt;function&gt;:124)&#xa;&#x9;at jdk.nashorn.internal.scripts.Script$Recompilation$44618$3841A$\^function\_.L:1#issueCommand(&lt;function&gt;:124)&#xa;&#x9;at jdk.nashorn.internal.scripts.Script$Recompilation$44618$3841A$\^function\_.L:1#issueCommand(&lt;function&gt;:124)&#xa;&#x9;at jdk.nashorn.internal.scripts.Script$Recompilation$44618$3841A$\^function\_.L:1#issueCommand(&lt;function&gt;:124)&#xa;&#x9;at jdk.nashorn.internal.scripts.Script$Recompilation$44618$3841A$\^function\_.L:1#issueCommand(&lt;function&gt;:124)&#xa;&#x9;at jdk.nashorn.internal.scripts.Script$Recompilation$44618$3841A$\^function\_.L:1#issueCommand(&lt;function&gt;:124)&#xa;&#x9;at jdk.nashorn.internal.scripts.Script$Recompilation$44618$3841A$\^function\_.L:1#issueCommand(&lt;function&gt;:124)&#xa;&#x9;at jdk.nashorn.internal.scripts.Script$Recompilation$44618$3841A$\^function\_.L:1#issueCommand(&lt;function&gt;:124)&#xa;&#x9;at jdk.nashorn.internal.scripts.Script$Recompilation$44618$3841A$\^function\_.L:1#issueCommand(&lt;function&gt;:124)&#xa;&#x9;at jdk.nashorn.internal.scripts.Script$Recompilation$44618$3841A$\^function\_.L:1#issueCommand(&lt;function&gt;:124)&#xa;&#x9;at jdk.nashorn.internal.scripts.Script$Recompilation$44618$3841A$\^function\_.L:1#issueCommand(&lt;function&gt;:124)&#xa;&#x9;at jdk.nashorn.internal.scripts.Script$Recompilation$44618$3841A$\^function\_.L:1#issueCommand(&lt;function&gt;:124)&#xa;&#x9;at jdk.nashorn.internal.scripts.Script$Recompilation$44618$3841A$\^function\_.L:1#issueCommand(&lt;function&gt;:124)&#xa;&#x9;at jdk.nashorn.internal.scripts.Script$Recompilation$44618$3841A$\^function\_.L:1#issueCommand(&lt;function&gt;:124)&#xa;&#x9;at jdk.nashorn.internal.scripts.Script$Recompilation$44618$3841A$\^function\_.L:1#issueCommand(&lt;function&gt;:124)&#xa;&#x9;at jdk.nashorn.internal.scripts.Script$Recompilation$44618$3841A$\^function\_.L:1#issueCommand(&lt;function&gt;:124)&#xa;&#x9;at jdk.nashorn.internal.scripts.Script$Recompilation$44618$3841A$\^function\_.L:1#issueCommand(&lt;function&gt;:124)&#xa;&#x9;at jdk.nashorn.internal.scripts.Script$Recompilation$44618$3841A$\^function\_.L:1#issueCommand(&lt;function&gt;:124)&#xa;&#x9;at jdk.nashorn.internal.scripts.Script$Recompilation$44618$3841A$\^function\_.L:1#issueCommand(&lt;function&gt;:124)&#xa;&#x9;at jdk.nashorn.internal.scripts.Script$Recompilation$44618$3841A$\^function\_.L:1#issueCommand(&lt;function&gt;:124)&#xa;&#x9;at jdk.nashorn.internal.scripts.Script$Recompilation$44618$3841A$\^function\_.L:1#issueCommand(&lt;function&gt;:124)&#xa;&#x9;at jdk.nashorn.internal.scripts.Script$Recompilation$44618$3841A$\^function\_.L:1#issueCommand(&lt;function&gt;:124)&#xa;&#x9;at jdk.nashorn.internal.scripts.Script$Recompilation$44618$3841A$\^function\_.L:1#issueCommand(&lt;function&gt;:124)&#xa;&#x9;at jdk.nashorn.internal.scripts.Script$Recompilation$44618$3841A$\^function\_.L:1#issueCommand(&lt;function&gt;:124)&#xa;&#x9;at jdk.nashorn.internal.scripts.Script$Recompilation$44618$3841A$\^function\_.L:1#issueCommand(&lt;function&gt;:124)&#xa;&#x9;at jdk.nashorn.internal.scripts.Script$Recompilation$44618$3841A$\^function\_.L:1#issueCommand(&lt;function&gt;:124)&#xa;&#x9;at jdk.nashorn.internal.scripts.Script$Recompilation$44618$3841A$\^function\_.L:1#issueCommand(&lt;function&gt;:124)&#xa;&#x9;at jdk.nashorn.internal.scripts.Script$Recompilation$44618$3841A$\^function\_.L:1#issueCommand(&lt;function&gt;:124)&#xa;&#x9;at jdk.nashorn.internal.scripts.Script$Recompilation$44618$3841A$\^function\_.L:1#issueCommand(&lt;function&gt;:124)&#xa;&#x9;at jdk.nashorn.internal.scripts.Script$Recompilation$44618$3841A$\^function\_.L:1#issueCommand(&lt;function&gt;:124)&#xa;&#x9;at jdk.nashorn.internal.scripts.Script$Recompilation$44618$3841A$\^function\_.L:1#issueCommand(&lt;function&gt;:124)&#xa;&#x9;at jdk.nashorn.internal.scripts.Script$Recompilation$44618$3841A$\^function\_.L:1#issueCommand(&lt;function&gt;:124)&#xa;&#x9;at jdk.nashorn.internal.scripts.Script$Recompilation$44618$3841A$\^function\_.L:1#issueCommand(&lt;function&gt;:124)&#xa;&#x9;at jdk.nashorn.internal.scripts.Script$Recompilation$44618$3841A$\^function\_.L:1#issueCommand(&lt;function&gt;:124)&#xa;&#x9;at jdk.nashorn.internal.scripts.Script$Recompilation$44618$3841A$\^function\_.L:1#issueCommand(&lt;function&gt;:124)&#xa;&#x9;at jdk.nashorn.internal.scripts.Script$Recompilation$44618$3841A$\^function\_.L:1#issueCommand(&lt;function&gt;:124)&#xa;&#x9;at jdk.nashorn.internal.scripts.Script$Recompilation$44618$3841A$\^function\_.L:1#issueCommand(&lt;function&gt;:124)&#xa;&#x9;at jdk.nashorn.internal.scripts.Script$Recompilation$44618$3841A$\^function\_.L:1#issueCommand(&lt;function&gt;:124)&#xa;&#x9;at jdk.nashorn.internal.scripts.Script$Recompilation$44618$3841A$\^function\_.L:1#issueCommand(&lt;function&gt;:124)&#xa;&#x9;at jdk.nashorn.internal.scripts.Script$Recompilation$44618$3841A$\^function\_.L:1#issueCommand(&lt;function&gt;:124)&#xa;&#x9;at jdk.nashorn.internal.scripts.Script$Recompilation$44618$3841A$\^function\_.L:1#issueCommand(&lt;function&gt;:124)&#xa;&#x9;at jdk.nashorn.internal.scripts.Script$Recompilation$44618$3841A$\^function\_.L:1#issueCommand(&lt;function&gt;:124)&#xa;&#x9;at jdk.nashorn.internal.scripts.Script$Recompilation$44618$3841A$\^function\_.L:1#issueCommand(&lt;function&gt;:124)&#xa;&#x9;at jdk.nashorn.internal.scripts.Script$Recompilation$44618$3841A$\^function\_.L:1#issueCommand(&lt;function&gt;:124)&#xa;&#x9;at jdk.nashorn.internal.scripts.Script$Recompilation$44618$3841A$\^function\_.L:1#issueCommand(&lt;function&gt;:124)&#xa;&#x9;at jdk.nashorn.internal.scripts.Script$Recompilation$44618$3841A$\^function\_.L:1#issueCommand(&lt;function&gt;:124)&#xa;&#x9;at jdk.nashorn.internal.scripts.Script$Recompilation$44618$3841A$\^function\_.L:1#issueCommand(&lt;function&gt;:124)&#xa;&#x9;at jdk.nashorn.internal.scripts.Script$Recompilation$44618$3841A$\^function\_.L:1#issueCommand(&lt;function&gt;:124)&#xa;&#x9;at jdk.nashorn.internal.scripts.Script$Recompilation$44618$3841A$\^function\_.L:1#issueCommand(&lt;function&gt;:124)&#xa;&#x9;at jdk.nashorn.internal.scripts.Script$Recompilation$44618$3841A$\^function\_.L:1#issueCommand(&lt;function&gt;:124)&#xa;&#x9;at jdk.nashorn.internal.scripts.Script$Recompilation$44618$3841A$\^function\_.L:1#issueCommand(&lt;function&gt;:124)&#xa;&#x9;at jdk.nashorn.internal.scripts.Script$Recompilation$44618$3841A$\^function\_.L:1#issueCommand(&lt;function&gt;:124)&#xa;&#x9;at jdk.nashorn.internal.scripts.Script$Recompilation$44618$3841A$\^function\_.L:1#issueCommand(&lt;function&gt;:124)&#xa;&#x9;at jdk.nashorn.internal.scripts.Script$Recompilation$44618$3841A$\^function\_.L:1#issueCommand(&lt;function&gt;:124)&#xa;&#x9;at jdk.nashorn.internal.scripts.Script$Recompilation$44618$3841A$\^function\_.L:1#issueCommand(&lt;function&gt;:124)&#xa;&#x9;at jdk.nashorn.internal.scripts.Script$Recompilation$44618$3841A$\^function\_.L:1#issueCommand(&lt;function&gt;:124)&#xa;&#x9;at jdk.nashorn.internal.scripts.Script$Recompilation$44618$3841A$\^function\_.L:1#issueCommand(&lt;function&gt;:124)&#xa;&#x9;at jdk.nashorn.internal.scripts.Script$Recompilation$44618$3841A$\^function\_.L:1#issueCommand(&lt;function&gt;:124)&#xa;&#x9;at jdk.nashorn.internal.scripts.Script$Recompilation$44618$3841A$\^function\_.L:1#issueCommand(&lt;function&gt;:124)&#xa;&#x9;at jdk.nashorn.internal.scripts.Script$Recompilation$44618$3841A$\^function\_.L:1#issueCommand(&lt;function&gt;:124)&#xa;&#x9;at jdk.nashorn.internal.scripts.Script$Recompilation$44618$3841A$\^function\_.L:1#issueCommand(&lt;function&gt;:124)&#xa;&#x9;at jdk.nashorn.internal.scripts.Script$Recompilation$44618$3841A$\^function\_.L:1#issueCommand(&lt;function&gt;:124)&#xa;&#x9;at jdk.nashorn.internal.scripts.Script$Recompilation$44618$3841A$\^function\_.L:1#issueCommand(&lt;function&gt;:124)&#xa;&#x9;at jdk.nashorn.internal.scripts.Script$Recompilation$44618$3841A$\^function\_.L:1#issueCommand(&lt;function&gt;:124)&#xa;&#x9;at jdk.nashorn.internal.scripts.Script$Recompilation$44618$3841A$\^function\_.L:1#issueCommand(&lt;function&gt;:124)&#xa;&#x9;at jdk.nashorn.internal.scripts.Script$Recompilation$44618$3841A$\^function\_.L:1#issueCommand(&lt;function&gt;:124)&#xa;&#x9;at jdk.nashorn.internal.scripts.Script$Recompilation$44618$3841A$\^function\_.L:1#issueCommand(&lt;function&gt;:124)&#xa;&#x9;at jdk.nashorn.internal.scripts.Script$Recompilation$44618$3841A$\^function\_.L:1#issueCommand(&lt;function&gt;:124)&#xa;&#x9;at jdk.nashorn.internal.scripts.Script$Recompilation$44618$3841A$\^function\_.L:1#issueCommand(&lt;function&gt;:124)&#xa;&#x9;at jdk.nashorn.internal.scripts.Script$Recompilation$44618$3841A$\^function\_.L:1#issueCommand(&lt;function&gt;:124)&#xa;&#x9;at jdk.nashorn.internal.scripts.Script$Recompilation$44618$3841A$\^function\_.L:1#issueCommand(&lt;function&gt;:124)&#xa;&#x9;at jdk.nashorn.internal.scripts.Script$Recompilation$44618$3841A$\^function\_.L:1#issueCommand(&lt;function&gt;:124)&#xa;&#x9;at jdk.nashorn.internal.scripts.Script$Recompilation$44618$3841A$\^function\_.L:1#issueCommand(&lt;function&gt;:124)&#xa;&#x9;at jdk.nashorn.internal.scripts.Script$Recompilation$44618$3841A$\^function\_.L:1#issueCommand(&lt;function&gt;:124)&#xa;&#x9;at jdk.nashorn.internal.scripts.Script$Recompilation$44618$3841A$\^function\_.L:1#issueCommand(&lt;function&gt;:124)&#xa;&#x9;at jdk.nashorn.internal.scripts.Script$Recompilation$44618$3841A$\^function\_.L:1#issueCommand(&lt;function&gt;:124)&#xa;&#x9;at jdk.nashorn.internal.scripts.Script$Recompilation$44618$3841A$\^function\_.L:1#issueCommand(&lt;function&gt;:124)&#xa;&#x9;at jdk.nashorn.internal.scripts.Script$Recompilation$44618$3841A$\^function\_.L:1#issueCommand(&lt;function&gt;:124)&#xa;&#x9;at jdk.nashorn.internal.scripts.Script$Recompilation$44618$3841A$\^function\_.L:1#issueCommand(&lt;function&gt;:124)&#xa;&#x9;at jdk.nashorn.internal.scripts.Script$Recompilation$44618$3841A$\^function\_.L:1#issueCommand(&lt;function&gt;:124)&#xa;&#x9;at jdk.nashorn.internal.scripts.Script$Recompilation$44618$3841A$\^function\_.L:1#issueCommand(&lt;function&gt;:124)&#xa;&#x9;at jdk.nashorn.internal.scripts.Script$Recompilation$44618$3841A$\^function\_.L:1#issueCommand(&lt;function&gt;:124)&#xa;&#x9;at jdk.nashorn.internal.scripts.Script$Recompilation$44618$3841A$\^function\_.L:1#issueCommand(&lt;function&gt;:124)&#xa;&#x9;at jdk.nashorn.internal.scripts.Script$Recompilation$44618$3841A$\^function\_.L:1#issueCommand(&lt;function&gt;:124)&#xa;&#x9;at jdk.nashorn.internal.scripts.Script$Recompilation$44618$3841A$\^function\_.L:1#issueCommand(&lt;function&gt;:124)&#xa;&#x9;at jdk.nashorn.internal.scripts.Script$Recompilation$44618$3841A$\^function\_.L:1#issueCommand(&lt;function&gt;:124)&#xa;&#x9;at jdk.nashorn.internal.scripts.Script$Recompilation$44618$3841A$\^function\_.L:1#issueCommand(&lt;function&gt;:124)&#xa;&#x9;at jdk.nashorn.internal.scripts.Script$Recompilation$44618$3841A$\^function\_.L:1#issueCommand(&lt;function&gt;:124)&#xa;&#x9;at jdk.nashorn.internal.scripts.Script$Recompilation$44618$3841A$\^function\_.L:1#issueCommand(&lt;function&gt;:124)&#xa;&#x9;at jdk.nashorn.internal.scripts.Script$Recompilation$44618$3841A$\^function\_.L:1#issueCommand(&lt;function&gt;:124)&#xa;&#x9;at jdk.nashorn.internal.scripts.Script$Recompilation$44618$3841A$\^function\_.L:1#issueCommand(&lt;function&gt;:124)&#xa;&#x9;at jdk.nashorn.internal.scripts.Script$Recompilation$44618$3841A$\^function\_.L:1#issueCommand(&lt;function&gt;:124)&#xa;&#x9;at jdk.nashorn.internal.scripts.Script$Recompilation$44618$3841A$\^function\_.L:1#issueCommand(&lt;function&gt;:124)&#xa;&#x9;at jdk.nashorn.internal.scripts.Script$Recompilation$44618$3841A$\^function\_.L:1#issueCommand(&lt;function&gt;:124)&#xa;&#x9;at jdk.nashorn.internal.scripts.Script$Recompilation$44618$3841A$\^function\_.L:1#issueCommand(&lt;function&gt;:124)&#xa;&#x9;at jdk.nashorn.internal.scripts.Script$Recompilation$44618$3841A$\^function\_.L:1#issueCommand(&lt;function&gt;:124)&#xa;&#x9;at jdk.nashorn.internal.scripts.Script$Recompilation$44618$3841A$\^function\_.L:1#issueCommand(&lt;function&gt;:124)&#xa;&#x9;at jdk.nashorn.internal.scripts.Script$Recompilation$44618$3841A$\^function\_.L:1#issueCommand(&lt;function&gt;:124)&#xa;&#x9;at jdk.nashorn.internal.scripts.Script$Recompilation$44618$3841A$\^function\_.L:1#issueCommand(&lt;function&gt;:124)&#xa;&#x9;at jdk.nashorn.internal.scripts.Script$Recompilation$44618$3841A$\^function\_.L:1#issueCommand(&lt;function&gt;:124)&#xa;&#x9;at jdk.nashorn.internal.scripts.Script$Recompilation$44618$3841A$\^function\_.L:1#issueCommand(&lt;function&gt;:124)&#xa;&#x9;at jdk.nashorn.internal.scripts.Script$Recompilation$44618$3841A$\^function\_.L:1#issueCommand(&lt;function&gt;:124)&#xa;&#x9;at jdk.nashorn.internal.scripts.Script$Recompilation$44618$3841A$\^function\_.L:1#issueCommand(&lt;function&gt;:124)&#xa;&#x9;at jdk.nashorn.internal.scripts.Script$Recompilation$44618$3841A$\^function\_.L:1#issueCommand(&lt;function&gt;:124)&#xa;&#x9;at jdk.nashorn.internal.scripts.Script$Recompilation$44618$3841A$\^function\_.L:1#issueCommand(&lt;function&gt;:124)&#xa;&#x9;at jdk.nashorn.internal.scripts.Script$Recompilation$44618$3841A$\^function\_.L:1#issueCommand(&lt;function&gt;:124)&#xa;&#x9;at jdk.nashorn.internal.scripts.Script$Recompilation$44618$3841A$\^function\_.L:1#issueCommand(&lt;function&gt;:124)&#xa;&#x9;at jdk.nashorn.internal.scripts.Script$Recompilation$44618$3841A$\^function\_.L:1#issueCommand(&lt;function&gt;:124)&#xa;&#x9;at jdk.nashorn.internal.scripts.Script$Recompilation$44618$3841A$\^function\_.L:1#issueCommand(&lt;function&gt;:124)&#xa;&#x9;at jdk.nashorn.internal.scripts.Script$Recompilation$44618$3841A$\^function\_.L:1#issueCommand(&lt;function&gt;:124)&#xa;&#x9;at jdk.nashorn.internal.scripts.Script$Recompilation$44618$3841A$\^function\_.L:1#issueCommand(&lt;function&gt;:124)&#xa;&#x9;at jdk.nashorn.internal.scripts.Script$Recompilation$44618$3841A$\^function\_.L:1#issueCommand(&lt;function&gt;:124)&#xa;&#x9;at jdk.nashorn.internal.scripts.Script$Recompilation$44618$3841A$\^function\_.L:1#issueCommand(&lt;function&gt;:124)&#xa;&#x9;at jdk.nashorn.internal.scripts.Script$Recompilation$44618$3841A$\^function\_.L:1#issueCommand(&lt;function&gt;:124)&#xa;&#x9;at jdk.nashorn.internal.scripts.Script$Recompilation$44618$3841A$\^function\_.L:1#issueCommand(&lt;function&gt;:124)&#xa;&#x9;at jdk.nashorn.internal.scripts.Script$Recompilation$44618$3841A$\^function\_.L:1#issueCommand(&lt;function&gt;:124)&#xa;&#x9;at jdk.nashorn.internal.scripts.Script$Recompilation$44618$3841A$\^function\_.L:1#issueCommand(&lt;function&gt;:124)&#xa;&#x9;at jdk.nashorn.internal.scripts.Script$Recompilation$44618$3841A$\^function\_.L:1#issueCommand(&lt;function&gt;:124)&#xa;&#x9;at jdk.nashorn.internal.scripts.Script$Recompilation$44618$3841A$\^function\_.L:1#issueCommand(&lt;function&gt;:124)&#xa;&#x9;at jdk.nashorn.internal.scripts.Script$Recompilation$44618$3841A$\^function\_.L:1#issueCommand(&lt;function&gt;:124)&#xa;&#x9;at jdk.nashorn.internal.scripts.Script$Recompilation$44618$3841A$\^function\_.L:1#issueCommand(&lt;function&gt;:124)&#xa;&#x9;at jdk.nashorn.internal.scripts.Script$Recompilation$44618$3841A$\^function\_.L:1#issueCommand(&lt;function&gt;:124)&#xa;&#x9;at jdk.nashorn.internal.scripts.Script$Recompilation$44618$3841A$\^function\_.L:1#issueCommand(&lt;function&gt;:124)&#xa;&#x9;at jdk.nashorn.internal.scripts.Script$Recompilation$44618$3841A$\^function\_.L:1#issueCommand(&lt;function&gt;:124)&#xa;&#x9;at jdk.nashorn.internal.scripts.Script$Recompilation$44618$3841A$\^function\_.L:1#issueCommand(&lt;function&gt;:124)&#xa;&#x9;at jdk.nashorn.internal.scripts.Script$Recompilation$44618$3841A$\^function\_.L:1#issueCommand(&lt;function&gt;:124)&#xa;&#x9;at jdk.nashorn.internal.scripts.Script$Recompilation$44618$3841A$\^function\_.L:1#issueCommand(&lt;function&gt;:124)&#xa;&#x9;at jdk.nashorn.internal.scripts.Script$Recompilation$44618$3841A$\^function\_.L:1#issueCommand(&lt;function&gt;:124)&#xa;&#x9;at jdk.nashorn.internal.scripts.Script$Recompilation$44618$3841A$\^function\_.L:1#issueCommand(&lt;function&gt;:124)&#xa;&#x9;at jdk.nashorn.internal.scripts.Script$Recompilation$44618$3841A$\^function\_.L:1#issueCommand(&lt;function&gt;:124)&#xa;&#x9;at jdk.nashorn.internal.scripts.Script$Recompilation$44618$3841A$\^function\_.L:1#issueCommand(&lt;function&gt;:124)&#xa;&#x9;at jdk.nashorn.internal.scripts.Script$Recompilation$44618$3841A$\^function\_.L:1#issueCommand(&lt;function&gt;:124)&#xa;&#x9;at jdk.nashorn.internal.scripts.Script$Recompilation$44618$3841A$\^function\_.L:1#issueCommand(&lt;function&gt;:124)&#xa;&#x9;at jdk.nashorn.internal.scripts.Script$Recompilation$44618$3841A$\^function\_.L:1#issueCommand(&lt;function&gt;:124)&#xa;&#x9;at jdk.nashorn.internal.scripts.Script$Recompilation$44618$3841A$\^function\_.L:1#issueCommand(&lt;function&gt;:124)&#xa;&#x9;at jdk.nashorn.internal.scripts.Script$Recompilation$44618$3841A$\^function\_.L:1#issueCommand(&lt;function&gt;:124)&#xa;&#x9;at jdk.nashorn.internal.scripts.Script$Recompilation$44618$3841A$\^function\_.L:1#issueCommand(&lt;function&gt;:124)&#xa;&#x9;at jdk.nashorn.internal.scripts.Script$Recompilation$44618$3841A$\^function\_.L:1#issueCommand(&lt;function&gt;:124)&#xa;&#x9;at jdk.nashorn.internal.scripts.Script$Recompilation$44618$3841A$\^function\_.L:1#issueCommand(&lt;function&gt;:124)&#xa;&#x9;at jdk.nashorn.internal.scripts.Script$Recompilation$44618$3841A$\^function\_.L:1#issueCommand(&lt;function&gt;:124)&#xa;&#x9;at jdk.nashorn.internal.scripts.Script$Recompilation$44618$3841A$\^function\_.L:1#issueCommand(&lt;function&gt;:124)&#xa;&#x9;at jdk.nashorn.internal.scripts.Script$Recompilation$44618$3841A$\^function\_.L:1#issueCommand(&lt;function&gt;:124)&#xa;&#x9;at jdk.nashorn.internal.scripts.Script$Recompilation$44618$3841A$\^function\_.L:1#issueCommand(&lt;function&gt;:124)&#xa;&#x9;at jdk.nashorn.internal.scripts.Script$Recompilation$44618$3841A$\^function\_.L:1#issueCommand(&lt;function&gt;:124)&#xa;&#x9;at jdk.nashorn.internal.scripts.Script$Recompilation$44618$3841A$\^function\_.L:1#issueCommand(&lt;function&gt;:124)&#xa;&#x9;at jdk.nashorn.internal.scripts.Script$Recompilation$44618$3841A$\^function\_.L:1#issueCommand(&lt;function&gt;:124)&#xa;&#x9;at jdk.nashorn.internal.scripts.Script$Recompilation$44618$3841A$\^function\_.L:1#issueCommand(&lt;function&gt;:124)&#xa;&#x9;at jdk.nashorn.internal.scripts.Script$Recompilation$44618$3841A$\^function\_.L:1#issueCommand(&lt;function&gt;:124)&#xa;&#x9;at jdk.nashorn.internal.scripts.Script$Recompilation$44618$3841A$\^function\_.L:1#issueCommand(&lt;function&gt;:124)&#xa;&#x9;at jdk.nashorn.internal.scripts.Script$Recompilation$44618$3841A$\^function\_.L:1#issueCommand(&lt;function&gt;:124)&#xa;&#x9;at jdk.nashorn.internal.scripts.Script$Recompilation$44618$3841A$\^function\_.L:1#issueCommand(&lt;function&gt;:124)&#xa;&#x9;at jdk.nashorn.internal.scripts.Script$Recompilation$44618$3841A$\^function\_.L:1#issueCommand(&lt;function&gt;:124)&#xa;&#x9;at jdk.nashorn.internal.scripts.Script$Recompilation$44618$3841A$\^function\_.L:1#issueCommand(&lt;function&gt;:124)&#xa;&#x9;at jdk.nashorn.internal.scripts.Script$Recompilation$44618$3841A$\^function\_.L:1#issueCommand(&lt;function&gt;:124)&#xa;&#x9;at jdk.nashorn.internal.scripts.Script$Recompilation$44618$3841A$\^function\_.L:1#issueCommand(&lt;function&gt;:124)&#xa;&#x9;at jdk.nashorn.internal.scripts.Script$Recompilation$44618$3841A$\^function\_.L:1#issueCommand(&lt;function&gt;:124)&#xa;&#x9;at jdk.nashorn.internal.scripts.Script$Recompilation$44618$3841A$\^function\_.L:1#issueCommand(&lt;function&gt;:124)&#xa;&#x9;at jdk.nashorn.internal.scripts.Script$Recompilation$44618$3841A$\^function\_.L:1#issueCommand(&lt;function&gt;:124)&#xa;&#x9;at jdk.nashorn.internal.scripts.Script$Recompilation$44618$3841A$\^function\_.L:1#issueCommand(&lt;function&gt;:124)&#xa;&#x9;at jdk.nashorn.internal.scripts.Script$Recompilation$44618$3841A$\^function\_.L:1#issueCommand(&lt;function&gt;:124)&#xa;&#x9;at jdk.nashorn.internal.scripts.Script$Recompilation$44618$3841A$\^function\_.L:1#issueCommand(&lt;function&gt;:124)&#xa;&#x9;at jdk.nashorn.internal.scripts.Script$Recompilation$44618$3841A$\^function\_.L:1#issueCommand(&lt;function&gt;:124)&#xa;&#x9;at jdk.nashorn.internal.scripts.Script$Recompilation$44618$3841A$\^function\_.L:1#issueCommand(&lt;function&gt;:124)&#xa;&#x9;at jdk.nashorn.internal.scripts.Script$Recompilation$44618$3841A$\^function\_.L:1#issueCommand(&lt;function&gt;:124)&#xa;&#x9;at jdk.nashorn.internal.scripts.Script$Recompilation$44618$3841A$\^function\_.L:1#issueCommand(&lt;function&gt;:124)&#xa;&#x9;at jdk.nashorn.internal.scripts.Script$Recompilation$44618$3841A$\^function\_.L:1#issueCommand(&lt;function&gt;:124)&#xa;&#x9;at jdk.nashorn.internal.scripts.Script$Recompilation$44618$3841A$\^function\_.L:1#issueCommand(&lt;function&gt;:124)&#xa;&#x9;at jdk.nashorn.internal.scripts.Script$Recompilation$44618$3841A$\^function\_.L:1#issueCommand(&lt;function&gt;:124)&#xa;&#x9;at jdk.nashorn.internal.scripts.Script$Recompilation$44618$3841A$\^function\_.L:1#issueCommand(&lt;function&gt;:124)&#xa;&#x9;at jdk.nashorn.internal.scripts.Script$Recompilation$44618$3841A$\^function\_.L:1#issueCommand(&lt;function&gt;:124)&#xa;&#x9;at jdk.nashorn.internal.scripts.Script$Recompilation$44618$3841A$\^function\_.L:1#issueCommand(&lt;function&gt;:124)&#xa;&#x9;at jdk.nashorn.internal.scripts.Script$Recompilation$44618$3841A$\^function\_.L:1#issueCommand(&lt;function&gt;:124)&#xa;&#x9;at jdk.nashorn.internal.scripts.Script$Recompilation$44618$3841A$\^function\_.L:1#issueCommand(&lt;function&gt;:124)&#xa;&#x9;at jdk.nashorn.internal.scripts.Script$Recompilation$44618$3841A$\^function\_.L:1#issueCommand(&lt;function&gt;:124)&#xa;&#x9;at jdk.nashorn.internal.scripts.Script$Recompilation$44618$3841A$\^function\_.L:1#issueCommand(&lt;function&gt;:124)&#xa;&#x9;at jdk.nashorn.internal.scripts.Script$Recompilation$44618$3841A$\^function\_.L:1#issueCommand(&lt;function&gt;:124)&#xa;&#x9;at jdk.nashorn.internal.scripts.Script$Recompilation$44618$3841A$\^function\_.L:1#issueCommand(&lt;function&gt;:124)&#xa;&#x9;at jdk.nashorn.internal.scripts.Script$Recompilation$44618$3841A$\^function\_.L:1#issueCommand(&lt;function&gt;:124)&#xa;&#x9;at jdk.nashorn.internal.scripts.Script$Recompilation$44618$3841A$\^function\_.L:1#issueCommand(&lt;function&gt;:124)&#xa;&#x9;at jdk.nashorn.internal.scripts.Script$Recompilation$44618$3841A$\^function\_.L:1#issueCommand(&lt;function&gt;:124)&#xa;&#x9;at jdk.nashorn.internal.scripts.Script$Recompilation$44618$3841A$\^function\_.L:1#issueCommand(&lt;function&gt;:124)&#xa;&#x9;at jdk.nashorn.internal.scripts.Script$Recompilation$44618$3841A$\^function\_.L:1#issueCommand(&lt;function&gt;:124)&#xa;&#x9;at jdk.nashorn.internal.scripts.Script$Recompilation$44618$3841A$\^function\_.L:1#issueCommand(&lt;function&gt;:124)&#xa;&#x9;at jdk.nashorn.internal.scripts.Script$Recompilation$44618$3841A$\^function\_.L:1#issueCommand(&lt;function&gt;:124)&#xa;&#x9;at jdk.nashorn.internal.scripts.Script$Recompilation$44618$3841A$\^function\_.L:1#issueCommand(&lt;function&gt;:124)&#xa;&#x9;at jdk.nashorn.internal.scripts.Script$Recompilation$44618$3841A$\^function\_.L:1#issueCommand(&lt;function&gt;:124)&#xa;&#x9;at jdk.nashorn.internal.scripts.Script$Recompilation$44618$3841A$\^function\_.L:1#issueCommand(&lt;function&gt;:124)&#xa;&#x9;at jdk.nashorn.internal.scripts.Script$Recompilation$44618$3841A$\^function\_.L:1#issueCommand(&lt;function&gt;:124)&#xa;&#x9;at jdk.nashorn.internal.scripts.Script$Recompilation$44618$3841A$\^function\_.L:1#issueCommand(&lt;function&gt;:124)&#xa;&#x9;at jdk.nashorn.internal.scripts.Script$Recompilation$44618$3841A$\^function\_.L:1#issueCommand(&lt;function&gt;:124)&#xa;&#x9;at jdk.nashorn.internal.scripts.Script$Recompilation$44618$3841A$\^function\_.L:1#issueCommand(&lt;function&gt;:124)&#xa;&#x9;at jdk.nashorn.internal.scripts.Script$Recompilation$44618$3841A$\^function\_.L:1#issueCommand(&lt;function&gt;:124)&#xa;&#x9;at jdk.nashorn.internal.scripts.Script$Recompilation$44618$3841A$\^function\_.L:1#issueCommand(&lt;function&gt;:124)&#xa;&#x9;at jdk.nashorn.internal.scripts.Script$Recompilation$44618$3841A$\^function\_.L:1#issueCommand(&lt;function&gt;:124)&#xa;&#x9;at jdk.nashorn.internal.scripts.Script$Recompilation$44618$3841A$\^function\_.L:1#issueCommand(&lt;function&gt;:124)&#xa;&#x9;at jdk.nashorn.internal.scripts.Script$Recompilation$44618$3841A$\^function\_.L:1#issueCommand(&lt;function&gt;:124)&#xa;&#x9;at jdk.nashorn.internal.scripts.Script$Recompilation$44618$3841A$\^function\_.L:1#issueCommand(&lt;function&gt;:124)&#xa;&#x9;at jdk.nashorn.internal.scripts.Script$Recompilation$44618$3841A$\^function\_.L:1#issueCommand(&lt;function&gt;:124)&#xa;&#x9;at jdk.nashorn.internal.scripts.Script$Recompilation$44618$3841A$\^function\_.L:1#issueCommand(&lt;function&gt;:124)&#xa;&#x9;at jdk.nashorn.internal.scripts.Script$Recompilation$44618$3841A$\^function\_.L:1#issueCommand(&lt;function&gt;:124)&#xa;&#x9;at jdk.nashorn.internal.scripts.Script$Recompilation$44618$3841A$\^function\_.L:1#issueCommand(&lt;function&gt;:124)&#xa;&#x9;at jdk.nashorn.internal.scripts.Script$Recompilation$44618$3841A$\^function\_.L:1#issueCommand(&lt;function&gt;:124)&#xa;&#x9;at jdk.nashorn.internal.scripts.Script$Recompilation$44618$3841A$\^function\_.L:1#issueCommand(&lt;function&gt;:124)&#xa;&#x9;at jdk.nashorn.internal.scripts.Script$Recompilation$44618$3841A$\^function\_.L:1#issueCommand(&lt;function&gt;:124)&#xa;&#x9;at jdk.nashorn.internal.scripts.Script$Recompilation$44618$3841A$\^function\_.L:1#issueCommand(&lt;function&gt;:124)&#xa;&#x9;at jdk.nashorn.internal.scripts.Script$Recompilation$44618$3841A$\^function\_.L:1#issueCommand(&lt;function&gt;:124)&#xa;&#x9;at jdk.nashorn.internal.scripts.Script$Recompilation$44618$3841A$\^function\_.L:1#issueCommand(&lt;function&gt;:124)&#xa;&#x9;at jdk.nashorn.internal.scripts.Script$Recompilation$44618$3841A$\^function\_.L:1#issueCommand(&lt;function&gt;:124)&#xa;&#x9;at jdk.nashorn.internal.scripts.Script$Recompilation$44618$3841A$\^function\_.L:1#issueCommand(&lt;function&gt;:124)&#xa;&#x9;at jdk.nashorn.internal.scripts.Script$Recompilation$44618$3841A$\^function\_.L:1#issueCommand(&lt;function&gt;:124)&#xa;&#x9;at jdk.nashorn.internal.scripts.Script$Recompilation$44618$3841A$\^function\_.L:1#issueCommand(&lt;function&gt;:124)&#xa;&#x9;at jdk.nashorn.internal.scripts.Script$Recompilation$44618$3841A$\^function\_.L:1#issueCommand(&lt;function&gt;:124)&#xa;&#x9;at jdk.nashorn.internal.scripts.Script$Recompilation$44618$3841A$\^function\_.L:1#issueCommand(&lt;function&gt;:124)&#xa;&#x9;at jdk.nashorn.internal.scripts.Script$Recompilation$44618$3841A$\^function\_.L:1#issueCommand(&lt;function&gt;:124)&#xa;&#x9;at jdk.nashorn.internal.scripts.Script$Recompilation$44618$3841A$\^function\_.L:1#issueCommand(&lt;function&gt;:124)&#xa;&#x9;at jdk.nashorn.internal.scripts.Script$Recompilation$44618$3841A$\^function\_.L:1#issueCommand(&lt;function&gt;:124)&#xa;&#x9;at jdk.nashorn.internal.scripts.Script$Recompilation$44618$3841A$\^function\_.L:1#issueCommand(&lt;function&gt;:124)&#xa;&#x9;at jdk.nashorn.internal.scripts.Script$Recompilation$44618$3841A$\^function\_.L:1#issueCommand(&lt;function&gt;:124)&#xa;&#x9;at jdk.nashorn.internal.scripts.Script$Recompilation$44618$3841A$\^function\_.L:1#issueCommand(&lt;function&gt;:124)&#xa;&#x9;at jdk.nashorn.internal.scripts.Script$Recompilation$44618$3841A$\^function\_.L:1#issueCommand(&lt;function&gt;:124)&#xa;&#x9;at jdk.nashorn.internal.scripts.Script$Recompilation$44618$3841A$\^function\_.L:1#issueCommand(&lt;function&gt;:124)&#xa;&#x9;at jdk.nashorn.internal.scripts.Script$Recompilation$44618$3841A$\^function\_.L:1#issueCommand(&lt;function&gt;:124)&#xa;&#x9;at jdk.nashorn.internal.scripts.Script$Recompilation$44618$3841A$\^function\_.L:1#issueCommand(&lt;function&gt;:124)&#xa;&#x9;at jdk.nashorn.internal.scripts.Script$Recompilation$44618$3841A$\^function\_.L:1#issueCommand(&lt;function&gt;:124)&#xa;&#x9;at jdk.nashorn.internal.scripts.Script$Recompilation$44618$3841A$\^function\_.L:1#issueCommand(&lt;function&gt;:124)&#xa;&#x9;at jdk.nashorn.internal.scripts.Script$Recompilation$44618$3841A$\^function\_.L:1#issueCommand(&lt;function&gt;:124)&#xa;&#x9;at jdk.nashorn.internal.scripts.Script$Recompilation$44618$3841A$\^function\_.L:1#issueCommand(&lt;function&gt;:124)&#xa;&#x9;at jdk.nashorn.internal.scripts.Script$Recompilation$44618$3841A$\^function\_.L:1#issueCommand(&lt;function&gt;:124)&#xa;&#x9;at jdk.nashorn.internal.scripts.Script$Recompilation$44618$3841A$\^function\_.L:1#issueCommand(&lt;function&gt;:124)&#xa;&#x9;at jdk.nashorn.internal.scripts.Script$Recompilation$44618$3841A$\^function\_.L:1#issueCommand(&lt;function&gt;:124)&#xa;&#x9;at jdk.nashorn.internal.scripts.Script$Recompilation$44618$3841A$\^function\_.L:1#issueCommand(&lt;function&gt;:124)&#xa;&#x9;at jdk.nashorn.internal.scripts.Script$Recompilation$44618$3841A$\^function\_.L:1#issueCommand(&lt;function&gt;:124)&#xa;&#x9;at jdk.nashorn.internal.scripts.Script$Recompilation$44618$3841A$\^function\_.L:1#issueCommand(&lt;function&gt;:124)&#xa;&#x9;at jdk.nashorn.internal.scripts.Script$Recompilation$44618$3841A$\^function\_.L:1#issueCommand(&lt;function&gt;:124)&#xa;&#x9;at jdk.nashorn.internal.scripts.Script$Recompilation$44618$3841A$\^function\_.L:1#issueCommand(&lt;function&gt;:124)&#xa;&#x9;at jdk.nashorn.internal.scripts.Script$Recompilation$44618$3841A$\^function\_.L:1#issueCommand(&lt;function&gt;:124)&#xa;&#x9;at jdk.nashorn.internal.scripts.Script$Recompilation$44618$3841A$\^function\_.L:1#issueCommand(&lt;function&gt;:124)&#xa;&#x9;at jdk.nashorn.internal.scripts.Script$Recompilation$44618$3841A$\^function\_.L:1#issueCommand(&lt;function&gt;:124)&#xa;&#x9;at jdk.nashorn.internal.scripts.Script$Recompilation$44618$3841A$\^function\_.L:1#issueCommand(&lt;function&gt;:124)&#xa;&#x9;at jdk.nashorn.internal.scripts.Script$Recompilation$44618$3841A$\^function\_.L:1#issueCommand(&lt;function&gt;:124)&#xa;&#x9;at jdk.nashorn.internal.scripts.Script$Recompilation$44618$3841A$\^function\_.L:1#issueCommand(&lt;function&gt;:124)&#xa;&#x9;at jdk.nashorn.internal.scripts.Script$Recompilation$44618$3841A$\^function\_.L:1#issueCommand(&lt;function&gt;:124)&#xa;&#x9;at jdk.nashorn.internal.scripts.Script$Recompilation$44618$3841A$\^function\_.L:1#issueCommand(&lt;function&gt;:124)&#xa;&#x9;at jdk.nashorn.internal.scripts.Script$Recompilation$44618$3841A$\^function\_.L:1#issueCommand(&lt;function&gt;:124)&#xa;&#x9;at jdk.nashorn.internal.scripts.Script$Recompilation$44618$3841A$\^function\_.L:1#issueCommand(&lt;function&gt;:124)&#xa;&#x9;at jdk.nashorn.internal.scripts.Script$Recompilation$44618$3841A$\^function\_.L:1#issueCommand(&lt;function&gt;:124)&#xa;&#x9;at jdk.nashorn.internal.scripts.Script$Recompilation$44618$3841A$\^function\_.L:1#issueCommand(&lt;function&gt;:124)&#xa;&#x9;at jdk.nashorn.internal.scripts.Script$Recompilation$44618$3841A$\^function\_.L:1#issueCommand(&lt;function&gt;:124)&#xa;&#x9;at jdk.nashorn.internal.scripts.Script$Recompilation$44618$3841A$\^function\_.L:1#issueCommand(&lt;function&gt;:124)&#xa;&#x9;at jdk.nashorn.internal.scripts.Script$Recompilation$44618$3841A$\^function\_.L:1#issueCommand(&lt;function&gt;:124)&#xa;&#x9;at jdk.nashorn.internal.scripts.Script$Recompilation$44618$3841A$\^function\_.L:1#issueCommand(&lt;function&gt;:124)&#xa;&#x9;at jdk.nashorn.internal.scripts.Script$Recompilation$44618$3841A$\^function\_.L:1#issueCommand(&lt;function&gt;:124)&#xa;&#x9;at jdk.nashorn.internal.scripts.Script$Recompilation$44618$3841A$\^function\_.L:1#issueCommand(&lt;function&gt;:124)&#xa;&#x9;at jdk.nashorn.internal.scripts.Script$Recompilation$44618$3841A$\^function\_.L:1#issueCommand(&lt;function&gt;:124)&#xa;&#x9;at jdk.nashorn.internal.scripts.Script$Recompilation$44618$3841A$\^function\_.L:1#issueCommand(&lt;function&gt;:124)&#xa;&#x9;at jdk.nashorn.internal.scripts.Script$Recompilation$44618$3841A$\^function\_.L:1#issueCommand(&lt;function&gt;:124)&#xa;&#x9;at jdk.nashorn.internal.scripts.Script$Recompilation$44618$3841A$\^function\_.L:1#issueCommand(&lt;function&gt;:124)&#xa;&#x9;at jdk.nashorn.internal.scripts.Script$Recompilation$44618$3841A$\^function\_.L:1#issueCommand(&lt;function&gt;:124)&#xa;&#x9;at jdk.nashorn.internal.scripts.Script$Recompilation$44618$3841A$\^function\_.L:1#issueCommand(&lt;function&gt;:124)&#xa;&#x9;at jdk.nashorn.internal.scripts.Script$Recompilation$44618$3841A$\^function\_.L:1#issueCommand(&lt;function&gt;:124)&#xa;&#x9;at jdk.nashorn.internal.scripts.Script$Recompilation$44618$3841A$\^function\_.L:1#issueCommand(&lt;function&gt;:124)&#xa;&#x9;at jdk.nashorn.internal.scripts.Script$Recompilation$44618$3841A$\^function\_.L:1#issueCommand(&lt;function&gt;:124)&#xa;&#x9;at jdk.nashorn.internal.scripts.Script$Recompilation$44618$3841A$\^function\_.L:1#issueCommand(&lt;function&gt;:124)&#xa;&#x9;at jdk.nashorn.internal.scripts.Script$Recompilation$44618$3841A$\^function\_.L:1#issueCommand(&lt;function&gt;:124)&#xa;&#x9;at jdk.nashorn.internal.scripts.Script$Recompilation$44618$3841A$\^function\_.L:1#issueCommand(&lt;function&gt;:124)&#xa;&#x9;at jdk.nashorn.internal.scripts.Script$Recompilation$44618$3841A$\^function\_.L:1#issueCommand(&lt;function&gt;:124)&#xa;&#x9;at jdk.nashorn.internal.scripts.Script$Recompilation$44618$3841A$\^function\_.L:1#issueCommand(&lt;function&gt;:124)&#xa;&#x9;at jdk.nashorn.internal.scripts.Script$Recompilation$44618$3841A$\^function\_.L:1#issueCommand(&lt;function&gt;:124)&#xa;&#x9;at jdk.nashorn.internal.scripts.Script$Recompilation$44618$3841A$\^function\_.L:1#issueCommand(&lt;function&gt;:124)&#xa;&#x9;at jdk.nashorn.internal.scripts.Script$Recompilation$44618$3841A$\^function\_.L:1#issueCommand(&lt;function&gt;:124)&#xa;&#x9;at jdk.nashorn.internal.scripts.Script$Recompilation$44618$3841A$\^function\_.L:1#issueCommand(&lt;function&gt;:124)&#xa;&#x9;at jdk.nashorn.internal.scripts.Script$Recompilation$44618$3841A$\^function\_.L:1#issueCommand(&lt;function&gt;:124)&#xa;&#x9;at jdk.nashorn.internal.scripts.Script$Recompilation$44618$3841A$\^function\_.L:1#issueCommand(&lt;function&gt;:124)&#xa;&#x9;at jdk.nashorn.internal.scripts.Script$Recompilation$44618$3841A$\^function\_.L:1#issueCommand(&lt;function&gt;:124)&#xa;&#x9;at jdk.nashorn.internal.scripts.Script$Recompilation$44618$3841A$\^function\_.L:1#issueCommand(&lt;function&gt;:124)&#xa;&#x9;at jdk.nashorn.internal.scripts.Script$Recompilation$44618$3841A$\^function\_.L:1#issueCommand(&lt;function&gt;:124)&#xa;&#x9;at jdk.nashorn.internal.scripts.Script$Recompilation$44618$3841A$\^function\_.L:1#issueCommand(&lt;function&gt;:124)&#xa;&#x9;at jdk.nashorn.internal.scripts.Script$Recompilation$44618$3841A$\^function\_.L:1#issueCommand(&lt;function&gt;:124)&#xa;&#x9;at jdk.nashorn.internal.scripts.Script$Recompilation$44618$3841A$\^function\_.L:1#issueCommand(&lt;function&gt;:124)&#xa;&#x9;at jdk.nashorn.internal.scripts.Script$Recompilation$44618$3841A$\^function\_.L:1#issueCommand(&lt;function&gt;:124)&#xa;&#x9;at jdk.nashorn.internal.scripts.Script$Recompilation$44618$3841A$\^function\_.L:1#issueCommand(&lt;function&gt;:124)&#xa;&#x9;at jdk.nashorn.internal.scripts.Script$Recompilation$44618$3841A$\^function\_.L:1#issueCommand(&lt;function&gt;:124)&#xa;&#x9;at jdk.nashorn.internal.scripts.Script$Recompilation$44618$3841A$\^function\_.L:1#issueCommand(&lt;function&gt;:124)&#xa;&#x9;at jdk.nashorn.internal.scripts.Script$Recompilation$44618$3841A$\^function\_.L:1#issueCommand(&lt;function&gt;:124)&#xa;&#x9;at jdk.nashorn.internal.scripts.Script$Recompilation$44618$3841A$\^function\_.L:1#issueCommand(&lt;function&gt;:124)&#xa;&#x9;at jdk.nashorn.internal.scripts.Script$Recompilation$44618$3841A$\^function\_.L:1#issueCommand(&lt;function&gt;:124)&#xa;&#x9;at jdk.nashorn.internal.scripts.Script$Recompilation$44618$3841A$\^function\_.L:1#issueCommand(&lt;function&gt;:124)&#xa;&#x9;at jdk.nashorn.internal.scripts.Script$Recompilation$44618$3841A$\^function\_.L:1#issueCommand(&lt;function&gt;:124)&#xa;&#x9;at jdk.nashorn.internal.scripts.Script$Recompilation$44618$3841A$\^function\_.L:1#issueCommand(&lt;function&gt;:124)&#xa;&#x9;at jdk.nashorn.internal.scripts.Script$Recompilation$44618$3841A$\^function\_.L:1#issueCommand(&lt;function&gt;:124)&#xa;&#x9;at jdk.nashorn.internal.scripts.Script$Recompilation$44618$3841A$\^function\_.L:1#issueCommand(&lt;function&gt;:124)&#xa;&#x9;at jdk.nashorn.internal.scripts.Script$Recompilation$44618$3841A$\^function\_.L:1#issueCommand(&lt;function&gt;:124)&#xa;&#x9;at jdk.nashorn.internal.scripts.Script$Recompilation$44618$3841A$\^function\_.L:1#issueCommand(&lt;function&gt;:124)&#xa;&#x9;at jdk.nashorn.internal.scripts.Script$Recompilation$44618$3841A$\^function\_.L:1#issueCommand(&lt;function&gt;:124)&#xa;&#x9;at jdk.nashorn.internal.scripts.Script$Recompilation$44618$3841A$\^function\_.L:1#issueCommand(&lt;function&gt;:124)&#xa;&#x9;at jdk.nashorn.internal.scripts.Script$Recompilation$44618$3841A$\^function\_.L:1#issueCommand(&lt;function&gt;:124)&#xa;&#x9;at jdk.nashorn.internal.scripts.Script$Recompilation$44618$3841A$\^function\_.L:1#issueCommand(&lt;function&gt;:124)&#xa;&#x9;at jdk.nashorn.internal.scripts.Script$Recompilation$44618$3841A$\^function\_.L:1#issueCommand(&lt;function&gt;:124)&#xa;&#x9;at jdk.nashorn.internal.scripts.Script$Recompilation$44618$3841A$\^function\_.L:1#issueCommand(&lt;function&gt;:124)&#xa;&#x9;at jdk.nashorn.internal.scripts.Script$Recompilation$44618$3841A$\^function\_.L:1#issueCommand(&lt;function&gt;:124)&#xa;&#x9;at jdk.nashorn.internal.scripts.Script$Recompilation$44618$3841A$\^function\_.L:1#issueCommand(&lt;function&gt;:124)&#xa;&#x9;at jdk.nashorn.internal.scripts.Script$Recompilation$44618$3841A$\^function\_.L:1#issueCommand(&lt;function&gt;:124)&#xa;&#x9;at jdk.nashorn.internal.scripts.Script$Recompilation$44618$3841A$\^function\_.L:1#issueCommand(&lt;function&gt;:124)&#xa;&#x9;at jdk.nashorn.internal.scripts.Script$Recompilation$44618$3841A$\^function\_.L:1#issueCommand(&lt;function&gt;:124)&#xa;&#x9;at jdk.nashorn.internal.scripts.Script$Recompilation$44618$3841A$\^function\_.L:1#issueCommand(&lt;function&gt;:124)&#xa;&#x9;at jdk.nashorn.internal.scripts.Script$Recompilation$44618$3841A$\^function\_.L:1#issueCommand(&lt;function&gt;:124)&#xa;&#x9;at jdk.nashorn.internal.scripts.Script$Recompilation$44618$3841A$\^function\_.L:1#issueCommand(&lt;function&gt;:124)&#xa;&#x9;at jdk.nashorn.internal.scripts.Script$Recompilation$44618$3841A$\^function\_.L:1#issueCommand(&lt;function&gt;:124)&#xa;&#x9;at jdk.nashorn.internal.scripts.Script$Recompilation$44618$3841A$\^function\_.L:1#issueCommand(&lt;function&gt;:124)&#xa;&#x9;at jdk.nashorn.internal.scripts.Script$Recompilation$44618$3841A$\^function\_.L:1#issueCommand(&lt;function&gt;:124)&#xa;&#x9;at jdk.nashorn.internal.scripts.Script$Recompilation$44618$3841A$\^function\_.L:1#issueCommand(&lt;function&gt;:124)&#xa;&#x9;at jdk.nashorn.internal.scripts.Script$Recompilation$44618$3841A$\^function\_.L:1#issueCommand(&lt;function&gt;:124)&#xa;&#x9;at jdk.nashorn.internal.scripts.Script$Recompilation$44618$3841A$\^function\_.L:1#issueCommand(&lt;function&gt;:124)&#xa;&#x9;at jdk.nashorn.internal.scripts.Script$Recompilation$44618$3841A$\^function\_.L:1#issueCommand(&lt;function&gt;:124)&#xa;&#x9;at jdk.nashorn.internal.scripts.Script$Recompilation$44618$3841A$\^function\_.L:1#issueCommand(&lt;function&gt;:124)&#xa;&#x9;at jdk.nashorn.internal.scripts.Script$Recompilation$44618$3841A$\^function\_.L:1#issueCommand(&lt;function&gt;:124)&#xa;&#x9;at jdk.nashorn.internal.scripts.Script$Recompilation$44618$3841A$\^function\_.L:1#issueCommand(&lt;function&gt;:124)&#xa;&#x9;at jdk.nashorn.internal.scripts.Script$Recompilation$44618$3841A$\^function\_.L:1#issueCommand(&lt;function&gt;:124)&#xa;&#x9;at jdk.nashorn.internal.scripts.Script$Recompilation$44618$3841A$\^function\_.L:1#issueCommand(&lt;function&gt;:124)&#xa;&#x9;at jdk.nashorn.internal.scripts.Script$Recompilation$44618$3841A$\^function\_.L:1#issueCommand(&lt;function&gt;:124)&#xa;&#x9;at jdk.nashorn.internal.scripts.Script$Recompilation$44618$3841A$\^function\_.L:1#issueCommand(&lt;function&gt;:124)&#xa;&#x9;at jdk.nashorn.internal.scripts.Script$Recompilation$44618$3841A$\^function\_.L:1#issueCommand(&lt;function&gt;:124)&#xa;&#x9;at jdk.nashorn.internal.scripts.Script$Recompilation$44618$3841A$\^function\_.L:1#issueCommand(&lt;function&gt;:124)&#xa;&#x9;at jdk.nashorn.internal.scripts.Script$Recompilation$44618$3841A$\^function\_.L:1#issueCommand(&lt;function&gt;:124)&#xa;&#x9;at jdk.nashorn.internal.scripts.Script$Recompilation$44618$3841A$\^function\_.L:1#issueCommand(&lt;function&gt;:124)&#xa;&#x9;at jdk.nashorn.internal.scripts.Script$Recompilation$44618$3841A$\^function\_.L:1#issueCommand(&lt;function&gt;:124)&#xa;&#x9;at jdk.nashorn.internal.scripts.Script$Recompilation$44618$3841A$\^function\_.L:1#issueCommand(&lt;function&gt;:124)&#xa;&#x9;at jdk.nashorn.internal.scripts.Script$Recompilation$44618$3841A$\^function\_.L:1#issueCommand(&lt;function&gt;:124)&#xa;&#x9;at jdk.nashorn.internal.scripts.Script$Recompilation$44618$3841A$\^function\_.L:1#issueCommand(&lt;function&gt;:124)&#xa;&#x9;at jdk.nashorn.internal.scripts.Script$Recompilation$44618$3841A$\^function\_.L:1#issueCommand(&lt;function&gt;:124)&#xa;&#x9;at jdk.nashorn.internal.scripts.Script$Recompilation$44618$3841A$\^function\_.L:1#issueCommand(&lt;function&gt;:124)&#xa;&#x9;at jdk.nashorn.internal.scripts.Script$Recompilation$44618$3841A$\^function\_.L:1#issueCommand(&lt;function&gt;:124)&#xa;&#x9;at jdk.nashorn.internal.scripts.Script$Recompilation$44618$3841A$\^function\_.L:1#issueCommand(&lt;function&gt;:124)&#xa;&#x9;at jdk.nashorn.internal.scripts.Script$Recompilation$44618$3841A$\^function\_.L:1#issueCommand(&lt;function&gt;:124)&#xa;&#x9;at jdk.nashorn.internal.scripts.Script$Recompilation$44618$3841A$\^function\_.L:1#issueCommand(&lt;function&gt;:124)&#xa;&#x9;at jdk.nashorn.internal.scripts.Script$Recompilation$44618$3841A$\^function\_.L:1#issueCommand(&lt;function&gt;:124)&#xa;&#x9;at jdk.nashorn.internal.scripts.Script$Recompilation$44618$3841A$\^function\_.L:1#issueCommand(&lt;function&gt;:124)&#xa;&#x9;at jdk.nashorn.internal.scripts.Script$Recompilation$44618$3841A$\^function\_.L:1#issueCommand(&lt;function&gt;:124)&#xa;&#x9;at jdk.nashorn.internal.scripts.Script$Recompilation$44618$3841A$\^function\_.L:1#issueCommand(&lt;function&gt;:124)&#xa;&#x9;at jdk.nashorn.internal.scripts.Script$Recompilation$44618$3841A$\^function\_.L:1#issueCommand(&lt;function&gt;:124)&#xa;&#x9;at jdk.nashorn.internal.scripts.Script$Recompilation$44618$3841A$\^function\_.L:1#issueCommand(&lt;function&gt;:124)&#xa;&#x9;at jdk.nashorn.internal.scripts.Script$Recompilation$44618$3841A$\^function\_.L:1#issueCommand(&lt;function&gt;:124)&#xa;&#x9;at jdk.nashorn.internal.scripts.Script$Recompilation$44618$3841A$\^function\_.L:1#issueCommand(&lt;function&gt;:124)&#xa;&#x9;at jdk.nashorn.internal.scripts.Script$Recompilation$44618$3841A$\^function\_.L:1#issueCommand(&lt;function&gt;:124)&#xa;&#x9;at jdk.nashorn.internal.scripts.Script$Recompilation$44618$3841A$\^function\_.L:1#issueCommand(&lt;function&gt;:124)&#xa;&#x9;at jdk.nashorn.internal.scripts.Script$Recompilation$44618$3841A$\^function\_.L:1#issueCommand(&lt;function&gt;:124)&#xa;&#x9;at jdk.nashorn.internal.scripts.Script$Recompilation$44618$3841A$\^function\_.L:1#issueCommand(&lt;function&gt;:124)&#xa;&#x9;at jdk.nashorn.internal.scripts.Script$Recompilation$44618$3841A$\^function\_.L:1#issueCommand(&lt;function&gt;:124)&#xa;&#x9;at jdk.nashorn.internal.scripts.Script$Recompilation$44618$3841A$\^function\_.L:1#issueCommand(&lt;function&gt;:124)&#xa;&#x9;at jdk.nashorn.internal.scripts.Script$Recompilation$44618$3841A$\^function\_.L:1#issueCommand(&lt;function&gt;:124)&#xa;&#x9;at jdk.nashorn.internal.scripts.Script$Recompilation$44618$3841A$\^function\_.L:1#issueCommand(&lt;function&gt;:124)&#xa;&#x9;at jdk.nashorn.internal.scripts.Script$Recompilation$44618$3841A$\^function\_.L:1#issueCommand(&lt;function&gt;:124)&#xa;&#x9;at jdk.nashorn.internal.scripts.Script$Recompilation$44618$3841A$\^function\_.L:1#issueCommand(&lt;function&gt;:124)&#xa;&#x9;at jdk.nashorn.internal.scripts.Script$Recompilation$44618$3841A$\^function\_.L:1#issueCommand(&lt;function&gt;:124)&#xa;&#x9;at jdk.nashorn.internal.scripts.Script$Recompilation$44618$3841A$\^function\_.L:1#issueCommand(&lt;function&gt;:124)&#xa;&#x9;at jdk.nashorn.internal.scripts.Script$Recompilation$44618$3841A$\^function\_.L:1#issueCommand(&lt;function&gt;:124)&#xa;&#x9;at jdk.nashorn.internal.scripts.Script$Recompilation$44618$3841A$\^function\_.L:1#issueCommand(&lt;function&gt;:124)&#xa;&#x9;at jdk.nashorn.internal.scripts.Script$Recompilation$44618$3841A$\^function\_.L:1#issueCommand(&lt;function&gt;:124)&#xa;&#x9;at jdk.nashorn.internal.scripts.Script$Recompilation$44618$3841A$\^function\_.L:1#issueCommand(&lt;function&gt;:124)&#xa;&#x9;at jdk.nashorn.internal.scripts.Script$Recompilation$44618$3841A$\^function\_.L:1#issueCommand(&lt;function&gt;:124)&#xa;&#x9;at jdk.nashorn.internal.scripts.Script$Recompilation$44618$3841A$\^function\_.L:1#issueCommand(&lt;function&gt;:124)&#xa;&#x9;at jdk.nashorn.internal.scripts.Script$Recompilation$44618$3841A$\^function\_.L:1#issueCommand(&lt;function&gt;:124)&#xa;&#x9;at jdk.nashorn.internal.scripts.Script$Recompilation$44618$3841A$\^function\_.L:1#issueCommand(&lt;function&gt;:124)&#xa;&#x9;at jdk.nashorn.internal.scripts.Script$Recompilation$44618$3841A$\^function\_.L:1#issueCommand(&lt;function&gt;:124)&#xa;&#x9;at jdk.nashorn.internal.scripts.Script$Recompilation$44618$3841A$\^function\_.L:1#issueCommand(&lt;function&gt;:124)&#xa;&#x9;at jdk.nashorn.internal.scripts.Script$Recompilation$44618$3841A$\^function\_.L:1#issueCommand(&lt;function&gt;:124)&#xa;&#x9;at jdk.nashorn.internal.scripts.Script$Recompilation$44618$3841A$\^function\_.L:1#issueCommand(&lt;function&gt;:124)&#xa;&#x9;at jdk.nashorn.internal.scripts.Script$Recompilation$44618$3841A$\^function\_.L:1#issueCommand(&lt;function&gt;:124)&#xa;&#x9;at jdk.nashorn.internal.scripts.Script$Recompilation$44618$3841A$\^function\_.L:1#issueCommand(&lt;function&gt;:124)&#xa;&#x9;at jdk.nashorn.internal.scripts.Script$Recompilation$44618$3841A$\^function\_.L:1#issueCommand(&lt;function&gt;:124)&#xa;&#x9;at jdk.nashorn.internal.scripts.Script$Recompilation$44618$3841A$\^function\_.L:1#issueCommand(&lt;function&gt;:124)&#xa;&#x9;at jdk.nashorn.internal.scripts.Script$Recompilation$44618$3841A$\^function\_.L:1#issueCommand(&lt;function&gt;:124)&#xa;&#x9;at jdk.nashorn.internal.scripts.Script$Recompilation$44618$3841A$\^function\_.L:1#issueCommand(&lt;function&gt;:124)&#xa;&#x9;at jdk.nashorn.internal.scripts.Script$Recompilation$44618$3841A$\^function\_.L:1#issueCommand(&lt;function&gt;:124)&#xa;&#x9;at jdk.nashorn.internal.scripts.Script$Recompilation$44618$3841A$\^function\_.L:1#issueCommand(&lt;function&gt;:124)&#xa;&#x9;at jdk.nashorn.internal.scripts.Script$Recompilation$44618$3841A$\^function\_.L:1#issueCommand(&lt;function&gt;:124)&#xa;&#x9;at jdk.nashorn.internal.scripts.Script$Recompilation$44618$3841A$\^function\_.L:1#issueCommand(&lt;function&gt;:124)&#xa;&#x9;at jdk.nashorn.internal.scripts.Script$Recompilation$44618$3841A$\^function\_.L:1#issueCommand(&lt;function&gt;:124)&#xa;&#x9;at jdk.nashorn.internal.scripts.Script$Recompilation$44618$3841A$\^function\_.L:1#issueCommand(&lt;function&gt;:124)&#xa;&#x9;at jdk.nashorn.internal.scripts.Script$Recompilation$44618$3841A$\^function\_.L:1#issueCommand(&lt;function&gt;:124)&#xa;&#x9;at jdk.nashorn.internal.scripts.Script$Recompilation$44618$3841A$\^function\_.L:1#issueCommand(&lt;function&gt;:124)&#xa;&#x9;at jdk.nashorn.internal.scripts.Script$Recompilation$44618$3841A$\^function\_.L:1#issueCommand(&lt;function&gt;:124)&#xa;&#x9;at jdk.nashorn.internal.scripts.Script$Recompilation$44618$3841A$\^function\_.L:1#issueCommand(&lt;function&gt;:124)&#xa;&#x9;at jdk.nashorn.internal.scripts.Script$Recompilation$44618$3841A$\^function\_.L:1#issueCommand(&lt;function&gt;:124)&#xa;&#x9;at jdk.nashorn.internal.scripts.Script$Recompilation$44618$3841A$\^function\_.L:1#issueCommand(&lt;function&gt;:124)&#xa;&#x9;at jdk.nashorn.internal.scripts.Script$Recompilation$44618$3841A$\^function\_.L:1#issueCommand(&lt;function&gt;:124)&#xa;&#x9;at jdk.nashorn.internal.scripts.Script$Recompilation$44618$3841A$\^function\_.L:1#issueCommand(&lt;function&gt;:124)&#xa;&#x9;at jdk.nashorn.internal.scripts.Script$Recompilation$44618$3841A$\^function\_.L:1#issueCommand(&lt;function&gt;:124)&#xa;&#x9;at jdk.nashorn.internal.scripts.Script$Recompilation$44618$3841A$\^function\_.L:1#issueCommand(&lt;function&gt;:124)&#xa;&#x9;at jdk.nashorn.internal.scripts.Script$Recompilation$44618$3841A$\^function\_.L:1#issueCommand(&lt;function&gt;:124)&#xa;&#x9;at jdk.nashorn.internal.scripts.Script$Recompilation$44618$3841A$\^function\_.L:1#issueCommand(&lt;function&gt;:124)&#xa;&#x9;at jdk.nashorn.internal.scripts.Script$Recompilation$44618$3841A$\^function\_.L:1#issueCommand(&lt;function&gt;:124)&#xa;&#x9;at jdk.nashorn.internal.scripts.Script$Recompilation$44618$3841A$\^function\_.L:1#issueCommand(&lt;function&gt;:124)&#xa;&#x9;at jdk.nashorn.internal.scripts.Script$Recompilation$44618$3841A$\^function\_.L:1#issueCommand(&lt;function&gt;:124)&#xa;&#x9;at jdk.nashorn.internal.scripts.Script$Recompilation$44618$3841A$\^function\_.L:1#issueCommand(&lt;function&gt;:124)&#xa;&#x9;at jdk.nashorn.internal.scripts.Script$Recompilation$44618$3841A$\^function\_.L:1#issueCommand(&lt;function&gt;:124)&#xa;&#x9;at jdk.nashorn.internal.scripts.Script$Recompilation$44618$3841A$\^function\_.L:1#issueCommand(&lt;function&gt;:124)&#xa;&#x9;at jdk.nashorn.internal.scripts.Script$Recompilation$44618$3841A$\^function\_.L:1#issueCommand(&lt;function&gt;:124)&#xa;&#x9;at jdk.nashorn.internal.scripts.Script$Recompilation$44618$3841A$\^function\_.L:1#issueCommand(&lt;function&gt;:124)&#xa;&#x9;at jdk.nashorn.internal.scripts.Script$Recompilation$44618$3841A$\^function\_.L:1#issueCommand(&lt;function&gt;:124)&#xa;&#x9;at jdk.nashorn.internal.scripts.Script$Recompilation$44618$3841A$\^function\_.L:1#issueCommand(&lt;function&gt;:124)&#xa;&#x9;at jdk.nashorn.internal.scripts.Script$Recompilation$44618$3841A$\^function\_.L:1#issueCommand(&lt;function&gt;:124)&#xa;&#x9;at jdk.nashorn.internal.scripts.Script$Recompilation$44618$3841A$\^function\_.L:1#issueCommand(&lt;function&gt;:124)&#xa;&#x9;at jdk.nashorn.internal.scripts.Script$Recompilation$44618$3841A$\^function\_.L:1#issueCommand(&lt;function&gt;:124)&#xa;&#x9;at jdk.nashorn.internal.scripts.Script$Recompilation$44618$3841A$\^function\_.L:1#issueCommand(&lt;function&gt;:124)&#xa;&#x9;at jdk.nashorn.internal.scripts.Script$Recompilation$44618$3841A$\^function\_.L:1#issueCommand(&lt;function&gt;:124)&#xa;&#x9;at jdk.nashorn.internal.scripts.Script$Recompilation$44618$3841A$\^function\_.L:1#issueCommand(&lt;function&gt;:124)&#xa;&#x9;at jdk.nashorn.internal.scripts.Script$Recompilation$44618$3841A$\^function\_.L:1#issueCommand(&lt;function&gt;:124)&#xa;&#x9;at jdk.nashorn.internal.scripts.Script$Recompilation$44618$3841A$\^function\_.L:1#issueCommand(&lt;function&gt;:124)&#xa;&#x9;at jdk.nashorn.internal.scripts.Script$Recompilation$44618$3841A$\^function\_.L:1#issueCommand(&lt;function&gt;:124)&#xa;&#x9;at jdk.nashorn.internal.scripts.Script$Recompilation$44618$3841A$\^function\_.L:1#issueCommand(&lt;function&gt;:124)&#xa;&#x9;at jdk.nashorn.internal.scripts.Script$Recompilation$44618$3841A$\^function\_.L:1#issueCommand(&lt;function&gt;:124)&#xa;&#x9;at jdk.nashorn.internal.scripts.Script$Recompilation$44618$3841A$\^function\_.L:1#issueCommand(&lt;function&gt;:124)&#xa;&#x9;at jdk.nashorn.internal.scripts.Script$Recompilation$44618$3841A$\^function\_.L:1#issueCommand(&lt;function&gt;:124)&#xa;&#x9;at jdk.nashorn.internal.scripts.Script$Recompilation$44618$3841A$\^function\_.L:1#issueCommand(&lt;function&gt;:124)&#xa;&#x9;at jdk.nashorn.internal.scripts.Script$Recompilation$44618$3841A$\^function\_.L:1#issueCommand(&lt;function&gt;:124)&#xa;&#x9;at jdk.nashorn.internal.scripts.Script$Recompilation$44618$3841A$\^function\_.L:1#issueCommand(&lt;function&gt;:124)&#xa;&#x9;at jdk.nashorn.internal.scripts.Script$Recompilation$44618$3841A$\^function\_.L:1#issueCommand(&lt;function&gt;:124)&#xa;&#x9;at jdk.nashorn.internal.scripts.Script$Recompilation$44618$3841A$\^function\_.L:1#issueCommand(&lt;function&gt;:124)&#xa;&#x9;at jdk.nashorn.internal.scripts.Script$Recompilation$44618$3841A$\^function\_.L:1#issueCommand(&lt;function&gt;:124)&#xa;&#x9;at jdk.nashorn.internal.scripts.Script$Recompilation$44618$3841A$\^function\_.L:1#issueCommand(&lt;function&gt;:124)&#xa;&#x9;at jdk.nashorn.internal.scripts.Script$Recompilation$44618$3841A$\^function\_.L:1#issueCommand(&lt;function&gt;:124)&#xa;&#x9;at jdk.nashorn.internal.scripts.Script$Recompilation$44618$3841A$\^function\_.L:1#issueCommand(&lt;function&gt;:124)&#xa;&#x9;at jdk.nashorn.internal.scripts.Script$Recompilation$44618$3841A$\^function\_.L:1#issueCommand(&lt;function&gt;:124)&#xa;&#x9;at jdk.nashorn.internal.scripts.Script$Recompilation$44618$3841A$\^function\_.L:1#issueCommand(&lt;function&gt;:124)&#xa;&#x9;at jdk.nashorn.internal.scripts.Script$Recompilation$44618$3841A$\^function\_.L:1#issueCommand(&lt;function&gt;:124)&#xa;&#x9;at jdk.nashorn.internal.scripts.Script$Recompilation$44618$3841A$\^function\_.L:1#issueCommand(&lt;function&gt;:124)&#xa;&#x9;at jdk.nashorn.internal.scripts.Script$Recompilation$44618$3841A$\^function\_.L:1#issueCommand(&lt;function&gt;:124)&#xa;&#x9;at jdk.nashorn.internal.scripts.Script$Recompilation$44618$3841A$\^function\_.L:1#issueCommand(&lt;function&gt;:124)&#xa;&#x9;at jdk.nashorn.internal.scripts.Script$Recompilation$44618$3841A$\^function\_.L:1#issueCommand(&lt;function&gt;:124)&#xa;&#x9;at jdk.nashorn.internal.scripts.Script$Recompilation$44618$3841A$\^function\_.L:1#issueCommand(&lt;function&gt;:124)&#xa;&#x9;at jdk.nashorn.internal.scripts.Script$Recompilation$44618$3841A$\^function\_.L:1#issueCommand(&lt;function&gt;:124)&#xa;&#x9;at jdk.nashorn.internal.scripts.Script$Recompilation$44618$3841A$\^function\_.L:1#issueCommand(&lt;function&gt;:124)&#xa;&#x9;at jdk.nashorn.internal.scripts.Script$Recompilation$44618$3841A$\^function\_.L:1#issueCommand(&lt;function&gt;:124)&#xa;&#x9;at jdk.nashorn.internal.scripts.Script$Recompilation$44618$3841A$\^function\_.L:1#issueCommand(&lt;function&gt;:124)&#xa;&#x9;at jdk.nashorn.internal.scripts.Script$Recompilation$44618$3841A$\^function\_.L:1#issueCommand(&lt;function&gt;:124)&#xa;&#x9;at jdk.nashorn.internal.scripts.Script$Recompilation$44618$3841A$\^function\_.L:1#issueCommand(&lt;function&gt;:124)&#xa;&#x9;at jdk.nashorn.internal.scripts.Script$Recompilation$44618$3841A$\^function\_.L:1#issueCommand(&lt;function&gt;:124)&#xa;&#x9;at jdk.nashorn.internal.scripts.Script$Recompilation$44618$3841A$\^function\_.L:1#issueCommand(&lt;function&gt;:124)&#xa;&#x9;at jdk.nashorn.internal.scripts.Script$Recompilation$44618$3841A$\^function\_.L:1#issueCommand(&lt;function&gt;:124)&#xa;&#x9;at jdk.nashorn.internal.scripts.Script$Recompilation$44618$3841A$\^function\_.L:1#issueCommand(&lt;function&gt;:124)&#xa;&#x9;at jdk.nashorn.internal.scripts.Script$Recompilation$44618$3841A$\^function\_.L:1#issueCommand(&lt;function&gt;:124)&#xa;&#x9;at jdk.nashorn.internal.scripts.Script$Recompilation$44618$3841A$\^function\_.L:1#issueCommand(&lt;function&gt;:124)&#xa;&#x9;at jdk.nashorn.internal.scripts.Script$Recompilation$44618$3841A$\^function\_.L:1#issueCommand(&lt;function&gt;:124)&#xa;&#x9;at jdk.nashorn.internal.scripts.Script$Recompilation$44618$3841A$\^function\_.L:1#issueCommand(&lt;function&gt;:124)&#xa;&#x9;at jdk.nashorn.internal.scripts.Script$Recompilation$44618$3841A$\^function\_.L:1#issueCommand(&lt;function&gt;:124)&#xa;&#x9;at jdk.nashorn.internal.scripts.Script$Recompilation$44618$3841A$\^function\_.L:1#issueCommand(&lt;function&gt;:124)&#xa;&#x9;at jdk.nashorn.internal.scripts.Script$Recompilation$44618$3841A$\^function\_.L:1#issueCommand(&lt;function&gt;:124)&#xa;&#x9;at jdk.nashorn.internal.scripts.Script$Recompilation$44618$3841A$\^function\_.L:1#issueCommand(&lt;function&gt;:124)&#xa;&#x9;at jdk.nashorn.internal.scripts.Script$Recompilation$44618$3841A$\^function\_.L:1#issueCommand(&lt;function&gt;:124)&#xa;&#x9;at jdk.nashorn.internal.scripts.Script$Recompilation$44618$3841A$\^function\_.L:1#issueCommand(&lt;function&gt;:124)&#xa;&#x9;at jdk.nashorn.internal.scripts.Script$Recompilation$44618$3841A$\^function\_.L:1#issueCommand(&lt;function&gt;:124)&#xa;&#x9;at jdk.nashorn.internal.scripts.Script$Recompilation$44618$3841A$\^function\_.L:1#issueCommand(&lt;function&gt;:124)&#xa;&#x9;at jdk.nashorn.internal.scripts.Script$Recompilation$44618$3841A$\^function\_.L:1#issueCommand(&lt;function&gt;:124)&#xa;&#x9;at jdk.nashorn.internal.scripts.Script$Recompilation$44618$3841A$\^function\_.L:1#issueCommand(&lt;function&gt;:124)&#xa;&#x9;at jdk.nashorn.internal.scripts.Script$Recompilation$44618$3841A$\^function\_.L:1#issueCommand(&lt;function&gt;:124)&#xa;&#x9;at jdk.nashorn.internal.scripts.Script$Recompilation$44618$3841A$\^function\_.L:1#issueCommand(&lt;function&gt;:124)&#xa;&#x9;at jdk.nashorn.internal.scripts.Script$Recompilation$44618$3841A$\^function\_.L:1#issueCommand(&lt;function&gt;:124)&#xa;&#x9;at jdk.nashorn.internal.scripts.Script$Recompilation$44618$3841A$\^function\_.L:1#issueCommand(&lt;function&gt;:124)&#xa;&#x9;at jdk.nashorn.internal.scripts.Script$Recompilation$44618$3841A$\^function\_.L:1#issueCommand(&lt;function&gt;:124)&#xa;&#x9;at jdk.nashorn.internal.scripts.Script$Recompilation$44618$3841A$\^function\_.L:1#issueCommand(&lt;function&gt;:124)&#xa;&#x9;at jdk.nashorn.internal.scripts.Script$Recompilation$44618$3841A$\^function\_.L:1#issueCommand(&lt;function&gt;:124)&#xa;&#x9;at jdk.nashorn.internal.scripts.Script$Recompilation$44618$3841A$\^function\_.L:1#issueCommand(&lt;function&gt;:124)&#xa;&#x9;at jdk.nashorn.internal.scripts.Script$Recompilation$44618$3841A$\^function\_.L:1#issueCommand(&lt;function&gt;:124)&#xa;&#x9;at jdk.nashorn.internal.scripts.Script$Recompilation$44618$3841A$\^function\_.L:1#issueCommand(&lt;function&gt;:124)&#xa;&#x9;at jdk.nashorn.internal.scripts.Script$Recompilation$44618$3841A$\^function\_.L:1#issueCommand(&lt;function&gt;:124)&#xa;&#x9;at jdk.nashorn.internal.scripts.Script$Recompilation$44618$3841A$\^function\_.L:1#issueCommand(&lt;function&gt;:124)&#xa;&#x9;at jdk.nashorn.internal.scripts.Script$Recompilation$44618$3841A$\^function\_.L:1#issueCommand(&lt;function&gt;:124)&#xa;&#x9;at jdk.nashorn.internal.scripts.Script$Recompilation$44618$3841A$\^function\_.L:1#issueCommand(&lt;function&gt;:124)&#xa;&#x9;at jdk.nashorn.internal.scripts.Script$Recompilation$44618$3841A$\^function\_.L:1#issueCommand(&lt;function&gt;:124)&#xa;&#x9;at jdk.nashorn.internal.scripts.Script$Recompilation$44618$3841A$\^function\_.L:1#issueCommand(&lt;function&gt;:124)&#xa;&#x9;at jdk.nashorn.internal.scripts.Script$Recompilation$44618$3841A$\^function\_.L:1#issueCommand(&lt;function&gt;:124)&#xa;&#x9;at jdk.nashorn.internal.scripts.Script$Recompilation$44618$3841A$\^function\_.L:1#issueCommand(&lt;function&gt;:124)&#xa;&#x9;at jdk.nashorn.internal.scripts.Script$Recompilation$44618$3841A$\^function\_.L:1#issueCommand(&lt;function&gt;:124)&#xa;&#x9;at jdk.nashorn.internal.scripts.Script$Recompilation$44618$3841A$\^function\_.L:1#issueCommand(&lt;function&gt;:124)&#xa;&#x9;at jdk.nashorn.internal.scripts.Script$Recompilation$44618$3841A$\^function\_.L:1#issueCommand(&lt;function&gt;:124)&#xa;&#x9;at jdk.nashorn.internal.scripts.Script$Recompilation$44618$3841A$\^function\_.L:1#issueCommand(&lt;function&gt;:124)&#xa;&#x9;at jdk.nashorn.internal.scripts.Script$Recompilation$44618$3841A$\^function\_.L:1#issueCommand(&lt;function&gt;:124)&#xa;&#x9;at jdk.nashorn.internal.scripts.Script$Recompilation$44618$3841A$\^function\_.L:1#issueCommand(&lt;function&gt;:124)&#xa;&#x9;at jdk.nashorn.internal.scripts.Script$Recompilation$44618$3841A$\^function\_.L:1#issueCommand(&lt;function&gt;:124)&#xa;&#x9;at jdk.nashorn.internal.scripts.Script$Recompilation$44618$3841A$\^function\_.L:1#issueCommand(&lt;function&gt;:124)&#xa;&#x9;at jdk.nashorn.internal.scripts.Script$Recompilation$44618$3841A$\^function\_.L:1#issueCommand(&lt;function&gt;:124)&#xa;&#x9;at jdk.nashorn.internal.scripts.Script$Recompilation$44618$3841A$\^function\_.L:1#issueCommand(&lt;function&gt;:124)&#xa;&#x9;at jdk.nashorn.internal.scripts.Script$Recompilation$44618$3841A$\^function\_.L:1#issueCommand(&lt;function&gt;:124)&#xa;&#x9;at jdk.nashorn.internal.scripts.Script$Recompilation$44618$3841A$\^function\_.L:1#issueCommand(&lt;function&gt;:124)&#xa;&#x9;at jdk.nashorn.internal.scripts.Script$Recompilation$44618$3841A$\^function\_.L:1#issueCommand(&lt;function&gt;:124)&#xa;&#x9;at jdk.nashorn.internal.scripts.Script$Recompilation$44618$3841A$\^function\_.L:1#issueCommand(&lt;function&gt;:124)&#xa;&#x9;at jdk.nashorn.internal.scripts.Script$Recompilation$44618$3841A$\^function\_.L:1#issueCommand(&lt;function&gt;:124)&#xa;&#x9;at jdk.nashorn.internal.scripts.Script$Recompilation$44618$3841A$\^function\_.L:1#issueCommand(&lt;function&gt;:124)&#xa;&#x9;at jdk.nashorn.internal.scripts.Script$Recompilation$44618$3841A$\^function\_.L:1#issueCommand(&lt;function&gt;:124)&#xa;&#x9;at jdk.nashorn.internal.scripts.Script$Recompilation$44618$3841A$\^function\_.L:1#issueCommand(&lt;function&gt;:124)&#xa;&#x9;at jdk.nashorn.internal.scripts.Script$Recompilation$44618$3841A$\^function\_.L:1#issueCommand(&lt;function&gt;:124)&#xa;&#x9;at jdk.nashorn.internal.scripts.Script$Recompilation$44618$3841A$\^function\_.L:1#issueCommand(&lt;function&gt;:124)&#xa;&#x9;at jdk.nashorn.internal.scripts.Script$Recompilation$44618$3841A$\^function\_.L:1#issueCommand(&lt;function&gt;:124)&#xa;&#x9;at jdk.nashorn.internal.scripts.Script$Recompilation$44618$3841A$\^function\_.L:1#issueCommand(&lt;function&gt;:124)&#xa;&#x9;at jdk.nashorn.internal.scripts.Script$Recompilation$44618$3841A$\^function\_.L:1#issueCommand(&lt;function&gt;:124)&#xa;&#x9;at jdk.nashorn.internal.scripts.Script$Recompilation$44618$3841A$\^function\_.L:1#issueCommand(&lt;function&gt;:124)&#xa;&#x9;at jdk.nashorn.internal.scripts.Script$Recompilation$44618$3841A$\^function\_.L:1#issueCommand(&lt;function&gt;:124)&#xa;&#x9;at jdk.nashorn.internal.scripts.Script$Recompilation$44618$3841A$\^function\_.L:1#issueCommand(&lt;function&gt;:124)&#xa;&#x9;at jdk.nashorn.internal.scripts.Script$Recompilation$44618$3841A$\^function\_.L:1#issueCommand(&lt;function&gt;:124)&#xa;&#x9;at jdk.nashorn.internal.scripts.Script$Recompilation$44618$3841A$\^function\_.L:1#issueCommand(&lt;function&gt;:124)&#xa;&#x9;at jdk.nashorn.internal.scripts.Script$Recompilation$44618$3841A$\^function\_.L:1#issueCommand(&lt;function&gt;:124)&#xa;&#x9;at jdk.nashorn.internal.scripts.Script$Recompilation$44618$3841A$\^function\_.L:1#issueCommand(&lt;function&gt;:124)&#xa;&#x9;at jdk.nashorn.internal.scripts.Script$Recompilation$44618$3841A$\^function\_.L:1#issueCommand(&lt;function&gt;:124)&#xa;&#x9;at jdk.nashorn.internal.scripts.Script$Recompilation$44618$3841A$\^function\_.L:1#issueCommand(&lt;function&gt;:124)&#xa;&#x9;at jdk.nashorn.internal.scripts.Script$Recompilation$44618$3841A$\^function\_.L:1#issueCommand(&lt;function&gt;:124)&#xa;&#x9;at jdk.nashorn.internal.scripts.Script$Recompilation$44618$3841A$\^function\_.L:1#issueCommand(&lt;function&gt;:124)&#xa;&#x9;at jdk.nashorn.internal.scripts.Script$Recompilation$44618$3841A$\^function\_.L:1#issueCommand(&lt;function&gt;:124)&#xa;&#x9;at jdk.nashorn.internal.scripts.Script$Recompilation$44618$3841A$\^function\_.L:1#issueCommand(&lt;function&gt;:124)&#xa;&#x9;at jdk.nashorn.internal.scripts.Script$Recompilation$44618$3841A$\^function\_.L:1#issueCommand(&lt;function&gt;:124)&#xa;&#x9;at jdk.nashorn.internal.scripts.Script$Recompilation$44618$3841A$\^function\_.L:1#issueCommand(&lt;function&gt;:124)&#xa;&#x9;at jdk.nashorn.internal.scripts.Script$Recompilation$44618$3841A$\^function\_.L:1#issueCommand(&lt;function&gt;:124)&#xa;&#x9;at jdk.nashorn.internal.scripts.Script$Recompilation$44618$3841A$\^function\_.L:1#issueCommand(&lt;function&gt;:124)&#xa;&#x9;at jdk.nashorn.internal.scripts.Script$Recompilation$44618$3841A$\^function\_.L:1#issueCommand(&lt;function&gt;:124)&#xa;&#x9;at jdk.nashorn.internal.scripts.Script$Recompilation$44618$3841A$\^function\_.L:1#issueCommand(&lt;function&gt;:124)&#xa;&#x9;at jdk.nashorn.internal.scripts.Script$Recompilation$44618$3841A$\^function\_.L:1#issueCommand(&lt;function&gt;:124)&#xa;&#x9;at jdk.nashorn.internal.scripts.Script$Recompilation$44618$3841A$\^function\_.L:1#issueCommand(&lt;function&gt;:124)&#xa;&#x9;at jdk.nashorn.internal.scripts.Script$Recompilation$44618$3841A$\^function\_.L:1#issueCommand(&lt;function&gt;:124)&#xa;&#x9;at jdk.nashorn.internal.scripts.Script$Recompilation$44618$3841A$\^function\_.L:1#issueCommand(&lt;function&gt;:124)&#xa;&#x9;at jdk.nashorn.internal.scripts.Script$Recompilation$44618$3841A$\^function\_.L:1#issueCommand(&lt;function&gt;:124)&#xa;&#x9;at jdk.nashorn.internal.scripts.Script$Recompilation$44618$3841A$\^function\_.L:1#issueCommand(&lt;function&gt;:124)&#xa;&#x9;at jdk.nashorn.internal.scripts.Script$Recompilation$44618$3841A$\^function\_.L:1#issueCommand(&lt;function&gt;:124)&#xa;&#x9;at jdk.nashorn.internal.scripts.Script$Recompilation$44618$3841A$\^function\_.L:1#issueCommand(&lt;function&gt;:124)&#xa;&#x9;at jdk.nashorn.internal.scripts.Script$Recompilation$44618$3841A$\^function\_.L:1#issueCommand(&lt;function&gt;:124)&#xa;&#x9;at jdk.nashorn.internal.scripts.Script$Recompilation$44618$3841A$\^function\_.L:1#issueCommand(&lt;function&gt;:124)&#xa;&#x9;at jdk.nashorn.internal.scripts.Script$Recompilation$44618$3841A$\^function\_.L:1#issueCommand(&lt;function&gt;:124)&#xa;&#x9;at jdk.nashorn.internal.scripts.Script$Recompilation$44618$3841A$\^function\_.L:1#issueCommand(&lt;function&gt;:124)&#xa;&#x9;at jdk.nashorn.internal.scripts.Script$Recompilation$44618$3841A$\^function\_.L:1#issueCommand(&lt;function&gt;:124)&#xa;&#x9;at jdk.nashorn.internal.scripts.Script$Recompilation$44618$3841A$\^function\_.L:1#issueCommand(&lt;function&gt;:124)&#xa;&#x9;at jdk.nashorn.internal.scripts.Script$Recompilation$44618$3841A$\^function\_.L:1#issueCommand(&lt;function&gt;:124)&#xa;&#x9;at jdk.nashorn.internal.scripts.Script$Recompilation$44618$3841A$\^function\_.L:1#issueCommand(&lt;function&gt;:124)&#xa;&#x9;at jdk.nashorn.internal.scripts.Script$Recompilation$44618$3841A$\^function\_.L:1#issueCommand(&lt;function&gt;:124)&#xa;&#x9;at jdk.nashorn.internal.scripts.Script$Recompilation$44618$3841A$\^function\_.L:1#issueCommand(&lt;function&gt;:124)&#xa;&#x9;at jdk.nashorn.internal.scripts.Script$Recompilation$44618$3841A$\^function\_.L:1#issueCommand(&lt;function&gt;:124)&#xa;&#x9;at jdk.nashorn.internal.scripts.Script$Recompilation$44618$3841A$\^function\_.L:1#issueCommand(&lt;function&gt;:124)&#xa;&#x9;at jdk.nashorn.internal.scripts.Script$Recompilation$44618$3841A$\^function\_.L:1#issueCommand(&lt;function&gt;:124)&#xa;&#x9;at jdk.nashorn.internal.scripts.Script$Recompilation$44618$3841A$\^function\_.L:1#issueCommand(&lt;function&gt;:124)&#xa;&#x9;at jdk.nashorn.internal.scripts.Script$Recompilation$44618$3841A$\^function\_.L:1#issueCommand(&lt;function&gt;:124)&#xa;&#x9;at jdk.nashorn.internal.scripts.Script$Recompilation$44618$3841A$\^function\_.L:1#issueCommand(&lt;function&gt;:124)&#xa;&#x9;at jdk.nashorn.internal.scripts.Script$Recompilation$44618$3841A$\^function\_.L:1#issueCommand(&lt;function&gt;:124)&#xa;&#x9;at jdk.nashorn.internal.scripts.Script$Recompilation$44618$3841A$\^function\_.L:1#issueCommand(&lt;function&gt;:124)&#xa;&#x9;at jdk.nashorn.internal.scripts.Script$Recompilation$44618$3841A$\^function\_.L:1#issueCommand(&lt;function&gt;:124)&#xa;&#x9;at jdk.nashorn.internal.scripts.Script$Recompilation$44618$3841A$\^function\_.L:1#issueCommand(&lt;function&gt;:124)&#xa;&#x9;at jdk.nashorn.internal.scripts.Script$Recompilation$44618$3841A$\^function\_.L:1#issueCommand(&lt;function&gt;:124)&#xa;&#x9;at jdk.nashorn.internal.scripts.Script$Recompilation$44618$3841A$\^function\_.L:1#issueCommand(&lt;function&gt;:124)&#xa;&#x9;at jdk.nashorn.internal.scripts.Script$Recompilation$44618$3841A$\^function\_.L:1#issueCommand(&lt;function&gt;:124)&#xa;&#x9;at jdk.nashorn.internal.scripts.Script$Recompilation$44618$3841A$\^function\_.L:1#issueCommand(&lt;function&gt;:124)&#xa;&#x9;at jdk.nashorn.internal.scripts.Script$Recompilation$44618$3841A$\^function\_.L:1#issueCommand(&lt;function&gt;:124)&#xa;&#x9;at jdk.nashorn.internal.scripts.Script$Recompilation$44618$3841A$\^function\_.L:1#issueCommand(&lt;function&gt;:124)&#xa;&#x9;at jdk.nashorn.internal.scripts.Script$Recompilation$44618$3841A$\^function\_.L:1#issueCommand(&lt;function&gt;:124)&#xa;&#x9;at jdk.nashorn.internal.scripts.Script$Recompilation$44618$3841A$\^function\_.L:1#issueCommand(&lt;function&gt;:124)&#xa;&#x9;at jdk.nashorn.internal.scripts.Script$Recompilation$44618$3841A$\^function\_.L:1#issueCommand(&lt;function&gt;:124)&#xa;&#x9;at jdk.nashorn.internal.scripts.Script$Recompilation$44618$3841A$\^function\_.L:1#issueCommand(&lt;function&gt;:124)&#xa;&#x9;at jdk.nashorn.internal.scripts.Script$Recompilation$44618$3841A$\^function\_.L:1#issueCommand(&lt;function&gt;:124)&#xa;&#x9;at jdk.nashorn.internal.scripts.Script$Recompilation$44618$3841A$\^function\_.L:1#issueCommand(&lt;function&gt;:124)&#xa;&#x9;at jdk.nashorn.internal.scripts.Script$Recompilation$44618$3841A$\^function\_.L:1#issueCommand(&lt;function&gt;:124)&#xa;&#x9;at jdk.nashorn.internal.scripts.Script$Recompilation$44618$3841A$\^function\_.L:1#issueCommand(&lt;function&gt;:124)&#xa;&#x9;at jdk.nashorn.internal.scripts.Script$Recompilation$44618$3841A$\^function\_.L:1#issueCommand(&lt;function&gt;:124)&#xa;&#x9;at jdk.nashorn.internal.scripts.Script$Recompilation$44618$3841A$\^function\_.L:1#issueCommand(&lt;function&gt;:124)&#xa;&#x9;at jdk.nashorn.internal.scripts.Script$Recompilation$44618$3841A$\^function\_.L:1#issueCommand(&lt;function&gt;:124)&#xa;&#x9;at jdk.nashorn.internal.scripts.Script$Recompilation$44618$3841A$\^function\_.L:1#issueCommand(&lt;function&gt;:124)&#xa;&#x9;at jdk.nashorn.internal.scripts.Script$Recompilation$44618$3841A$\^function\_.L:1#issueCommand(&lt;function&gt;:124)&#xa;&#x9;at jdk.nashorn.internal.scripts.Script$Recompilation$44618$3841A$\^function\_.L:1#issueCommand(&lt;function&gt;:124)&#xa;&#x9;at jdk.nashorn.internal.scripts.Script$Recompilation$44618$3841A$\^function\_.L:1#issueCommand(&lt;function&gt;:124)&#xa;&#x9;at jdk.nashorn.internal.scripts.Script$Recompilation$44618$3841A$\^function\_.L:1#issueCommand(&lt;function&gt;:124)&#xa;&#x9;at jdk.nashorn.internal.scripts.Script$Recompilation$44618$3841A$\^function\_.L:1#issueCommand(&lt;function&gt;:124)&#xa;&#x9;at jdk.nashorn.internal.scripts.Script$Recompilation$44618$3841A$\^function\_.L:1#issueCommand(&lt;function&gt;:124)&#xa;&#x9;at jdk.nashorn.internal.scripts.Script$Recompilation$44618$3841A$\^function\_.L:1#issueCommand(&lt;function&gt;:124)&#xa;&#x9;at jdk.nashorn.internal.scripts.Script$Recompilation$44618$3841A$\^function\_.L:1#issueCommand(&lt;function&gt;:124)&#xa;&#x9;at jdk.nashorn.internal.scripts.Script$Recompilation$44618$3841A$\^function\_.L:1#issueCommand(&lt;function&gt;:124)&#xa;&#x9;at jdk.nashorn.internal.scripts.Script$Recompilation$44618$3841A$\^function\_.L:1#issueCommand(&lt;function&gt;:124)&#xa;&#x9;at jdk.nashorn.internal.scripts.Script$Recompilation$44618$3841A$\^function\_.L:1#issueCommand(&lt;function&gt;:124)&#xa;&#x9;at jdk.nashorn.internal.scripts.Script$Recompilation$44618$3841A$\^function\_.L:1#issueCommand(&lt;function&gt;:124)&#xa;&#x9;at jdk.nashorn.internal.scripts.Script$Recompilation$44618$3841A$\^function\_.L:1#issueCommand(&lt;function&gt;:124)&#xa;&#x9;at jdk.nashorn.internal.scripts.Script$Recompilation$44618$3841A$\^function\_.L:1#issueCommand(&lt;function&gt;:124)&#xa;&#x9;at jdk.nashorn.internal.scripts.Script$Recompilation$44618$3841A$\^function\_.L:1#issueCommand(&lt;function&gt;:124)&#xa;&#x9;at jdk.nashorn.internal.scripts.Script$Recompilation$44618$3841A$\^function\_.L:1#issueCommand(&lt;function&gt;:124)&#xa;&#x9;at jdk.nashorn.internal.scripts.Script$Recompilation$44618$3841A$\^function\_.L:1#issueCommand(&lt;function&gt;:124)&#xa;&#x9;at jdk.nashorn.internal.scripts.Script$Recompilation$44618$3841A$\^function\_.L:1#issueCommand(&lt;function&gt;:124)&#xa;&#x9;at jdk.nashorn.internal.scripts.Script$Recompilation$44618$3841A$\^function\_.L:1#issueCommand(&lt;function&gt;:124)&#xa;&#x9;at jdk.nashorn.internal.scripts.Script$Recompilation$44618$3841A$\^function\_.L:1#issueCommand(&lt;function&gt;:124)&#xa;&#x9;at jdk.nashorn.internal.scripts.Script$Recompilation$44618$3841A$\^function\_.L:1#issueCommand(&lt;function&gt;:124)&#xa;&#x9;at jdk.nashorn.internal.scripts.Script$Recompilation$44618$3841A$\^function\_.L:1#issueCommand(&lt;function&gt;:124)&#xa;&#x9;at jdk.nashorn.internal.scripts.Script$Recompilation$44618$3841A$\^function\_.L:1#issueCommand(&lt;function&gt;:124)&#xa;&#x9;at jdk.nashorn.internal.scripts.Script$Recompilation$44618$3841A$\^function\_.L:1#issueCommand(&lt;function&gt;:124)&#xa; in /home/travis/build/icyphy/ptII/ptolemy/actor/lib/jjs/external/require.js#409:30&lt;eval&gt; at line number 1736 at column number 24&#xa;  in .SemanticYelpSensorUpdateExample.SemanticYelpSearch&#xa;Because:&#xa;Error: commonHost.js, react(), invoking a specific handler for &quot;trigger&quot;: Exception occurred in input handler for accessor SemanticYelpSearch, which has now has been removed.  Exception was: java.lang.StackOverflowError Stacktrace was: &#xa;java.lang.StackOverflowError&#xa;&#x9;at jdk.nashorn.internal.runtime.AccessorProperty.getObjectValue(AccessorProperty.java:417)&#xa;&#x9;at jdk.nashorn.internal.runtime.FindProperty.getObjectValue(FindProperty.java:229)&#xa;&#x9;at jdk.nashorn.internal.runtime.ScriptObject.get(ScriptObject.java:2860)&#xa;&#x9;at jdk.nashorn.internal.runtime.ScriptObject.get(ScriptObject.java:2877)&#xa;&#x9;at jdk.nashorn.internal.scripts.Script$Recompilation$44872$56054A$require.L:1#get(/home/travis/build/icyphy/ptII/ptolemy/actor/lib/jjs/external/require.js#409:30&lt;eval&gt;:1245)&#xa;&#x9;at jdk.nashorn.internal.scripts.Script$Recompilation$44618$3841A$\^function\_.L:1#issueCommand(&lt;function&gt;:116)&#xa;&#x9;at jdk.nashorn.internal.scripts.Script$Recompilation$44618$3841A$\^function\_.L:1#issueCommand(&lt;function&gt;:124)&#xa;&#x9;at jdk.nashorn.internal.scripts.Script$Recompilation$44618$3841A$\^function\_.L:1#issueCommand(&lt;function&gt;:124)&#xa;&#x9;at jdk.nashorn.internal.scripts.Script$Recompilation$44618$3841A$\^function\_.L:1#issueCommand(&lt;function&gt;:124)&#xa;&#x9;at jdk.nashorn.internal.scripts.Script$Recompilation$44618$3841A$\^function\_.L:1#issueCommand(&lt;function&gt;:124)&#xa;&#x9;at jdk.nashorn.internal.scripts.Script$Recompilation$44618$3841A$\^function\_.L:1#issueCommand(&lt;function&gt;:124)&#xa;&#x9;at jdk.nashorn.internal.scripts.Script$Recompilation$44618$3841A$\^function\_.L:1#issueCommand(&lt;function&gt;:124)&#xa;&#x9;at jdk.nashorn.internal.scripts.Script$Recompilation$44618$3841A$\^function\_.L:1#issueCommand(&lt;function&gt;:124)&#xa;&#x9;at jdk.nashorn.internal.scripts.Script$Recompilation$44618$3841A$\^function\_.L:1#issueCommand(&lt;function&gt;:124)&#xa;&#x9;at jdk.nashorn.internal.scripts.Script$Recompilation$44618$3841A$\^function\_.L:1#issueCommand(&lt;function&gt;:124)&#xa;&#x9;at jdk.nashorn.internal.scripts.Script$Recompilation$44618$3841A$\^function\_.L:1#issueCommand(&lt;function&gt;:124)&#xa;&#x9;at jdk.nashorn.internal.scripts.Script$Recompilation$44618$3841A$\^function\_.L:1#issueCommand(&lt;function&gt;:124)&#xa;&#x9;at jdk.nashorn.internal.scripts.Script$Recompilation$44618$3841A$\^function\_.L:1#issueCommand(&lt;function&gt;:124)&#xa;&#x9;at jdk.nashorn.internal.scripts.Script$Recompilation$44618$3841A$\^function\_.L:1#issueCommand(&lt;function&gt;:124)&#xa;&#x9;at jdk.nashorn.internal.scripts.Script$Recompilation$44618$3841A$\^function\_.L:1#issueCommand(&lt;function&gt;:124)&#xa;&#x9;at jdk.nashorn.internal.scripts.Script$Recompilation$44618$3841A$\^function\_.L:1#issueCommand(&lt;function&gt;:124)&#xa;&#x9;at jdk.nashorn.internal.scripts.Script$Recompilation$44618$3841A$\^function\_.L:1#issueCommand(&lt;function&gt;:124)&#xa;&#x9;at jdk.nashorn.internal.scripts.Script$Recompilation$44618$3841A$\^function\_.L:1#issueCommand(&lt;function&gt;:124)&#xa;&#x9;at jdk.nashorn.internal.scripts.Script$Recompilation$44618$3841A$\^function\_.L:1#issueCommand(&lt;function&gt;:124)&#xa;&#x9;at jdk.nashorn.internal.scripts.Script$Recompilation$44618$3841A$\^function\_.L:1#issueCommand(&lt;function&gt;:124)&#xa;&#x9;at jdk.nashorn.internal.scripts.Script$Recompilation$44618$3841A$\^function\_.L:1#issueCommand(&lt;function&gt;:124)&#xa;&#x9;at jdk.nashorn.internal.scripts.Script$Recompilation$44618$3841A$\^function\_.L:1#issueCommand(&lt;function&gt;:124)&#xa;&#x9;at jdk.nashorn.internal.scripts.Script$Recompilation$44618$3841A$\^function\_.L:1#issueCommand(&lt;function&gt;:124)&#xa;&#x9;at jdk.nashorn.internal.scripts.Script$Recompilation$44618$3841A$\^function\_.L:1#issueCommand(&lt;function&gt;:124)&#xa;&#x9;at jdk.nashorn.internal.scripts.Script$Recompilation$44618$3841A$\^function\_.L:1#issueCommand(&lt;function&gt;:124)&#xa;&#x9;at jdk.nashorn.internal.scripts.Script$Recompilation$44618$3841A$\^function\_.L:1#issueCommand(&lt;function&gt;:124)&#xa;&#x9;at jdk.nashorn.internal.scripts.Script$Recompilation$44618$3841A$\^function\_.L:1#issueCommand(&lt;function&gt;:124)&#xa;&#x9;at jdk.nashorn.internal.scripts.Script$Recompilation$44618$3841A$\^function\_.L:1#issueCommand(&lt;function&gt;:124)&#xa;&#x9;at jdk.nashorn.internal.scripts.Script$Recompilation$44618$3841A$\^function\_.L:1#issueCommand(&lt;function&gt;:124)&#xa;&#x9;at jdk.nashorn.internal.scripts.Script$Recompilation$44618$3841A$\^function\_.L:1#issueCommand(&lt;function&gt;:124)&#xa;&#x9;at jdk.nashorn.internal.scripts.Script$Recompilation$44618$3841A$\^function\_.L:1#issueCommand(&lt;function&gt;:124)&#xa;&#x9;at jdk.nashorn.internal.scripts.Script$Recompilation$44618$3841A$\^function\_.L:1#issueCommand(&lt;function&gt;:124)&#xa;&#x9;at jdk.nashorn.internal.scripts.Script$Recompilation$44618$3841A$\^function\_.L:1#issueCommand(&lt;function&gt;:124)&#xa;&#x9;at jdk.nashorn.internal.scripts.Script$Recompilation$44618$3841A$\^function\_.L:1#issueCommand(&lt;function&gt;:124)&#xa;&#x9;at jdk.nashorn.internal.scripts.Script$Recompilation$44618$3841A$\^function\_.L:1#issueCommand(&lt;function&gt;:124)&#xa;&#x9;at jdk.nashorn.internal.scripts.Script$Recompilation$44618$3841A$\^function\_.L:1#issueCommand(&lt;function&gt;:124)&#xa;&#x9;at jdk.nashorn.internal.scripts.Script$Recompilation$44618$3841A$\^function\_.L:1#issueCommand(&lt;function&gt;:124)&#xa;&#x9;at jdk.nashorn.internal.scripts.Script$Recompilation$44618$3841A$\^function\_.L:1#issueCommand(&lt;function&gt;:124)&#xa;&#x9;at jdk.nashorn.internal.scripts.Script$Recompilation$44618$3841A$\^function\_.L:1#issueCommand(&lt;function&gt;:124)&#xa;&#x9;at jdk.nashorn.internal.scripts.Script$Recompilation$44618$3841A$\^function\_.L:1#issueCommand(&lt;function&gt;:124)&#xa;&#x9;at jdk.nashorn.internal.scripts.Script$Recompilation$44618$3841A$\^function\_.L:1#issueCommand(&lt;function&gt;:124)&#xa;&#x9;at jdk.nashorn.internal.scripts.Script$Recompilation$44618$3841A$\^function\_.L:1#issueCommand(&lt;function&gt;:124)&#xa;&#x9;at jdk.nashorn.internal.scripts.Script$Recompilation$44618$3841A$\^function\_.L:1#issueCommand(&lt;function&gt;:124)&#xa;&#x9;at jdk.nashorn.internal.scripts.Script$Recompilation$44618$3841A$\^function\_.L:1#issueCommand(&lt;function&gt;:124)&#xa;&#x9;at jdk.nashorn.internal.scripts.Script$Recompilation$44618$3841A$\^function\_.L:1#issueCommand(&lt;function&gt;:124)&#xa;&#x9;at jdk.nashorn.internal.scripts.Script$Recompilation$44618$3841A$\^function\_.L:1#issueCommand(&lt;function&gt;:124)&#xa;&#x9;at jdk.nashorn.internal.scripts.Script$Recompilation$44618$3841A$\^function\_.L:1#issueCommand(&lt;function&gt;:124)&#xa;&#x9;at jdk.nashorn.internal.scripts.Script$Recompilation$44618$3841A$\^function\_.L:1#issueCommand(&lt;function&gt;:124)&#xa;&#x9;at jdk.nashorn.internal.scripts.Script$Recompilation$44618$3841A$\^function\_.L:1#issueCommand(&lt;function&gt;:124)&#xa;&#x9;at jdk.nashorn.internal.scripts.Script$Recompilation$44618$3841A$\^function\_.L:1#issueCommand(&lt;function&gt;:124)&#xa;&#x9;at jdk.nashorn.internal.scripts.Script$Recompilation$44618$3841A$\^function\_.L:1#issueCommand(&lt;function&gt;:124)&#xa;&#x9;at jdk.nashorn.internal.scripts.Script$Recompilation$44618$3841A$\^function\_.L:1#issueCommand(&lt;function&gt;:124)&#xa;&#x9;at jdk.nashorn.internal.scripts.Script$Recompilation$44618$3841A$\^function\_.L:1#issueCommand(&lt;function&gt;:124)&#xa;&#x9;at jdk.nashorn.internal.scripts.Script$Recompilation$44618$3841A$\^function\_.L:1#issueCommand(&lt;function&gt;:124)&#xa;&#x9;at jdk.nashorn.internal.scripts.Script$Recompilation$44618$3841A$\^function\_.L:1#issueCommand(&lt;function&gt;:124)&#xa;&#x9;at jdk.nashorn.internal.scripts.Script$Recompilation$44618$3841A$\^function\_.L:1#issueCommand(&lt;function&gt;:124)&#xa;&#x9;at jdk.nashorn.internal.scripts.Script$Recompilation$44618$3841A$\^function\_.L:1#issueCommand(&lt;function&gt;:124)&#xa;&#x9;at jdk.nashorn.internal.scripts.Script$Recompilation$44618$3841A$\^function\_.L:1#issueCommand(&lt;function&gt;:124)&#xa;&#x9;at jdk.nashorn.internal.scripts.Script$Recompilation$44618$3841A$\^function\_.L:1#issueCommand(&lt;function&gt;:124)&#xa;&#x9;at jdk.nashorn.internal.scripts.Script$Recompilation$44618$3841A$\^function\_.L:1#issueCommand(&lt;function&gt;:124)&#xa;&#x9;at jdk.nashorn.internal.scripts.Script$Recompilation$44618$3841A$\^function\_.L:1#issueCommand(&lt;function&gt;:124)&#xa;&#x9;at jdk.nashorn.internal.scripts.Script$Recompilation$44618$3841A$\^function\_.L:1#issueCommand(&lt;function&gt;:124)&#xa;&#x9;at jdk.nashorn.internal.scripts.Script$Recompilation$44618$3841A$\^function\_.L:1#issueCommand(&lt;function&gt;:124)&#xa;&#x9;at jdk.nashorn.internal.scripts.Script$Recompilation$44618$3841A$\^function\_.L:1#issueCommand(&lt;function&gt;:124)&#xa;&#x9;at jdk.nashorn.internal.scripts.Script$Recompilation$44618$3841A$\^function\_.L:1#issueCommand(&lt;function&gt;:124)&#xa;&#x9;at jdk.nashorn.internal.scripts.Script$Recompilation$44618$3841A$\^function\_.L:1#issueCommand(&lt;function&gt;:124)&#xa;&#x9;at jdk.nashorn.internal.scripts.Script$Recompilation$44618$3841A$\^function\_.L:1#issueCommand(&lt;function&gt;:124)&#xa;&#x9;at jdk.nashorn.internal.scripts.Script$Recompilation$44618$3841A$\^function\_.L:1#issueCommand(&lt;function&gt;:124)&#xa;&#x9;at jdk.nashorn.internal.scripts.Script$Recompilation$44618$3841A$\^function\_.L:1#issueCommand(&lt;function&gt;:124)&#xa;&#x9;at jdk.nashorn.internal.scripts.Script$Recompilation$44618$3841A$\^function\_.L:1#issueCommand(&lt;function&gt;:124)&#xa;&#x9;at jdk.nashorn.internal.scripts.Script$Recompilation$44618$3841A$\^function\_.L:1#issueCommand(&lt;function&gt;:124)&#xa;&#x9;at jdk.nashorn.internal.scripts.Script$Recompilation$44618$3841A$\^function\_.L:1#issueCommand(&lt;function&gt;:124)&#xa;&#x9;at jdk.nashorn.internal.scripts.Script$Recompilation$44618$3841A$\^function\_.L:1#issueCommand(&lt;function&gt;:124)&#xa;&#x9;at jdk.nashorn.internal.scripts.Script$Recompilation$44618$3841A$\^function\_.L:1#issueCommand(&lt;function&gt;:124)&#xa;&#x9;at jdk.nashorn.internal.scripts.Script$Recompilation$44618$3841A$\^function\_.L:1#issueCommand(&lt;function&gt;:124)&#xa;&#x9;at jdk.nashorn.internal.scripts.Script$Recompilation$44618$3841A$\^function\_.L:1#issueCommand(&lt;function&gt;:124)&#xa;&#x9;at jdk.nashorn.internal.scripts.Script$Recompilation$44618$3841A$\^function\_.L:1#issueCommand(&lt;function&gt;:124)&#xa;&#x9;at jdk.nashorn.internal.scripts.Script$Recompilation$44618$3841A$\^function\_.L:1#issueCommand(&lt;function&gt;:124)&#xa;&#x9;at jdk.nashorn.internal.scripts.Script$Recompilation$44618$3841A$\^function\_.L:1#issueCommand(&lt;function&gt;:124)&#xa;&#x9;at jdk.nashorn.internal.scripts.Script$Recompilation$44618$3841A$\^function\_.L:1#issueCommand(&lt;function&gt;:124)&#xa;&#x9;at jdk.nashorn.internal.scripts.Script$Recompilation$44618$3841A$\^function\_.L:1#issueCommand(&lt;function&gt;:124)&#xa;&#x9;at jdk.nashorn.internal.scripts.Script$Recompilation$44618$3841A$\^function\_.L:1#issueCommand(&lt;function&gt;:124)&#xa;&#x9;at jdk.nashorn.internal.scripts.Script$Recompilation$44618$3841A$\^function\_.L:1#issueCommand(&lt;function&gt;:124)&#xa;&#x9;at jdk.nashorn.internal.scripts.Script$Recompilation$44618$3841A$\^function\_.L:1#issueCommand(&lt;function&gt;:124)&#xa;&#x9;at jdk.nashorn.internal.scripts.Script$Recompilation$44618$3841A$\^function\_.L:1#issueCommand(&lt;function&gt;:124)&#xa;&#x9;at jdk.nashorn.internal.scripts.Script$Recompilation$44618$3841A$\^function\_.L:1#issueCommand(&lt;function&gt;:124)&#xa;&#x9;at jdk.nashorn.internal.scripts.Script$Recompilation$44618$3841A$\^function\_.L:1#issueCommand(&lt;function&gt;:124)&#xa;&#x9;at jdk.nashorn.internal.scripts.Script$Recompilation$44618$3841A$\^function\_.L:1#issueCommand(&lt;function&gt;:124)&#xa;&#x9;at jdk.nashorn.internal.scripts.Script$Recompilation$44618$3841A$\^function\_.L:1#issueCommand(&lt;function&gt;:124)&#xa;&#x9;at jdk.nashorn.internal.scripts.Script$Recompilation$44618$3841A$\^function\_.L:1#issueCommand(&lt;function&gt;:124)&#xa;&#x9;at jdk.nashorn.internal.scripts.Script$Recompilation$44618$3841A$\^function\_.L:1#issueCommand(&lt;function&gt;:124)&#xa;&#x9;at jdk.nashorn.internal.scripts.Script$Recompilation$44618$3841A$\^function\_.L:1#issueCommand(&lt;function&gt;:124)&#xa;&#x9;at jdk.nashorn.internal.scripts.Script$Recompilation$44618$3841A$\^function\_.L:1#issueCommand(&lt;function&gt;:124)&#xa;&#x9;at jdk.nashorn.internal.scripts.Script$Recompilation$44618$3841A$\^function\_.L:1#issueCommand(&lt;function&gt;:124)&#xa;&#x9;at jdk.nashorn.internal.scripts.Script$Recompilation$44618$3841A$\^function\_.L:1#issueCommand(&lt;function&gt;:124)&#xa;&#x9;at jdk.nashorn.internal.scripts.Script$Recompilation$44618$3841A$\^function\_.L:1#issueCommand(&lt;function&gt;:124)&#xa;&#x9;at jdk.nashorn.internal.scripts.Script$Recompilation$44618$3841A$\^function\_.L:1#issueCommand(&lt;function&gt;:124)&#xa;&#x9;at jdk.nashorn.internal.scripts.Script$Recompilation$44618$3841A$\^function\_.L:1#issueCommand(&lt;function&gt;:124)&#xa;&#x9;at jdk.nashorn.internal.scripts.Script$Recompilation$44618$3841A$\^function\_.L:1#issueCommand(&lt;function&gt;:124)&#xa;&#x9;at jdk.nashorn.internal.scripts.Script$Recompilation$44618$3841A$\^function\_.L:1#issueCommand(&lt;function&gt;:124)&#xa;&#x9;at jdk.nashorn.internal.scripts.Script$Recompilation$44618$3841A$\^function\_.L:1#issueCommand(&lt;function&gt;:124)&#xa;&#x9;at jdk.nashorn.internal.scripts.Script$Recompilation$44618$3841A$\^function\_.L:1#issueCommand(&lt;function&gt;:124)&#xa;&#x9;at jdk.nashorn.internal.scripts.Script$Recompilation$44618$3841A$\^function\_.L:1#issueCommand(&lt;function&gt;:124)&#xa;&#x9;at jdk.nashorn.internal.scripts.Script$Recompilation$44618$3841A$\^function\_.L:1#issueCommand(&lt;function&gt;:124)&#xa;&#x9;at jdk.nashorn.internal.scripts.Script$Recompilation$44618$3841A$\^function\_.L:1#issueCommand(&lt;function&gt;:124)&#xa;&#x9;at jdk.nashorn.internal.scripts.Script$Recompilation$44618$3841A$\^function\_.L:1#issueCommand(&lt;function&gt;:124)&#xa;&#x9;at jdk.nashorn.internal.scripts.Script$Recompilation$44618$3841A$\^function\_.L:1#issueCommand(&lt;function&gt;:124)&#xa;&#x9;at jdk.nashorn.internal.scripts.Script$Recompilation$44618$3841A$\^function\_.L:1#issueCommand(&lt;function&gt;:124)&#xa;&#x9;at jdk.nashorn.internal.scripts.Script$Recompilation$44618$3841A$\^function\_.L:1#issueCommand(&lt;function&gt;:124)&#xa;&#x9;at jdk.nashorn.internal.scripts.Script$Recompilation$44618$3841A$\^function\_.L:1#issueCommand(&lt;function&gt;:124)&#xa;&#x9;at jdk.nashorn.internal.scripts.Script$Recompilation$44618$3841A$\^function\_.L:1#issueCommand(&lt;function&gt;:124)&#xa;&#x9;at jdk.nashorn.internal.scripts.Script$Recompilation$44618$3841A$\^function\_.L:1#issueCommand(&lt;function&gt;:124)&#xa;&#x9;at jdk.nashorn.internal.scripts.Script$Recompilation$44618$3841A$\^function\_.L:1#issueCommand(&lt;function&gt;:124)&#xa;&#x9;at jdk.nashorn.internal.scripts.Script$Recompilation$44618$3841A$\^function\_.L:1#issueCommand(&lt;function&gt;:124)&#xa;&#x9;at jdk.nashorn.internal.scripts.Script$Recompilation$44618$3841A$\^function\_.L:1#issueCommand(&lt;function&gt;:124)&#xa;&#x9;at jdk.nashorn.internal.scripts.Script$Recompilation$44618$3841A$\^function\_.L:1#issueCommand(&lt;function&gt;:124)&#xa;&#x9;at jdk.nashorn.internal.scripts.Script$Recompilation$44618$3841A$\^function\_.L:1#issueCommand(&lt;function&gt;:124)&#xa;&#x9;at jdk.nashorn.internal.scripts.Script$Recompilation$44618$3841A$\^function\_.L:1#issueCommand(&lt;function&gt;:124)&#xa;&#x9;at jdk.nashorn.internal.scripts.Script$Recompilation$44618$3841A$\^function\_.L:1#issueCommand(&lt;function&gt;:124)&#xa;&#x9;at jdk.nashorn.internal.scripts.Script$Recompilation$44618$3841A$\^function\_.L:1#issueCommand(&lt;function&gt;:124)&#xa;&#x9;at jdk.nashorn.internal.scripts.Script$Recompilation$44618$3841A$\^function\_.L:1#issueCommand(&lt;function&gt;:124)&#xa;&#x9;at jdk.nashorn.internal.scripts.Script$Recompilation$44618$3841A$\^function\_.L:1#issueCommand(&lt;function&gt;:124)&#xa;&#x9;at jdk.nashorn.internal.scripts.Script$Recompilation$44618$3841A$\^function\_.L:1#issueCommand(&lt;function&gt;:124)&#xa;&#x9;at jdk.nashorn.internal.scripts.Script$Recompilation$44618$3841A$\^function\_.L:1#issueCommand(&lt;function&gt;:124)&#xa;&#x9;at jdk.nashorn.internal.scripts.Script$Recompilation$44618$3841A$\^function\_.L:1#issueCommand(&lt;function&gt;:124)&#xa;&#x9;at jdk.nashorn.internal.scripts.Script$Recompilation$44618$3841A$\^function\_.L:1#issueCommand(&lt;function&gt;:124)&#xa;&#x9;at jdk.nashorn.internal.scripts.Script$Recompilation$44618$3841A$\^function\_.L:1#issueCommand(&lt;function&gt;:124)&#xa;&#x9;at jdk.nashorn.internal.scripts.Script$Recompilation$44618$3841A$\^function\_.L:1#issueCommand(&lt;function&gt;:124)&#xa;&#x9;at jdk.nashorn.internal.scripts.Script$Recompilation$44618$3841A$\^function\_.L:1#issueCommand(&lt;function&gt;:124)&#xa;&#x9;at jdk.nashorn.internal.scripts.Script$Recompilation$44618$3841A$\^function\_.L:1#issueCommand(&lt;function&gt;:124)&#xa;&#x9;at jdk.nashorn.internal.scripts.Script$Recompilation$44618$3841A$\^function\_.L:1#issueCommand(&lt;function&gt;:124)&#xa;&#x9;at jdk.nashorn.internal.scripts.Script$Recompilation$44618$3841A$\^function\_.L:1#issueCommand(&lt;function&gt;:124)&#xa;&#x9;at jdk.nashorn.internal.scripts.Script$Recompilation$44618$3841A$\^function\_.L:1#issueCommand(&lt;function&gt;:124)&#xa;&#x9;at jdk.nashorn.internal.scripts.Script$Recompilation$44618$3841A$\^function\_.L:1#issueCommand(&lt;function&gt;:124)&#xa;&#x9;at jdk.nashorn.internal.scripts.Script$Recompilation$44618$3841A$\^function\_.L:1#issueCommand(&lt;function&gt;:124)&#xa;&#x9;at jdk.nashorn.internal.scripts.Script$Recompilation$44618$3841A$\^function\_.L:1#issueCommand(&lt;function&gt;:124)&#xa;&#x9;at jdk.nashorn.internal.scripts.Script$Recompilation$44618$3841A$\^function\_.L:1#issueCommand(&lt;function&gt;:124)&#xa;&#x9;at jdk.nashorn.internal.scripts.Script$Recompilation$44618$3841A$\^function\_.L:1#issueCommand(&lt;function&gt;:124)&#xa;&#x9;at jdk.nashorn.internal.scripts.Script$Recompilation$44618$3841A$\^function\_.L:1#issueCommand(&lt;function&gt;:124)&#xa;&#x9;at jdk.nashorn.internal.scripts.Script$Recompilation$44618$3841A$\^function\_.L:1#issueCommand(&lt;function&gt;:124)&#xa;&#x9;at jdk.nashorn.internal.scripts.Script$Recompilation$44618$3841A$\^function\_.L:1#issueCommand(&lt;function&gt;:124)&#xa;&#x9;at jdk.nashorn.internal.scripts.Script$Recompilation$44618$3841A$\^function\_.L:1#issueCommand(&lt;function&gt;:124)&#xa;&#x9;at jdk.nashorn.internal.scripts.Script$Recompilation$44618$3841A$\^function\_.L:1#issueCommand(&lt;function&gt;:124)&#xa;&#x9;at jdk.nashorn.internal.scripts.Script$Recompilation$44618$3841A$\^function\_.L:1#issueCommand(&lt;function&gt;:124)&#xa;&#x9;at jdk.nashorn.internal.scripts.Script$Recompilation$44618$3841A$\^function\_.L:1#issueCommand(&lt;function&gt;:124)&#xa;&#x9;at jdk.nashorn.internal.scripts.Script$Recompilation$44618$3841A$\^function\_.L:1#issueCommand(&lt;function&gt;:124)&#xa;&#x9;at jdk.nashorn.internal.scripts.Script$Recompilation$44618$3841A$\^function\_.L:1#issueCommand(&lt;function&gt;:124)&#xa;&#x9;at jdk.nashorn.internal.scripts.Script$Recompilation$44618$3841A$\^function\_.L:1#issueCommand(&lt;function&gt;:124)&#xa;&#x9;at jdk.nashorn.internal.scripts.Script$Recompilation$44618$3841A$\^function\_.L:1#issueCommand(&lt;function&gt;:124)&#xa;&#x9;at jdk.nashorn.internal.scripts.Script$Recompilation$44618$3841A$\^function\_.L:1#issueCommand(&lt;function&gt;:124)&#xa;&#x9;at jdk.nashorn.internal.scripts.Script$Recompilation$44618$3841A$\^function\_.L:1#issueCommand(&lt;function&gt;:124)&#xa;&#x9;at jdk.nashorn.internal.scripts.Script$Recompilation$44618$3841A$\^function\_.L:1#issueCommand(&lt;function&gt;:124)&#xa;&#x9;at jdk.nashorn.internal.scripts.Script$Recompilation$44618$3841A$\^function\_.L:1#issueCommand(&lt;function&gt;:124)&#xa;&#x9;at jdk.nashorn.internal.scripts.Script$Recompilation$44618$3841A$\^function\_.L:1#issueCommand(&lt;function&gt;:124)&#xa;&#x9;at jdk.nashorn.internal.scripts.Script$Recompilation$44618$3841A$\^function\_.L:1#issueCommand(&lt;function&gt;:124)&#xa;&#x9;at jdk.nashorn.internal.scripts.Script$Recompilation$44618$3841A$\^function\_.L:1#issueCommand(&lt;function&gt;:124)&#xa;&#x9;at jdk.nashorn.internal.scripts.Script$Recompilation$44618$3841A$\^function\_.L:1#issueCommand(&lt;function&gt;:124)&#xa;&#x9;at jdk.nashorn.internal.scripts.Script$Recompilation$44618$3841A$\^function\_.L:1#issueCommand(&lt;function&gt;:124)&#xa;&#x9;at jdk.nashorn.internal.scripts.Script$Recompilation$44618$3841A$\^function\_.L:1#issueCommand(&lt;function&gt;:124)&#xa;&#x9;at jdk.nashorn.internal.scripts.Script$Recompilation$44618$3841A$\^function\_.L:1#issueCommand(&lt;function&gt;:124)&#xa;&#x9;at jdk.nashorn.internal.scripts.Script$Recompilation$44618$3841A$\^function\_.L:1#issueCommand(&lt;function&gt;:124)&#xa;&#x9;at jdk.nashorn.internal.scripts.Script$Recompilation$44618$3841A$\^function\_.L:1#issueCommand(&lt;function&gt;:124)&#xa;&#x9;at jdk.nashorn.internal.scripts.Script$Recompilation$44618$3841A$\^function\_.L:1#issueCommand(&lt;function&gt;:124)&#xa;&#x9;at jdk.nashorn.internal.scripts.Script$Recompilation$44618$3841A$\^function\_.L:1#issueCommand(&lt;function&gt;:124)&#xa;&#x9;at jdk.nashorn.internal.scripts.Script$Recompilation$44618$3841A$\^function\_.L:1#issueCommand(&lt;function&gt;:124)&#xa;&#x9;at jdk.nashorn.internal.scripts.Script$Recompilation$44618$3841A$\^function\_.L:1#issueCommand(&lt;function&gt;:124)&#xa;&#x9;at jdk.nashorn.internal.scripts.Script$Recompilation$44618$3841A$\^function\_.L:1#issueCommand(&lt;function&gt;:124)&#xa;&#x9;at jdk.nashorn.internal.scripts.Script$Recompilation$44618$3841A$\^function\_.L:1#issueCommand(&lt;function&gt;:124)&#xa;&#x9;at jdk.nashorn.internal.scripts.Script$Recompilation$44618$3841A$\^function\_.L:1#issueCommand(&lt;function&gt;:124)&#xa;&#x9;at jdk.nashorn.internal.scripts.Script$Recompilation$44618$3841A$\^function\_.L:1#issueCommand(&lt;function&gt;:124)&#xa;&#x9;at jdk.nashorn.internal.scripts.Script$Recompilation$44618$3841A$\^function\_.L:1#issueCommand(&lt;function&gt;:124)&#xa;&#x9;at jdk.nashorn.internal.scripts.Script$Recompilation$44618$3841A$\^function\_.L:1#issueCommand(&lt;function&gt;:124)&#xa;&#x9;at jdk.nashorn.internal.scripts.Script$Recompilation$44618$3841A$\^function\_.L:1#issueCommand(&lt;function&gt;:124)&#xa;&#x9;at jdk.nashorn.internal.scripts.Script$Recompilation$44618$3841A$\^function\_.L:1#issueCommand(&lt;function&gt;:124)&#xa;&#x9;at jdk.nashorn.internal.scripts.Script$Recompilation$44618$3841A$\^function\_.L:1#issueCommand(&lt;function&gt;:124)&#xa;&#x9;at jdk.nashorn.internal.scripts.Script$Recompilation$44618$3841A$\^function\_.L:1#issueCommand(&lt;function&gt;:124)&#xa;&#x9;at jdk.nashorn.internal.scripts.Script$Recompilation$44618$3841A$\^function\_.L:1#issueCommand(&lt;function&gt;:124)&#xa;&#x9;at jdk.nashorn.internal.scripts.Script$Recompilation$44618$3841A$\^function\_.L:1#issueCommand(&lt;function&gt;:124)&#xa;&#x9;at jdk.nashorn.internal.scripts.Script$Recompilation$44618$3841A$\^function\_.L:1#issueCommand(&lt;function&gt;:124)&#xa;&#x9;at jdk.nashorn.internal.scripts.Script$Recompilation$44618$3841A$\^function\_.L:1#issueCommand(&lt;function&gt;:124)&#xa;&#x9;at jdk.nashorn.internal.scripts.Script$Recompilation$44618$3841A$\^function\_.L:1#issueCommand(&lt;function&gt;:124)&#xa;&#x9;at jdk.nashorn.internal.scripts.Script$Recompilation$44618$3841A$\^function\_.L:1#issueCommand(&lt;function&gt;:124)&#xa;&#x9;at jdk.nashorn.internal.scripts.Script$Recompilation$44618$3841A$\^function\_.L:1#issueCommand(&lt;function&gt;:124)&#xa;&#x9;at jdk.nashorn.internal.scripts.Script$Recompilation$44618$3841A$\^function\_.L:1#issueCommand(&lt;function&gt;:124)&#xa;&#x9;at jdk.nashorn.internal.scripts.Script$Recompilation$44618$3841A$\^function\_.L:1#issueCommand(&lt;function&gt;:124)&#xa;&#x9;at jdk.nashorn.internal.scripts.Script$Recompilation$44618$3841A$\^function\_.L:1#issueCommand(&lt;function&gt;:124)&#xa;&#x9;at jdk.nashorn.internal.scripts.Script$Recompilation$44618$3841A$\^function\_.L:1#issueCommand(&lt;function&gt;:124)&#xa;&#x9;at jdk.nashorn.internal.scripts.Script$Recompilation$44618$3841A$\^function\_.L:1#issueCommand(&lt;function&gt;:124)&#xa;&#x9;at jdk.nashorn.internal.scripts.Script$Recompilation$44618$3841A$\^function\_.L:1#issueCommand(&lt;function&gt;:124)&#xa;&#x9;at jdk.nashorn.internal.scripts.Script$Recompilation$44618$3841A$\^function\_.L:1#issueCommand(&lt;function&gt;:124)&#xa;&#x9;at jdk.nashorn.internal.scripts.Script$Recompilation$44618$3841A$\^function\_.L:1#issueCommand(&lt;function&gt;:124)&#xa;&#x9;at jdk.nashorn.internal.scripts.Script$Recompilation$44618$3841A$\^function\_.L:1#issueCommand(&lt;function&gt;:124)&#xa;&#x9;at jdk.nashorn.internal.scripts.Script$Recompilation$44618$3841A$\^function\_.L:1#issueCommand(&lt;function&gt;:124)&#xa;&#x9;at jdk.nashorn.internal.scripts.Script$Recompilation$44618$3841A$\^function\_.L:1#issueCommand(&lt;function&gt;:124)&#xa;&#x9;at jdk.nashorn.internal.scripts.Script$Recompilation$44618$3841A$\^function\_.L:1#issueCommand(&lt;function&gt;:124)&#xa;&#x9;at jdk.nashorn.internal.scripts.Script$Recompilation$44618$3841A$\^function\_.L:1#issueCommand(&lt;function&gt;:124)&#xa;&#x9;at jdk.nashorn.internal.scripts.Script$Recompilation$44618$3841A$\^function\_.L:1#issueCommand(&lt;function&gt;:124)&#xa;&#x9;at jdk.nashorn.internal.scripts.Script$Recompilation$44618$3841A$\^function\_.L:1#issueCommand(&lt;function&gt;:124)&#xa;&#x9;at jdk.nashorn.internal.scripts.Script$Recompilation$44618$3841A$\^function\_.L:1#issueCommand(&lt;function&gt;:124)&#xa;&#x9;at jdk.nashorn.internal.scripts.Script$Recompilation$44618$3841A$\^function\_.L:1#issueCommand(&lt;function&gt;:124)&#xa;&#x9;at jdk.nashorn.internal.scripts.Script$Recompilation$44618$3841A$\^function\_.L:1#issueCommand(&lt;function&gt;:124)&#xa;&#x9;at jdk.nashorn.internal.scripts.Script$Recompilation$44618$3841A$\^function\_.L:1#issueCommand(&lt;function&gt;:124)&#xa;&#x9;at jdk.nashorn.internal.scripts.Script$Recompilation$44618$3841A$\^function\_.L:1#issueCommand(&lt;function&gt;:124)&#xa;&#x9;at jdk.nashorn.internal.scripts.Script$Recompilation$44618$3841A$\^function\_.L:1#issueCommand(&lt;function&gt;:124)&#xa;&#x9;at jdk.nashorn.internal.scripts.Script$Recompilation$44618$3841A$\^function\_.L:1#issueCommand(&lt;function&gt;:124)&#xa;&#x9;at jdk.nashorn.internal.scripts.Script$Recompilation$44618$3841A$\^function\_.L:1#issueCommand(&lt;function&gt;:124)&#xa;&#x9;at jdk.nashorn.internal.scripts.Script$Recompilation$44618$3841A$\^function\_.L:1#issueCommand(&lt;function&gt;:124)&#xa;&#x9;at jdk.nashorn.internal.scripts.Script$Recompilation$44618$3841A$\^function\_.L:1#issueCommand(&lt;function&gt;:124)&#xa;&#x9;at jdk.nashorn.internal.scripts.Script$Recompilation$44618$3841A$\^function\_.L:1#issueCommand(&lt;function&gt;:124)&#xa;&#x9;at jdk.nashorn.internal.scripts.Script$Recompilation$44618$3841A$\^function\_.L:1#issueCommand(&lt;function&gt;:124)&#xa;&#x9;at jdk.nashorn.internal.scripts.Script$Recompilation$44618$3841A$\^function\_.L:1#issueCommand(&lt;function&gt;:124)&#xa;&#x9;at jdk.nashorn.internal.scripts.Script$Recompilation$44618$3841A$\^function\_.L:1#issueCommand(&lt;function&gt;:124)&#xa;&#x9;at jdk.nashorn.internal.scripts.Script$Recompilation$44618$3841A$\^function\_.L:1#issueCommand(&lt;function&gt;:124)&#xa;&#x9;at jdk.nashorn.internal.scripts.Script$Recompilation$44618$3841A$\^function\_.L:1#issueCommand(&lt;function&gt;:124)&#xa;&#x9;at jdk.nashorn.internal.scripts.Script$Recompilation$44618$3841A$\^function\_.L:1#issueCommand(&lt;function&gt;:124)&#xa;&#x9;at jdk.nashorn.internal.scripts.Script$Recompilation$44618$3841A$\^function\_.L:1#issueCommand(&lt;function&gt;:124)&#xa;&#x9;at jdk.nashorn.internal.scripts.Script$Recompilation$44618$3841A$\^function\_.L:1#issueCommand(&lt;function&gt;:124)&#xa;&#x9;at jdk.nashorn.internal.scripts.Script$Recompilation$44618$3841A$\^function\_.L:1#issueCommand(&lt;function&gt;:124)&#xa;&#x9;at jdk.nashorn.internal.scripts.Script$Recompilation$44618$3841A$\^function\_.L:1#issueCommand(&lt;function&gt;:124)&#xa;&#x9;at jdk.nashorn.internal.scripts.Script$Recompilation$44618$3841A$\^function\_.L:1#issueCommand(&lt;function&gt;:124)&#xa;&#x9;at jdk.nashorn.internal.scripts.Script$Recompilation$44618$3841A$\^function\_.L:1#issueCommand(&lt;function&gt;:124)&#xa;&#x9;at jdk.nashorn.internal.scripts.Script$Recompilation$44618$3841A$\^function\_.L:1#issueCommand(&lt;function&gt;:124)&#xa;&#x9;at jdk.nashorn.internal.scripts.Script$Recompilation$44618$3841A$\^function\_.L:1#issueCommand(&lt;function&gt;:124)&#xa;&#x9;at jdk.nashorn.internal.scripts.Script$Recompilation$44618$3841A$\^function\_.L:1#issueCommand(&lt;function&gt;:124)&#xa;&#x9;at jdk.nashorn.internal.scripts.Script$Recompilation$44618$3841A$\^function\_.L:1#issueCommand(&lt;function&gt;:124)&#xa;&#x9;at jdk.nashorn.internal.scripts.Script$Recompilation$44618$3841A$\^function\_.L:1#issueCommand(&lt;function&gt;:124)&#xa;&#x9;at jdk.nashorn.internal.scripts.Script$Recompilation$44618$3841A$\^function\_.L:1#issueCommand(&lt;function&gt;:124)&#xa;&#x9;at jdk.nashorn.internal.scripts.Script$Recompilation$44618$3841A$\^function\_.L:1#issueCommand(&lt;function&gt;:124)&#xa;&#x9;at jdk.nashorn.internal.scripts.Script$Recompilation$44618$3841A$\^function\_.L:1#issueCommand(&lt;function&gt;:124)&#xa;&#x9;at jdk.nashorn.internal.scripts.Script$Recompilation$44618$3841A$\^function\_.L:1#issueCommand(&lt;function&gt;:124)&#xa;&#x9;at jdk.nashorn.internal.scripts.Script$Recompilation$44618$3841A$\^function\_.L:1#issueCommand(&lt;function&gt;:124)&#xa;&#x9;at jdk.nashorn.internal.scripts.Script$Recompilation$44618$3841A$\^function\_.L:1#issueCommand(&lt;function&gt;:124)&#xa;&#x9;at jdk.nashorn.internal.scripts.Script$Recompilation$44618$3841A$\^function\_.L:1#issueCommand(&lt;function&gt;:124)&#xa;&#x9;at jdk.nashorn.internal.scripts.Script$Recompilation$44618$3841A$\^function\_.L:1#issueCommand(&lt;function&gt;:124)&#xa;&#x9;at jdk.nashorn.internal.scripts.Script$Recompilation$44618$3841A$\^function\_.L:1#issueCommand(&lt;function&gt;:124)&#xa;&#x9;at jdk.nashorn.internal.scripts.Script$Recompilation$44618$3841A$\^function\_.L:1#issueCommand(&lt;function&gt;:124)&#xa;&#x9;at jdk.nashorn.internal.scripts.Script$Recompilation$44618$3841A$\^function\_.L:1#issueCommand(&lt;function&gt;:124)&#xa;&#x9;at jdk.nashorn.internal.scripts.Script$Recompilation$44618$3841A$\^function\_.L:1#issueCommand(&lt;function&gt;:124)&#xa;&#x9;at jdk.nashorn.internal.scripts.Script$Recompilation$44618$3841A$\^function\_.L:1#issueCommand(&lt;function&gt;:124)&#xa;&#x9;at jdk.nashorn.internal.scripts.Script$Recompilation$44618$3841A$\^function\_.L:1#issueCommand(&lt;function&gt;:124)&#xa;&#x9;at jdk.nashorn.internal.scripts.Script$Recompilation$44618$3841A$\^function\_.L:1#issueCommand(&lt;function&gt;:124)&#xa;&#x9;at jdk.nashorn.internal.scripts.Script$Recompilation$44618$3841A$\^function\_.L:1#issueCommand(&lt;function&gt;:124)&#xa;&#x9;at jdk.nashorn.internal.scripts.Script$Recompilation$44618$3841A$\^function\_.L:1#issueCommand(&lt;function&gt;:124)&#xa;&#x9;at jdk.nashorn.internal.scripts.Script$Recompilation$44618$3841A$\^function\_.L:1#issueCommand(&lt;function&gt;:124)&#xa;&#x9;at jdk.nashorn.internal.scripts.Script$Recompilation$44618$3841A$\^function\_.L:1#issueCommand(&lt;function&gt;:124)&#xa;&#x9;at jdk.nashorn.internal.scripts.Script$Recompilation$44618$3841A$\^function\_.L:1#issueCommand(&lt;function&gt;:124)&#xa;&#x9;at jdk.nashorn.internal.scripts.Script$Recompilation$44618$3841A$\^function\_.L:1#issueCommand(&lt;function&gt;:124)&#xa;&#x9;at jdk.nashorn.internal.scripts.Script$Recompilation$44618$3841A$\^function\_.L:1#issueCommand(&lt;function&gt;:124)&#xa;&#x9;at jdk.nashorn.internal.scripts.Script$Recompilation$44618$3841A$\^function\_.L:1#issueCommand(&lt;function&gt;:124)&#xa;&#x9;at jdk.nashorn.internal.scripts.Script$Recompilation$44618$3841A$\^function\_.L:1#issueCommand(&lt;function&gt;:124)&#xa;&#x9;at jdk.nashorn.internal.scripts.Script$Recompilation$44618$3841A$\^function\_.L:1#issueCommand(&lt;function&gt;:124)&#xa;&#x9;at jdk.nashorn.internal.scripts.Script$Recompilation$44618$3841A$\^function\_.L:1#issueCommand(&lt;function&gt;:124)&#xa;&#x9;at jdk.nashorn.internal.scripts.Script$Recompilation$44618$3841A$\^function\_.L:1#issueCommand(&lt;function&gt;:124)&#xa;&#x9;at jdk.nashorn.internal.scripts.Script$Recompilation$44618$3841A$\^function\_.L:1#issueCommand(&lt;function&gt;:124)&#xa;&#x9;at jdk.nashorn.internal.scripts.Script$Recompilation$44618$3841A$\^function\_.L:1#issueCommand(&lt;function&gt;:124)&#xa;&#x9;at jdk.nashorn.internal.scripts.Script$Recompilation$44618$3841A$\^function\_.L:1#issueCommand(&lt;function&gt;:124)&#xa;&#x9;at jdk.nashorn.internal.scripts.Script$Recompilation$44618$3841A$\^function\_.L:1#issueCommand(&lt;function&gt;:124)&#xa;&#x9;at jdk.nashorn.internal.scripts.Script$Recompilation$44618$3841A$\^function\_.L:1#issueCommand(&lt;function&gt;:124)&#xa;&#x9;at jdk.nashorn.internal.scripts.Script$Recompilation$44618$3841A$\^function\_.L:1#issueCommand(&lt;function&gt;:124)&#xa;&#x9;at jdk.nashorn.internal.scripts.Script$Recompilation$44618$3841A$\^function\_.L:1#issueCommand(&lt;function&gt;:124)&#xa;&#x9;at jdk.nashorn.internal.scripts.Script$Recompilation$44618$3841A$\^function\_.L:1#issueCommand(&lt;function&gt;:124)&#xa;&#x9;at jdk.nashorn.internal.scripts.Script$Recompilation$44618$3841A$\^function\_.L:1#issueCommand(&lt;function&gt;:124)&#xa;&#x9;at jdk.nashorn.internal.scripts.Script$Recompilation$44618$3841A$\^function\_.L:1#issueCommand(&lt;function&gt;:124)&#xa;&#x9;at jdk.nashorn.internal.scripts.Script$Recompilation$44618$3841A$\^function\_.L:1#issueCommand(&lt;function&gt;:124)&#xa;&#x9;at jdk.nashorn.internal.scripts.Script$Recompilation$44618$3841A$\^function\_.L:1#issueCommand(&lt;function&gt;:124)&#xa;&#x9;at jdk.nashorn.internal.scripts.Script$Recompilation$44618$3841A$\^function\_.L:1#issueCommand(&lt;function&gt;:124)&#xa;&#x9;at jdk.nashorn.internal.scripts.Script$Recompilation$44618$3841A$\^function\_.L:1#issueCommand(&lt;function&gt;:124)&#xa;&#x9;at jdk.nashorn.internal.scripts.Script$Recompilation$44618$3841A$\^function\_.L:1#issueCommand(&lt;function&gt;:124)&#xa;&#x9;at jdk.nashorn.internal.scripts.Script$Recompilation$44618$3841A$\^function\_.L:1#issueCommand(&lt;function&gt;:124)&#xa;&#x9;at jdk.nashorn.internal.scripts.Script$Recompilation$44618$3841A$\^function\_.L:1#issueCommand(&lt;function&gt;:124)&#xa;&#x9;at jdk.nashorn.internal.scripts.Script$Recompilation$44618$3841A$\^function\_.L:1#issueCommand(&lt;function&gt;:124)&#xa;&#x9;at jdk.nashorn.internal.scripts.Script$Recompilation$44618$3841A$\^function\_.L:1#issueCommand(&lt;function&gt;:124)&#xa;&#x9;at jdk.nashorn.internal.scripts.Script$Recompilation$44618$3841A$\^function\_.L:1#issueCommand(&lt;function&gt;:124)&#xa;&#x9;at jdk.nashorn.internal.scripts.Script$Recompilation$44618$3841A$\^function\_.L:1#issueCommand(&lt;function&gt;:124)&#xa;&#x9;at jdk.nashorn.internal.scripts.Script$Recompilation$44618$3841A$\^function\_.L:1#issueCommand(&lt;function&gt;:124)&#xa;&#x9;at jdk.nashorn.internal.scripts.Script$Recompilation$44618$3841A$\^function\_.L:1#issueCommand(&lt;function&gt;:124)&#xa;&#x9;at jdk.nashorn.internal.scripts.Script$Recompilation$44618$3841A$\^function\_.L:1#issueCommand(&lt;function&gt;:124)&#xa;&#x9;at jdk.nashorn.internal.scripts.Script$Recompilation$44618$3841A$\^function\_.L:1#issueCommand(&lt;function&gt;:124)&#xa;&#x9;at jdk.nashorn.internal.scripts.Script$Recompilation$44618$3841A$\^function\_.L:1#issueCommand(&lt;function&gt;:124)&#xa;&#x9;at jdk.nashorn.internal.scripts.Script$Recompilation$44618$3841A$\^function\_.L:1#issueCommand(&lt;function&gt;:124)&#xa;&#x9;at jdk.nashorn.internal.scripts.Script$Recompilation$44618$3841A$\^function\_.L:1#issueCommand(&lt;function&gt;:124)&#xa;&#x9;at jdk.nashorn.internal.scripts.Script$Recompilation$44618$3841A$\^function\_.L:1#issueCommand(&lt;function&gt;:124)&#xa;&#x9;at jdk.nashorn.internal.scripts.Script$Recompilation$44618$3841A$\^function\_.L:1#issueCommand(&lt;function&gt;:124)&#xa;&#x9;at jdk.nashorn.internal.scripts.Script$Recompilation$44618$3841A$\^function\_.L:1#issueCommand(&lt;function&gt;:124)&#xa;&#x9;at jdk.nashorn.internal.scripts.Script$Recompilation$44618$3841A$\^function\_.L:1#issueCommand(&lt;function&gt;:124)&#xa;&#x9;at jdk.nashorn.internal.scripts.Script$Recompilation$44618$3841A$\^function\_.L:1#issueCommand(&lt;function&gt;:124)&#xa;&#x9;at jdk.nashorn.internal.scripts.Script$Recompilation$44618$3841A$\^function\_.L:1#issueCommand(&lt;function&gt;:124)&#xa;&#x9;at jdk.nashorn.internal.scripts.Script$Recompilation$44618$3841A$\^function\_.L:1#issueCommand(&lt;function&gt;:124)&#xa;&#x9;at jdk.nashorn.internal.scripts.Script$Recompilation$44618$3841A$\^function\_.L:1#issueCommand(&lt;function&gt;:124)&#xa;&#x9;at jdk.nashorn.internal.scripts.Script$Recompilation$44618$3841A$\^function\_.L:1#issueCommand(&lt;function&gt;:124)&#xa;&#x9;at jdk.nashorn.internal.scripts.Script$Recompilation$44618$3841A$\^function\_.L:1#issueCommand(&lt;function&gt;:124)&#xa;&#x9;at jdk.nashorn.internal.scripts.Script$Recompilation$44618$3841A$\^function\_.L:1#issueCommand(&lt;function&gt;:124)&#xa;&#x9;at jdk.nashorn.internal.scripts.Script$Recompilation$44618$3841A$\^function\_.L:1#issueCommand(&lt;function&gt;:124)&#xa;&#x9;at jdk.nashorn.internal.scripts.Script$Recompilation$44618$3841A$\^function\_.L:1#issueCommand(&lt;function&gt;:124)&#xa;&#x9;at jdk.nashorn.internal.scripts.Script$Recompilation$44618$3841A$\^function\_.L:1#issueCommand(&lt;function&gt;:124)&#xa;&#x9;at jdk.nashorn.internal.scripts.Script$Recompilation$44618$3841A$\^function\_.L:1#issueCommand(&lt;function&gt;:124)&#xa;&#x9;at jdk.nashorn.internal.scripts.Script$Recompilation$44618$3841A$\^function\_.L:1#issueCommand(&lt;function&gt;:124)&#xa;&#x9;at jdk.nashorn.internal.scripts.Script$Recompilation$44618$3841A$\^function\_.L:1#issueCommand(&lt;function&gt;:124)&#xa;&#x9;at jdk.nashorn.internal.scripts.Script$Recompilation$44618$3841A$\^function\_.L:1#issueCommand(&lt;function&gt;:124)&#xa;&#x9;at jdk.nashorn.internal.scripts.Script$Recompilation$44618$3841A$\^function\_.L:1#issueCommand(&lt;function&gt;:124)&#xa;&#x9;at jdk.nashorn.internal.scripts.Script$Recompilation$44618$3841A$\^function\_.L:1#issueCommand(&lt;function&gt;:124)&#xa;&#x9;at jdk.nashorn.internal.scripts.Script$Recompilation$44618$3841A$\^function\_.L:1#issueCommand(&lt;function&gt;:124)&#xa;&#x9;at jdk.nashorn.internal.scripts.Script$Recompilation$44618$3841A$\^function\_.L:1#issueCommand(&lt;function&gt;:124)&#xa;&#x9;at jdk.nashorn.internal.scripts.Script$Recompilation$44618$3841A$\^function\_.L:1#issueCommand(&lt;function&gt;:124)&#xa;&#x9;at jdk.nashorn.internal.scripts.Script$Recompilation$44618$3841A$\^function\_.L:1#issueCommand(&lt;function&gt;:124)&#xa;&#x9;at jdk.nashorn.internal.scripts.Script$Recompilation$44618$3841A$\^function\_.L:1#issueCommand(&lt;function&gt;:124)&#xa;&#x9;at jdk.nashorn.internal.scripts.Script$Recompilation$44618$3841A$\^function\_.L:1#issueCommand(&lt;function&gt;:124)&#xa;&#x9;at jdk.nashorn.internal.scripts.Script$Recompilation$44618$3841A$\^function\_.L:1#issueCommand(&lt;function&gt;:124)&#xa;&#x9;at jdk.nashorn.internal.scripts.Script$Recompilation$44618$3841A$\^function\_.L:1#issueCommand(&lt;function&gt;:124)&#xa;&#x9;at jdk.nashorn.internal.scripts.Script$Recompilation$44618$3841A$\^function\_.L:1#issueCommand(&lt;function&gt;:124)&#xa;&#x9;at jdk.nashorn.internal.scripts.Script$Recompilation$44618$3841A$\^function\_.L:1#issueCommand(&lt;function&gt;:124)&#xa;&#x9;at jdk.nashorn.internal.scripts.Script$Recompilation$44618$3841A$\^function\_.L:1#issueCommand(&lt;function&gt;:124)&#xa;&#x9;at jdk.nashorn.internal.scripts.Script$Recompilation$44618$3841A$\^function\_.L:1#issueCommand(&lt;function&gt;:124)&#xa;&#x9;at jdk.nashorn.internal.scripts.Script$Recompilation$44618$3841A$\^function\_.L:1#issueCommand(&lt;function&gt;:124)&#xa;&#x9;at jdk.nashorn.internal.scripts.Script$Recompilation$44618$3841A$\^function\_.L:1#issueCommand(&lt;function&gt;:124)&#xa;&#x9;at jdk.nashorn.internal.scripts.Script$Recompilation$44618$3841A$\^function\_.L:1#issueCommand(&lt;function&gt;:124)&#xa;&#x9;at jdk.nashorn.internal.scripts.Script$Recompilation$44618$3841A$\^function\_.L:1#issueCommand(&lt;function&gt;:124)&#xa;&#x9;at jdk.nashorn.internal.scripts.Script$Recompilation$44618$3841A$\^function\_.L:1#issueCommand(&lt;function&gt;:124)&#xa;&#x9;at jdk.nashorn.internal.scripts.Script$Recompilation$44618$3841A$\^function\_.L:1#issueCommand(&lt;function&gt;:124)&#xa;&#x9;at jdk.nashorn.internal.scripts.Script$Recompilation$44618$3841A$\^function\_.L:1#issueCommand(&lt;function&gt;:124)&#xa;&#x9;at jdk.nashorn.internal.scripts.Script$Recompilation$44618$3841A$\^function\_.L:1#issueCommand(&lt;function&gt;:124)&#xa;&#x9;at jdk.nashorn.internal.scripts.Script$Recompilation$44618$3841A$\^function\_.L:1#issueCommand(&lt;function&gt;:124)&#xa;&#x9;at jdk.nashorn.internal.scripts.Script$Recompilation$44618$3841A$\^function\_.L:1#issueCommand(&lt;function&gt;:124)&#xa;&#x9;at jdk.nashorn.internal.scripts.Script$Recompilation$44618$3841A$\^function\_.L:1#issueCommand(&lt;function&gt;:124)&#xa;&#x9;at jdk.nashorn.internal.scripts.Script$Recompilation$44618$3841A$\^function\_.L:1#issueCommand(&lt;function&gt;:124)&#xa;&#x9;at jdk.nashorn.internal.scripts.Script$Recompilation$44618$3841A$\^function\_.L:1#issueCommand(&lt;function&gt;:124)&#xa;&#x9;at jdk.nashorn.internal.scripts.Script$Recompilation$44618$3841A$\^function\_.L:1#issueCommand(&lt;function&gt;:124)&#xa;&#x9;at jdk.nashorn.internal.scripts.Script$Recompilation$44618$3841A$\^function\_.L:1#issueCommand(&lt;function&gt;:124)&#xa;&#x9;at jdk.nashorn.internal.scripts.Script$Recompilation$44618$3841A$\^function\_.L:1#issueCommand(&lt;function&gt;:124)&#xa;&#x9;at jdk.nashorn.internal.scripts.Script$Recompilation$44618$3841A$\^function\_.L:1#issueCommand(&lt;function&gt;:124)&#xa;&#x9;at jdk.nashorn.internal.scripts.Script$Recompilation$44618$3841A$\^function\_.L:1#issueCommand(&lt;function&gt;:124)&#xa;&#x9;at jdk.nashorn.internal.scripts.Script$Recompilation$44618$3841A$\^function\_.L:1#issueCommand(&lt;function&gt;:124)&#xa;&#x9;at jdk.nashorn.internal.scripts.Script$Recompilation$44618$3841A$\^function\_.L:1#issueCommand(&lt;function&gt;:124)&#xa;&#x9;at jdk.nashorn.internal.scripts.Script$Recompilation$44618$3841A$\^function\_.L:1#issueCommand(&lt;function&gt;:124)&#xa;&#x9;at jdk.nashorn.internal.scripts.Script$Recompilation$44618$3841A$\^function\_.L:1#issueCommand(&lt;function&gt;:124)&#xa;&#x9;at jdk.nashorn.internal.scripts.Script$Recompilation$44618$3841A$\^function\_.L:1#issueCommand(&lt;function&gt;:124)&#xa;&#x9;at jdk.nashorn.internal.scripts.Script$Recompilation$44618$3841A$\^function\_.L:1#issueCommand(&lt;function&gt;:124)&#xa;&#x9;at jdk.nashorn.internal.scripts.Script$Recompilation$44618$3841A$\^function\_.L:1#issueCommand(&lt;function&gt;:124)&#xa;&#x9;at jdk.nashorn.internal.scripts.Script$Recompilation$44618$3841A$\^function\_.L:1#issueCommand(&lt;function&gt;:124)&#xa;&#x9;at jdk.nashorn.internal.scripts.Script$Recompilation$44618$3841A$\^function\_.L:1#issueCommand(&lt;function&gt;:124)&#xa;&#x9;at jdk.nashorn.internal.scripts.Script$Recompilation$44618$3841A$\^function\_.L:1#issueCommand(&lt;function&gt;:124)&#xa;&#x9;at jdk.nashorn.internal.scripts.Script$Recompilation$44618$3841A$\^function\_.L:1#issueCommand(&lt;function&gt;:124)&#xa;&#x9;at jdk.nashorn.internal.scripts.Script$Recompilation$44618$3841A$\^function\_.L:1#issueCommand(&lt;function&gt;:124)&#xa;&#x9;at jdk.nashorn.internal.scripts.Script$Recompilation$44618$3841A$\^function\_.L:1#issueCommand(&lt;function&gt;:124)&#xa;&#x9;at jdk.nashorn.internal.scripts.Script$Recompilation$44618$3841A$\^function\_.L:1#issueCommand(&lt;function&gt;:124)&#xa;&#x9;at jdk.nashorn.internal.scripts.Script$Recompilation$44618$3841A$\^function\_.L:1#issueCommand(&lt;function&gt;:124)&#xa;&#x9;at jdk.nashorn.internal.scripts.Script$Recompilation$44618$3841A$\^function\_.L:1#issueCommand(&lt;function&gt;:124)&#xa;&#x9;at jdk.nashorn.internal.scripts.Script$Recompilation$44618$3841A$\^function\_.L:1#issueCommand(&lt;function&gt;:124)&#xa;&#x9;at jdk.nashorn.internal.scripts.Script$Recompilation$44618$3841A$\^function\_.L:1#issueCommand(&lt;function&gt;:124)&#xa;&#x9;at jdk.nashorn.internal.scripts.Script$Recompilation$44618$3841A$\^function\_.L:1#issueCommand(&lt;function&gt;:124)&#xa;&#x9;at jdk.nashorn.internal.scripts.Script$Recompilation$44618$3841A$\^function\_.L:1#issueCommand(&lt;function&gt;:124)&#xa;&#x9;at jdk.nashorn.internal.scripts.Script$Recompilation$44618$3841A$\^function\_.L:1#issueCommand(&lt;function&gt;:124)&#xa;&#x9;at jdk.nashorn.internal.scripts.Script$Recompilation$44618$3841A$\^function\_.L:1#issueCommand(&lt;function&gt;:124)&#xa;&#x9;at jdk.nashorn.internal.scripts.Script$Recompilation$44618$3841A$\^function\_.L:1#issueCommand(&lt;function&gt;:124)&#xa;&#x9;at jdk.nashorn.internal.scripts.Script$Recompilation$44618$3841A$\^function\_.L:1#issueCommand(&lt;function&gt;:124)&#xa;&#x9;at jdk.nashorn.internal.scripts.Script$Recompilation$44618$3841A$\^function\_.L:1#issueCommand(&lt;function&gt;:124)&#xa;&#x9;at jdk.nashorn.internal.scripts.Script$Recompilation$44618$3841A$\^function\_.L:1#issueCommand(&lt;function&gt;:124)&#xa;&#x9;at jdk.nashorn.internal.scripts.Script$Recompilation$44618$3841A$\^function\_.L:1#issueCommand(&lt;function&gt;:124)&#xa;&#x9;at jdk.nashorn.internal.scripts.Script$Recompilation$44618$3841A$\^function\_.L:1#issueCommand(&lt;function&gt;:124)&#xa;&#x9;at jdk.nashorn.internal.scripts.Script$Recompilation$44618$3841A$\^function\_.L:1#issueCommand(&lt;function&gt;:124)&#xa;&#x9;at jdk.nashorn.internal.scripts.Script$Recompilation$44618$3841A$\^function\_.L:1#issueCommand(&lt;function&gt;:124)&#xa;&#x9;at jdk.nashorn.internal.scripts.Script$Recompilation$44618$3841A$\^function\_.L:1#issueCommand(&lt;function&gt;:124)&#xa;&#x9;at jdk.nashorn.internal.scripts.Script$Recompilation$44618$3841A$\^function\_.L:1#issueCommand(&lt;function&gt;:124)&#xa;&#x9;at jdk.nashorn.internal.scripts.Script$Recompilation$44618$3841A$\^function\_.L:1#issueCommand(&lt;function&gt;:124)&#xa;&#x9;at jdk.nashorn.internal.scripts.Script$Recompilation$44618$3841A$\^function\_.L:1#issueCommand(&lt;function&gt;:124)&#xa;&#x9;at jdk.nashorn.internal.scripts.Script$Recompilation$44618$3841A$\^function\_.L:1#issueCommand(&lt;function&gt;:124)&#xa;&#x9;at jdk.nashorn.internal.scripts.Script$Recompilation$44618$3841A$\^function\_.L:1#issueCommand(&lt;function&gt;:124)&#xa;&#x9;at jdk.nashorn.internal.scripts.Script$Recompilation$44618$3841A$\^function\_.L:1#issueCommand(&lt;function&gt;:124)&#xa;&#x9;at jdk.nashorn.internal.scripts.Script$Recompilation$44618$3841A$\^function\_.L:1#issueCommand(&lt;function&gt;:124)&#xa;&#x9;at jdk.nashorn.internal.scripts.Script$Recompilation$44618$3841A$\^function\_.L:1#issueCommand(&lt;function&gt;:124)&#xa;&#x9;at jdk.nashorn.internal.scripts.Script$Recompilation$44618$3841A$\^function\_.L:1#issueCommand(&lt;function&gt;:124)&#xa;&#x9;at jdk.nashorn.internal.scripts.Script$Recompilation$44618$3841A$\^function\_.L:1#issueCommand(&lt;function&gt;:124)&#xa;&#x9;at jdk.nashorn.internal.scripts.Script$Recompilation$44618$3841A$\^function\_.L:1#issueCommand(&lt;function&gt;:124)&#xa;&#x9;at jdk.nashorn.internal.scripts.Script$Recompilation$44618$3841A$\^function\_.L:1#issueCommand(&lt;function&gt;:124)&#xa;&#x9;at jdk.nashorn.internal.scripts.Script$Recompilation$44618$3841A$\^function\_.L:1#issueCommand(&lt;function&gt;:124)&#xa;&#x9;at jdk.nashorn.internal.scripts.Script$Recompilation$44618$3841A$\^function\_.L:1#issueCommand(&lt;function&gt;:124)&#xa;&#x9;at jdk.nashorn.internal.scripts.Script$Recompilation$44618$3841A$\^function\_.L:1#issueCommand(&lt;function&gt;:124)&#xa;&#x9;at jdk.nashorn.internal.scripts.Script$Recompilation$44618$3841A$\^function\_.L:1#issueCommand(&lt;function&gt;:124)&#xa;&#x9;at jdk.nashorn.internal.scripts.Script$Recompilation$44618$3841A$\^function\_.L:1#issueCommand(&lt;function&gt;:124)&#xa;&#x9;at jdk.nashorn.internal.scripts.Script$Recompilation$44618$3841A$\^function\_.L:1#issueCommand(&lt;function&gt;:124)&#xa;&#x9;at jdk.nashorn.internal.scripts.Script$Recompilation$44618$3841A$\^function\_.L:1#issueCommand(&lt;function&gt;:124)&#xa;&#x9;at jdk.nashorn.internal.scripts.Script$Recompilation$44618$3841A$\^function\_.L:1#issueCommand(&lt;function&gt;:124)&#xa;&#x9;at jdk.nashorn.internal.scripts.Script$Recompilation$44618$3841A$\^function\_.L:1#issueCommand(&lt;function&gt;:124)&#xa;&#x9;at jdk.nashorn.internal.scripts.Script$Recompilation$44618$3841A$\^function\_.L:1#issueCommand(&lt;function&gt;:124)&#xa;&#x9;at jdk.nashorn.internal.scripts.Script$Recompilation$44618$3841A$\^function\_.L:1#issueCommand(&lt;function&gt;:124)&#xa;&#x9;at jdk.nashorn.internal.scripts.Script$Recompilation$44618$3841A$\^function\_.L:1#issueCommand(&lt;function&gt;:124)&#xa;&#x9;at jdk.nashorn.internal.scripts.Script$Recompilation$44618$3841A$\^function\_.L:1#issueCommand(&lt;function&gt;:124)&#xa;&#x9;at jdk.nashorn.internal.scripts.Script$Recompilation$44618$3841A$\^function\_.L:1#issueCommand(&lt;function&gt;:124)&#xa;&#x9;at jdk.nashorn.internal.scripts.Script$Recompilation$44618$3841A$\^function\_.L:1#issueCommand(&lt;function&gt;:124)&#xa;&#x9;at jdk.nashorn.internal.scripts.Script$Recompilation$44618$3841A$\^function\_.L:1#issueCommand(&lt;function&gt;:124)&#xa;&#x9;at jdk.nashorn.internal.scripts.Script$Recompilation$44618$3841A$\^function\_.L:1#issueCommand(&lt;function&gt;:124)&#xa;&#x9;at jdk.nashorn.internal.scripts.Script$Recompilation$44618$3841A$\^function\_.L:1#issueCommand(&lt;function&gt;:124)&#xa;&#x9;at jdk.nashorn.internal.scripts.Script$Recompilation$44618$3841A$\^function\_.L:1#issueCommand(&lt;function&gt;:124)&#xa;&#x9;at jdk.nashorn.internal.scripts.Script$Recompilation$44618$3841A$\^function\_.L:1#issueCommand(&lt;function&gt;:124)&#xa;&#x9;at jdk.nashorn.internal.scripts.Script$Recompilation$44618$3841A$\^function\_.L:1#issueCommand(&lt;function&gt;:124)&#xa;&#x9;at jdk.nashorn.internal.scripts.Script$Recompilation$44618$3841A$\^function\_.L:1#issueCommand(&lt;function&gt;:124)&#xa;&#x9;at jdk.nashorn.internal.scripts.Script$Recompilation$44618$3841A$\^function\_.L:1#issueCommand(&lt;function&gt;:124)&#xa;&#x9;at jdk.nashorn.internal.scripts.Script$Recompilation$44618$3841A$\^function\_.L:1#issueCommand(&lt;function&gt;:124)&#xa;&#x9;at jdk.nashorn.internal.scripts.Script$Recompilation$44618$3841A$\^function\_.L:1#issueCommand(&lt;function&gt;:124)&#xa;&#x9;at jdk.nashorn.internal.scripts.Script$Recompilation$44618$3841A$\^function\_.L:1#issueCommand(&lt;function&gt;:124)&#xa;&#x9;at jdk.nashorn.internal.scripts.Script$Recompilation$44618$3841A$\^function\_.L:1#issueCommand(&lt;function&gt;:124)&#xa;&#x9;at jdk.nashorn.internal.scripts.Script$Recompilation$44618$3841A$\^function\_.L:1#issueCommand(&lt;function&gt;:124)&#xa;&#x9;at jdk.nashorn.internal.scripts.Script$Recompilation$44618$3841A$\^function\_.L:1#issueCommand(&lt;function&gt;:124)&#xa;&#x9;at jdk.nashorn.internal.scripts.Script$Recompilation$44618$3841A$\^function\_.L:1#issueCommand(&lt;function&gt;:124)&#xa;&#x9;at jdk.nashorn.internal.scripts.Script$Recompilation$44618$3841A$\^function\_.L:1#issueCommand(&lt;function&gt;:124)&#xa;&#x9;at jdk.nashorn.internal.scripts.Script$Recompilation$44618$3841A$\^function\_.L:1#issueCommand(&lt;function&gt;:124)&#xa;&#x9;at jdk.nashorn.internal.scripts.Script$Recompilation$44618$3841A$\^function\_.L:1#issueCommand(&lt;function&gt;:124)&#xa;&#x9;at jdk.nashorn.internal.scripts.Script$Recompilation$44618$3841A$\^function\_.L:1#issueCommand(&lt;function&gt;:124)&#xa;&#x9;at jdk.nashorn.internal.scripts.Script$Recompilation$44618$3841A$\^function\_.L:1#issueCommand(&lt;function&gt;:124)&#xa;&#x9;at jdk.nashorn.internal.scripts.Script$Recompilation$44618$3841A$\^function\_.L:1#issueCommand(&lt;function&gt;:124)&#xa;&#x9;at jdk.nashorn.internal.scripts.Script$Recompilation$44618$3841A$\^function\_.L:1#issueCommand(&lt;function&gt;:124)&#xa;&#x9;at jdk.nashorn.internal.scripts.Script$Recompilation$44618$3841A$\^function\_.L:1#issueCommand(&lt;function&gt;:124)&#xa;&#x9;at jdk.nashorn.internal.scripts.Script$Recompilation$44618$3841A$\^function\_.L:1#issueCommand(&lt;function&gt;:124)&#xa;&#x9;at jdk.nashorn.internal.scripts.Script$Recompilation$44618$3841A$\^function\_.L:1#issueCommand(&lt;function&gt;:124)&#xa;&#x9;at jdk.nashorn.internal.scripts.Script$Recompilation$44618$3841A$\^function\_.L:1#issueCommand(&lt;function&gt;:124)&#xa;&#x9;at jdk.nashorn.internal.scripts.Script$Recompilation$44618$3841A$\^function\_.L:1#issueCommand(&lt;function&gt;:124)&#xa;&#x9;at jdk.nashorn.internal.scripts.Script$Recompilation$44618$3841A$\^function\_.L:1#issueCommand(&lt;function&gt;:124)&#xa;&#x9;at jdk.nashorn.internal.scripts.Script$Recompilation$44618$3841A$\^function\_.L:1#issueCommand(&lt;function&gt;:124)&#xa;&#x9;at jdk.nashorn.internal.scripts.Script$Recompilation$44618$3841A$\^function\_.L:1#issueCommand(&lt;function&gt;:124)&#xa;&#x9;at jdk.nashorn.internal.scripts.Script$Recompilation$44618$3841A$\^function\_.L:1#issueCommand(&lt;function&gt;:124)&#xa;&#x9;at jdk.nashorn.internal.scripts.Script$Recompilation$44618$3841A$\^function\_.L:1#issueCommand(&lt;function&gt;:124)&#xa;&#x9;at jdk.nashorn.internal.scripts.Script$Recompilation$44618$3841A$\^function\_.L:1#issueCommand(&lt;function&gt;:124)&#xa;&#x9;at jdk.nashorn.internal.scripts.Script$Recompilation$44618$3841A$\^function\_.L:1#issueCommand(&lt;function&gt;:124)&#xa;&#x9;at jdk.nashorn.internal.scripts.Script$Recompilation$44618$3841A$\^function\_.L:1#issueCommand(&lt;function&gt;:124)&#xa;&#x9;at jdk.nashorn.internal.scripts.Script$Recompilation$44618$3841A$\^function\_.L:1#issueCommand(&lt;function&gt;:124)&#xa;&#x9;at jdk.nashorn.internal.scripts.Script$Recompilation$44618$3841A$\^function\_.L:1#issueCommand(&lt;function&gt;:124)&#xa;&#x9;at jdk.nashorn.internal.scripts.Script$Recompilation$44618$3841A$\^function\_.L:1#issueCommand(&lt;function&gt;:124)&#xa;&#x9;at jdk.nashorn.internal.scripts.Script$Recompilation$44618$3841A$\^function\_.L:1#issueCommand(&lt;function&gt;:124)&#xa;&#x9;at jdk.nashorn.internal.scripts.Script$Recompilation$44618$3841A$\^function\_.L:1#issueCommand(&lt;function&gt;:124)&#xa;&#x9;at jdk.nashorn.internal.scripts.Script$Recompilation$44618$3841A$\^function\_.L:1#issueCommand(&lt;function&gt;:124)&#xa;&#x9;at jdk.nashorn.internal.scripts.Script$Recompilation$44618$3841A$\^function\_.L:1#issueCommand(&lt;function&gt;:124)&#xa;&#x9;at jdk.nashorn.internal.scripts.Script$Recompilation$44618$3841A$\^function\_.L:1#issueCommand(&lt;function&gt;:124)&#xa;&#x9;at jdk.nashorn.internal.scripts.Script$Recompilation$44618$3841A$\^function\_.L:1#issueCommand(&lt;function&gt;:124)&#xa;&#x9;at jdk.nashorn.internal.scripts.Script$Recompilation$44618$3841A$\^function\_.L:1#issueCommand(&lt;function&gt;:124)&#xa;&#x9;at jdk.nashorn.internal.scripts.Script$Recompilation$44618$3841A$\^function\_.L:1#issueCommand(&lt;function&gt;:124)&#xa;&#x9;at jdk.nashorn.internal.scripts.Script$Recompilation$44618$3841A$\^function\_.L:1#issueCommand(&lt;function&gt;:124)&#xa;&#x9;at jdk.nashorn.internal.scripts.Script$Recompilation$44618$3841A$\^function\_.L:1#issueCommand(&lt;function&gt;:124)&#xa;&#x9;at jdk.nashorn.internal.scripts.Script$Recompilation$44618$3841A$\^function\_.L:1#issueCommand(&lt;function&gt;:124)&#xa;&#x9;at jdk.nashorn.internal.scripts.Script$Recompilation$44618$3841A$\^function\_.L:1#issueCommand(&lt;function&gt;:124)&#xa;&#x9;at jdk.nashorn.internal.scripts.Script$Recompilation$44618$3841A$\^function\_.L:1#issueCommand(&lt;function&gt;:124)&#xa;&#x9;at jdk.nashorn.internal.scripts.Script$Recompilation$44618$3841A$\^function\_.L:1#issueCommand(&lt;function&gt;:124)&#xa;&#x9;at jdk.nashorn.internal.scripts.Script$Recompilation$44618$3841A$\^function\_.L:1#issueCommand(&lt;function&gt;:124)&#xa;&#x9;at jdk.nashorn.internal.scripts.Script$Recompilation$44618$3841A$\^function\_.L:1#issueCommand(&lt;function&gt;:124)&#xa;&#x9;at jdk.nashorn.internal.scripts.Script$Recompilation$44618$3841A$\^function\_.L:1#issueCommand(&lt;function&gt;:124)&#xa;&#x9;at jdk.nashorn.internal.scripts.Script$Recompilation$44618$3841A$\^function\_.L:1#issueCommand(&lt;function&gt;:124)&#xa;&#x9;at jdk.nashorn.internal.scripts.Script$Recompilation$44618$3841A$\^function\_.L:1#issueCommand(&lt;function&gt;:124)&#xa;&#x9;at jdk.nashorn.internal.scripts.Script$Recompilation$44618$3841A$\^function\_.L:1#issueCommand(&lt;function&gt;:124)&#xa;&#x9;at jdk.nashorn.internal.scripts.Script$Recompilation$44618$3841A$\^function\_.L:1#issueCommand(&lt;function&gt;:124)&#xa;&#x9;at jdk.nashorn.internal.scripts.Script$Recompilation$44618$3841A$\^function\_.L:1#issueCommand(&lt;function&gt;:124)&#xa;&#x9;at jdk.nashorn.internal.scripts.Script$Recompilation$44618$3841A$\^function\_.L:1#issueCommand(&lt;function&gt;:124)&#xa;&#x9;at jdk.nashorn.internal.scripts.Script$Recompilation$44618$3841A$\^function\_.L:1#issueCommand(&lt;function&gt;:124)&#xa;&#x9;at jdk.nashorn.internal.scripts.Script$Recompilation$44618$3841A$\^function\_.L:1#issueCommand(&lt;function&gt;:124)&#xa;&#x9;at jdk.nashorn.internal.scripts.Script$Recompilation$44618$3841A$\^function\_.L:1#issueCommand(&lt;function&gt;:124)&#xa;&#x9;at jdk.nashorn.internal.scripts.Script$Recompilation$44618$3841A$\^function\_.L:1#issueCommand(&lt;function&gt;:124)&#xa;&#x9;at jdk.nashorn.internal.scripts.Script$Recompilation$44618$3841A$\^function\_.L:1#issueCommand(&lt;function&gt;:124)&#xa;&#x9;at jdk.nashorn.internal.scripts.Script$Recompilation$44618$3841A$\^function\_.L:1#issueCommand(&lt;function&gt;:124)&#xa;&#x9;at jdk.nashorn.internal.scripts.Script$Recompilation$44618$3841A$\^function\_.L:1#issueCommand(&lt;function&gt;:124)&#xa;&#x9;at jdk.nashorn.internal.scripts.Script$Recompilation$44618$3841A$\^function\_.L:1#issueCommand(&lt;function&gt;:124)&#xa;&#x9;at jdk.nashorn.internal.scripts.Script$Recompilation$44618$3841A$\^function\_.L:1#issueCommand(&lt;function&gt;:124)&#xa;&#x9;at jdk.nashorn.internal.scripts.Script$Recompilation$44618$3841A$\^function\_.L:1#issueCommand(&lt;function&gt;:124)&#xa;&#x9;at jdk.nashorn.internal.scripts.Script$Recompilation$44618$3841A$\^function\_.L:1#issueCommand(&lt;function&gt;:124)&#xa;&#x9;at jdk.nashorn.internal.scripts.Script$Recompilation$44618$3841A$\^function\_.L:1#issueCommand(&lt;function&gt;:124)&#xa;&#x9;at jdk.nashorn.internal.scripts.Script$Recompilation$44618$3841A$\^function\_.L:1#issueCommand(&lt;function&gt;:124)&#xa;&#x9;at jdk.nashorn.internal.scripts.Script$Recompilation$44618$3841A$\^function\_.L:1#issueCommand(&lt;function&gt;:124)&#xa;&#x9;at jdk.nashorn.internal.scripts.Script$Recompilation$44618$3841A$\^function\_.L:1#issueCommand(&lt;function&gt;:124)&#xa;&#x9;at jdk.nashorn.internal.scripts.Script$Recompilation$44618$3841A$\^function\_.L:1#issueCommand(&lt;function&gt;:124)&#xa;&#x9;at jdk.nashorn.internal.scripts.Script$Recompilation$44618$3841A$\^function\_.L:1#issueCommand(&lt;function&gt;:124)&#xa;&#x9;at jdk.nashorn.internal.scripts.Script$Recompilation$44618$3841A$\^function\_.L:1#issueCommand(&lt;function&gt;:124)&#xa;&#x9;at jdk.nashorn.internal.scripts.Script$Recompilation$44618$3841A$\^function\_.L:1#issueCommand(&lt;function&gt;:124)&#xa;&#x9;at jdk.nashorn.internal.scripts.Script$Recompilation$44618$3841A$\^function\_.L:1#issueCommand(&lt;function&gt;:124)&#xa;&#x9;at jdk.nashorn.internal.scripts.Script$Recompilation$44618$3841A$\^function\_.L:1#issueCommand(&lt;function&gt;:124)&#xa;&#x9;at jdk.nashorn.internal.scripts.Script$Recompilation$44618$3841A$\^function\_.L:1#issueCommand(&lt;function&gt;:124)&#xa;&#x9;at jdk.nashorn.internal.scripts.Script$Recompilation$44618$3841A$\^function\_.L:1#issueCommand(&lt;function&gt;:124)&#xa;&#x9;at jdk.nashorn.internal.scripts.Script$Recompilation$44618$3841A$\^function\_.L:1#issueCommand(&lt;function&gt;:124)&#xa;&#x9;at jdk.nashorn.internal.scripts.Script$Recompilation$44618$3841A$\^function\_.L:1#issueCommand(&lt;function&gt;:124)&#xa;&#x9;at jdk.nashorn.internal.scripts.Script$Recompilation$44618$3841A$\^function\_.L:1#issueCommand(&lt;function&gt;:124)&#xa;&#x9;at jdk.nashorn.internal.scripts.Script$Recompilation$44618$3841A$\^function\_.L:1#issueCommand(&lt;function&gt;:124)&#xa;&#x9;at jdk.nashorn.internal.scripts.Script$Recompilation$44618$3841A$\^function\_.L:1#issueCommand(&lt;function&gt;:124)&#xa;&#x9;at jdk.nashorn.internal.scripts.Script$Recompilation$44618$3841A$\^function\_.L:1#issueCommand(&lt;function&gt;:124)&#xa;&#x9;at jdk.nashorn.internal.scripts.Script$Recompilation$44618$3841A$\^function\_.L:1#issueCommand(&lt;function&gt;:124)&#xa;&#x9;at jdk.nashorn.internal.scripts.Script$Recompilation$44618$3841A$\^function\_.L:1#issueCommand(&lt;function&gt;:124)&#xa;&#x9;at jdk.nashorn.internal.scripts.Script$Recompilation$44618$3841A$\^function\_.L:1#issueCommand(&lt;function&gt;:124)&#xa;&#x9;at jdk.nashorn.internal.scripts.Script$Recompilation$44618$3841A$\^function\_.L:1#issueCommand(&lt;function&gt;:124)&#xa;&#x9;at jdk.nashorn.internal.scripts.Script$Recompilation$44618$3841A$\^function\_.L:1#issueCommand(&lt;function&gt;:124)&#xa;&#x9;at jdk.nashorn.internal.scripts.Script$Recompilation$44618$3841A$\^function\_.L:1#issueCommand(&lt;function&gt;:124)&#xa;&#x9;at jdk.nashorn.internal.scripts.Script$Recompilation$44618$3841A$\^function\_.L:1#issueCommand(&lt;function&gt;:124)&#xa;&#x9;at jdk.nashorn.internal.scripts.Script$Recompilation$44618$3841A$\^function\_.L:1#issueCommand(&lt;function&gt;:124)&#xa;&#x9;at jdk.nashorn.internal.scripts.Script$Recompilation$44618$3841A$\^function\_.L:1#issueCommand(&lt;function&gt;:124)&#xa;&#x9;at jdk.nashorn.internal.scripts.Script$Recompilation$44618$3841A$\^function\_.L:1#issueCommand(&lt;function&gt;:124)&#xa;&#x9;at jdk.nashorn.internal.scripts.Script$Recompilation$44618$3841A$\^function\_.L:1#issueCommand(&lt;function&gt;:124)&#xa;&#x9;at jdk.nashorn.internal.scripts.Script$Recompilation$44618$3841A$\^function\_.L:1#issueCommand(&lt;function&gt;:124)&#xa;&#x9;at jdk.nashorn.internal.scripts.Script$Recompilation$44618$3841A$\^function\_.L:1#issueCommand(&lt;function&gt;:124)&#xa;&#x9;at jdk.nashorn.internal.scripts.Script$Recompilation$44618$3841A$\^function\_.L:1#issueCommand(&lt;function&gt;:124)&#xa;&#x9;at jdk.nashorn.internal.scripts.Script$Recompilation$44618$3841A$\^function\_.L:1#issueCommand(&lt;function&gt;:124)&#xa;&#x9;at jdk.nashorn.internal.scripts.Script$Recompilation$44618$3841A$\^function\_.L:1#issueCommand(&lt;function&gt;:124)&#xa;&#x9;at jdk.nashorn.internal.scripts.Script$Recompilation$44618$3841A$\^function\_.L:1#issueCommand(&lt;function&gt;:124)&#xa;&#x9;at jdk.nashorn.internal.scripts.Script$Recompilation$44618$3841A$\^function\_.L:1#issueCommand(&lt;function&gt;:124)&#xa;&#x9;at jdk.nashorn.internal.scripts.Script$Recompilation$44618$3841A$\^function\_.L:1#issueCommand(&lt;function&gt;:124)&#xa;&#x9;at jdk.nashorn.internal.scripts.Script$Recompilation$44618$3841A$\^function\_.L:1#issueCommand(&lt;function&gt;:124)&#xa;&#x9;at jdk.nashorn.internal.scripts.Script$Recompilation$44618$3841A$\^function\_.L:1#issueCommand(&lt;function&gt;:124)&#xa;&#x9;at jdk.nashorn.internal.scripts.Script$Recompilation$44618$3841A$\^function\_.L:1#issueCommand(&lt;function&gt;:124)&#xa;&#x9;at jdk.nashorn.internal.scripts.Script$Recompilation$44618$3841A$\^function\_.L:1#issueCommand(&lt;function&gt;:124)&#xa;&#x9;at jdk.nashorn.internal.scripts.Script$Recompilation$44618$3841A$\^function\_.L:1#issueCommand(&lt;function&gt;:124)&#xa;&#x9;at jdk.nashorn.internal.scripts.Script$Recompilation$44618$3841A$\^function\_.L:1#issueCommand(&lt;function&gt;:124)&#xa;&#x9;at jdk.nashorn.internal.scripts.Script$Recompilation$44618$3841A$\^function\_.L:1#issueCommand(&lt;function&gt;:124)&#xa;&#x9;at jdk.nashorn.internal.scripts.Script$Recompilation$44618$3841A$\^function\_.L:1#issueCommand(&lt;function&gt;:124)&#xa;&#x9;at jdk.nashorn.internal.scripts.Script$Recompilation$44618$3841A$\^function\_.L:1#issueCommand(&lt;function&gt;:124)&#xa;&#x9;at jdk.nashorn.internal.scripts.Script$Recompilation$44618$3841A$\^function\_.L:1#issueCommand(&lt;function&gt;:124)&#xa;&#x9;at jdk.nashorn.internal.scripts.Script$Recompilation$44618$3841A$\^function\_.L:1#issueCommand(&lt;function&gt;:124)&#xa;&#x9;at jdk.nashorn.internal.scripts.Script$Recompilation$44618$3841A$\^function\_.L:1#issueCommand(&lt;function&gt;:124)&#xa;&#x9;at jdk.nashorn.internal.scripts.Script$Recompilation$44618$3841A$\^function\_.L:1#issueCommand(&lt;function&gt;:124)&#xa;&#x9;at jdk.nashorn.internal.scripts.Script$Recompilation$44618$3841A$\^function\_.L:1#issueCommand(&lt;function&gt;:124)&#xa;&#x9;at jdk.nashorn.internal.scripts.Script$Recompilation$44618$3841A$\^function\_.L:1#issueCommand(&lt;function&gt;:124)&#xa;&#x9;at jdk.nashorn.internal.scripts.Script$Recompilation$44618$3841A$\^function\_.L:1#issueCommand(&lt;function&gt;:124)&#xa;&#x9;at jdk.nashorn.internal.scripts.Script$Recompilation$44618$3841A$\^function\_.L:1#issueCommand(&lt;function&gt;:124)&#xa;&#x9;at jdk.nashorn.internal.scripts.Script$Recompilation$44618$3841A$\^function\_.L:1#issueCommand(&lt;function&gt;:124)&#xa;&#x9;at jdk.nashorn.internal.scripts.Script$Recompilation$44618$3841A$\^function\_.L:1#issueCommand(&lt;function&gt;:124)&#xa;&#x9;at jdk.nashorn.internal.scripts.Script$Recompilation$44618$3841A$\^function\_.L:1#issueCommand(&lt;function&gt;:124)&#xa;&#x9;at jdk.nashorn.internal.scripts.Script$Recompilation$44618$3841A$\^function\_.L:1#issueCommand(&lt;function&gt;:124)&#xa;&#x9;at jdk.nashorn.internal.scripts.Script$Recompilation$44618$3841A$\^function\_.L:1#issueCommand(&lt;function&gt;:124)&#xa;&#x9;at jdk.nashorn.internal.scripts.Script$Recompilation$44618$3841A$\^function\_.L:1#issueCommand(&lt;function&gt;:124)&#xa;&#x9;at jdk.nashorn.internal.scripts.Script$Recompilation$44618$3841A$\^function\_.L:1#issueCommand(&lt;function&gt;:124)&#xa;&#x9;at jdk.nashorn.internal.scripts.Script$Recompilation$44618$3841A$\^function\_.L:1#issueCommand(&lt;function&gt;:124)&#xa;&#x9;at jdk.nashorn.internal.scripts.Script$Recompilation$44618$3841A$\^function\_.L:1#issueCommand(&lt;function&gt;:124)&#xa;&#x9;at jdk.nashorn.internal.scripts.Script$Recompilation$44618$3841A$\^function\_.L:1#issueCommand(&lt;function&gt;:124)&#xa;&#x9;at jdk.nashorn.internal.scripts.Script$Recompilation$44618$3841A$\^function\_.L:1#issueCommand(&lt;function&gt;:124)&#xa;&#x9;at jdk.nashorn.internal.scripts.Script$Recompilation$44618$3841A$\^function\_.L:1#issueCommand(&lt;function&gt;:124)&#xa;&#x9;at jdk.nashorn.internal.scripts.Script$Recompilation$44618$3841A$\^function\_.L:1#issueCommand(&lt;function&gt;:124)&#xa;&#x9;at jdk.nashorn.internal.scripts.Script$Recompilation$44618$3841A$\^function\_.L:1#issueCommand(&lt;function&gt;:124)&#xa;&#x9;at jdk.nashorn.internal.scripts.Script$Recompilation$44618$3841A$\^function\_.L:1#issueCommand(&lt;function&gt;:124)&#xa;&#x9;at jdk.nashorn.internal.scripts.Script$Recompilation$44618$3841A$\^function\_.L:1#issueCommand(&lt;function&gt;:124)&#xa;&#x9;at jdk.nashorn.internal.scripts.Script$Recompilation$44618$3841A$\^function\_.L:1#issueCommand(&lt;function&gt;:124)&#xa;&#x9;at jdk.nashorn.internal.scripts.Script$Recompilation$44618$3841A$\^function\_.L:1#issueCommand(&lt;function&gt;:124)&#xa;&#x9;at jdk.nashorn.internal.scripts.Script$Recompilation$44618$3841A$\^function\_.L:1#issueCommand(&lt;function&gt;:124)&#xa;&#x9;at jdk.nashorn.internal.scripts.Script$Recompilation$44618$3841A$\^function\_.L:1#issueCommand(&lt;function&gt;:124)&#xa;&#x9;at jdk.nashorn.internal.scripts.Script$Recompilation$44618$3841A$\^function\_.L:1#issueCommand(&lt;function&gt;:124)&#xa;&#x9;at jdk.nashorn.internal.scripts.Script$Recompilation$44618$3841A$\^function\_.L:1#issueCommand(&lt;function&gt;:124)&#xa;&#x9;at jdk.nashorn.internal.scripts.Script$Recompilation$44618$3841A$\^function\_.L:1#issueCommand(&lt;function&gt;:124)&#xa;&#x9;at jdk.nashorn.internal.scripts.Script$Recompilation$44618$3841A$\^function\_.L:1#issueCommand(&lt;function&gt;:124)&#xa;&#x9;at jdk.nashorn.internal.scripts.Script$Recompilation$44618$3841A$\^function\_.L:1#issueCommand(&lt;function&gt;:124)&#xa;&#x9;at jdk.nashorn.internal.scripts.Script$Recompilation$44618$3841A$\^function\_.L:1#issueCommand(&lt;function&gt;:124)&#xa;&#x9;at jdk.nashorn.internal.scripts.Script$Recompilation$44618$3841A$\^function\_.L:1#issueCommand(&lt;function&gt;:124)&#xa;&#x9;at jdk.nashorn.internal.scripts.Script$Recompilation$44618$3841A$\^function\_.L:1#issueCommand(&lt;function&gt;:124)&#xa;&#x9;at jdk.nashorn.internal.scripts.Script$Recompilation$44618$3841A$\^function\_.L:1#issueCommand(&lt;function&gt;:124)&#xa;&#x9;at jdk.nashorn.internal.scripts.Script$Recompilation$44618$3841A$\^function\_.L:1#issueCommand(&lt;function&gt;:124)&#xa;&#x9;at jdk.nashorn.internal.scripts.Script$Recompilation$44618$3841A$\^function\_.L:1#issueCommand(&lt;function&gt;:124)&#xa;&#x9;at jdk.nashorn.internal.scripts.Script$Recompilation$44618$3841A$\^function\_.L:1#issueCommand(&lt;function&gt;:124)&#xa;&#x9;at jdk.nashorn.internal.scripts.Script$Recompilation$44618$3841A$\^function\_.L:1#issueCommand(&lt;function&gt;:124)&#xa;&#x9;at jdk.nashorn.internal.scripts.Script$Recompilation$44618$3841A$\^function\_.L:1#issueCommand(&lt;function&gt;:124)&#xa;&#x9;at jdk.nashorn.internal.scripts.Script$Recompilation$44618$3841A$\^function\_.L:1#issueCommand(&lt;function&gt;:124)&#xa;&#x9;at jdk.nashorn.internal.scripts.Script$Recompilation$44618$3841A$\^function\_.L:1#issueCommand(&lt;function&gt;:124)&#xa;&#x9;at jdk.nashorn.internal.scripts.Script$Recompilation$44618$3841A$\^function\_.L:1#issueCommand(&lt;function&gt;:124)&#xa;&#x9;at jdk.nashorn.internal.scripts.Script$Recompilation$44618$3841A$\^function\_.L:1#issueCommand(&lt;function&gt;:124)&#xa;&#x9;at jdk.nashorn.internal.scripts.Script$Recompilation$44618$3841A$\^function\_.L:1#issueCommand(&lt;function&gt;:124)&#xa;&#x9;at jdk.nashorn.internal.scripts.Script$Recompilation$44618$3841A$\^function\_.L:1#issueCommand(&lt;function&gt;:124)&#xa;&#x9;at jdk.nashorn.internal.scripts.Script$Recompilation$44618$3841A$\^function\_.L:1#issueCommand(&lt;function&gt;:124)&#xa;&#x9;at jdk.nashorn.internal.scripts.Script$Recompilation$44618$3841A$\^function\_.L:1#issueCommand(&lt;function&gt;:124)&#xa;&#x9;at jdk.nashorn.internal.scripts.Script$Recompilation$44618$3841A$\^function\_.L:1#issueCommand(&lt;function&gt;:124)&#xa;&#x9;at jdk.nashorn.internal.scripts.Script$Recompilation$44618$3841A$\^function\_.L:1#issueCommand(&lt;function&gt;:124)&#xa;&#x9;at jdk.nashorn.internal.scripts.Script$Recompilation$44618$3841A$\^function\_.L:1#issueCommand(&lt;function&gt;:124)&#xa;&#x9;at jdk.nashorn.internal.scripts.Script$Recompilation$44618$3841A$\^function\_.L:1#issueCommand(&lt;function&gt;:124)&#xa;&#x9;at jdk.nashorn.internal.scripts.Script$Recompilation$44618$3841A$\^function\_.L:1#issueCommand(&lt;function&gt;:124)&#xa;&#x9;at jdk.nashorn.internal.scripts.Script$Recompilation$44618$3841A$\^function\_.L:1#issueCommand(&lt;function&gt;:124)&#xa;&#x9;at jdk.nashorn.internal.scripts.Script$Recompilation$44618$3841A$\^function\_.L:1#issueCommand(&lt;function&gt;:124)&#xa;&#x9;at jdk.nashorn.internal.scripts.Script$Recompilation$44618$3841A$\^function\_.L:1#issueCommand(&lt;function&gt;:124)&#xa;&#x9;at jdk.nashorn.internal.scripts.Script$Recompilation$44618$3841A$\^function\_.L:1#issueCommand(&lt;function&gt;:124)&#xa;&#x9;at jdk.nashorn.internal.scripts.Script$Recompilation$44618$3841A$\^function\_.L:1#issueCommand(&lt;function&gt;:124)&#xa;&#x9;at jdk.nashorn.internal.scripts.Script$Recompilation$44618$3841A$\^function\_.L:1#issueCommand(&lt;function&gt;:124)&#xa;&#x9;at jdk.nashorn.internal.scripts.Script$Recompilation$44618$3841A$\^function\_.L:1#issueCommand(&lt;function&gt;:124)&#xa;&#x9;at jdk.nashorn.internal.scripts.Script$Recompilation$44618$3841A$\^function\_.L:1#issueCommand(&lt;function&gt;:124)&#xa;&#x9;at jdk.nashorn.internal.scripts.Script$Recompilation$44618$3841A$\^function\_.L:1#issueCommand(&lt;function&gt;:124)&#xa;&#x9;at jdk.nashorn.internal.scripts.Script$Recompilation$44618$3841A$\^function\_.L:1#issueCommand(&lt;function&gt;:124)&#xa;&#x9;at jdk.nashorn.internal.scripts.Script$Recompilation$44618$3841A$\^function\_.L:1#issueCommand(&lt;function&gt;:124)&#xa;&#x9;at jdk.nashorn.internal.scripts.Script$Recompilation$44618$3841A$\^function\_.L:1#issueCommand(&lt;function&gt;:124)&#xa;&#x9;at jdk.nashorn.internal.scripts.Script$Recompilation$44618$3841A$\^function\_.L:1#issueCommand(&lt;function&gt;:124)&#xa;&#x9;at jdk.nashorn.internal.scripts.Script$Recompilation$44618$3841A$\^function\_.L:1#issueCommand(&lt;function&gt;:124)&#xa;&#x9;at jdk.nashorn.internal.scripts.Script$Recompilation$44618$3841A$\^function\_.L:1#issueCommand(&lt;function&gt;:124)&#xa;&#x9;at jdk.nashorn.internal.scripts.Script$Recompilation$44618$3841A$\^function\_.L:1#issueCommand(&lt;function&gt;:124)&#xa;&#x9;at jdk.nashorn.internal.scripts.Script$Recompilation$44618$3841A$\^function\_.L:1#issueCommand(&lt;function&gt;:124)&#xa;&#x9;at jdk.nashorn.internal.scripts.Script$Recompilation$44618$3841A$\^function\_.L:1#issueCommand(&lt;function&gt;:124)&#xa;&#x9;at jdk.nashorn.internal.scripts.Script$Recompilation$44618$3841A$\^function\_.L:1#issueCommand(&lt;function&gt;:124)&#xa;&#x9;at jdk.nashorn.internal.scripts.Script$Recompilation$44618$3841A$\^function\_.L:1#issueCommand(&lt;function&gt;:124)&#xa;&#x9;at jdk.nashorn.internal.scripts.Script$Recompilation$44618$3841A$\^function\_.L:1#issueCommand(&lt;function&gt;:124)&#xa;&#x9;at jdk.nashorn.internal.scripts.Script$Recompilation$44618$3841A$\^function\_.L:1#issueCommand(&lt;function&gt;:124)&#xa;&#x9;at jdk.nashorn.internal.scripts.Script$Recompilation$44618$3841A$\^function\_.L:1#issueCommand(&lt;function&gt;:124)&#xa;&#x9;at jdk.nashorn.internal.scripts.Script$Recompilation$44618$3841A$\^function\_.L:1#issueCommand(&lt;function&gt;:124)&#xa;&#x9;at jdk.nashorn.internal.scripts.Script$Recompilation$44618$3841A$\^function\_.L:1#issueCommand(&lt;function&gt;:124)&#xa;&#x9;at jdk.nashorn.internal.scripts.Script$Recompilation$44618$3841A$\^function\_.L:1#issueCommand(&lt;function&gt;:124)&#xa;&#x9;at jdk.nashorn.internal.scripts.Script$Recompilation$44618$3841A$\^function\_.L:1#issueCommand(&lt;function&gt;:124)&#xa;&#x9;at jdk.nashorn.internal.scripts.Script$Recompilation$44618$3841A$\^function\_.L:1#issueCommand(&lt;function&gt;:124)&#xa;&#x9;at jdk.nashorn.internal.scripts.Script$Recompilation$44618$3841A$\^function\_.L:1#issueCommand(&lt;function&gt;:124)&#xa;&#x9;at jdk.nashorn.internal.scripts.Script$Recompilation$44618$3841A$\^function\_.L:1#issueCommand(&lt;function&gt;:124)&#xa;&#x9;at jdk.nashorn.internal.scripts.Script$Recompilation$44618$3841A$\^function\_.L:1#issueCommand(&lt;function&gt;:124)&#xa;&#x9;at jdk.nashorn.internal.scripts.Script$Recompilation$44618$3841A$\^function\_.L:1#issueCommand(&lt;function&gt;:124)&#xa;&#x9;at jdk.nashorn.internal.scripts.Script$Recompilation$44618$3841A$\^function\_.L:1#issueCommand(&lt;function&gt;:124)&#xa;&#x9;at jdk.nashorn.internal.scripts.Script$Recompilation$44618$3841A$\^function\_.L:1#issueCommand(&lt;function&gt;:124)&#xa;&#x9;at jdk.nashorn.internal.scripts.Script$Recompilation$44618$3841A$\^function\_.L:1#issueCommand(&lt;function&gt;:124)&#xa;&#x9;at jdk.nashorn.internal.scripts.Script$Recompilation$44618$3841A$\^function\_.L:1#issueCommand(&lt;function&gt;:124)&#xa;&#x9;at jdk.nashorn.internal.scripts.Script$Recompilation$44618$3841A$\^function\_.L:1#issueCommand(&lt;function&gt;:124)&#xa;&#x9;at jdk.nashorn.internal.scripts.Script$Recompilation$44618$3841A$\^function\_.L:1#issueCommand(&lt;function&gt;:124)&#xa;&#x9;at jdk.nashorn.internal.scripts.Script$Recompilation$44618$3841A$\^function\_.L:1#issueCommand(&lt;function&gt;:124)&#xa;&#x9;at jdk.nashorn.internal.scripts.Script$Recompilation$44618$3841A$\^function\_.L:1#issueCommand(&lt;function&gt;:124)&#xa;&#x9;at jdk.nashorn.internal.scripts.Script$Recompilation$44618$3841A$\^function\_.L:1#issueCommand(&lt;function&gt;:124)&#xa;&#x9;at jdk.nashorn.internal.scripts.Script$Recompilation$44618$3841A$\^function\_.L:1#issueCommand(&lt;function&gt;:124)&#xa;&#x9;at jdk.nashorn.internal.scripts.Script$Recompilation$44618$3841A$\^function\_.L:1#issueCommand(&lt;function&gt;:124)&#xa;&#x9;at jdk.nashorn.internal.scripts.Script$Recompilation$44618$3841A$\^function\_.L:1#issueCommand(&lt;function&gt;:124)&#xa;&#x9;at jdk.nashorn.internal.scripts.Script$Recompilation$44618$3841A$\^function\_.L:1#issueCommand(&lt;function&gt;:124)&#xa;&#x9;at jdk.nashorn.internal.scripts.Script$Recompilation$44618$3841A$\^function\_.L:1#issueCommand(&lt;function&gt;:124)&#xa;&#x9;at jdk.nashorn.internal.scripts.Script$Recompilation$44618$3841A$\^function\_.L:1#issueCommand(&lt;function&gt;:124)&#xa;&#x9;at jdk.nashorn.internal.scripts.Script$Recompilation$44618$3841A$\^function\_.L:1#issueCommand(&lt;function&gt;:124)&#xa;&#x9;at jdk.nashorn.internal.scripts.Script$Recompilation$44618$3841A$\^function\_.L:1#issueCommand(&lt;function&gt;:124)&#xa;&#x9;at jdk.nashorn.internal.scripts.Script$Recompilation$44618$3841A$\^function\_.L:1#issueCommand(&lt;function&gt;:124)&#xa;&#x9;at jdk.nashorn.internal.scripts.Script$Recompilation$44618$3841A$\^function\_.L:1#issueCommand(&lt;function&gt;:124)&#xa;&#x9;at jdk.nashorn.internal.scripts.Script$Recompilation$44618$3841A$\^function\_.L:1#issueCommand(&lt;function&gt;:124)&#xa;&#x9;at jdk.nashorn.internal.scripts.Script$Recompilation$44618$3841A$\^function\_.L:1#issueCommand(&lt;function&gt;:124)&#xa;&#x9;at jdk.nashorn.internal.scripts.Script$Recompilation$44618$3841A$\^function\_.L:1#issueCommand(&lt;function&gt;:124)&#xa;&#x9;at jdk.nashorn.internal.scripts.Script$Recompilation$44618$3841A$\^function\_.L:1#issueCommand(&lt;function&gt;:124)&#xa;&#x9;at jdk.nashorn.internal.scripts.Script$Recompilation$44618$3841A$\^function\_.L:1#issueCommand(&lt;function&gt;:124)&#xa;&#x9;at jdk.nashorn.internal.scripts.Script$Recompilation$44618$3841A$\^function\_.L:1#issueCommand(&lt;function&gt;:124)&#xa;&#x9;at jdk.nashorn.internal.scripts.Script$Recompilation$44618$3841A$\^function\_.L:1#issueCommand(&lt;function&gt;:124)&#xa;&#x9;at jdk.nashorn.internal.scripts.Script$Recompilation$44618$3841A$\^function\_.L:1#issueCommand(&lt;function&gt;:124)&#xa;&#x9;at jdk.nashorn.internal.scripts.Script$Recompilation$44618$3841A$\^function\_.L:1#issueCommand(&lt;function&gt;:124)&#xa;&#x9;at jdk.nashorn.internal.scripts.Script$Recompilation$44618$3841A$\^function\_.L:1#issueCommand(&lt;function&gt;:124)&#xa;&#x9;at jdk.nashorn.internal.scripts.Script$Recompilation$44618$3841A$\^function\_.L:1#issueCommand(&lt;function&gt;:124)&#xa;&#x9;at jdk.nashorn.internal.scripts.Script$Recompilation$44618$3841A$\^function\_.L:1#issueCommand(&lt;function&gt;:124)&#xa;&#x9;at jdk.nashorn.internal.scripts.Script$Recompilation$44618$3841A$\^function\_.L:1#issueCommand(&lt;function&gt;:124)&#xa;&#x9;at jdk.nashorn.internal.scripts.Script$Recompilation$44618$3841A$\^function\_.L:1#issueCommand(&lt;function&gt;:124)&#xa;&#x9;at jdk.nashorn.internal.scripts.Script$Recompilation$44618$3841A$\^function\_.L:1#issueCommand(&lt;function&gt;:124)&#xa;&#x9;at jdk.nashorn.internal.scripts.Script$Recompilation$44618$3841A$\^function\_.L:1#issueCommand(&lt;function&gt;:124)&#xa;&#x9;at jdk.nashorn.internal.scripts.Script$Recompilation$44618$3841A$\^function\_.L:1#issueCommand(&lt;function&gt;:124)&#xa;&#x9;at jdk.nashorn.internal.scripts.Script$Recompilation$44618$3841A$\^function\_.L:1#issueCommand(&lt;function&gt;:124)&#xa;&#x9;at jdk.nashorn.internal.scripts.Script$Recompilation$44618$3841A$\^function\_.L:1#issueCommand(&lt;function&gt;:124)&#xa;&#x9;at jdk.nashorn.internal.scripts.Script$Recompilation$44618$3841A$\^function\_.L:1#issueCommand(&lt;function&gt;:124)&#xa;&#x9;at jdk.nashorn.internal.scripts.Script$Recompilation$44618$3841A$\^function\_.L:1#issueCommand(&lt;function&gt;:124)&#xa;&#x9;at jdk.nashorn.internal.scripts.Script$Recompilation$44618$3841A$\^function\_.L:1#issueCommand(&lt;function&gt;:124)&#xa;&#x9;at jdk.nashorn.internal.scripts.Script$Recompilation$44618$3841A$\^function\_.L:1#issueCommand(&lt;function&gt;:124)&#xa;&#x9;at jdk.nashorn.internal.scripts.Script$Recompilation$44618$3841A$\^function\_.L:1#issueCommand(&lt;function&gt;:124)&#xa;&#x9;at jdk.nashorn.internal.scripts.Script$Recompilation$44618$3841A$\^function\_.L:1#issueCommand(&lt;function&gt;:124)&#xa;&#x9;at jdk.nashorn.internal.scripts.Script$Recompilation$44618$3841A$\^function\_.L:1#issueCommand(&lt;function&gt;:124)&#xa;&#x9;at jdk.nashorn.internal.scripts.Script$Recompilation$44618$3841A$\^function\_.L:1#issueCommand(&lt;function&gt;:124)&#xa;&#x9;at jdk.nashorn.internal.scripts.Script$Recompilation$44618$3841A$\^function\_.L:1#issueCommand(&lt;function&gt;:124)&#xa;&#x9;at jdk.nashorn.internal.scripts.Script$Recompilation$44618$3841A$\^function\_.L:1#issueCommand(&lt;function&gt;:124)&#xa;&#x9;at jdk.nashorn.internal.scripts.Script$Recompilation$44618$3841A$\^function\_.L:1#issueCommand(&lt;function&gt;:124)&#xa;&#x9;at jdk.nashorn.internal.scripts.Script$Recompilation$44618$3841A$\^function\_.L:1#issueCommand(&lt;function&gt;:124)&#xa;&#x9;at jdk.nashorn.internal.scripts.Script$Recompilation$44618$3841A$\^function\_.L:1#issueCommand(&lt;function&gt;:124)&#xa;&#x9;at jdk.nashorn.internal.scripts.Script$Recompilation$44618$3841A$\^function\_.L:1#issueCommand(&lt;function&gt;:124)&#xa;&#x9;at jdk.nashorn.internal.scripts.Script$Recompilation$44618$3841A$\^function\_.L:1#issueCommand(&lt;function&gt;:124)&#xa;&#x9;at jdk.nashorn.internal.scripts.Script$Recompilation$44618$3841A$\^function\_.L:1#issueCommand(&lt;function&gt;:124)&#xa;&#x9;at jdk.nashorn.internal.scripts.Script$Recompilation$44618$3841A$\^function\_.L:1#issueCommand(&lt;function&gt;:124)&#xa;&#x9;at jdk.nashorn.internal.scripts.Script$Recompilation$44618$3841A$\^function\_.L:1#issueCommand(&lt;function&gt;:124)&#xa;&#x9;at jdk.nashorn.internal.scripts.Script$Recompilation$44618$3841A$\^function\_.L:1#issueCommand(&lt;function&gt;:124)&#xa;&#x9;at jdk.nashorn.internal.scripts.Script$Recompilation$44618$3841A$\^function\_.L:1#issueCommand(&lt;function&gt;:124)&#xa;&#x9;at jdk.nashorn.internal.scripts.Script$Recompilation$44618$3841A$\^function\_.L:1#issueCommand(&lt;function&gt;:124)&#xa;&#x9;at jdk.nashorn.internal.scripts.Script$Recompilation$44618$3841A$\^function\_.L:1#issueCommand(&lt;function&gt;:124)&#xa;&#x9;at jdk.nashorn.internal.scripts.Script$Recompilation$44618$3841A$\^function\_.L:1#issueCommand(&lt;function&gt;:124)&#xa;&#x9;at jdk.nashorn.internal.scripts.Script$Recompilation$44618$3841A$\^function\_.L:1#issueCommand(&lt;function&gt;:124)&#xa;&#x9;at jdk.nashorn.internal.scripts.Script$Recompilation$44618$3841A$\^function\_.L:1#issueCommand(&lt;function&gt;:124)&#xa;&#x9;at jdk.nashorn.internal.scripts.Script$Recompilation$44618$3841A$\^function\_.L:1#issueCommand(&lt;function&gt;:124)&#xa;&#x9;at jdk.nashorn.internal.scripts.Script$Recompilation$44618$3841A$\^function\_.L:1#issueCommand(&lt;function&gt;:124)&#xa;&#x9;at jdk.nashorn.internal.scripts.Script$Recompilation$44618$3841A$\^function\_.L:1#issueCommand(&lt;function&gt;:124)&#xa;&#x9;at jdk.nashorn.internal.scripts.Script$Recompilation$44618$3841A$\^function\_.L:1#issueCommand(&lt;function&gt;:124)&#xa;&#x9;at jdk.nashorn.internal.scripts.Script$Recompilation$44618$3841A$\^function\_.L:1#issueCommand(&lt;function&gt;:124)&#xa;&#x9;at jdk.nashorn.internal.scripts.Script$Recompilation$44618$3841A$\^function\_.L:1#issueCommand(&lt;function&gt;:124)&#xa;&#x9;at jdk.nashorn.internal.scripts.Script$Recompilation$44618$3841A$\^function\_.L:1#issueCommand(&lt;function&gt;:124)&#xa;&#x9;at jdk.nashorn.internal.scripts.Script$Recompilation$44618$3841A$\^function\_.L:1#issueCommand(&lt;function&gt;:124)&#xa;&#x9;at jdk.nashorn.internal.scripts.Script$Recompilation$44618$3841A$\^function\_.L:1#issueCommand(&lt;function&gt;:124)&#xa;&#x9;at jdk.nashorn.internal.scripts.Script$Recompilation$44618$3841A$\^function\_.L:1#issueCommand(&lt;function&gt;:124)&#xa;&#x9;at jdk.nashorn.internal.scripts.Script$Recompilation$44618$3841A$\^function\_.L:1#issueCommand(&lt;function&gt;:124)&#xa;&#x9;at jdk.nashorn.internal.scripts.Script$Recompilation$44618$3841A$\^function\_.L:1#issueCommand(&lt;function&gt;:124)&#xa;&#x9;at jdk.nashorn.internal.scripts.Script$Recompilation$44618$3841A$\^function\_.L:1#issueCommand(&lt;function&gt;:124)&#xa;&#x9;at jdk.nashorn.internal.scripts.Script$Recompilation$44618$3841A$\^function\_.L:1#issueCommand(&lt;function&gt;:124)&#xa;&#x9;at jdk.nashorn.internal.scripts.Script$Recompilation$44618$3841A$\^function\_.L:1#issueCommand(&lt;function&gt;:124)&#xa;&#x9;at jdk.nashorn.internal.scripts.Script$Recompilation$44618$3841A$\^function\_.L:1#issueCommand(&lt;function&gt;:124)&#xa;&#x9;at jdk.nashorn.internal.scripts.Script$Recompilation$44618$3841A$\^function\_.L:1#issueCommand(&lt;function&gt;:124)&#xa;&#x9;at jdk.nashorn.internal.scripts.Script$Recompilation$44618$3841A$\^function\_.L:1#issueCommand(&lt;function&gt;:124)&#xa;&#x9;at jdk.nashorn.internal.scripts.Script$Recompilation$44618$3841A$\^function\_.L:1#issueCommand(&lt;function&gt;:124)&#xa;&#x9;at jdk.nashorn.internal.scripts.Script$Recompilation$44618$3841A$\^function\_.L:1#issueCommand(&lt;function&gt;:124)&#xa;&#x9;at jdk.nashorn.internal.scripts.Script$Recompilation$44618$3841A$\^function\_.L:1#issueCommand(&lt;function&gt;:124)&#xa;&#x9;at jdk.nashorn.internal.scripts.Script$Recompilation$44618$3841A$\^function\_.L:1#issueCommand(&lt;function&gt;:124)&#xa;&#x9;at jdk.nashorn.internal.scripts.Script$Recompilation$44618$3841A$\^function\_.L:1#issueCommand(&lt;function&gt;:124)&#xa;&#x9;at jdk.nashorn.internal.scripts.Script$Recompilation$44618$3841A$\^function\_.L:1#issueCommand(&lt;function&gt;:124)&#xa;&#x9;at jdk.nashorn.internal.scripts.Script$Recompilation$44618$3841A$\^function\_.L:1#issueCommand(&lt;function&gt;:124)&#xa;&#x9;at jdk.nashorn.internal.scripts.Script$Recompilation$44618$3841A$\^function\_.L:1#issueCommand(&lt;function&gt;:124)&#xa;&#x9;at jdk.nashorn.internal.scripts.Script$Recompilation$44618$3841A$\^function\_.L:1#issueCommand(&lt;function&gt;:124)&#xa;&#x9;at jdk.nashorn.internal.scripts.Script$Recompilation$44618$3841A$\^function\_.L:1#issueCommand(&lt;function&gt;:124)&#xa;&#x9;at jdk.nashorn.internal.scripts.Script$Recompilation$44618$3841A$\^function\_.L:1#issueCommand(&lt;function&gt;:124)&#xa;&#x9;at jdk.nashorn.internal.scripts.Script$Recompilation$44618$3841A$\^function\_.L:1#issueCommand(&lt;function&gt;:124)&#xa;&#x9;at jdk.nashorn.internal.scripts.Script$Recompilation$44618$3841A$\^function\_.L:1#issueCommand(&lt;function&gt;:124)&#xa;&#x9;at jdk.nashorn.internal.scripts.Script$Recompilation$44618$3841A$\^function\_.L:1#issueCommand(&lt;function&gt;:124)&#xa;&#x9;at jdk.nashorn.internal.scripts.Script$Recompilation$44618$3841A$\^function\_.L:1#issueCommand(&lt;function&gt;:124)&#xa;&#x9;at jdk.nashorn.internal.scripts.Script$Recompilation$44618$3841A$\^function\_.L:1#issueCommand(&lt;function&gt;:124)&#xa;&#x9;at jdk.nashorn.internal.scripts.Script$Recompilation$44618$3841A$\^function\_.L:1#issueCommand(&lt;function&gt;:124)&#xa;&#x9;at jdk.nashorn.internal.scripts.Script$Recompilation$44618$3841A$\^function\_.L:1#issueCommand(&lt;function&gt;:124)&#xa;&#x9;at jdk.nashorn.internal.scripts.Script$Recompilation$44618$3841A$\^function\_.L:1#issueCommand(&lt;function&gt;:124)&#xa;&#x9;at jdk.nashorn.internal.scripts.Script$Recompilation$44618$3841A$\^function\_.L:1#issueCommand(&lt;function&gt;:124)&#xa;&#x9;at jdk.nashorn.internal.scripts.Script$Recompilation$44618$3841A$\^function\_.L:1#issueCommand(&lt;function&gt;:124)&#xa;&#x9;at jdk.nashorn.internal.scripts.Script$Recompilation$44618$3841A$\^function\_.L:1#issueCommand(&lt;function&gt;:124)&#xa;&#x9;at jdk.nashorn.internal.scripts.Script$Recompilation$44618$3841A$\^function\_.L:1#issueCommand(&lt;function&gt;:124)&#xa;&#x9;at jdk.nashorn.internal.scripts.Script$Recompilation$44618$3841A$\^function\_.L:1#issueCommand(&lt;function&gt;:124)&#xa;&#x9;at jdk.nashorn.internal.scripts.Script$Recompilation$44618$3841A$\^function\_.L:1#issueCommand(&lt;function&gt;:124)&#xa;&#x9;at jdk.nashorn.internal.scripts.Script$Recompilation$44618$3841A$\^function\_.L:1#issueCommand(&lt;function&gt;:124)&#xa;&#x9;at jdk.nashorn.internal.scripts.Script$Recompilation$44618$3841A$\^function\_.L:1#issueCommand(&lt;function&gt;:124)&#xa;&#x9;at jdk.nashorn.internal.scripts.Script$Recompilation$44618$3841A$\^function\_.L:1#issueCommand(&lt;function&gt;:124)&#xa;&#x9;at jdk.nashorn.internal.scripts.Script$Recompilation$44618$3841A$\^function\_.L:1#issueCommand(&lt;function&gt;:124)&#xa;&#x9;at jdk.nashorn.internal.scripts.Script$Recompilation$44618$3841A$\^function\_.L:1#issueCommand(&lt;function&gt;:124)&#xa;&#x9;at jdk.nashorn.internal.scripts.Script$Recompilation$44618$3841A$\^function\_.L:1#issueCommand(&lt;function&gt;:124)&#xa;&#x9;at jdk.nashorn.internal.scripts.Script$Recompilation$44618$3841A$\^function\_.L:1#issueCommand(&lt;function&gt;:124)&#xa;&#x9;at jdk.nashorn.internal.scripts.Script$Recompilation$44618$3841A$\^function\_.L:1#issueCommand(&lt;function&gt;:124)&#xa;&#x9;at jdk.nashorn.internal.scripts.Script$Recompilation$44618$3841A$\^function\_.L:1#issueCommand(&lt;function&gt;:124)&#xa;&#x9;at jdk.nashorn.internal.scripts.Script$Recompilation$44618$3841A$\^function\_.L:1#issueCommand(&lt;function&gt;:124)&#xa;&#x9;at jdk.nashorn.internal.scripts.Script$Recompilation$44618$3841A$\^function\_.L:1#issueCommand(&lt;function&gt;:124)&#xa;&#x9;at jdk.nashorn.internal.scripts.Script$Recompilation$44618$3841A$\^function\_.L:1#issueCommand(&lt;function&gt;:124)&#xa;&#x9;at jdk.nashorn.internal.scripts.Script$Recompilation$44618$3841A$\^function\_.L:1#issueCommand(&lt;function&gt;:124)&#xa;&#x9;at jdk.nashorn.internal.scripts.Script$Recompilation$44618$3841A$\^function\_.L:1#issueCommand(&lt;function&gt;:124)&#xa;&#x9;at jdk.nashorn.internal.scripts.Script$Recompilation$44618$3841A$\^function\_.L:1#issueCommand(&lt;function&gt;:124)&#xa;&#x9;at jdk.nashorn.internal.scripts.Script$Recompilation$44618$3841A$\^function\_.L:1#issueCommand(&lt;function&gt;:124)&#xa;&#x9;at jdk.nashorn.internal.scripts.Script$Recompilation$44618$3841A$\^function\_.L:1#issueCommand(&lt;function&gt;:124)&#xa;&#x9;at jdk.nashorn.internal.scripts.Script$Recompilation$44618$3841A$\^function\_.L:1#issueCommand(&lt;function&gt;:124)&#xa;&#x9;at jdk.nashorn.internal.scripts.Script$Recompilation$44618$3841A$\^function\_.L:1#issueCommand(&lt;function&gt;:124)&#xa;&#x9;at jdk.nashorn.internal.scripts.Script$Recompilation$44618$3841A$\^function\_.L:1#issueCommand(&lt;function&gt;:124)&#xa;&#x9;at jdk.nashorn.internal.scripts.Script$Recompilation$44618$3841A$\^function\_.L:1#issueCommand(&lt;function&gt;:124)&#xa;&#x9;at jdk.nashorn.internal.scripts.Script$Recompilation$44618$3841A$\^function\_.L:1#issueCommand(&lt;function&gt;:124)&#xa;&#x9;at jdk.nashorn.internal.scripts.Script$Recompilation$44618$3841A$\^function\_.L:1#issueCommand(&lt;function&gt;:124)&#xa;&#x9;at jdk.nashorn.internal.scripts.Script$Recompilation$44618$3841A$\^function\_.L:1#issueCommand(&lt;function&gt;:124)&#xa;&#x9;at jdk.nashorn.internal.scripts.Script$Recompilation$44618$3841A$\^function\_.L:1#issueCommand(&lt;function&gt;:124)&#xa;&#x9;at jdk.nashorn.internal.scripts.Script$Recompilation$44618$3841A$\^function\_.L:1#issueCommand(&lt;function&gt;:124)&#xa;&#x9;at jdk.nashorn.internal.scripts.Script$Recompilation$44618$3841A$\^function\_.L:1#issueCommand(&lt;function&gt;:124)&#xa;&#x9;at jdk.nashorn.internal.scripts.Script$Recompilation$44618$3841A$\^function\_.L:1#issueCommand(&lt;function&gt;:124)&#xa;&#x9;at jdk.nashorn.internal.scripts.Script$Recompilation$44618$3841A$\^function\_.L:1#issueCommand(&lt;function&gt;:124)&#xa;&#x9;at jdk.nashorn.internal.scripts.Script$Recompilation$44618$3841A$\^function\_.L:1#issueCommand(&lt;function&gt;:124)&#xa;&#x9;at jdk.nashorn.internal.scripts.Script$Recompilation$44618$3841A$\^function\_.L:1#issueCommand(&lt;function&gt;:124)&#xa;&#x9;at jdk.nashorn.internal.scripts.Script$Recompilation$44618$3841A$\^function\_.L:1#issueCommand(&lt;function&gt;:124)&#xa;&#x9;at jdk.nashorn.internal.scripts.Script$Recompilation$44618$3841A$\^function\_.L:1#issueCommand(&lt;function&gt;:124)&#xa;&#x9;at jdk.nashorn.internal.scripts.Script$Recompilation$44618$3841A$\^function\_.L:1#issueCommand(&lt;function&gt;:124)&#xa;&#x9;at jdk.nashorn.internal.scripts.Script$Recompilation$44618$3841A$\^function\_.L:1#issueCommand(&lt;function&gt;:124)&#xa;&#x9;at jdk.nashorn.internal.scripts.Script$Recompilation$44618$3841A$\^function\_.L:1#issueCommand(&lt;function&gt;:124)&#xa;&#x9;at jdk.nashorn.internal.scripts.Script$Recompilation$44618$3841A$\^function\_.L:1#issueCommand(&lt;function&gt;:124)&#xa;&#x9;at jdk.nashorn.internal.scripts.Script$Recompilation$44618$3841A$\^function\_.L:1#issueCommand(&lt;function&gt;:124)&#xa;&#x9;at jdk.nashorn.internal.scripts.Script$Recompilation$44618$3841A$\^function\_.L:1#issueCommand(&lt;function&gt;:124)&#xa;&#x9;at jdk.nashorn.internal.scripts.Script$Recompilation$44618$3841A$\^function\_.L:1#issueCommand(&lt;function&gt;:124)&#xa;&#x9;at jdk.nashorn.internal.scripts.Script$Recompilation$44618$3841A$\^function\_.L:1#issueCommand(&lt;function&gt;:124)&#xa;&#x9;at jdk.nashorn.internal.scripts.Script$Recompilation$44618$3841A$\^function\_.L:1#issueCommand(&lt;function&gt;:124)&#xa;&#x9;at jdk.nashorn.internal.scripts.Script$Recompilation$44618$3841A$\^function\_.L:1#issueCommand(&lt;function&gt;:124)&#xa;&#x9;at jdk.nashorn.internal.scripts.Script$Recompilation$44618$3841A$\^function\_.L:1#issueCommand(&lt;function&gt;:124)&#xa;&#x9;at jdk.nashorn.internal.scripts.Script$Recompilation$44618$3841A$\^function\_.L:1#issueCommand(&lt;function&gt;:124)&#xa;&#x9;at jdk.nashorn.internal.scripts.Script$Recompilation$44618$3841A$\^function\_.L:1#issueCommand(&lt;function&gt;:124)&#xa;&#x9;at jdk.nashorn.internal.scripts.Script$Recompilation$44618$3841A$\^function\_.L:1#issueCommand(&lt;function&gt;:124)&#xa;&#x9;at jdk.nashorn.internal.scripts.Script$Recompilation$44618$3841A$\^function\_.L:1#issueCommand(&lt;function&gt;:124)&#xa;&#x9;at jdk.nashorn.internal.scripts.Script$Recompilation$44618$3841A$\^function\_.L:1#issueCommand(&lt;function&gt;:124)&#xa;&#x9;at jdk.nashorn.internal.scripts.Script$Recompilation$44618$3841A$\^function\_.L:1#issueCommand(&lt;function&gt;:124)&#xa;&#x9;at jdk.nashorn.internal.scripts.Script$Recompilation$44618$3841A$\^function\_.L:1#issueCommand(&lt;function&gt;:124)&#xa;&#x9;at jdk.nashorn.internal.scripts.Script$Recompilation$44618$3841A$\^function\_.L:1#issueCommand(&lt;function&gt;:124)&#xa;&#x9;at jdk.nashorn.internal.scripts.Script$Recompilation$44618$3841A$\^function\_.L:1#issueCommand(&lt;function&gt;:124)&#xa;&#x9;at jdk.nashorn.internal.scripts.Script$Recompilation$44618$3841A$\^function\_.L:1#issueCommand(&lt;function&gt;:124)&#xa;&#x9;at jdk.nashorn.internal.scripts.Script$Recompilation$44618$3841A$\^function\_.L:1#issueCommand(&lt;function&gt;:124)&#xa;&#x9;at jdk.nashorn.internal.scripts.Script$Recompilation$44618$3841A$\^function\_.L:1#issueCommand(&lt;function&gt;:124)&#xa;&#x9;at jdk.nashorn.internal.scripts.Script$Recompilation$44618$3841A$\^function\_.L:1#issueCommand(&lt;function&gt;:124)&#xa;&#x9;at jdk.nashorn.internal.scripts.Script$Recompilation$44618$3841A$\^function\_.L:1#issueCommand(&lt;function&gt;:124)&#xa;&#x9;at jdk.nashorn.internal.scripts.Script$Recompilation$44618$3841A$\^function\_.L:1#issueCommand(&lt;function&gt;:124)&#xa;&#x9;at jdk.nashorn.internal.scripts.Script$Recompilation$44618$3841A$\^function\_.L:1#issueCommand(&lt;function&gt;:124)&#xa;&#x9;at jdk.nashorn.internal.scripts.Script$Recompilation$44618$3841A$\^function\_.L:1#issueCommand(&lt;function&gt;:124)&#xa;&#x9;at jdk.nashorn.internal.scripts.Script$Recompilation$44618$3841A$\^function\_.L:1#issueCommand(&lt;function&gt;:124)&#xa;&#x9;at jdk.nashorn.internal.scripts.Script$Recompilation$44618$3841A$\^function\_.L:1#issueCommand(&lt;function&gt;:124)&#xa;&#x9;at jdk.nashorn.internal.scripts.Script$Recompilation$44618$3841A$\^function\_.L:1#issueCommand(&lt;function&gt;:124)&#xa;&#x9;at jdk.nashorn.internal.scripts.Script$Recompilation$44618$3841A$\^function\_.L:1#issueCommand(&lt;function&gt;:124)&#xa;&#x9;at jdk.nashorn.internal.scripts.Script$Recompilation$44618$3841A$\^function\_.L:1#issueCommand(&lt;function&gt;:124)&#xa;&#x9;at jdk.nashorn.internal.scripts.Script$Recompilation$44618$3841A$\^function\_.L:1#issueCommand(&lt;function&gt;:124)&#xa;&#x9;at jdk.nashorn.internal.scripts.Script$Recompilation$44618$3841A$\^function\_.L:1#issueCommand(&lt;function&gt;:124)&#xa;&#x9;at jdk.nashorn.internal.scripts.Script$Recompilation$44618$3841A$\^function\_.L:1#issueCommand(&lt;function&gt;:124)&#xa;&#x9;at jdk.nashorn.internal.scripts.Script$Recompilation$44618$3841A$\^function\_.L:1#issueCommand(&lt;function&gt;:124)&#xa;&#x9;at jdk.nashorn.internal.scripts.Script$Recompilation$44618$3841A$\^function\_.L:1#issueCommand(&lt;function&gt;:124)&#xa;&#x9;at jdk.nashorn.internal.scripts.Script$Recompilation$44618$3841A$\^function\_.L:1#issueCommand(&lt;function&gt;:124)&#xa;&#x9;at jdk.nashorn.internal.scripts.Script$Recompilation$44618$3841A$\^function\_.L:1#issueCommand(&lt;function&gt;:124)&#xa;&#x9;at jdk.nashorn.internal.scripts.Script$Recompilation$44618$3841A$\^function\_.L:1#issueCommand(&lt;function&gt;:124)&#xa;&#x9;at jdk.nashorn.internal.scripts.Script$Recompilation$44618$3841A$\^function\_.L:1#issueCommand(&lt;function&gt;:124)&#xa;&#x9;at jdk.nashorn.internal.scripts.Script$Recompilation$44618$3841A$\^function\_.L:1#issueCommand(&lt;function&gt;:124)&#xa;&#x9;at jdk.nashorn.internal.scripts.Script$Recompilation$44618$3841A$\^function\_.L:1#issueCommand(&lt;function&gt;:124)&#xa;&#x9;at jdk.nashorn.internal.scripts.Script$Recompilation$44618$3841A$\^function\_.L:1#issueCommand(&lt;function&gt;:124)&#xa;&#x9;at jdk.nashorn.internal.scripts.Script$Recompilation$44618$3841A$\^function\_.L:1#issueCommand(&lt;function&gt;:124)&#xa;&#x9;at jdk.nashorn.internal.scripts.Script$Recompilation$44618$3841A$\^function\_.L:1#issueCommand(&lt;function&gt;:124)&#xa;&#x9;at jdk.nashorn.internal.scripts.Script$Recompilation$44618$3841A$\^function\_.L:1#issueCommand(&lt;function&gt;:124)&#xa;&#x9;at jdk.nashorn.internal.scripts.Script$Recompilation$44618$3841A$\^function\_.L:1#issueCommand(&lt;function&gt;:124)&#xa;&#x9;at jdk.nashorn.internal.scripts.Script$Recompilation$44618$3841A$\^function\_.L:1#issueCommand(&lt;function&gt;:124)&#xa;&#x9;at jdk.nashorn.internal.scripts.Script$Recompilation$44618$3841A$\^function\_.L:1#issueCommand(&lt;function&gt;:124)&#xa;&#x9;at jdk.nashorn.internal.scripts.Script$Recompilation$44618$3841A$\^function\_.L:1#issueCommand(&lt;function&gt;:124)&#xa;&#x9;at jdk.nashorn.internal.scripts.Script$Recompilation$44618$3841A$\^function\_.L:1#issueCommand(&lt;function&gt;:124)&#xa;&#x9;at jdk.nashorn.internal.scripts.Script$Recompilation$44618$3841A$\^function\_.L:1#issueCommand(&lt;function&gt;:124)&#xa;&#x9;at jdk.nashorn.internal.scripts.Script$Recompilation$44618$3841A$\^function\_.L:1#issueCommand(&lt;function&gt;:124)&#xa;&#x9;at jdk.nashorn.internal.scripts.Script$Recompilation$44618$3841A$\^function\_.L:1#issueCommand(&lt;function&gt;:124)&#xa;&#x9;at jdk.nashorn.internal.scripts.Script$Recompilation$44618$3841A$\^function\_.L:1#issueCommand(&lt;function&gt;:124)&#xa;&#x9;at jdk.nashorn.internal.scripts.Script$Recompilation$44618$3841A$\^function\_.L:1#issueCommand(&lt;function&gt;:124)&#xa;&#x9;at jdk.nashorn.internal.scripts.Script$Recompilation$44618$3841A$\^function\_.L:1#issueCommand(&lt;function&gt;:124)&#xa;&#x9;at jdk.nashorn.internal.scripts.Script$Recompilation$44618$3841A$\^function\_.L:1#issueCommand(&lt;function&gt;:124)&#xa;&#x9;at jdk.nashorn.internal.scripts.Script$Recompilation$44618$3841A$\^function\_.L:1#issueCommand(&lt;function&gt;:124)&#xa;&#x9;at jdk.nashorn.internal.scripts.Script$Recompilation$44618$3841A$\^function\_.L:1#issueCommand(&lt;function&gt;:124)&#xa;&#x9;at jdk.nashorn.internal.scripts.Script$Recompilation$44618$3841A$\^function\_.L:1#issueCommand(&lt;function&gt;:124)&#xa;&#x9;at jdk.nashorn.internal.scripts.Script$Recompilation$44618$3841A$\^function\_.L:1#issueCommand(&lt;function&gt;:124)&#xa;&#x9;at jdk.nashorn.internal.scripts.Script$Recompilation$44618$3841A$\^function\_.L:1#issueCommand(&lt;function&gt;:124)&#xa;&#x9;at jdk.nashorn.internal.scripts.Script$Recompilation$44618$3841A$\^function\_.L:1#issueCommand(&lt;function&gt;:124)&#xa;&#x9;at jdk.nashorn.internal.scripts.Script$Recompilation$44618$3841A$\^function\_.L:1#issueCommand(&lt;function&gt;:124)&#xa;&#x9;at jdk.nashorn.internal.scripts.Script$Recompilation$44618$3841A$\^function\_.L:1#issueCommand(&lt;function&gt;:124)&#xa;&#x9;at jdk.nashorn.internal.scripts.Script$Recompilation$44618$3841A$\^function\_.L:1#issueCommand(&lt;function&gt;:124)&#xa;&#x9;at jdk.nashorn.internal.scripts.Script$Recompilation$44618$3841A$\^function\_.L:1#issueCommand(&lt;function&gt;:124)&#xa;&#x9;at jdk.nashorn.internal.scripts.Script$Recompilation$44618$3841A$\^function\_.L:1#issueCommand(&lt;function&gt;:124)&#xa;&#x9;at jdk.nashorn.internal.scripts.Script$Recompilation$44618$3841A$\^function\_.L:1#issueCommand(&lt;function&gt;:124)&#xa;&#x9;at jdk.nashorn.internal.scripts.Script$Recompilation$44618$3841A$\^function\_.L:1#issueCommand(&lt;function&gt;:124)&#xa;&#x9;at jdk.nashorn.internal.scripts.Script$Recompilation$44618$3841A$\^function\_.L:1#issueCommand(&lt;function&gt;:124)&#xa;&#x9;at jdk.nashorn.internal.scripts.Script$Recompilation$44618$3841A$\^function\_.L:1#issueCommand(&lt;function&gt;:124)&#xa;&#x9;at jdk.nashorn.internal.scripts.Script$Recompilation$44618$3841A$\^function\_.L:1#issueCommand(&lt;function&gt;:124)&#xa;&#x9;at jdk.nashorn.internal.scripts.Script$Recompilation$44618$3841A$\^function\_.L:1#issueCommand(&lt;function&gt;:124)&#xa;&#x9;at jdk.nashorn.internal.scripts.Script$Recompilation$44618$3841A$\^function\_.L:1#issueCommand(&lt;function&gt;:124)&#xa;&#x9;at jdk.nashorn.internal.scripts.Script$Recompilation$44618$3841A$\^function\_.L:1#issueCommand(&lt;function&gt;:124)&#xa;&#x9;at jdk.nashorn.internal.scripts.Script$Recompilation$44618$3841A$\^function\_.L:1#issueCommand(&lt;function&gt;:124)&#xa;&#x9;at jdk.nashorn.internal.scripts.Script$Recompilation$44618$3841A$\^function\_.L:1#issueCommand(&lt;function&gt;:124)&#xa;&#x9;at jdk.nashorn.internal.scripts.Script$Recompilation$44618$3841A$\^function\_.L:1#issueCommand(&lt;function&gt;:124)&#xa;&#x9;at jdk.nashorn.internal.scripts.Script$Recompilation$44618$3841A$\^function\_.L:1#issueCommand(&lt;function&gt;:124)&#xa;&#x9;at jdk.nashorn.internal.scripts.Script$Recompilation$44618$3841A$\^function\_.L:1#issueCommand(&lt;function&gt;:124)&#xa;&#x9;at jdk.nashorn.internal.scripts.Script$Recompilation$44618$3841A$\^function\_.L:1#issueCommand(&lt;function&gt;:124)&#xa;&#x9;at jdk.nashorn.internal.scripts.Script$Recompilation$44618$3841A$\^function\_.L:1#issueCommand(&lt;function&gt;:124)&#xa;&#x9;at jdk.nashorn.internal.scripts.Script$Recompilation$44618$3841A$\^function\_.L:1#issueCommand(&lt;function&gt;:124)&#xa;&#x9;at jdk.nashorn.internal.scripts.Script$Recompilation$44618$3841A$\^function\_.L:1#issueCommand(&lt;function&gt;:124)&#xa;&#x9;at jdk.nashorn.internal.scripts.Script$Recompilation$44618$3841A$\^function\_.L:1#issueCommand(&lt;function&gt;:124)&#xa;&#x9;at jdk.nashorn.internal.scripts.Script$Recompilation$44618$3841A$\^function\_.L:1#issueCommand(&lt;function&gt;:124)&#xa;&#x9;at jdk.nashorn.internal.scripts.Script$Recompilation$44618$3841A$\^function\_.L:1#issueCommand(&lt;function&gt;:124)&#xa;&#x9;at jdk.nashorn.internal.scripts.Script$Recompilation$44618$3841A$\^function\_.L:1#issueCommand(&lt;function&gt;:124)&#xa;&#x9;at jdk.nashorn.internal.scripts.Script$Recompilation$44618$3841A$\^function\_.L:1#issueCommand(&lt;function&gt;:124)&#xa;&#x9;at jdk.nashorn.internal.scripts.Script$Recompilation$44618$3841A$\^function\_.L:1#issueCommand(&lt;function&gt;:124)&#xa;&#x9;at jdk.nashorn.internal.scripts.Script$Recompilation$44618$3841A$\^function\_.L:1#issueCommand(&lt;function&gt;:124)&#xa;&#x9;at jdk.nashorn.internal.scripts.Script$Recompilation$44618$3841A$\^function\_.L:1#issueCommand(&lt;function&gt;:124)&#xa;&#x9;at jdk.nashorn.internal.scripts.Script$Recompilation$44618$3841A$\^function\_.L:1#issueCommand(&lt;function&gt;:124)&#xa;&#x9;at jdk.nashorn.internal.scripts.Script$Recompilation$44618$3841A$\^function\_.L:1#issueCommand(&lt;function&gt;:124)&#xa;&#x9;at jdk.nashorn.internal.scripts.Script$Recompilation$44618$3841A$\^function\_.L:1#issueCommand(&lt;function&gt;:124)&#xa;&#x9;at jdk.nashorn.internal.scripts.Script$Recompilation$44618$3841A$\^function\_.L:1#issueCommand(&lt;function&gt;:124)&#xa;&#x9;at jdk.nashorn.internal.scripts.Script$Recompilation$44618$3841A$\^function\_.L:1#issueCommand(&lt;function&gt;:124)&#xa;&#x9;at jdk.nashorn.internal.scripts.Script$Recompilation$44618$3841A$\^function\_.L:1#issueCommand(&lt;function&gt;:124)&#xa;&#x9;at jdk.nashorn.internal.scripts.Script$Recompilation$44618$3841A$\^function\_.L:1#issueCommand(&lt;function&gt;:124)&#xa;&#x9;at jdk.nashorn.internal.scripts.Script$Recompilation$44618$3841A$\^function\_.L:1#issueCommand(&lt;function&gt;:124)&#xa;&#x9;at jdk.nashorn.internal.scripts.Script$Recompilation$44618$3841A$\^function\_.L:1#issueCommand(&lt;function&gt;:124)&#xa;&#x9;at jdk.nashorn.internal.scripts.Script$Recompilation$44618$3841A$\^function\_.L:1#issueCommand(&lt;function&gt;:124)&#xa;&#x9;at jdk.nashorn.internal.scripts.Script$Recompilation$44618$3841A$\^function\_.L:1#issueCommand(&lt;function&gt;:124)&#xa;&#x9;at jdk.nashorn.internal.scripts.Script$Recompilation$44618$3841A$\^function\_.L:1#issueCommand(&lt;function&gt;:124)&#xa;&#x9;at jdk.nashorn.internal.scripts.Script$Recompilation$44618$3841A$\^function\_.L:1#issueCommand(&lt;function&gt;:124)&#xa;&#x9;at jdk.nashorn.internal.scripts.Script$Recompilation$44618$3841A$\^function\_.L:1#issueCommand(&lt;function&gt;:124)&#xa;&#x9;at jdk.nashorn.internal.scripts.Script$Recompilation$44618$3841A$\^function\_.L:1#issueCommand(&lt;function&gt;:124)&#xa;&#x9;at jdk.nashorn.internal.scripts.Script$Recompilation$44618$3841A$\^function\_.L:1#issueCommand(&lt;function&gt;:124)&#xa;&#x9;at jdk.nashorn.internal.scripts.Script$Recompilation$44618$3841A$\^function\_.L:1#issueCommand(&lt;function&gt;:124)&#xa;&#x9;at jdk.nashorn.internal.scripts.Script$Recompilation$44618$3841A$\^function\_.L:1#issueCommand(&lt;function&gt;:124)&#xa;&#x9;at jdk.nashorn.internal.scripts.Script$Recompilation$44618$3841A$\^function\_.L:1#issueCommand(&lt;function&gt;:124)&#xa;&#x9;at jdk.nashorn.internal.scripts.Script$Recompilation$44618$3841A$\^function\_.L:1#issueCommand(&lt;function&gt;:124)&#xa;&#x9;at jdk.nashorn.internal.scripts.Script$Recompilation$44618$3841A$\^function\_.L:1#issueCommand(&lt;function&gt;:124)&#xa;&#x9;at jdk.nashorn.internal.scripts.Script$Recompilation$44618$3841A$\^function\_.L:1#issueCommand(&lt;function&gt;:124)&#xa;&#x9;at jdk.nashorn.internal.scripts.Script$Recompilation$44618$3841A$\^function\_.L:1#issueCommand(&lt;function&gt;:124)&#xa;&#x9;at jdk.nashorn.internal.scripts.Script$Recompilation$44618$3841A$\^function\_.L:1#issueCommand(&lt;function&gt;:124)&#xa;&#x9;at jdk.nashorn.internal.scripts.Script$Recompilation$44618$3841A$\^function\_.L:1#issueCommand(&lt;function&gt;:124)&#xa;&#x9;at jdk.nashorn.internal.scripts.Script$Recompilation$44618$3841A$\^function\_.L:1#issueCommand(&lt;function&gt;:124)&#xa;&#x9;at jdk.nashorn.internal.scripts.Script$Recompilation$44618$3841A$\^function\_.L:1#issueCommand(&lt;function&gt;:124)&#xa;&#x9;at jdk.nashorn.internal.scripts.Script$Recompilation$44618$3841A$\^function\_.L:1#issueCommand(&lt;function&gt;:124)&#xa;&#x9;at jdk.nashorn.internal.scripts.Script$Recompilation$44618$3841A$\^function\_.L:1#issueCommand(&lt;function&gt;:124)&#xa;&#x9;at jdk.nashorn.internal.scripts.Script$Recompilation$44618$3841A$\^function\_.L:1#issueCommand(&lt;function&gt;:124)&#xa;&#x9;at jdk.nashorn.internal.scripts.Script$Recompilation$44618$3841A$\^function\_.L:1#issueCommand(&lt;function&gt;:124)&#xa;&#x9;at jdk.nashorn.internal.scripts.Script$Recompilation$44618$3841A$\^function\_.L:1#issueCommand(&lt;function&gt;:124)&#xa;&#x9;at jdk.nashorn.internal.scripts.Script$Recompilation$44618$3841A$\^function\_.L:1#issueCommand(&lt;function&gt;:124)&#xa;&#x9;at jdk.nashorn.internal.scripts.Script$Recompilation$44618$3841A$\^function\_.L:1#issueCommand(&lt;function&gt;:124)&#xa;&#x9;at jdk.nashorn.internal.scripts.Script$Recompilation$44618$3841A$\^function\_.L:1#issueCommand(&lt;function&gt;:124)&#xa;&#x9;at jdk.nashorn.internal.scripts.Script$Recompilation$44618$3841A$\^function\_.L:1#issueCommand(&lt;function&gt;:124)&#xa;&#x9;at jdk.nashorn.internal.scripts.Script$Recompilation$44618$3841A$\^function\_.L:1#issueCommand(&lt;function&gt;:124)&#xa;&#x9;at jdk.nashorn.internal.scripts.Script$Recompilation$44618$3841A$\^function\_.L:1#issueCommand(&lt;function&gt;:124)&#xa;&#x9;at jdk.nashorn.internal.scripts.Script$Recompilation$44618$3841A$\^function\_.L:1#issueCommand(&lt;function&gt;:124)&#xa;&#x9;at jdk.nashorn.internal.scripts.Script$Recompilation$44618$3841A$\^function\_.L:1#issueCommand(&lt;function&gt;:124)&#xa;&#x9;at jdk.nashorn.internal.scripts.Script$Recompilation$44618$3841A$\^function\_.L:1#issueCommand(&lt;function&gt;:124)&#xa;&#x9;at jdk.nashorn.internal.scripts.Script$Recompilation$44618$3841A$\^function\_.L:1#issueCommand(&lt;function&gt;:124)&#xa;&#x9;at jdk.nashorn.internal.scripts.Script$Recompilation$44618$3841A$\^function\_.L:1#issueCommand(&lt;function&gt;:124)&#xa;&#x9;at jdk.nashorn.internal.scripts.Script$Recompilation$44618$3841A$\^function\_.L:1#issueCommand(&lt;function&gt;:124)&#xa;&#x9;at jdk.nashorn.internal.scripts.Script$Recompilation$44618$3841A$\^function\_.L:1#issueCommand(&lt;function&gt;:124)&#xa;&#x9;at jdk.nashorn.internal.scripts.Script$Recompilation$44618$3841A$\^function\_.L:1#issueCommand(&lt;function&gt;:124)&#xa;&#x9;at jdk.nashorn.internal.scripts.Script$Recompilation$44618$3841A$\^function\_.L:1#issueCommand(&lt;function&gt;:124)&#xa;&#x9;at jdk.nashorn.internal.scripts.Script$Recompilation$44618$3841A$\^function\_.L:1#issueCommand(&lt;function&gt;:124)&#xa;&#x9;at jdk.nashorn.internal.scripts.Script$Recompilation$44618$3841A$\^function\_.L:1#issueCommand(&lt;function&gt;:124)&#xa;&#x9;at jdk.nashorn.internal.scripts.Script$Recompilation$44618$3841A$\^function\_.L:1#issueCommand(&lt;function&gt;:124)&#xa;&#x9;at jdk.nashorn.internal.scripts.Script$Recompilation$44618$3841A$\^function\_.L:1#issueCommand(&lt;function&gt;:124)&#xa;&#x9;at jdk.nashorn.internal.scripts.Script$Recompilation$44618$3841A$\^function\_.L:1#issueCommand(&lt;function&gt;:124)&#xa;&#x9;at jdk.nashorn.internal.scripts.Script$Recompilation$44618$3841A$\^function\_.L:1#issueCommand(&lt;function&gt;:124)&#xa;&#x9;at jdk.nashorn.internal.scripts.Script$Recompilation$44618$3841A$\^function\_.L:1#issueCommand(&lt;function&gt;:124)&#xa;&#x9;at jdk.nashorn.internal.scripts.Script$Recompilation$44618$3841A$\^function\_.L:1#issueCommand(&lt;function&gt;:124)&#xa;&#x9;at jdk.nashorn.internal.scripts.Script$Recompilation$44618$3841A$\^function\_.L:1#issueCommand(&lt;function&gt;:124)&#xa;&#x9;at jdk.nashorn.internal.scripts.Script$Recompilation$44618$3841A$\^function\_.L:1#issueCommand(&lt;function&gt;:124)&#xa;&#x9;at jdk.nashorn.internal.scripts.Script$Recompilation$44618$3841A$\^function\_.L:1#issueCommand(&lt;function&gt;:124)&#xa;&#x9;at jdk.nashorn.internal.scripts.Script$Recompilation$44618$3841A$\^function\_.L:1#issueCommand(&lt;function&gt;:124)&#xa;&#x9;at jdk.nashorn.internal.scripts.Script$Recompilation$44618$3841A$\^function\_.L:1#issueCommand(&lt;function&gt;:124)&#xa;&#x9;at jdk.nashorn.internal.scripts.Script$Recompilation$44618$3841A$\^function\_.L:1#issueCommand(&lt;function&gt;:124)&#xa;&#x9;at jdk.nashorn.internal.scripts.Script$Recompilation$44618$3841A$\^function\_.L:1#issueCommand(&lt;function&gt;:124)&#xa;&#x9;at jdk.nashorn.internal.scripts.Script$Recompilation$44618$3841A$\^function\_.L:1#issueCommand(&lt;function&gt;:124)&#xa;&#x9;at jdk.nashorn.internal.scripts.Script$Recompilation$44618$3841A$\^function\_.L:1#issueCommand(&lt;function&gt;:124)&#xa;&#x9;at jdk.nashorn.internal.scripts.Script$Recompilation$44618$3841A$\^function\_.L:1#issueCommand(&lt;function&gt;:124)&#xa;&#x9;at jdk.nashorn.internal.scripts.Script$Recompilation$44618$3841A$\^function\_.L:1#issueCommand(&lt;function&gt;:124)&#xa;&#x9;at jdk.nashorn.internal.scripts.Script$Recompilation$44618$3841A$\^function\_.L:1#issueCommand(&lt;function&gt;:124)&#xa;&#x9;at jdk.nashorn.internal.scripts.Script$Recompilation$44618$3841A$\^function\_.L:1#issueCommand(&lt;function&gt;:124)&#xa;&#x9;at jdk.nashorn.internal.scripts.Script$Recompilation$44618$3841A$\^function\_.L:1#issueCommand(&lt;function&gt;:124)&#xa;&#x9;at jdk.nashorn.internal.scripts.Script$Recompilation$44618$3841A$\^function\_.L:1#issueCommand(&lt;function&gt;:124)&#xa;&#x9;at jdk.nashorn.internal.scripts.Script$Recompilation$44618$3841A$\^function\_.L:1#issueCommand(&lt;function&gt;:124)&#xa;&#x9;at jdk.nashorn.internal.scripts.Script$Recompilation$44618$3841A$\^function\_.L:1#issueCommand(&lt;function&gt;:124)&#xa;&#x9;at jdk.nashorn.internal.scripts.Script$Recompilation$44618$3841A$\^function\_.L:1#issueCommand(&lt;function&gt;:124)&#xa;&#x9;at jdk.nashorn.internal.scripts.Script$Recompilation$44618$3841A$\^function\_.L:1#issueCommand(&lt;function&gt;:124)&#xa;&#x9;at jdk.nashorn.internal.scripts.Script$Recompilation$44618$3841A$\^function\_.L:1#issueCommand(&lt;function&gt;:124)&#xa;&#x9;at jdk.nashorn.internal.scripts.Script$Recompilation$44618$3841A$\^function\_.L:1#issueCommand(&lt;function&gt;:124)&#xa;&#x9;at jdk.nashorn.internal.scripts.Script$Recompilation$44618$3841A$\^function\_.L:1#issueCommand(&lt;function&gt;:124)&#xa;&#x9;at jdk.nashorn.internal.scripts.Script$Recompilation$44618$3841A$\^function\_.L:1#issueCommand(&lt;function&gt;:124)&#xa;&#x9;at jdk.nashorn.internal.scripts.Script$Recompilation$44618$3841A$\^function\_.L:1#issueCommand(&lt;function&gt;:124)&#xa;&#x9;at jdk.nashorn.internal.scripts.Script$Recompilation$44618$3841A$\^function\_.L:1#issueCommand(&lt;function&gt;:124)&#xa;&#x9;at jdk.nashorn.internal.scripts.Script$Recompilation$44618$3841A$\^function\_.L:1#issueCommand(&lt;function&gt;:124)&#xa;&#x9;at jdk.nashorn.internal.scripts.Script$Recompilation$44618$3841A$\^function\_.L:1#issueCommand(&lt;function&gt;:124)&#xa;&#x9;at jdk.nashorn.internal.scripts.Script$Recompilation$44618$3841A$\^function\_.L:1#issueCommand(&lt;function&gt;:124)&#xa;&#x9;at jdk.nashorn.internal.scripts.Script$Recompilation$44618$3841A$\^function\_.L:1#issueCommand(&lt;function&gt;:124)&#xa;&#x9;at jdk.nashorn.internal.scripts.Script$Recompilation$44618$3841A$\^function\_.L:1#issueCommand(&lt;function&gt;:124)&#xa;&#x9;at jdk.nashorn.internal.scripts.Script$Recompilation$44618$3841A$\^function\_.L:1#issueCommand(&lt;function&gt;:124)&#xa;&#x9;at jdk.nashorn.internal.scripts.Script$Recompilation$44618$3841A$\^function\_.L:1#issueCommand(&lt;function&gt;:124)&#xa;&#x9;at jdk.nashorn.internal.scripts.Script$Recompilation$44618$3841A$\^function\_.L:1#issueCommand(&lt;function&gt;:124)&#xa;&#x9;at jdk.nashorn.internal.scripts.Script$Recompilation$44618$3841A$\^function\_.L:1#issueCommand(&lt;function&gt;:124)&#xa;&#x9;at jdk.nashorn.internal.scripts.Script$Recompilation$44618$3841A$\^function\_.L:1#issueCommand(&lt;function&gt;:124)&#xa;&#x9;at jdk.nashorn.internal.scripts.Script$Recompilation$44618$3841A$\^function\_.L:1#issueCommand(&lt;function&gt;:124)&#xa;&#x9;at jdk.nashorn.internal.scripts.Script$Recompilation$44618$3841A$\^function\_.L:1#issueCommand(&lt;function&gt;:124)&#xa;&#x9;at jdk.nashorn.internal.scripts.Script$Recompilation$44618$3841A$\^function\_.L:1#issueCommand(&lt;function&gt;:124)&#xa;&#x9;at jdk.nashorn.internal.scripts.Script$Recompilation$44618$3841A$\^function\_.L:1#issueCommand(&lt;function&gt;:124)&#xa;&#x9;at jdk.nashorn.internal.scripts.Script$Recompilation$44618$3841A$\^function\_.L:1#issueCommand(&lt;function&gt;:124)&#xa;&#x9;at jdk.nashorn.internal.scripts.Script$Recompilation$44618$3841A$\^function\_.L:1#issueCommand(&lt;function&gt;:124)&#xa;&#x9;at jdk.nashorn.internal.scripts.Script$Recompilation$44618$3841A$\^function\_.L:1#issueCommand(&lt;function&gt;:124)&#xa;&#x9;at jdk.nashorn.internal.scripts.Script$Recompilation$44618$3841A$\^function\_.L:1#issueCommand(&lt;function&gt;:124)&#xa;&#x9;at jdk.nashorn.internal.scripts.Script$Recompilation$44618$3841A$\^function\_.L:1#issueCommand(&lt;function&gt;:124)&#xa;&#x9;at jdk.nashorn.internal.scripts.Script$Recompilation$44618$3841A$\^function\_.L:1#issueCommand(&lt;function&gt;:124)&#xa;&#x9;at jdk.nashorn.internal.scripts.Script$Recompilation$44618$3841A$\^function\_.L:1#issueCommand(&lt;function&gt;:124)&#xa;&#x9;at jdk.nashorn.internal.scripts.Script$Recompilation$44618$3841A$\^function\_.L:1#issueCommand(&lt;function&gt;:124)&#xa;&#x9;at jdk.nashorn.internal.scripts.Script$Recompilation$44618$3841A$\^function\_.L:1#issueCommand(&lt;function&gt;:124)&#xa;&#x9;at jdk.nashorn.internal.scripts.Script$Recompilation$44618$3841A$\^function\_.L:1#issueCommand(&lt;function&gt;:124)&#xa;&#x9;at jdk.nashorn.internal.scripts.Script$Recompilation$44618$3841A$\^function\_.L:1#issueCommand(&lt;function&gt;:124)&#xa;&#x9;at jdk.nashorn.internal.scripts.Script$Recompilation$44618$3841A$\^function\_.L:1#issueCommand(&lt;function&gt;:124)&#xa;&#x9;at jdk.nashorn.internal.scripts.Script$Recompilation$44618$3841A$\^function\_.L:1#issueCommand(&lt;function&gt;:124)&#xa;&#x9;at jdk.nashorn.internal.scripts.Script$Recompilation$44618$3841A$\^function\_.L:1#issueCommand(&lt;function&gt;:124)&#xa;&#x9;at jdk.nashorn.internal.scripts.Script$Recompilation$44618$3841A$\^function\_.L:1#issueCommand(&lt;function&gt;:124)&#xa;&#x9;at jdk.nashorn.internal.scripts.Script$Recompilation$44618$3841A$\^function\_.L:1#issueCommand(&lt;function&gt;:124)&#xa;&#x9;at jdk.nashorn.internal.scripts.Script$Recompilation$44618$3841A$\^function\_.L:1#issueCommand(&lt;function&gt;:124)&#xa;&#x9;at jdk.nashorn.internal.scripts.Script$Recompilation$44618$3841A$\^function\_.L:1#issueCommand(&lt;function&gt;:124)&#xa;&#x9;at jdk.nashorn.internal.scripts.Script$Recompilation$44618$3841A$\^function\_.L:1#issueCommand(&lt;function&gt;:124)&#xa;&#x9;at jdk.nashorn.internal.scripts.Script$Recompilation$44618$3841A$\^function\_.L:1#issueCommand(&lt;function&gt;:124)&#xa;&#x9;at jdk.nashorn.internal.scripts.Script$Recompilation$44618$3841A$\^function\_.L:1#issueCommand(&lt;function&gt;:124)&#xa;&#x9;at jdk.nashorn.internal.scripts.Script$Recompilation$44618$3841A$\^function\_.L:1#issueCommand(&lt;function&gt;:124)&#xa;&#x9;at jdk.nashorn.internal.scripts.Script$Recompilation$44618$3841A$\^function\_.L:1#issueCommand(&lt;function&gt;:124)&#xa;&#x9;at jdk.nashorn.internal.scripts.Script$Recompilation$44618$3841A$\^function\_.L:1#issueCommand(&lt;function&gt;:124)&#xa;&#x9;at jdk.nashorn.internal.scripts.Script$Recompilation$44618$3841A$\^function\_.L:1#issueCommand(&lt;function&gt;:124)&#xa;&#x9;at jdk.nashorn.internal.scripts.Script$Recompilation$44618$3841A$\^function\_.L:1#issueCommand(&lt;function&gt;:124)&#xa;&#x9;at jdk.nashorn.internal.scripts.Script$Recompilation$44618$3841A$\^function\_.L:1#issueCommand(&lt;function&gt;:124)&#xa;&#x9;at jdk.nashorn.internal.scripts.Script$Recompilation$44618$3841A$\^function\_.L:1#issueCommand(&lt;function&gt;:124)&#xa;&#x9;at jdk.nashorn.internal.scripts.Script$Recompilation$44618$3841A$\^function\_.L:1#issueCommand(&lt;function&gt;:124)&#xa;&#x9;at jdk.nashorn.internal.scripts.Script$Recompilation$44618$3841A$\^function\_.L:1#issueCommand(&lt;function&gt;:124)&#xa;&#x9;at jdk.nashorn.internal.scripts.Script$Recompilation$44618$3841A$\^function\_.L:1#issueCommand(&lt;function&gt;:124)&#xa;&#x9;at jdk.nashorn.internal.scripts.Script$Recompilation$44618$3841A$\^function\_.L:1#issueCommand(&lt;function&gt;:124)&#xa;&#x9;at jdk.nashorn.internal.scripts.Script$Recompilation$44618$3841A$\^function\_.L:1#issueCommand(&lt;function&gt;:124)&#xa;&#x9;at jdk.nashorn.internal.scripts.Script$Recompilation$44618$3841A$\^function\_.L:1#issueCommand(&lt;function&gt;:124)&#xa;&#x9;at jdk.nashorn.internal.scripts.Script$Recompilation$44618$3841A$\^function\_.L:1#issueCommand(&lt;function&gt;:124)&#xa;&#x9;at jdk.nashorn.internal.scripts.Script$Recompilation$44618$3841A$\^function\_.L:1#issueCommand(&lt;function&gt;:124)&#xa;&#x9;at jdk.nashorn.internal.scripts.Script$Recompilation$44618$3841A$\^function\_.L:1#issueCommand(&lt;function&gt;:124)&#xa;&#x9;at jdk.nashorn.internal.scripts.Script$Recompilation$44618$3841A$\^function\_.L:1#issueCommand(&lt;function&gt;:124)&#xa;&#x9;at jdk.nashorn.internal.scripts.Script$Recompilation$44618$3841A$\^function\_.L:1#issueCommand(&lt;function&gt;:124)&#xa;&#x9;at jdk.nashorn.internal.scripts.Script$Recompilation$44618$3841A$\^function\_.L:1#issueCommand(&lt;function&gt;:124)&#xa;&#x9;at jdk.nashorn.internal.scripts.Script$Recompilation$44618$3841A$\^function\_.L:1#issueCommand(&lt;function&gt;:124)&#xa;&#x9;at jdk.nashorn.internal.scripts.Script$Recompilation$44618$3841A$\^function\_.L:1#issueCommand(&lt;function&gt;:124)&#xa;&#x9;at jdk.nashorn.internal.scripts.Script$Recompilation$44618$3841A$\^function\_.L:1#issueCommand(&lt;function&gt;:124)&#xa;&#x9;at jdk.nashorn.internal.scripts.Script$Recompilation$44618$3841A$\^function\_.L:1#issueCommand(&lt;function&gt;:124)&#xa;&#x9;at jdk.nashorn.internal.scripts.Script$Recompilation$44618$3841A$\^function\_.L:1#issueCommand(&lt;function&gt;:124)&#xa;&#x9;at jdk.nashorn.internal.scripts.Script$Recompilation$44618$3841A$\^function\_.L:1#issueCommand(&lt;function&gt;:124)&#xa;&#x9;at jdk.nashorn.internal.scripts.Script$Recompilation$44618$3841A$\^function\_.L:1#issueCommand(&lt;function&gt;:124)&#xa;&#x9;at jdk.nashorn.internal.scripts.Script$Recompilation$44618$3841A$\^function\_.L:1#issueCommand(&lt;function&gt;:124)&#xa;&#x9;at jdk.nashorn.internal.scripts.Script$Recompilation$44618$3841A$\^function\_.L:1#issueCommand(&lt;function&gt;:124)&#xa;&#x9;at jdk.nashorn.internal.scripts.Script$Recompilation$44618$3841A$\^function\_.L:1#issueCommand(&lt;function&gt;:124)&#xa;&#x9;at jdk.nashorn.internal.scripts.Script$Recompilation$44618$3841A$\^function\_.L:1#issueCommand(&lt;function&gt;:124)&#xa;&#x9;at jdk.nashorn.internal.scripts.Script$Recompilation$44618$3841A$\^function\_.L:1#issueCommand(&lt;function&gt;:124)&#xa;&#x9;at jdk.nashorn.internal.scripts.Script$Recompilation$44618$3841A$\^function\_.L:1#issueCommand(&lt;function&gt;:124)&#xa;&#x9;at jdk.nashorn.internal.scripts.Script$Recompilation$44618$3841A$\^function\_.L:1#issueCommand(&lt;function&gt;:124)&#xa;&#x9;at jdk.nashorn.internal.scripts.Script$Recompilation$44618$3841A$\^function\_.L:1#issueCommand(&lt;function&gt;:124)&#xa;&#x9;at jdk.nashorn.internal.scripts.Script$Recompilation$44618$3841A$\^function\_.L:1#issueCommand(&lt;function&gt;:124)&#xa;&#x9;at jdk.nashorn.internal.scripts.Script$Recompilation$44618$3841A$\^function\_.L:1#issueCommand(&lt;function&gt;:124)&#xa;&#x9;at jdk.nashorn.internal.scripts.Script$Recompilation$44618$3841A$\^function\_.L:1#issueCommand(&lt;function&gt;:124)&#xa;&#x9;at jdk.nashorn.internal.scripts.Script$Recompilation$44618$3841A$\^function\_.L:1#issueCommand(&lt;function&gt;:124)&#xa;&#x9;at jdk.nashorn.internal.scripts.Script$Recompilation$44618$3841A$\^function\_.L:1#issueCommand(&lt;function&gt;:124)&#xa;&#x9;at jdk.nashorn.internal.scripts.Script$Recompilation$44618$3841A$\^function\_.L:1#issueCommand(&lt;function&gt;:124)&#xa;&#x9;at jdk.nashorn.internal.scripts.Script$Recompilation$44618$3841A$\^function\_.L:1#issueCommand(&lt;function&gt;:124)&#xa;&#x9;at jdk.nashorn.internal.scripts.Script$Recompilation$44618$3841A$\^function\_.L:1#issueCommand(&lt;function&gt;:124)&#xa;&#x9;at jdk.nashorn.internal.scripts.Script$Recompilation$44618$3841A$\^function\_.L:1#issueCommand(&lt;function&gt;:124)&#xa;&#x9;at jdk.nashorn.internal.scripts.Script$Recompilation$44618$3841A$\^function\_.L:1#issueCommand(&lt;function&gt;:124)&#xa;&#x9;at jdk.nashorn.internal.scripts.Script$Recompilation$44618$3841A$\^function\_.L:1#issueCommand(&lt;function&gt;:124)&#xa;&#x9;at jdk.nashorn.internal.scripts.Script$Recompilation$44618$3841A$\^function\_.L:1#issueCommand(&lt;function&gt;:124)&#xa;&#x9;at jdk.nashorn.internal.scripts.Script$Recompilation$44618$3841A$\^function\_.L:1#issueCommand(&lt;function&gt;:124)&#xa;&#x9;at jdk.nashorn.internal.scripts.Script$Recompilation$44618$3841A$\^function\_.L:1#issueCommand(&lt;function&gt;:124)&#xa;&#x9;at jdk.nashorn.internal.scripts.Script$Recompilation$44618$3841A$\^function\_.L:1#issueCommand(&lt;function&gt;:124)&#xa;&#x9;at jdk.nashorn.internal.scripts.Script$Recompilation$44618$3841A$\^function\_.L:1#issueCommand(&lt;function&gt;:124)&#xa;&#x9;at jdk.nashorn.internal.scripts.Script$Recompilation$44618$3841A$\^function\_.L:1#issueCommand(&lt;function&gt;:124)&#xa;&#x9;at jdk.nashorn.internal.scripts.Script$Recompilation$44618$3841A$\^function\_.L:1#issueCommand(&lt;function&gt;:124)&#xa;&#x9;at jdk.nashorn.internal.scripts.Script$Recompilation$44618$3841A$\^function\_.L:1#issueCommand(&lt;function&gt;:124)&#xa;&#x9;at jdk.nashorn.internal.scripts.Script$Recompilation$44618$3841A$\^function\_.L:1#issueCommand(&lt;function&gt;:124)&#xa;&#x9;at jdk.nashorn.internal.scripts.Script$Recompilation$44618$3841A$\^function\_.L:1#issueCommand(&lt;function&gt;:124)&#xa;&#x9;at jdk.nashorn.internal.scripts.Script$Recompilation$44618$3841A$\^function\_.L:1#issueCommand(&lt;function&gt;:124)&#xa;&#x9;at jdk.nashorn.internal.scripts.Script$Recompilation$44618$3841A$\^function\_.L:1#issueCommand(&lt;function&gt;:124)&#xa;&#x9;at jdk.nashorn.internal.scripts.Script$Recompilation$44618$3841A$\^function\_.L:1#issueCommand(&lt;function&gt;:124)&#xa;&#x9;at jdk.nashorn.internal.scripts.Script$Recompilation$44618$3841A$\^function\_.L:1#issueCommand(&lt;function&gt;:124)&#xa;&#x9;at jdk.nashorn.internal.scripts.Script$Recompilation$44618$3841A$\^function\_.L:1#issueCommand(&lt;function&gt;:124)&#xa;&#x9;at jdk.nashorn.internal.scripts.Script$Recompilation$44618$3841A$\^function\_.L:1#issueCommand(&lt;function&gt;:124)&#xa;&#x9;at jdk.nashorn.internal.scripts.Script$Recompilation$44618$3841A$\^function\_.L:1#issueCommand(&lt;function&gt;:124)&#xa;&#x9;at jdk.nashorn.internal.scripts.Script$Recompilation$44618$3841A$\^function\_.L:1#issueCommand(&lt;function&gt;:124)&#xa;&#x9;at jdk.nashorn.internal.scripts.Script$Recompilation$44618$3841A$\^function\_.L:1#issueCommand(&lt;function&gt;:124)&#xa;&#x9;at jdk.nashorn.internal.scripts.Script$Recompilation$44618$3841A$\^function\_.L:1#issueCommand(&lt;function&gt;:124)&#xa;&#x9;at jdk.nashorn.internal.scripts.Script$Recompilation$44618$3841A$\^function\_.L:1#issueCommand(&lt;function&gt;:124)&#xa;&#x9;at jdk.nashorn.internal.scripts.Script$Recompilation$44618$3841A$\^function\_.L:1#issueCommand(&lt;function&gt;:124)&#xa;&#x9;at jdk.nashorn.internal.scripts.Script$Recompilation$44618$3841A$\^function\_.L:1#issueCommand(&lt;function&gt;:124)&#xa;&#x9;at jdk.nashorn.internal.scripts.Script$Recompilation$44618$3841A$\^function\_.L:1#issueCommand(&lt;function&gt;:124)&#xa;&#x9;at jdk.nashorn.internal.scripts.Script$Recompilation$44618$3841A$\^function\_.L:1#issueCommand(&lt;function&gt;:124)&#xa;&#x9;at jdk.nashorn.internal.scripts.Script$Recompilation$44618$3841A$\^function\_.L:1#issueCommand(&lt;function&gt;:124)&#xa;&#x9;at jdk.nashorn.internal.scripts.Script$Recompilation$44618$3841A$\^function\_.L:1#issueCommand(&lt;function&gt;:124)&#xa;&#x9;at jdk.nashorn.internal.scripts.Script$Recompilation$44618$3841A$\^function\_.L:1#issueCommand(&lt;function&gt;:124)&#xa;&#x9;at jdk.nashorn.internal.scripts.Script$Recompilation$44618$3841A$\^function\_.L:1#issueCommand(&lt;function&gt;:124)&#xa;&#x9;at jdk.nashorn.internal.scripts.Script$Recompilation$44618$3841A$\^function\_.L:1#issueCommand(&lt;function&gt;:124)&#xa; in /home/travis/build/icyphy/ptII/ptolemy/actor/lib/jjs/external/require.js#409:30&lt;eval&gt; at line number 1736 at column number 24&#xa;&#x9;at ptolemy.actor.lib.jjs.JavaScript._invokeMethodInContext(JavaScript.java:2306)&#xa;&#x9;at ptolemy.actor.lib.jjs.JavaScript.fire(JavaScript.java:1138)&#xa;&#x9;at ptolemy.domains.de.kernel.DEDirector._fire(DEDirector.java:1949)&#xa;&#x9;at ptolemy.domains.de.kernel.DEDirector.fire(DEDirector.java:502)&#xa;&#x9;at ptolemy.actor.CompositeActor.fire(CompositeActor.java:455)&#xa;&#x9;at ptolemy.actor.Manager.iterate(Manager.java:851)&#xa;&#x9;at ptolemy.actor.Manager.execute(Manager.java:369)&#xa;&#x9;at ptolemy.vergil.basic.export.ExportModel$2.run(ExportModel.java:390)&#xa;&#x9;... 14 more&#xa;Caused by: javax.script.ScriptException: Error: commonHost.js, react(), invoking a specific handler for &quot;trigger&quot;: Exception occurred in input handler for accessor SemanticYelpSearch, which has now has been removed.  Exception was: java.lang.StackOverflowError Stacktrace was: &#xa;java.lang.StackOverflowError&#xa;&#x9;at jdk.nashorn.internal.runtime.AccessorProperty.getObjectValue(AccessorProperty.java:417)&#xa;&#x9;at jdk.nashorn.internal.runtime.FindProperty.getObjectValue(FindProperty.java:229)&#xa;&#x9;at jdk.nashorn.internal.runtime.ScriptObject.get(ScriptObject.java:2860)&#xa;&#x9;at jdk.nashorn.internal.runtime.ScriptObject.get(ScriptObject.java:2877)&#xa;&#x9;at jdk.nashorn.internal.scripts.Script$Recompilation$44872$56054A$require.L:1#get(/home/travis/build/icyphy/ptII/ptolemy/actor/lib/jjs/external/require.js#409:30&lt;eval&gt;:1245)&#xa;&#x9;at jdk.nashorn.internal.scripts.Script$Recompilation$44618$3841A$\^function\_.L:1#issueCommand(&lt;function&gt;:116)&#xa;&#x9;at jdk.nashorn.internal.scripts.Script$Recompilation$44618$3841A$\^function\_.L:1#issueCommand(&lt;function&gt;:124)&#xa;&#x9;at jdk.nashorn.internal.scripts.Script$Recompilation$44618$3841A$\^function\_.L:1#issueCommand(&lt;function&gt;:124)&#xa;&#x9;at jdk.nashorn.internal.scripts.Script$Recompilation$44618$3841A$\^function\_.L:1#issueCommand(&lt;function&gt;:124)&#xa;&#x9;at jdk.nashorn.internal.scripts.Script$Recompilation$44618$3841A$\^function\_.L:1#issueCommand(&lt;function&gt;:124)&#xa;&#x9;at jdk.nashorn.internal.scripts.Script$Recompilation$44618$3841A$\^function\_.L:1#issueCommand(&lt;function&gt;:124)&#xa;&#x9;at jdk.nashorn.internal.scripts.Script$Recompilation$44618$3841A$\^function\_.L:1#issueCommand(&lt;function&gt;:124)&#xa;&#x9;at jdk.nashorn.internal.scripts.Script$Recompilation$44618$3841A$\^function\_.L:1#issueCommand(&lt;function&gt;:124)&#xa;&#x9;at jdk.nashorn.internal.scripts.Script$Recompilation$44618$3841A$\^function\_.L:1#issueCommand(&lt;function&gt;:124)&#xa;&#x9;at jdk.nashorn.internal.scripts.Script$Recompilation$44618$3841A$\^function\_.L:1#issueCommand(&lt;function&gt;:124)&#xa;&#x9;at jdk.nashorn.internal.scripts.Script$Recompilation$44618$3841A$\^function\_.L:1#issueCommand(&lt;function&gt;:124)&#xa;&#x9;at jdk.nashorn.internal.scripts.Script$Recompilation$44618$3841A$\^function\_.L:1#issueCommand(&lt;function&gt;:124)&#xa;&#x9;at jdk.nashorn.internal.scripts.Script$Recompilation$44618$3841A$\^function\_.L:1#issueCommand(&lt;function&gt;:124)&#xa;&#x9;at jdk.nashorn.internal.scripts.Script$Recompilation$44618$3841A$\^function\_.L:1#issueCommand(&lt;function&gt;:124)&#xa;&#x9;at jdk.nashorn.internal.scripts.Script$Recompilation$44618$3841A$\^function\_.L:1#issueCommand(&lt;function&gt;:124)&#xa;&#x9;at jdk.nashorn.internal.scripts.Script$Recompilation$44618$3841A$\^function\_.L:1#issueCommand(&lt;function&gt;:124)&#xa;&#x9;at jdk.nashorn.internal.scripts.Script$Recompilation$44618$3841A$\^function\_.L:1#issueCommand(&lt;function&gt;:124)&#xa;&#x9;at jdk.nashorn.internal.scripts.Script$Recompilation$44618$3841A$\^function\_.L:1#issueCommand(&lt;function&gt;:124)&#xa;&#x9;at jdk.nashorn.internal.scripts.Script$Recompilation$44618$3841A$\^function\_.L:1#issueCommand(&lt;function&gt;:124)&#xa;&#x9;at jdk.nashorn.internal.scripts.Script$Recompilation$44618$3841A$\^function\_.L:1#issueCommand(&lt;function&gt;:124)&#xa;&#x9;at jdk.nashorn.internal.scripts.Script$Recompilation$44618$3841A$\^function\_.L:1#issueCommand(&lt;function&gt;:124)&#xa;&#x9;at jdk.nashorn.internal.scripts.Script$Recompilation$44618$3841A$\^function\_.L:1#issueCommand(&lt;function&gt;:124)&#xa;&#x9;at jdk.nashorn.internal.scripts.Script$Recompilation$44618$3841A$\^function\_.L:1#issueCommand(&lt;function&gt;:124)&#xa;&#x9;at jdk.nashorn.internal.scripts.Script$Recompilation$44618$3841A$\^function\_.L:1#issueCommand(&lt;function&gt;:124)&#xa;&#x9;at jdk.nashorn.internal.scripts.Script$Recompilation$44618$3841A$\^function\_.L:1#issueCommand(&lt;function&gt;:124)&#xa;&#x9;at jdk.nashorn.internal.scripts.Script$Recompilation$44618$3841A$\^function\_.L:1#issueCommand(&lt;function&gt;:124)&#xa;&#x9;at jdk.nashorn.internal.scripts.Script$Recompilation$44618$3841A$\^function\_.L:1#issueCommand(&lt;function&gt;:124)&#xa;&#x9;at jdk.nashorn.internal.scripts.Script$Recompilation$44618$3841A$\^function\_.L:1#issueCommand(&lt;function&gt;:124)&#xa;&#x9;at jdk.nashorn.internal.scripts.Script$Recompilation$44618$3841A$\^function\_.L:1#issueCommand(&lt;function&gt;:124)&#xa;&#x9;at jdk.nashorn.internal.scripts.Script$Recompilation$44618$3841A$\^function\_.L:1#issueCommand(&lt;function&gt;:124)&#xa;&#x9;at jdk.nashorn.internal.scripts.Script$Recompilation$44618$3841A$\^function\_.L:1#issueCommand(&lt;function&gt;:124)&#xa;&#x9;at jdk.nashorn.internal.scripts.Script$Recompilation$44618$3841A$\^function\_.L:1#issueCommand(&lt;function&gt;:124)&#xa;&#x9;at jdk.nashorn.internal.scripts.Script$Recompilation$44618$3841A$\^function\_.L:1#issueCommand(&lt;function&gt;:124)&#xa;&#x9;at jdk.nashorn.internal.scripts.Script$Recompilation$44618$3841A$\^function\_.L:1#issueCommand(&lt;function&gt;:124)&#xa;&#x9;at jdk.nashorn.internal.scripts.Script$Recompilation$44618$3841A$\^function\_.L:1#issueCommand(&lt;function&gt;:124)&#xa;&#x9;at jdk.nashorn.internal.scripts.Script$Recompilation$44618$3841A$\^function\_.L:1#issueCommand(&lt;function&gt;:124)&#xa;&#x9;at jdk.nashorn.internal.scripts.Script$Recompilation$44618$3841A$\^function\_.L:1#issueCommand(&lt;function&gt;:124)&#xa;&#x9;at jdk.nashorn.internal.scripts.Script$Recompilation$44618$3841A$\^function\_.L:1#issueCommand(&lt;function&gt;:124)&#xa;&#x9;at jdk.nashorn.internal.scripts.Script$Recompilation$44618$3841A$\^function\_.L:1#issueCommand(&lt;function&gt;:124)&#xa;&#x9;at jdk.nashorn.internal.scripts.Script$Recompilation$44618$3841A$\^function\_.L:1#issueCommand(&lt;function&gt;:124)&#xa;&#x9;at jdk.nashorn.internal.scripts.Script$Recompilation$44618$3841A$\^function\_.L:1#issueCommand(&lt;function&gt;:124)&#xa;&#x9;at jdk.nashorn.internal.scripts.Script$Recompilation$44618$3841A$\^function\_.L:1#issueCommand(&lt;function&gt;:124)&#xa;&#x9;at jdk.nashorn.internal.scripts.Script$Recompilation$44618$3841A$\^function\_.L:1#issueCommand(&lt;function&gt;:124)&#xa;&#x9;at jdk.nashorn.internal.scripts.Script$Recompilation$44618$3841A$\^function\_.L:1#issueCommand(&lt;function&gt;:124)&#xa;&#x9;at jdk.nashorn.internal.scripts.Script$Recompilation$44618$3841A$\^function\_.L:1#issueCommand(&lt;function&gt;:124)&#xa;&#x9;at jdk.nashorn.internal.scripts.Script$Recompilation$44618$3841A$\^function\_.L:1#issueCommand(&lt;function&gt;:124)&#xa;&#x9;at jdk.nashorn.internal.scripts.Script$Recompilation$44618$3841A$\^function\_.L:1#issueCommand(&lt;function&gt;:124)&#xa;&#x9;at jdk.nashorn.internal.scripts.Script$Recompilation$44618$3841A$\^function\_.L:1#issueCommand(&lt;function&gt;:124)&#xa;&#x9;at jdk.nashorn.internal.scripts.Script$Recompilation$44618$3841A$\^function\_.L:1#issueCommand(&lt;function&gt;:124)&#xa;&#x9;at jdk.nashorn.internal.scripts.Script$Recompilation$44618$3841A$\^function\_.L:1#issueCommand(&lt;function&gt;:124)&#xa;&#x9;at jdk.nashorn.internal.scripts.Script$Recompilation$44618$3841A$\^function\_.L:1#issueCommand(&lt;function&gt;:124)&#xa;&#x9;at jdk.nashorn.internal.scripts.Script$Recompilation$44618$3841A$\^function\_.L:1#issueCommand(&lt;function&gt;:124)&#xa;&#x9;at jdk.nashorn.internal.scripts.Script$Recompilation$44618$3841A$\^function\_.L:1#issueCommand(&lt;function&gt;:124)&#xa;&#x9;at jdk.nashorn.internal.scripts.Script$Recompilation$44618$3841A$\^function\_.L:1#issueCommand(&lt;function&gt;:124)&#xa;&#x9;at jdk.nashorn.internal.scripts.Script$Recompilation$44618$3841A$\^function\_.L:1#issueCommand(&lt;function&gt;:124)&#xa;&#x9;at jdk.nashorn.internal.scripts.Script$Recompilation$44618$3841A$\^function\_.L:1#issueCommand(&lt;function&gt;:124)&#xa;&#x9;at jdk.nashorn.internal.scripts.Script$Recompilation$44618$3841A$\^function\_.L:1#issueCommand(&lt;function&gt;:124)&#xa;&#x9;at jdk.nashorn.internal.scripts.Script$Recompilation$44618$3841A$\^function\_.L:1#issueCommand(&lt;function&gt;:124)&#xa;&#x9;at jdk.nashorn.internal.scripts.Script$Recompilation$44618$3841A$\^function\_.L:1#issueCommand(&lt;function&gt;:124)&#xa;&#x9;at jdk.nashorn.internal.scripts.Script$Recompilation$44618$3841A$\^function\_.L:1#issueCommand(&lt;function&gt;:124)&#xa;&#x9;at jdk.nashorn.internal.scripts.Script$Recompilation$44618$3841A$\^function\_.L:1#issueCommand(&lt;function&gt;:124)&#xa;&#x9;at jdk.nashorn.internal.scripts.Script$Recompilation$44618$3841A$\^function\_.L:1#issueCommand(&lt;function&gt;:124)&#xa;&#x9;at jdk.nashorn.internal.scripts.Script$Recompilation$44618$3841A$\^function\_.L:1#issueCommand(&lt;function&gt;:124)&#xa;&#x9;at jdk.nashorn.internal.scripts.Script$Recompilation$44618$3841A$\^function\_.L:1#issueCommand(&lt;function&gt;:124)&#xa;&#x9;at jdk.nashorn.internal.scripts.Script$Recompilation$44618$3841A$\^function\_.L:1#issueCommand(&lt;function&gt;:124)&#xa;&#x9;at jdk.nashorn.internal.scripts.Script$Recompilation$44618$3841A$\^function\_.L:1#issueCommand(&lt;function&gt;:124)&#xa;&#x9;at jdk.nashorn.internal.scripts.Script$Recompilation$44618$3841A$\^function\_.L:1#issueCommand(&lt;function&gt;:124)&#xa;&#x9;at jdk.nashorn.internal.scripts.Script$Recompilation$44618$3841A$\^function\_.L:1#issueCommand(&lt;function&gt;:124)&#xa;&#x9;at jdk.nashorn.internal.scripts.Script$Recompilation$44618$3841A$\^function\_.L:1#issueCommand(&lt;function&gt;:124)&#xa;&#x9;at jdk.nashorn.internal.scripts.Script$Recompilation$44618$3841A$\^function\_.L:1#issueCommand(&lt;function&gt;:124)&#xa;&#x9;at jdk.nashorn.internal.scripts.Script$Recompilation$44618$3841A$\^function\_.L:1#issueCommand(&lt;function&gt;:124)&#xa;&#x9;at jdk.nashorn.internal.scripts.Script$Recompilation$44618$3841A$\^function\_.L:1#issueCommand(&lt;function&gt;:124)&#xa;&#x9;at jdk.nashorn.internal.scripts.Script$Recompilation$44618$3841A$\^function\_.L:1#issueCommand(&lt;function&gt;:124)&#xa;&#x9;at jdk.nashorn.internal.scripts.Script$Recompilation$44618$3841A$\^function\_.L:1#issueCommand(&lt;function&gt;:124)&#xa;&#x9;at jdk.nashorn.internal.scripts.Script$Recompilation$44618$3841A$\^function\_.L:1#issueCommand(&lt;function&gt;:124)&#xa;&#x9;at jdk.nashorn.internal.scripts.Script$Recompilation$44618$3841A$\^function\_.L:1#issueCommand(&lt;function&gt;:124)&#xa;&#x9;at jdk.nashorn.internal.scripts.Script$Recompilation$44618$3841A$\^function\_.L:1#issueCommand(&lt;function&gt;:124)&#xa;&#x9;at jdk.nashorn.internal.scripts.Script$Recompilation$44618$3841A$\^function\_.L:1#issueCommand(&lt;function&gt;:124)&#xa;&#x9;at jdk.nashorn.internal.scripts.Script$Recompilation$44618$3841A$\^function\_.L:1#issueCommand(&lt;function&gt;:124)&#xa;&#x9;at jdk.nashorn.internal.scripts.Script$Recompilation$44618$3841A$\^function\_.L:1#issueCommand(&lt;function&gt;:124)&#xa;&#x9;at jdk.nashorn.internal.scripts.Script$Recompilation$44618$3841A$\^function\_.L:1#issueCommand(&lt;function&gt;:124)&#xa;&#x9;at jdk.nashorn.internal.scripts.Script$Recompilation$44618$3841A$\^function\_.L:1#issueCommand(&lt;function&gt;:124)&#xa;&#x9;at jdk.nashorn.internal.scripts.Script$Recompilation$44618$3841A$\^function\_.L:1#issueCommand(&lt;function&gt;:124)&#xa;&#x9;at jdk.nashorn.internal.scripts.Script$Recompilation$44618$3841A$\^function\_.L:1#issueCommand(&lt;function&gt;:124)&#xa;&#x9;at jdk.nashorn.internal.scripts.Script$Recompilation$44618$3841A$\^function\_.L:1#issueCommand(&lt;function&gt;:124)&#xa;&#x9;at jdk.nashorn.internal.scripts.Script$Recompilation$44618$3841A$\^function\_.L:1#issueCommand(&lt;function&gt;:124)&#xa;&#x9;at jdk.nashorn.internal.scripts.Script$Recompilation$44618$3841A$\^function\_.L:1#issueCommand(&lt;function&gt;:124)&#xa;&#x9;at jdk.nashorn.internal.scripts.Script$Recompilation$44618$3841A$\^function\_.L:1#issueCommand(&lt;function&gt;:124)&#xa;&#x9;at jdk.nashorn.internal.scripts.Script$Recompilation$44618$3841A$\^function\_.L:1#issueCommand(&lt;function&gt;:124)&#xa;&#x9;at jdk.nashorn.internal.scripts.Script$Recompilation$44618$3841A$\^function\_.L:1#issueCommand(&lt;function&gt;:124)&#xa;&#x9;at jdk.nashorn.internal.scripts.Script$Recompilation$44618$3841A$\^function\_.L:1#issueCommand(&lt;function&gt;:124)&#xa;&#x9;at jdk.nashorn.internal.scripts.Script$Recompilation$44618$3841A$\^function\_.L:1#issueCommand(&lt;function&gt;:124)&#xa;&#x9;at jdk.nashorn.internal.scripts.Script$Recompilation$44618$3841A$\^function\_.L:1#issueCommand(&lt;function&gt;:124)&#xa;&#x9;at jdk.nashorn.internal.scripts.Script$Recompilation$44618$3841A$\^function\_.L:1#issueCommand(&lt;function&gt;:124)&#xa;&#x9;at jdk.nashorn.internal.scripts.Script$Recompilation$44618$3841A$\^function\_.L:1#issueCommand(&lt;function&gt;:124)&#xa;&#x9;at jdk.nashorn.internal.scripts.Script$Recompilation$44618$3841A$\^function\_.L:1#issueCommand(&lt;function&gt;:124)&#xa;&#x9;at jdk.nashorn.internal.scripts.Script$Recompilation$44618$3841A$\^function\_.L:1#issueCommand(&lt;function&gt;:124)&#xa;&#x9;at jdk.nashorn.internal.scripts.Script$Recompilation$44618$3841A$\^function\_.L:1#issueCommand(&lt;function&gt;:124)&#xa;&#x9;at jdk.nashorn.internal.scripts.Script$Recompilation$44618$3841A$\^function\_.L:1#issueCommand(&lt;function&gt;:124)&#xa;&#x9;at jdk.nashorn.internal.scripts.Script$Recompilation$44618$3841A$\^function\_.L:1#issueCommand(&lt;function&gt;:124)&#xa;&#x9;at jdk.nashorn.internal.scripts.Script$Recompilation$44618$3841A$\^function\_.L:1#issueCommand(&lt;function&gt;:124)&#xa;&#x9;at jdk.nashorn.internal.scripts.Script$Recompilation$44618$3841A$\^function\_.L:1#issueCommand(&lt;function&gt;:124)&#xa;&#x9;at jdk.nashorn.internal.scripts.Script$Recompilation$44618$3841A$\^function\_.L:1#issueCommand(&lt;function&gt;:124)&#xa;&#x9;at jdk.nashorn.internal.scripts.Script$Recompilation$44618$3841A$\^function\_.L:1#issueCommand(&lt;function&gt;:124)&#xa;&#x9;at jdk.nashorn.internal.scripts.Script$Recompilation$44618$3841A$\^function\_.L:1#issueCommand(&lt;function&gt;:124)&#xa;&#x9;at jdk.nashorn.internal.scripts.Script$Recompilation$44618$3841A$\^function\_.L:1#issueCommand(&lt;function&gt;:124)&#xa;&#x9;at jdk.nashorn.internal.scripts.Script$Recompilation$44618$3841A$\^function\_.L:1#issueCommand(&lt;function&gt;:124)&#xa;&#x9;at jdk.nashorn.internal.scripts.Script$Recompilation$44618$3841A$\^function\_.L:1#issueCommand(&lt;function&gt;:124)&#xa;&#x9;at jdk.nashorn.internal.scripts.Script$Recompilation$44618$3841A$\^function\_.L:1#issueCommand(&lt;function&gt;:124)&#xa;&#x9;at jdk.nashorn.internal.scripts.Script$Recompilation$44618$3841A$\^function\_.L:1#issueCommand(&lt;function&gt;:124)&#xa;&#x9;at jdk.nashorn.internal.scripts.Script$Recompilation$44618$3841A$\^function\_.L:1#issueCommand(&lt;function&gt;:124)&#xa;&#x9;at jdk.nashorn.internal.scripts.Script$Recompilation$44618$3841A$\^function\_.L:1#issueCommand(&lt;function&gt;:124)&#xa;&#x9;at jdk.nashorn.internal.scripts.Script$Recompilation$44618$3841A$\^function\_.L:1#issueCommand(&lt;function&gt;:124)&#xa;&#x9;at jdk.nashorn.internal.scripts.Script$Recompilation$44618$3841A$\^function\_.L:1#issueCommand(&lt;function&gt;:124)&#xa;&#x9;at jdk.nashorn.internal.scripts.Script$Recompilation$44618$3841A$\^function\_.L:1#issueCommand(&lt;function&gt;:124)&#xa;&#x9;at jdk.nashorn.internal.scripts.Script$Recompilation$44618$3841A$\^function\_.L:1#issueCommand(&lt;function&gt;:124)&#xa;&#x9;at jdk.nashorn.internal.scripts.Script$Recompilation$44618$3841A$\^function\_.L:1#issueCommand(&lt;function&gt;:124)&#xa;&#x9;at jdk.nashorn.internal.scripts.Script$Recompilation$44618$3841A$\^function\_.L:1#issueCommand(&lt;function&gt;:124)&#xa;&#x9;at jdk.nashorn.internal.scripts.Script$Recompilation$44618$3841A$\^function\_.L:1#issueCommand(&lt;function&gt;:124)&#xa;&#x9;at jdk.nashorn.internal.scripts.Script$Recompilation$44618$3841A$\^function\_.L:1#issueCommand(&lt;function&gt;:124)&#xa;&#x9;at jdk.nashorn.internal.scripts.Script$Recompilation$44618$3841A$\^function\_.L:1#issueCommand(&lt;function&gt;:124)&#xa;&#x9;at jdk.nashorn.internal.scripts.Script$Recompilation$44618$3841A$\^function\_.L:1#issueCommand(&lt;function&gt;:124)&#xa;&#x9;at jdk.nashorn.internal.scripts.Script$Recompilation$44618$3841A$\^function\_.L:1#issueCommand(&lt;function&gt;:124)&#xa;&#x9;at jdk.nashorn.internal.scripts.Script$Recompilation$44618$3841A$\^function\_.L:1#issueCommand(&lt;function&gt;:124)&#xa;&#x9;at jdk.nashorn.internal.scripts.Script$Recompilation$44618$3841A$\^function\_.L:1#issueCommand(&lt;function&gt;:124)&#xa;&#x9;at jdk.nashorn.internal.scripts.Script$Recompilation$44618$3841A$\^function\_.L:1#issueCommand(&lt;function&gt;:124)&#xa;&#x9;at jdk.nashorn.internal.scripts.Script$Recompilation$44618$3841A$\^function\_.L:1#issueCommand(&lt;function&gt;:124)&#xa;&#x9;at jdk.nashorn.internal.scripts.Script$Recompilation$44618$3841A$\^function\_.L:1#issueCommand(&lt;function&gt;:124)&#xa;&#x9;at jdk.nashorn.internal.scripts.Script$Recompilation$44618$3841A$\^function\_.L:1#issueCommand(&lt;function&gt;:124)&#xa;&#x9;at jdk.nashorn.internal.scripts.Script$Recompilation$44618$3841A$\^function\_.L:1#issueCommand(&lt;function&gt;:124)&#xa;&#x9;at jdk.nashorn.internal.scripts.Script$Recompilation$44618$3841A$\^function\_.L:1#issueCommand(&lt;function&gt;:124)&#xa;&#x9;at jdk.nashorn.internal.scripts.Script$Recompilation$44618$3841A$\^function\_.L:1#issueCommand(&lt;function&gt;:124)&#xa;&#x9;at jdk.nashorn.internal.scripts.Script$Recompilation$44618$3841A$\^function\_.L:1#issueCommand(&lt;function&gt;:124)&#xa;&#x9;at jdk.nashorn.internal.scripts.Script$Recompilation$44618$3841A$\^function\_.L:1#issueCommand(&lt;function&gt;:124)&#xa;&#x9;at jdk.nashorn.internal.scripts.Script$Recompilation$44618$3841A$\^function\_.L:1#issueCommand(&lt;function&gt;:124)&#xa;&#x9;at jdk.nashorn.internal.scripts.Script$Recompilation$44618$3841A$\^function\_.L:1#issueCommand(&lt;function&gt;:124)&#xa;&#x9;at jdk.nashorn.internal.scripts.Script$Recompilation$44618$3841A$\^function\_.L:1#issueCommand(&lt;function&gt;:124)&#xa;&#x9;at jdk.nashorn.internal.scripts.Script$Recompilation$44618$3841A$\^function\_.L:1#issueCommand(&lt;function&gt;:124)&#xa;&#x9;at jdk.nashorn.internal.scripts.Script$Recompilation$44618$3841A$\^function\_.L:1#issueCommand(&lt;function&gt;:124)&#xa;&#x9;at jdk.nashorn.internal.scripts.Script$Recompilation$44618$3841A$\^function\_.L:1#issueCommand(&lt;function&gt;:124)&#xa;&#x9;at jdk.nashorn.internal.scripts.Script$Recompilation$44618$3841A$\^function\_.L:1#issueCommand(&lt;function&gt;:124)&#xa;&#x9;at jdk.nashorn.internal.scripts.Script$Recompilation$44618$3841A$\^function\_.L:1#issueCommand(&lt;function&gt;:124)&#xa;&#x9;at jdk.nashorn.internal.scripts.Script$Recompilation$44618$3841A$\^function\_.L:1#issueCommand(&lt;function&gt;:124)&#xa;&#x9;at jdk.nashorn.internal.scripts.Script$Recompilation$44618$3841A$\^function\_.L:1#issueCommand(&lt;function&gt;:124)&#xa;&#x9;at jdk.nashorn.internal.scripts.Script$Recompilation$44618$3841A$\^function\_.L:1#issueCommand(&lt;function&gt;:124)&#xa;&#x9;at jdk.nashorn.internal.scripts.Script$Recompilation$44618$3841A$\^function\_.L:1#issueCommand(&lt;function&gt;:124)&#xa;&#x9;at jdk.nashorn.internal.scripts.Script$Recompilation$44618$3841A$\^function\_.L:1#issueCommand(&lt;function&gt;:124)&#xa;&#x9;at jdk.nashorn.internal.scripts.Script$Recompilation$44618$3841A$\^function\_.L:1#issueCommand(&lt;function&gt;:124)&#xa;&#x9;at jdk.nashorn.internal.scripts.Script$Recompilation$44618$3841A$\^function\_.L:1#issueCommand(&lt;function&gt;:124)&#xa;&#x9;at jdk.nashorn.internal.scripts.Script$Recompilation$44618$3841A$\^function\_.L:1#issueCommand(&lt;function&gt;:124)&#xa;&#x9;at jdk.nashorn.internal.scripts.Script$Recompilation$44618$3841A$\^function\_.L:1#issueCommand(&lt;function&gt;:124)&#xa;&#x9;at jdk.nashorn.internal.scripts.Script$Recompilation$44618$3841A$\^function\_.L:1#issueCommand(&lt;function&gt;:124)&#xa;&#x9;at jdk.nashorn.internal.scripts.Script$Recompilation$44618$3841A$\^function\_.L:1#issueCommand(&lt;function&gt;:124)&#xa;&#x9;at jdk.nashorn.internal.scripts.Script$Recompilation$44618$3841A$\^function\_.L:1#issueCommand(&lt;function&gt;:124)&#xa;&#x9;at jdk.nashorn.internal.scripts.Script$Recompilation$44618$3841A$\^function\_.L:1#issueCommand(&lt;function&gt;:124)&#xa;&#x9;at jdk.nashorn.internal.scripts.Script$Recompilation$44618$3841A$\^function\_.L:1#issueCommand(&lt;function&gt;:124)&#xa;&#x9;at jdk.nashorn.internal.scripts.Script$Recompilation$44618$3841A$\^function\_.L:1#issueCommand(&lt;function&gt;:124)&#xa;&#x9;at jdk.nashorn.internal.scripts.Script$Recompilation$44618$3841A$\^function\_.L:1#issueCommand(&lt;function&gt;:124)&#xa;&#x9;at jdk.nashorn.internal.scripts.Script$Recompilation$44618$3841A$\^function\_.L:1#issueCommand(&lt;function&gt;:124)&#xa;&#x9;at jdk.nashorn.internal.scripts.Script$Recompilation$44618$3841A$\^function\_.L:1#issueCommand(&lt;function&gt;:124)&#xa;&#x9;at jdk.nashorn.internal.scripts.Script$Recompilation$44618$3841A$\^function\_.L:1#issueCommand(&lt;function&gt;:124)&#xa;&#x9;at jdk.nashorn.internal.scripts.Script$Recompilation$44618$3841A$\^function\_.L:1#issueCommand(&lt;function&gt;:124)&#xa;&#x9;at jdk.nashorn.internal.scripts.Script$Recompilation$44618$3841A$\^function\_.L:1#issueCommand(&lt;function&gt;:124)&#xa;&#x9;at jdk.nashorn.internal.scripts.Script$Recompilation$44618$3841A$\^function\_.L:1#issueCommand(&lt;function&gt;:124)&#xa;&#x9;at jdk.nashorn.internal.scripts.Script$Recompilation$44618$3841A$\^function\_.L:1#issueCommand(&lt;function&gt;:124)&#xa;&#x9;at jdk.nashorn.internal.scripts.Script$Recompilation$44618$3841A$\^function\_.L:1#issueCommand(&lt;function&gt;:124)&#xa;&#x9;at jdk.nashorn.internal.scripts.Script$Recompilation$44618$3841A$\^function\_.L:1#issueCommand(&lt;function&gt;:124)&#xa;&#x9;at jdk.nashorn.internal.scripts.Script$Recompilation$44618$3841A$\^function\_.L:1#issueCommand(&lt;function&gt;:124)&#xa;&#x9;at jdk.nashorn.internal.scripts.Script$Recompilation$44618$3841A$\^function\_.L:1#issueCommand(&lt;function&gt;:124)&#xa;&#x9;at jdk.nashorn.internal.scripts.Script$Recompilation$44618$3841A$\^function\_.L:1#issueCommand(&lt;function&gt;:124)&#xa;&#x9;at jdk.nashorn.internal.scripts.Script$Recompilation$44618$3841A$\^function\_.L:1#issueCommand(&lt;function&gt;:124)&#xa;&#x9;at jdk.nashorn.internal.scripts.Script$Recompilation$44618$3841A$\^function\_.L:1#issueCommand(&lt;function&gt;:124)&#xa;&#x9;at jdk.nashorn.internal.scripts.Script$Recompilation$44618$3841A$\^function\_.L:1#issueCommand(&lt;function&gt;:124)&#xa;&#x9;at jdk.nashorn.internal.scripts.Script$Recompilation$44618$3841A$\^function\_.L:1#issueCommand(&lt;function&gt;:124)&#xa;&#x9;at jdk.nashorn.internal.scripts.Script$Recompilation$44618$3841A$\^function\_.L:1#issueCommand(&lt;function&gt;:124)&#xa;&#x9;at jdk.nashorn.internal.scripts.Script$Recompilation$44618$3841A$\^function\_.L:1#issueCommand(&lt;function&gt;:124)&#xa;&#x9;at jdk.nashorn.internal.scripts.Script$Recompilation$44618$3841A$\^function\_.L:1#issueCommand(&lt;function&gt;:124)&#xa;&#x9;at jdk.nashorn.internal.scripts.Script$Recompilation$44618$3841A$\^function\_.L:1#issueCommand(&lt;function&gt;:124)&#xa;&#x9;at jdk.nashorn.internal.scripts.Script$Recompilation$44618$3841A$\^function\_.L:1#issueCommand(&lt;function&gt;:124)&#xa;&#x9;at jdk.nashorn.internal.scripts.Script$Recompilation$44618$3841A$\^function\_.L:1#issueCommand(&lt;function&gt;:124)&#xa;&#x9;at jdk.nashorn.internal.scripts.Script$Recompilation$44618$3841A$\^function\_.L:1#issueCommand(&lt;function&gt;:124)&#xa;&#x9;at jdk.nashorn.internal.scripts.Script$Recompilation$44618$3841A$\^function\_.L:1#issueCommand(&lt;function&gt;:124)&#xa;&#x9;at jdk.nashorn.internal.scripts.Script$Recompilation$44618$3841A$\^function\_.L:1#issueCommand(&lt;function&gt;:124)&#xa;&#x9;at jdk.nashorn.internal.scripts.Script$Recompilation$44618$3841A$\^function\_.L:1#issueCommand(&lt;function&gt;:124)&#xa;&#x9;at jdk.nashorn.internal.scripts.Script$Recompilation$44618$3841A$\^function\_.L:1#issueCommand(&lt;function&gt;:124)&#xa;&#x9;at jdk.nashorn.internal.scripts.Script$Recompilation$44618$3841A$\^function\_.L:1#issueCommand(&lt;function&gt;:124)&#xa;&#x9;at jdk.nashorn.internal.scripts.Script$Recompilation$44618$3841A$\^function\_.L:1#issueCommand(&lt;function&gt;:124)&#xa;&#x9;at jdk.nashorn.internal.scripts.Script$Recompilation$44618$3841A$\^function\_.L:1#issueCommand(&lt;function&gt;:124)&#xa;&#x9;at jdk.nashorn.internal.scripts.Script$Recompilation$44618$3841A$\^function\_.L:1#issueCommand(&lt;function&gt;:124)&#xa;&#x9;at jdk.nashorn.internal.scripts.Script$Recompilation$44618$3841A$\^function\_.L:1#issueCommand(&lt;function&gt;:124)&#xa;&#x9;at jdk.nashorn.internal.scripts.Script$Recompilation$44618$3841A$\^function\_.L:1#issueCommand(&lt;function&gt;:124)&#xa;&#x9;at jdk.nashorn.internal.scripts.Script$Recompilation$44618$3841A$\^function\_.L:1#issueCommand(&lt;function&gt;:124)&#xa;&#x9;at jdk.nashorn.internal.scripts.Script$Recompilation$44618$3841A$\^function\_.L:1#issueCommand(&lt;function&gt;:124)&#xa;&#x9;at jdk.nashorn.internal.scripts.Script$Recompilation$44618$3841A$\^function\_.L:1#issueCommand(&lt;function&gt;:124)&#xa;&#x9;at jdk.nashorn.internal.scripts.Script$Recompilation$44618$3841A$\^function\_.L:1#issueCommand(&lt;function&gt;:124)&#xa;&#x9;at jdk.nashorn.internal.scripts.Script$Recompilation$44618$3841A$\^function\_.L:1#issueCommand(&lt;function&gt;:124)&#xa;&#x9;at jdk.nashorn.internal.scripts.Script$Recompilation$44618$3841A$\^function\_.L:1#issueCommand(&lt;function&gt;:124)&#xa;&#x9;at jdk.nashorn.internal.scripts.Script$Recompilation$44618$3841A$\^function\_.L:1#issueCommand(&lt;function&gt;:124)&#xa;&#x9;at jdk.nashorn.internal.scripts.Script$Recompilation$44618$3841A$\^function\_.L:1#issueCommand(&lt;function&gt;:124)&#xa;&#x9;at jdk.nashorn.internal.scripts.Script$Recompilation$44618$3841A$\^function\_.L:1#issueCommand(&lt;function&gt;:124)&#xa;&#x9;at jdk.nashorn.internal.scripts.Script$Recompilation$44618$3841A$\^function\_.L:1#issueCommand(&lt;function&gt;:124)&#xa;&#x9;at jdk.nashorn.internal.scripts.Script$Recompilation$44618$3841A$\^function\_.L:1#issueCommand(&lt;function&gt;:124)&#xa;&#x9;at jdk.nashorn.internal.scripts.Script$Recompilation$44618$3841A$\^function\_.L:1#issueCommand(&lt;function&gt;:124)&#xa;&#x9;at jdk.nashorn.internal.scripts.Script$Recompilation$44618$3841A$\^function\_.L:1#issueCommand(&lt;function&gt;:124)&#xa;&#x9;at jdk.nashorn.internal.scripts.Script$Recompilation$44618$3841A$\^function\_.L:1#issueCommand(&lt;function&gt;:124)&#xa;&#x9;at jdk.nashorn.internal.scripts.Script$Recompilation$44618$3841A$\^function\_.L:1#issueCommand(&lt;function&gt;:124)&#xa;&#x9;at jdk.nashorn.internal.scripts.Script$Recompilation$44618$3841A$\^function\_.L:1#issueCommand(&lt;function&gt;:124)&#xa;&#x9;at jdk.nashorn.internal.scripts.Script$Recompilation$44618$3841A$\^function\_.L:1#issueCommand(&lt;function&gt;:124)&#xa;&#x9;at jdk.nashorn.internal.scripts.Script$Recompilation$44618$3841A$\^function\_.L:1#issueCommand(&lt;function&gt;:124)&#xa;&#x9;at jdk.nashorn.internal.scripts.Script$Recompilation$44618$3841A$\^function\_.L:1#issueCommand(&lt;function&gt;:124)&#xa;&#x9;at jdk.nashorn.internal.scripts.Script$Recompilation$44618$3841A$\^function\_.L:1#issueCommand(&lt;function&gt;:124)&#xa;&#x9;at jdk.nashorn.internal.scripts.Script$Recompilation$44618$3841A$\^function\_.L:1#issueCommand(&lt;function&gt;:124)&#xa;&#x9;at jdk.nashorn.internal.scripts.Script$Recompilation$44618$3841A$\^function\_.L:1#issueCommand(&lt;function&gt;:124)&#xa;&#x9;at jdk.nashorn.internal.scripts.Script$Recompilation$44618$3841A$\^function\_.L:1#issueCommand(&lt;function&gt;:124)&#xa;&#x9;at jdk.nashorn.internal.scripts.Script$Recompilation$44618$3841A$\^function\_.L:1#issueCommand(&lt;function&gt;:124)&#xa;&#x9;at jdk.nashorn.internal.scripts.Script$Recompilation$44618$3841A$\^function\_.L:1#issueCommand(&lt;function&gt;:124)&#xa;&#x9;at jdk.nashorn.internal.scripts.Script$Recompilation$44618$3841A$\^function\_.L:1#issueCommand(&lt;function&gt;:124)&#xa;&#x9;at jdk.nashorn.internal.scripts.Script$Recompilation$44618$3841A$\^function\_.L:1#issueCommand(&lt;function&gt;:124)&#xa;&#x9;at jdk.nashorn.internal.scripts.Script$Recompilation$44618$3841A$\^function\_.L:1#issueCommand(&lt;function&gt;:124)&#xa;&#x9;at jdk.nashorn.internal.scripts.Script$Recompilation$44618$3841A$\^function\_.L:1#issueCommand(&lt;function&gt;:124)&#xa;&#x9;at jdk.nashorn.internal.scripts.Script$Recompilation$44618$3841A$\^function\_.L:1#issueCommand(&lt;function&gt;:124)&#xa;&#x9;at jdk.nashorn.internal.scripts.Script$Recompilation$44618$3841A$\^function\_.L:1#issueCommand(&lt;function&gt;:124)&#xa;&#x9;at jdk.nashorn.internal.scripts.Script$Recompilation$44618$3841A$\^function\_.L:1#issueCommand(&lt;function&gt;:124)&#xa;&#x9;at jdk.nashorn.internal.scripts.Script$Recompilation$44618$3841A$\^function\_.L:1#issueCommand(&lt;function&gt;:124)&#xa;&#x9;at jdk.nashorn.internal.scripts.Script$Recompilation$44618$3841A$\^function\_.L:1#issueCommand(&lt;function&gt;:124)&#xa;&#x9;at jdk.nashorn.internal.scripts.Script$Recompilation$44618$3841A$\^function\_.L:1#issueCommand(&lt;function&gt;:124)&#xa;&#x9;at jdk.nashorn.internal.scripts.Script$Recompilation$44618$3841A$\^function\_.L:1#issueCommand(&lt;function&gt;:124)&#xa;&#x9;at jdk.nashorn.internal.scripts.Script$Recompilation$44618$3841A$\^function\_.L:1#issueCommand(&lt;function&gt;:124)&#xa;&#x9;at jdk.nashorn.internal.scripts.Script$Recompilation$44618$3841A$\^function\_.L:1#issueCommand(&lt;function&gt;:124)&#xa;&#x9;at jdk.nashorn.internal.scripts.Script$Recompilation$44618$3841A$\^function\_.L:1#issueCommand(&lt;function&gt;:124)&#xa;&#x9;at jdk.nashorn.internal.scripts.Script$Recompilation$44618$3841A$\^function\_.L:1#issueCommand(&lt;function&gt;:124)&#xa;&#x9;at jdk.nashorn.internal.scripts.Script$Recompilation$44618$3841A$\^function\_.L:1#issueCommand(&lt;function&gt;:124)&#xa;&#x9;at jdk.nashorn.internal.scripts.Script$Recompilation$44618$3841A$\^function\_.L:1#issueCommand(&lt;function&gt;:124)&#xa;&#x9;at jdk.nashorn.internal.scripts.Script$Recompilation$44618$3841A$\^function\_.L:1#issueCommand(&lt;function&gt;:124)&#xa;&#x9;at jdk.nashorn.internal.scripts.Script$Recompilation$44618$3841A$\^function\_.L:1#issueCommand(&lt;function&gt;:124)&#xa;&#x9;at jdk.nashorn.internal.scripts.Script$Recompilation$44618$3841A$\^function\_.L:1#issueCommand(&lt;function&gt;:124)&#xa;&#x9;at jdk.nashorn.internal.scripts.Script$Recompilation$44618$3841A$\^function\_.L:1#issueCommand(&lt;function&gt;:124)&#xa;&#x9;at jdk.nashorn.internal.scripts.Script$Recompilation$44618$3841A$\^function\_.L:1#issueCommand(&lt;function&gt;:124)&#xa;&#x9;at jdk.nashorn.internal.scripts.Script$Recompilation$44618$3841A$\^function\_.L:1#issueCommand(&lt;function&gt;:124)&#xa;&#x9;at jdk.nashorn.internal.scripts.Script$Recompilation$44618$3841A$\^function\_.L:1#issueCommand(&lt;function&gt;:124)&#xa;&#x9;at jdk.nashorn.internal.scripts.Script$Recompilation$44618$3841A$\^function\_.L:1#issueCommand(&lt;function&gt;:124)&#xa;&#x9;at jdk.nashorn.internal.scripts.Script$Recompilation$44618$3841A$\^function\_.L:1#issueCommand(&lt;function&gt;:124)&#xa;&#x9;at jdk.nashorn.internal.scripts.Script$Recompilation$44618$3841A$\^function\_.L:1#issueCommand(&lt;function&gt;:124)&#xa;&#x9;at jdk.nashorn.internal.scripts.Script$Recompilation$44618$3841A$\^function\_.L:1#issueCommand(&lt;function&gt;:124)&#xa;&#x9;at jdk.nashorn.internal.scripts.Script$Recompilation$44618$3841A$\^function\_.L:1#issueCommand(&lt;function&gt;:124)&#xa;&#x9;at jdk.nashorn.internal.scripts.Script$Recompilation$44618$3841A$\^function\_.L:1#issueCommand(&lt;function&gt;:124)&#xa;&#x9;at jdk.nashorn.internal.scripts.Script$Recompilation$44618$3841A$\^function\_.L:1#issueCommand(&lt;function&gt;:124)&#xa;&#x9;at jdk.nashorn.internal.scripts.Script$Recompilation$44618$3841A$\^function\_.L:1#issueCommand(&lt;function&gt;:124)&#xa;&#x9;at jdk.nashorn.internal.scripts.Script$Recompilation$44618$3841A$\^function\_.L:1#issueCommand(&lt;function&gt;:124)&#xa;&#x9;at jdk.nashorn.internal.scripts.Script$Recompilation$44618$3841A$\^function\_.L:1#issueCommand(&lt;function&gt;:124)&#xa;&#x9;at jdk.nashorn.internal.scripts.Script$Recompilation$44618$3841A$\^function\_.L:1#issueCommand(&lt;function&gt;:124)&#xa;&#x9;at jdk.nashorn.internal.scripts.Script$Recompilation$44618$3841A$\^function\_.L:1#issueCommand(&lt;function&gt;:124)&#xa;&#x9;at jdk.nashorn.internal.scripts.Script$Recompilation$44618$3841A$\^function\_.L:1#issueCommand(&lt;function&gt;:124)&#xa;&#x9;at jdk.nashorn.internal.scripts.Script$Recompilation$44618$3841A$\^function\_.L:1#issueCommand(&lt;function&gt;:124)&#xa;&#x9;at jdk.nashorn.internal.scripts.Script$Recompilation$44618$3841A$\^function\_.L:1#issueCommand(&lt;function&gt;:124)&#xa;&#x9;at jdk.nashorn.internal.scripts.Script$Recompilation$44618$3841A$\^function\_.L:1#issueCommand(&lt;function&gt;:124)&#xa;&#x9;at jdk.nashorn.internal.scripts.Script$Recompilation$44618$3841A$\^function\_.L:1#issueCommand(&lt;function&gt;:124)&#xa;&#x9;at jdk.nashorn.internal.scripts.Script$Recompilation$44618$3841A$\^function\_.L:1#issueCommand(&lt;function&gt;:124)&#xa;&#x9;at jdk.nashorn.internal.scripts.Script$Recompilation$44618$3841A$\^function\_.L:1#issueCommand(&lt;function&gt;:124)&#xa;&#x9;at jdk.nashorn.internal.scripts.Script$Recompilation$44618$3841A$\^function\_.L:1#issueCommand(&lt;function&gt;:124)&#xa;&#x9;at jdk.nashorn.internal.scripts.Script$Recompilation$44618$3841A$\^function\_.L:1#issueCommand(&lt;function&gt;:124)&#xa;&#x9;at jdk.nashorn.internal.scripts.Script$Recompilation$44618$3841A$\^function\_.L:1#issueCommand(&lt;function&gt;:124)&#xa;&#x9;at jdk.nashorn.internal.scripts.Script$Recompilation$44618$3841A$\^function\_.L:1#issueCommand(&lt;function&gt;:124)&#xa;&#x9;at jdk.nashorn.internal.scripts.Script$Recompilation$44618$3841A$\^function\_.L:1#issueCommand(&lt;function&gt;:124)&#xa;&#x9;at jdk.nashorn.internal.scripts.Script$Recompilation$44618$3841A$\^function\_.L:1#issueCommand(&lt;function&gt;:124)&#xa;&#x9;at jdk.nashorn.internal.scripts.Script$Recompilation$44618$3841A$\^function\_.L:1#issueCommand(&lt;function&gt;:124)&#xa;&#x9;at jdk.nashorn.internal.scripts.Script$Recompilation$44618$3841A$\^function\_.L:1#issueCommand(&lt;function&gt;:124)&#xa;&#x9;at jdk.nashorn.internal.scripts.Script$Recompilation$44618$3841A$\^function\_.L:1#issueCommand(&lt;function&gt;:124)&#xa;&#x9;at jdk.nashorn.internal.scripts.Script$Recompilation$44618$3841A$\^function\_.L:1#issueCommand(&lt;function&gt;:124)&#xa;&#x9;at jdk.nashorn.internal.scripts.Script$Recompilation$44618$3841A$\^function\_.L:1#issueCommand(&lt;function&gt;:124)&#xa;&#x9;at jdk.nashorn.internal.scripts.Script$Recompilation$44618$3841A$\^function\_.L:1#issueCommand(&lt;function&gt;:124)&#xa;&#x9;at jdk.nashorn.internal.scripts.Script$Recompilation$44618$3841A$\^function\_.L:1#issueCommand(&lt;function&gt;:124)&#xa;&#x9;at jdk.nashorn.internal.scripts.Script$Recompilation$44618$3841A$\^function\_.L:1#issueCommand(&lt;function&gt;:124)&#xa;&#x9;at jdk.nashorn.internal.scripts.Script$Recompilation$44618$3841A$\^function\_.L:1#issueCommand(&lt;function&gt;:124)&#xa;&#x9;at jdk.nashorn.internal.scripts.Script$Recompilation$44618$3841A$\^function\_.L:1#issueCommand(&lt;function&gt;:124)&#xa;&#x9;at jdk.nashorn.internal.scripts.Script$Recompilation$44618$3841A$\^function\_.L:1#issueCommand(&lt;function&gt;:124)&#xa;&#x9;at jdk.nashorn.internal.scripts.Script$Recompilation$44618$3841A$\^function\_.L:1#issueCommand(&lt;function&gt;:124)&#xa;&#x9;at jdk.nashorn.internal.scripts.Script$Recompilation$44618$3841A$\^function\_.L:1#issueCommand(&lt;function&gt;:124)&#xa;&#x9;at jdk.nashorn.internal.scripts.Script$Recompilation$44618$3841A$\^function\_.L:1#issueCommand(&lt;function&gt;:124)&#xa;&#x9;at jdk.nashorn.internal.scripts.Script$Recompilation$44618$3841A$\^function\_.L:1#issueCommand(&lt;function&gt;:124)&#xa;&#x9;at jdk.nashorn.internal.scripts.Script$Recompilation$44618$3841A$\^function\_.L:1#issueCommand(&lt;function&gt;:124)&#xa;&#x9;at jdk.nashorn.internal.scripts.Script$Recompilation$44618$3841A$\^function\_.L:1#issueCommand(&lt;function&gt;:124)&#xa;&#x9;at jdk.nashorn.internal.scripts.Script$Recompilation$44618$3841A$\^function\_.L:1#issueCommand(&lt;function&gt;:124)&#xa;&#x9;at jdk.nashorn.internal.scripts.Script$Recompilation$44618$3841A$\^function\_.L:1#issueCommand(&lt;function&gt;:124)&#xa;&#x9;at jdk.nashorn.internal.scripts.Script$Recompilation$44618$3841A$\^function\_.L:1#issueCommand(&lt;function&gt;:124)&#xa;&#x9;at jdk.nashorn.internal.scripts.Script$Recompilation$44618$3841A$\^function\_.L:1#issueCommand(&lt;function&gt;:124)&#xa;&#x9;at jdk.nashorn.internal.scripts.Script$Recompilation$44618$3841A$\^function\_.L:1#issueCommand(&lt;function&gt;:124)&#xa;&#x9;at jdk.nashorn.internal.scripts.Script$Recompilation$44618$3841A$\^function\_.L:1#issueCommand(&lt;function&gt;:124)&#xa;&#x9;at jdk.nashorn.internal.scripts.Script$Recompilation$44618$3841A$\^function\_.L:1#issueCommand(&lt;function&gt;:124)&#xa;&#x9;at jdk.nashorn.internal.scripts.Script$Recompilation$44618$3841A$\^function\_.L:1#issueCommand(&lt;function&gt;:124)&#xa;&#x9;at jdk.nashorn.internal.scripts.Script$Recompilation$44618$3841A$\^function\_.L:1#issueCommand(&lt;function&gt;:124)&#xa;&#x9;at jdk.nashorn.internal.scripts.Script$Recompilation$44618$3841A$\^function\_.L:1#issueCommand(&lt;function&gt;:124)&#xa;&#x9;at jdk.nashorn.internal.scripts.Script$Recompilation$44618$3841A$\^function\_.L:1#issueCommand(&lt;function&gt;:124)&#xa;&#x9;at jdk.nashorn.internal.scripts.Script$Recompilation$44618$3841A$\^function\_.L:1#issueCommand(&lt;function&gt;:124)&#xa;&#x9;at jdk.nashorn.internal.scripts.Script$Recompilation$44618$3841A$\^function\_.L:1#issueCommand(&lt;function&gt;:124)&#xa;&#x9;at jdk.nashorn.internal.scripts.Script$Recompilation$44618$3841A$\^function\_.L:1#issueCommand(&lt;function&gt;:124)&#xa;&#x9;at jdk.nashorn.internal.scripts.Script$Recompilation$44618$3841A$\^function\_.L:1#issueCommand(&lt;function&gt;:124)&#xa;&#x9;at jdk.nashorn.internal.scripts.Script$Recompilation$44618$3841A$\^function\_.L:1#issueCommand(&lt;function&gt;:124)&#xa;&#x9;at jdk.nashorn.internal.scripts.Script$Recompilation$44618$3841A$\^function\_.L:1#issueCommand(&lt;function&gt;:124)&#xa;&#x9;at jdk.nashorn.internal.scripts.Script$Recompilation$44618$3841A$\^function\_.L:1#issueCommand(&lt;function&gt;:124)&#xa;&#x9;at jdk.nashorn.internal.scripts.Script$Recompilation$44618$3841A$\^function\_.L:1#issueCommand(&lt;function&gt;:124)&#xa;&#x9;at jdk.nashorn.internal.scripts.Script$Recompilation$44618$3841A$\^function\_.L:1#issueCommand(&lt;function&gt;:124)&#xa;&#x9;at jdk.nashorn.internal.scripts.Script$Recompilation$44618$3841A$\^function\_.L:1#issueCommand(&lt;function&gt;:124)&#xa;&#x9;at jdk.nashorn.internal.scripts.Script$Recompilation$44618$3841A$\^function\_.L:1#issueCommand(&lt;function&gt;:124)&#xa;&#x9;at jdk.nashorn.internal.scripts.Script$Recompilation$44618$3841A$\^function\_.L:1#issueCommand(&lt;function&gt;:124)&#xa;&#x9;at jdk.nashorn.internal.scripts.Script$Recompilation$44618$3841A$\^function\_.L:1#issueCommand(&lt;function&gt;:124)&#xa;&#x9;at jdk.nashorn.internal.scripts.Script$Recompilation$44618$3841A$\^function\_.L:1#issueCommand(&lt;function&gt;:124)&#xa;&#x9;at jdk.nashorn.internal.scripts.Script$Recompilation$44618$3841A$\^function\_.L:1#issueCommand(&lt;function&gt;:124)&#xa;&#x9;at jdk.nashorn.internal.scripts.Script$Recompilation$44618$3841A$\^function\_.L:1#issueCommand(&lt;function&gt;:124)&#xa;&#x9;at jdk.nashorn.internal.scripts.Script$Recompilation$44618$3841A$\^function\_.L:1#issueCommand(&lt;function&gt;:124)&#xa;&#x9;at jdk.nashorn.internal.scripts.Script$Recompilation$44618$3841A$\^function\_.L:1#issueCommand(&lt;function&gt;:124)&#xa;&#x9;at jdk.nashorn.internal.scripts.Script$Recompilation$44618$3841A$\^function\_.L:1#issueCommand(&lt;function&gt;:124)&#xa;&#x9;at jdk.nashorn.internal.scripts.Script$Recompilation$44618$3841A$\^function\_.L:1#issueCommand(&lt;function&gt;:124)&#xa;&#x9;at jdk.nashorn.internal.scripts.Script$Recompilation$44618$3841A$\^function\_.L:1#issueCommand(&lt;function&gt;:124)&#xa;&#x9;at jdk.nashorn.internal.scripts.Script$Recompilation$44618$3841A$\^function\_.L:1#issueCommand(&lt;function&gt;:124)&#xa;&#x9;at jdk.nashorn.internal.scripts.Script$Recompilation$44618$3841A$\^function\_.L:1#issueCommand(&lt;function&gt;:124)&#xa;&#x9;at jdk.nashorn.internal.scripts.Script$Recompilation$44618$3841A$\^function\_.L:1#issueCommand(&lt;function&gt;:124)&#xa;&#x9;at jdk.nashorn.internal.scripts.Script$Recompilation$44618$3841A$\^function\_.L:1#issueCommand(&lt;function&gt;:124)&#xa;&#x9;at jdk.nashorn.internal.scripts.Script$Recompilation$44618$3841A$\^function\_.L:1#issueCommand(&lt;function&gt;:124)&#xa;&#x9;at jdk.nashorn.internal.scripts.Script$Recompilation$44618$3841A$\^function\_.L:1#issueCommand(&lt;function&gt;:124)&#xa;&#x9;at jdk.nashorn.internal.scripts.Script$Recompilation$44618$3841A$\^function\_.L:1#issueCommand(&lt;function&gt;:124)&#xa;&#x9;at jdk.nashorn.internal.scripts.Script$Recompilation$44618$3841A$\^function\_.L:1#issueCommand(&lt;function&gt;:124)&#xa;&#x9;at jdk.nashorn.internal.scripts.Script$Recompilation$44618$3841A$\^function\_.L:1#issueCommand(&lt;function&gt;:124)&#xa;&#x9;at jdk.nashorn.internal.scripts.Script$Recompilation$44618$3841A$\^function\_.L:1#issueCommand(&lt;function&gt;:124)&#xa;&#x9;at jdk.nashorn.internal.scripts.Script$Recompilation$44618$3841A$\^function\_.L:1#issueCommand(&lt;function&gt;:124)&#xa;&#x9;at jdk.nashorn.internal.scripts.Script$Recompilation$44618$3841A$\^function\_.L:1#issueCommand(&lt;function&gt;:124)&#xa;&#x9;at jdk.nashorn.internal.scripts.Script$Recompilation$44618$3841A$\^function\_.L:1#issueCommand(&lt;function&gt;:124)&#xa;&#x9;at jdk.nashorn.internal.scripts.Script$Recompilation$44618$3841A$\^function\_.L:1#issueCommand(&lt;function&gt;:124)&#xa;&#x9;at jdk.nashorn.internal.scripts.Script$Recompilation$44618$3841A$\^function\_.L:1#issueCommand(&lt;function&gt;:124)&#xa;&#x9;at jdk.nashorn.internal.scripts.Script$Recompilation$44618$3841A$\^function\_.L:1#issueCommand(&lt;function&gt;:124)&#xa;&#x9;at jdk.nashorn.internal.scripts.Script$Recompilation$44618$3841A$\^function\_.L:1#issueCommand(&lt;function&gt;:124)&#xa;&#x9;at jdk.nashorn.internal.scripts.Script$Recompilation$44618$3841A$\^function\_.L:1#issueCommand(&lt;function&gt;:124)&#xa;&#x9;at jdk.nashorn.internal.scripts.Script$Recompilation$44618$3841A$\^function\_.L:1#issueCommand(&lt;function&gt;:124)&#xa;&#x9;at jdk.nashorn.internal.scripts.Script$Recompilation$44618$3841A$\^function\_.L:1#issueCommand(&lt;function&gt;:124)&#xa;&#x9;at jdk.nashorn.internal.scripts.Script$Recompilation$44618$3841A$\^function\_.L:1#issueCommand(&lt;function&gt;:124)&#xa;&#x9;at jdk.nashorn.internal.scripts.Script$Recompilation$44618$3841A$\^function\_.L:1#issueCommand(&lt;function&gt;:124)&#xa;&#x9;at jdk.nashorn.internal.scripts.Script$Recompilation$44618$3841A$\^function\_.L:1#issueCommand(&lt;function&gt;:124)&#xa;&#x9;at jdk.nashorn.internal.scripts.Script$Recompilation$44618$3841A$\^function\_.L:1#issueCommand(&lt;function&gt;:124)&#xa;&#x9;at jdk.nashorn.internal.scripts.Script$Recompilation$44618$3841A$\^function\_.L:1#issueCommand(&lt;function&gt;:124)&#xa;&#x9;at jdk.nashorn.internal.scripts.Script$Recompilation$44618$3841A$\^function\_.L:1#issueCommand(&lt;function&gt;:124)&#xa;&#x9;at jdk.nashorn.internal.scripts.Script$Recompilation$44618$3841A$\^function\_.L:1#issueCommand(&lt;function&gt;:124)&#xa;&#x9;at jdk.nashorn.internal.scripts.Script$Recompilation$44618$3841A$\^function\_.L:1#issueCommand(&lt;function&gt;:124)&#xa;&#x9;at jdk.nashorn.internal.scripts.Script$Recompilation$44618$3841A$\^function\_.L:1#issueCommand(&lt;function&gt;:124)&#xa;&#x9;at jdk.nashorn.internal.scripts.Script$Recompilation$44618$3841A$\^function\_.L:1#issueCommand(&lt;function&gt;:124)&#xa;&#x9;at jdk.nashorn.internal.scripts.Script$Recompilation$44618$3841A$\^function\_.L:1#issueCommand(&lt;function&gt;:124)&#xa;&#x9;at jdk.nashorn.internal.scripts.Script$Recompilation$44618$3841A$\^function\_.L:1#issueCommand(&lt;function&gt;:124)&#xa;&#x9;at jdk.nashorn.internal.scripts.Script$Recompilation$44618$3841A$\^function\_.L:1#issueCommand(&lt;function&gt;:124)&#xa;&#x9;at jdk.nashorn.internal.scripts.Script$Recompilation$44618$3841A$\^function\_.L:1#issueCommand(&lt;function&gt;:124)&#xa;&#x9;at jdk.nashorn.internal.scripts.Script$Recompilation$44618$3841A$\^function\_.L:1#issueCommand(&lt;function&gt;:124)&#xa;&#x9;at jdk.nashorn.internal.scripts.Script$Recompilation$44618$3841A$\^function\_.L:1#issueCommand(&lt;function&gt;:124)&#xa;&#x9;at jdk.nashorn.internal.scripts.Script$Recompilation$44618$3841A$\^function\_.L:1#issueCommand(&lt;function&gt;:124)&#xa;&#x9;at jdk.nashorn.internal.scripts.Script$Recompilation$44618$3841A$\^function\_.L:1#issueCommand(&lt;function&gt;:124)&#xa;&#x9;at jdk.nashorn.internal.scripts.Script$Recompilation$44618$3841A$\^function\_.L:1#issueCommand(&lt;function&gt;:124)&#xa;&#x9;at jdk.nashorn.internal.scripts.Script$Recompilation$44618$3841A$\^function\_.L:1#issueCommand(&lt;function&gt;:124)&#xa;&#x9;at jdk.nashorn.internal.scripts.Script$Recompilation$44618$3841A$\^function\_.L:1#issueCommand(&lt;function&gt;:124)&#xa;&#x9;at jdk.nashorn.internal.scripts.Script$Recompilation$44618$3841A$\^function\_.L:1#issueCommand(&lt;function&gt;:124)&#xa;&#x9;at jdk.nashorn.internal.scripts.Script$Recompilation$44618$3841A$\^function\_.L:1#issueCommand(&lt;function&gt;:124)&#xa;&#x9;at jdk.nashorn.internal.scripts.Script$Recompilation$44618$3841A$\^function\_.L:1#issueCommand(&lt;function&gt;:124)&#xa;&#x9;at jdk.nashorn.internal.scripts.Script$Recompilation$44618$3841A$\^function\_.L:1#issueCommand(&lt;function&gt;:124)&#xa;&#x9;at jdk.nashorn.internal.scripts.Script$Recompilation$44618$3841A$\^function\_.L:1#issueCommand(&lt;function&gt;:124)&#xa;&#x9;at jdk.nashorn.internal.scripts.Script$Recompilation$44618$3841A$\^function\_.L:1#issueCommand(&lt;function&gt;:124)&#xa;&#x9;at jdk.nashorn.internal.scripts.Script$Recompilation$44618$3841A$\^function\_.L:1#issueCommand(&lt;function&gt;:124)&#xa;&#x9;at jdk.nashorn.internal.scripts.Script$Recompilation$44618$3841A$\^function\_.L:1#issueCommand(&lt;function&gt;:124)&#xa;&#x9;at jdk.nashorn.internal.scripts.Script$Recompilation$44618$3841A$\^function\_.L:1#issueCommand(&lt;function&gt;:124)&#xa;&#x9;at jdk.nashorn.internal.scripts.Script$Recompilation$44618$3841A$\^function\_.L:1#issueCommand(&lt;function&gt;:124)&#xa;&#x9;at jdk.nashorn.internal.scripts.Script$Recompilation$44618$3841A$\^function\_.L:1#issueCommand(&lt;function&gt;:124)&#xa;&#x9;at jdk.nashorn.internal.scripts.Script$Recompilation$44618$3841A$\^function\_.L:1#issueCommand(&lt;function&gt;:124)&#xa;&#x9;at jdk.nashorn.internal.scripts.Script$Recompilation$44618$3841A$\^function\_.L:1#issueCommand(&lt;function&gt;:124)&#xa;&#x9;at jdk.nashorn.internal.scripts.Script$Recompilation$44618$3841A$\^function\_.L:1#issueCommand(&lt;function&gt;:124)&#xa;&#x9;at jdk.nashorn.internal.scripts.Script$Recompilation$44618$3841A$\^function\_.L:1#issueCommand(&lt;function&gt;:124)&#xa;&#x9;at jdk.nashorn.internal.scripts.Script$Recompilation$44618$3841A$\^function\_.L:1#issueCommand(&lt;function&gt;:124)&#xa;&#x9;at jdk.nashorn.internal.scripts.Script$Recompilation$44618$3841A$\^function\_.L:1#issueCommand(&lt;function&gt;:124)&#xa;&#x9;at jdk.nashorn.internal.scripts.Script$Recompilation$44618$3841A$\^function\_.L:1#issueCommand(&lt;function&gt;:124)&#xa;&#x9;at jdk.nashorn.internal.scripts.Script$Recompilation$44618$3841A$\^function\_.L:1#issueCommand(&lt;function&gt;:124)&#xa;&#x9;at jdk.nashorn.internal.scripts.Script$Recompilation$44618$3841A$\^function\_.L:1#issueCommand(&lt;function&gt;:124)&#xa;&#x9;at jdk.nashorn.internal.scripts.Script$Recompilation$44618$3841A$\^function\_.L:1#issueCommand(&lt;function&gt;:124)&#xa;&#x9;at jdk.nashorn.internal.scripts.Script$Recompilation$44618$3841A$\^function\_.L:1#issueCommand(&lt;function&gt;:124)&#xa;&#x9;at jdk.nashorn.internal.scripts.Script$Recompilation$44618$3841A$\^function\_.L:1#issueCommand(&lt;function&gt;:124)&#xa;&#x9;at jdk.nashorn.internal.scripts.Script$Recompilation$44618$3841A$\^function\_.L:1#issueCommand(&lt;function&gt;:124)&#xa;&#x9;at jdk.nashorn.internal.scripts.Script$Recompilation$44618$3841A$\^function\_.L:1#issueCommand(&lt;function&gt;:124)&#xa;&#x9;at jdk.nashorn.internal.scripts.Script$Recompilation$44618$3841A$\^function\_.L:1#issueCommand(&lt;function&gt;:124)&#xa;&#x9;at jdk.nashorn.internal.scripts.Script$Recompilation$44618$3841A$\^function\_.L:1#issueCommand(&lt;function&gt;:124)&#xa;&#x9;at jdk.nashorn.internal.scripts.Script$Recompilation$44618$3841A$\^function\_.L:1#issueCommand(&lt;function&gt;:124)&#xa;&#x9;at jdk.nashorn.internal.scripts.Script$Recompilation$44618$3841A$\^function\_.L:1#issueCommand(&lt;function&gt;:124)&#xa;&#x9;at jdk.nashorn.internal.scripts.Script$Recompilation$44618$3841A$\^function\_.L:1#issueCommand(&lt;function&gt;:124)&#xa;&#x9;at jdk.nashorn.internal.scripts.Script$Recompilation$44618$3841A$\^function\_.L:1#issueCommand(&lt;function&gt;:124)&#xa;&#x9;at jdk.nashorn.internal.scripts.Script$Recompilation$44618$3841A$\^function\_.L:1#issueCommand(&lt;function&gt;:124)&#xa;&#x9;at jdk.nashorn.internal.scripts.Script$Recompilation$44618$3841A$\^function\_.L:1#issueCommand(&lt;function&gt;:124)&#xa;&#x9;at jdk.nashorn.internal.scripts.Script$Recompilation$44618$3841A$\^function\_.L:1#issueCommand(&lt;function&gt;:124)&#xa;&#x9;at jdk.nashorn.internal.scripts.Script$Recompilation$44618$3841A$\^function\_.L:1#issueCommand(&lt;function&gt;:124)&#xa;&#x9;at jdk.nashorn.internal.scripts.Script$Recompilation$44618$3841A$\^function\_.L:1#issueCommand(&lt;function&gt;:124)&#xa;&#x9;at jdk.nashorn.internal.scripts.Script$Recompilation$44618$3841A$\^function\_.L:1#issueCommand(&lt;function&gt;:124)&#xa;&#x9;at jdk.nashorn.internal.scripts.Script$Recompilation$44618$3841A$\^function\_.L:1#issueCommand(&lt;function&gt;:124)&#xa;&#x9;at jdk.nashorn.internal.scripts.Script$Recompilation$44618$3841A$\^function\_.L:1#issueCommand(&lt;function&gt;:124)&#xa;&#x9;at jdk.nashorn.internal.scripts.Script$Recompilation$44618$3841A$\^function\_.L:1#issueCommand(&lt;function&gt;:124)&#xa;&#x9;at jdk.nashorn.internal.scripts.Script$Recompilation$44618$3841A$\^function\_.L:1#issueCommand(&lt;function&gt;:124)&#xa;&#x9;at jdk.nashorn.internal.scripts.Script$Recompilation$44618$3841A$\^function\_.L:1#issueCommand(&lt;function&gt;:124)&#xa;&#x9;at jdk.nashorn.internal.scripts.Script$Recompilation$44618$3841A$\^function\_.L:1#issueCommand(&lt;function&gt;:124)&#xa;&#x9;at jdk.nashorn.internal.scripts.Script$Recompilation$44618$3841A$\^function\_.L:1#issueCommand(&lt;function&gt;:124)&#xa;&#x9;at jdk.nashorn.internal.scripts.Script$Recompilation$44618$3841A$\^function\_.L:1#issueCommand(&lt;function&gt;:124)&#xa;&#x9;at jdk.nashorn.internal.scripts.Script$Recompilation$44618$3841A$\^function\_.L:1#issueCommand(&lt;function&gt;:124)&#xa;&#x9;at jdk.nashorn.internal.scripts.Script$Recompilation$44618$3841A$\^function\_.L:1#issueCommand(&lt;function&gt;:124)&#xa;&#x9;at jdk.nashorn.internal.scripts.Script$Recompilation$44618$3841A$\^function\_.L:1#issueCommand(&lt;function&gt;:124)&#xa;&#x9;at jdk.nashorn.internal.scripts.Script$Recompilation$44618$3841A$\^function\_.L:1#issueCommand(&lt;function&gt;:124)&#xa;&#x9;at jdk.nashorn.internal.scripts.Script$Recompilation$44618$3841A$\^function\_.L:1#issueCommand(&lt;function&gt;:124)&#xa;&#x9;at jdk.nashorn.internal.scripts.Script$Recompilation$44618$3841A$\^function\_.L:1#issueCommand(&lt;function&gt;:124)&#xa;&#x9;at jdk.nashorn.internal.scripts.Script$Recompilation$44618$3841A$\^function\_.L:1#issueCommand(&lt;function&gt;:124)&#xa;&#x9;at jdk.nashorn.internal.scripts.Script$Recompilation$44618$3841A$\^function\_.L:1#issueCommand(&lt;function&gt;:124)&#xa;&#x9;at jdk.nashorn.internal.scripts.Script$Recompilation$44618$3841A$\^function\_.L:1#issueCommand(&lt;function&gt;:124)&#xa;&#x9;at jdk.nashorn.internal.scripts.Script$Recompilation$44618$3841A$\^function\_.L:1#issueCommand(&lt;function&gt;:124)&#xa;&#x9;at jdk.nashorn.internal.scripts.Script$Recompilation$44618$3841A$\^function\_.L:1#issueCommand(&lt;function&gt;:124)&#xa;&#x9;at jdk.nashorn.internal.scripts.Script$Recompilation$44618$3841A$\^function\_.L:1#issueCommand(&lt;function&gt;:124)&#xa;&#x9;at jdk.nashorn.internal.scripts.Script$Recompilation$44618$3841A$\^function\_.L:1#issueCommand(&lt;function&gt;:124)&#xa;&#x9;at jdk.nashorn.internal.scripts.Script$Recompilation$44618$3841A$\^function\_.L:1#issueCommand(&lt;function&gt;:124)&#xa;&#x9;at jdk.nashorn.internal.scripts.Script$Recompilation$44618$3841A$\^function\_.L:1#issueCommand(&lt;function&gt;:124)&#xa;&#x9;at jdk.nashorn.internal.scripts.Script$Recompilation$44618$3841A$\^function\_.L:1#issueCommand(&lt;function&gt;:124)&#xa;&#x9;at jdk.nashorn.internal.scripts.Script$Recompilation$44618$3841A$\^function\_.L:1#issueCommand(&lt;function&gt;:124)&#xa;&#x9;at jdk.nashorn.internal.scripts.Script$Recompilation$44618$3841A$\^function\_.L:1#issueCommand(&lt;function&gt;:124)&#xa;&#x9;at jdk.nashorn.internal.scripts.Script$Recompilation$44618$3841A$\^function\_.L:1#issueCommand(&lt;function&gt;:124)&#xa;&#x9;at jdk.nashorn.internal.scripts.Script$Recompilation$44618$3841A$\^function\_.L:1#issueCommand(&lt;function&gt;:124)&#xa;&#x9;at jdk.nashorn.internal.scripts.Script$Recompilation$44618$3841A$\^function\_.L:1#issueCommand(&lt;function&gt;:124)&#xa;&#x9;at jdk.nashorn.internal.scripts.Script$Recompilation$44618$3841A$\^function\_.L:1#issueCommand(&lt;function&gt;:124)&#xa;&#x9;at jdk.nashorn.internal.scripts.Script$Recompilation$44618$3841A$\^function\_.L:1#issueCommand(&lt;function&gt;:124)&#xa;&#x9;at jdk.nashorn.internal.scripts.Script$Recompilation$44618$3841A$\^function\_.L:1#issueCommand(&lt;function&gt;:124)&#xa;&#x9;at jdk.nashorn.internal.scripts.Script$Recompilation$44618$3841A$\^function\_.L:1#issueCommand(&lt;function&gt;:124)&#xa;&#x9;at jdk.nashorn.internal.scripts.Script$Recompilation$44618$3841A$\^function\_.L:1#issueCommand(&lt;function&gt;:124)&#xa;&#x9;at jdk.nashorn.internal.scripts.Script$Recompilation$44618$3841A$\^function\_.L:1#issueCommand(&lt;function&gt;:124)&#xa;&#x9;at jdk.nashorn.internal.scripts.Script$Recompilation$44618$3841A$\^function\_.L:1#issueCommand(&lt;function&gt;:124)&#xa;&#x9;at jdk.nashorn.internal.scripts.Script$Recompilation$44618$3841A$\^function\_.L:1#issueCommand(&lt;function&gt;:124)&#xa;&#x9;at jdk.nashorn.internal.scripts.Script$Recompilation$44618$3841A$\^function\_.L:1#issueCommand(&lt;function&gt;:124)&#xa;&#x9;at jdk.nashorn.internal.scripts.Script$Recompilation$44618$3841A$\^function\_.L:1#issueCommand(&lt;function&gt;:124)&#xa;&#x9;at jdk.nashorn.internal.scripts.Script$Recompilation$44618$3841A$\^function\_.L:1#issueCommand(&lt;function&gt;:124)&#xa;&#x9;at jdk.nashorn.internal.scripts.Script$Recompilation$44618$3841A$\^function\_.L:1#issueCommand(&lt;function&gt;:124)&#xa;&#x9;at jdk.nashorn.internal.scripts.Script$Recompilation$44618$3841A$\^function\_.L:1#issueCommand(&lt;function&gt;:124)&#xa;&#x9;at jdk.nashorn.internal.scripts.Script$Recompilation$44618$3841A$\^function\_.L:1#issueCommand(&lt;function&gt;:124)&#xa;&#x9;at jdk.nashorn.internal.scripts.Script$Recompilation$44618$3841A$\^function\_.L:1#issueCommand(&lt;function&gt;:124)&#xa;&#x9;at jdk.nashorn.internal.scripts.Script$Recompilation$44618$3841A$\^function\_.L:1#issueCommand(&lt;function&gt;:124)&#xa;&#x9;at jdk.nashorn.internal.scripts.Script$Recompilation$44618$3841A$\^function\_.L:1#issueCommand(&lt;function&gt;:124)&#xa;&#x9;at jdk.nashorn.internal.scripts.Script$Recompilation$44618$3841A$\^function\_.L:1#issueCommand(&lt;function&gt;:124)&#xa;&#x9;at jdk.nashorn.internal.scripts.Script$Recompilation$44618$3841A$\^function\_.L:1#issueCommand(&lt;function&gt;:124)&#xa;&#x9;at jdk.nashorn.internal.scripts.Script$Recompilation$44618$3841A$\^function\_.L:1#issueCommand(&lt;function&gt;:124)&#xa;&#x9;at jdk.nashorn.internal.scripts.Script$Recompilation$44618$3841A$\^function\_.L:1#issueCommand(&lt;function&gt;:124)&#xa;&#x9;at jdk.nashorn.internal.scripts.Script$Recompilation$44618$3841A$\^function\_.L:1#issueCommand(&lt;function&gt;:124)&#xa;&#x9;at jdk.nashorn.internal.scripts.Script$Recompilation$44618$3841A$\^function\_.L:1#issueCommand(&lt;function&gt;:124)&#xa;&#x9;at jdk.nashorn.internal.scripts.Script$Recompilation$44618$3841A$\^function\_.L:1#issueCommand(&lt;function&gt;:124)&#xa;&#x9;at jdk.nashorn.internal.scripts.Script$Recompilation$44618$3841A$\^function\_.L:1#issueCommand(&lt;function&gt;:124)&#xa;&#x9;at jdk.nashorn.internal.scripts.Script$Recompilation$44618$3841A$\^function\_.L:1#issueCommand(&lt;function&gt;:124)&#xa;&#x9;at jdk.nashorn.internal.scripts.Script$Recompilation$44618$3841A$\^function\_.L:1#issueCommand(&lt;function&gt;:124)&#xa;&#x9;at jdk.nashorn.internal.scripts.Script$Recompilation$44618$3841A$\^function\_.L:1#issueCommand(&lt;function&gt;:124)&#xa;&#x9;at jdk.nashorn.internal.scripts.Script$Recompilation$44618$3841A$\^function\_.L:1#issueCommand(&lt;function&gt;:124)&#xa;&#x9;at jdk.nashorn.internal.scripts.Script$Recompilation$44618$3841A$\^function\_.L:1#issueCommand(&lt;function&gt;:124)&#xa;&#x9;at jdk.nashorn.internal.scripts.Script$Recompilation$44618$3841A$\^function\_.L:1#issueCommand(&lt;function&gt;:124)&#xa;&#x9;at jdk.nashorn.internal.scripts.Script$Recompilation$44618$3841A$\^function\_.L:1#issueCommand(&lt;function&gt;:124)&#xa;&#x9;at jdk.nashorn.internal.scripts.Script$Recompilation$44618$3841A$\^function\_.L:1#issueCommand(&lt;function&gt;:124)&#xa;&#x9;at jdk.nashorn.internal.scripts.Script$Recompilation$44618$3841A$\^function\_.L:1#issueCommand(&lt;function&gt;:124)&#xa;&#x9;at jdk.nashorn.internal.scripts.Script$Recompilation$44618$3841A$\^function\_.L:1#issueCommand(&lt;function&gt;:124)&#xa;&#x9;at jdk.nashorn.internal.scripts.Script$Recompilation$44618$3841A$\^function\_.L:1#issueCommand(&lt;function&gt;:124)&#xa;&#x9;at jdk.nashorn.internal.scripts.Script$Recompilation$44618$3841A$\^function\_.L:1#issueCommand(&lt;function&gt;:124)&#xa;&#x9;at jdk.nashorn.internal.scripts.Script$Recompilation$44618$3841A$\^function\_.L:1#issueCommand(&lt;function&gt;:124)&#xa;&#x9;at jdk.nashorn.internal.scripts.Script$Recompilation$44618$3841A$\^function\_.L:1#issueCommand(&lt;function&gt;:124)&#xa;&#x9;at jdk.nashorn.internal.scripts.Script$Recompilation$44618$3841A$\^function\_.L:1#issueCommand(&lt;function&gt;:124)&#xa;&#x9;at jdk.nashorn.internal.scripts.Script$Recompilation$44618$3841A$\^function\_.L:1#issueCommand(&lt;function&gt;:124)&#xa;&#x9;at jdk.nashorn.internal.scripts.Script$Recompilation$44618$3841A$\^function\_.L:1#issueCommand(&lt;function&gt;:124)&#xa;&#x9;at jdk.nashorn.internal.scripts.Script$Recompilation$44618$3841A$\^function\_.L:1#issueCommand(&lt;function&gt;:124)&#xa;&#x9;at jdk.nashorn.internal.scripts.Script$Recompilation$44618$3841A$\^function\_.L:1#issueCommand(&lt;function&gt;:124)&#xa;&#x9;at jdk.nashorn.internal.scripts.Script$Recompilation$44618$3841A$\^function\_.L:1#issueCommand(&lt;function&gt;:124)&#xa;&#x9;at jdk.nashorn.internal.scripts.Script$Recompilation$44618$3841A$\^function\_.L:1#issueCommand(&lt;function&gt;:124)&#xa;&#x9;at jdk.nashorn.internal.scripts.Script$Recompilation$44618$3841A$\^function\_.L:1#issueCommand(&lt;function&gt;:124)&#xa;&#x9;at jdk.nashorn.internal.scripts.Script$Recompilation$44618$3841A$\^function\_.L:1#issueCommand(&lt;function&gt;:124)&#xa;&#x9;at jdk.nashorn.internal.scripts.Script$Recompilation$44618$3841A$\^function\_.L:1#issueCommand(&lt;function&gt;:124)&#xa;&#x9;at jdk.nashorn.internal.scripts.Script$Recompilation$44618$3841A$\^function\_.L:1#issueCommand(&lt;function&gt;:124)&#xa;&#x9;at jdk.nashorn.internal.scripts.Script$Recompilation$44618$3841A$\^function\_.L:1#issueCommand(&lt;function&gt;:124)&#xa;&#x9;at jdk.nashorn.internal.scripts.Script$Recompilation$44618$3841A$\^function\_.L:1#issueCommand(&lt;function&gt;:124)&#xa;&#x9;at jdk.nashorn.internal.scripts.Script$Recompilation$44618$3841A$\^function\_.L:1#issueCommand(&lt;function&gt;:124)&#xa;&#x9;at jdk.nashorn.internal.scripts.Script$Recompilation$44618$3841A$\^function\_.L:1#issueCommand(&lt;function&gt;:124)&#xa;&#x9;at jdk.nashorn.internal.scripts.Script$Recompilation$44618$3841A$\^function\_.L:1#issueCommand(&lt;function&gt;:124)&#xa;&#x9;at jdk.nashorn.internal.scripts.Script$Recompilation$44618$3841A$\^function\_.L:1#issueCommand(&lt;function&gt;:124)&#xa;&#x9;at jdk.nashorn.internal.scripts.Script$Recompilation$44618$3841A$\^function\_.L:1#issueCommand(&lt;function&gt;:124)&#xa;&#x9;at jdk.nashorn.internal.scripts.Script$Recompilation$44618$3841A$\^function\_.L:1#issueCommand(&lt;function&gt;:124)&#xa;&#x9;at jdk.nashorn.internal.scripts.Script$Recompilation$44618$3841A$\^function\_.L:1#issueCommand(&lt;function&gt;:124)&#xa;&#x9;at jdk.nashorn.internal.scripts.Script$Recompilation$44618$3841A$\^function\_.L:1#issueCommand(&lt;function&gt;:124)&#xa;&#x9;at jdk.nashorn.internal.scripts.Script$Recompilation$44618$3841A$\^function\_.L:1#issueCommand(&lt;function&gt;:124)&#xa;&#x9;at jdk.nashorn.internal.scripts.Script$Recompilation$44618$3841A$\^function\_.L:1#issueCommand(&lt;function&gt;:124)&#xa;&#x9;at jdk.nashorn.internal.scripts.Script$Recompilation$44618$3841A$\^function\_.L:1#issueCommand(&lt;function&gt;:124)&#xa;&#x9;at jdk.nashorn.internal.scripts.Script$Recompilation$44618$3841A$\^function\_.L:1#issueCommand(&lt;function&gt;:124)&#xa;&#x9;at jdk.nashorn.internal.scripts.Script$Recompilation$44618$3841A$\^function\_.L:1#issueCommand(&lt;function&gt;:124)&#xa;&#x9;at jdk.nashorn.internal.scripts.Script$Recompilation$44618$3841A$\^function\_.L:1#issueCommand(&lt;function&gt;:124)&#xa;&#x9;at jdk.nashorn.internal.scripts.Script$Recompilation$44618$3841A$\^function\_.L:1#issueCommand(&lt;function&gt;:124)&#xa;&#x9;at jdk.nashorn.internal.scripts.Script$Recompilation$44618$3841A$\^function\_.L:1#issueCommand(&lt;function&gt;:124)&#xa;&#x9;at jdk.nashorn.internal.scripts.Script$Recompilation$44618$3841A$\^function\_.L:1#issueCommand(&lt;function&gt;:124)&#xa;&#x9;at jdk.nashorn.internal.scripts.Script$Recompilation$44618$3841A$\^function\_.L:1#issueCommand(&lt;function&gt;:124)&#xa;&#x9;at jdk.nashorn.internal.scripts.Script$Recompilation$44618$3841A$\^function\_.L:1#issueCommand(&lt;function&gt;:124)&#xa;&#x9;at jdk.nashorn.internal.scripts.Script$Recompilation$44618$3841A$\^function\_.L:1#issueCommand(&lt;function&gt;:124)&#xa;&#x9;at jdk.nashorn.internal.scripts.Script$Recompilation$44618$3841A$\^function\_.L:1#issueCommand(&lt;function&gt;:124)&#xa;&#x9;at jdk.nashorn.internal.scripts.Script$Recompilation$44618$3841A$\^function\_.L:1#issueCommand(&lt;function&gt;:124)&#xa;&#x9;at jdk.nashorn.internal.scripts.Script$Recompilation$44618$3841A$\^function\_.L:1#issueCommand(&lt;function&gt;:124)&#xa;&#x9;at jdk.nashorn.internal.scripts.Script$Recompilation$44618$3841A$\^function\_.L:1#issueCommand(&lt;function&gt;:124)&#xa;&#x9;at jdk.nashorn.internal.scripts.Script$Recompilation$44618$3841A$\^function\_.L:1#issueCommand(&lt;function&gt;:124)&#xa;&#x9;at jdk.nashorn.internal.scripts.Script$Recompilation$44618$3841A$\^function\_.L:1#issueCommand(&lt;function&gt;:124)&#xa;&#x9;at jdk.nashorn.internal.scripts.Script$Recompilation$44618$3841A$\^function\_.L:1#issueCommand(&lt;function&gt;:124)&#xa;&#x9;at jdk.nashorn.internal.scripts.Script$Recompilation$44618$3841A$\^function\_.L:1#issueCommand(&lt;function&gt;:124)&#xa;&#x9;at jdk.nashorn.internal.scripts.Script$Recompilation$44618$3841A$\^function\_.L:1#issueCommand(&lt;function&gt;:124)&#xa;&#x9;at jdk.nashorn.internal.scripts.Script$Recompilation$44618$3841A$\^function\_.L:1#issueCommand(&lt;function&gt;:124)&#xa;&#x9;at jdk.nashorn.internal.scripts.Script$Recompilation$44618$3841A$\^function\_.L:1#issueCommand(&lt;function&gt;:124)&#xa;&#x9;at jdk.nashorn.internal.scripts.Script$Recompilation$44618$3841A$\^function\_.L:1#issueCommand(&lt;function&gt;:124)&#xa;&#x9;at jdk.nashorn.internal.scripts.Script$Recompilation$44618$3841A$\^function\_.L:1#issueCommand(&lt;function&gt;:124)&#xa;&#x9;at jdk.nashorn.internal.scripts.Script$Recompilation$44618$3841A$\^function\_.L:1#issueCommand(&lt;function&gt;:124)&#xa;&#x9;at jdk.nashorn.internal.scripts.Script$Recompilation$44618$3841A$\^function\_.L:1#issueCommand(&lt;function&gt;:124)&#xa;&#x9;at jdk.nashorn.internal.scripts.Script$Recompilation$44618$3841A$\^function\_.L:1#issueCommand(&lt;function&gt;:124)&#xa;&#x9;at jdk.nashorn.internal.scripts.Script$Recompilation$44618$3841A$\^function\_.L:1#issueCommand(&lt;function&gt;:124)&#xa;&#x9;at jdk.nashorn.internal.scripts.Script$Recompilation$44618$3841A$\^function\_.L:1#issueCommand(&lt;function&gt;:124)&#xa;&#x9;at jdk.nashorn.internal.scripts.Script$Recompilation$44618$3841A$\^function\_.L:1#issueCommand(&lt;function&gt;:124)&#xa;&#x9;at jdk.nashorn.internal.scripts.Script$Recompilation$44618$3841A$\^function\_.L:1#issueCommand(&lt;function&gt;:124)&#xa;&#x9;at jdk.nashorn.internal.scripts.Script$Recompilation$44618$3841A$\^function\_.L:1#issueCommand(&lt;function&gt;:124)&#xa;&#x9;at jdk.nashorn.internal.scripts.Script$Recompilation$44618$3841A$\^function\_.L:1#issueCommand(&lt;function&gt;:124)&#xa;&#x9;at jdk.nashorn.internal.scripts.Script$Recompilation$44618$3841A$\^function\_.L:1#issueCommand(&lt;function&gt;:124)&#xa;&#x9;at jdk.nashorn.internal.scripts.Script$Recompilation$44618$3841A$\^function\_.L:1#issueCommand(&lt;function&gt;:124)&#xa;&#x9;at jdk.nashorn.internal.scripts.Script$Recompilation$44618$3841A$\^function\_.L:1#issueCommand(&lt;function&gt;:124)&#xa;&#x9;at jdk.nashorn.internal.scripts.Script$Recompilation$44618$3841A$\^function\_.L:1#issueCommand(&lt;function&gt;:124)&#xa;&#x9;at jdk.nashorn.internal.scripts.Script$Recompilation$44618$3841A$\^function\_.L:1#issueCommand(&lt;function&gt;:124)&#xa;&#x9;at jdk.nashorn.internal.scripts.Script$Recompilation$44618$3841A$\^function\_.L:1#issueCommand(&lt;function&gt;:124)&#xa;&#x9;at jdk.nashorn.internal.scripts.Script$Recompilation$44618$3841A$\^function\_.L:1#issueCommand(&lt;function&gt;:124)&#xa;&#x9;at jdk.nashorn.internal.scripts.Script$Recompilation$44618$3841A$\^function\_.L:1#issueCommand(&lt;function&gt;:124)&#xa;&#x9;at jdk.nashorn.internal.scripts.Script$Recompilation$44618$3841A$\^function\_.L:1#issueCommand(&lt;function&gt;:124)&#xa;&#x9;at jdk.nashorn.internal.scripts.Script$Recompilation$44618$3841A$\^function\_.L:1#issueCommand(&lt;function&gt;:124)&#xa;&#x9;at jdk.nashorn.internal.scripts.Script$Recompilation$44618$3841A$\^function\_.L:1#issueCommand(&lt;function&gt;:124)&#xa;&#x9;at jdk.nashorn.internal.scripts.Script$Recompilation$44618$3841A$\^function\_.L:1#issueCommand(&lt;function&gt;:124)&#xa;&#x9;at jdk.nashorn.internal.scripts.Script$Recompilation$44618$3841A$\^function\_.L:1#issueCommand(&lt;function&gt;:124)&#xa;&#x9;at jdk.nashorn.internal.scripts.Script$Recompilation$44618$3841A$\^function\_.L:1#issueCommand(&lt;function&gt;:124)&#xa;&#x9;at jdk.nashorn.internal.scripts.Script$Recompilation$44618$3841A$\^function\_.L:1#issueCommand(&lt;function&gt;:124)&#xa;&#x9;at jdk.nashorn.internal.scripts.Script$Recompilation$44618$3841A$\^function\_.L:1#issueCommand(&lt;function&gt;:124)&#xa;&#x9;at jdk.nashorn.internal.scripts.Script$Recompilation$44618$3841A$\^function\_.L:1#issueCommand(&lt;function&gt;:124)&#xa;&#x9;at jdk.nashorn.internal.scripts.Script$Recompilation$44618$3841A$\^function\_.L:1#issueCommand(&lt;function&gt;:124)&#xa;&#x9;at jdk.nashorn.internal.scripts.Script$Recompilation$44618$3841A$\^function\_.L:1#issueCommand(&lt;function&gt;:124)&#xa;&#x9;at jdk.nashorn.internal.scripts.Script$Recompilation$44618$3841A$\^function\_.L:1#issueCommand(&lt;function&gt;:124)&#xa;&#x9;at jdk.nashorn.internal.scripts.Script$Recompilation$44618$3841A$\^function\_.L:1#issueCommand(&lt;function&gt;:124)&#xa;&#x9;at jdk.nashorn.internal.scripts.Script$Recompilation$44618$3841A$\^function\_.L:1#issueCommand(&lt;function&gt;:124)&#xa;&#x9;at jdk.nashorn.internal.scripts.Script$Recompilation$44618$3841A$\^function\_.L:1#issueCommand(&lt;function&gt;:124)&#xa;&#x9;at jdk.nashorn.internal.scripts.Script$Recompilation$44618$3841A$\^function\_.L:1#issueCommand(&lt;function&gt;:124)&#xa;&#x9;at jdk.nashorn.internal.scripts.Script$Recompilation$44618$3841A$\^function\_.L:1#issueCommand(&lt;function&gt;:124)&#xa;&#x9;at jdk.nashorn.internal.scripts.Script$Recompilation$44618$3841A$\^function\_.L:1#issueCommand(&lt;function&gt;:124)&#xa;&#x9;at jdk.nashorn.internal.scripts.Script$Recompilation$44618$3841A$\^function\_.L:1#issueCommand(&lt;function&gt;:124)&#xa;&#x9;at jdk.nashorn.internal.scripts.Script$Recompilation$44618$3841A$\^function\_.L:1#issueCommand(&lt;function&gt;:124)&#xa;&#x9;at jdk.nashorn.internal.scripts.Script$Recompilation$44618$3841A$\^function\_.L:1#issueCommand(&lt;function&gt;:124)&#xa;&#x9;at jdk.nashorn.internal.scripts.Script$Recompilation$44618$3841A$\^function\_.L:1#issueCommand(&lt;function&gt;:124)&#xa;&#x9;at jdk.nashorn.internal.scripts.Script$Recompilation$44618$3841A$\^function\_.L:1#issueCommand(&lt;function&gt;:124)&#xa;&#x9;at jdk.nashorn.internal.scripts.Script$Recompilation$44618$3841A$\^function\_.L:1#issueCommand(&lt;function&gt;:124)&#xa;&#x9;at jdk.nashorn.internal.scripts.Script$Recompilation$44618$3841A$\^function\_.L:1#issueCommand(&lt;function&gt;:124)&#xa;&#x9;at jdk.nashorn.internal.scripts.Script$Recompilation$44618$3841A$\^function\_.L:1#issueCommand(&lt;function&gt;:124)&#xa;&#x9;at jdk.nashorn.internal.scripts.Script$Recompilation$44618$3841A$\^function\_.L:1#issueCommand(&lt;function&gt;:124)&#xa;&#x9;at jdk.nashorn.internal.scripts.Script$Recompilation$44618$3841A$\^function\_.L:1#issueCommand(&lt;function&gt;:124)&#xa;&#x9;at jdk.nashorn.internal.scripts.Script$Recompilation$44618$3841A$\^function\_.L:1#issueCommand(&lt;function&gt;:124)&#xa;&#x9;at jdk.nashorn.internal.scripts.Script$Recompilation$44618$3841A$\^function\_.L:1#issueCommand(&lt;function&gt;:124)&#xa;&#x9;at jdk.nashorn.internal.scripts.Script$Recompilation$44618$3841A$\^function\_.L:1#issueCommand(&lt;function&gt;:124)&#xa;&#x9;at jdk.nashorn.internal.scripts.Script$Recompilation$44618$3841A$\^function\_.L:1#issueCommand(&lt;function&gt;:124)&#xa;&#x9;at jdk.nashorn.internal.scripts.Script$Recompilation$44618$3841A$\^function\_.L:1#issueCommand(&lt;function&gt;:124)&#xa;&#x9;at jdk.nashorn.internal.scripts.Script$Recompilation$44618$3841A$\^function\_.L:1#issueCommand(&lt;function&gt;:124)&#xa;&#x9;at jdk.nashorn.internal.scripts.Script$Recompilation$44618$3841A$\^function\_.L:1#issueCommand(&lt;function&gt;:124)&#xa;&#x9;at jdk.nashorn.internal.scripts.Script$Recompilation$44618$3841A$\^function\_.L:1#issueCommand(&lt;function&gt;:124)&#xa;&#x9;at jdk.nashorn.internal.scripts.Script$Recompilation$44618$3841A$\^function\_.L:1#issueCommand(&lt;function&gt;:124)&#xa;&#x9;at jdk.nashorn.internal.scripts.Script$Recompilation$44618$3841A$\^function\_.L:1#issueCommand(&lt;function&gt;:124)&#xa;&#x9;at jdk.nashorn.internal.scripts.Script$Recompilation$44618$3841A$\^function\_.L:1#issueCommand(&lt;function&gt;:124)&#xa;&#x9;at jdk.nashorn.internal.scripts.Script$Recompilation$44618$3841A$\^function\_.L:1#issueCommand(&lt;function&gt;:124)&#xa;&#x9;at jdk.nashorn.internal.scripts.Script$Recompilation$44618$3841A$\^function\_.L:1#issueCommand(&lt;function&gt;:124)&#xa;&#x9;at jdk.nashorn.internal.scripts.Script$Recompilation$44618$3841A$\^function\_.L:1#issueCommand(&lt;function&gt;:124)&#xa;&#x9;at jdk.nashorn.internal.scripts.Script$Recompilation$44618$3841A$\^function\_.L:1#issueCommand(&lt;function&gt;:124)&#xa;&#x9;at jdk.nashorn.internal.scripts.Script$Recompilation$44618$3841A$\^function\_.L:1#issueCommand(&lt;function&gt;:124)&#xa;&#x9;at jdk.nashorn.internal.scripts.Script$Recompilation$44618$3841A$\^function\_.L:1#issueCommand(&lt;function&gt;:124)&#xa;&#x9;at jdk.nashorn.internal.scripts.Script$Recompilation$44618$3841A$\^function\_.L:1#issueCommand(&lt;function&gt;:124)&#xa;&#x9;at jdk.nashorn.internal.scripts.Script$Recompilation$44618$3841A$\^function\_.L:1#issueCommand(&lt;function&gt;:124)&#xa;&#x9;at jdk.nashorn.internal.scripts.Script$Recompilation$44618$3841A$\^function\_.L:1#issueCommand(&lt;function&gt;:124)&#xa;&#x9;at jdk.nashorn.internal.scripts.Script$Recompilation$44618$3841A$\^function\_.L:1#issueCommand(&lt;function&gt;:124)&#xa;&#x9;at jdk.nashorn.internal.scripts.Script$Recompilation$44618$3841A$\^function\_.L:1#issueCommand(&lt;function&gt;:124)&#xa;&#x9;at jdk.nashorn.internal.scripts.Script$Recompilation$44618$3841A$\^function\_.L:1#issueCommand(&lt;function&gt;:124)&#xa;&#x9;at jdk.nashorn.internal.scripts.Script$Recompilation$44618$3841A$\^function\_.L:1#issueCommand(&lt;function&gt;:124)&#xa;&#x9;at jdk.nashorn.internal.scripts.Script$Recompilation$44618$3841A$\^function\_.L:1#issueCommand(&lt;function&gt;:124)&#xa;&#x9;at jdk.nashorn.internal.scripts.Script$Recompilation$44618$3841A$\^function\_.L:1#issueCommand(&lt;function&gt;:124)&#xa;&#x9;at jdk.nashorn.internal.scripts.Script$Recompilation$44618$3841A$\^function\_.L:1#issueCommand(&lt;function&gt;:124)&#xa;&#x9;at jdk.nashorn.internal.scripts.Script$Recompilation$44618$3841A$\^function\_.L:1#issueCommand(&lt;function&gt;:124)&#xa;&#x9;at jdk.nashorn.internal.scripts.Script$Recompilation$44618$3841A$\^function\_.L:1#issueCommand(&lt;function&gt;:124)&#xa;&#x9;at jdk.nashorn.internal.scripts.Script$Recompilation$44618$3841A$\^function\_.L:1#issueCommand(&lt;function&gt;:124)&#xa;&#x9;at jdk.nashorn.internal.scripts.Script$Recompilation$44618$3841A$\^function\_.L:1#issueCommand(&lt;function&gt;:124)&#xa;&#x9;at jdk.nashorn.internal.scripts.Script$Recompilation$44618$3841A$\^function\_.L:1#issueCommand(&lt;function&gt;:124)&#xa;&#x9;at jdk.nashorn.internal.scripts.Script$Recompilation$44618$3841A$\^function\_.L:1#issueCommand(&lt;function&gt;:124)&#xa;&#x9;at jdk.nashorn.internal.scripts.Script$Recompilation$44618$3841A$\^function\_.L:1#issueCommand(&lt;function&gt;:124)&#xa;&#x9;at jdk.nashorn.internal.scripts.Script$Recompilation$44618$3841A$\^function\_.L:1#issueCommand(&lt;function&gt;:124)&#xa;&#x9;at jdk.nashorn.internal.scripts.Script$Recompilation$44618$3841A$\^function\_.L:1#issueCommand(&lt;function&gt;:124)&#xa;&#x9;at jdk.nashorn.internal.scripts.Script$Recompilation$44618$3841A$\^function\_.L:1#issueCommand(&lt;function&gt;:124)&#xa;&#x9;at jdk.nashorn.internal.scripts.Script$Recompilation$44618$3841A$\^function\_.L:1#issueCommand(&lt;function&gt;:124)&#xa;&#x9;at jdk.nashorn.internal.scripts.Script$Recompilation$44618$3841A$\^function\_.L:1#issueCommand(&lt;function&gt;:124)&#xa;&#x9;at jdk.nashorn.internal.scripts.Script$Recompilation$44618$3841A$\^function\_.L:1#issueCommand(&lt;function&gt;:124)&#xa;&#x9;at jdk.nashorn.internal.scripts.Script$Recompilation$44618$3841A$\^function\_.L:1#issueCommand(&lt;function&gt;:124)&#xa;&#x9;at jdk.nashorn.internal.scripts.Script$Recompilation$44618$3841A$\^function\_.L:1#issueCommand(&lt;function&gt;:124)&#xa;&#x9;at jdk.nashorn.internal.scripts.Script$Recompilation$44618$3841A$\^function\_.L:1#issueCommand(&lt;function&gt;:124)&#xa;&#x9;at jdk.nashorn.internal.scripts.Script$Recompilation$44618$3841A$\^function\_.L:1#issueCommand(&lt;function&gt;:124)&#xa;&#x9;at jdk.nashorn.internal.scripts.Script$Recompilation$44618$3841A$\^function\_.L:1#issueCommand(&lt;function&gt;:124)&#xa;&#x9;at jdk.nashorn.internal.scripts.Script$Recompilation$44618$3841A$\^function\_.L:1#issueCommand(&lt;function&gt;:124)&#xa;&#x9;at jdk.nashorn.internal.scripts.Script$Recompilation$44618$3841A$\^function\_.L:1#issueCommand(&lt;function&gt;:124)&#xa;&#x9;at jdk.nashorn.internal.scripts.Script$Recompilation$44618$3841A$\^function\_.L:1#issueCommand(&lt;function&gt;:124)&#xa;&#x9;at jdk.nashorn.internal.scripts.Script$Recompilation$44618$3841A$\^function\_.L:1#issueCommand(&lt;function&gt;:124)&#xa;&#x9;at jdk.nashorn.internal.scripts.Script$Recompilation$44618$3841A$\^function\_.L:1#issueCommand(&lt;function&gt;:124)&#xa;&#x9;at jdk.nashorn.internal.scripts.Script$Recompilation$44618$3841A$\^function\_.L:1#issueCommand(&lt;function&gt;:124)&#xa;&#x9;at jdk.nashorn.internal.scripts.Script$Recompilation$44618$3841A$\^function\_.L:1#issueCommand(&lt;function&gt;:124)&#xa;&#x9;at jdk.nashorn.internal.scripts.Script$Recompilation$44618$3841A$\^function\_.L:1#issueCommand(&lt;function&gt;:124)&#xa;&#x9;at jdk.nashorn.internal.scripts.Script$Recompilation$44618$3841A$\^function\_.L:1#issueCommand(&lt;function&gt;:124)&#xa;&#x9;at jdk.nashorn.internal.scripts.Script$Recompilation$44618$3841A$\^function\_.L:1#issueCommand(&lt;function&gt;:124)&#xa;&#x9;at jdk.nashorn.internal.scripts.Script$Recompilation$44618$3841A$\^function\_.L:1#issueCommand(&lt;function&gt;:124)&#xa;&#x9;at jdk.nashorn.internal.scripts.Script$Recompilation$44618$3841A$\^function\_.L:1#issueCommand(&lt;function&gt;:124)&#xa;&#x9;at jdk.nashorn.internal.scripts.Script$Recompilation$44618$3841A$\^function\_.L:1#issueCommand(&lt;function&gt;:124)&#xa;&#x9;at jdk.nashorn.internal.scripts.Script$Recompilation$44618$3841A$\^function\_.L:1#issueCommand(&lt;function&gt;:124)&#xa;&#x9;at jdk.nashorn.internal.scripts.Script$Recompilation$44618$3841A$\^function\_.L:1#issueCommand(&lt;function&gt;:124)&#xa;&#x9;at jdk.nashorn.internal.scripts.Script$Recompilation$44618$3841A$\^function\_.L:1#issueCommand(&lt;function&gt;:124)&#xa;&#x9;at jdk.nashorn.internal.scripts.Script$Recompilation$44618$3841A$\^function\_.L:1#issueCommand(&lt;function&gt;:124)&#xa;&#x9;at jdk.nashorn.internal.scripts.Script$Recompilation$44618$3841A$\^function\_.L:1#issueCommand(&lt;function&gt;:124)&#xa;&#x9;at jdk.nashorn.internal.scripts.Script$Recompilation$44618$3841A$\^function\_.L:1#issueCommand(&lt;function&gt;:124)&#xa;&#x9;at jdk.nashorn.internal.scripts.Script$Recompilation$44618$3841A$\^function\_.L:1#issueCommand(&lt;function&gt;:124)&#xa;&#x9;at jdk.nashorn.internal.scripts.Script$Recompilation$44618$3841A$\^function\_.L:1#issueCommand(&lt;function&gt;:124)&#xa;&#x9;at jdk.nashorn.internal.scripts.Script$Recompilation$44618$3841A$\^function\_.L:1#issueCommand(&lt;function&gt;:124)&#xa;&#x9;at jdk.nashorn.internal.scripts.Script$Recompilation$44618$3841A$\^function\_.L:1#issueCommand(&lt;function&gt;:124)&#xa;&#x9;at jdk.nashorn.internal.scripts.Script$Recompilation$44618$3841A$\^function\_.L:1#issueCommand(&lt;function&gt;:124)&#xa;&#x9;at jdk.nashorn.internal.scripts.Script$Recompilation$44618$3841A$\^function\_.L:1#issueCommand(&lt;function&gt;:124)&#xa;&#x9;at jdk.nashorn.internal.scripts.Script$Recompilation$44618$3841A$\^function\_.L:1#issueCommand(&lt;function&gt;:124)&#xa;&#x9;at jdk.nashorn.internal.scripts.Script$Recompilation$44618$3841A$\^function\_.L:1#issueCommand(&lt;function&gt;:124)&#xa;&#x9;at jdk.nashorn.internal.scripts.Script$Recompilation$44618$3841A$\^function\_.L:1#issueCommand(&lt;function&gt;:124)&#xa;&#x9;at jdk.nashorn.internal.scripts.Script$Recompilation$44618$3841A$\^function\_.L:1#issueCommand(&lt;function&gt;:124)&#xa;&#x9;at jdk.nashorn.internal.scripts.Script$Recompilation$44618$3841A$\^function\_.L:1#issueCommand(&lt;function&gt;:124)&#xa;&#x9;at jdk.nashorn.internal.scripts.Script$Recompilation$44618$3841A$\^function\_.L:1#issueCommand(&lt;function&gt;:124)&#xa;&#x9;at jdk.nashorn.internal.scripts.Script$Recompilation$44618$3841A$\^function\_.L:1#issueCommand(&lt;function&gt;:124)&#xa;&#x9;at jdk.nashorn.internal.scripts.Script$Recompilation$44618$3841A$\^function\_.L:1#issueCommand(&lt;function&gt;:124)&#xa;&#x9;at jdk.nashorn.internal.scripts.Script$Recompilation$44618$3841A$\^function\_.L:1#issueCommand(&lt;function&gt;:124)&#xa;&#x9;at jdk.nashorn.internal.scripts.Script$Recompilation$44618$3841A$\^function\_.L:1#issueCommand(&lt;function&gt;:124)&#xa;&#x9;at jdk.nashorn.internal.scripts.Script$Recompilation$44618$3841A$\^function\_.L:1#issueCommand(&lt;function&gt;:124)&#xa;&#x9;at jdk.nashorn.internal.scripts.Script$Recompilation$44618$3841A$\^function\_.L:1#issueCommand(&lt;function&gt;:124)&#xa;&#x9;at jdk.nashorn.internal.scripts.Script$Recompilation$44618$3841A$\^function\_.L:1#issueCommand(&lt;function&gt;:124)&#xa;&#x9;at jdk.nashorn.internal.scripts.Script$Recompilation$44618$3841A$\^function\_.L:1#issueCommand(&lt;function&gt;:124)&#xa;&#x9;at jdk.nashorn.internal.scripts.Script$Recompilation$44618$3841A$\^function\_.L:1#issueCommand(&lt;function&gt;:124)&#xa;&#x9;at jdk.nashorn.internal.scripts.Script$Recompilation$44618$3841A$\^function\_.L:1#issueCommand(&lt;function&gt;:124)&#xa;&#x9;at jdk.nashorn.internal.scripts.Script$Recompilation$44618$3841A$\^function\_.L:1#issueCommand(&lt;function&gt;:124)&#xa;&#x9;at jdk.nashorn.internal.scripts.Script$Recompilation$44618$3841A$\^function\_.L:1#issueCommand(&lt;function&gt;:124)&#xa;&#x9;at jdk.nashorn.internal.scripts.Script$Recompilation$44618$3841A$\^function\_.L:1#issueCommand(&lt;function&gt;:124)&#xa;&#x9;at jdk.nashorn.internal.scripts.Script$Recompilation$44618$3841A$\^function\_.L:1#issueCommand(&lt;function&gt;:124)&#xa;&#x9;at jdk.nashorn.internal.scripts.Script$Recompilation$44618$3841A$\^function\_.L:1#issueCommand(&lt;function&gt;:124)&#xa;&#x9;at jdk.nashorn.internal.scripts.Script$Recompilation$44618$3841A$\^function\_.L:1#issueCommand(&lt;function&gt;:124)&#xa;&#x9;at jdk.nashorn.internal.scripts.Script$Recompilation$44618$3841A$\^function\_.L:1#issueCommand(&lt;function&gt;:124)&#xa;&#x9;at jdk.nashorn.internal.scripts.Script$Recompilation$44618$3841A$\^function\_.L:1#issueCommand(&lt;function&gt;:124)&#xa;&#x9;at jdk.nashorn.internal.scripts.Script$Recompilation$44618$3841A$\^function\_.L:1#issueCommand(&lt;function&gt;:124)&#xa;&#x9;at jdk.nashorn.internal.scripts.Script$Recompilation$44618$3841A$\^function\_.L:1#issueCommand(&lt;function&gt;:124)&#xa;&#x9;at jdk.nashorn.internal.scripts.Script$Recompilation$44618$3841A$\^function\_.L:1#issueCommand(&lt;function&gt;:124)&#xa;&#x9;at jdk.nashorn.internal.scripts.Script$Recompilation$44618$3841A$\^function\_.L:1#issueCommand(&lt;function&gt;:124)&#xa;&#x9;at jdk.nashorn.internal.scripts.Script$Recompilation$44618$3841A$\^function\_.L:1#issueCommand(&lt;function&gt;:124)&#xa;&#x9;at jdk.nashorn.internal.scripts.Script$Recompilation$44618$3841A$\^function\_.L:1#issueCommand(&lt;function&gt;:124)&#xa;&#x9;at jdk.nashorn.internal.scripts.Script$Recompilation$44618$3841A$\^function\_.L:1#issueCommand(&lt;function&gt;:124)&#xa;&#x9;at jdk.nashorn.internal.scripts.Script$Recompilation$44618$3841A$\^function\_.L:1#issueCommand(&lt;function&gt;:124)&#xa;&#x9;at jdk.nashorn.internal.scripts.Script$Recompilation$44618$3841A$\^function\_.L:1#issueCommand(&lt;function&gt;:124)&#xa;&#x9;at jdk.nashorn.internal.scripts.Script$Recompilation$44618$3841A$\^function\_.L:1#issueCommand(&lt;function&gt;:124)&#xa;&#x9;at jdk.nashorn.internal.scripts.Script$Recompilation$44618$3841A$\^function\_.L:1#issueCommand(&lt;function&gt;:124)&#xa;&#x9;at jdk.nashorn.internal.scripts.Script$Recompilation$44618$3841A$\^function\_.L:1#issueCommand(&lt;function&gt;:124)&#xa;&#x9;at jdk.nashorn.internal.scripts.Script$Recompilation$44618$3841A$\^function\_.L:1#issueCommand(&lt;function&gt;:124)&#xa;&#x9;at jdk.nashorn.internal.scripts.Script$Recompilation$44618$3841A$\^function\_.L:1#issueCommand(&lt;function&gt;:124)&#xa;&#x9;at jdk.nashorn.internal.scripts.Script$Recompilation$44618$3841A$\^function\_.L:1#issueCommand(&lt;function&gt;:124)&#xa;&#x9;at jdk.nashorn.internal.scripts.Script$Recompilation$44618$3841A$\^function\_.L:1#issueCommand(&lt;function&gt;:124)&#xa;&#x9;at jdk.nashorn.internal.scripts.Script$Recompilation$44618$3841A$\^function\_.L:1#issueCommand(&lt;function&gt;:124)&#xa;&#x9;at jdk.nashorn.internal.scripts.Script$Recompilation$44618$3841A$\^function\_.L:1#issueCommand(&lt;function&gt;:124)&#xa;&#x9;at jdk.nashorn.internal.scripts.Script$Recompilation$44618$3841A$\^function\_.L:1#issueCommand(&lt;function&gt;:124)&#xa;&#x9;at jdk.nashorn.internal.scripts.Script$Recompilation$44618$3841A$\^function\_.L:1#issueCommand(&lt;function&gt;:124)&#xa;&#x9;at jdk.nashorn.internal.scripts.Script$Recompilation$44618$3841A$\^function\_.L:1#issueCommand(&lt;function&gt;:124)&#xa;&#x9;at jdk.nashorn.internal.scripts.Script$Recompilation$44618$3841A$\^function\_.L:1#issueCommand(&lt;function&gt;:124)&#xa;&#x9;at jdk.nashorn.internal.scripts.Script$Recompilation$44618$3841A$\^function\_.L:1#issueCommand(&lt;function&gt;:124)&#xa;&#x9;at jdk.nashorn.internal.scripts.Script$Recompilation$44618$3841A$\^function\_.L:1#issueCommand(&lt;function&gt;:124)&#xa;&#x9;at jdk.nashorn.internal.scripts.Script$Recompilation$44618$3841A$\^function\_.L:1#issueCommand(&lt;function&gt;:124)&#xa;&#x9;at jdk.nashorn.internal.scripts.Script$Recompilation$44618$3841A$\^function\_.L:1#issueCommand(&lt;function&gt;:124)&#xa;&#x9;at jdk.nashorn.internal.scripts.Script$Recompilation$44618$3841A$\^function\_.L:1#issueCommand(&lt;function&gt;:124)&#xa;&#x9;at jdk.nashorn.internal.scripts.Script$Recompilation$44618$3841A$\^function\_.L:1#issueCommand(&lt;function&gt;:124)&#xa;&#x9;at jdk.nashorn.internal.scripts.Script$Recompilation$44618$3841A$\^function\_.L:1#issueCommand(&lt;function&gt;:124)&#xa;&#x9;at jdk.nashorn.internal.scripts.Script$Recompilation$44618$3841A$\^function\_.L:1#issueCommand(&lt;function&gt;:124)&#xa;&#x9;at jdk.nashorn.internal.scripts.Script$Recompilation$44618$3841A$\^function\_.L:1#issueCommand(&lt;function&gt;:124)&#xa;&#x9;at jdk.nashorn.internal.scripts.Script$Recompilation$44618$3841A$\^function\_.L:1#issueCommand(&lt;function&gt;:124)&#xa;&#x9;at jdk.nashorn.internal.scripts.Script$Recompilation$44618$3841A$\^function\_.L:1#issueCommand(&lt;function&gt;:124)&#xa;&#x9;at jdk.nashorn.internal.scripts.Script$Recompilation$44618$3841A$\^function\_.L:1#issueCommand(&lt;function&gt;:124)&#xa;&#x9;at jdk.nashorn.internal.scripts.Script$Recompilation$44618$3841A$\^function\_.L:1#issueCommand(&lt;function&gt;:124)&#xa;&#x9;at jdk.nashorn.internal.scripts.Script$Recompilation$44618$3841A$\^function\_.L:1#issueCommand(&lt;function&gt;:124)&#xa;&#x9;at jdk.nashorn.internal.scripts.Script$Recompilation$44618$3841A$\^function\_.L:1#issueCommand(&lt;function&gt;:124)&#xa;&#x9;at jdk.nashorn.internal.scripts.Script$Recompilation$44618$3841A$\^function\_.L:1#issueCommand(&lt;function&gt;:124)&#xa;&#x9;at jdk.nashorn.internal.scripts.Script$Recompilation$44618$3841A$\^function\_.L:1#issueCommand(&lt;function&gt;:124)&#xa;&#x9;at jdk.nashorn.internal.scripts.Script$Recompilation$44618$3841A$\^function\_.L:1#issueCommand(&lt;function&gt;:124)&#xa;&#x9;at jdk.nashorn.internal.scripts.Script$Recompilation$44618$3841A$\^function\_.L:1#issueCommand(&lt;function&gt;:124)&#xa;&#x9;at jdk.nashorn.internal.scripts.Script$Recompilation$44618$3841A$\^function\_.L:1#issueCommand(&lt;function&gt;:124)&#xa;&#x9;at jdk.nashorn.internal.scripts.Script$Recompilation$44618$3841A$\^function\_.L:1#issueCommand(&lt;function&gt;:124)&#xa;&#x9;at jdk.nashorn.internal.scripts.Script$Recompilation$44618$3841A$\^function\_.L:1#issueCommand(&lt;function&gt;:124)&#xa;&#x9;at jdk.nashorn.internal.scripts.Script$Recompilation$44618$3841A$\^function\_.L:1#issueCommand(&lt;function&gt;:124)&#xa;&#x9;at jdk.nashorn.internal.scripts.Script$Recompilation$44618$3841A$\^function\_.L:1#issueCommand(&lt;function&gt;:124)&#xa;&#x9;at jdk.nashorn.internal.scripts.Script$Recompilation$44618$3841A$\^function\_.L:1#issueCommand(&lt;function&gt;:124)&#xa;&#x9;at jdk.nashorn.internal.scripts.Script$Recompilation$44618$3841A$\^function\_.L:1#issueCommand(&lt;function&gt;:124)&#xa;&#x9;at jdk.nashorn.internal.scripts.Script$Recompilation$44618$3841A$\^function\_.L:1#issueCommand(&lt;function&gt;:124)&#xa;&#x9;at jdk.nashorn.internal.scripts.Script$Recompilation$44618$3841A$\^function\_.L:1#issueCommand(&lt;function&gt;:124)&#xa;&#x9;at jdk.nashorn.internal.scripts.Script$Recompilation$44618$3841A$\^function\_.L:1#issueCommand(&lt;function&gt;:124)&#xa;&#x9;at jdk.nashorn.internal.scripts.Script$Recompilation$44618$3841A$\^function\_.L:1#issueCommand(&lt;function&gt;:124)&#xa;&#x9;at jdk.nashorn.internal.scripts.Script$Recompilation$44618$3841A$\^function\_.L:1#issueCommand(&lt;function&gt;:124)&#xa;&#x9;at jdk.nashorn.internal.scripts.Script$Recompilation$44618$3841A$\^function\_.L:1#issueCommand(&lt;function&gt;:124)&#xa;&#x9;at jdk.nashorn.internal.scripts.Script$Recompilation$44618$3841A$\^function\_.L:1#issueCommand(&lt;function&gt;:124)&#xa;&#x9;at jdk.nashorn.internal.scripts.Script$Recompilation$44618$3841A$\^function\_.L:1#issueCommand(&lt;function&gt;:124)&#xa;&#x9;at jdk.nashorn.internal.scripts.Script$Recompilation$44618$3841A$\^function\_.L:1#issueCommand(&lt;function&gt;:124)&#xa;&#x9;at jdk.nashorn.internal.scripts.Script$Recompilation$44618$3841A$\^function\_.L:1#issueCommand(&lt;function&gt;:124)&#xa;&#x9;at jdk.nashorn.internal.scripts.Script$Recompilation$44618$3841A$\^function\_.L:1#issueCommand(&lt;function&gt;:124)&#xa;&#x9;at jdk.nashorn.internal.scripts.Script$Recompilation$44618$3841A$\^function\_.L:1#issueCommand(&lt;function&gt;:124)&#xa;&#x9;at jdk.nashorn.internal.scripts.Script$Recompilation$44618$3841A$\^function\_.L:1#issueCommand(&lt;function&gt;:124)&#xa;&#x9;at jdk.nashorn.internal.scripts.Script$Recompilation$44618$3841A$\^function\_.L:1#issueCommand(&lt;function&gt;:124)&#xa;&#x9;at jdk.nashorn.internal.scripts.Script$Recompilation$44618$3841A$\^function\_.L:1#issueCommand(&lt;function&gt;:124)&#xa;&#x9;at jdk.nashorn.internal.scripts.Script$Recompilation$44618$3841A$\^function\_.L:1#issueCommand(&lt;function&gt;:124)&#xa;&#x9;at jdk.nashorn.internal.scripts.Script$Recompilation$44618$3841A$\^function\_.L:1#issueCommand(&lt;function&gt;:124)&#xa;&#x9;at jdk.nashorn.internal.scripts.Script$Recompilation$44618$3841A$\^function\_.L:1#issueCommand(&lt;function&gt;:124)&#xa;&#x9;at jdk.nashorn.internal.scripts.Script$Recompilation$44618$3841A$\^function\_.L:1#issueCommand(&lt;function&gt;:124)&#xa;&#x9;at jdk.nashorn.internal.scripts.Script$Recompilation$44618$3841A$\^function\_.L:1#issueCommand(&lt;function&gt;:124)&#xa;&#x9;at jdk.nashorn.internal.scripts.Script$Recompilation$44618$3841A$\^function\_.L:1#issueCommand(&lt;function&gt;:124)&#xa;&#x9;at jdk.nashorn.internal.scripts.Script$Recompilation$44618$3841A$\^function\_.L:1#issueCommand(&lt;function&gt;:124)&#xa;&#x9;at jdk.nashorn.internal.scripts.Script$Recompilation$44618$3841A$\^function\_.L:1#issueCommand(&lt;function&gt;:124)&#xa;&#x9;at jdk.nashorn.internal.scripts.Script$Recompilation$44618$3841A$\^function\_.L:1#issueCommand(&lt;function&gt;:124)&#xa;&#x9;at jdk.nashorn.internal.scripts.Script$Recompilation$44618$3841A$\^function\_.L:1#issueCommand(&lt;function&gt;:124)&#xa;&#x9;at jdk.nashorn.internal.scripts.Script$Recompilation$44618$3841A$\^function\_.L:1#issueCommand(&lt;function&gt;:124)&#xa;&#x9;at jdk.nashorn.internal.scripts.Script$Recompilation$44618$3841A$\^function\_.L:1#issueCommand(&lt;function&gt;:124)&#xa;&#x9;at jdk.nashorn.internal.scripts.Script$Recompilation$44618$3841A$\^function\_.L:1#issueCommand(&lt;function&gt;:124)&#xa;&#x9;at jdk.nashorn.internal.scripts.Script$Recompilation$44618$3841A$\^function\_.L:1#issueCommand(&lt;function&gt;:124)&#xa;&#x9;at jdk.nashorn.internal.scripts.Script$Recompilation$44618$3841A$\^function\_.L:1#issueCommand(&lt;function&gt;:124)&#xa;&#x9;at jdk.nashorn.internal.scripts.Script$Recompilation$44618$3841A$\^function\_.L:1#issueCommand(&lt;function&gt;:124)&#xa;&#x9;at jdk.nashorn.internal.scripts.Script$Recompilation$44618$3841A$\^function\_.L:1#issueCommand(&lt;function&gt;:124)&#xa;&#x9;at jdk.nashorn.internal.scripts.Script$Recompilation$44618$3841A$\^function\_.L:1#issueCommand(&lt;function&gt;:124)&#xa;&#x9;at jdk.nashorn.internal.scripts.Script$Recompilation$44618$3841A$\^function\_.L:1#issueCommand(&lt;function&gt;:124)&#xa;&#x9;at jdk.nashorn.internal.scripts.Script$Recompilation$44618$3841A$\^function\_.L:1#issueCommand(&lt;function&gt;:124)&#xa;&#x9;at jdk.nashorn.internal.scripts.Script$Recompilation$44618$3841A$\^function\_.L:1#issueCommand(&lt;function&gt;:124)&#xa;&#x9;at jdk.nashorn.internal.scripts.Script$Recompilation$44618$3841A$\^function\_.L:1#issueCommand(&lt;function&gt;:124)&#xa;&#x9;at jdk.nashorn.internal.scripts.Script$Recompilation$44618$3841A$\^function\_.L:1#issueCommand(&lt;function&gt;:124)&#xa;&#x9;at jdk.nashorn.internal.scripts.Script$Recompilation$44618$3841A$\^function\_.L:1#issueCommand(&lt;function&gt;:124)&#xa;&#x9;at jdk.nashorn.internal.scripts.Script$Recompilation$44618$3841A$\^function\_.L:1#issueCommand(&lt;function&gt;:124)&#xa;&#x9;at jdk.nashorn.internal.scripts.Script$Recompilation$44618$3841A$\^function\_.L:1#issueCommand(&lt;function&gt;:124)&#xa;&#x9;at jdk.nashorn.internal.scripts.Script$Recompilation$44618$3841A$\^function\_.L:1#issueCommand(&lt;function&gt;:124)&#xa;&#x9;at jdk.nashorn.internal.scripts.Script$Recompilation$44618$3841A$\^function\_.L:1#issueCommand(&lt;function&gt;:124)&#xa;&#x9;at jdk.nashorn.internal.scripts.Script$Recompilation$44618$3841A$\^function\_.L:1#issueCommand(&lt;function&gt;:124)&#xa;&#x9;at jdk.nashorn.internal.scripts.Script$Recompilation$44618$3841A$\^function\_.L:1#issueCommand(&lt;function&gt;:124)&#xa;&#x9;at jdk.nashorn.internal.scripts.Script$Recompilation$44618$3841A$\^function\_.L:1#issueCommand(&lt;function&gt;:124)&#xa;&#x9;at jdk.nashorn.internal.scripts.Script$Recompilation$44618$3841A$\^function\_.L:1#issueCommand(&lt;function&gt;:124)&#xa;&#x9;at jdk.nashorn.internal.scripts.Script$Recompilation$44618$3841A$\^function\_.L:1#issueCommand(&lt;function&gt;:124)&#xa;&#x9;at jdk.nashorn.internal.scripts.Script$Recompilation$44618$3841A$\^function\_.L:1#issueCommand(&lt;function&gt;:124)&#xa;&#x9;at jdk.nashorn.internal.scripts.Script$Recompilation$44618$3841A$\^function\_.L:1#issueCommand(&lt;function&gt;:124)&#xa;&#x9;at jdk.nashorn.internal.scripts.Script$Recompilation$44618$3841A$\^function\_.L:1#issueCommand(&lt;function&gt;:124)&#xa;&#x9;at jdk.nashorn.internal.scripts.Script$Recompilation$44618$3841A$\^function\_.L:1#issueCommand(&lt;function&gt;:124)&#xa;&#x9;at jdk.nashorn.internal.scripts.Script$Recompilation$44618$3841A$\^function\_.L:1#issueCommand(&lt;function&gt;:124)&#xa;&#x9;at jdk.nashorn.internal.scripts.Script$Recompilation$44618$3841A$\^function\_.L:1#issueCommand(&lt;function&gt;:124)&#xa;&#x9;at jdk.nashorn.internal.scripts.Script$Recompilation$44618$3841A$\^function\_.L:1#issueCommand(&lt;function&gt;:124)&#xa;&#x9;at jdk.nashorn.internal.scripts.Script$Recompilation$44618$3841A$\^function\_.L:1#issueCommand(&lt;function&gt;:124)&#xa;&#x9;at jdk.nashorn.internal.scripts.Script$Recompilation$44618$3841A$\^function\_.L:1#issueCommand(&lt;function&gt;:124)&#xa;&#x9;at jdk.nashorn.internal.scripts.Script$Recompilation$44618$3841A$\^function\_.L:1#issueCommand(&lt;function&gt;:124)&#xa;&#x9;at jdk.nashorn.internal.scripts.Script$Recompilation$44618$3841A$\^function\_.L:1#issueCommand(&lt;function&gt;:124)&#xa;&#x9;at jdk.nashorn.internal.scripts.Script$Recompilation$44618$3841A$\^function\_.L:1#issueCommand(&lt;function&gt;:124)&#xa;&#x9;at jdk.nashorn.internal.scripts.Script$Recompilation$44618$3841A$\^function\_.L:1#issueCommand(&lt;function&gt;:124)&#xa;&#x9;at jdk.nashorn.internal.scripts.Script$Recompilation$44618$3841A$\^function\_.L:1#issueCommand(&lt;function&gt;:124)&#xa;&#x9;at jdk.nashorn.internal.scripts.Script$Recompilation$44618$3841A$\^function\_.L:1#issueCommand(&lt;function&gt;:124)&#xa;&#x9;at jdk.nashorn.internal.scripts.Script$Recompilation$44618$3841A$\^function\_.L:1#issueCommand(&lt;function&gt;:124)&#xa;&#x9;at jdk.nashorn.internal.scripts.Script$Recompilation$44618$3841A$\^function\_.L:1#issueCommand(&lt;function&gt;:124)&#xa;&#x9;at jdk.nashorn.internal.scripts.Script$Recompilation$44618$3841A$\^function\_.L:1#issueCommand(&lt;function&gt;:124)&#xa;&#x9;at jdk.nashorn.internal.scripts.Script$Recompilation$44618$3841A$\^function\_.L:1#issueCommand(&lt;function&gt;:124)&#xa;&#x9;at jdk.nashorn.internal.scripts.Script$Recompilation$44618$3841A$\^function\_.L:1#issueCommand(&lt;function&gt;:124)&#xa;&#x9;at jdk.nashorn.internal.scripts.Script$Recompilation$44618$3841A$\^function\_.L:1#issueCommand(&lt;function&gt;:124)&#xa;&#x9;at jdk.nashorn.internal.scripts.Script$Recompilation$44618$3841A$\^function\_.L:1#issueCommand(&lt;function&gt;:124)&#xa;&#x9;at jdk.nashorn.internal.scripts.Script$Recompilation$44618$3841A$\^function\_.L:1#issueCommand(&lt;function&gt;:124)&#xa;&#x9;at jdk.nashorn.internal.scripts.Script$Recompilation$44618$3841A$\^function\_.L:1#issueCommand(&lt;function&gt;:124)&#xa;&#x9;at jdk.nashorn.internal.scripts.Script$Recompilation$44618$3841A$\^function\_.L:1#issueCommand(&lt;function&gt;:124)&#xa;&#x9;at jdk.nashorn.internal.scripts.Script$Recompilation$44618$3841A$\^function\_.L:1#issueCommand(&lt;function&gt;:124)&#xa;&#x9;at jdk.nashorn.internal.scripts.Script$Recompilation$44618$3841A$\^function\_.L:1#issueCommand(&lt;function&gt;:124)&#xa;&#x9;at jdk.nashorn.internal.scripts.Script$Recompilation$44618$3841A$\^function\_.L:1#issueCommand(&lt;function&gt;:124)&#xa;&#x9;at jdk.nashorn.internal.scripts.Script$Recompilation$44618$3841A$\^function\_.L:1#issueCommand(&lt;function&gt;:124)&#xa;&#x9;at jdk.nashorn.internal.scripts.Script$Recompilation$44618$3841A$\^function\_.L:1#issueCommand(&lt;function&gt;:124)&#xa;&#x9;at jdk.nashorn.internal.scripts.Script$Recompilation$44618$3841A$\^function\_.L:1#issueCommand(&lt;function&gt;:124)&#xa;&#x9;at jdk.nashorn.internal.scripts.Script$Recompilation$44618$3841A$\^function\_.L:1#issueCommand(&lt;function&gt;:124)&#xa;&#x9;at jdk.nashorn.internal.scripts.Script$Recompilation$44618$3841A$\^function\_.L:1#issueCommand(&lt;function&gt;:124)&#xa;&#x9;at jdk.nashorn.internal.scripts.Script$Recompilation$44618$3841A$\^function\_.L:1#issueCommand(&lt;function&gt;:124)&#xa;&#x9;at jdk.nashorn.internal.scripts.Script$Recompilation$44618$3841A$\^function\_.L:1#issueCommand(&lt;function&gt;:124)&#xa;&#x9;at jdk.nashorn.internal.scripts.Script$Recompilation$44618$3841A$\^function\_.L:1#issueCommand(&lt;function&gt;:124)&#xa;&#x9;at jdk.nashorn.internal.scripts.Script$Recompilation$44618$3841A$\^function\_.L:1#issueCommand(&lt;function&gt;:124)&#xa;&#x9;at jdk.nashorn.internal.scripts.Script$Recompilation$44618$3841A$\^function\_.L:1#issueCommand(&lt;function&gt;:124)&#xa;&#x9;at jdk.nashorn.internal.scripts.Script$Recompilation$44618$3841A$\^function\_.L:1#issueCommand(&lt;function&gt;:124)&#xa;&#x9;at jdk.nashorn.internal.scripts.Script$Recompilation$44618$3841A$\^function\_.L:1#issueCommand(&lt;function&gt;:124)&#xa;&#x9;at jdk.nashorn.internal.scripts.Script$Recompilation$44618$3841A$\^function\_.L:1#issueCommand(&lt;function&gt;:124)&#xa;&#x9;at jdk.nashorn.internal.scripts.Script$Recompilation$44618$3841A$\^function\_.L:1#issueCommand(&lt;function&gt;:124)&#xa;&#x9;at jdk.nashorn.internal.scripts.Script$Recompilation$44618$3841A$\^function\_.L:1#issueCommand(&lt;function&gt;:124)&#xa;&#x9;at jdk.nashorn.internal.scripts.Script$Recompilation$44618$3841A$\^function\_.L:1#issueCommand(&lt;function&gt;:124)&#xa;&#x9;at jdk.nashorn.internal.scripts.Script$Recompilation$44618$3841A$\^function\_.L:1#issueCommand(&lt;function&gt;:124)&#xa;&#x9;at jdk.nashorn.internal.scripts.Script$Recompilation$44618$3841A$\^function\_.L:1#issueCommand(&lt;function&gt;:124)&#xa;&#x9;at jdk.nashorn.internal.scripts.Script$Recompilation$44618$3841A$\^function\_.L:1#issueCommand(&lt;function&gt;:124)&#xa;&#x9;at jdk.nashorn.internal.scripts.Script$Recompilation$44618$3841A$\^function\_.L:1#issueCommand(&lt;function&gt;:124)&#xa;&#x9;at jdk.nashorn.internal.scripts.Script$Recompilation$44618$3841A$\^function\_.L:1#issueCommand(&lt;function&gt;:124)&#xa;&#x9;at jdk.nashorn.internal.scripts.Script$Recompilation$44618$3841A$\^function\_.L:1#issueCommand(&lt;function&gt;:124)&#xa;&#x9;at jdk.nashorn.internal.scripts.Script$Recompilation$44618$3841A$\^function\_.L:1#issueCommand(&lt;function&gt;:124)&#xa;&#x9;at jdk.nashorn.internal.scripts.Script$Recompilation$44618$3841A$\^function\_.L:1#issueCommand(&lt;function&gt;:124)&#xa;&#x9;at jdk.nashorn.internal.scripts.Script$Recompilation$44618$3841A$\^function\_.L:1#issueCommand(&lt;function&gt;:124)&#xa;&#x9;at jdk.nashorn.internal.scripts.Script$Recompilation$44618$3841A$\^function\_.L:1#issueCommand(&lt;function&gt;:124)&#xa;&#x9;at jdk.nashorn.internal.scripts.Script$Recompilation$44618$3841A$\^function\_.L:1#issueCommand(&lt;function&gt;:124)&#xa;&#x9;at jdk.nashorn.internal.scripts.Script$Recompilation$44618$3841A$\^function\_.L:1#issueCommand(&lt;function&gt;:124)&#xa;&#x9;at jdk.nashorn.internal.scripts.Script$Recompilation$44618$3841A$\^function\_.L:1#issueCommand(&lt;function&gt;:124)&#xa;&#x9;at jdk.nashorn.internal.scripts.Script$Recompilation$44618$3841A$\^function\_.L:1#issueCommand(&lt;function&gt;:124)&#xa;&#x9;at jdk.nashorn.internal.scripts.Script$Recompilation$44618$3841A$\^function\_.L:1#issueCommand(&lt;function&gt;:124)&#xa;&#x9;at jdk.nashorn.internal.scripts.Script$Recompilation$44618$3841A$\^function\_.L:1#issueCommand(&lt;function&gt;:124)&#xa;&#x9;at jdk.nashorn.internal.scripts.Script$Recompilation$44618$3841A$\^function\_.L:1#issueCommand(&lt;function&gt;:124)&#xa;&#x9;at jdk.nashorn.internal.scripts.Script$Recompilation$44618$3841A$\^function\_.L:1#issueCommand(&lt;function&gt;:124)&#xa;&#x9;at jdk.nashorn.internal.scripts.Script$Recompilation$44618$3841A$\^function\_.L:1#issueCommand(&lt;function&gt;:124)&#xa;&#x9;at jdk.nashorn.internal.scripts.Script$Recompilation$44618$3841A$\^function\_.L:1#issueCommand(&lt;function&gt;:124)&#xa;&#x9;at jdk.nashorn.internal.scripts.Script$Recompilation$44618$3841A$\^function\_.L:1#issueCommand(&lt;function&gt;:124)&#xa;&#x9;at jdk.nashorn.internal.scripts.Script$Recompilation$44618$3841A$\^function\_.L:1#issueCommand(&lt;function&gt;:124)&#xa;&#x9;at jdk.nashorn.internal.scripts.Script$Recompilation$44618$3841A$\^function\_.L:1#issueCommand(&lt;function&gt;:124)&#xa;&#x9;at jdk.nashorn.internal.scripts.Script$Recompilation$44618$3841A$\^function\_.L:1#issueCommand(&lt;function&gt;:124)&#xa;&#x9;at jdk.nashorn.internal.scripts.Script$Recompilation$44618$3841A$\^function\_.L:1#issueCommand(&lt;function&gt;:124)&#xa;&#x9;at jdk.nashorn.internal.scripts.Script$Recompilation$44618$3841A$\^function\_.L:1#issueCommand(&lt;function&gt;:124)&#xa;&#x9;at jdk.nashorn.internal.scripts.Script$Recompilation$44618$3841A$\^function\_.L:1#issueCommand(&lt;function&gt;:124)&#xa;&#x9;at jdk.nashorn.internal.scripts.Script$Recompilation$44618$3841A$\^function\_.L:1#issueCommand(&lt;function&gt;:124)&#xa;&#x9;at jdk.nashorn.internal.scripts.Script$Recompilation$44618$3841A$\^function\_.L:1#issueCommand(&lt;function&gt;:124)&#xa;&#x9;at jdk.nashorn.internal.scripts.Script$Recompilation$44618$3841A$\^function\_.L:1#issueCommand(&lt;function&gt;:124)&#xa;&#x9;at jdk.nashorn.internal.scripts.Script$Recompilation$44618$3841A$\^function\_.L:1#issueCommand(&lt;function&gt;:124)&#xa;&#x9;at jdk.nashorn.internal.scripts.Script$Recompilation$44618$3841A$\^function\_.L:1#issueCommand(&lt;function&gt;:124)&#xa;&#x9;at jdk.nashorn.internal.scripts.Script$Recompilation$44618$3841A$\^function\_.L:1#issueCommand(&lt;function&gt;:124)&#xa;&#x9;at jdk.nashorn.internal.scripts.Script$Recompilation$44618$3841A$\^function\_.L:1#issueCommand(&lt;function&gt;:124)&#xa;&#x9;at jdk.nashorn.internal.scripts.Script$Recompilation$44618$3841A$\^function\_.L:1#issueCommand(&lt;function&gt;:124)&#xa;&#x9;at jdk.nashorn.internal.scripts.Script$Recompilation$44618$3841A$\^function\_.L:1#issueCommand(&lt;function&gt;:124)&#xa;&#x9;at jdk.nashorn.internal.scripts.Script$Recompilation$44618$3841A$\^function\_.L:1#issueCommand(&lt;function&gt;:124)&#xa;&#x9;at jdk.nashorn.internal.scripts.Script$Recompilation$44618$3841A$\^function\_.L:1#issueCommand(&lt;function&gt;:124)&#xa;&#x9;at jdk.nashorn.internal.scripts.Script$Recompilation$44618$3841A$\^function\_.L:1#issueCommand(&lt;function&gt;:124)&#xa;&#x9;at jdk.nashorn.internal.scripts.Script$Recompilation$44618$3841A$\^function\_.L:1#issueCommand(&lt;function&gt;:124)&#xa;&#x9;at jdk.nashorn.internal.scripts.Script$Recompilation$44618$3841A$\^function\_.L:1#issueCommand(&lt;function&gt;:124)&#xa;&#x9;at jdk.nashorn.internal.scripts.Script$Recompilation$44618$3841A$\^function\_.L:1#issueCommand(&lt;function&gt;:124)&#xa;&#x9;at jdk.nashorn.internal.scripts.Script$Recompilation$44618$3841A$\^function\_.L:1#issueCommand(&lt;function&gt;:124)&#xa;&#x9;at jdk.nashorn.internal.scripts.Script$Recompilation$44618$3841A$\^function\_.L:1#issueCommand(&lt;function&gt;:124)&#xa;&#x9;at jdk.nashorn.internal.scripts.Script$Recompilation$44618$3841A$\^function\_.L:1#issueCommand(&lt;function&gt;:124)&#xa;&#x9;at jdk.nashorn.internal.scripts.Script$Recompilation$44618$3841A$\^function\_.L:1#issueCommand(&lt;function&gt;:124)&#xa;&#x9;at jdk.nashorn.internal.scripts.Script$Recompilation$44618$3841A$\^function\_.L:1#issueCommand(&lt;function&gt;:124)&#xa;&#x9;at jdk.nashorn.internal.scripts.Script$Recompilation$44618$3841A$\^function\_.L:1#issueCommand(&lt;function&gt;:124)&#xa;&#x9;at jdk.nashorn.internal.scripts.Script$Recompilation$44618$3841A$\^function\_.L:1#issueCommand(&lt;function&gt;:124)&#xa;&#x9;at jdk.nashorn.internal.scripts.Script$Recompilation$44618$3841A$\^function\_.L:1#issueCommand(&lt;function&gt;:124)&#xa;&#x9;at jdk.nashorn.internal.scripts.Script$Recompilation$44618$3841A$\^function\_.L:1#issueCommand(&lt;function&gt;:124)&#xa;&#x9;at jdk.nashorn.internal.scripts.Script$Recompilation$44618$3841A$\^function\_.L:1#issueCommand(&lt;function&gt;:124)&#xa;&#x9;at jdk.nashorn.internal.scripts.Script$Recompilation$44618$3841A$\^function\_.L:1#issueCommand(&lt;function&gt;:124)&#xa;&#x9;at jdk.nashorn.internal.scripts.Script$Recompilation$44618$3841A$\^function\_.L:1#issueCommand(&lt;function&gt;:124)&#xa;&#x9;at jdk.nashorn.internal.scripts.Script$Recompilation$44618$3841A$\^function\_.L:1#issueCommand(&lt;function&gt;:124)&#xa;&#x9;at jdk.nashorn.internal.scripts.Script$Recompilation$44618$3841A$\^function\_.L:1#issueCommand(&lt;function&gt;:124)&#xa;&#x9;at jdk.nashorn.internal.scripts.Script$Recompilation$44618$3841A$\^function\_.L:1#issueCommand(&lt;function&gt;:124)&#xa;&#x9;at jdk.nashorn.internal.scripts.Script$Recompilation$44618$3841A$\^function\_.L:1#issueCommand(&lt;function&gt;:124)&#xa;&#x9;at jdk.nashorn.internal.scripts.Script$Recompilation$44618$3841A$\^function\_.L:1#issueCommand(&lt;function&gt;:124)&#xa;&#x9;at jdk.nashorn.internal.scripts.Script$Recompilation$44618$3841A$\^function\_.L:1#issueCommand(&lt;function&gt;:124)&#xa;&#x9;at jdk.nashorn.internal.scripts.Script$Recompilation$44618$3841A$\^function\_.L:1#issueCommand(&lt;function&gt;:124)&#xa;&#x9;at jdk.nashorn.internal.scripts.Script$Recompilation$44618$3841A$\^function\_.L:1#issueCommand(&lt;function&gt;:124)&#xa;&#x9;at jdk.nashorn.internal.scripts.Script$Recompilation$44618$3841A$\^function\_.L:1#issueCommand(&lt;function&gt;:124)&#xa;&#x9;at jdk.nashorn.internal.scripts.Script$Recompilation$44618$3841A$\^function\_.L:1#issueCommand(&lt;function&gt;:124)&#xa;&#x9;at jdk.nashorn.internal.scripts.Script$Recompilation$44618$3841A$\^function\_.L:1#issueCommand(&lt;function&gt;:124)&#xa;&#x9;at jdk.nashorn.internal.scripts.Script$Recompilation$44618$3841A$\^function\_.L:1#issueCommand(&lt;function&gt;:124)&#xa;&#x9;at jdk.nashorn.internal.scripts.Script$Recompilation$44618$3841A$\^function\_.L:1#issueCommand(&lt;function&gt;:124)&#xa;&#x9;at jdk.nashorn.internal.scripts.Script$Recompilation$44618$3841A$\^function\_.L:1#issueCommand(&lt;function&gt;:124)&#xa;&#x9;at jdk.nashorn.internal.scripts.Script$Recompilation$44618$3841A$\^function\_.L:1#issueCommand(&lt;function&gt;:124)&#xa;&#x9;at jdk.nashorn.internal.scripts.Script$Recompilation$44618$3841A$\^function\_.L:1#issueCommand(&lt;function&gt;:124)&#xa;&#x9;at jdk.nashorn.internal.scripts.Script$Recompilation$44618$3841A$\^function\_.L:1#issueCommand(&lt;function&gt;:124)&#xa;&#x9;at jdk.nashorn.internal.scripts.Script$Recompilation$44618$3841A$\^function\_.L:1#issueCommand(&lt;function&gt;:124)&#xa;&#x9;at jdk.nashorn.internal.scripts.Script$Recompilation$44618$3841A$\^function\_.L:1#issueCommand(&lt;function&gt;:124)&#xa;&#x9;at jdk.nashorn.internal.scripts.Script$Recompilation$44618$3841A$\^function\_.L:1#issueCommand(&lt;function&gt;:124)&#xa;&#x9;at jdk.nashorn.internal.scripts.Script$Recompilation$44618$3841A$\^function\_.L:1#issueCommand(&lt;function&gt;:124)&#xa;&#x9;at jdk.nashorn.internal.scripts.Script$Recompilation$44618$3841A$\^function\_.L:1#issueCommand(&lt;function&gt;:124)&#xa;&#x9;at jdk.nashorn.internal.scripts.Script$Recompilation$44618$3841A$\^function\_.L:1#issueCommand(&lt;function&gt;:124)&#xa;&#x9;at jdk.nashorn.internal.scripts.Script$Recompilation$44618$3841A$\^function\_.L:1#issueCommand(&lt;function&gt;:124)&#xa;&#x9;at jdk.nashorn.internal.scripts.Script$Recompilation$44618$3841A$\^function\_.L:1#issueCommand(&lt;function&gt;:124)&#xa;&#x9;at jdk.nashorn.internal.scripts.Script$Recompilation$44618$3841A$\^function\_.L:1#issueCommand(&lt;function&gt;:124)&#xa;&#x9;at jdk.nashorn.internal.scripts.Script$Recompilation$44618$3841A$\^function\_.L:1#issueCommand(&lt;function&gt;:124)&#xa;&#x9;at jdk.nashorn.internal.scripts.Script$Recompilation$44618$3841A$\^function\_.L:1#issueCommand(&lt;function&gt;:124)&#xa;&#x9;at jdk.nashorn.internal.scripts.Script$Recompilation$44618$3841A$\^function\_.L:1#issueCommand(&lt;function&gt;:124)&#xa;&#x9;at jdk.nashorn.internal.scripts.Script$Recompilation$44618$3841A$\^function\_.L:1#issueCommand(&lt;function&gt;:124)&#xa;&#x9;at jdk.nashorn.internal.scripts.Script$Recompilation$44618$3841A$\^function\_.L:1#issueCommand(&lt;function&gt;:124)&#xa;&#x9;at jdk.nashorn.internal.scripts.Script$Recompilation$44618$3841A$\^function\_.L:1#issueCommand(&lt;function&gt;:124)&#xa;&#x9;at jdk.nashorn.internal.scripts.Script$Recompilation$44618$3841A$\^function\_.L:1#issueCommand(&lt;function&gt;:124)&#xa;&#x9;at jdk.nashorn.internal.scripts.Script$Recompilation$44618$3841A$\^function\_.L:1#issueCommand(&lt;function&gt;:124)&#xa;&#x9;at jdk.nashorn.internal.scripts.Script$Recompilation$44618$3841A$\^function\_.L:1#issueCommand(&lt;function&gt;:124)&#xa;&#x9;at jdk.nashorn.internal.scripts.Script$Recompilation$44618$3841A$\^function\_.L:1#issueCommand(&lt;function&gt;:124)&#xa;&#x9;at jdk.nashorn.internal.scripts.Script$Recompilation$44618$3841A$\^function\_.L:1#issueCommand(&lt;function&gt;:124)&#xa;&#x9;at jdk.nashorn.internal.scripts.Script$Recompilation$44618$3841A$\^function\_.L:1#issueCommand(&lt;function&gt;:124)&#xa;&#x9;at jdk.nashorn.internal.scripts.Script$Recompilation$44618$3841A$\^function\_.L:1#issueCommand(&lt;function&gt;:124)&#xa;&#x9;at jdk.nashorn.internal.scripts.Script$Recompilation$44618$3841A$\^function\_.L:1#issueCommand(&lt;function&gt;:124)&#xa;&#x9;at jdk.nashorn.internal.scripts.Script$Recompilation$44618$3841A$\^function\_.L:1#issueCommand(&lt;function&gt;:124)&#xa;&#x9;at jdk.nashorn.internal.scripts.Script$Recompilation$44618$3841A$\^function\_.L:1#issueCommand(&lt;function&gt;:124)&#xa;&#x9;at jdk.nashorn.internal.scripts.Script$Recompilation$44618$3841A$\^function\_.L:1#issueCommand(&lt;function&gt;:124)&#xa;&#x9;at jdk.nashorn.internal.scripts.Script$Recompilation$44618$3841A$\^function\_.L:1#issueCommand(&lt;function&gt;:124)&#xa;&#x9;at jdk.nashorn.internal.scripts.Script$Recompilation$44618$3841A$\^function\_.L:1#issueCommand(&lt;function&gt;:124)&#xa;&#x9;at jdk.nashorn.internal.scripts.Script$Recompilation$44618$3841A$\^function\_.L:1#issueCommand(&lt;function&gt;:124)&#xa;&#x9;at jdk.nashorn.internal.scripts.Script$Recompilation$44618$3841A$\^function\_.L:1#issueCommand(&lt;function&gt;:124)&#xa;&#x9;at jdk.nashorn.internal.scripts.Script$Recompilation$44618$3841A$\^function\_.L:1#issueCommand(&lt;function&gt;:124)&#xa;&#x9;at jdk.nashorn.internal.scripts.Script$Recompilation$44618$3841A$\^function\_.L:1#issueCommand(&lt;function&gt;:124)&#xa;&#x9;at jdk.nashorn.internal.scripts.Script$Recompilation$44618$3841A$\^function\_.L:1#issueCommand(&lt;function&gt;:124)&#xa;&#x9;at jdk.nashorn.internal.scripts.Script$Recompilation$44618$3841A$\^function\_.L:1#issueCommand(&lt;function&gt;:124)&#xa;&#x9;at jdk.nashorn.internal.scripts.Script$Recompilation$44618$3841A$\^function\_.L:1#issueCommand(&lt;function&gt;:124)&#xa;&#x9;at jdk.nashorn.internal.scripts.Script$Recompilation$44618$3841A$\^function\_.L:1#issueCommand(&lt;function&gt;:124)&#xa;&#x9;at jdk.nashorn.internal.scripts.Script$Recompilation$44618$3841A$\^function\_.L:1#issueCommand(&lt;function&gt;:124)&#xa;&#x9;at jdk.nashorn.internal.scripts.Script$Recompilation$44618$3841A$\^function\_.L:1#issueCommand(&lt;function&gt;:124)&#xa;&#x9;at jdk.nashorn.internal.scripts.Script$Recompilation$44618$3841A$\^function\_.L:1#issueCommand(&lt;function&gt;:124)&#xa;&#x9;at jdk.nashorn.internal.scripts.Script$Recompilation$44618$3841A$\^function\_.L:1#issueCommand(&lt;function&gt;:124)&#xa;&#x9;at jdk.nashorn.internal.scripts.Script$Recompilation$44618$3841A$\^function\_.L:1#issueCommand(&lt;function&gt;:124)&#xa;&#x9;at jdk.nashorn.internal.scripts.Script$Recompilation$44618$3841A$\^function\_.L:1#issueCommand(&lt;function&gt;:124)&#xa;&#x9;at jdk.nashorn.internal.scripts.Script$Recompilation$44618$3841A$\^function\_.L:1#issueCommand(&lt;function&gt;:124)&#xa;&#x9;at jdk.nashorn.internal.scripts.Script$Recompilation$44618$3841A$\^function\_.L:1#issueCommand(&lt;function&gt;:124)&#xa;&#x9;at jdk.nashorn.internal.scripts.Script$Recompilation$44618$3841A$\^function\_.L:1#issueCommand(&lt;function&gt;:124)&#xa;&#x9;at jdk.nashorn.internal.scripts.Script$Recompilation$44618$3841A$\^function\_.L:1#issueCommand(&lt;function&gt;:124)&#xa;&#x9;at jdk.nashorn.internal.scripts.Script$Recompilation$44618$3841A$\^function\_.L:1#issueCommand(&lt;function&gt;:124)&#xa;&#x9;at jdk.nashorn.internal.scripts.Script$Recompilation$44618$3841A$\^function\_.L:1#issueCommand(&lt;function&gt;:124)&#xa;&#x9;at jdk.nashorn.internal.scripts.Script$Recompilation$44618$3841A$\^function\_.L:1#issueCommand(&lt;function&gt;:124)&#xa;&#x9;at jdk.nashorn.internal.scripts.Script$Recompilation$44618$3841A$\^function\_.L:1#issueCommand(&lt;function&gt;:124)&#xa;&#x9;at jdk.nashorn.internal.scripts.Script$Recompilation$44618$3841A$\^function\_.L:1#issueCommand(&lt;function&gt;:124)&#xa;&#x9;at jdk.nashorn.internal.scripts.Script$Recompilation$44618$3841A$\^function\_.L:1#issueCommand(&lt;function&gt;:124)&#xa;&#x9;at jdk.nashorn.internal.scripts.Script$Recompilation$44618$3841A$\^function\_.L:1#issueCommand(&lt;function&gt;:124)&#xa;&#x9;at jdk.nashorn.internal.scripts.Script$Recompilation$44618$3841A$\^function\_.L:1#issueCommand(&lt;function&gt;:124)&#xa;&#x9;at jdk.nashorn.internal.scripts.Script$Recompilation$44618$3841A$\^function\_.L:1#issueCommand(&lt;function&gt;:124)&#xa;&#x9;at jdk.nashorn.internal.scripts.Script$Recompilation$44618$3841A$\^function\_.L:1#issueCommand(&lt;function&gt;:124)&#xa;&#x9;at jdk.nashorn.internal.scripts.Script$Recompilation$44618$3841A$\^function\_.L:1#issueCommand(&lt;function&gt;:124)&#xa;&#x9;at jdk.nashorn.internal.scripts.Script$Recompilation$44618$3841A$\^function\_.L:1#issueCommand(&lt;function&gt;:124)&#xa;&#x9;at jdk.nashorn.internal.scripts.Script$Recompilation$44618$3841A$\^function\_.L:1#issueCommand(&lt;function&gt;:124)&#xa;&#x9;at jdk.nashorn.internal.scripts.Script$Recompilation$44618$3841A$\^function\_.L:1#issueCommand(&lt;function&gt;:124)&#xa;&#x9;at jdk.nashorn.internal.scripts.Script$Recompilation$44618$3841A$\^function\_.L:1#issueCommand(&lt;function&gt;:124)&#xa;&#x9;at jdk.nashorn.internal.scripts.Script$Recompilation$44618$3841A$\^function\_.L:1#issueCommand(&lt;function&gt;:124)&#xa;&#x9;at jdk.nashorn.internal.scripts.Script$Recompilation$44618$3841A$\^function\_.L:1#issueCommand(&lt;function&gt;:124)&#xa;&#x9;at jdk.nashorn.internal.scripts.Script$Recompilation$44618$3841A$\^function\_.L:1#issueCommand(&lt;function&gt;:124)&#xa;&#x9;at jdk.nashorn.internal.scripts.Script$Recompilation$44618$3841A$\^function\_.L:1#issueCommand(&lt;function&gt;:124)&#xa;&#x9;at jdk.nashorn.internal.scripts.Script$Recompilation$44618$3841A$\^function\_.L:1#issueCommand(&lt;function&gt;:124)&#xa;&#x9;at jdk.nashorn.internal.scripts.Script$Recompilation$44618$3841A$\^function\_.L:1#issueCommand(&lt;function&gt;:124)&#xa;&#x9;at jdk.nashorn.internal.scripts.Script$Recompilation$44618$3841A$\^function\_.L:1#issueCommand(&lt;function&gt;:124)&#xa;&#x9;at jdk.nashorn.internal.scripts.Script$Recompilation$44618$3841A$\^function\_.L:1#issueCommand(&lt;function&gt;:124)&#xa;&#x9;at jdk.nashorn.internal.scripts.Script$Recompilation$44618$3841A$\^function\_.L:1#issueCommand(&lt;function&gt;:124)&#xa;&#x9;at jdk.nashorn.internal.scripts.Script$Recompilation$44618$3841A$\^function\_.L:1#issueCommand(&lt;function&gt;:124)&#xa;&#x9;at jdk.nashorn.internal.scripts.Script$Recompilation$44618$3841A$\^function\_.L:1#issueCommand(&lt;function&gt;:124)&#xa;&#x9;at jdk.nashorn.internal.scripts.Script$Recompilation$44618$3841A$\^function\_.L:1#issueCommand(&lt;function&gt;:124)&#xa;&#x9;at jdk.nashorn.internal.scripts.Script$Recompilation$44618$3841A$\^function\_.L:1#issueCommand(&lt;function&gt;:124)&#xa;&#x9;at jdk.nashorn.internal.scripts.Script$Recompilation$44618$3841A$\^function\_.L:1#issueCommand(&lt;function&gt;:124)&#xa;&#x9;at jdk.nashorn.internal.scripts.Script$Recompilation$44618$3841A$\^function\_.L:1#issueCommand(&lt;function&gt;:124)&#xa;&#x9;at jdk.nashorn.internal.scripts.Script$Recompilation$44618$3841A$\^function\_.L:1#issueCommand(&lt;function&gt;:124)&#xa;&#x9;at jdk.nashorn.internal.scripts.Script$Recompilation$44618$3841A$\^function\_.L:1#issueCommand(&lt;function&gt;:124)&#xa;&#x9;at jdk.nashorn.internal.scripts.Script$Recompilation$44618$3841A$\^function\_.L:1#issueCommand(&lt;function&gt;:124)&#xa;&#x9;at jdk.nashorn.internal.scripts.Script$Recompilation$44618$3841A$\^function\_.L:1#issueCommand(&lt;function&gt;:124)&#xa;&#x9;at jdk.nashorn.internal.scripts.Script$Recompilation$44618$3841A$\^function\_.L:1#issueCommand(&lt;function&gt;:124)&#xa;&#x9;at jdk.nashorn.internal.scripts.Script$Recompilation$44618$3841A$\^function\_.L:1#issueCommand(&lt;function&gt;:124)&#xa;&#x9;at jdk.nashorn.internal.scripts.Script$Recompilation$44618$3841A$\^function\_.L:1#issueCommand(&lt;function&gt;:124)&#xa;&#x9;at jdk.nashorn.internal.scripts.Script$Recompilation$44618$3841A$\^function\_.L:1#issueCommand(&lt;function&gt;:124)&#xa;&#x9;at jdk.nashorn.internal.scripts.Script$Recompilation$44618$3841A$\^function\_.L:1#issueCommand(&lt;function&gt;:124)&#xa;&#x9;at jdk.nashorn.internal.scripts.Script$Recompilation$44618$3841A$\^function\_.L:1#issueCommand(&lt;function&gt;:124)&#xa;&#x9;at jdk.nashorn.internal.scripts.Script$Recompilation$44618$3841A$\^function\_.L:1#issueCommand(&lt;function&gt;:124)&#xa;&#x9;at jdk.nashorn.internal.scripts.Script$Recompilation$44618$3841A$\^function\_.L:1#issueCommand(&lt;function&gt;:124)&#xa;&#x9;at jdk.nashorn.internal.scripts.Script$Recompilation$44618$3841A$\^function\_.L:1#issueCommand(&lt;function&gt;:124)&#xa;&#x9;at jdk.nashorn.internal.scripts.Script$Recompilation$44618$3841A$\^function\_.L:1#issueCommand(&lt;function&gt;:124)&#xa;&#x9;at jdk.nashorn.internal.scripts.Script$Recompilation$44618$3841A$\^function\_.L:1#issueCommand(&lt;function&gt;:124)&#xa;&#x9;at jdk.nashorn.internal.scripts.Script$Recompilation$44618$3841A$\^function\_.L:1#issueCommand(&lt;function&gt;:124)&#xa;&#x9;at jdk.nashorn.internal.scripts.Script$Recompilation$44618$3841A$\^function\_.L:1#issueCommand(&lt;function&gt;:124)&#xa;&#x9;at jdk.nashorn.internal.scripts.Script$Recompilation$44618$3841A$\^function\_.L:1#issueCommand(&lt;function&gt;:124)&#xa;&#x9;at jdk.nashorn.internal.scripts.Script$Recompilation$44618$3841A$\^function\_.L:1#issueCommand(&lt;function&gt;:124)&#xa;&#x9;at jdk.nashorn.internal.scripts.Script$Recompilation$44618$3841A$\^function\_.L:1#issueCommand(&lt;function&gt;:124)&#xa;&#x9;at jdk.nashorn.internal.scripts.Script$Recompilation$44618$3841A$\^function\_.L:1#issueCommand(&lt;function&gt;:124)&#xa;&#x9;at jdk.nashorn.internal.scripts.Script$Recompilation$44618$3841A$\^function\_.L:1#issueCommand(&lt;function&gt;:124)&#xa;&#x9;at jdk.nashorn.internal.scripts.Script$Recompilation$44618$3841A$\^function\_.L:1#issueCommand(&lt;function&gt;:124)&#xa;&#x9;at jdk.nashorn.internal.scripts.Script$Recompilation$44618$3841A$\^function\_.L:1#issueCommand(&lt;function&gt;:124)&#xa;&#x9;at jdk.nashorn.internal.scripts.Script$Recompilation$44618$3841A$\^function\_.L:1#issueCommand(&lt;function&gt;:124)&#xa;&#x9;at jdk.nashorn.internal.scripts.Script$Recompilation$44618$3841A$\^function\_.L:1#issueCommand(&lt;function&gt;:124)&#xa;&#x9;at jdk.nashorn.internal.scripts.Script$Recompilation$44618$3841A$\^function\_.L:1#issueCommand(&lt;function&gt;:124)&#xa;&#x9;at jdk.nashorn.internal.scripts.Script$Recompilation$44618$3841A$\^function\_.L:1#issueCommand(&lt;function&gt;:124)&#xa;&#x9;at jdk.nashorn.internal.scripts.Script$Recompilation$44618$3841A$\^function\_.L:1#issueCommand(&lt;function&gt;:124)&#xa;&#x9;at jdk.nashorn.internal.scripts.Script$Recompilation$44618$3841A$\^function\_.L:1#issueCommand(&lt;function&gt;:124)&#xa;&#x9;at jdk.nashorn.internal.scripts.Script$Recompilation$44618$3841A$\^function\_.L:1#issueCommand(&lt;function&gt;:124)&#xa;&#x9;at jdk.nashorn.internal.scripts.Script$Recompilation$44618$3841A$\^function\_.L:1#issueCommand(&lt;function&gt;:124)&#xa;&#x9;at jdk.nashorn.internal.scripts.Script$Recompilation$44618$3841A$\^function\_.L:1#issueCommand(&lt;function&gt;:124)&#xa;&#x9;at jdk.nashorn.internal.scripts.Script$Recompilation$44618$3841A$\^function\_.L:1#issueCommand(&lt;function&gt;:124)&#xa;&#x9;at jdk.nashorn.internal.scripts.Script$Recompilation$44618$3841A$\^function\_.L:1#issueCommand(&lt;function&gt;:124)&#xa;&#x9;at jdk.nashorn.internal.scripts.Script$Recompilation$44618$3841A$\^function\_.L:1#issueCommand(&lt;function&gt;:124)&#xa;&#x9;at jdk.nashorn.internal.scripts.Script$Recompilation$44618$3841A$\^function\_.L:1#issueCommand(&lt;function&gt;:124)&#xa;&#x9;at jdk.nashorn.internal.scripts.Script$Recompilation$44618$3841A$\^function\_.L:1#issueCommand(&lt;function&gt;:124)&#xa;&#x9;at jdk.nashorn.internal.scripts.Script$Recompilation$44618$3841A$\^function\_.L:1#issueCommand(&lt;function&gt;:124)&#xa;&#x9;at jdk.nashorn.internal.scripts.Script$Recompilation$44618$3841A$\^function\_.L:1#issueCommand(&lt;function&gt;:124)&#xa;&#x9;at jdk.nashorn.internal.scripts.Script$Recompilation$44618$3841A$\^function\_.L:1#issueCommand(&lt;function&gt;:124)&#xa;&#x9;at jdk.nashorn.internal.scripts.Script$Recompilation$44618$3841A$\^function\_.L:1#issueCommand(&lt;function&gt;:124)&#xa;&#x9;at jdk.nashorn.internal.scripts.Script$Recompilation$44618$3841A$\^function\_.L:1#issueCommand(&lt;function&gt;:124)&#xa;&#x9;at jdk.nashorn.internal.scripts.Script$Recompilation$44618$3841A$\^function\_.L:1#issueCommand(&lt;function&gt;:124)&#xa;&#x9;at jdk.nashorn.internal.scripts.Script$Recompilation$44618$3841A$\^function\_.L:1#issueCommand(&lt;function&gt;:124)&#xa;&#x9;at jdk.nashorn.internal.scripts.Script$Recompilation$44618$3841A$\^function\_.L:1#issueCommand(&lt;function&gt;:124)&#xa;&#x9;at jdk.nashorn.internal.scripts.Script$Recompilation$44618$3841A$\^function\_.L:1#issueCommand(&lt;function&gt;:124)&#xa;&#x9;at jdk.nashorn.internal.scripts.Script$Recompilation$44618$3841A$\^function\_.L:1#issueCommand(&lt;function&gt;:124)&#xa;&#x9;at jdk.nashorn.internal.scripts.Script$Recompilation$44618$3841A$\^function\_.L:1#issueCommand(&lt;function&gt;:124)&#xa;&#x9;at jdk.nashorn.internal.scripts.Script$Recompilation$44618$3841A$\^function\_.L:1#issueCommand(&lt;function&gt;:124)&#xa;&#x9;at jdk.nashorn.internal.scripts.Script$Recompilation$44618$3841A$\^function\_.L:1#issueCommand(&lt;function&gt;:124)&#xa;&#x9;at jdk.nashorn.internal.scripts.Script$Recompilation$44618$3841A$\^function\_.L:1#issueCommand(&lt;function&gt;:124)&#xa;&#x9;at jdk.nashorn.internal.scripts.Script$Recompilation$44618$3841A$\^function\_.L:1#issueCommand(&lt;function&gt;:124)&#xa;&#x9;at jdk.nashorn.internal.scripts.Script$Recompilation$44618$3841A$\^function\_.L:1#issueCommand(&lt;function&gt;:124)&#xa;&#x9;at jdk.nashorn.internal.scripts.Script$Recompilation$44618$3841A$\^function\_.L:1#issueCommand(&lt;function&gt;:124)&#xa;&#x9;at jdk.nashorn.internal.scripts.Script$Recompilation$44618$3841A$\^function\_.L:1#issueCommand(&lt;function&gt;:124)&#xa;&#x9;at jdk.nashorn.internal.scripts.Script$Recompilation$44618$3841A$\^function\_.L:1#issueCommand(&lt;function&gt;:124)&#xa;&#x9;at jdk.nashorn.internal.scripts.Script$Recompilation$44618$3841A$\^function\_.L:1#issueCommand(&lt;function&gt;:124)&#xa;&#x9;at jdk.nashorn.internal.scripts.Script$Recompilation$44618$3841A$\^function\_.L:1#issueCommand(&lt;function&gt;:124)&#xa;&#x9;at jdk.nashorn.internal.scripts.Script$Recompilation$44618$3841A$\^function\_.L:1#issueCommand(&lt;function&gt;:124)&#xa;&#x9;at jdk.nashorn.internal.scripts.Script$Recompilation$44618$3841A$\^function\_.L:1#issueCommand(&lt;function&gt;:124)&#xa;&#x9;at jdk.nashorn.internal.scripts.Script$Recompilation$44618$3841A$\^function\_.L:1#issueCommand(&lt;function&gt;:124)&#xa;&#x9;at jdk.nashorn.internal.scripts.Script$Recompilation$44618$3841A$\^function\_.L:1#issueCommand(&lt;function&gt;:124)&#xa;&#x9;at jdk.nashorn.internal.scripts.Script$Recompilation$44618$3841A$\^function\_.L:1#issueCommand(&lt;function&gt;:124)&#xa;&#x9;at jdk.nashorn.internal.scripts.Script$Recompilation$44618$3841A$\^function\_.L:1#issueCommand(&lt;function&gt;:124)&#xa;&#x9;at jdk.nashorn.internal.scripts.Script$Recompilation$44618$3841A$\^function\_.L:1#issueCommand(&lt;function&gt;:124)&#xa;&#x9;at jdk.nashorn.internal.scripts.Script$Recompilation$44618$3841A$\^function\_.L:1#issueCommand(&lt;function&gt;:124)&#xa;&#x9;at jdk.nashorn.internal.scripts.Script$Recompilation$44618$3841A$\^function\_.L:1#issueCommand(&lt;function&gt;:124)&#xa;&#x9;at jdk.nashorn.internal.scripts.Script$Recompilation$44618$3841A$\^function\_.L:1#issueCommand(&lt;function&gt;:124)&#xa;&#x9;at jdk.nashorn.internal.scripts.Script$Recompilation$44618$3841A$\^function\_.L:1#issueCommand(&lt;function&gt;:124)&#xa;&#x9;at jdk.nashorn.internal.scripts.Script$Recompilation$44618$3841A$\^function\_.L:1#issueCommand(&lt;function&gt;:124)&#xa;&#x9;at jdk.nashorn.internal.scripts.Script$Recompilation$44618$3841A$\^function\_.L:1#issueCommand(&lt;function&gt;:124)&#xa;&#x9;at jdk.nashorn.internal.scripts.Script$Recompilation$44618$3841A$\^function\_.L:1#issueCommand(&lt;function&gt;:124)&#xa;&#x9;at jdk.nashorn.internal.scripts.Script$Recompilation$44618$3841A$\^function\_.L:1#issueCommand(&lt;function&gt;:124)&#xa;&#x9;at jdk.nashorn.internal.scripts.Script$Recompilation$44618$3841A$\^function\_.L:1#issueCommand(&lt;function&gt;:124)&#xa;&#x9;at jdk.nashorn.internal.scripts.Script$Recompilation$44618$3841A$\^function\_.L:1#issueCommand(&lt;function&gt;:124)&#xa;&#x9;at jdk.nashorn.internal.scripts.Script$Recompilation$44618$3841A$\^function\_.L:1#issueCommand(&lt;function&gt;:124)&#xa;&#x9;at jdk.nashorn.internal.scripts.Script$Recompilation$44618$3841A$\^function\_.L:1#issueCommand(&lt;function&gt;:124)&#xa;&#x9;at jdk.nashorn.internal.scripts.Script$Recompilation$44618$3841A$\^function\_.L:1#issueCommand(&lt;function&gt;:124)&#xa;&#x9;at jdk.nashorn.internal.scripts.Script$Recompilation$44618$3841A$\^function\_.L:1#issueCommand(&lt;function&gt;:124)&#xa;&#x9;at jdk.nashorn.internal.scripts.Script$Recompilation$44618$3841A$\^function\_.L:1#issueCommand(&lt;function&gt;:124)&#xa;&#x9;at jdk.nashorn.internal.scripts.Script$Recompilation$44618$3841A$\^function\_.L:1#issueCommand(&lt;function&gt;:124)&#xa;&#x9;at jdk.nashorn.internal.scripts.Script$Recompilation$44618$3841A$\^function\_.L:1#issueCommand(&lt;function&gt;:124)&#xa;&#x9;at jdk.nashorn.internal.scripts.Script$Recompilation$44618$3841A$\^function\_.L:1#issueCommand(&lt;function&gt;:124)&#xa;&#x9;at jdk.nashorn.internal.scripts.Script$Recompilation$44618$3841A$\^function\_.L:1#issueCommand(&lt;function&gt;:124)&#xa;&#x9;at jdk.nashorn.internal.scripts.Script$Recompilation$44618$3841A$\^function\_.L:1#issueCommand(&lt;function&gt;:124)&#xa;&#x9;at jdk.nashorn.internal.scripts.Script$Recompilation$44618$3841A$\^function\_.L:1#issueCommand(&lt;function&gt;:124)&#xa; in /home/travis/build/icyphy/ptII/ptolemy/actor/lib/jjs/external/require.js#409:30&lt;eval&gt; at line number 1736 at column number 24&#xa;&#x9;at jdk.nashorn.api.scripting.NashornScriptEngine.throwAsScriptException(NashornScriptEngine.java:470)&#xa;&#x9;at jdk.nashorn.api.scripting.NashornScriptEngine.invokeImpl(NashornScriptEngine.java:392)&#xa;&#x9;at jdk.nashorn.api.scripting.NashornScriptEngine.invokeMethod(NashornScriptEngine.java:199)&#xa;&#x9;at ptolemy.actor.lib.jjs.JavaScript._invokeMethodInContext(JavaScript.java:2281)&#xa;&#x9;... 21 more&#xa;Caused by: /home/travis/build/icyphy/ptII/ptolemy/actor/lib/jjs/external/require.js#409:30&lt;eval&gt;:1736:24 Error: commonHost.js, react(), invoking a specific handler for &quot;trigger&quot;: Exception occurred in input handler for accessor SemanticYelpSearch, which has now has been removed.  Exception was: java.lang.StackOverflowError Stacktrace was: &#xa;java.lang.StackOverflowError&#xa;&#x9;at jdk.nashorn.internal.runtime.AccessorProperty.getObjectValue(AccessorProperty.java:417)&#xa;&#x9;at jdk.nashorn.internal.runtime.FindProperty.getObjectValue(FindProperty.java:229)&#xa;&#x9;at jdk.nashorn.internal.runtime.ScriptObject.get(ScriptObject.java:2860)&#xa;&#x9;at jdk.nashorn.internal.runtime.ScriptObject.get(ScriptObject.java:2877)&#xa;&#x9;at jdk.nashorn.internal.scripts.Script$Recompilation$44872$56054A$require.L:1#get(/home/travis/build/icyphy/ptII/ptolemy/actor/lib/jjs/external/require.js#409:30&lt;eval&gt;:1245)&#xa;&#x9;at jdk.nashorn.internal.scripts.Script$Recompilation$44618$3841A$\^function\_.L:1#issueCommand(&lt;function&gt;:116)&#xa;&#x9;at jdk.nashorn.internal.scripts.Script$Recompilation$44618$3841A$\^function\_.L:1#issueCommand(&lt;function&gt;:124)&#xa;&#x9;at jdk.nashorn.internal.scripts.Script$Recompilation$44618$3841A$\^function\_.L:1#issueCommand(&lt;function&gt;:124)&#xa;&#x9;at jdk.nashorn.internal.scripts.Script$Recompilation$44618$3841A$\^function\_.L:1#issueCommand(&lt;function&gt;:124)&#xa;&#x9;at jdk.nashorn.internal.scripts.Script$Recompilation$44618$3841A$\^function\_.L:1#issueCommand(&lt;function&gt;:124)&#xa;&#x9;at jdk.nashorn.internal.scripts.Script$Recompilation$44618$3841A$\^function\_.L:1#issueCommand(&lt;function&gt;:124)&#xa;&#x9;at jdk.nashorn.internal.scripts.Script$Recompilation$44618$3841A$\^function\_.L:1#issueCommand(&lt;function&gt;:124)&#xa;&#x9;at jdk.nashorn.internal.scripts.Script$Recompilation$44618$3841A$\^function\_.L:1#issueCommand(&lt;function&gt;:124)&#xa;&#x9;at jdk.nashorn.internal.scripts.Script$Recompilation$44618$3841A$\^function\_.L:1#issueCommand(&lt;function&gt;:124)&#xa;&#x9;at jdk.nashorn.internal.scripts.Script$Recompilation$44618$3841A$\^function\_.L:1#issueCommand(&lt;function&gt;:124)&#xa;&#x9;at jdk.nashorn.internal.scripts.Script$Recompilation$44618$3841A$\^function\_.L:1#issueCommand(&lt;function&gt;:124)&#xa;&#x9;at jdk.nashorn.internal.scripts.Script$Recompilation$44618$3841A$\^function\_.L:1#issueCommand(&lt;function&gt;:124)&#xa;&#x9;at jdk.nashorn.internal.scripts.Script$Recompilation$44618$3841A$\^function\_.L:1#issueCommand(&lt;function&gt;:124)&#xa;&#x9;at jdk.nashorn.internal.scripts.Script$Recompilation$44618$3841A$\^function\_.L:1#issueCommand(&lt;function&gt;:124)&#xa;&#x9;at jdk.nashorn.internal.scripts.Script$Recompilation$44618$3841A$\^function\_.L:1#issueCommand(&lt;function&gt;:124)&#xa;&#x9;at jdk.nashorn.internal.scripts.Script$Recompilation$44618$3841A$\^function\_.L:1#issueCommand(&lt;function&gt;:124)&#xa;&#x9;at jdk.nashorn.internal.scripts.Script$Recompilation$44618$3841A$\^function\_.L:1#issueCommand(&lt;function&gt;:124)&#xa;&#x9;at jdk.nashorn.internal.scripts.Script$Recompilation$44618$3841A$\^function\_.L:1#issueCommand(&lt;function&gt;:124)&#xa;&#x9;at jdk.nashorn.internal.scripts.Script$Recompilation$44618$3841A$\^function\_.L:1#issueCommand(&lt;function&gt;:124)&#xa;&#x9;at jdk.nashorn.internal.scripts.Script$Recompilation$44618$3841A$\^function\_.L:1#issueCommand(&lt;function&gt;:124)&#xa;&#x9;at jdk.nashorn.internal.scripts.Script$Recompilation$44618$3841A$\^function\_.L:1#issueCommand(&lt;function&gt;:124)&#xa;&#x9;at jdk.nashorn.internal.scripts.Script$Recompilation$44618$3841A$\^function\_.L:1#issueCommand(&lt;function&gt;:124)&#xa;&#x9;at jdk.nashorn.internal.scripts.Script$Recompilation$44618$3841A$\^function\_.L:1#issueCommand(&lt;function&gt;:124)&#xa;&#x9;at jdk.nashorn.internal.scripts.Script$Recompilation$44618$3841A$\^function\_.L:1#issueCommand(&lt;function&gt;:124)&#xa;&#x9;at jdk.nashorn.internal.scripts.Script$Recompilation$44618$3841A$\^function\_.L:1#issueCommand(&lt;function&gt;:124)&#xa;&#x9;at jdk.nashorn.internal.scripts.Script$Recompilation$44618$3841A$\^function\_.L:1#issueCommand(&lt;function&gt;:124)&#xa;&#x9;at jdk.nashorn.internal.scripts.Script$Recompilation$44618$3841A$\^function\_.L:1#issueCommand(&lt;function&gt;:124)&#xa;&#x9;at jdk.nashorn.internal.scripts.Script$Recompilation$44618$3841A$\^function\_.L:1#issueCommand(&lt;function&gt;:124)&#xa;&#x9;at jdk.nashorn.internal.scripts.Script$Recompilation$44618$3841A$\^function\_.L:1#issueCommand(&lt;function&gt;:124)&#xa;&#x9;at jdk.nashorn.internal.scripts.Script$Recompilation$44618$3841A$\^function\_.L:1#issueCommand(&lt;function&gt;:124)&#xa;&#x9;at jdk.nashorn.internal.scripts.Script$Recompilation$44618$3841A$\^function\_.L:1#issueCommand(&lt;function&gt;:124)&#xa;&#x9;at jdk.nashorn.internal.scripts.Script$Recompilation$44618$3841A$\^function\_.L:1#issueCommand(&lt;function&gt;:124)&#xa;&#x9;at jdk.nashorn.internal.scripts.Script$Recompilation$44618$3841A$\^function\_.L:1#issueCommand(&lt;function&gt;:124)&#xa;&#x9;at jdk.nashorn.internal.scripts.Script$Recompilation$44618$3841A$\^function\_.L:1#issueCommand(&lt;function&gt;:124)&#xa;&#x9;at jdk.nashorn.internal.scripts.Script$Recompilation$44618$3841A$\^function\_.L:1#issueCommand(&lt;function&gt;:124)&#xa;&#x9;at jdk.nashorn.internal.scripts.Script$Recompilation$44618$3841A$\^function\_.L:1#issueCommand(&lt;function&gt;:124)&#xa;&#x9;at jdk.nashorn.internal.scripts.Script$Recompilation$44618$3841A$\^function\_.L:1#issueCommand(&lt;function&gt;:124)&#xa;&#x9;at jdk.nashorn.internal.scripts.Script$Recompilation$44618$3841A$\^function\_.L:1#issueCommand(&lt;function&gt;:124)&#xa;&#x9;at jdk.nashorn.internal.scripts.Script$Recompilation$44618$3841A$\^function\_.L:1#issueCommand(&lt;function&gt;:124)&#xa;&#x9;at jdk.nashorn.internal.scripts.Script$Recompilation$44618$3841A$\^function\_.L:1#issueCommand(&lt;function&gt;:124)&#xa;&#x9;at jdk.nashorn.internal.scripts.Script$Recompilation$44618$3841A$\^function\_.L:1#issueCommand(&lt;function&gt;:124)&#xa;&#x9;at jdk.nashorn.internal.scripts.Script$Recompilation$44618$3841A$\^function\_.L:1#issueCommand(&lt;function&gt;:124)&#xa;&#x9;at jdk.nashorn.internal.scripts.Script$Recompilation$44618$3841A$\^function\_.L:1#issueCommand(&lt;function&gt;:124)&#xa;&#x9;at jdk.nashorn.internal.scripts.Script$Recompilation$44618$3841A$\^function\_.L:1#issueCommand(&lt;function&gt;:124)&#xa;&#x9;at jdk.nashorn.internal.scripts.Script$Recompilation$44618$3841A$\^function\_.L:1#issueCommand(&lt;function&gt;:124)&#xa;&#x9;at jdk.nashorn.internal.scripts.Script$Recompilation$44618$3841A$\^function\_.L:1#issueCommand(&lt;function&gt;:124)&#xa;&#x9;at jdk.nashorn.internal.scripts.Script$Recompilation$44618$3841A$\^function\_.L:1#issueCommand(&lt;function&gt;:124)&#xa;&#x9;at jdk.nashorn.internal.scripts.Script$Recompilation$44618$3841A$\^function\_.L:1#issueCommand(&lt;function&gt;:124)&#xa;&#x9;at jdk.nashorn.internal.scripts.Script$Recompilation$44618$3841A$\^function\_.L:1#issueCommand(&lt;function&gt;:124)&#xa;&#x9;at jdk.nashorn.internal.scripts.Script$Recompilation$44618$3841A$\^function\_.L:1#issueCommand(&lt;function&gt;:124)&#xa;&#x9;at jdk.nashorn.internal.scripts.Script$Recompilation$44618$3841A$\^function\_.L:1#issueCommand(&lt;function&gt;:124)&#xa;&#x9;at jdk.nashorn.internal.scripts.Script$Recompilation$44618$3841A$\^function\_.L:1#issueCommand(&lt;function&gt;:124)&#xa;&#x9;at jdk.nashorn.internal.scripts.Script$Recompilation$44618$3841A$\^function\_.L:1#issueCommand(&lt;function&gt;:124)&#xa;&#x9;at jdk.nashorn.internal.scripts.Script$Recompilation$44618$3841A$\^function\_.L:1#issueCommand(&lt;function&gt;:124)&#xa;&#x9;at jdk.nashorn.internal.scripts.Script$Recompilation$44618$3841A$\^function\_.L:1#issueCommand(&lt;function&gt;:124)&#xa;&#x9;at jdk.nashorn.internal.scripts.Script$Recompilation$44618$3841A$\^function\_.L:1#issueCommand(&lt;function&gt;:124)&#xa;&#x9;at jdk.nashorn.internal.scripts.Script$Recompilation$44618$3841A$\^function\_.L:1#issueCommand(&lt;function&gt;:124)&#xa;&#x9;at jdk.nashorn.internal.scripts.Script$Recompilation$44618$3841A$\^function\_.L:1#issueCommand(&lt;function&gt;:124)&#xa;&#x9;at jdk.nashorn.internal.scripts.Script$Recompilation$44618$3841A$\^function\_.L:1#issueCommand(&lt;function&gt;:124)&#xa;&#x9;at jdk.nashorn.internal.scripts.Script$Recompilation$44618$3841A$\^function\_.L:1#issueCommand(&lt;function&gt;:124)&#xa;&#x9;at jdk.nashorn.internal.scripts.Script$Recompilation$44618$3841A$\^function\_.L:1#issueCommand(&lt;function&gt;:124)&#xa;&#x9;at jdk.nashorn.internal.scripts.Script$Recompilation$44618$3841A$\^function\_.L:1#issueCommand(&lt;function&gt;:124)&#xa;&#x9;at jdk.nashorn.internal.scripts.Script$Recompilation$44618$3841A$\^function\_.L:1#issueCommand(&lt;function&gt;:124)&#xa;&#x9;at jdk.nashorn.internal.scripts.Script$Recompilation$44618$3841A$\^function\_.L:1#issueCommand(&lt;function&gt;:124)&#xa;&#x9;at jdk.nashorn.internal.scripts.Script$Recompilation$44618$3841A$\^function\_.L:1#issueCommand(&lt;function&gt;:124)&#xa;&#x9;at jdk.nashorn.internal.scripts.Script$Recompilation$44618$3841A$\^function\_.L:1#issueCommand(&lt;function&gt;:124)&#xa;&#x9;at jdk.nashorn.internal.scripts.Script$Recompilation$44618$3841A$\^function\_.L:1#issueCommand(&lt;function&gt;:124)&#xa;&#x9;at jdk.nashorn.internal.scripts.Script$Recompilation$44618$3841A$\^function\_.L:1#issueCommand(&lt;function&gt;:124)&#xa;&#x9;at jdk.nashorn.internal.scripts.Script$Recompilation$44618$3841A$\^function\_.L:1#issueCommand(&lt;function&gt;:124)&#xa;&#x9;at jdk.nashorn.internal.scripts.Script$Recompilation$44618$3841A$\^function\_.L:1#issueCommand(&lt;function&gt;:124)&#xa;&#x9;at jdk.nashorn.internal.scripts.Script$Recompilation$44618$3841A$\^function\_.L:1#issueCommand(&lt;function&gt;:124)&#xa;&#x9;at jdk.nashorn.internal.scripts.Script$Recompilation$44618$3841A$\^function\_.L:1#issueCommand(&lt;function&gt;:124)&#xa;&#x9;at jdk.nashorn.internal.scripts.Script$Recompilation$44618$3841A$\^function\_.L:1#issueCommand(&lt;function&gt;:124)&#xa;&#x9;at jdk.nashorn.internal.scripts.Script$Recompilation$44618$3841A$\^function\_.L:1#issueCommand(&lt;function&gt;:124)&#xa;&#x9;at jdk.nashorn.internal.scripts.Script$Recompilation$44618$3841A$\^function\_.L:1#issueCommand(&lt;function&gt;:124)&#xa;&#x9;at jdk.nashorn.internal.scripts.Script$Recompilation$44618$3841A$\^function\_.L:1#issueCommand(&lt;function&gt;:124)&#xa;&#x9;at jdk.nashorn.internal.scripts.Script$Recompilation$44618$3841A$\^function\_.L:1#issueCommand(&lt;function&gt;:124)&#xa;&#x9;at jdk.nashorn.internal.scripts.Script$Recompilation$44618$3841A$\^function\_.L:1#issueCommand(&lt;function&gt;:124)&#xa;&#x9;at jdk.nashorn.internal.scripts.Script$Recompilation$44618$3841A$\^function\_.L:1#issueCommand(&lt;function&gt;:124)&#xa;&#x9;at jdk.nashorn.internal.scripts.Script$Recompilation$44618$3841A$\^function\_.L:1#issueCommand(&lt;function&gt;:124)&#xa;&#x9;at jdk.nashorn.internal.scripts.Script$Recompilation$44618$3841A$\^function\_.L:1#issueCommand(&lt;function&gt;:124)&#xa;&#x9;at jdk.nashorn.internal.scripts.Script$Recompilation$44618$3841A$\^function\_.L:1#issueCommand(&lt;function&gt;:124)&#xa;&#x9;at jdk.nashorn.internal.scripts.Script$Recompilation$44618$3841A$\^function\_.L:1#issueCommand(&lt;function&gt;:124)&#xa;&#x9;at jdk.nashorn.internal.scripts.Script$Recompilation$44618$3841A$\^function\_.L:1#issueCommand(&lt;function&gt;:124)&#xa;&#x9;at jdk.nashorn.internal.scripts.Script$Recompilation$44618$3841A$\^function\_.L:1#issueCommand(&lt;function&gt;:124)&#xa;&#x9;at jdk.nashorn.internal.scripts.Script$Recompilation$44618$3841A$\^function\_.L:1#issueCommand(&lt;function&gt;:124)&#xa;&#x9;at jdk.nashorn.internal.scripts.Script$Recompilation$44618$3841A$\^function\_.L:1#issueCommand(&lt;function&gt;:124)&#xa;&#x9;at jdk.nashorn.internal.scripts.Script$Recompilation$44618$3841A$\^function\_.L:1#issueCommand(&lt;function&gt;:124)&#xa;&#x9;at jdk.nashorn.internal.scripts.Script$Recompilation$44618$3841A$\^function\_.L:1#issueCommand(&lt;function&gt;:124)&#xa;&#x9;at jdk.nashorn.internal.scripts.Script$Recompilation$44618$3841A$\^function\_.L:1#issueCommand(&lt;function&gt;:124)&#xa;&#x9;at jdk.nashorn.internal.scripts.Script$Recompilation$44618$3841A$\^function\_.L:1#issueCommand(&lt;function&gt;:124)&#xa;&#x9;at jdk.nashorn.internal.scripts.Script$Recompilation$44618$3841A$\^function\_.L:1#issueCommand(&lt;function&gt;:124)&#xa;&#x9;at jdk.nashorn.internal.scripts.Script$Recompilation$44618$3841A$\^function\_.L:1#issueCommand(&lt;function&gt;:124)&#xa;&#x9;at jdk.nashorn.internal.scripts.Script$Recompilation$44618$3841A$\^function\_.L:1#issueCommand(&lt;function&gt;:124)&#xa;&#x9;at jdk.nashorn.internal.scripts.Script$Recompilation$44618$3841A$\^function\_.L:1#issueCommand(&lt;function&gt;:124)&#xa;&#x9;at jdk.nashorn.internal.scripts.Script$Recompilation$44618$3841A$\^function\_.L:1#issueCommand(&lt;function&gt;:124)&#xa;&#x9;at jdk.nashorn.internal.scripts.Script$Recompilation$44618$3841A$\^function\_.L:1#issueCommand(&lt;function&gt;:124)&#xa;&#x9;at jdk.nashorn.internal.scripts.Script$Recompilation$44618$3841A$\^function\_.L:1#issueCommand(&lt;function&gt;:124)&#xa;&#x9;at jdk.nashorn.internal.scripts.Script$Recompilation$44618$3841A$\^function\_.L:1#issueCommand(&lt;function&gt;:124)&#xa;&#x9;at jdk.nashorn.internal.scripts.Script$Recompilation$44618$3841A$\^function\_.L:1#issueCommand(&lt;function&gt;:124)&#xa;&#x9;at jdk.nashorn.internal.scripts.Script$Recompilation$44618$3841A$\^function\_.L:1#issueCommand(&lt;function&gt;:124)&#xa;&#x9;at jdk.nashorn.internal.scripts.Script$Recompilation$44618$3841A$\^function\_.L:1#issueCommand(&lt;function&gt;:124)&#xa;&#x9;at jdk.nashorn.internal.scripts.Script$Recompilation$44618$3841A$\^function\_.L:1#issueCommand(&lt;function&gt;:124)&#xa;&#x9;at jdk.nashorn.internal.scripts.Script$Recompilation$44618$3841A$\^function\_.L:1#issueCommand(&lt;function&gt;:124)&#xa;&#x9;at jdk.nashorn.internal.scripts.Script$Recompilation$44618$3841A$\^function\_.L:1#issueCommand(&lt;function&gt;:124)&#xa;&#x9;at jdk.nashorn.internal.scripts.Script$Recompilation$44618$3841A$\^function\_.L:1#issueCommand(&lt;function&gt;:124)&#xa;&#x9;at jdk.nashorn.internal.scripts.Script$Recompilation$44618$3841A$\^function\_.L:1#issueCommand(&lt;function&gt;:124)&#xa;&#x9;at jdk.nashorn.internal.scripts.Script$Recompilation$44618$3841A$\^function\_.L:1#issueCommand(&lt;function&gt;:124)&#xa;&#x9;at jdk.nashorn.internal.scripts.Script$Recompilation$44618$3841A$\^function\_.L:1#issueCommand(&lt;function&gt;:124)&#xa;&#x9;at jdk.nashorn.internal.scripts.Script$Recompilation$44618$3841A$\^function\_.L:1#issueCommand(&lt;function&gt;:124)&#xa;&#x9;at jdk.nashorn.internal.scripts.Script$Recompilation$44618$3841A$\^function\_.L:1#issueCommand(&lt;function&gt;:124)&#xa;&#x9;at jdk.nashorn.internal.scripts.Script$Recompilation$44618$3841A$\^function\_.L:1#issueCommand(&lt;function&gt;:124)&#xa;&#x9;at jdk.nashorn.internal.scripts.Script$Recompilation$44618$3841A$\^function\_.L:1#issueCommand(&lt;function&gt;:124)&#xa;&#x9;at jdk.nashorn.internal.scripts.Script$Recompilation$44618$3841A$\^function\_.L:1#issueCommand(&lt;function&gt;:124)&#xa;&#x9;at jdk.nashorn.internal.scripts.Script$Recompilation$44618$3841A$\^function\_.L:1#issueCommand(&lt;function&gt;:124)&#xa;&#x9;at jdk.nashorn.internal.scripts.Script$Recompilation$44618$3841A$\^function\_.L:1#issueCommand(&lt;function&gt;:124)&#xa;&#x9;at jdk.nashorn.internal.scripts.Script$Recompilation$44618$3841A$\^function\_.L:1#issueCommand(&lt;function&gt;:124)&#xa;&#x9;at jdk.nashorn.internal.scripts.Script$Recompilation$44618$3841A$\^function\_.L:1#issueCommand(&lt;function&gt;:124)&#xa;&#x9;at jdk.nashorn.internal.scripts.Script$Recompilation$44618$3841A$\^function\_.L:1#issueCommand(&lt;function&gt;:124)&#xa;&#x9;at jdk.nashorn.internal.scripts.Script$Recompilation$44618$3841A$\^function\_.L:1#issueCommand(&lt;function&gt;:124)&#xa;&#x9;at jdk.nashorn.internal.scripts.Script$Recompilation$44618$3841A$\^function\_.L:1#issueCommand(&lt;function&gt;:124)&#xa;&#x9;at jdk.nashorn.internal.scripts.Script$Recompilation$44618$3841A$\^function\_.L:1#issueCommand(&lt;function&gt;:124)&#xa;&#x9;at jdk.nashorn.internal.scripts.Script$Recompilation$44618$3841A$\^function\_.L:1#issueCommand(&lt;function&gt;:124)&#xa;&#x9;at jdk.nashorn.internal.scripts.Script$Recompilation$44618$3841A$\^function\_.L:1#issueCommand(&lt;function&gt;:124)&#xa;&#x9;at jdk.nashorn.internal.scripts.Script$Recompilation$44618$3841A$\^function\_.L:1#issueCommand(&lt;function&gt;:124)&#xa;&#x9;at jdk.nashorn.internal.scripts.Script$Recompilation$44618$3841A$\^function\_.L:1#issueCommand(&lt;function&gt;:124)&#xa;&#x9;at jdk.nashorn.internal.scripts.Script$Recompilation$44618$3841A$\^function\_.L:1#issueCommand(&lt;function&gt;:124)&#xa;&#x9;at jdk.nashorn.internal.scripts.Script$Recompilation$44618$3841A$\^function\_.L:1#issueCommand(&lt;function&gt;:124)&#xa;&#x9;at jdk.nashorn.internal.scripts.Script$Recompilation$44618$3841A$\^function\_.L:1#issueCommand(&lt;function&gt;:124)&#xa;&#x9;at jdk.nashorn.internal.scripts.Script$Recompilation$44618$3841A$\^function\_.L:1#issueCommand(&lt;function&gt;:124)&#xa;&#x9;at jdk.nashorn.internal.scripts.Script$Recompilation$44618$3841A$\^function\_.L:1#issueCommand(&lt;function&gt;:124)&#xa;&#x9;at jdk.nashorn.internal.scripts.Script$Recompilation$44618$3841A$\^function\_.L:1#issueCommand(&lt;function&gt;:124)&#xa;&#x9;at jdk.nashorn.internal.scripts.Script$Recompilation$44618$3841A$\^function\_.L:1#issueCommand(&lt;function&gt;:124)&#xa;&#x9;at jdk.nashorn.internal.scripts.Script$Recompilation$44618$3841A$\^function\_.L:1#issueCommand(&lt;function&gt;:124)&#xa;&#x9;at jdk.nashorn.internal.scripts.Script$Recompilation$44618$3841A$\^function\_.L:1#issueCommand(&lt;function&gt;:124)&#xa;&#x9;at jdk.nashorn.internal.scripts.Script$Recompilation$44618$3841A$\^function\_.L:1#issueCommand(&lt;function&gt;:124)&#xa;&#x9;at jdk.nashorn.internal.scripts.Script$Recompilation$44618$3841A$\^function\_.L:1#issueCommand(&lt;function&gt;:124)&#xa;&#x9;at jdk.nashorn.internal.scripts.Script$Recompilation$44618$3841A$\^function\_.L:1#issueCommand(&lt;function&gt;:124)&#xa;&#x9;at jdk.nashorn.internal.scripts.Script$Recompilation$44618$3841A$\^function\_.L:1#issueCommand(&lt;function&gt;:124)&#xa;&#x9;at jdk.nashorn.internal.scripts.Script$Recompilation$44618$3841A$\^function\_.L:1#issueCommand(&lt;function&gt;:124)&#xa;&#x9;at jdk.nashorn.internal.scripts.Script$Recompilation$44618$3841A$\^function\_.L:1#issueCommand(&lt;function&gt;:124)&#xa;&#x9;at jdk.nashorn.internal.scripts.Script$Recompilation$44618$3841A$\^function\_.L:1#issueCommand(&lt;function&gt;:124)&#xa;&#x9;at jdk.nashorn.internal.scripts.Script$Recompilation$44618$3841A$\^function\_.L:1#issueCommand(&lt;function&gt;:124)&#xa;&#x9;at jdk.nashorn.internal.scripts.Script$Recompilation$44618$3841A$\^function\_.L:1#issueCommand(&lt;function&gt;:124)&#xa;&#x9;at jdk.nashorn.internal.scripts.Script$Recompilation$44618$3841A$\^function\_.L:1#issueCommand(&lt;function&gt;:124)&#xa;&#x9;at jdk.nashorn.internal.scripts.Script$Recompilation$44618$3841A$\^function\_.L:1#issueCommand(&lt;function&gt;:124)&#xa;&#x9;at jdk.nashorn.internal.scripts.Script$Recompilation$44618$3841A$\^function\_.L:1#issueCommand(&lt;function&gt;:124)&#xa;&#x9;at jdk.nashorn.internal.scripts.Script$Recompilation$44618$3841A$\^function\_.L:1#issueCommand(&lt;function&gt;:124)&#xa;&#x9;at jdk.nashorn.internal.scripts.Script$Recompilation$44618$3841A$\^function\_.L:1#issueCommand(&lt;function&gt;:124)&#xa;&#x9;at jdk.nashorn.internal.scripts.Script$Recompilation$44618$3841A$\^function\_.L:1#issueCommand(&lt;function&gt;:124)&#xa;&#x9;at jdk.nashorn.internal.scripts.Script$Recompilation$44618$3841A$\^function\_.L:1#issueCommand(&lt;function&gt;:124)&#xa;&#x9;at jdk.nashorn.internal.scripts.Script$Recompilation$44618$3841A$\^function\_.L:1#issueCommand(&lt;function&gt;:124)&#xa;&#x9;at jdk.nashorn.internal.scripts.Script$Recompilation$44618$3841A$\^function\_.L:1#issueCommand(&lt;function&gt;:124)&#xa;&#x9;at jdk.nashorn.internal.scripts.Script$Recompilation$44618$3841A$\^function\_.L:1#issueCommand(&lt;function&gt;:124)&#xa;&#x9;at jdk.nashorn.internal.scripts.Script$Recompilation$44618$3841A$\^function\_.L:1#issueCommand(&lt;function&gt;:124)&#xa;&#x9;at jdk.nashorn.internal.scripts.Script$Recompilation$44618$3841A$\^function\_.L:1#issueCommand(&lt;function&gt;:124)&#xa;&#x9;at jdk.nashorn.internal.scripts.Script$Recompilation$44618$3841A$\^function\_.L:1#issueCommand(&lt;function&gt;:124)&#xa;&#x9;at jdk.nashorn.internal.scripts.Script$Recompilation$44618$3841A$\^function\_.L:1#issueCommand(&lt;function&gt;:124)&#xa;&#x9;at jdk.nashorn.internal.scripts.Script$Recompilation$44618$3841A$\^function\_.L:1#issueCommand(&lt;function&gt;:124)&#xa;&#x9;at jdk.nashorn.internal.scripts.Script$Recompilation$44618$3841A$\^function\_.L:1#issueCommand(&lt;function&gt;:124)&#xa;&#x9;at jdk.nashorn.internal.scripts.Script$Recompilation$44618$3841A$\^function\_.L:1#issueCommand(&lt;function&gt;:124)&#xa;&#x9;at jdk.nashorn.internal.scripts.Script$Recompilation$44618$3841A$\^function\_.L:1#issueCommand(&lt;function&gt;:124)&#xa;&#x9;at jdk.nashorn.internal.scripts.Script$Recompilation$44618$3841A$\^function\_.L:1#issueCommand(&lt;function&gt;:124)&#xa;&#x9;at jdk.nashorn.internal.scripts.Script$Recompilation$44618$3841A$\^function\_.L:1#issueCommand(&lt;function&gt;:124)&#xa;&#x9;at jdk.nashorn.internal.scripts.Script$Recompilation$44618$3841A$\^function\_.L:1#issueCommand(&lt;function&gt;:124)&#xa;&#x9;at jdk.nashorn.internal.scripts.Script$Recompilation$44618$3841A$\^function\_.L:1#issueCommand(&lt;function&gt;:124)&#xa;&#x9;at jdk.nashorn.internal.scripts.Script$Recompilation$44618$3841A$\^function\_.L:1#issueCommand(&lt;function&gt;:124)&#xa;&#x9;at jdk.nashorn.internal.scripts.Script$Recompilation$44618$3841A$\^function\_.L:1#issueCommand(&lt;function&gt;:124)&#xa;&#x9;at jdk.nashorn.internal.scripts.Script$Recompilation$44618$3841A$\^function\_.L:1#issueCommand(&lt;function&gt;:124)&#xa;&#x9;at jdk.nashorn.internal.scripts.Script$Recompilation$44618$3841A$\^function\_.L:1#issueCommand(&lt;function&gt;:124)&#xa;&#x9;at jdk.nashorn.internal.scripts.Script$Recompilation$44618$3841A$\^function\_.L:1#issueCommand(&lt;function&gt;:124)&#xa;&#x9;at jdk.nashorn.internal.scripts.Script$Recompilation$44618$3841A$\^function\_.L:1#issueCommand(&lt;function&gt;:124)&#xa;&#x9;at jdk.nashorn.internal.scripts.Script$Recompilation$44618$3841A$\^function\_.L:1#issueCommand(&lt;function&gt;:124)&#xa;&#x9;at jdk.nashorn.internal.scripts.Script$Recompilation$44618$3841A$\^function\_.L:1#issueCommand(&lt;function&gt;:124)&#xa;&#x9;at jdk.nashorn.internal.scripts.Script$Recompilation$44618$3841A$\^function\_.L:1#issueCommand(&lt;function&gt;:124)&#xa;&#x9;at jdk.nashorn.internal.scripts.Script$Recompilation$44618$3841A$\^function\_.L:1#issueCommand(&lt;function&gt;:124)&#xa;&#x9;at jdk.nashorn.internal.scripts.Script$Recompilation$44618$3841A$\^function\_.L:1#issueCommand(&lt;function&gt;:124)&#xa;&#x9;at jdk.nashorn.internal.scripts.Script$Recompilation$44618$3841A$\^function\_.L:1#issueCommand(&lt;function&gt;:124)&#xa;&#x9;at jdk.nashorn.internal.scripts.Script$Recompilation$44618$3841A$\^function\_.L:1#issueCommand(&lt;function&gt;:124)&#xa;&#x9;at jdk.nashorn.internal.scripts.Script$Recompilation$44618$3841A$\^function\_.L:1#issueCommand(&lt;function&gt;:124)&#xa;&#x9;at jdk.nashorn.internal.scripts.Script$Recompilation$44618$3841A$\^function\_.L:1#issueCommand(&lt;function&gt;:124)&#xa;&#x9;at jdk.nashorn.internal.scripts.Script$Recompilation$44618$3841A$\^function\_.L:1#issueCommand(&lt;function&gt;:124)&#xa;&#x9;at jdk.nashorn.internal.scripts.Script$Recompilation$44618$3841A$\^function\_.L:1#issueCommand(&lt;function&gt;:124)&#xa;&#x9;at jdk.nashorn.internal.scripts.Script$Recompilation$44618$3841A$\^function\_.L:1#issueCommand(&lt;function&gt;:124)&#xa;&#x9;at jdk.nashorn.internal.scripts.Script$Recompilation$44618$3841A$\^function\_.L:1#issueCommand(&lt;function&gt;:124)&#xa;&#x9;at jdk.nashorn.internal.scripts.Script$Recompilation$44618$3841A$\^function\_.L:1#issueCommand(&lt;function&gt;:124)&#xa;&#x9;at jdk.nashorn.internal.scripts.Script$Recompilation$44618$3841A$\^function\_.L:1#issueCommand(&lt;function&gt;:124)&#xa;&#x9;at jdk.nashorn.internal.scripts.Script$Recompilation$44618$3841A$\^function\_.L:1#issueCommand(&lt;function&gt;:124)&#xa;&#x9;at jdk.nashorn.internal.scripts.Script$Recompilation$44618$3841A$\^function\_.L:1#issueCommand(&lt;function&gt;:124)&#xa;&#x9;at jdk.nashorn.internal.scripts.Script$Recompilation$44618$3841A$\^function\_.L:1#issueCommand(&lt;function&gt;:124)&#xa;&#x9;at jdk.nashorn.internal.scripts.Script$Recompilation$44618$3841A$\^function\_.L:1#issueCommand(&lt;function&gt;:124)&#xa;&#x9;at jdk.nashorn.internal.scripts.Script$Recompilation$44618$3841A$\^function\_.L:1#issueCommand(&lt;function&gt;:124)&#xa;&#x9;at jdk.nashorn.internal.scripts.Script$Recompilation$44618$3841A$\^function\_.L:1#issueCommand(&lt;function&gt;:124)&#xa;&#x9;at jdk.nashorn.internal.scripts.Script$Recompilation$44618$3841A$\^function\_.L:1#issueCommand(&lt;function&gt;:124)&#xa;&#x9;at jdk.nashorn.internal.scripts.Script$Recompilation$44618$3841A$\^function\_.L:1#issueCommand(&lt;function&gt;:124)&#xa;&#x9;at jdk.nashorn.internal.scripts.Script$Recompilation$44618$3841A$\^function\_.L:1#issueCommand(&lt;function&gt;:124)&#xa;&#x9;at jdk.nashorn.internal.scripts.Script$Recompilation$44618$3841A$\^function\_.L:1#issueCommand(&lt;function&gt;:124)&#xa;&#x9;at jdk.nashorn.internal.scripts.Script$Recompilation$44618$3841A$\^function\_.L:1#issueCommand(&lt;function&gt;:124)&#xa;&#x9;at jdk.nashorn.internal.scripts.Script$Recompilation$44618$3841A$\^function\_.L:1#issueCommand(&lt;function&gt;:124)&#xa;&#x9;at jdk.nashorn.internal.scripts.Script$Recompilation$44618$3841A$\^function\_.L:1#issueCommand(&lt;function&gt;:124)&#xa;&#x9;at jdk.nashorn.internal.scripts.Script$Recompilation$44618$3841A$\^function\_.L:1#issueCommand(&lt;function&gt;:124)&#xa;&#x9;at jdk.nashorn.internal.scripts.Script$Recompilation$44618$3841A$\^function\_.L:1#issueCommand(&lt;function&gt;:124)&#xa;&#x9;at jdk.nashorn.internal.scripts.Script$Recompilation$44618$3841A$\^function\_.L:1#issueCommand(&lt;function&gt;:124)&#xa;&#x9;at jdk.nashorn.internal.scripts.Script$Recompilation$44618$3841A$\^function\_.L:1#issueCommand(&lt;function&gt;:124)&#xa;&#x9;at jdk.nashorn.internal.scripts.Script$Recompilation$44618$3841A$\^function\_.L:1#issueCommand(&lt;function&gt;:124)&#xa;&#x9;at jdk.nashorn.internal.scripts.Script$Recompilation$44618$3841A$\^function\_.L:1#issueCommand(&lt;function&gt;:124)&#xa;&#x9;at jdk.nashorn.internal.scripts.Script$Recompilation$44618$3841A$\^function\_.L:1#issueCommand(&lt;function&gt;:124)&#xa;&#x9;at jdk.nashorn.internal.scripts.Script$Recompilation$44618$3841A$\^function\_.L:1#issueCommand(&lt;function&gt;:124)&#xa;&#x9;at jdk.nashorn.internal.scripts.Script$Recompilation$44618$3841A$\^function\_.L:1#issueCommand(&lt;function&gt;:124)&#xa;&#x9;at jdk.nashorn.internal.scripts.Script$Recompilation$44618$3841A$\^function\_.L:1#issueCommand(&lt;function&gt;:124)&#xa;&#x9;at jdk.nashorn.internal.scripts.Script$Recompilation$44618$3841A$\^function\_.L:1#issueCommand(&lt;function&gt;:124)&#xa;&#x9;at jdk.nashorn.internal.scripts.Script$Recompilation$44618$3841A$\^function\_.L:1#issueCommand(&lt;function&gt;:124)&#xa;&#x9;at jdk.nashorn.internal.scripts.Script$Recompilation$44618$3841A$\^function\_.L:1#issueCommand(&lt;function&gt;:124)&#xa;&#x9;at jdk.nashorn.internal.scripts.Script$Recompilation$44618$3841A$\^function\_.L:1#issueCommand(&lt;function&gt;:124)&#xa;&#x9;at jdk.nashorn.internal.scripts.Script$Recompilation$44618$3841A$\^function\_.L:1#issueCommand(&lt;function&gt;:124)&#xa;&#x9;at jdk.nashorn.internal.scripts.Script$Recompilation$44618$3841A$\^function\_.L:1#issueCommand(&lt;function&gt;:124)&#xa;&#x9;at jdk.nashorn.internal.scripts.Script$Recompilation$44618$3841A$\^function\_.L:1#issueCommand(&lt;function&gt;:124)&#xa;&#x9;at jdk.nashorn.internal.scripts.Script$Recompilation$44618$3841A$\^function\_.L:1#issueCommand(&lt;function&gt;:124)&#xa;&#x9;at jdk.nashorn.internal.scripts.Script$Recompilation$44618$3841A$\^function\_.L:1#issueCommand(&lt;function&gt;:124)&#xa;&#x9;at jdk.nashorn.internal.scripts.Script$Recompilation$44618$3841A$\^function\_.L:1#issueCommand(&lt;function&gt;:124)&#xa;&#x9;at jdk.nashorn.internal.scripts.Script$Recompilation$44618$3841A$\^function\_.L:1#issueCommand(&lt;function&gt;:124)&#xa;&#x9;at jdk.nashorn.internal.scripts.Script$Recompilation$44618$3841A$\^function\_.L:1#issueCommand(&lt;function&gt;:124)&#xa;&#x9;at jdk.nashorn.internal.scripts.Script$Recompilation$44618$3841A$\^function\_.L:1#issueCommand(&lt;function&gt;:124)&#xa;&#x9;at jdk.nashorn.internal.scripts.Script$Recompilation$44618$3841A$\^function\_.L:1#issueCommand(&lt;function&gt;:124)&#xa;&#x9;at jdk.nashorn.internal.scripts.Script$Recompilation$44618$3841A$\^function\_.L:1#issueCommand(&lt;function&gt;:124)&#xa;&#x9;at jdk.nashorn.internal.scripts.Script$Recompilation$44618$3841A$\^function\_.L:1#issueCommand(&lt;function&gt;:124)&#xa;&#x9;at jdk.nashorn.internal.scripts.Script$Recompilation$44618$3841A$\^function\_.L:1#issueCommand(&lt;function&gt;:124)&#xa;&#x9;at jdk.nashorn.internal.scripts.Script$Recompilation$44618$3841A$\^function\_.L:1#issueCommand(&lt;function&gt;:124)&#xa;&#x9;at jdk.nashorn.internal.scripts.Script$Recompilation$44618$3841A$\^function\_.L:1#issueCommand(&lt;function&gt;:124)&#xa;&#x9;at jdk.nashorn.internal.scripts.Script$Recompilation$44618$3841A$\^function\_.L:1#issueCommand(&lt;function&gt;:124)&#xa;&#x9;at jdk.nashorn.internal.scripts.Script$Recompilation$44618$3841A$\^function\_.L:1#issueCommand(&lt;function&gt;:124)&#xa;&#x9;at jdk.nashorn.internal.scripts.Script$Recompilation$44618$3841A$\^function\_.L:1#issueCommand(&lt;function&gt;:124)&#xa;&#x9;at jdk.nashorn.internal.scripts.Script$Recompilation$44618$3841A$\^function\_.L:1#issueCommand(&lt;function&gt;:124)&#xa;&#x9;at jdk.nashorn.internal.scripts.Script$Recompilation$44618$3841A$\^function\_.L:1#issueCommand(&lt;function&gt;:124)&#xa;&#x9;at jdk.nashorn.internal.scripts.Script$Recompilation$44618$3841A$\^function\_.L:1#issueCommand(&lt;function&gt;:124)&#xa;&#x9;at jdk.nashorn.internal.scripts.Script$Recompilation$44618$3841A$\^function\_.L:1#issueCommand(&lt;function&gt;:124)&#xa;&#x9;at jdk.nashorn.internal.scripts.Script$Recompilation$44618$3841A$\^function\_.L:1#issueCommand(&lt;function&gt;:124)&#xa;&#x9;at jdk.nashorn.internal.scripts.Script$Recompilation$44618$3841A$\^function\_.L:1#issueCommand(&lt;function&gt;:124)&#xa;&#x9;at jdk.nashorn.internal.scripts.Script$Recompilation$44618$3841A$\^function\_.L:1#issueCommand(&lt;function&gt;:124)&#xa;&#x9;at jdk.nashorn.internal.scripts.Script$Recompilation$44618$3841A$\^function\_.L:1#issueCommand(&lt;function&gt;:124)&#xa;&#x9;at jdk.nashorn.internal.scripts.Script$Recompilation$44618$3841A$\^function\_.L:1#issueCommand(&lt;function&gt;:124)&#xa;&#x9;at jdk.nashorn.internal.scripts.Script$Recompilation$44618$3841A$\^function\_.L:1#issueCommand(&lt;function&gt;:124)&#xa;&#x9;at jdk.nashorn.internal.scripts.Script$Recompilation$44618$3841A$\^function\_.L:1#issueCommand(&lt;function&gt;:124)&#xa;&#x9;at jdk.nashorn.internal.scripts.Script$Recompilation$44618$3841A$\^function\_.L:1#issueCommand(&lt;function&gt;:124)&#xa;&#x9;at jdk.nashorn.internal.scripts.Script$Recompilation$44618$3841A$\^function\_.L:1#issueCommand(&lt;function&gt;:124)&#xa;&#x9;at jdk.nashorn.internal.scripts.Script$Recompilation$44618$3841A$\^function\_.L:1#issueCommand(&lt;function&gt;:124)&#xa;&#x9;at jdk.nashorn.internal.scripts.Script$Recompilation$44618$3841A$\^function\_.L:1#issueCommand(&lt;function&gt;:124)&#xa;&#x9;at jdk.nashorn.internal.scripts.Script$Recompilation$44618$3841A$\^function\_.L:1#issueCommand(&lt;function&gt;:124)&#xa;&#x9;at jdk.nashorn.internal.scripts.Script$Recompilation$44618$3841A$\^function\_.L:1#issueCommand(&lt;function&gt;:124)&#xa;&#x9;at jdk.nashorn.internal.scripts.Script$Recompilation$44618$3841A$\^function\_.L:1#issueCommand(&lt;function&gt;:124)&#xa;&#x9;at jdk.nashorn.internal.scripts.Script$Recompilation$44618$3841A$\^function\_.L:1#issueCommand(&lt;function&gt;:124)&#xa;&#x9;at jdk.nashorn.internal.scripts.Script$Recompilation$44618$3841A$\^function\_.L:1#issueCommand(&lt;function&gt;:124)&#xa;&#x9;at jdk.nashorn.internal.scripts.Script$Recompilation$44618$3841A$\^function\_.L:1#issueCommand(&lt;function&gt;:124)&#xa;&#x9;at jdk.nashorn.internal.scripts.Script$Recompilation$44618$3841A$\^function\_.L:1#issueCommand(&lt;function&gt;:124)&#xa;&#x9;at jdk.nashorn.internal.scripts.Script$Recompilation$44618$3841A$\^function\_.L:1#issueCommand(&lt;function&gt;:124)&#xa;&#x9;at jdk.nashorn.internal.scripts.Script$Recompilation$44618$3841A$\^function\_.L:1#issueCommand(&lt;function&gt;:124)&#xa;&#x9;at jdk.nashorn.internal.scripts.Script$Recompilation$44618$3841A$\^function\_.L:1#issueCommand(&lt;function&gt;:124)&#xa;&#x9;at jdk.nashorn.internal.scripts.Script$Recompilation$44618$3841A$\^function\_.L:1#issueCommand(&lt;function&gt;:124)&#xa;&#x9;at jdk.nashorn.internal.scripts.Script$Recompilation$44618$3841A$\^function\_.L:1#issueCommand(&lt;function&gt;:124)&#xa;&#x9;at jdk.nashorn.internal.scripts.Script$Recompilation$44618$3841A$\^function\_.L:1#issueCommand(&lt;function&gt;:124)&#xa;&#x9;at jdk.nashorn.internal.scripts.Script$Recompilation$44618$3841A$\^function\_.L:1#issueCommand(&lt;function&gt;:124)&#xa;&#x9;at jdk.nashorn.internal.scripts.Script$Recompilation$44618$3841A$\^function\_.L:1#issueCommand(&lt;function&gt;:124)&#xa;&#x9;at jdk.nashorn.internal.scripts.Script$Recompilation$44618$3841A$\^function\_.L:1#issueCommand(&lt;function&gt;:124)&#xa;&#x9;at jdk.nashorn.internal.scripts.Script$Recompilation$44618$3841A$\^function\_.L:1#issueCommand(&lt;function&gt;:124)&#xa;&#x9;at jdk.nashorn.internal.scripts.Script$Recompilation$44618$3841A$\^function\_.L:1#issueCommand(&lt;function&gt;:124)&#xa;&#x9;at jdk.nashorn.internal.scripts.Script$Recompilation$44618$3841A$\^function\_.L:1#issueCommand(&lt;function&gt;:124)&#xa;&#x9;at jdk.nashorn.internal.scripts.Script$Recompilation$44618$3841A$\^function\_.L:1#issueCommand(&lt;function&gt;:124)&#xa;&#x9;at jdk.nashorn.internal.scripts.Script$Recompilation$44618$3841A$\^function\_.L:1#issueCommand(&lt;function&gt;:124)&#xa;&#x9;at jdk.nashorn.internal.scripts.Script$Recompilation$44618$3841A$\^function\_.L:1#issueCommand(&lt;function&gt;:124)&#xa;&#x9;at jdk.nashorn.internal.scripts.Script$Recompilation$44618$3841A$\^function\_.L:1#issueCommand(&lt;function&gt;:124)&#xa;&#x9;at jdk.nashorn.internal.scripts.Script$Recompilation$44618$3841A$\^function\_.L:1#issueCommand(&lt;function&gt;:124)&#xa;&#x9;at jdk.nashorn.internal.scripts.Script$Recompilation$44618$3841A$\^function\_.L:1#issueCommand(&lt;function&gt;:124)&#xa;&#x9;at jdk.nashorn.internal.scripts.Script$Recompilation$44618$3841A$\^function\_.L:1#issueCommand(&lt;function&gt;:124)&#xa;&#x9;at jdk.nashorn.internal.scripts.Script$Recompilation$44618$3841A$\^function\_.L:1#issueCommand(&lt;function&gt;:124)&#xa;&#x9;at jdk.nashorn.internal.scripts.Script$Recompilation$44618$3841A$\^function\_.L:1#issueCommand(&lt;function&gt;:124)&#xa;&#x9;at jdk.nashorn.internal.scripts.Script$Recompilation$44618$3841A$\^function\_.L:1#issueCommand(&lt;function&gt;:124)&#xa;&#x9;at jdk.nashorn.internal.scripts.Script$Recompilation$44618$3841A$\^function\_.L:1#issueCommand(&lt;function&gt;:124)&#xa;&#x9;at jdk.nashorn.internal.scripts.Script$Recompilation$44618$3841A$\^function\_.L:1#issueCommand(&lt;function&gt;:124)&#xa;&#x9;at jdk.nashorn.internal.scripts.Script$Recompilation$44618$3841A$\^function\_.L:1#issueCommand(&lt;function&gt;:124)&#xa;&#x9;at jdk.nashorn.internal.scripts.Script$Recompilation$44618$3841A$\^function\_.L:1#issueCommand(&lt;function&gt;:124)&#xa;&#x9;at jdk.nashorn.internal.scripts.Script$Recompilation$44618$3841A$\^function\_.L:1#issueCommand(&lt;function&gt;:124)&#xa;&#x9;at jdk.nashorn.internal.scripts.Script$Recompilation$44618$3841A$\^function\_.L:1#issueCommand(&lt;function&gt;:124)&#xa;&#x9;at jdk.nashorn.internal.scripts.Script$Recompilation$44618$3841A$\^function\_.L:1#issueCommand(&lt;function&gt;:124)&#xa;&#x9;at jdk.nashorn.internal.scripts.Script$Recompilation$44618$3841A$\^function\_.L:1#issueCommand(&lt;function&gt;:124)&#xa;&#x9;at jdk.nashorn.internal.scripts.Script$Recompilation$44618$3841A$\^function\_.L:1#issueCommand(&lt;function&gt;:124)&#xa;&#x9;at jdk.nashorn.internal.scripts.Script$Recompilation$44618$3841A$\^function\_.L:1#issueCommand(&lt;function&gt;:124)&#xa;&#x9;at jdk.nashorn.internal.scripts.Script$Recompilation$44618$3841A$\^function\_.L:1#issueCommand(&lt;function&gt;:124)&#xa;&#x9;at jdk.nashorn.internal.scripts.Script$Recompilation$44618$3841A$\^function\_.L:1#issueCommand(&lt;function&gt;:124)&#xa;&#x9;at jdk.nashorn.internal.scripts.Script$Recompilation$44618$3841A$\^function\_.L:1#issueCommand(&lt;function&gt;:124)&#xa;&#x9;at jdk.nashorn.internal.scripts.Script$Recompilation$44618$3841A$\^function\_.L:1#issueCommand(&lt;function&gt;:124)&#xa;&#x9;at jdk.nashorn.internal.scripts.Script$Recompilation$44618$3841A$\^function\_.L:1#issueCommand(&lt;function&gt;:124)&#xa;&#x9;at jdk.nashorn.internal.scripts.Script$Recompilation$44618$3841A$\^function\_.L:1#issueCommand(&lt;function&gt;:124)&#xa;&#x9;at jdk.nashorn.internal.scripts.Script$Recompilation$44618$3841A$\^function\_.L:1#issueCommand(&lt;function&gt;:124)&#xa;&#x9;at jdk.nashorn.internal.scripts.Script$Recompilation$44618$3841A$\^function\_.L:1#issueCommand(&lt;function&gt;:124)&#xa;&#x9;at jdk.nashorn.internal.scripts.Script$Recompilation$44618$3841A$\^function\_.L:1#issueCommand(&lt;function&gt;:124)&#xa;&#x9;at jdk.nashorn.internal.scripts.Script$Recompilation$44618$3841A$\^function\_.L:1#issueCommand(&lt;function&gt;:124)&#xa;&#x9;at jdk.nashorn.internal.scripts.Script$Recompilation$44618$3841A$\^function\_.L:1#issueCommand(&lt;function&gt;:124)&#xa;&#x9;at jdk.nashorn.internal.scripts.Script$Recompilation$44618$3841A$\^function\_.L:1#issueCommand(&lt;function&gt;:124)&#xa;&#x9;at jdk.nashorn.internal.scripts.Script$Recompilation$44618$3841A$\^function\_.L:1#issueCommand(&lt;function&gt;:124)&#xa;&#x9;at jdk.nashorn.internal.scripts.Script$Recompilation$44618$3841A$\^function\_.L:1#issueCommand(&lt;function&gt;:124)&#xa;&#x9;at jdk.nashorn.internal.scripts.Script$Recompilation$44618$3841A$\^function\_.L:1#issueCommand(&lt;function&gt;:124)&#xa;&#x9;at jdk.nashorn.internal.scripts.Script$Recompilation$44618$3841A$\^function\_.L:1#issueCommand(&lt;function&gt;:124)&#xa;&#x9;at jdk.nashorn.internal.scripts.Script$Recompilation$44618$3841A$\^function\_.L:1#issueCommand(&lt;function&gt;:124)&#xa;&#x9;at jdk.nashorn.internal.scripts.Script$Recompilation$44618$3841A$\^function\_.L:1#issueCommand(&lt;function&gt;:124)&#xa;&#x9;at jdk.nashorn.internal.scripts.Script$Recompilation$44618$3841A$\^function\_.L:1#issueCommand(&lt;function&gt;:124)&#xa;&#x9;at jdk.nashorn.internal.scripts.Script$Recompilation$44618$3841A$\^function\_.L:1#issueCommand(&lt;function&gt;:124)&#xa;&#x9;at jdk.nashorn.internal.scripts.Script$Recompilation$44618$3841A$\^function\_.L:1#issueCommand(&lt;function&gt;:124)&#xa;&#x9;at jdk.nashorn.internal.scripts.Script$Recompilation$44618$3841A$\^function\_.L:1#issueCommand(&lt;function&gt;:124)&#xa;&#x9;at jdk.nashorn.internal.scripts.Script$Recompilation$44618$3841A$\^function\_.L:1#issueCommand(&lt;function&gt;:124)&#xa;&#x9;at jdk.nashorn.internal.scripts.Script$Recompilation$44618$3841A$\^function\_.L:1#issueCommand(&lt;function&gt;:124)&#xa;&#x9;at jdk.nashorn.internal.scripts.Script$Recompilation$44618$3841A$\^function\_.L:1#issueCommand(&lt;function&gt;:124)&#xa;&#x9;at jdk.nashorn.internal.scripts.Script$Recompilation$44618$3841A$\^function\_.L:1#issueCommand(&lt;function&gt;:124)&#xa;&#x9;at jdk.nashorn.internal.scripts.Script$Recompilation$44618$3841A$\^function\_.L:1#issueCommand(&lt;function&gt;:124)&#xa;&#x9;at jdk.nashorn.internal.scripts.Script$Recompilation$44618$3841A$\^function\_.L:1#issueCommand(&lt;function&gt;:124)&#xa;&#x9;at jdk.nashorn.internal.scripts.Script$Recompilation$44618$3841A$\^function\_.L:1#issueCommand(&lt;function&gt;:124)&#xa;&#x9;at jdk.nashorn.internal.scripts.Script$Recompilation$44618$3841A$\^function\_.L:1#issueCommand(&lt;function&gt;:124)&#xa;&#x9;at jdk.nashorn.internal.scripts.Script$Recompilation$44618$3841A$\^function\_.L:1#issueCommand(&lt;function&gt;:124)&#xa;&#x9;at jdk.nashorn.internal.scripts.Script$Recompilation$44618$3841A$\^function\_.L:1#issueCommand(&lt;function&gt;:124)&#xa;&#x9;at jdk.nashorn.internal.scripts.Script$Recompilation$44618$3841A$\^function\_.L:1#issueCommand(&lt;function&gt;:124)&#xa;&#x9;at jdk.nashorn.internal.scripts.Script$Recompilation$44618$3841A$\^function\_.L:1#issueCommand(&lt;function&gt;:124)&#xa;&#x9;at jdk.nashorn.internal.scripts.Script$Recompilation$44618$3841A$\^function\_.L:1#issueCommand(&lt;function&gt;:124)&#xa;&#x9;at jdk.nashorn.internal.scripts.Script$Recompilation$44618$3841A$\^function\_.L:1#issueCommand(&lt;function&gt;:124)&#xa;&#x9;at jdk.nashorn.internal.scripts.Script$Recompilation$44618$3841A$\^function\_.L:1#issueCommand(&lt;function&gt;:124)&#xa;&#x9;at jdk.nashorn.internal.scripts.Script$Recompilation$44618$3841A$\^function\_.L:1#issueCommand(&lt;function&gt;:124)&#xa;&#x9;at jdk.nashorn.internal.scripts.Script$Recompilation$44618$3841A$\^function\_.L:1#issueCommand(&lt;function&gt;:124)&#xa;&#x9;at jdk.nashorn.internal.scripts.Script$Recompilation$44618$3841A$\^function\_.L:1#issueCommand(&lt;function&gt;:124)&#xa;&#x9;at jdk.nashorn.internal.scripts.Script$Recompilation$44618$3841A$\^function\_.L:1#issueCommand(&lt;function&gt;:124)&#xa;&#x9;at jdk.nashorn.internal.scripts.Script$Recompilation$44618$3841A$\^function\_.L:1#issueCommand(&lt;function&gt;:124)&#xa;&#x9;at jdk.nashorn.internal.scripts.Script$Recompilation$44618$3841A$\^function\_.L:1#issueCommand(&lt;function&gt;:124)&#xa;&#x9;at jdk.nashorn.internal.scripts.Script$Recompilation$44618$3841A$\^function\_.L:1#issueCommand(&lt;function&gt;:124)&#xa;&#x9;at jdk.nashorn.internal.scripts.Script$Recompilation$44618$3841A$\^function\_.L:1#issueCommand(&lt;function&gt;:124)&#xa;&#x9;at jdk.nashorn.internal.scripts.Script$Recompilation$44618$3841A$\^function\_.L:1#issueCommand(&lt;function&gt;:124)&#xa;&#x9;at jdk.nashorn.internal.scripts.Script$Recompilation$44618$3841A$\^function\_.L:1#issueCommand(&lt;function&gt;:124)&#xa;&#x9;at jdk.nashorn.internal.scripts.Script$Recompilation$44618$3841A$\^function\_.L:1#issueCommand(&lt;function&gt;:124)&#xa;&#x9;at jdk.nashorn.internal.scripts.Script$Recompilation$44618$3841A$\^function\_.L:1#issueCommand(&lt;function&gt;:124)&#xa;&#x9;at jdk.nashorn.internal.scripts.Script$Recompilation$44618$3841A$\^function\_.L:1#issueCommand(&lt;function&gt;:124)&#xa;&#x9;at jdk.nashorn.internal.scripts.Script$Recompilation$44618$3841A$\^function\_.L:1#issueCommand(&lt;function&gt;:124)&#xa;&#x9;at jdk.nashorn.internal.scripts.Script$Recompilation$44618$3841A$\^function\_.L:1#issueCommand(&lt;function&gt;:124)&#xa;&#x9;at jdk.nashorn.internal.scripts.Script$Recompilation$44618$3841A$\^function\_.L:1#issueCommand(&lt;function&gt;:124)&#xa;&#x9;at jdk.nashorn.internal.scripts.Script$Recompilation$44618$3841A$\^function\_.L:1#issueCommand(&lt;function&gt;:124)&#xa;&#x9;at jdk.nashorn.internal.scripts.Script$Recompilation$44618$3841A$\^function\_.L:1#issueCommand(&lt;function&gt;:124)&#xa;&#x9;at jdk.nashorn.internal.scripts.Script$Recompilation$44618$3841A$\^function\_.L:1#issueCommand(&lt;function&gt;:124)&#xa;&#x9;at jdk.nashorn.internal.scripts.Script$Recompilation$44618$3841A$\^function\_.L:1#issueCommand(&lt;function&gt;:124)&#xa;&#x9;at jdk.nashorn.internal.scripts.Script$Recompilation$44618$3841A$\^function\_.L:1#issueCommand(&lt;function&gt;:124)&#xa;&#x9;at jdk.nashorn.internal.scripts.Script$Recompilation$44618$3841A$\^function\_.L:1#issueCommand(&lt;function&gt;:124)&#xa;&#x9;at jdk.nashorn.internal.scripts.Script$Recompilation$44618$3841A$\^function\_.L:1#issueCommand(&lt;function&gt;:124)&#xa;&#x9;at jdk.nashorn.internal.scripts.Script$Recompilation$44618$3841A$\^function\_.L:1#issueCommand(&lt;function&gt;:124)&#xa;&#x9;at jdk.nashorn.internal.scripts.Script$Recompilation$44618$3841A$\^function\_.L:1#issueCommand(&lt;function&gt;:124)&#xa;&#x9;at jdk.nashorn.internal.scripts.Script$Recompilation$44618$3841A$\^function\_.L:1#issueCommand(&lt;function&gt;:124)&#xa;&#x9;at jdk.nashorn.internal.scripts.Script$Recompilation$44618$3841A$\^function\_.L:1#issueCommand(&lt;function&gt;:124)&#xa;&#x9;at jdk.nashorn.internal.scripts.Script$Recompilation$44618$3841A$\^function\_.L:1#issueCommand(&lt;function&gt;:124)&#xa;&#x9;at jdk.nashorn.internal.scripts.Script$Recompilation$44618$3841A$\^function\_.L:1#issueCommand(&lt;function&gt;:124)&#xa;&#x9;at jdk.nashorn.internal.scripts.Script$Recompilation$44618$3841A$\^function\_.L:1#issueCommand(&lt;function&gt;:124)&#xa;&#x9;at jdk.nashorn.internal.scripts.Script$Recompilation$44618$3841A$\^function\_.L:1#issueCommand(&lt;function&gt;:124)&#xa;&#x9;at jdk.nashorn.internal.scripts.Script$Recompilation$44618$3841A$\^function\_.L:1#issueCommand(&lt;function&gt;:124)&#xa;&#x9;at jdk.nashorn.internal.scripts.Script$Recompilation$44618$3841A$\^function\_.L:1#issueCommand(&lt;function&gt;:124)&#xa;&#x9;at jdk.nashorn.internal.scripts.Script$Recompilation$44618$3841A$\^function\_.L:1#issueCommand(&lt;function&gt;:124)&#xa;&#x9;at jdk.nashorn.internal.scripts.Script$Recompilation$44618$3841A$\^function\_.L:1#issueCommand(&lt;function&gt;:124)&#xa;&#x9;at jdk.nashorn.internal.scripts.Script$Recompilation$44618$3841A$\^function\_.L:1#issueCommand(&lt;function&gt;:124)&#xa;&#x9;at jdk.nashorn.internal.scripts.Script$Recompilation$44618$3841A$\^function\_.L:1#issueCommand(&lt;function&gt;:124)&#xa;&#x9;at jdk.nashorn.internal.scripts.Script$Recompilation$44618$3841A$\^function\_.L:1#issueCommand(&lt;function&gt;:124)&#xa;&#x9;at jdk.nashorn.internal.scripts.Script$Recompilation$44618$3841A$\^function\_.L:1#issueCommand(&lt;function&gt;:124)&#xa;&#x9;at jdk.nashorn.internal.scripts.Script$Recompilation$44618$3841A$\^function\_.L:1#issueCommand(&lt;function&gt;:124)&#xa;&#x9;at jdk.nashorn.internal.scripts.Script$Recompilation$44618$3841A$\^function\_.L:1#issueCommand(&lt;function&gt;:124)&#xa;&#x9;at jdk.nashorn.internal.scripts.Script$Recompilation$44618$3841A$\^function\_.L:1#issueCommand(&lt;function&gt;:124)&#xa;&#x9;at jdk.nashorn.internal.scripts.Script$Recompilation$44618$3841A$\^function\_.L:1#issueCommand(&lt;function&gt;:124)&#xa;&#x9;at jdk.nashorn.internal.scripts.Script$Recompilation$44618$3841A$\^function\_.L:1#issueCommand(&lt;function&gt;:124)&#xa;&#x9;at jdk.nashorn.internal.scripts.Script$Recompilation$44618$3841A$\^function\_.L:1#issueCommand(&lt;function&gt;:124)&#xa;&#x9;at jdk.nashorn.internal.scripts.Script$Recompilation$44618$3841A$\^function\_.L:1#issueCommand(&lt;function&gt;:124)&#xa;&#x9;at jdk.nashorn.internal.scripts.Script$Recompilation$44618$3841A$\^function\_.L:1#issueCommand(&lt;function&gt;:124)&#xa;&#x9;at jdk.nashorn.internal.scripts.Script$Recompilation$44618$3841A$\^function\_.L:1#issueCommand(&lt;function&gt;:124)&#xa;&#x9;at jdk.nashorn.internal.scripts.Script$Recompilation$44618$3841A$\^function\_.L:1#issueCommand(&lt;function&gt;:124)&#xa;&#x9;at jdk.nashorn.internal.scripts.Script$Recompilation$44618$3841A$\^function\_.L:1#issueCommand(&lt;function&gt;:124)&#xa;&#x9;at jdk.nashorn.internal.scripts.Script$Recompilation$44618$3841A$\^function\_.L:1#issueCommand(&lt;function&gt;:124)&#xa;&#x9;at jdk.nashorn.internal.scripts.Script$Recompilation$44618$3841A$\^function\_.L:1#issueCommand(&lt;function&gt;:124)&#xa;&#x9;at jdk.nashorn.internal.scripts.Script$Recompilation$44618$3841A$\^function\_.L:1#issueCommand(&lt;function&gt;:124)&#xa;&#x9;at jdk.nashorn.internal.scripts.Script$Recompilation$44618$3841A$\^function\_.L:1#issueCommand(&lt;function&gt;:124)&#xa;&#x9;at jdk.nashorn.internal.scripts.Script$Recompilation$44618$3841A$\^function\_.L:1#issueCommand(&lt;function&gt;:124)&#xa;&#x9;at jdk.nashorn.internal.scripts.Script$Recompilation$44618$3841A$\^function\_.L:1#issueCommand(&lt;function&gt;:124)&#xa;&#x9;at jdk.nashorn.internal.scripts.Script$Recompilation$44618$3841A$\^function\_.L:1#issueCommand(&lt;function&gt;:124)&#xa;&#x9;at jdk.nashorn.internal.scripts.Script$Recompilation$44618$3841A$\^function\_.L:1#issueCommand(&lt;function&gt;:124)&#xa;&#x9;at jdk.nashorn.internal.scripts.Script$Recompilation$44618$3841A$\^function\_.L:1#issueCommand(&lt;function&gt;:124)&#xa;&#x9;at jdk.nashorn.internal.scripts.Script$Recompilation$44618$3841A$\^function\_.L:1#issueCommand(&lt;function&gt;:124)&#xa;&#x9;at jdk.nashorn.internal.scripts.Script$Recompilation$44618$3841A$\^function\_.L:1#issueCommand(&lt;function&gt;:124)&#xa;&#x9;at jdk.nashorn.internal.scripts.Script$Recompilation$44618$3841A$\^function\_.L:1#issueCommand(&lt;function&gt;:124)&#xa;&#x9;at jdk.nashorn.internal.scripts.Script$Recompilation$44618$3841A$\^function\_.L:1#issueCommand(&lt;function&gt;:124)&#xa;&#x9;at jdk.nashorn.internal.scripts.Script$Recompilation$44618$3841A$\^function\_.L:1#issueCommand(&lt;function&gt;:124)&#xa;&#x9;at jdk.nashorn.internal.scripts.Script$Recompilation$44618$3841A$\^function\_.L:1#issueCommand(&lt;function&gt;:124)&#xa;&#x9;at jdk.nashorn.internal.scripts.Script$Recompilation$44618$3841A$\^function\_.L:1#issueCommand(&lt;function&gt;:124)&#xa;&#x9;at jdk.nashorn.internal.scripts.Script$Recompilation$44618$3841A$\^function\_.L:1#issueCommand(&lt;function&gt;:124)&#xa;&#x9;at jdk.nashorn.internal.scripts.Script$Recompilation$44618$3841A$\^function\_.L:1#issueCommand(&lt;function&gt;:124)&#xa;&#x9;at jdk.nashorn.internal.scripts.Script$Recompilation$44618$3841A$\^function\_.L:1#issueCommand(&lt;function&gt;:124)&#xa;&#x9;at jdk.nashorn.internal.scripts.Script$Recompilation$44618$3841A$\^function\_.L:1#issueCommand(&lt;function&gt;:124)&#xa;&#x9;at jdk.nashorn.internal.scripts.Script$Recompilation$44618$3841A$\^function\_.L:1#issueCommand(&lt;function&gt;:124)&#xa;&#x9;at jdk.nashorn.internal.scripts.Script$Recompilation$44618$3841A$\^function\_.L:1#issueCommand(&lt;function&gt;:124)&#xa;&#x9;at jdk.nashorn.internal.scripts.Script$Recompilation$44618$3841A$\^function\_.L:1#issueCommand(&lt;function&gt;:124)&#xa;&#x9;at jdk.nashorn.internal.scripts.Script$Recompilation$44618$3841A$\^function\_.L:1#issueCommand(&lt;function&gt;:124)&#xa;&#x9;at jdk.nashorn.internal.scripts.Script$Recompilation$44618$3841A$\^function\_.L:1#issueCommand(&lt;function&gt;:124)&#xa;&#x9;at jdk.nashorn.internal.scripts.Script$Recompilation$44618$3841A$\^function\_.L:1#issueCommand(&lt;function&gt;:124)&#xa;&#x9;at jdk.nashorn.internal.scripts.Script$Recompilation$44618$3841A$\^function\_.L:1#issueCommand(&lt;function&gt;:124)&#xa;&#x9;at jdk.nashorn.internal.scripts.Script$Recompilation$44618$3841A$\^function\_.L:1#issueCommand(&lt;function&gt;:124)&#xa;&#x9;at jdk.nashorn.internal.scripts.Script$Recompilation$44618$3841A$\^function\_.L:1#issueCommand(&lt;function&gt;:124)&#xa;&#x9;at jdk.nashorn.internal.scripts.Script$Recompilation$44618$3841A$\^function\_.L:1#issueCommand(&lt;function&gt;:124)&#xa;&#x9;at jdk.nashorn.internal.scripts.Script$Recompilation$44618$3841A$\^function\_.L:1#issueCommand(&lt;function&gt;:124)&#xa;&#x9;at jdk.nashorn.internal.scripts.Script$Recompilation$44618$3841A$\^function\_.L:1#issueCommand(&lt;function&gt;:124)&#xa;&#x9;at jdk.nashorn.internal.scripts.Script$Recompilation$44618$3841A$\^function\_.L:1#issueCommand(&lt;function&gt;:124)&#xa;&#x9;at jdk.nashorn.internal.scripts.Script$Recompilation$44618$3841A$\^function\_.L:1#issueCommand(&lt;function&gt;:124)&#xa;&#x9;at jdk.nashorn.internal.scripts.Script$Recompilation$44618$3841A$\^function\_.L:1#issueCommand(&lt;function&gt;:124)&#xa;&#x9;at jdk.nashorn.internal.scripts.Script$Recompilation$44618$3841A$\^function\_.L:1#issueCommand(&lt;function&gt;:124)&#xa;&#x9;at jdk.nashorn.internal.scripts.Script$Recompilation$44618$3841A$\^function\_.L:1#issueCommand(&lt;function&gt;:124)&#xa;&#x9;at jdk.nashorn.internal.scripts.Script$Recompilation$44618$3841A$\^function\_.L:1#issueCommand(&lt;function&gt;:124)&#xa;&#x9;at jdk.nashorn.internal.scripts.Script$Recompilation$44618$3841A$\^function\_.L:1#issueCommand(&lt;function&gt;:124)&#xa;&#x9;at jdk.nashorn.internal.scripts.Script$Recompilation$44618$3841A$\^function\_.L:1#issueCommand(&lt;function&gt;:124)&#xa;&#x9;at jdk.nashorn.internal.scripts.Script$Recompilation$44618$3841A$\^function\_.L:1#issueCommand(&lt;function&gt;:124)&#xa;&#x9;at jdk.nashorn.internal.scripts.Script$Recompilation$44618$3841A$\^function\_.L:1#issueCommand(&lt;function&gt;:124)&#xa;&#x9;at jdk.nashorn.internal.scripts.Script$Recompilation$44618$3841A$\^function\_.L:1#issueCommand(&lt;function&gt;:124)&#xa;&#x9;at jdk.nashorn.internal.scripts.Script$Recompilation$44618$3841A$\^function\_.L:1#issueCommand(&lt;function&gt;:124)&#xa;&#x9;at jdk.nashorn.internal.scripts.Script$Recompilation$44618$3841A$\^function\_.L:1#issueCommand(&lt;function&gt;:124)&#xa;&#x9;at jdk.nashorn.internal.scripts.Script$Recompilation$44618$3841A$\^function\_.L:1#issueCommand(&lt;function&gt;:124)&#xa;&#x9;at jdk.nashorn.internal.scripts.Script$Recompilation$44618$3841A$\^function\_.L:1#issueCommand(&lt;function&gt;:124)&#xa;&#x9;at jdk.nashorn.internal.scripts.Script$Recompilation$44618$3841A$\^function\_.L:1#issueCommand(&lt;function&gt;:124)&#xa;&#x9;at jdk.nashorn.internal.scripts.Script$Recompilation$44618$3841A$\^function\_.L:1#issueCommand(&lt;function&gt;:124)&#xa;&#x9;at jdk.nashorn.internal.scripts.Script$Recompilation$44618$3841A$\^function\_.L:1#issueCommand(&lt;function&gt;:124)&#xa;&#x9;at jdk.nashorn.internal.scripts.Script$Recompilation$44618$3841A$\^function\_.L:1#issueCommand(&lt;function&gt;:124)&#xa;&#x9;at jdk.nashorn.internal.scripts.Script$Recompilation$44618$3841A$\^function\_.L:1#issueCommand(&lt;function&gt;:124)&#xa;&#x9;at jdk.nashorn.internal.scripts.Script$Recompilation$44618$3841A$\^function\_.L:1#issueCommand(&lt;function&gt;:124)&#xa;&#x9;at jdk.nashorn.internal.scripts.Script$Recompilation$44618$3841A$\^function\_.L:1#issueCommand(&lt;function&gt;:124)&#xa;&#x9;at jdk.nashorn.internal.scripts.Script$Recompilation$44618$3841A$\^function\_.L:1#issueCommand(&lt;function&gt;:124)&#xa;&#x9;at jdk.nashorn.internal.scripts.Script$Recompilation$44618$3841A$\^function\_.L:1#issueCommand(&lt;function&gt;:124)&#xa;&#x9;at jdk.nashorn.internal.scripts.Script$Recompilation$44618$3841A$\^function\_.L:1#issueCommand(&lt;function&gt;:124)&#xa;&#x9;at jdk.nashorn.internal.scripts.Script$Recompilation$44618$3841A$\^function\_.L:1#issueCommand(&lt;function&gt;:124)&#xa;&#x9;at jdk.nashorn.internal.scripts.Script$Recompilation$44618$3841A$\^function\_.L:1#issueCommand(&lt;function&gt;:124)&#xa;&#x9;at jdk.nashorn.internal.scripts.Script$Recompilation$44618$3841A$\^function\_.L:1#issueCommand(&lt;function&gt;:124)&#xa;&#x9;at jdk.nashorn.internal.scripts.Script$Recompilation$44618$3841A$\^function\_.L:1#issueCommand(&lt;function&gt;:124)&#xa;&#x9;at jdk.nashorn.internal.scripts.Script$Recompilation$44618$3841A$\^function\_.L:1#issueCommand(&lt;function&gt;:124)&#xa;&#x9;at jdk.nashorn.internal.scripts.Script$Recompilation$44618$3841A$\^function\_.L:1#issueCommand(&lt;function&gt;:124)&#xa;&#x9;at jdk.nashorn.internal.scripts.Script$Recompilation$44618$3841A$\^function\_.L:1#issueCommand(&lt;function&gt;:124)&#xa;&#x9;at jdk.nashorn.internal.scripts.Script$Recompilation$44618$3841A$\^function\_.L:1#issueCommand(&lt;function&gt;:124)&#xa;&#x9;at jdk.nashorn.internal.scripts.Script$Recompilation$44618$3841A$\^function\_.L:1#issueCommand(&lt;function&gt;:124)&#xa;&#x9;at jdk.nashorn.internal.scripts.Script$Recompilation$44618$3841A$\^function\_.L:1#issueCommand(&lt;function&gt;:124)&#xa;&#x9;at jdk.nashorn.internal.scripts.Script$Recompilation$44618$3841A$\^function\_.L:1#issueCommand(&lt;function&gt;:124)&#xa;&#x9;at jdk.nashorn.internal.scripts.Script$Recompilation$44618$3841A$\^function\_.L:1#issueCommand(&lt;function&gt;:124)&#xa;&#x9;at jdk.nashorn.internal.scripts.Script$Recompilation$44618$3841A$\^function\_.L:1#issueCommand(&lt;function&gt;:124)&#xa;&#x9;at jdk.nashorn.internal.scripts.Script$Recompilation$44618$3841A$\^function\_.L:1#issueCommand(&lt;function&gt;:124)&#xa;&#x9;at jdk.nashorn.internal.scripts.Script$Recompilation$44618$3841A$\^function\_.L:1#issueCommand(&lt;function&gt;:124)&#xa;&#x9;at jdk.nashorn.internal.scripts.Script$Recompilation$44618$3841A$\^function\_.L:1#issueCommand(&lt;function&gt;:124)&#xa;&#x9;at jdk.nashorn.internal.scripts.Script$Recompilation$44618$3841A$\^function\_.L:1#issueCommand(&lt;function&gt;:124)&#xa;&#x9;at jdk.nashorn.internal.scripts.Script$Recompilation$44618$3841A$\^function\_.L:1#issueCommand(&lt;function&gt;:124)&#xa;&#x9;at jdk.nashorn.internal.scripts.Script$Recompilation$44618$3841A$\^function\_.L:1#issueCommand(&lt;function&gt;:124)&#xa;&#x9;at jdk.nashorn.internal.scripts.Script$Recompilation$44618$3841A$\^function\_.L:1#issueCommand(&lt;function&gt;:124)&#xa;&#x9;at jdk.nashorn.internal.scripts.Script$Recompilation$44618$3841A$\^function\_.L:1#issueCommand(&lt;function&gt;:124)&#xa;&#x9;at jdk.nashorn.internal.scripts.Script$Recompilation$44618$3841A$\^function\_.L:1#issueCommand(&lt;function&gt;:124)&#xa;&#x9;at jdk.nashorn.internal.scripts.Script$Recompilation$44618$3841A$\^function\_.L:1#issueCommand(&lt;function&gt;:124)&#xa;&#x9;at jdk.nashorn.internal.scripts.Script$Recompilation$44618$3841A$\^function\_.L:1#issueCommand(&lt;function&gt;:124)&#xa;&#x9;at jdk.nashorn.internal.scripts.Script$Recompilation$44618$3841A$\^function\_.L:1#issueCommand(&lt;function&gt;:124)&#xa;&#x9;at jdk.nashorn.internal.scripts.Script$Recompilation$44618$3841A$\^function\_.L:1#issueCommand(&lt;function&gt;:124)&#xa;&#x9;at jdk.nashorn.internal.scripts.Script$Recompilation$44618$3841A$\^function\_.L:1#issueCommand(&lt;function&gt;:124)&#xa;&#x9;at jdk.nashorn.internal.scripts.Script$Recompilation$44618$3841A$\^function\_.L:1#issueCommand(&lt;function&gt;:124)&#xa;&#x9;at jdk.nashorn.internal.scripts.Script$Recompilation$44618$3841A$\^function\_.L:1#issueCommand(&lt;function&gt;:124)&#xa;&#x9;at jdk.nashorn.internal.scripts.Script$Recompilation$44618$3841A$\^function\_.L:1#issueCommand(&lt;function&gt;:124)&#xa;&#x9;at jdk.nashorn.internal.scripts.Script$Recompilation$44618$3841A$\^function\_.L:1#issueCommand(&lt;function&gt;:124)&#xa;&#x9;at jdk.nashorn.internal.scripts.Script$Recompilation$44618$3841A$\^function\_.L:1#issueCommand(&lt;function&gt;:124)&#xa;&#x9;at jdk.nashorn.internal.scripts.Script$Recompilation$44618$3841A$\^function\_.L:1#issueCommand(&lt;function&gt;:124)&#xa;&#x9;at jdk.nashorn.internal.scripts.Script$Recompilation$44618$3841A$\^function\_.L:1#issueCommand(&lt;function&gt;:124)&#xa;&#x9;at jdk.nashorn.internal.scripts.Script$Recompilation$44618$3841A$\^function\_.L:1#issueCommand(&lt;function&gt;:124)&#xa;&#x9;at jdk.nashorn.internal.scripts.Script$Recompilation$44618$3841A$\^function\_.L:1#issueCommand(&lt;function&gt;:124)&#xa;&#x9;at jdk.nashorn.internal.scripts.Script$Recompilation$44618$3841A$\^function\_.L:1#issueCommand(&lt;function&gt;:124)&#xa;&#x9;at jdk.nashorn.internal.scripts.Script$Recompilation$44618$3841A$\^function\_.L:1#issueCommand(&lt;function&gt;:124)&#xa;&#x9;at jdk.nashorn.internal.scripts.Script$Recompilation$44618$3841A$\^function\_.L:1#issueCommand(&lt;function&gt;:124)&#xa;&#x9;at jdk.nashorn.internal.scripts.Script$Recompilation$44618$3841A$\^function\_.L:1#issueCommand(&lt;function&gt;:124)&#xa;&#x9;at jdk.nashorn.internal.scripts.Script$Recompilation$44618$3841A$\^function\_.L:1#issueCommand(&lt;function&gt;:124)&#xa;&#x9;at jdk.nashorn.internal.scripts.Script$Recompilation$44618$3841A$\^function\_.L:1#issueCommand(&lt;function&gt;:124)&#xa;&#x9;at jdk.nashorn.internal.scripts.Script$Recompilation$44618$3841A$\^function\_.L:1#issueCommand(&lt;function&gt;:124)&#xa;&#x9;at jdk.nashorn.internal.scripts.Script$Recompilation$44618$3841A$\^function\_.L:1#issueCommand(&lt;function&gt;:124)&#xa;&#x9;at jdk.nashorn.internal.scripts.Script$Recompilation$44618$3841A$\^function\_.L:1#issueCommand(&lt;function&gt;:124)&#xa;&#x9;at jdk.nashorn.internal.scripts.Script$Recompilation$44618$3841A$\^function\_.L:1#issueCommand(&lt;function&gt;:124)&#xa;&#x9;at jdk.nashorn.internal.scripts.Script$Recompilation$44618$3841A$\^function\_.L:1#issueCommand(&lt;function&gt;:124)&#xa;&#x9;at jdk.nashorn.internal.scripts.Script$Recompilation$44618$3841A$\^function\_.L:1#issueCommand(&lt;function&gt;:124)&#xa;&#x9;at jdk.nashorn.internal.scripts.Script$Recompilation$44618$3841A$\^function\_.L:1#issueCommand(&lt;function&gt;:124)&#xa;&#x9;at jdk.nashorn.internal.scripts.Script$Recompilation$44618$3841A$\^function\_.L:1#issueCommand(&lt;function&gt;:124)&#xa;&#x9;at jdk.nashorn.internal.scripts.Script$Recompilation$44618$3841A$\^function\_.L:1#issueCommand(&lt;function&gt;:124)&#xa;&#x9;at jdk.nashorn.internal.scripts.Script$Recompilation$44618$3841A$\^function\_.L:1#issueCommand(&lt;function&gt;:124)&#xa;&#x9;at jdk.nashorn.internal.scripts.Script$Recompilation$44618$3841A$\^function\_.L:1#issueCommand(&lt;function&gt;:124)&#xa;&#x9;at jdk.nashorn.internal.scripts.Script$Recompilation$44618$3841A$\^function\_.L:1#issueCommand(&lt;function&gt;:124)&#xa;&#x9;at jdk.nashorn.internal.scripts.Script$Recompilation$44618$3841A$\^function\_.L:1#issueCommand(&lt;function&gt;:124)&#xa;&#x9;at jdk.nashorn.internal.scripts.Script$Recompilation$44618$3841A$\^function\_.L:1#issueCommand(&lt;function&gt;:124)&#xa;&#x9;at jdk.nashorn.internal.scripts.Script$Recompilation$44618$3841A$\^function\_.L:1#issueCommand(&lt;function&gt;:124)&#xa;&#x9;at jdk.nashorn.internal.scripts.Script$Recompilation$44618$3841A$\^function\_.L:1#issueCommand(&lt;function&gt;:124)&#xa;&#x9;at jdk.nashorn.internal.scripts.Script$Recompilation$44618$3841A$\^function\_.L:1#issueCommand(&lt;function&gt;:124)&#xa;&#x9;at jdk.nashorn.internal.scripts.Script$Recompilation$44618$3841A$\^function\_.L:1#issueCommand(&lt;function&gt;:124)&#xa;&#x9;at jdk.nashorn.internal.scripts.Script$Recompilation$44618$3841A$\^function\_.L:1#issueCommand(&lt;function&gt;:124)&#xa;&#x9;at jdk.nashorn.internal.scripts.Script$Recompilation$44618$3841A$\^function\_.L:1#issueCommand(&lt;function&gt;:124)&#xa;&#x9;at jdk.nashorn.internal.scripts.Script$Recompilation$44618$3841A$\^function\_.L:1#issueCommand(&lt;function&gt;:124)&#xa;&#x9;at jdk.nashorn.internal.scripts.Script$Recompilation$44618$3841A$\^function\_.L:1#issueCommand(&lt;function&gt;:124)&#xa;&#x9;at jdk.nashorn.internal.scripts.Script$Recompilation$44618$3841A$\^function\_.L:1#issueCommand(&lt;function&gt;:124)&#xa;&#x9;at jdk.nashorn.internal.scripts.Script$Recompilation$44618$3841A$\^function\_.L:1#issueCommand(&lt;function&gt;:124)&#xa;&#x9;at jdk.nashorn.internal.scripts.Script$Recompilation$44618$3841A$\^function\_.L:1#issueCommand(&lt;function&gt;:124)&#xa;&#x9;at jdk.nashorn.internal.scripts.Script$Recompilation$44618$3841A$\^function\_.L:1#issueCommand(&lt;function&gt;:124)&#xa;&#x9;at jdk.nashorn.internal.scripts.Script$Recompilation$44618$3841A$\^function\_.L:1#issueCommand(&lt;function&gt;:124)&#xa;&#x9;at jdk.nashorn.internal.scripts.Script$Recompilation$44618$3841A$\^function\_.L:1#issueCommand(&lt;function&gt;:124)&#xa;&#x9;at jdk.nashorn.internal.scripts.Script$Recompilation$44618$3841A$\^function\_.L:1#issueCommand(&lt;function&gt;:124)&#xa;&#x9;at jdk.nashorn.internal.scripts.Script$Recompilation$44618$3841A$\^function\_.L:1#issueCommand(&lt;function&gt;:124)&#xa;&#x9;at jdk.nashorn.internal.scripts.Script$Recompilation$44618$3841A$\^function\_.L:1#issueCommand(&lt;function&gt;:124)&#xa;&#x9;at jdk.nashorn.internal.scripts.Script$Recompilation$44618$3841A$\^function\_.L:1#issueCommand(&lt;function&gt;:124)&#xa;&#x9;at jdk.nashorn.internal.scripts.Script$Recompilation$44618$3841A$\^function\_.L:1#issueCommand(&lt;function&gt;:124)&#xa;&#x9;at jdk.nashorn.internal.scripts.Script$Recompilation$44618$3841A$\^function\_.L:1#issueCommand(&lt;function&gt;:124)&#xa;&#x9;at jdk.nashorn.internal.scripts.Script$Recompilation$44618$3841A$\^function\_.L:1#issueCommand(&lt;function&gt;:124)&#xa;&#x9;at jdk.nashorn.internal.scripts.Script$Recompilation$44618$3841A$\^function\_.L:1#issueCommand(&lt;function&gt;:124)&#xa;&#x9;at jdk.nashorn.internal.scripts.Script$Recompilation$44618$3841A$\^function\_.L:1#issueCommand(&lt;function&gt;:124)&#xa;&#x9;at jdk.nashorn.internal.scripts.Script$Recompilation$44618$3841A$\^function\_.L:1#issueCommand(&lt;function&gt;:124)&#xa;&#x9;at jdk.nashorn.internal.scripts.Script$Recompilation$44618$3841A$\^function\_.L:1#issueCommand(&lt;function&gt;:124)&#xa;&#x9;at jdk.nashorn.internal.scripts.Script$Recompilation$44618$3841A$\^function\_.L:1#issueCommand(&lt;function&gt;:124)&#xa;&#x9;at jdk.nashorn.internal.scripts.Script$Recompilation$44618$3841A$\^function\_.L:1#issueCommand(&lt;function&gt;:124)&#xa;&#x9;at jdk.nashorn.internal.scripts.Script$Recompilation$44618$3841A$\^function\_.L:1#issueCommand(&lt;function&gt;:124)&#xa;&#x9;at jdk.nashorn.internal.scripts.Script$Recompilation$44618$3841A$\^function\_.L:1#issueCommand(&lt;function&gt;:124)&#xa;&#x9;at jdk.nashorn.internal.scripts.Script$Recompilation$44618$3841A$\^function\_.L:1#issueCommand(&lt;function&gt;:124)&#xa;&#x9;at jdk.nashorn.internal.scripts.Script$Recompilation$44618$3841A$\^function\_.L:1#issueCommand(&lt;function&gt;:124)&#xa;&#x9;at jdk.nashorn.internal.scripts.Script$Recompilation$44618$3841A$\^function\_.L:1#issueCommand(&lt;function&gt;:124)&#xa;&#x9;at jdk.nashorn.internal.scripts.Script$Recompilation$44618$3841A$\^function\_.L:1#issueCommand(&lt;function&gt;:124)&#xa;&#x9;at jdk.nashorn.internal.scripts.Script$Recompilation$44618$3841A$\^function\_.L:1#issueCommand(&lt;function&gt;:124)&#xa;&#x9;at jdk.nashorn.internal.scripts.Script$Recompilation$44618$3841A$\^function\_.L:1#issueCommand(&lt;function&gt;:124)&#xa;&#x9;at jdk.nashorn.internal.scripts.Script$Recompilation$44618$3841A$\^function\_.L:1#issueCommand(&lt;function&gt;:124)&#xa;&#x9;at jdk.nashorn.internal.scripts.Script$Recompilation$44618$3841A$\^function\_.L:1#issueCommand(&lt;function&gt;:124)&#xa;&#x9;at jdk.nashorn.internal.scripts.Script$Recompilation$44618$3841A$\^function\_.L:1#issueCommand(&lt;function&gt;:124)&#xa;&#x9;at jdk.nashorn.internal.scripts.Script$Recompilation$44618$3841A$\^function\_.L:1#issueCommand(&lt;function&gt;:124)&#xa;&#x9;at jdk.nashorn.internal.scripts.Script$Recompilation$44618$3841A$\^function\_.L:1#issueCommand(&lt;function&gt;:124)&#xa;&#x9;at jdk.nashorn.internal.scripts.Script$Recompilation$44618$3841A$\^function\_.L:1#issueCommand(&lt;function&gt;:124)&#xa;&#x9;at jdk.nashorn.internal.scripts.Script$Recompilation$44618$3841A$\^function\_.L:1#issueCommand(&lt;function&gt;:124)&#xa;&#x9;at jdk.nashorn.internal.scripts.Script$Recompilation$44618$3841A$\^function\_.L:1#issueCommand(&lt;function&gt;:124)&#xa;&#x9;at jdk.nashorn.internal.scripts.Script$Recompilation$44618$3841A$\^function\_.L:1#issueCommand(&lt;function&gt;:124)&#xa;&#x9;at jdk.nashorn.internal.scripts.Script$Recompilation$44618$3841A$\^function\_.L:1#issueCommand(&lt;function&gt;:124)&#xa;&#x9;at jdk.nashorn.internal.scripts.Script$Recompilation$44618$3841A$\^function\_.L:1#issueCommand(&lt;function&gt;:124)&#xa;&#x9;at jdk.nashorn.internal.scripts.Script$Recompilation$44618$3841A$\^function\_.L:1#issueCommand(&lt;function&gt;:124)&#xa;&#x9;at jdk.nashorn.internal.scripts.Script$Recompilation$44618$3841A$\^function\_.L:1#issueCommand(&lt;function&gt;:124)&#xa;&#x9;at jdk.nashorn.internal.scripts.Script$Recompilation$44618$3841A$\^function\_.L:1#issueCommand(&lt;function&gt;:124)&#xa;&#x9;at jdk.nashorn.internal.scripts.Script$Recompilation$44618$3841A$\^function\_.L:1#issueCommand(&lt;function&gt;:124)&#xa;&#x9;at jdk.nashorn.internal.scripts.Script$Recompilation$44618$3841A$\^function\_.L:1#issueCommand(&lt;function&gt;:124)&#xa;&#x9;at jdk.nashorn.internal.scripts.Script$Recompilation$44618$3841A$\^function\_.L:1#issueCommand(&lt;function&gt;:124)&#xa;&#x9;at jdk.nashorn.internal.scripts.Script$Recompilation$44618$3841A$\^function\_.L:1#issueCommand(&lt;function&gt;:124)&#xa;&#x9;at jdk.nashorn.internal.scripts.Script$Recompilation$44618$3841A$\^function\_.L:1#issueCommand(&lt;function&gt;:124)&#xa;&#x9;at jdk.nashorn.internal.scripts.Script$Recompilation$44618$3841A$\^function\_.L:1#issueCommand(&lt;function&gt;:124)&#xa;&#x9;at jdk.nashorn.internal.scripts.Script$Recompilation$44618$3841A$\^function\_.L:1#issueCommand(&lt;function&gt;:124)&#xa;&#x9;at jdk.nashorn.internal.scripts.Script$Recompilation$44618$3841A$\^function\_.L:1#issueCommand(&lt;function&gt;:124)&#xa;&#x9;at jdk.nashorn.internal.scripts.Script$Recompilation$44618$3841A$\^function\_.L:1#issueCommand(&lt;function&gt;:124)&#xa;&#x9;at jdk.nashorn.internal.scripts.Script$Recompilation$44618$3841A$\^function\_.L:1#issueCommand(&lt;function&gt;:124)&#xa;&#x9;at jdk.nashorn.internal.scripts.Script$Recompilation$44618$3841A$\^function\_.L:1#issueCommand(&lt;function&gt;:124)&#xa;&#x9;at jdk.nashorn.internal.scripts.Script$Recompilation$44618$3841A$\^function\_.L:1#issueCommand(&lt;function&gt;:124)&#xa;&#x9;at jdk.nashorn.internal.scripts.Script$Recompilation$44618$3841A$\^function\_.L:1#issueCommand(&lt;function&gt;:124)&#xa;&#x9;at jdk.nashorn.internal.scripts.Script$Recompilation$44618$3841A$\^function\_.L:1#issueCommand(&lt;function&gt;:124)&#xa;&#x9;at jdk.nashorn.internal.scripts.Script$Recompilation$44618$3841A$\^function\_.L:1#issueCommand(&lt;function&gt;:124)&#xa;&#x9;at jdk.nashorn.internal.scripts.Script$Recompilation$44618$3841A$\^function\_.L:1#issueCommand(&lt;function&gt;:124)&#xa;&#x9;at jdk.nashorn.internal.scripts.Script$Recompilation$44618$3841A$\^function\_.L:1#issueCommand(&lt;function&gt;:124)&#xa;&#x9;at jdk.nashorn.internal.scripts.Script$Recompilation$44618$3841A$\^function\_.L:1#issueCommand(&lt;function&gt;:124)&#xa;&#x9;at jdk.nashorn.internal.scripts.Script$Recompilation$44618$3841A$\^function\_.L:1#issueCommand(&lt;function&gt;:124)&#xa;&#x9;at jdk.nashorn.internal.scripts.Script$Recompilation$44618$3841A$\^function\_.L:1#issueCommand(&lt;function&gt;:124)&#xa;&#x9;at jdk.nashorn.internal.scripts.Script$Recompilation$44618$3841A$\^function\_.L:1#issueCommand(&lt;function&gt;:124)&#xa;&#x9;at jdk.nashorn.internal.scripts.Script$Recompilation$44618$3841A$\^function\_.L:1#issueCommand(&lt;function&gt;:124)&#xa;&#x9;at jdk.nashorn.internal.scripts.Script$Recompilation$44618$3841A$\^function\_.L:1#issueCommand(&lt;function&gt;:124)&#xa;&#x9;at jdk.nashorn.internal.scripts.Script$Recompilation$44618$3841A$\^function\_.L:1#issueCommand(&lt;function&gt;:124)&#xa;&#x9;at jdk.nashorn.internal.scripts.Script$Recompilation$44618$3841A$\^function\_.L:1#issueCommand(&lt;function&gt;:124)&#xa;&#x9;at jdk.nashorn.internal.scripts.Script$Recompilation$44618$3841A$\^function\_.L:1#issueCommand(&lt;function&gt;:124)&#xa;&#x9;at jdk.nashorn.internal.scripts.Script$Recompilation$44618$3841A$\^function\_.L:1#issueCommand(&lt;function&gt;:124)&#xa;&#x9;at jdk.nashorn.internal.scripts.Script$Recompilation$44618$3841A$\^function\_.L:1#issueCommand(&lt;function&gt;:124)&#xa;&#x9;at jdk.nashorn.internal.scripts.Script$Recompilation$44618$3841A$\^function\_.L:1#issueCommand(&lt;function&gt;:124)&#xa;&#x9;at jdk.nashorn.internal.scripts.Script$Recompilation$44618$3841A$\^function\_.L:1#issueCommand(&lt;function&gt;:124)&#xa;&#x9;at jdk.nashorn.internal.scripts.Script$Recompilation$44618$3841A$\^function\_.L:1#issueCommand(&lt;function&gt;:124)&#xa;&#x9;at jdk.nashorn.internal.scripts.Script$Recompilation$44618$3841A$\^function\_.L:1#issueCommand(&lt;function&gt;:124)&#xa;&#x9;at jdk.nashorn.internal.scripts.Script$Recompilation$44618$3841A$\^function\_.L:1#issueCommand(&lt;function&gt;:124)&#xa;&#x9;at jdk.nashorn.internal.scripts.Script$Recompilation$44618$3841A$\^function\_.L:1#issueCommand(&lt;function&gt;:124)&#xa;&#x9;at jdk.nashorn.internal.scripts.Script$Recompilation$44618$3841A$\^function\_.L:1#issueCommand(&lt;function&gt;:124)&#xa;&#x9;at jdk.nashorn.internal.scripts.Script$Recompilation$44618$3841A$\^function\_.L:1#issueCommand(&lt;function&gt;:124)&#xa;&#x9;at jdk.nashorn.internal.scripts.Script$Recompilation$44618$3841A$\^function\_.L:1#issueCommand(&lt;function&gt;:124)&#xa;&#x9;at jdk.nashorn.internal.scripts.Script$Recompilation$44618$3841A$\^function\_.L:1#issueCommand(&lt;function&gt;:124)&#xa;&#x9;at jdk.nashorn.internal.scripts.Script$Recompilation$44618$3841A$\^function\_.L:1#issueCommand(&lt;function&gt;:124)&#xa;&#x9;at jdk.nashorn.internal.scripts.Script$Recompilation$44618$3841A$\^function\_.L:1#issueCommand(&lt;function&gt;:124)&#xa;&#x9;at jdk.nashorn.internal.scripts.Script$Recompilation$44618$3841A$\^function\_.L:1#issueCommand(&lt;function&gt;:124)&#xa;&#x9;at jdk.nashorn.internal.scripts.Script$Recompilation$44618$3841A$\^function\_.L:1#issueCommand(&lt;function&gt;:124)&#xa;&#x9;at jdk.nashorn.internal.scripts.Script$Recompilation$44618$3841A$\^function\_.L:1#issueCommand(&lt;function&gt;:124)&#xa;&#x9;at jdk.nashorn.internal.scripts.Script$Recompilation$44618$3841A$\^function\_.L:1#issueCommand(&lt;function&gt;:124)&#xa;&#x9;at jdk.nashorn.internal.scripts.Script$Recompilation$44618$3841A$\^function\_.L:1#issueCommand(&lt;function&gt;:124)&#xa;&#x9;at jdk.nashorn.internal.scripts.Script$Recompilation$44618$3841A$\^function\_.L:1#issueCommand(&lt;function&gt;:124)&#xa;&#x9;at jdk.nashorn.internal.scripts.Script$Recompilation$44618$3841A$\^function\_.L:1#issueCommand(&lt;function&gt;:124)&#xa;&#x9;at jdk.nashorn.internal.scripts.Script$Recompilation$44618$3841A$\^function\_.L:1#issueCommand(&lt;function&gt;:124)&#xa;&#x9;at jdk.nashorn.internal.scripts.Script$Recompilation$44618$3841A$\^function\_.L:1#issueCommand(&lt;function&gt;:124)&#xa;&#x9;at jdk.nashorn.internal.scripts.Script$Recompilation$44618$3841A$\^function\_.L:1#issueCommand(&lt;function&gt;:124)&#xa;&#x9;at jdk.nashorn.internal.scripts.Script$Recompilation$44618$3841A$\^function\_.L:1#issueCommand(&lt;function&gt;:124)&#xa;&#x9;at jdk.nashorn.internal.scripts.Script$Recompilation$44618$3841A$\^function\_.L:1#issueCommand(&lt;function&gt;:124)&#xa;&#x9;at jdk.nashorn.internal.scripts.Script$Recompilation$44618$3841A$\^function\_.L:1#issueCommand(&lt;function&gt;:124)&#xa;&#x9;at jdk.nashorn.internal.scripts.Script$Recompilation$44618$3841A$\^function\_.L:1#issueCommand(&lt;function&gt;:124)&#xa;&#x9;at jdk.nashorn.internal.scripts.Script$Recompilation$44618$3841A$\^function\_.L:1#issueCommand(&lt;function&gt;:124)&#xa;&#x9;at jdk.nashorn.internal.scripts.Script$Recompilation$44618$3841A$\^function\_.L:1#issueCommand(&lt;function&gt;:124)&#xa;&#x9;at jdk.nashorn.internal.scripts.Script$Recompilation$44618$3841A$\^function\_.L:1#issueCommand(&lt;function&gt;:124)&#xa;&#x9;at jdk.nashorn.internal.scripts.Script$Recompilation$44618$3841A$\^function\_.L:1#issueCommand(&lt;function&gt;:124)&#xa;&#x9;at jdk.nashorn.internal.scripts.Script$Recompilation$44618$3841A$\^function\_.L:1#issueCommand(&lt;function&gt;:124)&#xa;&#x9;at jdk.nashorn.internal.scripts.Script$Recompilation$44618$3841A$\^function\_.L:1#issueCommand(&lt;function&gt;:124)&#xa;&#x9;at jdk.nashorn.internal.scripts.Script$Recompilation$44618$3841A$\^function\_.L:1#issueCommand(&lt;function&gt;:124)&#xa;&#x9;at jdk.nashorn.internal.scripts.Script$Recompilation$44618$3841A$\^function\_.L:1#issueCommand(&lt;function&gt;:124)&#xa;&#x9;at jdk.nashorn.internal.scripts.Script$Recompilation$44618$3841A$\^function\_.L:1#issueCommand(&lt;function&gt;:124)&#xa;&#x9;at jdk.nashorn.internal.scripts.Script$Recompilation$44618$3841A$\^function\_.L:1#issueCommand(&lt;function&gt;:124)&#xa;&#x9;at jdk.nashorn.internal.scripts.Script$Recompilation$44618$3841A$\^function\_.L:1#issueCommand(&lt;function&gt;:124)&#xa;&#x9;at jdk.nashorn.internal.scripts.Script$Recompilation$44618$3841A$\^function\_.L:1#issueCommand(&lt;function&gt;:124)&#xa;&#x9;at jdk.nashorn.internal.scripts.Script$Recompilation$44618$3841A$\^function\_.L:1#issueCommand(&lt;function&gt;:124)&#xa;&#x9;at jdk.nashorn.internal.scripts.Script$Recompilation$44618$3841A$\^function\_.L:1#issueCommand(&lt;function&gt;:124)&#xa;&#x9;at jdk.nashorn.internal.scripts.Script$Recompilation$44618$3841A$\^function\_.L:1#issueCommand(&lt;function&gt;:124)&#xa;&#x9;at jdk.nashorn.internal.scripts.Script$Recompilation$44618$3841A$\^function\_.L:1#issueCommand(&lt;function&gt;:124)&#xa;&#x9;at jdk.nashorn.internal.scripts.Script$Recompilation$44618$3841A$\^function\_.L:1#issueCommand(&lt;function&gt;:124)&#xa;&#x9;at jdk.nashorn.internal.scripts.Script$Recompilation$44618$3841A$\^function\_.L:1#issueCommand(&lt;function&gt;:124)&#xa;&#x9;at jdk.nashorn.internal.scripts.Script$Recompilation$44618$3841A$\^function\_.L:1#issueCommand(&lt;function&gt;:124)&#xa;&#x9;at jdk.nashorn.internal.scripts.Script$Recompilation$44618$3841A$\^function\_.L:1#issueCommand(&lt;function&gt;:124)&#xa;&#x9;at jdk.nashorn.internal.scripts.Script$Recompilation$44618$3841A$\^function\_.L:1#issueCommand(&lt;function&gt;:124)&#xa;&#x9;at jdk.nashorn.internal.scripts.Script$Recompilation$44618$3841A$\^function\_.L:1#issueCommand(&lt;function&gt;:124)&#xa;&#x9;at jdk.nashorn.internal.scripts.Script$Recompilation$44618$3841A$\^function\_.L:1#issueCommand(&lt;function&gt;:124)&#xa;&#x9;at jdk.nashorn.internal.scripts.Script$Recompilation$44618$3841A$\^function\_.L:1#issueCommand(&lt;function&gt;:124)&#xa;&#x9;at jdk.nashorn.internal.scripts.Script$Recompilation$44618$3841A$\^function\_.L:1#issueCommand(&lt;function&gt;:124)&#xa;&#x9;at jdk.nashorn.internal.scripts.Script$Recompilation$44618$3841A$\^function\_.L:1#issueCommand(&lt;function&gt;:124)&#xa;&#x9;at jdk.nashorn.internal.scripts.Script$Recompilation$44618$3841A$\^function\_.L:1#issueCommand(&lt;function&gt;:124)&#xa;&#x9;at jdk.nashorn.internal.scripts.Script$Recompilation$44618$3841A$\^function\_.L:1#issueCommand(&lt;function&gt;:124)&#xa;&#x9;at jdk.nashorn.internal.scripts.Script$Recompilation$44618$3841A$\^function\_.L:1#issueCommand(&lt;function&gt;:124)&#xa;&#x9;at jdk.nashorn.internal.scripts.Script$Recompilation$44618$3841A$\^function\_.L:1#issueCommand(&lt;function&gt;:124)&#xa;&#x9;at jdk.nashorn.internal.scripts.Script$Recompilation$44618$3841A$\^function\_.L:1#issueCommand(&lt;function&gt;:124)&#xa;&#x9;at jdk.nashorn.internal.scripts.Script$Recompilation$44618$3841A$\^function\_.L:1#issueCommand(&lt;function&gt;:124)&#xa;&#x9;at jdk.nashorn.internal.scripts.Script$Recompilation$44618$3841A$\^function\_.L:1#issueCommand(&lt;function&gt;:124)&#xa;&#x9;at jdk.nashorn.internal.scripts.Script$Recompilation$44618$3841A$\^function\_.L:1#issueCommand(&lt;function&gt;:124)&#xa;&#x9;at jdk.nashorn.internal.scripts.Script$Recompilation$44618$3841A$\^function\_.L:1#issueCommand(&lt;function&gt;:124)&#xa;&#x9;at jdk.nashorn.internal.scripts.Script$Recompilation$44618$3841A$\^function\_.L:1#issueCommand(&lt;function&gt;:124)&#xa;&#x9;at jdk.nashorn.internal.scripts.Script$Recompilation$44618$3841A$\^function\_.L:1#issueCommand(&lt;function&gt;:124)&#xa;&#x9;at jdk.nashorn.internal.scripts.Script$Recompilation$44618$3841A$\^function\_.L:1#issueCommand(&lt;function&gt;:124)&#xa;&#x9;at jdk.nashorn.internal.scripts.Script$Recompilation$44618$3841A$\^function\_.L:1#issueCommand(&lt;function&gt;:124)&#xa;&#x9;at jdk.nashorn.internal.scripts.Script$Recompilation$44618$3841A$\^function\_.L:1#issueCommand(&lt;function&gt;:124)&#xa;&#x9;at jdk.nashorn.internal.scripts.Script$Recompilation$44618$3841A$\^function\_.L:1#issueCommand(&lt;function&gt;:124)&#xa;&#x9;at jdk.nashorn.internal.scripts.Script$Recompilation$44618$3841A$\^function\_.L:1#issueCommand(&lt;function&gt;:124)&#xa;&#x9;at jdk.nashorn.internal.scripts.Script$Recompilation$44618$3841A$\^function\_.L:1#issueCommand(&lt;function&gt;:124)&#xa;&#x9;at jdk.nashorn.internal.scripts.Script$Recompilation$44618$3841A$\^function\_.L:1#issueCommand(&lt;function&gt;:124)&#xa;&#x9;at jdk.nashorn.internal.scripts.Script$Recompilation$44618$3841A$\^function\_.L:1#issueCommand(&lt;function&gt;:124)&#xa;&#x9;at jdk.nashorn.internal.scripts.Script$Recompilation$44618$3841A$\^function\_.L:1#issueCommand(&lt;function&gt;:124)&#xa;&#x9;at jdk.nashorn.internal.scripts.Script$Recompilation$44618$3841A$\^function\_.L:1#issueCommand(&lt;function&gt;:124)&#xa;&#x9;at jdk.nashorn.internal.scripts.Script$Recompilation$44618$3841A$\^function\_.L:1#issueCommand(&lt;function&gt;:124)&#xa;&#x9;at jdk.nashorn.internal.scripts.Script$Recompilation$44618$3841A$\^function\_.L:1#issueCommand(&lt;function&gt;:124)&#xa;&#x9;at jdk.nashorn.internal.scripts.Script$Recompilation$44618$3841A$\^function\_.L:1#issueCommand(&lt;function&gt;:124)&#xa;&#x9;at jdk.nashorn.internal.scripts.Script$Recompilation$44618$3841A$\^function\_.L:1#issueCommand(&lt;function&gt;:124)&#xa;&#x9;at jdk.nashorn.internal.scripts.Script$Recompilation$44618$3841A$\^function\_.L:1#issueCommand(&lt;function&gt;:124)&#xa;&#x9;at jdk.nashorn.internal.scripts.Script$Recompilation$44618$3841A$\^function\_.L:1#issueCommand(&lt;function&gt;:124)&#xa;&#x9;at jdk.nashorn.internal.scripts.Script$Recompilation$44618$3841A$\^function\_.L:1#issueCommand(&lt;function&gt;:124)&#xa;&#x9;at jdk.nashorn.internal.scripts.Script$Recompilation$44618$3841A$\^function\_.L:1#issueCommand(&lt;function&gt;:124)&#xa;&#x9;at jdk.nashorn.internal.scripts.Script$Recompilation$44618$3841A$\^function\_.L:1#issueCommand(&lt;function&gt;:124)&#xa;&#x9;at jdk.nashorn.internal.scripts.Script$Recompilation$44618$3841A$\^function\_.L:1#issueCommand(&lt;function&gt;:124)&#xa;&#x9;at jdk.nashorn.internal.scripts.Script$Recompilation$44618$3841A$\^function\_.L:1#issueCommand(&lt;function&gt;:124)&#xa;&#x9;at jdk.nashorn.internal.scripts.Script$Recompilation$44618$3841A$\^function\_.L:1#issueCommand(&lt;function&gt;:124)&#xa;&#x9;at jdk.nashorn.internal.scripts.Script$Recompilation$44618$3841A$\^function\_.L:1#issueCommand(&lt;function&gt;:124)&#xa;&#x9;at jdk.nashorn.internal.scripts.Script$Recompilation$44618$3841A$\^function\_.L:1#issueCommand(&lt;function&gt;:124)&#xa;&#x9;at jdk.nashorn.internal.scripts.Script$Recompilation$44618$3841A$\^function\_.L:1#issueCommand(&lt;function&gt;:124)&#xa;&#x9;at jdk.nashorn.internal.scripts.Script$Recompilation$44618$3841A$\^function\_.L:1#issueCommand(&lt;function&gt;:124)&#xa;&#x9;at jdk.nashorn.internal.scripts.Script$Recompilation$44618$3841A$\^function\_.L:1#issueCommand(&lt;function&gt;:124)&#xa;&#x9;at jdk.nashorn.internal.scripts.Script$Recompilation$44618$3841A$\^function\_.L:1#issueCommand(&lt;function&gt;:124)&#xa;&#x9;at jdk.nashorn.internal.scripts.Script$Recompilation$44618$3841A$\^function\_.L:1#issueCommand(&lt;function&gt;:124)&#xa;&#x9;at jdk.nashorn.internal.scripts.Script$Recompilation$44618$3841A$\^function\_.L:1#issueCommand(&lt;function&gt;:124)&#xa;&#x9;at jdk.nashorn.internal.scripts.Script$Recompilation$44618$3841A$\^function\_.L:1#issueCommand(&lt;function&gt;:124)&#xa;&#x9;at jdk.nashorn.internal.scripts.Script$Recompilation$44618$3841A$\^function\_.L:1#issueCommand(&lt;function&gt;:124)&#xa;&#x9;at jdk.nashorn.internal.scripts.Script$Recompilation$44618$3841A$\^function\_.L:1#issueCommand(&lt;function&gt;:124)&#xa;&#x9;at jdk.nashorn.internal.scripts.Script$Recompilation$44618$3841A$\^function\_.L:1#issueCommand(&lt;function&gt;:124)&#xa;&#x9;at jdk.nashorn.internal.scripts.Script$Recompilation$44618$3841A$\^function\_.L:1#issueCommand(&lt;function&gt;:124)&#xa;&#x9;at jdk.nashorn.internal.scripts.Script$Recompilation$44618$3841A$\^function\_.L:1#issueCommand(&lt;function&gt;:124)&#xa;&#x9;at jdk.nashorn.internal.scripts.Script$Recompilation$44618$3841A$\^function\_.L:1#issueCommand(&lt;function&gt;:124)&#xa;&#x9;at jdk.nashorn.internal.scripts.Script$Recompilation$44618$3841A$\^function\_.L:1#issueCommand(&lt;function&gt;:124)&#xa;&#x9;at jdk.nashorn.internal.scripts.Script$Recompilation$44618$3841A$\^function\_.L:1#issueCommand(&lt;function&gt;:124)&#xa;&#x9;at jdk.nashorn.internal.scripts.Script$Recompilation$44618$3841A$\^function\_.L:1#issueCommand(&lt;function&gt;:124)&#xa;&#x9;at jdk.nashorn.internal.scripts.Script$Recompilation$44618$3841A$\^function\_.L:1#issueCommand(&lt;function&gt;:124)&#xa;&#x9;at jdk.nashorn.internal.scripts.Script$Recompilation$44618$3841A$\^function\_.L:1#issueCommand(&lt;function&gt;:124)&#xa;&#x9;at jdk.nashorn.internal.scripts.Script$Recompilation$44618$3841A$\^function\_.L:1#issueCommand(&lt;function&gt;:124)&#xa;&#x9;at jdk.nashorn.internal.scripts.Script$Recompilation$44618$3841A$\^function\_.L:1#issueCommand(&lt;function&gt;:124)&#xa;&#x9;at jdk.nashorn.internal.scripts.Script$Recompilation$44618$3841A$\^function\_.L:1#issueCommand(&lt;function&gt;:124)&#xa;&#x9;at jdk.nashorn.internal.scripts.Script$Recompilation$44618$3841A$\^function\_.L:1#issueCommand(&lt;function&gt;:124)&#xa;&#x9;at jdk.nashorn.internal.scripts.Script$Recompilation$44618$3841A$\^function\_.L:1#issueCommand(&lt;function&gt;:124)&#xa;&#x9;at jdk.nashorn.internal.scripts.Script$Recompilation$44618$3841A$\^function\_.L:1#issueCommand(&lt;function&gt;:124)&#xa;&#x9;at jdk.nashorn.internal.scripts.Script$Recompilation$44618$3841A$\^function\_.L:1#issueCommand(&lt;function&gt;:124)&#xa;&#x9;at jdk.nashorn.internal.scripts.Script$Recompilation$44618$3841A$\^function\_.L:1#issueCommand(&lt;function&gt;:124)&#xa;&#x9;at jdk.nashorn.internal.scripts.Script$Recompilation$44618$3841A$\^function\_.L:1#issueCommand(&lt;function&gt;:124)&#xa;&#x9;at jdk.nashorn.internal.scripts.Script$Recompilation$44618$3841A$\^function\_.L:1#issueCommand(&lt;function&gt;:124)&#xa;&#x9;at jdk.nashorn.internal.scripts.Script$Recompilation$44618$3841A$\^function\_.L:1#issueCommand(&lt;function&gt;:124)&#xa;&#x9;at jdk.nashorn.internal.scripts.Script$Recompilation$44618$3841A$\^function\_.L:1#issueCommand(&lt;function&gt;:124)&#xa;&#x9;at jdk.nashorn.internal.scripts.Script$Recompilation$44618$3841A$\^function\_.L:1#issueCommand(&lt;function&gt;:124)&#xa;&#x9;at jdk.nashorn.internal.scripts.Script$Recompilation$44618$3841A$\^function\_.L:1#issueCommand(&lt;function&gt;:124)&#xa;&#x9;at jdk.nashorn.internal.scripts.Script$Recompilation$44618$3841A$\^function\_.L:1#issueCommand(&lt;function&gt;:124)&#xa;&#x9;at jdk.nashorn.internal.scripts.Script$Recompilation$44618$3841A$\^function\_.L:1#issueCommand(&lt;function&gt;:124)&#xa;&#x9;at jdk.nashorn.internal.scripts.Script$Recompilation$44618$3841A$\^function\_.L:1#issueCommand(&lt;function&gt;:124)&#xa;&#x9;at jdk.nashorn.internal.scripts.Script$Recompilation$44618$3841A$\^function\_.L:1#issueCommand(&lt;function&gt;:124)&#xa;&#x9;at jdk.nashorn.internal.scripts.Script$Recompilation$44618$3841A$\^function\_.L:1#issueCommand(&lt;function&gt;:124)&#xa;&#x9;at jdk.nashorn.internal.scripts.Script$Recompilation$44618$3841A$\^function\_.L:1#issueCommand(&lt;function&gt;:124)&#xa;&#x9;at jdk.nashorn.internal.scripts.Script$Recompilation$44618$3841A$\^function\_.L:1#issueCommand(&lt;function&gt;:124)&#xa;&#x9;at jdk.nashorn.internal.scripts.Script$Recompilation$44618$3841A$\^function\_.L:1#issueCommand(&lt;function&gt;:124)&#xa;&#x9;at jdk.nashorn.internal.scripts.Script$Recompilation$44618$3841A$\^function\_.L:1#issueCommand(&lt;function&gt;:124)&#xa;&#x9;at jdk.nashorn.internal.scripts.Script$Recompilation$44618$3841A$\^function\_.L:1#issueCommand(&lt;function&gt;:124)&#xa;&#x9;at jdk.nashorn.internal.scripts.Script$Recompilation$44618$3841A$\^function\_.L:1#issueCommand(&lt;function&gt;:124)&#xa;&#x9;at jdk.nashorn.internal.scripts.Script$Recompilation$44618$3841A$\^function\_.L:1#issueCommand(&lt;function&gt;:124)&#xa;&#x9;at jdk.nashorn.internal.scripts.Script$Recompilation$44618$3841A$\^function\_.L:1#issueCommand(&lt;function&gt;:124)&#xa;&#x9;at jdk.nashorn.internal.scripts.Script$Recompilation$44618$3841A$\^function\_.L:1#issueCommand(&lt;function&gt;:124)&#xa;&#x9;at jdk.nashorn.internal.scripts.Script$Recompilation$44618$3841A$\^function\_.L:1#issueCommand(&lt;function&gt;:124)&#xa;&#x9;at jdk.nashorn.internal.scripts.Script$Recompilation$44618$3841A$\^function\_.L:1#issueCommand(&lt;function&gt;:124)&#xa;&#x9;at jdk.nashorn.internal.scripts.Script$Recompilation$44618$3841A$\^function\_.L:1#issueCommand(&lt;function&gt;:124)&#xa;&#x9;at jdk.nashorn.internal.scripts.Script$Recompilation$44618$3841A$\^function\_.L:1#issueCommand(&lt;function&gt;:124)&#xa;&#x9;at jdk.nashorn.internal.scripts.Script$Recompilation$44618$3841A$\^function\_.L:1#issueCommand(&lt;function&gt;:124)&#xa;&#x9;at jdk.nashorn.internal.scripts.Script$Recompilation$44618$3841A$\^function\_.L:1#issueCommand(&lt;function&gt;:124)&#xa;&#x9;at jdk.nashorn.internal.scripts.Script$Recompilation$44618$3841A$\^function\_.L:1#issueCommand(&lt;function&gt;:124)&#xa;&#x9;at jdk.nashorn.internal.scripts.Script$Recompilation$44618$3841A$\^function\_.L:1#issueCommand(&lt;function&gt;:124)&#xa;&#x9;at jdk.nashorn.internal.scripts.Script$Recompilation$44618$3841A$\^function\_.L:1#issueCommand(&lt;function&gt;:124)&#xa;&#x9;at jdk.nashorn.internal.scripts.Script$Recompilation$44618$3841A$\^function\_.L:1#issueCommand(&lt;function&gt;:124)&#xa;&#x9;at jdk.nashorn.internal.scripts.Script$Recompilation$44618$3841A$\^function\_.L:1#issueCommand(&lt;function&gt;:124)&#xa;&#x9;at jdk.nashorn.internal.scripts.Script$Recompilation$44618$3841A$\^function\_.L:1#issueCommand(&lt;function&gt;:124)&#xa;&#x9;at jdk.nashorn.internal.scripts.Script$Recompilation$44618$3841A$\^function\_.L:1#issueCommand(&lt;function&gt;:124)&#xa;&#x9;at jdk.nashorn.internal.scripts.Script$Recompilation$44618$3841A$\^function\_.L:1#issueCommand(&lt;function&gt;:124)&#xa;&#x9;at jdk.nashorn.internal.scripts.Script$Recompilation$44618$3841A$\^function\_.L:1#issueCommand(&lt;function&gt;:124)&#xa;&#x9;at jdk.nashorn.internal.scripts.Script$Recompilation$44618$3841A$\^function\_.L:1#issueCommand(&lt;function&gt;:124)&#xa;&#x9;at jdk.nashorn.internal.scripts.Script$Recompilation$44618$3841A$\^function\_.L:1#issueCommand(&lt;function&gt;:124)&#xa;&#x9;at jdk.nashorn.internal.scripts.Script$Recompilation$44618$3841A$\^function\_.L:1#issueCommand(&lt;function&gt;:124)&#xa;&#x9;at jdk.nashorn.internal.scripts.Script$Recompilation$44618$3841A$\^function\_.L:1#issueCommand(&lt;function&gt;:124)&#xa;&#x9;at jdk.nashorn.internal.scripts.Script$Recompilation$44618$3841A$\^function\_.L:1#issueCommand(&lt;function&gt;:124)&#xa;&#x9;at jdk.nashorn.internal.scripts.Script$Recompilation$44618$3841A$\^function\_.L:1#issueCommand(&lt;function&gt;:124)&#xa;&#x9;at jdk.nashorn.internal.scripts.Script$Recompilation$44618$3841A$\^function\_.L:1#issueCommand(&lt;function&gt;:124)&#xa;&#x9;at jdk.nashorn.internal.scripts.Script$Recompilation$44618$3841A$\^function\_.L:1#issueCommand(&lt;function&gt;:124)&#xa;&#x9;at jdk.nashorn.internal.scripts.Script$Recompilation$44618$3841A$\^function\_.L:1#issueCommand(&lt;function&gt;:124)&#xa;&#x9;at jdk.nashorn.internal.scripts.Script$Recompilation$44618$3841A$\^function\_.L:1#issueCommand(&lt;function&gt;:124)&#xa;&#x9;at jdk.nashorn.internal.scripts.Script$Recompilation$44618$3841A$\^function\_.L:1#issueCommand(&lt;function&gt;:124)&#xa;&#x9;at jdk.nashorn.internal.scripts.Script$Recompilation$44618$3841A$\^function\_.L:1#issueCommand(&lt;function&gt;:124)&#xa;&#x9;at jdk.nashorn.internal.scripts.Script$Recompilation$44618$3841A$\^function\_.L:1#issueCommand(&lt;function&gt;:124)&#xa;&#x9;at jdk.nashorn.internal.scripts.Script$Recompilation$44618$3841A$\^function\_.L:1#issueCommand(&lt;function&gt;:124)&#xa;&#x9;at jdk.nashorn.internal.scripts.Script$Recompilation$44618$3841A$\^function\_.L:1#issueCommand(&lt;function&gt;:124)&#xa;&#x9;at jdk.nashorn.internal.scripts.Script$Recompilation$44618$3841A$\^function\_.L:1#issueCommand(&lt;function&gt;:124)&#xa;&#x9;at jdk.nashorn.internal.scripts.Script$Recompilation$44618$3841A$\^function\_.L:1#issueCommand(&lt;function&gt;:124)&#xa;&#x9;at jdk.nashorn.internal.scripts.Script$Recompilation$44618$3841A$\^function\_.L:1#issueCommand(&lt;function&gt;:124)&#xa;&#x9;at jdk.nashorn.internal.scripts.Script$Recompilation$44618$3841A$\^function\_.L:1#issueCommand(&lt;function&gt;:124)&#xa;&#x9;at jdk.nashorn.internal.scripts.Script$Recompilation$44618$3841A$\^function\_.L:1#issueCommand(&lt;function&gt;:124)&#xa;&#x9;at jdk.nashorn.internal.scripts.Script$Recompilation$44618$3841A$\^function\_.L:1#issueCommand(&lt;function&gt;:124)&#xa;&#x9;at jdk.nashorn.internal.scripts.Script$Recompilation$44618$3841A$\^function\_.L:1#issueCommand(&lt;function&gt;:124)&#xa;&#x9;at jdk.nashorn.internal.scripts.Script$Recompilation$44618$3841A$\^function\_.L:1#issueCommand(&lt;function&gt;:124)&#xa;&#x9;at jdk.nashorn.internal.scripts.Script$Recompilation$44618$3841A$\^function\_.L:1#issueCommand(&lt;function&gt;:124)&#xa;&#x9;at jdk.nashorn.internal.scripts.Script$Recompilation$44618$3841A$\^function\_.L:1#issueCommand(&lt;function&gt;:124)&#xa;&#x9;at jdk.nashorn.internal.scripts.Script$Recompilation$44618$3841A$\^function\_.L:1#issueCommand(&lt;function&gt;:124)&#xa;&#x9;at jdk.nashorn.internal.scripts.Script$Recompilation$44618$3841A$\^function\_.L:1#issueCommand(&lt;function&gt;:124)&#xa;&#x9;at jdk.nashorn.internal.scripts.Script$Recompilation$44618$3841A$\^function\_.L:1#issueCommand(&lt;function&gt;:124)&#xa;&#x9;at jdk.nashorn.internal.scripts.Script$Recompilation$44618$3841A$\^function\_.L:1#issueCommand(&lt;function&gt;:124)&#xa;&#x9;at jdk.nashorn.internal.scripts.Script$Recompilation$44618$3841A$\^function\_.L:1#issueCommand(&lt;function&gt;:124)&#xa;&#x9;at jdk.nashorn.internal.scripts.Script$Recompilation$44618$3841A$\^function\_.L:1#issueCommand(&lt;function&gt;:124)&#xa;&#x9;at jdk.nashorn.internal.scripts.Script$Recompilation$44618$3841A$\^function\_.L:1#issueCommand(&lt;function&gt;:124)&#xa;&#x9;at jdk.nashorn.internal.scripts.Script$Recompilation$44618$3841A$\^function\_.L:1#issueCommand(&lt;function&gt;:124)&#xa;&#x9;at jdk.nashorn.internal.scripts.Script$Recompilation$44618$3841A$\^function\_.L:1#issueCommand(&lt;function&gt;:124)&#xa;&#x9;at jdk.nashorn.internal.scripts.Script$Recompilation$44618$3841A$\^function\_.L:1#issueCommand(&lt;function&gt;:124)&#xa;&#x9;at jdk.nashorn.internal.scripts.Script$Recompilation$44618$3841A$\^function\_.L:1#issueCommand(&lt;function&gt;:124)&#xa;&#x9;at jdk.nashorn.internal.scripts.Script$Recompilation$44618$3841A$\^function\_.L:1#issueCommand(&lt;function&gt;:124)&#xa;&#x9;at jdk.nashorn.internal.scripts.Script$Recompilation$44618$3841A$\^function\_.L:1#issueCommand(&lt;function&gt;:124)&#xa;&#x9;at jdk.nashorn.internal.scripts.Script$Recompilation$44618$3841A$\^function\_.L:1#issueCommand(&lt;function&gt;:124)&#xa;&#x9;at jdk.nashorn.internal.scripts.Script$Recompilation$44618$3841A$\^function\_.L:1#issueCommand(&lt;function&gt;:124)&#xa;&#x9;at jdk.nashorn.internal.scripts.Script$Recompilation$44618$3841A$\^function\_.L:1#issueCommand(&lt;function&gt;:124)&#xa;&#x9;at jdk.nashorn.internal.scripts.Script$Recompilation$44618$3841A$\^function\_.L:1#issueCommand(&lt;function&gt;:124)&#xa;&#x9;at jdk.nashorn.internal.scripts.Script$Recompilation$44618$3841A$\^function\_.L:1#issueCommand(&lt;function&gt;:124)&#xa;&#x9;at jdk.nashorn.internal.scripts.Script$Recompilation$44618$3841A$\^function\_.L:1#issueCommand(&lt;function&gt;:124)&#xa;&#x9;at jdk.nashorn.internal.scripts.Script$Recompilation$44618$3841A$\^function\_.L:1#issueCommand(&lt;function&gt;:124)&#xa;&#x9;at jdk.nashorn.internal.scripts.Script$Recompilation$44618$3841A$\^function\_.L:1#issueCommand(&lt;function&gt;:124)&#xa;&#x9;at jdk.nashorn.internal.scripts.Script$Recompilation$44618$3841A$\^function\_.L:1#issueCommand(&lt;function&gt;:124)&#xa;&#x9;at jdk.nashorn.internal.scripts.Script$Recompilation$44618$3841A$\^function\_.L:1#issueCommand(&lt;function&gt;:124)&#xa;&#x9;at jdk.nashorn.internal.scripts.Script$Recompilation$44618$3841A$\^function\_.L:1#issueCommand(&lt;function&gt;:124)&#xa;&#x9;at jdk.nashorn.internal.scripts.Script$Recompilation$44618$3841A$\^function\_.L:1#issueCommand(&lt;function&gt;:124)&#xa;&#x9;at jdk.nashorn.internal.scripts.Script$Recompilation$44618$3841A$\^function\_.L:1#issueCommand(&lt;function&gt;:124)&#xa;&#x9;at jdk.nashorn.internal.scripts.Script$Recompilation$44618$3841A$\^function\_.L:1#issueCommand(&lt;function&gt;:124)&#xa;&#x9;at jdk.nashorn.internal.scripts.Script$Recompilation$44618$3841A$\^function\_.L:1#issueCommand(&lt;function&gt;:124)&#xa;&#x9;at jdk.nashorn.internal.scripts.Script$Recompilation$44618$3841A$\^function\_.L:1#issueCommand(&lt;function&gt;:124)&#xa;&#x9;at jdk.nashorn.internal.scripts.Script$Recompilation$44618$3841A$\^function\_.L:1#issueCommand(&lt;function&gt;:124)&#xa;&#x9;at jdk.nashorn.internal.scripts.Script$Recompilation$44618$3841A$\^function\_.L:1#issueCommand(&lt;function&gt;:124)&#xa;&#x9;at jdk.nashorn.internal.scripts.Script$Recompilation$44618$3841A$\^function\_.L:1#issueCommand(&lt;function&gt;:124)&#xa;&#x9;at jdk.nashorn.internal.scripts.Script$Recompilation$44618$3841A$\^function\_.L:1#issueCommand(&lt;function&gt;:124)&#xa;&#x9;at jdk.nashorn.internal.scripts.Script$Recompilation$44618$3841A$\^function\_.L:1#issueCommand(&lt;function&gt;:124)&#xa;&#x9;at jdk.nashorn.internal.scripts.Script$Recompilation$44618$3841A$\^function\_.L:1#issueCommand(&lt;function&gt;:124)&#xa;&#x9;at jdk.nashorn.internal.scripts.Script$Recompilation$44618$3841A$\^function\_.L:1#issueCommand(&lt;function&gt;:124)&#xa;&#x9;at jdk.nashorn.internal.scripts.Script$Recompilation$44618$3841A$\^function\_.L:1#issueCommand(&lt;function&gt;:124)&#xa;&#x9;at jdk.nashorn.internal.scripts.Script$Recompilation$44618$3841A$\^function\_.L:1#issueCommand(&lt;function&gt;:124)&#xa;&#x9;at jdk.nashorn.internal.scripts.Script$Recompilation$44618$3841A$\^function\_.L:1#issueCommand(&lt;function&gt;:124)&#xa;&#x9;at jdk.nashorn.internal.scripts.Script$Recompilation$44618$3841A$\^function\_.L:1#issueCommand(&lt;function&gt;:124)&#xa;&#x9;at jdk.nashorn.internal.scripts.Script$Recompilation$44618$3841A$\^function\_.L:1#issueCommand(&lt;function&gt;:124)&#xa;&#x9;at jdk.nashorn.internal.scripts.Script$Recompilation$44618$3841A$\^function\_.L:1#issueCommand(&lt;function&gt;:124)&#xa;&#x9;at jdk.nashorn.internal.scripts.Script$Recompilation$44618$3841A$\^function\_.L:1#issueCommand(&lt;function&gt;:124)&#xa;&#x9;at jdk.nashorn.internal.scripts.Script$Recompilation$44618$3841A$\^function\_.L:1#issueCommand(&lt;function&gt;:124)&#xa;&#x9;at jdk.nashorn.internal.scripts.Script$Recompilation$44618$3841A$\^function\_.L:1#issueCommand(&lt;function&gt;:124)&#xa;&#x9;at jdk.nashorn.internal.scripts.Script$Recompilation$44618$3841A$\^function\_.L:1#issueCommand(&lt;function&gt;:124)&#xa;&#x9;at jdk.nashorn.internal.scripts.Script$Recompilation$44618$3841A$\^function\_.L:1#issueCommand(&lt;function&gt;:124)&#xa;&#x9;at jdk.nashorn.internal.scripts.Script$Recompilation$44618$3841A$\^function\_.L:1#issueCommand(&lt;function&gt;:124)&#xa;&#x9;at jdk.nashorn.internal.scripts.Script$Recompilation$44618$3841A$\^function\_.L:1#issueCommand(&lt;function&gt;:124)&#xa;&#x9;at jdk.nashorn.internal.scripts.Script$Recompilation$44618$3841A$\^function\_.L:1#issueCommand(&lt;function&gt;:124)&#xa;&#x9;at jdk.nashorn.internal.scripts.Script$Recompilation$44618$3841A$\^function\_.L:1#issueCommand(&lt;function&gt;:124)&#xa;&#x9;at jdk.nashorn.internal.scripts.Script$Recompilation$44618$3841A$\^function\_.L:1#issueCommand(&lt;function&gt;:124)&#xa;&#x9;at jdk.nashorn.internal.scripts.Script$Recompilation$44618$3841A$\^function\_.L:1#issueCommand(&lt;function&gt;:124)&#xa;&#x9;at jdk.nashorn.internal.scripts.Script$Recompilation$44618$3841A$\^function\_.L:1#issueCommand(&lt;function&gt;:124)&#xa;&#x9;at jdk.nashorn.internal.scripts.Script$Recompilation$44618$3841A$\^function\_.L:1#issueCommand(&lt;function&gt;:124)&#xa;&#x9;at jdk.nashorn.internal.scripts.Script$Recompilation$44618$3841A$\^function\_.L:1#issueCommand(&lt;function&gt;:124)&#xa;&#x9;at jdk.nashorn.internal.scripts.Script$Recompilation$44618$3841A$\^function\_.L:1#issueCommand(&lt;function&gt;:124)&#xa;&#x9;at jdk.nashorn.internal.scripts.Script$Recompilation$44618$3841A$\^function\_.L:1#issueCommand(&lt;function&gt;:124)&#xa;&#x9;at jdk.nashorn.internal.scripts.Script$Recompilation$44618$3841A$\^function\_.L:1#issueCommand(&lt;function&gt;:124)&#xa;&#x9;at jdk.nashorn.internal.scripts.Script$Recompilation$44618$3841A$\^function\_.L:1#issueCommand(&lt;function&gt;:124)&#xa;&#x9;at jdk.nashorn.internal.scripts.Script$Recompilation$44618$3841A$\^function\_.L:1#issueCommand(&lt;function&gt;:124)&#xa;&#x9;at jdk.nashorn.internal.scripts.Script$Recompilation$44618$3841A$\^function\_.L:1#issueCommand(&lt;function&gt;:124)&#xa;&#x9;at jdk.nashorn.internal.scripts.Script$Recompilation$44618$3841A$\^function\_.L:1#issueCommand(&lt;function&gt;:124)&#xa;&#x9;at jdk.nashorn.internal.scripts.Script$Recompilation$44618$3841A$\^function\_.L:1#issueCommand(&lt;function&gt;:124)&#xa;&#x9;at jdk.nashorn.internal.scripts.Script$Recompilation$44618$3841A$\^function\_.L:1#issueCommand(&lt;function&gt;:124)&#xa;&#x9;at jdk.nashorn.internal.scripts.Script$Recompilation$44618$3841A$\^function\_.L:1#issueCommand(&lt;function&gt;:124)&#xa;&#x9;at jdk.nashorn.internal.scripts.Script$Recompilation$44618$3841A$\^function\_.L:1#issueCommand(&lt;function&gt;:124)&#xa;&#x9;at jdk.nashorn.internal.scripts.Script$Recompilation$44618$3841A$\^function\_.L:1#issueCommand(&lt;function&gt;:124)&#xa;&#x9;at jdk.nashorn.internal.scripts.Script$Recompilation$44618$3841A$\^function\_.L:1#issueCommand(&lt;function&gt;:124)&#xa;&#x9;at jdk.nashorn.internal.scripts.Script$Recompilation$44618$3841A$\^function\_.L:1#issueCommand(&lt;function&gt;:124)&#xa;&#x9;at jdk.nashorn.internal.scripts.Script$Recompilation$44618$3841A$\^function\_.L:1#issueCommand(&lt;function&gt;:124)&#xa;&#x9;at jdk.nashorn.internal.scripts.Script$Recompilation$44618$3841A$\^function\_.L:1#issueCommand(&lt;function&gt;:124)&#xa;&#x9;at jdk.nashorn.internal.scripts.Script$Recompilation$44618$3841A$\^function\_.L:1#issueCommand(&lt;function&gt;:124)&#xa;&#x9;at jdk.nashorn.internal.scripts.Script$Recompilation$44618$3841A$\^function\_.L:1#issueCommand(&lt;function&gt;:124)&#xa;&#x9;at jdk.nashorn.internal.scripts.Script$Recompilation$44618$3841A$\^function\_.L:1#issueCommand(&lt;function&gt;:124)&#xa;&#x9;at jdk.nashorn.internal.scripts.Script$Recompilation$44618$3841A$\^function\_.L:1#issueCommand(&lt;function&gt;:124)&#xa;&#x9;at jdk.nashorn.internal.scripts.Script$Recompilation$44618$3841A$\^function\_.L:1#issueCommand(&lt;function&gt;:124)&#xa;&#x9;at jdk.nashorn.internal.scripts.Script$Recompilation$44618$3841A$\^function\_.L:1#issueCommand(&lt;function&gt;:124)&#xa;&#x9;at jdk.nashorn.internal.scripts.Script$Recompilation$44618$3841A$\^function\_.L:1#issueCommand(&lt;function&gt;:124)&#xa;&#x9;at jdk.nashorn.internal.scripts.Script$Recompilation$44618$3841A$\^function\_.L:1#issueCommand(&lt;function&gt;:124)&#xa;&#x9;at jdk.nashorn.internal.scripts.Script$Recompilation$44618$3841A$\^function\_.L:1#issueCommand(&lt;function&gt;:124)&#xa;&#x9;at jdk.nashorn.internal.scripts.Script$Recompilation$44618$3841A$\^function\_.L:1#issueCommand(&lt;function&gt;:124)&#xa;&#x9;at jdk.nashorn.internal.scripts.Script$Recompilation$44618$3841A$\^function\_.L:1#issueCommand(&lt;function&gt;:124)&#xa;&#x9;at jdk.nashorn.internal.scripts.Script$Recompilation$44618$3841A$\^function\_.L:1#issueCommand(&lt;function&gt;:124)&#xa;&#x9;at jdk.nashorn.internal.scripts.Script$Recompilation$44618$3841A$\^function\_.L:1#issueCommand(&lt;function&gt;:124)&#xa;&#x9;at jdk.nashorn.internal.scripts.Script$Recompilation$44618$3841A$\^function\_.L:1#issueCommand(&lt;function&gt;:124)&#xa;&#x9;at jdk.nashorn.internal.scripts.Script$Recompilation$44618$3841A$\^function\_.L:1#issueCommand(&lt;function&gt;:124)&#xa;&#x9;at jdk.nashorn.internal.scripts.Script$Recompilation$44618$3841A$\^function\_.L:1#issueCommand(&lt;function&gt;:124)&#xa;&#x9;at jdk.nashorn.internal.scripts.Script$Recompilation$44618$3841A$\^function\_.L:1#issueCommand(&lt;function&gt;:124)&#xa;&#x9;at jdk.nashorn.internal.scripts.Script$Recompilation$44618$3841A$\^function\_.L:1#issueCommand(&lt;function&gt;:124)&#xa;&#x9;at jdk.nashorn.internal.scripts.Script$Recompilation$44618$3841A$\^function\_.L:1#issueCommand(&lt;function&gt;:124)&#xa;&#x9;at jdk.nashorn.internal.scripts.Script$Recompilation$44618$3841A$\^function\_.L:1#issueCommand(&lt;function&gt;:124)&#xa;&#x9;at jdk.nashorn.internal.scripts.Script$Recompilation$44618$3841A$\^function\_.L:1#issueCommand(&lt;function&gt;:124)&#xa;&#x9;at jdk.nashorn.internal.scripts.Script$Recompilation$44618$3841A$\^function\_.L:1#issueCommand(&lt;function&gt;:124)&#xa;&#x9;at jdk.nashorn.internal.scripts.Script$Recompilation$44618$3841A$\^function\_.L:1#issueCommand(&lt;function&gt;:124)&#xa;&#x9;at jdk.nashorn.internal.scripts.Script$Recompilation$44618$3841A$\^function\_.L:1#issueCommand(&lt;function&gt;:124)&#xa;&#x9;at jdk.nashorn.internal.scripts.Script$Recompilation$44618$3841A$\^function\_.L:1#issueCommand(&lt;function&gt;:124)&#xa;&#x9;at jdk.nashorn.internal.scripts.Script$Recompilation$44618$3841A$\^function\_.L:1#issueCommand(&lt;function&gt;:124)&#xa;&#x9;at jdk.nashorn.internal.scripts.Script$Recompilation$44618$3841A$\^function\_.L:1#issueCommand(&lt;function&gt;:124)&#xa;&#x9;at jdk.nashorn.internal.scripts.Script$Recompilation$44618$3841A$\^function\_.L:1#issueCommand(&lt;function&gt;:124)&#xa;&#x9;at jdk.nashorn.internal.scripts.Script$Recompilation$44618$3841A$\^function\_.L:1#issueCommand(&lt;function&gt;:124)&#xa;&#x9;at jdk.nashorn.internal.scripts.Script$Recompilation$44618$3841A$\^function\_.L:1#issueCommand(&lt;function&gt;:124)&#xa;&#x9;at jdk.nashorn.internal.scripts.Script$Recompilation$44618$3841A$\^function\_.L:1#issueCommand(&lt;function&gt;:124)&#xa;&#x9;at jdk.nashorn.internal.scripts.Script$Recompilation$44618$3841A$\^function\_.L:1#issueCommand(&lt;function&gt;:124)&#xa;&#x9;at jdk.nashorn.internal.scripts.Script$Recompilation$44618$3841A$\^function\_.L:1#issueCommand(&lt;function&gt;:124)&#xa;&#x9;at jdk.nashorn.internal.scripts.Script$Recompilation$44618$3841A$\^function\_.L:1#issueCommand(&lt;function&gt;:124)&#xa;&#x9;at jdk.nashorn.internal.scripts.Script$Recompilation$44618$3841A$\^function\_.L:1#issueCommand(&lt;function&gt;:124)&#xa;&#x9;at jdk.nashorn.internal.scripts.Script$Recompilation$44618$3841A$\^function\_.L:1#issueCommand(&lt;function&gt;:124)&#xa;&#x9;at jdk.nashorn.internal.scripts.Script$Recompilation$44618$3841A$\^function\_.L:1#issueCommand(&lt;function&gt;:124)&#xa;&#x9;at jdk.nashorn.internal.scripts.Script$Recompilation$44618$3841A$\^function\_.L:1#issueCommand(&lt;function&gt;:124)&#xa;&#x9;at jdk.nashorn.internal.scripts.Script$Recompilation$44618$3841A$\^function\_.L:1#issueCommand(&lt;function&gt;:124)&#xa;&#x9;at jdk.nashorn.internal.scripts.Script$Recompilation$44618$3841A$\^function\_.L:1#issueCommand(&lt;function&gt;:124)&#xa;&#x9;at jdk.nashorn.internal.scripts.Script$Recompilation$44618$3841A$\^function\_.L:1#issueCommand(&lt;function&gt;:124)&#xa;&#x9;at jdk.nashorn.internal.scripts.Script$Recompilation$44618$3841A$\^function\_.L:1#issueCommand(&lt;function&gt;:124)&#xa;&#x9;at jdk.nashorn.internal.scripts.Script$Recompilation$44618$3841A$\^function\_.L:1#issueCommand(&lt;function&gt;:124)&#xa;&#x9;at jdk.nashorn.internal.scripts.Script$Recompilation$44618$3841A$\^function\_.L:1#issueCommand(&lt;function&gt;:124)&#xa;&#x9;at jdk.nashorn.internal.scripts.Script$Recompilation$44618$3841A$\^function\_.L:1#issueCommand(&lt;function&gt;:124)&#xa;&#x9;at jdk.nashorn.internal.scripts.Script$Recompilation$44618$3841A$\^function\_.L:1#issueCommand(&lt;function&gt;:124)&#xa;&#x9;at jdk.nashorn.internal.scripts.Script$Recompilation$44618$3841A$\^function\_.L:1#issueCommand(&lt;function&gt;:124)&#xa;&#x9;at jdk.nashorn.internal.scripts.Script$Recompilation$44618$3841A$\^function\_.L:1#issueCommand(&lt;function&gt;:124)&#xa;&#x9;at jdk.nashorn.internal.scripts.Script$Recompilation$44618$3841A$\^function\_.L:1#issueCommand(&lt;function&gt;:124)&#xa;&#x9;at jdk.nashorn.internal.scripts.Script$Recompilation$44618$3841A$\^function\_.L:1#issueCommand(&lt;function&gt;:124)&#xa;&#x9;at jdk.nashorn.internal.scripts.Script$Recompilation$44618$3841A$\^function\_.L:1#issueCommand(&lt;function&gt;:124)&#xa;&#x9;at jdk.nashorn.internal.scripts.Script$Recompilation$44618$3841A$\^function\_.L:1#issueCommand(&lt;function&gt;:124)&#xa;&#x9;at jdk.nashorn.internal.scripts.Script$Recompilation$44618$3841A$\^function\_.L:1#issueCommand(&lt;function&gt;:124)&#xa;&#x9;at jdk.nashorn.internal.scripts.Script$Recompilation$44618$3841A$\^function\_.L:1#issueCommand(&lt;function&gt;:124)&#xa;&#x9;at jdk.nashorn.internal.scripts.Script$Recompilation$44618$3841A$\^function\_.L:1#issueCommand(&lt;function&gt;:124)&#xa;&#x9;at jdk.nashorn.internal.scripts.Script$Recompilation$44618$3841A$\^function\_.L:1#issueCommand(&lt;function&gt;:124)&#xa;&#x9;at jdk.nashorn.internal.scripts.Script$Recompilation$44618$3841A$\^function\_.L:1#issueCommand(&lt;function&gt;:124)&#xa;&#x9;at jdk.nashorn.internal.scripts.Script$Recompilation$44618$3841A$\^function\_.L:1#issueCommand(&lt;function&gt;:124)&#xa;&#x9;at jdk.nashorn.internal.scripts.Script$Recompilation$44618$3841A$\^function\_.L:1#issueCommand(&lt;function&gt;:124)&#xa;&#x9;at jdk.nashorn.internal.scripts.Script$Recompilation$44618$3841A$\^function\_.L:1#issueCommand(&lt;function&gt;:124)&#xa;&#x9;at jdk.nashorn.internal.scripts.Script$Recompilation$44618$3841A$\^function\_.L:1#issueCommand(&lt;function&gt;:124)&#xa;&#x9;at jdk.nashorn.internal.scripts.Script$Recompilation$44618$3841A$\^function\_.L:1#issueCommand(&lt;function&gt;:124)&#xa;&#x9;at jdk.nashorn.internal.scripts.Script$Recompilation$44618$3841A$\^function\_.L:1#issueCommand(&lt;function&gt;:124)&#xa;&#x9;at jdk.nashorn.internal.scripts.Script$Recompilation$44618$3841A$\^function\_.L:1#issueCommand(&lt;function&gt;:124)&#xa;&#x9;at jdk.nashorn.internal.scripts.Script$Recompilation$44618$3841A$\^function\_.L:1#issueCommand(&lt;function&gt;:124)&#xa;&#x9;at jdk.nashorn.internal.scripts.Script$Recompilation$44618$3841A$\^function\_.L:1#issueCommand(&lt;function&gt;:124)&#xa;&#x9;at jdk.nashorn.internal.scripts.Script$Recompilation$44618$3841A$\^function\_.L:1#issueCommand(&lt;function&gt;:124)&#xa;&#x9;at jdk.nashorn.internal.scripts.Script$Recompilation$44618$3841A$\^function\_.L:1#issueCommand(&lt;function&gt;:124)&#xa;&#x9;at jdk.nashorn.internal.scripts.Script$Recompilation$44618$3841A$\^function\_.L:1#issueCommand(&lt;function&gt;:124)&#xa;&#x9;at jdk.nashorn.internal.scripts.Script$Recompilation$44618$3841A$\^function\_.L:1#issueCommand(&lt;function&gt;:124)&#xa;&#x9;at jdk.nashorn.internal.scripts.Script$Recompilation$44618$3841A$\^function\_.L:1#issueCommand(&lt;function&gt;:124)&#xa;&#x9;at jdk.nashorn.internal.scripts.Script$Recompilation$44618$3841A$\^function\_.L:1#issueCommand(&lt;function&gt;:124)&#xa;&#x9;at jdk.nashorn.internal.scripts.Script$Recompilation$44618$3841A$\^function\_.L:1#issueCommand(&lt;function&gt;:124)&#xa;&#x9;at jdk.nashorn.internal.scripts.Script$Recompilation$44618$3841A$\^function\_.L:1#issueCommand(&lt;function&gt;:124)&#xa;&#x9;at jdk.nashorn.internal.scripts.Script$Recompilation$44618$3841A$\^function\_.L:1#issueCommand(&lt;function&gt;:124)&#xa;&#x9;at jdk.nashorn.internal.scripts.Script$Recompilation$44618$3841A$\^function\_.L:1#issueCommand(&lt;function&gt;:124)&#xa;&#x9;at jdk.nashorn.internal.scripts.Script$Recompilation$44618$3841A$\^function\_.L:1#issueCommand(&lt;function&gt;:124)&#xa;&#x9;at jdk.nashorn.internal.scripts.Script$Recompilation$44618$3841A$\^function\_.L:1#issueCommand(&lt;function&gt;:124)&#xa;&#x9;at jdk.nashorn.internal.scripts.Script$Recompilation$44618$3841A$\^function\_.L:1#issueCommand(&lt;function&gt;:124)&#xa;&#x9;at jdk.nashorn.internal.scripts.Script$Recompilation$44618$3841A$\^function\_.L:1#issueCommand(&lt;function&gt;:124)&#xa;&#x9;at jdk.nashorn.internal.scripts.Script$Recompilation$44618$3841A$\^function\_.L:1#issueCommand(&lt;function&gt;:124)&#xa;&#x9;at jdk.nashorn.internal.scripts.Script$Recompilation$44618$3841A$\^function\_.L:1#issueCommand(&lt;function&gt;:124)&#xa;&#x9;at jdk.nashorn.internal.scripts.Script$Recompilation$44618$3841A$\^function\_.L:1#issueCommand(&lt;function&gt;:124)&#xa;&#x9;at jdk.nashorn.internal.scripts.Script$Recompilation$44618$3841A$\^function\_.L:1#issueCommand(&lt;function&gt;:124)&#xa;&#x9;at jdk.nashorn.internal.scripts.Script$Recompilation$44618$3841A$\^function\_.L:1#issueCommand(&lt;function&gt;:124)&#xa;&#x9;at jdk.nashorn.internal.scripts.Script$Recompilation$44618$3841A$\^function\_.L:1#issueCommand(&lt;function&gt;:124)&#xa;&#x9;at jdk.nashorn.internal.scripts.Script$Recompilation$44618$3841A$\^function\_.L:1#issueCommand(&lt;function&gt;:124)&#xa;&#x9;at jdk.nashorn.internal.scripts.Script$Recompilation$44618$3841A$\^function\_.L:1#issueCommand(&lt;function&gt;:124)&#xa;&#x9;at jdk.nashorn.internal.scripts.Script$Recompilation$44618$3841A$\^function\_.L:1#issueCommand(&lt;function&gt;:124)&#xa;&#x9;at jdk.nashorn.internal.scripts.Script$Recompilation$44618$3841A$\^function\_.L:1#issueCommand(&lt;function&gt;:124)&#xa;&#x9;at jdk.nashorn.internal.scripts.Script$Recompilation$44618$3841A$\^function\_.L:1#issueCommand(&lt;function&gt;:124)&#xa;&#x9;at jdk.nashorn.internal.scripts.Script$Recompilation$44618$3841A$\^function\_.L:1#issueCommand(&lt;function&gt;:124)&#xa;&#x9;at jdk.nashorn.internal.scripts.Script$Recompilation$44618$3841A$\^function\_.L:1#issueCommand(&lt;function&gt;:124)&#xa;&#x9;at jdk.nashorn.internal.scripts.Script$Recompilation$44618$3841A$\^function\_.L:1#issueCommand(&lt;function&gt;:124)&#xa;&#x9;at jdk.nashorn.internal.scripts.Script$Recompilation$44618$3841A$\^function\_.L:1#issueCommand(&lt;function&gt;:124)&#xa;&#x9;at jdk.nashorn.internal.scripts.Script$Recompilation$44618$3841A$\^function\_.L:1#issueCommand(&lt;function&gt;:124)&#xa;&#x9;at jdk.nashorn.internal.scripts.Script$Recompilation$44618$3841A$\^function\_.L:1#issueCommand(&lt;function&gt;:124)&#xa;&#x9;at jdk.nashorn.internal.scripts.Script$Recompilation$44618$3841A$\^function\_.L:1#issueCommand(&lt;function&gt;:124)&#xa;&#x9;at jdk.nashorn.internal.scripts.Script$Recompilation$44618$3841A$\^function\_.L:1#issueCommand(&lt;function&gt;:124)&#xa;&#x9;at jdk.nashorn.internal.scripts.Script$Recompilation$44618$3841A$\^function\_.L:1#issueCommand(&lt;function&gt;:124)&#xa;&#x9;at jdk.nashorn.internal.scripts.Script$Recompilation$44618$3841A$\^function\_.L:1#issueCommand(&lt;function&gt;:124)&#xa;&#x9;at jdk.nashorn.internal.scripts.Script$Recompilation$44618$3841A$\^function\_.L:1#issueCommand(&lt;function&gt;:124)&#xa;&#x9;at jdk.nashorn.internal.scripts.Script$Recompilation$44618$3841A$\^function\_.L:1#issueCommand(&lt;function&gt;:124)&#xa;&#x9;at jdk.nashorn.internal.scripts.Script$Recompilation$44618$3841A$\^function\_.L:1#issueCommand(&lt;function&gt;:124)&#xa;&#x9;at jdk.nashorn.internal.scripts.Script$Recompilation$44618$3841A$\^function\_.L:1#issueCommand(&lt;function&gt;:124)&#xa;&#x9;at jdk.nashorn.internal.scripts.Script$Recompilation$44618$3841A$\^function\_.L:1#issueCommand(&lt;function&gt;:124)&#xa;&#x9;at jdk.nashorn.internal.scripts.Script$Recompilation$44618$3841A$\^function\_.L:1#issueCommand(&lt;function&gt;:124)&#xa;&#x9;at jdk.nashorn.internal.scripts.Script$Recompilation$44618$3841A$\^function\_.L:1#issueCommand(&lt;function&gt;:124)&#xa;&#x9;at jdk.nashorn.internal.scripts.Script$Recompilation$44618$3841A$\^function\_.L:1#issueCommand(&lt;function&gt;:124)&#xa;&#x9;at jdk.nashorn.internal.scripts.Script$Recompilation$44618$3841A$\^function\_.L:1#issueCommand(&lt;function&gt;:124)&#xa;&#x9;at jdk.nashorn.internal.scripts.Script$Recompilation$44618$3841A$\^function\_.L:1#issueCommand(&lt;function&gt;:124)&#xa;&#x9;at jdk.nashorn.internal.scripts.Script$Recompilation$44618$3841A$\^function\_.L:1#issueCommand(&lt;function&gt;:124)&#xa;&#x9;at jdk.nashorn.internal.scripts.Script$Recompilation$44618$3841A$\^function\_.L:1#issueCommand(&lt;function&gt;:124)&#xa;&#x9;at jdk.nashorn.internal.scripts.Script$Recompilation$44618$3841A$\^function\_.L:1#issueCommand(&lt;function&gt;:124)&#xa;&#x9;at jdk.nashorn.internal.scripts.Script$Recompilation$44618$3841A$\^function\_.L:1#issueCommand(&lt;function&gt;:124)&#xa;&#x9;at jdk.nashorn.internal.scripts.Script$Recompilation$44618$3841A$\^function\_.L:1#issueCommand(&lt;function&gt;:124)&#xa;&#x9;at jdk.nashorn.internal.scripts.Script$Recompilation$44618$3841A$\^function\_.L:1#issueCommand(&lt;function&gt;:124)&#xa;&#x9;at jdk.nashorn.internal.scripts.Script$Recompilation$44618$3841A$\^function\_.L:1#issueCommand(&lt;function&gt;:124)&#xa;&#x9;at jdk.nashorn.internal.scripts.Script$Recompilation$44618$3841A$\^function\_.L:1#issueCommand(&lt;function&gt;:124)&#xa;&#x9;at jdk.nashorn.internal.scripts.Script$Recompilation$44618$3841A$\^function\_.L:1#issueCommand(&lt;function&gt;:124)&#xa;&#x9;at jdk.nashorn.internal.scripts.Script$Recompilation$44618$3841A$\^function\_.L:1#issueCommand(&lt;function&gt;:124)&#xa;&#x9;at jdk.nashorn.internal.scripts.Script$Recompilation$44618$3841A$\^function\_.L:1#issueCommand(&lt;function&gt;:124)&#xa;&#x9;at jdk.nashorn.internal.scripts.Script$Recompilation$44618$3841A$\^function\_.L:1#issueCommand(&lt;function&gt;:124)&#xa;&#x9;at jdk.nashorn.internal.scripts.Script$Recompilation$44618$3841A$\^function\_.L:1#issueCommand(&lt;function&gt;:124)&#xa;&#x9;at jdk.nashorn.internal.scripts.Script$Recompilation$44618$3841A$\^function\_.L:1#issueCommand(&lt;function&gt;:124)&#xa;&#x9;at jdk.nashorn.internal.scripts.Script$Recompilation$44618$3841A$\^function\_.L:1#issueCommand(&lt;function&gt;:124)&#xa;&#x9;at jdk.nashorn.internal.scripts.Script$Recompilation$44618$3841A$\^function\_.L:1#issueCommand(&lt;function&gt;:124)&#xa;&#x9;at jdk.nashorn.internal.scripts.Script$Recompilation$44618$3841A$\^function\_.L:1#issueCommand(&lt;function&gt;:124)&#xa;&#x9;at jdk.nashorn.internal.scripts.Script$Recompilation$44618$3841A$\^function\_.L:1#issueCommand(&lt;function&gt;:124)&#xa;&#x9;at jdk.nashorn.internal.scripts.Script$Recompilation$44618$3841A$\^function\_.L:1#issueCommand(&lt;function&gt;:124)&#xa;&#x9;at jdk.nashorn.internal.scripts.Script$Recompilation$44618$3841A$\^function\_.L:1#issueCommand(&lt;function&gt;:124)&#xa;&#x9;at jdk.nashorn.internal.scripts.Script$Recompilation$44618$3841A$\^function\_.L:1#issueCommand(&lt;function&gt;:124)&#xa;&#x9;at jdk.nashorn.internal.scripts.Script$Recompilation$44618$3841A$\^function\_.L:1#issueCommand(&lt;function&gt;:124)&#xa;&#x9;at jdk.nashorn.internal.scripts.Script$Recompilation$44618$3841A$\^function\_.L:1#issueCommand(&lt;function&gt;:124)&#xa;&#x9;at jdk.nashorn.internal.scripts.Script$Recompilation$44618$3841A$\^function\_.L:1#issueCommand(&lt;function&gt;:124)&#xa;&#x9;at jdk.nashorn.internal.scripts.Script$Recompilation$44618$3841A$\^function\_.L:1#issueCommand(&lt;function&gt;:124)&#xa;&#x9;at jdk.nashorn.internal.scripts.Script$Recompilation$44618$3841A$\^function\_.L:1#issueCommand(&lt;function&gt;:124)&#xa;&#x9;at jdk.nashorn.internal.scripts.Script$Recompilation$44618$3841A$\^function\_.L:1#issueCommand(&lt;function&gt;:124)&#xa;&#x9;at jdk.nashorn.internal.scripts.Script$Recompilation$44618$3841A$\^function\_.L:1#issueCommand(&lt;function&gt;:124)&#xa;&#x9;at jdk.nashorn.internal.scripts.Script$Recompilation$44618$3841A$\^function\_.L:1#issueCommand(&lt;function&gt;:124)&#xa;&#x9;at jdk.nashorn.internal.scripts.Script$Recompilation$44618$3841A$\^function\_.L:1#issueCommand(&lt;function&gt;:124)&#xa;&#x9;at jdk.nashorn.internal.scripts.Script$Recompilation$44618$3841A$\^function\_.L:1#issueCommand(&lt;function&gt;:124)&#xa;&#x9;at jdk.nashorn.internal.scripts.Script$Recompilation$44618$3841A$\^function\_.L:1#issueCommand(&lt;function&gt;:124)&#xa;&#x9;at jdk.nashorn.internal.scripts.Script$Recompilation$44618$3841A$\^function\_.L:1#issueCommand(&lt;function&gt;:124)&#xa;&#x9;at jdk.nashorn.internal.scripts.Script$Recompilation$44618$3841A$\^function\_.L:1#issueCommand(&lt;function&gt;:124)&#xa;&#x9;at jdk.nashorn.internal.scripts.Script$Recompilation$44618$3841A$\^function\_.L:1#issueCommand(&lt;function&gt;:124)&#xa;&#x9;at jdk.nashorn.internal.scripts.Script$Recompilation$44618$3841A$\^function\_.L:1#issueCommand(&lt;function&gt;:124)&#xa;&#x9;at jdk.nashorn.internal.scripts.Script$Recompilation$44618$3841A$\^function\_.L:1#issueCommand(&lt;function&gt;:124)&#xa;&#x9;at jdk.nashorn.internal.scripts.Script$Recompilation$44618$3841A$\^function\_.L:1#issueCommand(&lt;function&gt;:124)&#xa;&#x9;at jdk.nashorn.internal.scripts.Script$Recompilation$44618$3841A$\^function\_.L:1#issueCommand(&lt;function&gt;:124)&#xa;&#x9;at jdk.nashorn.internal.scripts.Script$Recompilation$44618$3841A$\^function\_.L:1#issueCommand(&lt;function&gt;:124)&#xa;&#x9;at jdk.nashorn.internal.scripts.Script$Recompilation$44618$3841A$\^function\_.L:1#issueCommand(&lt;function&gt;:124)&#xa;&#x9;at jdk.nashorn.internal.scripts.Script$Recompilation$44618$3841A$\^function\_.L:1#issueCommand(&lt;function&gt;:124)&#xa;&#x9;at jdk.nashorn.internal.scripts.Script$Recompilation$44618$3841A$\^function\_.L:1#issueCommand(&lt;function&gt;:124)&#xa;&#x9;at jdk.nashorn.internal.scripts.Script$Recompilation$44618$3841A$\^function\_.L:1#issueCommand(&lt;function&gt;:124)&#xa;&#x9;at jdk.nashorn.internal.scripts.Script$Recompilation$44618$3841A$\^function\_.L:1#issueCommand(&lt;function&gt;:124)&#xa;&#x9;at jdk.nashorn.internal.scripts.Script$Recompilation$44618$3841A$\^function\_.L:1#issueCommand(&lt;function&gt;:124)&#xa;&#x9;at jdk.nashorn.internal.scripts.Script$Recompilation$44618$3841A$\^function\_.L:1#issueCommand(&lt;function&gt;:124)&#xa;&#x9;at jdk.nashorn.internal.scripts.Script$Recompilation$44618$3841A$\^function\_.L:1#issueCommand(&lt;function&gt;:124)&#xa;&#x9;at jdk.nashorn.internal.scripts.Script$Recompilation$44618$3841A$\^function\_.L:1#issueCommand(&lt;function&gt;:124)&#xa;&#x9;at jdk.nashorn.internal.scripts.Script$Recompilation$44618$3841A$\^function\_.L:1#issueCommand(&lt;function&gt;:124)&#xa;&#x9;at jdk.nashorn.internal.scripts.Script$Recompilation$44618$3841A$\^function\_.L:1#issueCommand(&lt;function&gt;:124)&#xa;&#x9;at jdk.nashorn.internal.scripts.Script$Recompilation$44618$3841A$\^function\_.L:1#issueCommand(&lt;function&gt;:124)&#xa;&#x9;at jdk.nashorn.internal.scripts.Script$Recompilation$44618$3841A$\^function\_.L:1#issueCommand(&lt;function&gt;:124)&#xa;&#x9;at jdk.nashorn.internal.scripts.Script$Recompilation$44618$3841A$\^function\_.L:1#issueCommand(&lt;function&gt;:124)&#xa;&#x9;at jdk.nashorn.internal.scripts.Script$Recompilation$44618$3841A$\^function\_.L:1#issueCommand(&lt;function&gt;:124)&#xa;&#x9;at jdk.nashorn.internal.scripts.Script$Recompilation$44618$3841A$\^function\_.L:1#issueCommand(&lt;function&gt;:124)&#xa;&#x9;at jdk.nashorn.internal.scripts.Script$Recompilation$44618$3841A$\^function\_.L:1#issueCommand(&lt;function&gt;:124)&#xa;&#x9;at jdk.nashorn.internal.scripts.Script$Recompilation$44618$3841A$\^function\_.L:1#issueCommand(&lt;function&gt;:124)&#xa;&#x9;at jdk.nashorn.internal.scripts.Script$Recompilation$44618$3841A$\^function\_.L:1#issueCommand(&lt;function&gt;:124)&#xa;&#x9;at jdk.nashorn.internal.scripts.Script$Recompilation$44618$3841A$\^function\_.L:1#issueCommand(&lt;function&gt;:124)&#xa;&#x9;at jdk.nashorn.internal.scripts.Script$Recompilation$44618$3841A$\^function\_.L:1#issueCommand(&lt;function&gt;:124)&#xa;&#x9;at jdk.nashorn.internal.scripts.Script$Recompilation$44618$3841A$\^function\_.L:1#issueCommand(&lt;function&gt;:124)&#xa;&#x9;at jdk.nashorn.internal.scripts.Script$Recompilation$44618$3841A$\^function\_.L:1#issueCommand(&lt;function&gt;:124)&#xa;&#x9;at jdk.nashorn.internal.scripts.Script$Recompilation$44618$3841A$\^function\_.L:1#issueCommand(&lt;function&gt;:124)&#xa;&#x9;at jdk.nashorn.internal.scripts.Script$Recompilation$44618$3841A$\^function\_.L:1#issueCommand(&lt;function&gt;:124)&#xa;&#x9;at jdk.nashorn.internal.scripts.Script$Recompilation$44618$3841A$\^function\_.L:1#issueCommand(&lt;function&gt;:124)&#xa;&#x9;at jdk.nashorn.internal.scripts.Script$Recompilation$44618$3841A$\^function\_.L:1#issueCommand(&lt;function&gt;:124)&#xa;&#x9;at jdk.nashorn.internal.scripts.Script$Recompilation$44618$3841A$\^function\_.L:1#issueCommand(&lt;function&gt;:124)&#xa;&#x9;at jdk.nashorn.internal.scripts.Script$Recompilation$44618$3841A$\^function\_.L:1#issueCommand(&lt;function&gt;:124)&#xa;&#x9;at jdk.nashorn.internal.scripts.Script$Recompilation$44618$3841A$\^function\_.L:1#issueCommand(&lt;function&gt;:124)&#xa;&#x9;at jdk.nashorn.internal.scripts.Script$Recompilation$44618$3841A$\^function\_.L:1#issueCommand(&lt;function&gt;:124)&#xa;&#x9;at jdk.nashorn.internal.scripts.Script$Recompilation$44618$3841A$\^function\_.L:1#issueCommand(&lt;function&gt;:124)&#xa;&#x9;at jdk.nashorn.internal.scripts.Script$Recompilation$44618$3841A$\^function\_.L:1#issueCommand(&lt;function&gt;:124)&#xa;&#x9;at jdk.nashorn.internal.scripts.Script$Recompilation$44618$3841A$\^function\_.L:1#issueCommand(&lt;function&gt;:124)&#xa;&#x9;at jdk.nashorn.internal.scripts.Script$Recompilation$44618$3841A$\^function\_.L:1#issueCommand(&lt;function&gt;:124)&#xa;&#x9;at jdk.nashorn.internal.scripts.Script$Recompilation$44618$3841A$\^function\_.L:1#issueCommand(&lt;function&gt;:124)&#xa;&#x9;at jdk.nashorn.internal.scripts.Script$Recompilation$44618$3841A$\^function\_.L:1#issueCommand(&lt;function&gt;:124)&#xa;&#x9;at jdk.nashorn.internal.scripts.Script$Recompilation$44618$3841A$\^function\_.L:1#issueCommand(&lt;function&gt;:124)&#xa;&#x9;at jdk.nashorn.internal.scripts.Script$Recompilation$44618$3841A$\^function\_.L:1#issueCommand(&lt;function&gt;:124)&#xa;&#x9;at jdk.nashorn.internal.scripts.Script$Recompilation$44618$3841A$\^function\_.L:1#issueCommand(&lt;function&gt;:124)&#xa;&#x9;at jdk.nashorn.internal.scripts.Script$Recompilation$44618$3841A$\^function\_.L:1#issueCommand(&lt;function&gt;:124)&#xa;&#x9;at jdk.nashorn.internal.scripts.Script$Recompilation$44618$3841A$\^function\_.L:1#issueCommand(&lt;function&gt;:124)&#xa;&#x9;at jdk.nashorn.internal.scripts.Script$Recompilation$44618$3841A$\^function\_.L:1#issueCommand(&lt;function&gt;:124)&#xa;&#x9;at jdk.nashorn.internal.scripts.Script$Recompilation$44618$3841A$\^function\_.L:1#issueCommand(&lt;function&gt;:124)&#xa;&#x9;at jdk.nashorn.internal.scripts.Script$Recompilation$44618$3841A$\^function\_.L:1#issueCommand(&lt;function&gt;:124)&#xa;&#x9;at jdk.nashorn.internal.scripts.Script$Recompilation$44618$3841A$\^function\_.L:1#issueCommand(&lt;function&gt;:124)&#xa;&#x9;at jdk.nashorn.internal.scripts.Script$Recompilation$44618$3841A$\^function\_.L:1#issueCommand(&lt;function&gt;:124)&#xa;&#x9;at jdk.nashorn.internal.scripts.Script$Recompilation$44618$3841A$\^function\_.L:1#issueCommand(&lt;function&gt;:124)&#xa;&#x9;at jdk.nashorn.internal.scripts.Script$Recompilation$44618$3841A$\^function\_.L:1#issueCommand(&lt;function&gt;:124)&#xa;&#x9;at jdk.nashorn.internal.scripts.Script$Recompilation$44618$3841A$\^function\_.L:1#issueCommand(&lt;function&gt;:124)&#xa;&#x9;at jdk.nashorn.internal.scripts.Script$Recompilation$44618$3841A$\^function\_.L:1#issueCommand(&lt;function&gt;:124)&#xa;&#x9;at jdk.nashorn.internal.scripts.Script$Recompilation$44618$3841A$\^function\_.L:1#issueCommand(&lt;function&gt;:124)&#xa;&#x9;at jdk.nashorn.internal.scripts.Script$Recompilation$44618$3841A$\^function\_.L:1#issueCommand(&lt;function&gt;:124)&#xa;&#x9;at jdk.nashorn.internal.scripts.Script$Recompilation$44618$3841A$\^function\_.L:1#issueCommand(&lt;function&gt;:124)&#xa;&#x9;at jdk.nashorn.internal.scripts.Script$Recompilation$44618$3841A$\^function\_.L:1#issueCommand(&lt;function&gt;:124)&#xa;&#x9;at jdk.nashorn.internal.scripts.Script$Recompilation$44618$3841A$\^function\_.L:1#issueCommand(&lt;function&gt;:124)&#xa;&#x9;at jdk.nashorn.internal.scripts.Script$Recompilation$44618$3841A$\^function\_.L:1#issueCommand(&lt;function&gt;:124)&#xa;&#x9;at jdk.nashorn.internal.scripts.Script$Recompilation$44618$3841A$\^function\_.L:1#issueCommand(&lt;function&gt;:124)&#xa;&#x9;at jdk.nashorn.internal.scripts.Script$Recompilation$44618$3841A$\^function\_.L:1#issueCommand(&lt;function&gt;:124)&#xa;&#x9;at jdk.nashorn.internal.scripts.Script$Recompilation$44618$3841A$\^function\_.L:1#issueCommand(&lt;function&gt;:124)&#xa;&#xa;&#x9;at jdk.nashorn.internal.objects.NativeError.initException(NativeError.java:137)&#xa;&#x9;at jdk.nashorn.internal.objects.NativeError.&lt;init&gt;(NativeError.java:102)&#xa;&#x9;at jdk.nashorn.internal.objects.NativeError.&lt;init&gt;(NativeError.java:106)&#xa;&#x9;at jdk.nashorn.internal.objects.NativeError.&lt;init&gt;(NativeError.java:110)&#xa;&#x9;at jdk.nashorn.internal.objects.NativeError.constructor(NativeError.java:129)&#xa;&#x9;at jdk.nashorn.internal.scripts.Script$Recompilation$44870$76478A$require.L:1#react#invokeSpecificHandler(/home/travis/build/icyphy/ptII/ptolemy/actor/lib/jjs/external/require.js#409:30&lt;eval&gt;:1741)&#xa;&#x9;at jdk.nashorn.internal.scripts.Script$Recompilation$44869$75887A$require.L:1#react(/home/travis/build/icyphy/ptII/ptolemy/actor/lib/jjs/external/require.js#409:30&lt;eval&gt;:1769)&#xa;&#x9;at jdk.nashorn.internal.runtime.ScriptFunctionData.invoke(ScriptFunctionData.java:639)&#xa;&#x9;at jdk.nashorn.internal.runtime.ScriptFunction.invoke(ScriptFunction.java:494)&#xa;&#x9;at jdk.nashorn.internal.runtime.ScriptRuntime.apply(ScriptRuntime.java:393)&#xa;&#x9;at jdk.nashorn.api.scripting.ScriptObjectMirror.callMember(ScriptObjectMirror.java:199)&#xa;&#x9;at jdk.nashorn.api.scripting.NashornScriptEngine.invokeImpl(NashornScriptEngine.java:386)&#xa;&#x9;... 23 more&#xa;" type="junit.framework.AssertionFailedError">junit.framework.AssertionFailedError: Exporting HTML for org/terraswarm/accessor/demo/SemanticRepository/SemanticYelpSensorUpdateExample.xml failed: 
java.lang.reflect.InvocationTargetException
	at java.awt.EventQueue.invokeAndWait(EventQueue.java:1321)
	at java.awt.EventQueue.invokeAndWait(EventQueue.java:1296)
	at javax.swing.SwingUtilities.invokeAndWait(SwingUtilities.java:1348)
	at ptolemy.vergil.basic.export.ExportModel.exportModel(ExportModel.java:401)
	at ptolemy.vergil.basic.export.test.junit.ExportModelJUnitTest.RunExportModel(ExportModelJUnitTest.java:153)
	at ptolemy.vergil.basic.export.test.junit.ExportModelJUnitTestBatch.RunExportModel(ExportModelJUnitTestBatch.java:84)
	at junitparams.internal.InvokeParameterisedMethod.evaluate(InvokeParameterisedMethod.java:102)
	at junitparams.internal.ParameterisedTestMethodRunner.runMethodInvoker(ParameterisedTestMethodRunner.java:47)
	at junitparams.internal.ParameterisedTestMethodRunner.runTestMethod(ParameterisedTestMethodRunner.java:41)
	at junitparams.internal.ParameterisedTestClassRunner.runParameterisedTest(ParameterisedTestClassRunner.java:143)
	at junitparams.JUnitParamsRunner.runChild(JUnitParamsRunner.java:237)
	at junitparams.JUnitParamsRunner.runChild(JUnitParamsRunner.java:215)
Caused by: java.lang.RuntimeException: ptolemy.kernel.util.IllegalActionException: Failure executing the react function: Error: commonHost.js, react(), invoking a specific handler for &quot;trigger&quot;: Exception occurred in input handler for accessor SemanticYelpSearch, which has now has been removed.  Exception was: java.lang.StackOverflowError Stacktrace was: 
java.lang.StackOverflowError
	at jdk.nashorn.internal.runtime.AccessorProperty.getObjectValue(AccessorProperty.java:417)
	at jdk.nashorn.internal.runtime.FindProperty.getObjectValue(FindProperty.java:229)
	at jdk.nashorn.internal.runtime.ScriptObject.get(ScriptObject.java:2860)
	at jdk.nashorn.internal.runtime.ScriptObject.get(ScriptObject.java:2877)
	at jdk.nashorn.internal.scripts.Script$Recompilation$44872$56054A$require.L:1#get(/home/travis/build/icyphy/ptII/ptolemy/actor/lib/jjs/external/require.js#409:30&lt;eval&gt;:1245)
	at jdk.nashorn.internal.scripts.Script$Recompilation$44618$3841A$\^function\_.L:1#issueCommand(&lt;function&gt;:116)
	at jdk.nashorn.internal.scripts.Script$Recompilation$44618$3841A$\^function\_.L:1#issueCommand(&lt;function&gt;:124)
	at jdk.nashorn.internal.scripts.Script$Recompilation$44618$3841A$\^function\_.L:1#issueCommand(&lt;function&gt;:124)
	at jdk.nashorn.internal.scripts.Script$Recompilation$44618$3841A$\^function\_.L:1#issueCommand(&lt;function&gt;:124)
	at jdk.nashorn.internal.scripts.Script$Recompilation$44618$3841A$\^function\_.L:1#issueCommand(&lt;function&gt;:124)
	at jdk.nashorn.internal.scripts.Script$Recompilation$44618$3841A$\^function\_.L:1#issueCommand(&lt;function&gt;:124)
	at jdk.nashorn.internal.scripts.Script$Recompilation$44618$3841A$\^function\_.L:1#issueCommand(&lt;function&gt;:124)
	at jdk.nashorn.internal.scripts.Script$Recompilation$44618$3841A$\^function\_.L:1#issueCommand(&lt;function&gt;:124)
	at jdk.nashorn.internal.scripts.Script$Recompilation$44618$3841A$\^function\_.L:1#issueCommand(&lt;function&gt;:124)
	at jdk.nashorn.internal.scripts.Script$Recompilation$44618$3841A$\^function\_.L:1#issueCommand(&lt;function&gt;:124)
	at jdk.nashorn.internal.scripts.Script$Recompilation$44618$3841A$\^function\_.L:1#issueCommand(&lt;function&gt;:124)
	at jdk.nashorn.internal.scripts.Script$Recompilation$44618$3841A$\^function\_.L:1#issueCommand(&lt;function&gt;:124)
	at jdk.nashorn.internal.scripts.Script$Recompilation$44618$3841A$\^function\_.L:1#issueCommand(&lt;function&gt;:124)
	at jdk.nashorn.internal.scripts.Script$Recompilation$44618$3841A$\^function\_.L:1#issueCommand(&lt;function&gt;:124)
	at jdk.nashorn.internal.scripts.Script$Recompilation$44618$3841A$\^function\_.L:1#issueCommand(&lt;function&gt;:124)
	at jdk.nashorn.internal.scripts.Script$Recompilation$44618$3841A$\^function\_.L:1#issueCommand(&lt;function&gt;:124)
	at jdk.nashorn.internal.scripts.Script$Recompilation$44618$3841A$\^function\_.L:1#issueCommand(&lt;function&gt;:124)
	at jdk.nashorn.internal.scripts.Script$Recompilation$44618$3841A$\^function\_.L:1#issueCommand(&lt;function&gt;:124)
	at jdk.nashorn.internal.scripts.Script$Recompilation$44618$3841A$\^function\_.L:1#issueCommand(&lt;function&gt;:124)
	at jdk.nashorn.internal.scripts.Script$Recompilation$44618$3841A$\^function\_.L:1#issueCommand(&lt;function&gt;:124)
	at jdk.nashorn.internal.scripts.Script$Recompilation$44618$3841A$\^function\_.L:1#issueCommand(&lt;function&gt;:124)
	at jdk.nashorn.internal.scripts.Script$Recompilation$44618$3841A$\^function\_.L:1#issueCommand(&lt;function&gt;:124)
	at jdk.nashorn.internal.scripts.Script$Recompilation$44618$3841A$\^function\_.L:1#issueCommand(&lt;function&gt;:124)
	at jdk.nashorn.internal.scripts.Script$Recompilation$44618$3841A$\^function\_.L:1#issueCommand(&lt;function&gt;:124)
	at jdk.nashorn.internal.scripts.Script$Recompilation$44618$3841A$\^function\_.L:1#issueCommand(&lt;function&gt;:124)
	at jdk.nashorn.internal.scripts.Script$Recompilation$44618$3841A$\^function\_.L:1#issueCommand(&lt;function&gt;:124)
	at jdk.nashorn.internal.scripts.Script$Recompilation$44618$3841A$\^function\_.L:1#issueCommand(&lt;function&gt;:124)
	at jdk.nashorn.internal.scripts.Script$Recompilation$44618$3841A$\^function\_.L:1#issueCommand(&lt;function&gt;:124)
	at jdk.nashorn.internal.scripts.Script$Recompilation$44618$3841A$\^function\_.L:1#issueCommand(&lt;function&gt;:124)
	at jdk.nashorn.internal.scripts.Script$Recompilation$44618$3841A$\^function\_.L:1#issueCommand(&lt;function&gt;:124)
	at jdk.nashorn.internal.scripts.Script$Recompilation$44618$3841A$\^function\_.L:1#issueCommand(&lt;function&gt;:124)
	at jdk.nashorn.internal.scripts.Script$Recompilation$44618$3841A$\^function\_.L:1#issueCommand(&lt;function&gt;:124)
	at jdk.nashorn.internal.scripts.Script$Recompilation$44618$3841A$\^function\_.L:1#issueCommand(&lt;function&gt;:124)
	at jdk.nashorn.internal.scripts.Script$Recompilation$44618$3841A$\^function\_.L:1#issueCommand(&lt;function&gt;:124)
	at jdk.nashorn.internal.scripts.Script$Recompilation$44618$3841A$\^function\_.L:1#issueCommand(&lt;function&gt;:124)
	at jdk.nashorn.internal.scripts.Script$Recompilation$44618$3841A$\^function\_.L:1#issueCommand(&lt;function&gt;:124)
	at jdk.nashorn.internal.scripts.Script$Recompilation$44618$3841A$\^function\_.L:1#issueCommand(&lt;function&gt;:124)
	at jdk.nashorn.internal.scripts.Script$Recompilation$44618$3841A$\^function\_.L:1#issueCommand(&lt;function&gt;:124)
	at jdk.nashorn.internal.scripts.Script$Recompilation$44618$3841A$\^function\_.L:1#issueCommand(&lt;function&gt;:124)
	at jdk.nashorn.internal.scripts.Script$Recompilation$44618$3841A$\^function\_.L:1#issueCommand(&lt;function&gt;:124)
	at jdk.nashorn.internal.scripts.Script$Recompilation$44618$3841A$\^function\_.L:1#issueCommand(&lt;function&gt;:124)
	at jdk.nashorn.internal.scripts.Script$Recompilation$44618$3841A$\^function\_.L:1#issueCommand(&lt;function&gt;:124)
	at jdk.nashorn.internal.scripts.Script$Recompilation$44618$3841A$\^function\_.L:1#issueCommand(&lt;function&gt;:124)
	at jdk.nashorn.internal.scripts.Script$Recompilation$44618$3841A$\^function\_.L:1#issueCommand(&lt;function&gt;:124)
	at jdk.nashorn.internal.scripts.Script$Recompilation$44618$3841A$\^function\_.L:1#issueCommand(&lt;function&gt;:124)
	at jdk.nashorn.internal.scripts.Script$Recompilation$44618$3841A$\^function\_.L:1#issueCommand(&lt;function&gt;:124)
	at jdk.nashorn.internal.scripts.Script$Recompilation$44618$3841A$\^function\_.L:1#issueCommand(&lt;function&gt;:124)
	at jdk.nashorn.internal.scripts.Script$Recompilation$44618$3841A$\^function\_.L:1#issueCommand(&lt;function&gt;:124)
	at jdk.nashorn.internal.scripts.Script$Recompilation$44618$3841A$\^function\_.L:1#issueCommand(&lt;function&gt;:124)
	at jdk.nashorn.internal.scripts.Script$Recompilation$44618$3841A$\^function\_.L:1#issueCommand(&lt;function&gt;:124)
	at jdk.nashorn.internal.scripts.Script$Recompilation$44618$3841A$\^function\_.L:1#issueCommand(&lt;function&gt;:124)
	at jdk.nashorn.internal.scripts.Script$Recompilation$44618$3841A$\^function\_.L:1#issueCommand(&lt;function&gt;:124)
	at jdk.nashorn.internal.scripts.Script$Recompilation$44618$3841A$\^function\_.L:1#issueCommand(&lt;function&gt;:124)
	at jdk.nashorn.internal.scripts.Script$Recompilation$44618$3841A$\^function\_.L:1#issueCommand(&lt;function&gt;:124)
	at jdk.nashorn.internal.scripts.Script$Recompilation$44618$3841A$\^function\_.L:1#issueCommand(&lt;function&gt;:124)
	at jdk.nashorn.internal.scripts.Script$Recompilation$44618$3841A$\^function\_.L:1#issueCommand(&lt;function&gt;:124)
	at jdk.nashorn.internal.scripts.Script$Recompilation$44618$3841A$\^function\_.L:1#issueCommand(&lt;function&gt;:124)
	at jdk.nashorn.internal.scripts.Script$Recompilation$44618$3841A$\^function\_.L:1#issueCommand(&lt;function&gt;:124)
	at jdk.nashorn.internal.scripts.Script$Recompilation$44618$3841A$\^function\_.L:1#issueCommand(&lt;function&gt;:124)
	at jdk.nashorn.internal.scripts.Script$Recompilation$44618$3841A$\^function\_.L:1#issueCommand(&lt;function&gt;:124)
	at jdk.nashorn.internal.scripts.Script$Recompilation$44618$3841A$\^function\_.L:1#issueCommand(&lt;function&gt;:124)
	at jdk.nashorn.internal.scripts.Script$Recompilation$44618$3841A$\^function\_.L:1#issueCommand(&lt;function&gt;:124)
	at jdk.nashorn.internal.scripts.Script$Recompilation$44618$3841A$\^function\_.L:1#issueCommand(&lt;function&gt;:124)
	at jdk.nashorn.internal.scripts.Script$Recompilation$44618$3841A$\^function\_.L:1#issueCommand(&lt;function&gt;:124)
	at jdk.nashorn.internal.scripts.Script$Recompilation$44618$3841A$\^function\_.L:1#issueCommand(&lt;function&gt;:124)
	at jdk.nashorn.internal.scripts.Script$Recompilation$44618$3841A$\^function\_.L:1#issueCommand(&lt;function&gt;:124)
	at jdk.nashorn.internal.scripts.Script$Recompilation$44618$3841A$\^function\_.L:1#issueCommand(&lt;function&gt;:124)
	at jdk.nashorn.internal.scripts.Script$Recompilation$44618$3841A$\^function\_.L:1#issueCommand(&lt;function&gt;:124)
	at jdk.nashorn.internal.scripts.Script$Recompilation$44618$3841A$\^function\_.L:1#issueCommand(&lt;function&gt;:124)
	at jdk.nashorn.internal.scripts.Script$Recompilation$44618$3841A$\^function\_.L:1#issueCommand(&lt;function&gt;:124)
	at jdk.nashorn.internal.scripts.Script$Recompilation$44618$3841A$\^function\_.L:1#issueCommand(&lt;function&gt;:124)
	at jdk.nashorn.internal.scripts.Script$Recompilation$44618$3841A$\^function\_.L:1#issueCommand(&lt;function&gt;:124)
	at jdk.nashorn.internal.scripts.Script$Recompilation$44618$3841A$\^function\_.L:1#issueCommand(&lt;function&gt;:124)
	at jdk.nashorn.internal.scripts.Script$Recompilation$44618$3841A$\^function\_.L:1#issueCommand(&lt;function&gt;:124)
	at jdk.nashorn.internal.scripts.Script$Recompilation$44618$3841A$\^function\_.L:1#issueCommand(&lt;function&gt;:124)
	at jdk.nashorn.internal.scripts.Script$Recompilation$44618$3841A$\^function\_.L:1#issueCommand(&lt;function&gt;:124)
	at jdk.nashorn.internal.scripts.Script$Recompilation$44618$3841A$\^function\_.L:1#issueCommand(&lt;function&gt;:124)
	at jdk.nashorn.internal.scripts.Script$Recompilation$44618$3841A$\^function\_.L:1#issueCommand(&lt;function&gt;:124)
	at jdk.nashorn.internal.scripts.Script$Recompilation$44618$3841A$\^function\_.L:1#issueCommand(&lt;function&gt;:124)
	at jdk.nashorn.internal.scripts.Script$Recompilation$44618$3841A$\^function\_.L:1#issueCommand(&lt;function&gt;:124)
	at jdk.nashorn.internal.scripts.Script$Recompilation$44618$3841A$\^function\_.L:1#issueCommand(&lt;function&gt;:124)
	at jdk.nashorn.internal.scripts.Script$Recompilation$44618$3841A$\^function\_.L:1#issueCommand(&lt;function&gt;:124)
	at jdk.nashorn.internal.scripts.Script$Recompilation$44618$3841A$\^function\_.L:1#issueCommand(&lt;function&gt;:124)
	at jdk.nashorn.internal.scripts.Script$Recompilation$44618$3841A$\^function\_.L:1#issueCommand(&lt;function&gt;:124)
	at jdk.nashorn.internal.scripts.Script$Recompilation$44618$3841A$\^function\_.L:1#issueCommand(&lt;function&gt;:124)
	at jdk.nashorn.internal.scripts.Script$Recompilation$44618$3841A$\^function\_.L:1#issueCommand(&lt;function&gt;:124)
	at jdk.nashorn.internal.scripts.Script$Recompilation$44618$3841A$\^function\_.L:1#issueCommand(&lt;function&gt;:124)
	at jdk.nashorn.internal.scripts.Script$Recompilation$44618$3841A$\^function\_.L:1#issueCommand(&lt;function&gt;:124)
	at jdk.nashorn.internal.scripts.Script$Recompilation$44618$3841A$\^function\_.L:1#issueCommand(&lt;function&gt;:124)
	at jdk.nashorn.internal.scripts.Script$Recompilation$44618$3841A$\^function\_.L:1#issueCommand(&lt;function&gt;:124)
	at jdk.nashorn.internal.scripts.Script$Recompilation$44618$3841A$\^function\_.L:1#issueCommand(&lt;function&gt;:124)
	at jdk.nashorn.internal.scripts.Script$Recompilation$44618$3841A$\^function\_.L:1#issueCommand(&lt;function&gt;:124)
	at jdk.nashorn.internal.scripts.Script$Recompilation$44618$3841A$\^function\_.L:1#issueCommand(&lt;function&gt;:124)
	at jdk.nashorn.internal.scripts.Script$Recompilation$44618$3841A$\^function\_.L:1#issueCommand(&lt;function&gt;:124)
	at jdk.nashorn.internal.scripts.Script$Recompilation$44618$3841A$\^function\_.L:1#issueCommand(&lt;function&gt;:124)
	at jdk.nashorn.internal.scripts.Script$Recompilation$44618$3841A$\^function\_.L:1#issueCommand(&lt;function&gt;:124)
	at jdk.nashorn.internal.scripts.Script$Recompilation$44618$3841A$\^function\_.L:1#issueCommand(&lt;function&gt;:124)
	at jdk.nashorn.internal.scripts.Script$Recompilation$44618$3841A$\^function\_.L:1#issueCommand(&lt;function&gt;:124)
	at jdk.nashorn.internal.scripts.Script$Recompilation$44618$3841A$\^function\_.L:1#issueCommand(&lt;function&gt;:124)
	at jdk.nashorn.internal.scripts.Script$Recompilation$44618$3841A$\^function\_.L:1#issueCommand(&lt;function&gt;:124)
	at jdk.nashorn.internal.scripts.Script$Recompilation$44618$3841A$\^function\_.L:1#issueCommand(&lt;function&gt;:124)
	at jdk.nashorn.internal.scripts.Script$Recompilation$44618$3841A$\^function\_.L:1#issueCommand(&lt;function&gt;:124)
	at jdk.nashorn.internal.scripts.Script$Recompilation$44618$3841A$\^function\_.L:1#issueCommand(&lt;function&gt;:124)
	at jdk.nashorn.internal.scripts.Script$Recompilation$44618$3841A$\^function\_.L:1#issueCommand(&lt;function&gt;:124)
	at jdk.nashorn.internal.scripts.Script$Recompilation$44618$3841A$\^function\_.L:1#issueCommand(&lt;function&gt;:124)
	at jdk.nashorn.internal.scripts.Script$Recompilation$44618$3841A$\^function\_.L:1#issueCommand(&lt;function&gt;:124)
	at jdk.nashorn.internal.scripts.Script$Recompilation$44618$3841A$\^function\_.L:1#issueCommand(&lt;function&gt;:124)
	at jdk.nashorn.internal.scripts.Script$Recompilation$44618$3841A$\^function\_.L:1#issueCommand(&lt;function&gt;:124)
	at jdk.nashorn.internal.scripts.Script$Recompilation$44618$3841A$\^function\_.L:1#issueCommand(&lt;function&gt;:124)
	at jdk.nashorn.internal.scripts.Script$Recompilation$44618$3841A$\^function\_.L:1#issueCommand(&lt;function&gt;:124)
	at jdk.nashorn.internal.scripts.Script$Recompilation$44618$3841A$\^function\_.L:1#issueCommand(&lt;function&gt;:124)
	at jdk.nashorn.internal.scripts.Script$Recompilation$44618$3841A$\^function\_.L:1#issueCommand(&lt;function&gt;:124)
	at jdk.nashorn.internal.scripts.Script$Recompilation$44618$3841A$\^function\_.L:1#issueCommand(&lt;function&gt;:124)
	at jdk.nashorn.internal.scripts.Script$Recompilation$44618$3841A$\^function\_.L:1#issueCommand(&lt;function&gt;:124)
	at jdk.nashorn.internal.scripts.Script$Recompilation$44618$3841A$\^function\_.L:1#issueCommand(&lt;function&gt;:124)
	at jdk.nashorn.internal.scripts.Script$Recompilation$44618$3841A$\^function\_.L:1#issueCommand(&lt;function&gt;:124)
	at jdk.nashorn.internal.scripts.Script$Recompilation$44618$3841A$\^function\_.L:1#issueCommand(&lt;function&gt;:124)
	at jdk.nashorn.internal.scripts.Script$Recompilation$44618$3841A$\^function\_.L:1#issueCommand(&lt;function&gt;:124)
	at jdk.nashorn.internal.scripts.Script$Recompilation$44618$3841A$\^function\_.L:1#issueCommand(&lt;function&gt;:124)
	at jdk.nashorn.internal.scripts.Script$Recompilation$44618$3841A$\^function\_.L:1#issueCommand(&lt;function&gt;:124)
	at jdk.nashorn.internal.scripts.Script$Recompilation$44618$3841A$\^function\_.L:1#issueCommand(&lt;function&gt;:124)
	at jdk.nashorn.internal.scripts.Script$Recompilation$44618$3841A$\^function\_.L:1#issueCommand(&lt;function&gt;:124)
	at jdk.nashorn.internal.scripts.Script$Recompilation$44618$3841A$\^function\_.L:1#issueCommand(&lt;function&gt;:124)
	at jdk.nashorn.internal.scripts.Script$Recompilation$44618$3841A$\^function\_.L:1#issueCommand(&lt;function&gt;:124)
	at jdk.nashorn.internal.scripts.Script$Recompilation$44618$3841A$\^function\_.L:1#issueCommand(&lt;function&gt;:124)
	at jdk.nashorn.internal.scripts.Script$Recompilation$44618$3841A$\^function\_.L:1#issueCommand(&lt;function&gt;:124)
	at jdk.nashorn.internal.scripts.Script$Recompilation$44618$3841A$\^function\_.L:1#issueCommand(&lt;function&gt;:124)
	at jdk.nashorn.internal.scripts.Script$Recompilation$44618$3841A$\^function\_.L:1#issueCommand(&lt;function&gt;:124)
	at jdk.nashorn.internal.scripts.Script$Recompilation$44618$3841A$\^function\_.L:1#issueCommand(&lt;function&gt;:124)
	at jdk.nashorn.internal.scripts.Script$Recompilation$44618$3841A$\^function\_.L:1#issueCommand(&lt;function&gt;:124)
	at jdk.nashorn.internal.scripts.Script$Recompilation$44618$3841A$\^function\_.L:1#issueCommand(&lt;function&gt;:124)
	at jdk.nashorn.internal.scripts.Script$Recompilation$44618$3841A$\^function\_.L:1#issueCommand(&lt;function&gt;:124)
	at jdk.nashorn.internal.scripts.Script$Recompilation$44618$3841A$\^function\_.L:1#issueCommand(&lt;function&gt;:124)
	at jdk.nashorn.internal.scripts.Script$Recompilation$44618$3841A$\^function\_.L:1#issueCommand(&lt;function&gt;:124)
	at jdk.nashorn.internal.scripts.Script$Recompilation$44618$3841A$\^function\_.L:1#issueCommand(&lt;function&gt;:124)
	at jdk.nashorn.internal.scripts.Script$Recompilation$44618$3841A$\^function\_.L:1#issueCommand(&lt;function&gt;:124)
	at jdk.nashorn.internal.scripts.Script$Recompilation$44618$3841A$\^function\_.L:1#issueCommand(&lt;function&gt;:124)
	at jdk.nashorn.internal.scripts.Script$Recompilation$44618$3841A$\^function\_.L:1#issueCommand(&lt;function&gt;:124)
	at jdk.nashorn.internal.scripts.Script$Recompilation$44618$3841A$\^function\_.L:1#issueCommand(&lt;function&gt;:124)
	at jdk.nashorn.internal.scripts.Script$Recompilation$44618$3841A$\^function\_.L:1#issueCommand(&lt;function&gt;:124)
	at jdk.nashorn.internal.scripts.Script$Recompilation$44618$3841A$\^function\_.L:1#issueCommand(&lt;function&gt;:124)
	at jdk.nashorn.internal.scripts.Script$Recompilation$44618$3841A$\^function\_.L:1#issueCommand(&lt;function&gt;:124)
	at jdk.nashorn.internal.scripts.Script$Recompilation$44618$3841A$\^function\_.L:1#issueCommand(&lt;function&gt;:124)
	at jdk.nashorn.internal.scripts.Script$Recompilation$44618$3841A$\^function\_.L:1#issueCommand(&lt;function&gt;:124)
	at jdk.nashorn.internal.scripts.Script$Recompilation$44618$3841A$\^function\_.L:1#issueCommand(&lt;function&gt;:124)
	at jdk.nashorn.internal.scripts.Script$Recompilation$44618$3841A$\^function\_.L:1#issueCommand(&lt;function&gt;:124)
	at jdk.nashorn.internal.scripts.Script$Recompilation$44618$3841A$\^function\_.L:1#issueCommand(&lt;function&gt;:124)
	at jdk.nashorn.internal.scripts.Script$Recompilation$44618$3841A$\^function\_.L:1#issueCommand(&lt;function&gt;:124)
	at jdk.nashorn.internal.scripts.Script$Recompilation$44618$3841A$\^function\_.L:1#issueCommand(&lt;function&gt;:124)
	at jdk.nashorn.internal.scripts.Script$Recompilation$44618$3841A$\^function\_.L:1#issueCommand(&lt;function&gt;:124)
	at jdk.nashorn.internal.scripts.Script$Recompilation$44618$3841A$\^function\_.L:1#issueCommand(&lt;function&gt;:124)
	at jdk.nashorn.internal.scripts.Script$Recompilation$44618$3841A$\^function\_.L:1#issueCommand(&lt;function&gt;:124)
	at jdk.nashorn.internal.scripts.Script$Recompilation$44618$3841A$\^function\_.L:1#issueCommand(&lt;function&gt;:124)
	at jdk.nashorn.internal.scripts.Script$Recompilation$44618$3841A$\^function\_.L:1#issueCommand(&lt;function&gt;:124)
	at jdk.nashorn.internal.scripts.Script$Recompilation$44618$3841A$\^function\_.L:1#issueCommand(&lt;function&gt;:124)
	at jdk.nashorn.internal.scripts.Script$Recompilation$44618$3841A$\^function\_.L:1#issueCommand(&lt;function&gt;:124)
	at jdk.nashorn.internal.scripts.Script$Recompilation$44618$3841A$\^function\_.L:1#issueCommand(&lt;function&gt;:124)
	at jdk.nashorn.internal.scripts.Script$Recompilation$44618$3841A$\^function\_.L:1#issueCommand(&lt;function&gt;:124)
	at jdk.nashorn.internal.scripts.Script$Recompilation$44618$3841A$\^function\_.L:1#issueCommand(&lt;function&gt;:124)
	at jdk.nashorn.internal.scripts.Script$Recompilation$44618$3841A$\^function\_.L:1#issueCommand(&lt;function&gt;:124)
	at jdk.nashorn.internal.scripts.Script$Recompilation$44618$3841A$\^function\_.L:1#issueCommand(&lt;function&gt;:124)
	at jdk.nashorn.internal.scripts.Script$Recompilation$44618$3841A$\^function\_.L:1#issueCommand(&lt;function&gt;:124)
	at jdk.nashorn.internal.scripts.Script$Recompilation$44618$3841A$\^function\_.L:1#issueCommand(&lt;function&gt;:124)
	at jdk.nashorn.internal.scripts.Script$Recompilation$44618$3841A$\^function\_.L:1#issueCommand(&lt;function&gt;:124)
	at jdk.nashorn.internal.scripts.Script$Recompilation$44618$3841A$\^function\_.L:1#issueCommand(&lt;function&gt;:124)
	at jdk.nashorn.internal.scripts.Script$Recompilation$44618$3841A$\^function\_.L:1#issueCommand(&lt;function&gt;:124)
	at jdk.nashorn.internal.scripts.Script$Recompilation$44618$3841A$\^function\_.L:1#issueCommand(&lt;function&gt;:124)
	at jdk.nashorn.internal.scripts.Script$Recompilation$44618$3841A$\^function\_.L:1#issueCommand(&lt;function&gt;:124)
	at jdk.nashorn.internal.scripts.Script$Recompilation$44618$3841A$\^function\_.L:1#issueCommand(&lt;function&gt;:124)
	at jdk.nashorn.internal.scripts.Script$Recompilation$44618$3841A$\^function\_.L:1#issueCommand(&lt;function&gt;:124)
	at jdk.nashorn.internal.scripts.Script$Recompilation$44618$3841A$\^function\_.L:1#issueCommand(&lt;function&gt;:124)
	at jdk.nashorn.internal.scripts.Script$Recompilation$44618$3841A$\^function\_.L:1#issueCommand(&lt;function&gt;:124)
	at jdk.nashorn.internal.scripts.Script$Recompilation$44618$3841A$\^function\_.L:1#issueCommand(&lt;function&gt;:124)
	at jdk.nashorn.internal.scripts.Script$Recompilation$44618$3841A$\^function\_.L:1#issueCommand(&lt;function&gt;:124)
	at jdk.nashorn.internal.scripts.Script$Recompilation$44618$3841A$\^function\_.L:1#issueCommand(&lt;function&gt;:124)
	at jdk.nashorn.internal.scripts.Script$Recompilation$44618$3841A$\^function\_.L:1#issueCommand(&lt;function&gt;:124)
	at jdk.nashorn.internal.scripts.Script$Recompilation$44618$3841A$\^function\_.L:1#issueCommand(&lt;function&gt;:124)
	at jdk.nashorn.internal.scripts.Script$Recompilation$44618$3841A$\^function\_.L:1#issueCommand(&lt;function&gt;:124)
	at jdk.nashorn.internal.scripts.Script$Recompilation$44618$3841A$\^function\_.L:1#issueCommand(&lt;function&gt;:124)
	at jdk.nashorn.internal.scripts.Script$Recompilation$44618$3841A$\^function\_.L:1#issueCommand(&lt;function&gt;:124)
	at jdk.nashorn.internal.scripts.Script$Recompilation$44618$3841A$\^function\_.L:1#issueCommand(&lt;function&gt;:124)
	at jdk.nashorn.internal.scripts.Script$Recompilation$44618$3841A$\^function\_.L:1#issueCommand(&lt;function&gt;:124)
	at jdk.nashorn.internal.scripts.Script$Recompilation$44618$3841A$\^function\_.L:1#issueCommand(&lt;function&gt;:124)
	at jdk.nashorn.internal.scripts.Script$Recompilation$44618$3841A$\^function\_.L:1#issueCommand(&lt;function&gt;:124)
	at jdk.nashorn.internal.scripts.Script$Recompilation$44618$3841A$\^function\_.L:1#issueCommand(&lt;function&gt;:124)
	at jdk.nashorn.internal.scripts.Script$Recompilation$44618$3841A$\^function\_.L:1#issueCommand(&lt;function&gt;:124)
	at jdk.nashorn.internal.scripts.Script$Recompilation$44618$3841A$\^function\_.L:1#issueCommand(&lt;function&gt;:124)
	at jdk.nashorn.internal.scripts.Script$Recompilation$44618$3841A$\^function\_.L:1#issueCommand(&lt;function&gt;:124)
	at jdk.nashorn.internal.scripts.Script$Recompilation$44618$3841A$\^function\_.L:1#issueCommand(&lt;function&gt;:124)
	at jdk.nashorn.internal.scripts.Script$Recompilation$44618$3841A$\^function\_.L:1#issueCommand(&lt;function&gt;:124)
	at jdk.nashorn.internal.scripts.Script$Recompilation$44618$3841A$\^function\_.L:1#issueCommand(&lt;function&gt;:124)
	at jdk.nashorn.internal.scripts.Script$Recompilation$44618$3841A$\^function\_.L:1#issueCommand(&lt;function&gt;:124)
	at jdk.nashorn.internal.scripts.Script$Recompilation$44618$3841A$\^function\_.L:1#issueCommand(&lt;function&gt;:124)
	at jdk.nashorn.internal.scripts.Script$Recompilation$44618$3841A$\^function\_.L:1#issueCommand(&lt;function&gt;:124)
	at jdk.nashorn.internal.scripts.Script$Recompilation$44618$3841A$\^function\_.L:1#issueCommand(&lt;function&gt;:124)
	at jdk.nashorn.internal.scripts.Script$Recompilation$44618$3841A$\^function\_.L:1#issueCommand(&lt;function&gt;:124)
	at jdk.nashorn.internal.scripts.Script$Recompilation$44618$3841A$\^function\_.L:1#issueCommand(&lt;function&gt;:124)
	at jdk.nashorn.internal.scripts.Script$Recompilation$44618$3841A$\^function\_.L:1#issueCommand(&lt;function&gt;:124)
	at jdk.nashorn.internal.scripts.Script$Recompilation$44618$3841A$\^function\_.L:1#issueCommand(&lt;function&gt;:124)
	at jdk.nashorn.internal.scripts.Script$Recompilation$44618$3841A$\^function\_.L:1#issueCommand(&lt;function&gt;:124)
	at jdk.nashorn.internal.scripts.Script$Recompilation$44618$3841A$\^function\_.L:1#issueCommand(&lt;function&gt;:124)
	at jdk.nashorn.internal.scripts.Script$Recompilation$44618$3841A$\^function\_.L:1#issueCommand(&lt;function&gt;:124)
	at jdk.nashorn.internal.scripts.Script$Recompilation$44618$3841A$\^function\_.L:1#issueCommand(&lt;function&gt;:124)
	at jdk.nashorn.internal.scripts.Script$Recompilation$44618$3841A$\^function\_.L:1#issueCommand(&lt;function&gt;:124)
	at jdk.nashorn.internal.scripts.Script$Recompilation$44618$3841A$\^function\_.L:1#issueCommand(&lt;function&gt;:124)
	at jdk.nashorn.internal.scripts.Script$Recompilation$44618$3841A$\^function\_.L:1#issueCommand(&lt;function&gt;:124)
	at jdk.nashorn.internal.scripts.Script$Recompilation$44618$3841A$\^function\_.L:1#issueCommand(&lt;function&gt;:124)
	at jdk.nashorn.internal.scripts.Script$Recompilation$44618$3841A$\^function\_.L:1#issueCommand(&lt;function&gt;:124)
	at jdk.nashorn.internal.scripts.Script$Recompilation$44618$3841A$\^function\_.L:1#issueCommand(&lt;function&gt;:124)
	at jdk.nashorn.internal.scripts.Script$Recompilation$44618$3841A$\^function\_.L:1#issueCommand(&lt;function&gt;:124)
	at jdk.nashorn.internal.scripts.Script$Recompilation$44618$3841A$\^function\_.L:1#issueCommand(&lt;function&gt;:124)
	at jdk.nashorn.internal.scripts.Script$Recompilation$44618$3841A$\^function\_.L:1#issueCommand(&lt;function&gt;:124)
	at jdk.nashorn.internal.scripts.Script$Recompilation$44618$3841A$\^function\_.L:1#issueCommand(&lt;function&gt;:124)
	at jdk.nashorn.internal.scripts.Script$Recompilation$44618$3841A$\^function\_.L:1#issueCommand(&lt;function&gt;:124)
	at jdk.nashorn.internal.scripts.Script$Recompilation$44618$3841A$\^function\_.L:1#issueCommand(&lt;function&gt;:124)
	at jdk.nashorn.internal.scripts.Script$Recompilation$44618$3841A$\^function\_.L:1#issueCommand(&lt;function&gt;:124)
	at jdk.nashorn.internal.scripts.Script$Recompilation$44618$3841A$\^function\_.L:1#issueCommand(&lt;function&gt;:124)
	at jdk.nashorn.internal.scripts.Script$Recompilation$44618$3841A$\^function\_.L:1#issueCommand(&lt;function&gt;:124)
	at jdk.nashorn.internal.scripts.Script$Recompilation$44618$3841A$\^function\_.L:1#issueCommand(&lt;function&gt;:124)
	at jdk.nashorn.internal.scripts.Script$Recompilation$44618$3841A$\^function\_.L:1#issueCommand(&lt;function&gt;:124)
	at jdk.nashorn.internal.scripts.Script$Recompilation$44618$3841A$\^function\_.L:1#issueCommand(&lt;function&gt;:124)
	at jdk.nashorn.internal.scripts.Script$Recompilation$44618$3841A$\^function\_.L:1#issueCommand(&lt;function&gt;:124)
	at jdk.nashorn.internal.scripts.Script$Recompilation$44618$3841A$\^function\_.L:1#issueCommand(&lt;function&gt;:124)
	at jdk.nashorn.internal.scripts.Script$Recompilation$44618$3841A$\^function\_.L:1#issueCommand(&lt;function&gt;:124)
	at jdk.nashorn.internal.scripts.Script$Recompilation$44618$3841A$\^function\_.L:1#issueCommand(&lt;function&gt;:124)
	at jdk.nashorn.internal.scripts.Script$Recompilation$44618$3841A$\^function\_.L:1#issueCommand(&lt;function&gt;:124)
	at jdk.nashorn.internal.scripts.Script$Recompilation$44618$3841A$\^function\_.L:1#issueCommand(&lt;function&gt;:124)
	at jdk.nashorn.internal.scripts.Script$Recompilation$44618$3841A$\^function\_.L:1#issueCommand(&lt;function&gt;:124)
	at jdk.nashorn.internal.scripts.Script$Recompilation$44618$3841A$\^function\_.L:1#issueCommand(&lt;function&gt;:124)
	at jdk.nashorn.internal.scripts.Script$Recompilation$44618$3841A$\^function\_.L:1#issueCommand(&lt;function&gt;:124)
	at jdk.nashorn.internal.scripts.Script$Recompilation$44618$3841A$\^function\_.L:1#issueCommand(&lt;function&gt;:124)
	at jdk.nashorn.internal.scripts.Script$Recompilation$44618$3841A$\^function\_.L:1#issueCommand(&lt;function&gt;:124)
	at jdk.nashorn.internal.scripts.Script$Recompilation$44618$3841A$\^function\_.L:1#issueCommand(&lt;function&gt;:124)
	at jdk.nashorn.internal.scripts.Script$Recompilation$44618$3841A$\^function\_.L:1#issueCommand(&lt;function&gt;:124)
	at jdk.nashorn.internal.scripts.Script$Recompilation$44618$3841A$\^function\_.L:1#issueCommand(&lt;function&gt;:124)
	at jdk.nashorn.internal.scripts.Script$Recompilation$44618$3841A$\^function\_.L:1#issueCommand(&lt;function&gt;:124)
	at jdk.nashorn.internal.scripts.Script$Recompilation$44618$3841A$\^function\_.L:1#issueCommand(&lt;function&gt;:124)
	at jdk.nashorn.internal.scripts.Script$Recompilation$44618$3841A$\^function\_.L:1#issueCommand(&lt;function&gt;:124)
	at jdk.nashorn.internal.scripts.Script$Recompilation$44618$3841A$\^function\_.L:1#issueCommand(&lt;function&gt;:124)
	at jdk.nashorn.internal.scripts.Script$Recompilation$44618$3841A$\^function\_.L:1#issueCommand(&lt;function&gt;:124)
	at jdk.nashorn.internal.scripts.Script$Recompilation$44618$3841A$\^function\_.L:1#issueCommand(&lt;function&gt;:124)
	at jdk.nashorn.internal.scripts.Script$Recompilation$44618$3841A$\^function\_.L:1#issueCommand(&lt;function&gt;:124)
	at jdk.nashorn.internal.scripts.Script$Recompilation$44618$3841A$\^function\_.L:1#issueCommand(&lt;function&gt;:124)
	at jdk.nashorn.internal.scripts.Script$Recompilation$44618$3841A$\^function\_.L:1#issueCommand(&lt;function&gt;:124)
	at jdk.nashorn.internal.scripts.Script$Recompilation$44618$3841A$\^function\_.L:1#issueCommand(&lt;function&gt;:124)
	at jdk.nashorn.internal.scripts.Script$Recompilation$44618$3841A$\^function\_.L:1#issueCommand(&lt;function&gt;:124)
	at jdk.nashorn.internal.scripts.Script$Recompilation$44618$3841A$\^function\_.L:1#issueCommand(&lt;function&gt;:124)
	at jdk.nashorn.internal.scripts.Script$Recompilation$44618$3841A$\^function\_.L:1#issueCommand(&lt;function&gt;:124)
	at jdk.nashorn.internal.scripts.Script$Recompilation$44618$3841A$\^function\_.L:1#issueCommand(&lt;function&gt;:124)
	at jdk.nashorn.internal.scripts.Script$Recompilation$44618$3841A$\^function\_.L:1#issueCommand(&lt;function&gt;:124)
	at jdk.nashorn.internal.scripts.Script$Recompilation$44618$3841A$\^function\_.L:1#issueCommand(&lt;function&gt;:124)
	at jdk.nashorn.internal.scripts.Script$Recompilation$44618$3841A$\^function\_.L:1#issueCommand(&lt;function&gt;:124)
	at jdk.nashorn.internal.scripts.Script$Recompilation$44618$3841A$\^function\_.L:1#issueCommand(&lt;function&gt;:124)
	at jdk.nashorn.internal.scripts.Script$Recompilation$44618$3841A$\^function\_.L:1#issueCommand(&lt;function&gt;:124)
	at jdk.nashorn.internal.scripts.Script$Recompilation$44618$3841A$\^function\_.L:1#issueCommand(&lt;function&gt;:124)
	at jdk.nashorn.internal.scripts.Script$Recompilation$44618$3841A$\^function\_.L:1#issueCommand(&lt;function&gt;:124)
	at jdk.nashorn.internal.scripts.Script$Recompilation$44618$3841A$\^function\_.L:1#issueCommand(&lt;function&gt;:124)
	at jdk.nashorn.internal.scripts.Script$Recompilation$44618$3841A$\^function\_.L:1#issueCommand(&lt;function&gt;:124)
	at jdk.nashorn.internal.scripts.Script$Recompilation$44618$3841A$\^function\_.L:1#issueCommand(&lt;function&gt;:124)
	at jdk.nashorn.internal.scripts.Script$Recompilation$44618$3841A$\^function\_.L:1#issueCommand(&lt;function&gt;:124)
	at jdk.nashorn.internal.scripts.Script$Recompilation$44618$3841A$\^function\_.L:1#issueCommand(&lt;function&gt;:124)
	at jdk.nashorn.internal.scripts.Script$Recompilation$44618$3841A$\^function\_.L:1#issueCommand(&lt;function&gt;:124)
	at jdk.nashorn.internal.scripts.Script$Recompilation$44618$3841A$\^function\_.L:1#issueCommand(&lt;function&gt;:124)
	at jdk.nashorn.internal.scripts.Script$Recompilation$44618$3841A$\^function\_.L:1#issueCommand(&lt;function&gt;:124)
	at jdk.nashorn.internal.scripts.Script$Recompilation$44618$3841A$\^function\_.L:1#issueCommand(&lt;function&gt;:124)
	at jdk.nashorn.internal.scripts.Script$Recompilation$44618$3841A$\^function\_.L:1#issueCommand(&lt;function&gt;:124)
	at jdk.nashorn.internal.scripts.Script$Recompilation$44618$3841A$\^function\_.L:1#issueCommand(&lt;function&gt;:124)
	at jdk.nashorn.internal.scripts.Script$Recompilation$44618$3841A$\^function\_.L:1#issueCommand(&lt;function&gt;:124)
	at jdk.nashorn.internal.scripts.Script$Recompilation$44618$3841A$\^function\_.L:1#issueCommand(&lt;function&gt;:124)
	at jdk.nashorn.internal.scripts.Script$Recompilation$44618$3841A$\^function\_.L:1#issueCommand(&lt;function&gt;:124)
	at jdk.nashorn.internal.scripts.Script$Recompilation$44618$3841A$\^function\_.L:1#issueCommand(&lt;function&gt;:124)
	at jdk.nashorn.internal.scripts.Script$Recompilation$44618$3841A$\^function\_.L:1#issueCommand(&lt;function&gt;:124)
	at jdk.nashorn.internal.scripts.Script$Recompilation$44618$3841A$\^function\_.L:1#issueCommand(&lt;function&gt;:124)
	at jdk.nashorn.internal.scripts.Script$Recompilation$44618$3841A$\^function\_.L:1#issueCommand(&lt;function&gt;:124)
	at jdk.nashorn.internal.scripts.Script$Recompilation$44618$3841A$\^function\_.L:1#issueCommand(&lt;function&gt;:124)
	at jdk.nashorn.internal.scripts.Script$Recompilation$44618$3841A$\^function\_.L:1#issueCommand(&lt;function&gt;:124)
	at jdk.nashorn.internal.scripts.Script$Recompilation$44618$3841A$\^function\_.L:1#issueCommand(&lt;function&gt;:124)
	at jdk.nashorn.internal.scripts.Script$Recompilation$44618$3841A$\^function\_.L:1#issueCommand(&lt;function&gt;:124)
	at jdk.nashorn.internal.scripts.Script$Recompilation$44618$3841A$\^function\_.L:1#issueCommand(&lt;function&gt;:124)
	at jdk.nashorn.internal.scripts.Script$Recompilation$44618$3841A$\^function\_.L:1#issueCommand(&lt;function&gt;:124)
	at jdk.nashorn.internal.scripts.Script$Recompilation$44618$3841A$\^function\_.L:1#issueCommand(&lt;function&gt;:124)
	at jdk.nashorn.internal.scripts.Script$Recompilation$44618$3841A$\^function\_.L:1#issueCommand(&lt;function&gt;:124)
	at jdk.nashorn.internal.scripts.Script$Recompilation$44618$3841A$\^function\_.L:1#issueCommand(&lt;function&gt;:124)
	at jdk.nashorn.internal.scripts.Script$Recompilation$44618$3841A$\^function\_.L:1#issueCommand(&lt;function&gt;:124)
	at jdk.nashorn.internal.scripts.Script$Recompilation$44618$3841A$\^function\_.L:1#issueCommand(&lt;function&gt;:124)
	at jdk.nashorn.internal.scripts.Script$Recompilation$44618$3841A$\^function\_.L:1#issueCommand(&lt;function&gt;:124)
	at jdk.nashorn.internal.scripts.Script$Recompilation$44618$3841A$\^function\_.L:1#issueCommand(&lt;function&gt;:124)
	at jdk.nashorn.internal.scripts.Script$Recompilation$44618$3841A$\^function\_.L:1#issueCommand(&lt;function&gt;:124)
	at jdk.nashorn.internal.scripts.Script$Recompilation$44618$3841A$\^function\_.L:1#issueCommand(&lt;function&gt;:124)
	at jdk.nashorn.internal.scripts.Script$Recompilation$44618$3841A$\^function\_.L:1#issueCommand(&lt;function&gt;:124)
	at jdk.nashorn.internal.scripts.Script$Recompilation$44618$3841A$\^function\_.L:1#issueCommand(&lt;function&gt;:124)
	at jdk.nashorn.internal.scripts.Script$Recompilation$44618$3841A$\^function\_.L:1#issueCommand(&lt;function&gt;:124)
	at jdk.nashorn.internal.scripts.Script$Recompilation$44618$3841A$\^function\_.L:1#issueCommand(&lt;function&gt;:124)
	at jdk.nashorn.internal.scripts.Script$Recompilation$44618$3841A$\^function\_.L:1#issueCommand(&lt;function&gt;:124)
	at jdk.nashorn.internal.scripts.Script$Recompilation$44618$3841A$\^function\_.L:1#issueCommand(&lt;function&gt;:124)
	at jdk.nashorn.internal.scripts.Script$Recompilation$44618$3841A$\^function\_.L:1#issueCommand(&lt;function&gt;:124)
	at jdk.nashorn.internal.scripts.Script$Recompilation$44618$3841A$\^function\_.L:1#issueCommand(&lt;function&gt;:124)
	at jdk.nashorn.internal.scripts.Script$Recompilation$44618$3841A$\^function\_.L:1#issueCommand(&lt;function&gt;:124)
	at jdk.nashorn.internal.scripts.Script$Recompilation$44618$3841A$\^function\_.L:1#issueCommand(&lt;function&gt;:124)
	at jdk.nashorn.internal.scripts.Script$Recompilation$44618$3841A$\^function\_.L:1#issueCommand(&lt;function&gt;:124)
	at jdk.nashorn.internal.scripts.Script$Recompilation$44618$3841A$\^function\_.L:1#issueCommand(&lt;function&gt;:124)
	at jdk.nashorn.internal.scripts.Script$Recompilation$44618$3841A$\^function\_.L:1#issueCommand(&lt;function&gt;:124)
	at jdk.nashorn.internal.scripts.Script$Recompilation$44618$3841A$\^function\_.L:1#issueCommand(&lt;function&gt;:124)
	at jdk.nashorn.internal.scripts.Script$Recompilation$44618$3841A$\^function\_.L:1#issueCommand(&lt;function&gt;:124)
	at jdk.nashorn.internal.scripts.Script$Recompilation$44618$3841A$\^function\_.L:1#issueCommand(&lt;function&gt;:124)
	at jdk.nashorn.internal.scripts.Script$Recompilation$44618$3841A$\^function\_.L:1#issueCommand(&lt;function&gt;:124)
	at jdk.nashorn.internal.scripts.Script$Recompilation$44618$3841A$\^function\_.L:1#issueCommand(&lt;function&gt;:124)
	at jdk.nashorn.internal.scripts.Script$Recompilation$44618$3841A$\^function\_.L:1#issueCommand(&lt;function&gt;:124)
	at jdk.nashorn.internal.scripts.Script$Recompilation$44618$3841A$\^function\_.L:1#issueCommand(&lt;function&gt;:124)
	at jdk.nashorn.internal.scripts.Script$Recompilation$44618$3841A$\^function\_.L:1#issueCommand(&lt;function&gt;:124)
	at jdk.nashorn.internal.scripts.Script$Recompilation$44618$3841A$\^function\_.L:1#issueCommand(&lt;function&gt;:124)
	at jdk.nashorn.internal.scripts.Script$Recompilation$44618$3841A$\^function\_.L:1#issueCommand(&lt;function&gt;:124)
	at jdk.nashorn.internal.scripts.Script$Recompilation$44618$3841A$\^function\_.L:1#issueCommand(&lt;function&gt;:124)
	at jdk.nashorn.internal.scripts.Script$Recompilation$44618$3841A$\^function\_.L:1#issueCommand(&lt;function&gt;:124)
	at jdk.nashorn.internal.scripts.Script$Recompilation$44618$3841A$\^function\_.L:1#issueCommand(&lt;function&gt;:124)
	at jdk.nashorn.internal.scripts.Script$Recompilation$44618$3841A$\^function\_.L:1#issueCommand(&lt;function&gt;:124)
	at jdk.nashorn.internal.scripts.Script$Recompilation$44618$3841A$\^function\_.L:1#issueCommand(&lt;function&gt;:124)
	at jdk.nashorn.internal.scripts.Script$Recompilation$44618$3841A$\^function\_.L:1#issueCommand(&lt;function&gt;:124)
	at jdk.nashorn.internal.scripts.Script$Recompilation$44618$3841A$\^function\_.L:1#issueCommand(&lt;function&gt;:124)
	at jdk.nashorn.internal.scripts.Script$Recompilation$44618$3841A$\^function\_.L:1#issueCommand(&lt;function&gt;:124)
	at jdk.nashorn.internal.scripts.Script$Recompilation$44618$3841A$\^function\_.L:1#issueCommand(&lt;function&gt;:124)
	at jdk.nashorn.internal.scripts.Script$Recompilation$44618$3841A$\^function\_.L:1#issueCommand(&lt;function&gt;:124)
	at jdk.nashorn.internal.scripts.Script$Recompilation$44618$3841A$\^function\_.L:1#issueCommand(&lt;function&gt;:124)
	at jdk.nashorn.internal.scripts.Script$Recompilation$44618$3841A$\^function\_.L:1#issueCommand(&lt;function&gt;:124)
	at jdk.nashorn.internal.scripts.Script$Recompilation$44618$3841A$\^function\_.L:1#issueCommand(&lt;function&gt;:124)
	at jdk.nashorn.internal.scripts.Script$Recompilation$44618$3841A$\^function\_.L:1#issueCommand(&lt;function&gt;:124)
	at jdk.nashorn.internal.scripts.Script$Recompilation$44618$3841A$\^function\_.L:1#issueCommand(&lt;function&gt;:124)
	at jdk.nashorn.internal.scripts.Script$Recompilation$44618$3841A$\^function\_.L:1#issueCommand(&lt;function&gt;:124)
	at jdk.nashorn.internal.scripts.Script$Recompilation$44618$3841A$\^function\_.L:1#issueCommand(&lt;function&gt;:124)
	at jdk.nashorn.internal.scripts.Script$Recompilation$44618$3841A$\^function\_.L:1#issueCommand(&lt;function&gt;:124)
	at jdk.nashorn.internal.scripts.Script$Recompilation$44618$3841A$\^function\_.L:1#issueCommand(&lt;function&gt;:124)
	at jdk.nashorn.internal.scripts.Script$Recompilation$44618$3841A$\^function\_.L:1#issueCommand(&lt;function&gt;:124)
	at jdk.nashorn.internal.scripts.Script$Recompilation$44618$3841A$\^function\_.L:1#issueCommand(&lt;function&gt;:124)
	at jdk.nashorn.internal.scripts.Script$Recompilation$44618$3841A$\^function\_.L:1#issueCommand(&lt;function&gt;:124)
	at jdk.nashorn.internal.scripts.Script$Recompilation$44618$3841A$\^function\_.L:1#issueCommand(&lt;function&gt;:124)
	at jdk.nashorn.internal.scripts.Script$Recompilation$44618$3841A$\^function\_.L:1#issueCommand(&lt;function&gt;:124)
	at jdk.nashorn.internal.scripts.Script$Recompilation$44618$3841A$\^function\_.L:1#issueCommand(&lt;function&gt;:124)
	at jdk.nashorn.internal.scripts.Script$Recompilation$44618$3841A$\^function\_.L:1#issueCommand(&lt;function&gt;:124)
	at jdk.nashorn.internal.scripts.Script$Recompilation$44618$3841A$\^function\_.L:1#issueCommand(&lt;function&gt;:124)
	at jdk.nashorn.internal.scripts.Script$Recompilation$44618$3841A$\^function\_.L:1#issueCommand(&lt;function&gt;:124)
	at jdk.nashorn.internal.scripts.Script$Recompilation$44618$3841A$\^function\_.L:1#issueCommand(&lt;function&gt;:124)
	at jdk.nashorn.internal.scripts.Script$Recompilation$44618$3841A$\^function\_.L:1#issueCommand(&lt;function&gt;:124)
	at jdk.nashorn.internal.scripts.Script$Recompilation$44618$3841A$\^function\_.L:1#issueCommand(&lt;function&gt;:124)
	at jdk.nashorn.internal.scripts.Script$Recompilation$44618$3841A$\^function\_.L:1#issueCommand(&lt;function&gt;:124)
	at jdk.nashorn.internal.scripts.Script$Recompilation$44618$3841A$\^function\_.L:1#issueCommand(&lt;function&gt;:124)
	at jdk.nashorn.internal.scripts.Script$Recompilation$44618$3841A$\^function\_.L:1#issueCommand(&lt;function&gt;:124)
	at jdk.nashorn.internal.scripts.Script$Recompilation$44618$3841A$\^function\_.L:1#issueCommand(&lt;function&gt;:124)
	at jdk.nashorn.internal.scripts.Script$Recompilation$44618$3841A$\^function\_.L:1#issueCommand(&lt;function&gt;:124)
	at jdk.nashorn.internal.scripts.Script$Recompilation$44618$3841A$\^function\_.L:1#issueCommand(&lt;function&gt;:124)
	at jdk.nashorn.internal.scripts.Script$Recompilation$44618$3841A$\^function\_.L:1#issueCommand(&lt;function&gt;:124)
	at jdk.nashorn.internal.scripts.Script$Recompilation$44618$3841A$\^function\_.L:1#issueCommand(&lt;function&gt;:124)
	at jdk.nashorn.internal.scripts.Script$Recompilation$44618$3841A$\^function\_.L:1#issueCommand(&lt;function&gt;:124)
	at jdk.nashorn.internal.scripts.Script$Recompilation$44618$3841A$\^function\_.L:1#issueCommand(&lt;function&gt;:124)
	at jdk.nashorn.internal.scripts.Script$Recompilation$44618$3841A$\^function\_.L:1#issueCommand(&lt;function&gt;:124)
	at jdk.nashorn.internal.scripts.Script$Recompilation$44618$3841A$\^function\_.L:1#issueCommand(&lt;function&gt;:124)
	at jdk.nashorn.internal.scripts.Script$Recompilation$44618$3841A$\^function\_.L:1#issueCommand(&lt;function&gt;:124)
	at jdk.nashorn.internal.scripts.Script$Recompilation$44618$3841A$\^function\_.L:1#issueCommand(&lt;function&gt;:124)
	at jdk.nashorn.internal.scripts.Script$Recompilation$44618$3841A$\^function\_.L:1#issueCommand(&lt;function&gt;:124)
	at jdk.nashorn.internal.scripts.Script$Recompilation$44618$3841A$\^function\_.L:1#issueCommand(&lt;function&gt;:124)
	at jdk.nashorn.internal.scripts.Script$Recompilation$44618$3841A$\^function\_.L:1#issueCommand(&lt;function&gt;:124)
	at jdk.nashorn.internal.scripts.Script$Recompilation$44618$3841A$\^function\_.L:1#issueCommand(&lt;function&gt;:124)
	at jdk.nashorn.internal.scripts.Script$Recompilation$44618$3841A$\^function\_.L:1#issueCommand(&lt;function&gt;:124)
	at jdk.nashorn.internal.scripts.Script$Recompilation$44618$3841A$\^function\_.L:1#issueCommand(&lt;function&gt;:124)
	at jdk.nashorn.internal.scripts.Script$Recompilation$44618$3841A$\^function\_.L:1#issueCommand(&lt;function&gt;:124)
	at jdk.nashorn.internal.scripts.Script$Recompilation$44618$3841A$\^function\_.L:1#issueCommand(&lt;function&gt;:124)
	at jdk.nashorn.internal.scripts.Script$Recompilation$44618$3841A$\^function\_.L:1#issueCommand(&lt;function&gt;:124)
	at jdk.nashorn.internal.scripts.Script$Recompilation$44618$3841A$\^function\_.L:1#issueCommand(&lt;function&gt;:124)
	at jdk.nashorn.internal.scripts.Script$Recompilation$44618$3841A$\^function\_.L:1#issueCommand(&lt;function&gt;:124)
	at jdk.nashorn.internal.scripts.Script$Recompilation$44618$3841A$\^function\_.L:1#issueCommand(&lt;function&gt;:124)
	at jdk.nashorn.internal.scripts.Script$Recompilation$44618$3841A$\^function\_.L:1#issueCommand(&lt;function&gt;:124)
	at jdk.nashorn.internal.scripts.Script$Recompilation$44618$3841A$\^function\_.L:1#issueCommand(&lt;function&gt;:124)
	at jdk.nashorn.internal.scripts.Script$Recompilation$44618$3841A$\^function\_.L:1#issueCommand(&lt;function&gt;:124)
	at jdk.nashorn.internal.scripts.Script$Recompilation$44618$3841A$\^function\_.L:1#issueCommand(&lt;function&gt;:124)
	at jdk.nashorn.internal.scripts.Script$Recompilation$44618$3841A$\^function\_.L:1#issueCommand(&lt;function&gt;:124)
	at jdk.nashorn.internal.scripts.Script$Recompilation$44618$3841A$\^function\_.L:1#issueCommand(&lt;function&gt;:124)
	at jdk.nashorn.internal.scripts.Script$Recompilation$44618$3841A$\^function\_.L:1#issueCommand(&lt;function&gt;:124)
	at jdk.nashorn.internal.scripts.Script$Recompilation$44618$3841A$\^function\_.L:1#issueCommand(&lt;function&gt;:124)
	at jdk.nashorn.internal.scripts.Script$Recompilation$44618$3841A$\^function\_.L:1#issueCommand(&lt;function&gt;:124)
	at jdk.nashorn.internal.scripts.Script$Recompilation$44618$3841A$\^function\_.L:1#issueCommand(&lt;function&gt;:124)
	at jdk.nashorn.internal.scripts.Script$Recompilation$44618$3841A$\^function\_.L:1#issueCommand(&lt;function&gt;:124)
	at jdk.nashorn.internal.scripts.Script$Recompilation$44618$3841A$\^function\_.L:1#issueCommand(&lt;function&gt;:124)
	at jdk.nashorn.internal.scripts.Script$Recompilation$44618$3841A$\^function\_.L:1#issueCommand(&lt;function&gt;:124)
	at jdk.nashorn.internal.scripts.Script$Recompilation$44618$3841A$\^function\_.L:1#issueCommand(&lt;function&gt;:124)
	at jdk.nashorn.internal.scripts.Script$Recompilation$44618$3841A$\^function\_.L:1#issueCommand(&lt;function&gt;:124)
	at jdk.nashorn.internal.scripts.Script$Recompilation$44618$3841A$\^function\_.L:1#issueCommand(&lt;function&gt;:124)
	at jdk.nashorn.internal.scripts.Script$Recompilation$44618$3841A$\^function\_.L:1#issueCommand(&lt;function&gt;:124)
	at jdk.nashorn.internal.scripts.Script$Recompilation$44618$3841A$\^function\_.L:1#issueCommand(&lt;function&gt;:124)
	at jdk.nashorn.internal.scripts.Script$Recompilation$44618$3841A$\^function\_.L:1#issueCommand(&lt;function&gt;:124)
	at jdk.nashorn.internal.scripts.Script$Recompilation$44618$3841A$\^function\_.L:1#issueCommand(&lt;function&gt;:124)
	at jdk.nashorn.internal.scripts.Script$Recompilation$44618$3841A$\^function\_.L:1#issueCommand(&lt;function&gt;:124)
	at jdk.nashorn.internal.scripts.Script$Recompilation$44618$3841A$\^function\_.L:1#issueCommand(&lt;function&gt;:124)
	at jdk.nashorn.internal.scripts.Script$Recompilation$44618$3841A$\^function\_.L:1#issueCommand(&lt;function&gt;:124)
	at jdk.nashorn.internal.scripts.Script$Recompilation$44618$3841A$\^function\_.L:1#issueCommand(&lt;function&gt;:124)
	at jdk.nashorn.internal.scripts.Script$Recompilation$44618$3841A$\^function\_.L:1#issueCommand(&lt;function&gt;:124)
	at jdk.nashorn.internal.scripts.Script$Recompilation$44618$3841A$\^function\_.L:1#issueCommand(&lt;function&gt;:124)
	at jdk.nashorn.internal.scripts.Script$Recompilation$44618$3841A$\^function\_.L:1#issueCommand(&lt;function&gt;:124)
	at jdk.nashorn.internal.scripts.Script$Recompilation$44618$3841A$\^function\_.L:1#issueCommand(&lt;function&gt;:124)
	at jdk.nashorn.internal.scripts.Script$Recompilation$44618$3841A$\^function\_.L:1#issueCommand(&lt;function&gt;:124)
	at jdk.nashorn.internal.scripts.Script$Recompilation$44618$3841A$\^function\_.L:1#issueCommand(&lt;function&gt;:124)
	at jdk.nashorn.internal.scripts.Script$Recompilation$44618$3841A$\^function\_.L:1#issueCommand(&lt;function&gt;:124)
	at jdk.nashorn.internal.scripts.Script$Recompilation$44618$3841A$\^function\_.L:1#issueCommand(&lt;function&gt;:124)
	at jdk.nashorn.internal.scripts.Script$Recompilation$44618$3841A$\^function\_.L:1#issueCommand(&lt;function&gt;:124)
	at jdk.nashorn.internal.scripts.Script$Recompilation$44618$3841A$\^function\_.L:1#issueCommand(&lt;function&gt;:124)
	at jdk.nashorn.internal.scripts.Script$Recompilation$44618$3841A$\^function\_.L:1#issueCommand(&lt;function&gt;:124)
	at jdk.nashorn.internal.scripts.Script$Recompilation$44618$3841A$\^function\_.L:1#issueCommand(&lt;function&gt;:124)
	at jdk.nashorn.internal.scripts.Script$Recompilation$44618$3841A$\^function\_.L:1#issueCommand(&lt;function&gt;:124)
	at jdk.nashorn.internal.scripts.Script$Recompilation$44618$3841A$\^function\_.L:1#issueCommand(&lt;function&gt;:124)
	at jdk.nashorn.internal.scripts.Script$Recompilation$44618$3841A$\^function\_.L:1#issueCommand(&lt;function&gt;:124)
	at jdk.nashorn.internal.scripts.Script$Recompilation$44618$3841A$\^function\_.L:1#issueCommand(&lt;function&gt;:124)
	at jdk.nashorn.internal.scripts.Script$Recompilation$44618$3841A$\^function\_.L:1#issueCommand(&lt;function&gt;:124)
	at jdk.nashorn.internal.scripts.Script$Recompilation$44618$3841A$\^function\_.L:1#issueCommand(&lt;function&gt;:124)
	at jdk.nashorn.internal.scripts.Script$Recompilation$44618$3841A$\^function\_.L:1#issueCommand(&lt;function&gt;:124)
	at jdk.nashorn.internal.scripts.Script$Recompilation$44618$3841A$\^function\_.L:1#issueCommand(&lt;function&gt;:124)
	at jdk.nashorn.internal.scripts.Script$Recompilation$44618$3841A$\^function\_.L:1#issueCommand(&lt;function&gt;:124)
	at jdk.nashorn.internal.scripts.Script$Recompilation$44618$3841A$\^function\_.L:1#issueCommand(&lt;function&gt;:124)
	at jdk.nashorn.internal.scripts.Script$Recompilation$44618$3841A$\^function\_.L:1#issueCommand(&lt;function&gt;:124)
	at jdk.nashorn.internal.scripts.Script$Recompilation$44618$3841A$\^function\_.L:1#issueCommand(&lt;function&gt;:124)
	at jdk.nashorn.internal.scripts.Script$Recompilation$44618$3841A$\^function\_.L:1#issueCommand(&lt;function&gt;:124)
	at jdk.nashorn.internal.scripts.Script$Recompilation$44618$3841A$\^function\_.L:1#issueCommand(&lt;function&gt;:124)
	at jdk.nashorn.internal.scripts.Script$Recompilation$44618$3841A$\^function\_.L:1#issueCommand(&lt;function&gt;:124)
	at jdk.nashorn.internal.scripts.Script$Recompilation$44618$3841A$\^function\_.L:1#issueCommand(&lt;function&gt;:124)
	at jdk.nashorn.internal.scripts.Script$Recompilation$44618$3841A$\^function\_.L:1#issueCommand(&lt;function&gt;:124)
	at jdk.nashorn.internal.scripts.Script$Recompilation$44618$3841A$\^function\_.L:1#issueCommand(&lt;function&gt;:124)
	at jdk.nashorn.internal.scripts.Script$Recompilation$44618$3841A$\^function\_.L:1#issueCommand(&lt;function&gt;:124)
	at jdk.nashorn.internal.scripts.Script$Recompilation$44618$3841A$\^function\_.L:1#issueCommand(&lt;function&gt;:124)
	at jdk.nashorn.internal.scripts.Script$Recompilation$44618$3841A$\^function\_.L:1#issueCommand(&lt;function&gt;:124)
	at jdk.nashorn.internal.scripts.Script$Recompilation$44618$3841A$\^function\_.L:1#issueCommand(&lt;function&gt;:124)
	at jdk.nashorn.internal.scripts.Script$Recompilation$44618$3841A$\^function\_.L:1#issueCommand(&lt;function&gt;:124)
	at jdk.nashorn.internal.scripts.Script$Recompilation$44618$3841A$\^function\_.L:1#issueCommand(&lt;function&gt;:124)
	at jdk.nashorn.internal.scripts.Script$Recompilation$44618$3841A$\^function\_.L:1#issueCommand(&lt;function&gt;:124)
	at jdk.nashorn.internal.scripts.Script$Recompilation$44618$3841A$\^function\_.L:1#issueCommand(&lt;function&gt;:124)
	at jdk.nashorn.internal.scripts.Script$Recompilation$44618$3841A$\^function\_.L:1#issueCommand(&lt;function&gt;:124)
	at jdk.nashorn.internal.scripts.Script$Recompilation$44618$3841A$\^function\_.L:1#issueCommand(&lt;function&gt;:124)
	at jdk.nashorn.internal.scripts.Script$Recompilation$44618$3841A$\^function\_.L:1#issueCommand(&lt;function&gt;:124)
	at jdk.nashorn.internal.scripts.Script$Recompilation$44618$3841A$\^function\_.L:1#issueCommand(&lt;function&gt;:124)
	at jdk.nashorn.internal.scripts.Script$Recompilation$44618$3841A$\^function\_.L:1#issueCommand(&lt;function&gt;:124)
	at jdk.nashorn.internal.scripts.Script$Recompilation$44618$3841A$\^function\_.L:1#issueCommand(&lt;function&gt;:124)
	at jdk.nashorn.internal.scripts.Script$Recompilation$44618$3841A$\^function\_.L:1#issueCommand(&lt;function&gt;:124)
	at jdk.nashorn.internal.scripts.Script$Recompilation$44618$3841A$\^function\_.L:1#issueCommand(&lt;function&gt;:124)
	at jdk.nashorn.internal.scripts.Script$Recompilation$44618$3841A$\^function\_.L:1#issueCommand(&lt;function&gt;:124)
	at jdk.nashorn.internal.scripts.Script$Recompilation$44618$3841A$\^function\_.L:1#issueCommand(&lt;function&gt;:124)
	at jdk.nashorn.internal.scripts.Script$Recompilation$44618$3841A$\^function\_.L:1#issueCommand(&lt;function&gt;:124)
	at jdk.nashorn.internal.scripts.Script$Recompilation$44618$3841A$\^function\_.L:1#issueCommand(&lt;function&gt;:124)
	at jdk.nashorn.internal.scripts.Script$Recompilation$44618$3841A$\^function\_.L:1#issueCommand(&lt;function&gt;:124)
	at jdk.nashorn.internal.scripts.Script$Recompilation$44618$3841A$\^function\_.L:1#issueCommand(&lt;function&gt;:124)
	at jdk.nashorn.internal.scripts.Script$Recompilation$44618$3841A$\^function\_.L:1#issueCommand(&lt;function&gt;:124)
	at jdk.nashorn.internal.scripts.Script$Recompilation$44618$3841A$\^function\_.L:1#issueCommand(&lt;function&gt;:124)
	at jdk.nashorn.internal.scripts.Script$Recompilation$44618$3841A$\^function\_.L:1#issueCommand(&lt;function&gt;:124)
	at jdk.nashorn.internal.scripts.Script$Recompilation$44618$3841A$\^function\_.L:1#issueCommand(&lt;function&gt;:124)
	at jdk.nashorn.internal.scripts.Script$Recompilation$44618$3841A$\^function\_.L:1#issueCommand(&lt;function&gt;:124)
	at jdk.nashorn.internal.scripts.Script$Recompilation$44618$3841A$\^function\_.L:1#issueCommand(&lt;function&gt;:124)
	at jdk.nashorn.internal.scripts.Script$Recompilation$44618$3841A$\^function\_.L:1#issueCommand(&lt;function&gt;:124)
	at jdk.nashorn.internal.scripts.Script$Recompilation$44618$3841A$\^function\_.L:1#issueCommand(&lt;function&gt;:124)
	at jdk.nashorn.internal.scripts.Script$Recompilation$44618$3841A$\^function\_.L:1#issueCommand(&lt;function&gt;:124)
	at jdk.nashorn.internal.scripts.Script$Recompilation$44618$3841A$\^function\_.L:1#issueCommand(&lt;function&gt;:124)
	at jdk.nashorn.internal.scripts.Script$Recompilation$44618$3841A$\^function\_.L:1#issueCommand(&lt;function&gt;:124)
	at jdk.nashorn.internal.scripts.Script$Recompilation$44618$3841A$\^function\_.L:1#issueCommand(&lt;function&gt;:124)
	at jdk.nashorn.internal.scripts.Script$Recompilation$44618$3841A$\^function\_.L:1#issueCommand(&lt;function&gt;:124)
	at jdk.nashorn.internal.scripts.Script$Recompilation$44618$3841A$\^function\_.L:1#issueCommand(&lt;function&gt;:124)
	at jdk.nashorn.internal.scripts.Script$Recompilation$44618$3841A$\^function\_.L:1#issueCommand(&lt;function&gt;:124)
	at jdk.nashorn.internal.scripts.Script$Recompilation$44618$3841A$\^function\_.L:1#issueCommand(&lt;function&gt;:124)
	at jdk.nashorn.internal.scripts.Script$Recompilation$44618$3841A$\^function\_.L:1#issueCommand(&lt;function&gt;:124)
	at jdk.nashorn.internal.scripts.Script$Recompilation$44618$3841A$\^function\_.L:1#issueCommand(&lt;function&gt;:124)
	at jdk.nashorn.internal.scripts.Script$Recompilation$44618$3841A$\^function\_.L:1#issueCommand(&lt;function&gt;:124)
	at jdk.nashorn.internal.scripts.Script$Recompilation$44618$3841A$\^function\_.L:1#issueCommand(&lt;function&gt;:124)
	at jdk.nashorn.internal.scripts.Script$Recompilation$44618$3841A$\^function\_.L:1#issueCommand(&lt;function&gt;:124)
	at jdk.nashorn.internal.scripts.Script$Recompilation$44618$3841A$\^function\_.L:1#issueCommand(&lt;function&gt;:124)
	at jdk.nashorn.internal.scripts.Script$Recompilation$44618$3841A$\^function\_.L:1#issueCommand(&lt;function&gt;:124)
	at jdk.nashorn.internal.scripts.Script$Recompilation$44618$3841A$\^function\_.L:1#issueCommand(&lt;function&gt;:124)
	at jdk.nashorn.internal.scripts.Script$Recompilation$44618$3841A$\^function\_.L:1#issueCommand(&lt;function&gt;:124)
	at jdk.nashorn.internal.scripts.Script$Recompilation$44618$3841A$\^function\_.L:1#issueCommand(&lt;function&gt;:124)
	at jdk.nashorn.internal.scripts.Script$Recompilation$44618$3841A$\^function\_.L:1#issueCommand(&lt;function&gt;:124)
	at jdk.nashorn.internal.scripts.Script$Recompilation$44618$3841A$\^function\_.L:1#issueCommand(&lt;function&gt;:124)
	at jdk.nashorn.internal.scripts.Script$Recompilation$44618$3841A$\^function\_.L:1#issueCommand(&lt;function&gt;:124)
	at jdk.nashorn.internal.scripts.Script$Recompilation$44618$3841A$\^function\_.L:1#issueCommand(&lt;function&gt;:124)
	at jdk.nashorn.internal.scripts.Script$Recompilation$44618$3841A$\^function\_.L:1#issueCommand(&lt;function&gt;:124)
	at jdk.nashorn.internal.scripts.Script$Recompilation$44618$3841A$\^function\_.L:1#issueCommand(&lt;function&gt;:124)
	at jdk.nashorn.internal.scripts.Script$Recompilation$44618$3841A$\^function\_.L:1#issueCommand(&lt;function&gt;:124)
	at jdk.nashorn.internal.scripts.Script$Recompilation$44618$3841A$\^function\_.L:1#issueCommand(&lt;function&gt;:124)
	at jdk.nashorn.internal.scripts.Script$Recompilation$44618$3841A$\^function\_.L:1#issueCommand(&lt;function&gt;:124)
	at jdk.nashorn.internal.scripts.Script$Recompilation$44618$3841A$\^function\_.L:1#issueCommand(&lt;function&gt;:124)
	at jdk.nashorn.internal.scripts.Script$Recompilation$44618$3841A$\^function\_.L:1#issueCommand(&lt;function&gt;:124)
	at jdk.nashorn.internal.scripts.Script$Recompilation$44618$3841A$\^function\_.L:1#issueCommand(&lt;function&gt;:124)
	at jdk.nashorn.internal.scripts.Script$Recompilation$44618$3841A$\^function\_.L:1#issueCommand(&lt;function&gt;:124)
	at jdk.nashorn.internal.scripts.Script$Recompilation$44618$3841A$\^function\_.L:1#issueCommand(&lt;function&gt;:124)
	at jdk.nashorn.internal.scripts.Script$Recompilation$44618$3841A$\^function\_.L:1#issueCommand(&lt;function&gt;:124)
	at jdk.nashorn.internal.scripts.Script$Recompilation$44618$3841A$\^function\_.L:1#issueCommand(&lt;function&gt;:124)
	at jdk.nashorn.internal.scripts.Script$Recompilation$44618$3841A$\^function\_.L:1#issueCommand(&lt;function&gt;:124)
	at jdk.nashorn.internal.scripts.Script$Recompilation$44618$3841A$\^function\_.L:1#issueCommand(&lt;function&gt;:124)
	at jdk.nashorn.internal.scripts.Script$Recompilation$44618$3841A$\^function\_.L:1#issueCommand(&lt;function&gt;:124)
	at jdk.nashorn.internal.scripts.Script$Recompilation$44618$3841A$\^function\_.L:1#issueCommand(&lt;function&gt;:124)
	at jdk.nashorn.internal.scripts.Script$Recompilation$44618$3841A$\^function\_.L:1#issueCommand(&lt;function&gt;:124)
	at jdk.nashorn.internal.scripts.Script$Recompilation$44618$3841A$\^function\_.L:1#issueCommand(&lt;function&gt;:124)
	at jdk.nashorn.internal.scripts.Script$Recompilation$44618$3841A$\^function\_.L:1#issueCommand(&lt;function&gt;:124)
	at jdk.nashorn.internal.scripts.Script$Recompilation$44618$3841A$\^function\_.L:1#issueCommand(&lt;function&gt;:124)
	at jdk.nashorn.internal.scripts.Script$Recompilation$44618$3841A$\^function\_.L:1#issueCommand(&lt;function&gt;:124)
	at jdk.nashorn.internal.scripts.Script$Recompilation$44618$3841A$\^function\_.L:1#issueCommand(&lt;function&gt;:124)
	at jdk.nashorn.internal.scripts.Script$Recompilation$44618$3841A$\^function\_.L:1#issueCommand(&lt;function&gt;:124)
	at jdk.nashorn.internal.scripts.Script$Recompilation$44618$3841A$\^function\_.L:1#issueCommand(&lt;function&gt;:124)
	at jdk.nashorn.internal.scripts.Script$Recompilation$44618$3841A$\^function\_.L:1#issueCommand(&lt;function&gt;:124)
	at jdk.nashorn.internal.scripts.Script$Recompilation$44618$3841A$\^function\_.L:1#issueCommand(&lt;function&gt;:124)
	at jdk.nashorn.internal.scripts.Script$Recompilation$44618$3841A$\^function\_.L:1#issueCommand(&lt;function&gt;:124)
	at jdk.nashorn.internal.scripts.Script$Recompilation$44618$3841A$\^function\_.L:1#issueCommand(&lt;function&gt;:124)
	at jdk.nashorn.internal.scripts.Script$Recompilation$44618$3841A$\^function\_.L:1#issueCommand(&lt;function&gt;:124)
	at jdk.nashorn.internal.scripts.Script$Recompilation$44618$3841A$\^function\_.L:1#issueCommand(&lt;function&gt;:124)
	at jdk.nashorn.internal.scripts.Script$Recompilation$44618$3841A$\^function\_.L:1#issueCommand(&lt;function&gt;:124)
	at jdk.nashorn.internal.scripts.Script$Recompilation$44618$3841A$\^function\_.L:1#issueCommand(&lt;function&gt;:124)
	at jdk.nashorn.internal.scripts.Script$Recompilation$44618$3841A$\^function\_.L:1#issueCommand(&lt;function&gt;:124)
	at jdk.nashorn.internal.scripts.Script$Recompilation$44618$3841A$\^function\_.L:1#issueCommand(&lt;function&gt;:124)
	at jdk.nashorn.internal.scripts.Script$Recompilation$44618$3841A$\^function\_.L:1#issueCommand(&lt;function&gt;:124)
	at jdk.nashorn.internal.scripts.Script$Recompilation$44618$3841A$\^function\_.L:1#issueCommand(&lt;function&gt;:124)
	at jdk.nashorn.internal.scripts.Script$Recompilation$44618$3841A$\^function\_.L:1#issueCommand(&lt;function&gt;:124)
	at jdk.nashorn.internal.scripts.Script$Recompilation$44618$3841A$\^function\_.L:1#issueCommand(&lt;function&gt;:124)
	at jdk.nashorn.internal.scripts.Script$Recompilation$44618$3841A$\^function\_.L:1#issueCommand(&lt;function&gt;:124)
	at jdk.nashorn.internal.scripts.Script$Recompilation$44618$3841A$\^function\_.L:1#issueCommand(&lt;function&gt;:124)
	at jdk.nashorn.internal.scripts.Script$Recompilation$44618$3841A$\^function\_.L:1#issueCommand(&lt;function&gt;:124)
	at jdk.nashorn.internal.scripts.Script$Recompilation$44618$3841A$\^function\_.L:1#issueCommand(&lt;function&gt;:124)
	at jdk.nashorn.internal.scripts.Script$Recompilation$44618$3841A$\^function\_.L:1#issueCommand(&lt;function&gt;:124)
	at jdk.nashorn.internal.scripts.Script$Recompilation$44618$3841A$\^function\_.L:1#issueCommand(&lt;function&gt;:124)
	at jdk.nashorn.internal.scripts.Script$Recompilation$44618$3841A$\^function\_.L:1#issueCommand(&lt;function&gt;:124)
	at jdk.nashorn.internal.scripts.Script$Recompilation$44618$3841A$\^function\_.L:1#issueCommand(&lt;function&gt;:124)
	at jdk.nashorn.internal.scripts.Script$Recompilation$44618$3841A$\^function\_.L:1#issueCommand(&lt;function&gt;:124)
	at jdk.nashorn.internal.scripts.Script$Recompilation$44618$3841A$\^function\_.L:1#issueCommand(&lt;function&gt;:124)
	at jdk.nashorn.internal.scripts.Script$Recompilation$44618$3841A$\^function\_.L:1#issueCommand(&lt;function&gt;:124)
	at jdk.nashorn.internal.scripts.Script$Recompilation$44618$3841A$\^function\_.L:1#issueCommand(&lt;function&gt;:124)
	at jdk.nashorn.internal.scripts.Script$Recompilation$44618$3841A$\^function\_.L:1#issueCommand(&lt;function&gt;:124)
	at jdk.nashorn.internal.scripts.Script$Recompilation$44618$3841A$\^function\_.L:1#issueCommand(&lt;function&gt;:124)
	at jdk.nashorn.internal.scripts.Script$Recompilation$44618$3841A$\^function\_.L:1#issueCommand(&lt;function&gt;:124)
	at jdk.nashorn.internal.scripts.Script$Recompilation$44618$3841A$\^function\_.L:1#issueCommand(&lt;function&gt;:124)
	at jdk.nashorn.internal.scripts.Script$Recompilation$44618$3841A$\^function\_.L:1#issueCommand(&lt;function&gt;:124)
	at jdk.nashorn.internal.scripts.Script$Recompilation$44618$3841A$\^function\_.L:1#issueCommand(&lt;function&gt;:124)
	at jdk.nashorn.internal.scripts.Script$Recompilation$44618$3841A$\^function\_.L:1#issueCommand(&lt;function&gt;:124)
	at jdk.nashorn.internal.scripts.Script$Recompilation$44618$3841A$\^function\_.L:1#issueCommand(&lt;function&gt;:124)
	at jdk.nashorn.internal.scripts.Script$Recompilation$44618$3841A$\^function\_.L:1#issueCommand(&lt;function&gt;:124)
	at jdk.nashorn.internal.scripts.Script$Recompilation$44618$3841A$\^function\_.L:1#issueCommand(&lt;function&gt;:124)
	at jdk.nashorn.internal.scripts.Script$Recompilation$44618$3841A$\^function\_.L:1#issueCommand(&lt;function&gt;:124)
	at jdk.nashorn.internal.scripts.Script$Recompilation$44618$3841A$\^function\_.L:1#issueCommand(&lt;function&gt;:124)
	at jdk.nashorn.internal.scripts.Script$Recompilation$44618$3841A$\^function\_.L:1#issueCommand(&lt;function&gt;:124)
	at jdk.nashorn.internal.scripts.Script$Recompilation$44618$3841A$\^function\_.L:1#issueCommand(&lt;function&gt;:124)
	at jdk.nashorn.internal.scripts.Script$Recompilation$44618$3841A$\^function\_.L:1#issueCommand(&lt;function&gt;:124)
	at jdk.nashorn.internal.scripts.Script$Recompilation$44618$3841A$\^function\_.L:1#issueCommand(&lt;function&gt;:124)
	at jdk.nashorn.internal.scripts.Script$Recompilation$44618$3841A$\^function\_.L:1#issueCommand(&lt;function&gt;:124)
	at jdk.nashorn.internal.scripts.Script$Recompilation$44618$3841A$\^function\_.L:1#issueCommand(&lt;function&gt;:124)
	at jdk.nashorn.internal.scripts.Script$Recompilation$44618$3841A$\^function\_.L:1#issueCommand(&lt;function&gt;:124)
	at jdk.nashorn.internal.scripts.Script$Recompilation$44618$3841A$\^function\_.L:1#issueCommand(&lt;function&gt;:124)
	at jdk.nashorn.internal.scripts.Script$Recompilation$44618$3841A$\^function\_.L:1#issueCommand(&lt;function&gt;:124)
	at jdk.nashorn.internal.scripts.Script$Recompilation$44618$3841A$\^function\_.L:1#issueCommand(&lt;function&gt;:124)
	at jdk.nashorn.internal.scripts.Script$Recompilation$44618$3841A$\^function\_.L:1#issueCommand(&lt;function&gt;:124)
	at jdk.nashorn.internal.scripts.Script$Recompilation$44618$3841A$\^function\_.L:1#issueCommand(&lt;function&gt;:124)
	at jdk.nashorn.internal.scripts.Script$Recompilation$44618$3841A$\^function\_.L:1#issueCommand(&lt;function&gt;:124)
	at jdk.nashorn.internal.scripts.Script$Recompilation$44618$3841A$\^function\_.L:1#issueCommand(&lt;function&gt;:124)
	at jdk.nashorn.internal.scripts.Script$Recompilation$44618$3841A$\^function\_.L:1#issueCommand(&lt;function&gt;:124)
	at jdk.nashorn.internal.scripts.Script$Recompilation$44618$3841A$\^function\_.L:1#issueCommand(&lt;function&gt;:124)
	at jdk.nashorn.internal.scripts.Script$Recompilation$44618$3841A$\^function\_.L:1#issueCommand(&lt;function&gt;:124)
	at jdk.nashorn.internal.scripts.Script$Recompilation$44618$3841A$\^function\_.L:1#issueCommand(&lt;function&gt;:124)
	at jdk.nashorn.internal.scripts.Script$Recompilation$44618$3841A$\^function\_.L:1#issueCommand(&lt;function&gt;:124)
	at jdk.nashorn.internal.scripts.Script$Recompilation$44618$3841A$\^function\_.L:1#issueCommand(&lt;function&gt;:124)
	at jdk.nashorn.internal.scripts.Script$Recompilation$44618$3841A$\^function\_.L:1#issueCommand(&lt;function&gt;:124)
	at jdk.nashorn.internal.scripts.Script$Recompilation$44618$3841A$\^function\_.L:1#issueCommand(&lt;function&gt;:124)
	at jdk.nashorn.internal.scripts.Script$Recompilation$44618$3841A$\^function\_.L:1#issueCommand(&lt;function&gt;:124)
	at jdk.nashorn.internal.scripts.Script$Recompilation$44618$3841A$\^function\_.L:1#issueCommand(&lt;function&gt;:124)
	at jdk.nashorn.internal.scripts.Script$Recompilation$44618$3841A$\^function\_.L:1#issueCommand(&lt;function&gt;:124)
	at jdk.nashorn.internal.scripts.Script$Recompilation$44618$3841A$\^function\_.L:1#issueCommand(&lt;function&gt;:124)
	at jdk.nashorn.internal.scripts.Script$Recompilation$44618$3841A$\^function\_.L:1#issueCommand(&lt;function&gt;:124)
	at jdk.nashorn.internal.scripts.Script$Recompilation$44618$3841A$\^function\_.L:1#issueCommand(&lt;function&gt;:124)
	at jdk.nashorn.internal.scripts.Script$Recompilation$44618$3841A$\^function\_.L:1#issueCommand(&lt;function&gt;:124)
	at jdk.nashorn.internal.scripts.Script$Recompilation$44618$3841A$\^function\_.L:1#issueCommand(&lt;function&gt;:124)
	at jdk.nashorn.internal.scripts.Script$Recompilation$44618$3841A$\^function\_.L:1#issueCommand(&lt;function&gt;:124)
	at jdk.nashorn.internal.scripts.Script$Recompilation$44618$3841A$\^function\_.L:1#issueCommand(&lt;function&gt;:124)
	at jdk.nashorn.internal.scripts.Script$Recompilation$44618$3841A$\^function\_.L:1#issueCommand(&lt;function&gt;:124)
	at jdk.nashorn.internal.scripts.Script$Recompilation$44618$3841A$\^function\_.L:1#issueCommand(&lt;function&gt;:124)
	at jdk.nashorn.internal.scripts.Script$Recompilation$44618$3841A$\^function\_.L:1#issueCommand(&lt;function&gt;:124)
	at jdk.nashorn.internal.scripts.Script$Recompilation$44618$3841A$\^function\_.L:1#issueCommand(&lt;function&gt;:124)
	at jdk.nashorn.internal.scripts.Script$Recompilation$44618$3841A$\^function\_.L:1#issueCommand(&lt;function&gt;:124)
	at jdk.nashorn.internal.scripts.Script$Recompilation$44618$3841A$\^function\_.L:1#issueCommand(&lt;function&gt;:124)
	at jdk.nashorn.internal.scripts.Script$Recompilation$44618$3841A$\^function\_.L:1#issueCommand(&lt;function&gt;:124)
	at jdk.nashorn.internal.scripts.Script$Recompilation$44618$3841A$\^function\_.L:1#issueCommand(&lt;function&gt;:124)
	at jdk.nashorn.internal.scripts.Script$Recompilation$44618$3841A$\^function\_.L:1#issueCommand(&lt;function&gt;:124)
	at jdk.nashorn.internal.scripts.Script$Recompilation$44618$3841A$\^function\_.L:1#issueCommand(&lt;function&gt;:124)
	at jdk.nashorn.internal.scripts.Script$Recompilation$44618$3841A$\^function\_.L:1#issueCommand(&lt;function&gt;:124)
	at jdk.nashorn.internal.scripts.Script$Recompilation$44618$3841A$\^function\_.L:1#issueCommand(&lt;function&gt;:124)
	at jdk.nashorn.internal.scripts.Script$Recompilation$44618$3841A$\^function\_.L:1#issueCommand(&lt;function&gt;:124)
	at jdk.nashorn.internal.scripts.Script$Recompilation$44618$3841A$\^function\_.L:1#issueCommand(&lt;function&gt;:124)
	at jdk.nashorn.internal.scripts.Script$Recompilation$44618$3841A$\^function\_.L:1#issueCommand(&lt;function&gt;:124)
	at jdk.nashorn.internal.scripts.Script$Recompilation$44618$3841A$\^function\_.L:1#issueCommand(&lt;function&gt;:124)
	at jdk.nashorn.internal.scripts.Script$Recompilation$44618$3841A$\^function\_.L:1#issueCommand(&lt;function&gt;:124)
	at jdk.nashorn.internal.scripts.Script$Recompilation$44618$3841A$\^function\_.L:1#issueCommand(&lt;function&gt;:124)
	at jdk.nashorn.internal.scripts.Script$Recompilation$44618$3841A$\^function\_.L:1#issueCommand(&lt;function&gt;:124)
	at jdk.nashorn.internal.scripts.Script$Recompilation$44618$3841A$\^function\_.L:1#issueCommand(&lt;function&gt;:124)
	at jdk.nashorn.internal.scripts.Script$Recompilation$44618$3841A$\^function\_.L:1#issueCommand(&lt;function&gt;:124)
	at jdk.nashorn.internal.scripts.Script$Recompilation$44618$3841A$\^function\_.L:1#issueCommand(&lt;function&gt;:124)
	at jdk.nashorn.internal.scripts.Script$Recompilation$44618$3841A$\^function\_.L:1#issueCommand(&lt;function&gt;:124)
	at jdk.nashorn.internal.scripts.Script$Recompilation$44618$3841A$\^function\_.L:1#issueCommand(&lt;function&gt;:124)
	at jdk.nashorn.internal.scripts.Script$Recompilation$44618$3841A$\^function\_.L:1#issueCommand(&lt;function&gt;:124)
	at jdk.nashorn.internal.scripts.Script$Recompilation$44618$3841A$\^function\_.L:1#issueCommand(&lt;function&gt;:124)
	at jdk.nashorn.internal.scripts.Script$Recompilation$44618$3841A$\^function\_.L:1#issueCommand(&lt;function&gt;:124)
	at jdk.nashorn.internal.scripts.Script$Recompilation$44618$3841A$\^function\_.L:1#issueCommand(&lt;function&gt;:124)
	at jdk.nashorn.internal.scripts.Script$Recompilation$44618$3841A$\^function\_.L:1#issueCommand(&lt;function&gt;:124)
	at jdk.nashorn.internal.scripts.Script$Recompilation$44618$3841A$\^function\_.L:1#issueCommand(&lt;function&gt;:124)
	at jdk.nashorn.internal.scripts.Script$Recompilation$44618$3841A$\^function\_.L:1#issueCommand(&lt;function&gt;:124)
	at jdk.nashorn.internal.scripts.Script$Recompilation$44618$3841A$\^function\_.L:1#issueCommand(&lt;function&gt;:124)
	at jdk.nashorn.internal.scripts.Script$Recompilation$44618$3841A$\^function\_.L:1#issueCommand(&lt;function&gt;:124)
	at jdk.nashorn.internal.scripts.Script$Recompilation$44618$3841A$\^function\_.L:1#issueCommand(&lt;function&gt;:124)
	at jdk.nashorn.internal.scripts.Script$Recompilation$44618$3841A$\^function\_.L:1#issueCommand(&lt;function&gt;:124)
	at jdk.nashorn.internal.scripts.Script$Recompilation$44618$3841A$\^function\_.L:1#issueCommand(&lt;function&gt;:124)
	at jdk.nashorn.internal.scripts.Script$Recompilation$44618$3841A$\^function\_.L:1#issueCommand(&lt;function&gt;:124)
	at jdk.nashorn.internal.scripts.Script$Recompilation$44618$3841A$\^function\_.L:1#issueCommand(&lt;function&gt;:124)
	at jdk.nashorn.internal.scripts.Script$Recompilation$44618$3841A$\^function\_.L:1#issueCommand(&lt;function&gt;:124)
	at jdk.nashorn.internal.scripts.Script$Recompilation$44618$3841A$\^function\_.L:1#issueCommand(&lt;function&gt;:124)
	at jdk.nashorn.internal.scripts.Script$Recompilation$44618$3841A$\^function\_.L:1#issueCommand(&lt;function&gt;:124)
	at jdk.nashorn.internal.scripts.Script$Recompilation$44618$3841A$\^function\_.L:1#issueCommand(&lt;function&gt;:124)
	at jdk.nashorn.internal.scripts.Script$Recompilation$44618$3841A$\^function\_.L:1#issueCommand(&lt;function&gt;:124)
	at jdk.nashorn.internal.scripts.Script$Recompilation$44618$3841A$\^function\_.L:1#issueCommand(&lt;function&gt;:124)
	at jdk.nashorn.internal.scripts.Script$Recompilation$44618$3841A$\^function\_.L:1#issueCommand(&lt;function&gt;:124)
	at jdk.nashorn.internal.scripts.Script$Recompilation$44618$3841A$\^function\_.L:1#issueCommand(&lt;function&gt;:124)
	at jdk.nashorn.internal.scripts.Script$Recompilation$44618$3841A$\^function\_.L:1#issueCommand(&lt;function&gt;:124)
	at jdk.nashorn.internal.scripts.Script$Recompilation$44618$3841A$\^function\_.L:1#issueCommand(&lt;function&gt;:124)
	at jdk.nashorn.internal.scripts.Script$Recompilation$44618$3841A$\^function\_.L:1#issueCommand(&lt;function&gt;:124)
	at jdk.nashorn.internal.scripts.Script$Recompilation$44618$3841A$\^function\_.L:1#issueCommand(&lt;function&gt;:124)
	at jdk.nashorn.internal.scripts.Script$Recompilation$44618$3841A$\^function\_.L:1#issueCommand(&lt;function&gt;:124)
	at jdk.nashorn.internal.scripts.Script$Recompilation$44618$3841A$\^function\_.L:1#issueCommand(&lt;function&gt;:124)
	at jdk.nashorn.internal.scripts.Script$Recompilation$44618$3841A$\^function\_.L:1#issueCommand(&lt;function&gt;:124)
	at jdk.nashorn.internal.scripts.Script$Recompilation$44618$3841A$\^function\_.L:1#issueCommand(&lt;function&gt;:124)
	at jdk.nashorn.internal.scripts.Script$Recompilation$44618$3841A$\^function\_.L:1#issueCommand(&lt;function&gt;:124)
	at jdk.nashorn.internal.scripts.Script$Recompilation$44618$3841A$\^function\_.L:1#issueCommand(&lt;function&gt;:124)
	at jdk.nashorn.internal.scripts.Script$Recompilation$44618$3841A$\^function\_.L:1#issueCommand(&lt;function&gt;:124)
	at jdk.nashorn.internal.scripts.Script$Recompilation$44618$3841A$\^function\_.L:1#issueCommand(&lt;function&gt;:124)
	at jdk.nashorn.internal.scripts.Script$Recompilation$44618$3841A$\^function\_.L:1#issueCommand(&lt;function&gt;:124)
	at jdk.nashorn.internal.scripts.Script$Recompilation$44618$3841A$\^function\_.L:1#issueCommand(&lt;function&gt;:124)
	at jdk.nashorn.internal.scripts.Script$Recompilation$44618$3841A$\^function\_.L:1#issueCommand(&lt;function&gt;:124)
	at jdk.nashorn.internal.scripts.Script$Recompilation$44618$3841A$\^function\_.L:1#issueCommand(&lt;function&gt;:124)
	at jdk.nashorn.internal.scripts.Script$Recompilation$44618$3841A$\^function\_.L:1#issueCommand(&lt;function&gt;:124)
	at jdk.nashorn.internal.scripts.Script$Recompilation$44618$3841A$\^function\_.L:1#issueCommand(&lt;function&gt;:124)
	at jdk.nashorn.internal.scripts.Script$Recompilation$44618$3841A$\^function\_.L:1#issueCommand(&lt;function&gt;:124)
	at jdk.nashorn.internal.scripts.Script$Recompilation$44618$3841A$\^function\_.L:1#issueCommand(&lt;function&gt;:124)
	at jdk.nashorn.internal.scripts.Script$Recompilation$44618$3841A$\^function\_.L:1#issueCommand(&lt;function&gt;:124)
	at jdk.nashorn.internal.scripts.Script$Recompilation$44618$3841A$\^function\_.L:1#issueCommand(&lt;function&gt;:124)
	at jdk.nashorn.internal.scripts.Script$Recompilation$44618$3841A$\^function\_.L:1#issueCommand(&lt;function&gt;:124)
	at jdk.nashorn.internal.scripts.Script$Recompilation$44618$3841A$\^function\_.L:1#issueCommand(&lt;function&gt;:124)
	at jdk.nashorn.internal.scripts.Script$Recompilation$44618$3841A$\^function\_.L:1#issueCommand(&lt;function&gt;:124)
	at jdk.nashorn.internal.scripts.Script$Recompilation$44618$3841A$\^function\_.L:1#issueCommand(&lt;function&gt;:124)
	at jdk.nashorn.internal.scripts.Script$Recompilation$44618$3841A$\^function\_.L:1#issueCommand(&lt;function&gt;:124)
	at jdk.nashorn.internal.scripts.Script$Recompilation$44618$3841A$\^function\_.L:1#issueCommand(&lt;function&gt;:124)
	at jdk.nashorn.internal.scripts.Script$Recompilation$44618$3841A$\^function\_.L:1#issueCommand(&lt;function&gt;:124)
	at jdk.nashorn.internal.scripts.Script$Recompilation$44618$3841A$\^function\_.L:1#issueCommand(&lt;function&gt;:124)
	at jdk.nashorn.internal.scripts.Script$Recompilation$44618$3841A$\^function\_.L:1#issueCommand(&lt;function&gt;:124)
	at jdk.nashorn.internal.scripts.Script$Recompilation$44618$3841A$\^function\_.L:1#issueCommand(&lt;function&gt;:124)
	at jdk.nashorn.internal.scripts.Script$Recompilation$44618$3841A$\^function\_.L:1#issueCommand(&lt;function&gt;:124)
	at jdk.nashorn.internal.scripts.Script$Recompilation$44618$3841A$\^function\_.L:1#issueCommand(&lt;function&gt;:124)
	at jdk.nashorn.internal.scripts.Script$Recompilation$44618$3841A$\^function\_.L:1#issueCommand(&lt;function&gt;:124)
	at jdk.nashorn.internal.scripts.Script$Recompilation$44618$3841A$\^function\_.L:1#issueCommand(&lt;function&gt;:124)
	at jdk.nashorn.internal.scripts.Script$Recompilation$44618$3841A$\^function\_.L:1#issueCommand(&lt;function&gt;:124)
	at jdk.nashorn.internal.scripts.Script$Recompilation$44618$3841A$\^function\_.L:1#issueCommand(&lt;function&gt;:124)
	at jdk.nashorn.internal.scripts.Script$Recompilation$44618$3841A$\^function\_.L:1#issueCommand(&lt;function&gt;:124)
	at jdk.nashorn.internal.scripts.Script$Recompilation$44618$3841A$\^function\_.L:1#issueCommand(&lt;function&gt;:124)
	at jdk.nashorn.internal.scripts.Script$Recompilation$44618$3841A$\^function\_.L:1#issueCommand(&lt;function&gt;:124)
	at jdk.nashorn.internal.scripts.Script$Recompilation$44618$3841A$\^function\_.L:1#issueCommand(&lt;function&gt;:124)
	at jdk.nashorn.internal.scripts.Script$Recompilation$44618$3841A$\^function\_.L:1#issueCommand(&lt;function&gt;:124)
	at jdk.nashorn.internal.scripts.Script$Recompilation$44618$3841A$\^function\_.L:1#issueCommand(&lt;function&gt;:124)
	at jdk.nashorn.internal.scripts.Script$Recompilation$44618$3841A$\^function\_.L:1#issueCommand(&lt;function&gt;:124)
	at jdk.nashorn.internal.scripts.Script$Recompilation$44618$3841A$\^function\_.L:1#issueCommand(&lt;function&gt;:124)
	at jdk.nashorn.internal.scripts.Script$Recompilation$44618$3841A$\^function\_.L:1#issueCommand(&lt;function&gt;:124)
	at jdk.nashorn.internal.scripts.Script$Recompilation$44618$3841A$\^function\_.L:1#issueCommand(&lt;function&gt;:124)
	at jdk.nashorn.internal.scripts.Script$Recompilation$44618$3841A$\^function\_.L:1#issueCommand(&lt;function&gt;:124)
	at jdk.nashorn.internal.scripts.Script$Recompilation$44618$3841A$\^function\_.L:1#issueCommand(&lt;function&gt;:124)
	at jdk.nashorn.internal.scripts.Script$Recompilation$44618$3841A$\^function\_.L:1#issueCommand(&lt;function&gt;:124)
	at jdk.nashorn.internal.scripts.Script$Recompilation$44618$3841A$\^function\_.L:1#issueCommand(&lt;function&gt;:124)
	at jdk.nashorn.internal.scripts.Script$Recompilation$44618$3841A$\^function\_.L:1#issueCommand(&lt;function&gt;:124)
	at jdk.nashorn.internal.scripts.Script$Recompilation$44618$3841A$\^function\_.L:1#issueCommand(&lt;function&gt;:124)
	at jdk.nashorn.internal.scripts.Script$Recompilation$44618$3841A$\^function\_.L:1#issueCommand(&lt;function&gt;:124)
	at jdk.nashorn.internal.scripts.Script$Recompilation$44618$3841A$\^function\_.L:1#issueCommand(&lt;function&gt;:124)
	at jdk.nashorn.internal.scripts.Script$Recompilation$44618$3841A$\^function\_.L:1#issueCommand(&lt;function&gt;:124)
	at jdk.nashorn.internal.scripts.Script$Recompilation$44618$3841A$\^function\_.L:1#issueCommand(&lt;function&gt;:124)
	at jdk.nashorn.internal.scripts.Script$Recompilation$44618$3841A$\^function\_.L:1#issueCommand(&lt;function&gt;:124)
	at jdk.nashorn.internal.scripts.Script$Recompilation$44618$3841A$\^function\_.L:1#issueCommand(&lt;function&gt;:124)
	at jdk.nashorn.internal.scripts.Script$Recompilation$44618$3841A$\^function\_.L:1#issueCommand(&lt;function&gt;:124)
	at jdk.nashorn.internal.scripts.Script$Recompilation$44618$3841A$\^function\_.L:1#issueCommand(&lt;function&gt;:124)
	at jdk.nashorn.internal.scripts.Script$Recompilation$44618$3841A$\^function\_.L:1#issueCommand(&lt;function&gt;:124)
	at jdk.nashorn.internal.scripts.Script$Recompilation$44618$3841A$\^function\_.L:1#issueCommand(&lt;function&gt;:124)
	at jdk.nashorn.internal.scripts.Script$Recompilation$44618$3841A$\^function\_.L:1#issueCommand(&lt;function&gt;:124)
	at jdk.nashorn.internal.scripts.Script$Recompilation$44618$3841A$\^function\_.L:1#issueCommand(&lt;function&gt;:124)
	at jdk.nashorn.internal.scripts.Script$Recompilation$44618$3841A$\^function\_.L:1#issueCommand(&lt;function&gt;:124)
	at jdk.nashorn.internal.scripts.Script$Recompilation$44618$3841A$\^function\_.L:1#issueCommand(&lt;function&gt;:124)
	at jdk.nashorn.internal.scripts.Script$Recompilation$44618$3841A$\^function\_.L:1#issueCommand(&lt;function&gt;:124)
	at jdk.nashorn.internal.scripts.Script$Recompilation$44618$3841A$\^function\_.L:1#issueCommand(&lt;function&gt;:124)
	at jdk.nashorn.internal.scripts.Script$Recompilation$44618$3841A$\^function\_.L:1#issueCommand(&lt;function&gt;:124)
	at jdk.nashorn.internal.scripts.Script$Recompilation$44618$3841A$\^function\_.L:1#issueCommand(&lt;function&gt;:124)
	at jdk.nashorn.internal.scripts.Script$Recompilation$44618$3841A$\^function\_.L:1#issueCommand(&lt;function&gt;:124)
	at jdk.nashorn.internal.scripts.Script$Recompilation$44618$3841A$\^function\_.L:1#issueCommand(&lt;function&gt;:124)
	at jdk.nashorn.internal.scripts.Script$Recompilation$44618$3841A$\^function\_.L:1#issueCommand(&lt;function&gt;:124)
	at jdk.nashorn.internal.scripts.Script$Recompilation$44618$3841A$\^function\_.L:1#issueCommand(&lt;function&gt;:124)
	at jdk.nashorn.internal.scripts.Script$Recompilation$44618$3841A$\^function\_.L:1#issueCommand(&lt;function&gt;:124)
	at jdk.nashorn.internal.scripts.Script$Recompilation$44618$3841A$\^function\_.L:1#issueCommand(&lt;function&gt;:124)
	at jdk.nashorn.internal.scripts.Script$Recompilation$44618$3841A$\^function\_.L:1#issueCommand(&lt;function&gt;:124)
	at jdk.nashorn.internal.scripts.Script$Recompilation$44618$3841A$\^function\_.L:1#issueCommand(&lt;function&gt;:124)
	at jdk.nashorn.internal.scripts.Script$Recompilation$44618$3841A$\^function\_.L:1#issueCommand(&lt;function&gt;:124)
	at jdk.nashorn.internal.scripts.Script$Recompilation$44618$3841A$\^function\_.L:1#issueCommand(&lt;function&gt;:124)
	at jdk.nashorn.internal.scripts.Script$Recompilation$44618$3841A$\^function\_.L:1#issueCommand(&lt;function&gt;:124)
	at jdk.nashorn.internal.scripts.Script$Recompilation$44618$3841A$\^function\_.L:1#issueCommand(&lt;function&gt;:124)
	at jdk.nashorn.internal.scripts.Script$Recompilation$44618$3841A$\^function\_.L:1#issueCommand(&lt;function&gt;:124)
	at jdk.nashorn.internal.scripts.Script$Recompilation$44618$3841A$\^function\_.L:1#issueCommand(&lt;function&gt;:124)
	at jdk.nashorn.internal.scripts.Script$Recompilation$44618$3841A$\^function\_.L:1#issueCommand(&lt;function&gt;:124)
	at jdk.nashorn.internal.scripts.Script$Recompilation$44618$3841A$\^function\_.L:1#issueCommand(&lt;function&gt;:124)
	at jdk.nashorn.internal.scripts.Script$Recompilation$44618$3841A$\^function\_.L:1#issueCommand(&lt;function&gt;:124)
	at jdk.nashorn.internal.scripts.Script$Recompilation$44618$3841A$\^function\_.L:1#issueCommand(&lt;function&gt;:124)
	at jdk.nashorn.internal.scripts.Script$Recompilation$44618$3841A$\^function\_.L:1#issueCommand(&lt;function&gt;:124)
	at jdk.nashorn.internal.scripts.Script$Recompilation$44618$3841A$\^function\_.L:1#issueCommand(&lt;function&gt;:124)
	at jdk.nashorn.internal.scripts.Script$Recompilation$44618$3841A$\^function\_.L:1#issueCommand(&lt;function&gt;:124)
	at jdk.nashorn.internal.scripts.Script$Recompilation$44618$3841A$\^function\_.L:1#issueCommand(&lt;function&gt;:124)
	at jdk.nashorn.internal.scripts.Script$Recompilation$44618$3841A$\^function\_.L:1#issueCommand(&lt;function&gt;:124)
	at jdk.nashorn.internal.scripts.Script$Recompilation$44618$3841A$\^function\_.L:1#issueCommand(&lt;function&gt;:124)
	at jdk.nashorn.internal.scripts.Script$Recompilation$44618$3841A$\^function\_.L:1#issueCommand(&lt;function&gt;:124)
	at jdk.nashorn.internal.scripts.Script$Recompilation$44618$3841A$\^function\_.L:1#issueCommand(&lt;function&gt;:124)
	at jdk.nashorn.internal.scripts.Script$Recompilation$44618$3841A$\^function\_.L:1#issueCommand(&lt;function&gt;:124)
	at jdk.nashorn.internal.scripts.Script$Recompilation$44618$3841A$\^function\_.L:1#issueCommand(&lt;function&gt;:124)
	at jdk.nashorn.internal.scripts.Script$Recompilation$44618$3841A$\^function\_.L:1#issueCommand(&lt;function&gt;:124)
	at jdk.nashorn.internal.scripts.Script$Recompilation$44618$3841A$\^function\_.L:1#issueCommand(&lt;function&gt;:124)
	at jdk.nashorn.internal.scripts.Script$Recompilation$44618$3841A$\^function\_.L:1#issueCommand(&lt;function&gt;:124)
	at jdk.nashorn.internal.scripts.Script$Recompilation$44618$3841A$\^function\_.L:1#issueCommand(&lt;function&gt;:124)
	at jdk.nashorn.internal.scripts.Script$Recompilation$44618$3841A$\^function\_.L:1#issueCommand(&lt;function&gt;:124)
	at jdk.nashorn.internal.scripts.Script$Recompilation$44618$3841A$\^function\_.L:1#issueCommand(&lt;function&gt;:124)
	at jdk.nashorn.internal.scripts.Script$Recompilation$44618$3841A$\^function\_.L:1#issueCommand(&lt;function&gt;:124)
	at jdk.nashorn.internal.scripts.Script$Recompilation$44618$3841A$\^function\_.L:1#issueCommand(&lt;function&gt;:124)
	at jdk.nashorn.internal.scripts.Script$Recompilation$44618$3841A$\^function\_.L:1#issueCommand(&lt;function&gt;:124)
	at jdk.nashorn.internal.scripts.Script$Recompilation$44618$3841A$\^function\_.L:1#issueCommand(&lt;function&gt;:124)
	at jdk.nashorn.internal.scripts.Script$Recompilation$44618$3841A$\^function\_.L:1#issueCommand(&lt;function&gt;:124)
	at jdk.nashorn.internal.scripts.Script$Recompilation$44618$3841A$\^function\_.L:1#issueCommand(&lt;function&gt;:124)
	at jdk.nashorn.internal.scripts.Script$Recompilation$44618$3841A$\^function\_.L:1#issueCommand(&lt;function&gt;:124)
	at jdk.nashorn.internal.scripts.Script$Recompilation$44618$3841A$\^function\_.L:1#issueCommand(&lt;function&gt;:124)
	at jdk.nashorn.internal.scripts.Script$Recompilation$44618$3841A$\^function\_.L:1#issueCommand(&lt;function&gt;:124)
	at jdk.nashorn.internal.scripts.Script$Recompilation$44618$3841A$\^function\_.L:1#issueCommand(&lt;function&gt;:124)
	at jdk.nashorn.internal.scripts.Script$Recompilation$44618$3841A$\^function\_.L:1#issueCommand(&lt;function&gt;:124)
	at jdk.nashorn.internal.scripts.Script$Recompilation$44618$3841A$\^function\_.L:1#issueCommand(&lt;function&gt;:124)
	at jdk.nashorn.internal.scripts.Script$Recompilation$44618$3841A$\^function\_.L:1#issueCommand(&lt;function&gt;:124)
	at jdk.nashorn.internal.scripts.Script$Recompilation$44618$3841A$\^function\_.L:1#issueCommand(&lt;function&gt;:124)
	at jdk.nashorn.internal.scripts.Script$Recompilation$44618$3841A$\^function\_.L:1#issueCommand(&lt;function&gt;:124)
	at jdk.nashorn.internal.scripts.Script$Recompilation$44618$3841A$\^function\_.L:1#issueCommand(&lt;function&gt;:124)
	at jdk.nashorn.internal.scripts.Script$Recompilation$44618$3841A$\^function\_.L:1#issueCommand(&lt;function&gt;:124)
	at jdk.nashorn.internal.scripts.Script$Recompilation$44618$3841A$\^function\_.L:1#issueCommand(&lt;function&gt;:124)
	at jdk.nashorn.internal.scripts.Script$Recompilation$44618$3841A$\^function\_.L:1#issueCommand(&lt;function&gt;:124)
	at jdk.nashorn.internal.scripts.Script$Recompilation$44618$3841A$\^function\_.L:1#issueCommand(&lt;function&gt;:124)
	at jdk.nashorn.internal.scripts.Script$Recompilation$44618$3841A$\^function\_.L:1#issueCommand(&lt;function&gt;:124)
	at jdk.nashorn.internal.scripts.Script$Recompilation$44618$3841A$\^function\_.L:1#issueCommand(&lt;function&gt;:124)
	at jdk.nashorn.internal.scripts.Script$Recompilation$44618$3841A$\^function\_.L:1#issueCommand(&lt;function&gt;:124)
	at jdk.nashorn.internal.scripts.Script$Recompilation$44618$3841A$\^function\_.L:1#issueCommand(&lt;function&gt;:124)
	at jdk.nashorn.internal.scripts.Script$Recompilation$44618$3841A$\^function\_.L:1#issueCommand(&lt;function&gt;:124)
	at jdk.nashorn.internal.scripts.Script$Recompilation$44618$3841A$\^function\_.L:1#issueCommand(&lt;function&gt;:124)
	at jdk.nashorn.internal.scripts.Script$Recompilation$44618$3841A$\^function\_.L:1#issueCommand(&lt;function&gt;:124)
	at jdk.nashorn.internal.scripts.Script$Recompilation$44618$3841A$\^function\_.L:1#issueCommand(&lt;function&gt;:124)
	at jdk.nashorn.internal.scripts.Script$Recompilation$44618$3841A$\^function\_.L:1#issueCommand(&lt;function&gt;:124)
	at jdk.nashorn.internal.scripts.Script$Recompilation$44618$3841A$\^function\_.L:1#issueCommand(&lt;function&gt;:124)
	at jdk.nashorn.internal.scripts.Script$Recompilation$44618$3841A$\^function\_.L:1#issueCommand(&lt;function&gt;:124)
	at jdk.nashorn.internal.scripts.Script$Recompilation$44618$3841A$\^function\_.L:1#issueCommand(&lt;function&gt;:124)
	at jdk.nashorn.internal.scripts.Script$Recompilation$44618$3841A$\^function\_.L:1#issueCommand(&lt;function&gt;:124)
	at jdk.nashorn.internal.scripts.Script$Recompilation$44618$3841A$\^function\_.L:1#issueCommand(&lt;function&gt;:124)
	at jdk.nashorn.internal.scripts.Script$Recompilation$44618$3841A$\^function\_.L:1#issueCommand(&lt;function&gt;:124)
	at jdk.nashorn.internal.scripts.Script$Recompilation$44618$3841A$\^function\_.L:1#issueCommand(&lt;function&gt;:124)
	at jdk.nashorn.internal.scripts.Script$Recompilation$44618$3841A$\^function\_.L:1#issueCommand(&lt;function&gt;:124)
	at jdk.nashorn.internal.scripts.Script$Recompilation$44618$3841A$\^function\_.L:1#issueCommand(&lt;function&gt;:124)
	at jdk.nashorn.internal.scripts.Script$Recompilation$44618$3841A$\^function\_.L:1#issueCommand(&lt;function&gt;:124)
	at jdk.nashorn.internal.scripts.Script$Recompilation$44618$3841A$\^function\_.L:1#issueCommand(&lt;function&gt;:124)
	at jdk.nashorn.internal.scripts.Script$Recompilation$44618$3841A$\^function\_.L:1#issueCommand(&lt;function&gt;:124)
	at jdk.nashorn.internal.scripts.Script$Recompilation$44618$3841A$\^function\_.L:1#issueCommand(&lt;function&gt;:124)
	at jdk.nashorn.internal.scripts.Script$Recompilation$44618$3841A$\^function\_.L:1#issueCommand(&lt;function&gt;:124)
	at jdk.nashorn.internal.scripts.Script$Recompilation$44618$3841A$\^function\_.L:1#issueCommand(&lt;function&gt;:124)
	at jdk.nashorn.internal.scripts.Script$Recompilation$44618$3841A$\^function\_.L:1#issueCommand(&lt;function&gt;:124)
	at jdk.nashorn.internal.scripts.Script$Recompilation$44618$3841A$\^function\_.L:1#issueCommand(&lt;function&gt;:124)
	at jdk.nashorn.internal.scripts.Script$Recompilation$44618$3841A$\^function\_.L:1#issueCommand(&lt;function&gt;:124)
	at jdk.nashorn.internal.scripts.Script$Recompilation$44618$3841A$\^function\_.L:1#issueCommand(&lt;function&gt;:124)
	at jdk.nashorn.internal.scripts.Script$Recompilation$44618$3841A$\^function\_.L:1#issueCommand(&lt;function&gt;:124)
	at jdk.nashorn.internal.scripts.Script$Recompilation$44618$3841A$\^function\_.L:1#issueCommand(&lt;function&gt;:124)
	at jdk.nashorn.internal.scripts.Script$Recompilation$44618$3841A$\^function\_.L:1#issueCommand(&lt;function&gt;:124)
	at jdk.nashorn.internal.scripts.Script$Recompilation$44618$3841A$\^function\_.L:1#issueCommand(&lt;function&gt;:124)
	at jdk.nashorn.internal.scripts.Script$Recompilation$44618$3841A$\^function\_.L:1#issueCommand(&lt;function&gt;:124)
	at jdk.nashorn.internal.scripts.Script$Recompilation$44618$3841A$\^function\_.L:1#issueCommand(&lt;function&gt;:124)
	at jdk.nashorn.internal.scripts.Script$Recompilation$44618$3841A$\^function\_.L:1#issueCommand(&lt;function&gt;:124)
	at jdk.nashorn.internal.scripts.Script$Recompilation$44618$3841A$\^function\_.L:1#issueCommand(&lt;function&gt;:124)
	at jdk.nashorn.internal.scripts.Script$Recompilation$44618$3841A$\^function\_.L:1#issueCommand(&lt;function&gt;:124)
	at jdk.nashorn.internal.scripts.Script$Recompilation$44618$3841A$\^function\_.L:1#issueCommand(&lt;function&gt;:124)
	at jdk.nashorn.internal.scripts.Script$Recompilation$44618$3841A$\^function\_.L:1#issueCommand(&lt;function&gt;:124)
	at jdk.nashorn.internal.scripts.Script$Recompilation$44618$3841A$\^function\_.L:1#issueCommand(&lt;function&gt;:124)
	at jdk.nashorn.internal.scripts.Script$Recompilation$44618$3841A$\^function\_.L:1#issueCommand(&lt;function&gt;:124)
	at jdk.nashorn.internal.scripts.Script$Recompilation$44618$3841A$\^function\_.L:1#issueCommand(&lt;function&gt;:124)
	at jdk.nashorn.internal.scripts.Script$Recompilation$44618$3841A$\^function\_.L:1#issueCommand(&lt;function&gt;:124)
	at jdk.nashorn.internal.scripts.Script$Recompilation$44618$3841A$\^function\_.L:1#issueCommand(&lt;function&gt;:124)
	at jdk.nashorn.internal.scripts.Script$Recompilation$44618$3841A$\^function\_.L:1#issueCommand(&lt;function&gt;:124)
	at jdk.nashorn.internal.scripts.Script$Recompilation$44618$3841A$\^function\_.L:1#issueCommand(&lt;function&gt;:124)
	at jdk.nashorn.internal.scripts.Script$Recompilation$44618$3841A$\^function\_.L:1#issueCommand(&lt;function&gt;:124)
	at jdk.nashorn.internal.scripts.Script$Recompilation$44618$3841A$\^function\_.L:1#issueCommand(&lt;function&gt;:124)
	at jdk.nashorn.internal.scripts.Script$Recompilation$44618$3841A$\^function\_.L:1#issueCommand(&lt;function&gt;:124)
	at jdk.nashorn.internal.scripts.Script$Recompilation$44618$3841A$\^function\_.L:1#issueCommand(&lt;function&gt;:124)
	at jdk.nashorn.internal.scripts.Script$Recompilation$44618$3841A$\^function\_.L:1#issueCommand(&lt;function&gt;:124)
	at jdk.nashorn.internal.scripts.Script$Recompilation$44618$3841A$\^function\_.L:1#issueCommand(&lt;function&gt;:124)
	at jdk.nashorn.internal.scripts.Script$Recompilation$44618$3841A$\^function\_.L:1#issueCommand(&lt;function&gt;:124)
	at jdk.nashorn.internal.scripts.Script$Recompilation$44618$3841A$\^function\_.L:1#issueCommand(&lt;function&gt;:124)
	at jdk.nashorn.internal.scripts.Script$Recompilation$44618$3841A$\^function\_.L:1#issueCommand(&lt;function&gt;:124)
	at jdk.nashorn.internal.scripts.Script$Recompilation$44618$3841A$\^function\_.L:1#issueCommand(&lt;function&gt;:124)
	at jdk.nashorn.internal.scripts.Script$Recompilation$44618$3841A$\^function\_.L:1#issueCommand(&lt;function&gt;:124)
	at jdk.nashorn.internal.scripts.Script$Recompilation$44618$3841A$\^function\_.L:1#issueCommand(&lt;function&gt;:124)
	at jdk.nashorn.internal.scripts.Script$Recompilation$44618$3841A$\^function\_.L:1#issueCommand(&lt;function&gt;:124)
	at jdk.nashorn.internal.scripts.Script$Recompilation$44618$3841A$\^function\_.L:1#issueCommand(&lt;function&gt;:124)
	at jdk.nashorn.internal.scripts.Script$Recompilation$44618$3841A$\^function\_.L:1#issueCommand(&lt;function&gt;:124)
	at jdk.nashorn.internal.scripts.Script$Recompilation$44618$3841A$\^function\_.L:1#issueCommand(&lt;function&gt;:124)
	at jdk.nashorn.internal.scripts.Script$Recompilation$44618$3841A$\^function\_.L:1#issueCommand(&lt;function&gt;:124)
	at jdk.nashorn.internal.scripts.Script$Recompilation$44618$3841A$\^function\_.L:1#issueCommand(&lt;function&gt;:124)
	at jdk.nashorn.internal.scripts.Script$Recompilation$44618$3841A$\^function\_.L:1#issueCommand(&lt;function&gt;:124)
	at jdk.nashorn.internal.scripts.Script$Recompilation$44618$3841A$\^function\_.L:1#issueCommand(&lt;function&gt;:124)
	at jdk.nashorn.internal.scripts.Script$Recompilation$44618$3841A$\^function\_.L:1#issueCommand(&lt;function&gt;:124)
	at jdk.nashorn.internal.scripts.Script$Recompilation$44618$3841A$\^function\_.L:1#issueCommand(&lt;function&gt;:124)
	at jdk.nashorn.internal.scripts.Script$Recompilation$44618$3841A$\^function\_.L:1#issueCommand(&lt;function&gt;:124)
	at jdk.nashorn.internal.scripts.Script$Recompilation$44618$3841A$\^function\_.L:1#issueCommand(&lt;function&gt;:124)
	at jdk.nashorn.internal.scripts.Script$Recompilation$44618$3841A$\^function\_.L:1#issueCommand(&lt;function&gt;:124)
	at jdk.nashorn.internal.scripts.Script$Recompilation$44618$3841A$\^function\_.L:1#issueCommand(&lt;function&gt;:124)
	at jdk.nashorn.internal.scripts.Script$Recompilation$44618$3841A$\^function\_.L:1#issueCommand(&lt;function&gt;:124)
	at jdk.nashorn.internal.scripts.Script$Recompilation$44618$3841A$\^function\_.L:1#issueCommand(&lt;function&gt;:124)
	at jdk.nashorn.internal.scripts.Script$Recompilation$44618$3841A$\^function\_.L:1#issueCommand(&lt;function&gt;:124)
	at jdk.nashorn.internal.scripts.Script$Recompilation$44618$3841A$\^function\_.L:1#issueCommand(&lt;function&gt;:124)
	at jdk.nashorn.internal.scripts.Script$Recompilation$44618$3841A$\^function\_.L:1#issueCommand(&lt;function&gt;:124)
	at jdk.nashorn.internal.scripts.Script$Recompilation$44618$3841A$\^function\_.L:1#issueCommand(&lt;function&gt;:124)
	at jdk.nashorn.internal.scripts.Script$Recompilation$44618$3841A$\^function\_.L:1#issueCommand(&lt;function&gt;:124)
	at jdk.nashorn.internal.scripts.Script$Recompilation$44618$3841A$\^function\_.L:1#issueCommand(&lt;function&gt;:124)
	at jdk.nashorn.internal.scripts.Script$Recompilation$44618$3841A$\^function\_.L:1#issueCommand(&lt;function&gt;:124)
	at jdk.nashorn.internal.scripts.Script$Recompilation$44618$3841A$\^function\_.L:1#issueCommand(&lt;function&gt;:124)
	at jdk.nashorn.internal.scripts.Script$Recompilation$44618$3841A$\^function\_.L:1#issueCommand(&lt;function&gt;:124)
	at jdk.nashorn.internal.scripts.Script$Recompilation$44618$3841A$\^function\_.L:1#issueCommand(&lt;function&gt;:124)
	at jdk.nashorn.internal.scripts.Script$Recompilation$44618$3841A$\^function\_.L:1#issueCommand(&lt;function&gt;:124)
	at jdk.nashorn.internal.scripts.Script$Recompilation$44618$3841A$\^function\_.L:1#issueCommand(&lt;function&gt;:124)
	at jdk.nashorn.internal.scripts.Script$Recompilation$44618$3841A$\^function\_.L:1#issueCommand(&lt;function&gt;:124)
	at jdk.nashorn.internal.scripts.Script$Recompilation$44618$3841A$\^function\_.L:1#issueCommand(&lt;function&gt;:124)
	at jdk.nashorn.internal.scripts.Script$Recompilation$44618$3841A$\^function\_.L:1#issueCommand(&lt;function&gt;:124)
	at jdk.nashorn.internal.scripts.Script$Recompilation$44618$3841A$\^function\_.L:1#issueCommand(&lt;function&gt;:124)
	at jdk.nashorn.internal.scripts.Script$Recompilation$44618$3841A$\^function\_.L:1#issueCommand(&lt;function&gt;:124)
	at jdk.nashorn.internal.scripts.Script$Recompilation$44618$3841A$\^function\_.L:1#issueCommand(&lt;function&gt;:124)
	at jdk.nashorn.internal.scripts.Script$Recompilation$44618$3841A$\^function\_.L:1#issueCommand(&lt;function&gt;:124)
	at jdk.nashorn.internal.scripts.Script$Recompilation$44618$3841A$\^function\_.L:1#issueCommand(&lt;function&gt;:124)
	at jdk.nashorn.internal.scripts.Script$Recompilation$44618$3841A$\^function\_.L:1#issueCommand(&lt;function&gt;:124)
	at jdk.nashorn.internal.scripts.Script$Recompilation$44618$3841A$\^function\_.L:1#issueCommand(&lt;function&gt;:124)
	at jdk.nashorn.internal.scripts.Script$Recompilation$44618$3841A$\^function\_.L:1#issueCommand(&lt;function&gt;:124)
	at jdk.nashorn.internal.scripts.Script$Recompilation$44618$3841A$\^function\_.L:1#issueCommand(&lt;function&gt;:124)
	at jdk.nashorn.internal.scripts.Script$Recompilation$44618$3841A$\^function\_.L:1#issueCommand(&lt;function&gt;:124)
	at jdk.nashorn.internal.scripts.Script$Recompilation$44618$3841A$\^function\_.L:1#issueCommand(&lt;function&gt;:124)
	at jdk.nashorn.internal.scripts.Script$Recompilation$44618$3841A$\^function\_.L:1#issueCommand(&lt;function&gt;:124)
	at jdk.nashorn.internal.scripts.Script$Recompilation$44618$3841A$\^function\_.L:1#issueCommand(&lt;function&gt;:124)
	at jdk.nashorn.internal.scripts.Script$Recompilation$44618$3841A$\^function\_.L:1#issueCommand(&lt;function&gt;:124)
	at jdk.nashorn.internal.scripts.Script$Recompilation$44618$3841A$\^function\_.L:1#issueCommand(&lt;function&gt;:124)
	at jdk.nashorn.internal.scripts.Script$Recompilation$44618$3841A$\^function\_.L:1#issueCommand(&lt;function&gt;:124)
	at jdk.nashorn.internal.scripts.Script$Recompilation$44618$3841A$\^function\_.L:1#issueCommand(&lt;function&gt;:124)
	at jdk.nashorn.internal.scripts.Script$Recompilation$44618$3841A$\^function\_.L:1#issueCommand(&lt;function&gt;:124)
	at jdk.nashorn.internal.scripts.Script$Recompilation$44618$3841A$\^function\_.L:1#issueCommand(&lt;function&gt;:124)
	at jdk.nashorn.internal.scripts.Script$Recompilation$44618$3841A$\^function\_.L:1#issueCommand(&lt;function&gt;:124)
	at jdk.nashorn.internal.scripts.Script$Recompilation$44618$3841A$\^function\_.L:1#issueCommand(&lt;function&gt;:124)
	at jdk.nashorn.internal.scripts.Script$Recompilation$44618$3841A$\^function\_.L:1#issueCommand(&lt;function&gt;:124)
	at jdk.nashorn.internal.scripts.Script$Recompilation$44618$3841A$\^function\_.L:1#issueCommand(&lt;function&gt;:124)
	at jdk.nashorn.internal.scripts.Script$Recompilation$44618$3841A$\^function\_.L:1#issueCommand(&lt;function&gt;:124)
	at jdk.nashorn.internal.scripts.Script$Recompilation$44618$3841A$\^function\_.L:1#issueCommand(&lt;function&gt;:124)
	at jdk.nashorn.internal.scripts.Script$Recompilation$44618$3841A$\^function\_.L:1#issueCommand(&lt;function&gt;:124)
	at jdk.nashorn.internal.scripts.Script$Recompilation$44618$3841A$\^function\_.L:1#issueCommand(&lt;function&gt;:124)
	at jdk.nashorn.internal.scripts.Script$Recompilation$44618$3841A$\^function\_.L:1#issueCommand(&lt;function&gt;:124)
	at jdk.nashorn.internal.scripts.Script$Recompilation$44618$3841A$\^function\_.L:1#issueCommand(&lt;function&gt;:124)
	at jdk.nashorn.internal.scripts.Script$Recompilation$44618$3841A$\^function\_.L:1#issueCommand(&lt;function&gt;:124)
	at jdk.nashorn.internal.scripts.Script$Recompilation$44618$3841A$\^function\_.L:1#issueCommand(&lt;function&gt;:124)
	at jdk.nashorn.internal.scripts.Script$Recompilation$44618$3841A$\^function\_.L:1#issueCommand(&lt;function&gt;:124)
	at jdk.nashorn.internal.scripts.Script$Recompilation$44618$3841A$\^function\_.L:1#issueCommand(&lt;function&gt;:124)
	at jdk.nashorn.internal.scripts.Script$Recompilation$44618$3841A$\^function\_.L:1#issueCommand(&lt;function&gt;:124)
	at jdk.nashorn.internal.scripts.Script$Recompilation$44618$3841A$\^function\_.L:1#issueCommand(&lt;function&gt;:124)
	at jdk.nashorn.internal.scripts.Script$Recompilation$44618$3841A$\^function\_.L:1#issueCommand(&lt;function&gt;:124)
	at jdk.nashorn.internal.scripts.Script$Recompilation$44618$3841A$\^function\_.L:1#issueCommand(&lt;function&gt;:124)
	at jdk.nashorn.internal.scripts.Script$Recompilation$44618$3841A$\^function\_.L:1#issueCommand(&lt;function&gt;:124)
	at jdk.nashorn.internal.scripts.Script$Recompilation$44618$3841A$\^function\_.L:1#issueCommand(&lt;function&gt;:124)
	at jdk.nashorn.internal.scripts.Script$Recompilation$44618$3841A$\^function\_.L:1#issueCommand(&lt;function&gt;:124)
	at jdk.nashorn.internal.scripts.Script$Recompilation$44618$3841A$\^function\_.L:1#issueCommand(&lt;function&gt;:124)
	at jdk.nashorn.internal.scripts.Script$Recompilation$44618$3841A$\^function\_.L:1#issueCommand(&lt;function&gt;:124)
	at jdk.nashorn.internal.scripts.Script$Recompilation$44618$3841A$\^function\_.L:1#issueCommand(&lt;function&gt;:124)
	at jdk.nashorn.internal.scripts.Script$Recompilation$44618$3841A$\^function\_.L:1#issueCommand(&lt;function&gt;:124)
	at jdk.nashorn.internal.scripts.Script$Recompilation$44618$3841A$\^function\_.L:1#issueCommand(&lt;function&gt;:124)
	at jdk.nashorn.internal.scripts.Script$Recompilation$44618$3841A$\^function\_.L:1#issueCommand(&lt;function&gt;:124)
	at jdk.nashorn.internal.scripts.Script$Recompilation$44618$3841A$\^function\_.L:1#issueCommand(&lt;function&gt;:124)
	at jdk.nashorn.internal.scripts.Script$Recompilation$44618$3841A$\^function\_.L:1#issueCommand(&lt;function&gt;:124)
	at jdk.nashorn.internal.scripts.Script$Recompilation$44618$3841A$\^function\_.L:1#issueCommand(&lt;function&gt;:124)
	at jdk.nashorn.internal.scripts.Script$Recompilation$44618$3841A$\^function\_.L:1#issueCommand(&lt;function&gt;:124)
	at jdk.nashorn.internal.scripts.Script$Recompilation$44618$3841A$\^function\_.L:1#issueCommand(&lt;function&gt;:124)
	at jdk.nashorn.internal.scripts.Script$Recompilation$44618$3841A$\^function\_.L:1#issueCommand(&lt;function&gt;:124)
	at jdk.nashorn.internal.scripts.Script$Recompilation$44618$3841A$\^function\_.L:1#issueCommand(&lt;function&gt;:124)
	at jdk.nashorn.internal.scripts.Script$Recompilation$44618$3841A$\^function\_.L:1#issueCommand(&lt;function&gt;:124)
	at jdk.nashorn.internal.scripts.Script$Recompilation$44618$3841A$\^function\_.L:1#issueCommand(&lt;function&gt;:124)
	at jdk.nashorn.internal.scripts.Script$Recompilation$44618$3841A$\^function\_.L:1#issueCommand(&lt;function&gt;:124)
	at jdk.nashorn.internal.scripts.Script$Recompilation$44618$3841A$\^function\_.L:1#issueCommand(&lt;function&gt;:124)
	at jdk.nashorn.internal.scripts.Script$Recompilation$44618$3841A$\^function\_.L:1#issueCommand(&lt;function&gt;:124)
	at jdk.nashorn.internal.scripts.Script$Recompilation$44618$3841A$\^function\_.L:1#issueCommand(&lt;function&gt;:124)
	at jdk.nashorn.internal.scripts.Script$Recompilation$44618$3841A$\^function\_.L:1#issueCommand(&lt;function&gt;:124)
	at jdk.nashorn.internal.scripts.Script$Recompilation$44618$3841A$\^function\_.L:1#issueCommand(&lt;function&gt;:124)
	at jdk.nashorn.internal.scripts.Script$Recompilation$44618$3841A$\^function\_.L:1#issueCommand(&lt;function&gt;:124)
	at jdk.nashorn.internal.scripts.Script$Recompilation$44618$3841A$\^function\_.L:1#issueCommand(&lt;function&gt;:124)
	at jdk.nashorn.internal.scripts.Script$Recompilation$44618$3841A$\^function\_.L:1#issueCommand(&lt;function&gt;:124)
	at jdk.nashorn.internal.scripts.Script$Recompilation$44618$3841A$\^function\_.L:1#issueCommand(&lt;function&gt;:124)
	at jdk.nashorn.internal.scripts.Script$Recompilation$44618$3841A$\^function\_.L:1#issueCommand(&lt;function&gt;:124)
	at jdk.nashorn.internal.scripts.Script$Recompilation$44618$3841A$\^function\_.L:1#issueCommand(&lt;function&gt;:124)
	at jdk.nashorn.internal.scripts.Script$Recompilation$44618$3841A$\^function\_.L:1#issueCommand(&lt;function&gt;:124)
	at jdk.nashorn.internal.scripts.Script$Recompilation$44618$3841A$\^function\_.L:1#issueCommand(&lt;function&gt;:124)
	at jdk.nashorn.internal.scripts.Script$Recompilation$44618$3841A$\^function\_.L:1#issueCommand(&lt;function&gt;:124)
	at jdk.nashorn.internal.scripts.Script$Recompilation$44618$3841A$\^function\_.L:1#issueCommand(&lt;function&gt;:124)
	at jdk.nashorn.internal.scripts.Script$Recompilation$44618$3841A$\^function\_.L:1#issueCommand(&lt;function&gt;:124)
	at jdk.nashorn.internal.scripts.Script$Recompilation$44618$3841A$\^function\_.L:1#issueCommand(&lt;function&gt;:124)
	at jdk.nashorn.internal.scripts.Script$Recompilation$44618$3841A$\^function\_.L:1#issueCommand(&lt;function&gt;:124)
	at jdk.nashorn.internal.scripts.Script$Recompilation$44618$3841A$\^function\_.L:1#issueCommand(&lt;function&gt;:124)
	at jdk.nashorn.internal.scripts.Script$Recompilation$44618$3841A$\^function\_.L:1#issueCommand(&lt;function&gt;:124)
	at jdk.nashorn.internal.scripts.Script$Recompilation$44618$3841A$\^function\_.L:1#issueCommand(&lt;function&gt;:124)
	at jdk.nashorn.internal.scripts.Script$Recompilation$44618$3841A$\^function\_.L:1#issueCommand(&lt;function&gt;:124)
	at jdk.nashorn.internal.scripts.Script$Recompilation$44618$3841A$\^function\_.L:1#issueCommand(&lt;function&gt;:124)
	at jdk.nashorn.internal.scripts.Script$Recompilation$44618$3841A$\^function\_.L:1#issueCommand(&lt;function&gt;:124)
	at jdk.nashorn.internal.scripts.Script$Recompilation$44618$3841A$\^function\_.L:1#issueCommand(&lt;function&gt;:124)
	at jdk.nashorn.internal.scripts.Script$Recompilation$44618$3841A$\^function\_.L:1#issueCommand(&lt;function&gt;:124)
	at jdk.nashorn.internal.scripts.Script$Recompilation$44618$3841A$\^function\_.L:1#issueCommand(&lt;function&gt;:124)
	at jdk.nashorn.internal.scripts.Script$Recompilation$44618$3841A$\^function\_.L:1#issueCommand(&lt;function&gt;:124)
	at jdk.nashorn.internal.scripts.Script$Recompilation$44618$3841A$\^function\_.L:1#issueCommand(&lt;function&gt;:124)
	at jdk.nashorn.internal.scripts.Script$Recompilation$44618$3841A$\^function\_.L:1#issueCommand(&lt;function&gt;:124)
	at jdk.nashorn.internal.scripts.Script$Recompilation$44618$3841A$\^function\_.L:1#issueCommand(&lt;function&gt;:124)
	at jdk.nashorn.internal.scripts.Script$Recompilation$44618$3841A$\^function\_.L:1#issueCommand(&lt;function&gt;:124)
	at jdk.nashorn.internal.scripts.Script$Recompilation$44618$3841A$\^function\_.L:1#issueCommand(&lt;function&gt;:124)
	at jdk.nashorn.internal.scripts.Script$Recompilation$44618$3841A$\^function\_.L:1#issueCommand(&lt;function&gt;:124)
	at jdk.nashorn.internal.scripts.Script$Recompilation$44618$3841A$\^function\_.L:1#issueCommand(&lt;function&gt;:124)
	at jdk.nashorn.internal.scripts.Script$Recompilation$44618$3841A$\^function\_.L:1#issueCommand(&lt;function&gt;:124)
	at jdk.nashorn.internal.scripts.Script$Recompilation$44618$3841A$\^function\_.L:1#issueCommand(&lt;function&gt;:124)
	at jdk.nashorn.internal.scripts.Script$Recompilation$44618$3841A$\^function\_.L:1#issueCommand(&lt;function&gt;:124)
	at jdk.nashorn.internal.scripts.Script$Recompilation$44618$3841A$\^function\_.L:1#issueCommand(&lt;function&gt;:124)
	at jdk.nashorn.internal.scripts.Script$Recompilation$44618$3841A$\^function\_.L:1#issueCommand(&lt;function&gt;:124)
	at jdk.nashorn.internal.scripts.Script$Recompilation$44618$3841A$\^function\_.L:1#issueCommand(&lt;function&gt;:124)
	at jdk.nashorn.internal.scripts.Script$Recompilation$44618$3841A$\^function\_.L:1#issueCommand(&lt;function&gt;:124)
	at jdk.nashorn.internal.scripts.Script$Recompilation$44618$3841A$\^function\_.L:1#issueCommand(&lt;function&gt;:124)
	at jdk.nashorn.internal.scripts.Script$Recompilation$44618$3841A$\^function\_.L:1#issueCommand(&lt;function&gt;:124)
	at jdk.nashorn.internal.scripts.Script$Recompilation$44618$3841A$\^function\_.L:1#issueCommand(&lt;function&gt;:124)
	at jdk.nashorn.internal.scripts.Script$Recompilation$44618$3841A$\^function\_.L:1#issueCommand(&lt;function&gt;:124)
	at jdk.nashorn.internal.scripts.Script$Recompilation$44618$3841A$\^function\_.L:1#issueCommand(&lt;function&gt;:124)
	at jdk.nashorn.internal.scripts.Script$Recompilation$44618$3841A$\^function\_.L:1#issueCommand(&lt;function&gt;:124)
	at jdk.nashorn.internal.scripts.Script$Recompilation$44618$3841A$\^function\_.L:1#issueCommand(&lt;function&gt;:124)
	at jdk.nashorn.internal.scripts.Script$Recompilation$44618$3841A$\^function\_.L:1#issueCommand(&lt;function&gt;:124)
	at jdk.nashorn.internal.scripts.Script$Recompilation$44618$3841A$\^function\_.L:1#issueCommand(&lt;function&gt;:124)
	at jdk.nashorn.internal.scripts.Script$Recompilation$44618$3841A$\^function\_.L:1#issueCommand(&lt;function&gt;:124)
	at jdk.nashorn.internal.scripts.Script$Recompilation$44618$3841A$\^function\_.L:1#issueCommand(&lt;function&gt;:124)
	at jdk.nashorn.internal.scripts.Script$Recompilation$44618$3841A$\^function\_.L:1#issueCommand(&lt;function&gt;:124)
	at jdk.nashorn.internal.scripts.Script$Recompilation$44618$3841A$\^function\_.L:1#issueCommand(&lt;function&gt;:124)
	at jdk.nashorn.internal.scripts.Script$Recompilation$44618$3841A$\^function\_.L:1#issueCommand(&lt;function&gt;:124)
	at jdk.nashorn.internal.scripts.Script$Recompilation$44618$3841A$\^function\_.L:1#issueCommand(&lt;function&gt;:124)
	at jdk.nashorn.internal.scripts.Script$Recompilation$44618$3841A$\^function\_.L:1#issueCommand(&lt;function&gt;:124)
	at jdk.nashorn.internal.scripts.Script$Recompilation$44618$3841A$\^function\_.L:1#issueCommand(&lt;function&gt;:124)
	at jdk.nashorn.internal.scripts.Script$Recompilation$44618$3841A$\^function\_.L:1#issueCommand(&lt;function&gt;:124)
	at jdk.nashorn.internal.scripts.Script$Recompilation$44618$3841A$\^function\_.L:1#issueCommand(&lt;function&gt;:124)
	at jdk.nashorn.internal.scripts.Script$Recompilation$44618$3841A$\^function\_.L:1#issueCommand(&lt;function&gt;:124)
	at jdk.nashorn.internal.scripts.Script$Recompilation$44618$3841A$\^function\_.L:1#issueCommand(&lt;function&gt;:124)
	at jdk.nashorn.internal.scripts.Script$Recompilation$44618$3841A$\^function\_.L:1#issueCommand(&lt;function&gt;:124)
	at jdk.nashorn.internal.scripts.Script$Recompilation$44618$3841A$\^function\_.L:1#issueCommand(&lt;function&gt;:124)
	at jdk.nashorn.internal.scripts.Script$Recompilation$44618$3841A$\^function\_.L:1#issueCommand(&lt;function&gt;:124)
	at jdk.nashorn.internal.scripts.Script$Recompilation$44618$3841A$\^function\_.L:1#issueCommand(&lt;function&gt;:124)
	at jdk.nashorn.internal.scripts.Script$Recompilation$44618$3841A$\^function\_.L:1#issueCommand(&lt;function&gt;:124)
	at jdk.nashorn.internal.scripts.Script$Recompilation$44618$3841A$\^function\_.L:1#issueCommand(&lt;function&gt;:124)
	at jdk.nashorn.internal.scripts.Script$Recompilation$44618$3841A$\^function\_.L:1#issueCommand(&lt;function&gt;:124)
	at jdk.nashorn.internal.scripts.Script$Recompilation$44618$3841A$\^function\_.L:1#issueCommand(&lt;function&gt;:124)
	at jdk.nashorn.internal.scripts.Script$Recompilation$44618$3841A$\^function\_.L:1#issueCommand(&lt;function&gt;:124)
	at jdk.nashorn.internal.scripts.Script$Recompilation$44618$3841A$\^function\_.L:1#issueCommand(&lt;function&gt;:124)
	at jdk.nashorn.internal.scripts.Script$Recompilation$44618$3841A$\^function\_.L:1#issueCommand(&lt;function&gt;:124)
	at jdk.nashorn.internal.scripts.Script$Recompilation$44618$3841A$\^function\_.L:1#issueCommand(&lt;function&gt;:124)
	at jdk.nashorn.internal.scripts.Script$Recompilation$44618$3841A$\^function\_.L:1#issueCommand(&lt;function&gt;:124)
	at jdk.nashorn.internal.scripts.Script$Recompilation$44618$3841A$\^function\_.L:1#issueCommand(&lt;function&gt;:124)
	at jdk.nashorn.internal.scripts.Script$Recompilation$44618$3841A$\^function\_.L:1#issueCommand(&lt;function&gt;:124)
	at jdk.nashorn.internal.scripts.Script$Recompilation$44618$3841A$\^function\_.L:1#issueCommand(&lt;function&gt;:124)
	at jdk.nashorn.internal.scripts.Script$Recompilation$44618$3841A$\^function\_.L:1#issueCommand(&lt;function&gt;:124)
	at jdk.nashorn.internal.scripts.Script$Recompilation$44618$3841A$\^function\_.L:1#issueCommand(&lt;function&gt;:124)
	at jdk.nashorn.internal.scripts.Script$Recompilation$44618$3841A$\^function\_.L:1#issueCommand(&lt;function&gt;:124)
	at jdk.nashorn.internal.scripts.Script$Recompilation$44618$3841A$\^function\_.L:1#issueCommand(&lt;function&gt;:124)
	at jdk.nashorn.internal.scripts.Script$Recompilation$44618$3841A$\^function\_.L:1#issueCommand(&lt;function&gt;:124)
	at jdk.nashorn.internal.scripts.Script$Recompilation$44618$3841A$\^function\_.L:1#issueCommand(&lt;function&gt;:124)
	at jdk.nashorn.internal.scripts.Script$Recompilation$44618$3841A$\^function\_.L:1#issueCommand(&lt;function&gt;:124)
	at jdk.nashorn.internal.scripts.Script$Recompilation$44618$3841A$\^function\_.L:1#issueCommand(&lt;function&gt;:124)
	at jdk.nashorn.internal.scripts.Script$Recompilation$44618$3841A$\^function\_.L:1#issueCommand(&lt;function&gt;:124)
	at jdk.nashorn.internal.scripts.Script$Recompilation$44618$3841A$\^function\_.L:1#issueCommand(&lt;function&gt;:124)
	at jdk.nashorn.internal.scripts.Script$Recompilation$44618$3841A$\^function\_.L:1#issueCommand(&lt;function&gt;:124)
	at jdk.nashorn.internal.scripts.Script$Recompilation$44618$3841A$\^function\_.L:1#issueCommand(&lt;function&gt;:124)
	at jdk.nashorn.internal.scripts.Script$Recompilation$44618$3841A$\^function\_.L:1#issueCommand(&lt;function&gt;:124)
	at jdk.nashorn.internal.scripts.Script$Recompilation$44618$3841A$\^function\_.L:1#issueCommand(&lt;function&gt;:124)
	at jdk.nashorn.internal.scripts.Script$Recompilation$44618$3841A$\^function\_.L:1#issueCommand(&lt;function&gt;:124)
	at jdk.nashorn.internal.scripts.Script$Recompilation$44618$3841A$\^function\_.L:1#issueCommand(&lt;function&gt;:124)
	at jdk.nashorn.internal.scripts.Script$Recompilation$44618$3841A$\^function\_.L:1#issueCommand(&lt;function&gt;:124)
	at jdk.nashorn.internal.scripts.Script$Recompilation$44618$3841A$\^function\_.L:1#issueCommand(&lt;function&gt;:124)
	at jdk.nashorn.internal.scripts.Script$Recompilation$44618$3841A$\^function\_.L:1#issueCommand(&lt;function&gt;:124)
	at jdk.nashorn.internal.scripts.Script$Recompilation$44618$3841A$\^function\_.L:1#issueCommand(&lt;function&gt;:124)
	at jdk.nashorn.internal.scripts.Script$Recompilation$44618$3841A$\^function\_.L:1#issueCommand(&lt;function&gt;:124)
	at jdk.nashorn.internal.scripts.Script$Recompilation$44618$3841A$\^function\_.L:1#issueCommand(&lt;function&gt;:124)
	at jdk.nashorn.internal.scripts.Script$Recompilation$44618$3841A$\^function\_.L:1#issueCommand(&lt;function&gt;:124)
	at jdk.nashorn.internal.scripts.Script$Recompilation$44618$3841A$\^function\_.L:1#issueCommand(&lt;function&gt;:124)
	at jdk.nashorn.internal.scripts.Script$Recompilation$44618$3841A$\^function\_.L:1#issueCommand(&lt;function&gt;:124)
	at jdk.nashorn.internal.scripts.Script$Recompilation$44618$3841A$\^function\_.L:1#issueCommand(&lt;function&gt;:124)
	at jdk.nashorn.internal.scripts.Script$Recompilation$44618$3841A$\^function\_.L:1#issueCommand(&lt;function&gt;:124)
	at jdk.nashorn.internal.scripts.Script$Recompilation$44618$3841A$\^function\_.L:1#issueCommand(&lt;function&gt;:124)
	at jdk.nashorn.internal.scripts.Script$Recompilation$44618$3841A$\^function\_.L:1#issueCommand(&lt;function&gt;:124)
	at jdk.nashorn.internal.scripts.Script$Recompilation$44618$3841A$\^function\_.L:1#issueCommand(&lt;function&gt;:124)
	at jdk.nashorn.internal.scripts.Script$Recompilation$44618$3841A$\^function\_.L:1#issueCommand(&lt;function&gt;:124)
	at jdk.nashorn.internal.scripts.Script$Recompilation$44618$3841A$\^function\_.L:1#issueCommand(&lt;function&gt;:124)
	at jdk.nashorn.internal.scripts.Script$Recompilation$44618$3841A$\^function\_.L:1#issueCommand(&lt;function&gt;:124)
	at jdk.nashorn.internal.scripts.Script$Recompilation$44618$3841A$\^function\_.L:1#issueCommand(&lt;function&gt;:124)
	at jdk.nashorn.internal.scripts.Script$Recompilation$44618$3841A$\^function\_.L:1#issueCommand(&lt;function&gt;:124)
	at jdk.nashorn.internal.scripts.Script$Recompilation$44618$3841A$\^function\_.L:1#issueCommand(&lt;function&gt;:124)
	at jdk.nashorn.internal.scripts.Script$Recompilation$44618$3841A$\^function\_.L:1#issueCommand(&lt;function&gt;:124)
	at jdk.nashorn.internal.scripts.Script$Recompilation$44618$3841A$\^function\_.L:1#issueCommand(&lt;function&gt;:124)
	at jdk.nashorn.internal.scripts.Script$Recompilation$44618$3841A$\^function\_.L:1#issueCommand(&lt;function&gt;:124)
	at jdk.nashorn.internal.scripts.Script$Recompilation$44618$3841A$\^function\_.L:1#issueCommand(&lt;function&gt;:124)
	at jdk.nashorn.internal.scripts.Script$Recompilation$44618$3841A$\^function\_.L:1#issueCommand(&lt;function&gt;:124)
	at jdk.nashorn.internal.scripts.Script$Recompilation$44618$3841A$\^function\_.L:1#issueCommand(&lt;function&gt;:124)
	at jdk.nashorn.internal.scripts.Script$Recompilation$44618$3841A$\^function\_.L:1#issueCommand(&lt;function&gt;:124)
	at jdk.nashorn.internal.scripts.Script$Recompilation$44618$3841A$\^function\_.L:1#issueCommand(&lt;function&gt;:124)
	at jdk.nashorn.internal.scripts.Script$Recompilation$44618$3841A$\^function\_.L:1#issueCommand(&lt;function&gt;:124)
	at jdk.nashorn.internal.scripts.Script$Recompilation$44618$3841A$\^function\_.L:1#issueCommand(&lt;function&gt;:124)
	at jdk.nashorn.internal.scripts.Script$Recompilation$44618$3841A$\^function\_.L:1#issueCommand(&lt;function&gt;:124)
	at jdk.nashorn.internal.scripts.Script$Recompilation$44618$3841A$\^function\_.L:1#issueCommand(&lt;function&gt;:124)
	at jdk.nashorn.internal.scripts.Script$Recompilation$44618$3841A$\^function\_.L:1#issueCommand(&lt;function&gt;:124)
	at jdk.nashorn.internal.scripts.Script$Recompilation$44618$3841A$\^function\_.L:1#issueCommand(&lt;function&gt;:124)
	at jdk.nashorn.internal.scripts.Script$Recompilation$44618$3841A$\^function\_.L:1#issueCommand(&lt;function&gt;:124)
	at jdk.nashorn.internal.scripts.Script$Recompilation$44618$3841A$\^function\_.L:1#issueCommand(&lt;function&gt;:124)
	at jdk.nashorn.internal.scripts.Script$Recompilation$44618$3841A$\^function\_.L:1#issueCommand(&lt;function&gt;:124)
	at jdk.nashorn.internal.scripts.Script$Recompilation$44618$3841A$\^function\_.L:1#issueCommand(&lt;function&gt;:124)
 in /home/travis/build/icyphy/ptII/ptolemy/actor/lib/jjs/external/require.js#409:30&lt;eval&gt; at line number 1736 at column number 24
  in .SemanticYelpSensorUpdateExample.SemanticYelpSearch
Because:
Error: commonHost.js, react(), invoking a specific handler for &quot;trigger&quot;: Exception occurred in input handler for accessor SemanticYelpSearch, which has now has been removed.  Exception was: java.lang.StackOverflowError Stacktrace was: 
java.lang.StackOverflowError
	at jdk.nashorn.internal.runtime.AccessorProperty.getObjectValue(AccessorProperty.java:417)
	at jdk.nashorn.internal.runtime.FindProperty.getObjectValue(FindProperty.java:229)
	at jdk.nashorn.internal.runtime.ScriptObject.get(ScriptObject.java:2860)
	at jdk.nashorn.internal.runtime.ScriptObject.get(ScriptObject.java:2877)
	at jdk.nashorn.internal.scripts.Script$Recompilation$44872$56054A$require.L:1#get(/home/travis/build/icyphy/ptII/ptolemy/actor/lib/jjs/external/require.js#409:30&lt;eval&gt;:1245)
	at jdk.nashorn.internal.scripts.Script$Recompilation$44618$3841A$\^function\_.L:1#issueCommand(&lt;function&gt;:116)
	at jdk.nashorn.internal.scripts.Script$Recompilation$44618$3841A$\^function\_.L:1#issueCommand(&lt;function&gt;:124)
	at jdk.nashorn.internal.scripts.Script$Recompilation$44618$3841A$\^function\_.L:1#issueCommand(&lt;function&gt;:124)
	at jdk.nashorn.internal.scripts.Script$Recompilation$44618$3841A$\^function\_.L:1#issueCommand(&lt;function&gt;:124)
	at jdk.nashorn.internal.scripts.Script$Recompilation$44618$3841A$\^function\_.L:1#issueCommand(&lt;function&gt;:124)
	at jdk.nashorn.internal.scripts.Script$Recompilation$44618$3841A$\^function\_.L:1#issueCommand(&lt;function&gt;:124)
	at jdk.nashorn.internal.scripts.Script$Recompilation$44618$3841A$\^function\_.L:1#issueCommand(&lt;function&gt;:124)
	at jdk.nashorn.internal.scripts.Script$Recompilation$44618$3841A$\^function\_.L:1#issueCommand(&lt;function&gt;:124)
	at jdk.nashorn.internal.scripts.Script$Recompilation$44618$3841A$\^function\_.L:1#issueCommand(&lt;function&gt;:124)
	at jdk.nashorn.internal.scripts.Script$Recompilation$44618$3841A$\^function\_.L:1#issueCommand(&lt;function&gt;:124)
	at jdk.nashorn.internal.scripts.Script$Recompilation$44618$3841A$\^function\_.L:1#issueCommand(&lt;function&gt;:124)
	at jdk.nashorn.internal.scripts.Script$Recompilation$44618$3841A$\^function\_.L:1#issueCommand(&lt;function&gt;:124)
	at jdk.nashorn.internal.scripts.Script$Recompilation$44618$3841A$\^function\_.L:1#issueCommand(&lt;function&gt;:124)
	at jdk.nashorn.internal.scripts.Script$Recompilation$44618$3841A$\^function\_.L:1#issueCommand(&lt;function&gt;:124)
	at jdk.nashorn.internal.scripts.Script$Recompilation$44618$3841A$\^function\_.L:1#issueCommand(&lt;function&gt;:124)
	at jdk.nashorn.internal.scripts.Script$Recompilation$44618$3841A$\^function\_.L:1#issueCommand(&lt;function&gt;:124)
	at jdk.nashorn.internal.scripts.Script$Recompilation$44618$3841A$\^function\_.L:1#issueCommand(&lt;function&gt;:124)
	at jdk.nashorn.internal.scripts.Script$Recompilation$44618$3841A$\^function\_.L:1#issueCommand(&lt;function&gt;:124)
	at jdk.nashorn.internal.scripts.Script$Recompilation$44618$3841A$\^function\_.L:1#issueCommand(&lt;function&gt;:124)
	at jdk.nashorn.internal.scripts.Script$Recompilation$44618$3841A$\^function\_.L:1#issueCommand(&lt;function&gt;:124)
	at jdk.nashorn.internal.scripts.Script$Recompilation$44618$3841A$\^function\_.L:1#issueCommand(&lt;function&gt;:124)
	at jdk.nashorn.internal.scripts.Script$Recompilation$44618$3841A$\^function\_.L:1#issueCommand(&lt;function&gt;:124)
	at jdk.nashorn.internal.scripts.Script$Recompilation$44618$3841A$\^function\_.L:1#issueCommand(&lt;function&gt;:124)
	at jdk.nashorn.internal.scripts.Script$Recompilation$44618$3841A$\^function\_.L:1#issueCommand(&lt;function&gt;:124)
	at jdk.nashorn.internal.scripts.Script$Recompilation$44618$3841A$\^function\_.L:1#issueCommand(&lt;function&gt;:124)
	at jdk.nashorn.internal.scripts.Script$Recompilation$44618$3841A$\^function\_.L:1#issueCommand(&lt;function&gt;:124)
	at jdk.nashorn.internal.scripts.Script$Recompilation$44618$3841A$\^function\_.L:1#issueCommand(&lt;function&gt;:124)
	at jdk.nashorn.internal.scripts.Script$Recompilation$44618$3841A$\^function\_.L:1#issueCommand(&lt;function&gt;:124)
	at jdk.nashorn.internal.scripts.Script$Recompilation$44618$3841A$\^function\_.L:1#issueCommand(&lt;function&gt;:124)
	at jdk.nashorn.internal.scripts.Script$Recompilation$44618$3841A$\^function\_.L:1#issueCommand(&lt;function&gt;:124)
	at jdk.nashorn.internal.scripts.Script$Recompilation$44618$3841A$\^function\_.L:1#issueCommand(&lt;function&gt;:124)
	at jdk.nashorn.internal.scripts.Script$Recompilation$44618$3841A$\^function\_.L:1#issueCommand(&lt;function&gt;:124)
	at jdk.nashorn.internal.scripts.Script$Recompilation$44618$3841A$\^function\_.L:1#issueCommand(&lt;function&gt;:124)
	at jdk.nashorn.internal.scripts.Script$Recompilation$44618$3841A$\^function\_.L:1#issueCommand(&lt;function&gt;:124)
	at jdk.nashorn.internal.scripts.Script$Recompilation$44618$3841A$\^function\_.L:1#issueCommand(&lt;function&gt;:124)
	at jdk.nashorn.internal.scripts.Script$Recompilation$44618$3841A$\^function\_.L:1#issueCommand(&lt;function&gt;:124)
	at jdk.nashorn.internal.scripts.Script$Recompilation$44618$3841A$\^function\_.L:1#issueCommand(&lt;function&gt;:124)
	at jdk.nashorn.internal.scripts.Script$Recompilation$44618$3841A$\^function\_.L:1#issueCommand(&lt;function&gt;:124)
	at jdk.nashorn.internal.scripts.Script$Recompilation$44618$3841A$\^function\_.L:1#issueCommand(&lt;function&gt;:124)
	at jdk.nashorn.internal.scripts.Script$Recompilation$44618$3841A$\^function\_.L:1#issueCommand(&lt;function&gt;:124)
	at jdk.nashorn.internal.scripts.Script$Recompilation$44618$3841A$\^function\_.L:1#issueCommand(&lt;function&gt;:124)
	at jdk.nashorn.internal.scripts.Script$Recompilation$44618$3841A$\^function\_.L:1#issueCommand(&lt;function&gt;:124)
	at jdk.nashorn.internal.scripts.Script$Recompilation$44618$3841A$\^function\_.L:1#issueCommand(&lt;function&gt;:124)
	at jdk.nashorn.internal.scripts.Script$Recompilation$44618$3841A$\^function\_.L:1#issueCommand(&lt;function&gt;:124)
	at jdk.nashorn.internal.scripts.Script$Recompilation$44618$3841A$\^function\_.L:1#issueCommand(&lt;function&gt;:124)
	at jdk.nashorn.internal.scripts.Script$Recompilation$44618$3841A$\^function\_.L:1#issueCommand(&lt;function&gt;:124)
	at jdk.nashorn.internal.scripts.Script$Recompilation$44618$3841A$\^function\_.L:1#issueCommand(&lt;function&gt;:124)
	at jdk.nashorn.internal.scripts.Script$Recompilation$44618$3841A$\^function\_.L:1#issueCommand(&lt;function&gt;:124)
	at jdk.nashorn.internal.scripts.Script$Recompilation$44618$3841A$\^function\_.L:1#issueCommand(&lt;function&gt;:124)
	at jdk.nashorn.internal.scripts.Script$Recompilation$44618$3841A$\^function\_.L:1#issueCommand(&lt;function&gt;:124)
	at jdk.nashorn.internal.scripts.Script$Recompilation$44618$3841A$\^function\_.L:1#issueCommand(&lt;function&gt;:124)
	at jdk.nashorn.internal.scripts.Script$Recompilation$44618$3841A$\^function\_.L:1#issueCommand(&lt;function&gt;:124)
	at jdk.nashorn.internal.scripts.Script$Recompilation$44618$3841A$\^function\_.L:1#issueCommand(&lt;function&gt;:124)
	at jdk.nashorn.internal.scripts.Script$Recompilation$44618$3841A$\^function\_.L:1#issueCommand(&lt;function&gt;:124)
	at jdk.nashorn.internal.scripts.Script$Recompilation$44618$3841A$\^function\_.L:1#issueCommand(&lt;function&gt;:124)
	at jdk.nashorn.internal.scripts.Script$Recompilation$44618$3841A$\^function\_.L:1#issueCommand(&lt;function&gt;:124)
	at jdk.nashorn.internal.scripts.Script$Recompilation$44618$3841A$\^function\_.L:1#issueCommand(&lt;function&gt;:124)
	at jdk.nashorn.internal.scripts.Script$Recompilation$44618$3841A$\^function\_.L:1#issueCommand(&lt;function&gt;:124)
	at jdk.nashorn.internal.scripts.Script$Recompilation$44618$3841A$\^function\_.L:1#issueCommand(&lt;function&gt;:124)
	at jdk.nashorn.internal.scripts.Script$Recompilation$44618$3841A$\^function\_.L:1#issueCommand(&lt;function&gt;:124)
	at jdk.nashorn.internal.scripts.Script$Recompilation$44618$3841A$\^function\_.L:1#issueCommand(&lt;function&gt;:124)
	at jdk.nashorn.internal.scripts.Script$Recompilation$44618$3841A$\^function\_.L:1#issueCommand(&lt;function&gt;:124)
	at jdk.nashorn.internal.scripts.Script$Recompilation$44618$3841A$\^function\_.L:1#issueCommand(&lt;function&gt;:124)
	at jdk.nashorn.internal.scripts.Script$Recompilation$44618$3841A$\^function\_.L:1#issueCommand(&lt;function&gt;:124)
	at jdk.nashorn.internal.scripts.Script$Recompilation$44618$3841A$\^function\_.L:1#issueCommand(&lt;function&gt;:124)
	at jdk.nashorn.internal.scripts.Script$Recompilation$44618$3841A$\^function\_.L:1#issueCommand(&lt;function&gt;:124)
	at jdk.nashorn.internal.scripts.Script$Recompilation$44618$3841A$\^function\_.L:1#issueCommand(&lt;function&gt;:124)
	at jdk.nashorn.internal.scripts.Script$Recompilation$44618$3841A$\^function\_.L:1#issueCommand(&lt;function&gt;:124)
	at jdk.nashorn.internal.scripts.Script$Recompilation$44618$3841A$\^function\_.L:1#issueCommand(&lt;function&gt;:124)
	at jdk.nashorn.internal.scripts.Script$Recompilation$44618$3841A$\^function\_.L:1#issueCommand(&lt;function&gt;:124)
	at jdk.nashorn.internal.scripts.Script$Recompilation$44618$3841A$\^function\_.L:1#issueCommand(&lt;function&gt;:124)
	at jdk.nashorn.internal.scripts.Script$Recompilation$44618$3841A$\^function\_.L:1#issueCommand(&lt;function&gt;:124)
	at jdk.nashorn.internal.scripts.Script$Recompilation$44618$3841A$\^function\_.L:1#issueCommand(&lt;function&gt;:124)
	at jdk.nashorn.internal.scripts.Script$Recompilation$44618$3841A$\^function\_.L:1#issueCommand(&lt;function&gt;:124)
	at jdk.nashorn.internal.scripts.Script$Recompilation$44618$3841A$\^function\_.L:1#issueCommand(&lt;function&gt;:124)
	at jdk.nashorn.internal.scripts.Script$Recompilation$44618$3841A$\^function\_.L:1#issueCommand(&lt;function&gt;:124)
	at jdk.nashorn.internal.scripts.Script$Recompilation$44618$3841A$\^function\_.L:1#issueCommand(&lt;function&gt;:124)
	at jdk.nashorn.internal.scripts.Script$Recompilation$44618$3841A$\^function\_.L:1#issueCommand(&lt;function&gt;:124)
	at jdk.nashorn.internal.scripts.Script$Recompilation$44618$3841A$\^function\_.L:1#issueCommand(&lt;function&gt;:124)
	at jdk.nashorn.internal.scripts.Script$Recompilation$44618$3841A$\^function\_.L:1#issueCommand(&lt;function&gt;:124)
	at jdk.nashorn.internal.scripts.Script$Recompilation$44618$3841A$\^function\_.L:1#issueCommand(&lt;function&gt;:124)
	at jdk.nashorn.internal.scripts.Script$Recompilation$44618$3841A$\^function\_.L:1#issueCommand(&lt;function&gt;:124)
	at jdk.nashorn.internal.scripts.Script$Recompilation$44618$3841A$\^function\_.L:1#issueCommand(&lt;function&gt;:124)
	at jdk.nashorn.internal.scripts.Script$Recompilation$44618$3841A$\^function\_.L:1#issueCommand(&lt;function&gt;:124)
	at jdk.nashorn.internal.scripts.Script$Recompilation$44618$3841A$\^function\_.L:1#issueCommand(&lt;function&gt;:124)
	at jdk.nashorn.internal.scripts.Script$Recompilation$44618$3841A$\^function\_.L:1#issueCommand(&lt;function&gt;:124)
	at jdk.nashorn.internal.scripts.Script$Recompilation$44618$3841A$\^function\_.L:1#issueCommand(&lt;function&gt;:124)
	at jdk.nashorn.internal.scripts.Script$Recompilation$44618$3841A$\^function\_.L:1#issueCommand(&lt;function&gt;:124)
	at jdk.nashorn.internal.scripts.Script$Recompilation$44618$3841A$\^function\_.L:1#issueCommand(&lt;function&gt;:124)
	at jdk.nashorn.internal.scripts.Script$Recompilation$44618$3841A$\^function\_.L:1#issueCommand(&lt;function&gt;:124)
	at jdk.nashorn.internal.scripts.Script$Recompilation$44618$3841A$\^function\_.L:1#issueCommand(&lt;function&gt;:124)
	at jdk.nashorn.internal.scripts.Script$Recompilation$44618$3841A$\^function\_.L:1#issueCommand(&lt;function&gt;:124)
	at jdk.nashorn.internal.scripts.Script$Recompilation$44618$3841A$\^function\_.L:1#issueCommand(&lt;function&gt;:124)
	at jdk.nashorn.internal.scripts.Script$Recompilation$44618$3841A$\^function\_.L:1#issueCommand(&lt;function&gt;:124)
	at jdk.nashorn.internal.scripts.Script$Recompilation$44618$3841A$\^function\_.L:1#issueCommand(&lt;function&gt;:124)
	at jdk.nashorn.internal.scripts.Script$Recompilation$44618$3841A$\^function\_.L:1#issueCommand(&lt;function&gt;:124)
	at jdk.nashorn.internal.scripts.Script$Recompilation$44618$3841A$\^function\_.L:1#issueCommand(&lt;function&gt;:124)
	at jdk.nashorn.internal.scripts.Script$Recompilation$44618$3841A$\^function\_.L:1#issueCommand(&lt;function&gt;:124)
	at jdk.nashorn.internal.scripts.Script$Recompilation$44618$3841A$\^function\_.L:1#issueCommand(&lt;function&gt;:124)
	at jdk.nashorn.internal.scripts.Script$Recompilation$44618$3841A$\^function\_.L:1#issueCommand(&lt;function&gt;:124)
	at jdk.nashorn.internal.scripts.Script$Recompilation$44618$3841A$\^function\_.L:1#issueCommand(&lt;function&gt;:124)
	at jdk.nashorn.internal.scripts.Script$Recompilation$44618$3841A$\^function\_.L:1#issueCommand(&lt;function&gt;:124)
	at jdk.nashorn.internal.scripts.Script$Recompilation$44618$3841A$\^function\_.L:1#issueCommand(&lt;function&gt;:124)
	at jdk.nashorn.internal.scripts.Script$Recompilation$44618$3841A$\^function\_.L:1#issueCommand(&lt;function&gt;:124)
	at jdk.nashorn.internal.scripts.Script$Recompilation$44618$3841A$\^function\_.L:1#issueCommand(&lt;function&gt;:124)
	at jdk.nashorn.internal.scripts.Script$Recompilation$44618$3841A$\^function\_.L:1#issueCommand(&lt;function&gt;:124)
	at jdk.nashorn.internal.scripts.Script$Recompilation$44618$3841A$\^function\_.L:1#issueCommand(&lt;function&gt;:124)
	at jdk.nashorn.internal.scripts.Script$Recompilation$44618$3841A$\^function\_.L:1#issueCommand(&lt;function&gt;:124)
	at jdk.nashorn.internal.scripts.Script$Recompilation$44618$3841A$\^function\_.L:1#issueCommand(&lt;function&gt;:124)
	at jdk.nashorn.internal.scripts.Script$Recompilation$44618$3841A$\^function\_.L:1#issueCommand(&lt;function&gt;:124)
	at jdk.nashorn.internal.scripts.Script$Recompilation$44618$3841A$\^function\_.L:1#issueCommand(&lt;function&gt;:124)
	at jdk.nashorn.internal.scripts.Script$Recompilation$44618$3841A$\^function\_.L:1#issueCommand(&lt;function&gt;:124)
	at jdk.nashorn.internal.scripts.Script$Recompilation$44618$3841A$\^function\_.L:1#issueCommand(&lt;function&gt;:124)
	at jdk.nashorn.internal.scripts.Script$Recompilation$44618$3841A$\^function\_.L:1#issueCommand(&lt;function&gt;:124)
	at jdk.nashorn.internal.scripts.Script$Recompilation$44618$3841A$\^function\_.L:1#issueCommand(&lt;function&gt;:124)
	at jdk.nashorn.internal.scripts.Script$Recompilation$44618$3841A$\^function\_.L:1#issueCommand(&lt;function&gt;:124)
	at jdk.nashorn.internal.scripts.Script$Recompilation$44618$3841A$\^function\_.L:1#issueCommand(&lt;function&gt;:124)
	at jdk.nashorn.internal.scripts.Script$Recompilation$44618$3841A$\^function\_.L:1#issueCommand(&lt;function&gt;:124)
	at jdk.nashorn.internal.scripts.Script$Recompilation$44618$3841A$\^function\_.L:1#issueCommand(&lt;function&gt;:124)
	at jdk.nashorn.internal.scripts.Script$Recompilation$44618$3841A$\^function\_.L:1#issueCommand(&lt;function&gt;:124)
	at jdk.nashorn.internal.scripts.Script$Recompilation$44618$3841A$\^function\_.L:1#issueCommand(&lt;function&gt;:124)
	at jdk.nashorn.internal.scripts.Script$Recompilation$44618$3841A$\^function\_.L:1#issueCommand(&lt;function&gt;:124)
	at jdk.nashorn.internal.scripts.Script$Recompilation$44618$3841A$\^function\_.L:1#issueCommand(&lt;function&gt;:124)
	at jdk.nashorn.internal.scripts.Script$Recompilation$44618$3841A$\^function\_.L:1#issueCommand(&lt;function&gt;:124)
	at jdk.nashorn.internal.scripts.Script$Recompilation$44618$3841A$\^function\_.L:1#issueCommand(&lt;function&gt;:124)
	at jdk.nashorn.internal.scripts.Script$Recompilation$44618$3841A$\^function\_.L:1#issueCommand(&lt;function&gt;:124)
	at jdk.nashorn.internal.scripts.Script$Recompilation$44618$3841A$\^function\_.L:1#issueCommand(&lt;function&gt;:124)
	at jdk.nashorn.internal.scripts.Script$Recompilation$44618$3841A$\^function\_.L:1#issueCommand(&lt;function&gt;:124)
	at jdk.nashorn.internal.scripts.Script$Recompilation$44618$3841A$\^function\_.L:1#issueCommand(&lt;function&gt;:124)
	at jdk.nashorn.internal.scripts.Script$Recompilation$44618$3841A$\^function\_.L:1#issueCommand(&lt;function&gt;:124)
	at jdk.nashorn.internal.scripts.Script$Recompilation$44618$3841A$\^function\_.L:1#issueCommand(&lt;function&gt;:124)
	at jdk.nashorn.internal.scripts.Script$Recompilation$44618$3841A$\^function\_.L:1#issueCommand(&lt;function&gt;:124)
	at jdk.nashorn.internal.scripts.Script$Recompilation$44618$3841A$\^function\_.L:1#issueCommand(&lt;function&gt;:124)
	at jdk.nashorn.internal.scripts.Script$Recompilation$44618$3841A$\^function\_.L:1#issueCommand(&lt;function&gt;:124)
	at jdk.nashorn.internal.scripts.Script$Recompilation$44618$3841A$\^function\_.L:1#issueCommand(&lt;function&gt;:124)
	at jdk.nashorn.internal.scripts.Script$Recompilation$44618$3841A$\^function\_.L:1#issueCommand(&lt;function&gt;:124)
	at jdk.nashorn.internal.scripts.Script$Recompilation$44618$3841A$\^function\_.L:1#issueCommand(&lt;function&gt;:124)
	at jdk.nashorn.internal.scripts.Script$Recompilation$44618$3841A$\^function\_.L:1#issueCommand(&lt;function&gt;:124)
	at jdk.nashorn.internal.scripts.Script$Recompilation$44618$3841A$\^function\_.L:1#issueCommand(&lt;function&gt;:124)
	at jdk.nashorn.internal.scripts.Script$Recompilation$44618$3841A$\^function\_.L:1#issueCommand(&lt;function&gt;:124)
	at jdk.nashorn.internal.scripts.Script$Recompilation$44618$3841A$\^function\_.L:1#issueCommand(&lt;function&gt;:124)
	at jdk.nashorn.internal.scripts.Script$Recompilation$44618$3841A$\^function\_.L:1#issueCommand(&lt;function&gt;:124)
	at jdk.nashorn.internal.scripts.Script$Recompilation$44618$3841A$\^function\_.L:1#issueCommand(&lt;function&gt;:124)
	at jdk.nashorn.internal.scripts.Script$Recompilation$44618$3841A$\^function\_.L:1#issueCommand(&lt;function&gt;:124)
	at jdk.nashorn.internal.scripts.Script$Recompilation$44618$3841A$\^function\_.L:1#issueCommand(&lt;function&gt;:124)
	at jdk.nashorn.internal.scripts.Script$Recompilation$44618$3841A$\^function\_.L:1#issueCommand(&lt;function&gt;:124)
	at jdk.nashorn.internal.scripts.Script$Recompilation$44618$3841A$\^function\_.L:1#issueCommand(&lt;function&gt;:124)
	at jdk.nashorn.internal.scripts.Script$Recompilation$44618$3841A$\^function\_.L:1#issueCommand(&lt;function&gt;:124)
	at jdk.nashorn.internal.scripts.Script$Recompilation$44618$3841A$\^function\_.L:1#issueCommand(&lt;function&gt;:124)
	at jdk.nashorn.internal.scripts.Script$Recompilation$44618$3841A$\^function\_.L:1#issueCommand(&lt;function&gt;:124)
	at jdk.nashorn.internal.scripts.Script$Recompilation$44618$3841A$\^function\_.L:1#issueCommand(&lt;function&gt;:124)
	at jdk.nashorn.internal.scripts.Script$Recompilation$44618$3841A$\^function\_.L:1#issueCommand(&lt;function&gt;:124)
	at jdk.nashorn.internal.scripts.Script$Recompilation$44618$3841A$\^function\_.L:1#issueCommand(&lt;function&gt;:124)
	at jdk.nashorn.internal.scripts.Script$Recompilation$44618$3841A$\^function\_.L:1#issueCommand(&lt;function&gt;:124)
	at jdk.nashorn.internal.scripts.Script$Recompilation$44618$3841A$\^function\_.L:1#issueCommand(&lt;function&gt;:124)
	at jdk.nashorn.internal.scripts.Script$Recompilation$44618$3841A$\^function\_.L:1#issueCommand(&lt;function&gt;:124)
	at jdk.nashorn.internal.scripts.Script$Recompilation$44618$3841A$\^function\_.L:1#issueCommand(&lt;function&gt;:124)
	at jdk.nashorn.internal.scripts.Script$Recompilation$44618$3841A$\^function\_.L:1#issueCommand(&lt;function&gt;:124)
	at jdk.nashorn.internal.scripts.Script$Recompilation$44618$3841A$\^function\_.L:1#issueCommand(&lt;function&gt;:124)
	at jdk.nashorn.internal.scripts.Script$Recompilation$44618$3841A$\^function\_.L:1#issueCommand(&lt;function&gt;:124)
	at jdk.nashorn.internal.scripts.Script$Recompilation$44618$3841A$\^function\_.L:1#issueCommand(&lt;function&gt;:124)
	at jdk.nashorn.internal.scripts.Script$Recompilation$44618$3841A$\^function\_.L:1#issueCommand(&lt;function&gt;:124)
	at jdk.nashorn.internal.scripts.Script$Recompilation$44618$3841A$\^function\_.L:1#issueCommand(&lt;function&gt;:124)
	at jdk.nashorn.internal.scripts.Script$Recompilation$44618$3841A$\^function\_.L:1#issueCommand(&lt;function&gt;:124)
	at jdk.nashorn.internal.scripts.Script$Recompilation$44618$3841A$\^function\_.L:1#issueCommand(&lt;function&gt;:124)
	at jdk.nashorn.internal.scripts.Script$Recompilation$44618$3841A$\^function\_.L:1#issueCommand(&lt;function&gt;:124)
	at jdk.nashorn.internal.scripts.Script$Recompilation$44618$3841A$\^function\_.L:1#issueCommand(&lt;function&gt;:124)
	at jdk.nashorn.internal.scripts.Script$Recompilation$44618$3841A$\^function\_.L:1#issueCommand(&lt;function&gt;:124)
	at jdk.nashorn.internal.scripts.Script$Recompilation$44618$3841A$\^function\_.L:1#issueCommand(&lt;function&gt;:124)
	at jdk.nashorn.internal.scripts.Script$Recompilation$44618$3841A$\^function\_.L:1#issueCommand(&lt;function&gt;:124)
	at jdk.nashorn.internal.scripts.Script$Recompilation$44618$3841A$\^function\_.L:1#issueCommand(&lt;function&gt;:124)
	at jdk.nashorn.internal.scripts.Script$Recompilation$44618$3841A$\^function\_.L:1#issueCommand(&lt;function&gt;:124)
	at jdk.nashorn.internal.scripts.Script$Recompilation$44618$3841A$\^function\_.L:1#issueCommand(&lt;function&gt;:124)
	at jdk.nashorn.internal.scripts.Script$Recompilation$44618$3841A$\^function\_.L:1#issueCommand(&lt;function&gt;:124)
	at jdk.nashorn.internal.scripts.Script$Recompilation$44618$3841A$\^function\_.L:1#issueCommand(&lt;function&gt;:124)
	at jdk.nashorn.internal.scripts.Script$Recompilation$44618$3841A$\^function\_.L:1#issueCommand(&lt;function&gt;:124)
	at jdk.nashorn.internal.scripts.Script$Recompilation$44618$3841A$\^function\_.L:1#issueCommand(&lt;function&gt;:124)
	at jdk.nashorn.internal.scripts.Script$Recompilation$44618$3841A$\^function\_.L:1#issueCommand(&lt;function&gt;:124)
	at jdk.nashorn.internal.scripts.Script$Recompilation$44618$3841A$\^function\_.L:1#issueCommand(&lt;function&gt;:124)
	at jdk.nashorn.internal.scripts.Script$Recompilation$44618$3841A$\^function\_.L:1#issueCommand(&lt;function&gt;:124)
	at jdk.nashorn.internal.scripts.Script$Recompilation$44618$3841A$\^function\_.L:1#issueCommand(&lt;function&gt;:124)
	at jdk.nashorn.internal.scripts.Script$Recompilation$44618$3841A$\^function\_.L:1#issueCommand(&lt;function&gt;:124)
	at jdk.nashorn.internal.scripts.Script$Recompilation$44618$3841A$\^function\_.L:1#issueCommand(&lt;function&gt;:124)
	at jdk.nashorn.internal.scripts.Script$Recompilation$44618$3841A$\^function\_.L:1#issueCommand(&lt;function&gt;:124)
	at jdk.nashorn.internal.scripts.Script$Recompilation$44618$3841A$\^function\_.L:1#issueCommand(&lt;function&gt;:124)
	at jdk.nashorn.internal.scripts.Script$Recompilation$44618$3841A$\^function\_.L:1#issueCommand(&lt;function&gt;:124)
	at jdk.nashorn.internal.scripts.Script$Recompilation$44618$3841A$\^function\_.L:1#issueCommand(&lt;function&gt;:124)
	at jdk.nashorn.internal.scripts.Script$Recompilation$44618$3841A$\^function\_.L:1#issueCommand(&lt;function&gt;:124)
	at jdk.nashorn.internal.scripts.Script$Recompilation$44618$3841A$\^function\_.L:1#issueCommand(&lt;function&gt;:124)
	at jdk.nashorn.internal.scripts.Script$Recompilation$44618$3841A$\^function\_.L:1#issueCommand(&lt;function&gt;:124)
	at jdk.nashorn.internal.scripts.Script$Recompilation$44618$3841A$\^function\_.L:1#issueCommand(&lt;function&gt;:124)
	at jdk.nashorn.internal.scripts.Script$Recompilation$44618$3841A$\^function\_.L:1#issueCommand(&lt;function&gt;:124)
	at jdk.nashorn.internal.scripts.Script$Recompilation$44618$3841A$\^function\_.L:1#issueCommand(&lt;function&gt;:124)
	at jdk.nashorn.internal.scripts.Script$Recompilation$44618$3841A$\^function\_.L:1#issueCommand(&lt;function&gt;:124)
	at jdk.nashorn.internal.scripts.Script$Recompilation$44618$3841A$\^function\_.L:1#issueCommand(&lt;function&gt;:124)
	at jdk.nashorn.internal.scripts.Script$Recompilation$44618$3841A$\^function\_.L:1#issueCommand(&lt;function&gt;:124)
	at jdk.nashorn.internal.scripts.Script$Recompilation$44618$3841A$\^function\_.L:1#issueCommand(&lt;function&gt;:124)
	at jdk.nashorn.internal.scripts.Script$Recompilation$44618$3841A$\^function\_.L:1#issueCommand(&lt;function&gt;:124)
	at jdk.nashorn.internal.scripts.Script$Recompilation$44618$3841A$\^function\_.L:1#issueCommand(&lt;function&gt;:124)
	at jdk.nashorn.internal.scripts.Script$Recompilation$44618$3841A$\^function\_.L:1#issueCommand(&lt;function&gt;:124)
	at jdk.nashorn.internal.scripts.Script$Recompilation$44618$3841A$\^function\_.L:1#issueCommand(&lt;function&gt;:124)
	at jdk.nashorn.internal.scripts.Script$Recompilation$44618$3841A$\^function\_.L:1#issueCommand(&lt;function&gt;:124)
	at jdk.nashorn.internal.scripts.Script$Recompilation$44618$3841A$\^function\_.L:1#issueCommand(&lt;function&gt;:124)
	at jdk.nashorn.internal.scripts.Script$Recompilation$44618$3841A$\^function\_.L:1#issueCommand(&lt;function&gt;:124)
	at jdk.nashorn.internal.scripts.Script$Recompilation$44618$3841A$\^function\_.L:1#issueCommand(&lt;function&gt;:124)
	at jdk.nashorn.internal.scripts.Script$Recompilation$44618$3841A$\^function\_.L:1#issueCommand(&lt;function&gt;:124)
	at jdk.nashorn.internal.scripts.Script$Recompilation$44618$3841A$\^function\_.L:1#issueCommand(&lt;function&gt;:124)
	at jdk.nashorn.internal.scripts.Script$Recompilation$44618$3841A$\^function\_.L:1#issueCommand(&lt;function&gt;:124)
	at jdk.nashorn.internal.scripts.Script$Recompilation$44618$3841A$\^function\_.L:1#issueCommand(&lt;function&gt;:124)
	at jdk.nashorn.internal.scripts.Script$Recompilation$44618$3841A$\^function\_.L:1#issueCommand(&lt;function&gt;:124)
	at jdk.nashorn.internal.scripts.Script$Recompilation$44618$3841A$\^function\_.L:1#issueCommand(&lt;function&gt;:124)
	at jdk.nashorn.internal.scripts.Script$Recompilation$44618$3841A$\^function\_.L:1#issueCommand(&lt;function&gt;:124)
	at jdk.nashorn.internal.scripts.Script$Recompilation$44618$3841A$\^function\_.L:1#issueCommand(&lt;function&gt;:124)
	at jdk.nashorn.internal.scripts.Script$Recompilation$44618$3841A$\^function\_.L:1#issueCommand(&lt;function&gt;:124)
	at jdk.nashorn.internal.scripts.Script$Recompilation$44618$3841A$\^function\_.L:1#issueCommand(&lt;function&gt;:124)
	at jdk.nashorn.internal.scripts.Script$Recompilation$44618$3841A$\^function\_.L:1#issueCommand(&lt;function&gt;:124)
	at jdk.nashorn.internal.scripts.Script$Recompilation$44618$3841A$\^function\_.L:1#issueCommand(&lt;function&gt;:124)
	at jdk.nashorn.internal.scripts.Script$Recompilation$44618$3841A$\^function\_.L:1#issueCommand(&lt;function&gt;:124)
	at jdk.nashorn.internal.scripts.Script$Recompilation$44618$3841A$\^function\_.L:1#issueCommand(&lt;function&gt;:124)
	at jdk.nashorn.internal.scripts.Script$Recompilation$44618$3841A$\^function\_.L:1#issueCommand(&lt;function&gt;:124)
	at jdk.nashorn.internal.scripts.Script$Recompilation$44618$3841A$\^function\_.L:1#issueCommand(&lt;function&gt;:124)
	at jdk.nashorn.internal.scripts.Script$Recompilation$44618$3841A$\^function\_.L:1#issueCommand(&lt;function&gt;:124)
	at jdk.nashorn.internal.scripts.Script$Recompilation$44618$3841A$\^function\_.L:1#issueCommand(&lt;function&gt;:124)
	at jdk.nashorn.internal.scripts.Script$Recompilation$44618$3841A$\^function\_.L:1#issueCommand(&lt;function&gt;:124)
	at jdk.nashorn.internal.scripts.Script$Recompilation$44618$3841A$\^function\_.L:1#issueCommand(&lt;function&gt;:124)
	at jdk.nashorn.internal.scripts.Script$Recompilation$44618$3841A$\^function\_.L:1#issueCommand(&lt;function&gt;:124)
	at jdk.nashorn.internal.scripts.Script$Recompilation$44618$3841A$\^function\_.L:1#issueCommand(&lt;function&gt;:124)
	at jdk.nashorn.internal.scripts.Script$Recompilation$44618$3841A$\^function\_.L:1#issueCommand(&lt;function&gt;:124)
	at jdk.nashorn.internal.scripts.Script$Recompilation$44618$3841A$\^function\_.L:1#issueCommand(&lt;function&gt;:124)
	at jdk.nashorn.internal.scripts.Script$Recompilation$44618$3841A$\^function\_.L:1#issueCommand(&lt;function&gt;:124)
	at jdk.nashorn.internal.scripts.Script$Recompilation$44618$3841A$\^function\_.L:1#issueCommand(&lt;function&gt;:124)
	at jdk.nashorn.internal.scripts.Script$Recompilation$44618$3841A$\^function\_.L:1#issueCommand(&lt;function&gt;:124)
	at jdk.nashorn.internal.scripts.Script$Recompilation$44618$3841A$\^function\_.L:1#issueCommand(&lt;function&gt;:124)
	at jdk.nashorn.internal.scripts.Script$Recompilation$44618$3841A$\^function\_.L:1#issueCommand(&lt;function&gt;:124)
	at jdk.nashorn.internal.scripts.Script$Recompilation$44618$3841A$\^function\_.L:1#issueCommand(&lt;function&gt;:124)
	at jdk.nashorn.internal.scripts.Script$Recompilation$44618$3841A$\^function\_.L:1#issueCommand(&lt;function&gt;:124)
	at jdk.nashorn.internal.scripts.Script$Recompilation$44618$3841A$\^function\_.L:1#issueCommand(&lt;function&gt;:124)
	at jdk.nashorn.internal.scripts.Script$Recompilation$44618$3841A$\^function\_.L:1#issueCommand(&lt;function&gt;:124)
	at jdk.nashorn.internal.scripts.Script$Recompilation$44618$3841A$\^function\_.L:1#issueCommand(&lt;function&gt;:124)
	at jdk.nashorn.internal.scripts.Script$Recompilation$44618$3841A$\^function\_.L:1#issueCommand(&lt;function&gt;:124)
	at jdk.nashorn.internal.scripts.Script$Recompilation$44618$3841A$\^function\_.L:1#issueCommand(&lt;function&gt;:124)
	at jdk.nashorn.internal.scripts.Script$Recompilation$44618$3841A$\^function\_.L:1#issueCommand(&lt;function&gt;:124)
	at jdk.nashorn.internal.scripts.Script$Recompilation$44618$3841A$\^function\_.L:1#issueCommand(&lt;function&gt;:124)
	at jdk.nashorn.internal.scripts.Script$Recompilation$44618$3841A$\^function\_.L:1#issueCommand(&lt;function&gt;:124)
	at jdk.nashorn.internal.scripts.Script$Recompilation$44618$3841A$\^function\_.L:1#issueCommand(&lt;function&gt;:124)
	at jdk.nashorn.internal.scripts.Script$Recompilation$44618$3841A$\^function\_.L:1#issueCommand(&lt;function&gt;:124)
	at jdk.nashorn.internal.scripts.Script$Recompilation$44618$3841A$\^function\_.L:1#issueCommand(&lt;function&gt;:124)
	at jdk.nashorn.internal.scripts.Script$Recompilation$44618$3841A$\^function\_.L:1#issueCommand(&lt;function&gt;:124)
	at jdk.nashorn.internal.scripts.Script$Recompilation$44618$3841A$\^function\_.L:1#issueCommand(&lt;function&gt;:124)
	at jdk.nashorn.internal.scripts.Script$Recompilation$44618$3841A$\^function\_.L:1#issueCommand(&lt;function&gt;:124)
	at jdk.nashorn.internal.scripts.Script$Recompilation$44618$3841A$\^function\_.L:1#issueCommand(&lt;function&gt;:124)
	at jdk.nashorn.internal.scripts.Script$Recompilation$44618$3841A$\^function\_.L:1#issueCommand(&lt;function&gt;:124)
	at jdk.nashorn.internal.scripts.Script$Recompilation$44618$3841A$\^function\_.L:1#issueCommand(&lt;function&gt;:124)
	at jdk.nashorn.internal.scripts.Script$Recompilation$44618$3841A$\^function\_.L:1#issueCommand(&lt;function&gt;:124)
	at jdk.nashorn.internal.scripts.Script$Recompilation$44618$3841A$\^function\_.L:1#issueCommand(&lt;function&gt;:124)
	at jdk.nashorn.internal.scripts.Script$Recompilation$44618$3841A$\^function\_.L:1#issueCommand(&lt;function&gt;:124)
	at jdk.nashorn.internal.scripts.Script$Recompilation$44618$3841A$\^function\_.L:1#issueCommand(&lt;function&gt;:124)
	at jdk.nashorn.internal.scripts.Script$Recompilation$44618$3841A$\^function\_.L:1#issueCommand(&lt;function&gt;:124)
	at jdk.nashorn.internal.scripts.Script$Recompilation$44618$3841A$\^function\_.L:1#issueCommand(&lt;function&gt;:124)
	at jdk.nashorn.internal.scripts.Script$Recompilation$44618$3841A$\^function\_.L:1#issueCommand(&lt;function&gt;:124)
	at jdk.nashorn.internal.scripts.Script$Recompilation$44618$3841A$\^function\_.L:1#issueCommand(&lt;function&gt;:124)
	at jdk.nashorn.internal.scripts.Script$Recompilation$44618$3841A$\^function\_.L:1#issueCommand(&lt;function&gt;:124)
	at jdk.nashorn.internal.scripts.Script$Recompilation$44618$3841A$\^function\_.L:1#issueCommand(&lt;function&gt;:124)
	at jdk.nashorn.internal.scripts.Script$Recompilation$44618$3841A$\^function\_.L:1#issueCommand(&lt;function&gt;:124)
	at jdk.nashorn.internal.scripts.Script$Recompilation$44618$3841A$\^function\_.L:1#issueCommand(&lt;function&gt;:124)
	at jdk.nashorn.internal.scripts.Script$Recompilation$44618$3841A$\^function\_.L:1#issueCommand(&lt;function&gt;:124)
	at jdk.nashorn.internal.scripts.Script$Recompilation$44618$3841A$\^function\_.L:1#issueCommand(&lt;function&gt;:124)
	at jdk.nashorn.internal.scripts.Script$Recompilation$44618$3841A$\^function\_.L:1#issueCommand(&lt;function&gt;:124)
	at jdk.nashorn.internal.scripts.Script$Recompilation$44618$3841A$\^function\_.L:1#issueCommand(&lt;function&gt;:124)
	at jdk.nashorn.internal.scripts.Script$Recompilation$44618$3841A$\^function\_.L:1#issueCommand(&lt;function&gt;:124)
	at jdk.nashorn.internal.scripts.Script$Recompilation$44618$3841A$\^function\_.L:1#issueCommand(&lt;function&gt;:124)
	at jdk.nashorn.internal.scripts.Script$Recompilation$44618$3841A$\^function\_.L:1#issueCommand(&lt;function&gt;:124)
	at jdk.nashorn.internal.scripts.Script$Recompilation$44618$3841A$\^function\_.L:1#issueCommand(&lt;function&gt;:124)
	at jdk.nashorn.internal.scripts.Script$Recompilation$44618$3841A$\^function\_.L:1#issueCommand(&lt;function&gt;:124)
	at jdk.nashorn.internal.scripts.Script$Recompilation$44618$3841A$\^function\_.L:1#issueCommand(&lt;function&gt;:124)
	at jdk.nashorn.internal.scripts.Script$Recompilation$44618$3841A$\^function\_.L:1#issueCommand(&lt;function&gt;:124)
	at jdk.nashorn.internal.scripts.Script$Recompilation$44618$3841A$\^function\_.L:1#issueCommand(&lt;function&gt;:124)
	at jdk.nashorn.internal.scripts.Script$Recompilation$44618$3841A$\^function\_.L:1#issueCommand(&lt;function&gt;:124)
	at jdk.nashorn.internal.scripts.Script$Recompilation$44618$3841A$\^function\_.L:1#issueCommand(&lt;function&gt;:124)
	at jdk.nashorn.internal.scripts.Script$Recompilation$44618$3841A$\^function\_.L:1#issueCommand(&lt;function&gt;:124)
	at jdk.nashorn.internal.scripts.Script$Recompilation$44618$3841A$\^function\_.L:1#issueCommand(&lt;function&gt;:124)
	at jdk.nashorn.internal.scripts.Script$Recompilation$44618$3841A$\^function\_.L:1#issueCommand(&lt;function&gt;:124)
	at jdk.nashorn.internal.scripts.Script$Recompilation$44618$3841A$\^function\_.L:1#issueCommand(&lt;function&gt;:124)
	at jdk.nashorn.internal.scripts.Script$Recompilation$44618$3841A$\^function\_.L:1#issueCommand(&lt;function&gt;:124)
	at jdk.nashorn.internal.scripts.Script$Recompilation$44618$3841A$\^function\_.L:1#issueCommand(&lt;function&gt;:124)
	at jdk.nashorn.internal.scripts.Script$Recompilation$44618$3841A$\^function\_.L:1#issueCommand(&lt;function&gt;:124)
	at jdk.nashorn.internal.scripts.Script$Recompilation$44618$3841A$\^function\_.L:1#issueCommand(&lt;function&gt;:124)
	at jdk.nashorn.internal.scripts.Script$Recompilation$44618$3841A$\^function\_.L:1#issueCommand(&lt;function&gt;:124)
	at jdk.nashorn.internal.scripts.Script$Recompilation$44618$3841A$\^function\_.L:1#issueCommand(&lt;function&gt;:124)
	at jdk.nashorn.internal.scripts.Script$Recompilation$44618$3841A$\^function\_.L:1#issueCommand(&lt;function&gt;:124)
	at jdk.nashorn.internal.scripts.Script$Recompilation$44618$3841A$\^function\_.L:1#issueCommand(&lt;function&gt;:124)
	at jdk.nashorn.internal.scripts.Script$Recompilation$44618$3841A$\^function\_.L:1#issueCommand(&lt;function&gt;:124)
	at jdk.nashorn.internal.scripts.Script$Recompilation$44618$3841A$\^function\_.L:1#issueCommand(&lt;function&gt;:124)
	at jdk.nashorn.internal.scripts.Script$Recompilation$44618$3841A$\^function\_.L:1#issueCommand(&lt;function&gt;:124)
	at jdk.nashorn.internal.scripts.Script$Recompilation$44618$3841A$\^function\_.L:1#issueCommand(&lt;function&gt;:124)
	at jdk.nashorn.internal.scripts.Script$Recompilation$44618$3841A$\^function\_.L:1#issueCommand(&lt;function&gt;:124)
	at jdk.nashorn.internal.scripts.Script$Recompilation$44618$3841A$\^function\_.L:1#issueCommand(&lt;function&gt;:124)
	at jdk.nashorn.internal.scripts.Script$Recompilation$44618$3841A$\^function\_.L:1#issueCommand(&lt;function&gt;:124)
	at jdk.nashorn.internal.scripts.Script$Recompilation$44618$3841A$\^function\_.L:1#issueCommand(&lt;function&gt;:124)
	at jdk.nashorn.internal.scripts.Script$Recompilation$44618$3841A$\^function\_.L:1#issueCommand(&lt;function&gt;:124)
	at jdk.nashorn.internal.scripts.Script$Recompilation$44618$3841A$\^function\_.L:1#issueCommand(&lt;function&gt;:124)
	at jdk.nashorn.internal.scripts.Script$Recompilation$44618$3841A$\^function\_.L:1#issueCommand(&lt;function&gt;:124)
	at jdk.nashorn.internal.scripts.Script$Recompilation$44618$3841A$\^function\_.L:1#issueCommand(&lt;function&gt;:124)
	at jdk.nashorn.internal.scripts.Script$Recompilation$44618$3841A$\^function\_.L:1#issueCommand(&lt;function&gt;:124)
	at jdk.nashorn.internal.scripts.Script$Recompilation$44618$3841A$\^function\_.L:1#issueCommand(&lt;function&gt;:124)
	at jdk.nashorn.internal.scripts.Script$Recompilation$44618$3841A$\^function\_.L:1#issueCommand(&lt;function&gt;:124)
	at jdk.nashorn.internal.scripts.Script$Recompilation$44618$3841A$\^function\_.L:1#issueCommand(&lt;function&gt;:124)
	at jdk.nashorn.internal.scripts.Script$Recompilation$44618$3841A$\^function\_.L:1#issueCommand(&lt;function&gt;:124)
	at jdk.nashorn.internal.scripts.Script$Recompilation$44618$3841A$\^function\_.L:1#issueCommand(&lt;function&gt;:124)
	at jdk.nashorn.internal.scripts.Script$Recompilation$44618$3841A$\^function\_.L:1#issueCommand(&lt;function&gt;:124)
	at jdk.nashorn.internal.scripts.Script$Recompilation$44618$3841A$\^function\_.L:1#issueCommand(&lt;function&gt;:124)
	at jdk.nashorn.internal.scripts.Script$Recompilation$44618$3841A$\^function\_.L:1#issueCommand(&lt;function&gt;:124)
	at jdk.nashorn.internal.scripts.Script$Recompilation$44618$3841A$\^function\_.L:1#issueCommand(&lt;function&gt;:124)
	at jdk.nashorn.internal.scripts.Script$Recompilation$44618$3841A$\^function\_.L:1#issueCommand(&lt;function&gt;:124)
	at jdk.nashorn.internal.scripts.Script$Recompilation$44618$3841A$\^function\_.L:1#issueCommand(&lt;function&gt;:124)
	at jdk.nashorn.internal.scripts.Script$Recompilation$44618$3841A$\^function\_.L:1#issueCommand(&lt;function&gt;:124)
	at jdk.nashorn.internal.scripts.Script$Recompilation$44618$3841A$\^function\_.L:1#issueCommand(&lt;function&gt;:124)
	at jdk.nashorn.internal.scripts.Script$Recompilation$44618$3841A$\^function\_.L:1#issueCommand(&lt;function&gt;:124)
	at jdk.nashorn.internal.scripts.Script$Recompilation$44618$3841A$\^function\_.L:1#issueCommand(&lt;function&gt;:124)
	at jdk.nashorn.internal.scripts.Script$Recompilation$44618$3841A$\^function\_.L:1#issueCommand(&lt;function&gt;:124)
	at jdk.nashorn.internal.scripts.Script$Recompilation$44618$3841A$\^function\_.L:1#issueCommand(&lt;function&gt;:124)
	at jdk.nashorn.internal.scripts.Script$Recompilation$44618$3841A$\^function\_.L:1#issueCommand(&lt;function&gt;:124)
	at jdk.nashorn.internal.scripts.Script$Recompilation$44618$3841A$\^function\_.L:1#issueCommand(&lt;function&gt;:124)
	at jdk.nashorn.internal.scripts.Script$Recompilation$44618$3841A$\^function\_.L:1#issueCommand(&lt;function&gt;:124)
	at jdk.nashorn.internal.scripts.Script$Recompilation$44618$3841A$\^function\_.L:1#issueCommand(&lt;function&gt;:124)
	at jdk.nashorn.internal.scripts.Script$Recompilation$44618$3841A$\^function\_.L:1#issueCommand(&lt;function&gt;:124)
	at jdk.nashorn.internal.scripts.Script$Recompilation$44618$3841A$\^function\_.L:1#issueCommand(&lt;function&gt;:124)
	at jdk.nashorn.internal.scripts.Script$Recompilation$44618$3841A$\^function\_.L:1#issueCommand(&lt;function&gt;:124)
	at jdk.nashorn.internal.scripts.Script$Recompilation$44618$3841A$\^function\_.L:1#issueCommand(&lt;function&gt;:124)
	at jdk.nashorn.internal.scripts.Script$Recompilation$44618$3841A$\^function\_.L:1#issueCommand(&lt;function&gt;:124)
	at jdk.nashorn.internal.scripts.Script$Recompilation$44618$3841A$\^function\_.L:1#issueCommand(&lt;function&gt;:124)
	at jdk.nashorn.internal.scripts.Script$Recompilation$44618$3841A$\^function\_.L:1#issueCommand(&lt;function&gt;:124)
	at jdk.nashorn.internal.scripts.Script$Recompilation$44618$3841A$\^function\_.L:1#issueCommand(&lt;function&gt;:124)
	at jdk.nashorn.internal.scripts.Script$Recompilation$44618$3841A$\^function\_.L:1#issueCommand(&lt;function&gt;:124)
	at jdk.nashorn.internal.scripts.Script$Recompilation$44618$3841A$\^function\_.L:1#issueCommand(&lt;function&gt;:124)
	at jdk.nashorn.internal.scripts.Script$Recompilation$44618$3841A$\^function\_.L:1#issueCommand(&lt;function&gt;:124)
	at jdk.nashorn.internal.scripts.Script$Recompilation$44618$3841A$\^function\_.L:1#issueCommand(&lt;function&gt;:124)
	at jdk.nashorn.internal.scripts.Script$Recompilation$44618$3841A$\^function\_.L:1#issueCommand(&lt;function&gt;:124)
	at jdk.nashorn.internal.scripts.Script$Recompilation$44618$3841A$\^function\_.L:1#issueCommand(&lt;function&gt;:124)
	at jdk.nashorn.internal.scripts.Script$Recompilation$44618$3841A$\^function\_.L:1#issueCommand(&lt;function&gt;:124)
	at jdk.nashorn.internal.scripts.Script$Recompilation$44618$3841A$\^function\_.L:1#issueCommand(&lt;function&gt;:124)
	at jdk.nashorn.internal.scripts.Script$Recompilation$44618$3841A$\^function\_.L:1#issueCommand(&lt;function&gt;:124)
	at jdk.nashorn.internal.scripts.Script$Recompilation$44618$3841A$\^function\_.L:1#issueCommand(&lt;function&gt;:124)
	at jdk.nashorn.internal.scripts.Script$Recompilation$44618$3841A$\^function\_.L:1#issueCommand(&lt;function&gt;:124)
	at jdk.nashorn.internal.scripts.Script$Recompilation$44618$3841A$\^function\_.L:1#issueCommand(&lt;function&gt;:124)
	at jdk.nashorn.internal.scripts.Script$Recompilation$44618$3841A$\^function\_.L:1#issueCommand(&lt;function&gt;:124)
	at jdk.nashorn.internal.scripts.Script$Recompilation$44618$3841A$\^function\_.L:1#issueCommand(&lt;function&gt;:124)
	at jdk.nashorn.internal.scripts.Script$Recompilation$44618$3841A$\^function\_.L:1#issueCommand(&lt;function&gt;:124)
	at jdk.nashorn.internal.scripts.Script$Recompilation$44618$3841A$\^function\_.L:1#issueCommand(&lt;function&gt;:124)
	at jdk.nashorn.internal.scripts.Script$Recompilation$44618$3841A$\^function\_.L:1#issueCommand(&lt;function&gt;:124)
	at jdk.nashorn.internal.scripts.Script$Recompilation$44618$3841A$\^function\_.L:1#issueCommand(&lt;function&gt;:124)
	at jdk.nashorn.internal.scripts.Script$Recompilation$44618$3841A$\^function\_.L:1#issueCommand(&lt;function&gt;:124)
	at jdk.nashorn.internal.scripts.Script$Recompilation$44618$3841A$\^function\_.L:1#issueCommand(&lt;function&gt;:124)
	at jdk.nashorn.internal.scripts.Script$Recompilation$44618$3841A$\^function\_.L:1#issueCommand(&lt;function&gt;:124)
	at jdk.nashorn.internal.scripts.Script$Recompilation$44618$3841A$\^function\_.L:1#issueCommand(&lt;function&gt;:124)
	at jdk.nashorn.internal.scripts.Script$Recompilation$44618$3841A$\^function\_.L:1#issueCommand(&lt;function&gt;:124)
	at jdk.nashorn.internal.scripts.Script$Recompilation$44618$3841A$\^function\_.L:1#issueCommand(&lt;function&gt;:124)
	at jdk.nashorn.internal.scripts.Script$Recompilation$44618$3841A$\^function\_.L:1#issueCommand(&lt;function&gt;:124)
	at jdk.nashorn.internal.scripts.Script$Recompilation$44618$3841A$\^function\_.L:1#issueCommand(&lt;function&gt;:124)
	at jdk.nashorn.internal.scripts.Script$Recompilation$44618$3841A$\^function\_.L:1#issueCommand(&lt;function&gt;:124)
	at jdk.nashorn.internal.scripts.Script$Recompilation$44618$3841A$\^function\_.L:1#issueCommand(&lt;function&gt;:124)
	at jdk.nashorn.internal.scripts.Script$Recompilation$44618$3841A$\^function\_.L:1#issueCommand(&lt;function&gt;:124)
	at jdk.nashorn.internal.scripts.Script$Recompilation$44618$3841A$\^function\_.L:1#issueCommand(&lt;function&gt;:124)
	at jdk.nashorn.internal.scripts.Script$Recompilation$44618$3841A$\^function\_.L:1#issueCommand(&lt;function&gt;:124)
	at jdk.nashorn.internal.scripts.Script$Recompilation$44618$3841A$\^function\_.L:1#issueCommand(&lt;function&gt;:124)
	at jdk.nashorn.internal.scripts.Script$Recompilation$44618$3841A$\^function\_.L:1#issueCommand(&lt;function&gt;:124)
	at jdk.nashorn.internal.scripts.Script$Recompilation$44618$3841A$\^function\_.L:1#issueCommand(&lt;function&gt;:124)
	at jdk.nashorn.internal.scripts.Script$Recompilation$44618$3841A$\^function\_.L:1#issueCommand(&lt;function&gt;:124)
	at jdk.nashorn.internal.scripts.Script$Recompilation$44618$3841A$\^function\_.L:1#issueCommand(&lt;function&gt;:124)
	at jdk.nashorn.internal.scripts.Script$Recompilation$44618$3841A$\^function\_.L:1#issueCommand(&lt;function&gt;:124)
	at jdk.nashorn.internal.scripts.Script$Recompilation$44618$3841A$\^function\_.L:1#issueCommand(&lt;function&gt;:124)
	at jdk.nashorn.internal.scripts.Script$Recompilation$44618$3841A$\^function\_.L:1#issueCommand(&lt;function&gt;:124)
	at jdk.nashorn.internal.scripts.Script$Recompilation$44618$3841A$\^function\_.L:1#issueCommand(&lt;function&gt;:124)
	at jdk.nashorn.internal.scripts.Script$Recompilation$44618$3841A$\^function\_.L:1#issueCommand(&lt;function&gt;:124)
	at jdk.nashorn.internal.scripts.Script$Recompilation$44618$3841A$\^function\_.L:1#issueCommand(&lt;function&gt;:124)
	at jdk.nashorn.internal.scripts.Script$Recompilation$44618$3841A$\^function\_.L:1#issueCommand(&lt;function&gt;:124)
	at jdk.nashorn.internal.scripts.Script$Recompilation$44618$3841A$\^function\_.L:1#issueCommand(&lt;function&gt;:124)
	at jdk.nashorn.internal.scripts.Script$Recompilation$44618$3841A$\^function\_.L:1#issueCommand(&lt;function&gt;:124)
	at jdk.nashorn.internal.scripts.Script$Recompilation$44618$3841A$\^function\_.L:1#issueCommand(&lt;function&gt;:124)
	at jdk.nashorn.internal.scripts.Script$Recompilation$44618$3841A$\^function\_.L:1#issueCommand(&lt;function&gt;:124)
	at jdk.nashorn.internal.scripts.Script$Recompilation$44618$3841A$\^function\_.L:1#issueCommand(&lt;function&gt;:124)
	at jdk.nashorn.internal.scripts.Script$Recompilation$44618$3841A$\^function\_.L:1#issueCommand(&lt;function&gt;:124)
	at jdk.nashorn.internal.scripts.Script$Recompilation$44618$3841A$\^function\_.L:1#issueCommand(&lt;function&gt;:124)
	at jdk.nashorn.internal.scripts.Script$Recompilation$44618$3841A$\^function\_.L:1#issueCommand(&lt;function&gt;:124)
	at jdk.nashorn.internal.scripts.Script$Recompilation$44618$3841A$\^function\_.L:1#issueCommand(&lt;function&gt;:124)
	at jdk.nashorn.internal.scripts.Script$Recompilation$44618$3841A$\^function\_.L:1#issueCommand(&lt;function&gt;:124)
	at jdk.nashorn.internal.scripts.Script$Recompilation$44618$3841A$\^function\_.L:1#issueCommand(&lt;function&gt;:124)
	at jdk.nashorn.internal.scripts.Script$Recompilation$44618$3841A$\^function\_.L:1#issueCommand(&lt;function&gt;:124)
	at jdk.nashorn.internal.scripts.Script$Recompilation$44618$3841A$\^function\_.L:1#issueCommand(&lt;function&gt;:124)
	at jdk.nashorn.internal.scripts.Script$Recompilation$44618$3841A$\^function\_.L:1#issueCommand(&lt;function&gt;:124)
	at jdk.nashorn.internal.scripts.Script$Recompilation$44618$3841A$\^function\_.L:1#issueCommand(&lt;function&gt;:124)
	at jdk.nashorn.internal.scripts.Script$Recompilation$44618$3841A$\^function\_.L:1#issueCommand(&lt;function&gt;:124)
	at jdk.nashorn.internal.scripts.Script$Recompilation$44618$3841A$\^function\_.L:1#issueCommand(&lt;function&gt;:124)
	at jdk.nashorn.internal.scripts.Script$Recompilation$44618$3841A$\^function\_.L:1#issueCommand(&lt;function&gt;:124)
	at jdk.nashorn.internal.scripts.Script$Recompilation$44618$3841A$\^function\_.L:1#issueCommand(&lt;function&gt;:124)
	at jdk.nashorn.internal.scripts.Script$Recompilation$44618$3841A$\^function\_.L:1#issueCommand(&lt;function&gt;:124)
	at jdk.nashorn.internal.scripts.Script$Recompilation$44618$3841A$\^function\_.L:1#issueCommand(&lt;function&gt;:124)
	at jdk.nashorn.internal.scripts.Script$Recompilation$44618$3841A$\^function\_.L:1#issueCommand(&lt;function&gt;:124)
	at jdk.nashorn.internal.scripts.Script$Recompilation$44618$3841A$\^function\_.L:1#issueCommand(&lt;function&gt;:124)
	at jdk.nashorn.internal.scripts.Script$Recompilation$44618$3841A$\^function\_.L:1#issueCommand(&lt;function&gt;:124)
	at jdk.nashorn.internal.scripts.Script$Recompilation$44618$3841A$\^function\_.L:1#issueCommand(&lt;function&gt;:124)
	at jdk.nashorn.internal.scripts.Script$Recompilation$44618$3841A$\^function\_.L:1#issueCommand(&lt;function&gt;:124)
	at jdk.nashorn.internal.scripts.Script$Recompilation$44618$3841A$\^function\_.L:1#issueCommand(&lt;function&gt;:124)
	at jdk.nashorn.internal.scripts.Script$Recompilation$44618$3841A$\^function\_.L:1#issueCommand(&lt;function&gt;:124)
	at jdk.nashorn.internal.scripts.Script$Recompilation$44618$3841A$\^function\_.L:1#issueCommand(&lt;function&gt;:124)
	at jdk.nashorn.internal.scripts.Script$Recompilation$44618$3841A$\^function\_.L:1#issueCommand(&lt;function&gt;:124)
	at jdk.nashorn.internal.scripts.Script$Recompilation$44618$3841A$\^function\_.L:1#issueCommand(&lt;function&gt;:124)
	at jdk.nashorn.internal.scripts.Script$Recompilation$44618$3841A$\^function\_.L:1#issueCommand(&lt;function&gt;:124)
	at jdk.nashorn.internal.scripts.Script$Recompilation$44618$3841A$\^function\_.L:1#issueCommand(&lt;function&gt;:124)
	at jdk.nashorn.internal.scripts.Script$Recompilation$44618$3841A$\^function\_.L:1#issueCommand(&lt;function&gt;:124)
	at jdk.nashorn.internal.scripts.Script$Recompilation$44618$3841A$\^function\_.L:1#issueCommand(&lt;function&gt;:124)
	at jdk.nashorn.internal.scripts.Script$Recompilation$44618$3841A$\^function\_.L:1#issueCommand(&lt;function&gt;:124)
	at jdk.nashorn.internal.scripts.Script$Recompilation$44618$3841A$\^function\_.L:1#issueCommand(&lt;function&gt;:124)
	at jdk.nashorn.internal.scripts.Script$Recompilation$44618$3841A$\^function\_.L:1#issueCommand(&lt;function&gt;:124)
	at jdk.nashorn.internal.scripts.Script$Recompilation$44618$3841A$\^function\_.L:1#issueCommand(&lt;function&gt;:124)
	at jdk.nashorn.internal.scripts.Script$Recompilation$44618$3841A$\^function\_.L:1#issueCommand(&lt;function&gt;:124)
	at jdk.nashorn.internal.scripts.Script$Recompilation$44618$3841A$\^function\_.L:1#issueCommand(&lt;function&gt;:124)
	at jdk.nashorn.internal.scripts.Script$Recompilation$44618$3841A$\^function\_.L:1#issueCommand(&lt;function&gt;:124)
	at jdk.nashorn.internal.scripts.Script$Recompilation$44618$3841A$\^function\_.L:1#issueCommand(&lt;function&gt;:124)
	at jdk.nashorn.internal.scripts.Script$Recompilation$44618$3841A$\^function\_.L:1#issueCommand(&lt;function&gt;:124)
	at jdk.nashorn.internal.scripts.Script$Recompilation$44618$3841A$\^function\_.L:1#issueCommand(&lt;function&gt;:124)
	at jdk.nashorn.internal.scripts.Script$Recompilation$44618$3841A$\^function\_.L:1#issueCommand(&lt;function&gt;:124)
	at jdk.nashorn.internal.scripts.Script$Recompilation$44618$3841A$\^function\_.L:1#issueCommand(&lt;function&gt;:124)
	at jdk.nashorn.internal.scripts.Script$Recompilation$44618$3841A$\^function\_.L:1#issueCommand(&lt;function&gt;:124)
	at jdk.nashorn.internal.scripts.Script$Recompilation$44618$3841A$\^function\_.L:1#issueCommand(&lt;function&gt;:124)
	at jdk.nashorn.internal.scripts.Script$Recompilation$44618$3841A$\^function\_.L:1#issueCommand(&lt;function&gt;:124)
	at jdk.nashorn.internal.scripts.Script$Recompilation$44618$3841A$\^function\_.L:1#issueCommand(&lt;function&gt;:124)
	at jdk.nashorn.internal.scripts.Script$Recompilation$44618$3841A$\^function\_.L:1#issueCommand(&lt;function&gt;:124)
	at jdk.nashorn.internal.scripts.Script$Recompilation$44618$3841A$\^function\_.L:1#issueCommand(&lt;function&gt;:124)
	at jdk.nashorn.internal.scripts.Script$Recompilation$44618$3841A$\^function\_.L:1#issueCommand(&lt;function&gt;:124)
	at jdk.nashorn.internal.scripts.Script$Recompilation$44618$3841A$\^function\_.L:1#issueCommand(&lt;function&gt;:124)
	at jdk.nashorn.internal.scripts.Script$Recompilation$44618$3841A$\^function\_.L:1#issueCommand(&lt;function&gt;:124)
	at jdk.nashorn.internal.scripts.Script$Recompilation$44618$3841A$\^function\_.L:1#issueCommand(&lt;function&gt;:124)
	at jdk.nashorn.internal.scripts.Script$Recompilation$44618$3841A$\^function\_.L:1#issueCommand(&lt;function&gt;:124)
	at jdk.nashorn.internal.scripts.Script$Recompilation$44618$3841A$\^function\_.L:1#issueCommand(&lt;function&gt;:124)
	at jdk.nashorn.internal.scripts.Script$Recompilation$44618$3841A$\^function\_.L:1#issueCommand(&lt;function&gt;:124)
	at jdk.nashorn.internal.scripts.Script$Recompilation$44618$3841A$\^function\_.L:1#issueCommand(&lt;function&gt;:124)
	at jdk.nashorn.internal.scripts.Script$Recompilation$44618$3841A$\^function\_.L:1#issueCommand(&lt;function&gt;:124)
	at jdk.nashorn.internal.scripts.Script$Recompilation$44618$3841A$\^function\_.L:1#issueCommand(&lt;function&gt;:124)
	at jdk.nashorn.internal.scripts.Script$Recompilation$44618$3841A$\^function\_.L:1#issueCommand(&lt;function&gt;:124)
	at jdk.nashorn.internal.scripts.Script$Recompilation$44618$3841A$\^function\_.L:1#issueCommand(&lt;function&gt;:124)
	at jdk.nashorn.internal.scripts.Script$Recompilation$44618$3841A$\^function\_.L:1#issueCommand(&lt;function&gt;:124)
	at jdk.nashorn.internal.scripts.Script$Recompilation$44618$3841A$\^function\_.L:1#issueCommand(&lt;function&gt;:124)
	at jdk.nashorn.internal.scripts.Script$Recompilation$44618$3841A$\^function\_.L:1#issueCommand(&lt;function&gt;:124)
	at jdk.nashorn.internal.scripts.Script$Recompilation$44618$3841A$\^function\_.L:1#issueCommand(&lt;function&gt;:124)
	at jdk.nashorn.internal.scripts.Script$Recompilation$44618$3841A$\^function\_.L:1#issueCommand(&lt;function&gt;:124)
	at jdk.nashorn.internal.scripts.Script$Recompilation$44618$3841A$\^function\_.L:1#issueCommand(&lt;function&gt;:124)
	at jdk.nashorn.internal.scripts.Script$Recompilation$44618$3841A$\^function\_.L:1#issueCommand(&lt;function&gt;:124)
	at jdk.nashorn.internal.scripts.Script$Recompilation$44618$3841A$\^function\_.L:1#issueCommand(&lt;function&gt;:124)
	at jdk.nashorn.internal.scripts.Script$Recompilation$44618$3841A$\^function\_.L:1#issueCommand(&lt;function&gt;:124)
	at jdk.nashorn.internal.scripts.Script$Recompilation$44618$3841A$\^function\_.L:1#issueCommand(&lt;function&gt;:124)
	at jdk.nashorn.internal.scripts.Script$Recompilation$44618$3841A$\^function\_.L:1#issueCommand(&lt;function&gt;:124)
	at jdk.nashorn.internal.scripts.Script$Recompilation$44618$3841A$\^function\_.L:1#issueCommand(&lt;function&gt;:124)
	at jdk.nashorn.internal.scripts.Script$Recompilation$44618$3841A$\^function\_.L:1#issueCommand(&lt;function&gt;:124)
	at jdk.nashorn.internal.scripts.Script$Recompilation$44618$3841A$\^function\_.L:1#issueCommand(&lt;function&gt;:124)
	at jdk.nashorn.internal.scripts.Script$Recompilation$44618$3841A$\^function\_.L:1#issueCommand(&lt;function&gt;:124)
	at jdk.nashorn.internal.scripts.Script$Recompilation$44618$3841A$\^function\_.L:1#issueCommand(&lt;function&gt;:124)
	at jdk.nashorn.internal.scripts.Script$Recompilation$44618$3841A$\^function\_.L:1#issueCommand(&lt;function&gt;:124)
	at jdk.nashorn.internal.scripts.Script$Recompilation$44618$3841A$\^function\_.L:1#issueCommand(&lt;function&gt;:124)
	at jdk.nashorn.internal.scripts.Script$Recompilation$44618$3841A$\^function\_.L:1#issueCommand(&lt;function&gt;:124)
	at jdk.nashorn.internal.scripts.Script$Recompilation$44618$3841A$\^function\_.L:1#issueCommand(&lt;function&gt;:124)
	at jdk.nashorn.internal.scripts.Script$Recompilation$44618$3841A$\^function\_.L:1#issueCommand(&lt;function&gt;:124)
	at jdk.nashorn.internal.scripts.Script$Recompilation$44618$3841A$\^function\_.L:1#issueCommand(&lt;function&gt;:124)
	at jdk.nashorn.internal.scripts.Script$Recompilation$44618$3841A$\^function\_.L:1#issueCommand(&lt;function&gt;:124)
	at jdk.nashorn.internal.scripts.Script$Recompilation$44618$3841A$\^function\_.L:1#issueCommand(&lt;function&gt;:124)
	at jdk.nashorn.internal.scripts.Script$Recompilation$44618$3841A$\^function\_.L:1#issueCommand(&lt;function&gt;:124)
	at jdk.nashorn.internal.scripts.Script$Recompilation$44618$3841A$\^function\_.L:1#issueCommand(&lt;function&gt;:124)
	at jdk.nashorn.internal.scripts.Script$Recompilation$44618$3841A$\^function\_.L:1#issueCommand(&lt;function&gt;:124)
	at jdk.nashorn.internal.scripts.Script$Recompilation$44618$3841A$\^function\_.L:1#issueCommand(&lt;function&gt;:124)
	at jdk.nashorn.internal.scripts.Script$Recompilation$44618$3841A$\^function\_.L:1#issueCommand(&lt;function&gt;:124)
	at jdk.nashorn.internal.scripts.Script$Recompilation$44618$3841A$\^function\_.L:1#issueCommand(&lt;function&gt;:124)
	at jdk.nashorn.internal.scripts.Script$Recompilation$44618$3841A$\^function\_.L:1#issueCommand(&lt;function&gt;:124)
	at jdk.nashorn.internal.scripts.Script$Recompilation$44618$3841A$\^function\_.L:1#issueCommand(&lt;function&gt;:124)
	at jdk.nashorn.internal.scripts.Script$Recompilation$44618$3841A$\^function\_.L:1#issueCommand(&lt;function&gt;:124)
	at jdk.nashorn.internal.scripts.Script$Recompilation$44618$3841A$\^function\_.L:1#issueCommand(&lt;function&gt;:124)
	at jdk.nashorn.internal.scripts.Script$Recompilation$44618$3841A$\^function\_.L:1#issueCommand(&lt;function&gt;:124)
	at jdk.nashorn.internal.scripts.Script$Recompilation$44618$3841A$\^function\_.L:1#issueCommand(&lt;function&gt;:124)
	at jdk.nashorn.internal.scripts.Script$Recompilation$44618$3841A$\^function\_.L:1#issueCommand(&lt;function&gt;:124)
	at jdk.nashorn.internal.scripts.Script$Recompilation$44618$3841A$\^function\_.L:1#issueCommand(&lt;function&gt;:124)
	at jdk.nashorn.internal.scripts.Script$Recompilation$44618$3841A$\^function\_.L:1#issueCommand(&lt;function&gt;:124)
	at jdk.nashorn.internal.scripts.Script$Recompilation$44618$3841A$\^function\_.L:1#issueCommand(&lt;function&gt;:124)
	at jdk.nashorn.internal.scripts.Script$Recompilation$44618$3841A$\^function\_.L:1#issueCommand(&lt;function&gt;:124)
	at jdk.nashorn.internal.scripts.Script$Recompilation$44618$3841A$\^function\_.L:1#issueCommand(&lt;function&gt;:124)
	at jdk.nashorn.internal.scripts.Script$Recompilation$44618$3841A$\^function\_.L:1#issueCommand(&lt;function&gt;:124)
	at jdk.nashorn.internal.scripts.Script$Recompilation$44618$3841A$\^function\_.L:1#issueCommand(&lt;function&gt;:124)
	at jdk.nashorn.internal.scripts.Script$Recompilation$44618$3841A$\^function\_.L:1#issueCommand(&lt;function&gt;:124)
	at jdk.nashorn.internal.scripts.Script$Recompilation$44618$3841A$\^function\_.L:1#issueCommand(&lt;function&gt;:124)
	at jdk.nashorn.internal.scripts.Script$Recompilation$44618$3841A$\^function\_.L:1#issueCommand(&lt;function&gt;:124)
	at jdk.nashorn.internal.scripts.Script$Recompilation$44618$3841A$\^function\_.L:1#issueCommand(&lt;function&gt;:124)
	at jdk.nashorn.internal.scripts.Script$Recompilation$44618$3841A$\^function\_.L:1#issueCommand(&lt;function&gt;:124)
	at jdk.nashorn.internal.scripts.Script$Recompilation$44618$3841A$\^function\_.L:1#issueCommand(&lt;function&gt;:124)
	at jdk.nashorn.internal.scripts.Script$Recompilation$44618$3841A$\^function\_.L:1#issueCommand(&lt;function&gt;:124)
	at jdk.nashorn.internal.scripts.Script$Recompilation$44618$3841A$\^function\_.L:1#issueCommand(&lt;function&gt;:124)
	at jdk.nashorn.internal.scripts.Script$Recompilation$44618$3841A$\^function\_.L:1#issueCommand(&lt;function&gt;:124)
	at jdk.nashorn.internal.scripts.Script$Recompilation$44618$3841A$\^function\_.L:1#issueCommand(&lt;function&gt;:124)
	at jdk.nashorn.internal.scripts.Script$Recompilation$44618$3841A$\^function\_.L:1#issueCommand(&lt;function&gt;:124)
	at jdk.nashorn.internal.scripts.Script$Recompilation$44618$3841A$\^function\_.L:1#issueCommand(&lt;function&gt;:124)
	at jdk.nashorn.internal.scripts.Script$Recompilation$44618$3841A$\^function\_.L:1#issueCommand(&lt;function&gt;:124)
	at jdk.nashorn.internal.scripts.Script$Recompilation$44618$3841A$\^function\_.L:1#issueCommand(&lt;function&gt;:124)
	at jdk.nashorn.internal.scripts.Script$Recompilation$44618$3841A$\^function\_.L:1#issueCommand(&lt;function&gt;:124)
	at jdk.nashorn.internal.scripts.Script$Recompilation$44618$3841A$\^function\_.L:1#issueCommand(&lt;function&gt;:124)
	at jdk.nashorn.internal.scripts.Script$Recompilation$44618$3841A$\^function\_.L:1#issueCommand(&lt;function&gt;:124)
	at jdk.nashorn.internal.scripts.Script$Recompilation$44618$3841A$\^function\_.L:1#issueCommand(&lt;function&gt;:124)
	at jdk.nashorn.internal.scripts.Script$Recompilation$44618$3841A$\^function\_.L:1#issueCommand(&lt;function&gt;:124)
	at jdk.nashorn.internal.scripts.Script$Recompilation$44618$3841A$\^function\_.L:1#issueCommand(&lt;function&gt;:124)
	at jdk.nashorn.internal.scripts.Script$Recompilation$44618$3841A$\^function\_.L:1#issueCommand(&lt;function&gt;:124)
	at jdk.nashorn.internal.scripts.Script$Recompilation$44618$3841A$\^function\_.L:1#issueCommand(&lt;function&gt;:124)
	at jdk.nashorn.internal.scripts.Script$Recompilation$44618$3841A$\^function\_.L:1#issueCommand(&lt;function&gt;:124)
	at jdk.nashorn.internal.scripts.Script$Recompilation$44618$3841A$\^function\_.L:1#issueCommand(&lt;function&gt;:124)
	at jdk.nashorn.internal.scripts.Script$Recompilation$44618$3841A$\^function\_.L:1#issueCommand(&lt;function&gt;:124)
	at jdk.nashorn.internal.scripts.Script$Recompilation$44618$3841A$\^function\_.L:1#issueCommand(&lt;function&gt;:124)
	at jdk.nashorn.internal.scripts.Script$Recompilation$44618$3841A$\^function\_.L:1#issueCommand(&lt;function&gt;:124)
	at jdk.nashorn.internal.scripts.Script$Recompilation$44618$3841A$\^function\_.L:1#issueCommand(&lt;function&gt;:124)
	at jdk.nashorn.internal.scripts.Script$Recompilation$44618$3841A$\^function\_.L:1#issueCommand(&lt;function&gt;:124)
	at jdk.nashorn.internal.scripts.Script$Recompilation$44618$3841A$\^function\_.L:1#issueCommand(&lt;function&gt;:124)
	at jdk.nashorn.internal.scripts.Script$Recompilation$44618$3841A$\^function\_.L:1#issueCommand(&lt;function&gt;:124)
	at jdk.nashorn.internal.scripts.Script$Recompilation$44618$3841A$\^function\_.L:1#issueCommand(&lt;function&gt;:124)
	at jdk.nashorn.internal.scripts.Script$Recompilation$44618$3841A$\^function\_.L:1#issueCommand(&lt;function&gt;:124)
	at jdk.nashorn.internal.scripts.Script$Recompilation$44618$3841A$\^function\_.L:1#issueCommand(&lt;function&gt;:124)
	at jdk.nashorn.internal.scripts.Script$Recompilation$44618$3841A$\^function\_.L:1#issueCommand(&lt;function&gt;:124)
	at jdk.nashorn.internal.scripts.Script$Recompilation$44618$3841A$\^function\_.L:1#issueCommand(&lt;function&gt;:124)
	at jdk.nashorn.internal.scripts.Script$Recompilation$44618$3841A$\^function\_.L:1#issueCommand(&lt;function&gt;:124)
	at jdk.nashorn.internal.scripts.Script$Recompilation$44618$3841A$\^function\_.L:1#issueCommand(&lt;function&gt;:124)
	at jdk.nashorn.internal.scripts.Script$Recompilation$44618$3841A$\^function\_.L:1#issueCommand(&lt;function&gt;:124)
	at jdk.nashorn.internal.scripts.Script$Recompilation$44618$3841A$\^function\_.L:1#issueCommand(&lt;function&gt;:124)
	at jdk.nashorn.internal.scripts.Script$Recompilation$44618$3841A$\^function\_.L:1#issueCommand(&lt;function&gt;:124)
	at jdk.nashorn.internal.scripts.Script$Recompilation$44618$3841A$\^function\_.L:1#issueCommand(&lt;function&gt;:124)
	at jdk.nashorn.internal.scripts.Script$Recompilation$44618$3841A$\^function\_.L:1#issueCommand(&lt;function&gt;:124)
	at jdk.nashorn.internal.scripts.Script$Recompilation$44618$3841A$\^function\_.L:1#issueCommand(&lt;function&gt;:124)
	at jdk.nashorn.internal.scripts.Script$Recompilation$44618$3841A$\^function\_.L:1#issueCommand(&lt;function&gt;:124)
	at jdk.nashorn.internal.scripts.Script$Recompilation$44618$3841A$\^function\_.L:1#issueCommand(&lt;function&gt;:124)
	at jdk.nashorn.internal.scripts.Script$Recompilation$44618$3841A$\^function\_.L:1#issueCommand(&lt;function&gt;:124)
	at jdk.nashorn.internal.scripts.Script$Recompilation$44618$3841A$\^function\_.L:1#issueCommand(&lt;function&gt;:124)
	at jdk.nashorn.internal.scripts.Script$Recompilation$44618$3841A$\^function\_.L:1#issueCommand(&lt;function&gt;:124)
	at jdk.nashorn.internal.scripts.Script$Recompilation$44618$3841A$\^function\_.L:1#issueCommand(&lt;function&gt;:124)
	at jdk.nashorn.internal.scripts.Script$Recompilation$44618$3841A$\^function\_.L:1#issueCommand(&lt;function&gt;:124)
	at jdk.nashorn.internal.scripts.Script$Recompilation$44618$3841A$\^function\_.L:1#issueCommand(&lt;function&gt;:124)
	at jdk.nashorn.internal.scripts.Script$Recompilation$44618$3841A$\^function\_.L:1#issueCommand(&lt;function&gt;:124)
	at jdk.nashorn.internal.scripts.Script$Recompilation$44618$3841A$\^function\_.L:1#issueCommand(&lt;function&gt;:124)
	at jdk.nashorn.internal.scripts.Script$Recompilation$44618$3841A$\^function\_.L:1#issueCommand(&lt;function&gt;:124)
	at jdk.nashorn.internal.scripts.Script$Recompilation$44618$3841A$\^function\_.L:1#issueCommand(&lt;function&gt;:124)
	at jdk.nashorn.internal.scripts.Script$Recompilation$44618$3841A$\^function\_.L:1#issueCommand(&lt;function&gt;:124)
	at jdk.nashorn.internal.scripts.Script$Recompilation$44618$3841A$\^function\_.L:1#issueCommand(&lt;function&gt;:124)
	at jdk.nashorn.internal.scripts.Script$Recompilation$44618$3841A$\^function\_.L:1#issueCommand(&lt;function&gt;:124)
	at jdk.nashorn.internal.scripts.Script$Recompilation$44618$3841A$\^function\_.L:1#issueCommand(&lt;function&gt;:124)
	at jdk.nashorn.internal.scripts.Script$Recompilation$44618$3841A$\^function\_.L:1#issueCommand(&lt;function&gt;:124)
	at jdk.nashorn.internal.scripts.Script$Recompilation$44618$3841A$\^function\_.L:1#issueCommand(&lt;function&gt;:124)
	at jdk.nashorn.internal.scripts.Script$Recompilation$44618$3841A$\^function\_.L:1#issueCommand(&lt;function&gt;:124)
	at jdk.nashorn.internal.scripts.Script$Recompilation$44618$3841A$\^function\_.L:1#issueCommand(&lt;function&gt;:124)
	at jdk.nashorn.internal.scripts.Script$Recompilation$44618$3841A$\^function\_.L:1#issueCommand(&lt;function&gt;:124)
	at jdk.nashorn.internal.scripts.Script$Recompilation$44618$3841A$\^function\_.L:1#issueCommand(&lt;function&gt;:124)
	at jdk.nashorn.internal.scripts.Script$Recompilation$44618$3841A$\^function\_.L:1#issueCommand(&lt;function&gt;:124)
	at jdk.nashorn.internal.scripts.Script$Recompilation$44618$3841A$\^function\_.L:1#issueCommand(&lt;function&gt;:124)
	at jdk.nashorn.internal.scripts.Script$Recompilation$44618$3841A$\^function\_.L:1#issueCommand(&lt;function&gt;:124)
	at jdk.nashorn.internal.scripts.Script$Recompilation$44618$3841A$\^function\_.L:1#issueCommand(&lt;function&gt;:124)
	at jdk.nashorn.internal.scripts.Script$Recompilation$44618$3841A$\^function\_.L:1#issueCommand(&lt;function&gt;:124)
	at jdk.nashorn.internal.scripts.Script$Recompilation$44618$3841A$\^function\_.L:1#issueCommand(&lt;function&gt;:124)
	at jdk.nashorn.internal.scripts.Script$Recompilation$44618$3841A$\^function\_.L:1#issueCommand(&lt;function&gt;:124)
	at jdk.nashorn.internal.scripts.Script$Recompilation$44618$3841A$\^function\_.L:1#issueCommand(&lt;function&gt;:124)
	at jdk.nashorn.internal.scripts.Script$Recompilation$44618$3841A$\^function\_.L:1#issueCommand(&lt;function&gt;:124)
	at jdk.nashorn.internal.scripts.Script$Recompilation$44618$3841A$\^function\_.L:1#issueCommand(&lt;function&gt;:124)
	at jdk.nashorn.internal.scripts.Script$Recompilation$44618$3841A$\^function\_.L:1#issueCommand(&lt;function&gt;:124)
	at jdk.nashorn.internal.scripts.Script$Recompilation$44618$3841A$\^function\_.L:1#issueCommand(&lt;function&gt;:124)
	at jdk.nashorn.internal.scripts.Script$Recompilation$44618$3841A$\^function\_.L:1#issueCommand(&lt;function&gt;:124)
	at jdk.nashorn.internal.scripts.Script$Recompilation$44618$3841A$\^function\_.L:1#issueCommand(&lt;function&gt;:124)
	at jdk.nashorn.internal.scripts.Script$Recompilation$44618$3841A$\^function\_.L:1#issueCommand(&lt;function&gt;:124)
	at jdk.nashorn.internal.scripts.Script$Recompilation$44618$3841A$\^function\_.L:1#issueCommand(&lt;function&gt;:124)
	at jdk.nashorn.internal.scripts.Script$Recompilation$44618$3841A$\^function\_.L:1#issueCommand(&lt;function&gt;:124)
	at jdk.nashorn.internal.scripts.Script$Recompilation$44618$3841A$\^function\_.L:1#issueCommand(&lt;function&gt;:124)
	at jdk.nashorn.internal.scripts.Script$Recompilation$44618$3841A$\^function\_.L:1#issueCommand(&lt;function&gt;:124)
	at jdk.nashorn.internal.scripts.Script$Recompilation$44618$3841A$\^function\_.L:1#issueCommand(&lt;function&gt;:124)
	at jdk.nashorn.internal.scripts.Script$Recompilation$44618$3841A$\^function\_.L:1#issueCommand(&lt;function&gt;:124)
	at jdk.nashorn.internal.scripts.Script$Recompilation$44618$3841A$\^function\_.L:1#issueCommand(&lt;function&gt;:124)
	at jdk.nashorn.internal.scripts.Script$Recompilation$44618$3841A$\^function\_.L:1#issueCommand(&lt;function&gt;:124)
	at jdk.nashorn.internal.scripts.Script$Recompilation$44618$3841A$\^function\_.L:1#issueCommand(&lt;function&gt;:124)
	at jdk.nashorn.internal.scripts.Script$Recompilation$44618$3841A$\^function\_.L:1#issueCommand(&lt;function&gt;:124)
	at jdk.nashorn.internal.scripts.Script$Recompilation$44618$3841A$\^function\_.L:1#issueCommand(&lt;function&gt;:124)
	at jdk.nashorn.internal.scripts.Script$Recompilation$44618$3841A$\^function\_.L:1#issueCommand(&lt;function&gt;:124)
	at jdk.nashorn.internal.scripts.Script$Recompilation$44618$3841A$\^function\_.L:1#issueCommand(&lt;function&gt;:124)
	at jdk.nashorn.internal.scripts.Script$Recompilation$44618$3841A$\^function\_.L:1#issueCommand(&lt;function&gt;:124)
	at jdk.nashorn.internal.scripts.Script$Recompilation$44618$3841A$\^function\_.L:1#issueCommand(&lt;function&gt;:124)
	at jdk.nashorn.internal.scripts.Script$Recompilation$44618$3841A$\^function\_.L:1#issueCommand(&lt;function&gt;:124)
	at jdk.nashorn.internal.scripts.Script$Recompilation$44618$3841A$\^function\_.L:1#issueCommand(&lt;function&gt;:124)
	at jdk.nashorn.internal.scripts.Script$Recompilation$44618$3841A$\^function\_.L:1#issueCommand(&lt;function&gt;:124)
	at jdk.nashorn.internal.scripts.Script$Recompilation$44618$3841A$\^function\_.L:1#issueCommand(&lt;function&gt;:124)
	at jdk.nashorn.internal.scripts.Script$Recompilation$44618$3841A$\^function\_.L:1#issueCommand(&lt;function&gt;:124)
	at jdk.nashorn.internal.scripts.Script$Recompilation$44618$3841A$\^function\_.L:1#issueCommand(&lt;function&gt;:124)
	at jdk.nashorn.internal.scripts.Script$Recompilation$44618$3841A$\^function\_.L:1#issueCommand(&lt;function&gt;:124)
	at jdk.nashorn.internal.scripts.Script$Recompilation$44618$3841A$\^function\_.L:1#issueCommand(&lt;function&gt;:124)
	at jdk.nashorn.internal.scripts.Script$Recompilation$44618$3841A$\^function\_.L:1#issueCommand(&lt;function&gt;:124)
	at jdk.nashorn.internal.scripts.Script$Recompilation$44618$3841A$\^function\_.L:1#issueCommand(&lt;function&gt;:124)
	at jdk.nashorn.internal.scripts.Script$Recompilation$44618$3841A$\^function\_.L:1#issueCommand(&lt;function&gt;:124)
	at jdk.nashorn.internal.scripts.Script$Recompilation$44618$3841A$\^function\_.L:1#issueCommand(&lt;function&gt;:124)
	at jdk.nashorn.internal.scripts.Script$Recompilation$44618$3841A$\^function\_.L:1#issueCommand(&lt;function&gt;:124)
	at jdk.nashorn.internal.scripts.Script$Recompilation$44618$3841A$\^function\_.L:1#issueCommand(&lt;function&gt;:124)
	at jdk.nashorn.internal.scripts.Script$Recompilation$44618$3841A$\^function\_.L:1#issueCommand(&lt;function&gt;:124)
	at jdk.nashorn.internal.scripts.Script$Recompilation$44618$3841A$\^function\_.L:1#issueCommand(&lt;function&gt;:124)
	at jdk.nashorn.internal.scripts.Script$Recompilation$44618$3841A$\^function\_.L:1#issueCommand(&lt;function&gt;:124)
	at jdk.nashorn.internal.scripts.Script$Recompilation$44618$3841A$\^function\_.L:1#issueCommand(&lt;function&gt;:124)
	at jdk.nashorn.internal.scripts.Script$Recompilation$44618$3841A$\^function\_.L:1#issueCommand(&lt;function&gt;:124)
	at jdk.nashorn.internal.scripts.Script$Recompilation$44618$3841A$\^function\_.L:1#issueCommand(&lt;function&gt;:124)
	at jdk.nashorn.internal.scripts.Script$Recompilation$44618$3841A$\^function\_.L:1#issueCommand(&lt;function&gt;:124)
	at jdk.nashorn.internal.scripts.Script$Recompilation$44618$3841A$\^function\_.L:1#issueCommand(&lt;function&gt;:124)
	at jdk.nashorn.internal.scripts.Script$Recompilation$44618$3841A$\^function\_.L:1#issueCommand(&lt;function&gt;:124)
	at jdk.nashorn.internal.scripts.Script$Recompilation$44618$3841A$\^function\_.L:1#issueCommand(&lt;function&gt;:124)
	at jdk.nashorn.internal.scripts.Script$Recompilation$44618$3841A$\^function\_.L:1#issueCommand(&lt;function&gt;:124)
	at jdk.nashorn.internal.scripts.Script$Recompilation$44618$3841A$\^function\_.L:1#issueCommand(&lt;function&gt;:124)
	at jdk.nashorn.internal.scripts.Script$Recompilation$44618$3841A$\^function\_.L:1#issueCommand(&lt;function&gt;:124)
	at jdk.nashorn.internal.scripts.Script$Recompilation$44618$3841A$\^function\_.L:1#issueCommand(&lt;function&gt;:124)
	at jdk.nashorn.internal.scripts.Script$Recompilation$44618$3841A$\^function\_.L:1#issueCommand(&lt;function&gt;:124)
	at jdk.nashorn.internal.scripts.Script$Recompilation$44618$3841A$\^function\_.L:1#issueCommand(&lt;function&gt;:124)
	at jdk.nashorn.internal.scripts.Script$Recompilation$44618$3841A$\^function\_.L:1#issueCommand(&lt;function&gt;:124)
	at jdk.nashorn.internal.scripts.Script$Recompilation$44618$3841A$\^function\_.L:1#issueCommand(&lt;function&gt;:124)
	at jdk.nashorn.internal.scripts.Script$Recompilation$44618$3841A$\^function\_.L:1#issueCommand(&lt;function&gt;:124)
	at jdk.nashorn.internal.scripts.Script$Recompilation$44618$3841A$\^function\_.L:1#issueCommand(&lt;function&gt;:124)
	at jdk.nashorn.internal.scripts.Script$Recompilation$44618$3841A$\^function\_.L:1#issueCommand(&lt;function&gt;:124)
	at jdk.nashorn.internal.scripts.Script$Recompilation$44618$3841A$\^function\_.L:1#issueCommand(&lt;function&gt;:124)
	at jdk.nashorn.internal.scripts.Script$Recompilation$44618$3841A$\^function\_.L:1#issueCommand(&lt;function&gt;:124)
	at jdk.nashorn.internal.scripts.Script$Recompilation$44618$3841A$\^function\_.L:1#issueCommand(&lt;function&gt;:124)
	at jdk.nashorn.internal.scripts.Script$Recompilation$44618$3841A$\^function\_.L:1#issueCommand(&lt;function&gt;:124)
	at jdk.nashorn.internal.scripts.Script$Recompilation$44618$3841A$\^function\_.L:1#issueCommand(&lt;function&gt;:124)
	at jdk.nashorn.internal.scripts.Script$Recompilation$44618$3841A$\^function\_.L:1#issueCommand(&lt;function&gt;:124)
	at jdk.nashorn.internal.scripts.Script$Recompilation$44618$3841A$\^function\_.L:1#issueCommand(&lt;function&gt;:124)
	at jdk.nashorn.internal.scripts.Script$Recompilation$44618$3841A$\^function\_.L:1#issueCommand(&lt;function&gt;:124)
	at jdk.nashorn.internal.scripts.Script$Recompilation$44618$3841A$\^function\_.L:1#issueCommand(&lt;function&gt;:124)
	at jdk.nashorn.internal.scripts.Script$Recompilation$44618$3841A$\^function\_.L:1#issueCommand(&lt;function&gt;:124)
	at jdk.nashorn.internal.scripts.Script$Recompilation$44618$3841A$\^function\_.L:1#issueCommand(&lt;function&gt;:124)
	at jdk.nashorn.internal.scripts.Script$Recompilation$44618$3841A$\^function\_.L:1#issueCommand(&lt;function&gt;:124)
	at jdk.nashorn.internal.scripts.Script$Recompilation$44618$3841A$\^function\_.L:1#issueCommand(&lt;function&gt;:124)
	at jdk.nashorn.internal.scripts.Script$Recompilation$44618$3841A$\^function\_.L:1#issueCommand(&lt;function&gt;:124)
	at jdk.nashorn.internal.scripts.Script$Recompilation$44618$3841A$\^function\_.L:1#issueCommand(&lt;function&gt;:124)
	at jdk.nashorn.internal.scripts.Script$Recompilation$44618$3841A$\^function\_.L:1#issueCommand(&lt;function&gt;:124)
	at jdk.nashorn.internal.scripts.Script$Recompilation$44618$3841A$\^function\_.L:1#issueCommand(&lt;function&gt;:124)
	at jdk.nashorn.internal.scripts.Script$Recompilation$44618$3841A$\^function\_.L:1#issueCommand(&lt;function&gt;:124)
	at jdk.nashorn.internal.scripts.Script$Recompilation$44618$3841A$\^function\_.L:1#issueCommand(&lt;function&gt;:124)
	at jdk.nashorn.internal.scripts.Script$Recompilation$44618$3841A$\^function\_.L:1#issueCommand(&lt;function&gt;:124)
	at jdk.nashorn.internal.scripts.Script$Recompilation$44618$3841A$\^function\_.L:1#issueCommand(&lt;function&gt;:124)
	at jdk.nashorn.internal.scripts.Script$Recompilation$44618$3841A$\^function\_.L:1#issueCommand(&lt;function&gt;:124)
	at jdk.nashorn.internal.scripts.Script$Recompilation$44618$3841A$\^function\_.L:1#issueCommand(&lt;function&gt;:124)
	at jdk.nashorn.internal.scripts.Script$Recompilation$44618$3841A$\^function\_.L:1#issueCommand(&lt;function&gt;:124)
	at jdk.nashorn.internal.scripts.Script$Recompilation$44618$3841A$\^function\_.L:1#issueCommand(&lt;function&gt;:124)
	at jdk.nashorn.internal.scripts.Script$Recompilation$44618$3841A$\^function\_.L:1#issueCommand(&lt;function&gt;:124)
	at jdk.nashorn.internal.scripts.Script$Recompilation$44618$3841A$\^function\_.L:1#issueCommand(&lt;function&gt;:124)
	at jdk.nashorn.internal.scripts.Script$Recompilation$44618$3841A$\^function\_.L:1#issueCommand(&lt;function&gt;:124)
	at jdk.nashorn.internal.scripts.Script$Recompilation$44618$3841A$\^function\_.L:1#issueCommand(&lt;function&gt;:124)
	at jdk.nashorn.internal.scripts.Script$Recompilation$44618$3841A$\^function\_.L:1#issueCommand(&lt;function&gt;:124)
	at jdk.nashorn.internal.scripts.Script$Recompilation$44618$3841A$\^function\_.L:1#issueCommand(&lt;function&gt;:124)
	at jdk.nashorn.internal.scripts.Script$Recompilation$44618$3841A$\^function\_.L:1#issueCommand(&lt;function&gt;:124)
	at jdk.nashorn.internal.scripts.Script$Recompilation$44618$3841A$\^function\_.L:1#issueCommand(&lt;function&gt;:124)
	at jdk.nashorn.internal.scripts.Script$Recompilation$44618$3841A$\^function\_.L:1#issueCommand(&lt;function&gt;:124)
	at jdk.nashorn.internal.scripts.Script$Recompilation$44618$3841A$\^function\_.L:1#issueCommand(&lt;function&gt;:124)
	at jdk.nashorn.internal.scripts.Script$Recompilation$44618$3841A$\^function\_.L:1#issueCommand(&lt;function&gt;:124)
	at jdk.nashorn.internal.scripts.Script$Recompilation$44618$3841A$\^function\_.L:1#issueCommand(&lt;function&gt;:124)
	at jdk.nashorn.internal.scripts.Script$Recompilation$44618$3841A$\^function\_.L:1#issueCommand(&lt;function&gt;:124)
	at jdk.nashorn.internal.scripts.Script$Recompilation$44618$3841A$\^function\_.L:1#issueCommand(&lt;function&gt;:124)
	at jdk.nashorn.internal.scripts.Script$Recompilation$44618$3841A$\^function\_.L:1#issueCommand(&lt;function&gt;:124)
	at jdk.nashorn.internal.scripts.Script$Recompilation$44618$3841A$\^function\_.L:1#issueCommand(&lt;function&gt;:124)
	at jdk.nashorn.internal.scripts.Script$Recompilation$44618$3841A$\^function\_.L:1#issueCommand(&lt;function&gt;:124)
	at jdk.nashorn.internal.scripts.Script$Recompilation$44618$3841A$\^function\_.L:1#issueCommand(&lt;function&gt;:124)
	at jdk.nashorn.internal.scripts.Script$Recompilation$44618$3841A$\^function\_.L:1#issueCommand(&lt;function&gt;:124)
	at jdk.nashorn.internal.scripts.Script$Recompilation$44618$3841A$\^function\_.L:1#issueCommand(&lt;function&gt;:124)
	at jdk.nashorn.internal.scripts.Script$Recompilation$44618$3841A$\^function\_.L:1#issueCommand(&lt;function&gt;:124)
	at jdk.nashorn.internal.scripts.Script$Recompilation$44618$3841A$\^function\_.L:1#issueCommand(&lt;function&gt;:124)
	at jdk.nashorn.internal.scripts.Script$Recompilation$44618$3841A$\^function\_.L:1#issueCommand(&lt;function&gt;:124)
	at jdk.nashorn.internal.scripts.Script$Recompilation$44618$3841A$\^function\_.L:1#issueCommand(&lt;function&gt;:124)
	at jdk.nashorn.internal.scripts.Script$Recompilation$44618$3841A$\^function\_.L:1#issueCommand(&lt;function&gt;:124)
	at jdk.nashorn.internal.scripts.Script$Recompilation$44618$3841A$\^function\_.L:1#issueCommand(&lt;function&gt;:124)
	at jdk.nashorn.internal.scripts.Script$Recompilation$44618$3841A$\^function\_.L:1#issueCommand(&lt;function&gt;:124)
	at jdk.nashorn.internal.scripts.Script$Recompilation$44618$3841A$\^function\_.L:1#issueCommand(&lt;function&gt;:124)
	at jdk.nashorn.internal.scripts.Script$Recompilation$44618$3841A$\^function\_.L:1#issueCommand(&lt;function&gt;:124)
	at jdk.nashorn.internal.scripts.Script$Recompilation$44618$3841A$\^function\_.L:1#issueCommand(&lt;function&gt;:124)
	at jdk.nashorn.internal.scripts.Script$Recompilation$44618$3841A$\^function\_.L:1#issueCommand(&lt;function&gt;:124)
	at jdk.nashorn.internal.scripts.Script$Recompilation$44618$3841A$\^function\_.L:1#issueCommand(&lt;function&gt;:124)
	at jdk.nashorn.internal.scripts.Script$Recompilation$44618$3841A$\^function\_.L:1#issueCommand(&lt;function&gt;:124)
	at jdk.nashorn.internal.scripts.Script$Recompilation$44618$3841A$\^function\_.L:1#issueCommand(&lt;function&gt;:124)
	at jdk.nashorn.internal.scripts.Script$Recompilation$44618$3841A$\^function\_.L:1#issueCommand(&lt;function&gt;:124)
	at jdk.nashorn.internal.scripts.Script$Recompilation$44618$3841A$\^function\_.L:1#issueCommand(&lt;function&gt;:124)
	at jdk.nashorn.internal.scripts.Script$Recompilation$44618$3841A$\^function\_.L:1#issueCommand(&lt;function&gt;:124)
	at jdk.nashorn.internal.scripts.Script$Recompilation$44618$3841A$\^function\_.L:1#issueCommand(&lt;function&gt;:124)
	at jdk.nashorn.internal.scripts.Script$Recompilation$44618$3841A$\^function\_.L:1#issueCommand(&lt;function&gt;:124)
	at jdk.nashorn.internal.scripts.Script$Recompilation$44618$3841A$\^function\_.L:1#issueCommand(&lt;function&gt;:124)
	at jdk.nashorn.internal.scripts.Script$Recompilation$44618$3841A$\^function\_.L:1#issueCommand(&lt;function&gt;:124)
	at jdk.nashorn.internal.scripts.Script$Recompilation$44618$3841A$\^function\_.L:1#issueCommand(&lt;function&gt;:124)
	at jdk.nashorn.internal.scripts.Script$Recompilation$44618$3841A$\^function\_.L:1#issueCommand(&lt;function&gt;:124)
	at jdk.nashorn.internal.scripts.Script$Recompilation$44618$3841A$\^function\_.L:1#issueCommand(&lt;function&gt;:124)
	at jdk.nashorn.internal.scripts.Script$Recompilation$44618$3841A$\^function\_.L:1#issueCommand(&lt;function&gt;:124)
	at jdk.nashorn.internal.scripts.Script$Recompilation$44618$3841A$\^function\_.L:1#issueCommand(&lt;function&gt;:124)
	at jdk.nashorn.internal.scripts.Script$Recompilation$44618$3841A$\^function\_.L:1#issueCommand(&lt;function&gt;:124)
	at jdk.nashorn.internal.scripts.Script$Recompilation$44618$3841A$\^function\_.L:1#issueCommand(&lt;function&gt;:124)
	at jdk.nashorn.internal.scripts.Script$Recompilation$44618$3841A$\^function\_.L:1#issueCommand(&lt;function&gt;:124)
	at jdk.nashorn.internal.scripts.Script$Recompilation$44618$3841A$\^function\_.L:1#issueCommand(&lt;function&gt;:124)
	at jdk.nashorn.internal.scripts.Script$Recompilation$44618$3841A$\^function\_.L:1#issueCommand(&lt;function&gt;:124)
	at jdk.nashorn.internal.scripts.Script$Recompilation$44618$3841A$\^function\_.L:1#issueCommand(&lt;function&gt;:124)
	at jdk.nashorn.internal.scripts.Script$Recompilation$44618$3841A$\^function\_.L:1#issueCommand(&lt;function&gt;:124)
	at jdk.nashorn.internal.scripts.Script$Recompilation$44618$3841A$\^function\_.L:1#issueCommand(&lt;function&gt;:124)
	at jdk.nashorn.internal.scripts.Script$Recompilation$44618$3841A$\^function\_.L:1#issueCommand(&lt;function&gt;:124)
	at jdk.nashorn.internal.scripts.Script$Recompilation$44618$3841A$\^function\_.L:1#issueCommand(&lt;function&gt;:124)
	at jdk.nashorn.internal.scripts.Script$Recompilation$44618$3841A$\^function\_.L:1#issueCommand(&lt;function&gt;:124)
	at jdk.nashorn.internal.scripts.Script$Recompilation$44618$3841A$\^function\_.L:1#issueCommand(&lt;function&gt;:124)
	at jdk.nashorn.internal.scripts.Script$Recompilation$44618$3841A$\^function\_.L:1#issueCommand(&lt;function&gt;:124)
	at jdk.nashorn.internal.scripts.Script$Recompilation$44618$3841A$\^function\_.L:1#issueCommand(&lt;function&gt;:124)
	at jdk.nashorn.internal.scripts.Script$Recompilation$44618$3841A$\^function\_.L:1#issueCommand(&lt;function&gt;:124)
	at jdk.nashorn.internal.scripts.Script$Recompilation$44618$3841A$\^function\_.L:1#issueCommand(&lt;function&gt;:124)
	at jdk.nashorn.internal.scripts.Script$Recompilation$44618$3841A$\^function\_.L:1#issueCommand(&lt;function&gt;:124)
	at jdk.nashorn.internal.scripts.Script$Recompilation$44618$3841A$\^function\_.L:1#issueCommand(&lt;function&gt;:124)
	at jdk.nashorn.internal.scripts.Script$Recompilation$44618$3841A$\^function\_.L:1#issueCommand(&lt;function&gt;:124)
	at jdk.nashorn.internal.scripts.Script$Recompilation$44618$3841A$\^function\_.L:1#issueCommand(&lt;function&gt;:124)
	at jdk.nashorn.internal.scripts.Script$Recompilation$44618$3841A$\^function\_.L:1#issueCommand(&lt;function&gt;:124)
	at jdk.nashorn.internal.scripts.Script$Recompilation$44618$3841A$\^function\_.L:1#issueCommand(&lt;function&gt;:124)
	at jdk.nashorn.internal.scripts.Script$Recompilation$44618$3841A$\^function\_.L:1#issueCommand(&lt;function&gt;:124)
	at jdk.nashorn.internal.scripts.Script$Recompilation$44618$3841A$\^function\_.L:1#issueCommand(&lt;function&gt;:124)
	at jdk.nashorn.internal.scripts.Script$Recompilation$44618$3841A$\^function\_.L:1#issueCommand(&lt;function&gt;:124)
	at jdk.nashorn.internal.scripts.Script$Recompilation$44618$3841A$\^function\_.L:1#issueCommand(&lt;function&gt;:124)
	at jdk.nashorn.internal.scripts.Script$Recompilation$44618$3841A$\^function\_.L:1#issueCommand(&lt;function&gt;:124)
	at jdk.nashorn.internal.scripts.Script$Recompilation$44618$3841A$\^function\_.L:1#issueCommand(&lt;function&gt;:124)
	at jdk.nashorn.internal.scripts.Script$Recompilation$44618$3841A$\^function\_.L:1#issueCommand(&lt;function&gt;:124)
	at jdk.nashorn.internal.scripts.Script$Recompilation$44618$3841A$\^function\_.L:1#issueCommand(&lt;function&gt;:124)
	at jdk.nashorn.internal.scripts.Script$Recompilation$44618$3841A$\^function\_.L:1#issueCommand(&lt;function&gt;:124)
	at jdk.nashorn.internal.scripts.Script$Recompilation$44618$3841A$\^function\_.L:1#issueCommand(&lt;function&gt;:124)
	at jdk.nashorn.internal.scripts.Script$Recompilation$44618$3841A$\^function\_.L:1#issueCommand(&lt;function&gt;:124)
	at jdk.nashorn.internal.scripts.Script$Recompilation$44618$3841A$\^function\_.L:1#issueCommand(&lt;function&gt;:124)
	at jdk.nashorn.internal.scripts.Script$Recompilation$44618$3841A$\^function\_.L:1#issueCommand(&lt;function&gt;:124)
	at jdk.nashorn.internal.scripts.Script$Recompilation$44618$3841A$\^function\_.L:1#issueCommand(&lt;function&gt;:124)
	at jdk.nashorn.internal.scripts.Script$Recompilation$44618$3841A$\^function\_.L:1#issueCommand(&lt;function&gt;:124)
	at jdk.nashorn.internal.scripts.Script$Recompilation$44618$3841A$\^function\_.L:1#issueCommand(&lt;function&gt;:124)
	at jdk.nashorn.internal.scripts.Script$Recompilation$44618$3841A$\^function\_.L:1#issueCommand(&lt;function&gt;:124)
	at jdk.nashorn.internal.scripts.Script$Recompilation$44618$3841A$\^function\_.L:1#issueCommand(&lt;function&gt;:124)
	at jdk.nashorn.internal.scripts.Script$Recompilation$44618$3841A$\^function\_.L:1#issueCommand(&lt;function&gt;:124)
	at jdk.nashorn.internal.scripts.Script$Recompilation$44618$3841A$\^function\_.L:1#issueCommand(&lt;function&gt;:124)
	at jdk.nashorn.internal.scripts.Script$Recompilation$44618$3841A$\^function\_.L:1#issueCommand(&lt;function&gt;:124)
	at jdk.nashorn.internal.scripts.Script$Recompilation$44618$3841A$\^function\_.L:1#issueCommand(&lt;function&gt;:124)
	at jdk.nashorn.internal.scripts.Script$Recompilation$44618$3841A$\^function\_.L:1#issueCommand(&lt;function&gt;:124)
	at jdk.nashorn.internal.scripts.Script$Recompilation$44618$3841A$\^function\_.L:1#issueCommand(&lt;function&gt;:124)
	at jdk.nashorn.internal.scripts.Script$Recompilation$44618$3841A$\^function\_.L:1#issueCommand(&lt;function&gt;:124)
	at jdk.nashorn.internal.scripts.Script$Recompilation$44618$3841A$\^function\_.L:1#issueCommand(&lt;function&gt;:124)
	at jdk.nashorn.internal.scripts.Script$Recompilation$44618$3841A$\^function\_.L:1#issueCommand(&lt;function&gt;:124)
	at jdk.nashorn.internal.scripts.Script$Recompilation$44618$3841A$\^function\_.L:1#issueCommand(&lt;function&gt;:124)
	at jdk.nashorn.internal.scripts.Script$Recompilation$44618$3841A$\^function\_.L:1#issueCommand(&lt;function&gt;:124)
	at jdk.nashorn.internal.scripts.Script$Recompilation$44618$3841A$\^function\_.L:1#issueCommand(&lt;function&gt;:124)
	at jdk.nashorn.internal.scripts.Script$Recompilation$44618$3841A$\^function\_.L:1#issueCommand(&lt;function&gt;:124)
	at jdk.nashorn.internal.scripts.Script$Recompilation$44618$3841A$\^function\_.L:1#issueCommand(&lt;function&gt;:124)
	at jdk.nashorn.internal.scripts.Script$Recompilation$44618$3841A$\^function\_.L:1#issueCommand(&lt;function&gt;:124)
	at jdk.nashorn.internal.scripts.Script$Recompilation$44618$3841A$\^function\_.L:1#issueCommand(&lt;function&gt;:124)
	at jdk.nashorn.internal.scripts.Script$Recompilation$44618$3841A$\^function\_.L:1#issueCommand(&lt;function&gt;:124)
	at jdk.nashorn.internal.scripts.Script$Recompilation$44618$3841A$\^function\_.L:1#issueCommand(&lt;function&gt;:124)
	at jdk.nashorn.internal.scripts.Script$Recompilation$44618$3841A$\^function\_.L:1#issueCommand(&lt;function&gt;:124)
	at jdk.nashorn.internal.scripts.Script$Recompilation$44618$3841A$\^function\_.L:1#issueCommand(&lt;function&gt;:124)
	at jdk.nashorn.internal.scripts.Script$Recompilation$44618$3841A$\^function\_.L:1#issueCommand(&lt;function&gt;:124)
	at jdk.nashorn.internal.scripts.Script$Recompilation$44618$3841A$\^function\_.L:1#issueCommand(&lt;function&gt;:124)
	at jdk.nashorn.internal.scripts.Script$Recompilation$44618$3841A$\^function\_.L:1#issueCommand(&lt;function&gt;:124)
	at jdk.nashorn.internal.scripts.Script$Recompilation$44618$3841A$\^function\_.L:1#issueCommand(&lt;function&gt;:124)
	at jdk.nashorn.internal.scripts.Script$Recompilation$44618$3841A$\^function\_.L:1#issueCommand(&lt;function&gt;:124)
	at jdk.nashorn.internal.scripts.Script$Recompilation$44618$3841A$\^function\_.L:1#issueCommand(&lt;function&gt;:124)
	at jdk.nashorn.internal.scripts.Script$Recompilation$44618$3841A$\^function\_.L:1#issueCommand(&lt;function&gt;:124)
	at jdk.nashorn.internal.scripts.Script$Recompilation$44618$3841A$\^function\_.L:1#issueCommand(&lt;function&gt;:124)
	at jdk.nashorn.internal.scripts.Script$Recompilation$44618$3841A$\^function\_.L:1#issueCommand(&lt;function&gt;:124)
	at jdk.nashorn.internal.scripts.Script$Recompilation$44618$3841A$\^function\_.L:1#issueCommand(&lt;function&gt;:124)
	at jdk.nashorn.internal.scripts.Script$Recompilation$44618$3841A$\^function\_.L:1#issueCommand(&lt;function&gt;:124)
	at jdk.nashorn.internal.scripts.Script$Recompilation$44618$3841A$\^function\_.L:1#issueCommand(&lt;function&gt;:124)
	at jdk.nashorn.internal.scripts.Script$Recompilation$44618$3841A$\^function\_.L:1#issueCommand(&lt;function&gt;:124)
	at jdk.nashorn.internal.scripts.Script$Recompilation$44618$3841A$\^function\_.L:1#issueCommand(&lt;function&gt;:124)
	at jdk.nashorn.internal.scripts.Script$Recompilation$44618$3841A$\^function\_.L:1#issueCommand(&lt;function&gt;:124)
	at jdk.nashorn.internal.scripts.Script$Recompilation$44618$3841A$\^function\_.L:1#issueCommand(&lt;function&gt;:124)
	at jdk.nashorn.internal.scripts.Script$Recompilation$44618$3841A$\^function\_.L:1#issueCommand(&lt;function&gt;:124)
	at jdk.nashorn.internal.scripts.Script$Recompilation$44618$3841A$\^function\_.L:1#issueCommand(&lt;function&gt;:124)
	at jdk.nashorn.internal.scripts.Script$Recompilation$44618$3841A$\^function\_.L:1#issueCommand(&lt;function&gt;:124)
	at jdk.nashorn.internal.scripts.Script$Recompilation$44618$3841A$\^function\_.L:1#issueCommand(&lt;function&gt;:124)
	at jdk.nashorn.internal.scripts.Script$Recompilation$44618$3841A$\^function\_.L:1#issueCommand(&lt;function&gt;:124)
	at jdk.nashorn.internal.scripts.Script$Recompilation$44618$3841A$\^function\_.L:1#issueCommand(&lt;function&gt;:124)
	at jdk.nashorn.internal.scripts.Script$Recompilation$44618$3841A$\^function\_.L:1#issueCommand(&lt;function&gt;:124)
	at jdk.nashorn.internal.scripts.Script$Recompilation$44618$3841A$\^function\_.L:1#issueCommand(&lt;function&gt;:124)
	at jdk.nashorn.internal.scripts.Script$Recompilation$44618$3841A$\^function\_.L:1#issueCommand(&lt;function&gt;:124)
	at jdk.nashorn.internal.scripts.Script$Recompilation$44618$3841A$\^function\_.L:1#issueCommand(&lt;function&gt;:124)
	at jdk.nashorn.internal.scripts.Script$Recompilation$44618$3841A$\^function\_.L:1#issueCommand(&lt;function&gt;:124)
	at jdk.nashorn.internal.scripts.Script$Recompilation$44618$3841A$\^function\_.L:1#issueCommand(&lt;function&gt;:124)
	at jdk.nashorn.internal.scripts.Script$Recompilation$44618$3841A$\^function\_.L:1#issueCommand(&lt;function&gt;:124)
	at jdk.nashorn.internal.scripts.Script$Recompilation$44618$3841A$\^function\_.L:1#issueCommand(&lt;function&gt;:124)
	at jdk.nashorn.internal.scripts.Script$Recompilation$44618$3841A$\^function\_.L:1#issueCommand(&lt;function&gt;:124)
	at jdk.nashorn.internal.scripts.Script$Recompilation$44618$3841A$\^function\_.L:1#issueCommand(&lt;function&gt;:124)
	at jdk.nashorn.internal.scripts.Script$Recompilation$44618$3841A$\^function\_.L:1#issueCommand(&lt;function&gt;:124)
	at jdk.nashorn.internal.scripts.Script$Recompilation$44618$3841A$\^function\_.L:1#issueCommand(&lt;function&gt;:124)
	at jdk.nashorn.internal.scripts.Script$Recompilation$44618$3841A$\^function\_.L:1#issueCommand(&lt;function&gt;:124)
	at jdk.nashorn.internal.scripts.Script$Recompilation$44618$3841A$\^function\_.L:1#issueCommand(&lt;function&gt;:124)
	at jdk.nashorn.internal.scripts.Script$Recompilation$44618$3841A$\^function\_.L:1#issueCommand(&lt;function&gt;:124)
	at jdk.nashorn.internal.scripts.Script$Recompilation$44618$3841A$\^function\_.L:1#issueCommand(&lt;function&gt;:124)
	at jdk.nashorn.internal.scripts.Script$Recompilation$44618$3841A$\^function\_.L:1#issueCommand(&lt;function&gt;:124)
	at jdk.nashorn.internal.scripts.Script$Recompilation$44618$3841A$\^function\_.L:1#issueCommand(&lt;function&gt;:124)
	at jdk.nashorn.internal.scripts.Script$Recompilation$44618$3841A$\^function\_.L:1#issueCommand(&lt;function&gt;:124)
	at jdk.nashorn.internal.scripts.Script$Recompilation$44618$3841A$\^function\_.L:1#issueCommand(&lt;function&gt;:124)
	at jdk.nashorn.internal.scripts.Script$Recompilation$44618$3841A$\^function\_.L:1#issueCommand(&lt;function&gt;:124)
	at jdk.nashorn.internal.scripts.Script$Recompilation$44618$3841A$\^function\_.L:1#issueCommand(&lt;function&gt;:124)
	at jdk.nashorn.internal.scripts.Script$Recompilation$44618$3841A$\^function\_.L:1#issueCommand(&lt;function&gt;:124)
	at jdk.nashorn.internal.scripts.Script$Recompilation$44618$3841A$\^function\_.L:1#issueCommand(&lt;function&gt;:124)
	at jdk.nashorn.internal.scripts.Script$Recompilation$44618$3841A$\^function\_.L:1#issueCommand(&lt;function&gt;:124)
	at jdk.nashorn.internal.scripts.Script$Recompilation$44618$3841A$\^function\_.L:1#issueCommand(&lt;function&gt;:124)
	at jdk.nashorn.internal.scripts.Script$Recompilation$44618$3841A$\^function\_.L:1#issueCommand(&lt;function&gt;:124)
	at jdk.nashorn.internal.scripts.Script$Recompilation$44618$3841A$\^function\_.L:1#issueCommand(&lt;function&gt;:124)
	at jdk.nashorn.internal.scripts.Script$Recompilation$44618$3841A$\^function\_.L:1#issueCommand(&lt;function&gt;:124)
	at jdk.nashorn.internal.scripts.Script$Recompilation$44618$3841A$\^function\_.L:1#issueCommand(&lt;function&gt;:124)
	at jdk.nashorn.internal.scripts.Script$Recompilation$44618$3841A$\^function\_.L:1#issueCommand(&lt;function&gt;:124)
	at jdk.nashorn.internal.scripts.Script$Recompilation$44618$3841A$\^function\_.L:1#issueCommand(&lt;function&gt;:124)
	at jdk.nashorn.internal.scripts.Script$Recompilation$44618$3841A$\^function\_.L:1#issueCommand(&lt;function&gt;:124)
	at jdk.nashorn.internal.scripts.Script$Recompilation$44618$3841A$\^function\_.L:1#issueCommand(&lt;function&gt;:124)
	at jdk.nashorn.internal.scripts.Script$Recompilation$44618$3841A$\^function\_.L:1#issueCommand(&lt;function&gt;:124)
	at jdk.nashorn.internal.scripts.Script$Recompilation$44618$3841A$\^function\_.L:1#issueCommand(&lt;function&gt;:124)
	at jdk.nashorn.internal.scripts.Script$Recompilation$44618$3841A$\^function\_.L:1#issueCommand(&lt;function&gt;:124)
	at jdk.nashorn.internal.scripts.Script$Recompilation$44618$3841A$\^function\_.L:1#issueCommand(&lt;function&gt;:124)
	at jdk.nashorn.internal.scripts.Script$Recompilation$44618$3841A$\^function\_.L:1#issueCommand(&lt;function&gt;:124)
	at jdk.nashorn.internal.scripts.Script$Recompilation$44618$3841A$\^function\_.L:1#issueCommand(&lt;function&gt;:124)
	at jdk.nashorn.internal.scripts.Script$Recompilation$44618$3841A$\^function\_.L:1#issueCommand(&lt;function&gt;:124)
	at jdk.nashorn.internal.scripts.Script$Recompilation$44618$3841A$\^function\_.L:1#issueCommand(&lt;function&gt;:124)
	at jdk.nashorn.internal.scripts.Script$Recompilation$44618$3841A$\^function\_.L:1#issueCommand(&lt;function&gt;:124)
	at jdk.nashorn.internal.scripts.Script$Recompilation$44618$3841A$\^function\_.L:1#issueCommand(&lt;function&gt;:124)
	at jdk.nashorn.internal.scripts.Script$Recompilation$44618$3841A$\^function\_.L:1#issueCommand(&lt;function&gt;:124)
	at jdk.nashorn.internal.scripts.Script$Recompilation$44618$3841A$\^function\_.L:1#issueCommand(&lt;function&gt;:124)
	at jdk.nashorn.internal.scripts.Script$Recompilation$44618$3841A$\^function\_.L:1#issueCommand(&lt;function&gt;:124)
	at jdk.nashorn.internal.scripts.Script$Recompilation$44618$3841A$\^function\_.L:1#issueCommand(&lt;function&gt;:124)
	at jdk.nashorn.internal.scripts.Script$Recompilation$44618$3841A$\^function\_.L:1#issueCommand(&lt;function&gt;:124)
	at jdk.nashorn.internal.scripts.Script$Recompilation$44618$3841A$\^function\_.L:1#issueCommand(&lt;function&gt;:124)
	at jdk.nashorn.internal.scripts.Script$Recompilation$44618$3841A$\^function\_.L:1#issueCommand(&lt;function&gt;:124)
	at jdk.nashorn.internal.scripts.Script$Recompilation$44618$3841A$\^function\_.L:1#issueCommand(&lt;function&gt;:124)
	at jdk.nashorn.internal.scripts.Script$Recompilation$44618$3841A$\^function\_.L:1#issueCommand(&lt;function&gt;:124)
	at jdk.nashorn.internal.scripts.Script$Recompilation$44618$3841A$\^function\_.L:1#issueCommand(&lt;function&gt;:124)
	at jdk.nashorn.internal.scripts.Script$Recompilation$44618$3841A$\^function\_.L:1#issueCommand(&lt;function&gt;:124)
	at jdk.nashorn.internal.scripts.Script$Recompilation$44618$3841A$\^function\_.L:1#issueCommand(&lt;function&gt;:124)
	at jdk.nashorn.internal.scripts.Script$Recompilation$44618$3841A$\^function\_.L:1#issueCommand(&lt;function&gt;:124)
	at jdk.nashorn.internal.scripts.Script$Recompilation$44618$3841A$\^function\_.L:1#issueCommand(&lt;function&gt;:124)
	at jdk.nashorn.internal.scripts.Script$Recompilation$44618$3841A$\^function\_.L:1#issueCommand(&lt;function&gt;:124)
	at jdk.nashorn.internal.scripts.Script$Recompilation$44618$3841A$\^function\_.L:1#issueCommand(&lt;function&gt;:124)
	at jdk.nashorn.internal.scripts.Script$Recompilation$44618$3841A$\^function\_.L:1#issueCommand(&lt;function&gt;:124)
	at jdk.nashorn.internal.scripts.Script$Recompilation$44618$3841A$\^function\_.L:1#issueCommand(&lt;function&gt;:124)
	at jdk.nashorn.internal.scripts.Script$Recompilation$44618$3841A$\^function\_.L:1#issueCommand(&lt;function&gt;:124)
	at jdk.nashorn.internal.scripts.Script$Recompilation$44618$3841A$\^function\_.L:1#issueCommand(&lt;function&gt;:124)
	at jdk.nashorn.internal.scripts.Script$Recompilation$44618$3841A$\^function\_.L:1#issueCommand(&lt;function&gt;:124)
	at jdk.nashorn.internal.scripts.Script$Recompilation$44618$3841A$\^function\_.L:1#issueCommand(&lt;function&gt;:124)
	at jdk.nashorn.internal.scripts.Script$Recompilation$44618$3841A$\^function\_.L:1#issueCommand(&lt;function&gt;:124)
	at jdk.nashorn.internal.scripts.Script$Recompilation$44618$3841A$\^function\_.L:1#issueCommand(&lt;function&gt;:124)
	at jdk.nashorn.internal.scripts.Script$Recompilation$44618$3841A$\^function\_.L:1#issueCommand(&lt;function&gt;:124)
	at jdk.nashorn.internal.scripts.Script$Recompilation$44618$3841A$\^function\_.L:1#issueCommand(&lt;function&gt;:124)
	at jdk.nashorn.internal.scripts.Script$Recompilation$44618$3841A$\^function\_.L:1#issueCommand(&lt;function&gt;:124)
	at jdk.nashorn.internal.scripts.Script$Recompilation$44618$3841A$\^function\_.L:1#issueCommand(&lt;function&gt;:124)
	at jdk.nashorn.internal.scripts.Script$Recompilation$44618$3841A$\^function\_.L:1#issueCommand(&lt;function&gt;:124)
	at jdk.nashorn.internal.scripts.Script$Recompilation$44618$3841A$\^function\_.L:1#issueCommand(&lt;function&gt;:124)
	at jdk.nashorn.internal.scripts.Script$Recompilation$44618$3841A$\^function\_.L:1#issueCommand(&lt;function&gt;:124)
	at jdk.nashorn.internal.scripts.Script$Recompilation$44618$3841A$\^function\_.L:1#issueCommand(&lt;function&gt;:124)
	at jdk.nashorn.internal.scripts.Script$Recompilation$44618$3841A$\^function\_.L:1#issueCommand(&lt;function&gt;:124)
	at jdk.nashorn.internal.scripts.Script$Recompilation$44618$3841A$\^function\_.L:1#issueCommand(&lt;function&gt;:124)
	at jdk.nashorn.internal.scripts.Script$Recompilation$44618$3841A$\^function\_.L:1#issueCommand(&lt;function&gt;:124)
	at jdk.nashorn.internal.scripts.Script$Recompilation$44618$3841A$\^function\_.L:1#issueCommand(&lt;function&gt;:124)
	at jdk.nashorn.internal.scripts.Script$Recompilation$44618$3841A$\^function\_.L:1#issueCommand(&lt;function&gt;:124)
	at jdk.nashorn.internal.scripts.Script$Recompilation$44618$3841A$\^function\_.L:1#issueCommand(&lt;function&gt;:124)
	at jdk.nashorn.internal.scripts.Script$Recompilation$44618$3841A$\^function\_.L:1#issueCommand(&lt;function&gt;:124)
	at jdk.nashorn.internal.scripts.Script$Recompilation$44618$3841A$\^function\_.L:1#issueCommand(&lt;function&gt;:124)
	at jdk.nashorn.internal.scripts.Script$Recompilation$44618$3841A$\^function\_.L:1#issueCommand(&lt;function&gt;:124)
	at jdk.nashorn.internal.scripts.Script$Recompilation$44618$3841A$\^function\_.L:1#issueCommand(&lt;function&gt;:124)
	at jdk.nashorn.internal.scripts.Script$Recompilation$44618$3841A$\^function\_.L:1#issueCommand(&lt;function&gt;:124)
	at jdk.nashorn.internal.scripts.Script$Recompilation$44618$3841A$\^function\_.L:1#issueCommand(&lt;function&gt;:124)
	at jdk.nashorn.internal.scripts.Script$Recompilation$44618$3841A$\^function\_.L:1#issueCommand(&lt;function&gt;:124)
	at jdk.nashorn.internal.scripts.Script$Recompilation$44618$3841A$\^function\_.L:1#issueCommand(&lt;function&gt;:124)
	at jdk.nashorn.internal.scripts.Script$Recompilation$44618$3841A$\^function\_.L:1#issueCommand(&lt;function&gt;:124)
	at jdk.nashorn.internal.scripts.Script$Recompilation$44618$3841A$\^function\_.L:1#issueCommand(&lt;function&gt;:124)
	at jdk.nashorn.internal.scripts.Script$Recompilation$44618$3841A$\^function\_.L:1#issueCommand(&lt;function&gt;:124)
	at jdk.nashorn.internal.scripts.Script$Recompilation$44618$3841A$\^function\_.L:1#issueCommand(&lt;function&gt;:124)
	at jdk.nashorn.internal.scripts.Script$Recompilation$44618$3841A$\^function\_.L:1#issueCommand(&lt;function&gt;:124)
	at jdk.nashorn.internal.scripts.Script$Recompilation$44618$3841A$\^function\_.L:1#issueCommand(&lt;function&gt;:124)
	at jdk.nashorn.internal.scripts.Script$Recompilation$44618$3841A$\^function\_.L:1#issueCommand(&lt;function&gt;:124)
	at jdk.nashorn.internal.scripts.Script$Recompilation$44618$3841A$\^function\_.L:1#issueCommand(&lt;function&gt;:124)
	at jdk.nashorn.internal.scripts.Script$Recompilation$44618$3841A$\^function\_.L:1#issueCommand(&lt;function&gt;:124)
	at jdk.nashorn.internal.scripts.Script$Recompilation$44618$3841A$\^function\_.L:1#issueCommand(&lt;function&gt;:124)
	at jdk.nashorn.internal.scripts.Script$Recompilation$44618$3841A$\^function\_.L:1#issueCommand(&lt;function&gt;:124)
	at jdk.nashorn.internal.scripts.Script$Recompilation$44618$3841A$\^function\_.L:1#issueCommand(&lt;function&gt;:124)
	at jdk.nashorn.internal.scripts.Script$Recompilation$44618$3841A$\^function\_.L:1#issueCommand(&lt;function&gt;:124)
	at jdk.nashorn.internal.scripts.Script$Recompilation$44618$3841A$\^function\_.L:1#issueCommand(&lt;function&gt;:124)
	at jdk.nashorn.internal.scripts.Script$Recompilation$44618$3841A$\^function\_.L:1#issueCommand(&lt;function&gt;:124)
	at jdk.nashorn.internal.scripts.Script$Recompilation$44618$3841A$\^function\_.L:1#issueCommand(&lt;function&gt;:124)
	at jdk.nashorn.internal.scripts.Script$Recompilation$44618$3841A$\^function\_.L:1#issueCommand(&lt;function&gt;:124)
	at jdk.nashorn.internal.scripts.Script$Recompilation$44618$3841A$\^function\_.L:1#issueCommand(&lt;function&gt;:124)
	at jdk.nashorn.internal.scripts.Script$Recompilation$44618$3841A$\^function\_.L:1#issueCommand(&lt;function&gt;:124)
	at jdk.nashorn.internal.scripts.Script$Recompilation$44618$3841A$\^function\_.L:1#issueCommand(&lt;function&gt;:124)
	at jdk.nashorn.internal.scripts.Script$Recompilation$44618$3841A$\^function\_.L:1#issueCommand(&lt;function&gt;:124)
	at jdk.nashorn.internal.scripts.Script$Recompilation$44618$3841A$\^function\_.L:1#issueCommand(&lt;function&gt;:124)
	at jdk.nashorn.internal.scripts.Script$Recompilation$44618$3841A$\^function\_.L:1#issueCommand(&lt;function&gt;:124)
	at jdk.nashorn.internal.scripts.Script$Recompilation$44618$3841A$\^function\_.L:1#issueCommand(&lt;function&gt;:124)
	at jdk.nashorn.internal.scripts.Script$Recompilation$44618$3841A$\^function\_.L:1#issueCommand(&lt;function&gt;:124)
	at jdk.nashorn.internal.scripts.Script$Recompilation$44618$3841A$\^function\_.L:1#issueCommand(&lt;function&gt;:124)
	at jdk.nashorn.internal.scripts.Script$Recompilation$44618$3841A$\^function\_.L:1#issueCommand(&lt;function&gt;:124)
	at jdk.nashorn.internal.scripts.Script$Recompilation$44618$3841A$\^function\_.L:1#issueCommand(&lt;function&gt;:124)
	at jdk.nashorn.internal.scripts.Script$Recompilation$44618$3841A$\^function\_.L:1#issueCommand(&lt;function&gt;:124)
	at jdk.nashorn.internal.scripts.Script$Recompilation$44618$3841A$\^function\_.L:1#issueCommand(&lt;function&gt;:124)
	at jdk.nashorn.internal.scripts.Script$Recompilation$44618$3841A$\^function\_.L:1#issueCommand(&lt;function&gt;:124)
	at jdk.nashorn.internal.scripts.Script$Recompilation$44618$3841A$\^function\_.L:1#issueCommand(&lt;function&gt;:124)
	at jdk.nashorn.internal.scripts.Script$Recompilation$44618$3841A$\^function\_.L:1#issueCommand(&lt;function&gt;:124)
	at jdk.nashorn.internal.scripts.Script$Recompilation$44618$3841A$\^function\_.L:1#issueCommand(&lt;function&gt;:124)
	at jdk.nashorn.internal.scripts.Script$Recompilation$44618$3841A$\^function\_.L:1#issueCommand(&lt;function&gt;:124)
	at jdk.nashorn.internal.scripts.Script$Recompilation$44618$3841A$\^function\_.L:1#issueCommand(&lt;function&gt;:124)
	at jdk.nashorn.internal.scripts.Script$Recompilation$44618$3841A$\^function\_.L:1#issueCommand(&lt;function&gt;:124)
	at jdk.nashorn.internal.scripts.Script$Recompilation$44618$3841A$\^function\_.L:1#issueCommand(&lt;function&gt;:124)
	at jdk.nashorn.internal.scripts.Script$Recompilation$44618$3841A$\^function\_.L:1#issueCommand(&lt;function&gt;:124)
	at jdk.nashorn.internal.scripts.Script$Recompilation$44618$3841A$\^function\_.L:1#issueCommand(&lt;function&gt;:124)
	at jdk.nashorn.internal.scripts.Script$Recompilation$44618$3841A$\^function\_.L:1#issueCommand(&lt;function&gt;:124)
	at jdk.nashorn.internal.scripts.Script$Recompilation$44618$3841A$\^function\_.L:1#issueCommand(&lt;function&gt;:124)
	at jdk.nashorn.internal.scripts.Script$Recompilation$44618$3841A$\^function\_.L:1#issueCommand(&lt;function&gt;:124)
	at jdk.nashorn.internal.scripts.Script$Recompilation$44618$3841A$\^function\_.L:1#issueCommand(&lt;function&gt;:124)
	at jdk.nashorn.internal.scripts.Script$Recompilation$44618$3841A$\^function\_.L:1#issueCommand(&lt;function&gt;:124)
	at jdk.nashorn.internal.scripts.Script$Recompilation$44618$3841A$\^function\_.L:1#issueCommand(&lt;function&gt;:124)
	at jdk.nashorn.internal.scripts.Script$Recompilation$44618$3841A$\^function\_.L:1#issueCommand(&lt;function&gt;:124)
	at jdk.nashorn.internal.scripts.Script$Recompilation$44618$3841A$\^function\_.L:1#issueCommand(&lt;function&gt;:124)
	at jdk.nashorn.internal.scripts.Script$Recompilation$44618$3841A$\^function\_.L:1#issueCommand(&lt;function&gt;:124)
	at jdk.nashorn.internal.scripts.Script$Recompilation$44618$3841A$\^function\_.L:1#issueCommand(&lt;function&gt;:124)
	at jdk.nashorn.internal.scripts.Script$Recompilation$44618$3841A$\^function\_.L:1#issueCommand(&lt;function&gt;:124)
	at jdk.nashorn.internal.scripts.Script$Recompilation$44618$3841A$\^function\_.L:1#issueCommand(&lt;function&gt;:124)
	at jdk.nashorn.internal.scripts.Script$Recompilation$44618$3841A$\^function\_.L:1#issueCommand(&lt;function&gt;:124)
	at jdk.nashorn.internal.scripts.Script$Recompilation$44618$3841A$\^function\_.L:1#issueCommand(&lt;function&gt;:124)
	at jdk.nashorn.internal.scripts.Script$Recompilation$44618$3841A$\^function\_.L:1#issueCommand(&lt;function&gt;:124)
	at jdk.nashorn.internal.scripts.Script$Recompilation$44618$3841A$\^function\_.L:1#issueCommand(&lt;function&gt;:124)
	at jdk.nashorn.internal.scripts.Script$Recompilation$44618$3841A$\^function\_.L:1#issueCommand(&lt;function&gt;:124)
	at jdk.nashorn.internal.scripts.Script$Recompilation$44618$3841A$\^function\_.L:1#issueCommand(&lt;function&gt;:124)
	at jdk.nashorn.internal.scripts.Script$Recompilation$44618$3841A$\^function\_.L:1#issueCommand(&lt;function&gt;:124)
	at jdk.nashorn.internal.scripts.Script$Recompilation$44618$3841A$\^function\_.L:1#issueCommand(&lt;function&gt;:124)
	at jdk.nashorn.internal.scripts.Script$Recompilation$44618$3841A$\^function\_.L:1#issueCommand(&lt;function&gt;:124)
	at jdk.nashorn.internal.scripts.Script$Recompilation$44618$3841A$\^function\_.L:1#issueCommand(&lt;function&gt;:124)
	at jdk.nashorn.internal.scripts.Script$Recompilation$44618$3841A$\^function\_.L:1#issueCommand(&lt;function&gt;:124)
	at jdk.nashorn.internal.scripts.Script$Recompilation$44618$3841A$\^function\_.L:1#issueCommand(&lt;function&gt;:124)
	at jdk.nashorn.internal.scripts.Script$Recompilation$44618$3841A$\^function\_.L:1#issueCommand(&lt;function&gt;:124)
	at jdk.nashorn.internal.scripts.Script$Recompilation$44618$3841A$\^function\_.L:1#issueCommand(&lt;function&gt;:124)
	at jdk.nashorn.internal.scripts.Script$Recompilation$44618$3841A$\^function\_.L:1#issueCommand(&lt;function&gt;:124)
	at jdk.nashorn.internal.scripts.Script$Recompilation$44618$3841A$\^function\_.L:1#issueCommand(&lt;function&gt;:124)
	at jdk.nashorn.internal.scripts.Script$Recompilation$44618$3841A$\^function\_.L:1#issueCommand(&lt;function&gt;:124)
	at jdk.nashorn.internal.scripts.Script$Recompilation$44618$3841A$\^function\_.L:1#issueCommand(&lt;function&gt;:124)
	at jdk.nashorn.internal.scripts.Script$Recompilation$44618$3841A$\^function\_.L:1#issueCommand(&lt;function&gt;:124)
	at jdk.nashorn.internal.scripts.Script$Recompilation$44618$3841A$\^function\_.L:1#issueCommand(&lt;function&gt;:124)
	at jdk.nashorn.internal.scripts.Script$Recompilation$44618$3841A$\^function\_.L:1#issueCommand(&lt;function&gt;:124)
	at jdk.nashorn.internal.scripts.Script$Recompilation$44618$3841A$\^function\_.L:1#issueCommand(&lt;function&gt;:124)
	at jdk.nashorn.internal.scripts.Script$Recompilation$44618$3841A$\^function\_.L:1#issueCommand(&lt;function&gt;:124)
	at jdk.nashorn.internal.scripts.Script$Recompilation$44618$3841A$\^function\_.L:1#issueCommand(&lt;function&gt;:124)
	at jdk.nashorn.internal.scripts.Script$Recompilation$44618$3841A$\^function\_.L:1#issueCommand(&lt;function&gt;:124)
	at jdk.nashorn.internal.scripts.Script$Recompilation$44618$3841A$\^function\_.L:1#issueCommand(&lt;function&gt;:124)
	at jdk.nashorn.internal.scripts.Script$Recompilation$44618$3841A$\^function\_.L:1#issueCommand(&lt;function&gt;:124)
	at jdk.nashorn.internal.scripts.Script$Recompilation$44618$3841A$\^function\_.L:1#issueCommand(&lt;function&gt;:124)
	at jdk.nashorn.internal.scripts.Script$Recompilation$44618$3841A$\^function\_.L:1#issueCommand(&lt;function&gt;:124)
	at jdk.nashorn.internal.scripts.Script$Recompilation$44618$3841A$\^function\_.L:1#issueCommand(&lt;function&gt;:124)
	at jdk.nashorn.internal.scripts.Script$Recompilation$44618$3841A$\^function\_.L:1#issueCommand(&lt;function&gt;:124)
	at jdk.nashorn.internal.scripts.Script$Recompilation$44618$3841A$\^function\_.L:1#issueCommand(&lt;function&gt;:124)
	at jdk.nashorn.internal.scripts.Script$Recompilation$44618$3841A$\^function\_.L:1#issueCommand(&lt;function&gt;:124)
	at jdk.nashorn.internal.scripts.Script$Recompilation$44618$3841A$\^function\_.L:1#issueCommand(&lt;function&gt;:124)
	at jdk.nashorn.internal.scripts.Script$Recompilation$44618$3841A$\^function\_.L:1#issueCommand(&lt;function&gt;:124)
	at jdk.nashorn.internal.scripts.Script$Recompilation$44618$3841A$\^function\_.L:1#issueCommand(&lt;function&gt;:124)
	at jdk.nashorn.internal.scripts.Script$Recompilation$44618$3841A$\^function\_.L:1#issueCommand(&lt;function&gt;:124)
	at jdk.nashorn.internal.scripts.Script$Recompilation$44618$3841A$\^function\_.L:1#issueCommand(&lt;function&gt;:124)
	at jdk.nashorn.internal.scripts.Script$Recompilation$44618$3841A$\^function\_.L:1#issueCommand(&lt;function&gt;:124)
	at jdk.nashorn.internal.scripts.Script$Recompilation$44618$3841A$\^function\_.L:1#issueCommand(&lt;function&gt;:124)
	at jdk.nashorn.internal.scripts.Script$Recompilation$44618$3841A$\^function\_.L:1#issueCommand(&lt;function&gt;:124)
	at jdk.nashorn.internal.scripts.Script$Recompilation$44618$3841A$\^function\_.L:1#issueCommand(&lt;function&gt;:124)
	at jdk.nashorn.internal.scripts.Script$Recompilation$44618$3841A$\^function\_.L:1#issueCommand(&lt;function&gt;:124)
	at jdk.nashorn.internal.scripts.Script$Recompilation$44618$3841A$\^function\_.L:1#issueCommand(&lt;function&gt;:124)
	at jdk.nashorn.internal.scripts.Script$Recompilation$44618$3841A$\^function\_.L:1#issueCommand(&lt;function&gt;:124)
	at jdk.nashorn.internal.scripts.Script$Recompilation$44618$3841A$\^function\_.L:1#issueCommand(&lt;function&gt;:124)
	at jdk.nashorn.internal.scripts.Script$Recompilation$44618$3841A$\^function\_.L:1#issueCommand(&lt;function&gt;:124)
	at jdk.nashorn.internal.scripts.Script$Recompilation$44618$3841A$\^function\_.L:1#issueCommand(&lt;function&gt;:124)
	at jdk.nashorn.internal.scripts.Script$Recompilation$44618$3841A$\^function\_.L:1#issueCommand(&lt;function&gt;:124)
	at jdk.nashorn.internal.scripts.Script$Recompilation$44618$3841A$\^function\_.L:1#issueCommand(&lt;function&gt;:124)
	at jdk.nashorn.internal.scripts.Script$Recompilation$44618$3841A$\^function\_.L:1#issueCommand(&lt;function&gt;:124)
	at jdk.nashorn.internal.scripts.Script$Recompilation$44618$3841A$\^function\_.L:1#issueCommand(&lt;function&gt;:124)
	at jdk.nashorn.internal.scripts.Script$Recompilation$44618$3841A$\^function\_.L:1#issueCommand(&lt;function&gt;:124)
	at jdk.nashorn.internal.scripts.Script$Recompilation$44618$3841A$\^function\_.L:1#issueCommand(&lt;function&gt;:124)
	at jdk.nashorn.internal.scripts.Script$Recompilation$44618$3841A$\^function\_.L:1#issueCommand(&lt;function&gt;:124)
	at jdk.nashorn.internal.scripts.Script$Recompilation$44618$3841A$\^function\_.L:1#issueCommand(&lt;function&gt;:124)
	at jdk.nashorn.internal.scripts.Script$Recompilation$44618$3841A$\^function\_.L:1#issueCommand(&lt;function&gt;:124)
	at jdk.nashorn.internal.scripts.Script$Recompilation$44618$3841A$\^function\_.L:1#issueCommand(&lt;function&gt;:124)
	at jdk.nashorn.internal.scripts.Script$Recompilation$44618$3841A$\^function\_.L:1#issueCommand(&lt;function&gt;:124)
	at jdk.nashorn.internal.scripts.Script$Recompilation$44618$3841A$\^function\_.L:1#issueCommand(&lt;function&gt;:124)
	at jdk.nashorn.internal.scripts.Script$Recompilation$44618$3841A$\^function\_.L:1#issueCommand(&lt;function&gt;:124)
	at jdk.nashorn.internal.scripts.Script$Recompilation$44618$3841A$\^function\_.L:1#issueCommand(&lt;function&gt;:124)
	at jdk.nashorn.internal.scripts.Script$Recompilation$44618$3841A$\^function\_.L:1#issueCommand(&lt;function&gt;:124)
	at jdk.nashorn.internal.scripts.Script$Recompilation$44618$3841A$\^function\_.L:1#issueCommand(&lt;function&gt;:124)
	at jdk.nashorn.internal.scripts.Script$Recompilation$44618$3841A$\^function\_.L:1#issueCommand(&lt;function&gt;:124)
	at jdk.nashorn.internal.scripts.Script$Recompilation$44618$3841A$\^function\_.L:1#issueCommand(&lt;function&gt;:124)
	at jdk.nashorn.internal.scripts.Script$Recompilation$44618$3841A$\^function\_.L:1#issueCommand(&lt;function&gt;:124)
	at jdk.nashorn.internal.scripts.Script$Recompilation$44618$3841A$\^function\_.L:1#issueCommand(&lt;function&gt;:124)
	at jdk.nashorn.internal.scripts.Script$Recompilation$44618$3841A$\^function\_.L:1#issueCommand(&lt;function&gt;:124)
	at jdk.nashorn.internal.scripts.Script$Recompilation$44618$3841A$\^function\_.L:1#issueCommand(&lt;function&gt;:124)
	at jdk.nashorn.internal.scripts.Script$Recompilation$44618$3841A$\^function\_.L:1#issueCommand(&lt;function&gt;:124)
	at jdk.nashorn.internal.scripts.Script$Recompilation$44618$3841A$\^function\_.L:1#issueCommand(&lt;function&gt;:124)
	at jdk.nashorn.internal.scripts.Script$Recompilation$44618$3841A$\^function\_.L:1#issueCommand(&lt;function&gt;:124)
	at jdk.nashorn.internal.scripts.Script$Recompilation$44618$3841A$\^function\_.L:1#issueCommand(&lt;function&gt;:124)
	at jdk.nashorn.internal.scripts.Script$Recompilation$44618$3841A$\^function\_.L:1#issueCommand(&lt;function&gt;:124)
	at jdk.nashorn.internal.scripts.Script$Recompilation$44618$3841A$\^function\_.L:1#issueCommand(&lt;function&gt;:124)
	at jdk.nashorn.internal.scripts.Script$Recompilation$44618$3841A$\^function\_.L:1#issueCommand(&lt;function&gt;:124)
	at jdk.nashorn.internal.scripts.Script$Recompilation$44618$3841A$\^function\_.L:1#issueCommand(&lt;function&gt;:124)
	at jdk.nashorn.internal.scripts.Script$Recompilation$44618$3841A$\^function\_.L:1#issueCommand(&lt;function&gt;:124)
	at jdk.nashorn.internal.scripts.Script$Recompilation$44618$3841A$\^function\_.L:1#issueCommand(&lt;function&gt;:124)
	at jdk.nashorn.internal.scripts.Script$Recompilation$44618$3841A$\^function\_.L:1#issueCommand(&lt;function&gt;:124)
	at jdk.nashorn.internal.scripts.Script$Recompilation$44618$3841A$\^function\_.L:1#issueCommand(&lt;function&gt;:124)
	at jdk.nashorn.internal.scripts.Script$Recompilation$44618$3841A$\^function\_.L:1#issueCommand(&lt;function&gt;:124)
	at jdk.nashorn.internal.scripts.Script$Recompilation$44618$3841A$\^function\_.L:1#issueCommand(&lt;function&gt;:124)
	at jdk.nashorn.internal.scripts.Script$Recompilation$44618$3841A$\^function\_.L:1#issueCommand(&lt;function&gt;:124)
	at jdk.nashorn.internal.scripts.Script$Recompilation$44618$3841A$\^function\_.L:1#issueCommand(&lt;function&gt;:124)
	at jdk.nashorn.internal.scripts.Script$Recompilation$44618$3841A$\^function\_.L:1#issueCommand(&lt;function&gt;:124)
	at jdk.nashorn.internal.scripts.Script$Recompilation$44618$3841A$\^function\_.L:1#issueCommand(&lt;function&gt;:124)
	at jdk.nashorn.internal.scripts.Script$Recompilation$44618$3841A$\^function\_.L:1#issueCommand(&lt;function&gt;:124)
	at jdk.nashorn.internal.scripts.Script$Recompilation$44618$3841A$\^function\_.L:1#issueCommand(&lt;function&gt;:124)
	at jdk.nashorn.internal.scripts.Script$Recompilation$44618$3841A$\^function\_.L:1#issueCommand(&lt;function&gt;:124)
	at jdk.nashorn.internal.scripts.Script$Recompilation$44618$3841A$\^function\_.L:1#issueCommand(&lt;function&gt;:124)
	at jdk.nashorn.internal.scripts.Script$Recompilation$44618$3841A$\^function\_.L:1#issueCommand(&lt;function&gt;:124)
	at jdk.nashorn.internal.scripts.Script$Recompilation$44618$3841A$\^function\_.L:1#issueCommand(&lt;function&gt;:124)
	at jdk.nashorn.internal.scripts.Script$Recompilation$44618$3841A$\^function\_.L:1#issueCommand(&lt;function&gt;:124)
	at jdk.nashorn.internal.scripts.Script$Recompilation$44618$3841A$\^function\_.L:1#issueCommand(&lt;function&gt;:124)
	at jdk.nashorn.internal.scripts.Script$Recompilation$44618$3841A$\^function\_.L:1#issueCommand(&lt;function&gt;:124)
	at jdk.nashorn.internal.scripts.Script$Recompilation$44618$3841A$\^function\_.L:1#issueCommand(&lt;function&gt;:124)
	at jdk.nashorn.internal.scripts.Script$Recompilation$44618$3841A$\^function\_.L:1#issueCommand(&lt;function&gt;:124)
	at jdk.nashorn.internal.scripts.Script$Recompilation$44618$3841A$\^function\_.L:1#issueCommand(&lt;function&gt;:124)
	at jdk.nashorn.internal.scripts.Script$Recompilation$44618$3841A$\^function\_.L:1#issueCommand(&lt;function&gt;:124)
	at jdk.nashorn.internal.scripts.Script$Recompilation$44618$3841A$\^function\_.L:1#issueCommand(&lt;function&gt;:124)
	at jdk.nashorn.internal.scripts.Script$Recompilation$44618$3841A$\^function\_.L:1#issueCommand(&lt;function&gt;:124)
	at jdk.nashorn.internal.scripts.Script$Recompilation$44618$3841A$\^function\_.L:1#issueCommand(&lt;function&gt;:124)
	at jdk.nashorn.internal.scripts.Script$Recompilation$44618$3841A$\^function\_.L:1#issueCommand(&lt;function&gt;:124)
	at jdk.nashorn.internal.scripts.Script$Recompilation$44618$3841A$\^function\_.L:1#issueCommand(&lt;function&gt;:124)
	at jdk.nashorn.internal.scripts.Script$Recompilation$44618$3841A$\^function\_.L:1#issueCommand(&lt;function&gt;:124)
	at jdk.nashorn.internal.scripts.Script$Recompilation$44618$3841A$\^function\_.L:1#issueCommand(&lt;function&gt;:124)
 in /home/travis/build/icyphy/ptII/ptolemy/actor/lib/jjs/external/require.js#409:30&lt;eval&gt; at line number 1736 at column number 24
	at ptolemy.vergil.basic.export.ExportModel$2.run(ExportModel.java:397)
	at java.awt.event.InvocationEvent.dispatch(InvocationEvent.java:301)
	at java.awt.EventQueue.dispatchEventImpl(EventQueue.java:756)
	at java.awt.EventQueue.access$500(EventQueue.java:97)
	at java.awt.EventQueue$3.run(EventQueue.java:709)
	at java.awt.EventQueue$3.run(EventQueue.java:703)
	at java.security.AccessController.doPrivileged(Native Method)
	at java.security.ProtectionDomain$JavaSecurityAccessImpl.doIntersectionPrivilege(ProtectionDomain.java:80)
	at java.awt.EventQueue.dispatchEvent(EventQueue.java:726)
	at java.awt.EventDispatchThread.pumpOneEventForFilters(EventDispatchThread.java:201)
	at java.awt.EventDispatchThread.pumpEventsForFilter(EventDispatchThread.java:116)
	at java.awt.EventDispatchThread.pumpEventsForHierarchy(EventDispatchThread.java:105)
	at java.awt.EventDispatchThread.pumpEvents(EventDispatchThread.java:101)
	at java.awt.EventDispatchThread.pumpEvents(EventDispatchThread.java:93)
	at java.awt.EventDispatchThread.run(EventDispatchThread.java:82)
Caused by: ptolemy.kernel.util.IllegalActionException: Failure executing the react function: Error: commonHost.js, react(), invoking a specific handler for &quot;trigger&quot;: Exception occurred in input handler for accessor SemanticYelpSearch, which has now has been removed.  Exception was: java.lang.StackOverflowError Stacktrace was: 
java.lang.StackOverflowError
	at jdk.nashorn.internal.runtime.AccessorProperty.getObjectValue(AccessorProperty.java:417)
	at jdk.nashorn.internal.runtime.FindProperty.getObjectValue(FindProperty.java:229)
	at jdk.nashorn.internal.runtime.ScriptObject.get(ScriptObject.java:2860)
	at jdk.nashorn.internal.runtime.ScriptObject.get(ScriptObject.java:2877)
	at jdk.nashorn.internal.scripts.Script$Recompilation$44872$56054A$require.L:1#get(/home/travis/build/icyphy/ptII/ptolemy/actor/lib/jjs/external/require.js#409:30&lt;eval&gt;:1245)
	at jdk.nashorn.internal.scripts.Script$Recompilation$44618$3841A$\^function\_.L:1#issueCommand(&lt;function&gt;:116)
	at jdk.nashorn.internal.scripts.Script$Recompilation$44618$3841A$\^function\_.L:1#issueCommand(&lt;function&gt;:124)
	at jdk.nashorn.internal.scripts.Script$Recompilation$44618$3841A$\^function\_.L:1#issueCommand(&lt;function&gt;:124)
	at jdk.nashorn.internal.scripts.Script$Recompilation$44618$3841A$\^function\_.L:1#issueCommand(&lt;function&gt;:124)
	at jdk.nashorn.internal.scripts.Script$Recompilation$44618$3841A$\^function\_.L:1#issueCommand(&lt;function&gt;:124)
	at jdk.nashorn.internal.scripts.Script$Recompilation$44618$3841A$\^function\_.L:1#issueCommand(&lt;function&gt;:124)
	at jdk.nashorn.internal.scripts.Script$Recompilation$44618$3841A$\^function\_.L:1#issueCommand(&lt;function&gt;:124)
	at jdk.nashorn.internal.scripts.Script$Recompilation$44618$3841A$\^function\_.L:1#issueCommand(&lt;function&gt;:124)
	at jdk.nashorn.internal.scripts.Script$Recompilation$44618$3841A$\^function\_.L:1#issueCommand(&lt;function&gt;:124)
	at jdk.nashorn.internal.scripts.Script$Recompilation$44618$3841A$\^function\_.L:1#issueCommand(&lt;function&gt;:124)
	at jdk.nashorn.internal.scripts.Script$Recompilation$44618$3841A$\^function\_.L:1#issueCommand(&lt;function&gt;:124)
	at jdk.nashorn.internal.scripts.Script$Recompilation$44618$3841A$\^function\_.L:1#issueCommand(&lt;function&gt;:124)
	at jdk.nashorn.internal.scripts.Script$Recompilation$44618$3841A$\^function\_.L:1#issueCommand(&lt;function&gt;:124)
	at jdk.nashorn.internal.scripts.Script$Recompilation$44618$3841A$\^function\_.L:1#issueCommand(&lt;function&gt;:124)
	at jdk.nashorn.internal.scripts.Script$Recompilation$44618$3841A$\^function\_.L:1#issueCommand(&lt;function&gt;:124)
	at jdk.nashorn.internal.scripts.Script$Recompilation$44618$3841A$\^function\_.L:1#issueCommand(&lt;function&gt;:124)
	at jdk.nashorn.internal.scripts.Script$Recompilation$44618$3841A$\^function\_.L:1#issueCommand(&lt;function&gt;:124)
	at jdk.nashorn.internal.scripts.Script$Recompilation$44618$3841A$\^function\_.L:1#issueCommand(&lt;function&gt;:124)
	at jdk.nashorn.internal.scripts.Script$Recompilation$44618$3841A$\^function\_.L:1#issueCommand(&lt;function&gt;:124)
	at jdk.nashorn.internal.scripts.Script$Recompilation$44618$3841A$\^function\_.L:1#issueCommand(&lt;function&gt;:124)
	at jdk.nashorn.internal.scripts.Script$Recompilation$44618$3841A$\^function\_.L:1#issueCommand(&lt;function&gt;:124)
	at jdk.nashorn.internal.scripts.Script$Recompilation$44618$3841A$\^function\_.L:1#issueCommand(&lt;function&gt;:124)
	at jdk.nashorn.internal.scripts.Script$Recompilation$44618$3841A$\^function\_.L:1#issueCommand(&lt;function&gt;:124)
	at jdk.nashorn.internal.scripts.Script$Recompilation$44618$3841A$\^function\_.L:1#issueCommand(&lt;function&gt;:124)
	at jdk.nashorn.internal.scripts.Script$Recompilation$44618$3841A$\^function\_.L:1#issueCommand(&lt;function&gt;:124)
	at jdk.nashorn.internal.scripts.Script$Recompilation$44618$3841A$\^function\_.L:1#issueCommand(&lt;function&gt;:124)
	at jdk.nashorn.internal.scripts.Script$Recompilation$44618$3841A$\^function\_.L:1#issueCommand(&lt;function&gt;:124)
	at jdk.nashorn.internal.scripts.Script$Recompilation$44618$3841A$\^function\_.L:1#issueCommand(&lt;function&gt;:124)
	at jdk.nashorn.internal.scripts.Script$Recompilation$44618$3841A$\^function\_.L:1#issueCommand(&lt;function&gt;:124)
	at jdk.nashorn.internal.scripts.Script$Recompilation$44618$3841A$\^function\_.L:1#issueCommand(&lt;function&gt;:124)
	at jdk.nashorn.internal.scripts.Script$Recompilation$44618$3841A$\^function\_.L:1#issueCommand(&lt;function&gt;:124)
	at jdk.nashorn.internal.scripts.Script$Recompilation$44618$3841A$\^function\_.L:1#issueCommand(&lt;function&gt;:124)
	at jdk.nashorn.internal.scripts.Script$Recompilation$44618$3841A$\^function\_.L:1#issueCommand(&lt;function&gt;:124)
	at jdk.nashorn.internal.scripts.Script$Recompilation$44618$3841A$\^function\_.L:1#issueCommand(&lt;function&gt;:124)
	at jdk.nashorn.internal.scripts.Script$Recompilation$44618$3841A$\^function\_.L:1#issueCommand(&lt;function&gt;:124)
	at jdk.nashorn.internal.scripts.Script$Recompilation$44618$3841A$\^function\_.L:1#issueCommand(&lt;function&gt;:124)
	at jdk.nashorn.internal.scripts.Script$Recompilation$44618$3841A$\^function\_.L:1#issueCommand(&lt;function&gt;:124)
	at jdk.nashorn.internal.scripts.Script$Recompilation$44618$3841A$\^function\_.L:1#issueCommand(&lt;function&gt;:124)
	at jdk.nashorn.internal.scripts.Script$Recompilation$44618$3841A$\^function\_.L:1#issueCommand(&lt;function&gt;:124)
	at jdk.nashorn.internal.scripts.Script$Recompilation$44618$3841A$\^function\_.L:1#issueCommand(&lt;function&gt;:124)
	at jdk.nashorn.internal.scripts.Script$Recompilation$44618$3841A$\^function\_.L:1#issueCommand(&lt;function&gt;:124)
	at jdk.nashorn.internal.scripts.Script$Recompilation$44618$3841A$\^function\_.L:1#issueCommand(&lt;function&gt;:124)
	at jdk.nashorn.internal.scripts.Script$Recompilation$44618$3841A$\^function\_.L:1#issueCommand(&lt;function&gt;:124)
	at jdk.nashorn.internal.scripts.Script$Recompilation$44618$3841A$\^function\_.L:1#issueCommand(&lt;function&gt;:124)
	at jdk.nashorn.internal.scripts.Script$Recompilation$44618$3841A$\^function\_.L:1#issueCommand(&lt;function&gt;:124)
	at jdk.nashorn.internal.scripts.Script$Recompilation$44618$3841A$\^function\_.L:1#issueCommand(&lt;function&gt;:124)
	at jdk.nashorn.internal.scripts.Script$Recompilation$44618$3841A$\^function\_.L:1#issueCommand(&lt;function&gt;:124)
	at jdk.nashorn.internal.scripts.Script$Recompilation$44618$3841A$\^function\_.L:1#issueCommand(&lt;function&gt;:124)
	at jdk.nashorn.internal.scripts.Script$Recompilation$44618$3841A$\^function\_.L:1#issueCommand(&lt;function&gt;:124)
	at jdk.nashorn.internal.scripts.Script$Recompilation$44618$3841A$\^function\_.L:1#issueCommand(&lt;function&gt;:124)
	at jdk.nashorn.internal.scripts.Script$Recompilation$44618$3841A$\^function\_.L:1#issueCommand(&lt;function&gt;:124)
	at jdk.nashorn.internal.scripts.Script$Recompilation$44618$3841A$\^function\_.L:1#issueCommand(&lt;function&gt;:124)
	at jdk.nashorn.internal.scripts.Script$Recompilation$44618$3841A$\^function\_.L:1#issueCommand(&lt;function&gt;:124)
	at jdk.nashorn.internal.scripts.Script$Recompilation$44618$3841A$\^function\_.L:1#issueCommand(&lt;function&gt;:124)
	at jdk.nashorn.internal.scripts.Script$Recompilation$44618$3841A$\^function\_.L:1#issueCommand(&lt;function&gt;:124)
	at jdk.nashorn.internal.scripts.Script$Recompilation$44618$3841A$\^function\_.L:1#issueCommand(&lt;function&gt;:124)
	at jdk.nashorn.internal.scripts.Script$Recompilation$44618$3841A$\^function\_.L:1#issueCommand(&lt;function&gt;:124)
	at jdk.nashorn.internal.scripts.Script$Recompilation$44618$3841A$\^function\_.L:1#issueCommand(&lt;function&gt;:124)
	at jdk.nashorn.internal.scripts.Script$Recompilation$44618$3841A$\^function\_.L:1#issueCommand(&lt;function&gt;:124)
	at jdk.nashorn.internal.scripts.Script$Recompilation$44618$3841A$\^function\_.L:1#issueCommand(&lt;function&gt;:124)
	at jdk.nashorn.internal.scripts.Script$Recompilation$44618$3841A$\^function\_.L:1#issueCommand(&lt;function&gt;:124)
	at jdk.nashorn.internal.scripts.Script$Recompilation$44618$3841A$\^function\_.L:1#issueCommand(&lt;function&gt;:124)
	at jdk.nashorn.internal.scripts.Script$Recompilation$44618$3841A$\^function\_.L:1#issueCommand(&lt;function&gt;:124)
	at jdk.nashorn.internal.scripts.Script$Recompilation$44618$3841A$\^function\_.L:1#issueCommand(&lt;function&gt;:124)
	at jdk.nashorn.internal.scripts.Script$Recompilation$44618$3841A$\^function\_.L:1#issueCommand(&lt;function&gt;:124)
	at jdk.nashorn.internal.scripts.Script$Recompilation$44618$3841A$\^function\_.L:1#issueCommand(&lt;function&gt;:124)
	at jdk.nashorn.internal.scripts.Script$Recompilation$44618$3841A$\^function\_.L:1#issueCommand(&lt;function&gt;:124)
	at jdk.nashorn.internal.scripts.Script$Recompilation$44618$3841A$\^function\_.L:1#issueCommand(&lt;function&gt;:124)
	at jdk.nashorn.internal.scripts.Script$Recompilation$44618$3841A$\^function\_.L:1#issueCommand(&lt;function&gt;:124)
	at jdk.nashorn.internal.scripts.Script$Recompilation$44618$3841A$\^function\_.L:1#issueCommand(&lt;function&gt;:124)
	at jdk.nashorn.internal.scripts.Script$Recompilation$44618$3841A$\^function\_.L:1#issueCommand(&lt;function&gt;:124)
	at jdk.nashorn.internal.scripts.Script$Recompilation$44618$3841A$\^function\_.L:1#issueCommand(&lt;function&gt;:124)
	at jdk.nashorn.internal.scripts.Script$Recompilation$44618$3841A$\^function\_.L:1#issueCommand(&lt;function&gt;:124)
	at jdk.nashorn.internal.scripts.Script$Recompilation$44618$3841A$\^function\_.L:1#issueCommand(&lt;function&gt;:124)
	at jdk.nashorn.internal.scripts.Script$Recompilation$44618$3841A$\^function\_.L:1#issueCommand(&lt;function&gt;:124)
	at jdk.nashorn.internal.scripts.Script$Recompilation$44618$3841A$\^function\_.L:1#issueCommand(&lt;function&gt;:124)
	at jdk.nashorn.internal.scripts.Script$Recompilation$44618$3841A$\^function\_.L:1#issueCommand(&lt;function&gt;:124)
	at jdk.nashorn.internal.scripts.Script$Recompilation$44618$3841A$\^function\_.L:1#issueCommand(&lt;function&gt;:124)
	at jdk.nashorn.internal.scripts.Script$Recompilation$44618$3841A$\^function\_.L:1#issueCommand(&lt;function&gt;:124)
	at jdk.nashorn.internal.scripts.Script$Recompilation$44618$3841A$\^function\_.L:1#issueCommand(&lt;function&gt;:124)
	at jdk.nashorn.internal.scripts.Script$Recompilation$44618$3841A$\^function\_.L:1#issueCommand(&lt;function&gt;:124)
	at jdk.nashorn.internal.scripts.Script$Recompilation$44618$3841A$\^function\_.L:1#issueCommand(&lt;function&gt;:124)
	at jdk.nashorn.internal.scripts.Script$Recompilation$44618$3841A$\^function\_.L:1#issueCommand(&lt;function&gt;:124)
	at jdk.nashorn.internal.scripts.Script$Recompilation$44618$3841A$\^function\_.L:1#issueCommand(&lt;function&gt;:124)
	at jdk.nashorn.internal.scripts.Script$Recompilation$44618$3841A$\^function\_.L:1#issueCommand(&lt;function&gt;:124)
	at jdk.nashorn.internal.scripts.Script$Recompilation$44618$3841A$\^function\_.L:1#issueCommand(&lt;function&gt;:124)
	at jdk.nashorn.internal.scripts.Script$Recompilation$44618$3841A$\^function\_.L:1#issueCommand(&lt;function&gt;:124)
	at jdk.nashorn.internal.scripts.Script$Recompilation$44618$3841A$\^function\_.L:1#issueCommand(&lt;function&gt;:124)
	at jdk.nashorn.internal.scripts.Script$Recompilation$44618$3841A$\^function\_.L:1#issueCommand(&lt;function&gt;:124)
	at jdk.nashorn.internal.scripts.Script$Recompilation$44618$3841A$\^function\_.L:1#issueCommand(&lt;function&gt;:124)
	at jdk.nashorn.internal.scripts.Script$Recompilation$44618$3841A$\^function\_.L:1#issueCommand(&lt;function&gt;:124)
	at jdk.nashorn.internal.scripts.Script$Recompilation$44618$3841A$\^function\_.L:1#issueCommand(&lt;function&gt;:124)
	at jdk.nashorn.internal.scripts.Script$Recompilation$44618$3841A$\^function\_.L:1#issueCommand(&lt;function&gt;:124)
	at jdk.nashorn.internal.scripts.Script$Recompilation$44618$3841A$\^function\_.L:1#issueCommand(&lt;function&gt;:124)
	at jdk.nashorn.internal.scripts.Script$Recompilation$44618$3841A$\^function\_.L:1#issueCommand(&lt;function&gt;:124)
	at jdk.nashorn.internal.scripts.Script$Recompilation$44618$3841A$\^function\_.L:1#issueCommand(&lt;function&gt;:124)
	at jdk.nashorn.internal.scripts.Script$Recompilation$44618$3841A$\^function\_.L:1#issueCommand(&lt;function&gt;:124)
	at jdk.nashorn.internal.scripts.Script$Recompilation$44618$3841A$\^function\_.L:1#issueCommand(&lt;function&gt;:124)
	at jdk.nashorn.internal.scripts.Script$Recompilation$44618$3841A$\^function\_.L:1#issueCommand(&lt;function&gt;:124)
	at jdk.nashorn.internal.scripts.Script$Recompilation$44618$3841A$\^function\_.L:1#issueCommand(&lt;function&gt;:124)
	at jdk.nashorn.internal.scripts.Script$Recompilation$44618$3841A$\^function\_.L:1#issueCommand(&lt;function&gt;:124)
	at jdk.nashorn.internal.scripts.Script$Recompilation$44618$3841A$\^function\_.L:1#issueCommand(&lt;function&gt;:124)
	at jdk.nashorn.internal.scripts.Script$Recompilation$44618$3841A$\^function\_.L:1#issueCommand(&lt;function&gt;:124)
	at jdk.nashorn.internal.scripts.Script$Recompilation$44618$3841A$\^function\_.L:1#issueCommand(&lt;function&gt;:124)
	at jdk.nashorn.internal.scripts.Script$Recompilation$44618$3841A$\^function\_.L:1#issueCommand(&lt;function&gt;:124)
	at jdk.nashorn.internal.scripts.Script$Recompilation$44618$3841A$\^function\_.L:1#issueCommand(&lt;function&gt;:124)
	at jdk.nashorn.internal.scripts.Script$Recompilation$44618$3841A$\^function\_.L:1#issueCommand(&lt;function&gt;:124)
	at jdk.nashorn.internal.scripts.Script$Recompilation$44618$3841A$\^function\_.L:1#issueCommand(&lt;function&gt;:124)
	at jdk.nashorn.internal.scripts.Script$Recompilation$44618$3841A$\^function\_.L:1#issueCommand(&lt;function&gt;:124)
	at jdk.nashorn.internal.scripts.Script$Recompilation$44618$3841A$\^function\_.L:1#issueCommand(&lt;function&gt;:124)
	at jdk.nashorn.internal.scripts.Script$Recompilation$44618$3841A$\^function\_.L:1#issueCommand(&lt;function&gt;:124)
	at jdk.nashorn.internal.scripts.Script$Recompilation$44618$3841A$\^function\_.L:1#issueCommand(&lt;function&gt;:124)
	at jdk.nashorn.internal.scripts.Script$Recompilation$44618$3841A$\^function\_.L:1#issueCommand(&lt;function&gt;:124)
	at jdk.nashorn.internal.scripts.Script$Recompilation$44618$3841A$\^function\_.L:1#issueCommand(&lt;function&gt;:124)
	at jdk.nashorn.internal.scripts.Script$Recompilation$44618$3841A$\^function\_.L:1#issueCommand(&lt;function&gt;:124)
	at jdk.nashorn.internal.scripts.Script$Recompilation$44618$3841A$\^function\_.L:1#issueCommand(&lt;function&gt;:124)
	at jdk.nashorn.internal.scripts.Script$Recompilation$44618$3841A$\^function\_.L:1#issueCommand(&lt;function&gt;:124)
	at jdk.nashorn.internal.scripts.Script$Recompilation$44618$3841A$\^function\_.L:1#issueCommand(&lt;function&gt;:124)
	at jdk.nashorn.internal.scripts.Script$Recompilation$44618$3841A$\^function\_.L:1#issueCommand(&lt;function&gt;:124)
	at jdk.nashorn.internal.scripts.Script$Recompilation$44618$3841A$\^function\_.L:1#issueCommand(&lt;function&gt;:124)
	at jdk.nashorn.internal.scripts.Script$Recompilation$44618$3841A$\^function\_.L:1#issueCommand(&lt;function&gt;:124)
	at jdk.nashorn.internal.scripts.Script$Recompilation$44618$3841A$\^function\_.L:1#issueCommand(&lt;function&gt;:124)
	at jdk.nashorn.internal.scripts.Script$Recompilation$44618$3841A$\^function\_.L:1#issueCommand(&lt;function&gt;:124)
	at jdk.nashorn.internal.scripts.Script$Recompilation$44618$3841A$\^function\_.L:1#issueCommand(&lt;function&gt;:124)
	at jdk.nashorn.internal.scripts.Script$Recompilation$44618$3841A$\^function\_.L:1#issueCommand(&lt;function&gt;:124)
	at jdk.nashorn.internal.scripts.Script$Recompilation$44618$3841A$\^function\_.L:1#issueCommand(&lt;function&gt;:124)
	at jdk.nashorn.internal.scripts.Script$Recompilation$44618$3841A$\^function\_.L:1#issueCommand(&lt;function&gt;:124)
	at jdk.nashorn.internal.scripts.Script$Recompilation$44618$3841A$\^function\_.L:1#issueCommand(&lt;function&gt;:124)
	at jdk.nashorn.internal.scripts.Script$Recompilation$44618$3841A$\^function\_.L:1#issueCommand(&lt;function&gt;:124)
	at jdk.nashorn.internal.scripts.Script$Recompilation$44618$3841A$\^function\_.L:1#issueCommand(&lt;function&gt;:124)
	at jdk.nashorn.internal.scripts.Script$Recompilation$44618$3841A$\^function\_.L:1#issueCommand(&lt;function&gt;:124)
	at jdk.nashorn.internal.scripts.Script$Recompilation$44618$3841A$\^function\_.L:1#issueCommand(&lt;function&gt;:124)
	at jdk.nashorn.internal.scripts.Script$Recompilation$44618$3841A$\^function\_.L:1#issueCommand(&lt;function&gt;:124)
	at jdk.nashorn.internal.scripts.Script$Recompilation$44618$3841A$\^function\_.L:1#issueCommand(&lt;function&gt;:124)
	at jdk.nashorn.internal.scripts.Script$Recompilation$44618$3841A$\^function\_.L:1#issueCommand(&lt;function&gt;:124)
	at jdk.nashorn.internal.scripts.Script$Recompilation$44618$3841A$\^function\_.L:1#issueCommand(&lt;function&gt;:124)
	at jdk.nashorn.internal.scripts.Script$Recompilation$44618$3841A$\^function\_.L:1#issueCommand(&lt;function&gt;:124)
	at jdk.nashorn.internal.scripts.Script$Recompilation$44618$3841A$\^function\_.L:1#issueCommand(&lt;function&gt;:124)
	at jdk.nashorn.internal.scripts.Script$Recompilation$44618$3841A$\^function\_.L:1#issueCommand(&lt;function&gt;:124)
	at jdk.nashorn.internal.scripts.Script$Recompilation$44618$3841A$\^function\_.L:1#issueCommand(&lt;function&gt;:124)
	at jdk.nashorn.internal.scripts.Script$Recompilation$44618$3841A$\^function\_.L:1#issueCommand(&lt;function&gt;:124)
	at jdk.nashorn.internal.scripts.Script$Recompilation$44618$3841A$\^function\_.L:1#issueCommand(&lt;function&gt;:124)
	at jdk.nashorn.internal.scripts.Script$Recompilation$44618$3841A$\^function\_.L:1#issueCommand(&lt;function&gt;:124)
	at jdk.nashorn.internal.scripts.Script$Recompilation$44618$3841A$\^function\_.L:1#issueCommand(&lt;function&gt;:124)
	at jdk.nashorn.internal.scripts.Script$Recompilation$44618$3841A$\^function\_.L:1#issueCommand(&lt;function&gt;:124)
	at jdk.nashorn.internal.scripts.Script$Recompilation$44618$3841A$\^function\_.L:1#issueCommand(&lt;function&gt;:124)
	at jdk.nashorn.internal.scripts.Script$Recompilation$44618$3841A$\^function\_.L:1#issueCommand(&lt;function&gt;:124)
	at jdk.nashorn.internal.scripts.Script$Recompilation$44618$3841A$\^function\_.L:1#issueCommand(&lt;function&gt;:124)
	at jdk.nashorn.internal.scripts.Script$Recompilation$44618$3841A$\^function\_.L:1#issueCommand(&lt;function&gt;:124)
	at jdk.nashorn.internal.scripts.Script$Recompilation$44618$3841A$\^function\_.L:1#issueCommand(&lt;function&gt;:124)
	at jdk.nashorn.internal.scripts.Script$Recompilation$44618$3841A$\^function\_.L:1#issueCommand(&lt;function&gt;:124)
	at jdk.nashorn.internal.scripts.Script$Recompilation$44618$3841A$\^function\_.L:1#issueCommand(&lt;function&gt;:124)
	at jdk.nashorn.internal.scripts.Script$Recompilation$44618$3841A$\^function\_.L:1#issueCommand(&lt;function&gt;:124)
	at jdk.nashorn.internal.scripts.Script$Recompilation$44618$3841A$\^function\_.L:1#issueCommand(&lt;function&gt;:124)
	at jdk.nashorn.internal.scripts.Script$Recompilation$44618$3841A$\^function\_.L:1#issueCommand(&lt;function&gt;:124)
	at jdk.nashorn.internal.scripts.Script$Recompilation$44618$3841A$\^function\_.L:1#issueCommand(&lt;function&gt;:124)
	at jdk.nashorn.internal.scripts.Script$Recompilation$44618$3841A$\^function\_.L:1#issueCommand(&lt;function&gt;:124)
	at jdk.nashorn.internal.scripts.Script$Recompilation$44618$3841A$\^function\_.L:1#issueCommand(&lt;function&gt;:124)
	at jdk.nashorn.internal.scripts.Script$Recompilation$44618$3841A$\^function\_.L:1#issueCommand(&lt;function&gt;:124)
	at jdk.nashorn.internal.scripts.Script$Recompilation$44618$3841A$\^function\_.L:1#issueCommand(&lt;function&gt;:124)
	at jdk.nashorn.internal.scripts.Script$Recompilation$44618$3841A$\^function\_.L:1#issueCommand(&lt;function&gt;:124)
	at jdk.nashorn.internal.scripts.Script$Recompilation$44618$3841A$\^function\_.L:1#issueCommand(&lt;function&gt;:124)
	at jdk.nashorn.internal.scripts.Script$Recompilation$44618$3841A$\^function\_.L:1#issueCommand(&lt;function&gt;:124)
	at jdk.nashorn.internal.scripts.Script$Recompilation$44618$3841A$\^function\_.L:1#issueCommand(&lt;function&gt;:124)
	at jdk.nashorn.internal.scripts.Script$Recompilation$44618$3841A$\^function\_.L:1#issueCommand(&lt;function&gt;:124)
	at jdk.nashorn.internal.scripts.Script$Recompilation$44618$3841A$\^function\_.L:1#issueCommand(&lt;function&gt;:124)
	at jdk.nashorn.internal.scripts.Script$Recompilation$44618$3841A$\^function\_.L:1#issueCommand(&lt;function&gt;:124)
	at jdk.nashorn.internal.scripts.Script$Recompilation$44618$3841A$\^function\_.L:1#issueCommand(&lt;function&gt;:124)
	at jdk.nashorn.internal.scripts.Script$Recompilation$44618$3841A$\^function\_.L:1#issueCommand(&lt;function&gt;:124)
	at jdk.nashorn.internal.scripts.Script$Recompilation$44618$3841A$\^function\_.L:1#issueCommand(&lt;function&gt;:124)
	at jdk.nashorn.internal.scripts.Script$Recompilation$44618$3841A$\^function\_.L:1#issueCommand(&lt;function&gt;:124)
	at jdk.nashorn.internal.scripts.Script$Recompilation$44618$3841A$\^function\_.L:1#issueCommand(&lt;function&gt;:124)
	at jdk.nashorn.internal.scripts.Script$Recompilation$44618$3841A$\^function\_.L:1#issueCommand(&lt;function&gt;:124)
	at jdk.nashorn.internal.scripts.Script$Recompilation$44618$3841A$\^function\_.L:1#issueCommand(&lt;function&gt;:124)
	at jdk.nashorn.internal.scripts.Script$Recompilation$44618$3841A$\^function\_.L:1#issueCommand(&lt;function&gt;:124)
	at jdk.nashorn.internal.scripts.Script$Recompilation$44618$3841A$\^function\_.L:1#issueCommand(&lt;function&gt;:124)
	at jdk.nashorn.internal.scripts.Script$Recompilation$44618$3841A$\^function\_.L:1#issueCommand(&lt;function&gt;:124)
	at jdk.nashorn.internal.scripts.Script$Recompilation$44618$3841A$\^function\_.L:1#issueCommand(&lt;function&gt;:124)
	at jdk.nashorn.internal.scripts.Script$Recompilation$44618$3841A$\^function\_.L:1#issueCommand(&lt;function&gt;:124)
	at jdk.nashorn.internal.scripts.Script$Recompilation$44618$3841A$\^function\_.L:1#issueCommand(&lt;function&gt;:124)
	at jdk.nashorn.internal.scripts.Script$Recompilation$44618$3841A$\^function\_.L:1#issueCommand(&lt;function&gt;:124)
	at jdk.nashorn.internal.scripts.Script$Recompilation$44618$3841A$\^function\_.L:1#issueCommand(&lt;function&gt;:124)
	at jdk.nashorn.internal.scripts.Script$Recompilation$44618$3841A$\^function\_.L:1#issueCommand(&lt;function&gt;:124)
	at jdk.nashorn.internal.scripts.Script$Recompilation$44618$3841A$\^function\_.L:1#issueCommand(&lt;function&gt;:124)
	at jdk.nashorn.internal.scripts.Script$Recompilation$44618$3841A$\^function\_.L:1#issueCommand(&lt;function&gt;:124)
	at jdk.nashorn.internal.scripts.Script$Recompilation$44618$3841A$\^function\_.L:1#issueCommand(&lt;function&gt;:124)
	at jdk.nashorn.internal.scripts.Script$Recompilation$44618$3841A$\^function\_.L:1#issueCommand(&lt;function&gt;:124)
	at jdk.nashorn.internal.scripts.Script$Recompilation$44618$3841A$\^function\_.L:1#issueCommand(&lt;function&gt;:124)
	at jdk.nashorn.internal.scripts.Script$Recompilation$44618$3841A$\^function\_.L:1#issueCommand(&lt;function&gt;:124)
	at jdk.nashorn.internal.scripts.Script$Recompilation$44618$3841A$\^function\_.L:1#issueCommand(&lt;function&gt;:124)
	at jdk.nashorn.internal.scripts.Script$Recompilation$44618$3841A$\^function\_.L:1#issueCommand(&lt;function&gt;:124)
	at jdk.nashorn.internal.scripts.Script$Recompilation$44618$3841A$\^function\_.L:1#issueCommand(&lt;function&gt;:124)
	at jdk.nashorn.internal.scripts.Script$Recompilation$44618$3841A$\^function\_.L:1#issueCommand(&lt;function&gt;:124)
	at jdk.nashorn.internal.scripts.Script$Recompilation$44618$3841A$\^function\_.L:1#issueCommand(&lt;function&gt;:124)
	at jdk.nashorn.internal.scripts.Script$Recompilation$44618$3841A$\^function\_.L:1#issueCommand(&lt;function&gt;:124)
	at jdk.nashorn.internal.scripts.Script$Recompilation$44618$3841A$\^function\_.L:1#issueCommand(&lt;function&gt;:124)
	at jdk.nashorn.internal.scripts.Script$Recompilation$44618$3841A$\^function\_.L:1#issueCommand(&lt;function&gt;:124)
	at jdk.nashorn.internal.scripts.Script$Recompilation$44618$3841A$\^function\_.L:1#issueCommand(&lt;function&gt;:124)
	at jdk.nashorn.internal.scripts.Script$Recompilation$44618$3841A$\^function\_.L:1#issueCommand(&lt;function&gt;:124)
	at jdk.nashorn.internal.scripts.Script$Recompilation$44618$3841A$\^function\_.L:1#issueCommand(&lt;function&gt;:124)
	at jdk.nashorn.internal.scripts.Script$Recompilation$44618$3841A$\^function\_.L:1#issueCommand(&lt;function&gt;:124)
	at jdk.nashorn.internal.scripts.Script$Recompilation$44618$3841A$\^function\_.L:1#issueCommand(&lt;function&gt;:124)
	at jdk.nashorn.internal.scripts.Script$Recompilation$44618$3841A$\^function\_.L:1#issueCommand(&lt;function&gt;:124)
	at jdk.nashorn.internal.scripts.Script$Recompilation$44618$3841A$\^function\_.L:1#issueCommand(&lt;function&gt;:124)
	at jdk.nashorn.internal.scripts.Script$Recompilation$44618$3841A$\^function\_.L:1#issueCommand(&lt;function&gt;:124)
	at jdk.nashorn.internal.scripts.Script$Recompilation$44618$3841A$\^function\_.L:1#issueCommand(&lt;function&gt;:124)
	at jdk.nashorn.internal.scripts.Script$Recompilation$44618$3841A$\^function\_.L:1#issueCommand(&lt;function&gt;:124)
	at jdk.nashorn.internal.scripts.Script$Recompilation$44618$3841A$\^function\_.L:1#issueCommand(&lt;function&gt;:124)
	at jdk.nashorn.internal.scripts.Script$Recompilation$44618$3841A$\^function\_.L:1#issueCommand(&lt;function&gt;:124)
	at jdk.nashorn.internal.scripts.Script$Recompilation$44618$3841A$\^function\_.L:1#issueCommand(&lt;function&gt;:124)
	at jdk.nashorn.internal.scripts.Script$Recompilation$44618$3841A$\^function\_.L:1#issueCommand(&lt;function&gt;:124)
	at jdk.nashorn.internal.scripts.Script$Recompilation$44618$3841A$\^function\_.L:1#issueCommand(&lt;function&gt;:124)
	at jdk.nashorn.internal.scripts.Script$Recompilation$44618$3841A$\^function\_.L:1#issueCommand(&lt;function&gt;:124)
	at jdk.nashorn.internal.scripts.Script$Recompilation$44618$3841A$\^function\_.L:1#issueCommand(&lt;function&gt;:124)
	at jdk.nashorn.internal.scripts.Script$Recompilation$44618$3841A$\^function\_.L:1#issueCommand(&lt;function&gt;:124)
	at jdk.nashorn.internal.scripts.Script$Recompilation$44618$3841A$\^function\_.L:1#issueCommand(&lt;function&gt;:124)
	at jdk.nashorn.internal.scripts.Script$Recompilation$44618$3841A$\^function\_.L:1#issueCommand(&lt;function&gt;:124)
	at jdk.nashorn.internal.scripts.Script$Recompilation$44618$3841A$\^function\_.L:1#issueCommand(&lt;function&gt;:124)
	at jdk.nashorn.internal.scripts.Script$Recompilation$44618$3841A$\^function\_.L:1#issueCommand(&lt;function&gt;:124)
	at jdk.nashorn.internal.scripts.Script$Recompilation$44618$3841A$\^function\_.L:1#issueCommand(&lt;function&gt;:124)
	at jdk.nashorn.internal.scripts.Script$Recompilation$44618$3841A$\^function\_.L:1#issueCommand(&lt;function&gt;:124)
	at jdk.nashorn.internal.scripts.Script$Recompilation$44618$3841A$\^function\_.L:1#issueCommand(&lt;function&gt;:124)
	at jdk.nashorn.internal.scripts.Script$Recompilation$44618$3841A$\^function\_.L:1#issueCommand(&lt;function&gt;:124)
	at jdk.nashorn.internal.scripts.Script$Recompilation$44618$3841A$\^function\_.L:1#issueCommand(&lt;function&gt;:124)
	at jdk.nashorn.internal.scripts.Script$Recompilation$44618$3841A$\^function\_.L:1#issueCommand(&lt;function&gt;:124)
	at jdk.nashorn.internal.scripts.Script$Recompilation$44618$3841A$\^function\_.L:1#issueCommand(&lt;function&gt;:124)
	at jdk.nashorn.internal.scripts.Script$Recompilation$44618$3841A$\^function\_.L:1#issueCommand(&lt;function&gt;:124)
	at jdk.nashorn.internal.scripts.Script$Recompilation$44618$3841A$\^function\_.L:1#issueCommand(&lt;function&gt;:124)
	at jdk.nashorn.internal.scripts.Script$Recompilation$44618$3841A$\^function\_.L:1#issueCommand(&lt;function&gt;:124)
	at jdk.nashorn.internal.scripts.Script$Recompilation$44618$3841A$\^function\_.L:1#issueCommand(&lt;function&gt;:124)
	at jdk.nashorn.internal.scripts.Script$Recompilation$44618$3841A$\^function\_.L:1#issueCommand(&lt;function&gt;:124)
	at jdk.nashorn.internal.scripts.Script$Recompilation$44618$3841A$\^function\_.L:1#issueCommand(&lt;function&gt;:124)
	at jdk.nashorn.internal.scripts.Script$Recompilation$44618$3841A$\^function\_.L:1#issueCommand(&lt;function&gt;:124)
	at jdk.nashorn.internal.scripts.Script$Recompilation$44618$3841A$\^function\_.L:1#issueCommand(&lt;function&gt;:124)
	at jdk.nashorn.internal.scripts.Script$Recompilation$44618$3841A$\^function\_.L:1#issueCommand(&lt;function&gt;:124)
	at jdk.nashorn.internal.scripts.Script$Recompilation$44618$3841A$\^function\_.L:1#issueCommand(&lt;function&gt;:124)
	at jdk.nashorn.internal.scripts.Script$Recompilation$44618$3841A$\^function\_.L:1#issueCommand(&lt;function&gt;:124)
	at jdk.nashorn.internal.scripts.Script$Recompilation$44618$3841A$\^function\_.L:1#issueCommand(&lt;function&gt;:124)
	at jdk.nashorn.internal.scripts.Script$Recompilation$44618$3841A$\^function\_.L:1#issueCommand(&lt;function&gt;:124)
	at jdk.nashorn.internal.scripts.Script$Recompilation$44618$3841A$\^function\_.L:1#issueCommand(&lt;function&gt;:124)
	at jdk.nashorn.internal.scripts.Script$Recompilation$44618$3841A$\^function\_.L:1#issueCommand(&lt;function&gt;:124)
	at jdk.nashorn.internal.scripts.Script$Recompilation$44618$3841A$\^function\_.L:1#issueCommand(&lt;function&gt;:124)
	at jdk.nashorn.internal.scripts.Script$Recompilation$44618$3841A$\^function\_.L:1#issueCommand(&lt;function&gt;:124)
	at jdk.nashorn.internal.scripts.Script$Recompilation$44618$3841A$\^function\_.L:1#issueCommand(&lt;function&gt;:124)
	at jdk.nashorn.internal.scripts.Script$Recompilation$44618$3841A$\^function\_.L:1#issueCommand(&lt;function&gt;:124)
	at jdk.nashorn.internal.scripts.Script$Recompilation$44618$3841A$\^function\_.L:1#issueCommand(&lt;function&gt;:124)
	at jdk.nashorn.internal.scripts.Script$Recompilation$44618$3841A$\^function\_.L:1#issueCommand(&lt;function&gt;:124)
	at jdk.nashorn.internal.scripts.Script$Recompilation$44618$3841A$\^function\_.L:1#issueCommand(&lt;function&gt;:124)
	at jdk.nashorn.internal.scripts.Script$Recompilation$44618$3841A$\^function\_.L:1#issueCommand(&lt;function&gt;:124)
	at jdk.nashorn.internal.scripts.Script$Recompilation$44618$3841A$\^function\_.L:1#issueCommand(&lt;function&gt;:124)
	at jdk.nashorn.internal.scripts.Script$Recompilation$44618$3841A$\^function\_.L:1#issueCommand(&lt;function&gt;:124)
	at jdk.nashorn.internal.scripts.Script$Recompilation$44618$3841A$\^function\_.L:1#issueCommand(&lt;function&gt;:124)
	at jdk.nashorn.internal.scripts.Script$Recompilation$44618$3841A$\^function\_.L:1#issueCommand(&lt;function&gt;:124)
	at jdk.nashorn.internal.scripts.Script$Recompilation$44618$3841A$\^function\_.L:1#issueCommand(&lt;function&gt;:124)
	at jdk.nashorn.internal.scripts.Script$Recompilation$44618$3841A$\^function\_.L:1#issueCommand(&lt;function&gt;:124)
	at jdk.nashorn.internal.scripts.Script$Recompilation$44618$3841A$\^function\_.L:1#issueCommand(&lt;function&gt;:124)
	at jdk.nashorn.internal.scripts.Script$Recompilation$44618$3841A$\^function\_.L:1#issueCommand(&lt;function&gt;:124)
	at jdk.nashorn.internal.scripts.Script$Recompilation$44618$3841A$\^function\_.L:1#issueCommand(&lt;function&gt;:124)
	at jdk.nashorn.internal.scripts.Script$Recompilation$44618$3841A$\^function\_.L:1#issueCommand(&lt;function&gt;:124)
	at jdk.nashorn.internal.scripts.Script$Recompilation$44618$3841A$\^function\_.L:1#issueCommand(&lt;function&gt;:124)
	at jdk.nashorn.internal.scripts.Script$Recompilation$44618$3841A$\^function\_.L:1#issueCommand(&lt;function&gt;:124)
	at jdk.nashorn.internal.scripts.Script$Recompilation$44618$3841A$\^function\_.L:1#issueCommand(&lt;function&gt;:124)
	at jdk.nashorn.internal.scripts.Script$Recompilation$44618$3841A$\^function\_.L:1#issueCommand(&lt;function&gt;:124)
	at jdk.nashorn.internal.scripts.Script$Recompilation$44618$3841A$\^function\_.L:1#issueCommand(&lt;function&gt;:124)
	at jdk.nashorn.internal.scripts.Script$Recompilation$44618$3841A$\^function\_.L:1#issueCommand(&lt;function&gt;:124)
	at jdk.nashorn.internal.scripts.Script$Recompilation$44618$3841A$\^function\_.L:1#issueCommand(&lt;function&gt;:124)
	at jdk.nashorn.internal.scripts.Script$Recompilation$44618$3841A$\^function\_.L:1#issueCommand(&lt;function&gt;:124)
	at jdk.nashorn.internal.scripts.Script$Recompilation$44618$3841A$\^function\_.L:1#issueCommand(&lt;function&gt;:124)
	at jdk.nashorn.internal.scripts.Script$Recompilation$44618$3841A$\^function\_.L:1#issueCommand(&lt;function&gt;:124)
	at jdk.nashorn.internal.scripts.Script$Recompilation$44618$3841A$\^function\_.L:1#issueCommand(&lt;function&gt;:124)
	at jdk.nashorn.internal.scripts.Script$Recompilation$44618$3841A$\^function\_.L:1#issueCommand(&lt;function&gt;:124)
	at jdk.nashorn.internal.scripts.Script$Recompilation$44618$3841A$\^function\_.L:1#issueCommand(&lt;function&gt;:124)
	at jdk.nashorn.internal.scripts.Script$Recompilation$44618$3841A$\^function\_.L:1#issueCommand(&lt;function&gt;:124)
	at jdk.nashorn.internal.scripts.Script$Recompilation$44618$3841A$\^function\_.L:1#issueCommand(&lt;function&gt;:124)
	at jdk.nashorn.internal.scripts.Script$Recompilation$44618$3841A$\^function\_.L:1#issueCommand(&lt;function&gt;:124)
	at jdk.nashorn.internal.scripts.Script$Recompilation$44618$3841A$\^function\_.L:1#issueCommand(&lt;function&gt;:124)
	at jdk.nashorn.internal.scripts.Script$Recompilation$44618$3841A$\^function\_.L:1#issueCommand(&lt;function&gt;:124)
	at jdk.nashorn.internal.scripts.Script$Recompilation$44618$3841A$\^function\_.L:1#issueCommand(&lt;function&gt;:124)
	at jdk.nashorn.internal.scripts.Script$Recompilation$44618$3841A$\^function\_.L:1#issueCommand(&lt;function&gt;:124)
	at jdk.nashorn.internal.scripts.Script$Recompilation$44618$3841A$\^function\_.L:1#issueCommand(&lt;function&gt;:124)
	at jdk.nashorn.internal.scripts.Script$Recompilation$44618$3841A$\^function\_.L:1#issueCommand(&lt;function&gt;:124)
	at jdk.nashorn.internal.scripts.Script$Recompilation$44618$3841A$\^function\_.L:1#issueCommand(&lt;function&gt;:124)
	at jdk.nashorn.internal.scripts.Script$Recompilation$44618$3841A$\^function\_.L:1#issueCommand(&lt;function&gt;:124)
	at jdk.nashorn.internal.scripts.Script$Recompilation$44618$3841A$\^function\_.L:1#issueCommand(&lt;function&gt;:124)
	at jdk.nashorn.internal.scripts.Script$Recompilation$44618$3841A$\^function\_.L:1#issueCommand(&lt;function&gt;:124)
	at jdk.nashorn.internal.scripts.Script$Recompilation$44618$3841A$\^function\_.L:1#issueCommand(&lt;function&gt;:124)
	at jdk.nashorn.internal.scripts.Script$Recompilation$44618$3841A$\^function\_.L:1#issueCommand(&lt;function&gt;:124)
	at jdk.nashorn.internal.scripts.Script$Recompilation$44618$3841A$\^function\_.L:1#issueCommand(&lt;function&gt;:124)
	at jdk.nashorn.internal.scripts.Script$Recompilation$44618$3841A$\^function\_.L:1#issueCommand(&lt;function&gt;:124)
	at jdk.nashorn.internal.scripts.Script$Recompilation$44618$3841A$\^function\_.L:1#issueCommand(&lt;function&gt;:124)
	at jdk.nashorn.internal.scripts.Script$Recompilation$44618$3841A$\^function\_.L:1#issueCommand(&lt;function&gt;:124)
	at jdk.nashorn.internal.scripts.Script$Recompilation$44618$3841A$\^function\_.L:1#issueCommand(&lt;function&gt;:124)
	at jdk.nashorn.internal.scripts.Script$Recompilation$44618$3841A$\^function\_.L:1#issueCommand(&lt;function&gt;:124)
	at jdk.nashorn.internal.scripts.Script$Recompilation$44618$3841A$\^function\_.L:1#issueCommand(&lt;function&gt;:124)
	at jdk.nashorn.internal.scripts.Script$Recompilation$44618$3841A$\^function\_.L:1#issueCommand(&lt;function&gt;:124)
	at jdk.nashorn.internal.scripts.Script$Recompilation$44618$3841A$\^function\_.L:1#issueCommand(&lt;function&gt;:124)
	at jdk.nashorn.internal.scripts.Script$Recompilation$44618$3841A$\^function\_.L:1#issueCommand(&lt;function&gt;:124)
	at jdk.nashorn.internal.scripts.Script$Recompilation$44618$3841A$\^function\_.L:1#issueCommand(&lt;function&gt;:124)
	at jdk.nashorn.internal.scripts.Script$Recompilation$44618$3841A$\^function\_.L:1#issueCommand(&lt;function&gt;:124)
	at jdk.nashorn.internal.scripts.Script$Recompilation$44618$3841A$\^function\_.L:1#issueCommand(&lt;function&gt;:124)
	at jdk.nashorn.internal.scripts.Script$Recompilation$44618$3841A$\^function\_.L:1#issueCommand(&lt;function&gt;:124)
	at jdk.nashorn.internal.scripts.Script$Recompilation$44618$3841A$\^function\_.L:1#issueCommand(&lt;function&gt;:124)
	at jdk.nashorn.internal.scripts.Script$Recompilation$44618$3841A$\^function\_.L:1#issueCommand(&lt;function&gt;:124)
	at jdk.nashorn.internal.scripts.Script$Recompilation$44618$3841A$\^function\_.L:1#issueCommand(&lt;function&gt;:124)
	at jdk.nashorn.internal.scripts.Script$Recompilation$44618$3841A$\^function\_.L:1#issueCommand(&lt;function&gt;:124)
	at jdk.nashorn.internal.scripts.Script$Recompilation$44618$3841A$\^function\_.L:1#issueCommand(&lt;function&gt;:124)
	at jdk.nashorn.internal.scripts.Script$Recompilation$44618$3841A$\^function\_.L:1#issueCommand(&lt;function&gt;:124)
	at jdk.nashorn.internal.scripts.Script$Recompilation$44618$3841A$\^function\_.L:1#issueCommand(&lt;function&gt;:124)
	at jdk.nashorn.internal.scripts.Script$Recompilation$44618$3841A$\^function\_.L:1#issueCommand(&lt;function&gt;:124)
	at jdk.nashorn.internal.scripts.Script$Recompilation$44618$3841A$\^function\_.L:1#issueCommand(&lt;function&gt;:124)
	at jdk.nashorn.internal.scripts.Script$Recompilation$44618$3841A$\^function\_.L:1#issueCommand(&lt;function&gt;:124)
	at jdk.nashorn.internal.scripts.Script$Recompilation$44618$3841A$\^function\_.L:1#issueCommand(&lt;function&gt;:124)
	at jdk.nashorn.internal.scripts.Script$Recompilation$44618$3841A$\^function\_.L:1#issueCommand(&lt;function&gt;:124)
	at jdk.nashorn.internal.scripts.Script$Recompilation$44618$3841A$\^function\_.L:1#issueCommand(&lt;function&gt;:124)
	at jdk.nashorn.internal.scripts.Script$Recompilation$44618$3841A$\^function\_.L:1#issueCommand(&lt;function&gt;:124)
	at jdk.nashorn.internal.scripts.Script$Recompilation$44618$3841A$\^function\_.L:1#issueCommand(&lt;function&gt;:124)
	at jdk.nashorn.internal.scripts.Script$Recompilation$44618$3841A$\^function\_.L:1#issueCommand(&lt;function&gt;:124)
	at jdk.nashorn.internal.scripts.Script$Recompilation$44618$3841A$\^function\_.L:1#issueCommand(&lt;function&gt;:124)
	at jdk.nashorn.internal.scripts.Script$Recompilation$44618$3841A$\^function\_.L:1#issueCommand(&lt;function&gt;:124)
	at jdk.nashorn.internal.scripts.Script$Recompilation$44618$3841A$\^function\_.L:1#issueCommand(&lt;function&gt;:124)
	at jdk.nashorn.internal.scripts.Script$Recompilation$44618$3841A$\^function\_.L:1#issueCommand(&lt;function&gt;:124)
	at jdk.nashorn.internal.scripts.Script$Recompilation$44618$3841A$\^function\_.L:1#issueCommand(&lt;function&gt;:124)
	at jdk.nashorn.internal.scripts.Script$Recompilation$44618$3841A$\^function\_.L:1#issueCommand(&lt;function&gt;:124)
	at jdk.nashorn.internal.scripts.Script$Recompilation$44618$3841A$\^function\_.L:1#issueCommand(&lt;function&gt;:124)
	at jdk.nashorn.internal.scripts.Script$Recompilation$44618$3841A$\^function\_.L:1#issueCommand(&lt;function&gt;:124)
	at jdk.nashorn.internal.scripts.Script$Recompilation$44618$3841A$\^function\_.L:1#issueCommand(&lt;function&gt;:124)
	at jdk.nashorn.internal.scripts.Script$Recompilation$44618$3841A$\^function\_.L:1#issueCommand(&lt;function&gt;:124)
	at jdk.nashorn.internal.scripts.Script$Recompilation$44618$3841A$\^function\_.L:1#issueCommand(&lt;function&gt;:124)
	at jdk.nashorn.internal.scripts.Script$Recompilation$44618$3841A$\^function\_.L:1#issueCommand(&lt;function&gt;:124)
	at jdk.nashorn.internal.scripts.Script$Recompilation$44618$3841A$\^function\_.L:1#issueCommand(&lt;function&gt;:124)
	at jdk.nashorn.internal.scripts.Script$Recompilation$44618$3841A$\^function\_.L:1#issueCommand(&lt;function&gt;:124)
	at jdk.nashorn.internal.scripts.Script$Recompilation$44618$3841A$\^function\_.L:1#issueCommand(&lt;function&gt;:124)
	at jdk.nashorn.internal.scripts.Script$Recompilation$44618$3841A$\^function\_.L:1#issueCommand(&lt;function&gt;:124)
	at jdk.nashorn.internal.scripts.Script$Recompilation$44618$3841A$\^function\_.L:1#issueCommand(&lt;function&gt;:124)
	at jdk.nashorn.internal.scripts.Script$Recompilation$44618$3841A$\^function\_.L:1#issueCommand(&lt;function&gt;:124)
	at jdk.nashorn.internal.scripts.Script$Recompilation$44618$3841A$\^function\_.L:1#issueCommand(&lt;function&gt;:124)
	at jdk.nashorn.internal.scripts.Script$Recompilation$44618$3841A$\^function\_.L:1#issueCommand(&lt;function&gt;:124)
	at jdk.nashorn.internal.scripts.Script$Recompilation$44618$3841A$\^function\_.L:1#issueCommand(&lt;function&gt;:124)
	at jdk.nashorn.internal.scripts.Script$Recompilation$44618$3841A$\^function\_.L:1#issueCommand(&lt;function&gt;:124)
	at jdk.nashorn.internal.scripts.Script$Recompilation$44618$3841A$\^function\_.L:1#issueCommand(&lt;function&gt;:124)
	at jdk.nashorn.internal.scripts.Script$Recompilation$44618$3841A$\^function\_.L:1#issueCommand(&lt;function&gt;:124)
	at jdk.nashorn.internal.scripts.Script$Recompilation$44618$3841A$\^function\_.L:1#issueCommand(&lt;function&gt;:124)
	at jdk.nashorn.internal.scripts.Script$Recompilation$44618$3841A$\^function\_.L:1#issueCommand(&lt;function&gt;:124)
	at jdk.nashorn.internal.scripts.Script$Recompilation$44618$3841A$\^function\_.L:1#issueCommand(&lt;function&gt;:124)
	at jdk.nashorn.internal.scripts.Script$Recompilation$44618$3841A$\^function\_.L:1#issueCommand(&lt;function&gt;:124)
	at jdk.nashorn.internal.scripts.Script$Recompilation$44618$3841A$\^function\_.L:1#issueCommand(&lt;function&gt;:124)
	at jdk.nashorn.internal.scripts.Script$Recompilation$44618$3841A$\^function\_.L:1#issueCommand(&lt;function&gt;:124)
	at jdk.nashorn.internal.scripts.Script$Recompilation$44618$3841A$\^function\_.L:1#issueCommand(&lt;function&gt;:124)
	at jdk.nashorn.internal.scripts.Script$Recompilation$44618$3841A$\^function\_.L:1#issueCommand(&lt;function&gt;:124)
	at jdk.nashorn.internal.scripts.Script$Recompilation$44618$3841A$\^function\_.L:1#issueCommand(&lt;function&gt;:124)
	at jdk.nashorn.internal.scripts.Script$Recompilation$44618$3841A$\^function\_.L:1#issueCommand(&lt;function&gt;:124)
	at jdk.nashorn.internal.scripts.Script$Recompilation$44618$3841A$\^function\_.L:1#issueCommand(&lt;function&gt;:124)
	at jdk.nashorn.internal.scripts.Script$Recompilation$44618$3841A$\^function\_.L:1#issueCommand(&lt;function&gt;:124)
	at jdk.nashorn.internal.scripts.Script$Recompilation$44618$3841A$\^function\_.L:1#issueCommand(&lt;function&gt;:124)
	at jdk.nashorn.internal.scripts.Script$Recompilation$44618$3841A$\^function\_.L:1#issueCommand(&lt;function&gt;:124)
	at jdk.nashorn.internal.scripts.Script$Recompilation$44618$3841A$\^function\_.L:1#issueCommand(&lt;function&gt;:124)
	at jdk.nashorn.internal.scripts.Script$Recompilation$44618$3841A$\^function\_.L:1#issueCommand(&lt;function&gt;:124)
	at jdk.nashorn.internal.scripts.Script$Recompilation$44618$3841A$\^function\_.L:1#issueCommand(&lt;function&gt;:124)
	at jdk.nashorn.internal.scripts.Script$Recompilation$44618$3841A$\^function\_.L:1#issueCommand(&lt;function&gt;:124)
	at jdk.nashorn.internal.scripts.Script$Recompilation$44618$3841A$\^function\_.L:1#issueCommand(&lt;function&gt;:124)
	at jdk.nashorn.internal.scripts.Script$Recompilation$44618$3841A$\^function\_.L:1#issueCommand(&lt;function&gt;:124)
	at jdk.nashorn.internal.scripts.Script$Recompilation$44618$3841A$\^function\_.L:1#issueCommand(&lt;function&gt;:124)
	at jdk.nashorn.internal.scripts.Script$Recompilation$44618$3841A$\^function\_.L:1#issueCommand(&lt;function&gt;:124)
	at jdk.nashorn.internal.scripts.Script$Recompilation$44618$3841A$\^function\_.L:1#issueCommand(&lt;function&gt;:124)
	at jdk.nashorn.internal.scripts.Script$Recompilation$44618$3841A$\^function\_.L:1#issueCommand(&lt;function&gt;:124)
	at jdk.nashorn.internal.scripts.Script$Recompilation$44618$3841A$\^function\_.L:1#issueCommand(&lt;function&gt;:124)
	at jdk.nashorn.internal.scripts.Script$Recompilation$44618$3841A$\^function\_.L:1#issueCommand(&lt;function&gt;:124)
	at jdk.nashorn.internal.scripts.Script$Recompilation$44618$3841A$\^function\_.L:1#issueCommand(&lt;function&gt;:124)
	at jdk.nashorn.internal.scripts.Script$Recompilation$44618$3841A$\^function\_.L:1#issueCommand(&lt;function&gt;:124)
	at jdk.nashorn.internal.scripts.Script$Recompilation$44618$3841A$\^function\_.L:1#issueCommand(&lt;function&gt;:124)
	at jdk.nashorn.internal.scripts.Script$Recompilation$44618$3841A$\^function\_.L:1#issueCommand(&lt;function&gt;:124)
	at jdk.nashorn.internal.scripts.Script$Recompilation$44618$3841A$\^function\_.L:1#issueCommand(&lt;function&gt;:124)
	at jdk.nashorn.internal.scripts.Script$Recompilation$44618$3841A$\^function\_.L:1#issueCommand(&lt;function&gt;:124)
	at jdk.nashorn.internal.scripts.Script$Recompilation$44618$3841A$\^function\_.L:1#issueCommand(&lt;function&gt;:124)
	at jdk.nashorn.internal.scripts.Script$Recompilation$44618$3841A$\^function\_.L:1#issueCommand(&lt;function&gt;:124)
	at jdk.nashorn.internal.scripts.Script$Recompilation$44618$3841A$\^function\_.L:1#issueCommand(&lt;function&gt;:124)
	at jdk.nashorn.internal.scripts.Script$Recompilation$44618$3841A$\^function\_.L:1#issueCommand(&lt;function&gt;:124)
	at jdk.nashorn.internal.scripts.Script$Recompilation$44618$3841A$\^function\_.L:1#issueCommand(&lt;function&gt;:124)
	at jdk.nashorn.internal.scripts.Script$Recompilation$44618$3841A$\^function\_.L:1#issueCommand(&lt;function&gt;:124)
	at jdk.nashorn.internal.scripts.Script$Recompilation$44618$3841A$\^function\_.L:1#issueCommand(&lt;function&gt;:124)
	at jdk.nashorn.internal.scripts.Script$Recompilation$44618$3841A$\^function\_.L:1#issueCommand(&lt;function&gt;:124)
	at jdk.nashorn.internal.scripts.Script$Recompilation$44618$3841A$\^function\_.L:1#issueCommand(&lt;function&gt;:124)
	at jdk.nashorn.internal.scripts.Script$Recompilation$44618$3841A$\^function\_.L:1#issueCommand(&lt;function&gt;:124)
	at jdk.nashorn.internal.scripts.Script$Recompilation$44618$3841A$\^function\_.L:1#issueCommand(&lt;function&gt;:124)
	at jdk.nashorn.internal.scripts.Script$Recompilation$44618$3841A$\^function\_.L:1#issueCommand(&lt;function&gt;:124)
	at jdk.nashorn.internal.scripts.Script$Recompilation$44618$3841A$\^function\_.L:1#issueCommand(&lt;function&gt;:124)
	at jdk.nashorn.internal.scripts.Script$Recompilation$44618$3841A$\^function\_.L:1#issueCommand(&lt;function&gt;:124)
	at jdk.nashorn.internal.scripts.Script$Recompilation$44618$3841A$\^function\_.L:1#issueCommand(&lt;function&gt;:124)
	at jdk.nashorn.internal.scripts.Script$Recompilation$44618$3841A$\^function\_.L:1#issueCommand(&lt;function&gt;:124)
	at jdk.nashorn.internal.scripts.Script$Recompilation$44618$3841A$\^function\_.L:1#issueCommand(&lt;function&gt;:124)
	at jdk.nashorn.internal.scripts.Script$Recompilation$44618$3841A$\^function\_.L:1#issueCommand(&lt;function&gt;:124)
	at jdk.nashorn.internal.scripts.Script$Recompilation$44618$3841A$\^function\_.L:1#issueCommand(&lt;function&gt;:124)
	at jdk.nashorn.internal.scripts.Script$Recompilation$44618$3841A$\^function\_.L:1#issueCommand(&lt;function&gt;:124)
	at jdk.nashorn.internal.scripts.Script$Recompilation$44618$3841A$\^function\_.L:1#issueCommand(&lt;function&gt;:124)
	at jdk.nashorn.internal.scripts.Script$Recompilation$44618$3841A$\^function\_.L:1#issueCommand(&lt;function&gt;:124)
	at jdk.nashorn.internal.scripts.Script$Recompilation$44618$3841A$\^function\_.L:1#issueCommand(&lt;function&gt;:124)
	at jdk.nashorn.internal.scripts.Script$Recompilation$44618$3841A$\^function\_.L:1#issueCommand(&lt;function&gt;:124)
	at jdk.nashorn.internal.scripts.Script$Recompilation$44618$3841A$\^function\_.L:1#issueCommand(&lt;function&gt;:124)
	at jdk.nashorn.internal.scripts.Script$Recompilation$44618$3841A$\^function\_.L:1#issueCommand(&lt;function&gt;:124)
	at jdk.nashorn.internal.scripts.Script$Recompilation$44618$3841A$\^function\_.L:1#issueCommand(&lt;function&gt;:124)
	at jdk.nashorn.internal.scripts.Script$Recompilation$44618$3841A$\^function\_.L:1#issueCommand(&lt;function&gt;:124)
	at jdk.nashorn.internal.scripts.Script$Recompilation$44618$3841A$\^function\_.L:1#issueCommand(&lt;function&gt;:124)
	at jdk.nashorn.internal.scripts.Script$Recompilation$44618$3841A$\^function\_.L:1#issueCommand(&lt;function&gt;:124)
	at jdk.nashorn.internal.scripts.Script$Recompilation$44618$3841A$\^function\_.L:1#issueCommand(&lt;function&gt;:124)
	at jdk.nashorn.internal.scripts.Script$Recompilation$44618$3841A$\^function\_.L:1#issueCommand(&lt;function&gt;:124)
	at jdk.nashorn.internal.scripts.Script$Recompilation$44618$3841A$\^function\_.L:1#issueCommand(&lt;function&gt;:124)
	at jdk.nashorn.internal.scripts.Script$Recompilation$44618$3841A$\^function\_.L:1#issueCommand(&lt;function&gt;:124)
	at jdk.nashorn.internal.scripts.Script$Recompilation$44618$3841A$\^function\_.L:1#issueCommand(&lt;function&gt;:124)
	at jdk.nashorn.internal.scripts.Script$Recompilation$44618$3841A$\^function\_.L:1#issueCommand(&lt;function&gt;:124)
	at jdk.nashorn.internal.scripts.Script$Recompilation$44618$3841A$\^function\_.L:1#issueCommand(&lt;function&gt;:124)
	at jdk.nashorn.internal.scripts.Script$Recompilation$44618$3841A$\^function\_.L:1#issueCommand(&lt;function&gt;:124)
	at jdk.nashorn.internal.scripts.Script$Recompilation$44618$3841A$\^function\_.L:1#issueCommand(&lt;function&gt;:124)
	at jdk.nashorn.internal.scripts.Script$Recompilation$44618$3841A$\^function\_.L:1#issueCommand(&lt;function&gt;:124)
	at jdk.nashorn.internal.scripts.Script$Recompilation$44618$3841A$\^function\_.L:1#issueCommand(&lt;function&gt;:124)
	at jdk.nashorn.internal.scripts.Script$Recompilation$44618$3841A$\^function\_.L:1#issueCommand(&lt;function&gt;:124)
	at jdk.nashorn.internal.scripts.Script$Recompilation$44618$3841A$\^function\_.L:1#issueCommand(&lt;function&gt;:124)
	at jdk.nashorn.internal.scripts.Script$Recompilation$44618$3841A$\^function\_.L:1#issueCommand(&lt;function&gt;:124)
	at jdk.nashorn.internal.scripts.Script$Recompilation$44618$3841A$\^function\_.L:1#issueCommand(&lt;function&gt;:124)
	at jdk.nashorn.internal.scripts.Script$Recompilation$44618$3841A$\^function\_.L:1#issueCommand(&lt;function&gt;:124)
	at jdk.nashorn.internal.scripts.Script$Recompilation$44618$3841A$\^function\_.L:1#issueCommand(&lt;function&gt;:124)
	at jdk.nashorn.internal.scripts.Script$Recompilation$44618$3841A$\^function\_.L:1#issueCommand(&lt;function&gt;:124)
	at jdk.nashorn.internal.scripts.Script$Recompilation$44618$3841A$\^function\_.L:1#issueCommand(&lt;function&gt;:124)
	at jdk.nashorn.internal.scripts.Script$Recompilation$44618$3841A$\^function\_.L:1#issueCommand(&lt;function&gt;:124)
	at jdk.nashorn.internal.scripts.Script$Recompilation$44618$3841A$\^function\_.L:1#issueCommand(&lt;function&gt;:124)
	at jdk.nashorn.internal.scripts.Script$Recompilation$44618$3841A$\^function\_.L:1#issueCommand(&lt;function&gt;:124)
	at jdk.nashorn.internal.scripts.Script$Recompilation$44618$3841A$\^function\_.L:1#issueCommand(&lt;function&gt;:124)
	at jdk.nashorn.internal.scripts.Script$Recompilation$44618$3841A$\^function\_.L:1#issueCommand(&lt;function&gt;:124)
	at jdk.nashorn.internal.scripts.Script$Recompilation$44618$3841A$\^function\_.L:1#issueCommand(&lt;function&gt;:124)
	at jdk.nashorn.internal.scripts.Script$Recompilation$44618$3841A$\^function\_.L:1#issueCommand(&lt;function&gt;:124)
	at jdk.nashorn.internal.scripts.Script$Recompilation$44618$3841A$\^function\_.L:1#issueCommand(&lt;function&gt;:124)
	at jdk.nashorn.internal.scripts.Script$Recompilation$44618$3841A$\^function\_.L:1#issueCommand(&lt;function&gt;:124)
	at jdk.nashorn.internal.scripts.Script$Recompilation$44618$3841A$\^function\_.L:1#issueCommand(&lt;function&gt;:124)
	at jdk.nashorn.internal.scripts.Script$Recompilation$44618$3841A$\^function\_.L:1#issueCommand(&lt;function&gt;:124)
	at jdk.nashorn.internal.scripts.Script$Recompilation$44618$3841A$\^function\_.L:1#issueCommand(&lt;function&gt;:124)
	at jdk.nashorn.internal.scripts.Script$Recompilation$44618$3841A$\^function\_.L:1#issueCommand(&lt;function&gt;:124)
	at jdk.nashorn.internal.scripts.Script$Recompilation$44618$3841A$\^function\_.L:1#issueCommand(&lt;function&gt;:124)
	at jdk.nashorn.internal.scripts.Script$Recompilation$44618$3841A$\^function\_.L:1#issueCommand(&lt;function&gt;:124)
	at jdk.nashorn.internal.scripts.Script$Recompilation$44618$3841A$\^function\_.L:1#issueCommand(&lt;function&gt;:124)
	at jdk.nashorn.internal.scripts.Script$Recompilation$44618$3841A$\^function\_.L:1#issueCommand(&lt;function&gt;:124)
	at jdk.nashorn.internal.scripts.Script$Recompilation$44618$3841A$\^function\_.L:1#issueCommand(&lt;function&gt;:124)
	at jdk.nashorn.internal.scripts.Script$Recompilation$44618$3841A$\^function\_.L:1#issueCommand(&lt;function&gt;:124)
	at jdk.nashorn.internal.scripts.Script$Recompilation$44618$3841A$\^function\_.L:1#issueCommand(&lt;function&gt;:124)
	at jdk.nashorn.internal.scripts.Script$Recompilation$44618$3841A$\^function\_.L:1#issueCommand(&lt;function&gt;:124)
	at jdk.nashorn.internal.scripts.Script$Recompilation$44618$3841A$\^function\_.L:1#issueCommand(&lt;function&gt;:124)
	at jdk.nashorn.internal.scripts.Script$Recompilation$44618$3841A$\^function\_.L:1#issueCommand(&lt;function&gt;:124)
	at jdk.nashorn.internal.scripts.Script$Recompilation$44618$3841A$\^function\_.L:1#issueCommand(&lt;function&gt;:124)
	at jdk.nashorn.internal.scripts.Script$Recompilation$44618$3841A$\^function\_.L:1#issueCommand(&lt;function&gt;:124)
	at jdk.nashorn.internal.scripts.Script$Recompilation$44618$3841A$\^function\_.L:1#issueCommand(&lt;function&gt;:124)
	at jdk.nashorn.internal.scripts.Script$Recompilation$44618$3841A$\^function\_.L:1#issueCommand(&lt;function&gt;:124)
	at jdk.nashorn.internal.scripts.Script$Recompilation$44618$3841A$\^function\_.L:1#issueCommand(&lt;function&gt;:124)
	at jdk.nashorn.internal.scripts.Script$Recompilation$44618$3841A$\^function\_.L:1#issueCommand(&lt;function&gt;:124)
	at jdk.nashorn.internal.scripts.Script$Recompilation$44618$3841A$\^function\_.L:1#issueCommand(&lt;function&gt;:124)
	at jdk.nashorn.internal.scripts.Script$Recompilation$44618$3841A$\^function\_.L:1#issueCommand(&lt;function&gt;:124)
	at jdk.nashorn.internal.scripts.Script$Recompilation$44618$3841A$\^function\_.L:1#issueCommand(&lt;function&gt;:124)
	at jdk.nashorn.internal.scripts.Script$Recompilation$44618$3841A$\^function\_.L:1#issueCommand(&lt;function&gt;:124)
	at jdk.nashorn.internal.scripts.Script$Recompilation$44618$3841A$\^function\_.L:1#issueCommand(&lt;function&gt;:124)
	at jdk.nashorn.internal.scripts.Script$Recompilation$44618$3841A$\^function\_.L:1#issueCommand(&lt;function&gt;:124)
	at jdk.nashorn.internal.scripts.Script$Recompilation$44618$3841A$\^function\_.L:1#issueCommand(&lt;function&gt;:124)
	at jdk.nashorn.internal.scripts.Script$Recompilation$44618$3841A$\^function\_.L:1#issueCommand(&lt;function&gt;:124)
	at jdk.nashorn.internal.scripts.Script$Recompilation$44618$3841A$\^function\_.L:1#issueCommand(&lt;function&gt;:124)
	at jdk.nashorn.internal.scripts.Script$Recompilation$44618$3841A$\^function\_.L:1#issueCommand(&lt;function&gt;:124)
	at jdk.nashorn.internal.scripts.Script$Recompilation$44618$3841A$\^function\_.L:1#issueCommand(&lt;function&gt;:124)
	at jdk.nashorn.internal.scripts.Script$Recompilation$44618$3841A$\^function\_.L:1#issueCommand(&lt;function&gt;:124)
	at jdk.nashorn.internal.scripts.Script$Recompilation$44618$3841A$\^function\_.L:1#issueCommand(&lt;function&gt;:124)
	at jdk.nashorn.internal.scripts.Script$Recompilation$44618$3841A$\^function\_.L:1#issueCommand(&lt;function&gt;:124)
	at jdk.nashorn.internal.scripts.Script$Recompilation$44618$3841A$\^function\_.L:1#issueCommand(&lt;function&gt;:124)
	at jdk.nashorn.internal.scripts.Script$Recompilation$44618$3841A$\^function\_.L:1#issueCommand(&lt;function&gt;:124)
	at jdk.nashorn.internal.scripts.Script$Recompilation$44618$3841A$\^function\_.L:1#issueCommand(&lt;function&gt;:124)
	at jdk.nashorn.internal.scripts.Script$Recompilation$44618$3841A$\^function\_.L:1#issueCommand(&lt;function&gt;:124)
	at jdk.nashorn.internal.scripts.Script$Recompilation$44618$3841A$\^function\_.L:1#issueCommand(&lt;function&gt;:124)
	at jdk.nashorn.internal.scripts.Script$Recompilation$44618$3841A$\^function\_.L:1#issueCommand(&lt;function&gt;:124)
	at jdk.nashorn.internal.scripts.Script$Recompilation$44618$3841A$\^function\_.L:1#issueCommand(&lt;function&gt;:124)
	at jdk.nashorn.internal.scripts.Script$Recompilation$44618$3841A$\^function\_.L:1#issueCommand(&lt;function&gt;:124)
	at jdk.nashorn.internal.scripts.Script$Recompilation$44618$3841A$\^function\_.L:1#issueCommand(&lt;function&gt;:124)
	at jdk.nashorn.internal.scripts.Script$Recompilation$44618$3841A$\^function\_.L:1#issueCommand(&lt;function&gt;:124)
	at jdk.nashorn.internal.scripts.Script$Recompilation$44618$3841A$\^function\_.L:1#issueCommand(&lt;function&gt;:124)
	at jdk.nashorn.internal.scripts.Script$Recompilation$44618$3841A$\^function\_.L:1#issueCommand(&lt;function&gt;:124)
	at jdk.nashorn.internal.scripts.Script$Recompilation$44618$3841A$\^function\_.L:1#issueCommand(&lt;function&gt;:124)
	at jdk.nashorn.internal.scripts.Script$Recompilation$44618$3841A$\^function\_.L:1#issueCommand(&lt;function&gt;:124)
	at jdk.nashorn.internal.scripts.Script$Recompilation$44618$3841A$\^function\_.L:1#issueCommand(&lt;function&gt;:124)
	at jdk.nashorn.internal.scripts.Script$Recompilation$44618$3841A$\^function\_.L:1#issueCommand(&lt;function&gt;:124)
	at jdk.nashorn.internal.scripts.Script$Recompilation$44618$3841A$\^function\_.L:1#issueCommand(&lt;function&gt;:124)
	at jdk.nashorn.internal.scripts.Script$Recompilation$44618$3841A$\^function\_.L:1#issueCommand(&lt;function&gt;:124)
	at jdk.nashorn.internal.scripts.Script$Recompilation$44618$3841A$\^function\_.L:1#issueCommand(&lt;function&gt;:124)
	at jdk.nashorn.internal.scripts.Script$Recompilation$44618$3841A$\^function\_.L:1#issueCommand(&lt;function&gt;:124)
	at jdk.nashorn.internal.scripts.Script$Recompilation$44618$3841A$\^function\_.L:1#issueCommand(&lt;function&gt;:124)
	at jdk.nashorn.internal.scripts.Script$Recompilation$44618$3841A$\^function\_.L:1#issueCommand(&lt;function&gt;:124)
	at jdk.nashorn.internal.scripts.Script$Recompilation$44618$3841A$\^function\_.L:1#issueCommand(&lt;function&gt;:124)
	at jdk.nashorn.internal.scripts.Script$Recompilation$44618$3841A$\^function\_.L:1#issueCommand(&lt;function&gt;:124)
	at jdk.nashorn.internal.scripts.Script$Recompilation$44618$3841A$\^function\_.L:1#issueCommand(&lt;function&gt;:124)
	at jdk.nashorn.internal.scripts.Script$Recompilation$44618$3841A$\^function\_.L:1#issueCommand(&lt;function&gt;:124)
	at jdk.nashorn.internal.scripts.Script$Recompilation$44618$3841A$\^function\_.L:1#issueCommand(&lt;function&gt;:124)
	at jdk.nashorn.internal.scripts.Script$Recompilation$44618$3841A$\^function\_.L:1#issueCommand(&lt;function&gt;:124)
	at jdk.nashorn.internal.scripts.Script$Recompilation$44618$3841A$\^function\_.L:1#issueCommand(&lt;function&gt;:124)
	at jdk.nashorn.internal.scripts.Script$Recompilation$44618$3841A$\^function\_.L:1#issueCommand(&lt;function&gt;:124)
	at jdk.nashorn.internal.scripts.Script$Recompilation$44618$3841A$\^function\_.L:1#issueCommand(&lt;function&gt;:124)
	at jdk.nashorn.internal.scripts.Script$Recompilation$44618$3841A$\^function\_.L:1#issueCommand(&lt;function&gt;:124)
	at jdk.nashorn.internal.scripts.Script$Recompilation$44618$3841A$\^function\_.L:1#issueCommand(&lt;function&gt;:124)
	at jdk.nashorn.internal.scripts.Script$Recompilation$44618$3841A$\^function\_.L:1#issueCommand(&lt;function&gt;:124)
	at jdk.nashorn.internal.scripts.Script$Recompilation$44618$3841A$\^function\_.L:1#issueCommand(&lt;function&gt;:124)
	at jdk.nashorn.internal.scripts.Script$Recompilation$44618$3841A$\^function\_.L:1#issueCommand(&lt;function&gt;:124)
	at jdk.nashorn.internal.scripts.Script$Recompilation$44618$3841A$\^function\_.L:1#issueCommand(&lt;function&gt;:124)
	at jdk.nashorn.internal.scripts.Script$Recompilation$44618$3841A$\^function\_.L:1#issueCommand(&lt;function&gt;:124)
	at jdk.nashorn.internal.scripts.Script$Recompilation$44618$3841A$\^function\_.L:1#issueCommand(&lt;function&gt;:124)
	at jdk.nashorn.internal.scripts.Script$Recompilation$44618$3841A$\^function\_.L:1#issueCommand(&lt;function&gt;:124)
	at jdk.nashorn.internal.scripts.Script$Recompilation$44618$3841A$\^function\_.L:1#issueCommand(&lt;function&gt;:124)
	at jdk.nashorn.internal.scripts.Script$Recompilation$44618$3841A$\^function\_.L:1#issueCommand(&lt;function&gt;:124)
	at jdk.nashorn.internal.scripts.Script$Recompilation$44618$3841A$\^function\_.L:1#issueCommand(&lt;function&gt;:124)
	at jdk.nashorn.internal.scripts.Script$Recompilation$44618$3841A$\^function\_.L:1#issueCommand(&lt;function&gt;:124)
	at jdk.nashorn.internal.scripts.Script$Recompilation$44618$3841A$\^function\_.L:1#issueCommand(&lt;function&gt;:124)
	at jdk.nashorn.internal.scripts.Script$Recompilation$44618$3841A$\^function\_.L:1#issueCommand(&lt;function&gt;:124)
	at jdk.nashorn.internal.scripts.Script$Recompilation$44618$3841A$\^function\_.L:1#issueCommand(&lt;function&gt;:124)
	at jdk.nashorn.internal.scripts.Script$Recompilation$44618$3841A$\^function\_.L:1#issueCommand(&lt;function&gt;:124)
	at jdk.nashorn.internal.scripts.Script$Recompilation$44618$3841A$\^function\_.L:1#issueCommand(&lt;function&gt;:124)
	at jdk.nashorn.internal.scripts.Script$Recompilation$44618$3841A$\^function\_.L:1#issueCommand(&lt;function&gt;:124)
	at jdk.nashorn.internal.scripts.Script$Recompilation$44618$3841A$\^function\_.L:1#issueCommand(&lt;function&gt;:124)
	at jdk.nashorn.internal.scripts.Script$Recompilation$44618$3841A$\^function\_.L:1#issueCommand(&lt;function&gt;:124)
	at jdk.nashorn.internal.scripts.Script$Recompilation$44618$3841A$\^function\_.L:1#issueCommand(&lt;function&gt;:124)
	at jdk.nashorn.internal.scripts.Script$Recompilation$44618$3841A$\^function\_.L:1#issueCommand(&lt;function&gt;:124)
	at jdk.nashorn.internal.scripts.Script$Recompilation$44618$3841A$\^function\_.L:1#issueCommand(&lt;function&gt;:124)
	at jdk.nashorn.internal.scripts.Script$Recompilation$44618$3841A$\^function\_.L:1#issueCommand(&lt;function&gt;:124)
	at jdk.nashorn.internal.scripts.Script$Recompilation$44618$3841A$\^function\_.L:1#issueCommand(&lt;function&gt;:124)
	at jdk.nashorn.internal.scripts.Script$Recompilation$44618$3841A$\^function\_.L:1#issueCommand(&lt;function&gt;:124)
	at jdk.nashorn.internal.scripts.Script$Recompilation$44618$3841A$\^function\_.L:1#issueCommand(&lt;function&gt;:124)
	at jdk.nashorn.internal.scripts.Script$Recompilation$44618$3841A$\^function\_.L:1#issueCommand(&lt;function&gt;:124)
	at jdk.nashorn.internal.scripts.Script$Recompilation$44618$3841A$\^function\_.L:1#issueCommand(&lt;function&gt;:124)
	at jdk.nashorn.internal.scripts.Script$Recompilation$44618$3841A$\^function\_.L:1#issueCommand(&lt;function&gt;:124)
	at jdk.nashorn.internal.scripts.Script$Recompilation$44618$3841A$\^function\_.L:1#issueCommand(&lt;function&gt;:124)
	at jdk.nashorn.internal.scripts.Script$Recompilation$44618$3841A$\^function\_.L:1#issueCommand(&lt;function&gt;:124)
	at jdk.nashorn.internal.scripts.Script$Recompilation$44618$3841A$\^function\_.L:1#issueCommand(&lt;function&gt;:124)
	at jdk.nashorn.internal.scripts.Script$Recompilation$44618$3841A$\^function\_.L:1#issueCommand(&lt;function&gt;:124)
	at jdk.nashorn.internal.scripts.Script$Recompilation$44618$3841A$\^function\_.L:1#issueCommand(&lt;function&gt;:124)
	at jdk.nashorn.internal.scripts.Script$Recompilation$44618$3841A$\^function\_.L:1#issueCommand(&lt;function&gt;:124)
	at jdk.nashorn.internal.scripts.Script$Recompilation$44618$3841A$\^function\_.L:1#issueCommand(&lt;function&gt;:124)
	at jdk.nashorn.internal.scripts.Script$Recompilation$44618$3841A$\^function\_.L:1#issueCommand(&lt;function&gt;:124)
	at jdk.nashorn.internal.scripts.Script$Recompilation$44618$3841A$\^function\_.L:1#issueCommand(&lt;function&gt;:124)
	at jdk.nashorn.internal.scripts.Script$Recompilation$44618$3841A$\^function\_.L:1#issueCommand(&lt;function&gt;:124)
	at jdk.nashorn.internal.scripts.Script$Recompilation$44618$3841A$\^function\_.L:1#issueCommand(&lt;function&gt;:124)
	at jdk.nashorn.internal.scripts.Script$Recompilation$44618$3841A$\^function\_.L:1#issueCommand(&lt;function&gt;:124)
	at jdk.nashorn.internal.scripts.Script$Recompilation$44618$3841A$\^function\_.L:1#issueCommand(&lt;function&gt;:124)
	at jdk.nashorn.internal.scripts.Script$Recompilation$44618$3841A$\^function\_.L:1#issueCommand(&lt;function&gt;:124)
	at jdk.nashorn.internal.scripts.Script$Recompilation$44618$3841A$\^function\_.L:1#issueCommand(&lt;function&gt;:124)
	at jdk.nashorn.internal.scripts.Script$Recompilation$44618$3841A$\^function\_.L:1#issueCommand(&lt;function&gt;:124)
	at jdk.nashorn.internal.scripts.Script$Recompilation$44618$3841A$\^function\_.L:1#issueCommand(&lt;function&gt;:124)
	at jdk.nashorn.internal.scripts.Script$Recompilation$44618$3841A$\^function\_.L:1#issueCommand(&lt;function&gt;:124)
	at jdk.nashorn.internal.scripts.Script$Recompilation$44618$3841A$\^function\_.L:1#issueCommand(&lt;function&gt;:124)
	at jdk.nashorn.internal.scripts.Script$Recompilation$44618$3841A$\^function\_.L:1#issueCommand(&lt;function&gt;:124)
	at jdk.nashorn.internal.scripts.Script$Recompilation$44618$3841A$\^function\_.L:1#issueCommand(&lt;function&gt;:124)
	at jdk.nashorn.internal.scripts.Script$Recompilation$44618$3841A$\^function\_.L:1#issueCommand(&lt;function&gt;:124)
	at jdk.nashorn.internal.scripts.Script$Recompilation$44618$3841A$\^function\_.L:1#issueCommand(&lt;function&gt;:124)
	at jdk.nashorn.internal.scripts.Script$Recompilation$44618$3841A$\^function\_.L:1#issueCommand(&lt;function&gt;:124)
	at jdk.nashorn.internal.scripts.Script$Recompilation$44618$3841A$\^function\_.L:1#issueCommand(&lt;function&gt;:124)
	at jdk.nashorn.internal.scripts.Script$Recompilation$44618$3841A$\^function\_.L:1#issueCommand(&lt;function&gt;:124)
	at jdk.nashorn.internal.scripts.Script$Recompilation$44618$3841A$\^function\_.L:1#issueCommand(&lt;function&gt;:124)
	at jdk.nashorn.internal.scripts.Script$Recompilation$44618$3841A$\^function\_.L:1#issueCommand(&lt;function&gt;:124)
	at jdk.nashorn.internal.scripts.Script$Recompilation$44618$3841A$\^function\_.L:1#issueCommand(&lt;function&gt;:124)
	at jdk.nashorn.internal.scripts.Script$Recompilation$44618$3841A$\^function\_.L:1#issueCommand(&lt;function&gt;:124)
	at jdk.nashorn.internal.scripts.Script$Recompilation$44618$3841A$\^function\_.L:1#issueCommand(&lt;function&gt;:124)
	at jdk.nashorn.internal.scripts.Script$Recompilation$44618$3841A$\^function\_.L:1#issueCommand(&lt;function&gt;:124)
	at jdk.nashorn.internal.scripts.Script$Recompilation$44618$3841A$\^function\_.L:1#issueCommand(&lt;function&gt;:124)
	at jdk.nashorn.internal.scripts.Script$Recompilation$44618$3841A$\^function\_.L:1#issueCommand(&lt;function&gt;:124)
	at jdk.nashorn.internal.scripts.Script$Recompilation$44618$3841A$\^function\_.L:1#issueCommand(&lt;function&gt;:124)
	at jdk.nashorn.internal.scripts.Script$Recompilation$44618$3841A$\^function\_.L:1#issueCommand(&lt;function&gt;:124)
	at jdk.nashorn.internal.scripts.Script$Recompilation$44618$3841A$\^function\_.L:1#issueCommand(&lt;function&gt;:124)
	at jdk.nashorn.internal.scripts.Script$Recompilation$44618$3841A$\^function\_.L:1#issueCommand(&lt;function&gt;:124)
	at jdk.nashorn.internal.scripts.Script$Recompilation$44618$3841A$\^function\_.L:1#issueCommand(&lt;function&gt;:124)
	at jdk.nashorn.internal.scripts.Script$Recompilation$44618$3841A$\^function\_.L:1#issueCommand(&lt;function&gt;:124)
	at jdk.nashorn.internal.scripts.Script$Recompilation$44618$3841A$\^function\_.L:1#issueCommand(&lt;function&gt;:124)
	at jdk.nashorn.internal.scripts.Script$Recompilation$44618$3841A$\^function\_.L:1#issueCommand(&lt;function&gt;:124)
	at jdk.nashorn.internal.scripts.Script$Recompilation$44618$3841A$\^function\_.L:1#issueCommand(&lt;function&gt;:124)
	at jdk.nashorn.internal.scripts.Script$Recompilation$44618$3841A$\^function\_.L:1#issueCommand(&lt;function&gt;:124)
	at jdk.nashorn.internal.scripts.Script$Recompilation$44618$3841A$\^function\_.L:1#issueCommand(&lt;function&gt;:124)
	at jdk.nashorn.internal.scripts.Script$Recompilation$44618$3841A$\^function\_.L:1#issueCommand(&lt;function&gt;:124)
	at jdk.nashorn.internal.scripts.Script$Recompilation$44618$3841A$\^function\_.L:1#issueCommand(&lt;function&gt;:124)
	at jdk.nashorn.internal.scripts.Script$Recompilation$44618$3841A$\^function\_.L:1#issueCommand(&lt;function&gt;:124)
	at jdk.nashorn.internal.scripts.Script$Recompilation$44618$3841A$\^function\_.L:1#issueCommand(&lt;function&gt;:124)
	at jdk.nashorn.internal.scripts.Script$Recompilation$44618$3841A$\^function\_.L:1#issueCommand(&lt;function&gt;:124)
	at jdk.nashorn.internal.scripts.Script$Recompilation$44618$3841A$\^function\_.L:1#issueCommand(&lt;function&gt;:124)
	at jdk.nashorn.internal.scripts.Script$Recompilation$44618$3841A$\^function\_.L:1#issueCommand(&lt;function&gt;:124)
	at jdk.nashorn.internal.scripts.Script$Recompilation$44618$3841A$\^function\_.L:1#issueCommand(&lt;function&gt;:124)
	at jdk.nashorn.internal.scripts.Script$Recompilation$44618$3841A$\^function\_.L:1#issueCommand(&lt;function&gt;:124)
	at jdk.nashorn.internal.scripts.Script$Recompilation$44618$3841A$\^function\_.L:1#issueCommand(&lt;function&gt;:124)
	at jdk.nashorn.internal.scripts.Script$Recompilation$44618$3841A$\^function\_.L:1#issueCommand(&lt;function&gt;:124)
	at jdk.nashorn.internal.scripts.Script$Recompilation$44618$3841A$\^function\_.L:1#issueCommand(&lt;function&gt;:124)
	at jdk.nashorn.internal.scripts.Script$Recompilation$44618$3841A$\^function\_.L:1#issueCommand(&lt;function&gt;:124)
	at jdk.nashorn.internal.scripts.Script$Recompilation$44618$3841A$\^function\_.L:1#issueCommand(&lt;function&gt;:124)
	at jdk.nashorn.internal.scripts.Script$Recompilation$44618$3841A$\^function\_.L:1#issueCommand(&lt;function&gt;:124)
	at jdk.nashorn.internal.scripts.Script$Recompilation$44618$3841A$\^function\_.L:1#issueCommand(&lt;function&gt;:124)
	at jdk.nashorn.internal.scripts.Script$Recompilation$44618$3841A$\^function\_.L:1#issueCommand(&lt;function&gt;:124)
	at jdk.nashorn.internal.scripts.Script$Recompilation$44618$3841A$\^function\_.L:1#issueCommand(&lt;function&gt;:124)
	at jdk.nashorn.internal.scripts.Script$Recompilation$44618$3841A$\^function\_.L:1#issueCommand(&lt;function&gt;:124)
	at jdk.nashorn.internal.scripts.Script$Recompilation$44618$3841A$\^function\_.L:1#issueCommand(&lt;function&gt;:124)
	at jdk.nashorn.internal.scripts.Script$Recompilation$44618$3841A$\^function\_.L:1#issueCommand(&lt;function&gt;:124)
	at jdk.nashorn.internal.scripts.Script$Recompilation$44618$3841A$\^function\_.L:1#issueCommand(&lt;function&gt;:124)
	at jdk.nashorn.internal.scripts.Script$Recompilation$44618$3841A$\^function\_.L:1#issueCommand(&lt;function&gt;:124)
	at jdk.nashorn.internal.scripts.Script$Recompilation$44618$3841A$\^function\_.L:1#issueCommand(&lt;function&gt;:124)
	at jdk.nashorn.internal.scripts.Script$Recompilation$44618$3841A$\^function\_.L:1#issueCommand(&lt;function&gt;:124)
	at jdk.nashorn.internal.scripts.Script$Recompilation$44618$3841A$\^function\_.L:1#issueCommand(&lt;function&gt;:124)
	at jdk.nashorn.internal.scripts.Script$Recompilation$44618$3841A$\^function\_.L:1#issueCommand(&lt;function&gt;:124)
	at jdk.nashorn.internal.scripts.Script$Recompilation$44618$3841A$\^function\_.L:1#issueCommand(&lt;function&gt;:124)
	at jdk.nashorn.internal.scripts.Script$Recompilation$44618$3841A$\^function\_.L:1#issueCommand(&lt;function&gt;:124)
	at jdk.nashorn.internal.scripts.Script$Recompilation$44618$3841A$\^function\_.L:1#issueCommand(&lt;function&gt;:124)
	at jdk.nashorn.internal.scripts.Script$Recompilation$44618$3841A$\^function\_.L:1#issueCommand(&lt;function&gt;:124)
	at jdk.nashorn.internal.scripts.Script$Recompilation$44618$3841A$\^function\_.L:1#issueCommand(&lt;function&gt;:124)
	at jdk.nashorn.internal.scripts.Script$Recompilation$44618$3841A$\^function\_.L:1#issueCommand(&lt;function&gt;:124)
	at jdk.nashorn.internal.scripts.Script$Recompilation$44618$3841A$\^function\_.L:1#issueCommand(&lt;function&gt;:124)
	at jdk.nashorn.internal.scripts.Script$Recompilation$44618$3841A$\^function\_.L:1#issueCommand(&lt;function&gt;:124)
	at jdk.nashorn.internal.scripts.Script$Recompilation$44618$3841A$\^function\_.L:1#issueCommand(&lt;function&gt;:124)
	at jdk.nashorn.internal.scripts.Script$Recompilation$44618$3841A$\^function\_.L:1#issueCommand(&lt;function&gt;:124)
	at jdk.nashorn.internal.scripts.Script$Recompilation$44618$3841A$\^function\_.L:1#issueCommand(&lt;function&gt;:124)
	at jdk.nashorn.internal.scripts.Script$Recompilation$44618$3841A$\^function\_.L:1#issueCommand(&lt;function&gt;:124)
	at jdk.nashorn.internal.scripts.Script$Recompilation$44618$3841A$\^function\_.L:1#issueCommand(&lt;function&gt;:124)
	at jdk.nashorn.internal.scripts.Script$Recompilation$44618$3841A$\^function\_.L:1#issueCommand(&lt;function&gt;:124)
	at jdk.nashorn.internal.scripts.Script$Recompilation$44618$3841A$\^function\_.L:1#issueCommand(&lt;function&gt;:124)
	at jdk.nashorn.internal.scripts.Script$Recompilation$44618$3841A$\^function\_.L:1#issueCommand(&lt;function&gt;:124)
	at jdk.nashorn.internal.scripts.Script$Recompilation$44618$3841A$\^function\_.L:1#issueCommand(&lt;function&gt;:124)
	at jdk.nashorn.internal.scripts.Script$Recompilation$44618$3841A$\^function\_.L:1#issueCommand(&lt;function&gt;:124)
	at jdk.nashorn.internal.scripts.Script$Recompilation$44618$3841A$\^function\_.L:1#issueCommand(&lt;function&gt;:124)
	at jdk.nashorn.internal.scripts.Script$Recompilation$44618$3841A$\^function\_.L:1#issueCommand(&lt;function&gt;:124)
	at jdk.nashorn.internal.scripts.Script$Recompilation$44618$3841A$\^function\_.L:1#issueCommand(&lt;function&gt;:124)
	at jdk.nashorn.internal.scripts.Script$Recompilation$44618$3841A$\^function\_.L:1#issueCommand(&lt;function&gt;:124)
	at jdk.nashorn.internal.scripts.Script$Recompilation$44618$3841A$\^function\_.L:1#issueCommand(&lt;function&gt;:124)
	at jdk.nashorn.internal.scripts.Script$Recompilation$44618$3841A$\^function\_.L:1#issueCommand(&lt;function&gt;:124)
	at jdk.nashorn.internal.scripts.Script$Recompilation$44618$3841A$\^function\_.L:1#issueCommand(&lt;function&gt;:124)
	at jdk.nashorn.internal.scripts.Script$Recompilation$44618$3841A$\^function\_.L:1#issueCommand(&lt;function&gt;:124)
	at jdk.nashorn.internal.scripts.Script$Recompilation$44618$3841A$\^function\_.L:1#issueCommand(&lt;function&gt;:124)
	at jdk.nashorn.internal.scripts.Script$Recompilation$44618$3841A$\^function\_.L:1#issueCommand(&lt;function&gt;:124)
	at jdk.nashorn.internal.scripts.Script$Recompilation$44618$3841A$\^function\_.L:1#issueCommand(&lt;function&gt;:124)
	at jdk.nashorn.internal.scripts.Script$Recompilation$44618$3841A$\^function\_.L:1#issueCommand(&lt;function&gt;:124)
	at jdk.nashorn.internal.scripts.Script$Recompilation$44618$3841A$\^function\_.L:1#issueCommand(&lt;function&gt;:124)
	at jdk.nashorn.internal.scripts.Script$Recompilation$44618$3841A$\^function\_.L:1#issueCommand(&lt;function&gt;:124)
	at jdk.nashorn.internal.scripts.Script$Recompilation$44618$3841A$\^function\_.L:1#issueCommand(&lt;function&gt;:124)
	at jdk.nashorn.internal.scripts.Script$Recompilation$44618$3841A$\^function\_.L:1#issueCommand(&lt;function&gt;:124)
	at jdk.nashorn.internal.scripts.Script$Recompilation$44618$3841A$\^function\_.L:1#issueCommand(&lt;function&gt;:124)
	at jdk.nashorn.internal.scripts.Script$Recompilation$44618$3841A$\^function\_.L:1#issueCommand(&lt;function&gt;:124)
	at jdk.nashorn.internal.scripts.Script$Recompilation$44618$3841A$\^function\_.L:1#issueCommand(&lt;function&gt;:124)
	at jdk.nashorn.internal.scripts.Script$Recompilation$44618$3841A$\^function\_.L:1#issueCommand(&lt;function&gt;:124)
	at jdk.nashorn.internal.scripts.Script$Recompilation$44618$3841A$\^function\_.L:1#issueCommand(&lt;function&gt;:124)
	at jdk.nashorn.internal.scripts.Script$Recompilation$44618$3841A$\^function\_.L:1#issueCommand(&lt;function&gt;:124)
	at jdk.nashorn.internal.scripts.Script$Recompilation$44618$3841A$\^function\_.L:1#issueCommand(&lt;function&gt;:124)
	at jdk.nashorn.internal.scripts.Script$Recompilation$44618$3841A$\^function\_.L:1#issueCommand(&lt;function&gt;:124)
	at jdk.nashorn.internal.scripts.Script$Recompilation$44618$3841A$\^function\_.L:1#issueCommand(&lt;function&gt;:124)
	at jdk.nashorn.internal.scripts.Script$Recompilation$44618$3841A$\^function\_.L:1#issueCommand(&lt;function&gt;:124)
	at jdk.nashorn.internal.scripts.Script$Recompilation$44618$3841A$\^function\_.L:1#issueCommand(&lt;function&gt;:124)
	at jdk.nashorn.internal.scripts.Script$Recompilation$44618$3841A$\^function\_.L:1#issueCommand(&lt;function&gt;:124)
	at jdk.nashorn.internal.scripts.Script$Recompilation$44618$3841A$\^function\_.L:1#issueCommand(&lt;function&gt;:124)
	at jdk.nashorn.internal.scripts.Script$Recompilation$44618$3841A$\^function\_.L:1#issueCommand(&lt;function&gt;:124)
	at jdk.nashorn.internal.scripts.Script$Recompilation$44618$3841A$\^function\_.L:1#issueCommand(&lt;function&gt;:124)
	at jdk.nashorn.internal.scripts.Script$Recompilation$44618$3841A$\^function\_.L:1#issueCommand(&lt;function&gt;:124)
	at jdk.nashorn.internal.scripts.Script$Recompilation$44618$3841A$\^function\_.L:1#issueCommand(&lt;function&gt;:124)
	at jdk.nashorn.internal.scripts.Script$Recompilation$44618$3841A$\^function\_.L:1#issueCommand(&lt;function&gt;:124)
	at jdk.nashorn.internal.scripts.Script$Recompilation$44618$3841A$\^function\_.L:1#issueCommand(&lt;function&gt;:124)
	at jdk.nashorn.internal.scripts.Script$Recompilation$44618$3841A$\^function\_.L:1#issueCommand(&lt;function&gt;:124)
	at jdk.nashorn.internal.scripts.Script$Recompilation$44618$3841A$\^function\_.L:1#issueCommand(&lt;function&gt;:124)
	at jdk.nashorn.internal.scripts.Script$Recompilation$44618$3841A$\^function\_.L:1#issueCommand(&lt;function&gt;:124)
	at jdk.nashorn.internal.scripts.Script$Recompilation$44618$3841A$\^function\_.L:1#issueCommand(&lt;function&gt;:124)
	at jdk.nashorn.internal.scripts.Script$Recompilation$44618$3841A$\^function\_.L:1#issueCommand(&lt;function&gt;:124)
	at jdk.nashorn.internal.scripts.Script$Recompilation$44618$3841A$\^function\_.L:1#issueCommand(&lt;function&gt;:124)
	at jdk.nashorn.internal.scripts.Script$Recompilation$44618$3841A$\^function\_.L:1#issueCommand(&lt;function&gt;:124)
	at jdk.nashorn.internal.scripts.Script$Recompilation$44618$3841A$\^function\_.L:1#issueCommand(&lt;function&gt;:124)
	at jdk.nashorn.internal.scripts.Script$Recompilation$44618$3841A$\^function\_.L:1#issueCommand(&lt;function&gt;:124)
	at jdk.nashorn.internal.scripts.Script$Recompilation$44618$3841A$\^function\_.L:1#issueCommand(&lt;function&gt;:124)
	at jdk.nashorn.internal.scripts.Script$Recompilation$44618$3841A$\^function\_.L:1#issueCommand(&lt;function&gt;:124)
	at jdk.nashorn.internal.scripts.Script$Recompilation$44618$3841A$\^function\_.L:1#issueCommand(&lt;function&gt;:124)
	at jdk.nashorn.internal.scripts.Script$Recompilation$44618$3841A$\^function\_.L:1#issueCommand(&lt;function&gt;:124)
	at jdk.nashorn.internal.scripts.Script$Recompilation$44618$3841A$\^function\_.L:1#issueCommand(&lt;function&gt;:124)
	at jdk.nashorn.internal.scripts.Script$Recompilation$44618$3841A$\^function\_.L:1#issueCommand(&lt;function&gt;:124)
	at jdk.nashorn.internal.scripts.Script$Recompilation$44618$3841A$\^function\_.L:1#issueCommand(&lt;function&gt;:124)
	at jdk.nashorn.internal.scripts.Script$Recompilation$44618$3841A$\^function\_.L:1#issueCommand(&lt;function&gt;:124)
	at jdk.nashorn.internal.scripts.Script$Recompilation$44618$3841A$\^function\_.L:1#issueCommand(&lt;function&gt;:124)
	at jdk.nashorn.internal.scripts.Script$Recompilation$44618$3841A$\^function\_.L:1#issueCommand(&lt;function&gt;:124)
	at jdk.nashorn.internal.scripts.Script$Recompilation$44618$3841A$\^function\_.L:1#issueCommand(&lt;function&gt;:124)
	at jdk.nashorn.internal.scripts.Script$Recompilation$44618$3841A$\^function\_.L:1#issueCommand(&lt;function&gt;:124)
	at jdk.nashorn.internal.scripts.Script$Recompilation$44618$3841A$\^function\_.L:1#issueCommand(&lt;function&gt;:124)
	at jdk.nashorn.internal.scripts.Script$Recompilation$44618$3841A$\^function\_.L:1#issueCommand(&lt;function&gt;:124)
	at jdk.nashorn.internal.scripts.Script$Recompilation$44618$3841A$\^function\_.L:1#issueCommand(&lt;function&gt;:124)
	at jdk.nashorn.internal.scripts.Script$Recompilation$44618$3841A$\^function\_.L:1#issueCommand(&lt;function&gt;:124)
	at jdk.nashorn.internal.scripts.Script$Recompilation$44618$3841A$\^function\_.L:1#issueCommand(&lt;function&gt;:124)
	at jdk.nashorn.internal.scripts.Script$Recompilation$44618$3841A$\^function\_.L:1#issueCommand(&lt;function&gt;:124)
	at jdk.nashorn.internal.scripts.Script$Recompilation$44618$3841A$\^function\_.L:1#issueCommand(&lt;function&gt;:124)
	at jdk.nashorn.internal.scripts.Script$Recompilation$44618$3841A$\^function\_.L:1#issueCommand(&lt;function&gt;:124)
	at jdk.nashorn.internal.scripts.Script$Recompilation$44618$3841A$\^function\_.L:1#issueCommand(&lt;function&gt;:124)
	at jdk.nashorn.internal.scripts.Script$Recompilation$44618$3841A$\^function\_.L:1#issueCommand(&lt;function&gt;:124)
	at jdk.nashorn.internal.scripts.Script$Recompilation$44618$3841A$\^function\_.L:1#issueCommand(&lt;function&gt;:124)
	at jdk.nashorn.internal.scripts.Script$Recompilation$44618$3841A$\^function\_.L:1#issueCommand(&lt;function&gt;:124)
	at jdk.nashorn.internal.scripts.Script$Recompilation$44618$3841A$\^function\_.L:1#issueCommand(&lt;function&gt;:124)
	at jdk.nashorn.internal.scripts.Script$Recompilation$44618$3841A$\^function\_.L:1#issueCommand(&lt;function&gt;:124)
	at jdk.nashorn.internal.scripts.Script$Recompilation$44618$3841A$\^function\_.L:1#issueCommand(&lt;function&gt;:124)
	at jdk.nashorn.internal.scripts.Script$Recompilation$44618$3841A$\^function\_.L:1#issueCommand(&lt;function&gt;:124)
	at jdk.nashorn.internal.scripts.Script$Recompilation$44618$3841A$\^function\_.L:1#issueCommand(&lt;function&gt;:124)
	at jdk.nashorn.internal.scripts.Script$Recompilation$44618$3841A$\^function\_.L:1#issueCommand(&lt;function&gt;:124)
	at jdk.nashorn.internal.scripts.Script$Recompilation$44618$3841A$\^function\_.L:1#issueCommand(&lt;function&gt;:124)
	at jdk.nashorn.internal.scripts.Script$Recompilation$44618$3841A$\^function\_.L:1#issueCommand(&lt;function&gt;:124)
	at jdk.nashorn.internal.scripts.Script$Recompilation$44618$3841A$\^function\_.L:1#issueCommand(&lt;function&gt;:124)
	at jdk.nashorn.internal.scripts.Script$Recompilation$44618$3841A$\^function\_.L:1#issueCommand(&lt;function&gt;:124)
	at jdk.nashorn.internal.scripts.Script$Recompilation$44618$3841A$\^function\_.L:1#issueCommand(&lt;function&gt;:124)
	at jdk.nashorn.internal.scripts.Script$Recompilation$44618$3841A$\^function\_.L:1#issueCommand(&lt;function&gt;:124)
	at jdk.nashorn.internal.scripts.Script$Recompilation$44618$3841A$\^function\_.L:1#issueCommand(&lt;function&gt;:124)
	at jdk.nashorn.internal.scripts.Script$Recompilation$44618$3841A$\^function\_.L:1#issueCommand(&lt;function&gt;:124)
	at jdk.nashorn.internal.scripts.Script$Recompilation$44618$3841A$\^function\_.L:1#issueCommand(&lt;function&gt;:124)
	at jdk.nashorn.internal.scripts.Script$Recompilation$44618$3841A$\^function\_.L:1#issueCommand(&lt;function&gt;:124)
	at jdk.nashorn.internal.scripts.Script$Recompilation$44618$3841A$\^function\_.L:1#issueCommand(&lt;function&gt;:124)
	at jdk.nashorn.internal.scripts.Script$Recompilation$44618$3841A$\^function\_.L:1#issueCommand(&lt;function&gt;:124)
	at jdk.nashorn.internal.scripts.Script$Recompilation$44618$3841A$\^function\_.L:1#issueCommand(&lt;function&gt;:124)
	at jdk.nashorn.internal.scripts.Script$Recompilation$44618$3841A$\^function\_.L:1#issueCommand(&lt;function&gt;:124)
	at jdk.nashorn.internal.scripts.Script$Recompilation$44618$3841A$\^function\_.L:1#issueCommand(&lt;function&gt;:124)
	at jdk.nashorn.internal.scripts.Script$Recompilation$44618$3841A$\^function\_.L:1#issueCommand(&lt;function&gt;:124)
	at jdk.nashorn.internal.scripts.Script$Recompilation$44618$3841A$\^function\_.L:1#issueCommand(&lt;function&gt;:124)
	at jdk.nashorn.internal.scripts.Script$Recompilation$44618$3841A$\^function\_.L:1#issueCommand(&lt;function&gt;:124)
	at jdk.nashorn.internal.scripts.Script$Recompilation$44618$3841A$\^function\_.L:1#issueCommand(&lt;function&gt;:124)
	at jdk.nashorn.internal.scripts.Script$Recompilation$44618$3841A$\^function\_.L:1#issueCommand(&lt;function&gt;:124)
	at jdk.nashorn.internal.scripts.Script$Recompilation$44618$3841A$\^function\_.L:1#issueCommand(&lt;function&gt;:124)
	at jdk.nashorn.internal.scripts.Script$Recompilation$44618$3841A$\^function\_.L:1#issueCommand(&lt;function&gt;:124)
	at jdk.nashorn.internal.scripts.Script$Recompilation$44618$3841A$\^function\_.L:1#issueCommand(&lt;function&gt;:124)
	at jdk.nashorn.internal.scripts.Script$Recompilation$44618$3841A$\^function\_.L:1#issueCommand(&lt;function&gt;:124)
	at jdk.nashorn.internal.scripts.Script$Recompilation$44618$3841A$\^function\_.L:1#issueCommand(&lt;function&gt;:124)
	at jdk.nashorn.internal.scripts.Script$Recompilation$44618$3841A$\^function\_.L:1#issueCommand(&lt;function&gt;:124)
	at jdk.nashorn.internal.scripts.Script$Recompilation$44618$3841A$\^function\_.L:1#issueCommand(&lt;function&gt;:124)
	at jdk.nashorn.internal.scripts.Script$Recompilation$44618$3841A$\^function\_.L:1#issueCommand(&lt;function&gt;:124)
	at jdk.nashorn.internal.scripts.Script$Recompilation$44618$3841A$\^function\_.L:1#issueCommand(&lt;function&gt;:124)
	at jdk.nashorn.internal.scripts.Script$Recompilation$44618$3841A$\^function\_.L:1#issueCommand(&lt;function&gt;:124)
	at jdk.nashorn.internal.scripts.Script$Recompilation$44618$3841A$\^function\_.L:1#issueCommand(&lt;function&gt;:124)
	at jdk.nashorn.internal.scripts.Script$Recompilation$44618$3841A$\^function\_.L:1#issueCommand(&lt;function&gt;:124)
	at jdk.nashorn.internal.scripts.Script$Recompilation$44618$3841A$\^function\_.L:1#issueCommand(&lt;function&gt;:124)
	at jdk.nashorn.internal.scripts.Script$Recompilation$44618$3841A$\^function\_.L:1#issueCommand(&lt;function&gt;:124)
	at jdk.nashorn.internal.scripts.Script$Recompilation$44618$3841A$\^function\_.L:1#issueCommand(&lt;function&gt;:124)
	at jdk.nashorn.internal.scripts.Script$Recompilation$44618$3841A$\^function\_.L:1#issueCommand(&lt;function&gt;:124)
	at jdk.nashorn.internal.scripts.Script$Recompilation$44618$3841A$\^function\_.L:1#issueCommand(&lt;function&gt;:124)
	at jdk.nashorn.internal.scripts.Script$Recompilation$44618$3841A$\^function\_.L:1#issueCommand(&lt;function&gt;:124)
	at jdk.nashorn.internal.scripts.Script$Recompilation$44618$3841A$\^function\_.L:1#issueCommand(&lt;function&gt;:124)
	at jdk.nashorn.internal.scripts.Script$Recompilation$44618$3841A$\^function\_.L:1#issueCommand(&lt;function&gt;:124)
	at jdk.nashorn.internal.scripts.Script$Recompilation$44618$3841A$\^function\_.L:1#issueCommand(&lt;function&gt;:124)
	at jdk.nashorn.internal.scripts.Script$Recompilation$44618$3841A$\^function\_.L:1#issueCommand(&lt;function&gt;:124)
	at jdk.nashorn.internal.scripts.Script$Recompilation$44618$3841A$\^function\_.L:1#issueCommand(&lt;function&gt;:124)
	at jdk.nashorn.internal.scripts.Script$Recompilation$44618$3841A$\^function\_.L:1#issueCommand(&lt;function&gt;:124)
	at jdk.nashorn.internal.scripts.Script$Recompilation$44618$3841A$\^function\_.L:1#issueCommand(&lt;function&gt;:124)
	at jdk.nashorn.internal.scripts.Script$Recompilation$44618$3841A$\^function\_.L:1#issueCommand(&lt;function&gt;:124)
	at jdk.nashorn.internal.scripts.Script$Recompilation$44618$3841A$\^function\_.L:1#issueCommand(&lt;function&gt;:124)
	at jdk.nashorn.internal.scripts.Script$Recompilation$44618$3841A$\^function\_.L:1#issueCommand(&lt;function&gt;:124)
	at jdk.nashorn.internal.scripts.Script$Recompilation$44618$3841A$\^function\_.L:1#issueCommand(&lt;function&gt;:124)
	at jdk.nashorn.internal.scripts.Script$Recompilation$44618$3841A$\^function\_.L:1#issueCommand(&lt;function&gt;:124)
	at jdk.nashorn.internal.scripts.Script$Recompilation$44618$3841A$\^function\_.L:1#issueCommand(&lt;function&gt;:124)
	at jdk.nashorn.internal.scripts.Script$Recompilation$44618$3841A$\^function\_.L:1#issueCommand(&lt;function&gt;:124)
	at jdk.nashorn.internal.scripts.Script$Recompilation$44618$3841A$\^function\_.L:1#issueCommand(&lt;function&gt;:124)
	at jdk.nashorn.internal.scripts.Script$Recompilation$44618$3841A$\^function\_.L:1#issueCommand(&lt;function&gt;:124)
	at jdk.nashorn.internal.scripts.Script$Recompilation$44618$3841A$\^function\_.L:1#issueCommand(&lt;function&gt;:124)
	at jdk.nashorn.internal.scripts.Script$Recompilation$44618$3841A$\^function\_.L:1#issueCommand(&lt;function&gt;:124)
	at jdk.nashorn.internal.scripts.Script$Recompilation$44618$3841A$\^function\_.L:1#issueCommand(&lt;function&gt;:124)
	at jdk.nashorn.internal.scripts.Script$Recompilation$44618$3841A$\^function\_.L:1#issueCommand(&lt;function&gt;:124)
	at jdk.nashorn.internal.scripts.Script$Recompilation$44618$3841A$\^function\_.L:1#issueCommand(&lt;function&gt;:124)
	at jdk.nashorn.internal.scripts.Script$Recompilation$44618$3841A$\^function\_.L:1#issueCommand(&lt;function&gt;:124)
	at jdk.nashorn.internal.scripts.Script$Recompilation$44618$3841A$\^function\_.L:1#issueCommand(&lt;function&gt;:124)
	at jdk.nashorn.internal.scripts.Script$Recompilation$44618$3841A$\^function\_.L:1#issueCommand(&lt;function&gt;:124)
	at jdk.nashorn.internal.scripts.Script$Recompilation$44618$3841A$\^function\_.L:1#issueCommand(&lt;function&gt;:124)
	at jdk.nashorn.internal.scripts.Script$Recompilation$44618$3841A$\^function\_.L:1#issueCommand(&lt;function&gt;:124)
	at jdk.nashorn.internal.scripts.Script$Recompilation$44618$3841A$\^function\_.L:1#issueCommand(&lt;function&gt;:124)
	at jdk.nashorn.internal.scripts.Script$Recompilation$44618$3841A$\^function\_.L:1#issueCommand(&lt;function&gt;:124)
	at jdk.nashorn.internal.scripts.Script$Recompilation$44618$3841A$\^function\_.L:1#issueCommand(&lt;function&gt;:124)
	at jdk.nashorn.internal.scripts.Script$Recompilation$44618$3841A$\^function\_.L:1#issueCommand(&lt;function&gt;:124)
	at jdk.nashorn.internal.scripts.Script$Recompilation$44618$3841A$\^function\_.L:1#issueCommand(&lt;function&gt;:124)
	at jdk.nashorn.internal.scripts.Script$Recompilation$44618$3841A$\^function\_.L:1#issueCommand(&lt;function&gt;:124)
	at jdk.nashorn.internal.scripts.Script$Recompilation$44618$3841A$\^function\_.L:1#issueCommand(&lt;function&gt;:124)
	at jdk.nashorn.internal.scripts.Script$Recompilation$44618$3841A$\^function\_.L:1#issueCommand(&lt;function&gt;:124)
	at jdk.nashorn.internal.scripts.Script$Recompilation$44618$3841A$\^function\_.L:1#issueCommand(&lt;function&gt;:124)
	at jdk.nashorn.internal.scripts.Script$Recompilation$44618$3841A$\^function\_.L:1#issueCommand(&lt;function&gt;:124)
	at jdk.nashorn.internal.scripts.Script$Recompilation$44618$3841A$\^function\_.L:1#issueCommand(&lt;function&gt;:124)
	at jdk.nashorn.internal.scripts.Script$Recompilation$44618$3841A$\^function\_.L:1#issueCommand(&lt;function&gt;:124)
	at jdk.nashorn.internal.scripts.Script$Recompilation$44618$3841A$\^function\_.L:1#issueCommand(&lt;function&gt;:124)
	at jdk.nashorn.internal.scripts.Script$Recompilation$44618$3841A$\^function\_.L:1#issueCommand(&lt;function&gt;:124)
	at jdk.nashorn.internal.scripts.Script$Recompilation$44618$3841A$\^function\_.L:1#issueCommand(&lt;function&gt;:124)
	at jdk.nashorn.internal.scripts.Script$Recompilation$44618$3841A$\^function\_.L:1#issueCommand(&lt;function&gt;:124)
	at jdk.nashorn.internal.scripts.Script$Recompilation$44618$3841A$\^function\_.L:1#issueCommand(&lt;function&gt;:124)
	at jdk.nashorn.internal.scripts.Script$Recompilation$44618$3841A$\^function\_.L:1#issueCommand(&lt;function&gt;:124)
	at jdk.nashorn.internal.scripts.Script$Recompilation$44618$3841A$\^function\_.L:1#issueCommand(&lt;function&gt;:124)
	at jdk.nashorn.internal.scripts.Script$Recompilation$44618$3841A$\^function\_.L:1#issueCommand(&lt;function&gt;:124)
	at jdk.nashorn.internal.scripts.Script$Recompilation$44618$3841A$\^function\_.L:1#issueCommand(&lt;function&gt;:124)
	at jdk.nashorn.internal.scripts.Script$Recompilation$44618$3841A$\^function\_.L:1#issueCommand(&lt;function&gt;:124)
	at jdk.nashorn.internal.scripts.Script$Recompilation$44618$3841A$\^function\_.L:1#issueCommand(&lt;function&gt;:124)
	at jdk.nashorn.internal.scripts.Script$Recompilation$44618$3841A$\^function\_.L:1#issueCommand(&lt;function&gt;:124)
	at jdk.nashorn.internal.scripts.Script$Recompilation$44618$3841A$\^function\_.L:1#issueCommand(&lt;function&gt;:124)
	at jdk.nashorn.internal.scripts.Script$Recompilation$44618$3841A$\^function\_.L:1#issueCommand(&lt;function&gt;:124)
	at jdk.nashorn.internal.scripts.Script$Recompilation$44618$3841A$\^function\_.L:1#issueCommand(&lt;function&gt;:124)
	at jdk.nashorn.internal.scripts.Script$Recompilation$44618$3841A$\^function\_.L:1#issueCommand(&lt;function&gt;:124)
	at jdk.nashorn.internal.scripts.Script$Recompilation$44618$3841A$\^function\_.L:1#issueCommand(&lt;function&gt;:124)
	at jdk.nashorn.internal.scripts.Script$Recompilation$44618$3841A$\^function\_.L:1#issueCommand(&lt;function&gt;:124)
	at jdk.nashorn.internal.scripts.Script$Recompilation$44618$3841A$\^function\_.L:1#issueCommand(&lt;function&gt;:124)
	at jdk.nashorn.internal.scripts.Script$Recompilation$44618$3841A$\^function\_.L:1#issueCommand(&lt;function&gt;:124)
	at jdk.nashorn.internal.scripts.Script$Recompilation$44618$3841A$\^function\_.L:1#issueCommand(&lt;function&gt;:124)
	at jdk.nashorn.internal.scripts.Script$Recompilation$44618$3841A$\^function\_.L:1#issueCommand(&lt;function&gt;:124)
	at jdk.nashorn.internal.scripts.Script$Recompilation$44618$3841A$\^function\_.L:1#issueCommand(&lt;function&gt;:124)
	at jdk.nashorn.internal.scripts.Script$Recompilation$44618$3841A$\^function\_.L:1#issueCommand(&lt;function&gt;:124)
	at jdk.nashorn.internal.scripts.Script$Recompilation$44618$3841A$\^function\_.L:1#issueCommand(&lt;function&gt;:124)
	at jdk.nashorn.internal.scripts.Script$Recompilation$44618$3841A$\^function\_.L:1#issueCommand(&lt;function&gt;:124)
	at jdk.nashorn.internal.scripts.Script$Recompilation$44618$3841A$\^function\_.L:1#issueCommand(&lt;function&gt;:124)
	at jdk.nashorn.internal.scripts.Script$Recompilation$44618$3841A$\^function\_.L:1#issueCommand(&lt;function&gt;:124)
	at jdk.nashorn.internal.scripts.Script$Recompilation$44618$3841A$\^function\_.L:1#issueCommand(&lt;function&gt;:124)
	at jdk.nashorn.internal.scripts.Script$Recompilation$44618$3841A$\^function\_.L:1#issueCommand(&lt;function&gt;:124)
	at jdk.nashorn.internal.scripts.Script$Recompilation$44618$3841A$\^function\_.L:1#issueCommand(&lt;function&gt;:124)
	at jdk.nashorn.internal.scripts.Script$Recompilation$44618$3841A$\^function\_.L:1#issueCommand(&lt;function&gt;:124)
	at jdk.nashorn.internal.scripts.Script$Recompilation$44618$3841A$\^function\_.L:1#issueCommand(&lt;function&gt;:124)
	at jdk.nashorn.internal.scripts.Script$Recompilation$44618$3841A$\^function\_.L:1#issueCommand(&lt;function&gt;:124)
	at jdk.nashorn.internal.scripts.Script$Recompilation$44618$3841A$\^function\_.L:1#issueCommand(&lt;function&gt;:124)
	at jdk.nashorn.internal.scripts.Script$Recompilation$44618$3841A$\^function\_.L:1#issueCommand(&lt;function&gt;:124)
	at jdk.nashorn.internal.scripts.Script$Recompilation$44618$3841A$\^function\_.L:1#issueCommand(&lt;function&gt;:124)
	at jdk.nashorn.internal.scripts.Script$Recompilation$44618$3841A$\^function\_.L:1#issueCommand(&lt;function&gt;:124)
	at jdk.nashorn.internal.scripts.Script$Recompilation$44618$3841A$\^function\_.L:1#issueCommand(&lt;function&gt;:124)
	at jdk.nashorn.internal.scripts.Script$Recompilation$44618$3841A$\^function\_.L:1#issueCommand(&lt;function&gt;:124)
	at jdk.nashorn.internal.scripts.Script$Recompilation$44618$3841A$\^function\_.L:1#issueCommand(&lt;function&gt;:124)
	at jdk.nashorn.internal.scripts.Script$Recompilation$44618$3841A$\^function\_.L:1#issueCommand(&lt;function&gt;:124)
	at jdk.nashorn.internal.scripts.Script$Recompilation$44618$3841A$\^function\_.L:1#issueCommand(&lt;function&gt;:124)
	at jdk.nashorn.internal.scripts.Script$Recompilation$44618$3841A$\^function\_.L:1#issueCommand(&lt;function&gt;:124)
	at jdk.nashorn.internal.scripts.Script$Recompilation$44618$3841A$\^function\_.L:1#issueCommand(&lt;function&gt;:124)
	at jdk.nashorn.internal.scripts.Script$Recompilation$44618$3841A$\^function\_.L:1#issueCommand(&lt;function&gt;:124)
	at jdk.nashorn.internal.scripts.Script$Recompilation$44618$3841A$\^function\_.L:1#issueCommand(&lt;function&gt;:124)
	at jdk.nashorn.internal.scripts.Script$Recompilation$44618$3841A$\^function\_.L:1#issueCommand(&lt;function&gt;:124)
	at jdk.nashorn.internal.scripts.Script$Recompilation$44618$3841A$\^function\_.L:1#issueCommand(&lt;function&gt;:124)
	at jdk.nashorn.internal.scripts.Script$Recompilation$44618$3841A$\^function\_.L:1#issueCommand(&lt;function&gt;:124)
	at jdk.nashorn.internal.scripts.Script$Recompilation$44618$3841A$\^function\_.L:1#issueCommand(&lt;function&gt;:124)
	at jdk.nashorn.internal.scripts.Script$Recompilation$44618$3841A$\^function\_.L:1#issueCommand(&lt;function&gt;:124)
	at jdk.nashorn.internal.scripts.Script$Recompilation$44618$3841A$\^function\_.L:1#issueCommand(&lt;function&gt;:124)
	at jdk.nashorn.internal.scripts.Script$Recompilation$44618$3841A$\^function\_.L:1#issueCommand(&lt;function&gt;:124)
	at jdk.nashorn.internal.scripts.Script$Recompilation$44618$3841A$\^function\_.L:1#issueCommand(&lt;function&gt;:124)
	at jdk.nashorn.internal.scripts.Script$Recompilation$44618$3841A$\^function\_.L:1#issueCommand(&lt;function&gt;:124)
	at jdk.nashorn.internal.scripts.Script$Recompilation$44618$3841A$\^function\_.L:1#issueCommand(&lt;function&gt;:124)
	at jdk.nashorn.internal.scripts.Script$Recompilation$44618$3841A$\^function\_.L:1#issueCommand(&lt;function&gt;:124)
	at jdk.nashorn.internal.scripts.Script$Recompilation$44618$3841A$\^function\_.L:1#issueCommand(&lt;function&gt;:124)
	at jdk.nashorn.internal.scripts.Script$Recompilation$44618$3841A$\^function\_.L:1#issueCommand(&lt;function&gt;:124)
	at jdk.nashorn.internal.scripts.Script$Recompilation$44618$3841A$\^function\_.L:1#issueCommand(&lt;function&gt;:124)
	at jdk.nashorn.internal.scripts.Script$Recompilation$44618$3841A$\^function\_.L:1#issueCommand(&lt;function&gt;:124)
	at jdk.nashorn.internal.scripts.Script$Recompilation$44618$3841A$\^function\_.L:1#issueCommand(&lt;function&gt;:124)
	at jdk.nashorn.internal.scripts.Script$Recompilation$44618$3841A$\^function\_.L:1#issueCommand(&lt;function&gt;:124)
	at jdk.nashorn.internal.scripts.Script$Recompilation$44618$3841A$\^function\_.L:1#issueCommand(&lt;function&gt;:124)
	at jdk.nashorn.internal.scripts.Script$Recompilation$44618$3841A$\^function\_.L:1#issueCommand(&lt;function&gt;:124)
	at jdk.nashorn.internal.scripts.Script$Recompilation$44618$3841A$\^function\_.L:1#issueCommand(&lt;function&gt;:124)
	at jdk.nashorn.internal.scripts.Script$Recompilation$44618$3841A$\^function\_.L:1#issueCommand(&lt;function&gt;:124)
	at jdk.nashorn.internal.scripts.Script$Recompilation$44618$3841A$\^function\_.L:1#issueCommand(&lt;function&gt;:124)
	at jdk.nashorn.internal.scripts.Script$Recompilation$44618$3841A$\^function\_.L:1#issueCommand(&lt;function&gt;:124)
	at jdk.nashorn.internal.scripts.Script$Recompilation$44618$3841A$\^function\_.L:1#issueCommand(&lt;function&gt;:124)
	at jdk.nashorn.internal.scripts.Script$Recompilation$44618$3841A$\^function\_.L:1#issueCommand(&lt;function&gt;:124)
	at jdk.nashorn.internal.scripts.Script$Recompilation$44618$3841A$\^function\_.L:1#issueCommand(&lt;function&gt;:124)
	at jdk.nashorn.internal.scripts.Script$Recompilation$44618$3841A$\^function\_.L:1#issueCommand(&lt;function&gt;:124)
	at jdk.nashorn.internal.scripts.Script$Recompilation$44618$3841A$\^function\_.L:1#issueCommand(&lt;function&gt;:124)
	at jdk.nashorn.internal.scripts.Script$Recompilation$44618$3841A$\^function\_.L:1#issueCommand(&lt;function&gt;:124)
	at jdk.nashorn.internal.scripts.Script$Recompilation$44618$3841A$\^function\_.L:1#issueCommand(&lt;function&gt;:124)
	at jdk.nashorn.internal.scripts.Script$Recompilation$44618$3841A$\^function\_.L:1#issueCommand(&lt;function&gt;:124)
	at jdk.nashorn.internal.scripts.Script$Recompilation$44618$3841A$\^function\_.L:1#issueCommand(&lt;function&gt;:124)
	at jdk.nashorn.internal.scripts.Script$Recompilation$44618$3841A$\^function\_.L:1#issueCommand(&lt;function&gt;:124)
	at jdk.nashorn.internal.scripts.Script$Recompilation$44618$3841A$\^function\_.L:1#issueCommand(&lt;function&gt;:124)
	at jdk.nashorn.internal.scripts.Script$Recompilation$44618$3841A$\^function\_.L:1#issueCommand(&lt;function&gt;:124)
	at jdk.nashorn.internal.scripts.Script$Recompilation$44618$3841A$\^function\_.L:1#issueCommand(&lt;function&gt;:124)
	at jdk.nashorn.internal.scripts.Script$Recompilation$44618$3841A$\^function\_.L:1#issueCommand(&lt;function&gt;:124)
	at jdk.nashorn.internal.scripts.Script$Recompilation$44618$3841A$\^function\_.L:1#issueCommand(&lt;function&gt;:124)
	at jdk.nashorn.internal.scripts.Script$Recompilation$44618$3841A$\^function\_.L:1#issueCommand(&lt;function&gt;:124)
	at jdk.nashorn.internal.scripts.Script$Recompilation$44618$3841A$\^function\_.L:1#issueCommand(&lt;function&gt;:124)
	at jdk.nashorn.internal.scripts.Script$Recompilation$44618$3841A$\^function\_.L:1#issueCommand(&lt;function&gt;:124)
	at jdk.nashorn.internal.scripts.Script$Recompilation$44618$3841A$\^function\_.L:1#issueCommand(&lt;function&gt;:124)
	at jdk.nashorn.internal.scripts.Script$Recompilation$44618$3841A$\^function\_.L:1#issueCommand(&lt;function&gt;:124)
	at jdk.nashorn.internal.scripts.Script$Recompilation$44618$3841A$\^function\_.L:1#issueCommand(&lt;function&gt;:124)
	at jdk.nashorn.internal.scripts.Script$Recompilation$44618$3841A$\^function\_.L:1#issueCommand(&lt;function&gt;:124)
	at jdk.nashorn.internal.scripts.Script$Recompilation$44618$3841A$\^function\_.L:1#issueCommand(&lt;function&gt;:124)
	at jdk.nashorn.internal.scripts.Script$Recompilation$44618$3841A$\^function\_.L:1#issueCommand(&lt;function&gt;:124)
	at jdk.nashorn.internal.scripts.Script$Recompilation$44618$3841A$\^function\_.L:1#issueCommand(&lt;function&gt;:124)
	at jdk.nashorn.internal.scripts.Script$Recompilation$44618$3841A$\^function\_.L:1#issueCommand(&lt;function&gt;:124)
	at jdk.nashorn.internal.scripts.Script$Recompilation$44618$3841A$\^function\_.L:1#issueCommand(&lt;function&gt;:124)
	at jdk.nashorn.internal.scripts.Script$Recompilation$44618$3841A$\^function\_.L:1#issueCommand(&lt;function&gt;:124)
	at jdk.nashorn.internal.scripts.Script$Recompilation$44618$3841A$\^function\_.L:1#issueCommand(&lt;function&gt;:124)
	at jdk.nashorn.internal.scripts.Script$Recompilation$44618$3841A$\^function\_.L:1#issueCommand(&lt;function&gt;:124)
	at jdk.nashorn.internal.scripts.Script$Recompilation$44618$3841A$\^function\_.L:1#issueCommand(&lt;function&gt;:124)
	at jdk.nashorn.internal.scripts.Script$Recompilation$44618$3841A$\^function\_.L:1#issueCommand(&lt;function&gt;:124)
	at jdk.nashorn.internal.scripts.Script$Recompilation$44618$3841A$\^function\_.L:1#issueCommand(&lt;function&gt;:124)
	at jdk.nashorn.internal.scripts.Script$Recompilation$44618$3841A$\^function\_.L:1#issueCommand(&lt;function&gt;:124)
	at jdk.nashorn.internal.scripts.Script$Recompilation$44618$3841A$\^function\_.L:1#issueCommand(&lt;function&gt;:124)
	at jdk.nashorn.internal.scripts.Script$Recompilation$44618$3841A$\^function\_.L:1#issueCommand(&lt;function&gt;:124)
	at jdk.nashorn.internal.scripts.Script$Recompilation$44618$3841A$\^function\_.L:1#issueCommand(&lt;function&gt;:124)
	at jdk.nashorn.internal.scripts.Script$Recompilation$44618$3841A$\^function\_.L:1#issueCommand(&lt;function&gt;:124)
	at jdk.nashorn.internal.scripts.Script$Recompilation$44618$3841A$\^function\_.L:1#issueCommand(&lt;function&gt;:124)
	at jdk.nashorn.internal.scripts.Script$Recompilation$44618$3841A$\^function\_.L:1#issueCommand(&lt;function&gt;:124)
	at jdk.nashorn.internal.scripts.Script$Recompilation$44618$3841A$\^function\_.L:1#issueCommand(&lt;function&gt;:124)
	at jdk.nashorn.internal.scripts.Script$Recompilation$44618$3841A$\^function\_.L:1#issueCommand(&lt;function&gt;:124)
	at jdk.nashorn.internal.scripts.Script$Recompilation$44618$3841A$\^function\_.L:1#issueCommand(&lt;function&gt;:124)
	at jdk.nashorn.internal.scripts.Script$Recompilation$44618$3841A$\^function\_.L:1#issueCommand(&lt;function&gt;:124)
	at jdk.nashorn.internal.scripts.Script$Recompilation$44618$3841A$\^function\_.L:1#issueCommand(&lt;function&gt;:124)
	at jdk.nashorn.internal.scripts.Script$Recompilation$44618$3841A$\^function\_.L:1#issueCommand(&lt;function&gt;:124)
	at jdk.nashorn.internal.scripts.Script$Recompilation$44618$3841A$\^function\_.L:1#issueCommand(&lt;function&gt;:124)
	at jdk.nashorn.internal.scripts.Script$Recompilation$44618$3841A$\^function\_.L:1#issueCommand(&lt;function&gt;:124)
	at jdk.nashorn.internal.scripts.Script$Recompilation$44618$3841A$\^function\_.L:1#issueCommand(&lt;function&gt;:124)
	at jdk.nashorn.internal.scripts.Script$Recompilation$44618$3841A$\^function\_.L:1#issueCommand(&lt;function&gt;:124)
	at jdk.nashorn.internal.scripts.Script$Recompilation$44618$3841A$\^function\_.L:1#issueCommand(&lt;function&gt;:124)
	at jdk.nashorn.internal.scripts.Script$Recompilation$44618$3841A$\^function\_.L:1#issueCommand(&lt;function&gt;:124)
	at jdk.nashorn.internal.scripts.Script$Recompilation$44618$3841A$\^function\_.L:1#issueCommand(&lt;function&gt;:124)
	at jdk.nashorn.internal.scripts.Script$Recompilation$44618$3841A$\^function\_.L:1#issueCommand(&lt;function&gt;:124)
	at jdk.nashorn.internal.scripts.Script$Recompilation$44618$3841A$\^function\_.L:1#issueCommand(&lt;function&gt;:124)
	at jdk.nashorn.internal.scripts.Script$Recompilation$44618$3841A$\^function\_.L:1#issueCommand(&lt;function&gt;:124)
	at jdk.nashorn.internal.scripts.Script$Recompilation$44618$3841A$\^function\_.L:1#issueCommand(&lt;function&gt;:124)
	at jdk.nashorn.internal.scripts.Script$Recompilation$44618$3841A$\^function\_.L:1#issueCommand(&lt;function&gt;:124)
	at jdk.nashorn.internal.scripts.Script$Recompilation$44618$3841A$\^function\_.L:1#issueCommand(&lt;function&gt;:124)
	at jdk.nashorn.internal.scripts.Script$Recompilation$44618$3841A$\^function\_.L:1#issueCommand(&lt;function&gt;:124)
	at jdk.nashorn.internal.scripts.Script$Recompilation$44618$3841A$\^function\_.L:1#issueCommand(&lt;function&gt;:124)
	at jdk.nashorn.internal.scripts.Script$Recompilation$44618$3841A$\^function\_.L:1#issueCommand(&lt;function&gt;:124)
	at jdk.nashorn.internal.scripts.Script$Recompilation$44618$3841A$\^function\_.L:1#issueCommand(&lt;function&gt;:124)
	at jdk.nashorn.internal.scripts.Script$Recompilation$44618$3841A$\^function\_.L:1#issueCommand(&lt;function&gt;:124)
	at jdk.nashorn.internal.scripts.Script$Recompilation$44618$3841A$\^function\_.L:1#issueCommand(&lt;function&gt;:124)
	at jdk.nashorn.internal.scripts.Script$Recompilation$44618$3841A$\^function\_.L:1#issueCommand(&lt;function&gt;:124)
	at jdk.nashorn.internal.scripts.Script$Recompilation$44618$3841A$\^function\_.L:1#issueCommand(&lt;function&gt;:124)
	at jdk.nashorn.internal.scripts.Script$Recompilation$44618$3841A$\^function\_.L:1#issueCommand(&lt;function&gt;:124)
	at jdk.nashorn.internal.scripts.Script$Recompilation$44618$3841A$\^function\_.L:1#issueCommand(&lt;function&gt;:124)
	at jdk.nashorn.internal.scripts.Script$Recompilation$44618$3841A$\^function\_.L:1#issueCommand(&lt;function&gt;:124)
	at jdk.nashorn.internal.scripts.Script$Recompilation$44618$3841A$\^function\_.L:1#issueCommand(&lt;function&gt;:124)
	at jdk.nashorn.internal.scripts.Script$Recompilation$44618$3841A$\^function\_.L:1#issueCommand(&lt;function&gt;:124)
	at jdk.nashorn.internal.scripts.Script$Recompilation$44618$3841A$\^function\_.L:1#issueCommand(&lt;function&gt;:124)
	at jdk.nashorn.internal.scripts.Script$Recompilation$44618$3841A$\^function\_.L:1#issueCommand(&lt;function&gt;:124)
	at jdk.nashorn.internal.scripts.Script$Recompilation$44618$3841A$\^function\_.L:1#issueCommand(&lt;function&gt;:124)
	at jdk.nashorn.internal.scripts.Script$Recompilation$44618$3841A$\^function\_.L:1#issueCommand(&lt;function&gt;:124)
	at jdk.nashorn.internal.scripts.Script$Recompilation$44618$3841A$\^function\_.L:1#issueCommand(&lt;function&gt;:124)
	at jdk.nashorn.internal.scripts.Script$Recompilation$44618$3841A$\^function\_.L:1#issueCommand(&lt;function&gt;:124)
	at jdk.nashorn.internal.scripts.Script$Recompilation$44618$3841A$\^function\_.L:1#issueCommand(&lt;function&gt;:124)
	at jdk.nashorn.internal.scripts.Script$Recompilation$44618$3841A$\^function\_.L:1#issueCommand(&lt;function&gt;:124)
	at jdk.nashorn.internal.scripts.Script$Recompilation$44618$3841A$\^function\_.L:1#issueCommand(&lt;function&gt;:124)
	at jdk.nashorn.internal.scripts.Script$Recompilation$44618$3841A$\^function\_.L:1#issueCommand(&lt;function&gt;:124)
	at jdk.nashorn.internal.scripts.Script$Recompilation$44618$3841A$\^function\_.L:1#issueCommand(&lt;function&gt;:124)
	at jdk.nashorn.internal.scripts.Script$Recompilation$44618$3841A$\^function\_.L:1#issueCommand(&lt;function&gt;:124)
	at jdk.nashorn.internal.scripts.Script$Recompilation$44618$3841A$\^function\_.L:1#issueCommand(&lt;function&gt;:124)
	at jdk.nashorn.internal.scripts.Script$Recompilation$44618$3841A$\^function\_.L:1#issueCommand(&lt;function&gt;:124)
	at jdk.nashorn.internal.scripts.Script$Recompilation$44618$3841A$\^function\_.L:1#issueCommand(&lt;function&gt;:124)
	at jdk.nashorn.internal.scripts.Script$Recompilation$44618$3841A$\^function\_.L:1#issueCommand(&lt;function&gt;:124)
	at jdk.nashorn.internal.scripts.Script$Recompilation$44618$3841A$\^function\_.L:1#issueCommand(&lt;function&gt;:124)
	at jdk.nashorn.internal.scripts.Script$Recompilation$44618$3841A$\^function\_.L:1#issueCommand(&lt;function&gt;:124)
	at jdk.nashorn.internal.scripts.Script$Recompilation$44618$3841A$\^function\_.L:1#issueCommand(&lt;function&gt;:124)
	at jdk.nashorn.internal.scripts.Script$Recompilation$44618$3841A$\^function\_.L:1#issueCommand(&lt;function&gt;:124)
	at jdk.nashorn.internal.scripts.Script$Recompilation$44618$3841A$\^function\_.L:1#issueCommand(&lt;function&gt;:124)
	at jdk.nashorn.internal.scripts.Script$Recompilation$44618$3841A$\^function\_.L:1#issueCommand(&lt;function&gt;:124)
	at jdk.nashorn.internal.scripts.Script$Recompilation$44618$3841A$\^function\_.L:1#issueCommand(&lt;function&gt;:124)
	at jdk.nashorn.internal.scripts.Script$Recompilation$44618$3841A$\^function\_.L:1#issueCommand(&lt;function&gt;:124)
	at jdk.nashorn.internal.scripts.Script$Recompilation$44618$3841A$\^function\_.L:1#issueCommand(&lt;function&gt;:124)
	at jdk.nashorn.internal.scripts.Script$Recompilation$44618$3841A$\^function\_.L:1#issueCommand(&lt;function&gt;:124)
	at jdk.nashorn.internal.scripts.Script$Recompilation$44618$3841A$\^function\_.L:1#issueCommand(&lt;function&gt;:124)
	at jdk.nashorn.internal.scripts.Script$Recompilation$44618$3841A$\^function\_.L:1#issueCommand(&lt;function&gt;:124)
	at jdk.nashorn.internal.scripts.Script$Recompilation$44618$3841A$\^function\_.L:1#issueCommand(&lt;function&gt;:124)
	at jdk.nashorn.internal.scripts.Script$Recompilation$44618$3841A$\^function\_.L:1#issueCommand(&lt;function&gt;:124)
	at jdk.nashorn.internal.scripts.Script$Recompilation$44618$3841A$\^function\_.L:1#issueCommand(&lt;function&gt;:124)
	at jdk.nashorn.internal.scripts.Script$Recompilation$44618$3841A$\^function\_.L:1#issueCommand(&lt;function&gt;:124)
	at jdk.nashorn.internal.scripts.Script$Recompilation$44618$3841A$\^function\_.L:1#issueCommand(&lt;function&gt;:124)
	at jdk.nashorn.internal.scripts.Script$Recompilation$44618$3841A$\^function\_.L:1#issueCommand(&lt;function&gt;:124)
	at jdk.nashorn.internal.scripts.Script$Recompilation$44618$3841A$\^function\_.L:1#issueCommand(&lt;function&gt;:124)
	at jdk.nashorn.internal.scripts.Script$Recompilation$44618$3841A$\^function\_.L:1#issueCommand(&lt;function&gt;:124)
	at jdk.nashorn.internal.scripts.Script$Recompilation$44618$3841A$\^function\_.L:1#issueCommand(&lt;function&gt;:124)
	at jdk.nashorn.internal.scripts.Script$Recompilation$44618$3841A$\^function\_.L:1#issueCommand(&lt;function&gt;:124)
	at jdk.nashorn.internal.scripts.Script$Recompilation$44618$3841A$\^function\_.L:1#issueCommand(&lt;function&gt;:124)
	at jdk.nashorn.internal.scripts.Script$Recompilation$44618$3841A$\^function\_.L:1#issueCommand(&lt;function&gt;:124)
	at jdk.nashorn.internal.scripts.Script$Recompilation$44618$3841A$\^function\_.L:1#issueCommand(&lt;function&gt;:124)
	at jdk.nashorn.internal.scripts.Script$Recompilation$44618$3841A$\^function\_.L:1#issueCommand(&lt;function&gt;:124)
	at jdk.nashorn.internal.scripts.Script$Recompilation$44618$3841A$\^function\_.L:1#issueCommand(&lt;function&gt;:124)
	at jdk.nashorn.internal.scripts.Script$Recompilation$44618$3841A$\^function\_.L:1#issueCommand(&lt;function&gt;:124)
	at jdk.nashorn.internal.scripts.Script$Recompilation$44618$3841A$\^function\_.L:1#issueCommand(&lt;function&gt;:124)
	at jdk.nashorn.internal.scripts.Script$Recompilation$44618$3841A$\^function\_.L:1#issueCommand(&lt;function&gt;:124)
	at jdk.nashorn.internal.scripts.Script$Recompilation$44618$3841A$\^function\_.L:1#issueCommand(&lt;function&gt;:124)
	at jdk.nashorn.internal.scripts.Script$Recompilation$44618$3841A$\^function\_.L:1#issueCommand(&lt;function&gt;:124)
	at jdk.nashorn.internal.scripts.Script$Recompilation$44618$3841A$\^function\_.L:1#issueCommand(&lt;function&gt;:124)
	at jdk.nashorn.internal.scripts.Script$Recompilation$44618$3841A$\^function\_.L:1#issueCommand(&lt;function&gt;:124)
	at jdk.nashorn.internal.scripts.Script$Recompilation$44618$3841A$\^function\_.L:1#issueCommand(&lt;function&gt;:124)
	at jdk.nashorn.internal.scripts.Script$Recompilation$44618$3841A$\^function\_.L:1#issueCommand(&lt;function&gt;:124)
	at jdk.nashorn.internal.scripts.Script$Recompilation$44618$3841A$\^function\_.L:1#issueCommand(&lt;function&gt;:124)
	at jdk.nashorn.internal.scripts.Script$Recompilation$44618$3841A$\^function\_.L:1#issueCommand(&lt;function&gt;:124)
	at jdk.nashorn.internal.scripts.Script$Recompilation$44618$3841A$\^function\_.L:1#issueCommand(&lt;function&gt;:124)
	at jdk.nashorn.internal.scripts.Script$Recompilation$44618$3841A$\^function\_.L:1#issueCommand(&lt;function&gt;:124)
	at jdk.nashorn.internal.scripts.Script$Recompilation$44618$3841A$\^function\_.L:1#issueCommand(&lt;function&gt;:124)
	at jdk.nashorn.internal.scripts.Script$Recompilation$44618$3841A$\^function\_.L:1#issueCommand(&lt;function&gt;:124)
	at jdk.nashorn.internal.scripts.Script$Recompilation$44618$3841A$\^function\_.L:1#issueCommand(&lt;function&gt;:124)
	at jdk.nashorn.internal.scripts.Script$Recompilation$44618$3841A$\^function\_.L:1#issueCommand(&lt;function&gt;:124)
	at jdk.nashorn.internal.scripts.Script$Recompilation$44618$3841A$\^function\_.L:1#issueCommand(&lt;function&gt;:124)
	at jdk.nashorn.internal.scripts.Script$Recompilation$44618$3841A$\^function\_.L:1#issueCommand(&lt;function&gt;:124)
	at jdk.nashorn.internal.scripts.Script$Recompilation$44618$3841A$\^function\_.L:1#issueCommand(&lt;function&gt;:124)
	at jdk.nashorn.internal.scripts.Script$Recompilation$44618$3841A$\^function\_.L:1#issueCommand(&lt;function&gt;:124)
	at jdk.nashorn.internal.scripts.Script$Recompilation$44618$3841A$\^function\_.L:1#issueCommand(&lt;function&gt;:124)
	at jdk.nashorn.internal.scripts.Script$Recompilation$44618$3841A$\^function\_.L:1#issueCommand(&lt;function&gt;:124)
	at jdk.nashorn.internal.scripts.Script$Recompilation$44618$3841A$\^function\_.L:1#issueCommand(&lt;function&gt;:124)
	at jdk.nashorn.internal.scripts.Script$Recompilation$44618$3841A$\^function\_.L:1#issueCommand(&lt;function&gt;:124)
	at jdk.nashorn.internal.scripts.Script$Recompilation$44618$3841A$\^function\_.L:1#issueCommand(&lt;function&gt;:124)
	at jdk.nashorn.internal.scripts.Script$Recompilation$44618$3841A$\^function\_.L:1#issueCommand(&lt;function&gt;:124)
	at jdk.nashorn.internal.scripts.Script$Recompilation$44618$3841A$\^function\_.L:1#issueCommand(&lt;function&gt;:124)
	at jdk.nashorn.internal.scripts.Script$Recompilation$44618$3841A$\^function\_.L:1#issueCommand(&lt;function&gt;:124)
	at jdk.nashorn.internal.scripts.Script$Recompilation$44618$3841A$\^function\_.L:1#issueCommand(&lt;function&gt;:124)
	at jdk.nashorn.internal.scripts.Script$Recompilation$44618$3841A$\^function\_.L:1#issueCommand(&lt;function&gt;:124)
	at jdk.nashorn.internal.scripts.Script$Recompilation$44618$3841A$\^function\_.L:1#issueCommand(&lt;function&gt;:124)
	at jdk.nashorn.internal.scripts.Script$Recompilation$44618$3841A$\^function\_.L:1#issueCommand(&lt;function&gt;:124)
	at jdk.nashorn.internal.scripts.Script$Recompilation$44618$3841A$\^function\_.L:1#issueCommand(&lt;function&gt;:124)
	at jdk.nashorn.internal.scripts.Script$Recompilation$44618$3841A$\^function\_.L:1#issueCommand(&lt;function&gt;:124)
	at jdk.nashorn.internal.scripts.Script$Recompilation$44618$3841A$\^function\_.L:1#issueCommand(&lt;function&gt;:124)
	at jdk.nashorn.internal.scripts.Script$Recompilation$44618$3841A$\^function\_.L:1#issueCommand(&lt;function&gt;:124)
	at jdk.nashorn.internal.scripts.Script$Recompilation$44618$3841A$\^function\_.L:1#issueCommand(&lt;function&gt;:124)
	at jdk.nashorn.internal.scripts.Script$Recompilation$44618$3841A$\^function\_.L:1#issueCommand(&lt;function&gt;:124)
	at jdk.nashorn.internal.scripts.Script$Recompilation$44618$3841A$\^function\_.L:1#issueCommand(&lt;function&gt;:124)
	at jdk.nashorn.internal.scripts.Script$Recompilation$44618$3841A$\^function\_.L:1#issueCommand(&lt;function&gt;:124)
	at jdk.nashorn.internal.scripts.Script$Recompilation$44618$3841A$\^function\_.L:1#issueCommand(&lt;function&gt;:124)
	at jdk.nashorn.internal.scripts.Script$Recompilation$44618$3841A$\^function\_.L:1#issueCommand(&lt;function&gt;:124)
	at jdk.nashorn.internal.scripts.Script$Recompilation$44618$3841A$\^function\_.L:1#issueCommand(&lt;function&gt;:124)
	at jdk.nashorn.internal.scripts.Script$Recompilation$44618$3841A$\^function\_.L:1#issueCommand(&lt;function&gt;:124)
	at jdk.nashorn.internal.scripts.Script$Recompilation$44618$3841A$\^function\_.L:1#issueCommand(&lt;function&gt;:124)
	at jdk.nashorn.internal.scripts.Script$Recompilation$44618$3841A$\^function\_.L:1#issueCommand(&lt;function&gt;:124)
	at jdk.nashorn.internal.scripts.Script$Recompilation$44618$3841A$\^function\_.L:1#issueCommand(&lt;function&gt;:124)
	at jdk.nashorn.internal.scripts.Script$Recompilation$44618$3841A$\^function\_.L:1#issueCommand(&lt;function&gt;:124)
	at jdk.nashorn.internal.scripts.Script$Recompilation$44618$3841A$\^function\_.L:1#issueCommand(&lt;function&gt;:124)
	at jdk.nashorn.internal.scripts.Script$Recompilation$44618$3841A$\^function\_.L:1#issueCommand(&lt;function&gt;:124)
	at jdk.nashorn.internal.scripts.Script$Recompilation$44618$3841A$\^function\_.L:1#issueCommand(&lt;function&gt;:124)
	at jdk.nashorn.internal.scripts.Script$Recompilation$44618$3841A$\^function\_.L:1#issueCommand(&lt;function&gt;:124)
	at jdk.nashorn.internal.scripts.Script$Recompilation$44618$3841A$\^function\_.L:1#issueCommand(&lt;function&gt;:124)
	at jdk.nashorn.internal.scripts.Script$Recompilation$44618$3841A$\^function\_.L:1#issueCommand(&lt;function&gt;:124)
	at jdk.nashorn.internal.scripts.Script$Recompilation$44618$3841A$\^function\_.L:1#issueCommand(&lt;function&gt;:124)
	at jdk.nashorn.internal.scripts.Script$Recompilation$44618$3841A$\^function\_.L:1#issueCommand(&lt;function&gt;:124)
	at jdk.nashorn.internal.scripts.Script$Recompilation$44618$3841A$\^function\_.L:1#issueCommand(&lt;function&gt;:124)
	at jdk.nashorn.internal.scripts.Script$Recompilation$44618$3841A$\^function\_.L:1#issueCommand(&lt;function&gt;:124)
	at jdk.nashorn.internal.scripts.Script$Recompilation$44618$3841A$\^function\_.L:1#issueCommand(&lt;function&gt;:124)
	at jdk.nashorn.internal.scripts.Script$Recompilation$44618$3841A$\^function\_.L:1#issueCommand(&lt;function&gt;:124)
	at jdk.nashorn.internal.scripts.Script$Recompilation$44618$3841A$\^function\_.L:1#issueCommand(&lt;function&gt;:124)
	at jdk.nashorn.internal.scripts.Script$Recompilation$44618$3841A$\^function\_.L:1#issueCommand(&lt;function&gt;:124)
	at jdk.nashorn.internal.scripts.Script$Recompilation$44618$3841A$\^function\_.L:1#issueCommand(&lt;function&gt;:124)
	at jdk.nashorn.internal.scripts.Script$Recompilation$44618$3841A$\^function\_.L:1#issueCommand(&lt;function&gt;:124)
	at jdk.nashorn.internal.scripts.Script$Recompilation$44618$3841A$\^function\_.L:1#issueCommand(&lt;function&gt;:124)
	at jdk.nashorn.internal.scripts.Script$Recompilation$44618$3841A$\^function\_.L:1#issueCommand(&lt;function&gt;:124)
 in /home/travis/build/icyphy/ptII/ptolemy/actor/lib/jjs/external/require.js#409:30&lt;eval&gt; at line number 1736 at column number 24
  in .SemanticYelpSensorUpdateExample.SemanticYelpSearch
Because:
Error: commonHost.js, react(), invoking a specific handler for &quot;trigger&quot;: Exception occurred in input handler for accessor SemanticYelpSearch, which has now has been removed.  Exception was: java.lang.StackOverflowError Stacktrace was: 
java.lang.StackOverflowError
	at jdk.nashorn.internal.runtime.AccessorProperty.getObjectValue(AccessorProperty.java:417)
	at jdk.nashorn.internal.runtime.FindProperty.getObjectValue(FindProperty.java:229)
	at jdk.nashorn.internal.runtime.ScriptObject.get(ScriptObject.java:2860)
	at jdk.nashorn.internal.runtime.ScriptObject.get(ScriptObject.java:2877)
	at jdk.nashorn.internal.scripts.Script$Recompilation$44872$56054A$require.L:1#get(/home/travis/build/icyphy/ptII/ptolemy/actor/lib/jjs/external/require.js#409:30&lt;eval&gt;:1245)
	at jdk.nashorn.internal.scripts.Script$Recompilation$44618$3841A$\^function\_.L:1#issueCommand(&lt;function&gt;:116)
	at jdk.nashorn.internal.scripts.Script$Recompilation$44618$3841A$\^function\_.L:1#issueCommand(&lt;function&gt;:124)
	at jdk.nashorn.internal.scripts.Script$Recompilation$44618$3841A$\^function\_.L:1#issueCommand(&lt;function&gt;:124)
	at jdk.nashorn.internal.scripts.Script$Recompilation$44618$3841A$\^function\_.L:1#issueCommand(&lt;function&gt;:124)
	at jdk.nashorn.internal.scripts.Script$Recompilation$44618$3841A$\^function\_.L:1#issueCommand(&lt;function&gt;:124)
	at jdk.nashorn.internal.scripts.Script$Recompilation$44618$3841A$\^function\_.L:1#issueCommand(&lt;function&gt;:124)
	at jdk.nashorn.internal.scripts.Script$Recompilation$44618$3841A$\^function\_.L:1#issueCommand(&lt;function&gt;:124)
	at jdk.nashorn.internal.scripts.Script$Recompilation$44618$3841A$\^function\_.L:1#issueCommand(&lt;function&gt;:124)
	at jdk.nashorn.internal.scripts.Script$Recompilation$44618$3841A$\^function\_.L:1#issueCommand(&lt;function&gt;:124)
	at jdk.nashorn.internal.scripts.Script$Recompilation$44618$3841A$\^function\_.L:1#issueCommand(&lt;function&gt;:124)
	at jdk.nashorn.internal.scripts.Script$Recompilation$44618$3841A$\^function\_.L:1#issueCommand(&lt;function&gt;:124)
	at jdk.nashorn.internal.scripts.Script$Recompilation$44618$3841A$\^function\_.L:1#issueCommand(&lt;function&gt;:124)
	at jdk.nashorn.internal.scripts.Script$Recompilation$44618$3841A$\^function\_.L:1#issueCommand(&lt;function&gt;:124)
	at jdk.nashorn.internal.scripts.Script$Recompilation$44618$3841A$\^function\_.L:1#issueCommand(&lt;function&gt;:124)
	at jdk.nashorn.internal.scripts.Script$Recompilation$44618$3841A$\^function\_.L:1#issueCommand(&lt;function&gt;:124)
	at jdk.nashorn.internal.scripts.Script$Recompilation$44618$3841A$\^function\_.L:1#issueCommand(&lt;function&gt;:124)
	at jdk.nashorn.internal.scripts.Script$Recompilation$44618$3841A$\^function\_.L:1#issueCommand(&lt;function&gt;:124)
	at jdk.nashorn.internal.scripts.Script$Recompilation$44618$3841A$\^function\_.L:1#issueCommand(&lt;function&gt;:124)
	at jdk.nashorn.internal.scripts.Script$Recompilation$44618$3841A$\^function\_.L:1#issueCommand(&lt;function&gt;:124)
	at jdk.nashorn.internal.scripts.Script$Recompilation$44618$3841A$\^function\_.L:1#issueCommand(&lt;function&gt;:124)
	at jdk.nashorn.internal.scripts.Script$Recompilation$44618$3841A$\^function\_.L:1#issueCommand(&lt;function&gt;:124)
	at jdk.nashorn.internal.scripts.Script$Recompilation$44618$3841A$\^function\_.L:1#issueCommand(&lt;function&gt;:124)
	at jdk.nashorn.internal.scripts.Script$Recompilation$44618$3841A$\^function\_.L:1#issueCommand(&lt;function&gt;:124)
	at jdk.nashorn.internal.scripts.Script$Recompilation$44618$3841A$\^function\_.L:1#issueCommand(&lt;function&gt;:124)
	at jdk.nashorn.internal.scripts.Script$Recompilation$44618$3841A$\^function\_.L:1#issueCommand(&lt;function&gt;:124)
	at jdk.nashorn.internal.scripts.Script$Recompilation$44618$3841A$\^function\_.L:1#issueCommand(&lt;function&gt;:124)
	at jdk.nashorn.internal.scripts.Script$Recompilation$44618$3841A$\^function\_.L:1#issueCommand(&lt;function&gt;:124)
	at jdk.nashorn.internal.scripts.Script$Recompilation$44618$3841A$\^function\_.L:1#issueCommand(&lt;function&gt;:124)
	at jdk.nashorn.internal.scripts.Script$Recompilation$44618$3841A$\^function\_.L:1#issueCommand(&lt;function&gt;:124)
	at jdk.nashorn.internal.scripts.Script$Recompilation$44618$3841A$\^function\_.L:1#issueCommand(&lt;function&gt;:124)
	at jdk.nashorn.internal.scripts.Script$Recompilation$44618$3841A$\^function\_.L:1#issueCommand(&lt;function&gt;:124)
	at jdk.nashorn.internal.scripts.Script$Recompilation$44618$3841A$\^function\_.L:1#issueCommand(&lt;function&gt;:124)
	at jdk.nashorn.internal.scripts.Script$Recompilation$44618$3841A$\^function\_.L:1#issueCommand(&lt;function&gt;:124)
	at jdk.nashorn.internal.scripts.Script$Recompilation$44618$3841A$\^function\_.L:1#issueCommand(&lt;function&gt;:124)
	at jdk.nashorn.internal.scripts.Script$Recompilation$44618$3841A$\^function\_.L:1#issueCommand(&lt;function&gt;:124)
	at jdk.nashorn.internal.scripts.Script$Recompilation$44618$3841A$\^function\_.L:1#issueCommand(&lt;function&gt;:124)
	at jdk.nashorn.internal.scripts.Script$Recompilation$44618$3841A$\^function\_.L:1#issueCommand(&lt;function&gt;:124)
	at jdk.nashorn.internal.scripts.Script$Recompilation$44618$3841A$\^function\_.L:1#issueCommand(&lt;function&gt;:124)
	at jdk.nashorn.internal.scripts.Script$Recompilation$44618$3841A$\^function\_.L:1#issueCommand(&lt;function&gt;:124)
	at jdk.nashorn.internal.scripts.Script$Recompilation$44618$3841A$\^function\_.L:1#issueCommand(&lt;function&gt;:124)
	at jdk.nashorn.internal.scripts.Script$Recompilation$44618$3841A$\^function\_.L:1#issueCommand(&lt;function&gt;:124)
	at jdk.nashorn.internal.scripts.Script$Recompilation$44618$3841A$\^function\_.L:1#issueCommand(&lt;function&gt;:124)
	at jdk.nashorn.internal.scripts.Script$Recompilation$44618$3841A$\^function\_.L:1#issueCommand(&lt;function&gt;:124)
	at jdk.nashorn.internal.scripts.Script$Recompilation$44618$3841A$\^function\_.L:1#issueCommand(&lt;function&gt;:124)
	at jdk.nashorn.internal.scripts.Script$Recompilation$44618$3841A$\^function\_.L:1#issueCommand(&lt;function&gt;:124)
	at jdk.nashorn.internal.scripts.Script$Recompilation$44618$3841A$\^function\_.L:1#issueCommand(&lt;function&gt;:124)
	at jdk.nashorn.internal.scripts.Script$Recompilation$44618$3841A$\^function\_.L:1#issueCommand(&lt;function&gt;:124)
	at jdk.nashorn.internal.scripts.Script$Recompilation$44618$3841A$\^function\_.L:1#issueCommand(&lt;function&gt;:124)
	at jdk.nashorn.internal.scripts.Script$Recompilation$44618$3841A$\^function\_.L:1#issueCommand(&lt;function&gt;:124)
	at jdk.nashorn.internal.scripts.Script$Recompilation$44618$3841A$\^function\_.L:1#issueCommand(&lt;function&gt;:124)
	at jdk.nashorn.internal.scripts.Script$Recompilation$44618$3841A$\^function\_.L:1#issueCommand(&lt;function&gt;:124)
	at jdk.nashorn.internal.scripts.Script$Recompilation$44618$3841A$\^function\_.L:1#issueCommand(&lt;function&gt;:124)
	at jdk.nashorn.internal.scripts.Script$Recompilation$44618$3841A$\^function\_.L:1#issueCommand(&lt;function&gt;:124)
	at jdk.nashorn.internal.scripts.Script$Recompilation$44618$3841A$\^function\_.L:1#issueCommand(&lt;function&gt;:124)
	at jdk.nashorn.internal.scripts.Script$Recompilation$44618$3841A$\^function\_.L:1#issueCommand(&lt;function&gt;:124)
	at jdk.nashorn.internal.scripts.Script$Recompilation$44618$3841A$\^function\_.L:1#issueCommand(&lt;function&gt;:124)
	at jdk.nashorn.internal.scripts.Script$Recompilation$44618$3841A$\^function\_.L:1#issueCommand(&lt;function&gt;:124)
	at jdk.nashorn.internal.scripts.Script$Recompilation$44618$3841A$\^function\_.L:1#issueCommand(&lt;function&gt;:124)
	at jdk.nashorn.internal.scripts.Script$Recompilation$44618$3841A$\^function\_.L:1#issueCommand(&lt;function&gt;:124)
	at jdk.nashorn.internal.scripts.Script$Recompilation$44618$3841A$\^function\_.L:1#issueCommand(&lt;function&gt;:124)
	at jdk.nashorn.internal.scripts.Script$Recompilation$44618$3841A$\^function\_.L:1#issueCommand(&lt;function&gt;:124)
	at jdk.nashorn.internal.scripts.Script$Recompilation$44618$3841A$\^function\_.L:1#issueCommand(&lt;function&gt;:124)
	at jdk.nashorn.internal.scripts.Script$Recompilation$44618$3841A$\^function\_.L:1#issueCommand(&lt;function&gt;:124)
	at jdk.nashorn.internal.scripts.Script$Recompilation$44618$3841A$\^function\_.L:1#issueCommand(&lt;function&gt;:124)
	at jdk.nashorn.internal.scripts.Script$Recompilation$44618$3841A$\^function\_.L:1#issueCommand(&lt;function&gt;:124)
	at jdk.nashorn.internal.scripts.Script$Recompilation$44618$3841A$\^function\_.L:1#issueCommand(&lt;function&gt;:124)
	at jdk.nashorn.internal.scripts.Script$Recompilation$44618$3841A$\^function\_.L:1#issueCommand(&lt;function&gt;:124)
	at jdk.nashorn.internal.scripts.Script$Recompilation$44618$3841A$\^function\_.L:1#issueCommand(&lt;function&gt;:124)
	at jdk.nashorn.internal.scripts.Script$Recompilation$44618$3841A$\^function\_.L:1#issueCommand(&lt;function&gt;:124)
	at jdk.nashorn.internal.scripts.Script$Recompilation$44618$3841A$\^function\_.L:1#issueCommand(&lt;function&gt;:124)
	at jdk.nashorn.internal.scripts.Script$Recompilation$44618$3841A$\^function\_.L:1#issueCommand(&lt;function&gt;:124)
	at jdk.nashorn.internal.scripts.Script$Recompilation$44618$3841A$\^function\_.L:1#issueCommand(&lt;function&gt;:124)
	at jdk.nashorn.internal.scripts.Script$Recompilation$44618$3841A$\^function\_.L:1#issueCommand(&lt;function&gt;:124)
	at jdk.nashorn.internal.scripts.Script$Recompilation$44618$3841A$\^function\_.L:1#issueCommand(&lt;function&gt;:124)
	at jdk.nashorn.internal.scripts.Script$Recompilation$44618$3841A$\^function\_.L:1#issueCommand(&lt;function&gt;:124)
	at jdk.nashorn.internal.scripts.Script$Recompilation$44618$3841A$\^function\_.L:1#issueCommand(&lt;function&gt;:124)
	at jdk.nashorn.internal.scripts.Script$Recompilation$44618$3841A$\^function\_.L:1#issueCommand(&lt;function&gt;:124)
	at jdk.nashorn.internal.scripts.Script$Recompilation$44618$3841A$\^function\_.L:1#issueCommand(&lt;function&gt;:124)
	at jdk.nashorn.internal.scripts.Script$Recompilation$44618$3841A$\^function\_.L:1#issueCommand(&lt;function&gt;:124)
	at jdk.nashorn.internal.scripts.Script$Recompilation$44618$3841A$\^function\_.L:1#issueCommand(&lt;function&gt;:124)
	at jdk.nashorn.internal.scripts.Script$Recompilation$44618$3841A$\^function\_.L:1#issueCommand(&lt;function&gt;:124)
	at jdk.nashorn.internal.scripts.Script$Recompilation$44618$3841A$\^function\_.L:1#issueCommand(&lt;function&gt;:124)
	at jdk.nashorn.internal.scripts.Script$Recompilation$44618$3841A$\^function\_.L:1#issueCommand(&lt;function&gt;:124)
	at jdk.nashorn.internal.scripts.Script$Recompilation$44618$3841A$\^function\_.L:1#issueCommand(&lt;function&gt;:124)
	at jdk.nashorn.internal.scripts.Script$Recompilation$44618$3841A$\^function\_.L:1#issueCommand(&lt;function&gt;:124)
	at jdk.nashorn.internal.scripts.Script$Recompilation$44618$3841A$\^function\_.L:1#issueCommand(&lt;function&gt;:124)
	at jdk.nashorn.internal.scripts.Script$Recompilation$44618$3841A$\^function\_.L:1#issueCommand(&lt;function&gt;:124)
	at jdk.nashorn.internal.scripts.Script$Recompilation$44618$3841A$\^function\_.L:1#issueCommand(&lt;function&gt;:124)
	at jdk.nashorn.internal.scripts.Script$Recompilation$44618$3841A$\^function\_.L:1#issueCommand(&lt;function&gt;:124)
	at jdk.nashorn.internal.scripts.Script$Recompilation$44618$3841A$\^function\_.L:1#issueCommand(&lt;function&gt;:124)
	at jdk.nashorn.internal.scripts.Script$Recompilation$44618$3841A$\^function\_.L:1#issueCommand(&lt;function&gt;:124)
	at jdk.nashorn.internal.scripts.Script$Recompilation$44618$3841A$\^function\_.L:1#issueCommand(&lt;function&gt;:124)
	at jdk.nashorn.internal.scripts.Script$Recompilation$44618$3841A$\^function\_.L:1#issueCommand(&lt;function&gt;:124)
	at jdk.nashorn.internal.scripts.Script$Recompilation$44618$3841A$\^function\_.L:1#issueCommand(&lt;function&gt;:124)
	at jdk.nashorn.internal.scripts.Script$Recompilation$44618$3841A$\^function\_.L:1#issueCommand(&lt;function&gt;:124)
	at jdk.nashorn.internal.scripts.Script$Recompilation$44618$3841A$\^function\_.L:1#issueCommand(&lt;function&gt;:124)
	at jdk.nashorn.internal.scripts.Script$Recompilation$44618$3841A$\^function\_.L:1#issueCommand(&lt;function&gt;:124)
	at jdk.nashorn.internal.scripts.Script$Recompilation$44618$3841A$\^function\_.L:1#issueCommand(&lt;function&gt;:124)
	at jdk.nashorn.internal.scripts.Script$Recompilation$44618$3841A$\^function\_.L:1#issueCommand(&lt;function&gt;:124)
	at jdk.nashorn.internal.scripts.Script$Recompilation$44618$3841A$\^function\_.L:1#issueCommand(&lt;function&gt;:124)
	at jdk.nashorn.internal.scripts.Script$Recompilation$44618$3841A$\^function\_.L:1#issueCommand(&lt;function&gt;:124)
	at jdk.nashorn.internal.scripts.Script$Recompilation$44618$3841A$\^function\_.L:1#issueCommand(&lt;function&gt;:124)
	at jdk.nashorn.internal.scripts.Script$Recompilation$44618$3841A$\^function\_.L:1#issueCommand(&lt;function&gt;:124)
	at jdk.nashorn.internal.scripts.Script$Recompilation$44618$3841A$\^function\_.L:1#issueCommand(&lt;function&gt;:124)
	at jdk.nashorn.internal.scripts.Script$Recompilation$44618$3841A$\^function\_.L:1#issueCommand(&lt;function&gt;:124)
	at jdk.nashorn.internal.scripts.Script$Recompilation$44618$3841A$\^function\_.L:1#issueCommand(&lt;function&gt;:124)
	at jdk.nashorn.internal.scripts.Script$Recompilation$44618$3841A$\^function\_.L:1#issueCommand(&lt;function&gt;:124)
	at jdk.nashorn.internal.scripts.Script$Recompilation$44618$3841A$\^function\_.L:1#issueCommand(&lt;function&gt;:124)
	at jdk.nashorn.internal.scripts.Script$Recompilation$44618$3841A$\^function\_.L:1#issueCommand(&lt;function&gt;:124)
	at jdk.nashorn.internal.scripts.Script$Recompilation$44618$3841A$\^function\_.L:1#issueCommand(&lt;function&gt;:124)
	at jdk.nashorn.internal.scripts.Script$Recompilation$44618$3841A$\^function\_.L:1#issueCommand(&lt;function&gt;:124)
	at jdk.nashorn.internal.scripts.Script$Recompilation$44618$3841A$\^function\_.L:1#issueCommand(&lt;function&gt;:124)
	at jdk.nashorn.internal.scripts.Script$Recompilation$44618$3841A$\^function\_.L:1#issueCommand(&lt;function&gt;:124)
	at jdk.nashorn.internal.scripts.Script$Recompilation$44618$3841A$\^function\_.L:1#issueCommand(&lt;function&gt;:124)
	at jdk.nashorn.internal.scripts.Script$Recompilation$44618$3841A$\^function\_.L:1#issueCommand(&lt;function&gt;:124)
	at jdk.nashorn.internal.scripts.Script$Recompilation$44618$3841A$\^function\_.L:1#issueCommand(&lt;function&gt;:124)
	at jdk.nashorn.internal.scripts.Script$Recompilation$44618$3841A$\^function\_.L:1#issueCommand(&lt;function&gt;:124)
	at jdk.nashorn.internal.scripts.Script$Recompilation$44618$3841A$\^function\_.L:1#issueCommand(&lt;function&gt;:124)
	at jdk.nashorn.internal.scripts.Script$Recompilation$44618$3841A$\^function\_.L:1#issueCommand(&lt;function&gt;:124)
	at jdk.nashorn.internal.scripts.Script$Recompilation$44618$3841A$\^function\_.L:1#issueCommand(&lt;function&gt;:124)
	at jdk.nashorn.internal.scripts.Script$Recompilation$44618$3841A$\^function\_.L:1#issueCommand(&lt;function&gt;:124)
	at jdk.nashorn.internal.scripts.Script$Recompilation$44618$3841A$\^function\_.L:1#issueCommand(&lt;function&gt;:124)
	at jdk.nashorn.internal.scripts.Script$Recompilation$44618$3841A$\^function\_.L:1#issueCommand(&lt;function&gt;:124)
	at jdk.nashorn.internal.scripts.Script$Recompilation$44618$3841A$\^function\_.L:1#issueCommand(&lt;function&gt;:124)
	at jdk.nashorn.internal.scripts.Script$Recompilation$44618$3841A$\^function\_.L:1#issueCommand(&lt;function&gt;:124)
	at jdk.nashorn.internal.scripts.Script$Recompilation$44618$3841A$\^function\_.L:1#issueCommand(&lt;function&gt;:124)
	at jdk.nashorn.internal.scripts.Script$Recompilation$44618$3841A$\^function\_.L:1#issueCommand(&lt;function&gt;:124)
	at jdk.nashorn.internal.scripts.Script$Recompilation$44618$3841A$\^function\_.L:1#issueCommand(&lt;function&gt;:124)
	at jdk.nashorn.internal.scripts.Script$Recompilation$44618$3841A$\^function\_.L:1#issueCommand(&lt;function&gt;:124)
	at jdk.nashorn.internal.scripts.Script$Recompilation$44618$3841A$\^function\_.L:1#issueCommand(&lt;function&gt;:124)
	at jdk.nashorn.internal.scripts.Script$Recompilation$44618$3841A$\^function\_.L:1#issueCommand(&lt;function&gt;:124)
	at jdk.nashorn.internal.scripts.Script$Recompilation$44618$3841A$\^function\_.L:1#issueCommand(&lt;function&gt;:124)
	at jdk.nashorn.internal.scripts.Script$Recompilation$44618$3841A$\^function\_.L:1#issueCommand(&lt;function&gt;:124)
	at jdk.nashorn.internal.scripts.Script$Recompilation$44618$3841A$\^function\_.L:1#issueCommand(&lt;function&gt;:124)
	at jdk.nashorn.internal.scripts.Script$Recompilation$44618$3841A$\^function\_.L:1#issueCommand(&lt;function&gt;:124)
	at jdk.nashorn.internal.scripts.Script$Recompilation$44618$3841A$\^function\_.L:1#issueCommand(&lt;function&gt;:124)
	at jdk.nashorn.internal.scripts.Script$Recompilation$44618$3841A$\^function\_.L:1#issueCommand(&lt;function&gt;:124)
	at jdk.nashorn.internal.scripts.Script$Recompilation$44618$3841A$\^function\_.L:1#issueCommand(&lt;function&gt;:124)
	at jdk.nashorn.internal.scripts.Script$Recompilation$44618$3841A$\^function\_.L:1#issueCommand(&lt;function&gt;:124)
	at jdk.nashorn.internal.scripts.Script$Recompilation$44618$3841A$\^function\_.L:1#issueCommand(&lt;function&gt;:124)
	at jdk.nashorn.internal.scripts.Script$Recompilation$44618$3841A$\^function\_.L:1#issueCommand(&lt;function&gt;:124)
	at jdk.nashorn.internal.scripts.Script$Recompilation$44618$3841A$\^function\_.L:1#issueCommand(&lt;function&gt;:124)
	at jdk.nashorn.internal.scripts.Script$Recompilation$44618$3841A$\^function\_.L:1#issueCommand(&lt;function&gt;:124)
	at jdk.nashorn.internal.scripts.Script$Recompilation$44618$3841A$\^function\_.L:1#issueCommand(&lt;function&gt;:124)
	at jdk.nashorn.internal.scripts.Script$Recompilation$44618$3841A$\^function\_.L:1#issueCommand(&lt;function&gt;:124)
	at jdk.nashorn.internal.scripts.Script$Recompilation$44618$3841A$\^function\_.L:1#issueCommand(&lt;function&gt;:124)
	at jdk.nashorn.internal.scripts.Script$Recompilation$44618$3841A$\^function\_.L:1#issueCommand(&lt;function&gt;:124)
	at jdk.nashorn.internal.scripts.Script$Recompilation$44618$3841A$\^function\_.L:1#issueCommand(&lt;function&gt;:124)
	at jdk.nashorn.internal.scripts.Script$Recompilation$44618$3841A$\^function\_.L:1#issueCommand(&lt;function&gt;:124)
	at jdk.nashorn.internal.scripts.Script$Recompilation$44618$3841A$\^function\_.L:1#issueCommand(&lt;function&gt;:124)
	at jdk.nashorn.internal.scripts.Script$Recompilation$44618$3841A$\^function\_.L:1#issueCommand(&lt;function&gt;:124)
	at jdk.nashorn.internal.scripts.Script$Recompilation$44618$3841A$\^function\_.L:1#issueCommand(&lt;function&gt;:124)
	at jdk.nashorn.internal.scripts.Script$Recompilation$44618$3841A$\^function\_.L:1#issueCommand(&lt;function&gt;:124)
	at jdk.nashorn.internal.scripts.Script$Recompilation$44618$3841A$\^function\_.L:1#issueCommand(&lt;function&gt;:124)
	at jdk.nashorn.internal.scripts.Script$Recompilation$44618$3841A$\^function\_.L:1#issueCommand(&lt;function&gt;:124)
	at jdk.nashorn.internal.scripts.Script$Recompilation$44618$3841A$\^function\_.L:1#issueCommand(&lt;function&gt;:124)
	at jdk.nashorn.internal.scripts.Script$Recompilation$44618$3841A$\^function\_.L:1#issueCommand(&lt;function&gt;:124)
	at jdk.nashorn.internal.scripts.Script$Recompilation$44618$3841A$\^function\_.L:1#issueCommand(&lt;function&gt;:124)
	at jdk.nashorn.internal.scripts.Script$Recompilation$44618$3841A$\^function\_.L:1#issueCommand(&lt;function&gt;:124)
	at jdk.nashorn.internal.scripts.Script$Recompilation$44618$3841A$\^function\_.L:1#issueCommand(&lt;function&gt;:124)
	at jdk.nashorn.internal.scripts.Script$Recompilation$44618$3841A$\^function\_.L:1#issueCommand(&lt;function&gt;:124)
	at jdk.nashorn.internal.scripts.Script$Recompilation$44618$3841A$\^function\_.L:1#issueCommand(&lt;function&gt;:124)
	at jdk.nashorn.internal.scripts.Script$Recompilation$44618$3841A$\^function\_.L:1#issueCommand(&lt;function&gt;:124)
	at jdk.nashorn.internal.scripts.Script$Recompilation$44618$3841A$\^function\_.L:1#issueCommand(&lt;function&gt;:124)
	at jdk.nashorn.internal.scripts.Script$Recompilation$44618$3841A$\^function\_.L:1#issueCommand(&lt;function&gt;:124)
	at jdk.nashorn.internal.scripts.Script$Recompilation$44618$3841A$\^function\_.L:1#issueCommand(&lt;function&gt;:124)
	at jdk.nashorn.internal.scripts.Script$Recompilation$44618$3841A$\^function\_.L:1#issueCommand(&lt;function&gt;:124)
	at jdk.nashorn.internal.scripts.Script$Recompilation$44618$3841A$\^function\_.L:1#issueCommand(&lt;function&gt;:124)
	at jdk.nashorn.internal.scripts.Script$Recompilation$44618$3841A$\^function\_.L:1#issueCommand(&lt;function&gt;:124)
	at jdk.nashorn.internal.scripts.Script$Recompilation$44618$3841A$\^function\_.L:1#issueCommand(&lt;function&gt;:124)
	at jdk.nashorn.internal.scripts.Script$Recompilation$44618$3841A$\^function\_.L:1#issueCommand(&lt;function&gt;:124)
	at jdk.nashorn.internal.scripts.Script$Recompilation$44618$3841A$\^function\_.L:1#issueCommand(&lt;function&gt;:124)
	at jdk.nashorn.internal.scripts.Script$Recompilation$44618$3841A$\^function\_.L:1#issueCommand(&lt;function&gt;:124)
	at jdk.nashorn.internal.scripts.Script$Recompilation$44618$3841A$\^function\_.L:1#issueCommand(&lt;function&gt;:124)
	at jdk.nashorn.internal.scripts.Script$Recompilation$44618$3841A$\^function\_.L:1#issueCommand(&lt;function&gt;:124)
	at jdk.nashorn.internal.scripts.Script$Recompilation$44618$3841A$\^function\_.L:1#issueCommand(&lt;function&gt;:124)
	at jdk.nashorn.internal.scripts.Script$Recompilation$44618$3841A$\^function\_.L:1#issueCommand(&lt;function&gt;:124)
	at jdk.nashorn.internal.scripts.Script$Recompilation$44618$3841A$\^function\_.L:1#issueCommand(&lt;function&gt;:124)
	at jdk.nashorn.internal.scripts.Script$Recompilation$44618$3841A$\^function\_.L:1#issueCommand(&lt;function&gt;:124)
	at jdk.nashorn.internal.scripts.Script$Recompilation$44618$3841A$\^function\_.L:1#issueCommand(&lt;function&gt;:124)
	at jdk.nashorn.internal.scripts.Script$Recompilation$44618$3841A$\^function\_.L:1#issueCommand(&lt;function&gt;:124)
	at jdk.nashorn.internal.scripts.Script$Recompilation$44618$3841A$\^function\_.L:1#issueCommand(&lt;function&gt;:124)
	at jdk.nashorn.internal.scripts.Script$Recompilation$44618$3841A$\^function\_.L:1#issueCommand(&lt;function&gt;:124)
	at jdk.nashorn.internal.scripts.Script$Recompilation$44618$3841A$\^function\_.L:1#issueCommand(&lt;function&gt;:124)
	at jdk.nashorn.internal.scripts.Script$Recompilation$44618$3841A$\^function\_.L:1#issueCommand(&lt;function&gt;:124)
	at jdk.nashorn.internal.scripts.Script$Recompilation$44618$3841A$\^function\_.L:1#issueCommand(&lt;function&gt;:124)
	at jdk.nashorn.internal.scripts.Script$Recompilation$44618$3841A$\^function\_.L:1#issueCommand(&lt;function&gt;:124)
	at jdk.nashorn.internal.scripts.Script$Recompilation$44618$3841A$\^function\_.L:1#issueCommand(&lt;function&gt;:124)
	at jdk.nashorn.internal.scripts.Script$Recompilation$44618$3841A$\^function\_.L:1#issueCommand(&lt;function&gt;:124)
	at jdk.nashorn.internal.scripts.Script$Recompilation$44618$3841A$\^function\_.L:1#issueCommand(&lt;function&gt;:124)
	at jdk.nashorn.internal.scripts.Script$Recompilation$44618$3841A$\^function\_.L:1#issueCommand(&lt;function&gt;:124)
	at jdk.nashorn.internal.scripts.Script$Recompilation$44618$3841A$\^function\_.L:1#issueCommand(&lt;function&gt;:124)
	at jdk.nashorn.internal.scripts.Script$Recompilation$44618$3841A$\^function\_.L:1#issueCommand(&lt;function&gt;:124)
	at jdk.nashorn.internal.scripts.Script$Recompilation$44618$3841A$\^function\_.L:1#issueCommand(&lt;function&gt;:124)
	at jdk.nashorn.internal.scripts.Script$Recompilation$44618$3841A$\^function\_.L:1#issueCommand(&lt;function&gt;:124)
	at jdk.nashorn.internal.scripts.Script$Recompilation$44618$3841A$\^function\_.L:1#issueCommand(&lt;function&gt;:124)
	at jdk.nashorn.internal.scripts.Script$Recompilation$44618$3841A$\^function\_.L:1#issueCommand(&lt;function&gt;:124)
	at jdk.nashorn.internal.scripts.Script$Recompilation$44618$3841A$\^function\_.L:1#issueCommand(&lt;function&gt;:124)
	at jdk.nashorn.internal.scripts.Script$Recompilation$44618$3841A$\^function\_.L:1#issueCommand(&lt;function&gt;:124)
	at jdk.nashorn.internal.scripts.Script$Recompilation$44618$3841A$\^function\_.L:1#issueCommand(&lt;function&gt;:124)
	at jdk.nashorn.internal.scripts.Script$Recompilation$44618$3841A$\^function\_.L:1#issueCommand(&lt;function&gt;:124)
	at jdk.nashorn.internal.scripts.Script$Recompilation$44618$3841A$\^function\_.L:1#issueCommand(&lt;function&gt;:124)
	at jdk.nashorn.internal.scripts.Script$Recompilation$44618$3841A$\^function\_.L:1#issueCommand(&lt;function&gt;:124)
	at jdk.nashorn.internal.scripts.Script$Recompilation$44618$3841A$\^function\_.L:1#issueCommand(&lt;function&gt;:124)
	at jdk.nashorn.internal.scripts.Script$Recompilation$44618$3841A$\^function\_.L:1#issueCommand(&lt;function&gt;:124)
	at jdk.nashorn.internal.scripts.Script$Recompilation$44618$3841A$\^function\_.L:1#issueCommand(&lt;function&gt;:124)
	at jdk.nashorn.internal.scripts.Script$Recompilation$44618$3841A$\^function\_.L:1#issueCommand(&lt;function&gt;:124)
	at jdk.nashorn.internal.scripts.Script$Recompilation$44618$3841A$\^function\_.L:1#issueCommand(&lt;function&gt;:124)
	at jdk.nashorn.internal.scripts.Script$Recompilation$44618$3841A$\^function\_.L:1#issueCommand(&lt;function&gt;:124)
	at jdk.nashorn.internal.scripts.Script$Recompilation$44618$3841A$\^function\_.L:1#issueCommand(&lt;function&gt;:124)
	at jdk.nashorn.internal.scripts.Script$Recompilation$44618$3841A$\^function\_.L:1#issueCommand(&lt;function&gt;:124)
	at jdk.nashorn.internal.scripts.Script$Recompilation$44618$3841A$\^function\_.L:1#issueCommand(&lt;function&gt;:124)
	at jdk.nashorn.internal.scripts.Script$Recompilation$44618$3841A$\^function\_.L:1#issueCommand(&lt;function&gt;:124)
	at jdk.nashorn.internal.scripts.Script$Recompilation$44618$3841A$\^function\_.L:1#issueCommand(&lt;function&gt;:124)
	at jdk.nashorn.internal.scripts.Script$Recompilation$44618$3841A$\^function\_.L:1#issueCommand(&lt;function&gt;:124)
	at jdk.nashorn.internal.scripts.Script$Recompilation$44618$3841A$\^function\_.L:1#issueCommand(&lt;function&gt;:124)
	at jdk.nashorn.internal.scripts.Script$Recompilation$44618$3841A$\^function\_.L:1#issueCommand(&lt;function&gt;:124)
	at jdk.nashorn.internal.scripts.Script$Recompilation$44618$3841A$\^function\_.L:1#issueCommand(&lt;function&gt;:124)
	at jdk.nashorn.internal.scripts.Script$Recompilation$44618$3841A$\^function\_.L:1#issueCommand(&lt;function&gt;:124)
	at jdk.nashorn.internal.scripts.Script$Recompilation$44618$3841A$\^function\_.L:1#issueCommand(&lt;function&gt;:124)
	at jdk.nashorn.internal.scripts.Script$Recompilation$44618$3841A$\^function\_.L:1#issueCommand(&lt;function&gt;:124)
	at jdk.nashorn.internal.scripts.Script$Recompilation$44618$3841A$\^function\_.L:1#issueCommand(&lt;function&gt;:124)
	at jdk.nashorn.internal.scripts.Script$Recompilation$44618$3841A$\^function\_.L:1#issueCommand(&lt;function&gt;:124)
	at jdk.nashorn.internal.scripts.Script$Recompilation$44618$3841A$\^function\_.L:1#issueCommand(&lt;function&gt;:124)
	at jdk.nashorn.internal.scripts.Script$Recompilation$44618$3841A$\^function\_.L:1#issueCommand(&lt;function&gt;:124)
	at jdk.nashorn.internal.scripts.Script$Recompilation$44618$3841A$\^function\_.L:1#issueCommand(&lt;function&gt;:124)
	at jdk.nashorn.internal.scripts.Script$Recompilation$44618$3841A$\^function\_.L:1#issueCommand(&lt;function&gt;:124)
	at jdk.nashorn.internal.scripts.Script$Recompilation$44618$3841A$\^function\_.L:1#issueCommand(&lt;function&gt;:124)
	at jdk.nashorn.internal.scripts.Script$Recompilation$44618$3841A$\^function\_.L:1#issueCommand(&lt;function&gt;:124)
	at jdk.nashorn.internal.scripts.Script$Recompilation$44618$3841A$\^function\_.L:1#issueCommand(&lt;function&gt;:124)
	at jdk.nashorn.internal.scripts.Script$Recompilation$44618$3841A$\^function\_.L:1#issueCommand(&lt;function&gt;:124)
	at jdk.nashorn.internal.scripts.Script$Recompilation$44618$3841A$\^function\_.L:1#issueCommand(&lt;function&gt;:124)
	at jdk.nashorn.internal.scripts.Script$Recompilation$44618$3841A$\^function\_.L:1#issueCommand(&lt;function&gt;:124)
	at jdk.nashorn.internal.scripts.Script$Recompilation$44618$3841A$\^function\_.L:1#issueCommand(&lt;function&gt;:124)
	at jdk.nashorn.internal.scripts.Script$Recompilation$44618$3841A$\^function\_.L:1#issueCommand(&lt;function&gt;:124)
	at jdk.nashorn.internal.scripts.Script$Recompilation$44618$3841A$\^function\_.L:1#issueCommand(&lt;function&gt;:124)
	at jdk.nashorn.internal.scripts.Script$Recompilation$44618$3841A$\^function\_.L:1#issueCommand(&lt;function&gt;:124)
	at jdk.nashorn.internal.scripts.Script$Recompilation$44618$3841A$\^function\_.L:1#issueCommand(&lt;function&gt;:124)
	at jdk.nashorn.internal.scripts.Script$Recompilation$44618$3841A$\^function\_.L:1#issueCommand(&lt;function&gt;:124)
	at jdk.nashorn.internal.scripts.Script$Recompilation$44618$3841A$\^function\_.L:1#issueCommand(&lt;function&gt;:124)
	at jdk.nashorn.internal.scripts.Script$Recompilation$44618$3841A$\^function\_.L:1#issueCommand(&lt;function&gt;:124)
	at jdk.nashorn.internal.scripts.Script$Recompilation$44618$3841A$\^function\_.L:1#issueCommand(&lt;function&gt;:124)
	at jdk.nashorn.internal.scripts.Script$Recompilation$44618$3841A$\^function\_.L:1#issueCommand(&lt;function&gt;:124)
	at jdk.nashorn.internal.scripts.Script$Recompilation$44618$3841A$\^function\_.L:1#issueCommand(&lt;function&gt;:124)
	at jdk.nashorn.internal.scripts.Script$Recompilation$44618$3841A$\^function\_.L:1#issueCommand(&lt;function&gt;:124)
	at jdk.nashorn.internal.scripts.Script$Recompilation$44618$3841A$\^function\_.L:1#issueCommand(&lt;function&gt;:124)
	at jdk.nashorn.internal.scripts.Script$Recompilation$44618$3841A$\^function\_.L:1#issueCommand(&lt;function&gt;:124)
	at jdk.nashorn.internal.scripts.Script$Recompilation$44618$3841A$\^function\_.L:1#issueCommand(&lt;function&gt;:124)
	at jdk.nashorn.internal.scripts.Script$Recompilation$44618$3841A$\^function\_.L:1#issueCommand(&lt;function&gt;:124)
	at jdk.nashorn.internal.scripts.Script$Recompilation$44618$3841A$\^function\_.L:1#issueCommand(&lt;function&gt;:124)
	at jdk.nashorn.internal.scripts.Script$Recompilation$44618$3841A$\^function\_.L:1#issueCommand(&lt;function&gt;:124)
	at jdk.nashorn.internal.scripts.Script$Recompilation$44618$3841A$\^function\_.L:1#issueCommand(&lt;function&gt;:124)
	at jdk.nashorn.internal.scripts.Script$Recompilation$44618$3841A$\^function\_.L:1#issueCommand(&lt;function&gt;:124)
	at jdk.nashorn.internal.scripts.Script$Recompilation$44618$3841A$\^function\_.L:1#issueCommand(&lt;function&gt;:124)
	at jdk.nashorn.internal.scripts.Script$Recompilation$44618$3841A$\^function\_.L:1#issueCommand(&lt;function&gt;:124)
	at jdk.nashorn.internal.scripts.Script$Recompilation$44618$3841A$\^function\_.L:1#issueCommand(&lt;function&gt;:124)
	at jdk.nashorn.internal.scripts.Script$Recompilation$44618$3841A$\^function\_.L:1#issueCommand(&lt;function&gt;:124)
	at jdk.nashorn.internal.scripts.Script$Recompilation$44618$3841A$\^function\_.L:1#issueCommand(&lt;function&gt;:124)
	at jdk.nashorn.internal.scripts.Script$Recompilation$44618$3841A$\^function\_.L:1#issueCommand(&lt;function&gt;:124)
	at jdk.nashorn.internal.scripts.Script$Recompilation$44618$3841A$\^function\_.L:1#issueCommand(&lt;function&gt;:124)
	at jdk.nashorn.internal.scripts.Script$Recompilation$44618$3841A$\^function\_.L:1#issueCommand(&lt;function&gt;:124)
	at jdk.nashorn.internal.scripts.Script$Recompilation$44618$3841A$\^function\_.L:1#issueCommand(&lt;function&gt;:124)
	at jdk.nashorn.internal.scripts.Script$Recompilation$44618$3841A$\^function\_.L:1#issueCommand(&lt;function&gt;:124)
	at jdk.nashorn.internal.scripts.Script$Recompilation$44618$3841A$\^function\_.L:1#issueCommand(&lt;function&gt;:124)
	at jdk.nashorn.internal.scripts.Script$Recompilation$44618$3841A$\^function\_.L:1#issueCommand(&lt;function&gt;:124)
	at jdk.nashorn.internal.scripts.Script$Recompilation$44618$3841A$\^function\_.L:1#issueCommand(&lt;function&gt;:124)
	at jdk.nashorn.internal.scripts.Script$Recompilation$44618$3841A$\^function\_.L:1#issueCommand(&lt;function&gt;:124)
	at jdk.nashorn.internal.scripts.Script$Recompilation$44618$3841A$\^function\_.L:1#issueCommand(&lt;function&gt;:124)
	at jdk.nashorn.internal.scripts.Script$Recompilation$44618$3841A$\^function\_.L:1#issueCommand(&lt;function&gt;:124)
	at jdk.nashorn.internal.scripts.Script$Recompilation$44618$3841A$\^function\_.L:1#issueCommand(&lt;function&gt;:124)
	at jdk.nashorn.internal.scripts.Script$Recompilation$44618$3841A$\^function\_.L:1#issueCommand(&lt;function&gt;:124)
	at jdk.nashorn.internal.scripts.Script$Recompilation$44618$3841A$\^function\_.L:1#issueCommand(&lt;function&gt;:124)
	at jdk.nashorn.internal.scripts.Script$Recompilation$44618$3841A$\^function\_.L:1#issueCommand(&lt;function&gt;:124)
	at jdk.nashorn.internal.scripts.Script$Recompilation$44618$3841A$\^function\_.L:1#issueCommand(&lt;function&gt;:124)
	at jdk.nashorn.internal.scripts.Script$Recompilation$44618$3841A$\^function\_.L:1#issueCommand(&lt;function&gt;:124)
	at jdk.nashorn.internal.scripts.Script$Recompilation$44618$3841A$\^function\_.L:1#issueCommand(&lt;function&gt;:124)
	at jdk.nashorn.internal.scripts.Script$Recompilation$44618$3841A$\^function\_.L:1#issueCommand(&lt;function&gt;:124)
	at jdk.nashorn.internal.scripts.Script$Recompilation$44618$3841A$\^function\_.L:1#issueCommand(&lt;function&gt;:124)
	at jdk.nashorn.internal.scripts.Script$Recompilation$44618$3841A$\^function\_.L:1#issueCommand(&lt;function&gt;:124)
	at jdk.nashorn.internal.scripts.Script$Recompilation$44618$3841A$\^function\_.L:1#issueCommand(&lt;function&gt;:124)
	at jdk.nashorn.internal.scripts.Script$Recompilation$44618$3841A$\^function\_.L:1#issueCommand(&lt;function&gt;:124)
	at jdk.nashorn.internal.scripts.Script$Recompilation$44618$3841A$\^function\_.L:1#issueCommand(&lt;function&gt;:124)
	at jdk.nashorn.internal.scripts.Script$Recompilation$44618$3841A$\^function\_.L:1#issueCommand(&lt;function&gt;:124)
	at jdk.nashorn.internal.scripts.Script$Recompilation$44618$3841A$\^function\_.L:1#issueCommand(&lt;function&gt;:124)
	at jdk.nashorn.internal.scripts.Script$Recompilation$44618$3841A$\^function\_.L:1#issueCommand(&lt;function&gt;:124)
	at jdk.nashorn.internal.scripts.Script$Recompilation$44618$3841A$\^function\_.L:1#issueCommand(&lt;function&gt;:124)
	at jdk.nashorn.internal.scripts.Script$Recompilation$44618$3841A$\^function\_.L:1#issueCommand(&lt;function&gt;:124)
	at jdk.nashorn.internal.scripts.Script$Recompilation$44618$3841A$\^function\_.L:1#issueCommand(&lt;function&gt;:124)
	at jdk.nashorn.internal.scripts.Script$Recompilation$44618$3841A$\^function\_.L:1#issueCommand(&lt;function&gt;:124)
	at jdk.nashorn.internal.scripts.Script$Recompilation$44618$3841A$\^function\_.L:1#issueCommand(&lt;function&gt;:124)
	at jdk.nashorn.internal.scripts.Script$Recompilation$44618$3841A$\^function\_.L:1#issueCommand(&lt;function&gt;:124)
	at jdk.nashorn.internal.scripts.Script$Recompilation$44618$3841A$\^function\_.L:1#issueCommand(&lt;function&gt;:124)
	at jdk.nashorn.internal.scripts.Script$Recompilation$44618$3841A$\^function\_.L:1#issueCommand(&lt;function&gt;:124)
	at jdk.nashorn.internal.scripts.Script$Recompilation$44618$3841A$\^function\_.L:1#issueCommand(&lt;function&gt;:124)
	at jdk.nashorn.internal.scripts.Script$Recompilation$44618$3841A$\^function\_.L:1#issueCommand(&lt;function&gt;:124)
	at jdk.nashorn.internal.scripts.Script$Recompilation$44618$3841A$\^function\_.L:1#issueCommand(&lt;function&gt;:124)
	at jdk.nashorn.internal.scripts.Script$Recompilation$44618$3841A$\^function\_.L:1#issueCommand(&lt;function&gt;:124)
	at jdk.nashorn.internal.scripts.Script$Recompilation$44618$3841A$\^function\_.L:1#issueCommand(&lt;function&gt;:124)
	at jdk.nashorn.internal.scripts.Script$Recompilation$44618$3841A$\^function\_.L:1#issueCommand(&lt;function&gt;:124)
	at jdk.nashorn.internal.scripts.Script$Recompilation$44618$3841A$\^function\_.L:1#issueCommand(&lt;function&gt;:124)
	at jdk.nashorn.internal.scripts.Script$Recompilation$44618$3841A$\^function\_.L:1#issueCommand(&lt;function&gt;:124)
	at jdk.nashorn.internal.scripts.Script$Recompilation$44618$3841A$\^function\_.L:1#issueCommand(&lt;function&gt;:124)
	at jdk.nashorn.internal.scripts.Script$Recompilation$44618$3841A$\^function\_.L:1#issueCommand(&lt;function&gt;:124)
	at jdk.nashorn.internal.scripts.Script$Recompilation$44618$3841A$\^function\_.L:1#issueCommand(&lt;function&gt;:124)
	at jdk.nashorn.internal.scripts.Script$Recompilation$44618$3841A$\^function\_.L:1#issueCommand(&lt;function&gt;:124)
	at jdk.nashorn.internal.scripts.Script$Recompilation$44618$3841A$\^function\_.L:1#issueCommand(&lt;function&gt;:124)
	at jdk.nashorn.internal.scripts.Script$Recompilation$44618$3841A$\^function\_.L:1#issueCommand(&lt;function&gt;:124)
	at jdk.nashorn.internal.scripts.Script$Recompilation$44618$3841A$\^function\_.L:1#issueCommand(&lt;function&gt;:124)
	at jdk.nashorn.internal.scripts.Script$Recompilation$44618$3841A$\^function\_.L:1#issueCommand(&lt;function&gt;:124)
	at jdk.nashorn.internal.scripts.Script$Recompilation$44618$3841A$\^function\_.L:1#issueCommand(&lt;function&gt;:124)
	at jdk.nashorn.internal.scripts.Script$Recompilation$44618$3841A$\^function\_.L:1#issueCommand(&lt;function&gt;:124)
	at jdk.nashorn.internal.scripts.Script$Recompilation$44618$3841A$\^function\_.L:1#issueCommand(&lt;function&gt;:124)
	at jdk.nashorn.internal.scripts.Script$Recompilation$44618$3841A$\^function\_.L:1#issueCommand(&lt;function&gt;:124)
	at jdk.nashorn.internal.scripts.Script$Recompilation$44618$3841A$\^function\_.L:1#issueCommand(&lt;function&gt;:124)
	at jdk.nashorn.internal.scripts.Script$Recompilation$44618$3841A$\^function\_.L:1#issueCommand(&lt;function&gt;:124)
	at jdk.nashorn.internal.scripts.Script$Recompilation$44618$3841A$\^function\_.L:1#issueCommand(&lt;function&gt;:124)
	at jdk.nashorn.internal.scripts.Script$Recompilation$44618$3841A$\^function\_.L:1#issueCommand(&lt;function&gt;:124)
	at jdk.nashorn.internal.scripts.Script$Recompilation$44618$3841A$\^function\_.L:1#issueCommand(&lt;function&gt;:124)
	at jdk.nashorn.internal.scripts.Script$Recompilation$44618$3841A$\^function\_.L:1#issueCommand(&lt;function&gt;:124)
	at jdk.nashorn.internal.scripts.Script$Recompilation$44618$3841A$\^function\_.L:1#issueCommand(&lt;function&gt;:124)
	at jdk.nashorn.internal.scripts.Script$Recompilation$44618$3841A$\^function\_.L:1#issueCommand(&lt;function&gt;:124)
	at jdk.nashorn.internal.scripts.Script$Recompilation$44618$3841A$\^function\_.L:1#issueCommand(&lt;function&gt;:124)
	at jdk.nashorn.internal.scripts.Script$Recompilation$44618$3841A$\^function\_.L:1#issueCommand(&lt;function&gt;:124)
	at jdk.nashorn.internal.scripts.Script$Recompilation$44618$3841A$\^function\_.L:1#issueCommand(&lt;function&gt;:124)
	at jdk.nashorn.internal.scripts.Script$Recompilation$44618$3841A$\^function\_.L:1#issueCommand(&lt;function&gt;:124)
	at jdk.nashorn.internal.scripts.Script$Recompilation$44618$3841A$\^function\_.L:1#issueCommand(&lt;function&gt;:124)
	at jdk.nashorn.internal.scripts.Script$Recompilation$44618$3841A$\^function\_.L:1#issueCommand(&lt;function&gt;:124)
	at jdk.nashorn.internal.scripts.Script$Recompilation$44618$3841A$\^function\_.L:1#issueCommand(&lt;function&gt;:124)
	at jdk.nashorn.internal.scripts.Script$Recompilation$44618$3841A$\^function\_.L:1#issueCommand(&lt;function&gt;:124)
	at jdk.nashorn.internal.scripts.Script$Recompilation$44618$3841A$\^function\_.L:1#issueCommand(&lt;function&gt;:124)
	at jdk.nashorn.internal.scripts.Script$Recompilation$44618$3841A$\^function\_.L:1#issueCommand(&lt;function&gt;:124)
	at jdk.nashorn.internal.scripts.Script$Recompilation$44618$3841A$\^function\_.L:1#issueCommand(&lt;function&gt;:124)
	at jdk.nashorn.internal.scripts.Script$Recompilation$44618$3841A$\^function\_.L:1#issueCommand(&lt;function&gt;:124)
	at jdk.nashorn.internal.scripts.Script$Recompilation$44618$3841A$\^function\_.L:1#issueCommand(&lt;function&gt;:124)
	at jdk.nashorn.internal.scripts.Script$Recompilation$44618$3841A$\^function\_.L:1#issueCommand(&lt;function&gt;:124)
	at jdk.nashorn.internal.scripts.Script$Recompilation$44618$3841A$\^function\_.L:1#issueCommand(&lt;function&gt;:124)
	at jdk.nashorn.internal.scripts.Script$Recompilation$44618$3841A$\^function\_.L:1#issueCommand(&lt;function&gt;:124)
	at jdk.nashorn.internal.scripts.Script$Recompilation$44618$3841A$\^function\_.L:1#issueCommand(&lt;function&gt;:124)
	at jdk.nashorn.internal.scripts.Script$Recompilation$44618$3841A$\^function\_.L:1#issueCommand(&lt;function&gt;:124)
	at jdk.nashorn.internal.scripts.Script$Recompilation$44618$3841A$\^function\_.L:1#issueCommand(&lt;function&gt;:124)
	at jdk.nashorn.internal.scripts.Script$Recompilation$44618$3841A$\^function\_.L:1#issueCommand(&lt;function&gt;:124)
	at jdk.nashorn.internal.scripts.Script$Recompilation$44618$3841A$\^function\_.L:1#issueCommand(&lt;function&gt;:124)
	at jdk.nashorn.internal.scripts.Script$Recompilation$44618$3841A$\^function\_.L:1#issueCommand(&lt;function&gt;:124)
	at jdk.nashorn.internal.scripts.Script$Recompilation$44618$3841A$\^function\_.L:1#issueCommand(&lt;function&gt;:124)
	at jdk.nashorn.internal.scripts.Script$Recompilation$44618$3841A$\^function\_.L:1#issueCommand(&lt;function&gt;:124)
	at jdk.nashorn.internal.scripts.Script$Recompilation$44618$3841A$\^function\_.L:1#issueCommand(&lt;function&gt;:124)
	at jdk.nashorn.internal.scripts.Script$Recompilation$44618$3841A$\^function\_.L:1#issueCommand(&lt;function&gt;:124)
	at jdk.nashorn.internal.scripts.Script$Recompilation$44618$3841A$\^function\_.L:1#issueCommand(&lt;function&gt;:124)
	at jdk.nashorn.internal.scripts.Script$Recompilation$44618$3841A$\^function\_.L:1#issueCommand(&lt;function&gt;:124)
	at jdk.nashorn.internal.scripts.Script$Recompilation$44618$3841A$\^function\_.L:1#issueCommand(&lt;function&gt;:124)
	at jdk.nashorn.internal.scripts.Script$Recompilation$44618$3841A$\^function\_.L:1#issueCommand(&lt;function&gt;:124)
	at jdk.nashorn.internal.scripts.Script$Recompilation$44618$3841A$\^function\_.L:1#issueCommand(&lt;function&gt;:124)
	at jdk.nashorn.internal.scripts.Script$Recompilation$44618$3841A$\^function\_.L:1#issueCommand(&lt;function&gt;:124)
	at jdk.nashorn.internal.scripts.Script$Recompilation$44618$3841A$\^function\_.L:1#issueCommand(&lt;function&gt;:124)
	at jdk.nashorn.internal.scripts.Script$Recompilation$44618$3841A$\^function\_.L:1#issueCommand(&lt;function&gt;:124)
	at jdk.nashorn.internal.scripts.Script$Recompilation$44618$3841A$\^function\_.L:1#issueCommand(&lt;function&gt;:124)
	at jdk.nashorn.internal.scripts.Script$Recompilation$44618$3841A$\^function\_.L:1#issueCommand(&lt;function&gt;:124)
	at jdk.nashorn.internal.scripts.Script$Recompilation$44618$3841A$\^function\_.L:1#issueCommand(&lt;function&gt;:124)
	at jdk.nashorn.internal.scripts.Script$Recompilation$44618$3841A$\^function\_.L:1#issueCommand(&lt;function&gt;:124)
	at jdk.nashorn.internal.scripts.Script$Recompilation$44618$3841A$\^function\_.L:1#issueCommand(&lt;function&gt;:124)
	at jdk.nashorn.internal.scripts.Script$Recompilation$44618$3841A$\^function\_.L:1#issueCommand(&lt;function&gt;:124)
	at jdk.nashorn.internal.scripts.Script$Recompilation$44618$3841A$\^function\_.L:1#issueCommand(&lt;function&gt;:124)
	at jdk.nashorn.internal.scripts.Script$Recompilation$44618$3841A$\^function\_.L:1#issueCommand(&lt;function&gt;:124)
	at jdk.nashorn.internal.scripts.Script$Recompilation$44618$3841A$\^function\_.L:1#issueCommand(&lt;function&gt;:124)
	at jdk.nashorn.internal.scripts.Script$Recompilation$44618$3841A$\^function\_.L:1#issueCommand(&lt;function&gt;:124)
	at jdk.nashorn.internal.scripts.Script$Recompilation$44618$3841A$\^function\_.L:1#issueCommand(&lt;function&gt;:124)
	at jdk.nashorn.internal.scripts.Script$Recompilation$44618$3841A$\^function\_.L:1#issueCommand(&lt;function&gt;:124)
	at jdk.nashorn.internal.scripts.Script$Recompilation$44618$3841A$\^function\_.L:1#issueCommand(&lt;function&gt;:124)
	at jdk.nashorn.internal.scripts.Script$Recompilation$44618$3841A$\^function\_.L:1#issueCommand(&lt;function&gt;:124)
	at jdk.nashorn.internal.scripts.Script$Recompilation$44618$3841A$\^function\_.L:1#issueCommand(&lt;function&gt;:124)
	at jdk.nashorn.internal.scripts.Script$Recompilation$44618$3841A$\^function\_.L:1#issueCommand(&lt;function&gt;:124)
	at jdk.nashorn.internal.scripts.Script$Recompilation$44618$3841A$\^function\_.L:1#issueCommand(&lt;function&gt;:124)
	at jdk.nashorn.internal.scripts.Script$Recompilation$44618$3841A$\^function\_.L:1#issueCommand(&lt;function&gt;:124)
	at jdk.nashorn.internal.scripts.Script$Recompilation$44618$3841A$\^function\_.L:1#issueCommand(&lt;function&gt;:124)
	at jdk.nashorn.internal.scripts.Script$Recompilation$44618$3841A$\^function\_.L:1#issueCommand(&lt;function&gt;:124)
	at jdk.nashorn.internal.scripts.Script$Recompilation$44618$3841A$\^function\_.L:1#issueCommand(&lt;function&gt;:124)
	at jdk.nashorn.internal.scripts.Script$Recompilation$44618$3841A$\^function\_.L:1#issueCommand(&lt;function&gt;:124)
	at jdk.nashorn.internal.scripts.Script$Recompilation$44618$3841A$\^function\_.L:1#issueCommand(&lt;function&gt;:124)
	at jdk.nashorn.internal.scripts.Script$Recompilation$44618$3841A$\^function\_.L:1#issueCommand(&lt;function&gt;:124)
	at jdk.nashorn.internal.scripts.Script$Recompilation$44618$3841A$\^function\_.L:1#issueCommand(&lt;function&gt;:124)
	at jdk.nashorn.internal.scripts.Script$Recompilation$44618$3841A$\^function\_.L:1#issueCommand(&lt;function&gt;:124)
	at jdk.nashorn.internal.scripts.Script$Recompilation$44618$3841A$\^function\_.L:1#issueCommand(&lt;function&gt;:124)
	at jdk.nashorn.internal.scripts.Script$Recompilation$44618$3841A$\^function\_.L:1#issueCommand(&lt;function&gt;:124)
	at jdk.nashorn.internal.scripts.Script$Recompilation$44618$3841A$\^function\_.L:1#issueCommand(&lt;function&gt;:124)
	at jdk.nashorn.internal.scripts.Script$Recompilation$44618$3841A$\^function\_.L:1#issueCommand(&lt;function&gt;:124)
	at jdk.nashorn.internal.scripts.Script$Recompilation$44618$3841A$\^function\_.L:1#issueCommand(&lt;function&gt;:124)
	at jdk.nashorn.internal.scripts.Script$Recompilation$44618$3841A$\^function\_.L:1#issueCommand(&lt;function&gt;:124)
	at jdk.nashorn.internal.scripts.Script$Recompilation$44618$3841A$\^function\_.L:1#issueCommand(&lt;function&gt;:124)
	at jdk.nashorn.internal.scripts.Script$Recompilation$44618$3841A$\^function\_.L:1#issueCommand(&lt;function&gt;:124)
	at jdk.nashorn.internal.scripts.Script$Recompilation$44618$3841A$\^function\_.L:1#issueCommand(&lt;function&gt;:124)
	at jdk.nashorn.internal.scripts.Script$Recompilation$44618$3841A$\^function\_.L:1#issueCommand(&lt;function&gt;:124)
	at jdk.nashorn.internal.scripts.Script$Recompilation$44618$3841A$\^function\_.L:1#issueCommand(&lt;function&gt;:124)
	at jdk.nashorn.internal.scripts.Script$Recompilation$44618$3841A$\^function\_.L:1#issueCommand(&lt;function&gt;:124)
	at jdk.nashorn.internal.scripts.Script$Recompilation$44618$3841A$\^function\_.L:1#issueCommand(&lt;function&gt;:124)
	at jdk.nashorn.internal.scripts.Script$Recompilation$44618$3841A$\^function\_.L:1#issueCommand(&lt;function&gt;:124)
	at jdk.nashorn.internal.scripts.Script$Recompilation$44618$3841A$\^function\_.L:1#issueCommand(&lt;function&gt;:124)
	at jdk.nashorn.internal.scripts.Script$Recompilation$44618$3841A$\^function\_.L:1#issueCommand(&lt;function&gt;:124)
	at jdk.nashorn.internal.scripts.Script$Recompilation$44618$3841A$\^function\_.L:1#issueCommand(&lt;function&gt;:124)
	at jdk.nashorn.internal.scripts.Script$Recompilation$44618$3841A$\^function\_.L:1#issueCommand(&lt;function&gt;:124)
	at jdk.nashorn.internal.scripts.Script$Recompilation$44618$3841A$\^function\_.L:1#issueCommand(&lt;function&gt;:124)
	at jdk.nashorn.internal.scripts.Script$Recompilation$44618$3841A$\^function\_.L:1#issueCommand(&lt;function&gt;:124)
	at jdk.nashorn.internal.scripts.Script$Recompilation$44618$3841A$\^function\_.L:1#issueCommand(&lt;function&gt;:124)
	at jdk.nashorn.internal.scripts.Script$Recompilation$44618$3841A$\^function\_.L:1#issueCommand(&lt;function&gt;:124)
	at jdk.nashorn.internal.scripts.Script$Recompilation$44618$3841A$\^function\_.L:1#issueCommand(&lt;function&gt;:124)
	at jdk.nashorn.internal.scripts.Script$Recompilation$44618$3841A$\^function\_.L:1#issueCommand(&lt;function&gt;:124)
	at jdk.nashorn.internal.scripts.Script$Recompilation$44618$3841A$\^function\_.L:1#issueCommand(&lt;function&gt;:124)
	at jdk.nashorn.internal.scripts.Script$Recompilation$44618$3841A$\^function\_.L:1#issueCommand(&lt;function&gt;:124)
	at jdk.nashorn.internal.scripts.Script$Recompilation$44618$3841A$\^function\_.L:1#issueCommand(&lt;function&gt;:124)
	at jdk.nashorn.internal.scripts.Script$Recompilation$44618$3841A$\^function\_.L:1#issueCommand(&lt;function&gt;:124)
	at jdk.nashorn.internal.scripts.Script$Recompilation$44618$3841A$\^function\_.L:1#issueCommand(&lt;function&gt;:124)
	at jdk.nashorn.internal.scripts.Script$Recompilation$44618$3841A$\^function\_.L:1#issueCommand(&lt;function&gt;:124)
	at jdk.nashorn.internal.scripts.Script$Recompilation$44618$3841A$\^function\_.L:1#issueCommand(&lt;function&gt;:124)
	at jdk.nashorn.internal.scripts.Script$Recompilation$44618$3841A$\^function\_.L:1#issueCommand(&lt;function&gt;:124)
	at jdk.nashorn.internal.scripts.Script$Recompilation$44618$3841A$\^function\_.L:1#issueCommand(&lt;function&gt;:124)
	at jdk.nashorn.internal.scripts.Script$Recompilation$44618$3841A$\^function\_.L:1#issueCommand(&lt;function&gt;:124)
	at jdk.nashorn.internal.scripts.Script$Recompilation$44618$3841A$\^function\_.L:1#issueCommand(&lt;function&gt;:124)
	at jdk.nashorn.internal.scripts.Script$Recompilation$44618$3841A$\^function\_.L:1#issueCommand(&lt;function&gt;:124)
	at jdk.nashorn.internal.scripts.Script$Recompilation$44618$3841A$\^function\_.L:1#issueCommand(&lt;function&gt;:124)
	at jdk.nashorn.internal.scripts.Script$Recompilation$44618$3841A$\^function\_.L:1#issueCommand(&lt;function&gt;:124)
	at jdk.nashorn.internal.scripts.Script$Recompilation$44618$3841A$\^function\_.L:1#issueCommand(&lt;function&gt;:124)
	at jdk.nashorn.internal.scripts.Script$Recompilation$44618$3841A$\^function\_.L:1#issueCommand(&lt;function&gt;:124)
	at jdk.nashorn.internal.scripts.Script$Recompilation$44618$3841A$\^function\_.L:1#issueCommand(&lt;function&gt;:124)
	at jdk.nashorn.internal.scripts.Script$Recompilation$44618$3841A$\^function\_.L:1#issueCommand(&lt;function&gt;:124)
	at jdk.nashorn.internal.scripts.Script$Recompilation$44618$3841A$\^function\_.L:1#issueCommand(&lt;function&gt;:124)
	at jdk.nashorn.internal.scripts.Script$Recompilation$44618$3841A$\^function\_.L:1#issueCommand(&lt;function&gt;:124)
	at jdk.nashorn.internal.scripts.Script$Recompilation$44618$3841A$\^function\_.L:1#issueCommand(&lt;function&gt;:124)
	at jdk.nashorn.internal.scripts.Script$Recompilation$44618$3841A$\^function\_.L:1#issueCommand(&lt;function&gt;:124)
	at jdk.nashorn.internal.scripts.Script$Recompilation$44618$3841A$\^function\_.L:1#issueCommand(&lt;function&gt;:124)
	at jdk.nashorn.internal.scripts.Script$Recompilation$44618$3841A$\^function\_.L:1#issueCommand(&lt;function&gt;:124)
	at jdk.nashorn.internal.scripts.Script$Recompilation$44618$3841A$\^function\_.L:1#issueCommand(&lt;function&gt;:124)
	at jdk.nashorn.internal.scripts.Script$Recompilation$44618$3841A$\^function\_.L:1#issueCommand(&lt;function&gt;:124)
	at jdk.nashorn.internal.scripts.Script$Recompilation$44618$3841A$\^function\_.L:1#issueCommand(&lt;function&gt;:124)
	at jdk.nashorn.internal.scripts.Script$Recompilation$44618$3841A$\^function\_.L:1#issueCommand(&lt;function&gt;:124)
	at jdk.nashorn.internal.scripts.Script$Recompilation$44618$3841A$\^function\_.L:1#issueCommand(&lt;function&gt;:124)
	at jdk.nashorn.internal.scripts.Script$Recompilation$44618$3841A$\^function\_.L:1#issueCommand(&lt;function&gt;:124)
	at jdk.nashorn.internal.scripts.Script$Recompilation$44618$3841A$\^function\_.L:1#issueCommand(&lt;function&gt;:124)
	at jdk.nashorn.internal.scripts.Script$Recompilation$44618$3841A$\^function\_.L:1#issueCommand(&lt;function&gt;:124)
	at jdk.nashorn.internal.scripts.Script$Recompilation$44618$3841A$\^function\_.L:1#issueCommand(&lt;function&gt;:124)
	at jdk.nashorn.internal.scripts.Script$Recompilation$44618$3841A$\^function\_.L:1#issueCommand(&lt;function&gt;:124)
	at jdk.nashorn.internal.scripts.Script$Recompilation$44618$3841A$\^function\_.L:1#issueCommand(&lt;function&gt;:124)
	at jdk.nashorn.internal.scripts.Script$Recompilation$44618$3841A$\^function\_.L:1#issueCommand(&lt;function&gt;:124)
	at jdk.nashorn.internal.scripts.Script$Recompilation$44618$3841A$\^function\_.L:1#issueCommand(&lt;function&gt;:124)
	at jdk.nashorn.internal.scripts.Script$Recompilation$44618$3841A$\^function\_.L:1#issueCommand(&lt;function&gt;:124)
	at jdk.nashorn.internal.scripts.Script$Recompilation$44618$3841A$\^function\_.L:1#issueCommand(&lt;function&gt;:124)
	at jdk.nashorn.internal.scripts.Script$Recompilation$44618$3841A$\^function\_.L:1#issueCommand(&lt;function&gt;:124)
	at jdk.nashorn.internal.scripts.Script$Recompilation$44618$3841A$\^function\_.L:1#issueCommand(&lt;function&gt;:124)
	at jdk.nashorn.internal.scripts.Script$Recompilation$44618$3841A$\^function\_.L:1#issueCommand(&lt;function&gt;:124)
	at jdk.nashorn.internal.scripts.Script$Recompilation$44618$3841A$\^function\_.L:1#issueCommand(&lt;function&gt;:124)
	at jdk.nashorn.internal.scripts.Script$Recompilation$44618$3841A$\^function\_.L:1#issueCommand(&lt;function&gt;:124)
	at jdk.nashorn.internal.scripts.Script$Recompilation$44618$3841A$\^function\_.L:1#issueCommand(&lt;function&gt;:124)
	at jdk.nashorn.internal.scripts.Script$Recompilation$44618$3841A$\^function\_.L:1#issueCommand(&lt;function&gt;:124)
	at jdk.nashorn.internal.scripts.Script$Recompilation$44618$3841A$\^function\_.L:1#issueCommand(&lt;function&gt;:124)
	at jdk.nashorn.internal.scripts.Script$Recompilation$44618$3841A$\^function\_.L:1#issueCommand(&lt;function&gt;:124)
	at jdk.nashorn.internal.scripts.Script$Recompilation$44618$3841A$\^function\_.L:1#issueCommand(&lt;function&gt;:124)
	at jdk.nashorn.internal.scripts.Script$Recompilation$44618$3841A$\^function\_.L:1#issueCommand(&lt;function&gt;:124)
	at jdk.nashorn.internal.scripts.Script$Recompilation$44618$3841A$\^function\_.L:1#issueCommand(&lt;function&gt;:124)
	at jdk.nashorn.internal.scripts.Script$Recompilation$44618$3841A$\^function\_.L:1#issueCommand(&lt;function&gt;:124)
	at jdk.nashorn.internal.scripts.Script$Recompilation$44618$3841A$\^function\_.L:1#issueCommand(&lt;function&gt;:124)
	at jdk.nashorn.internal.scripts.Script$Recompilation$44618$3841A$\^function\_.L:1#issueCommand(&lt;function&gt;:124)
	at jdk.nashorn.internal.scripts.Script$Recompilation$44618$3841A$\^function\_.L:1#issueCommand(&lt;function&gt;:124)
	at jdk.nashorn.internal.scripts.Script$Recompilation$44618$3841A$\^function\_.L:1#issueCommand(&lt;function&gt;:124)
	at jdk.nashorn.internal.scripts.Script$Recompilation$44618$3841A$\^function\_.L:1#issueCommand(&lt;function&gt;:124)
	at jdk.nashorn.internal.scripts.Script$Recompilation$44618$3841A$\^function\_.L:1#issueCommand(&lt;function&gt;:124)
	at jdk.nashorn.internal.scripts.Script$Recompilation$44618$3841A$\^function\_.L:1#issueCommand(&lt;function&gt;:124)
	at jdk.nashorn.internal.scripts.Script$Recompilation$44618$3841A$\^function\_.L:1#issueCommand(&lt;function&gt;:124)
	at jdk.nashorn.internal.scripts.Script$Recompilation$44618$3841A$\^function\_.L:1#issueCommand(&lt;function&gt;:124)
	at jdk.nashorn.internal.scripts.Script$Recompilation$44618$3841A$\^function\_.L:1#issueCommand(&lt;function&gt;:124)
	at jdk.nashorn.internal.scripts.Script$Recompilation$44618$3841A$\^function\_.L:1#issueCommand(&lt;function&gt;:124)
	at jdk.nashorn.internal.scripts.Script$Recompilation$44618$3841A$\^function\_.L:1#issueCommand(&lt;function&gt;:124)
	at jdk.nashorn.internal.scripts.Script$Recompilation$44618$3841A$\^function\_.L:1#issueCommand(&lt;function&gt;:124)
	at jdk.nashorn.internal.scripts.Script$Recompilation$44618$3841A$\^function\_.L:1#issueCommand(&lt;function&gt;:124)
	at jdk.nashorn.internal.scripts.Script$Recompilation$44618$3841A$\^function\_.L:1#issueCommand(&lt;function&gt;:124)
	at jdk.nashorn.internal.scripts.Script$Recompilation$44618$3841A$\^function\_.L:1#issueCommand(&lt;function&gt;:124)
	at jdk.nashorn.internal.scripts.Script$Recompilation$44618$3841A$\^function\_.L:1#issueCommand(&lt;function&gt;:124)
	at jdk.nashorn.internal.scripts.Script$Recompilation$44618$3841A$\^function\_.L:1#issueCommand(&lt;function&gt;:124)
	at jdk.nashorn.internal.scripts.Script$Recompilation$44618$3841A$\^function\_.L:1#issueCommand(&lt;function&gt;:124)
	at jdk.nashorn.internal.scripts.Script$Recompilation$44618$3841A$\^function\_.L:1#issueCommand(&lt;function&gt;:124)
	at jdk.nashorn.internal.scripts.Script$Recompilation$44618$3841A$\^function\_.L:1#issueCommand(&lt;function&gt;:124)
	at jdk.nashorn.internal.scripts.Script$Recompilation$44618$3841A$\^function\_.L:1#issueCommand(&lt;function&gt;:124)
	at jdk.nashorn.internal.scripts.Script$Recompilation$44618$3841A$\^function\_.L:1#issueCommand(&lt;function&gt;:124)
	at jdk.nashorn.internal.scripts.Script$Recompilation$44618$3841A$\^function\_.L:1#issueCommand(&lt;function&gt;:124)
	at jdk.nashorn.internal.scripts.Script$Recompilation$44618$3841A$\^function\_.L:1#issueCommand(&lt;function&gt;:124)
	at jdk.nashorn.internal.scripts.Script$Recompilation$44618$3841A$\^function\_.L:1#issueCommand(&lt;function&gt;:124)
	at jdk.nashorn.internal.scripts.Script$Recompilation$44618$3841A$\^function\_.L:1#issueCommand(&lt;function&gt;:124)
	at jdk.nashorn.internal.scripts.Script$Recompilation$44618$3841A$\^function\_.L:1#issueCommand(&lt;function&gt;:124)
	at jdk.nashorn.internal.scripts.Script$Recompilation$44618$3841A$\^function\_.L:1#issueCommand(&lt;function&gt;:124)
	at jdk.nashorn.internal.scripts.Script$Recompilation$44618$3841A$\^function\_.L:1#issueCommand(&lt;function&gt;:124)
	at jdk.nashorn.internal.scripts.Script$Recompilation$44618$3841A$\^function\_.L:1#issueCommand(&lt;function&gt;:124)
	at jdk.nashorn.internal.scripts.Script$Recompilation$44618$3841A$\^function\_.L:1#issueCommand(&lt;function&gt;:124)
	at jdk.nashorn.internal.scripts.Script$Recompilation$44618$3841A$\^function\_.L:1#issueCommand(&lt;function&gt;:124)
	at jdk.nashorn.internal.scripts.Script$Recompilation$44618$3841A$\^function\_.L:1#issueCommand(&lt;function&gt;:124)
	at jdk.nashorn.internal.scripts.Script$Recompilation$44618$3841A$\^function\_.L:1#issueCommand(&lt;function&gt;:124)
	at jdk.nashorn.internal.scripts.Script$Recompilation$44618$3841A$\^function\_.L:1#issueCommand(&lt;function&gt;:124)
	at jdk.nashorn.internal.scripts.Script$Recompilation$44618$3841A$\^function\_.L:1#issueCommand(&lt;function&gt;:124)
	at jdk.nashorn.internal.scripts.Script$Recompilation$44618$3841A$\^function\_.L:1#issueCommand(&lt;function&gt;:124)
	at jdk.nashorn.internal.scripts.Script$Recompilation$44618$3841A$\^function\_.L:1#issueCommand(&lt;function&gt;:124)
	at jdk.nashorn.internal.scripts.Script$Recompilation$44618$3841A$\^function\_.L:1#issueCommand(&lt;function&gt;:124)
	at jdk.nashorn.internal.scripts.Script$Recompilation$44618$3841A$\^function\_.L:1#issueCommand(&lt;function&gt;:124)
	at jdk.nashorn.internal.scripts.Script$Recompilation$44618$3841A$\^function\_.L:1#issueCommand(&lt;function&gt;:124)
	at jdk.nashorn.internal.scripts.Script$Recompilation$44618$3841A$\^function\_.L:1#issueCommand(&lt;function&gt;:124)
	at jdk.nashorn.internal.scripts.Script$Recompilation$44618$3841A$\^function\_.L:1#issueCommand(&lt;function&gt;:124)
	at jdk.nashorn.internal.scripts.Script$Recompilation$44618$3841A$\^function\_.L:1#issueCommand(&lt;function&gt;:124)
	at jdk.nashorn.internal.scripts.Script$Recompilation$44618$3841A$\^function\_.L:1#issueCommand(&lt;function&gt;:124)
	at jdk.nashorn.internal.scripts.Script$Recompilation$44618$3841A$\^function\_.L:1#issueCommand(&lt;function&gt;:124)
	at jdk.nashorn.internal.scripts.Script$Recompilation$44618$3841A$\^function\_.L:1#issueCommand(&lt;function&gt;:124)
	at jdk.nashorn.internal.scripts.Script$Recompilation$44618$3841A$\^function\_.L:1#issueCommand(&lt;function&gt;:124)
	at jdk.nashorn.internal.scripts.Script$Recompilation$44618$3841A$\^function\_.L:1#issueCommand(&lt;function&gt;:124)
	at jdk.nashorn.internal.scripts.Script$Recompilation$44618$3841A$\^function\_.L:1#issueCommand(&lt;function&gt;:124)
	at jdk.nashorn.internal.scripts.Script$Recompilation$44618$3841A$\^function\_.L:1#issueCommand(&lt;function&gt;:124)
	at jdk.nashorn.internal.scripts.Script$Recompilation$44618$3841A$\^function\_.L:1#issueCommand(&lt;function&gt;:124)
	at jdk.nashorn.internal.scripts.Script$Recompilation$44618$3841A$\^function\_.L:1#issueCommand(&lt;function&gt;:124)
	at jdk.nashorn.internal.scripts.Script$Recompilation$44618$3841A$\^function\_.L:1#issueCommand(&lt;function&gt;:124)
	at jdk.nashorn.internal.scripts.Script$Recompilation$44618$3841A$\^function\_.L:1#issueCommand(&lt;function&gt;:124)
	at jdk.nashorn.internal.scripts.Script$Recompilation$44618$3841A$\^function\_.L:1#issueCommand(&lt;function&gt;:124)
	at jdk.nashorn.internal.scripts.Script$Recompilation$44618$3841A$\^function\_.L:1#issueCommand(&lt;function&gt;:124)
	at jdk.nashorn.internal.scripts.Script$Recompilation$44618$3841A$\^function\_.L:1#issueCommand(&lt;function&gt;:124)
	at jdk.nashorn.internal.scripts.Script$Recompilation$44618$3841A$\^function\_.L:1#issueCommand(&lt;function&gt;:124)
	at jdk.nashorn.internal.scripts.Script$Recompilation$44618$3841A$\^function\_.L:1#issueCommand(&lt;function&gt;:124)
	at jdk.nashorn.internal.scripts.Script$Recompilation$44618$3841A$\^function\_.L:1#issueCommand(&lt;function&gt;:124)
	at jdk.nashorn.internal.scripts.Script$Recompilation$44618$3841A$\^function\_.L:1#issueCommand(&lt;function&gt;:124)
	at jdk.nashorn.internal.scripts.Script$Recompilation$44618$3841A$\^function\_.L:1#issueCommand(&lt;function&gt;:124)
	at jdk.nashorn.internal.scripts.Script$Recompilation$44618$3841A$\^function\_.L:1#issueCommand(&lt;function&gt;:124)
	at jdk.nashorn.internal.scripts.Script$Recompilation$44618$3841A$\^function\_.L:1#issueCommand(&lt;function&gt;:124)
	at jdk.nashorn.internal.scripts.Script$Recompilation$44618$3841A$\^function\_.L:1#issueCommand(&lt;function&gt;:124)
	at jdk.nashorn.internal.scripts.Script$Recompilation$44618$3841A$\^function\_.L:1#issueCommand(&lt;function&gt;:124)
	at jdk.nashorn.internal.scripts.Script$Recompilation$44618$3841A$\^function\_.L:1#issueCommand(&lt;function&gt;:124)
	at jdk.nashorn.internal.scripts.Script$Recompilation$44618$3841A$\^function\_.L:1#issueCommand(&lt;function&gt;:124)
	at jdk.nashorn.internal.scripts.Script$Recompilation$44618$3841A$\^function\_.L:1#issueCommand(&lt;function&gt;:124)
	at jdk.nashorn.internal.scripts.Script$Recompilation$44618$3841A$\^function\_.L:1#issueCommand(&lt;function&gt;:124)
	at jdk.nashorn.internal.scripts.Script$Recompilation$44618$3841A$\^function\_.L:1#issueCommand(&lt;function&gt;:124)
	at jdk.nashorn.internal.scripts.Script$Recompilation$44618$3841A$\^function\_.L:1#issueCommand(&lt;function&gt;:124)
	at jdk.nashorn.internal.scripts.Script$Recompilation$44618$3841A$\^function\_.L:1#issueCommand(&lt;function&gt;:124)
	at jdk.nashorn.internal.scripts.Script$Recompilation$44618$3841A$\^function\_.L:1#issueCommand(&lt;function&gt;:124)
	at jdk.nashorn.internal.scripts.Script$Recompilation$44618$3841A$\^function\_.L:1#issueCommand(&lt;function&gt;:124)
	at jdk.nashorn.internal.scripts.Script$Recompilation$44618$3841A$\^function\_.L:1#issueCommand(&lt;function&gt;:124)
	at jdk.nashorn.internal.scripts.Script$Recompilation$44618$3841A$\^function\_.L:1#issueCommand(&lt;function&gt;:124)
	at jdk.nashorn.internal.scripts.Script$Recompilation$44618$3841A$\^function\_.L:1#issueCommand(&lt;function&gt;:124)
	at jdk.nashorn.internal.scripts.Script$Recompilation$44618$3841A$\^function\_.L:1#issueCommand(&lt;function&gt;:124)
	at jdk.nashorn.internal.scripts.Script$Recompilation$44618$3841A$\^function\_.L:1#issueCommand(&lt;function&gt;:124)
	at jdk.nashorn.internal.scripts.Script$Recompilation$44618$3841A$\^function\_.L:1#issueCommand(&lt;function&gt;:124)
	at jdk.nashorn.internal.scripts.Script$Recompilation$44618$3841A$\^function\_.L:1#issueCommand(&lt;function&gt;:124)
	at jdk.nashorn.internal.scripts.Script$Recompilation$44618$3841A$\^function\_.L:1#issueCommand(&lt;function&gt;:124)
	at jdk.nashorn.internal.scripts.Script$Recompilation$44618$3841A$\^function\_.L:1#issueCommand(&lt;function&gt;:124)
	at jdk.nashorn.internal.scripts.Script$Recompilation$44618$3841A$\^function\_.L:1#issueCommand(&lt;function&gt;:124)
	at jdk.nashorn.internal.scripts.Script$Recompilation$44618$3841A$\^function\_.L:1#issueCommand(&lt;function&gt;:124)
	at jdk.nashorn.internal.scripts.Script$Recompilation$44618$3841A$\^function\_.L:1#issueCommand(&lt;function&gt;:124)
	at jdk.nashorn.internal.scripts.Script$Recompilation$44618$3841A$\^function\_.L:1#issueCommand(&lt;function&gt;:124)
	at jdk.nashorn.internal.scripts.Script$Recompilation$44618$3841A$\^function\_.L:1#issueCommand(&lt;function&gt;:124)
	at jdk.nashorn.internal.scripts.Script$Recompilation$44618$3841A$\^function\_.L:1#issueCommand(&lt;function&gt;:124)
	at jdk.nashorn.internal.scripts.Script$Recompilation$44618$3841A$\^function\_.L:1#issueCommand(&lt;function&gt;:124)
	at jdk.nashorn.internal.scripts.Script$Recompilation$44618$3841A$\^function\_.L:1#issueCommand(&lt;function&gt;:124)
	at jdk.nashorn.internal.scripts.Script$Recompilation$44618$3841A$\^function\_.L:1#issueCommand(&lt;function&gt;:124)
	at jdk.nashorn.internal.scripts.Script$Recompilation$44618$3841A$\^function\_.L:1#issueCommand(&lt;function&gt;:124)
	at jdk.nashorn.internal.scripts.Script$Recompilation$44618$3841A$\^function\_.L:1#issueCommand(&lt;function&gt;:124)
	at jdk.nashorn.internal.scripts.Script$Recompilation$44618$3841A$\^function\_.L:1#issueCommand(&lt;function&gt;:124)
	at jdk.nashorn.internal.scripts.Script$Recompilation$44618$3841A$\^function\_.L:1#issueCommand(&lt;function&gt;:124)
	at jdk.nashorn.internal.scripts.Script$Recompilation$44618$3841A$\^function\_.L:1#issueCommand(&lt;function&gt;:124)
	at jdk.nashorn.internal.scripts.Script$Recompilation$44618$3841A$\^function\_.L:1#issueCommand(&lt;function&gt;:124)
	at jdk.nashorn.internal.scripts.Script$Recompilation$44618$3841A$\^function\_.L:1#issueCommand(&lt;function&gt;:124)
	at jdk.nashorn.internal.scripts.Script$Recompilation$44618$3841A$\^function\_.L:1#issueCommand(&lt;function&gt;:124)
	at jdk.nashorn.internal.scripts.Script$Recompilation$44618$3841A$\^function\_.L:1#issueCommand(&lt;function&gt;:124)
	at jdk.nashorn.internal.scripts.Script$Recompilation$44618$3841A$\^function\_.L:1#issueCommand(&lt;function&gt;:124)
	at jdk.nashorn.internal.scripts.Script$Recompilation$44618$3841A$\^function\_.L:1#issueCommand(&lt;function&gt;:124)
	at jdk.nashorn.internal.scripts.Script$Recompilation$44618$3841A$\^function\_.L:1#issueCommand(&lt;function&gt;:124)
	at jdk.nashorn.internal.scripts.Script$Recompilation$44618$3841A$\^function\_.L:1#issueCommand(&lt;function&gt;:124)
	at jdk.nashorn.internal.scripts.Script$Recompilation$44618$3841A$\^function\_.L:1#issueCommand(&lt;function&gt;:124)
	at jdk.nashorn.internal.scripts.Script$Recompilation$44618$3841A$\^function\_.L:1#issueCommand(&lt;function&gt;:124)
	at jdk.nashorn.internal.scripts.Script$Recompilation$44618$3841A$\^function\_.L:1#issueCommand(&lt;function&gt;:124)
	at jdk.nashorn.internal.scripts.Script$Recompilation$44618$3841A$\^function\_.L:1#issueCommand(&lt;function&gt;:124)
	at jdk.nashorn.internal.scripts.Script$Recompilation$44618$3841A$\^function\_.L:1#issueCommand(&lt;function&gt;:124)
	at jdk.nashorn.internal.scripts.Script$Recompilation$44618$3841A$\^function\_.L:1#issueCommand(&lt;function&gt;:124)
	at jdk.nashorn.internal.scripts.Script$Recompilation$44618$3841A$\^function\_.L:1#issueCommand(&lt;function&gt;:124)
	at jdk.nashorn.internal.scripts.Script$Recompilation$44618$3841A$\^function\_.L:1#issueCommand(&lt;function&gt;:124)
	at jdk.nashorn.internal.scripts.Script$Recompilation$44618$3841A$\^function\_.L:1#issueCommand(&lt;function&gt;:124)
	at jdk.nashorn.internal.scripts.Script$Recompilation$44618$3841A$\^function\_.L:1#issueCommand(&lt;function&gt;:124)
	at jdk.nashorn.internal.scripts.Script$Recompilation$44618$3841A$\^function\_.L:1#issueCommand(&lt;function&gt;:124)
	at jdk.nashorn.internal.scripts.Script$Recompilation$44618$3841A$\^function\_.L:1#issueCommand(&lt;function&gt;:124)
	at jdk.nashorn.internal.scripts.Script$Recompilation$44618$3841A$\^function\_.L:1#issueCommand(&lt;function&gt;:124)
	at jdk.nashorn.internal.scripts.Script$Recompilation$44618$3841A$\^function\_.L:1#issueCommand(&lt;function&gt;:124)
	at jdk.nashorn.internal.scripts.Script$Recompilation$44618$3841A$\^function\_.L:1#issueCommand(&lt;function&gt;:124)
	at jdk.nashorn.internal.scripts.Script$Recompilation$44618$3841A$\^function\_.L:1#issueCommand(&lt;function&gt;:124)
	at jdk.nashorn.internal.scripts.Script$Recompilation$44618$3841A$\^function\_.L:1#issueCommand(&lt;function&gt;:124)
	at jdk.nashorn.internal.scripts.Script$Recompilation$44618$3841A$\^function\_.L:1#issueCommand(&lt;function&gt;:124)
	at jdk.nashorn.internal.scripts.Script$Recompilation$44618$3841A$\^function\_.L:1#issueCommand(&lt;function&gt;:124)
	at jdk.nashorn.internal.scripts.Script$Recompilation$44618$3841A$\^function\_.L:1#issueCommand(&lt;function&gt;:124)
	at jdk.nashorn.internal.scripts.Script$Recompilation$44618$3841A$\^function\_.L:1#issueCommand(&lt;function&gt;:124)
	at jdk.nashorn.internal.scripts.Script$Recompilation$44618$3841A$\^function\_.L:1#issueCommand(&lt;function&gt;:124)
	at jdk.nashorn.internal.scripts.Script$Recompilation$44618$3841A$\^function\_.L:1#issueCommand(&lt;function&gt;:124)
	at jdk.nashorn.internal.scripts.Script$Recompilation$44618$3841A$\^function\_.L:1#issueCommand(&lt;function&gt;:124)
	at jdk.nashorn.internal.scripts.Script$Recompilation$44618$3841A$\^function\_.L:1#issueCommand(&lt;function&gt;:124)
	at jdk.nashorn.internal.scripts.Script$Recompilation$44618$3841A$\^function\_.L:1#issueCommand(&lt;function&gt;:124)
	at jdk.nashorn.internal.scripts.Script$Recompilation$44618$3841A$\^function\_.L:1#issueCommand(&lt;function&gt;:124)
	at jdk.nashorn.internal.scripts.Script$Recompilation$44618$3841A$\^function\_.L:1#issueCommand(&lt;function&gt;:124)
	at jdk.nashorn.internal.scripts.Script$Recompilation$44618$3841A$\^function\_.L:1#issueCommand(&lt;function&gt;:124)
	at jdk.nashorn.internal.scripts.Script$Recompilation$44618$3841A$\^function\_.L:1#issueCommand(&lt;function&gt;:124)
	at jdk.nashorn.internal.scripts.Script$Recompilation$44618$3841A$\^function\_.L:1#issueCommand(&lt;function&gt;:124)
	at jdk.nashorn.internal.scripts.Script$Recompilation$44618$3841A$\^function\_.L:1#issueCommand(&lt;function&gt;:124)
	at jdk.nashorn.internal.scripts.Script$Recompilation$44618$3841A$\^function\_.L:1#issueCommand(&lt;function&gt;:124)
	at jdk.nashorn.internal.scripts.Script$Recompilation$44618$3841A$\^function\_.L:1#issueCommand(&lt;function&gt;:124)
	at jdk.nashorn.internal.scripts.Script$Recompilation$44618$3841A$\^function\_.L:1#issueCommand(&lt;function&gt;:124)
	at jdk.nashorn.internal.scripts.Script$Recompilation$44618$3841A$\^function\_.L:1#issueCommand(&lt;function&gt;:124)
	at jdk.nashorn.internal.scripts.Script$Recompilation$44618$3841A$\^function\_.L:1#issueCommand(&lt;function&gt;:124)
	at jdk.nashorn.internal.scripts.Script$Recompilation$44618$3841A$\^function\_.L:1#issueCommand(&lt;function&gt;:124)
	at jdk.nashorn.internal.scripts.Script$Recompilation$44618$3841A$\^function\_.L:1#issueCommand(&lt;function&gt;:124)
	at jdk.nashorn.internal.scripts.Script$Recompilation$44618$3841A$\^function\_.L:1#issueCommand(&lt;function&gt;:124)
	at jdk.nashorn.internal.scripts.Script$Recompilation$44618$3841A$\^function\_.L:1#issueCommand(&lt;function&gt;:124)
	at jdk.nashorn.internal.scripts.Script$Recompilation$44618$3841A$\^function\_.L:1#issueCommand(&lt;function&gt;:124)
	at jdk.nashorn.internal.scripts.Script$Recompilation$44618$3841A$\^function\_.L:1#issueCommand(&lt;function&gt;:124)
	at jdk.nashorn.internal.scripts.Script$Recompilation$44618$3841A$\^function\_.L:1#issueCommand(&lt;function&gt;:124)
	at jdk.nashorn.internal.scripts.Script$Recompilation$44618$3841A$\^function\_.L:1#issueCommand(&lt;function&gt;:124)
	at jdk.nashorn.internal.scripts.Script$Recompilation$44618$3841A$\^function\_.L:1#issueCommand(&lt;function&gt;:124)
	at jdk.nashorn.internal.scripts.Script$Recompilation$44618$3841A$\^function\_.L:1#issueCommand(&lt;function&gt;:124)
	at jdk.nashorn.internal.scripts.Script$Recompilation$44618$3841A$\^function\_.L:1#issueCommand(&lt;function&gt;:124)
	at jdk.nashorn.internal.scripts.Script$Recompilation$44618$3841A$\^function\_.L:1#issueCommand(&lt;function&gt;:124)
	at jdk.nashorn.internal.scripts.Script$Recompilation$44618$3841A$\^function\_.L:1#issueCommand(&lt;function&gt;:124)
	at jdk.nashorn.internal.scripts.Script$Recompilation$44618$3841A$\^function\_.L:1#issueCommand(&lt;function&gt;:124)
	at jdk.nashorn.internal.scripts.Script$Recompilation$44618$3841A$\^function\_.L:1#issueCommand(&lt;function&gt;:124)
	at jdk.nashorn.internal.scripts.Script$Recompilation$44618$3841A$\^function\_.L:1#issueCommand(&lt;function&gt;:124)
	at jdk.nashorn.internal.scripts.Script$Recompilation$44618$3841A$\^function\_.L:1#issueCommand(&lt;function&gt;:124)
	at jdk.nashorn.internal.scripts.Script$Recompilation$44618$3841A$\^function\_.L:1#issueCommand(&lt;function&gt;:124)
	at jdk.nashorn.internal.scripts.Script$Recompilation$44618$3841A$\^function\_.L:1#issueCommand(&lt;function&gt;:124)
	at jdk.nashorn.internal.scripts.Script$Recompilation$44618$3841A$\^function\_.L:1#issueCommand(&lt;function&gt;:124)
	at jdk.nashorn.internal.scripts.Script$Recompilation$44618$3841A$\^function\_.L:1#issueCommand(&lt;function&gt;:124)
	at jdk.nashorn.internal.scripts.Script$Recompilation$44618$3841A$\^function\_.L:1#issueCommand(&lt;function&gt;:124)
	at jdk.nashorn.internal.scripts.Script$Recompilation$44618$3841A$\^function\_.L:1#issueCommand(&lt;function&gt;:124)
	at jdk.nashorn.internal.scripts.Script$Recompilation$44618$3841A$\^function\_.L:1#issueCommand(&lt;function&gt;:124)
	at jdk.nashorn.internal.scripts.Script$Recompilation$44618$3841A$\^function\_.L:1#issueCommand(&lt;function&gt;:124)
	at jdk.nashorn.internal.scripts.Script$Recompilation$44618$3841A$\^function\_.L:1#issueCommand(&lt;function&gt;:124)
	at jdk.nashorn.internal.scripts.Script$Recompilation$44618$3841A$\^function\_.L:1#issueCommand(&lt;function&gt;:124)
	at jdk.nashorn.internal.scripts.Script$Recompilation$44618$3841A$\^function\_.L:1#issueCommand(&lt;function&gt;:124)
	at jdk.nashorn.internal.scripts.Script$Recompilation$44618$3841A$\^function\_.L:1#issueCommand(&lt;function&gt;:124)
	at jdk.nashorn.internal.scripts.Script$Recompilation$44618$3841A$\^function\_.L:1#issueCommand(&lt;function&gt;:124)
	at jdk.nashorn.internal.scripts.Script$Recompilation$44618$3841A$\^function\_.L:1#issueCommand(&lt;function&gt;:124)
	at jdk.nashorn.internal.scripts.Script$Recompilation$44618$3841A$\^function\_.L:1#issueCommand(&lt;function&gt;:124)
	at jdk.nashorn.internal.scripts.Script$Recompilation$44618$3841A$\^function\_.L:1#issueCommand(&lt;function&gt;:124)
	at jdk.nashorn.internal.scripts.Script$Recompilation$44618$3841A$\^function\_.L:1#issueCommand(&lt;function&gt;:124)
	at jdk.nashorn.internal.scripts.Script$Recompilation$44618$3841A$\^function\_.L:1#issueCommand(&lt;function&gt;:124)
	at jdk.nashorn.internal.scripts.Script$Recompilation$44618$3841A$\^function\_.L:1#issueCommand(&lt;function&gt;:124)
	at jdk.nashorn.internal.scripts.Script$Recompilation$44618$3841A$\^function\_.L:1#issueCommand(&lt;function&gt;:124)
	at jdk.nashorn.internal.scripts.Script$Recompilation$44618$3841A$\^function\_.L:1#issueCommand(&lt;function&gt;:124)
	at jdk.nashorn.internal.scripts.Script$Recompilation$44618$3841A$\^function\_.L:1#issueCommand(&lt;function&gt;:124)
	at jdk.nashorn.internal.scripts.Script$Recompilation$44618$3841A$\^function\_.L:1#issueCommand(&lt;function&gt;:124)
	at jdk.nashorn.internal.scripts.Script$Recompilation$44618$3841A$\^function\_.L:1#issueCommand(&lt;function&gt;:124)
	at jdk.nashorn.internal.scripts.Script$Recompilation$44618$3841A$\^function\_.L:1#issueCommand(&lt;function&gt;:124)
	at jdk.nashorn.internal.scripts.Script$Recompilation$44618$3841A$\^function\_.L:1#issueCommand(&lt;function&gt;:124)
	at jdk.nashorn.internal.scripts.Script$Recompilation$44618$3841A$\^function\_.L:1#issueCommand(&lt;function&gt;:124)
	at jdk.nashorn.internal.scripts.Script$Recompilation$44618$3841A$\^function\_.L:1#issueCommand(&lt;function&gt;:124)
	at jdk.nashorn.internal.scripts.Script$Recompilation$44618$3841A$\^function\_.L:1#issueCommand(&lt;function&gt;:124)
	at jdk.nashorn.internal.scripts.Script$Recompilation$44618$3841A$\^function\_.L:1#issueCommand(&lt;function&gt;:124)
	at jdk.nashorn.internal.scripts.Script$Recompilation$44618$3841A$\^function\_.L:1#issueCommand(&lt;function&gt;:124)
	at jdk.nashorn.internal.scripts.Script$Recompilation$44618$3841A$\^function\_.L:1#issueCommand(&lt;function&gt;:124)
	at jdk.nashorn.internal.scripts.Script$Recompilation$44618$3841A$\^function\_.L:1#issueCommand(&lt;function&gt;:124)
	at jdk.nashorn.internal.scripts.Script$Recompilation$44618$3841A$\^function\_.L:1#issueCommand(&lt;function&gt;:124)
	at jdk.nashorn.internal.scripts.Script$Recompilation$44618$3841A$\^function\_.L:1#issueCommand(&lt;function&gt;:124)
	at jdk.nashorn.internal.scripts.Script$Recompilation$44618$3841A$\^function\_.L:1#issueCommand(&lt;function&gt;:124)
	at jdk.nashorn.internal.scripts.Script$Recompilation$44618$3841A$\^function\_.L:1#issueCommand(&lt;function&gt;:124)
	at jdk.nashorn.internal.scripts.Script$Recompilation$44618$3841A$\^function\_.L:1#issueCommand(&lt;function&gt;:124)
	at jdk.nashorn.internal.scripts.Script$Recompilation$44618$3841A$\^function\_.L:1#issueCommand(&lt;function&gt;:124)
	at jdk.nashorn.internal.scripts.Script$Recompilation$44618$3841A$\^function\_.L:1#issueCommand(&lt;function&gt;:124)
	at jdk.nashorn.internal.scripts.Script$Recompilation$44618$3841A$\^function\_.L:1#issueCommand(&lt;function&gt;:124)
	at jdk.nashorn.internal.scripts.Script$Recompilation$44618$3841A$\^function\_.L:1#issueCommand(&lt;function&gt;:124)
	at jdk.nashorn.internal.scripts.Script$Recompilation$44618$3841A$\^function\_.L:1#issueCommand(&lt;function&gt;:124)
	at jdk.nashorn.internal.scripts.Script$Recompilation$44618$3841A$\^function\_.L:1#issueCommand(&lt;function&gt;:124)
	at jdk.nashorn.internal.scripts.Script$Recompilation$44618$3841A$\^function\_.L:1#issueCommand(&lt;function&gt;:124)
	at jdk.nashorn.internal.scripts.Script$Recompilation$44618$3841A$\^function\_.L:1#issueCommand(&lt;function&gt;:124)
	at jdk.nashorn.internal.scripts.Script$Recompilation$44618$3841A$\^function\_.L:1#issueCommand(&lt;function&gt;:124)
	at jdk.nashorn.internal.scripts.Script$Recompilation$44618$3841A$\^function\_.L:1#issueCommand(&lt;function&gt;:124)
	at jdk.nashorn.internal.scripts.Script$Recompilation$44618$3841A$\^function\_.L:1#issueCommand(&lt;function&gt;:124)
	at jdk.nashorn.internal.scripts.Script$Recompilation$44618$3841A$\^function\_.L:1#issueCommand(&lt;function&gt;:124)
	at jdk.nashorn.internal.scripts.Script$Recompilation$44618$3841A$\^function\_.L:1#issueCommand(&lt;function&gt;:124)
	at jdk.nashorn.internal.scripts.Script$Recompilation$44618$3841A$\^function\_.L:1#issueCommand(&lt;function&gt;:124)
	at jdk.nashorn.internal.scripts.Script$Recompilation$44618$3841A$\^function\_.L:1#issueCommand(&lt;function&gt;:124)
	at jdk.nashorn.internal.scripts.Script$Recompilation$44618$3841A$\^function\_.L:1#issueCommand(&lt;function&gt;:124)
	at jdk.nashorn.internal.scripts.Script$Recompilation$44618$3841A$\^function\_.L:1#issueCommand(&lt;function&gt;:124)
	at jdk.nashorn.internal.scripts.Script$Recompilation$44618$3841A$\^function\_.L:1#issueCommand(&lt;function&gt;:124)
	at jdk.nashorn.internal.scripts.Script$Recompilation$44618$3841A$\^function\_.L:1#issueCommand(&lt;function&gt;:124)
	at jdk.nashorn.internal.scripts.Script$Recompilation$44618$3841A$\^function\_.L:1#issueCommand(&lt;function&gt;:124)
	at jdk.nashorn.internal.scripts.Script$Recompilation$44618$3841A$\^function\_.L:1#issueCommand(&lt;function&gt;:124)
	at jdk.nashorn.internal.scripts.Script$Recompilation$44618$3841A$\^function\_.L:1#issueCommand(&lt;function&gt;:124)
	at jdk.nashorn.internal.scripts.Script$Recompilation$44618$3841A$\^function\_.L:1#issueCommand(&lt;function&gt;:124)
	at jdk.nashorn.internal.scripts.Script$Recompilation$44618$3841A$\^function\_.L:1#issueCommand(&lt;function&gt;:124)
	at jdk.nashorn.internal.scripts.Script$Recompilation$44618$3841A$\^function\_.L:1#issueCommand(&lt;function&gt;:124)
	at jdk.nashorn.internal.scripts.Script$Recompilation$44618$3841A$\^function\_.L:1#issueCommand(&lt;function&gt;:124)
	at jdk.nashorn.internal.scripts.Script$Recompilation$44618$3841A$\^function\_.L:1#issueCommand(&lt;function&gt;:124)
	at jdk.nashorn.internal.scripts.Script$Recompilation$44618$3841A$\^function\_.L:1#issueCommand(&lt;function&gt;:124)
	at jdk.nashorn.internal.scripts.Script$Recompilation$44618$3841A$\^function\_.L:1#issueCommand(&lt;function&gt;:124)
	at jdk.nashorn.internal.scripts.Script$Recompilation$44618$3841A$\^function\_.L:1#issueCommand(&lt;function&gt;:124)
	at jdk.nashorn.internal.scripts.Script$Recompilation$44618$3841A$\^function\_.L:1#issueCommand(&lt;function&gt;:124)
	at jdk.nashorn.internal.scripts.Script$Recompilation$44618$3841A$\^function\_.L:1#issueCommand(&lt;function&gt;:124)
	at jdk.nashorn.internal.scripts.Script$Recompilation$44618$3841A$\^function\_.L:1#issueCommand(&lt;function&gt;:124)
	at jdk.nashorn.internal.scripts.Script$Recompilation$44618$3841A$\^function\_.L:1#issueCommand(&lt;function&gt;:124)
	at jdk.nashorn.internal.scripts.Script$Recompilation$44618$3841A$\^function\_.L:1#issueCommand(&lt;function&gt;:124)
	at jdk.nashorn.internal.scripts.Script$Recompilation$44618$3841A$\^function\_.L:1#issueCommand(&lt;function&gt;:124)
	at jdk.nashorn.internal.scripts.Script$Recompilation$44618$3841A$\^function\_.L:1#issueCommand(&lt;function&gt;:124)
	at jdk.nashorn.internal.scripts.Script$Recompilation$44618$3841A$\^function\_.L:1#issueCommand(&lt;function&gt;:124)
	at jdk.nashorn.internal.scripts.Script$Recompilation$44618$3841A$\^function\_.L:1#issueCommand(&lt;function&gt;:124)
	at jdk.nashorn.internal.scripts.Script$Recompilation$44618$3841A$\^function\_.L:1#issueCommand(&lt;function&gt;:124)
	at jdk.nashorn.internal.scripts.Script$Recompilation$44618$3841A$\^function\_.L:1#issueCommand(&lt;function&gt;:124)
	at jdk.nashorn.internal.scripts.Script$Recompilation$44618$3841A$\^function\_.L:1#issueCommand(&lt;function&gt;:124)
	at jdk.nashorn.internal.scripts.Script$Recompilation$44618$3841A$\^function\_.L:1#issueCommand(&lt;function&gt;:124)
	at jdk.nashorn.internal.scripts.Script$Recompilation$44618$3841A$\^function\_.L:1#issueCommand(&lt;function&gt;:124)
	at jdk.nashorn.internal.scripts.Script$Recompilation$44618$3841A$\^function\_.L:1#issueCommand(&lt;function&gt;:124)
	at jdk.nashorn.internal.scripts.Script$Recompilation$44618$3841A$\^function\_.L:1#issueCommand(&lt;function&gt;:124)
	at jdk.nashorn.internal.scripts.Script$Recompilation$44618$3841A$\^function\_.L:1#issueCommand(&lt;function&gt;:124)
	at jdk.nashorn.internal.scripts.Script$Recompilation$44618$3841A$\^function\_.L:1#issueCommand(&lt;function&gt;:124)
	at jdk.nashorn.internal.scripts.Script$Recompilation$44618$3841A$\^function\_.L:1#issueCommand(&lt;function&gt;:124)
	at jdk.nashorn.internal.scripts.Script$Recompilation$44618$3841A$\^function\_.L:1#issueCommand(&lt;function&gt;:124)
	at jdk.nashorn.internal.scripts.Script$Recompilation$44618$3841A$\^function\_.L:1#issueCommand(&lt;function&gt;:124)
	at jdk.nashorn.internal.scripts.Script$Recompilation$44618$3841A$\^function\_.L:1#issueCommand(&lt;function&gt;:124)
	at jdk.nashorn.internal.scripts.Script$Recompilation$44618$3841A$\^function\_.L:1#issueCommand(&lt;function&gt;:124)
	at jdk.nashorn.internal.scripts.Script$Recompilation$44618$3841A$\^function\_.L:1#issueCommand(&lt;function&gt;:124)
	at jdk.nashorn.internal.scripts.Script$Recompilation$44618$3841A$\^function\_.L:1#issueCommand(&lt;function&gt;:124)
	at jdk.nashorn.internal.scripts.Script$Recompilation$44618$3841A$\^function\_.L:1#issueCommand(&lt;function&gt;:124)
	at jdk.nashorn.internal.scripts.Script$Recompilation$44618$3841A$\^function\_.L:1#issueCommand(&lt;function&gt;:124)
	at jdk.nashorn.internal.scripts.Script$Recompilation$44618$3841A$\^function\_.L:1#issueCommand(&lt;function&gt;:124)
	at jdk.nashorn.internal.scripts.Script$Recompilation$44618$3841A$\^function\_.L:1#issueCommand(&lt;function&gt;:124)
	at jdk.nashorn.internal.scripts.Script$Recompilation$44618$3841A$\^function\_.L:1#issueCommand(&lt;function&gt;:124)
	at jdk.nashorn.internal.scripts.Script$Recompilation$44618$3841A$\^function\_.L:1#issueCommand(&lt;function&gt;:124)
	at jdk.nashorn.internal.scripts.Script$Recompilation$44618$3841A$\^function\_.L:1#issueCommand(&lt;function&gt;:124)
	at jdk.nashorn.internal.scripts.Script$Recompilation$44618$3841A$\^function\_.L:1#issueCommand(&lt;function&gt;:124)
	at jdk.nashorn.internal.scripts.Script$Recompilation$44618$3841A$\^function\_.L:1#issueCommand(&lt;function&gt;:124)
	at jdk.nashorn.internal.scripts.Script$Recompilation$44618$3841A$\^function\_.L:1#issueCommand(&lt;function&gt;:124)
	at jdk.nashorn.internal.scripts.Script$Recompilation$44618$3841A$\^function\_.L:1#issueCommand(&lt;function&gt;:124)
	at jdk.nashorn.internal.scripts.Script$Recompilation$44618$3841A$\^function\_.L:1#issueCommand(&lt;function&gt;:124)
	at jdk.nashorn.internal.scripts.Script$Recompilation$44618$3841A$\^function\_.L:1#issueCommand(&lt;function&gt;:124)
	at jdk.nashorn.internal.scripts.Script$Recompilation$44618$3841A$\^function\_.L:1#issueCommand(&lt;function&gt;:124)
	at jdk.nashorn.internal.scripts.Script$Recompilation$44618$3841A$\^function\_.L:1#issueCommand(&lt;function&gt;:124)
	at jdk.nashorn.internal.scripts.Script$Recompilation$44618$3841A$\^function\_.L:1#issueCommand(&lt;function&gt;:124)
	at jdk.nashorn.internal.scripts.Script$Recompilation$44618$3841A$\^function\_.L:1#issueCommand(&lt;function&gt;:124)
	at jdk.nashorn.internal.scripts.Script$Recompilation$44618$3841A$\^function\_.L:1#issueCommand(&lt;function&gt;:124)
	at jdk.nashorn.internal.scripts.Script$Recompilation$44618$3841A$\^function\_.L:1#issueCommand(&lt;function&gt;:124)
	at jdk.nashorn.internal.scripts.Script$Recompilation$44618$3841A$\^function\_.L:1#issueCommand(&lt;function&gt;:124)
	at jdk.nashorn.internal.scripts.Script$Recompilation$44618$3841A$\^function\_.L:1#issueCommand(&lt;function&gt;:124)
	at jdk.nashorn.internal.scripts.Script$Recompilation$44618$3841A$\^function\_.L:1#issueCommand(&lt;function&gt;:124)
	at jdk.nashorn.internal.scripts.Script$Recompilation$44618$3841A$\^function\_.L:1#issueCommand(&lt;function&gt;:124)
	at jdk.nashorn.internal.scripts.Script$Recompilation$44618$3841A$\^function\_.L:1#issueCommand(&lt;function&gt;:124)
	at jdk.nashorn.internal.scripts.Script$Recompilation$44618$3841A$\^function\_.L:1#issueCommand(&lt;function&gt;:124)
	at jdk.nashorn.internal.scripts.Script$Recompilation$44618$3841A$\^function\_.L:1#issueCommand(&lt;function&gt;:124)
	at jdk.nashorn.internal.scripts.Script$Recompilation$44618$3841A$\^function\_.L:1#issueCommand(&lt;function&gt;:124)
	at jdk.nashorn.internal.scripts.Script$Recompilation$44618$3841A$\^function\_.L:1#issueCommand(&lt;function&gt;:124)
	at jdk.nashorn.internal.scripts.Script$Recompilation$44618$3841A$\^function\_.L:1#issueCommand(&lt;function&gt;:124)
	at jdk.nashorn.internal.scripts.Script$Recompilation$44618$3841A$\^function\_.L:1#issueCommand(&lt;function&gt;:124)
	at jdk.nashorn.internal.scripts.Script$Recompilation$44618$3841A$\^function\_.L:1#issueCommand(&lt;function&gt;:124)
	at jdk.nashorn.internal.scripts.Script$Recompilation$44618$3841A$\^function\_.L:1#issueCommand(&lt;function&gt;:124)
	at jdk.nashorn.internal.scripts.Script$Recompilation$44618$3841A$\^function\_.L:1#issueCommand(&lt;function&gt;:124)
	at jdk.nashorn.internal.scripts.Script$Recompilation$44618$3841A$\^function\_.L:1#issueCommand(&lt;function&gt;:124)
	at jdk.nashorn.internal.scripts.Script$Recompilation$44618$3841A$\^function\_.L:1#issueCommand(&lt;function&gt;:124)
	at jdk.nashorn.internal.scripts.Script$Recompilation$44618$3841A$\^function\_.L:1#issueCommand(&lt;function&gt;:124)
	at jdk.nashorn.internal.scripts.Script$Recompilation$44618$3841A$\^function\_.L:1#issueCommand(&lt;function&gt;:124)
	at jdk.nashorn.internal.scripts.Script$Recompilation$44618$3841A$\^function\_.L:1#issueCommand(&lt;function&gt;:124)
	at jdk.nashorn.internal.scripts.Script$Recompilation$44618$3841A$\^function\_.L:1#issueCommand(&lt;function&gt;:124)
	at jdk.nashorn.internal.scripts.Script$Recompilation$44618$3841A$\^function\_.L:1#issueCommand(&lt;function&gt;:124)
	at jdk.nashorn.internal.scripts.Script$Recompilation$44618$3841A$\^function\_.L:1#issueCommand(&lt;function&gt;:124)
	at jdk.nashorn.internal.scripts.Script$Recompilation$44618$3841A$\^function\_.L:1#issueCommand(&lt;function&gt;:124)
	at jdk.nashorn.internal.scripts.Script$Recompilation$44618$3841A$\^function\_.L:1#issueCommand(&lt;function&gt;:124)
	at jdk.nashorn.internal.scripts.Script$Recompilation$44618$3841A$\^function\_.L:1#issueCommand(&lt;function&gt;:124)
	at jdk.nashorn.internal.scripts.Script$Recompilation$44618$3841A$\^function\_.L:1#issueCommand(&lt;function&gt;:124)
	at jdk.nashorn.internal.scripts.Script$Recompilation$44618$3841A$\^function\_.L:1#issueCommand(&lt;function&gt;:124)
	at jdk.nashorn.internal.scripts.Script$Recompilation$44618$3841A$\^function\_.L:1#issueCommand(&lt;function&gt;:124)
	at jdk.nashorn.internal.scripts.Script$Recompilation$44618$3841A$\^function\_.L:1#issueCommand(&lt;function&gt;:124)
	at jdk.nashorn.internal.scripts.Script$Recompilation$44618$3841A$\^function\_.L:1#issueCommand(&lt;function&gt;:124)
	at jdk.nashorn.internal.scripts.Script$Recompilation$44618$3841A$\^function\_.L:1#issueCommand(&lt;function&gt;:124)
	at jdk.nashorn.internal.scripts.Script$Recompilation$44618$3841A$\^function\_.L:1#issueCommand(&lt;function&gt;:124)
	at jdk.nashorn.internal.scripts.Script$Recompilation$44618$3841A$\^function\_.L:1#issueCommand(&lt;function&gt;:124)
	at jdk.nashorn.internal.scripts.Script$Recompilation$44618$3841A$\^function\_.L:1#issueCommand(&lt;function&gt;:124)
	at jdk.nashorn.internal.scripts.Script$Recompilation$44618$3841A$\^function\_.L:1#issueCommand(&lt;function&gt;:124)
	at jdk.nashorn.internal.scripts.Script$Recompilation$44618$3841A$\^function\_.L:1#issueCommand(&lt;function&gt;:124)
	at jdk.nashorn.internal.scripts.Script$Recompilation$44618$3841A$\^function\_.L:1#issueCommand(&lt;function&gt;:124)
	at jdk.nashorn.internal.scripts.Script$Recompilation$44618$3841A$\^function\_.L:1#issueCommand(&lt;function&gt;:124)
	at jdk.nashorn.internal.scripts.Script$Recompilation$44618$3841A$\^function\_.L:1#issueCommand(&lt;function&gt;:124)
	at jdk.nashorn.internal.scripts.Script$Recompilation$44618$3841A$\^function\_.L:1#issueCommand(&lt;function&gt;:124)
	at jdk.nashorn.internal.scripts.Script$Recompilation$44618$3841A$\^function\_.L:1#issueCommand(&lt;function&gt;:124)
	at jdk.nashorn.internal.scripts.Script$Recompilation$44618$3841A$\^function\_.L:1#issueCommand(&lt;function&gt;:124)
	at jdk.nashorn.internal.scripts.Script$Recompilation$44618$3841A$\^function\_.L:1#issueCommand(&lt;function&gt;:124)
	at jdk.nashorn.internal.scripts.Script$Recompilation$44618$3841A$\^function\_.L:1#issueCommand(&lt;function&gt;:124)
	at jdk.nashorn.internal.scripts.Script$Recompilation$44618$3841A$\^function\_.L:1#issueCommand(&lt;function&gt;:124)
	at jdk.nashorn.internal.scripts.Script$Recompilation$44618$3841A$\^function\_.L:1#issueCommand(&lt;function&gt;:124)
	at jdk.nashorn.internal.scripts.Script$Recompilation$44618$3841A$\^function\_.L:1#issueCommand(&lt;function&gt;:124)
	at jdk.nashorn.internal.scripts.Script$Recompilation$44618$3841A$\^function\_.L:1#issueCommand(&lt;function&gt;:124)
	at jdk.nashorn.internal.scripts.Script$Recompilation$44618$3841A$\^function\_.L:1#issueCommand(&lt;function&gt;:124)
	at jdk.nashorn.internal.scripts.Script$Recompilation$44618$3841A$\^function\_.L:1#issueCommand(&lt;function&gt;:124)
	at jdk.nashorn.internal.scripts.Script$Recompilation$44618$3841A$\^function\_.L:1#issueCommand(&lt;function&gt;:124)
	at jdk.nashorn.internal.scripts.Script$Recompilation$44618$3841A$\^function\_.L:1#issueCommand(&lt;function&gt;:124)
	at jdk.nashorn.internal.scripts.Script$Recompilation$44618$3841A$\^function\_.L:1#issueCommand(&lt;function&gt;:124)
	at jdk.nashorn.internal.scripts.Script$Recompilation$44618$3841A$\^function\_.L:1#issueCommand(&lt;function&gt;:124)
	at jdk.nashorn.internal.scripts.Script$Recompilation$44618$3841A$\^function\_.L:1#issueCommand(&lt;function&gt;:124)
	at jdk.nashorn.internal.scripts.Script$Recompilation$44618$3841A$\^function\_.L:1#issueCommand(&lt;function&gt;:124)
	at jdk.nashorn.internal.scripts.Script$Recompilation$44618$3841A$\^function\_.L:1#issueCommand(&lt;function&gt;:124)
	at jdk.nashorn.internal.scripts.Script$Recompilation$44618$3841A$\^function\_.L:1#issueCommand(&lt;function&gt;:124)
	at jdk.nashorn.internal.scripts.Script$Recompilation$44618$3841A$\^function\_.L:1#issueCommand(&lt;function&gt;:124)
	at jdk.nashorn.internal.scripts.Script$Recompilation$44618$3841A$\^function\_.L:1#issueCommand(&lt;function&gt;:124)
	at jdk.nashorn.internal.scripts.Script$Recompilation$44618$3841A$\^function\_.L:1#issueCommand(&lt;function&gt;:124)
	at jdk.nashorn.internal.scripts.Script$Recompilation$44618$3841A$\^function\_.L:1#issueCommand(&lt;function&gt;:124)
	at jdk.nashorn.internal.scripts.Script$Recompilation$44618$3841A$\^function\_.L:1#issueCommand(&lt;function&gt;:124)
	at jdk.nashorn.internal.scripts.Script$Recompilation$44618$3841A$\^function\_.L:1#issueCommand(&lt;function&gt;:124)
	at jdk.nashorn.internal.scripts.Script$Recompilation$44618$3841A$\^function\_.L:1#issueCommand(&lt;function&gt;:124)
	at jdk.nashorn.internal.scripts.Script$Recompilation$44618$3841A$\^function\_.L:1#issueCommand(&lt;function&gt;:124)
	at jdk.nashorn.internal.scripts.Script$Recompilation$44618$3841A$\^function\_.L:1#issueCommand(&lt;function&gt;:124)
	at jdk.nashorn.internal.scripts.Script$Recompilation$44618$3841A$\^function\_.L:1#issueCommand(&lt;function&gt;:124)
	at jdk.nashorn.internal.scripts.Script$Recompilation$44618$3841A$\^function\_.L:1#issueCommand(&lt;function&gt;:124)
	at jdk.nashorn.internal.scripts.Script$Recompilation$44618$3841A$\^function\_.L:1#issueCommand(&lt;function&gt;:124)
	at jdk.nashorn.internal.scripts.Script$Recompilation$44618$3841A$\^function\_.L:1#issueCommand(&lt;function&gt;:124)
	at jdk.nashorn.internal.scripts.Script$Recompilation$44618$3841A$\^function\_.L:1#issueCommand(&lt;function&gt;:124)
	at jdk.nashorn.internal.scripts.Script$Recompilation$44618$3841A$\^function\_.L:1#issueCommand(&lt;function&gt;:124)
	at jdk.nashorn.internal.scripts.Script$Recompilation$44618$3841A$\^function\_.L:1#issueCommand(&lt;function&gt;:124)
	at jdk.nashorn.internal.scripts.Script$Recompilation$44618$3841A$\^function\_.L:1#issueCommand(&lt;function&gt;:124)
	at jdk.nashorn.internal.scripts.Script$Recompilation$44618$3841A$\^function\_.L:1#issueCommand(&lt;function&gt;:124)
	at jdk.nashorn.internal.scripts.Script$Recompilation$44618$3841A$\^function\_.L:1#issueCommand(&lt;function&gt;:124)
	at jdk.nashorn.internal.scripts.Script$Recompilation$44618$3841A$\^function\_.L:1#issueCommand(&lt;function&gt;:124)
	at jdk.nashorn.internal.scripts.Script$Recompilation$44618$3841A$\^function\_.L:1#issueCommand(&lt;function&gt;:124)
	at jdk.nashorn.internal.scripts.Script$Recompilation$44618$3841A$\^function\_.L:1#issueCommand(&lt;function&gt;:124)
	at jdk.nashorn.internal.scripts.Script$Recompilation$44618$3841A$\^function\_.L:1#issueCommand(&lt;function&gt;:124)
	at jdk.nashorn.internal.scripts.Script$Recompilation$44618$3841A$\^function\_.L:1#issueCommand(&lt;function&gt;:124)
	at jdk.nashorn.internal.scripts.Script$Recompilation$44618$3841A$\^function\_.L:1#issueCommand(&lt;function&gt;:124)
	at jdk.nashorn.internal.scripts.Script$Recompilation$44618$3841A$\^function\_.L:1#issueCommand(&lt;function&gt;:124)
	at jdk.nashorn.internal.scripts.Script$Recompilation$44618$3841A$\^function\_.L:1#issueCommand(&lt;function&gt;:124)
	at jdk.nashorn.internal.scripts.Script$Recompilation$44618$3841A$\^function\_.L:1#issueCommand(&lt;function&gt;:124)
	at jdk.nashorn.internal.scripts.Script$Recompilation$44618$3841A$\^function\_.L:1#issueCommand(&lt;function&gt;:124)
	at jdk.nashorn.internal.scripts.Script$Recompilation$44618$3841A$\^function\_.L:1#issueCommand(&lt;function&gt;:124)
	at jdk.nashorn.internal.scripts.Script$Recompilation$44618$3841A$\^function\_.L:1#issueCommand(&lt;function&gt;:124)
	at jdk.nashorn.internal.scripts.Script$Recompilation$44618$3841A$\^function\_.L:1#issueCommand(&lt;function&gt;:124)
	at jdk.nashorn.internal.scripts.Script$Recompilation$44618$3841A$\^function\_.L:1#issueCommand(&lt;function&gt;:124)
	at jdk.nashorn.internal.scripts.Script$Recompilation$44618$3841A$\^function\_.L:1#issueCommand(&lt;function&gt;:124)
	at jdk.nashorn.internal.scripts.Script$Recompilation$44618$3841A$\^function\_.L:1#issueCommand(&lt;function&gt;:124)
	at jdk.nashorn.internal.scripts.Script$Recompilation$44618$3841A$\^function\_.L:1#issueCommand(&lt;function&gt;:124)
	at jdk.nashorn.internal.scripts.Script$Recompilation$44618$3841A$\^function\_.L:1#issueCommand(&lt;function&gt;:124)
	at jdk.nashorn.internal.scripts.Script$Recompilation$44618$3841A$\^function\_.L:1#issueCommand(&lt;function&gt;:124)
	at jdk.nashorn.internal.scripts.Script$Recompilation$44618$3841A$\^function\_.L:1#issueCommand(&lt;function&gt;:124)
	at jdk.nashorn.internal.scripts.Script$Recompilation$44618$3841A$\^function\_.L:1#issueCommand(&lt;function&gt;:124)
	at jdk.nashorn.internal.scripts.Script$Recompilation$44618$3841A$\^function\_.L:1#issueCommand(&lt;function&gt;:124)
	at jdk.nashorn.internal.scripts.Script$Recompilation$44618$3841A$\^function\_.L:1#issueCommand(&lt;function&gt;:124)
	at jdk.nashorn.internal.scripts.Script$Recompilation$44618$3841A$\^function\_.L:1#issueCommand(&lt;function&gt;:124)
	at jdk.nashorn.internal.scripts.Script$Recompilation$44618$3841A$\^function\_.L:1#issueCommand(&lt;function&gt;:124)
	at jdk.nashorn.internal.scripts.Script$Recompilation$44618$3841A$\^function\_.L:1#issueCommand(&lt;function&gt;:124)
	at jdk.nashorn.internal.scripts.Script$Recompilation$44618$3841A$\^function\_.L:1#issueCommand(&lt;function&gt;:124)
	at jdk.nashorn.internal.scripts.Script$Recompilation$44618$3841A$\^function\_.L:1#issueCommand(&lt;function&gt;:124)
	at jdk.nashorn.internal.scripts.Script$Recompilation$44618$3841A$\^function\_.L:1#issueCommand(&lt;function&gt;:124)
	at jdk.nashorn.internal.scripts.Script$Recompilation$44618$3841A$\^function\_.L:1#issueCommand(&lt;function&gt;:124)
	at jdk.nashorn.internal.scripts.Script$Recompilation$44618$3841A$\^function\_.L:1#issueCommand(&lt;function&gt;:124)
	at jdk.nashorn.internal.scripts.Script$Recompilation$44618$3841A$\^function\_.L:1#issueCommand(&lt;function&gt;:124)
	at jdk.nashorn.internal.scripts.Script$Recompilation$44618$3841A$\^function\_.L:1#issueCommand(&lt;function&gt;:124)
	at jdk.nashorn.internal.scripts.Script$Recompilation$44618$3841A$\^function\_.L:1#issueCommand(&lt;function&gt;:124)
	at jdk.nashorn.internal.scripts.Script$Recompilation$44618$3841A$\^function\_.L:1#issueCommand(&lt;function&gt;:124)
	at jdk.nashorn.internal.scripts.Script$Recompilation$44618$3841A$\^function\_.L:1#issueCommand(&lt;function&gt;:124)
	at jdk.nashorn.internal.scripts.Script$Recompilation$44618$3841A$\^function\_.L:1#issueCommand(&lt;function&gt;:124)
	at jdk.nashorn.internal.scripts.Script$Recompilation$44618$3841A$\^function\_.L:1#issueCommand(&lt;function&gt;:124)
	at jdk.nashorn.internal.scripts.Script$Recompilation$44618$3841A$\^function\_.L:1#issueCommand(&lt;function&gt;:124)
	at jdk.nashorn.internal.scripts.Script$Recompilation$44618$3841A$\^function\_.L:1#issueCommand(&lt;function&gt;:124)
	at jdk.nashorn.internal.scripts.Script$Recompilation$44618$3841A$\^function\_.L:1#issueCommand(&lt;function&gt;:124)
	at jdk.nashorn.internal.scripts.Script$Recompilation$44618$3841A$\^function\_.L:1#issueCommand(&lt;function&gt;:124)
	at jdk.nashorn.internal.scripts.Script$Recompilation$44618$3841A$\^function\_.L:1#issueCommand(&lt;function&gt;:124)
	at jdk.nashorn.internal.scripts.Script$Recompilation$44618$3841A$\^function\_.L:1#issueCommand(&lt;function&gt;:124)
	at jdk.nashorn.internal.scripts.Script$Recompilation$44618$3841A$\^function\_.L:1#issueCommand(&lt;function&gt;:124)
	at jdk.nashorn.internal.scripts.Script$Recompilation$44618$3841A$\^function\_.L:1#issueCommand(&lt;function&gt;:124)
	at jdk.nashorn.internal.scripts.Script$Recompilation$44618$3841A$\^function\_.L:1#issueCommand(&lt;function&gt;:124)
	at jdk.nashorn.internal.scripts.Script$Recompilation$44618$3841A$\^function\_.L:1#issueCommand(&lt;function&gt;:124)
	at jdk.nashorn.internal.scripts.Script$Recompilation$44618$3841A$\^function\_.L:1#issueCommand(&lt;function&gt;:124)
	at jdk.nashorn.internal.scripts.Script$Recompilation$44618$3841A$\^function\_.L:1#issueCommand(&lt;function&gt;:124)
	at jdk.nashorn.internal.scripts.Script$Recompilation$44618$3841A$\^function\_.L:1#issueCommand(&lt;function&gt;:124)
	at jdk.nashorn.internal.scripts.Script$Recompilation$44618$3841A$\^function\_.L:1#issueCommand(&lt;function&gt;:124)
	at jdk.nashorn.internal.scripts.Script$Recompilation$44618$3841A$\^function\_.L:1#issueCommand(&lt;function&gt;:124)
	at jdk.nashorn.internal.scripts.Script$Recompilation$44618$3841A$\^function\_.L:1#issueCommand(&lt;function&gt;:124)
	at jdk.nashorn.internal.scripts.Script$Recompilation$44618$3841A$\^function\_.L:1#issueCommand(&lt;function&gt;:124)
	at jdk.nashorn.internal.scripts.Script$Recompilation$44618$3841A$\^function\_.L:1#issueCommand(&lt;function&gt;:124)
	at jdk.nashorn.internal.scripts.Script$Recompilation$44618$3841A$\^function\_.L:1#issueCommand(&lt;function&gt;:124)
	at jdk.nashorn.internal.scripts.Script$Recompilation$44618$3841A$\^function\_.L:1#issueCommand(&lt;function&gt;:124)
	at jdk.nashorn.internal.scripts.Script$Recompilation$44618$3841A$\^function\_.L:1#issueCommand(&lt;function&gt;:124)
	at jdk.nashorn.internal.scripts.Script$Recompilation$44618$3841A$\^function\_.L:1#issueCommand(&lt;function&gt;:124)
	at jdk.nashorn.internal.scripts.Script$Recompilation$44618$3841A$\^function\_.L:1#issueCommand(&lt;function&gt;:124)
	at jdk.nashorn.internal.scripts.Script$Recompilation$44618$3841A$\^function\_.L:1#issueCommand(&lt;function&gt;:124)
	at jdk.nashorn.internal.scripts.Script$Recompilation$44618$3841A$\^function\_.L:1#issueCommand(&lt;function&gt;:124)
	at jdk.nashorn.internal.scripts.Script$Recompilation$44618$3841A$\^function\_.L:1#issueCommand(&lt;function&gt;:124)
	at jdk.nashorn.internal.scripts.Script$Recompilation$44618$3841A$\^function\_.L:1#issueCommand(&lt;function&gt;:124)
	at jdk.nashorn.internal.scripts.Script$Recompilation$44618$3841A$\^function\_.L:1#issueCommand(&lt;function&gt;:124)
	at jdk.nashorn.internal.scripts.Script$Recompilation$44618$3841A$\^function\_.L:1#issueCommand(&lt;function&gt;:124)
	at jdk.nashorn.internal.scripts.Script$Recompilation$44618$3841A$\^function\_.L:1#issueCommand(&lt;function&gt;:124)
	at jdk.nashorn.internal.scripts.Script$Recompilation$44618$3841A$\^function\_.L:1#issueCommand(&lt;function&gt;:124)
	at jdk.nashorn.internal.scripts.Script$Recompilation$44618$3841A$\^function\_.L:1#issueCommand(&lt;function&gt;:124)
	at jdk.nashorn.internal.scripts.Script$Recompilation$44618$3841A$\^function\_.L:1#issueCommand(&lt;function&gt;:124)
	at jdk.nashorn.internal.scripts.Script$Recompilation$44618$3841A$\^function\_.L:1#issueCommand(&lt;function&gt;:124)
	at jdk.nashorn.internal.scripts.Script$Recompilation$44618$3841A$\^function\_.L:1#issueCommand(&lt;function&gt;:124)
	at jdk.nashorn.internal.scripts.Script$Recompilation$44618$3841A$\^function\_.L:1#issueCommand(&lt;function&gt;:124)
	at jdk.nashorn.internal.scripts.Script$Recompilation$44618$3841A$\^function\_.L:1#issueCommand(&lt;function&gt;:124)
	at jdk.nashorn.internal.scripts.Script$Recompilation$44618$3841A$\^function\_.L:1#issueCommand(&lt;function&gt;:124)
	at jdk.nashorn.internal.scripts.Script$Recompilation$44618$3841A$\^function\_.L:1#issueCommand(&lt;function&gt;:124)
	at jdk.nashorn.internal.scripts.Script$Recompilation$44618$3841A$\^function\_.L:1#issueCommand(&lt;function&gt;:124)
	at jdk.nashorn.internal.scripts.Script$Recompilation$44618$3841A$\^function\_.L:1#issueCommand(&lt;function&gt;:124)
	at jdk.nashorn.internal.scripts.Script$Recompilation$44618$3841A$\^function\_.L:1#issueCommand(&lt;function&gt;:124)
	at jdk.nashorn.internal.scripts.Script$Recompilation$44618$3841A$\^function\_.L:1#issueCommand(&lt;function&gt;:124)
	at jdk.nashorn.internal.scripts.Script$Recompilation$44618$3841A$\^function\_.L:1#issueCommand(&lt;function&gt;:124)
	at jdk.nashorn.internal.scripts.Script$Recompilation$44618$3841A$\^function\_.L:1#issueCommand(&lt;function&gt;:124)
	at jdk.nashorn.internal.scripts.Script$Recompilation$44618$3841A$\^function\_.L:1#issueCommand(&lt;function&gt;:124)
	at jdk.nashorn.internal.scripts.Script$Recompilation$44618$3841A$\^function\_.L:1#issueCommand(&lt;function&gt;:124)
	at jdk.nashorn.internal.scripts.Script$Recompilation$44618$3841A$\^function\_.L:1#issueCommand(&lt;function&gt;:124)
	at jdk.nashorn.internal.scripts.Script$Recompilation$44618$3841A$\^function\_.L:1#issueCommand(&lt;function&gt;:124)
	at jdk.nashorn.internal.scripts.Script$Recompilation$44618$3841A$\^function\_.L:1#issueCommand(&lt;function&gt;:124)
	at jdk.nashorn.internal.scripts.Script$Recompilation$44618$3841A$\^function\_.L:1#issueCommand(&lt;function&gt;:124)
	at jdk.nashorn.internal.scripts.Script$Recompilation$44618$3841A$\^function\_.L:1#issueCommand(&lt;function&gt;:124)
	at jdk.nashorn.internal.scripts.Script$Recompilation$44618$3841A$\^function\_.L:1#issueCommand(&lt;function&gt;:124)
	at jdk.nashorn.internal.scripts.Script$Recompilation$44618$3841A$\^function\_.L:1#issueCommand(&lt;function&gt;:124)
	at jdk.nashorn.internal.scripts.Script$Recompilation$44618$3841A$\^function\_.L:1#issueCommand(&lt;function&gt;:124)
	at jdk.nashorn.internal.scripts.Script$Recompilation$44618$3841A$\^function\_.L:1#issueCommand(&lt;function&gt;:124)
	at jdk.nashorn.internal.scripts.Script$Recompilation$44618$3841A$\^function\_.L:1#issueCommand(&lt;function&gt;:124)
	at jdk.nashorn.internal.scripts.Script$Recompilation$44618$3841A$\^function\_.L:1#issueCommand(&lt;function&gt;:124)
	at jdk.nashorn.internal.scripts.Script$Recompilation$44618$3841A$\^function\_.L:1#issueCommand(&lt;function&gt;:124)
	at jdk.nashorn.internal.scripts.Script$Recompilation$44618$3841A$\^function\_.L:1#issueCommand(&lt;function&gt;:124)
	at jdk.nashorn.internal.scripts.Script$Recompilation$44618$3841A$\^function\_.L:1#issueCommand(&lt;function&gt;:124)
	at jdk.nashorn.internal.scripts.Script$Recompilation$44618$3841A$\^function\_.L:1#issueCommand(&lt;function&gt;:124)
	at jdk.nashorn.internal.scripts.Script$Recompilation$44618$3841A$\^function\_.L:1#issueCommand(&lt;function&gt;:124)
	at jdk.nashorn.internal.scripts.Script$Recompilation$44618$3841A$\^function\_.L:1#issueCommand(&lt;function&gt;:124)
	at jdk.nashorn.internal.scripts.Script$Recompilation$44618$3841A$\^function\_.L:1#issueCommand(&lt;function&gt;:124)
	at jdk.nashorn.internal.scripts.Script$Recompilation$44618$3841A$\^function\_.L:1#issueCommand(&lt;function&gt;:124)
	at jdk.nashorn.internal.scripts.Script$Recompilation$44618$3841A$\^function\_.L:1#issueCommand(&lt;function&gt;:124)
	at jdk.nashorn.internal.scripts.Script$Recompilation$44618$3841A$\^function\_.L:1#issueCommand(&lt;function&gt;:124)
	at jdk.nashorn.internal.scripts.Script$Recompilation$44618$3841A$\^function\_.L:1#issueCommand(&lt;function&gt;:124)
	at jdk.nashorn.internal.scripts.Script$Recompilation$44618$3841A$\^function\_.L:1#issueCommand(&lt;function&gt;:124)
	at jdk.nashorn.internal.scripts.Script$Recompilation$44618$3841A$\^function\_.L:1#issueCommand(&lt;function&gt;:124)
	at jdk.nashorn.internal.scripts.Script$Recompilation$44618$3841A$\^function\_.L:1#issueCommand(&lt;function&gt;:124)
	at jdk.nashorn.internal.scripts.Script$Recompilation$44618$3841A$\^function\_.L:1#issueCommand(&lt;function&gt;:124)
	at jdk.nashorn.internal.scripts.Script$Recompilation$44618$3841A$\^function\_.L:1#issueCommand(&lt;function&gt;:124)
	at jdk.nashorn.internal.scripts.Script$Recompilation$44618$3841A$\^function\_.L:1#issueCommand(&lt;function&gt;:124)
	at jdk.nashorn.internal.scripts.Script$Recompilation$44618$3841A$\^function\_.L:1#issueCommand(&lt;function&gt;:124)
	at jdk.nashorn.internal.scripts.Script$Recompilation$44618$3841A$\^function\_.L:1#issueCommand(&lt;function&gt;:124)
	at jdk.nashorn.internal.scripts.Script$Recompilation$44618$3841A$\^function\_.L:1#issueCommand(&lt;function&gt;:124)
	at jdk.nashorn.internal.scripts.Script$Recompilation$44618$3841A$\^function\_.L:1#issueCommand(&lt;function&gt;:124)
	at jdk.nashorn.internal.scripts.Script$Recompilation$44618$3841A$\^function\_.L:1#issueCommand(&lt;function&gt;:124)
	at jdk.nashorn.internal.scripts.Script$Recompilation$44618$3841A$\^function\_.L:1#issueCommand(&lt;function&gt;:124)
	at jdk.nashorn.internal.scripts.Script$Recompilation$44618$3841A$\^function\_.L:1#issueCommand(&lt;function&gt;:124)
	at jdk.nashorn.internal.scripts.Script$Recompilation$44618$3841A$\^function\_.L:1#issueCommand(&lt;function&gt;:124)
	at jdk.nashorn.internal.scripts.Script$Recompilation$44618$3841A$\^function\_.L:1#issueCommand(&lt;function&gt;:124)
	at jdk.nashorn.internal.scripts.Script$Recompilation$44618$3841A$\^function\_.L:1#issueCommand(&lt;function&gt;:124)
	at jdk.nashorn.internal.scripts.Script$Recompilation$44618$3841A$\^function\_.L:1#issueCommand(&lt;function&gt;:124)
	at jdk.nashorn.internal.scripts.Script$Recompilation$44618$3841A$\^function\_.L:1#issueCommand(&lt;function&gt;:124)
	at jdk.nashorn.internal.scripts.Script$Recompilation$44618$3841A$\^function\_.L:1#issueCommand(&lt;function&gt;:124)
	at jdk.nashorn.internal.scripts.Script$Recompilation$44618$3841A$\^function\_.L:1#issueCommand(&lt;function&gt;:124)
	at jdk.nashorn.internal.scripts.Script$Recompilation$44618$3841A$\^function\_.L:1#issueCommand(&lt;function&gt;:124)
	at jdk.nashorn.internal.scripts.Script$Recompilation$44618$3841A$\^function\_.L:1#issueCommand(&lt;function&gt;:124)
	at jdk.nashorn.internal.scripts.Script$Recompilation$44618$3841A$\^function\_.L:1#issueCommand(&lt;function&gt;:124)
	at jdk.nashorn.internal.scripts.Script$Recompilation$44618$3841A$\^function\_.L:1#issueCommand(&lt;function&gt;:124)
	at jdk.nashorn.internal.scripts.Script$Recompilation$44618$3841A$\^function\_.L:1#issueCommand(&lt;function&gt;:124)
	at jdk.nashorn.internal.scripts.Script$Recompilation$44618$3841A$\^function\_.L:1#issueCommand(&lt;function&gt;:124)
	at jdk.nashorn.internal.scripts.Script$Recompilation$44618$3841A$\^function\_.L:1#issueCommand(&lt;function&gt;:124)
	at jdk.nashorn.internal.scripts.Script$Recompilation$44618$3841A$\^function\_.L:1#issueCommand(&lt;function&gt;:124)
	at jdk.nashorn.internal.scripts.Script$Recompilation$44618$3841A$\^function\_.L:1#issueCommand(&lt;function&gt;:124)
	at jdk.nashorn.internal.scripts.Script$Recompilation$44618$3841A$\^function\_.L:1#issueCommand(&lt;function&gt;:124)
	at jdk.nashorn.internal.scripts.Script$Recompilation$44618$3841A$\^function\_.L:1#issueCommand(&lt;function&gt;:124)
	at jdk.nashorn.internal.scripts.Script$Recompilation$44618$3841A$\^function\_.L:1#issueCommand(&lt;function&gt;:124)
	at jdk.nashorn.internal.scripts.Script$Recompilation$44618$3841A$\^function\_.L:1#issueCommand(&lt;function&gt;:124)
	at jdk.nashorn.internal.scripts.Script$Recompilation$44618$3841A$\^function\_.L:1#issueCommand(&lt;function&gt;:124)
	at jdk.nashorn.internal.scripts.Script$Recompilation$44618$3841A$\^function\_.L:1#issueCommand(&lt;function&gt;:124)
	at jdk.nashorn.internal.scripts.Script$Recompilation$44618$3841A$\^function\_.L:1#issueCommand(&lt;function&gt;:124)
	at jdk.nashorn.internal.scripts.Script$Recompilation$44618$3841A$\^function\_.L:1#issueCommand(&lt;function&gt;:124)
	at jdk.nashorn.internal.scripts.Script$Recompilation$44618$3841A$\^function\_.L:1#issueCommand(&lt;function&gt;:124)
	at jdk.nashorn.internal.scripts.Script$Recompilation$44618$3841A$\^function\_.L:1#issueCommand(&lt;function&gt;:124)
	at jdk.nashorn.internal.scripts.Script$Recompilation$44618$3841A$\^function\_.L:1#issueCommand(&lt;function&gt;:124)
	at jdk.nashorn.internal.scripts.Script$Recompilation$44618$3841A$\^function\_.L:1#issueCommand(&lt;function&gt;:124)
	at jdk.nashorn.internal.scripts.Script$Recompilation$44618$3841A$\^function\_.L:1#issueCommand(&lt;function&gt;:124)
	at jdk.nashorn.internal.scripts.Script$Recompilation$44618$3841A$\^function\_.L:1#issueCommand(&lt;function&gt;:124)
	at jdk.nashorn.internal.scripts.Script$Recompilation$44618$3841A$\^function\_.L:1#issueCommand(&lt;function&gt;:124)
	at jdk.nashorn.internal.scripts.Script$Recompilation$44618$3841A$\^function\_.L:1#issueCommand(&lt;function&gt;:124)
	at jdk.nashorn.internal.scripts.Script$Recompilation$44618$3841A$\^function\_.L:1#issueCommand(&lt;function&gt;:124)
	at jdk.nashorn.internal.scripts.Script$Recompilation$44618$3841A$\^function\_.L:1#issueCommand(&lt;function&gt;:124)
	at jdk.nashorn.internal.scripts.Script$Recompilation$44618$3841A$\^function\_.L:1#issueCommand(&lt;function&gt;:124)
	at jdk.nashorn.internal.scripts.Script$Recompilation$44618$3841A$\^function\_.L:1#issueCommand(&lt;function&gt;:124)
	at jdk.nashorn.internal.scripts.Script$Recompilation$44618$3841A$\^function\_.L:1#issueCommand(&lt;function&gt;:124)
	at jdk.nashorn.internal.scripts.Script$Recompilation$44618$3841A$\^function\_.L:1#issueCommand(&lt;function&gt;:124)
	at jdk.nashorn.internal.scripts.Script$Recompilation$44618$3841A$\^function\_.L:1#issueCommand(&lt;function&gt;:124)
	at jdk.nashorn.internal.scripts.Script$Recompilation$44618$3841A$\^function\_.L:1#issueCommand(&lt;function&gt;:124)
	at jdk.nashorn.internal.scripts.Script$Recompilation$44618$3841A$\^function\_.L:1#issueCommand(&lt;function&gt;:124)
	at jdk.nashorn.internal.scripts.Script$Recompilation$44618$3841A$\^function\_.L:1#issueCommand(&lt;function&gt;:124)
	at jdk.nashorn.internal.scripts.Script$Recompilation$44618$3841A$\^function\_.L:1#issueCommand(&lt;function&gt;:124)
	at jdk.nashorn.internal.scripts.Script$Recompilation$44618$3841A$\^function\_.L:1#issueCommand(&lt;function&gt;:124)
	at jdk.nashorn.internal.scripts.Script$Recompilation$44618$3841A$\^function\_.L:1#issueCommand(&lt;function&gt;:124)
	at jdk.nashorn.internal.scripts.Script$Recompilation$44618$3841A$\^function\_.L:1#issueCommand(&lt;function&gt;:124)
	at jdk.nashorn.internal.scripts.Script$Recompilation$44618$3841A$\^function\_.L:1#issueCommand(&lt;function&gt;:124)
	at jdk.nashorn.internal.scripts.Script$Recompilation$44618$3841A$\^function\_.L:1#issueCommand(&lt;function&gt;:124)
	at jdk.nashorn.internal.scripts.Script$Recompilation$44618$3841A$\^function\_.L:1#issueCommand(&lt;function&gt;:124)
	at jdk.nashorn.internal.scripts.Script$Recompilation$44618$3841A$\^function\_.L:1#issueCommand(&lt;function&gt;:124)
	at jdk.nashorn.internal.scripts.Script$Recompilation$44618$3841A$\^function\_.L:1#issueCommand(&lt;function&gt;:124)
	at jdk.nashorn.internal.scripts.Script$Recompilation$44618$3841A$\^function\_.L:1#issueCommand(&lt;function&gt;:124)
	at jdk.nashorn.internal.scripts.Script$Recompilation$44618$3841A$\^function\_.L:1#issueCommand(&lt;function&gt;:124)
	at jdk.nashorn.internal.scripts.Script$Recompilation$44618$3841A$\^function\_.L:1#issueCommand(&lt;function&gt;:124)
	at jdk.nashorn.internal.scripts.Script$Recompilation$44618$3841A$\^function\_.L:1#issueCommand(&lt;function&gt;:124)
	at jdk.nashorn.internal.scripts.Script$Recompilation$44618$3841A$\^function\_.L:1#issueCommand(&lt;function&gt;:124)
	at jdk.nashorn.internal.scripts.Script$Recompilation$44618$3841A$\^function\_.L:1#issueCommand(&lt;function&gt;:124)
	at jdk.nashorn.internal.scripts.Script$Recompilation$44618$3841A$\^function\_.L:1#issueCommand(&lt;function&gt;:124)
	at jdk.nashorn.internal.scripts.Script$Recompilation$44618$3841A$\^function\_.L:1#issueCommand(&lt;function&gt;:124)
	at jdk.nashorn.internal.scripts.Script$Recompilation$44618$3841A$\^function\_.L:1#issueCommand(&lt;function&gt;:124)
	at jdk.nashorn.internal.scripts.Script$Recompilation$44618$3841A$\^function\_.L:1#issueCommand(&lt;function&gt;:124)
	at jdk.nashorn.internal.scripts.Script$Recompilation$44618$3841A$\^function\_.L:1#issueCommand(&lt;function&gt;:124)
	at jdk.nashorn.internal.scripts.Script$Recompilation$44618$3841A$\^function\_.L:1#issueCommand(&lt;function&gt;:124)
	at jdk.nashorn.internal.scripts.Script$Recompilation$44618$3841A$\^function\_.L:1#issueCommand(&lt;function&gt;:124)
	at jdk.nashorn.internal.scripts.Script$Recompilation$44618$3841A$\^function\_.L:1#issueCommand(&lt;function&gt;:124)
	at jdk.nashorn.internal.scripts.Script$Recompilation$44618$3841A$\^function\_.L:1#issueCommand(&lt;function&gt;:124)
	at jdk.nashorn.internal.scripts.Script$Recompilation$44618$3841A$\^function\_.L:1#issueCommand(&lt;function&gt;:124)
	at jdk.nashorn.internal.scripts.Script$Recompilation$44618$3841A$\^function\_.L:1#issueCommand(&lt;function&gt;:124)
	at jdk.nashorn.internal.scripts.Script$Recompilation$44618$3841A$\^function\_.L:1#issueCommand(&lt;function&gt;:124)
	at jdk.nashorn.internal.scripts.Script$Recompilation$44618$3841A$\^function\_.L:1#issueCommand(&lt;function&gt;:124)
	at jdk.nashorn.internal.scripts.Script$Recompilation$44618$3841A$\^function\_.L:1#issueCommand(&lt;function&gt;:124)
	at jdk.nashorn.internal.scripts.Script$Recompilation$44618$3841A$\^function\_.L:1#issueCommand(&lt;function&gt;:124)
	at jdk.nashorn.internal.scripts.Script$Recompilation$44618$3841A$\^function\_.L:1#issueCommand(&lt;function&gt;:124)
	at jdk.nashorn.internal.scripts.Script$Recompilation$44618$3841A$\^function\_.L:1#issueCommand(&lt;function&gt;:124)
	at jdk.nashorn.internal.scripts.Script$Recompilation$44618$3841A$\^function\_.L:1#issueCommand(&lt;function&gt;:124)
	at jdk.nashorn.internal.scripts.Script$Recompilation$44618$3841A$\^function\_.L:1#issueCommand(&lt;function&gt;:124)
	at jdk.nashorn.internal.scripts.Script$Recompilation$44618$3841A$\^function\_.L:1#issueCommand(&lt;function&gt;:124)
	at jdk.nashorn.internal.scripts.Script$Recompilation$44618$3841A$\^function\_.L:1#issueCommand(&lt;function&gt;:124)
	at jdk.nashorn.internal.scripts.Script$Recompilation$44618$3841A$\^function\_.L:1#issueCommand(&lt;function&gt;:124)
	at jdk.nashorn.internal.scripts.Script$Recompilation$44618$3841A$\^function\_.L:1#issueCommand(&lt;function&gt;:124)
	at jdk.nashorn.internal.scripts.Script$Recompilation$44618$3841A$\^function\_.L:1#issueCommand(&lt;function&gt;:124)
	at jdk.nashorn.internal.scripts.Script$Recompilation$44618$3841A$\^function\_.L:1#issueCommand(&lt;function&gt;:124)
	at jdk.nashorn.internal.scripts.Script$Recompilation$44618$3841A$\^function\_.L:1#issueCommand(&lt;function&gt;:124)
	at jdk.nashorn.internal.scripts.Script$Recompilation$44618$3841A$\^function\_.L:1#issueCommand(&lt;function&gt;:124)
	at jdk.nashorn.internal.scripts.Script$Recompilation$44618$3841A$\^function\_.L:1#issueCommand(&lt;function&gt;:124)
	at jdk.nashorn.internal.scripts.Script$Recompilation$44618$3841A$\^function\_.L:1#issueCommand(&lt;function&gt;:124)
	at jdk.nashorn.internal.scripts.Script$Recompilation$44618$3841A$\^function\_.L:1#issueCommand(&lt;function&gt;:124)
	at jdk.nashorn.internal.scripts.Script$Recompilation$44618$3841A$\^function\_.L:1#issueCommand(&lt;function&gt;:124)
	at jdk.nashorn.internal.scripts.Script$Recompilation$44618$3841A$\^function\_.L:1#issueCommand(&lt;function&gt;:124)
	at jdk.nashorn.internal.scripts.Script$Recompilation$44618$3841A$\^function\_.L:1#issueCommand(&lt;function&gt;:124)
	at jdk.nashorn.internal.scripts.Script$Recompilation$44618$3841A$\^function\_.L:1#issueCommand(&lt;function&gt;:124)
 in /home/travis/build/icyphy/ptII/ptolemy/actor/lib/jjs/external/require.js#409:30&lt;eval&gt; at line number 1736 at column number 24
	at ptolemy.actor.lib.jjs.JavaScript._invokeMethodInContext(JavaScript.java:2306)
	at ptolemy.actor.lib.jjs.JavaScript.fire(JavaScript.java:1138)
	at ptolemy.domains.de.kernel.DEDirector._fire(DEDirector.java:1949)
	at ptolemy.domains.de.kernel.DEDirector.fire(DEDirector.java:502)
	at ptolemy.actor.CompositeActor.fire(CompositeActor.java:455)
	at ptolemy.actor.Manager.iterate(Manager.java:851)
	at ptolemy.actor.Manager.execute(Manager.java:369)
	at ptolemy.vergil.basic.export.ExportModel$2.run(ExportModel.java:390)
Caused by: javax.script.ScriptException: Error: commonHost.js, react(), invoking a specific handler for &quot;trigger&quot;: Exception occurred in input handler for accessor SemanticYelpSearch, which has now has been removed.  Exception was: java.lang.StackOverflowError Stacktrace was: 
java.lang.StackOverflowError
	at jdk.nashorn.internal.runtime.AccessorProperty.getObjectValue(AccessorProperty.java:417)
	at jdk.nashorn.internal.runtime.FindProperty.getObjectValue(FindProperty.java:229)
	at jdk.nashorn.internal.runtime.ScriptObject.get(ScriptObject.java:2860)
	at jdk.nashorn.internal.runtime.ScriptObject.get(ScriptObject.java:2877)
	at jdk.nashorn.internal.scripts.Script$Recompilation$44872$56054A$require.L:1#get(/home/travis/build/icyphy/ptII/ptolemy/actor/lib/jjs/external/require.js#409:30&lt;eval&gt;:1245)
	at jdk.nashorn.internal.scripts.Script$Recompilation$44618$3841A$\^function\_.L:1#issueCommand(&lt;function&gt;:116)
	at jdk.nashorn.internal.scripts.Script$Recompilation$44618$3841A$\^function\_.L:1#issueCommand(&lt;function&gt;:124)
	at jdk.nashorn.internal.scripts.Script$Recompilation$44618$3841A$\^function\_.L:1#issueCommand(&lt;function&gt;:124)
	at jdk.nashorn.internal.scripts.Script$Recompilation$44618$3841A$\^function\_.L:1#issueCommand(&lt;function&gt;:124)
	at jdk.nashorn.internal.scripts.Script$Recompilation$44618$3841A$\^function\_.L:1#issueCommand(&lt;function&gt;:124)
	at jdk.nashorn.internal.scripts.Script$Recompilation$44618$3841A$\^function\_.L:1#issueCommand(&lt;function&gt;:124)
	at jdk.nashorn.internal.scripts.Script$Recompilation$44618$3841A$\^function\_.L:1#issueCommand(&lt;function&gt;:124)
	at jdk.nashorn.internal.scripts.Script$Recompilation$44618$3841A$\^function\_.L:1#issueCommand(&lt;function&gt;:124)
	at jdk.nashorn.internal.scripts.Script$Recompilation$44618$3841A$\^function\_.L:1#issueCommand(&lt;function&gt;:124)
	at jdk.nashorn.internal.scripts.Script$Recompilation$44618$3841A$\^function\_.L:1#issueCommand(&lt;function&gt;:124)
	at jdk.nashorn.internal.scripts.Script$Recompilation$44618$3841A$\^function\_.L:1#issueCommand(&lt;function&gt;:124)
	at jdk.nashorn.internal.scripts.Script$Recompilation$44618$3841A$\^function\_.L:1#issueCommand(&lt;function&gt;:124)
	at jdk.nashorn.internal.scripts.Script$Recompilation$44618$3841A$\^function\_.L:1#issueCommand(&lt;function&gt;:124)
	at jdk.nashorn.internal.scripts.Script$Recompilation$44618$3841A$\^function\_.L:1#issueCommand(&lt;function&gt;:124)
	at jdk.nashorn.internal.scripts.Script$Recompilation$44618$3841A$\^function\_.L:1#issueCommand(&lt;function&gt;:124)
	at jdk.nashorn.internal.scripts.Script$Recompilation$44618$3841A$\^function\_.L:1#issueCommand(&lt;function&gt;:124)
	at jdk.nashorn.internal.scripts.Script$Recompilation$44618$3841A$\^function\_.L:1#issueCommand(&lt;function&gt;:124)
	at jdk.nashorn.internal.scripts.Script$Recompilation$44618$3841A$\^function\_.L:1#issueCommand(&lt;function&gt;:124)
	at jdk.nashorn.internal.scripts.Script$Recompilation$44618$3841A$\^function\_.L:1#issueCommand(&lt;function&gt;:124)
	at jdk.nashorn.internal.scripts.Script$Recompilation$44618$3841A$\^function\_.L:1#issueCommand(&lt;function&gt;:124)
	at jdk.nashorn.internal.scripts.Script$Recompilation$44618$3841A$\^function\_.L:1#issueCommand(&lt;function&gt;:124)
	at jdk.nashorn.internal.scripts.Script$Recompilation$44618$3841A$\^function\_.L:1#issueCommand(&lt;function&gt;:124)
	at jdk.nashorn.internal.scripts.Script$Recompilation$44618$3841A$\^function\_.L:1#issueCommand(&lt;function&gt;:124)
	at jdk.nashorn.internal.scripts.Script$Recompilation$44618$3841A$\^function\_.L:1#issueCommand(&lt;function&gt;:124)
	at jdk.nashorn.internal.scripts.Script$Recompilation$44618$3841A$\^function\_.L:1#issueCommand(&lt;function&gt;:124)
	at jdk.nashorn.internal.scripts.Script$Recompilation$44618$3841A$\^function\_.L:1#issueCommand(&lt;function&gt;:124)
	at jdk.nashorn.internal.scripts.Script$Recompilation$44618$3841A$\^function\_.L:1#issueCommand(&lt;function&gt;:124)
	at jdk.nashorn.internal.scripts.Script$Recompilation$44618$3841A$\^function\_.L:1#issueCommand(&lt;function&gt;:124)
	at jdk.nashorn.internal.scripts.Script$Recompilation$44618$3841A$\^function\_.L:1#issueCommand(&lt;function&gt;:124)
	at jdk.nashorn.internal.scripts.Script$Recompilation$44618$3841A$\^function\_.L:1#issueCommand(&lt;function&gt;:124)
	at jdk.nashorn.internal.scripts.Script$Recompilation$44618$3841A$\^function\_.L:1#issueCommand(&lt;function&gt;:124)
	at jdk.nashorn.internal.scripts.Script$Recompilation$44618$3841A$\^function\_.L:1#issueCommand(&lt;function&gt;:124)
	at jdk.nashorn.internal.scripts.Script$Recompilation$44618$3841A$\^function\_.L:1#issueCommand(&lt;function&gt;:124)
	at jdk.nashorn.internal.scripts.Script$Recompilation$44618$3841A$\^function\_.L:1#issueCommand(&lt;function&gt;:124)
	at jdk.nashorn.internal.scripts.Script$Recompilation$44618$3841A$\^function\_.L:1#issueCommand(&lt;function&gt;:124)
	at jdk.nashorn.internal.scripts.Script$Recompilation$44618$3841A$\^function\_.L:1#issueCommand(&lt;function&gt;:124)
	at jdk.nashorn.internal.scripts.Script$Recompilation$44618$3841A$\^function\_.L:1#issueCommand(&lt;function&gt;:124)
	at jdk.nashorn.internal.scripts.Script$Recompilation$44618$3841A$\^function\_.L:1#issueCommand(&lt;function&gt;:124)
	at jdk.nashorn.internal.scripts.Script$Recompilation$44618$3841A$\^function\_.L:1#issueCommand(&lt;function&gt;:124)
	at jdk.nashorn.internal.scripts.Script$Recompilation$44618$3841A$\^function\_.L:1#issueCommand(&lt;function&gt;:124)
	at jdk.nashorn.internal.scripts.Script$Recompilation$44618$3841A$\^function\_.L:1#issueCommand(&lt;function&gt;:124)
	at jdk.nashorn.internal.scripts.Script$Recompilation$44618$3841A$\^function\_.L:1#issueCommand(&lt;function&gt;:124)
	at jdk.nashorn.internal.scripts.Script$Recompilation$44618$3841A$\^function\_.L:1#issueCommand(&lt;function&gt;:124)
	at jdk.nashorn.internal.scripts.Script$Recompilation$44618$3841A$\^function\_.L:1#issueCommand(&lt;function&gt;:124)
	at jdk.nashorn.internal.scripts.Script$Recompilation$44618$3841A$\^function\_.L:1#issueCommand(&lt;function&gt;:124)
	at jdk.nashorn.internal.scripts.Script$Recompilation$44618$3841A$\^function\_.L:1#issueCommand(&lt;function&gt;:124)
	at jdk.nashorn.internal.scripts.Script$Recompilation$44618$3841A$\^function\_.L:1#issueCommand(&lt;function&gt;:124)
	at jdk.nashorn.internal.scripts.Script$Recompilation$44618$3841A$\^function\_.L:1#issueCommand(&lt;function&gt;:124)
	at jdk.nashorn.internal.scripts.Script$Recompilation$44618$3841A$\^function\_.L:1#issueCommand(&lt;function&gt;:124)
	at jdk.nashorn.internal.scripts.Script$Recompilation$44618$3841A$\^function\_.L:1#issueCommand(&lt;function&gt;:124)
	at jdk.nashorn.internal.scripts.Script$Recompilation$44618$3841A$\^function\_.L:1#issueCommand(&lt;function&gt;:124)
	at jdk.nashorn.internal.scripts.Script$Recompilation$44618$3841A$\^function\_.L:1#issueCommand(&lt;function&gt;:124)
	at jdk.nashorn.internal.scripts.Script$Recompilation$44618$3841A$\^function\_.L:1#issueCommand(&lt;function&gt;:124)
	at jdk.nashorn.internal.scripts.Script$Recompilation$44618$3841A$\^function\_.L:1#issueCommand(&lt;function&gt;:124)
	at jdk.nashorn.internal.scripts.Script$Recompilation$44618$3841A$\^function\_.L:1#issueCommand(&lt;function&gt;:124)
	at jdk.nashorn.internal.scripts.Script$Recompilation$44618$3841A$\^function\_.L:1#issueCommand(&lt;function&gt;:124)
	at jdk.nashorn.internal.scripts.Script$Recompilation$44618$3841A$\^function\_.L:1#issueCommand(&lt;function&gt;:124)
	at jdk.nashorn.internal.scripts.Script$Recompilation$44618$3841A$\^function\_.L:1#issueCommand(&lt;function&gt;:124)
	at jdk.nashorn.internal.scripts.Script$Recompilation$44618$3841A$\^function\_.L:1#issueCommand(&lt;function&gt;:124)
	at jdk.nashorn.internal.scripts.Script$Recompilation$44618$3841A$\^function\_.L:1#issueCommand(&lt;function&gt;:124)
	at jdk.nashorn.internal.scripts.Script$Recompilation$44618$3841A$\^function\_.L:1#issueCommand(&lt;function&gt;:124)
	at jdk.nashorn.internal.scripts.Script$Recompilation$44618$3841A$\^function\_.L:1#issueCommand(&lt;function&gt;:124)
	at jdk.nashorn.internal.scripts.Script$Recompilation$44618$3841A$\^function\_.L:1#issueCommand(&lt;function&gt;:124)
	at jdk.nashorn.internal.scripts.Script$Recompilation$44618$3841A$\^function\_.L:1#issueCommand(&lt;function&gt;:124)
	at jdk.nashorn.internal.scripts.Script$Recompilation$44618$3841A$\^function\_.L:1#issueCommand(&lt;function&gt;:124)
	at jdk.nashorn.internal.scripts.Script$Recompilation$44618$3841A$\^function\_.L:1#issueCommand(&lt;function&gt;:124)
	at jdk.nashorn.internal.scripts.Script$Recompilation$44618$3841A$\^function\_.L:1#issueCommand(&lt;function&gt;:124)
	at jdk.nashorn.internal.scripts.Script$Recompilation$44618$3841A$\^function\_.L:1#issueCommand(&lt;function&gt;:124)
	at jdk.nashorn.internal.scripts.Script$Recompilation$44618$3841A$\^function\_.L:1#issueCommand(&lt;function&gt;:124)
	at jdk.nashorn.internal.scripts.Script$Recompilation$44618$3841A$\^function\_.L:1#issueCommand(&lt;function&gt;:124)
	at jdk.nashorn.internal.scripts.Script$Recompilation$44618$3841A$\^function\_.L:1#issueCommand(&lt;function&gt;:124)
	at jdk.nashorn.internal.scripts.Script$Recompilation$44618$3841A$\^function\_.L:1#issueCommand(&lt;function&gt;:124)
	at jdk.nashorn.internal.scripts.Script$Recompilation$44618$3841A$\^function\_.L:1#issueCommand(&lt;function&gt;:124)
	at jdk.nashorn.internal.scripts.Script$Recompilation$44618$3841A$\^function\_.L:1#issueCommand(&lt;function&gt;:124)
	at jdk.nashorn.internal.scripts.Script$Recompilation$44618$3841A$\^function\_.L:1#issueCommand(&lt;function&gt;:124)
	at jdk.nashorn.internal.scripts.Script$Recompilation$44618$3841A$\^function\_.L:1#issueCommand(&lt;function&gt;:124)
	at jdk.nashorn.internal.scripts.Script$Recompilation$44618$3841A$\^function\_.L:1#issueCommand(&lt;function&gt;:124)
	at jdk.nashorn.internal.scripts.Script$Recompilation$44618$3841A$\^function\_.L:1#issueCommand(&lt;function&gt;:124)
	at jdk.nashorn.internal.scripts.Script$Recompilation$44618$3841A$\^function\_.L:1#issueCommand(&lt;function&gt;:124)
	at jdk.nashorn.internal.scripts.Script$Recompilation$44618$3841A$\^function\_.L:1#issueCommand(&lt;function&gt;:124)
	at jdk.nashorn.internal.scripts.Script$Recompilation$44618$3841A$\^function\_.L:1#issueCommand(&lt;function&gt;:124)
	at jdk.nashorn.internal.scripts.Script$Recompilation$44618$3841A$\^function\_.L:1#issueCommand(&lt;function&gt;:124)
	at jdk.nashorn.internal.scripts.Script$Recompilation$44618$3841A$\^function\_.L:1#issueCommand(&lt;function&gt;:124)
	at jdk.nashorn.internal.scripts.Script$Recompilation$44618$3841A$\^function\_.L:1#issueCommand(&lt;function&gt;:124)
	at jdk.nashorn.internal.scripts.Script$Recompilation$44618$3841A$\^function\_.L:1#issueCommand(&lt;function&gt;:124)
	at jdk.nashorn.internal.scripts.Script$Recompilation$44618$3841A$\^function\_.L:1#issueCommand(&lt;function&gt;:124)
	at jdk.nashorn.internal.scripts.Script$Recompilation$44618$3841A$\^function\_.L:1#issueCommand(&lt;function&gt;:124)
	at jdk.nashorn.internal.scripts.Script$Recompilation$44618$3841A$\^function\_.L:1#issueCommand(&lt;function&gt;:124)
	at jdk.nashorn.internal.scripts.Script$Recompilation$44618$3841A$\^function\_.L:1#issueCommand(&lt;function&gt;:124)
	at jdk.nashorn.internal.scripts.Script$Recompilation$44618$3841A$\^function\_.L:1#issueCommand(&lt;function&gt;:124)
	at jdk.nashorn.internal.scripts.Script$Recompilation$44618$3841A$\^function\_.L:1#issueCommand(&lt;function&gt;:124)
	at jdk.nashorn.internal.scripts.Script$Recompilation$44618$3841A$\^function\_.L:1#issueCommand(&lt;function&gt;:124)
	at jdk.nashorn.internal.scripts.Script$Recompilation$44618$3841A$\^function\_.L:1#issueCommand(&lt;function&gt;:124)
	at jdk.nashorn.internal.scripts.Script$Recompilation$44618$3841A$\^function\_.L:1#issueCommand(&lt;function&gt;:124)
	at jdk.nashorn.internal.scripts.Script$Recompilation$44618$3841A$\^function\_.L:1#issueCommand(&lt;function&gt;:124)
	at jdk.nashorn.internal.scripts.Script$Recompilation$44618$3841A$\^function\_.L:1#issueCommand(&lt;function&gt;:124)
	at jdk.nashorn.internal.scripts.Script$Recompilation$44618$3841A$\^function\_.L:1#issueCommand(&lt;function&gt;:124)
	at jdk.nashorn.internal.scripts.Script$Recompilation$44618$3841A$\^function\_.L:1#issueCommand(&lt;function&gt;:124)
	at jdk.nashorn.internal.scripts.Script$Recompilation$44618$3841A$\^function\_.L:1#issueCommand(&lt;function&gt;:124)
	at jdk.nashorn.internal.scripts.Script$Recompilation$44618$3841A$\^function\_.L:1#issueCommand(&lt;function&gt;:124)
	at jdk.nashorn.internal.scripts.Script$Recompilation$44618$3841A$\^function\_.L:1#issueCommand(&lt;function&gt;:124)
	at jdk.nashorn.internal.scripts.Script$Recompilation$44618$3841A$\^function\_.L:1#issueCommand(&lt;function&gt;:124)
	at jdk.nashorn.internal.scripts.Script$Recompilation$44618$3841A$\^function\_.L:1#issueCommand(&lt;function&gt;:124)
	at jdk.nashorn.internal.scripts.Script$Recompilation$44618$3841A$\^function\_.L:1#issueCommand(&lt;function&gt;:124)
	at jdk.nashorn.internal.scripts.Script$Recompilation$44618$3841A$\^function\_.L:1#issueCommand(&lt;function&gt;:124)
	at jdk.nashorn.internal.scripts.Script$Recompilation$44618$3841A$\^function\_.L:1#issueCommand(&lt;function&gt;:124)
	at jdk.nashorn.internal.scripts.Script$Recompilation$44618$3841A$\^function\_.L:1#issueCommand(&lt;function&gt;:124)
	at jdk.nashorn.internal.scripts.Script$Recompilation$44618$3841A$\^function\_.L:1#issueCommand(&lt;function&gt;:124)
	at jdk.nashorn.internal.scripts.Script$Recompilation$44618$3841A$\^function\_.L:1#issueCommand(&lt;function&gt;:124)
	at jdk.nashorn.internal.scripts.Script$Recompilation$44618$3841A$\^function\_.L:1#issueCommand(&lt;function&gt;:124)
	at jdk.nashorn.internal.scripts.Script$Recompilation$44618$3841A$\^function\_.L:1#issueCommand(&lt;function&gt;:124)
	at jdk.nashorn.internal.scripts.Script$Recompilation$44618$3841A$\^function\_.L:1#issueCommand(&lt;function&gt;:124)
	at jdk.nashorn.internal.scripts.Script$Recompilation$44618$3841A$\^function\_.L:1#issueCommand(&lt;function&gt;:124)
	at jdk.nashorn.internal.scripts.Script$Recompilation$44618$3841A$\^function\_.L:1#issueCommand(&lt;function&gt;:124)
	at jdk.nashorn.internal.scripts.Script$Recompilation$44618$3841A$\^function\_.L:1#issueCommand(&lt;function&gt;:124)
	at jdk.nashorn.internal.scripts.Script$Recompilation$44618$3841A$\^function\_.L:1#issueCommand(&lt;function&gt;:124)
	at jdk.nashorn.internal.scripts.Script$Recompilation$44618$3841A$\^function\_.L:1#issueCommand(&lt;function&gt;:124)
	at jdk.nashorn.internal.scripts.Script$Recompilation$44618$3841A$\^function\_.L:1#issueCommand(&lt;function&gt;:124)
	at jdk.nashorn.internal.scripts.Script$Recompilation$44618$3841A$\^function\_.L:1#issueCommand(&lt;function&gt;:124)
	at jdk.nashorn.internal.scripts.Script$Recompilation$44618$3841A$\^function\_.L:1#issueCommand(&lt;function&gt;:124)
	at jdk.nashorn.internal.scripts.Script$Recompilation$44618$3841A$\^function\_.L:1#issueCommand(&lt;function&gt;:124)
	at jdk.nashorn.internal.scripts.Script$Recompilation$44618$3841A$\^function\_.L:1#issueCommand(&lt;function&gt;:124)
	at jdk.nashorn.internal.scripts.Script$Recompilation$44618$3841A$\^function\_.L:1#issueCommand(&lt;function&gt;:124)
	at jdk.nashorn.internal.scripts.Script$Recompilation$44618$3841A$\^function\_.L:1#issueCommand(&lt;function&gt;:124)
	at jdk.nashorn.internal.scripts.Script$Recompilation$44618$3841A$\^function\_.L:1#issueCommand(&lt;function&gt;:124)
	at jdk.nashorn.internal.scripts.Script$Recompilation$44618$3841A$\^function\_.L:1#issueCommand(&lt;function&gt;:124)
	at jdk.nashorn.internal.scripts.Script$Recompilation$44618$3841A$\^function\_.L:1#issueCommand(&lt;function&gt;:124)
	at jdk.nashorn.internal.scripts.Script$Recompilation$44618$3841A$\^function\_.L:1#issueCommand(&lt;function&gt;:124)
	at jdk.nashorn.internal.scripts.Script$Recompilation$44618$3841A$\^function\_.L:1#issueCommand(&lt;function&gt;:124)
	at jdk.nashorn.internal.scripts.Script$Recompilation$44618$3841A$\^function\_.L:1#issueCommand(&lt;function&gt;:124)
	at jdk.nashorn.internal.scripts.Script$Recompilation$44618$3841A$\^function\_.L:1#issueCommand(&lt;function&gt;:124)
	at jdk.nashorn.internal.scripts.Script$Recompilation$44618$3841A$\^function\_.L:1#issueCommand(&lt;function&gt;:124)
	at jdk.nashorn.internal.scripts.Script$Recompilation$44618$3841A$\^function\_.L:1#issueCommand(&lt;function&gt;:124)
	at jdk.nashorn.internal.scripts.Script$Recompilation$44618$3841A$\^function\_.L:1#issueCommand(&lt;function&gt;:124)
	at jdk.nashorn.internal.scripts.Script$Recompilation$44618$3841A$\^function\_.L:1#issueCommand(&lt;function&gt;:124)
	at jdk.nashorn.internal.scripts.Script$Recompilation$44618$3841A$\^function\_.L:1#issueCommand(&lt;function&gt;:124)
	at jdk.nashorn.internal.scripts.Script$Recompilation$44618$3841A$\^function\_.L:1#issueCommand(&lt;function&gt;:124)
	at jdk.nashorn.internal.scripts.Script$Recompilation$44618$3841A$\^function\_.L:1#issueCommand(&lt;function&gt;:124)
	at jdk.nashorn.internal.scripts.Script$Recompilation$44618$3841A$\^function\_.L:1#issueCommand(&lt;function&gt;:124)
	at jdk.nashorn.internal.scripts.Script$Recompilation$44618$3841A$\^function\_.L:1#issueCommand(&lt;function&gt;:124)
	at jdk.nashorn.internal.scripts.Script$Recompilation$44618$3841A$\^function\_.L:1#issueCommand(&lt;function&gt;:124)
	at jdk.nashorn.internal.scripts.Script$Recompilation$44618$3841A$\^function\_.L:1#issueCommand(&lt;function&gt;:124)
	at jdk.nashorn.internal.scripts.Script$Recompilation$44618$3841A$\^function\_.L:1#issueCommand(&lt;function&gt;:124)
	at jdk.nashorn.internal.scripts.Script$Recompilation$44618$3841A$\^function\_.L:1#issueCommand(&lt;function&gt;:124)
	at jdk.nashorn.internal.scripts.Script$Recompilation$44618$3841A$\^function\_.L:1#issueCommand(&lt;function&gt;:124)
	at jdk.nashorn.internal.scripts.Script$Recompilation$44618$3841A$\^function\_.L:1#issueCommand(&lt;function&gt;:124)
	at jdk.nashorn.internal.scripts.Script$Recompilation$44618$3841A$\^function\_.L:1#issueCommand(&lt;function&gt;:124)
	at jdk.nashorn.internal.scripts.Script$Recompilation$44618$3841A$\^function\_.L:1#issueCommand(&lt;function&gt;:124)
	at jdk.nashorn.internal.scripts.Script$Recompilation$44618$3841A$\^function\_.L:1#issueCommand(&lt;function&gt;:124)
	at jdk.nashorn.internal.scripts.Script$Recompilation$44618$3841A$\^function\_.L:1#issueCommand(&lt;function&gt;:124)
	at jdk.nashorn.internal.scripts.Script$Recompilation$44618$3841A$\^function\_.L:1#issueCommand(&lt;function&gt;:124)
	at jdk.nashorn.internal.scripts.Script$Recompilation$44618$3841A$\^function\_.L:1#issueCommand(&lt;function&gt;:124)
	at jdk.nashorn.internal.scripts.Script$Recompilation$44618$3841A$\^function\_.L:1#issueCommand(&lt;function&gt;:124)
	at jdk.nashorn.internal.scripts.Script$Recompilation$44618$3841A$\^function\_.L:1#issueCommand(&lt;function&gt;:124)
	at jdk.nashorn.internal.scripts.Script$Recompilation$44618$3841A$\^function\_.L:1#issueCommand(&lt;function&gt;:124)
	at jdk.nashorn.internal.scripts.Script$Recompilation$44618$3841A$\^function\_.L:1#issueCommand(&lt;function&gt;:124)
	at jdk.nashorn.internal.scripts.Script$Recompilation$44618$3841A$\^function\_.L:1#issueCommand(&lt;function&gt;:124)
	at jdk.nashorn.internal.scripts.Script$Recompilation$44618$3841A$\^function\_.L:1#issueCommand(&lt;function&gt;:124)
	at jdk.nashorn.internal.scripts.Script$Recompilation$44618$3841A$\^function\_.L:1#issueCommand(&lt;function&gt;:124)
	at jdk.nashorn.internal.scripts.Script$Recompilation$44618$3841A$\^function\_.L:1#issueCommand(&lt;function&gt;:124)
	at jdk.nashorn.internal.scripts.Script$Recompilation$44618$3841A$\^function\_.L:1#issueCommand(&lt;function&gt;:124)
	at jdk.nashorn.internal.scripts.Script$Recompilation$44618$3841A$\^function\_.L:1#issueCommand(&lt;function&gt;:124)
	at jdk.nashorn.internal.scripts.Script$Recompilation$44618$3841A$\^function\_.L:1#issueCommand(&lt;function&gt;:124)
	at jdk.nashorn.internal.scripts.Script$Recompilation$44618$3841A$\^function\_.L:1#issueCommand(&lt;function&gt;:124)
	at jdk.nashorn.internal.scripts.Script$Recompilation$44618$3841A$\^function\_.L:1#issueCommand(&lt;function&gt;:124)
	at jdk.nashorn.internal.scripts.Script$Recompilation$44618$3841A$\^function\_.L:1#issueCommand(&lt;function&gt;:124)
	at jdk.nashorn.internal.scripts.Script$Recompilation$44618$3841A$\^function\_.L:1#issueCommand(&lt;function&gt;:124)
	at jdk.nashorn.internal.scripts.Script$Recompilation$44618$3841A$\^function\_.L:1#issueCommand(&lt;function&gt;:124)
	at jdk.nashorn.internal.scripts.Script$Recompilation$44618$3841A$\^function\_.L:1#issueCommand(&lt;function&gt;:124)
	at jdk.nashorn.internal.scripts.Script$Recompilation$44618$3841A$\^function\_.L:1#issueCommand(&lt;function&gt;:124)
	at jdk.nashorn.internal.scripts.Script$Recompilation$44618$3841A$\^function\_.L:1#issueCommand(&lt;function&gt;:124)
	at jdk.nashorn.internal.scripts.Script$Recompilation$44618$3841A$\^function\_.L:1#issueCommand(&lt;function&gt;:124)
	at jdk.nashorn.internal.scripts.Script$Recompilation$44618$3841A$\^function\_.L:1#issueCommand(&lt;function&gt;:124)
	at jdk.nashorn.internal.scripts.Script$Recompilation$44618$3841A$\^function\_.L:1#issueCommand(&lt;function&gt;:124)
	at jdk.nashorn.internal.scripts.Script$Recompilation$44618$3841A$\^function\_.L:1#issueCommand(&lt;function&gt;:124)
	at jdk.nashorn.internal.scripts.Script$Recompilation$44618$3841A$\^function\_.L:1#issueCommand(&lt;function&gt;:124)
	at jdk.nashorn.internal.scripts.Script$Recompilation$44618$3841A$\^function\_.L:1#issueCommand(&lt;function&gt;:124)
	at jdk.nashorn.internal.scripts.Script$Recompilation$44618$3841A$\^function\_.L:1#issueCommand(&lt;function&gt;:124)
	at jdk.nashorn.internal.scripts.Script$Recompilation$44618$3841A$\^function\_.L:1#issueCommand(&lt;function&gt;:124)
	at jdk.nashorn.internal.scripts.Script$Recompilation$44618$3841A$\^function\_.L:1#issueCommand(&lt;function&gt;:124)
	at jdk.nashorn.internal.scripts.Script$Recompilation$44618$3841A$\^function\_.L:1#issueCommand(&lt;function&gt;:124)
	at jdk.nashorn.internal.scripts.Script$Recompilation$44618$3841A$\^function\_.L:1#issueCommand(&lt;function&gt;:124)
	at jdk.nashorn.internal.scripts.Script$Recompilation$44618$3841A$\^function\_.L:1#issueCommand(&lt;function&gt;:124)
	at jdk.nashorn.internal.scripts.Script$Recompilation$44618$3841A$\^function\_.L:1#issueCommand(&lt;function&gt;:124)
	at jdk.nashorn.internal.scripts.Script$Recompilation$44618$3841A$\^function\_.L:1#issueCommand(&lt;function&gt;:124)
	at jdk.nashorn.internal.scripts.Script$Recompilation$44618$3841A$\^function\_.L:1#issueCommand(&lt;function&gt;:124)
	at jdk.nashorn.internal.scripts.Script$Recompilation$44618$3841A$\^function\_.L:1#issueCommand(&lt;function&gt;:124)
	at jdk.nashorn.internal.scripts.Script$Recompilation$44618$3841A$\^function\_.L:1#issueCommand(&lt;function&gt;:124)
	at jdk.nashorn.internal.scripts.Script$Recompilation$44618$3841A$\^function\_.L:1#issueCommand(&lt;function&gt;:124)
	at jdk.nashorn.internal.scripts.Script$Recompilation$44618$3841A$\^function\_.L:1#issueCommand(&lt;function&gt;:124)
	at jdk.nashorn.internal.scripts.Script$Recompilation$44618$3841A$\^function\_.L:1#issueCommand(&lt;function&gt;:124)
	at jdk.nashorn.internal.scripts.Script$Recompilation$44618$3841A$\^function\_.L:1#issueCommand(&lt;function&gt;:124)
	at jdk.nashorn.internal.scripts.Script$Recompilation$44618$3841A$\^function\_.L:1#issueCommand(&lt;function&gt;:124)
	at jdk.nashorn.internal.scripts.Script$Recompilation$44618$3841A$\^function\_.L:1#issueCommand(&lt;function&gt;:124)
	at jdk.nashorn.internal.scripts.Script$Recompilation$44618$3841A$\^function\_.L:1#issueCommand(&lt;function&gt;:124)
	at jdk.nashorn.internal.scripts.Script$Recompilation$44618$3841A$\^function\_.L:1#issueCommand(&lt;function&gt;:124)
	at jdk.nashorn.internal.scripts.Script$Recompilation$44618$3841A$\^function\_.L:1#issueCommand(&lt;function&gt;:124)
	at jdk.nashorn.internal.scripts.Script$Recompilation$44618$3841A$\^function\_.L:1#issueCommand(&lt;function&gt;:124)
	at jdk.nashorn.internal.scripts.Script$Recompilation$44618$3841A$\^function\_.L:1#issueCommand(&lt;function&gt;:124)
	at jdk.nashorn.internal.scripts.Script$Recompilation$44618$3841A$\^function\_.L:1#issueCommand(&lt;function&gt;:124)
	at jdk.nashorn.internal.scripts.Script$Recompilation$44618$3841A$\^function\_.L:1#issueCommand(&lt;function&gt;:124)
	at jdk.nashorn.internal.scripts.Script$Recompilation$44618$3841A$\^function\_.L:1#issueCommand(&lt;function&gt;:124)
	at jdk.nashorn.internal.scripts.Script$Recompilation$44618$3841A$\^function\_.L:1#issueCommand(&lt;function&gt;:124)
	at jdk.nashorn.internal.scripts.Script$Recompilation$44618$3841A$\^function\_.L:1#issueCommand(&lt;function&gt;:124)
	at jdk.nashorn.internal.scripts.Script$Recompilation$44618$3841A$\^function\_.L:1#issueCommand(&lt;function&gt;:124)
	at jdk.nashorn.internal.scripts.Script$Recompilation$44618$3841A$\^function\_.L:1#issueCommand(&lt;function&gt;:124)
	at jdk.nashorn.internal.scripts.Script$Recompilation$44618$3841A$\^function\_.L:1#issueCommand(&lt;function&gt;:124)
	at jdk.nashorn.internal.scripts.Script$Recompilation$44618$3841A$\^function\_.L:1#issueCommand(&lt;function&gt;:124)
	at jdk.nashorn.internal.scripts.Script$Recompilation$44618$3841A$\^function\_.L:1#issueCommand(&lt;function&gt;:124)
	at jdk.nashorn.internal.scripts.Script$Recompilation$44618$3841A$\^function\_.L:1#issueCommand(&lt;function&gt;:124)
	at jdk.nashorn.internal.scripts.Script$Recompilation$44618$3841A$\^function\_.L:1#issueCommand(&lt;function&gt;:124)
	at jdk.nashorn.internal.scripts.Script$Recompilation$44618$3841A$\^function\_.L:1#issueCommand(&lt;function&gt;:124)
	at jdk.nashorn.internal.scripts.Script$Recompilation$44618$3841A$\^function\_.L:1#issueCommand(&lt;function&gt;:124)
	at jdk.nashorn.internal.scripts.Script$Recompilation$44618$3841A$\^function\_.L:1#issueCommand(&lt;function&gt;:124)
	at jdk.nashorn.internal.scripts.Script$Recompilation$44618$3841A$\^function\_.L:1#issueCommand(&lt;function&gt;:124)
	at jdk.nashorn.internal.scripts.Script$Recompilation$44618$3841A$\^function\_.L:1#issueCommand(&lt;function&gt;:124)
	at jdk.nashorn.internal.scripts.Script$Recompilation$44618$3841A$\^function\_.L:1#issueCommand(&lt;function&gt;:124)
	at jdk.nashorn.internal.scripts.Script$Recompilation$44618$3841A$\^function\_.L:1#issueCommand(&lt;function&gt;:124)
	at jdk.nashorn.internal.scripts.Script$Recompilation$44618$3841A$\^function\_.L:1#issueCommand(&lt;function&gt;:124)
	at jdk.nashorn.internal.scripts.Script$Recompilation$44618$3841A$\^function\_.L:1#issueCommand(&lt;function&gt;:124)
	at jdk.nashorn.internal.scripts.Script$Recompilation$44618$3841A$\^function\_.L:1#issueCommand(&lt;function&gt;:124)
	at jdk.nashorn.internal.scripts.Script$Recompilation$44618$3841A$\^function\_.L:1#issueCommand(&lt;function&gt;:124)
	at jdk.nashorn.internal.scripts.Script$Recompilation$44618$3841A$\^function\_.L:1#issueCommand(&lt;function&gt;:124)
	at jdk.nashorn.internal.scripts.Script$Recompilation$44618$3841A$\^function\_.L:1#issueCommand(&lt;function&gt;:124)
	at jdk.nashorn.internal.scripts.Script$Recompilation$44618$3841A$\^function\_.L:1#issueCommand(&lt;function&gt;:124)
	at jdk.nashorn.internal.scripts.Script$Recompilation$44618$3841A$\^function\_.L:1#issueCommand(&lt;function&gt;:124)
	at jdk.nashorn.internal.scripts.Script$Recompilation$44618$3841A$\^function\_.L:1#issueCommand(&lt;function&gt;:124)
	at jdk.nashorn.internal.scripts.Script$Recompilation$44618$3841A$\^function\_.L:1#issueCommand(&lt;function&gt;:124)
	at jdk.nashorn.internal.scripts.Script$Recompilation$44618$3841A$\^function\_.L:1#issueCommand(&lt;function&gt;:124)
	at jdk.nashorn.internal.scripts.Script$Recompilation$44618$3841A$\^function\_.L:1#issueCommand(&lt;function&gt;:124)
	at jdk.nashorn.internal.scripts.Script$Recompilation$44618$3841A$\^function\_.L:1#issueCommand(&lt;function&gt;:124)
	at jdk.nashorn.internal.scripts.Script$Recompilation$44618$3841A$\^function\_.L:1#issueCommand(&lt;function&gt;:124)
	at jdk.nashorn.internal.scripts.Script$Recompilation$44618$3841A$\^function\_.L:1#issueCommand(&lt;function&gt;:124)
	at jdk.nashorn.internal.scripts.Script$Recompilation$44618$3841A$\^function\_.L:1#issueCommand(&lt;function&gt;:124)
	at jdk.nashorn.internal.scripts.Script$Recompilation$44618$3841A$\^function\_.L:1#issueCommand(&lt;function&gt;:124)
	at jdk.nashorn.internal.scripts.Script$Recompilation$44618$3841A$\^function\_.L:1#issueCommand(&lt;function&gt;:124)
	at jdk.nashorn.internal.scripts.Script$Recompilation$44618$3841A$\^function\_.L:1#issueCommand(&lt;function&gt;:124)
	at jdk.nashorn.internal.scripts.Script$Recompilation$44618$3841A$\^function\_.L:1#issueCommand(&lt;function&gt;:124)
	at jdk.nashorn.internal.scripts.Script$Recompilation$44618$3841A$\^function\_.L:1#issueCommand(&lt;function&gt;:124)
	at jdk.nashorn.internal.scripts.Script$Recompilation$44618$3841A$\^function\_.L:1#issueCommand(&lt;function&gt;:124)
	at jdk.nashorn.internal.scripts.Script$Recompilation$44618$3841A$\^function\_.L:1#issueCommand(&lt;function&gt;:124)
	at jdk.nashorn.internal.scripts.Script$Recompilation$44618$3841A$\^function\_.L:1#issueCommand(&lt;function&gt;:124)
	at jdk.nashorn.internal.scripts.Script$Recompilation$44618$3841A$\^function\_.L:1#issueCommand(&lt;function&gt;:124)
	at jdk.nashorn.internal.scripts.Script$Recompilation$44618$3841A$\^function\_.L:1#issueCommand(&lt;function&gt;:124)
	at jdk.nashorn.internal.scripts.Script$Recompilation$44618$3841A$\^function\_.L:1#issueCommand(&lt;function&gt;:124)
	at jdk.nashorn.internal.scripts.Script$Recompilation$44618$3841A$\^function\_.L:1#issueCommand(&lt;function&gt;:124)
	at jdk.nashorn.internal.scripts.Script$Recompilation$44618$3841A$\^function\_.L:1#issueCommand(&lt;function&gt;:124)
	at jdk.nashorn.internal.scripts.Script$Recompilation$44618$3841A$\^function\_.L:1#issueCommand(&lt;function&gt;:124)
	at jdk.nashorn.internal.scripts.Script$Recompilation$44618$3841A$\^function\_.L:1#issueCommand(&lt;function&gt;:124)
	at jdk.nashorn.internal.scripts.Script$Recompilation$44618$3841A$\^function\_.L:1#issueCommand(&lt;function&gt;:124)
	at jdk.nashorn.internal.scripts.Script$Recompilation$44618$3841A$\^function\_.L:1#issueCommand(&lt;function&gt;:124)
	at jdk.nashorn.internal.scripts.Script$Recompilation$44618$3841A$\^function\_.L:1#issueCommand(&lt;function&gt;:124)
	at jdk.nashorn.internal.scripts.Script$Recompilation$44618$3841A$\^function\_.L:1#issueCommand(&lt;function&gt;:124)
	at jdk.nashorn.internal.scripts.Script$Recompilation$44618$3841A$\^function\_.L:1#issueCommand(&lt;function&gt;:124)
	at jdk.nashorn.internal.scripts.Script$Recompilation$44618$3841A$\^function\_.L:1#issueCommand(&lt;function&gt;:124)
	at jdk.nashorn.internal.scripts.Script$Recompilation$44618$3841A$\^function\_.L:1#issueCommand(&lt;function&gt;:124)
	at jdk.nashorn.internal.scripts.Script$Recompilation$44618$3841A$\^function\_.L:1#issueCommand(&lt;function&gt;:124)
	at jdk.nashorn.internal.scripts.Script$Recompilation$44618$3841A$\^function\_.L:1#issueCommand(&lt;function&gt;:124)
	at jdk.nashorn.internal.scripts.Script$Recompilation$44618$3841A$\^function\_.L:1#issueCommand(&lt;function&gt;:124)
	at jdk.nashorn.internal.scripts.Script$Recompilation$44618$3841A$\^function\_.L:1#issueCommand(&lt;function&gt;:124)
	at jdk.nashorn.internal.scripts.Script$Recompilation$44618$3841A$\^function\_.L:1#issueCommand(&lt;function&gt;:124)
	at jdk.nashorn.internal.scripts.Script$Recompilation$44618$3841A$\^function\_.L:1#issueCommand(&lt;function&gt;:124)
	at jdk.nashorn.internal.scripts.Script$Recompilation$44618$3841A$\^function\_.L:1#issueCommand(&lt;function&gt;:124)
	at jdk.nashorn.internal.scripts.Script$Recompilation$44618$3841A$\^function\_.L:1#issueCommand(&lt;function&gt;:124)
	at jdk.nashorn.internal.scripts.Script$Recompilation$44618$3841A$\^function\_.L:1#issueCommand(&lt;function&gt;:124)
	at jdk.nashorn.internal.scripts.Script$Recompilation$44618$3841A$\^function\_.L:1#issueCommand(&lt;function&gt;:124)
	at jdk.nashorn.internal.scripts.Script$Recompilation$44618$3841A$\^function\_.L:1#issueCommand(&lt;function&gt;:124)
	at jdk.nashorn.internal.scripts.Script$Recompilation$44618$3841A$\^function\_.L:1#issueCommand(&lt;function&gt;:124)
	at jdk.nashorn.internal.scripts.Script$Recompilation$44618$3841A$\^function\_.L:1#issueCommand(&lt;function&gt;:124)
	at jdk.nashorn.internal.scripts.Script$Recompilation$44618$3841A$\^function\_.L:1#issueCommand(&lt;function&gt;:124)
	at jdk.nashorn.internal.scripts.Script$Recompilation$44618$3841A$\^function\_.L:1#issueCommand(&lt;function&gt;:124)
	at jdk.nashorn.internal.scripts.Script$Recompilation$44618$3841A$\^function\_.L:1#issueCommand(&lt;function&gt;:124)
	at jdk.nashorn.internal.scripts.Script$Recompilation$44618$3841A$\^function\_.L:1#issueCommand(&lt;function&gt;:124)
	at jdk.nashorn.internal.scripts.Script$Recompilation$44618$3841A$\^function\_.L:1#issueCommand(&lt;function&gt;:124)
	at jdk.nashorn.internal.scripts.Script$Recompilation$44618$3841A$\^function\_.L:1#issueCommand(&lt;function&gt;:124)
	at jdk.nashorn.internal.scripts.Script$Recompilation$44618$3841A$\^function\_.L:1#issueCommand(&lt;function&gt;:124)
	at jdk.nashorn.internal.scripts.Script$Recompilation$44618$3841A$\^function\_.L:1#issueCommand(&lt;function&gt;:124)
	at jdk.nashorn.internal.scripts.Script$Recompilation$44618$3841A$\^function\_.L:1#issueCommand(&lt;function&gt;:124)
	at jdk.nashorn.internal.scripts.Script$Recompilation$44618$3841A$\^function\_.L:1#issueCommand(&lt;function&gt;:124)
	at jdk.nashorn.internal.scripts.Script$Recompilation$44618$3841A$\^function\_.L:1#issueCommand(&lt;function&gt;:124)
	at jdk.nashorn.internal.scripts.Script$Recompilation$44618$3841A$\^function\_.L:1#issueCommand(&lt;function&gt;:124)
	at jdk.nashorn.internal.scripts.Script$Recompilation$44618$3841A$\^function\_.L:1#issueCommand(&lt;function&gt;:124)
	at jdk.nashorn.internal.scripts.Script$Recompilation$44618$3841A$\^function\_.L:1#issueCommand(&lt;function&gt;:124)
	at jdk.nashorn.internal.scripts.Script$Recompilation$44618$3841A$\^function\_.L:1#issueCommand(&lt;function&gt;:124)
	at jdk.nashorn.internal.scripts.Script$Recompilation$44618$3841A$\^function\_.L:1#issueCommand(&lt;function&gt;:124)
	at jdk.nashorn.internal.scripts.Script$Recompilation$44618$3841A$\^function\_.L:1#issueCommand(&lt;function&gt;:124)
	at jdk.nashorn.internal.scripts.Script$Recompilation$44618$3841A$\^function\_.L:1#issueCommand(&lt;function&gt;:124)
	at jdk.nashorn.internal.scripts.Script$Recompilation$44618$3841A$\^function\_.L:1#issueCommand(&lt;function&gt;:124)
	at jdk.nashorn.internal.scripts.Script$Recompilation$44618$3841A$\^function\_.L:1#issueCommand(&lt;function&gt;:124)
	at jdk.nashorn.internal.scripts.Script$Recompilation$44618$3841A$\^function\_.L:1#issueCommand(&lt;function&gt;:124)
	at jdk.nashorn.internal.scripts.Script$Recompilation$44618$3841A$\^function\_.L:1#issueCommand(&lt;function&gt;:124)
	at jdk.nashorn.internal.scripts.Script$Recompilation$44618$3841A$\^function\_.L:1#issueCommand(&lt;function&gt;:124)
	at jdk.nashorn.internal.scripts.Script$Recompilation$44618$3841A$\^function\_.L:1#issueCommand(&lt;function&gt;:124)
	at jdk.nashorn.internal.scripts.Script$Recompilation$44618$3841A$\^function\_.L:1#issueCommand(&lt;function&gt;:124)
	at jdk.nashorn.internal.scripts.Script$Recompilation$44618$3841A$\^function\_.L:1#issueCommand(&lt;function&gt;:124)
	at jdk.nashorn.internal.scripts.Script$Recompilation$44618$3841A$\^function\_.L:1#issueCommand(&lt;function&gt;:124)
	at jdk.nashorn.internal.scripts.Script$Recompilation$44618$3841A$\^function\_.L:1#issueCommand(&lt;function&gt;:124)
	at jdk.nashorn.internal.scripts.Script$Recompilation$44618$3841A$\^function\_.L:1#issueCommand(&lt;function&gt;:124)
	at jdk.nashorn.internal.scripts.Script$Recompilation$44618$3841A$\^function\_.L:1#issueCommand(&lt;function&gt;:124)
	at jdk.nashorn.internal.scripts.Script$Recompilation$44618$3841A$\^function\_.L:1#issueCommand(&lt;function&gt;:124)
	at jdk.nashorn.internal.scripts.Script$Recompilation$44618$3841A$\^function\_.L:1#issueCommand(&lt;function&gt;:124)
	at jdk.nashorn.internal.scripts.Script$Recompilation$44618$3841A$\^function\_.L:1#issueCommand(&lt;function&gt;:124)
	at jdk.nashorn.internal.scripts.Script$Recompilation$44618$3841A$\^function\_.L:1#issueCommand(&lt;function&gt;:124)
	at jdk.nashorn.internal.scripts.Script$Recompilation$44618$3841A$\^function\_.L:1#issueCommand(&lt;function&gt;:124)
	at jdk.nashorn.internal.scripts.Script$Recompilation$44618$3841A$\^function\_.L:1#issueCommand(&lt;function&gt;:124)
	at jdk.nashorn.internal.scripts.Script$Recompilation$44618$3841A$\^function\_.L:1#issueCommand(&lt;function&gt;:124)
	at jdk.nashorn.internal.scripts.Script$Recompilation$44618$3841A$\^function\_.L:1#issueCommand(&lt;function&gt;:124)
	at jdk.nashorn.internal.scripts.Script$Recompilation$44618$3841A$\^function\_.L:1#issueCommand(&lt;function&gt;:124)
	at jdk.nashorn.internal.scripts.Script$Recompilation$44618$3841A$\^function\_.L:1#issueCommand(&lt;function&gt;:124)
	at jdk.nashorn.internal.scripts.Script$Recompilation$44618$3841A$\^function\_.L:1#issueCommand(&lt;function&gt;:124)
	at jdk.nashorn.internal.scripts.Script$Recompilation$44618$3841A$\^function\_.L:1#issueCommand(&lt;function&gt;:124)
	at jdk.nashorn.internal.scripts.Script$Recompilation$44618$3841A$\^function\_.L:1#issueCommand(&lt;function&gt;:124)
	at jdk.nashorn.internal.scripts.Script$Recompilation$44618$3841A$\^function\_.L:1#issueCommand(&lt;function&gt;:124)
	at jdk.nashorn.internal.scripts.Script$Recompilation$44618$3841A$\^function\_.L:1#issueCommand(&lt;function&gt;:124)
	at jdk.nashorn.internal.scripts.Script$Recompilation$44618$3841A$\^function\_.L:1#issueCommand(&lt;function&gt;:124)
	at jdk.nashorn.internal.scripts.Script$Recompilation$44618$3841A$\^function\_.L:1#issueCommand(&lt;function&gt;:124)
	at jdk.nashorn.internal.scripts.Script$Recompilation$44618$3841A$\^function\_.L:1#issueCommand(&lt;function&gt;:124)
	at jdk.nashorn.internal.scripts.Script$Recompilation$44618$3841A$\^function\_.L:1#issueCommand(&lt;function&gt;:124)
	at jdk.nashorn.internal.scripts.Script$Recompilation$44618$3841A$\^function\_.L:1#issueCommand(&lt;function&gt;:124)
	at jdk.nashorn.internal.scripts.Script$Recompilation$44618$3841A$\^function\_.L:1#issueCommand(&lt;function&gt;:124)
	at jdk.nashorn.internal.scripts.Script$Recompilation$44618$3841A$\^function\_.L:1#issueCommand(&lt;function&gt;:124)
	at jdk.nashorn.internal.scripts.Script$Recompilation$44618$3841A$\^function\_.L:1#issueCommand(&lt;function&gt;:124)
	at jdk.nashorn.internal.scripts.Script$Recompilation$44618$3841A$\^function\_.L:1#issueCommand(&lt;function&gt;:124)
	at jdk.nashorn.internal.scripts.Script$Recompilation$44618$3841A$\^function\_.L:1#issueCommand(&lt;function&gt;:124)
	at jdk.nashorn.internal.scripts.Script$Recompilation$44618$3841A$\^function\_.L:1#issueCommand(&lt;function&gt;:124)
	at jdk.nashorn.internal.scripts.Script$Recompilation$44618$3841A$\^function\_.L:1#issueCommand(&lt;function&gt;:124)
	at jdk.nashorn.internal.scripts.Script$Recompilation$44618$3841A$\^function\_.L:1#issueCommand(&lt;function&gt;:124)
	at jdk.nashorn.internal.scripts.Script$Recompilation$44618$3841A$\^function\_.L:1#issueCommand(&lt;function&gt;:124)
	at jdk.nashorn.internal.scripts.Script$Recompilation$44618$3841A$\^function\_.L:1#issueCommand(&lt;function&gt;:124)
	at jdk.nashorn.internal.scripts.Script$Recompilation$44618$3841A$\^function\_.L:1#issueCommand(&lt;function&gt;:124)
	at jdk.nashorn.internal.scripts.Script$Recompilation$44618$3841A$\^function\_.L:1#issueCommand(&lt;function&gt;:124)
	at jdk.nashorn.internal.scripts.Script$Recompilation$44618$3841A$\^function\_.L:1#issueCommand(&lt;function&gt;:124)
	at jdk.nashorn.internal.scripts.Script$Recompilation$44618$3841A$\^function\_.L:1#issueCommand(&lt;function&gt;:124)
	at jdk.nashorn.internal.scripts.Script$Recompilation$44618$3841A$\^function\_.L:1#issueCommand(&lt;function&gt;:124)
	at jdk.nashorn.internal.scripts.Script$Recompilation$44618$3841A$\^function\_.L:1#issueCommand(&lt;function&gt;:124)
	at jdk.nashorn.internal.scripts.Script$Recompilation$44618$3841A$\^function\_.L:1#issueCommand(&lt;function&gt;:124)
	at jdk.nashorn.internal.scripts.Script$Recompilation$44618$3841A$\^function\_.L:1#issueCommand(&lt;function&gt;:124)
	at jdk.nashorn.internal.scripts.Script$Recompilation$44618$3841A$\^function\_.L:1#issueCommand(&lt;function&gt;:124)
	at jdk.nashorn.internal.scripts.Script$Recompilation$44618$3841A$\^function\_.L:1#issueCommand(&lt;function&gt;:124)
	at jdk.nashorn.internal.scripts.Script$Recompilation$44618$3841A$\^function\_.L:1#issueCommand(&lt;function&gt;:124)
	at jdk.nashorn.internal.scripts.Script$Recompilation$44618$3841A$\^function\_.L:1#issueCommand(&lt;function&gt;:124)
	at jdk.nashorn.internal.scripts.Script$Recompilation$44618$3841A$\^function\_.L:1#issueCommand(&lt;function&gt;:124)
	at jdk.nashorn.internal.scripts.Script$Recompilation$44618$3841A$\^function\_.L:1#issueCommand(&lt;function&gt;:124)
	at jdk.nashorn.internal.scripts.Script$Recompilation$44618$3841A$\^function\_.L:1#issueCommand(&lt;function&gt;:124)
	at jdk.nashorn.internal.scripts.Script$Recompilation$44618$3841A$\^function\_.L:1#issueCommand(&lt;function&gt;:124)
	at jdk.nashorn.internal.scripts.Script$Recompilation$44618$3841A$\^function\_.L:1#issueCommand(&lt;function&gt;:124)
	at jdk.nashorn.internal.scripts.Script$Recompilation$44618$3841A$\^function\_.L:1#issueCommand(&lt;function&gt;:124)
	at jdk.nashorn.internal.scripts.Script$Recompilation$44618$3841A$\^function\_.L:1#issueCommand(&lt;function&gt;:124)
	at jdk.nashorn.internal.scripts.Script$Recompilation$44618$3841A$\^function\_.L:1#issueCommand(&lt;function&gt;:124)
	at jdk.nashorn.internal.scripts.Script$Recompilation$44618$3841A$\^function\_.L:1#issueCommand(&lt;function&gt;:124)
	at jdk.nashorn.internal.scripts.Script$Recompilation$44618$3841A$\^function\_.L:1#issueCommand(&lt;function&gt;:124)
	at jdk.nashorn.internal.scripts.Script$Recompilation$44618$3841A$\^function\_.L:1#issueCommand(&lt;function&gt;:124)
	at jdk.nashorn.internal.scripts.Script$Recompilation$44618$3841A$\^function\_.L:1#issueCommand(&lt;function&gt;:124)
	at jdk.nashorn.internal.scripts.Script$Recompilation$44618$3841A$\^function\_.L:1#issueCommand(&lt;function&gt;:124)
	at jdk.nashorn.internal.scripts.Script$Recompilation$44618$3841A$\^function\_.L:1#issueCommand(&lt;function&gt;:124)
	at jdk.nashorn.internal.scripts.Script$Recompilation$44618$3841A$\^function\_.L:1#issueCommand(&lt;function&gt;:124)
	at jdk.nashorn.internal.scripts.Script$Recompilation$44618$3841A$\^function\_.L:1#issueCommand(&lt;function&gt;:124)
	at jdk.nashorn.internal.scripts.Script$Recompilation$44618$3841A$\^function\_.L:1#issueCommand(&lt;function&gt;:124)
	at jdk.nashorn.internal.scripts.Script$Recompilation$44618$3841A$\^function\_.L:1#issueCommand(&lt;function&gt;:124)
	at jdk.nashorn.internal.scripts.Script$Recompilation$44618$3841A$\^function\_.L:1#issueCommand(&lt;function&gt;:124)
	at jdk.nashorn.internal.scripts.Script$Recompilation$44618$3841A$\^function\_.L:1#issueCommand(&lt;function&gt;:124)
	at jdk.nashorn.internal.scripts.Script$Recompilation$44618$3841A$\^function\_.L:1#issueCommand(&lt;function&gt;:124)
	at jdk.nashorn.internal.scripts.Script$Recompilation$44618$3841A$\^function\_.L:1#issueCommand(&lt;function&gt;:124)
	at jdk.nashorn.internal.scripts.Script$Recompilation$44618$3841A$\^function\_.L:1#issueCommand(&lt;function&gt;:124)
	at jdk.nashorn.internal.scripts.Script$Recompilation$44618$3841A$\^function\_.L:1#issueCommand(&lt;function&gt;:124)
	at jdk.nashorn.internal.scripts.Script$Recompilation$44618$3841A$\^function\_.L:1#issueCommand(&lt;function&gt;:124)
	at jdk.nashorn.internal.scripts.Script$Recompilation$44618$3841A$\^function\_.L:1#issueCommand(&lt;function&gt;:124)
	at jdk.nashorn.internal.scripts.Script$Recompilation$44618$3841A$\^function\_.L:1#issueCommand(&lt;function&gt;:124)
	at jdk.nashorn.internal.scripts.Script$Recompilation$44618$3841A$\^function\_.L:1#issueCommand(&lt;function&gt;:124)
	at jdk.nashorn.internal.scripts.Script$Recompilation$44618$3841A$\^function\_.L:1#issueCommand(&lt;function&gt;:124)
	at jdk.nashorn.internal.scripts.Script$Recompilation$44618$3841A$\^function\_.L:1#issueCommand(&lt;function&gt;:124)
	at jdk.nashorn.internal.scripts.Script$Recompilation$44618$3841A$\^function\_.L:1#issueCommand(&lt;function&gt;:124)
	at jdk.nashorn.internal.scripts.Script$Recompilation$44618$3841A$\^function\_.L:1#issueCommand(&lt;function&gt;:124)
	at jdk.nashorn.internal.scripts.Script$Recompilation$44618$3841A$\^function\_.L:1#issueCommand(&lt;function&gt;:124)
	at jdk.nashorn.internal.scripts.Script$Recompilation$44618$3841A$\^function\_.L:1#issueCommand(&lt;function&gt;:124)
	at jdk.nashorn.internal.scripts.Script$Recompilation$44618$3841A$\^function\_.L:1#issueCommand(&lt;function&gt;:124)
	at jdk.nashorn.internal.scripts.Script$Recompilation$44618$3841A$\^function\_.L:1#issueCommand(&lt;function&gt;:124)
	at jdk.nashorn.internal.scripts.Script$Recompilation$44618$3841A$\^function\_.L:1#issueCommand(&lt;function&gt;:124)
	at jdk.nashorn.internal.scripts.Script$Recompilation$44618$3841A$\^function\_.L:1#issueCommand(&lt;function&gt;:124)
	at jdk.nashorn.internal.scripts.Script$Recompilation$44618$3841A$\^function\_.L:1#issueCommand(&lt;function&gt;:124)
	at jdk.nashorn.internal.scripts.Script$Recompilation$44618$3841A$\^function\_.L:1#issueCommand(&lt;function&gt;:124)
	at jdk.nashorn.internal.scripts.Script$Recompilation$44618$3841A$\^function\_.L:1#issueCommand(&lt;function&gt;:124)
	at jdk.nashorn.internal.scripts.Script$Recompilation$44618$3841A$\^function\_.L:1#issueCommand(&lt;function&gt;:124)
	at jdk.nashorn.internal.scripts.Script$Recompilation$44618$3841A$\^function\_.L:1#issueCommand(&lt;function&gt;:124)
	at jdk.nashorn.internal.scripts.Script$Recompilation$44618$3841A$\^function\_.L:1#issueCommand(&lt;function&gt;:124)
	at jdk.nashorn.internal.scripts.Script$Recompilation$44618$3841A$\^function\_.L:1#issueCommand(&lt;function&gt;:124)
	at jdk.nashorn.internal.scripts.Script$Recompilation$44618$3841A$\^function\_.L:1#issueCommand(&lt;function&gt;:124)
	at jdk.nashorn.internal.scripts.Script$Recompilation$44618$3841A$\^function\_.L:1#issueCommand(&lt;function&gt;:124)
	at jdk.nashorn.internal.scripts.Script$Recompilation$44618$3841A$\^function\_.L:1#issueCommand(&lt;function&gt;:124)
	at jdk.nashorn.internal.scripts.Script$Recompilation$44618$3841A$\^function\_.L:1#issueCommand(&lt;function&gt;:124)
	at jdk.nashorn.internal.scripts.Script$Recompilation$44618$3841A$\^function\_.L:1#issueCommand(&lt;function&gt;:124)
	at jdk.nashorn.internal.scripts.Script$Recompilation$44618$3841A$\^function\_.L:1#issueCommand(&lt;function&gt;:124)
	at jdk.nashorn.internal.scripts.Script$Recompilation$44618$3841A$\^function\_.L:1#issueCommand(&lt;function&gt;:124)
	at jdk.nashorn.internal.scripts.Script$Recompilation$44618$3841A$\^function\_.L:1#issueCommand(&lt;function&gt;:124)
	at jdk.nashorn.internal.scripts.Script$Recompilation$44618$3841A$\^function\_.L:1#issueCommand(&lt;function&gt;:124)
	at jdk.nashorn.internal.scripts.Script$Recompilation$44618$3841A$\^function\_.L:1#issueCommand(&lt;function&gt;:124)
	at jdk.nashorn.internal.scripts.Script$Recompilation$44618$3841A$\^function\_.L:1#issueCommand(&lt;function&gt;:124)
	at jdk.nashorn.internal.scripts.Script$Recompilation$44618$3841A$\^function\_.L:1#issueCommand(&lt;function&gt;:124)
	at jdk.nashorn.internal.scripts.Script$Recompilation$44618$3841A$\^function\_.L:1#issueCommand(&lt;function&gt;:124)
	at jdk.nashorn.internal.scripts.Script$Recompilation$44618$3841A$\^function\_.L:1#issueCommand(&lt;function&gt;:124)
	at jdk.nashorn.internal.scripts.Script$Recompilation$44618$3841A$\^function\_.L:1#issueCommand(&lt;function&gt;:124)
	at jdk.nashorn.internal.scripts.Script$Recompilation$44618$3841A$\^function\_.L:1#issueCommand(&lt;function&gt;:124)
	at jdk.nashorn.internal.scripts.Script$Recompilation$44618$3841A$\^function\_.L:1#issueCommand(&lt;function&gt;:124)
	at jdk.nashorn.internal.scripts.Script$Recompilation$44618$3841A$\^function\_.L:1#issueCommand(&lt;function&gt;:124)
	at jdk.nashorn.internal.scripts.Script$Recompilation$44618$3841A$\^function\_.L:1#issueCommand(&lt;function&gt;:124)
	at jdk.nashorn.internal.scripts.Script$Recompilation$44618$3841A$\^function\_.L:1#issueCommand(&lt;function&gt;:124)
	at jdk.nashorn.internal.scripts.Script$Recompilation$44618$3841A$\^function\_.L:1#issueCommand(&lt;function&gt;:124)
	at jdk.nashorn.internal.scripts.Script$Recompilation$44618$3841A$\^function\_.L:1#issueCommand(&lt;function&gt;:124)
	at jdk.nashorn.internal.scripts.Script$Recompilation$44618$3841A$\^function\_.L:1#issueCommand(&lt;function&gt;:124)
	at jdk.nashorn.internal.scripts.Script$Recompilation$44618$3841A$\^function\_.L:1#issueCommand(&lt;function&gt;:124)
	at jdk.nashorn.internal.scripts.Script$Recompilation$44618$3841A$\^function\_.L:1#issueCommand(&lt;function&gt;:124)
	at jdk.nashorn.internal.scripts.Script$Recompilation$44618$3841A$\^function\_.L:1#issueCommand(&lt;function&gt;:124)
	at jdk.nashorn.internal.scripts.Script$Recompilation$44618$3841A$\^function\_.L:1#issueCommand(&lt;function&gt;:124)
	at jdk.nashorn.internal.scripts.Script$Recompilation$44618$3841A$\^function\_.L:1#issueCommand(&lt;function&gt;:124)
	at jdk.nashorn.internal.scripts.Script$Recompilation$44618$3841A$\^function\_.L:1#issueCommand(&lt;function&gt;:124)
	at jdk.nashorn.internal.scripts.Script$Recompilation$44618$3841A$\^function\_.L:1#issueCommand(&lt;function&gt;:124)
	at jdk.nashorn.internal.scripts.Script$Recompilation$44618$3841A$\^function\_.L:1#issueCommand(&lt;function&gt;:124)
	at jdk.nashorn.internal.scripts.Script$Recompilation$44618$3841A$\^function\_.L:1#issueCommand(&lt;function&gt;:124)
	at jdk.nashorn.internal.scripts.Script$Recompilation$44618$3841A$\^function\_.L:1#issueCommand(&lt;function&gt;:124)
	at jdk.nashorn.internal.scripts.Script$Recompilation$44618$3841A$\^function\_.L:1#issueCommand(&lt;function&gt;:124)
	at jdk.nashorn.internal.scripts.Script$Recompilation$44618$3841A$\^function\_.L:1#issueCommand(&lt;function&gt;:124)
	at jdk.nashorn.internal.scripts.Script$Recompilation$44618$3841A$\^function\_.L:1#issueCommand(&lt;function&gt;:124)
	at jdk.nashorn.internal.scripts.Script$Recompilation$44618$3841A$\^function\_.L:1#issueCommand(&lt;function&gt;:124)
	at jdk.nashorn.internal.scripts.Script$Recompilation$44618$3841A$\^function\_.L:1#issueCommand(&lt;function&gt;:124)
	at jdk.nashorn.internal.scripts.Script$Recompilation$44618$3841A$\^function\_.L:1#issueCommand(&lt;function&gt;:124)
	at jdk.nashorn.internal.scripts.Script$Recompilation$44618$3841A$\^function\_.L:1#issueCommand(&lt;function&gt;:124)
	at jdk.nashorn.internal.scripts.Script$Recompilation$44618$3841A$\^function\_.L:1#issueCommand(&lt;function&gt;:124)
	at jdk.nashorn.internal.scripts.Script$Recompilation$44618$3841A$\^function\_.L:1#issueCommand(&lt;function&gt;:124)
	at jdk.nashorn.internal.scripts.Script$Recompilation$44618$3841A$\^function\_.L:1#issueCommand(&lt;function&gt;:124)
	at jdk.nashorn.internal.scripts.Script$Recompilation$44618$3841A$\^function\_.L:1#issueCommand(&lt;function&gt;:124)
	at jdk.nashorn.internal.scripts.Script$Recompilation$44618$3841A$\^function\_.L:1#issueCommand(&lt;function&gt;:124)
	at jdk.nashorn.internal.scripts.Script$Recompilation$44618$3841A$\^function\_.L:1#issueCommand(&lt;function&gt;:124)
	at jdk.nashorn.internal.scripts.Script$Recompilation$44618$3841A$\^function\_.L:1#issueCommand(&lt;function&gt;:124)
	at jdk.nashorn.internal.scripts.Script$Recompilation$44618$3841A$\^function\_.L:1#issueCommand(&lt;function&gt;:124)
	at jdk.nashorn.internal.scripts.Script$Recompilation$44618$3841A$\^function\_.L:1#issueCommand(&lt;function&gt;:124)
	at jdk.nashorn.internal.scripts.Script$Recompilation$44618$3841A$\^function\_.L:1#issueCommand(&lt;function&gt;:124)
	at jdk.nashorn.internal.scripts.Script$Recompilation$44618$3841A$\^function\_.L:1#issueCommand(&lt;function&gt;:124)
	at jdk.nashorn.internal.scripts.Script$Recompilation$44618$3841A$\^function\_.L:1#issueCommand(&lt;function&gt;:124)
	at jdk.nashorn.internal.scripts.Script$Recompilation$44618$3841A$\^function\_.L:1#issueCommand(&lt;function&gt;:124)
	at jdk.nashorn.internal.scripts.Script$Recompilation$44618$3841A$\^function\_.L:1#issueCommand(&lt;function&gt;:124)
	at jdk.nashorn.internal.scripts.Script$Recompilation$44618$3841A$\^function\_.L:1#issueCommand(&lt;function&gt;:124)
	at jdk.nashorn.internal.scripts.Script$Recompilation$44618$3841A$\^function\_.L:1#issueCommand(&lt;function&gt;:124)
	at jdk.nashorn.internal.scripts.Script$Recompilation$44618$3841A$\^function\_.L:1#issueCommand(&lt;function&gt;:124)
	at jdk.nashorn.internal.scripts.Script$Recompilation$44618$3841A$\^function\_.L:1#issueCommand(&lt;function&gt;:124)
	at jdk.nashorn.internal.scripts.Script$Recompilation$44618$3841A$\^function\_.L:1#issueCommand(&lt;function&gt;:124)
	at jdk.nashorn.internal.scripts.Script$Recompilation$44618$3841A$\^function\_.L:1#issueCommand(&lt;function&gt;:124)
	at jdk.nashorn.internal.scripts.Script$Recompilation$44618$3841A$\^function\_.L:1#issueCommand(&lt;function&gt;:124)
	at jdk.nashorn.internal.scripts.Script$Recompilation$44618$3841A$\^function\_.L:1#issueCommand(&lt;function&gt;:124)
	at jdk.nashorn.internal.scripts.Script$Recompilation$44618$3841A$\^function\_.L:1#issueCommand(&lt;function&gt;:124)
	at jdk.nashorn.internal.scripts.Script$Recompilation$44618$3841A$\^function\_.L:1#issueCommand(&lt;function&gt;:124)
	at jdk.nashorn.internal.scripts.Script$Recompilation$44618$3841A$\^function\_.L:1#issueCommand(&lt;function&gt;:124)
	at jdk.nashorn.internal.scripts.Script$Recompilation$44618$3841A$\^function\_.L:1#issueCommand(&lt;function&gt;:124)
	at jdk.nashorn.internal.scripts.Script$Recompilation$44618$3841A$\^function\_.L:1#issueCommand(&lt;function&gt;:124)
	at jdk.nashorn.internal.scripts.Script$Recompilation$44618$3841A$\^function\_.L:1#issueCommand(&lt;function&gt;:124)
	at jdk.nashorn.internal.scripts.Script$Recompilation$44618$3841A$\^function\_.L:1#issueCommand(&lt;function&gt;:124)
	at jdk.nashorn.internal.scripts.Script$Recompilation$44618$3841A$\^function\_.L:1#issueCommand(&lt;function&gt;:124)
	at jdk.nashorn.internal.scripts.Script$Recompilation$44618$3841A$\^function\_.L:1#issueCommand(&lt;function&gt;:124)
	at jdk.nashorn.internal.scripts.Script$Recompilation$44618$3841A$\^function\_.L:1#issueCommand(&lt;function&gt;:124)
	at jdk.nashorn.internal.scripts.Script$Recompilation$44618$3841A$\^function\_.L:1#issueCommand(&lt;function&gt;:124)
	at jdk.nashorn.internal.scripts.Script$Recompilation$44618$3841A$\^function\_.L:1#issueCommand(&lt;function&gt;:124)
	at jdk.nashorn.internal.scripts.Script$Recompilation$44618$3841A$\^function\_.L:1#issueCommand(&lt;function&gt;:124)
	at jdk.nashorn.internal.scripts.Script$Recompilation$44618$3841A$\^function\_.L:1#issueCommand(&lt;function&gt;:124)
	at jdk.nashorn.internal.scripts.Script$Recompilation$44618$3841A$\^function\_.L:1#issueCommand(&lt;function&gt;:124)
	at jdk.nashorn.internal.scripts.Script$Recompilation$44618$3841A$\^function\_.L:1#issueCommand(&lt;function&gt;:124)
	at jdk.nashorn.internal.scripts.Script$Recompilation$44618$3841A$\^function\_.L:1#issueCommand(&lt;function&gt;:124)
	at jdk.nashorn.internal.scripts.Script$Recompilation$44618$3841A$\^function\_.L:1#issueCommand(&lt;function&gt;:124)
	at jdk.nashorn.internal.scripts.Script$Recompilation$44618$3841A$\^function\_.L:1#issueCommand(&lt;function&gt;:124)
	at jdk.nashorn.internal.scripts.Script$Recompilation$44618$3841A$\^function\_.L:1#issueCommand(&lt;function&gt;:124)
	at jdk.nashorn.internal.scripts.Script$Recompilation$44618$3841A$\^function\_.L:1#issueCommand(&lt;function&gt;:124)
	at jdk.nashorn.internal.scripts.Script$Recompilation$44618$3841A$\^function\_.L:1#issueCommand(&lt;function&gt;:124)
	at jdk.nashorn.internal.scripts.Script$Recompilation$44618$3841A$\^function\_.L:1#issueCommand(&lt;function&gt;:124)
	at jdk.nashorn.internal.scripts.Script$Recompilation$44618$3841A$\^function\_.L:1#issueCommand(&lt;function&gt;:124)
	at jdk.nashorn.internal.scripts.Script$Recompilation$44618$3841A$\^function\_.L:1#issueCommand(&lt;function&gt;:124)
	at jdk.nashorn.internal.scripts.Script$Recompilation$44618$3841A$\^function\_.L:1#issueCommand(&lt;function&gt;:124)
	at jdk.nashorn.internal.scripts.Script$Recompilation$44618$3841A$\^function\_.L:1#issueCommand(&lt;function&gt;:124)
	at jdk.nashorn.internal.scripts.Script$Recompilation$44618$3841A$\^function\_.L:1#issueCommand(&lt;function&gt;:124)
	at jdk.nashorn.internal.scripts.Script$Recompilation$44618$3841A$\^function\_.L:1#issueCommand(&lt;function&gt;:124)
	at jdk.nashorn.internal.scripts.Script$Recompilation$44618$3841A$\^function\_.L:1#issueCommand(&lt;function&gt;:124)
	at jdk.nashorn.internal.scripts.Script$Recompilation$44618$3841A$\^function\_.L:1#issueCommand(&lt;function&gt;:124)
	at jdk.nashorn.internal.scripts.Script$Recompilation$44618$3841A$\^function\_.L:1#issueCommand(&lt;function&gt;:124)
	at jdk.nashorn.internal.scripts.Script$Recompilation$44618$3841A$\^function\_.L:1#issueCommand(&lt;function&gt;:124)
	at jdk.nashorn.internal.scripts.Script$Recompilation$44618$3841A$\^function\_.L:1#issueCommand(&lt;function&gt;:124)
	at jdk.nashorn.internal.scripts.Script$Recompilation$44618$3841A$\^function\_.L:1#issueCommand(&lt;function&gt;:124)
	at jdk.nashorn.internal.scripts.Script$Recompilation$44618$3841A$\^function\_.L:1#issueCommand(&lt;function&gt;:124)
	at jdk.nashorn.internal.scripts.Script$Recompilation$44618$3841A$\^function\_.L:1#issueCommand(&lt;function&gt;:124)
	at jdk.nashorn.internal.scripts.Script$Recompilation$44618$3841A$\^function\_.L:1#issueCommand(&lt;function&gt;:124)
	at jdk.nashorn.internal.scripts.Script$Recompilation$44618$3841A$\^function\_.L:1#issueCommand(&lt;function&gt;:124)
	at jdk.nashorn.internal.scripts.Script$Recompilation$44618$3841A$\^function\_.L:1#issueCommand(&lt;function&gt;:124)
	at jdk.nashorn.internal.scripts.Script$Recompilation$44618$3841A$\^function\_.L:1#issueCommand(&lt;function&gt;:124)
	at jdk.nashorn.internal.scripts.Script$Recompilation$44618$3841A$\^function\_.L:1#issueCommand(&lt;function&gt;:124)
	at jdk.nashorn.internal.scripts.Script$Recompilation$44618$3841A$\^function\_.L:1#issueCommand(&lt;function&gt;:124)
	at jdk.nashorn.internal.scripts.Script$Recompilation$44618$3841A$\^function\_.L:1#issueCommand(&lt;function&gt;:124)
	at jdk.nashorn.internal.scripts.Script$Recompilation$44618$3841A$\^function\_.L:1#issueCommand(&lt;function&gt;:124)
	at jdk.nashorn.internal.scripts.Script$Recompilation$44618$3841A$\^function\_.L:1#issueCommand(&lt;function&gt;:124)
	at jdk.nashorn.internal.scripts.Script$Recompilation$44618$3841A$\^function\_.L:1#issueCommand(&lt;function&gt;:124)
	at jdk.nashorn.internal.scripts.Script$Recompilation$44618$3841A$\^function\_.L:1#issueCommand(&lt;function&gt;:124)
	at jdk.nashorn.internal.scripts.Script$Recompilation$44618$3841A$\^function\_.L:1#issueCommand(&lt;function&gt;:124)
	at jdk.nashorn.internal.scripts.Script$Recompilation$44618$3841A$\^function\_.L:1#issueCommand(&lt;function&gt;:124)
	at jdk.nashorn.internal.scripts.Script$Recompilation$44618$3841A$\^function\_.L:1#issueCommand(&lt;function&gt;:124)
	at jdk.nashorn.internal.scripts.Script$Recompilation$44618$3841A$\^function\_.L:1#issueCommand(&lt;function&gt;:124)
	at jdk.nashorn.internal.scripts.Script$Recompilation$44618$3841A$\^function\_.L:1#issueCommand(&lt;function&gt;:124)
	at jdk.nashorn.internal.scripts.Script$Recompilation$44618$3841A$\^function\_.L:1#issueCommand(&lt;function&gt;:124)
	at jdk.nashorn.internal.scripts.Script$Recompilation$44618$3841A$\^function\_.L:1#issueCommand(&lt;function&gt;:124)
	at jdk.nashorn.internal.scripts.Script$Recompilation$44618$3841A$\^function\_.L:1#issueCommand(&lt;function&gt;:124)
	at jdk.nashorn.internal.scripts.Script$Recompilation$44618$3841A$\^function\_.L:1#issueCommand(&lt;function&gt;:124)
	at jdk.nashorn.internal.scripts.Script$Recompilation$44618$3841A$\^function\_.L:1#issueCommand(&lt;function&gt;:124)
	at jdk.nashorn.internal.scripts.Script$Recompilation$44618$3841A$\^function\_.L:1#issueCommand(&lt;function&gt;:124)
	at jdk.nashorn.internal.scripts.Script$Recompilation$44618$3841A$\^function\_.L:1#issueCommand(&lt;function&gt;:124)
	at jdk.nashorn.internal.scripts.Script$Recompilation$44618$3841A$\^function\_.L:1#issueCommand(&lt;function&gt;:124)
	at jdk.nashorn.internal.scripts.Script$Recompilation$44618$3841A$\^function\_.L:1#issueCommand(&lt;function&gt;:124)
	at jdk.nashorn.internal.scripts.Script$Recompilation$44618$3841A$\^function\_.L:1#issueCommand(&lt;function&gt;:124)
	at jdk.nashorn.internal.scripts.Script$Recompilation$44618$3841A$\^function\_.L:1#issueCommand(&lt;function&gt;:124)
	at jdk.nashorn.internal.scripts.Script$Recompilation$44618$3841A$\^function\_.L:1#issueCommand(&lt;function&gt;:124)
	at jdk.nashorn.internal.scripts.Script$Recompilation$44618$3841A$\^function\_.L:1#issueCommand(&lt;function&gt;:124)
	at jdk.nashorn.internal.scripts.Script$Recompilation$44618$3841A$\^function\_.L:1#issueCommand(&lt;function&gt;:124)
	at jdk.nashorn.internal.scripts.Script$Recompilation$44618$3841A$\^function\_.L:1#issueCommand(&lt;function&gt;:124)
	at jdk.nashorn.internal.scripts.Script$Recompilation$44618$3841A$\^function\_.L:1#issueCommand(&lt;function&gt;:124)
	at jdk.nashorn.internal.scripts.Script$Recompilation$44618$3841A$\^function\_.L:1#issueCommand(&lt;function&gt;:124)
	at jdk.nashorn.internal.scripts.Script$Recompilation$44618$3841A$\^function\_.L:1#issueCommand(&lt;function&gt;:124)
	at jdk.nashorn.internal.scripts.Script$Recompilation$44618$3841A$\^function\_.L:1#issueCommand(&lt;function&gt;:124)
	at jdk.nashorn.internal.scripts.Script$Recompilation$44618$3841A$\^function\_.L:1#issueCommand(&lt;function&gt;:124)
	at jdk.nashorn.internal.scripts.Script$Recompilation$44618$3841A$\^function\_.L:1#issueCommand(&lt;function&gt;:124)
	at jdk.nashorn.internal.scripts.Script$Recompilation$44618$3841A$\^function\_.L:1#issueCommand(&lt;function&gt;:124)
	at jdk.nashorn.internal.scripts.Script$Recompilation$44618$3841A$\^function\_.L:1#issueCommand(&lt;function&gt;:124)
	at jdk.nashorn.internal.scripts.Script$Recompilation$44618$3841A$\^function\_.L:1#issueCommand(&lt;function&gt;:124)
	at jdk.nashorn.internal.scripts.Script$Recompilation$44618$3841A$\^function\_.L:1#issueCommand(&lt;function&gt;:124)
	at jdk.nashorn.internal.scripts.Script$Recompilation$44618$3841A$\^function\_.L:1#issueCommand(&lt;function&gt;:124)
	at jdk.nashorn.internal.scripts.Script$Recompilation$44618$3841A$\^function\_.L:1#issueCommand(&lt;function&gt;:124)
	at jdk.nashorn.internal.scripts.Script$Recompilation$44618$3841A$\^function\_.L:1#issueCommand(&lt;function&gt;:124)
	at jdk.nashorn.internal.scripts.Script$Recompilation$44618$3841A$\^function\_.L:1#issueCommand(&lt;function&gt;:124)
	at jdk.nashorn.internal.scripts.Script$Recompilation$44618$3841A$\^function\_.L:1#issueCommand(&lt;function&gt;:124)
	at jdk.nashorn.internal.scripts.Script$Recompilation$44618$3841A$\^function\_.L:1#issueCommand(&lt;function&gt;:124)
	at jdk.nashorn.internal.scripts.Script$Recompilation$44618$3841A$\^function\_.L:1#issueCommand(&lt;function&gt;:124)
	at jdk.nashorn.internal.scripts.Script$Recompilation$44618$3841A$\^function\_.L:1#issueCommand(&lt;function&gt;:124)
	at jdk.nashorn.internal.scripts.Script$Recompilation$44618$3841A$\^function\_.L:1#issueCommand(&lt;function&gt;:124)
	at jdk.nashorn.internal.scripts.Script$Recompilation$44618$3841A$\^function\_.L:1#issueCommand(&lt;function&gt;:124)
	at jdk.nashorn.internal.scripts.Script$Recompilation$44618$3841A$\^function\_.L:1#issueCommand(&lt;function&gt;:124)
	at jdk.nashorn.internal.scripts.Script$Recompilation$44618$3841A$\^function\_.L:1#issueCommand(&lt;function&gt;:124)
	at jdk.nashorn.internal.scripts.Script$Recompilation$44618$3841A$\^function\_.L:1#issueCommand(&lt;function&gt;:124)
	at jdk.nashorn.internal.scripts.Script$Recompilation$44618$3841A$\^function\_.L:1#issueCommand(&lt;function&gt;:124)
	at jdk.nashorn.internal.scripts.Script$Recompilation$44618$3841A$\^function\_.L:1#issueCommand(&lt;function&gt;:124)
	at jdk.nashorn.internal.scripts.Script$Recompilation$44618$3841A$\^function\_.L:1#issueCommand(&lt;function&gt;:124)
	at jdk.nashorn.internal.scripts.Script$Recompilation$44618$3841A$\^function\_.L:1#issueCommand(&lt;function&gt;:124)
	at jdk.nashorn.internal.scripts.Script$Recompilation$44618$3841A$\^function\_.L:1#issueCommand(&lt;function&gt;:124)
	at jdk.nashorn.internal.scripts.Script$Recompilation$44618$3841A$\^function\_.L:1#issueCommand(&lt;function&gt;:124)
	at jdk.nashorn.internal.scripts.Script$Recompilation$44618$3841A$\^function\_.L:1#issueCommand(&lt;function&gt;:124)
	at jdk.nashorn.internal.scripts.Script$Recompilation$44618$3841A$\^function\_.L:1#issueCommand(&lt;function&gt;:124)
	at jdk.nashorn.internal.scripts.Script$Recompilation$44618$3841A$\^function\_.L:1#issueCommand(&lt;function&gt;:124)
	at jdk.nashorn.internal.scripts.Script$Recompilation$44618$3841A$\^function\_.L:1#issueCommand(&lt;function&gt;:124)
	at jdk.nashorn.internal.scripts.Script$Recompilation$44618$3841A$\^function\_.L:1#issueCommand(&lt;function&gt;:124)
	at jdk.nashorn.internal.scripts.Script$Recompilation$44618$3841A$\^function\_.L:1#issueCommand(&lt;function&gt;:124)
	at jdk.nashorn.internal.scripts.Script$Recompilation$44618$3841A$\^function\_.L:1#issueCommand(&lt;function&gt;:124)
	at jdk.nashorn.internal.scripts.Script$Recompilation$44618$3841A$\^function\_.L:1#issueCommand(&lt;function&gt;:124)
	at jdk.nashorn.internal.scripts.Script$Recompilation$44618$3841A$\^function\_.L:1#issueCommand(&lt;function&gt;:124)
	at jdk.nashorn.internal.scripts.Script$Recompilation$44618$3841A$\^function\_.L:1#issueCommand(&lt;function&gt;:124)
	at jdk.nashorn.internal.scripts.Script$Recompilation$44618$3841A$\^function\_.L:1#issueCommand(&lt;function&gt;:124)
	at jdk.nashorn.internal.scripts.Script$Recompilation$44618$3841A$\^function\_.L:1#issueCommand(&lt;function&gt;:124)
	at jdk.nashorn.internal.scripts.Script$Recompilation$44618$3841A$\^function\_.L:1#issueCommand(&lt;function&gt;:124)
	at jdk.nashorn.internal.scripts.Script$Recompilation$44618$3841A$\^function\_.L:1#issueCommand(&lt;function&gt;:124)
	at jdk.nashorn.internal.scripts.Script$Recompilation$44618$3841A$\^function\_.L:1#issueCommand(&lt;function&gt;:124)
	at jdk.nashorn.internal.scripts.Script$Recompilation$44618$3841A$\^function\_.L:1#issueCommand(&lt;function&gt;:124)
	at jdk.nashorn.internal.scripts.Script$Recompilation$44618$3841A$\^function\_.L:1#issueCommand(&lt;function&gt;:124)
	at jdk.nashorn.internal.scripts.Script$Recompilation$44618$3841A$\^function\_.L:1#issueCommand(&lt;function&gt;:124)
	at jdk.nashorn.internal.scripts.Script$Recompilation$44618$3841A$\^function\_.L:1#issueCommand(&lt;function&gt;:124)
	at jdk.nashorn.internal.scripts.Script$Recompilation$44618$3841A$\^function\_.L:1#issueCommand(&lt;function&gt;:124)
	at jdk.nashorn.internal.scripts.Script$Recompilation$44618$3841A$\^function\_.L:1#issueCommand(&lt;function&gt;:124)
	at jdk.nashorn.internal.scripts.Script$Recompilation$44618$3841A$\^function\_.L:1#issueCommand(&lt;function&gt;:124)
	at jdk.nashorn.internal.scripts.Script$Recompilation$44618$3841A$\^function\_.L:1#issueCommand(&lt;function&gt;:124)
	at jdk.nashorn.internal.scripts.Script$Recompilation$44618$3841A$\^function\_.L:1#issueCommand(&lt;function&gt;:124)
	at jdk.nashorn.internal.scripts.Script$Recompilation$44618$3841A$\^function\_.L:1#issueCommand(&lt;function&gt;:124)
	at jdk.nashorn.internal.scripts.Script$Recompilation$44618$3841A$\^function\_.L:1#issueCommand(&lt;function&gt;:124)
	at jdk.nashorn.internal.scripts.Script$Recompilation$44618$3841A$\^function\_.L:1#issueCommand(&lt;function&gt;:124)
	at jdk.nashorn.internal.scripts.Script$Recompilation$44618$3841A$\^function\_.L:1#issueCommand(&lt;function&gt;:124)
	at jdk.nashorn.internal.scripts.Script$Recompilation$44618$3841A$\^function\_.L:1#issueCommand(&lt;function&gt;:124)
	at jdk.nashorn.internal.scripts.Script$Recompilation$44618$3841A$\^function\_.L:1#issueCommand(&lt;function&gt;:124)
	at jdk.nashorn.internal.scripts.Script$Recompilation$44618$3841A$\^function\_.L:1#issueCommand(&lt;function&gt;:124)
	at jdk.nashorn.internal.scripts.Script$Recompilation$44618$3841A$\^function\_.L:1#issueCommand(&lt;function&gt;:124)
	at jdk.nashorn.internal.scripts.Script$Recompilation$44618$3841A$\^function\_.L:1#issueCommand(&lt;function&gt;:124)
	at jdk.nashorn.internal.scripts.Script$Recompilation$44618$3841A$\^function\_.L:1#issueCommand(&lt;function&gt;:124)
	at jdk.nashorn.internal.scripts.Script$Recompilation$44618$3841A$\^function\_.L:1#issueCommand(&lt;function&gt;:124)
	at jdk.nashorn.internal.scripts.Script$Recompilation$44618$3841A$\^function\_.L:1#issueCommand(&lt;function&gt;:124)
	at jdk.nashorn.internal.scripts.Script$Recompilation$44618$3841A$\^function\_.L:1#issueCommand(&lt;function&gt;:124)
	at jdk.nashorn.internal.scripts.Script$Recompilation$44618$3841A$\^function\_.L:1#issueCommand(&lt;function&gt;:124)
	at jdk.nashorn.internal.scripts.Script$Recompilation$44618$3841A$\^function\_.L:1#issueCommand(&lt;function&gt;:124)
	at jdk.nashorn.internal.scripts.Script$Recompilation$44618$3841A$\^function\_.L:1#issueCommand(&lt;function&gt;:124)
	at jdk.nashorn.internal.scripts.Script$Recompilation$44618$3841A$\^function\_.L:1#issueCommand(&lt;function&gt;:124)
	at jdk.nashorn.internal.scripts.Script$Recompilation$44618$3841A$\^function\_.L:1#issueCommand(&lt;function&gt;:124)
	at jdk.nashorn.internal.scripts.Script$Recompilation$44618$3841A$\^function\_.L:1#issueCommand(&lt;function&gt;:124)
	at jdk.nashorn.internal.scripts.Script$Recompilation$44618$3841A$\^function\_.L:1#issueCommand(&lt;function&gt;:124)
	at jdk.nashorn.internal.scripts.Script$Recompilation$44618$3841A$\^function\_.L:1#issueCommand(&lt;function&gt;:124)
	at jdk.nashorn.internal.scripts.Script$Recompilation$44618$3841A$\^function\_.L:1#issueCommand(&lt;function&gt;:124)
	at jdk.nashorn.internal.scripts.Script$Recompilation$44618$3841A$\^function\_.L:1#issueCommand(&lt;function&gt;:124)
	at jdk.nashorn.internal.scripts.Script$Recompilation$44618$3841A$\^function\_.L:1#issueCommand(&lt;function&gt;:124)
	at jdk.nashorn.internal.scripts.Script$Recompilation$44618$3841A$\^function\_.L:1#issueCommand(&lt;function&gt;:124)
	at jdk.nashorn.internal.scripts.Script$Recompilation$44618$3841A$\^function\_.L:1#issueCommand(&lt;function&gt;:124)
	at jdk.nashorn.internal.scripts.Script$Recompilation$44618$3841A$\^function\_.L:1#issueCommand(&lt;function&gt;:124)
	at jdk.nashorn.internal.scripts.Script$Recompilation$44618$3841A$\^function\_.L:1#issueCommand(&lt;function&gt;:124)
	at jdk.nashorn.internal.scripts.Script$Recompilation$44618$3841A$\^function\_.L:1#issueCommand(&lt;function&gt;:124)
	at jdk.nashorn.internal.scripts.Script$Recompilation$44618$3841A$\^function\_.L:1#issueCommand(&lt;function&gt;:124)
	at jdk.nashorn.internal.scripts.Script$Recompilation$44618$3841A$\^function\_.L:1#issueCommand(&lt;function&gt;:124)
	at jdk.nashorn.internal.scripts.Script$Recompilation$44618$3841A$\^function\_.L:1#issueCommand(&lt;function&gt;:124)
	at jdk.nashorn.internal.scripts.Script$Recompilation$44618$3841A$\^function\_.L:1#issueCommand(&lt;function&gt;:124)
	at jdk.nashorn.internal.scripts.Script$Recompilation$44618$3841A$\^function\_.L:1#issueCommand(&lt;function&gt;:124)
	at jdk.nashorn.internal.scripts.Script$Recompilation$44618$3841A$\^function\_.L:1#issueCommand(&lt;function&gt;:124)
	at jdk.nashorn.internal.scripts.Script$Recompilation$44618$3841A$\^function\_.L:1#issueCommand(&lt;function&gt;:124)
	at jdk.nashorn.internal.scripts.Script$Recompilation$44618$3841A$\^function\_.L:1#issueCommand(&lt;function&gt;:124)
	at jdk.nashorn.internal.scripts.Script$Recompilation$44618$3841A$\^function\_.L:1#issueCommand(&lt;function&gt;:124)
	at jdk.nashorn.internal.scripts.Script$Recompilation$44618$3841A$\^function\_.L:1#issueCommand(&lt;function&gt;:124)
	at jdk.nashorn.internal.scripts.Script$Recompilation$44618$3841A$\^function\_.L:1#issueCommand(&lt;function&gt;:124)
	at jdk.nashorn.internal.scripts.Script$Recompilation$44618$3841A$\^function\_.L:1#issueCommand(&lt;function&gt;:124)
	at jdk.nashorn.internal.scripts.Script$Recompilation$44618$3841A$\^function\_.L:1#issueCommand(&lt;function&gt;:124)
	at jdk.nashorn.internal.scripts.Script$Recompilation$44618$3841A$\^function\_.L:1#issueCommand(&lt;function&gt;:124)
	at jdk.nashorn.internal.scripts.Script$Recompilation$44618$3841A$\^function\_.L:1#issueCommand(&lt;function&gt;:124)
	at jdk.nashorn.internal.scripts.Script$Recompilation$44618$3841A$\^function\_.L:1#issueCommand(&lt;function&gt;:124)
	at jdk.nashorn.internal.scripts.Script$Recompilation$44618$3841A$\^function\_.L:1#issueCommand(&lt;function&gt;:124)
	at jdk.nashorn.internal.scripts.Script$Recompilation$44618$3841A$\^function\_.L:1#issueCommand(&lt;function&gt;:124)
	at jdk.nashorn.internal.scripts.Script$Recompilation$44618$3841A$\^function\_.L:1#issueCommand(&lt;function&gt;:124)
	at jdk.nashorn.internal.scripts.Script$Recompilation$44618$3841A$\^function\_.L:1#issueCommand(&lt;function&gt;:124)
	at jdk.nashorn.internal.scripts.Script$Recompilation$44618$3841A$\^function\_.L:1#issueCommand(&lt;function&gt;:124)
	at jdk.nashorn.internal.scripts.Script$Recompilation$44618$3841A$\^function\_.L:1#issueCommand(&lt;function&gt;:124)
	at jdk.nashorn.internal.scripts.Script$Recompilation$44618$3841A$\^function\_.L:1#issueCommand(&lt;function&gt;:124)
	at jdk.nashorn.internal.scripts.Script$Recompilation$44618$3841A$\^function\_.L:1#issueCommand(&lt;function&gt;:124)
	at jdk.nashorn.internal.scripts.Script$Recompilation$44618$3841A$\^function\_.L:1#issueCommand(&lt;function&gt;:124)
	at jdk.nashorn.internal.scripts.Script$Recompilation$44618$3841A$\^function\_.L:1#issueCommand(&lt;function&gt;:124)
	at jdk.nashorn.internal.scripts.Script$Recompilation$44618$3841A$\^function\_.L:1#issueCommand(&lt;function&gt;:124)
	at jdk.nashorn.internal.scripts.Script$Recompilation$44618$3841A$\^function\_.L:1#issueCommand(&lt;function&gt;:124)
	at jdk.nashorn.internal.scripts.Script$Recompilation$44618$3841A$\^function\_.L:1#issueCommand(&lt;function&gt;:124)
	at jdk.nashorn.internal.scripts.Script$Recompilation$44618$3841A$\^function\_.L:1#issueCommand(&lt;function&gt;:124)
	at jdk.nashorn.internal.scripts.Script$Recompilation$44618$3841A$\^function\_.L:1#issueCommand(&lt;function&gt;:124)
	at jdk.nashorn.internal.scripts.Script$Recompilation$44618$3841A$\^function\_.L:1#issueCommand(&lt;function&gt;:124)
	at jdk.nashorn.internal.scripts.Script$Recompilation$44618$3841A$\^function\_.L:1#issueCommand(&lt;function&gt;:124)
	at jdk.nashorn.internal.scripts.Script$Recompilation$44618$3841A$\^function\_.L:1#issueCommand(&lt;function&gt;:124)
	at jdk.nashorn.internal.scripts.Script$Recompilation$44618$3841A$\^function\_.L:1#issueCommand(&lt;function&gt;:124)
	at jdk.nashorn.internal.scripts.Script$Recompilation$44618$3841A$\^function\_.L:1#issueCommand(&lt;function&gt;:124)
	at jdk.nashorn.internal.scripts.Script$Recompilation$44618$3841A$\^function\_.L:1#issueCommand(&lt;function&gt;:124)
	at jdk.nashorn.internal.scripts.Script$Recompilation$44618$3841A$\^function\_.L:1#issueCommand(&lt;function&gt;:124)
	at jdk.nashorn.internal.scripts.Script$Recompilation$44618$3841A$\^function\_.L:1#issueCommand(&lt;function&gt;:124)
	at jdk.nashorn.internal.scripts.Script$Recompilation$44618$3841A$\^function\_.L:1#issueCommand(&lt;function&gt;:124)
	at jdk.nashorn.internal.scripts.Script$Recompilation$44618$3841A$\^function\_.L:1#issueCommand(&lt;function&gt;:124)
	at jdk.nashorn.internal.scripts.Script$Recompilation$44618$3841A$\^function\_.L:1#issueCommand(&lt;function&gt;:124)
	at jdk.nashorn.internal.scripts.Script$Recompilation$44618$3841A$\^function\_.L:1#issueCommand(&lt;function&gt;:124)
	at jdk.nashorn.internal.scripts.Script$Recompilation$44618$3841A$\^function\_.L:1#issueCommand(&lt;function&gt;:124)
	at jdk.nashorn.internal.scripts.Script$Recompilation$44618$3841A$\^function\_.L:1#issueCommand(&lt;function&gt;:124)
	at jdk.nashorn.internal.scripts.Script$Recompilation$44618$3841A$\^function\_.L:1#issueCommand(&lt;function&gt;:124)
	at jdk.nashorn.internal.scripts.Script$Recompilation$44618$3841A$\^function\_.L:1#issueCommand(&lt;function&gt;:124)
	at jdk.nashorn.internal.scripts.Script$Recompilation$44618$3841A$\^function\_.L:1#issueCommand(&lt;function&gt;:124)
	at jdk.nashorn.internal.scripts.Script$Recompilation$44618$3841A$\^function\_.L:1#issueCommand(&lt;function&gt;:124)
	at jdk.nashorn.internal.scripts.Script$Recompilation$44618$3841A$\^function\_.L:1#issueCommand(&lt;function&gt;:124)
	at jdk.nashorn.internal.scripts.Script$Recompilation$44618$3841A$\^function\_.L:1#issueCommand(&lt;function&gt;:124)
	at jdk.nashorn.internal.scripts.Script$Recompilation$44618$3841A$\^function\_.L:1#issueCommand(&lt;function&gt;:124)
	at jdk.nashorn.internal.scripts.Script$Recompilation$44618$3841A$\^function\_.L:1#issueCommand(&lt;function&gt;:124)
	at jdk.nashorn.internal.scripts.Script$Recompilation$44618$3841A$\^function\_.L:1#issueCommand(&lt;function&gt;:124)
	at jdk.nashorn.internal.scripts.Script$Recompilation$44618$3841A$\^function\_.L:1#issueCommand(&lt;function&gt;:124)
	at jdk.nashorn.internal.scripts.Script$Recompilation$44618$3841A$\^function\_.L:1#issueCommand(&lt;function&gt;:124)
	at jdk.nashorn.internal.scripts.Script$Recompilation$44618$3841A$\^function\_.L:1#issueCommand(&lt;function&gt;:124)
	at jdk.nashorn.internal.scripts.Script$Recompilation$44618$3841A$\^function\_.L:1#issueCommand(&lt;function&gt;:124)
	at jdk.nashorn.internal.scripts.Script$Recompilation$44618$3841A$\^function\_.L:1#issueCommand(&lt;function&gt;:124)
	at jdk.nashorn.internal.scripts.Script$Recompilation$44618$3841A$\^function\_.L:1#issueCommand(&lt;function&gt;:124)
	at jdk.nashorn.internal.scripts.Script$Recompilation$44618$3841A$\^function\_.L:1#issueCommand(&lt;function&gt;:124)
	at jdk.nashorn.internal.scripts.Script$Recompilation$44618$3841A$\^function\_.L:1#issueCommand(&lt;function&gt;:124)
	at jdk.nashorn.internal.scripts.Script$Recompilation$44618$3841A$\^function\_.L:1#issueCommand(&lt;function&gt;:124)
	at jdk.nashorn.internal.scripts.Script$Recompilation$44618$3841A$\^function\_.L:1#issueCommand(&lt;function&gt;:124)
	at jdk.nashorn.internal.scripts.Script$Recompilation$44618$3841A$\^function\_.L:1#issueCommand(&lt;function&gt;:124)
	at jdk.nashorn.internal.scripts.Script$Recompilation$44618$3841A$\^function\_.L:1#issueCommand(&lt;function&gt;:124)
	at jdk.nashorn.internal.scripts.Script$Recompilation$44618$3841A$\^function\_.L:1#issueCommand(&lt;function&gt;:124)
	at jdk.nashorn.internal.scripts.Script$Recompilation$44618$3841A$\^function\_.L:1#issueCommand(&lt;function&gt;:124)
	at jdk.nashorn.internal.scripts.Script$Recompilation$44618$3841A$\^function\_.L:1#issueCommand(&lt;function&gt;:124)
	at jdk.nashorn.internal.scripts.Script$Recompilation$44618$3841A$\^function\_.L:1#issueCommand(&lt;function&gt;:124)
	at jdk.nashorn.internal.scripts.Script$Recompilation$44618$3841A$\^function\_.L:1#issueCommand(&lt;function&gt;:124)
	at jdk.nashorn.internal.scripts.Script$Recompilation$44618$3841A$\^function\_.L:1#issueCommand(&lt;function&gt;:124)
	at jdk.nashorn.internal.scripts.Script$Recompilation$44618$3841A$\^function\_.L:1#issueCommand(&lt;function&gt;:124)
	at jdk.nashorn.internal.scripts.Script$Recompilation$44618$3841A$\^function\_.L:1#issueCommand(&lt;function&gt;:124)
	at jdk.nashorn.internal.scripts.Script$Recompilation$44618$3841A$\^function\_.L:1#issueCommand(&lt;function&gt;:124)
	at jdk.nashorn.internal.scripts.Script$Recompilation$44618$3841A$\^function\_.L:1#issueCommand(&lt;function&gt;:124)
	at jdk.nashorn.internal.scripts.Script$Recompilation$44618$3841A$\^function\_.L:1#issueCommand(&lt;function&gt;:124)
	at jdk.nashorn.internal.scripts.Script$Recompilation$44618$3841A$\^function\_.L:1#issueCommand(&lt;function&gt;:124)
	at jdk.nashorn.internal.scripts.Script$Recompilation$44618$3841A$\^function\_.L:1#issueCommand(&lt;function&gt;:124)
	at jdk.nashorn.internal.scripts.Script$Recompilation$44618$3841A$\^function\_.L:1#issueCommand(&lt;function&gt;:124)
	at jdk.nashorn.internal.scripts.Script$Recompilation$44618$3841A$\^function\_.L:1#issueCommand(&lt;function&gt;:124)
	at jdk.nashorn.internal.scripts.Script$Recompilation$44618$3841A$\^function\_.L:1#issueCommand(&lt;function&gt;:124)
	at jdk.nashorn.internal.scripts.Script$Recompilation$44618$3841A$\^function\_.L:1#issueCommand(&lt;function&gt;:124)
	at jdk.nashorn.internal.scripts.Script$Recompilation$44618$3841A$\^function\_.L:1#issueCommand(&lt;function&gt;:124)
	at jdk.nashorn.internal.scripts.Script$Recompilation$44618$3841A$\^function\_.L:1#issueCommand(&lt;function&gt;:124)
	at jdk.nashorn.internal.scripts.Script$Recompilation$44618$3841A$\^function\_.L:1#issueCommand(&lt;function&gt;:124)
	at jdk.nashorn.internal.scripts.Script$Recompilation$44618$3841A$\^function\_.L:1#issueCommand(&lt;function&gt;:124)
	at jdk.nashorn.internal.scripts.Script$Recompilation$44618$3841A$\^function\_.L:1#issueCommand(&lt;function&gt;:124)
	at jdk.nashorn.internal.scripts.Script$Recompilation$44618$3841A$\^function\_.L:1#issueCommand(&lt;function&gt;:124)
	at jdk.nashorn.internal.scripts.Script$Recompilation$44618$3841A$\^function\_.L:1#issueCommand(&lt;function&gt;:124)
	at jdk.nashorn.internal.scripts.Script$Recompilation$44618$3841A$\^function\_.L:1#issueCommand(&lt;function&gt;:124)
	at jdk.nashorn.internal.scripts.Script$Recompilation$44618$3841A$\^function\_.L:1#issueCommand(&lt;function&gt;:124)
	at jdk.nashorn.internal.scripts.Script$Recompilation$44618$3841A$\^function\_.L:1#issueCommand(&lt;function&gt;:124)
	at jdk.nashorn.internal.scripts.Script$Recompilation$44618$3841A$\^function\_.L:1#issueCommand(&lt;function&gt;:124)
	at jdk.nashorn.internal.scripts.Script$Recompilation$44618$3841A$\^function\_.L:1#issueCommand(&lt;function&gt;:124)
	at jdk.nashorn.internal.scripts.Script$Recompilation$44618$3841A$\^function\_.L:1#issueCommand(&lt;function&gt;:124)
	at jdk.nashorn.internal.scripts.Script$Recompilation$44618$3841A$\^function\_.L:1#issueCommand(&lt;function&gt;:124)
	at jdk.nashorn.internal.scripts.Script$Recompilation$44618$3841A$\^function\_.L:1#issueCommand(&lt;function&gt;:124)
	at jdk.nashorn.internal.scripts.Script$Recompilation$44618$3841A$\^function\_.L:1#issueCommand(&lt;function&gt;:124)
	at jdk.nashorn.internal.scripts.Script$Recompilation$44618$3841A$\^function\_.L:1#issueCommand(&lt;function&gt;:124)
	at jdk.nashorn.internal.scripts.Script$Recompilation$44618$3841A$\^function\_.L:1#issueCommand(&lt;function&gt;:124)
	at jdk.nashorn.internal.scripts.Script$Recompilation$44618$3841A$\^function\_.L:1#issueCommand(&lt;function&gt;:124)
	at jdk.nashorn.internal.scripts.Script$Recompilation$44618$3841A$\^function\_.L:1#issueCommand(&lt;function&gt;:124)
	at jdk.nashorn.internal.scripts.Script$Recompilation$44618$3841A$\^function\_.L:1#issueCommand(&lt;function&gt;:124)
	at jdk.nashorn.internal.scripts.Script$Recompilation$44618$3841A$\^function\_.L:1#issueCommand(&lt;function&gt;:124)
	at jdk.nashorn.internal.scripts.Script$Recompilation$44618$3841A$\^function\_.L:1#issueCommand(&lt;function&gt;:124)
	at jdk.nashorn.internal.scripts.Script$Recompilation$44618$3841A$\^function\_.L:1#issueCommand(&lt;function&gt;:124)
	at jdk.nashorn.internal.scripts.Script$Recompilation$44618$3841A$\^function\_.L:1#issueCommand(&lt;function&gt;:124)
	at jdk.nashorn.internal.scripts.Script$Recompilation$44618$3841A$\^function\_.L:1#issueCommand(&lt;function&gt;:124)
	at jdk.nashorn.internal.scripts.Script$Recompilation$44618$3841A$\^function\_.L:1#issueCommand(&lt;function&gt;:124)
	at jdk.nashorn.internal.scripts.Script$Recompilation$44618$3841A$\^function\_.L:1#issueCommand(&lt;function&gt;:124)
	at jdk.nashorn.internal.scripts.Script$Recompilation$44618$3841A$\^function\_.L:1#issueCommand(&lt;function&gt;:124)
	at jdk.nashorn.internal.scripts.Script$Recompilation$44618$3841A$\^function\_.L:1#issueCommand(&lt;function&gt;:124)
	at jdk.nashorn.internal.scripts.Script$Recompilation$44618$3841A$\^function\_.L:1#issueCommand(&lt;function&gt;:124)
	at jdk.nashorn.internal.scripts.Script$Recompilation$44618$3841A$\^function\_.L:1#issueCommand(&lt;function&gt;:124)
	at jdk.nashorn.internal.scripts.Script$Recompilation$44618$3841A$\^function\_.L:1#issueCommand(&lt;function&gt;:124)
	at jdk.nashorn.internal.scripts.Script$Recompilation$44618$3841A$\^function\_.L:1#issueCommand(&lt;function&gt;:124)
	at jdk.nashorn.internal.scripts.Script$Recompilation$44618$3841A$\^function\_.L:1#issueCommand(&lt;function&gt;:124)
	at jdk.nashorn.internal.scripts.Script$Recompilation$44618$3841A$\^function\_.L:1#issueCommand(&lt;function&gt;:124)
	at jdk.nashorn.internal.scripts.Script$Recompilation$44618$3841A$\^function\_.L:1#issueCommand(&lt;function&gt;:124)
	at jdk.nashorn.internal.scripts.Script$Recompilation$44618$3841A$\^function\_.L:1#issueCommand(&lt;function&gt;:124)
	at jdk.nashorn.internal.scripts.Script$Recompilation$44618$3841A$\^function\_.L:1#issueCommand(&lt;function&gt;:124)
	at jdk.nashorn.internal.scripts.Script$Recompilation$44618$3841A$\^function\_.L:1#issueCommand(&lt;function&gt;:124)
	at jdk.nashorn.internal.scripts.Script$Recompilation$44618$3841A$\^function\_.L:1#issueCommand(&lt;function&gt;:124)
	at jdk.nashorn.internal.scripts.Script$Recompilation$44618$3841A$\^function\_.L:1#issueCommand(&lt;function&gt;:124)
	at jdk.nashorn.internal.scripts.Script$Recompilation$44618$3841A$\^function\_.L:1#issueCommand(&lt;function&gt;:124)
	at jdk.nashorn.internal.scripts.Script$Recompilation$44618$3841A$\^function\_.L:1#issueCommand(&lt;function&gt;:124)
	at jdk.nashorn.internal.scripts.Script$Recompilation$44618$3841A$\^function\_.L:1#issueCommand(&lt;function&gt;:124)
	at jdk.nashorn.internal.scripts.Script$Recompilation$44618$3841A$\^function\_.L:1#issueCommand(&lt;function&gt;:124)
	at jdk.nashorn.internal.scripts.Script$Recompilation$44618$3841A$\^function\_.L:1#issueCommand(&lt;function&gt;:124)
	at jdk.nashorn.internal.scripts.Script$Recompilation$44618$3841A$\^function\_.L:1#issueCommand(&lt;function&gt;:124)
	at jdk.nashorn.internal.scripts.Script$Recompilation$44618$3841A$\^function\_.L:1#issueCommand(&lt;function&gt;:124)
	at jdk.nashorn.internal.scripts.Script$Recompilation$44618$3841A$\^function\_.L:1#issueCommand(&lt;function&gt;:124)
	at jdk.nashorn.internal.scripts.Script$Recompilation$44618$3841A$\^function\_.L:1#issueCommand(&lt;function&gt;:124)
	at jdk.nashorn.internal.scripts.Script$Recompilation$44618$3841A$\^function\_.L:1#issueCommand(&lt;function&gt;:124)
	at jdk.nashorn.internal.scripts.Script$Recompilation$44618$3841A$\^function\_.L:1#issueCommand(&lt;function&gt;:124)
	at jdk.nashorn.internal.scripts.Script$Recompilation$44618$3841A$\^function\_.L:1#issueCommand(&lt;function&gt;:124)
	at jdk.nashorn.internal.scripts.Script$Recompilation$44618$3841A$\^function\_.L:1#issueCommand(&lt;function&gt;:124)
	at jdk.nashorn.internal.scripts.Script$Recompilation$44618$3841A$\^function\_.L:1#issueCommand(&lt;function&gt;:124)
	at jdk.nashorn.internal.scripts.Script$Recompilation$44618$3841A$\^function\_.L:1#issueCommand(&lt;function&gt;:124)
	at jdk.nashorn.internal.scripts.Script$Recompilation$44618$3841A$\^function\_.L:1#issueCommand(&lt;function&gt;:124)
	at jdk.nashorn.internal.scripts.Script$Recompilation$44618$3841A$\^function\_.L:1#issueCommand(&lt;function&gt;:124)
	at jdk.nashorn.internal.scripts.Script$Recompilation$44618$3841A$\^function\_.L:1#issueCommand(&lt;function&gt;:124)
	at jdk.nashorn.internal.scripts.Script$Recompilation$44618$3841A$\^function\_.L:1#issueCommand(&lt;function&gt;:124)
	at jdk.nashorn.internal.scripts.Script$Recompilation$44618$3841A$\^function\_.L:1#issueCommand(&lt;function&gt;:124)
	at jdk.nashorn.internal.scripts.Script$Recompilation$44618$3841A$\^function\_.L:1#issueCommand(&lt;function&gt;:124)
	at jdk.nashorn.internal.scripts.Script$Recompilation$44618$3841A$\^function\_.L:1#issueCommand(&lt;function&gt;:124)
	at jdk.nashorn.internal.scripts.Script$Recompilation$44618$3841A$\^function\_.L:1#issueCommand(&lt;function&gt;:124)
	at jdk.nashorn.internal.scripts.Script$Recompilation$44618$3841A$\^function\_.L:1#issueCommand(&lt;function&gt;:124)
	at jdk.nashorn.internal.scripts.Script$Recompilation$44618$3841A$\^function\_.L:1#issueCommand(&lt;function&gt;:124)
	at jdk.nashorn.internal.scripts.Script$Recompilation$44618$3841A$\^function\_.L:1#issueCommand(&lt;function&gt;:124)
	at jdk.nashorn.internal.scripts.Script$Recompilation$44618$3841A$\^function\_.L:1#issueCommand(&lt;function&gt;:124)
	at jdk.nashorn.internal.scripts.Script$Recompilation$44618$3841A$\^function\_.L:1#issueCommand(&lt;function&gt;:124)
	at jdk.nashorn.internal.scripts.Script$Recompilation$44618$3841A$\^function\_.L:1#issueCommand(&lt;function&gt;:124)
	at jdk.nashorn.internal.scripts.Script$Recompilation$44618$3841A$\^function\_.L:1#issueCommand(&lt;function&gt;:124)
	at jdk.nashorn.internal.scripts.Script$Recompilation$44618$3841A$\^function\_.L:1#issueCommand(&lt;function&gt;:124)
	at jdk.nashorn.internal.scripts.Script$Recompilation$44618$3841A$\^function\_.L:1#issueCommand(&lt;function&gt;:124)
	at jdk.nashorn.internal.scripts.Script$Recompilation$44618$3841A$\^function\_.L:1#issueCommand(&lt;function&gt;:124)
	at jdk.nashorn.internal.scripts.Script$Recompilation$44618$3841A$\^function\_.L:1#issueCommand(&lt;function&gt;:124)
	at jdk.nashorn.internal.scripts.Script$Recompilation$44618$3841A$\^function\_.L:1#issueCommand(&lt;function&gt;:124)
	at jdk.nashorn.internal.scripts.Script$Recompilation$44618$3841A$\^function\_.L:1#issueCommand(&lt;function&gt;:124)
	at jdk.nashorn.internal.scripts.Script$Recompilation$44618$3841A$\^function\_.L:1#issueCommand(&lt;function&gt;:124)
	at jdk.nashorn.internal.scripts.Script$Recompilation$44618$3841A$\^function\_.L:1#issueCommand(&lt;function&gt;:124)
	at jdk.nashorn.internal.scripts.Script$Recompilation$44618$3841A$\^function\_.L:1#issueCommand(&lt;function&gt;:124)
	at jdk.nashorn.internal.scripts.Script$Recompilation$44618$3841A$\^function\_.L:1#issueCommand(&lt;function&gt;:124)
	at jdk.nashorn.internal.scripts.Script$Recompilation$44618$3841A$\^function\_.L:1#issueCommand(&lt;function&gt;:124)
	at jdk.nashorn.internal.scripts.Script$Recompilation$44618$3841A$\^function\_.L:1#issueCommand(&lt;function&gt;:124)
	at jdk.nashorn.internal.scripts.Script$Recompilation$44618$3841A$\^function\_.L:1#issueCommand(&lt;function&gt;:124)
	at jdk.nashorn.internal.scripts.Script$Recompilation$44618$3841A$\^function\_.L:1#issueCommand(&lt;function&gt;:124)
	at jdk.nashorn.internal.scripts.Script$Recompilation$44618$3841A$\^function\_.L:1#issueCommand(&lt;function&gt;:124)
	at jdk.nashorn.internal.scripts.Script$Recompilation$44618$3841A$\^function\_.L:1#issueCommand(&lt;function&gt;:124)
	at jdk.nashorn.internal.scripts.Script$Recompilation$44618$3841A$\^function\_.L:1#issueCommand(&lt;function&gt;:124)
	at jdk.nashorn.internal.scripts.Script$Recompilation$44618$3841A$\^function\_.L:1#issueCommand(&lt;function&gt;:124)
	at jdk.nashorn.internal.scripts.Script$Recompilation$44618$3841A$\^function\_.L:1#issueCommand(&lt;function&gt;:124)
	at jdk.nashorn.internal.scripts.Script$Recompilation$44618$3841A$\^function\_.L:1#issueCommand(&lt;function&gt;:124)
	at jdk.nashorn.internal.scripts.Script$Recompilation$44618$3841A$\^function\_.L:1#issueCommand(&lt;function&gt;:124)
	at jdk.nashorn.internal.scripts.Script$Recompilation$44618$3841A$\^function\_.L:1#issueCommand(&lt;function&gt;:124)
	at jdk.nashorn.internal.scripts.Script$Recompilation$44618$3841A$\^function\_.L:1#issueCommand(&lt;function&gt;:124)
	at jdk.nashorn.internal.scripts.Script$Recompilation$44618$3841A$\^function\_.L:1#issueCommand(&lt;function&gt;:124)
	at jdk.nashorn.internal.scripts.Script$Recompilation$44618$3841A$\^function\_.L:1#issueCommand(&lt;function&gt;:124)
	at jdk.nashorn.internal.scripts.Script$Recompilation$44618$3841A$\^function\_.L:1#issueCommand(&lt;function&gt;:124)
	at jdk.nashorn.internal.scripts.Script$Recompilation$44618$3841A$\^function\_.L:1#issueCommand(&lt;function&gt;:124)
	at jdk.nashorn.internal.scripts.Script$Recompilation$44618$3841A$\^function\_.L:1#issueCommand(&lt;function&gt;:124)
	at jdk.nashorn.internal.scripts.Script$Recompilation$44618$3841A$\^function\_.L:1#issueCommand(&lt;function&gt;:124)
	at jdk.nashorn.internal.scripts.Script$Recompilation$44618$3841A$\^function\_.L:1#issueCommand(&lt;function&gt;:124)
	at jdk.nashorn.internal.scripts.Script$Recompilation$44618$3841A$\^function\_.L:1#issueCommand(&lt;function&gt;:124)
	at jdk.nashorn.internal.scripts.Script$Recompilation$44618$3841A$\^function\_.L:1#issueCommand(&lt;function&gt;:124)
	at jdk.nashorn.internal.scripts.Script$Recompilation$44618$3841A$\^function\_.L:1#issueCommand(&lt;function&gt;:124)
	at jdk.nashorn.internal.scripts.Script$Recompilation$44618$3841A$\^function\_.L:1#issueCommand(&lt;function&gt;:124)
	at jdk.nashorn.internal.scripts.Script$Recompilation$44618$3841A$\^function\_.L:1#issueCommand(&lt;function&gt;:124)
	at jdk.nashorn.internal.scripts.Script$Recompilation$44618$3841A$\^function\_.L:1#issueCommand(&lt;function&gt;:124)
	at jdk.nashorn.internal.scripts.Script$Recompilation$44618$3841A$\^function\_.L:1#issueCommand(&lt;function&gt;:124)
	at jdk.nashorn.internal.scripts.Script$Recompilation$44618$3841A$\^function\_.L:1#issueCommand(&lt;function&gt;:124)
	at jdk.nashorn.internal.scripts.Script$Recompilation$44618$3841A$\^function\_.L:1#issueCommand(&lt;function&gt;:124)
	at jdk.nashorn.internal.scripts.Script$Recompilation$44618$3841A$\^function\_.L:1#issueCommand(&lt;function&gt;:124)
	at jdk.nashorn.internal.scripts.Script$Recompilation$44618$3841A$\^function\_.L:1#issueCommand(&lt;function&gt;:124)
	at jdk.nashorn.internal.scripts.Script$Recompilation$44618$3841A$\^function\_.L:1#issueCommand(&lt;function&gt;:124)
	at jdk.nashorn.internal.scripts.Script$Recompilation$44618$3841A$\^function\_.L:1#issueCommand(&lt;function&gt;:124)
	at jdk.nashorn.internal.scripts.Script$Recompilation$44618$3841A$\^function\_.L:1#issueCommand(&lt;function&gt;:124)
	at jdk.nashorn.internal.scripts.Script$Recompilation$44618$3841A$\^function\_.L:1#issueCommand(&lt;function&gt;:124)
	at jdk.nashorn.internal.scripts.Script$Recompilation$44618$3841A$\^function\_.L:1#issueCommand(&lt;function&gt;:124)
	at jdk.nashorn.internal.scripts.Script$Recompilation$44618$3841A$\^function\_.L:1#issueCommand(&lt;function&gt;:124)
	at jdk.nashorn.internal.scripts.Script$Recompilation$44618$3841A$\^function\_.L:1#issueCommand(&lt;function&gt;:124)
	at jdk.nashorn.internal.scripts.Script$Recompilation$44618$3841A$\^function\_.L:1#issueCommand(&lt;function&gt;:124)
	at jdk.nashorn.internal.scripts.Script$Recompilation$44618$3841A$\^function\_.L:1#issueCommand(&lt;function&gt;:124)
	at jdk.nashorn.internal.scripts.Script$Recompilation$44618$3841A$\^function\_.L:1#issueCommand(&lt;function&gt;:124)
	at jdk.nashorn.internal.scripts.Script$Recompilation$44618$3841A$\^function\_.L:1#issueCommand(&lt;function&gt;:124)
	at jdk.nashorn.internal.scripts.Script$Recompilation$44618$3841A$\^function\_.L:1#issueCommand(&lt;function&gt;:124)
	at jdk.nashorn.internal.scripts.Script$Recompilation$44618$3841A$\^function\_.L:1#issueCommand(&lt;function&gt;:124)
	at jdk.nashorn.internal.scripts.Script$Recompilation$44618$3841A$\^function\_.L:1#issueCommand(&lt;function&gt;:124)
	at jdk.nashorn.internal.scripts.Script$Recompilation$44618$3841A$\^function\_.L:1#issueCommand(&lt;function&gt;:124)
	at jdk.nashorn.internal.scripts.Script$Recompilation$44618$3841A$\^function\_.L:1#issueCommand(&lt;function&gt;:124)
	at jdk.nashorn.internal.scripts.Script$Recompilation$44618$3841A$\^function\_.L:1#issueCommand(&lt;function&gt;:124)
	at jdk.nashorn.internal.scripts.Script$Recompilation$44618$3841A$\^function\_.L:1#issueCommand(&lt;function&gt;:124)
	at jdk.nashorn.internal.scripts.Script$Recompilation$44618$3841A$\^function\_.L:1#issueCommand(&lt;function&gt;:124)
	at jdk.nashorn.internal.scripts.Script$Recompilation$44618$3841A$\^function\_.L:1#issueCommand(&lt;function&gt;:124)
	at jdk.nashorn.internal.scripts.Script$Recompilation$44618$3841A$\^function\_.L:1#issueCommand(&lt;function&gt;:124)
	at jdk.nashorn.internal.scripts.Script$Recompilation$44618$3841A$\^function\_.L:1#issueCommand(&lt;function&gt;:124)
	at jdk.nashorn.internal.scripts.Script$Recompilation$44618$3841A$\^function\_.L:1#issueCommand(&lt;function&gt;:124)
	at jdk.nashorn.internal.scripts.Script$Recompilation$44618$3841A$\^function\_.L:1#issueCommand(&lt;function&gt;:124)
	at jdk.nashorn.internal.scripts.Script$Recompilation$44618$3841A$\^function\_.L:1#issueCommand(&lt;function&gt;:124)
	at jdk.nashorn.internal.scripts.Script$Recompilation$44618$3841A$\^function\_.L:1#issueCommand(&lt;function&gt;:124)
	at jdk.nashorn.internal.scripts.Script$Recompilation$44618$3841A$\^function\_.L:1#issueCommand(&lt;function&gt;:124)
	at jdk.nashorn.internal.scripts.Script$Recompilation$44618$3841A$\^function\_.L:1#issueCommand(&lt;function&gt;:124)
	at jdk.nashorn.internal.scripts.Script$Recompilation$44618$3841A$\^function\_.L:1#issueCommand(&lt;function&gt;:124)
	at jdk.nashorn.internal.scripts.Script$Recompilation$44618$3841A$\^function\_.L:1#issueCommand(&lt;function&gt;:124)
	at jdk.nashorn.internal.scripts.Script$Recompilation$44618$3841A$\^function\_.L:1#issueCommand(&lt;function&gt;:124)
	at jdk.nashorn.internal.scripts.Script$Recompilation$44618$3841A$\^function\_.L:1#issueCommand(&lt;function&gt;:124)
	at jdk.nashorn.internal.scripts.Script$Recompilation$44618$3841A$\^function\_.L:1#issueCommand(&lt;function&gt;:124)
	at jdk.nashorn.internal.scripts.Script$Recompilation$44618$3841A$\^function\_.L:1#issueCommand(&lt;function&gt;:124)
	at jdk.nashorn.internal.scripts.Script$Recompilation$44618$3841A$\^function\_.L:1#issueCommand(&lt;function&gt;:124)
	at jdk.nashorn.internal.scripts.Script$Recompilation$44618$3841A$\^function\_.L:1#issueCommand(&lt;function&gt;:124)
	at jdk.nashorn.internal.scripts.Script$Recompilation$44618$3841A$\^function\_.L:1#issueCommand(&lt;function&gt;:124)
	at jdk.nashorn.internal.scripts.Script$Recompilation$44618$3841A$\^function\_.L:1#issueCommand(&lt;function&gt;:124)
	at jdk.nashorn.internal.scripts.Script$Recompilation$44618$3841A$\^function\_.L:1#issueCommand(&lt;function&gt;:124)
	at jdk.nashorn.internal.scripts.Script$Recompilation$44618$3841A$\^function\_.L:1#issueCommand(&lt;function&gt;:124)
	at jdk.nashorn.internal.scripts.Script$Recompilation$44618$3841A$\^function\_.L:1#issueCommand(&lt;function&gt;:124)
	at jdk.nashorn.internal.scripts.Script$Recompilation$44618$3841A$\^function\_.L:1#issueCommand(&lt;function&gt;:124)
	at jdk.nashorn.internal.scripts.Script$Recompilation$44618$3841A$\^function\_.L:1#issueCommand(&lt;function&gt;:124)
	at jdk.nashorn.internal.scripts.Script$Recompilation$44618$3841A$\^function\_.L:1#issueCommand(&lt;function&gt;:124)
	at jdk.nashorn.internal.scripts.Script$Recompilation$44618$3841A$\^function\_.L:1#issueCommand(&lt;function&gt;:124)
	at jdk.nashorn.internal.scripts.Script$Recompilation$44618$3841A$\^function\_.L:1#issueCommand(&lt;function&gt;:124)
	at jdk.nashorn.internal.scripts.Script$Recompilation$44618$3841A$\^function\_.L:1#issueCommand(&lt;function&gt;:124)
	at jdk.nashorn.internal.scripts.Script$Recompilation$44618$3841A$\^function\_.L:1#issueCommand(&lt;function&gt;:124)
	at jdk.nashorn.internal.scripts.Script$Recompilation$44618$3841A$\^function\_.L:1#issueCommand(&lt;function&gt;:124)
	at jdk.nashorn.internal.scripts.Script$Recompilation$44618$3841A$\^function\_.L:1#issueCommand(&lt;function&gt;:124)
	at jdk.nashorn.internal.scripts.Script$Recompilation$44618$3841A$\^function\_.L:1#issueCommand(&lt;function&gt;:124)
	at jdk.nashorn.internal.scripts.Script$Recompilation$44618$3841A$\^function\_.L:1#issueCommand(&lt;function&gt;:124)
	at jdk.nashorn.internal.scripts.Script$Recompilation$44618$3841A$\^function\_.L:1#issueCommand(&lt;function&gt;:124)
	at jdk.nashorn.internal.scripts.Script$Recompilation$44618$3841A$\^function\_.L:1#issueCommand(&lt;function&gt;:124)
	at jdk.nashorn.internal.scripts.Script$Recompilation$44618$3841A$\^function\_.L:1#issueCommand(&lt;function&gt;:124)
	at jdk.nashorn.internal.scripts.Script$Recompilation$44618$3841A$\^function\_.L:1#issueCommand(&lt;function&gt;:124)
	at jdk.nashorn.internal.scripts.Script$Recompilation$44618$3841A$\^function\_.L:1#issueCommand(&lt;function&gt;:124)
	at jdk.nashorn.internal.scripts.Script$Recompilation$44618$3841A$\^function\_.L:1#issueCommand(&lt;function&gt;:124)
	at jdk.nashorn.internal.scripts.Script$Recompilation$44618$3841A$\^function\_.L:1#issueCommand(&lt;function&gt;:124)
	at jdk.nashorn.internal.scripts.Script$Recompilation$44618$3841A$\^function\_.L:1#issueCommand(&lt;function&gt;:124)
	at jdk.nashorn.internal.scripts.Script$Recompilation$44618$3841A$\^function\_.L:1#issueCommand(&lt;function&gt;:124)
	at jdk.nashorn.internal.scripts.Script$Recompilation$44618$3841A$\^function\_.L:1#issueCommand(&lt;function&gt;:124)
	at jdk.nashorn.internal.scripts.Script$Recompilation$44618$3841A$\^function\_.L:1#issueCommand(&lt;function&gt;:124)
	at jdk.nashorn.internal.scripts.Script$Recompilation$44618$3841A$\^function\_.L:1#issueCommand(&lt;function&gt;:124)
	at jdk.nashorn.internal.scripts.Script$Recompilation$44618$3841A$\^function\_.L:1#issueCommand(&lt;function&gt;:124)
	at jdk.nashorn.internal.scripts.Script$Recompilation$44618$3841A$\^function\_.L:1#issueCommand(&lt;function&gt;:124)
	at jdk.nashorn.internal.scripts.Script$Recompilation$44618$3841A$\^function\_.L:1#issueCommand(&lt;function&gt;:124)
	at jdk.nashorn.internal.scripts.Script$Recompilation$44618$3841A$\^function\_.L:1#issueCommand(&lt;function&gt;:124)
	at jdk.nashorn.internal.scripts.Script$Recompilation$44618$3841A$\^function\_.L:1#issueCommand(&lt;function&gt;:124)
	at jdk.nashorn.internal.scripts.Script$Recompilation$44618$3841A$\^function\_.L:1#issueCommand(&lt;function&gt;:124)
	at jdk.nashorn.internal.scripts.Script$Recompilation$44618$3841A$\^function\_.L:1#issueCommand(&lt;function&gt;:124)
	at jdk.nashorn.internal.scripts.Script$Recompilation$44618$3841A$\^function\_.L:1#issueCommand(&lt;function&gt;:124)
	at jdk.nashorn.internal.scripts.Script$Recompilation$44618$3841A$\^function\_.L:1#issueCommand(&lt;function&gt;:124)
	at jdk.nashorn.internal.scripts.Script$Recompilation$44618$3841A$\^function\_.L:1#issueCommand(&lt;function&gt;:124)
	at jdk.nashorn.internal.scripts.Script$Recompilation$44618$3841A$\^function\_.L:1#issueCommand(&lt;function&gt;:124)
	at jdk.nashorn.internal.scripts.Script$Recompilation$44618$3841A$\^function\_.L:1#issueCommand(&lt;function&gt;:124)
	at jdk.nashorn.internal.scripts.Script$Recompilation$44618$3841A$\^function\_.L:1#issueCommand(&lt;function&gt;:124)
	at jdk.nashorn.internal.scripts.Script$Recompilation$44618$3841A$\^function\_.L:1#issueCommand(&lt;function&gt;:124)
	at jdk.nashorn.internal.scripts.Script$Recompilation$44618$3841A$\^function\_.L:1#issueCommand(&lt;function&gt;:124)
	at jdk.nashorn.internal.scripts.Script$Recompilation$44618$3841A$\^function\_.L:1#issueCommand(&lt;function&gt;:124)
	at jdk.nashorn.internal.scripts.Script$Recompilation$44618$3841A$\^function\_.L:1#issueCommand(&lt;function&gt;:124)
	at jdk.nashorn.internal.scripts.Script$Recompilation$44618$3841A$\^function\_.L:1#issueCommand(&lt;function&gt;:124)
	at jdk.nashorn.internal.scripts.Script$Recompilation$44618$3841A$\^function\_.L:1#issueCommand(&lt;function&gt;:124)
	at jdk.nashorn.internal.scripts.Script$Recompilation$44618$3841A$\^function\_.L:1#issueCommand(&lt;function&gt;:124)
	at jdk.nashorn.internal.scripts.Script$Recompilation$44618$3841A$\^function\_.L:1#issueCommand(&lt;function&gt;:124)
	at jdk.nashorn.internal.scripts.Script$Recompilation$44618$3841A$\^function\_.L:1#issueCommand(&lt;function&gt;:124)
	at jdk.nashorn.internal.scripts.Script$Recompilation$44618$3841A$\^function\_.L:1#issueCommand(&lt;function&gt;:124)
	at jdk.nashorn.internal.scripts.Script$Recompilation$44618$3841A$\^function\_.L:1#issueCommand(&lt;function&gt;:124)
	at jdk.nashorn.internal.scripts.Script$Recompilation$44618$3841A$\^function\_.L:1#issueCommand(&lt;function&gt;:124)
	at jdk.nashorn.internal.scripts.Script$Recompilation$44618$3841A$\^function\_.L:1#issueCommand(&lt;function&gt;:124)
	at jdk.nashorn.internal.scripts.Script$Recompilation$44618$3841A$\^function\_.L:1#issueCommand(&lt;function&gt;:124)
	at jdk.nashorn.internal.scripts.Script$Recompilation$44618$3841A$\^function\_.L:1#issueCommand(&lt;function&gt;:124)
	at jdk.nashorn.internal.scripts.Script$Recompilation$44618$3841A$\^function\_.L:1#issueCommand(&lt;function&gt;:124)
	at jdk.nashorn.internal.scripts.Script$Recompilation$44618$3841A$\^function\_.L:1#issueCommand(&lt;function&gt;:124)
	at jdk.nashorn.internal.scripts.Script$Recompilation$44618$3841A$\^function\_.L:1#issueCommand(&lt;function&gt;:124)
	at jdk.nashorn.internal.scripts.Script$Recompilation$44618$3841A$\^function\_.L:1#issueCommand(&lt;function&gt;:124)
	at jdk.nashorn.internal.scripts.Script$Recompilation$44618$3841A$\^function\_.L:1#issueCommand(&lt;function&gt;:124)
	at jdk.nashorn.internal.scripts.Script$Recompilation$44618$3841A$\^function\_.L:1#issueCommand(&lt;function&gt;:124)
	at jdk.nashorn.internal.scripts.Script$Recompilation$44618$3841A$\^function\_.L:1#issueCommand(&lt;function&gt;:124)
	at jdk.nashorn.internal.scripts.Script$Recompilation$44618$3841A$\^function\_.L:1#issueCommand(&lt;function&gt;:124)
	at jdk.nashorn.internal.scripts.Script$Recompilation$44618$3841A$\^function\_.L:1#issueCommand(&lt;function&gt;:124)
	at jdk.nashorn.internal.scripts.Script$Recompilation$44618$3841A$\^function\_.L:1#issueCommand(&lt;function&gt;:124)
	at jdk.nashorn.internal.scripts.Script$Recompilation$44618$3841A$\^function\_.L:1#issueCommand(&lt;function&gt;:124)
	at jdk.nashorn.internal.scripts.Script$Recompilation$44618$3841A$\^function\_.L:1#issueCommand(&lt;function&gt;:124)
	at jdk.nashorn.internal.scripts.Script$Recompilation$44618$3841A$\^function\_.L:1#issueCommand(&lt;function&gt;:124)
	at jdk.nashorn.internal.scripts.Script$Recompilation$44618$3841A$\^function\_.L:1#issueCommand(&lt;function&gt;:124)
	at jdk.nashorn.internal.scripts.Script$Recompilation$44618$3841A$\^function\_.L:1#issueCommand(&lt;function&gt;:124)
	at jdk.nashorn.internal.scripts.Script$Recompilation$44618$3841A$\^function\_.L:1#issueCommand(&lt;function&gt;:124)
	at jdk.nashorn.internal.scripts.Script$Recompilation$44618$3841A$\^function\_.L:1#issueCommand(&lt;function&gt;:124)
	at jdk.nashorn.internal.scripts.Script$Recompilation$44618$3841A$\^function\_.L:1#issueCommand(&lt;function&gt;:124)
	at jdk.nashorn.internal.scripts.Script$Recompilation$44618$3841A$\^function\_.L:1#issueCommand(&lt;function&gt;:124)
	at jdk.nashorn.internal.scripts.Script$Recompilation$44618$3841A$\^function\_.L:1#issueCommand(&lt;function&gt;:124)
	at jdk.nashorn.internal.scripts.Script$Recompilation$44618$3841A$\^function\_.L:1#issueCommand(&lt;function&gt;:124)
	at jdk.nashorn.internal.scripts.Script$Recompilation$44618$3841A$\^function\_.L:1#issueCommand(&lt;function&gt;:124)
	at jdk.nashorn.internal.scripts.Script$Recompilation$44618$3841A$\^function\_.L:1#issueCommand(&lt;function&gt;:124)
	at jdk.nashorn.internal.scripts.Script$Recompilation$44618$3841A$\^function\_.L:1#issueCommand(&lt;function&gt;:124)
	at jdk.nashorn.internal.scripts.Script$Recompilation$44618$3841A$\^function\_.L:1#issueCommand(&lt;function&gt;:124)
	at jdk.nashorn.internal.scripts.Script$Recompilation$44618$3841A$\^function\_.L:1#issueCommand(&lt;function&gt;:124)
	at jdk.nashorn.internal.scripts.Script$Recompilation$44618$3841A$\^function\_.L:1#issueCommand(&lt;function&gt;:124)
	at jdk.nashorn.internal.scripts.Script$Recompilation$44618$3841A$\^function\_.L:1#issueCommand(&lt;function&gt;:124)
	at jdk.nashorn.internal.scripts.Script$Recompilation$44618$3841A$\^function\_.L:1#issueCommand(&lt;function&gt;:124)
	at jdk.nashorn.internal.scripts.Script$Recompilation$44618$3841A$\^function\_.L:1#issueCommand(&lt;function&gt;:124)
	at jdk.nashorn.internal.scripts.Script$Recompilation$44618$3841A$\^function\_.L:1#issueCommand(&lt;function&gt;:124)
	at jdk.nashorn.internal.scripts.Script$Recompilation$44618$3841A$\^function\_.L:1#issueCommand(&lt;function&gt;:124)
	at jdk.nashorn.internal.scripts.Script$Recompilation$44618$3841A$\^function\_.L:1#issueCommand(&lt;function&gt;:124)
	at jdk.nashorn.internal.scripts.Script$Recompilation$44618$3841A$\^function\_.L:1#issueCommand(&lt;function&gt;:124)
	at jdk.nashorn.internal.scripts.Script$Recompilation$44618$3841A$\^function\_.L:1#issueCommand(&lt;function&gt;:124)
	at jdk.nashorn.internal.scripts.Script$Recompilation$44618$3841A$\^function\_.L:1#issueCommand(&lt;function&gt;:124)
	at jdk.nashorn.internal.scripts.Script$Recompilation$44618$3841A$\^function\_.L:1#issueCommand(&lt;function&gt;:124)
	at jdk.nashorn.internal.scripts.Script$Recompilation$44618$3841A$\^function\_.L:1#issueCommand(&lt;function&gt;:124)
	at jdk.nashorn.internal.scripts.Script$Recompilation$44618$3841A$\^function\_.L:1#issueCommand(&lt;function&gt;:124)
	at jdk.nashorn.internal.scripts.Script$Recompilation$44618$3841A$\^function\_.L:1#issueCommand(&lt;function&gt;:124)
	at jdk.nashorn.internal.scripts.Script$Recompilation$44618$3841A$\^function\_.L:1#issueCommand(&lt;function&gt;:124)
	at jdk.nashorn.internal.scripts.Script$Recompilation$44618$3841A$\^function\_.L:1#issueCommand(&lt;function&gt;:124)
	at jdk.nashorn.internal.scripts.Script$Recompilation$44618$3841A$\^function\_.L:1#issueCommand(&lt;function&gt;:124)
	at jdk.nashorn.internal.scripts.Script$Recompilation$44618$3841A$\^function\_.L:1#issueCommand(&lt;function&gt;:124)
	at jdk.nashorn.internal.scripts.Script$Recompilation$44618$3841A$\^function\_.L:1#issueCommand(&lt;function&gt;:124)
	at jdk.nashorn.internal.scripts.Script$Recompilation$44618$3841A$\^function\_.L:1#issueCommand(&lt;function&gt;:124)
	at jdk.nashorn.internal.scripts.Script$Recompilation$44618$3841A$\^function\_.L:1#issueCommand(&lt;function&gt;:124)
	at jdk.nashorn.internal.scripts.Script$Recompilation$44618$3841A$\^function\_.L:1#issueCommand(&lt;function&gt;:124)
	at jdk.nashorn.internal.scripts.Script$Recompilation$44618$3841A$\^function\_.L:1#issueCommand(&lt;function&gt;:124)
	at jdk.nashorn.internal.scripts.Script$Recompilation$44618$3841A$\^function\_.L:1#issueCommand(&lt;function&gt;:124)
	at jdk.nashorn.internal.scripts.Script$Recompilation$44618$3841A$\^function\_.L:1#issueCommand(&lt;function&gt;:124)
	at jdk.nashorn.internal.scripts.Script$Recompilation$44618$3841A$\^function\_.L:1#issueCommand(&lt;function&gt;:124)
	at jdk.nashorn.internal.scripts.Script$Recompilation$44618$3841A$\^function\_.L:1#issueCommand(&lt;function&gt;:124)
	at jdk.nashorn.internal.scripts.Script$Recompilation$44618$3841A$\^function\_.L:1#issueCommand(&lt;function&gt;:124)
	at jdk.nashorn.internal.scripts.Script$Recompilation$44618$3841A$\^function\_.L:1#issueCommand(&lt;function&gt;:124)
	at jdk.nashorn.internal.scripts.Script$Recompilation$44618$3841A$\^function\_.L:1#issueCommand(&lt;function&gt;:124)
	at jdk.nashorn.internal.scripts.Script$Recompilation$44618$3841A$\^function\_.L:1#issueCommand(&lt;function&gt;:124)
	at jdk.nashorn.internal.scripts.Script$Recompilation$44618$3841A$\^function\_.L:1#issueCommand(&lt;function&gt;:124)
	at jdk.nashorn.internal.scripts.Script$Recompilation$44618$3841A$\^function\_.L:1#issueCommand(&lt;function&gt;:124)
	at jdk.nashorn.internal.scripts.Script$Recompilation$44618$3841A$\^function\_.L:1#issueCommand(&lt;function&gt;:124)
	at jdk.nashorn.internal.scripts.Script$Recompilation$44618$3841A$\^function\_.L:1#issueCommand(&lt;function&gt;:124)
	at jdk.nashorn.internal.scripts.Script$Recompilation$44618$3841A$\^function\_.L:1#issueCommand(&lt;function&gt;:124)
	at jdk.nashorn.internal.scripts.Script$Recompilation$44618$3841A$\^function\_.L:1#issueCommand(&lt;function&gt;:124)
	at jdk.nashorn.internal.scripts.Script$Recompilation$44618$3841A$\^function\_.L:1#issueCommand(&lt;function&gt;:124)
	at jdk.nashorn.internal.scripts.Script$Recompilation$44618$3841A$\^function\_.L:1#issueCommand(&lt;function&gt;:124)
	at jdk.nashorn.internal.scripts.Script$Recompilation$44618$3841A$\^function\_.L:1#issueCommand(&lt;function&gt;:124)
	at jdk.nashorn.internal.scripts.Script$Recompilation$44618$3841A$\^function\_.L:1#issueCommand(&lt;function&gt;:124)
	at jdk.nashorn.internal.scripts.Script$Recompilation$44618$3841A$\^function\_.L:1#issueCommand(&lt;function&gt;:124)
	at jdk.nashorn.internal.scripts.Script$Recompilation$44618$3841A$\^function\_.L:1#issueCommand(&lt;function&gt;:124)
	at jdk.nashorn.internal.scripts.Script$Recompilation$44618$3841A$\^function\_.L:1#issueCommand(&lt;function&gt;:124)
	at jdk.nashorn.internal.scripts.Script$Recompilation$44618$3841A$\^function\_.L:1#issueCommand(&lt;function&gt;:124)
	at jdk.nashorn.internal.scripts.Script$Recompilation$44618$3841A$\^function\_.L:1#issueCommand(&lt;function&gt;:124)
	at jdk.nashorn.internal.scripts.Script$Recompilation$44618$3841A$\^function\_.L:1#issueCommand(&lt;function&gt;:124)
	at jdk.nashorn.internal.scripts.Script$Recompilation$44618$3841A$\^function\_.L:1#issueCommand(&lt;function&gt;:124)
	at jdk.nashorn.internal.scripts.Script$Recompilation$44618$3841A$\^function\_.L:1#issueCommand(&lt;function&gt;:124)
	at jdk.nashorn.internal.scripts.Script$Recompilation$44618$3841A$\^function\_.L:1#issueCommand(&lt;function&gt;:124)
	at jdk.nashorn.internal.scripts.Script$Recompilation$44618$3841A$\^function\_.L:1#issueCommand(&lt;function&gt;:124)
	at jdk.nashorn.internal.scripts.Script$Recompilation$44618$3841A$\^function\_.L:1#issueCommand(&lt;function&gt;:124)
	at jdk.nashorn.internal.scripts.Script$Recompilation$44618$3841A$\^function\_.L:1#issueCommand(&lt;function&gt;:124)
	at jdk.nashorn.internal.scripts.Script$Recompilation$44618$3841A$\^function\_.L:1#issueCommand(&lt;function&gt;:124)
	at jdk.nashorn.internal.scripts.Script$Recompilation$44618$3841A$\^function\_.L:1#issueCommand(&lt;function&gt;:124)
	at jdk.nashorn.internal.scripts.Script$Recompilation$44618$3841A$\^function\_.L:1#issueCommand(&lt;function&gt;:124)
	at jdk.nashorn.internal.scripts.Script$Recompilation$44618$3841A$\^function\_.L:1#issueCommand(&lt;function&gt;:124)
	at jdk.nashorn.internal.scripts.Script$Recompilation$44618$3841A$\^function\_.L:1#issueCommand(&lt;function&gt;:124)
	at jdk.nashorn.internal.scripts.Script$Recompilation$44618$3841A$\^function\_.L:1#issueCommand(&lt;function&gt;:124)
	at jdk.nashorn.internal.scripts.Script$Recompilation$44618$3841A$\^function\_.L:1#issueCommand(&lt;function&gt;:124)
	at jdk.nashorn.internal.scripts.Script$Recompilation$44618$3841A$\^function\_.L:1#issueCommand(&lt;function&gt;:124)
	at jdk.nashorn.internal.scripts.Script$Recompilation$44618$3841A$\^function\_.L:1#issueCommand(&lt;function&gt;:124)
	at jdk.nashorn.internal.scripts.Script$Recompilation$44618$3841A$\^function\_.L:1#issueCommand(&lt;function&gt;:124)
	at jdk.nashorn.internal.scripts.Script$Recompilation$44618$3841A$\^function\_.L:1#issueCommand(&lt;function&gt;:124)
	at jdk.nashorn.internal.scripts.Script$Recompilation$44618$3841A$\^function\_.L:1#issueCommand(&lt;function&gt;:124)
	at jdk.nashorn.internal.scripts.Script$Recompilation$44618$3841A$\^function\_.L:1#issueCommand(&lt;function&gt;:124)
	at jdk.nashorn.internal.scripts.Script$Recompilation$44618$3841A$\^function\_.L:1#issueCommand(&lt;function&gt;:124)
	at jdk.nashorn.internal.scripts.Script$Recompilation$44618$3841A$\^function\_.L:1#issueCommand(&lt;function&gt;:124)
	at jdk.nashorn.internal.scripts.Script$Recompilation$44618$3841A$\^function\_.L:1#issueCommand(&lt;function&gt;:124)
	at jdk.nashorn.internal.scripts.Script$Recompilation$44618$3841A$\^function\_.L:1#issueCommand(&lt;function&gt;:124)
	at jdk.nashorn.internal.scripts.Script$Recompilation$44618$3841A$\^function\_.L:1#issueCommand(&lt;function&gt;:124)
	at jdk.nashorn.internal.scripts.Script$Recompilation$44618$3841A$\^function\_.L:1#issueCommand(&lt;function&gt;:124)
	at jdk.nashorn.internal.scripts.Script$Recompilation$44618$3841A$\^function\_.L:1#issueCommand(&lt;function&gt;:124)
	at jdk.nashorn.internal.scripts.Script$Recompilation$44618$3841A$\^function\_.L:1#issueCommand(&lt;function&gt;:124)
	at jdk.nashorn.internal.scripts.Script$Recompilation$44618$3841A$\^function\_.L:1#issueCommand(&lt;function&gt;:124)
	at jdk.nashorn.internal.scripts.Script$Recompilation$44618$3841A$\^function\_.L:1#issueCommand(&lt;function&gt;:124)
	at jdk.nashorn.internal.scripts.Script$Recompilation$44618$3841A$\^function\_.L:1#issueCommand(&lt;function&gt;:124)
	at jdk.nashorn.internal.scripts.Script$Recompilation$44618$3841A$\^function\_.L:1#issueCommand(&lt;function&gt;:124)
	at jdk.nashorn.internal.scripts.Script$Recompilation$44618$3841A$\^function\_.L:1#issueCommand(&lt;function&gt;:124)
	at jdk.nashorn.internal.scripts.Script$Recompilation$44618$3841A$\^function\_.L:1#issueCommand(&lt;function&gt;:124)
	at jdk.nashorn.internal.scripts.Script$Recompilation$44618$3841A$\^function\_.L:1#issueCommand(&lt;function&gt;:124)
	at jdk.nashorn.internal.scripts.Script$Recompilation$44618$3841A$\^function\_.L:1#issueCommand(&lt;function&gt;:124)
	at jdk.nashorn.internal.scripts.Script$Recompilation$44618$3841A$\^function\_.L:1#issueCommand(&lt;function&gt;:124)
	at jdk.nashorn.internal.scripts.Script$Recompilation$44618$3841A$\^function\_.L:1#issueCommand(&lt;function&gt;:124)
	at jdk.nashorn.internal.scripts.Script$Recompilation$44618$3841A$\^function\_.L:1#issueCommand(&lt;function&gt;:124)
	at jdk.nashorn.internal.scripts.Script$Recompilation$44618$3841A$\^function\_.L:1#issueCommand(&lt;function&gt;:124)
	at jdk.nashorn.internal.scripts.Script$Recompilation$44618$3841A$\^function\_.L:1#issueCommand(&lt;function&gt;:124)
	at jdk.nashorn.internal.scripts.Script$Recompilation$44618$3841A$\^function\_.L:1#issueCommand(&lt;function&gt;:124)
	at jdk.nashorn.internal.scripts.Script$Recompilation$44618$3841A$\^function\_.L:1#issueCommand(&lt;function&gt;:124)
	at jdk.nashorn.internal.scripts.Script$Recompilation$44618$3841A$\^function\_.L:1#issueCommand(&lt;function&gt;:124)
	at jdk.nashorn.internal.scripts.Script$Recompilation$44618$3841A$\^function\_.L:1#issueCommand(&lt;function&gt;:124)
	at jdk.nashorn.internal.scripts.Script$Recompilation$44618$3841A$\^function\_.L:1#issueCommand(&lt;function&gt;:124)
	at jdk.nashorn.internal.scripts.Script$Recompilation$44618$3841A$\^function\_.L:1#issueCommand(&lt;function&gt;:124)
	at jdk.nashorn.internal.scripts.Script$Recompilation$44618$3841A$\^function\_.L:1#issueCommand(&lt;function&gt;:124)
	at jdk.nashorn.internal.scripts.Script$Recompilation$44618$3841A$\^function\_.L:1#issueCommand(&lt;function&gt;:124)
	at jdk.nashorn.internal.scripts.Script$Recompilation$44618$3841A$\^function\_.L:1#issueCommand(&lt;function&gt;:124)
	at jdk.nashorn.internal.scripts.Script$Recompilation$44618$3841A$\^function\_.L:1#issueCommand(&lt;function&gt;:124)
	at jdk.nashorn.internal.scripts.Script$Recompilation$44618$3841A$\^function\_.L:1#issueCommand(&lt;function&gt;:124)
	at jdk.nashorn.internal.scripts.Script$Recompilation$44618$3841A$\^function\_.L:1#issueCommand(&lt;function&gt;:124)
	at jdk.nashorn.internal.scripts.Script$Recompilation$44618$3841A$\^function\_.L:1#issueCommand(&lt;function&gt;:124)
	at jdk.nashorn.internal.scripts.Script$Recompilation$44618$3841A$\^function\_.L:1#issueCommand(&lt;function&gt;:124)
	at jdk.nashorn.internal.scripts.Script$Recompilation$44618$3841A$\^function\_.L:1#issueCommand(&lt;function&gt;:124)
	at jdk.nashorn.internal.scripts.Script$Recompilation$44618$3841A$\^function\_.L:1#issueCommand(&lt;function&gt;:124)
	at jdk.nashorn.internal.scripts.Script$Recompilation$44618$3841A$\^function\_.L:1#issueCommand(&lt;function&gt;:124)
	at jdk.nashorn.internal.scripts.Script$Recompilation$44618$3841A$\^function\_.L:1#issueCommand(&lt;function&gt;:124)
	at jdk.nashorn.internal.scripts.Script$Recompilation$44618$3841A$\^function\_.L:1#issueCommand(&lt;function&gt;:124)
	at jdk.nashorn.internal.scripts.Script$Recompilation$44618$3841A$\^function\_.L:1#issueCommand(&lt;function&gt;:124)
 in /home/travis/build/icyphy/ptII/ptolemy/actor/lib/jjs/external/require.js#409:30&lt;eval&gt; at line number 1736 at column number 24
	at jdk.nashorn.api.scripting.NashornScriptEngine.throwAsScriptException(NashornScriptEngine.java:470)
	at jdk.nashorn.api.scripting.NashornScriptEngine.invokeImpl(NashornScriptEngine.java:392)
	at jdk.nashorn.api.scripting.NashornScriptEngine.invokeMethod(NashornScriptEngine.java:199)
	at ptolemy.actor.lib.jjs.JavaScript._invokeMethodInContext(JavaScript.java:2281)
Caused by: /home/travis/build/icyphy/ptII/ptolemy/actor/lib/jjs/external/require.js#409:30&lt;eval&gt;:1736:24 Error: commonHost.js, react(), invoking a specific handler for &quot;trigger&quot;: Exception occurred in input handler for accessor SemanticYelpSearch, which has now has been removed.  Exception was: java.lang.StackOverflowError Stacktrace was: 
java.lang.StackOverflowError
	at jdk.nashorn.internal.runtime.AccessorProperty.getObjectValue(AccessorProperty.java:417)
	at jdk.nashorn.internal.runtime.FindProperty.getObjectValue(FindProperty.java:229)
	at jdk.nashorn.internal.runtime.ScriptObject.get(ScriptObject.java:2860)
	at jdk.nashorn.internal.runtime.ScriptObject.get(ScriptObject.java:2877)
	at jdk.nashorn.internal.scripts.Script$Recompilation$44872$56054A$require.L:1#get(/home/travis/build/icyphy/ptII/ptolemy/actor/lib/jjs/external/require.js#409:30&lt;eval&gt;:1245)
	at jdk.nashorn.internal.scripts.Script$Recompilation$44618$3841A$\^function\_.L:1#issueCommand(&lt;function&gt;:116)
	at jdk.nashorn.internal.scripts.Script$Recompilation$44618$3841A$\^function\_.L:1#issueCommand(&lt;function&gt;:124)
	at jdk.nashorn.internal.scripts.Script$Recompilation$44618$3841A$\^function\_.L:1#issueCommand(&lt;function&gt;:124)
	at jdk.nashorn.internal.scripts.Script$Recompilation$44618$3841A$\^function\_.L:1#issueCommand(&lt;function&gt;:124)
	at jdk.nashorn.internal.scripts.Script$Recompilation$44618$3841A$\^function\_.L:1#issueCommand(&lt;function&gt;:124)
	at jdk.nashorn.internal.scripts.Script$Recompilation$44618$3841A$\^function\_.L:1#issueCommand(&lt;function&gt;:124)
	at jdk.nashorn.internal.scripts.Script$Recompilation$44618$3841A$\^function\_.L:1#issueCommand(&lt;function&gt;:124)
	at jdk.nashorn.internal.scripts.Script$Recompilation$44618$3841A$\^function\_.L:1#issueCommand(&lt;function&gt;:124)
	at jdk.nashorn.internal.scripts.Script$Recompilation$44618$3841A$\^function\_.L:1#issueCommand(&lt;function&gt;:124)
	at jdk.nashorn.internal.scripts.Script$Recompilation$44618$3841A$\^function\_.L:1#issueCommand(&lt;function&gt;:124)
	at jdk.nashorn.internal.scripts.Script$Recompilation$44618$3841A$\^function\_.L:1#issueCommand(&lt;function&gt;:124)
	at jdk.nashorn.internal.scripts.Script$Recompilation$44618$3841A$\^function\_.L:1#issueCommand(&lt;function&gt;:124)
	at jdk.nashorn.internal.scripts.Script$Recompilation$44618$3841A$\^function\_.L:1#issueCommand(&lt;function&gt;:124)
	at jdk.nashorn.internal.scripts.Script$Recompilation$44618$3841A$\^function\_.L:1#issueCommand(&lt;function&gt;:124)
	at jdk.nashorn.internal.scripts.Script$Recompilation$44618$3841A$\^function\_.L:1#issueCommand(&lt;function&gt;:124)
	at jdk.nashorn.internal.scripts.Script$Recompilation$44618$3841A$\^function\_.L:1#issueCommand(&lt;function&gt;:124)
	at jdk.nashorn.internal.scripts.Script$Recompilation$44618$3841A$\^function\_.L:1#issueCommand(&lt;function&gt;:124)
	at jdk.nashorn.internal.scripts.Script$Recompilation$44618$3841A$\^function\_.L:1#issueCommand(&lt;function&gt;:124)
	at jdk.nashorn.internal.scripts.Script$Recompilation$44618$3841A$\^function\_.L:1#issueCommand(&lt;function&gt;:124)
	at jdk.nashorn.internal.scripts.Script$Recompilation$44618$3841A$\^function\_.L:1#issueCommand(&lt;function&gt;:124)
	at jdk.nashorn.internal.scripts.Script$Recompilation$44618$3841A$\^function\_.L:1#issueCommand(&lt;function&gt;:124)
	at jdk.nashorn.internal.scripts.Script$Recompilation$44618$3841A$\^function\_.L:1#issueCommand(&lt;function&gt;:124)
	at jdk.nashorn.internal.scripts.Script$Recompilation$44618$3841A$\^function\_.L:1#issueCommand(&lt;function&gt;:124)
	at jdk.nashorn.internal.scripts.Script$Recompilation$44618$3841A$\^function\_.L:1#issueCommand(&lt;function&gt;:124)
	at jdk.nashorn.internal.scripts.Script$Recompilation$44618$3841A$\^function\_.L:1#issueCommand(&lt;function&gt;:124)
	at jdk.nashorn.internal.scripts.Script$Recompilation$44618$3841A$\^function\_.L:1#issueCommand(&lt;function&gt;:124)
	at jdk.nashorn.internal.scripts.Script$Recompilation$44618$3841A$\^function\_.L:1#issueCommand(&lt;function&gt;:124)
	at jdk.nashorn.internal.scripts.Script$Recompilation$44618$3841A$\^function\_.L:1#issueCommand(&lt;function&gt;:124)
	at jdk.nashorn.internal.scripts.Script$Recompilation$44618$3841A$\^function\_.L:1#issueCommand(&lt;function&gt;:124)
	at jdk.nashorn.internal.scripts.Script$Recompilation$44618$3841A$\^function\_.L:1#issueCommand(&lt;function&gt;:124)
	at jdk.nashorn.internal.scripts.Script$Recompilation$44618$3841A$\^function\_.L:1#issueCommand(&lt;function&gt;:124)
	at jdk.nashorn.internal.scripts.Script$Recompilation$44618$3841A$\^function\_.L:1#issueCommand(&lt;function&gt;:124)
	at jdk.nashorn.internal.scripts.Script$Recompilation$44618$3841A$\^function\_.L:1#issueCommand(&lt;function&gt;:124)
	at jdk.nashorn.internal.scripts.Script$Recompilation$44618$3841A$\^function\_.L:1#issueCommand(&lt;function&gt;:124)
	at jdk.nashorn.internal.scripts.Script$Recompilation$44618$3841A$\^function\_.L:1#issueCommand(&lt;function&gt;:124)
	at jdk.nashorn.internal.scripts.Script$Recompilation$44618$3841A$\^function\_.L:1#issueCommand(&lt;function&gt;:124)
	at jdk.nashorn.internal.scripts.Script$Recompilation$44618$3841A$\^function\_.L:1#issueCommand(&lt;function&gt;:124)
	at jdk.nashorn.internal.scripts.Script$Recompilation$44618$3841A$\^function\_.L:1#issueCommand(&lt;function&gt;:124)
	at jdk.nashorn.internal.scripts.Script$Recompilation$44618$3841A$\^function\_.L:1#issueCommand(&lt;function&gt;:124)
	at jdk.nashorn.internal.scripts.Script$Recompilation$44618$3841A$\^function\_.L:1#issueCommand(&lt;function&gt;:124)
	at jdk.nashorn.internal.scripts.Script$Recompilation$44618$3841A$\^function\_.L:1#issueCommand(&lt;function&gt;:124)
	at jdk.nashorn.internal.scripts.Script$Recompilation$44618$3841A$\^function\_.L:1#issueCommand(&lt;function&gt;:124)
	at jdk.nashorn.internal.scripts.Script$Recompilation$44618$3841A$\^function\_.L:1#issueCommand(&lt;function&gt;:124)
	at jdk.nashorn.internal.scripts.Script$Recompilation$44618$3841A$\^function\_.L:1#issueCommand(&lt;function&gt;:124)
	at jdk.nashorn.internal.scripts.Script$Recompilation$44618$3841A$\^function\_.L:1#issueCommand(&lt;function&gt;:124)
	at jdk.nashorn.internal.scripts.Script$Recompilation$44618$3841A$\^function\_.L:1#issueCommand(&lt;function&gt;:124)
	at jdk.nashorn.internal.scripts.Script$Recompilation$44618$3841A$\^function\_.L:1#issueCommand(&lt;function&gt;:124)
	at jdk.nashorn.internal.scripts.Script$Recompilation$44618$3841A$\^function\_.L:1#issueCommand(&lt;function&gt;:124)
	at jdk.nashorn.internal.scripts.Script$Recompilation$44618$3841A$\^function\_.L:1#issueCommand(&lt;function&gt;:124)
	at jdk.nashorn.internal.scripts.Script$Recompilation$44618$3841A$\^function\_.L:1#issueCommand(&lt;function&gt;:124)
	at jdk.nashorn.internal.scripts.Script$Recompilation$44618$3841A$\^function\_.L:1#issueCommand(&lt;function&gt;:124)
	at jdk.nashorn.internal.scripts.Script$Recompilation$44618$3841A$\^function\_.L:1#issueCommand(&lt;function&gt;:124)
	at jdk.nashorn.internal.scripts.Script$Recompilation$44618$3841A$\^function\_.L:1#issueCommand(&lt;function&gt;:124)
	at jdk.nashorn.internal.scripts.Script$Recompilation$44618$3841A$\^function\_.L:1#issueCommand(&lt;function&gt;:124)
	at jdk.nashorn.internal.scripts.Script$Recompilation$44618$3841A$\^function\_.L:1#issueCommand(&lt;function&gt;:124)
	at jdk.nashorn.internal.scripts.Script$Recompilation$44618$3841A$\^function\_.L:1#issueCommand(&lt;function&gt;:124)
	at jdk.nashorn.internal.scripts.Script$Recompilation$44618$3841A$\^function\_.L:1#issueCommand(&lt;function&gt;:124)
	at jdk.nashorn.internal.scripts.Script$Recompilation$44618$3841A$\^function\_.L:1#issueCommand(&lt;function&gt;:124)
	at jdk.nashorn.internal.scripts.Script$Recompilation$44618$3841A$\^function\_.L:1#issueCommand(&lt;function&gt;:124)
	at jdk.nashorn.internal.scripts.Script$Recompilation$44618$3841A$\^function\_.L:1#issueCommand(&lt;function&gt;:124)
	at jdk.nashorn.internal.scripts.Script$Recompilation$44618$3841A$\^function\_.L:1#issueCommand(&lt;function&gt;:124)
	at jdk.nashorn.internal.scripts.Script$Recompilation$44618$3841A$\^function\_.L:1#issueCommand(&lt;function&gt;:124)
	at jdk.nashorn.internal.scripts.Script$Recompilation$44618$3841A$\^function\_.L:1#issueCommand(&lt;function&gt;:124)
	at jdk.nashorn.internal.scripts.Script$Recompilation$44618$3841A$\^function\_.L:1#issueCommand(&lt;function&gt;:124)
	at jdk.nashorn.internal.scripts.Script$Recompilation$44618$3841A$\^function\_.L:1#issueCommand(&lt;function&gt;:124)
	at jdk.nashorn.internal.scripts.Script$Recompilation$44618$3841A$\^function\_.L:1#issueCommand(&lt;function&gt;:124)
	at jdk.nashorn.internal.scripts.Script$Recompilation$44618$3841A$\^function\_.L:1#issueCommand(&lt;function&gt;:124)
	at jdk.nashorn.internal.scripts.Script$Recompilation$44618$3841A$\^function\_.L:1#issueCommand(&lt;function&gt;:124)
	at jdk.nashorn.internal.scripts.Script$Recompilation$44618$3841A$\^function\_.L:1#issueCommand(&lt;function&gt;:124)
	at jdk.nashorn.internal.scripts.Script$Recompilation$44618$3841A$\^function\_.L:1#issueCommand(&lt;function&gt;:124)
	at jdk.nashorn.internal.scripts.Script$Recompilation$44618$3841A$\^function\_.L:1#issueCommand(&lt;function&gt;:124)
	at jdk.nashorn.internal.scripts.Script$Recompilation$44618$3841A$\^function\_.L:1#issueCommand(&lt;function&gt;:124)
	at jdk.nashorn.internal.scripts.Script$Recompilation$44618$3841A$\^function\_.L:1#issueCommand(&lt;function&gt;:124)
	at jdk.nashorn.internal.scripts.Script$Recompilation$44618$3841A$\^function\_.L:1#issueCommand(&lt;function&gt;:124)
	at jdk.nashorn.internal.scripts.Script$Recompilation$44618$3841A$\^function\_.L:1#issueCommand(&lt;function&gt;:124)
	at jdk.nashorn.internal.scripts.Script$Recompilation$44618$3841A$\^function\_.L:1#issueCommand(&lt;function&gt;:124)
	at jdk.nashorn.internal.scripts.Script$Recompilation$44618$3841A$\^function\_.L:1#issueCommand(&lt;function&gt;:124)
	at jdk.nashorn.internal.scripts.Script$Recompilation$44618$3841A$\^function\_.L:1#issueCommand(&lt;function&gt;:124)
	at jdk.nashorn.internal.scripts.Script$Recompilation$44618$3841A$\^function\_.L:1#issueCommand(&lt;function&gt;:124)
	at jdk.nashorn.internal.scripts.Script$Recompilation$44618$3841A$\^function\_.L:1#issueCommand(&lt;function&gt;:124)
	at jdk.nashorn.internal.scripts.Script$Recompilation$44618$3841A$\^function\_.L:1#issueCommand(&lt;function&gt;:124)
	at jdk.nashorn.internal.scripts.Script$Recompilation$44618$3841A$\^function\_.L:1#issueCommand(&lt;function&gt;:124)
	at jdk.nashorn.internal.scripts.Script$Recompilation$44618$3841A$\^function\_.L:1#issueCommand(&lt;function&gt;:124)
	at jdk.nashorn.internal.scripts.Script$Recompilation$44618$3841A$\^function\_.L:1#issueCommand(&lt;function&gt;:124)
	at jdk.nashorn.internal.scripts.Script$Recompilation$44618$3841A$\^function\_.L:1#issueCommand(&lt;function&gt;:124)
	at jdk.nashorn.internal.scripts.Script$Recompilation$44618$3841A$\^function\_.L:1#issueCommand(&lt;function&gt;:124)
	at jdk.nashorn.internal.scripts.Script$Recompilation$44618$3841A$\^function\_.L:1#issueCommand(&lt;function&gt;:124)
	at jdk.nashorn.internal.scripts.Script$Recompilation$44618$3841A$\^function\_.L:1#issueCommand(&lt;function&gt;:124)
	at jdk.nashorn.internal.scripts.Script$Recompilation$44618$3841A$\^function\_.L:1#issueCommand(&lt;function&gt;:124)
	at jdk.nashorn.internal.scripts.Script$Recompilation$44618$3841A$\^function\_.L:1#issueCommand(&lt;function&gt;:124)
	at jdk.nashorn.internal.scripts.Script$Recompilation$44618$3841A$\^function\_.L:1#issueCommand(&lt;function&gt;:124)
	at jdk.nashorn.internal.scripts.Script$Recompilation$44618$3841A$\^function\_.L:1#issueCommand(&lt;function&gt;:124)
	at jdk.nashorn.internal.scripts.Script$Recompilation$44618$3841A$\^function\_.L:1#issueCommand(&lt;function&gt;:124)
	at jdk.nashorn.internal.scripts.Script$Recompilation$44618$3841A$\^function\_.L:1#issueCommand(&lt;function&gt;:124)
	at jdk.nashorn.internal.scripts.Script$Recompilation$44618$3841A$\^function\_.L:1#issueCommand(&lt;function&gt;:124)
	at jdk.nashorn.internal.scripts.Script$Recompilation$44618$3841A$\^function\_.L:1#issueCommand(&lt;function&gt;:124)
	at jdk.nashorn.internal.scripts.Script$Recompilation$44618$3841A$\^function\_.L:1#issueCommand(&lt;function&gt;:124)
	at jdk.nashorn.internal.scripts.Script$Recompilation$44618$3841A$\^function\_.L:1#issueCommand(&lt;function&gt;:124)
	at jdk.nashorn.internal.scripts.Script$Recompilation$44618$3841A$\^function\_.L:1#issueCommand(&lt;function&gt;:124)
	at jdk.nashorn.internal.scripts.Script$Recompilation$44618$3841A$\^function\_.L:1#issueCommand(&lt;function&gt;:124)
	at jdk.nashorn.internal.scripts.Script$Recompilation$44618$3841A$\^function\_.L:1#issueCommand(&lt;function&gt;:124)
	at jdk.nashorn.internal.scripts.Script$Recompilation$44618$3841A$\^function\_.L:1#issueCommand(&lt;function&gt;:124)
	at jdk.nashorn.internal.scripts.Script$Recompilation$44618$3841A$\^function\_.L:1#issueCommand(&lt;function&gt;:124)
	at jdk.nashorn.internal.scripts.Script$Recompilation$44618$3841A$\^function\_.L:1#issueCommand(&lt;function&gt;:124)
	at jdk.nashorn.internal.scripts.Script$Recompilation$44618$3841A$\^function\_.L:1#issueCommand(&lt;function&gt;:124)
	at jdk.nashorn.internal.scripts.Script$Recompilation$44618$3841A$\^function\_.L:1#issueCommand(&lt;function&gt;:124)
	at jdk.nashorn.internal.scripts.Script$Recompilation$44618$3841A$\^function\_.L:1#issueCommand(&lt;function&gt;:124)
	at jdk.nashorn.internal.scripts.Script$Recompilation$44618$3841A$\^function\_.L:1#issueCommand(&lt;function&gt;:124)
	at jdk.nashorn.internal.scripts.Script$Recompilation$44618$3841A$\^function\_.L:1#issueCommand(&lt;function&gt;:124)
	at jdk.nashorn.internal.scripts.Script$Recompilation$44618$3841A$\^function\_.L:1#issueCommand(&lt;function&gt;:124)
	at jdk.nashorn.internal.scripts.Script$Recompilation$44618$3841A$\^function\_.L:1#issueCommand(&lt;function&gt;:124)
	at jdk.nashorn.internal.scripts.Script$Recompilation$44618$3841A$\^function\_.L:1#issueCommand(&lt;function&gt;:124)
	at jdk.nashorn.internal.scripts.Script$Recompilation$44618$3841A$\^function\_.L:1#issueCommand(&lt;function&gt;:124)
	at jdk.nashorn.internal.scripts.Script$Recompilation$44618$3841A$\^function\_.L:1#issueCommand(&lt;function&gt;:124)
	at jdk.nashorn.internal.scripts.Script$Recompilation$44618$3841A$\^function\_.L:1#issueCommand(&lt;function&gt;:124)
	at jdk.nashorn.internal.scripts.Script$Recompilation$44618$3841A$\^function\_.L:1#issueCommand(&lt;function&gt;:124)
	at jdk.nashorn.internal.scripts.Script$Recompilation$44618$3841A$\^function\_.L:1#issueCommand(&lt;function&gt;:124)
	at jdk.nashorn.internal.scripts.Script$Recompilation$44618$3841A$\^function\_.L:1#issueCommand(&lt;function&gt;:124)
	at jdk.nashorn.internal.scripts.Script$Recompilation$44618$3841A$\^function\_.L:1#issueCommand(&lt;function&gt;:124)
	at jdk.nashorn.internal.scripts.Script$Recompilation$44618$3841A$\^function\_.L:1#issueCommand(&lt;function&gt;:124)
	at jdk.nashorn.internal.scripts.Script$Recompilation$44618$3841A$\^function\_.L:1#issueCommand(&lt;function&gt;:124)
	at jdk.nashorn.internal.scripts.Script$Recompilation$44618$3841A$\^function\_.L:1#issueCommand(&lt;function&gt;:124)
	at jdk.nashorn.internal.scripts.Script$Recompilation$44618$3841A$\^function\_.L:1#issueCommand(&lt;function&gt;:124)
	at jdk.nashorn.internal.scripts.Script$Recompilation$44618$3841A$\^function\_.L:1#issueCommand(&lt;function&gt;:124)
	at jdk.nashorn.internal.scripts.Script$Recompilation$44618$3841A$\^function\_.L:1#issueCommand(&lt;function&gt;:124)
	at jdk.nashorn.internal.scripts.Script$Recompilation$44618$3841A$\^function\_.L:1#issueCommand(&lt;function&gt;:124)
	at jdk.nashorn.internal.scripts.Script$Recompilation$44618$3841A$\^function\_.L:1#issueCommand(&lt;function&gt;:124)
	at jdk.nashorn.internal.scripts.Script$Recompilation$44618$3841A$\^function\_.L:1#issueCommand(&lt;function&gt;:124)
	at jdk.nashorn.internal.scripts.Script$Recompilation$44618$3841A$\^function\_.L:1#issueCommand(&lt;function&gt;:124)
	at jdk.nashorn.internal.scripts.Script$Recompilation$44618$3841A$\^function\_.L:1#issueCommand(&lt;function&gt;:124)
	at jdk.nashorn.internal.scripts.Script$Recompilation$44618$3841A$\^function\_.L:1#issueCommand(&lt;function&gt;:124)
	at jdk.nashorn.internal.scripts.Script$Recompilation$44618$3841A$\^function\_.L:1#issueCommand(&lt;function&gt;:124)
	at jdk.nashorn.internal.scripts.Script$Recompilation$44618$3841A$\^function\_.L:1#issueCommand(&lt;function&gt;:124)
	at jdk.nashorn.internal.scripts.Script$Recompilation$44618$3841A$\^function\_.L:1#issueCommand(&lt;function&gt;:124)
	at jdk.nashorn.internal.scripts.Script$Recompilation$44618$3841A$\^function\_.L:1#issueCommand(&lt;function&gt;:124)
	at jdk.nashorn.internal.scripts.Script$Recompilation$44618$3841A$\^function\_.L:1#issueCommand(&lt;function&gt;:124)
	at jdk.nashorn.internal.scripts.Script$Recompilation$44618$3841A$\^function\_.L:1#issueCommand(&lt;function&gt;:124)
	at jdk.nashorn.internal.scripts.Script$Recompilation$44618$3841A$\^function\_.L:1#issueCommand(&lt;function&gt;:124)
	at jdk.nashorn.internal.scripts.Script$Recompilation$44618$3841A$\^function\_.L:1#issueCommand(&lt;function&gt;:124)
	at jdk.nashorn.internal.scripts.Script$Recompilation$44618$3841A$\^function\_.L:1#issueCommand(&lt;function&gt;:124)
	at jdk.nashorn.internal.scripts.Script$Recompilation$44618$3841A$\^function\_.L:1#issueCommand(&lt;function&gt;:124)
	at jdk.nashorn.internal.scripts.Script$Recompilation$44618$3841A$\^function\_.L:1#issueCommand(&lt;function&gt;:124)
	at jdk.nashorn.internal.scripts.Script$Recompilation$44618$3841A$\^function\_.L:1#issueCommand(&lt;function&gt;:124)
	at jdk.nashorn.internal.scripts.Script$Recompilation$44618$3841A$\^function\_.L:1#issueCommand(&lt;function&gt;:124)
	at jdk.nashorn.internal.scripts.Script$Recompilation$44618$3841A$\^function\_.L:1#issueCommand(&lt;function&gt;:124)
	at jdk.nashorn.internal.scripts.Script$Recompilation$44618$3841A$\^function\_.L:1#issueCommand(&lt;function&gt;:124)
	at jdk.nashorn.internal.scripts.Script$Recompilation$44618$3841A$\^function\_.L:1#issueCommand(&lt;function&gt;:124)
	at jdk.nashorn.internal.scripts.Script$Recompilation$44618$3841A$\^function\_.L:1#issueCommand(&lt;function&gt;:124)
	at jdk.nashorn.internal.scripts.Script$Recompilation$44618$3841A$\^function\_.L:1#issueCommand(&lt;function&gt;:124)
	at jdk.nashorn.internal.scripts.Script$Recompilation$44618$3841A$\^function\_.L:1#issueCommand(&lt;function&gt;:124)
	at jdk.nashorn.internal.scripts.Script$Recompilation$44618$3841A$\^function\_.L:1#issueCommand(&lt;function&gt;:124)
	at jdk.nashorn.internal.scripts.Script$Recompilation$44618$3841A$\^function\_.L:1#issueCommand(&lt;function&gt;:124)
	at jdk.nashorn.internal.scripts.Script$Recompilation$44618$3841A$\^function\_.L:1#issueCommand(&lt;function&gt;:124)
	at jdk.nashorn.internal.scripts.Script$Recompilation$44618$3841A$\^function\_.L:1#issueCommand(&lt;function&gt;:124)
	at jdk.nashorn.internal.scripts.Script$Recompilation$44618$3841A$\^function\_.L:1#issueCommand(&lt;function&gt;:124)
	at jdk.nashorn.internal.scripts.Script$Recompilation$44618$3841A$\^function\_.L:1#issueCommand(&lt;function&gt;:124)
	at jdk.nashorn.internal.scripts.Script$Recompilation$44618$3841A$\^function\_.L:1#issueCommand(&lt;function&gt;:124)
	at jdk.nashorn.internal.scripts.Script$Recompilation$44618$3841A$\^function\_.L:1#issueCommand(&lt;function&gt;:124)
	at jdk.nashorn.internal.scripts.Script$Recompilation$44618$3841A$\^function\_.L:1#issueCommand(&lt;function&gt;:124)
	at jdk.nashorn.internal.scripts.Script$Recompilation$44618$3841A$\^function\_.L:1#issueCommand(&lt;function&gt;:124)
	at jdk.nashorn.internal.scripts.Script$Recompilation$44618$3841A$\^function\_.L:1#issueCommand(&lt;function&gt;:124)
	at jdk.nashorn.internal.scripts.Script$Recompilation$44618$3841A$\^function\_.L:1#issueCommand(&lt;function&gt;:124)
	at jdk.nashorn.internal.scripts.Script$Recompilation$44618$3841A$\^function\_.L:1#issueCommand(&lt;function&gt;:124)
	at jdk.nashorn.internal.scripts.Script$Recompilation$44618$3841A$\^function\_.L:1#issueCommand(&lt;function&gt;:124)
	at jdk.nashorn.internal.scripts.Script$Recompilation$44618$3841A$\^function\_.L:1#issueCommand(&lt;function&gt;:124)
	at jdk.nashorn.internal.scripts.Script$Recompilation$44618$3841A$\^function\_.L:1#issueCommand(&lt;function&gt;:124)
	at jdk.nashorn.internal.scripts.Script$Recompilation$44618$3841A$\^function\_.L:1#issueCommand(&lt;function&gt;:124)
	at jdk.nashorn.internal.scripts.Script$Recompilation$44618$3841A$\^function\_.L:1#issueCommand(&lt;function&gt;:124)
	at jdk.nashorn.internal.scripts.Script$Recompilation$44618$3841A$\^function\_.L:1#issueCommand(&lt;function&gt;:124)
	at jdk.nashorn.internal.scripts.Script$Recompilation$44618$3841A$\^function\_.L:1#issueCommand(&lt;function&gt;:124)
	at jdk.nashorn.internal.scripts.Script$Recompilation$44618$3841A$\^function\_.L:1#issueCommand(&lt;function&gt;:124)
	at jdk.nashorn.internal.scripts.Script$Recompilation$44618$3841A$\^function\_.L:1#issueCommand(&lt;function&gt;:124)
	at jdk.nashorn.internal.scripts.Script$Recompilation$44618$3841A$\^function\_.L:1#issueCommand(&lt;function&gt;:124)
	at jdk.nashorn.internal.scripts.Script$Recompilation$44618$3841A$\^function\_.L:1#issueCommand(&lt;function&gt;:124)
	at jdk.nashorn.internal.scripts.Script$Recompilation$44618$3841A$\^function\_.L:1#issueCommand(&lt;function&gt;:124)
	at jdk.nashorn.internal.scripts.Script$Recompilation$44618$3841A$\^function\_.L:1#issueCommand(&lt;function&gt;:124)
	at jdk.nashorn.internal.scripts.Script$Recompilation$44618$3841A$\^function\_.L:1#issueCommand(&lt;function&gt;:124)
	at jdk.nashorn.internal.scripts.Script$Recompilation$44618$3841A$\^function\_.L:1#issueCommand(&lt;function&gt;:124)
	at jdk.nashorn.internal.scripts.Script$Recompilation$44618$3841A$\^function\_.L:1#issueCommand(&lt;function&gt;:124)
	at jdk.nashorn.internal.scripts.Script$Recompilation$44618$3841A$\^function\_.L:1#issueCommand(&lt;function&gt;:124)
	at jdk.nashorn.internal.scripts.Script$Recompilation$44618$3841A$\^function\_.L:1#issueCommand(&lt;function&gt;:124)
	at jdk.nashorn.internal.scripts.Script$Recompilation$44618$3841A$\^function\_.L:1#issueCommand(&lt;function&gt;:124)
	at jdk.nashorn.internal.scripts.Script$Recompilation$44618$3841A$\^function\_.L:1#issueCommand(&lt;function&gt;:124)
	at jdk.nashorn.internal.scripts.Script$Recompilation$44618$3841A$\^function\_.L:1#issueCommand(&lt;function&gt;:124)
	at jdk.nashorn.internal.scripts.Script$Recompilation$44618$3841A$\^function\_.L:1#issueCommand(&lt;function&gt;:124)
	at jdk.nashorn.internal.scripts.Script$Recompilation$44618$3841A$\^function\_.L:1#issueCommand(&lt;function&gt;:124)
	at jdk.nashorn.internal.scripts.Script$Recompilation$44618$3841A$\^function\_.L:1#issueCommand(&lt;function&gt;:124)
	at jdk.nashorn.internal.scripts.Script$Recompilation$44618$3841A$\^function\_.L:1#issueCommand(&lt;function&gt;:124)
	at jdk.nashorn.internal.scripts.Script$Recompilation$44618$3841A$\^function\_.L:1#issueCommand(&lt;function&gt;:124)
	at jdk.nashorn.internal.scripts.Script$Recompilation$44618$3841A$\^function\_.L:1#issueCommand(&lt;function&gt;:124)
	at jdk.nashorn.internal.scripts.Script$Recompilation$44618$3841A$\^function\_.L:1#issueCommand(&lt;function&gt;:124)
	at jdk.nashorn.internal.scripts.Script$Recompilation$44618$3841A$\^function\_.L:1#issueCommand(&lt;function&gt;:124)
	at jdk.nashorn.internal.scripts.Script$Recompilation$44618$3841A$\^function\_.L:1#issueCommand(&lt;function&gt;:124)
	at jdk.nashorn.internal.scripts.Script$Recompilation$44618$3841A$\^function\_.L:1#issueCommand(&lt;function&gt;:124)
	at jdk.nashorn.internal.scripts.Script$Recompilation$44618$3841A$\^function\_.L:1#issueCommand(&lt;function&gt;:124)
	at jdk.nashorn.internal.scripts.Script$Recompilation$44618$3841A$\^function\_.L:1#issueCommand(&lt;function&gt;:124)
	at jdk.nashorn.internal.scripts.Script$Recompilation$44618$3841A$\^function\_.L:1#issueCommand(&lt;function&gt;:124)
	at jdk.nashorn.internal.scripts.Script$Recompilation$44618$3841A$\^function\_.L:1#issueCommand(&lt;function&gt;:124)
	at jdk.nashorn.internal.scripts.Script$Recompilation$44618$3841A$\^function\_.L:1#issueCommand(&lt;function&gt;:124)
	at jdk.nashorn.internal.scripts.Script$Recompilation$44618$3841A$\^function\_.L:1#issueCommand(&lt;function&gt;:124)
	at jdk.nashorn.internal.scripts.Script$Recompilation$44618$3841A$\^function\_.L:1#issueCommand(&lt;function&gt;:124)
	at jdk.nashorn.internal.scripts.Script$Recompilation$44618$3841A$\^function\_.L:1#issueCommand(&lt;function&gt;:124)
	at jdk.nashorn.internal.scripts.Script$Recompilation$44618$3841A$\^function\_.L:1#issueCommand(&lt;function&gt;:124)
	at jdk.nashorn.internal.scripts.Script$Recompilation$44618$3841A$\^function\_.L:1#issueCommand(&lt;function&gt;:124)
	at jdk.nashorn.internal.scripts.Script$Recompilation$44618$3841A$\^function\_.L:1#issueCommand(&lt;function&gt;:124)
	at jdk.nashorn.internal.scripts.Script$Recompilation$44618$3841A$\^function\_.L:1#issueCommand(&lt;function&gt;:124)
	at jdk.nashorn.internal.scripts.Script$Recompilation$44618$3841A$\^function\_.L:1#issueCommand(&lt;function&gt;:124)
	at jdk.nashorn.internal.scripts.Script$Recompilation$44618$3841A$\^function\_.L:1#issueCommand(&lt;function&gt;:124)
	at jdk.nashorn.internal.scripts.Script$Recompilation$44618$3841A$\^function\_.L:1#issueCommand(&lt;function&gt;:124)
	at jdk.nashorn.internal.scripts.Script$Recompilation$44618$3841A$\^function\_.L:1#issueCommand(&lt;function&gt;:124)
	at jdk.nashorn.internal.scripts.Script$Recompilation$44618$3841A$\^function\_.L:1#issueCommand(&lt;function&gt;:124)
	at jdk.nashorn.internal.scripts.Script$Recompilation$44618$3841A$\^function\_.L:1#issueCommand(&lt;function&gt;:124)
	at jdk.nashorn.internal.scripts.Script$Recompilation$44618$3841A$\^function\_.L:1#issueCommand(&lt;function&gt;:124)
	at jdk.nashorn.internal.scripts.Script$Recompilation$44618$3841A$\^function\_.L:1#issueCommand(&lt;function&gt;:124)
	at jdk.nashorn.internal.scripts.Script$Recompilation$44618$3841A$\^function\_.L:1#issueCommand(&lt;function&gt;:124)
	at jdk.nashorn.internal.scripts.Script$Recompilation$44618$3841A$\^function\_.L:1#issueCommand(&lt;function&gt;:124)
	at jdk.nashorn.internal.scripts.Script$Recompilation$44618$3841A$\^function\_.L:1#issueCommand(&lt;function&gt;:124)
	at jdk.nashorn.internal.scripts.Script$Recompilation$44618$3841A$\^function\_.L:1#issueCommand(&lt;function&gt;:124)
	at jdk.nashorn.internal.scripts.Script$Recompilation$44618$3841A$\^function\_.L:1#issueCommand(&lt;function&gt;:124)
	at jdk.nashorn.internal.scripts.Script$Recompilation$44618$3841A$\^function\_.L:1#issueCommand(&lt;function&gt;:124)
	at jdk.nashorn.internal.scripts.Script$Recompilation$44618$3841A$\^function\_.L:1#issueCommand(&lt;function&gt;:124)
	at jdk.nashorn.internal.scripts.Script$Recompilation$44618$3841A$\^function\_.L:1#issueCommand(&lt;function&gt;:124)
	at jdk.nashorn.internal.scripts.Script$Recompilation$44618$3841A$\^function\_.L:1#issueCommand(&lt;function&gt;:124)
	at jdk.nashorn.internal.scripts.Script$Recompilation$44618$3841A$\^function\_.L:1#issueCommand(&lt;function&gt;:124)
	at jdk.nashorn.internal.scripts.Script$Recompilation$44618$3841A$\^function\_.L:1#issueCommand(&lt;function&gt;:124)
	at jdk.nashorn.internal.scripts.Script$Recompilation$44618$3841A$\^function\_.L:1#issueCommand(&lt;function&gt;:124)
	at jdk.nashorn.internal.scripts.Script$Recompilation$44618$3841A$\^function\_.L:1#issueCommand(&lt;function&gt;:124)
	at jdk.nashorn.internal.scripts.Script$Recompilation$44618$3841A$\^function\_.L:1#issueCommand(&lt;function&gt;:124)
	at jdk.nashorn.internal.scripts.Script$Recompilation$44618$3841A$\^function\_.L:1#issueCommand(&lt;function&gt;:124)
	at jdk.nashorn.internal.scripts.Script$Recompilation$44618$3841A$\^function\_.L:1#issueCommand(&lt;function&gt;:124)
	at jdk.nashorn.internal.scripts.Script$Recompilation$44618$3841A$\^function\_.L:1#issueCommand(&lt;function&gt;:124)
	at jdk.nashorn.internal.scripts.Script$Recompilation$44618$3841A$\^function\_.L:1#issueCommand(&lt;function&gt;:124)
	at jdk.nashorn.internal.scripts.Script$Recompilation$44618$3841A$\^function\_.L:1#issueCommand(&lt;function&gt;:124)
	at jdk.nashorn.internal.scripts.Script$Recompilation$44618$3841A$\^function\_.L:1#issueCommand(&lt;function&gt;:124)
	at jdk.nashorn.internal.scripts.Script$Recompilation$44618$3841A$\^function\_.L:1#issueCommand(&lt;function&gt;:124)
	at jdk.nashorn.internal.scripts.Script$Recompilation$44618$3841A$\^function\_.L:1#issueCommand(&lt;function&gt;:124)
	at jdk.nashorn.internal.scripts.Script$Recompilation$44618$3841A$\^function\_.L:1#issueCommand(&lt;function&gt;:124)
	at jdk.nashorn.internal.scripts.Script$Recompilation$44618$3841A$\^function\_.L:1#issueCommand(&lt;function&gt;:124)
	at jdk.nashorn.internal.scripts.Script$Recompilation$44618$3841A$\^function\_.L:1#issueCommand(&lt;function&gt;:124)
	at jdk.nashorn.internal.scripts.Script$Recompilation$44618$3841A$\^function\_.L:1#issueCommand(&lt;function&gt;:124)
	at jdk.nashorn.internal.scripts.Script$Recompilation$44618$3841A$\^function\_.L:1#issueCommand(&lt;function&gt;:124)
	at jdk.nashorn.internal.scripts.Script$Recompilation$44618$3841A$\^function\_.L:1#issueCommand(&lt;function&gt;:124)
	at jdk.nashorn.internal.scripts.Script$Recompilation$44618$3841A$\^function\_.L:1#issueCommand(&lt;function&gt;:124)
	at jdk.nashorn.internal.scripts.Script$Recompilation$44618$3841A$\^function\_.L:1#issueCommand(&lt;function&gt;:124)
	at jdk.nashorn.internal.scripts.Script$Recompilation$44618$3841A$\^function\_.L:1#issueCommand(&lt;function&gt;:124)
	at jdk.nashorn.internal.scripts.Script$Recompilation$44618$3841A$\^function\_.L:1#issueCommand(&lt;function&gt;:124)
	at jdk.nashorn.internal.scripts.Script$Recompilation$44618$3841A$\^function\_.L:1#issueCommand(&lt;function&gt;:124)
	at jdk.nashorn.internal.scripts.Script$Recompilation$44618$3841A$\^function\_.L:1#issueCommand(&lt;function&gt;:124)
	at jdk.nashorn.internal.scripts.Script$Recompilation$44618$3841A$\^function\_.L:1#issueCommand(&lt;function&gt;:124)
	at jdk.nashorn.internal.scripts.Script$Recompilation$44618$3841A$\^function\_.L:1#issueCommand(&lt;function&gt;:124)
	at jdk.nashorn.internal.scripts.Script$Recompilation$44618$3841A$\^function\_.L:1#issueCommand(&lt;function&gt;:124)
	at jdk.nashorn.internal.scripts.Script$Recompilation$44618$3841A$\^function\_.L:1#issueCommand(&lt;function&gt;:124)
	at jdk.nashorn.internal.scripts.Script$Recompilation$44618$3841A$\^function\_.L:1#issueCommand(&lt;function&gt;:124)
	at jdk.nashorn.internal.scripts.Script$Recompilation$44618$3841A$\^function\_.L:1#issueCommand(&lt;function&gt;:124)
	at jdk.nashorn.internal.scripts.Script$Recompilation$44618$3841A$\^function\_.L:1#issueCommand(&lt;function&gt;:124)
	at jdk.nashorn.internal.scripts.Script$Recompilation$44618$3841A$\^function\_.L:1#issueCommand(&lt;function&gt;:124)
	at jdk.nashorn.internal.scripts.Script$Recompilation$44618$3841A$\^function\_.L:1#issueCommand(&lt;function&gt;:124)
	at jdk.nashorn.internal.scripts.Script$Recompilation$44618$3841A$\^function\_.L:1#issueCommand(&lt;function&gt;:124)
	at jdk.nashorn.internal.scripts.Script$Recompilation$44618$3841A$\^function\_.L:1#issueCommand(&lt;function&gt;:124)
	at jdk.nashorn.internal.scripts.Script$Recompilation$44618$3841A$\^function\_.L:1#issueCommand(&lt;function&gt;:124)
	at jdk.nashorn.internal.scripts.Script$Recompilation$44618$3841A$\^function\_.L:1#issueCommand(&lt;function&gt;:124)
	at jdk.nashorn.internal.scripts.Script$Recompilation$44618$3841A$\^function\_.L:1#issueCommand(&lt;function&gt;:124)
	at jdk.nashorn.internal.scripts.Script$Recompilation$44618$3841A$\^function\_.L:1#issueCommand(&lt;function&gt;:124)
	at jdk.nashorn.internal.scripts.Script$Recompilation$44618$3841A$\^function\_.L:1#issueCommand(&lt;function&gt;:124)
	at jdk.nashorn.internal.scripts.Script$Recompilation$44618$3841A$\^function\_.L:1#issueCommand(&lt;function&gt;:124)
	at jdk.nashorn.internal.scripts.Script$Recompilation$44618$3841A$\^function\_.L:1#issueCommand(&lt;function&gt;:124)
	at jdk.nashorn.internal.scripts.Script$Recompilation$44618$3841A$\^function\_.L:1#issueCommand(&lt;function&gt;:124)
	at jdk.nashorn.internal.scripts.Script$Recompilation$44618$3841A$\^function\_.L:1#issueCommand(&lt;function&gt;:124)
	at jdk.nashorn.internal.scripts.Script$Recompilation$44618$3841A$\^function\_.L:1#issueCommand(&lt;function&gt;:124)
	at jdk.nashorn.internal.scripts.Script$Recompilation$44618$3841A$\^function\_.L:1#issueCommand(&lt;function&gt;:124)
	at jdk.nashorn.internal.scripts.Script$Recompilation$44618$3841A$\^function\_.L:1#issueCommand(&lt;function&gt;:124)
	at jdk.nashorn.internal.scripts.Script$Recompilation$44618$3841A$\^function\_.L:1#issueCommand(&lt;function&gt;:124)
	at jdk.nashorn.internal.scripts.Script$Recompilation$44618$3841A$\^function\_.L:1#issueCommand(&lt;function&gt;:124)
	at jdk.nashorn.internal.scripts.Script$Recompilation$44618$3841A$\^function\_.L:1#issueCommand(&lt;function&gt;:124)
	at jdk.nashorn.internal.scripts.Script$Recompilation$44618$3841A$\^function\_.L:1#issueCommand(&lt;function&gt;:124)
	at jdk.nashorn.internal.scripts.Script$Recompilation$44618$3841A$\^function\_.L:1#issueCommand(&lt;function&gt;:124)
	at jdk.nashorn.internal.scripts.Script$Recompilation$44618$3841A$\^function\_.L:1#issueCommand(&lt;function&gt;:124)
	at jdk.nashorn.internal.scripts.Script$Recompilation$44618$3841A$\^function\_.L:1#issueCommand(&lt;function&gt;:124)
	at jdk.nashorn.internal.scripts.Script$Recompilation$44618$3841A$\^function\_.L:1#issueCommand(&lt;function&gt;:124)
	at jdk.nashorn.internal.scripts.Script$Recompilation$44618$3841A$\^function\_.L:1#issueCommand(&lt;function&gt;:124)
	at jdk.nashorn.internal.scripts.Script$Recompilation$44618$3841A$\^function\_.L:1#issueCommand(&lt;function&gt;:124)
	at jdk.nashorn.internal.scripts.Script$Recompilation$44618$3841A$\^function\_.L:1#issueCommand(&lt;function&gt;:124)
	at jdk.nashorn.internal.scripts.Script$Recompilation$44618$3841A$\^function\_.L:1#issueCommand(&lt;function&gt;:124)
	at jdk.nashorn.internal.scripts.Script$Recompilation$44618$3841A$\^function\_.L:1#issueCommand(&lt;function&gt;:124)
	at jdk.nashorn.internal.scripts.Script$Recompilation$44618$3841A$\^function\_.L:1#issueCommand(&lt;function&gt;:124)
	at jdk.nashorn.internal.scripts.Script$Recompilation$44618$3841A$\^function\_.L:1#issueCommand(&lt;function&gt;:124)
	at jdk.nashorn.internal.scripts.Script$Recompilation$44618$3841A$\^function\_.L:1#issueCommand(&lt;function&gt;:124)
	at jdk.nashorn.internal.scripts.Script$Recompilation$44618$3841A$\^function\_.L:1#issueCommand(&lt;function&gt;:124)
	at jdk.nashorn.internal.scripts.Script$Recompilation$44618$3841A$\^function\_.L:1#issueCommand(&lt;function&gt;:124)
	at jdk.nashorn.internal.scripts.Script$Recompilation$44618$3841A$\^function\_.L:1#issueCommand(&lt;function&gt;:124)
	at jdk.nashorn.internal.scripts.Script$Recompilation$44618$3841A$\^function\_.L:1#issueCommand(&lt;function&gt;:124)
	at jdk.nashorn.internal.scripts.Script$Recompilation$44618$3841A$\^function\_.L:1#issueCommand(&lt;function&gt;:124)
	at jdk.nashorn.internal.scripts.Script$Recompilation$44618$3841A$\^function\_.L:1#issueCommand(&lt;function&gt;:124)
	at jdk.nashorn.internal.scripts.Script$Recompilation$44618$3841A$\^function\_.L:1#issueCommand(&lt;function&gt;:124)
	at jdk.nashorn.internal.scripts.Script$Recompilation$44618$3841A$\^function\_.L:1#issueCommand(&lt;function&gt;:124)
	at jdk.nashorn.internal.scripts.Script$Recompilation$44618$3841A$\^function\_.L:1#issueCommand(&lt;function&gt;:124)
	at jdk.nashorn.internal.scripts.Script$Recompilation$44618$3841A$\^function\_.L:1#issueCommand(&lt;function&gt;:124)
	at jdk.nashorn.internal.scripts.Script$Recompilation$44618$3841A$\^function\_.L:1#issueCommand(&lt;function&gt;:124)
	at jdk.nashorn.internal.scripts.Script$Recompilation$44618$3841A$\^function\_.L:1#issueCommand(&lt;function&gt;:124)
	at jdk.nashorn.internal.scripts.Script$Recompilation$44618$3841A$\^function\_.L:1#issueCommand(&lt;function&gt;:124)
	at jdk.nashorn.internal.scripts.Script$Recompilation$44618$3841A$\^function\_.L:1#issueCommand(&lt;function&gt;:124)
	at jdk.nashorn.internal.scripts.Script$Recompilation$44618$3841A$\^function\_.L:1#issueCommand(&lt;function&gt;:124)
	at jdk.nashorn.internal.scripts.Script$Recompilation$44618$3841A$\^function\_.L:1#issueCommand(&lt;function&gt;:124)
	at jdk.nashorn.internal.scripts.Script$Recompilation$44618$3841A$\^function\_.L:1#issueCommand(&lt;function&gt;:124)
	at jdk.nashorn.internal.scripts.Script$Recompilation$44618$3841A$\^function\_.L:1#issueCommand(&lt;function&gt;:124)
	at jdk.nashorn.internal.scripts.Script$Recompilation$44618$3841A$\^function\_.L:1#issueCommand(&lt;function&gt;:124)
	at jdk.nashorn.internal.scripts.Script$Recompilation$44618$3841A$\^function\_.L:1#issueCommand(&lt;function&gt;:124)
	at jdk.nashorn.internal.scripts.Script$Recompilation$44618$3841A$\^function\_.L:1#issueCommand(&lt;function&gt;:124)
	at jdk.nashorn.internal.scripts.Script$Recompilation$44618$3841A$\^function\_.L:1#issueCommand(&lt;function&gt;:124)
	at jdk.nashorn.internal.scripts.Script$Recompilation$44618$3841A$\^function\_.L:1#issueCommand(&lt;function&gt;:124)
	at jdk.nashorn.internal.scripts.Script$Recompilation$44618$3841A$\^function\_.L:1#issueCommand(&lt;function&gt;:124)
	at jdk.nashorn.internal.scripts.Script$Recompilation$44618$3841A$\^function\_.L:1#issueCommand(&lt;function&gt;:124)
	at jdk.nashorn.internal.scripts.Script$Recompilation$44618$3841A$\^function\_.L:1#issueCommand(&lt;function&gt;:124)
	at jdk.nashorn.internal.scripts.Script$Recompilation$44618$3841A$\^function\_.L:1#issueCommand(&lt;function&gt;:124)
	at jdk.nashorn.internal.scripts.Script$Recompilation$44618$3841A$\^function\_.L:1#issueCommand(&lt;function&gt;:124)
	at jdk.nashorn.internal.scripts.Script$Recompilation$44618$3841A$\^function\_.L:1#issueCommand(&lt;function&gt;:124)
	at jdk.nashorn.internal.scripts.Script$Recompilation$44618$3841A$\^function\_.L:1#issueCommand(&lt;function&gt;:124)
	at jdk.nashorn.internal.scripts.Script$Recompilation$44618$3841A$\^function\_.L:1#issueCommand(&lt;function&gt;:124)
	at jdk.nashorn.internal.scripts.Script$Recompilation$44618$3841A$\^function\_.L:1#issueCommand(&lt;function&gt;:124)
	at jdk.nashorn.internal.scripts.Script$Recompilation$44618$3841A$\^function\_.L:1#issueCommand(&lt;function&gt;:124)
	at jdk.nashorn.internal.scripts.Script$Recompilation$44618$3841A$\^function\_.L:1#issueCommand(&lt;function&gt;:124)
	at jdk.nashorn.internal.scripts.Script$Recompilation$44618$3841A$\^function\_.L:1#issueCommand(&lt;function&gt;:124)
	at jdk.nashorn.internal.scripts.Script$Recompilation$44618$3841A$\^function\_.L:1#issueCommand(&lt;function&gt;:124)
	at jdk.nashorn.internal.scripts.Script$Recompilation$44618$3841A$\^function\_.L:1#issueCommand(&lt;function&gt;:124)
	at jdk.nashorn.internal.scripts.Script$Recompilation$44618$3841A$\^function\_.L:1#issueCommand(&lt;function&gt;:124)
	at jdk.nashorn.internal.scripts.Script$Recompilation$44618$3841A$\^function\_.L:1#issueCommand(&lt;function&gt;:124)
	at jdk.nashorn.internal.scripts.Script$Recompilation$44618$3841A$\^function\_.L:1#issueCommand(&lt;function&gt;:124)
	at jdk.nashorn.internal.scripts.Script$Recompilation$44618$3841A$\^function\_.L:1#issueCommand(&lt;function&gt;:124)
	at jdk.nashorn.internal.scripts.Script$Recompilation$44618$3841A$\^function\_.L:1#issueCommand(&lt;function&gt;:124)
	at jdk.nashorn.internal.scripts.Script$Recompilation$44618$3841A$\^function\_.L:1#issueCommand(&lt;function&gt;:124)
	at jdk.nashorn.internal.scripts.Script$Recompilation$44618$3841A$\^function\_.L:1#issueCommand(&lt;function&gt;:124)
	at jdk.nashorn.internal.scripts.Script$Recompilation$44618$3841A$\^function\_.L:1#issueCommand(&lt;function&gt;:124)
	at jdk.nashorn.internal.scripts.Script$Recompilation$44618$3841A$\^function\_.L:1#issueCommand(&lt;function&gt;:124)
	at jdk.nashorn.internal.scripts.Script$Recompilation$44618$3841A$\^function\_.L:1#issueCommand(&lt;function&gt;:124)
	at jdk.nashorn.internal.scripts.Script$Recompilation$44618$3841A$\^function\_.L:1#issueCommand(&lt;function&gt;:124)
	at jdk.nashorn.internal.scripts.Script$Recompilation$44618$3841A$\^function\_.L:1#issueCommand(&lt;function&gt;:124)
	at jdk.nashorn.internal.scripts.Script$Recompilation$44618$3841A$\^function\_.L:1#issueCommand(&lt;function&gt;:124)
	at jdk.nashorn.internal.scripts.Script$Recompilation$44618$3841A$\^function\_.L:1#issueCommand(&lt;function&gt;:124)
	at jdk.nashorn.internal.scripts.Script$Recompilation$44618$3841A$\^function\_.L:1#issueCommand(&lt;function&gt;:124)
	at jdk.nashorn.internal.scripts.Script$Recompilation$44618$3841A$\^function\_.L:1#issueCommand(&lt;function&gt;:124)
	at jdk.nashorn.internal.scripts.Script$Recompilation$44618$3841A$\^function\_.L:1#issueCommand(&lt;function&gt;:124)
	at jdk.nashorn.internal.scripts.Script$Recompilation$44618$3841A$\^function\_.L:1#issueCommand(&lt;function&gt;:124)
	at jdk.nashorn.internal.scripts.Script$Recompilation$44618$3841A$\^function\_.L:1#issueCommand(&lt;function&gt;:124)
	at jdk.nashorn.internal.scripts.Script$Recompilation$44618$3841A$\^function\_.L:1#issueCommand(&lt;function&gt;:124)
	at jdk.nashorn.internal.scripts.Script$Recompilation$44618$3841A$\^function\_.L:1#issueCommand(&lt;function&gt;:124)
	at jdk.nashorn.internal.scripts.Script$Recompilation$44618$3841A$\^function\_.L:1#issueCommand(&lt;function&gt;:124)
	at jdk.nashorn.internal.scripts.Script$Recompilation$44618$3841A$\^function\_.L:1#issueCommand(&lt;function&gt;:124)
	at jdk.nashorn.internal.scripts.Script$Recompilation$44618$3841A$\^function\_.L:1#issueCommand(&lt;function&gt;:124)
	at jdk.nashorn.internal.scripts.Script$Recompilation$44618$3841A$\^function\_.L:1#issueCommand(&lt;function&gt;:124)
	at jdk.nashorn.internal.scripts.Script$Recompilation$44618$3841A$\^function\_.L:1#issueCommand(&lt;function&gt;:124)
	at jdk.nashorn.internal.scripts.Script$Recompilation$44618$3841A$\^function\_.L:1#issueCommand(&lt;function&gt;:124)
	at jdk.nashorn.internal.scripts.Script$Recompilation$44618$3841A$\^function\_.L:1#issueCommand(&lt;function&gt;:124)
	at jdk.nashorn.internal.scripts.Script$Recompilation$44618$3841A$\^function\_.L:1#issueCommand(&lt;function&gt;:124)
	at jdk.nashorn.internal.scripts.Script$Recompilation$44618$3841A$\^function\_.L:1#issueCommand(&lt;function&gt;:124)
	at jdk.nashorn.internal.scripts.Script$Recompilation$44618$3841A$\^function\_.L:1#issueCommand(&lt;function&gt;:124)
	at jdk.nashorn.internal.scripts.Script$Recompilation$44618$3841A$\^function\_.L:1#issueCommand(&lt;function&gt;:124)
	at jdk.nashorn.internal.scripts.Script$Recompilation$44618$3841A$\^function\_.L:1#issueCommand(&lt;function&gt;:124)
	at jdk.nashorn.internal.scripts.Script$Recompilation$44618$3841A$\^function\_.L:1#issueCommand(&lt;function&gt;:124)
	at jdk.nashorn.internal.scripts.Script$Recompilation$44618$3841A$\^function\_.L:1#issueCommand(&lt;function&gt;:124)
	at jdk.nashorn.internal.scripts.Script$Recompilation$44618$3841A$\^function\_.L:1#issueCommand(&lt;function&gt;:124)
	at jdk.nashorn.internal.scripts.Script$Recompilation$44618$3841A$\^function\_.L:1#issueCommand(&lt;function&gt;:124)
	at jdk.nashorn.internal.scripts.Script$Recompilation$44618$3841A$\^function\_.L:1#issueCommand(&lt;function&gt;:124)
	at jdk.nashorn.internal.scripts.Script$Recompilation$44618$3841A$\^function\_.L:1#issueCommand(&lt;function&gt;:124)
	at jdk.nashorn.internal.scripts.Script$Recompilation$44618$3841A$\^function\_.L:1#issueCommand(&lt;function&gt;:124)
	at jdk.nashorn.internal.scripts.Script$Recompilation$44618$3841A$\^function\_.L:1#issueCommand(&lt;function&gt;:124)
	at jdk.nashorn.internal.scripts.Script$Recompilation$44618$3841A$\^function\_.L:1#issueCommand(&lt;function&gt;:124)
	at jdk.nashorn.internal.scripts.Script$Recompilation$44618$3841A$\^function\_.L:1#issueCommand(&lt;function&gt;:124)
	at jdk.nashorn.internal.scripts.Script$Recompilation$44618$3841A$\^function\_.L:1#issueCommand(&lt;function&gt;:124)
	at jdk.nashorn.internal.scripts.Script$Recompilation$44618$3841A$\^function\_.L:1#issueCommand(&lt;function&gt;:124)
	at jdk.nashorn.internal.scripts.Script$Recompilation$44618$3841A$\^function\_.L:1#issueCommand(&lt;function&gt;:124)
	at jdk.nashorn.internal.scripts.Script$Recompilation$44618$3841A$\^function\_.L:1#issueCommand(&lt;function&gt;:124)
	at jdk.nashorn.internal.scripts.Script$Recompilation$44618$3841A$\^function\_.L:1#issueCommand(&lt;function&gt;:124)
	at jdk.nashorn.internal.scripts.Script$Recompilation$44618$3841A$\^function\_.L:1#issueCommand(&lt;function&gt;:124)
	at jdk.nashorn.internal.scripts.Script$Recompilation$44618$3841A$\^function\_.L:1#issueCommand(&lt;function&gt;:124)
	at jdk.nashorn.internal.scripts.Script$Recompilation$44618$3841A$\^function\_.L:1#issueCommand(&lt;function&gt;:124)
	at jdk.nashorn.internal.scripts.Script$Recompilation$44618$3841A$\^function\_.L:1#issueCommand(&lt;function&gt;:124)
	at jdk.nashorn.internal.scripts.Script$Recompilation$44618$3841A$\^function\_.L:1#issueCommand(&lt;function&gt;:124)
	at jdk.nashorn.internal.scripts.Script$Recompilation$44618$3841A$\^function\_.L:1#issueCommand(&lt;function&gt;:124)
	at jdk.nashorn.internal.scripts.Script$Recompilation$44618$3841A$\^function\_.L:1#issueCommand(&lt;function&gt;:124)
	at jdk.nashorn.internal.scripts.Script$Recompilation$44618$3841A$\^function\_.L:1#issueCommand(&lt;function&gt;:124)
	at jdk.nashorn.internal.scripts.Script$Recompilation$44618$3841A$\^function\_.L:1#issueCommand(&lt;function&gt;:124)
	at jdk.nashorn.internal.scripts.Script$Recompilation$44618$3841A$\^function\_.L:1#issueCommand(&lt;function&gt;:124)
	at jdk.nashorn.internal.scripts.Script$Recompilation$44618$3841A$\^function\_.L:1#issueCommand(&lt;function&gt;:124)
	at jdk.nashorn.internal.scripts.Script$Recompilation$44618$3841A$\^function\_.L:1#issueCommand(&lt;function&gt;:124)
	at jdk.nashorn.internal.scripts.Script$Recompilation$44618$3841A$\^function\_.L:1#issueCommand(&lt;function&gt;:124)
	at jdk.nashorn.internal.scripts.Script$Recompilation$44618$3841A$\^function\_.L:1#issueCommand(&lt;function&gt;:124)
	at jdk.nashorn.internal.scripts.Script$Recompilation$44618$3841A$\^function\_.L:1#issueCommand(&lt;function&gt;:124)
	at jdk.nashorn.internal.scripts.Script$Recompilation$44618$3841A$\^function\_.L:1#issueCommand(&lt;function&gt;:124)
	at jdk.nashorn.internal.scripts.Script$Recompilation$44618$3841A$\^function\_.L:1#issueCommand(&lt;function&gt;:124)
	at jdk.nashorn.internal.scripts.Script$Recompilation$44618$3841A$\^function\_.L:1#issueCommand(&lt;function&gt;:124)
	at jdk.nashorn.internal.scripts.Script$Recompilation$44618$3841A$\^function\_.L:1#issueCommand(&lt;function&gt;:124)
	at jdk.nashorn.internal.scripts.Script$Recompilation$44618$3841A$\^function\_.L:1#issueCommand(&lt;function&gt;:124)
	at jdk.nashorn.internal.scripts.Script$Recompilation$44618$3841A$\^function\_.L:1#issueCommand(&lt;function&gt;:124)
	at jdk.nashorn.internal.scripts.Script$Recompilation$44618$3841A$\^function\_.L:1#issueCommand(&lt;function&gt;:124)
	at jdk.nashorn.internal.scripts.Script$Recompilation$44618$3841A$\^function\_.L:1#issueCommand(&lt;function&gt;:124)
	at jdk.nashorn.internal.scripts.Script$Recompilation$44618$3841A$\^function\_.L:1#issueCommand(&lt;function&gt;:124)
	at jdk.nashorn.internal.scripts.Script$Recompilation$44618$3841A$\^function\_.L:1#issueCommand(&lt;function&gt;:124)
	at jdk.nashorn.internal.scripts.Script$Recompilation$44618$3841A$\^function\_.L:1#issueCommand(&lt;function&gt;:124)
	at jdk.nashorn.internal.scripts.Script$Recompilation$44618$3841A$\^function\_.L:1#issueCommand(&lt;function&gt;:124)
	at jdk.nashorn.internal.scripts.Script$Recompilation$44618$3841A$\^function\_.L:1#issueCommand(&lt;function&gt;:124)
	at jdk.nashorn.internal.scripts.Script$Recompilation$44618$3841A$\^function\_.L:1#issueCommand(&lt;function&gt;:124)
	at jdk.nashorn.internal.scripts.Script$Recompilation$44618$3841A$\^function\_.L:1#issueCommand(&lt;function&gt;:124)
	at jdk.nashorn.internal.scripts.Script$Recompilation$44618$3841A$\^function\_.L:1#issueCommand(&lt;function&gt;:124)
	at jdk.nashorn.internal.scripts.Script$Recompilation$44618$3841A$\^function\_.L:1#issueCommand(&lt;function&gt;:124)
	at jdk.nashorn.internal.scripts.Script$Recompilation$44618$3841A$\^function\_.L:1#issueCommand(&lt;function&gt;:124)
	at jdk.nashorn.internal.scripts.Script$Recompilation$44618$3841A$\^function\_.L:1#issueCommand(&lt;function&gt;:124)
	at jdk.nashorn.internal.scripts.Script$Recompilation$44618$3841A$\^function\_.L:1#issueCommand(&lt;function&gt;:124)
	at jdk.nashorn.internal.scripts.Script$Recompilation$44618$3841A$\^function\_.L:1#issueCommand(&lt;function&gt;:124)
	at jdk.nashorn.internal.scripts.Script$Recompilation$44618$3841A$\^function\_.L:1#issueCommand(&lt;function&gt;:124)
	at jdk.nashorn.internal.scripts.Script$Recompilation$44618$3841A$\^function\_.L:1#issueCommand(&lt;function&gt;:124)
	at jdk.nashorn.internal.scripts.Script$Recompilation$44618$3841A$\^function\_.L:1#issueCommand(&lt;function&gt;:124)
	at jdk.nashorn.internal.scripts.Script$Recompilation$44618$3841A$\^function\_.L:1#issueCommand(&lt;function&gt;:124)
	at jdk.nashorn.internal.scripts.Script$Recompilation$44618$3841A$\^function\_.L:1#issueCommand(&lt;function&gt;:124)
	at jdk.nashorn.internal.scripts.Script$Recompilation$44618$3841A$\^function\_.L:1#issueCommand(&lt;function&gt;:124)
	at jdk.nashorn.internal.scripts.Script$Recompilation$44618$3841A$\^function\_.L:1#issueCommand(&lt;function&gt;:124)
	at jdk.nashorn.internal.scripts.Script$Recompilation$44618$3841A$\^function\_.L:1#issueCommand(&lt;function&gt;:124)
	at jdk.nashorn.internal.scripts.Script$Recompilation$44618$3841A$\^function\_.L:1#issueCommand(&lt;function&gt;:124)
	at jdk.nashorn.internal.scripts.Script$Recompilation$44618$3841A$\^function\_.L:1#issueCommand(&lt;function&gt;:124)
	at jdk.nashorn.internal.scripts.Script$Recompilation$44618$3841A$\^function\_.L:1#issueCommand(&lt;function&gt;:124)
	at jdk.nashorn.internal.scripts.Script$Recompilation$44618$3841A$\^function\_.L:1#issueCommand(&lt;function&gt;:124)
	at jdk.nashorn.internal.scripts.Script$Recompilation$44618$3841A$\^function\_.L:1#issueCommand(&lt;function&gt;:124)
	at jdk.nashorn.internal.scripts.Script$Recompilation$44618$3841A$\^function\_.L:1#issueCommand(&lt;function&gt;:124)
	at jdk.nashorn.internal.scripts.Script$Recompilation$44618$3841A$\^function\_.L:1#issueCommand(&lt;function&gt;:124)
	at jdk.nashorn.internal.scripts.Script$Recompilation$44618$3841A$\^function\_.L:1#issueCommand(&lt;function&gt;:124)
	at jdk.nashorn.internal.scripts.Script$Recompilation$44618$3841A$\^function\_.L:1#issueCommand(&lt;function&gt;:124)
	at jdk.nashorn.internal.scripts.Script$Recompilation$44618$3841A$\^function\_.L:1#issueCommand(&lt;function&gt;:124)
	at jdk.nashorn.internal.scripts.Script$Recompilation$44618$3841A$\^function\_.L:1#issueCommand(&lt;function&gt;:124)
	at jdk.nashorn.internal.scripts.Script$Recompilation$44618$3841A$\^function\_.L:1#issueCommand(&lt;function&gt;:124)
	at jdk.nashorn.internal.scripts.Script$Recompilation$44618$3841A$\^function\_.L:1#issueCommand(&lt;function&gt;:124)
	at jdk.nashorn.internal.scripts.Script$Recompilation$44618$3841A$\^function\_.L:1#issueCommand(&lt;function&gt;:124)
	at jdk.nashorn.internal.scripts.Script$Recompilation$44618$3841A$\^function\_.L:1#issueCommand(&lt;function&gt;:124)
	at jdk.nashorn.internal.scripts.Script$Recompilation$44618$3841A$\^function\_.L:1#issueCommand(&lt;function&gt;:124)
	at jdk.nashorn.internal.scripts.Script$Recompilation$44618$3841A$\^function\_.L:1#issueCommand(&lt;function&gt;:124)
	at jdk.nashorn.internal.scripts.Script$Recompilation$44618$3841A$\^function\_.L:1#issueCommand(&lt;function&gt;:124)
	at jdk.nashorn.internal.scripts.Script$Recompilation$44618$3841A$\^function\_.L:1#issueCommand(&lt;function&gt;:124)
	at jdk.nashorn.internal.scripts.Script$Recompilation$44618$3841A$\^function\_.L:1#issueCommand(&lt;function&gt;:124)
	at jdk.nashorn.internal.scripts.Script$Recompilation$44618$3841A$\^function\_.L:1#issueCommand(&lt;function&gt;:124)
	at jdk.nashorn.internal.scripts.Script$Recompilation$44618$3841A$\^function\_.L:1#issueCommand(&lt;function&gt;:124)
	at jdk.nashorn.internal.scripts.Script$Recompilation$44618$3841A$\^function\_.L:1#issueCommand(&lt;function&gt;:124)
	at jdk.nashorn.internal.scripts.Script$Recompilation$44618$3841A$\^function\_.L:1#issueCommand(&lt;function&gt;:124)
	at jdk.nashorn.internal.scripts.Script$Recompilation$44618$3841A$\^function\_.L:1#issueCommand(&lt;function&gt;:124)
	at jdk.nashorn.internal.scripts.Script$Recompilation$44618$3841A$\^function\_.L:1#issueCommand(&lt;function&gt;:124)
	at jdk.nashorn.internal.scripts.Script$Recompilation$44618$3841A$\^function\_.L:1#issueCommand(&lt;function&gt;:124)
	at jdk.nashorn.internal.scripts.Script$Recompilation$44618$3841A$\^function\_.L:1#issueCommand(&lt;function&gt;:124)
	at jdk.nashorn.internal.scripts.Script$Recompilation$44618$3841A$\^function\_.L:1#issueCommand(&lt;function&gt;:124)
	at jdk.nashorn.internal.scripts.Script$Recompilation$44618$3841A$\^function\_.L:1#issueCommand(&lt;function&gt;:124)
	at jdk.nashorn.internal.scripts.Script$Recompilation$44618$3841A$\^function\_.L:1#issueCommand(&lt;function&gt;:124)
	at jdk.nashorn.internal.scripts.Script$Recompilation$44618$3841A$\^function\_.L:1#issueCommand(&lt;function&gt;:124)
	at jdk.nashorn.internal.scripts.Script$Recompilation$44618$3841A$\^function\_.L:1#issueCommand(&lt;function&gt;:124)
	at jdk.nashorn.internal.scripts.Script$Recompilation$44618$3841A$\^function\_.L:1#issueCommand(&lt;function&gt;:124)
	at jdk.nashorn.internal.scripts.Script$Recompilation$44618$3841A$\^function\_.L:1#issueCommand(&lt;function&gt;:124)
	at jdk.nashorn.internal.scripts.Script$Recompilation$44618$3841A$\^function\_.L:1#issueCommand(&lt;function&gt;:124)
	at jdk.nashorn.internal.scripts.Script$Recompilation$44618$3841A$\^function\_.L:1#issueCommand(&lt;function&gt;:124)
	at jdk.nashorn.internal.scripts.Script$Recompilation$44618$3841A$\^function\_.L:1#issueCommand(&lt;function&gt;:124)
	at jdk.nashorn.internal.scripts.Script$Recompilation$44618$3841A$\^function\_.L:1#issueCommand(&lt;function&gt;:124)
	at jdk.nashorn.internal.scripts.Script$Recompilation$44618$3841A$\^function\_.L:1#issueCommand(&lt;function&gt;:124)
	at jdk.nashorn.internal.scripts.Script$Recompilation$44618$3841A$\^function\_.L:1#issueCommand(&lt;function&gt;:124)
	at jdk.nashorn.internal.scripts.Script$Recompilation$44618$3841A$\^function\_.L:1#issueCommand(&lt;function&gt;:124)
	at jdk.nashorn.internal.scripts.Script$Recompilation$44618$3841A$\^function\_.L:1#issueCommand(&lt;function&gt;:124)
	at jdk.nashorn.internal.scripts.Script$Recompilation$44618$3841A$\^function\_.L:1#issueCommand(&lt;function&gt;:124)
	at jdk.nashorn.internal.scripts.Script$Recompilation$44618$3841A$\^function\_.L:1#issueCommand(&lt;function&gt;:124)
	at jdk.nashorn.internal.scripts.Script$Recompilation$44618$3841A$\^function\_.L:1#issueCommand(&lt;function&gt;:124)
	at jdk.nashorn.internal.scripts.Script$Recompilation$44618$3841A$\^function\_.L:1#issueCommand(&lt;function&gt;:124)
	at jdk.nashorn.internal.scripts.Script$Recompilation$44618$3841A$\^function\_.L:1#issueCommand(&lt;function&gt;:124)
	at jdk.nashorn.internal.scripts.Script$Recompilation$44618$3841A$\^function\_.L:1#issueCommand(&lt;function&gt;:124)
	at jdk.nashorn.internal.scripts.Script$Recompilation$44618$3841A$\^function\_.L:1#issueCommand(&lt;function&gt;:124)
	at jdk.nashorn.internal.scripts.Script$Recompilation$44618$3841A$\^function\_.L:1#issueCommand(&lt;function&gt;:124)
	at jdk.nashorn.internal.scripts.Script$Recompilation$44618$3841A$\^function\_.L:1#issueCommand(&lt;function&gt;:124)
	at jdk.nashorn.internal.scripts.Script$Recompilation$44618$3841A$\^function\_.L:1#issueCommand(&lt;function&gt;:124)
	at jdk.nashorn.internal.scripts.Script$Recompilation$44618$3841A$\^function\_.L:1#issueCommand(&lt;function&gt;:124)
	at jdk.nashorn.internal.scripts.Script$Recompilation$44618$3841A$\^function\_.L:1#issueCommand(&lt;function&gt;:124)
	at jdk.nashorn.internal.scripts.Script$Recompilation$44618$3841A$\^function\_.L:1#issueCommand(&lt;function&gt;:124)
	at jdk.nashorn.internal.scripts.Script$Recompilation$44618$3841A$\^function\_.L:1#issueCommand(&lt;function&gt;:124)
	at jdk.nashorn.internal.scripts.Script$Recompilation$44618$3841A$\^function\_.L:1#issueCommand(&lt;function&gt;:124)
	at jdk.nashorn.internal.scripts.Script$Recompilation$44618$3841A$\^function\_.L:1#issueCommand(&lt;function&gt;:124)
	at jdk.nashorn.internal.scripts.Script$Recompilation$44618$3841A$\^function\_.L:1#issueCommand(&lt;function&gt;:124)
	at jdk.nashorn.internal.scripts.Script$Recompilation$44618$3841A$\^function\_.L:1#issueCommand(&lt;function&gt;:124)
	at jdk.nashorn.internal.scripts.Script$Recompilation$44618$3841A$\^function\_.L:1#issueCommand(&lt;function&gt;:124)
	at jdk.nashorn.internal.scripts.Script$Recompilation$44618$3841A$\^function\_.L:1#issueCommand(&lt;function&gt;:124)
	at jdk.nashorn.internal.scripts.Script$Recompilation$44618$3841A$\^function\_.L:1#issueCommand(&lt;function&gt;:124)
	at jdk.nashorn.internal.scripts.Script$Recompilation$44618$3841A$\^function\_.L:1#issueCommand(&lt;function&gt;:124)
	at jdk.nashorn.internal.scripts.Script$Recompilation$44618$3841A$\^function\_.L:1#issueCommand(&lt;function&gt;:124)
	at jdk.nashorn.internal.scripts.Script$Recompilation$44618$3841A$\^function\_.L:1#issueCommand(&lt;function&gt;:124)
	at jdk.nashorn.internal.scripts.Script$Recompilation$44618$3841A$\^function\_.L:1#issueCommand(&lt;function&gt;:124)
	at jdk.nashorn.internal.scripts.Script$Recompilation$44618$3841A$\^function\_.L:1#issueCommand(&lt;function&gt;:124)
	at jdk.nashorn.internal.scripts.Script$Recompilation$44618$3841A$\^function\_.L:1#issueCommand(&lt;function&gt;:124)
	at jdk.nashorn.internal.scripts.Script$Recompilation$44618$3841A$\^function\_.L:1#issueCommand(&lt;function&gt;:124)
	at jdk.nashorn.internal.scripts.Script$Recompilation$44618$3841A$\^function\_.L:1#issueCommand(&lt;function&gt;:124)
	at jdk.nashorn.internal.scripts.Script$Recompilation$44618$3841A$\^function\_.L:1#issueCommand(&lt;function&gt;:124)
	at jdk.nashorn.internal.scripts.Script$Recompilation$44618$3841A$\^function\_.L:1#issueCommand(&lt;function&gt;:124)
	at jdk.nashorn.internal.scripts.Script$Recompilation$44618$3841A$\^function\_.L:1#issueCommand(&lt;function&gt;:124)
	at jdk.nashorn.internal.scripts.Script$Recompilation$44618$3841A$\^function\_.L:1#issueCommand(&lt;function&gt;:124)
	at jdk.nashorn.internal.scripts.Script$Recompilation$44618$3841A$\^function\_.L:1#issueCommand(&lt;function&gt;:124)
	at jdk.nashorn.internal.scripts.Script$Recompilation$44618$3841A$\^function\_.L:1#issueCommand(&lt;function&gt;:124)
	at jdk.nashorn.internal.scripts.Script$Recompilation$44618$3841A$\^function\_.L:1#issueCommand(&lt;function&gt;:124)
	at jdk.nashorn.internal.scripts.Script$Recompilation$44618$3841A$\^function\_.L:1#issueCommand(&lt;function&gt;:124)
	at jdk.nashorn.internal.scripts.Script$Recompilation$44618$3841A$\^function\_.L:1#issueCommand(&lt;function&gt;:124)
	at jdk.nashorn.internal.scripts.Script$Recompilation$44618$3841A$\^function\_.L:1#issueCommand(&lt;function&gt;:124)
	at jdk.nashorn.internal.scripts.Script$Recompilation$44618$3841A$\^function\_.L:1#issueCommand(&lt;function&gt;:124)
	at jdk.nashorn.internal.scripts.Script$Recompilation$44618$3841A$\^function\_.L:1#issueCommand(&lt;function&gt;:124)
	at jdk.nashorn.internal.scripts.Script$Recompilation$44618$3841A$\^function\_.L:1#issueCommand(&lt;function&gt;:124)
	at jdk.nashorn.internal.scripts.Script$Recompilation$44618$3841A$\^function\_.L:1#issueCommand(&lt;function&gt;:124)
	at jdk.nashorn.internal.scripts.Script$Recompilation$44618$3841A$\^function\_.L:1#issueCommand(&lt;function&gt;:124)
	at jdk.nashorn.internal.scripts.Script$Recompilation$44618$3841A$\^function\_.L:1#issueCommand(&lt;function&gt;:124)
	at jdk.nashorn.internal.scripts.Script$Recompilation$44618$3841A$\^function\_.L:1#issueCommand(&lt;function&gt;:124)
	at jdk.nashorn.internal.scripts.Script$Recompilation$44618$3841A$\^function\_.L:1#issueCommand(&lt;function&gt;:124)
	at jdk.nashorn.internal.scripts.Script$Recompilation$44618$3841A$\^function\_.L:1#issueCommand(&lt;function&gt;:124)
	at jdk.nashorn.internal.scripts.Script$Recompilation$44618$3841A$\^function\_.L:1#issueCommand(&lt;function&gt;:124)
	at jdk.nashorn.internal.scripts.Script$Recompilation$44618$3841A$\^function\_.L:1#issueCommand(&lt;function&gt;:124)
	at jdk.nashorn.internal.scripts.Script$Recompilation$44618$3841A$\^function\_.L:1#issueCommand(&lt;function&gt;:124)
	at jdk.nashorn.internal.scripts.Script$Recompilation$44618$3841A$\^function\_.L:1#issueCommand(&lt;function&gt;:124)
	at jdk.nashorn.internal.scripts.Script$Recompilation$44618$3841A$\^function\_.L:1#issueCommand(&lt;function&gt;:124)
	at jdk.nashorn.internal.scripts.Script$Recompilation$44618$3841A$\^function\_.L:1#issueCommand(&lt;function&gt;:124)
	at jdk.nashorn.internal.scripts.Script$Recompilation$44618$3841A$\^function\_.L:1#issueCommand(&lt;function&gt;:124)
	at jdk.nashorn.internal.scripts.Script$Recompilation$44618$3841A$\^function\_.L:1#issueCommand(&lt;function&gt;:124)
	at jdk.nashorn.internal.scripts.Script$Recompilation$44618$3841A$\^function\_.L:1#issueCommand(&lt;function&gt;:124)
	at jdk.nashorn.internal.scripts.Script$Recompilation$44618$3841A$\^function\_.L:1#issueCommand(&lt;function&gt;:124)
	at jdk.nashorn.internal.scripts.Script$Recompilation$44618$3841A$\^function\_.L:1#issueCommand(&lt;function&gt;:124)
	at jdk.nashorn.internal.scripts.Script$Recompilation$44618$3841A$\^function\_.L:1#issueCommand(&lt;function&gt;:124)
	at jdk.nashorn.internal.scripts.Script$Recompilation$44618$3841A$\^function\_.L:1#issueCommand(&lt;function&gt;:124)
	at jdk.nashorn.internal.scripts.Script$Recompilation$44618$3841A$\^function\_.L:1#issueCommand(&lt;function&gt;:124)
	at jdk.nashorn.internal.scripts.Script$Recompilation$44618$3841A$\^function\_.L:1#issueCommand(&lt;function&gt;:124)
	at jdk.nashorn.internal.scripts.Script$Recompilation$44618$3841A$\^function\_.L:1#issueCommand(&lt;function&gt;:124)
	at jdk.nashorn.internal.scripts.Script$Recompilation$44618$3841A$\^function\_.L:1#issueCommand(&lt;function&gt;:124)
	at jdk.nashorn.internal.scripts.Script$Recompilation$44618$3841A$\^function\_.L:1#issueCommand(&lt;function&gt;:124)
	at jdk.nashorn.internal.scripts.Script$Recompilation$44618$3841A$\^function\_.L:1#issueCommand(&lt;function&gt;:124)
	at jdk.nashorn.internal.scripts.Script$Recompilation$44618$3841A$\^function\_.L:1#issueCommand(&lt;function&gt;:124)
	at jdk.nashorn.internal.scripts.Script$Recompilation$44618$3841A$\^function\_.L:1#issueCommand(&lt;function&gt;:124)
	at jdk.nashorn.internal.scripts.Script$Recompilation$44618$3841A$\^function\_.L:1#issueCommand(&lt;function&gt;:124)
	at jdk.nashorn.internal.scripts.Script$Recompilation$44618$3841A$\^function\_.L:1#issueCommand(&lt;function&gt;:124)
	at jdk.nashorn.internal.scripts.Script$Recompilation$44618$3841A$\^function\_.L:1#issueCommand(&lt;function&gt;:124)
	at jdk.nashorn.internal.scripts.Script$Recompilation$44618$3841A$\^function\_.L:1#issueCommand(&lt;function&gt;:124)
	at jdk.nashorn.internal.scripts.Script$Recompilation$44618$3841A$\^function\_.L:1#issueCommand(&lt;function&gt;:124)
	at jdk.nashorn.internal.scripts.Script$Recompilation$44618$3841A$\^function\_.L:1#issueCommand(&lt;function&gt;:124)
	at jdk.nashorn.internal.scripts.Script$Recompilation$44618$3841A$\^function\_.L:1#issueCommand(&lt;function&gt;:124)
	at jdk.nashorn.internal.scripts.Script$Recompilation$44618$3841A$\^function\_.L:1#issueCommand(&lt;function&gt;:124)
	at jdk.nashorn.internal.scripts.Script$Recompilation$44618$3841A$\^function\_.L:1#issueCommand(&lt;function&gt;:124)
	at jdk.nashorn.internal.scripts.Script$Recompilation$44618$3841A$\^function\_.L:1#issueCommand(&lt;function&gt;:124)
	at jdk.nashorn.internal.scripts.Script$Recompilation$44618$3841A$\^function\_.L:1#issueCommand(&lt;function&gt;:124)
	at jdk.nashorn.internal.scripts.Script$Recompilation$44618$3841A$\^function\_.L:1#issueCommand(&lt;function&gt;:124)
	at jdk.nashorn.internal.scripts.Script$Recompilation$44618$3841A$\^function\_.L:1#issueCommand(&lt;function&gt;:124)
	at jdk.nashorn.internal.scripts.Script$Recompilation$44618$3841A$\^function\_.L:1#issueCommand(&lt;function&gt;:124)
	at jdk.nashorn.internal.scripts.Script$Recompilation$44618$3841A$\^function\_.L:1#issueCommand(&lt;function&gt;:124)
	at jdk.nashorn.internal.scripts.Script$Recompilation$44618$3841A$\^function\_.L:1#issueCommand(&lt;function&gt;:124)
	at jdk.nashorn.internal.scripts.Script$Recompilation$44618$3841A$\^function\_.L:1#issueCommand(&lt;function&gt;:124)
	at jdk.nashorn.internal.scripts.Script$Recompilation$44618$3841A$\^function\_.L:1#issueCommand(&lt;function&gt;:124)
	at jdk.nashorn.internal.scripts.Script$Recompilation$44618$3841A$\^function\_.L:1#issueCommand(&lt;function&gt;:124)
	at jdk.nashorn.internal.scripts.Script$Recompilation$44618$3841A$\^function\_.L:1#issueCommand(&lt;function&gt;:124)
	at jdk.nashorn.internal.scripts.Script$Recompilation$44618$3841A$\^function\_.L:1#issueCommand(&lt;function&gt;:124)
	at jdk.nashorn.internal.scripts.Script$Recompilation$44618$3841A$\^function\_.L:1#issueCommand(&lt;function&gt;:124)
	at jdk.nashorn.internal.scripts.Script$Recompilation$44618$3841A$\^function\_.L:1#issueCommand(&lt;function&gt;:124)
	at jdk.nashorn.internal.scripts.Script$Recompilation$44618$3841A$\^function\_.L:1#issueCommand(&lt;function&gt;:124)
	at jdk.nashorn.internal.scripts.Script$Recompilation$44618$3841A$\^function\_.L:1#issueCommand(&lt;function&gt;:124)
	at jdk.nashorn.internal.scripts.Script$Recompilation$44618$3841A$\^function\_.L:1#issueCommand(&lt;function&gt;:124)
	at jdk.nashorn.internal.scripts.Script$Recompilation$44618$3841A$\^function\_.L:1#issueCommand(&lt;function&gt;:124)
	at jdk.nashorn.internal.scripts.Script$Recompilation$44618$3841A$\^function\_.L:1#issueCommand(&lt;function&gt;:124)
	at jdk.nashorn.internal.scripts.Script$Recompilation$44618$3841A$\^function\_.L:1#issueCommand(&lt;function&gt;:124)
	at jdk.nashorn.internal.scripts.Script$Recompilation$44618$3841A$\^function\_.L:1#issueCommand(&lt;function&gt;:124)
	at jdk.nashorn.internal.scripts.Script$Recompilation$44618$3841A$\^function\_.L:1#issueCommand(&lt;function&gt;:124)
	at jdk.nashorn.internal.scripts.Script$Recompilation$44618$3841A$\^function\_.L:1#issueCommand(&lt;function&gt;:124)
	at jdk.nashorn.internal.scripts.Script$Recompilation$44618$3841A$\^function\_.L:1#issueCommand(&lt;function&gt;:124)
	at jdk.nashorn.internal.scripts.Script$Recompilation$44618$3841A$\^function\_.L:1#issueCommand(&lt;function&gt;:124)
	at jdk.nashorn.internal.scripts.Script$Recompilation$44618$3841A$\^function\_.L:1#issueCommand(&lt;function&gt;:124)
	at jdk.nashorn.internal.scripts.Script$Recompilation$44618$3841A$\^function\_.L:1#issueCommand(&lt;function&gt;:124)
	at jdk.nashorn.internal.scripts.Script$Recompilation$44618$3841A$\^function\_.L:1#issueCommand(&lt;function&gt;:124)
	at jdk.nashorn.internal.scripts.Script$Recompilation$44618$3841A$\^function\_.L:1#issueCommand(&lt;function&gt;:124)
	at jdk.nashorn.internal.scripts.Script$Recompilation$44618$3841A$\^function\_.L:1#issueCommand(&lt;function&gt;:124)
	at jdk.nashorn.internal.scripts.Script$Recompilation$44618$3841A$\^function\_.L:1#issueCommand(&lt;function&gt;:124)
	at jdk.nashorn.internal.scripts.Script$Recompilation$44618$3841A$\^function\_.L:1#issueCommand(&lt;function&gt;:124)
	at jdk.nashorn.internal.scripts.Script$Recompilation$44618$3841A$\^function\_.L:1#issueCommand(&lt;function&gt;:124)
	at jdk.nashorn.internal.scripts.Script$Recompilation$44618$3841A$\^function\_.L:1#issueCommand(&lt;function&gt;:124)
	at jdk.nashorn.internal.scripts.Script$Recompilation$44618$3841A$\^function\_.L:1#issueCommand(&lt;function&gt;:124)
	at jdk.nashorn.internal.scripts.Script$Recompilation$44618$3841A$\^function\_.L:1#issueCommand(&lt;function&gt;:124)
	at jdk.nashorn.internal.scripts.Script$Recompilation$44618$3841A$\^function\_.L:1#issueCommand(&lt;function&gt;:124)
	at jdk.nashorn.internal.scripts.Script$Recompilation$44618$3841A$\^function\_.L:1#issueCommand(&lt;function&gt;:124)
	at jdk.nashorn.internal.scripts.Script$Recompilation$44618$3841A$\^function\_.L:1#issueCommand(&lt;function&gt;:124)
	at jdk.nashorn.internal.scripts.Script$Recompilation$44618$3841A$\^function\_.L:1#issueCommand(&lt;function&gt;:124)
	at jdk.nashorn.internal.scripts.Script$Recompilation$44618$3841A$\^function\_.L:1#issueCommand(&lt;function&gt;:124)
	at jdk.nashorn.internal.scripts.Script$Recompilation$44618$3841A$\^function\_.L:1#issueCommand(&lt;function&gt;:124)
	at jdk.nashorn.internal.scripts.Script$Recompilation$44618$3841A$\^function\_.L:1#issueCommand(&lt;function&gt;:124)
	at jdk.nashorn.internal.scripts.Script$Recompilation$44618$3841A$\^function\_.L:1#issueCommand(&lt;function&gt;:124)
	at jdk.nashorn.internal.scripts.Script$Recompilation$44618$3841A$\^function\_.L:1#issueCommand(&lt;function&gt;:124)
	at jdk.nashorn.internal.scripts.Script$Recompilation$44618$3841A$\^function\_.L:1#issueCommand(&lt;function&gt;:124)
	at jdk.nashorn.internal.scripts.Script$Recompilation$44618$3841A$\^function\_.L:1#issueCommand(&lt;function&gt;:124)
	at jdk.nashorn.internal.scripts.Script$Recompilation$44618$3841A$\^function\_.L:1#issueCommand(&lt;function&gt;:124)
	at jdk.nashorn.internal.scripts.Script$Recompilation$44618$3841A$\^function\_.L:1#issueCommand(&lt;function&gt;:124)
	at jdk.nashorn.internal.scripts.Script$Recompilation$44618$3841A$\^function\_.L:1#issueCommand(&lt;function&gt;:124)
	at jdk.nashorn.internal.scripts.Script$Recompilation$44618$3841A$\^function\_.L:1#issueCommand(&lt;function&gt;:124)
	at jdk.nashorn.internal.scripts.Script$Recompilation$44618$3841A$\^function\_.L:1#issueCommand(&lt;function&gt;:124)
	at jdk.nashorn.internal.scripts.Script$Recompilation$44618$3841A$\^function\_.L:1#issueCommand(&lt;function&gt;:124)
	at jdk.nashorn.internal.scripts.Script$Recompilation$44618$3841A$\^function\_.L:1#issueCommand(&lt;function&gt;:124)
	at jdk.nashorn.internal.scripts.Script$Recompilation$44618$3841A$\^function\_.L:1#issueCommand(&lt;function&gt;:124)
	at jdk.nashorn.internal.scripts.Script$Recompilation$44618$3841A$\^function\_.L:1#issueCommand(&lt;function&gt;:124)
	at jdk.nashorn.internal.scripts.Script$Recompilation$44618$3841A$\^function\_.L:1#issueCommand(&lt;function&gt;:124)
	at jdk.nashorn.internal.scripts.Script$Recompilation$44618$3841A$\^function\_.L:1#issueCommand(&lt;function&gt;:124)
	at jdk.nashorn.internal.scripts.Script$Recompilation$44618$3841A$\^function\_.L:1#issueCommand(&lt;function&gt;:124)
	at jdk.nashorn.internal.scripts.Script$Recompilation$44618$3841A$\^function\_.L:1#issueCommand(&lt;function&gt;:124)
	at jdk.nashorn.internal.scripts.Script$Recompilation$44618$3841A$\^function\_.L:1#issueCommand(&lt;function&gt;:124)
	at jdk.nashorn.internal.scripts.Script$Recompilation$44618$3841A$\^function\_.L:1#issueCommand(&lt;function&gt;:124)
	at jdk.nashorn.internal.scripts.Script$Recompilation$44618$3841A$\^function\_.L:1#issueCommand(&lt;function&gt;:124)
	at jdk.nashorn.internal.scripts.Script$Recompilation$44618$3841A$\^function\_.L:1#issueCommand(&lt;function&gt;:124)
	at jdk.nashorn.internal.scripts.Script$Recompilation$44618$3841A$\^function\_.L:1#issueCommand(&lt;function&gt;:124)
	at jdk.nashorn.internal.scripts.Script$Recompilation$44618$3841A$\^function\_.L:1#issueCommand(&lt;function&gt;:124)
	at jdk.nashorn.internal.scripts.Script$Recompilation$44618$3841A$\^function\_.L:1#issueCommand(&lt;function&gt;:124)
	at jdk.nashorn.internal.scripts.Script$Recompilation$44618$3841A$\^function\_.L:1#issueCommand(&lt;function&gt;:124)
	at jdk.nashorn.internal.scripts.Script$Recompilation$44618$3841A$\^function\_.L:1#issueCommand(&lt;function&gt;:124)
	at jdk.nashorn.internal.scripts.Script$Recompilation$44618$3841A$\^function\_.L:1#issueCommand(&lt;function&gt;:124)
	at jdk.nashorn.internal.scripts.Script$Recompilation$44618$3841A$\^function\_.L:1#issueCommand(&lt;function&gt;:124)
	at jdk.nashorn.internal.scripts.Script$Recompilation$44618$3841A$\^function\_.L:1#issueCommand(&lt;function&gt;:124)
	at jdk.nashorn.internal.scripts.Script$Recompilation$44618$3841A$\^function\_.L:1#issueCommand(&lt;function&gt;:124)
	at jdk.nashorn.internal.scripts.Script$Recompilation$44618$3841A$\^function\_.L:1#issueCommand(&lt;function&gt;:124)
	at jdk.nashorn.internal.scripts.Script$Recompilation$44618$3841A$\^function\_.L:1#issueCommand(&lt;function&gt;:124)
	at jdk.nashorn.internal.scripts.Script$Recompilation$44618$3841A$\^function\_.L:1#issueCommand(&lt;function&gt;:124)
	at jdk.nashorn.internal.scripts.Script$Recompilation$44618$3841A$\^function\_.L:1#issueCommand(&lt;function&gt;:124)
	at jdk.nashorn.internal.scripts.Script$Recompilation$44618$3841A$\^function\_.L:1#issueCommand(&lt;function&gt;:124)
	at jdk.nashorn.internal.scripts.Script$Recompilation$44618$3841A$\^function\_.L:1#issueCommand(&lt;function&gt;:124)
	at jdk.nashorn.internal.scripts.Script$Recompilation$44618$3841A$\^function\_.L:1#issueCommand(&lt;function&gt;:124)
	at jdk.nashorn.internal.scripts.Script$Recompilation$44618$3841A$\^function\_.L:1#issueCommand(&lt;function&gt;:124)
	at jdk.nashorn.internal.scripts.Script$Recompilation$44618$3841A$\^function\_.L:1#issueCommand(&lt;function&gt;:124)
	at jdk.nashorn.internal.scripts.Script$Recompilation$44618$3841A$\^function\_.L:1#issueCommand(&lt;function&gt;:124)
	at jdk.nashorn.internal.scripts.Script$Recompilation$44618$3841A$\^function\_.L:1#issueCommand(&lt;function&gt;:124)
	at jdk.nashorn.internal.scripts.Script$Recompilation$44618$3841A$\^function\_.L:1#issueCommand(&lt;function&gt;:124)
	at jdk.nashorn.internal.scripts.Script$Recompilation$44618$3841A$\^function\_.L:1#issueCommand(&lt;function&gt;:124)
	at jdk.nashorn.internal.scripts.Script$Recompilation$44618$3841A$\^function\_.L:1#issueCommand(&lt;function&gt;:124)
	at jdk.nashorn.internal.scripts.Script$Recompilation$44618$3841A$\^function\_.L:1#issueCommand(&lt;function&gt;:124)
	at jdk.nashorn.internal.scripts.Script$Recompilation$44618$3841A$\^function\_.L:1#issueCommand(&lt;function&gt;:124)
	at jdk.nashorn.internal.scripts.Script$Recompilation$44618$3841A$\^function\_.L:1#issueCommand(&lt;function&gt;:124)
	at jdk.nashorn.internal.scripts.Script$Recompilation$44618$3841A$\^function\_.L:1#issueCommand(&lt;function&gt;:124)
	at jdk.nashorn.internal.scripts.Script$Recompilation$44618$3841A$\^function\_.L:1#issueCommand(&lt;function&gt;:124)
	at jdk.nashorn.internal.scripts.Script$Recompilation$44618$3841A$\^function\_.L:1#issueCommand(&lt;function&gt;:124)
	at jdk.nashorn.internal.scripts.Script$Recompilation$44618$3841A$\^function\_.L:1#issueCommand(&lt;function&gt;:124)
	at jdk.nashorn.internal.scripts.Script$Recompilation$44618$3841A$\^function\_.L:1#issueCommand(&lt;function&gt;:124)
	at jdk.nashorn.internal.scripts.Script$Recompilation$44618$3841A$\^function\_.L:1#issueCommand(&lt;function&gt;:124)
	at jdk.nashorn.internal.scripts.Script$Recompilation$44618$3841A$\^function\_.L:1#issueCommand(&lt;function&gt;:124)
	at jdk.nashorn.internal.scripts.Script$Recompilation$44618$3841A$\^function\_.L:1#issueCommand(&lt;function&gt;:124)
	at jdk.nashorn.internal.scripts.Script$Recompilation$44618$3841A$\^function\_.L:1#issueCommand(&lt;function&gt;:124)
	at jdk.nashorn.internal.scripts.Script$Recompilation$44618$3841A$\^function\_.L:1#issueCommand(&lt;function&gt;:124)
	at jdk.nashorn.internal.scripts.Script$Recompilation$44618$3841A$\^function\_.L:1#issueCommand(&lt;function&gt;:124)
	at jdk.nashorn.internal.scripts.Script$Recompilation$44618$3841A$\^function\_.L:1#issueCommand(&lt;function&gt;:124)
	at jdk.nashorn.internal.scripts.Script$Recompilation$44618$3841A$\^function\_.L:1#issueCommand(&lt;function&gt;:124)
	at jdk.nashorn.internal.scripts.Script$Recompilation$44618$3841A$\^function\_.L:1#issueCommand(&lt;function&gt;:124)
	at jdk.nashorn.internal.scripts.Script$Recompilation$44618$3841A$\^function\_.L:1#issueCommand(&lt;function&gt;:124)
	at jdk.nashorn.internal.scripts.Script$Recompilation$44618$3841A$\^function\_.L:1#issueCommand(&lt;function&gt;:124)
	at jdk.nashorn.internal.scripts.Script$Recompilation$44618$3841A$\^function\_.L:1#issueCommand(&lt;function&gt;:124)
	at jdk.nashorn.internal.scripts.Script$Recompilation$44618$3841A$\^function\_.L:1#issueCommand(&lt;function&gt;:124)
	at jdk.nashorn.internal.scripts.Script$Recompilation$44618$3841A$\^function\_.L:1#issueCommand(&lt;function&gt;:124)
	at jdk.nashorn.internal.scripts.Script$Recompilation$44618$3841A$\^function\_.L:1#issueCommand(&lt;function&gt;:124)
	at jdk.nashorn.internal.scripts.Script$Recompilation$44618$3841A$\^function\_.L:1#issueCommand(&lt;function&gt;:124)
	at jdk.nashorn.internal.scripts.Script$Recompilation$44618$3841A$\^function\_.L:1#issueCommand(&lt;function&gt;:124)
	at jdk.nashorn.internal.scripts.Script$Recompilation$44618$3841A$\^function\_.L:1#issueCommand(&lt;function&gt;:124)
	at jdk.nashorn.internal.scripts.Script$Recompilation$44618$3841A$\^function\_.L:1#issueCommand(&lt;function&gt;:124)
	at jdk.nashorn.internal.scripts.Script$Recompilation$44618$3841A$\^function\_.L:1#issueCommand(&lt;function&gt;:124)
	at jdk.nashorn.internal.scripts.Script$Recompilation$44618$3841A$\^function\_.L:1#issueCommand(&lt;function&gt;:124)
	at jdk.nashorn.internal.scripts.Script$Recompilation$44618$3841A$\^function\_.L:1#issueCommand(&lt;function&gt;:124)
	at jdk.nashorn.internal.scripts.Script$Recompilation$44618$3841A$\^function\_.L:1#issueCommand(&lt;function&gt;:124)
	at jdk.nashorn.internal.scripts.Script$Recompilation$44618$3841A$\^function\_.L:1#issueCommand(&lt;function&gt;:124)
	at jdk.nashorn.internal.scripts.Script$Recompilation$44618$3841A$\^function\_.L:1#issueCommand(&lt;function&gt;:124)
	at jdk.nashorn.internal.scripts.Script$Recompilation$44618$3841A$\^function\_.L:1#issueCommand(&lt;function&gt;:124)
	at jdk.nashorn.internal.scripts.Script$Recompilation$44618$3841A$\^function\_.L:1#issueCommand(&lt;function&gt;:124)
	at jdk.nashorn.internal.scripts.Script$Recompilation$44618$3841A$\^function\_.L:1#issueCommand(&lt;function&gt;:124)
	at jdk.nashorn.internal.scripts.Script$Recompilation$44618$3841A$\^function\_.L:1#issueCommand(&lt;function&gt;:124)
	at jdk.nashorn.internal.scripts.Script$Recompilation$44618$3841A$\^function\_.L:1#issueCommand(&lt;function&gt;:124)
	at jdk.nashorn.internal.scripts.Script$Recompilation$44618$3841A$\^function\_.L:1#issueCommand(&lt;function&gt;:124)
	at jdk.nashorn.internal.scripts.Script$Recompilation$44618$3841A$\^function\_.L:1#issueCommand(&lt;function&gt;:124)
	at jdk.nashorn.internal.scripts.Script$Recompilation$44618$3841A$\^function\_.L:1#issueCommand(&lt;function&gt;:124)
	at jdk.nashorn.internal.scripts.Script$Recompilation$44618$3841A$\^function\_.L:1#issueCommand(&lt;function&gt;:124)
	at jdk.nashorn.internal.scripts.Script$Recompilation$44618$3841A$\^function\_.L:1#issueCommand(&lt;function&gt;:124)
	at jdk.nashorn.internal.scripts.Script$Recompilation$44618$3841A$\^function\_.L:1#issueCommand(&lt;function&gt;:124)
	at jdk.nashorn.internal.scripts.Script$Recompilation$44618$3841A$\^function\_.L:1#issueCommand(&lt;function&gt;:124)
	at jdk.nashorn.internal.scripts.Script$Recompilation$44618$3841A$\^function\_.L:1#issueCommand(&lt;function&gt;:124)
	at jdk.nashorn.internal.scripts.Script$Recompilation$44618$3841A$\^function\_.L:1#issueCommand(&lt;function&gt;:124)
	at jdk.nashorn.internal.scripts.Script$Recompilation$44618$3841A$\^function\_.L:1#issueCommand(&lt;function&gt;:124)
	at jdk.nashorn.internal.scripts.Script$Recompilation$44618$3841A$\^function\_.L:1#issueCommand(&lt;function&gt;:124)
	at jdk.nashorn.internal.scripts.Script$Recompilation$44618$3841A$\^function\_.L:1#issueCommand(&lt;function&gt;:124)
	at jdk.nashorn.internal.scripts.Script$Recompilation$44618$3841A$\^function\_.L:1#issueCommand(&lt;function&gt;:124)
	at jdk.nashorn.internal.scripts.Script$Recompilation$44618$3841A$\^function\_.L:1#issueCommand(&lt;function&gt;:124)
	at jdk.nashorn.internal.scripts.Script$Recompilation$44618$3841A$\^function\_.L:1#issueCommand(&lt;function&gt;:124)
	at jdk.nashorn.internal.scripts.Script$Recompilation$44618$3841A$\^function\_.L:1#issueCommand(&lt;function&gt;:124)
	at jdk.nashorn.internal.scripts.Script$Recompilation$44618$3841A$\^function\_.L:1#issueCommand(&lt;function&gt;:124)
	at jdk.nashorn.internal.scripts.Script$Recompilation$44618$3841A$\^function\_.L:1#issueCommand(&lt;function&gt;:124)
	at jdk.nashorn.internal.scripts.Script$Recompilation$44618$3841A$\^function\_.L:1#issueCommand(&lt;function&gt;:124)
	at jdk.nashorn.internal.scripts.Script$Recompilation$44618$3841A$\^function\_.L:1#issueCommand(&lt;function&gt;:124)
	at jdk.nashorn.internal.scripts.Script$Recompilation$44618$3841A$\^function\_.L:1#issueCommand(&lt;function&gt;:124)
	at jdk.nashorn.internal.scripts.Script$Recompilation$44618$3841A$\^function\_.L:1#issueCommand(&lt;function&gt;:124)
	at jdk.nashorn.internal.scripts.Script$Recompilation$44618$3841A$\^function\_.L:1#issueCommand(&lt;function&gt;:124)
	at jdk.nashorn.internal.scripts.Script$Recompilation$44618$3841A$\^function\_.L:1#issueCommand(&lt;function&gt;:124)
	at jdk.nashorn.internal.scripts.Script$Recompilation$44618$3841A$\^function\_.L:1#issueCommand(&lt;function&gt;:124)
	at jdk.nashorn.internal.scripts.Script$Recompilation$44618$3841A$\^function\_.L:1#issueCommand(&lt;function&gt;:124)
	at jdk.nashorn.internal.scripts.Script$Recompilation$44618$3841A$\^function\_.L:1#issueCommand(&lt;function&gt;:124)
	at jdk.nashorn.internal.scripts.Script$Recompilation$44618$3841A$\^function\_.L:1#issueCommand(&lt;function&gt;:124)
	at jdk.nashorn.internal.scripts.Script$Recompilation$44618$3841A$\^function\_.L:1#issueCommand(&lt;function&gt;:124)
	at jdk.nashorn.internal.scripts.Script$Recompilation$44618$3841A$\^function\_.L:1#issueCommand(&lt;function&gt;:124)
	at jdk.nashorn.internal.scripts.Script$Recompilation$44618$3841A$\^function\_.L:1#issueCommand(&lt;function&gt;:124)
	at jdk.nashorn.internal.scripts.Script$Recompilation$44618$3841A$\^function\_.L:1#issueCommand(&lt;function&gt;:124)
	at jdk.nashorn.internal.scripts.Script$Recompilation$44618$3841A$\^function\_.L:1#issueCommand(&lt;function&gt;:124)
	at jdk.nashorn.internal.scripts.Script$Recompilation$44618$3841A$\^function\_.L:1#issueCommand(&lt;function&gt;:124)
	at jdk.nashorn.internal.scripts.Script$Recompilation$44618$3841A$\^function\_.L:1#issueCommand(&lt;function&gt;:124)
	at jdk.nashorn.internal.scripts.Script$Recompilation$44618$3841A$\^function\_.L:1#issueCommand(&lt;function&gt;:124)
	at jdk.nashorn.internal.scripts.Script$Recompilation$44618$3841A$\^function\_.L:1#issueCommand(&lt;function&gt;:124)
	at jdk.nashorn.internal.scripts.Script$Recompilation$44618$3841A$\^function\_.L:1#issueCommand(&lt;function&gt;:124)
	at jdk.nashorn.internal.scripts.Script$Recompilation$44618$3841A$\^function\_.L:1#issueCommand(&lt;function&gt;:124)
	at jdk.nashorn.internal.scripts.Script$Recompilation$44618$3841A$\^function\_.L:1#issueCommand(&lt;function&gt;:124)
	at jdk.nashorn.internal.scripts.Script$Recompilation$44618$3841A$\^function\_.L:1#issueCommand(&lt;function&gt;:124)
	at jdk.nashorn.internal.scripts.Script$Recompilation$44618$3841A$\^function\_.L:1#issueCommand(&lt;function&gt;:124)
	at jdk.nashorn.internal.scripts.Script$Recompilation$44618$3841A$\^function\_.L:1#issueCommand(&lt;function&gt;:124)
	at jdk.nashorn.internal.scripts.Script$Recompilation$44618$3841A$\^function\_.L:1#issueCommand(&lt;function&gt;:124)
	at jdk.nashorn.internal.scripts.Script$Recompilation$44618$3841A$\^function\_.L:1#issueCommand(&lt;function&gt;:124)
	at jdk.nashorn.internal.scripts.Script$Recompilation$44618$3841A$\^function\_.L:1#issueCommand(&lt;function&gt;:124)
	at jdk.nashorn.internal.scripts.Script$Recompilation$44618$3841A$\^function\_.L:1#issueCommand(&lt;function&gt;:124)
	at jdk.nashorn.internal.scripts.Script$Recompilation$44618$3841A$\^function\_.L:1#issueCommand(&lt;function&gt;:124)
	at jdk.nashorn.internal.scripts.Script$Recompilation$44618$3841A$\^function\_.L:1#issueCommand(&lt;function&gt;:124)
	at jdk.nashorn.internal.scripts.Script$Recompilation$44618$3841A$\^function\_.L:1#issueCommand(&lt;function&gt;:124)
	at jdk.nashorn.internal.scripts.Script$Recompilation$44618$3841A$\^function\_.L:1#issueCommand(&lt;function&gt;:124)
	at jdk.nashorn.internal.scripts.Script$Recompilation$44618$3841A$\^function\_.L:1#issueCommand(&lt;function&gt;:124)
	at jdk.nashorn.internal.scripts.Script$Recompilation$44618$3841A$\^function\_.L:1#issueCommand(&lt;function&gt;:124)
	at jdk.nashorn.internal.scripts.Script$Recompilation$44618$3841A$\^function\_.L:1#issueCommand(&lt;function&gt;:124)
	at jdk.nashorn.internal.scripts.Script$Recompilation$44618$3841A$\^function\_.L:1#issueCommand(&lt;function&gt;:124)
	at jdk.nashorn.internal.scripts.Script$Recompilation$44618$3841A$\^function\_.L:1#issueCommand(&lt;function&gt;:124)
	at jdk.nashorn.internal.scripts.Script$Recompilation$44618$3841A$\^function\_.L:1#issueCommand(&lt;function&gt;:124)
	at jdk.nashorn.internal.scripts.Script$Recompilation$44618$3841A$\^function\_.L:1#issueCommand(&lt;function&gt;:124)
	at jdk.nashorn.internal.scripts.Script$Recompilation$44618$3841A$\^function\_.L:1#issueCommand(&lt;function&gt;:124)
	at jdk.nashorn.internal.scripts.Script$Recompilation$44618$3841A$\^function\_.L:1#issueCommand(&lt;function&gt;:124)
	at jdk.nashorn.internal.scripts.Script$Recompilation$44618$3841A$\^function\_.L:1#issueCommand(&lt;function&gt;:124)
	at jdk.nashorn.internal.scripts.Script$Recompilation$44618$3841A$\^function\_.L:1#issueCommand(&lt;function&gt;:124)
	at jdk.nashorn.internal.scripts.Script$Recompilation$44618$3841A$\^function\_.L:1#issueCommand(&lt;function&gt;:124)
	at jdk.nashorn.internal.scripts.Script$Recompilation$44618$3841A$\^function\_.L:1#issueCommand(&lt;function&gt;:124)
	at jdk.nashorn.internal.scripts.Script$Recompilation$44618$3841A$\^function\_.L:1#issueCommand(&lt;function&gt;:124)
	at jdk.nashorn.internal.scripts.Script$Recompilation$44618$3841A$\^function\_.L:1#issueCommand(&lt;function&gt;:124)
	at jdk.nashorn.internal.scripts.Script$Recompilation$44618$3841A$\^function\_.L:1#issueCommand(&lt;function&gt;:124)
	at jdk.nashorn.internal.scripts.Script$Recompilation$44618$3841A$\^function\_.L:1#issueCommand(&lt;function&gt;:124)
	at jdk.nashorn.internal.scripts.Script$Recompilation$44618$3841A$\^function\_.L:1#issueCommand(&lt;function&gt;:124)
	at jdk.nashorn.internal.scripts.Script$Recompilation$44618$3841A$\^function\_.L:1#issueCommand(&lt;function&gt;:124)
	at jdk.nashorn.internal.scripts.Script$Recompilation$44618$3841A$\^function\_.L:1#issueCommand(&lt;function&gt;:124)
	at jdk.nashorn.internal.scripts.Script$Recompilation$44618$3841A$\^function\_.L:1#issueCommand(&lt;function&gt;:124)
	at jdk.nashorn.internal.scripts.Script$Recompilation$44618$3841A$\^function\_.L:1#issueCommand(&lt;function&gt;:124)
	at jdk.nashorn.internal.scripts.Script$Recompilation$44618$3841A$\^function\_.L:1#issueCommand(&lt;function&gt;:124)
	at jdk.nashorn.internal.scripts.Script$Recompilation$44618$3841A$\^function\_.L:1#issueCommand(&lt;function&gt;:124)
	at jdk.nashorn.internal.scripts.Script$Recompilation$44618$3841A$\^function\_.L:1#issueCommand(&lt;function&gt;:124)
	at jdk.nashorn.internal.scripts.Script$Recompilation$44618$3841A$\^function\_.L:1#issueCommand(&lt;function&gt;:124)
	at jdk.nashorn.internal.scripts.Script$Recompilation$44618$3841A$\^function\_.L:1#issueCommand(&lt;function&gt;:124)
	at jdk.nashorn.internal.scripts.Script$Recompilation$44618$3841A$\^function\_.L:1#issueCommand(&lt;function&gt;:124)
	at jdk.nashorn.internal.scripts.Script$Recompilation$44618$3841A$\^function\_.L:1#issueCommand(&lt;function&gt;:124)
	at jdk.nashorn.internal.scripts.Script$Recompilation$44618$3841A$\^function\_.L:1#issueCommand(&lt;function&gt;:124)
	at jdk.nashorn.internal.scripts.Script$Recompilation$44618$3841A$\^function\_.L:1#issueCommand(&lt;function&gt;:124)
	at jdk.nashorn.internal.scripts.Script$Recompilation$44618$3841A$\^function\_.L:1#issueCommand(&lt;function&gt;:124)
	at jdk.nashorn.internal.scripts.Script$Recompilation$44618$3841A$\^function\_.L:1#issueCommand(&lt;function&gt;:124)
	at jdk.nashorn.internal.scripts.Script$Recompilation$44618$3841A$\^function\_.L:1#issueCommand(&lt;function&gt;:124)
	at jdk.nashorn.internal.scripts.Script$Recompilation$44618$3841A$\^function\_.L:1#issueCommand(&lt;function&gt;:124)
	at jdk.nashorn.internal.scripts.Script$Recompilation$44618$3841A$\^function\_.L:1#issueCommand(&lt;function&gt;:124)
	at jdk.nashorn.internal.scripts.Script$Recompilation$44618$3841A$\^function\_.L:1#issueCommand(&lt;function&gt;:124)
	at jdk.nashorn.internal.scripts.Script$Recompilation$44618$3841A$\^function\_.L:1#issueCommand(&lt;function&gt;:124)
	at jdk.nashorn.internal.scripts.Script$Recompilation$44618$3841A$\^function\_.L:1#issueCommand(&lt;function&gt;:124)
	at jdk.nashorn.internal.scripts.Script$Recompilation$44618$3841A$\^function\_.L:1#issueCommand(&lt;function&gt;:124)
	at jdk.nashorn.internal.scripts.Script$Recompilation$44618$3841A$\^function\_.L:1#issueCommand(&lt;function&gt;:124)
	at jdk.nashorn.internal.scripts.Script$Recompilation$44618$3841A$\^function\_.L:1#issueCommand(&lt;function&gt;:124)
	at jdk.nashorn.internal.scripts.Script$Recompilation$44618$3841A$\^function\_.L:1#issueCommand(&lt;function&gt;:124)
	at jdk.nashorn.internal.scripts.Script$Recompilation$44618$3841A$\^function\_.L:1#issueCommand(&lt;function&gt;:124)
	at jdk.nashorn.internal.scripts.Script$Recompilation$44618$3841A$\^function\_.L:1#issueCommand(&lt;function&gt;:124)
	at jdk.nashorn.internal.scripts.Script$Recompilation$44618$3841A$\^function\_.L:1#issueCommand(&lt;function&gt;:124)
	at jdk.nashorn.internal.scripts.Script$Recompilation$44618$3841A$\^function\_.L:1#issueCommand(&lt;function&gt;:124)
	at jdk.nashorn.internal.scripts.Script$Recompilation$44618$3841A$\^function\_.L:1#issueCommand(&lt;function&gt;:124)
	at jdk.nashorn.internal.scripts.Script$Recompilation$44618$3841A$\^function\_.L:1#issueCommand(&lt;function&gt;:124)
	at jdk.nashorn.internal.scripts.Script$Recompilation$44618$3841A$\^function\_.L:1#issueCommand(&lt;function&gt;:124)
	at jdk.nashorn.internal.scripts.Script$Recompilation$44618$3841A$\^function\_.L:1#issueCommand(&lt;function&gt;:124)
	at jdk.nashorn.internal.scripts.Script$Recompilation$44618$3841A$\^function\_.L:1#issueCommand(&lt;function&gt;:124)
	at jdk.nashorn.internal.scripts.Script$Recompilation$44618$3841A$\^function\_.L:1#issueCommand(&lt;function&gt;:124)
	at jdk.nashorn.internal.scripts.Script$Recompilation$44618$3841A$\^function\_.L:1#issueCommand(&lt;function&gt;:124)
	at jdk.nashorn.internal.scripts.Script$Recompilation$44618$3841A$\^function\_.L:1#issueCommand(&lt;function&gt;:124)
	at jdk.nashorn.internal.scripts.Script$Recompilation$44618$3841A$\^function\_.L:1#issueCommand(&lt;function&gt;:124)
	at jdk.nashorn.internal.scripts.Script$Recompilation$44618$3841A$\^function\_.L:1#issueCommand(&lt;function&gt;:124)
	at jdk.nashorn.internal.scripts.Script$Recompilation$44618$3841A$\^function\_.L:1#issueCommand(&lt;function&gt;:124)
	at jdk.nashorn.internal.scripts.Script$Recompilation$44618$3841A$\^function\_.L:1#issueCommand(&lt;function&gt;:124)
	at jdk.nashorn.internal.scripts.Script$Recompilation$44618$3841A$\^function\_.L:1#issueCommand(&lt;function&gt;:124)
	at jdk.nashorn.internal.scripts.Script$Recompilation$44618$3841A$\^function\_.L:1#issueCommand(&lt;function&gt;:124)
	at jdk.nashorn.internal.scripts.Script$Recompilation$44618$3841A$\^function\_.L:1#issueCommand(&lt;function&gt;:124)
	at jdk.nashorn.internal.scripts.Script$Recompilation$44618$3841A$\^function\_.L:1#issueCommand(&lt;function&gt;:124)
	at jdk.nashorn.internal.scripts.Script$Recompilation$44618$3841A$\^function\_.L:1#issueCommand(&lt;function&gt;:124)
	at jdk.nashorn.internal.scripts.Script$Recompilation$44618$3841A$\^function\_.L:1#issueCommand(&lt;function&gt;:124)
	at jdk.nashorn.internal.scripts.Script$Recompilation$44618$3841A$\^function\_.L:1#issueCommand(&lt;function&gt;:124)
	at jdk.nashorn.internal.scripts.Script$Recompilation$44618$3841A$\^function\_.L:1#issueCommand(&lt;function&gt;:124)
	at jdk.nashorn.internal.scripts.Script$Recompilation$44618$3841A$\^function\_.L:1#issueCommand(&lt;function&gt;:124)
	at jdk.nashorn.internal.scripts.Script$Recompilation$44618$3841A$\^function\_.L:1#issueCommand(&lt;function&gt;:124)
	at jdk.nashorn.internal.scripts.Script$Recompilation$44618$3841A$\^function\_.L:1#issueCommand(&lt;function&gt;:124)
	at jdk.nashorn.internal.scripts.Script$Recompilation$44618$3841A$\^function\_.L:1#issueCommand(&lt;function&gt;:124)
	at jdk.nashorn.internal.scripts.Script$Recompilation$44618$3841A$\^function\_.L:1#issueCommand(&lt;function&gt;:124)
	at jdk.nashorn.internal.scripts.Script$Recompilation$44618$3841A$\^function\_.L:1#issueCommand(&lt;function&gt;:124)
	at jdk.nashorn.internal.scripts.Script$Recompilation$44618$3841A$\^function\_.L:1#issueCommand(&lt;function&gt;:124)
	at jdk.nashorn.internal.scripts.Script$Recompilation$44618$3841A$\^function\_.L:1#issueCommand(&lt;function&gt;:124)
	at jdk.nashorn.internal.scripts.Script$Recompilation$44618$3841A$\^function\_.L:1#issueCommand(&lt;function&gt;:124)
	at jdk.nashorn.internal.scripts.Script$Recompilation$44618$3841A$\^function\_.L:1#issueCommand(&lt;function&gt;:124)
	at jdk.nashorn.internal.scripts.Script$Recompilation$44618$3841A$\^function\_.L:1#issueCommand(&lt;function&gt;:124)
	at jdk.nashorn.internal.scripts.Script$Recompilation$44618$3841A$\^function\_.L:1#issueCommand(&lt;function&gt;:124)
	at jdk.nashorn.internal.scripts.Script$Recompilation$44618$3841A$\^function\_.L:1#issueCommand(&lt;function&gt;:124)
	at jdk.nashorn.internal.scripts.Script$Recompilation$44618$3841A$\^function\_.L:1#issueCommand(&lt;function&gt;:124)
	at jdk.nashorn.internal.scripts.Script$Recompilation$44618$3841A$\^function\_.L:1#issueCommand(&lt;function&gt;:124)
	at jdk.nashorn.internal.scripts.Script$Recompilation$44618$3841A$\^function\_.L:1#issueCommand(&lt;function&gt;:124)
	at jdk.nashorn.internal.scripts.Script$Recompilation$44618$3841A$\^function\_.L:1#issueCommand(&lt;function&gt;:124)
	at jdk.nashorn.internal.scripts.Script$Recompilation$44618$3841A$\^function\_.L:1#issueCommand(&lt;function&gt;:124)
	at jdk.nashorn.internal.scripts.Script$Recompilation$44618$3841A$\^function\_.L:1#issueCommand(&lt;function&gt;:124)
	at jdk.nashorn.internal.scripts.Script$Recompilation$44618$3841A$\^function\_.L:1#issueCommand(&lt;function&gt;:124)
	at jdk.nashorn.internal.scripts.Script$Recompilation$44618$3841A$\^function\_.L:1#issueCommand(&lt;function&gt;:124)
	at jdk.nashorn.internal.scripts.Script$Recompilation$44618$3841A$\^function\_.L:1#issueCommand(&lt;function&gt;:124)
	at jdk.nashorn.internal.scripts.Script$Recompilation$44618$3841A$\^function\_.L:1#issueCommand(&lt;function&gt;:124)
	at jdk.nashorn.internal.scripts.Script$Recompilation$44618$3841A$\^function\_.L:1#issueCommand(&lt;function&gt;:124)
	at jdk.nashorn.internal.scripts.Script$Recompilation$44618$3841A$\^function\_.L:1#issueCommand(&lt;function&gt;:124)
	at jdk.nashorn.internal.scripts.Script$Recompilation$44618$3841A$\^function\_.L:1#issueCommand(&lt;function&gt;:124)
	at jdk.nashorn.internal.scripts.Script$Recompilation$44618$3841A$\^function\_.L:1#issueCommand(&lt;function&gt;:124)
	at jdk.nashorn.internal.scripts.Script$Recompilation$44618$3841A$\^function\_.L:1#issueCommand(&lt;function&gt;:124)
	at jdk.nashorn.internal.scripts.Script$Recompilation$44618$3841A$\^function\_.L:1#issueCommand(&lt;function&gt;:124)
	at jdk.nashorn.internal.scripts.Script$Recompilation$44618$3841A$\^function\_.L:1#issueCommand(&lt;function&gt;:124)
	at jdk.nashorn.internal.scripts.Script$Recompilation$44618$3841A$\^function\_.L:1#issueCommand(&lt;function&gt;:124)
	at jdk.nashorn.internal.scripts.Script$Recompilation$44618$3841A$\^function\_.L:1#issueCommand(&lt;function&gt;:124)
	at jdk.nashorn.internal.scripts.Script$Recompilation$44618$3841A$\^function\_.L:1#issueCommand(&lt;function&gt;:124)
	at jdk.nashorn.internal.scripts.Script$Recompilation$44618$3841A$\^function\_.L:1#issueCommand(&lt;function&gt;:124)
	at jdk.nashorn.internal.scripts.Script$Recompilation$44618$3841A$\^function\_.L:1#issueCommand(&lt;function&gt;:124)
	at jdk.nashorn.internal.scripts.Script$Recompilation$44618$3841A$\^function\_.L:1#issueCommand(&lt;function&gt;:124)
	at jdk.nashorn.internal.scripts.Script$Recompilation$44618$3841A$\^function\_.L:1#issueCommand(&lt;function&gt;:124)
	at jdk.nashorn.internal.scripts.Script$Recompilation$44618$3841A$\^function\_.L:1#issueCommand(&lt;function&gt;:124)
	at jdk.nashorn.internal.scripts.Script$Recompilation$44618$3841A$\^function\_.L:1#issueCommand(&lt;function&gt;:124)
	at jdk.nashorn.internal.scripts.Script$Recompilation$44618$3841A$\^function\_.L:1#issueCommand(&lt;function&gt;:124)
	at jdk.nashorn.internal.scripts.Script$Recompilation$44618$3841A$\^function\_.L:1#issueCommand(&lt;function&gt;:124)
	at jdk.nashorn.internal.scripts.Script$Recompilation$44618$3841A$\^function\_.L:1#issueCommand(&lt;function&gt;:124)
	at jdk.nashorn.internal.scripts.Script$Recompilation$44618$3841A$\^function\_.L:1#issueCommand(&lt;function&gt;:124)
	at jdk.nashorn.internal.scripts.Script$Recompilation$44618$3841A$\^function\_.L:1#issueCommand(&lt;function&gt;:124)
	at jdk.nashorn.internal.scripts.Script$Recompilation$44618$3841A$\^function\_.L:1#issueCommand(&lt;function&gt;:124)
	at jdk.nashorn.internal.scripts.Script$Recompilation$44618$3841A$\^function\_.L:1#issueCommand(&lt;function&gt;:124)
	at jdk.nashorn.internal.scripts.Script$Recompilation$44618$3841A$\^function\_.L:1#issueCommand(&lt;function&gt;:124)
	at jdk.nashorn.internal.scripts.Script$Recompilation$44618$3841A$\^function\_.L:1#issueCommand(&lt;function&gt;:124)
	at jdk.nashorn.internal.scripts.Script$Recompilation$44618$3841A$\^function\_.L:1#issueCommand(&lt;function&gt;:124)
	at jdk.nashorn.internal.scripts.Script$Recompilation$44618$3841A$\^function\_.L:1#issueCommand(&lt;function&gt;:124)
	at jdk.nashorn.internal.scripts.Script$Recompilation$44618$3841A$\^function\_.L:1#issueCommand(&lt;function&gt;:124)
	at jdk.nashorn.internal.scripts.Script$Recompilation$44618$3841A$\^function\_.L:1#issueCommand(&lt;function&gt;:124)
	at jdk.nashorn.internal.scripts.Script$Recompilation$44618$3841A$\^function\_.L:1#issueCommand(&lt;function&gt;:124)
	at jdk.nashorn.internal.scripts.Script$Recompilation$44618$3841A$\^function\_.L:1#issueCommand(&lt;function&gt;:124)
	at jdk.nashorn.internal.scripts.Script$Recompilation$44618$3841A$\^function\_.L:1#issueCommand(&lt;function&gt;:124)
	at jdk.nashorn.internal.scripts.Script$Recompilation$44618$3841A$\^function\_.L:1#issueCommand(&lt;function&gt;:124)
	at jdk.nashorn.internal.scripts.Script$Recompilation$44618$3841A$\^function\_.L:1#issueCommand(&lt;function&gt;:124)
	at jdk.nashorn.internal.scripts.Script$Recompilation$44618$3841A$\^function\_.L:1#issueCommand(&lt;function&gt;:124)
	at jdk.nashorn.internal.scripts.Script$Recompilation$44618$3841A$\^function\_.L:1#issueCommand(&lt;function&gt;:124)
	at jdk.nashorn.internal.scripts.Script$Recompilation$44618$3841A$\^function\_.L:1#issueCommand(&lt;function&gt;:124)
	at jdk.nashorn.internal.scripts.Script$Recompilation$44618$3841A$\^function\_.L:1#issueCommand(&lt;function&gt;:124)
	at jdk.nashorn.internal.scripts.Script$Recompilation$44618$3841A$\^function\_.L:1#issueCommand(&lt;function&gt;:124)
	at jdk.nashorn.internal.scripts.Script$Recompilation$44618$3841A$\^function\_.L:1#issueCommand(&lt;function&gt;:124)
	at jdk.nashorn.internal.scripts.Script$Recompilation$44618$3841A$\^function\_.L:1#issueCommand(&lt;function&gt;:124)
	at jdk.nashorn.internal.scripts.Script$Recompilation$44618$3841A$\^function\_.L:1#issueCommand(&lt;function&gt;:124)
	at jdk.nashorn.internal.scripts.Script$Recompilation$44618$3841A$\^function\_.L:1#issueCommand(&lt;function&gt;:124)
	at jdk.nashorn.internal.scripts.Script$Recompilation$44618$3841A$\^function\_.L:1#issueCommand(&lt;function&gt;:124)
	at jdk.nashorn.internal.scripts.Script$Recompilation$44618$3841A$\^function\_.L:1#issueCommand(&lt;function&gt;:124)
	at jdk.nashorn.internal.scripts.Script$Recompilation$44618$3841A$\^function\_.L:1#issueCommand(&lt;function&gt;:124)
	at jdk.nashorn.internal.scripts.Script$Recompilation$44618$3841A$\^function\_.L:1#issueCommand(&lt;function&gt;:124)
	at jdk.nashorn.internal.scripts.Script$Recompilation$44618$3841A$\^function\_.L:1#issueCommand(&lt;function&gt;:124)
	at jdk.nashorn.internal.scripts.Script$Recompilation$44618$3841A$\^function\_.L:1#issueCommand(&lt;function&gt;:124)
	at jdk.nashorn.internal.scripts.Script$Recompilation$44618$3841A$\^function\_.L:1#issueCommand(&lt;function&gt;:124)
	at jdk.nashorn.internal.scripts.Script$Recompilation$44618$3841A$\^function\_.L:1#issueCommand(&lt;function&gt;:124)
	at jdk.nashorn.internal.scripts.Script$Recompilation$44618$3841A$\^function\_.L:1#issueCommand(&lt;function&gt;:124)
	at jdk.nashorn.internal.scripts.Script$Recompilation$44618$3841A$\^function\_.L:1#issueCommand(&lt;function&gt;:124)
	at jdk.nashorn.internal.scripts.Script$Recompilation$44618$3841A$\^function\_.L:1#issueCommand(&lt;function&gt;:124)
	at jdk.nashorn.internal.scripts.Script$Recompilation$44618$3841A$\^function\_.L:1#issueCommand(&lt;function&gt;:124)
	at jdk.nashorn.internal.scripts.Script$Recompilation$44618$3841A$\^function\_.L:1#issueCommand(&lt;function&gt;:124)
	at jdk.nashorn.internal.scripts.Script$Recompilation$44618$3841A$\^function\_.L:1#issueCommand(&lt;function&gt;:124)
	at jdk.nashorn.internal.scripts.Script$Recompilation$44618$3841A$\^function\_.L:1#issueCommand(&lt;function&gt;:124)
	at jdk.nashorn.internal.scripts.Script$Recompilation$44618$3841A$\^function\_.L:1#issueCommand(&lt;function&gt;:124)
	at jdk.nashorn.internal.scripts.Script$Recompilation$44618$3841A$\^function\_.L:1#issueCommand(&lt;function&gt;:124)
	at jdk.nashorn.internal.scripts.Script$Recompilation$44618$3841A$\^function\_.L:1#issueCommand(&lt;function&gt;:124)
	at jdk.nashorn.internal.scripts.Script$Recompilation$44618$3841A$\^function\_.L:1#issueCommand(&lt;function&gt;:124)
	at jdk.nashorn.internal.scripts.Script$Recompilation$44618$3841A$\^function\_.L:1#issueCommand(&lt;function&gt;:124)
	at jdk.nashorn.internal.scripts.Script$Recompilation$44618$3841A$\^function\_.L:1#issueCommand(&lt;function&gt;:124)
	at jdk.nashorn.internal.scripts.Script$Recompilation$44618$3841A$\^function\_.L:1#issueCommand(&lt;function&gt;:124)
	at jdk.nashorn.internal.scripts.Script$Recompilation$44618$3841A$\^function\_.L:1#issueCommand(&lt;function&gt;:124)
	at jdk.nashorn.internal.scripts.Script$Recompilation$44618$3841A$\^function\_.L:1#issueCommand(&lt;function&gt;:124)
	at jdk.nashorn.internal.scripts.Script$Recompilation$44618$3841A$\^function\_.L:1#issueCommand(&lt;function&gt;:124)
	at jdk.nashorn.internal.scripts.Script$Recompilation$44618$3841A$\^function\_.L:1#issueCommand(&lt;function&gt;:124)
	at jdk.nashorn.internal.scripts.Script$Recompilation$44618$3841A$\^function\_.L:1#issueCommand(&lt;function&gt;:124)
	at jdk.nashorn.internal.scripts.Script$Recompilation$44618$3841A$\^function\_.L:1#issueCommand(&lt;function&gt;:124)
	at jdk.nashorn.internal.scripts.Script$Recompilation$44618$3841A$\^function\_.L:1#issueCommand(&lt;function&gt;:124)
	at jdk.nashorn.internal.scripts.Script$Recompilation$44618$3841A$\^function\_.L:1#issueCommand(&lt;function&gt;:124)
	at jdk.nashorn.internal.scripts.Script$Recompilation$44618$3841A$\^function\_.L:1#issueCommand(&lt;function&gt;:124)
	at jdk.nashorn.internal.scripts.Script$Recompilation$44618$3841A$\^function\_.L:1#issueCommand(&lt;function&gt;:124)
	at jdk.nashorn.internal.scripts.Script$Recompilation$44618$3841A$\^function\_.L:1#issueCommand(&lt;function&gt;:124)
	at jdk.nashorn.internal.scripts.Script$Recompilation$44618$3841A$\^function\_.L:1#issueCommand(&lt;function&gt;:124)
	at jdk.nashorn.internal.scripts.Script$Recompilation$44618$3841A$\^function\_.L:1#issueCommand(&lt;function&gt;:124)
	at jdk.nashorn.internal.scripts.Script$Recompilation$44618$3841A$\^function\_.L:1#issueCommand(&lt;function&gt;:124)
	at jdk.nashorn.internal.scripts.Script$Recompilation$44618$3841A$\^function\_.L:1#issueCommand(&lt;function&gt;:124)
	at jdk.nashorn.internal.scripts.Script$Recompilation$44618$3841A$\^function\_.L:1#issueCommand(&lt;function&gt;:124)
	at jdk.nashorn.internal.scripts.Script$Recompilation$44618$3841A$\^function\_.L:1#issueCommand(&lt;function&gt;:124)
	at jdk.nashorn.internal.scripts.Script$Recompilation$44618$3841A$\^function\_.L:1#issueCommand(&lt;function&gt;:124)
	at jdk.nashorn.internal.scripts.Script$Recompilation$44618$3841A$\^function\_.L:1#issueCommand(&lt;function&gt;:124)
	at jdk.nashorn.internal.scripts.Script$Recompilation$44618$3841A$\^function\_.L:1#issueCommand(&lt;function&gt;:124)
	at jdk.nashorn.internal.scripts.Script$Recompilation$44618$3841A$\^function\_.L:1#issueCommand(&lt;function&gt;:124)
	at jdk.nashorn.internal.scripts.Script$Recompilation$44618$3841A$\^function\_.L:1#issueCommand(&lt;function&gt;:124)
	at jdk.nashorn.internal.scripts.Script$Recompilation$44618$3841A$\^function\_.L:1#issueCommand(&lt;function&gt;:124)
	at jdk.nashorn.internal.scripts.Script$Recompilation$44618$3841A$\^function\_.L:1#issueCommand(&lt;function&gt;:124)
	at jdk.nashorn.internal.scripts.Script$Recompilation$44618$3841A$\^function\_.L:1#issueCommand(&lt;function&gt;:124)
	at jdk.nashorn.internal.scripts.Script$Recompilation$44618$3841A$\^function\_.L:1#issueCommand(&lt;function&gt;:124)
	at jdk.nashorn.internal.scripts.Script$Recompilation$44618$3841A$\^function\_.L:1#issueCommand(&lt;function&gt;:124)
	at jdk.nashorn.internal.scripts.Script$Recompilation$44618$3841A$\^function\_.L:1#issueCommand(&lt;function&gt;:124)
	at jdk.nashorn.internal.scripts.Script$Recompilation$44618$3841A$\^function\_.L:1#issueCommand(&lt;function&gt;:124)
	at jdk.nashorn.internal.scripts.Script$Recompilation$44618$3841A$\^function\_.L:1#issueCommand(&lt;function&gt;:124)
	at jdk.nashorn.internal.scripts.Script$Recompilation$44618$3841A$\^function\_.L:1#issueCommand(&lt;function&gt;:124)
	at jdk.nashorn.internal.scripts.Script$Recompilation$44618$3841A$\^function\_.L:1#issueCommand(&lt;function&gt;:124)
	at jdk.nashorn.internal.scripts.Script$Recompilation$44618$3841A$\^function\_.L:1#issueCommand(&lt;function&gt;:124)
	at jdk.nashorn.internal.scripts.Script$Recompilation$44618$3841A$\^function\_.L:1#issueCommand(&lt;function&gt;:124)
	at jdk.nashorn.internal.scripts.Script$Recompilation$44618$3841A$\^function\_.L:1#issueCommand(&lt;function&gt;:124)
	at jdk.nashorn.internal.scripts.Script$Recompilation$44618$3841A$\^function\_.L:1#issueCommand(&lt;function&gt;:124)
	at jdk.nashorn.internal.scripts.Script$Recompilation$44618$3841A$\^function\_.L:1#issueCommand(&lt;function&gt;:124)
	at jdk.nashorn.internal.scripts.Script$Recompilation$44618$3841A$\^function\_.L:1#issueCommand(&lt;function&gt;:124)
	at jdk.nashorn.internal.scripts.Script$Recompilation$44618$3841A$\^function\_.L:1#issueCommand(&lt;function&gt;:124)
	at jdk.nashorn.internal.scripts.Script$Recompilation$44618$3841A$\^function\_.L:1#issueCommand(&lt;function&gt;:124)
	at jdk.nashorn.internal.scripts.Script$Recompilation$44618$3841A$\^function\_.L:1#issueCommand(&lt;function&gt;:124)
	at jdk.nashorn.internal.scripts.Script$Recompilation$44618$3841A$\^function\_.L:1#issueCommand(&lt;function&gt;:124)
	at jdk.nashorn.internal.scripts.Script$Recompilation$44618$3841A$\^function\_.L:1#issueCommand(&lt;function&gt;:124)
	at jdk.nashorn.internal.scripts.Script$Recompilation$44618$3841A$\^function\_.L:1#issueCommand(&lt;function&gt;:124)
	at jdk.nashorn.internal.scripts.Script$Recompilation$44618$3841A$\^function\_.L:1#issueCommand(&lt;function&gt;:124)
	at jdk.nashorn.internal.scripts.Script$Recompilation$44618$3841A$\^function\_.L:1#issueCommand(&lt;function&gt;:124)
	at jdk.nashorn.internal.scripts.Script$Recompilation$44618$3841A$\^function\_.L:1#issueCommand(&lt;function&gt;:124)
	at jdk.nashorn.internal.scripts.Script$Recompilation$44618$3841A$\^function\_.L:1#issueCommand(&lt;function&gt;:124)
	at jdk.nashorn.internal.scripts.Script$Recompilation$44618$3841A$\^function\_.L:1#issueCommand(&lt;function&gt;:124)
	at jdk.nashorn.internal.scripts.Script$Recompilation$44618$3841A$\^function\_.L:1#issueCommand(&lt;function&gt;:124)
	at jdk.nashorn.internal.scripts.Script$Recompilation$44618$3841A$\^function\_.L:1#issueCommand(&lt;function&gt;:124)
	at jdk.nashorn.internal.scripts.Script$Recompilation$44618$3841A$\^function\_.L:1#issueCommand(&lt;function&gt;:124)
	at jdk.nashorn.internal.scripts.Script$Recompilation$44618$3841A$\^function\_.L:1#issueCommand(&lt;function&gt;:124)
	at jdk.nashorn.internal.scripts.Script$Recompilation$44618$3841A$\^function\_.L:1#issueCommand(&lt;function&gt;:124)
	at jdk.nashorn.internal.scripts.Script$Recompilation$44618$3841A$\^function\_.L:1#issueCommand(&lt;function&gt;:124)
	at jdk.nashorn.internal.scripts.Script$Recompilation$44618$3841A$\^function\_.L:1#issueCommand(&lt;function&gt;:124)
	at jdk.nashorn.internal.scripts.Script$Recompilation$44618$3841A$\^function\_.L:1#issueCommand(&lt;function&gt;:124)
	at jdk.nashorn.internal.scripts.Script$Recompilation$44618$3841A$\^function\_.L:1#issueCommand(&lt;function&gt;:124)
	at jdk.nashorn.internal.scripts.Script$Recompilation$44618$3841A$\^function\_.L:1#issueCommand(&lt;function&gt;:124)
	at jdk.nashorn.internal.scripts.Script$Recompilation$44618$3841A$\^function\_.L:1#issueCommand(&lt;function&gt;:124)
	at jdk.nashorn.internal.scripts.Script$Recompilation$44618$3841A$\^function\_.L:1#issueCommand(&lt;function&gt;:124)
	at jdk.nashorn.internal.scripts.Script$Recompilation$44618$3841A$\^function\_.L:1#issueCommand(&lt;function&gt;:124)
	at jdk.nashorn.internal.scripts.Script$Recompilation$44618$3841A$\^function\_.L:1#issueCommand(&lt;function&gt;:124)
	at jdk.nashorn.internal.scripts.Script$Recompilation$44618$3841A$\^function\_.L:1#issueCommand(&lt;function&gt;:124)
	at jdk.nashorn.internal.scripts.Script$Recompilation$44618$3841A$\^function\_.L:1#issueCommand(&lt;function&gt;:124)
	at jdk.nashorn.internal.scripts.Script$Recompilation$44618$3841A$\^function\_.L:1#issueCommand(&lt;function&gt;:124)
	at jdk.nashorn.internal.scripts.Script$Recompilation$44618$3841A$\^function\_.L:1#issueCommand(&lt;function&gt;:124)
	at jdk.nashorn.internal.scripts.Script$Recompilation$44618$3841A$\^function\_.L:1#issueCommand(&lt;function&gt;:124)
	at jdk.nashorn.internal.scripts.Script$Recompilation$44618$3841A$\^function\_.L:1#issueCommand(&lt;function&gt;:124)
	at jdk.nashorn.internal.scripts.Script$Recompilation$44618$3841A$\^function\_.L:1#issueCommand(&lt;function&gt;:124)
	at jdk.nashorn.internal.scripts.Script$Recompilation$44618$3841A$\^function\_.L:1#issueCommand(&lt;function&gt;:124)
	at jdk.nashorn.internal.scripts.Script$Recompilation$44618$3841A$\^function\_.L:1#issueCommand(&lt;function&gt;:124)
	at jdk.nashorn.internal.scripts.Script$Recompilation$44618$3841A$\^function\_.L:1#issueCommand(&lt;function&gt;:124)
	at jdk.nashorn.internal.scripts.Script$Recompilation$44618$3841A$\^function\_.L:1#issueCommand(&lt;function&gt;:124)
	at jdk.nashorn.internal.scripts.Script$Recompilation$44618$3841A$\^function\_.L:1#issueCommand(&lt;function&gt;:124)
	at jdk.nashorn.internal.scripts.Script$Recompilation$44618$3841A$\^function\_.L:1#issueCommand(&lt;function&gt;:124)
	at jdk.nashorn.internal.scripts.Script$Recompilation$44618$3841A$\^function\_.L:1#issueCommand(&lt;function&gt;:124)
	at jdk.nashorn.internal.scripts.Script$Recompilation$44618$3841A$\^function\_.L:1#issueCommand(&lt;function&gt;:124)
	at jdk.nashorn.internal.scripts.Script$Recompilation$44618$3841A$\^function\_.L:1#issueCommand(&lt;function&gt;:124)
	at jdk.nashorn.internal.scripts.Script$Recompilation$44618$3841A$\^function\_.L:1#issueCommand(&lt;function&gt;:124)
	at jdk.nashorn.internal.scripts.Script$Recompilation$44618$3841A$\^function\_.L:1#issueCommand(&lt;function&gt;:124)
	at jdk.nashorn.internal.scripts.Script$Recompilation$44618$3841A$\^function\_.L:1#issueCommand(&lt;function&gt;:124)
	at jdk.nashorn.internal.scripts.Script$Recompilation$44618$3841A$\^function\_.L:1#issueCommand(&lt;function&gt;:124)
	at jdk.nashorn.internal.scripts.Script$Recompilation$44618$3841A$\^function\_.L:1#issueCommand(&lt;function&gt;:124)
	at jdk.nashorn.internal.scripts.Script$Recompilation$44618$3841A$\^function\_.L:1#issueCommand(&lt;function&gt;:124)
	at jdk.nashorn.internal.scripts.Script$Recompilation$44618$3841A$\^function\_.L:1#issueCommand(&lt;function&gt;:124)
	at jdk.nashorn.internal.scripts.Script$Recompilation$44618$3841A$\^function\_.L:1#issueCommand(&lt;function&gt;:124)
	at jdk.nashorn.internal.scripts.Script$Recompilation$44618$3841A$\^function\_.L:1#issueCommand(&lt;function&gt;:124)
	at jdk.nashorn.internal.scripts.Script$Recompilation$44618$3841A$\^function\_.L:1#issueCommand(&lt;function&gt;:124)
	at jdk.nashorn.internal.scripts.Script$Recompilation$44618$3841A$\^function\_.L:1#issueCommand(&lt;function&gt;:124)
	at jdk.nashorn.internal.scripts.Script$Recompilation$44618$3841A$\^function\_.L:1#issueCommand(&lt;function&gt;:124)
	at jdk.nashorn.internal.scripts.Script$Recompilation$44618$3841A$\^function\_.L:1#issueCommand(&lt;function&gt;:124)
	at jdk.nashorn.internal.scripts.Script$Recompilation$44618$3841A$\^function\_.L:1#issueCommand(&lt;function&gt;:124)
	at jdk.nashorn.internal.scripts.Script$Recompilation$44618$3841A$\^function\_.L:1#issueCommand(&lt;function&gt;:124)
	at jdk.nashorn.internal.scripts.Script$Recompilation$44618$3841A$\^function\_.L:1#issueCommand(&lt;function&gt;:124)
	at jdk.nashorn.internal.scripts.Script$Recompilation$44618$3841A$\^function\_.L:1#issueCommand(&lt;function&gt;:124)
	at jdk.nashorn.internal.scripts.Script$Recompilation$44618$3841A$\^function\_.L:1#issueCommand(&lt;function&gt;:124)
	at jdk.nashorn.internal.scripts.Script$Recompilation$44618$3841A$\^function\_.L:1#issueCommand(&lt;function&gt;:124)
	at jdk.nashorn.internal.scripts.Script$Recompilation$44618$3841A$\^function\_.L:1#issueCommand(&lt;function&gt;:124)
	at jdk.nashorn.internal.scripts.Script$Recompilation$44618$3841A$\^function\_.L:1#issueCommand(&lt;function&gt;:124)
	at jdk.nashorn.internal.scripts.Script$Recompilation$44618$3841A$\^function\_.L:1#issueCommand(&lt;function&gt;:124)
	at jdk.nashorn.internal.scripts.Script$Recompilation$44618$3841A$\^function\_.L:1#issueCommand(&lt;function&gt;:124)
	at jdk.nashorn.internal.scripts.Script$Recompilation$44618$3841A$\^function\_.L:1#issueCommand(&lt;function&gt;:124)
	at jdk.nashorn.internal.scripts.Script$Recompilation$44618$3841A$\^function\_.L:1#issueCommand(&lt;function&gt;:124)
	at jdk.nashorn.internal.scripts.Script$Recompilation$44618$3841A$\^function\_.L:1#issueCommand(&lt;function&gt;:124)
	at jdk.nashorn.internal.scripts.Script$Recompilation$44618$3841A$\^function\_.L:1#issueCommand(&lt;function&gt;:124)
	at jdk.nashorn.internal.scripts.Script$Recompilation$44618$3841A$\^function\_.L:1#issueCommand(&lt;function&gt;:124)
	at jdk.nashorn.internal.scripts.Script$Recompilation$44618$3841A$\^function\_.L:1#issueCommand(&lt;function&gt;:124)
	at jdk.nashorn.internal.scripts.Script$Recompilation$44618$3841A$\^function\_.L:1#issueCommand(&lt;function&gt;:124)
	at jdk.nashorn.internal.scripts.Script$Recompilation$44618$3841A$\^function\_.L:1#issueCommand(&lt;function&gt;:124)
	at jdk.nashorn.internal.scripts.Script$Recompilation$44618$3841A$\^function\_.L:1#issueCommand(&lt;function&gt;:124)
	at jdk.nashorn.internal.scripts.Script$Recompilation$44618$3841A$\^function\_.L:1#issueCommand(&lt;function&gt;:124)
	at jdk.nashorn.internal.scripts.Script$Recompilation$44618$3841A$\^function\_.L:1#issueCommand(&lt;function&gt;:124)
	at jdk.nashorn.internal.scripts.Script$Recompilation$44618$3841A$\^function\_.L:1#issueCommand(&lt;function&gt;:124)
	at jdk.nashorn.internal.scripts.Script$Recompilation$44618$3841A$\^function\_.L:1#issueCommand(&lt;function&gt;:124)
	at jdk.nashorn.internal.scripts.Script$Recompilation$44618$3841A$\^function\_.L:1#issueCommand(&lt;function&gt;:124)
	at jdk.nashorn.internal.scripts.Script$Recompilation$44618$3841A$\^function\_.L:1#issueCommand(&lt;function&gt;:124)
	at jdk.nashorn.internal.scripts.Script$Recompilation$44618$3841A$\^function\_.L:1#issueCommand(&lt;function&gt;:124)
	at jdk.nashorn.internal.scripts.Script$Recompilation$44618$3841A$\^function\_.L:1#issueCommand(&lt;function&gt;:124)
	at jdk.nashorn.internal.scripts.Script$Recompilation$44618$3841A$\^function\_.L:1#issueCommand(&lt;function&gt;:124)
	at jdk.nashorn.internal.scripts.Script$Recompilation$44618$3841A$\^function\_.L:1#issueCommand(&lt;function&gt;:124)
	at jdk.nashorn.internal.scripts.Script$Recompilation$44618$3841A$\^function\_.L:1#issueCommand(&lt;function&gt;:124)
	at jdk.nashorn.internal.scripts.Script$Recompilation$44618$3841A$\^function\_.L:1#issueCommand(&lt;function&gt;:124)
	at jdk.nashorn.internal.scripts.Script$Recompilation$44618$3841A$\^function\_.L:1#issueCommand(&lt;function&gt;:124)
	at jdk.nashorn.internal.scripts.Script$Recompilation$44618$3841A$\^function\_.L:1#issueCommand(&lt;function&gt;:124)
	at jdk.nashorn.internal.scripts.Script$Recompilation$44618$3841A$\^function\_.L:1#issueCommand(&lt;function&gt;:124)
	at jdk.nashorn.internal.scripts.Script$Recompilation$44618$3841A$\^function\_.L:1#issueCommand(&lt;function&gt;:124)
	at jdk.nashorn.internal.scripts.Script$Recompilation$44618$3841A$\^function\_.L:1#issueCommand(&lt;function&gt;:124)
	at jdk.nashorn.internal.scripts.Script$Recompilation$44618$3841A$\^function\_.L:1#issueCommand(&lt;function&gt;:124)
	at jdk.nashorn.internal.scripts.Script$Recompilation$44618$3841A$\^function\_.L:1#issueCommand(&lt;function&gt;:124)
	at jdk.nashorn.internal.scripts.Script$Recompilation$44618$3841A$\^function\_.L:1#issueCommand(&lt;function&gt;:124)
	at jdk.nashorn.internal.scripts.Script$Recompilation$44618$3841A$\^function\_.L:1#issueCommand(&lt;function&gt;:124)
	at jdk.nashorn.internal.scripts.Script$Recompilation$44618$3841A$\^function\_.L:1#issueCommand(&lt;function&gt;:124)
	at jdk.nashorn.internal.scripts.Script$Recompilation$44618$3841A$\^function\_.L:1#issueCommand(&lt;function&gt;:124)
	at jdk.nashorn.internal.scripts.Script$Recompilation$44618$3841A$\^function\_.L:1#issueCommand(&lt;function&gt;:124)
	at jdk.nashorn.internal.scripts.Script$Recompilation$44618$3841A$\^function\_.L:1#issueCommand(&lt;function&gt;:124)
	at jdk.nashorn.internal.scripts.Script$Recompilation$44618$3841A$\^function\_.L:1#issueCommand(&lt;function&gt;:124)
	at jdk.nashorn.internal.scripts.Script$Recompilation$44618$3841A$\^function\_.L:1#issueCommand(&lt;function&gt;:124)
	at jdk.nashorn.internal.scripts.Script$Recompilation$44618$3841A$\^function\_.L:1#issueCommand(&lt;function&gt;:124)
	at jdk.nashorn.internal.scripts.Script$Recompilation$44618$3841A$\^function\_.L:1#issueCommand(&lt;function&gt;:124)
	at jdk.nashorn.internal.scripts.Script$Recompilation$44618$3841A$\^function\_.L:1#issueCommand(&lt;function&gt;:124)
	at jdk.nashorn.internal.scripts.Script$Recompilation$44618$3841A$\^function\_.L:1#issueCommand(&lt;function&gt;:124)
	at jdk.nashorn.internal.scripts.Script$Recompilation$44618$3841A$\^function\_.L:1#issueCommand(&lt;function&gt;:124)
	at jdk.nashorn.internal.scripts.Script$Recompilation$44618$3841A$\^function\_.L:1#issueCommand(&lt;function&gt;:124)
	at jdk.nashorn.internal.scripts.Script$Recompilation$44618$3841A$\^function\_.L:1#issueCommand(&lt;function&gt;:124)
	at jdk.nashorn.internal.scripts.Script$Recompilation$44618$3841A$\^function\_.L:1#issueCommand(&lt;function&gt;:124)
	at jdk.nashorn.internal.scripts.Script$Recompilation$44618$3841A$\^function\_.L:1#issueCommand(&lt;function&gt;:124)
	at jdk.nashorn.internal.scripts.Script$Recompilation$44618$3841A$\^function\_.L:1#issueCommand(&lt;function&gt;:124)
	at jdk.nashorn.internal.scripts.Script$Recompilation$44618$3841A$\^function\_.L:1#issueCommand(&lt;function&gt;:124)
	at jdk.nashorn.internal.scripts.Script$Recompilation$44618$3841A$\^function\_.L:1#issueCommand(&lt;function&gt;:124)
	at jdk.nashorn.internal.scripts.Script$Recompilation$44618$3841A$\^function\_.L:1#issueCommand(&lt;function&gt;:124)

	at jdk.nashorn.internal.objects.NativeError.initException(NativeError.java:137)
	at jdk.nashorn.internal.objects.NativeError.&lt;init&gt;(NativeError.java:102)
	at jdk.nashorn.internal.objects.NativeError.&lt;init&gt;(NativeError.java:106)
	at jdk.nashorn.internal.objects.NativeError.&lt;init&gt;(NativeError.java:110)
	at jdk.nashorn.internal.objects.NativeError.constructor(NativeError.java:129)
	at jdk.nashorn.internal.scripts.Script$Recompilation$44870$76478A$require.L:1#react#invokeSpecificHandler(/home/travis/build/icyphy/ptII/ptolemy/actor/lib/jjs/external/require.js#409:30&lt;eval&gt;:1741)
	at jdk.nashorn.internal.scripts.Script$Recompilation$44869$75887A$require.L:1#react(/home/travis/build/icyphy/ptII/ptolemy/actor/lib/jjs/external/require.js#409:30&lt;eval&gt;:1769)
	at jdk.nashorn.internal.runtime.ScriptFunctionData.invoke(ScriptFunctionData.java:639)
	at jdk.nashorn.internal.runtime.ScriptFunction.invoke(ScriptFunction.java:494)
	at jdk.nashorn.internal.runtime.ScriptRuntime.apply(ScriptRuntime.java:393)
	at jdk.nashorn.api.scripting.ScriptObjectMirror.callMember(ScriptObjectMirror.java:199)
	at jdk.nashorn.api.scripting.NashornScriptEngine.invokeImpl(NashornScriptEngine.java:386)

	at ptolemy.vergil.basic.export.test.junit.ExportModelJUnitTest.RunExportModel(ExportModelJUnitTest.java:162)
	at ptolemy.vergil.basic.export.test.junit.ExportModelJUnitTestBatch.RunExportModel(ExportModelJUnitTestBatch.java:84)
	at junitparams.internal.InvokeParameterisedMethod.evaluate(InvokeParameterisedMethod.java:102)
	at junitparams.internal.ParameterisedTestMethodRunner.runMethodInvoker(ParameterisedTestMethodRunner.java:47)
	at junitparams.internal.ParameterisedTestMethodRunner.runTestMethod(ParameterisedTestMethodRunner.java:41)
	at junitparams.internal.ParameterisedTestClassRunner.runParameterisedTest(ParameterisedTestClassRunner.java:143)
	at junitparams.JUnitParamsRunner.runChild(JUnitParamsRunner.java:237)
	at junitparams.JUnitParamsRunner.runChild(JUnitParamsRunner.java:215)
</failure>
  </testcase>
  <testcase classname="ptolemy.vergil.basic.export.test.junit.ExportModelJUnitTestBatch1" name="[61] org/terraswarm/accessor/demo/SemanticRepository/SPARQLQueries.xml (RunExportModel)" time="36.401" />
  <testcase classname="ptolemy.vergil.basic.export.test.junit.ExportModelJUnitTestBatch1" name="[62] org/terraswarm/accessor/demo/SemanticRepository/SPARQLUpdates.xml (RunExportModel)" time="36.605" />
  <testcase classname="ptolemy.vergil.basic.export.test.junit.ExportModelJUnitTestBatch1" name="[63] org/terraswarm/accessor/demo/WatchHandRaisingLight/WatchHandRaisingLight.xml (RunExportModel)" time="38.249" />
  <testcase classname="ptolemy.vergil.basic.export.test.junit.ExportModelJUnitTestBatch1" name="[64] org/terraswarm/ros/demo/Ros/Ros.xml (RunExportModel)" time="3.157" />
  <testcase classname="ptolemy.vergil.basic.export.test.junit.ExportModelJUnitTestBatch1" name="[65] org/terraswarm/ros/demo/Ros/RosPublisher.xml (RunExportModel)" time="4.468" />
  <testcase classname="ptolemy.vergil.basic.export.test.junit.ExportModelJUnitTestBatch1" name="[66] org/terraswarm/ros/demo/Ros/RosSubscriber.xml (RunExportModel)" time="4.513" />
  <testcase classname="ptolemy.vergil.basic.export.test.junit.ExportModelJUnitTestBatch1" name="[67] org/terraswarm/ros/demo/Ros/ScarabArrowKeyController.xml (RunExportModel)" time="6.802" />
  <testcase classname="ptolemy.vergil.basic.export.test.junit.ExportModelJUnitTestBatch1" name="[68] org/terraswarm/ros/demo/Ros/ScarabGoalPublisher.xml (RunExportModel)" time="4.338" />
  <testcase classname="ptolemy.vergil.basic.export.test.junit.ExportModelJUnitTestBatch1" name="[69] org/terraswarm/ros/demo/Ros/ScarabHueController.xml (RunExportModel)" time="6.516" />
  <testcase classname="ptolemy.vergil.basic.export.test.junit.ExportModelJUnitTestBatch1" name="[70] ptolemy/actor/gt/demo/BouncingBallX2/BouncingBallX2.xml (RunExportModel)" time="4.61" />
  <testcase classname="ptolemy.vergil.basic.export.test.junit.ExportModelJUnitTestBatch1" name="[71] ptolemy/actor/gt/demo/ConstOptimization/ConstOptimization.xml (RunExportModel)" time="11.034" />
  <testcase classname="ptolemy.vergil.basic.export.test.junit.ExportModelJUnitTestBatch1" name="[72] ptolemy/actor/gt/demo/ConstOptimization/ConstOptimizationDDF.xml (RunExportModel)" time="11.111" />
  <testcase classname="ptolemy.vergil.basic.export.test.junit.ExportModelJUnitTestBatch1" name="[73] ptolemy/actor/gt/demo/ConstOptimization/ConstOptimizationDE.xml (RunExportModel)" time="11.953" />
  <testcase classname="ptolemy.vergil.basic.export.test.junit.ExportModelJUnitTestBatch1" name="[74] ptolemy/actor/gt/demo/DiningPhilosophers/DiningPhilosophers.xml (RunExportModel)" time="5.026" />
  <testcase classname="ptolemy.vergil.basic.export.test.junit.ExportModelJUnitTestBatch1" name="[75] ptolemy/actor/gt/demo/GameOfLife/GameOfLife.xml (RunExportModel)" time="7.265" />
  <testcase classname="ptolemy.vergil.basic.export.test.junit.ExportModelJUnitTestBatch1" name="[76] ptolemy/actor/gt/demo/HierarchyFlattening/HierarchyFlattening.xml (RunExportModel)" time="3.294" />
  <testcase classname="ptolemy.vergil.basic.export.test.junit.ExportModelJUnitTestBatch1" name="[77] ptolemy/actor/gt/demo/MapReduce/MapReduce.xml (RunExportModel)" time="5.121" />
  <testcase classname="ptolemy.vergil.basic.export.test.junit.ExportModelJUnitTestBatch1" name="[78] ptolemy/actor/gt/demo/MapReduce/MapReduceDDF.xml (RunExportModel)" time="8.852" />
  <testcase classname="ptolemy.vergil.basic.export.test.junit.ExportModelJUnitTestBatch1" name="[79] ptolemy/actor/gt/demo/ModelExecution/ModelExecution.xml (RunExportModel)" time="13.426" />
  <testcase classname="ptolemy.vergil.basic.export.test.junit.ExportModelJUnitTestBatch1" name="[80] ptolemy/actor/gt/demo/ModelGeneration/ModelGeneration.xml (RunExportModel)" time="4.464" />
  <testcase classname="ptolemy.vergil.basic.export.test.junit.ExportModelJUnitTestBatch1" name="[81] ptolemy/actor/gt/demo/ModelGeneration/ModelGenerationDE.xml (RunExportModel)" time="4.52" />
  <testcase classname="ptolemy.vergil.basic.export.test.junit.ExportModelJUnitTestBatch1" name="[82] ptolemy/actor/gt/demo/PublisherTest/PublisherTest.xml (RunExportModel)" time="3.307" />
  <testcase classname="ptolemy.vergil.basic.export.test.junit.ExportModelJUnitTestBatch1" name="[83] ptolemy/actor/gt/demo/RegressionTest/RegressionTest.xml (RunExportModel)" time="4.342" />
  <testcase classname="ptolemy.vergil.basic.export.test.junit.ExportModelJUnitTestBatch1" name="[84] ptolemy/actor/gt/demo/SinewaveOptimization/Sinewave.xml (RunExportModel)" time="4.191" />
  <testcase classname="ptolemy.vergil.basic.export.test.junit.ExportModelJUnitTestBatch1" name="[85] ptolemy/actor/gt/demo/SinewaveOptimization/SinewaveOptimization.xml (RunExportModel)" time="7.051" />
  <testcase classname="ptolemy.vergil.basic.export.test.junit.ExportModelJUnitTestBatch1" name="[86] ptolemy/actor/lib/aspect/demo/CanBus/CanBus.xml (RunExportModel)" time="4.222" />
  <testcase classname="ptolemy.vergil.basic.export.test.junit.ExportModelJUnitTestBatch1" name="[87] ptolemy/actor/lib/aspect/demo/CarTrackingAttackModeling/CarTrackingAttackModeling.xml (RunExportModel)" time="8.055" />
  <testcase classname="ptolemy.vergil.basic.export.test.junit.ExportModelJUnitTestBatch1" name="[88] ptolemy/actor/lib/aspect/demo/CompositeQM/CompositeQM.xml (RunExportModel)" time="4.256" />
  <testcase classname="ptolemy.vergil.basic.export.test.junit.ExportModelJUnitTestBatch1" name="[89] ptolemy/actor/lib/aspect/demo/DE/DE.xml (RunExportModel)" time="4.212" />
  <testcase classname="ptolemy.vergil.basic.export.test.junit.ExportModelJUnitTestBatch1" name="[90] ptolemy/actor/lib/aspect/demo/DE/DE2.xml (RunExportModel)" time="4.848" />
  <testcase classname="ptolemy.vergil.basic.export.test.junit.ExportModelJUnitTestBatch1" name="[91] ptolemy/actor/lib/aspect/demo/MonitorExecutionTimes/MonitorExecutionTimes.xml (RunExportModel)" time="4.245" />
  <testcase classname="ptolemy.vergil.basic.export.test.junit.ExportModelJUnitTestBatch1" name="[92] ptolemy/actor/lib/colt/demo/ColtRandom/ColtRandom.xml (RunExportModel)" time="4.485" />
  <testcase classname="ptolemy.vergil.basic.export.test.junit.ExportModelJUnitTestBatch1" name="[93] ptolemy/actor/lib/comm/demo/ConvolutionalCoder/ConvolutionalCoder.xml (RunExportModel)" time="4.535" />
  <testcase classname="ptolemy.vergil.basic.export.test.junit.ExportModelJUnitTestBatch1" name="[94] ptolemy/actor/lib/comm/demo/HuffmanDecoder/HuffmanDecoder.xml (RunExportModel)" time="4.302" />
  <testcase classname="ptolemy.vergil.basic.export.test.junit.ExportModelJUnitTestBatch1" name="[95] ptolemy/actor/lib/comm/demo/Scrambler/Scrambler.xml (RunExportModel)" time="4.259" />
  <testcase classname="ptolemy.vergil.basic.export.test.junit.ExportModelJUnitTestBatch1" name="[96] ptolemy/actor/lib/comm/demo/TrellisDecoder/TrellisDecoder.xml (RunExportModel)" time="4.432" />
  <testcase classname="ptolemy.vergil.basic.export.test.junit.ExportModelJUnitTestBatch1" name="[97] ptolemy/actor/lib/comm/demo/ViterbiDecoder/ViterbiDecoder.xml (RunExportModel)" time="4.326" />
  <testcase classname="ptolemy.vergil.basic.export.test.junit.ExportModelJUnitTestBatch1" name="[98] ptolemy/actor/lib/database/demo/InteractiveQuery/InteractiveQuery.xml (RunExportModel)" time="3.26" />
  <testcase classname="ptolemy.vergil.basic.export.test.junit.ExportModelJUnitTestBatch1" name="[99] ptolemy/actor/lib/fmi/demo/FMUBouncingBall/FMUBouncingBall.xml (RunExportModel)" time="4.322" />
  <testcase classname="ptolemy.vergil.basic.export.test.junit.ExportModelJUnitTestBatch1" name="[100] ptolemy/actor/lib/fmi/demo/FMULevelStairs/FMULevelStairs.xml (RunExportModel)" time="4.256" />
  <testcase classname="ptolemy.vergil.basic.export.test.junit.ExportModelJUnitTestBatch1" name="[101] ptolemy/actor/lib/fmi/demo/FMUSimulationX/FMUSimulationX.xml (RunExportModel)" time="3.312" />
  <testcase classname="ptolemy.vergil.basic.export.test.junit.ExportModelJUnitTestBatch1" name="[102] ptolemy/actor/lib/fmi/demo/FMUSimulationX/FMUSimulationXPIController.xml (RunExportModel)" time="3.481" />
  <testcase classname="ptolemy.vergil.basic.export.test.junit.ExportModelJUnitTestBatch1" name="[103] ptolemy/actor/lib/fmi/demo/FMUStairs/FMUStairs.xml (RunExportModel)" time="4.196" />
  <testcase classname="ptolemy.vergil.basic.export.test.junit.ExportModelJUnitTestBatch1" name="[104] ptolemy/actor/lib/fmi/demo/FMUTwoBallCollision/FMUTwoBallCollision.xml (RunExportModel)" time="4.436" />
  <testcase classname="ptolemy.vergil.basic.export.test.junit.ExportModelJUnitTestBatch1" name="[105] ptolemy/actor/lib/fmi/jni/demo/FourInFourOutsDymola/FourInFourOutsDymola.xml (RunExportModel)" time="3.56" />
  <testcase classname="ptolemy.vergil.basic.export.test.junit.ExportModelJUnitTestBatch1" name="[106] ptolemy/actor/lib/fmi/jni/demo/FourInFourOutsDymola/FourInFourOutsDymolaJNI.xml (RunExportModel)" time="3.376" />
  <testcase classname="ptolemy.vergil.basic.export.test.junit.ExportModelJUnitTestBatch1" name="[107] ptolemy/actor/lib/fmi/jni/demo/FourInFourOutsDymola/FourInFourOutsDymolaWindows.xml (RunExportModel)" time="3.206" />
  <testcase classname="ptolemy.vergil.basic.export.test.junit.ExportModelJUnitTestBatch1" name="[108] ptolemy/actor/lib/gem5/demo/DramThermalModel/DramThermalModel.xml (RunExportModel)" time="6.614" />
  <testcase classname="ptolemy.vergil.basic.export.test.junit.ExportModelJUnitTestBatch1" name="[109] ptolemy/actor/lib/hoc/demo/ApplyFFT/ApplyFFT.xml (RunExportModel)" time="4.471" />
  <testcase classname="ptolemy.vergil.basic.export.test.junit.ExportModelJUnitTestBatch1" name="[110] ptolemy/actor/lib/hoc/demo/Case/Case.xml (RunExportModel)" time="4.324" />
  <testcase classname="ptolemy.vergil.basic.export.test.junit.ExportModelJUnitTestBatch1" name="[111] ptolemy/actor/lib/hoc/demo/DFTSubSet/DFTSubSet.xml (RunExportModel)" time="5.501" />
  <testcase classname="ptolemy.vergil.basic.export.test.junit.ExportModelJUnitTestBatch1" name="[112] ptolemy/actor/lib/hoc/demo/HocDE/HocDE.xml (RunExportModel)" time="4.799" />
  <testcase classname="ptolemy.vergil.basic.export.test.junit.ExportModelJUnitTestBatch1" name="[113] ptolemy/actor/lib/hoc/demo/IterateOverArray/IterateOverArray.xml (RunExportModel)" time="4.883" />
  <testcase classname="ptolemy.vergil.basic.export.test.junit.ExportModelJUnitTestBatch1" name="[114] ptolemy/actor/lib/hoc/demo/MobileFunction/MobileFunction.xml (RunExportModel)" time="4.145" />
  <testcase classname="ptolemy.vergil.basic.export.test.junit.ExportModelJUnitTestBatch1" name="[115] ptolemy/actor/lib/hoc/demo/ModelReference/ModelReference.xml (RunExportModel)" time="34.243" />
  <testcase classname="ptolemy.vergil.basic.export.test.junit.ExportModelJUnitTestBatch1" name="[116] ptolemy/actor/lib/hoc/demo/ThreadedComposite/BackgroundExecution.xml (RunExportModel)" time="13.179" />
  <testcase classname="ptolemy.vergil.basic.export.test.junit.ExportModelJUnitTestBatch1" name="[117] ptolemy/actor/lib/hoc/demo/ThreadedComposite/ConcurrentChat.xml (RunExportModel)" time="3.255" />
  <testcase classname="ptolemy.vergil.basic.export.test.junit.ExportModelJUnitTestBatch1" name="[118] ptolemy/actor/lib/hoc/demo/ThreadedComposite/MulticoreExecution.xml (RunExportModel)" time="14.228" />
  <testcase classname="ptolemy.vergil.basic.export.test.junit.ExportModelJUnitTestBatch1" name="[119] ptolemy/actor/lib/hoc/demo/ThreadedComposite/ParallelExecution.xml (RunExportModel)" time="13.173" />
  <testcase classname="ptolemy.vergil.basic.export.test.junit.ExportModelJUnitTestBatch1" name="[120] ptolemy/actor/lib/hoc/demo/ThreadedComposite/SpontaneousSources.xml (RunExportModel)" time="3.176" />
  <testcase classname="ptolemy.vergil.basic.export.test.junit.ExportModelJUnitTestBatch1" name="[121] ptolemy/actor/lib/hoc/demo/ThreadedComposite/ThreadedComposite.xml (RunExportModel)" time="3.121" />
  <testcase classname="ptolemy.vergil.basic.export.test.junit.ExportModelJUnitTestBatch1" name="[122] ptolemy/actor/lib/io/comm/demo/SerialConsole/SerialConsole.xml (RunExportModel)" time="3.163" />
  <testcase classname="ptolemy.vergil.basic.export.test.junit.ExportModelJUnitTestBatch1" name="[123] ptolemy/actor/lib/io/comm/demo/SerialPort/SerialPort.xml (RunExportModel)" time="3.12" />
  <testcase classname="ptolemy.vergil.basic.export.test.junit.ExportModelJUnitTestBatch1" name="[124] ptolemy/actor/lib/io/comm/demo/XBee/XBee.xml (RunExportModel)" time="3.153" />
  <testcase classname="ptolemy.vergil.basic.export.test.junit.ExportModelJUnitTestBatch1" name="[125] ptolemy/actor/lib/io/demo/AppendToFile/AppendToFile.xml (RunExportModel)" time="3.142" />
  <testcase classname="ptolemy.vergil.basic.export.test.junit.ExportModelJUnitTestBatch1" name="[126] ptolemy/actor/lib/io/demo/CopyFile/CopyFile.xml (RunExportModel)" time="3.215" />
  <testcase classname="ptolemy.vergil.basic.export.test.junit.ExportModelJUnitTestBatch1" name="[127] ptolemy/actor/lib/io/demo/FilePortParameter/FilePortParameter.xml (RunExportModel)" time="3.175" />
  <testcase classname="ptolemy.vergil.basic.export.test.junit.ExportModelJUnitTestBatch1" name="[128] ptolemy/actor/lib/io/demo/ReadExpressionsCommandLine/ReadExpressionsCommandLine.xml (RunExportModel)" time="3.121" />
  <testcase classname="ptolemy.vergil.basic.export.test.junit.ExportModelJUnitTestBatch1" name="[129] ptolemy/actor/lib/io/demo/ReadStdIn/ReadStdIn.xml (RunExportModel)" time="3.139" />
  <testcase classname="ptolemy.vergil.basic.export.test.junit.ExportModelJUnitTestBatch1" name="[130] ptolemy/actor/lib/jai/demo/AdaptiveMedian/AdaptiveMedian.xml (RunExportModel)" time="5.482" />
  <testcase classname="ptolemy.vergil.basic.export.test.junit.ExportModelJUnitTestBatch1" name="[131] ptolemy/actor/lib/jai/demo/ImageReconstruction/ImageReconstruction.xml (RunExportModel)" time="4.25" />
  <testcase classname="ptolemy.vergil.basic.export.test.junit.ExportModelJUnitTestBatch1" name="[132] ptolemy/actor/lib/jai/demo/VQSequenceDisplay/VQSequenceDisplay.xml (RunExportModel)" time="4.814" />
  <testcase classname="ptolemy.vergil.basic.export.test.junit.ExportModelJUnitTestBatch1" name="[133] ptolemy/actor/lib/javasound/demo/KarplusStrong/KarplusStrong.xml (RunExportModel)" time="3.184" />
  <testcase classname="ptolemy.vergil.basic.export.test.junit.ExportModelJUnitTestBatch1" name="[134] ptolemy/actor/lib/jjs/demo/Factorial/Factorial.xml (RunExportModel)" time="12.621" />
  <testcase classname="ptolemy.vergil.basic.export.test.junit.ExportModelJUnitTestBatch1" name="[135] ptolemy/actor/lib/jjs/demo/JavaScriptShell/JavaScriptShell.xml (RunExportModel)" time="9.178" />
  <testcase classname="ptolemy.vergil.basic.export.test.junit.ExportModelJUnitTestBatch1" name="[136] ptolemy/actor/lib/jjs/demo/ModelBuilder/ModelBuilder.xml (RunExportModel)" time="14.908" />
  <testcase classname="ptolemy.vergil.basic.export.test.junit.ExportModelJUnitTestBatch1" name="[137] ptolemy/actor/lib/jjs/modules/aprilTags/demo/AprilTags/AprilTags.xml (RunExportModel)" time="41.419" />
  <testcase classname="ptolemy.vergil.basic.export.test.junit.ExportModelJUnitTestBatch1" name="[138] ptolemy/actor/lib/jjs/modules/aprilTags/demo/Kubi/Kubi.xml (RunExportModel)" time="47.212" />
  <testcase classname="ptolemy.vergil.basic.export.test.junit.ExportModelJUnitTestBatch1" name="[139] ptolemy/actor/lib/jjs/modules/audio/demo/Audio/Audio.xml (RunExportModel)" time="8.126" />
  <testcase classname="ptolemy.vergil.basic.export.test.junit.ExportModelJUnitTestBatch1" name="[140] ptolemy/actor/lib/jjs/modules/audio/demo/Audio/AudioCapture.xml (RunExportModel)" time="10.059" />
  <testcase classname="ptolemy.vergil.basic.export.test.junit.ExportModelJUnitTestBatch1" name="[141] ptolemy/actor/lib/jjs/modules/audio/demo/Audio/AudioClipPlayer.xml (RunExportModel)" time="9.377" />
  <testcase classname="ptolemy.vergil.basic.export.test.junit.ExportModelJUnitTestBatch1" name="[142] ptolemy/actor/lib/jjs/modules/audio/demo/Audio/AudioRecorder.xml (RunExportModel)" time="11.594" />
  <testcase classname="ptolemy.vergil.basic.export.test.junit.ExportModelJUnitTestBatch1" name="[143] ptolemy/actor/lib/jjs/modules/audio/demo/Audio/AudioSynthesis.xml (RunExportModel)" time="13.047" />
  <testcase classname="ptolemy.vergil.basic.export.test.junit.ExportModelJUnitTestBatch1" name="[144] ptolemy/actor/lib/jjs/modules/audio/demo/Audio/SpeechSynthesis.xml (RunExportModel)" time="44.867" />
  <testcase classname="ptolemy.vergil.basic.export.test.junit.ExportModelJUnitTestBatch1" name="[145] ptolemy/actor/lib/jjs/modules/cameras/demo/Camera/Camera.xml (RunExportModel)" time="39.119" />
  <testcase classname="ptolemy.vergil.basic.export.test.junit.ExportModelJUnitTestBatch1" name="[146] ptolemy/actor/lib/jjs/modules/cameras/demo/Camera/CaptureOpenLoop.xml (RunExportModel)" time="36.342" />
  <testcase classname="ptolemy.vergil.basic.export.test.junit.ExportModelJUnitTestBatch1" name="[147] ptolemy/actor/lib/jjs/modules/cameras/demo/CameraWebSocket/CameraWebSocket.xml (RunExportModel)" time="44.528" />
  <testcase classname="ptolemy.vergil.basic.export.test.junit.ExportModelJUnitTestBatch1" name="[148] ptolemy/actor/lib/jjs/modules/cameras/demo/Foscam/Foscam.xml (RunExportModel)" time="40.71" />
  <testcase classname="ptolemy.vergil.basic.export.test.junit.ExportModelJUnitTestBatch1" name="[149] ptolemy/actor/lib/jjs/modules/computerVision/demo/ComputerVision/ComputerVision.xml (RunExportModel)" time="57.83" />
  <system-out><![CDATA[ExportModeJUnitTestBatch: There are 737 demos. Exporting demos: 1 to 150.
####### 1 Fri Jan 25 03:31:01 UTC 2019 $PTII/bin/ptinvoke ptolemy.vergil.basic.export.ExportModel -force htm  -openComposites -timeOut 30000 -whiteBackground lbnl/demo/MatlabRoom/MatlabRoom.xml $PTII/lbnl/demo/MatlabRoom/MatlabRoom
Warning: not running lbnl/demo/MatlabRoom/MatlabRoom.xml. See ptolemy/vergil/basic/export/test/junit/ExportModelJUnitTest.java
Exported /home/travis/build/icyphy/ptII/lbnl/demo/MatlabRoom/MatlabRoom/index.html
6572 ms. Memory: 152576K Free: 60892K (40%)
####### 2 Fri Jan 25 03:31:07 UTC 2019 $PTII/bin/ptinvoke ptolemy.vergil.basic.export.ExportModel -force htm  -openComposites -timeOut 30000 -whiteBackground lbnl/demo/SystemCommand/SystemCommand.xml $PTII/lbnl/demo/SystemCommand/SystemCommand
Warning: not running lbnl/demo/SystemCommand/SystemCommand.xml. See ptolemy/vergil/basic/export/test/junit/ExportModelJUnitTest.java
Exported /home/travis/build/icyphy/ptII/lbnl/demo/SystemCommand/SystemCommand/index.html
3830 ms. Memory: 207872K Free: 112421K (54%)
####### 3 Fri Jan 25 03:31:11 UTC 2019 $PTII/bin/ptinvoke ptolemy.vergil.basic.export.ExportModel -force htm  -openComposites -timeOut 30000 -whiteBackground org/hlacerti/demo/Billard/2Billes1Fed/2Billes1Fed.xml $PTII/org/hlacerti/demo/Billard/2Billes1Fed/2Billes1Fed
Warning: not running org/hlacerti/demo/Billard/2Billes1Fed/2Billes1Fed.xml. See ptolemy/vergil/basic/export/test/junit/ExportModelJUnitTest.java
----------------- Fri Jan 25 03:31:11 UTC 2019 About to sleep for 5.0 seconds before running or rerunning.  Test is: /home/travis/build/icyphy/ptII/org/hlacerti/demo/Billard/2Billes1Fed/2Billes1Fed.xml
Done sleeping
Exported /home/travis/build/icyphy/ptII/org/hlacerti/demo/Billard/2Billes1Fed/2Billes1Fed/index.html
3358 ms. Memory: 208384K Free: 131432K (63%)
####### 4 Fri Jan 25 03:31:19 UTC 2019 $PTII/bin/ptinvoke ptolemy.vergil.basic.export.ExportModel -force htm  -openComposites -timeOut 30000 -whiteBackground org/hlacerti/demo/Billard/2Billes1Fed/PoolTable2.xml $PTII/org/hlacerti/demo/Billard/2Billes1Fed/PoolTable2
Warning: not running org/hlacerti/demo/Billard/2Billes1Fed/PoolTable2.xml. See ptolemy/vergil/basic/export/test/junit/ExportModelJUnitTest.java
----------------- Fri Jan 25 03:31:19 UTC 2019 About to sleep for 5.0 seconds before running or rerunning.  Test is: /home/travis/build/icyphy/ptII/org/hlacerti/demo/Billard/2Billes1Fed/PoolTable2.xml
Done sleeping
Exported /home/travis/build/icyphy/ptII/org/hlacerti/demo/Billard/2Billes1Fed/PoolTable2/index.html
3453 ms. Memory: 244736K Free: 149629K (61%)
####### 5 Fri Jan 25 03:31:28 UTC 2019 $PTII/bin/ptinvoke ptolemy.vergil.basic.export.ExportModel -force htm  -openComposites -timeOut 30000 -whiteBackground org/hlacerti/demo/Billard/2Billes1Fed/TwoBilliardBalls.xml $PTII/org/hlacerti/demo/Billard/2Billes1Fed/TwoBilliardBalls
Warning: not running org/hlacerti/demo/Billard/2Billes1Fed/TwoBilliardBalls.xml. See ptolemy/vergil/basic/export/test/junit/ExportModelJUnitTest.java
----------------- Fri Jan 25 03:31:28 UTC 2019 About to sleep for 5.0 seconds before running or rerunning.  Test is: /home/travis/build/icyphy/ptII/org/hlacerti/demo/Billard/2Billes1Fed/TwoBilliardBalls.xml
Done sleeping
Exported /home/travis/build/icyphy/ptII/org/hlacerti/demo/Billard/2Billes1Fed/TwoBilliardBalls/index.html
3781 ms. Memory: 248832K Free: 40053K (16%)
####### 6 Fri Jan 25 03:31:37 UTC 2019 $PTII/bin/ptinvoke ptolemy.vergil.basic.export.ExportModel -force htm  -openComposites -timeOut 30000 -whiteBackground org/hlacerti/demo/Billard/2Billes2Fed/2Billes2Fed.xml $PTII/org/hlacerti/demo/Billard/2Billes2Fed/2Billes2Fed
Warning: not running org/hlacerti/demo/Billard/2Billes2Fed/2Billes2Fed.xml. See ptolemy/vergil/basic/export/test/junit/ExportModelJUnitTest.java
----------------- Fri Jan 25 03:31:37 UTC 2019 About to sleep for 5.0 seconds before running or rerunning.  Test is: /home/travis/build/icyphy/ptII/org/hlacerti/demo/Billard/2Billes2Fed/2Billes2Fed.xml
Done sleeping
Exported /home/travis/build/icyphy/ptII/org/hlacerti/demo/Billard/2Billes2Fed/2Billes2Fed/index.html
3255 ms. Memory: 284672K Free: 131961K (46%)
####### 7 Fri Jan 25 03:31:45 UTC 2019 $PTII/bin/ptinvoke ptolemy.vergil.basic.export.ExportModel -force htm  -openComposites -timeOut 30000 -whiteBackground org/hlacerti/demo/Billard/2Billes2Fed/BillardBall1.xml $PTII/org/hlacerti/demo/Billard/2Billes2Fed/BillardBall1
Warning: not running org/hlacerti/demo/Billard/2Billes2Fed/BillardBall1.xml. See ptolemy/vergil/basic/export/test/junit/ExportModelJUnitTest.java
----------------- Fri Jan 25 03:31:45 UTC 2019 About to sleep for 5.0 seconds before running or rerunning.  Test is: /home/travis/build/icyphy/ptII/org/hlacerti/demo/Billard/2Billes2Fed/BillardBall1.xml
Done sleeping
Exported /home/travis/build/icyphy/ptII/org/hlacerti/demo/Billard/2Billes2Fed/BillardBall1/index.html
3307 ms. Memory: 286720K Free: 148853K (52%)
####### 8 Fri Jan 25 03:31:53 UTC 2019 $PTII/bin/ptinvoke ptolemy.vergil.basic.export.ExportModel -force htm  -openComposites -timeOut 30000 -whiteBackground org/hlacerti/demo/Billard/2Billes2Fed/BillardBall2.xml $PTII/org/hlacerti/demo/Billard/2Billes2Fed/BillardBall2
Warning: not running org/hlacerti/demo/Billard/2Billes2Fed/BillardBall2.xml. See ptolemy/vergil/basic/export/test/junit/ExportModelJUnitTest.java
----------------- Fri Jan 25 03:31:53 UTC 2019 About to sleep for 5.0 seconds before running or rerunning.  Test is: /home/travis/build/icyphy/ptII/org/hlacerti/demo/Billard/2Billes2Fed/BillardBall2.xml
Done sleeping
Exported /home/travis/build/icyphy/ptII/org/hlacerti/demo/Billard/2Billes2Fed/BillardBall2/index.html
3337 ms. Memory: 324096K Free: 199720K (62%)
####### 9 Fri Jan 25 03:32:02 UTC 2019 $PTII/bin/ptinvoke ptolemy.vergil.basic.export.ExportModel -force htm  -openComposites -timeOut 30000 -whiteBackground org/hlacerti/demo/Billard/2Billes2Fed/BillardTable.xml $PTII/org/hlacerti/demo/Billard/2Billes2Fed/BillardTable
Warning: not running org/hlacerti/demo/Billard/2Billes2Fed/BillardTable.xml. See ptolemy/vergil/basic/export/test/junit/ExportModelJUnitTest.java
----------------- Fri Jan 25 03:32:02 UTC 2019 About to sleep for 5.0 seconds before running or rerunning.  Test is: /home/travis/build/icyphy/ptII/org/hlacerti/demo/Billard/2Billes2Fed/BillardTable.xml
Done sleeping
Exported /home/travis/build/icyphy/ptII/org/hlacerti/demo/Billard/2Billes2Fed/BillardTable/index.html
3264 ms. Memory: 324096K Free: 33825K (10%)
####### 10 Fri Jan 25 03:32:10 UTC 2019 $PTII/bin/ptinvoke ptolemy.vergil.basic.export.ExportModel -force htm  -openComposites -timeOut 30000 -whiteBackground org/hlacerti/demo/Billard/Billard.xml $PTII/org/hlacerti/demo/Billard/Billard
Warning: not running org/hlacerti/demo/Billard/Billard.xml. See ptolemy/vergil/basic/export/test/junit/ExportModelJUnitTest.java
----------------- Fri Jan 25 03:32:10 UTC 2019 About to sleep for 5.0 seconds before running or rerunning.  Test is: /home/travis/build/icyphy/ptII/org/hlacerti/demo/Billard/Billard.xml
Done sleeping
Exported /home/travis/build/icyphy/ptII/org/hlacerti/demo/Billard/Billard/index.html
3177 ms. Memory: 325120K Free: 179830K (55%)
####### 11 Fri Jan 25 03:32:18 UTC 2019 $PTII/bin/ptinvoke ptolemy.vergil.basic.export.ExportModel -force htm  -openComposites -timeOut 30000 -whiteBackground org/hlacerti/demo/f14HLA/f14HLA.xml $PTII/org/hlacerti/demo/f14HLA/f14HLA
Warning: not running org/hlacerti/demo/f14HLA/f14HLA.xml. See ptolemy/vergil/basic/export/test/junit/ExportModelJUnitTest.java
----------------- Fri Jan 25 03:32:18 UTC 2019 About to sleep for 5.0 seconds before running or rerunning.  Test is: /home/travis/build/icyphy/ptII/org/hlacerti/demo/f14HLA/f14HLA.xml
Done sleeping
Exported /home/travis/build/icyphy/ptII/org/hlacerti/demo/f14HLA/f14HLA/index.html
3187 ms. Memory: 325120K Free: 60698K (19%)
####### 12 Fri Jan 25 03:32:26 UTC 2019 $PTII/bin/ptinvoke ptolemy.vergil.basic.export.ExportModel -force htm  -openComposites -timeOut 30000 -whiteBackground org/hlacerti/demo/IntegrationTests/IntegrationTests.xml $PTII/org/hlacerti/demo/IntegrationTests/IntegrationTests
Warning: not running org/hlacerti/demo/IntegrationTests/IntegrationTests.xml. See ptolemy/vergil/basic/export/test/junit/ExportModelJUnitTest.java
----------------- Fri Jan 25 03:32:26 UTC 2019 About to sleep for 5.0 seconds before running or rerunning.  Test is: /home/travis/build/icyphy/ptII/org/hlacerti/demo/IntegrationTests/IntegrationTests.xml
Done sleeping
Exported /home/travis/build/icyphy/ptII/org/hlacerti/demo/IntegrationTests/IntegrationTests/index.html
3201 ms. Memory: 313344K Free: 197185K (63%)
####### 13 Fri Jan 25 03:32:34 UTC 2019 $PTII/bin/ptinvoke ptolemy.vergil.basic.export.ExportModel -force htm  -openComposites -timeOut 30000 -whiteBackground org/hlacerti/demo/IntegrationTests/TimeAdvancing1Federate/TimeAdvancing1Federate.xml $PTII/org/hlacerti/demo/IntegrationTests/TimeAdvancing1Federate/TimeAdvancing1Federate
Warning: not running org/hlacerti/demo/IntegrationTests/TimeAdvancing1Federate/TimeAdvancing1Federate.xml. See ptolemy/vergil/basic/export/test/junit/ExportModelJUnitTest.java
----------------- Fri Jan 25 03:32:34 UTC 2019 About to sleep for 5.0 seconds before running or rerunning.  Test is: /home/travis/build/icyphy/ptII/org/hlacerti/demo/IntegrationTests/TimeAdvancing1Federate/TimeAdvancing1Federate.xml
Done sleeping
Exported /home/travis/build/icyphy/ptII/org/hlacerti/demo/IntegrationTests/TimeAdvancing1Federate/TimeAdvancing1Federate/index.html
3197 ms. Memory: 313344K Free: 55626K (18%)
####### 14 Fri Jan 25 03:32:43 UTC 2019 $PTII/bin/ptinvoke ptolemy.vergil.basic.export.ExportModel -force htm  -openComposites -timeOut 30000 -whiteBackground org/hlacerti/demo/IntegrationTests/TimeAdvancing2Federates/TimeAdvancing2Federates.xml $PTII/org/hlacerti/demo/IntegrationTests/TimeAdvancing2Federates/TimeAdvancing2Federates
Warning: not running org/hlacerti/demo/IntegrationTests/TimeAdvancing2Federates/TimeAdvancing2Federates.xml. See ptolemy/vergil/basic/export/test/junit/ExportModelJUnitTest.java
----------------- Fri Jan 25 03:32:43 UTC 2019 About to sleep for 5.0 seconds before running or rerunning.  Test is: /home/travis/build/icyphy/ptII/org/hlacerti/demo/IntegrationTests/TimeAdvancing2Federates/TimeAdvancing2Federates.xml
Done sleeping
Exported /home/travis/build/icyphy/ptII/org/hlacerti/demo/IntegrationTests/TimeAdvancing2Federates/TimeAdvancing2Federates/index.html
3316 ms. Memory: 302592K Free: 119018K (39%)
####### 15 Fri Jan 25 03:32:51 UTC 2019 $PTII/bin/ptinvoke ptolemy.vergil.basic.export.ExportModel -force htm  -openComposites -timeOut 30000 -whiteBackground org/hlacerti/demo/IntegrationTests/TimeAdvancing2FederatesIntervalEvents/TimeAdvancing2FederatesIntervalEvents.xml $PTII/org/hlacerti/demo/IntegrationTests/TimeAdvancing2FederatesIntervalEvents/TimeAdvancing2FederatesIntervalEvents
Warning: not running org/hlacerti/demo/IntegrationTests/TimeAdvancing2FederatesIntervalEvents/TimeAdvancing2FederatesIntervalEvents.xml. See ptolemy/vergil/basic/export/test/junit/ExportModelJUnitTest.java
----------------- Fri Jan 25 03:32:51 UTC 2019 About to sleep for 5.0 seconds before running or rerunning.  Test is: /home/travis/build/icyphy/ptII/org/hlacerti/demo/IntegrationTests/TimeAdvancing2FederatesIntervalEvents/TimeAdvancing2FederatesIntervalEvents.xml
Done sleeping
Exported /home/travis/build/icyphy/ptII/org/hlacerti/demo/IntegrationTests/TimeAdvancing2FederatesIntervalEvents/TimeAdvancing2FederatesIntervalEvents/index.html
3238 ms. Memory: 286208K Free: 162938K (57%)
####### 16 Fri Jan 25 03:32:59 UTC 2019 $PTII/bin/ptinvoke ptolemy.vergil.basic.export.ExportModel -force htm  -openComposites -timeOut 30000 -whiteBackground org/hlacerti/demo/SynchronizeToRealTime/SynchronizeToRealTime.xml $PTII/org/hlacerti/demo/SynchronizeToRealTime/SynchronizeToRealTime
Warning: not running org/hlacerti/demo/SynchronizeToRealTime/SynchronizeToRealTime.xml. See ptolemy/vergil/basic/export/test/junit/ExportModelJUnitTest.java
----------------- Fri Jan 25 03:32:59 UTC 2019 About to sleep for 5.0 seconds before running or rerunning.  Test is: /home/travis/build/icyphy/ptII/org/hlacerti/demo/SynchronizeToRealTime/SynchronizeToRealTime.xml
Done sleeping
Exported /home/travis/build/icyphy/ptII/org/hlacerti/demo/SynchronizeToRealTime/SynchronizeToRealTime/index.html
3303 ms. Memory: 280064K Free: 152124K (54%)
####### 17 Fri Jan 25 03:33:08 UTC 2019 $PTII/bin/ptinvoke ptolemy.vergil.basic.export.ExportModel -force htm -run -openComposites -timeOut 30000 -whiteBackground org/ptolemy/machineImprovisation/demo/JazzImprovisation/JazzImprovisation.xml $PTII/org/ptolemy/machineImprovisation/demo/JazzImprovisation/JazzImprovisation
Running .JazzImprovisation
18832 ms. Memory: 1225728K Free: 678992K (55%)
Exported /home/travis/build/icyphy/ptII/org/ptolemy/machineImprovisation/demo/JazzImprovisation/JazzImprovisation/index.html
24179 ms. Memory: 1265152K Free: 1109869K (88%)
####### 18 Fri Jan 25 03:33:32 UTC 2019 $PTII/bin/ptinvoke ptolemy.vergil.basic.export.ExportModel -force htm -run -openComposites -timeOut 30000 -whiteBackground org/ptolemy/machineLearning/clustering/demo/KMeans/KMeans.xml $PTII/org/ptolemy/machineLearning/clustering/demo/KMeans/KMeans
Running .KMeans
K-Means Converged in 3 iterations.
126 ms. Memory: 1265152K Free: 889152K (70%)
Exported /home/travis/build/icyphy/ptII/org/ptolemy/machineLearning/clustering/demo/KMeans/KMeans/index.html
4578 ms. Memory: 1265152K Free: 728316K (58%)
####### 19 Fri Jan 25 03:33:36 UTC 2019 $PTII/bin/ptinvoke ptolemy.vergil.basic.export.ExportModel -force htm -run -openComposites -timeOut 30000 -whiteBackground org/ptolemy/machineLearning/hmm/demo/CommunicationAnomalyDetectionAOM/CommunicationAnomalyDetectionAOM.xml $PTII/org/ptolemy/machineLearning/hmm/demo/CommunicationAnomalyDetectionAOM/CommunicationAnomalyDetectionAOM
Running .CommunicationAnomalyDetectionAOM
4.615881180138025
157.833786836576
214.20898015473324
248.75498058544176
251.38928953536805
250.6348980938646
249.05635143155396
246.23047041981167
242.42025898393976
240.08772347020525
=======
-0.041152367878259266
133.1770220954178
187.59223379029027
226.7585585598661
237.88628475915996
237.78836716408796
237.79149550715874
237.46073028748077
236.82277917893063
236.92440517025338
=======
6.8495424544592245
136.87511041223758
165.3814947244537
185.5665008404269
187.06263660267268
197.40905364920536
196.5973010610337
201.9027246751013
211.5162181307359
221.01615724959674
=======
27.856132635805956
171.67215769104496
215.69481568558845
258.5285582070612
295.93943212713276
291.1265953464812
282.81636746803474
283.66137991908613
272.5932672753702
266.2192163751729
=======
7.738165331029082
141.70619375961448
138.33062322474476
139.9176382373443
145.4325663562884
148.75673528350916
169.4222274895225
181.90450329012066
190.75228243791327
199.03941729171737
=======
-2.8887880255665888
143.77829685051142
152.2842704384268
153.8051643844451
157.7241364090387
161.24107534785657
165.5347919202087
168.72996092868362
172.25860481716774
174.903419200928
=======
ExportHTMLTimer went off after 30000 ms., calling getDirector().finish and getDirector().stopFire()
30006 ms. Memory: 1821184K Free: 971819K (53%)
Exported /home/travis/build/icyphy/ptII/org/ptolemy/machineLearning/hmm/demo/CommunicationAnomalyDetectionAOM/CommunicationAnomalyDetectionAOM/index.html
38660 ms. Memory: 1822720K Free: 1284504K (70%)
####### 20 Fri Jan 25 03:34:15 UTC 2019 $PTII/bin/ptinvoke ptolemy.vergil.basic.export.ExportModel -force htm -run -openComposites -timeOut 30000 -whiteBackground org/ptolemy/machineLearning/hmm/demo/CommunicationAnomalyDetectionCQM/CommunicationAnomalyDetectionCQM.xml $PTII/org/ptolemy/machineLearning/hmm/demo/CommunicationAnomalyDetectionCQM/CommunicationAnomalyDetectionCQM
Running .CommunicationAnomalyDetectionCQM
17.590681292171507
173.55843681320718
170.88831121899932
162.5970839395966
167.32565211806192
189.79280891399836
219.21462867310763
229.1841704946391
239.85338222857132
242.3379176004035
=======
15.430836000244009
128.74400037870495
=======
8541 ms. Memory: 1826816K Free: 1279817K (70%)
Exported /home/travis/build/icyphy/ptII/org/ptolemy/machineLearning/hmm/demo/CommunicationAnomalyDetectionCQM/CommunicationAnomalyDetectionCQM/index.html
14665 ms. Memory: 1826816K Free: 471690K (26%)
####### 21 Fri Jan 25 03:34:30 UTC 2019 $PTII/bin/ptinvoke ptolemy.vergil.basic.export.ExportModel -force htm -run -openComposites -timeOut 30000 -whiteBackground org/ptolemy/machineLearning/particleFilter/demo/MultiRobotIntruderTracking/MultiRobotIntruderTracking.xml $PTII/org/ptolemy/machineLearning/particleFilter/demo/MultiRobotIntruderTracking/MultiRobotIntruderTracking
Running .MultiRobotIntruderTracking
ExportHTMLTimer went off after 30000 ms., calling getDirector().finish and getDirector().stopFire()
30048 ms. Memory: 1785344K Free: 478176K (27%)
Exported /home/travis/build/icyphy/ptII/org/ptolemy/machineLearning/particleFilter/demo/MultiRobotIntruderTracking/MultiRobotIntruderTracking/index.html
39448 ms. Memory: 1804800K Free: 991274K (55%)
####### 22 Fri Jan 25 03:35:09 UTC 2019 $PTII/bin/ptinvoke ptolemy.vergil.basic.export.ExportModel -force htm -run -openComposites -timeOut 30000 -whiteBackground org/ptolemy/machineLearning/particleFilter/demo/OnlineTrajectoryOptimization/DistributedOnlineTrajectoryOptimization.xml $PTII/org/ptolemy/machineLearning/particleFilter/demo/OnlineTrajectoryOptimization/DistributedOnlineTrajectoryOptimization
Running .DistributedOnlineTrajectoryOptimization
ExportHTMLTimer went off after 30000 ms., calling getDirector().finish and getDirector().stopFire()
30183 ms. Memory: 1780736K Free: 141723K (8%)
Exported /home/travis/build/icyphy/ptII/org/ptolemy/machineLearning/particleFilter/demo/OnlineTrajectoryOptimization/DistributedOnlineTrajectoryOptimization/index.html
39580 ms. Memory: 1771520K Free: 624138K (35%)
####### 23 Fri Jan 25 03:35:49 UTC 2019 $PTII/bin/ptinvoke ptolemy.vergil.basic.export.ExportModel -force htm -run -openComposites -timeOut 30000 -whiteBackground org/ptolemy/machineLearning/particleFilter/demo/OnlineTrajectoryOptimization/OnlineTrajectoryOptimization.xml $PTII/org/ptolemy/machineLearning/particleFilter/demo/OnlineTrajectoryOptimization/OnlineTrajectoryOptimization
Running .OnlineTrajectoryOptimization
ExportHTMLTimer went off after 30000 ms., calling getDirector().finish and getDirector().stopFire()
30089 ms. Memory: 1780224K Free: 665685K (37%)
Exported /home/travis/build/icyphy/ptII/org/ptolemy/machineLearning/particleFilter/demo/OnlineTrajectoryOptimization/OnlineTrajectoryOptimization/index.html
37712 ms. Memory: 1780736K Free: 993331K (56%)
####### 24 Fri Jan 25 03:36:26 UTC 2019 $PTII/bin/ptinvoke ptolemy.vergil.basic.export.ExportModel -force htm -run -openComposites -timeOut 30000 -whiteBackground org/ptolemy/machineLearning/particleFilter/demo/OpenLoopSingleRobotTargetLocalization/OpenLoopSingleRobotTargetLocalization.xml $PTII/org/ptolemy/machineLearning/particleFilter/demo/OpenLoopSingleRobotTargetLocalization/OpenLoopSingleRobotTargetLocalization
Running .OpenLoopSingleRobotTargetLocalization
8047 ms. Memory: 1705984K Free: 1221975K (72%)
Exported /home/travis/build/icyphy/ptII/org/ptolemy/machineLearning/particleFilter/demo/OpenLoopSingleRobotTargetLocalization/OpenLoopSingleRobotTargetLocalization/index.html
12395 ms. Memory: 1705984K Free: 997006K (58%)
####### 25 Fri Jan 25 03:36:39 UTC 2019 $PTII/bin/ptinvoke ptolemy.vergil.basic.export.ExportModel -force htm -run -openComposites -timeOut 30000 -whiteBackground org/ptolemy/machineLearning/particleFilter/demo/OpenLoopTwoRobotTargetLocalization/JointParticleFilter.xml $PTII/org/ptolemy/machineLearning/particleFilter/demo/OpenLoopTwoRobotTargetLocalization/JointParticleFilter
Running .JointParticleFilter
2706 ms. Memory: 1776640K Free: 1546337K (87%)
Exported /home/travis/build/icyphy/ptII/org/ptolemy/machineLearning/particleFilter/demo/OpenLoopTwoRobotTargetLocalization/JointParticleFilter/index.html
7801 ms. Memory: 1776640K Free: 933562K (53%)
####### 26 Fri Jan 25 03:36:47 UTC 2019 $PTII/bin/ptinvoke ptolemy.vergil.basic.export.ExportModel -force htm -run -openComposites -timeOut 30000 -whiteBackground org/ptolemy/machineLearning/particleFilter/demo/OpenLoopTwoRobotTargetLocalization/OpenLoopTwoRobotTargetLocalization.xml $PTII/org/ptolemy/machineLearning/particleFilter/demo/OpenLoopTwoRobotTargetLocalization/OpenLoopTwoRobotTargetLocalization
Running .OpenLoopTwoRobotTargetLocalization
ExportHTMLTimer went off after 30000 ms., calling getDirector().finish and getDirector().stopFire()
30245 ms. Memory: 1876992K Free: 1543307K (82%)
Exported /home/travis/build/icyphy/ptII/org/ptolemy/machineLearning/particleFilter/demo/OpenLoopTwoRobotTargetLocalization/OpenLoopTwoRobotTargetLocalization/index.html
35234 ms. Memory: 1876992K Free: 1054032K (56%)
####### 27 Fri Jan 25 03:37:22 UTC 2019 $PTII/bin/ptinvoke ptolemy.vergil.basic.export.ExportModel -force htm -run -openComposites -timeOut 30000 -whiteBackground org/ptolemy/machineLearning/particleFilter/demo/ParticleFilterRange/ParticleFilterRange.xml $PTII/org/ptolemy/machineLearning/particleFilter/demo/ParticleFilterRange/ParticleFilterRange
Running .ParticleFilterRange
10119 ms. Memory: 1803264K Free: 1586701K (88%)
Exported /home/travis/build/icyphy/ptII/org/ptolemy/machineLearning/particleFilter/demo/ParticleFilterRange/ParticleFilterRange/index.html
14524 ms. Memory: 1803264K Free: 1297493K (72%)
####### 28 Fri Jan 25 03:37:36 UTC 2019 $PTII/bin/ptinvoke ptolemy.vergil.basic.export.ExportModel -force htm -run -openComposites -timeOut 30000 -whiteBackground org/ptolemy/optimization/demo/LeastSquaresNodeLocalization/LeastSquaresNodeLocalization.xml $PTII/org/ptolemy/optimization/demo/LeastSquaresNodeLocalization/LeastSquaresNodeLocalization
Running .LeastSquaresNodeLocalization
454 ms. Memory: 1803264K Free: 903773K (50%)
Exported /home/travis/build/icyphy/ptII/org/ptolemy/optimization/demo/LeastSquaresNodeLocalization/LeastSquaresNodeLocalization/index.html
4856 ms. Memory: 1803264K Free: 737258K (41%)
####### 29 Fri Jan 25 03:37:41 UTC 2019 $PTII/bin/ptinvoke ptolemy.vergil.basic.export.ExportModel -force htm -run -openComposites -timeOut 30000 -whiteBackground org/ptolemy/optimization/demo/LinearRegression/LinearRegression.xml $PTII/org/ptolemy/optimization/demo/LinearRegression/LinearRegression
Running .LinearRegression
2324 ms. Memory: 1803264K Free: 148507K (8%)
Exported /home/travis/build/icyphy/ptII/org/ptolemy/optimization/demo/LinearRegression/LinearRegression/index.html
6971 ms. Memory: 1881088K Free: 1449811K (77%)
####### 30 Fri Jan 25 03:37:48 UTC 2019 $PTII/bin/ptinvoke ptolemy.vergil.basic.export.ExportModel -force htm -run -openComposites -timeOut 30000 -whiteBackground org/ptolemy/optimization/demo/SimpleOptimization/SimpleOptimization.xml $PTII/org/ptolemy/optimization/demo/SimpleOptimization/SimpleOptimization
Running .SimpleOptimization
30 ms. Memory: 1881088K Free: 1323935K (70%)
Exported /home/travis/build/icyphy/ptII/org/ptolemy/optimization/demo/SimpleOptimization/SimpleOptimization/index.html
4191 ms. Memory: 1881088K Free: 1263543K (67%)
####### 31 Fri Jan 25 03:37:52 UTC 2019 $PTII/bin/ptinvoke ptolemy.vergil.basic.export.ExportModel -force htm -run -openComposites -timeOut 30000 -whiteBackground org/ptolemy/osc/demo/OscSendReceive/OscSendReceive.xml $PTII/org/ptolemy/osc/demo/OscSendReceive/OscSendReceive
Running .OscSendReceive
OscP5 0.9.9 infos, comments, questions at http://www.sojamo.de/oscP5


### [2019/1/25 3:37:54] PROCESS @ OscP5 stopped.
### [2019/1/25 3:37:54] PROCESS @ UdpClient.openSocket udp socket initialized.
### [2019/1/25 3:37:55] PROCESS @ UdpServer.start() new Unicast DatagramSocket created @ port 2224
### [2019/1/25 3:37:55] PROCESS @ UdpServer.run() UdpServer is running @ 2224
### [2019/1/25 3:37:55] INFO @ OscP5 is running. you (127.0.1.1) are listening @ port 2224
OscP5 0.9.9 infos, comments, questions at http://www.sojamo.de/oscP5


### [2019/1/25 3:37:55] PROCESS @ OscP5 stopped.
### [2019/1/25 3:37:55] PROCESS @ UdpClient.openSocket udp socket initialized.
### [2019/1/25 3:37:56] PROCESS @ UdpServer.start() new Unicast DatagramSocket created @ port 2225
### [2019/1/25 3:37:56] INFO @ OscP5 is running. you (127.0.1.1) are listening @ port 2225
### [2019/1/25 3:37:56] PROCESS @ UdpServer.run() UdpServer is running @ 2225
OscP5 0.9.9 infos, comments, questions at http://www.sojamo.de/oscP5


### [2019/1/25 3:37:56] PROCESS @ OscP5 stopped.
### [2019/1/25 3:37:56] PROCESS @ UdpClient.openSocket udp socket initialized.
### [2019/1/25 3:37:57] PROCESS @ UdpServer.start() new Unicast DatagramSocket created @ port 2227
### [2019/1/25 3:37:57] INFO @ OscP5 is running. you (127.0.1.1) are listening @ port 2227
### [2019/1/25 3:37:57] PROCESS @ UdpServer.run() UdpServer is running @ 2227
### [2019/1/25 3:38:8] PROCESS @ OscP5 stopped.
### [2019/1/25 3:38:8] PROCESS @ OscP5 stopped.
### [2019/1/25 3:38:8] PROCESS @ OscP5 stopped.
14027 ms. Memory: 1881088K Free: 1133318K (60%)
### [2019/1/25 3:38:8] PROCESS @ UdpServer.run()  socket closed.
### [2019/1/25 3:38:8] PROCESS @ UdpServer.run()  socket closed.
### [2019/1/25 3:38:8] PROCESS @ UdpServer.run()  socket closed.
Exported /home/travis/build/icyphy/ptII/org/ptolemy/osc/demo/OscSendReceive/OscSendReceive/index.html
18170 ms. Memory: 1881088K Free: 1088467K (58%)
####### 32 Fri Jan 25 03:38:11 UTC 2019 $PTII/bin/ptinvoke ptolemy.vergil.basic.export.ExportModel -force htm -run -openComposites -timeOut 30000 -whiteBackground org/ptolemy/qss/demo/RLC/RLC.xml $PTII/org/ptolemy/qss/demo/RLC/RLC
Running .RLC
85 ms. Memory: 1881088K Free: 959062K (51%)
Exported /home/travis/build/icyphy/ptII/org/ptolemy/qss/demo/RLC/RLC/index.html
4314 ms. Memory: 1881088K Free: 813821K (43%)
####### 33 Fri Jan 25 03:38:15 UTC 2019 $PTII/bin/ptinvoke ptolemy.vergil.basic.export.ExportModel -force htm -run -openComposites -timeOut 30000 -whiteBackground org/ptolemy/ssm/demo/RangeLocalizationOnMap/RangeLocalizationOnMap.xml $PTII/org/ptolemy/ssm/demo/RangeLocalizationOnMap/RangeLocalizationOnMap
Running .RangeLocalizationOnMap
24906 ms. Memory: 1677312K Free: 354341K (21%)
Exported /home/travis/build/icyphy/ptII/org/ptolemy/ssm/demo/RangeLocalizationOnMap/RangeLocalizationOnMap/index.html
32964 ms. Memory: 1677312K Free: 72490K (4%)
####### 34 Fri Jan 25 03:38:48 UTC 2019 $PTII/bin/ptinvoke ptolemy.vergil.basic.export.ExportModel -force htm -run -openComposites -timeOut 30000 -whiteBackground org/ptolemy/ssm/demo/SingleRobotTargetLocalization/SingleRobotTargetLocalization.xml $PTII/org/ptolemy/ssm/demo/SingleRobotTargetLocalization/SingleRobotTargetLocalization
Running .SingleRobotTargetLocalization
6238 ms. Memory: 1454592K Free: 341199K (23%)
Exported /home/travis/build/icyphy/ptII/org/ptolemy/ssm/demo/SingleRobotTargetLocalization/SingleRobotTargetLocalization/index.html
11500 ms. Memory: 1741312K Free: 1434778K (82%)
####### 35 Fri Jan 25 03:38:59 UTC 2019 $PTII/bin/ptinvoke ptolemy.vergil.basic.export.ExportModel -force htm -run -openComposites -timeOut 30000 -whiteBackground org/ptolemy/ssm/demo/StatePrediction/StatePrediction.xml $PTII/org/ptolemy/ssm/demo/StatePrediction/StatePrediction
Running .StatePrediction
6444 ms. Memory: 1743872K Free: 1518071K (87%)
Exported /home/travis/build/icyphy/ptII/org/ptolemy/ssm/demo/StatePrediction/StatePrediction/index.html
11300 ms. Memory: 1743872K Free: 1154554K (66%)
####### 36 Fri Jan 25 03:39:11 UTC 2019 $PTII/bin/ptinvoke ptolemy.vergil.basic.export.ExportModel -force htm  -openComposites -timeOut 30000 -whiteBackground org/terraswarm/accessor/demo/AugmentedReality/AugmentedReality.xml $PTII/org/terraswarm/accessor/demo/AugmentedReality/AugmentedReality
Warning: not running org/terraswarm/accessor/demo/AugmentedReality/AugmentedReality.xml. See ptolemy/vergil/basic/export/test/junit/ExportModelJUnitTest.java
Exported /home/travis/build/icyphy/ptII/org/terraswarm/accessor/demo/AugmentedReality/AugmentedReality/index.html
3143 ms. Memory: 1743872K Free: 1014492K (58%)
####### 37 Fri Jan 25 03:39:14 UTC 2019 $PTII/bin/ptinvoke ptolemy.vergil.basic.export.ExportModel -force htm -run -openComposites -timeOut 30000 -whiteBackground org/terraswarm/accessor/demo/AugmentedReality/AugmentedRealityFeedback.xml $PTII/org/terraswarm/accessor/demo/AugmentedReality/AugmentedRealityFeedback
JSAccessor: PT_NO_NET environment variable is set, so git pull and ptdoc are not being run.
Running .AugmentedRealityFeedback
Manager.initialize() finished: 10266 ms. Memory: 1740288K Free: 301983K (17%)
BrowserLauncher: UnsupportedOperation: http://localhost:8089: java.lang.UnsupportedOperationException: The BROWSE action is not supported on the current platform!
ExportHTMLTimer went off after 30000 ms., calling getDirector().finish and getDirector().stopFire()
ExportHTMLTimer went off after 60000 ms., calling manager.stop().
75679 ms. Memory: 1727488K Free: 1521812K (88%)
Exported /home/travis/build/icyphy/ptII/org/terraswarm/accessor/demo/AugmentedReality/AugmentedRealityFeedback/index.html
86924 ms. Memory: 1727488K Free: 1485264K (86%)
####### 38 Fri Jan 25 03:40:41 UTC 2019 $PTII/bin/ptinvoke ptolemy.vergil.basic.export.ExportModel -force htm -run -openComposites -timeOut 30000 -whiteBackground org/terraswarm/accessor/demo/AugmentedReality/AugmentedRealityFeedbackBlee.xml $PTII/org/terraswarm/accessor/demo/AugmentedReality/AugmentedRealityFeedbackBlee
Running .AugmentedRealityFeedbackBlee
Mutable: BleeSensorr.js: Could not get $KEYSTORE/brokerHostFile:  ptolemy.kernel.util.IllegalActionException: Failed to read URI: /home/travis/.ptKeystore/brokerHostFile
  in .AugmentedRealityFeedbackBlee.Mutable
Because:
Cannot read file '/home/travis/.ptKeystore/brokerHostFile' or '/home/travis/.ptKeystore/brokerHostFile' (Thread[AWT-EventQueue-0,6,main])
BrowserLauncher: UnsupportedOperation: http://localhost:8089: java.lang.UnsupportedOperationException: The BROWSE action is not supported on the current platform!
ExportHTMLTimer went off after 30000 ms., calling getDirector().finish and getDirector().stopFire()
UserInterface: Connection closed because model is no longer running. (Thread[AWT-EventQueue-0,6,main])
30107 ms. Memory: 1841152K Free: 657424K (36%)
Exported /home/travis/build/icyphy/ptII/org/terraswarm/accessor/demo/AugmentedReality/AugmentedRealityFeedbackBlee/index.html
40210 ms. Memory: 1841152K Free: 599706K (33%)
####### 39 Fri Jan 25 03:41:21 UTC 2019 $PTII/bin/ptinvoke ptolemy.vergil.basic.export.ExportModel -force htm -run -openComposites -timeOut 30000 -whiteBackground org/terraswarm/accessor/demo/AugmentedReality/AugmentedRealityKeyValueStore.xml $PTII/org/terraswarm/accessor/demo/AugmentedReality/AugmentedRealityKeyValueStore
Running .AugmentedRealityKeyValueStore
KeyValueStore: Making an HTTP request. (Thread[AWT-EventQueue-0,6,main])
BrowserLauncher: UnsupportedOperation: http://localhost:8089: java.lang.UnsupportedOperationException: The BROWSE action is not supported on the current platform!
ExportHTMLTimer went off after 30000 ms., calling getDirector().finish and getDirector().stopFire()
UserInterface: Connection closed because model is no longer running. (Thread[AWT-EventQueue-0,6,main])
30078 ms. Memory: 1963520K Free: 685854K (35%)
Exported /home/travis/build/icyphy/ptII/org/terraswarm/accessor/demo/AugmentedReality/AugmentedRealityKeyValueStore/index.html
38839 ms. Memory: 1963520K Free: 610765K (31%)
####### 40 Fri Jan 25 03:42:00 UTC 2019 $PTII/bin/ptinvoke ptolemy.vergil.basic.export.ExportModel -force htm -run -openComposites -timeOut 30000 -whiteBackground org/terraswarm/accessor/demo/AugmentedReality/AugmentedRealityVideo.xml $PTII/org/terraswarm/accessor/demo/AugmentedReality/AugmentedRealityVideo
No physical cameras found, using WebcamDummyDriver.
Running .AugmentedRealityVideo
ExportHTMLTimer went off after 30000 ms., calling getDirector().finish and getDirector().stopFire()
30094 ms. Memory: 2087424K Free: 719517K (34%)
Exported /home/travis/build/icyphy/ptII/org/terraswarm/accessor/demo/AugmentedReality/AugmentedRealityVideo/index.html
42055 ms. Memory: 2087424K Free: 626955K (30%)
####### 41 Fri Jan 25 03:42:42 UTC 2019 $PTII/bin/ptinvoke ptolemy.vergil.basic.export.ExportModel -force htm -run -openComposites -timeOut 30000 -whiteBackground org/terraswarm/accessor/demo/AugmentedRealityVideoSOHO/AugmentedRealityVideoSOHO.xml $PTII/org/terraswarm/accessor/demo/AugmentedRealityVideoSOHO/AugmentedRealityVideoSOHO
Running .AugmentedRealityVideoSOHO
ExportHTMLTimer went off after 30000 ms., calling getDirector().finish and getDirector().stopFire()
30146 ms. Memory: 2164224K Free: 706368K (33%)
Exported /home/travis/build/icyphy/ptII/org/terraswarm/accessor/demo/AugmentedRealityVideoSOHO/AugmentedRealityVideoSOHO/index.html
40189 ms. Memory: 2164224K Free: 591152K (27%)
####### 42 Fri Jan 25 03:43:22 UTC 2019 $PTII/bin/ptinvoke ptolemy.vergil.basic.export.ExportModel -force htm -run -openComposites -timeOut 30000 -whiteBackground org/terraswarm/accessor/demo/AugmentedRealityVideoSOHO/GenerateHueAccessors.xml $PTII/org/terraswarm/accessor/demo/AugmentedRealityVideoSOHO/GenerateHueAccessors
Running .GenerateHueAccessors
GenerateHueAccessors: GenerateHueAccessors: // Copyright (c) 2017 The Regents of the University of California.
// All rights reserved.
//
// Permission is hereby granted, without written agreement and without
// license or royalty fees, to use, copy, modify, and distribute this
// software and its documentation for any purpose, provided that the above
// copyright notice and the following two paragraphs appear in all copies
// of this software.
//
// IN NO EVENT SHALL THE UNIVERSITY OF CALIFORNIA BE LIABLE TO ANY PARTY
// FOR DIRECT, INDIRECT, SPECIAL, INCIDENTAL, OR CONSEQUENTIAL DAMAGES
// ARISING OUT OF THE USE OF THIS SOFTWARE AND ITS DOCUMENTATION, EVEN IF
// THE UNIVERSITY OF CALIFORNIA HAS BEEN ADVISED OF THE POSSIBILITY OF
// SUCH DAMAGE.
//
// THE UNIVERSITY OF CALIFORNIA SPECIFICALLY DISCLAIMS ANY WARRANTIES,
// INCLUDING, BUT NOT LIMITED TO, THE IMPLIED WARRANTIES OF
// MERCHANTABILITY AND FITNESS FOR A PARTICULAR PURPOSE. THE SOFTWARE
// PROVIDED HEREUNDER IS ON AN "AS IS" BASIS, AND THE UNIVERSITY OF
// CALIFORNIA HAS NO OBLIGATION TO PROVIDE MAINTENANCE, SUPPORT, UPDATES,
// ENHANCEMENTS, OR MODIFICATIONS.
//

/** Control a Philips Hue light bulb.
 *
 *  @accessor HueAccessorTemplate
 *  @author Christopher Brooks, based on TemperatureSensor by Edward A. Lee
 *  @input {JSON} commands JSON commands for the Hue, for example,
 *                {"id" : 1, "on" : true, "hue" : 120}
 *  @output data A JSON object.
 *  @version $$Id$$
 */
// Stop extra messages from jslint.  Note that there should be no
// space between the / and the * and global.
/*globals console, error, exports, require */
/*jshint globalstrict: true*/

"use strict";

var handle = null;
exports.setup = function() {       
    this.implement('ControllableSensor');

    this.output('data', {'type' : 'JSON'});
    
    var Hue = this.instantiate('Hue', 'devices/Hue'); 

    /* The GenerateHueAccessors.xml model substitutes in the bridgeIP here.*/
    Hue.setParameter('bridgeIP','192.168.1.221');

    /* The GenerateHueAccessors.xml model substitutes in the userName here.*/
    Hue.setParameter('userName', 'SVmAJELYPPsCJjRqbKMjg0dLgesa6ZmiKt4Bdwaq');

    var codeIn = "\
        exports.setup = function() {\n\
           this.input('in');\n\
           this.output('out');\n\
        }\n\
        exports.initialize = function() {\n\
           var thiz = this;\n\
           this.addInputHandler('in', function() {\n\
               var inValue = thiz.get('in');\n\
               console.log('HueAccessorTemplate.JavaScriptIn: value of in: ' + inValue);\n\
               var util = require('util');\n\
               console.log(util.inspect(inValue));\n\
               console.log('HueAccessorTemplate.JavaScriptIn: inValue.on: ' + inValue.on);\n\
               var on = true;\n\
               if (inValue.on !== 'on') {;\n\
                   on = false; \n\
               };\n\
               inValue = '{ \"id\": \"8\", \"on\": ' + on + '}';\n\
               thiz.send('out', JSON.parse(inValue));\n\
           });\n\
        }";
    var JavaScriptIn = this.instantiateFromCode('JavaScriptIn', codeIn, false);

    var codeOut = "\
        exports.setup = function() {\n\
           this.input('in');\n\
           this.output('out');\n\
        }\n\
        exports.initialize = function() {\n\
           var thiz = this;\n\
           this.addInputHandler('in', function() {\n\
               /* var inValue = thiz.get('in'); */\n\
               /* FIXME: Need to get real data from the Hue. */\n\
               /* var inValue = '{ \"bridgeIP\": \"192.168.1.221\", \"id\": \"8\", \"userName\": \"SVmAJELYPPsCJjRqbKMjg0dLgesa6ZmiKt4Bdwaq\" }';*/\n\
               var inValue = thiz.get('in');\n\
               var idLight = inValue['8'];\n\
               console.log('HueAccessorTemplate.JavaScriptIn: inValue: ' + inValue);\n\
               var util = require('util');\n\
               console.log(util.inspect(inValue));\n\
               console.log('HueAccessorTemplate.JavaScriptIn: idLight: ' + idLight);\n\
               console.log(util.inspect(idLight));\n\
               thiz.send('out', idLight);\n\
           });\n\
        }";

    var JavaScriptOut = this.instantiateFromCode('JavaScriptOut', codeOut, false);
    
    this.connect('control', JavaScriptIn, 'in');
    this.connect(JavaScriptIn, 'out', Hue, 'commands');
    this.connect(Hue, 'lights', JavaScriptOut, 'in');
    this.connect(JavaScriptOut, 'out', 'data');

};

exports.initialize = function() {	
    // At initialize, send the schema;
    this.send('schema', schema);
    // Also send null data.
    this.send('data', null);
};


function sendData() {
    this.send('data', {
	"id": 8,
        "on": onValue,
    });
}

var schema = {
  "type": "object",
  "properties": {
    "on": {
      	"type": "string",
      	"title": "Turn the light on or off",
      	"description": "Turn the light on or off",
      	"choices": ["on", "off"]
    }
  }
};
 (Thread[AWT-EventQueue-0,6,main])
KeyValueStore: Making an HTTP request. (Thread[AWT-EventQueue-0,6,main])
GenerateHueAccessors: GenerateHueAccessors: // Copyright (c) 2017 The Regents of the University of California.
// All rights reserved.
//
// Permission is hereby granted, without written agreement and without
// license or royalty fees, to use, copy, modify, and distribute this
// software and its documentation for any purpose, provided that the above
// copyright notice and the following two paragraphs appear in all copies
// of this software.
//
// IN NO EVENT SHALL THE UNIVERSITY OF CALIFORNIA BE LIABLE TO ANY PARTY
// FOR DIRECT, INDIRECT, SPECIAL, INCIDENTAL, OR CONSEQUENTIAL DAMAGES
// ARISING OUT OF THE USE OF THIS SOFTWARE AND ITS DOCUMENTATION, EVEN IF
// THE UNIVERSITY OF CALIFORNIA HAS BEEN ADVISED OF THE POSSIBILITY OF
// SUCH DAMAGE.
//
// THE UNIVERSITY OF CALIFORNIA SPECIFICALLY DISCLAIMS ANY WARRANTIES,
// INCLUDING, BUT NOT LIMITED TO, THE IMPLIED WARRANTIES OF
// MERCHANTABILITY AND FITNESS FOR A PARTICULAR PURPOSE. THE SOFTWARE
// PROVIDED HEREUNDER IS ON AN "AS IS" BASIS, AND THE UNIVERSITY OF
// CALIFORNIA HAS NO OBLIGATION TO PROVIDE MAINTENANCE, SUPPORT, UPDATES,
// ENHANCEMENTS, OR MODIFICATIONS.
//

/** Control a Philips Hue light bulb.
 *
 *  @accessor HueAccessorTemplate
 *  @author Christopher Brooks, based on TemperatureSensor by Edward A. Lee
 *  @input {JSON} commands JSON commands for the Hue, for example,
 *                {"id" : 1, "on" : true, "hue" : 120}
 *  @output data A JSON object.
 *  @version $$Id$$
 */
// Stop extra messages from jslint.  Note that there should be no
// space between the / and the * and global.
/*globals console, error, exports, require */
/*jshint globalstrict: true*/

"use strict";

var handle = null;
exports.setup = function() {       
    this.implement('ControllableSensor');

    this.output('data', {'type' : 'JSON'});
    
    var Hue = this.instantiate('Hue', 'devices/Hue'); 

    /* The GenerateHueAccessors.xml model substitutes in the bridgeIP here.*/
    Hue.setParameter('bridgeIP','192.168.1.221');

    /* The GenerateHueAccessors.xml model substitutes in the userName here.*/
    Hue.setParameter('userName', 'SVmAJELYPPsCJjRqbKMjg0dLgesa6ZmiKt4Bdwaq');

    var codeIn = "\
        exports.setup = function() {\n\
           this.input('in');\n\
           this.output('out');\n\
        }\n\
        exports.initialize = function() {\n\
           var thiz = this;\n\
           this.addInputHandler('in', function() {\n\
               var inValue = thiz.get('in');\n\
               console.log('HueAccessorTemplate.JavaScriptIn: value of in: ' + inValue);\n\
               var util = require('util');\n\
               console.log(util.inspect(inValue));\n\
               console.log('HueAccessorTemplate.JavaScriptIn: inValue.on: ' + inValue.on);\n\
               var on = true;\n\
               if (inValue.on !== 'on') {;\n\
                   on = false; \n\
               };\n\
               inValue = '{ \"id\": \"4\", \"on\": ' + on + '}';\n\
               thiz.send('out', JSON.parse(inValue));\n\
           });\n\
        }";
    var JavaScriptIn = this.instantiateFromCode('JavaScriptIn', codeIn, false);

    var codeOut = "\
        exports.setup = function() {\n\
           this.input('in');\n\
           this.output('out');\n\
        }\n\
        exports.initialize = function() {\n\
           var thiz = this;\n\
           this.addInputHandler('in', function() {\n\
               /* var inValue = thiz.get('in'); */\n\
               /* FIXME: Need to get real data from the Hue. */\n\
               /* var inValue = '{ \"bridgeIP\": \"192.168.1.221\", \"id\": \"4\", \"userName\": \"SVmAJELYPPsCJjRqbKMjg0dLgesa6ZmiKt4Bdwaq\" }';*/\n\
               var inValue = thiz.get('in');\n\
               var idLight = inValue['4'];\n\
               console.log('HueAccessorTemplate.JavaScriptIn: inValue: ' + inValue);\n\
               var util = require('util');\n\
               console.log(util.inspect(inValue));\n\
               console.log('HueAccessorTemplate.JavaScriptIn: idLight: ' + idLight);\n\
               console.log(util.inspect(idLight));\n\
               thiz.send('out', idLight);\n\
           });\n\
        }";

    var JavaScriptOut = this.instantiateFromCode('JavaScriptOut', codeOut, false);
    
    this.connect('control', JavaScriptIn, 'in');
    this.connect(JavaScriptIn, 'out', Hue, 'commands');
    this.connect(Hue, 'lights', JavaScriptOut, 'in');
    this.connect(JavaScriptOut, 'out', 'data');

};

exports.initialize = function() {	
    // At initialize, send the schema;
    this.send('schema', schema);
    // Also send null data.
    this.send('data', null);
};


function sendData() {
    this.send('data', {
	"id": 4,
        "on": onValue,
    });
}

var schema = {
  "type": "object",
  "properties": {
    "on": {
      	"type": "string",
      	"title": "Turn the light on or off",
      	"description": "Turn the light on or off",
      	"choices": ["on", "off"]
    }
  }
};
 (Thread[AWT-EventQueue-0,6,main])
KeyValueStore: Making an HTTP request. (Thread[AWT-EventQueue-0,6,main])
GenerateHueAccessors: GenerateHueAccessors: // Copyright (c) 2017 The Regents of the University of California.
// All rights reserved.
//
// Permission is hereby granted, without written agreement and without
// license or royalty fees, to use, copy, modify, and distribute this
// software and its documentation for any purpose, provided that the above
// copyright notice and the following two paragraphs appear in all copies
// of this software.
//
// IN NO EVENT SHALL THE UNIVERSITY OF CALIFORNIA BE LIABLE TO ANY PARTY
// FOR DIRECT, INDIRECT, SPECIAL, INCIDENTAL, OR CONSEQUENTIAL DAMAGES
// ARISING OUT OF THE USE OF THIS SOFTWARE AND ITS DOCUMENTATION, EVEN IF
// THE UNIVERSITY OF CALIFORNIA HAS BEEN ADVISED OF THE POSSIBILITY OF
// SUCH DAMAGE.
//
// THE UNIVERSITY OF CALIFORNIA SPECIFICALLY DISCLAIMS ANY WARRANTIES,
// INCLUDING, BUT NOT LIMITED TO, THE IMPLIED WARRANTIES OF
// MERCHANTABILITY AND FITNESS FOR A PARTICULAR PURPOSE. THE SOFTWARE
// PROVIDED HEREUNDER IS ON AN "AS IS" BASIS, AND THE UNIVERSITY OF
// CALIFORNIA HAS NO OBLIGATION TO PROVIDE MAINTENANCE, SUPPORT, UPDATES,
// ENHANCEMENTS, OR MODIFICATIONS.
//

/** Control a Philips Hue light bulb.
 *
 *  @accessor HueAccessorTemplate
 *  @author Christopher Brooks, based on TemperatureSensor by Edward A. Lee
 *  @input {JSON} commands JSON commands for the Hue, for example,
 *                {"id" : 1, "on" : true, "hue" : 120}
 *  @output data A JSON object.
 *  @version $$Id$$
 */
// Stop extra messages from jslint.  Note that there should be no
// space between the / and the * and global.
/*globals console, error, exports, require */
/*jshint globalstrict: true*/

"use strict";

var handle = null;
exports.setup = function() {       
    this.implement('ControllableSensor');

    this.output('data', {'type' : 'JSON'});
    
    var Hue = this.instantiate('Hue', 'devices/Hue'); 

    /* The GenerateHueAccessors.xml model substitutes in the bridgeIP here.*/
    Hue.setParameter('bridgeIP','192.168.1.221');

    /* The GenerateHueAccessors.xml model substitutes in the userName here.*/
    Hue.setParameter('userName', 'SVmAJELYPPsCJjRqbKMjg0dLgesa6ZmiKt4Bdwaq');

    var codeIn = "\
        exports.setup = function() {\n\
           this.input('in');\n\
           this.output('out');\n\
        }\n\
        exports.initialize = function() {\n\
           var thiz = this;\n\
           this.addInputHandler('in', function() {\n\
               var inValue = thiz.get('in');\n\
               console.log('HueAccessorTemplate.JavaScriptIn: value of in: ' + inValue);\n\
               var util = require('util');\n\
               console.log(util.inspect(inValue));\n\
               console.log('HueAccessorTemplate.JavaScriptIn: inValue.on: ' + inValue.on);\n\
               var on = true;\n\
               if (inValue.on !== 'on') {;\n\
                   on = false; \n\
               };\n\
               inValue = '{ \"id\": \"5\", \"on\": ' + on + '}';\n\
               thiz.send('out', JSON.parse(inValue));\n\
           });\n\
        }";
    var JavaScriptIn = this.instantiateFromCode('JavaScriptIn', codeIn, false);

    var codeOut = "\
        exports.setup = function() {\n\
           this.input('in');\n\
           this.output('out');\n\
        }\n\
        exports.initialize = function() {\n\
           var thiz = this;\n\
           this.addInputHandler('in', function() {\n\
               /* var inValue = thiz.get('in'); */\n\
               /* FIXME: Need to get real data from the Hue. */\n\
               /* var inValue = '{ \"bridgeIP\": \"192.168.1.221\", \"id\": \"5\", \"userName\": \"SVmAJELYPPsCJjRqbKMjg0dLgesa6ZmiKt4Bdwaq\" }';*/\n\
               var inValue = thiz.get('in');\n\
               var idLight = inValue['5'];\n\
               console.log('HueAccessorTemplate.JavaScriptIn: inValue: ' + inValue);\n\
               var util = require('util');\n\
               console.log(util.inspect(inValue));\n\
               console.log('HueAccessorTemplate.JavaScriptIn: idLight: ' + idLight);\n\
               console.log(util.inspect(idLight));\n\
               thiz.send('out', idLight);\n\
           });\n\
        }";

    var JavaScriptOut = this.instantiateFromCode('JavaScriptOut', codeOut, false);
    
    this.connect('control', JavaScriptIn, 'in');
    this.connect(JavaScriptIn, 'out', Hue, 'commands');
    this.connect(Hue, 'lights', JavaScriptOut, 'in');
    this.connect(JavaScriptOut, 'out', 'data');

};

exports.initialize = function() {	
    // At initialize, send the schema;
    this.send('schema', schema);
    // Also send null data.
    this.send('data', null);
};


function sendData() {
    this.send('data', {
	"id": 5,
        "on": onValue,
    });
}

var schema = {
  "type": "object",
  "properties": {
    "on": {
      	"type": "string",
      	"title": "Turn the light on or off",
      	"description": "Turn the light on or off",
      	"choices": ["on", "off"]
    }
  }
};
 (Thread[AWT-EventQueue-0,6,main])
KeyValueStore: Making an HTTP request. (Thread[AWT-EventQueue-0,6,main])
GenerateHueAccessors: GenerateHueAccessors: // Copyright (c) 2017 The Regents of the University of California.
// All rights reserved.
//
// Permission is hereby granted, without written agreement and without
// license or royalty fees, to use, copy, modify, and distribute this
// software and its documentation for any purpose, provided that the above
// copyright notice and the following two paragraphs appear in all copies
// of this software.
//
// IN NO EVENT SHALL THE UNIVERSITY OF CALIFORNIA BE LIABLE TO ANY PARTY
// FOR DIRECT, INDIRECT, SPECIAL, INCIDENTAL, OR CONSEQUENTIAL DAMAGES
// ARISING OUT OF THE USE OF THIS SOFTWARE AND ITS DOCUMENTATION, EVEN IF
// THE UNIVERSITY OF CALIFORNIA HAS BEEN ADVISED OF THE POSSIBILITY OF
// SUCH DAMAGE.
//
// THE UNIVERSITY OF CALIFORNIA SPECIFICALLY DISCLAIMS ANY WARRANTIES,
// INCLUDING, BUT NOT LIMITED TO, THE IMPLIED WARRANTIES OF
// MERCHANTABILITY AND FITNESS FOR A PARTICULAR PURPOSE. THE SOFTWARE
// PROVIDED HEREUNDER IS ON AN "AS IS" BASIS, AND THE UNIVERSITY OF
// CALIFORNIA HAS NO OBLIGATION TO PROVIDE MAINTENANCE, SUPPORT, UPDATES,
// ENHANCEMENTS, OR MODIFICATIONS.
//

/** Control a Philips Hue light bulb.
 *
 *  @accessor HueAccessorTemplate
 *  @author Christopher Brooks, based on TemperatureSensor by Edward A. Lee
 *  @input {JSON} commands JSON commands for the Hue, for example,
 *                {"id" : 1, "on" : true, "hue" : 120}
 *  @output data A JSON object.
 *  @version $$Id$$
 */
// Stop extra messages from jslint.  Note that there should be no
// space between the / and the * and global.
/*globals console, error, exports, require */
/*jshint globalstrict: true*/

"use strict";

var handle = null;
exports.setup = function() {       
    this.implement('ControllableSensor');

    this.output('data', {'type' : 'JSON'});
    
    var Hue = this.instantiate('Hue', 'devices/Hue'); 

    /* The GenerateHueAccessors.xml model substitutes in the bridgeIP here.*/
    Hue.setParameter('bridgeIP','192.168.1.221');

    /* The GenerateHueAccessors.xml model substitutes in the userName here.*/
    Hue.setParameter('userName', 'SVmAJELYPPsCJjRqbKMjg0dLgesa6ZmiKt4Bdwaq');

    var codeIn = "\
        exports.setup = function() {\n\
           this.input('in');\n\
           this.output('out');\n\
        }\n\
        exports.initialize = function() {\n\
           var thiz = this;\n\
           this.addInputHandler('in', function() {\n\
               var inValue = thiz.get('in');\n\
               console.log('HueAccessorTemplate.JavaScriptIn: value of in: ' + inValue);\n\
               var util = require('util');\n\
               console.log(util.inspect(inValue));\n\
               console.log('HueAccessorTemplate.JavaScriptIn: inValue.on: ' + inValue.on);\n\
               var on = true;\n\
               if (inValue.on !== 'on') {;\n\
                   on = false; \n\
               };\n\
               inValue = '{ \"id\": \"6\", \"on\": ' + on + '}';\n\
               thiz.send('out', JSON.parse(inValue));\n\
           });\n\
        }";
    var JavaScriptIn = this.instantiateFromCode('JavaScriptIn', codeIn, false);

    var codeOut = "\
        exports.setup = function() {\n\
           this.input('in');\n\
           this.output('out');\n\
        }\n\
        exports.initialize = function() {\n\
           var thiz = this;\n\
           this.addInputHandler('in', function() {\n\
               /* var inValue = thiz.get('in'); */\n\
               /* FIXME: Need to get real data from the Hue. */\n\
               /* var inValue = '{ \"bridgeIP\": \"192.168.1.221\", \"id\": \"6\", \"userName\": \"SVmAJELYPPsCJjRqbKMjg0dLgesa6ZmiKt4Bdwaq\" }';*/\n\
               var inValue = thiz.get('in');\n\
               var idLight = inValue['6'];\n\
               console.log('HueAccessorTemplate.JavaScriptIn: inValue: ' + inValue);\n\
               var util = require('util');\n\
               console.log(util.inspect(inValue));\n\
               console.log('HueAccessorTemplate.JavaScriptIn: idLight: ' + idLight);\n\
               console.log(util.inspect(idLight));\n\
               thiz.send('out', idLight);\n\
           });\n\
        }";

    var JavaScriptOut = this.instantiateFromCode('JavaScriptOut', codeOut, false);
    
    this.connect('control', JavaScriptIn, 'in');
    this.connect(JavaScriptIn, 'out', Hue, 'commands');
    this.connect(Hue, 'lights', JavaScriptOut, 'in');
    this.connect(JavaScriptOut, 'out', 'data');

};

exports.initialize = function() {	
    // At initialize, send the schema;
    this.send('schema', schema);
    // Also send null data.
    this.send('data', null);
};


function sendData() {
    this.send('data', {
	"id": 6,
        "on": onValue,
    });
}

var schema = {
  "type": "object",
  "properties": {
    "on": {
      	"type": "string",
      	"title": "Turn the light on or off",
      	"description": "Turn the light on or off",
      	"choices": ["on", "off"]
    }
  }
};
 (Thread[AWT-EventQueue-0,6,main])
KeyValueStore: Making an HTTP request. (Thread[AWT-EventQueue-0,6,main])
GenerateHueAccessors: GenerateHueAccessors: // Copyright (c) 2017 The Regents of the University of California.
// All rights reserved.
//
// Permission is hereby granted, without written agreement and without
// license or royalty fees, to use, copy, modify, and distribute this
// software and its documentation for any purpose, provided that the above
// copyright notice and the following two paragraphs appear in all copies
// of this software.
//
// IN NO EVENT SHALL THE UNIVERSITY OF CALIFORNIA BE LIABLE TO ANY PARTY
// FOR DIRECT, INDIRECT, SPECIAL, INCIDENTAL, OR CONSEQUENTIAL DAMAGES
// ARISING OUT OF THE USE OF THIS SOFTWARE AND ITS DOCUMENTATION, EVEN IF
// THE UNIVERSITY OF CALIFORNIA HAS BEEN ADVISED OF THE POSSIBILITY OF
// SUCH DAMAGE.
//
// THE UNIVERSITY OF CALIFORNIA SPECIFICALLY DISCLAIMS ANY WARRANTIES,
// INCLUDING, BUT NOT LIMITED TO, THE IMPLIED WARRANTIES OF
// MERCHANTABILITY AND FITNESS FOR A PARTICULAR PURPOSE. THE SOFTWARE
// PROVIDED HEREUNDER IS ON AN "AS IS" BASIS, AND THE UNIVERSITY OF
// CALIFORNIA HAS NO OBLIGATION TO PROVIDE MAINTENANCE, SUPPORT, UPDATES,
// ENHANCEMENTS, OR MODIFICATIONS.
//

/** Control a Philips Hue light bulb.
 *
 *  @accessor HueAccessorTemplate
 *  @author Christopher Brooks, based on TemperatureSensor by Edward A. Lee
 *  @input {JSON} commands JSON commands for the Hue, for example,
 *                {"id" : 1, "on" : true, "hue" : 120}
 *  @output data A JSON object.
 *  @version $$Id$$
 */
// Stop extra messages from jslint.  Note that there should be no
// space between the / and the * and global.
/*globals console, error, exports, require */
/*jshint globalstrict: true*/

"use strict";

var handle = null;
exports.setup = function() {       
    this.implement('ControllableSensor');

    this.output('data', {'type' : 'JSON'});
    
    var Hue = this.instantiate('Hue', 'devices/Hue'); 

    /* The GenerateHueAccessors.xml model substitutes in the bridgeIP here.*/
    Hue.setParameter('bridgeIP','192.168.1.221');

    /* The GenerateHueAccessors.xml model substitutes in the userName here.*/
    Hue.setParameter('userName', 'SVmAJELYPPsCJjRqbKMjg0dLgesa6ZmiKt4Bdwaq');

    var codeIn = "\
        exports.setup = function() {\n\
           this.input('in');\n\
           this.output('out');\n\
        }\n\
        exports.initialize = function() {\n\
           var thiz = this;\n\
           this.addInputHandler('in', function() {\n\
               var inValue = thiz.get('in');\n\
               console.log('HueAccessorTemplate.JavaScriptIn: value of in: ' + inValue);\n\
               var util = require('util');\n\
               console.log(util.inspect(inValue));\n\
               console.log('HueAccessorTemplate.JavaScriptIn: inValue.on: ' + inValue.on);\n\
               var on = true;\n\
               if (inValue.on !== 'on') {;\n\
                   on = false; \n\
               };\n\
               inValue = '{ \"id\": \"7\", \"on\": ' + on + '}';\n\
               thiz.send('out', JSON.parse(inValue));\n\
           });\n\
        }";
    var JavaScriptIn = this.instantiateFromCode('JavaScriptIn', codeIn, false);

    var codeOut = "\
        exports.setup = function() {\n\
           this.input('in');\n\
           this.output('out');\n\
        }\n\
        exports.initialize = function() {\n\
           var thiz = this;\n\
           this.addInputHandler('in', function() {\n\
               /* var inValue = thiz.get('in'); */\n\
               /* FIXME: Need to get real data from the Hue. */\n\
               /* var inValue = '{ \"bridgeIP\": \"192.168.1.221\", \"id\": \"7\", \"userName\": \"SVmAJELYPPsCJjRqbKMjg0dLgesa6ZmiKt4Bdwaq\" }';*/\n\
               var inValue = thiz.get('in');\n\
               var idLight = inValue['7'];\n\
               console.log('HueAccessorTemplate.JavaScriptIn: inValue: ' + inValue);\n\
               var util = require('util');\n\
               console.log(util.inspect(inValue));\n\
               console.log('HueAccessorTemplate.JavaScriptIn: idLight: ' + idLight);\n\
               console.log(util.inspect(idLight));\n\
               thiz.send('out', idLight);\n\
           });\n\
        }";

    var JavaScriptOut = this.instantiateFromCode('JavaScriptOut', codeOut, false);
    
    this.connect('control', JavaScriptIn, 'in');
    this.connect(JavaScriptIn, 'out', Hue, 'commands');
    this.connect(Hue, 'lights', JavaScriptOut, 'in');
    this.connect(JavaScriptOut, 'out', 'data');

};

exports.initialize = function() {	
    // At initialize, send the schema;
    this.send('schema', schema);
    // Also send null data.
    this.send('data', null);
};


function sendData() {
    this.send('data', {
	"id": 7,
        "on": onValue,
    });
}

var schema = {
  "type": "object",
  "properties": {
    "on": {
      	"type": "string",
      	"title": "Turn the light on or off",
      	"description": "Turn the light on or off",
      	"choices": ["on", "off"]
    }
  }
};
 (Thread[AWT-EventQueue-0,6,main])
KeyValueStore: Making an HTTP request. (Thread[AWT-EventQueue-0,6,main])
8390 ms. Memory: 2166784K Free: 998415K (46%)
Exported /home/travis/build/icyphy/ptII/org/terraswarm/accessor/demo/AugmentedRealityVideoSOHO/GenerateHueAccessors/index.html
13868 ms. Memory: 2166784K Free: 955868K (44%)
####### 43 Fri Jan 25 03:43:36 UTC 2019 $PTII/bin/ptinvoke ptolemy.vergil.basic.export.ExportModel -force htm -run -openComposites -timeOut 30000 -whiteBackground org/terraswarm/accessor/demo/AugmentedRealityVideoSOHO/GenerateLifxAccessors.xml $PTII/org/terraswarm/accessor/demo/AugmentedRealityVideoSOHO/GenerateLifxAccessors
Running .GenerateLifxAccessors
GenerateLifxAccessors: Start discovery: Broadcast at 255.255.255.255:56700... undefined (Thread[vert.x-eventloop-thread-2,6,main])
GenerateLifxAccessors: bind success (Thread[AWT-EventQueue-0,6,main])
GenerateLifxAccessors: listening: true (Thread[AWT-EventQueue-0,6,main])
8574 ms. Memory: 2164224K Free: 980159K (45%)
Exported /home/travis/build/icyphy/ptII/org/terraswarm/accessor/demo/AugmentedRealityVideoSOHO/GenerateLifxAccessors/index.html
14582 ms. Memory: 2164224K Free: 926762K (43%)
####### 44 Fri Jan 25 03:43:50 UTC 2019 $PTII/bin/ptinvoke ptolemy.vergil.basic.export.ExportModel -force htm -run -openComposites -timeOut 30000 -whiteBackground org/terraswarm/accessor/demo/AugmentedRealityVideoSOHO/GenerateMQTTAccessors.xml $PTII/org/terraswarm/accessor/demo/AugmentedRealityVideoSOHO/GenerateMQTTAccessors
Running .GenerateMQTTAccessors
GenerateBleeAccessors: GenerateBleeAccessors: "use strict";

exports.setup = function() {	
    this.output('data', {'type' : 'JSON'});
    
    var MQTTSubscriber = this.instantiate('MQTTSubscriber', 'net/MQTTSubscriber'); 
    MQTTSubscriber.input('subscribe', {
	/* 'value':'#'*/
    /* The GenerateBleeAccessors.xml model substitutes in the topic here.*/
        'value': 'device/BLEES/c098e53000b4'
    });
    
    /* The GenerateBleeAccessors.xml model substitutes in the BrokerHost here.*/
    var brokerHost = '192.168.1.200';

    /* Hint: Use the lab11 Summon app to find local SwarmBoxes with BLE. */
    MQTTSubscriber.setParameter('brokerHost', brokerHost);

    var code = "\
	exports.setup = function() {\n\
	    this.input('in');\n\
	    this.output('out');\n\
    }\n\
    exports.initialize = function() {\n\
	    var thiz = this;\n\
	    this.addInputHandler('in', function() {\n\
	    	var inValue = thiz.get('in');\n\
	        console.log('MQTTAccessor:' + inValue);\n\
		    thiz.send('out', JSON.parse(inValue));\n\
	    });\n\
    }";
    var JavaScript = this.instantiateFromCode('JavaScript', code, false);

    this.connect(JavaScript, 'out', 'data');
    this.connect(MQTTSubscriber, 'received', JavaScript, 'in');
};
 (Thread[AWT-EventQueue-0,6,main])
KeyValueStore: Making an HTTP request. (Thread[AWT-EventQueue-0,6,main])
GenerateBleeAccessors: GenerateBleeAccessors: "use strict";

exports.setup = function() {	
    this.output('data', {'type' : 'JSON'});
    
    var MQTTSubscriber = this.instantiate('MQTTSubscriber', 'net/MQTTSubscriber'); 
    MQTTSubscriber.input('subscribe', {
	/* 'value':'#'*/
    /* The GenerateBleeAccessors.xml model substitutes in the topic here.*/
        'value': 'device/BLEES/c098e530005b'
    });
    
    /* The GenerateBleeAccessors.xml model substitutes in the BrokerHost here.*/
    var brokerHost = '192.168.1.200';

    /* Hint: Use the lab11 Summon app to find local SwarmBoxes with BLE. */
    MQTTSubscriber.setParameter('brokerHost', brokerHost);

    var code = "\
	exports.setup = function() {\n\
	    this.input('in');\n\
	    this.output('out');\n\
    }\n\
    exports.initialize = function() {\n\
	    var thiz = this;\n\
	    this.addInputHandler('in', function() {\n\
	    	var inValue = thiz.get('in');\n\
	        console.log('MQTTAccessor:' + inValue);\n\
		    thiz.send('out', JSON.parse(inValue));\n\
	    });\n\
    }";
    var JavaScript = this.instantiateFromCode('JavaScript', code, false);

    this.connect(JavaScript, 'out', 'data');
    this.connect(MQTTSubscriber, 'received', JavaScript, 'in');
};
 (Thread[AWT-EventQueue-0,6,main])
KeyValueStore: Making an HTTP request. (Thread[AWT-EventQueue-0,6,main])
GenerateBleeAccessors: GenerateBleeAccessors: "use strict";

exports.setup = function() {	
    this.output('data', {'type' : 'JSON'});
    
    var MQTTSubscriber = this.instantiate('MQTTSubscriber', 'net/MQTTSubscriber'); 
    MQTTSubscriber.input('subscribe', {
	/* 'value':'#'*/
    /* The GenerateBleeAccessors.xml model substitutes in the topic here.*/
        'value': 'device/PowerBlade/c098e570021e'
    });
    
    /* The GenerateBleeAccessors.xml model substitutes in the BrokerHost here.*/
    var brokerHost = '192.168.1.200';

    /* Hint: Use the lab11 Summon app to find local SwarmBoxes with BLE. */
    MQTTSubscriber.setParameter('brokerHost', brokerHost);

    var code = "\
	exports.setup = function() {\n\
	    this.input('in');\n\
	    this.output('out');\n\
    }\n\
    exports.initialize = function() {\n\
	    var thiz = this;\n\
	    this.addInputHandler('in', function() {\n\
	    	var inValue = thiz.get('in');\n\
	        console.log('MQTTAccessor:' + inValue);\n\
		    thiz.send('out', JSON.parse(inValue));\n\
	    });\n\
    }";
    var JavaScript = this.instantiateFromCode('JavaScript', code, false);

    this.connect(JavaScript, 'out', 'data');
    this.connect(MQTTSubscriber, 'received', JavaScript, 'in');
};
 (Thread[AWT-EventQueue-0,6,main])
KeyValueStore: Making an HTTP request. (Thread[AWT-EventQueue-0,6,main])
GenerateBleeAccessors: GenerateBleeAccessors: "use strict";

exports.setup = function() {	
    this.output('data', {'type' : 'JSON'});
    
    var MQTTSubscriber = this.instantiate('MQTTSubscriber', 'net/MQTTSubscriber'); 
    MQTTSubscriber.input('subscribe', {
	/* 'value':'#'*/
    /* The GenerateBleeAccessors.xml model substitutes in the topic here.*/
        'value': 'device/PowerBlade/c098e570020b'
    });
    
    /* The GenerateBleeAccessors.xml model substitutes in the BrokerHost here.*/
    var brokerHost = '192.168.1.200';

    /* Hint: Use the lab11 Summon app to find local SwarmBoxes with BLE. */
    MQTTSubscriber.setParameter('brokerHost', brokerHost);

    var code = "\
	exports.setup = function() {\n\
	    this.input('in');\n\
	    this.output('out');\n\
    }\n\
    exports.initialize = function() {\n\
	    var thiz = this;\n\
	    this.addInputHandler('in', function() {\n\
	    	var inValue = thiz.get('in');\n\
	        console.log('MQTTAccessor:' + inValue);\n\
		    thiz.send('out', JSON.parse(inValue));\n\
	    });\n\
    }";
    var JavaScript = this.instantiateFromCode('JavaScript', code, false);

    this.connect(JavaScript, 'out', 'data');
    this.connect(MQTTSubscriber, 'received', JavaScript, 'in');
};
 (Thread[AWT-EventQueue-0,6,main])
KeyValueStore: Making an HTTP request. (Thread[AWT-EventQueue-0,6,main])
GenerateBleeAccessors: GenerateBleeAccessors: "use strict";

exports.setup = function() {	
    this.output('data', {'type' : 'JSON'});
    
    var MQTTSubscriber = this.instantiate('MQTTSubscriber', 'net/MQTTSubscriber'); 
    MQTTSubscriber.input('subscribe', {
	/* 'value':'#'*/
    /* The GenerateBleeAccessors.xml model substitutes in the topic here.*/
        'value': 'device/PowerBlade/c098e570023e'
    });
    
    /* The GenerateBleeAccessors.xml model substitutes in the BrokerHost here.*/
    var brokerHost = '192.168.1.200';

    /* Hint: Use the lab11 Summon app to find local SwarmBoxes with BLE. */
    MQTTSubscriber.setParameter('brokerHost', brokerHost);

    var code = "\
	exports.setup = function() {\n\
	    this.input('in');\n\
	    this.output('out');\n\
    }\n\
    exports.initialize = function() {\n\
	    var thiz = this;\n\
	    this.addInputHandler('in', function() {\n\
	    	var inValue = thiz.get('in');\n\
	        console.log('MQTTAccessor:' + inValue);\n\
		    thiz.send('out', JSON.parse(inValue));\n\
	    });\n\
    }";
    var JavaScript = this.instantiateFromCode('JavaScript', code, false);

    this.connect(JavaScript, 'out', 'data');
    this.connect(MQTTSubscriber, 'received', JavaScript, 'in');
};
 (Thread[AWT-EventQueue-0,6,main])
KeyValueStore: Making an HTTP request. (Thread[AWT-EventQueue-0,6,main])
GenerateBleeAccessors: GenerateBleeAccessors: "use strict";

exports.setup = function() {	
    this.output('data', {'type' : 'JSON'});
    
    var MQTTSubscriber = this.instantiate('MQTTSubscriber', 'net/MQTTSubscriber'); 
    MQTTSubscriber.input('subscribe', {
	/* 'value':'#'*/
    /* The GenerateBleeAccessors.xml model substitutes in the topic here.*/
        'value': 'device/PowerBlade/c098e570023a'
    });
    
    /* The GenerateBleeAccessors.xml model substitutes in the BrokerHost here.*/
    var brokerHost = '192.168.1.200';

    /* Hint: Use the lab11 Summon app to find local SwarmBoxes with BLE. */
    MQTTSubscriber.setParameter('brokerHost', brokerHost);

    var code = "\
	exports.setup = function() {\n\
	    this.input('in');\n\
	    this.output('out');\n\
    }\n\
    exports.initialize = function() {\n\
	    var thiz = this;\n\
	    this.addInputHandler('in', function() {\n\
	    	var inValue = thiz.get('in');\n\
	        console.log('MQTTAccessor:' + inValue);\n\
		    thiz.send('out', JSON.parse(inValue));\n\
	    });\n\
    }";
    var JavaScript = this.instantiateFromCode('JavaScript', code, false);

    this.connect(JavaScript, 'out', 'data');
    this.connect(MQTTSubscriber, 'received', JavaScript, 'in');
};
 (Thread[AWT-EventQueue-0,6,main])
KeyValueStore: Making an HTTP request. (Thread[AWT-EventQueue-0,6,main])
10455 ms. Memory: 2140672K Free: 1250174K (58%)
Exported /home/travis/build/icyphy/ptII/org/terraswarm/accessor/demo/AugmentedRealityVideoSOHO/GenerateMQTTAccessors/index.html
16103 ms. Memory: 2140672K Free: 1209296K (56%)
####### 45 Fri Jan 25 03:44:07 UTC 2019 $PTII/bin/ptinvoke ptolemy.vergil.basic.export.ExportModel -force htm -run -openComposites -timeOut 30000 -whiteBackground org/terraswarm/accessor/demo/AugmentedRealityVideoSOHO/KeyValueStoreServerSOHO.xml $PTII/org/terraswarm/accessor/demo/AugmentedRealityVideoSOHO/KeyValueStoreServerSOHO
Running .KeyValueStoreServerSOHO
WebServer: WebServer: Creating new server. (Thread[AWT-EventQueue-0,6,main])
WebServer: WebServer: Listening for requests. (Thread[vert.x-eventloop-thread-2,6,main])
ExportHTMLTimer went off after 30000 ms., calling getDirector().finish and getDirector().stopFire()
WebServer: WebServer: Stopping the server. (Thread[AWT-EventQueue-0,6,main])
30073 ms. Memory: 1932288K Free: 956632K (50%)
Exported /home/travis/build/icyphy/ptII/org/terraswarm/accessor/demo/AugmentedRealityVideoSOHO/KeyValueStoreServerSOHO/index.html
39064 ms. Memory: 1932288K Free: 915552K (47%)
####### 46 Fri Jan 25 03:44:46 UTC 2019 $PTII/bin/ptinvoke ptolemy.vergil.basic.export.ExportModel -force htm -run -openComposites -timeOut 30000 -whiteBackground org/terraswarm/accessor/demo/AugmentedRealityVideoSOHO/SoundServerSOHO.xml $PTII/org/terraswarm/accessor/demo/AugmentedRealityVideoSOHO/SoundServerSOHO
Running .SoundServerSOHO
KeyValueStore: Making an HTTP request. (Thread[AWT-EventQueue-0,6,main])
ExportHTMLTimer went off after 30000 ms., calling getDirector().finish and getDirector().stopFire()
30060 ms. Memory: 2121216K Free: 1136239K (54%)
Exported /home/travis/build/icyphy/ptII/org/terraswarm/accessor/demo/AugmentedRealityVideoSOHO/SoundServerSOHO/index.html
39983 ms. Memory: 2121216K Free: 1097873K (52%)
####### 47 Fri Jan 25 03:45:26 UTC 2019 $PTII/bin/ptinvoke ptolemy.vergil.basic.export.ExportModel -force htm -run -openComposites -timeOut 30000 -whiteBackground org/terraswarm/accessor/demo/AugmentedRealityVideoTerra/AugmentedRealityVideoTerra.xml $PTII/org/terraswarm/accessor/demo/AugmentedRealityVideoTerra/AugmentedRealityVideoTerra
Running .AugmentedRealityVideoTerra
Manager.initialize() finished: 12505 ms. Memory: 2179072K Free: 472025K (22%)
BrowserLauncher: UnsupportedOperation: http://localhost:8089: java.lang.UnsupportedOperationException: The BROWSE action is not supported on the current platform!
ExportHTMLTimer went off after 30000 ms., calling getDirector().finish and getDirector().stopFire()
UserInterface: Connection closed because model is no longer running. (Thread[AWT-EventQueue-0,6,main])
30128 ms. Memory: 2312192K Free: 839936K (36%)
Exported /home/travis/build/icyphy/ptII/org/terraswarm/accessor/demo/AugmentedRealityVideoTerra/AugmentedRealityVideoTerra/index.html
41073 ms. Memory: 2312192K Free: 750964K (32%)
####### 48 Fri Jan 25 03:46:07 UTC 2019 $PTII/bin/ptinvoke ptolemy.vergil.basic.export.ExportModel -force htm -run -openComposites -timeOut 30000 -whiteBackground org/terraswarm/accessor/demo/AugmentedRealityVideoTerra/SoundServerTerra.xml $PTII/org/terraswarm/accessor/demo/AugmentedRealityVideoTerra/SoundServerTerra
Running .SoundServerTerra
KeyValueStore: Making an HTTP request. (Thread[AWT-EventQueue-0,6,main])
ExportHTMLTimer went off after 30000 ms., calling getDirector().finish and getDirector().stopFire()
30072 ms. Memory: 2332672K Free: 702855K (30%)
Exported /home/travis/build/icyphy/ptII/org/terraswarm/accessor/demo/AugmentedRealityVideoTerra/SoundServerTerra/index.html
38539 ms. Memory: 2332672K Free: 662377K (28%)
####### 49 Fri Jan 25 03:46:45 UTC 2019 $PTII/bin/ptinvoke ptolemy.vergil.basic.export.ExportModel -force htm  -openComposites -timeOut 30000 -whiteBackground org/terraswarm/accessor/demo/Hue/Hue.xml $PTII/org/terraswarm/accessor/demo/Hue/Hue
Warning: not running org/terraswarm/accessor/demo/Hue/Hue.xml. See ptolemy/vergil/basic/export/test/junit/ExportModelJUnitTest.java
Exported /home/travis/build/icyphy/ptII/org/terraswarm/accessor/demo/Hue/Hue/index.html
3296 ms. Memory: 2312704K Free: 1563147K (68%)
####### 50 Fri Jan 25 03:46:49 UTC 2019 $PTII/bin/ptinvoke ptolemy.vergil.basic.export.ExportModel -force htm -run -openComposites -timeOut 30000 -whiteBackground org/terraswarm/accessor/demo/Hue/HueToggle.xml $PTII/org/terraswarm/accessor/demo/Hue/HueToggle
Running .HueToggle
Hue: Attempting to connect to: http://192.168.1.221/api/SVmAJELYPPsCJjRqbKMjg0dLgesa6ZmiKt4Bdwaq/lights/ (Thread[AWT-EventQueue-0,6,main])
Hue: Making an HTTP request. (Thread[AWT-EventQueue-0,6,main])
Hue: Hue.js: issueCommand(): '[{"id":8,"on":true,"hue":36559.240700512964}]' (Thread[AWT-EventQueue-0,6,main])
Hue: Not authenticated; queueing command. (Thread[AWT-EventQueue-0,6,main])
Hue: Hue.js: issueCommand(): '[{"id":8,"on":false,"hue":28242.304649841593}]' (Thread[AWT-EventQueue-0,6,main])
Hue: Not authenticated; queueing command. (Thread[AWT-EventQueue-0,6,main])
Hue: Hue.js: issueCommand(): '[{"id":8,"on":true,"hue":31263.037267591357}]' (Thread[AWT-EventQueue-0,6,main])
Hue: Not authenticated; queueing command. (Thread[AWT-EventQueue-0,6,main])
Hue: Hue.js: issueCommand(): '[{"id":8,"on":false,"hue":43657.60591402794}]' (Thread[AWT-EventQueue-0,6,main])
Hue: Not authenticated; queueing command. (Thread[AWT-EventQueue-0,6,main])
Hue: Hue.js: issueCommand(): '[{"id":8,"on":true,"hue":46529.97099846502}]' (Thread[AWT-EventQueue-0,6,main])
Hue: Not authenticated; queueing command. (Thread[AWT-EventQueue-0,6,main])
Hue: Hue.js: issueCommand(): '[{"id":8,"on":false,"hue":34394.551227528405}]' (Thread[AWT-EventQueue-0,6,main])
Hue: Not authenticated; queueing command. (Thread[AWT-EventQueue-0,6,main])
Hue: Hue.js: issueCommand(): '[{"id":8,"on":true,"hue":62741.22344218606}]' (Thread[AWT-EventQueue-0,6,main])
Hue: Not authenticated; queueing command. (Thread[AWT-EventQueue-0,6,main])
Hue: Hue.js: issueCommand(): '[{"id":8,"on":false,"hue":5100.44085196683}]' (Thread[AWT-EventQueue-0,6,main])
Hue: Not authenticated; queueing command. (Thread[AWT-EventQueue-0,6,main])
Hue: Hue.js: issueCommand(): '[{"id":8,"on":true,"hue":21227.385730390306}]' (Thread[AWT-EventQueue-0,6,main])
Hue: Not authenticated; queueing command. (Thread[AWT-EventQueue-0,6,main])
ExportHTMLTimer went off after 30000 ms., calling getDirector().finish and getDirector().stopFire()
30049 ms. Memory: 2280448K Free: 998424K (44%)
Exported /home/travis/build/icyphy/ptII/org/terraswarm/accessor/demo/Hue/HueToggle/index.html
37069 ms. Memory: 2280448K Free: 962458K (42%)
####### 51 Fri Jan 25 03:47:26 UTC 2019 $PTII/bin/ptinvoke ptolemy.vergil.basic.export.ExportModel -force htm -run -openComposites -timeOut 30000 -whiteBackground org/terraswarm/accessor/demo/Hue/MotionLights.xml $PTII/org/terraswarm/accessor/demo/Hue/MotionLights
Running .MotionLights
Hue: Attempting to connect to: http://192.168.2.2/api/ptolemyuser/lights/ (Thread[AWT-EventQueue-0,6,main])
Hue: Making an HTTP request. (Thread[AWT-EventQueue-0,6,main])
Hue: Hue.js: issueCommand(): '[{"id":7,"on":true,"hue":29627,"sat":131,"bri":228,"reactiontime":0},{"id":8,"on":true,"hue":29627,"sat":131,"bri":228,"reactiontime":0},{"id":9,"on":true,"hue":29627,"sat":131,"bri":228,"reactiontime":0}]' (Thread[AWT-EventQueue-0,6,main])
Hue: Not authenticated; queueing command. (Thread[AWT-EventQueue-0,6,main])
Hue: Hue.js: issueCommand(): '[{"id":7,"on":true,"hue":27965,"sat":147,"bri":222,"reactiontime":0},{"id":8,"on":true,"hue":27965,"sat":147,"bri":222,"reactiontime":0},{"id":9,"on":true,"hue":27965,"sat":147,"bri":222,"reactiontime":0}]' (Thread[AWT-EventQueue-0,6,main])
Hue: Not authenticated; queueing command. (Thread[AWT-EventQueue-0,6,main])
Hue: Hue.js: issueCommand(): '[{"id":7,"on":true,"hue":23076,"sat":133,"bri":248,"reactiontime":0},{"id":8,"on":true,"hue":23076,"sat":133,"bri":248,"reactiontime":0},{"id":9,"on":true,"hue":23076,"sat":133,"bri":248,"reactiontime":0}]' (Thread[AWT-EventQueue-0,6,main])
Hue: Not authenticated; queueing command. (Thread[AWT-EventQueue-0,6,main])
Hue: Hue.js: issueCommand(): '[{"id":7,"on":true,"hue":27574,"sat":162,"bri":293,"reactiontime":0},{"id":8,"on":true,"hue":27574,"sat":162,"bri":293,"reactiontime":0},{"id":9,"on":true,"hue":27574,"sat":162,"bri":293,"reactiontime":0}]' (Thread[AWT-EventQueue-0,6,main])
Hue: Not authenticated; queueing command. (Thread[AWT-EventQueue-0,6,main])
Hue: Hue.js: issueCommand(): '[{"id":7,"on":true,"hue":28845,"sat":123,"bri":185,"reactiontime":0},{"id":8,"on":true,"hue":28845,"sat":123,"bri":185,"reactiontime":0},{"id":9,"on":true,"hue":28845,"sat":123,"bri":185,"reactiontime":0}]' (Thread[AWT-EventQueue-0,6,main])
Hue: Not authenticated; queueing command. (Thread[AWT-EventQueue-0,6,main])
Hue: Hue.js: issueCommand(): '[{"id":7,"on":true,"hue":30214,"sat":184,"bri":256,"reactiontime":0},{"id":8,"on":true,"hue":30214,"sat":184,"bri":256,"reactiontime":0},{"id":9,"on":true,"hue":30214,"sat":184,"bri":256,"reactiontime":0}]' (Thread[AWT-EventQueue-0,6,main])
Hue: Not authenticated; queueing command. (Thread[AWT-EventQueue-0,6,main])
Hue: Hue.js: issueCommand(): '[{"id":7,"on":true,"hue":35103,"sat":165,"bri":259,"reactiontime":0},{"id":8,"on":true,"hue":35103,"sat":165,"bri":259,"reactiontime":0},{"id":9,"on":true,"hue":35103,"sat":165,"bri":259,"reactiontime":0}]' (Thread[AWT-EventQueue-0,6,main])
Hue: Not authenticated; queueing command. (Thread[AWT-EventQueue-0,6,main])
Hue: Hue.js: issueCommand(): '[{"id":7,"on":true,"hue":32854,"sat":137,"bri":306,"reactiontime":0},{"id":8,"on":true,"hue":32854,"sat":137,"bri":306,"reactiontime":0},{"id":9,"on":true,"hue":32854,"sat":137,"bri":306,"reactiontime":0}]' (Thread[AWT-EventQueue-0,6,main])
Hue: Not authenticated; queueing command. (Thread[AWT-EventQueue-0,6,main])
Hue: Hue.js: issueCommand(): '[{"id":7,"on":true,"hue":29432,"sat":108,"bri":125,"reactiontime":0},{"id":8,"on":true,"hue":29432,"sat":108,"bri":125,"reactiontime":0},{"id":9,"on":true,"hue":29432,"sat":108,"bri":125,"reactiontime":0}]' (Thread[AWT-EventQueue-0,6,main])
Hue: Not authenticated; queueing command. (Thread[AWT-EventQueue-0,6,main])
Hue: Hue.js: issueCommand(): '[{"id":7,"on":true,"hue":33050,"sat":119,"bri":157,"reactiontime":0},{"id":8,"on":true,"hue":33050,"sat":119,"bri":157,"reactiontime":0},{"id":9,"on":true,"hue":33050,"sat":119,"bri":157,"reactiontime":0}]' (Thread[AWT-EventQueue-0,6,main])
Hue: Not authenticated; queueing command. (Thread[AWT-EventQueue-0,6,main])
Hue: Hue.js: issueCommand(): '[{"id":7,"on":true,"hue":28649,"sat":157,"bri":237,"reactiontime":0},{"id":8,"on":true,"hue":28649,"sat":157,"bri":237,"reactiontime":0},{"id":9,"on":true,"hue":28649,"sat":157,"bri":237,"reactiontime":0}]' (Thread[AWT-EventQueue-0,6,main])
Hue: Not authenticated; queueing command. (Thread[AWT-EventQueue-0,6,main])
Hue: Hue.js: issueCommand(): '[{"id":7,"on":true,"hue":22098,"sat":116,"bri":233,"reactiontime":0},{"id":8,"on":true,"hue":22098,"sat":116,"bri":233,"reactiontime":0},{"id":9,"on":true,"hue":22098,"sat":116,"bri":233,"reactiontime":0}]' (Thread[AWT-EventQueue-0,6,main])
Hue: Not authenticated; queueing command. (Thread[AWT-EventQueue-0,6,main])
Hue: Hue.js: issueCommand(): '[{"id":7,"on":true,"hue":29236,"sat":126,"bri":208,"reactiontime":0},{"id":8,"on":true,"hue":29236,"sat":126,"bri":208,"reactiontime":0},{"id":9,"on":true,"hue":29236,"sat":126,"bri":208,"reactiontime":0}]' (Thread[AWT-EventQueue-0,6,main])
Hue: Not authenticated; queueing command. (Thread[AWT-EventQueue-0,6,main])
Hue: Hue.js: issueCommand(): '[{"id":7,"on":true,"hue":35396,"sat":91,"bri":143,"reactiontime":0},{"id":8,"on":true,"hue":35396,"sat":91,"bri":143,"reactiontime":0},{"id":9,"on":true,"hue":35396,"sat":91,"bri":143,"reactiontime":0}]' (Thread[AWT-EventQueue-0,6,main])
Hue: Not authenticated; queueing command. (Thread[AWT-EventQueue-0,6,main])
Hue: Hue.js: issueCommand(): '[{"id":7,"on":true,"hue":24249,"sat":140,"bri":199,"reactiontime":0},{"id":8,"on":true,"hue":24249,"sat":140,"bri":199,"reactiontime":0},{"id":9,"on":true,"hue":24249,"sat":140,"bri":199,"reactiontime":0}]' (Thread[AWT-EventQueue-0,6,main])
Hue: Not authenticated; queueing command. (Thread[AWT-EventQueue-0,6,main])
Hue: Hue.js: issueCommand(): '[{"id":7,"on":true,"hue":36570,"sat":150,"bri":214,"reactiontime":0},{"id":8,"on":true,"hue":36570,"sat":150,"bri":214,"reactiontime":0},{"id":9,"on":true,"hue":36570,"sat":150,"bri":214,"reactiontime":0}]' (Thread[AWT-EventQueue-0,6,main])
Hue: Not authenticated; queueing command. (Thread[AWT-EventQueue-0,6,main])
Hue: Hue.js: issueCommand(): '[{"id":7,"on":true,"hue":28649,"sat":184,"bri":159,"reactiontime":0},{"id":8,"on":true,"hue":28649,"sat":184,"bri":159,"reactiontime":0},{"id":9,"on":true,"hue":28649,"sat":184,"bri":159,"reactiontime":0}]' (Thread[AWT-EventQueue-0,6,main])
Hue: Not authenticated; queueing command. (Thread[AWT-EventQueue-0,6,main])
Hue: Hue.js: issueCommand(): '[{"id":7,"on":true,"hue":34027,"sat":146,"bri":272,"reactiontime":0},{"id":8,"on":true,"hue":34027,"sat":146,"bri":272,"reactiontime":0},{"id":9,"on":true,"hue":34027,"sat":146,"bri":272,"reactiontime":0}]' (Thread[AWT-EventQueue-0,6,main])
Hue: Not authenticated; queueing command. (Thread[AWT-EventQueue-0,6,main])
Hue: Hue.js: issueCommand(): '[{"id":7,"on":true,"hue":35592,"sat":134,"bri":197,"reactiontime":0},{"id":8,"on":true,"hue":35592,"sat":134,"bri":197,"reactiontime":0},{"id":9,"on":true,"hue":35592,"sat":134,"bri":197,"reactiontime":0}]' (Thread[AWT-EventQueue-0,6,main])
Hue: Not authenticated; queueing command. (Thread[AWT-EventQueue-0,6,main])
Hue: Hue.js: issueCommand(): '[{"id":7,"on":true,"hue":24934,"sat":142,"bri":268,"reactiontime":0},{"id":8,"on":true,"hue":24934,"sat":142,"bri":268,"reactiontime":0},{"id":9,"on":true,"hue":24934,"sat":142,"bri":268,"reactiontime":0}]' (Thread[AWT-EventQueue-0,6,main])
Hue: Not authenticated; queueing command. (Thread[AWT-EventQueue-0,6,main])
Hue: Hue.js: issueCommand(): '[{"id":7,"on":true,"hue":37743,"sat":94,"bri":176,"reactiontime":0},{"id":8,"on":true,"hue":37743,"sat":94,"bri":176,"reactiontime":0},{"id":9,"on":true,"hue":37743,"sat":94,"bri":176,"reactiontime":0}]' (Thread[AWT-EventQueue-0,6,main])
Hue: Not authenticated; queueing command. (Thread[AWT-EventQueue-0,6,main])
Hue: Hue.js: issueCommand(): '[{"id":7,"on":true,"hue":29041,"sat":176,"bri":148,"reactiontime":0},{"id":8,"on":true,"hue":29041,"sat":176,"bri":148,"reactiontime":0},{"id":9,"on":true,"hue":29041,"sat":176,"bri":148,"reactiontime":0}]' (Thread[AWT-EventQueue-0,6,main])
Hue: Not authenticated; queueing command. (Thread[AWT-EventQueue-0,6,main])
Hue: Hue.js: issueCommand(): '[{"id":7,"on":true,"hue":13004,"sat":162,"bri":74,"reactiontime":0},{"id":8,"on":true,"hue":13004,"sat":162,"bri":74,"reactiontime":0},{"id":9,"on":true,"hue":13004,"sat":162,"bri":74,"reactiontime":0}]' (Thread[AWT-EventQueue-0,6,main])
Hue: Not authenticated; queueing command. (Thread[AWT-EventQueue-0,6,main])
Hue: Hue.js: issueCommand(): '[{"id":7,"on":true,"hue":34712,"sat":139,"bri":189,"reactiontime":0},{"id":8,"on":true,"hue":34712,"sat":139,"bri":189,"reactiontime":0},{"id":9,"on":true,"hue":34712,"sat":139,"bri":189,"reactiontime":0}]' (Thread[AWT-EventQueue-0,6,main])
Hue: Not authenticated; queueing command. (Thread[AWT-EventQueue-0,6,main])
Hue: Hue.js: issueCommand(): '[{"id":7,"on":true,"hue":26400,"sat":133,"bri":188,"reactiontime":0},{"id":8,"on":true,"hue":26400,"sat":133,"bri":188,"reactiontime":0},{"id":9,"on":true,"hue":26400,"sat":133,"bri":188,"reactiontime":0}]' (Thread[AWT-EventQueue-0,6,main])
Hue: Not authenticated; queueing command. (Thread[AWT-EventQueue-0,6,main])
Hue: Hue.js: issueCommand(): '[{"id":7,"on":true,"hue":25520,"sat":157,"bri":83,"reactiontime":0},{"id":8,"on":true,"hue":25520,"sat":157,"bri":83,"reactiontime":0},{"id":9,"on":true,"hue":25520,"sat":157,"bri":83,"reactiontime":0}]' (Thread[AWT-EventQueue-0,6,main])
Hue: Not authenticated; queueing command. (Thread[AWT-EventQueue-0,6,main])
Hue: Hue.js: issueCommand(): '[{"id":7,"on":true,"hue":35103,"sat":147,"bri":181,"reactiontime":0},{"id":8,"on":true,"hue":35103,"sat":147,"bri":181,"reactiontime":0},{"id":9,"on":true,"hue":35103,"sat":147,"bri":181,"reactiontime":0}]' (Thread[AWT-EventQueue-0,6,main])
Hue: Not authenticated; queueing command. (Thread[AWT-EventQueue-0,6,main])
Hue: Hue.js: issueCommand(): '[{"id":7,"on":true,"hue":34419,"sat":136,"bri":139,"reactiontime":0},{"id":8,"on":true,"hue":34419,"sat":136,"bri":139,"reactiontime":0},{"id":9,"on":true,"hue":34419,"sat":136,"bri":139,"reactiontime":0}]' (Thread[AWT-EventQueue-0,6,main])
Hue: Not authenticated; queueing command. (Thread[AWT-EventQueue-0,6,main])
Hue: Hue.js: issueCommand(): '[{"id":7,"on":true,"hue":27672,"sat":154,"bri":184,"reactiontime":0},{"id":8,"on":true,"hue":27672,"sat":154,"bri":184,"reactiontime":0},{"id":9,"on":true,"hue":27672,"sat":154,"bri":184,"reactiontime":0}]' (Thread[AWT-EventQueue-0,6,main])
Hue: Not authenticated; queueing command. (Thread[AWT-EventQueue-0,6,main])
Hue: Hue.js: issueCommand(): '[{"id":7,"on":true,"hue":30996,"sat":109,"bri":219,"reactiontime":0},{"id":8,"on":true,"hue":30996,"sat":109,"bri":219,"reactiontime":0},{"id":9,"on":true,"hue":30996,"sat":109,"bri":219,"reactiontime":0}]' (Thread[AWT-EventQueue-0,6,main])
Hue: Not authenticated; queueing command. (Thread[AWT-EventQueue-0,6,main])
Hue: Hue.js: issueCommand(): '[{"id":7,"on":true,"hue":36081,"sat":183,"bri":192,"reactiontime":0},{"id":8,"on":true,"hue":36081,"sat":183,"bri":192,"reactiontime":0},{"id":9,"on":true,"hue":36081,"sat":183,"bri":192,"reactiontime":0}]' (Thread[AWT-EventQueue-0,6,main])
Hue: Not authenticated; queueing command. (Thread[AWT-EventQueue-0,6,main])
Hue: Hue.js: issueCommand(): '[{"id":7,"on":true,"hue":34614,"sat":170,"bri":264,"reactiontime":0},{"id":8,"on":true,"hue":34614,"sat":170,"bri":264,"reactiontime":0},{"id":9,"on":true,"hue":34614,"sat":170,"bri":264,"reactiontime":0}]' (Thread[AWT-EventQueue-0,6,main])
Hue: Not authenticated; queueing command. (Thread[AWT-EventQueue-0,6,main])
Hue: Hue.js: issueCommand(): '[{"id":7,"on":true,"hue":42045,"sat":119,"bri":189,"reactiontime":0},{"id":8,"on":true,"hue":42045,"sat":119,"bri":189,"reactiontime":0},{"id":9,"on":true,"hue":42045,"sat":119,"bri":189,"reactiontime":0}]' (Thread[AWT-EventQueue-0,6,main])
Hue: Not authenticated; queueing command. (Thread[AWT-EventQueue-0,6,main])
Hue: Hue.js: issueCommand(): '[{"id":7,"on":true,"hue":35787,"sat":153,"bri":315,"reactiontime":0},{"id":8,"on":true,"hue":35787,"sat":153,"bri":315,"reactiontime":0},{"id":9,"on":true,"hue":35787,"sat":153,"bri":315,"reactiontime":0}]' (Thread[AWT-EventQueue-0,6,main])
Hue: Not authenticated; queueing command. (Thread[AWT-EventQueue-0,6,main])
Hue: Hue.js: issueCommand(): '[{"id":7,"on":true,"hue":27476,"sat":131,"bri":287,"reactiontime":0},{"id":8,"on":true,"hue":27476,"sat":131,"bri":287,"reactiontime":0},{"id":9,"on":true,"hue":27476,"sat":131,"bri":287,"reactiontime":0}]' (Thread[AWT-EventQueue-0,6,main])
Hue: Not authenticated; queueing command. (Thread[AWT-EventQueue-0,6,main])
Hue: Hue.js: issueCommand(): '[{"id":7,"on":true,"hue":37548,"sat":113,"bri":196,"reactiontime":0},{"id":8,"on":true,"hue":37548,"sat":113,"bri":196,"reactiontime":0},{"id":9,"on":true,"hue":37548,"sat":113,"bri":196,"reactiontime":0}]' (Thread[AWT-EventQueue-0,6,main])
Hue: Not authenticated; queueing command. (Thread[AWT-EventQueue-0,6,main])
Hue: Hue.js: issueCommand(): '[{"id":7,"on":true,"hue":31192,"sat":119,"bri":279,"reactiontime":0},{"id":8,"on":true,"hue":31192,"sat":119,"bri":279,"reactiontime":0},{"id":9,"on":true,"hue":31192,"sat":119,"bri":279,"reactiontime":0}]' (Thread[AWT-EventQueue-0,6,main])
Hue: Not authenticated; queueing command. (Thread[AWT-EventQueue-0,6,main])
Hue: Hue.js: issueCommand(): '[{"id":7,"on":true,"hue":29236,"sat":116,"bri":194,"reactiontime":0},{"id":8,"on":true,"hue":29236,"sat":116,"bri":194,"reactiontime":0},{"id":9,"on":true,"hue":29236,"sat":116,"bri":194,"reactiontime":0}]' (Thread[AWT-EventQueue-0,6,main])
Hue: Not authenticated; queueing command. (Thread[AWT-EventQueue-0,6,main])
Hue: Hue.js: issueCommand(): '[{"id":7,"on":true,"hue":29432,"sat":140,"bri":209,"reactiontime":0},{"id":8,"on":true,"hue":29432,"sat":140,"bri":209,"reactiontime":0},{"id":9,"on":true,"hue":29432,"sat":140,"bri":209,"reactiontime":0}]' (Thread[AWT-EventQueue-0,6,main])
Hue: Not authenticated; queueing command. (Thread[AWT-EventQueue-0,6,main])
Hue: Hue.js: issueCommand(): '[{"id":7,"on":true,"hue":28943,"sat":142,"bri":349,"reactiontime":0},{"id":8,"on":true,"hue":28943,"sat":142,"bri":349,"reactiontime":0},{"id":9,"on":true,"hue":28943,"sat":142,"bri":349,"reactiontime":0}]' (Thread[AWT-EventQueue-0,6,main])
Hue: Not authenticated; queueing command. (Thread[AWT-EventQueue-0,6,main])
Hue: Hue.js: issueCommand(): '[{"id":7,"on":true,"hue":28943,"sat":145,"bri":345,"reactiontime":0},{"id":8,"on":true,"hue":28943,"sat":145,"bri":345,"reactiontime":0},{"id":9,"on":true,"hue":28943,"sat":145,"bri":345,"reactiontime":0}]' (Thread[AWT-EventQueue-0,6,main])
Hue: Not authenticated; queueing command. (Thread[AWT-EventQueue-0,6,main])
Hue: Hue.js: issueCommand(): '[{"id":7,"on":false},{"id":8,"on":false},{"id":9,"on":false}]' (Thread[AWT-EventQueue-0,6,main])
Hue: Not authenticated; queueing command. (Thread[AWT-EventQueue-0,6,main])
Hue: Hue.js: issueCommand(): '[{"id":7,"on":true,"hue":37841,"sat":97,"bri":229,"reactiontime":0},{"id":8,"on":true,"hue":37841,"sat":97,"bri":229,"reactiontime":0},{"id":9,"on":true,"hue":37841,"sat":97,"bri":229,"reactiontime":0}]' (Thread[AWT-EventQueue-0,6,main])
Hue: Not authenticated; queueing command. (Thread[AWT-EventQueue-0,6,main])
Hue: Hue.js: issueCommand(): '[{"id":7,"on":true,"hue":31681,"sat":141,"bri":217,"reactiontime":0},{"id":8,"on":true,"hue":31681,"sat":141,"bri":217,"reactiontime":0},{"id":9,"on":true,"hue":31681,"sat":141,"bri":217,"reactiontime":0}]' (Thread[AWT-EventQueue-0,6,main])
Hue: Not authenticated; queueing command. (Thread[AWT-EventQueue-0,6,main])
Hue: Hue.js: issueCommand(): '[{"id":7,"on":true,"hue":44881,"sat":119,"bri":197,"reactiontime":0},{"id":8,"on":true,"hue":44881,"sat":119,"bri":197,"reactiontime":0},{"id":9,"on":true,"hue":44881,"sat":119,"bri":197,"reactiontime":0}]' (Thread[AWT-EventQueue-0,6,main])
Hue: Not authenticated; queueing command. (Thread[AWT-EventQueue-0,6,main])
Hue: Hue.js: issueCommand(): '[{"id":7,"on":true,"hue":32365,"sat":157,"bri":137,"reactiontime":0},{"id":8,"on":true,"hue":32365,"sat":157,"bri":137,"reactiontime":0},{"id":9,"on":true,"hue":32365,"sat":157,"bri":137,"reactiontime":0}]' (Thread[AWT-EventQueue-0,6,main])
Hue: Not authenticated; queueing command. (Thread[AWT-EventQueue-0,6,main])
Hue: Hue.js: issueCommand(): '[{"id":7,"on":true,"hue":32170,"sat":139,"bri":288,"reactiontime":0},{"id":8,"on":true,"hue":32170,"sat":139,"bri":288,"reactiontime":0},{"id":9,"on":true,"hue":32170,"sat":139,"bri":288,"reactiontime":0}]' (Thread[AWT-EventQueue-0,6,main])
Hue: Not authenticated; queueing command. (Thread[AWT-EventQueue-0,6,main])
Hue: Hue.js: issueCommand(): '[{"id":7,"on":true,"hue":35103,"sat":164,"bri":55,"reactiontime":0},{"id":8,"on":true,"hue":35103,"sat":164,"bri":55,"reactiontime":0},{"id":9,"on":true,"hue":35103,"sat":164,"bri":55,"reactiontime":0}]' (Thread[AWT-EventQueue-0,6,main])
Hue: Not authenticated; queueing command. (Thread[AWT-EventQueue-0,6,main])
Hue: Hue.js: issueCommand(): '[{"id":7,"on":true,"hue":39210,"sat":126,"bri":186,"reactiontime":0},{"id":8,"on":true,"hue":39210,"sat":126,"bri":186,"reactiontime":0},{"id":9,"on":true,"hue":39210,"sat":126,"bri":186,"reactiontime":0}]' (Thread[AWT-EventQueue-0,6,main])
Hue: Not authenticated; queueing command. (Thread[AWT-EventQueue-0,6,main])
Hue: Hue.js: issueCommand(): '[{"id":7,"on":true,"hue":40188,"sat":147,"bri":198,"reactiontime":0},{"id":8,"on":true,"hue":40188,"sat":147,"bri":198,"reactiontime":0},{"id":9,"on":true,"hue":40188,"sat":147,"bri":198,"reactiontime":0}]' (Thread[AWT-EventQueue-0,6,main])
Hue: Not authenticated; queueing command. (Thread[AWT-EventQueue-0,6,main])
Hue: Hue.js: issueCommand(): '[{"id":7,"on":true,"hue":28552,"sat":145,"bri":324,"reactiontime":0},{"id":8,"on":true,"hue":28552,"sat":145,"bri":324,"reactiontime":0},{"id":9,"on":true,"hue":28552,"sat":145,"bri":324,"reactiontime":0}]' (Thread[AWT-EventQueue-0,6,main])
Hue: Not authenticated; queueing command. (Thread[AWT-EventQueue-0,6,main])
Hue: Hue.js: issueCommand(): '[{"id":7,"on":true,"hue":29236,"sat":156,"bri":310,"reactiontime":0},{"id":8,"on":true,"hue":29236,"sat":156,"bri":310,"reactiontime":0},{"id":9,"on":true,"hue":29236,"sat":156,"bri":310,"reactiontime":0}]' (Thread[AWT-EventQueue-0,6,main])
Hue: Not authenticated; queueing command. (Thread[AWT-EventQueue-0,6,main])
Hue: Hue.js: issueCommand(): '[{"id":7,"on":true,"hue":33734,"sat":134,"bri":341,"reactiontime":0},{"id":8,"on":true,"hue":33734,"sat":134,"bri":341,"reactiontime":0},{"id":9,"on":true,"hue":33734,"sat":134,"bri":341,"reactiontime":0}]' (Thread[AWT-EventQueue-0,6,main])
Hue: Not authenticated; queueing command. (Thread[AWT-EventQueue-0,6,main])
Hue: Hue.js: issueCommand(): '[{"id":7,"on":true,"hue":32267,"sat":139,"bri":360,"reactiontime":0},{"id":8,"on":true,"hue":32267,"sat":139,"bri":360,"reactiontime":0},{"id":9,"on":true,"hue":32267,"sat":139,"bri":360,"reactiontime":0}]' (Thread[AWT-EventQueue-0,6,main])
Hue: Not authenticated; queueing command. (Thread[AWT-EventQueue-0,6,main])
Hue: Hue.js: issueCommand(): '[{"id":7,"on":true,"hue":31583,"sat":133,"bri":256,"reactiontime":0},{"id":8,"on":true,"hue":31583,"sat":133,"bri":256,"reactiontime":0},{"id":9,"on":true,"hue":31583,"sat":133,"bri":256,"reactiontime":0}]' (Thread[AWT-EventQueue-0,6,main])
Hue: Not authenticated; queueing command. (Thread[AWT-EventQueue-0,6,main])
Hue: Hue.js: issueCommand(): '[{"id":7,"on":true,"hue":33050,"sat":136,"bri":218,"reactiontime":0},{"id":8,"on":true,"hue":33050,"sat":136,"bri":218,"reactiontime":0},{"id":9,"on":true,"hue":33050,"sat":136,"bri":218,"reactiontime":0}]' (Thread[AWT-EventQueue-0,6,main])
Hue: Not authenticated; queueing command. (Thread[AWT-EventQueue-0,6,main])
Hue: Hue.js: issueCommand(): '[{"id":7,"on":true,"hue":34223,"sat":173,"bri":215,"reactiontime":0},{"id":8,"on":true,"hue":34223,"sat":173,"bri":215,"reactiontime":0},{"id":9,"on":true,"hue":34223,"sat":173,"bri":215,"reactiontime":0}]' (Thread[AWT-EventQueue-0,6,main])
Hue: Not authenticated; queueing command. (Thread[AWT-EventQueue-0,6,main])
Hue: Hue.js: issueCommand(): '[{"id":7,"on":true,"hue":30018,"sat":125,"bri":122,"reactiontime":0},{"id":8,"on":true,"hue":30018,"sat":125,"bri":122,"reactiontime":0},{"id":9,"on":true,"hue":30018,"sat":125,"bri":122,"reactiontime":0}]' (Thread[AWT-EventQueue-0,6,main])
Hue: Not authenticated; queueing command. (Thread[AWT-EventQueue-0,6,main])
Hue: Hue.js: issueCommand(): '[{"id":7,"on":true,"hue":34810,"sat":143,"bri":306,"reactiontime":0},{"id":8,"on":true,"hue":34810,"sat":143,"bri":306,"reactiontime":0},{"id":9,"on":true,"hue":34810,"sat":143,"bri":306,"reactiontime":0}]' (Thread[AWT-EventQueue-0,6,main])
Hue: Not authenticated; queueing command. (Thread[AWT-EventQueue-0,6,main])
Hue: Hue.js: issueCommand(): '[{"id":7,"on":true,"hue":33538,"sat":151,"bri":210,"reactiontime":0},{"id":8,"on":true,"hue":33538,"sat":151,"bri":210,"reactiontime":0},{"id":9,"on":true,"hue":33538,"sat":151,"bri":210,"reactiontime":0}]' (Thread[AWT-EventQueue-0,6,main])
Hue: Not authenticated; queueing command. (Thread[AWT-EventQueue-0,6,main])
Hue: Hue.js: issueCommand(): '[{"id":7,"on":true,"hue":29725,"sat":167,"bri":151,"reactiontime":0},{"id":8,"on":true,"hue":29725,"sat":167,"bri":151,"reactiontime":0},{"id":9,"on":true,"hue":29725,"sat":167,"bri":151,"reactiontime":0}]' (Thread[AWT-EventQueue-0,6,main])
Hue: Not authenticated; queueing command. (Thread[AWT-EventQueue-0,6,main])
Hue: Hue.js: issueCommand(): '[{"id":7,"on":true,"hue":34027,"sat":173,"bri":243,"reactiontime":0},{"id":8,"on":true,"hue":34027,"sat":173,"bri":243,"reactiontime":0},{"id":9,"on":true,"hue":34027,"sat":173,"bri":243,"reactiontime":0}]' (Thread[AWT-EventQueue-0,6,main])
Hue: Not authenticated; queueing command. (Thread[AWT-EventQueue-0,6,main])
Hue: Hue.js: issueCommand(): '[{"id":7,"on":true,"hue":25618,"sat":149,"bri":107,"reactiontime":0},{"id":8,"on":true,"hue":25618,"sat":149,"bri":107,"reactiontime":0},{"id":9,"on":true,"hue":25618,"sat":149,"bri":107,"reactiontime":0}]' (Thread[AWT-EventQueue-0,6,main])
Hue: Not authenticated; queueing command. (Thread[AWT-EventQueue-0,6,main])
Hue: Hue.js: issueCommand(): '[{"id":7,"on":true,"hue":29627,"sat":146,"bri":130,"reactiontime":0},{"id":8,"on":true,"hue":29627,"sat":146,"bri":130,"reactiontime":0},{"id":9,"on":true,"hue":29627,"sat":146,"bri":130,"reactiontime":0}]' (Thread[AWT-EventQueue-0,6,main])
Hue: Not authenticated; queueing command. (Thread[AWT-EventQueue-0,6,main])
Hue: Hue.js: issueCommand(): '[{"id":7,"on":true,"hue":28943,"sat":163,"bri":257,"reactiontime":0},{"id":8,"on":true,"hue":28943,"sat":163,"bri":257,"reactiontime":0},{"id":9,"on":true,"hue":28943,"sat":163,"bri":257,"reactiontime":0}]' (Thread[AWT-EventQueue-0,6,main])
Hue: Not authenticated; queueing command. (Thread[AWT-EventQueue-0,6,main])
Hue: Hue.js: issueCommand(): '[{"id":7,"on":true,"hue":28063,"sat":127,"bri":166,"reactiontime":0},{"id":8,"on":true,"hue":28063,"sat":127,"bri":166,"reactiontime":0},{"id":9,"on":true,"hue":28063,"sat":127,"bri":166,"reactiontime":0}]' (Thread[AWT-EventQueue-0,6,main])
Hue: Not authenticated; queueing command. (Thread[AWT-EventQueue-0,6,main])
Hue: Hue.js: issueCommand(): '[{"id":7,"on":true,"hue":35396,"sat":181,"bri":67,"reactiontime":0},{"id":8,"on":true,"hue":35396,"sat":181,"bri":67,"reactiontime":0},{"id":9,"on":true,"hue":35396,"sat":181,"bri":67,"reactiontime":0}]' (Thread[AWT-EventQueue-0,6,main])
Hue: Not authenticated; queueing command. (Thread[AWT-EventQueue-0,6,main])
Hue: Hue.js: issueCommand(): '[{"id":7,"on":true,"hue":22880,"sat":66,"bri":65,"reactiontime":0},{"id":8,"on":true,"hue":22880,"sat":66,"bri":65,"reactiontime":0},{"id":9,"on":true,"hue":22880,"sat":66,"bri":65,"reactiontime":0}]' (Thread[AWT-EventQueue-0,6,main])
Hue: Not authenticated; queueing command. (Thread[AWT-EventQueue-0,6,main])
Hue: Hue.js: issueCommand(): '[{"id":7,"on":true,"hue":40188,"sat":142,"bri":251,"reactiontime":0},{"id":8,"on":true,"hue":40188,"sat":142,"bri":251,"reactiontime":0},{"id":9,"on":true,"hue":40188,"sat":142,"bri":251,"reactiontime":0}]' (Thread[AWT-EventQueue-0,6,main])
Hue: Not authenticated; queueing command. (Thread[AWT-EventQueue-0,6,main])
Hue: Hue.js: issueCommand(): '[{"id":7,"on":true,"hue":37059,"sat":83,"bri":169,"reactiontime":0},{"id":8,"on":true,"hue":37059,"sat":83,"bri":169,"reactiontime":0},{"id":9,"on":true,"hue":37059,"sat":83,"bri":169,"reactiontime":0}]' (Thread[AWT-EventQueue-0,6,main])
Hue: Not authenticated; queueing command. (Thread[AWT-EventQueue-0,6,main])
Hue: Hue.js: issueCommand(): '[{"id":7,"on":true,"hue":34419,"sat":157,"bri":251,"reactiontime":0},{"id":8,"on":true,"hue":34419,"sat":157,"bri":251,"reactiontime":0},{"id":9,"on":true,"hue":34419,"sat":157,"bri":251,"reactiontime":0}]' (Thread[AWT-EventQueue-0,6,main])
Hue: Not authenticated; queueing command. (Thread[AWT-EventQueue-0,6,main])
Hue: Hue.js: issueCommand(): '[{"id":7,"on":true,"hue":40090,"sat":122,"bri":271,"reactiontime":0},{"id":8,"on":true,"hue":40090,"sat":122,"bri":271,"reactiontime":0},{"id":9,"on":true,"hue":40090,"sat":122,"bri":271,"reactiontime":0}]' (Thread[AWT-EventQueue-0,6,main])
Hue: Not authenticated; queueing command. (Thread[AWT-EventQueue-0,6,main])
Hue: Hue.js: issueCommand(): '[{"id":7,"on":true,"hue":37450,"sat":106,"bri":204,"reactiontime":0},{"id":8,"on":true,"hue":37450,"sat":106,"bri":204,"reactiontime":0},{"id":9,"on":true,"hue":37450,"sat":106,"bri":204,"reactiontime":0}]' (Thread[AWT-EventQueue-0,6,main])
Hue: Not authenticated; queueing command. (Thread[AWT-EventQueue-0,6,main])
Hue: Hue.js: issueCommand(): '[{"id":7,"on":true,"hue":43317,"sat":120,"bri":195,"reactiontime":0},{"id":8,"on":true,"hue":43317,"sat":120,"bri":195,"reactiontime":0},{"id":9,"on":true,"hue":43317,"sat":120,"bri":195,"reactiontime":0}]' (Thread[AWT-EventQueue-0,6,main])
Hue: Not authenticated; queueing command. (Thread[AWT-EventQueue-0,6,main])
Hue: Hue.js: issueCommand(): '[{"id":7,"on":true,"hue":26009,"sat":125,"bri":181,"reactiontime":0},{"id":8,"on":true,"hue":26009,"sat":125,"bri":181,"reactiontime":0},{"id":9,"on":true,"hue":26009,"sat":125,"bri":181,"reactiontime":0}]' (Thread[AWT-EventQueue-0,6,main])
Hue: Not authenticated; queueing command. (Thread[AWT-EventQueue-0,6,main])
Hue: Hue.js: issueCommand(): '[{"id":7,"on":true,"hue":33050,"sat":172,"bri":249,"reactiontime":0},{"id":8,"on":true,"hue":33050,"sat":172,"bri":249,"reactiontime":0},{"id":9,"on":true,"hue":33050,"sat":172,"bri":249,"reactiontime":0}]' (Thread[AWT-EventQueue-0,6,main])
Hue: Not authenticated; queueing command. (Thread[AWT-EventQueue-0,6,main])
Hue: Hue.js: issueCommand(): '[{"id":7,"on":true,"hue":40285,"sat":155,"bri":267,"reactiontime":0},{"id":8,"on":true,"hue":40285,"sat":155,"bri":267,"reactiontime":0},{"id":9,"on":true,"hue":40285,"sat":155,"bri":267,"reactiontime":0}]' (Thread[AWT-EventQueue-0,6,main])
Hue: Not authenticated; queueing command. (Thread[AWT-EventQueue-0,6,main])
Hue: Hue.js: issueCommand(): '[{"id":7,"on":true,"hue":36472,"sat":146,"bri":220,"reactiontime":0},{"id":8,"on":true,"hue":36472,"sat":146,"bri":220,"reactiontime":0},{"id":9,"on":true,"hue":36472,"sat":146,"bri":220,"reactiontime":0}]' (Thread[AWT-EventQueue-0,6,main])
Hue: Not authenticated; queueing command. (Thread[AWT-EventQueue-0,6,main])
Hue: Hue.js: issueCommand(): '[{"id":7,"on":true,"hue":40188,"sat":139,"bri":245,"reactiontime":0},{"id":8,"on":true,"hue":40188,"sat":139,"bri":245,"reactiontime":0},{"id":9,"on":true,"hue":40188,"sat":139,"bri":245,"reactiontime":0}]' (Thread[AWT-EventQueue-0,6,main])
Hue: Not authenticated; queueing command. (Thread[AWT-EventQueue-0,6,main])
Hue: Hue.js: issueCommand(): '[{"id":7,"on":true,"hue":29041,"sat":150,"bri":163,"reactiontime":0},{"id":8,"on":true,"hue":29041,"sat":150,"bri":163,"reactiontime":0},{"id":9,"on":true,"hue":29041,"sat":150,"bri":163,"reactiontime":0}]' (Thread[AWT-EventQueue-0,6,main])
Hue: Not authenticated; queueing command. (Thread[AWT-EventQueue-0,6,main])
Hue: Hue.js: issueCommand(): '[{"id":7,"on":true,"hue":27867,"sat":104,"bri":236,"reactiontime":0},{"id":8,"on":true,"hue":27867,"sat":104,"bri":236,"reactiontime":0},{"id":9,"on":true,"hue":27867,"sat":104,"bri":236,"reactiontime":0}]' (Thread[AWT-EventQueue-0,6,main])
Hue: Not authenticated; queueing command. (Thread[AWT-EventQueue-0,6,main])
Hue: Hue.js: issueCommand(): '[{"id":7,"on":true,"hue":40872,"sat":163,"bri":202,"reactiontime":0},{"id":8,"on":true,"hue":40872,"sat":163,"bri":202,"reactiontime":0},{"id":9,"on":true,"hue":40872,"sat":163,"bri":202,"reactiontime":0}]' (Thread[AWT-EventQueue-0,6,main])
Hue: Not authenticated; queueing command. (Thread[AWT-EventQueue-0,6,main])
Hue: Hue.js: issueCommand(): '[{"id":7,"on":true,"hue":28552,"sat":124,"bri":130,"reactiontime":0},{"id":8,"on":true,"hue":28552,"sat":124,"bri":130,"reactiontime":0},{"id":9,"on":true,"hue":28552,"sat":124,"bri":130,"reactiontime":0}]' (Thread[AWT-EventQueue-0,6,main])
Hue: Not authenticated; queueing command. (Thread[AWT-EventQueue-0,6,main])
Hue: Hue.js: issueCommand(): '[{"id":7,"on":true,"hue":37254,"sat":80,"bri":85,"reactiontime":0},{"id":8,"on":true,"hue":37254,"sat":80,"bri":85,"reactiontime":0},{"id":9,"on":true,"hue":37254,"sat":80,"bri":85,"reactiontime":0}]' (Thread[AWT-EventQueue-0,6,main])
Hue: Not authenticated; queueing command. (Thread[AWT-EventQueue-0,6,main])
Hue: Hue.js: issueCommand(): '[{"id":7,"on":true,"hue":19947,"sat":148,"bri":136,"reactiontime":0},{"id":8,"on":true,"hue":19947,"sat":148,"bri":136,"reactiontime":0},{"id":9,"on":true,"hue":19947,"sat":148,"bri":136,"reactiontime":0}]' (Thread[AWT-EventQueue-0,6,main])
Hue: Not authenticated; queueing command. (Thread[AWT-EventQueue-0,6,main])
Hue: Hue.js: issueCommand(): '[{"id":7,"on":true,"hue":40774,"sat":144,"bri":129,"reactiontime":0},{"id":8,"on":true,"hue":40774,"sat":144,"bri":129,"reactiontime":0},{"id":9,"on":true,"hue":40774,"sat":144,"bri":129,"reactiontime":0}]' (Thread[AWT-EventQueue-0,6,main])
Hue: Not authenticated; queueing command. (Thread[AWT-EventQueue-0,6,main])
Hue: Hue.js: issueCommand(): '[{"id":7,"on":true,"hue":38819,"sat":150,"bri":194,"reactiontime":0},{"id":8,"on":true,"hue":38819,"sat":150,"bri":194,"reactiontime":0},{"id":9,"on":true,"hue":38819,"sat":150,"bri":194,"reactiontime":0}]' (Thread[AWT-EventQueue-0,6,main])
Hue: Not authenticated; queueing command. (Thread[AWT-EventQueue-0,6,main])
Hue: Hue.js: issueCommand(): '[{"id":7,"on":true,"hue":21903,"sat":155,"bri":211,"reactiontime":0},{"id":8,"on":true,"hue":21903,"sat":155,"bri":211,"reactiontime":0},{"id":9,"on":true,"hue":21903,"sat":155,"bri":211,"reactiontime":0}]' (Thread[AWT-EventQueue-0,6,main])
Hue: Not authenticated; queueing command. (Thread[AWT-EventQueue-0,6,main])
Hue: Hue.js: issueCommand(): '[{"id":7,"on":true,"hue":37645,"sat":139,"bri":210,"reactiontime":0},{"id":8,"on":true,"hue":37645,"sat":139,"bri":210,"reactiontime":0},{"id":9,"on":true,"hue":37645,"sat":139,"bri":210,"reactiontime":0}]' (Thread[AWT-EventQueue-0,6,main])
Hue: Not authenticated; queueing command. (Thread[AWT-EventQueue-0,6,main])
Hue: Hue.js: issueCommand(): '[{"id":7,"on":true,"hue":24738,"sat":149,"bri":182,"reactiontime":0},{"id":8,"on":true,"hue":24738,"sat":149,"bri":182,"reactiontime":0},{"id":9,"on":true,"hue":24738,"sat":149,"bri":182,"reactiontime":0}]' (Thread[AWT-EventQueue-0,6,main])
Hue: Not authenticated; queueing command. (Thread[AWT-EventQueue-0,6,main])
Hue: Hue.js: issueCommand(): '[{"id":7,"on":true,"hue":34419,"sat":136,"bri":308,"reactiontime":0},{"id":8,"on":true,"hue":34419,"sat":136,"bri":308,"reactiontime":0},{"id":9,"on":true,"hue":34419,"sat":136,"bri":308,"reactiontime":0}]' (Thread[AWT-EventQueue-0,6,main])
Hue: Not authenticated; queueing command. (Thread[AWT-EventQueue-0,6,main])
Hue: Hue.js: issueCommand(): '[{"id":7,"on":true,"hue":30018,"sat":174,"bri":268,"reactiontime":0},{"id":8,"on":true,"hue":30018,"sat":174,"bri":268,"reactiontime":0},{"id":9,"on":true,"hue":30018,"sat":174,"bri":268,"reactiontime":0}]' (Thread[AWT-EventQueue-0,6,main])
Hue: Not authenticated; queueing command. (Thread[AWT-EventQueue-0,6,main])
Hue: Hue.js: issueCommand(): '[{"id":7,"on":true,"hue":36667,"sat":148,"bri":340,"reactiontime":0},{"id":8,"on":true,"hue":36667,"sat":148,"bri":340,"reactiontime":0},{"id":9,"on":true,"hue":36667,"sat":148,"bri":340,"reactiontime":0}]' (Thread[AWT-EventQueue-0,6,main])
Hue: Not authenticated; queueing command. (Thread[AWT-EventQueue-0,6,main])
Hue: Hue.js: issueCommand(): '[{"id":7,"on":true,"hue":34516,"sat":151,"bri":307,"reactiontime":0},{"id":8,"on":true,"hue":34516,"sat":151,"bri":307,"reactiontime":0},{"id":9,"on":true,"hue":34516,"sat":151,"bri":307,"reactiontime":0}]' (Thread[AWT-EventQueue-0,6,main])
Hue: Not authenticated; queueing command. (Thread[AWT-EventQueue-0,6,main])
Hue: Hue.js: issueCommand(): '[{"id":7,"on":false},{"id":8,"on":false},{"id":9,"on":false}]' (Thread[AWT-EventQueue-0,6,main])
Hue: Not authenticated; queueing command. (Thread[AWT-EventQueue-0,6,main])
Hue: Hue.js: issueCommand(): '[{"id":7,"on":true,"hue":40285,"sat":115,"bri":286,"reactiontime":0},{"id":8,"on":true,"hue":40285,"sat":115,"bri":286,"reactiontime":0},{"id":9,"on":true,"hue":40285,"sat":115,"bri":286,"reactiontime":0}]' (Thread[AWT-EventQueue-0,6,main])
Hue: Not authenticated; queueing command. (Thread[AWT-EventQueue-0,6,main])
Hue: Hue.js: issueCommand(): '[{"id":7,"on":true,"hue":29236,"sat":137,"bri":323,"reactiontime":0},{"id":8,"on":true,"hue":29236,"sat":137,"bri":323,"reactiontime":0},{"id":9,"on":true,"hue":29236,"sat":137,"bri":323,"reactiontime":0}]' (Thread[AWT-EventQueue-0,6,main])
Hue: Not authenticated; queueing command. (Thread[AWT-EventQueue-0,6,main])
Hue: Hue.js: issueCommand(): '[{"id":7,"on":true,"hue":35690,"sat":130,"bri":254,"reactiontime":0},{"id":8,"on":true,"hue":35690,"sat":130,"bri":254,"reactiontime":0},{"id":9,"on":true,"hue":35690,"sat":130,"bri":254,"reactiontime":0}]' (Thread[AWT-EventQueue-0,6,main])
Hue: Not authenticated; queueing command. (Thread[AWT-EventQueue-0,6,main])
Hue: Hue.js: issueCommand(): '[{"id":7,"on":true,"hue":37743,"sat":153,"bri":93,"reactiontime":0},{"id":8,"on":true,"hue":37743,"sat":153,"bri":93,"reactiontime":0},{"id":9,"on":true,"hue":37743,"sat":153,"bri":93,"reactiontime":0}]' (Thread[AWT-EventQueue-0,6,main])
Hue: Not authenticated; queueing command. (Thread[AWT-EventQueue-0,6,main])
Hue: Hue.js: issueCommand(): '[{"id":7,"on":true,"hue":29627,"sat":156,"bri":287,"reactiontime":0},{"id":8,"on":true,"hue":29627,"sat":156,"bri":287,"reactiontime":0},{"id":9,"on":true,"hue":29627,"sat":156,"bri":287,"reactiontime":0}]' (Thread[AWT-EventQueue-0,6,main])
Hue: Not authenticated; queueing command. (Thread[AWT-EventQueue-0,6,main])
Hue: Hue.js: issueCommand(): '[{"id":7,"on":true,"hue":27867,"sat":127,"bri":153,"reactiontime":0},{"id":8,"on":true,"hue":27867,"sat":127,"bri":153,"reactiontime":0},{"id":9,"on":true,"hue":27867,"sat":127,"bri":153,"reactiontime":0}]' (Thread[AWT-EventQueue-0,6,main])
Hue: Not authenticated; queueing command. (Thread[AWT-EventQueue-0,6,main])
Hue: Hue.js: issueCommand(): '[{"id":7,"on":true,"hue":36374,"sat":125,"bri":261,"reactiontime":0},{"id":8,"on":true,"hue":36374,"sat":125,"bri":261,"reactiontime":0},{"id":9,"on":true,"hue":36374,"sat":125,"bri":261,"reactiontime":0}]' (Thread[AWT-EventQueue-0,6,main])
Hue: Not authenticated; queueing command. (Thread[AWT-EventQueue-0,6,main])
Hue: Hue.js: issueCommand(): '[{"id":7,"on":true,"hue":34125,"sat":140,"bri":320,"reactiontime":0},{"id":8,"on":true,"hue":34125,"sat":140,"bri":320,"reactiontime":0},{"id":9,"on":true,"hue":34125,"sat":140,"bri":320,"reactiontime":0}]' (Thread[AWT-EventQueue-0,6,main])
Hue: Not authenticated; queueing command. (Thread[AWT-EventQueue-0,6,main])
Hue: Hue.js: issueCommand(): '[{"id":7,"on":true,"hue":27965,"sat":130,"bri":291,"reactiontime":0},{"id":8,"on":true,"hue":27965,"sat":130,"bri":291,"reactiontime":0},{"id":9,"on":true,"hue":27965,"sat":130,"bri":291,"reactiontime":0}]' (Thread[AWT-EventQueue-0,6,main])
Hue: Not authenticated; queueing command. (Thread[AWT-EventQueue-0,6,main])
Hue: Hue.js: issueCommand(): '[{"id":7,"on":true,"hue":39308,"sat":160,"bri":207,"reactiontime":0},{"id":8,"on":true,"hue":39308,"sat":160,"bri":207,"reactiontime":0},{"id":9,"on":true,"hue":39308,"sat":160,"bri":207,"reactiontime":0}]' (Thread[AWT-EventQueue-0,6,main])
Hue: Not authenticated; queueing command. (Thread[AWT-EventQueue-0,6,main])
Hue: Hue.js: issueCommand(): '[{"id":7,"on":true,"hue":23271,"sat":164,"bri":199,"reactiontime":0},{"id":8,"on":true,"hue":23271,"sat":164,"bri":199,"reactiontime":0},{"id":9,"on":true,"hue":23271,"sat":164,"bri":199,"reactiontime":0}]' (Thread[AWT-EventQueue-0,6,main])
Hue: Not authenticated; queueing command. (Thread[AWT-EventQueue-0,6,main])
Hue: Hue.js: issueCommand(): '[{"id":7,"on":true,"hue":41361,"sat":136,"bri":255,"reactiontime":0},{"id":8,"on":true,"hue":41361,"sat":136,"bri":255,"reactiontime":0},{"id":9,"on":true,"hue":41361,"sat":136,"bri":255,"reactiontime":0}]' (Thread[AWT-EventQueue-0,6,main])
Hue: Not authenticated; queueing command. (Thread[AWT-EventQueue-0,6,main])
Hue: Hue.js: issueCommand(): '[{"id":7,"on":true,"hue":40970,"sat":155,"bri":167,"reactiontime":0},{"id":8,"on":true,"hue":40970,"sat":155,"bri":167,"reactiontime":0},{"id":9,"on":true,"hue":40970,"sat":155,"bri":167,"reactiontime":0}]' (Thread[AWT-EventQueue-0,6,main])
Hue: Not authenticated; queueing command. (Thread[AWT-EventQueue-0,6,main])
Hue: Hue.js: issueCommand(): '[{"id":7,"on":true,"hue":24054,"sat":142,"bri":174,"reactiontime":0},{"id":8,"on":true,"hue":24054,"sat":142,"bri":174,"reactiontime":0},{"id":9,"on":true,"hue":24054,"sat":142,"bri":174,"reactiontime":0}]' (Thread[AWT-EventQueue-0,6,main])
Hue: Not authenticated; queueing command. (Thread[AWT-EventQueue-0,6,main])
Hue: Hue.js: issueCommand(): '[{"id":7,"on":true,"hue":37352,"sat":148,"bri":227,"reactiontime":0},{"id":8,"on":true,"hue":37352,"sat":148,"bri":227,"reactiontime":0},{"id":9,"on":true,"hue":37352,"sat":148,"bri":227,"reactiontime":0}]' (Thread[AWT-EventQueue-0,6,main])
Hue: Not authenticated; queueing command. (Thread[AWT-EventQueue-0,6,main])
Hue: Hue.js: issueCommand(): '[{"id":7,"on":true,"hue":20338,"sat":139,"bri":61,"reactiontime":0},{"id":8,"on":true,"hue":20338,"sat":139,"bri":61,"reactiontime":0},{"id":9,"on":true,"hue":20338,"sat":139,"bri":61,"reactiontime":0}]' (Thread[AWT-EventQueue-0,6,main])
Hue: Not authenticated; queueing command. (Thread[AWT-EventQueue-0,6,main])
Hue: Hue.js: issueCommand(): '[{"id":7,"on":true,"hue":40090,"sat":91,"bri":147,"reactiontime":0},{"id":8,"on":true,"hue":40090,"sat":91,"bri":147,"reactiontime":0},{"id":9,"on":true,"hue":40090,"sat":91,"bri":147,"reactiontime":0}]' (Thread[AWT-EventQueue-0,6,main])
Hue: Not authenticated; queueing command. (Thread[AWT-EventQueue-0,6,main])
Hue: Hue.js: issueCommand(): '[{"id":7,"on":true,"hue":36081,"sat":159,"bri":214,"reactiontime":0},{"id":8,"on":true,"hue":36081,"sat":159,"bri":214,"reactiontime":0},{"id":9,"on":true,"hue":36081,"sat":159,"bri":214,"reactiontime":0}]' (Thread[AWT-EventQueue-0,6,main])
Hue: Not authenticated; queueing command. (Thread[AWT-EventQueue-0,6,main])
Hue: Hue.js: issueCommand(): '[{"id":7,"on":true,"hue":31876,"sat":145,"bri":315,"reactiontime":0},{"id":8,"on":true,"hue":31876,"sat":145,"bri":315,"reactiontime":0},{"id":9,"on":true,"hue":31876,"sat":145,"bri":315,"reactiontime":0}]' (Thread[AWT-EventQueue-0,6,main])
Hue: Not authenticated; queueing command. (Thread[AWT-EventQueue-0,6,main])
Hue: Hue.js: issueCommand(): '[{"id":7,"on":true,"hue":36765,"sat":160,"bri":148,"reactiontime":0},{"id":8,"on":true,"hue":36765,"sat":160,"bri":148,"reactiontime":0},{"id":9,"on":true,"hue":36765,"sat":160,"bri":148,"reactiontime":0}]' (Thread[AWT-EventQueue-0,6,main])
Hue: Not authenticated; queueing command. (Thread[AWT-EventQueue-0,6,main])
Hue: Hue.js: issueCommand(): '[{"id":7,"on":true,"hue":36765,"sat":137,"bri":211,"reactiontime":0},{"id":8,"on":true,"hue":36765,"sat":137,"bri":211,"reactiontime":0},{"id":9,"on":true,"hue":36765,"sat":137,"bri":211,"reactiontime":0}]' (Thread[AWT-EventQueue-0,6,main])
Hue: Not authenticated; queueing command. (Thread[AWT-EventQueue-0,6,main])
Hue: Hue.js: issueCommand(): '[{"id":7,"on":true,"hue":30116,"sat":127,"bri":195,"reactiontime":0},{"id":8,"on":true,"hue":30116,"sat":127,"bri":195,"reactiontime":0},{"id":9,"on":true,"hue":30116,"sat":127,"bri":195,"reactiontime":0}]' (Thread[AWT-EventQueue-0,6,main])
Hue: Not authenticated; queueing command. (Thread[AWT-EventQueue-0,6,main])
Hue: Hue.js: issueCommand(): '[{"id":7,"on":true,"hue":30898,"sat":179,"bri":212,"reactiontime":0},{"id":8,"on":true,"hue":30898,"sat":179,"bri":212,"reactiontime":0},{"id":9,"on":true,"hue":30898,"sat":179,"bri":212,"reactiontime":0}]' (Thread[AWT-EventQueue-0,6,main])
Hue: Not authenticated; queueing command. (Thread[AWT-EventQueue-0,6,main])
Hue: Hue.js: issueCommand(): '[{"id":7,"on":true,"hue":32952,"sat":106,"bri":128,"reactiontime":0},{"id":8,"on":true,"hue":32952,"sat":106,"bri":128,"reactiontime":0},{"id":9,"on":true,"hue":32952,"sat":106,"bri":128,"reactiontime":0}]' (Thread[AWT-EventQueue-0,6,main])
Hue: Not authenticated; queueing command. (Thread[AWT-EventQueue-0,6,main])
Hue: Hue.js: issueCommand(): '[{"id":7,"on":true,"hue":25716,"sat":165,"bri":164,"reactiontime":0},{"id":8,"on":true,"hue":25716,"sat":165,"bri":164,"reactiontime":0},{"id":9,"on":true,"hue":25716,"sat":165,"bri":164,"reactiontime":0}]' (Thread[AWT-EventQueue-0,6,main])
Hue: Not authenticated; queueing command. (Thread[AWT-EventQueue-0,6,main])
Hue: Hue.js: issueCommand(): '[{"id":7,"on":true,"hue":16525,"sat":166,"bri":137,"reactiontime":0},{"id":8,"on":true,"hue":16525,"sat":166,"bri":137,"reactiontime":0},{"id":9,"on":true,"hue":16525,"sat":166,"bri":137,"reactiontime":0}]' (Thread[AWT-EventQueue-0,6,main])
Hue: Not authenticated; queueing command. (Thread[AWT-EventQueue-0,6,main])
ExportHTMLTimer went off after 30000 ms., calling getDirector().finish and getDirector().stopFire()
30069 ms. Memory: 2056704K Free: 503737K (24%)
Exported /home/travis/build/icyphy/ptII/org/terraswarm/accessor/demo/Hue/MotionLights/index.html
37645 ms. Memory: 2056704K Free: 453914K (22%)
####### 52 Fri Jan 25 03:48:03 UTC 2019 $PTII/bin/ptinvoke ptolemy.vergil.basic.export.ExportModel -force htm -run -openComposites -timeOut 30000 -whiteBackground org/terraswarm/accessor/demo/Hue/OccupancyLights.xml $PTII/org/terraswarm/accessor/demo/Hue/OccupancyLights
Running .OccupancyLights
Hue2: Attempting to connect to: http://10.0.0.235/api/ZAjh9AYL6s795RlqgaW0CzupRXrdpSQIqfyOnVyk/lights/ (Thread[AWT-EventQueue-0,6,main])
Hue2: Making an HTTP request. (Thread[AWT-EventQueue-0,6,main])
Hue2: Hue.js: issueCommand(): '[{"id":"2","on":false}]' (Thread[AWT-EventQueue-0,6,main])
Hue2: Not authenticated; queueing command. (Thread[AWT-EventQueue-0,6,main])
Hue2: Hue.js: issueCommand(): '[{"id":"2","on":false}]' (Thread[AWT-EventQueue-0,6,main])
Hue2: Not authenticated; queueing command. (Thread[AWT-EventQueue-0,6,main])
Hue2: Hue.js: issueCommand(): '[{"id":"2","on":false}]' (Thread[AWT-EventQueue-0,6,main])
Hue2: Not authenticated; queueing command. (Thread[AWT-EventQueue-0,6,main])
Hue2: Hue.js: issueCommand(): '[{"id":"2","on":false}]' (Thread[AWT-EventQueue-0,6,main])
Hue2: Not authenticated; queueing command. (Thread[AWT-EventQueue-0,6,main])
Hue2: Hue.js: issueCommand(): '[{"id":"2","on":false}]' (Thread[AWT-EventQueue-0,6,main])
Hue2: Not authenticated; queueing command. (Thread[AWT-EventQueue-0,6,main])
Hue2: Hue.js: issueCommand(): '[{"id":"2","on":false}]' (Thread[AWT-EventQueue-0,6,main])
Hue2: Not authenticated; queueing command. (Thread[AWT-EventQueue-0,6,main])
Hue2: Hue.js: issueCommand(): '[{"id":"2","on":false}]' (Thread[AWT-EventQueue-0,6,main])
Hue2: Not authenticated; queueing command. (Thread[AWT-EventQueue-0,6,main])
ExportHTMLTimer went off after 30000 ms., calling getDirector().finish and getDirector().stopFire()
ExportHTMLTimer went off after 60000 ms., calling manager.stop().
60093 ms. Memory: 2211328K Free: 884665K (40%)
Exported /home/travis/build/icyphy/ptII/org/terraswarm/accessor/demo/Hue/OccupancyLights/index.html
69492 ms. Memory: 2211328K Free: 848048K (38%)
####### 53 Fri Jan 25 03:49:13 UTC 2019 $PTII/bin/ptinvoke ptolemy.vergil.basic.export.ExportModel -force htm -run -openComposites -timeOut 30000 -whiteBackground org/terraswarm/accessor/demo/Lifx/Lifx.xml $PTII/org/terraswarm/accessor/demo/Lifx/Lifx
Running .Lifx
Lifx: Start discovery: Broadcast at 255.255.255.255:56700... undefined (Thread[vert.x-eventloop-thread-0,6,main])
Lifx: Start discovery: Broadcast at 255.255.255.255:56700... undefined (Thread[vert.x-eventloop-thread-0,6,main])
Lifx: Start discovery: Broadcast at 255.255.255.255:56700... undefined (Thread[vert.x-eventloop-thread-0,6,main])
Lifx: Start discovery: Broadcast at 255.255.255.255:56700... undefined (Thread[vert.x-eventloop-thread-0,6,main])
20081 ms. Memory: 2264064K Free: 741471K (33%)
Exported /home/travis/build/icyphy/ptII/org/terraswarm/accessor/demo/Lifx/Lifx/index.html
28480 ms. Memory: 2264064K Free: 708839K (31%)
####### 54 Fri Jan 25 03:49:41 UTC 2019 $PTII/bin/ptinvoke ptolemy.vergil.basic.export.ExportModel -force htm -run -openComposites -timeOut 30000 -whiteBackground org/terraswarm/accessor/demo/NaturalLanguage/NaturalLanguage.xml $PTII/org/terraswarm/accessor/demo/NaturalLanguage/NaturalLanguage
Running .NaturalLanguage
NaturalLanguage: Making an HTTP request. (Thread[AWT-EventQueue-0,6,main])
true
NaturalLanguage: Making an HTTP request. (Thread[AWT-EventQueue-0,6,main])
true
NaturalLanguage: Making an HTTP request. (Thread[AWT-EventQueue-0,6,main])
true
11313 ms. Memory: 2307584K Free: 769884K (33%)
Exported /home/travis/build/icyphy/ptII/org/terraswarm/accessor/demo/NaturalLanguage/NaturalLanguage/index.html
19265 ms. Memory: 2307584K Free: 742635K (32%)
####### 55 Fri Jan 25 03:50:01 UTC 2019 $PTII/bin/ptinvoke ptolemy.vergil.basic.export.ExportModel -force htm -run -openComposites -timeOut 30000 -whiteBackground org/terraswarm/accessor/demo/Scarab/Scarab.xml $PTII/org/terraswarm/accessor/demo/Scarab/Scarab
Running .Scarab
Scarab: Connection failed. Will try again: connection timed out: /192.168.0.111:9090 (Thread[vert.x-eventloop-thread-0,6,main])
Scarab: Connection failed. Will try again: connection timed out: /192.168.0.111:9090 (Thread[vert.x-eventloop-thread-0,6,main])
Scarab: Connection failed. Will try again: connection timed out: /192.168.0.111:9090 (Thread[vert.x-eventloop-thread-0,6,main])
Scarab: Connection failed. Will try again: connection timed out: /192.168.0.111:9090 (Thread[vert.x-eventloop-thread-0,6,main])
Scarab: Connection failed. Will try again: connection timed out: /192.168.0.111:9090 (Thread[vert.x-eventloop-thread-0,6,main])
Scarab: Connection failed. Will try again: connection timed out: /192.168.0.111:9090 (Thread[vert.x-eventloop-thread-0,6,main])
Scarab: Connection failed. Will try again: connection timed out: /192.168.0.111:9090 (Thread[vert.x-eventloop-thread-0,6,main])
Scarab: Connection failed. Will try again: connection timed out: /192.168.0.111:9090 (Thread[vert.x-eventloop-thread-0,6,main])
Scarab: Connection failed. Will try again: connection timed out: /192.168.0.111:9090 (Thread[vert.x-eventloop-thread-0,6,main])
Scarab: Connection failed. Will try again: connection timed out: /192.168.0.111:9090 (Thread[vert.x-eventloop-thread-0,6,main])
Scarab: Connection failed. Will try again: connection timed out: /192.168.0.111:9090 (Thread[vert.x-eventloop-thread-0,6,main])
Scarab: Connection failed. Will try again: connection timed out: /192.168.0.111:9090 (Thread[vert.x-eventloop-thread-0,6,main])
Scarab: Sending over socket: {"op":"publish","topic":"/scarab/lucy/cmd_vel","msg":{"angular":{"x":0,"y":0,"z":0},"linear":{"x":0,"y":0,"z":0}}} (Thread[AWT-EventQueue-0,6,main])
Scarab: Sending over socket: {"op":"publish","topic":"/scarab/lucy/cmd_vel","msg":{"angular":{"x":0,"y":0,"z":-1.1538610839843753},"linear":{"x":0,"y":0,"z":0}}} (Thread[AWT-EventQueue-0,6,main])
Scarab: Sending over socket: {"op":"publish","topic":"/scarab/lucy/cmd_vel","msg":{"angular":{"x":0,"y":0,"z":1.72545166015625},"linear":{"x":0,"y":0,"z":0}}} (Thread[AWT-EventQueue-0,6,main])
Scarab: Sending over socket: {"op":"publish","topic":"/scarab/lucy/cmd_vel","msg":{"angular":{"x":0,"y":0,"z":1.558006591796875},"linear":{"x":0,"y":0,"z":0}}} (Thread[AWT-EventQueue-0,6,main])
Scarab: Sending over socket: {"op":"publish","topic":"/scarab/lucy/cmd_vel","msg":{"angular":{"x":0,"y":0,"z":1.2087076822916667},"linear":{"x":0,"y":0,"z":0}}} (Thread[AWT-EventQueue-0,6,main])
Scarab: Sending over socket: {"op":"publish","topic":"/scarab/lucy/cmd_vel","msg":{"angular":{"x":0,"y":0,"z":1.622125244140625},"linear":{"x":0,"y":0,"z":0}}} (Thread[AWT-EventQueue-0,6,main])
Scarab: Sending over socket: {"op":"publish","topic":"/scarab/lucy/cmd_vel","msg":{"angular":{"x":0,"y":0,"z":2.304306640625},"linear":{"x":0,"y":0,"z":0}}} (Thread[AWT-EventQueue-0,6,main])
Scarab: Sending over socket: {"op":"publish","topic":"/scarab/lucy/cmd_vel","msg":{"angular":{"x":0,"y":0,"z":2.483047688802084},"linear":{"x":0,"y":0,"z":0}}} (Thread[AWT-EventQueue-0,6,main])
Scarab: Sending over socket: {"op":"publish","topic":"/scarab/lucy/cmd_vel","msg":{"angular":{"x":0,"y":0,"z":-1.3750830078125003},"linear":{"x":0,"y":0,"z":0}}} (Thread[AWT-EventQueue-0,6,main])
Scarab: Sending over socket: {"op":"publish","topic":"/scarab/lucy/cmd_vel","msg":{"angular":{"x":0,"y":0,"z":-1.0707279459635417},"linear":{"x":0,"y":0,"z":0}}} (Thread[AWT-EventQueue-0,6,main])
Scarab: Sending over socket: {"op":"publish","topic":"/scarab/lucy/cmd_vel","msg":{"angular":{"x":0,"y":0,"z":1.975694986979167},"linear":{"x":0,"y":0,"z":0}}} (Thread[AWT-EventQueue-0,6,main])
Scarab: Sending over socket: {"op":"publish","topic":"/scarab/lucy/cmd_vel","msg":{"angular":{"x":0,"y":0,"z":-0.06266845703125001},"linear":{"x":0,"y":0,"z":0}}} (Thread[AWT-EventQueue-0,6,main])
Scarab: Sending over socket: {"op":"publish","topic":"/scarab/lucy/cmd_vel","msg":{"angular":{"x":0,"y":0,"z":0.6722733561197918},"linear":{"x":0,"y":0,"z":0}}} (Thread[AWT-EventQueue-0,6,main])
Scarab: Sending over socket: {"op":"publish","topic":"/scarab/lucy/cmd_vel","msg":{"angular":{"x":0,"y":0,"z":-1.7184313964843754},"linear":{"x":0,"y":0,"z":0}}} (Thread[AWT-EventQueue-0,6,main])
Scarab: Sending over socket: {"op":"publish","topic":"/scarab/lucy/cmd_vel","msg":{"angular":{"x":0,"y":0,"z":-0.035815836588541664},"linear":{"x":0,"y":0,"z":0}}} (Thread[AWT-EventQueue-0,6,main])
Scarab: Sending over socket: {"op":"publish","topic":"/scarab/lucy/cmd_vel","msg":{"angular":{"x":0,"y":0,"z":1.0061930338541667},"linear":{"x":0,"y":0,"z":0}}} (Thread[AWT-EventQueue-0,6,main])
Scarab: Sending over socket: {"op":"publish","topic":"/scarab/lucy/cmd_vel","msg":{"angular":{"x":0,"y":0,"z":-0.30773681640625006},"linear":{"x":0,"y":0,"z":0}}} (Thread[AWT-EventQueue-0,6,main])
Scarab: Sending over socket: {"op":"publish","topic":"/scarab/lucy/cmd_vel","msg":{"angular":{"x":0,"y":0,"z":-1.3529781087239585},"linear":{"x":0,"y":0,"z":0}}} (Thread[AWT-EventQueue-0,6,main])
Scarab: Sending over socket: {"op":"publish","topic":"/scarab/lucy/cmd_vel","msg":{"angular":{"x":0,"y":0,"z":-0.8693318684895834},"linear":{"x":0,"y":0,"z":0}}} (Thread[AWT-EventQueue-0,6,main])
Scarab: Sending over socket: {"op":"publish","topic":"/scarab/lucy/cmd_vel","msg":{"angular":{"x":0,"y":0,"z":-0.893179931640625},"linear":{"x":0,"y":0,"z":0}}} (Thread[AWT-EventQueue-0,6,main])
Scarab: Connection failed. Will try again: connection timed out: /192.168.0.111:9090 (Thread[vert.x-eventloop-thread-0,6,main])
Scarab: Connection failed. Will try again: connection timed out: /192.168.0.111:9090 (Thread[vert.x-eventloop-thread-0,6,main])
Scarab: Connection failed. Will try again: connection timed out: /192.168.0.111:9090 (Thread[vert.x-eventloop-thread-0,6,main])
Scarab: Connection failed. Will try again: connection timed out: /192.168.0.111:9090 (Thread[vert.x-eventloop-thread-0,6,main])
Scarab: Connection failed. Will try again: connection timed out: /192.168.0.111:9090 (Thread[vert.x-eventloop-thread-0,6,main])
Scarab: Connection failed. Will try again: connection timed out: /192.168.0.111:9090 (Thread[vert.x-eventloop-thread-0,6,main])
Scarab: Sending over socket: {"op":"publish","topic":"/scarab/lucy/cmd_vel","msg":{"angular":{"x":0,"y":0,"z":3.2695648193359377},"linear":{"x":0,"y":0,"z":0}}} (Thread[AWT-EventQueue-0,6,main])
Scarab: Sending over socket: {"op":"publish","topic":"/scarab/lucy/cmd_vel","msg":{"angular":{"x":0,"y":0,"z":1.1010026041666667},"linear":{"x":0,"y":0,"z":0}}} (Thread[AWT-EventQueue-0,6,main])
Scarab: Sending over socket: {"op":"publish","topic":"/scarab/lucy/cmd_vel","msg":{"angular":{"x":0,"y":0,"z":-0.84369873046875},"linear":{"x":0,"y":0,"z":0}}} (Thread[AWT-EventQueue-0,6,main])
Scarab: Sending over socket: {"op":"publish","topic":"/scarab/lucy/cmd_vel","msg":{"angular":{"x":0,"y":0,"z":0.31265645345052084},"linear":{"x":0,"y":0,"z":0}}} (Thread[AWT-EventQueue-0,6,main])
Scarab: Sending over socket: {"op":"publish","topic":"/scarab/lucy/cmd_vel","msg":{"angular":{"x":0,"y":0,"z":0.37702799479166665},"linear":{"x":0,"y":0,"z":0}}} (Thread[AWT-EventQueue-0,6,main])
Scarab: Sending over socket: {"op":"publish","topic":"/scarab/lucy/cmd_vel","msg":{"angular":{"x":0,"y":0,"z":0.89610595703125},"linear":{"x":0,"y":0,"z":0}}} (Thread[AWT-EventQueue-0,6,main])
Scarab: Sending over socket: {"op":"publish","topic":"/scarab/lucy/cmd_vel","msg":{"angular":{"x":0,"y":0,"z":2.125487670898438},"linear":{"x":0,"y":0,"z":0}}} (Thread[AWT-EventQueue-0,6,main])
Scarab: Sending over socket: {"op":"publish","topic":"/scarab/lucy/cmd_vel","msg":{"angular":{"x":0,"y":0,"z":0.8671559651692708},"linear":{"x":0,"y":0,"z":0}}} (Thread[AWT-EventQueue-0,6,main])
Scarab: Sending over socket: {"op":"publish","topic":"/scarab/lucy/cmd_vel","msg":{"angular":{"x":0,"y":0,"z":1.8186181640625},"linear":{"x":0,"y":0,"z":0}}} (Thread[AWT-EventQueue-0,6,main])
Scarab: Sending over socket: {"op":"publish","topic":"/scarab/lucy/cmd_vel","msg":{"angular":{"x":0,"y":0,"z":0.243408203125},"linear":{"x":0,"y":0,"z":0}}} (Thread[AWT-EventQueue-0,6,main])
Scarab: Sending over socket: {"op":"publish","topic":"/scarab/lucy/cmd_vel","msg":{"angular":{"x":0,"y":0,"z":0.9151818847656251},"linear":{"x":0,"y":0,"z":0}}} (Thread[AWT-EventQueue-0,6,main])
Scarab: Sending over socket: {"op":"publish","topic":"/scarab/lucy/cmd_vel","msg":{"angular":{"x":0,"y":0,"z":1.0011450195312501},"linear":{"x":0,"y":0,"z":0}}} (Thread[AWT-EventQueue-0,6,main])
Scarab: Sending over socket: {"op":"publish","topic":"/scarab/lucy/cmd_vel","msg":{"angular":{"x":0,"y":0,"z":0.6524983723958333},"linear":{"x":0,"y":0,"z":0}}} (Thread[AWT-EventQueue-0,6,main])
Scarab: Sending over socket: {"op":"publish","topic":"/scarab/lucy/cmd_vel","msg":{"angular":{"x":0,"y":0,"z":-0.9112121582031252},"linear":{"x":0,"y":0,"z":0}}} (Thread[AWT-EventQueue-0,6,main])
Scarab: Connection failed. Will try again: connection timed out: /192.168.0.111:9090 (Thread[vert.x-eventloop-thread-0,6,main])
Scarab: Connection failed. Will try again: connection timed out: /192.168.0.111:9090 (Thread[vert.x-eventloop-thread-0,6,main])
Scarab: Connection failed. Will try again: connection timed out: /192.168.0.111:9090 (Thread[vert.x-eventloop-thread-0,6,main])
Scarab: Connection failed. Will try again: connection timed out: /192.168.0.111:9090 (Thread[vert.x-eventloop-thread-0,6,main])
Scarab: Connection failed. Will try again: connection timed out: /192.168.0.111:9090 (Thread[vert.x-eventloop-thread-0,6,main])
Scarab: Connection failed. Will try again: connection timed out: /192.168.0.111:9090 (Thread[vert.x-eventloop-thread-0,6,main])
Scarab: Sending over socket: {"op":"publish","topic":"/scarab/lucy/cmd_vel","msg":{"angular":{"x":0,"y":0,"z":-0.15009440104166666},"linear":{"x":0,"y":0,"z":0}}} (Thread[AWT-EventQueue-0,6,main])
Scarab: Sending over socket: {"op":"publish","topic":"/scarab/lucy/cmd_vel","msg":{"angular":{"x":0,"y":0,"z":1.1086564127604166},"linear":{"x":0,"y":0,"z":0}}} (Thread[AWT-EventQueue-0,6,main])
Scarab: Sending over socket: {"op":"publish","topic":"/scarab/lucy/cmd_vel","msg":{"angular":{"x":0,"y":0,"z":1.1821525065104166},"linear":{"x":0,"y":0,"z":0}}} (Thread[AWT-EventQueue-0,6,main])
Scarab: Sending over socket: {"op":"publish","topic":"/scarab/lucy/cmd_vel","msg":{"angular":{"x":0,"y":0,"z":0.1259674072265625},"linear":{"x":0,"y":0,"z":0}}} (Thread[AWT-EventQueue-0,6,main])
Scarab: Sending over socket: {"op":"publish","topic":"/scarab/lucy/cmd_vel","msg":{"angular":{"x":0,"y":0,"z":-1.5111083984375002},"linear":{"x":0,"y":0,"z":0}}} (Thread[AWT-EventQueue-0,6,main])
Scarab: Sending over socket: {"op":"publish","topic":"/scarab/lucy/cmd_vel","msg":{"angular":{"x":0,"y":0,"z":0.22381347656250003},"linear":{"x":0,"y":0,"z":0}}} (Thread[AWT-EventQueue-0,6,main])
Scarab: Sending over socket: {"op":"publish","topic":"/scarab/lucy/cmd_vel","msg":{"angular":{"x":0,"y":0,"z":0.4371419270833334},"linear":{"x":0,"y":0,"z":0}}} (Thread[AWT-EventQueue-0,6,main])
Scarab: Sending over socket: {"op":"publish","topic":"/scarab/lucy/cmd_vel","msg":{"angular":{"x":0,"y":0,"z":-1.8465264892578126},"linear":{"x":0,"y":0,"z":0}}} (Thread[AWT-EventQueue-0,6,main])
Scarab: Sending over socket: {"op":"publish","topic":"/scarab/lucy/cmd_vel","msg":{"angular":{"x":0,"y":0,"z":1.8400797526041668},"linear":{"x":0,"y":0,"z":0}}} (Thread[AWT-EventQueue-0,6,main])
Scarab: Sending over socket: {"op":"publish","topic":"/scarab/lucy/cmd_vel","msg":{"angular":{"x":0,"y":0,"z":0.3275390625},"linear":{"x":0,"y":0,"z":0}}} (Thread[AWT-EventQueue-0,6,main])
Scarab: Sending over socket: {"op":"publish","topic":"/scarab/lucy/cmd_vel","msg":{"angular":{"x":0,"y":0,"z":3.0522802734375003},"linear":{"x":0,"y":0,"z":0}}} (Thread[AWT-EventQueue-0,6,main])
Scarab: Sending over socket: {"op":"publish","topic":"/scarab/lucy/cmd_vel","msg":{"angular":{"x":0,"y":0,"z":3.414948120117187},"linear":{"x":0,"y":0,"z":0}}} (Thread[AWT-EventQueue-0,6,main])
Scarab: Sending over socket: {"op":"publish","topic":"/scarab/lucy/cmd_vel","msg":{"angular":{"x":0,"y":0,"z":0.9114725748697918},"linear":{"x":0,"y":0,"z":0}}} (Thread[AWT-EventQueue-0,6,main])
Scarab: Sending over socket: {"op":"publish","topic":"/scarab/lucy/cmd_vel","msg":{"angular":{"x":0,"y":0,"z":-1.2864823404947918},"linear":{"x":0,"y":0,"z":0}}} (Thread[AWT-EventQueue-0,6,main])
Scarab: Connection failed. Will try again: connection timed out: /192.168.0.111:9090 (Thread[vert.x-eventloop-thread-0,6,main])
Scarab: Connection failed. Will try again: connection timed out: /192.168.0.111:9090 (Thread[vert.x-eventloop-thread-0,6,main])
Scarab: Connection failed. Will try again: connection timed out: /192.168.0.111:9090 (Thread[vert.x-eventloop-thread-0,6,main])
Scarab: Connection failed. Will try again: connection timed out: /192.168.0.111:9090 (Thread[vert.x-eventloop-thread-0,6,main])
Scarab: Sending over socket: {"op":"publish","topic":"/scarab/lucy/cmd_vel","msg":{"angular":{"x":0,"y":0,"z":-0.7023372395833334},"linear":{"x":0,"y":0,"z":0}}} (Thread[AWT-EventQueue-0,6,main])
Scarab: Connection failed. Will try again: connection timed out: /192.168.0.111:9090 (Thread[vert.x-eventloop-thread-0,6,main])
Scarab: Connection failed. Will try again: connection timed out: /192.168.0.111:9090 (Thread[vert.x-eventloop-thread-0,6,main])
Scarab: Sending over socket: {"op":"publish","topic":"/scarab/lucy/cmd_vel","msg":{"angular":{"x":0,"y":0,"z":-2.2594527180989585},"linear":{"x":0,"y":0,"z":0}}} (Thread[AWT-EventQueue-0,6,main])
Scarab: Sending over socket: {"op":"publish","topic":"/scarab/lucy/cmd_vel","msg":{"angular":{"x":0,"y":0,"z":-0.20268269856770832},"linear":{"x":0,"y":0,"z":0}}} (Thread[AWT-EventQueue-0,6,main])
Scarab: Sending over socket: {"op":"publish","topic":"/scarab/lucy/cmd_vel","msg":{"angular":{"x":0,"y":0,"z":1.1852935791015624},"linear":{"x":0,"y":0,"z":0}}} (Thread[AWT-EventQueue-0,6,main])
Scarab: Sending over socket: {"op":"publish","topic":"/scarab/lucy/cmd_vel","msg":{"angular":{"x":0,"y":0,"z":-0.7889404296875001},"linear":{"x":0,"y":0,"z":0}}} (Thread[AWT-EventQueue-0,6,main])
Scarab: Sending over socket: {"op":"publish","topic":"/scarab/lucy/cmd_vel","msg":{"angular":{"x":0,"y":0,"z":-0.3134830729166667},"linear":{"x":0,"y":0,"z":0}}} (Thread[AWT-EventQueue-0,6,main])
Scarab: Sending over socket: {"op":"publish","topic":"/scarab/lucy/cmd_vel","msg":{"angular":{"x":0,"y":0,"z":-1.1965423583984376},"linear":{"x":0,"y":0,"z":0}}} (Thread[AWT-EventQueue-0,6,main])
Scarab: Sending over socket: {"op":"publish","topic":"/scarab/lucy/cmd_vel","msg":{"angular":{"x":0,"y":0,"z":0.170430908203125},"linear":{"x":0,"y":0,"z":0}}} (Thread[AWT-EventQueue-0,6,main])
Scarab: Sending over socket: {"op":"publish","topic":"/scarab/lucy/cmd_vel","msg":{"angular":{"x":0,"y":0,"z":2.1804516601562502},"linear":{"x":0,"y":0,"z":0}}} (Thread[AWT-EventQueue-0,6,main])
Scarab: Sending over socket: {"op":"publish","topic":"/scarab/lucy/cmd_vel","msg":{"angular":{"x":0,"y":0,"z":-0.5694864908854167},"linear":{"x":0,"y":0,"z":0}}} (Thread[AWT-EventQueue-0,6,main])
Scarab: Sending over socket: {"op":"publish","topic":"/scarab/lucy/cmd_vel","msg":{"angular":{"x":0,"y":0,"z":1.2308479817708335},"linear":{"x":0,"y":0,"z":0}}} (Thread[AWT-EventQueue-0,6,main])
Scarab: Sending over socket: {"op":"publish","topic":"/scarab/lucy/cmd_vel","msg":{"angular":{"x":0,"y":0,"z":-0.5588777669270832},"linear":{"x":0,"y":0,"z":0}}} (Thread[AWT-EventQueue-0,6,main])
Scarab: Sending over socket: {"op":"publish","topic":"/scarab/lucy/cmd_vel","msg":{"angular":{"x":0,"y":0,"z":0.23339640299479164},"linear":{"x":0,"y":0,"z":0}}} (Thread[AWT-EventQueue-0,6,main])
Scarab: Connection failed. Will try again: connection timed out: /192.168.0.111:9090 (Thread[vert.x-eventloop-thread-0,6,main])
Scarab: Connection failed. Will try again: connection timed out: /192.168.0.111:9090 (Thread[vert.x-eventloop-thread-0,6,main])
Scarab: Connection failed. Will try again: connection timed out: /192.168.0.111:9090 (Thread[vert.x-eventloop-thread-0,6,main])
Scarab: Connection failed. Will try again: connection timed out: /192.168.0.111:9090 (Thread[vert.x-eventloop-thread-0,6,main])
Scarab: Connection failed. Will try again: connection timed out: /192.168.0.111:9090 (Thread[vert.x-eventloop-thread-0,6,main])
Scarab: Connection failed. Will try again: connection timed out: /192.168.0.111:9090 (Thread[vert.x-eventloop-thread-0,6,main])
Scarab: Sending over socket: {"op":"publish","topic":"/scarab/lucy/cmd_vel","msg":{"angular":{"x":0,"y":0,"z":2.2472898356119795},"linear":{"x":0,"y":0,"z":0}}} (Thread[AWT-EventQueue-0,6,main])
Scarab: Sending over socket: {"op":"publish","topic":"/scarab/lucy/cmd_vel","msg":{"angular":{"x":0,"y":0,"z":0.339345703125},"linear":{"x":0,"y":0,"z":0}}} (Thread[AWT-EventQueue-0,6,main])
Scarab: Sending over socket: {"op":"publish","topic":"/scarab/lucy/cmd_vel","msg":{"angular":{"x":0,"y":0,"z":-1.458955078125},"linear":{"x":0,"y":0,"z":0}}} (Thread[AWT-EventQueue-0,6,main])
Scarab: Sending over socket: {"op":"publish","topic":"/scarab/lucy/cmd_vel","msg":{"angular":{"x":0,"y":0,"z":0.8780476888020834},"linear":{"x":0,"y":0,"z":0}}} (Thread[AWT-EventQueue-0,6,main])
Scarab: Sending over socket: {"op":"publish","topic":"/scarab/lucy/cmd_vel","msg":{"angular":{"x":0,"y":0,"z":1.6820635986328127},"linear":{"x":0,"y":0,"z":0}}} (Thread[AWT-EventQueue-0,6,main])
Scarab: Sending over socket: {"op":"publish","topic":"/scarab/lucy/cmd_vel","msg":{"angular":{"x":0,"y":0,"z":-0.4951243082682292},"linear":{"x":0,"y":0,"z":0}}} (Thread[AWT-EventQueue-0,6,main])
Scarab: Sending over socket: {"op":"publish","topic":"/scarab/lucy/cmd_vel","msg":{"angular":{"x":0,"y":0,"z":1.4981536865234375},"linear":{"x":0,"y":0,"z":0}}} (Thread[AWT-EventQueue-0,6,main])
Scarab: Sending over socket: {"op":"publish","topic":"/scarab/lucy/cmd_vel","msg":{"angular":{"x":0,"y":0,"z":1.7337174479166666},"linear":{"x":0,"y":0,"z":0}}} (Thread[AWT-EventQueue-0,6,main])
Scarab: Sending over socket: {"op":"publish","topic":"/scarab/lucy/cmd_vel","msg":{"angular":{"x":0,"y":0,"z":3.156387329101563},"linear":{"x":0,"y":0,"z":0}}} (Thread[AWT-EventQueue-0,6,main])
Scarab: Sending over socket: {"op":"publish","topic":"/scarab/lucy/cmd_vel","msg":{"angular":{"x":0,"y":0,"z":1.1608408610026042},"linear":{"x":0,"y":0,"z":0}}} (Thread[AWT-EventQueue-0,6,main])
Scarab: Sending over socket: {"op":"publish","topic":"/scarab/lucy/cmd_vel","msg":{"angular":{"x":0,"y":0,"z":1.1897979736328126},"linear":{"x":0,"y":0,"z":0}}} (Thread[AWT-EventQueue-0,6,main])
Scarab: Sending over socket: {"op":"publish","topic":"/scarab/lucy/cmd_vel","msg":{"angular":{"x":0,"y":0,"z":1.8311242675781247},"linear":{"x":0,"y":0,"z":0}}} (Thread[AWT-EventQueue-0,6,main])
Scarab: Sending over socket: {"op":"publish","topic":"/scarab/lucy/cmd_vel","msg":{"angular":{"x":0,"y":0,"z":2.23060302734375},"linear":{"x":0,"y":0,"z":0}}} (Thread[AWT-EventQueue-0,6,main])
Scarab: Sending over socket: {"op":"publish","topic":"/scarab/lucy/cmd_vel","msg":{"angular":{"x":0,"y":0,"z":-2.7459991455078123},"linear":{"x":0,"y":0,"z":0}}} (Thread[AWT-EventQueue-0,6,main])
Scarab: Sending over socket: {"op":"publish","topic":"/scarab/lucy/cmd_vel","msg":{"angular":{"x":0,"y":0,"z":-1.7856005859375004},"linear":{"x":0,"y":0,"z":0}}} (Thread[AWT-EventQueue-0,6,main])
Scarab: Connection failed. Will try again: connection timed out: /192.168.0.111:9090 (Thread[vert.x-eventloop-thread-0,6,main])
Scarab: Connection failed. Will try again: connection timed out: /192.168.0.111:9090 (Thread[vert.x-eventloop-thread-0,6,main])
Scarab: Connection failed. Will try again: connection timed out: /192.168.0.111:9090 (Thread[vert.x-eventloop-thread-0,6,main])
Scarab: Connection failed. Will try again: connection timed out: /192.168.0.111:9090 (Thread[vert.x-eventloop-thread-0,6,main])
Scarab: Connection failed. Will try again: connection timed out: /192.168.0.111:9090 (Thread[vert.x-eventloop-thread-0,6,main])
Scarab: Connection failed. Will try again: connection timed out: /192.168.0.111:9090 (Thread[vert.x-eventloop-thread-0,6,main])
Scarab: Sending over socket: {"op":"publish","topic":"/scarab/lucy/cmd_vel","msg":{"angular":{"x":0,"y":0,"z":-0.9089420572916668},"linear":{"x":0,"y":0,"z":0}}} (Thread[AWT-EventQueue-0,6,main])
Scarab: Sending over socket: {"op":"publish","topic":"/scarab/lucy/cmd_vel","msg":{"angular":{"x":0,"y":0,"z":0.128385009765625},"linear":{"x":0,"y":0,"z":0}}} (Thread[AWT-EventQueue-0,6,main])
Scarab: Sending over socket: {"op":"publish","topic":"/scarab/lucy/cmd_vel","msg":{"angular":{"x":0,"y":0,"z":-0.01884745279947917},"linear":{"x":0,"y":0,"z":0}}} (Thread[AWT-EventQueue-0,6,main])
Scarab: Sending over socket: {"op":"publish","topic":"/scarab/lucy/cmd_vel","msg":{"angular":{"x":0,"y":0,"z":-1.134984130859375},"linear":{"x":0,"y":0,"z":0}}} (Thread[AWT-EventQueue-0,6,main])
Scarab: Sending over socket: {"op":"publish","topic":"/scarab/lucy/cmd_vel","msg":{"angular":{"x":0,"y":0,"z":0.9069449869791667},"linear":{"x":0,"y":0,"z":0}}} (Thread[AWT-EventQueue-0,6,main])
Scarab: Sending over socket: {"op":"publish","topic":"/scarab/lucy/cmd_vel","msg":{"angular":{"x":0,"y":0,"z":2.8952587890625003},"linear":{"x":0,"y":0,"z":0}}} (Thread[AWT-EventQueue-0,6,main])
Scarab: Sending over socket: {"op":"publish","topic":"/scarab/lucy/cmd_vel","msg":{"angular":{"x":0,"y":0,"z":1.3258036295572917},"linear":{"x":0,"y":0,"z":0}}} (Thread[AWT-EventQueue-0,6,main])
Scarab: Sending over socket: {"op":"publish","topic":"/scarab/lucy/cmd_vel","msg":{"angular":{"x":0,"y":0,"z":2.1559600830078125},"linear":{"x":0,"y":0,"z":0}}} (Thread[AWT-EventQueue-0,6,main])
Scarab: Sending over socket: {"op":"publish","topic":"/scarab/lucy/cmd_vel","msg":{"angular":{"x":0,"y":0,"z":0.33483846028645836},"linear":{"x":0,"y":0,"z":0}}} (Thread[AWT-EventQueue-0,6,main])
Scarab: Sending over socket: {"op":"publish","topic":"/scarab/lucy/cmd_vel","msg":{"angular":{"x":0,"y":0,"z":-1.9499072265625},"linear":{"x":0,"y":0,"z":0}}} (Thread[AWT-EventQueue-0,6,main])
Scarab: Sending over socket: {"op":"publish","topic":"/scarab/lucy/cmd_vel","msg":{"angular":{"x":0,"y":0,"z":-1.724004109700521},"linear":{"x":0,"y":0,"z":0}}} (Thread[AWT-EventQueue-0,6,main])
Scarab: Sending over socket: {"op":"publish","topic":"/scarab/lucy/cmd_vel","msg":{"angular":{"x":0,"y":0,"z":-1.996138916015625},"linear":{"x":0,"y":0,"z":0}}} (Thread[AWT-EventQueue-0,6,main])
Scarab: Sending over socket: {"op":"publish","topic":"/scarab/lucy/cmd_vel","msg":{"angular":{"x":0,"y":0,"z":-0.574559326171875},"linear":{"x":0,"y":0,"z":0}}} (Thread[AWT-EventQueue-0,6,main])
Scarab: Sending over socket: {"op":"publish","topic":"/scarab/lucy/cmd_vel","msg":{"angular":{"x":0,"y":0,"z":2.888865966796875},"linear":{"x":0,"y":0,"z":0}}} (Thread[AWT-EventQueue-0,6,main])
Scarab: Sending over socket: {"op":"publish","topic":"/scarab/lucy/cmd_vel","msg":{"angular":{"x":0,"y":0,"z":0.6097161865234375},"linear":{"x":0,"y":0,"z":0}}} (Thread[AWT-EventQueue-0,6,main])
Scarab: Connection failed. Will try again: connection timed out: /192.168.0.111:9090 (Thread[vert.x-eventloop-thread-0,6,main])
Scarab: Connection failed. Will try again: connection timed out: /192.168.0.111:9090 (Thread[vert.x-eventloop-thread-0,6,main])
Scarab: Connection failed. Will try again: connection timed out: /192.168.0.111:9090 (Thread[vert.x-eventloop-thread-0,6,main])
Scarab: Connection failed. Will try again: connection timed out: /192.168.0.111:9090 (Thread[vert.x-eventloop-thread-0,6,main])
Scarab: Connection failed. Will try again: connection timed out: /192.168.0.111:9090 (Thread[vert.x-eventloop-thread-0,6,main])
Scarab: Connection failed. Will try again: connection timed out: /192.168.0.111:9090 (Thread[vert.x-eventloop-thread-0,6,main])
Scarab: Sending over socket: {"op":"publish","topic":"/scarab/lucy/cmd_vel","msg":{"angular":{"x":0,"y":0,"z":-1.94344970703125},"linear":{"x":0,"y":0,"z":0}}} (Thread[AWT-EventQueue-0,6,main])
Scarab: Sending over socket: {"op":"publish","topic":"/scarab/lucy/cmd_vel","msg":{"angular":{"x":0,"y":0,"z":-0.38243408203125},"linear":{"x":0,"y":0,"z":0}}} (Thread[AWT-EventQueue-0,6,main])
Scarab: Sending over socket: {"op":"publish","topic":"/scarab/lucy/cmd_vel","msg":{"angular":{"x":0,"y":0,"z":2.8228631591796876},"linear":{"x":0,"y":0,"z":0}}} (Thread[AWT-EventQueue-0,6,main])
Scarab: Sending over socket: {"op":"publish","topic":"/scarab/lucy/cmd_vel","msg":{"angular":{"x":0,"y":0,"z":2.196387939453125},"linear":{"x":0,"y":0,"z":0}}} (Thread[AWT-EventQueue-0,6,main])
Scarab: Sending over socket: {"op":"publish","topic":"/scarab/lucy/cmd_vel","msg":{"angular":{"x":0,"y":0,"z":2.2399788411458337},"linear":{"x":0,"y":0,"z":0}}} (Thread[AWT-EventQueue-0,6,main])
Scarab: Sending over socket: {"op":"publish","topic":"/scarab/lucy/cmd_vel","msg":{"angular":{"x":0,"y":0,"z":1.3860439046223958},"linear":{"x":0,"y":0,"z":0}}} (Thread[AWT-EventQueue-0,6,main])
Scarab: Sending over socket: {"op":"publish","topic":"/scarab/lucy/cmd_vel","msg":{"angular":{"x":0,"y":0,"z":-1.9169270833333336},"linear":{"x":0,"y":0,"z":0}}} (Thread[AWT-EventQueue-0,6,main])
Scarab: Sending over socket: {"op":"publish","topic":"/scarab/lucy/cmd_vel","msg":{"angular":{"x":0,"y":0,"z":-0.02578511555989584},"linear":{"x":0,"y":0,"z":0}}} (Thread[AWT-EventQueue-0,6,main])
Scarab: Sending over socket: {"op":"publish","topic":"/scarab/lucy/cmd_vel","msg":{"angular":{"x":0,"y":0,"z":0.96086181640625},"linear":{"x":0,"y":0,"z":0}}} (Thread[AWT-EventQueue-0,6,main])
Scarab: Sending over socket: {"op":"publish","topic":"/scarab/lucy/cmd_vel","msg":{"angular":{"x":0,"y":0,"z":-1.7171946207682294},"linear":{"x":0,"y":0,"z":0}}} (Thread[AWT-EventQueue-0,6,main])
Scarab: Sending over socket: {"op":"publish","topic":"/scarab/lucy/cmd_vel","msg":{"angular":{"x":0,"y":0,"z":-1.59407958984375},"linear":{"x":0,"y":0,"z":0}}} (Thread[AWT-EventQueue-0,6,main])
Scarab: Sending over socket: {"op":"publish","topic":"/scarab/lucy/cmd_vel","msg":{"angular":{"x":0,"y":0,"z":1.6782617187500002},"linear":{"x":0,"y":0,"z":0}}} (Thread[AWT-EventQueue-0,6,main])
Scarab: Sending over socket: {"op":"publish","topic":"/scarab/lucy/cmd_vel","msg":{"angular":{"x":0,"y":0,"z":1.7178442382812498},"linear":{"x":0,"y":0,"z":0}}} (Thread[AWT-EventQueue-0,6,main])
Scarab: Sending over socket: {"op":"publish","topic":"/scarab/lucy/cmd_vel","msg":{"angular":{"x":0,"y":0,"z":2.1741031901041667},"linear":{"x":0,"y":0,"z":0}}} (Thread[AWT-EventQueue-0,6,main])
Scarab: Connection failed. Will try again: connection timed out: /192.168.0.111:9090 (Thread[vert.x-eventloop-thread-0,6,main])
Scarab: Connection failed. Will try again: connection timed out: /192.168.0.111:9090 (Thread[vert.x-eventloop-thread-0,6,main])
Scarab: Connection failed. Will try again: connection timed out: /192.168.0.111:9090 (Thread[vert.x-eventloop-thread-0,6,main])
Scarab: Connection failed. Will try again: connection timed out: /192.168.0.111:9090 (Thread[vert.x-eventloop-thread-0,6,main])
Scarab: Connection failed. Will try again: connection timed out: /192.168.0.111:9090 (Thread[vert.x-eventloop-thread-0,6,main])
Scarab: Connection failed. Will try again: connection timed out: /192.168.0.111:9090 (Thread[vert.x-eventloop-thread-0,6,main])
Scarab: Sending over socket: {"op":"publish","topic":"/scarab/lucy/cmd_vel","msg":{"angular":{"x":0,"y":0,"z":-0.6150781249999999},"linear":{"x":0,"y":0,"z":0}}} (Thread[AWT-EventQueue-0,6,main])
Scarab: Sending over socket: {"op":"publish","topic":"/scarab/lucy/cmd_vel","msg":{"angular":{"x":0,"y":0,"z":1.035043131510417},"linear":{"x":0,"y":0,"z":0}}} (Thread[AWT-EventQueue-0,6,main])
Scarab: Sending over socket: {"op":"publish","topic":"/scarab/lucy/cmd_vel","msg":{"angular":{"x":0,"y":0,"z":3.896336873372396},"linear":{"x":0,"y":0,"z":0}}} (Thread[AWT-EventQueue-0,6,main])
Scarab: Sending over socket: {"op":"publish","topic":"/scarab/lucy/cmd_vel","msg":{"angular":{"x":0,"y":0,"z":2.670396321614583},"linear":{"x":0,"y":0,"z":0}}} (Thread[AWT-EventQueue-0,6,main])
Scarab: Sending over socket: {"op":"publish","topic":"/scarab/lucy/cmd_vel","msg":{"angular":{"x":0,"y":0,"z":-0.7724778238932293},"linear":{"x":0,"y":0,"z":0}}} (Thread[AWT-EventQueue-0,6,main])
Scarab: Sending over socket: {"op":"publish","topic":"/scarab/lucy/cmd_vel","msg":{"angular":{"x":0,"y":0,"z":-0.11130208333333333},"linear":{"x":0,"y":0,"z":0}}} (Thread[AWT-EventQueue-0,6,main])
Scarab: Sending over socket: {"op":"publish","topic":"/scarab/lucy/cmd_vel","msg":{"angular":{"x":0,"y":0,"z":-0.27532063802083334},"linear":{"x":0,"y":0,"z":0}}} (Thread[AWT-EventQueue-0,6,main])
Scarab: Sending over socket: {"op":"publish","topic":"/scarab/lucy/cmd_vel","msg":{"angular":{"x":0,"y":0,"z":-2.9793107096354166},"linear":{"x":0,"y":0,"z":0}}} (Thread[AWT-EventQueue-0,6,main])
Scarab: Sending over socket: {"op":"publish","topic":"/scarab/lucy/cmd_vel","msg":{"angular":{"x":0,"y":0,"z":-3.01842041015625},"linear":{"x":0,"y":0,"z":0}}} (Thread[AWT-EventQueue-0,6,main])
Scarab: Sending over socket: {"op":"publish","topic":"/scarab/lucy/cmd_vel","msg":{"angular":{"x":0,"y":0,"z":0.4513875325520833},"linear":{"x":0,"y":0,"z":0}}} (Thread[AWT-EventQueue-0,6,main])
Scarab: Sending over socket: {"op":"publish","topic":"/scarab/lucy/cmd_vel","msg":{"angular":{"x":0,"y":0,"z":0.9884570312500001},"linear":{"x":0,"y":0,"z":0}}} (Thread[AWT-EventQueue-0,6,main])
Scarab: Sending over socket: {"op":"publish","topic":"/scarab/lucy/cmd_vel","msg":{"angular":{"x":0,"y":0,"z":0.45032084147135426},"linear":{"x":0,"y":0,"z":0}}} (Thread[AWT-EventQueue-0,6,main])
Scarab: Sending over socket: {"op":"publish","topic":"/scarab/lucy/cmd_vel","msg":{"angular":{"x":0,"y":0,"z":-1.4992834472656251},"linear":{"x":0,"y":0,"z":0}}} (Thread[AWT-EventQueue-0,6,main])
Scarab: Sending over socket: {"op":"publish","topic":"/scarab/lucy/cmd_vel","msg":{"angular":{"x":0,"y":0,"z":-1.0318424479166666},"linear":{"x":0,"y":0,"z":0}}} (Thread[AWT-EventQueue-0,6,main])
Scarab: Connection failed. Will try again: connection timed out: /192.168.0.111:9090 (Thread[vert.x-eventloop-thread-0,6,main])
Scarab: Connection failed. Will try again: connection timed out: /192.168.0.111:9090 (Thread[vert.x-eventloop-thread-0,6,main])
Scarab: Connection failed. Will try again: connection timed out: /192.168.0.111:9090 (Thread[vert.x-eventloop-thread-0,6,main])
Scarab: Connection failed. Will try again: connection timed out: /192.168.0.111:9090 (Thread[vert.x-eventloop-thread-0,6,main])
Scarab: Connection failed. Will try again: connection timed out: /192.168.0.111:9090 (Thread[vert.x-eventloop-thread-0,6,main])
Scarab: Connection failed. Will try again: connection timed out: /192.168.0.111:9090 (Thread[vert.x-eventloop-thread-0,6,main])
Scarab: Sending over socket: {"op":"publish","topic":"/scarab/lucy/cmd_vel","msg":{"angular":{"x":0,"y":0,"z":0},"linear":{"x":0,"y":0,"z":0}}} (Thread[AWT-EventQueue-0,6,main])
Scarab: Sending over socket: {"op":"publish","topic":"/scarab/lucy/cmd_vel","msg":{"angular":{"x":0,"y":0,"z":-0.9759521484375},"linear":{"x":0,"y":0,"z":0}}} (Thread[AWT-EventQueue-0,6,main])
Scarab: Sending over socket: {"op":"publish","topic":"/scarab/lucy/cmd_vel","msg":{"angular":{"x":0,"y":0,"z":-1.2543141682942707},"linear":{"x":0,"y":0,"z":0}}} (Thread[AWT-EventQueue-0,6,main])
Scarab: Sending over socket: {"op":"publish","topic":"/scarab/lucy/cmd_vel","msg":{"angular":{"x":0,"y":0,"z":0.6199180094401042},"linear":{"x":0,"y":0,"z":0}}} (Thread[AWT-EventQueue-0,6,main])
Scarab: Sending over socket: {"op":"publish","topic":"/scarab/lucy/cmd_vel","msg":{"angular":{"x":0,"y":0,"z":-2.8936566162109374},"linear":{"x":0,"y":0,"z":0}}} (Thread[AWT-EventQueue-0,6,main])
Scarab: Sending over socket: {"op":"publish","topic":"/scarab/lucy/cmd_vel","msg":{"angular":{"x":0,"y":0,"z":-1.6810174560546876},"linear":{"x":0,"y":0,"z":0}}} (Thread[AWT-EventQueue-0,6,main])
Scarab: Sending over socket: {"op":"publish","topic":"/scarab/lucy/cmd_vel","msg":{"angular":{"x":0,"y":0,"z":0.8011149088541668},"linear":{"x":0,"y":0,"z":0}}} (Thread[AWT-EventQueue-0,6,main])
Scarab: Sending over socket: {"op":"publish","topic":"/scarab/lucy/cmd_vel","msg":{"angular":{"x":0,"y":0,"z":1.0747902425130207},"linear":{"x":0,"y":0,"z":0}}} (Thread[AWT-EventQueue-0,6,main])
Scarab: Sending over socket: {"op":"publish","topic":"/scarab/lucy/cmd_vel","msg":{"angular":{"x":0,"y":0,"z":2.7083984375},"linear":{"x":0,"y":0,"z":0}}} (Thread[AWT-EventQueue-0,6,main])
Scarab: Sending over socket: {"op":"publish","topic":"/scarab/lucy/cmd_vel","msg":{"angular":{"x":0,"y":0,"z":2.026638997395833},"linear":{"x":0,"y":0,"z":0}}} (Thread[AWT-EventQueue-0,6,main])
Scarab: Sending over socket: {"op":"publish","topic":"/scarab/lucy/cmd_vel","msg":{"angular":{"x":0,"y":0,"z":1.6241129557291667},"linear":{"x":0,"y":0,"z":0}}} (Thread[AWT-EventQueue-0,6,main])
Scarab: Sending over socket: {"op":"publish","topic":"/scarab/lucy/cmd_vel","msg":{"angular":{"x":0,"y":0,"z":-1.2647186279296876},"linear":{"x":0,"y":0,"z":0}}} (Thread[AWT-EventQueue-0,6,main])
Scarab: Sending over socket: {"op":"publish","topic":"/scarab/lucy/cmd_vel","msg":{"angular":{"x":0,"y":0,"z":-1.5519854736328127},"linear":{"x":0,"y":0,"z":0}}} (Thread[AWT-EventQueue-0,6,main])
Scarab: Sending over socket: {"op":"publish","topic":"/scarab/lucy/cmd_vel","msg":{"angular":{"x":0,"y":0,"z":1.1045080566406251},"linear":{"x":0,"y":0,"z":0}}} (Thread[AWT-EventQueue-0,6,main])
Scarab: Sending over socket: {"op":"publish","topic":"/scarab/lucy/cmd_vel","msg":{"angular":{"x":0,"y":0,"z":0.8072869873046876},"linear":{"x":0,"y":0,"z":0}}} (Thread[AWT-EventQueue-0,6,main])
Scarab: Sending over socket: {"op":"publish","topic":"/scarab/lucy/cmd_vel","msg":{"angular":{"x":0,"y":0,"z":-1.254552001953125},"linear":{"x":0,"y":0,"z":0}}} (Thread[AWT-EventQueue-0,6,main])
Scarab: Sending over socket: {"op":"publish","topic":"/scarab/lucy/cmd_vel","msg":{"angular":{"x":0,"y":0,"z":-0.15744954427083335},"linear":{"x":0,"y":0,"z":0}}} (Thread[AWT-EventQueue-0,6,main])
Scarab: Sending over socket: {"op":"publish","topic":"/scarab/lucy/cmd_vel","msg":{"angular":{"x":0,"y":0,"z":-1.53610595703125},"linear":{"x":0,"y":0,"z":0}}} (Thread[AWT-EventQueue-0,6,main])
Scarab: Sending over socket: {"op":"publish","topic":"/scarab/lucy/cmd_vel","msg":{"angular":{"x":0,"y":0,"z":-2.253011678059896},"linear":{"x":0,"y":0,"z":0}}} (Thread[AWT-EventQueue-0,6,main])
Scarab: Sending over socket: {"op":"publish","topic":"/scarab/lucy/cmd_vel","msg":{"angular":{"x":0,"y":0,"z":-0.2120941162109375},"linear":{"x":0,"y":0,"z":0}}} (Thread[AWT-EventQueue-0,6,main])
Scarab: Sending over socket: {"op":"publish","topic":"/scarab/lucy/cmd_vel","msg":{"angular":{"x":0,"y":0,"z":0.7588246663411459},"linear":{"x":0,"y":0,"z":0}}} (Thread[AWT-EventQueue-0,6,main])
Scarab: Sending over socket: {"op":"publish","topic":"/scarab/lucy/cmd_vel","msg":{"angular":{"x":0,"y":0,"z":1.4879831949869793},"linear":{"x":0,"y":0,"z":0}}} (Thread[AWT-EventQueue-0,6,main])
Scarab: Sending over socket: {"op":"publish","topic":"/scarab/lucy/cmd_vel","msg":{"angular":{"x":0,"y":0,"z":-1.5541394042968752},"linear":{"x":0,"y":0,"z":0}}} (Thread[AWT-EventQueue-0,6,main])
Scarab: Sending over socket: {"op":"publish","topic":"/scarab/lucy/cmd_vel","msg":{"angular":{"x":0,"y":0,"z":-0.3967692057291667},"linear":{"x":0,"y":0,"z":0}}} (Thread[AWT-EventQueue-0,6,main])
Scarab: Sending over socket: {"op":"publish","topic":"/scarab/lucy/cmd_vel","msg":{"angular":{"x":0,"y":0,"z":-0.5314416503906251},"linear":{"x":0,"y":0,"z":0}}} (Thread[AWT-EventQueue-0,6,main])
Scarab: Sending over socket: {"op":"publish","topic":"/scarab/lucy/cmd_vel","msg":{"angular":{"x":0,"y":0,"z":1.1812154134114583},"linear":{"x":0,"y":0,"z":0}}} (Thread[AWT-EventQueue-0,6,main])
Scarab: Sending over socket: {"op":"publish","topic":"/scarab/lucy/cmd_vel","msg":{"angular":{"x":0,"y":0,"z":1.7118888346354164},"linear":{"x":0,"y":0,"z":0}}} (Thread[AWT-EventQueue-0,6,main])
Scarab: Sending over socket: {"op":"publish","topic":"/scarab/lucy/cmd_vel","msg":{"angular":{"x":0,"y":0,"z":0.9258618164062501},"linear":{"x":0,"y":0,"z":0}}} (Thread[AWT-EventQueue-0,6,main])
Scarab: Sending over socket: {"op":"publish","topic":"/scarab/lucy/cmd_vel","msg":{"angular":{"x":0,"y":0,"z":-0.4784912109375001},"linear":{"x":0,"y":0,"z":0}}} (Thread[AWT-EventQueue-0,6,main])
Scarab: Sending over socket: {"op":"publish","topic":"/scarab/lucy/cmd_vel","msg":{"angular":{"x":0,"y":0,"z":0.95806884765625},"linear":{"x":0,"y":0,"z":0}}} (Thread[AWT-EventQueue-0,6,main])
Scarab: Sending over socket: {"op":"publish","topic":"/scarab/lucy/cmd_vel","msg":{"angular":{"x":0,"y":0,"z":-1.0120768229166666},"linear":{"x":0,"y":0,"z":0}}} (Thread[AWT-EventQueue-0,6,main])
Scarab: Sending over socket: {"op":"publish","topic":"/scarab/lucy/cmd_vel","msg":{"angular":{"x":0,"y":0,"z":-2.110634358723958},"linear":{"x":0,"y":0,"z":0}}} (Thread[AWT-EventQueue-0,6,main])
Scarab: Sending over socket: {"op":"publish","topic":"/scarab/lucy/cmd_vel","msg":{"angular":{"x":0,"y":0,"z":-1.2919195556640626},"linear":{"x":0,"y":0,"z":0}}} (Thread[AWT-EventQueue-0,6,main])
Scarab: Sending over socket: {"op":"publish","topic":"/scarab/lucy/cmd_vel","msg":{"angular":{"x":0,"y":0,"z":-1.6540311686197917},"linear":{"x":0,"y":0,"z":0}}} (Thread[AWT-EventQueue-0,6,main])
Scarab: Sending over socket: {"op":"publish","topic":"/scarab/lucy/cmd_vel","msg":{"angular":{"x":0,"y":0,"z":-0.16906412760416667},"linear":{"x":0,"y":0,"z":0}}} (Thread[AWT-EventQueue-0,6,main])
Scarab: Sending over socket: {"op":"publish","topic":"/scarab/lucy/cmd_vel","msg":{"angular":{"x":0,"y":0,"z":-0.299248046875},"linear":{"x":0,"y":0,"z":0}}} (Thread[AWT-EventQueue-0,6,main])
Scarab: Sending over socket: {"op":"publish","topic":"/scarab/lucy/cmd_vel","msg":{"angular":{"x":0,"y":0,"z":-0.9368794759114584},"linear":{"x":0,"y":0,"z":0}}} (Thread[AWT-EventQueue-0,6,main])
Scarab: Sending over socket: {"op":"publish","topic":"/scarab/lucy/cmd_vel","msg":{"angular":{"x":0,"y":0,"z":-0.0524627685546875},"linear":{"x":0,"y":0,"z":0}}} (Thread[AWT-EventQueue-0,6,main])
Scarab: Sending over socket: {"op":"publish","topic":"/scarab/lucy/cmd_vel","msg":{"angular":{"x":0,"y":0,"z":0.8219146728515625},"linear":{"x":0,"y":0,"z":0}}} (Thread[AWT-EventQueue-0,6,main])
Scarab: Sending over socket: {"op":"publish","topic":"/scarab/lucy/cmd_vel","msg":{"angular":{"x":0,"y":0,"z":1.344100341796875},"linear":{"x":0,"y":0,"z":0}}} (Thread[AWT-EventQueue-0,6,main])
Scarab: Sending over socket: {"op":"publish","topic":"/scarab/lucy/cmd_vel","msg":{"angular":{"x":0,"y":0,"z":0.6057373046875001},"linear":{"x":0,"y":0,"z":0}}} (Thread[AWT-EventQueue-0,6,main])
Scarab: Sending over socket: {"op":"publish","topic":"/scarab/lucy/cmd_vel","msg":{"angular":{"x":0,"y":0,"z":0.9035050455729168},"linear":{"x":0,"y":0,"z":0}}} (Thread[AWT-EventQueue-0,6,main])
Scarab: Sending over socket: {"op":"publish","topic":"/scarab/lucy/cmd_vel","msg":{"angular":{"x":0,"y":0,"z":3.6815901692708337},"linear":{"x":0,"y":0,"z":0}}} (Thread[AWT-EventQueue-0,6,main])
Scarab: Sending over socket: {"op":"publish","topic":"/scarab/lucy/cmd_vel","msg":{"angular":{"x":0,"y":0,"z":-1.2777947998046877},"linear":{"x":0,"y":0,"z":0}}} (Thread[AWT-EventQueue-0,6,main])
Scarab: Sending over socket: {"op":"publish","topic":"/scarab/lucy/cmd_vel","msg":{"angular":{"x":0,"y":0,"z":0.9168619791666666},"linear":{"x":0,"y":0,"z":0}}} (Thread[AWT-EventQueue-0,6,main])
Scarab: Sending over socket: {"op":"publish","topic":"/scarab/lucy/cmd_vel","msg":{"angular":{"x":0,"y":0,"z":-0.9229545084635417},"linear":{"x":0,"y":0,"z":0}}} (Thread[AWT-EventQueue-0,6,main])
Scarab: Sending over socket: {"op":"publish","topic":"/scarab/lucy/cmd_vel","msg":{"angular":{"x":0,"y":0,"z":1.9623313395182294},"linear":{"x":0,"y":0,"z":0}}} (Thread[AWT-EventQueue-0,6,main])
Scarab: Sending over socket: {"op":"publish","topic":"/scarab/lucy/cmd_vel","msg":{"angular":{"x":0,"y":0,"z":-1.131279296875},"linear":{"x":0,"y":0,"z":0}}} (Thread[AWT-EventQueue-0,6,main])
Scarab: Sending over socket: {"op":"publish","topic":"/scarab/lucy/cmd_vel","msg":{"angular":{"x":0,"y":0,"z":-0.5880257161458333},"linear":{"x":0,"y":0,"z":0}}} (Thread[AWT-EventQueue-0,6,main])
Scarab: Sending over socket: {"op":"publish","topic":"/scarab/lucy/cmd_vel","msg":{"angular":{"x":0,"y":0,"z":-1.3193359375},"linear":{"x":0,"y":0,"z":0}}} (Thread[AWT-EventQueue-0,6,main])
Scarab: Sending over socket: {"op":"publish","topic":"/scarab/lucy/cmd_vel","msg":{"angular":{"x":0,"y":0,"z":1.3035919189453125},"linear":{"x":0,"y":0,"z":0}}} (Thread[AWT-EventQueue-0,6,main])
Scarab: Sending over socket: {"op":"publish","topic":"/scarab/lucy/cmd_vel","msg":{"angular":{"x":0,"y":0,"z":-3.046636962890625},"linear":{"x":0,"y":0,"z":0}}} (Thread[AWT-EventQueue-0,6,main])
Scarab: Sending over socket: {"op":"publish","topic":"/scarab/lucy/cmd_vel","msg":{"angular":{"x":0,"y":0,"z":-3.117734375},"linear":{"x":0,"y":0,"z":0}}} (Thread[AWT-EventQueue-0,6,main])
Scarab: Sending over socket: {"op":"publish","topic":"/scarab/lucy/cmd_vel","msg":{"angular":{"x":0,"y":0,"z":-0.5190743001302084},"linear":{"x":0,"y":0,"z":0}}} (Thread[AWT-EventQueue-0,6,main])
Scarab: Sending over socket: {"op":"publish","topic":"/scarab/lucy/cmd_vel","msg":{"angular":{"x":0,"y":0,"z":-1.0445703125},"linear":{"x":0,"y":0,"z":0}}} (Thread[AWT-EventQueue-0,6,main])
Scarab: Sending over socket: {"op":"publish","topic":"/scarab/lucy/cmd_vel","msg":{"angular":{"x":0,"y":0,"z":0.7418416341145834},"linear":{"x":0,"y":0,"z":0}}} (Thread[AWT-EventQueue-0,6,main])
Scarab: Sending over socket: {"op":"publish","topic":"/scarab/lucy/cmd_vel","msg":{"angular":{"x":0,"y":0,"z":-0.08173828125},"linear":{"x":0,"y":0,"z":0}}} (Thread[AWT-EventQueue-0,6,main])
Scarab: Sending over socket: {"op":"publish","topic":"/scarab/lucy/cmd_vel","msg":{"angular":{"x":0,"y":0,"z":0.07345072428385417},"linear":{"x":0,"y":0,"z":0}}} (Thread[AWT-EventQueue-0,6,main])
Scarab: Sending over socket: {"op":"publish","topic":"/scarab/lucy/cmd_vel","msg":{"angular":{"x":0,"y":0,"z":-1.8865399169921875},"linear":{"x":0,"y":0,"z":0}}} (Thread[AWT-EventQueue-0,6,main])
Scarab: Sending over socket: {"op":"publish","topic":"/scarab/lucy/cmd_vel","msg":{"angular":{"x":0,"y":0,"z":-2.3171211751302083},"linear":{"x":0,"y":0,"z":0}}} (Thread[AWT-EventQueue-0,6,main])
Scarab: Sending over socket: {"op":"publish","topic":"/scarab/lucy/cmd_vel","msg":{"angular":{"x":0,"y":0,"z":-0.25327962239583335},"linear":{"x":0,"y":0,"z":0}}} (Thread[AWT-EventQueue-0,6,main])
Scarab: Sending over socket: {"op":"publish","topic":"/scarab/lucy/cmd_vel","msg":{"angular":{"x":0,"y":0,"z":0.9506007893880207},"linear":{"x":0,"y":0,"z":0}}} (Thread[AWT-EventQueue-0,6,main])
Scarab: Sending over socket: {"op":"publish","topic":"/scarab/lucy/cmd_vel","msg":{"angular":{"x":0,"y":0,"z":1.0334436035156251},"linear":{"x":0,"y":0,"z":0}}} (Thread[AWT-EventQueue-0,6,main])
Scarab: Sending over socket: {"op":"publish","topic":"/scarab/lucy/cmd_vel","msg":{"angular":{"x":0,"y":0,"z":-0.34922241210937505},"linear":{"x":0,"y":0,"z":0}}} (Thread[AWT-EventQueue-0,6,main])
Scarab: Sending over socket: {"op":"publish","topic":"/scarab/lucy/cmd_vel","msg":{"angular":{"x":0,"y":0,"z":1.5082712809244792},"linear":{"x":0,"y":0,"z":0}}} (Thread[AWT-EventQueue-0,6,main])
Scarab: Sending over socket: {"op":"publish","topic":"/scarab/lucy/cmd_vel","msg":{"angular":{"x":0,"y":0,"z":-0.33098470052083334},"linear":{"x":0,"y":0,"z":0}}} (Thread[AWT-EventQueue-0,6,main])
Scarab: Sending over socket: {"op":"publish","topic":"/scarab/lucy/cmd_vel","msg":{"angular":{"x":0,"y":0,"z":-1.9978346761067711},"linear":{"x":0,"y":0,"z":0}}} (Thread[AWT-EventQueue-0,6,main])
Scarab: Sending over socket: {"op":"publish","topic":"/scarab/lucy/cmd_vel","msg":{"angular":{"x":0,"y":0,"z":-1.321507771809896},"linear":{"x":0,"y":0,"z":0}}} (Thread[AWT-EventQueue-0,6,main])
Scarab: Sending over socket: {"op":"publish","topic":"/scarab/lucy/cmd_vel","msg":{"angular":{"x":0,"y":0,"z":-1.3892985026041667},"linear":{"x":0,"y":0,"z":0}}} (Thread[AWT-EventQueue-0,6,main])
Scarab: Sending over socket: {"op":"publish","topic":"/scarab/lucy/cmd_vel","msg":{"angular":{"x":0,"y":0,"z":1.21480712890625},"linear":{"x":0,"y":0,"z":0}}} (Thread[AWT-EventQueue-0,6,main])
Scarab: Sending over socket: {"op":"publish","topic":"/scarab/lucy/cmd_vel","msg":{"angular":{"x":0,"y":0,"z":0.8151684570312501},"linear":{"x":0,"y":0,"z":0}}} (Thread[AWT-EventQueue-0,6,main])
Scarab: Sending over socket: {"op":"publish","topic":"/scarab/lucy/cmd_vel","msg":{"angular":{"x":0,"y":0,"z":1.7935872395833337},"linear":{"x":0,"y":0,"z":0}}} (Thread[AWT-EventQueue-0,6,main])
Scarab: Sending over socket: {"op":"publish","topic":"/scarab/lucy/cmd_vel","msg":{"angular":{"x":0,"y":0,"z":-0.8898478190104168},"linear":{"x":0,"y":0,"z":0}}} (Thread[AWT-EventQueue-0,6,main])
Scarab: Sending over socket: {"op":"publish","topic":"/scarab/lucy/cmd_vel","msg":{"angular":{"x":0,"y":0,"z":-0.5902770996093751},"linear":{"x":0,"y":0,"z":0}}} (Thread[AWT-EventQueue-0,6,main])
Scarab: Sending over socket: {"op":"publish","topic":"/scarab/lucy/cmd_vel","msg":{"angular":{"x":0,"y":0,"z":-0.38634724934895837},"linear":{"x":0,"y":0,"z":0}}} (Thread[AWT-EventQueue-0,6,main])
Scarab: Sending over socket: {"op":"publish","topic":"/scarab/lucy/cmd_vel","msg":{"angular":{"x":0,"y":0,"z":-0.77825439453125},"linear":{"x":0,"y":0,"z":0}}} (Thread[AWT-EventQueue-0,6,main])
Scarab: Sending over socket: {"op":"publish","topic":"/scarab/lucy/cmd_vel","msg":{"angular":{"x":0,"y":0,"z":-0.3266251627604167},"linear":{"x":0,"y":0,"z":0}}} (Thread[AWT-EventQueue-0,6,main])
Scarab: Sending over socket: {"op":"publish","topic":"/scarab/lucy/cmd_vel","msg":{"angular":{"x":0,"y":0,"z":-0.11823323567708335},"linear":{"x":0,"y":0,"z":0}}} (Thread[AWT-EventQueue-0,6,main])
Scarab: Sending over socket: {"op":"publish","topic":"/scarab/lucy/cmd_vel","msg":{"angular":{"x":0,"y":0,"z":0.815185546875},"linear":{"x":0,"y":0,"z":0}}} (Thread[AWT-EventQueue-0,6,main])
Scarab: Sending over socket: {"op":"publish","topic":"/scarab/lucy/cmd_vel","msg":{"angular":{"x":0,"y":0,"z":1.4988012695312503},"linear":{"x":0,"y":0,"z":0}}} (Thread[AWT-EventQueue-0,6,main])
Scarab: Sending over socket: {"op":"publish","topic":"/scarab/lucy/cmd_vel","msg":{"angular":{"x":0,"y":0,"z":2.07307861328125},"linear":{"x":0,"y":0,"z":0}}} (Thread[AWT-EventQueue-0,6,main])
Scarab: Sending over socket: {"op":"publish","topic":"/scarab/lucy/cmd_vel","msg":{"angular":{"x":0,"y":0,"z":1.97277587890625},"linear":{"x":0,"y":0,"z":0}}} (Thread[AWT-EventQueue-0,6,main])
Scarab: Sending over socket: {"op":"publish","topic":"/scarab/lucy/cmd_vel","msg":{"angular":{"x":0,"y":0,"z":-0.1521514892578125},"linear":{"x":0,"y":0,"z":0}}} (Thread[AWT-EventQueue-0,6,main])
Scarab: Sending over socket: {"op":"publish","topic":"/scarab/lucy/cmd_vel","msg":{"angular":{"x":0,"y":0,"z":3.383743489583334},"linear":{"x":0,"y":0,"z":0}}} (Thread[AWT-EventQueue-0,6,main])
Scarab: Sending over socket: {"op":"publish","topic":"/scarab/lucy/cmd_vel","msg":{"angular":{"x":0,"y":0,"z":2.61658447265625},"linear":{"x":0,"y":0,"z":0}}} (Thread[AWT-EventQueue-0,6,main])
Scarab: Sending over socket: {"op":"publish","topic":"/scarab/lucy/cmd_vel","msg":{"angular":{"x":0,"y":0,"z":3.1787249755859377},"linear":{"x":0,"y":0,"z":0}}} (Thread[AWT-EventQueue-0,6,main])
Scarab: Sending over socket: {"op":"publish","topic":"/scarab/lucy/cmd_vel","msg":{"angular":{"x":0,"y":0,"z":0.4181103515625001},"linear":{"x":0,"y":0,"z":0}}} (Thread[AWT-EventQueue-0,6,main])
Scarab: Sending over socket: {"op":"publish","topic":"/scarab/lucy/cmd_vel","msg":{"angular":{"x":0,"y":0,"z":-1.0453051757812502},"linear":{"x":0,"y":0,"z":0}}} (Thread[AWT-EventQueue-0,6,main])
Scarab: Sending over socket: {"op":"publish","topic":"/scarab/lucy/cmd_vel","msg":{"angular":{"x":0,"y":0,"z":-1.948458251953125},"linear":{"x":0,"y":0,"z":0}}} (Thread[AWT-EventQueue-0,6,main])
Scarab: Sending over socket: {"op":"publish","topic":"/scarab/lucy/cmd_vel","msg":{"angular":{"x":0,"y":0,"z":1.1250498453776043},"linear":{"x":0,"y":0,"z":0}}} (Thread[AWT-EventQueue-0,6,main])
Scarab: Sending over socket: {"op":"publish","topic":"/scarab/lucy/cmd_vel","msg":{"angular":{"x":0,"y":0,"z":1.5870772298177085},"linear":{"x":0,"y":0,"z":0}}} (Thread[AWT-EventQueue-0,6,main])
Scarab: Sending over socket: {"op":"publish","topic":"/scarab/lucy/cmd_vel","msg":{"angular":{"x":0,"y":0,"z":0.7116558837890625},"linear":{"x":0,"y":0,"z":0}}} (Thread[AWT-EventQueue-0,6,main])
Scarab: Sending over socket: {"op":"publish","topic":"/scarab/lucy/cmd_vel","msg":{"angular":{"x":0,"y":0,"z":2.380733032226563},"linear":{"x":0,"y":0,"z":0}}} (Thread[AWT-EventQueue-0,6,main])
Scarab: Sending over socket: {"op":"publish","topic":"/scarab/lucy/cmd_vel","msg":{"angular":{"x":0,"y":0,"z":-0.17889506022135418},"linear":{"x":0,"y":0,"z":0}}} (Thread[AWT-EventQueue-0,6,main])
Scarab: Sending over socket: {"op":"publish","topic":"/scarab/lucy/cmd_vel","msg":{"angular":{"x":0,"y":0,"z":-2.5626448567708335},"linear":{"x":0,"y":0,"z":0}}} (Thread[AWT-EventQueue-0,6,main])
Scarab: Sending over socket: {"op":"publish","topic":"/scarab/lucy/cmd_vel","msg":{"angular":{"x":0,"y":0,"z":0.6807560221354166},"linear":{"x":0,"y":0,"z":0}}} (Thread[AWT-EventQueue-0,6,main])
Scarab: Sending over socket: {"op":"publish","topic":"/scarab/lucy/cmd_vel","msg":{"angular":{"x":0,"y":0,"z":1.8167643229166668},"linear":{"x":0,"y":0,"z":0}}} (Thread[AWT-EventQueue-0,6,main])
Scarab: Sending over socket: {"op":"publish","topic":"/scarab/lucy/cmd_vel","msg":{"angular":{"x":0,"y":0,"z":1.6778356933593752},"linear":{"x":0,"y":0,"z":0}}} (Thread[AWT-EventQueue-0,6,main])
Scarab: Sending over socket: {"op":"publish","topic":"/scarab/lucy/cmd_vel","msg":{"angular":{"x":0,"y":0,"z":1.0976607259114586},"linear":{"x":0,"y":0,"z":0}}} (Thread[AWT-EventQueue-0,6,main])
Scarab: Sending over socket: {"op":"publish","topic":"/scarab/lucy/cmd_vel","msg":{"angular":{"x":0,"y":0,"z":0.6489778645833333},"linear":{"x":0,"y":0,"z":0}}} (Thread[AWT-EventQueue-0,6,main])
Scarab: Sending over socket: {"op":"publish","topic":"/scarab/lucy/cmd_vel","msg":{"angular":{"x":0,"y":0,"z":0.4937581380208334},"linear":{"x":0,"y":0,"z":0}}} (Thread[AWT-EventQueue-0,6,main])
ExportHTMLTimer went off after 30000 ms., calling getDirector().finish and getDirector().stopFire()
Scarab: Connection closed because model is no longer running. (Thread[AWT-EventQueue-0,6,main])
Scarab: Connection closed because model is no longer running. (Thread[AWT-EventQueue-0,6,main])
Scarab: Connection closed because model is no longer running. (Thread[AWT-EventQueue-0,6,main])
Scarab: Connection closed because model is no longer running. (Thread[AWT-EventQueue-0,6,main])
Scarab: Connection closed because model is no longer running. (Thread[AWT-EventQueue-0,6,main])
Scarab: Connection closed because model is no longer running. (Thread[AWT-EventQueue-0,6,main])
30148 ms. Memory: 2149376K Free: 746872K (35%)
Exported /home/travis/build/icyphy/ptII/org/terraswarm/accessor/demo/Scarab/Scarab/index.html
38031 ms. Memory: 2149376K Free: 706320K (33%)
####### 56 Fri Jan 25 03:50:39 UTC 2019 $PTII/bin/ptinvoke ptolemy.vergil.basic.export.ExportModel -force htm -run -openComposites -timeOut 30000 -whiteBackground org/terraswarm/accessor/demo/SemanticRepository/Authentication.xml $PTII/org/terraswarm/accessor/demo/SemanticRepository/Authentication
Running .Authentication
SemanticRepositoryQuery: Making an HTTP request. (Thread[AWT-EventQueue-0,6,main])
SemanticRepositoryUpdate: Making an HTTP request. (Thread[AWT-EventQueue-0,6,main])
ExportHTMLTimer went off after 30000 ms., calling getDirector().finish and getDirector().stopFire()
30052 ms. Memory: 2291712K Free: 1132061K (49%)
Exported /home/travis/build/icyphy/ptII/org/terraswarm/accessor/demo/SemanticRepository/Authentication/index.html
41083 ms. Memory: 2291712K Free: 1095936K (48%)
####### 57 Fri Jan 25 03:51:20 UTC 2019 $PTII/bin/ptinvoke ptolemy.vergil.basic.export.ExportModel -force htm -run -openComposites -timeOut 30000 -whiteBackground org/terraswarm/accessor/demo/SemanticRepository/GraphDBInference.xml $PTII/org/terraswarm/accessor/demo/SemanticRepository/GraphDBInference
Running .GraphDBInference
SemanticRepositoryQuery: Making an HTTP request. (Thread[AWT-EventQueue-0,6,main])
ExportHTMLTimer went off after 30000 ms., calling getDirector().finish and getDirector().stopFire()
30029 ms. Memory: 2291712K Free: 1223697K (53%)
Exported /home/travis/build/icyphy/ptII/org/terraswarm/accessor/demo/SemanticRepository/GraphDBInference/index.html
36296 ms. Memory: 2291712K Free: 1158010K (51%)
####### 58 Fri Jan 25 03:51:56 UTC 2019 $PTII/bin/ptinvoke ptolemy.vergil.basic.export.ExportModel -force htm -run -openComposites -timeOut 30000 -whiteBackground org/terraswarm/accessor/demo/SemanticRepository/HostCompatabilityCheck.xml $PTII/org/terraswarm/accessor/demo/SemanticRepository/HostCompatabilityCheck
Running .HostCompatabilityCheck
HostCompatability1: Making an HTTP request. (Thread[AWT-EventQueue-0,6,main])
HostCompatability2: Making an HTTP request. (Thread[AWT-EventQueue-0,6,main])
ExportHTMLTimer went off after 30000 ms., calling getDirector().finish and getDirector().stopFire()
30030 ms. Memory: 2302976K Free: 1187495K (52%)
Exported /home/travis/build/icyphy/ptII/org/terraswarm/accessor/demo/SemanticRepository/HostCompatabilityCheck/index.html
36841 ms. Memory: 2302976K Free: 1130323K (49%)
####### 59 Fri Jan 25 03:52:33 UTC 2019 $PTII/bin/ptinvoke ptolemy.vergil.basic.export.ExportModel -force htm -run -openComposites -timeOut 30000 -whiteBackground org/terraswarm/accessor/demo/SemanticRepository/PeriodicUpdates.xml $PTII/org/terraswarm/accessor/demo/SemanticRepository/PeriodicUpdates
Running .PeriodicUpdates
Manager.initialize() finished: 13399 ms. Memory: 2311680K Free: 1377563K (60%)
SemanticRepositoryQuery: Making an HTTP request. (Thread[AWT-EventQueue-0,6,main])
SemanticRepositoryQuery: Making an HTTP request. (Thread[AWT-EventQueue-0,6,main])
SemanticRepositoryQuery: Making an HTTP request. (Thread[AWT-EventQueue-0,6,main])
SemanticRepositoryUpdate: Making an HTTP request. (Thread[AWT-EventQueue-0,6,main])
SemanticRepositoryQuery: Making an HTTP request. (Thread[AWT-EventQueue-0,6,main])
SemanticRepositoryQuery: Making an HTTP request. (Thread[AWT-EventQueue-0,6,main])
SemanticRepositoryQuery: Making an HTTP request. (Thread[AWT-EventQueue-0,6,main])
SemanticRepositoryUpdate: Making an HTTP request. (Thread[AWT-EventQueue-0,6,main])
SemanticRepositoryQuery: Making an HTTP request. (Thread[AWT-EventQueue-0,6,main])
SemanticRepositoryQuery: Making an HTTP request. (Thread[AWT-EventQueue-0,6,main])
SemanticRepositoryQuery: Making an HTTP request. (Thread[AWT-EventQueue-0,6,main])
SemanticRepositoryQuery: Making an HTTP request. (Thread[AWT-EventQueue-0,6,main])
SemanticRepositoryUpdate: Making an HTTP request. (Thread[AWT-EventQueue-0,6,main])
SemanticRepositoryQuery: Making an HTTP request. (Thread[AWT-EventQueue-0,6,main])
SemanticRepositoryQuery: Making an HTTP request. (Thread[AWT-EventQueue-0,6,main])
SemanticRepositoryQuery: Making an HTTP request. (Thread[AWT-EventQueue-0,6,main])
SemanticRepositoryUpdate: Making an HTTP request. (Thread[AWT-EventQueue-0,6,main])
SemanticRepositoryQuery: Making an HTTP request. (Thread[AWT-EventQueue-0,6,main])
SemanticRepositoryQuery: Making an HTTP request. (Thread[AWT-EventQueue-0,6,main])
SemanticRepositoryQuery: Making an HTTP request. (Thread[AWT-EventQueue-0,6,main])
SemanticRepositoryUpdate: Making an HTTP request. (Thread[AWT-EventQueue-0,6,main])
SemanticRepositoryQuery: Making an HTTP request. (Thread[AWT-EventQueue-0,6,main])
SemanticRepositoryQuery: Making an HTTP request. (Thread[AWT-EventQueue-0,6,main])
SemanticRepositoryQuery: Making an HTTP request. (Thread[AWT-EventQueue-0,6,main])
SemanticRepositoryQuery: Making an HTTP request. (Thread[AWT-EventQueue-0,6,main])
SemanticRepositoryUpdate: Making an HTTP request. (Thread[AWT-EventQueue-0,6,main])
SemanticRepositoryQuery: Making an HTTP request. (Thread[AWT-EventQueue-0,6,main])
SemanticRepositoryQuery: Making an HTTP request. (Thread[AWT-EventQueue-0,6,main])
SemanticRepositoryQuery: Making an HTTP request. (Thread[AWT-EventQueue-0,6,main])
SemanticRepositoryUpdate: Making an HTTP request. (Thread[AWT-EventQueue-0,6,main])
SemanticRepositoryQuery: Making an HTTP request. (Thread[AWT-EventQueue-0,6,main])
SemanticRepositoryQuery: Making an HTTP request. (Thread[AWT-EventQueue-0,6,main])
SemanticRepositoryQuery: Making an HTTP request. (Thread[AWT-EventQueue-0,6,main])
SemanticRepositoryUpdate: Making an HTTP request. (Thread[AWT-EventQueue-0,6,main])
SemanticRepositoryQuery: Making an HTTP request. (Thread[AWT-EventQueue-0,6,main])
SemanticRepositoryQuery: Making an HTTP request. (Thread[AWT-EventQueue-0,6,main])
SemanticRepositoryQuery: Making an HTTP request. (Thread[AWT-EventQueue-0,6,main])
SemanticRepositoryQuery: Making an HTTP request. (Thread[AWT-EventQueue-0,6,main])
SemanticRepositoryUpdate: Making an HTTP request. (Thread[AWT-EventQueue-0,6,main])
SemanticRepositoryQuery: Making an HTTP request. (Thread[AWT-EventQueue-0,6,main])
SemanticRepositoryQuery: Making an HTTP request. (Thread[AWT-EventQueue-0,6,main])
SemanticRepositoryQuery: Making an HTTP request. (Thread[AWT-EventQueue-0,6,main])
SemanticRepositoryUpdate: Making an HTTP request. (Thread[AWT-EventQueue-0,6,main])
SemanticRepositoryQuery: Making an HTTP request. (Thread[AWT-EventQueue-0,6,main])
SemanticRepositoryQuery: Making an HTTP request. (Thread[AWT-EventQueue-0,6,main])
SemanticRepositoryQuery: Making an HTTP request. (Thread[AWT-EventQueue-0,6,main])
SemanticRepositoryUpdate: Making an HTTP request. (Thread[AWT-EventQueue-0,6,main])
SemanticRepositoryQuery: Making an HTTP request. (Thread[AWT-EventQueue-0,6,main])
SemanticRepositoryQuery: Making an HTTP request. (Thread[AWT-EventQueue-0,6,main])
SemanticRepositoryQuery: Making an HTTP request. (Thread[AWT-EventQueue-0,6,main])
SemanticRepositoryQuery: Making an HTTP request. (Thread[AWT-EventQueue-0,6,main])
SemanticRepositoryUpdate: Making an HTTP request. (Thread[AWT-EventQueue-0,6,main])
SemanticRepositoryQuery: Making an HTTP request. (Thread[AWT-EventQueue-0,6,main])
SemanticRepositoryQuery: Making an HTTP request. (Thread[AWT-EventQueue-0,6,main])
SemanticRepositoryQuery: Making an HTTP request. (Thread[AWT-EventQueue-0,6,main])
SemanticRepositoryUpdate: Making an HTTP request. (Thread[AWT-EventQueue-0,6,main])
SemanticRepositoryQuery: Making an HTTP request. (Thread[AWT-EventQueue-0,6,main])
SemanticRepositoryQuery: Making an HTTP request. (Thread[AWT-EventQueue-0,6,main])
SemanticRepositoryQuery: Making an HTTP request. (Thread[AWT-EventQueue-0,6,main])
SemanticRepositoryUpdate: Making an HTTP request. (Thread[AWT-EventQueue-0,6,main])
SemanticRepositoryQuery: Making an HTTP request. (Thread[AWT-EventQueue-0,6,main])
SemanticRepositoryQuery: Making an HTTP request. (Thread[AWT-EventQueue-0,6,main])
SemanticRepositoryQuery: Making an HTTP request. (Thread[AWT-EventQueue-0,6,main])
SemanticRepositoryQuery: Making an HTTP request. (Thread[AWT-EventQueue-0,6,main])
SemanticRepositoryUpdate: Making an HTTP request. (Thread[AWT-EventQueue-0,6,main])
SemanticRepositoryQuery: Making an HTTP request. (Thread[AWT-EventQueue-0,6,main])
SemanticRepositoryQuery: Making an HTTP request. (Thread[AWT-EventQueue-0,6,main])
SemanticRepositoryQuery: Making an HTTP request. (Thread[AWT-EventQueue-0,6,main])
SemanticRepositoryUpdate: Making an HTTP request. (Thread[AWT-EventQueue-0,6,main])
SemanticRepositoryQuery: Making an HTTP request. (Thread[AWT-EventQueue-0,6,main])
SemanticRepositoryQuery: Making an HTTP request. (Thread[AWT-EventQueue-0,6,main])
ExportHTMLTimer went off after 30000 ms., calling getDirector().finish and getDirector().stopFire()
30099 ms. Memory: 2311680K Free: 1303346K (56%)
Exported /home/travis/build/icyphy/ptII/org/terraswarm/accessor/demo/SemanticRepository/PeriodicUpdates/index.html
40672 ms. Memory: 2311680K Free: 1245035K (54%)
####### 60 Fri Jan 25 03:53:13 UTC 2019 $PTII/bin/ptinvoke ptolemy.vergil.basic.export.ExportModel -force htm -run -openComposites -timeOut 30000 -whiteBackground org/terraswarm/accessor/demo/SemanticRepository/SemanticRepository.xml $PTII/org/terraswarm/accessor/demo/SemanticRepository/SemanticRepository
Running .SemanticRepository
ExportHTMLTimer went off after 30000 ms., calling getDirector().finish and getDirector().stopFire()
30001 ms. Memory: 2311680K Free: 1125151K (49%)
Exported /home/travis/build/icyphy/ptII/org/terraswarm/accessor/demo/SemanticRepository/SemanticRepository/index.html
34163 ms. Memory: 2311680K Free: 1094925K (47%)
####### 61 Fri Jan 25 03:53:48 UTC 2019 $PTII/bin/ptinvoke ptolemy.vergil.basic.export.ExportModel -force htm -run -openComposites -timeOut 30000 -whiteBackground org/terraswarm/accessor/demo/SemanticRepository/SemanticYelpSensorUpdateExample.xml $PTII/org/terraswarm/accessor/demo/SemanticRepository/SemanticYelpSensorUpdateExample
Running .SemanticYelpSensorUpdateExample
Manager.initialize() finished: 10940 ms. Memory: 2358272K Free: 1250616K (53%)
11176 ms. Memory: 2358272K Free: 1228668K (52%)
####### 62 Fri Jan 25 03:54:06 UTC 2019 $PTII/bin/ptinvoke ptolemy.vergil.basic.export.ExportModel -force htm -run -openComposites -timeOut 30000 -whiteBackground org/terraswarm/accessor/demo/SemanticRepository/SPARQLQueries.xml $PTII/org/terraswarm/accessor/demo/SemanticRepository/SPARQLQueries
Running .SPARQLQueries
SemanticRepositoryQuery: Making an HTTP request. (Thread[AWT-EventQueue-0,6,main])
ExportHTMLTimer went off after 30000 ms., calling getDirector().finish and getDirector().stopFire()
30035 ms. Memory: 2371584K Free: 1067555K (45%)
Exported /home/travis/build/icyphy/ptII/org/terraswarm/accessor/demo/SemanticRepository/SPARQLQueries/index.html
36401 ms. Memory: 2371584K Free: 1025723K (43%)
####### 63 Fri Jan 25 03:54:42 UTC 2019 $PTII/bin/ptinvoke ptolemy.vergil.basic.export.ExportModel -force htm -run -openComposites -timeOut 30000 -whiteBackground org/terraswarm/accessor/demo/SemanticRepository/SPARQLUpdates.xml $PTII/org/terraswarm/accessor/demo/SemanticRepository/SPARQLUpdates
Running .SPARQLUpdates
SemanticRepositoryUpdate: Making an HTTP request. (Thread[AWT-EventQueue-0,6,main])
ExportHTMLTimer went off after 30000 ms., calling getDirector().finish and getDirector().stopFire()
30037 ms. Memory: 2392576K Free: 883372K (37%)
Exported /home/travis/build/icyphy/ptII/org/terraswarm/accessor/demo/SemanticRepository/SPARQLUpdates/index.html
36604 ms. Memory: 2392576K Free: 852528K (36%)
####### 64 Fri Jan 25 03:55:19 UTC 2019 $PTII/bin/ptinvoke ptolemy.vergil.basic.export.ExportModel -force htm -run -openComposites -timeOut 30000 -whiteBackground org/terraswarm/accessor/demo/WatchHandRaisingLight/WatchHandRaisingLight.xml $PTII/org/terraswarm/accessor/demo/WatchHandRaisingLight/WatchHandRaisingLight
Running .WatchHandRaisingLight
Hue: Attempting to connect to: http://10.0.0.234/api/EJjyWWrE5qDOqs301OarqVSqp3jfJvaOqiObxMYR/lights/ (Thread[AWT-EventQueue-0,6,main])
Hue: Making an HTTP request. (Thread[AWT-EventQueue-0,6,main])
ExportHTMLTimer went off after 30000 ms., calling getDirector().finish and getDirector().stopFire()
30070 ms. Memory: 2424320K Free: 983420K (41%)
Exported /home/travis/build/icyphy/ptII/org/terraswarm/accessor/demo/WatchHandRaisingLight/WatchHandRaisingLight/index.html
38249 ms. Memory: 2424320K Free: 929933K (38%)
####### 65 Fri Jan 25 03:55:57 UTC 2019 $PTII/bin/ptinvoke ptolemy.vergil.basic.export.ExportModel -force htm  -openComposites -timeOut 30000 -whiteBackground org/terraswarm/ros/demo/Ros/Ros.xml $PTII/org/terraswarm/ros/demo/Ros/Ros
Warning: not running org/terraswarm/ros/demo/Ros/Ros.xml. See ptolemy/vergil/basic/export/test/junit/ExportModelJUnitTest.java
Exported /home/travis/build/icyphy/ptII/org/terraswarm/ros/demo/Ros/Ros/index.html
3157 ms. Memory: 2424320K Free: 766089K (32%)
####### 66 Fri Jan 25 03:56:00 UTC 2019 $PTII/bin/ptinvoke ptolemy.vergil.basic.export.ExportModel -force htm  -openComposites -timeOut 30000 -whiteBackground org/terraswarm/ros/demo/Ros/RosPublisher.xml $PTII/org/terraswarm/ros/demo/Ros/RosPublisher
Warning: not running org/terraswarm/ros/demo/Ros/RosPublisher.xml. See ptolemy/vergil/basic/export/test/junit/ExportModelJUnitTest.java
Exported /home/travis/build/icyphy/ptII/org/terraswarm/ros/demo/Ros/RosPublisher/index.html
4468 ms. Memory: 2424320K Free: 503597K (21%)
####### 67 Fri Jan 25 03:56:05 UTC 2019 $PTII/bin/ptinvoke ptolemy.vergil.basic.export.ExportModel -force htm  -openComposites -timeOut 30000 -whiteBackground org/terraswarm/ros/demo/Ros/RosSubscriber.xml $PTII/org/terraswarm/ros/demo/Ros/RosSubscriber
Warning: not running org/terraswarm/ros/demo/Ros/RosSubscriber.xml. See ptolemy/vergil/basic/export/test/junit/ExportModelJUnitTest.java
Exported /home/travis/build/icyphy/ptII/org/terraswarm/ros/demo/Ros/RosSubscriber/index.html
4513 ms. Memory: 2480128K Free: 1162454K (47%)
####### 68 Fri Jan 25 03:56:09 UTC 2019 $PTII/bin/ptinvoke ptolemy.vergil.basic.export.ExportModel -force htm  -openComposites -timeOut 30000 -whiteBackground org/terraswarm/ros/demo/Ros/ScarabArrowKeyController.xml $PTII/org/terraswarm/ros/demo/Ros/ScarabArrowKeyController
Warning: not running org/terraswarm/ros/demo/Ros/ScarabArrowKeyController.xml. See ptolemy/vergil/basic/export/test/junit/ExportModelJUnitTest.java
Exported /home/travis/build/icyphy/ptII/org/terraswarm/ros/demo/Ros/ScarabArrowKeyController/index.html
6802 ms. Memory: 2480128K Free: 580048K (23%)
####### 69 Fri Jan 25 03:56:16 UTC 2019 $PTII/bin/ptinvoke ptolemy.vergil.basic.export.ExportModel -force htm  -openComposites -timeOut 30000 -whiteBackground org/terraswarm/ros/demo/Ros/ScarabGoalPublisher.xml $PTII/org/terraswarm/ros/demo/Ros/ScarabGoalPublisher
Warning: not running org/terraswarm/ros/demo/Ros/ScarabGoalPublisher.xml. See ptolemy/vergil/basic/export/test/junit/ExportModelJUnitTest.java
Exported /home/travis/build/icyphy/ptII/org/terraswarm/ros/demo/Ros/ScarabGoalPublisher/index.html
4338 ms. Memory: 2496000K Free: 1244592K (50%)
####### 70 Fri Jan 25 03:56:21 UTC 2019 $PTII/bin/ptinvoke ptolemy.vergil.basic.export.ExportModel -force htm  -openComposites -timeOut 30000 -whiteBackground org/terraswarm/ros/demo/Ros/ScarabHueController.xml $PTII/org/terraswarm/ros/demo/Ros/ScarabHueController
Warning: not running org/terraswarm/ros/demo/Ros/ScarabHueController.xml. See ptolemy/vergil/basic/export/test/junit/ExportModelJUnitTest.java
Exported /home/travis/build/icyphy/ptII/org/terraswarm/ros/demo/Ros/ScarabHueController/index.html
6516 ms. Memory: 2496000K Free: 692180K (28%)
####### 71 Fri Jan 25 03:56:27 UTC 2019 $PTII/bin/ptinvoke ptolemy.vergil.basic.export.ExportModel -force htm  -openComposites -timeOut 30000 -whiteBackground ptolemy/actor/gt/demo/BouncingBallX2/BouncingBallX2.xml $PTII/ptolemy/actor/gt/demo/BouncingBallX2/BouncingBallX2
Warning: not running ptolemy/actor/gt/demo/BouncingBallX2/BouncingBallX2.xml. See ptolemy/vergil/basic/export/test/junit/ExportModelJUnitTest.java
Exported /home/travis/build/icyphy/ptII/ptolemy/actor/gt/demo/BouncingBallX2/BouncingBallX2/index.html
4610 ms. Memory: 2531840K Free: 1221471K (48%)
####### 72 Fri Jan 25 03:56:32 UTC 2019 $PTII/bin/ptinvoke ptolemy.vergil.basic.export.ExportModel -force htm -run -openComposites -timeOut 30000 -whiteBackground ptolemy/actor/gt/demo/ConstOptimization/ConstOptimization.xml $PTII/ptolemy/actor/gt/demo/ConstOptimization/ConstOptimization
Running .ConstOptimization
6409 ms. Memory: 2531840K Free: 957015K (38%)
Exported /home/travis/build/icyphy/ptII/ptolemy/actor/gt/demo/ConstOptimization/ConstOptimization/index.html
11034 ms. Memory: 2531840K Free: 832803K (33%)
####### 73 Fri Jan 25 03:56:43 UTC 2019 $PTII/bin/ptinvoke ptolemy.vergil.basic.export.ExportModel -force htm -run -openComposites -timeOut 30000 -whiteBackground ptolemy/actor/gt/demo/ConstOptimization/ConstOptimizationDDF.xml $PTII/ptolemy/actor/gt/demo/ConstOptimization/ConstOptimizationDDF
Running .ConstOptimizationDDF
6652 ms. Memory: 2531840K Free: 547399K (22%)
Exported /home/travis/build/icyphy/ptII/ptolemy/actor/gt/demo/ConstOptimization/ConstOptimizationDDF/index.html
11110 ms. Memory: 2531840K Free: 423197K (17%)
####### 74 Fri Jan 25 03:56:54 UTC 2019 $PTII/bin/ptinvoke ptolemy.vergil.basic.export.ExportModel -force htm -run -openComposites -timeOut 30000 -whiteBackground ptolemy/actor/gt/demo/ConstOptimization/ConstOptimizationDE.xml $PTII/ptolemy/actor/gt/demo/ConstOptimization/ConstOptimizationDE
Running .ConstOptimizationDE
6424 ms. Memory: 2655744K Free: 1618840K (61%)
Exported /home/travis/build/icyphy/ptII/ptolemy/actor/gt/demo/ConstOptimization/ConstOptimizationDE/index.html
11953 ms. Memory: 2655744K Free: 1406221K (53%)
####### 75 Fri Jan 25 03:57:06 UTC 2019 $PTII/bin/ptinvoke ptolemy.vergil.basic.export.ExportModel -force htm -run -openComposites -timeOut 30000 -whiteBackground ptolemy/actor/gt/demo/DiningPhilosophers/DiningPhilosophers.xml $PTII/ptolemy/actor/gt/demo/DiningPhilosophers/DiningPhilosophers
Running .DiningPhilosophers
411 ms. Memory: 2655744K Free: 1160138K (44%)
Exported /home/travis/build/icyphy/ptII/ptolemy/actor/gt/demo/DiningPhilosophers/DiningPhilosophers/index.html
5026 ms. Memory: 2655744K Free: 851265K (32%)
####### 76 Fri Jan 25 03:57:11 UTC 2019 $PTII/bin/ptinvoke ptolemy.vergil.basic.export.ExportModel -force htm -run -openComposites -timeOut 30000 -whiteBackground ptolemy/actor/gt/demo/GameOfLife/GameOfLife.xml $PTII/ptolemy/actor/gt/demo/GameOfLife/GameOfLife
Running .GameOfLife
776 ms. Memory: 2644992K Free: 1201386K (45%)
Exported /home/travis/build/icyphy/ptII/ptolemy/actor/gt/demo/GameOfLife/GameOfLife/index.html
7265 ms. Memory: 2644992K Free: 705946K (27%)
####### 77 Fri Jan 25 03:57:18 UTC 2019 $PTII/bin/ptinvoke ptolemy.vergil.basic.export.ExportModel -force htm  -openComposites -timeOut 30000 -whiteBackground ptolemy/actor/gt/demo/HierarchyFlattening/HierarchyFlattening.xml $PTII/ptolemy/actor/gt/demo/HierarchyFlattening/HierarchyFlattening
Warning: not running ptolemy/actor/gt/demo/HierarchyFlattening/HierarchyFlattening.xml. See ptolemy/vergil/basic/export/test/junit/ExportModelJUnitTest.java
Exported /home/travis/build/icyphy/ptII/ptolemy/actor/gt/demo/HierarchyFlattening/HierarchyFlattening/index.html
3294 ms. Memory: 2651136K Free: 1327377K (50%)
####### 78 Fri Jan 25 03:57:21 UTC 2019 $PTII/bin/ptinvoke ptolemy.vergil.basic.export.ExportModel -force htm -run -openComposites -timeOut 30000 -whiteBackground ptolemy/actor/gt/demo/MapReduce/MapReduce.xml $PTII/ptolemy/actor/gt/demo/MapReduce/MapReduce
Running .MapReduce
111 ms. Memory: 2651136K Free: 766141K (29%)
Exported /home/travis/build/icyphy/ptII/ptolemy/actor/gt/demo/MapReduce/MapReduce/index.html
5121 ms. Memory: 2640896K Free: 1574208K (60%)
####### 79 Fri Jan 25 03:57:27 UTC 2019 $PTII/bin/ptinvoke ptolemy.vergil.basic.export.ExportModel -force htm  -openComposites -timeOut 30000 -whiteBackground ptolemy/actor/gt/demo/MapReduce/MapReduceDDF.xml $PTII/ptolemy/actor/gt/demo/MapReduce/MapReduceDDF
Warning: not running ptolemy/actor/gt/demo/MapReduce/MapReduceDDF.xml. See ptolemy/vergil/basic/export/test/junit/ExportModelJUnitTest.java
Exported /home/travis/build/icyphy/ptII/ptolemy/actor/gt/demo/MapReduce/MapReduceDDF/index.html
8852 ms. Memory: 2649088K Free: 738017K (28%)
####### 80 Fri Jan 25 03:57:35 UTC 2019 $PTII/bin/ptinvoke ptolemy.vergil.basic.export.ExportModel -force htm -run -openComposites -timeOut 30000 -whiteBackground ptolemy/actor/gt/demo/ModelExecution/ModelExecution.xml $PTII/ptolemy/actor/gt/demo/ModelExecution/ModelExecution
Running .ModelExecution
10 ms. Memory: 2663936K Free: 1640641K (62%)
2 ms. Memory: 2663936K Free: 1640619K (62%)
2 ms. Memory: 2663936K Free: 1640611K (62%)
2 ms. Memory: 2663936K Free: 1618774K (61%)
2 ms. Memory: 2663936K Free: 1618759K (61%)
2 ms. Memory: 2663936K Free: 1618755K (61%)
2 ms. Memory: 2663936K Free: 1618741K (61%)
1 ms. Memory: 2663936K Free: 1618729K (61%)
1 ms. Memory: 2663936K Free: 1618722K (61%)
1 ms. Memory: 2663936K Free: 1618710K (61%)
9008 ms. Memory: 2663936K Free: 1618710K (61%)
Exported /home/travis/build/icyphy/ptII/ptolemy/actor/gt/demo/ModelExecution/ModelExecution/index.html
Warning: LinkToOpenTableaux._provideEachAttribute() .ModelExecution._Controller.InitModel, an open effigy was null?
Warning: LinkToOpenTableaux._provideEachAttribute() .ModelExecution._Controller.Execute, an open effigy was null?
Warning: LinkToOpenTableaux._provideEachAttribute() .ModelExecution._Controller.SetConstValue, an open effigy was null?
Warning: LinkToOpenTableaux._provideEachAttribute() .ModelExecution._Controller.View, an open effigy was null?
Warning: LinkToOpenTableaux._provideEachAttribute() .ModelExecution._Controller.CreateModel, an open effigy was null?
13425 ms. Memory: 2663936K Free: 1392732K (52%)
####### 81 Fri Jan 25 03:57:49 UTC 2019 $PTII/bin/ptinvoke ptolemy.vergil.basic.export.ExportModel -force htm -run -openComposites -timeOut 30000 -whiteBackground ptolemy/actor/gt/demo/ModelGeneration/ModelGeneration.xml $PTII/ptolemy/actor/gt/demo/ModelGeneration/ModelGeneration
Running .ModelGeneration
71 ms. Memory: 2663936K Free: 1195433K (45%)
Exported /home/travis/build/icyphy/ptII/ptolemy/actor/gt/demo/ModelGeneration/ModelGeneration/index.html
4464 ms. Memory: 2663936K Free: 951567K (36%)
####### 82 Fri Jan 25 03:57:53 UTC 2019 $PTII/bin/ptinvoke ptolemy.vergil.basic.export.ExportModel -force htm -run -openComposites -timeOut 30000 -whiteBackground ptolemy/actor/gt/demo/ModelGeneration/ModelGenerationDE.xml $PTII/ptolemy/actor/gt/demo/ModelGeneration/ModelGenerationDE
Running .ModelGenerationDE
85 ms. Memory: 2663936K Free: 732304K (27%)
Exported /home/travis/build/icyphy/ptII/ptolemy/actor/gt/demo/ModelGeneration/ModelGenerationDE/index.html
4520 ms. Memory: 2670592K Free: 1598794K (60%)
####### 83 Fri Jan 25 03:57:58 UTC 2019 $PTII/bin/ptinvoke ptolemy.vergil.basic.export.ExportModel -force htm  -openComposites -timeOut 30000 -whiteBackground ptolemy/actor/gt/demo/PublisherTest/PublisherTest.xml $PTII/ptolemy/actor/gt/demo/PublisherTest/PublisherTest
Warning: not running ptolemy/actor/gt/demo/PublisherTest/PublisherTest.xml. See ptolemy/vergil/basic/export/test/junit/ExportModelJUnitTest.java
Exported /home/travis/build/icyphy/ptII/ptolemy/actor/gt/demo/PublisherTest/PublisherTest/index.html
3307 ms. Memory: 2670592K Free: 1354184K (51%)
####### 84 Fri Jan 25 03:58:01 UTC 2019 $PTII/bin/ptinvoke ptolemy.vergil.basic.export.ExportModel -force htm -run -openComposites -timeOut 30000 -whiteBackground ptolemy/actor/gt/demo/RegressionTest/RegressionTest.xml $PTII/ptolemy/actor/gt/demo/RegressionTest/RegressionTest
Running .RegressionTest
11 ms. Memory: 2670592K Free: 1069157K (40%)
Exported /home/travis/build/icyphy/ptII/ptolemy/actor/gt/demo/RegressionTest/RegressionTest/index.html
4341 ms. Memory: 2670592K Free: 1045662K (39%)
####### 85 Fri Jan 25 03:58:06 UTC 2019 $PTII/bin/ptinvoke ptolemy.vergil.basic.export.ExportModel -force htm -run -openComposites -timeOut 30000 -whiteBackground ptolemy/actor/gt/demo/SinewaveOptimization/Sinewave.xml $PTII/ptolemy/actor/gt/demo/SinewaveOptimization/Sinewave
Running .Sinewave
22 ms. Memory: 2670592K Free: 935602K (35%)
Exported /home/travis/build/icyphy/ptII/ptolemy/actor/gt/demo/SinewaveOptimization/Sinewave/index.html
4191 ms. Memory: 2670592K Free: 890262K (33%)
####### 86 Fri Jan 25 03:58:10 UTC 2019 $PTII/bin/ptinvoke ptolemy.vergil.basic.export.ExportModel -force htm -run -openComposites -timeOut 30000 -whiteBackground ptolemy/actor/gt/demo/SinewaveOptimization/SinewaveOptimization.xml $PTII/ptolemy/actor/gt/demo/SinewaveOptimization/SinewaveOptimization
Running .SinewaveOptimization
2417 ms. Memory: 2670592K Free: 605173K (23%)
Exported /home/travis/build/icyphy/ptII/ptolemy/actor/gt/demo/SinewaveOptimization/SinewaveOptimization/index.html
7050 ms. Memory: 2695168K Free: 1544299K (57%)
####### 87 Fri Jan 25 03:58:17 UTC 2019 $PTII/bin/ptinvoke ptolemy.vergil.basic.export.ExportModel -force htm -run -openComposites -timeOut 30000 -whiteBackground ptolemy/actor/lib/aspect/demo/CanBus/CanBus.xml $PTII/ptolemy/actor/lib/aspect/demo/CanBus/CanBus
Running .CanBus
20 ms. Memory: 2695168K Free: 1428079K (53%)
Exported /home/travis/build/icyphy/ptII/ptolemy/actor/lib/aspect/demo/CanBus/CanBus/index.html
4222 ms. Memory: 2695168K Free: 1310874K (49%)
####### 88 Fri Jan 25 03:58:21 UTC 2019 $PTII/bin/ptinvoke ptolemy.vergil.basic.export.ExportModel -force htm -run -openComposites -timeOut 30000 -whiteBackground ptolemy/actor/lib/aspect/demo/CarTrackingAttackModeling/CarTrackingAttackModeling.xml $PTII/ptolemy/actor/lib/aspect/demo/CarTrackingAttackModeling/CarTrackingAttackModeling
Running .CarTrackingAttackModeling
1171 ms. Memory: 2695168K Free: 871404K (32%)
Exported /home/travis/build/icyphy/ptII/ptolemy/actor/lib/aspect/demo/CarTrackingAttackModeling/CarTrackingAttackModeling/index.html
8055 ms. Memory: 2701824K Free: 1185256K (44%)
####### 89 Fri Jan 25 03:58:29 UTC 2019 $PTII/bin/ptinvoke ptolemy.vergil.basic.export.ExportModel -force htm -run -openComposites -timeOut 30000 -whiteBackground ptolemy/actor/lib/aspect/demo/CompositeQM/CompositeQM.xml $PTII/ptolemy/actor/lib/aspect/demo/CompositeQM/CompositeQM
Running .CompositeQM
22 ms. Memory: 2701824K Free: 1043800K (39%)
Exported /home/travis/build/icyphy/ptII/ptolemy/actor/lib/aspect/demo/CompositeQM/CompositeQM/index.html
4256 ms. Memory: 2701824K Free: 925014K (34%)
####### 90 Fri Jan 25 03:58:33 UTC 2019 $PTII/bin/ptinvoke ptolemy.vergil.basic.export.ExportModel -force htm -run -openComposites -timeOut 30000 -whiteBackground ptolemy/actor/lib/aspect/demo/DE/DE.xml $PTII/ptolemy/actor/lib/aspect/demo/DE/DE
Running .DE
WARNING: The execution aspects in this model can influence the timing of actors by delaying the 
execution, potentially changing the behavior. There is no guarantee that actors fire at the 
time they request to be fired. 
Use Ptides for deterministic DE behavior that is not influenced by execution aspects. 

15 ms. Memory: 2701824K Free: 806797K (30%)
Exported /home/travis/build/icyphy/ptII/ptolemy/actor/lib/aspect/demo/DE/DE/index.html
4212 ms. Memory: 2701824K Free: 712425K (26%)
####### 91 Fri Jan 25 03:58:38 UTC 2019 $PTII/bin/ptinvoke ptolemy.vergil.basic.export.ExportModel -force htm -run -openComposites -timeOut 30000 -whiteBackground ptolemy/actor/lib/aspect/demo/DE/DE2.xml $PTII/ptolemy/actor/lib/aspect/demo/DE/DE2
Running .DE2
WARNING: The execution aspects in this model can influence the timing of actors by delaying the 
execution, potentially changing the behavior. There is no guarantee that actors fire at the 
time they request to be fired. 
Use Ptides for deterministic DE behavior that is not influenced by execution aspects. 

71 ms. Memory: 2726400K Free: 1582445K (58%)
Exported /home/travis/build/icyphy/ptII/ptolemy/actor/lib/aspect/demo/DE/DE2/index.html
4847 ms. Memory: 2726400K Free: 1336899K (49%)
####### 92 Fri Jan 25 03:58:42 UTC 2019 $PTII/bin/ptinvoke ptolemy.vergil.basic.export.ExportModel -force htm -run -openComposites -timeOut 30000 -whiteBackground ptolemy/actor/lib/aspect/demo/MonitorExecutionTimes/MonitorExecutionTimes.xml $PTII/ptolemy/actor/lib/aspect/demo/MonitorExecutionTimes/MonitorExecutionTimes
Running .MonitorExecutionTimes
WARNING: The execution aspects in this model can influence the timing of actors by delaying the 
execution, potentially changing the behavior. There is no guarantee that actors fire at the 
time they request to be fired. 
Use Ptides for deterministic DE behavior that is not influenced by execution aspects. 

24 ms. Memory: 2726400K Free: 1163781K (43%)
Exported /home/travis/build/icyphy/ptII/ptolemy/actor/lib/aspect/demo/MonitorExecutionTimes/MonitorExecutionTimes/index.html
4245 ms. Memory: 2726400K Free: 1087512K (40%)
####### 93 Fri Jan 25 03:58:47 UTC 2019 $PTII/bin/ptinvoke ptolemy.vergil.basic.export.ExportModel -force htm -run -openComposites -timeOut 30000 -whiteBackground ptolemy/actor/lib/colt/demo/ColtRandom/ColtRandom.xml $PTII/ptolemy/actor/lib/colt/demo/ColtRandom/ColtRandom
Running .ColtRandom
207 ms. Memory: 2726400K Free: 744563K (27%)
Exported /home/travis/build/icyphy/ptII/ptolemy/actor/lib/colt/demo/ColtRandom/ColtRandom/index.html
4485 ms. Memory: 2726400K Free: 620852K (23%)
####### 94 Fri Jan 25 03:58:51 UTC 2019 $PTII/bin/ptinvoke ptolemy.vergil.basic.export.ExportModel -force htm -run -openComposites -timeOut 30000 -whiteBackground ptolemy/actor/lib/comm/demo/ConvolutionalCoder/ConvolutionalCoder.xml $PTII/ptolemy/actor/lib/comm/demo/ConvolutionalCoder/ConvolutionalCoder
Running .ConvolutionalCoder
144 ms. Memory: 2732544K Free: 1682040K (62%)
Exported /home/travis/build/icyphy/ptII/ptolemy/actor/lib/comm/demo/ConvolutionalCoder/ConvolutionalCoder/index.html
4534 ms. Memory: 2732544K Free: 1559242K (57%)
####### 95 Fri Jan 25 03:58:56 UTC 2019 $PTII/bin/ptinvoke ptolemy.vergil.basic.export.ExportModel -force htm -run -openComposites -timeOut 30000 -whiteBackground ptolemy/actor/lib/comm/demo/HuffmanDecoder/HuffmanDecoder.xml $PTII/ptolemy/actor/lib/comm/demo/HuffmanDecoder/HuffmanDecoder
Running .HuffmanDecoder
122 ms. Memory: 2732544K Free: 1437341K (53%)
Exported /home/travis/build/icyphy/ptII/ptolemy/actor/lib/comm/demo/HuffmanDecoder/HuffmanDecoder/index.html
4302 ms. Memory: 2732544K Free: 1383541K (51%)
####### 96 Fri Jan 25 03:59:00 UTC 2019 $PTII/bin/ptinvoke ptolemy.vergil.basic.export.ExportModel -force htm -run -openComposites -timeOut 30000 -whiteBackground ptolemy/actor/lib/comm/demo/Scrambler/Scrambler.xml $PTII/ptolemy/actor/lib/comm/demo/Scrambler/Scrambler
Running .Scrambler
95 ms. Memory: 2732544K Free: 1285837K (47%)
Exported /home/travis/build/icyphy/ptII/ptolemy/actor/lib/comm/demo/Scrambler/Scrambler/index.html
4259 ms. Memory: 2732544K Free: 1211479K (44%)
####### 97 Fri Jan 25 03:59:04 UTC 2019 $PTII/bin/ptinvoke ptolemy.vergil.basic.export.ExportModel -force htm -run -openComposites -timeOut 30000 -whiteBackground ptolemy/actor/lib/comm/demo/TrellisDecoder/TrellisDecoder.xml $PTII/ptolemy/actor/lib/comm/demo/TrellisDecoder/TrellisDecoder
Running .TrellisDecoder
150 ms. Memory: 2732544K Free: 1015864K (37%)
Exported /home/travis/build/icyphy/ptII/ptolemy/actor/lib/comm/demo/TrellisDecoder/TrellisDecoder/index.html
4432 ms. Memory: 2732544K Free: 863035K (32%)
####### 98 Fri Jan 25 03:59:09 UTC 2019 $PTII/bin/ptinvoke ptolemy.vergil.basic.export.ExportModel -force htm -run -openComposites -timeOut 30000 -whiteBackground ptolemy/actor/lib/comm/demo/ViterbiDecoder/ViterbiDecoder.xml $PTII/ptolemy/actor/lib/comm/demo/ViterbiDecoder/ViterbiDecoder
Running .ViterbiDecoder
101 ms. Memory: 2732544K Free: 692731K (25%)
Exported /home/travis/build/icyphy/ptII/ptolemy/actor/lib/comm/demo/ViterbiDecoder/ViterbiDecoder/index.html
4326 ms. Memory: 2732544K Free: 569931K (21%)
####### 99 Fri Jan 25 03:59:13 UTC 2019 $PTII/bin/ptinvoke ptolemy.vergil.basic.export.ExportModel -force htm -run -openComposites -timeOut 30000 -whiteBackground ptolemy/actor/lib/database/demo/InteractiveQuery/InteractiveQuery.xml $PTII/ptolemy/actor/lib/database/demo/InteractiveQuery/InteractiveQuery
.InteractiveQuery.InteractiveShell invoked SwingUtilities.invokeAndWait()
Model ".InteractiveQuery" contains actors such cannot be run  as part of the export process from ExportModel or it has a WebExportParameters value that runBeforeExport set to false. To export run this model and export it, use vergil.
Exported /home/travis/build/icyphy/ptII/ptolemy/actor/lib/database/demo/InteractiveQuery/InteractiveQuery/index.html
3260 ms. Memory: 2759680K Free: 1712470K (62%)
####### 100 Fri Jan 25 03:59:16 UTC 2019 $PTII/bin/ptinvoke ptolemy.vergil.basic.export.ExportModel -force htm -run -openComposites -timeOut 30000 -whiteBackground ptolemy/actor/lib/fmi/demo/FMUBouncingBall/FMUBouncingBall.xml $PTII/ptolemy/actor/lib/fmi/demo/FMUBouncingBall/FMUBouncingBall
Running .FMUBouncingBall
101 ms. Memory: 2759680K Free: 1610367K (58%)
Exported /home/travis/build/icyphy/ptII/ptolemy/actor/lib/fmi/demo/FMUBouncingBall/FMUBouncingBall/index.html
4321 ms. Memory: 2759680K Free: 1583376K (57%)
####### 101 Fri Jan 25 03:59:21 UTC 2019 $PTII/bin/ptinvoke ptolemy.vergil.basic.export.ExportModel -force htm -run -openComposites -timeOut 30000 -whiteBackground ptolemy/actor/lib/fmi/demo/FMULevelStairs/FMULevelStairs.xml $PTII/ptolemy/actor/lib/fmi/demo/FMULevelStairs/FMULevelStairs
Running .FMULevelStairs
97 ms. Memory: 2759680K Free: 1481242K (54%)
Exported /home/travis/build/icyphy/ptII/ptolemy/actor/lib/fmi/demo/FMULevelStairs/FMULevelStairs/index.html
4256 ms. Memory: 2759680K Free: 1428917K (52%)
####### 102 Fri Jan 25 03:59:25 UTC 2019 $PTII/bin/ptinvoke ptolemy.vergil.basic.export.ExportModel -force htm  -openComposites -timeOut 30000 -whiteBackground ptolemy/actor/lib/fmi/demo/FMUSimulationX/FMUSimulationX.xml $PTII/ptolemy/actor/lib/fmi/demo/FMUSimulationX/FMUSimulationX
Warning: not running ptolemy/actor/lib/fmi/demo/FMUSimulationX/FMUSimulationX.xml. See ptolemy/vergil/basic/export/test/junit/ExportModelJUnitTest.java
Exported /home/travis/build/icyphy/ptII/ptolemy/actor/lib/fmi/demo/FMUSimulationX/FMUSimulationX/index.html
3312 ms. Memory: 2759680K Free: 1222822K (44%)
####### 103 Fri Jan 25 03:59:28 UTC 2019 $PTII/bin/ptinvoke ptolemy.vergil.basic.export.ExportModel -force htm  -openComposites -timeOut 30000 -whiteBackground ptolemy/actor/lib/fmi/demo/FMUSimulationX/FMUSimulationXPIController.xml $PTII/ptolemy/actor/lib/fmi/demo/FMUSimulationX/FMUSimulationXPIController
Warning: not running ptolemy/actor/lib/fmi/demo/FMUSimulationX/FMUSimulationXPIController.xml. See ptolemy/vergil/basic/export/test/junit/ExportModelJUnitTest.java
Exported /home/travis/build/icyphy/ptII/ptolemy/actor/lib/fmi/demo/FMUSimulationX/FMUSimulationXPIController/index.html
3480 ms. Memory: 2759680K Free: 1043053K (38%)
####### 104 Fri Jan 25 03:59:32 UTC 2019 $PTII/bin/ptinvoke ptolemy.vergil.basic.export.ExportModel -force htm -run -openComposites -timeOut 30000 -whiteBackground ptolemy/actor/lib/fmi/demo/FMUStairs/FMUStairs.xml $PTII/ptolemy/actor/lib/fmi/demo/FMUStairs/FMUStairs
Running .FMUStairs
52 ms. Memory: 2759680K Free: 940793K (34%)
Exported /home/travis/build/icyphy/ptII/ptolemy/actor/lib/fmi/demo/FMUStairs/FMUStairs/index.html
4196 ms. Memory: 2759680K Free: 863129K (31%)
####### 105 Fri Jan 25 03:59:36 UTC 2019 $PTII/bin/ptinvoke ptolemy.vergil.basic.export.ExportModel -force htm -run -openComposites -timeOut 30000 -whiteBackground ptolemy/actor/lib/fmi/demo/FMUTwoBallCollision/FMUTwoBallCollision.xml $PTII/ptolemy/actor/lib/fmi/demo/FMUTwoBallCollision/FMUTwoBallCollision
Running .FMUTwoBallCollision
95 ms. Memory: 2759680K Free: 633398K (23%)
Exported /home/travis/build/icyphy/ptII/ptolemy/actor/lib/fmi/demo/FMUTwoBallCollision/FMUTwoBallCollision/index.html
4436 ms. Memory: 2759680K Free: 530359K (19%)
####### 106 Fri Jan 25 03:59:40 UTC 2019 $PTII/bin/ptinvoke ptolemy.vergil.basic.export.ExportModel -force htm  -openComposites -timeOut 30000 -whiteBackground ptolemy/actor/lib/fmi/jni/demo/FourInFourOutsDymola/FourInFourOutsDymola.xml $PTII/ptolemy/actor/lib/fmi/jni/demo/FourInFourOutsDymola/FourInFourOutsDymola
Warning: not running ptolemy/actor/lib/fmi/jni/demo/FourInFourOutsDymola/FourInFourOutsDymola.xml. See ptolemy/vergil/basic/export/test/junit/ExportModelJUnitTest.java
Exported /home/travis/build/icyphy/ptII/ptolemy/actor/lib/fmi/jni/demo/FourInFourOutsDymola/FourInFourOutsDymola/index.html
3559 ms. Memory: 2763776K Free: 1410137K (51%)
####### 107 Fri Jan 25 03:59:44 UTC 2019 $PTII/bin/ptinvoke ptolemy.vergil.basic.export.ExportModel -force htm  -openComposites -timeOut 30000 -whiteBackground ptolemy/actor/lib/fmi/jni/demo/FourInFourOutsDymola/FourInFourOutsDymolaJNI.xml $PTII/ptolemy/actor/lib/fmi/jni/demo/FourInFourOutsDymola/FourInFourOutsDymolaJNI
Warning: not running ptolemy/actor/lib/fmi/jni/demo/FourInFourOutsDymola/FourInFourOutsDymolaJNI.xml. See ptolemy/vergil/basic/export/test/junit/ExportModelJUnitTest.java
Exported /home/travis/build/icyphy/ptII/ptolemy/actor/lib/fmi/jni/demo/FourInFourOutsDymola/FourInFourOutsDymolaJNI/index.html
3376 ms. Memory: 2763776K Free: 1017137K (37%)
####### 108 Fri Jan 25 03:59:47 UTC 2019 $PTII/bin/ptinvoke ptolemy.vergil.basic.export.ExportModel -force htm  -openComposites -timeOut 30000 -whiteBackground ptolemy/actor/lib/fmi/jni/demo/FourInFourOutsDymola/FourInFourOutsDymolaWindows.xml $PTII/ptolemy/actor/lib/fmi/jni/demo/FourInFourOutsDymola/FourInFourOutsDymolaWindows
Warning: not running ptolemy/actor/lib/fmi/jni/demo/FourInFourOutsDymola/FourInFourOutsDymolaWindows.xml. See ptolemy/vergil/basic/export/test/junit/ExportModelJUnitTest.java
Exported /home/travis/build/icyphy/ptII/ptolemy/actor/lib/fmi/jni/demo/FourInFourOutsDymola/FourInFourOutsDymolaWindows/index.html
3206 ms. Memory: 2763776K Free: 855517K (31%)
####### 109 Fri Jan 25 03:59:50 UTC 2019 $PTII/bin/ptinvoke ptolemy.vergil.basic.export.ExportModel -force htm -run -openComposites -timeOut 30000 -whiteBackground ptolemy/actor/lib/gem5/demo/DramThermalModel/DramThermalModel.xml $PTII/ptolemy/actor/lib/gem5/demo/DramThermalModel/DramThermalModel
Model ".DramThermalModel" contains actors such cannot be run  as part of the export process from ExportModel or it has a WebExportParameters value that runBeforeExport set to false. To export run this model and export it, use vergil.
Exported /home/travis/build/icyphy/ptII/ptolemy/actor/lib/gem5/demo/DramThermalModel/DramThermalModel/index.html
6614 ms. Memory: 2785792K Free: 570501K (20%)
####### 110 Fri Jan 25 03:59:57 UTC 2019 $PTII/bin/ptinvoke ptolemy.vergil.basic.export.ExportModel -force htm -run -openComposites -timeOut 30000 -whiteBackground ptolemy/actor/lib/hoc/demo/ApplyFFT/ApplyFFT.xml $PTII/ptolemy/actor/lib/hoc/demo/ApplyFFT/ApplyFFT
Running .ApplyFFT
72 ms. Memory: 2788864K Free: 1729496K (62%)
Exported /home/travis/build/icyphy/ptII/ptolemy/actor/lib/hoc/demo/ApplyFFT/ApplyFFT/index.html
4471 ms. Memory: 2788864K Free: 1648784K (59%)
####### 111 Fri Jan 25 04:00:01 UTC 2019 $PTII/bin/ptinvoke ptolemy.vergil.basic.export.ExportModel -force htm -run -openComposites -timeOut 30000 -whiteBackground ptolemy/actor/lib/hoc/demo/Case/Case.xml $PTII/ptolemy/actor/lib/hoc/demo/Case/Case
Running .Case
42 ms. Memory: 2788864K Free: 1542989K (55%)
Exported /home/travis/build/icyphy/ptII/ptolemy/actor/lib/hoc/demo/Case/Case/index.html
4323 ms. Memory: 2788864K Free: 1382221K (50%)
####### 112 Fri Jan 25 04:00:06 UTC 2019 $PTII/bin/ptinvoke ptolemy.vergil.basic.export.ExportModel -force htm -run -openComposites -timeOut 30000 -whiteBackground ptolemy/actor/lib/hoc/demo/DFTSubSet/DFTSubSet.xml $PTII/ptolemy/actor/lib/hoc/demo/DFTSubSet/DFTSubSet
Running .DFTSubSet
223 ms. Memory: 2788864K Free: 1171416K (42%)
Exported /home/travis/build/icyphy/ptII/ptolemy/actor/lib/hoc/demo/DFTSubSet/DFTSubSet/index.html
5501 ms. Memory: 2788864K Free: 561065K (20%)
####### 113 Fri Jan 25 04:00:11 UTC 2019 $PTII/bin/ptinvoke ptolemy.vergil.basic.export.ExportModel -force htm -run -openComposites -timeOut 30000 -whiteBackground ptolemy/actor/lib/hoc/demo/HocDE/HocDE.xml $PTII/ptolemy/actor/lib/hoc/demo/HocDE/HocDE
Running .HocDE
180 ms. Memory: 2811392K Free: 1710497K (61%)
Exported /home/travis/build/icyphy/ptII/ptolemy/actor/lib/hoc/demo/HocDE/HocDE/index.html
4799 ms. Memory: 2811392K Free: 1304218K (46%)
####### 114 Fri Jan 25 04:00:16 UTC 2019 $PTII/bin/ptinvoke ptolemy.vergil.basic.export.ExportModel -force htm -run -openComposites -timeOut 30000 -whiteBackground ptolemy/actor/lib/hoc/demo/IterateOverArray/IterateOverArray.xml $PTII/ptolemy/actor/lib/hoc/demo/IterateOverArray/IterateOverArray
Running .IterateOverArray
599 ms. Memory: 2811392K Free: 1113791K (40%)
Exported /home/travis/build/icyphy/ptII/ptolemy/actor/lib/hoc/demo/IterateOverArray/IterateOverArray/index.html
4883 ms. Memory: 2811392K Free: 977708K (35%)
####### 115 Fri Jan 25 04:00:21 UTC 2019 $PTII/bin/ptinvoke ptolemy.vergil.basic.export.ExportModel -force htm -run -openComposites -timeOut 30000 -whiteBackground ptolemy/actor/lib/hoc/demo/MobileFunction/MobileFunction.xml $PTII/ptolemy/actor/lib/hoc/demo/MobileFunction/MobileFunction
Running .MobileFunction
15 ms. Memory: 2811392K Free: 896467K (32%)
Exported /home/travis/build/icyphy/ptII/ptolemy/actor/lib/hoc/demo/MobileFunction/MobileFunction/index.html
4145 ms. Memory: 2811392K Free: 840846K (30%)
####### 116 Fri Jan 25 04:00:25 UTC 2019 $PTII/bin/ptinvoke ptolemy.vergil.basic.export.ExportModel -force htm -run -openComposites -timeOut 30000 -whiteBackground ptolemy/actor/lib/hoc/demo/ModelReference/ModelReference.xml $PTII/ptolemy/actor/lib/hoc/demo/ModelReference/ModelReference
Running .ModelReference
143 ms. Memory: 2811392K Free: 679124K (24%)
10 ms. Memory: 2811392K Free: 652159K (23%)
ExportHTMLTimer went off after 30000 ms., calling getDirector().finish and getDirector().stopFire()
30002 ms. Memory: 2811392K Free: 649986K (23%)
Exported /home/travis/build/icyphy/ptII/ptolemy/actor/lib/hoc/demo/ModelReference/ModelReference/index.html
34243 ms. Memory: 2811392K Free: 647970K (23%)
####### 117 Fri Jan 25 04:00:59 UTC 2019 $PTII/bin/ptinvoke ptolemy.vergil.basic.export.ExportModel -force htm -run -openComposites -timeOut 30000 -whiteBackground ptolemy/actor/lib/hoc/demo/ThreadedComposite/BackgroundExecution.xml $PTII/ptolemy/actor/lib/hoc/demo/ThreadedComposite/BackgroundExecution
Running .BackgroundExecution
9008 ms. Memory: 2811392K Free: 509073K (18%)
Exported /home/travis/build/icyphy/ptII/ptolemy/actor/lib/hoc/demo/ThreadedComposite/BackgroundExecution/index.html
13178 ms. Memory: 2811392K Free: 480242K (17%)
####### 118 Fri Jan 25 04:01:13 UTC 2019 $PTII/bin/ptinvoke ptolemy.vergil.basic.export.ExportModel -force htm -run -openComposites -timeOut 30000 -whiteBackground ptolemy/actor/lib/hoc/demo/ThreadedComposite/ConcurrentChat.xml $PTII/ptolemy/actor/lib/hoc/demo/ThreadedComposite/ConcurrentChat
.ConcurrentChat.ThreadedComposite.InteractiveShell invoked SwingUtilities.invokeAndWait()
Model ".ConcurrentChat" contains actors such cannot be run  as part of the export process from ExportModel or it has a WebExportParameters value that runBeforeExport set to false. To export run this model and export it, use vergil.
Exported /home/travis/build/icyphy/ptII/ptolemy/actor/lib/hoc/demo/ThreadedComposite/ConcurrentChat/index.html
3255 ms. Memory: 2812416K Free: 1680819K (60%)
####### 119 Fri Jan 25 04:01:16 UTC 2019 $PTII/bin/ptinvoke ptolemy.vergil.basic.export.ExportModel -force htm -run -openComposites -timeOut 30000 -whiteBackground ptolemy/actor/lib/hoc/demo/ThreadedComposite/MulticoreExecution.xml $PTII/ptolemy/actor/lib/hoc/demo/ThreadedComposite/MulticoreExecution
Running .MulticoreExecution
Fired ExecutionTime: 1861600000
Fired ExecutionTime: 1899200000
Fired ExecutionTime: 1664800000
Fired ExecutionTime: 1663600000
Fired ExecutionTime: 460800000
Fired ExecutionTime: 473200000
Fired ExecutionTime: 494400000
Fired ExecutionTime: 500000000
Fired ExecutionTime: 498400000
Fired ExecutionTime: 504000000
Fired ExecutionTime: 500800000
Fired ExecutionTime: 505200000
Fired ExecutionTime: 504800000
Fired ExecutionTime: 501200000
Fired ExecutionTime: 483200000
Fired ExecutionTime: 490400000
Fired ExecutionTime: 660000000
Fired ExecutionTime: 654800000
Fired ExecutionTime: 654000000
Fired ExecutionTime: 660800000
10047 ms. Memory: 2812416K Free: 1539231K (55%)
Exported /home/travis/build/icyphy/ptII/ptolemy/actor/lib/hoc/demo/ThreadedComposite/MulticoreExecution/index.html
14228 ms. Memory: 2812416K Free: 1429319K (51%)
####### 120 Fri Jan 25 04:01:30 UTC 2019 $PTII/bin/ptinvoke ptolemy.vergil.basic.export.ExportModel -force htm -run -openComposites -timeOut 30000 -whiteBackground ptolemy/actor/lib/hoc/demo/ThreadedComposite/ParallelExecution.xml $PTII/ptolemy/actor/lib/hoc/demo/ThreadedComposite/ParallelExecution
Running .ParallelExecution
9019 ms. Memory: 2812416K Free: 1312760K (47%)
Exported /home/travis/build/icyphy/ptII/ptolemy/actor/lib/hoc/demo/ThreadedComposite/ParallelExecution/index.html
13173 ms. Memory: 2812416K Free: 1253100K (45%)
####### 121 Fri Jan 25 04:01:43 UTC 2019 $PTII/bin/ptinvoke ptolemy.vergil.basic.export.ExportModel -force htm -run -openComposites -timeOut 30000 -whiteBackground ptolemy/actor/lib/hoc/demo/ThreadedComposite/SpontaneousSources.xml $PTII/ptolemy/actor/lib/hoc/demo/ThreadedComposite/SpontaneousSources
.SpontaneousSources.ThreadedComposite.InteractiveShell invoked SwingUtilities.invokeAndWait()
Model ".SpontaneousSources" contains actors such cannot be run  as part of the export process from ExportModel or it has a WebExportParameters value that runBeforeExport set to false. To export run this model and export it, use vergil.
Exported /home/travis/build/icyphy/ptII/ptolemy/actor/lib/hoc/demo/ThreadedComposite/SpontaneousSources/index.html
3176 ms. Memory: 2812416K Free: 1113532K (40%)
####### 122 Fri Jan 25 04:01:46 UTC 2019 $PTII/bin/ptinvoke ptolemy.vergil.basic.export.ExportModel -force htm  -openComposites -timeOut 30000 -whiteBackground ptolemy/actor/lib/hoc/demo/ThreadedComposite/ThreadedComposite.xml $PTII/ptolemy/actor/lib/hoc/demo/ThreadedComposite/ThreadedComposite
Warning: not running ptolemy/actor/lib/hoc/demo/ThreadedComposite/ThreadedComposite.xml. See ptolemy/vergil/basic/export/test/junit/ExportModelJUnitTest.java
Exported /home/travis/build/icyphy/ptII/ptolemy/actor/lib/hoc/demo/ThreadedComposite/ThreadedComposite/index.html
3120 ms. Memory: 2812416K Free: 1002832K (36%)
####### 123 Fri Jan 25 04:01:50 UTC 2019 $PTII/bin/ptinvoke ptolemy.vergil.basic.export.ExportModel -force htm  -openComposites -timeOut 30000 -whiteBackground ptolemy/actor/lib/io/comm/demo/SerialConsole/SerialConsole.xml $PTII/ptolemy/actor/lib/io/comm/demo/SerialConsole/SerialConsole
Warning: not running ptolemy/actor/lib/io/comm/demo/SerialConsole/SerialConsole.xml. See ptolemy/vergil/basic/export/test/junit/ExportModelJUnitTest.java
Exported /home/travis/build/icyphy/ptII/ptolemy/actor/lib/io/comm/demo/SerialConsole/SerialConsole/index.html
3163 ms. Memory: 2812416K Free: 863301K (31%)
####### 124 Fri Jan 25 04:01:53 UTC 2019 $PTII/bin/ptinvoke ptolemy.vergil.basic.export.ExportModel -force htm  -openComposites -timeOut 30000 -whiteBackground ptolemy/actor/lib/io/comm/demo/SerialPort/SerialPort.xml $PTII/ptolemy/actor/lib/io/comm/demo/SerialPort/SerialPort
Warning: not running ptolemy/actor/lib/io/comm/demo/SerialPort/SerialPort.xml. See ptolemy/vergil/basic/export/test/junit/ExportModelJUnitTest.java
Exported /home/travis/build/icyphy/ptII/ptolemy/actor/lib/io/comm/demo/SerialPort/SerialPort/index.html
3120 ms. Memory: 2812416K Free: 752705K (27%)
####### 125 Fri Jan 25 04:01:56 UTC 2019 $PTII/bin/ptinvoke ptolemy.vergil.basic.export.ExportModel -force htm  -openComposites -timeOut 30000 -whiteBackground ptolemy/actor/lib/io/comm/demo/XBee/XBee.xml $PTII/ptolemy/actor/lib/io/comm/demo/XBee/XBee
Warning: not running ptolemy/actor/lib/io/comm/demo/XBee/XBee.xml. See ptolemy/vergil/basic/export/test/junit/ExportModelJUnitTest.java
Exported /home/travis/build/icyphy/ptII/ptolemy/actor/lib/io/comm/demo/XBee/XBee/index.html
3153 ms. Memory: 2812416K Free: 615124K (22%)
####### 126 Fri Jan 25 04:01:59 UTC 2019 $PTII/bin/ptinvoke ptolemy.vergil.basic.export.ExportModel -force htm  -openComposites -timeOut 30000 -whiteBackground ptolemy/actor/lib/io/demo/AppendToFile/AppendToFile.xml $PTII/ptolemy/actor/lib/io/demo/AppendToFile/AppendToFile
Warning: not running ptolemy/actor/lib/io/demo/AppendToFile/AppendToFile.xml. See ptolemy/vergil/basic/export/test/junit/ExportModelJUnitTest.java
Exported /home/travis/build/icyphy/ptII/ptolemy/actor/lib/io/demo/AppendToFile/AppendToFile/index.html
3142 ms. Memory: 2812416K Free: 504472K (18%)
####### 127 Fri Jan 25 04:02:02 UTC 2019 $PTII/bin/ptinvoke ptolemy.vergil.basic.export.ExportModel -force htm  -openComposites -timeOut 30000 -whiteBackground ptolemy/actor/lib/io/demo/CopyFile/CopyFile.xml $PTII/ptolemy/actor/lib/io/demo/CopyFile/CopyFile
Warning: not running ptolemy/actor/lib/io/demo/CopyFile/CopyFile.xml. See ptolemy/vergil/basic/export/test/junit/ExportModelJUnitTest.java
Exported /home/travis/build/icyphy/ptII/ptolemy/actor/lib/io/demo/CopyFile/CopyFile/index.html
3215 ms. Memory: 2825216K Free: 1748308K (62%)
####### 128 Fri Jan 25 04:02:05 UTC 2019 $PTII/bin/ptinvoke ptolemy.vergil.basic.export.ExportModel -force htm  -openComposites -timeOut 30000 -whiteBackground ptolemy/actor/lib/io/demo/FilePortParameter/FilePortParameter.xml $PTII/ptolemy/actor/lib/io/demo/FilePortParameter/FilePortParameter
Warning: not running ptolemy/actor/lib/io/demo/FilePortParameter/FilePortParameter.xml. See ptolemy/vergil/basic/export/test/junit/ExportModelJUnitTest.java
Exported /home/travis/build/icyphy/ptII/ptolemy/actor/lib/io/demo/FilePortParameter/FilePortParameter/index.html
3175 ms. Memory: 2825216K Free: 1580633K (56%)
####### 129 Fri Jan 25 04:02:09 UTC 2019 $PTII/bin/ptinvoke ptolemy.vergil.basic.export.ExportModel -force htm  -openComposites -timeOut 30000 -whiteBackground ptolemy/actor/lib/io/demo/ReadExpressionsCommandLine/ReadExpressionsCommandLine.xml $PTII/ptolemy/actor/lib/io/demo/ReadExpressionsCommandLine/ReadExpressionsCommandLine
Warning: not running ptolemy/actor/lib/io/demo/ReadExpressionsCommandLine/ReadExpressionsCommandLine.xml. See ptolemy/vergil/basic/export/test/junit/ExportModelJUnitTest.java
Exported /home/travis/build/icyphy/ptII/ptolemy/actor/lib/io/demo/ReadExpressionsCommandLine/ReadExpressionsCommandLine/index.html
3120 ms. Memory: 2825216K Free: 1469270K (52%)
####### 130 Fri Jan 25 04:02:12 UTC 2019 $PTII/bin/ptinvoke ptolemy.vergil.basic.export.ExportModel -force htm  -openComposites -timeOut 30000 -whiteBackground ptolemy/actor/lib/io/demo/ReadStdIn/ReadStdIn.xml $PTII/ptolemy/actor/lib/io/demo/ReadStdIn/ReadStdIn
Warning: not running ptolemy/actor/lib/io/demo/ReadStdIn/ReadStdIn.xml. See ptolemy/vergil/basic/export/test/junit/ExportModelJUnitTest.java
Exported /home/travis/build/icyphy/ptII/ptolemy/actor/lib/io/demo/ReadStdIn/ReadStdIn/index.html
3139 ms. Memory: 2825216K Free: 1330715K (47%)
####### 131 Fri Jan 25 04:02:15 UTC 2019 $PTII/bin/ptinvoke ptolemy.vergil.basic.export.ExportModel -force htm -run -openComposites -timeOut 30000 -whiteBackground ptolemy/actor/lib/jai/demo/AdaptiveMedian/AdaptiveMedian.xml $PTII/ptolemy/actor/lib/jai/demo/AdaptiveMedian/AdaptiveMedian
Running .AdaptiveMedian
1311 ms. Memory: 2825216K Free: 1112355K (39%)
Exported /home/travis/build/icyphy/ptII/ptolemy/actor/lib/jai/demo/AdaptiveMedian/AdaptiveMedian/index.html
5481 ms. Memory: 2825216K Free: 1083127K (38%)
####### 132 Fri Jan 25 04:02:20 UTC 2019 $PTII/bin/ptinvoke ptolemy.vergil.basic.export.ExportModel -force htm -run -openComposites -timeOut 30000 -whiteBackground ptolemy/actor/lib/jai/demo/ImageReconstruction/ImageReconstruction.xml $PTII/ptolemy/actor/lib/jai/demo/ImageReconstruction/ImageReconstruction
Running .ImageReconstruction
58 ms. Memory: 2825216K Free: 969776K (34%)
Exported /home/travis/build/icyphy/ptII/ptolemy/actor/lib/jai/demo/ImageReconstruction/ImageReconstruction/index.html
4250 ms. Memory: 2825216K Free: 940547K (33%)
####### 133 Fri Jan 25 04:02:25 UTC 2019 $PTII/bin/ptinvoke ptolemy.vergil.basic.export.ExportModel -force htm -run -openComposites -timeOut 30000 -whiteBackground ptolemy/actor/lib/jai/demo/VQSequenceDisplay/VQSequenceDisplay.xml $PTII/ptolemy/actor/lib/jai/demo/VQSequenceDisplay/VQSequenceDisplay
Running .VQSequenceDisplay
644 ms. Memory: 2825216K Free: 776752K (27%)
Exported /home/travis/build/icyphy/ptII/ptolemy/actor/lib/jai/demo/VQSequenceDisplay/VQSequenceDisplay/index.html
4814 ms. Memory: 2825216K Free: 720411K (25%)
####### 134 Fri Jan 25 04:02:29 UTC 2019 $PTII/bin/ptinvoke ptolemy.vergil.basic.export.ExportModel -force htm  -openComposites -timeOut 30000 -whiteBackground ptolemy/actor/lib/javasound/demo/KarplusStrong/KarplusStrong.xml $PTII/ptolemy/actor/lib/javasound/demo/KarplusStrong/KarplusStrong
Warning: not running ptolemy/actor/lib/javasound/demo/KarplusStrong/KarplusStrong.xml. See ptolemy/vergil/basic/export/test/junit/ExportModelJUnitTest.java
Exported /home/travis/build/icyphy/ptII/ptolemy/actor/lib/javasound/demo/KarplusStrong/KarplusStrong/index.html
3184 ms. Memory: 2825216K Free: 581903K (21%)
####### 135 Fri Jan 25 04:02:33 UTC 2019 $PTII/bin/ptinvoke ptolemy.vergil.basic.export.ExportModel -force htm -run -openComposites -timeOut 30000 -whiteBackground ptolemy/actor/lib/jjs/demo/Factorial/Factorial.xml $PTII/ptolemy/actor/lib/jjs/demo/Factorial/Factorial
----------------- Fri Jan 25 04:02:33 UTC 2019 About to sleep for 5.0 seconds before running or rerunning.  Test is: /home/travis/build/icyphy/ptII/ptolemy/actor/lib/jjs/demo/Factorial/Factorial.xml
Done sleeping
Running .Factorial
1839 ms. Memory: 2825216K Free: 1531251K (54%)
Exported /home/travis/build/icyphy/ptII/ptolemy/actor/lib/jjs/demo/Factorial/Factorial/index.html
7620 ms. Memory: 2825216K Free: 1502104K (53%)
####### 136 Fri Jan 25 04:02:45 UTC 2019 $PTII/bin/ptinvoke ptolemy.vergil.basic.export.ExportModel -force htm -run -openComposites -timeOut 30000 -whiteBackground ptolemy/actor/lib/jjs/demo/JavaScriptShell/JavaScriptShell.xml $PTII/ptolemy/actor/lib/jjs/demo/JavaScriptShell/JavaScriptShell
----------------- Fri Jan 25 04:02:45 UTC 2019 About to sleep for 5.0 seconds before running or rerunning.  Test is: /home/travis/build/icyphy/ptII/ptolemy/actor/lib/jjs/demo/JavaScriptShell/JavaScriptShell.xml
Done sleeping
.JavaScriptShell.InteractiveShell invoked SwingUtilities.invokeAndWait()
Model ".JavaScriptShell" contains actors such cannot be run  as part of the export process from ExportModel or it has a WebExportParameters value that runBeforeExport set to false. To export run this model and export it, use vergil.
Exported /home/travis/build/icyphy/ptII/ptolemy/actor/lib/jjs/demo/JavaScriptShell/JavaScriptShell/index.html
4178 ms. Memory: 2825216K Free: 1253246K (44%)
####### 137 Fri Jan 25 04:02:54 UTC 2019 $PTII/bin/ptinvoke ptolemy.vergil.basic.export.ExportModel -force htm -run -openComposites -timeOut 30000 -whiteBackground ptolemy/actor/lib/jjs/demo/ModelBuilder/ModelBuilder.xml $PTII/ptolemy/actor/lib/jjs/demo/ModelBuilder/ModelBuilder
----------------- Fri Jan 25 04:02:54 UTC 2019 About to sleep for 5.0 seconds before running or rerunning.  Test is: /home/travis/build/icyphy/ptII/ptolemy/actor/lib/jjs/demo/ModelBuilder/ModelBuilder.xml
Done sleeping
Running .ModelBuilder
0
1
2
3
4
5
6
7
8
9
10
11
12
13
14
15
16
17
18
19
20
21
22
23
24
25
26
27
28
29
30
31
32
33
34
35
36
37
38
39
40
41
42
43
44
45
46
47
48
49
50
51
52
53
54
55
56
57
58
59
60
61
62
63
64
65
66
67
68
69
70
71
72
73
74
75
76
77
78
79
80
81
82
83
84
85
86
87
88
89
90
91
92
93
94
95
96
97
98
99
3 ms. Memory: 2825216K Free: 515838K (18%)
3763 ms. Memory: 2825216K Free: 515838K (18%)
Exported /home/travis/build/icyphy/ptII/ptolemy/actor/lib/jjs/demo/ModelBuilder/ModelBuilder/index.html
9907 ms. Memory: 2825216K Free: 459548K (16%)
####### 138 Fri Jan 25 04:03:09 UTC 2019 $PTII/bin/ptinvoke ptolemy.vergil.basic.export.ExportModel -force htm -run -openComposites -timeOut 30000 -whiteBackground ptolemy/actor/lib/jjs/modules/aprilTags/demo/AprilTags/AprilTags.xml $PTII/ptolemy/actor/lib/jjs/modules/aprilTags/demo/AprilTags/AprilTags
----------------- Fri Jan 25 04:03:09 UTC 2019 About to sleep for 5.0 seconds before running or rerunning.  Test is: /home/travis/build/icyphy/ptII/ptolemy/actor/lib/jjs/modules/aprilTags/demo/AprilTags/AprilTags.xml
Done sleeping
Running .AprilTags
ExportHTMLTimer went off after 30000 ms., calling getDirector().finish and getDirector().stopFire()
30061 ms. Memory: 2601984K Free: 926495K (36%)
Exported /home/travis/build/icyphy/ptII/ptolemy/actor/lib/jjs/modules/aprilTags/demo/AprilTags/AprilTags/index.html
36418 ms. Memory: 2601984K Free: 907066K (35%)
####### 139 Fri Jan 25 04:03:51 UTC 2019 $PTII/bin/ptinvoke ptolemy.vergil.basic.export.ExportModel -force htm -run -openComposites -timeOut 30000 -whiteBackground ptolemy/actor/lib/jjs/modules/aprilTags/demo/Kubi/Kubi.xml $PTII/ptolemy/actor/lib/jjs/modules/aprilTags/demo/Kubi/Kubi
----------------- Fri Jan 25 04:03:51 UTC 2019 About to sleep for 5.0 seconds before running or rerunning.  Test is: /home/travis/build/icyphy/ptII/ptolemy/actor/lib/jjs/modules/aprilTags/demo/Kubi/Kubi.xml
Done sleeping
Running .Kubi
Kubi: Kubi.js: Initializing... (Thread[AWT-EventQueue-0,6,main])
Kubi: Kubi.js: Handler added (Thread[AWT-EventQueue-0,6,main])
Kubi: Kubi.js: Connecting... (Thread[AWT-EventQueue-0,6,main])
Kubi2: Kubi.js: Initializing... (Thread[AWT-EventQueue-0,6,main])
Kubi2: Kubi.js: Handler added (Thread[AWT-EventQueue-0,6,main])
Kubi2: Kubi.js: Connecting... (Thread[AWT-EventQueue-0,6,main])
Manager.initialize() finished: 13857 ms. Memory: 2333696K Free: 195263K (8%)
ExportHTMLTimer went off after 30000 ms., calling getDirector().finish and getDirector().stopFire()
30162 ms. Memory: 2600448K Free: 797178K (31%)
Exported /home/travis/build/icyphy/ptII/ptolemy/actor/lib/jjs/modules/aprilTags/demo/Kubi/Kubi/index.html
42210 ms. Memory: 2600448K Free: 739737K (28%)
####### 140 Fri Jan 25 04:04:38 UTC 2019 $PTII/bin/ptinvoke ptolemy.vergil.basic.export.ExportModel -force htm  -openComposites -timeOut 30000 -whiteBackground ptolemy/actor/lib/jjs/modules/audio/demo/Audio/Audio.xml $PTII/ptolemy/actor/lib/jjs/modules/audio/demo/Audio/Audio
Warning: not running ptolemy/actor/lib/jjs/modules/audio/demo/Audio/Audio.xml. See ptolemy/vergil/basic/export/test/junit/ExportModelJUnitTest.java
----------------- Fri Jan 25 04:04:38 UTC 2019 About to sleep for 5.0 seconds before running or rerunning.  Test is: /home/travis/build/icyphy/ptII/ptolemy/actor/lib/jjs/modules/audio/demo/Audio/Audio.xml
Done sleeping
Exported /home/travis/build/icyphy/ptII/ptolemy/actor/lib/jjs/modules/audio/demo/Audio/Audio/index.html
3125 ms. Memory: 2600448K Free: 628168K (24%)
####### 141 Fri Jan 25 04:04:46 UTC 2019 $PTII/bin/ptinvoke ptolemy.vergil.basic.export.ExportModel -force htm  -openComposites -timeOut 30000 -whiteBackground ptolemy/actor/lib/jjs/modules/audio/demo/Audio/AudioCapture.xml $PTII/ptolemy/actor/lib/jjs/modules/audio/demo/Audio/AudioCapture
Warning: not running ptolemy/actor/lib/jjs/modules/audio/demo/Audio/AudioCapture.xml. See ptolemy/vergil/basic/export/test/junit/ExportModelJUnitTest.java
----------------- Fri Jan 25 04:04:46 UTC 2019 About to sleep for 5.0 seconds before running or rerunning.  Test is: /home/travis/build/icyphy/ptII/ptolemy/actor/lib/jjs/modules/audio/demo/Audio/AudioCapture.xml
Done sleeping
Exported /home/travis/build/icyphy/ptII/ptolemy/actor/lib/jjs/modules/audio/demo/Audio/AudioCapture/index.html
5058 ms. Memory: 2586624K Free: 1186593K (46%)
####### 142 Fri Jan 25 04:04:56 UTC 2019 $PTII/bin/ptinvoke ptolemy.vergil.basic.export.ExportModel -force htm  -openComposites -timeOut 30000 -whiteBackground ptolemy/actor/lib/jjs/modules/audio/demo/Audio/AudioClipPlayer.xml $PTII/ptolemy/actor/lib/jjs/modules/audio/demo/Audio/AudioClipPlayer
Warning: not running ptolemy/actor/lib/jjs/modules/audio/demo/Audio/AudioClipPlayer.xml. See ptolemy/vergil/basic/export/test/junit/ExportModelJUnitTest.java
----------------- Fri Jan 25 04:04:56 UTC 2019 About to sleep for 5.0 seconds before running or rerunning.  Test is: /home/travis/build/icyphy/ptII/ptolemy/actor/lib/jjs/modules/audio/demo/Audio/AudioClipPlayer.xml
Done sleeping
Exported /home/travis/build/icyphy/ptII/ptolemy/actor/lib/jjs/modules/audio/demo/Audio/AudioClipPlayer/index.html
4375 ms. Memory: 2586624K Free: 916423K (35%)
####### 143 Fri Jan 25 04:05:05 UTC 2019 $PTII/bin/ptinvoke ptolemy.vergil.basic.export.ExportModel -force htm  -openComposites -timeOut 30000 -whiteBackground ptolemy/actor/lib/jjs/modules/audio/demo/Audio/AudioRecorder.xml $PTII/ptolemy/actor/lib/jjs/modules/audio/demo/Audio/AudioRecorder
Warning: not running ptolemy/actor/lib/jjs/modules/audio/demo/Audio/AudioRecorder.xml. See ptolemy/vergil/basic/export/test/junit/ExportModelJUnitTest.java
----------------- Fri Jan 25 04:05:05 UTC 2019 About to sleep for 5.0 seconds before running or rerunning.  Test is: /home/travis/build/icyphy/ptII/ptolemy/actor/lib/jjs/modules/audio/demo/Audio/AudioRecorder.xml
Done sleeping
Exported /home/travis/build/icyphy/ptII/ptolemy/actor/lib/jjs/modules/audio/demo/Audio/AudioRecorder/index.html
6594 ms. Memory: 2586624K Free: 415108K (16%)
####### 144 Fri Jan 25 04:05:17 UTC 2019 $PTII/bin/ptinvoke ptolemy.vergil.basic.export.ExportModel -force htm  -openComposites -timeOut 30000 -whiteBackground ptolemy/actor/lib/jjs/modules/audio/demo/Audio/AudioSynthesis.xml $PTII/ptolemy/actor/lib/jjs/modules/audio/demo/Audio/AudioSynthesis
Warning: not running ptolemy/actor/lib/jjs/modules/audio/demo/Audio/AudioSynthesis.xml. See ptolemy/vergil/basic/export/test/junit/ExportModelJUnitTest.java
----------------- Fri Jan 25 04:05:17 UTC 2019 About to sleep for 5.0 seconds before running or rerunning.  Test is: /home/travis/build/icyphy/ptII/ptolemy/actor/lib/jjs/modules/audio/demo/Audio/AudioSynthesis.xml
Done sleeping
Exported /home/travis/build/icyphy/ptII/ptolemy/actor/lib/jjs/modules/audio/demo/Audio/AudioSynthesis/index.html
8046 ms. Memory: 2792448K Free: 1477382K (53%)
####### 145 Fri Jan 25 04:05:30 UTC 2019 $PTII/bin/ptinvoke ptolemy.vergil.basic.export.ExportModel -force htm -run -openComposites -timeOut 30000 -whiteBackground ptolemy/actor/lib/jjs/modules/audio/demo/Audio/SpeechSynthesis.xml $PTII/ptolemy/actor/lib/jjs/modules/audio/demo/Audio/SpeechSynthesis
----------------- Fri Jan 25 04:05:30 UTC 2019 About to sleep for 5.0 seconds before running or rerunning.  Test is: /home/travis/build/icyphy/ptII/ptolemy/actor/lib/jjs/modules/audio/demo/Audio/SpeechSynthesis.xml
Done sleeping
Running .SpeechSynthesis
ExportHTMLTimer went off after 30000 ms., calling getDirector().finish and getDirector().stopFire()
30085 ms. Memory: 2800640K Free: 1410519K (50%)
Exported /home/travis/build/icyphy/ptII/ptolemy/actor/lib/jjs/modules/audio/demo/Audio/SpeechSynthesis/index.html
39866 ms. Memory: 2800640K Free: 1386864K (50%)
####### 146 Fri Jan 25 04:06:15 UTC 2019 $PTII/bin/ptinvoke ptolemy.vergil.basic.export.ExportModel -force htm -run -openComposites -timeOut 30000 -whiteBackground ptolemy/actor/lib/jjs/modules/cameras/demo/Camera/Camera.xml $PTII/ptolemy/actor/lib/jjs/modules/cameras/demo/Camera/Camera
----------------- Fri Jan 25 04:06:15 UTC 2019 About to sleep for 5.0 seconds before running or rerunning.  Test is: /home/travis/build/icyphy/ptII/ptolemy/actor/lib/jjs/modules/cameras/demo/Camera/Camera.xml
Done sleeping
Running .Camera
26404 ms. Memory: 2813440K Free: 1184293K (42%)
Exported /home/travis/build/icyphy/ptII/ptolemy/actor/lib/jjs/modules/cameras/demo/Camera/Camera/index.html
34118 ms. Memory: 2813440K Free: 1152556K (41%)
####### 147 Fri Jan 25 04:06:54 UTC 2019 $PTII/bin/ptinvoke ptolemy.vergil.basic.export.ExportModel -force htm -run -openComposites -timeOut 30000 -whiteBackground ptolemy/actor/lib/jjs/modules/cameras/demo/Camera/CaptureOpenLoop.xml $PTII/ptolemy/actor/lib/jjs/modules/cameras/demo/Camera/CaptureOpenLoop
----------------- Fri Jan 25 04:06:54 UTC 2019 About to sleep for 5.0 seconds before running or rerunning.  Test is: /home/travis/build/icyphy/ptII/ptolemy/actor/lib/jjs/modules/cameras/demo/Camera/CaptureOpenLoop.xml
Done sleeping
Running .CaptureOpenLoop
24732 ms. Memory: 2824704K Free: 689204K (24%)
Exported /home/travis/build/icyphy/ptII/ptolemy/actor/lib/jjs/modules/cameras/demo/Camera/CaptureOpenLoop/index.html
31341 ms. Memory: 2824704K Free: 655882K (23%)
####### 148 Fri Jan 25 04:07:30 UTC 2019 $PTII/bin/ptinvoke ptolemy.vergil.basic.export.ExportModel -force htm -run -openComposites -timeOut 30000 -whiteBackground ptolemy/actor/lib/jjs/modules/cameras/demo/CameraWebSocket/CameraWebSocket.xml $PTII/ptolemy/actor/lib/jjs/modules/cameras/demo/CameraWebSocket/CameraWebSocket
----------------- Fri Jan 25 04:07:30 UTC 2019 About to sleep for 5.0 seconds before running or rerunning.  Test is: /home/travis/build/icyphy/ptII/ptolemy/actor/lib/jjs/modules/cameras/demo/CameraWebSocket/CameraWebSocket.xml
Done sleeping
Running .CameraWebSocket
WebSocketClient: Connection failed. Will try again: Connection refused: localhost/127.0.0.1:8071
Connection refused (Thread[vert.x-eventloop-thread-3,6,main])
WebSocketClient: Connection failed. Will try again: Connection refused: localhost/127.0.0.1:8071
Connection refused (Thread[vert.x-eventloop-thread-3,6,main])
WebSocketClient: Connection failed. Will try again: Connection refused: localhost/127.0.0.1:8071
Connection refused (Thread[vert.x-eventloop-thread-3,6,main])
WebSocketServer: WebSocketServer message(): {type="class ptolemy.data.AWTImageToken", width="176", height="144"}, typeof message: object (Thread[AWT-EventQueue-0,6,main])
WebSocketServer: WebSocketServer message(): {type="class ptolemy.data.AWTImageToken", width="176", height="144"}, typeof message: object (Thread[AWT-EventQueue-0,6,main])
WebSocketServer: WebSocketServer message(): {type="class ptolemy.data.AWTImageToken", width="176", height="144"}, typeof message: object (Thread[AWT-EventQueue-0,6,main])
WebSocketServer: WebSocketServer message(): {type="class ptolemy.data.AWTImageToken", width="176", height="144"}, typeof message: object (Thread[AWT-EventQueue-0,6,main])
WebSocketServer: WebSocketServer message(): {type="class ptolemy.data.AWTImageToken", width="176", height="144"}, typeof message: object (Thread[AWT-EventQueue-0,6,main])
WebSocketServer: WebSocketServer message(): {type="class ptolemy.data.AWTImageToken", width="176", height="144"}, typeof message: object (Thread[AWT-EventQueue-0,6,main])
WebSocketServer: WebSocketServer message(): {type="class ptolemy.data.AWTImageToken", width="176", height="144"}, typeof message: object (Thread[AWT-EventQueue-0,6,main])
WebSocketServer: WebSocketServer message(): {type="class ptolemy.data.AWTImageToken", width="176", height="144"}, typeof message: object (Thread[AWT-EventQueue-0,6,main])
WebSocketServer: WebSocketServer message(): {type="class ptolemy.data.AWTImageToken", width="176", height="144"}, typeof message: object (Thread[AWT-EventQueue-0,6,main])
WebSocketServer: WebSocketServer message(): {type="class ptolemy.data.AWTImageToken", width="176", height="144"}, typeof message: object (Thread[AWT-EventQueue-0,6,main])
WebSocketServer: WebSocketServer message(): {type="class ptolemy.data.AWTImageToken", width="176", height="144"}, typeof message: object (Thread[AWT-EventQueue-0,6,main])
WebSocketClient: Connection closed because model is no longer running. (Thread[AWT-EventQueue-0,6,main])
29880 ms. Memory: 2582528K Free: 737423K (29%)
Exported /home/travis/build/icyphy/ptII/ptolemy/actor/lib/jjs/modules/cameras/demo/CameraWebSocket/CameraWebSocket/index.html
39528 ms. Memory: 2582528K Free: 705044K (27%)
####### 149 Fri Jan 25 04:08:15 UTC 2019 $PTII/bin/ptinvoke ptolemy.vergil.basic.export.ExportModel -force htm -run -openComposites -timeOut 30000 -whiteBackground ptolemy/actor/lib/jjs/modules/cameras/demo/Foscam/Foscam.xml $PTII/ptolemy/actor/lib/jjs/modules/cameras/demo/Foscam/Foscam
----------------- Fri Jan 25 04:08:15 UTC 2019 About to sleep for 5.0 seconds before running or rerunning.  Test is: /home/travis/build/icyphy/ptII/ptolemy/actor/lib/jjs/modules/cameras/demo/Foscam/Foscam.xml
Done sleeping
Running .Foscam
Foscam2: snapshot.cgi?user=admin&pwd=&undefined= (Thread[AWT-EventQueue-0,6,main])
Foscam2: Making an HTTP request. (Thread[AWT-EventQueue-0,6,main])
ExportHTMLTimer went off after 30000 ms., calling getDirector().finish and getDirector().stopFire()
Foscam2: undefined.cgi?user=admin&pwd=&undefined= (Thread[AWT-EventQueue-0,6,main])
Foscam2: Making an HTTP request. (Thread[AWT-EventQueue-0,6,main])
30037 ms. Memory: 2582528K Free: 164883K (6%)
Exported /home/travis/build/icyphy/ptII/ptolemy/actor/lib/jjs/modules/cameras/demo/Foscam/Foscam/index.html
35710 ms. Memory: 2582528K Free: 132630K (5%)
####### 150 Fri Jan 25 04:08:56 UTC 2019 $PTII/bin/ptinvoke ptolemy.vergil.basic.export.ExportModel -force htm -run -openComposites -timeOut 30000 -whiteBackground ptolemy/actor/lib/jjs/modules/computerVision/demo/ComputerVision/ComputerVision.xml $PTII/ptolemy/actor/lib/jjs/modules/computerVision/demo/ComputerVision/ComputerVision
----------------- Fri Jan 25 04:08:56 UTC 2019 About to sleep for 5.0 seconds before running or rerunning.  Test is: /home/travis/build/icyphy/ptII/ptolemy/actor/lib/jjs/modules/computerVision/demo/ComputerVision/ComputerVision.xml
Done sleeping
Opened file:/home/travis/build/icyphy/ptII/ptolemy/actor/lib/jjs/modules/computerVision/demo/ComputerVision/ComputerVision.xml in 16742 ms.
Size Statistics for .ComputerVision
AtomicEntities: 26
CompositeEntities: 0
OpaqueCompositeEntities: 0
Relations: 14
Attributes: 224
Atomic Actor Names and Counts:
org.terraswarm.accessor.JSAccessor 12
ptolemy.actor.lib.image.ImageDisplay 12
ptolemy.actor.lib.SingleEvent 1
ptolemy.actor.lib.image.ImageReader 1

Composite Entity Depths and Counts:

Running .ComputerVision
preinitialize() finished: 20499 ms. Memory: 2902016K Free: 1532996K (53%)
ExportHTMLTimer went off after 30000 ms., calling getDirector().finish and getDirector().stopFire()
Manager.initialize() finished: 31592 ms. Memory: 3040256K Free: 1538109K (51%)
31784 ms. Memory: 3040256K Free: 1518692K (50%)
Exported /home/travis/build/icyphy/ptII/ptolemy/actor/lib/jjs/modules/computerVision/demo/ComputerVision/ComputerVision/index.html
52830 ms. Memory: 3040256K Free: 1477803K (49%)
]]></system-out>
  <system-err><![CDATA[Register Dispose
java.lang.NullPointerException
Register Dispose
java.lang.NullPointerException
Register Dispose
java.lang.NullPointerException
WARNING: Clock: Model stopped before executing actions (e.g. producing outputs) scheduled for execution at times [1.0]
WARNING: Mutable: Model stopped before executing actions (e.g. producing outputs) scheduled for execution at times [1.0]
Mutable: Connection refused.
WARNING: Clock: Model stopped before executing actions (e.g. producing outputs) scheduled for execution at times [23.0]
WARNING: Clock: Model stopped before executing actions (e.g. producing outputs) scheduled for execution at times [23.0]
[AWT-EventQueue-0] INFO com.github.sarxos.webcam.Webcam - WebcamDefaultDriver capture driver will be used
[atomic-processor-1] INFO com.github.sarxos.webcam.ds.cgt.WebcamOpenTask - Opening webcam Dummy Webcam 0
[atomic-processor-1] INFO com.github.sarxos.webcam.ds.cgt.WebcamCloseTask - Closing Dummy Webcam 0
[atomic-processor-1] INFO com.github.sarxos.webcam.ds.cgt.WebcamOpenTask - Opening webcam Dummy Webcam 0
[atomic-processor-1] INFO com.github.sarxos.webcam.ds.cgt.WebcamCloseTask - Closing Dummy Webcam 0
WARNING: Camera: Model stopped before executing actions (e.g. producing outputs) scheduled for execution at times [20.549]
HttpClientHelper.java: Received an error for request 0: io.netty.channel.ConnectTimeoutException: connection timed out: /192.168.1.217:8099
io.netty.channel.ConnectTimeoutException: connection timed out: /192.168.1.217:8099
	at io.netty.channel.nio.AbstractNioChannel$AbstractNioUnsafe$1.run(AbstractNioChannel.java:267)
	at io.netty.util.concurrent.PromiseTask$RunnableAdapter.call(PromiseTask.java:38)
	at io.netty.util.concurrent.ScheduledFutureTask.run(ScheduledFutureTask.java:125)
	at io.netty.util.concurrent.AbstractEventExecutor.safeExecute(AbstractEventExecutor.java:163)
	at io.netty.util.concurrent.SingleThreadEventExecutor.runAllTasks(SingleThreadEventExecutor.java:404)
	at io.netty.channel.nio.NioEventLoop.run(NioEventLoop.java:463)
	at io.netty.util.concurrent.SingleThreadEventExecutor$5.run(SingleThreadEventExecutor.java:886)
	at io.netty.util.concurrent.FastThreadLocalRunnable.run(FastThreadLocalRunnable.java:30)
	at java.lang.Thread.run(Thread.java:748)
HttpClientHelper.java: Received an error for request 1: io.netty.channel.ConnectTimeoutException: connection timed out: /192.168.1.217:8099
io.netty.channel.ConnectTimeoutException: connection timed out: /192.168.1.217:8099
	at io.netty.channel.nio.AbstractNioChannel$AbstractNioUnsafe$1.run(AbstractNioChannel.java:267)
	at io.netty.util.concurrent.PromiseTask$RunnableAdapter.call(PromiseTask.java:38)
	at io.netty.util.concurrent.ScheduledFutureTask.run(ScheduledFutureTask.java:125)
	at io.netty.util.concurrent.AbstractEventExecutor.safeExecute(AbstractEventExecutor.java:163)
	at io.netty.util.concurrent.SingleThreadEventExecutor.runAllTasks(SingleThreadEventExecutor.java:404)
	at io.netty.channel.nio.NioEventLoop.run(NioEventLoop.java:463)
	at io.netty.util.concurrent.SingleThreadEventExecutor$5.run(SingleThreadEventExecutor.java:886)
	at io.netty.util.concurrent.FastThreadLocalRunnable.run(FastThreadLocalRunnable.java:30)
	at java.lang.Thread.run(Thread.java:748)
HttpClientHelper.java: Received an error for request 2: io.netty.channel.ConnectTimeoutException: connection timed out: /192.168.1.217:8099
io.netty.channel.ConnectTimeoutException: connection timed out: /192.168.1.217:8099
	at io.netty.channel.nio.AbstractNioChannel$AbstractNioUnsafe$1.run(AbstractNioChannel.java:267)
	at io.netty.util.concurrent.PromiseTask$RunnableAdapter.call(PromiseTask.java:38)
	at io.netty.util.concurrent.ScheduledFutureTask.run(ScheduledFutureTask.java:125)
	at io.netty.util.concurrent.AbstractEventExecutor.safeExecute(AbstractEventExecutor.java:163)
	at io.netty.util.concurrent.SingleThreadEventExecutor.runAllTasks(SingleThreadEventExecutor.java:404)
	at io.netty.channel.nio.NioEventLoop.run(NioEventLoop.java:463)
	at io.netty.util.concurrent.SingleThreadEventExecutor$5.run(SingleThreadEventExecutor.java:886)
	at io.netty.util.concurrent.FastThreadLocalRunnable.run(FastThreadLocalRunnable.java:30)
	at java.lang.Thread.run(Thread.java:748)
HttpClientHelper.java: Received an error for request 3: io.netty.channel.ConnectTimeoutException: connection timed out: /192.168.1.217:8099
io.netty.channel.ConnectTimeoutException: connection timed out: /192.168.1.217:8099
	at io.netty.channel.nio.AbstractNioChannel$AbstractNioUnsafe$1.run(AbstractNioChannel.java:267)
	at io.netty.util.concurrent.PromiseTask$RunnableAdapter.call(PromiseTask.java:38)
	at io.netty.util.concurrent.ScheduledFutureTask.run(ScheduledFutureTask.java:125)
	at io.netty.util.concurrent.AbstractEventExecutor.safeExecute(AbstractEventExecutor.java:163)
	at io.netty.util.concurrent.SingleThreadEventExecutor.runAllTasks(SingleThreadEventExecutor.java:404)
	at io.netty.channel.nio.NioEventLoop.run(NioEventLoop.java:463)
	at io.netty.util.concurrent.SingleThreadEventExecutor$5.run(SingleThreadEventExecutor.java:886)
	at io.netty.util.concurrent.FastThreadLocalRunnable.run(FastThreadLocalRunnable.java:30)
	at java.lang.Thread.run(Thread.java:748)
HttpClientHelper.java: Received an error for request 4: io.netty.channel.ConnectTimeoutException: connection timed out: /192.168.1.217:8099
io.netty.channel.ConnectTimeoutException: connection timed out: /192.168.1.217:8099
	at io.netty.channel.nio.AbstractNioChannel$AbstractNioUnsafe$1.run(AbstractNioChannel.java:267)
	at io.netty.util.concurrent.PromiseTask$RunnableAdapter.call(PromiseTask.java:38)
	at io.netty.util.concurrent.ScheduledFutureTask.run(ScheduledFutureTask.java:125)
	at io.netty.util.concurrent.AbstractEventExecutor.safeExecute(AbstractEventExecutor.java:163)
	at io.netty.util.concurrent.SingleThreadEventExecutor.runAllTasks(SingleThreadEventExecutor.java:404)
	at io.netty.channel.nio.NioEventLoop.run(NioEventLoop.java:463)
	at io.netty.util.concurrent.SingleThreadEventExecutor$5.run(SingleThreadEventExecutor.java:886)
	at io.netty.util.concurrent.FastThreadLocalRunnable.run(FastThreadLocalRunnable.java:30)
	at java.lang.Thread.run(Thread.java:748)
WARNING: GenerateLifxAccessors: Model stopped before executing actions (e.g. producing outputs) scheduled for execution at times [7.0, 11.0]
HttpClientHelper.java: Received an error for request 0: io.netty.channel.ConnectTimeoutException: connection timed out: /192.168.1.217:8099
io.netty.channel.ConnectTimeoutException: connection timed out: /192.168.1.217:8099
	at io.netty.channel.nio.AbstractNioChannel$AbstractNioUnsafe$1.run(AbstractNioChannel.java:267)
	at io.netty.util.concurrent.PromiseTask$RunnableAdapter.call(PromiseTask.java:38)
	at io.netty.util.concurrent.ScheduledFutureTask.run(ScheduledFutureTask.java:125)
	at io.netty.util.concurrent.AbstractEventExecutor.safeExecute(AbstractEventExecutor.java:163)
	at io.netty.util.concurrent.SingleThreadEventExecutor.runAllTasks(SingleThreadEventExecutor.java:404)
	at io.netty.channel.nio.NioEventLoop.run(NioEventLoop.java:463)
	at io.netty.util.concurrent.SingleThreadEventExecutor$5.run(SingleThreadEventExecutor.java:886)
	at io.netty.util.concurrent.FastThreadLocalRunnable.run(FastThreadLocalRunnable.java:30)
	at java.lang.Thread.run(Thread.java:748)
HttpClientHelper.java: Received an error for request 1: io.netty.channel.ConnectTimeoutException: connection timed out: /192.168.1.217:8099
io.netty.channel.ConnectTimeoutException: connection timed out: /192.168.1.217:8099
	at io.netty.channel.nio.AbstractNioChannel$AbstractNioUnsafe$1.run(AbstractNioChannel.java:267)
	at io.netty.util.concurrent.PromiseTask$RunnableAdapter.call(PromiseTask.java:38)
	at io.netty.util.concurrent.ScheduledFutureTask.run(ScheduledFutureTask.java:125)
	at io.netty.util.concurrent.AbstractEventExecutor.safeExecute(AbstractEventExecutor.java:163)
	at io.netty.util.concurrent.SingleThreadEventExecutor.runAllTasks(SingleThreadEventExecutor.java:404)
	at io.netty.channel.nio.NioEventLoop.run(NioEventLoop.java:463)
	at io.netty.util.concurrent.SingleThreadEventExecutor$5.run(SingleThreadEventExecutor.java:886)
	at io.netty.util.concurrent.FastThreadLocalRunnable.run(FastThreadLocalRunnable.java:30)
	at java.lang.Thread.run(Thread.java:748)
HttpClientHelper.java: Received an error for request 2: io.netty.channel.ConnectTimeoutException: connection timed out: /192.168.1.217:8099
io.netty.channel.ConnectTimeoutException: connection timed out: /192.168.1.217:8099
	at io.netty.channel.nio.AbstractNioChannel$AbstractNioUnsafe$1.run(AbstractNioChannel.java:267)
	at io.netty.util.concurrent.PromiseTask$RunnableAdapter.call(PromiseTask.java:38)
	at io.netty.util.concurrent.ScheduledFutureTask.run(ScheduledFutureTask.java:125)
	at io.netty.util.concurrent.AbstractEventExecutor.safeExecute(AbstractEventExecutor.java:163)
	at io.netty.util.concurrent.SingleThreadEventExecutor.runAllTasks(SingleThreadEventExecutor.java:404)
	at io.netty.channel.nio.NioEventLoop.run(NioEventLoop.java:463)
	at io.netty.util.concurrent.SingleThreadEventExecutor$5.run(SingleThreadEventExecutor.java:886)
	at io.netty.util.concurrent.FastThreadLocalRunnable.run(FastThreadLocalRunnable.java:30)
	at java.lang.Thread.run(Thread.java:748)
HttpClientHelper.java: Received an error for request 3: io.netty.channel.ConnectTimeoutException: connection timed out: /192.168.1.217:8099
io.netty.channel.ConnectTimeoutException: connection timed out: /192.168.1.217:8099
	at io.netty.channel.nio.AbstractNioChannel$AbstractNioUnsafe$1.run(AbstractNioChannel.java:267)
	at io.netty.util.concurrent.PromiseTask$RunnableAdapter.call(PromiseTask.java:38)
	at io.netty.util.concurrent.ScheduledFutureTask.run(ScheduledFutureTask.java:125)
	at io.netty.util.concurrent.AbstractEventExecutor.safeExecute(AbstractEventExecutor.java:163)
	at io.netty.util.concurrent.SingleThreadEventExecutor.runAllTasks(SingleThreadEventExecutor.java:404)
	at io.netty.channel.nio.NioEventLoop.run(NioEventLoop.java:463)
	at io.netty.util.concurrent.SingleThreadEventExecutor$5.run(SingleThreadEventExecutor.java:886)
	at io.netty.util.concurrent.FastThreadLocalRunnable.run(FastThreadLocalRunnable.java:30)
	at java.lang.Thread.run(Thread.java:748)
HttpClientHelper.java: Received an error for request 4: io.netty.channel.ConnectTimeoutException: connection timed out: /192.168.1.217:8099
io.netty.channel.ConnectTimeoutException: connection timed out: /192.168.1.217:8099
	at io.netty.channel.nio.AbstractNioChannel$AbstractNioUnsafe$1.run(AbstractNioChannel.java:267)
	at io.netty.util.concurrent.PromiseTask$RunnableAdapter.call(PromiseTask.java:38)
	at io.netty.util.concurrent.ScheduledFutureTask.run(ScheduledFutureTask.java:125)
	at io.netty.util.concurrent.AbstractEventExecutor.safeExecute(AbstractEventExecutor.java:163)
	at io.netty.util.concurrent.SingleThreadEventExecutor.runAllTasks(SingleThreadEventExecutor.java:404)
	at io.netty.channel.nio.NioEventLoop.run(NioEventLoop.java:463)
	at io.netty.util.concurrent.SingleThreadEventExecutor$5.run(SingleThreadEventExecutor.java:886)
	at io.netty.util.concurrent.FastThreadLocalRunnable.run(FastThreadLocalRunnable.java:30)
	at java.lang.Thread.run(Thread.java:748)
HttpClientHelper.java: Received an error for request 5: io.netty.channel.ConnectTimeoutException: connection timed out: /192.168.1.217:8099
io.netty.channel.ConnectTimeoutException: connection timed out: /192.168.1.217:8099
	at io.netty.channel.nio.AbstractNioChannel$AbstractNioUnsafe$1.run(AbstractNioChannel.java:267)
	at io.netty.util.concurrent.PromiseTask$RunnableAdapter.call(PromiseTask.java:38)
	at io.netty.util.concurrent.ScheduledFutureTask.run(ScheduledFutureTask.java:125)
	at io.netty.util.concurrent.AbstractEventExecutor.safeExecute(AbstractEventExecutor.java:163)
	at io.netty.util.concurrent.SingleThreadEventExecutor.runAllTasks(SingleThreadEventExecutor.java:404)
	at io.netty.channel.nio.NioEventLoop.run(NioEventLoop.java:463)
	at io.netty.util.concurrent.SingleThreadEventExecutor$5.run(SingleThreadEventExecutor.java:886)
	at io.netty.util.concurrent.FastThreadLocalRunnable.run(FastThreadLocalRunnable.java:30)
	at java.lang.Thread.run(Thread.java:748)
HttpClientHelper.java: Received an error for request 0: io.netty.channel.ConnectTimeoutException: connection timed out: /192.168.1.217:8099
io.netty.channel.ConnectTimeoutException: connection timed out: /192.168.1.217:8099
	at io.netty.channel.nio.AbstractNioChannel$AbstractNioUnsafe$1.run(AbstractNioChannel.java:267)
	at io.netty.util.concurrent.PromiseTask$RunnableAdapter.call(PromiseTask.java:38)
	at io.netty.util.concurrent.ScheduledFutureTask.run(ScheduledFutureTask.java:125)
	at io.netty.util.concurrent.AbstractEventExecutor.safeExecute(AbstractEventExecutor.java:163)
	at io.netty.util.concurrent.SingleThreadEventExecutor.runAllTasks(SingleThreadEventExecutor.java:404)
	at io.netty.channel.nio.NioEventLoop.run(NioEventLoop.java:463)
	at io.netty.util.concurrent.SingleThreadEventExecutor$5.run(SingleThreadEventExecutor.java:886)
	at io.netty.util.concurrent.FastThreadLocalRunnable.run(FastThreadLocalRunnable.java:30)
	at java.lang.Thread.run(Thread.java:748)
[atomic-processor-1] INFO com.github.sarxos.webcam.ds.cgt.WebcamOpenTask - Opening webcam Dummy Webcam 0
[atomic-processor-1] INFO com.github.sarxos.webcam.ds.cgt.WebcamCloseTask - Closing Dummy Webcam 0
WARNING: Camera: Model stopped before executing actions (e.g. producing outputs) scheduled for execution at times [17.506]
HttpClientHelper.java: Received an error for request 0: io.netty.channel.ConnectTimeoutException: connection timed out: /192.168.1.221:80
io.netty.channel.ConnectTimeoutException: connection timed out: /192.168.1.221:80
	at io.netty.channel.nio.AbstractNioChannel$AbstractNioUnsafe$1.run(AbstractNioChannel.java:267)
	at io.netty.util.concurrent.PromiseTask$RunnableAdapter.call(PromiseTask.java:38)
	at io.netty.util.concurrent.ScheduledFutureTask.run(ScheduledFutureTask.java:125)
	at io.netty.util.concurrent.AbstractEventExecutor.safeExecute(AbstractEventExecutor.java:163)
	at io.netty.util.concurrent.SingleThreadEventExecutor.runAllTasks(SingleThreadEventExecutor.java:404)
	at io.netty.channel.nio.NioEventLoop.run(NioEventLoop.java:463)
	at io.netty.util.concurrent.SingleThreadEventExecutor$5.run(SingleThreadEventExecutor.java:886)
	at io.netty.util.concurrent.FastThreadLocalRunnable.run(FastThreadLocalRunnable.java:30)
	at java.lang.Thread.run(Thread.java:748)
Hue: connection timed out: /192.168.1.221:80
[atomic-processor-1] INFO com.github.sarxos.webcam.ds.cgt.WebcamOpenTask - Opening webcam Dummy Webcam 0
HttpClientHelper.java: Received an error for request 0: io.netty.channel.ConnectTimeoutException: connection timed out: /192.168.2.2:80
io.netty.channel.ConnectTimeoutException: connection timed out: /192.168.2.2:80
	at io.netty.channel.nio.AbstractNioChannel$AbstractNioUnsafe$1.run(AbstractNioChannel.java:267)
	at io.netty.util.concurrent.PromiseTask$RunnableAdapter.call(PromiseTask.java:38)
	at io.netty.util.concurrent.ScheduledFutureTask.run(ScheduledFutureTask.java:125)
	at io.netty.util.concurrent.AbstractEventExecutor.safeExecute(AbstractEventExecutor.java:163)
	at io.netty.util.concurrent.SingleThreadEventExecutor.runAllTasks(SingleThreadEventExecutor.java:404)
	at io.netty.channel.nio.NioEventLoop.run(NioEventLoop.java:463)
	at io.netty.util.concurrent.SingleThreadEventExecutor$5.run(SingleThreadEventExecutor.java:886)
	at io.netty.util.concurrent.FastThreadLocalRunnable.run(FastThreadLocalRunnable.java:30)
	at java.lang.Thread.run(Thread.java:748)
Hue: connection timed out: /192.168.2.2:80
[atomic-processor-1] INFO com.github.sarxos.webcam.ds.cgt.WebcamCloseTask - Closing Dummy Webcam 0
[atomic-processor-1] INFO com.github.sarxos.webcam.ds.cgt.WebcamOpenTask - Opening webcam Dummy Webcam 0
HttpClientHelper.java: Received an error for request 0: io.netty.channel.ConnectTimeoutException: connection timed out: /10.0.0.235:80
io.netty.channel.ConnectTimeoutException: connection timed out: /10.0.0.235:80
	at io.netty.channel.nio.AbstractNioChannel$AbstractNioUnsafe$1.run(AbstractNioChannel.java:267)
	at io.netty.util.concurrent.PromiseTask$RunnableAdapter.call(PromiseTask.java:38)
	at io.netty.util.concurrent.ScheduledFutureTask.run(ScheduledFutureTask.java:125)
	at io.netty.util.concurrent.AbstractEventExecutor.safeExecute(AbstractEventExecutor.java:163)
	at io.netty.util.concurrent.SingleThreadEventExecutor.runAllTasks(SingleThreadEventExecutor.java:404)
	at io.netty.channel.nio.NioEventLoop.run(NioEventLoop.java:463)
	at io.netty.util.concurrent.SingleThreadEventExecutor$5.run(SingleThreadEventExecutor.java:886)
	at io.netty.util.concurrent.FastThreadLocalRunnable.run(FastThreadLocalRunnable.java:30)
	at java.lang.Thread.run(Thread.java:748)
WARNING: Invoking send() too late (probably in a callback), so Camera is not able to send the token {type="class ptolemy.data.AWTImageToken", width="640", height="480"} to the output image. Token is discarded.
[atomic-processor-1] INFO com.github.sarxos.webcam.ds.cgt.WebcamCloseTask - Closing Dummy Webcam 0
WARNING: Camera: Model stopped before executing actions (e.g. producing outputs) scheduled for execution at times [5.126, 48.947, 13.284, 31.66, 7.181, 38.793, 18.383, 37.776, 9.225, 52.0, 14.305, 49.964, 22.48, 29.623, 20.437, 17.364, 46.927, 19.417, 28.602, 36.76, 43.864000000000004, 24.517, 12.273, 16.346, 8.193, 32.688, 39.809000000000005, 34.716, 35.742000000000004, 50.982, 53.014, 11.271, 23.498, 30.641000000000002, 15.324, 25.535, 33.701, 10.244, 40.826, 42.847, 44.894, 47.943000000000005, 26.566000000000003, 21.462, 41.829, 45.912, 6.159, 27.583000000000002]
Lifx: Bind failed: java.net.BindException: Address already in use
WARNING: Lifx: Model stopped before executing actions (e.g. producing outputs) scheduled for execution at times [14.1]
WARNING: GenerateQueries: Model stopped before executing actions (e.g. producing outputs) scheduled for execution at times [7.7860000000000005]
[atomic-processor-1] INFO com.github.sarxos.webcam.ds.cgt.WebcamOpenTask - Opening webcam Dummy Webcam 0
Scarab: Unsent messages remain that were queued before the socket opened: [{"op":"unadvertise","topic":"/scarab/lucy/goal"}]
Scarab: Unsent messages remain that were queued before the socket opened: [{"op":"publish","topic":"/scarab/lucy/cmd_vel","msg":{"angular":{"x":0,"y":0,"z":0},"linear":{"x":0,"y":0,"z":0}}}, {"op":"publish","topic":"/scarab/lucy/cmd_vel","msg":{"angular":{"x":0,"y":0,"z":-1.1538610839843753},"linear":{"x":0,"y":0,"z":0}}}, {"op":"publish","topic":"/scarab/lucy/cmd_vel","msg":{"angular":{"x":0,"y":0,"z":1.72545166015625},"linear":{"x":0,"y":0,"z":0}}}, {"op":"publish","topic":"/scarab/lucy/cmd_vel","msg":{"angular":{"x":0,"y":0,"z":1.558006591796875},"linear":{"x":0,"y":0,"z":0}}}, {"op":"publish","topic":"/scarab/lucy/cmd_vel","msg":{"angular":{"x":0,"y":0,"z":1.2087076822916667},"linear":{"x":0,"y":0,"z":0}}}, {"op":"publish","topic":"/scarab/lucy/cmd_vel","msg":{"angular":{"x":0,"y":0,"z":1.622125244140625},"linear":{"x":0,"y":0,"z":0}}}, {"op":"publish","topic":"/scarab/lucy/cmd_vel","msg":{"angular":{"x":0,"y":0,"z":2.304306640625},"linear":{"x":0,"y":0,"z":0}}}, {"op":"publish","topic":"/scarab/lucy/cmd_vel","msg":{"angular":{"x":0,"y":0,"z":2.483047688802084},"linear":{"x":0,"y":0,"z":0}}}, {"op":"publish","topic":"/scarab/lucy/cmd_vel","msg":{"angular":{"x":0,"y":0,"z":-1.3750830078125003},"linear":{"x":0,"y":0,"z":0}}}, {"op":"publish","topic":"/scarab/lucy/cmd_vel","msg":{"angular":{"x":0,"y":0,"z":-1.0707279459635417},"linear":{"x":0,"y":0,"z":0}}}, {"op":"publish","topic":"/scarab/lucy/cmd_vel","msg":{"angular":{"x":0,"y":0,"z":1.975694986979167},"linear":{"x":0,"y":0,"z":0}}}, {"op":"publish","topic":"/scarab/lucy/cmd_vel","msg":{"angular":{"x":0,"y":0,"z":-0.06266845703125001},"linear":{"x":0,"y":0,"z":0}}}, {"op":"publish","topic":"/scarab/lucy/cmd_vel","msg":{"angular":{"x":0,"y":0,"z":0.6722733561197918},"linear":{"x":0,"y":0,"z":0}}}, {"op":"publish","topic":"/scarab/lucy/cmd_vel","msg":{"angular":{"x":0,"y":0,"z":-1.7184313964843754},"linear":{"x":0,"y":0,"z":0}}}, {"op":"publish","topic":"/scarab/lucy/cmd_vel","msg":{"angular":{"x":0,"y":0,"z":-0.035815836588541664},"linear":{"x":0,"y":0,"z":0}}}, {"op":"publish","topic":"/scarab/lucy/cmd_vel","msg":{"angular":{"x":0,"y":0,"z":1.0061930338541667},"linear":{"x":0,"y":0,"z":0}}}, {"op":"publish","topic":"/scarab/lucy/cmd_vel","msg":{"angular":{"x":0,"y":0,"z":-0.30773681640625006},"linear":{"x":0,"y":0,"z":0}}}, {"op":"publish","topic":"/scarab/lucy/cmd_vel","msg":{"angular":{"x":0,"y":0,"z":-1.3529781087239585},"linear":{"x":0,"y":0,"z":0}}}, {"op":"publish","topic":"/scarab/lucy/cmd_vel","msg":{"angular":{"x":0,"y":0,"z":-0.8693318684895834},"linear":{"x":0,"y":0,"z":0}}}, {"op":"publish","topic":"/scarab/lucy/cmd_vel","msg":{"angular":{"x":0,"y":0,"z":-0.893179931640625},"linear":{"x":0,"y":0,"z":0}}}, {"op":"publish","topic":"/scarab/lucy/cmd_vel","msg":{"angular":{"x":0,"y":0,"z":3.2695648193359377},"linear":{"x":0,"y":0,"z":0}}}, {"op":"publish","topic":"/scarab/lucy/cmd_vel","msg":{"angular":{"x":0,"y":0,"z":1.1010026041666667},"linear":{"x":0,"y":0,"z":0}}}, {"op":"publish","topic":"/scarab/lucy/cmd_vel","msg":{"angular":{"x":0,"y":0,"z":-0.84369873046875},"linear":{"x":0,"y":0,"z":0}}}, {"op":"publish","topic":"/scarab/lucy/cmd_vel","msg":{"angular":{"x":0,"y":0,"z":0.31265645345052084},"linear":{"x":0,"y":0,"z":0}}}, {"op":"publish","topic":"/scarab/lucy/cmd_vel","msg":{"angular":{"x":0,"y":0,"z":0.37702799479166665},"linear":{"x":0,"y":0,"z":0}}}, {"op":"publish","topic":"/scarab/lucy/cmd_vel","msg":{"angular":{"x":0,"y":0,"z":0.89610595703125},"linear":{"x":0,"y":0,"z":0}}}, {"op":"publish","topic":"/scarab/lucy/cmd_vel","msg":{"angular":{"x":0,"y":0,"z":2.125487670898438},"linear":{"x":0,"y":0,"z":0}}}, {"op":"publish","topic":"/scarab/lucy/cmd_vel","msg":{"angular":{"x":0,"y":0,"z":0.8671559651692708},"linear":{"x":0,"y":0,"z":0}}}, {"op":"publish","topic":"/scarab/lucy/cmd_vel","msg":{"angular":{"x":0,"y":0,"z":1.8186181640625},"linear":{"x":0,"y":0,"z":0}}}, {"op":"publish","topic":"/scarab/lucy/cmd_vel","msg":{"angular":{"x":0,"y":0,"z":0.243408203125},"linear":{"x":0,"y":0,"z":0}}}, {"op":"publish","topic":"/scarab/lucy/cmd_vel","msg":{"angular":{"x":0,"y":0,"z":0.9151818847656251},"linear":{"x":0,"y":0,"z":0}}}, {"op":"publish","topic":"/scarab/lucy/cmd_vel","msg":{"angular":{"x":0,"y":0,"z":1.0011450195312501},"linear":{"x":0,"y":0,"z":0}}}, {"op":"publish","topic":"/scarab/lucy/cmd_vel","msg":{"angular":{"x":0,"y":0,"z":0.6524983723958333},"linear":{"x":0,"y":0,"z":0}}}, {"op":"publish","topic":"/scarab/lucy/cmd_vel","msg":{"angular":{"x":0,"y":0,"z":-0.9112121582031252},"linear":{"x":0,"y":0,"z":0}}}, {"op":"publish","topic":"/scarab/lucy/cmd_vel","msg":{"angular":{"x":0,"y":0,"z":-0.15009440104166666},"linear":{"x":0,"y":0,"z":0}}}, {"op":"publish","topic":"/scarab/lucy/cmd_vel","msg":{"angular":{"x":0,"y":0,"z":1.1086564127604166},"linear":{"x":0,"y":0,"z":0}}}, {"op":"publish","topic":"/scarab/lucy/cmd_vel","msg":{"angular":{"x":0,"y":0,"z":1.1821525065104166},"linear":{"x":0,"y":0,"z":0}}}, {"op":"publish","topic":"/scarab/lucy/cmd_vel","msg":{"angular":{"x":0,"y":0,"z":0.1259674072265625},"linear":{"x":0,"y":0,"z":0}}}, {"op":"publish","topic":"/scarab/lucy/cmd_vel","msg":{"angular":{"x":0,"y":0,"z":-1.5111083984375002},"linear":{"x":0,"y":0,"z":0}}}, {"op":"publish","topic":"/scarab/lucy/cmd_vel","msg":{"angular":{"x":0,"y":0,"z":0.22381347656250003},"linear":{"x":0,"y":0,"z":0}}}, {"op":"publish","topic":"/scarab/lucy/cmd_vel","msg":{"angular":{"x":0,"y":0,"z":0.4371419270833334},"linear":{"x":0,"y":0,"z":0}}}, {"op":"publish","topic":"/scarab/lucy/cmd_vel","msg":{"angular":{"x":0,"y":0,"z":-1.8465264892578126},"linear":{"x":0,"y":0,"z":0}}}, {"op":"publish","topic":"/scarab/lucy/cmd_vel","msg":{"angular":{"x":0,"y":0,"z":1.8400797526041668},"linear":{"x":0,"y":0,"z":0}}}, {"op":"publish","topic":"/scarab/lucy/cmd_vel","msg":{"angular":{"x":0,"y":0,"z":0.3275390625},"linear":{"x":0,"y":0,"z":0}}}, {"op":"publish","topic":"/scarab/lucy/cmd_vel","msg":{"angular":{"x":0,"y":0,"z":3.0522802734375003},"linear":{"x":0,"y":0,"z":0}}}, {"op":"publish","topic":"/scarab/lucy/cmd_vel","msg":{"angular":{"x":0,"y":0,"z":3.414948120117187},"linear":{"x":0,"y":0,"z":0}}}, {"op":"publish","topic":"/scarab/lucy/cmd_vel","msg":{"angular":{"x":0,"y":0,"z":0.9114725748697918},"linear":{"x":0,"y":0,"z":0}}}, {"op":"publish","topic":"/scarab/lucy/cmd_vel","msg":{"angular":{"x":0,"y":0,"z":-1.2864823404947918},"linear":{"x":0,"y":0,"z":0}}}, {"op":"publish","topic":"/scarab/lucy/cmd_vel","msg":{"angular":{"x":0,"y":0,"z":-0.7023372395833334},"linear":{"x":0,"y":0,"z":0}}}, {"op":"publish","topic":"/scarab/lucy/cmd_vel","msg":{"angular":{"x":0,"y":0,"z":-2.2594527180989585},"linear":{"x":0,"y":0,"z":0}}}, {"op":"publish","topic":"/scarab/lucy/cmd_vel","msg":{"angular":{"x":0,"y":0,"z":-0.20268269856770832},"linear":{"x":0,"y":0,"z":0}}}, {"op":"publish","topic":"/scarab/lucy/cmd_vel","msg":{"angular":{"x":0,"y":0,"z":1.1852935791015624},"linear":{"x":0,"y":0,"z":0}}}, {"op":"publish","topic":"/scarab/lucy/cmd_vel","msg":{"angular":{"x":0,"y":0,"z":-0.7889404296875001},"linear":{"x":0,"y":0,"z":0}}}, {"op":"publish","topic":"/scarab/lucy/cmd_vel","msg":{"angular":{"x":0,"y":0,"z":-0.3134830729166667},"linear":{"x":0,"y":0,"z":0}}}, {"op":"publish","topic":"/scarab/lucy/cmd_vel","msg":{"angular":{"x":0,"y":0,"z":-1.1965423583984376},"linear":{"x":0,"y":0,"z":0}}}, {"op":"publish","topic":"/scarab/lucy/cmd_vel","msg":{"angular":{"x":0,"y":0,"z":0.170430908203125},"linear":{"x":0,"y":0,"z":0}}}, {"op":"publish","topic":"/scarab/lucy/cmd_vel","msg":{"angular":{"x":0,"y":0,"z":2.1804516601562502},"linear":{"x":0,"y":0,"z":0}}}, {"op":"publish","topic":"/scarab/lucy/cmd_vel","msg":{"angular":{"x":0,"y":0,"z":-0.5694864908854167},"linear":{"x":0,"y":0,"z":0}}}, {"op":"publish","topic":"/scarab/lucy/cmd_vel","msg":{"angular":{"x":0,"y":0,"z":1.2308479817708335},"linear":{"x":0,"y":0,"z":0}}}, {"op":"publish","topic":"/scarab/lucy/cmd_vel","msg":{"angular":{"x":0,"y":0,"z":-0.5588777669270832},"linear":{"x":0,"y":0,"z":0}}}, {"op":"publish","topic":"/scarab/lucy/cmd_vel","msg":{"angular":{"x":0,"y":0,"z":0.23339640299479164},"linear":{"x":0,"y":0,"z":0}}}, {"op":"publish","topic":"/scarab/lucy/cmd_vel","msg":{"angular":{"x":0,"y":0,"z":2.2472898356119795},"linear":{"x":0,"y":0,"z":0}}}, {"op":"publish","topic":"/scarab/lucy/cmd_vel","msg":{"angular":{"x":0,"y":0,"z":0.339345703125},"linear":{"x":0,"y":0,"z":0}}}, {"op":"publish","topic":"/scarab/lucy/cmd_vel","msg":{"angular":{"x":0,"y":0,"z":-1.458955078125},"linear":{"x":0,"y":0,"z":0}}}, {"op":"publish","topic":"/scarab/lucy/cmd_vel","msg":{"angular":{"x":0,"y":0,"z":0.8780476888020834},"linear":{"x":0,"y":0,"z":0}}}, {"op":"publish","topic":"/scarab/lucy/cmd_vel","msg":{"angular":{"x":0,"y":0,"z":1.6820635986328127},"linear":{"x":0,"y":0,"z":0}}}, {"op":"publish","topic":"/scarab/lucy/cmd_vel","msg":{"angular":{"x":0,"y":0,"z":-0.4951243082682292},"linear":{"x":0,"y":0,"z":0}}}, {"op":"publish","topic":"/scarab/lucy/cmd_vel","msg":{"angular":{"x":0,"y":0,"z":1.4981536865234375},"linear":{"x":0,"y":0,"z":0}}}, {"op":"publish","topic":"/scarab/lucy/cmd_vel","msg":{"angular":{"x":0,"y":0,"z":1.7337174479166666},"linear":{"x":0,"y":0,"z":0}}}, {"op":"publish","topic":"/scarab/lucy/cmd_vel","msg":{"angular":{"x":0,"y":0,"z":3.156387329101563},"linear":{"x":0,"y":0,"z":0}}}, {"op":"publish","topic":"/scarab/lucy/cmd_vel","msg":{"angular":{"x":0,"y":0,"z":1.1608408610026042},"linear":{"x":0,"y":0,"z":0}}}, {"op":"publish","topic":"/scarab/lucy/cmd_vel","msg":{"angular":{"x":0,"y":0,"z":1.1897979736328126},"linear":{"x":0,"y":0,"z":0}}}, {"op":"publish","topic":"/scarab/lucy/cmd_vel","msg":{"angular":{"x":0,"y":0,"z":1.8311242675781247},"linear":{"x":0,"y":0,"z":0}}}, {"op":"publish","topic":"/scarab/lucy/cmd_vel","msg":{"angular":{"x":0,"y":0,"z":2.23060302734375},"linear":{"x":0,"y":0,"z":0}}}, {"op":"publish","topic":"/scarab/lucy/cmd_vel","msg":{"angular":{"x":0,"y":0,"z":-2.7459991455078123},"linear":{"x":0,"y":0,"z":0}}}, {"op":"publish","topic":"/scarab/lucy/cmd_vel","msg":{"angular":{"x":0,"y":0,"z":-1.7856005859375004},"linear":{"x":0,"y":0,"z":0}}}, {"op":"publish","topic":"/scarab/lucy/cmd_vel","msg":{"angular":{"x":0,"y":0,"z":-0.9089420572916668},"linear":{"x":0,"y":0,"z":0}}}, {"op":"publish","topic":"/scarab/lucy/cmd_vel","msg":{"angular":{"x":0,"y":0,"z":0.128385009765625},"linear":{"x":0,"y":0,"z":0}}}, {"op":"publish","topic":"/scarab/lucy/cmd_vel","msg":{"angular":{"x":0,"y":0,"z":-0.01884745279947917},"linear":{"x":0,"y":0,"z":0}}}, {"op":"publish","topic":"/scarab/lucy/cmd_vel","msg":{"angular":{"x":0,"y":0,"z":-1.134984130859375},"linear":{"x":0,"y":0,"z":0}}}, {"op":"publish","topic":"/scarab/lucy/cmd_vel","msg":{"angular":{"x":0,"y":0,"z":0.9069449869791667},"linear":{"x":0,"y":0,"z":0}}}, {"op":"publish","topic":"/scarab/lucy/cmd_vel","msg":{"angular":{"x":0,"y":0,"z":2.8952587890625003},"linear":{"x":0,"y":0,"z":0}}}, {"op":"publish","topic":"/scarab/lucy/cmd_vel","msg":{"angular":{"x":0,"y":0,"z":1.3258036295572917},"linear":{"x":0,"y":0,"z":0}}}, {"op":"publish","topic":"/scarab/lucy/cmd_vel","msg":{"angular":{"x":0,"y":0,"z":2.1559600830078125},"linear":{"x":0,"y":0,"z":0}}}, {"op":"publish","topic":"/scarab/lucy/cmd_vel","msg":{"angular":{"x":0,"y":0,"z":0.33483846028645836},"linear":{"x":0,"y":0,"z":0}}}, {"op":"publish","topic":"/scarab/lucy/cmd_vel","msg":{"angular":{"x":0,"y":0,"z":-1.9499072265625},"linear":{"x":0,"y":0,"z":0}}}, {"op":"publish","topic":"/scarab/lucy/cmd_vel","msg":{"angular":{"x":0,"y":0,"z":-1.724004109700521},"linear":{"x":0,"y":0,"z":0}}}, {"op":"publish","topic":"/scarab/lucy/cmd_vel","msg":{"angular":{"x":0,"y":0,"z":-1.996138916015625},"linear":{"x":0,"y":0,"z":0}}}, {"op":"publish","topic":"/scarab/lucy/cmd_vel","msg":{"angular":{"x":0,"y":0,"z":-0.574559326171875},"linear":{"x":0,"y":0,"z":0}}}, {"op":"publish","topic":"/scarab/lucy/cmd_vel","msg":{"angular":{"x":0,"y":0,"z":2.888865966796875},"linear":{"x":0,"y":0,"z":0}}}, {"op":"publish","topic":"/scarab/lucy/cmd_vel","msg":{"angular":{"x":0,"y":0,"z":0.6097161865234375},"linear":{"x":0,"y":0,"z":0}}}, {"op":"publish","topic":"/scarab/lucy/cmd_vel","msg":{"angular":{"x":0,"y":0,"z":-1.94344970703125},"linear":{"x":0,"y":0,"z":0}}}, {"op":"publish","topic":"/scarab/lucy/cmd_vel","msg":{"angular":{"x":0,"y":0,"z":-0.38243408203125},"linear":{"x":0,"y":0,"z":0}}}, {"op":"publish","topic":"/scarab/lucy/cmd_vel","msg":{"angular":{"x":0,"y":0,"z":2.8228631591796876},"linear":{"x":0,"y":0,"z":0}}}, {"op":"publish","topic":"/scarab/lucy/cmd_vel","msg":{"angular":{"x":0,"y":0,"z":2.196387939453125},"linear":{"x":0,"y":0,"z":0}}}, {"op":"publish","topic":"/scarab/lucy/cmd_vel","msg":{"angular":{"x":0,"y":0,"z":2.2399788411458337},"linear":{"x":0,"y":0,"z":0}}}, {"op":"publish","topic":"/scarab/lucy/cmd_vel","msg":{"angular":{"x":0,"y":0,"z":1.3860439046223958},"linear":{"x":0,"y":0,"z":0}}}, {"op":"publish","topic":"/scarab/lucy/cmd_vel","msg":{"angular":{"x":0,"y":0,"z":-1.9169270833333336},"linear":{"x":0,"y":0,"z":0}}}, {"op":"publish","topic":"/scarab/lucy/cmd_vel","msg":{"angular":{"x":0,"y":0,"z":-0.02578511555989584},"linear":{"x":0,"y":0,"z":0}}}, {"op":"publish","topic":"/scarab/lucy/cmd_vel","msg":{"angular":{"x":0,"y":0,"z":0.96086181640625},"linear":{"x":0,"y":0,"z":0}}}, {"op":"publish","topic":"/scarab/lucy/cmd_vel","msg":{"angular":{"x":0,"y":0,"z":-1.7171946207682294},"linear":{"x":0,"y":0,"z":0}}}, {"op":"publish","topic":"/scarab/lucy/cmd_vel","msg":{"angular":{"x":0,"y":0,"z":-1.59407958984375},"linear":{"x":0,"y":0,"z":0}}}, {"op":"publish","topic":"/scarab/lucy/cmd_vel","msg":{"angular":{"x":0,"y":0,"z":1.6782617187500002},"linear":{"x":0,"y":0,"z":0}}}, {"op":"publish","topic":"/scarab/lucy/cmd_vel","msg":{"angular":{"x":0,"y":0,"z":1.7178442382812498},"linear":{"x":0,"y":0,"z":0}}}, {"op":"publish","topic":"/scarab/lucy/cmd_vel","msg":{"angular":{"x":0,"y":0,"z":2.1741031901041667},"linear":{"x":0,"y":0,"z":0}}}, {"op":"publish","topic":"/scarab/lucy/cmd_vel","msg":{"angular":{"x":0,"y":0,"z":-0.6150781249999999},"linear":{"x":0,"y":0,"z":0}}}, {"op":"publish","topic":"/scarab/lucy/cmd_vel","msg":{"angular":{"x":0,"y":0,"z":1.035043131510417},"linear":{"x":0,"y":0,"z":0}}}, {"op":"publish","topic":"/scarab/lucy/cmd_vel","msg":{"angular":{"x":0,"y":0,"z":3.896336873372396},"linear":{"x":0,"y":0,"z":0}}}, {"op":"publish","topic":"/scarab/lucy/cmd_vel","msg":{"angular":{"x":0,"y":0,"z":2.670396321614583},"linear":{"x":0,"y":0,"z":0}}}, {"op":"publish","topic":"/scarab/lucy/cmd_vel","msg":{"angular":{"x":0,"y":0,"z":-0.7724778238932293},"linear":{"x":0,"y":0,"z":0}}}, {"op":"publish","topic":"/scarab/lucy/cmd_vel","msg":{"angular":{"x":0,"y":0,"z":-0.11130208333333333},"linear":{"x":0,"y":0,"z":0}}}, {"op":"publish","topic":"/scarab/lucy/cmd_vel","msg":{"angular":{"x":0,"y":0,"z":-0.27532063802083334},"linear":{"x":0,"y":0,"z":0}}}, {"op":"publish","topic":"/scarab/lucy/cmd_vel","msg":{"angular":{"x":0,"y":0,"z":-2.9793107096354166},"linear":{"x":0,"y":0,"z":0}}}, {"op":"publish","topic":"/scarab/lucy/cmd_vel","msg":{"angular":{"x":0,"y":0,"z":-3.01842041015625},"linear":{"x":0,"y":0,"z":0}}}, {"op":"publish","topic":"/scarab/lucy/cmd_vel","msg":{"angular":{"x":0,"y":0,"z":0.4513875325520833},"linear":{"x":0,"y":0,"z":0}}}, {"op":"publish","topic":"/scarab/lucy/cmd_vel","msg":{"angular":{"x":0,"y":0,"z":0.9884570312500001},"linear":{"x":0,"y":0,"z":0}}}, {"op":"publish","topic":"/scarab/lucy/cmd_vel","msg":{"angular":{"x":0,"y":0,"z":0.45032084147135426},"linear":{"x":0,"y":0,"z":0}}}, {"op":"publish","topic":"/scarab/lucy/cmd_vel","msg":{"angular":{"x":0,"y":0,"z":-1.4992834472656251},"linear":{"x":0,"y":0,"z":0}}}, {"op":"publish","topic":"/scarab/lucy/cmd_vel","msg":{"angular":{"x":0,"y":0,"z":-1.0318424479166666},"linear":{"x":0,"y":0,"z":0}}}, {"op":"publish","topic":"/scarab/lucy/cmd_vel","msg":{"angular":{"x":0,"y":0,"z":0},"linear":{"x":0,"y":0,"z":0}}}, {"op":"publish","topic":"/scarab/lucy/cmd_vel","msg":{"angular":{"x":0,"y":0,"z":-0.9759521484375},"linear":{"x":0,"y":0,"z":0}}}, {"op":"publish","topic":"/scarab/lucy/cmd_vel","msg":{"angular":{"x":0,"y":0,"z":-1.2543141682942707},"linear":{"x":0,"y":0,"z":0}}}, {"op":"publish","topic":"/scarab/lucy/cmd_vel","msg":{"angular":{"x":0,"y":0,"z":0.6199180094401042},"linear":{"x":0,"y":0,"z":0}}}, {"op":"publish","topic":"/scarab/lucy/cmd_vel","msg":{"angular":{"x":0,"y":0,"z":-2.8936566162109374},"linear":{"x":0,"y":0,"z":0}}}, {"op":"publish","topic":"/scarab/lucy/cmd_vel","msg":{"angular":{"x":0,"y":0,"z":-1.6810174560546876},"linear":{"x":0,"y":0,"z":0}}}, {"op":"publish","topic":"/scarab/lucy/cmd_vel","msg":{"angular":{"x":0,"y":0,"z":0.8011149088541668},"linear":{"x":0,"y":0,"z":0}}}, {"op":"publish","topic":"/scarab/lucy/cmd_vel","msg":{"angular":{"x":0,"y":0,"z":1.0747902425130207},"linear":{"x":0,"y":0,"z":0}}}, {"op":"publish","topic":"/scarab/lucy/cmd_vel","msg":{"angular":{"x":0,"y":0,"z":2.7083984375},"linear":{"x":0,"y":0,"z":0}}}, {"op":"publish","topic":"/scarab/lucy/cmd_vel","msg":{"angular":{"x":0,"y":0,"z":2.026638997395833},"linear":{"x":0,"y":0,"z":0}}}, {"op":"publish","topic":"/scarab/lucy/cmd_vel","msg":{"angular":{"x":0,"y":0,"z":1.6241129557291667},"linear":{"x":0,"y":0,"z":0}}}, {"op":"publish","topic":"/scarab/lucy/cmd_vel","msg":{"angular":{"x":0,"y":0,"z":-1.2647186279296876},"linear":{"x":0,"y":0,"z":0}}}, {"op":"publish","topic":"/scarab/lucy/cmd_vel","msg":{"angular":{"x":0,"y":0,"z":-1.5519854736328127},"linear":{"x":0,"y":0,"z":0}}}, {"op":"publish","topic":"/scarab/lucy/cmd_vel","msg":{"angular":{"x":0,"y":0,"z":1.1045080566406251},"linear":{"x":0,"y":0,"z":0}}}, {"op":"publish","topic":"/scarab/lucy/cmd_vel","msg":{"angular":{"x":0,"y":0,"z":0.8072869873046876},"linear":{"x":0,"y":0,"z":0}}}, {"op":"publish","topic":"/scarab/lucy/cmd_vel","msg":{"angular":{"x":0,"y":0,"z":-1.254552001953125},"linear":{"x":0,"y":0,"z":0}}}, {"op":"publish","topic":"/scarab/lucy/cmd_vel","msg":{"angular":{"x":0,"y":0,"z":-0.15744954427083335},"linear":{"x":0,"y":0,"z":0}}}, {"op":"publish","topic":"/scarab/lucy/cmd_vel","msg":{"angular":{"x":0,"y":0,"z":-1.53610595703125},"linear":{"x":0,"y":0,"z":0}}}, {"op":"publish","topic":"/scarab/lucy/cmd_vel","msg":{"angular":{"x":0,"y":0,"z":-2.253011678059896},"linear":{"x":0,"y":0,"z":0}}}, {"op":"publish","topic":"/scarab/lucy/cmd_vel","msg":{"angular":{"x":0,"y":0,"z":-0.2120941162109375},"linear":{"x":0,"y":0,"z":0}}}, {"op":"publish","topic":"/scarab/lucy/cmd_vel","msg":{"angular":{"x":0,"y":0,"z":0.7588246663411459},"linear":{"x":0,"y":0,"z":0}}}, {"op":"publish","topic":"/scarab/lucy/cmd_vel","msg":{"angular":{"x":0,"y":0,"z":1.4879831949869793},"linear":{"x":0,"y":0,"z":0}}}, {"op":"publish","topic":"/scarab/lucy/cmd_vel","msg":{"angular":{"x":0,"y":0,"z":-1.5541394042968752},"linear":{"x":0,"y":0,"z":0}}}, {"op":"publish","topic":"/scarab/lucy/cmd_vel","msg":{"angular":{"x":0,"y":0,"z":-0.3967692057291667},"linear":{"x":0,"y":0,"z":0}}}, {"op":"publish","topic":"/scarab/lucy/cmd_vel","msg":{"angular":{"x":0,"y":0,"z":-0.5314416503906251},"linear":{"x":0,"y":0,"z":0}}}, {"op":"publish","topic":"/scarab/lucy/cmd_vel","msg":{"angular":{"x":0,"y":0,"z":1.1812154134114583},"linear":{"x":0,"y":0,"z":0}}}, {"op":"publish","topic":"/scarab/lucy/cmd_vel","msg":{"angular":{"x":0,"y":0,"z":1.7118888346354164},"linear":{"x":0,"y":0,"z":0}}}, {"op":"publish","topic":"/scarab/lucy/cmd_vel","msg":{"angular":{"x":0,"y":0,"z":0.9258618164062501},"linear":{"x":0,"y":0,"z":0}}}, {"op":"publish","topic":"/scarab/lucy/cmd_vel","msg":{"angular":{"x":0,"y":0,"z":-0.4784912109375001},"linear":{"x":0,"y":0,"z":0}}}, {"op":"publish","topic":"/scarab/lucy/cmd_vel","msg":{"angular":{"x":0,"y":0,"z":0.95806884765625},"linear":{"x":0,"y":0,"z":0}}}, {"op":"publish","topic":"/scarab/lucy/cmd_vel","msg":{"angular":{"x":0,"y":0,"z":-1.0120768229166666},"linear":{"x":0,"y":0,"z":0}}}, {"op":"publish","topic":"/scarab/lucy/cmd_vel","msg":{"angular":{"x":0,"y":0,"z":-2.110634358723958},"linear":{"x":0,"y":0,"z":0}}}, {"op":"publish","topic":"/scarab/lucy/cmd_vel","msg":{"angular":{"x":0,"y":0,"z":-1.2919195556640626},"linear":{"x":0,"y":0,"z":0}}}, {"op":"publish","topic":"/scarab/lucy/cmd_vel","msg":{"angular":{"x":0,"y":0,"z":-1.6540311686197917},"linear":{"x":0,"y":0,"z":0}}}, {"op":"publish","topic":"/scarab/lucy/cmd_vel","msg":{"angular":{"x":0,"y":0,"z":-0.16906412760416667},"linear":{"x":0,"y":0,"z":0}}}, {"op":"publish","topic":"/scarab/lucy/cmd_vel","msg":{"angular":{"x":0,"y":0,"z":-0.299248046875},"linear":{"x":0,"y":0,"z":0}}}, {"op":"publish","topic":"/scarab/lucy/cmd_vel","msg":{"angular":{"x":0,"y":0,"z":-0.9368794759114584},"linear":{"x":0,"y":0,"z":0}}}, {"op":"publish","topic":"/scarab/lucy/cmd_vel","msg":{"angular":{"x":0,"y":0,"z":-0.0524627685546875},"linear":{"x":0,"y":0,"z":0}}}, {"op":"publish","topic":"/scarab/lucy/cmd_vel","msg":{"angular":{"x":0,"y":0,"z":0.8219146728515625},"linear":{"x":0,"y":0,"z":0}}}, {"op":"publish","topic":"/scarab/lucy/cmd_vel","msg":{"angular":{"x":0,"y":0,"z":1.344100341796875},"linear":{"x":0,"y":0,"z":0}}}, {"op":"publish","topic":"/scarab/lucy/cmd_vel","msg":{"angular":{"x":0,"y":0,"z":0.6057373046875001},"linear":{"x":0,"y":0,"z":0}}}, {"op":"publish","topic":"/scarab/lucy/cmd_vel","msg":{"angular":{"x":0,"y":0,"z":0.9035050455729168},"linear":{"x":0,"y":0,"z":0}}}, {"op":"publish","topic":"/scarab/lucy/cmd_vel","msg":{"angular":{"x":0,"y":0,"z":3.6815901692708337},"linear":{"x":0,"y":0,"z":0}}}, {"op":"publish","topic":"/scarab/lucy/cmd_vel","msg":{"angular":{"x":0,"y":0,"z":-1.2777947998046877},"linear":{"x":0,"y":0,"z":0}}}, {"op":"publish","topic":"/scarab/lucy/cmd_vel","msg":{"angular":{"x":0,"y":0,"z":0.9168619791666666},"linear":{"x":0,"y":0,"z":0}}}, {"op":"publish","topic":"/scarab/lucy/cmd_vel","msg":{"angular":{"x":0,"y":0,"z":-0.9229545084635417},"linear":{"x":0,"y":0,"z":0}}}, {"op":"publish","topic":"/scarab/lucy/cmd_vel","msg":{"angular":{"x":0,"y":0,"z":1.9623313395182294},"linear":{"x":0,"y":0,"z":0}}}, {"op":"publish","topic":"/scarab/lucy/cmd_vel","msg":{"angular":{"x":0,"y":0,"z":-1.131279296875},"linear":{"x":0,"y":0,"z":0}}}, {"op":"publish","topic":"/scarab/lucy/cmd_vel","msg":{"angular":{"x":0,"y":0,"z":-0.5880257161458333},"linear":{"x":0,"y":0,"z":0}}}, {"op":"publish","topic":"/scarab/lucy/cmd_vel","msg":{"angular":{"x":0,"y":0,"z":-1.3193359375},"linear":{"x":0,"y":0,"z":0}}}, {"op":"publish","topic":"/scarab/lucy/cmd_vel","msg":{"angular":{"x":0,"y":0,"z":1.3035919189453125},"linear":{"x":0,"y":0,"z":0}}}, {"op":"publish","topic":"/scarab/lucy/cmd_vel","msg":{"angular":{"x":0,"y":0,"z":-3.046636962890625},"linear":{"x":0,"y":0,"z":0}}}, {"op":"publish","topic":"/scarab/lucy/cmd_vel","msg":{"angular":{"x":0,"y":0,"z":-3.117734375},"linear":{"x":0,"y":0,"z":0}}}, {"op":"publish","topic":"/scarab/lucy/cmd_vel","msg":{"angular":{"x":0,"y":0,"z":-0.5190743001302084},"linear":{"x":0,"y":0,"z":0}}}, {"op":"publish","topic":"/scarab/lucy/cmd_vel","msg":{"angular":{"x":0,"y":0,"z":-1.0445703125},"linear":{"x":0,"y":0,"z":0}}}, {"op":"publish","topic":"/scarab/lucy/cmd_vel","msg":{"angular":{"x":0,"y":0,"z":0.7418416341145834},"linear":{"x":0,"y":0,"z":0}}}, {"op":"publish","topic":"/scarab/lucy/cmd_vel","msg":{"angular":{"x":0,"y":0,"z":-0.08173828125},"linear":{"x":0,"y":0,"z":0}}}, {"op":"publish","topic":"/scarab/lucy/cmd_vel","msg":{"angular":{"x":0,"y":0,"z":0.07345072428385417},"linear":{"x":0,"y":0,"z":0}}}, {"op":"publish","topic":"/scarab/lucy/cmd_vel","msg":{"angular":{"x":0,"y":0,"z":-1.8865399169921875},"linear":{"x":0,"y":0,"z":0}}}, {"op":"publish","topic":"/scarab/lucy/cmd_vel","msg":{"angular":{"x":0,"y":0,"z":-2.3171211751302083},"linear":{"x":0,"y":0,"z":0}}}, {"op":"publish","topic":"/scarab/lucy/cmd_vel","msg":{"angular":{"x":0,"y":0,"z":-0.25327962239583335},"linear":{"x":0,"y":0,"z":0}}}, {"op":"publish","topic":"/scarab/lucy/cmd_vel","msg":{"angular":{"x":0,"y":0,"z":0.9506007893880207},"linear":{"x":0,"y":0,"z":0}}}, {"op":"publish","topic":"/scarab/lucy/cmd_vel","msg":{"angular":{"x":0,"y":0,"z":1.0334436035156251},"linear":{"x":0,"y":0,"z":0}}}, {"op":"publish","topic":"/scarab/lucy/cmd_vel","msg":{"angular":{"x":0,"y":0,"z":-0.34922241210937505},"linear":{"x":0,"y":0,"z":0}}}, {"op":"publish","topic":"/scarab/lucy/cmd_vel","msg":{"angular":{"x":0,"y":0,"z":1.5082712809244792},"linear":{"x":0,"y":0,"z":0}}}, {"op":"publish","topic":"/scarab/lucy/cmd_vel","msg":{"angular":{"x":0,"y":0,"z":-0.33098470052083334},"linear":{"x":0,"y":0,"z":0}}}, {"op":"publish","topic":"/scarab/lucy/cmd_vel","msg":{"angular":{"x":0,"y":0,"z":-1.9978346761067711},"linear":{"x":0,"y":0,"z":0}}}, {"op":"publish","topic":"/scarab/lucy/cmd_vel","msg":{"angular":{"x":0,"y":0,"z":-1.321507771809896},"linear":{"x":0,"y":0,"z":0}}}, {"op":"publish","topic":"/scarab/lucy/cmd_vel","msg":{"angular":{"x":0,"y":0,"z":-1.3892985026041667},"linear":{"x":0,"y":0,"z":0}}}, {"op":"publish","topic":"/scarab/lucy/cmd_vel","msg":{"angular":{"x":0,"y":0,"z":1.21480712890625},"linear":{"x":0,"y":0,"z":0}}}, {"op":"publish","topic":"/scarab/lucy/cmd_vel","msg":{"angular":{"x":0,"y":0,"z":0.8151684570312501},"linear":{"x":0,"y":0,"z":0}}}, {"op":"publish","topic":"/scarab/lucy/cmd_vel","msg":{"angular":{"x":0,"y":0,"z":1.7935872395833337},"linear":{"x":0,"y":0,"z":0}}}, {"op":"publish","topic":"/scarab/lucy/cmd_vel","msg":{"angular":{"x":0,"y":0,"z":-0.8898478190104168},"linear":{"x":0,"y":0,"z":0}}}, {"op":"publish","topic":"/scarab/lucy/cmd_vel","msg":{"angular":{"x":0,"y":0,"z":-0.5902770996093751},"linear":{"x":0,"y":0,"z":0}}}, {"op":"publish","topic":"/scarab/lucy/cmd_vel","msg":{"angular":{"x":0,"y":0,"z":-0.38634724934895837},"linear":{"x":0,"y":0,"z":0}}}, {"op":"publish","topic":"/scarab/lucy/cmd_vel","msg":{"angular":{"x":0,"y":0,"z":-0.77825439453125},"linear":{"x":0,"y":0,"z":0}}}, {"op":"publish","topic":"/scarab/lucy/cmd_vel","msg":{"angular":{"x":0,"y":0,"z":-0.3266251627604167},"linear":{"x":0,"y":0,"z":0}}}, {"op":"publish","topic":"/scarab/lucy/cmd_vel","msg":{"angular":{"x":0,"y":0,"z":-0.11823323567708335},"linear":{"x":0,"y":0,"z":0}}}, {"op":"publish","topic":"/scarab/lucy/cmd_vel","msg":{"angular":{"x":0,"y":0,"z":0.815185546875},"linear":{"x":0,"y":0,"z":0}}}, {"op":"publish","topic":"/scarab/lucy/cmd_vel","msg":{"angular":{"x":0,"y":0,"z":1.4988012695312503},"linear":{"x":0,"y":0,"z":0}}}, {"op":"publish","topic":"/scarab/lucy/cmd_vel","msg":{"angular":{"x":0,"y":0,"z":2.07307861328125},"linear":{"x":0,"y":0,"z":0}}}, {"op":"publish","topic":"/scarab/lucy/cmd_vel","msg":{"angular":{"x":0,"y":0,"z":1.97277587890625},"linear":{"x":0,"y":0,"z":0}}}, {"op":"publish","topic":"/scarab/lucy/cmd_vel","msg":{"angular":{"x":0,"y":0,"z":-0.1521514892578125},"linear":{"x":0,"y":0,"z":0}}}, {"op":"publish","topic":"/scarab/lucy/cmd_vel","msg":{"angular":{"x":0,"y":0,"z":3.383743489583334},"linear":{"x":0,"y":0,"z":0}}}, {"op":"publish","topic":"/scarab/lucy/cmd_vel","msg":{"angular":{"x":0,"y":0,"z":2.61658447265625},"linear":{"x":0,"y":0,"z":0}}}, {"op":"publish","topic":"/scarab/lucy/cmd_vel","msg":{"angular":{"x":0,"y":0,"z":3.1787249755859377},"linear":{"x":0,"y":0,"z":0}}}, {"op":"publish","topic":"/scarab/lucy/cmd_vel","msg":{"angular":{"x":0,"y":0,"z":0.4181103515625001},"linear":{"x":0,"y":0,"z":0}}}, {"op":"publish","topic":"/scarab/lucy/cmd_vel","msg":{"angular":{"x":0,"y":0,"z":-1.0453051757812502},"linear":{"x":0,"y":0,"z":0}}}, {"op":"publish","topic":"/scarab/lucy/cmd_vel","msg":{"angular":{"x":0,"y":0,"z":-1.948458251953125},"linear":{"x":0,"y":0,"z":0}}}, {"op":"publish","topic":"/scarab/lucy/cmd_vel","msg":{"angular":{"x":0,"y":0,"z":1.1250498453776043},"linear":{"x":0,"y":0,"z":0}}}, {"op":"publish","topic":"/scarab/lucy/cmd_vel","msg":{"angular":{"x":0,"y":0,"z":1.5870772298177085},"linear":{"x":0,"y":0,"z":0}}}, {"op":"publish","topic":"/scarab/lucy/cmd_vel","msg":{"angular":{"x":0,"y":0,"z":0.7116558837890625},"linear":{"x":0,"y":0,"z":0}}}, {"op":"publish","topic":"/scarab/lucy/cmd_vel","msg":{"angular":{"x":0,"y":0,"z":2.380733032226563},"linear":{"x":0,"y":0,"z":0}}}, {"op":"publish","topic":"/scarab/lucy/cmd_vel","msg":{"angular":{"x":0,"y":0,"z":-0.17889506022135418},"linear":{"x":0,"y":0,"z":0}}}, {"op":"publish","topic":"/scarab/lucy/cmd_vel","msg":{"angular":{"x":0,"y":0,"z":-2.5626448567708335},"linear":{"x":0,"y":0,"z":0}}}, {"op":"publish","topic":"/scarab/lucy/cmd_vel","msg":{"angular":{"x":0,"y":0,"z":0.6807560221354166},"linear":{"x":0,"y":0,"z":0}}}, {"op":"publish","topic":"/scarab/lucy/cmd_vel","msg":{"angular":{"x":0,"y":0,"z":1.8167643229166668},"linear":{"x":0,"y":0,"z":0}}}, {"op":"publish","topic":"/scarab/lucy/cmd_vel","msg":{"angular":{"x":0,"y":0,"z":1.6778356933593752},"linear":{"x":0,"y":0,"z":0}}}, {"op":"publish","topic":"/scarab/lucy/cmd_vel","msg":{"angular":{"x":0,"y":0,"z":1.0976607259114586},"linear":{"x":0,"y":0,"z":0}}}, {"op":"publish","topic":"/scarab/lucy/cmd_vel","msg":{"angular":{"x":0,"y":0,"z":0.6489778645833333},"linear":{"x":0,"y":0,"z":0}}}, {"op":"publish","topic":"/scarab/lucy/cmd_vel","msg":{"angular":{"x":0,"y":0,"z":0.4937581380208334},"linear":{"x":0,"y":0,"z":0}}}, {"op":"publish","topic":"/scarab/lucy/cmd_vel","msg":{"linear":{"x":0,"y":0,"z":0},"angular":{"x":0,"y":0,"z":0}}}, {"op":"unadvertise","topic":"/scarab/lucy/cmd_vel"}]
Scarab: Unsent messages remain that were queued before the socket opened: [{"op":"unadvertise","topic":"/scarab/lucy/cancel"}]
[atomic-processor-1] INFO com.github.sarxos.webcam.ds.cgt.WebcamCloseTask - Closing Dummy Webcam 0
HttpClientHelper.java: Received an error for request 0: io.netty.channel.AbstractChannel$AnnotatedConnectException: Connection refused: localhost/127.0.0.1:7200
io.netty.channel.AbstractChannel$AnnotatedConnectException: Connection refused: localhost/127.0.0.1:7200
	at sun.nio.ch.SocketChannelImpl.checkConnect(Native Method)
	at sun.nio.ch.SocketChannelImpl.finishConnect(SocketChannelImpl.java:717)
	at io.netty.channel.socket.nio.NioSocketChannel.doFinishConnect(NioSocketChannel.java:325)
	at io.netty.channel.nio.AbstractNioChannel$AbstractNioUnsafe.finishConnect(AbstractNioChannel.java:340)
	at io.netty.channel.nio.NioEventLoop.processSelectedKey(NioEventLoop.java:633)
	at io.netty.channel.nio.NioEventLoop.processSelectedKeysOptimized(NioEventLoop.java:580)
	at io.netty.channel.nio.NioEventLoop.processSelectedKeys(NioEventLoop.java:497)
	at io.netty.channel.nio.NioEventLoop.run(NioEventLoop.java:459)
	at io.netty.util.concurrent.SingleThreadEventExecutor$5.run(SingleThreadEventExecutor.java:886)
	at io.netty.util.concurrent.FastThreadLocalRunnable.run(FastThreadLocalRunnable.java:30)
	at java.lang.Thread.run(Thread.java:748)
Caused by: java.net.ConnectException: Connection refused
	... 11 more
HttpClientHelper.java: Received an error for request 0: io.netty.channel.AbstractChannel$AnnotatedConnectException: Connection refused: localhost/127.0.0.1:7200
io.netty.channel.AbstractChannel$AnnotatedConnectException: Connection refused: localhost/127.0.0.1:7200
	at sun.nio.ch.SocketChannelImpl.checkConnect(Native Method)
	at sun.nio.ch.SocketChannelImpl.finishConnect(SocketChannelImpl.java:717)
	at io.netty.channel.socket.nio.NioSocketChannel.doFinishConnect(NioSocketChannel.java:325)
	at io.netty.channel.nio.AbstractNioChannel$AbstractNioUnsafe.finishConnect(AbstractNioChannel.java:340)
	at io.netty.channel.nio.NioEventLoop.processSelectedKey(NioEventLoop.java:633)
	at io.netty.channel.nio.NioEventLoop.processSelectedKeysOptimized(NioEventLoop.java:580)
	at io.netty.channel.nio.NioEventLoop.processSelectedKeys(NioEventLoop.java:497)
	at io.netty.channel.nio.NioEventLoop.run(NioEventLoop.java:459)
	at io.netty.util.concurrent.SingleThreadEventExecutor$5.run(SingleThreadEventExecutor.java:886)
	at io.netty.util.concurrent.FastThreadLocalRunnable.run(FastThreadLocalRunnable.java:30)
	at java.lang.Thread.run(Thread.java:748)
Caused by: java.net.ConnectException: Connection refused
	... 11 more
SemanticRepositoryQuery: Error: Connection refused: localhost/127.0.0.1:7200
SemanticRepositoryUpdate: Error: Connection refused: localhost/127.0.0.1:7200
Jan 25, 2019 3:51:19 AM sun.awt.X11.XToolkit processException
WARNING: Exception on Toolkit thread
java.lang.NullPointerException
	at java.awt.Component$BltBufferStrategy.contentsLost(Component.java:4479)
	at java.awt.Component$BltSubRegionBufferStrategy.showIfNotLost(Component.java:4542)
	at javax.swing.BufferStrategyPaintManager.show(BufferStrategyPaintManager.java:252)
	at javax.swing.RepaintManager.show(RepaintManager.java:1379)
	at javax.swing.SwingPaintEventDispatcher.createPaintEvent(SwingPaintEventDispatcher.java:61)
	at sun.awt.X11.XWindow.postPaintEvent(XWindow.java:564)
	at sun.awt.X11.XContentWindow.postPaintEvent(XContentWindow.java:163)
	at sun.awt.X11.XWindow.handleExposeEvent(XWindow.java:558)
	at sun.awt.X11.XContentWindow.handleExposeEvent(XContentWindow.java:45)
	at sun.awt.X11.XBaseWindow.dispatchEvent(XBaseWindow.java:1110)
	at sun.awt.X11.XBaseWindow.dispatchToWindow(XBaseWindow.java:1086)
	at sun.awt.X11.XToolkit.dispatchEvent(XToolkit.java:502)
	at sun.awt.X11.XToolkit.run(XToolkit.java:616)
	at sun.awt.X11.XToolkit.run(XToolkit.java:532)
	at java.lang.Thread.run(Thread.java:748)

HttpClientHelper.java: Received an error for request 0: io.netty.channel.AbstractChannel$AnnotatedConnectException: Connection refused: localhost/127.0.0.1:7200
io.netty.channel.AbstractChannel$AnnotatedConnectException: Connection refused: localhost/127.0.0.1:7200
	at sun.nio.ch.SocketChannelImpl.checkConnect(Native Method)
	at sun.nio.ch.SocketChannelImpl.finishConnect(SocketChannelImpl.java:717)
	at io.netty.channel.socket.nio.NioSocketChannel.doFinishConnect(NioSocketChannel.java:325)
	at io.netty.channel.nio.AbstractNioChannel$AbstractNioUnsafe.finishConnect(AbstractNioChannel.java:340)
	at io.netty.channel.nio.NioEventLoop.processSelectedKey(NioEventLoop.java:633)
	at io.netty.channel.nio.NioEventLoop.processSelectedKeysOptimized(NioEventLoop.java:580)
	at io.netty.channel.nio.NioEventLoop.processSelectedKeys(NioEventLoop.java:497)
	at io.netty.channel.nio.NioEventLoop.run(NioEventLoop.java:459)
	at io.netty.util.concurrent.SingleThreadEventExecutor$5.run(SingleThreadEventExecutor.java:886)
	at io.netty.util.concurrent.FastThreadLocalRunnable.run(FastThreadLocalRunnable.java:30)
	at java.lang.Thread.run(Thread.java:748)
Caused by: java.net.ConnectException: Connection refused
	... 11 more
SemanticRepositoryQuery: Error: Connection refused: localhost/127.0.0.1:7200
HttpClientHelper.java: Received an error for request 0: io.netty.channel.AbstractChannel$AnnotatedConnectException: Connection refused: localhost/127.0.0.1:7200
io.netty.channel.AbstractChannel$AnnotatedConnectException: Connection refused: localhost/127.0.0.1:7200
	at sun.nio.ch.SocketChannelImpl.checkConnect(Native Method)
	at sun.nio.ch.SocketChannelImpl.finishConnect(SocketChannelImpl.java:717)
	at io.netty.channel.socket.nio.NioSocketChannel.doFinishConnect(NioSocketChannel.java:325)
	at io.netty.channel.nio.AbstractNioChannel$AbstractNioUnsafe.finishConnect(AbstractNioChannel.java:340)
	at io.netty.channel.nio.NioEventLoop.processSelectedKey(NioEventLoop.java:633)
	at io.netty.channel.nio.NioEventLoop.processSelectedKeysOptimized(NioEventLoop.java:580)
	at io.netty.channel.nio.NioEventLoop.processSelectedKeys(NioEventLoop.java:497)
	at io.netty.channel.nio.NioEventLoop.run(NioEventLoop.java:459)
	at io.netty.util.concurrent.SingleThreadEventExecutor$5.run(SingleThreadEventExecutor.java:886)
	at io.netty.util.concurrent.FastThreadLocalRunnable.run(FastThreadLocalRunnable.java:30)
	at java.lang.Thread.run(Thread.java:748)
Caused by: java.net.ConnectException: Connection refused
	... 11 more
HostCompatability1: Error: Connection refused: localhost/127.0.0.1:7200
HostCompatability2: The timeout period of 20000ms has been exceeded.
HttpClientHelper.java: Received an error for request 0: io.netty.channel.AbstractChannel$AnnotatedConnectException: Connection refused: localhost/127.0.0.1:7200
io.netty.channel.AbstractChannel$AnnotatedConnectException: Connection refused: localhost/127.0.0.1:7200
	at sun.nio.ch.SocketChannelImpl.checkConnect(Native Method)
	at sun.nio.ch.SocketChannelImpl.finishConnect(SocketChannelImpl.java:717)
	at io.netty.channel.socket.nio.NioSocketChannel.doFinishConnect(NioSocketChannel.java:325)
	at io.netty.channel.nio.AbstractNioChannel$AbstractNioUnsafe.finishConnect(AbstractNioChannel.java:340)
	at io.netty.channel.nio.NioEventLoop.processSelectedKey(NioEventLoop.java:633)
	at io.netty.channel.nio.NioEventLoop.processSelectedKeysOptimized(NioEventLoop.java:580)
	at io.netty.channel.nio.NioEventLoop.processSelectedKeys(NioEventLoop.java:497)
	at io.netty.channel.nio.NioEventLoop.run(NioEventLoop.java:459)
	at io.netty.util.concurrent.SingleThreadEventExecutor$5.run(SingleThreadEventExecutor.java:886)
	at io.netty.util.concurrent.FastThreadLocalRunnable.run(FastThreadLocalRunnable.java:30)
	at java.lang.Thread.run(Thread.java:748)
Caused by: java.net.ConnectException: Connection refused
	... 11 more
SemanticRepositoryQuery: Error: Connection refused: localhost/127.0.0.1:7200
HttpClientHelper.java: Received an error for request 0: io.netty.channel.AbstractChannel$AnnotatedConnectException: Connection refused: localhost/127.0.0.1:7200
io.netty.channel.AbstractChannel$AnnotatedConnectException: Connection refused: localhost/127.0.0.1:7200
	at sun.nio.ch.SocketChannelImpl.checkConnect(Native Method)
	at sun.nio.ch.SocketChannelImpl.finishConnect(SocketChannelImpl.java:717)
	at io.netty.channel.socket.nio.NioSocketChannel.doFinishConnect(NioSocketChannel.java:325)
	at io.netty.channel.nio.AbstractNioChannel$AbstractNioUnsafe.finishConnect(AbstractNioChannel.java:340)
	at io.netty.channel.nio.NioEventLoop.processSelectedKey(NioEventLoop.java:633)
	at io.netty.channel.nio.NioEventLoop.processSelectedKeysOptimized(NioEventLoop.java:580)
	at io.netty.channel.nio.NioEventLoop.processSelectedKeys(NioEventLoop.java:497)
	at io.netty.channel.nio.NioEventLoop.run(NioEventLoop.java:459)
	at io.netty.util.concurrent.SingleThreadEventExecutor$5.run(SingleThreadEventExecutor.java:886)
	at io.netty.util.concurrent.FastThreadLocalRunnable.run(FastThreadLocalRunnable.java:30)
	at java.lang.Thread.run(Thread.java:748)
Caused by: java.net.ConnectException: Connection refused
	... 11 more
SemanticRepositoryQuery: Error: Connection refused: localhost/127.0.0.1:7200
HttpClientHelper.java: Received an error for request 0: io.netty.channel.AbstractChannel$AnnotatedConnectException: Connection refused: localhost/127.0.0.1:7200
io.netty.channel.AbstractChannel$AnnotatedConnectException: Connection refused: localhost/127.0.0.1:7200
	at sun.nio.ch.SocketChannelImpl.checkConnect(Native Method)
	at sun.nio.ch.SocketChannelImpl.finishConnect(SocketChannelImpl.java:717)
	at io.netty.channel.socket.nio.NioSocketChannel.doFinishConnect(NioSocketChannel.java:325)
	at io.netty.channel.nio.AbstractNioChannel$AbstractNioUnsafe.finishConnect(AbstractNioChannel.java:340)
	at io.netty.channel.nio.NioEventLoop.processSelectedKey(NioEventLoop.java:633)
	at io.netty.channel.nio.NioEventLoop.processSelectedKeysOptimized(NioEventLoop.java:580)
	at io.netty.channel.nio.NioEventLoop.processSelectedKeys(NioEventLoop.java:497)
	at io.netty.channel.nio.NioEventLoop.run(NioEventLoop.java:459)
	at io.netty.util.concurrent.SingleThreadEventExecutor$5.run(SingleThreadEventExecutor.java:886)
	at io.netty.util.concurrent.FastThreadLocalRunnable.run(FastThreadLocalRunnable.java:30)
	at java.lang.Thread.run(Thread.java:748)
Caused by: java.net.ConnectException: Connection refused
	... 11 more
SemanticRepositoryQuery: Error: Connection refused: localhost/127.0.0.1:7200
HttpClientHelper.java: Received an error for request 0: io.netty.channel.AbstractChannel$AnnotatedConnectException: Connection refused: localhost/127.0.0.1:7200
io.netty.channel.AbstractChannel$AnnotatedConnectException: Connection refused: localhost/127.0.0.1:7200
	at sun.nio.ch.SocketChannelImpl.checkConnect(Native Method)
	at sun.nio.ch.SocketChannelImpl.finishConnect(SocketChannelImpl.java:717)
	at io.netty.channel.socket.nio.NioSocketChannel.doFinishConnect(NioSocketChannel.java:325)
	at io.netty.channel.nio.AbstractNioChannel$AbstractNioUnsafe.finishConnect(AbstractNioChannel.java:340)
	at io.netty.channel.nio.NioEventLoop.processSelectedKey(NioEventLoop.java:633)
	at io.netty.channel.nio.NioEventLoop.processSelectedKeysOptimized(NioEventLoop.java:580)
	at io.netty.channel.nio.NioEventLoop.processSelectedKeys(NioEventLoop.java:497)
	at io.netty.channel.nio.NioEventLoop.run(NioEventLoop.java:459)
	at io.netty.util.concurrent.SingleThreadEventExecutor$5.run(SingleThreadEventExecutor.java:886)
	at io.netty.util.concurrent.FastThreadLocalRunnable.run(FastThreadLocalRunnable.java:30)
	at java.lang.Thread.run(Thread.java:748)
Caused by: java.net.ConnectException: Connection refused
	... 11 more
HttpClientHelper.java: Received an error for request 0: io.netty.channel.AbstractChannel$AnnotatedConnectException: Connection refused: localhost/127.0.0.1:7200
io.netty.channel.AbstractChannel$AnnotatedConnectException: Connection refused: localhost/127.0.0.1:7200
	at sun.nio.ch.SocketChannelImpl.checkConnect(Native Method)
	at sun.nio.ch.SocketChannelImpl.finishConnect(SocketChannelImpl.java:717)
	at io.netty.channel.socket.nio.NioSocketChannel.doFinishConnect(NioSocketChannel.java:325)
	at io.netty.channel.nio.AbstractNioChannel$AbstractNioUnsafe.finishConnect(AbstractNioChannel.java:340)
	at io.netty.channel.nio.NioEventLoop.processSelectedKey(NioEventLoop.java:633)
	at io.netty.channel.nio.NioEventLoop.processSelectedKeysOptimized(NioEventLoop.java:580)
	at io.netty.channel.nio.NioEventLoop.processSelectedKeys(NioEventLoop.java:497)
	at io.netty.channel.nio.NioEventLoop.run(NioEventLoop.java:459)
	at io.netty.util.concurrent.SingleThreadEventExecutor$5.run(SingleThreadEventExecutor.java:886)
	at io.netty.util.concurrent.FastThreadLocalRunnable.run(FastThreadLocalRunnable.java:30)
	at java.lang.Thread.run(Thread.java:748)
Caused by: java.net.ConnectException: Connection refused
	... 11 more
SemanticRepositoryUpdate: Error: Connection refused: localhost/127.0.0.1:7200
SemanticRepositoryQuery: Error: Connection refused: localhost/127.0.0.1:7200
HttpClientHelper.java: Received an error for request 0: io.netty.channel.AbstractChannel$AnnotatedConnectException: Connection refused: localhost/127.0.0.1:7200
io.netty.channel.AbstractChannel$AnnotatedConnectException: Connection refused: localhost/127.0.0.1:7200
	at sun.nio.ch.SocketChannelImpl.checkConnect(Native Method)
	at sun.nio.ch.SocketChannelImpl.finishConnect(SocketChannelImpl.java:717)
	at io.netty.channel.socket.nio.NioSocketChannel.doFinishConnect(NioSocketChannel.java:325)
	at io.netty.channel.nio.AbstractNioChannel$AbstractNioUnsafe.finishConnect(AbstractNioChannel.java:340)
	at io.netty.channel.nio.NioEventLoop.processSelectedKey(NioEventLoop.java:633)
	at io.netty.channel.nio.NioEventLoop.processSelectedKeysOptimized(NioEventLoop.java:580)
	at io.netty.channel.nio.NioEventLoop.processSelectedKeys(NioEventLoop.java:497)
	at io.netty.channel.nio.NioEventLoop.run(NioEventLoop.java:459)
	at io.netty.util.concurrent.SingleThreadEventExecutor$5.run(SingleThreadEventExecutor.java:886)
	at io.netty.util.concurrent.FastThreadLocalRunnable.run(FastThreadLocalRunnable.java:30)
	at java.lang.Thread.run(Thread.java:748)
Caused by: java.net.ConnectException: Connection refused
	... 11 more
SemanticRepositoryQuery: Error: Connection refused: localhost/127.0.0.1:7200
HttpClientHelper.java: Received an error for request 0: io.netty.channel.AbstractChannel$AnnotatedConnectException: Connection refused: localhost/127.0.0.1:7200
io.netty.channel.AbstractChannel$AnnotatedConnectException: Connection refused: localhost/127.0.0.1:7200
	at sun.nio.ch.SocketChannelImpl.checkConnect(Native Method)
	at sun.nio.ch.SocketChannelImpl.finishConnect(SocketChannelImpl.java:717)
	at io.netty.channel.socket.nio.NioSocketChannel.doFinishConnect(NioSocketChannel.java:325)
	at io.netty.channel.nio.AbstractNioChannel$AbstractNioUnsafe.finishConnect(AbstractNioChannel.java:340)
	at io.netty.channel.nio.NioEventLoop.processSelectedKey(NioEventLoop.java:633)
	at io.netty.channel.nio.NioEventLoop.processSelectedKeysOptimized(NioEventLoop.java:580)
	at io.netty.channel.nio.NioEventLoop.processSelectedKeys(NioEventLoop.java:497)
	at io.netty.channel.nio.NioEventLoop.run(NioEventLoop.java:459)
	at io.netty.util.concurrent.SingleThreadEventExecutor$5.run(SingleThreadEventExecutor.java:886)
	at io.netty.util.concurrent.FastThreadLocalRunnable.run(FastThreadLocalRunnable.java:30)
	at java.lang.Thread.run(Thread.java:748)
Caused by: java.net.ConnectException: Connection refused
	... 11 more
SemanticRepositoryQuery: Error: Connection refused: localhost/127.0.0.1:7200
HttpClientHelper.java: Received an error for request 0: io.netty.channel.AbstractChannel$AnnotatedConnectException: Connection refused: localhost/127.0.0.1:7200
io.netty.channel.AbstractChannel$AnnotatedConnectException: Connection refused: localhost/127.0.0.1:7200
	at sun.nio.ch.SocketChannelImpl.checkConnect(Native Method)
	at sun.nio.ch.SocketChannelImpl.finishConnect(SocketChannelImpl.java:717)
	at io.netty.channel.socket.nio.NioSocketChannel.doFinishConnect(NioSocketChannel.java:325)
	at io.netty.channel.nio.AbstractNioChannel$AbstractNioUnsafe.finishConnect(AbstractNioChannel.java:340)
	at io.netty.channel.nio.NioEventLoop.processSelectedKey(NioEventLoop.java:633)
	at io.netty.channel.nio.NioEventLoop.processSelectedKeysOptimized(NioEventLoop.java:580)
	at io.netty.channel.nio.NioEventLoop.processSelectedKeys(NioEventLoop.java:497)
	at io.netty.channel.nio.NioEventLoop.run(NioEventLoop.java:459)
	at io.netty.util.concurrent.SingleThreadEventExecutor$5.run(SingleThreadEventExecutor.java:886)
	at io.netty.util.concurrent.FastThreadLocalRunnable.run(FastThreadLocalRunnable.java:30)
	at java.lang.Thread.run(Thread.java:748)
Caused by: java.net.ConnectException: Connection refused
	... 11 more
SemanticRepositoryUpdate: Error: Connection refused: localhost/127.0.0.1:7200
HttpClientHelper.java: Received an error for request 0: io.netty.channel.AbstractChannel$AnnotatedConnectException: Connection refused: localhost/127.0.0.1:7200
io.netty.channel.AbstractChannel$AnnotatedConnectException: Connection refused: localhost/127.0.0.1:7200
	at sun.nio.ch.SocketChannelImpl.checkConnect(Native Method)
	at sun.nio.ch.SocketChannelImpl.finishConnect(SocketChannelImpl.java:717)
	at io.netty.channel.socket.nio.NioSocketChannel.doFinishConnect(NioSocketChannel.java:325)
	at io.netty.channel.nio.AbstractNioChannel$AbstractNioUnsafe.finishConnect(AbstractNioChannel.java:340)
	at io.netty.channel.nio.NioEventLoop.processSelectedKey(NioEventLoop.java:633)
	at io.netty.channel.nio.NioEventLoop.processSelectedKeysOptimized(NioEventLoop.java:580)
	at io.netty.channel.nio.NioEventLoop.processSelectedKeys(NioEventLoop.java:497)
	at io.netty.channel.nio.NioEventLoop.run(NioEventLoop.java:459)
	at io.netty.util.concurrent.SingleThreadEventExecutor$5.run(SingleThreadEventExecutor.java:886)
	at io.netty.util.concurrent.FastThreadLocalRunnable.run(FastThreadLocalRunnable.java:30)
	at java.lang.Thread.run(Thread.java:748)
Caused by: java.net.ConnectException: Connection refused
	... 11 more
SemanticRepositoryQuery: Error: Connection refused: localhost/127.0.0.1:7200
HttpClientHelper.java: Received an error for request 0: io.netty.channel.AbstractChannel$AnnotatedConnectException: Connection refused: localhost/127.0.0.1:7200
io.netty.channel.AbstractChannel$AnnotatedConnectException: Connection refused: localhost/127.0.0.1:7200
	at sun.nio.ch.SocketChannelImpl.checkConnect(Native Method)
	at sun.nio.ch.SocketChannelImpl.finishConnect(SocketChannelImpl.java:717)
	at io.netty.channel.socket.nio.NioSocketChannel.doFinishConnect(NioSocketChannel.java:325)
	at io.netty.channel.nio.AbstractNioChannel$AbstractNioUnsafe.finishConnect(AbstractNioChannel.java:340)
	at io.netty.channel.nio.NioEventLoop.processSelectedKey(NioEventLoop.java:633)
	at io.netty.channel.nio.NioEventLoop.processSelectedKeysOptimized(NioEventLoop.java:580)
	at io.netty.channel.nio.NioEventLoop.processSelectedKeys(NioEventLoop.java:497)
	at io.netty.channel.nio.NioEventLoop.run(NioEventLoop.java:459)
	at io.netty.util.concurrent.SingleThreadEventExecutor$5.run(SingleThreadEventExecutor.java:886)
	at io.netty.util.concurrent.FastThreadLocalRunnable.run(FastThreadLocalRunnable.java:30)
	at java.lang.Thread.run(Thread.java:748)
Caused by: java.net.ConnectException: Connection refused
	... 11 more
SemanticRepositoryQuery: Error: Connection refused: localhost/127.0.0.1:7200
HttpClientHelper.java: Received an error for request 0: io.netty.channel.AbstractChannel$AnnotatedConnectException: Connection refused: localhost/127.0.0.1:7200
io.netty.channel.AbstractChannel$AnnotatedConnectException: Connection refused: localhost/127.0.0.1:7200
	at sun.nio.ch.SocketChannelImpl.checkConnect(Native Method)
	at sun.nio.ch.SocketChannelImpl.finishConnect(SocketChannelImpl.java:717)
	at io.netty.channel.socket.nio.NioSocketChannel.doFinishConnect(NioSocketChannel.java:325)
	at io.netty.channel.nio.AbstractNioChannel$AbstractNioUnsafe.finishConnect(AbstractNioChannel.java:340)
	at io.netty.channel.nio.NioEventLoop.processSelectedKey(NioEventLoop.java:633)
	at io.netty.channel.nio.NioEventLoop.processSelectedKeysOptimized(NioEventLoop.java:580)
	at io.netty.channel.nio.NioEventLoop.processSelectedKeys(NioEventLoop.java:497)
	at io.netty.channel.nio.NioEventLoop.run(NioEventLoop.java:459)
	at io.netty.util.concurrent.SingleThreadEventExecutor$5.run(SingleThreadEventExecutor.java:886)
	at io.netty.util.concurrent.FastThreadLocalRunnable.run(FastThreadLocalRunnable.java:30)
	at java.lang.Thread.run(Thread.java:748)
Caused by: java.net.ConnectException: Connection refused
	... 11 more
SemanticRepositoryQuery: Error: Connection refused: localhost/127.0.0.1:7200
HttpClientHelper.java: Received an error for request 0: io.netty.channel.AbstractChannel$AnnotatedConnectException: Connection refused: localhost/127.0.0.1:7200
io.netty.channel.AbstractChannel$AnnotatedConnectException: Connection refused: localhost/127.0.0.1:7200
	at sun.nio.ch.SocketChannelImpl.checkConnect(Native Method)
	at sun.nio.ch.SocketChannelImpl.finishConnect(SocketChannelImpl.java:717)
	at io.netty.channel.socket.nio.NioSocketChannel.doFinishConnect(NioSocketChannel.java:325)
	at io.netty.channel.nio.AbstractNioChannel$AbstractNioUnsafe.finishConnect(AbstractNioChannel.java:340)
	at io.netty.channel.nio.NioEventLoop.processSelectedKey(NioEventLoop.java:633)
	at io.netty.channel.nio.NioEventLoop.processSelectedKeysOptimized(NioEventLoop.java:580)
	at io.netty.channel.nio.NioEventLoop.processSelectedKeys(NioEventLoop.java:497)
	at io.netty.channel.nio.NioEventLoop.run(NioEventLoop.java:459)
	at io.netty.util.concurrent.SingleThreadEventExecutor$5.run(SingleThreadEventExecutor.java:886)
	at io.netty.util.concurrent.FastThreadLocalRunnable.run(FastThreadLocalRunnable.java:30)
	at java.lang.Thread.run(Thread.java:748)
Caused by: java.net.ConnectException: Connection refused
	... 11 more
HttpClientHelper.java: Received an error for request 0: io.netty.channel.AbstractChannel$AnnotatedConnectException: Connection refused: localhost/127.0.0.1:7200
io.netty.channel.AbstractChannel$AnnotatedConnectException: Connection refused: localhost/127.0.0.1:7200
	at sun.nio.ch.SocketChannelImpl.checkConnect(Native Method)
	at sun.nio.ch.SocketChannelImpl.finishConnect(SocketChannelImpl.java:717)
	at io.netty.channel.socket.nio.NioSocketChannel.doFinishConnect(NioSocketChannel.java:325)
	at io.netty.channel.nio.AbstractNioChannel$AbstractNioUnsafe.finishConnect(AbstractNioChannel.java:340)
	at io.netty.channel.nio.NioEventLoop.processSelectedKey(NioEventLoop.java:633)
	at io.netty.channel.nio.NioEventLoop.processSelectedKeysOptimized(NioEventLoop.java:580)
	at io.netty.channel.nio.NioEventLoop.processSelectedKeys(NioEventLoop.java:497)
	at io.netty.channel.nio.NioEventLoop.run(NioEventLoop.java:459)
	at io.netty.util.concurrent.SingleThreadEventExecutor$5.run(SingleThreadEventExecutor.java:886)
	at io.netty.util.concurrent.FastThreadLocalRunnable.run(FastThreadLocalRunnable.java:30)
	at java.lang.Thread.run(Thread.java:748)
Caused by: java.net.ConnectException: Connection refused
	... 11 more
SemanticRepositoryQuery: Error: Connection refused: localhost/127.0.0.1:7200
SemanticRepositoryUpdate: Error: Connection refused: localhost/127.0.0.1:7200
HttpClientHelper.java: Received an error for request 0: io.netty.channel.AbstractChannel$AnnotatedConnectException: Connection refused: localhost/127.0.0.1:7200
io.netty.channel.AbstractChannel$AnnotatedConnectException: Connection refused: localhost/127.0.0.1:7200
	at sun.nio.ch.SocketChannelImpl.checkConnect(Native Method)
	at sun.nio.ch.SocketChannelImpl.finishConnect(SocketChannelImpl.java:717)
	at io.netty.channel.socket.nio.NioSocketChannel.doFinishConnect(NioSocketChannel.java:325)
	at io.netty.channel.nio.AbstractNioChannel$AbstractNioUnsafe.finishConnect(AbstractNioChannel.java:340)
	at io.netty.channel.nio.NioEventLoop.processSelectedKey(NioEventLoop.java:633)
	at io.netty.channel.nio.NioEventLoop.processSelectedKeysOptimized(NioEventLoop.java:580)
	at io.netty.channel.nio.NioEventLoop.processSelectedKeys(NioEventLoop.java:497)
	at io.netty.channel.nio.NioEventLoop.run(NioEventLoop.java:459)
	at io.netty.util.concurrent.SingleThreadEventExecutor$5.run(SingleThreadEventExecutor.java:886)
	at io.netty.util.concurrent.FastThreadLocalRunnable.run(FastThreadLocalRunnable.java:30)
	at java.lang.Thread.run(Thread.java:748)
Caused by: java.net.ConnectException: Connection refused
	... 11 more
SemanticRepositoryQuery: Error: Connection refused: localhost/127.0.0.1:7200
HttpClientHelper.java: Received an error for request 0: io.netty.channel.AbstractChannel$AnnotatedConnectException: Connection refused: localhost/127.0.0.1:7200
io.netty.channel.AbstractChannel$AnnotatedConnectException: Connection refused: localhost/127.0.0.1:7200
	at sun.nio.ch.SocketChannelImpl.checkConnect(Native Method)
	at sun.nio.ch.SocketChannelImpl.finishConnect(SocketChannelImpl.java:717)
	at io.netty.channel.socket.nio.NioSocketChannel.doFinishConnect(NioSocketChannel.java:325)
	at io.netty.channel.nio.AbstractNioChannel$AbstractNioUnsafe.finishConnect(AbstractNioChannel.java:340)
	at io.netty.channel.nio.NioEventLoop.processSelectedKey(NioEventLoop.java:633)
	at io.netty.channel.nio.NioEventLoop.processSelectedKeysOptimized(NioEventLoop.java:580)
	at io.netty.channel.nio.NioEventLoop.processSelectedKeys(NioEventLoop.java:497)
	at io.netty.channel.nio.NioEventLoop.run(NioEventLoop.java:459)
	at io.netty.util.concurrent.SingleThreadEventExecutor$5.run(SingleThreadEventExecutor.java:886)
	at io.netty.util.concurrent.FastThreadLocalRunnable.run(FastThreadLocalRunnable.java:30)
	at java.lang.Thread.run(Thread.java:748)
Caused by: java.net.ConnectException: Connection refused
	... 11 more
SemanticRepositoryQuery: Error: Connection refused: localhost/127.0.0.1:7200
HttpClientHelper.java: Received an error for request 0: io.netty.channel.AbstractChannel$AnnotatedConnectException: Connection refused: localhost/127.0.0.1:7200
io.netty.channel.AbstractChannel$AnnotatedConnectException: Connection refused: localhost/127.0.0.1:7200
	at sun.nio.ch.SocketChannelImpl.checkConnect(Native Method)
	at sun.nio.ch.SocketChannelImpl.finishConnect(SocketChannelImpl.java:717)
	at io.netty.channel.socket.nio.NioSocketChannel.doFinishConnect(NioSocketChannel.java:325)
	at io.netty.channel.nio.AbstractNioChannel$AbstractNioUnsafe.finishConnect(AbstractNioChannel.java:340)
	at io.netty.channel.nio.NioEventLoop.processSelectedKey(NioEventLoop.java:633)
	at io.netty.channel.nio.NioEventLoop.processSelectedKeysOptimized(NioEventLoop.java:580)
	at io.netty.channel.nio.NioEventLoop.processSelectedKeys(NioEventLoop.java:497)
	at io.netty.channel.nio.NioEventLoop.run(NioEventLoop.java:459)
	at io.netty.util.concurrent.SingleThreadEventExecutor$5.run(SingleThreadEventExecutor.java:886)
	at io.netty.util.concurrent.FastThreadLocalRunnable.run(FastThreadLocalRunnable.java:30)
	at java.lang.Thread.run(Thread.java:748)
Caused by: java.net.ConnectException: Connection refused
	... 11 more
SemanticRepositoryQuery: Error: Connection refused: localhost/127.0.0.1:7200
HttpClientHelper.java: Received an error for request 0: io.netty.channel.AbstractChannel$AnnotatedConnectException: Connection refused: localhost/127.0.0.1:7200
io.netty.channel.AbstractChannel$AnnotatedConnectException: Connection refused: localhost/127.0.0.1:7200
	at sun.nio.ch.SocketChannelImpl.checkConnect(Native Method)
	at sun.nio.ch.SocketChannelImpl.finishConnect(SocketChannelImpl.java:717)
	at io.netty.channel.socket.nio.NioSocketChannel.doFinishConnect(NioSocketChannel.java:325)
	at io.netty.channel.nio.AbstractNioChannel$AbstractNioUnsafe.finishConnect(AbstractNioChannel.java:340)
	at io.netty.channel.nio.NioEventLoop.processSelectedKey(NioEventLoop.java:633)
	at io.netty.channel.nio.NioEventLoop.processSelectedKeysOptimized(NioEventLoop.java:580)
	at io.netty.channel.nio.NioEventLoop.processSelectedKeys(NioEventLoop.java:497)
	at io.netty.channel.nio.NioEventLoop.run(NioEventLoop.java:459)
	at io.netty.util.concurrent.SingleThreadEventExecutor$5.run(SingleThreadEventExecutor.java:886)
	at io.netty.util.concurrent.FastThreadLocalRunnable.run(FastThreadLocalRunnable.java:30)
	at java.lang.Thread.run(Thread.java:748)
Caused by: java.net.ConnectException: Connection refused
	... 11 more
SemanticRepositoryUpdate: Error: Connection refused: localhost/127.0.0.1:7200
HttpClientHelper.java: Received an error for request 0: io.netty.channel.AbstractChannel$AnnotatedConnectException: Connection refused: localhost/127.0.0.1:7200
io.netty.channel.AbstractChannel$AnnotatedConnectException: Connection refused: localhost/127.0.0.1:7200
	at sun.nio.ch.SocketChannelImpl.checkConnect(Native Method)
	at sun.nio.ch.SocketChannelImpl.finishConnect(SocketChannelImpl.java:717)
	at io.netty.channel.socket.nio.NioSocketChannel.doFinishConnect(NioSocketChannel.java:325)
	at io.netty.channel.nio.AbstractNioChannel$AbstractNioUnsafe.finishConnect(AbstractNioChannel.java:340)
	at io.netty.channel.nio.NioEventLoop.processSelectedKey(NioEventLoop.java:633)
	at io.netty.channel.nio.NioEventLoop.processSelectedKeysOptimized(NioEventLoop.java:580)
	at io.netty.channel.nio.NioEventLoop.processSelectedKeys(NioEventLoop.java:497)
	at io.netty.channel.nio.NioEventLoop.run(NioEventLoop.java:459)
	at io.netty.util.concurrent.SingleThreadEventExecutor$5.run(SingleThreadEventExecutor.java:886)
	at io.netty.util.concurrent.FastThreadLocalRunnable.run(FastThreadLocalRunnable.java:30)
	at java.lang.Thread.run(Thread.java:748)
Caused by: java.net.ConnectException: Connection refused
	... 11 more
SemanticRepositoryQuery: Error: Connection refused: localhost/127.0.0.1:7200
HttpClientHelper.java: Received an error for request 0: io.netty.channel.AbstractChannel$AnnotatedConnectException: Connection refused: localhost/127.0.0.1:7200
io.netty.channel.AbstractChannel$AnnotatedConnectException: Connection refused: localhost/127.0.0.1:7200
	at sun.nio.ch.SocketChannelImpl.checkConnect(Native Method)
	at sun.nio.ch.SocketChannelImpl.finishConnect(SocketChannelImpl.java:717)
	at io.netty.channel.socket.nio.NioSocketChannel.doFinishConnect(NioSocketChannel.java:325)
	at io.netty.channel.nio.AbstractNioChannel$AbstractNioUnsafe.finishConnect(AbstractNioChannel.java:340)
	at io.netty.channel.nio.NioEventLoop.processSelectedKey(NioEventLoop.java:633)
	at io.netty.channel.nio.NioEventLoop.processSelectedKeysOptimized(NioEventLoop.java:580)
	at io.netty.channel.nio.NioEventLoop.processSelectedKeys(NioEventLoop.java:497)
	at io.netty.channel.nio.NioEventLoop.run(NioEventLoop.java:459)
	at io.netty.util.concurrent.SingleThreadEventExecutor$5.run(SingleThreadEventExecutor.java:886)
	at io.netty.util.concurrent.FastThreadLocalRunnable.run(FastThreadLocalRunnable.java:30)
	at java.lang.Thread.run(Thread.java:748)
Caused by: java.net.ConnectException: Connection refused
	... 11 more
SemanticRepositoryQuery: Error: Connection refused: localhost/127.0.0.1:7200
HttpClientHelper.java: Received an error for request 0: io.netty.channel.AbstractChannel$AnnotatedConnectException: Connection refused: localhost/127.0.0.1:7200
io.netty.channel.AbstractChannel$AnnotatedConnectException: Connection refused: localhost/127.0.0.1:7200
	at sun.nio.ch.SocketChannelImpl.checkConnect(Native Method)
	at sun.nio.ch.SocketChannelImpl.finishConnect(SocketChannelImpl.java:717)
	at io.netty.channel.socket.nio.NioSocketChannel.doFinishConnect(NioSocketChannel.java:325)
	at io.netty.channel.nio.AbstractNioChannel$AbstractNioUnsafe.finishConnect(AbstractNioChannel.java:340)
	at io.netty.channel.nio.NioEventLoop.processSelectedKey(NioEventLoop.java:633)
	at io.netty.channel.nio.NioEventLoop.processSelectedKeysOptimized(NioEventLoop.java:580)
	at io.netty.channel.nio.NioEventLoop.processSelectedKeys(NioEventLoop.java:497)
	at io.netty.channel.nio.NioEventLoop.run(NioEventLoop.java:459)
	at io.netty.util.concurrent.SingleThreadEventExecutor$5.run(SingleThreadEventExecutor.java:886)
	at io.netty.util.concurrent.FastThreadLocalRunnable.run(FastThreadLocalRunnable.java:30)
	at java.lang.Thread.run(Thread.java:748)
Caused by: java.net.ConnectException: Connection refused
	... 11 more
SemanticRepositoryQuery: Error: Connection refused: localhost/127.0.0.1:7200
HttpClientHelper.java: Received an error for request 0: io.netty.channel.AbstractChannel$AnnotatedConnectException: Connection refused: localhost/127.0.0.1:7200
io.netty.channel.AbstractChannel$AnnotatedConnectException: Connection refused: localhost/127.0.0.1:7200
	at sun.nio.ch.SocketChannelImpl.checkConnect(Native Method)
	at sun.nio.ch.SocketChannelImpl.finishConnect(SocketChannelImpl.java:717)
	at io.netty.channel.socket.nio.NioSocketChannel.doFinishConnect(NioSocketChannel.java:325)
	at io.netty.channel.nio.AbstractNioChannel$AbstractNioUnsafe.finishConnect(AbstractNioChannel.java:340)
	at io.netty.channel.nio.NioEventLoop.processSelectedKey(NioEventLoop.java:633)
	at io.netty.channel.nio.NioEventLoop.processSelectedKeysOptimized(NioEventLoop.java:580)
	at io.netty.channel.nio.NioEventLoop.processSelectedKeys(NioEventLoop.java:497)
	at io.netty.channel.nio.NioEventLoop.run(NioEventLoop.java:459)
	at io.netty.util.concurrent.SingleThreadEventExecutor$5.run(SingleThreadEventExecutor.java:886)
	at io.netty.util.concurrent.FastThreadLocalRunnable.run(FastThreadLocalRunnable.java:30)
	at java.lang.Thread.run(Thread.java:748)
Caused by: java.net.ConnectException: Connection refused
	... 11 more
SemanticRepositoryUpdate: Error: Connection refused: localhost/127.0.0.1:7200
HttpClientHelper.java: Received an error for request 0: io.netty.channel.AbstractChannel$AnnotatedConnectException: Connection refused: localhost/127.0.0.1:7200
io.netty.channel.AbstractChannel$AnnotatedConnectException: Connection refused: localhost/127.0.0.1:7200
	at sun.nio.ch.SocketChannelImpl.checkConnect(Native Method)
	at sun.nio.ch.SocketChannelImpl.finishConnect(SocketChannelImpl.java:717)
	at io.netty.channel.socket.nio.NioSocketChannel.doFinishConnect(NioSocketChannel.java:325)
	at io.netty.channel.nio.AbstractNioChannel$AbstractNioUnsafe.finishConnect(AbstractNioChannel.java:340)
	at io.netty.channel.nio.NioEventLoop.processSelectedKey(NioEventLoop.java:633)
	at io.netty.channel.nio.NioEventLoop.processSelectedKeysOptimized(NioEventLoop.java:580)
	at io.netty.channel.nio.NioEventLoop.processSelectedKeys(NioEventLoop.java:497)
	at io.netty.channel.nio.NioEventLoop.run(NioEventLoop.java:459)
	at io.netty.util.concurrent.SingleThreadEventExecutor$5.run(SingleThreadEventExecutor.java:886)
	at io.netty.util.concurrent.FastThreadLocalRunnable.run(FastThreadLocalRunnable.java:30)
	at java.lang.Thread.run(Thread.java:748)
Caused by: java.net.ConnectException: Connection refused
	... 11 more
SemanticRepositoryQuery: Error: Connection refused: localhost/127.0.0.1:7200
HttpClientHelper.java: Received an error for request 0: io.netty.channel.AbstractChannel$AnnotatedConnectException: Connection refused: localhost/127.0.0.1:7200
io.netty.channel.AbstractChannel$AnnotatedConnectException: Connection refused: localhost/127.0.0.1:7200
	at sun.nio.ch.SocketChannelImpl.checkConnect(Native Method)
	at sun.nio.ch.SocketChannelImpl.finishConnect(SocketChannelImpl.java:717)
	at io.netty.channel.socket.nio.NioSocketChannel.doFinishConnect(NioSocketChannel.java:325)
	at io.netty.channel.nio.AbstractNioChannel$AbstractNioUnsafe.finishConnect(AbstractNioChannel.java:340)
	at io.netty.channel.nio.NioEventLoop.processSelectedKey(NioEventLoop.java:633)
	at io.netty.channel.nio.NioEventLoop.processSelectedKeysOptimized(NioEventLoop.java:580)
	at io.netty.channel.nio.NioEventLoop.processSelectedKeys(NioEventLoop.java:497)
	at io.netty.channel.nio.NioEventLoop.run(NioEventLoop.java:459)
	at io.netty.util.concurrent.SingleThreadEventExecutor$5.run(SingleThreadEventExecutor.java:886)
	at io.netty.util.concurrent.FastThreadLocalRunnable.run(FastThreadLocalRunnable.java:30)
	at java.lang.Thread.run(Thread.java:748)
Caused by: java.net.ConnectException: Connection refused
	... 11 more
SemanticRepositoryQuery: Error: Connection refused: localhost/127.0.0.1:7200
HttpClientHelper.java: Received an error for request 0: io.netty.channel.AbstractChannel$AnnotatedConnectException: Connection refused: localhost/127.0.0.1:7200
io.netty.channel.AbstractChannel$AnnotatedConnectException: Connection refused: localhost/127.0.0.1:7200
	at sun.nio.ch.SocketChannelImpl.checkConnect(Native Method)
	at sun.nio.ch.SocketChannelImpl.finishConnect(SocketChannelImpl.java:717)
	at io.netty.channel.socket.nio.NioSocketChannel.doFinishConnect(NioSocketChannel.java:325)
	at io.netty.channel.nio.AbstractNioChannel$AbstractNioUnsafe.finishConnect(AbstractNioChannel.java:340)
	at io.netty.channel.nio.NioEventLoop.processSelectedKey(NioEventLoop.java:633)
	at io.netty.channel.nio.NioEventLoop.processSelectedKeysOptimized(NioEventLoop.java:580)
	at io.netty.channel.nio.NioEventLoop.processSelectedKeys(NioEventLoop.java:497)
	at io.netty.channel.nio.NioEventLoop.run(NioEventLoop.java:459)
	at io.netty.util.concurrent.SingleThreadEventExecutor$5.run(SingleThreadEventExecutor.java:886)
	at io.netty.util.concurrent.FastThreadLocalRunnable.run(FastThreadLocalRunnable.java:30)
	at java.lang.Thread.run(Thread.java:748)
Caused by: java.net.ConnectException: Connection refused
	... 11 more
SemanticRepositoryQuery: Error: Connection refused: localhost/127.0.0.1:7200
HttpClientHelper.java: Received an error for request 0: io.netty.channel.AbstractChannel$AnnotatedConnectException: Connection refused: localhost/127.0.0.1:7200
io.netty.channel.AbstractChannel$AnnotatedConnectException: Connection refused: localhost/127.0.0.1:7200
	at sun.nio.ch.SocketChannelImpl.checkConnect(Native Method)
	at sun.nio.ch.SocketChannelImpl.finishConnect(SocketChannelImpl.java:717)
	at io.netty.channel.socket.nio.NioSocketChannel.doFinishConnect(NioSocketChannel.java:325)
	at io.netty.channel.nio.AbstractNioChannel$AbstractNioUnsafe.finishConnect(AbstractNioChannel.java:340)
	at io.netty.channel.nio.NioEventLoop.processSelectedKey(NioEventLoop.java:633)
	at io.netty.channel.nio.NioEventLoop.processSelectedKeysOptimized(NioEventLoop.java:580)
	at io.netty.channel.nio.NioEventLoop.processSelectedKeys(NioEventLoop.java:497)
	at io.netty.channel.nio.NioEventLoop.run(NioEventLoop.java:459)
	at io.netty.util.concurrent.SingleThreadEventExecutor$5.run(SingleThreadEventExecutor.java:886)
	at io.netty.util.concurrent.FastThreadLocalRunnable.run(FastThreadLocalRunnable.java:30)
	at java.lang.Thread.run(Thread.java:748)
Caused by: java.net.ConnectException: Connection refused
	... 11 more
SemanticRepositoryQuery: Error: Connection refused: localhost/127.0.0.1:7200
HttpClientHelper.java: Received an error for request 0: io.netty.channel.AbstractChannel$AnnotatedConnectException: Connection refused: localhost/127.0.0.1:7200
io.netty.channel.AbstractChannel$AnnotatedConnectException: Connection refused: localhost/127.0.0.1:7200
	at sun.nio.ch.SocketChannelImpl.checkConnect(Native Method)
	at sun.nio.ch.SocketChannelImpl.finishConnect(SocketChannelImpl.java:717)
	at io.netty.channel.socket.nio.NioSocketChannel.doFinishConnect(NioSocketChannel.java:325)
	at io.netty.channel.nio.AbstractNioChannel$AbstractNioUnsafe.finishConnect(AbstractNioChannel.java:340)
	at io.netty.channel.nio.NioEventLoop.processSelectedKey(NioEventLoop.java:633)
	at io.netty.channel.nio.NioEventLoop.processSelectedKeysOptimized(NioEventLoop.java:580)
	at io.netty.channel.nio.NioEventLoop.processSelectedKeys(NioEventLoop.java:497)
	at io.netty.channel.nio.NioEventLoop.run(NioEventLoop.java:459)
	at io.netty.util.concurrent.SingleThreadEventExecutor$5.run(SingleThreadEventExecutor.java:886)
	at io.netty.util.concurrent.FastThreadLocalRunnable.run(FastThreadLocalRunnable.java:30)
	at java.lang.Thread.run(Thread.java:748)
Caused by: java.net.ConnectException: Connection refused
	... 11 more
SemanticRepositoryUpdate: Error: Connection refused: localhost/127.0.0.1:7200
HttpClientHelper.java: Received an error for request 0: io.netty.channel.AbstractChannel$AnnotatedConnectException: Connection refused: localhost/127.0.0.1:7200
io.netty.channel.AbstractChannel$AnnotatedConnectException: Connection refused: localhost/127.0.0.1:7200
	at sun.nio.ch.SocketChannelImpl.checkConnect(Native Method)
	at sun.nio.ch.SocketChannelImpl.finishConnect(SocketChannelImpl.java:717)
	at io.netty.channel.socket.nio.NioSocketChannel.doFinishConnect(NioSocketChannel.java:325)
	at io.netty.channel.nio.AbstractNioChannel$AbstractNioUnsafe.finishConnect(AbstractNioChannel.java:340)
	at io.netty.channel.nio.NioEventLoop.processSelectedKey(NioEventLoop.java:633)
	at io.netty.channel.nio.NioEventLoop.processSelectedKeysOptimized(NioEventLoop.java:580)
	at io.netty.channel.nio.NioEventLoop.processSelectedKeys(NioEventLoop.java:497)
	at io.netty.channel.nio.NioEventLoop.run(NioEventLoop.java:459)
	at io.netty.util.concurrent.SingleThreadEventExecutor$5.run(SingleThreadEventExecutor.java:886)
	at io.netty.util.concurrent.FastThreadLocalRunnable.run(FastThreadLocalRunnable.java:30)
	at java.lang.Thread.run(Thread.java:748)
Caused by: java.net.ConnectException: Connection refused
	... 11 more
SemanticRepositoryQuery: Error: Connection refused: localhost/127.0.0.1:7200
HttpClientHelper.java: Received an error for request 0: io.netty.channel.AbstractChannel$AnnotatedConnectException: Connection refused: localhost/127.0.0.1:7200
io.netty.channel.AbstractChannel$AnnotatedConnectException: Connection refused: localhost/127.0.0.1:7200
	at sun.nio.ch.SocketChannelImpl.checkConnect(Native Method)
	at sun.nio.ch.SocketChannelImpl.finishConnect(SocketChannelImpl.java:717)
	at io.netty.channel.socket.nio.NioSocketChannel.doFinishConnect(NioSocketChannel.java:325)
	at io.netty.channel.nio.AbstractNioChannel$AbstractNioUnsafe.finishConnect(AbstractNioChannel.java:340)
	at io.netty.channel.nio.NioEventLoop.processSelectedKey(NioEventLoop.java:633)
	at io.netty.channel.nio.NioEventLoop.processSelectedKeysOptimized(NioEventLoop.java:580)
	at io.netty.channel.nio.NioEventLoop.processSelectedKeys(NioEventLoop.java:497)
	at io.netty.channel.nio.NioEventLoop.run(NioEventLoop.java:459)
	at io.netty.util.concurrent.SingleThreadEventExecutor$5.run(SingleThreadEventExecutor.java:886)
	at io.netty.util.concurrent.FastThreadLocalRunnable.run(FastThreadLocalRunnable.java:30)
	at java.lang.Thread.run(Thread.java:748)
Caused by: java.net.ConnectException: Connection refused
	... 11 more
SemanticRepositoryQuery: Error: Connection refused: localhost/127.0.0.1:7200
HttpClientHelper.java: Received an error for request 0: io.netty.channel.AbstractChannel$AnnotatedConnectException: Connection refused: localhost/127.0.0.1:7200
io.netty.channel.AbstractChannel$AnnotatedConnectException: Connection refused: localhost/127.0.0.1:7200
	at sun.nio.ch.SocketChannelImpl.checkConnect(Native Method)
	at sun.nio.ch.SocketChannelImpl.finishConnect(SocketChannelImpl.java:717)
	at io.netty.channel.socket.nio.NioSocketChannel.doFinishConnect(NioSocketChannel.java:325)
	at io.netty.channel.nio.AbstractNioChannel$AbstractNioUnsafe.finishConnect(AbstractNioChannel.java:340)
	at io.netty.channel.nio.NioEventLoop.processSelectedKey(NioEventLoop.java:633)
	at io.netty.channel.nio.NioEventLoop.processSelectedKeysOptimized(NioEventLoop.java:580)
	at io.netty.channel.nio.NioEventLoop.processSelectedKeys(NioEventLoop.java:497)
	at io.netty.channel.nio.NioEventLoop.run(NioEventLoop.java:459)
	at io.netty.util.concurrent.SingleThreadEventExecutor$5.run(SingleThreadEventExecutor.java:886)
	at io.netty.util.concurrent.FastThreadLocalRunnable.run(FastThreadLocalRunnable.java:30)
	at java.lang.Thread.run(Thread.java:748)
Caused by: java.net.ConnectException: Connection refused
	... 11 more
SemanticRepositoryQuery: Error: Connection refused: localhost/127.0.0.1:7200
HttpClientHelper.java: Received an error for request 0: io.netty.channel.AbstractChannel$AnnotatedConnectException: Connection refused: localhost/127.0.0.1:7200
io.netty.channel.AbstractChannel$AnnotatedConnectException: Connection refused: localhost/127.0.0.1:7200
	at sun.nio.ch.SocketChannelImpl.checkConnect(Native Method)
	at sun.nio.ch.SocketChannelImpl.finishConnect(SocketChannelImpl.java:717)
	at io.netty.channel.socket.nio.NioSocketChannel.doFinishConnect(NioSocketChannel.java:325)
	at io.netty.channel.nio.AbstractNioChannel$AbstractNioUnsafe.finishConnect(AbstractNioChannel.java:340)
	at io.netty.channel.nio.NioEventLoop.processSelectedKey(NioEventLoop.java:633)
	at io.netty.channel.nio.NioEventLoop.processSelectedKeysOptimized(NioEventLoop.java:580)
	at io.netty.channel.nio.NioEventLoop.processSelectedKeys(NioEventLoop.java:497)
	at io.netty.channel.nio.NioEventLoop.run(NioEventLoop.java:459)
	at io.netty.util.concurrent.SingleThreadEventExecutor$5.run(SingleThreadEventExecutor.java:886)
	at io.netty.util.concurrent.FastThreadLocalRunnable.run(FastThreadLocalRunnable.java:30)
	at java.lang.Thread.run(Thread.java:748)
Caused by: java.net.ConnectException: Connection refused
	... 11 more
SemanticRepositoryUpdate: Error: Connection refused: localhost/127.0.0.1:7200
HttpClientHelper.java: Received an error for request 0: io.netty.channel.AbstractChannel$AnnotatedConnectException: Connection refused: localhost/127.0.0.1:7200
io.netty.channel.AbstractChannel$AnnotatedConnectException: Connection refused: localhost/127.0.0.1:7200
	at sun.nio.ch.SocketChannelImpl.checkConnect(Native Method)
	at sun.nio.ch.SocketChannelImpl.finishConnect(SocketChannelImpl.java:717)
	at io.netty.channel.socket.nio.NioSocketChannel.doFinishConnect(NioSocketChannel.java:325)
	at io.netty.channel.nio.AbstractNioChannel$AbstractNioUnsafe.finishConnect(AbstractNioChannel.java:340)
	at io.netty.channel.nio.NioEventLoop.processSelectedKey(NioEventLoop.java:633)
	at io.netty.channel.nio.NioEventLoop.processSelectedKeysOptimized(NioEventLoop.java:580)
	at io.netty.channel.nio.NioEventLoop.processSelectedKeys(NioEventLoop.java:497)
	at io.netty.channel.nio.NioEventLoop.run(NioEventLoop.java:459)
	at io.netty.util.concurrent.SingleThreadEventExecutor$5.run(SingleThreadEventExecutor.java:886)
	at io.netty.util.concurrent.FastThreadLocalRunnable.run(FastThreadLocalRunnable.java:30)
	at java.lang.Thread.run(Thread.java:748)
Caused by: java.net.ConnectException: Connection refused
	... 11 more
SemanticRepositoryQuery: Error: Connection refused: localhost/127.0.0.1:7200
HttpClientHelper.java: Received an error for request 0: io.netty.channel.AbstractChannel$AnnotatedConnectException: Connection refused: localhost/127.0.0.1:7200
io.netty.channel.AbstractChannel$AnnotatedConnectException: Connection refused: localhost/127.0.0.1:7200
	at sun.nio.ch.SocketChannelImpl.checkConnect(Native Method)
	at sun.nio.ch.SocketChannelImpl.finishConnect(SocketChannelImpl.java:717)
	at io.netty.channel.socket.nio.NioSocketChannel.doFinishConnect(NioSocketChannel.java:325)
	at io.netty.channel.nio.AbstractNioChannel$AbstractNioUnsafe.finishConnect(AbstractNioChannel.java:340)
	at io.netty.channel.nio.NioEventLoop.processSelectedKey(NioEventLoop.java:633)
	at io.netty.channel.nio.NioEventLoop.processSelectedKeysOptimized(NioEventLoop.java:580)
	at io.netty.channel.nio.NioEventLoop.processSelectedKeys(NioEventLoop.java:497)
	at io.netty.channel.nio.NioEventLoop.run(NioEventLoop.java:459)
	at io.netty.util.concurrent.SingleThreadEventExecutor$5.run(SingleThreadEventExecutor.java:886)
	at io.netty.util.concurrent.FastThreadLocalRunnable.run(FastThreadLocalRunnable.java:30)
	at java.lang.Thread.run(Thread.java:748)
Caused by: java.net.ConnectException: Connection refused
	... 11 more
SemanticRepositoryQuery: Error: Connection refused: localhost/127.0.0.1:7200
HttpClientHelper.java: Received an error for request 0: io.netty.channel.AbstractChannel$AnnotatedConnectException: Connection refused: localhost/127.0.0.1:7200
io.netty.channel.AbstractChannel$AnnotatedConnectException: Connection refused: localhost/127.0.0.1:7200
	at sun.nio.ch.SocketChannelImpl.checkConnect(Native Method)
	at sun.nio.ch.SocketChannelImpl.finishConnect(SocketChannelImpl.java:717)
	at io.netty.channel.socket.nio.NioSocketChannel.doFinishConnect(NioSocketChannel.java:325)
	at io.netty.channel.nio.AbstractNioChannel$AbstractNioUnsafe.finishConnect(AbstractNioChannel.java:340)
	at io.netty.channel.nio.NioEventLoop.processSelectedKey(NioEventLoop.java:633)
	at io.netty.channel.nio.NioEventLoop.processSelectedKeysOptimized(NioEventLoop.java:580)
	at io.netty.channel.nio.NioEventLoop.processSelectedKeys(NioEventLoop.java:497)
	at io.netty.channel.nio.NioEventLoop.run(NioEventLoop.java:459)
	at io.netty.util.concurrent.SingleThreadEventExecutor$5.run(SingleThreadEventExecutor.java:886)
	at io.netty.util.concurrent.FastThreadLocalRunnable.run(FastThreadLocalRunnable.java:30)
	at java.lang.Thread.run(Thread.java:748)
Caused by: java.net.ConnectException: Connection refused
	... 11 more
SemanticRepositoryQuery: Error: Connection refused: localhost/127.0.0.1:7200
HttpClientHelper.java: Received an error for request 0: io.netty.channel.AbstractChannel$AnnotatedConnectException: Connection refused: localhost/127.0.0.1:7200
io.netty.channel.AbstractChannel$AnnotatedConnectException: Connection refused: localhost/127.0.0.1:7200
	at sun.nio.ch.SocketChannelImpl.checkConnect(Native Method)
	at sun.nio.ch.SocketChannelImpl.finishConnect(SocketChannelImpl.java:717)
	at io.netty.channel.socket.nio.NioSocketChannel.doFinishConnect(NioSocketChannel.java:325)
	at io.netty.channel.nio.AbstractNioChannel$AbstractNioUnsafe.finishConnect(AbstractNioChannel.java:340)
	at io.netty.channel.nio.NioEventLoop.processSelectedKey(NioEventLoop.java:633)
	at io.netty.channel.nio.NioEventLoop.processSelectedKeysOptimized(NioEventLoop.java:580)
	at io.netty.channel.nio.NioEventLoop.processSelectedKeys(NioEventLoop.java:497)
	at io.netty.channel.nio.NioEventLoop.run(NioEventLoop.java:459)
	at io.netty.util.concurrent.SingleThreadEventExecutor$5.run(SingleThreadEventExecutor.java:886)
	at io.netty.util.concurrent.FastThreadLocalRunnable.run(FastThreadLocalRunnable.java:30)
	at java.lang.Thread.run(Thread.java:748)
Caused by: java.net.ConnectException: Connection refused
	... 11 more
SemanticRepositoryUpdate: Error: Connection refused: localhost/127.0.0.1:7200
HttpClientHelper.java: Received an error for request 0: io.netty.channel.AbstractChannel$AnnotatedConnectException: Connection refused: localhost/127.0.0.1:7200
io.netty.channel.AbstractChannel$AnnotatedConnectException: Connection refused: localhost/127.0.0.1:7200
	at sun.nio.ch.SocketChannelImpl.checkConnect(Native Method)
	at sun.nio.ch.SocketChannelImpl.finishConnect(SocketChannelImpl.java:717)
	at io.netty.channel.socket.nio.NioSocketChannel.doFinishConnect(NioSocketChannel.java:325)
	at io.netty.channel.nio.AbstractNioChannel$AbstractNioUnsafe.finishConnect(AbstractNioChannel.java:340)
	at io.netty.channel.nio.NioEventLoop.processSelectedKey(NioEventLoop.java:633)
	at io.netty.channel.nio.NioEventLoop.processSelectedKeysOptimized(NioEventLoop.java:580)
	at io.netty.channel.nio.NioEventLoop.processSelectedKeys(NioEventLoop.java:497)
	at io.netty.channel.nio.NioEventLoop.run(NioEventLoop.java:459)
	at io.netty.util.concurrent.SingleThreadEventExecutor$5.run(SingleThreadEventExecutor.java:886)
	at io.netty.util.concurrent.FastThreadLocalRunnable.run(FastThreadLocalRunnable.java:30)
	at java.lang.Thread.run(Thread.java:748)
Caused by: java.net.ConnectException: Connection refused
	... 11 more
SemanticRepositoryQuery: Error: Connection refused: localhost/127.0.0.1:7200
HttpClientHelper.java: Received an error for request 0: io.netty.channel.AbstractChannel$AnnotatedConnectException: Connection refused: localhost/127.0.0.1:7200
io.netty.channel.AbstractChannel$AnnotatedConnectException: Connection refused: localhost/127.0.0.1:7200
	at sun.nio.ch.SocketChannelImpl.checkConnect(Native Method)
	at sun.nio.ch.SocketChannelImpl.finishConnect(SocketChannelImpl.java:717)
	at io.netty.channel.socket.nio.NioSocketChannel.doFinishConnect(NioSocketChannel.java:325)
	at io.netty.channel.nio.AbstractNioChannel$AbstractNioUnsafe.finishConnect(AbstractNioChannel.java:340)
	at io.netty.channel.nio.NioEventLoop.processSelectedKey(NioEventLoop.java:633)
	at io.netty.channel.nio.NioEventLoop.processSelectedKeysOptimized(NioEventLoop.java:580)
	at io.netty.channel.nio.NioEventLoop.processSelectedKeys(NioEventLoop.java:497)
	at io.netty.channel.nio.NioEventLoop.run(NioEventLoop.java:459)
	at io.netty.util.concurrent.SingleThreadEventExecutor$5.run(SingleThreadEventExecutor.java:886)
	at io.netty.util.concurrent.FastThreadLocalRunnable.run(FastThreadLocalRunnable.java:30)
	at java.lang.Thread.run(Thread.java:748)
Caused by: java.net.ConnectException: Connection refused
	... 11 more
SemanticRepositoryQuery: Error: Connection refused: localhost/127.0.0.1:7200
HttpClientHelper.java: Received an error for request 0: io.netty.channel.AbstractChannel$AnnotatedConnectException: Connection refused: localhost/127.0.0.1:7200
io.netty.channel.AbstractChannel$AnnotatedConnectException: Connection refused: localhost/127.0.0.1:7200
	at sun.nio.ch.SocketChannelImpl.checkConnect(Native Method)
	at sun.nio.ch.SocketChannelImpl.finishConnect(SocketChannelImpl.java:717)
	at io.netty.channel.socket.nio.NioSocketChannel.doFinishConnect(NioSocketChannel.java:325)
	at io.netty.channel.nio.AbstractNioChannel$AbstractNioUnsafe.finishConnect(AbstractNioChannel.java:340)
	at io.netty.channel.nio.NioEventLoop.processSelectedKey(NioEventLoop.java:633)
	at io.netty.channel.nio.NioEventLoop.processSelectedKeysOptimized(NioEventLoop.java:580)
	at io.netty.channel.nio.NioEventLoop.processSelectedKeys(NioEventLoop.java:497)
	at io.netty.channel.nio.NioEventLoop.run(NioEventLoop.java:459)
	at io.netty.util.concurrent.SingleThreadEventExecutor$5.run(SingleThreadEventExecutor.java:886)
	at io.netty.util.concurrent.FastThreadLocalRunnable.run(FastThreadLocalRunnable.java:30)
	at java.lang.Thread.run(Thread.java:748)
Caused by: java.net.ConnectException: Connection refused
	... 11 more
SemanticRepositoryQuery: Error: Connection refused: localhost/127.0.0.1:7200
HttpClientHelper.java: Received an error for request 0: io.netty.channel.AbstractChannel$AnnotatedConnectException: Connection refused: localhost/127.0.0.1:7200
io.netty.channel.AbstractChannel$AnnotatedConnectException: Connection refused: localhost/127.0.0.1:7200
	at sun.nio.ch.SocketChannelImpl.checkConnect(Native Method)
	at sun.nio.ch.SocketChannelImpl.finishConnect(SocketChannelImpl.java:717)
	at io.netty.channel.socket.nio.NioSocketChannel.doFinishConnect(NioSocketChannel.java:325)
	at io.netty.channel.nio.AbstractNioChannel$AbstractNioUnsafe.finishConnect(AbstractNioChannel.java:340)
	at io.netty.channel.nio.NioEventLoop.processSelectedKey(NioEventLoop.java:633)
	at io.netty.channel.nio.NioEventLoop.processSelectedKeysOptimized(NioEventLoop.java:580)
	at io.netty.channel.nio.NioEventLoop.processSelectedKeys(NioEventLoop.java:497)
	at io.netty.channel.nio.NioEventLoop.run(NioEventLoop.java:459)
	at io.netty.util.concurrent.SingleThreadEventExecutor$5.run(SingleThreadEventExecutor.java:886)
	at io.netty.util.concurrent.FastThreadLocalRunnable.run(FastThreadLocalRunnable.java:30)
	at java.lang.Thread.run(Thread.java:748)
Caused by: java.net.ConnectException: Connection refused
	... 11 more
SemanticRepositoryQuery: Error: Connection refused: localhost/127.0.0.1:7200
HttpClientHelper.java: Received an error for request 0: io.netty.channel.AbstractChannel$AnnotatedConnectException: Connection refused: localhost/127.0.0.1:7200
io.netty.channel.AbstractChannel$AnnotatedConnectException: Connection refused: localhost/127.0.0.1:7200
	at sun.nio.ch.SocketChannelImpl.checkConnect(Native Method)
	at sun.nio.ch.SocketChannelImpl.finishConnect(SocketChannelImpl.java:717)
	at io.netty.channel.socket.nio.NioSocketChannel.doFinishConnect(NioSocketChannel.java:325)
	at io.netty.channel.nio.AbstractNioChannel$AbstractNioUnsafe.finishConnect(AbstractNioChannel.java:340)
	at io.netty.channel.nio.NioEventLoop.processSelectedKey(NioEventLoop.java:633)
	at io.netty.channel.nio.NioEventLoop.processSelectedKeysOptimized(NioEventLoop.java:580)
	at io.netty.channel.nio.NioEventLoop.processSelectedKeys(NioEventLoop.java:497)
	at io.netty.channel.nio.NioEventLoop.run(NioEventLoop.java:459)
	at io.netty.util.concurrent.SingleThreadEventExecutor$5.run(SingleThreadEventExecutor.java:886)
	at io.netty.util.concurrent.FastThreadLocalRunnable.run(FastThreadLocalRunnable.java:30)
	at java.lang.Thread.run(Thread.java:748)
Caused by: java.net.ConnectException: Connection refused
	... 11 more
SemanticRepositoryUpdate: Error: Connection refused: localhost/127.0.0.1:7200
HttpClientHelper.java: Received an error for request 0: io.netty.channel.AbstractChannel$AnnotatedConnectException: Connection refused: localhost/127.0.0.1:7200
io.netty.channel.AbstractChannel$AnnotatedConnectException: Connection refused: localhost/127.0.0.1:7200
	at sun.nio.ch.SocketChannelImpl.checkConnect(Native Method)
	at sun.nio.ch.SocketChannelImpl.finishConnect(SocketChannelImpl.java:717)
	at io.netty.channel.socket.nio.NioSocketChannel.doFinishConnect(NioSocketChannel.java:325)
	at io.netty.channel.nio.AbstractNioChannel$AbstractNioUnsafe.finishConnect(AbstractNioChannel.java:340)
	at io.netty.channel.nio.NioEventLoop.processSelectedKey(NioEventLoop.java:633)
	at io.netty.channel.nio.NioEventLoop.processSelectedKeysOptimized(NioEventLoop.java:580)
	at io.netty.channel.nio.NioEventLoop.processSelectedKeys(NioEventLoop.java:497)
	at io.netty.channel.nio.NioEventLoop.run(NioEventLoop.java:459)
	at io.netty.util.concurrent.SingleThreadEventExecutor$5.run(SingleThreadEventExecutor.java:886)
	at io.netty.util.concurrent.FastThreadLocalRunnable.run(FastThreadLocalRunnable.java:30)
	at java.lang.Thread.run(Thread.java:748)
Caused by: java.net.ConnectException: Connection refused
	... 11 more
SemanticRepositoryQuery: Error: Connection refused: localhost/127.0.0.1:7200
HttpClientHelper.java: Received an error for request 0: io.netty.channel.AbstractChannel$AnnotatedConnectException: Connection refused: localhost/127.0.0.1:7200
io.netty.channel.AbstractChannel$AnnotatedConnectException: Connection refused: localhost/127.0.0.1:7200
	at sun.nio.ch.SocketChannelImpl.checkConnect(Native Method)
	at sun.nio.ch.SocketChannelImpl.finishConnect(SocketChannelImpl.java:717)
	at io.netty.channel.socket.nio.NioSocketChannel.doFinishConnect(NioSocketChannel.java:325)
	at io.netty.channel.nio.AbstractNioChannel$AbstractNioUnsafe.finishConnect(AbstractNioChannel.java:340)
	at io.netty.channel.nio.NioEventLoop.processSelectedKey(NioEventLoop.java:633)
	at io.netty.channel.nio.NioEventLoop.processSelectedKeysOptimized(NioEventLoop.java:580)
	at io.netty.channel.nio.NioEventLoop.processSelectedKeys(NioEventLoop.java:497)
	at io.netty.channel.nio.NioEventLoop.run(NioEventLoop.java:459)
	at io.netty.util.concurrent.SingleThreadEventExecutor$5.run(SingleThreadEventExecutor.java:886)
	at io.netty.util.concurrent.FastThreadLocalRunnable.run(FastThreadLocalRunnable.java:30)
	at java.lang.Thread.run(Thread.java:748)
Caused by: java.net.ConnectException: Connection refused
	... 11 more
SemanticRepositoryQuery: Error: Connection refused: localhost/127.0.0.1:7200
HttpClientHelper.java: Received an error for request 0: io.netty.channel.AbstractChannel$AnnotatedConnectException: Connection refused: localhost/127.0.0.1:7200
io.netty.channel.AbstractChannel$AnnotatedConnectException: Connection refused: localhost/127.0.0.1:7200
	at sun.nio.ch.SocketChannelImpl.checkConnect(Native Method)
	at sun.nio.ch.SocketChannelImpl.finishConnect(SocketChannelImpl.java:717)
	at io.netty.channel.socket.nio.NioSocketChannel.doFinishConnect(NioSocketChannel.java:325)
	at io.netty.channel.nio.AbstractNioChannel$AbstractNioUnsafe.finishConnect(AbstractNioChannel.java:340)
	at io.netty.channel.nio.NioEventLoop.processSelectedKey(NioEventLoop.java:633)
	at io.netty.channel.nio.NioEventLoop.processSelectedKeysOptimized(NioEventLoop.java:580)
	at io.netty.channel.nio.NioEventLoop.processSelectedKeys(NioEventLoop.java:497)
	at io.netty.channel.nio.NioEventLoop.run(NioEventLoop.java:459)
	at io.netty.util.concurrent.SingleThreadEventExecutor$5.run(SingleThreadEventExecutor.java:886)
	at io.netty.util.concurrent.FastThreadLocalRunnable.run(FastThreadLocalRunnable.java:30)
	at java.lang.Thread.run(Thread.java:748)
Caused by: java.net.ConnectException: Connection refused
	... 11 more
SemanticRepositoryQuery: Error: Connection refused: localhost/127.0.0.1:7200
HttpClientHelper.java: Received an error for request 0: io.netty.channel.AbstractChannel$AnnotatedConnectException: Connection refused: localhost/127.0.0.1:7200
io.netty.channel.AbstractChannel$AnnotatedConnectException: Connection refused: localhost/127.0.0.1:7200
	at sun.nio.ch.SocketChannelImpl.checkConnect(Native Method)
	at sun.nio.ch.SocketChannelImpl.finishConnect(SocketChannelImpl.java:717)
	at io.netty.channel.socket.nio.NioSocketChannel.doFinishConnect(NioSocketChannel.java:325)
	at io.netty.channel.nio.AbstractNioChannel$AbstractNioUnsafe.finishConnect(AbstractNioChannel.java:340)
	at io.netty.channel.nio.NioEventLoop.processSelectedKey(NioEventLoop.java:633)
	at io.netty.channel.nio.NioEventLoop.processSelectedKeysOptimized(NioEventLoop.java:580)
	at io.netty.channel.nio.NioEventLoop.processSelectedKeys(NioEventLoop.java:497)
	at io.netty.channel.nio.NioEventLoop.run(NioEventLoop.java:459)
	at io.netty.util.concurrent.SingleThreadEventExecutor$5.run(SingleThreadEventExecutor.java:886)
	at io.netty.util.concurrent.FastThreadLocalRunnable.run(FastThreadLocalRunnable.java:30)
	at java.lang.Thread.run(Thread.java:748)
Caused by: java.net.ConnectException: Connection refused
	... 11 more
SemanticRepositoryUpdate: Error: Connection refused: localhost/127.0.0.1:7200
HttpClientHelper.java: Received an error for request 0: io.netty.channel.AbstractChannel$AnnotatedConnectException: Connection refused: localhost/127.0.0.1:7200
io.netty.channel.AbstractChannel$AnnotatedConnectException: Connection refused: localhost/127.0.0.1:7200
	at sun.nio.ch.SocketChannelImpl.checkConnect(Native Method)
	at sun.nio.ch.SocketChannelImpl.finishConnect(SocketChannelImpl.java:717)
	at io.netty.channel.socket.nio.NioSocketChannel.doFinishConnect(NioSocketChannel.java:325)
	at io.netty.channel.nio.AbstractNioChannel$AbstractNioUnsafe.finishConnect(AbstractNioChannel.java:340)
	at io.netty.channel.nio.NioEventLoop.processSelectedKey(NioEventLoop.java:633)
	at io.netty.channel.nio.NioEventLoop.processSelectedKeysOptimized(NioEventLoop.java:580)
	at io.netty.channel.nio.NioEventLoop.processSelectedKeys(NioEventLoop.java:497)
	at io.netty.channel.nio.NioEventLoop.run(NioEventLoop.java:459)
	at io.netty.util.concurrent.SingleThreadEventExecutor$5.run(SingleThreadEventExecutor.java:886)
	at io.netty.util.concurrent.FastThreadLocalRunnable.run(FastThreadLocalRunnable.java:30)
	at java.lang.Thread.run(Thread.java:748)
Caused by: java.net.ConnectException: Connection refused
	... 11 more
SemanticRepositoryQuery: Error: Connection refused: localhost/127.0.0.1:7200
HttpClientHelper.java: Received an error for request 0: io.netty.channel.AbstractChannel$AnnotatedConnectException: Connection refused: localhost/127.0.0.1:7200
io.netty.channel.AbstractChannel$AnnotatedConnectException: Connection refused: localhost/127.0.0.1:7200
	at sun.nio.ch.SocketChannelImpl.checkConnect(Native Method)
	at sun.nio.ch.SocketChannelImpl.finishConnect(SocketChannelImpl.java:717)
	at io.netty.channel.socket.nio.NioSocketChannel.doFinishConnect(NioSocketChannel.java:325)
	at io.netty.channel.nio.AbstractNioChannel$AbstractNioUnsafe.finishConnect(AbstractNioChannel.java:340)
	at io.netty.channel.nio.NioEventLoop.processSelectedKey(NioEventLoop.java:633)
	at io.netty.channel.nio.NioEventLoop.processSelectedKeysOptimized(NioEventLoop.java:580)
	at io.netty.channel.nio.NioEventLoop.processSelectedKeys(NioEventLoop.java:497)
	at io.netty.channel.nio.NioEventLoop.run(NioEventLoop.java:459)
	at io.netty.util.concurrent.SingleThreadEventExecutor$5.run(SingleThreadEventExecutor.java:886)
	at io.netty.util.concurrent.FastThreadLocalRunnable.run(FastThreadLocalRunnable.java:30)
	at java.lang.Thread.run(Thread.java:748)
Caused by: java.net.ConnectException: Connection refused
	... 11 more
SemanticRepositoryQuery: Error: Connection refused: localhost/127.0.0.1:7200
HttpClientHelper.java: Received an error for request 0: io.netty.channel.AbstractChannel$AnnotatedConnectException: Connection refused: localhost/127.0.0.1:7200
io.netty.channel.AbstractChannel$AnnotatedConnectException: Connection refused: localhost/127.0.0.1:7200
	at sun.nio.ch.SocketChannelImpl.checkConnect(Native Method)
	at sun.nio.ch.SocketChannelImpl.finishConnect(SocketChannelImpl.java:717)
	at io.netty.channel.socket.nio.NioSocketChannel.doFinishConnect(NioSocketChannel.java:325)
	at io.netty.channel.nio.AbstractNioChannel$AbstractNioUnsafe.finishConnect(AbstractNioChannel.java:340)
	at io.netty.channel.nio.NioEventLoop.processSelectedKey(NioEventLoop.java:633)
	at io.netty.channel.nio.NioEventLoop.processSelectedKeysOptimized(NioEventLoop.java:580)
	at io.netty.channel.nio.NioEventLoop.processSelectedKeys(NioEventLoop.java:497)
	at io.netty.channel.nio.NioEventLoop.run(NioEventLoop.java:459)
	at io.netty.util.concurrent.SingleThreadEventExecutor$5.run(SingleThreadEventExecutor.java:886)
	at io.netty.util.concurrent.FastThreadLocalRunnable.run(FastThreadLocalRunnable.java:30)
	at java.lang.Thread.run(Thread.java:748)
Caused by: java.net.ConnectException: Connection refused
	... 11 more
SemanticRepositoryQuery: Error: Connection refused: localhost/127.0.0.1:7200
HttpClientHelper.java: Received an error for request 0: io.netty.channel.AbstractChannel$AnnotatedConnectException: Connection refused: localhost/127.0.0.1:7200
io.netty.channel.AbstractChannel$AnnotatedConnectException: Connection refused: localhost/127.0.0.1:7200
	at sun.nio.ch.SocketChannelImpl.checkConnect(Native Method)
	at sun.nio.ch.SocketChannelImpl.finishConnect(SocketChannelImpl.java:717)
	at io.netty.channel.socket.nio.NioSocketChannel.doFinishConnect(NioSocketChannel.java:325)
	at io.netty.channel.nio.AbstractNioChannel$AbstractNioUnsafe.finishConnect(AbstractNioChannel.java:340)
	at io.netty.channel.nio.NioEventLoop.processSelectedKey(NioEventLoop.java:633)
	at io.netty.channel.nio.NioEventLoop.processSelectedKeysOptimized(NioEventLoop.java:580)
	at io.netty.channel.nio.NioEventLoop.processSelectedKeys(NioEventLoop.java:497)
	at io.netty.channel.nio.NioEventLoop.run(NioEventLoop.java:459)
	at io.netty.util.concurrent.SingleThreadEventExecutor$5.run(SingleThreadEventExecutor.java:886)
	at io.netty.util.concurrent.FastThreadLocalRunnable.run(FastThreadLocalRunnable.java:30)
	at java.lang.Thread.run(Thread.java:748)
Caused by: java.net.ConnectException: Connection refused
	... 11 more
SemanticRepositoryUpdate: Error: Connection refused: localhost/127.0.0.1:7200
HttpClientHelper.java: Received an error for request 0: io.netty.channel.AbstractChannel$AnnotatedConnectException: Connection refused: localhost/127.0.0.1:7200
io.netty.channel.AbstractChannel$AnnotatedConnectException: Connection refused: localhost/127.0.0.1:7200
	at sun.nio.ch.SocketChannelImpl.checkConnect(Native Method)
	at sun.nio.ch.SocketChannelImpl.finishConnect(SocketChannelImpl.java:717)
	at io.netty.channel.socket.nio.NioSocketChannel.doFinishConnect(NioSocketChannel.java:325)
	at io.netty.channel.nio.AbstractNioChannel$AbstractNioUnsafe.finishConnect(AbstractNioChannel.java:340)
	at io.netty.channel.nio.NioEventLoop.processSelectedKey(NioEventLoop.java:633)
	at io.netty.channel.nio.NioEventLoop.processSelectedKeysOptimized(NioEventLoop.java:580)
	at io.netty.channel.nio.NioEventLoop.processSelectedKeys(NioEventLoop.java:497)
	at io.netty.channel.nio.NioEventLoop.run(NioEventLoop.java:459)
	at io.netty.util.concurrent.SingleThreadEventExecutor$5.run(SingleThreadEventExecutor.java:886)
	at io.netty.util.concurrent.FastThreadLocalRunnable.run(FastThreadLocalRunnable.java:30)
	at java.lang.Thread.run(Thread.java:748)
Caused by: java.net.ConnectException: Connection refused
	... 11 more
SemanticRepositoryQuery: Error: Connection refused: localhost/127.0.0.1:7200
HttpClientHelper.java: Received an error for request 0: io.netty.channel.AbstractChannel$AnnotatedConnectException: Connection refused: localhost/127.0.0.1:7200
io.netty.channel.AbstractChannel$AnnotatedConnectException: Connection refused: localhost/127.0.0.1:7200
	at sun.nio.ch.SocketChannelImpl.checkConnect(Native Method)
	at sun.nio.ch.SocketChannelImpl.finishConnect(SocketChannelImpl.java:717)
	at io.netty.channel.socket.nio.NioSocketChannel.doFinishConnect(NioSocketChannel.java:325)
	at io.netty.channel.nio.AbstractNioChannel$AbstractNioUnsafe.finishConnect(AbstractNioChannel.java:340)
	at io.netty.channel.nio.NioEventLoop.processSelectedKey(NioEventLoop.java:633)
	at io.netty.channel.nio.NioEventLoop.processSelectedKeysOptimized(NioEventLoop.java:580)
	at io.netty.channel.nio.NioEventLoop.processSelectedKeys(NioEventLoop.java:497)
	at io.netty.channel.nio.NioEventLoop.run(NioEventLoop.java:459)
	at io.netty.util.concurrent.SingleThreadEventExecutor$5.run(SingleThreadEventExecutor.java:886)
	at io.netty.util.concurrent.FastThreadLocalRunnable.run(FastThreadLocalRunnable.java:30)
	at java.lang.Thread.run(Thread.java:748)
Caused by: java.net.ConnectException: Connection refused
	... 11 more
SemanticRepositoryQuery: Error: Connection refused: localhost/127.0.0.1:7200
HttpClientHelper.java: Received an error for request 0: io.netty.channel.AbstractChannel$AnnotatedConnectException: Connection refused: localhost/127.0.0.1:7200
io.netty.channel.AbstractChannel$AnnotatedConnectException: Connection refused: localhost/127.0.0.1:7200
	at sun.nio.ch.SocketChannelImpl.checkConnect(Native Method)
	at sun.nio.ch.SocketChannelImpl.finishConnect(SocketChannelImpl.java:717)
	at io.netty.channel.socket.nio.NioSocketChannel.doFinishConnect(NioSocketChannel.java:325)
	at io.netty.channel.nio.AbstractNioChannel$AbstractNioUnsafe.finishConnect(AbstractNioChannel.java:340)
	at io.netty.channel.nio.NioEventLoop.processSelectedKey(NioEventLoop.java:633)
	at io.netty.channel.nio.NioEventLoop.processSelectedKeysOptimized(NioEventLoop.java:580)
	at io.netty.channel.nio.NioEventLoop.processSelectedKeys(NioEventLoop.java:497)
	at io.netty.channel.nio.NioEventLoop.run(NioEventLoop.java:459)
	at io.netty.util.concurrent.SingleThreadEventExecutor$5.run(SingleThreadEventExecutor.java:886)
	at io.netty.util.concurrent.FastThreadLocalRunnable.run(FastThreadLocalRunnable.java:30)
	at java.lang.Thread.run(Thread.java:748)
Caused by: java.net.ConnectException: Connection refused
	... 11 more
SemanticRepositoryQuery: Error: Connection refused: localhost/127.0.0.1:7200
HttpClientHelper.java: Received an error for request 0: io.netty.channel.AbstractChannel$AnnotatedConnectException: Connection refused: localhost/127.0.0.1:7200
io.netty.channel.AbstractChannel$AnnotatedConnectException: Connection refused: localhost/127.0.0.1:7200
	at sun.nio.ch.SocketChannelImpl.checkConnect(Native Method)
	at sun.nio.ch.SocketChannelImpl.finishConnect(SocketChannelImpl.java:717)
	at io.netty.channel.socket.nio.NioSocketChannel.doFinishConnect(NioSocketChannel.java:325)
	at io.netty.channel.nio.AbstractNioChannel$AbstractNioUnsafe.finishConnect(AbstractNioChannel.java:340)
	at io.netty.channel.nio.NioEventLoop.processSelectedKey(NioEventLoop.java:633)
	at io.netty.channel.nio.NioEventLoop.processSelectedKeysOptimized(NioEventLoop.java:580)
	at io.netty.channel.nio.NioEventLoop.processSelectedKeys(NioEventLoop.java:497)
	at io.netty.channel.nio.NioEventLoop.run(NioEventLoop.java:459)
	at io.netty.util.concurrent.SingleThreadEventExecutor$5.run(SingleThreadEventExecutor.java:886)
	at io.netty.util.concurrent.FastThreadLocalRunnable.run(FastThreadLocalRunnable.java:30)
	at java.lang.Thread.run(Thread.java:748)
Caused by: java.net.ConnectException: Connection refused
	... 11 more
HttpClientHelper.java: Received an error for request 0: io.netty.channel.AbstractChannel$AnnotatedConnectException: Connection refused: localhost/127.0.0.1:7200
io.netty.channel.AbstractChannel$AnnotatedConnectException: Connection refused: localhost/127.0.0.1:7200
	at sun.nio.ch.SocketChannelImpl.checkConnect(Native Method)
	at sun.nio.ch.SocketChannelImpl.finishConnect(SocketChannelImpl.java:717)
	at io.netty.channel.socket.nio.NioSocketChannel.doFinishConnect(NioSocketChannel.java:325)
	at io.netty.channel.nio.AbstractNioChannel$AbstractNioUnsafe.finishConnect(AbstractNioChannel.java:340)
	at io.netty.channel.nio.NioEventLoop.processSelectedKey(NioEventLoop.java:633)
	at io.netty.channel.nio.NioEventLoop.processSelectedKeysOptimized(NioEventLoop.java:580)
	at io.netty.channel.nio.NioEventLoop.processSelectedKeys(NioEventLoop.java:497)
	at io.netty.channel.nio.NioEventLoop.run(NioEventLoop.java:459)
	at io.netty.util.concurrent.SingleThreadEventExecutor$5.run(SingleThreadEventExecutor.java:886)
	at io.netty.util.concurrent.FastThreadLocalRunnable.run(FastThreadLocalRunnable.java:30)
	at java.lang.Thread.run(Thread.java:748)
Caused by: java.net.ConnectException: Connection refused
	... 11 more
SemanticRepositoryQuery: Error: Connection refused: localhost/127.0.0.1:7200
SemanticRepositoryUpdate: Error: Connection refused: localhost/127.0.0.1:7200
HttpClientHelper.java: Received an error for request 0: io.netty.channel.AbstractChannel$AnnotatedConnectException: Connection refused: localhost/127.0.0.1:7200
io.netty.channel.AbstractChannel$AnnotatedConnectException: Connection refused: localhost/127.0.0.1:7200
	at sun.nio.ch.SocketChannelImpl.checkConnect(Native Method)
	at sun.nio.ch.SocketChannelImpl.finishConnect(SocketChannelImpl.java:717)
	at io.netty.channel.socket.nio.NioSocketChannel.doFinishConnect(NioSocketChannel.java:325)
	at io.netty.channel.nio.AbstractNioChannel$AbstractNioUnsafe.finishConnect(AbstractNioChannel.java:340)
	at io.netty.channel.nio.NioEventLoop.processSelectedKey(NioEventLoop.java:633)
	at io.netty.channel.nio.NioEventLoop.processSelectedKeysOptimized(NioEventLoop.java:580)
	at io.netty.channel.nio.NioEventLoop.processSelectedKeys(NioEventLoop.java:497)
	at io.netty.channel.nio.NioEventLoop.run(NioEventLoop.java:459)
	at io.netty.util.concurrent.SingleThreadEventExecutor$5.run(SingleThreadEventExecutor.java:886)
	at io.netty.util.concurrent.FastThreadLocalRunnable.run(FastThreadLocalRunnable.java:30)
	at java.lang.Thread.run(Thread.java:748)
Caused by: java.net.ConnectException: Connection refused
	... 11 more
SemanticRepositoryQuery: Error: Connection refused: localhost/127.0.0.1:7200
HttpClientHelper.java: Received an error for request 0: io.netty.channel.AbstractChannel$AnnotatedConnectException: Connection refused: localhost/127.0.0.1:7200
io.netty.channel.AbstractChannel$AnnotatedConnectException: Connection refused: localhost/127.0.0.1:7200
	at sun.nio.ch.SocketChannelImpl.checkConnect(Native Method)
	at sun.nio.ch.SocketChannelImpl.finishConnect(SocketChannelImpl.java:717)
	at io.netty.channel.socket.nio.NioSocketChannel.doFinishConnect(NioSocketChannel.java:325)
	at io.netty.channel.nio.AbstractNioChannel$AbstractNioUnsafe.finishConnect(AbstractNioChannel.java:340)
	at io.netty.channel.nio.NioEventLoop.processSelectedKey(NioEventLoop.java:633)
	at io.netty.channel.nio.NioEventLoop.processSelectedKeysOptimized(NioEventLoop.java:580)
	at io.netty.channel.nio.NioEventLoop.processSelectedKeys(NioEventLoop.java:497)
	at io.netty.channel.nio.NioEventLoop.run(NioEventLoop.java:459)
	at io.netty.util.concurrent.SingleThreadEventExecutor$5.run(SingleThreadEventExecutor.java:886)
	at io.netty.util.concurrent.FastThreadLocalRunnable.run(FastThreadLocalRunnable.java:30)
	at java.lang.Thread.run(Thread.java:748)
Caused by: java.net.ConnectException: Connection refused
	... 11 more
SemanticRepositoryQuery: Error: Connection refused: localhost/127.0.0.1:7200
HttpClientHelper.java: Received an error for request 0: io.netty.channel.AbstractChannel$AnnotatedConnectException: Connection refused: localhost/127.0.0.1:7200
io.netty.channel.AbstractChannel$AnnotatedConnectException: Connection refused: localhost/127.0.0.1:7200
	at sun.nio.ch.SocketChannelImpl.checkConnect(Native Method)
	at sun.nio.ch.SocketChannelImpl.finishConnect(SocketChannelImpl.java:717)
	at io.netty.channel.socket.nio.NioSocketChannel.doFinishConnect(NioSocketChannel.java:325)
	at io.netty.channel.nio.AbstractNioChannel$AbstractNioUnsafe.finishConnect(AbstractNioChannel.java:340)
	at io.netty.channel.nio.NioEventLoop.processSelectedKey(NioEventLoop.java:633)
	at io.netty.channel.nio.NioEventLoop.processSelectedKeysOptimized(NioEventLoop.java:580)
	at io.netty.channel.nio.NioEventLoop.processSelectedKeys(NioEventLoop.java:497)
	at io.netty.channel.nio.NioEventLoop.run(NioEventLoop.java:459)
	at io.netty.util.concurrent.SingleThreadEventExecutor$5.run(SingleThreadEventExecutor.java:886)
	at io.netty.util.concurrent.FastThreadLocalRunnable.run(FastThreadLocalRunnable.java:30)
	at java.lang.Thread.run(Thread.java:748)
Caused by: java.net.ConnectException: Connection refused
	... 11 more
SemanticRepositoryQuery: Error: Connection refused: localhost/127.0.0.1:7200
HttpClientHelper.java: Received an error for request 0: io.netty.channel.AbstractChannel$AnnotatedConnectException: Connection refused: localhost/127.0.0.1:7200
io.netty.channel.AbstractChannel$AnnotatedConnectException: Connection refused: localhost/127.0.0.1:7200
	at sun.nio.ch.SocketChannelImpl.checkConnect(Native Method)
	at sun.nio.ch.SocketChannelImpl.finishConnect(SocketChannelImpl.java:717)
	at io.netty.channel.socket.nio.NioSocketChannel.doFinishConnect(NioSocketChannel.java:325)
	at io.netty.channel.nio.AbstractNioChannel$AbstractNioUnsafe.finishConnect(AbstractNioChannel.java:340)
	at io.netty.channel.nio.NioEventLoop.processSelectedKey(NioEventLoop.java:633)
	at io.netty.channel.nio.NioEventLoop.processSelectedKeysOptimized(NioEventLoop.java:580)
	at io.netty.channel.nio.NioEventLoop.processSelectedKeys(NioEventLoop.java:497)
	at io.netty.channel.nio.NioEventLoop.run(NioEventLoop.java:459)
	at io.netty.util.concurrent.SingleThreadEventExecutor$5.run(SingleThreadEventExecutor.java:886)
	at io.netty.util.concurrent.FastThreadLocalRunnable.run(FastThreadLocalRunnable.java:30)
	at java.lang.Thread.run(Thread.java:748)
Caused by: java.net.ConnectException: Connection refused
	... 11 more
SemanticRepositoryUpdate: Error: Connection refused: localhost/127.0.0.1:7200
HttpClientHelper.java: Received an error for request 0: io.netty.channel.AbstractChannel$AnnotatedConnectException: Connection refused: localhost/127.0.0.1:7200
io.netty.channel.AbstractChannel$AnnotatedConnectException: Connection refused: localhost/127.0.0.1:7200
	at sun.nio.ch.SocketChannelImpl.checkConnect(Native Method)
	at sun.nio.ch.SocketChannelImpl.finishConnect(SocketChannelImpl.java:717)
	at io.netty.channel.socket.nio.NioSocketChannel.doFinishConnect(NioSocketChannel.java:325)
	at io.netty.channel.nio.AbstractNioChannel$AbstractNioUnsafe.finishConnect(AbstractNioChannel.java:340)
	at io.netty.channel.nio.NioEventLoop.processSelectedKey(NioEventLoop.java:633)
	at io.netty.channel.nio.NioEventLoop.processSelectedKeysOptimized(NioEventLoop.java:580)
	at io.netty.channel.nio.NioEventLoop.processSelectedKeys(NioEventLoop.java:497)
	at io.netty.channel.nio.NioEventLoop.run(NioEventLoop.java:459)
	at io.netty.util.concurrent.SingleThreadEventExecutor$5.run(SingleThreadEventExecutor.java:886)
	at io.netty.util.concurrent.FastThreadLocalRunnable.run(FastThreadLocalRunnable.java:30)
	at java.lang.Thread.run(Thread.java:748)
Caused by: java.net.ConnectException: Connection refused
	... 11 more
SemanticRepositoryQuery: Error: Connection refused: localhost/127.0.0.1:7200
HttpClientHelper.java: Received an error for request 0: io.netty.channel.AbstractChannel$AnnotatedConnectException: Connection refused: localhost/127.0.0.1:7200
io.netty.channel.AbstractChannel$AnnotatedConnectException: Connection refused: localhost/127.0.0.1:7200
	at sun.nio.ch.SocketChannelImpl.checkConnect(Native Method)
	at sun.nio.ch.SocketChannelImpl.finishConnect(SocketChannelImpl.java:717)
	at io.netty.channel.socket.nio.NioSocketChannel.doFinishConnect(NioSocketChannel.java:325)
	at io.netty.channel.nio.AbstractNioChannel$AbstractNioUnsafe.finishConnect(AbstractNioChannel.java:340)
	at io.netty.channel.nio.NioEventLoop.processSelectedKey(NioEventLoop.java:633)
	at io.netty.channel.nio.NioEventLoop.processSelectedKeysOptimized(NioEventLoop.java:580)
	at io.netty.channel.nio.NioEventLoop.processSelectedKeys(NioEventLoop.java:497)
	at io.netty.channel.nio.NioEventLoop.run(NioEventLoop.java:459)
	at io.netty.util.concurrent.SingleThreadEventExecutor$5.run(SingleThreadEventExecutor.java:886)
	at io.netty.util.concurrent.FastThreadLocalRunnable.run(FastThreadLocalRunnable.java:30)
	at java.lang.Thread.run(Thread.java:748)
Caused by: java.net.ConnectException: Connection refused
	... 11 more
SemanticRepositoryQuery: Error: Connection refused: localhost/127.0.0.1:7200
HttpClientHelper.java: Received an error for request 0: io.netty.channel.AbstractChannel$AnnotatedConnectException: Connection refused: localhost/127.0.0.1:7200
io.netty.channel.AbstractChannel$AnnotatedConnectException: Connection refused: localhost/127.0.0.1:7200
	at sun.nio.ch.SocketChannelImpl.checkConnect(Native Method)
	at sun.nio.ch.SocketChannelImpl.finishConnect(SocketChannelImpl.java:717)
	at io.netty.channel.socket.nio.NioSocketChannel.doFinishConnect(NioSocketChannel.java:325)
	at io.netty.channel.nio.AbstractNioChannel$AbstractNioUnsafe.finishConnect(AbstractNioChannel.java:340)
	at io.netty.channel.nio.NioEventLoop.processSelectedKey(NioEventLoop.java:633)
	at io.netty.channel.nio.NioEventLoop.processSelectedKeysOptimized(NioEventLoop.java:580)
	at io.netty.channel.nio.NioEventLoop.processSelectedKeys(NioEventLoop.java:497)
	at io.netty.channel.nio.NioEventLoop.run(NioEventLoop.java:459)
	at io.netty.util.concurrent.SingleThreadEventExecutor$5.run(SingleThreadEventExecutor.java:886)
	at io.netty.util.concurrent.FastThreadLocalRunnable.run(FastThreadLocalRunnable.java:30)
	at java.lang.Thread.run(Thread.java:748)
Caused by: java.net.ConnectException: Connection refused
	... 11 more
SemanticRepositoryQuery: Error: Connection refused: localhost/127.0.0.1:7200
HttpClientHelper.java: Received an error for request 0: io.netty.channel.AbstractChannel$AnnotatedConnectException: Connection refused: localhost/127.0.0.1:7200
io.netty.channel.AbstractChannel$AnnotatedConnectException: Connection refused: localhost/127.0.0.1:7200
	at sun.nio.ch.SocketChannelImpl.checkConnect(Native Method)
	at sun.nio.ch.SocketChannelImpl.finishConnect(SocketChannelImpl.java:717)
	at io.netty.channel.socket.nio.NioSocketChannel.doFinishConnect(NioSocketChannel.java:325)
	at io.netty.channel.nio.AbstractNioChannel$AbstractNioUnsafe.finishConnect(AbstractNioChannel.java:340)
	at io.netty.channel.nio.NioEventLoop.processSelectedKey(NioEventLoop.java:633)
	at io.netty.channel.nio.NioEventLoop.processSelectedKeysOptimized(NioEventLoop.java:580)
	at io.netty.channel.nio.NioEventLoop.processSelectedKeys(NioEventLoop.java:497)
	at io.netty.channel.nio.NioEventLoop.run(NioEventLoop.java:459)
	at io.netty.util.concurrent.SingleThreadEventExecutor$5.run(SingleThreadEventExecutor.java:886)
	at io.netty.util.concurrent.FastThreadLocalRunnable.run(FastThreadLocalRunnable.java:30)
	at java.lang.Thread.run(Thread.java:748)
Caused by: java.net.ConnectException: Connection refused
	... 11 more
SemanticRepositoryUpdate: Error: Connection refused: localhost/127.0.0.1:7200
HttpClientHelper.java: Received an error for request 0: io.netty.channel.AbstractChannel$AnnotatedConnectException: Connection refused: localhost/127.0.0.1:7200
io.netty.channel.AbstractChannel$AnnotatedConnectException: Connection refused: localhost/127.0.0.1:7200
	at sun.nio.ch.SocketChannelImpl.checkConnect(Native Method)
	at sun.nio.ch.SocketChannelImpl.finishConnect(SocketChannelImpl.java:717)
	at io.netty.channel.socket.nio.NioSocketChannel.doFinishConnect(NioSocketChannel.java:325)
	at io.netty.channel.nio.AbstractNioChannel$AbstractNioUnsafe.finishConnect(AbstractNioChannel.java:340)
	at io.netty.channel.nio.NioEventLoop.processSelectedKey(NioEventLoop.java:633)
	at io.netty.channel.nio.NioEventLoop.processSelectedKeysOptimized(NioEventLoop.java:580)
	at io.netty.channel.nio.NioEventLoop.processSelectedKeys(NioEventLoop.java:497)
	at io.netty.channel.nio.NioEventLoop.run(NioEventLoop.java:459)
	at io.netty.util.concurrent.SingleThreadEventExecutor$5.run(SingleThreadEventExecutor.java:886)
	at io.netty.util.concurrent.FastThreadLocalRunnable.run(FastThreadLocalRunnable.java:30)
	at java.lang.Thread.run(Thread.java:748)
Caused by: java.net.ConnectException: Connection refused
	... 11 more
SemanticRepositoryQuery: Error: Connection refused: localhost/127.0.0.1:7200
HttpClientHelper.java: Received an error for request 0: io.netty.channel.AbstractChannel$AnnotatedConnectException: Connection refused: localhost/127.0.0.1:7200
io.netty.channel.AbstractChannel$AnnotatedConnectException: Connection refused: localhost/127.0.0.1:7200
	at sun.nio.ch.SocketChannelImpl.checkConnect(Native Method)
	at sun.nio.ch.SocketChannelImpl.finishConnect(SocketChannelImpl.java:717)
	at io.netty.channel.socket.nio.NioSocketChannel.doFinishConnect(NioSocketChannel.java:325)
	at io.netty.channel.nio.AbstractNioChannel$AbstractNioUnsafe.finishConnect(AbstractNioChannel.java:340)
	at io.netty.channel.nio.NioEventLoop.processSelectedKey(NioEventLoop.java:633)
	at io.netty.channel.nio.NioEventLoop.processSelectedKeysOptimized(NioEventLoop.java:580)
	at io.netty.channel.nio.NioEventLoop.processSelectedKeys(NioEventLoop.java:497)
	at io.netty.channel.nio.NioEventLoop.run(NioEventLoop.java:459)
	at io.netty.util.concurrent.SingleThreadEventExecutor$5.run(SingleThreadEventExecutor.java:886)
	at io.netty.util.concurrent.FastThreadLocalRunnable.run(FastThreadLocalRunnable.java:30)
	at java.lang.Thread.run(Thread.java:748)
Caused by: java.net.ConnectException: Connection refused
	... 11 more
SemanticRepositoryQuery: Error: Connection refused: localhost/127.0.0.1:7200
HttpClientHelper.java: Received an error for request 0: io.netty.channel.AbstractChannel$AnnotatedConnectException: Connection refused: localhost/127.0.0.1:7200
io.netty.channel.AbstractChannel$AnnotatedConnectException: Connection refused: localhost/127.0.0.1:7200
	at sun.nio.ch.SocketChannelImpl.checkConnect(Native Method)
	at sun.nio.ch.SocketChannelImpl.finishConnect(SocketChannelImpl.java:717)
	at io.netty.channel.socket.nio.NioSocketChannel.doFinishConnect(NioSocketChannel.java:325)
	at io.netty.channel.nio.AbstractNioChannel$AbstractNioUnsafe.finishConnect(AbstractNioChannel.java:340)
	at io.netty.channel.nio.NioEventLoop.processSelectedKey(NioEventLoop.java:633)
	at io.netty.channel.nio.NioEventLoop.processSelectedKeysOptimized(NioEventLoop.java:580)
	at io.netty.channel.nio.NioEventLoop.processSelectedKeys(NioEventLoop.java:497)
	at io.netty.channel.nio.NioEventLoop.run(NioEventLoop.java:459)
	at io.netty.util.concurrent.SingleThreadEventExecutor$5.run(SingleThreadEventExecutor.java:886)
	at io.netty.util.concurrent.FastThreadLocalRunnable.run(FastThreadLocalRunnable.java:30)
	at java.lang.Thread.run(Thread.java:748)
Caused by: java.net.ConnectException: Connection refused
	... 11 more
SemanticRepositoryQuery: Error: Connection refused: localhost/127.0.0.1:7200
HttpClientHelper.java: Received an error for request 0: io.netty.channel.AbstractChannel$AnnotatedConnectException: Connection refused: localhost/127.0.0.1:7200
io.netty.channel.AbstractChannel$AnnotatedConnectException: Connection refused: localhost/127.0.0.1:7200
	at sun.nio.ch.SocketChannelImpl.checkConnect(Native Method)
	at sun.nio.ch.SocketChannelImpl.finishConnect(SocketChannelImpl.java:717)
	at io.netty.channel.socket.nio.NioSocketChannel.doFinishConnect(NioSocketChannel.java:325)
	at io.netty.channel.nio.AbstractNioChannel$AbstractNioUnsafe.finishConnect(AbstractNioChannel.java:340)
	at io.netty.channel.nio.NioEventLoop.processSelectedKey(NioEventLoop.java:633)
	at io.netty.channel.nio.NioEventLoop.processSelectedKeysOptimized(NioEventLoop.java:580)
	at io.netty.channel.nio.NioEventLoop.processSelectedKeys(NioEventLoop.java:497)
	at io.netty.channel.nio.NioEventLoop.run(NioEventLoop.java:459)
	at io.netty.util.concurrent.SingleThreadEventExecutor$5.run(SingleThreadEventExecutor.java:886)
	at io.netty.util.concurrent.FastThreadLocalRunnable.run(FastThreadLocalRunnable.java:30)
	at java.lang.Thread.run(Thread.java:748)
Caused by: java.net.ConnectException: Connection refused
	... 11 more
HttpClientHelper.java: Received an error for request 0: io.netty.channel.AbstractChannel$AnnotatedConnectException: Connection refused: localhost/127.0.0.1:7200
io.netty.channel.AbstractChannel$AnnotatedConnectException: Connection refused: localhost/127.0.0.1:7200
	at sun.nio.ch.SocketChannelImpl.checkConnect(Native Method)
	at sun.nio.ch.SocketChannelImpl.finishConnect(SocketChannelImpl.java:717)
	at io.netty.channel.socket.nio.NioSocketChannel.doFinishConnect(NioSocketChannel.java:325)
	at io.netty.channel.nio.AbstractNioChannel$AbstractNioUnsafe.finishConnect(AbstractNioChannel.java:340)
	at io.netty.channel.nio.NioEventLoop.processSelectedKey(NioEventLoop.java:633)
	at io.netty.channel.nio.NioEventLoop.processSelectedKeysOptimized(NioEventLoop.java:580)
	at io.netty.channel.nio.NioEventLoop.processSelectedKeys(NioEventLoop.java:497)
	at io.netty.channel.nio.NioEventLoop.run(NioEventLoop.java:459)
	at io.netty.util.concurrent.SingleThreadEventExecutor$5.run(SingleThreadEventExecutor.java:886)
	at io.netty.util.concurrent.FastThreadLocalRunnable.run(FastThreadLocalRunnable.java:30)
	at java.lang.Thread.run(Thread.java:748)
Caused by: java.net.ConnectException: Connection refused
	... 11 more
SemanticRepositoryQuery: Error: Connection refused: localhost/127.0.0.1:7200
SemanticRepositoryUpdate: Error: Connection refused: localhost/127.0.0.1:7200
HttpClientHelper.java: Received an error for request 0: io.netty.channel.AbstractChannel$AnnotatedConnectException: Connection refused: localhost/127.0.0.1:7200
io.netty.channel.AbstractChannel$AnnotatedConnectException: Connection refused: localhost/127.0.0.1:7200
	at sun.nio.ch.SocketChannelImpl.checkConnect(Native Method)
	at sun.nio.ch.SocketChannelImpl.finishConnect(SocketChannelImpl.java:717)
	at io.netty.channel.socket.nio.NioSocketChannel.doFinishConnect(NioSocketChannel.java:325)
	at io.netty.channel.nio.AbstractNioChannel$AbstractNioUnsafe.finishConnect(AbstractNioChannel.java:340)
	at io.netty.channel.nio.NioEventLoop.processSelectedKey(NioEventLoop.java:633)
	at io.netty.channel.nio.NioEventLoop.processSelectedKeysOptimized(NioEventLoop.java:580)
	at io.netty.channel.nio.NioEventLoop.processSelectedKeys(NioEventLoop.java:497)
	at io.netty.channel.nio.NioEventLoop.run(NioEventLoop.java:459)
	at io.netty.util.concurrent.SingleThreadEventExecutor$5.run(SingleThreadEventExecutor.java:886)
	at io.netty.util.concurrent.FastThreadLocalRunnable.run(FastThreadLocalRunnable.java:30)
	at java.lang.Thread.run(Thread.java:748)
Caused by: java.net.ConnectException: Connection refused
	... 11 more
SemanticRepositoryQuery: Error: Connection refused: localhost/127.0.0.1:7200
HttpClientHelper.java: Received an error for request 0: io.netty.channel.AbstractChannel$AnnotatedConnectException: Connection refused: localhost/127.0.0.1:7200
io.netty.channel.AbstractChannel$AnnotatedConnectException: Connection refused: localhost/127.0.0.1:7200
	at sun.nio.ch.SocketChannelImpl.checkConnect(Native Method)
	at sun.nio.ch.SocketChannelImpl.finishConnect(SocketChannelImpl.java:717)
	at io.netty.channel.socket.nio.NioSocketChannel.doFinishConnect(NioSocketChannel.java:325)
	at io.netty.channel.nio.AbstractNioChannel$AbstractNioUnsafe.finishConnect(AbstractNioChannel.java:340)
	at io.netty.channel.nio.NioEventLoop.processSelectedKey(NioEventLoop.java:633)
	at io.netty.channel.nio.NioEventLoop.processSelectedKeysOptimized(NioEventLoop.java:580)
	at io.netty.channel.nio.NioEventLoop.processSelectedKeys(NioEventLoop.java:497)
	at io.netty.channel.nio.NioEventLoop.run(NioEventLoop.java:459)
	at io.netty.util.concurrent.SingleThreadEventExecutor$5.run(SingleThreadEventExecutor.java:886)
	at io.netty.util.concurrent.FastThreadLocalRunnable.run(FastThreadLocalRunnable.java:30)
	at java.lang.Thread.run(Thread.java:748)
Caused by: java.net.ConnectException: Connection refused
	... 11 more
SemanticRepositoryQuery: Error: Connection refused: localhost/127.0.0.1:7200
HttpClientHelper.java: Received an error for request 0: io.netty.channel.AbstractChannel$AnnotatedConnectException: Connection refused: localhost/127.0.0.1:7200
io.netty.channel.AbstractChannel$AnnotatedConnectException: Connection refused: localhost/127.0.0.1:7200
	at sun.nio.ch.SocketChannelImpl.checkConnect(Native Method)
	at sun.nio.ch.SocketChannelImpl.finishConnect(SocketChannelImpl.java:717)
	at io.netty.channel.socket.nio.NioSocketChannel.doFinishConnect(NioSocketChannel.java:325)
	at io.netty.channel.nio.AbstractNioChannel$AbstractNioUnsafe.finishConnect(AbstractNioChannel.java:340)
	at io.netty.channel.nio.NioEventLoop.processSelectedKey(NioEventLoop.java:633)
	at io.netty.channel.nio.NioEventLoop.processSelectedKeysOptimized(NioEventLoop.java:580)
	at io.netty.channel.nio.NioEventLoop.processSelectedKeys(NioEventLoop.java:497)
	at io.netty.channel.nio.NioEventLoop.run(NioEventLoop.java:459)
	at io.netty.util.concurrent.SingleThreadEventExecutor$5.run(SingleThreadEventExecutor.java:886)
	at io.netty.util.concurrent.FastThreadLocalRunnable.run(FastThreadLocalRunnable.java:30)
	at java.lang.Thread.run(Thread.java:748)
Caused by: java.net.ConnectException: Connection refused
	... 11 more
SemanticRepositoryQuery: Error: Connection refused: localhost/127.0.0.1:7200
HttpClientHelper.java: Received an error for request 0: io.netty.channel.AbstractChannel$AnnotatedConnectException: Connection refused: localhost/127.0.0.1:7200
io.netty.channel.AbstractChannel$AnnotatedConnectException: Connection refused: localhost/127.0.0.1:7200
	at sun.nio.ch.SocketChannelImpl.checkConnect(Native Method)
	at sun.nio.ch.SocketChannelImpl.finishConnect(SocketChannelImpl.java:717)
	at io.netty.channel.socket.nio.NioSocketChannel.doFinishConnect(NioSocketChannel.java:325)
	at io.netty.channel.nio.AbstractNioChannel$AbstractNioUnsafe.finishConnect(AbstractNioChannel.java:340)
	at io.netty.channel.nio.NioEventLoop.processSelectedKey(NioEventLoop.java:633)
	at io.netty.channel.nio.NioEventLoop.processSelectedKeysOptimized(NioEventLoop.java:580)
	at io.netty.channel.nio.NioEventLoop.processSelectedKeys(NioEventLoop.java:497)
	at io.netty.channel.nio.NioEventLoop.run(NioEventLoop.java:459)
	at io.netty.util.concurrent.SingleThreadEventExecutor$5.run(SingleThreadEventExecutor.java:886)
	at io.netty.util.concurrent.FastThreadLocalRunnable.run(FastThreadLocalRunnable.java:30)
	at java.lang.Thread.run(Thread.java:748)
Caused by: java.net.ConnectException: Connection refused
	... 11 more
SemanticRepositoryUpdate: Error: Connection refused: localhost/127.0.0.1:7200
HttpClientHelper.java: Received an error for request 0: io.netty.channel.AbstractChannel$AnnotatedConnectException: Connection refused: localhost/127.0.0.1:7200
io.netty.channel.AbstractChannel$AnnotatedConnectException: Connection refused: localhost/127.0.0.1:7200
	at sun.nio.ch.SocketChannelImpl.checkConnect(Native Method)
	at sun.nio.ch.SocketChannelImpl.finishConnect(SocketChannelImpl.java:717)
	at io.netty.channel.socket.nio.NioSocketChannel.doFinishConnect(NioSocketChannel.java:325)
	at io.netty.channel.nio.AbstractNioChannel$AbstractNioUnsafe.finishConnect(AbstractNioChannel.java:340)
	at io.netty.channel.nio.NioEventLoop.processSelectedKey(NioEventLoop.java:633)
	at io.netty.channel.nio.NioEventLoop.processSelectedKeysOptimized(NioEventLoop.java:580)
	at io.netty.channel.nio.NioEventLoop.processSelectedKeys(NioEventLoop.java:497)
	at io.netty.channel.nio.NioEventLoop.run(NioEventLoop.java:459)
	at io.netty.util.concurrent.SingleThreadEventExecutor$5.run(SingleThreadEventExecutor.java:886)
	at io.netty.util.concurrent.FastThreadLocalRunnable.run(FastThreadLocalRunnable.java:30)
	at java.lang.Thread.run(Thread.java:748)
Caused by: java.net.ConnectException: Connection refused
	... 11 more
SemanticRepositoryQuery: Error: Connection refused: localhost/127.0.0.1:7200
HttpClientHelper.java: Received an error for request 0: io.netty.channel.AbstractChannel$AnnotatedConnectException: Connection refused: localhost/127.0.0.1:7200
io.netty.channel.AbstractChannel$AnnotatedConnectException: Connection refused: localhost/127.0.0.1:7200
	at sun.nio.ch.SocketChannelImpl.checkConnect(Native Method)
	at sun.nio.ch.SocketChannelImpl.finishConnect(SocketChannelImpl.java:717)
	at io.netty.channel.socket.nio.NioSocketChannel.doFinishConnect(NioSocketChannel.java:325)
	at io.netty.channel.nio.AbstractNioChannel$AbstractNioUnsafe.finishConnect(AbstractNioChannel.java:340)
	at io.netty.channel.nio.NioEventLoop.processSelectedKey(NioEventLoop.java:633)
	at io.netty.channel.nio.NioEventLoop.processSelectedKeysOptimized(NioEventLoop.java:580)
	at io.netty.channel.nio.NioEventLoop.processSelectedKeys(NioEventLoop.java:497)
	at io.netty.channel.nio.NioEventLoop.run(NioEventLoop.java:459)
	at io.netty.util.concurrent.SingleThreadEventExecutor$5.run(SingleThreadEventExecutor.java:886)
	at io.netty.util.concurrent.FastThreadLocalRunnable.run(FastThreadLocalRunnable.java:30)
	at java.lang.Thread.run(Thread.java:748)
Caused by: java.net.ConnectException: Connection refused
	... 11 more
SemanticRepositoryQuery: Error: Connection refused: localhost/127.0.0.1:7200
WARNING: SpontaneousWriteTrigger: Model stopped before executing actions (e.g. producing outputs) scheduled for execution at times [17.0]
WARNING: SpontaneousReadTrigger: Model stopped before executing actions (e.g. producing outputs) scheduled for execution at times [16.8]
WARNING: SemanticRepositoryUpdate: Model stopped before executing actions (e.g. producing outputs) scheduled for execution at times [36.0, 27.0, 29.0, 34.0, 22.0, 31.0, 21.0, 32.0, 25.0, 35.0, 26.0, 28.0, 24.0, 23.0, 33.0, 30.0]
WARNING: SemanticRepositoryQuery: Model stopped before executing actions (e.g. producing outputs) scheduled for execution at times [27.5, 32.6, 32.0, 31.400000000000002, 22.1, 22.7, 20.900000000000002, 20.3, 29.900000000000002, 24.8, 29.3, 24.2, 35.9, 35.300000000000004, 36.5, 30.8, 26.900000000000002, 23.900000000000002, 33.800000000000004, 35.6, 25.400000000000002, 31.1, 26.6, 23.6, 28.1, 22.400000000000002, 34.1, 20.6, 21.2, 25.7, 25.1, 24.5, 29.0, 29.6, 28.400000000000002, 36.2, 34.4, 27.2, 27.8, 32.300000000000004, 32.9, 33.5, 21.8, 30.200000000000003, 26.3, 23.3, 33.2, 35.0, 21.5, 26.0, 30.5, 28.7, 23.0, 31.700000000000003, 34.7]
ptolemy.kernel.util.IllegalActionException: Failure executing the react function: Error: commonHost.js, react(), invoking a specific handler for "trigger": Exception occurred in input handler for accessor SemanticYelpSearch, which has now has been removed.  Exception was: java.lang.StackOverflowError Stacktrace was: 
java.lang.StackOverflowError
	at jdk.nashorn.internal.runtime.AccessorProperty.getObjectValue(AccessorProperty.java:417)
	at jdk.nashorn.internal.runtime.FindProperty.getObjectValue(FindProperty.java:229)
	at jdk.nashorn.internal.runtime.ScriptObject.get(ScriptObject.java:2860)
	at jdk.nashorn.internal.runtime.ScriptObject.get(ScriptObject.java:2877)
	at jdk.nashorn.internal.scripts.Script$Recompilation$44872$56054A$require.L:1#get(/home/travis/build/icyphy/ptII/ptolemy/actor/lib/jjs/external/require.js#409:30<eval>:1245)
	at jdk.nashorn.internal.scripts.Script$Recompilation$44618$3841A$\^function\_.L:1#issueCommand(<function>:116)
	at jdk.nashorn.internal.scripts.Script$Recompilation$44618$3841A$\^function\_.L:1#issueCommand(<function>:124)
	at jdk.nashorn.internal.scripts.Script$Recompilation$44618$3841A$\^function\_.L:1#issueCommand(<function>:124)
	at jdk.nashorn.internal.scripts.Script$Recompilation$44618$3841A$\^function\_.L:1#issueCommand(<function>:124)
	at jdk.nashorn.internal.scripts.Script$Recompilation$44618$3841A$\^function\_.L:1#issueCommand(<function>:124)
	at jdk.nashorn.internal.scripts.Script$Recompilation$44618$3841A$\^function\_.L:1#issueCommand(<function>:124)
	at jdk.nashorn.internal.scripts.Script$Recompilation$44618$3841A$\^function\_.L:1#issueCommand(<function>:124)
	at jdk.nashorn.internal.scripts.Script$Recompilation$44618$3841A$\^function\_.L:1#issueCommand(<function>:124)
	at jdk.nashorn.internal.scripts.Script$Recompilation$44618$3841A$\^function\_.L:1#issueCommand(<function>:124)
	at jdk.nashorn.internal.scripts.Script$Recompilation$44618$3841A$\^function\_.L:1#issueCommand(<function>:124)
	at jdk.nashorn.internal.scripts.Script$Recompilation$44618$3841A$\^function\_.L:1#issueCommand(<function>:124)
	at jdk.nashorn.internal.scripts.Script$Recompilation$44618$3841A$\^function\_.L:1#issueCommand(<function>:124)
	at jdk.nashorn.internal.scripts.Script$Recompilation$44618$3841A$\^function\_.L:1#issueCommand(<function>:124)
	at jdk.nashorn.internal.scripts.Script$Recompilation$44618$3841A$\^function\_.L:1#issueCommand(<function>:124)
	at jdk.nashorn.internal.scripts.Script$Recompilation$44618$3841A$\^function\_.L:1#issueCommand(<function>:124)
	at jdk.nashorn.internal.scripts.Script$Recompilation$44618$3841A$\^function\_.L:1#issueCommand(<function>:124)
	at jdk.nashorn.internal.scripts.Script$Recompilation$44618$3841A$\^function\_.L:1#issueCommand(<function>:124)
	at jdk.nashorn.internal.scripts.Script$Recompilation$44618$3841A$\^function\_.L:1#issueCommand(<function>:124)
	at jdk.nashorn.internal.scripts.Script$Recompilation$44618$3841A$\^function\_.L:1#issueCommand(<function>:124)
	at jdk.nashorn.internal.scripts.Script$Recompilation$44618$3841A$\^function\_.L:1#issueCommand(<function>:124)
	at jdk.nashorn.internal.scripts.Script$Recompilation$44618$3841A$\^function\_.L:1#issueCommand(<function>:124)
	at jdk.nashorn.internal.scripts.Script$Recompilation$44618$3841A$\^function\_.L:1#issueCommand(<function>:124)
	at jdk.nashorn.internal.scripts.Script$Recompilation$44618$3841A$\^function\_.L:1#issueCommand(<function>:124)
	at jdk.nashorn.internal.scripts.Script$Recompilation$44618$3841A$\^function\_.L:1#issueCommand(<function>:124)
	at jdk.nashorn.internal.scripts.Script$Recompilation$44618$3841A$\^function\_.L:1#issueCommand(<function>:124)
	at jdk.nashorn.internal.scripts.Script$Recompilation$44618$3841A$\^function\_.L:1#issueCommand(<function>:124)
	at jdk.nashorn.internal.scripts.Script$Recompilation$44618$3841A$\^function\_.L:1#issueCommand(<function>:124)
	at jdk.nashorn.internal.scripts.Script$Recompilation$44618$3841A$\^function\_.L:1#issueCommand(<function>:124)
	at jdk.nashorn.internal.scripts.Script$Recompilation$44618$3841A$\^function\_.L:1#issueCommand(<function>:124)
	at jdk.nashorn.internal.scripts.Script$Recompilation$44618$3841A$\^function\_.L:1#issueCommand(<function>:124)
	at jdk.nashorn.internal.scripts.Script$Recompilation$44618$3841A$\^function\_.L:1#issueCommand(<function>:124)
	at jdk.nashorn.internal.scripts.Script$Recompilation$44618$3841A$\^function\_.L:1#issueCommand(<function>:124)
	at jdk.nashorn.internal.scripts.Script$Recompilation$44618$3841A$\^function\_.L:1#issueCommand(<function>:124)
	at jdk.nashorn.internal.scripts.Script$Recompilation$44618$3841A$\^function\_.L:1#issueCommand(<function>:124)
	at jdk.nashorn.internal.scripts.Script$Recompilation$44618$3841A$\^function\_.L:1#issueCommand(<function>:124)
	at jdk.nashorn.internal.scripts.Script$Recompilation$44618$3841A$\^function\_.L:1#issueCommand(<function>:124)
	at jdk.nashorn.internal.scripts.Script$Recompilation$44618$3841A$\^function\_.L:1#issueCommand(<function>:124)
	at jdk.nashorn.internal.scripts.Script$Recompilation$44618$3841A$\^function\_.L:1#issueCommand(<function>:124)
	at jdk.nashorn.internal.scripts.Script$Recompilation$44618$3841A$\^function\_.L:1#issueCommand(<function>:124)
	at jdk.nashorn.internal.scripts.Script$Recompilation$44618$3841A$\^function\_.L:1#issueCommand(<function>:124)
	at jdk.nashorn.internal.scripts.Script$Recompilation$44618$3841A$\^function\_.L:1#issueCommand(<function>:124)
	at jdk.nashorn.internal.scripts.Script$Recompilation$44618$3841A$\^function\_.L:1#issueCommand(<function>:124)
	at jdk.nashorn.internal.scripts.Script$Recompilation$44618$3841A$\^function\_.L:1#issueCommand(<function>:124)
	at jdk.nashorn.internal.scripts.Script$Recompilation$44618$3841A$\^function\_.L:1#issueCommand(<function>:124)
	at jdk.nashorn.internal.scripts.Script$Recompilation$44618$3841A$\^function\_.L:1#issueCommand(<function>:124)
	at jdk.nashorn.internal.scripts.Script$Recompilation$44618$3841A$\^function\_.L:1#issueCommand(<function>:124)
	at jdk.nashorn.internal.scripts.Script$Recompilation$44618$3841A$\^function\_.L:1#issueCommand(<function>:124)
	at jdk.nashorn.internal.scripts.Script$Recompilation$44618$3841A$\^function\_.L:1#issueCommand(<function>:124)
	at jdk.nashorn.internal.scripts.Script$Recompilation$44618$3841A$\^function\_.L:1#issueCommand(<function>:124)
	at jdk.nashorn.internal.scripts.Script$Recompilation$44618$3841A$\^function\_.L:1#issueCommand(<function>:124)
	at jdk.nashorn.internal.scripts.Script$Recompilation$44618$3841A$\^function\_.L:1#issueCommand(<function>:124)
	at jdk.nashorn.internal.scripts.Script$Recompilation$44618$3841A$\^function\_.L:1#issueCommand(<function>:124)
	at jdk.nashorn.internal.scripts.Script$Recompilation$44618$3841A$\^function\_.L:1#issueCommand(<function>:124)
	at jdk.nashorn.internal.scripts.Script$Recompilation$44618$3841A$\^function\_.L:1#issueCommand(<function>:124)
	at jdk.nashorn.internal.scripts.Script$Recompilation$44618$3841A$\^function\_.L:1#issueCommand(<function>:124)
	at jdk.nashorn.internal.scripts.Script$Recompilation$44618$3841A$\^function\_.L:1#issueCommand(<function>:124)
	at jdk.nashorn.internal.scripts.Script$Recompilation$44618$3841A$\^function\_.L:1#issueCommand(<function>:124)
	at jdk.nashorn.internal.scripts.Script$Recompilation$44618$3841A$\^function\_.L:1#issueCommand(<function>:124)
	at jdk.nashorn.internal.scripts.Script$Recompilation$44618$3841A$\^function\_.L:1#issueCommand(<function>:124)
	at jdk.nashorn.internal.scripts.Script$Recompilation$44618$3841A$\^function\_.L:1#issueCommand(<function>:124)
	at jdk.nashorn.internal.scripts.Script$Recompilation$44618$3841A$\^function\_.L:1#issueCommand(<function>:124)
	at jdk.nashorn.internal.scripts.Script$Recompilation$44618$3841A$\^function\_.L:1#issueCommand(<function>:124)
	at jdk.nashorn.internal.scripts.Script$Recompilation$44618$3841A$\^function\_.L:1#issueCommand(<function>:124)
	at jdk.nashorn.internal.scripts.Script$Recompilation$44618$3841A$\^function\_.L:1#issueCommand(<function>:124)
	at jdk.nashorn.internal.scripts.Script$Recompilation$44618$3841A$\^function\_.L:1#issueCommand(<function>:124)
	at jdk.nashorn.internal.scripts.Script$Recompilation$44618$3841A$\^function\_.L:1#issueCommand(<function>:124)
	at jdk.nashorn.internal.scripts.Script$Recompilation$44618$3841A$\^function\_.L:1#issueCommand(<function>:124)
	at jdk.nashorn.internal.scripts.Script$Recompilation$44618$3841A$\^function\_.L:1#issueCommand(<function>:124)
	at jdk.nashorn.internal.scripts.Script$Recompilation$44618$3841A$\^function\_.L:1#issueCommand(<function>:124)
	at jdk.nashorn.internal.scripts.Script$Recompilation$44618$3841A$\^function\_.L:1#issueCommand(<function>:124)
	at jdk.nashorn.internal.scripts.Script$Recompilation$44618$3841A$\^function\_.L:1#issueCommand(<function>:124)
	at jdk.nashorn.internal.scripts.Script$Recompilation$44618$3841A$\^function\_.L:1#issueCommand(<function>:124)
	at jdk.nashorn.internal.scripts.Script$Recompilation$44618$3841A$\^function\_.L:1#issueCommand(<function>:124)
	at jdk.nashorn.internal.scripts.Script$Recompilation$44618$3841A$\^function\_.L:1#issueCommand(<function>:124)
	at jdk.nashorn.internal.scripts.Script$Recompilation$44618$3841A$\^function\_.L:1#issueCommand(<function>:124)
	at jdk.nashorn.internal.scripts.Script$Recompilation$44618$3841A$\^function\_.L:1#issueCommand(<function>:124)
	at jdk.nashorn.internal.scripts.Script$Recompilation$44618$3841A$\^function\_.L:1#issueCommand(<function>:124)
	at jdk.nashorn.internal.scripts.Script$Recompilation$44618$3841A$\^function\_.L:1#issueCommand(<function>:124)
	at jdk.nashorn.internal.scripts.Script$Recompilation$44618$3841A$\^function\_.L:1#issueCommand(<function>:124)
	at jdk.nashorn.internal.scripts.Script$Recompilation$44618$3841A$\^function\_.L:1#issueCommand(<function>:124)
	at jdk.nashorn.internal.scripts.Script$Recompilation$44618$3841A$\^function\_.L:1#issueCommand(<function>:124)
	at jdk.nashorn.internal.scripts.Script$Recompilation$44618$3841A$\^function\_.L:1#issueCommand(<function>:124)
	at jdk.nashorn.internal.scripts.Script$Recompilation$44618$3841A$\^function\_.L:1#issueCommand(<function>:124)
	at jdk.nashorn.internal.scripts.Script$Recompilation$44618$3841A$\^function\_.L:1#issueCommand(<function>:124)
	at jdk.nashorn.internal.scripts.Script$Recompilation$44618$3841A$\^function\_.L:1#issueCommand(<function>:124)
	at jdk.nashorn.internal.scripts.Script$Recompilation$44618$3841A$\^function\_.L:1#issueCommand(<function>:124)
	at jdk.nashorn.internal.scripts.Script$Recompilation$44618$3841A$\^function\_.L:1#issueCommand(<function>:124)
	at jdk.nashorn.internal.scripts.Script$Recompilation$44618$3841A$\^function\_.L:1#issueCommand(<function>:124)
	at jdk.nashorn.internal.scripts.Script$Recompilation$44618$3841A$\^function\_.L:1#issueCommand(<function>:124)
	at jdk.nashorn.internal.scripts.Script$Recompilation$44618$3841A$\^function\_.L:1#issueCommand(<function>:124)
	at jdk.nashorn.internal.scripts.Script$Recompilation$44618$3841A$\^function\_.L:1#issueCommand(<function>:124)
	at jdk.nashorn.internal.scripts.Script$Recompilation$44618$3841A$\^function\_.L:1#issueCommand(<function>:124)
	at jdk.nashorn.internal.scripts.Script$Recompilation$44618$3841A$\^function\_.L:1#issueCommand(<function>:124)
	at jdk.nashorn.internal.scripts.Script$Recompilation$44618$3841A$\^function\_.L:1#issueCommand(<function>:124)
	at jdk.nashorn.internal.scripts.Script$Recompilation$44618$3841A$\^function\_.L:1#issueCommand(<function>:124)
	at jdk.nashorn.internal.scripts.Script$Recompilation$44618$3841A$\^function\_.L:1#issueCommand(<function>:124)
	at jdk.nashorn.internal.scripts.Script$Recompilation$44618$3841A$\^function\_.L:1#issueCommand(<function>:124)
	at jdk.nashorn.internal.scripts.Script$Recompilation$44618$3841A$\^function\_.L:1#issueCommand(<function>:124)
	at jdk.nashorn.internal.scripts.Script$Recompilation$44618$3841A$\^function\_.L:1#issueCommand(<function>:124)
	at jdk.nashorn.internal.scripts.Script$Recompilation$44618$3841A$\^function\_.L:1#issueCommand(<function>:124)
	at jdk.nashorn.internal.scripts.Script$Recompilation$44618$3841A$\^function\_.L:1#issueCommand(<function>:124)
	at jdk.nashorn.internal.scripts.Script$Recompilation$44618$3841A$\^function\_.L:1#issueCommand(<function>:124)
	at jdk.nashorn.internal.scripts.Script$Recompilation$44618$3841A$\^function\_.L:1#issueCommand(<function>:124)
	at jdk.nashorn.internal.scripts.Script$Recompilation$44618$3841A$\^function\_.L:1#issueCommand(<function>:124)
	at jdk.nashorn.internal.scripts.Script$Recompilation$44618$3841A$\^function\_.L:1#issueCommand(<function>:124)
	at jdk.nashorn.internal.scripts.Script$Recompilation$44618$3841A$\^function\_.L:1#issueCommand(<function>:124)
	at jdk.nashorn.internal.scripts.Script$Recompilation$44618$3841A$\^function\_.L:1#issueCommand(<function>:124)
	at jdk.nashorn.internal.scripts.Script$Recompilation$44618$3841A$\^function\_.L:1#issueCommand(<function>:124)
	at jdk.nashorn.internal.scripts.Script$Recompilation$44618$3841A$\^function\_.L:1#issueCommand(<function>:124)
	at jdk.nashorn.internal.scripts.Script$Recompilation$44618$3841A$\^function\_.L:1#issueCommand(<function>:124)
	at jdk.nashorn.internal.scripts.Script$Recompilation$44618$3841A$\^function\_.L:1#issueCommand(<function>:124)
	at jdk.nashorn.internal.scripts.Script$Recompilation$44618$3841A$\^function\_.L:1#issueCommand(<function>:124)
	at jdk.nashorn.internal.scripts.Script$Recompilation$44618$3841A$\^function\_.L:1#issueCommand(<function>:124)
	at jdk.nashorn.internal.scripts.Script$Recompilation$44618$3841A$\^function\_.L:1#issueCommand(<function>:124)
	at jdk.nashorn.internal.scripts.Script$Recompilation$44618$3841A$\^function\_.L:1#issueCommand(<function>:124)
	at jdk.nashorn.internal.scripts.Script$Recompilation$44618$3841A$\^function\_.L:1#issueCommand(<function>:124)
	at jdk.nashorn.internal.scripts.Script$Recompilation$44618$3841A$\^function\_.L:1#issueCommand(<function>:124)
	at jdk.nashorn.internal.scripts.Script$Recompilation$44618$3841A$\^function\_.L:1#issueCommand(<function>:124)
	at jdk.nashorn.internal.scripts.Script$Recompilation$44618$3841A$\^function\_.L:1#issueCommand(<function>:124)
	at jdk.nashorn.internal.scripts.Script$Recompilation$44618$3841A$\^function\_.L:1#issueCommand(<function>:124)
	at jdk.nashorn.internal.scripts.Script$Recompilation$44618$3841A$\^function\_.L:1#issueCommand(<function>:124)
	at jdk.nashorn.internal.scripts.Script$Recompilation$44618$3841A$\^function\_.L:1#issueCommand(<function>:124)
	at jdk.nashorn.internal.scripts.Script$Recompilation$44618$3841A$\^function\_.L:1#issueCommand(<function>:124)
	at jdk.nashorn.internal.scripts.Script$Recompilation$44618$3841A$\^function\_.L:1#issueCommand(<function>:124)
	at jdk.nashorn.internal.scripts.Script$Recompilation$44618$3841A$\^function\_.L:1#issueCommand(<function>:124)
	at jdk.nashorn.internal.scripts.Script$Recompilation$44618$3841A$\^function\_.L:1#issueCommand(<function>:124)
	at jdk.nashorn.internal.scripts.Script$Recompilation$44618$3841A$\^function\_.L:1#issueCommand(<function>:124)
	at jdk.nashorn.internal.scripts.Script$Recompilation$44618$3841A$\^function\_.L:1#issueCommand(<function>:124)
	at jdk.nashorn.internal.scripts.Script$Recompilation$44618$3841A$\^function\_.L:1#issueCommand(<function>:124)
	at jdk.nashorn.internal.scripts.Script$Recompilation$44618$3841A$\^function\_.L:1#issueCommand(<function>:124)
	at jdk.nashorn.internal.scripts.Script$Recompilation$44618$3841A$\^function\_.L:1#issueCommand(<function>:124)
	at jdk.nashorn.internal.scripts.Script$Recompilation$44618$3841A$\^function\_.L:1#issueCommand(<function>:124)
	at jdk.nashorn.internal.scripts.Script$Recompilation$44618$3841A$\^function\_.L:1#issueCommand(<function>:124)
	at jdk.nashorn.internal.scripts.Script$Recompilation$44618$3841A$\^function\_.L:1#issueCommand(<function>:124)
	at jdk.nashorn.internal.scripts.Script$Recompilation$44618$3841A$\^function\_.L:1#issueCommand(<function>:124)
	at jdk.nashorn.internal.scripts.Script$Recompilation$44618$3841A$\^function\_.L:1#issueCommand(<function>:124)
	at jdk.nashorn.internal.scripts.Script$Recompilation$44618$3841A$\^function\_.L:1#issueCommand(<function>:124)
	at jdk.nashorn.internal.scripts.Script$Recompilation$44618$3841A$\^function\_.L:1#issueCommand(<function>:124)
	at jdk.nashorn.internal.scripts.Script$Recompilation$44618$3841A$\^function\_.L:1#issueCommand(<function>:124)
	at jdk.nashorn.internal.scripts.Script$Recompilation$44618$3841A$\^function\_.L:1#issueCommand(<function>:124)
	at jdk.nashorn.internal.scripts.Script$Recompilation$44618$3841A$\^function\_.L:1#issueCommand(<function>:124)
	at jdk.nashorn.internal.scripts.Script$Recompilation$44618$3841A$\^function\_.L:1#issueCommand(<function>:124)
	at jdk.nashorn.internal.scripts.Script$Recompilation$44618$3841A$\^function\_.L:1#issueCommand(<function>:124)
	at jdk.nashorn.internal.scripts.Script$Recompilation$44618$3841A$\^function\_.L:1#issueCommand(<function>:124)
	at jdk.nashorn.internal.scripts.Script$Recompilation$44618$3841A$\^function\_.L:1#issueCommand(<function>:124)
	at jdk.nashorn.internal.scripts.Script$Recompilation$44618$3841A$\^function\_.L:1#issueCommand(<function>:124)
	at jdk.nashorn.internal.scripts.Script$Recompilation$44618$3841A$\^function\_.L:1#issueCommand(<function>:124)
	at jdk.nashorn.internal.scripts.Script$Recompilation$44618$3841A$\^function\_.L:1#issueCommand(<function>:124)
	at jdk.nashorn.internal.scripts.Script$Recompilation$44618$3841A$\^function\_.L:1#issueCommand(<function>:124)
	at jdk.nashorn.internal.scripts.Script$Recompilation$44618$3841A$\^function\_.L:1#issueCommand(<function>:124)
	at jdk.nashorn.internal.scripts.Script$Recompilation$44618$3841A$\^function\_.L:1#issueCommand(<function>:124)
	at jdk.nashorn.internal.scripts.Script$Recompilation$44618$3841A$\^function\_.L:1#issueCommand(<function>:124)
	at jdk.nashorn.internal.scripts.Script$Recompilation$44618$3841A$\^function\_.L:1#issueCommand(<function>:124)
	at jdk.nashorn.internal.scripts.Script$Recompilation$44618$3841A$\^function\_.L:1#issueCommand(<function>:124)
	at jdk.nashorn.internal.scripts.Script$Recompilation$44618$3841A$\^function\_.L:1#issueCommand(<function>:124)
	at jdk.nashorn.internal.scripts.Script$Recompilation$44618$3841A$\^function\_.L:1#issueCommand(<function>:124)
	at jdk.nashorn.internal.scripts.Script$Recompilation$44618$3841A$\^function\_.L:1#issueCommand(<function>:124)
	at jdk.nashorn.internal.scripts.Script$Recompilation$44618$3841A$\^function\_.L:1#issueCommand(<function>:124)
	at jdk.nashorn.internal.scripts.Script$Recompilation$44618$3841A$\^function\_.L:1#issueCommand(<function>:124)
	at jdk.nashorn.internal.scripts.Script$Recompilation$44618$3841A$\^function\_.L:1#issueCommand(<function>:124)
	at jdk.nashorn.internal.scripts.Script$Recompilation$44618$3841A$\^function\_.L:1#issueCommand(<function>:124)
	at jdk.nashorn.internal.scripts.Script$Recompilation$44618$3841A$\^function\_.L:1#issueCommand(<function>:124)
	at jdk.nashorn.internal.scripts.Script$Recompilation$44618$3841A$\^function\_.L:1#issueCommand(<function>:124)
	at jdk.nashorn.internal.scripts.Script$Recompilation$44618$3841A$\^function\_.L:1#issueCommand(<function>:124)
	at jdk.nashorn.internal.scripts.Script$Recompilation$44618$3841A$\^function\_.L:1#issueCommand(<function>:124)
	at jdk.nashorn.internal.scripts.Script$Recompilation$44618$3841A$\^function\_.L:1#issueCommand(<function>:124)
	at jdk.nashorn.internal.scripts.Script$Recompilation$44618$3841A$\^function\_.L:1#issueCommand(<function>:124)
	at jdk.nashorn.internal.scripts.Script$Recompilation$44618$3841A$\^function\_.L:1#issueCommand(<function>:124)
	at jdk.nashorn.internal.scripts.Script$Recompilation$44618$3841A$\^function\_.L:1#issueCommand(<function>:124)
	at jdk.nashorn.internal.scripts.Script$Recompilation$44618$3841A$\^function\_.L:1#issueCommand(<function>:124)
	at jdk.nashorn.internal.scripts.Script$Recompilation$44618$3841A$\^function\_.L:1#issueCommand(<function>:124)
	at jdk.nashorn.internal.scripts.Script$Recompilation$44618$3841A$\^function\_.L:1#issueCommand(<function>:124)
	at jdk.nashorn.internal.scripts.Script$Recompilation$44618$3841A$\^function\_.L:1#issueCommand(<function>:124)
	at jdk.nashorn.internal.scripts.Script$Recompilation$44618$3841A$\^function\_.L:1#issueCommand(<function>:124)
	at jdk.nashorn.internal.scripts.Script$Recompilation$44618$3841A$\^function\_.L:1#issueCommand(<function>:124)
	at jdk.nashorn.internal.scripts.Script$Recompilation$44618$3841A$\^function\_.L:1#issueCommand(<function>:124)
	at jdk.nashorn.internal.scripts.Script$Recompilation$44618$3841A$\^function\_.L:1#issueCommand(<function>:124)
	at jdk.nashorn.internal.scripts.Script$Recompilation$44618$3841A$\^function\_.L:1#issueCommand(<function>:124)
	at jdk.nashorn.internal.scripts.Script$Recompilation$44618$3841A$\^function\_.L:1#issueCommand(<function>:124)
	at jdk.nashorn.internal.scripts.Script$Recompilation$44618$3841A$\^function\_.L:1#issueCommand(<function>:124)
	at jdk.nashorn.internal.scripts.Script$Recompilation$44618$3841A$\^function\_.L:1#issueCommand(<function>:124)
	at jdk.nashorn.internal.scripts.Script$Recompilation$44618$3841A$\^function\_.L:1#issueCommand(<function>:124)
	at jdk.nashorn.internal.scripts.Script$Recompilation$44618$3841A$\^function\_.L:1#issueCommand(<function>:124)
	at jdk.nashorn.internal.scripts.Script$Recompilation$44618$3841A$\^function\_.L:1#issueCommand(<function>:124)
	at jdk.nashorn.internal.scripts.Script$Recompilation$44618$3841A$\^function\_.L:1#issueCommand(<function>:124)
	at jdk.nashorn.internal.scripts.Script$Recompilation$44618$3841A$\^function\_.L:1#issueCommand(<function>:124)
	at jdk.nashorn.internal.scripts.Script$Recompilation$44618$3841A$\^function\_.L:1#issueCommand(<function>:124)
	at jdk.nashorn.internal.scripts.Script$Recompilation$44618$3841A$\^function\_.L:1#issueCommand(<function>:124)
	at jdk.nashorn.internal.scripts.Script$Recompilation$44618$3841A$\^function\_.L:1#issueCommand(<function>:124)
	at jdk.nashorn.internal.scripts.Script$Recompilation$44618$3841A$\^function\_.L:1#issueCommand(<function>:124)
	at jdk.nashorn.internal.scripts.Script$Recompilation$44618$3841A$\^function\_.L:1#issueCommand(<function>:124)
	at jdk.nashorn.internal.scripts.Script$Recompilation$44618$3841A$\^function\_.L:1#issueCommand(<function>:124)
	at jdk.nashorn.internal.scripts.Script$Recompilation$44618$3841A$\^function\_.L:1#issueCommand(<function>:124)
	at jdk.nashorn.internal.scripts.Script$Recompilation$44618$3841A$\^function\_.L:1#issueCommand(<function>:124)
	at jdk.nashorn.internal.scripts.Script$Recompilation$44618$3841A$\^function\_.L:1#issueCommand(<function>:124)
	at jdk.nashorn.internal.scripts.Script$Recompilation$44618$3841A$\^function\_.L:1#issueCommand(<function>:124)
	at jdk.nashorn.internal.scripts.Script$Recompilation$44618$3841A$\^function\_.L:1#issueCommand(<function>:124)
	at jdk.nashorn.internal.scripts.Script$Recompilation$44618$3841A$\^function\_.L:1#issueCommand(<function>:124)
	at jdk.nashorn.internal.scripts.Script$Recompilation$44618$3841A$\^function\_.L:1#issueCommand(<function>:124)
	at jdk.nashorn.internal.scripts.Script$Recompilation$44618$3841A$\^function\_.L:1#issueCommand(<function>:124)
	at jdk.nashorn.internal.scripts.Script$Recompilation$44618$3841A$\^function\_.L:1#issueCommand(<function>:124)
	at jdk.nashorn.internal.scripts.Script$Recompilation$44618$3841A$\^function\_.L:1#issueCommand(<function>:124)
	at jdk.nashorn.internal.scripts.Script$Recompilation$44618$3841A$\^function\_.L:1#issueCommand(<function>:124)
	at jdk.nashorn.internal.scripts.Script$Recompilation$44618$3841A$\^function\_.L:1#issueCommand(<function>:124)
	at jdk.nashorn.internal.scripts.Script$Recompilation$44618$3841A$\^function\_.L:1#issueCommand(<function>:124)
	at jdk.nashorn.internal.scripts.Script$Recompilation$44618$3841A$\^function\_.L:1#issueCommand(<function>:124)
	at jdk.nashorn.internal.scripts.Script$Recompilation$44618$3841A$\^function\_.L:1#issueCommand(<function>:124)
	at jdk.nashorn.internal.scripts.Script$Recompilation$44618$3841A$\^function\_.L:1#issueCommand(<function>:124)
	at jdk.nashorn.internal.scripts.Script$Recompilation$44618$3841A$\^function\_.L:1#issueCommand(<function>:124)
	at jdk.nashorn.internal.scripts.Script$Recompilation$44618$3841A$\^function\_.L:1#issueCommand(<function>:124)
	at jdk.nashorn.internal.scripts.Script$Recompilation$44618$3841A$\^function\_.L:1#issueCommand(<function>:124)
	at jdk.nashorn.internal.scripts.Script$Recompilation$44618$3841A$\^function\_.L:1#issueCommand(<function>:124)
	at jdk.nashorn.internal.scripts.Script$Recompilation$44618$3841A$\^function\_.L:1#issueCommand(<function>:124)
	at jdk.nashorn.internal.scripts.Script$Recompilation$44618$3841A$\^function\_.L:1#issueCommand(<function>:124)
	at jdk.nashorn.internal.scripts.Script$Recompilation$44618$3841A$\^function\_.L:1#issueCommand(<function>:124)
	at jdk.nashorn.internal.scripts.Script$Recompilation$44618$3841A$\^function\_.L:1#issueCommand(<function>:124)
	at jdk.nashorn.internal.scripts.Script$Recompilation$44618$3841A$\^function\_.L:1#issueCommand(<function>:124)
	at jdk.nashorn.internal.scripts.Script$Recompilation$44618$3841A$\^function\_.L:1#issueCommand(<function>:124)
	at jdk.nashorn.internal.scripts.Script$Recompilation$44618$3841A$\^function\_.L:1#issueCommand(<function>:124)
	at jdk.nashorn.internal.scripts.Script$Recompilation$44618$3841A$\^function\_.L:1#issueCommand(<function>:124)
	at jdk.nashorn.internal.scripts.Script$Recompilation$44618$3841A$\^function\_.L:1#issueCommand(<function>:124)
	at jdk.nashorn.internal.scripts.Script$Recompilation$44618$3841A$\^function\_.L:1#issueCommand(<function>:124)
	at jdk.nashorn.internal.scripts.Script$Recompilation$44618$3841A$\^function\_.L:1#issueCommand(<function>:124)
	at jdk.nashorn.internal.scripts.Script$Recompilation$44618$3841A$\^function\_.L:1#issueCommand(<function>:124)
	at jdk.nashorn.internal.scripts.Script$Recompilation$44618$3841A$\^function\_.L:1#issueCommand(<function>:124)
	at jdk.nashorn.internal.scripts.Script$Recompilation$44618$3841A$\^function\_.L:1#issueCommand(<function>:124)
	at jdk.nashorn.internal.scripts.Script$Recompilation$44618$3841A$\^function\_.L:1#issueCommand(<function>:124)
	at jdk.nashorn.internal.scripts.Script$Recompilation$44618$3841A$\^function\_.L:1#issueCommand(<function>:124)
	at jdk.nashorn.internal.scripts.Script$Recompilation$44618$3841A$\^function\_.L:1#issueCommand(<function>:124)
	at jdk.nashorn.internal.scripts.Script$Recompilation$44618$3841A$\^function\_.L:1#issueCommand(<function>:124)
	at jdk.nashorn.internal.scripts.Script$Recompilation$44618$3841A$\^function\_.L:1#issueCommand(<function>:124)
	at jdk.nashorn.internal.scripts.Script$Recompilation$44618$3841A$\^function\_.L:1#issueCommand(<function>:124)
	at jdk.nashorn.internal.scripts.Script$Recompilation$44618$3841A$\^function\_.L:1#issueCommand(<function>:124)
	at jdk.nashorn.internal.scripts.Script$Recompilation$44618$3841A$\^function\_.L:1#issueCommand(<function>:124)
	at jdk.nashorn.internal.scripts.Script$Recompilation$44618$3841A$\^function\_.L:1#issueCommand(<function>:124)
	at jdk.nashorn.internal.scripts.Script$Recompilation$44618$3841A$\^function\_.L:1#issueCommand(<function>:124)
	at jdk.nashorn.internal.scripts.Script$Recompilation$44618$3841A$\^function\_.L:1#issueCommand(<function>:124)
	at jdk.nashorn.internal.scripts.Script$Recompilation$44618$3841A$\^function\_.L:1#issueCommand(<function>:124)
	at jdk.nashorn.internal.scripts.Script$Recompilation$44618$3841A$\^function\_.L:1#issueCommand(<function>:124)
	at jdk.nashorn.internal.scripts.Script$Recompilation$44618$3841A$\^function\_.L:1#issueCommand(<function>:124)
	at jdk.nashorn.internal.scripts.Script$Recompilation$44618$3841A$\^function\_.L:1#issueCommand(<function>:124)
	at jdk.nashorn.internal.scripts.Script$Recompilation$44618$3841A$\^function\_.L:1#issueCommand(<function>:124)
	at jdk.nashorn.internal.scripts.Script$Recompilation$44618$3841A$\^function\_.L:1#issueCommand(<function>:124)
	at jdk.nashorn.internal.scripts.Script$Recompilation$44618$3841A$\^function\_.L:1#issueCommand(<function>:124)
	at jdk.nashorn.internal.scripts.Script$Recompilation$44618$3841A$\^function\_.L:1#issueCommand(<function>:124)
	at jdk.nashorn.internal.scripts.Script$Recompilation$44618$3841A$\^function\_.L:1#issueCommand(<function>:124)
	at jdk.nashorn.internal.scripts.Script$Recompilation$44618$3841A$\^function\_.L:1#issueCommand(<function>:124)
	at jdk.nashorn.internal.scripts.Script$Recompilation$44618$3841A$\^function\_.L:1#issueCommand(<function>:124)
	at jdk.nashorn.internal.scripts.Script$Recompilation$44618$3841A$\^function\_.L:1#issueCommand(<function>:124)
	at jdk.nashorn.internal.scripts.Script$Recompilation$44618$3841A$\^function\_.L:1#issueCommand(<function>:124)
	at jdk.nashorn.internal.scripts.Script$Recompilation$44618$3841A$\^function\_.L:1#issueCommand(<function>:124)
	at jdk.nashorn.internal.scripts.Script$Recompilation$44618$3841A$\^function\_.L:1#issueCommand(<function>:124)
	at jdk.nashorn.internal.scripts.Script$Recompilation$44618$3841A$\^function\_.L:1#issueCommand(<function>:124)
	at jdk.nashorn.internal.scripts.Script$Recompilation$44618$3841A$\^function\_.L:1#issueCommand(<function>:124)
	at jdk.nashorn.internal.scripts.Script$Recompilation$44618$3841A$\^function\_.L:1#issueCommand(<function>:124)
	at jdk.nashorn.internal.scripts.Script$Recompilation$44618$3841A$\^function\_.L:1#issueCommand(<function>:124)
	at jdk.nashorn.internal.scripts.Script$Recompilation$44618$3841A$\^function\_.L:1#issueCommand(<function>:124)
	at jdk.nashorn.internal.scripts.Script$Recompilation$44618$3841A$\^function\_.L:1#issueCommand(<function>:124)
	at jdk.nashorn.internal.scripts.Script$Recompilation$44618$3841A$\^function\_.L:1#issueCommand(<function>:124)
	at jdk.nashorn.internal.scripts.Script$Recompilation$44618$3841A$\^function\_.L:1#issueCommand(<function>:124)
	at jdk.nashorn.internal.scripts.Script$Recompilation$44618$3841A$\^function\_.L:1#issueCommand(<function>:124)
	at jdk.nashorn.internal.scripts.Script$Recompilation$44618$3841A$\^function\_.L:1#issueCommand(<function>:124)
	at jdk.nashorn.internal.scripts.Script$Recompilation$44618$3841A$\^function\_.L:1#issueCommand(<function>:124)
	at jdk.nashorn.internal.scripts.Script$Recompilation$44618$3841A$\^function\_.L:1#issueCommand(<function>:124)
	at jdk.nashorn.internal.scripts.Script$Recompilation$44618$3841A$\^function\_.L:1#issueCommand(<function>:124)
	at jdk.nashorn.internal.scripts.Script$Recompilation$44618$3841A$\^function\_.L:1#issueCommand(<function>:124)
	at jdk.nashorn.internal.scripts.Script$Recompilation$44618$3841A$\^function\_.L:1#issueCommand(<function>:124)
	at jdk.nashorn.internal.scripts.Script$Recompilation$44618$3841A$\^function\_.L:1#issueCommand(<function>:124)
	at jdk.nashorn.internal.scripts.Script$Recompilation$44618$3841A$\^function\_.L:1#issueCommand(<function>:124)
	at jdk.nashorn.internal.scripts.Script$Recompilation$44618$3841A$\^function\_.L:1#issueCommand(<function>:124)
	at jdk.nashorn.internal.scripts.Script$Recompilation$44618$3841A$\^function\_.L:1#issueCommand(<function>:124)
	at jdk.nashorn.internal.scripts.Script$Recompilation$44618$3841A$\^function\_.L:1#issueCommand(<function>:124)
	at jdk.nashorn.internal.scripts.Script$Recompilation$44618$3841A$\^function\_.L:1#issueCommand(<function>:124)
	at jdk.nashorn.internal.scripts.Script$Recompilation$44618$3841A$\^function\_.L:1#issueCommand(<function>:124)
	at jdk.nashorn.internal.scripts.Script$Recompilation$44618$3841A$\^function\_.L:1#issueCommand(<function>:124)
	at jdk.nashorn.internal.scripts.Script$Recompilation$44618$3841A$\^function\_.L:1#issueCommand(<function>:124)
	at jdk.nashorn.internal.scripts.Script$Recompilation$44618$3841A$\^function\_.L:1#issueCommand(<function>:124)
	at jdk.nashorn.internal.scripts.Script$Recompilation$44618$3841A$\^function\_.L:1#issueCommand(<function>:124)
	at jdk.nashorn.internal.scripts.Script$Recompilation$44618$3841A$\^function\_.L:1#issueCommand(<function>:124)
	at jdk.nashorn.internal.scripts.Script$Recompilation$44618$3841A$\^function\_.L:1#issueCommand(<function>:124)
	at jdk.nashorn.internal.scripts.Script$Recompilation$44618$3841A$\^function\_.L:1#issueCommand(<function>:124)
	at jdk.nashorn.internal.scripts.Script$Recompilation$44618$3841A$\^function\_.L:1#issueCommand(<function>:124)
	at jdk.nashorn.internal.scripts.Script$Recompilation$44618$3841A$\^function\_.L:1#issueCommand(<function>:124)
	at jdk.nashorn.internal.scripts.Script$Recompilation$44618$3841A$\^function\_.L:1#issueCommand(<function>:124)
	at jdk.nashorn.internal.scripts.Script$Recompilation$44618$3841A$\^function\_.L:1#issueCommand(<function>:124)
	at jdk.nashorn.internal.scripts.Script$Recompilation$44618$3841A$\^function\_.L:1#issueCommand(<function>:124)
	at jdk.nashorn.internal.scripts.Script$Recompilation$44618$3841A$\^function\_.L:1#issueCommand(<function>:124)
	at jdk.nashorn.internal.scripts.Script$Recompilation$44618$3841A$\^function\_.L:1#issueCommand(<function>:124)
	at jdk.nashorn.internal.scripts.Script$Recompilation$44618$3841A$\^function\_.L:1#issueCommand(<function>:124)
	at jdk.nashorn.internal.scripts.Script$Recompilation$44618$3841A$\^function\_.L:1#issueCommand(<function>:124)
	at jdk.nashorn.internal.scripts.Script$Recompilation$44618$3841A$\^function\_.L:1#issueCommand(<function>:124)
	at jdk.nashorn.internal.scripts.Script$Recompilation$44618$3841A$\^function\_.L:1#issueCommand(<function>:124)
	at jdk.nashorn.internal.scripts.Script$Recompilation$44618$3841A$\^function\_.L:1#issueCommand(<function>:124)
	at jdk.nashorn.internal.scripts.Script$Recompilation$44618$3841A$\^function\_.L:1#issueCommand(<function>:124)
	at jdk.nashorn.internal.scripts.Script$Recompilation$44618$3841A$\^function\_.L:1#issueCommand(<function>:124)
	at jdk.nashorn.internal.scripts.Script$Recompilation$44618$3841A$\^function\_.L:1#issueCommand(<function>:124)
	at jdk.nashorn.internal.scripts.Script$Recompilation$44618$3841A$\^function\_.L:1#issueCommand(<function>:124)
	at jdk.nashorn.internal.scripts.Script$Recompilation$44618$3841A$\^function\_.L:1#issueCommand(<function>:124)
	at jdk.nashorn.internal.scripts.Script$Recompilation$44618$3841A$\^function\_.L:1#issueCommand(<function>:124)
	at jdk.nashorn.internal.scripts.Script$Recompilation$44618$3841A$\^function\_.L:1#issueCommand(<function>:124)
	at jdk.nashorn.internal.scripts.Script$Recompilation$44618$3841A$\^function\_.L:1#issueCommand(<function>:124)
	at jdk.nashorn.internal.scripts.Script$Recompilation$44618$3841A$\^function\_.L:1#issueCommand(<function>:124)
	at jdk.nashorn.internal.scripts.Script$Recompilation$44618$3841A$\^function\_.L:1#issueCommand(<function>:124)
	at jdk.nashorn.internal.scripts.Script$Recompilation$44618$3841A$\^function\_.L:1#issueCommand(<function>:124)
	at jdk.nashorn.internal.scripts.Script$Recompilation$44618$3841A$\^function\_.L:1#issueCommand(<function>:124)
	at jdk.nashorn.internal.scripts.Script$Recompilation$44618$3841A$\^function\_.L:1#issueCommand(<function>:124)
	at jdk.nashorn.internal.scripts.Script$Recompilation$44618$3841A$\^function\_.L:1#issueCommand(<function>:124)
	at jdk.nashorn.internal.scripts.Script$Recompilation$44618$3841A$\^function\_.L:1#issueCommand(<function>:124)
	at jdk.nashorn.internal.scripts.Script$Recompilation$44618$3841A$\^function\_.L:1#issueCommand(<function>:124)
	at jdk.nashorn.internal.scripts.Script$Recompilation$44618$3841A$\^function\_.L:1#issueCommand(<function>:124)
	at jdk.nashorn.internal.scripts.Script$Recompilation$44618$3841A$\^function\_.L:1#issueCommand(<function>:124)
	at jdk.nashorn.internal.scripts.Script$Recompilation$44618$3841A$\^function\_.L:1#issueCommand(<function>:124)
	at jdk.nashorn.internal.scripts.Script$Recompilation$44618$3841A$\^function\_.L:1#issueCommand(<function>:124)
	at jdk.nashorn.internal.scripts.Script$Recompilation$44618$3841A$\^function\_.L:1#issueCommand(<function>:124)
	at jdk.nashorn.internal.scripts.Script$Recompilation$44618$3841A$\^function\_.L:1#issueCommand(<function>:124)
	at jdk.nashorn.internal.scripts.Script$Recompilation$44618$3841A$\^function\_.L:1#issueCommand(<function>:124)
	at jdk.nashorn.internal.scripts.Script$Recompilation$44618$3841A$\^function\_.L:1#issueCommand(<function>:124)
	at jdk.nashorn.internal.scripts.Script$Recompilation$44618$3841A$\^function\_.L:1#issueCommand(<function>:124)
	at jdk.nashorn.internal.scripts.Script$Recompilation$44618$3841A$\^function\_.L:1#issueCommand(<function>:124)
	at jdk.nashorn.internal.scripts.Script$Recompilation$44618$3841A$\^function\_.L:1#issueCommand(<function>:124)
	at jdk.nashorn.internal.scripts.Script$Recompilation$44618$3841A$\^function\_.L:1#issueCommand(<function>:124)
	at jdk.nashorn.internal.scripts.Script$Recompilation$44618$3841A$\^function\_.L:1#issueCommand(<function>:124)
	at jdk.nashorn.internal.scripts.Script$Recompilation$44618$3841A$\^function\_.L:1#issueCommand(<function>:124)
	at jdk.nashorn.internal.scripts.Script$Recompilation$44618$3841A$\^function\_.L:1#issueCommand(<function>:124)
	at jdk.nashorn.internal.scripts.Script$Recompilation$44618$3841A$\^function\_.L:1#issueCommand(<function>:124)
	at jdk.nashorn.internal.scripts.Script$Recompilation$44618$3841A$\^function\_.L:1#issueCommand(<function>:124)
	at jdk.nashorn.internal.scripts.Script$Recompilation$44618$3841A$\^function\_.L:1#issueCommand(<function>:124)
	at jdk.nashorn.internal.scripts.Script$Recompilation$44618$3841A$\^function\_.L:1#issueCommand(<function>:124)
	at jdk.nashorn.internal.scripts.Script$Recompilation$44618$3841A$\^function\_.L:1#issueCommand(<function>:124)
	at jdk.nashorn.internal.scripts.Script$Recompilation$44618$3841A$\^function\_.L:1#issueCommand(<function>:124)
	at jdk.nashorn.internal.scripts.Script$Recompilation$44618$3841A$\^function\_.L:1#issueCommand(<function>:124)
	at jdk.nashorn.internal.scripts.Script$Recompilation$44618$3841A$\^function\_.L:1#issueCommand(<function>:124)
	at jdk.nashorn.internal.scripts.Script$Recompilation$44618$3841A$\^function\_.L:1#issueCommand(<function>:124)
	at jdk.nashorn.internal.scripts.Script$Recompilation$44618$3841A$\^function\_.L:1#issueCommand(<function>:124)
	at jdk.nashorn.internal.scripts.Script$Recompilation$44618$3841A$\^function\_.L:1#issueCommand(<function>:124)
	at jdk.nashorn.internal.scripts.Script$Recompilation$44618$3841A$\^function\_.L:1#issueCommand(<function>:124)
	at jdk.nashorn.internal.scripts.Script$Recompilation$44618$3841A$\^function\_.L:1#issueCommand(<function>:124)
	at jdk.nashorn.internal.scripts.Script$Recompilation$44618$3841A$\^function\_.L:1#issueCommand(<function>:124)
	at jdk.nashorn.internal.scripts.Script$Recompilation$44618$3841A$\^function\_.L:1#issueCommand(<function>:124)
	at jdk.nashorn.internal.scripts.Script$Recompilation$44618$3841A$\^function\_.L:1#issueCommand(<function>:124)
	at jdk.nashorn.internal.scripts.Script$Recompilation$44618$3841A$\^function\_.L:1#issueCommand(<function>:124)
	at jdk.nashorn.internal.scripts.Script$Recompilation$44618$3841A$\^function\_.L:1#issueCommand(<function>:124)
	at jdk.nashorn.internal.scripts.Script$Recompilation$44618$3841A$\^function\_.L:1#issueCommand(<function>:124)
	at jdk.nashorn.internal.scripts.Script$Recompilation$44618$3841A$\^function\_.L:1#issueCommand(<function>:124)
	at jdk.nashorn.internal.scripts.Script$Recompilation$44618$3841A$\^function\_.L:1#issueCommand(<function>:124)
	at jdk.nashorn.internal.scripts.Script$Recompilation$44618$3841A$\^function\_.L:1#issueCommand(<function>:124)
	at jdk.nashorn.internal.scripts.Script$Recompilation$44618$3841A$\^function\_.L:1#issueCommand(<function>:124)
	at jdk.nashorn.internal.scripts.Script$Recompilation$44618$3841A$\^function\_.L:1#issueCommand(<function>:124)
	at jdk.nashorn.internal.scripts.Script$Recompilation$44618$3841A$\^function\_.L:1#issueCommand(<function>:124)
	at jdk.nashorn.internal.scripts.Script$Recompilation$44618$3841A$\^function\_.L:1#issueCommand(<function>:124)
	at jdk.nashorn.internal.scripts.Script$Recompilation$44618$3841A$\^function\_.L:1#issueCommand(<function>:124)
	at jdk.nashorn.internal.scripts.Script$Recompilation$44618$3841A$\^function\_.L:1#issueCommand(<function>:124)
	at jdk.nashorn.internal.scripts.Script$Recompilation$44618$3841A$\^function\_.L:1#issueCommand(<function>:124)
	at jdk.nashorn.internal.scripts.Script$Recompilation$44618$3841A$\^function\_.L:1#issueCommand(<function>:124)
	at jdk.nashorn.internal.scripts.Script$Recompilation$44618$3841A$\^function\_.L:1#issueCommand(<function>:124)
	at jdk.nashorn.internal.scripts.Script$Recompilation$44618$3841A$\^function\_.L:1#issueCommand(<function>:124)
	at jdk.nashorn.internal.scripts.Script$Recompilation$44618$3841A$\^function\_.L:1#issueCommand(<function>:124)
	at jdk.nashorn.internal.scripts.Script$Recompilation$44618$3841A$\^function\_.L:1#issueCommand(<function>:124)
	at jdk.nashorn.internal.scripts.Script$Recompilation$44618$3841A$\^function\_.L:1#issueCommand(<function>:124)
	at jdk.nashorn.internal.scripts.Script$Recompilation$44618$3841A$\^function\_.L:1#issueCommand(<function>:124)
	at jdk.nashorn.internal.scripts.Script$Recompilation$44618$3841A$\^function\_.L:1#issueCommand(<function>:124)
	at jdk.nashorn.internal.scripts.Script$Recompilation$44618$3841A$\^function\_.L:1#issueCommand(<function>:124)
	at jdk.nashorn.internal.scripts.Script$Recompilation$44618$3841A$\^function\_.L:1#issueCommand(<function>:124)
	at jdk.nashorn.internal.scripts.Script$Recompilation$44618$3841A$\^function\_.L:1#issueCommand(<function>:124)
	at jdk.nashorn.internal.scripts.Script$Recompilation$44618$3841A$\^function\_.L:1#issueCommand(<function>:124)
	at jdk.nashorn.internal.scripts.Script$Recompilation$44618$3841A$\^function\_.L:1#issueCommand(<function>:124)
	at jdk.nashorn.internal.scripts.Script$Recompilation$44618$3841A$\^function\_.L:1#issueCommand(<function>:124)
	at jdk.nashorn.internal.scripts.Script$Recompilation$44618$3841A$\^function\_.L:1#issueCommand(<function>:124)
	at jdk.nashorn.internal.scripts.Script$Recompilation$44618$3841A$\^function\_.L:1#issueCommand(<function>:124)
	at jdk.nashorn.internal.scripts.Script$Recompilation$44618$3841A$\^function\_.L:1#issueCommand(<function>:124)
	at jdk.nashorn.internal.scripts.Script$Recompilation$44618$3841A$\^function\_.L:1#issueCommand(<function>:124)
	at jdk.nashorn.internal.scripts.Script$Recompilation$44618$3841A$\^function\_.L:1#issueCommand(<function>:124)
	at jdk.nashorn.internal.scripts.Script$Recompilation$44618$3841A$\^function\_.L:1#issueCommand(<function>:124)
	at jdk.nashorn.internal.scripts.Script$Recompilation$44618$3841A$\^function\_.L:1#issueCommand(<function>:124)
	at jdk.nashorn.internal.scripts.Script$Recompilation$44618$3841A$\^function\_.L:1#issueCommand(<function>:124)
	at jdk.nashorn.internal.scripts.Script$Recompilation$44618$3841A$\^function\_.L:1#issueCommand(<function>:124)
	at jdk.nashorn.internal.scripts.Script$Recompilation$44618$3841A$\^function\_.L:1#issueCommand(<function>:124)
	at jdk.nashorn.internal.scripts.Script$Recompilation$44618$3841A$\^function\_.L:1#issueCommand(<function>:124)
	at jdk.nashorn.internal.scripts.Script$Recompilation$44618$3841A$\^function\_.L:1#issueCommand(<function>:124)
	at jdk.nashorn.internal.scripts.Script$Recompilation$44618$3841A$\^function\_.L:1#issueCommand(<function>:124)
	at jdk.nashorn.internal.scripts.Script$Recompilation$44618$3841A$\^function\_.L:1#issueCommand(<function>:124)
	at jdk.nashorn.internal.scripts.Script$Recompilation$44618$3841A$\^function\_.L:1#issueCommand(<function>:124)
	at jdk.nashorn.internal.scripts.Script$Recompilation$44618$3841A$\^function\_.L:1#issueCommand(<function>:124)
	at jdk.nashorn.internal.scripts.Script$Recompilation$44618$3841A$\^function\_.L:1#issueCommand(<function>:124)
	at jdk.nashorn.internal.scripts.Script$Recompilation$44618$3841A$\^function\_.L:1#issueCommand(<function>:124)
	at jdk.nashorn.internal.scripts.Script$Recompilation$44618$3841A$\^function\_.L:1#issueCommand(<function>:124)
	at jdk.nashorn.internal.scripts.Script$Recompilation$44618$3841A$\^function\_.L:1#issueCommand(<function>:124)
	at jdk.nashorn.internal.scripts.Script$Recompilation$44618$3841A$\^function\_.L:1#issueCommand(<function>:124)
	at jdk.nashorn.internal.scripts.Script$Recompilation$44618$3841A$\^function\_.L:1#issueCommand(<function>:124)
	at jdk.nashorn.internal.scripts.Script$Recompilation$44618$3841A$\^function\_.L:1#issueCommand(<function>:124)
	at jdk.nashorn.internal.scripts.Script$Recompilation$44618$3841A$\^function\_.L:1#issueCommand(<function>:124)
	at jdk.nashorn.internal.scripts.Script$Recompilation$44618$3841A$\^function\_.L:1#issueCommand(<function>:124)
	at jdk.nashorn.internal.scripts.Script$Recompilation$44618$3841A$\^function\_.L:1#issueCommand(<function>:124)
	at jdk.nashorn.internal.scripts.Script$Recompilation$44618$3841A$\^function\_.L:1#issueCommand(<function>:124)
	at jdk.nashorn.internal.scripts.Script$Recompilation$44618$3841A$\^function\_.L:1#issueCommand(<function>:124)
	at jdk.nashorn.internal.scripts.Script$Recompilation$44618$3841A$\^function\_.L:1#issueCommand(<function>:124)
	at jdk.nashorn.internal.scripts.Script$Recompilation$44618$3841A$\^function\_.L:1#issueCommand(<function>:124)
	at jdk.nashorn.internal.scripts.Script$Recompilation$44618$3841A$\^function\_.L:1#issueCommand(<function>:124)
	at jdk.nashorn.internal.scripts.Script$Recompilation$44618$3841A$\^function\_.L:1#issueCommand(<function>:124)
	at jdk.nashorn.internal.scripts.Script$Recompilation$44618$3841A$\^function\_.L:1#issueCommand(<function>:124)
	at jdk.nashorn.internal.scripts.Script$Recompilation$44618$3841A$\^function\_.L:1#issueCommand(<function>:124)
	at jdk.nashorn.internal.scripts.Script$Recompilation$44618$3841A$\^function\_.L:1#issueCommand(<function>:124)
	at jdk.nashorn.internal.scripts.Script$Recompilation$44618$3841A$\^function\_.L:1#issueCommand(<function>:124)
	at jdk.nashorn.internal.scripts.Script$Recompilation$44618$3841A$\^function\_.L:1#issueCommand(<function>:124)
	at jdk.nashorn.internal.scripts.Script$Recompilation$44618$3841A$\^function\_.L:1#issueCommand(<function>:124)
	at jdk.nashorn.internal.scripts.Script$Recompilation$44618$3841A$\^function\_.L:1#issueCommand(<function>:124)
	at jdk.nashorn.internal.scripts.Script$Recompilation$44618$3841A$\^function\_.L:1#issueCommand(<function>:124)
	at jdk.nashorn.internal.scripts.Script$Recompilation$44618$3841A$\^function\_.L:1#issueCommand(<function>:124)
	at jdk.nashorn.internal.scripts.Script$Recompilation$44618$3841A$\^function\_.L:1#issueCommand(<function>:124)
	at jdk.nashorn.internal.scripts.Script$Recompilation$44618$3841A$\^function\_.L:1#issueCommand(<function>:124)
	at jdk.nashorn.internal.scripts.Script$Recompilation$44618$3841A$\^function\_.L:1#issueCommand(<function>:124)
	at jdk.nashorn.internal.scripts.Script$Recompilation$44618$3841A$\^function\_.L:1#issueCommand(<function>:124)
	at jdk.nashorn.internal.scripts.Script$Recompilation$44618$3841A$\^function\_.L:1#issueCommand(<function>:124)
	at jdk.nashorn.internal.scripts.Script$Recompilation$44618$3841A$\^function\_.L:1#issueCommand(<function>:124)
	at jdk.nashorn.internal.scripts.Script$Recompilation$44618$3841A$\^function\_.L:1#issueCommand(<function>:124)
	at jdk.nashorn.internal.scripts.Script$Recompilation$44618$3841A$\^function\_.L:1#issueCommand(<function>:124)
	at jdk.nashorn.internal.scripts.Script$Recompilation$44618$3841A$\^function\_.L:1#issueCommand(<function>:124)
	at jdk.nashorn.internal.scripts.Script$Recompilation$44618$3841A$\^function\_.L:1#issueCommand(<function>:124)
	at jdk.nashorn.internal.scripts.Script$Recompilation$44618$3841A$\^function\_.L:1#issueCommand(<function>:124)
	at jdk.nashorn.internal.scripts.Script$Recompilation$44618$3841A$\^function\_.L:1#issueCommand(<function>:124)
	at jdk.nashorn.internal.scripts.Script$Recompilation$44618$3841A$\^function\_.L:1#issueCommand(<function>:124)
	at jdk.nashorn.internal.scripts.Script$Recompilation$44618$3841A$\^function\_.L:1#issueCommand(<function>:124)
	at jdk.nashorn.internal.scripts.Script$Recompilation$44618$3841A$\^function\_.L:1#issueCommand(<function>:124)
	at jdk.nashorn.internal.scripts.Script$Recompilation$44618$3841A$\^function\_.L:1#issueCommand(<function>:124)
	at jdk.nashorn.internal.scripts.Script$Recompilation$44618$3841A$\^function\_.L:1#issueCommand(<function>:124)
	at jdk.nashorn.internal.scripts.Script$Recompilation$44618$3841A$\^function\_.L:1#issueCommand(<function>:124)
	at jdk.nashorn.internal.scripts.Script$Recompilation$44618$3841A$\^function\_.L:1#issueCommand(<function>:124)
	at jdk.nashorn.internal.scripts.Script$Recompilation$44618$3841A$\^function\_.L:1#issueCommand(<function>:124)
	at jdk.nashorn.internal.scripts.Script$Recompilation$44618$3841A$\^function\_.L:1#issueCommand(<function>:124)
	at jdk.nashorn.internal.scripts.Script$Recompilation$44618$3841A$\^function\_.L:1#issueCommand(<function>:124)
	at jdk.nashorn.internal.scripts.Script$Recompilation$44618$3841A$\^function\_.L:1#issueCommand(<function>:124)
	at jdk.nashorn.internal.scripts.Script$Recompilation$44618$3841A$\^function\_.L:1#issueCommand(<function>:124)
	at jdk.nashorn.internal.scripts.Script$Recompilation$44618$3841A$\^function\_.L:1#issueCommand(<function>:124)
	at jdk.nashorn.internal.scripts.Script$Recompilation$44618$3841A$\^function\_.L:1#issueCommand(<function>:124)
	at jdk.nashorn.internal.scripts.Script$Recompilation$44618$3841A$\^function\_.L:1#issueCommand(<function>:124)
	at jdk.nashorn.internal.scripts.Script$Recompilation$44618$3841A$\^function\_.L:1#issueCommand(<function>:124)
	at jdk.nashorn.internal.scripts.Script$Recompilation$44618$3841A$\^function\_.L:1#issueCommand(<function>:124)
	at jdk.nashorn.internal.scripts.Script$Recompilation$44618$3841A$\^function\_.L:1#issueCommand(<function>:124)
	at jdk.nashorn.internal.scripts.Script$Recompilation$44618$3841A$\^function\_.L:1#issueCommand(<function>:124)
	at jdk.nashorn.internal.scripts.Script$Recompilation$44618$3841A$\^function\_.L:1#issueCommand(<function>:124)
	at jdk.nashorn.internal.scripts.Script$Recompilation$44618$3841A$\^function\_.L:1#issueCommand(<function>:124)
	at jdk.nashorn.internal.scripts.Script$Recompilation$44618$3841A$\^function\_.L:1#issueCommand(<function>:124)
	at jdk.nashorn.internal.scripts.Script$Recompilation$44618$3841A$\^function\_.L:1#issueCommand(<function>:124)
	at jdk.nashorn.internal.scripts.Script$Recompilation$44618$3841A$\^function\_.L:1#issueCommand(<function>:124)
	at jdk.nashorn.internal.scripts.Script$Recompilation$44618$3841A$\^function\_.L:1#issueCommand(<function>:124)
	at jdk.nashorn.internal.scripts.Script$Recompilation$44618$3841A$\^function\_.L:1#issueCommand(<function>:124)
	at jdk.nashorn.internal.scripts.Script$Recompilation$44618$3841A$\^function\_.L:1#issueCommand(<function>:124)
	at jdk.nashorn.internal.scripts.Script$Recompilation$44618$3841A$\^function\_.L:1#issueCommand(<function>:124)
	at jdk.nashorn.internal.scripts.Script$Recompilation$44618$3841A$\^function\_.L:1#issueCommand(<function>:124)
	at jdk.nashorn.internal.scripts.Script$Recompilation$44618$3841A$\^function\_.L:1#issueCommand(<function>:124)
	at jdk.nashorn.internal.scripts.Script$Recompilation$44618$3841A$\^function\_.L:1#issueCommand(<function>:124)
	at jdk.nashorn.internal.scripts.Script$Recompilation$44618$3841A$\^function\_.L:1#issueCommand(<function>:124)
	at jdk.nashorn.internal.scripts.Script$Recompilation$44618$3841A$\^function\_.L:1#issueCommand(<function>:124)
	at jdk.nashorn.internal.scripts.Script$Recompilation$44618$3841A$\^function\_.L:1#issueCommand(<function>:124)
	at jdk.nashorn.internal.scripts.Script$Recompilation$44618$3841A$\^function\_.L:1#issueCommand(<function>:124)
	at jdk.nashorn.internal.scripts.Script$Recompilation$44618$3841A$\^function\_.L:1#issueCommand(<function>:124)
	at jdk.nashorn.internal.scripts.Script$Recompilation$44618$3841A$\^function\_.L:1#issueCommand(<function>:124)
	at jdk.nashorn.internal.scripts.Script$Recompilation$44618$3841A$\^function\_.L:1#issueCommand(<function>:124)
	at jdk.nashorn.internal.scripts.Script$Recompilation$44618$3841A$\^function\_.L:1#issueCommand(<function>:124)
	at jdk.nashorn.internal.scripts.Script$Recompilation$44618$3841A$\^function\_.L:1#issueCommand(<function>:124)
	at jdk.nashorn.internal.scripts.Script$Recompilation$44618$3841A$\^function\_.L:1#issueCommand(<function>:124)
	at jdk.nashorn.internal.scripts.Script$Recompilation$44618$3841A$\^function\_.L:1#issueCommand(<function>:124)
	at jdk.nashorn.internal.scripts.Script$Recompilation$44618$3841A$\^function\_.L:1#issueCommand(<function>:124)
	at jdk.nashorn.internal.scripts.Script$Recompilation$44618$3841A$\^function\_.L:1#issueCommand(<function>:124)
	at jdk.nashorn.internal.scripts.Script$Recompilation$44618$3841A$\^function\_.L:1#issueCommand(<function>:124)
	at jdk.nashorn.internal.scripts.Script$Recompilation$44618$3841A$\^function\_.L:1#issueCommand(<function>:124)
	at jdk.nashorn.internal.scripts.Script$Recompilation$44618$3841A$\^function\_.L:1#issueCommand(<function>:124)
	at jdk.nashorn.internal.scripts.Script$Recompilation$44618$3841A$\^function\_.L:1#issueCommand(<function>:124)
	at jdk.nashorn.internal.scripts.Script$Recompilation$44618$3841A$\^function\_.L:1#issueCommand(<function>:124)
	at jdk.nashorn.internal.scripts.Script$Recompilation$44618$3841A$\^function\_.L:1#issueCommand(<function>:124)
	at jdk.nashorn.internal.scripts.Script$Recompilation$44618$3841A$\^function\_.L:1#issueCommand(<function>:124)
	at jdk.nashorn.internal.scripts.Script$Recompilation$44618$3841A$\^function\_.L:1#issueCommand(<function>:124)
	at jdk.nashorn.internal.scripts.Script$Recompilation$44618$3841A$\^function\_.L:1#issueCommand(<function>:124)
	at jdk.nashorn.internal.scripts.Script$Recompilation$44618$3841A$\^function\_.L:1#issueCommand(<function>:124)
	at jdk.nashorn.internal.scripts.Script$Recompilation$44618$3841A$\^function\_.L:1#issueCommand(<function>:124)
	at jdk.nashorn.internal.scripts.Script$Recompilation$44618$3841A$\^function\_.L:1#issueCommand(<function>:124)
	at jdk.nashorn.internal.scripts.Script$Recompilation$44618$3841A$\^function\_.L:1#issueCommand(<function>:124)
	at jdk.nashorn.internal.scripts.Script$Recompilation$44618$3841A$\^function\_.L:1#issueCommand(<function>:124)
	at jdk.nashorn.internal.scripts.Script$Recompilation$44618$3841A$\^function\_.L:1#issueCommand(<function>:124)
	at jdk.nashorn.internal.scripts.Script$Recompilation$44618$3841A$\^function\_.L:1#issueCommand(<function>:124)
	at jdk.nashorn.internal.scripts.Script$Recompilation$44618$3841A$\^function\_.L:1#issueCommand(<function>:124)
	at jdk.nashorn.internal.scripts.Script$Recompilation$44618$3841A$\^function\_.L:1#issueCommand(<function>:124)
	at jdk.nashorn.internal.scripts.Script$Recompilation$44618$3841A$\^function\_.L:1#issueCommand(<function>:124)
	at jdk.nashorn.internal.scripts.Script$Recompilation$44618$3841A$\^function\_.L:1#issueCommand(<function>:124)
	at jdk.nashorn.internal.scripts.Script$Recompilation$44618$3841A$\^function\_.L:1#issueCommand(<function>:124)
	at jdk.nashorn.internal.scripts.Script$Recompilation$44618$3841A$\^function\_.L:1#issueCommand(<function>:124)
	at jdk.nashorn.internal.scripts.Script$Recompilation$44618$3841A$\^function\_.L:1#issueCommand(<function>:124)
	at jdk.nashorn.internal.scripts.Script$Recompilation$44618$3841A$\^function\_.L:1#issueCommand(<function>:124)
	at jdk.nashorn.internal.scripts.Script$Recompilation$44618$3841A$\^function\_.L:1#issueCommand(<function>:124)
	at jdk.nashorn.internal.scripts.Script$Recompilation$44618$3841A$\^function\_.L:1#issueCommand(<function>:124)
	at jdk.nashorn.internal.scripts.Script$Recompilation$44618$3841A$\^function\_.L:1#issueCommand(<function>:124)
	at jdk.nashorn.internal.scripts.Script$Recompilation$44618$3841A$\^function\_.L:1#issueCommand(<function>:124)
	at jdk.nashorn.internal.scripts.Script$Recompilation$44618$3841A$\^function\_.L:1#issueCommand(<function>:124)
	at jdk.nashorn.internal.scripts.Script$Recompilation$44618$3841A$\^function\_.L:1#issueCommand(<function>:124)
	at jdk.nashorn.internal.scripts.Script$Recompilation$44618$3841A$\^function\_.L:1#issueCommand(<function>:124)
	at jdk.nashorn.internal.scripts.Script$Recompilation$44618$3841A$\^function\_.L:1#issueCommand(<function>:124)
	at jdk.nashorn.internal.scripts.Script$Recompilation$44618$3841A$\^function\_.L:1#issueCommand(<function>:124)
	at jdk.nashorn.internal.scripts.Script$Recompilation$44618$3841A$\^function\_.L:1#issueCommand(<function>:124)
	at jdk.nashorn.internal.scripts.Script$Recompilation$44618$3841A$\^function\_.L:1#issueCommand(<function>:124)
	at jdk.nashorn.internal.scripts.Script$Recompilation$44618$3841A$\^function\_.L:1#issueCommand(<function>:124)
	at jdk.nashorn.internal.scripts.Script$Recompilation$44618$3841A$\^function\_.L:1#issueCommand(<function>:124)
	at jdk.nashorn.internal.scripts.Script$Recompilation$44618$3841A$\^function\_.L:1#issueCommand(<function>:124)
	at jdk.nashorn.internal.scripts.Script$Recompilation$44618$3841A$\^function\_.L:1#issueCommand(<function>:124)
	at jdk.nashorn.internal.scripts.Script$Recompilation$44618$3841A$\^function\_.L:1#issueCommand(<function>:124)
	at jdk.nashorn.internal.scripts.Script$Recompilation$44618$3841A$\^function\_.L:1#issueCommand(<function>:124)
	at jdk.nashorn.internal.scripts.Script$Recompilation$44618$3841A$\^function\_.L:1#issueCommand(<function>:124)
	at jdk.nashorn.internal.scripts.Script$Recompilation$44618$3841A$\^function\_.L:1#issueCommand(<function>:124)
	at jdk.nashorn.internal.scripts.Script$Recompilation$44618$3841A$\^function\_.L:1#issueCommand(<function>:124)
	at jdk.nashorn.internal.scripts.Script$Recompilation$44618$3841A$\^function\_.L:1#issueCommand(<function>:124)
	at jdk.nashorn.internal.scripts.Script$Recompilation$44618$3841A$\^function\_.L:1#issueCommand(<function>:124)
	at jdk.nashorn.internal.scripts.Script$Recompilation$44618$3841A$\^function\_.L:1#issueCommand(<function>:124)
	at jdk.nashorn.internal.scripts.Script$Recompilation$44618$3841A$\^function\_.L:1#issueCommand(<function>:124)
	at jdk.nashorn.internal.scripts.Script$Recompilation$44618$3841A$\^function\_.L:1#issueCommand(<function>:124)
	at jdk.nashorn.internal.scripts.Script$Recompilation$44618$3841A$\^function\_.L:1#issueCommand(<function>:124)
	at jdk.nashorn.internal.scripts.Script$Recompilation$44618$3841A$\^function\_.L:1#issueCommand(<function>:124)
	at jdk.nashorn.internal.scripts.Script$Recompilation$44618$3841A$\^function\_.L:1#issueCommand(<function>:124)
	at jdk.nashorn.internal.scripts.Script$Recompilation$44618$3841A$\^function\_.L:1#issueCommand(<function>:124)
	at jdk.nashorn.internal.scripts.Script$Recompilation$44618$3841A$\^function\_.L:1#issueCommand(<function>:124)
	at jdk.nashorn.internal.scripts.Script$Recompilation$44618$3841A$\^function\_.L:1#issueCommand(<function>:124)
	at jdk.nashorn.internal.scripts.Script$Recompilation$44618$3841A$\^function\_.L:1#issueCommand(<function>:124)
	at jdk.nashorn.internal.scripts.Script$Recompilation$44618$3841A$\^function\_.L:1#issueCommand(<function>:124)
	at jdk.nashorn.internal.scripts.Script$Recompilation$44618$3841A$\^function\_.L:1#issueCommand(<function>:124)
	at jdk.nashorn.internal.scripts.Script$Recompilation$44618$3841A$\^function\_.L:1#issueCommand(<function>:124)
	at jdk.nashorn.internal.scripts.Script$Recompilation$44618$3841A$\^function\_.L:1#issueCommand(<function>:124)
	at jdk.nashorn.internal.scripts.Script$Recompilation$44618$3841A$\^function\_.L:1#issueCommand(<function>:124)
	at jdk.nashorn.internal.scripts.Script$Recompilation$44618$3841A$\^function\_.L:1#issueCommand(<function>:124)
	at jdk.nashorn.internal.scripts.Script$Recompilation$44618$3841A$\^function\_.L:1#issueCommand(<function>:124)
	at jdk.nashorn.internal.scripts.Script$Recompilation$44618$3841A$\^function\_.L:1#issueCommand(<function>:124)
	at jdk.nashorn.internal.scripts.Script$Recompilation$44618$3841A$\^function\_.L:1#issueCommand(<function>:124)
	at jdk.nashorn.internal.scripts.Script$Recompilation$44618$3841A$\^function\_.L:1#issueCommand(<function>:124)
	at jdk.nashorn.internal.scripts.Script$Recompilation$44618$3841A$\^function\_.L:1#issueCommand(<function>:124)
	at jdk.nashorn.internal.scripts.Script$Recompilation$44618$3841A$\^function\_.L:1#issueCommand(<function>:124)
	at jdk.nashorn.internal.scripts.Script$Recompilation$44618$3841A$\^function\_.L:1#issueCommand(<function>:124)
	at jdk.nashorn.internal.scripts.Script$Recompilation$44618$3841A$\^function\_.L:1#issueCommand(<function>:124)
	at jdk.nashorn.internal.scripts.Script$Recompilation$44618$3841A$\^function\_.L:1#issueCommand(<function>:124)
	at jdk.nashorn.internal.scripts.Script$Recompilation$44618$3841A$\^function\_.L:1#issueCommand(<function>:124)
	at jdk.nashorn.internal.scripts.Script$Recompilation$44618$3841A$\^function\_.L:1#issueCommand(<function>:124)
	at jdk.nashorn.internal.scripts.Script$Recompilation$44618$3841A$\^function\_.L:1#issueCommand(<function>:124)
	at jdk.nashorn.internal.scripts.Script$Recompilation$44618$3841A$\^function\_.L:1#issueCommand(<function>:124)
	at jdk.nashorn.internal.scripts.Script$Recompilation$44618$3841A$\^function\_.L:1#issueCommand(<function>:124)
	at jdk.nashorn.internal.scripts.Script$Recompilation$44618$3841A$\^function\_.L:1#issueCommand(<function>:124)
	at jdk.nashorn.internal.scripts.Script$Recompilation$44618$3841A$\^function\_.L:1#issueCommand(<function>:124)
	at jdk.nashorn.internal.scripts.Script$Recompilation$44618$3841A$\^function\_.L:1#issueCommand(<function>:124)
	at jdk.nashorn.internal.scripts.Script$Recompilation$44618$3841A$\^function\_.L:1#issueCommand(<function>:124)
	at jdk.nashorn.internal.scripts.Script$Recompilation$44618$3841A$\^function\_.L:1#issueCommand(<function>:124)
	at jdk.nashorn.internal.scripts.Script$Recompilation$44618$3841A$\^function\_.L:1#issueCommand(<function>:124)
	at jdk.nashorn.internal.scripts.Script$Recompilation$44618$3841A$\^function\_.L:1#issueCommand(<function>:124)
	at jdk.nashorn.internal.scripts.Script$Recompilation$44618$3841A$\^function\_.L:1#issueCommand(<function>:124)
	at jdk.nashorn.internal.scripts.Script$Recompilation$44618$3841A$\^function\_.L:1#issueCommand(<function>:124)
	at jdk.nashorn.internal.scripts.Script$Recompilation$44618$3841A$\^function\_.L:1#issueCommand(<function>:124)
	at jdk.nashorn.internal.scripts.Script$Recompilation$44618$3841A$\^function\_.L:1#issueCommand(<function>:124)
	at jdk.nashorn.internal.scripts.Script$Recompilation$44618$3841A$\^function\_.L:1#issueCommand(<function>:124)
	at jdk.nashorn.internal.scripts.Script$Recompilation$44618$3841A$\^function\_.L:1#issueCommand(<function>:124)
	at jdk.nashorn.internal.scripts.Script$Recompilation$44618$3841A$\^function\_.L:1#issueCommand(<function>:124)
	at jdk.nashorn.internal.scripts.Script$Recompilation$44618$3841A$\^function\_.L:1#issueCommand(<function>:124)
	at jdk.nashorn.internal.scripts.Script$Recompilation$44618$3841A$\^function\_.L:1#issueCommand(<function>:124)
	at jdk.nashorn.internal.scripts.Script$Recompilation$44618$3841A$\^function\_.L:1#issueCommand(<function>:124)
	at jdk.nashorn.internal.scripts.Script$Recompilation$44618$3841A$\^function\_.L:1#issueCommand(<function>:124)
	at jdk.nashorn.internal.scripts.Script$Recompilation$44618$3841A$\^function\_.L:1#issueCommand(<function>:124)
	at jdk.nashorn.internal.scripts.Script$Recompilation$44618$3841A$\^function\_.L:1#issueCommand(<function>:124)
	at jdk.nashorn.internal.scripts.Script$Recompilation$44618$3841A$\^function\_.L:1#issueCommand(<function>:124)
	at jdk.nashorn.internal.scripts.Script$Recompilation$44618$3841A$\^function\_.L:1#issueCommand(<function>:124)
	at jdk.nashorn.internal.scripts.Script$Recompilation$44618$3841A$\^function\_.L:1#issueCommand(<function>:124)
	at jdk.nashorn.internal.scripts.Script$Recompilation$44618$3841A$\^function\_.L:1#issueCommand(<function>:124)
	at jdk.nashorn.internal.scripts.Script$Recompilation$44618$3841A$\^function\_.L:1#issueCommand(<function>:124)
	at jdk.nashorn.internal.scripts.Script$Recompilation$44618$3841A$\^function\_.L:1#issueCommand(<function>:124)
	at jdk.nashorn.internal.scripts.Script$Recompilation$44618$3841A$\^function\_.L:1#issueCommand(<function>:124)
	at jdk.nashorn.internal.scripts.Script$Recompilation$44618$3841A$\^function\_.L:1#issueCommand(<function>:124)
	at jdk.nashorn.internal.scripts.Script$Recompilation$44618$3841A$\^function\_.L:1#issueCommand(<function>:124)
	at jdk.nashorn.internal.scripts.Script$Recompilation$44618$3841A$\^function\_.L:1#issueCommand(<function>:124)
	at jdk.nashorn.internal.scripts.Script$Recompilation$44618$3841A$\^function\_.L:1#issueCommand(<function>:124)
	at jdk.nashorn.internal.scripts.Script$Recompilation$44618$3841A$\^function\_.L:1#issueCommand(<function>:124)
	at jdk.nashorn.internal.scripts.Script$Recompilation$44618$3841A$\^function\_.L:1#issueCommand(<function>:124)
	at jdk.nashorn.internal.scripts.Script$Recompilation$44618$3841A$\^function\_.L:1#issueCommand(<function>:124)
	at jdk.nashorn.internal.scripts.Script$Recompilation$44618$3841A$\^function\_.L:1#issueCommand(<function>:124)
	at jdk.nashorn.internal.scripts.Script$Recompilation$44618$3841A$\^function\_.L:1#issueCommand(<function>:124)
	at jdk.nashorn.internal.scripts.Script$Recompilation$44618$3841A$\^function\_.L:1#issueCommand(<function>:124)
	at jdk.nashorn.internal.scripts.Script$Recompilation$44618$3841A$\^function\_.L:1#issueCommand(<function>:124)
	at jdk.nashorn.internal.scripts.Script$Recompilation$44618$3841A$\^function\_.L:1#issueCommand(<function>:124)
	at jdk.nashorn.internal.scripts.Script$Recompilation$44618$3841A$\^function\_.L:1#issueCommand(<function>:124)
	at jdk.nashorn.internal.scripts.Script$Recompilation$44618$3841A$\^function\_.L:1#issueCommand(<function>:124)
	at jdk.nashorn.internal.scripts.Script$Recompilation$44618$3841A$\^function\_.L:1#issueCommand(<function>:124)
	at jdk.nashorn.internal.scripts.Script$Recompilation$44618$3841A$\^function\_.L:1#issueCommand(<function>:124)
	at jdk.nashorn.internal.scripts.Script$Recompilation$44618$3841A$\^function\_.L:1#issueCommand(<function>:124)
	at jdk.nashorn.internal.scripts.Script$Recompilation$44618$3841A$\^function\_.L:1#issueCommand(<function>:124)
	at jdk.nashorn.internal.scripts.Script$Recompilation$44618$3841A$\^function\_.L:1#issueCommand(<function>:124)
	at jdk.nashorn.internal.scripts.Script$Recompilation$44618$3841A$\^function\_.L:1#issueCommand(<function>:124)
	at jdk.nashorn.internal.scripts.Script$Recompilation$44618$3841A$\^function\_.L:1#issueCommand(<function>:124)
	at jdk.nashorn.internal.scripts.Script$Recompilation$44618$3841A$\^function\_.L:1#issueCommand(<function>:124)
	at jdk.nashorn.internal.scripts.Script$Recompilation$44618$3841A$\^function\_.L:1#issueCommand(<function>:124)
	at jdk.nashorn.internal.scripts.Script$Recompilation$44618$3841A$\^function\_.L:1#issueCommand(<function>:124)
	at jdk.nashorn.internal.scripts.Script$Recompilation$44618$3841A$\^function\_.L:1#issueCommand(<function>:124)
	at jdk.nashorn.internal.scripts.Script$Recompilation$44618$3841A$\^function\_.L:1#issueCommand(<function>:124)
	at jdk.nashorn.internal.scripts.Script$Recompilation$44618$3841A$\^function\_.L:1#issueCommand(<function>:124)
	at jdk.nashorn.internal.scripts.Script$Recompilation$44618$3841A$\^function\_.L:1#issueCommand(<function>:124)
	at jdk.nashorn.internal.scripts.Script$Recompilation$44618$3841A$\^function\_.L:1#issueCommand(<function>:124)
	at jdk.nashorn.internal.scripts.Script$Recompilation$44618$3841A$\^function\_.L:1#issueCommand(<function>:124)
	at jdk.nashorn.internal.scripts.Script$Recompilation$44618$3841A$\^function\_.L:1#issueCommand(<function>:124)
	at jdk.nashorn.internal.scripts.Script$Recompilation$44618$3841A$\^function\_.L:1#issueCommand(<function>:124)
	at jdk.nashorn.internal.scripts.Script$Recompilation$44618$3841A$\^function\_.L:1#issueCommand(<function>:124)
	at jdk.nashorn.internal.scripts.Script$Recompilation$44618$3841A$\^function\_.L:1#issueCommand(<function>:124)
	at jdk.nashorn.internal.scripts.Script$Recompilation$44618$3841A$\^function\_.L:1#issueCommand(<function>:124)
	at jdk.nashorn.internal.scripts.Script$Recompilation$44618$3841A$\^function\_.L:1#issueCommand(<function>:124)
	at jdk.nashorn.internal.scripts.Script$Recompilation$44618$3841A$\^function\_.L:1#issueCommand(<function>:124)
	at jdk.nashorn.internal.scripts.Script$Recompilation$44618$3841A$\^function\_.L:1#issueCommand(<function>:124)
	at jdk.nashorn.internal.scripts.Script$Recompilation$44618$3841A$\^function\_.L:1#issueCommand(<function>:124)
	at jdk.nashorn.internal.scripts.Script$Recompilation$44618$3841A$\^function\_.L:1#issueCommand(<function>:124)
	at jdk.nashorn.internal.scripts.Script$Recompilation$44618$3841A$\^function\_.L:1#issueCommand(<function>:124)
	at jdk.nashorn.internal.scripts.Script$Recompilation$44618$3841A$\^function\_.L:1#issueCommand(<function>:124)
	at jdk.nashorn.internal.scripts.Script$Recompilation$44618$3841A$\^function\_.L:1#issueCommand(<function>:124)
	at jdk.nashorn.internal.scripts.Script$Recompilation$44618$3841A$\^function\_.L:1#issueCommand(<function>:124)
	at jdk.nashorn.internal.scripts.Script$Recompilation$44618$3841A$\^function\_.L:1#issueCommand(<function>:124)
	at jdk.nashorn.internal.scripts.Script$Recompilation$44618$3841A$\^function\_.L:1#issueCommand(<function>:124)
	at jdk.nashorn.internal.scripts.Script$Recompilation$44618$3841A$\^function\_.L:1#issueCommand(<function>:124)
	at jdk.nashorn.internal.scripts.Script$Recompilation$44618$3841A$\^function\_.L:1#issueCommand(<function>:124)
	at jdk.nashorn.internal.scripts.Script$Recompilation$44618$3841A$\^function\_.L:1#issueCommand(<function>:124)
	at jdk.nashorn.internal.scripts.Script$Recompilation$44618$3841A$\^function\_.L:1#issueCommand(<function>:124)
	at jdk.nashorn.internal.scripts.Script$Recompilation$44618$3841A$\^function\_.L:1#issueCommand(<function>:124)
	at jdk.nashorn.internal.scripts.Script$Recompilation$44618$3841A$\^function\_.L:1#issueCommand(<function>:124)
	at jdk.nashorn.internal.scripts.Script$Recompilation$44618$3841A$\^function\_.L:1#issueCommand(<function>:124)
	at jdk.nashorn.internal.scripts.Script$Recompilation$44618$3841A$\^function\_.L:1#issueCommand(<function>:124)
	at jdk.nashorn.internal.scripts.Script$Recompilation$44618$3841A$\^function\_.L:1#issueCommand(<function>:124)
	at jdk.nashorn.internal.scripts.Script$Recompilation$44618$3841A$\^function\_.L:1#issueCommand(<function>:124)
	at jdk.nashorn.internal.scripts.Script$Recompilation$44618$3841A$\^function\_.L:1#issueCommand(<function>:124)
	at jdk.nashorn.internal.scripts.Script$Recompilation$44618$3841A$\^function\_.L:1#issueCommand(<function>:124)
	at jdk.nashorn.internal.scripts.Script$Recompilation$44618$3841A$\^function\_.L:1#issueCommand(<function>:124)
	at jdk.nashorn.internal.scripts.Script$Recompilation$44618$3841A$\^function\_.L:1#issueCommand(<function>:124)
	at jdk.nashorn.internal.scripts.Script$Recompilation$44618$3841A$\^function\_.L:1#issueCommand(<function>:124)
	at jdk.nashorn.internal.scripts.Script$Recompilation$44618$3841A$\^function\_.L:1#issueCommand(<function>:124)
	at jdk.nashorn.internal.scripts.Script$Recompilation$44618$3841A$\^function\_.L:1#issueCommand(<function>:124)
	at jdk.nashorn.internal.scripts.Script$Recompilation$44618$3841A$\^function\_.L:1#issueCommand(<function>:124)
	at jdk.nashorn.internal.scripts.Script$Recompilation$44618$3841A$\^function\_.L:1#issueCommand(<function>:124)
	at jdk.nashorn.internal.scripts.Script$Recompilation$44618$3841A$\^function\_.L:1#issueCommand(<function>:124)
	at jdk.nashorn.internal.scripts.Script$Recompilation$44618$3841A$\^function\_.L:1#issueCommand(<function>:124)
	at jdk.nashorn.internal.scripts.Script$Recompilation$44618$3841A$\^function\_.L:1#issueCommand(<function>:124)
	at jdk.nashorn.internal.scripts.Script$Recompilation$44618$3841A$\^function\_.L:1#issueCommand(<function>:124)
	at jdk.nashorn.internal.scripts.Script$Recompilation$44618$3841A$\^function\_.L:1#issueCommand(<function>:124)
	at jdk.nashorn.internal.scripts.Script$Recompilation$44618$3841A$\^function\_.L:1#issueCommand(<function>:124)
	at jdk.nashorn.internal.scripts.Script$Recompilation$44618$3841A$\^function\_.L:1#issueCommand(<function>:124)
	at jdk.nashorn.internal.scripts.Script$Recompilation$44618$3841A$\^function\_.L:1#issueCommand(<function>:124)
	at jdk.nashorn.internal.scripts.Script$Recompilation$44618$3841A$\^function\_.L:1#issueCommand(<function>:124)
	at jdk.nashorn.internal.scripts.Script$Recompilation$44618$3841A$\^function\_.L:1#issueCommand(<function>:124)
	at jdk.nashorn.internal.scripts.Script$Recompilation$44618$3841A$\^function\_.L:1#issueCommand(<function>:124)
	at jdk.nashorn.internal.scripts.Script$Recompilation$44618$3841A$\^function\_.L:1#issueCommand(<function>:124)
	at jdk.nashorn.internal.scripts.Script$Recompilation$44618$3841A$\^function\_.L:1#issueCommand(<function>:124)
	at jdk.nashorn.internal.scripts.Script$Recompilation$44618$3841A$\^function\_.L:1#issueCommand(<function>:124)
	at jdk.nashorn.internal.scripts.Script$Recompilation$44618$3841A$\^function\_.L:1#issueCommand(<function>:124)
	at jdk.nashorn.internal.scripts.Script$Recompilation$44618$3841A$\^function\_.L:1#issueCommand(<function>:124)
	at jdk.nashorn.internal.scripts.Script$Recompilation$44618$3841A$\^function\_.L:1#issueCommand(<function>:124)
	at jdk.nashorn.internal.scripts.Script$Recompilation$44618$3841A$\^function\_.L:1#issueCommand(<function>:124)
	at jdk.nashorn.internal.scripts.Script$Recompilation$44618$3841A$\^function\_.L:1#issueCommand(<function>:124)
	at jdk.nashorn.internal.scripts.Script$Recompilation$44618$3841A$\^function\_.L:1#issueCommand(<function>:124)
	at jdk.nashorn.internal.scripts.Script$Recompilation$44618$3841A$\^function\_.L:1#issueCommand(<function>:124)
	at jdk.nashorn.internal.scripts.Script$Recompilation$44618$3841A$\^function\_.L:1#issueCommand(<function>:124)
	at jdk.nashorn.internal.scripts.Script$Recompilation$44618$3841A$\^function\_.L:1#issueCommand(<function>:124)
	at jdk.nashorn.internal.scripts.Script$Recompilation$44618$3841A$\^function\_.L:1#issueCommand(<function>:124)
	at jdk.nashorn.internal.scripts.Script$Recompilation$44618$3841A$\^function\_.L:1#issueCommand(<function>:124)
	at jdk.nashorn.internal.scripts.Script$Recompilation$44618$3841A$\^function\_.L:1#issueCommand(<function>:124)
	at jdk.nashorn.internal.scripts.Script$Recompilation$44618$3841A$\^function\_.L:1#issueCommand(<function>:124)
	at jdk.nashorn.internal.scripts.Script$Recompilation$44618$3841A$\^function\_.L:1#issueCommand(<function>:124)
	at jdk.nashorn.internal.scripts.Script$Recompilation$44618$3841A$\^function\_.L:1#issueCommand(<function>:124)
	at jdk.nashorn.internal.scripts.Script$Recompilation$44618$3841A$\^function\_.L:1#issueCommand(<function>:124)
	at jdk.nashorn.internal.scripts.Script$Recompilation$44618$3841A$\^function\_.L:1#issueCommand(<function>:124)
	at jdk.nashorn.internal.scripts.Script$Recompilation$44618$3841A$\^function\_.L:1#issueCommand(<function>:124)
	at jdk.nashorn.internal.scripts.Script$Recompilation$44618$3841A$\^function\_.L:1#issueCommand(<function>:124)
	at jdk.nashorn.internal.scripts.Script$Recompilation$44618$3841A$\^function\_.L:1#issueCommand(<function>:124)
	at jdk.nashorn.internal.scripts.Script$Recompilation$44618$3841A$\^function\_.L:1#issueCommand(<function>:124)
	at jdk.nashorn.internal.scripts.Script$Recompilation$44618$3841A$\^function\_.L:1#issueCommand(<function>:124)
	at jdk.nashorn.internal.scripts.Script$Recompilation$44618$3841A$\^function\_.L:1#issueCommand(<function>:124)
	at jdk.nashorn.internal.scripts.Script$Recompilation$44618$3841A$\^function\_.L:1#issueCommand(<function>:124)
	at jdk.nashorn.internal.scripts.Script$Recompilation$44618$3841A$\^function\_.L:1#issueCommand(<function>:124)
	at jdk.nashorn.internal.scripts.Script$Recompilation$44618$3841A$\^function\_.L:1#issueCommand(<function>:124)
	at jdk.nashorn.internal.scripts.Script$Recompilation$44618$3841A$\^function\_.L:1#issueCommand(<function>:124)
	at jdk.nashorn.internal.scripts.Script$Recompilation$44618$3841A$\^function\_.L:1#issueCommand(<function>:124)
	at jdk.nashorn.internal.scripts.Script$Recompilation$44618$3841A$\^function\_.L:1#issueCommand(<function>:124)
	at jdk.nashorn.internal.scripts.Script$Recompilation$44618$3841A$\^function\_.L:1#issueCommand(<function>:124)
	at jdk.nashorn.internal.scripts.Script$Recompilation$44618$3841A$\^function\_.L:1#issueCommand(<function>:124)
	at jdk.nashorn.internal.scripts.Script$Recompilation$44618$3841A$\^function\_.L:1#issueCommand(<function>:124)
	at jdk.nashorn.internal.scripts.Script$Recompilation$44618$3841A$\^function\_.L:1#issueCommand(<function>:124)
	at jdk.nashorn.internal.scripts.Script$Recompilation$44618$3841A$\^function\_.L:1#issueCommand(<function>:124)
	at jdk.nashorn.internal.scripts.Script$Recompilation$44618$3841A$\^function\_.L:1#issueCommand(<function>:124)
	at jdk.nashorn.internal.scripts.Script$Recompilation$44618$3841A$\^function\_.L:1#issueCommand(<function>:124)
	at jdk.nashorn.internal.scripts.Script$Recompilation$44618$3841A$\^function\_.L:1#issueCommand(<function>:124)
	at jdk.nashorn.internal.scripts.Script$Recompilation$44618$3841A$\^function\_.L:1#issueCommand(<function>:124)
	at jdk.nashorn.internal.scripts.Script$Recompilation$44618$3841A$\^function\_.L:1#issueCommand(<function>:124)
	at jdk.nashorn.internal.scripts.Script$Recompilation$44618$3841A$\^function\_.L:1#issueCommand(<function>:124)
	at jdk.nashorn.internal.scripts.Script$Recompilation$44618$3841A$\^function\_.L:1#issueCommand(<function>:124)
	at jdk.nashorn.internal.scripts.Script$Recompilation$44618$3841A$\^function\_.L:1#issueCommand(<function>:124)
	at jdk.nashorn.internal.scripts.Script$Recompilation$44618$3841A$\^function\_.L:1#issueCommand(<function>:124)
	at jdk.nashorn.internal.scripts.Script$Recompilation$44618$3841A$\^function\_.L:1#issueCommand(<function>:124)
	at jdk.nashorn.internal.scripts.Script$Recompilation$44618$3841A$\^function\_.L:1#issueCommand(<function>:124)
	at jdk.nashorn.internal.scripts.Script$Recompilation$44618$3841A$\^function\_.L:1#issueCommand(<function>:124)
	at jdk.nashorn.internal.scripts.Script$Recompilation$44618$3841A$\^function\_.L:1#issueCommand(<function>:124)
	at jdk.nashorn.internal.scripts.Script$Recompilation$44618$3841A$\^function\_.L:1#issueCommand(<function>:124)
	at jdk.nashorn.internal.scripts.Script$Recompilation$44618$3841A$\^function\_.L:1#issueCommand(<function>:124)
	at jdk.nashorn.internal.scripts.Script$Recompilation$44618$3841A$\^function\_.L:1#issueCommand(<function>:124)
	at jdk.nashorn.internal.scripts.Script$Recompilation$44618$3841A$\^function\_.L:1#issueCommand(<function>:124)
	at jdk.nashorn.internal.scripts.Script$Recompilation$44618$3841A$\^function\_.L:1#issueCommand(<function>:124)
	at jdk.nashorn.internal.scripts.Script$Recompilation$44618$3841A$\^function\_.L:1#issueCommand(<function>:124)
	at jdk.nashorn.internal.scripts.Script$Recompilation$44618$3841A$\^function\_.L:1#issueCommand(<function>:124)
	at jdk.nashorn.internal.scripts.Script$Recompilation$44618$3841A$\^function\_.L:1#issueCommand(<function>:124)
	at jdk.nashorn.internal.scripts.Script$Recompilation$44618$3841A$\^function\_.L:1#issueCommand(<function>:124)
	at jdk.nashorn.internal.scripts.Script$Recompilation$44618$3841A$\^function\_.L:1#issueCommand(<function>:124)
	at jdk.nashorn.internal.scripts.Script$Recompilation$44618$3841A$\^function\_.L:1#issueCommand(<function>:124)
	at jdk.nashorn.internal.scripts.Script$Recompilation$44618$3841A$\^function\_.L:1#issueCommand(<function>:124)
	at jdk.nashorn.internal.scripts.Script$Recompilation$44618$3841A$\^function\_.L:1#issueCommand(<function>:124)
	at jdk.nashorn.internal.scripts.Script$Recompilation$44618$3841A$\^function\_.L:1#issueCommand(<function>:124)
	at jdk.nashorn.internal.scripts.Script$Recompilation$44618$3841A$\^function\_.L:1#issueCommand(<function>:124)
	at jdk.nashorn.internal.scripts.Script$Recompilation$44618$3841A$\^function\_.L:1#issueCommand(<function>:124)
	at jdk.nashorn.internal.scripts.Script$Recompilation$44618$3841A$\^function\_.L:1#issueCommand(<function>:124)
	at jdk.nashorn.internal.scripts.Script$Recompilation$44618$3841A$\^function\_.L:1#issueCommand(<function>:124)
	at jdk.nashorn.internal.scripts.Script$Recompilation$44618$3841A$\^function\_.L:1#issueCommand(<function>:124)
	at jdk.nashorn.internal.scripts.Script$Recompilation$44618$3841A$\^function\_.L:1#issueCommand(<function>:124)
	at jdk.nashorn.internal.scripts.Script$Recompilation$44618$3841A$\^function\_.L:1#issueCommand(<function>:124)
	at jdk.nashorn.internal.scripts.Script$Recompilation$44618$3841A$\^function\_.L:1#issueCommand(<function>:124)
	at jdk.nashorn.internal.scripts.Script$Recompilation$44618$3841A$\^function\_.L:1#issueCommand(<function>:124)
	at jdk.nashorn.internal.scripts.Script$Recompilation$44618$3841A$\^function\_.L:1#issueCommand(<function>:124)
	at jdk.nashorn.internal.scripts.Script$Recompilation$44618$3841A$\^function\_.L:1#issueCommand(<function>:124)
	at jdk.nashorn.internal.scripts.Script$Recompilation$44618$3841A$\^function\_.L:1#issueCommand(<function>:124)
	at jdk.nashorn.internal.scripts.Script$Recompilation$44618$3841A$\^function\_.L:1#issueCommand(<function>:124)
	at jdk.nashorn.internal.scripts.Script$Recompilation$44618$3841A$\^function\_.L:1#issueCommand(<function>:124)
	at jdk.nashorn.internal.scripts.Script$Recompilation$44618$3841A$\^function\_.L:1#issueCommand(<function>:124)
	at jdk.nashorn.internal.scripts.Script$Recompilation$44618$3841A$\^function\_.L:1#issueCommand(<function>:124)
	at jdk.nashorn.internal.scripts.Script$Recompilation$44618$3841A$\^function\_.L:1#issueCommand(<function>:124)
	at jdk.nashorn.internal.scripts.Script$Recompilation$44618$3841A$\^function\_.L:1#issueCommand(<function>:124)
	at jdk.nashorn.internal.scripts.Script$Recompilation$44618$3841A$\^function\_.L:1#issueCommand(<function>:124)
	at jdk.nashorn.internal.scripts.Script$Recompilation$44618$3841A$\^function\_.L:1#issueCommand(<function>:124)
	at jdk.nashorn.internal.scripts.Script$Recompilation$44618$3841A$\^function\_.L:1#issueCommand(<function>:124)
	at jdk.nashorn.internal.scripts.Script$Recompilation$44618$3841A$\^function\_.L:1#issueCommand(<function>:124)
	at jdk.nashorn.internal.scripts.Script$Recompilation$44618$3841A$\^function\_.L:1#issueCommand(<function>:124)
	at jdk.nashorn.internal.scripts.Script$Recompilation$44618$3841A$\^function\_.L:1#issueCommand(<function>:124)
	at jdk.nashorn.internal.scripts.Script$Recompilation$44618$3841A$\^function\_.L:1#issueCommand(<function>:124)
	at jdk.nashorn.internal.scripts.Script$Recompilation$44618$3841A$\^function\_.L:1#issueCommand(<function>:124)
	at jdk.nashorn.internal.scripts.Script$Recompilation$44618$3841A$\^function\_.L:1#issueCommand(<function>:124)
	at jdk.nashorn.internal.scripts.Script$Recompilation$44618$3841A$\^function\_.L:1#issueCommand(<function>:124)
	at jdk.nashorn.internal.scripts.Script$Recompilation$44618$3841A$\^function\_.L:1#issueCommand(<function>:124)
	at jdk.nashorn.internal.scripts.Script$Recompilation$44618$3841A$\^function\_.L:1#issueCommand(<function>:124)
	at jdk.nashorn.internal.scripts.Script$Recompilation$44618$3841A$\^function\_.L:1#issueCommand(<function>:124)
	at jdk.nashorn.internal.scripts.Script$Recompilation$44618$3841A$\^function\_.L:1#issueCommand(<function>:124)
	at jdk.nashorn.internal.scripts.Script$Recompilation$44618$3841A$\^function\_.L:1#issueCommand(<function>:124)
	at jdk.nashorn.internal.scripts.Script$Recompilation$44618$3841A$\^function\_.L:1#issueCommand(<function>:124)
	at jdk.nashorn.internal.scripts.Script$Recompilation$44618$3841A$\^function\_.L:1#issueCommand(<function>:124)
	at jdk.nashorn.internal.scripts.Script$Recompilation$44618$3841A$\^function\_.L:1#issueCommand(<function>:124)
	at jdk.nashorn.internal.scripts.Script$Recompilation$44618$3841A$\^function\_.L:1#issueCommand(<function>:124)
	at jdk.nashorn.internal.scripts.Script$Recompilation$44618$3841A$\^function\_.L:1#issueCommand(<function>:124)
	at jdk.nashorn.internal.scripts.Script$Recompilation$44618$3841A$\^function\_.L:1#issueCommand(<function>:124)
	at jdk.nashorn.internal.scripts.Script$Recompilation$44618$3841A$\^function\_.L:1#issueCommand(<function>:124)
	at jdk.nashorn.internal.scripts.Script$Recompilation$44618$3841A$\^function\_.L:1#issueCommand(<function>:124)
	at jdk.nashorn.internal.scripts.Script$Recompilation$44618$3841A$\^function\_.L:1#issueCommand(<function>:124)
	at jdk.nashorn.internal.scripts.Script$Recompilation$44618$3841A$\^function\_.L:1#issueCommand(<function>:124)
	at jdk.nashorn.internal.scripts.Script$Recompilation$44618$3841A$\^function\_.L:1#issueCommand(<function>:124)
	at jdk.nashorn.internal.scripts.Script$Recompilation$44618$3841A$\^function\_.L:1#issueCommand(<function>:124)
	at jdk.nashorn.internal.scripts.Script$Recompilation$44618$3841A$\^function\_.L:1#issueCommand(<function>:124)
	at jdk.nashorn.internal.scripts.Script$Recompilation$44618$3841A$\^function\_.L:1#issueCommand(<function>:124)
	at jdk.nashorn.internal.scripts.Script$Recompilation$44618$3841A$\^function\_.L:1#issueCommand(<function>:124)
	at jdk.nashorn.internal.scripts.Script$Recompilation$44618$3841A$\^function\_.L:1#issueCommand(<function>:124)
	at jdk.nashorn.internal.scripts.Script$Recompilation$44618$3841A$\^function\_.L:1#issueCommand(<function>:124)
	at jdk.nashorn.internal.scripts.Script$Recompilation$44618$3841A$\^function\_.L:1#issueCommand(<function>:124)
	at jdk.nashorn.internal.scripts.Script$Recompilation$44618$3841A$\^function\_.L:1#issueCommand(<function>:124)
	at jdk.nashorn.internal.scripts.Script$Recompilation$44618$3841A$\^function\_.L:1#issueCommand(<function>:124)
	at jdk.nashorn.internal.scripts.Script$Recompilation$44618$3841A$\^function\_.L:1#issueCommand(<function>:124)
	at jdk.nashorn.internal.scripts.Script$Recompilation$44618$3841A$\^function\_.L:1#issueCommand(<function>:124)
	at jdk.nashorn.internal.scripts.Script$Recompilation$44618$3841A$\^function\_.L:1#issueCommand(<function>:124)
	at jdk.nashorn.internal.scripts.Script$Recompilation$44618$3841A$\^function\_.L:1#issueCommand(<function>:124)
	at jdk.nashorn.internal.scripts.Script$Recompilation$44618$3841A$\^function\_.L:1#issueCommand(<function>:124)
	at jdk.nashorn.internal.scripts.Script$Recompilation$44618$3841A$\^function\_.L:1#issueCommand(<function>:124)
	at jdk.nashorn.internal.scripts.Script$Recompilation$44618$3841A$\^function\_.L:1#issueCommand(<function>:124)
	at jdk.nashorn.internal.scripts.Script$Recompilation$44618$3841A$\^function\_.L:1#issueCommand(<function>:124)
	at jdk.nashorn.internal.scripts.Script$Recompilation$44618$3841A$\^function\_.L:1#issueCommand(<function>:124)
	at jdk.nashorn.internal.scripts.Script$Recompilation$44618$3841A$\^function\_.L:1#issueCommand(<function>:124)
	at jdk.nashorn.internal.scripts.Script$Recompilation$44618$3841A$\^function\_.L:1#issueCommand(<function>:124)
	at jdk.nashorn.internal.scripts.Script$Recompilation$44618$3841A$\^function\_.L:1#issueCommand(<function>:124)
	at jdk.nashorn.internal.scripts.Script$Recompilation$44618$3841A$\^function\_.L:1#issueCommand(<function>:124)
	at jdk.nashorn.internal.scripts.Script$Recompilation$44618$3841A$\^function\_.L:1#issueCommand(<function>:124)
	at jdk.nashorn.internal.scripts.Script$Recompilation$44618$3841A$\^function\_.L:1#issueCommand(<function>:124)
	at jdk.nashorn.internal.scripts.Script$Recompilation$44618$3841A$\^function\_.L:1#issueCommand(<function>:124)
	at jdk.nashorn.internal.scripts.Script$Recompilation$44618$3841A$\^function\_.L:1#issueCommand(<function>:124)
	at jdk.nashorn.internal.scripts.Script$Recompilation$44618$3841A$\^function\_.L:1#issueCommand(<function>:124)
	at jdk.nashorn.internal.scripts.Script$Recompilation$44618$3841A$\^function\_.L:1#issueCommand(<function>:124)
	at jdk.nashorn.internal.scripts.Script$Recompilation$44618$3841A$\^function\_.L:1#issueCommand(<function>:124)
	at jdk.nashorn.internal.scripts.Script$Recompilation$44618$3841A$\^function\_.L:1#issueCommand(<function>:124)
	at jdk.nashorn.internal.scripts.Script$Recompilation$44618$3841A$\^function\_.L:1#issueCommand(<function>:124)
	at jdk.nashorn.internal.scripts.Script$Recompilation$44618$3841A$\^function\_.L:1#issueCommand(<function>:124)
	at jdk.nashorn.internal.scripts.Script$Recompilation$44618$3841A$\^function\_.L:1#issueCommand(<function>:124)
	at jdk.nashorn.internal.scripts.Script$Recompilation$44618$3841A$\^function\_.L:1#issueCommand(<function>:124)
	at jdk.nashorn.internal.scripts.Script$Recompilation$44618$3841A$\^function\_.L:1#issueCommand(<function>:124)
	at jdk.nashorn.internal.scripts.Script$Recompilation$44618$3841A$\^function\_.L:1#issueCommand(<function>:124)
	at jdk.nashorn.internal.scripts.Script$Recompilation$44618$3841A$\^function\_.L:1#issueCommand(<function>:124)
	at jdk.nashorn.internal.scripts.Script$Recompilation$44618$3841A$\^function\_.L:1#issueCommand(<function>:124)
	at jdk.nashorn.internal.scripts.Script$Recompilation$44618$3841A$\^function\_.L:1#issueCommand(<function>:124)
	at jdk.nashorn.internal.scripts.Script$Recompilation$44618$3841A$\^function\_.L:1#issueCommand(<function>:124)
	at jdk.nashorn.internal.scripts.Script$Recompilation$44618$3841A$\^function\_.L:1#issueCommand(<function>:124)
	at jdk.nashorn.internal.scripts.Script$Recompilation$44618$3841A$\^function\_.L:1#issueCommand(<function>:124)
	at jdk.nashorn.internal.scripts.Script$Recompilation$44618$3841A$\^function\_.L:1#issueCommand(<function>:124)
	at jdk.nashorn.internal.scripts.Script$Recompilation$44618$3841A$\^function\_.L:1#issueCommand(<function>:124)
	at jdk.nashorn.internal.scripts.Script$Recompilation$44618$3841A$\^function\_.L:1#issueCommand(<function>:124)
	at jdk.nashorn.internal.scripts.Script$Recompilation$44618$3841A$\^function\_.L:1#issueCommand(<function>:124)
	at jdk.nashorn.internal.scripts.Script$Recompilation$44618$3841A$\^function\_.L:1#issueCommand(<function>:124)
	at jdk.nashorn.internal.scripts.Script$Recompilation$44618$3841A$\^function\_.L:1#issueCommand(<function>:124)
	at jdk.nashorn.internal.scripts.Script$Recompilation$44618$3841A$\^function\_.L:1#issueCommand(<function>:124)
	at jdk.nashorn.internal.scripts.Script$Recompilation$44618$3841A$\^function\_.L:1#issueCommand(<function>:124)
	at jdk.nashorn.internal.scripts.Script$Recompilation$44618$3841A$\^function\_.L:1#issueCommand(<function>:124)
	at jdk.nashorn.internal.scripts.Script$Recompilation$44618$3841A$\^function\_.L:1#issueCommand(<function>:124)
	at jdk.nashorn.internal.scripts.Script$Recompilation$44618$3841A$\^function\_.L:1#issueCommand(<function>:124)
	at jdk.nashorn.internal.scripts.Script$Recompilation$44618$3841A$\^function\_.L:1#issueCommand(<function>:124)
	at jdk.nashorn.internal.scripts.Script$Recompilation$44618$3841A$\^function\_.L:1#issueCommand(<function>:124)
	at jdk.nashorn.internal.scripts.Script$Recompilation$44618$3841A$\^function\_.L:1#issueCommand(<function>:124)
	at jdk.nashorn.internal.scripts.Script$Recompilation$44618$3841A$\^function\_.L:1#issueCommand(<function>:124)
	at jdk.nashorn.internal.scripts.Script$Recompilation$44618$3841A$\^function\_.L:1#issueCommand(<function>:124)
	at jdk.nashorn.internal.scripts.Script$Recompilation$44618$3841A$\^function\_.L:1#issueCommand(<function>:124)
	at jdk.nashorn.internal.scripts.Script$Recompilation$44618$3841A$\^function\_.L:1#issueCommand(<function>:124)
	at jdk.nashorn.internal.scripts.Script$Recompilation$44618$3841A$\^function\_.L:1#issueCommand(<function>:124)
	at jdk.nashorn.internal.scripts.Script$Recompilation$44618$3841A$\^function\_.L:1#issueCommand(<function>:124)
	at jdk.nashorn.internal.scripts.Script$Recompilation$44618$3841A$\^function\_.L:1#issueCommand(<function>:124)
	at jdk.nashorn.internal.scripts.Script$Recompilation$44618$3841A$\^function\_.L:1#issueCommand(<function>:124)
	at jdk.nashorn.internal.scripts.Script$Recompilation$44618$3841A$\^function\_.L:1#issueCommand(<function>:124)
	at jdk.nashorn.internal.scripts.Script$Recompilation$44618$3841A$\^function\_.L:1#issueCommand(<function>:124)
	at jdk.nashorn.internal.scripts.Script$Recompilation$44618$3841A$\^function\_.L:1#issueCommand(<function>:124)
	at jdk.nashorn.internal.scripts.Script$Recompilation$44618$3841A$\^function\_.L:1#issueCommand(<function>:124)
	at jdk.nashorn.internal.scripts.Script$Recompilation$44618$3841A$\^function\_.L:1#issueCommand(<function>:124)
	at jdk.nashorn.internal.scripts.Script$Recompilation$44618$3841A$\^function\_.L:1#issueCommand(<function>:124)
	at jdk.nashorn.internal.scripts.Script$Recompilation$44618$3841A$\^function\_.L:1#issueCommand(<function>:124)
	at jdk.nashorn.internal.scripts.Script$Recompilation$44618$3841A$\^function\_.L:1#issueCommand(<function>:124)
	at jdk.nashorn.internal.scripts.Script$Recompilation$44618$3841A$\^function\_.L:1#issueCommand(<function>:124)
	at jdk.nashorn.internal.scripts.Script$Recompilation$44618$3841A$\^function\_.L:1#issueCommand(<function>:124)
	at jdk.nashorn.internal.scripts.Script$Recompilation$44618$3841A$\^function\_.L:1#issueCommand(<function>:124)
	at jdk.nashorn.internal.scripts.Script$Recompilation$44618$3841A$\^function\_.L:1#issueCommand(<function>:124)
	at jdk.nashorn.internal.scripts.Script$Recompilation$44618$3841A$\^function\_.L:1#issueCommand(<function>:124)
	at jdk.nashorn.internal.scripts.Script$Recompilation$44618$3841A$\^function\_.L:1#issueCommand(<function>:124)
	at jdk.nashorn.internal.scripts.Script$Recompilation$44618$3841A$\^function\_.L:1#issueCommand(<function>:124)
	at jdk.nashorn.internal.scripts.Script$Recompilation$44618$3841A$\^function\_.L:1#issueCommand(<function>:124)
	at jdk.nashorn.internal.scripts.Script$Recompilation$44618$3841A$\^function\_.L:1#issueCommand(<function>:124)
	at jdk.nashorn.internal.scripts.Script$Recompilation$44618$3841A$\^function\_.L:1#issueCommand(<function>:124)
	at jdk.nashorn.internal.scripts.Script$Recompilation$44618$3841A$\^function\_.L:1#issueCommand(<function>:124)
	at jdk.nashorn.internal.scripts.Script$Recompilation$44618$3841A$\^function\_.L:1#issueCommand(<function>:124)
	at jdk.nashorn.internal.scripts.Script$Recompilation$44618$3841A$\^function\_.L:1#issueCommand(<function>:124)
	at jdk.nashorn.internal.scripts.Script$Recompilation$44618$3841A$\^function\_.L:1#issueCommand(<function>:124)
	at jdk.nashorn.internal.scripts.Script$Recompilation$44618$3841A$\^function\_.L:1#issueCommand(<function>:124)
	at jdk.nashorn.internal.scripts.Script$Recompilation$44618$3841A$\^function\_.L:1#issueCommand(<function>:124)
	at jdk.nashorn.internal.scripts.Script$Recompilation$44618$3841A$\^function\_.L:1#issueCommand(<function>:124)
	at jdk.nashorn.internal.scripts.Script$Recompilation$44618$3841A$\^function\_.L:1#issueCommand(<function>:124)
	at jdk.nashorn.internal.scripts.Script$Recompilation$44618$3841A$\^function\_.L:1#issueCommand(<function>:124)
	at jdk.nashorn.internal.scripts.Script$Recompilation$44618$3841A$\^function\_.L:1#issueCommand(<function>:124)
	at jdk.nashorn.internal.scripts.Script$Recompilation$44618$3841A$\^function\_.L:1#issueCommand(<function>:124)
	at jdk.nashorn.internal.scripts.Script$Recompilation$44618$3841A$\^function\_.L:1#issueCommand(<function>:124)
	at jdk.nashorn.internal.scripts.Script$Recompilation$44618$3841A$\^function\_.L:1#issueCommand(<function>:124)
	at jdk.nashorn.internal.scripts.Script$Recompilation$44618$3841A$\^function\_.L:1#issueCommand(<function>:124)
	at jdk.nashorn.internal.scripts.Script$Recompilation$44618$3841A$\^function\_.L:1#issueCommand(<function>:124)
	at jdk.nashorn.internal.scripts.Script$Recompilation$44618$3841A$\^function\_.L:1#issueCommand(<function>:124)
	at jdk.nashorn.internal.scripts.Script$Recompilation$44618$3841A$\^function\_.L:1#issueCommand(<function>:124)
	at jdk.nashorn.internal.scripts.Script$Recompilation$44618$3841A$\^function\_.L:1#issueCommand(<function>:124)
	at jdk.nashorn.internal.scripts.Script$Recompilation$44618$3841A$\^function\_.L:1#issueCommand(<function>:124)
	at jdk.nashorn.internal.scripts.Script$Recompilation$44618$3841A$\^function\_.L:1#issueCommand(<function>:124)
	at jdk.nashorn.internal.scripts.Script$Recompilation$44618$3841A$\^function\_.L:1#issueCommand(<function>:124)
	at jdk.nashorn.internal.scripts.Script$Recompilation$44618$3841A$\^function\_.L:1#issueCommand(<function>:124)
	at jdk.nashorn.internal.scripts.Script$Recompilation$44618$3841A$\^function\_.L:1#issueCommand(<function>:124)
	at jdk.nashorn.internal.scripts.Script$Recompilation$44618$3841A$\^function\_.L:1#issueCommand(<function>:124)
	at jdk.nashorn.internal.scripts.Script$Recompilation$44618$3841A$\^function\_.L:1#issueCommand(<function>:124)
	at jdk.nashorn.internal.scripts.Script$Recompilation$44618$3841A$\^function\_.L:1#issueCommand(<function>:124)
	at jdk.nashorn.internal.scripts.Script$Recompilation$44618$3841A$\^function\_.L:1#issueCommand(<function>:124)
	at jdk.nashorn.internal.scripts.Script$Recompilation$44618$3841A$\^function\_.L:1#issueCommand(<function>:124)
	at jdk.nashorn.internal.scripts.Script$Recompilation$44618$3841A$\^function\_.L:1#issueCommand(<function>:124)
	at jdk.nashorn.internal.scripts.Script$Recompilation$44618$3841A$\^function\_.L:1#issueCommand(<function>:124)
	at jdk.nashorn.internal.scripts.Script$Recompilation$44618$3841A$\^function\_.L:1#issueCommand(<function>:124)
	at jdk.nashorn.internal.scripts.Script$Recompilation$44618$3841A$\^function\_.L:1#issueCommand(<function>:124)
	at jdk.nashorn.internal.scripts.Script$Recompilation$44618$3841A$\^function\_.L:1#issueCommand(<function>:124)
	at jdk.nashorn.internal.scripts.Script$Recompilation$44618$3841A$\^function\_.L:1#issueCommand(<function>:124)
	at jdk.nashorn.internal.scripts.Script$Recompilation$44618$3841A$\^function\_.L:1#issueCommand(<function>:124)
	at jdk.nashorn.internal.scripts.Script$Recompilation$44618$3841A$\^function\_.L:1#issueCommand(<function>:124)
	at jdk.nashorn.internal.scripts.Script$Recompilation$44618$3841A$\^function\_.L:1#issueCommand(<function>:124)
	at jdk.nashorn.internal.scripts.Script$Recompilation$44618$3841A$\^function\_.L:1#issueCommand(<function>:124)
	at jdk.nashorn.internal.scripts.Script$Recompilation$44618$3841A$\^function\_.L:1#issueCommand(<function>:124)
	at jdk.nashorn.internal.scripts.Script$Recompilation$44618$3841A$\^function\_.L:1#issueCommand(<function>:124)
	at jdk.nashorn.internal.scripts.Script$Recompilation$44618$3841A$\^function\_.L:1#issueCommand(<function>:124)
	at jdk.nashorn.internal.scripts.Script$Recompilation$44618$3841A$\^function\_.L:1#issueCommand(<function>:124)
	at jdk.nashorn.internal.scripts.Script$Recompilation$44618$3841A$\^function\_.L:1#issueCommand(<function>:124)
	at jdk.nashorn.internal.scripts.Script$Recompilation$44618$3841A$\^function\_.L:1#issueCommand(<function>:124)
	at jdk.nashorn.internal.scripts.Script$Recompilation$44618$3841A$\^function\_.L:1#issueCommand(<function>:124)
	at jdk.nashorn.internal.scripts.Script$Recompilation$44618$3841A$\^function\_.L:1#issueCommand(<function>:124)
	at jdk.nashorn.internal.scripts.Script$Recompilation$44618$3841A$\^function\_.L:1#issueCommand(<function>:124)
	at jdk.nashorn.internal.scripts.Script$Recompilation$44618$3841A$\^function\_.L:1#issueCommand(<function>:124)
	at jdk.nashorn.internal.scripts.Script$Recompilation$44618$3841A$\^function\_.L:1#issueCommand(<function>:124)
	at jdk.nashorn.internal.scripts.Script$Recompilation$44618$3841A$\^function\_.L:1#issueCommand(<function>:124)
	at jdk.nashorn.internal.scripts.Script$Recompilation$44618$3841A$\^function\_.L:1#issueCommand(<function>:124)
	at jdk.nashorn.internal.scripts.Script$Recompilation$44618$3841A$\^function\_.L:1#issueCommand(<function>:124)
	at jdk.nashorn.internal.scripts.Script$Recompilation$44618$3841A$\^function\_.L:1#issueCommand(<function>:124)
	at jdk.nashorn.internal.scripts.Script$Recompilation$44618$3841A$\^function\_.L:1#issueCommand(<function>:124)
	at jdk.nashorn.internal.scripts.Script$Recompilation$44618$3841A$\^function\_.L:1#issueCommand(<function>:124)
	at jdk.nashorn.internal.scripts.Script$Recompilation$44618$3841A$\^function\_.L:1#issueCommand(<function>:124)
	at jdk.nashorn.internal.scripts.Script$Recompilation$44618$3841A$\^function\_.L:1#issueCommand(<function>:124)
	at jdk.nashorn.internal.scripts.Script$Recompilation$44618$3841A$\^function\_.L:1#issueCommand(<function>:124)
	at jdk.nashorn.internal.scripts.Script$Recompilation$44618$3841A$\^function\_.L:1#issueCommand(<function>:124)
	at jdk.nashorn.internal.scripts.Script$Recompilation$44618$3841A$\^function\_.L:1#issueCommand(<function>:124)
	at jdk.nashorn.internal.scripts.Script$Recompilation$44618$3841A$\^function\_.L:1#issueCommand(<function>:124)
	at jdk.nashorn.internal.scripts.Script$Recompilation$44618$3841A$\^function\_.L:1#issueCommand(<function>:124)
	at jdk.nashorn.internal.scripts.Script$Recompilation$44618$3841A$\^function\_.L:1#issueCommand(<function>:124)
	at jdk.nashorn.internal.scripts.Script$Recompilation$44618$3841A$\^function\_.L:1#issueCommand(<function>:124)
	at jdk.nashorn.internal.scripts.Script$Recompilation$44618$3841A$\^function\_.L:1#issueCommand(<function>:124)
	at jdk.nashorn.internal.scripts.Script$Recompilation$44618$3841A$\^function\_.L:1#issueCommand(<function>:124)
	at jdk.nashorn.internal.scripts.Script$Recompilation$44618$3841A$\^function\_.L:1#issueCommand(<function>:124)
	at jdk.nashorn.internal.scripts.Script$Recompilation$44618$3841A$\^function\_.L:1#issueCommand(<function>:124)
	at jdk.nashorn.internal.scripts.Script$Recompilation$44618$3841A$\^function\_.L:1#issueCommand(<function>:124)
	at jdk.nashorn.internal.scripts.Script$Recompilation$44618$3841A$\^function\_.L:1#issueCommand(<function>:124)
	at jdk.nashorn.internal.scripts.Script$Recompilation$44618$3841A$\^function\_.L:1#issueCommand(<function>:124)
	at jdk.nashorn.internal.scripts.Script$Recompilation$44618$3841A$\^function\_.L:1#issueCommand(<function>:124)
	at jdk.nashorn.internal.scripts.Script$Recompilation$44618$3841A$\^function\_.L:1#issueCommand(<function>:124)
	at jdk.nashorn.internal.scripts.Script$Recompilation$44618$3841A$\^function\_.L:1#issueCommand(<function>:124)
	at jdk.nashorn.internal.scripts.Script$Recompilation$44618$3841A$\^function\_.L:1#issueCommand(<function>:124)
	at jdk.nashorn.internal.scripts.Script$Recompilation$44618$3841A$\^function\_.L:1#issueCommand(<function>:124)
	at jdk.nashorn.internal.scripts.Script$Recompilation$44618$3841A$\^function\_.L:1#issueCommand(<function>:124)
	at jdk.nashorn.internal.scripts.Script$Recompilation$44618$3841A$\^function\_.L:1#issueCommand(<function>:124)
	at jdk.nashorn.internal.scripts.Script$Recompilation$44618$3841A$\^function\_.L:1#issueCommand(<function>:124)
	at jdk.nashorn.internal.scripts.Script$Recompilation$44618$3841A$\^function\_.L:1#issueCommand(<function>:124)
	at jdk.nashorn.internal.scripts.Script$Recompilation$44618$3841A$\^function\_.L:1#issueCommand(<function>:124)
	at jdk.nashorn.internal.scripts.Script$Recompilation$44618$3841A$\^function\_.L:1#issueCommand(<function>:124)
	at jdk.nashorn.internal.scripts.Script$Recompilation$44618$3841A$\^function\_.L:1#issueCommand(<function>:124)
	at jdk.nashorn.internal.scripts.Script$Recompilation$44618$3841A$\^function\_.L:1#issueCommand(<function>:124)
	at jdk.nashorn.internal.scripts.Script$Recompilation$44618$3841A$\^function\_.L:1#issueCommand(<function>:124)
	at jdk.nashorn.internal.scripts.Script$Recompilation$44618$3841A$\^function\_.L:1#issueCommand(<function>:124)
	at jdk.nashorn.internal.scripts.Script$Recompilation$44618$3841A$\^function\_.L:1#issueCommand(<function>:124)
	at jdk.nashorn.internal.scripts.Script$Recompilation$44618$3841A$\^function\_.L:1#issueCommand(<function>:124)
	at jdk.nashorn.internal.scripts.Script$Recompilation$44618$3841A$\^function\_.L:1#issueCommand(<function>:124)
	at jdk.nashorn.internal.scripts.Script$Recompilation$44618$3841A$\^function\_.L:1#issueCommand(<function>:124)
	at jdk.nashorn.internal.scripts.Script$Recompilation$44618$3841A$\^function\_.L:1#issueCommand(<function>:124)
	at jdk.nashorn.internal.scripts.Script$Recompilation$44618$3841A$\^function\_.L:1#issueCommand(<function>:124)
	at jdk.nashorn.internal.scripts.Script$Recompilation$44618$3841A$\^function\_.L:1#issueCommand(<function>:124)
	at jdk.nashorn.internal.scripts.Script$Recompilation$44618$3841A$\^function\_.L:1#issueCommand(<function>:124)
	at jdk.nashorn.internal.scripts.Script$Recompilation$44618$3841A$\^function\_.L:1#issueCommand(<function>:124)
	at jdk.nashorn.internal.scripts.Script$Recompilation$44618$3841A$\^function\_.L:1#issueCommand(<function>:124)
	at jdk.nashorn.internal.scripts.Script$Recompilation$44618$3841A$\^function\_.L:1#issueCommand(<function>:124)
	at jdk.nashorn.internal.scripts.Script$Recompilation$44618$3841A$\^function\_.L:1#issueCommand(<function>:124)
	at jdk.nashorn.internal.scripts.Script$Recompilation$44618$3841A$\^function\_.L:1#issueCommand(<function>:124)
	at jdk.nashorn.internal.scripts.Script$Recompilation$44618$3841A$\^function\_.L:1#issueCommand(<function>:124)
	at jdk.nashorn.internal.scripts.Script$Recompilation$44618$3841A$\^function\_.L:1#issueCommand(<function>:124)
	at jdk.nashorn.internal.scripts.Script$Recompilation$44618$3841A$\^function\_.L:1#issueCommand(<function>:124)
	at jdk.nashorn.internal.scripts.Script$Recompilation$44618$3841A$\^function\_.L:1#issueCommand(<function>:124)
	at jdk.nashorn.internal.scripts.Script$Recompilation$44618$3841A$\^function\_.L:1#issueCommand(<function>:124)
	at jdk.nashorn.internal.scripts.Script$Recompilation$44618$3841A$\^function\_.L:1#issueCommand(<function>:124)
	at jdk.nashorn.internal.scripts.Script$Recompilation$44618$3841A$\^function\_.L:1#issueCommand(<function>:124)
	at jdk.nashorn.internal.scripts.Script$Recompilation$44618$3841A$\^function\_.L:1#issueCommand(<function>:124)
	at jdk.nashorn.internal.scripts.Script$Recompilation$44618$3841A$\^function\_.L:1#issueCommand(<function>:124)
	at jdk.nashorn.internal.scripts.Script$Recompilation$44618$3841A$\^function\_.L:1#issueCommand(<function>:124)
	at jdk.nashorn.internal.scripts.Script$Recompilation$44618$3841A$\^function\_.L:1#issueCommand(<function>:124)
	at jdk.nashorn.internal.scripts.Script$Recompilation$44618$3841A$\^function\_.L:1#issueCommand(<function>:124)
	at jdk.nashorn.internal.scripts.Script$Recompilation$44618$3841A$\^function\_.L:1#issueCommand(<function>:124)
	at jdk.nashorn.internal.scripts.Script$Recompilation$44618$3841A$\^function\_.L:1#issueCommand(<function>:124)
	at jdk.nashorn.internal.scripts.Script$Recompilation$44618$3841A$\^function\_.L:1#issueCommand(<function>:124)
	at jdk.nashorn.internal.scripts.Script$Recompilation$44618$3841A$\^function\_.L:1#issueCommand(<function>:124)
	at jdk.nashorn.internal.scripts.Script$Recompilation$44618$3841A$\^function\_.L:1#issueCommand(<function>:124)
	at jdk.nashorn.internal.scripts.Script$Recompilation$44618$3841A$\^function\_.L:1#issueCommand(<function>:124)
	at jdk.nashorn.internal.scripts.Script$Recompilation$44618$3841A$\^function\_.L:1#issueCommand(<function>:124)
	at jdk.nashorn.internal.scripts.Script$Recompilation$44618$3841A$\^function\_.L:1#issueCommand(<function>:124)
	at jdk.nashorn.internal.scripts.Script$Recompilation$44618$3841A$\^function\_.L:1#issueCommand(<function>:124)
	at jdk.nashorn.internal.scripts.Script$Recompilation$44618$3841A$\^function\_.L:1#issueCommand(<function>:124)
	at jdk.nashorn.internal.scripts.Script$Recompilation$44618$3841A$\^function\_.L:1#issueCommand(<function>:124)
	at jdk.nashorn.internal.scripts.Script$Recompilation$44618$3841A$\^function\_.L:1#issueCommand(<function>:124)
	at jdk.nashorn.internal.scripts.Script$Recompilation$44618$3841A$\^function\_.L:1#issueCommand(<function>:124)
	at jdk.nashorn.internal.scripts.Script$Recompilation$44618$3841A$\^function\_.L:1#issueCommand(<function>:124)
	at jdk.nashorn.internal.scripts.Script$Recompilation$44618$3841A$\^function\_.L:1#issueCommand(<function>:124)
	at jdk.nashorn.internal.scripts.Script$Recompilation$44618$3841A$\^function\_.L:1#issueCommand(<function>:124)
	at jdk.nashorn.internal.scripts.Script$Recompilation$44618$3841A$\^function\_.L:1#issueCommand(<function>:124)
	at jdk.nashorn.internal.scripts.Script$Recompilation$44618$3841A$\^function\_.L:1#issueCommand(<function>:124)
	at jdk.nashorn.internal.scripts.Script$Recompilation$44618$3841A$\^function\_.L:1#issueCommand(<function>:124)
	at jdk.nashorn.internal.scripts.Script$Recompilation$44618$3841A$\^function\_.L:1#issueCommand(<function>:124)
	at jdk.nashorn.internal.scripts.Script$Recompilation$44618$3841A$\^function\_.L:1#issueCommand(<function>:124)
	at jdk.nashorn.internal.scripts.Script$Recompilation$44618$3841A$\^function\_.L:1#issueCommand(<function>:124)
	at jdk.nashorn.internal.scripts.Script$Recompilation$44618$3841A$\^function\_.L:1#issueCommand(<function>:124)
	at jdk.nashorn.internal.scripts.Script$Recompilation$44618$3841A$\^function\_.L:1#issueCommand(<function>:124)
	at jdk.nashorn.internal.scripts.Script$Recompilation$44618$3841A$\^function\_.L:1#issueCommand(<function>:124)
	at jdk.nashorn.internal.scripts.Script$Recompilation$44618$3841A$\^function\_.L:1#issueCommand(<function>:124)
	at jdk.nashorn.internal.scripts.Script$Recompilation$44618$3841A$\^function\_.L:1#issueCommand(<function>:124)
	at jdk.nashorn.internal.scripts.Script$Recompilation$44618$3841A$\^function\_.L:1#issueCommand(<function>:124)
	at jdk.nashorn.internal.scripts.Script$Recompilation$44618$3841A$\^function\_.L:1#issueCommand(<function>:124)
	at jdk.nashorn.internal.scripts.Script$Recompilation$44618$3841A$\^function\_.L:1#issueCommand(<function>:124)
	at jdk.nashorn.internal.scripts.Script$Recompilation$44618$3841A$\^function\_.L:1#issueCommand(<function>:124)
	at jdk.nashorn.internal.scripts.Script$Recompilation$44618$3841A$\^function\_.L:1#issueCommand(<function>:124)
	at jdk.nashorn.internal.scripts.Script$Recompilation$44618$3841A$\^function\_.L:1#issueCommand(<function>:124)
	at jdk.nashorn.internal.scripts.Script$Recompilation$44618$3841A$\^function\_.L:1#issueCommand(<function>:124)
	at jdk.nashorn.internal.scripts.Script$Recompilation$44618$3841A$\^function\_.L:1#issueCommand(<function>:124)
	at jdk.nashorn.internal.scripts.Script$Recompilation$44618$3841A$\^function\_.L:1#issueCommand(<function>:124)
	at jdk.nashorn.internal.scripts.Script$Recompilation$44618$3841A$\^function\_.L:1#issueCommand(<function>:124)
	at jdk.nashorn.internal.scripts.Script$Recompilation$44618$3841A$\^function\_.L:1#issueCommand(<function>:124)
	at jdk.nashorn.internal.scripts.Script$Recompilation$44618$3841A$\^function\_.L:1#issueCommand(<function>:124)
	at jdk.nashorn.internal.scripts.Script$Recompilation$44618$3841A$\^function\_.L:1#issueCommand(<function>:124)
	at jdk.nashorn.internal.scripts.Script$Recompilation$44618$3841A$\^function\_.L:1#issueCommand(<function>:124)
	at jdk.nashorn.internal.scripts.Script$Recompilation$44618$3841A$\^function\_.L:1#issueCommand(<function>:124)
	at jdk.nashorn.internal.scripts.Script$Recompilation$44618$3841A$\^function\_.L:1#issueCommand(<function>:124)
	at jdk.nashorn.internal.scripts.Script$Recompilation$44618$3841A$\^function\_.L:1#issueCommand(<function>:124)
	at jdk.nashorn.internal.scripts.Script$Recompilation$44618$3841A$\^function\_.L:1#issueCommand(<function>:124)
	at jdk.nashorn.internal.scripts.Script$Recompilation$44618$3841A$\^function\_.L:1#issueCommand(<function>:124)
	at jdk.nashorn.internal.scripts.Script$Recompilation$44618$3841A$\^function\_.L:1#issueCommand(<function>:124)
	at jdk.nashorn.internal.scripts.Script$Recompilation$44618$3841A$\^function\_.L:1#issueCommand(<function>:124)
	at jdk.nashorn.internal.scripts.Script$Recompilation$44618$3841A$\^function\_.L:1#issueCommand(<function>:124)
	at jdk.nashorn.internal.scripts.Script$Recompilation$44618$3841A$\^function\_.L:1#issueCommand(<function>:124)
	at jdk.nashorn.internal.scripts.Script$Recompilation$44618$3841A$\^function\_.L:1#issueCommand(<function>:124)
	at jdk.nashorn.internal.scripts.Script$Recompilation$44618$3841A$\^function\_.L:1#issueCommand(<function>:124)
	at jdk.nashorn.internal.scripts.Script$Recompilation$44618$3841A$\^function\_.L:1#issueCommand(<function>:124)
	at jdk.nashorn.internal.scripts.Script$Recompilation$44618$3841A$\^function\_.L:1#issueCommand(<function>:124)
	at jdk.nashorn.internal.scripts.Script$Recompilation$44618$3841A$\^function\_.L:1#issueCommand(<function>:124)
	at jdk.nashorn.internal.scripts.Script$Recompilation$44618$3841A$\^function\_.L:1#issueCommand(<function>:124)
	at jdk.nashorn.internal.scripts.Script$Recompilation$44618$3841A$\^function\_.L:1#issueCommand(<function>:124)
	at jdk.nashorn.internal.scripts.Script$Recompilation$44618$3841A$\^function\_.L:1#issueCommand(<function>:124)
	at jdk.nashorn.internal.scripts.Script$Recompilation$44618$3841A$\^function\_.L:1#issueCommand(<function>:124)
	at jdk.nashorn.internal.scripts.Script$Recompilation$44618$3841A$\^function\_.L:1#issueCommand(<function>:124)
	at jdk.nashorn.internal.scripts.Script$Recompilation$44618$3841A$\^function\_.L:1#issueCommand(<function>:124)
	at jdk.nashorn.internal.scripts.Script$Recompilation$44618$3841A$\^function\_.L:1#issueCommand(<function>:124)
	at jdk.nashorn.internal.scripts.Script$Recompilation$44618$3841A$\^function\_.L:1#issueCommand(<function>:124)
	at jdk.nashorn.internal.scripts.Script$Recompilation$44618$3841A$\^function\_.L:1#issueCommand(<function>:124)
	at jdk.nashorn.internal.scripts.Script$Recompilation$44618$3841A$\^function\_.L:1#issueCommand(<function>:124)
	at jdk.nashorn.internal.scripts.Script$Recompilation$44618$3841A$\^function\_.L:1#issueCommand(<function>:124)
	at jdk.nashorn.internal.scripts.Script$Recompilation$44618$3841A$\^function\_.L:1#issueCommand(<function>:124)
	at jdk.nashorn.internal.scripts.Script$Recompilation$44618$3841A$\^function\_.L:1#issueCommand(<function>:124)
	at jdk.nashorn.internal.scripts.Script$Recompilation$44618$3841A$\^function\_.L:1#issueCommand(<function>:124)
	at jdk.nashorn.internal.scripts.Script$Recompilation$44618$3841A$\^function\_.L:1#issueCommand(<function>:124)
	at jdk.nashorn.internal.scripts.Script$Recompilation$44618$3841A$\^function\_.L:1#issueCommand(<function>:124)
	at jdk.nashorn.internal.scripts.Script$Recompilation$44618$3841A$\^function\_.L:1#issueCommand(<function>:124)
	at jdk.nashorn.internal.scripts.Script$Recompilation$44618$3841A$\^function\_.L:1#issueCommand(<function>:124)
	at jdk.nashorn.internal.scripts.Script$Recompilation$44618$3841A$\^function\_.L:1#issueCommand(<function>:124)
	at jdk.nashorn.internal.scripts.Script$Recompilation$44618$3841A$\^function\_.L:1#issueCommand(<function>:124)
 in /home/travis/build/icyphy/ptII/ptolemy/actor/lib/jjs/external/require.js#409:30<eval> at line number 1736 at column number 24
  in .SemanticYelpSensorUpdateExample.SemanticYelpSearch
Because:
Error: commonHost.js, react(), invoking a specific handler for "trigger": Exception occurred in input handler for accessor SemanticYelpSearch, which has now has been removed.  Exception was: java.lang.StackOverflowError Stacktrace was: 
java.lang.StackOverflowError
	at jdk.nashorn.internal.runtime.AccessorProperty.getObjectValue(AccessorProperty.java:417)
	at jdk.nashorn.internal.runtime.FindProperty.getObjectValue(FindProperty.java:229)
	at jdk.nashorn.internal.runtime.ScriptObject.get(ScriptObject.java:2860)
	at jdk.nashorn.internal.runtime.ScriptObject.get(ScriptObject.java:2877)
	at jdk.nashorn.internal.scripts.Script$Recompilation$44872$56054A$require.L:1#get(/home/travis/build/icyphy/ptII/ptolemy/actor/lib/jjs/external/require.js#409:30<eval>:1245)
	at jdk.nashorn.internal.scripts.Script$Recompilation$44618$3841A$\^function\_.L:1#issueCommand(<function>:116)
	at jdk.nashorn.internal.scripts.Script$Recompilation$44618$3841A$\^function\_.L:1#issueCommand(<function>:124)
	at jdk.nashorn.internal.scripts.Script$Recompilation$44618$3841A$\^function\_.L:1#issueCommand(<function>:124)
	at jdk.nashorn.internal.scripts.Script$Recompilation$44618$3841A$\^function\_.L:1#issueCommand(<function>:124)
	at jdk.nashorn.internal.scripts.Script$Recompilation$44618$3841A$\^function\_.L:1#issueCommand(<function>:124)
	at jdk.nashorn.internal.scripts.Script$Recompilation$44618$3841A$\^function\_.L:1#issueCommand(<function>:124)
	at jdk.nashorn.internal.scripts.Script$Recompilation$44618$3841A$\^function\_.L:1#issueCommand(<function>:124)
	at jdk.nashorn.internal.scripts.Script$Recompilation$44618$3841A$\^function\_.L:1#issueCommand(<function>:124)
	at jdk.nashorn.internal.scripts.Script$Recompilation$44618$3841A$\^function\_.L:1#issueCommand(<function>:124)
	at jdk.nashorn.internal.scripts.Script$Recompilation$44618$3841A$\^function\_.L:1#issueCommand(<function>:124)
	at jdk.nashorn.internal.scripts.Script$Recompilation$44618$3841A$\^function\_.L:1#issueCommand(<function>:124)
	at jdk.nashorn.internal.scripts.Script$Recompilation$44618$3841A$\^function\_.L:1#issueCommand(<function>:124)
	at jdk.nashorn.internal.scripts.Script$Recompilation$44618$3841A$\^function\_.L:1#issueCommand(<function>:124)
	at jdk.nashorn.internal.scripts.Script$Recompilation$44618$3841A$\^function\_.L:1#issueCommand(<function>:124)
	at jdk.nashorn.internal.scripts.Script$Recompilation$44618$3841A$\^function\_.L:1#issueCommand(<function>:124)
	at jdk.nashorn.internal.scripts.Script$Recompilation$44618$3841A$\^function\_.L:1#issueCommand(<function>:124)
	at jdk.nashorn.internal.scripts.Script$Recompilation$44618$3841A$\^function\_.L:1#issueCommand(<function>:124)
	at jdk.nashorn.internal.scripts.Script$Recompilation$44618$3841A$\^function\_.L:1#issueCommand(<function>:124)
	at jdk.nashorn.internal.scripts.Script$Recompilation$44618$3841A$\^function\_.L:1#issueCommand(<function>:124)
	at jdk.nashorn.internal.scripts.Script$Recompilation$44618$3841A$\^function\_.L:1#issueCommand(<function>:124)
	at jdk.nashorn.internal.scripts.Script$Recompilation$44618$3841A$\^function\_.L:1#issueCommand(<function>:124)
	at jdk.nashorn.internal.scripts.Script$Recompilation$44618$3841A$\^function\_.L:1#issueCommand(<function>:124)
	at jdk.nashorn.internal.scripts.Script$Recompilation$44618$3841A$\^function\_.L:1#issueCommand(<function>:124)
	at jdk.nashorn.internal.scripts.Script$Recompilation$44618$3841A$\^function\_.L:1#issueCommand(<function>:124)
	at jdk.nashorn.internal.scripts.Script$Recompilation$44618$3841A$\^function\_.L:1#issueCommand(<function>:124)
	at jdk.nashorn.internal.scripts.Script$Recompilation$44618$3841A$\^function\_.L:1#issueCommand(<function>:124)
	at jdk.nashorn.internal.scripts.Script$Recompilation$44618$3841A$\^function\_.L:1#issueCommand(<function>:124)
	at jdk.nashorn.internal.scripts.Script$Recompilation$44618$3841A$\^function\_.L:1#issueCommand(<function>:124)
	at jdk.nashorn.internal.scripts.Script$Recompilation$44618$3841A$\^function\_.L:1#issueCommand(<function>:124)
	at jdk.nashorn.internal.scripts.Script$Recompilation$44618$3841A$\^function\_.L:1#issueCommand(<function>:124)
	at jdk.nashorn.internal.scripts.Script$Recompilation$44618$3841A$\^function\_.L:1#issueCommand(<function>:124)
	at jdk.nashorn.internal.scripts.Script$Recompilation$44618$3841A$\^function\_.L:1#issueCommand(<function>:124)
	at jdk.nashorn.internal.scripts.Script$Recompilation$44618$3841A$\^function\_.L:1#issueCommand(<function>:124)
	at jdk.nashorn.internal.scripts.Script$Recompilation$44618$3841A$\^function\_.L:1#issueCommand(<function>:124)
	at jdk.nashorn.internal.scripts.Script$Recompilation$44618$3841A$\^function\_.L:1#issueCommand(<function>:124)
	at jdk.nashorn.internal.scripts.Script$Recompilation$44618$3841A$\^function\_.L:1#issueCommand(<function>:124)
	at jdk.nashorn.internal.scripts.Script$Recompilation$44618$3841A$\^function\_.L:1#issueCommand(<function>:124)
	at jdk.nashorn.internal.scripts.Script$Recompilation$44618$3841A$\^function\_.L:1#issueCommand(<function>:124)
	at jdk.nashorn.internal.scripts.Script$Recompilation$44618$3841A$\^function\_.L:1#issueCommand(<function>:124)
	at jdk.nashorn.internal.scripts.Script$Recompilation$44618$3841A$\^function\_.L:1#issueCommand(<function>:124)
	at jdk.nashorn.internal.scripts.Script$Recompilation$44618$3841A$\^function\_.L:1#issueCommand(<function>:124)
	at jdk.nashorn.internal.scripts.Script$Recompilation$44618$3841A$\^function\_.L:1#issueCommand(<function>:124)
	at jdk.nashorn.internal.scripts.Script$Recompilation$44618$3841A$\^function\_.L:1#issueCommand(<function>:124)
	at jdk.nashorn.internal.scripts.Script$Recompilation$44618$3841A$\^function\_.L:1#issueCommand(<function>:124)
	at jdk.nashorn.internal.scripts.Script$Recompilation$44618$3841A$\^function\_.L:1#issueCommand(<function>:124)
	at jdk.nashorn.internal.scripts.Script$Recompilation$44618$3841A$\^function\_.L:1#issueCommand(<function>:124)
	at jdk.nashorn.internal.scripts.Script$Recompilation$44618$3841A$\^function\_.L:1#issueCommand(<function>:124)
	at jdk.nashorn.internal.scripts.Script$Recompilation$44618$3841A$\^function\_.L:1#issueCommand(<function>:124)
	at jdk.nashorn.internal.scripts.Script$Recompilation$44618$3841A$\^function\_.L:1#issueCommand(<function>:124)
	at jdk.nashorn.internal.scripts.Script$Recompilation$44618$3841A$\^function\_.L:1#issueCommand(<function>:124)
	at jdk.nashorn.internal.scripts.Script$Recompilation$44618$3841A$\^function\_.L:1#issueCommand(<function>:124)
	at jdk.nashorn.internal.scripts.Script$Recompilation$44618$3841A$\^function\_.L:1#issueCommand(<function>:124)
	at jdk.nashorn.internal.scripts.Script$Recompilation$44618$3841A$\^function\_.L:1#issueCommand(<function>:124)
	at jdk.nashorn.internal.scripts.Script$Recompilation$44618$3841A$\^function\_.L:1#issueCommand(<function>:124)
	at jdk.nashorn.internal.scripts.Script$Recompilation$44618$3841A$\^function\_.L:1#issueCommand(<function>:124)
	at jdk.nashorn.internal.scripts.Script$Recompilation$44618$3841A$\^function\_.L:1#issueCommand(<function>:124)
	at jdk.nashorn.internal.scripts.Script$Recompilation$44618$3841A$\^function\_.L:1#issueCommand(<function>:124)
	at jdk.nashorn.internal.scripts.Script$Recompilation$44618$3841A$\^function\_.L:1#issueCommand(<function>:124)
	at jdk.nashorn.internal.scripts.Script$Recompilation$44618$3841A$\^function\_.L:1#issueCommand(<function>:124)
	at jdk.nashorn.internal.scripts.Script$Recompilation$44618$3841A$\^function\_.L:1#issueCommand(<function>:124)
	at jdk.nashorn.internal.scripts.Script$Recompilation$44618$3841A$\^function\_.L:1#issueCommand(<function>:124)
	at jdk.nashorn.internal.scripts.Script$Recompilation$44618$3841A$\^function\_.L:1#issueCommand(<function>:124)
	at jdk.nashorn.internal.scripts.Script$Recompilation$44618$3841A$\^function\_.L:1#issueCommand(<function>:124)
	at jdk.nashorn.internal.scripts.Script$Recompilation$44618$3841A$\^function\_.L:1#issueCommand(<function>:124)
	at jdk.nashorn.internal.scripts.Script$Recompilation$44618$3841A$\^function\_.L:1#issueCommand(<function>:124)
	at jdk.nashorn.internal.scripts.Script$Recompilation$44618$3841A$\^function\_.L:1#issueCommand(<function>:124)
	at jdk.nashorn.internal.scripts.Script$Recompilation$44618$3841A$\^function\_.L:1#issueCommand(<function>:124)
	at jdk.nashorn.internal.scripts.Script$Recompilation$44618$3841A$\^function\_.L:1#issueCommand(<function>:124)
	at jdk.nashorn.internal.scripts.Script$Recompilation$44618$3841A$\^function\_.L:1#issueCommand(<function>:124)
	at jdk.nashorn.internal.scripts.Script$Recompilation$44618$3841A$\^function\_.L:1#issueCommand(<function>:124)
	at jdk.nashorn.internal.scripts.Script$Recompilation$44618$3841A$\^function\_.L:1#issueCommand(<function>:124)
	at jdk.nashorn.internal.scripts.Script$Recompilation$44618$3841A$\^function\_.L:1#issueCommand(<function>:124)
	at jdk.nashorn.internal.scripts.Script$Recompilation$44618$3841A$\^function\_.L:1#issueCommand(<function>:124)
	at jdk.nashorn.internal.scripts.Script$Recompilation$44618$3841A$\^function\_.L:1#issueCommand(<function>:124)
	at jdk.nashorn.internal.scripts.Script$Recompilation$44618$3841A$\^function\_.L:1#issueCommand(<function>:124)
	at jdk.nashorn.internal.scripts.Script$Recompilation$44618$3841A$\^function\_.L:1#issueCommand(<function>:124)
	at jdk.nashorn.internal.scripts.Script$Recompilation$44618$3841A$\^function\_.L:1#issueCommand(<function>:124)
	at jdk.nashorn.internal.scripts.Script$Recompilation$44618$3841A$\^function\_.L:1#issueCommand(<function>:124)
	at jdk.nashorn.internal.scripts.Script$Recompilation$44618$3841A$\^function\_.L:1#issueCommand(<function>:124)
	at jdk.nashorn.internal.scripts.Script$Recompilation$44618$3841A$\^function\_.L:1#issueCommand(<function>:124)
	at jdk.nashorn.internal.scripts.Script$Recompilation$44618$3841A$\^function\_.L:1#issueCommand(<function>:124)
	at jdk.nashorn.internal.scripts.Script$Recompilation$44618$3841A$\^function\_.L:1#issueCommand(<function>:124)
	at jdk.nashorn.internal.scripts.Script$Recompilation$44618$3841A$\^function\_.L:1#issueCommand(<function>:124)
	at jdk.nashorn.internal.scripts.Script$Recompilation$44618$3841A$\^function\_.L:1#issueCommand(<function>:124)
	at jdk.nashorn.internal.scripts.Script$Recompilation$44618$3841A$\^function\_.L:1#issueCommand(<function>:124)
	at jdk.nashorn.internal.scripts.Script$Recompilation$44618$3841A$\^function\_.L:1#issueCommand(<function>:124)
	at jdk.nashorn.internal.scripts.Script$Recompilation$44618$3841A$\^function\_.L:1#issueCommand(<function>:124)
	at jdk.nashorn.internal.scripts.Script$Recompilation$44618$3841A$\^function\_.L:1#issueCommand(<function>:124)
	at jdk.nashorn.internal.scripts.Script$Recompilation$44618$3841A$\^function\_.L:1#issueCommand(<function>:124)
	at jdk.nashorn.internal.scripts.Script$Recompilation$44618$3841A$\^function\_.L:1#issueCommand(<function>:124)
	at jdk.nashorn.internal.scripts.Script$Recompilation$44618$3841A$\^function\_.L:1#issueCommand(<function>:124)
	at jdk.nashorn.internal.scripts.Script$Recompilation$44618$3841A$\^function\_.L:1#issueCommand(<function>:124)
	at jdk.nashorn.internal.scripts.Script$Recompilation$44618$3841A$\^function\_.L:1#issueCommand(<function>:124)
	at jdk.nashorn.internal.scripts.Script$Recompilation$44618$3841A$\^function\_.L:1#issueCommand(<function>:124)
	at jdk.nashorn.internal.scripts.Script$Recompilation$44618$3841A$\^function\_.L:1#issueCommand(<function>:124)
	at jdk.nashorn.internal.scripts.Script$Recompilation$44618$3841A$\^function\_.L:1#issueCommand(<function>:124)
	at jdk.nashorn.internal.scripts.Script$Recompilation$44618$3841A$\^function\_.L:1#issueCommand(<function>:124)
	at jdk.nashorn.internal.scripts.Script$Recompilation$44618$3841A$\^function\_.L:1#issueCommand(<function>:124)
	at jdk.nashorn.internal.scripts.Script$Recompilation$44618$3841A$\^function\_.L:1#issueCommand(<function>:124)
	at jdk.nashorn.internal.scripts.Script$Recompilation$44618$3841A$\^function\_.L:1#issueCommand(<function>:124)
	at jdk.nashorn.internal.scripts.Script$Recompilation$44618$3841A$\^function\_.L:1#issueCommand(<function>:124)
	at jdk.nashorn.internal.scripts.Script$Recompilation$44618$3841A$\^function\_.L:1#issueCommand(<function>:124)
	at jdk.nashorn.internal.scripts.Script$Recompilation$44618$3841A$\^function\_.L:1#issueCommand(<function>:124)
	at jdk.nashorn.internal.scripts.Script$Recompilation$44618$3841A$\^function\_.L:1#issueCommand(<function>:124)
	at jdk.nashorn.internal.scripts.Script$Recompilation$44618$3841A$\^function\_.L:1#issueCommand(<function>:124)
	at jdk.nashorn.internal.scripts.Script$Recompilation$44618$3841A$\^function\_.L:1#issueCommand(<function>:124)
	at jdk.nashorn.internal.scripts.Script$Recompilation$44618$3841A$\^function\_.L:1#issueCommand(<function>:124)
	at jdk.nashorn.internal.scripts.Script$Recompilation$44618$3841A$\^function\_.L:1#issueCommand(<function>:124)
	at jdk.nashorn.internal.scripts.Script$Recompilation$44618$3841A$\^function\_.L:1#issueCommand(<function>:124)
	at jdk.nashorn.internal.scripts.Script$Recompilation$44618$3841A$\^function\_.L:1#issueCommand(<function>:124)
	at jdk.nashorn.internal.scripts.Script$Recompilation$44618$3841A$\^function\_.L:1#issueCommand(<function>:124)
	at jdk.nashorn.internal.scripts.Script$Recompilation$44618$3841A$\^function\_.L:1#issueCommand(<function>:124)
	at jdk.nashorn.internal.scripts.Script$Recompilation$44618$3841A$\^function\_.L:1#issueCommand(<function>:124)
	at jdk.nashorn.internal.scripts.Script$Recompilation$44618$3841A$\^function\_.L:1#issueCommand(<function>:124)
	at jdk.nashorn.internal.scripts.Script$Recompilation$44618$3841A$\^function\_.L:1#issueCommand(<function>:124)
	at jdk.nashorn.internal.scripts.Script$Recompilation$44618$3841A$\^function\_.L:1#issueCommand(<function>:124)
	at jdk.nashorn.internal.scripts.Script$Recompilation$44618$3841A$\^function\_.L:1#issueCommand(<function>:124)
	at jdk.nashorn.internal.scripts.Script$Recompilation$44618$3841A$\^function\_.L:1#issueCommand(<function>:124)
	at jdk.nashorn.internal.scripts.Script$Recompilation$44618$3841A$\^function\_.L:1#issueCommand(<function>:124)
	at jdk.nashorn.internal.scripts.Script$Recompilation$44618$3841A$\^function\_.L:1#issueCommand(<function>:124)
	at jdk.nashorn.internal.scripts.Script$Recompilation$44618$3841A$\^function\_.L:1#issueCommand(<function>:124)
	at jdk.nashorn.internal.scripts.Script$Recompilation$44618$3841A$\^function\_.L:1#issueCommand(<function>:124)
	at jdk.nashorn.internal.scripts.Script$Recompilation$44618$3841A$\^function\_.L:1#issueCommand(<function>:124)
	at jdk.nashorn.internal.scripts.Script$Recompilation$44618$3841A$\^function\_.L:1#issueCommand(<function>:124)
	at jdk.nashorn.internal.scripts.Script$Recompilation$44618$3841A$\^function\_.L:1#issueCommand(<function>:124)
	at jdk.nashorn.internal.scripts.Script$Recompilation$44618$3841A$\^function\_.L:1#issueCommand(<function>:124)
	at jdk.nashorn.internal.scripts.Script$Recompilation$44618$3841A$\^function\_.L:1#issueCommand(<function>:124)
	at jdk.nashorn.internal.scripts.Script$Recompilation$44618$3841A$\^function\_.L:1#issueCommand(<function>:124)
	at jdk.nashorn.internal.scripts.Script$Recompilation$44618$3841A$\^function\_.L:1#issueCommand(<function>:124)
	at jdk.nashorn.internal.scripts.Script$Recompilation$44618$3841A$\^function\_.L:1#issueCommand(<function>:124)
	at jdk.nashorn.internal.scripts.Script$Recompilation$44618$3841A$\^function\_.L:1#issueCommand(<function>:124)
	at jdk.nashorn.internal.scripts.Script$Recompilation$44618$3841A$\^function\_.L:1#issueCommand(<function>:124)
	at jdk.nashorn.internal.scripts.Script$Recompilation$44618$3841A$\^function\_.L:1#issueCommand(<function>:124)
	at jdk.nashorn.internal.scripts.Script$Recompilation$44618$3841A$\^function\_.L:1#issueCommand(<function>:124)
	at jdk.nashorn.internal.scripts.Script$Recompilation$44618$3841A$\^function\_.L:1#issueCommand(<function>:124)
	at jdk.nashorn.internal.scripts.Script$Recompilation$44618$3841A$\^function\_.L:1#issueCommand(<function>:124)
	at jdk.nashorn.internal.scripts.Script$Recompilation$44618$3841A$\^function\_.L:1#issueCommand(<function>:124)
	at jdk.nashorn.internal.scripts.Script$Recompilation$44618$3841A$\^function\_.L:1#issueCommand(<function>:124)
	at jdk.nashorn.internal.scripts.Script$Recompilation$44618$3841A$\^function\_.L:1#issueCommand(<function>:124)
	at jdk.nashorn.internal.scripts.Script$Recompilation$44618$3841A$\^function\_.L:1#issueCommand(<function>:124)
	at jdk.nashorn.internal.scripts.Script$Recompilation$44618$3841A$\^function\_.L:1#issueCommand(<function>:124)
	at jdk.nashorn.internal.scripts.Script$Recompilation$44618$3841A$\^function\_.L:1#issueCommand(<function>:124)
	at jdk.nashorn.internal.scripts.Script$Recompilation$44618$3841A$\^function\_.L:1#issueCommand(<function>:124)
	at jdk.nashorn.internal.scripts.Script$Recompilation$44618$3841A$\^function\_.L:1#issueCommand(<function>:124)
	at jdk.nashorn.internal.scripts.Script$Recompilation$44618$3841A$\^function\_.L:1#issueCommand(<function>:124)
	at jdk.nashorn.internal.scripts.Script$Recompilation$44618$3841A$\^function\_.L:1#issueCommand(<function>:124)
	at jdk.nashorn.internal.scripts.Script$Recompilation$44618$3841A$\^function\_.L:1#issueCommand(<function>:124)
	at jdk.nashorn.internal.scripts.Script$Recompilation$44618$3841A$\^function\_.L:1#issueCommand(<function>:124)
	at jdk.nashorn.internal.scripts.Script$Recompilation$44618$3841A$\^function\_.L:1#issueCommand(<function>:124)
	at jdk.nashorn.internal.scripts.Script$Recompilation$44618$3841A$\^function\_.L:1#issueCommand(<function>:124)
	at jdk.nashorn.internal.scripts.Script$Recompilation$44618$3841A$\^function\_.L:1#issueCommand(<function>:124)
	at jdk.nashorn.internal.scripts.Script$Recompilation$44618$3841A$\^function\_.L:1#issueCommand(<function>:124)
	at jdk.nashorn.internal.scripts.Script$Recompilation$44618$3841A$\^function\_.L:1#issueCommand(<function>:124)
	at jdk.nashorn.internal.scripts.Script$Recompilation$44618$3841A$\^function\_.L:1#issueCommand(<function>:124)
	at jdk.nashorn.internal.scripts.Script$Recompilation$44618$3841A$\^function\_.L:1#issueCommand(<function>:124)
	at jdk.nashorn.internal.scripts.Script$Recompilation$44618$3841A$\^function\_.L:1#issueCommand(<function>:124)
	at jdk.nashorn.internal.scripts.Script$Recompilation$44618$3841A$\^function\_.L:1#issueCommand(<function>:124)
	at jdk.nashorn.internal.scripts.Script$Recompilation$44618$3841A$\^function\_.L:1#issueCommand(<function>:124)
	at jdk.nashorn.internal.scripts.Script$Recompilation$44618$3841A$\^function\_.L:1#issueCommand(<function>:124)
	at jdk.nashorn.internal.scripts.Script$Recompilation$44618$3841A$\^function\_.L:1#issueCommand(<function>:124)
	at jdk.nashorn.internal.scripts.Script$Recompilation$44618$3841A$\^function\_.L:1#issueCommand(<function>:124)
	at jdk.nashorn.internal.scripts.Script$Recompilation$44618$3841A$\^function\_.L:1#issueCommand(<function>:124)
	at jdk.nashorn.internal.scripts.Script$Recompilation$44618$3841A$\^function\_.L:1#issueCommand(<function>:124)
	at jdk.nashorn.internal.scripts.Script$Recompilation$44618$3841A$\^function\_.L:1#issueCommand(<function>:124)
	at jdk.nashorn.internal.scripts.Script$Recompilation$44618$3841A$\^function\_.L:1#issueCommand(<function>:124)
	at jdk.nashorn.internal.scripts.Script$Recompilation$44618$3841A$\^function\_.L:1#issueCommand(<function>:124)
	at jdk.nashorn.internal.scripts.Script$Recompilation$44618$3841A$\^function\_.L:1#issueCommand(<function>:124)
	at jdk.nashorn.internal.scripts.Script$Recompilation$44618$3841A$\^function\_.L:1#issueCommand(<function>:124)
	at jdk.nashorn.internal.scripts.Script$Recompilation$44618$3841A$\^function\_.L:1#issueCommand(<function>:124)
	at jdk.nashorn.internal.scripts.Script$Recompilation$44618$3841A$\^function\_.L:1#issueCommand(<function>:124)
	at jdk.nashorn.internal.scripts.Script$Recompilation$44618$3841A$\^function\_.L:1#issueCommand(<function>:124)
	at jdk.nashorn.internal.scripts.Script$Recompilation$44618$3841A$\^function\_.L:1#issueCommand(<function>:124)
	at jdk.nashorn.internal.scripts.Script$Recompilation$44618$3841A$\^function\_.L:1#issueCommand(<function>:124)
	at jdk.nashorn.internal.scripts.Script$Recompilation$44618$3841A$\^function\_.L:1#issueCommand(<function>:124)
	at jdk.nashorn.internal.scripts.Script$Recompilation$44618$3841A$\^function\_.L:1#issueCommand(<function>:124)
	at jdk.nashorn.internal.scripts.Script$Recompilation$44618$3841A$\^function\_.L:1#issueCommand(<function>:124)
	at jdk.nashorn.internal.scripts.Script$Recompilation$44618$3841A$\^function\_.L:1#issueCommand(<function>:124)
	at jdk.nashorn.internal.scripts.Script$Recompilation$44618$3841A$\^function\_.L:1#issueCommand(<function>:124)
	at jdk.nashorn.internal.scripts.Script$Recompilation$44618$3841A$\^function\_.L:1#issueCommand(<function>:124)
	at jdk.nashorn.internal.scripts.Script$Recompilation$44618$3841A$\^function\_.L:1#issueCommand(<function>:124)
	at jdk.nashorn.internal.scripts.Script$Recompilation$44618$3841A$\^function\_.L:1#issueCommand(<function>:124)
	at jdk.nashorn.internal.scripts.Script$Recompilation$44618$3841A$\^function\_.L:1#issueCommand(<function>:124)
	at jdk.nashorn.internal.scripts.Script$Recompilation$44618$3841A$\^function\_.L:1#issueCommand(<function>:124)
	at jdk.nashorn.internal.scripts.Script$Recompilation$44618$3841A$\^function\_.L:1#issueCommand(<function>:124)
	at jdk.nashorn.internal.scripts.Script$Recompilation$44618$3841A$\^function\_.L:1#issueCommand(<function>:124)
	at jdk.nashorn.internal.scripts.Script$Recompilation$44618$3841A$\^function\_.L:1#issueCommand(<function>:124)
	at jdk.nashorn.internal.scripts.Script$Recompilation$44618$3841A$\^function\_.L:1#issueCommand(<function>:124)
	at jdk.nashorn.internal.scripts.Script$Recompilation$44618$3841A$\^function\_.L:1#issueCommand(<function>:124)
	at jdk.nashorn.internal.scripts.Script$Recompilation$44618$3841A$\^function\_.L:1#issueCommand(<function>:124)
	at jdk.nashorn.internal.scripts.Script$Recompilation$44618$3841A$\^function\_.L:1#issueCommand(<function>:124)
	at jdk.nashorn.internal.scripts.Script$Recompilation$44618$3841A$\^function\_.L:1#issueCommand(<function>:124)
	at jdk.nashorn.internal.scripts.Script$Recompilation$44618$3841A$\^function\_.L:1#issueCommand(<function>:124)
	at jdk.nashorn.internal.scripts.Script$Recompilation$44618$3841A$\^function\_.L:1#issueCommand(<function>:124)
	at jdk.nashorn.internal.scripts.Script$Recompilation$44618$3841A$\^function\_.L:1#issueCommand(<function>:124)
	at jdk.nashorn.internal.scripts.Script$Recompilation$44618$3841A$\^function\_.L:1#issueCommand(<function>:124)
	at jdk.nashorn.internal.scripts.Script$Recompilation$44618$3841A$\^function\_.L:1#issueCommand(<function>:124)
	at jdk.nashorn.internal.scripts.Script$Recompilation$44618$3841A$\^function\_.L:1#issueCommand(<function>:124)
	at jdk.nashorn.internal.scripts.Script$Recompilation$44618$3841A$\^function\_.L:1#issueCommand(<function>:124)
	at jdk.nashorn.internal.scripts.Script$Recompilation$44618$3841A$\^function\_.L:1#issueCommand(<function>:124)
	at jdk.nashorn.internal.scripts.Script$Recompilation$44618$3841A$\^function\_.L:1#issueCommand(<function>:124)
	at jdk.nashorn.internal.scripts.Script$Recompilation$44618$3841A$\^function\_.L:1#issueCommand(<function>:124)
	at jdk.nashorn.internal.scripts.Script$Recompilation$44618$3841A$\^function\_.L:1#issueCommand(<function>:124)
	at jdk.nashorn.internal.scripts.Script$Recompilation$44618$3841A$\^function\_.L:1#issueCommand(<function>:124)
	at jdk.nashorn.internal.scripts.Script$Recompilation$44618$3841A$\^function\_.L:1#issueCommand(<function>:124)
	at jdk.nashorn.internal.scripts.Script$Recompilation$44618$3841A$\^function\_.L:1#issueCommand(<function>:124)
	at jdk.nashorn.internal.scripts.Script$Recompilation$44618$3841A$\^function\_.L:1#issueCommand(<function>:124)
	at jdk.nashorn.internal.scripts.Script$Recompilation$44618$3841A$\^function\_.L:1#issueCommand(<function>:124)
	at jdk.nashorn.internal.scripts.Script$Recompilation$44618$3841A$\^function\_.L:1#issueCommand(<function>:124)
	at jdk.nashorn.internal.scripts.Script$Recompilation$44618$3841A$\^function\_.L:1#issueCommand(<function>:124)
	at jdk.nashorn.internal.scripts.Script$Recompilation$44618$3841A$\^function\_.L:1#issueCommand(<function>:124)
	at jdk.nashorn.internal.scripts.Script$Recompilation$44618$3841A$\^function\_.L:1#issueCommand(<function>:124)
	at jdk.nashorn.internal.scripts.Script$Recompilation$44618$3841A$\^function\_.L:1#issueCommand(<function>:124)
	at jdk.nashorn.internal.scripts.Script$Recompilation$44618$3841A$\^function\_.L:1#issueCommand(<function>:124)
	at jdk.nashorn.internal.scripts.Script$Recompilation$44618$3841A$\^function\_.L:1#issueCommand(<function>:124)
	at jdk.nashorn.internal.scripts.Script$Recompilation$44618$3841A$\^function\_.L:1#issueCommand(<function>:124)
	at jdk.nashorn.internal.scripts.Script$Recompilation$44618$3841A$\^function\_.L:1#issueCommand(<function>:124)
	at jdk.nashorn.internal.scripts.Script$Recompilation$44618$3841A$\^function\_.L:1#issueCommand(<function>:124)
	at jdk.nashorn.internal.scripts.Script$Recompilation$44618$3841A$\^function\_.L:1#issueCommand(<function>:124)
	at jdk.nashorn.internal.scripts.Script$Recompilation$44618$3841A$\^function\_.L:1#issueCommand(<function>:124)
	at jdk.nashorn.internal.scripts.Script$Recompilation$44618$3841A$\^function\_.L:1#issueCommand(<function>:124)
	at jdk.nashorn.internal.scripts.Script$Recompilation$44618$3841A$\^function\_.L:1#issueCommand(<function>:124)
	at jdk.nashorn.internal.scripts.Script$Recompilation$44618$3841A$\^function\_.L:1#issueCommand(<function>:124)
	at jdk.nashorn.internal.scripts.Script$Recompilation$44618$3841A$\^function\_.L:1#issueCommand(<function>:124)
	at jdk.nashorn.internal.scripts.Script$Recompilation$44618$3841A$\^function\_.L:1#issueCommand(<function>:124)
	at jdk.nashorn.internal.scripts.Script$Recompilation$44618$3841A$\^function\_.L:1#issueCommand(<function>:124)
	at jdk.nashorn.internal.scripts.Script$Recompilation$44618$3841A$\^function\_.L:1#issueCommand(<function>:124)
	at jdk.nashorn.internal.scripts.Script$Recompilation$44618$3841A$\^function\_.L:1#issueCommand(<function>:124)
	at jdk.nashorn.internal.scripts.Script$Recompilation$44618$3841A$\^function\_.L:1#issueCommand(<function>:124)
	at jdk.nashorn.internal.scripts.Script$Recompilation$44618$3841A$\^function\_.L:1#issueCommand(<function>:124)
	at jdk.nashorn.internal.scripts.Script$Recompilation$44618$3841A$\^function\_.L:1#issueCommand(<function>:124)
	at jdk.nashorn.internal.scripts.Script$Recompilation$44618$3841A$\^function\_.L:1#issueCommand(<function>:124)
	at jdk.nashorn.internal.scripts.Script$Recompilation$44618$3841A$\^function\_.L:1#issueCommand(<function>:124)
	at jdk.nashorn.internal.scripts.Script$Recompilation$44618$3841A$\^function\_.L:1#issueCommand(<function>:124)
	at jdk.nashorn.internal.scripts.Script$Recompilation$44618$3841A$\^function\_.L:1#issueCommand(<function>:124)
	at jdk.nashorn.internal.scripts.Script$Recompilation$44618$3841A$\^function\_.L:1#issueCommand(<function>:124)
	at jdk.nashorn.internal.scripts.Script$Recompilation$44618$3841A$\^function\_.L:1#issueCommand(<function>:124)
	at jdk.nashorn.internal.scripts.Script$Recompilation$44618$3841A$\^function\_.L:1#issueCommand(<function>:124)
	at jdk.nashorn.internal.scripts.Script$Recompilation$44618$3841A$\^function\_.L:1#issueCommand(<function>:124)
	at jdk.nashorn.internal.scripts.Script$Recompilation$44618$3841A$\^function\_.L:1#issueCommand(<function>:124)
	at jdk.nashorn.internal.scripts.Script$Recompilation$44618$3841A$\^function\_.L:1#issueCommand(<function>:124)
	at jdk.nashorn.internal.scripts.Script$Recompilation$44618$3841A$\^function\_.L:1#issueCommand(<function>:124)
	at jdk.nashorn.internal.scripts.Script$Recompilation$44618$3841A$\^function\_.L:1#issueCommand(<function>:124)
	at jdk.nashorn.internal.scripts.Script$Recompilation$44618$3841A$\^function\_.L:1#issueCommand(<function>:124)
	at jdk.nashorn.internal.scripts.Script$Recompilation$44618$3841A$\^function\_.L:1#issueCommand(<function>:124)
	at jdk.nashorn.internal.scripts.Script$Recompilation$44618$3841A$\^function\_.L:1#issueCommand(<function>:124)
	at jdk.nashorn.internal.scripts.Script$Recompilation$44618$3841A$\^function\_.L:1#issueCommand(<function>:124)
	at jdk.nashorn.internal.scripts.Script$Recompilation$44618$3841A$\^function\_.L:1#issueCommand(<function>:124)
	at jdk.nashorn.internal.scripts.Script$Recompilation$44618$3841A$\^function\_.L:1#issueCommand(<function>:124)
	at jdk.nashorn.internal.scripts.Script$Recompilation$44618$3841A$\^function\_.L:1#issueCommand(<function>:124)
	at jdk.nashorn.internal.scripts.Script$Recompilation$44618$3841A$\^function\_.L:1#issueCommand(<function>:124)
	at jdk.nashorn.internal.scripts.Script$Recompilation$44618$3841A$\^function\_.L:1#issueCommand(<function>:124)
	at jdk.nashorn.internal.scripts.Script$Recompilation$44618$3841A$\^function\_.L:1#issueCommand(<function>:124)
	at jdk.nashorn.internal.scripts.Script$Recompilation$44618$3841A$\^function\_.L:1#issueCommand(<function>:124)
	at jdk.nashorn.internal.scripts.Script$Recompilation$44618$3841A$\^function\_.L:1#issueCommand(<function>:124)
	at jdk.nashorn.internal.scripts.Script$Recompilation$44618$3841A$\^function\_.L:1#issueCommand(<function>:124)
	at jdk.nashorn.internal.scripts.Script$Recompilation$44618$3841A$\^function\_.L:1#issueCommand(<function>:124)
	at jdk.nashorn.internal.scripts.Script$Recompilation$44618$3841A$\^function\_.L:1#issueCommand(<function>:124)
	at jdk.nashorn.internal.scripts.Script$Recompilation$44618$3841A$\^function\_.L:1#issueCommand(<function>:124)
	at jdk.nashorn.internal.scripts.Script$Recompilation$44618$3841A$\^function\_.L:1#issueCommand(<function>:124)
	at jdk.nashorn.internal.scripts.Script$Recompilation$44618$3841A$\^function\_.L:1#issueCommand(<function>:124)
	at jdk.nashorn.internal.scripts.Script$Recompilation$44618$3841A$\^function\_.L:1#issueCommand(<function>:124)
	at jdk.nashorn.internal.scripts.Script$Recompilation$44618$3841A$\^function\_.L:1#issueCommand(<function>:124)
	at jdk.nashorn.internal.scripts.Script$Recompilation$44618$3841A$\^function\_.L:1#issueCommand(<function>:124)
	at jdk.nashorn.internal.scripts.Script$Recompilation$44618$3841A$\^function\_.L:1#issueCommand(<function>:124)
	at jdk.nashorn.internal.scripts.Script$Recompilation$44618$3841A$\^function\_.L:1#issueCommand(<function>:124)
	at jdk.nashorn.internal.scripts.Script$Recompilation$44618$3841A$\^function\_.L:1#issueCommand(<function>:124)
	at jdk.nashorn.internal.scripts.Script$Recompilation$44618$3841A$\^function\_.L:1#issueCommand(<function>:124)
	at jdk.nashorn.internal.scripts.Script$Recompilation$44618$3841A$\^function\_.L:1#issueCommand(<function>:124)
	at jdk.nashorn.internal.scripts.Script$Recompilation$44618$3841A$\^function\_.L:1#issueCommand(<function>:124)
	at jdk.nashorn.internal.scripts.Script$Recompilation$44618$3841A$\^function\_.L:1#issueCommand(<function>:124)
	at jdk.nashorn.internal.scripts.Script$Recompilation$44618$3841A$\^function\_.L:1#issueCommand(<function>:124)
	at jdk.nashorn.internal.scripts.Script$Recompilation$44618$3841A$\^function\_.L:1#issueCommand(<function>:124)
	at jdk.nashorn.internal.scripts.Script$Recompilation$44618$3841A$\^function\_.L:1#issueCommand(<function>:124)
	at jdk.nashorn.internal.scripts.Script$Recompilation$44618$3841A$\^function\_.L:1#issueCommand(<function>:124)
	at jdk.nashorn.internal.scripts.Script$Recompilation$44618$3841A$\^function\_.L:1#issueCommand(<function>:124)
	at jdk.nashorn.internal.scripts.Script$Recompilation$44618$3841A$\^function\_.L:1#issueCommand(<function>:124)
	at jdk.nashorn.internal.scripts.Script$Recompilation$44618$3841A$\^function\_.L:1#issueCommand(<function>:124)
	at jdk.nashorn.internal.scripts.Script$Recompilation$44618$3841A$\^function\_.L:1#issueCommand(<function>:124)
	at jdk.nashorn.internal.scripts.Script$Recompilation$44618$3841A$\^function\_.L:1#issueCommand(<function>:124)
	at jdk.nashorn.internal.scripts.Script$Recompilation$44618$3841A$\^function\_.L:1#issueCommand(<function>:124)
	at jdk.nashorn.internal.scripts.Script$Recompilation$44618$3841A$\^function\_.L:1#issueCommand(<function>:124)
	at jdk.nashorn.internal.scripts.Script$Recompilation$44618$3841A$\^function\_.L:1#issueCommand(<function>:124)
	at jdk.nashorn.internal.scripts.Script$Recompilation$44618$3841A$\^function\_.L:1#issueCommand(<function>:124)
	at jdk.nashorn.internal.scripts.Script$Recompilation$44618$3841A$\^function\_.L:1#issueCommand(<function>:124)
	at jdk.nashorn.internal.scripts.Script$Recompilation$44618$3841A$\^function\_.L:1#issueCommand(<function>:124)
	at jdk.nashorn.internal.scripts.Script$Recompilation$44618$3841A$\^function\_.L:1#issueCommand(<function>:124)
	at jdk.nashorn.internal.scripts.Script$Recompilation$44618$3841A$\^function\_.L:1#issueCommand(<function>:124)
	at jdk.nashorn.internal.scripts.Script$Recompilation$44618$3841A$\^function\_.L:1#issueCommand(<function>:124)
	at jdk.nashorn.internal.scripts.Script$Recompilation$44618$3841A$\^function\_.L:1#issueCommand(<function>:124)
	at jdk.nashorn.internal.scripts.Script$Recompilation$44618$3841A$\^function\_.L:1#issueCommand(<function>:124)
	at jdk.nashorn.internal.scripts.Script$Recompilation$44618$3841A$\^function\_.L:1#issueCommand(<function>:124)
	at jdk.nashorn.internal.scripts.Script$Recompilation$44618$3841A$\^function\_.L:1#issueCommand(<function>:124)
	at jdk.nashorn.internal.scripts.Script$Recompilation$44618$3841A$\^function\_.L:1#issueCommand(<function>:124)
	at jdk.nashorn.internal.scripts.Script$Recompilation$44618$3841A$\^function\_.L:1#issueCommand(<function>:124)
	at jdk.nashorn.internal.scripts.Script$Recompilation$44618$3841A$\^function\_.L:1#issueCommand(<function>:124)
	at jdk.nashorn.internal.scripts.Script$Recompilation$44618$3841A$\^function\_.L:1#issueCommand(<function>:124)
	at jdk.nashorn.internal.scripts.Script$Recompilation$44618$3841A$\^function\_.L:1#issueCommand(<function>:124)
	at jdk.nashorn.internal.scripts.Script$Recompilation$44618$3841A$\^function\_.L:1#issueCommand(<function>:124)
	at jdk.nashorn.internal.scripts.Script$Recompilation$44618$3841A$\^function\_.L:1#issueCommand(<function>:124)
	at jdk.nashorn.internal.scripts.Script$Recompilation$44618$3841A$\^function\_.L:1#issueCommand(<function>:124)
	at jdk.nashorn.internal.scripts.Script$Recompilation$44618$3841A$\^function\_.L:1#issueCommand(<function>:124)
	at jdk.nashorn.internal.scripts.Script$Recompilation$44618$3841A$\^function\_.L:1#issueCommand(<function>:124)
	at jdk.nashorn.internal.scripts.Script$Recompilation$44618$3841A$\^function\_.L:1#issueCommand(<function>:124)
	at jdk.nashorn.internal.scripts.Script$Recompilation$44618$3841A$\^function\_.L:1#issueCommand(<function>:124)
	at jdk.nashorn.internal.scripts.Script$Recompilation$44618$3841A$\^function\_.L:1#issueCommand(<function>:124)
	at jdk.nashorn.internal.scripts.Script$Recompilation$44618$3841A$\^function\_.L:1#issueCommand(<function>:124)
	at jdk.nashorn.internal.scripts.Script$Recompilation$44618$3841A$\^function\_.L:1#issueCommand(<function>:124)
	at jdk.nashorn.internal.scripts.Script$Recompilation$44618$3841A$\^function\_.L:1#issueCommand(<function>:124)
	at jdk.nashorn.internal.scripts.Script$Recompilation$44618$3841A$\^function\_.L:1#issueCommand(<function>:124)
	at jdk.nashorn.internal.scripts.Script$Recompilation$44618$3841A$\^function\_.L:1#issueCommand(<function>:124)
	at jdk.nashorn.internal.scripts.Script$Recompilation$44618$3841A$\^function\_.L:1#issueCommand(<function>:124)
	at jdk.nashorn.internal.scripts.Script$Recompilation$44618$3841A$\^function\_.L:1#issueCommand(<function>:124)
	at jdk.nashorn.internal.scripts.Script$Recompilation$44618$3841A$\^function\_.L:1#issueCommand(<function>:124)
	at jdk.nashorn.internal.scripts.Script$Recompilation$44618$3841A$\^function\_.L:1#issueCommand(<function>:124)
	at jdk.nashorn.internal.scripts.Script$Recompilation$44618$3841A$\^function\_.L:1#issueCommand(<function>:124)
	at jdk.nashorn.internal.scripts.Script$Recompilation$44618$3841A$\^function\_.L:1#issueCommand(<function>:124)
	at jdk.nashorn.internal.scripts.Script$Recompilation$44618$3841A$\^function\_.L:1#issueCommand(<function>:124)
	at jdk.nashorn.internal.scripts.Script$Recompilation$44618$3841A$\^function\_.L:1#issueCommand(<function>:124)
	at jdk.nashorn.internal.scripts.Script$Recompilation$44618$3841A$\^function\_.L:1#issueCommand(<function>:124)
	at jdk.nashorn.internal.scripts.Script$Recompilation$44618$3841A$\^function\_.L:1#issueCommand(<function>:124)
	at jdk.nashorn.internal.scripts.Script$Recompilation$44618$3841A$\^function\_.L:1#issueCommand(<function>:124)
	at jdk.nashorn.internal.scripts.Script$Recompilation$44618$3841A$\^function\_.L:1#issueCommand(<function>:124)
	at jdk.nashorn.internal.scripts.Script$Recompilation$44618$3841A$\^function\_.L:1#issueCommand(<function>:124)
	at jdk.nashorn.internal.scripts.Script$Recompilation$44618$3841A$\^function\_.L:1#issueCommand(<function>:124)
	at jdk.nashorn.internal.scripts.Script$Recompilation$44618$3841A$\^function\_.L:1#issueCommand(<function>:124)
	at jdk.nashorn.internal.scripts.Script$Recompilation$44618$3841A$\^function\_.L:1#issueCommand(<function>:124)
	at jdk.nashorn.internal.scripts.Script$Recompilation$44618$3841A$\^function\_.L:1#issueCommand(<function>:124)
	at jdk.nashorn.internal.scripts.Script$Recompilation$44618$3841A$\^function\_.L:1#issueCommand(<function>:124)
	at jdk.nashorn.internal.scripts.Script$Recompilation$44618$3841A$\^function\_.L:1#issueCommand(<function>:124)
	at jdk.nashorn.internal.scripts.Script$Recompilation$44618$3841A$\^function\_.L:1#issueCommand(<function>:124)
	at jdk.nashorn.internal.scripts.Script$Recompilation$44618$3841A$\^function\_.L:1#issueCommand(<function>:124)
	at jdk.nashorn.internal.scripts.Script$Recompilation$44618$3841A$\^function\_.L:1#issueCommand(<function>:124)
	at jdk.nashorn.internal.scripts.Script$Recompilation$44618$3841A$\^function\_.L:1#issueCommand(<function>:124)
	at jdk.nashorn.internal.scripts.Script$Recompilation$44618$3841A$\^function\_.L:1#issueCommand(<function>:124)
	at jdk.nashorn.internal.scripts.Script$Recompilation$44618$3841A$\^function\_.L:1#issueCommand(<function>:124)
	at jdk.nashorn.internal.scripts.Script$Recompilation$44618$3841A$\^function\_.L:1#issueCommand(<function>:124)
	at jdk.nashorn.internal.scripts.Script$Recompilation$44618$3841A$\^function\_.L:1#issueCommand(<function>:124)
	at jdk.nashorn.internal.scripts.Script$Recompilation$44618$3841A$\^function\_.L:1#issueCommand(<function>:124)
	at jdk.nashorn.internal.scripts.Script$Recompilation$44618$3841A$\^function\_.L:1#issueCommand(<function>:124)
	at jdk.nashorn.internal.scripts.Script$Recompilation$44618$3841A$\^function\_.L:1#issueCommand(<function>:124)
	at jdk.nashorn.internal.scripts.Script$Recompilation$44618$3841A$\^function\_.L:1#issueCommand(<function>:124)
	at jdk.nashorn.internal.scripts.Script$Recompilation$44618$3841A$\^function\_.L:1#issueCommand(<function>:124)
	at jdk.nashorn.internal.scripts.Script$Recompilation$44618$3841A$\^function\_.L:1#issueCommand(<function>:124)
	at jdk.nashorn.internal.scripts.Script$Recompilation$44618$3841A$\^function\_.L:1#issueCommand(<function>:124)
	at jdk.nashorn.internal.scripts.Script$Recompilation$44618$3841A$\^function\_.L:1#issueCommand(<function>:124)
	at jdk.nashorn.internal.scripts.Script$Recompilation$44618$3841A$\^function\_.L:1#issueCommand(<function>:124)
	at jdk.nashorn.internal.scripts.Script$Recompilation$44618$3841A$\^function\_.L:1#issueCommand(<function>:124)
	at jdk.nashorn.internal.scripts.Script$Recompilation$44618$3841A$\^function\_.L:1#issueCommand(<function>:124)
	at jdk.nashorn.internal.scripts.Script$Recompilation$44618$3841A$\^function\_.L:1#issueCommand(<function>:124)
	at jdk.nashorn.internal.scripts.Script$Recompilation$44618$3841A$\^function\_.L:1#issueCommand(<function>:124)
	at jdk.nashorn.internal.scripts.Script$Recompilation$44618$3841A$\^function\_.L:1#issueCommand(<function>:124)
	at jdk.nashorn.internal.scripts.Script$Recompilation$44618$3841A$\^function\_.L:1#issueCommand(<function>:124)
	at jdk.nashorn.internal.scripts.Script$Recompilation$44618$3841A$\^function\_.L:1#issueCommand(<function>:124)
	at jdk.nashorn.internal.scripts.Script$Recompilation$44618$3841A$\^function\_.L:1#issueCommand(<function>:124)
	at jdk.nashorn.internal.scripts.Script$Recompilation$44618$3841A$\^function\_.L:1#issueCommand(<function>:124)
	at jdk.nashorn.internal.scripts.Script$Recompilation$44618$3841A$\^function\_.L:1#issueCommand(<function>:124)
	at jdk.nashorn.internal.scripts.Script$Recompilation$44618$3841A$\^function\_.L:1#issueCommand(<function>:124)
	at jdk.nashorn.internal.scripts.Script$Recompilation$44618$3841A$\^function\_.L:1#issueCommand(<function>:124)
	at jdk.nashorn.internal.scripts.Script$Recompilation$44618$3841A$\^function\_.L:1#issueCommand(<function>:124)
	at jdk.nashorn.internal.scripts.Script$Recompilation$44618$3841A$\^function\_.L:1#issueCommand(<function>:124)
	at jdk.nashorn.internal.scripts.Script$Recompilation$44618$3841A$\^function\_.L:1#issueCommand(<function>:124)
	at jdk.nashorn.internal.scripts.Script$Recompilation$44618$3841A$\^function\_.L:1#issueCommand(<function>:124)
	at jdk.nashorn.internal.scripts.Script$Recompilation$44618$3841A$\^function\_.L:1#issueCommand(<function>:124)
	at jdk.nashorn.internal.scripts.Script$Recompilation$44618$3841A$\^function\_.L:1#issueCommand(<function>:124)
	at jdk.nashorn.internal.scripts.Script$Recompilation$44618$3841A$\^function\_.L:1#issueCommand(<function>:124)
	at jdk.nashorn.internal.scripts.Script$Recompilation$44618$3841A$\^function\_.L:1#issueCommand(<function>:124)
	at jdk.nashorn.internal.scripts.Script$Recompilation$44618$3841A$\^function\_.L:1#issueCommand(<function>:124)
	at jdk.nashorn.internal.scripts.Script$Recompilation$44618$3841A$\^function\_.L:1#issueCommand(<function>:124)
	at jdk.nashorn.internal.scripts.Script$Recompilation$44618$3841A$\^function\_.L:1#issueCommand(<function>:124)
	at jdk.nashorn.internal.scripts.Script$Recompilation$44618$3841A$\^function\_.L:1#issueCommand(<function>:124)
	at jdk.nashorn.internal.scripts.Script$Recompilation$44618$3841A$\^function\_.L:1#issueCommand(<function>:124)
	at jdk.nashorn.internal.scripts.Script$Recompilation$44618$3841A$\^function\_.L:1#issueCommand(<function>:124)
	at jdk.nashorn.internal.scripts.Script$Recompilation$44618$3841A$\^function\_.L:1#issueCommand(<function>:124)
	at jdk.nashorn.internal.scripts.Script$Recompilation$44618$3841A$\^function\_.L:1#issueCommand(<function>:124)
	at jdk.nashorn.internal.scripts.Script$Recompilation$44618$3841A$\^function\_.L:1#issueCommand(<function>:124)
	at jdk.nashorn.internal.scripts.Script$Recompilation$44618$3841A$\^function\_.L:1#issueCommand(<function>:124)
	at jdk.nashorn.internal.scripts.Script$Recompilation$44618$3841A$\^function\_.L:1#issueCommand(<function>:124)
	at jdk.nashorn.internal.scripts.Script$Recompilation$44618$3841A$\^function\_.L:1#issueCommand(<function>:124)
	at jdk.nashorn.internal.scripts.Script$Recompilation$44618$3841A$\^function\_.L:1#issueCommand(<function>:124)
	at jdk.nashorn.internal.scripts.Script$Recompilation$44618$3841A$\^function\_.L:1#issueCommand(<function>:124)
	at jdk.nashorn.internal.scripts.Script$Recompilation$44618$3841A$\^function\_.L:1#issueCommand(<function>:124)
	at jdk.nashorn.internal.scripts.Script$Recompilation$44618$3841A$\^function\_.L:1#issueCommand(<function>:124)
	at jdk.nashorn.internal.scripts.Script$Recompilation$44618$3841A$\^function\_.L:1#issueCommand(<function>:124)
	at jdk.nashorn.internal.scripts.Script$Recompilation$44618$3841A$\^function\_.L:1#issueCommand(<function>:124)
	at jdk.nashorn.internal.scripts.Script$Recompilation$44618$3841A$\^function\_.L:1#issueCommand(<function>:124)
	at jdk.nashorn.internal.scripts.Script$Recompilation$44618$3841A$\^function\_.L:1#issueCommand(<function>:124)
	at jdk.nashorn.internal.scripts.Script$Recompilation$44618$3841A$\^function\_.L:1#issueCommand(<function>:124)
	at jdk.nashorn.internal.scripts.Script$Recompilation$44618$3841A$\^function\_.L:1#issueCommand(<function>:124)
	at jdk.nashorn.internal.scripts.Script$Recompilation$44618$3841A$\^function\_.L:1#issueCommand(<function>:124)
	at jdk.nashorn.internal.scripts.Script$Recompilation$44618$3841A$\^function\_.L:1#issueCommand(<function>:124)
	at jdk.nashorn.internal.scripts.Script$Recompilation$44618$3841A$\^function\_.L:1#issueCommand(<function>:124)
	at jdk.nashorn.internal.scripts.Script$Recompilation$44618$3841A$\^function\_.L:1#issueCommand(<function>:124)
	at jdk.nashorn.internal.scripts.Script$Recompilation$44618$3841A$\^function\_.L:1#issueCommand(<function>:124)
	at jdk.nashorn.internal.scripts.Script$Recompilation$44618$3841A$\^function\_.L:1#issueCommand(<function>:124)
	at jdk.nashorn.internal.scripts.Script$Recompilation$44618$3841A$\^function\_.L:1#issueCommand(<function>:124)
	at jdk.nashorn.internal.scripts.Script$Recompilation$44618$3841A$\^function\_.L:1#issueCommand(<function>:124)
	at jdk.nashorn.internal.scripts.Script$Recompilation$44618$3841A$\^function\_.L:1#issueCommand(<function>:124)
	at jdk.nashorn.internal.scripts.Script$Recompilation$44618$3841A$\^function\_.L:1#issueCommand(<function>:124)
	at jdk.nashorn.internal.scripts.Script$Recompilation$44618$3841A$\^function\_.L:1#issueCommand(<function>:124)
	at jdk.nashorn.internal.scripts.Script$Recompilation$44618$3841A$\^function\_.L:1#issueCommand(<function>:124)
	at jdk.nashorn.internal.scripts.Script$Recompilation$44618$3841A$\^function\_.L:1#issueCommand(<function>:124)
	at jdk.nashorn.internal.scripts.Script$Recompilation$44618$3841A$\^function\_.L:1#issueCommand(<function>:124)
	at jdk.nashorn.internal.scripts.Script$Recompilation$44618$3841A$\^function\_.L:1#issueCommand(<function>:124)
	at jdk.nashorn.internal.scripts.Script$Recompilation$44618$3841A$\^function\_.L:1#issueCommand(<function>:124)
	at jdk.nashorn.internal.scripts.Script$Recompilation$44618$3841A$\^function\_.L:1#issueCommand(<function>:124)
	at jdk.nashorn.internal.scripts.Script$Recompilation$44618$3841A$\^function\_.L:1#issueCommand(<function>:124)
	at jdk.nashorn.internal.scripts.Script$Recompilation$44618$3841A$\^function\_.L:1#issueCommand(<function>:124)
	at jdk.nashorn.internal.scripts.Script$Recompilation$44618$3841A$\^function\_.L:1#issueCommand(<function>:124)
	at jdk.nashorn.internal.scripts.Script$Recompilation$44618$3841A$\^function\_.L:1#issueCommand(<function>:124)
	at jdk.nashorn.internal.scripts.Script$Recompilation$44618$3841A$\^function\_.L:1#issueCommand(<function>:124)
	at jdk.nashorn.internal.scripts.Script$Recompilation$44618$3841A$\^function\_.L:1#issueCommand(<function>:124)
	at jdk.nashorn.internal.scripts.Script$Recompilation$44618$3841A$\^function\_.L:1#issueCommand(<function>:124)
	at jdk.nashorn.internal.scripts.Script$Recompilation$44618$3841A$\^function\_.L:1#issueCommand(<function>:124)
	at jdk.nashorn.internal.scripts.Script$Recompilation$44618$3841A$\^function\_.L:1#issueCommand(<function>:124)
	at jdk.nashorn.internal.scripts.Script$Recompilation$44618$3841A$\^function\_.L:1#issueCommand(<function>:124)
	at jdk.nashorn.internal.scripts.Script$Recompilation$44618$3841A$\^function\_.L:1#issueCommand(<function>:124)
	at jdk.nashorn.internal.scripts.Script$Recompilation$44618$3841A$\^function\_.L:1#issueCommand(<function>:124)
	at jdk.nashorn.internal.scripts.Script$Recompilation$44618$3841A$\^function\_.L:1#issueCommand(<function>:124)
	at jdk.nashorn.internal.scripts.Script$Recompilation$44618$3841A$\^function\_.L:1#issueCommand(<function>:124)
	at jdk.nashorn.internal.scripts.Script$Recompilation$44618$3841A$\^function\_.L:1#issueCommand(<function>:124)
	at jdk.nashorn.internal.scripts.Script$Recompilation$44618$3841A$\^function\_.L:1#issueCommand(<function>:124)
	at jdk.nashorn.internal.scripts.Script$Recompilation$44618$3841A$\^function\_.L:1#issueCommand(<function>:124)
	at jdk.nashorn.internal.scripts.Script$Recompilation$44618$3841A$\^function\_.L:1#issueCommand(<function>:124)
	at jdk.nashorn.internal.scripts.Script$Recompilation$44618$3841A$\^function\_.L:1#issueCommand(<function>:124)
	at jdk.nashorn.internal.scripts.Script$Recompilation$44618$3841A$\^function\_.L:1#issueCommand(<function>:124)
	at jdk.nashorn.internal.scripts.Script$Recompilation$44618$3841A$\^function\_.L:1#issueCommand(<function>:124)
	at jdk.nashorn.internal.scripts.Script$Recompilation$44618$3841A$\^function\_.L:1#issueCommand(<function>:124)
	at jdk.nashorn.internal.scripts.Script$Recompilation$44618$3841A$\^function\_.L:1#issueCommand(<function>:124)
	at jdk.nashorn.internal.scripts.Script$Recompilation$44618$3841A$\^function\_.L:1#issueCommand(<function>:124)
	at jdk.nashorn.internal.scripts.Script$Recompilation$44618$3841A$\^function\_.L:1#issueCommand(<function>:124)
	at jdk.nashorn.internal.scripts.Script$Recompilation$44618$3841A$\^function\_.L:1#issueCommand(<function>:124)
	at jdk.nashorn.internal.scripts.Script$Recompilation$44618$3841A$\^function\_.L:1#issueCommand(<function>:124)
	at jdk.nashorn.internal.scripts.Script$Recompilation$44618$3841A$\^function\_.L:1#issueCommand(<function>:124)
	at jdk.nashorn.internal.scripts.Script$Recompilation$44618$3841A$\^function\_.L:1#issueCommand(<function>:124)
	at jdk.nashorn.internal.scripts.Script$Recompilation$44618$3841A$\^function\_.L:1#issueCommand(<function>:124)
	at jdk.nashorn.internal.scripts.Script$Recompilation$44618$3841A$\^function\_.L:1#issueCommand(<function>:124)
	at jdk.nashorn.internal.scripts.Script$Recompilation$44618$3841A$\^function\_.L:1#issueCommand(<function>:124)
	at jdk.nashorn.internal.scripts.Script$Recompilation$44618$3841A$\^function\_.L:1#issueCommand(<function>:124)
	at jdk.nashorn.internal.scripts.Script$Recompilation$44618$3841A$\^function\_.L:1#issueCommand(<function>:124)
	at jdk.nashorn.internal.scripts.Script$Recompilation$44618$3841A$\^function\_.L:1#issueCommand(<function>:124)
	at jdk.nashorn.internal.scripts.Script$Recompilation$44618$3841A$\^function\_.L:1#issueCommand(<function>:124)
	at jdk.nashorn.internal.scripts.Script$Recompilation$44618$3841A$\^function\_.L:1#issueCommand(<function>:124)
	at jdk.nashorn.internal.scripts.Script$Recompilation$44618$3841A$\^function\_.L:1#issueCommand(<function>:124)
	at jdk.nashorn.internal.scripts.Script$Recompilation$44618$3841A$\^function\_.L:1#issueCommand(<function>:124)
	at jdk.nashorn.internal.scripts.Script$Recompilation$44618$3841A$\^function\_.L:1#issueCommand(<function>:124)
	at jdk.nashorn.internal.scripts.Script$Recompilation$44618$3841A$\^function\_.L:1#issueCommand(<function>:124)
	at jdk.nashorn.internal.scripts.Script$Recompilation$44618$3841A$\^function\_.L:1#issueCommand(<function>:124)
	at jdk.nashorn.internal.scripts.Script$Recompilation$44618$3841A$\^function\_.L:1#issueCommand(<function>:124)
	at jdk.nashorn.internal.scripts.Script$Recompilation$44618$3841A$\^function\_.L:1#issueCommand(<function>:124)
	at jdk.nashorn.internal.scripts.Script$Recompilation$44618$3841A$\^function\_.L:1#issueCommand(<function>:124)
	at jdk.nashorn.internal.scripts.Script$Recompilation$44618$3841A$\^function\_.L:1#issueCommand(<function>:124)
	at jdk.nashorn.internal.scripts.Script$Recompilation$44618$3841A$\^function\_.L:1#issueCommand(<function>:124)
	at jdk.nashorn.internal.scripts.Script$Recompilation$44618$3841A$\^function\_.L:1#issueCommand(<function>:124)
	at jdk.nashorn.internal.scripts.Script$Recompilation$44618$3841A$\^function\_.L:1#issueCommand(<function>:124)
	at jdk.nashorn.internal.scripts.Script$Recompilation$44618$3841A$\^function\_.L:1#issueCommand(<function>:124)
	at jdk.nashorn.internal.scripts.Script$Recompilation$44618$3841A$\^function\_.L:1#issueCommand(<function>:124)
	at jdk.nashorn.internal.scripts.Script$Recompilation$44618$3841A$\^function\_.L:1#issueCommand(<function>:124)
	at jdk.nashorn.internal.scripts.Script$Recompilation$44618$3841A$\^function\_.L:1#issueCommand(<function>:124)
	at jdk.nashorn.internal.scripts.Script$Recompilation$44618$3841A$\^function\_.L:1#issueCommand(<function>:124)
	at jdk.nashorn.internal.scripts.Script$Recompilation$44618$3841A$\^function\_.L:1#issueCommand(<function>:124)
	at jdk.nashorn.internal.scripts.Script$Recompilation$44618$3841A$\^function\_.L:1#issueCommand(<function>:124)
	at jdk.nashorn.internal.scripts.Script$Recompilation$44618$3841A$\^function\_.L:1#issueCommand(<function>:124)
	at jdk.nashorn.internal.scripts.Script$Recompilation$44618$3841A$\^function\_.L:1#issueCommand(<function>:124)
	at jdk.nashorn.internal.scripts.Script$Recompilation$44618$3841A$\^function\_.L:1#issueCommand(<function>:124)
	at jdk.nashorn.internal.scripts.Script$Recompilation$44618$3841A$\^function\_.L:1#issueCommand(<function>:124)
	at jdk.nashorn.internal.scripts.Script$Recompilation$44618$3841A$\^function\_.L:1#issueCommand(<function>:124)
	at jdk.nashorn.internal.scripts.Script$Recompilation$44618$3841A$\^function\_.L:1#issueCommand(<function>:124)
	at jdk.nashorn.internal.scripts.Script$Recompilation$44618$3841A$\^function\_.L:1#issueCommand(<function>:124)
	at jdk.nashorn.internal.scripts.Script$Recompilation$44618$3841A$\^function\_.L:1#issueCommand(<function>:124)
	at jdk.nashorn.internal.scripts.Script$Recompilation$44618$3841A$\^function\_.L:1#issueCommand(<function>:124)
	at jdk.nashorn.internal.scripts.Script$Recompilation$44618$3841A$\^function\_.L:1#issueCommand(<function>:124)
	at jdk.nashorn.internal.scripts.Script$Recompilation$44618$3841A$\^function\_.L:1#issueCommand(<function>:124)
	at jdk.nashorn.internal.scripts.Script$Recompilation$44618$3841A$\^function\_.L:1#issueCommand(<function>:124)
	at jdk.nashorn.internal.scripts.Script$Recompilation$44618$3841A$\^function\_.L:1#issueCommand(<function>:124)
	at jdk.nashorn.internal.scripts.Script$Recompilation$44618$3841A$\^function\_.L:1#issueCommand(<function>:124)
	at jdk.nashorn.internal.scripts.Script$Recompilation$44618$3841A$\^function\_.L:1#issueCommand(<function>:124)
	at jdk.nashorn.internal.scripts.Script$Recompilation$44618$3841A$\^function\_.L:1#issueCommand(<function>:124)
	at jdk.nashorn.internal.scripts.Script$Recompilation$44618$3841A$\^function\_.L:1#issueCommand(<function>:124)
	at jdk.nashorn.internal.scripts.Script$Recompilation$44618$3841A$\^function\_.L:1#issueCommand(<function>:124)
	at jdk.nashorn.internal.scripts.Script$Recompilation$44618$3841A$\^function\_.L:1#issueCommand(<function>:124)
	at jdk.nashorn.internal.scripts.Script$Recompilation$44618$3841A$\^function\_.L:1#issueCommand(<function>:124)
	at jdk.nashorn.internal.scripts.Script$Recompilation$44618$3841A$\^function\_.L:1#issueCommand(<function>:124)
	at jdk.nashorn.internal.scripts.Script$Recompilation$44618$3841A$\^function\_.L:1#issueCommand(<function>:124)
	at jdk.nashorn.internal.scripts.Script$Recompilation$44618$3841A$\^function\_.L:1#issueCommand(<function>:124)
	at jdk.nashorn.internal.scripts.Script$Recompilation$44618$3841A$\^function\_.L:1#issueCommand(<function>:124)
	at jdk.nashorn.internal.scripts.Script$Recompilation$44618$3841A$\^function\_.L:1#issueCommand(<function>:124)
	at jdk.nashorn.internal.scripts.Script$Recompilation$44618$3841A$\^function\_.L:1#issueCommand(<function>:124)
	at jdk.nashorn.internal.scripts.Script$Recompilation$44618$3841A$\^function\_.L:1#issueCommand(<function>:124)
	at jdk.nashorn.internal.scripts.Script$Recompilation$44618$3841A$\^function\_.L:1#issueCommand(<function>:124)
	at jdk.nashorn.internal.scripts.Script$Recompilation$44618$3841A$\^function\_.L:1#issueCommand(<function>:124)
	at jdk.nashorn.internal.scripts.Script$Recompilation$44618$3841A$\^function\_.L:1#issueCommand(<function>:124)
	at jdk.nashorn.internal.scripts.Script$Recompilation$44618$3841A$\^function\_.L:1#issueCommand(<function>:124)
	at jdk.nashorn.internal.scripts.Script$Recompilation$44618$3841A$\^function\_.L:1#issueCommand(<function>:124)
	at jdk.nashorn.internal.scripts.Script$Recompilation$44618$3841A$\^function\_.L:1#issueCommand(<function>:124)
	at jdk.nashorn.internal.scripts.Script$Recompilation$44618$3841A$\^function\_.L:1#issueCommand(<function>:124)
	at jdk.nashorn.internal.scripts.Script$Recompilation$44618$3841A$\^function\_.L:1#issueCommand(<function>:124)
	at jdk.nashorn.internal.scripts.Script$Recompilation$44618$3841A$\^function\_.L:1#issueCommand(<function>:124)
	at jdk.nashorn.internal.scripts.Script$Recompilation$44618$3841A$\^function\_.L:1#issueCommand(<function>:124)
	at jdk.nashorn.internal.scripts.Script$Recompilation$44618$3841A$\^function\_.L:1#issueCommand(<function>:124)
	at jdk.nashorn.internal.scripts.Script$Recompilation$44618$3841A$\^function\_.L:1#issueCommand(<function>:124)
	at jdk.nashorn.internal.scripts.Script$Recompilation$44618$3841A$\^function\_.L:1#issueCommand(<function>:124)
	at jdk.nashorn.internal.scripts.Script$Recompilation$44618$3841A$\^function\_.L:1#issueCommand(<function>:124)
	at jdk.nashorn.internal.scripts.Script$Recompilation$44618$3841A$\^function\_.L:1#issueCommand(<function>:124)
	at jdk.nashorn.internal.scripts.Script$Recompilation$44618$3841A$\^function\_.L:1#issueCommand(<function>:124)
	at jdk.nashorn.internal.scripts.Script$Recompilation$44618$3841A$\^function\_.L:1#issueCommand(<function>:124)
	at jdk.nashorn.internal.scripts.Script$Recompilation$44618$3841A$\^function\_.L:1#issueCommand(<function>:124)
	at jdk.nashorn.internal.scripts.Script$Recompilation$44618$3841A$\^function\_.L:1#issueCommand(<function>:124)
	at jdk.nashorn.internal.scripts.Script$Recompilation$44618$3841A$\^function\_.L:1#issueCommand(<function>:124)
	at jdk.nashorn.internal.scripts.Script$Recompilation$44618$3841A$\^function\_.L:1#issueCommand(<function>:124)
	at jdk.nashorn.internal.scripts.Script$Recompilation$44618$3841A$\^function\_.L:1#issueCommand(<function>:124)
	at jdk.nashorn.internal.scripts.Script$Recompilation$44618$3841A$\^function\_.L:1#issueCommand(<function>:124)
	at jdk.nashorn.internal.scripts.Script$Recompilation$44618$3841A$\^function\_.L:1#issueCommand(<function>:124)
	at jdk.nashorn.internal.scripts.Script$Recompilation$44618$3841A$\^function\_.L:1#issueCommand(<function>:124)
	at jdk.nashorn.internal.scripts.Script$Recompilation$44618$3841A$\^function\_.L:1#issueCommand(<function>:124)
	at jdk.nashorn.internal.scripts.Script$Recompilation$44618$3841A$\^function\_.L:1#issueCommand(<function>:124)
	at jdk.nashorn.internal.scripts.Script$Recompilation$44618$3841A$\^function\_.L:1#issueCommand(<function>:124)
	at jdk.nashorn.internal.scripts.Script$Recompilation$44618$3841A$\^function\_.L:1#issueCommand(<function>:124)
	at jdk.nashorn.internal.scripts.Script$Recompilation$44618$3841A$\^function\_.L:1#issueCommand(<function>:124)
	at jdk.nashorn.internal.scripts.Script$Recompilation$44618$3841A$\^function\_.L:1#issueCommand(<function>:124)
	at jdk.nashorn.internal.scripts.Script$Recompilation$44618$3841A$\^function\_.L:1#issueCommand(<function>:124)
	at jdk.nashorn.internal.scripts.Script$Recompilation$44618$3841A$\^function\_.L:1#issueCommand(<function>:124)
	at jdk.nashorn.internal.scripts.Script$Recompilation$44618$3841A$\^function\_.L:1#issueCommand(<function>:124)
	at jdk.nashorn.internal.scripts.Script$Recompilation$44618$3841A$\^function\_.L:1#issueCommand(<function>:124)
	at jdk.nashorn.internal.scripts.Script$Recompilation$44618$3841A$\^function\_.L:1#issueCommand(<function>:124)
	at jdk.nashorn.internal.scripts.Script$Recompilation$44618$3841A$\^function\_.L:1#issueCommand(<function>:124)
	at jdk.nashorn.internal.scripts.Script$Recompilation$44618$3841A$\^function\_.L:1#issueCommand(<function>:124)
	at jdk.nashorn.internal.scripts.Script$Recompilation$44618$3841A$\^function\_.L:1#issueCommand(<function>:124)
	at jdk.nashorn.internal.scripts.Script$Recompilation$44618$3841A$\^function\_.L:1#issueCommand(<function>:124)
	at jdk.nashorn.internal.scripts.Script$Recompilation$44618$3841A$\^function\_.L:1#issueCommand(<function>:124)
	at jdk.nashorn.internal.scripts.Script$Recompilation$44618$3841A$\^function\_.L:1#issueCommand(<function>:124)
	at jdk.nashorn.internal.scripts.Script$Recompilation$44618$3841A$\^function\_.L:1#issueCommand(<function>:124)
	at jdk.nashorn.internal.scripts.Script$Recompilation$44618$3841A$\^function\_.L:1#issueCommand(<function>:124)
	at jdk.nashorn.internal.scripts.Script$Recompilation$44618$3841A$\^function\_.L:1#issueCommand(<function>:124)
	at jdk.nashorn.internal.scripts.Script$Recompilation$44618$3841A$\^function\_.L:1#issueCommand(<function>:124)
	at jdk.nashorn.internal.scripts.Script$Recompilation$44618$3841A$\^function\_.L:1#issueCommand(<function>:124)
	at jdk.nashorn.internal.scripts.Script$Recompilation$44618$3841A$\^function\_.L:1#issueCommand(<function>:124)
	at jdk.nashorn.internal.scripts.Script$Recompilation$44618$3841A$\^function\_.L:1#issueCommand(<function>:124)
	at jdk.nashorn.internal.scripts.Script$Recompilation$44618$3841A$\^function\_.L:1#issueCommand(<function>:124)
	at jdk.nashorn.internal.scripts.Script$Recompilation$44618$3841A$\^function\_.L:1#issueCommand(<function>:124)
	at jdk.nashorn.internal.scripts.Script$Recompilation$44618$3841A$\^function\_.L:1#issueCommand(<function>:124)
	at jdk.nashorn.internal.scripts.Script$Recompilation$44618$3841A$\^function\_.L:1#issueCommand(<function>:124)
	at jdk.nashorn.internal.scripts.Script$Recompilation$44618$3841A$\^function\_.L:1#issueCommand(<function>:124)
	at jdk.nashorn.internal.scripts.Script$Recompilation$44618$3841A$\^function\_.L:1#issueCommand(<function>:124)
	at jdk.nashorn.internal.scripts.Script$Recompilation$44618$3841A$\^function\_.L:1#issueCommand(<function>:124)
	at jdk.nashorn.internal.scripts.Script$Recompilation$44618$3841A$\^function\_.L:1#issueCommand(<function>:124)
	at jdk.nashorn.internal.scripts.Script$Recompilation$44618$3841A$\^function\_.L:1#issueCommand(<function>:124)
	at jdk.nashorn.internal.scripts.Script$Recompilation$44618$3841A$\^function\_.L:1#issueCommand(<function>:124)
	at jdk.nashorn.internal.scripts.Script$Recompilation$44618$3841A$\^function\_.L:1#issueCommand(<function>:124)
	at jdk.nashorn.internal.scripts.Script$Recompilation$44618$3841A$\^function\_.L:1#issueCommand(<function>:124)
	at jdk.nashorn.internal.scripts.Script$Recompilation$44618$3841A$\^function\_.L:1#issueCommand(<function>:124)
	at jdk.nashorn.internal.scripts.Script$Recompilation$44618$3841A$\^function\_.L:1#issueCommand(<function>:124)
	at jdk.nashorn.internal.scripts.Script$Recompilation$44618$3841A$\^function\_.L:1#issueCommand(<function>:124)
	at jdk.nashorn.internal.scripts.Script$Recompilation$44618$3841A$\^function\_.L:1#issueCommand(<function>:124)
	at jdk.nashorn.internal.scripts.Script$Recompilation$44618$3841A$\^function\_.L:1#issueCommand(<function>:124)
	at jdk.nashorn.internal.scripts.Script$Recompilation$44618$3841A$\^function\_.L:1#issueCommand(<function>:124)
	at jdk.nashorn.internal.scripts.Script$Recompilation$44618$3841A$\^function\_.L:1#issueCommand(<function>:124)
	at jdk.nashorn.internal.scripts.Script$Recompilation$44618$3841A$\^function\_.L:1#issueCommand(<function>:124)
	at jdk.nashorn.internal.scripts.Script$Recompilation$44618$3841A$\^function\_.L:1#issueCommand(<function>:124)
	at jdk.nashorn.internal.scripts.Script$Recompilation$44618$3841A$\^function\_.L:1#issueCommand(<function>:124)
	at jdk.nashorn.internal.scripts.Script$Recompilation$44618$3841A$\^function\_.L:1#issueCommand(<function>:124)
	at jdk.nashorn.internal.scripts.Script$Recompilation$44618$3841A$\^function\_.L:1#issueCommand(<function>:124)
	at jdk.nashorn.internal.scripts.Script$Recompilation$44618$3841A$\^function\_.L:1#issueCommand(<function>:124)
	at jdk.nashorn.internal.scripts.Script$Recompilation$44618$3841A$\^function\_.L:1#issueCommand(<function>:124)
	at jdk.nashorn.internal.scripts.Script$Recompilation$44618$3841A$\^function\_.L:1#issueCommand(<function>:124)
	at jdk.nashorn.internal.scripts.Script$Recompilation$44618$3841A$\^function\_.L:1#issueCommand(<function>:124)
	at jdk.nashorn.internal.scripts.Script$Recompilation$44618$3841A$\^function\_.L:1#issueCommand(<function>:124)
	at jdk.nashorn.internal.scripts.Script$Recompilation$44618$3841A$\^function\_.L:1#issueCommand(<function>:124)
	at jdk.nashorn.internal.scripts.Script$Recompilation$44618$3841A$\^function\_.L:1#issueCommand(<function>:124)
	at jdk.nashorn.internal.scripts.Script$Recompilation$44618$3841A$\^function\_.L:1#issueCommand(<function>:124)
	at jdk.nashorn.internal.scripts.Script$Recompilation$44618$3841A$\^function\_.L:1#issueCommand(<function>:124)
	at jdk.nashorn.internal.scripts.Script$Recompilation$44618$3841A$\^function\_.L:1#issueCommand(<function>:124)
	at jdk.nashorn.internal.scripts.Script$Recompilation$44618$3841A$\^function\_.L:1#issueCommand(<function>:124)
	at jdk.nashorn.internal.scripts.Script$Recompilation$44618$3841A$\^function\_.L:1#issueCommand(<function>:124)
	at jdk.nashorn.internal.scripts.Script$Recompilation$44618$3841A$\^function\_.L:1#issueCommand(<function>:124)
	at jdk.nashorn.internal.scripts.Script$Recompilation$44618$3841A$\^function\_.L:1#issueCommand(<function>:124)
	at jdk.nashorn.internal.scripts.Script$Recompilation$44618$3841A$\^function\_.L:1#issueCommand(<function>:124)
	at jdk.nashorn.internal.scripts.Script$Recompilation$44618$3841A$\^function\_.L:1#issueCommand(<function>:124)
	at jdk.nashorn.internal.scripts.Script$Recompilation$44618$3841A$\^function\_.L:1#issueCommand(<function>:124)
	at jdk.nashorn.internal.scripts.Script$Recompilation$44618$3841A$\^function\_.L:1#issueCommand(<function>:124)
	at jdk.nashorn.internal.scripts.Script$Recompilation$44618$3841A$\^function\_.L:1#issueCommand(<function>:124)
	at jdk.nashorn.internal.scripts.Script$Recompilation$44618$3841A$\^function\_.L:1#issueCommand(<function>:124)
	at jdk.nashorn.internal.scripts.Script$Recompilation$44618$3841A$\^function\_.L:1#issueCommand(<function>:124)
	at jdk.nashorn.internal.scripts.Script$Recompilation$44618$3841A$\^function\_.L:1#issueCommand(<function>:124)
	at jdk.nashorn.internal.scripts.Script$Recompilation$44618$3841A$\^function\_.L:1#issueCommand(<function>:124)
	at jdk.nashorn.internal.scripts.Script$Recompilation$44618$3841A$\^function\_.L:1#issueCommand(<function>:124)
	at jdk.nashorn.internal.scripts.Script$Recompilation$44618$3841A$\^function\_.L:1#issueCommand(<function>:124)
	at jdk.nashorn.internal.scripts.Script$Recompilation$44618$3841A$\^function\_.L:1#issueCommand(<function>:124)
	at jdk.nashorn.internal.scripts.Script$Recompilation$44618$3841A$\^function\_.L:1#issueCommand(<function>:124)
	at jdk.nashorn.internal.scripts.Script$Recompilation$44618$3841A$\^function\_.L:1#issueCommand(<function>:124)
	at jdk.nashorn.internal.scripts.Script$Recompilation$44618$3841A$\^function\_.L:1#issueCommand(<function>:124)
	at jdk.nashorn.internal.scripts.Script$Recompilation$44618$3841A$\^function\_.L:1#issueCommand(<function>:124)
	at jdk.nashorn.internal.scripts.Script$Recompilation$44618$3841A$\^function\_.L:1#issueCommand(<function>:124)
	at jdk.nashorn.internal.scripts.Script$Recompilation$44618$3841A$\^function\_.L:1#issueCommand(<function>:124)
	at jdk.nashorn.internal.scripts.Script$Recompilation$44618$3841A$\^function\_.L:1#issueCommand(<function>:124)
	at jdk.nashorn.internal.scripts.Script$Recompilation$44618$3841A$\^function\_.L:1#issueCommand(<function>:124)
	at jdk.nashorn.internal.scripts.Script$Recompilation$44618$3841A$\^function\_.L:1#issueCommand(<function>:124)
	at jdk.nashorn.internal.scripts.Script$Recompilation$44618$3841A$\^function\_.L:1#issueCommand(<function>:124)
	at jdk.nashorn.internal.scripts.Script$Recompilation$44618$3841A$\^function\_.L:1#issueCommand(<function>:124)
	at jdk.nashorn.internal.scripts.Script$Recompilation$44618$3841A$\^function\_.L:1#issueCommand(<function>:124)
	at jdk.nashorn.internal.scripts.Script$Recompilation$44618$3841A$\^function\_.L:1#issueCommand(<function>:124)
	at jdk.nashorn.internal.scripts.Script$Recompilation$44618$3841A$\^function\_.L:1#issueCommand(<function>:124)
	at jdk.nashorn.internal.scripts.Script$Recompilation$44618$3841A$\^function\_.L:1#issueCommand(<function>:124)
	at jdk.nashorn.internal.scripts.Script$Recompilation$44618$3841A$\^function\_.L:1#issueCommand(<function>:124)
	at jdk.nashorn.internal.scripts.Script$Recompilation$44618$3841A$\^function\_.L:1#issueCommand(<function>:124)
	at jdk.nashorn.internal.scripts.Script$Recompilation$44618$3841A$\^function\_.L:1#issueCommand(<function>:124)
	at jdk.nashorn.internal.scripts.Script$Recompilation$44618$3841A$\^function\_.L:1#issueCommand(<function>:124)
	at jdk.nashorn.internal.scripts.Script$Recompilation$44618$3841A$\^function\_.L:1#issueCommand(<function>:124)
	at jdk.nashorn.internal.scripts.Script$Recompilation$44618$3841A$\^function\_.L:1#issueCommand(<function>:124)
	at jdk.nashorn.internal.scripts.Script$Recompilation$44618$3841A$\^function\_.L:1#issueCommand(<function>:124)
	at jdk.nashorn.internal.scripts.Script$Recompilation$44618$3841A$\^function\_.L:1#issueCommand(<function>:124)
	at jdk.nashorn.internal.scripts.Script$Recompilation$44618$3841A$\^function\_.L:1#issueCommand(<function>:124)
	at jdk.nashorn.internal.scripts.Script$Recompilation$44618$3841A$\^function\_.L:1#issueCommand(<function>:124)
	at jdk.nashorn.internal.scripts.Script$Recompilation$44618$3841A$\^function\_.L:1#issueCommand(<function>:124)
	at jdk.nashorn.internal.scripts.Script$Recompilation$44618$3841A$\^function\_.L:1#issueCommand(<function>:124)
	at jdk.nashorn.internal.scripts.Script$Recompilation$44618$3841A$\^function\_.L:1#issueCommand(<function>:124)
	at jdk.nashorn.internal.scripts.Script$Recompilation$44618$3841A$\^function\_.L:1#issueCommand(<function>:124)
	at jdk.nashorn.internal.scripts.Script$Recompilation$44618$3841A$\^function\_.L:1#issueCommand(<function>:124)
	at jdk.nashorn.internal.scripts.Script$Recompilation$44618$3841A$\^function\_.L:1#issueCommand(<function>:124)
	at jdk.nashorn.internal.scripts.Script$Recompilation$44618$3841A$\^function\_.L:1#issueCommand(<function>:124)
	at jdk.nashorn.internal.scripts.Script$Recompilation$44618$3841A$\^function\_.L:1#issueCommand(<function>:124)
	at jdk.nashorn.internal.scripts.Script$Recompilation$44618$3841A$\^function\_.L:1#issueCommand(<function>:124)
	at jdk.nashorn.internal.scripts.Script$Recompilation$44618$3841A$\^function\_.L:1#issueCommand(<function>:124)
	at jdk.nashorn.internal.scripts.Script$Recompilation$44618$3841A$\^function\_.L:1#issueCommand(<function>:124)
	at jdk.nashorn.internal.scripts.Script$Recompilation$44618$3841A$\^function\_.L:1#issueCommand(<function>:124)
	at jdk.nashorn.internal.scripts.Script$Recompilation$44618$3841A$\^function\_.L:1#issueCommand(<function>:124)
	at jdk.nashorn.internal.scripts.Script$Recompilation$44618$3841A$\^function\_.L:1#issueCommand(<function>:124)
	at jdk.nashorn.internal.scripts.Script$Recompilation$44618$3841A$\^function\_.L:1#issueCommand(<function>:124)
	at jdk.nashorn.internal.scripts.Script$Recompilation$44618$3841A$\^function\_.L:1#issueCommand(<function>:124)
	at jdk.nashorn.internal.scripts.Script$Recompilation$44618$3841A$\^function\_.L:1#issueCommand(<function>:124)
	at jdk.nashorn.internal.scripts.Script$Recompilation$44618$3841A$\^function\_.L:1#issueCommand(<function>:124)
	at jdk.nashorn.internal.scripts.Script$Recompilation$44618$3841A$\^function\_.L:1#issueCommand(<function>:124)
	at jdk.nashorn.internal.scripts.Script$Recompilation$44618$3841A$\^function\_.L:1#issueCommand(<function>:124)
	at jdk.nashorn.internal.scripts.Script$Recompilation$44618$3841A$\^function\_.L:1#issueCommand(<function>:124)
	at jdk.nashorn.internal.scripts.Script$Recompilation$44618$3841A$\^function\_.L:1#issueCommand(<function>:124)
	at jdk.nashorn.internal.scripts.Script$Recompilation$44618$3841A$\^function\_.L:1#issueCommand(<function>:124)
	at jdk.nashorn.internal.scripts.Script$Recompilation$44618$3841A$\^function\_.L:1#issueCommand(<function>:124)
	at jdk.nashorn.internal.scripts.Script$Recompilation$44618$3841A$\^function\_.L:1#issueCommand(<function>:124)
	at jdk.nashorn.internal.scripts.Script$Recompilation$44618$3841A$\^function\_.L:1#issueCommand(<function>:124)
	at jdk.nashorn.internal.scripts.Script$Recompilation$44618$3841A$\^function\_.L:1#issueCommand(<function>:124)
	at jdk.nashorn.internal.scripts.Script$Recompilation$44618$3841A$\^function\_.L:1#issueCommand(<function>:124)
	at jdk.nashorn.internal.scripts.Script$Recompilation$44618$3841A$\^function\_.L:1#issueCommand(<function>:124)
	at jdk.nashorn.internal.scripts.Script$Recompilation$44618$3841A$\^function\_.L:1#issueCommand(<function>:124)
	at jdk.nashorn.internal.scripts.Script$Recompilation$44618$3841A$\^function\_.L:1#issueCommand(<function>:124)
	at jdk.nashorn.internal.scripts.Script$Recompilation$44618$3841A$\^function\_.L:1#issueCommand(<function>:124)
	at jdk.nashorn.internal.scripts.Script$Recompilation$44618$3841A$\^function\_.L:1#issueCommand(<function>:124)
	at jdk.nashorn.internal.scripts.Script$Recompilation$44618$3841A$\^function\_.L:1#issueCommand(<function>:124)
	at jdk.nashorn.internal.scripts.Script$Recompilation$44618$3841A$\^function\_.L:1#issueCommand(<function>:124)
	at jdk.nashorn.internal.scripts.Script$Recompilation$44618$3841A$\^function\_.L:1#issueCommand(<function>:124)
	at jdk.nashorn.internal.scripts.Script$Recompilation$44618$3841A$\^function\_.L:1#issueCommand(<function>:124)
	at jdk.nashorn.internal.scripts.Script$Recompilation$44618$3841A$\^function\_.L:1#issueCommand(<function>:124)
	at jdk.nashorn.internal.scripts.Script$Recompilation$44618$3841A$\^function\_.L:1#issueCommand(<function>:124)
	at jdk.nashorn.internal.scripts.Script$Recompilation$44618$3841A$\^function\_.L:1#issueCommand(<function>:124)
	at jdk.nashorn.internal.scripts.Script$Recompilation$44618$3841A$\^function\_.L:1#issueCommand(<function>:124)
	at jdk.nashorn.internal.scripts.Script$Recompilation$44618$3841A$\^function\_.L:1#issueCommand(<function>:124)
	at jdk.nashorn.internal.scripts.Script$Recompilation$44618$3841A$\^function\_.L:1#issueCommand(<function>:124)
	at jdk.nashorn.internal.scripts.Script$Recompilation$44618$3841A$\^function\_.L:1#issueCommand(<function>:124)
	at jdk.nashorn.internal.scripts.Script$Recompilation$44618$3841A$\^function\_.L:1#issueCommand(<function>:124)
	at jdk.nashorn.internal.scripts.Script$Recompilation$44618$3841A$\^function\_.L:1#issueCommand(<function>:124)
	at jdk.nashorn.internal.scripts.Script$Recompilation$44618$3841A$\^function\_.L:1#issueCommand(<function>:124)
	at jdk.nashorn.internal.scripts.Script$Recompilation$44618$3841A$\^function\_.L:1#issueCommand(<function>:124)
	at jdk.nashorn.internal.scripts.Script$Recompilation$44618$3841A$\^function\_.L:1#issueCommand(<function>:124)
	at jdk.nashorn.internal.scripts.Script$Recompilation$44618$3841A$\^function\_.L:1#issueCommand(<function>:124)
	at jdk.nashorn.internal.scripts.Script$Recompilation$44618$3841A$\^function\_.L:1#issueCommand(<function>:124)
	at jdk.nashorn.internal.scripts.Script$Recompilation$44618$3841A$\^function\_.L:1#issueCommand(<function>:124)
	at jdk.nashorn.internal.scripts.Script$Recompilation$44618$3841A$\^function\_.L:1#issueCommand(<function>:124)
	at jdk.nashorn.internal.scripts.Script$Recompilation$44618$3841A$\^function\_.L:1#issueCommand(<function>:124)
	at jdk.nashorn.internal.scripts.Script$Recompilation$44618$3841A$\^function\_.L:1#issueCommand(<function>:124)
	at jdk.nashorn.internal.scripts.Script$Recompilation$44618$3841A$\^function\_.L:1#issueCommand(<function>:124)
	at jdk.nashorn.internal.scripts.Script$Recompilation$44618$3841A$\^function\_.L:1#issueCommand(<function>:124)
	at jdk.nashorn.internal.scripts.Script$Recompilation$44618$3841A$\^function\_.L:1#issueCommand(<function>:124)
	at jdk.nashorn.internal.scripts.Script$Recompilation$44618$3841A$\^function\_.L:1#issueCommand(<function>:124)
	at jdk.nashorn.internal.scripts.Script$Recompilation$44618$3841A$\^function\_.L:1#issueCommand(<function>:124)
	at jdk.nashorn.internal.scripts.Script$Recompilation$44618$3841A$\^function\_.L:1#issueCommand(<function>:124)
	at jdk.nashorn.internal.scripts.Script$Recompilation$44618$3841A$\^function\_.L:1#issueCommand(<function>:124)
	at jdk.nashorn.internal.scripts.Script$Recompilation$44618$3841A$\^function\_.L:1#issueCommand(<function>:124)
	at jdk.nashorn.internal.scripts.Script$Recompilation$44618$3841A$\^function\_.L:1#issueCommand(<function>:124)
	at jdk.nashorn.internal.scripts.Script$Recompilation$44618$3841A$\^function\_.L:1#issueCommand(<function>:124)
	at jdk.nashorn.internal.scripts.Script$Recompilation$44618$3841A$\^function\_.L:1#issueCommand(<function>:124)
	at jdk.nashorn.internal.scripts.Script$Recompilation$44618$3841A$\^function\_.L:1#issueCommand(<function>:124)
	at jdk.nashorn.internal.scripts.Script$Recompilation$44618$3841A$\^function\_.L:1#issueCommand(<function>:124)
	at jdk.nashorn.internal.scripts.Script$Recompilation$44618$3841A$\^function\_.L:1#issueCommand(<function>:124)
	at jdk.nashorn.internal.scripts.Script$Recompilation$44618$3841A$\^function\_.L:1#issueCommand(<function>:124)
	at jdk.nashorn.internal.scripts.Script$Recompilation$44618$3841A$\^function\_.L:1#issueCommand(<function>:124)
	at jdk.nashorn.internal.scripts.Script$Recompilation$44618$3841A$\^function\_.L:1#issueCommand(<function>:124)
	at jdk.nashorn.internal.scripts.Script$Recompilation$44618$3841A$\^function\_.L:1#issueCommand(<function>:124)
	at jdk.nashorn.internal.scripts.Script$Recompilation$44618$3841A$\^function\_.L:1#issueCommand(<function>:124)
	at jdk.nashorn.internal.scripts.Script$Recompilation$44618$3841A$\^function\_.L:1#issueCommand(<function>:124)
	at jdk.nashorn.internal.scripts.Script$Recompilation$44618$3841A$\^function\_.L:1#issueCommand(<function>:124)
	at jdk.nashorn.internal.scripts.Script$Recompilation$44618$3841A$\^function\_.L:1#issueCommand(<function>:124)
	at jdk.nashorn.internal.scripts.Script$Recompilation$44618$3841A$\^function\_.L:1#issueCommand(<function>:124)
	at jdk.nashorn.internal.scripts.Script$Recompilation$44618$3841A$\^function\_.L:1#issueCommand(<function>:124)
	at jdk.nashorn.internal.scripts.Script$Recompilation$44618$3841A$\^function\_.L:1#issueCommand(<function>:124)
	at jdk.nashorn.internal.scripts.Script$Recompilation$44618$3841A$\^function\_.L:1#issueCommand(<function>:124)
	at jdk.nashorn.internal.scripts.Script$Recompilation$44618$3841A$\^function\_.L:1#issueCommand(<function>:124)
	at jdk.nashorn.internal.scripts.Script$Recompilation$44618$3841A$\^function\_.L:1#issueCommand(<function>:124)
	at jdk.nashorn.internal.scripts.Script$Recompilation$44618$3841A$\^function\_.L:1#issueCommand(<function>:124)
	at jdk.nashorn.internal.scripts.Script$Recompilation$44618$3841A$\^function\_.L:1#issueCommand(<function>:124)
	at jdk.nashorn.internal.scripts.Script$Recompilation$44618$3841A$\^function\_.L:1#issueCommand(<function>:124)
	at jdk.nashorn.internal.scripts.Script$Recompilation$44618$3841A$\^function\_.L:1#issueCommand(<function>:124)
	at jdk.nashorn.internal.scripts.Script$Recompilation$44618$3841A$\^function\_.L:1#issueCommand(<function>:124)
	at jdk.nashorn.internal.scripts.Script$Recompilation$44618$3841A$\^function\_.L:1#issueCommand(<function>:124)
	at jdk.nashorn.internal.scripts.Script$Recompilation$44618$3841A$\^function\_.L:1#issueCommand(<function>:124)
	at jdk.nashorn.internal.scripts.Script$Recompilation$44618$3841A$\^function\_.L:1#issueCommand(<function>:124)
	at jdk.nashorn.internal.scripts.Script$Recompilation$44618$3841A$\^function\_.L:1#issueCommand(<function>:124)
	at jdk.nashorn.internal.scripts.Script$Recompilation$44618$3841A$\^function\_.L:1#issueCommand(<function>:124)
	at jdk.nashorn.internal.scripts.Script$Recompilation$44618$3841A$\^function\_.L:1#issueCommand(<function>:124)
	at jdk.nashorn.internal.scripts.Script$Recompilation$44618$3841A$\^function\_.L:1#issueCommand(<function>:124)
	at jdk.nashorn.internal.scripts.Script$Recompilation$44618$3841A$\^function\_.L:1#issueCommand(<function>:124)
	at jdk.nashorn.internal.scripts.Script$Recompilation$44618$3841A$\^function\_.L:1#issueCommand(<function>:124)
	at jdk.nashorn.internal.scripts.Script$Recompilation$44618$3841A$\^function\_.L:1#issueCommand(<function>:124)
	at jdk.nashorn.internal.scripts.Script$Recompilation$44618$3841A$\^function\_.L:1#issueCommand(<function>:124)
	at jdk.nashorn.internal.scripts.Script$Recompilation$44618$3841A$\^function\_.L:1#issueCommand(<function>:124)
	at jdk.nashorn.internal.scripts.Script$Recompilation$44618$3841A$\^function\_.L:1#issueCommand(<function>:124)
	at jdk.nashorn.internal.scripts.Script$Recompilation$44618$3841A$\^function\_.L:1#issueCommand(<function>:124)
	at jdk.nashorn.internal.scripts.Script$Recompilation$44618$3841A$\^function\_.L:1#issueCommand(<function>:124)
	at jdk.nashorn.internal.scripts.Script$Recompilation$44618$3841A$\^function\_.L:1#issueCommand(<function>:124)
	at jdk.nashorn.internal.scripts.Script$Recompilation$44618$3841A$\^function\_.L:1#issueCommand(<function>:124)
	at jdk.nashorn.internal.scripts.Script$Recompilation$44618$3841A$\^function\_.L:1#issueCommand(<function>:124)
	at jdk.nashorn.internal.scripts.Script$Recompilation$44618$3841A$\^function\_.L:1#issueCommand(<function>:124)
	at jdk.nashorn.internal.scripts.Script$Recompilation$44618$3841A$\^function\_.L:1#issueCommand(<function>:124)
	at jdk.nashorn.internal.scripts.Script$Recompilation$44618$3841A$\^function\_.L:1#issueCommand(<function>:124)
	at jdk.nashorn.internal.scripts.Script$Recompilation$44618$3841A$\^function\_.L:1#issueCommand(<function>:124)
	at jdk.nashorn.internal.scripts.Script$Recompilation$44618$3841A$\^function\_.L:1#issueCommand(<function>:124)
	at jdk.nashorn.internal.scripts.Script$Recompilation$44618$3841A$\^function\_.L:1#issueCommand(<function>:124)
	at jdk.nashorn.internal.scripts.Script$Recompilation$44618$3841A$\^function\_.L:1#issueCommand(<function>:124)
	at jdk.nashorn.internal.scripts.Script$Recompilation$44618$3841A$\^function\_.L:1#issueCommand(<function>:124)
	at jdk.nashorn.internal.scripts.Script$Recompilation$44618$3841A$\^function\_.L:1#issueCommand(<function>:124)
	at jdk.nashorn.internal.scripts.Script$Recompilation$44618$3841A$\^function\_.L:1#issueCommand(<function>:124)
	at jdk.nashorn.internal.scripts.Script$Recompilation$44618$3841A$\^function\_.L:1#issueCommand(<function>:124)
	at jdk.nashorn.internal.scripts.Script$Recompilation$44618$3841A$\^function\_.L:1#issueCommand(<function>:124)
	at jdk.nashorn.internal.scripts.Script$Recompilation$44618$3841A$\^function\_.L:1#issueCommand(<function>:124)
	at jdk.nashorn.internal.scripts.Script$Recompilation$44618$3841A$\^function\_.L:1#issueCommand(<function>:124)
	at jdk.nashorn.internal.scripts.Script$Recompilation$44618$3841A$\^function\_.L:1#issueCommand(<function>:124)
	at jdk.nashorn.internal.scripts.Script$Recompilation$44618$3841A$\^function\_.L:1#issueCommand(<function>:124)
	at jdk.nashorn.internal.scripts.Script$Recompilation$44618$3841A$\^function\_.L:1#issueCommand(<function>:124)
	at jdk.nashorn.internal.scripts.Script$Recompilation$44618$3841A$\^function\_.L:1#issueCommand(<function>:124)
	at jdk.nashorn.internal.scripts.Script$Recompilation$44618$3841A$\^function\_.L:1#issueCommand(<function>:124)
	at jdk.nashorn.internal.scripts.Script$Recompilation$44618$3841A$\^function\_.L:1#issueCommand(<function>:124)
	at jdk.nashorn.internal.scripts.Script$Recompilation$44618$3841A$\^function\_.L:1#issueCommand(<function>:124)
	at jdk.nashorn.internal.scripts.Script$Recompilation$44618$3841A$\^function\_.L:1#issueCommand(<function>:124)
	at jdk.nashorn.internal.scripts.Script$Recompilation$44618$3841A$\^function\_.L:1#issueCommand(<function>:124)
	at jdk.nashorn.internal.scripts.Script$Recompilation$44618$3841A$\^function\_.L:1#issueCommand(<function>:124)
	at jdk.nashorn.internal.scripts.Script$Recompilation$44618$3841A$\^function\_.L:1#issueCommand(<function>:124)
	at jdk.nashorn.internal.scripts.Script$Recompilation$44618$3841A$\^function\_.L:1#issueCommand(<function>:124)
	at jdk.nashorn.internal.scripts.Script$Recompilation$44618$3841A$\^function\_.L:1#issueCommand(<function>:124)
	at jdk.nashorn.internal.scripts.Script$Recompilation$44618$3841A$\^function\_.L:1#issueCommand(<function>:124)
	at jdk.nashorn.internal.scripts.Script$Recompilation$44618$3841A$\^function\_.L:1#issueCommand(<function>:124)
	at jdk.nashorn.internal.scripts.Script$Recompilation$44618$3841A$\^function\_.L:1#issueCommand(<function>:124)
	at jdk.nashorn.internal.scripts.Script$Recompilation$44618$3841A$\^function\_.L:1#issueCommand(<function>:124)
	at jdk.nashorn.internal.scripts.Script$Recompilation$44618$3841A$\^function\_.L:1#issueCommand(<function>:124)
	at jdk.nashorn.internal.scripts.Script$Recompilation$44618$3841A$\^function\_.L:1#issueCommand(<function>:124)
	at jdk.nashorn.internal.scripts.Script$Recompilation$44618$3841A$\^function\_.L:1#issueCommand(<function>:124)
	at jdk.nashorn.internal.scripts.Script$Recompilation$44618$3841A$\^function\_.L:1#issueCommand(<function>:124)
	at jdk.nashorn.internal.scripts.Script$Recompilation$44618$3841A$\^function\_.L:1#issueCommand(<function>:124)
	at jdk.nashorn.internal.scripts.Script$Recompilation$44618$3841A$\^function\_.L:1#issueCommand(<function>:124)
	at jdk.nashorn.internal.scripts.Script$Recompilation$44618$3841A$\^function\_.L:1#issueCommand(<function>:124)
	at jdk.nashorn.internal.scripts.Script$Recompilation$44618$3841A$\^function\_.L:1#issueCommand(<function>:124)
	at jdk.nashorn.internal.scripts.Script$Recompilation$44618$3841A$\^function\_.L:1#issueCommand(<function>:124)
	at jdk.nashorn.internal.scripts.Script$Recompilation$44618$3841A$\^function\_.L:1#issueCommand(<function>:124)
	at jdk.nashorn.internal.scripts.Script$Recompilation$44618$3841A$\^function\_.L:1#issueCommand(<function>:124)
	at jdk.nashorn.internal.scripts.Script$Recompilation$44618$3841A$\^function\_.L:1#issueCommand(<function>:124)
	at jdk.nashorn.internal.scripts.Script$Recompilation$44618$3841A$\^function\_.L:1#issueCommand(<function>:124)
	at jdk.nashorn.internal.scripts.Script$Recompilation$44618$3841A$\^function\_.L:1#issueCommand(<function>:124)
	at jdk.nashorn.internal.scripts.Script$Recompilation$44618$3841A$\^function\_.L:1#issueCommand(<function>:124)
	at jdk.nashorn.internal.scripts.Script$Recompilation$44618$3841A$\^function\_.L:1#issueCommand(<function>:124)
	at jdk.nashorn.internal.scripts.Script$Recompilation$44618$3841A$\^function\_.L:1#issueCommand(<function>:124)
	at jdk.nashorn.internal.scripts.Script$Recompilation$44618$3841A$\^function\_.L:1#issueCommand(<function>:124)
	at jdk.nashorn.internal.scripts.Script$Recompilation$44618$3841A$\^function\_.L:1#issueCommand(<function>:124)
	at jdk.nashorn.internal.scripts.Script$Recompilation$44618$3841A$\^function\_.L:1#issueCommand(<function>:124)
	at jdk.nashorn.internal.scripts.Script$Recompilation$44618$3841A$\^function\_.L:1#issueCommand(<function>:124)
	at jdk.nashorn.internal.scripts.Script$Recompilation$44618$3841A$\^function\_.L:1#issueCommand(<function>:124)
	at jdk.nashorn.internal.scripts.Script$Recompilation$44618$3841A$\^function\_.L:1#issueCommand(<function>:124)
	at jdk.nashorn.internal.scripts.Script$Recompilation$44618$3841A$\^function\_.L:1#issueCommand(<function>:124)
	at jdk.nashorn.internal.scripts.Script$Recompilation$44618$3841A$\^function\_.L:1#issueCommand(<function>:124)
	at jdk.nashorn.internal.scripts.Script$Recompilation$44618$3841A$\^function\_.L:1#issueCommand(<function>:124)
	at jdk.nashorn.internal.scripts.Script$Recompilation$44618$3841A$\^function\_.L:1#issueCommand(<function>:124)
	at jdk.nashorn.internal.scripts.Script$Recompilation$44618$3841A$\^function\_.L:1#issueCommand(<function>:124)
	at jdk.nashorn.internal.scripts.Script$Recompilation$44618$3841A$\^function\_.L:1#issueCommand(<function>:124)
	at jdk.nashorn.internal.scripts.Script$Recompilation$44618$3841A$\^function\_.L:1#issueCommand(<function>:124)
	at jdk.nashorn.internal.scripts.Script$Recompilation$44618$3841A$\^function\_.L:1#issueCommand(<function>:124)
	at jdk.nashorn.internal.scripts.Script$Recompilation$44618$3841A$\^function\_.L:1#issueCommand(<function>:124)
	at jdk.nashorn.internal.scripts.Script$Recompilation$44618$3841A$\^function\_.L:1#issueCommand(<function>:124)
	at jdk.nashorn.internal.scripts.Script$Recompilation$44618$3841A$\^function\_.L:1#issueCommand(<function>:124)
	at jdk.nashorn.internal.scripts.Script$Recompilation$44618$3841A$\^function\_.L:1#issueCommand(<function>:124)
	at jdk.nashorn.internal.scripts.Script$Recompilation$44618$3841A$\^function\_.L:1#issueCommand(<function>:124)
	at jdk.nashorn.internal.scripts.Script$Recompilation$44618$3841A$\^function\_.L:1#issueCommand(<function>:124)
	at jdk.nashorn.internal.scripts.Script$Recompilation$44618$3841A$\^function\_.L:1#issueCommand(<function>:124)
	at jdk.nashorn.internal.scripts.Script$Recompilation$44618$3841A$\^function\_.L:1#issueCommand(<function>:124)
	at jdk.nashorn.internal.scripts.Script$Recompilation$44618$3841A$\^function\_.L:1#issueCommand(<function>:124)
	at jdk.nashorn.internal.scripts.Script$Recompilation$44618$3841A$\^function\_.L:1#issueCommand(<function>:124)
	at jdk.nashorn.internal.scripts.Script$Recompilation$44618$3841A$\^function\_.L:1#issueCommand(<function>:124)
	at jdk.nashorn.internal.scripts.Script$Recompilation$44618$3841A$\^function\_.L:1#issueCommand(<function>:124)
	at jdk.nashorn.internal.scripts.Script$Recompilation$44618$3841A$\^function\_.L:1#issueCommand(<function>:124)
	at jdk.nashorn.internal.scripts.Script$Recompilation$44618$3841A$\^function\_.L:1#issueCommand(<function>:124)
	at jdk.nashorn.internal.scripts.Script$Recompilation$44618$3841A$\^function\_.L:1#issueCommand(<function>:124)
	at jdk.nashorn.internal.scripts.Script$Recompilation$44618$3841A$\^function\_.L:1#issueCommand(<function>:124)
	at jdk.nashorn.internal.scripts.Script$Recompilation$44618$3841A$\^function\_.L:1#issueCommand(<function>:124)
	at jdk.nashorn.internal.scripts.Script$Recompilation$44618$3841A$\^function\_.L:1#issueCommand(<function>:124)
	at jdk.nashorn.internal.scripts.Script$Recompilation$44618$3841A$\^function\_.L:1#issueCommand(<function>:124)
	at jdk.nashorn.internal.scripts.Script$Recompilation$44618$3841A$\^function\_.L:1#issueCommand(<function>:124)
	at jdk.nashorn.internal.scripts.Script$Recompilation$44618$3841A$\^function\_.L:1#issueCommand(<function>:124)
	at jdk.nashorn.internal.scripts.Script$Recompilation$44618$3841A$\^function\_.L:1#issueCommand(<function>:124)
	at jdk.nashorn.internal.scripts.Script$Recompilation$44618$3841A$\^function\_.L:1#issueCommand(<function>:124)
	at jdk.nashorn.internal.scripts.Script$Recompilation$44618$3841A$\^function\_.L:1#issueCommand(<function>:124)
	at jdk.nashorn.internal.scripts.Script$Recompilation$44618$3841A$\^function\_.L:1#issueCommand(<function>:124)
	at jdk.nashorn.internal.scripts.Script$Recompilation$44618$3841A$\^function\_.L:1#issueCommand(<function>:124)
	at jdk.nashorn.internal.scripts.Script$Recompilation$44618$3841A$\^function\_.L:1#issueCommand(<function>:124)
	at jdk.nashorn.internal.scripts.Script$Recompilation$44618$3841A$\^function\_.L:1#issueCommand(<function>:124)
	at jdk.nashorn.internal.scripts.Script$Recompilation$44618$3841A$\^function\_.L:1#issueCommand(<function>:124)
	at jdk.nashorn.internal.scripts.Script$Recompilation$44618$3841A$\^function\_.L:1#issueCommand(<function>:124)
	at jdk.nashorn.internal.scripts.Script$Recompilation$44618$3841A$\^function\_.L:1#issueCommand(<function>:124)
	at jdk.nashorn.internal.scripts.Script$Recompilation$44618$3841A$\^function\_.L:1#issueCommand(<function>:124)
	at jdk.nashorn.internal.scripts.Script$Recompilation$44618$3841A$\^function\_.L:1#issueCommand(<function>:124)
	at jdk.nashorn.internal.scripts.Script$Recompilation$44618$3841A$\^function\_.L:1#issueCommand(<function>:124)
	at jdk.nashorn.internal.scripts.Script$Recompilation$44618$3841A$\^function\_.L:1#issueCommand(<function>:124)
	at jdk.nashorn.internal.scripts.Script$Recompilation$44618$3841A$\^function\_.L:1#issueCommand(<function>:124)
	at jdk.nashorn.internal.scripts.Script$Recompilation$44618$3841A$\^function\_.L:1#issueCommand(<function>:124)
	at jdk.nashorn.internal.scripts.Script$Recompilation$44618$3841A$\^function\_.L:1#issueCommand(<function>:124)
	at jdk.nashorn.internal.scripts.Script$Recompilation$44618$3841A$\^function\_.L:1#issueCommand(<function>:124)
	at jdk.nashorn.internal.scripts.Script$Recompilation$44618$3841A$\^function\_.L:1#issueCommand(<function>:124)
	at jdk.nashorn.internal.scripts.Script$Recompilation$44618$3841A$\^function\_.L:1#issueCommand(<function>:124)
	at jdk.nashorn.internal.scripts.Script$Recompilation$44618$3841A$\^function\_.L:1#issueCommand(<function>:124)
	at jdk.nashorn.internal.scripts.Script$Recompilation$44618$3841A$\^function\_.L:1#issueCommand(<function>:124)
	at jdk.nashorn.internal.scripts.Script$Recompilation$44618$3841A$\^function\_.L:1#issueCommand(<function>:124)
	at jdk.nashorn.internal.scripts.Script$Recompilation$44618$3841A$\^function\_.L:1#issueCommand(<function>:124)
	at jdk.nashorn.internal.scripts.Script$Recompilation$44618$3841A$\^function\_.L:1#issueCommand(<function>:124)
	at jdk.nashorn.internal.scripts.Script$Recompilation$44618$3841A$\^function\_.L:1#issueCommand(<function>:124)
	at jdk.nashorn.internal.scripts.Script$Recompilation$44618$3841A$\^function\_.L:1#issueCommand(<function>:124)
	at jdk.nashorn.internal.scripts.Script$Recompilation$44618$3841A$\^function\_.L:1#issueCommand(<function>:124)
	at jdk.nashorn.internal.scripts.Script$Recompilation$44618$3841A$\^function\_.L:1#issueCommand(<function>:124)
	at jdk.nashorn.internal.scripts.Script$Recompilation$44618$3841A$\^function\_.L:1#issueCommand(<function>:124)
	at jdk.nashorn.internal.scripts.Script$Recompilation$44618$3841A$\^function\_.L:1#issueCommand(<function>:124)
	at jdk.nashorn.internal.scripts.Script$Recompilation$44618$3841A$\^function\_.L:1#issueCommand(<function>:124)
	at jdk.nashorn.internal.scripts.Script$Recompilation$44618$3841A$\^function\_.L:1#issueCommand(<function>:124)
	at jdk.nashorn.internal.scripts.Script$Recompilation$44618$3841A$\^function\_.L:1#issueCommand(<function>:124)
	at jdk.nashorn.internal.scripts.Script$Recompilation$44618$3841A$\^function\_.L:1#issueCommand(<function>:124)
	at jdk.nashorn.internal.scripts.Script$Recompilation$44618$3841A$\^function\_.L:1#issueCommand(<function>:124)
	at jdk.nashorn.internal.scripts.Script$Recompilation$44618$3841A$\^function\_.L:1#issueCommand(<function>:124)
	at jdk.nashorn.internal.scripts.Script$Recompilation$44618$3841A$\^function\_.L:1#issueCommand(<function>:124)
	at jdk.nashorn.internal.scripts.Script$Recompilation$44618$3841A$\^function\_.L:1#issueCommand(<function>:124)
	at jdk.nashorn.internal.scripts.Script$Recompilation$44618$3841A$\^function\_.L:1#issueCommand(<function>:124)
	at jdk.nashorn.internal.scripts.Script$Recompilation$44618$3841A$\^function\_.L:1#issueCommand(<function>:124)
	at jdk.nashorn.internal.scripts.Script$Recompilation$44618$3841A$\^function\_.L:1#issueCommand(<function>:124)
	at jdk.nashorn.internal.scripts.Script$Recompilation$44618$3841A$\^function\_.L:1#issueCommand(<function>:124)
	at jdk.nashorn.internal.scripts.Script$Recompilation$44618$3841A$\^function\_.L:1#issueCommand(<function>:124)
	at jdk.nashorn.internal.scripts.Script$Recompilation$44618$3841A$\^function\_.L:1#issueCommand(<function>:124)
	at jdk.nashorn.internal.scripts.Script$Recompilation$44618$3841A$\^function\_.L:1#issueCommand(<function>:124)
	at jdk.nashorn.internal.scripts.Script$Recompilation$44618$3841A$\^function\_.L:1#issueCommand(<function>:124)
	at jdk.nashorn.internal.scripts.Script$Recompilation$44618$3841A$\^function\_.L:1#issueCommand(<function>:124)
	at jdk.nashorn.internal.scripts.Script$Recompilation$44618$3841A$\^function\_.L:1#issueCommand(<function>:124)
	at jdk.nashorn.internal.scripts.Script$Recompilation$44618$3841A$\^function\_.L:1#issueCommand(<function>:124)
	at jdk.nashorn.internal.scripts.Script$Recompilation$44618$3841A$\^function\_.L:1#issueCommand(<function>:124)
	at jdk.nashorn.internal.scripts.Script$Recompilation$44618$3841A$\^function\_.L:1#issueCommand(<function>:124)
	at jdk.nashorn.internal.scripts.Script$Recompilation$44618$3841A$\^function\_.L:1#issueCommand(<function>:124)
	at jdk.nashorn.internal.scripts.Script$Recompilation$44618$3841A$\^function\_.L:1#issueCommand(<function>:124)
	at jdk.nashorn.internal.scripts.Script$Recompilation$44618$3841A$\^function\_.L:1#issueCommand(<function>:124)
	at jdk.nashorn.internal.scripts.Script$Recompilation$44618$3841A$\^function\_.L:1#issueCommand(<function>:124)
	at jdk.nashorn.internal.scripts.Script$Recompilation$44618$3841A$\^function\_.L:1#issueCommand(<function>:124)
	at jdk.nashorn.internal.scripts.Script$Recompilation$44618$3841A$\^function\_.L:1#issueCommand(<function>:124)
	at jdk.nashorn.internal.scripts.Script$Recompilation$44618$3841A$\^function\_.L:1#issueCommand(<function>:124)
	at jdk.nashorn.internal.scripts.Script$Recompilation$44618$3841A$\^function\_.L:1#issueCommand(<function>:124)
	at jdk.nashorn.internal.scripts.Script$Recompilation$44618$3841A$\^function\_.L:1#issueCommand(<function>:124)
	at jdk.nashorn.internal.scripts.Script$Recompilation$44618$3841A$\^function\_.L:1#issueCommand(<function>:124)
	at jdk.nashorn.internal.scripts.Script$Recompilation$44618$3841A$\^function\_.L:1#issueCommand(<function>:124)
	at jdk.nashorn.internal.scripts.Script$Recompilation$44618$3841A$\^function\_.L:1#issueCommand(<function>:124)
	at jdk.nashorn.internal.scripts.Script$Recompilation$44618$3841A$\^function\_.L:1#issueCommand(<function>:124)
	at jdk.nashorn.internal.scripts.Script$Recompilation$44618$3841A$\^function\_.L:1#issueCommand(<function>:124)
	at jdk.nashorn.internal.scripts.Script$Recompilation$44618$3841A$\^function\_.L:1#issueCommand(<function>:124)
	at jdk.nashorn.internal.scripts.Script$Recompilation$44618$3841A$\^function\_.L:1#issueCommand(<function>:124)
	at jdk.nashorn.internal.scripts.Script$Recompilation$44618$3841A$\^function\_.L:1#issueCommand(<function>:124)
	at jdk.nashorn.internal.scripts.Script$Recompilation$44618$3841A$\^function\_.L:1#issueCommand(<function>:124)
	at jdk.nashorn.internal.scripts.Script$Recompilation$44618$3841A$\^function\_.L:1#issueCommand(<function>:124)
	at jdk.nashorn.internal.scripts.Script$Recompilation$44618$3841A$\^function\_.L:1#issueCommand(<function>:124)
	at jdk.nashorn.internal.scripts.Script$Recompilation$44618$3841A$\^function\_.L:1#issueCommand(<function>:124)
	at jdk.nashorn.internal.scripts.Script$Recompilation$44618$3841A$\^function\_.L:1#issueCommand(<function>:124)
	at jdk.nashorn.internal.scripts.Script$Recompilation$44618$3841A$\^function\_.L:1#issueCommand(<function>:124)
	at jdk.nashorn.internal.scripts.Script$Recompilation$44618$3841A$\^function\_.L:1#issueCommand(<function>:124)
	at jdk.nashorn.internal.scripts.Script$Recompilation$44618$3841A$\^function\_.L:1#issueCommand(<function>:124)
	at jdk.nashorn.internal.scripts.Script$Recompilation$44618$3841A$\^function\_.L:1#issueCommand(<function>:124)
	at jdk.nashorn.internal.scripts.Script$Recompilation$44618$3841A$\^function\_.L:1#issueCommand(<function>:124)
	at jdk.nashorn.internal.scripts.Script$Recompilation$44618$3841A$\^function\_.L:1#issueCommand(<function>:124)
	at jdk.nashorn.internal.scripts.Script$Recompilation$44618$3841A$\^function\_.L:1#issueCommand(<function>:124)
	at jdk.nashorn.internal.scripts.Script$Recompilation$44618$3841A$\^function\_.L:1#issueCommand(<function>:124)
	at jdk.nashorn.internal.scripts.Script$Recompilation$44618$3841A$\^function\_.L:1#issueCommand(<function>:124)
	at jdk.nashorn.internal.scripts.Script$Recompilation$44618$3841A$\^function\_.L:1#issueCommand(<function>:124)
	at jdk.nashorn.internal.scripts.Script$Recompilation$44618$3841A$\^function\_.L:1#issueCommand(<function>:124)
	at jdk.nashorn.internal.scripts.Script$Recompilation$44618$3841A$\^function\_.L:1#issueCommand(<function>:124)
	at jdk.nashorn.internal.scripts.Script$Recompilation$44618$3841A$\^function\_.L:1#issueCommand(<function>:124)
	at jdk.nashorn.internal.scripts.Script$Recompilation$44618$3841A$\^function\_.L:1#issueCommand(<function>:124)
	at jdk.nashorn.internal.scripts.Script$Recompilation$44618$3841A$\^function\_.L:1#issueCommand(<function>:124)
	at jdk.nashorn.internal.scripts.Script$Recompilation$44618$3841A$\^function\_.L:1#issueCommand(<function>:124)
	at jdk.nashorn.internal.scripts.Script$Recompilation$44618$3841A$\^function\_.L:1#issueCommand(<function>:124)
	at jdk.nashorn.internal.scripts.Script$Recompilation$44618$3841A$\^function\_.L:1#issueCommand(<function>:124)
	at jdk.nashorn.internal.scripts.Script$Recompilation$44618$3841A$\^function\_.L:1#issueCommand(<function>:124)
	at jdk.nashorn.internal.scripts.Script$Recompilation$44618$3841A$\^function\_.L:1#issueCommand(<function>:124)
	at jdk.nashorn.internal.scripts.Script$Recompilation$44618$3841A$\^function\_.L:1#issueCommand(<function>:124)
	at jdk.nashorn.internal.scripts.Script$Recompilation$44618$3841A$\^function\_.L:1#issueCommand(<function>:124)
	at jdk.nashorn.internal.scripts.Script$Recompilation$44618$3841A$\^function\_.L:1#issueCommand(<function>:124)
	at jdk.nashorn.internal.scripts.Script$Recompilation$44618$3841A$\^function\_.L:1#issueCommand(<function>:124)
	at jdk.nashorn.internal.scripts.Script$Recompilation$44618$3841A$\^function\_.L:1#issueCommand(<function>:124)
	at jdk.nashorn.internal.scripts.Script$Recompilation$44618$3841A$\^function\_.L:1#issueCommand(<function>:124)
	at jdk.nashorn.internal.scripts.Script$Recompilation$44618$3841A$\^function\_.L:1#issueCommand(<function>:124)
	at jdk.nashorn.internal.scripts.Script$Recompilation$44618$3841A$\^function\_.L:1#issueCommand(<function>:124)
	at jdk.nashorn.internal.scripts.Script$Recompilation$44618$3841A$\^function\_.L:1#issueCommand(<function>:124)
	at jdk.nashorn.internal.scripts.Script$Recompilation$44618$3841A$\^function\_.L:1#issueCommand(<function>:124)
	at jdk.nashorn.internal.scripts.Script$Recompilation$44618$3841A$\^function\_.L:1#issueCommand(<function>:124)
	at jdk.nashorn.internal.scripts.Script$Recompilation$44618$3841A$\^function\_.L:1#issueCommand(<function>:124)
	at jdk.nashorn.internal.scripts.Script$Recompilation$44618$3841A$\^function\_.L:1#issueCommand(<function>:124)
	at jdk.nashorn.internal.scripts.Script$Recompilation$44618$3841A$\^function\_.L:1#issueCommand(<function>:124)
	at jdk.nashorn.internal.scripts.Script$Recompilation$44618$3841A$\^function\_.L:1#issueCommand(<function>:124)
	at jdk.nashorn.internal.scripts.Script$Recompilation$44618$3841A$\^function\_.L:1#issueCommand(<function>:124)
	at jdk.nashorn.internal.scripts.Script$Recompilation$44618$3841A$\^function\_.L:1#issueCommand(<function>:124)
	at jdk.nashorn.internal.scripts.Script$Recompilation$44618$3841A$\^function\_.L:1#issueCommand(<function>:124)
	at jdk.nashorn.internal.scripts.Script$Recompilation$44618$3841A$\^function\_.L:1#issueCommand(<function>:124)
	at jdk.nashorn.internal.scripts.Script$Recompilation$44618$3841A$\^function\_.L:1#issueCommand(<function>:124)
	at jdk.nashorn.internal.scripts.Script$Recompilation$44618$3841A$\^function\_.L:1#issueCommand(<function>:124)
	at jdk.nashorn.internal.scripts.Script$Recompilation$44618$3841A$\^function\_.L:1#issueCommand(<function>:124)
	at jdk.nashorn.internal.scripts.Script$Recompilation$44618$3841A$\^function\_.L:1#issueCommand(<function>:124)
	at jdk.nashorn.internal.scripts.Script$Recompilation$44618$3841A$\^function\_.L:1#issueCommand(<function>:124)
	at jdk.nashorn.internal.scripts.Script$Recompilation$44618$3841A$\^function\_.L:1#issueCommand(<function>:124)
	at jdk.nashorn.internal.scripts.Script$Recompilation$44618$3841A$\^function\_.L:1#issueCommand(<function>:124)
	at jdk.nashorn.internal.scripts.Script$Recompilation$44618$3841A$\^function\_.L:1#issueCommand(<function>:124)
	at jdk.nashorn.internal.scripts.Script$Recompilation$44618$3841A$\^function\_.L:1#issueCommand(<function>:124)
	at jdk.nashorn.internal.scripts.Script$Recompilation$44618$3841A$\^function\_.L:1#issueCommand(<function>:124)
	at jdk.nashorn.internal.scripts.Script$Recompilation$44618$3841A$\^function\_.L:1#issueCommand(<function>:124)
	at jdk.nashorn.internal.scripts.Script$Recompilation$44618$3841A$\^function\_.L:1#issueCommand(<function>:124)
	at jdk.nashorn.internal.scripts.Script$Recompilation$44618$3841A$\^function\_.L:1#issueCommand(<function>:124)
	at jdk.nashorn.internal.scripts.Script$Recompilation$44618$3841A$\^function\_.L:1#issueCommand(<function>:124)
	at jdk.nashorn.internal.scripts.Script$Recompilation$44618$3841A$\^function\_.L:1#issueCommand(<function>:124)
	at jdk.nashorn.internal.scripts.Script$Recompilation$44618$3841A$\^function\_.L:1#issueCommand(<function>:124)
	at jdk.nashorn.internal.scripts.Script$Recompilation$44618$3841A$\^function\_.L:1#issueCommand(<function>:124)
	at jdk.nashorn.internal.scripts.Script$Recompilation$44618$3841A$\^function\_.L:1#issueCommand(<function>:124)
	at jdk.nashorn.internal.scripts.Script$Recompilation$44618$3841A$\^function\_.L:1#issueCommand(<function>:124)
	at jdk.nashorn.internal.scripts.Script$Recompilation$44618$3841A$\^function\_.L:1#issueCommand(<function>:124)
	at jdk.nashorn.internal.scripts.Script$Recompilation$44618$3841A$\^function\_.L:1#issueCommand(<function>:124)
	at jdk.nashorn.internal.scripts.Script$Recompilation$44618$3841A$\^function\_.L:1#issueCommand(<function>:124)
	at jdk.nashorn.internal.scripts.Script$Recompilation$44618$3841A$\^function\_.L:1#issueCommand(<function>:124)
	at jdk.nashorn.internal.scripts.Script$Recompilation$44618$3841A$\^function\_.L:1#issueCommand(<function>:124)
	at jdk.nashorn.internal.scripts.Script$Recompilation$44618$3841A$\^function\_.L:1#issueCommand(<function>:124)
	at jdk.nashorn.internal.scripts.Script$Recompilation$44618$3841A$\^function\_.L:1#issueCommand(<function>:124)
	at jdk.nashorn.internal.scripts.Script$Recompilation$44618$3841A$\^function\_.L:1#issueCommand(<function>:124)
	at jdk.nashorn.internal.scripts.Script$Recompilation$44618$3841A$\^function\_.L:1#issueCommand(<function>:124)
	at jdk.nashorn.internal.scripts.Script$Recompilation$44618$3841A$\^function\_.L:1#issueCommand(<function>:124)
	at jdk.nashorn.internal.scripts.Script$Recompilation$44618$3841A$\^function\_.L:1#issueCommand(<function>:124)
	at jdk.nashorn.internal.scripts.Script$Recompilation$44618$3841A$\^function\_.L:1#issueCommand(<function>:124)
	at jdk.nashorn.internal.scripts.Script$Recompilation$44618$3841A$\^function\_.L:1#issueCommand(<function>:124)
	at jdk.nashorn.internal.scripts.Script$Recompilation$44618$3841A$\^function\_.L:1#issueCommand(<function>:124)
	at jdk.nashorn.internal.scripts.Script$Recompilation$44618$3841A$\^function\_.L:1#issueCommand(<function>:124)
	at jdk.nashorn.internal.scripts.Script$Recompilation$44618$3841A$\^function\_.L:1#issueCommand(<function>:124)
	at jdk.nashorn.internal.scripts.Script$Recompilation$44618$3841A$\^function\_.L:1#issueCommand(<function>:124)
	at jdk.nashorn.internal.scripts.Script$Recompilation$44618$3841A$\^function\_.L:1#issueCommand(<function>:124)
	at jdk.nashorn.internal.scripts.Script$Recompilation$44618$3841A$\^function\_.L:1#issueCommand(<function>:124)
	at jdk.nashorn.internal.scripts.Script$Recompilation$44618$3841A$\^function\_.L:1#issueCommand(<function>:124)
	at jdk.nashorn.internal.scripts.Script$Recompilation$44618$3841A$\^function\_.L:1#issueCommand(<function>:124)
	at jdk.nashorn.internal.scripts.Script$Recompilation$44618$3841A$\^function\_.L:1#issueCommand(<function>:124)
	at jdk.nashorn.internal.scripts.Script$Recompilation$44618$3841A$\^function\_.L:1#issueCommand(<function>:124)
	at jdk.nashorn.internal.scripts.Script$Recompilation$44618$3841A$\^function\_.L:1#issueCommand(<function>:124)
	at jdk.nashorn.internal.scripts.Script$Recompilation$44618$3841A$\^function\_.L:1#issueCommand(<function>:124)
	at jdk.nashorn.internal.scripts.Script$Recompilation$44618$3841A$\^function\_.L:1#issueCommand(<function>:124)
	at jdk.nashorn.internal.scripts.Script$Recompilation$44618$3841A$\^function\_.L:1#issueCommand(<function>:124)
	at jdk.nashorn.internal.scripts.Script$Recompilation$44618$3841A$\^function\_.L:1#issueCommand(<function>:124)
	at jdk.nashorn.internal.scripts.Script$Recompilation$44618$3841A$\^function\_.L:1#issueCommand(<function>:124)
	at jdk.nashorn.internal.scripts.Script$Recompilation$44618$3841A$\^function\_.L:1#issueCommand(<function>:124)
	at jdk.nashorn.internal.scripts.Script$Recompilation$44618$3841A$\^function\_.L:1#issueCommand(<function>:124)
	at jdk.nashorn.internal.scripts.Script$Recompilation$44618$3841A$\^function\_.L:1#issueCommand(<function>:124)
	at jdk.nashorn.internal.scripts.Script$Recompilation$44618$3841A$\^function\_.L:1#issueCommand(<function>:124)
	at jdk.nashorn.internal.scripts.Script$Recompilation$44618$3841A$\^function\_.L:1#issueCommand(<function>:124)
	at jdk.nashorn.internal.scripts.Script$Recompilation$44618$3841A$\^function\_.L:1#issueCommand(<function>:124)
	at jdk.nashorn.internal.scripts.Script$Recompilation$44618$3841A$\^function\_.L:1#issueCommand(<function>:124)
	at jdk.nashorn.internal.scripts.Script$Recompilation$44618$3841A$\^function\_.L:1#issueCommand(<function>:124)
	at jdk.nashorn.internal.scripts.Script$Recompilation$44618$3841A$\^function\_.L:1#issueCommand(<function>:124)
	at jdk.nashorn.internal.scripts.Script$Recompilation$44618$3841A$\^function\_.L:1#issueCommand(<function>:124)
	at jdk.nashorn.internal.scripts.Script$Recompilation$44618$3841A$\^function\_.L:1#issueCommand(<function>:124)
	at jdk.nashorn.internal.scripts.Script$Recompilation$44618$3841A$\^function\_.L:1#issueCommand(<function>:124)
	at jdk.nashorn.internal.scripts.Script$Recompilation$44618$3841A$\^function\_.L:1#issueCommand(<function>:124)
	at jdk.nashorn.internal.scripts.Script$Recompilation$44618$3841A$\^function\_.L:1#issueCommand(<function>:124)
	at jdk.nashorn.internal.scripts.Script$Recompilation$44618$3841A$\^function\_.L:1#issueCommand(<function>:124)
	at jdk.nashorn.internal.scripts.Script$Recompilation$44618$3841A$\^function\_.L:1#issueCommand(<function>:124)
	at jdk.nashorn.internal.scripts.Script$Recompilation$44618$3841A$\^function\_.L:1#issueCommand(<function>:124)
	at jdk.nashorn.internal.scripts.Script$Recompilation$44618$3841A$\^function\_.L:1#issueCommand(<function>:124)
	at jdk.nashorn.internal.scripts.Script$Recompilation$44618$3841A$\^function\_.L:1#issueCommand(<function>:124)
	at jdk.nashorn.internal.scripts.Script$Recompilation$44618$3841A$\^function\_.L:1#issueCommand(<function>:124)
	at jdk.nashorn.internal.scripts.Script$Recompilation$44618$3841A$\^function\_.L:1#issueCommand(<function>:124)
	at jdk.nashorn.internal.scripts.Script$Recompilation$44618$3841A$\^function\_.L:1#issueCommand(<function>:124)
	at jdk.nashorn.internal.scripts.Script$Recompilation$44618$3841A$\^function\_.L:1#issueCommand(<function>:124)
	at jdk.nashorn.internal.scripts.Script$Recompilation$44618$3841A$\^function\_.L:1#issueCommand(<function>:124)
	at jdk.nashorn.internal.scripts.Script$Recompilation$44618$3841A$\^function\_.L:1#issueCommand(<function>:124)
	at jdk.nashorn.internal.scripts.Script$Recompilation$44618$3841A$\^function\_.L:1#issueCommand(<function>:124)
	at jdk.nashorn.internal.scripts.Script$Recompilation$44618$3841A$\^function\_.L:1#issueCommand(<function>:124)
	at jdk.nashorn.internal.scripts.Script$Recompilation$44618$3841A$\^function\_.L:1#issueCommand(<function>:124)
	at jdk.nashorn.internal.scripts.Script$Recompilation$44618$3841A$\^function\_.L:1#issueCommand(<function>:124)
	at jdk.nashorn.internal.scripts.Script$Recompilation$44618$3841A$\^function\_.L:1#issueCommand(<function>:124)
	at jdk.nashorn.internal.scripts.Script$Recompilation$44618$3841A$\^function\_.L:1#issueCommand(<function>:124)
	at jdk.nashorn.internal.scripts.Script$Recompilation$44618$3841A$\^function\_.L:1#issueCommand(<function>:124)
	at jdk.nashorn.internal.scripts.Script$Recompilation$44618$3841A$\^function\_.L:1#issueCommand(<function>:124)
	at jdk.nashorn.internal.scripts.Script$Recompilation$44618$3841A$\^function\_.L:1#issueCommand(<function>:124)
	at jdk.nashorn.internal.scripts.Script$Recompilation$44618$3841A$\^function\_.L:1#issueCommand(<function>:124)
	at jdk.nashorn.internal.scripts.Script$Recompilation$44618$3841A$\^function\_.L:1#issueCommand(<function>:124)
	at jdk.nashorn.internal.scripts.Script$Recompilation$44618$3841A$\^function\_.L:1#issueCommand(<function>:124)
	at jdk.nashorn.internal.scripts.Script$Recompilation$44618$3841A$\^function\_.L:1#issueCommand(<function>:124)
	at jdk.nashorn.internal.scripts.Script$Recompilation$44618$3841A$\^function\_.L:1#issueCommand(<function>:124)
	at jdk.nashorn.internal.scripts.Script$Recompilation$44618$3841A$\^function\_.L:1#issueCommand(<function>:124)
	at jdk.nashorn.internal.scripts.Script$Recompilation$44618$3841A$\^function\_.L:1#issueCommand(<function>:124)
	at jdk.nashorn.internal.scripts.Script$Recompilation$44618$3841A$\^function\_.L:1#issueCommand(<function>:124)
	at jdk.nashorn.internal.scripts.Script$Recompilation$44618$3841A$\^function\_.L:1#issueCommand(<function>:124)
	at jdk.nashorn.internal.scripts.Script$Recompilation$44618$3841A$\^function\_.L:1#issueCommand(<function>:124)
	at jdk.nashorn.internal.scripts.Script$Recompilation$44618$3841A$\^function\_.L:1#issueCommand(<function>:124)
	at jdk.nashorn.internal.scripts.Script$Recompilation$44618$3841A$\^function\_.L:1#issueCommand(<function>:124)
	at jdk.nashorn.internal.scripts.Script$Recompilation$44618$3841A$\^function\_.L:1#issueCommand(<function>:124)
	at jdk.nashorn.internal.scripts.Script$Recompilation$44618$3841A$\^function\_.L:1#issueCommand(<function>:124)
	at jdk.nashorn.internal.scripts.Script$Recompilation$44618$3841A$\^function\_.L:1#issueCommand(<function>:124)
	at jdk.nashorn.internal.scripts.Script$Recompilation$44618$3841A$\^function\_.L:1#issueCommand(<function>:124)
	at jdk.nashorn.internal.scripts.Script$Recompilation$44618$3841A$\^function\_.L:1#issueCommand(<function>:124)
	at jdk.nashorn.internal.scripts.Script$Recompilation$44618$3841A$\^function\_.L:1#issueCommand(<function>:124)
	at jdk.nashorn.internal.scripts.Script$Recompilation$44618$3841A$\^function\_.L:1#issueCommand(<function>:124)
	at jdk.nashorn.internal.scripts.Script$Recompilation$44618$3841A$\^function\_.L:1#issueCommand(<function>:124)
	at jdk.nashorn.internal.scripts.Script$Recompilation$44618$3841A$\^function\_.L:1#issueCommand(<function>:124)
	at jdk.nashorn.internal.scripts.Script$Recompilation$44618$3841A$\^function\_.L:1#issueCommand(<function>:124)
	at jdk.nashorn.internal.scripts.Script$Recompilation$44618$3841A$\^function\_.L:1#issueCommand(<function>:124)
 in /home/travis/build/icyphy/ptII/ptolemy/actor/lib/jjs/external/require.js#409:30<eval> at line number 1736 at column number 24
	at ptolemy.actor.lib.jjs.JavaScript._invokeMethodInContext(JavaScript.java:2306)
	at ptolemy.actor.lib.jjs.JavaScript.fire(JavaScript.java:1138)
	at ptolemy.domains.de.kernel.DEDirector._fire(DEDirector.java:1949)
	at ptolemy.domains.de.kernel.DEDirector.fire(DEDirector.java:502)
	at ptolemy.actor.CompositeActor.fire(CompositeActor.java:455)
	at ptolemy.actor.Manager.iterate(Manager.java:851)
	at ptolemy.actor.Manager.execute(Manager.java:369)
	at ptolemy.vergil.basic.export.ExportModel$2.run(ExportModel.java:390)
	at java.awt.event.InvocationEvent.dispatch(InvocationEvent.java:301)
	at java.awt.EventQueue.dispatchEventImpl(EventQueue.java:756)
	at java.awt.EventQueue.access$500(EventQueue.java:97)
	at java.awt.EventQueue$3.run(EventQueue.java:709)
	at java.awt.EventQueue$3.run(EventQueue.java:703)
	at java.security.AccessController.doPrivileged(Native Method)
	at java.security.ProtectionDomain$JavaSecurityAccessImpl.doIntersectionPrivilege(ProtectionDomain.java:80)
	at java.awt.EventQueue.dispatchEvent(EventQueue.java:726)
	at java.awt.EventDispatchThread.pumpOneEventForFilters(EventDispatchThread.java:201)
	at java.awt.EventDispatchThread.pumpEventsForFilter(EventDispatchThread.java:116)
	at java.awt.EventDispatchThread.pumpEventsForHierarchy(EventDispatchThread.java:105)
	at java.awt.EventDispatchThread.pumpEvents(EventDispatchThread.java:101)
	at java.awt.EventDispatchThread.pumpEvents(EventDispatchThread.java:93)
	at java.awt.EventDispatchThread.run(EventDispatchThread.java:82)
Caused by: javax.script.ScriptException: Error: commonHost.js, react(), invoking a specific handler for "trigger": Exception occurred in input handler for accessor SemanticYelpSearch, which has now has been removed.  Exception was: java.lang.StackOverflowError Stacktrace was: 
java.lang.StackOverflowError
	at jdk.nashorn.internal.runtime.AccessorProperty.getObjectValue(AccessorProperty.java:417)
	at jdk.nashorn.internal.runtime.FindProperty.getObjectValue(FindProperty.java:229)
	at jdk.nashorn.internal.runtime.ScriptObject.get(ScriptObject.java:2860)
	at jdk.nashorn.internal.runtime.ScriptObject.get(ScriptObject.java:2877)
	at jdk.nashorn.internal.scripts.Script$Recompilation$44872$56054A$require.L:1#get(/home/travis/build/icyphy/ptII/ptolemy/actor/lib/jjs/external/require.js#409:30<eval>:1245)
	at jdk.nashorn.internal.scripts.Script$Recompilation$44618$3841A$\^function\_.L:1#issueCommand(<function>:116)
	at jdk.nashorn.internal.scripts.Script$Recompilation$44618$3841A$\^function\_.L:1#issueCommand(<function>:124)
	at jdk.nashorn.internal.scripts.Script$Recompilation$44618$3841A$\^function\_.L:1#issueCommand(<function>:124)
	at jdk.nashorn.internal.scripts.Script$Recompilation$44618$3841A$\^function\_.L:1#issueCommand(<function>:124)
	at jdk.nashorn.internal.scripts.Script$Recompilation$44618$3841A$\^function\_.L:1#issueCommand(<function>:124)
	at jdk.nashorn.internal.scripts.Script$Recompilation$44618$3841A$\^function\_.L:1#issueCommand(<function>:124)
	at jdk.nashorn.internal.scripts.Script$Recompilation$44618$3841A$\^function\_.L:1#issueCommand(<function>:124)
	at jdk.nashorn.internal.scripts.Script$Recompilation$44618$3841A$\^function\_.L:1#issueCommand(<function>:124)
	at jdk.nashorn.internal.scripts.Script$Recompilation$44618$3841A$\^function\_.L:1#issueCommand(<function>:124)
	at jdk.nashorn.internal.scripts.Script$Recompilation$44618$3841A$\^function\_.L:1#issueCommand(<function>:124)
	at jdk.nashorn.internal.scripts.Script$Recompilation$44618$3841A$\^function\_.L:1#issueCommand(<function>:124)
	at jdk.nashorn.internal.scripts.Script$Recompilation$44618$3841A$\^function\_.L:1#issueCommand(<function>:124)
	at jdk.nashorn.internal.scripts.Script$Recompilation$44618$3841A$\^function\_.L:1#issueCommand(<function>:124)
	at jdk.nashorn.internal.scripts.Script$Recompilation$44618$3841A$\^function\_.L:1#issueCommand(<function>:124)
	at jdk.nashorn.internal.scripts.Script$Recompilation$44618$3841A$\^function\_.L:1#issueCommand(<function>:124)
	at jdk.nashorn.internal.scripts.Script$Recompilation$44618$3841A$\^function\_.L:1#issueCommand(<function>:124)
	at jdk.nashorn.internal.scripts.Script$Recompilation$44618$3841A$\^function\_.L:1#issueCommand(<function>:124)
	at jdk.nashorn.internal.scripts.Script$Recompilation$44618$3841A$\^function\_.L:1#issueCommand(<function>:124)
	at jdk.nashorn.internal.scripts.Script$Recompilation$44618$3841A$\^function\_.L:1#issueCommand(<function>:124)
	at jdk.nashorn.internal.scripts.Script$Recompilation$44618$3841A$\^function\_.L:1#issueCommand(<function>:124)
	at jdk.nashorn.internal.scripts.Script$Recompilation$44618$3841A$\^function\_.L:1#issueCommand(<function>:124)
	at jdk.nashorn.internal.scripts.Script$Recompilation$44618$3841A$\^function\_.L:1#issueCommand(<function>:124)
	at jdk.nashorn.internal.scripts.Script$Recompilation$44618$3841A$\^function\_.L:1#issueCommand(<function>:124)
	at jdk.nashorn.internal.scripts.Script$Recompilation$44618$3841A$\^function\_.L:1#issueCommand(<function>:124)
	at jdk.nashorn.internal.scripts.Script$Recompilation$44618$3841A$\^function\_.L:1#issueCommand(<function>:124)
	at jdk.nashorn.internal.scripts.Script$Recompilation$44618$3841A$\^function\_.L:1#issueCommand(<function>:124)
	at jdk.nashorn.internal.scripts.Script$Recompilation$44618$3841A$\^function\_.L:1#issueCommand(<function>:124)
	at jdk.nashorn.internal.scripts.Script$Recompilation$44618$3841A$\^function\_.L:1#issueCommand(<function>:124)
	at jdk.nashorn.internal.scripts.Script$Recompilation$44618$3841A$\^function\_.L:1#issueCommand(<function>:124)
	at jdk.nashorn.internal.scripts.Script$Recompilation$44618$3841A$\^function\_.L:1#issueCommand(<function>:124)
	at jdk.nashorn.internal.scripts.Script$Recompilation$44618$3841A$\^function\_.L:1#issueCommand(<function>:124)
	at jdk.nashorn.internal.scripts.Script$Recompilation$44618$3841A$\^function\_.L:1#issueCommand(<function>:124)
	at jdk.nashorn.internal.scripts.Script$Recompilation$44618$3841A$\^function\_.L:1#issueCommand(<function>:124)
	at jdk.nashorn.internal.scripts.Script$Recompilation$44618$3841A$\^function\_.L:1#issueCommand(<function>:124)
	at jdk.nashorn.internal.scripts.Script$Recompilation$44618$3841A$\^function\_.L:1#issueCommand(<function>:124)
	at jdk.nashorn.internal.scripts.Script$Recompilation$44618$3841A$\^function\_.L:1#issueCommand(<function>:124)
	at jdk.nashorn.internal.scripts.Script$Recompilation$44618$3841A$\^function\_.L:1#issueCommand(<function>:124)
	at jdk.nashorn.internal.scripts.Script$Recompilation$44618$3841A$\^function\_.L:1#issueCommand(<function>:124)
	at jdk.nashorn.internal.scripts.Script$Recompilation$44618$3841A$\^function\_.L:1#issueCommand(<function>:124)
	at jdk.nashorn.internal.scripts.Script$Recompilation$44618$3841A$\^function\_.L:1#issueCommand(<function>:124)
	at jdk.nashorn.internal.scripts.Script$Recompilation$44618$3841A$\^function\_.L:1#issueCommand(<function>:124)
	at jdk.nashorn.internal.scripts.Script$Recompilation$44618$3841A$\^function\_.L:1#issueCommand(<function>:124)
	at jdk.nashorn.internal.scripts.Script$Recompilation$44618$3841A$\^function\_.L:1#issueCommand(<function>:124)
	at jdk.nashorn.internal.scripts.Script$Recompilation$44618$3841A$\^function\_.L:1#issueCommand(<function>:124)
	at jdk.nashorn.internal.scripts.Script$Recompilation$44618$3841A$\^function\_.L:1#issueCommand(<function>:124)
	at jdk.nashorn.internal.scripts.Script$Recompilation$44618$3841A$\^function\_.L:1#issueCommand(<function>:124)
	at jdk.nashorn.internal.scripts.Script$Recompilation$44618$3841A$\^function\_.L:1#issueCommand(<function>:124)
	at jdk.nashorn.internal.scripts.Script$Recompilation$44618$3841A$\^function\_.L:1#issueCommand(<function>:124)
	at jdk.nashorn.internal.scripts.Script$Recompilation$44618$3841A$\^function\_.L:1#issueCommand(<function>:124)
	at jdk.nashorn.internal.scripts.Script$Recompilation$44618$3841A$\^function\_.L:1#issueCommand(<function>:124)
	at jdk.nashorn.internal.scripts.Script$Recompilation$44618$3841A$\^function\_.L:1#issueCommand(<function>:124)
	at jdk.nashorn.internal.scripts.Script$Recompilation$44618$3841A$\^function\_.L:1#issueCommand(<function>:124)
	at jdk.nashorn.internal.scripts.Script$Recompilation$44618$3841A$\^function\_.L:1#issueCommand(<function>:124)
	at jdk.nashorn.internal.scripts.Script$Recompilation$44618$3841A$\^function\_.L:1#issueCommand(<function>:124)
	at jdk.nashorn.internal.scripts.Script$Recompilation$44618$3841A$\^function\_.L:1#issueCommand(<function>:124)
	at jdk.nashorn.internal.scripts.Script$Recompilation$44618$3841A$\^function\_.L:1#issueCommand(<function>:124)
	at jdk.nashorn.internal.scripts.Script$Recompilation$44618$3841A$\^function\_.L:1#issueCommand(<function>:124)
	at jdk.nashorn.internal.scripts.Script$Recompilation$44618$3841A$\^function\_.L:1#issueCommand(<function>:124)
	at jdk.nashorn.internal.scripts.Script$Recompilation$44618$3841A$\^function\_.L:1#issueCommand(<function>:124)
	at jdk.nashorn.internal.scripts.Script$Recompilation$44618$3841A$\^function\_.L:1#issueCommand(<function>:124)
	at jdk.nashorn.internal.scripts.Script$Recompilation$44618$3841A$\^function\_.L:1#issueCommand(<function>:124)
	at jdk.nashorn.internal.scripts.Script$Recompilation$44618$3841A$\^function\_.L:1#issueCommand(<function>:124)
	at jdk.nashorn.internal.scripts.Script$Recompilation$44618$3841A$\^function\_.L:1#issueCommand(<function>:124)
	at jdk.nashorn.internal.scripts.Script$Recompilation$44618$3841A$\^function\_.L:1#issueCommand(<function>:124)
	at jdk.nashorn.internal.scripts.Script$Recompilation$44618$3841A$\^function\_.L:1#issueCommand(<function>:124)
	at jdk.nashorn.internal.scripts.Script$Recompilation$44618$3841A$\^function\_.L:1#issueCommand(<function>:124)
	at jdk.nashorn.internal.scripts.Script$Recompilation$44618$3841A$\^function\_.L:1#issueCommand(<function>:124)
	at jdk.nashorn.internal.scripts.Script$Recompilation$44618$3841A$\^function\_.L:1#issueCommand(<function>:124)
	at jdk.nashorn.internal.scripts.Script$Recompilation$44618$3841A$\^function\_.L:1#issueCommand(<function>:124)
	at jdk.nashorn.internal.scripts.Script$Recompilation$44618$3841A$\^function\_.L:1#issueCommand(<function>:124)
	at jdk.nashorn.internal.scripts.Script$Recompilation$44618$3841A$\^function\_.L:1#issueCommand(<function>:124)
	at jdk.nashorn.internal.scripts.Script$Recompilation$44618$3841A$\^function\_.L:1#issueCommand(<function>:124)
	at jdk.nashorn.internal.scripts.Script$Recompilation$44618$3841A$\^function\_.L:1#issueCommand(<function>:124)
	at jdk.nashorn.internal.scripts.Script$Recompilation$44618$3841A$\^function\_.L:1#issueCommand(<function>:124)
	at jdk.nashorn.internal.scripts.Script$Recompilation$44618$3841A$\^function\_.L:1#issueCommand(<function>:124)
	at jdk.nashorn.internal.scripts.Script$Recompilation$44618$3841A$\^function\_.L:1#issueCommand(<function>:124)
	at jdk.nashorn.internal.scripts.Script$Recompilation$44618$3841A$\^function\_.L:1#issueCommand(<function>:124)
	at jdk.nashorn.internal.scripts.Script$Recompilation$44618$3841A$\^function\_.L:1#issueCommand(<function>:124)
	at jdk.nashorn.internal.scripts.Script$Recompilation$44618$3841A$\^function\_.L:1#issueCommand(<function>:124)
	at jdk.nashorn.internal.scripts.Script$Recompilation$44618$3841A$\^function\_.L:1#issueCommand(<function>:124)
	at jdk.nashorn.internal.scripts.Script$Recompilation$44618$3841A$\^function\_.L:1#issueCommand(<function>:124)
	at jdk.nashorn.internal.scripts.Script$Recompilation$44618$3841A$\^function\_.L:1#issueCommand(<function>:124)
	at jdk.nashorn.internal.scripts.Script$Recompilation$44618$3841A$\^function\_.L:1#issueCommand(<function>:124)
	at jdk.nashorn.internal.scripts.Script$Recompilation$44618$3841A$\^function\_.L:1#issueCommand(<function>:124)
	at jdk.nashorn.internal.scripts.Script$Recompilation$44618$3841A$\^function\_.L:1#issueCommand(<function>:124)
	at jdk.nashorn.internal.scripts.Script$Recompilation$44618$3841A$\^function\_.L:1#issueCommand(<function>:124)
	at jdk.nashorn.internal.scripts.Script$Recompilation$44618$3841A$\^function\_.L:1#issueCommand(<function>:124)
	at jdk.nashorn.internal.scripts.Script$Recompilation$44618$3841A$\^function\_.L:1#issueCommand(<function>:124)
	at jdk.nashorn.internal.scripts.Script$Recompilation$44618$3841A$\^function\_.L:1#issueCommand(<function>:124)
	at jdk.nashorn.internal.scripts.Script$Recompilation$44618$3841A$\^function\_.L:1#issueCommand(<function>:124)
	at jdk.nashorn.internal.scripts.Script$Recompilation$44618$3841A$\^function\_.L:1#issueCommand(<function>:124)
	at jdk.nashorn.internal.scripts.Script$Recompilation$44618$3841A$\^function\_.L:1#issueCommand(<function>:124)
	at jdk.nashorn.internal.scripts.Script$Recompilation$44618$3841A$\^function\_.L:1#issueCommand(<function>:124)
	at jdk.nashorn.internal.scripts.Script$Recompilation$44618$3841A$\^function\_.L:1#issueCommand(<function>:124)
	at jdk.nashorn.internal.scripts.Script$Recompilation$44618$3841A$\^function\_.L:1#issueCommand(<function>:124)
	at jdk.nashorn.internal.scripts.Script$Recompilation$44618$3841A$\^function\_.L:1#issueCommand(<function>:124)
	at jdk.nashorn.internal.scripts.Script$Recompilation$44618$3841A$\^function\_.L:1#issueCommand(<function>:124)
	at jdk.nashorn.internal.scripts.Script$Recompilation$44618$3841A$\^function\_.L:1#issueCommand(<function>:124)
	at jdk.nashorn.internal.scripts.Script$Recompilation$44618$3841A$\^function\_.L:1#issueCommand(<function>:124)
	at jdk.nashorn.internal.scripts.Script$Recompilation$44618$3841A$\^function\_.L:1#issueCommand(<function>:124)
	at jdk.nashorn.internal.scripts.Script$Recompilation$44618$3841A$\^function\_.L:1#issueCommand(<function>:124)
	at jdk.nashorn.internal.scripts.Script$Recompilation$44618$3841A$\^function\_.L:1#issueCommand(<function>:124)
	at jdk.nashorn.internal.scripts.Script$Recompilation$44618$3841A$\^function\_.L:1#issueCommand(<function>:124)
	at jdk.nashorn.internal.scripts.Script$Recompilation$44618$3841A$\^function\_.L:1#issueCommand(<function>:124)
	at jdk.nashorn.internal.scripts.Script$Recompilation$44618$3841A$\^function\_.L:1#issueCommand(<function>:124)
	at jdk.nashorn.internal.scripts.Script$Recompilation$44618$3841A$\^function\_.L:1#issueCommand(<function>:124)
	at jdk.nashorn.internal.scripts.Script$Recompilation$44618$3841A$\^function\_.L:1#issueCommand(<function>:124)
	at jdk.nashorn.internal.scripts.Script$Recompilation$44618$3841A$\^function\_.L:1#issueCommand(<function>:124)
	at jdk.nashorn.internal.scripts.Script$Recompilation$44618$3841A$\^function\_.L:1#issueCommand(<function>:124)
	at jdk.nashorn.internal.scripts.Script$Recompilation$44618$3841A$\^function\_.L:1#issueCommand(<function>:124)
	at jdk.nashorn.internal.scripts.Script$Recompilation$44618$3841A$\^function\_.L:1#issueCommand(<function>:124)
	at jdk.nashorn.internal.scripts.Script$Recompilation$44618$3841A$\^function\_.L:1#issueCommand(<function>:124)
	at jdk.nashorn.internal.scripts.Script$Recompilation$44618$3841A$\^function\_.L:1#issueCommand(<function>:124)
	at jdk.nashorn.internal.scripts.Script$Recompilation$44618$3841A$\^function\_.L:1#issueCommand(<function>:124)
	at jdk.nashorn.internal.scripts.Script$Recompilation$44618$3841A$\^function\_.L:1#issueCommand(<function>:124)
	at jdk.nashorn.internal.scripts.Script$Recompilation$44618$3841A$\^function\_.L:1#issueCommand(<function>:124)
	at jdk.nashorn.internal.scripts.Script$Recompilation$44618$3841A$\^function\_.L:1#issueCommand(<function>:124)
	at jdk.nashorn.internal.scripts.Script$Recompilation$44618$3841A$\^function\_.L:1#issueCommand(<function>:124)
	at jdk.nashorn.internal.scripts.Script$Recompilation$44618$3841A$\^function\_.L:1#issueCommand(<function>:124)
	at jdk.nashorn.internal.scripts.Script$Recompilation$44618$3841A$\^function\_.L:1#issueCommand(<function>:124)
	at jdk.nashorn.internal.scripts.Script$Recompilation$44618$3841A$\^function\_.L:1#issueCommand(<function>:124)
	at jdk.nashorn.internal.scripts.Script$Recompilation$44618$3841A$\^function\_.L:1#issueCommand(<function>:124)
	at jdk.nashorn.internal.scripts.Script$Recompilation$44618$3841A$\^function\_.L:1#issueCommand(<function>:124)
	at jdk.nashorn.internal.scripts.Script$Recompilation$44618$3841A$\^function\_.L:1#issueCommand(<function>:124)
	at jdk.nashorn.internal.scripts.Script$Recompilation$44618$3841A$\^function\_.L:1#issueCommand(<function>:124)
	at jdk.nashorn.internal.scripts.Script$Recompilation$44618$3841A$\^function\_.L:1#issueCommand(<function>:124)
	at jdk.nashorn.internal.scripts.Script$Recompilation$44618$3841A$\^function\_.L:1#issueCommand(<function>:124)
	at jdk.nashorn.internal.scripts.Script$Recompilation$44618$3841A$\^function\_.L:1#issueCommand(<function>:124)
	at jdk.nashorn.internal.scripts.Script$Recompilation$44618$3841A$\^function\_.L:1#issueCommand(<function>:124)
	at jdk.nashorn.internal.scripts.Script$Recompilation$44618$3841A$\^function\_.L:1#issueCommand(<function>:124)
	at jdk.nashorn.internal.scripts.Script$Recompilation$44618$3841A$\^function\_.L:1#issueCommand(<function>:124)
	at jdk.nashorn.internal.scripts.Script$Recompilation$44618$3841A$\^function\_.L:1#issueCommand(<function>:124)
	at jdk.nashorn.internal.scripts.Script$Recompilation$44618$3841A$\^function\_.L:1#issueCommand(<function>:124)
	at jdk.nashorn.internal.scripts.Script$Recompilation$44618$3841A$\^function\_.L:1#issueCommand(<function>:124)
	at jdk.nashorn.internal.scripts.Script$Recompilation$44618$3841A$\^function\_.L:1#issueCommand(<function>:124)
	at jdk.nashorn.internal.scripts.Script$Recompilation$44618$3841A$\^function\_.L:1#issueCommand(<function>:124)
	at jdk.nashorn.internal.scripts.Script$Recompilation$44618$3841A$\^function\_.L:1#issueCommand(<function>:124)
	at jdk.nashorn.internal.scripts.Script$Recompilation$44618$3841A$\^function\_.L:1#issueCommand(<function>:124)
	at jdk.nashorn.internal.scripts.Script$Recompilation$44618$3841A$\^function\_.L:1#issueCommand(<function>:124)
	at jdk.nashorn.internal.scripts.Script$Recompilation$44618$3841A$\^function\_.L:1#issueCommand(<function>:124)
	at jdk.nashorn.internal.scripts.Script$Recompilation$44618$3841A$\^function\_.L:1#issueCommand(<function>:124)
	at jdk.nashorn.internal.scripts.Script$Recompilation$44618$3841A$\^function\_.L:1#issueCommand(<function>:124)
	at jdk.nashorn.internal.scripts.Script$Recompilation$44618$3841A$\^function\_.L:1#issueCommand(<function>:124)
	at jdk.nashorn.internal.scripts.Script$Recompilation$44618$3841A$\^function\_.L:1#issueCommand(<function>:124)
	at jdk.nashorn.internal.scripts.Script$Recompilation$44618$3841A$\^function\_.L:1#issueCommand(<function>:124)
	at jdk.nashorn.internal.scripts.Script$Recompilation$44618$3841A$\^function\_.L:1#issueCommand(<function>:124)
	at jdk.nashorn.internal.scripts.Script$Recompilation$44618$3841A$\^function\_.L:1#issueCommand(<function>:124)
	at jdk.nashorn.internal.scripts.Script$Recompilation$44618$3841A$\^function\_.L:1#issueCommand(<function>:124)
	at jdk.nashorn.internal.scripts.Script$Recompilation$44618$3841A$\^function\_.L:1#issueCommand(<function>:124)
	at jdk.nashorn.internal.scripts.Script$Recompilation$44618$3841A$\^function\_.L:1#issueCommand(<function>:124)
	at jdk.nashorn.internal.scripts.Script$Recompilation$44618$3841A$\^function\_.L:1#issueCommand(<function>:124)
	at jdk.nashorn.internal.scripts.Script$Recompilation$44618$3841A$\^function\_.L:1#issueCommand(<function>:124)
	at jdk.nashorn.internal.scripts.Script$Recompilation$44618$3841A$\^function\_.L:1#issueCommand(<function>:124)
	at jdk.nashorn.internal.scripts.Script$Recompilation$44618$3841A$\^function\_.L:1#issueCommand(<function>:124)
	at jdk.nashorn.internal.scripts.Script$Recompilation$44618$3841A$\^function\_.L:1#issueCommand(<function>:124)
	at jdk.nashorn.internal.scripts.Script$Recompilation$44618$3841A$\^function\_.L:1#issueCommand(<function>:124)
	at jdk.nashorn.internal.scripts.Script$Recompilation$44618$3841A$\^function\_.L:1#issueCommand(<function>:124)
	at jdk.nashorn.internal.scripts.Script$Recompilation$44618$3841A$\^function\_.L:1#issueCommand(<function>:124)
	at jdk.nashorn.internal.scripts.Script$Recompilation$44618$3841A$\^function\_.L:1#issueCommand(<function>:124)
	at jdk.nashorn.internal.scripts.Script$Recompilation$44618$3841A$\^function\_.L:1#issueCommand(<function>:124)
	at jdk.nashorn.internal.scripts.Script$Recompilation$44618$3841A$\^function\_.L:1#issueCommand(<function>:124)
	at jdk.nashorn.internal.scripts.Script$Recompilation$44618$3841A$\^function\_.L:1#issueCommand(<function>:124)
	at jdk.nashorn.internal.scripts.Script$Recompilation$44618$3841A$\^function\_.L:1#issueCommand(<function>:124)
	at jdk.nashorn.internal.scripts.Script$Recompilation$44618$3841A$\^function\_.L:1#issueCommand(<function>:124)
	at jdk.nashorn.internal.scripts.Script$Recompilation$44618$3841A$\^function\_.L:1#issueCommand(<function>:124)
	at jdk.nashorn.internal.scripts.Script$Recompilation$44618$3841A$\^function\_.L:1#issueCommand(<function>:124)
	at jdk.nashorn.internal.scripts.Script$Recompilation$44618$3841A$\^function\_.L:1#issueCommand(<function>:124)
	at jdk.nashorn.internal.scripts.Script$Recompilation$44618$3841A$\^function\_.L:1#issueCommand(<function>:124)
	at jdk.nashorn.internal.scripts.Script$Recompilation$44618$3841A$\^function\_.L:1#issueCommand(<function>:124)
	at jdk.nashorn.internal.scripts.Script$Recompilation$44618$3841A$\^function\_.L:1#issueCommand(<function>:124)
	at jdk.nashorn.internal.scripts.Script$Recompilation$44618$3841A$\^function\_.L:1#issueCommand(<function>:124)
	at jdk.nashorn.internal.scripts.Script$Recompilation$44618$3841A$\^function\_.L:1#issueCommand(<function>:124)
	at jdk.nashorn.internal.scripts.Script$Recompilation$44618$3841A$\^function\_.L:1#issueCommand(<function>:124)
	at jdk.nashorn.internal.scripts.Script$Recompilation$44618$3841A$\^function\_.L:1#issueCommand(<function>:124)
	at jdk.nashorn.internal.scripts.Script$Recompilation$44618$3841A$\^function\_.L:1#issueCommand(<function>:124)
	at jdk.nashorn.internal.scripts.Script$Recompilation$44618$3841A$\^function\_.L:1#issueCommand(<function>:124)
	at jdk.nashorn.internal.scripts.Script$Recompilation$44618$3841A$\^function\_.L:1#issueCommand(<function>:124)
	at jdk.nashorn.internal.scripts.Script$Recompilation$44618$3841A$\^function\_.L:1#issueCommand(<function>:124)
	at jdk.nashorn.internal.scripts.Script$Recompilation$44618$3841A$\^function\_.L:1#issueCommand(<function>:124)
	at jdk.nashorn.internal.scripts.Script$Recompilation$44618$3841A$\^function\_.L:1#issueCommand(<function>:124)
	at jdk.nashorn.internal.scripts.Script$Recompilation$44618$3841A$\^function\_.L:1#issueCommand(<function>:124)
	at jdk.nashorn.internal.scripts.Script$Recompilation$44618$3841A$\^function\_.L:1#issueCommand(<function>:124)
	at jdk.nashorn.internal.scripts.Script$Recompilation$44618$3841A$\^function\_.L:1#issueCommand(<function>:124)
	at jdk.nashorn.internal.scripts.Script$Recompilation$44618$3841A$\^function\_.L:1#issueCommand(<function>:124)
	at jdk.nashorn.internal.scripts.Script$Recompilation$44618$3841A$\^function\_.L:1#issueCommand(<function>:124)
	at jdk.nashorn.internal.scripts.Script$Recompilation$44618$3841A$\^function\_.L:1#issueCommand(<function>:124)
	at jdk.nashorn.internal.scripts.Script$Recompilation$44618$3841A$\^function\_.L:1#issueCommand(<function>:124)
	at jdk.nashorn.internal.scripts.Script$Recompilation$44618$3841A$\^function\_.L:1#issueCommand(<function>:124)
	at jdk.nashorn.internal.scripts.Script$Recompilation$44618$3841A$\^function\_.L:1#issueCommand(<function>:124)
	at jdk.nashorn.internal.scripts.Script$Recompilation$44618$3841A$\^function\_.L:1#issueCommand(<function>:124)
	at jdk.nashorn.internal.scripts.Script$Recompilation$44618$3841A$\^function\_.L:1#issueCommand(<function>:124)
	at jdk.nashorn.internal.scripts.Script$Recompilation$44618$3841A$\^function\_.L:1#issueCommand(<function>:124)
	at jdk.nashorn.internal.scripts.Script$Recompilation$44618$3841A$\^function\_.L:1#issueCommand(<function>:124)
	at jdk.nashorn.internal.scripts.Script$Recompilation$44618$3841A$\^function\_.L:1#issueCommand(<function>:124)
	at jdk.nashorn.internal.scripts.Script$Recompilation$44618$3841A$\^function\_.L:1#issueCommand(<function>:124)
	at jdk.nashorn.internal.scripts.Script$Recompilation$44618$3841A$\^function\_.L:1#issueCommand(<function>:124)
	at jdk.nashorn.internal.scripts.Script$Recompilation$44618$3841A$\^function\_.L:1#issueCommand(<function>:124)
	at jdk.nashorn.internal.scripts.Script$Recompilation$44618$3841A$\^function\_.L:1#issueCommand(<function>:124)
	at jdk.nashorn.internal.scripts.Script$Recompilation$44618$3841A$\^function\_.L:1#issueCommand(<function>:124)
	at jdk.nashorn.internal.scripts.Script$Recompilation$44618$3841A$\^function\_.L:1#issueCommand(<function>:124)
	at jdk.nashorn.internal.scripts.Script$Recompilation$44618$3841A$\^function\_.L:1#issueCommand(<function>:124)
	at jdk.nashorn.internal.scripts.Script$Recompilation$44618$3841A$\^function\_.L:1#issueCommand(<function>:124)
	at jdk.nashorn.internal.scripts.Script$Recompilation$44618$3841A$\^function\_.L:1#issueCommand(<function>:124)
	at jdk.nashorn.internal.scripts.Script$Recompilation$44618$3841A$\^function\_.L:1#issueCommand(<function>:124)
	at jdk.nashorn.internal.scripts.Script$Recompilation$44618$3841A$\^function\_.L:1#issueCommand(<function>:124)
	at jdk.nashorn.internal.scripts.Script$Recompilation$44618$3841A$\^function\_.L:1#issueCommand(<function>:124)
	at jdk.nashorn.internal.scripts.Script$Recompilation$44618$3841A$\^function\_.L:1#issueCommand(<function>:124)
	at jdk.nashorn.internal.scripts.Script$Recompilation$44618$3841A$\^function\_.L:1#issueCommand(<function>:124)
	at jdk.nashorn.internal.scripts.Script$Recompilation$44618$3841A$\^function\_.L:1#issueCommand(<function>:124)
	at jdk.nashorn.internal.scripts.Script$Recompilation$44618$3841A$\^function\_.L:1#issueCommand(<function>:124)
	at jdk.nashorn.internal.scripts.Script$Recompilation$44618$3841A$\^function\_.L:1#issueCommand(<function>:124)
	at jdk.nashorn.internal.scripts.Script$Recompilation$44618$3841A$\^function\_.L:1#issueCommand(<function>:124)
	at jdk.nashorn.internal.scripts.Script$Recompilation$44618$3841A$\^function\_.L:1#issueCommand(<function>:124)
	at jdk.nashorn.internal.scripts.Script$Recompilation$44618$3841A$\^function\_.L:1#issueCommand(<function>:124)
	at jdk.nashorn.internal.scripts.Script$Recompilation$44618$3841A$\^function\_.L:1#issueCommand(<function>:124)
	at jdk.nashorn.internal.scripts.Script$Recompilation$44618$3841A$\^function\_.L:1#issueCommand(<function>:124)
	at jdk.nashorn.internal.scripts.Script$Recompilation$44618$3841A$\^function\_.L:1#issueCommand(<function>:124)
	at jdk.nashorn.internal.scripts.Script$Recompilation$44618$3841A$\^function\_.L:1#issueCommand(<function>:124)
	at jdk.nashorn.internal.scripts.Script$Recompilation$44618$3841A$\^function\_.L:1#issueCommand(<function>:124)
	at jdk.nashorn.internal.scripts.Script$Recompilation$44618$3841A$\^function\_.L:1#issueCommand(<function>:124)
	at jdk.nashorn.internal.scripts.Script$Recompilation$44618$3841A$\^function\_.L:1#issueCommand(<function>:124)
	at jdk.nashorn.internal.scripts.Script$Recompilation$44618$3841A$\^function\_.L:1#issueCommand(<function>:124)
	at jdk.nashorn.internal.scripts.Script$Recompilation$44618$3841A$\^function\_.L:1#issueCommand(<function>:124)
	at jdk.nashorn.internal.scripts.Script$Recompilation$44618$3841A$\^function\_.L:1#issueCommand(<function>:124)
	at jdk.nashorn.internal.scripts.Script$Recompilation$44618$3841A$\^function\_.L:1#issueCommand(<function>:124)
	at jdk.nashorn.internal.scripts.Script$Recompilation$44618$3841A$\^function\_.L:1#issueCommand(<function>:124)
	at jdk.nashorn.internal.scripts.Script$Recompilation$44618$3841A$\^function\_.L:1#issueCommand(<function>:124)
	at jdk.nashorn.internal.scripts.Script$Recompilation$44618$3841A$\^function\_.L:1#issueCommand(<function>:124)
	at jdk.nashorn.internal.scripts.Script$Recompilation$44618$3841A$\^function\_.L:1#issueCommand(<function>:124)
	at jdk.nashorn.internal.scripts.Script$Recompilation$44618$3841A$\^function\_.L:1#issueCommand(<function>:124)
	at jdk.nashorn.internal.scripts.Script$Recompilation$44618$3841A$\^function\_.L:1#issueCommand(<function>:124)
	at jdk.nashorn.internal.scripts.Script$Recompilation$44618$3841A$\^function\_.L:1#issueCommand(<function>:124)
	at jdk.nashorn.internal.scripts.Script$Recompilation$44618$3841A$\^function\_.L:1#issueCommand(<function>:124)
	at jdk.nashorn.internal.scripts.Script$Recompilation$44618$3841A$\^function\_.L:1#issueCommand(<function>:124)
	at jdk.nashorn.internal.scripts.Script$Recompilation$44618$3841A$\^function\_.L:1#issueCommand(<function>:124)
	at jdk.nashorn.internal.scripts.Script$Recompilation$44618$3841A$\^function\_.L:1#issueCommand(<function>:124)
	at jdk.nashorn.internal.scripts.Script$Recompilation$44618$3841A$\^function\_.L:1#issueCommand(<function>:124)
	at jdk.nashorn.internal.scripts.Script$Recompilation$44618$3841A$\^function\_.L:1#issueCommand(<function>:124)
	at jdk.nashorn.internal.scripts.Script$Recompilation$44618$3841A$\^function\_.L:1#issueCommand(<function>:124)
	at jdk.nashorn.internal.scripts.Script$Recompilation$44618$3841A$\^function\_.L:1#issueCommand(<function>:124)
	at jdk.nashorn.internal.scripts.Script$Recompilation$44618$3841A$\^function\_.L:1#issueCommand(<function>:124)
	at jdk.nashorn.internal.scripts.Script$Recompilation$44618$3841A$\^function\_.L:1#issueCommand(<function>:124)
	at jdk.nashorn.internal.scripts.Script$Recompilation$44618$3841A$\^function\_.L:1#issueCommand(<function>:124)
	at jdk.nashorn.internal.scripts.Script$Recompilation$44618$3841A$\^function\_.L:1#issueCommand(<function>:124)
	at jdk.nashorn.internal.scripts.Script$Recompilation$44618$3841A$\^function\_.L:1#issueCommand(<function>:124)
	at jdk.nashorn.internal.scripts.Script$Recompilation$44618$3841A$\^function\_.L:1#issueCommand(<function>:124)
	at jdk.nashorn.internal.scripts.Script$Recompilation$44618$3841A$\^function\_.L:1#issueCommand(<function>:124)
	at jdk.nashorn.internal.scripts.Script$Recompilation$44618$3841A$\^function\_.L:1#issueCommand(<function>:124)
	at jdk.nashorn.internal.scripts.Script$Recompilation$44618$3841A$\^function\_.L:1#issueCommand(<function>:124)
	at jdk.nashorn.internal.scripts.Script$Recompilation$44618$3841A$\^function\_.L:1#issueCommand(<function>:124)
	at jdk.nashorn.internal.scripts.Script$Recompilation$44618$3841A$\^function\_.L:1#issueCommand(<function>:124)
	at jdk.nashorn.internal.scripts.Script$Recompilation$44618$3841A$\^function\_.L:1#issueCommand(<function>:124)
	at jdk.nashorn.internal.scripts.Script$Recompilation$44618$3841A$\^function\_.L:1#issueCommand(<function>:124)
	at jdk.nashorn.internal.scripts.Script$Recompilation$44618$3841A$\^function\_.L:1#issueCommand(<function>:124)
	at jdk.nashorn.internal.scripts.Script$Recompilation$44618$3841A$\^function\_.L:1#issueCommand(<function>:124)
	at jdk.nashorn.internal.scripts.Script$Recompilation$44618$3841A$\^function\_.L:1#issueCommand(<function>:124)
	at jdk.nashorn.internal.scripts.Script$Recompilation$44618$3841A$\^function\_.L:1#issueCommand(<function>:124)
	at jdk.nashorn.internal.scripts.Script$Recompilation$44618$3841A$\^function\_.L:1#issueCommand(<function>:124)
	at jdk.nashorn.internal.scripts.Script$Recompilation$44618$3841A$\^function\_.L:1#issueCommand(<function>:124)
	at jdk.nashorn.internal.scripts.Script$Recompilation$44618$3841A$\^function\_.L:1#issueCommand(<function>:124)
	at jdk.nashorn.internal.scripts.Script$Recompilation$44618$3841A$\^function\_.L:1#issueCommand(<function>:124)
	at jdk.nashorn.internal.scripts.Script$Recompilation$44618$3841A$\^function\_.L:1#issueCommand(<function>:124)
	at jdk.nashorn.internal.scripts.Script$Recompilation$44618$3841A$\^function\_.L:1#issueCommand(<function>:124)
	at jdk.nashorn.internal.scripts.Script$Recompilation$44618$3841A$\^function\_.L:1#issueCommand(<function>:124)
	at jdk.nashorn.internal.scripts.Script$Recompilation$44618$3841A$\^function\_.L:1#issueCommand(<function>:124)
	at jdk.nashorn.internal.scripts.Script$Recompilation$44618$3841A$\^function\_.L:1#issueCommand(<function>:124)
	at jdk.nashorn.internal.scripts.Script$Recompilation$44618$3841A$\^function\_.L:1#issueCommand(<function>:124)
	at jdk.nashorn.internal.scripts.Script$Recompilation$44618$3841A$\^function\_.L:1#issueCommand(<function>:124)
	at jdk.nashorn.internal.scripts.Script$Recompilation$44618$3841A$\^function\_.L:1#issueCommand(<function>:124)
	at jdk.nashorn.internal.scripts.Script$Recompilation$44618$3841A$\^function\_.L:1#issueCommand(<function>:124)
	at jdk.nashorn.internal.scripts.Script$Recompilation$44618$3841A$\^function\_.L:1#issueCommand(<function>:124)
	at jdk.nashorn.internal.scripts.Script$Recompilation$44618$3841A$\^function\_.L:1#issueCommand(<function>:124)
	at jdk.nashorn.internal.scripts.Script$Recompilation$44618$3841A$\^function\_.L:1#issueCommand(<function>:124)
	at jdk.nashorn.internal.scripts.Script$Recompilation$44618$3841A$\^function\_.L:1#issueCommand(<function>:124)
	at jdk.nashorn.internal.scripts.Script$Recompilation$44618$3841A$\^function\_.L:1#issueCommand(<function>:124)
	at jdk.nashorn.internal.scripts.Script$Recompilation$44618$3841A$\^function\_.L:1#issueCommand(<function>:124)
	at jdk.nashorn.internal.scripts.Script$Recompilation$44618$3841A$\^function\_.L:1#issueCommand(<function>:124)
	at jdk.nashorn.internal.scripts.Script$Recompilation$44618$3841A$\^function\_.L:1#issueCommand(<function>:124)
	at jdk.nashorn.internal.scripts.Script$Recompilation$44618$3841A$\^function\_.L:1#issueCommand(<function>:124)
	at jdk.nashorn.internal.scripts.Script$Recompilation$44618$3841A$\^function\_.L:1#issueCommand(<function>:124)
	at jdk.nashorn.internal.scripts.Script$Recompilation$44618$3841A$\^function\_.L:1#issueCommand(<function>:124)
	at jdk.nashorn.internal.scripts.Script$Recompilation$44618$3841A$\^function\_.L:1#issueCommand(<function>:124)
	at jdk.nashorn.internal.scripts.Script$Recompilation$44618$3841A$\^function\_.L:1#issueCommand(<function>:124)
	at jdk.nashorn.internal.scripts.Script$Recompilation$44618$3841A$\^function\_.L:1#issueCommand(<function>:124)
	at jdk.nashorn.internal.scripts.Script$Recompilation$44618$3841A$\^function\_.L:1#issueCommand(<function>:124)
	at jdk.nashorn.internal.scripts.Script$Recompilation$44618$3841A$\^function\_.L:1#issueCommand(<function>:124)
	at jdk.nashorn.internal.scripts.Script$Recompilation$44618$3841A$\^function\_.L:1#issueCommand(<function>:124)
	at jdk.nashorn.internal.scripts.Script$Recompilation$44618$3841A$\^function\_.L:1#issueCommand(<function>:124)
	at jdk.nashorn.internal.scripts.Script$Recompilation$44618$3841A$\^function\_.L:1#issueCommand(<function>:124)
	at jdk.nashorn.internal.scripts.Script$Recompilation$44618$3841A$\^function\_.L:1#issueCommand(<function>:124)
	at jdk.nashorn.internal.scripts.Script$Recompilation$44618$3841A$\^function\_.L:1#issueCommand(<function>:124)
	at jdk.nashorn.internal.scripts.Script$Recompilation$44618$3841A$\^function\_.L:1#issueCommand(<function>:124)
	at jdk.nashorn.internal.scripts.Script$Recompilation$44618$3841A$\^function\_.L:1#issueCommand(<function>:124)
	at jdk.nashorn.internal.scripts.Script$Recompilation$44618$3841A$\^function\_.L:1#issueCommand(<function>:124)
	at jdk.nashorn.internal.scripts.Script$Recompilation$44618$3841A$\^function\_.L:1#issueCommand(<function>:124)
	at jdk.nashorn.internal.scripts.Script$Recompilation$44618$3841A$\^function\_.L:1#issueCommand(<function>:124)
	at jdk.nashorn.internal.scripts.Script$Recompilation$44618$3841A$\^function\_.L:1#issueCommand(<function>:124)
	at jdk.nashorn.internal.scripts.Script$Recompilation$44618$3841A$\^function\_.L:1#issueCommand(<function>:124)
	at jdk.nashorn.internal.scripts.Script$Recompilation$44618$3841A$\^function\_.L:1#issueCommand(<function>:124)
	at jdk.nashorn.internal.scripts.Script$Recompilation$44618$3841A$\^function\_.L:1#issueCommand(<function>:124)
	at jdk.nashorn.internal.scripts.Script$Recompilation$44618$3841A$\^function\_.L:1#issueCommand(<function>:124)
	at jdk.nashorn.internal.scripts.Script$Recompilation$44618$3841A$\^function\_.L:1#issueCommand(<function>:124)
	at jdk.nashorn.internal.scripts.Script$Recompilation$44618$3841A$\^function\_.L:1#issueCommand(<function>:124)
	at jdk.nashorn.internal.scripts.Script$Recompilation$44618$3841A$\^function\_.L:1#issueCommand(<function>:124)
	at jdk.nashorn.internal.scripts.Script$Recompilation$44618$3841A$\^function\_.L:1#issueCommand(<function>:124)
	at jdk.nashorn.internal.scripts.Script$Recompilation$44618$3841A$\^function\_.L:1#issueCommand(<function>:124)
	at jdk.nashorn.internal.scripts.Script$Recompilation$44618$3841A$\^function\_.L:1#issueCommand(<function>:124)
	at jdk.nashorn.internal.scripts.Script$Recompilation$44618$3841A$\^function\_.L:1#issueCommand(<function>:124)
	at jdk.nashorn.internal.scripts.Script$Recompilation$44618$3841A$\^function\_.L:1#issueCommand(<function>:124)
	at jdk.nashorn.internal.scripts.Script$Recompilation$44618$3841A$\^function\_.L:1#issueCommand(<function>:124)
	at jdk.nashorn.internal.scripts.Script$Recompilation$44618$3841A$\^function\_.L:1#issueCommand(<function>:124)
	at jdk.nashorn.internal.scripts.Script$Recompilation$44618$3841A$\^function\_.L:1#issueCommand(<function>:124)
	at jdk.nashorn.internal.scripts.Script$Recompilation$44618$3841A$\^function\_.L:1#issueCommand(<function>:124)
	at jdk.nashorn.internal.scripts.Script$Recompilation$44618$3841A$\^function\_.L:1#issueCommand(<function>:124)
	at jdk.nashorn.internal.scripts.Script$Recompilation$44618$3841A$\^function\_.L:1#issueCommand(<function>:124)
	at jdk.nashorn.internal.scripts.Script$Recompilation$44618$3841A$\^function\_.L:1#issueCommand(<function>:124)
	at jdk.nashorn.internal.scripts.Script$Recompilation$44618$3841A$\^function\_.L:1#issueCommand(<function>:124)
	at jdk.nashorn.internal.scripts.Script$Recompilation$44618$3841A$\^function\_.L:1#issueCommand(<function>:124)
	at jdk.nashorn.internal.scripts.Script$Recompilation$44618$3841A$\^function\_.L:1#issueCommand(<function>:124)
	at jdk.nashorn.internal.scripts.Script$Recompilation$44618$3841A$\^function\_.L:1#issueCommand(<function>:124)
	at jdk.nashorn.internal.scripts.Script$Recompilation$44618$3841A$\^function\_.L:1#issueCommand(<function>:124)
	at jdk.nashorn.internal.scripts.Script$Recompilation$44618$3841A$\^function\_.L:1#issueCommand(<function>:124)
	at jdk.nashorn.internal.scripts.Script$Recompilation$44618$3841A$\^function\_.L:1#issueCommand(<function>:124)
	at jdk.nashorn.internal.scripts.Script$Recompilation$44618$3841A$\^function\_.L:1#issueCommand(<function>:124)
	at jdk.nashorn.internal.scripts.Script$Recompilation$44618$3841A$\^function\_.L:1#issueCommand(<function>:124)
	at jdk.nashorn.internal.scripts.Script$Recompilation$44618$3841A$\^function\_.L:1#issueCommand(<function>:124)
	at jdk.nashorn.internal.scripts.Script$Recompilation$44618$3841A$\^function\_.L:1#issueCommand(<function>:124)
	at jdk.nashorn.internal.scripts.Script$Recompilation$44618$3841A$\^function\_.L:1#issueCommand(<function>:124)
	at jdk.nashorn.internal.scripts.Script$Recompilation$44618$3841A$\^function\_.L:1#issueCommand(<function>:124)
	at jdk.nashorn.internal.scripts.Script$Recompilation$44618$3841A$\^function\_.L:1#issueCommand(<function>:124)
	at jdk.nashorn.internal.scripts.Script$Recompilation$44618$3841A$\^function\_.L:1#issueCommand(<function>:124)
	at jdk.nashorn.internal.scripts.Script$Recompilation$44618$3841A$\^function\_.L:1#issueCommand(<function>:124)
	at jdk.nashorn.internal.scripts.Script$Recompilation$44618$3841A$\^function\_.L:1#issueCommand(<function>:124)
	at jdk.nashorn.internal.scripts.Script$Recompilation$44618$3841A$\^function\_.L:1#issueCommand(<function>:124)
	at jdk.nashorn.internal.scripts.Script$Recompilation$44618$3841A$\^function\_.L:1#issueCommand(<function>:124)
	at jdk.nashorn.internal.scripts.Script$Recompilation$44618$3841A$\^function\_.L:1#issueCommand(<function>:124)
	at jdk.nashorn.internal.scripts.Script$Recompilation$44618$3841A$\^function\_.L:1#issueCommand(<function>:124)
	at jdk.nashorn.internal.scripts.Script$Recompilation$44618$3841A$\^function\_.L:1#issueCommand(<function>:124)
	at jdk.nashorn.internal.scripts.Script$Recompilation$44618$3841A$\^function\_.L:1#issueCommand(<function>:124)
	at jdk.nashorn.internal.scripts.Script$Recompilation$44618$3841A$\^function\_.L:1#issueCommand(<function>:124)
	at jdk.nashorn.internal.scripts.Script$Recompilation$44618$3841A$\^function\_.L:1#issueCommand(<function>:124)
	at jdk.nashorn.internal.scripts.Script$Recompilation$44618$3841A$\^function\_.L:1#issueCommand(<function>:124)
	at jdk.nashorn.internal.scripts.Script$Recompilation$44618$3841A$\^function\_.L:1#issueCommand(<function>:124)
	at jdk.nashorn.internal.scripts.Script$Recompilation$44618$3841A$\^function\_.L:1#issueCommand(<function>:124)
	at jdk.nashorn.internal.scripts.Script$Recompilation$44618$3841A$\^function\_.L:1#issueCommand(<function>:124)
	at jdk.nashorn.internal.scripts.Script$Recompilation$44618$3841A$\^function\_.L:1#issueCommand(<function>:124)
	at jdk.nashorn.internal.scripts.Script$Recompilation$44618$3841A$\^function\_.L:1#issueCommand(<function>:124)
	at jdk.nashorn.internal.scripts.Script$Recompilation$44618$3841A$\^function\_.L:1#issueCommand(<function>:124)
	at jdk.nashorn.internal.scripts.Script$Recompilation$44618$3841A$\^function\_.L:1#issueCommand(<function>:124)
	at jdk.nashorn.internal.scripts.Script$Recompilation$44618$3841A$\^function\_.L:1#issueCommand(<function>:124)
	at jdk.nashorn.internal.scripts.Script$Recompilation$44618$3841A$\^function\_.L:1#issueCommand(<function>:124)
	at jdk.nashorn.internal.scripts.Script$Recompilation$44618$3841A$\^function\_.L:1#issueCommand(<function>:124)
	at jdk.nashorn.internal.scripts.Script$Recompilation$44618$3841A$\^function\_.L:1#issueCommand(<function>:124)
	at jdk.nashorn.internal.scripts.Script$Recompilation$44618$3841A$\^function\_.L:1#issueCommand(<function>:124)
	at jdk.nashorn.internal.scripts.Script$Recompilation$44618$3841A$\^function\_.L:1#issueCommand(<function>:124)
	at jdk.nashorn.internal.scripts.Script$Recompilation$44618$3841A$\^function\_.L:1#issueCommand(<function>:124)
	at jdk.nashorn.internal.scripts.Script$Recompilation$44618$3841A$\^function\_.L:1#issueCommand(<function>:124)
	at jdk.nashorn.internal.scripts.Script$Recompilation$44618$3841A$\^function\_.L:1#issueCommand(<function>:124)
	at jdk.nashorn.internal.scripts.Script$Recompilation$44618$3841A$\^function\_.L:1#issueCommand(<function>:124)
	at jdk.nashorn.internal.scripts.Script$Recompilation$44618$3841A$\^function\_.L:1#issueCommand(<function>:124)
	at jdk.nashorn.internal.scripts.Script$Recompilation$44618$3841A$\^function\_.L:1#issueCommand(<function>:124)
	at jdk.nashorn.internal.scripts.Script$Recompilation$44618$3841A$\^function\_.L:1#issueCommand(<function>:124)
	at jdk.nashorn.internal.scripts.Script$Recompilation$44618$3841A$\^function\_.L:1#issueCommand(<function>:124)
	at jdk.nashorn.internal.scripts.Script$Recompilation$44618$3841A$\^function\_.L:1#issueCommand(<function>:124)
	at jdk.nashorn.internal.scripts.Script$Recompilation$44618$3841A$\^function\_.L:1#issueCommand(<function>:124)
	at jdk.nashorn.internal.scripts.Script$Recompilation$44618$3841A$\^function\_.L:1#issueCommand(<function>:124)
	at jdk.nashorn.internal.scripts.Script$Recompilation$44618$3841A$\^function\_.L:1#issueCommand(<function>:124)
	at jdk.nashorn.internal.scripts.Script$Recompilation$44618$3841A$\^function\_.L:1#issueCommand(<function>:124)
	at jdk.nashorn.internal.scripts.Script$Recompilation$44618$3841A$\^function\_.L:1#issueCommand(<function>:124)
	at jdk.nashorn.internal.scripts.Script$Recompilation$44618$3841A$\^function\_.L:1#issueCommand(<function>:124)
	at jdk.nashorn.internal.scripts.Script$Recompilation$44618$3841A$\^function\_.L:1#issueCommand(<function>:124)
	at jdk.nashorn.internal.scripts.Script$Recompilation$44618$3841A$\^function\_.L:1#issueCommand(<function>:124)
	at jdk.nashorn.internal.scripts.Script$Recompilation$44618$3841A$\^function\_.L:1#issueCommand(<function>:124)
	at jdk.nashorn.internal.scripts.Script$Recompilation$44618$3841A$\^function\_.L:1#issueCommand(<function>:124)
	at jdk.nashorn.internal.scripts.Script$Recompilation$44618$3841A$\^function\_.L:1#issueCommand(<function>:124)
	at jdk.nashorn.internal.scripts.Script$Recompilation$44618$3841A$\^function\_.L:1#issueCommand(<function>:124)
	at jdk.nashorn.internal.scripts.Script$Recompilation$44618$3841A$\^function\_.L:1#issueCommand(<function>:124)
	at jdk.nashorn.internal.scripts.Script$Recompilation$44618$3841A$\^function\_.L:1#issueCommand(<function>:124)
	at jdk.nashorn.internal.scripts.Script$Recompilation$44618$3841A$\^function\_.L:1#issueCommand(<function>:124)
	at jdk.nashorn.internal.scripts.Script$Recompilation$44618$3841A$\^function\_.L:1#issueCommand(<function>:124)
	at jdk.nashorn.internal.scripts.Script$Recompilation$44618$3841A$\^function\_.L:1#issueCommand(<function>:124)
	at jdk.nashorn.internal.scripts.Script$Recompilation$44618$3841A$\^function\_.L:1#issueCommand(<function>:124)
	at jdk.nashorn.internal.scripts.Script$Recompilation$44618$3841A$\^function\_.L:1#issueCommand(<function>:124)
	at jdk.nashorn.internal.scripts.Script$Recompilation$44618$3841A$\^function\_.L:1#issueCommand(<function>:124)
	at jdk.nashorn.internal.scripts.Script$Recompilation$44618$3841A$\^function\_.L:1#issueCommand(<function>:124)
	at jdk.nashorn.internal.scripts.Script$Recompilation$44618$3841A$\^function\_.L:1#issueCommand(<function>:124)
	at jdk.nashorn.internal.scripts.Script$Recompilation$44618$3841A$\^function\_.L:1#issueCommand(<function>:124)
	at jdk.nashorn.internal.scripts.Script$Recompilation$44618$3841A$\^function\_.L:1#issueCommand(<function>:124)
	at jdk.nashorn.internal.scripts.Script$Recompilation$44618$3841A$\^function\_.L:1#issueCommand(<function>:124)
	at jdk.nashorn.internal.scripts.Script$Recompilation$44618$3841A$\^function\_.L:1#issueCommand(<function>:124)
	at jdk.nashorn.internal.scripts.Script$Recompilation$44618$3841A$\^function\_.L:1#issueCommand(<function>:124)
	at jdk.nashorn.internal.scripts.Script$Recompilation$44618$3841A$\^function\_.L:1#issueCommand(<function>:124)
	at jdk.nashorn.internal.scripts.Script$Recompilation$44618$3841A$\^function\_.L:1#issueCommand(<function>:124)
	at jdk.nashorn.internal.scripts.Script$Recompilation$44618$3841A$\^function\_.L:1#issueCommand(<function>:124)
	at jdk.nashorn.internal.scripts.Script$Recompilation$44618$3841A$\^function\_.L:1#issueCommand(<function>:124)
	at jdk.nashorn.internal.scripts.Script$Recompilation$44618$3841A$\^function\_.L:1#issueCommand(<function>:124)
	at jdk.nashorn.internal.scripts.Script$Recompilation$44618$3841A$\^function\_.L:1#issueCommand(<function>:124)
	at jdk.nashorn.internal.scripts.Script$Recompilation$44618$3841A$\^function\_.L:1#issueCommand(<function>:124)
	at jdk.nashorn.internal.scripts.Script$Recompilation$44618$3841A$\^function\_.L:1#issueCommand(<function>:124)
	at jdk.nashorn.internal.scripts.Script$Recompilation$44618$3841A$\^function\_.L:1#issueCommand(<function>:124)
	at jdk.nashorn.internal.scripts.Script$Recompilation$44618$3841A$\^function\_.L:1#issueCommand(<function>:124)
	at jdk.nashorn.internal.scripts.Script$Recompilation$44618$3841A$\^function\_.L:1#issueCommand(<function>:124)
	at jdk.nashorn.internal.scripts.Script$Recompilation$44618$3841A$\^function\_.L:1#issueCommand(<function>:124)
	at jdk.nashorn.internal.scripts.Script$Recompilation$44618$3841A$\^function\_.L:1#issueCommand(<function>:124)
	at jdk.nashorn.internal.scripts.Script$Recompilation$44618$3841A$\^function\_.L:1#issueCommand(<function>:124)
	at jdk.nashorn.internal.scripts.Script$Recompilation$44618$3841A$\^function\_.L:1#issueCommand(<function>:124)
	at jdk.nashorn.internal.scripts.Script$Recompilation$44618$3841A$\^function\_.L:1#issueCommand(<function>:124)
	at jdk.nashorn.internal.scripts.Script$Recompilation$44618$3841A$\^function\_.L:1#issueCommand(<function>:124)
	at jdk.nashorn.internal.scripts.Script$Recompilation$44618$3841A$\^function\_.L:1#issueCommand(<function>:124)
	at jdk.nashorn.internal.scripts.Script$Recompilation$44618$3841A$\^function\_.L:1#issueCommand(<function>:124)
	at jdk.nashorn.internal.scripts.Script$Recompilation$44618$3841A$\^function\_.L:1#issueCommand(<function>:124)
	at jdk.nashorn.internal.scripts.Script$Recompilation$44618$3841A$\^function\_.L:1#issueCommand(<function>:124)
	at jdk.nashorn.internal.scripts.Script$Recompilation$44618$3841A$\^function\_.L:1#issueCommand(<function>:124)
	at jdk.nashorn.internal.scripts.Script$Recompilation$44618$3841A$\^function\_.L:1#issueCommand(<function>:124)
	at jdk.nashorn.internal.scripts.Script$Recompilation$44618$3841A$\^function\_.L:1#issueCommand(<function>:124)
	at jdk.nashorn.internal.scripts.Script$Recompilation$44618$3841A$\^function\_.L:1#issueCommand(<function>:124)
	at jdk.nashorn.internal.scripts.Script$Recompilation$44618$3841A$\^function\_.L:1#issueCommand(<function>:124)
	at jdk.nashorn.internal.scripts.Script$Recompilation$44618$3841A$\^function\_.L:1#issueCommand(<function>:124)
	at jdk.nashorn.internal.scripts.Script$Recompilation$44618$3841A$\^function\_.L:1#issueCommand(<function>:124)
	at jdk.nashorn.internal.scripts.Script$Recompilation$44618$3841A$\^function\_.L:1#issueCommand(<function>:124)
	at jdk.nashorn.internal.scripts.Script$Recompilation$44618$3841A$\^function\_.L:1#issueCommand(<function>:124)
	at jdk.nashorn.internal.scripts.Script$Recompilation$44618$3841A$\^function\_.L:1#issueCommand(<function>:124)
	at jdk.nashorn.internal.scripts.Script$Recompilation$44618$3841A$\^function\_.L:1#issueCommand(<function>:124)
	at jdk.nashorn.internal.scripts.Script$Recompilation$44618$3841A$\^function\_.L:1#issueCommand(<function>:124)
	at jdk.nashorn.internal.scripts.Script$Recompilation$44618$3841A$\^function\_.L:1#issueCommand(<function>:124)
	at jdk.nashorn.internal.scripts.Script$Recompilation$44618$3841A$\^function\_.L:1#issueCommand(<function>:124)
	at jdk.nashorn.internal.scripts.Script$Recompilation$44618$3841A$\^function\_.L:1#issueCommand(<function>:124)
	at jdk.nashorn.internal.scripts.Script$Recompilation$44618$3841A$\^function\_.L:1#issueCommand(<function>:124)
	at jdk.nashorn.internal.scripts.Script$Recompilation$44618$3841A$\^function\_.L:1#issueCommand(<function>:124)
	at jdk.nashorn.internal.scripts.Script$Recompilation$44618$3841A$\^function\_.L:1#issueCommand(<function>:124)
	at jdk.nashorn.internal.scripts.Script$Recompilation$44618$3841A$\^function\_.L:1#issueCommand(<function>:124)
	at jdk.nashorn.internal.scripts.Script$Recompilation$44618$3841A$\^function\_.L:1#issueCommand(<function>:124)
	at jdk.nashorn.internal.scripts.Script$Recompilation$44618$3841A$\^function\_.L:1#issueCommand(<function>:124)
	at jdk.nashorn.internal.scripts.Script$Recompilation$44618$3841A$\^function\_.L:1#issueCommand(<function>:124)
	at jdk.nashorn.internal.scripts.Script$Recompilation$44618$3841A$\^function\_.L:1#issueCommand(<function>:124)
	at jdk.nashorn.internal.scripts.Script$Recompilation$44618$3841A$\^function\_.L:1#issueCommand(<function>:124)
	at jdk.nashorn.internal.scripts.Script$Recompilation$44618$3841A$\^function\_.L:1#issueCommand(<function>:124)
	at jdk.nashorn.internal.scripts.Script$Recompilation$44618$3841A$\^function\_.L:1#issueCommand(<function>:124)
	at jdk.nashorn.internal.scripts.Script$Recompilation$44618$3841A$\^function\_.L:1#issueCommand(<function>:124)
	at jdk.nashorn.internal.scripts.Script$Recompilation$44618$3841A$\^function\_.L:1#issueCommand(<function>:124)
	at jdk.nashorn.internal.scripts.Script$Recompilation$44618$3841A$\^function\_.L:1#issueCommand(<function>:124)
	at jdk.nashorn.internal.scripts.Script$Recompilation$44618$3841A$\^function\_.L:1#issueCommand(<function>:124)
	at jdk.nashorn.internal.scripts.Script$Recompilation$44618$3841A$\^function\_.L:1#issueCommand(<function>:124)
	at jdk.nashorn.internal.scripts.Script$Recompilation$44618$3841A$\^function\_.L:1#issueCommand(<function>:124)
	at jdk.nashorn.internal.scripts.Script$Recompilation$44618$3841A$\^function\_.L:1#issueCommand(<function>:124)
	at jdk.nashorn.internal.scripts.Script$Recompilation$44618$3841A$\^function\_.L:1#issueCommand(<function>:124)
	at jdk.nashorn.internal.scripts.Script$Recompilation$44618$3841A$\^function\_.L:1#issueCommand(<function>:124)
	at jdk.nashorn.internal.scripts.Script$Recompilation$44618$3841A$\^function\_.L:1#issueCommand(<function>:124)
	at jdk.nashorn.internal.scripts.Script$Recompilation$44618$3841A$\^function\_.L:1#issueCommand(<function>:124)
	at jdk.nashorn.internal.scripts.Script$Recompilation$44618$3841A$\^function\_.L:1#issueCommand(<function>:124)
	at jdk.nashorn.internal.scripts.Script$Recompilation$44618$3841A$\^function\_.L:1#issueCommand(<function>:124)
	at jdk.nashorn.internal.scripts.Script$Recompilation$44618$3841A$\^function\_.L:1#issueCommand(<function>:124)
	at jdk.nashorn.internal.scripts.Script$Recompilation$44618$3841A$\^function\_.L:1#issueCommand(<function>:124)
	at jdk.nashorn.internal.scripts.Script$Recompilation$44618$3841A$\^function\_.L:1#issueCommand(<function>:124)
	at jdk.nashorn.internal.scripts.Script$Recompilation$44618$3841A$\^function\_.L:1#issueCommand(<function>:124)
	at jdk.nashorn.internal.scripts.Script$Recompilation$44618$3841A$\^function\_.L:1#issueCommand(<function>:124)
	at jdk.nashorn.internal.scripts.Script$Recompilation$44618$3841A$\^function\_.L:1#issueCommand(<function>:124)
	at jdk.nashorn.internal.scripts.Script$Recompilation$44618$3841A$\^function\_.L:1#issueCommand(<function>:124)
	at jdk.nashorn.internal.scripts.Script$Recompilation$44618$3841A$\^function\_.L:1#issueCommand(<function>:124)
	at jdk.nashorn.internal.scripts.Script$Recompilation$44618$3841A$\^function\_.L:1#issueCommand(<function>:124)
	at jdk.nashorn.internal.scripts.Script$Recompilation$44618$3841A$\^function\_.L:1#issueCommand(<function>:124)
	at jdk.nashorn.internal.scripts.Script$Recompilation$44618$3841A$\^function\_.L:1#issueCommand(<function>:124)
	at jdk.nashorn.internal.scripts.Script$Recompilation$44618$3841A$\^function\_.L:1#issueCommand(<function>:124)
	at jdk.nashorn.internal.scripts.Script$Recompilation$44618$3841A$\^function\_.L:1#issueCommand(<function>:124)
	at jdk.nashorn.internal.scripts.Script$Recompilation$44618$3841A$\^function\_.L:1#issueCommand(<function>:124)
	at jdk.nashorn.internal.scripts.Script$Recompilation$44618$3841A$\^function\_.L:1#issueCommand(<function>:124)
	at jdk.nashorn.internal.scripts.Script$Recompilation$44618$3841A$\^function\_.L:1#issueCommand(<function>:124)
	at jdk.nashorn.internal.scripts.Script$Recompilation$44618$3841A$\^function\_.L:1#issueCommand(<function>:124)
	at jdk.nashorn.internal.scripts.Script$Recompilation$44618$3841A$\^function\_.L:1#issueCommand(<function>:124)
	at jdk.nashorn.internal.scripts.Script$Recompilation$44618$3841A$\^function\_.L:1#issueCommand(<function>:124)
	at jdk.nashorn.internal.scripts.Script$Recompilation$44618$3841A$\^function\_.L:1#issueCommand(<function>:124)
	at jdk.nashorn.internal.scripts.Script$Recompilation$44618$3841A$\^function\_.L:1#issueCommand(<function>:124)
	at jdk.nashorn.internal.scripts.Script$Recompilation$44618$3841A$\^function\_.L:1#issueCommand(<function>:124)
	at jdk.nashorn.internal.scripts.Script$Recompilation$44618$3841A$\^function\_.L:1#issueCommand(<function>:124)
	at jdk.nashorn.internal.scripts.Script$Recompilation$44618$3841A$\^function\_.L:1#issueCommand(<function>:124)
	at jdk.nashorn.internal.scripts.Script$Recompilation$44618$3841A$\^function\_.L:1#issueCommand(<function>:124)
	at jdk.nashorn.internal.scripts.Script$Recompilation$44618$3841A$\^function\_.L:1#issueCommand(<function>:124)
	at jdk.nashorn.internal.scripts.Script$Recompilation$44618$3841A$\^function\_.L:1#issueCommand(<function>:124)
	at jdk.nashorn.internal.scripts.Script$Recompilation$44618$3841A$\^function\_.L:1#issueCommand(<function>:124)
	at jdk.nashorn.internal.scripts.Script$Recompilation$44618$3841A$\^function\_.L:1#issueCommand(<function>:124)
	at jdk.nashorn.internal.scripts.Script$Recompilation$44618$3841A$\^function\_.L:1#issueCommand(<function>:124)
	at jdk.nashorn.internal.scripts.Script$Recompilation$44618$3841A$\^function\_.L:1#issueCommand(<function>:124)
	at jdk.nashorn.internal.scripts.Script$Recompilation$44618$3841A$\^function\_.L:1#issueCommand(<function>:124)
	at jdk.nashorn.internal.scripts.Script$Recompilation$44618$3841A$\^function\_.L:1#issueCommand(<function>:124)
	at jdk.nashorn.internal.scripts.Script$Recompilation$44618$3841A$\^function\_.L:1#issueCommand(<function>:124)
	at jdk.nashorn.internal.scripts.Script$Recompilation$44618$3841A$\^function\_.L:1#issueCommand(<function>:124)
	at jdk.nashorn.internal.scripts.Script$Recompilation$44618$3841A$\^function\_.L:1#issueCommand(<function>:124)
	at jdk.nashorn.internal.scripts.Script$Recompilation$44618$3841A$\^function\_.L:1#issueCommand(<function>:124)
	at jdk.nashorn.internal.scripts.Script$Recompilation$44618$3841A$\^function\_.L:1#issueCommand(<function>:124)
	at jdk.nashorn.internal.scripts.Script$Recompilation$44618$3841A$\^function\_.L:1#issueCommand(<function>:124)
	at jdk.nashorn.internal.scripts.Script$Recompilation$44618$3841A$\^function\_.L:1#issueCommand(<function>:124)
	at jdk.nashorn.internal.scripts.Script$Recompilation$44618$3841A$\^function\_.L:1#issueCommand(<function>:124)
	at jdk.nashorn.internal.scripts.Script$Recompilation$44618$3841A$\^function\_.L:1#issueCommand(<function>:124)
	at jdk.nashorn.internal.scripts.Script$Recompilation$44618$3841A$\^function\_.L:1#issueCommand(<function>:124)
	at jdk.nashorn.internal.scripts.Script$Recompilation$44618$3841A$\^function\_.L:1#issueCommand(<function>:124)
	at jdk.nashorn.internal.scripts.Script$Recompilation$44618$3841A$\^function\_.L:1#issueCommand(<function>:124)
	at jdk.nashorn.internal.scripts.Script$Recompilation$44618$3841A$\^function\_.L:1#issueCommand(<function>:124)
	at jdk.nashorn.internal.scripts.Script$Recompilation$44618$3841A$\^function\_.L:1#issueCommand(<function>:124)
	at jdk.nashorn.internal.scripts.Script$Recompilation$44618$3841A$\^function\_.L:1#issueCommand(<function>:124)
	at jdk.nashorn.internal.scripts.Script$Recompilation$44618$3841A$\^function\_.L:1#issueCommand(<function>:124)
	at jdk.nashorn.internal.scripts.Script$Recompilation$44618$3841A$\^function\_.L:1#issueCommand(<function>:124)
	at jdk.nashorn.internal.scripts.Script$Recompilation$44618$3841A$\^function\_.L:1#issueCommand(<function>:124)
	at jdk.nashorn.internal.scripts.Script$Recompilation$44618$3841A$\^function\_.L:1#issueCommand(<function>:124)
	at jdk.nashorn.internal.scripts.Script$Recompilation$44618$3841A$\^function\_.L:1#issueCommand(<function>:124)
	at jdk.nashorn.internal.scripts.Script$Recompilation$44618$3841A$\^function\_.L:1#issueCommand(<function>:124)
	at jdk.nashorn.internal.scripts.Script$Recompilation$44618$3841A$\^function\_.L:1#issueCommand(<function>:124)
	at jdk.nashorn.internal.scripts.Script$Recompilation$44618$3841A$\^function\_.L:1#issueCommand(<function>:124)
	at jdk.nashorn.internal.scripts.Script$Recompilation$44618$3841A$\^function\_.L:1#issueCommand(<function>:124)
	at jdk.nashorn.internal.scripts.Script$Recompilation$44618$3841A$\^function\_.L:1#issueCommand(<function>:124)
	at jdk.nashorn.internal.scripts.Script$Recompilation$44618$3841A$\^function\_.L:1#issueCommand(<function>:124)
	at jdk.nashorn.internal.scripts.Script$Recompilation$44618$3841A$\^function\_.L:1#issueCommand(<function>:124)
	at jdk.nashorn.internal.scripts.Script$Recompilation$44618$3841A$\^function\_.L:1#issueCommand(<function>:124)
	at jdk.nashorn.internal.scripts.Script$Recompilation$44618$3841A$\^function\_.L:1#issueCommand(<function>:124)
	at jdk.nashorn.internal.scripts.Script$Recompilation$44618$3841A$\^function\_.L:1#issueCommand(<function>:124)
	at jdk.nashorn.internal.scripts.Script$Recompilation$44618$3841A$\^function\_.L:1#issueCommand(<function>:124)
	at jdk.nashorn.internal.scripts.Script$Recompilation$44618$3841A$\^function\_.L:1#issueCommand(<function>:124)
	at jdk.nashorn.internal.scripts.Script$Recompilation$44618$3841A$\^function\_.L:1#issueCommand(<function>:124)
	at jdk.nashorn.internal.scripts.Script$Recompilation$44618$3841A$\^function\_.L:1#issueCommand(<function>:124)
	at jdk.nashorn.internal.scripts.Script$Recompilation$44618$3841A$\^function\_.L:1#issueCommand(<function>:124)
	at jdk.nashorn.internal.scripts.Script$Recompilation$44618$3841A$\^function\_.L:1#issueCommand(<function>:124)
	at jdk.nashorn.internal.scripts.Script$Recompilation$44618$3841A$\^function\_.L:1#issueCommand(<function>:124)
	at jdk.nashorn.internal.scripts.Script$Recompilation$44618$3841A$\^function\_.L:1#issueCommand(<function>:124)
	at jdk.nashorn.internal.scripts.Script$Recompilation$44618$3841A$\^function\_.L:1#issueCommand(<function>:124)
	at jdk.nashorn.internal.scripts.Script$Recompilation$44618$3841A$\^function\_.L:1#issueCommand(<function>:124)
	at jdk.nashorn.internal.scripts.Script$Recompilation$44618$3841A$\^function\_.L:1#issueCommand(<function>:124)
	at jdk.nashorn.internal.scripts.Script$Recompilation$44618$3841A$\^function\_.L:1#issueCommand(<function>:124)
	at jdk.nashorn.internal.scripts.Script$Recompilation$44618$3841A$\^function\_.L:1#issueCommand(<function>:124)
	at jdk.nashorn.internal.scripts.Script$Recompilation$44618$3841A$\^function\_.L:1#issueCommand(<function>:124)
	at jdk.nashorn.internal.scripts.Script$Recompilation$44618$3841A$\^function\_.L:1#issueCommand(<function>:124)
	at jdk.nashorn.internal.scripts.Script$Recompilation$44618$3841A$\^function\_.L:1#issueCommand(<function>:124)
	at jdk.nashorn.internal.scripts.Script$Recompilation$44618$3841A$\^function\_.L:1#issueCommand(<function>:124)
	at jdk.nashorn.internal.scripts.Script$Recompilation$44618$3841A$\^function\_.L:1#issueCommand(<function>:124)
	at jdk.nashorn.internal.scripts.Script$Recompilation$44618$3841A$\^function\_.L:1#issueCommand(<function>:124)
	at jdk.nashorn.internal.scripts.Script$Recompilation$44618$3841A$\^function\_.L:1#issueCommand(<function>:124)
	at jdk.nashorn.internal.scripts.Script$Recompilation$44618$3841A$\^function\_.L:1#issueCommand(<function>:124)
	at jdk.nashorn.internal.scripts.Script$Recompilation$44618$3841A$\^function\_.L:1#issueCommand(<function>:124)
	at jdk.nashorn.internal.scripts.Script$Recompilation$44618$3841A$\^function\_.L:1#issueCommand(<function>:124)
	at jdk.nashorn.internal.scripts.Script$Recompilation$44618$3841A$\^function\_.L:1#issueCommand(<function>:124)
	at jdk.nashorn.internal.scripts.Script$Recompilation$44618$3841A$\^function\_.L:1#issueCommand(<function>:124)
	at jdk.nashorn.internal.scripts.Script$Recompilation$44618$3841A$\^function\_.L:1#issueCommand(<function>:124)
	at jdk.nashorn.internal.scripts.Script$Recompilation$44618$3841A$\^function\_.L:1#issueCommand(<function>:124)
	at jdk.nashorn.internal.scripts.Script$Recompilation$44618$3841A$\^function\_.L:1#issueCommand(<function>:124)
	at jdk.nashorn.internal.scripts.Script$Recompilation$44618$3841A$\^function\_.L:1#issueCommand(<function>:124)
	at jdk.nashorn.internal.scripts.Script$Recompilation$44618$3841A$\^function\_.L:1#issueCommand(<function>:124)
	at jdk.nashorn.internal.scripts.Script$Recompilation$44618$3841A$\^function\_.L:1#issueCommand(<function>:124)
	at jdk.nashorn.internal.scripts.Script$Recompilation$44618$3841A$\^function\_.L:1#issueCommand(<function>:124)
	at jdk.nashorn.internal.scripts.Script$Recompilation$44618$3841A$\^function\_.L:1#issueCommand(<function>:124)
	at jdk.nashorn.internal.scripts.Script$Recompilation$44618$3841A$\^function\_.L:1#issueCommand(<function>:124)
	at jdk.nashorn.internal.scripts.Script$Recompilation$44618$3841A$\^function\_.L:1#issueCommand(<function>:124)
	at jdk.nashorn.internal.scripts.Script$Recompilation$44618$3841A$\^function\_.L:1#issueCommand(<function>:124)
	at jdk.nashorn.internal.scripts.Script$Recompilation$44618$3841A$\^function\_.L:1#issueCommand(<function>:124)
	at jdk.nashorn.internal.scripts.Script$Recompilation$44618$3841A$\^function\_.L:1#issueCommand(<function>:124)
	at jdk.nashorn.internal.scripts.Script$Recompilation$44618$3841A$\^function\_.L:1#issueCommand(<function>:124)
	at jdk.nashorn.internal.scripts.Script$Recompilation$44618$3841A$\^function\_.L:1#issueCommand(<function>:124)
	at jdk.nashorn.internal.scripts.Script$Recompilation$44618$3841A$\^function\_.L:1#issueCommand(<function>:124)
	at jdk.nashorn.internal.scripts.Script$Recompilation$44618$3841A$\^function\_.L:1#issueCommand(<function>:124)
	at jdk.nashorn.internal.scripts.Script$Recompilation$44618$3841A$\^function\_.L:1#issueCommand(<function>:124)
	at jdk.nashorn.internal.scripts.Script$Recompilation$44618$3841A$\^function\_.L:1#issueCommand(<function>:124)
	at jdk.nashorn.internal.scripts.Script$Recompilation$44618$3841A$\^function\_.L:1#issueCommand(<function>:124)
	at jdk.nashorn.internal.scripts.Script$Recompilation$44618$3841A$\^function\_.L:1#issueCommand(<function>:124)
	at jdk.nashorn.internal.scripts.Script$Recompilation$44618$3841A$\^function\_.L:1#issueCommand(<function>:124)
	at jdk.nashorn.internal.scripts.Script$Recompilation$44618$3841A$\^function\_.L:1#issueCommand(<function>:124)
	at jdk.nashorn.internal.scripts.Script$Recompilation$44618$3841A$\^function\_.L:1#issueCommand(<function>:124)
	at jdk.nashorn.internal.scripts.Script$Recompilation$44618$3841A$\^function\_.L:1#issueCommand(<function>:124)
	at jdk.nashorn.internal.scripts.Script$Recompilation$44618$3841A$\^function\_.L:1#issueCommand(<function>:124)
	at jdk.nashorn.internal.scripts.Script$Recompilation$44618$3841A$\^function\_.L:1#issueCommand(<function>:124)
	at jdk.nashorn.internal.scripts.Script$Recompilation$44618$3841A$\^function\_.L:1#issueCommand(<function>:124)
	at jdk.nashorn.internal.scripts.Script$Recompilation$44618$3841A$\^function\_.L:1#issueCommand(<function>:124)
	at jdk.nashorn.internal.scripts.Script$Recompilation$44618$3841A$\^function\_.L:1#issueCommand(<function>:124)
	at jdk.nashorn.internal.scripts.Script$Recompilation$44618$3841A$\^function\_.L:1#issueCommand(<function>:124)
	at jdk.nashorn.internal.scripts.Script$Recompilation$44618$3841A$\^function\_.L:1#issueCommand(<function>:124)
	at jdk.nashorn.internal.scripts.Script$Recompilation$44618$3841A$\^function\_.L:1#issueCommand(<function>:124)
	at jdk.nashorn.internal.scripts.Script$Recompilation$44618$3841A$\^function\_.L:1#issueCommand(<function>:124)
	at jdk.nashorn.internal.scripts.Script$Recompilation$44618$3841A$\^function\_.L:1#issueCommand(<function>:124)
	at jdk.nashorn.internal.scripts.Script$Recompilation$44618$3841A$\^function\_.L:1#issueCommand(<function>:124)
	at jdk.nashorn.internal.scripts.Script$Recompilation$44618$3841A$\^function\_.L:1#issueCommand(<function>:124)
	at jdk.nashorn.internal.scripts.Script$Recompilation$44618$3841A$\^function\_.L:1#issueCommand(<function>:124)
	at jdk.nashorn.internal.scripts.Script$Recompilation$44618$3841A$\^function\_.L:1#issueCommand(<function>:124)
	at jdk.nashorn.internal.scripts.Script$Recompilation$44618$3841A$\^function\_.L:1#issueCommand(<function>:124)
	at jdk.nashorn.internal.scripts.Script$Recompilation$44618$3841A$\^function\_.L:1#issueCommand(<function>:124)
	at jdk.nashorn.internal.scripts.Script$Recompilation$44618$3841A$\^function\_.L:1#issueCommand(<function>:124)
	at jdk.nashorn.internal.scripts.Script$Recompilation$44618$3841A$\^function\_.L:1#issueCommand(<function>:124)
	at jdk.nashorn.internal.scripts.Script$Recompilation$44618$3841A$\^function\_.L:1#issueCommand(<function>:124)
	at jdk.nashorn.internal.scripts.Script$Recompilation$44618$3841A$\^function\_.L:1#issueCommand(<function>:124)
	at jdk.nashorn.internal.scripts.Script$Recompilation$44618$3841A$\^function\_.L:1#issueCommand(<function>:124)
	at jdk.nashorn.internal.scripts.Script$Recompilation$44618$3841A$\^function\_.L:1#issueCommand(<function>:124)
	at jdk.nashorn.internal.scripts.Script$Recompilation$44618$3841A$\^function\_.L:1#issueCommand(<function>:124)
	at jdk.nashorn.internal.scripts.Script$Recompilation$44618$3841A$\^function\_.L:1#issueCommand(<function>:124)
	at jdk.nashorn.internal.scripts.Script$Recompilation$44618$3841A$\^function\_.L:1#issueCommand(<function>:124)
	at jdk.nashorn.internal.scripts.Script$Recompilation$44618$3841A$\^function\_.L:1#issueCommand(<function>:124)
	at jdk.nashorn.internal.scripts.Script$Recompilation$44618$3841A$\^function\_.L:1#issueCommand(<function>:124)
	at jdk.nashorn.internal.scripts.Script$Recompilation$44618$3841A$\^function\_.L:1#issueCommand(<function>:124)
	at jdk.nashorn.internal.scripts.Script$Recompilation$44618$3841A$\^function\_.L:1#issueCommand(<function>:124)
	at jdk.nashorn.internal.scripts.Script$Recompilation$44618$3841A$\^function\_.L:1#issueCommand(<function>:124)
	at jdk.nashorn.internal.scripts.Script$Recompilation$44618$3841A$\^function\_.L:1#issueCommand(<function>:124)
	at jdk.nashorn.internal.scripts.Script$Recompilation$44618$3841A$\^function\_.L:1#issueCommand(<function>:124)
	at jdk.nashorn.internal.scripts.Script$Recompilation$44618$3841A$\^function\_.L:1#issueCommand(<function>:124)
	at jdk.nashorn.internal.scripts.Script$Recompilation$44618$3841A$\^function\_.L:1#issueCommand(<function>:124)
	at jdk.nashorn.internal.scripts.Script$Recompilation$44618$3841A$\^function\_.L:1#issueCommand(<function>:124)
	at jdk.nashorn.internal.scripts.Script$Recompilation$44618$3841A$\^function\_.L:1#issueCommand(<function>:124)
	at jdk.nashorn.internal.scripts.Script$Recompilation$44618$3841A$\^function\_.L:1#issueCommand(<function>:124)
	at jdk.nashorn.internal.scripts.Script$Recompilation$44618$3841A$\^function\_.L:1#issueCommand(<function>:124)
	at jdk.nashorn.internal.scripts.Script$Recompilation$44618$3841A$\^function\_.L:1#issueCommand(<function>:124)
	at jdk.nashorn.internal.scripts.Script$Recompilation$44618$3841A$\^function\_.L:1#issueCommand(<function>:124)
	at jdk.nashorn.internal.scripts.Script$Recompilation$44618$3841A$\^function\_.L:1#issueCommand(<function>:124)
	at jdk.nashorn.internal.scripts.Script$Recompilation$44618$3841A$\^function\_.L:1#issueCommand(<function>:124)
	at jdk.nashorn.internal.scripts.Script$Recompilation$44618$3841A$\^function\_.L:1#issueCommand(<function>:124)
	at jdk.nashorn.internal.scripts.Script$Recompilation$44618$3841A$\^function\_.L:1#issueCommand(<function>:124)
	at jdk.nashorn.internal.scripts.Script$Recompilation$44618$3841A$\^function\_.L:1#issueCommand(<function>:124)
	at jdk.nashorn.internal.scripts.Script$Recompilation$44618$3841A$\^function\_.L:1#issueCommand(<function>:124)
	at jdk.nashorn.internal.scripts.Script$Recompilation$44618$3841A$\^function\_.L:1#issueCommand(<function>:124)
	at jdk.nashorn.internal.scripts.Script$Recompilation$44618$3841A$\^function\_.L:1#issueCommand(<function>:124)
	at jdk.nashorn.internal.scripts.Script$Recompilation$44618$3841A$\^function\_.L:1#issueCommand(<function>:124)
	at jdk.nashorn.internal.scripts.Script$Recompilation$44618$3841A$\^function\_.L:1#issueCommand(<function>:124)
	at jdk.nashorn.internal.scripts.Script$Recompilation$44618$3841A$\^function\_.L:1#issueCommand(<function>:124)
	at jdk.nashorn.internal.scripts.Script$Recompilation$44618$3841A$\^function\_.L:1#issueCommand(<function>:124)
	at jdk.nashorn.internal.scripts.Script$Recompilation$44618$3841A$\^function\_.L:1#issueCommand(<function>:124)
	at jdk.nashorn.internal.scripts.Script$Recompilation$44618$3841A$\^function\_.L:1#issueCommand(<function>:124)
	at jdk.nashorn.internal.scripts.Script$Recompilation$44618$3841A$\^function\_.L:1#issueCommand(<function>:124)
	at jdk.nashorn.internal.scripts.Script$Recompilation$44618$3841A$\^function\_.L:1#issueCommand(<function>:124)
	at jdk.nashorn.internal.scripts.Script$Recompilation$44618$3841A$\^function\_.L:1#issueCommand(<function>:124)
	at jdk.nashorn.internal.scripts.Script$Recompilation$44618$3841A$\^function\_.L:1#issueCommand(<function>:124)
	at jdk.nashorn.internal.scripts.Script$Recompilation$44618$3841A$\^function\_.L:1#issueCommand(<function>:124)
	at jdk.nashorn.internal.scripts.Script$Recompilation$44618$3841A$\^function\_.L:1#issueCommand(<function>:124)
	at jdk.nashorn.internal.scripts.Script$Recompilation$44618$3841A$\^function\_.L:1#issueCommand(<function>:124)
	at jdk.nashorn.internal.scripts.Script$Recompilation$44618$3841A$\^function\_.L:1#issueCommand(<function>:124)
	at jdk.nashorn.internal.scripts.Script$Recompilation$44618$3841A$\^function\_.L:1#issueCommand(<function>:124)
	at jdk.nashorn.internal.scripts.Script$Recompilation$44618$3841A$\^function\_.L:1#issueCommand(<function>:124)
	at jdk.nashorn.internal.scripts.Script$Recompilation$44618$3841A$\^function\_.L:1#issueCommand(<function>:124)
	at jdk.nashorn.internal.scripts.Script$Recompilation$44618$3841A$\^function\_.L:1#issueCommand(<function>:124)
	at jdk.nashorn.internal.scripts.Script$Recompilation$44618$3841A$\^function\_.L:1#issueCommand(<function>:124)
	at jdk.nashorn.internal.scripts.Script$Recompilation$44618$3841A$\^function\_.L:1#issueCommand(<function>:124)
	at jdk.nashorn.internal.scripts.Script$Recompilation$44618$3841A$\^function\_.L:1#issueCommand(<function>:124)
	at jdk.nashorn.internal.scripts.Script$Recompilation$44618$3841A$\^function\_.L:1#issueCommand(<function>:124)
	at jdk.nashorn.internal.scripts.Script$Recompilation$44618$3841A$\^function\_.L:1#issueCommand(<function>:124)
	at jdk.nashorn.internal.scripts.Script$Recompilation$44618$3841A$\^function\_.L:1#issueCommand(<function>:124)
	at jdk.nashorn.internal.scripts.Script$Recompilation$44618$3841A$\^function\_.L:1#issueCommand(<function>:124)
	at jdk.nashorn.internal.scripts.Script$Recompilation$44618$3841A$\^function\_.L:1#issueCommand(<function>:124)
	at jdk.nashorn.internal.scripts.Script$Recompilation$44618$3841A$\^function\_.L:1#issueCommand(<function>:124)
	at jdk.nashorn.internal.scripts.Script$Recompilation$44618$3841A$\^function\_.L:1#issueCommand(<function>:124)
	at jdk.nashorn.internal.scripts.Script$Recompilation$44618$3841A$\^function\_.L:1#issueCommand(<function>:124)
	at jdk.nashorn.internal.scripts.Script$Recompilation$44618$3841A$\^function\_.L:1#issueCommand(<function>:124)
	at jdk.nashorn.internal.scripts.Script$Recompilation$44618$3841A$\^function\_.L:1#issueCommand(<function>:124)
	at jdk.nashorn.internal.scripts.Script$Recompilation$44618$3841A$\^function\_.L:1#issueCommand(<function>:124)
	at jdk.nashorn.internal.scripts.Script$Recompilation$44618$3841A$\^function\_.L:1#issueCommand(<function>:124)
	at jdk.nashorn.internal.scripts.Script$Recompilation$44618$3841A$\^function\_.L:1#issueCommand(<function>:124)
	at jdk.nashorn.internal.scripts.Script$Recompilation$44618$3841A$\^function\_.L:1#issueCommand(<function>:124)
	at jdk.nashorn.internal.scripts.Script$Recompilation$44618$3841A$\^function\_.L:1#issueCommand(<function>:124)
	at jdk.nashorn.internal.scripts.Script$Recompilation$44618$3841A$\^function\_.L:1#issueCommand(<function>:124)
	at jdk.nashorn.internal.scripts.Script$Recompilation$44618$3841A$\^function\_.L:1#issueCommand(<function>:124)
	at jdk.nashorn.internal.scripts.Script$Recompilation$44618$3841A$\^function\_.L:1#issueCommand(<function>:124)
	at jdk.nashorn.internal.scripts.Script$Recompilation$44618$3841A$\^function\_.L:1#issueCommand(<function>:124)
	at jdk.nashorn.internal.scripts.Script$Recompilation$44618$3841A$\^function\_.L:1#issueCommand(<function>:124)
	at jdk.nashorn.internal.scripts.Script$Recompilation$44618$3841A$\^function\_.L:1#issueCommand(<function>:124)
	at jdk.nashorn.internal.scripts.Script$Recompilation$44618$3841A$\^function\_.L:1#issueCommand(<function>:124)
	at jdk.nashorn.internal.scripts.Script$Recompilation$44618$3841A$\^function\_.L:1#issueCommand(<function>:124)
	at jdk.nashorn.internal.scripts.Script$Recompilation$44618$3841A$\^function\_.L:1#issueCommand(<function>:124)
	at jdk.nashorn.internal.scripts.Script$Recompilation$44618$3841A$\^function\_.L:1#issueCommand(<function>:124)
	at jdk.nashorn.internal.scripts.Script$Recompilation$44618$3841A$\^function\_.L:1#issueCommand(<function>:124)
	at jdk.nashorn.internal.scripts.Script$Recompilation$44618$3841A$\^function\_.L:1#issueCommand(<function>:124)
	at jdk.nashorn.internal.scripts.Script$Recompilation$44618$3841A$\^function\_.L:1#issueCommand(<function>:124)
	at jdk.nashorn.internal.scripts.Script$Recompilation$44618$3841A$\^function\_.L:1#issueCommand(<function>:124)
	at jdk.nashorn.internal.scripts.Script$Recompilation$44618$3841A$\^function\_.L:1#issueCommand(<function>:124)
	at jdk.nashorn.internal.scripts.Script$Recompilation$44618$3841A$\^function\_.L:1#issueCommand(<function>:124)
	at jdk.nashorn.internal.scripts.Script$Recompilation$44618$3841A$\^function\_.L:1#issueCommand(<function>:124)
	at jdk.nashorn.internal.scripts.Script$Recompilation$44618$3841A$\^function\_.L:1#issueCommand(<function>:124)
	at jdk.nashorn.internal.scripts.Script$Recompilation$44618$3841A$\^function\_.L:1#issueCommand(<function>:124)
	at jdk.nashorn.internal.scripts.Script$Recompilation$44618$3841A$\^function\_.L:1#issueCommand(<function>:124)
	at jdk.nashorn.internal.scripts.Script$Recompilation$44618$3841A$\^function\_.L:1#issueCommand(<function>:124)
	at jdk.nashorn.internal.scripts.Script$Recompilation$44618$3841A$\^function\_.L:1#issueCommand(<function>:124)
	at jdk.nashorn.internal.scripts.Script$Recompilation$44618$3841A$\^function\_.L:1#issueCommand(<function>:124)
	at jdk.nashorn.internal.scripts.Script$Recompilation$44618$3841A$\^function\_.L:1#issueCommand(<function>:124)
	at jdk.nashorn.internal.scripts.Script$Recompilation$44618$3841A$\^function\_.L:1#issueCommand(<function>:124)
	at jdk.nashorn.internal.scripts.Script$Recompilation$44618$3841A$\^function\_.L:1#issueCommand(<function>:124)
	at jdk.nashorn.internal.scripts.Script$Recompilation$44618$3841A$\^function\_.L:1#issueCommand(<function>:124)
	at jdk.nashorn.internal.scripts.Script$Recompilation$44618$3841A$\^function\_.L:1#issueCommand(<function>:124)
	at jdk.nashorn.internal.scripts.Script$Recompilation$44618$3841A$\^function\_.L:1#issueCommand(<function>:124)
	at jdk.nashorn.internal.scripts.Script$Recompilation$44618$3841A$\^function\_.L:1#issueCommand(<function>:124)
	at jdk.nashorn.internal.scripts.Script$Recompilation$44618$3841A$\^function\_.L:1#issueCommand(<function>:124)
	at jdk.nashorn.internal.scripts.Script$Recompilation$44618$3841A$\^function\_.L:1#issueCommand(<function>:124)
	at jdk.nashorn.internal.scripts.Script$Recompilation$44618$3841A$\^function\_.L:1#issueCommand(<function>:124)
	at jdk.nashorn.internal.scripts.Script$Recompilation$44618$3841A$\^function\_.L:1#issueCommand(<function>:124)
	at jdk.nashorn.internal.scripts.Script$Recompilation$44618$3841A$\^function\_.L:1#issueCommand(<function>:124)
	at jdk.nashorn.internal.scripts.Script$Recompilation$44618$3841A$\^function\_.L:1#issueCommand(<function>:124)
	at jdk.nashorn.internal.scripts.Script$Recompilation$44618$3841A$\^function\_.L:1#issueCommand(<function>:124)
	at jdk.nashorn.internal.scripts.Script$Recompilation$44618$3841A$\^function\_.L:1#issueCommand(<function>:124)
	at jdk.nashorn.internal.scripts.Script$Recompilation$44618$3841A$\^function\_.L:1#issueCommand(<function>:124)
	at jdk.nashorn.internal.scripts.Script$Recompilation$44618$3841A$\^function\_.L:1#issueCommand(<function>:124)
	at jdk.nashorn.internal.scripts.Script$Recompilation$44618$3841A$\^function\_.L:1#issueCommand(<function>:124)
	at jdk.nashorn.internal.scripts.Script$Recompilation$44618$3841A$\^function\_.L:1#issueCommand(<function>:124)
	at jdk.nashorn.internal.scripts.Script$Recompilation$44618$3841A$\^function\_.L:1#issueCommand(<function>:124)
	at jdk.nashorn.internal.scripts.Script$Recompilation$44618$3841A$\^function\_.L:1#issueCommand(<function>:124)
	at jdk.nashorn.internal.scripts.Script$Recompilation$44618$3841A$\^function\_.L:1#issueCommand(<function>:124)
	at jdk.nashorn.internal.scripts.Script$Recompilation$44618$3841A$\^function\_.L:1#issueCommand(<function>:124)
	at jdk.nashorn.internal.scripts.Script$Recompilation$44618$3841A$\^function\_.L:1#issueCommand(<function>:124)
	at jdk.nashorn.internal.scripts.Script$Recompilation$44618$3841A$\^function\_.L:1#issueCommand(<function>:124)
	at jdk.nashorn.internal.scripts.Script$Recompilation$44618$3841A$\^function\_.L:1#issueCommand(<function>:124)
	at jdk.nashorn.internal.scripts.Script$Recompilation$44618$3841A$\^function\_.L:1#issueCommand(<function>:124)
	at jdk.nashorn.internal.scripts.Script$Recompilation$44618$3841A$\^function\_.L:1#issueCommand(<function>:124)
	at jdk.nashorn.internal.scripts.Script$Recompilation$44618$3841A$\^function\_.L:1#issueCommand(<function>:124)
	at jdk.nashorn.internal.scripts.Script$Recompilation$44618$3841A$\^function\_.L:1#issueCommand(<function>:124)
	at jdk.nashorn.internal.scripts.Script$Recompilation$44618$3841A$\^function\_.L:1#issueCommand(<function>:124)
	at jdk.nashorn.internal.scripts.Script$Recompilation$44618$3841A$\^function\_.L:1#issueCommand(<function>:124)
	at jdk.nashorn.internal.scripts.Script$Recompilation$44618$3841A$\^function\_.L:1#issueCommand(<function>:124)
	at jdk.nashorn.internal.scripts.Script$Recompilation$44618$3841A$\^function\_.L:1#issueCommand(<function>:124)
	at jdk.nashorn.internal.scripts.Script$Recompilation$44618$3841A$\^function\_.L:1#issueCommand(<function>:124)
	at jdk.nashorn.internal.scripts.Script$Recompilation$44618$3841A$\^function\_.L:1#issueCommand(<function>:124)
	at jdk.nashorn.internal.scripts.Script$Recompilation$44618$3841A$\^function\_.L:1#issueCommand(<function>:124)
	at jdk.nashorn.internal.scripts.Script$Recompilation$44618$3841A$\^function\_.L:1#issueCommand(<function>:124)
	at jdk.nashorn.internal.scripts.Script$Recompilation$44618$3841A$\^function\_.L:1#issueCommand(<function>:124)
	at jdk.nashorn.internal.scripts.Script$Recompilation$44618$3841A$\^function\_.L:1#issueCommand(<function>:124)
	at jdk.nashorn.internal.scripts.Script$Recompilation$44618$3841A$\^function\_.L:1#issueCommand(<function>:124)
	at jdk.nashorn.internal.scripts.Script$Recompilation$44618$3841A$\^function\_.L:1#issueCommand(<function>:124)
	at jdk.nashorn.internal.scripts.Script$Recompilation$44618$3841A$\^function\_.L:1#issueCommand(<function>:124)
	at jdk.nashorn.internal.scripts.Script$Recompilation$44618$3841A$\^function\_.L:1#issueCommand(<function>:124)
	at jdk.nashorn.internal.scripts.Script$Recompilation$44618$3841A$\^function\_.L:1#issueCommand(<function>:124)
	at jdk.nashorn.internal.scripts.Script$Recompilation$44618$3841A$\^function\_.L:1#issueCommand(<function>:124)
	at jdk.nashorn.internal.scripts.Script$Recompilation$44618$3841A$\^function\_.L:1#issueCommand(<function>:124)
	at jdk.nashorn.internal.scripts.Script$Recompilation$44618$3841A$\^function\_.L:1#issueCommand(<function>:124)
	at jdk.nashorn.internal.scripts.Script$Recompilation$44618$3841A$\^function\_.L:1#issueCommand(<function>:124)
	at jdk.nashorn.internal.scripts.Script$Recompilation$44618$3841A$\^function\_.L:1#issueCommand(<function>:124)
	at jdk.nashorn.internal.scripts.Script$Recompilation$44618$3841A$\^function\_.L:1#issueCommand(<function>:124)
	at jdk.nashorn.internal.scripts.Script$Recompilation$44618$3841A$\^function\_.L:1#issueCommand(<function>:124)
	at jdk.nashorn.internal.scripts.Script$Recompilation$44618$3841A$\^function\_.L:1#issueCommand(<function>:124)
	at jdk.nashorn.internal.scripts.Script$Recompilation$44618$3841A$\^function\_.L:1#issueCommand(<function>:124)
	at jdk.nashorn.internal.scripts.Script$Recompilation$44618$3841A$\^function\_.L:1#issueCommand(<function>:124)
	at jdk.nashorn.internal.scripts.Script$Recompilation$44618$3841A$\^function\_.L:1#issueCommand(<function>:124)
	at jdk.nashorn.internal.scripts.Script$Recompilation$44618$3841A$\^function\_.L:1#issueCommand(<function>:124)
	at jdk.nashorn.internal.scripts.Script$Recompilation$44618$3841A$\^function\_.L:1#issueCommand(<function>:124)
	at jdk.nashorn.internal.scripts.Script$Recompilation$44618$3841A$\^function\_.L:1#issueCommand(<function>:124)
	at jdk.nashorn.internal.scripts.Script$Recompilation$44618$3841A$\^function\_.L:1#issueCommand(<function>:124)
	at jdk.nashorn.internal.scripts.Script$Recompilation$44618$3841A$\^function\_.L:1#issueCommand(<function>:124)
	at jdk.nashorn.internal.scripts.Script$Recompilation$44618$3841A$\^function\_.L:1#issueCommand(<function>:124)
	at jdk.nashorn.internal.scripts.Script$Recompilation$44618$3841A$\^function\_.L:1#issueCommand(<function>:124)
	at jdk.nashorn.internal.scripts.Script$Recompilation$44618$3841A$\^function\_.L:1#issueCommand(<function>:124)
	at jdk.nashorn.internal.scripts.Script$Recompilation$44618$3841A$\^function\_.L:1#issueCommand(<function>:124)
	at jdk.nashorn.internal.scripts.Script$Recompilation$44618$3841A$\^function\_.L:1#issueCommand(<function>:124)
	at jdk.nashorn.internal.scripts.Script$Recompilation$44618$3841A$\^function\_.L:1#issueCommand(<function>:124)
	at jdk.nashorn.internal.scripts.Script$Recompilation$44618$3841A$\^function\_.L:1#issueCommand(<function>:124)
	at jdk.nashorn.internal.scripts.Script$Recompilation$44618$3841A$\^function\_.L:1#issueCommand(<function>:124)
	at jdk.nashorn.internal.scripts.Script$Recompilation$44618$3841A$\^function\_.L:1#issueCommand(<function>:124)
	at jdk.nashorn.internal.scripts.Script$Recompilation$44618$3841A$\^function\_.L:1#issueCommand(<function>:124)
	at jdk.nashorn.internal.scripts.Script$Recompilation$44618$3841A$\^function\_.L:1#issueCommand(<function>:124)
	at jdk.nashorn.internal.scripts.Script$Recompilation$44618$3841A$\^function\_.L:1#issueCommand(<function>:124)
	at jdk.nashorn.internal.scripts.Script$Recompilation$44618$3841A$\^function\_.L:1#issueCommand(<function>:124)
	at jdk.nashorn.internal.scripts.Script$Recompilation$44618$3841A$\^function\_.L:1#issueCommand(<function>:124)
	at jdk.nashorn.internal.scripts.Script$Recompilation$44618$3841A$\^function\_.L:1#issueCommand(<function>:124)
	at jdk.nashorn.internal.scripts.Script$Recompilation$44618$3841A$\^function\_.L:1#issueCommand(<function>:124)
	at jdk.nashorn.internal.scripts.Script$Recompilation$44618$3841A$\^function\_.L:1#issueCommand(<function>:124)
	at jdk.nashorn.internal.scripts.Script$Recompilation$44618$3841A$\^function\_.L:1#issueCommand(<function>:124)
	at jdk.nashorn.internal.scripts.Script$Recompilation$44618$3841A$\^function\_.L:1#issueCommand(<function>:124)
	at jdk.nashorn.internal.scripts.Script$Recompilation$44618$3841A$\^function\_.L:1#issueCommand(<function>:124)
	at jdk.nashorn.internal.scripts.Script$Recompilation$44618$3841A$\^function\_.L:1#issueCommand(<function>:124)
	at jdk.nashorn.internal.scripts.Script$Recompilation$44618$3841A$\^function\_.L:1#issueCommand(<function>:124)
	at jdk.nashorn.internal.scripts.Script$Recompilation$44618$3841A$\^function\_.L:1#issueCommand(<function>:124)
	at jdk.nashorn.internal.scripts.Script$Recompilation$44618$3841A$\^function\_.L:1#issueCommand(<function>:124)
	at jdk.nashorn.internal.scripts.Script$Recompilation$44618$3841A$\^function\_.L:1#issueCommand(<function>:124)
	at jdk.nashorn.internal.scripts.Script$Recompilation$44618$3841A$\^function\_.L:1#issueCommand(<function>:124)
	at jdk.nashorn.internal.scripts.Script$Recompilation$44618$3841A$\^function\_.L:1#issueCommand(<function>:124)
	at jdk.nashorn.internal.scripts.Script$Recompilation$44618$3841A$\^function\_.L:1#issueCommand(<function>:124)
	at jdk.nashorn.internal.scripts.Script$Recompilation$44618$3841A$\^function\_.L:1#issueCommand(<function>:124)
	at jdk.nashorn.internal.scripts.Script$Recompilation$44618$3841A$\^function\_.L:1#issueCommand(<function>:124)
	at jdk.nashorn.internal.scripts.Script$Recompilation$44618$3841A$\^function\_.L:1#issueCommand(<function>:124)
	at jdk.nashorn.internal.scripts.Script$Recompilation$44618$3841A$\^function\_.L:1#issueCommand(<function>:124)
	at jdk.nashorn.internal.scripts.Script$Recompilation$44618$3841A$\^function\_.L:1#issueCommand(<function>:124)
	at jdk.nashorn.internal.scripts.Script$Recompilation$44618$3841A$\^function\_.L:1#issueCommand(<function>:124)
	at jdk.nashorn.internal.scripts.Script$Recompilation$44618$3841A$\^function\_.L:1#issueCommand(<function>:124)
	at jdk.nashorn.internal.scripts.Script$Recompilation$44618$3841A$\^function\_.L:1#issueCommand(<function>:124)
	at jdk.nashorn.internal.scripts.Script$Recompilation$44618$3841A$\^function\_.L:1#issueCommand(<function>:124)
	at jdk.nashorn.internal.scripts.Script$Recompilation$44618$3841A$\^function\_.L:1#issueCommand(<function>:124)
	at jdk.nashorn.internal.scripts.Script$Recompilation$44618$3841A$\^function\_.L:1#issueCommand(<function>:124)
	at jdk.nashorn.internal.scripts.Script$Recompilation$44618$3841A$\^function\_.L:1#issueCommand(<function>:124)
	at jdk.nashorn.internal.scripts.Script$Recompilation$44618$3841A$\^function\_.L:1#issueCommand(<function>:124)
	at jdk.nashorn.internal.scripts.Script$Recompilation$44618$3841A$\^function\_.L:1#issueCommand(<function>:124)
	at jdk.nashorn.internal.scripts.Script$Recompilation$44618$3841A$\^function\_.L:1#issueCommand(<function>:124)
	at jdk.nashorn.internal.scripts.Script$Recompilation$44618$3841A$\^function\_.L:1#issueCommand(<function>:124)
	at jdk.nashorn.internal.scripts.Script$Recompilation$44618$3841A$\^function\_.L:1#issueCommand(<function>:124)
	at jdk.nashorn.internal.scripts.Script$Recompilation$44618$3841A$\^function\_.L:1#issueCommand(<function>:124)
	at jdk.nashorn.internal.scripts.Script$Recompilation$44618$3841A$\^function\_.L:1#issueCommand(<function>:124)
	at jdk.nashorn.internal.scripts.Script$Recompilation$44618$3841A$\^function\_.L:1#issueCommand(<function>:124)
	at jdk.nashorn.internal.scripts.Script$Recompilation$44618$3841A$\^function\_.L:1#issueCommand(<function>:124)
	at jdk.nashorn.internal.scripts.Script$Recompilation$44618$3841A$\^function\_.L:1#issueCommand(<function>:124)
	at jdk.nashorn.internal.scripts.Script$Recompilation$44618$3841A$\^function\_.L:1#issueCommand(<function>:124)
	at jdk.nashorn.internal.scripts.Script$Recompilation$44618$3841A$\^function\_.L:1#issueCommand(<function>:124)
	at jdk.nashorn.internal.scripts.Script$Recompilation$44618$3841A$\^function\_.L:1#issueCommand(<function>:124)
	at jdk.nashorn.internal.scripts.Script$Recompilation$44618$3841A$\^function\_.L:1#issueCommand(<function>:124)
	at jdk.nashorn.internal.scripts.Script$Recompilation$44618$3841A$\^function\_.L:1#issueCommand(<function>:124)
	at jdk.nashorn.internal.scripts.Script$Recompilation$44618$3841A$\^function\_.L:1#issueCommand(<function>:124)
	at jdk.nashorn.internal.scripts.Script$Recompilation$44618$3841A$\^function\_.L:1#issueCommand(<function>:124)
	at jdk.nashorn.internal.scripts.Script$Recompilation$44618$3841A$\^function\_.L:1#issueCommand(<function>:124)
	at jdk.nashorn.internal.scripts.Script$Recompilation$44618$3841A$\^function\_.L:1#issueCommand(<function>:124)
	at jdk.nashorn.internal.scripts.Script$Recompilation$44618$3841A$\^function\_.L:1#issueCommand(<function>:124)
	at jdk.nashorn.internal.scripts.Script$Recompilation$44618$3841A$\^function\_.L:1#issueCommand(<function>:124)
	at jdk.nashorn.internal.scripts.Script$Recompilation$44618$3841A$\^function\_.L:1#issueCommand(<function>:124)
	at jdk.nashorn.internal.scripts.Script$Recompilation$44618$3841A$\^function\_.L:1#issueCommand(<function>:124)
	at jdk.nashorn.internal.scripts.Script$Recompilation$44618$3841A$\^function\_.L:1#issueCommand(<function>:124)
	at jdk.nashorn.internal.scripts.Script$Recompilation$44618$3841A$\^function\_.L:1#issueCommand(<function>:124)
	at jdk.nashorn.internal.scripts.Script$Recompilation$44618$3841A$\^function\_.L:1#issueCommand(<function>:124)
	at jdk.nashorn.internal.scripts.Script$Recompilation$44618$3841A$\^function\_.L:1#issueCommand(<function>:124)
	at jdk.nashorn.internal.scripts.Script$Recompilation$44618$3841A$\^function\_.L:1#issueCommand(<function>:124)
	at jdk.nashorn.internal.scripts.Script$Recompilation$44618$3841A$\^function\_.L:1#issueCommand(<function>:124)
	at jdk.nashorn.internal.scripts.Script$Recompilation$44618$3841A$\^function\_.L:1#issueCommand(<function>:124)
	at jdk.nashorn.internal.scripts.Script$Recompilation$44618$3841A$\^function\_.L:1#issueCommand(<function>:124)
	at jdk.nashorn.internal.scripts.Script$Recompilation$44618$3841A$\^function\_.L:1#issueCommand(<function>:124)
	at jdk.nashorn.internal.scripts.Script$Recompilation$44618$3841A$\^function\_.L:1#issueCommand(<function>:124)
	at jdk.nashorn.internal.scripts.Script$Recompilation$44618$3841A$\^function\_.L:1#issueCommand(<function>:124)
	at jdk.nashorn.internal.scripts.Script$Recompilation$44618$3841A$\^function\_.L:1#issueCommand(<function>:124)
	at jdk.nashorn.internal.scripts.Script$Recompilation$44618$3841A$\^function\_.L:1#issueCommand(<function>:124)
	at jdk.nashorn.internal.scripts.Script$Recompilation$44618$3841A$\^function\_.L:1#issueCommand(<function>:124)
	at jdk.nashorn.internal.scripts.Script$Recompilation$44618$3841A$\^function\_.L:1#issueCommand(<function>:124)
	at jdk.nashorn.internal.scripts.Script$Recompilation$44618$3841A$\^function\_.L:1#issueCommand(<function>:124)
	at jdk.nashorn.internal.scripts.Script$Recompilation$44618$3841A$\^function\_.L:1#issueCommand(<function>:124)
	at jdk.nashorn.internal.scripts.Script$Recompilation$44618$3841A$\^function\_.L:1#issueCommand(<function>:124)
	at jdk.nashorn.internal.scripts.Script$Recompilation$44618$3841A$\^function\_.L:1#issueCommand(<function>:124)
	at jdk.nashorn.internal.scripts.Script$Recompilation$44618$3841A$\^function\_.L:1#issueCommand(<function>:124)
	at jdk.nashorn.internal.scripts.Script$Recompilation$44618$3841A$\^function\_.L:1#issueCommand(<function>:124)
	at jdk.nashorn.internal.scripts.Script$Recompilation$44618$3841A$\^function\_.L:1#issueCommand(<function>:124)
	at jdk.nashorn.internal.scripts.Script$Recompilation$44618$3841A$\^function\_.L:1#issueCommand(<function>:124)
	at jdk.nashorn.internal.scripts.Script$Recompilation$44618$3841A$\^function\_.L:1#issueCommand(<function>:124)
	at jdk.nashorn.internal.scripts.Script$Recompilation$44618$3841A$\^function\_.L:1#issueCommand(<function>:124)
	at jdk.nashorn.internal.scripts.Script$Recompilation$44618$3841A$\^function\_.L:1#issueCommand(<function>:124)
	at jdk.nashorn.internal.scripts.Script$Recompilation$44618$3841A$\^function\_.L:1#issueCommand(<function>:124)
	at jdk.nashorn.internal.scripts.Script$Recompilation$44618$3841A$\^function\_.L:1#issueCommand(<function>:124)
	at jdk.nashorn.internal.scripts.Script$Recompilation$44618$3841A$\^function\_.L:1#issueCommand(<function>:124)
	at jdk.nashorn.internal.scripts.Script$Recompilation$44618$3841A$\^function\_.L:1#issueCommand(<function>:124)
	at jdk.nashorn.internal.scripts.Script$Recompilation$44618$3841A$\^function\_.L:1#issueCommand(<function>:124)
	at jdk.nashorn.internal.scripts.Script$Recompilation$44618$3841A$\^function\_.L:1#issueCommand(<function>:124)
	at jdk.nashorn.internal.scripts.Script$Recompilation$44618$3841A$\^function\_.L:1#issueCommand(<function>:124)
	at jdk.nashorn.internal.scripts.Script$Recompilation$44618$3841A$\^function\_.L:1#issueCommand(<function>:124)
	at jdk.nashorn.internal.scripts.Script$Recompilation$44618$3841A$\^function\_.L:1#issueCommand(<function>:124)
	at jdk.nashorn.internal.scripts.Script$Recompilation$44618$3841A$\^function\_.L:1#issueCommand(<function>:124)
	at jdk.nashorn.internal.scripts.Script$Recompilation$44618$3841A$\^function\_.L:1#issueCommand(<function>:124)
	at jdk.nashorn.internal.scripts.Script$Recompilation$44618$3841A$\^function\_.L:1#issueCommand(<function>:124)
	at jdk.nashorn.internal.scripts.Script$Recompilation$44618$3841A$\^function\_.L:1#issueCommand(<function>:124)
	at jdk.nashorn.internal.scripts.Script$Recompilation$44618$3841A$\^function\_.L:1#issueCommand(<function>:124)
	at jdk.nashorn.internal.scripts.Script$Recompilation$44618$3841A$\^function\_.L:1#issueCommand(<function>:124)
	at jdk.nashorn.internal.scripts.Script$Recompilation$44618$3841A$\^function\_.L:1#issueCommand(<function>:124)
	at jdk.nashorn.internal.scripts.Script$Recompilation$44618$3841A$\^function\_.L:1#issueCommand(<function>:124)
	at jdk.nashorn.internal.scripts.Script$Recompilation$44618$3841A$\^function\_.L:1#issueCommand(<function>:124)
	at jdk.nashorn.internal.scripts.Script$Recompilation$44618$3841A$\^function\_.L:1#issueCommand(<function>:124)
	at jdk.nashorn.internal.scripts.Script$Recompilation$44618$3841A$\^function\_.L:1#issueCommand(<function>:124)
	at jdk.nashorn.internal.scripts.Script$Recompilation$44618$3841A$\^function\_.L:1#issueCommand(<function>:124)
	at jdk.nashorn.internal.scripts.Script$Recompilation$44618$3841A$\^function\_.L:1#issueCommand(<function>:124)
	at jdk.nashorn.internal.scripts.Script$Recompilation$44618$3841A$\^function\_.L:1#issueCommand(<function>:124)
	at jdk.nashorn.internal.scripts.Script$Recompilation$44618$3841A$\^function\_.L:1#issueCommand(<function>:124)
	at jdk.nashorn.internal.scripts.Script$Recompilation$44618$3841A$\^function\_.L:1#issueCommand(<function>:124)
	at jdk.nashorn.internal.scripts.Script$Recompilation$44618$3841A$\^function\_.L:1#issueCommand(<function>:124)
	at jdk.nashorn.internal.scripts.Script$Recompilation$44618$3841A$\^function\_.L:1#issueCommand(<function>:124)
	at jdk.nashorn.internal.scripts.Script$Recompilation$44618$3841A$\^function\_.L:1#issueCommand(<function>:124)
	at jdk.nashorn.internal.scripts.Script$Recompilation$44618$3841A$\^function\_.L:1#issueCommand(<function>:124)
	at jdk.nashorn.internal.scripts.Script$Recompilation$44618$3841A$\^function\_.L:1#issueCommand(<function>:124)
	at jdk.nashorn.internal.scripts.Script$Recompilation$44618$3841A$\^function\_.L:1#issueCommand(<function>:124)
	at jdk.nashorn.internal.scripts.Script$Recompilation$44618$3841A$\^function\_.L:1#issueCommand(<function>:124)
	at jdk.nashorn.internal.scripts.Script$Recompilation$44618$3841A$\^function\_.L:1#issueCommand(<function>:124)
	at jdk.nashorn.internal.scripts.Script$Recompilation$44618$3841A$\^function\_.L:1#issueCommand(<function>:124)
	at jdk.nashorn.internal.scripts.Script$Recompilation$44618$3841A$\^function\_.L:1#issueCommand(<function>:124)
	at jdk.nashorn.internal.scripts.Script$Recompilation$44618$3841A$\^function\_.L:1#issueCommand(<function>:124)
	at jdk.nashorn.internal.scripts.Script$Recompilation$44618$3841A$\^function\_.L:1#issueCommand(<function>:124)
	at jdk.nashorn.internal.scripts.Script$Recompilation$44618$3841A$\^function\_.L:1#issueCommand(<function>:124)
	at jdk.nashorn.internal.scripts.Script$Recompilation$44618$3841A$\^function\_.L:1#issueCommand(<function>:124)
	at jdk.nashorn.internal.scripts.Script$Recompilation$44618$3841A$\^function\_.L:1#issueCommand(<function>:124)
	at jdk.nashorn.internal.scripts.Script$Recompilation$44618$3841A$\^function\_.L:1#issueCommand(<function>:124)
	at jdk.nashorn.internal.scripts.Script$Recompilation$44618$3841A$\^function\_.L:1#issueCommand(<function>:124)
	at jdk.nashorn.internal.scripts.Script$Recompilation$44618$3841A$\^function\_.L:1#issueCommand(<function>:124)
	at jdk.nashorn.internal.scripts.Script$Recompilation$44618$3841A$\^function\_.L:1#issueCommand(<function>:124)
	at jdk.nashorn.internal.scripts.Script$Recompilation$44618$3841A$\^function\_.L:1#issueCommand(<function>:124)
	at jdk.nashorn.internal.scripts.Script$Recompilation$44618$3841A$\^function\_.L:1#issueCommand(<function>:124)
	at jdk.nashorn.internal.scripts.Script$Recompilation$44618$3841A$\^function\_.L:1#issueCommand(<function>:124)
	at jdk.nashorn.internal.scripts.Script$Recompilation$44618$3841A$\^function\_.L:1#issueCommand(<function>:124)
	at jdk.nashorn.internal.scripts.Script$Recompilation$44618$3841A$\^function\_.L:1#issueCommand(<function>:124)
	at jdk.nashorn.internal.scripts.Script$Recompilation$44618$3841A$\^function\_.L:1#issueCommand(<function>:124)
	at jdk.nashorn.internal.scripts.Script$Recompilation$44618$3841A$\^function\_.L:1#issueCommand(<function>:124)
	at jdk.nashorn.internal.scripts.Script$Recompilation$44618$3841A$\^function\_.L:1#issueCommand(<function>:124)
	at jdk.nashorn.internal.scripts.Script$Recompilation$44618$3841A$\^function\_.L:1#issueCommand(<function>:124)
	at jdk.nashorn.internal.scripts.Script$Recompilation$44618$3841A$\^function\_.L:1#issueCommand(<function>:124)
	at jdk.nashorn.internal.scripts.Script$Recompilation$44618$3841A$\^function\_.L:1#issueCommand(<function>:124)
	at jdk.nashorn.internal.scripts.Script$Recompilation$44618$3841A$\^function\_.L:1#issueCommand(<function>:124)
	at jdk.nashorn.internal.scripts.Script$Recompilation$44618$3841A$\^function\_.L:1#issueCommand(<function>:124)
	at jdk.nashorn.internal.scripts.Script$Recompilation$44618$3841A$\^function\_.L:1#issueCommand(<function>:124)
	at jdk.nashorn.internal.scripts.Script$Recompilation$44618$3841A$\^function\_.L:1#issueCommand(<function>:124)
	at jdk.nashorn.internal.scripts.Script$Recompilation$44618$3841A$\^function\_.L:1#issueCommand(<function>:124)
	at jdk.nashorn.internal.scripts.Script$Recompilation$44618$3841A$\^function\_.L:1#issueCommand(<function>:124)
	at jdk.nashorn.internal.scripts.Script$Recompilation$44618$3841A$\^function\_.L:1#issueCommand(<function>:124)
	at jdk.nashorn.internal.scripts.Script$Recompilation$44618$3841A$\^function\_.L:1#issueCommand(<function>:124)
	at jdk.nashorn.internal.scripts.Script$Recompilation$44618$3841A$\^function\_.L:1#issueCommand(<function>:124)
	at jdk.nashorn.internal.scripts.Script$Recompilation$44618$3841A$\^function\_.L:1#issueCommand(<function>:124)
	at jdk.nashorn.internal.scripts.Script$Recompilation$44618$3841A$\^function\_.L:1#issueCommand(<function>:124)
	at jdk.nashorn.internal.scripts.Script$Recompilation$44618$3841A$\^function\_.L:1#issueCommand(<function>:124)
	at jdk.nashorn.internal.scripts.Script$Recompilation$44618$3841A$\^function\_.L:1#issueCommand(<function>:124)
	at jdk.nashorn.internal.scripts.Script$Recompilation$44618$3841A$\^function\_.L:1#issueCommand(<function>:124)
	at jdk.nashorn.internal.scripts.Script$Recompilation$44618$3841A$\^function\_.L:1#issueCommand(<function>:124)
	at jdk.nashorn.internal.scripts.Script$Recompilation$44618$3841A$\^function\_.L:1#issueCommand(<function>:124)
	at jdk.nashorn.internal.scripts.Script$Recompilation$44618$3841A$\^function\_.L:1#issueCommand(<function>:124)
	at jdk.nashorn.internal.scripts.Script$Recompilation$44618$3841A$\^function\_.L:1#issueCommand(<function>:124)
	at jdk.nashorn.internal.scripts.Script$Recompilation$44618$3841A$\^function\_.L:1#issueCommand(<function>:124)
	at jdk.nashorn.internal.scripts.Script$Recompilation$44618$3841A$\^function\_.L:1#issueCommand(<function>:124)
	at jdk.nashorn.internal.scripts.Script$Recompilation$44618$3841A$\^function\_.L:1#issueCommand(<function>:124)
	at jdk.nashorn.internal.scripts.Script$Recompilation$44618$3841A$\^function\_.L:1#issueCommand(<function>:124)
	at jdk.nashorn.internal.scripts.Script$Recompilation$44618$3841A$\^function\_.L:1#issueCommand(<function>:124)
	at jdk.nashorn.internal.scripts.Script$Recompilation$44618$3841A$\^function\_.L:1#issueCommand(<function>:124)
	at jdk.nashorn.internal.scripts.Script$Recompilation$44618$3841A$\^function\_.L:1#issueCommand(<function>:124)
	at jdk.nashorn.internal.scripts.Script$Recompilation$44618$3841A$\^function\_.L:1#issueCommand(<function>:124)
	at jdk.nashorn.internal.scripts.Script$Recompilation$44618$3841A$\^function\_.L:1#issueCommand(<function>:124)
	at jdk.nashorn.internal.scripts.Script$Recompilation$44618$3841A$\^function\_.L:1#issueCommand(<function>:124)
	at jdk.nashorn.internal.scripts.Script$Recompilation$44618$3841A$\^function\_.L:1#issueCommand(<function>:124)
	at jdk.nashorn.internal.scripts.Script$Recompilation$44618$3841A$\^function\_.L:1#issueCommand(<function>:124)
	at jdk.nashorn.internal.scripts.Script$Recompilation$44618$3841A$\^function\_.L:1#issueCommand(<function>:124)
	at jdk.nashorn.internal.scripts.Script$Recompilation$44618$3841A$\^function\_.L:1#issueCommand(<function>:124)
	at jdk.nashorn.internal.scripts.Script$Recompilation$44618$3841A$\^function\_.L:1#issueCommand(<function>:124)
	at jdk.nashorn.internal.scripts.Script$Recompilation$44618$3841A$\^function\_.L:1#issueCommand(<function>:124)
	at jdk.nashorn.internal.scripts.Script$Recompilation$44618$3841A$\^function\_.L:1#issueCommand(<function>:124)
	at jdk.nashorn.internal.scripts.Script$Recompilation$44618$3841A$\^function\_.L:1#issueCommand(<function>:124)
	at jdk.nashorn.internal.scripts.Script$Recompilation$44618$3841A$\^function\_.L:1#issueCommand(<function>:124)
	at jdk.nashorn.internal.scripts.Script$Recompilation$44618$3841A$\^function\_.L:1#issueCommand(<function>:124)
	at jdk.nashorn.internal.scripts.Script$Recompilation$44618$3841A$\^function\_.L:1#issueCommand(<function>:124)
	at jdk.nashorn.internal.scripts.Script$Recompilation$44618$3841A$\^function\_.L:1#issueCommand(<function>:124)
	at jdk.nashorn.internal.scripts.Script$Recompilation$44618$3841A$\^function\_.L:1#issueCommand(<function>:124)
	at jdk.nashorn.internal.scripts.Script$Recompilation$44618$3841A$\^function\_.L:1#issueCommand(<function>:124)
	at jdk.nashorn.internal.scripts.Script$Recompilation$44618$3841A$\^function\_.L:1#issueCommand(<function>:124)
	at jdk.nashorn.internal.scripts.Script$Recompilation$44618$3841A$\^function\_.L:1#issueCommand(<function>:124)
	at jdk.nashorn.internal.scripts.Script$Recompilation$44618$3841A$\^function\_.L:1#issueCommand(<function>:124)
	at jdk.nashorn.internal.scripts.Script$Recompilation$44618$3841A$\^function\_.L:1#issueCommand(<function>:124)
	at jdk.nashorn.internal.scripts.Script$Recompilation$44618$3841A$\^function\_.L:1#issueCommand(<function>:124)
	at jdk.nashorn.internal.scripts.Script$Recompilation$44618$3841A$\^function\_.L:1#issueCommand(<function>:124)
	at jdk.nashorn.internal.scripts.Script$Recompilation$44618$3841A$\^function\_.L:1#issueCommand(<function>:124)
	at jdk.nashorn.internal.scripts.Script$Recompilation$44618$3841A$\^function\_.L:1#issueCommand(<function>:124)
	at jdk.nashorn.internal.scripts.Script$Recompilation$44618$3841A$\^function\_.L:1#issueCommand(<function>:124)
	at jdk.nashorn.internal.scripts.Script$Recompilation$44618$3841A$\^function\_.L:1#issueCommand(<function>:124)
	at jdk.nashorn.internal.scripts.Script$Recompilation$44618$3841A$\^function\_.L:1#issueCommand(<function>:124)
	at jdk.nashorn.internal.scripts.Script$Recompilation$44618$3841A$\^function\_.L:1#issueCommand(<function>:124)
	at jdk.nashorn.internal.scripts.Script$Recompilation$44618$3841A$\^function\_.L:1#issueCommand(<function>:124)
	at jdk.nashorn.internal.scripts.Script$Recompilation$44618$3841A$\^function\_.L:1#issueCommand(<function>:124)
	at jdk.nashorn.internal.scripts.Script$Recompilation$44618$3841A$\^function\_.L:1#issueCommand(<function>:124)
	at jdk.nashorn.internal.scripts.Script$Recompilation$44618$3841A$\^function\_.L:1#issueCommand(<function>:124)
	at jdk.nashorn.internal.scripts.Script$Recompilation$44618$3841A$\^function\_.L:1#issueCommand(<function>:124)
	at jdk.nashorn.internal.scripts.Script$Recompilation$44618$3841A$\^function\_.L:1#issueCommand(<function>:124)
	at jdk.nashorn.internal.scripts.Script$Recompilation$44618$3841A$\^function\_.L:1#issueCommand(<function>:124)
	at jdk.nashorn.internal.scripts.Script$Recompilation$44618$3841A$\^function\_.L:1#issueCommand(<function>:124)
	at jdk.nashorn.internal.scripts.Script$Recompilation$44618$3841A$\^function\_.L:1#issueCommand(<function>:124)
	at jdk.nashorn.internal.scripts.Script$Recompilation$44618$3841A$\^function\_.L:1#issueCommand(<function>:124)
	at jdk.nashorn.internal.scripts.Script$Recompilation$44618$3841A$\^function\_.L:1#issueCommand(<function>:124)
	at jdk.nashorn.internal.scripts.Script$Recompilation$44618$3841A$\^function\_.L:1#issueCommand(<function>:124)
	at jdk.nashorn.internal.scripts.Script$Recompilation$44618$3841A$\^function\_.L:1#issueCommand(<function>:124)
	at jdk.nashorn.internal.scripts.Script$Recompilation$44618$3841A$\^function\_.L:1#issueCommand(<function>:124)
	at jdk.nashorn.internal.scripts.Script$Recompilation$44618$3841A$\^function\_.L:1#issueCommand(<function>:124)
	at jdk.nashorn.internal.scripts.Script$Recompilation$44618$3841A$\^function\_.L:1#issueCommand(<function>:124)
	at jdk.nashorn.internal.scripts.Script$Recompilation$44618$3841A$\^function\_.L:1#issueCommand(<function>:124)
	at jdk.nashorn.internal.scripts.Script$Recompilation$44618$3841A$\^function\_.L:1#issueCommand(<function>:124)
	at jdk.nashorn.internal.scripts.Script$Recompilation$44618$3841A$\^function\_.L:1#issueCommand(<function>:124)
	at jdk.nashorn.internal.scripts.Script$Recompilation$44618$3841A$\^function\_.L:1#issueCommand(<function>:124)
	at jdk.nashorn.internal.scripts.Script$Recompilation$44618$3841A$\^function\_.L:1#issueCommand(<function>:124)
	at jdk.nashorn.internal.scripts.Script$Recompilation$44618$3841A$\^function\_.L:1#issueCommand(<function>:124)
	at jdk.nashorn.internal.scripts.Script$Recompilation$44618$3841A$\^function\_.L:1#issueCommand(<function>:124)
	at jdk.nashorn.internal.scripts.Script$Recompilation$44618$3841A$\^function\_.L:1#issueCommand(<function>:124)
	at jdk.nashorn.internal.scripts.Script$Recompilation$44618$3841A$\^function\_.L:1#issueCommand(<function>:124)
	at jdk.nashorn.internal.scripts.Script$Recompilation$44618$3841A$\^function\_.L:1#issueCommand(<function>:124)
	at jdk.nashorn.internal.scripts.Script$Recompilation$44618$3841A$\^function\_.L:1#issueCommand(<function>:124)
	at jdk.nashorn.internal.scripts.Script$Recompilation$44618$3841A$\^function\_.L:1#issueCommand(<function>:124)
	at jdk.nashorn.internal.scripts.Script$Recompilation$44618$3841A$\^function\_.L:1#issueCommand(<function>:124)
	at jdk.nashorn.internal.scripts.Script$Recompilation$44618$3841A$\^function\_.L:1#issueCommand(<function>:124)
	at jdk.nashorn.internal.scripts.Script$Recompilation$44618$3841A$\^function\_.L:1#issueCommand(<function>:124)
	at jdk.nashorn.internal.scripts.Script$Recompilation$44618$3841A$\^function\_.L:1#issueCommand(<function>:124)
	at jdk.nashorn.internal.scripts.Script$Recompilation$44618$3841A$\^function\_.L:1#issueCommand(<function>:124)
	at jdk.nashorn.internal.scripts.Script$Recompilation$44618$3841A$\^function\_.L:1#issueCommand(<function>:124)
	at jdk.nashorn.internal.scripts.Script$Recompilation$44618$3841A$\^function\_.L:1#issueCommand(<function>:124)
	at jdk.nashorn.internal.scripts.Script$Recompilation$44618$3841A$\^function\_.L:1#issueCommand(<function>:124)
	at jdk.nashorn.internal.scripts.Script$Recompilation$44618$3841A$\^function\_.L:1#issueCommand(<function>:124)
	at jdk.nashorn.internal.scripts.Script$Recompilation$44618$3841A$\^function\_.L:1#issueCommand(<function>:124)
	at jdk.nashorn.internal.scripts.Script$Recompilation$44618$3841A$\^function\_.L:1#issueCommand(<function>:124)
	at jdk.nashorn.internal.scripts.Script$Recompilation$44618$3841A$\^function\_.L:1#issueCommand(<function>:124)
	at jdk.nashorn.internal.scripts.Script$Recompilation$44618$3841A$\^function\_.L:1#issueCommand(<function>:124)
	at jdk.nashorn.internal.scripts.Script$Recompilation$44618$3841A$\^function\_.L:1#issueCommand(<function>:124)
	at jdk.nashorn.internal.scripts.Script$Recompilation$44618$3841A$\^function\_.L:1#issueCommand(<function>:124)
	at jdk.nashorn.internal.scripts.Script$Recompilation$44618$3841A$\^function\_.L:1#issueCommand(<function>:124)
	at jdk.nashorn.internal.scripts.Script$Recompilation$44618$3841A$\^function\_.L:1#issueCommand(<function>:124)
	at jdk.nashorn.internal.scripts.Script$Recompilation$44618$3841A$\^function\_.L:1#issueCommand(<function>:124)
	at jdk.nashorn.internal.scripts.Script$Recompilation$44618$3841A$\^function\_.L:1#issueCommand(<function>:124)
	at jdk.nashorn.internal.scripts.Script$Recompilation$44618$3841A$\^function\_.L:1#issueCommand(<function>:124)
	at jdk.nashorn.internal.scripts.Script$Recompilation$44618$3841A$\^function\_.L:1#issueCommand(<function>:124)
	at jdk.nashorn.internal.scripts.Script$Recompilation$44618$3841A$\^function\_.L:1#issueCommand(<function>:124)
	at jdk.nashorn.internal.scripts.Script$Recompilation$44618$3841A$\^function\_.L:1#issueCommand(<function>:124)
	at jdk.nashorn.internal.scripts.Script$Recompilation$44618$3841A$\^function\_.L:1#issueCommand(<function>:124)
	at jdk.nashorn.internal.scripts.Script$Recompilation$44618$3841A$\^function\_.L:1#issueCommand(<function>:124)
	at jdk.nashorn.internal.scripts.Script$Recompilation$44618$3841A$\^function\_.L:1#issueCommand(<function>:124)
	at jdk.nashorn.internal.scripts.Script$Recompilation$44618$3841A$\^function\_.L:1#issueCommand(<function>:124)
	at jdk.nashorn.internal.scripts.Script$Recompilation$44618$3841A$\^function\_.L:1#issueCommand(<function>:124)
	at jdk.nashorn.internal.scripts.Script$Recompilation$44618$3841A$\^function\_.L:1#issueCommand(<function>:124)
	at jdk.nashorn.internal.scripts.Script$Recompilation$44618$3841A$\^function\_.L:1#issueCommand(<function>:124)
	at jdk.nashorn.internal.scripts.Script$Recompilation$44618$3841A$\^function\_.L:1#issueCommand(<function>:124)
	at jdk.nashorn.internal.scripts.Script$Recompilation$44618$3841A$\^function\_.L:1#issueCommand(<function>:124)
	at jdk.nashorn.internal.scripts.Script$Recompilation$44618$3841A$\^function\_.L:1#issueCommand(<function>:124)
	at jdk.nashorn.internal.scripts.Script$Recompilation$44618$3841A$\^function\_.L:1#issueCommand(<function>:124)
	at jdk.nashorn.internal.scripts.Script$Recompilation$44618$3841A$\^function\_.L:1#issueCommand(<function>:124)
	at jdk.nashorn.internal.scripts.Script$Recompilation$44618$3841A$\^function\_.L:1#issueCommand(<function>:124)
	at jdk.nashorn.internal.scripts.Script$Recompilation$44618$3841A$\^function\_.L:1#issueCommand(<function>:124)
	at jdk.nashorn.internal.scripts.Script$Recompilation$44618$3841A$\^function\_.L:1#issueCommand(<function>:124)
	at jdk.nashorn.internal.scripts.Script$Recompilation$44618$3841A$\^function\_.L:1#issueCommand(<function>:124)
	at jdk.nashorn.internal.scripts.Script$Recompilation$44618$3841A$\^function\_.L:1#issueCommand(<function>:124)
	at jdk.nashorn.internal.scripts.Script$Recompilation$44618$3841A$\^function\_.L:1#issueCommand(<function>:124)
	at jdk.nashorn.internal.scripts.Script$Recompilation$44618$3841A$\^function\_.L:1#issueCommand(<function>:124)
	at jdk.nashorn.internal.scripts.Script$Recompilation$44618$3841A$\^function\_.L:1#issueCommand(<function>:124)
	at jdk.nashorn.internal.scripts.Script$Recompilation$44618$3841A$\^function\_.L:1#issueCommand(<function>:124)
	at jdk.nashorn.internal.scripts.Script$Recompilation$44618$3841A$\^function\_.L:1#issueCommand(<function>:124)
	at jdk.nashorn.internal.scripts.Script$Recompilation$44618$3841A$\^function\_.L:1#issueCommand(<function>:124)
	at jdk.nashorn.internal.scripts.Script$Recompilation$44618$3841A$\^function\_.L:1#issueCommand(<function>:124)
	at jdk.nashorn.internal.scripts.Script$Recompilation$44618$3841A$\^function\_.L:1#issueCommand(<function>:124)
	at jdk.nashorn.internal.scripts.Script$Recompilation$44618$3841A$\^function\_.L:1#issueCommand(<function>:124)
	at jdk.nashorn.internal.scripts.Script$Recompilation$44618$3841A$\^function\_.L:1#issueCommand(<function>:124)
	at jdk.nashorn.internal.scripts.Script$Recompilation$44618$3841A$\^function\_.L:1#issueCommand(<function>:124)
	at jdk.nashorn.internal.scripts.Script$Recompilation$44618$3841A$\^function\_.L:1#issueCommand(<function>:124)
	at jdk.nashorn.internal.scripts.Script$Recompilation$44618$3841A$\^function\_.L:1#issueCommand(<function>:124)
	at jdk.nashorn.internal.scripts.Script$Recompilation$44618$3841A$\^function\_.L:1#issueCommand(<function>:124)
	at jdk.nashorn.internal.scripts.Script$Recompilation$44618$3841A$\^function\_.L:1#issueCommand(<function>:124)
	at jdk.nashorn.internal.scripts.Script$Recompilation$44618$3841A$\^function\_.L:1#issueCommand(<function>:124)
	at jdk.nashorn.internal.scripts.Script$Recompilation$44618$3841A$\^function\_.L:1#issueCommand(<function>:124)
	at jdk.nashorn.internal.scripts.Script$Recompilation$44618$3841A$\^function\_.L:1#issueCommand(<function>:124)
	at jdk.nashorn.internal.scripts.Script$Recompilation$44618$3841A$\^function\_.L:1#issueCommand(<function>:124)
	at jdk.nashorn.internal.scripts.Script$Recompilation$44618$3841A$\^function\_.L:1#issueCommand(<function>:124)
	at jdk.nashorn.internal.scripts.Script$Recompilation$44618$3841A$\^function\_.L:1#issueCommand(<function>:124)
 in /home/travis/build/icyphy/ptII/ptolemy/actor/lib/jjs/external/require.js#409:30<eval> at line number 1736 at column number 24
	at jdk.nashorn.api.scripting.NashornScriptEngine.throwAsScriptException(NashornScriptEngine.java:470)
	at jdk.nashorn.api.scripting.NashornScriptEngine.invokeImpl(NashornScriptEngine.java:392)
	at jdk.nashorn.api.scripting.NashornScriptEngine.invokeMethod(NashornScriptEngine.java:199)
	at ptolemy.actor.lib.jjs.JavaScript._invokeMethodInContext(JavaScript.java:2281)
	... 21 more
Caused by: /home/travis/build/icyphy/ptII/ptolemy/actor/lib/jjs/external/require.js#409:30<eval>:1736:24 Error: commonHost.js, react(), invoking a specific handler for "trigger": Exception occurred in input handler for accessor SemanticYelpSearch, which has now has been removed.  Exception was: java.lang.StackOverflowError Stacktrace was: 
java.lang.StackOverflowError
	at jdk.nashorn.internal.runtime.AccessorProperty.getObjectValue(AccessorProperty.java:417)
	at jdk.nashorn.internal.runtime.FindProperty.getObjectValue(FindProperty.java:229)
	at jdk.nashorn.internal.runtime.ScriptObject.get(ScriptObject.java:2860)
	at jdk.nashorn.internal.runtime.ScriptObject.get(ScriptObject.java:2877)
	at jdk.nashorn.internal.scripts.Script$Recompilation$44872$56054A$require.L:1#get(/home/travis/build/icyphy/ptII/ptolemy/actor/lib/jjs/external/require.js#409:30<eval>:1245)
	at jdk.nashorn.internal.scripts.Script$Recompilation$44618$3841A$\^function\_.L:1#issueCommand(<function>:116)
	at jdk.nashorn.internal.scripts.Script$Recompilation$44618$3841A$\^function\_.L:1#issueCommand(<function>:124)
	at jdk.nashorn.internal.scripts.Script$Recompilation$44618$3841A$\^function\_.L:1#issueCommand(<function>:124)
	at jdk.nashorn.internal.scripts.Script$Recompilation$44618$3841A$\^function\_.L:1#issueCommand(<function>:124)
	at jdk.nashorn.internal.scripts.Script$Recompilation$44618$3841A$\^function\_.L:1#issueCommand(<function>:124)
	at jdk.nashorn.internal.scripts.Script$Recompilation$44618$3841A$\^function\_.L:1#issueCommand(<function>:124)
	at jdk.nashorn.internal.scripts.Script$Recompilation$44618$3841A$\^function\_.L:1#issueCommand(<function>:124)
	at jdk.nashorn.internal.scripts.Script$Recompilation$44618$3841A$\^function\_.L:1#issueCommand(<function>:124)
	at jdk.nashorn.internal.scripts.Script$Recompilation$44618$3841A$\^function\_.L:1#issueCommand(<function>:124)
	at jdk.nashorn.internal.scripts.Script$Recompilation$44618$3841A$\^function\_.L:1#issueCommand(<function>:124)
	at jdk.nashorn.internal.scripts.Script$Recompilation$44618$3841A$\^function\_.L:1#issueCommand(<function>:124)
	at jdk.nashorn.internal.scripts.Script$Recompilation$44618$3841A$\^function\_.L:1#issueCommand(<function>:124)
	at jdk.nashorn.internal.scripts.Script$Recompilation$44618$3841A$\^function\_.L:1#issueCommand(<function>:124)
	at jdk.nashorn.internal.scripts.Script$Recompilation$44618$3841A$\^function\_.L:1#issueCommand(<function>:124)
	at jdk.nashorn.internal.scripts.Script$Recompilation$44618$3841A$\^function\_.L:1#issueCommand(<function>:124)
	at jdk.nashorn.internal.scripts.Script$Recompilation$44618$3841A$\^function\_.L:1#issueCommand(<function>:124)
	at jdk.nashorn.internal.scripts.Script$Recompilation$44618$3841A$\^function\_.L:1#issueCommand(<function>:124)
	at jdk.nashorn.internal.scripts.Script$Recompilation$44618$3841A$\^function\_.L:1#issueCommand(<function>:124)
	at jdk.nashorn.internal.scripts.Script$Recompilation$44618$3841A$\^function\_.L:1#issueCommand(<function>:124)
	at jdk.nashorn.internal.scripts.Script$Recompilation$44618$3841A$\^function\_.L:1#issueCommand(<function>:124)
	at jdk.nashorn.internal.scripts.Script$Recompilation$44618$3841A$\^function\_.L:1#issueCommand(<function>:124)
	at jdk.nashorn.internal.scripts.Script$Recompilation$44618$3841A$\^function\_.L:1#issueCommand(<function>:124)
	at jdk.nashorn.internal.scripts.Script$Recompilation$44618$3841A$\^function\_.L:1#issueCommand(<function>:124)
	at jdk.nashorn.internal.scripts.Script$Recompilation$44618$3841A$\^function\_.L:1#issueCommand(<function>:124)
	at jdk.nashorn.internal.scripts.Script$Recompilation$44618$3841A$\^function\_.L:1#issueCommand(<function>:124)
	at jdk.nashorn.internal.scripts.Script$Recompilation$44618$3841A$\^function\_.L:1#issueCommand(<function>:124)
	at jdk.nashorn.internal.scripts.Script$Recompilation$44618$3841A$\^function\_.L:1#issueCommand(<function>:124)
	at jdk.nashorn.internal.scripts.Script$Recompilation$44618$3841A$\^function\_.L:1#issueCommand(<function>:124)
	at jdk.nashorn.internal.scripts.Script$Recompilation$44618$3841A$\^function\_.L:1#issueCommand(<function>:124)
	at jdk.nashorn.internal.scripts.Script$Recompilation$44618$3841A$\^function\_.L:1#issueCommand(<function>:124)
	at jdk.nashorn.internal.scripts.Script$Recompilation$44618$3841A$\^function\_.L:1#issueCommand(<function>:124)
	at jdk.nashorn.internal.scripts.Script$Recompilation$44618$3841A$\^function\_.L:1#issueCommand(<function>:124)
	at jdk.nashorn.internal.scripts.Script$Recompilation$44618$3841A$\^function\_.L:1#issueCommand(<function>:124)
	at jdk.nashorn.internal.scripts.Script$Recompilation$44618$3841A$\^function\_.L:1#issueCommand(<function>:124)
	at jdk.nashorn.internal.scripts.Script$Recompilation$44618$3841A$\^function\_.L:1#issueCommand(<function>:124)
	at jdk.nashorn.internal.scripts.Script$Recompilation$44618$3841A$\^function\_.L:1#issueCommand(<function>:124)
	at jdk.nashorn.internal.scripts.Script$Recompilation$44618$3841A$\^function\_.L:1#issueCommand(<function>:124)
	at jdk.nashorn.internal.scripts.Script$Recompilation$44618$3841A$\^function\_.L:1#issueCommand(<function>:124)
	at jdk.nashorn.internal.scripts.Script$Recompilation$44618$3841A$\^function\_.L:1#issueCommand(<function>:124)
	at jdk.nashorn.internal.scripts.Script$Recompilation$44618$3841A$\^function\_.L:1#issueCommand(<function>:124)
	at jdk.nashorn.internal.scripts.Script$Recompilation$44618$3841A$\^function\_.L:1#issueCommand(<function>:124)
	at jdk.nashorn.internal.scripts.Script$Recompilation$44618$3841A$\^function\_.L:1#issueCommand(<function>:124)
	at jdk.nashorn.internal.scripts.Script$Recompilation$44618$3841A$\^function\_.L:1#issueCommand(<function>:124)
	at jdk.nashorn.internal.scripts.Script$Recompilation$44618$3841A$\^function\_.L:1#issueCommand(<function>:124)
	at jdk.nashorn.internal.scripts.Script$Recompilation$44618$3841A$\^function\_.L:1#issueCommand(<function>:124)
	at jdk.nashorn.internal.scripts.Script$Recompilation$44618$3841A$\^function\_.L:1#issueCommand(<function>:124)
	at jdk.nashorn.internal.scripts.Script$Recompilation$44618$3841A$\^function\_.L:1#issueCommand(<function>:124)
	at jdk.nashorn.internal.scripts.Script$Recompilation$44618$3841A$\^function\_.L:1#issueCommand(<function>:124)
	at jdk.nashorn.internal.scripts.Script$Recompilation$44618$3841A$\^function\_.L:1#issueCommand(<function>:124)
	at jdk.nashorn.internal.scripts.Script$Recompilation$44618$3841A$\^function\_.L:1#issueCommand(<function>:124)
	at jdk.nashorn.internal.scripts.Script$Recompilation$44618$3841A$\^function\_.L:1#issueCommand(<function>:124)
	at jdk.nashorn.internal.scripts.Script$Recompilation$44618$3841A$\^function\_.L:1#issueCommand(<function>:124)
	at jdk.nashorn.internal.scripts.Script$Recompilation$44618$3841A$\^function\_.L:1#issueCommand(<function>:124)
	at jdk.nashorn.internal.scripts.Script$Recompilation$44618$3841A$\^function\_.L:1#issueCommand(<function>:124)
	at jdk.nashorn.internal.scripts.Script$Recompilation$44618$3841A$\^function\_.L:1#issueCommand(<function>:124)
	at jdk.nashorn.internal.scripts.Script$Recompilation$44618$3841A$\^function\_.L:1#issueCommand(<function>:124)
	at jdk.nashorn.internal.scripts.Script$Recompilation$44618$3841A$\^function\_.L:1#issueCommand(<function>:124)
	at jdk.nashorn.internal.scripts.Script$Recompilation$44618$3841A$\^function\_.L:1#issueCommand(<function>:124)
	at jdk.nashorn.internal.scripts.Script$Recompilation$44618$3841A$\^function\_.L:1#issueCommand(<function>:124)
	at jdk.nashorn.internal.scripts.Script$Recompilation$44618$3841A$\^function\_.L:1#issueCommand(<function>:124)
	at jdk.nashorn.internal.scripts.Script$Recompilation$44618$3841A$\^function\_.L:1#issueCommand(<function>:124)
	at jdk.nashorn.internal.scripts.Script$Recompilation$44618$3841A$\^function\_.L:1#issueCommand(<function>:124)
	at jdk.nashorn.internal.scripts.Script$Recompilation$44618$3841A$\^function\_.L:1#issueCommand(<function>:124)
	at jdk.nashorn.internal.scripts.Script$Recompilation$44618$3841A$\^function\_.L:1#issueCommand(<function>:124)
	at jdk.nashorn.internal.scripts.Script$Recompilation$44618$3841A$\^function\_.L:1#issueCommand(<function>:124)
	at jdk.nashorn.internal.scripts.Script$Recompilation$44618$3841A$\^function\_.L:1#issueCommand(<function>:124)
	at jdk.nashorn.internal.scripts.Script$Recompilation$44618$3841A$\^function\_.L:1#issueCommand(<function>:124)
	at jdk.nashorn.internal.scripts.Script$Recompilation$44618$3841A$\^function\_.L:1#issueCommand(<function>:124)
	at jdk.nashorn.internal.scripts.Script$Recompilation$44618$3841A$\^function\_.L:1#issueCommand(<function>:124)
	at jdk.nashorn.internal.scripts.Script$Recompilation$44618$3841A$\^function\_.L:1#issueCommand(<function>:124)
	at jdk.nashorn.internal.scripts.Script$Recompilation$44618$3841A$\^function\_.L:1#issueCommand(<function>:124)
	at jdk.nashorn.internal.scripts.Script$Recompilation$44618$3841A$\^function\_.L:1#issueCommand(<function>:124)
	at jdk.nashorn.internal.scripts.Script$Recompilation$44618$3841A$\^function\_.L:1#issueCommand(<function>:124)
	at jdk.nashorn.internal.scripts.Script$Recompilation$44618$3841A$\^function\_.L:1#issueCommand(<function>:124)
	at jdk.nashorn.internal.scripts.Script$Recompilation$44618$3841A$\^function\_.L:1#issueCommand(<function>:124)
	at jdk.nashorn.internal.scripts.Script$Recompilation$44618$3841A$\^function\_.L:1#issueCommand(<function>:124)
	at jdk.nashorn.internal.scripts.Script$Recompilation$44618$3841A$\^function\_.L:1#issueCommand(<function>:124)
	at jdk.nashorn.internal.scripts.Script$Recompilation$44618$3841A$\^function\_.L:1#issueCommand(<function>:124)
	at jdk.nashorn.internal.scripts.Script$Recompilation$44618$3841A$\^function\_.L:1#issueCommand(<function>:124)
	at jdk.nashorn.internal.scripts.Script$Recompilation$44618$3841A$\^function\_.L:1#issueCommand(<function>:124)
	at jdk.nashorn.internal.scripts.Script$Recompilation$44618$3841A$\^function\_.L:1#issueCommand(<function>:124)
	at jdk.nashorn.internal.scripts.Script$Recompilation$44618$3841A$\^function\_.L:1#issueCommand(<function>:124)
	at jdk.nashorn.internal.scripts.Script$Recompilation$44618$3841A$\^function\_.L:1#issueCommand(<function>:124)
	at jdk.nashorn.internal.scripts.Script$Recompilation$44618$3841A$\^function\_.L:1#issueCommand(<function>:124)
	at jdk.nashorn.internal.scripts.Script$Recompilation$44618$3841A$\^function\_.L:1#issueCommand(<function>:124)
	at jdk.nashorn.internal.scripts.Script$Recompilation$44618$3841A$\^function\_.L:1#issueCommand(<function>:124)
	at jdk.nashorn.internal.scripts.Script$Recompilation$44618$3841A$\^function\_.L:1#issueCommand(<function>:124)
	at jdk.nashorn.internal.scripts.Script$Recompilation$44618$3841A$\^function\_.L:1#issueCommand(<function>:124)
	at jdk.nashorn.internal.scripts.Script$Recompilation$44618$3841A$\^function\_.L:1#issueCommand(<function>:124)
	at jdk.nashorn.internal.scripts.Script$Recompilation$44618$3841A$\^function\_.L:1#issueCommand(<function>:124)
	at jdk.nashorn.internal.scripts.Script$Recompilation$44618$3841A$\^function\_.L:1#issueCommand(<function>:124)
	at jdk.nashorn.internal.scripts.Script$Recompilation$44618$3841A$\^function\_.L:1#issueCommand(<function>:124)
	at jdk.nashorn.internal.scripts.Script$Recompilation$44618$3841A$\^function\_.L:1#issueCommand(<function>:124)
	at jdk.nashorn.internal.scripts.Script$Recompilation$44618$3841A$\^function\_.L:1#issueCommand(<function>:124)
	at jdk.nashorn.internal.scripts.Script$Recompilation$44618$3841A$\^function\_.L:1#issueCommand(<function>:124)
	at jdk.nashorn.internal.scripts.Script$Recompilation$44618$3841A$\^function\_.L:1#issueCommand(<function>:124)
	at jdk.nashorn.internal.scripts.Script$Recompilation$44618$3841A$\^function\_.L:1#issueCommand(<function>:124)
	at jdk.nashorn.internal.scripts.Script$Recompilation$44618$3841A$\^function\_.L:1#issueCommand(<function>:124)
	at jdk.nashorn.internal.scripts.Script$Recompilation$44618$3841A$\^function\_.L:1#issueCommand(<function>:124)
	at jdk.nashorn.internal.scripts.Script$Recompilation$44618$3841A$\^function\_.L:1#issueCommand(<function>:124)
	at jdk.nashorn.internal.scripts.Script$Recompilation$44618$3841A$\^function\_.L:1#issueCommand(<function>:124)
	at jdk.nashorn.internal.scripts.Script$Recompilation$44618$3841A$\^function\_.L:1#issueCommand(<function>:124)
	at jdk.nashorn.internal.scripts.Script$Recompilation$44618$3841A$\^function\_.L:1#issueCommand(<function>:124)
	at jdk.nashorn.internal.scripts.Script$Recompilation$44618$3841A$\^function\_.L:1#issueCommand(<function>:124)
	at jdk.nashorn.internal.scripts.Script$Recompilation$44618$3841A$\^function\_.L:1#issueCommand(<function>:124)
	at jdk.nashorn.internal.scripts.Script$Recompilation$44618$3841A$\^function\_.L:1#issueCommand(<function>:124)
	at jdk.nashorn.internal.scripts.Script$Recompilation$44618$3841A$\^function\_.L:1#issueCommand(<function>:124)
	at jdk.nashorn.internal.scripts.Script$Recompilation$44618$3841A$\^function\_.L:1#issueCommand(<function>:124)
	at jdk.nashorn.internal.scripts.Script$Recompilation$44618$3841A$\^function\_.L:1#issueCommand(<function>:124)
	at jdk.nashorn.internal.scripts.Script$Recompilation$44618$3841A$\^function\_.L:1#issueCommand(<function>:124)
	at jdk.nashorn.internal.scripts.Script$Recompilation$44618$3841A$\^function\_.L:1#issueCommand(<function>:124)
	at jdk.nashorn.internal.scripts.Script$Recompilation$44618$3841A$\^function\_.L:1#issueCommand(<function>:124)
	at jdk.nashorn.internal.scripts.Script$Recompilation$44618$3841A$\^function\_.L:1#issueCommand(<function>:124)
	at jdk.nashorn.internal.scripts.Script$Recompilation$44618$3841A$\^function\_.L:1#issueCommand(<function>:124)
	at jdk.nashorn.internal.scripts.Script$Recompilation$44618$3841A$\^function\_.L:1#issueCommand(<function>:124)
	at jdk.nashorn.internal.scripts.Script$Recompilation$44618$3841A$\^function\_.L:1#issueCommand(<function>:124)
	at jdk.nashorn.internal.scripts.Script$Recompilation$44618$3841A$\^function\_.L:1#issueCommand(<function>:124)
	at jdk.nashorn.internal.scripts.Script$Recompilation$44618$3841A$\^function\_.L:1#issueCommand(<function>:124)
	at jdk.nashorn.internal.scripts.Script$Recompilation$44618$3841A$\^function\_.L:1#issueCommand(<function>:124)
	at jdk.nashorn.internal.scripts.Script$Recompilation$44618$3841A$\^function\_.L:1#issueCommand(<function>:124)
	at jdk.nashorn.internal.scripts.Script$Recompilation$44618$3841A$\^function\_.L:1#issueCommand(<function>:124)
	at jdk.nashorn.internal.scripts.Script$Recompilation$44618$3841A$\^function\_.L:1#issueCommand(<function>:124)
	at jdk.nashorn.internal.scripts.Script$Recompilation$44618$3841A$\^function\_.L:1#issueCommand(<function>:124)
	at jdk.nashorn.internal.scripts.Script$Recompilation$44618$3841A$\^function\_.L:1#issueCommand(<function>:124)
	at jdk.nashorn.internal.scripts.Script$Recompilation$44618$3841A$\^function\_.L:1#issueCommand(<function>:124)
	at jdk.nashorn.internal.scripts.Script$Recompilation$44618$3841A$\^function\_.L:1#issueCommand(<function>:124)
	at jdk.nashorn.internal.scripts.Script$Recompilation$44618$3841A$\^function\_.L:1#issueCommand(<function>:124)
	at jdk.nashorn.internal.scripts.Script$Recompilation$44618$3841A$\^function\_.L:1#issueCommand(<function>:124)
	at jdk.nashorn.internal.scripts.Script$Recompilation$44618$3841A$\^function\_.L:1#issueCommand(<function>:124)
	at jdk.nashorn.internal.scripts.Script$Recompilation$44618$3841A$\^function\_.L:1#issueCommand(<function>:124)
	at jdk.nashorn.internal.scripts.Script$Recompilation$44618$3841A$\^function\_.L:1#issueCommand(<function>:124)
	at jdk.nashorn.internal.scripts.Script$Recompilation$44618$3841A$\^function\_.L:1#issueCommand(<function>:124)
	at jdk.nashorn.internal.scripts.Script$Recompilation$44618$3841A$\^function\_.L:1#issueCommand(<function>:124)
	at jdk.nashorn.internal.scripts.Script$Recompilation$44618$3841A$\^function\_.L:1#issueCommand(<function>:124)
	at jdk.nashorn.internal.scripts.Script$Recompilation$44618$3841A$\^function\_.L:1#issueCommand(<function>:124)
	at jdk.nashorn.internal.scripts.Script$Recompilation$44618$3841A$\^function\_.L:1#issueCommand(<function>:124)
	at jdk.nashorn.internal.scripts.Script$Recompilation$44618$3841A$\^function\_.L:1#issueCommand(<function>:124)
	at jdk.nashorn.internal.scripts.Script$Recompilation$44618$3841A$\^function\_.L:1#issueCommand(<function>:124)
	at jdk.nashorn.internal.scripts.Script$Recompilation$44618$3841A$\^function\_.L:1#issueCommand(<function>:124)
	at jdk.nashorn.internal.scripts.Script$Recompilation$44618$3841A$\^function\_.L:1#issueCommand(<function>:124)
	at jdk.nashorn.internal.scripts.Script$Recompilation$44618$3841A$\^function\_.L:1#issueCommand(<function>:124)
	at jdk.nashorn.internal.scripts.Script$Recompilation$44618$3841A$\^function\_.L:1#issueCommand(<function>:124)
	at jdk.nashorn.internal.scripts.Script$Recompilation$44618$3841A$\^function\_.L:1#issueCommand(<function>:124)
	at jdk.nashorn.internal.scripts.Script$Recompilation$44618$3841A$\^function\_.L:1#issueCommand(<function>:124)
	at jdk.nashorn.internal.scripts.Script$Recompilation$44618$3841A$\^function\_.L:1#issueCommand(<function>:124)
	at jdk.nashorn.internal.scripts.Script$Recompilation$44618$3841A$\^function\_.L:1#issueCommand(<function>:124)
	at jdk.nashorn.internal.scripts.Script$Recompilation$44618$3841A$\^function\_.L:1#issueCommand(<function>:124)
	at jdk.nashorn.internal.scripts.Script$Recompilation$44618$3841A$\^function\_.L:1#issueCommand(<function>:124)
	at jdk.nashorn.internal.scripts.Script$Recompilation$44618$3841A$\^function\_.L:1#issueCommand(<function>:124)
	at jdk.nashorn.internal.scripts.Script$Recompilation$44618$3841A$\^function\_.L:1#issueCommand(<function>:124)
	at jdk.nashorn.internal.scripts.Script$Recompilation$44618$3841A$\^function\_.L:1#issueCommand(<function>:124)
	at jdk.nashorn.internal.scripts.Script$Recompilation$44618$3841A$\^function\_.L:1#issueCommand(<function>:124)
	at jdk.nashorn.internal.scripts.Script$Recompilation$44618$3841A$\^function\_.L:1#issueCommand(<function>:124)
	at jdk.nashorn.internal.scripts.Script$Recompilation$44618$3841A$\^function\_.L:1#issueCommand(<function>:124)
	at jdk.nashorn.internal.scripts.Script$Recompilation$44618$3841A$\^function\_.L:1#issueCommand(<function>:124)
	at jdk.nashorn.internal.scripts.Script$Recompilation$44618$3841A$\^function\_.L:1#issueCommand(<function>:124)
	at jdk.nashorn.internal.scripts.Script$Recompilation$44618$3841A$\^function\_.L:1#issueCommand(<function>:124)
	at jdk.nashorn.internal.scripts.Script$Recompilation$44618$3841A$\^function\_.L:1#issueCommand(<function>:124)
	at jdk.nashorn.internal.scripts.Script$Recompilation$44618$3841A$\^function\_.L:1#issueCommand(<function>:124)
	at jdk.nashorn.internal.scripts.Script$Recompilation$44618$3841A$\^function\_.L:1#issueCommand(<function>:124)
	at jdk.nashorn.internal.scripts.Script$Recompilation$44618$3841A$\^function\_.L:1#issueCommand(<function>:124)
	at jdk.nashorn.internal.scripts.Script$Recompilation$44618$3841A$\^function\_.L:1#issueCommand(<function>:124)
	at jdk.nashorn.internal.scripts.Script$Recompilation$44618$3841A$\^function\_.L:1#issueCommand(<function>:124)
	at jdk.nashorn.internal.scripts.Script$Recompilation$44618$3841A$\^function\_.L:1#issueCommand(<function>:124)
	at jdk.nashorn.internal.scripts.Script$Recompilation$44618$3841A$\^function\_.L:1#issueCommand(<function>:124)
	at jdk.nashorn.internal.scripts.Script$Recompilation$44618$3841A$\^function\_.L:1#issueCommand(<function>:124)
	at jdk.nashorn.internal.scripts.Script$Recompilation$44618$3841A$\^function\_.L:1#issueCommand(<function>:124)
	at jdk.nashorn.internal.scripts.Script$Recompilation$44618$3841A$\^function\_.L:1#issueCommand(<function>:124)
	at jdk.nashorn.internal.scripts.Script$Recompilation$44618$3841A$\^function\_.L:1#issueCommand(<function>:124)
	at jdk.nashorn.internal.scripts.Script$Recompilation$44618$3841A$\^function\_.L:1#issueCommand(<function>:124)
	at jdk.nashorn.internal.scripts.Script$Recompilation$44618$3841A$\^function\_.L:1#issueCommand(<function>:124)
	at jdk.nashorn.internal.scripts.Script$Recompilation$44618$3841A$\^function\_.L:1#issueCommand(<function>:124)
	at jdk.nashorn.internal.scripts.Script$Recompilation$44618$3841A$\^function\_.L:1#issueCommand(<function>:124)
	at jdk.nashorn.internal.scripts.Script$Recompilation$44618$3841A$\^function\_.L:1#issueCommand(<function>:124)
	at jdk.nashorn.internal.scripts.Script$Recompilation$44618$3841A$\^function\_.L:1#issueCommand(<function>:124)
	at jdk.nashorn.internal.scripts.Script$Recompilation$44618$3841A$\^function\_.L:1#issueCommand(<function>:124)
	at jdk.nashorn.internal.scripts.Script$Recompilation$44618$3841A$\^function\_.L:1#issueCommand(<function>:124)
	at jdk.nashorn.internal.scripts.Script$Recompilation$44618$3841A$\^function\_.L:1#issueCommand(<function>:124)
	at jdk.nashorn.internal.scripts.Script$Recompilation$44618$3841A$\^function\_.L:1#issueCommand(<function>:124)
	at jdk.nashorn.internal.scripts.Script$Recompilation$44618$3841A$\^function\_.L:1#issueCommand(<function>:124)
	at jdk.nashorn.internal.scripts.Script$Recompilation$44618$3841A$\^function\_.L:1#issueCommand(<function>:124)
	at jdk.nashorn.internal.scripts.Script$Recompilation$44618$3841A$\^function\_.L:1#issueCommand(<function>:124)
	at jdk.nashorn.internal.scripts.Script$Recompilation$44618$3841A$\^function\_.L:1#issueCommand(<function>:124)
	at jdk.nashorn.internal.scripts.Script$Recompilation$44618$3841A$\^function\_.L:1#issueCommand(<function>:124)
	at jdk.nashorn.internal.scripts.Script$Recompilation$44618$3841A$\^function\_.L:1#issueCommand(<function>:124)
	at jdk.nashorn.internal.scripts.Script$Recompilation$44618$3841A$\^function\_.L:1#issueCommand(<function>:124)
	at jdk.nashorn.internal.scripts.Script$Recompilation$44618$3841A$\^function\_.L:1#issueCommand(<function>:124)
	at jdk.nashorn.internal.scripts.Script$Recompilation$44618$3841A$\^function\_.L:1#issueCommand(<function>:124)
	at jdk.nashorn.internal.scripts.Script$Recompilation$44618$3841A$\^function\_.L:1#issueCommand(<function>:124)
	at jdk.nashorn.internal.scripts.Script$Recompilation$44618$3841A$\^function\_.L:1#issueCommand(<function>:124)
	at jdk.nashorn.internal.scripts.Script$Recompilation$44618$3841A$\^function\_.L:1#issueCommand(<function>:124)
	at jdk.nashorn.internal.scripts.Script$Recompilation$44618$3841A$\^function\_.L:1#issueCommand(<function>:124)
	at jdk.nashorn.internal.scripts.Script$Recompilation$44618$3841A$\^function\_.L:1#issueCommand(<function>:124)
	at jdk.nashorn.internal.scripts.Script$Recompilation$44618$3841A$\^function\_.L:1#issueCommand(<function>:124)
	at jdk.nashorn.internal.scripts.Script$Recompilation$44618$3841A$\^function\_.L:1#issueCommand(<function>:124)
	at jdk.nashorn.internal.scripts.Script$Recompilation$44618$3841A$\^function\_.L:1#issueCommand(<function>:124)
	at jdk.nashorn.internal.scripts.Script$Recompilation$44618$3841A$\^function\_.L:1#issueCommand(<function>:124)
	at jdk.nashorn.internal.scripts.Script$Recompilation$44618$3841A$\^function\_.L:1#issueCommand(<function>:124)
	at jdk.nashorn.internal.scripts.Script$Recompilation$44618$3841A$\^function\_.L:1#issueCommand(<function>:124)
	at jdk.nashorn.internal.scripts.Script$Recompilation$44618$3841A$\^function\_.L:1#issueCommand(<function>:124)
	at jdk.nashorn.internal.scripts.Script$Recompilation$44618$3841A$\^function\_.L:1#issueCommand(<function>:124)
	at jdk.nashorn.internal.scripts.Script$Recompilation$44618$3841A$\^function\_.L:1#issueCommand(<function>:124)
	at jdk.nashorn.internal.scripts.Script$Recompilation$44618$3841A$\^function\_.L:1#issueCommand(<function>:124)
	at jdk.nashorn.internal.scripts.Script$Recompilation$44618$3841A$\^function\_.L:1#issueCommand(<function>:124)
	at jdk.nashorn.internal.scripts.Script$Recompilation$44618$3841A$\^function\_.L:1#issueCommand(<function>:124)
	at jdk.nashorn.internal.scripts.Script$Recompilation$44618$3841A$\^function\_.L:1#issueCommand(<function>:124)
	at jdk.nashorn.internal.scripts.Script$Recompilation$44618$3841A$\^function\_.L:1#issueCommand(<function>:124)
	at jdk.nashorn.internal.scripts.Script$Recompilation$44618$3841A$\^function\_.L:1#issueCommand(<function>:124)
	at jdk.nashorn.internal.scripts.Script$Recompilation$44618$3841A$\^function\_.L:1#issueCommand(<function>:124)
	at jdk.nashorn.internal.scripts.Script$Recompilation$44618$3841A$\^function\_.L:1#issueCommand(<function>:124)
	at jdk.nashorn.internal.scripts.Script$Recompilation$44618$3841A$\^function\_.L:1#issueCommand(<function>:124)
	at jdk.nashorn.internal.scripts.Script$Recompilation$44618$3841A$\^function\_.L:1#issueCommand(<function>:124)
	at jdk.nashorn.internal.scripts.Script$Recompilation$44618$3841A$\^function\_.L:1#issueCommand(<function>:124)
	at jdk.nashorn.internal.scripts.Script$Recompilation$44618$3841A$\^function\_.L:1#issueCommand(<function>:124)
	at jdk.nashorn.internal.scripts.Script$Recompilation$44618$3841A$\^function\_.L:1#issueCommand(<function>:124)
	at jdk.nashorn.internal.scripts.Script$Recompilation$44618$3841A$\^function\_.L:1#issueCommand(<function>:124)
	at jdk.nashorn.internal.scripts.Script$Recompilation$44618$3841A$\^function\_.L:1#issueCommand(<function>:124)
	at jdk.nashorn.internal.scripts.Script$Recompilation$44618$3841A$\^function\_.L:1#issueCommand(<function>:124)
	at jdk.nashorn.internal.scripts.Script$Recompilation$44618$3841A$\^function\_.L:1#issueCommand(<function>:124)
	at jdk.nashorn.internal.scripts.Script$Recompilation$44618$3841A$\^function\_.L:1#issueCommand(<function>:124)
	at jdk.nashorn.internal.scripts.Script$Recompilation$44618$3841A$\^function\_.L:1#issueCommand(<function>:124)
	at jdk.nashorn.internal.scripts.Script$Recompilation$44618$3841A$\^function\_.L:1#issueCommand(<function>:124)
	at jdk.nashorn.internal.scripts.Script$Recompilation$44618$3841A$\^function\_.L:1#issueCommand(<function>:124)
	at jdk.nashorn.internal.scripts.Script$Recompilation$44618$3841A$\^function\_.L:1#issueCommand(<function>:124)
	at jdk.nashorn.internal.scripts.Script$Recompilation$44618$3841A$\^function\_.L:1#issueCommand(<function>:124)
	at jdk.nashorn.internal.scripts.Script$Recompilation$44618$3841A$\^function\_.L:1#issueCommand(<function>:124)
	at jdk.nashorn.internal.scripts.Script$Recompilation$44618$3841A$\^function\_.L:1#issueCommand(<function>:124)
	at jdk.nashorn.internal.scripts.Script$Recompilation$44618$3841A$\^function\_.L:1#issueCommand(<function>:124)
	at jdk.nashorn.internal.scripts.Script$Recompilation$44618$3841A$\^function\_.L:1#issueCommand(<function>:124)
	at jdk.nashorn.internal.scripts.Script$Recompilation$44618$3841A$\^function\_.L:1#issueCommand(<function>:124)
	at jdk.nashorn.internal.scripts.Script$Recompilation$44618$3841A$\^function\_.L:1#issueCommand(<function>:124)
	at jdk.nashorn.internal.scripts.Script$Recompilation$44618$3841A$\^function\_.L:1#issueCommand(<function>:124)
	at jdk.nashorn.internal.scripts.Script$Recompilation$44618$3841A$\^function\_.L:1#issueCommand(<function>:124)
	at jdk.nashorn.internal.scripts.Script$Recompilation$44618$3841A$\^function\_.L:1#issueCommand(<function>:124)
	at jdk.nashorn.internal.scripts.Script$Recompilation$44618$3841A$\^function\_.L:1#issueCommand(<function>:124)
	at jdk.nashorn.internal.scripts.Script$Recompilation$44618$3841A$\^function\_.L:1#issueCommand(<function>:124)
	at jdk.nashorn.internal.scripts.Script$Recompilation$44618$3841A$\^function\_.L:1#issueCommand(<function>:124)
	at jdk.nashorn.internal.scripts.Script$Recompilation$44618$3841A$\^function\_.L:1#issueCommand(<function>:124)
	at jdk.nashorn.internal.scripts.Script$Recompilation$44618$3841A$\^function\_.L:1#issueCommand(<function>:124)
	at jdk.nashorn.internal.scripts.Script$Recompilation$44618$3841A$\^function\_.L:1#issueCommand(<function>:124)
	at jdk.nashorn.internal.scripts.Script$Recompilation$44618$3841A$\^function\_.L:1#issueCommand(<function>:124)
	at jdk.nashorn.internal.scripts.Script$Recompilation$44618$3841A$\^function\_.L:1#issueCommand(<function>:124)
	at jdk.nashorn.internal.scripts.Script$Recompilation$44618$3841A$\^function\_.L:1#issueCommand(<function>:124)
	at jdk.nashorn.internal.scripts.Script$Recompilation$44618$3841A$\^function\_.L:1#issueCommand(<function>:124)
	at jdk.nashorn.internal.scripts.Script$Recompilation$44618$3841A$\^function\_.L:1#issueCommand(<function>:124)
	at jdk.nashorn.internal.scripts.Script$Recompilation$44618$3841A$\^function\_.L:1#issueCommand(<function>:124)
	at jdk.nashorn.internal.scripts.Script$Recompilation$44618$3841A$\^function\_.L:1#issueCommand(<function>:124)
	at jdk.nashorn.internal.scripts.Script$Recompilation$44618$3841A$\^function\_.L:1#issueCommand(<function>:124)
	at jdk.nashorn.internal.scripts.Script$Recompilation$44618$3841A$\^function\_.L:1#issueCommand(<function>:124)
	at jdk.nashorn.internal.scripts.Script$Recompilation$44618$3841A$\^function\_.L:1#issueCommand(<function>:124)
	at jdk.nashorn.internal.scripts.Script$Recompilation$44618$3841A$\^function\_.L:1#issueCommand(<function>:124)
	at jdk.nashorn.internal.scripts.Script$Recompilation$44618$3841A$\^function\_.L:1#issueCommand(<function>:124)
	at jdk.nashorn.internal.scripts.Script$Recompilation$44618$3841A$\^function\_.L:1#issueCommand(<function>:124)
	at jdk.nashorn.internal.scripts.Script$Recompilation$44618$3841A$\^function\_.L:1#issueCommand(<function>:124)
	at jdk.nashorn.internal.scripts.Script$Recompilation$44618$3841A$\^function\_.L:1#issueCommand(<function>:124)
	at jdk.nashorn.internal.scripts.Script$Recompilation$44618$3841A$\^function\_.L:1#issueCommand(<function>:124)
	at jdk.nashorn.internal.scripts.Script$Recompilation$44618$3841A$\^function\_.L:1#issueCommand(<function>:124)
	at jdk.nashorn.internal.scripts.Script$Recompilation$44618$3841A$\^function\_.L:1#issueCommand(<function>:124)
	at jdk.nashorn.internal.scripts.Script$Recompilation$44618$3841A$\^function\_.L:1#issueCommand(<function>:124)
	at jdk.nashorn.internal.scripts.Script$Recompilation$44618$3841A$\^function\_.L:1#issueCommand(<function>:124)
	at jdk.nashorn.internal.scripts.Script$Recompilation$44618$3841A$\^function\_.L:1#issueCommand(<function>:124)
	at jdk.nashorn.internal.scripts.Script$Recompilation$44618$3841A$\^function\_.L:1#issueCommand(<function>:124)
	at jdk.nashorn.internal.scripts.Script$Recompilation$44618$3841A$\^function\_.L:1#issueCommand(<function>:124)
	at jdk.nashorn.internal.scripts.Script$Recompilation$44618$3841A$\^function\_.L:1#issueCommand(<function>:124)
	at jdk.nashorn.internal.scripts.Script$Recompilation$44618$3841A$\^function\_.L:1#issueCommand(<function>:124)
	at jdk.nashorn.internal.scripts.Script$Recompilation$44618$3841A$\^function\_.L:1#issueCommand(<function>:124)
	at jdk.nashorn.internal.scripts.Script$Recompilation$44618$3841A$\^function\_.L:1#issueCommand(<function>:124)
	at jdk.nashorn.internal.scripts.Script$Recompilation$44618$3841A$\^function\_.L:1#issueCommand(<function>:124)
	at jdk.nashorn.internal.scripts.Script$Recompilation$44618$3841A$\^function\_.L:1#issueCommand(<function>:124)
	at jdk.nashorn.internal.scripts.Script$Recompilation$44618$3841A$\^function\_.L:1#issueCommand(<function>:124)
	at jdk.nashorn.internal.scripts.Script$Recompilation$44618$3841A$\^function\_.L:1#issueCommand(<function>:124)
	at jdk.nashorn.internal.scripts.Script$Recompilation$44618$3841A$\^function\_.L:1#issueCommand(<function>:124)
	at jdk.nashorn.internal.scripts.Script$Recompilation$44618$3841A$\^function\_.L:1#issueCommand(<function>:124)
	at jdk.nashorn.internal.scripts.Script$Recompilation$44618$3841A$\^function\_.L:1#issueCommand(<function>:124)
	at jdk.nashorn.internal.scripts.Script$Recompilation$44618$3841A$\^function\_.L:1#issueCommand(<function>:124)
	at jdk.nashorn.internal.scripts.Script$Recompilation$44618$3841A$\^function\_.L:1#issueCommand(<function>:124)
	at jdk.nashorn.internal.scripts.Script$Recompilation$44618$3841A$\^function\_.L:1#issueCommand(<function>:124)
	at jdk.nashorn.internal.scripts.Script$Recompilation$44618$3841A$\^function\_.L:1#issueCommand(<function>:124)
	at jdk.nashorn.internal.scripts.Script$Recompilation$44618$3841A$\^function\_.L:1#issueCommand(<function>:124)
	at jdk.nashorn.internal.scripts.Script$Recompilation$44618$3841A$\^function\_.L:1#issueCommand(<function>:124)
	at jdk.nashorn.internal.scripts.Script$Recompilation$44618$3841A$\^function\_.L:1#issueCommand(<function>:124)
	at jdk.nashorn.internal.scripts.Script$Recompilation$44618$3841A$\^function\_.L:1#issueCommand(<function>:124)
	at jdk.nashorn.internal.scripts.Script$Recompilation$44618$3841A$\^function\_.L:1#issueCommand(<function>:124)
	at jdk.nashorn.internal.scripts.Script$Recompilation$44618$3841A$\^function\_.L:1#issueCommand(<function>:124)
	at jdk.nashorn.internal.scripts.Script$Recompilation$44618$3841A$\^function\_.L:1#issueCommand(<function>:124)
	at jdk.nashorn.internal.scripts.Script$Recompilation$44618$3841A$\^function\_.L:1#issueCommand(<function>:124)
	at jdk.nashorn.internal.scripts.Script$Recompilation$44618$3841A$\^function\_.L:1#issueCommand(<function>:124)
	at jdk.nashorn.internal.scripts.Script$Recompilation$44618$3841A$\^function\_.L:1#issueCommand(<function>:124)
	at jdk.nashorn.internal.scripts.Script$Recompilation$44618$3841A$\^function\_.L:1#issueCommand(<function>:124)
	at jdk.nashorn.internal.scripts.Script$Recompilation$44618$3841A$\^function\_.L:1#issueCommand(<function>:124)
	at jdk.nashorn.internal.scripts.Script$Recompilation$44618$3841A$\^function\_.L:1#issueCommand(<function>:124)
	at jdk.nashorn.internal.scripts.Script$Recompilation$44618$3841A$\^function\_.L:1#issueCommand(<function>:124)
	at jdk.nashorn.internal.scripts.Script$Recompilation$44618$3841A$\^function\_.L:1#issueCommand(<function>:124)
	at jdk.nashorn.internal.scripts.Script$Recompilation$44618$3841A$\^function\_.L:1#issueCommand(<function>:124)
	at jdk.nashorn.internal.scripts.Script$Recompilation$44618$3841A$\^function\_.L:1#issueCommand(<function>:124)
	at jdk.nashorn.internal.scripts.Script$Recompilation$44618$3841A$\^function\_.L:1#issueCommand(<function>:124)
	at jdk.nashorn.internal.scripts.Script$Recompilation$44618$3841A$\^function\_.L:1#issueCommand(<function>:124)
	at jdk.nashorn.internal.scripts.Script$Recompilation$44618$3841A$\^function\_.L:1#issueCommand(<function>:124)
	at jdk.nashorn.internal.scripts.Script$Recompilation$44618$3841A$\^function\_.L:1#issueCommand(<function>:124)
	at jdk.nashorn.internal.scripts.Script$Recompilation$44618$3841A$\^function\_.L:1#issueCommand(<function>:124)
	at jdk.nashorn.internal.scripts.Script$Recompilation$44618$3841A$\^function\_.L:1#issueCommand(<function>:124)
	at jdk.nashorn.internal.scripts.Script$Recompilation$44618$3841A$\^function\_.L:1#issueCommand(<function>:124)
	at jdk.nashorn.internal.scripts.Script$Recompilation$44618$3841A$\^function\_.L:1#issueCommand(<function>:124)
	at jdk.nashorn.internal.scripts.Script$Recompilation$44618$3841A$\^function\_.L:1#issueCommand(<function>:124)
	at jdk.nashorn.internal.scripts.Script$Recompilation$44618$3841A$\^function\_.L:1#issueCommand(<function>:124)
	at jdk.nashorn.internal.scripts.Script$Recompilation$44618$3841A$\^function\_.L:1#issueCommand(<function>:124)
	at jdk.nashorn.internal.scripts.Script$Recompilation$44618$3841A$\^function\_.L:1#issueCommand(<function>:124)
	at jdk.nashorn.internal.scripts.Script$Recompilation$44618$3841A$\^function\_.L:1#issueCommand(<function>:124)
	at jdk.nashorn.internal.scripts.Script$Recompilation$44618$3841A$\^function\_.L:1#issueCommand(<function>:124)
	at jdk.nashorn.internal.scripts.Script$Recompilation$44618$3841A$\^function\_.L:1#issueCommand(<function>:124)
	at jdk.nashorn.internal.scripts.Script$Recompilation$44618$3841A$\^function\_.L:1#issueCommand(<function>:124)
	at jdk.nashorn.internal.scripts.Script$Recompilation$44618$3841A$\^function\_.L:1#issueCommand(<function>:124)
	at jdk.nashorn.internal.scripts.Script$Recompilation$44618$3841A$\^function\_.L:1#issueCommand(<function>:124)
	at jdk.nashorn.internal.scripts.Script$Recompilation$44618$3841A$\^function\_.L:1#issueCommand(<function>:124)
	at jdk.nashorn.internal.scripts.Script$Recompilation$44618$3841A$\^function\_.L:1#issueCommand(<function>:124)
	at jdk.nashorn.internal.scripts.Script$Recompilation$44618$3841A$\^function\_.L:1#issueCommand(<function>:124)
	at jdk.nashorn.internal.scripts.Script$Recompilation$44618$3841A$\^function\_.L:1#issueCommand(<function>:124)
	at jdk.nashorn.internal.scripts.Script$Recompilation$44618$3841A$\^function\_.L:1#issueCommand(<function>:124)
	at jdk.nashorn.internal.scripts.Script$Recompilation$44618$3841A$\^function\_.L:1#issueCommand(<function>:124)
	at jdk.nashorn.internal.scripts.Script$Recompilation$44618$3841A$\^function\_.L:1#issueCommand(<function>:124)
	at jdk.nashorn.internal.scripts.Script$Recompilation$44618$3841A$\^function\_.L:1#issueCommand(<function>:124)
	at jdk.nashorn.internal.scripts.Script$Recompilation$44618$3841A$\^function\_.L:1#issueCommand(<function>:124)
	at jdk.nashorn.internal.scripts.Script$Recompilation$44618$3841A$\^function\_.L:1#issueCommand(<function>:124)
	at jdk.nashorn.internal.scripts.Script$Recompilation$44618$3841A$\^function\_.L:1#issueCommand(<function>:124)
	at jdk.nashorn.internal.scripts.Script$Recompilation$44618$3841A$\^function\_.L:1#issueCommand(<function>:124)
	at jdk.nashorn.internal.scripts.Script$Recompilation$44618$3841A$\^function\_.L:1#issueCommand(<function>:124)
	at jdk.nashorn.internal.scripts.Script$Recompilation$44618$3841A$\^function\_.L:1#issueCommand(<function>:124)
	at jdk.nashorn.internal.scripts.Script$Recompilation$44618$3841A$\^function\_.L:1#issueCommand(<function>:124)
	at jdk.nashorn.internal.scripts.Script$Recompilation$44618$3841A$\^function\_.L:1#issueCommand(<function>:124)
	at jdk.nashorn.internal.scripts.Script$Recompilation$44618$3841A$\^function\_.L:1#issueCommand(<function>:124)
	at jdk.nashorn.internal.scripts.Script$Recompilation$44618$3841A$\^function\_.L:1#issueCommand(<function>:124)
	at jdk.nashorn.internal.scripts.Script$Recompilation$44618$3841A$\^function\_.L:1#issueCommand(<function>:124)
	at jdk.nashorn.internal.scripts.Script$Recompilation$44618$3841A$\^function\_.L:1#issueCommand(<function>:124)
	at jdk.nashorn.internal.scripts.Script$Recompilation$44618$3841A$\^function\_.L:1#issueCommand(<function>:124)
	at jdk.nashorn.internal.scripts.Script$Recompilation$44618$3841A$\^function\_.L:1#issueCommand(<function>:124)
	at jdk.nashorn.internal.scripts.Script$Recompilation$44618$3841A$\^function\_.L:1#issueCommand(<function>:124)
	at jdk.nashorn.internal.scripts.Script$Recompilation$44618$3841A$\^function\_.L:1#issueCommand(<function>:124)
	at jdk.nashorn.internal.scripts.Script$Recompilation$44618$3841A$\^function\_.L:1#issueCommand(<function>:124)
	at jdk.nashorn.internal.scripts.Script$Recompilation$44618$3841A$\^function\_.L:1#issueCommand(<function>:124)
	at jdk.nashorn.internal.scripts.Script$Recompilation$44618$3841A$\^function\_.L:1#issueCommand(<function>:124)
	at jdk.nashorn.internal.scripts.Script$Recompilation$44618$3841A$\^function\_.L:1#issueCommand(<function>:124)
	at jdk.nashorn.internal.scripts.Script$Recompilation$44618$3841A$\^function\_.L:1#issueCommand(<function>:124)
	at jdk.nashorn.internal.scripts.Script$Recompilation$44618$3841A$\^function\_.L:1#issueCommand(<function>:124)
	at jdk.nashorn.internal.scripts.Script$Recompilation$44618$3841A$\^function\_.L:1#issueCommand(<function>:124)
	at jdk.nashorn.internal.scripts.Script$Recompilation$44618$3841A$\^function\_.L:1#issueCommand(<function>:124)
	at jdk.nashorn.internal.scripts.Script$Recompilation$44618$3841A$\^function\_.L:1#issueCommand(<function>:124)
	at jdk.nashorn.internal.scripts.Script$Recompilation$44618$3841A$\^function\_.L:1#issueCommand(<function>:124)
	at jdk.nashorn.internal.scripts.Script$Recompilation$44618$3841A$\^function\_.L:1#issueCommand(<function>:124)
	at jdk.nashorn.internal.scripts.Script$Recompilation$44618$3841A$\^function\_.L:1#issueCommand(<function>:124)
	at jdk.nashorn.internal.scripts.Script$Recompilation$44618$3841A$\^function\_.L:1#issueCommand(<function>:124)
	at jdk.nashorn.internal.scripts.Script$Recompilation$44618$3841A$\^function\_.L:1#issueCommand(<function>:124)
	at jdk.nashorn.internal.scripts.Script$Recompilation$44618$3841A$\^function\_.L:1#issueCommand(<function>:124)
	at jdk.nashorn.internal.scripts.Script$Recompilation$44618$3841A$\^function\_.L:1#issueCommand(<function>:124)
	at jdk.nashorn.internal.scripts.Script$Recompilation$44618$3841A$\^function\_.L:1#issueCommand(<function>:124)
	at jdk.nashorn.internal.scripts.Script$Recompilation$44618$3841A$\^function\_.L:1#issueCommand(<function>:124)
	at jdk.nashorn.internal.scripts.Script$Recompilation$44618$3841A$\^function\_.L:1#issueCommand(<function>:124)
	at jdk.nashorn.internal.scripts.Script$Recompilation$44618$3841A$\^function\_.L:1#issueCommand(<function>:124)
	at jdk.nashorn.internal.scripts.Script$Recompilation$44618$3841A$\^function\_.L:1#issueCommand(<function>:124)
	at jdk.nashorn.internal.scripts.Script$Recompilation$44618$3841A$\^function\_.L:1#issueCommand(<function>:124)
	at jdk.nashorn.internal.scripts.Script$Recompilation$44618$3841A$\^function\_.L:1#issueCommand(<function>:124)
	at jdk.nashorn.internal.scripts.Script$Recompilation$44618$3841A$\^function\_.L:1#issueCommand(<function>:124)
	at jdk.nashorn.internal.scripts.Script$Recompilation$44618$3841A$\^function\_.L:1#issueCommand(<function>:124)
	at jdk.nashorn.internal.scripts.Script$Recompilation$44618$3841A$\^function\_.L:1#issueCommand(<function>:124)
	at jdk.nashorn.internal.scripts.Script$Recompilation$44618$3841A$\^function\_.L:1#issueCommand(<function>:124)
	at jdk.nashorn.internal.scripts.Script$Recompilation$44618$3841A$\^function\_.L:1#issueCommand(<function>:124)
	at jdk.nashorn.internal.scripts.Script$Recompilation$44618$3841A$\^function\_.L:1#issueCommand(<function>:124)
	at jdk.nashorn.internal.scripts.Script$Recompilation$44618$3841A$\^function\_.L:1#issueCommand(<function>:124)
	at jdk.nashorn.internal.scripts.Script$Recompilation$44618$3841A$\^function\_.L:1#issueCommand(<function>:124)
	at jdk.nashorn.internal.scripts.Script$Recompilation$44618$3841A$\^function\_.L:1#issueCommand(<function>:124)
	at jdk.nashorn.internal.scripts.Script$Recompilation$44618$3841A$\^function\_.L:1#issueCommand(<function>:124)
	at jdk.nashorn.internal.scripts.Script$Recompilation$44618$3841A$\^function\_.L:1#issueCommand(<function>:124)
	at jdk.nashorn.internal.scripts.Script$Recompilation$44618$3841A$\^function\_.L:1#issueCommand(<function>:124)
	at jdk.nashorn.internal.scripts.Script$Recompilation$44618$3841A$\^function\_.L:1#issueCommand(<function>:124)
	at jdk.nashorn.internal.scripts.Script$Recompilation$44618$3841A$\^function\_.L:1#issueCommand(<function>:124)
	at jdk.nashorn.internal.scripts.Script$Recompilation$44618$3841A$\^function\_.L:1#issueCommand(<function>:124)
	at jdk.nashorn.internal.scripts.Script$Recompilation$44618$3841A$\^function\_.L:1#issueCommand(<function>:124)
	at jdk.nashorn.internal.scripts.Script$Recompilation$44618$3841A$\^function\_.L:1#issueCommand(<function>:124)
	at jdk.nashorn.internal.scripts.Script$Recompilation$44618$3841A$\^function\_.L:1#issueCommand(<function>:124)
	at jdk.nashorn.internal.scripts.Script$Recompilation$44618$3841A$\^function\_.L:1#issueCommand(<function>:124)
	at jdk.nashorn.internal.scripts.Script$Recompilation$44618$3841A$\^function\_.L:1#issueCommand(<function>:124)
	at jdk.nashorn.internal.scripts.Script$Recompilation$44618$3841A$\^function\_.L:1#issueCommand(<function>:124)
	at jdk.nashorn.internal.scripts.Script$Recompilation$44618$3841A$\^function\_.L:1#issueCommand(<function>:124)
	at jdk.nashorn.internal.scripts.Script$Recompilation$44618$3841A$\^function\_.L:1#issueCommand(<function>:124)
	at jdk.nashorn.internal.scripts.Script$Recompilation$44618$3841A$\^function\_.L:1#issueCommand(<function>:124)
	at jdk.nashorn.internal.scripts.Script$Recompilation$44618$3841A$\^function\_.L:1#issueCommand(<function>:124)
	at jdk.nashorn.internal.scripts.Script$Recompilation$44618$3841A$\^function\_.L:1#issueCommand(<function>:124)
	at jdk.nashorn.internal.scripts.Script$Recompilation$44618$3841A$\^function\_.L:1#issueCommand(<function>:124)
	at jdk.nashorn.internal.scripts.Script$Recompilation$44618$3841A$\^function\_.L:1#issueCommand(<function>:124)
	at jdk.nashorn.internal.scripts.Script$Recompilation$44618$3841A$\^function\_.L:1#issueCommand(<function>:124)
	at jdk.nashorn.internal.scripts.Script$Recompilation$44618$3841A$\^function\_.L:1#issueCommand(<function>:124)
	at jdk.nashorn.internal.scripts.Script$Recompilation$44618$3841A$\^function\_.L:1#issueCommand(<function>:124)
	at jdk.nashorn.internal.scripts.Script$Recompilation$44618$3841A$\^function\_.L:1#issueCommand(<function>:124)
	at jdk.nashorn.internal.scripts.Script$Recompilation$44618$3841A$\^function\_.L:1#issueCommand(<function>:124)
	at jdk.nashorn.internal.scripts.Script$Recompilation$44618$3841A$\^function\_.L:1#issueCommand(<function>:124)
	at jdk.nashorn.internal.scripts.Script$Recompilation$44618$3841A$\^function\_.L:1#issueCommand(<function>:124)
	at jdk.nashorn.internal.scripts.Script$Recompilation$44618$3841A$\^function\_.L:1#issueCommand(<function>:124)
	at jdk.nashorn.internal.scripts.Script$Recompilation$44618$3841A$\^function\_.L:1#issueCommand(<function>:124)
	at jdk.nashorn.internal.scripts.Script$Recompilation$44618$3841A$\^function\_.L:1#issueCommand(<function>:124)
	at jdk.nashorn.internal.scripts.Script$Recompilation$44618$3841A$\^function\_.L:1#issueCommand(<function>:124)
	at jdk.nashorn.internal.scripts.Script$Recompilation$44618$3841A$\^function\_.L:1#issueCommand(<function>:124)
	at jdk.nashorn.internal.scripts.Script$Recompilation$44618$3841A$\^function\_.L:1#issueCommand(<function>:124)
	at jdk.nashorn.internal.scripts.Script$Recompilation$44618$3841A$\^function\_.L:1#issueCommand(<function>:124)
	at jdk.nashorn.internal.scripts.Script$Recompilation$44618$3841A$\^function\_.L:1#issueCommand(<function>:124)
	at jdk.nashorn.internal.scripts.Script$Recompilation$44618$3841A$\^function\_.L:1#issueCommand(<function>:124)
	at jdk.nashorn.internal.scripts.Script$Recompilation$44618$3841A$\^function\_.L:1#issueCommand(<function>:124)
	at jdk.nashorn.internal.scripts.Script$Recompilation$44618$3841A$\^function\_.L:1#issueCommand(<function>:124)
	at jdk.nashorn.internal.scripts.Script$Recompilation$44618$3841A$\^function\_.L:1#issueCommand(<function>:124)
	at jdk.nashorn.internal.scripts.Script$Recompilation$44618$3841A$\^function\_.L:1#issueCommand(<function>:124)
	at jdk.nashorn.internal.scripts.Script$Recompilation$44618$3841A$\^function\_.L:1#issueCommand(<function>:124)
	at jdk.nashorn.internal.scripts.Script$Recompilation$44618$3841A$\^function\_.L:1#issueCommand(<function>:124)
	at jdk.nashorn.internal.scripts.Script$Recompilation$44618$3841A$\^function\_.L:1#issueCommand(<function>:124)
	at jdk.nashorn.internal.scripts.Script$Recompilation$44618$3841A$\^function\_.L:1#issueCommand(<function>:124)
	at jdk.nashorn.internal.scripts.Script$Recompilation$44618$3841A$\^function\_.L:1#issueCommand(<function>:124)
	at jdk.nashorn.internal.scripts.Script$Recompilation$44618$3841A$\^function\_.L:1#issueCommand(<function>:124)
	at jdk.nashorn.internal.scripts.Script$Recompilation$44618$3841A$\^function\_.L:1#issueCommand(<function>:124)
	at jdk.nashorn.internal.scripts.Script$Recompilation$44618$3841A$\^function\_.L:1#issueCommand(<function>:124)
	at jdk.nashorn.internal.scripts.Script$Recompilation$44618$3841A$\^function\_.L:1#issueCommand(<function>:124)
	at jdk.nashorn.internal.scripts.Script$Recompilation$44618$3841A$\^function\_.L:1#issueCommand(<function>:124)
	at jdk.nashorn.internal.scripts.Script$Recompilation$44618$3841A$\^function\_.L:1#issueCommand(<function>:124)
	at jdk.nashorn.internal.scripts.Script$Recompilation$44618$3841A$\^function\_.L:1#issueCommand(<function>:124)
	at jdk.nashorn.internal.scripts.Script$Recompilation$44618$3841A$\^function\_.L:1#issueCommand(<function>:124)
	at jdk.nashorn.internal.scripts.Script$Recompilation$44618$3841A$\^function\_.L:1#issueCommand(<function>:124)
	at jdk.nashorn.internal.scripts.Script$Recompilation$44618$3841A$\^function\_.L:1#issueCommand(<function>:124)
	at jdk.nashorn.internal.scripts.Script$Recompilation$44618$3841A$\^function\_.L:1#issueCommand(<function>:124)
	at jdk.nashorn.internal.scripts.Script$Recompilation$44618$3841A$\^function\_.L:1#issueCommand(<function>:124)
	at jdk.nashorn.internal.scripts.Script$Recompilation$44618$3841A$\^function\_.L:1#issueCommand(<function>:124)
	at jdk.nashorn.internal.scripts.Script$Recompilation$44618$3841A$\^function\_.L:1#issueCommand(<function>:124)
	at jdk.nashorn.internal.scripts.Script$Recompilation$44618$3841A$\^function\_.L:1#issueCommand(<function>:124)
	at jdk.nashorn.internal.scripts.Script$Recompilation$44618$3841A$\^function\_.L:1#issueCommand(<function>:124)
	at jdk.nashorn.internal.scripts.Script$Recompilation$44618$3841A$\^function\_.L:1#issueCommand(<function>:124)
	at jdk.nashorn.internal.scripts.Script$Recompilation$44618$3841A$\^function\_.L:1#issueCommand(<function>:124)
	at jdk.nashorn.internal.scripts.Script$Recompilation$44618$3841A$\^function\_.L:1#issueCommand(<function>:124)
	at jdk.nashorn.internal.scripts.Script$Recompilation$44618$3841A$\^function\_.L:1#issueCommand(<function>:124)
	at jdk.nashorn.internal.scripts.Script$Recompilation$44618$3841A$\^function\_.L:1#issueCommand(<function>:124)
	at jdk.nashorn.internal.scripts.Script$Recompilation$44618$3841A$\^function\_.L:1#issueCommand(<function>:124)
	at jdk.nashorn.internal.scripts.Script$Recompilation$44618$3841A$\^function\_.L:1#issueCommand(<function>:124)
	at jdk.nashorn.internal.scripts.Script$Recompilation$44618$3841A$\^function\_.L:1#issueCommand(<function>:124)
	at jdk.nashorn.internal.scripts.Script$Recompilation$44618$3841A$\^function\_.L:1#issueCommand(<function>:124)
	at jdk.nashorn.internal.scripts.Script$Recompilation$44618$3841A$\^function\_.L:1#issueCommand(<function>:124)
	at jdk.nashorn.internal.scripts.Script$Recompilation$44618$3841A$\^function\_.L:1#issueCommand(<function>:124)
	at jdk.nashorn.internal.scripts.Script$Recompilation$44618$3841A$\^function\_.L:1#issueCommand(<function>:124)
	at jdk.nashorn.internal.scripts.Script$Recompilation$44618$3841A$\^function\_.L:1#issueCommand(<function>:124)
	at jdk.nashorn.internal.scripts.Script$Recompilation$44618$3841A$\^function\_.L:1#issueCommand(<function>:124)
	at jdk.nashorn.internal.scripts.Script$Recompilation$44618$3841A$\^function\_.L:1#issueCommand(<function>:124)
	at jdk.nashorn.internal.scripts.Script$Recompilation$44618$3841A$\^function\_.L:1#issueCommand(<function>:124)
	at jdk.nashorn.internal.scripts.Script$Recompilation$44618$3841A$\^function\_.L:1#issueCommand(<function>:124)
	at jdk.nashorn.internal.scripts.Script$Recompilation$44618$3841A$\^function\_.L:1#issueCommand(<function>:124)
	at jdk.nashorn.internal.scripts.Script$Recompilation$44618$3841A$\^function\_.L:1#issueCommand(<function>:124)
	at jdk.nashorn.internal.scripts.Script$Recompilation$44618$3841A$\^function\_.L:1#issueCommand(<function>:124)
	at jdk.nashorn.internal.scripts.Script$Recompilation$44618$3841A$\^function\_.L:1#issueCommand(<function>:124)
	at jdk.nashorn.internal.scripts.Script$Recompilation$44618$3841A$\^function\_.L:1#issueCommand(<function>:124)
	at jdk.nashorn.internal.scripts.Script$Recompilation$44618$3841A$\^function\_.L:1#issueCommand(<function>:124)
	at jdk.nashorn.internal.scripts.Script$Recompilation$44618$3841A$\^function\_.L:1#issueCommand(<function>:124)
	at jdk.nashorn.internal.scripts.Script$Recompilation$44618$3841A$\^function\_.L:1#issueCommand(<function>:124)
	at jdk.nashorn.internal.scripts.Script$Recompilation$44618$3841A$\^function\_.L:1#issueCommand(<function>:124)
	at jdk.nashorn.internal.scripts.Script$Recompilation$44618$3841A$\^function\_.L:1#issueCommand(<function>:124)
	at jdk.nashorn.internal.scripts.Script$Recompilation$44618$3841A$\^function\_.L:1#issueCommand(<function>:124)
	at jdk.nashorn.internal.scripts.Script$Recompilation$44618$3841A$\^function\_.L:1#issueCommand(<function>:124)
	at jdk.nashorn.internal.scripts.Script$Recompilation$44618$3841A$\^function\_.L:1#issueCommand(<function>:124)
	at jdk.nashorn.internal.scripts.Script$Recompilation$44618$3841A$\^function\_.L:1#issueCommand(<function>:124)
	at jdk.nashorn.internal.scripts.Script$Recompilation$44618$3841A$\^function\_.L:1#issueCommand(<function>:124)
	at jdk.nashorn.internal.scripts.Script$Recompilation$44618$3841A$\^function\_.L:1#issueCommand(<function>:124)
	at jdk.nashorn.internal.scripts.Script$Recompilation$44618$3841A$\^function\_.L:1#issueCommand(<function>:124)
	at jdk.nashorn.internal.scripts.Script$Recompilation$44618$3841A$\^function\_.L:1#issueCommand(<function>:124)
	at jdk.nashorn.internal.scripts.Script$Recompilation$44618$3841A$\^function\_.L:1#issueCommand(<function>:124)
	at jdk.nashorn.internal.scripts.Script$Recompilation$44618$3841A$\^function\_.L:1#issueCommand(<function>:124)
	at jdk.nashorn.internal.scripts.Script$Recompilation$44618$3841A$\^function\_.L:1#issueCommand(<function>:124)
	at jdk.nashorn.internal.scripts.Script$Recompilation$44618$3841A$\^function\_.L:1#issueCommand(<function>:124)
	at jdk.nashorn.internal.scripts.Script$Recompilation$44618$3841A$\^function\_.L:1#issueCommand(<function>:124)
	at jdk.nashorn.internal.scripts.Script$Recompilation$44618$3841A$\^function\_.L:1#issueCommand(<function>:124)
	at jdk.nashorn.internal.scripts.Script$Recompilation$44618$3841A$\^function\_.L:1#issueCommand(<function>:124)
	at jdk.nashorn.internal.scripts.Script$Recompilation$44618$3841A$\^function\_.L:1#issueCommand(<function>:124)
	at jdk.nashorn.internal.scripts.Script$Recompilation$44618$3841A$\^function\_.L:1#issueCommand(<function>:124)
	at jdk.nashorn.internal.scripts.Script$Recompilation$44618$3841A$\^function\_.L:1#issueCommand(<function>:124)
	at jdk.nashorn.internal.scripts.Script$Recompilation$44618$3841A$\^function\_.L:1#issueCommand(<function>:124)
	at jdk.nashorn.internal.scripts.Script$Recompilation$44618$3841A$\^function\_.L:1#issueCommand(<function>:124)
	at jdk.nashorn.internal.scripts.Script$Recompilation$44618$3841A$\^function\_.L:1#issueCommand(<function>:124)
	at jdk.nashorn.internal.scripts.Script$Recompilation$44618$3841A$\^function\_.L:1#issueCommand(<function>:124)
	at jdk.nashorn.internal.scripts.Script$Recompilation$44618$3841A$\^function\_.L:1#issueCommand(<function>:124)
	at jdk.nashorn.internal.scripts.Script$Recompilation$44618$3841A$\^function\_.L:1#issueCommand(<function>:124)
	at jdk.nashorn.internal.scripts.Script$Recompilation$44618$3841A$\^function\_.L:1#issueCommand(<function>:124)
	at jdk.nashorn.internal.scripts.Script$Recompilation$44618$3841A$\^function\_.L:1#issueCommand(<function>:124)
	at jdk.nashorn.internal.scripts.Script$Recompilation$44618$3841A$\^function\_.L:1#issueCommand(<function>:124)
	at jdk.nashorn.internal.scripts.Script$Recompilation$44618$3841A$\^function\_.L:1#issueCommand(<function>:124)
	at jdk.nashorn.internal.scripts.Script$Recompilation$44618$3841A$\^function\_.L:1#issueCommand(<function>:124)
	at jdk.nashorn.internal.scripts.Script$Recompilation$44618$3841A$\^function\_.L:1#issueCommand(<function>:124)
	at jdk.nashorn.internal.scripts.Script$Recompilation$44618$3841A$\^function\_.L:1#issueCommand(<function>:124)
	at jdk.nashorn.internal.scripts.Script$Recompilation$44618$3841A$\^function\_.L:1#issueCommand(<function>:124)
	at jdk.nashorn.internal.scripts.Script$Recompilation$44618$3841A$\^function\_.L:1#issueCommand(<function>:124)
	at jdk.nashorn.internal.scripts.Script$Recompilation$44618$3841A$\^function\_.L:1#issueCommand(<function>:124)
	at jdk.nashorn.internal.scripts.Script$Recompilation$44618$3841A$\^function\_.L:1#issueCommand(<function>:124)
	at jdk.nashorn.internal.scripts.Script$Recompilation$44618$3841A$\^function\_.L:1#issueCommand(<function>:124)
	at jdk.nashorn.internal.scripts.Script$Recompilation$44618$3841A$\^function\_.L:1#issueCommand(<function>:124)
	at jdk.nashorn.internal.scripts.Script$Recompilation$44618$3841A$\^function\_.L:1#issueCommand(<function>:124)
	at jdk.nashorn.internal.scripts.Script$Recompilation$44618$3841A$\^function\_.L:1#issueCommand(<function>:124)
	at jdk.nashorn.internal.scripts.Script$Recompilation$44618$3841A$\^function\_.L:1#issueCommand(<function>:124)
	at jdk.nashorn.internal.scripts.Script$Recompilation$44618$3841A$\^function\_.L:1#issueCommand(<function>:124)
	at jdk.nashorn.internal.scripts.Script$Recompilation$44618$3841A$\^function\_.L:1#issueCommand(<function>:124)
	at jdk.nashorn.internal.scripts.Script$Recompilation$44618$3841A$\^function\_.L:1#issueCommand(<function>:124)
	at jdk.nashorn.internal.scripts.Script$Recompilation$44618$3841A$\^function\_.L:1#issueCommand(<function>:124)
	at jdk.nashorn.internal.scripts.Script$Recompilation$44618$3841A$\^function\_.L:1#issueCommand(<function>:124)
	at jdk.nashorn.internal.scripts.Script$Recompilation$44618$3841A$\^function\_.L:1#issueCommand(<function>:124)
	at jdk.nashorn.internal.scripts.Script$Recompilation$44618$3841A$\^function\_.L:1#issueCommand(<function>:124)
	at jdk.nashorn.internal.scripts.Script$Recompilation$44618$3841A$\^function\_.L:1#issueCommand(<function>:124)
	at jdk.nashorn.internal.scripts.Script$Recompilation$44618$3841A$\^function\_.L:1#issueCommand(<function>:124)
	at jdk.nashorn.internal.scripts.Script$Recompilation$44618$3841A$\^function\_.L:1#issueCommand(<function>:124)
	at jdk.nashorn.internal.scripts.Script$Recompilation$44618$3841A$\^function\_.L:1#issueCommand(<function>:124)
	at jdk.nashorn.internal.scripts.Script$Recompilation$44618$3841A$\^function\_.L:1#issueCommand(<function>:124)
	at jdk.nashorn.internal.scripts.Script$Recompilation$44618$3841A$\^function\_.L:1#issueCommand(<function>:124)
	at jdk.nashorn.internal.scripts.Script$Recompilation$44618$3841A$\^function\_.L:1#issueCommand(<function>:124)
	at jdk.nashorn.internal.scripts.Script$Recompilation$44618$3841A$\^function\_.L:1#issueCommand(<function>:124)
	at jdk.nashorn.internal.scripts.Script$Recompilation$44618$3841A$\^function\_.L:1#issueCommand(<function>:124)
	at jdk.nashorn.internal.scripts.Script$Recompilation$44618$3841A$\^function\_.L:1#issueCommand(<function>:124)
	at jdk.nashorn.internal.scripts.Script$Recompilation$44618$3841A$\^function\_.L:1#issueCommand(<function>:124)
	at jdk.nashorn.internal.scripts.Script$Recompilation$44618$3841A$\^function\_.L:1#issueCommand(<function>:124)
	at jdk.nashorn.internal.scripts.Script$Recompilation$44618$3841A$\^function\_.L:1#issueCommand(<function>:124)
	at jdk.nashorn.internal.scripts.Script$Recompilation$44618$3841A$\^function\_.L:1#issueCommand(<function>:124)
	at jdk.nashorn.internal.scripts.Script$Recompilation$44618$3841A$\^function\_.L:1#issueCommand(<function>:124)
	at jdk.nashorn.internal.scripts.Script$Recompilation$44618$3841A$\^function\_.L:1#issueCommand(<function>:124)
	at jdk.nashorn.internal.scripts.Script$Recompilation$44618$3841A$\^function\_.L:1#issueCommand(<function>:124)
	at jdk.nashorn.internal.scripts.Script$Recompilation$44618$3841A$\^function\_.L:1#issueCommand(<function>:124)
	at jdk.nashorn.internal.scripts.Script$Recompilation$44618$3841A$\^function\_.L:1#issueCommand(<function>:124)
	at jdk.nashorn.internal.scripts.Script$Recompilation$44618$3841A$\^function\_.L:1#issueCommand(<function>:124)
	at jdk.nashorn.internal.scripts.Script$Recompilation$44618$3841A$\^function\_.L:1#issueCommand(<function>:124)
	at jdk.nashorn.internal.scripts.Script$Recompilation$44618$3841A$\^function\_.L:1#issueCommand(<function>:124)
	at jdk.nashorn.internal.scripts.Script$Recompilation$44618$3841A$\^function\_.L:1#issueCommand(<function>:124)
	at jdk.nashorn.internal.scripts.Script$Recompilation$44618$3841A$\^function\_.L:1#issueCommand(<function>:124)
	at jdk.nashorn.internal.scripts.Script$Recompilation$44618$3841A$\^function\_.L:1#issueCommand(<function>:124)
	at jdk.nashorn.internal.scripts.Script$Recompilation$44618$3841A$\^function\_.L:1#issueCommand(<function>:124)
	at jdk.nashorn.internal.scripts.Script$Recompilation$44618$3841A$\^function\_.L:1#issueCommand(<function>:124)
	at jdk.nashorn.internal.scripts.Script$Recompilation$44618$3841A$\^function\_.L:1#issueCommand(<function>:124)
	at jdk.nashorn.internal.scripts.Script$Recompilation$44618$3841A$\^function\_.L:1#issueCommand(<function>:124)
	at jdk.nashorn.internal.scripts.Script$Recompilation$44618$3841A$\^function\_.L:1#issueCommand(<function>:124)
	at jdk.nashorn.internal.scripts.Script$Recompilation$44618$3841A$\^function\_.L:1#issueCommand(<function>:124)
	at jdk.nashorn.internal.scripts.Script$Recompilation$44618$3841A$\^function\_.L:1#issueCommand(<function>:124)
	at jdk.nashorn.internal.scripts.Script$Recompilation$44618$3841A$\^function\_.L:1#issueCommand(<function>:124)
	at jdk.nashorn.internal.scripts.Script$Recompilation$44618$3841A$\^function\_.L:1#issueCommand(<function>:124)
	at jdk.nashorn.internal.scripts.Script$Recompilation$44618$3841A$\^function\_.L:1#issueCommand(<function>:124)
	at jdk.nashorn.internal.scripts.Script$Recompilation$44618$3841A$\^function\_.L:1#issueCommand(<function>:124)
	at jdk.nashorn.internal.scripts.Script$Recompilation$44618$3841A$\^function\_.L:1#issueCommand(<function>:124)
	at jdk.nashorn.internal.scripts.Script$Recompilation$44618$3841A$\^function\_.L:1#issueCommand(<function>:124)
	at jdk.nashorn.internal.scripts.Script$Recompilation$44618$3841A$\^function\_.L:1#issueCommand(<function>:124)
	at jdk.nashorn.internal.scripts.Script$Recompilation$44618$3841A$\^function\_.L:1#issueCommand(<function>:124)
	at jdk.nashorn.internal.scripts.Script$Recompilation$44618$3841A$\^function\_.L:1#issueCommand(<function>:124)
	at jdk.nashorn.internal.scripts.Script$Recompilation$44618$3841A$\^function\_.L:1#issueCommand(<function>:124)
	at jdk.nashorn.internal.scripts.Script$Recompilation$44618$3841A$\^function\_.L:1#issueCommand(<function>:124)
	at jdk.nashorn.internal.scripts.Script$Recompilation$44618$3841A$\^function\_.L:1#issueCommand(<function>:124)
	at jdk.nashorn.internal.scripts.Script$Recompilation$44618$3841A$\^function\_.L:1#issueCommand(<function>:124)
	at jdk.nashorn.internal.scripts.Script$Recompilation$44618$3841A$\^function\_.L:1#issueCommand(<function>:124)
	at jdk.nashorn.internal.scripts.Script$Recompilation$44618$3841A$\^function\_.L:1#issueCommand(<function>:124)
	at jdk.nashorn.internal.scripts.Script$Recompilation$44618$3841A$\^function\_.L:1#issueCommand(<function>:124)
	at jdk.nashorn.internal.scripts.Script$Recompilation$44618$3841A$\^function\_.L:1#issueCommand(<function>:124)
	at jdk.nashorn.internal.scripts.Script$Recompilation$44618$3841A$\^function\_.L:1#issueCommand(<function>:124)
	at jdk.nashorn.internal.scripts.Script$Recompilation$44618$3841A$\^function\_.L:1#issueCommand(<function>:124)
	at jdk.nashorn.internal.scripts.Script$Recompilation$44618$3841A$\^function\_.L:1#issueCommand(<function>:124)
	at jdk.nashorn.internal.scripts.Script$Recompilation$44618$3841A$\^function\_.L:1#issueCommand(<function>:124)
	at jdk.nashorn.internal.scripts.Script$Recompilation$44618$3841A$\^function\_.L:1#issueCommand(<function>:124)
	at jdk.nashorn.internal.scripts.Script$Recompilation$44618$3841A$\^function\_.L:1#issueCommand(<function>:124)
	at jdk.nashorn.internal.scripts.Script$Recompilation$44618$3841A$\^function\_.L:1#issueCommand(<function>:124)
	at jdk.nashorn.internal.scripts.Script$Recompilation$44618$3841A$\^function\_.L:1#issueCommand(<function>:124)
	at jdk.nashorn.internal.scripts.Script$Recompilation$44618$3841A$\^function\_.L:1#issueCommand(<function>:124)
	at jdk.nashorn.internal.scripts.Script$Recompilation$44618$3841A$\^function\_.L:1#issueCommand(<function>:124)
	at jdk.nashorn.internal.scripts.Script$Recompilation$44618$3841A$\^function\_.L:1#issueCommand(<function>:124)
	at jdk.nashorn.internal.scripts.Script$Recompilation$44618$3841A$\^function\_.L:1#issueCommand(<function>:124)
	at jdk.nashorn.internal.scripts.Script$Recompilation$44618$3841A$\^function\_.L:1#issueCommand(<function>:124)
	at jdk.nashorn.internal.scripts.Script$Recompilation$44618$3841A$\^function\_.L:1#issueCommand(<function>:124)
	at jdk.nashorn.internal.scripts.Script$Recompilation$44618$3841A$\^function\_.L:1#issueCommand(<function>:124)
	at jdk.nashorn.internal.scripts.Script$Recompilation$44618$3841A$\^function\_.L:1#issueCommand(<function>:124)
	at jdk.nashorn.internal.scripts.Script$Recompilation$44618$3841A$\^function\_.L:1#issueCommand(<function>:124)
	at jdk.nashorn.internal.scripts.Script$Recompilation$44618$3841A$\^function\_.L:1#issueCommand(<function>:124)
	at jdk.nashorn.internal.scripts.Script$Recompilation$44618$3841A$\^function\_.L:1#issueCommand(<function>:124)
	at jdk.nashorn.internal.scripts.Script$Recompilation$44618$3841A$\^function\_.L:1#issueCommand(<function>:124)
	at jdk.nashorn.internal.scripts.Script$Recompilation$44618$3841A$\^function\_.L:1#issueCommand(<function>:124)
	at jdk.nashorn.internal.scripts.Script$Recompilation$44618$3841A$\^function\_.L:1#issueCommand(<function>:124)
	at jdk.nashorn.internal.scripts.Script$Recompilation$44618$3841A$\^function\_.L:1#issueCommand(<function>:124)
	at jdk.nashorn.internal.scripts.Script$Recompilation$44618$3841A$\^function\_.L:1#issueCommand(<function>:124)
	at jdk.nashorn.internal.scripts.Script$Recompilation$44618$3841A$\^function\_.L:1#issueCommand(<function>:124)
	at jdk.nashorn.internal.scripts.Script$Recompilation$44618$3841A$\^function\_.L:1#issueCommand(<function>:124)
	at jdk.nashorn.internal.scripts.Script$Recompilation$44618$3841A$\^function\_.L:1#issueCommand(<function>:124)
	at jdk.nashorn.internal.scripts.Script$Recompilation$44618$3841A$\^function\_.L:1#issueCommand(<function>:124)
	at jdk.nashorn.internal.scripts.Script$Recompilation$44618$3841A$\^function\_.L:1#issueCommand(<function>:124)
	at jdk.nashorn.internal.scripts.Script$Recompilation$44618$3841A$\^function\_.L:1#issueCommand(<function>:124)
	at jdk.nashorn.internal.scripts.Script$Recompilation$44618$3841A$\^function\_.L:1#issueCommand(<function>:124)
	at jdk.nashorn.internal.scripts.Script$Recompilation$44618$3841A$\^function\_.L:1#issueCommand(<function>:124)
	at jdk.nashorn.internal.scripts.Script$Recompilation$44618$3841A$\^function\_.L:1#issueCommand(<function>:124)
	at jdk.nashorn.internal.scripts.Script$Recompilation$44618$3841A$\^function\_.L:1#issueCommand(<function>:124)
	at jdk.nashorn.internal.scripts.Script$Recompilation$44618$3841A$\^function\_.L:1#issueCommand(<function>:124)
	at jdk.nashorn.internal.scripts.Script$Recompilation$44618$3841A$\^function\_.L:1#issueCommand(<function>:124)
	at jdk.nashorn.internal.scripts.Script$Recompilation$44618$3841A$\^function\_.L:1#issueCommand(<function>:124)
	at jdk.nashorn.internal.scripts.Script$Recompilation$44618$3841A$\^function\_.L:1#issueCommand(<function>:124)
	at jdk.nashorn.internal.scripts.Script$Recompilation$44618$3841A$\^function\_.L:1#issueCommand(<function>:124)
	at jdk.nashorn.internal.scripts.Script$Recompilation$44618$3841A$\^function\_.L:1#issueCommand(<function>:124)
	at jdk.nashorn.internal.scripts.Script$Recompilation$44618$3841A$\^function\_.L:1#issueCommand(<function>:124)
	at jdk.nashorn.internal.scripts.Script$Recompilation$44618$3841A$\^function\_.L:1#issueCommand(<function>:124)
	at jdk.nashorn.internal.scripts.Script$Recompilation$44618$3841A$\^function\_.L:1#issueCommand(<function>:124)
	at jdk.nashorn.internal.scripts.Script$Recompilation$44618$3841A$\^function\_.L:1#issueCommand(<function>:124)
	at jdk.nashorn.internal.scripts.Script$Recompilation$44618$3841A$\^function\_.L:1#issueCommand(<function>:124)
	at jdk.nashorn.internal.scripts.Script$Recompilation$44618$3841A$\^function\_.L:1#issueCommand(<function>:124)
	at jdk.nashorn.internal.scripts.Script$Recompilation$44618$3841A$\^function\_.L:1#issueCommand(<function>:124)
	at jdk.nashorn.internal.scripts.Script$Recompilation$44618$3841A$\^function\_.L:1#issueCommand(<function>:124)
	at jdk.nashorn.internal.scripts.Script$Recompilation$44618$3841A$\^function\_.L:1#issueCommand(<function>:124)
	at jdk.nashorn.internal.scripts.Script$Recompilation$44618$3841A$\^function\_.L:1#issueCommand(<function>:124)
	at jdk.nashorn.internal.scripts.Script$Recompilation$44618$3841A$\^function\_.L:1#issueCommand(<function>:124)
	at jdk.nashorn.internal.scripts.Script$Recompilation$44618$3841A$\^function\_.L:1#issueCommand(<function>:124)
	at jdk.nashorn.internal.scripts.Script$Recompilation$44618$3841A$\^function\_.L:1#issueCommand(<function>:124)
	at jdk.nashorn.internal.scripts.Script$Recompilation$44618$3841A$\^function\_.L:1#issueCommand(<function>:124)
	at jdk.nashorn.internal.scripts.Script$Recompilation$44618$3841A$\^function\_.L:1#issueCommand(<function>:124)
	at jdk.nashorn.internal.scripts.Script$Recompilation$44618$3841A$\^function\_.L:1#issueCommand(<function>:124)
	at jdk.nashorn.internal.scripts.Script$Recompilation$44618$3841A$\^function\_.L:1#issueCommand(<function>:124)
	at jdk.nashorn.internal.scripts.Script$Recompilation$44618$3841A$\^function\_.L:1#issueCommand(<function>:124)
	at jdk.nashorn.internal.scripts.Script$Recompilation$44618$3841A$\^function\_.L:1#issueCommand(<function>:124)
	at jdk.nashorn.internal.scripts.Script$Recompilation$44618$3841A$\^function\_.L:1#issueCommand(<function>:124)
	at jdk.nashorn.internal.scripts.Script$Recompilation$44618$3841A$\^function\_.L:1#issueCommand(<function>:124)
	at jdk.nashorn.internal.scripts.Script$Recompilation$44618$3841A$\^function\_.L:1#issueCommand(<function>:124)
	at jdk.nashorn.internal.scripts.Script$Recompilation$44618$3841A$\^function\_.L:1#issueCommand(<function>:124)
	at jdk.nashorn.internal.scripts.Script$Recompilation$44618$3841A$\^function\_.L:1#issueCommand(<function>:124)
	at jdk.nashorn.internal.scripts.Script$Recompilation$44618$3841A$\^function\_.L:1#issueCommand(<function>:124)
	at jdk.nashorn.internal.scripts.Script$Recompilation$44618$3841A$\^function\_.L:1#issueCommand(<function>:124)
	at jdk.nashorn.internal.scripts.Script$Recompilation$44618$3841A$\^function\_.L:1#issueCommand(<function>:124)
	at jdk.nashorn.internal.scripts.Script$Recompilation$44618$3841A$\^function\_.L:1#issueCommand(<function>:124)
	at jdk.nashorn.internal.scripts.Script$Recompilation$44618$3841A$\^function\_.L:1#issueCommand(<function>:124)
	at jdk.nashorn.internal.scripts.Script$Recompilation$44618$3841A$\^function\_.L:1#issueCommand(<function>:124)
	at jdk.nashorn.internal.scripts.Script$Recompilation$44618$3841A$\^function\_.L:1#issueCommand(<function>:124)
	at jdk.nashorn.internal.scripts.Script$Recompilation$44618$3841A$\^function\_.L:1#issueCommand(<function>:124)
	at jdk.nashorn.internal.scripts.Script$Recompilation$44618$3841A$\^function\_.L:1#issueCommand(<function>:124)
	at jdk.nashorn.internal.scripts.Script$Recompilation$44618$3841A$\^function\_.L:1#issueCommand(<function>:124)
	at jdk.nashorn.internal.scripts.Script$Recompilation$44618$3841A$\^function\_.L:1#issueCommand(<function>:124)
	at jdk.nashorn.internal.scripts.Script$Recompilation$44618$3841A$\^function\_.L:1#issueCommand(<function>:124)
	at jdk.nashorn.internal.scripts.Script$Recompilation$44618$3841A$\^function\_.L:1#issueCommand(<function>:124)
	at jdk.nashorn.internal.scripts.Script$Recompilation$44618$3841A$\^function\_.L:1#issueCommand(<function>:124)
	at jdk.nashorn.internal.scripts.Script$Recompilation$44618$3841A$\^function\_.L:1#issueCommand(<function>:124)
	at jdk.nashorn.internal.scripts.Script$Recompilation$44618$3841A$\^function\_.L:1#issueCommand(<function>:124)
	at jdk.nashorn.internal.scripts.Script$Recompilation$44618$3841A$\^function\_.L:1#issueCommand(<function>:124)
	at jdk.nashorn.internal.scripts.Script$Recompilation$44618$3841A$\^function\_.L:1#issueCommand(<function>:124)
	at jdk.nashorn.internal.scripts.Script$Recompilation$44618$3841A$\^function\_.L:1#issueCommand(<function>:124)
	at jdk.nashorn.internal.scripts.Script$Recompilation$44618$3841A$\^function\_.L:1#issueCommand(<function>:124)
	at jdk.nashorn.internal.scripts.Script$Recompilation$44618$3841A$\^function\_.L:1#issueCommand(<function>:124)
	at jdk.nashorn.internal.scripts.Script$Recompilation$44618$3841A$\^function\_.L:1#issueCommand(<function>:124)
	at jdk.nashorn.internal.scripts.Script$Recompilation$44618$3841A$\^function\_.L:1#issueCommand(<function>:124)
	at jdk.nashorn.internal.scripts.Script$Recompilation$44618$3841A$\^function\_.L:1#issueCommand(<function>:124)
	at jdk.nashorn.internal.scripts.Script$Recompilation$44618$3841A$\^function\_.L:1#issueCommand(<function>:124)
	at jdk.nashorn.internal.scripts.Script$Recompilation$44618$3841A$\^function\_.L:1#issueCommand(<function>:124)
	at jdk.nashorn.internal.scripts.Script$Recompilation$44618$3841A$\^function\_.L:1#issueCommand(<function>:124)
	at jdk.nashorn.internal.scripts.Script$Recompilation$44618$3841A$\^function\_.L:1#issueCommand(<function>:124)
	at jdk.nashorn.internal.scripts.Script$Recompilation$44618$3841A$\^function\_.L:1#issueCommand(<function>:124)
	at jdk.nashorn.internal.scripts.Script$Recompilation$44618$3841A$\^function\_.L:1#issueCommand(<function>:124)
	at jdk.nashorn.internal.scripts.Script$Recompilation$44618$3841A$\^function\_.L:1#issueCommand(<function>:124)
	at jdk.nashorn.internal.scripts.Script$Recompilation$44618$3841A$\^function\_.L:1#issueCommand(<function>:124)
	at jdk.nashorn.internal.scripts.Script$Recompilation$44618$3841A$\^function\_.L:1#issueCommand(<function>:124)
	at jdk.nashorn.internal.scripts.Script$Recompilation$44618$3841A$\^function\_.L:1#issueCommand(<function>:124)
	at jdk.nashorn.internal.scripts.Script$Recompilation$44618$3841A$\^function\_.L:1#issueCommand(<function>:124)
	at jdk.nashorn.internal.scripts.Script$Recompilation$44618$3841A$\^function\_.L:1#issueCommand(<function>:124)
	at jdk.nashorn.internal.scripts.Script$Recompilation$44618$3841A$\^function\_.L:1#issueCommand(<function>:124)
	at jdk.nashorn.internal.scripts.Script$Recompilation$44618$3841A$\^function\_.L:1#issueCommand(<function>:124)
	at jdk.nashorn.internal.scripts.Script$Recompilation$44618$3841A$\^function\_.L:1#issueCommand(<function>:124)
	at jdk.nashorn.internal.scripts.Script$Recompilation$44618$3841A$\^function\_.L:1#issueCommand(<function>:124)
	at jdk.nashorn.internal.scripts.Script$Recompilation$44618$3841A$\^function\_.L:1#issueCommand(<function>:124)
	at jdk.nashorn.internal.scripts.Script$Recompilation$44618$3841A$\^function\_.L:1#issueCommand(<function>:124)
	at jdk.nashorn.internal.scripts.Script$Recompilation$44618$3841A$\^function\_.L:1#issueCommand(<function>:124)
	at jdk.nashorn.internal.scripts.Script$Recompilation$44618$3841A$\^function\_.L:1#issueCommand(<function>:124)
	at jdk.nashorn.internal.scripts.Script$Recompilation$44618$3841A$\^function\_.L:1#issueCommand(<function>:124)
	at jdk.nashorn.internal.scripts.Script$Recompilation$44618$3841A$\^function\_.L:1#issueCommand(<function>:124)
	at jdk.nashorn.internal.scripts.Script$Recompilation$44618$3841A$\^function\_.L:1#issueCommand(<function>:124)
	at jdk.nashorn.internal.scripts.Script$Recompilation$44618$3841A$\^function\_.L:1#issueCommand(<function>:124)
	at jdk.nashorn.internal.scripts.Script$Recompilation$44618$3841A$\^function\_.L:1#issueCommand(<function>:124)
	at jdk.nashorn.internal.scripts.Script$Recompilation$44618$3841A$\^function\_.L:1#issueCommand(<function>:124)
	at jdk.nashorn.internal.scripts.Script$Recompilation$44618$3841A$\^function\_.L:1#issueCommand(<function>:124)
	at jdk.nashorn.internal.scripts.Script$Recompilation$44618$3841A$\^function\_.L:1#issueCommand(<function>:124)
	at jdk.nashorn.internal.scripts.Script$Recompilation$44618$3841A$\^function\_.L:1#issueCommand(<function>:124)
	at jdk.nashorn.internal.scripts.Script$Recompilation$44618$3841A$\^function\_.L:1#issueCommand(<function>:124)
	at jdk.nashorn.internal.scripts.Script$Recompilation$44618$3841A$\^function\_.L:1#issueCommand(<function>:124)
	at jdk.nashorn.internal.scripts.Script$Recompilation$44618$3841A$\^function\_.L:1#issueCommand(<function>:124)
	at jdk.nashorn.internal.scripts.Script$Recompilation$44618$3841A$\^function\_.L:1#issueCommand(<function>:124)
	at jdk.nashorn.internal.scripts.Script$Recompilation$44618$3841A$\^function\_.L:1#issueCommand(<function>:124)
	at jdk.nashorn.internal.scripts.Script$Recompilation$44618$3841A$\^function\_.L:1#issueCommand(<function>:124)
	at jdk.nashorn.internal.scripts.Script$Recompilation$44618$3841A$\^function\_.L:1#issueCommand(<function>:124)
	at jdk.nashorn.internal.scripts.Script$Recompilation$44618$3841A$\^function\_.L:1#issueCommand(<function>:124)
	at jdk.nashorn.internal.scripts.Script$Recompilation$44618$3841A$\^function\_.L:1#issueCommand(<function>:124)
	at jdk.nashorn.internal.scripts.Script$Recompilation$44618$3841A$\^function\_.L:1#issueCommand(<function>:124)
	at jdk.nashorn.internal.scripts.Script$Recompilation$44618$3841A$\^function\_.L:1#issueCommand(<function>:124)
	at jdk.nashorn.internal.scripts.Script$Recompilation$44618$3841A$\^function\_.L:1#issueCommand(<function>:124)
	at jdk.nashorn.internal.scripts.Script$Recompilation$44618$3841A$\^function\_.L:1#issueCommand(<function>:124)
	at jdk.nashorn.internal.scripts.Script$Recompilation$44618$3841A$\^function\_.L:1#issueCommand(<function>:124)
	at jdk.nashorn.internal.scripts.Script$Recompilation$44618$3841A$\^function\_.L:1#issueCommand(<function>:124)
	at jdk.nashorn.internal.scripts.Script$Recompilation$44618$3841A$\^function\_.L:1#issueCommand(<function>:124)
	at jdk.nashorn.internal.scripts.Script$Recompilation$44618$3841A$\^function\_.L:1#issueCommand(<function>:124)
	at jdk.nashorn.internal.scripts.Script$Recompilation$44618$3841A$\^function\_.L:1#issueCommand(<function>:124)
	at jdk.nashorn.internal.scripts.Script$Recompilation$44618$3841A$\^function\_.L:1#issueCommand(<function>:124)
	at jdk.nashorn.internal.scripts.Script$Recompilation$44618$3841A$\^function\_.L:1#issueCommand(<function>:124)
	at jdk.nashorn.internal.scripts.Script$Recompilation$44618$3841A$\^function\_.L:1#issueCommand(<function>:124)
	at jdk.nashorn.internal.scripts.Script$Recompilation$44618$3841A$\^function\_.L:1#issueCommand(<function>:124)
	at jdk.nashorn.internal.scripts.Script$Recompilation$44618$3841A$\^function\_.L:1#issueCommand(<function>:124)
	at jdk.nashorn.internal.scripts.Script$Recompilation$44618$3841A$\^function\_.L:1#issueCommand(<function>:124)
	at jdk.nashorn.internal.scripts.Script$Recompilation$44618$3841A$\^function\_.L:1#issueCommand(<function>:124)
	at jdk.nashorn.internal.scripts.Script$Recompilation$44618$3841A$\^function\_.L:1#issueCommand(<function>:124)
	at jdk.nashorn.internal.scripts.Script$Recompilation$44618$3841A$\^function\_.L:1#issueCommand(<function>:124)
	at jdk.nashorn.internal.scripts.Script$Recompilation$44618$3841A$\^function\_.L:1#issueCommand(<function>:124)
	at jdk.nashorn.internal.scripts.Script$Recompilation$44618$3841A$\^function\_.L:1#issueCommand(<function>:124)
	at jdk.nashorn.internal.scripts.Script$Recompilation$44618$3841A$\^function\_.L:1#issueCommand(<function>:124)
	at jdk.nashorn.internal.scripts.Script$Recompilation$44618$3841A$\^function\_.L:1#issueCommand(<function>:124)
	at jdk.nashorn.internal.scripts.Script$Recompilation$44618$3841A$\^function\_.L:1#issueCommand(<function>:124)
	at jdk.nashorn.internal.scripts.Script$Recompilation$44618$3841A$\^function\_.L:1#issueCommand(<function>:124)
	at jdk.nashorn.internal.scripts.Script$Recompilation$44618$3841A$\^function\_.L:1#issueCommand(<function>:124)
	at jdk.nashorn.internal.scripts.Script$Recompilation$44618$3841A$\^function\_.L:1#issueCommand(<function>:124)
	at jdk.nashorn.internal.scripts.Script$Recompilation$44618$3841A$\^function\_.L:1#issueCommand(<function>:124)
	at jdk.nashorn.internal.scripts.Script$Recompilation$44618$3841A$\^function\_.L:1#issueCommand(<function>:124)
	at jdk.nashorn.internal.scripts.Script$Recompilation$44618$3841A$\^function\_.L:1#issueCommand(<function>:124)
	at jdk.nashorn.internal.scripts.Script$Recompilation$44618$3841A$\^function\_.L:1#issueCommand(<function>:124)
	at jdk.nashorn.internal.scripts.Script$Recompilation$44618$3841A$\^function\_.L:1#issueCommand(<function>:124)
	at jdk.nashorn.internal.scripts.Script$Recompilation$44618$3841A$\^function\_.L:1#issueCommand(<function>:124)
	at jdk.nashorn.internal.scripts.Script$Recompilation$44618$3841A$\^function\_.L:1#issueCommand(<function>:124)
	at jdk.nashorn.internal.scripts.Script$Recompilation$44618$3841A$\^function\_.L:1#issueCommand(<function>:124)
	at jdk.nashorn.internal.scripts.Script$Recompilation$44618$3841A$\^function\_.L:1#issueCommand(<function>:124)
	at jdk.nashorn.internal.scripts.Script$Recompilation$44618$3841A$\^function\_.L:1#issueCommand(<function>:124)
	at jdk.nashorn.internal.scripts.Script$Recompilation$44618$3841A$\^function\_.L:1#issueCommand(<function>:124)
	at jdk.nashorn.internal.scripts.Script$Recompilation$44618$3841A$\^function\_.L:1#issueCommand(<function>:124)
	at jdk.nashorn.internal.scripts.Script$Recompilation$44618$3841A$\^function\_.L:1#issueCommand(<function>:124)
	at jdk.nashorn.internal.scripts.Script$Recompilation$44618$3841A$\^function\_.L:1#issueCommand(<function>:124)
	at jdk.nashorn.internal.scripts.Script$Recompilation$44618$3841A$\^function\_.L:1#issueCommand(<function>:124)
	at jdk.nashorn.internal.scripts.Script$Recompilation$44618$3841A$\^function\_.L:1#issueCommand(<function>:124)
	at jdk.nashorn.internal.scripts.Script$Recompilation$44618$3841A$\^function\_.L:1#issueCommand(<function>:124)
	at jdk.nashorn.internal.scripts.Script$Recompilation$44618$3841A$\^function\_.L:1#issueCommand(<function>:124)
	at jdk.nashorn.internal.scripts.Script$Recompilation$44618$3841A$\^function\_.L:1#issueCommand(<function>:124)
	at jdk.nashorn.internal.scripts.Script$Recompilation$44618$3841A$\^function\_.L:1#issueCommand(<function>:124)
	at jdk.nashorn.internal.scripts.Script$Recompilation$44618$3841A$\^function\_.L:1#issueCommand(<function>:124)
	at jdk.nashorn.internal.scripts.Script$Recompilation$44618$3841A$\^function\_.L:1#issueCommand(<function>:124)
	at jdk.nashorn.internal.scripts.Script$Recompilation$44618$3841A$\^function\_.L:1#issueCommand(<function>:124)
	at jdk.nashorn.internal.scripts.Script$Recompilation$44618$3841A$\^function\_.L:1#issueCommand(<function>:124)
	at jdk.nashorn.internal.scripts.Script$Recompilation$44618$3841A$\^function\_.L:1#issueCommand(<function>:124)
	at jdk.nashorn.internal.scripts.Script$Recompilation$44618$3841A$\^function\_.L:1#issueCommand(<function>:124)
	at jdk.nashorn.internal.scripts.Script$Recompilation$44618$3841A$\^function\_.L:1#issueCommand(<function>:124)
	at jdk.nashorn.internal.scripts.Script$Recompilation$44618$3841A$\^function\_.L:1#issueCommand(<function>:124)
	at jdk.nashorn.internal.scripts.Script$Recompilation$44618$3841A$\^function\_.L:1#issueCommand(<function>:124)
	at jdk.nashorn.internal.scripts.Script$Recompilation$44618$3841A$\^function\_.L:1#issueCommand(<function>:124)
	at jdk.nashorn.internal.scripts.Script$Recompilation$44618$3841A$\^function\_.L:1#issueCommand(<function>:124)
	at jdk.nashorn.internal.scripts.Script$Recompilation$44618$3841A$\^function\_.L:1#issueCommand(<function>:124)
	at jdk.nashorn.internal.scripts.Script$Recompilation$44618$3841A$\^function\_.L:1#issueCommand(<function>:124)
	at jdk.nashorn.internal.scripts.Script$Recompilation$44618$3841A$\^function\_.L:1#issueCommand(<function>:124)
	at jdk.nashorn.internal.scripts.Script$Recompilation$44618$3841A$\^function\_.L:1#issueCommand(<function>:124)
	at jdk.nashorn.internal.scripts.Script$Recompilation$44618$3841A$\^function\_.L:1#issueCommand(<function>:124)
	at jdk.nashorn.internal.scripts.Script$Recompilation$44618$3841A$\^function\_.L:1#issueCommand(<function>:124)
	at jdk.nashorn.internal.scripts.Script$Recompilation$44618$3841A$\^function\_.L:1#issueCommand(<function>:124)
	at jdk.nashorn.internal.scripts.Script$Recompilation$44618$3841A$\^function\_.L:1#issueCommand(<function>:124)
	at jdk.nashorn.internal.scripts.Script$Recompilation$44618$3841A$\^function\_.L:1#issueCommand(<function>:124)
	at jdk.nashorn.internal.scripts.Script$Recompilation$44618$3841A$\^function\_.L:1#issueCommand(<function>:124)
	at jdk.nashorn.internal.scripts.Script$Recompilation$44618$3841A$\^function\_.L:1#issueCommand(<function>:124)
	at jdk.nashorn.internal.scripts.Script$Recompilation$44618$3841A$\^function\_.L:1#issueCommand(<function>:124)
	at jdk.nashorn.internal.scripts.Script$Recompilation$44618$3841A$\^function\_.L:1#issueCommand(<function>:124)
	at jdk.nashorn.internal.scripts.Script$Recompilation$44618$3841A$\^function\_.L:1#issueCommand(<function>:124)
	at jdk.nashorn.internal.scripts.Script$Recompilation$44618$3841A$\^function\_.L:1#issueCommand(<function>:124)
	at jdk.nashorn.internal.scripts.Script$Recompilation$44618$3841A$\^function\_.L:1#issueCommand(<function>:124)
	at jdk.nashorn.internal.scripts.Script$Recompilation$44618$3841A$\^function\_.L:1#issueCommand(<function>:124)
	at jdk.nashorn.internal.scripts.Script$Recompilation$44618$3841A$\^function\_.L:1#issueCommand(<function>:124)
	at jdk.nashorn.internal.scripts.Script$Recompilation$44618$3841A$\^function\_.L:1#issueCommand(<function>:124)
	at jdk.nashorn.internal.scripts.Script$Recompilation$44618$3841A$\^function\_.L:1#issueCommand(<function>:124)
	at jdk.nashorn.internal.scripts.Script$Recompilation$44618$3841A$\^function\_.L:1#issueCommand(<function>:124)
	at jdk.nashorn.internal.scripts.Script$Recompilation$44618$3841A$\^function\_.L:1#issueCommand(<function>:124)
	at jdk.nashorn.internal.scripts.Script$Recompilation$44618$3841A$\^function\_.L:1#issueCommand(<function>:124)
	at jdk.nashorn.internal.scripts.Script$Recompilation$44618$3841A$\^function\_.L:1#issueCommand(<function>:124)
	at jdk.nashorn.internal.scripts.Script$Recompilation$44618$3841A$\^function\_.L:1#issueCommand(<function>:124)
	at jdk.nashorn.internal.scripts.Script$Recompilation$44618$3841A$\^function\_.L:1#issueCommand(<function>:124)
	at jdk.nashorn.internal.scripts.Script$Recompilation$44618$3841A$\^function\_.L:1#issueCommand(<function>:124)
	at jdk.nashorn.internal.scripts.Script$Recompilation$44618$3841A$\^function\_.L:1#issueCommand(<function>:124)
	at jdk.nashorn.internal.scripts.Script$Recompilation$44618$3841A$\^function\_.L:1#issueCommand(<function>:124)
	at jdk.nashorn.internal.scripts.Script$Recompilation$44618$3841A$\^function\_.L:1#issueCommand(<function>:124)
	at jdk.nashorn.internal.scripts.Script$Recompilation$44618$3841A$\^function\_.L:1#issueCommand(<function>:124)
	at jdk.nashorn.internal.scripts.Script$Recompilation$44618$3841A$\^function\_.L:1#issueCommand(<function>:124)
	at jdk.nashorn.internal.scripts.Script$Recompilation$44618$3841A$\^function\_.L:1#issueCommand(<function>:124)
	at jdk.nashorn.internal.scripts.Script$Recompilation$44618$3841A$\^function\_.L:1#issueCommand(<function>:124)
	at jdk.nashorn.internal.scripts.Script$Recompilation$44618$3841A$\^function\_.L:1#issueCommand(<function>:124)
	at jdk.nashorn.internal.scripts.Script$Recompilation$44618$3841A$\^function\_.L:1#issueCommand(<function>:124)
	at jdk.nashorn.internal.scripts.Script$Recompilation$44618$3841A$\^function\_.L:1#issueCommand(<function>:124)
	at jdk.nashorn.internal.scripts.Script$Recompilation$44618$3841A$\^function\_.L:1#issueCommand(<function>:124)
	at jdk.nashorn.internal.scripts.Script$Recompilation$44618$3841A$\^function\_.L:1#issueCommand(<function>:124)
	at jdk.nashorn.internal.scripts.Script$Recompilation$44618$3841A$\^function\_.L:1#issueCommand(<function>:124)
	at jdk.nashorn.internal.scripts.Script$Recompilation$44618$3841A$\^function\_.L:1#issueCommand(<function>:124)
	at jdk.nashorn.internal.scripts.Script$Recompilation$44618$3841A$\^function\_.L:1#issueCommand(<function>:124)
	at jdk.nashorn.internal.scripts.Script$Recompilation$44618$3841A$\^function\_.L:1#issueCommand(<function>:124)
	at jdk.nashorn.internal.scripts.Script$Recompilation$44618$3841A$\^function\_.L:1#issueCommand(<function>:124)
	at jdk.nashorn.internal.scripts.Script$Recompilation$44618$3841A$\^function\_.L:1#issueCommand(<function>:124)
	at jdk.nashorn.internal.scripts.Script$Recompilation$44618$3841A$\^function\_.L:1#issueCommand(<function>:124)
	at jdk.nashorn.internal.scripts.Script$Recompilation$44618$3841A$\^function\_.L:1#issueCommand(<function>:124)
	at jdk.nashorn.internal.scripts.Script$Recompilation$44618$3841A$\^function\_.L:1#issueCommand(<function>:124)
	at jdk.nashorn.internal.scripts.Script$Recompilation$44618$3841A$\^function\_.L:1#issueCommand(<function>:124)
	at jdk.nashorn.internal.scripts.Script$Recompilation$44618$3841A$\^function\_.L:1#issueCommand(<function>:124)
	at jdk.nashorn.internal.scripts.Script$Recompilation$44618$3841A$\^function\_.L:1#issueCommand(<function>:124)
	at jdk.nashorn.internal.scripts.Script$Recompilation$44618$3841A$\^function\_.L:1#issueCommand(<function>:124)
	at jdk.nashorn.internal.scripts.Script$Recompilation$44618$3841A$\^function\_.L:1#issueCommand(<function>:124)
	at jdk.nashorn.internal.scripts.Script$Recompilation$44618$3841A$\^function\_.L:1#issueCommand(<function>:124)
	at jdk.nashorn.internal.scripts.Script$Recompilation$44618$3841A$\^function\_.L:1#issueCommand(<function>:124)
	at jdk.nashorn.internal.scripts.Script$Recompilation$44618$3841A$\^function\_.L:1#issueCommand(<function>:124)
	at jdk.nashorn.internal.scripts.Script$Recompilation$44618$3841A$\^function\_.L:1#issueCommand(<function>:124)
	at jdk.nashorn.internal.scripts.Script$Recompilation$44618$3841A$\^function\_.L:1#issueCommand(<function>:124)
	at jdk.nashorn.internal.scripts.Script$Recompilation$44618$3841A$\^function\_.L:1#issueCommand(<function>:124)
	at jdk.nashorn.internal.scripts.Script$Recompilation$44618$3841A$\^function\_.L:1#issueCommand(<function>:124)
	at jdk.nashorn.internal.scripts.Script$Recompilation$44618$3841A$\^function\_.L:1#issueCommand(<function>:124)
	at jdk.nashorn.internal.scripts.Script$Recompilation$44618$3841A$\^function\_.L:1#issueCommand(<function>:124)
	at jdk.nashorn.internal.scripts.Script$Recompilation$44618$3841A$\^function\_.L:1#issueCommand(<function>:124)
	at jdk.nashorn.internal.scripts.Script$Recompilation$44618$3841A$\^function\_.L:1#issueCommand(<function>:124)
	at jdk.nashorn.internal.scripts.Script$Recompilation$44618$3841A$\^function\_.L:1#issueCommand(<function>:124)
	at jdk.nashorn.internal.scripts.Script$Recompilation$44618$3841A$\^function\_.L:1#issueCommand(<function>:124)
	at jdk.nashorn.internal.scripts.Script$Recompilation$44618$3841A$\^function\_.L:1#issueCommand(<function>:124)
	at jdk.nashorn.internal.scripts.Script$Recompilation$44618$3841A$\^function\_.L:1#issueCommand(<function>:124)
	at jdk.nashorn.internal.scripts.Script$Recompilation$44618$3841A$\^function\_.L:1#issueCommand(<function>:124)
	at jdk.nashorn.internal.scripts.Script$Recompilation$44618$3841A$\^function\_.L:1#issueCommand(<function>:124)
	at jdk.nashorn.internal.scripts.Script$Recompilation$44618$3841A$\^function\_.L:1#issueCommand(<function>:124)
	at jdk.nashorn.internal.scripts.Script$Recompilation$44618$3841A$\^function\_.L:1#issueCommand(<function>:124)
	at jdk.nashorn.internal.scripts.Script$Recompilation$44618$3841A$\^function\_.L:1#issueCommand(<function>:124)
	at jdk.nashorn.internal.scripts.Script$Recompilation$44618$3841A$\^function\_.L:1#issueCommand(<function>:124)
	at jdk.nashorn.internal.scripts.Script$Recompilation$44618$3841A$\^function\_.L:1#issueCommand(<function>:124)
	at jdk.nashorn.internal.scripts.Script$Recompilation$44618$3841A$\^function\_.L:1#issueCommand(<function>:124)
	at jdk.nashorn.internal.scripts.Script$Recompilation$44618$3841A$\^function\_.L:1#issueCommand(<function>:124)
	at jdk.nashorn.internal.scripts.Script$Recompilation$44618$3841A$\^function\_.L:1#issueCommand(<function>:124)
	at jdk.nashorn.internal.scripts.Script$Recompilation$44618$3841A$\^function\_.L:1#issueCommand(<function>:124)
	at jdk.nashorn.internal.scripts.Script$Recompilation$44618$3841A$\^function\_.L:1#issueCommand(<function>:124)
	at jdk.nashorn.internal.scripts.Script$Recompilation$44618$3841A$\^function\_.L:1#issueCommand(<function>:124)
	at jdk.nashorn.internal.scripts.Script$Recompilation$44618$3841A$\^function\_.L:1#issueCommand(<function>:124)
	at jdk.nashorn.internal.scripts.Script$Recompilation$44618$3841A$\^function\_.L:1#issueCommand(<function>:124)
	at jdk.nashorn.internal.scripts.Script$Recompilation$44618$3841A$\^function\_.L:1#issueCommand(<function>:124)
	at jdk.nashorn.internal.scripts.Script$Recompilation$44618$3841A$\^function\_.L:1#issueCommand(<function>:124)
	at jdk.nashorn.internal.scripts.Script$Recompilation$44618$3841A$\^function\_.L:1#issueCommand(<function>:124)
	at jdk.nashorn.internal.scripts.Script$Recompilation$44618$3841A$\^function\_.L:1#issueCommand(<function>:124)
	at jdk.nashorn.internal.scripts.Script$Recompilation$44618$3841A$\^function\_.L:1#issueCommand(<function>:124)
	at jdk.nashorn.internal.scripts.Script$Recompilation$44618$3841A$\^function\_.L:1#issueCommand(<function>:124)
	at jdk.nashorn.internal.scripts.Script$Recompilation$44618$3841A$\^function\_.L:1#issueCommand(<function>:124)
	at jdk.nashorn.internal.scripts.Script$Recompilation$44618$3841A$\^function\_.L:1#issueCommand(<function>:124)
	at jdk.nashorn.internal.scripts.Script$Recompilation$44618$3841A$\^function\_.L:1#issueCommand(<function>:124)
	at jdk.nashorn.internal.scripts.Script$Recompilation$44618$3841A$\^function\_.L:1#issueCommand(<function>:124)
	at jdk.nashorn.internal.scripts.Script$Recompilation$44618$3841A$\^function\_.L:1#issueCommand(<function>:124)
	at jdk.nashorn.internal.scripts.Script$Recompilation$44618$3841A$\^function\_.L:1#issueCommand(<function>:124)
	at jdk.nashorn.internal.scripts.Script$Recompilation$44618$3841A$\^function\_.L:1#issueCommand(<function>:124)
	at jdk.nashorn.internal.scripts.Script$Recompilation$44618$3841A$\^function\_.L:1#issueCommand(<function>:124)
	at jdk.nashorn.internal.scripts.Script$Recompilation$44618$3841A$\^function\_.L:1#issueCommand(<function>:124)
	at jdk.nashorn.internal.scripts.Script$Recompilation$44618$3841A$\^function\_.L:1#issueCommand(<function>:124)
	at jdk.nashorn.internal.scripts.Script$Recompilation$44618$3841A$\^function\_.L:1#issueCommand(<function>:124)
	at jdk.nashorn.internal.scripts.Script$Recompilation$44618$3841A$\^function\_.L:1#issueCommand(<function>:124)
	at jdk.nashorn.internal.scripts.Script$Recompilation$44618$3841A$\^function\_.L:1#issueCommand(<function>:124)
	at jdk.nashorn.internal.scripts.Script$Recompilation$44618$3841A$\^function\_.L:1#issueCommand(<function>:124)
	at jdk.nashorn.internal.scripts.Script$Recompilation$44618$3841A$\^function\_.L:1#issueCommand(<function>:124)
	at jdk.nashorn.internal.scripts.Script$Recompilation$44618$3841A$\^function\_.L:1#issueCommand(<function>:124)
	at jdk.nashorn.internal.scripts.Script$Recompilation$44618$3841A$\^function\_.L:1#issueCommand(<function>:124)
	at jdk.nashorn.internal.scripts.Script$Recompilation$44618$3841A$\^function\_.L:1#issueCommand(<function>:124)
	at jdk.nashorn.internal.scripts.Script$Recompilation$44618$3841A$\^function\_.L:1#issueCommand(<function>:124)
	at jdk.nashorn.internal.scripts.Script$Recompilation$44618$3841A$\^function\_.L:1#issueCommand(<function>:124)
	at jdk.nashorn.internal.scripts.Script$Recompilation$44618$3841A$\^function\_.L:1#issueCommand(<function>:124)
	at jdk.nashorn.internal.scripts.Script$Recompilation$44618$3841A$\^function\_.L:1#issueCommand(<function>:124)
	at jdk.nashorn.internal.scripts.Script$Recompilation$44618$3841A$\^function\_.L:1#issueCommand(<function>:124)
	at jdk.nashorn.internal.scripts.Script$Recompilation$44618$3841A$\^function\_.L:1#issueCommand(<function>:124)
	at jdk.nashorn.internal.scripts.Script$Recompilation$44618$3841A$\^function\_.L:1#issueCommand(<function>:124)
	at jdk.nashorn.internal.scripts.Script$Recompilation$44618$3841A$\^function\_.L:1#issueCommand(<function>:124)
	at jdk.nashorn.internal.scripts.Script$Recompilation$44618$3841A$\^function\_.L:1#issueCommand(<function>:124)
	at jdk.nashorn.internal.scripts.Script$Recompilation$44618$3841A$\^function\_.L:1#issueCommand(<function>:124)
	at jdk.nashorn.internal.scripts.Script$Recompilation$44618$3841A$\^function\_.L:1#issueCommand(<function>:124)
	at jdk.nashorn.internal.scripts.Script$Recompilation$44618$3841A$\^function\_.L:1#issueCommand(<function>:124)
	at jdk.nashorn.internal.scripts.Script$Recompilation$44618$3841A$\^function\_.L:1#issueCommand(<function>:124)
	at jdk.nashorn.internal.scripts.Script$Recompilation$44618$3841A$\^function\_.L:1#issueCommand(<function>:124)
	at jdk.nashorn.internal.scripts.Script$Recompilation$44618$3841A$\^function\_.L:1#issueCommand(<function>:124)
	at jdk.nashorn.internal.scripts.Script$Recompilation$44618$3841A$\^function\_.L:1#issueCommand(<function>:124)
	at jdk.nashorn.internal.scripts.Script$Recompilation$44618$3841A$\^function\_.L:1#issueCommand(<function>:124)
	at jdk.nashorn.internal.scripts.Script$Recompilation$44618$3841A$\^function\_.L:1#issueCommand(<function>:124)
	at jdk.nashorn.internal.scripts.Script$Recompilation$44618$3841A$\^function\_.L:1#issueCommand(<function>:124)
	at jdk.nashorn.internal.scripts.Script$Recompilation$44618$3841A$\^function\_.L:1#issueCommand(<function>:124)
	at jdk.nashorn.internal.scripts.Script$Recompilation$44618$3841A$\^function\_.L:1#issueCommand(<function>:124)
	at jdk.nashorn.internal.scripts.Script$Recompilation$44618$3841A$\^function\_.L:1#issueCommand(<function>:124)
	at jdk.nashorn.internal.scripts.Script$Recompilation$44618$3841A$\^function\_.L:1#issueCommand(<function>:124)
	at jdk.nashorn.internal.scripts.Script$Recompilation$44618$3841A$\^function\_.L:1#issueCommand(<function>:124)
	at jdk.nashorn.internal.scripts.Script$Recompilation$44618$3841A$\^function\_.L:1#issueCommand(<function>:124)
	at jdk.nashorn.internal.scripts.Script$Recompilation$44618$3841A$\^function\_.L:1#issueCommand(<function>:124)
	at jdk.nashorn.internal.scripts.Script$Recompilation$44618$3841A$\^function\_.L:1#issueCommand(<function>:124)
	at jdk.nashorn.internal.scripts.Script$Recompilation$44618$3841A$\^function\_.L:1#issueCommand(<function>:124)
	at jdk.nashorn.internal.scripts.Script$Recompilation$44618$3841A$\^function\_.L:1#issueCommand(<function>:124)
	at jdk.nashorn.internal.scripts.Script$Recompilation$44618$3841A$\^function\_.L:1#issueCommand(<function>:124)
	at jdk.nashorn.internal.scripts.Script$Recompilation$44618$3841A$\^function\_.L:1#issueCommand(<function>:124)
	at jdk.nashorn.internal.scripts.Script$Recompilation$44618$3841A$\^function\_.L:1#issueCommand(<function>:124)
	at jdk.nashorn.internal.scripts.Script$Recompilation$44618$3841A$\^function\_.L:1#issueCommand(<function>:124)
	at jdk.nashorn.internal.scripts.Script$Recompilation$44618$3841A$\^function\_.L:1#issueCommand(<function>:124)
	at jdk.nashorn.internal.scripts.Script$Recompilation$44618$3841A$\^function\_.L:1#issueCommand(<function>:124)
	at jdk.nashorn.internal.scripts.Script$Recompilation$44618$3841A$\^function\_.L:1#issueCommand(<function>:124)
	at jdk.nashorn.internal.scripts.Script$Recompilation$44618$3841A$\^function\_.L:1#issueCommand(<function>:124)
	at jdk.nashorn.internal.scripts.Script$Recompilation$44618$3841A$\^function\_.L:1#issueCommand(<function>:124)
	at jdk.nashorn.internal.scripts.Script$Recompilation$44618$3841A$\^function\_.L:1#issueCommand(<function>:124)
	at jdk.nashorn.internal.scripts.Script$Recompilation$44618$3841A$\^function\_.L:1#issueCommand(<function>:124)
	at jdk.nashorn.internal.scripts.Script$Recompilation$44618$3841A$\^function\_.L:1#issueCommand(<function>:124)
	at jdk.nashorn.internal.scripts.Script$Recompilation$44618$3841A$\^function\_.L:1#issueCommand(<function>:124)
	at jdk.nashorn.internal.scripts.Script$Recompilation$44618$3841A$\^function\_.L:1#issueCommand(<function>:124)
	at jdk.nashorn.internal.scripts.Script$Recompilation$44618$3841A$\^function\_.L:1#issueCommand(<function>:124)
	at jdk.nashorn.internal.scripts.Script$Recompilation$44618$3841A$\^function\_.L:1#issueCommand(<function>:124)
	at jdk.nashorn.internal.scripts.Script$Recompilation$44618$3841A$\^function\_.L:1#issueCommand(<function>:124)
	at jdk.nashorn.internal.scripts.Script$Recompilation$44618$3841A$\^function\_.L:1#issueCommand(<function>:124)
	at jdk.nashorn.internal.scripts.Script$Recompilation$44618$3841A$\^function\_.L:1#issueCommand(<function>:124)
	at jdk.nashorn.internal.scripts.Script$Recompilation$44618$3841A$\^function\_.L:1#issueCommand(<function>:124)
	at jdk.nashorn.internal.scripts.Script$Recompilation$44618$3841A$\^function\_.L:1#issueCommand(<function>:124)
	at jdk.nashorn.internal.scripts.Script$Recompilation$44618$3841A$\^function\_.L:1#issueCommand(<function>:124)
	at jdk.nashorn.internal.scripts.Script$Recompilation$44618$3841A$\^function\_.L:1#issueCommand(<function>:124)
	at jdk.nashorn.internal.scripts.Script$Recompilation$44618$3841A$\^function\_.L:1#issueCommand(<function>:124)
	at jdk.nashorn.internal.scripts.Script$Recompilation$44618$3841A$\^function\_.L:1#issueCommand(<function>:124)
	at jdk.nashorn.internal.scripts.Script$Recompilation$44618$3841A$\^function\_.L:1#issueCommand(<function>:124)
	at jdk.nashorn.internal.scripts.Script$Recompilation$44618$3841A$\^function\_.L:1#issueCommand(<function>:124)
	at jdk.nashorn.internal.scripts.Script$Recompilation$44618$3841A$\^function\_.L:1#issueCommand(<function>:124)
	at jdk.nashorn.internal.scripts.Script$Recompilation$44618$3841A$\^function\_.L:1#issueCommand(<function>:124)
	at jdk.nashorn.internal.scripts.Script$Recompilation$44618$3841A$\^function\_.L:1#issueCommand(<function>:124)
	at jdk.nashorn.internal.scripts.Script$Recompilation$44618$3841A$\^function\_.L:1#issueCommand(<function>:124)
	at jdk.nashorn.internal.scripts.Script$Recompilation$44618$3841A$\^function\_.L:1#issueCommand(<function>:124)
	at jdk.nashorn.internal.scripts.Script$Recompilation$44618$3841A$\^function\_.L:1#issueCommand(<function>:124)
	at jdk.nashorn.internal.scripts.Script$Recompilation$44618$3841A$\^function\_.L:1#issueCommand(<function>:124)
	at jdk.nashorn.internal.scripts.Script$Recompilation$44618$3841A$\^function\_.L:1#issueCommand(<function>:124)
	at jdk.nashorn.internal.scripts.Script$Recompilation$44618$3841A$\^function\_.L:1#issueCommand(<function>:124)
	at jdk.nashorn.internal.scripts.Script$Recompilation$44618$3841A$\^function\_.L:1#issueCommand(<function>:124)
	at jdk.nashorn.internal.scripts.Script$Recompilation$44618$3841A$\^function\_.L:1#issueCommand(<function>:124)
	at jdk.nashorn.internal.scripts.Script$Recompilation$44618$3841A$\^function\_.L:1#issueCommand(<function>:124)
	at jdk.nashorn.internal.scripts.Script$Recompilation$44618$3841A$\^function\_.L:1#issueCommand(<function>:124)
	at jdk.nashorn.internal.scripts.Script$Recompilation$44618$3841A$\^function\_.L:1#issueCommand(<function>:124)
	at jdk.nashorn.internal.scripts.Script$Recompilation$44618$3841A$\^function\_.L:1#issueCommand(<function>:124)
	at jdk.nashorn.internal.scripts.Script$Recompilation$44618$3841A$\^function\_.L:1#issueCommand(<function>:124)
	at jdk.nashorn.internal.scripts.Script$Recompilation$44618$3841A$\^function\_.L:1#issueCommand(<function>:124)
	at jdk.nashorn.internal.scripts.Script$Recompilation$44618$3841A$\^function\_.L:1#issueCommand(<function>:124)
	at jdk.nashorn.internal.scripts.Script$Recompilation$44618$3841A$\^function\_.L:1#issueCommand(<function>:124)
	at jdk.nashorn.internal.scripts.Script$Recompilation$44618$3841A$\^function\_.L:1#issueCommand(<function>:124)
	at jdk.nashorn.internal.scripts.Script$Recompilation$44618$3841A$\^function\_.L:1#issueCommand(<function>:124)
	at jdk.nashorn.internal.scripts.Script$Recompilation$44618$3841A$\^function\_.L:1#issueCommand(<function>:124)
	at jdk.nashorn.internal.scripts.Script$Recompilation$44618$3841A$\^function\_.L:1#issueCommand(<function>:124)
	at jdk.nashorn.internal.scripts.Script$Recompilation$44618$3841A$\^function\_.L:1#issueCommand(<function>:124)
	at jdk.nashorn.internal.scripts.Script$Recompilation$44618$3841A$\^function\_.L:1#issueCommand(<function>:124)
	at jdk.nashorn.internal.scripts.Script$Recompilation$44618$3841A$\^function\_.L:1#issueCommand(<function>:124)
	at jdk.nashorn.internal.scripts.Script$Recompilation$44618$3841A$\^function\_.L:1#issueCommand(<function>:124)
	at jdk.nashorn.internal.scripts.Script$Recompilation$44618$3841A$\^function\_.L:1#issueCommand(<function>:124)
	at jdk.nashorn.internal.scripts.Script$Recompilation$44618$3841A$\^function\_.L:1#issueCommand(<function>:124)
	at jdk.nashorn.internal.scripts.Script$Recompilation$44618$3841A$\^function\_.L:1#issueCommand(<function>:124)
	at jdk.nashorn.internal.scripts.Script$Recompilation$44618$3841A$\^function\_.L:1#issueCommand(<function>:124)
	at jdk.nashorn.internal.scripts.Script$Recompilation$44618$3841A$\^function\_.L:1#issueCommand(<function>:124)
	at jdk.nashorn.internal.scripts.Script$Recompilation$44618$3841A$\^function\_.L:1#issueCommand(<function>:124)
	at jdk.nashorn.internal.scripts.Script$Recompilation$44618$3841A$\^function\_.L:1#issueCommand(<function>:124)
	at jdk.nashorn.internal.scripts.Script$Recompilation$44618$3841A$\^function\_.L:1#issueCommand(<function>:124)
	at jdk.nashorn.internal.scripts.Script$Recompilation$44618$3841A$\^function\_.L:1#issueCommand(<function>:124)
	at jdk.nashorn.internal.scripts.Script$Recompilation$44618$3841A$\^function\_.L:1#issueCommand(<function>:124)
	at jdk.nashorn.internal.scripts.Script$Recompilation$44618$3841A$\^function\_.L:1#issueCommand(<function>:124)
	at jdk.nashorn.internal.scripts.Script$Recompilation$44618$3841A$\^function\_.L:1#issueCommand(<function>:124)
	at jdk.nashorn.internal.scripts.Script$Recompilation$44618$3841A$\^function\_.L:1#issueCommand(<function>:124)
	at jdk.nashorn.internal.scripts.Script$Recompilation$44618$3841A$\^function\_.L:1#issueCommand(<function>:124)
	at jdk.nashorn.internal.scripts.Script$Recompilation$44618$3841A$\^function\_.L:1#issueCommand(<function>:124)
	at jdk.nashorn.internal.scripts.Script$Recompilation$44618$3841A$\^function\_.L:1#issueCommand(<function>:124)
	at jdk.nashorn.internal.scripts.Script$Recompilation$44618$3841A$\^function\_.L:1#issueCommand(<function>:124)
	at jdk.nashorn.internal.scripts.Script$Recompilation$44618$3841A$\^function\_.L:1#issueCommand(<function>:124)
	at jdk.nashorn.internal.scripts.Script$Recompilation$44618$3841A$\^function\_.L:1#issueCommand(<function>:124)
	at jdk.nashorn.internal.scripts.Script$Recompilation$44618$3841A$\^function\_.L:1#issueCommand(<function>:124)
	at jdk.nashorn.internal.scripts.Script$Recompilation$44618$3841A$\^function\_.L:1#issueCommand(<function>:124)
	at jdk.nashorn.internal.scripts.Script$Recompilation$44618$3841A$\^function\_.L:1#issueCommand(<function>:124)
	at jdk.nashorn.internal.scripts.Script$Recompilation$44618$3841A$\^function\_.L:1#issueCommand(<function>:124)
	at jdk.nashorn.internal.scripts.Script$Recompilation$44618$3841A$\^function\_.L:1#issueCommand(<function>:124)
	at jdk.nashorn.internal.scripts.Script$Recompilation$44618$3841A$\^function\_.L:1#issueCommand(<function>:124)
	at jdk.nashorn.internal.scripts.Script$Recompilation$44618$3841A$\^function\_.L:1#issueCommand(<function>:124)
	at jdk.nashorn.internal.scripts.Script$Recompilation$44618$3841A$\^function\_.L:1#issueCommand(<function>:124)
	at jdk.nashorn.internal.scripts.Script$Recompilation$44618$3841A$\^function\_.L:1#issueCommand(<function>:124)
	at jdk.nashorn.internal.scripts.Script$Recompilation$44618$3841A$\^function\_.L:1#issueCommand(<function>:124)
	at jdk.nashorn.internal.scripts.Script$Recompilation$44618$3841A$\^function\_.L:1#issueCommand(<function>:124)
	at jdk.nashorn.internal.scripts.Script$Recompilation$44618$3841A$\^function\_.L:1#issueCommand(<function>:124)
	at jdk.nashorn.internal.scripts.Script$Recompilation$44618$3841A$\^function\_.L:1#issueCommand(<function>:124)
	at jdk.nashorn.internal.scripts.Script$Recompilation$44618$3841A$\^function\_.L:1#issueCommand(<function>:124)
	at jdk.nashorn.internal.scripts.Script$Recompilation$44618$3841A$\^function\_.L:1#issueCommand(<function>:124)
	at jdk.nashorn.internal.scripts.Script$Recompilation$44618$3841A$\^function\_.L:1#issueCommand(<function>:124)
	at jdk.nashorn.internal.scripts.Script$Recompilation$44618$3841A$\^function\_.L:1#issueCommand(<function>:124)
	at jdk.nashorn.internal.scripts.Script$Recompilation$44618$3841A$\^function\_.L:1#issueCommand(<function>:124)
	at jdk.nashorn.internal.scripts.Script$Recompilation$44618$3841A$\^function\_.L:1#issueCommand(<function>:124)
	at jdk.nashorn.internal.scripts.Script$Recompilation$44618$3841A$\^function\_.L:1#issueCommand(<function>:124)
	at jdk.nashorn.internal.scripts.Script$Recompilation$44618$3841A$\^function\_.L:1#issueCommand(<function>:124)
	at jdk.nashorn.internal.scripts.Script$Recompilation$44618$3841A$\^function\_.L:1#issueCommand(<function>:124)
	at jdk.nashorn.internal.scripts.Script$Recompilation$44618$3841A$\^function\_.L:1#issueCommand(<function>:124)
	at jdk.nashorn.internal.scripts.Script$Recompilation$44618$3841A$\^function\_.L:1#issueCommand(<function>:124)
	at jdk.nashorn.internal.scripts.Script$Recompilation$44618$3841A$\^function\_.L:1#issueCommand(<function>:124)
	at jdk.nashorn.internal.scripts.Script$Recompilation$44618$3841A$\^function\_.L:1#issueCommand(<function>:124)
	at jdk.nashorn.internal.scripts.Script$Recompilation$44618$3841A$\^function\_.L:1#issueCommand(<function>:124)
	at jdk.nashorn.internal.scripts.Script$Recompilation$44618$3841A$\^function\_.L:1#issueCommand(<function>:124)
	at jdk.nashorn.internal.scripts.Script$Recompilation$44618$3841A$\^function\_.L:1#issueCommand(<function>:124)
	at jdk.nashorn.internal.scripts.Script$Recompilation$44618$3841A$\^function\_.L:1#issueCommand(<function>:124)
	at jdk.nashorn.internal.scripts.Script$Recompilation$44618$3841A$\^function\_.L:1#issueCommand(<function>:124)
	at jdk.nashorn.internal.scripts.Script$Recompilation$44618$3841A$\^function\_.L:1#issueCommand(<function>:124)
	at jdk.nashorn.internal.scripts.Script$Recompilation$44618$3841A$\^function\_.L:1#issueCommand(<function>:124)
	at jdk.nashorn.internal.scripts.Script$Recompilation$44618$3841A$\^function\_.L:1#issueCommand(<function>:124)
	at jdk.nashorn.internal.scripts.Script$Recompilation$44618$3841A$\^function\_.L:1#issueCommand(<function>:124)
	at jdk.nashorn.internal.scripts.Script$Recompilation$44618$3841A$\^function\_.L:1#issueCommand(<function>:124)
	at jdk.nashorn.internal.scripts.Script$Recompilation$44618$3841A$\^function\_.L:1#issueCommand(<function>:124)
	at jdk.nashorn.internal.scripts.Script$Recompilation$44618$3841A$\^function\_.L:1#issueCommand(<function>:124)
	at jdk.nashorn.internal.scripts.Script$Recompilation$44618$3841A$\^function\_.L:1#issueCommand(<function>:124)
	at jdk.nashorn.internal.scripts.Script$Recompilation$44618$3841A$\^function\_.L:1#issueCommand(<function>:124)
	at jdk.nashorn.internal.scripts.Script$Recompilation$44618$3841A$\^function\_.L:1#issueCommand(<function>:124)
	at jdk.nashorn.internal.scripts.Script$Recompilation$44618$3841A$\^function\_.L:1#issueCommand(<function>:124)
	at jdk.nashorn.internal.scripts.Script$Recompilation$44618$3841A$\^function\_.L:1#issueCommand(<function>:124)
	at jdk.nashorn.internal.scripts.Script$Recompilation$44618$3841A$\^function\_.L:1#issueCommand(<function>:124)
	at jdk.nashorn.internal.scripts.Script$Recompilation$44618$3841A$\^function\_.L:1#issueCommand(<function>:124)
	at jdk.nashorn.internal.scripts.Script$Recompilation$44618$3841A$\^function\_.L:1#issueCommand(<function>:124)
	at jdk.nashorn.internal.scripts.Script$Recompilation$44618$3841A$\^function\_.L:1#issueCommand(<function>:124)
	at jdk.nashorn.internal.scripts.Script$Recompilation$44618$3841A$\^function\_.L:1#issueCommand(<function>:124)
	at jdk.nashorn.internal.scripts.Script$Recompilation$44618$3841A$\^function\_.L:1#issueCommand(<function>:124)
	at jdk.nashorn.internal.scripts.Script$Recompilation$44618$3841A$\^function\_.L:1#issueCommand(<function>:124)
	at jdk.nashorn.internal.scripts.Script$Recompilation$44618$3841A$\^function\_.L:1#issueCommand(<function>:124)
	at jdk.nashorn.internal.scripts.Script$Recompilation$44618$3841A$\^function\_.L:1#issueCommand(<function>:124)
	at jdk.nashorn.internal.scripts.Script$Recompilation$44618$3841A$\^function\_.L:1#issueCommand(<function>:124)
	at jdk.nashorn.internal.scripts.Script$Recompilation$44618$3841A$\^function\_.L:1#issueCommand(<function>:124)
	at jdk.nashorn.internal.scripts.Script$Recompilation$44618$3841A$\^function\_.L:1#issueCommand(<function>:124)
	at jdk.nashorn.internal.scripts.Script$Recompilation$44618$3841A$\^function\_.L:1#issueCommand(<function>:124)
	at jdk.nashorn.internal.scripts.Script$Recompilation$44618$3841A$\^function\_.L:1#issueCommand(<function>:124)
	at jdk.nashorn.internal.scripts.Script$Recompilation$44618$3841A$\^function\_.L:1#issueCommand(<function>:124)
	at jdk.nashorn.internal.scripts.Script$Recompilation$44618$3841A$\^function\_.L:1#issueCommand(<function>:124)
	at jdk.nashorn.internal.scripts.Script$Recompilation$44618$3841A$\^function\_.L:1#issueCommand(<function>:124)
	at jdk.nashorn.internal.scripts.Script$Recompilation$44618$3841A$\^function\_.L:1#issueCommand(<function>:124)
	at jdk.nashorn.internal.scripts.Script$Recompilation$44618$3841A$\^function\_.L:1#issueCommand(<function>:124)
	at jdk.nashorn.internal.scripts.Script$Recompilation$44618$3841A$\^function\_.L:1#issueCommand(<function>:124)
	at jdk.nashorn.internal.scripts.Script$Recompilation$44618$3841A$\^function\_.L:1#issueCommand(<function>:124)
	at jdk.nashorn.internal.scripts.Script$Recompilation$44618$3841A$\^function\_.L:1#issueCommand(<function>:124)
	at jdk.nashorn.internal.scripts.Script$Recompilation$44618$3841A$\^function\_.L:1#issueCommand(<function>:124)
	at jdk.nashorn.internal.scripts.Script$Recompilation$44618$3841A$\^function\_.L:1#issueCommand(<function>:124)
	at jdk.nashorn.internal.scripts.Script$Recompilation$44618$3841A$\^function\_.L:1#issueCommand(<function>:124)
	at jdk.nashorn.internal.scripts.Script$Recompilation$44618$3841A$\^function\_.L:1#issueCommand(<function>:124)
	at jdk.nashorn.internal.scripts.Script$Recompilation$44618$3841A$\^function\_.L:1#issueCommand(<function>:124)
	at jdk.nashorn.internal.scripts.Script$Recompilation$44618$3841A$\^function\_.L:1#issueCommand(<function>:124)
	at jdk.nashorn.internal.scripts.Script$Recompilation$44618$3841A$\^function\_.L:1#issueCommand(<function>:124)
	at jdk.nashorn.internal.scripts.Script$Recompilation$44618$3841A$\^function\_.L:1#issueCommand(<function>:124)
	at jdk.nashorn.internal.scripts.Script$Recompilation$44618$3841A$\^function\_.L:1#issueCommand(<function>:124)
	at jdk.nashorn.internal.scripts.Script$Recompilation$44618$3841A$\^function\_.L:1#issueCommand(<function>:124)

	at jdk.nashorn.internal.objects.NativeError.initException(NativeError.java:137)
	at jdk.nashorn.internal.objects.NativeError.<init>(NativeError.java:102)
	at jdk.nashorn.internal.objects.NativeError.<init>(NativeError.java:106)
	at jdk.nashorn.internal.objects.NativeError.<init>(NativeError.java:110)
	at jdk.nashorn.internal.objects.NativeError.constructor(NativeError.java:129)
	at jdk.nashorn.internal.scripts.Script$Recompilation$44870$76478A$require.L:1#react#invokeSpecificHandler(/home/travis/build/icyphy/ptII/ptolemy/actor/lib/jjs/external/require.js#409:30<eval>:1741)
	at jdk.nashorn.internal.scripts.Script$Recompilation$44869$75887A$require.L:1#react(/home/travis/build/icyphy/ptII/ptolemy/actor/lib/jjs/external/require.js#409:30<eval>:1769)
	at jdk.nashorn.internal.runtime.ScriptFunctionData.invoke(ScriptFunctionData.java:639)
	at jdk.nashorn.internal.runtime.ScriptFunction.invoke(ScriptFunction.java:494)
	at jdk.nashorn.internal.runtime.ScriptRuntime.apply(ScriptRuntime.java:393)
	at jdk.nashorn.api.scripting.ScriptObjectMirror.callMember(ScriptObjectMirror.java:199)
	at jdk.nashorn.api.scripting.NashornScriptEngine.invokeImpl(NashornScriptEngine.java:386)
	... 23 more
Caused by: javax.script.ScriptException: Error: commonHost.js, react(), invoking a specific handler for "trigger": Exception occurred in input handler for accessor SemanticYelpSearch, which has now has been removed.  Exception was: java.lang.StackOverflowError Stacktrace was: 
java.lang.StackOverflowError
	at jdk.nashorn.internal.runtime.AccessorProperty.getObjectValue(AccessorProperty.java:417)
	at jdk.nashorn.internal.runtime.FindProperty.getObjectValue(FindProperty.java:229)
	at jdk.nashorn.internal.runtime.ScriptObject.get(ScriptObject.java:2860)
	at jdk.nashorn.internal.runtime.ScriptObject.get(ScriptObject.java:2877)
	at jdk.nashorn.internal.scripts.Script$Recompilation$44872$56054A$require.L:1#get(/home/travis/build/icyphy/ptII/ptolemy/actor/lib/jjs/external/require.js#409:30<eval>:1245)
	at jdk.nashorn.internal.scripts.Script$Recompilation$44618$3841A$\^function\_.L:1#issueCommand(<function>:116)
	at jdk.nashorn.internal.scripts.Script$Recompilation$44618$3841A$\^function\_.L:1#issueCommand(<function>:124)
	at jdk.nashorn.internal.scripts.Script$Recompilation$44618$3841A$\^function\_.L:1#issueCommand(<function>:124)
	at jdk.nashorn.internal.scripts.Script$Recompilation$44618$3841A$\^function\_.L:1#issueCommand(<function>:124)
	at jdk.nashorn.internal.scripts.Script$Recompilation$44618$3841A$\^function\_.L:1#issueCommand(<function>:124)
	at jdk.nashorn.internal.scripts.Script$Recompilation$44618$3841A$\^function\_.L:1#issueCommand(<function>:124)
	at jdk.nashorn.internal.scripts.Script$Recompilation$44618$3841A$\^function\_.L:1#issueCommand(<function>:124)
	at jdk.nashorn.internal.scripts.Script$Recompilation$44618$3841A$\^function\_.L:1#issueCommand(<function>:124)
	at jdk.nashorn.internal.scripts.Script$Recompilation$44618$3841A$\^function\_.L:1#issueCommand(<function>:124)
	at jdk.nashorn.internal.scripts.Script$Recompilation$44618$3841A$\^function\_.L:1#issueCommand(<function>:124)
	at jdk.nashorn.internal.scripts.Script$Recompilation$44618$3841A$\^function\_.L:1#issueCommand(<function>:124)
	at jdk.nashorn.internal.scripts.Script$Recompilation$44618$3841A$\^function\_.L:1#issueCommand(<function>:124)
	at jdk.nashorn.internal.scripts.Script$Recompilation$44618$3841A$\^function\_.L:1#issueCommand(<function>:124)
	at jdk.nashorn.internal.scripts.Script$Recompilation$44618$3841A$\^function\_.L:1#issueCommand(<function>:124)
	at jdk.nashorn.internal.scripts.Script$Recompilation$44618$3841A$\^function\_.L:1#issueCommand(<function>:124)
	at jdk.nashorn.internal.scripts.Script$Recompilation$44618$3841A$\^function\_.L:1#issueCommand(<function>:124)
	at jdk.nashorn.internal.scripts.Script$Recompilation$44618$3841A$\^function\_.L:1#issueCommand(<function>:124)
	at jdk.nashorn.internal.scripts.Script$Recompilation$44618$3841A$\^function\_.L:1#issueCommand(<function>:124)
	at jdk.nashorn.internal.scripts.Script$Recompilation$44618$3841A$\^function\_.L:1#issueCommand(<function>:124)
	at jdk.nashorn.internal.scripts.Script$Recompilation$44618$3841A$\^function\_.L:1#issueCommand(<function>:124)
	at jdk.nashorn.internal.scripts.Script$Recompilation$44618$3841A$\^function\_.L:1#issueCommand(<function>:124)
	at jdk.nashorn.internal.scripts.Script$Recompilation$44618$3841A$\^function\_.L:1#issueCommand(<function>:124)
	at jdk.nashorn.internal.scripts.Script$Recompilation$44618$3841A$\^function\_.L:1#issueCommand(<function>:124)
	at jdk.nashorn.internal.scripts.Script$Recompilation$44618$3841A$\^function\_.L:1#issueCommand(<function>:124)
	at jdk.nashorn.internal.scripts.Script$Recompilation$44618$3841A$\^function\_.L:1#issueCommand(<function>:124)
	at jdk.nashorn.internal.scripts.Script$Recompilation$44618$3841A$\^function\_.L:1#issueCommand(<function>:124)
	at jdk.nashorn.internal.scripts.Script$Recompilation$44618$3841A$\^function\_.L:1#issueCommand(<function>:124)
	at jdk.nashorn.internal.scripts.Script$Recompilation$44618$3841A$\^function\_.L:1#issueCommand(<function>:124)
	at jdk.nashorn.internal.scripts.Script$Recompilation$44618$3841A$\^function\_.L:1#issueCommand(<function>:124)
	at jdk.nashorn.internal.scripts.Script$Recompilation$44618$3841A$\^function\_.L:1#issueCommand(<function>:124)
	at jdk.nashorn.internal.scripts.Script$Recompilation$44618$3841A$\^function\_.L:1#issueCommand(<function>:124)
	at jdk.nashorn.internal.scripts.Script$Recompilation$44618$3841A$\^function\_.L:1#issueCommand(<function>:124)
	at jdk.nashorn.internal.scripts.Script$Recompilation$44618$3841A$\^function\_.L:1#issueCommand(<function>:124)
	at jdk.nashorn.internal.scripts.Script$Recompilation$44618$3841A$\^function\_.L:1#issueCommand(<function>:124)
	at jdk.nashorn.internal.scripts.Script$Recompilation$44618$3841A$\^function\_.L:1#issueCommand(<function>:124)
	at jdk.nashorn.internal.scripts.Script$Recompilation$44618$3841A$\^function\_.L:1#issueCommand(<function>:124)
	at jdk.nashorn.internal.scripts.Script$Recompilation$44618$3841A$\^function\_.L:1#issueCommand(<function>:124)
	at jdk.nashorn.internal.scripts.Script$Recompilation$44618$3841A$\^function\_.L:1#issueCommand(<function>:124)
	at jdk.nashorn.internal.scripts.Script$Recompilation$44618$3841A$\^function\_.L:1#issueCommand(<function>:124)
	at jdk.nashorn.internal.scripts.Script$Recompilation$44618$3841A$\^function\_.L:1#issueCommand(<function>:124)
	at jdk.nashorn.internal.scripts.Script$Recompilation$44618$3841A$\^function\_.L:1#issueCommand(<function>:124)
	at jdk.nashorn.internal.scripts.Script$Recompilation$44618$3841A$\^function\_.L:1#issueCommand(<function>:124)
	at jdk.nashorn.internal.scripts.Script$Recompilation$44618$3841A$\^function\_.L:1#issueCommand(<function>:124)
	at jdk.nashorn.internal.scripts.Script$Recompilation$44618$3841A$\^function\_.L:1#issueCommand(<function>:124)
	at jdk.nashorn.internal.scripts.Script$Recompilation$44618$3841A$\^function\_.L:1#issueCommand(<function>:124)
	at jdk.nashorn.internal.scripts.Script$Recompilation$44618$3841A$\^function\_.L:1#issueCommand(<function>:124)
	at jdk.nashorn.internal.scripts.Script$Recompilation$44618$3841A$\^function\_.L:1#issueCommand(<function>:124)
	at jdk.nashorn.internal.scripts.Script$Recompilation$44618$3841A$\^function\_.L:1#issueCommand(<function>:124)
	at jdk.nashorn.internal.scripts.Script$Recompilation$44618$3841A$\^function\_.L:1#issueCommand(<function>:124)
	at jdk.nashorn.internal.scripts.Script$Recompilation$44618$3841A$\^function\_.L:1#issueCommand(<function>:124)
	at jdk.nashorn.internal.scripts.Script$Recompilation$44618$3841A$\^function\_.L:1#issueCommand(<function>:124)
	at jdk.nashorn.internal.scripts.Script$Recompilation$44618$3841A$\^function\_.L:1#issueCommand(<function>:124)
	at jdk.nashorn.internal.scripts.Script$Recompilation$44618$3841A$\^function\_.L:1#issueCommand(<function>:124)
	at jdk.nashorn.internal.scripts.Script$Recompilation$44618$3841A$\^function\_.L:1#issueCommand(<function>:124)
	at jdk.nashorn.internal.scripts.Script$Recompilation$44618$3841A$\^function\_.L:1#issueCommand(<function>:124)
	at jdk.nashorn.internal.scripts.Script$Recompilation$44618$3841A$\^function\_.L:1#issueCommand(<function>:124)
	at jdk.nashorn.internal.scripts.Script$Recompilation$44618$3841A$\^function\_.L:1#issueCommand(<function>:124)
	at jdk.nashorn.internal.scripts.Script$Recompilation$44618$3841A$\^function\_.L:1#issueCommand(<function>:124)
	at jdk.nashorn.internal.scripts.Script$Recompilation$44618$3841A$\^function\_.L:1#issueCommand(<function>:124)
	at jdk.nashorn.internal.scripts.Script$Recompilation$44618$3841A$\^function\_.L:1#issueCommand(<function>:124)
	at jdk.nashorn.internal.scripts.Script$Recompilation$44618$3841A$\^function\_.L:1#issueCommand(<function>:124)
	at jdk.nashorn.internal.scripts.Script$Recompilation$44618$3841A$\^function\_.L:1#issueCommand(<function>:124)
	at jdk.nashorn.internal.scripts.Script$Recompilation$44618$3841A$\^function\_.L:1#issueCommand(<function>:124)
	at jdk.nashorn.internal.scripts.Script$Recompilation$44618$3841A$\^function\_.L:1#issueCommand(<function>:124)
	at jdk.nashorn.internal.scripts.Script$Recompilation$44618$3841A$\^function\_.L:1#issueCommand(<function>:124)
	at jdk.nashorn.internal.scripts.Script$Recompilation$44618$3841A$\^function\_.L:1#issueCommand(<function>:124)
	at jdk.nashorn.internal.scripts.Script$Recompilation$44618$3841A$\^function\_.L:1#issueCommand(<function>:124)
	at jdk.nashorn.internal.scripts.Script$Recompilation$44618$3841A$\^function\_.L:1#issueCommand(<function>:124)
	at jdk.nashorn.internal.scripts.Script$Recompilation$44618$3841A$\^function\_.L:1#issueCommand(<function>:124)
	at jdk.nashorn.internal.scripts.Script$Recompilation$44618$3841A$\^function\_.L:1#issueCommand(<function>:124)
	at jdk.nashorn.internal.scripts.Script$Recompilation$44618$3841A$\^function\_.L:1#issueCommand(<function>:124)
	at jdk.nashorn.internal.scripts.Script$Recompilation$44618$3841A$\^function\_.L:1#issueCommand(<function>:124)
	at jdk.nashorn.internal.scripts.Script$Recompilation$44618$3841A$\^function\_.L:1#issueCommand(<function>:124)
	at jdk.nashorn.internal.scripts.Script$Recompilation$44618$3841A$\^function\_.L:1#issueCommand(<function>:124)
	at jdk.nashorn.internal.scripts.Script$Recompilation$44618$3841A$\^function\_.L:1#issueCommand(<function>:124)
	at jdk.nashorn.internal.scripts.Script$Recompilation$44618$3841A$\^function\_.L:1#issueCommand(<function>:124)
	at jdk.nashorn.internal.scripts.Script$Recompilation$44618$3841A$\^function\_.L:1#issueCommand(<function>:124)
	at jdk.nashorn.internal.scripts.Script$Recompilation$44618$3841A$\^function\_.L:1#issueCommand(<function>:124)
	at jdk.nashorn.internal.scripts.Script$Recompilation$44618$3841A$\^function\_.L:1#issueCommand(<function>:124)
	at jdk.nashorn.internal.scripts.Script$Recompilation$44618$3841A$\^function\_.L:1#issueCommand(<function>:124)
	at jdk.nashorn.internal.scripts.Script$Recompilation$44618$3841A$\^function\_.L:1#issueCommand(<function>:124)
	at jdk.nashorn.internal.scripts.Script$Recompilation$44618$3841A$\^function\_.L:1#issueCommand(<function>:124)
	at jdk.nashorn.internal.scripts.Script$Recompilation$44618$3841A$\^function\_.L:1#issueCommand(<function>:124)
	at jdk.nashorn.internal.scripts.Script$Recompilation$44618$3841A$\^function\_.L:1#issueCommand(<function>:124)
	at jdk.nashorn.internal.scripts.Script$Recompilation$44618$3841A$\^function\_.L:1#issueCommand(<function>:124)
	at jdk.nashorn.internal.scripts.Script$Recompilation$44618$3841A$\^function\_.L:1#issueCommand(<function>:124)
	at jdk.nashorn.internal.scripts.Script$Recompilation$44618$3841A$\^function\_.L:1#issueCommand(<function>:124)
	at jdk.nashorn.internal.scripts.Script$Recompilation$44618$3841A$\^function\_.L:1#issueCommand(<function>:124)
	at jdk.nashorn.internal.scripts.Script$Recompilation$44618$3841A$\^function\_.L:1#issueCommand(<function>:124)
	at jdk.nashorn.internal.scripts.Script$Recompilation$44618$3841A$\^function\_.L:1#issueCommand(<function>:124)
	at jdk.nashorn.internal.scripts.Script$Recompilation$44618$3841A$\^function\_.L:1#issueCommand(<function>:124)
	at jdk.nashorn.internal.scripts.Script$Recompilation$44618$3841A$\^function\_.L:1#issueCommand(<function>:124)
	at jdk.nashorn.internal.scripts.Script$Recompilation$44618$3841A$\^function\_.L:1#issueCommand(<function>:124)
	at jdk.nashorn.internal.scripts.Script$Recompilation$44618$3841A$\^function\_.L:1#issueCommand(<function>:124)
	at jdk.nashorn.internal.scripts.Script$Recompilation$44618$3841A$\^function\_.L:1#issueCommand(<function>:124)
	at jdk.nashorn.internal.scripts.Script$Recompilation$44618$3841A$\^function\_.L:1#issueCommand(<function>:124)
	at jdk.nashorn.internal.scripts.Script$Recompilation$44618$3841A$\^function\_.L:1#issueCommand(<function>:124)
	at jdk.nashorn.internal.scripts.Script$Recompilation$44618$3841A$\^function\_.L:1#issueCommand(<function>:124)
	at jdk.nashorn.internal.scripts.Script$Recompilation$44618$3841A$\^function\_.L:1#issueCommand(<function>:124)
	at jdk.nashorn.internal.scripts.Script$Recompilation$44618$3841A$\^function\_.L:1#issueCommand(<function>:124)
	at jdk.nashorn.internal.scripts.Script$Recompilation$44618$3841A$\^function\_.L:1#issueCommand(<function>:124)
	at jdk.nashorn.internal.scripts.Script$Recompilation$44618$3841A$\^function\_.L:1#issueCommand(<function>:124)
	at jdk.nashorn.internal.scripts.Script$Recompilation$44618$3841A$\^function\_.L:1#issueCommand(<function>:124)
	at jdk.nashorn.internal.scripts.Script$Recompilation$44618$3841A$\^function\_.L:1#issueCommand(<function>:124)
	at jdk.nashorn.internal.scripts.Script$Recompilation$44618$3841A$\^function\_.L:1#issueCommand(<function>:124)
	at jdk.nashorn.internal.scripts.Script$Recompilation$44618$3841A$\^function\_.L:1#issueCommand(<function>:124)
	at jdk.nashorn.internal.scripts.Script$Recompilation$44618$3841A$\^function\_.L:1#issueCommand(<function>:124)
	at jdk.nashorn.internal.scripts.Script$Recompilation$44618$3841A$\^function\_.L:1#issueCommand(<function>:124)
	at jdk.nashorn.internal.scripts.Script$Recompilation$44618$3841A$\^function\_.L:1#issueCommand(<function>:124)
	at jdk.nashorn.internal.scripts.Script$Recompilation$44618$3841A$\^function\_.L:1#issueCommand(<function>:124)
	at jdk.nashorn.internal.scripts.Script$Recompilation$44618$3841A$\^function\_.L:1#issueCommand(<function>:124)
	at jdk.nashorn.internal.scripts.Script$Recompilation$44618$3841A$\^function\_.L:1#issueCommand(<function>:124)
	at jdk.nashorn.internal.scripts.Script$Recompilation$44618$3841A$\^function\_.L:1#issueCommand(<function>:124)
	at jdk.nashorn.internal.scripts.Script$Recompilation$44618$3841A$\^function\_.L:1#issueCommand(<function>:124)
	at jdk.nashorn.internal.scripts.Script$Recompilation$44618$3841A$\^function\_.L:1#issueCommand(<function>:124)
	at jdk.nashorn.internal.scripts.Script$Recompilation$44618$3841A$\^function\_.L:1#issueCommand(<function>:124)
	at jdk.nashorn.internal.scripts.Script$Recompilation$44618$3841A$\^function\_.L:1#issueCommand(<function>:124)
	at jdk.nashorn.internal.scripts.Script$Recompilation$44618$3841A$\^function\_.L:1#issueCommand(<function>:124)
	at jdk.nashorn.internal.scripts.Script$Recompilation$44618$3841A$\^function\_.L:1#issueCommand(<function>:124)
	at jdk.nashorn.internal.scripts.Script$Recompilation$44618$3841A$\^function\_.L:1#issueCommand(<function>:124)
	at jdk.nashorn.internal.scripts.Script$Recompilation$44618$3841A$\^function\_.L:1#issueCommand(<function>:124)
	at jdk.nashorn.internal.scripts.Script$Recompilation$44618$3841A$\^function\_.L:1#issueCommand(<function>:124)
	at jdk.nashorn.internal.scripts.Script$Recompilation$44618$3841A$\^function\_.L:1#issueCommand(<function>:124)
	at jdk.nashorn.internal.scripts.Script$Recompilation$44618$3841A$\^function\_.L:1#issueCommand(<function>:124)
	at jdk.nashorn.internal.scripts.Script$Recompilation$44618$3841A$\^function\_.L:1#issueCommand(<function>:124)
	at jdk.nashorn.internal.scripts.Script$Recompilation$44618$3841A$\^function\_.L:1#issueCommand(<function>:124)
	at jdk.nashorn.internal.scripts.Script$Recompilation$44618$3841A$\^function\_.L:1#issueCommand(<function>:124)
	at jdk.nashorn.internal.scripts.Script$Recompilation$44618$3841A$\^function\_.L:1#issueCommand(<function>:124)
	at jdk.nashorn.internal.scripts.Script$Recompilation$44618$3841A$\^function\_.L:1#issueCommand(<function>:124)
	at jdk.nashorn.internal.scripts.Script$Recompilation$44618$3841A$\^function\_.L:1#issueCommand(<function>:124)
	at jdk.nashorn.internal.scripts.Script$Recompilation$44618$3841A$\^function\_.L:1#issueCommand(<function>:124)
	at jdk.nashorn.internal.scripts.Script$Recompilation$44618$3841A$\^function\_.L:1#issueCommand(<function>:124)
	at jdk.nashorn.internal.scripts.Script$Recompilation$44618$3841A$\^function\_.L:1#issueCommand(<function>:124)
	at jdk.nashorn.internal.scripts.Script$Recompilation$44618$3841A$\^function\_.L:1#issueCommand(<function>:124)
	at jdk.nashorn.internal.scripts.Script$Recompilation$44618$3841A$\^function\_.L:1#issueCommand(<function>:124)
	at jdk.nashorn.internal.scripts.Script$Recompilation$44618$3841A$\^function\_.L:1#issueCommand(<function>:124)
	at jdk.nashorn.internal.scripts.Script$Recompilation$44618$3841A$\^function\_.L:1#issueCommand(<function>:124)
	at jdk.nashorn.internal.scripts.Script$Recompilation$44618$3841A$\^function\_.L:1#issueCommand(<function>:124)
	at jdk.nashorn.internal.scripts.Script$Recompilation$44618$3841A$\^function\_.L:1#issueCommand(<function>:124)
	at jdk.nashorn.internal.scripts.Script$Recompilation$44618$3841A$\^function\_.L:1#issueCommand(<function>:124)
	at jdk.nashorn.internal.scripts.Script$Recompilation$44618$3841A$\^function\_.L:1#issueCommand(<function>:124)
	at jdk.nashorn.internal.scripts.Script$Recompilation$44618$3841A$\^function\_.L:1#issueCommand(<function>:124)
	at jdk.nashorn.internal.scripts.Script$Recompilation$44618$3841A$\^function\_.L:1#issueCommand(<function>:124)
	at jdk.nashorn.internal.scripts.Script$Recompilation$44618$3841A$\^function\_.L:1#issueCommand(<function>:124)
	at jdk.nashorn.internal.scripts.Script$Recompilation$44618$3841A$\^function\_.L:1#issueCommand(<function>:124)
	at jdk.nashorn.internal.scripts.Script$Recompilation$44618$3841A$\^function\_.L:1#issueCommand(<function>:124)
	at jdk.nashorn.internal.scripts.Script$Recompilation$44618$3841A$\^function\_.L:1#issueCommand(<function>:124)
	at jdk.nashorn.internal.scripts.Script$Recompilation$44618$3841A$\^function\_.L:1#issueCommand(<function>:124)
	at jdk.nashorn.internal.scripts.Script$Recompilation$44618$3841A$\^function\_.L:1#issueCommand(<function>:124)
	at jdk.nashorn.internal.scripts.Script$Recompilation$44618$3841A$\^function\_.L:1#issueCommand(<function>:124)
	at jdk.nashorn.internal.scripts.Script$Recompilation$44618$3841A$\^function\_.L:1#issueCommand(<function>:124)
	at jdk.nashorn.internal.scripts.Script$Recompilation$44618$3841A$\^function\_.L:1#issueCommand(<function>:124)
	at jdk.nashorn.internal.scripts.Script$Recompilation$44618$3841A$\^function\_.L:1#issueCommand(<function>:124)
	at jdk.nashorn.internal.scripts.Script$Recompilation$44618$3841A$\^function\_.L:1#issueCommand(<function>:124)
	at jdk.nashorn.internal.scripts.Script$Recompilation$44618$3841A$\^function\_.L:1#issueCommand(<function>:124)
	at jdk.nashorn.internal.scripts.Script$Recompilation$44618$3841A$\^function\_.L:1#issueCommand(<function>:124)
	at jdk.nashorn.internal.scripts.Script$Recompilation$44618$3841A$\^function\_.L:1#issueCommand(<function>:124)
	at jdk.nashorn.internal.scripts.Script$Recompilation$44618$3841A$\^function\_.L:1#issueCommand(<function>:124)
	at jdk.nashorn.internal.scripts.Script$Recompilation$44618$3841A$\^function\_.L:1#issueCommand(<function>:124)
	at jdk.nashorn.internal.scripts.Script$Recompilation$44618$3841A$\^function\_.L:1#issueCommand(<function>:124)
	at jdk.nashorn.internal.scripts.Script$Recompilation$44618$3841A$\^function\_.L:1#issueCommand(<function>:124)
	at jdk.nashorn.internal.scripts.Script$Recompilation$44618$3841A$\^function\_.L:1#issueCommand(<function>:124)
	at jdk.nashorn.internal.scripts.Script$Recompilation$44618$3841A$\^function\_.L:1#issueCommand(<function>:124)
	at jdk.nashorn.internal.scripts.Script$Recompilation$44618$3841A$\^function\_.L:1#issueCommand(<function>:124)
	at jdk.nashorn.internal.scripts.Script$Recompilation$44618$3841A$\^function\_.L:1#issueCommand(<function>:124)
	at jdk.nashorn.internal.scripts.Script$Recompilation$44618$3841A$\^function\_.L:1#issueCommand(<function>:124)
	at jdk.nashorn.internal.scripts.Script$Recompilation$44618$3841A$\^function\_.L:1#issueCommand(<function>:124)
	at jdk.nashorn.internal.scripts.Script$Recompilation$44618$3841A$\^function\_.L:1#issueCommand(<function>:124)
	at jdk.nashorn.internal.scripts.Script$Recompilation$44618$3841A$\^function\_.L:1#issueCommand(<function>:124)
	at jdk.nashorn.internal.scripts.Script$Recompilation$44618$3841A$\^function\_.L:1#issueCommand(<function>:124)
	at jdk.nashorn.internal.scripts.Script$Recompilation$44618$3841A$\^function\_.L:1#issueCommand(<function>:124)
	at jdk.nashorn.internal.scripts.Script$Recompilation$44618$3841A$\^function\_.L:1#issueCommand(<function>:124)
	at jdk.nashorn.internal.scripts.Script$Recompilation$44618$3841A$\^function\_.L:1#issueCommand(<function>:124)
	at jdk.nashorn.internal.scripts.Script$Recompilation$44618$3841A$\^function\_.L:1#issueCommand(<function>:124)
	at jdk.nashorn.internal.scripts.Script$Recompilation$44618$3841A$\^function\_.L:1#issueCommand(<function>:124)
	at jdk.nashorn.internal.scripts.Script$Recompilation$44618$3841A$\^function\_.L:1#issueCommand(<function>:124)
	at jdk.nashorn.internal.scripts.Script$Recompilation$44618$3841A$\^function\_.L:1#issueCommand(<function>:124)
	at jdk.nashorn.internal.scripts.Script$Recompilation$44618$3841A$\^function\_.L:1#issueCommand(<function>:124)
	at jdk.nashorn.internal.scripts.Script$Recompilation$44618$3841A$\^function\_.L:1#issueCommand(<function>:124)
	at jdk.nashorn.internal.scripts.Script$Recompilation$44618$3841A$\^function\_.L:1#issueCommand(<function>:124)
	at jdk.nashorn.internal.scripts.Script$Recompilation$44618$3841A$\^function\_.L:1#issueCommand(<function>:124)
	at jdk.nashorn.internal.scripts.Script$Recompilation$44618$3841A$\^function\_.L:1#issueCommand(<function>:124)
	at jdk.nashorn.internal.scripts.Script$Recompilation$44618$3841A$\^function\_.L:1#issueCommand(<function>:124)
	at jdk.nashorn.internal.scripts.Script$Recompilation$44618$3841A$\^function\_.L:1#issueCommand(<function>:124)
	at jdk.nashorn.internal.scripts.Script$Recompilation$44618$3841A$\^function\_.L:1#issueCommand(<function>:124)
	at jdk.nashorn.internal.scripts.Script$Recompilation$44618$3841A$\^function\_.L:1#issueCommand(<function>:124)
	at jdk.nashorn.internal.scripts.Script$Recompilation$44618$3841A$\^function\_.L:1#issueCommand(<function>:124)
	at jdk.nashorn.internal.scripts.Script$Recompilation$44618$3841A$\^function\_.L:1#issueCommand(<function>:124)
	at jdk.nashorn.internal.scripts.Script$Recompilation$44618$3841A$\^function\_.L:1#issueCommand(<function>:124)
	at jdk.nashorn.internal.scripts.Script$Recompilation$44618$3841A$\^function\_.L:1#issueCommand(<function>:124)
	at jdk.nashorn.internal.scripts.Script$Recompilation$44618$3841A$\^function\_.L:1#issueCommand(<function>:124)
	at jdk.nashorn.internal.scripts.Script$Recompilation$44618$3841A$\^function\_.L:1#issueCommand(<function>:124)
	at jdk.nashorn.internal.scripts.Script$Recompilation$44618$3841A$\^function\_.L:1#issueCommand(<function>:124)
	at jdk.nashorn.internal.scripts.Script$Recompilation$44618$3841A$\^function\_.L:1#issueCommand(<function>:124)
	at jdk.nashorn.internal.scripts.Script$Recompilation$44618$3841A$\^function\_.L:1#issueCommand(<function>:124)
	at jdk.nashorn.internal.scripts.Script$Recompilation$44618$3841A$\^function\_.L:1#issueCommand(<function>:124)
	at jdk.nashorn.internal.scripts.Script$Recompilation$44618$3841A$\^function\_.L:1#issueCommand(<function>:124)
	at jdk.nashorn.internal.scripts.Script$Recompilation$44618$3841A$\^function\_.L:1#issueCommand(<function>:124)
	at jdk.nashorn.internal.scripts.Script$Recompilation$44618$3841A$\^function\_.L:1#issueCommand(<function>:124)
	at jdk.nashorn.internal.scripts.Script$Recompilation$44618$3841A$\^function\_.L:1#issueCommand(<function>:124)
	at jdk.nashorn.internal.scripts.Script$Recompilation$44618$3841A$\^function\_.L:1#issueCommand(<function>:124)
	at jdk.nashorn.internal.scripts.Script$Recompilation$44618$3841A$\^function\_.L:1#issueCommand(<function>:124)
	at jdk.nashorn.internal.scripts.Script$Recompilation$44618$3841A$\^function\_.L:1#issueCommand(<function>:124)
	at jdk.nashorn.internal.scripts.Script$Recompilation$44618$3841A$\^function\_.L:1#issueCommand(<function>:124)
	at jdk.nashorn.internal.scripts.Script$Recompilation$44618$3841A$\^function\_.L:1#issueCommand(<function>:124)
	at jdk.nashorn.internal.scripts.Script$Recompilation$44618$3841A$\^function\_.L:1#issueCommand(<function>:124)
	at jdk.nashorn.internal.scripts.Script$Recompilation$44618$3841A$\^function\_.L:1#issueCommand(<function>:124)
	at jdk.nashorn.internal.scripts.Script$Recompilation$44618$3841A$\^function\_.L:1#issueCommand(<function>:124)
	at jdk.nashorn.internal.scripts.Script$Recompilation$44618$3841A$\^function\_.L:1#issueCommand(<function>:124)
	at jdk.nashorn.internal.scripts.Script$Recompilation$44618$3841A$\^function\_.L:1#issueCommand(<function>:124)
	at jdk.nashorn.internal.scripts.Script$Recompilation$44618$3841A$\^function\_.L:1#issueCommand(<function>:124)
	at jdk.nashorn.internal.scripts.Script$Recompilation$44618$3841A$\^function\_.L:1#issueCommand(<function>:124)
	at jdk.nashorn.internal.scripts.Script$Recompilation$44618$3841A$\^function\_.L:1#issueCommand(<function>:124)
	at jdk.nashorn.internal.scripts.Script$Recompilation$44618$3841A$\^function\_.L:1#issueCommand(<function>:124)
	at jdk.nashorn.internal.scripts.Script$Recompilation$44618$3841A$\^function\_.L:1#issueCommand(<function>:124)
	at jdk.nashorn.internal.scripts.Script$Recompilation$44618$3841A$\^function\_.L:1#issueCommand(<function>:124)
	at jdk.nashorn.internal.scripts.Script$Recompilation$44618$3841A$\^function\_.L:1#issueCommand(<function>:124)
	at jdk.nashorn.internal.scripts.Script$Recompilation$44618$3841A$\^function\_.L:1#issueCommand(<function>:124)
	at jdk.nashorn.internal.scripts.Script$Recompilation$44618$3841A$\^function\_.L:1#issueCommand(<function>:124)
	at jdk.nashorn.internal.scripts.Script$Recompilation$44618$3841A$\^function\_.L:1#issueCommand(<function>:124)
	at jdk.nashorn.internal.scripts.Script$Recompilation$44618$3841A$\^function\_.L:1#issueCommand(<function>:124)
	at jdk.nashorn.internal.scripts.Script$Recompilation$44618$3841A$\^function\_.L:1#issueCommand(<function>:124)
	at jdk.nashorn.internal.scripts.Script$Recompilation$44618$3841A$\^function\_.L:1#issueCommand(<function>:124)
	at jdk.nashorn.internal.scripts.Script$Recompilation$44618$3841A$\^function\_.L:1#issueCommand(<function>:124)
	at jdk.nashorn.internal.scripts.Script$Recompilation$44618$3841A$\^function\_.L:1#issueCommand(<function>:124)
	at jdk.nashorn.internal.scripts.Script$Recompilation$44618$3841A$\^function\_.L:1#issueCommand(<function>:124)
	at jdk.nashorn.internal.scripts.Script$Recompilation$44618$3841A$\^function\_.L:1#issueCommand(<function>:124)
	at jdk.nashorn.internal.scripts.Script$Recompilation$44618$3841A$\^function\_.L:1#issueCommand(<function>:124)
	at jdk.nashorn.internal.scripts.Script$Recompilation$44618$3841A$\^function\_.L:1#issueCommand(<function>:124)
	at jdk.nashorn.internal.scripts.Script$Recompilation$44618$3841A$\^function\_.L:1#issueCommand(<function>:124)
	at jdk.nashorn.internal.scripts.Script$Recompilation$44618$3841A$\^function\_.L:1#issueCommand(<function>:124)
	at jdk.nashorn.internal.scripts.Script$Recompilation$44618$3841A$\^function\_.L:1#issueCommand(<function>:124)
	at jdk.nashorn.internal.scripts.Script$Recompilation$44618$3841A$\^function\_.L:1#issueCommand(<function>:124)
	at jdk.nashorn.internal.scripts.Script$Recompilation$44618$3841A$\^function\_.L:1#issueCommand(<function>:124)
	at jdk.nashorn.internal.scripts.Script$Recompilation$44618$3841A$\^function\_.L:1#issueCommand(<function>:124)
	at jdk.nashorn.internal.scripts.Script$Recompilation$44618$3841A$\^function\_.L:1#issueCommand(<function>:124)
	at jdk.nashorn.internal.scripts.Script$Recompilation$44618$3841A$\^function\_.L:1#issueCommand(<function>:124)
	at jdk.nashorn.internal.scripts.Script$Recompilation$44618$3841A$\^function\_.L:1#issueCommand(<function>:124)
	at jdk.nashorn.internal.scripts.Script$Recompilation$44618$3841A$\^function\_.L:1#issueCommand(<function>:124)
	at jdk.nashorn.internal.scripts.Script$Recompilation$44618$3841A$\^function\_.L:1#issueCommand(<function>:124)
	at jdk.nashorn.internal.scripts.Script$Recompilation$44618$3841A$\^function\_.L:1#issueCommand(<function>:124)
	at jdk.nashorn.internal.scripts.Script$Recompilation$44618$3841A$\^function\_.L:1#issueCommand(<function>:124)
	at jdk.nashorn.internal.scripts.Script$Recompilation$44618$3841A$\^function\_.L:1#issueCommand(<function>:124)
	at jdk.nashorn.internal.scripts.Script$Recompilation$44618$3841A$\^function\_.L:1#issueCommand(<function>:124)
	at jdk.nashorn.internal.scripts.Script$Recompilation$44618$3841A$\^function\_.L:1#issueCommand(<function>:124)
	at jdk.nashorn.internal.scripts.Script$Recompilation$44618$3841A$\^function\_.L:1#issueCommand(<function>:124)
	at jdk.nashorn.internal.scripts.Script$Recompilation$44618$3841A$\^function\_.L:1#issueCommand(<function>:124)
	at jdk.nashorn.internal.scripts.Script$Recompilation$44618$3841A$\^function\_.L:1#issueCommand(<function>:124)
	at jdk.nashorn.internal.scripts.Script$Recompilation$44618$3841A$\^function\_.L:1#issueCommand(<function>:124)
	at jdk.nashorn.internal.scripts.Script$Recompilation$44618$3841A$\^function\_.L:1#issueCommand(<function>:124)
	at jdk.nashorn.internal.scripts.Script$Recompilation$44618$3841A$\^function\_.L:1#issueCommand(<function>:124)
	at jdk.nashorn.internal.scripts.Script$Recompilation$44618$3841A$\^function\_.L:1#issueCommand(<function>:124)
	at jdk.nashorn.internal.scripts.Script$Recompilation$44618$3841A$\^function\_.L:1#issueCommand(<function>:124)
	at jdk.nashorn.internal.scripts.Script$Recompilation$44618$3841A$\^function\_.L:1#issueCommand(<function>:124)
	at jdk.nashorn.internal.scripts.Script$Recompilation$44618$3841A$\^function\_.L:1#issueCommand(<function>:124)
	at jdk.nashorn.internal.scripts.Script$Recompilation$44618$3841A$\^function\_.L:1#issueCommand(<function>:124)
	at jdk.nashorn.internal.scripts.Script$Recompilation$44618$3841A$\^function\_.L:1#issueCommand(<function>:124)
	at jdk.nashorn.internal.scripts.Script$Recompilation$44618$3841A$\^function\_.L:1#issueCommand(<function>:124)
	at jdk.nashorn.internal.scripts.Script$Recompilation$44618$3841A$\^function\_.L:1#issueCommand(<function>:124)
	at jdk.nashorn.internal.scripts.Script$Recompilation$44618$3841A$\^function\_.L:1#issueCommand(<function>:124)
	at jdk.nashorn.internal.scripts.Script$Recompilation$44618$3841A$\^function\_.L:1#issueCommand(<function>:124)
	at jdk.nashorn.internal.scripts.Script$Recompilation$44618$3841A$\^function\_.L:1#issueCommand(<function>:124)
	at jdk.nashorn.internal.scripts.Script$Recompilation$44618$3841A$\^function\_.L:1#issueCommand(<function>:124)
	at jdk.nashorn.internal.scripts.Script$Recompilation$44618$3841A$\^function\_.L:1#issueCommand(<function>:124)
	at jdk.nashorn.internal.scripts.Script$Recompilation$44618$3841A$\^function\_.L:1#issueCommand(<function>:124)
	at jdk.nashorn.internal.scripts.Script$Recompilation$44618$3841A$\^function\_.L:1#issueCommand(<function>:124)
	at jdk.nashorn.internal.scripts.Script$Recompilation$44618$3841A$\^function\_.L:1#issueCommand(<function>:124)
	at jdk.nashorn.internal.scripts.Script$Recompilation$44618$3841A$\^function\_.L:1#issueCommand(<function>:124)
	at jdk.nashorn.internal.scripts.Script$Recompilation$44618$3841A$\^function\_.L:1#issueCommand(<function>:124)
	at jdk.nashorn.internal.scripts.Script$Recompilation$44618$3841A$\^function\_.L:1#issueCommand(<function>:124)
	at jdk.nashorn.internal.scripts.Script$Recompilation$44618$3841A$\^function\_.L:1#issueCommand(<function>:124)
	at jdk.nashorn.internal.scripts.Script$Recompilation$44618$3841A$\^function\_.L:1#issueCommand(<function>:124)
	at jdk.nashorn.internal.scripts.Script$Recompilation$44618$3841A$\^function\_.L:1#issueCommand(<function>:124)
	at jdk.nashorn.internal.scripts.Script$Recompilation$44618$3841A$\^function\_.L:1#issueCommand(<function>:124)
	at jdk.nashorn.internal.scripts.Script$Recompilation$44618$3841A$\^function\_.L:1#issueCommand(<function>:124)
	at jdk.nashorn.internal.scripts.Script$Recompilation$44618$3841A$\^function\_.L:1#issueCommand(<function>:124)
	at jdk.nashorn.internal.scripts.Script$Recompilation$44618$3841A$\^function\_.L:1#issueCommand(<function>:124)
	at jdk.nashorn.internal.scripts.Script$Recompilation$44618$3841A$\^function\_.L:1#issueCommand(<function>:124)
	at jdk.nashorn.internal.scripts.Script$Recompilation$44618$3841A$\^function\_.L:1#issueCommand(<function>:124)
	at jdk.nashorn.internal.scripts.Script$Recompilation$44618$3841A$\^function\_.L:1#issueCommand(<function>:124)
	at jdk.nashorn.internal.scripts.Script$Recompilation$44618$3841A$\^function\_.L:1#issueCommand(<function>:124)
	at jdk.nashorn.internal.scripts.Script$Recompilation$44618$3841A$\^function\_.L:1#issueCommand(<function>:124)
	at jdk.nashorn.internal.scripts.Script$Recompilation$44618$3841A$\^function\_.L:1#issueCommand(<function>:124)
	at jdk.nashorn.internal.scripts.Script$Recompilation$44618$3841A$\^function\_.L:1#issueCommand(<function>:124)
	at jdk.nashorn.internal.scripts.Script$Recompilation$44618$3841A$\^function\_.L:1#issueCommand(<function>:124)
	at jdk.nashorn.internal.scripts.Script$Recompilation$44618$3841A$\^function\_.L:1#issueCommand(<function>:124)
	at jdk.nashorn.internal.scripts.Script$Recompilation$44618$3841A$\^function\_.L:1#issueCommand(<function>:124)
	at jdk.nashorn.internal.scripts.Script$Recompilation$44618$3841A$\^function\_.L:1#issueCommand(<function>:124)
	at jdk.nashorn.internal.scripts.Script$Recompilation$44618$3841A$\^function\_.L:1#issueCommand(<function>:124)
	at jdk.nashorn.internal.scripts.Script$Recompilation$44618$3841A$\^function\_.L:1#issueCommand(<function>:124)
	at jdk.nashorn.internal.scripts.Script$Recompilation$44618$3841A$\^function\_.L:1#issueCommand(<function>:124)
	at jdk.nashorn.internal.scripts.Script$Recompilation$44618$3841A$\^function\_.L:1#issueCommand(<function>:124)
	at jdk.nashorn.internal.scripts.Script$Recompilation$44618$3841A$\^function\_.L:1#issueCommand(<function>:124)
	at jdk.nashorn.internal.scripts.Script$Recompilation$44618$3841A$\^function\_.L:1#issueCommand(<function>:124)
	at jdk.nashorn.internal.scripts.Script$Recompilation$44618$3841A$\^function\_.L:1#issueCommand(<function>:124)
	at jdk.nashorn.internal.scripts.Script$Recompilation$44618$3841A$\^function\_.L:1#issueCommand(<function>:124)
	at jdk.nashorn.internal.scripts.Script$Recompilation$44618$3841A$\^function\_.L:1#issueCommand(<function>:124)
	at jdk.nashorn.internal.scripts.Script$Recompilation$44618$3841A$\^function\_.L:1#issueCommand(<function>:124)
	at jdk.nashorn.internal.scripts.Script$Recompilation$44618$3841A$\^function\_.L:1#issueCommand(<function>:124)
	at jdk.nashorn.internal.scripts.Script$Recompilation$44618$3841A$\^function\_.L:1#issueCommand(<function>:124)
	at jdk.nashorn.internal.scripts.Script$Recompilation$44618$3841A$\^function\_.L:1#issueCommand(<function>:124)
	at jdk.nashorn.internal.scripts.Script$Recompilation$44618$3841A$\^function\_.L:1#issueCommand(<function>:124)
	at jdk.nashorn.internal.scripts.Script$Recompilation$44618$3841A$\^function\_.L:1#issueCommand(<function>:124)
	at jdk.nashorn.internal.scripts.Script$Recompilation$44618$3841A$\^function\_.L:1#issueCommand(<function>:124)
	at jdk.nashorn.internal.scripts.Script$Recompilation$44618$3841A$\^function\_.L:1#issueCommand(<function>:124)
	at jdk.nashorn.internal.scripts.Script$Recompilation$44618$3841A$\^function\_.L:1#issueCommand(<function>:124)
	at jdk.nashorn.internal.scripts.Script$Recompilation$44618$3841A$\^function\_.L:1#issueCommand(<function>:124)
	at jdk.nashorn.internal.scripts.Script$Recompilation$44618$3841A$\^function\_.L:1#issueCommand(<function>:124)
	at jdk.nashorn.internal.scripts.Script$Recompilation$44618$3841A$\^function\_.L:1#issueCommand(<function>:124)
	at jdk.nashorn.internal.scripts.Script$Recompilation$44618$3841A$\^function\_.L:1#issueCommand(<function>:124)
	at jdk.nashorn.internal.scripts.Script$Recompilation$44618$3841A$\^function\_.L:1#issueCommand(<function>:124)
	at jdk.nashorn.internal.scripts.Script$Recompilation$44618$3841A$\^function\_.L:1#issueCommand(<function>:124)
	at jdk.nashorn.internal.scripts.Script$Recompilation$44618$3841A$\^function\_.L:1#issueCommand(<function>:124)
	at jdk.nashorn.internal.scripts.Script$Recompilation$44618$3841A$\^function\_.L:1#issueCommand(<function>:124)
	at jdk.nashorn.internal.scripts.Script$Recompilation$44618$3841A$\^function\_.L:1#issueCommand(<function>:124)
	at jdk.nashorn.internal.scripts.Script$Recompilation$44618$3841A$\^function\_.L:1#issueCommand(<function>:124)
	at jdk.nashorn.internal.scripts.Script$Recompilation$44618$3841A$\^function\_.L:1#issueCommand(<function>:124)
	at jdk.nashorn.internal.scripts.Script$Recompilation$44618$3841A$\^function\_.L:1#issueCommand(<function>:124)
	at jdk.nashorn.internal.scripts.Script$Recompilation$44618$3841A$\^function\_.L:1#issueCommand(<function>:124)
	at jdk.nashorn.internal.scripts.Script$Recompilation$44618$3841A$\^function\_.L:1#issueCommand(<function>:124)
	at jdk.nashorn.internal.scripts.Script$Recompilation$44618$3841A$\^function\_.L:1#issueCommand(<function>:124)
	at jdk.nashorn.internal.scripts.Script$Recompilation$44618$3841A$\^function\_.L:1#issueCommand(<function>:124)
	at jdk.nashorn.internal.scripts.Script$Recompilation$44618$3841A$\^function\_.L:1#issueCommand(<function>:124)
	at jdk.nashorn.internal.scripts.Script$Recompilation$44618$3841A$\^function\_.L:1#issueCommand(<function>:124)
	at jdk.nashorn.internal.scripts.Script$Recompilation$44618$3841A$\^function\_.L:1#issueCommand(<function>:124)
	at jdk.nashorn.internal.scripts.Script$Recompilation$44618$3841A$\^function\_.L:1#issueCommand(<function>:124)
	at jdk.nashorn.internal.scripts.Script$Recompilation$44618$3841A$\^function\_.L:1#issueCommand(<function>:124)
	at jdk.nashorn.internal.scripts.Script$Recompilation$44618$3841A$\^function\_.L:1#issueCommand(<function>:124)
	at jdk.nashorn.internal.scripts.Script$Recompilation$44618$3841A$\^function\_.L:1#issueCommand(<function>:124)
	at jdk.nashorn.internal.scripts.Script$Recompilation$44618$3841A$\^function\_.L:1#issueCommand(<function>:124)
	at jdk.nashorn.internal.scripts.Script$Recompilation$44618$3841A$\^function\_.L:1#issueCommand(<function>:124)
	at jdk.nashorn.internal.scripts.Script$Recompilation$44618$3841A$\^function\_.L:1#issueCommand(<function>:124)
	at jdk.nashorn.internal.scripts.Script$Recompilation$44618$3841A$\^function\_.L:1#issueCommand(<function>:124)
	at jdk.nashorn.internal.scripts.Script$Recompilation$44618$3841A$\^function\_.L:1#issueCommand(<function>:124)
	at jdk.nashorn.internal.scripts.Script$Recompilation$44618$3841A$\^function\_.L:1#issueCommand(<function>:124)
	at jdk.nashorn.internal.scripts.Script$Recompilation$44618$3841A$\^function\_.L:1#issueCommand(<function>:124)
	at jdk.nashorn.internal.scripts.Script$Recompilation$44618$3841A$\^function\_.L:1#issueCommand(<function>:124)
	at jdk.nashorn.internal.scripts.Script$Recompilation$44618$3841A$\^function\_.L:1#issueCommand(<function>:124)
	at jdk.nashorn.internal.scripts.Script$Recompilation$44618$3841A$\^function\_.L:1#issueCommand(<function>:124)
	at jdk.nashorn.internal.scripts.Script$Recompilation$44618$3841A$\^function\_.L:1#issueCommand(<function>:124)
	at jdk.nashorn.internal.scripts.Script$Recompilation$44618$3841A$\^function\_.L:1#issueCommand(<function>:124)
	at jdk.nashorn.internal.scripts.Script$Recompilation$44618$3841A$\^function\_.L:1#issueCommand(<function>:124)
	at jdk.nashorn.internal.scripts.Script$Recompilation$44618$3841A$\^function\_.L:1#issueCommand(<function>:124)
	at jdk.nashorn.internal.scripts.Script$Recompilation$44618$3841A$\^function\_.L:1#issueCommand(<function>:124)
	at jdk.nashorn.internal.scripts.Script$Recompilation$44618$3841A$\^function\_.L:1#issueCommand(<function>:124)
	at jdk.nashorn.internal.scripts.Script$Recompilation$44618$3841A$\^function\_.L:1#issueCommand(<function>:124)
	at jdk.nashorn.internal.scripts.Script$Recompilation$44618$3841A$\^function\_.L:1#issueCommand(<function>:124)
	at jdk.nashorn.internal.scripts.Script$Recompilation$44618$3841A$\^function\_.L:1#issueCommand(<function>:124)
	at jdk.nashorn.internal.scripts.Script$Recompilation$44618$3841A$\^function\_.L:1#issueCommand(<function>:124)
	at jdk.nashorn.internal.scripts.Script$Recompilation$44618$3841A$\^function\_.L:1#issueCommand(<function>:124)
	at jdk.nashorn.internal.scripts.Script$Recompilation$44618$3841A$\^function\_.L:1#issueCommand(<function>:124)
	at jdk.nashorn.internal.scripts.Script$Recompilation$44618$3841A$\^function\_.L:1#issueCommand(<function>:124)
	at jdk.nashorn.internal.scripts.Script$Recompilation$44618$3841A$\^function\_.L:1#issueCommand(<function>:124)
	at jdk.nashorn.internal.scripts.Script$Recompilation$44618$3841A$\^function\_.L:1#issueCommand(<function>:124)
	at jdk.nashorn.internal.scripts.Script$Recompilation$44618$3841A$\^function\_.L:1#issueCommand(<function>:124)
	at jdk.nashorn.internal.scripts.Script$Recompilation$44618$3841A$\^function\_.L:1#issueCommand(<function>:124)
	at jdk.nashorn.internal.scripts.Script$Recompilation$44618$3841A$\^function\_.L:1#issueCommand(<function>:124)
	at jdk.nashorn.internal.scripts.Script$Recompilation$44618$3841A$\^function\_.L:1#issueCommand(<function>:124)
	at jdk.nashorn.internal.scripts.Script$Recompilation$44618$3841A$\^function\_.L:1#issueCommand(<function>:124)
	at jdk.nashorn.internal.scripts.Script$Recompilation$44618$3841A$\^function\_.L:1#issueCommand(<function>:124)
	at jdk.nashorn.internal.scripts.Script$Recompilation$44618$3841A$\^function\_.L:1#issueCommand(<function>:124)
	at jdk.nashorn.internal.scripts.Script$Recompilation$44618$3841A$\^function\_.L:1#issueCommand(<function>:124)
	at jdk.nashorn.internal.scripts.Script$Recompilation$44618$3841A$\^function\_.L:1#issueCommand(<function>:124)
	at jdk.nashorn.internal.scripts.Script$Recompilation$44618$3841A$\^function\_.L:1#issueCommand(<function>:124)
	at jdk.nashorn.internal.scripts.Script$Recompilation$44618$3841A$\^function\_.L:1#issueCommand(<function>:124)
	at jdk.nashorn.internal.scripts.Script$Recompilation$44618$3841A$\^function\_.L:1#issueCommand(<function>:124)
	at jdk.nashorn.internal.scripts.Script$Recompilation$44618$3841A$\^function\_.L:1#issueCommand(<function>:124)
	at jdk.nashorn.internal.scripts.Script$Recompilation$44618$3841A$\^function\_.L:1#issueCommand(<function>:124)
	at jdk.nashorn.internal.scripts.Script$Recompilation$44618$3841A$\^function\_.L:1#issueCommand(<function>:124)
	at jdk.nashorn.internal.scripts.Script$Recompilation$44618$3841A$\^function\_.L:1#issueCommand(<function>:124)
	at jdk.nashorn.internal.scripts.Script$Recompilation$44618$3841A$\^function\_.L:1#issueCommand(<function>:124)
	at jdk.nashorn.internal.scripts.Script$Recompilation$44618$3841A$\^function\_.L:1#issueCommand(<function>:124)
	at jdk.nashorn.internal.scripts.Script$Recompilation$44618$3841A$\^function\_.L:1#issueCommand(<function>:124)
	at jdk.nashorn.internal.scripts.Script$Recompilation$44618$3841A$\^function\_.L:1#issueCommand(<function>:124)
	at jdk.nashorn.internal.scripts.Script$Recompilation$44618$3841A$\^function\_.L:1#issueCommand(<function>:124)
	at jdk.nashorn.internal.scripts.Script$Recompilation$44618$3841A$\^function\_.L:1#issueCommand(<function>:124)
	at jdk.nashorn.internal.scripts.Script$Recompilation$44618$3841A$\^function\_.L:1#issueCommand(<function>:124)
	at jdk.nashorn.internal.scripts.Script$Recompilation$44618$3841A$\^function\_.L:1#issueCommand(<function>:124)
	at jdk.nashorn.internal.scripts.Script$Recompilation$44618$3841A$\^function\_.L:1#issueCommand(<function>:124)
	at jdk.nashorn.internal.scripts.Script$Recompilation$44618$3841A$\^function\_.L:1#issueCommand(<function>:124)
	at jdk.nashorn.internal.scripts.Script$Recompilation$44618$3841A$\^function\_.L:1#issueCommand(<function>:124)
	at jdk.nashorn.internal.scripts.Script$Recompilation$44618$3841A$\^function\_.L:1#issueCommand(<function>:124)
	at jdk.nashorn.internal.scripts.Script$Recompilation$44618$3841A$\^function\_.L:1#issueCommand(<function>:124)
	at jdk.nashorn.internal.scripts.Script$Recompilation$44618$3841A$\^function\_.L:1#issueCommand(<function>:124)
	at jdk.nashorn.internal.scripts.Script$Recompilation$44618$3841A$\^function\_.L:1#issueCommand(<function>:124)
	at jdk.nashorn.internal.scripts.Script$Recompilation$44618$3841A$\^function\_.L:1#issueCommand(<function>:124)
	at jdk.nashorn.internal.scripts.Script$Recompilation$44618$3841A$\^function\_.L:1#issueCommand(<function>:124)
	at jdk.nashorn.internal.scripts.Script$Recompilation$44618$3841A$\^function\_.L:1#issueCommand(<function>:124)
	at jdk.nashorn.internal.scripts.Script$Recompilation$44618$3841A$\^function\_.L:1#issueCommand(<function>:124)
	at jdk.nashorn.internal.scripts.Script$Recompilation$44618$3841A$\^function\_.L:1#issueCommand(<function>:124)
	at jdk.nashorn.internal.scripts.Script$Recompilation$44618$3841A$\^function\_.L:1#issueCommand(<function>:124)
	at jdk.nashorn.internal.scripts.Script$Recompilation$44618$3841A$\^function\_.L:1#issueCommand(<function>:124)
	at jdk.nashorn.internal.scripts.Script$Recompilation$44618$3841A$\^function\_.L:1#issueCommand(<function>:124)
	at jdk.nashorn.internal.scripts.Script$Recompilation$44618$3841A$\^function\_.L:1#issueCommand(<function>:124)
	at jdk.nashorn.internal.scripts.Script$Recompilation$44618$3841A$\^function\_.L:1#issueCommand(<function>:124)
	at jdk.nashorn.internal.scripts.Script$Recompilation$44618$3841A$\^function\_.L:1#issueCommand(<function>:124)
	at jdk.nashorn.internal.scripts.Script$Recompilation$44618$3841A$\^function\_.L:1#issueCommand(<function>:124)
	at jdk.nashorn.internal.scripts.Script$Recompilation$44618$3841A$\^function\_.L:1#issueCommand(<function>:124)
	at jdk.nashorn.internal.scripts.Script$Recompilation$44618$3841A$\^function\_.L:1#issueCommand(<function>:124)
	at jdk.nashorn.internal.scripts.Script$Recompilation$44618$3841A$\^function\_.L:1#issueCommand(<function>:124)
	at jdk.nashorn.internal.scripts.Script$Recompilation$44618$3841A$\^function\_.L:1#issueCommand(<function>:124)
	at jdk.nashorn.internal.scripts.Script$Recompilation$44618$3841A$\^function\_.L:1#issueCommand(<function>:124)
	at jdk.nashorn.internal.scripts.Script$Recompilation$44618$3841A$\^function\_.L:1#issueCommand(<function>:124)
	at jdk.nashorn.internal.scripts.Script$Recompilation$44618$3841A$\^function\_.L:1#issueCommand(<function>:124)
	at jdk.nashorn.internal.scripts.Script$Recompilation$44618$3841A$\^function\_.L:1#issueCommand(<function>:124)
	at jdk.nashorn.internal.scripts.Script$Recompilation$44618$3841A$\^function\_.L:1#issueCommand(<function>:124)
	at jdk.nashorn.internal.scripts.Script$Recompilation$44618$3841A$\^function\_.L:1#issueCommand(<function>:124)
	at jdk.nashorn.internal.scripts.Script$Recompilation$44618$3841A$\^function\_.L:1#issueCommand(<function>:124)
	at jdk.nashorn.internal.scripts.Script$Recompilation$44618$3841A$\^function\_.L:1#issueCommand(<function>:124)
	at jdk.nashorn.internal.scripts.Script$Recompilation$44618$3841A$\^function\_.L:1#issueCommand(<function>:124)
	at jdk.nashorn.internal.scripts.Script$Recompilation$44618$3841A$\^function\_.L:1#issueCommand(<function>:124)
	at jdk.nashorn.internal.scripts.Script$Recompilation$44618$3841A$\^function\_.L:1#issueCommand(<function>:124)
	at jdk.nashorn.internal.scripts.Script$Recompilation$44618$3841A$\^function\_.L:1#issueCommand(<function>:124)
	at jdk.nashorn.internal.scripts.Script$Recompilation$44618$3841A$\^function\_.L:1#issueCommand(<function>:124)
	at jdk.nashorn.internal.scripts.Script$Recompilation$44618$3841A$\^function\_.L:1#issueCommand(<function>:124)
	at jdk.nashorn.internal.scripts.Script$Recompilation$44618$3841A$\^function\_.L:1#issueCommand(<function>:124)
	at jdk.nashorn.internal.scripts.Script$Recompilation$44618$3841A$\^function\_.L:1#issueCommand(<function>:124)
	at jdk.nashorn.internal.scripts.Script$Recompilation$44618$3841A$\^function\_.L:1#issueCommand(<function>:124)
	at jdk.nashorn.internal.scripts.Script$Recompilation$44618$3841A$\^function\_.L:1#issueCommand(<function>:124)
	at jdk.nashorn.internal.scripts.Script$Recompilation$44618$3841A$\^function\_.L:1#issueCommand(<function>:124)
	at jdk.nashorn.internal.scripts.Script$Recompilation$44618$3841A$\^function\_.L:1#issueCommand(<function>:124)
	at jdk.nashorn.internal.scripts.Script$Recompilation$44618$3841A$\^function\_.L:1#issueCommand(<function>:124)
	at jdk.nashorn.internal.scripts.Script$Recompilation$44618$3841A$\^function\_.L:1#issueCommand(<function>:124)
	at jdk.nashorn.internal.scripts.Script$Recompilation$44618$3841A$\^function\_.L:1#issueCommand(<function>:124)
	at jdk.nashorn.internal.scripts.Script$Recompilation$44618$3841A$\^function\_.L:1#issueCommand(<function>:124)
	at jdk.nashorn.internal.scripts.Script$Recompilation$44618$3841A$\^function\_.L:1#issueCommand(<function>:124)
	at jdk.nashorn.internal.scripts.Script$Recompilation$44618$3841A$\^function\_.L:1#issueCommand(<function>:124)
	at jdk.nashorn.internal.scripts.Script$Recompilation$44618$3841A$\^function\_.L:1#issueCommand(<function>:124)
	at jdk.nashorn.internal.scripts.Script$Recompilation$44618$3841A$\^function\_.L:1#issueCommand(<function>:124)
	at jdk.nashorn.internal.scripts.Script$Recompilation$44618$3841A$\^function\_.L:1#issueCommand(<function>:124)
	at jdk.nashorn.internal.scripts.Script$Recompilation$44618$3841A$\^function\_.L:1#issueCommand(<function>:124)
	at jdk.nashorn.internal.scripts.Script$Recompilation$44618$3841A$\^function\_.L:1#issueCommand(<function>:124)
	at jdk.nashorn.internal.scripts.Script$Recompilation$44618$3841A$\^function\_.L:1#issueCommand(<function>:124)
	at jdk.nashorn.internal.scripts.Script$Recompilation$44618$3841A$\^function\_.L:1#issueCommand(<function>:124)
	at jdk.nashorn.internal.scripts.Script$Recompilation$44618$3841A$\^function\_.L:1#issueCommand(<function>:124)
	at jdk.nashorn.internal.scripts.Script$Recompilation$44618$3841A$\^function\_.L:1#issueCommand(<function>:124)
	at jdk.nashorn.internal.scripts.Script$Recompilation$44618$3841A$\^function\_.L:1#issueCommand(<function>:124)
	at jdk.nashorn.internal.scripts.Script$Recompilation$44618$3841A$\^function\_.L:1#issueCommand(<function>:124)
	at jdk.nashorn.internal.scripts.Script$Recompilation$44618$3841A$\^function\_.L:1#issueCommand(<function>:124)
	at jdk.nashorn.internal.scripts.Script$Recompilation$44618$3841A$\^function\_.L:1#issueCommand(<function>:124)
	at jdk.nashorn.internal.scripts.Script$Recompilation$44618$3841A$\^function\_.L:1#issueCommand(<function>:124)
	at jdk.nashorn.internal.scripts.Script$Recompilation$44618$3841A$\^function\_.L:1#issueCommand(<function>:124)
	at jdk.nashorn.internal.scripts.Script$Recompilation$44618$3841A$\^function\_.L:1#issueCommand(<function>:124)
	at jdk.nashorn.internal.scripts.Script$Recompilation$44618$3841A$\^function\_.L:1#issueCommand(<function>:124)
	at jdk.nashorn.internal.scripts.Script$Recompilation$44618$3841A$\^function\_.L:1#issueCommand(<function>:124)
	at jdk.nashorn.internal.scripts.Script$Recompilation$44618$3841A$\^function\_.L:1#issueCommand(<function>:124)
	at jdk.nashorn.internal.scripts.Script$Recompilation$44618$3841A$\^function\_.L:1#issueCommand(<function>:124)
	at jdk.nashorn.internal.scripts.Script$Recompilation$44618$3841A$\^function\_.L:1#issueCommand(<function>:124)
	at jdk.nashorn.internal.scripts.Script$Recompilation$44618$3841A$\^function\_.L:1#issueCommand(<function>:124)
	at jdk.nashorn.internal.scripts.Script$Recompilation$44618$3841A$\^function\_.L:1#issueCommand(<function>:124)
	at jdk.nashorn.internal.scripts.Script$Recompilation$44618$3841A$\^function\_.L:1#issueCommand(<function>:124)
	at jdk.nashorn.internal.scripts.Script$Recompilation$44618$3841A$\^function\_.L:1#issueCommand(<function>:124)
	at jdk.nashorn.internal.scripts.Script$Recompilation$44618$3841A$\^function\_.L:1#issueCommand(<function>:124)
	at jdk.nashorn.internal.scripts.Script$Recompilation$44618$3841A$\^function\_.L:1#issueCommand(<function>:124)
	at jdk.nashorn.internal.scripts.Script$Recompilation$44618$3841A$\^function\_.L:1#issueCommand(<function>:124)
	at jdk.nashorn.internal.scripts.Script$Recompilation$44618$3841A$\^function\_.L:1#issueCommand(<function>:124)
	at jdk.nashorn.internal.scripts.Script$Recompilation$44618$3841A$\^function\_.L:1#issueCommand(<function>:124)
	at jdk.nashorn.internal.scripts.Script$Recompilation$44618$3841A$\^function\_.L:1#issueCommand(<function>:124)
	at jdk.nashorn.internal.scripts.Script$Recompilation$44618$3841A$\^function\_.L:1#issueCommand(<function>:124)
	at jdk.nashorn.internal.scripts.Script$Recompilation$44618$3841A$\^function\_.L:1#issueCommand(<function>:124)
	at jdk.nashorn.internal.scripts.Script$Recompilation$44618$3841A$\^function\_.L:1#issueCommand(<function>:124)
	at jdk.nashorn.internal.scripts.Script$Recompilation$44618$3841A$\^function\_.L:1#issueCommand(<function>:124)
	at jdk.nashorn.internal.scripts.Script$Recompilation$44618$3841A$\^function\_.L:1#issueCommand(<function>:124)
	at jdk.nashorn.internal.scripts.Script$Recompilation$44618$3841A$\^function\_.L:1#issueCommand(<function>:124)
	at jdk.nashorn.internal.scripts.Script$Recompilation$44618$3841A$\^function\_.L:1#issueCommand(<function>:124)
	at jdk.nashorn.internal.scripts.Script$Recompilation$44618$3841A$\^function\_.L:1#issueCommand(<function>:124)
	at jdk.nashorn.internal.scripts.Script$Recompilation$44618$3841A$\^function\_.L:1#issueCommand(<function>:124)
	at jdk.nashorn.internal.scripts.Script$Recompilation$44618$3841A$\^function\_.L:1#issueCommand(<function>:124)
	at jdk.nashorn.internal.scripts.Script$Recompilation$44618$3841A$\^function\_.L:1#issueCommand(<function>:124)
	at jdk.nashorn.internal.scripts.Script$Recompilation$44618$3841A$\^function\_.L:1#issueCommand(<function>:124)
	at jdk.nashorn.internal.scripts.Script$Recompilation$44618$3841A$\^function\_.L:1#issueCommand(<function>:124)
	at jdk.nashorn.internal.scripts.Script$Recompilation$44618$3841A$\^function\_.L:1#issueCommand(<function>:124)
	at jdk.nashorn.internal.scripts.Script$Recompilation$44618$3841A$\^function\_.L:1#issueCommand(<function>:124)
	at jdk.nashorn.internal.scripts.Script$Recompilation$44618$3841A$\^function\_.L:1#issueCommand(<function>:124)
	at jdk.nashorn.internal.scripts.Script$Recompilation$44618$3841A$\^function\_.L:1#issueCommand(<function>:124)
	at jdk.nashorn.internal.scripts.Script$Recompilation$44618$3841A$\^function\_.L:1#issueCommand(<function>:124)
	at jdk.nashorn.internal.scripts.Script$Recompilation$44618$3841A$\^function\_.L:1#issueCommand(<function>:124)
	at jdk.nashorn.internal.scripts.Script$Recompilation$44618$3841A$\^function\_.L:1#issueCommand(<function>:124)
	at jdk.nashorn.internal.scripts.Script$Recompilation$44618$3841A$\^function\_.L:1#issueCommand(<function>:124)
	at jdk.nashorn.internal.scripts.Script$Recompilation$44618$3841A$\^function\_.L:1#issueCommand(<function>:124)
	at jdk.nashorn.internal.scripts.Script$Recompilation$44618$3841A$\^function\_.L:1#issueCommand(<function>:124)
	at jdk.nashorn.internal.scripts.Script$Recompilation$44618$3841A$\^function\_.L:1#issueCommand(<function>:124)
	at jdk.nashorn.internal.scripts.Script$Recompilation$44618$3841A$\^function\_.L:1#issueCommand(<function>:124)
	at jdk.nashorn.internal.scripts.Script$Recompilation$44618$3841A$\^function\_.L:1#issueCommand(<function>:124)
	at jdk.nashorn.internal.scripts.Script$Recompilation$44618$3841A$\^function\_.L:1#issueCommand(<function>:124)
	at jdk.nashorn.internal.scripts.Script$Recompilation$44618$3841A$\^function\_.L:1#issueCommand(<function>:124)
	at jdk.nashorn.internal.scripts.Script$Recompilation$44618$3841A$\^function\_.L:1#issueCommand(<function>:124)
	at jdk.nashorn.internal.scripts.Script$Recompilation$44618$3841A$\^function\_.L:1#issueCommand(<function>:124)
	at jdk.nashorn.internal.scripts.Script$Recompilation$44618$3841A$\^function\_.L:1#issueCommand(<function>:124)
	at jdk.nashorn.internal.scripts.Script$Recompilation$44618$3841A$\^function\_.L:1#issueCommand(<function>:124)
	at jdk.nashorn.internal.scripts.Script$Recompilation$44618$3841A$\^function\_.L:1#issueCommand(<function>:124)
	at jdk.nashorn.internal.scripts.Script$Recompilation$44618$3841A$\^function\_.L:1#issueCommand(<function>:124)
	at jdk.nashorn.internal.scripts.Script$Recompilation$44618$3841A$\^function\_.L:1#issueCommand(<function>:124)
	at jdk.nashorn.internal.scripts.Script$Recompilation$44618$3841A$\^function\_.L:1#issueCommand(<function>:124)
	at jdk.nashorn.internal.scripts.Script$Recompilation$44618$3841A$\^function\_.L:1#issueCommand(<function>:124)
	at jdk.nashorn.internal.scripts.Script$Recompilation$44618$3841A$\^function\_.L:1#issueCommand(<function>:124)
	at jdk.nashorn.internal.scripts.Script$Recompilation$44618$3841A$\^function\_.L:1#issueCommand(<function>:124)
	at jdk.nashorn.internal.scripts.Script$Recompilation$44618$3841A$\^function\_.L:1#issueCommand(<function>:124)
	at jdk.nashorn.internal.scripts.Script$Recompilation$44618$3841A$\^function\_.L:1#issueCommand(<function>:124)
	at jdk.nashorn.internal.scripts.Script$Recompilation$44618$3841A$\^function\_.L:1#issueCommand(<function>:124)
	at jdk.nashorn.internal.scripts.Script$Recompilation$44618$3841A$\^function\_.L:1#issueCommand(<function>:124)
	at jdk.nashorn.internal.scripts.Script$Recompilation$44618$3841A$\^function\_.L:1#issueCommand(<function>:124)
	at jdk.nashorn.internal.scripts.Script$Recompilation$44618$3841A$\^function\_.L:1#issueCommand(<function>:124)
	at jdk.nashorn.internal.scripts.Script$Recompilation$44618$3841A$\^function\_.L:1#issueCommand(<function>:124)
	at jdk.nashorn.internal.scripts.Script$Recompilation$44618$3841A$\^function\_.L:1#issueCommand(<function>:124)
	at jdk.nashorn.internal.scripts.Script$Recompilation$44618$3841A$\^function\_.L:1#issueCommand(<function>:124)
	at jdk.nashorn.internal.scripts.Script$Recompilation$44618$3841A$\^function\_.L:1#issueCommand(<function>:124)
	at jdk.nashorn.internal.scripts.Script$Recompilation$44618$3841A$\^function\_.L:1#issueCommand(<function>:124)
	at jdk.nashorn.internal.scripts.Script$Recompilation$44618$3841A$\^function\_.L:1#issueCommand(<function>:124)
	at jdk.nashorn.internal.scripts.Script$Recompilation$44618$3841A$\^function\_.L:1#issueCommand(<function>:124)
	at jdk.nashorn.internal.scripts.Script$Recompilation$44618$3841A$\^function\_.L:1#issueCommand(<function>:124)
	at jdk.nashorn.internal.scripts.Script$Recompilation$44618$3841A$\^function\_.L:1#issueCommand(<function>:124)
	at jdk.nashorn.internal.scripts.Script$Recompilation$44618$3841A$\^function\_.L:1#issueCommand(<function>:124)
	at jdk.nashorn.internal.scripts.Script$Recompilation$44618$3841A$\^function\_.L:1#issueCommand(<function>:124)
	at jdk.nashorn.internal.scripts.Script$Recompilation$44618$3841A$\^function\_.L:1#issueCommand(<function>:124)
	at jdk.nashorn.internal.scripts.Script$Recompilation$44618$3841A$\^function\_.L:1#issueCommand(<function>:124)
	at jdk.nashorn.internal.scripts.Script$Recompilation$44618$3841A$\^function\_.L:1#issueCommand(<function>:124)
	at jdk.nashorn.internal.scripts.Script$Recompilation$44618$3841A$\^function\_.L:1#issueCommand(<function>:124)
	at jdk.nashorn.internal.scripts.Script$Recompilation$44618$3841A$\^function\_.L:1#issueCommand(<function>:124)
	at jdk.nashorn.internal.scripts.Script$Recompilation$44618$3841A$\^function\_.L:1#issueCommand(<function>:124)
	at jdk.nashorn.internal.scripts.Script$Recompilation$44618$3841A$\^function\_.L:1#issueCommand(<function>:124)
	at jdk.nashorn.internal.scripts.Script$Recompilation$44618$3841A$\^function\_.L:1#issueCommand(<function>:124)
	at jdk.nashorn.internal.scripts.Script$Recompilation$44618$3841A$\^function\_.L:1#issueCommand(<function>:124)
	at jdk.nashorn.internal.scripts.Script$Recompilation$44618$3841A$\^function\_.L:1#issueCommand(<function>:124)
	at jdk.nashorn.internal.scripts.Script$Recompilation$44618$3841A$\^function\_.L:1#issueCommand(<function>:124)
	at jdk.nashorn.internal.scripts.Script$Recompilation$44618$3841A$\^function\_.L:1#issueCommand(<function>:124)
	at jdk.nashorn.internal.scripts.Script$Recompilation$44618$3841A$\^function\_.L:1#issueCommand(<function>:124)
	at jdk.nashorn.internal.scripts.Script$Recompilation$44618$3841A$\^function\_.L:1#issueCommand(<function>:124)
	at jdk.nashorn.internal.scripts.Script$Recompilation$44618$3841A$\^function\_.L:1#issueCommand(<function>:124)
	at jdk.nashorn.internal.scripts.Script$Recompilation$44618$3841A$\^function\_.L:1#issueCommand(<function>:124)
	at jdk.nashorn.internal.scripts.Script$Recompilation$44618$3841A$\^function\_.L:1#issueCommand(<function>:124)
	at jdk.nashorn.internal.scripts.Script$Recompilation$44618$3841A$\^function\_.L:1#issueCommand(<function>:124)
	at jdk.nashorn.internal.scripts.Script$Recompilation$44618$3841A$\^function\_.L:1#issueCommand(<function>:124)
	at jdk.nashorn.internal.scripts.Script$Recompilation$44618$3841A$\^function\_.L:1#issueCommand(<function>:124)
	at jdk.nashorn.internal.scripts.Script$Recompilation$44618$3841A$\^function\_.L:1#issueCommand(<function>:124)
	at jdk.nashorn.internal.scripts.Script$Recompilation$44618$3841A$\^function\_.L:1#issueCommand(<function>:124)
	at jdk.nashorn.internal.scripts.Script$Recompilation$44618$3841A$\^function\_.L:1#issueCommand(<function>:124)
	at jdk.nashorn.internal.scripts.Script$Recompilation$44618$3841A$\^function\_.L:1#issueCommand(<function>:124)
	at jdk.nashorn.internal.scripts.Script$Recompilation$44618$3841A$\^function\_.L:1#issueCommand(<function>:124)
	at jdk.nashorn.internal.scripts.Script$Recompilation$44618$3841A$\^function\_.L:1#issueCommand(<function>:124)
	at jdk.nashorn.internal.scripts.Script$Recompilation$44618$3841A$\^function\_.L:1#issueCommand(<function>:124)
	at jdk.nashorn.internal.scripts.Script$Recompilation$44618$3841A$\^function\_.L:1#issueCommand(<function>:124)
	at jdk.nashorn.internal.scripts.Script$Recompilation$44618$3841A$\^function\_.L:1#issueCommand(<function>:124)
	at jdk.nashorn.internal.scripts.Script$Recompilation$44618$3841A$\^function\_.L:1#issueCommand(<function>:124)
	at jdk.nashorn.internal.scripts.Script$Recompilation$44618$3841A$\^function\_.L:1#issueCommand(<function>:124)
	at jdk.nashorn.internal.scripts.Script$Recompilation$44618$3841A$\^function\_.L:1#issueCommand(<function>:124)
	at jdk.nashorn.internal.scripts.Script$Recompilation$44618$3841A$\^function\_.L:1#issueCommand(<function>:124)
	at jdk.nashorn.internal.scripts.Script$Recompilation$44618$3841A$\^function\_.L:1#issueCommand(<function>:124)
	at jdk.nashorn.internal.scripts.Script$Recompilation$44618$3841A$\^function\_.L:1#issueCommand(<function>:124)
	at jdk.nashorn.internal.scripts.Script$Recompilation$44618$3841A$\^function\_.L:1#issueCommand(<function>:124)
	at jdk.nashorn.internal.scripts.Script$Recompilation$44618$3841A$\^function\_.L:1#issueCommand(<function>:124)
	at jdk.nashorn.internal.scripts.Script$Recompilation$44618$3841A$\^function\_.L:1#issueCommand(<function>:124)
	at jdk.nashorn.internal.scripts.Script$Recompilation$44618$3841A$\^function\_.L:1#issueCommand(<function>:124)
	at jdk.nashorn.internal.scripts.Script$Recompilation$44618$3841A$\^function\_.L:1#issueCommand(<function>:124)
	at jdk.nashorn.internal.scripts.Script$Recompilation$44618$3841A$\^function\_.L:1#issueCommand(<function>:124)
	at jdk.nashorn.internal.scripts.Script$Recompilation$44618$3841A$\^function\_.L:1#issueCommand(<function>:124)
	at jdk.nashorn.internal.scripts.Script$Recompilation$44618$3841A$\^function\_.L:1#issueCommand(<function>:124)
	at jdk.nashorn.internal.scripts.Script$Recompilation$44618$3841A$\^function\_.L:1#issueCommand(<function>:124)
	at jdk.nashorn.internal.scripts.Script$Recompilation$44618$3841A$\^function\_.L:1#issueCommand(<function>:124)
	at jdk.nashorn.internal.scripts.Script$Recompilation$44618$3841A$\^function\_.L:1#issueCommand(<function>:124)
	at jdk.nashorn.internal.scripts.Script$Recompilation$44618$3841A$\^function\_.L:1#issueCommand(<function>:124)
	at jdk.nashorn.internal.scripts.Script$Recompilation$44618$3841A$\^function\_.L:1#issueCommand(<function>:124)
	at jdk.nashorn.internal.scripts.Script$Recompilation$44618$3841A$\^function\_.L:1#issueCommand(<function>:124)
	at jdk.nashorn.internal.scripts.Script$Recompilation$44618$3841A$\^function\_.L:1#issueCommand(<function>:124)
	at jdk.nashorn.internal.scripts.Script$Recompilation$44618$3841A$\^function\_.L:1#issueCommand(<function>:124)
	at jdk.nashorn.internal.scripts.Script$Recompilation$44618$3841A$\^function\_.L:1#issueCommand(<function>:124)
	at jdk.nashorn.internal.scripts.Script$Recompilation$44618$3841A$\^function\_.L:1#issueCommand(<function>:124)
	at jdk.nashorn.internal.scripts.Script$Recompilation$44618$3841A$\^function\_.L:1#issueCommand(<function>:124)
	at jdk.nashorn.internal.scripts.Script$Recompilation$44618$3841A$\^function\_.L:1#issueCommand(<function>:124)
	at jdk.nashorn.internal.scripts.Script$Recompilation$44618$3841A$\^function\_.L:1#issueCommand(<function>:124)
	at jdk.nashorn.internal.scripts.Script$Recompilation$44618$3841A$\^function\_.L:1#issueCommand(<function>:124)
	at jdk.nashorn.internal.scripts.Script$Recompilation$44618$3841A$\^function\_.L:1#issueCommand(<function>:124)
	at jdk.nashorn.internal.scripts.Script$Recompilation$44618$3841A$\^function\_.L:1#issueCommand(<function>:124)
	at jdk.nashorn.internal.scripts.Script$Recompilation$44618$3841A$\^function\_.L:1#issueCommand(<function>:124)
	at jdk.nashorn.internal.scripts.Script$Recompilation$44618$3841A$\^function\_.L:1#issueCommand(<function>:124)
	at jdk.nashorn.internal.scripts.Script$Recompilation$44618$3841A$\^function\_.L:1#issueCommand(<function>:124)
	at jdk.nashorn.internal.scripts.Script$Recompilation$44618$3841A$\^function\_.L:1#issueCommand(<function>:124)
	at jdk.nashorn.internal.scripts.Script$Recompilation$44618$3841A$\^function\_.L:1#issueCommand(<function>:124)
	at jdk.nashorn.internal.scripts.Script$Recompilation$44618$3841A$\^function\_.L:1#issueCommand(<function>:124)
	at jdk.nashorn.internal.scripts.Script$Recompilation$44618$3841A$\^function\_.L:1#issueCommand(<function>:124)
	at jdk.nashorn.internal.scripts.Script$Recompilation$44618$3841A$\^function\_.L:1#issueCommand(<function>:124)
	at jdk.nashorn.internal.scripts.Script$Recompilation$44618$3841A$\^function\_.L:1#issueCommand(<function>:124)
	at jdk.nashorn.internal.scripts.Script$Recompilation$44618$3841A$\^function\_.L:1#issueCommand(<function>:124)
	at jdk.nashorn.internal.scripts.Script$Recompilation$44618$3841A$\^function\_.L:1#issueCommand(<function>:124)
	at jdk.nashorn.internal.scripts.Script$Recompilation$44618$3841A$\^function\_.L:1#issueCommand(<function>:124)
	at jdk.nashorn.internal.scripts.Script$Recompilation$44618$3841A$\^function\_.L:1#issueCommand(<function>:124)
	at jdk.nashorn.internal.scripts.Script$Recompilation$44618$3841A$\^function\_.L:1#issueCommand(<function>:124)
	at jdk.nashorn.internal.scripts.Script$Recompilation$44618$3841A$\^function\_.L:1#issueCommand(<function>:124)
	at jdk.nashorn.internal.scripts.Script$Recompilation$44618$3841A$\^function\_.L:1#issueCommand(<function>:124)
	at jdk.nashorn.internal.scripts.Script$Recompilation$44618$3841A$\^function\_.L:1#issueCommand(<function>:124)
	at jdk.nashorn.internal.scripts.Script$Recompilation$44618$3841A$\^function\_.L:1#issueCommand(<function>:124)
	at jdk.nashorn.internal.scripts.Script$Recompilation$44618$3841A$\^function\_.L:1#issueCommand(<function>:124)
	at jdk.nashorn.internal.scripts.Script$Recompilation$44618$3841A$\^function\_.L:1#issueCommand(<function>:124)
	at jdk.nashorn.internal.scripts.Script$Recompilation$44618$3841A$\^function\_.L:1#issueCommand(<function>:124)
	at jdk.nashorn.internal.scripts.Script$Recompilation$44618$3841A$\^function\_.L:1#issueCommand(<function>:124)
	at jdk.nashorn.internal.scripts.Script$Recompilation$44618$3841A$\^function\_.L:1#issueCommand(<function>:124)
	at jdk.nashorn.internal.scripts.Script$Recompilation$44618$3841A$\^function\_.L:1#issueCommand(<function>:124)
	at jdk.nashorn.internal.scripts.Script$Recompilation$44618$3841A$\^function\_.L:1#issueCommand(<function>:124)
	at jdk.nashorn.internal.scripts.Script$Recompilation$44618$3841A$\^function\_.L:1#issueCommand(<function>:124)
	at jdk.nashorn.internal.scripts.Script$Recompilation$44618$3841A$\^function\_.L:1#issueCommand(<function>:124)
	at jdk.nashorn.internal.scripts.Script$Recompilation$44618$3841A$\^function\_.L:1#issueCommand(<function>:124)
	at jdk.nashorn.internal.scripts.Script$Recompilation$44618$3841A$\^function\_.L:1#issueCommand(<function>:124)
	at jdk.nashorn.internal.scripts.Script$Recompilation$44618$3841A$\^function\_.L:1#issueCommand(<function>:124)
	at jdk.nashorn.internal.scripts.Script$Recompilation$44618$3841A$\^function\_.L:1#issueCommand(<function>:124)
	at jdk.nashorn.internal.scripts.Script$Recompilation$44618$3841A$\^function\_.L:1#issueCommand(<function>:124)
	at jdk.nashorn.internal.scripts.Script$Recompilation$44618$3841A$\^function\_.L:1#issueCommand(<function>:124)
	at jdk.nashorn.internal.scripts.Script$Recompilation$44618$3841A$\^function\_.L:1#issueCommand(<function>:124)
	at jdk.nashorn.internal.scripts.Script$Recompilation$44618$3841A$\^function\_.L:1#issueCommand(<function>:124)
	at jdk.nashorn.internal.scripts.Script$Recompilation$44618$3841A$\^function\_.L:1#issueCommand(<function>:124)
	at jdk.nashorn.internal.scripts.Script$Recompilation$44618$3841A$\^function\_.L:1#issueCommand(<function>:124)
	at jdk.nashorn.internal.scripts.Script$Recompilation$44618$3841A$\^function\_.L:1#issueCommand(<function>:124)
	at jdk.nashorn.internal.scripts.Script$Recompilation$44618$3841A$\^function\_.L:1#issueCommand(<function>:124)
	at jdk.nashorn.internal.scripts.Script$Recompilation$44618$3841A$\^function\_.L:1#issueCommand(<function>:124)
	at jdk.nashorn.internal.scripts.Script$Recompilation$44618$3841A$\^function\_.L:1#issueCommand(<function>:124)
	at jdk.nashorn.internal.scripts.Script$Recompilation$44618$3841A$\^function\_.L:1#issueCommand(<function>:124)
	at jdk.nashorn.internal.scripts.Script$Recompilation$44618$3841A$\^function\_.L:1#issueCommand(<function>:124)
	at jdk.nashorn.internal.scripts.Script$Recompilation$44618$3841A$\^function\_.L:1#issueCommand(<function>:124)
	at jdk.nashorn.internal.scripts.Script$Recompilation$44618$3841A$\^function\_.L:1#issueCommand(<function>:124)
	at jdk.nashorn.internal.scripts.Script$Recompilation$44618$3841A$\^function\_.L:1#issueCommand(<function>:124)
	at jdk.nashorn.internal.scripts.Script$Recompilation$44618$3841A$\^function\_.L:1#issueCommand(<function>:124)
	at jdk.nashorn.internal.scripts.Script$Recompilation$44618$3841A$\^function\_.L:1#issueCommand(<function>:124)
	at jdk.nashorn.internal.scripts.Script$Recompilation$44618$3841A$\^function\_.L:1#issueCommand(<function>:124)
	at jdk.nashorn.internal.scripts.Script$Recompilation$44618$3841A$\^function\_.L:1#issueCommand(<function>:124)
	at jdk.nashorn.internal.scripts.Script$Recompilation$44618$3841A$\^function\_.L:1#issueCommand(<function>:124)
	at jdk.nashorn.internal.scripts.Script$Recompilation$44618$3841A$\^function\_.L:1#issueCommand(<function>:124)
	at jdk.nashorn.internal.scripts.Script$Recompilation$44618$3841A$\^function\_.L:1#issueCommand(<function>:124)
	at jdk.nashorn.internal.scripts.Script$Recompilation$44618$3841A$\^function\_.L:1#issueCommand(<function>:124)
	at jdk.nashorn.internal.scripts.Script$Recompilation$44618$3841A$\^function\_.L:1#issueCommand(<function>:124)
	at jdk.nashorn.internal.scripts.Script$Recompilation$44618$3841A$\^function\_.L:1#issueCommand(<function>:124)
	at jdk.nashorn.internal.scripts.Script$Recompilation$44618$3841A$\^function\_.L:1#issueCommand(<function>:124)
	at jdk.nashorn.internal.scripts.Script$Recompilation$44618$3841A$\^function\_.L:1#issueCommand(<function>:124)
	at jdk.nashorn.internal.scripts.Script$Recompilation$44618$3841A$\^function\_.L:1#issueCommand(<function>:124)
	at jdk.nashorn.internal.scripts.Script$Recompilation$44618$3841A$\^function\_.L:1#issueCommand(<function>:124)
	at jdk.nashorn.internal.scripts.Script$Recompilation$44618$3841A$\^function\_.L:1#issueCommand(<function>:124)
	at jdk.nashorn.internal.scripts.Script$Recompilation$44618$3841A$\^function\_.L:1#issueCommand(<function>:124)
	at jdk.nashorn.internal.scripts.Script$Recompilation$44618$3841A$\^function\_.L:1#issueCommand(<function>:124)
	at jdk.nashorn.internal.scripts.Script$Recompilation$44618$3841A$\^function\_.L:1#issueCommand(<function>:124)
	at jdk.nashorn.internal.scripts.Script$Recompilation$44618$3841A$\^function\_.L:1#issueCommand(<function>:124)
	at jdk.nashorn.internal.scripts.Script$Recompilation$44618$3841A$\^function\_.L:1#issueCommand(<function>:124)
	at jdk.nashorn.internal.scripts.Script$Recompilation$44618$3841A$\^function\_.L:1#issueCommand(<function>:124)
	at jdk.nashorn.internal.scripts.Script$Recompilation$44618$3841A$\^function\_.L:1#issueCommand(<function>:124)
	at jdk.nashorn.internal.scripts.Script$Recompilation$44618$3841A$\^function\_.L:1#issueCommand(<function>:124)
	at jdk.nashorn.internal.scripts.Script$Recompilation$44618$3841A$\^function\_.L:1#issueCommand(<function>:124)
	at jdk.nashorn.internal.scripts.Script$Recompilation$44618$3841A$\^function\_.L:1#issueCommand(<function>:124)
	at jdk.nashorn.internal.scripts.Script$Recompilation$44618$3841A$\^function\_.L:1#issueCommand(<function>:124)
	at jdk.nashorn.internal.scripts.Script$Recompilation$44618$3841A$\^function\_.L:1#issueCommand(<function>:124)
	at jdk.nashorn.internal.scripts.Script$Recompilation$44618$3841A$\^function\_.L:1#issueCommand(<function>:124)
	at jdk.nashorn.internal.scripts.Script$Recompilation$44618$3841A$\^function\_.L:1#issueCommand(<function>:124)
	at jdk.nashorn.internal.scripts.Script$Recompilation$44618$3841A$\^function\_.L:1#issueCommand(<function>:124)
	at jdk.nashorn.internal.scripts.Script$Recompilation$44618$3841A$\^function\_.L:1#issueCommand(<function>:124)
	at jdk.nashorn.internal.scripts.Script$Recompilation$44618$3841A$\^function\_.L:1#issueCommand(<function>:124)
	at jdk.nashorn.internal.scripts.Script$Recompilation$44618$3841A$\^function\_.L:1#issueCommand(<function>:124)
	at jdk.nashorn.internal.scripts.Script$Recompilation$44618$3841A$\^function\_.L:1#issueCommand(<function>:124)
	at jdk.nashorn.internal.scripts.Script$Recompilation$44618$3841A$\^function\_.L:1#issueCommand(<function>:124)
	at jdk.nashorn.internal.scripts.Script$Recompilation$44618$3841A$\^function\_.L:1#issueCommand(<function>:124)
	at jdk.nashorn.internal.scripts.Script$Recompilation$44618$3841A$\^function\_.L:1#issueCommand(<function>:124)
	at jdk.nashorn.internal.scripts.Script$Recompilation$44618$3841A$\^function\_.L:1#issueCommand(<function>:124)
	at jdk.nashorn.internal.scripts.Script$Recompilation$44618$3841A$\^function\_.L:1#issueCommand(<function>:124)
	at jdk.nashorn.internal.scripts.Script$Recompilation$44618$3841A$\^function\_.L:1#issueCommand(<function>:124)
	at jdk.nashorn.internal.scripts.Script$Recompilation$44618$3841A$\^function\_.L:1#issueCommand(<function>:124)
	at jdk.nashorn.internal.scripts.Script$Recompilation$44618$3841A$\^function\_.L:1#issueCommand(<function>:124)
	at jdk.nashorn.internal.scripts.Script$Recompilation$44618$3841A$\^function\_.L:1#issueCommand(<function>:124)
	at jdk.nashorn.internal.scripts.Script$Recompilation$44618$3841A$\^function\_.L:1#issueCommand(<function>:124)
	at jdk.nashorn.internal.scripts.Script$Recompilation$44618$3841A$\^function\_.L:1#issueCommand(<function>:124)
	at jdk.nashorn.internal.scripts.Script$Recompilation$44618$3841A$\^function\_.L:1#issueCommand(<function>:124)
	at jdk.nashorn.internal.scripts.Script$Recompilation$44618$3841A$\^function\_.L:1#issueCommand(<function>:124)
	at jdk.nashorn.internal.scripts.Script$Recompilation$44618$3841A$\^function\_.L:1#issueCommand(<function>:124)
	at jdk.nashorn.internal.scripts.Script$Recompilation$44618$3841A$\^function\_.L:1#issueCommand(<function>:124)
	at jdk.nashorn.internal.scripts.Script$Recompilation$44618$3841A$\^function\_.L:1#issueCommand(<function>:124)
	at jdk.nashorn.internal.scripts.Script$Recompilation$44618$3841A$\^function\_.L:1#issueCommand(<function>:124)
	at jdk.nashorn.internal.scripts.Script$Recompilation$44618$3841A$\^function\_.L:1#issueCommand(<function>:124)
	at jdk.nashorn.internal.scripts.Script$Recompilation$44618$3841A$\^function\_.L:1#issueCommand(<function>:124)
	at jdk.nashorn.internal.scripts.Script$Recompilation$44618$3841A$\^function\_.L:1#issueCommand(<function>:124)
	at jdk.nashorn.internal.scripts.Script$Recompilation$44618$3841A$\^function\_.L:1#issueCommand(<function>:124)
	at jdk.nashorn.internal.scripts.Script$Recompilation$44618$3841A$\^function\_.L:1#issueCommand(<function>:124)
	at jdk.nashorn.internal.scripts.Script$Recompilation$44618$3841A$\^function\_.L:1#issueCommand(<function>:124)
	at jdk.nashorn.internal.scripts.Script$Recompilation$44618$3841A$\^function\_.L:1#issueCommand(<function>:124)
	at jdk.nashorn.internal.scripts.Script$Recompilation$44618$3841A$\^function\_.L:1#issueCommand(<function>:124)
	at jdk.nashorn.internal.scripts.Script$Recompilation$44618$3841A$\^function\_.L:1#issueCommand(<function>:124)
	at jdk.nashorn.internal.scripts.Script$Recompilation$44618$3841A$\^function\_.L:1#issueCommand(<function>:124)
	at jdk.nashorn.internal.scripts.Script$Recompilation$44618$3841A$\^function\_.L:1#issueCommand(<function>:124)
	at jdk.nashorn.internal.scripts.Script$Recompilation$44618$3841A$\^function\_.L:1#issueCommand(<function>:124)
	at jdk.nashorn.internal.scripts.Script$Recompilation$44618$3841A$\^function\_.L:1#issueCommand(<function>:124)
	at jdk.nashorn.internal.scripts.Script$Recompilation$44618$3841A$\^function\_.L:1#issueCommand(<function>:124)
	at jdk.nashorn.internal.scripts.Script$Recompilation$44618$3841A$\^function\_.L:1#issueCommand(<function>:124)
	at jdk.nashorn.internal.scripts.Script$Recompilation$44618$3841A$\^function\_.L:1#issueCommand(<function>:124)
	at jdk.nashorn.internal.scripts.Script$Recompilation$44618$3841A$\^function\_.L:1#issueCommand(<function>:124)
	at jdk.nashorn.internal.scripts.Script$Recompilation$44618$3841A$\^function\_.L:1#issueCommand(<function>:124)
	at jdk.nashorn.internal.scripts.Script$Recompilation$44618$3841A$\^function\_.L:1#issueCommand(<function>:124)
	at jdk.nashorn.internal.scripts.Script$Recompilation$44618$3841A$\^function\_.L:1#issueCommand(<function>:124)
	at jdk.nashorn.internal.scripts.Script$Recompilation$44618$3841A$\^function\_.L:1#issueCommand(<function>:124)
	at jdk.nashorn.internal.scripts.Script$Recompilation$44618$3841A$\^function\_.L:1#issueCommand(<function>:124)
	at jdk.nashorn.internal.scripts.Script$Recompilation$44618$3841A$\^function\_.L:1#issueCommand(<function>:124)
	at jdk.nashorn.internal.scripts.Script$Recompilation$44618$3841A$\^function\_.L:1#issueCommand(<function>:124)
	at jdk.nashorn.internal.scripts.Script$Recompilation$44618$3841A$\^function\_.L:1#issueCommand(<function>:124)
	at jdk.nashorn.internal.scripts.Script$Recompilation$44618$3841A$\^function\_.L:1#issueCommand(<function>:124)
	at jdk.nashorn.internal.scripts.Script$Recompilation$44618$3841A$\^function\_.L:1#issueCommand(<function>:124)
	at jdk.nashorn.internal.scripts.Script$Recompilation$44618$3841A$\^function\_.L:1#issueCommand(<function>:124)
	at jdk.nashorn.internal.scripts.Script$Recompilation$44618$3841A$\^function\_.L:1#issueCommand(<function>:124)
	at jdk.nashorn.internal.scripts.Script$Recompilation$44618$3841A$\^function\_.L:1#issueCommand(<function>:124)
	at jdk.nashorn.internal.scripts.Script$Recompilation$44618$3841A$\^function\_.L:1#issueCommand(<function>:124)
	at jdk.nashorn.internal.scripts.Script$Recompilation$44618$3841A$\^function\_.L:1#issueCommand(<function>:124)
	at jdk.nashorn.internal.scripts.Script$Recompilation$44618$3841A$\^function\_.L:1#issueCommand(<function>:124)
	at jdk.nashorn.internal.scripts.Script$Recompilation$44618$3841A$\^function\_.L:1#issueCommand(<function>:124)
	at jdk.nashorn.internal.scripts.Script$Recompilation$44618$3841A$\^function\_.L:1#issueCommand(<function>:124)
	at jdk.nashorn.internal.scripts.Script$Recompilation$44618$3841A$\^function\_.L:1#issueCommand(<function>:124)
	at jdk.nashorn.internal.scripts.Script$Recompilation$44618$3841A$\^function\_.L:1#issueCommand(<function>:124)
	at jdk.nashorn.internal.scripts.Script$Recompilation$44618$3841A$\^function\_.L:1#issueCommand(<function>:124)
	at jdk.nashorn.internal.scripts.Script$Recompilation$44618$3841A$\^function\_.L:1#issueCommand(<function>:124)
	at jdk.nashorn.internal.scripts.Script$Recompilation$44618$3841A$\^function\_.L:1#issueCommand(<function>:124)
	at jdk.nashorn.internal.scripts.Script$Recompilation$44618$3841A$\^function\_.L:1#issueCommand(<function>:124)
	at jdk.nashorn.internal.scripts.Script$Recompilation$44618$3841A$\^function\_.L:1#issueCommand(<function>:124)
	at jdk.nashorn.internal.scripts.Script$Recompilation$44618$3841A$\^function\_.L:1#issueCommand(<function>:124)
	at jdk.nashorn.internal.scripts.Script$Recompilation$44618$3841A$\^function\_.L:1#issueCommand(<function>:124)
	at jdk.nashorn.internal.scripts.Script$Recompilation$44618$3841A$\^function\_.L:1#issueCommand(<function>:124)
	at jdk.nashorn.internal.scripts.Script$Recompilation$44618$3841A$\^function\_.L:1#issueCommand(<function>:124)
	at jdk.nashorn.internal.scripts.Script$Recompilation$44618$3841A$\^function\_.L:1#issueCommand(<function>:124)
	at jdk.nashorn.internal.scripts.Script$Recompilation$44618$3841A$\^function\_.L:1#issueCommand(<function>:124)
	at jdk.nashorn.internal.scripts.Script$Recompilation$44618$3841A$\^function\_.L:1#issueCommand(<function>:124)
	at jdk.nashorn.internal.scripts.Script$Recompilation$44618$3841A$\^function\_.L:1#issueCommand(<function>:124)
	at jdk.nashorn.internal.scripts.Script$Recompilation$44618$3841A$\^function\_.L:1#issueCommand(<function>:124)
	at jdk.nashorn.internal.scripts.Script$Recompilation$44618$3841A$\^function\_.L:1#issueCommand(<function>:124)
	at jdk.nashorn.internal.scripts.Script$Recompilation$44618$3841A$\^function\_.L:1#issueCommand(<function>:124)
	at jdk.nashorn.internal.scripts.Script$Recompilation$44618$3841A$\^function\_.L:1#issueCommand(<function>:124)
	at jdk.nashorn.internal.scripts.Script$Recompilation$44618$3841A$\^function\_.L:1#issueCommand(<function>:124)
	at jdk.nashorn.internal.scripts.Script$Recompilation$44618$3841A$\^function\_.L:1#issueCommand(<function>:124)
	at jdk.nashorn.internal.scripts.Script$Recompilation$44618$3841A$\^function\_.L:1#issueCommand(<function>:124)
	at jdk.nashorn.internal.scripts.Script$Recompilation$44618$3841A$\^function\_.L:1#issueCommand(<function>:124)
	at jdk.nashorn.internal.scripts.Script$Recompilation$44618$3841A$\^function\_.L:1#issueCommand(<function>:124)
	at jdk.nashorn.internal.scripts.Script$Recompilation$44618$3841A$\^function\_.L:1#issueCommand(<function>:124)
	at jdk.nashorn.internal.scripts.Script$Recompilation$44618$3841A$\^function\_.L:1#issueCommand(<function>:124)
	at jdk.nashorn.internal.scripts.Script$Recompilation$44618$3841A$\^function\_.L:1#issueCommand(<function>:124)
	at jdk.nashorn.internal.scripts.Script$Recompilation$44618$3841A$\^function\_.L:1#issueCommand(<function>:124)
	at jdk.nashorn.internal.scripts.Script$Recompilation$44618$3841A$\^function\_.L:1#issueCommand(<function>:124)
	at jdk.nashorn.internal.scripts.Script$Recompilation$44618$3841A$\^function\_.L:1#issueCommand(<function>:124)
	at jdk.nashorn.internal.scripts.Script$Recompilation$44618$3841A$\^function\_.L:1#issueCommand(<function>:124)
	at jdk.nashorn.internal.scripts.Script$Recompilation$44618$3841A$\^function\_.L:1#issueCommand(<function>:124)
	at jdk.nashorn.internal.scripts.Script$Recompilation$44618$3841A$\^function\_.L:1#issueCommand(<function>:124)
	at jdk.nashorn.internal.scripts.Script$Recompilation$44618$3841A$\^function\_.L:1#issueCommand(<function>:124)
	at jdk.nashorn.internal.scripts.Script$Recompilation$44618$3841A$\^function\_.L:1#issueCommand(<function>:124)
	at jdk.nashorn.internal.scripts.Script$Recompilation$44618$3841A$\^function\_.L:1#issueCommand(<function>:124)
	at jdk.nashorn.internal.scripts.Script$Recompilation$44618$3841A$\^function\_.L:1#issueCommand(<function>:124)
	at jdk.nashorn.internal.scripts.Script$Recompilation$44618$3841A$\^function\_.L:1#issueCommand(<function>:124)
	at jdk.nashorn.internal.scripts.Script$Recompilation$44618$3841A$\^function\_.L:1#issueCommand(<function>:124)
	at jdk.nashorn.internal.scripts.Script$Recompilation$44618$3841A$\^function\_.L:1#issueCommand(<function>:124)
	at jdk.nashorn.internal.scripts.Script$Recompilation$44618$3841A$\^function\_.L:1#issueCommand(<function>:124)
	at jdk.nashorn.internal.scripts.Script$Recompilation$44618$3841A$\^function\_.L:1#issueCommand(<function>:124)
	at jdk.nashorn.internal.scripts.Script$Recompilation$44618$3841A$\^function\_.L:1#issueCommand(<function>:124)
	at jdk.nashorn.internal.scripts.Script$Recompilation$44618$3841A$\^function\_.L:1#issueCommand(<function>:124)
	at jdk.nashorn.internal.scripts.Script$Recompilation$44618$3841A$\^function\_.L:1#issueCommand(<function>:124)
	at jdk.nashorn.internal.scripts.Script$Recompilation$44618$3841A$\^function\_.L:1#issueCommand(<function>:124)
	at jdk.nashorn.internal.scripts.Script$Recompilation$44618$3841A$\^function\_.L:1#issueCommand(<function>:124)
	at jdk.nashorn.internal.scripts.Script$Recompilation$44618$3841A$\^function\_.L:1#issueCommand(<function>:124)
	at jdk.nashorn.internal.scripts.Script$Recompilation$44618$3841A$\^function\_.L:1#issueCommand(<function>:124)
	at jdk.nashorn.internal.scripts.Script$Recompilation$44618$3841A$\^function\_.L:1#issueCommand(<function>:124)
	at jdk.nashorn.internal.scripts.Script$Recompilation$44618$3841A$\^function\_.L:1#issueCommand(<function>:124)
	at jdk.nashorn.internal.scripts.Script$Recompilation$44618$3841A$\^function\_.L:1#issueCommand(<function>:124)
	at jdk.nashorn.internal.scripts.Script$Recompilation$44618$3841A$\^function\_.L:1#issueCommand(<function>:124)
	at jdk.nashorn.internal.scripts.Script$Recompilation$44618$3841A$\^function\_.L:1#issueCommand(<function>:124)
	at jdk.nashorn.internal.scripts.Script$Recompilation$44618$3841A$\^function\_.L:1#issueCommand(<function>:124)
	at jdk.nashorn.internal.scripts.Script$Recompilation$44618$3841A$\^function\_.L:1#issueCommand(<function>:124)
	at jdk.nashorn.internal.scripts.Script$Recompilation$44618$3841A$\^function\_.L:1#issueCommand(<function>:124)
	at jdk.nashorn.internal.scripts.Script$Recompilation$44618$3841A$\^function\_.L:1#issueCommand(<function>:124)
	at jdk.nashorn.internal.scripts.Script$Recompilation$44618$3841A$\^function\_.L:1#issueCommand(<function>:124)
	at jdk.nashorn.internal.scripts.Script$Recompilation$44618$3841A$\^function\_.L:1#issueCommand(<function>:124)
	at jdk.nashorn.internal.scripts.Script$Recompilation$44618$3841A$\^function\_.L:1#issueCommand(<function>:124)
	at jdk.nashorn.internal.scripts.Script$Recompilation$44618$3841A$\^function\_.L:1#issueCommand(<function>:124)
	at jdk.nashorn.internal.scripts.Script$Recompilation$44618$3841A$\^function\_.L:1#issueCommand(<function>:124)
	at jdk.nashorn.internal.scripts.Script$Recompilation$44618$3841A$\^function\_.L:1#issueCommand(<function>:124)
	at jdk.nashorn.internal.scripts.Script$Recompilation$44618$3841A$\^function\_.L:1#issueCommand(<function>:124)
	at jdk.nashorn.internal.scripts.Script$Recompilation$44618$3841A$\^function\_.L:1#issueCommand(<function>:124)
	at jdk.nashorn.internal.scripts.Script$Recompilation$44618$3841A$\^function\_.L:1#issueCommand(<function>:124)
	at jdk.nashorn.internal.scripts.Script$Recompilation$44618$3841A$\^function\_.L:1#issueCommand(<function>:124)
	at jdk.nashorn.internal.scripts.Script$Recompilation$44618$3841A$\^function\_.L:1#issueCommand(<function>:124)
	at jdk.nashorn.internal.scripts.Script$Recompilation$44618$3841A$\^function\_.L:1#issueCommand(<function>:124)
	at jdk.nashorn.internal.scripts.Script$Recompilation$44618$3841A$\^function\_.L:1#issueCommand(<function>:124)
	at jdk.nashorn.internal.scripts.Script$Recompilation$44618$3841A$\^function\_.L:1#issueCommand(<function>:124)
	at jdk.nashorn.internal.scripts.Script$Recompilation$44618$3841A$\^function\_.L:1#issueCommand(<function>:124)
	at jdk.nashorn.internal.scripts.Script$Recompilation$44618$3841A$\^function\_.L:1#issueCommand(<function>:124)
	at jdk.nashorn.internal.scripts.Script$Recompilation$44618$3841A$\^function\_.L:1#issueCommand(<function>:124)
	at jdk.nashorn.internal.scripts.Script$Recompilation$44618$3841A$\^function\_.L:1#issueCommand(<function>:124)
	at jdk.nashorn.internal.scripts.Script$Recompilation$44618$3841A$\^function\_.L:1#issueCommand(<function>:124)
	at jdk.nashorn.internal.scripts.Script$Recompilation$44618$3841A$\^function\_.L:1#issueCommand(<function>:124)
	at jdk.nashorn.internal.scripts.Script$Recompilation$44618$3841A$\^function\_.L:1#issueCommand(<function>:124)
	at jdk.nashorn.internal.scripts.Script$Recompilation$44618$3841A$\^function\_.L:1#issueCommand(<function>:124)
	at jdk.nashorn.internal.scripts.Script$Recompilation$44618$3841A$\^function\_.L:1#issueCommand(<function>:124)
	at jdk.nashorn.internal.scripts.Script$Recompilation$44618$3841A$\^function\_.L:1#issueCommand(<function>:124)
	at jdk.nashorn.internal.scripts.Script$Recompilation$44618$3841A$\^function\_.L:1#issueCommand(<function>:124)
	at jdk.nashorn.internal.scripts.Script$Recompilation$44618$3841A$\^function\_.L:1#issueCommand(<function>:124)
	at jdk.nashorn.internal.scripts.Script$Recompilation$44618$3841A$\^function\_.L:1#issueCommand(<function>:124)
	at jdk.nashorn.internal.scripts.Script$Recompilation$44618$3841A$\^function\_.L:1#issueCommand(<function>:124)
	at jdk.nashorn.internal.scripts.Script$Recompilation$44618$3841A$\^function\_.L:1#issueCommand(<function>:124)
	at jdk.nashorn.internal.scripts.Script$Recompilation$44618$3841A$\^function\_.L:1#issueCommand(<function>:124)
	at jdk.nashorn.internal.scripts.Script$Recompilation$44618$3841A$\^function\_.L:1#issueCommand(<function>:124)
	at jdk.nashorn.internal.scripts.Script$Recompilation$44618$3841A$\^function\_.L:1#issueCommand(<function>:124)
	at jdk.nashorn.internal.scripts.Script$Recompilation$44618$3841A$\^function\_.L:1#issueCommand(<function>:124)
	at jdk.nashorn.internal.scripts.Script$Recompilation$44618$3841A$\^function\_.L:1#issueCommand(<function>:124)
	at jdk.nashorn.internal.scripts.Script$Recompilation$44618$3841A$\^function\_.L:1#issueCommand(<function>:124)
	at jdk.nashorn.internal.scripts.Script$Recompilation$44618$3841A$\^function\_.L:1#issueCommand(<function>:124)
	at jdk.nashorn.internal.scripts.Script$Recompilation$44618$3841A$\^function\_.L:1#issueCommand(<function>:124)
	at jdk.nashorn.internal.scripts.Script$Recompilation$44618$3841A$\^function\_.L:1#issueCommand(<function>:124)
	at jdk.nashorn.internal.scripts.Script$Recompilation$44618$3841A$\^function\_.L:1#issueCommand(<function>:124)
	at jdk.nashorn.internal.scripts.Script$Recompilation$44618$3841A$\^function\_.L:1#issueCommand(<function>:124)
	at jdk.nashorn.internal.scripts.Script$Recompilation$44618$3841A$\^function\_.L:1#issueCommand(<function>:124)
	at jdk.nashorn.internal.scripts.Script$Recompilation$44618$3841A$\^function\_.L:1#issueCommand(<function>:124)
	at jdk.nashorn.internal.scripts.Script$Recompilation$44618$3841A$\^function\_.L:1#issueCommand(<function>:124)
	at jdk.nashorn.internal.scripts.Script$Recompilation$44618$3841A$\^function\_.L:1#issueCommand(<function>:124)
	at jdk.nashorn.internal.scripts.Script$Recompilation$44618$3841A$\^function\_.L:1#issueCommand(<function>:124)
	at jdk.nashorn.internal.scripts.Script$Recompilation$44618$3841A$\^function\_.L:1#issueCommand(<function>:124)
	at jdk.nashorn.internal.scripts.Script$Recompilation$44618$3841A$\^function\_.L:1#issueCommand(<function>:124)
	at jdk.nashorn.internal.scripts.Script$Recompilation$44618$3841A$\^function\_.L:1#issueCommand(<function>:124)
	at jdk.nashorn.internal.scripts.Script$Recompilation$44618$3841A$\^function\_.L:1#issueCommand(<function>:124)
	at jdk.nashorn.internal.scripts.Script$Recompilation$44618$3841A$\^function\_.L:1#issueCommand(<function>:124)
	at jdk.nashorn.internal.scripts.Script$Recompilation$44618$3841A$\^function\_.L:1#issueCommand(<function>:124)
	at jdk.nashorn.internal.scripts.Script$Recompilation$44618$3841A$\^function\_.L:1#issueCommand(<function>:124)
	at jdk.nashorn.internal.scripts.Script$Recompilation$44618$3841A$\^function\_.L:1#issueCommand(<function>:124)
	at jdk.nashorn.internal.scripts.Script$Recompilation$44618$3841A$\^function\_.L:1#issueCommand(<function>:124)
	at jdk.nashorn.internal.scripts.Script$Recompilation$44618$3841A$\^function\_.L:1#issueCommand(<function>:124)
	at jdk.nashorn.internal.scripts.Script$Recompilation$44618$3841A$\^function\_.L:1#issueCommand(<function>:124)
	at jdk.nashorn.internal.scripts.Script$Recompilation$44618$3841A$\^function\_.L:1#issueCommand(<function>:124)
	at jdk.nashorn.internal.scripts.Script$Recompilation$44618$3841A$\^function\_.L:1#issueCommand(<function>:124)
	at jdk.nashorn.internal.scripts.Script$Recompilation$44618$3841A$\^function\_.L:1#issueCommand(<function>:124)
	at jdk.nashorn.internal.scripts.Script$Recompilation$44618$3841A$\^function\_.L:1#issueCommand(<function>:124)
	at jdk.nashorn.internal.scripts.Script$Recompilation$44618$3841A$\^function\_.L:1#issueCommand(<function>:124)
	at jdk.nashorn.internal.scripts.Script$Recompilation$44618$3841A$\^function\_.L:1#issueCommand(<function>:124)
	at jdk.nashorn.internal.scripts.Script$Recompilation$44618$3841A$\^function\_.L:1#issueCommand(<function>:124)
	at jdk.nashorn.internal.scripts.Script$Recompilation$44618$3841A$\^function\_.L:1#issueCommand(<function>:124)
	at jdk.nashorn.internal.scripts.Script$Recompilation$44618$3841A$\^function\_.L:1#issueCommand(<function>:124)
	at jdk.nashorn.internal.scripts.Script$Recompilation$44618$3841A$\^function\_.L:1#issueCommand(<function>:124)
	at jdk.nashorn.internal.scripts.Script$Recompilation$44618$3841A$\^function\_.L:1#issueCommand(<function>:124)
	at jdk.nashorn.internal.scripts.Script$Recompilation$44618$3841A$\^function\_.L:1#issueCommand(<function>:124)
	at jdk.nashorn.internal.scripts.Script$Recompilation$44618$3841A$\^function\_.L:1#issueCommand(<function>:124)
	at jdk.nashorn.internal.scripts.Script$Recompilation$44618$3841A$\^function\_.L:1#issueCommand(<function>:124)
	at jdk.nashorn.internal.scripts.Script$Recompilation$44618$3841A$\^function\_.L:1#issueCommand(<function>:124)
	at jdk.nashorn.internal.scripts.Script$Recompilation$44618$3841A$\^function\_.L:1#issueCommand(<function>:124)
	at jdk.nashorn.internal.scripts.Script$Recompilation$44618$3841A$\^function\_.L:1#issueCommand(<function>:124)
	at jdk.nashorn.internal.scripts.Script$Recompilation$44618$3841A$\^function\_.L:1#issueCommand(<function>:124)
	at jdk.nashorn.internal.scripts.Script$Recompilation$44618$3841A$\^function\_.L:1#issueCommand(<function>:124)
	at jdk.nashorn.internal.scripts.Script$Recompilation$44618$3841A$\^function\_.L:1#issueCommand(<function>:124)
	at jdk.nashorn.internal.scripts.Script$Recompilation$44618$3841A$\^function\_.L:1#issueCommand(<function>:124)
	at jdk.nashorn.internal.scripts.Script$Recompilation$44618$3841A$\^function\_.L:1#issueCommand(<function>:124)
	at jdk.nashorn.internal.scripts.Script$Recompilation$44618$3841A$\^function\_.L:1#issueCommand(<function>:124)
	at jdk.nashorn.internal.scripts.Script$Recompilation$44618$3841A$\^function\_.L:1#issueCommand(<function>:124)
	at jdk.nashorn.internal.scripts.Script$Recompilation$44618$3841A$\^function\_.L:1#issueCommand(<function>:124)
	at jdk.nashorn.internal.scripts.Script$Recompilation$44618$3841A$\^function\_.L:1#issueCommand(<function>:124)
	at jdk.nashorn.internal.scripts.Script$Recompilation$44618$3841A$\^function\_.L:1#issueCommand(<function>:124)
	at jdk.nashorn.internal.scripts.Script$Recompilation$44618$3841A$\^function\_.L:1#issueCommand(<function>:124)
	at jdk.nashorn.internal.scripts.Script$Recompilation$44618$3841A$\^function\_.L:1#issueCommand(<function>:124)
	at jdk.nashorn.internal.scripts.Script$Recompilation$44618$3841A$\^function\_.L:1#issueCommand(<function>:124)
	at jdk.nashorn.internal.scripts.Script$Recompilation$44618$3841A$\^function\_.L:1#issueCommand(<function>:124)
	at jdk.nashorn.internal.scripts.Script$Recompilation$44618$3841A$\^function\_.L:1#issueCommand(<function>:124)
	at jdk.nashorn.internal.scripts.Script$Recompilation$44618$3841A$\^function\_.L:1#issueCommand(<function>:124)
	at jdk.nashorn.internal.scripts.Script$Recompilation$44618$3841A$\^function\_.L:1#issueCommand(<function>:124)
	at jdk.nashorn.internal.scripts.Script$Recompilation$44618$3841A$\^function\_.L:1#issueCommand(<function>:124)
	at jdk.nashorn.internal.scripts.Script$Recompilation$44618$3841A$\^function\_.L:1#issueCommand(<function>:124)
	at jdk.nashorn.internal.scripts.Script$Recompilation$44618$3841A$\^function\_.L:1#issueCommand(<function>:124)
	at jdk.nashorn.internal.scripts.Script$Recompilation$44618$3841A$\^function\_.L:1#issueCommand(<function>:124)
	at jdk.nashorn.internal.scripts.Script$Recompilation$44618$3841A$\^function\_.L:1#issueCommand(<function>:124)
	at jdk.nashorn.internal.scripts.Script$Recompilation$44618$3841A$\^function\_.L:1#issueCommand(<function>:124)
	at jdk.nashorn.internal.scripts.Script$Recompilation$44618$3841A$\^function\_.L:1#issueCommand(<function>:124)
	at jdk.nashorn.internal.scripts.Script$Recompilation$44618$3841A$\^function\_.L:1#issueCommand(<function>:124)
	at jdk.nashorn.internal.scripts.Script$Recompilation$44618$3841A$\^function\_.L:1#issueCommand(<function>:124)
	at jdk.nashorn.internal.scripts.Script$Recompilation$44618$3841A$\^function\_.L:1#issueCommand(<function>:124)
	at jdk.nashorn.internal.scripts.Script$Recompilation$44618$3841A$\^function\_.L:1#issueCommand(<function>:124)
	at jdk.nashorn.internal.scripts.Script$Recompilation$44618$3841A$\^function\_.L:1#issueCommand(<function>:124)
	at jdk.nashorn.internal.scripts.Script$Recompilation$44618$3841A$\^function\_.L:1#issueCommand(<function>:124)
	at jdk.nashorn.internal.scripts.Script$Recompilation$44618$3841A$\^function\_.L:1#issueCommand(<function>:124)
	at jdk.nashorn.internal.scripts.Script$Recompilation$44618$3841A$\^function\_.L:1#issueCommand(<function>:124)
	at jdk.nashorn.internal.scripts.Script$Recompilation$44618$3841A$\^function\_.L:1#issueCommand(<function>:124)
	at jdk.nashorn.internal.scripts.Script$Recompilation$44618$3841A$\^function\_.L:1#issueCommand(<function>:124)
	at jdk.nashorn.internal.scripts.Script$Recompilation$44618$3841A$\^function\_.L:1#issueCommand(<function>:124)
	at jdk.nashorn.internal.scripts.Script$Recompilation$44618$3841A$\^function\_.L:1#issueCommand(<function>:124)
	at jdk.nashorn.internal.scripts.Script$Recompilation$44618$3841A$\^function\_.L:1#issueCommand(<function>:124)
	at jdk.nashorn.internal.scripts.Script$Recompilation$44618$3841A$\^function\_.L:1#issueCommand(<function>:124)
	at jdk.nashorn.internal.scripts.Script$Recompilation$44618$3841A$\^function\_.L:1#issueCommand(<function>:124)
	at jdk.nashorn.internal.scripts.Script$Recompilation$44618$3841A$\^function\_.L:1#issueCommand(<function>:124)
	at jdk.nashorn.internal.scripts.Script$Recompilation$44618$3841A$\^function\_.L:1#issueCommand(<function>:124)
	at jdk.nashorn.internal.scripts.Script$Recompilation$44618$3841A$\^function\_.L:1#issueCommand(<function>:124)
	at jdk.nashorn.internal.scripts.Script$Recompilation$44618$3841A$\^function\_.L:1#issueCommand(<function>:124)
	at jdk.nashorn.internal.scripts.Script$Recompilation$44618$3841A$\^function\_.L:1#issueCommand(<function>:124)
	at jdk.nashorn.internal.scripts.Script$Recompilation$44618$3841A$\^function\_.L:1#issueCommand(<function>:124)
	at jdk.nashorn.internal.scripts.Script$Recompilation$44618$3841A$\^function\_.L:1#issueCommand(<function>:124)
	at jdk.nashorn.internal.scripts.Script$Recompilation$44618$3841A$\^function\_.L:1#issueCommand(<function>:124)
	at jdk.nashorn.internal.scripts.Script$Recompilation$44618$3841A$\^function\_.L:1#issueCommand(<function>:124)
	at jdk.nashorn.internal.scripts.Script$Recompilation$44618$3841A$\^function\_.L:1#issueCommand(<function>:124)
	at jdk.nashorn.internal.scripts.Script$Recompilation$44618$3841A$\^function\_.L:1#issueCommand(<function>:124)
	at jdk.nashorn.internal.scripts.Script$Recompilation$44618$3841A$\^function\_.L:1#issueCommand(<function>:124)
	at jdk.nashorn.internal.scripts.Script$Recompilation$44618$3841A$\^function\_.L:1#issueCommand(<function>:124)
	at jdk.nashorn.internal.scripts.Script$Recompilation$44618$3841A$\^function\_.L:1#issueCommand(<function>:124)
	at jdk.nashorn.internal.scripts.Script$Recompilation$44618$3841A$\^function\_.L:1#issueCommand(<function>:124)
	at jdk.nashorn.internal.scripts.Script$Recompilation$44618$3841A$\^function\_.L:1#issueCommand(<function>:124)
	at jdk.nashorn.internal.scripts.Script$Recompilation$44618$3841A$\^function\_.L:1#issueCommand(<function>:124)
	at jdk.nashorn.internal.scripts.Script$Recompilation$44618$3841A$\^function\_.L:1#issueCommand(<function>:124)
	at jdk.nashorn.internal.scripts.Script$Recompilation$44618$3841A$\^function\_.L:1#issueCommand(<function>:124)
	at jdk.nashorn.internal.scripts.Script$Recompilation$44618$3841A$\^function\_.L:1#issueCommand(<function>:124)
	at jdk.nashorn.internal.scripts.Script$Recompilation$44618$3841A$\^function\_.L:1#issueCommand(<function>:124)
	at jdk.nashorn.internal.scripts.Script$Recompilation$44618$3841A$\^function\_.L:1#issueCommand(<function>:124)
	at jdk.nashorn.internal.scripts.Script$Recompilation$44618$3841A$\^function\_.L:1#issueCommand(<function>:124)
	at jdk.nashorn.internal.scripts.Script$Recompilation$44618$3841A$\^function\_.L:1#issueCommand(<function>:124)
	at jdk.nashorn.internal.scripts.Script$Recompilation$44618$3841A$\^function\_.L:1#issueCommand(<function>:124)
	at jdk.nashorn.internal.scripts.Script$Recompilation$44618$3841A$\^function\_.L:1#issueCommand(<function>:124)
	at jdk.nashorn.internal.scripts.Script$Recompilation$44618$3841A$\^function\_.L:1#issueCommand(<function>:124)
	at jdk.nashorn.internal.scripts.Script$Recompilation$44618$3841A$\^function\_.L:1#issueCommand(<function>:124)
	at jdk.nashorn.internal.scripts.Script$Recompilation$44618$3841A$\^function\_.L:1#issueCommand(<function>:124)
	at jdk.nashorn.internal.scripts.Script$Recompilation$44618$3841A$\^function\_.L:1#issueCommand(<function>:124)
	at jdk.nashorn.internal.scripts.Script$Recompilation$44618$3841A$\^function\_.L:1#issueCommand(<function>:124)
	at jdk.nashorn.internal.scripts.Script$Recompilation$44618$3841A$\^function\_.L:1#issueCommand(<function>:124)
	at jdk.nashorn.internal.scripts.Script$Recompilation$44618$3841A$\^function\_.L:1#issueCommand(<function>:124)
	at jdk.nashorn.internal.scripts.Script$Recompilation$44618$3841A$\^function\_.L:1#issueCommand(<function>:124)
	at jdk.nashorn.internal.scripts.Script$Recompilation$44618$3841A$\^function\_.L:1#issueCommand(<function>:124)
	at jdk.nashorn.internal.scripts.Script$Recompilation$44618$3841A$\^function\_.L:1#issueCommand(<function>:124)
	at jdk.nashorn.internal.scripts.Script$Recompilation$44618$3841A$\^function\_.L:1#issueCommand(<function>:124)
	at jdk.nashorn.internal.scripts.Script$Recompilation$44618$3841A$\^function\_.L:1#issueCommand(<function>:124)
	at jdk.nashorn.internal.scripts.Script$Recompilation$44618$3841A$\^function\_.L:1#issueCommand(<function>:124)
	at jdk.nashorn.internal.scripts.Script$Recompilation$44618$3841A$\^function\_.L:1#issueCommand(<function>:124)
	at jdk.nashorn.internal.scripts.Script$Recompilation$44618$3841A$\^function\_.L:1#issueCommand(<function>:124)
	at jdk.nashorn.internal.scripts.Script$Recompilation$44618$3841A$\^function\_.L:1#issueCommand(<function>:124)
	at jdk.nashorn.internal.scripts.Script$Recompilation$44618$3841A$\^function\_.L:1#issueCommand(<function>:124)
	at jdk.nashorn.internal.scripts.Script$Recompilation$44618$3841A$\^function\_.L:1#issueCommand(<function>:124)
	at jdk.nashorn.internal.scripts.Script$Recompilation$44618$3841A$\^function\_.L:1#issueCommand(<function>:124)
	at jdk.nashorn.internal.scripts.Script$Recompilation$44618$3841A$\^function\_.L:1#issueCommand(<function>:124)
	at jdk.nashorn.internal.scripts.Script$Recompilation$44618$3841A$\^function\_.L:1#issueCommand(<function>:124)
	at jdk.nashorn.internal.scripts.Script$Recompilation$44618$3841A$\^function\_.L:1#issueCommand(<function>:124)
	at jdk.nashorn.internal.scripts.Script$Recompilation$44618$3841A$\^function\_.L:1#issueCommand(<function>:124)
	at jdk.nashorn.internal.scripts.Script$Recompilation$44618$3841A$\^function\_.L:1#issueCommand(<function>:124)
	at jdk.nashorn.internal.scripts.Script$Recompilation$44618$3841A$\^function\_.L:1#issueCommand(<function>:124)
	at jdk.nashorn.internal.scripts.Script$Recompilation$44618$3841A$\^function\_.L:1#issueCommand(<function>:124)
	at jdk.nashorn.internal.scripts.Script$Recompilation$44618$3841A$\^function\_.L:1#issueCommand(<function>:124)
	at jdk.nashorn.internal.scripts.Script$Recompilation$44618$3841A$\^function\_.L:1#issueCommand(<function>:124)
	at jdk.nashorn.internal.scripts.Script$Recompilation$44618$3841A$\^function\_.L:1#issueCommand(<function>:124)
	at jdk.nashorn.internal.scripts.Script$Recompilation$44618$3841A$\^function\_.L:1#issueCommand(<function>:124)
	at jdk.nashorn.internal.scripts.Script$Recompilation$44618$3841A$\^function\_.L:1#issueCommand(<function>:124)
	at jdk.nashorn.internal.scripts.Script$Recompilation$44618$3841A$\^function\_.L:1#issueCommand(<function>:124)
	at jdk.nashorn.internal.scripts.Script$Recompilation$44618$3841A$\^function\_.L:1#issueCommand(<function>:124)
	at jdk.nashorn.internal.scripts.Script$Recompilation$44618$3841A$\^function\_.L:1#issueCommand(<function>:124)
	at jdk.nashorn.internal.scripts.Script$Recompilation$44618$3841A$\^function\_.L:1#issueCommand(<function>:124)
	at jdk.nashorn.internal.scripts.Script$Recompilation$44618$3841A$\^function\_.L:1#issueCommand(<function>:124)
	at jdk.nashorn.internal.scripts.Script$Recompilation$44618$3841A$\^function\_.L:1#issueCommand(<function>:124)
	at jdk.nashorn.internal.scripts.Script$Recompilation$44618$3841A$\^function\_.L:1#issueCommand(<function>:124)
	at jdk.nashorn.internal.scripts.Script$Recompilation$44618$3841A$\^function\_.L:1#issueCommand(<function>:124)
	at jdk.nashorn.internal.scripts.Script$Recompilation$44618$3841A$\^function\_.L:1#issueCommand(<function>:124)
	at jdk.nashorn.internal.scripts.Script$Recompilation$44618$3841A$\^function\_.L:1#issueCommand(<function>:124)
	at jdk.nashorn.internal.scripts.Script$Recompilation$44618$3841A$\^function\_.L:1#issueCommand(<function>:124)
	at jdk.nashorn.internal.scripts.Script$Recompilation$44618$3841A$\^function\_.L:1#issueCommand(<function>:124)
	at jdk.nashorn.internal.scripts.Script$Recompilation$44618$3841A$\^function\_.L:1#issueCommand(<function>:124)
	at jdk.nashorn.internal.scripts.Script$Recompilation$44618$3841A$\^function\_.L:1#issueCommand(<function>:124)
	at jdk.nashorn.internal.scripts.Script$Recompilation$44618$3841A$\^function\_.L:1#issueCommand(<function>:124)
	at jdk.nashorn.internal.scripts.Script$Recompilation$44618$3841A$\^function\_.L:1#issueCommand(<function>:124)
	at jdk.nashorn.internal.scripts.Script$Recompilation$44618$3841A$\^function\_.L:1#issueCommand(<function>:124)
	at jdk.nashorn.internal.scripts.Script$Recompilation$44618$3841A$\^function\_.L:1#issueCommand(<function>:124)
	at jdk.nashorn.internal.scripts.Script$Recompilation$44618$3841A$\^function\_.L:1#issueCommand(<function>:124)
	at jdk.nashorn.internal.scripts.Script$Recompilation$44618$3841A$\^function\_.L:1#issueCommand(<function>:124)
	at jdk.nashorn.internal.scripts.Script$Recompilation$44618$3841A$\^function\_.L:1#issueCommand(<function>:124)
	at jdk.nashorn.internal.scripts.Script$Recompilation$44618$3841A$\^function\_.L:1#issueCommand(<function>:124)
	at jdk.nashorn.internal.scripts.Script$Recompilation$44618$3841A$\^function\_.L:1#issueCommand(<function>:124)
	at jdk.nashorn.internal.scripts.Script$Recompilation$44618$3841A$\^function\_.L:1#issueCommand(<function>:124)
	at jdk.nashorn.internal.scripts.Script$Recompilation$44618$3841A$\^function\_.L:1#issueCommand(<function>:124)
	at jdk.nashorn.internal.scripts.Script$Recompilation$44618$3841A$\^function\_.L:1#issueCommand(<function>:124)
	at jdk.nashorn.internal.scripts.Script$Recompilation$44618$3841A$\^function\_.L:1#issueCommand(<function>:124)
	at jdk.nashorn.internal.scripts.Script$Recompilation$44618$3841A$\^function\_.L:1#issueCommand(<function>:124)
	at jdk.nashorn.internal.scripts.Script$Recompilation$44618$3841A$\^function\_.L:1#issueCommand(<function>:124)
	at jdk.nashorn.internal.scripts.Script$Recompilation$44618$3841A$\^function\_.L:1#issueCommand(<function>:124)
	at jdk.nashorn.internal.scripts.Script$Recompilation$44618$3841A$\^function\_.L:1#issueCommand(<function>:124)
	at jdk.nashorn.internal.scripts.Script$Recompilation$44618$3841A$\^function\_.L:1#issueCommand(<function>:124)
	at jdk.nashorn.internal.scripts.Script$Recompilation$44618$3841A$\^function\_.L:1#issueCommand(<function>:124)
	at jdk.nashorn.internal.scripts.Script$Recompilation$44618$3841A$\^function\_.L:1#issueCommand(<function>:124)
	at jdk.nashorn.internal.scripts.Script$Recompilation$44618$3841A$\^function\_.L:1#issueCommand(<function>:124)
	at jdk.nashorn.internal.scripts.Script$Recompilation$44618$3841A$\^function\_.L:1#issueCommand(<function>:124)
	at jdk.nashorn.internal.scripts.Script$Recompilation$44618$3841A$\^function\_.L:1#issueCommand(<function>:124)
	at jdk.nashorn.internal.scripts.Script$Recompilation$44618$3841A$\^function\_.L:1#issueCommand(<function>:124)
	at jdk.nashorn.internal.scripts.Script$Recompilation$44618$3841A$\^function\_.L:1#issueCommand(<function>:124)
	at jdk.nashorn.internal.scripts.Script$Recompilation$44618$3841A$\^function\_.L:1#issueCommand(<function>:124)
	at jdk.nashorn.internal.scripts.Script$Recompilation$44618$3841A$\^function\_.L:1#issueCommand(<function>:124)
	at jdk.nashorn.internal.scripts.Script$Recompilation$44618$3841A$\^function\_.L:1#issueCommand(<function>:124)
	at jdk.nashorn.internal.scripts.Script$Recompilation$44618$3841A$\^function\_.L:1#issueCommand(<function>:124)
	at jdk.nashorn.internal.scripts.Script$Recompilation$44618$3841A$\^function\_.L:1#issueCommand(<function>:124)
	at jdk.nashorn.internal.scripts.Script$Recompilation$44618$3841A$\^function\_.L:1#issueCommand(<function>:124)
	at jdk.nashorn.internal.scripts.Script$Recompilation$44618$3841A$\^function\_.L:1#issueCommand(<function>:124)
	at jdk.nashorn.internal.scripts.Script$Recompilation$44618$3841A$\^function\_.L:1#issueCommand(<function>:124)
	at jdk.nashorn.internal.scripts.Script$Recompilation$44618$3841A$\^function\_.L:1#issueCommand(<function>:124)
	at jdk.nashorn.internal.scripts.Script$Recompilation$44618$3841A$\^function\_.L:1#issueCommand(<function>:124)
	at jdk.nashorn.internal.scripts.Script$Recompilation$44618$3841A$\^function\_.L:1#issueCommand(<function>:124)
	at jdk.nashorn.internal.scripts.Script$Recompilation$44618$3841A$\^function\_.L:1#issueCommand(<function>:124)
	at jdk.nashorn.internal.scripts.Script$Recompilation$44618$3841A$\^function\_.L:1#issueCommand(<function>:124)
	at jdk.nashorn.internal.scripts.Script$Recompilation$44618$3841A$\^function\_.L:1#issueCommand(<function>:124)
	at jdk.nashorn.internal.scripts.Script$Recompilation$44618$3841A$\^function\_.L:1#issueCommand(<function>:124)
	at jdk.nashorn.internal.scripts.Script$Recompilation$44618$3841A$\^function\_.L:1#issueCommand(<function>:124)
	at jdk.nashorn.internal.scripts.Script$Recompilation$44618$3841A$\^function\_.L:1#issueCommand(<function>:124)
	at jdk.nashorn.internal.scripts.Script$Recompilation$44618$3841A$\^function\_.L:1#issueCommand(<function>:124)
	at jdk.nashorn.internal.scripts.Script$Recompilation$44618$3841A$\^function\_.L:1#issueCommand(<function>:124)
	at jdk.nashorn.internal.scripts.Script$Recompilation$44618$3841A$\^function\_.L:1#issueCommand(<function>:124)
	at jdk.nashorn.internal.scripts.Script$Recompilation$44618$3841A$\^function\_.L:1#issueCommand(<function>:124)
	at jdk.nashorn.internal.scripts.Script$Recompilation$44618$3841A$\^function\_.L:1#issueCommand(<function>:124)
	at jdk.nashorn.internal.scripts.Script$Recompilation$44618$3841A$\^function\_.L:1#issueCommand(<function>:124)
	at jdk.nashorn.internal.scripts.Script$Recompilation$44618$3841A$\^function\_.L:1#issueCommand(<function>:124)
	at jdk.nashorn.internal.scripts.Script$Recompilation$44618$3841A$\^function\_.L:1#issueCommand(<function>:124)
	at jdk.nashorn.internal.scripts.Script$Recompilation$44618$3841A$\^function\_.L:1#issueCommand(<function>:124)
	at jdk.nashorn.internal.scripts.Script$Recompilation$44618$3841A$\^function\_.L:1#issueCommand(<function>:124)
	at jdk.nashorn.internal.scripts.Script$Recompilation$44618$3841A$\^function\_.L:1#issueCommand(<function>:124)
	at jdk.nashorn.internal.scripts.Script$Recompilation$44618$3841A$\^function\_.L:1#issueCommand(<function>:124)
	at jdk.nashorn.internal.scripts.Script$Recompilation$44618$3841A$\^function\_.L:1#issueCommand(<function>:124)
	at jdk.nashorn.internal.scripts.Script$Recompilation$44618$3841A$\^function\_.L:1#issueCommand(<function>:124)
	at jdk.nashorn.internal.scripts.Script$Recompilation$44618$3841A$\^function\_.L:1#issueCommand(<function>:124)
	at jdk.nashorn.internal.scripts.Script$Recompilation$44618$3841A$\^function\_.L:1#issueCommand(<function>:124)
	at jdk.nashorn.internal.scripts.Script$Recompilation$44618$3841A$\^function\_.L:1#issueCommand(<function>:124)
	at jdk.nashorn.internal.scripts.Script$Recompilation$44618$3841A$\^function\_.L:1#issueCommand(<function>:124)
	at jdk.nashorn.internal.scripts.Script$Recompilation$44618$3841A$\^function\_.L:1#issueCommand(<function>:124)
	at jdk.nashorn.internal.scripts.Script$Recompilation$44618$3841A$\^function\_.L:1#issueCommand(<function>:124)
	at jdk.nashorn.internal.scripts.Script$Recompilation$44618$3841A$\^function\_.L:1#issueCommand(<function>:124)
	at jdk.nashorn.internal.scripts.Script$Recompilation$44618$3841A$\^function\_.L:1#issueCommand(<function>:124)
	at jdk.nashorn.internal.scripts.Script$Recompilation$44618$3841A$\^function\_.L:1#issueCommand(<function>:124)
	at jdk.nashorn.internal.scripts.Script$Recompilation$44618$3841A$\^function\_.L:1#issueCommand(<function>:124)
	at jdk.nashorn.internal.scripts.Script$Recompilation$44618$3841A$\^function\_.L:1#issueCommand(<function>:124)
	at jdk.nashorn.internal.scripts.Script$Recompilation$44618$3841A$\^function\_.L:1#issueCommand(<function>:124)
	at jdk.nashorn.internal.scripts.Script$Recompilation$44618$3841A$\^function\_.L:1#issueCommand(<function>:124)
	at jdk.nashorn.internal.scripts.Script$Recompilation$44618$3841A$\^function\_.L:1#issueCommand(<function>:124)
	at jdk.nashorn.internal.scripts.Script$Recompilation$44618$3841A$\^function\_.L:1#issueCommand(<function>:124)
	at jdk.nashorn.internal.scripts.Script$Recompilation$44618$3841A$\^function\_.L:1#issueCommand(<function>:124)
	at jdk.nashorn.internal.scripts.Script$Recompilation$44618$3841A$\^function\_.L:1#issueCommand(<function>:124)
 in /home/travis/build/icyphy/ptII/ptolemy/actor/lib/jjs/external/require.js#409:30<eval> at line number 1736 at column number 24
	at jdk.nashorn.api.scripting.NashornScriptEngine.throwAsScriptException(NashornScriptEngine.java:470)
	at jdk.nashorn.api.scripting.NashornScriptEngine.invokeImpl(NashornScriptEngine.java:392)
	at jdk.nashorn.api.scripting.NashornScriptEngine.invokeMethod(NashornScriptEngine.java:199)
	at ptolemy.actor.lib.jjs.JavaScript._invokeMethodInContext(JavaScript.java:2281)
	at ptolemy.actor.lib.jjs.JavaScript.fire(JavaScript.java:1138)
	at ptolemy.domains.de.kernel.DEDirector._fire(DEDirector.java:1949)
	at ptolemy.domains.de.kernel.DEDirector.fire(DEDirector.java:502)
	at ptolemy.actor.CompositeActor.fire(CompositeActor.java:455)
	at ptolemy.actor.Manager.iterate(Manager.java:851)
	at ptolemy.actor.Manager.execute(Manager.java:369)
	at ptolemy.vergil.basic.export.ExportModel$2.run(ExportModel.java:390)
	at java.awt.event.InvocationEvent.dispatch(InvocationEvent.java:301)
	at java.awt.EventQueue.dispatchEventImpl(EventQueue.java:756)
	at java.awt.EventQueue.access$500(EventQueue.java:97)
	at java.awt.EventQueue$3.run(EventQueue.java:709)
	at java.awt.EventQueue$3.run(EventQueue.java:703)
	at java.security.AccessController.doPrivileged(Native Method)
	at java.security.ProtectionDomain$JavaSecurityAccessImpl.doIntersectionPrivilege(ProtectionDomain.java:80)
	at java.awt.EventQueue.dispatchEvent(EventQueue.java:726)
	at java.awt.EventDispatchThread.pumpOneEventForFilters(EventDispatchThread.java:201)
	at java.awt.EventDispatchThread.pumpEventsForFilter(EventDispatchThread.java:116)
	at java.awt.EventDispatchThread.pumpEventsForHierarchy(EventDispatchThread.java:105)
	at java.awt.EventDispatchThread.pumpEvents(EventDispatchThread.java:101)
	at java.awt.EventDispatchThread.pumpEvents(EventDispatchThread.java:93)
	at java.awt.EventDispatchThread.run(EventDispatchThread.java:82)
Caused by: /home/travis/build/icyphy/ptII/ptolemy/actor/lib/jjs/external/require.js#409:30<eval>:1736:24 Error: commonHost.js, react(), invoking a specific handler for "trigger": Exception occurred in input handler for accessor SemanticYelpSearch, which has now has been removed.  Exception was: java.lang.StackOverflowError Stacktrace was: 
java.lang.StackOverflowError
	at jdk.nashorn.internal.runtime.AccessorProperty.getObjectValue(AccessorProperty.java:417)
	at jdk.nashorn.internal.runtime.FindProperty.getObjectValue(FindProperty.java:229)
	at jdk.nashorn.internal.runtime.ScriptObject.get(ScriptObject.java:2860)
	at jdk.nashorn.internal.runtime.ScriptObject.get(ScriptObject.java:2877)
	at jdk.nashorn.internal.scripts.Script$Recompilation$44872$56054A$require.L:1#get(/home/travis/build/icyphy/ptII/ptolemy/actor/lib/jjs/external/require.js#409:30<eval>:1245)
	at jdk.nashorn.internal.scripts.Script$Recompilation$44618$3841A$\^function\_.L:1#issueCommand(<function>:116)
	at jdk.nashorn.internal.scripts.Script$Recompilation$44618$3841A$\^function\_.L:1#issueCommand(<function>:124)
	at jdk.nashorn.internal.scripts.Script$Recompilation$44618$3841A$\^function\_.L:1#issueCommand(<function>:124)
	at jdk.nashorn.internal.scripts.Script$Recompilation$44618$3841A$\^function\_.L:1#issueCommand(<function>:124)
	at jdk.nashorn.internal.scripts.Script$Recompilation$44618$3841A$\^function\_.L:1#issueCommand(<function>:124)
	at jdk.nashorn.internal.scripts.Script$Recompilation$44618$3841A$\^function\_.L:1#issueCommand(<function>:124)
	at jdk.nashorn.internal.scripts.Script$Recompilation$44618$3841A$\^function\_.L:1#issueCommand(<function>:124)
	at jdk.nashorn.internal.scripts.Script$Recompilation$44618$3841A$\^function\_.L:1#issueCommand(<function>:124)
	at jdk.nashorn.internal.scripts.Script$Recompilation$44618$3841A$\^function\_.L:1#issueCommand(<function>:124)
	at jdk.nashorn.internal.scripts.Script$Recompilation$44618$3841A$\^function\_.L:1#issueCommand(<function>:124)
	at jdk.nashorn.internal.scripts.Script$Recompilation$44618$3841A$\^function\_.L:1#issueCommand(<function>:124)
	at jdk.nashorn.internal.scripts.Script$Recompilation$44618$3841A$\^function\_.L:1#issueCommand(<function>:124)
	at jdk.nashorn.internal.scripts.Script$Recompilation$44618$3841A$\^function\_.L:1#issueCommand(<function>:124)
	at jdk.nashorn.internal.scripts.Script$Recompilation$44618$3841A$\^function\_.L:1#issueCommand(<function>:124)
	at jdk.nashorn.internal.scripts.Script$Recompilation$44618$3841A$\^function\_.L:1#issueCommand(<function>:124)
	at jdk.nashorn.internal.scripts.Script$Recompilation$44618$3841A$\^function\_.L:1#issueCommand(<function>:124)
	at jdk.nashorn.internal.scripts.Script$Recompilation$44618$3841A$\^function\_.L:1#issueCommand(<function>:124)
	at jdk.nashorn.internal.scripts.Script$Recompilation$44618$3841A$\^function\_.L:1#issueCommand(<function>:124)
	at jdk.nashorn.internal.scripts.Script$Recompilation$44618$3841A$\^function\_.L:1#issueCommand(<function>:124)
	at jdk.nashorn.internal.scripts.Script$Recompilation$44618$3841A$\^function\_.L:1#issueCommand(<function>:124)
	at jdk.nashorn.internal.scripts.Script$Recompilation$44618$3841A$\^function\_.L:1#issueCommand(<function>:124)
	at jdk.nashorn.internal.scripts.Script$Recompilation$44618$3841A$\^function\_.L:1#issueCommand(<function>:124)
	at jdk.nashorn.internal.scripts.Script$Recompilation$44618$3841A$\^function\_.L:1#issueCommand(<function>:124)
	at jdk.nashorn.internal.scripts.Script$Recompilation$44618$3841A$\^function\_.L:1#issueCommand(<function>:124)
	at jdk.nashorn.internal.scripts.Script$Recompilation$44618$3841A$\^function\_.L:1#issueCommand(<function>:124)
	at jdk.nashorn.internal.scripts.Script$Recompilation$44618$3841A$\^function\_.L:1#issueCommand(<function>:124)
	at jdk.nashorn.internal.scripts.Script$Recompilation$44618$3841A$\^function\_.L:1#issueCommand(<function>:124)
	at jdk.nashorn.internal.scripts.Script$Recompilation$44618$3841A$\^function\_.L:1#issueCommand(<function>:124)
	at jdk.nashorn.internal.scripts.Script$Recompilation$44618$3841A$\^function\_.L:1#issueCommand(<function>:124)
	at jdk.nashorn.internal.scripts.Script$Recompilation$44618$3841A$\^function\_.L:1#issueCommand(<function>:124)
	at jdk.nashorn.internal.scripts.Script$Recompilation$44618$3841A$\^function\_.L:1#issueCommand(<function>:124)
	at jdk.nashorn.internal.scripts.Script$Recompilation$44618$3841A$\^function\_.L:1#issueCommand(<function>:124)
	at jdk.nashorn.internal.scripts.Script$Recompilation$44618$3841A$\^function\_.L:1#issueCommand(<function>:124)
	at jdk.nashorn.internal.scripts.Script$Recompilation$44618$3841A$\^function\_.L:1#issueCommand(<function>:124)
	at jdk.nashorn.internal.scripts.Script$Recompilation$44618$3841A$\^function\_.L:1#issueCommand(<function>:124)
	at jdk.nashorn.internal.scripts.Script$Recompilation$44618$3841A$\^function\_.L:1#issueCommand(<function>:124)
	at jdk.nashorn.internal.scripts.Script$Recompilation$44618$3841A$\^function\_.L:1#issueCommand(<function>:124)
	at jdk.nashorn.internal.scripts.Script$Recompilation$44618$3841A$\^function\_.L:1#issueCommand(<function>:124)
	at jdk.nashorn.internal.scripts.Script$Recompilation$44618$3841A$\^function\_.L:1#issueCommand(<function>:124)
	at jdk.nashorn.internal.scripts.Script$Recompilation$44618$3841A$\^function\_.L:1#issueCommand(<function>:124)
	at jdk.nashorn.internal.scripts.Script$Recompilation$44618$3841A$\^function\_.L:1#issueCommand(<function>:124)
	at jdk.nashorn.internal.scripts.Script$Recompilation$44618$3841A$\^function\_.L:1#issueCommand(<function>:124)
	at jdk.nashorn.internal.scripts.Script$Recompilation$44618$3841A$\^function\_.L:1#issueCommand(<function>:124)
	at jdk.nashorn.internal.scripts.Script$Recompilation$44618$3841A$\^function\_.L:1#issueCommand(<function>:124)
	at jdk.nashorn.internal.scripts.Script$Recompilation$44618$3841A$\^function\_.L:1#issueCommand(<function>:124)
	at jdk.nashorn.internal.scripts.Script$Recompilation$44618$3841A$\^function\_.L:1#issueCommand(<function>:124)
	at jdk.nashorn.internal.scripts.Script$Recompilation$44618$3841A$\^function\_.L:1#issueCommand(<function>:124)
	at jdk.nashorn.internal.scripts.Script$Recompilation$44618$3841A$\^function\_.L:1#issueCommand(<function>:124)
	at jdk.nashorn.internal.scripts.Script$Recompilation$44618$3841A$\^function\_.L:1#issueCommand(<function>:124)
	at jdk.nashorn.internal.scripts.Script$Recompilation$44618$3841A$\^function\_.L:1#issueCommand(<function>:124)
	at jdk.nashorn.internal.scripts.Script$Recompilation$44618$3841A$\^function\_.L:1#issueCommand(<function>:124)
	at jdk.nashorn.internal.scripts.Script$Recompilation$44618$3841A$\^function\_.L:1#issueCommand(<function>:124)
	at jdk.nashorn.internal.scripts.Script$Recompilation$44618$3841A$\^function\_.L:1#issueCommand(<function>:124)
	at jdk.nashorn.internal.scripts.Script$Recompilation$44618$3841A$\^function\_.L:1#issueCommand(<function>:124)
	at jdk.nashorn.internal.scripts.Script$Recompilation$44618$3841A$\^function\_.L:1#issueCommand(<function>:124)
	at jdk.nashorn.internal.scripts.Script$Recompilation$44618$3841A$\^function\_.L:1#issueCommand(<function>:124)
	at jdk.nashorn.internal.scripts.Script$Recompilation$44618$3841A$\^function\_.L:1#issueCommand(<function>:124)
	at jdk.nashorn.internal.scripts.Script$Recompilation$44618$3841A$\^function\_.L:1#issueCommand(<function>:124)
	at jdk.nashorn.internal.scripts.Script$Recompilation$44618$3841A$\^function\_.L:1#issueCommand(<function>:124)
	at jdk.nashorn.internal.scripts.Script$Recompilation$44618$3841A$\^function\_.L:1#issueCommand(<function>:124)
	at jdk.nashorn.internal.scripts.Script$Recompilation$44618$3841A$\^function\_.L:1#issueCommand(<function>:124)
	at jdk.nashorn.internal.scripts.Script$Recompilation$44618$3841A$\^function\_.L:1#issueCommand(<function>:124)
	at jdk.nashorn.internal.scripts.Script$Recompilation$44618$3841A$\^function\_.L:1#issueCommand(<function>:124)
	at jdk.nashorn.internal.scripts.Script$Recompilation$44618$3841A$\^function\_.L:1#issueCommand(<function>:124)
	at jdk.nashorn.internal.scripts.Script$Recompilation$44618$3841A$\^function\_.L:1#issueCommand(<function>:124)
	at jdk.nashorn.internal.scripts.Script$Recompilation$44618$3841A$\^function\_.L:1#issueCommand(<function>:124)
	at jdk.nashorn.internal.scripts.Script$Recompilation$44618$3841A$\^function\_.L:1#issueCommand(<function>:124)
	at jdk.nashorn.internal.scripts.Script$Recompilation$44618$3841A$\^function\_.L:1#issueCommand(<function>:124)
	at jdk.nashorn.internal.scripts.Script$Recompilation$44618$3841A$\^function\_.L:1#issueCommand(<function>:124)
	at jdk.nashorn.internal.scripts.Script$Recompilation$44618$3841A$\^function\_.L:1#issueCommand(<function>:124)
	at jdk.nashorn.internal.scripts.Script$Recompilation$44618$3841A$\^function\_.L:1#issueCommand(<function>:124)
	at jdk.nashorn.internal.scripts.Script$Recompilation$44618$3841A$\^function\_.L:1#issueCommand(<function>:124)
	at jdk.nashorn.internal.scripts.Script$Recompilation$44618$3841A$\^function\_.L:1#issueCommand(<function>:124)
	at jdk.nashorn.internal.scripts.Script$Recompilation$44618$3841A$\^function\_.L:1#issueCommand(<function>:124)
	at jdk.nashorn.internal.scripts.Script$Recompilation$44618$3841A$\^function\_.L:1#issueCommand(<function>:124)
	at jdk.nashorn.internal.scripts.Script$Recompilation$44618$3841A$\^function\_.L:1#issueCommand(<function>:124)
	at jdk.nashorn.internal.scripts.Script$Recompilation$44618$3841A$\^function\_.L:1#issueCommand(<function>:124)
	at jdk.nashorn.internal.scripts.Script$Recompilation$44618$3841A$\^function\_.L:1#issueCommand(<function>:124)
	at jdk.nashorn.internal.scripts.Script$Recompilation$44618$3841A$\^function\_.L:1#issueCommand(<function>:124)
	at jdk.nashorn.internal.scripts.Script$Recompilation$44618$3841A$\^function\_.L:1#issueCommand(<function>:124)
	at jdk.nashorn.internal.scripts.Script$Recompilation$44618$3841A$\^function\_.L:1#issueCommand(<function>:124)
	at jdk.nashorn.internal.scripts.Script$Recompilation$44618$3841A$\^function\_.L:1#issueCommand(<function>:124)
	at jdk.nashorn.internal.scripts.Script$Recompilation$44618$3841A$\^function\_.L:1#issueCommand(<function>:124)
	at jdk.nashorn.internal.scripts.Script$Recompilation$44618$3841A$\^function\_.L:1#issueCommand(<function>:124)
	at jdk.nashorn.internal.scripts.Script$Recompilation$44618$3841A$\^function\_.L:1#issueCommand(<function>:124)
	at jdk.nashorn.internal.scripts.Script$Recompilation$44618$3841A$\^function\_.L:1#issueCommand(<function>:124)
	at jdk.nashorn.internal.scripts.Script$Recompilation$44618$3841A$\^function\_.L:1#issueCommand(<function>:124)
	at jdk.nashorn.internal.scripts.Script$Recompilation$44618$3841A$\^function\_.L:1#issueCommand(<function>:124)
	at jdk.nashorn.internal.scripts.Script$Recompilation$44618$3841A$\^function\_.L:1#issueCommand(<function>:124)
	at jdk.nashorn.internal.scripts.Script$Recompilation$44618$3841A$\^function\_.L:1#issueCommand(<function>:124)
	at jdk.nashorn.internal.scripts.Script$Recompilation$44618$3841A$\^function\_.L:1#issueCommand(<function>:124)
	at jdk.nashorn.internal.scripts.Script$Recompilation$44618$3841A$\^function\_.L:1#issueCommand(<function>:124)
	at jdk.nashorn.internal.scripts.Script$Recompilation$44618$3841A$\^function\_.L:1#issueCommand(<function>:124)
	at jdk.nashorn.internal.scripts.Script$Recompilation$44618$3841A$\^function\_.L:1#issueCommand(<function>:124)
	at jdk.nashorn.internal.scripts.Script$Recompilation$44618$3841A$\^function\_.L:1#issueCommand(<function>:124)
	at jdk.nashorn.internal.scripts.Script$Recompilation$44618$3841A$\^function\_.L:1#issueCommand(<function>:124)
	at jdk.nashorn.internal.scripts.Script$Recompilation$44618$3841A$\^function\_.L:1#issueCommand(<function>:124)
	at jdk.nashorn.internal.scripts.Script$Recompilation$44618$3841A$\^function\_.L:1#issueCommand(<function>:124)
	at jdk.nashorn.internal.scripts.Script$Recompilation$44618$3841A$\^function\_.L:1#issueCommand(<function>:124)
	at jdk.nashorn.internal.scripts.Script$Recompilation$44618$3841A$\^function\_.L:1#issueCommand(<function>:124)
	at jdk.nashorn.internal.scripts.Script$Recompilation$44618$3841A$\^function\_.L:1#issueCommand(<function>:124)
	at jdk.nashorn.internal.scripts.Script$Recompilation$44618$3841A$\^function\_.L:1#issueCommand(<function>:124)
	at jdk.nashorn.internal.scripts.Script$Recompilation$44618$3841A$\^function\_.L:1#issueCommand(<function>:124)
	at jdk.nashorn.internal.scripts.Script$Recompilation$44618$3841A$\^function\_.L:1#issueCommand(<function>:124)
	at jdk.nashorn.internal.scripts.Script$Recompilation$44618$3841A$\^function\_.L:1#issueCommand(<function>:124)
	at jdk.nashorn.internal.scripts.Script$Recompilation$44618$3841A$\^function\_.L:1#issueCommand(<function>:124)
	at jdk.nashorn.internal.scripts.Script$Recompilation$44618$3841A$\^function\_.L:1#issueCommand(<function>:124)
	at jdk.nashorn.internal.scripts.Script$Recompilation$44618$3841A$\^function\_.L:1#issueCommand(<function>:124)
	at jdk.nashorn.internal.scripts.Script$Recompilation$44618$3841A$\^function\_.L:1#issueCommand(<function>:124)
	at jdk.nashorn.internal.scripts.Script$Recompilation$44618$3841A$\^function\_.L:1#issueCommand(<function>:124)
	at jdk.nashorn.internal.scripts.Script$Recompilation$44618$3841A$\^function\_.L:1#issueCommand(<function>:124)
	at jdk.nashorn.internal.scripts.Script$Recompilation$44618$3841A$\^function\_.L:1#issueCommand(<function>:124)
	at jdk.nashorn.internal.scripts.Script$Recompilation$44618$3841A$\^function\_.L:1#issueCommand(<function>:124)
	at jdk.nashorn.internal.scripts.Script$Recompilation$44618$3841A$\^function\_.L:1#issueCommand(<function>:124)
	at jdk.nashorn.internal.scripts.Script$Recompilation$44618$3841A$\^function\_.L:1#issueCommand(<function>:124)
	at jdk.nashorn.internal.scripts.Script$Recompilation$44618$3841A$\^function\_.L:1#issueCommand(<function>:124)
	at jdk.nashorn.internal.scripts.Script$Recompilation$44618$3841A$\^function\_.L:1#issueCommand(<function>:124)
	at jdk.nashorn.internal.scripts.Script$Recompilation$44618$3841A$\^function\_.L:1#issueCommand(<function>:124)
	at jdk.nashorn.internal.scripts.Script$Recompilation$44618$3841A$\^function\_.L:1#issueCommand(<function>:124)
	at jdk.nashorn.internal.scripts.Script$Recompilation$44618$3841A$\^function\_.L:1#issueCommand(<function>:124)
	at jdk.nashorn.internal.scripts.Script$Recompilation$44618$3841A$\^function\_.L:1#issueCommand(<function>:124)
	at jdk.nashorn.internal.scripts.Script$Recompilation$44618$3841A$\^function\_.L:1#issueCommand(<function>:124)
	at jdk.nashorn.internal.scripts.Script$Recompilation$44618$3841A$\^function\_.L:1#issueCommand(<function>:124)
	at jdk.nashorn.internal.scripts.Script$Recompilation$44618$3841A$\^function\_.L:1#issueCommand(<function>:124)
	at jdk.nashorn.internal.scripts.Script$Recompilation$44618$3841A$\^function\_.L:1#issueCommand(<function>:124)
	at jdk.nashorn.internal.scripts.Script$Recompilation$44618$3841A$\^function\_.L:1#issueCommand(<function>:124)
	at jdk.nashorn.internal.scripts.Script$Recompilation$44618$3841A$\^function\_.L:1#issueCommand(<function>:124)
	at jdk.nashorn.internal.scripts.Script$Recompilation$44618$3841A$\^function\_.L:1#issueCommand(<function>:124)
	at jdk.nashorn.internal.scripts.Script$Recompilation$44618$3841A$\^function\_.L:1#issueCommand(<function>:124)
	at jdk.nashorn.internal.scripts.Script$Recompilation$44618$3841A$\^function\_.L:1#issueCommand(<function>:124)
	at jdk.nashorn.internal.scripts.Script$Recompilation$44618$3841A$\^function\_.L:1#issueCommand(<function>:124)
	at jdk.nashorn.internal.scripts.Script$Recompilation$44618$3841A$\^function\_.L:1#issueCommand(<function>:124)
	at jdk.nashorn.internal.scripts.Script$Recompilation$44618$3841A$\^function\_.L:1#issueCommand(<function>:124)
	at jdk.nashorn.internal.scripts.Script$Recompilation$44618$3841A$\^function\_.L:1#issueCommand(<function>:124)
	at jdk.nashorn.internal.scripts.Script$Recompilation$44618$3841A$\^function\_.L:1#issueCommand(<function>:124)
	at jdk.nashorn.internal.scripts.Script$Recompilation$44618$3841A$\^function\_.L:1#issueCommand(<function>:124)
	at jdk.nashorn.internal.scripts.Script$Recompilation$44618$3841A$\^function\_.L:1#issueCommand(<function>:124)
	at jdk.nashorn.internal.scripts.Script$Recompilation$44618$3841A$\^function\_.L:1#issueCommand(<function>:124)
	at jdk.nashorn.internal.scripts.Script$Recompilation$44618$3841A$\^function\_.L:1#issueCommand(<function>:124)
	at jdk.nashorn.internal.scripts.Script$Recompilation$44618$3841A$\^function\_.L:1#issueCommand(<function>:124)
	at jdk.nashorn.internal.scripts.Script$Recompilation$44618$3841A$\^function\_.L:1#issueCommand(<function>:124)
	at jdk.nashorn.internal.scripts.Script$Recompilation$44618$3841A$\^function\_.L:1#issueCommand(<function>:124)
	at jdk.nashorn.internal.scripts.Script$Recompilation$44618$3841A$\^function\_.L:1#issueCommand(<function>:124)
	at jdk.nashorn.internal.scripts.Script$Recompilation$44618$3841A$\^function\_.L:1#issueCommand(<function>:124)
	at jdk.nashorn.internal.scripts.Script$Recompilation$44618$3841A$\^function\_.L:1#issueCommand(<function>:124)
	at jdk.nashorn.internal.scripts.Script$Recompilation$44618$3841A$\^function\_.L:1#issueCommand(<function>:124)
	at jdk.nashorn.internal.scripts.Script$Recompilation$44618$3841A$\^function\_.L:1#issueCommand(<function>:124)
	at jdk.nashorn.internal.scripts.Script$Recompilation$44618$3841A$\^function\_.L:1#issueCommand(<function>:124)
	at jdk.nashorn.internal.scripts.Script$Recompilation$44618$3841A$\^function\_.L:1#issueCommand(<function>:124)
	at jdk.nashorn.internal.scripts.Script$Recompilation$44618$3841A$\^function\_.L:1#issueCommand(<function>:124)
	at jdk.nashorn.internal.scripts.Script$Recompilation$44618$3841A$\^function\_.L:1#issueCommand(<function>:124)
	at jdk.nashorn.internal.scripts.Script$Recompilation$44618$3841A$\^function\_.L:1#issueCommand(<function>:124)
	at jdk.nashorn.internal.scripts.Script$Recompilation$44618$3841A$\^function\_.L:1#issueCommand(<function>:124)
	at jdk.nashorn.internal.scripts.Script$Recompilation$44618$3841A$\^function\_.L:1#issueCommand(<function>:124)
	at jdk.nashorn.internal.scripts.Script$Recompilation$44618$3841A$\^function\_.L:1#issueCommand(<function>:124)
	at jdk.nashorn.internal.scripts.Script$Recompilation$44618$3841A$\^function\_.L:1#issueCommand(<function>:124)
	at jdk.nashorn.internal.scripts.Script$Recompilation$44618$3841A$\^function\_.L:1#issueCommand(<function>:124)
	at jdk.nashorn.internal.scripts.Script$Recompilation$44618$3841A$\^function\_.L:1#issueCommand(<function>:124)
	at jdk.nashorn.internal.scripts.Script$Recompilation$44618$3841A$\^function\_.L:1#issueCommand(<function>:124)
	at jdk.nashorn.internal.scripts.Script$Recompilation$44618$3841A$\^function\_.L:1#issueCommand(<function>:124)
	at jdk.nashorn.internal.scripts.Script$Recompilation$44618$3841A$\^function\_.L:1#issueCommand(<function>:124)
	at jdk.nashorn.internal.scripts.Script$Recompilation$44618$3841A$\^function\_.L:1#issueCommand(<function>:124)
	at jdk.nashorn.internal.scripts.Script$Recompilation$44618$3841A$\^function\_.L:1#issueCommand(<function>:124)
	at jdk.nashorn.internal.scripts.Script$Recompilation$44618$3841A$\^function\_.L:1#issueCommand(<function>:124)
	at jdk.nashorn.internal.scripts.Script$Recompilation$44618$3841A$\^function\_.L:1#issueCommand(<function>:124)
	at jdk.nashorn.internal.scripts.Script$Recompilation$44618$3841A$\^function\_.L:1#issueCommand(<function>:124)
	at jdk.nashorn.internal.scripts.Script$Recompilation$44618$3841A$\^function\_.L:1#issueCommand(<function>:124)
	at jdk.nashorn.internal.scripts.Script$Recompilation$44618$3841A$\^function\_.L:1#issueCommand(<function>:124)
	at jdk.nashorn.internal.scripts.Script$Recompilation$44618$3841A$\^function\_.L:1#issueCommand(<function>:124)
	at jdk.nashorn.internal.scripts.Script$Recompilation$44618$3841A$\^function\_.L:1#issueCommand(<function>:124)
	at jdk.nashorn.internal.scripts.Script$Recompilation$44618$3841A$\^function\_.L:1#issueCommand(<function>:124)
	at jdk.nashorn.internal.scripts.Script$Recompilation$44618$3841A$\^function\_.L:1#issueCommand(<function>:124)
	at jdk.nashorn.internal.scripts.Script$Recompilation$44618$3841A$\^function\_.L:1#issueCommand(<function>:124)
	at jdk.nashorn.internal.scripts.Script$Recompilation$44618$3841A$\^function\_.L:1#issueCommand(<function>:124)
	at jdk.nashorn.internal.scripts.Script$Recompilation$44618$3841A$\^function\_.L:1#issueCommand(<function>:124)
	at jdk.nashorn.internal.scripts.Script$Recompilation$44618$3841A$\^function\_.L:1#issueCommand(<function>:124)
	at jdk.nashorn.internal.scripts.Script$Recompilation$44618$3841A$\^function\_.L:1#issueCommand(<function>:124)
	at jdk.nashorn.internal.scripts.Script$Recompilation$44618$3841A$\^function\_.L:1#issueCommand(<function>:124)
	at jdk.nashorn.internal.scripts.Script$Recompilation$44618$3841A$\^function\_.L:1#issueCommand(<function>:124)
	at jdk.nashorn.internal.scripts.Script$Recompilation$44618$3841A$\^function\_.L:1#issueCommand(<function>:124)
	at jdk.nashorn.internal.scripts.Script$Recompilation$44618$3841A$\^function\_.L:1#issueCommand(<function>:124)
	at jdk.nashorn.internal.scripts.Script$Recompilation$44618$3841A$\^function\_.L:1#issueCommand(<function>:124)
	at jdk.nashorn.internal.scripts.Script$Recompilation$44618$3841A$\^function\_.L:1#issueCommand(<function>:124)
	at jdk.nashorn.internal.scripts.Script$Recompilation$44618$3841A$\^function\_.L:1#issueCommand(<function>:124)
	at jdk.nashorn.internal.scripts.Script$Recompilation$44618$3841A$\^function\_.L:1#issueCommand(<function>:124)
	at jdk.nashorn.internal.scripts.Script$Recompilation$44618$3841A$\^function\_.L:1#issueCommand(<function>:124)
	at jdk.nashorn.internal.scripts.Script$Recompilation$44618$3841A$\^function\_.L:1#issueCommand(<function>:124)
	at jdk.nashorn.internal.scripts.Script$Recompilation$44618$3841A$\^function\_.L:1#issueCommand(<function>:124)
	at jdk.nashorn.internal.scripts.Script$Recompilation$44618$3841A$\^function\_.L:1#issueCommand(<function>:124)
	at jdk.nashorn.internal.scripts.Script$Recompilation$44618$3841A$\^function\_.L:1#issueCommand(<function>:124)
	at jdk.nashorn.internal.scripts.Script$Recompilation$44618$3841A$\^function\_.L:1#issueCommand(<function>:124)
	at jdk.nashorn.internal.scripts.Script$Recompilation$44618$3841A$\^function\_.L:1#issueCommand(<function>:124)
	at jdk.nashorn.internal.scripts.Script$Recompilation$44618$3841A$\^function\_.L:1#issueCommand(<function>:124)
	at jdk.nashorn.internal.scripts.Script$Recompilation$44618$3841A$\^function\_.L:1#issueCommand(<function>:124)
	at jdk.nashorn.internal.scripts.Script$Recompilation$44618$3841A$\^function\_.L:1#issueCommand(<function>:124)
	at jdk.nashorn.internal.scripts.Script$Recompilation$44618$3841A$\^function\_.L:1#issueCommand(<function>:124)
	at jdk.nashorn.internal.scripts.Script$Recompilation$44618$3841A$\^function\_.L:1#issueCommand(<function>:124)
	at jdk.nashorn.internal.scripts.Script$Recompilation$44618$3841A$\^function\_.L:1#issueCommand(<function>:124)
	at jdk.nashorn.internal.scripts.Script$Recompilation$44618$3841A$\^function\_.L:1#issueCommand(<function>:124)
	at jdk.nashorn.internal.scripts.Script$Recompilation$44618$3841A$\^function\_.L:1#issueCommand(<function>:124)
	at jdk.nashorn.internal.scripts.Script$Recompilation$44618$3841A$\^function\_.L:1#issueCommand(<function>:124)
	at jdk.nashorn.internal.scripts.Script$Recompilation$44618$3841A$\^function\_.L:1#issueCommand(<function>:124)
	at jdk.nashorn.internal.scripts.Script$Recompilation$44618$3841A$\^function\_.L:1#issueCommand(<function>:124)
	at jdk.nashorn.internal.scripts.Script$Recompilation$44618$3841A$\^function\_.L:1#issueCommand(<function>:124)
	at jdk.nashorn.internal.scripts.Script$Recompilation$44618$3841A$\^function\_.L:1#issueCommand(<function>:124)
	at jdk.nashorn.internal.scripts.Script$Recompilation$44618$3841A$\^function\_.L:1#issueCommand(<function>:124)
	at jdk.nashorn.internal.scripts.Script$Recompilation$44618$3841A$\^function\_.L:1#issueCommand(<function>:124)
	at jdk.nashorn.internal.scripts.Script$Recompilation$44618$3841A$\^function\_.L:1#issueCommand(<function>:124)
	at jdk.nashorn.internal.scripts.Script$Recompilation$44618$3841A$\^function\_.L:1#issueCommand(<function>:124)
	at jdk.nashorn.internal.scripts.Script$Recompilation$44618$3841A$\^function\_.L:1#issueCommand(<function>:124)
	at jdk.nashorn.internal.scripts.Script$Recompilation$44618$3841A$\^function\_.L:1#issueCommand(<function>:124)
	at jdk.nashorn.internal.scripts.Script$Recompilation$44618$3841A$\^function\_.L:1#issueCommand(<function>:124)
	at jdk.nashorn.internal.scripts.Script$Recompilation$44618$3841A$\^function\_.L:1#issueCommand(<function>:124)
	at jdk.nashorn.internal.scripts.Script$Recompilation$44618$3841A$\^function\_.L:1#issueCommand(<function>:124)
	at jdk.nashorn.internal.scripts.Script$Recompilation$44618$3841A$\^function\_.L:1#issueCommand(<function>:124)
	at jdk.nashorn.internal.scripts.Script$Recompilation$44618$3841A$\^function\_.L:1#issueCommand(<function>:124)
	at jdk.nashorn.internal.scripts.Script$Recompilation$44618$3841A$\^function\_.L:1#issueCommand(<function>:124)
	at jdk.nashorn.internal.scripts.Script$Recompilation$44618$3841A$\^function\_.L:1#issueCommand(<function>:124)
	at jdk.nashorn.internal.scripts.Script$Recompilation$44618$3841A$\^function\_.L:1#issueCommand(<function>:124)
	at jdk.nashorn.internal.scripts.Script$Recompilation$44618$3841A$\^function\_.L:1#issueCommand(<function>:124)
	at jdk.nashorn.internal.scripts.Script$Recompilation$44618$3841A$\^function\_.L:1#issueCommand(<function>:124)
	at jdk.nashorn.internal.scripts.Script$Recompilation$44618$3841A$\^function\_.L:1#issueCommand(<function>:124)
	at jdk.nashorn.internal.scripts.Script$Recompilation$44618$3841A$\^function\_.L:1#issueCommand(<function>:124)
	at jdk.nashorn.internal.scripts.Script$Recompilation$44618$3841A$\^function\_.L:1#issueCommand(<function>:124)
	at jdk.nashorn.internal.scripts.Script$Recompilation$44618$3841A$\^function\_.L:1#issueCommand(<function>:124)
	at jdk.nashorn.internal.scripts.Script$Recompilation$44618$3841A$\^function\_.L:1#issueCommand(<function>:124)
	at jdk.nashorn.internal.scripts.Script$Recompilation$44618$3841A$\^function\_.L:1#issueCommand(<function>:124)
	at jdk.nashorn.internal.scripts.Script$Recompilation$44618$3841A$\^function\_.L:1#issueCommand(<function>:124)
	at jdk.nashorn.internal.scripts.Script$Recompilation$44618$3841A$\^function\_.L:1#issueCommand(<function>:124)
	at jdk.nashorn.internal.scripts.Script$Recompilation$44618$3841A$\^function\_.L:1#issueCommand(<function>:124)
	at jdk.nashorn.internal.scripts.Script$Recompilation$44618$3841A$\^function\_.L:1#issueCommand(<function>:124)
	at jdk.nashorn.internal.scripts.Script$Recompilation$44618$3841A$\^function\_.L:1#issueCommand(<function>:124)
	at jdk.nashorn.internal.scripts.Script$Recompilation$44618$3841A$\^function\_.L:1#issueCommand(<function>:124)
	at jdk.nashorn.internal.scripts.Script$Recompilation$44618$3841A$\^function\_.L:1#issueCommand(<function>:124)
	at jdk.nashorn.internal.scripts.Script$Recompilation$44618$3841A$\^function\_.L:1#issueCommand(<function>:124)
	at jdk.nashorn.internal.scripts.Script$Recompilation$44618$3841A$\^function\_.L:1#issueCommand(<function>:124)
	at jdk.nashorn.internal.scripts.Script$Recompilation$44618$3841A$\^function\_.L:1#issueCommand(<function>:124)
	at jdk.nashorn.internal.scripts.Script$Recompilation$44618$3841A$\^function\_.L:1#issueCommand(<function>:124)
	at jdk.nashorn.internal.scripts.Script$Recompilation$44618$3841A$\^function\_.L:1#issueCommand(<function>:124)
	at jdk.nashorn.internal.scripts.Script$Recompilation$44618$3841A$\^function\_.L:1#issueCommand(<function>:124)
	at jdk.nashorn.internal.scripts.Script$Recompilation$44618$3841A$\^function\_.L:1#issueCommand(<function>:124)
	at jdk.nashorn.internal.scripts.Script$Recompilation$44618$3841A$\^function\_.L:1#issueCommand(<function>:124)
	at jdk.nashorn.internal.scripts.Script$Recompilation$44618$3841A$\^function\_.L:1#issueCommand(<function>:124)
	at jdk.nashorn.internal.scripts.Script$Recompilation$44618$3841A$\^function\_.L:1#issueCommand(<function>:124)
	at jdk.nashorn.internal.scripts.Script$Recompilation$44618$3841A$\^function\_.L:1#issueCommand(<function>:124)
	at jdk.nashorn.internal.scripts.Script$Recompilation$44618$3841A$\^function\_.L:1#issueCommand(<function>:124)
	at jdk.nashorn.internal.scripts.Script$Recompilation$44618$3841A$\^function\_.L:1#issueCommand(<function>:124)
	at jdk.nashorn.internal.scripts.Script$Recompilation$44618$3841A$\^function\_.L:1#issueCommand(<function>:124)
	at jdk.nashorn.internal.scripts.Script$Recompilation$44618$3841A$\^function\_.L:1#issueCommand(<function>:124)
	at jdk.nashorn.internal.scripts.Script$Recompilation$44618$3841A$\^function\_.L:1#issueCommand(<function>:124)
	at jdk.nashorn.internal.scripts.Script$Recompilation$44618$3841A$\^function\_.L:1#issueCommand(<function>:124)
	at jdk.nashorn.internal.scripts.Script$Recompilation$44618$3841A$\^function\_.L:1#issueCommand(<function>:124)
	at jdk.nashorn.internal.scripts.Script$Recompilation$44618$3841A$\^function\_.L:1#issueCommand(<function>:124)
	at jdk.nashorn.internal.scripts.Script$Recompilation$44618$3841A$\^function\_.L:1#issueCommand(<function>:124)
	at jdk.nashorn.internal.scripts.Script$Recompilation$44618$3841A$\^function\_.L:1#issueCommand(<function>:124)
	at jdk.nashorn.internal.scripts.Script$Recompilation$44618$3841A$\^function\_.L:1#issueCommand(<function>:124)
	at jdk.nashorn.internal.scripts.Script$Recompilation$44618$3841A$\^function\_.L:1#issueCommand(<function>:124)
	at jdk.nashorn.internal.scripts.Script$Recompilation$44618$3841A$\^function\_.L:1#issueCommand(<function>:124)
	at jdk.nashorn.internal.scripts.Script$Recompilation$44618$3841A$\^function\_.L:1#issueCommand(<function>:124)
	at jdk.nashorn.internal.scripts.Script$Recompilation$44618$3841A$\^function\_.L:1#issueCommand(<function>:124)
	at jdk.nashorn.internal.scripts.Script$Recompilation$44618$3841A$\^function\_.L:1#issueCommand(<function>:124)
	at jdk.nashorn.internal.scripts.Script$Recompilation$44618$3841A$\^function\_.L:1#issueCommand(<function>:124)
	at jdk.nashorn.internal.scripts.Script$Recompilation$44618$3841A$\^function\_.L:1#issueCommand(<function>:124)
	at jdk.nashorn.internal.scripts.Script$Recompilation$44618$3841A$\^function\_.L:1#issueCommand(<function>:124)
	at jdk.nashorn.internal.scripts.Script$Recompilation$44618$3841A$\^function\_.L:1#issueCommand(<function>:124)
	at jdk.nashorn.internal.scripts.Script$Recompilation$44618$3841A$\^function\_.L:1#issueCommand(<function>:124)
	at jdk.nashorn.internal.scripts.Script$Recompilation$44618$3841A$\^function\_.L:1#issueCommand(<function>:124)
	at jdk.nashorn.internal.scripts.Script$Recompilation$44618$3841A$\^function\_.L:1#issueCommand(<function>:124)
	at jdk.nashorn.internal.scripts.Script$Recompilation$44618$3841A$\^function\_.L:1#issueCommand(<function>:124)
	at jdk.nashorn.internal.scripts.Script$Recompilation$44618$3841A$\^function\_.L:1#issueCommand(<function>:124)
	at jdk.nashorn.internal.scripts.Script$Recompilation$44618$3841A$\^function\_.L:1#issueCommand(<function>:124)
	at jdk.nashorn.internal.scripts.Script$Recompilation$44618$3841A$\^function\_.L:1#issueCommand(<function>:124)
	at jdk.nashorn.internal.scripts.Script$Recompilation$44618$3841A$\^function\_.L:1#issueCommand(<function>:124)
	at jdk.nashorn.internal.scripts.Script$Recompilation$44618$3841A$\^function\_.L:1#issueCommand(<function>:124)
	at jdk.nashorn.internal.scripts.Script$Recompilation$44618$3841A$\^function\_.L:1#issueCommand(<function>:124)
	at jdk.nashorn.internal.scripts.Script$Recompilation$44618$3841A$\^function\_.L:1#issueCommand(<function>:124)
	at jdk.nashorn.internal.scripts.Script$Recompilation$44618$3841A$\^function\_.L:1#issueCommand(<function>:124)
	at jdk.nashorn.internal.scripts.Script$Recompilation$44618$3841A$\^function\_.L:1#issueCommand(<function>:124)
	at jdk.nashorn.internal.scripts.Script$Recompilation$44618$3841A$\^function\_.L:1#issueCommand(<function>:124)
	at jdk.nashorn.internal.scripts.Script$Recompilation$44618$3841A$\^function\_.L:1#issueCommand(<function>:124)
	at jdk.nashorn.internal.scripts.Script$Recompilation$44618$3841A$\^function\_.L:1#issueCommand(<function>:124)
	at jdk.nashorn.internal.scripts.Script$Recompilation$44618$3841A$\^function\_.L:1#issueCommand(<function>:124)
	at jdk.nashorn.internal.scripts.Script$Recompilation$44618$3841A$\^function\_.L:1#issueCommand(<function>:124)
	at jdk.nashorn.internal.scripts.Script$Recompilation$44618$3841A$\^function\_.L:1#issueCommand(<function>:124)
	at jdk.nashorn.internal.scripts.Script$Recompilation$44618$3841A$\^function\_.L:1#issueCommand(<function>:124)
	at jdk.nashorn.internal.scripts.Script$Recompilation$44618$3841A$\^function\_.L:1#issueCommand(<function>:124)
	at jdk.nashorn.internal.scripts.Script$Recompilation$44618$3841A$\^function\_.L:1#issueCommand(<function>:124)
	at jdk.nashorn.internal.scripts.Script$Recompilation$44618$3841A$\^function\_.L:1#issueCommand(<function>:124)
	at jdk.nashorn.internal.scripts.Script$Recompilation$44618$3841A$\^function\_.L:1#issueCommand(<function>:124)
	at jdk.nashorn.internal.scripts.Script$Recompilation$44618$3841A$\^function\_.L:1#issueCommand(<function>:124)
	at jdk.nashorn.internal.scripts.Script$Recompilation$44618$3841A$\^function\_.L:1#issueCommand(<function>:124)
	at jdk.nashorn.internal.scripts.Script$Recompilation$44618$3841A$\^function\_.L:1#issueCommand(<function>:124)
	at jdk.nashorn.internal.scripts.Script$Recompilation$44618$3841A$\^function\_.L:1#issueCommand(<function>:124)
	at jdk.nashorn.internal.scripts.Script$Recompilation$44618$3841A$\^function\_.L:1#issueCommand(<function>:124)
	at jdk.nashorn.internal.scripts.Script$Recompilation$44618$3841A$\^function\_.L:1#issueCommand(<function>:124)
	at jdk.nashorn.internal.scripts.Script$Recompilation$44618$3841A$\^function\_.L:1#issueCommand(<function>:124)
	at jdk.nashorn.internal.scripts.Script$Recompilation$44618$3841A$\^function\_.L:1#issueCommand(<function>:124)
	at jdk.nashorn.internal.scripts.Script$Recompilation$44618$3841A$\^function\_.L:1#issueCommand(<function>:124)
	at jdk.nashorn.internal.scripts.Script$Recompilation$44618$3841A$\^function\_.L:1#issueCommand(<function>:124)
	at jdk.nashorn.internal.scripts.Script$Recompilation$44618$3841A$\^function\_.L:1#issueCommand(<function>:124)
	at jdk.nashorn.internal.scripts.Script$Recompilation$44618$3841A$\^function\_.L:1#issueCommand(<function>:124)
	at jdk.nashorn.internal.scripts.Script$Recompilation$44618$3841A$\^function\_.L:1#issueCommand(<function>:124)
	at jdk.nashorn.internal.scripts.Script$Recompilation$44618$3841A$\^function\_.L:1#issueCommand(<function>:124)
	at jdk.nashorn.internal.scripts.Script$Recompilation$44618$3841A$\^function\_.L:1#issueCommand(<function>:124)
	at jdk.nashorn.internal.scripts.Script$Recompilation$44618$3841A$\^function\_.L:1#issueCommand(<function>:124)
	at jdk.nashorn.internal.scripts.Script$Recompilation$44618$3841A$\^function\_.L:1#issueCommand(<function>:124)
	at jdk.nashorn.internal.scripts.Script$Recompilation$44618$3841A$\^function\_.L:1#issueCommand(<function>:124)
	at jdk.nashorn.internal.scripts.Script$Recompilation$44618$3841A$\^function\_.L:1#issueCommand(<function>:124)
	at jdk.nashorn.internal.scripts.Script$Recompilation$44618$3841A$\^function\_.L:1#issueCommand(<function>:124)
	at jdk.nashorn.internal.scripts.Script$Recompilation$44618$3841A$\^function\_.L:1#issueCommand(<function>:124)
	at jdk.nashorn.internal.scripts.Script$Recompilation$44618$3841A$\^function\_.L:1#issueCommand(<function>:124)
	at jdk.nashorn.internal.scripts.Script$Recompilation$44618$3841A$\^function\_.L:1#issueCommand(<function>:124)
	at jdk.nashorn.internal.scripts.Script$Recompilation$44618$3841A$\^function\_.L:1#issueCommand(<function>:124)
	at jdk.nashorn.internal.scripts.Script$Recompilation$44618$3841A$\^function\_.L:1#issueCommand(<function>:124)
	at jdk.nashorn.internal.scripts.Script$Recompilation$44618$3841A$\^function\_.L:1#issueCommand(<function>:124)
	at jdk.nashorn.internal.scripts.Script$Recompilation$44618$3841A$\^function\_.L:1#issueCommand(<function>:124)
	at jdk.nashorn.internal.scripts.Script$Recompilation$44618$3841A$\^function\_.L:1#issueCommand(<function>:124)
	at jdk.nashorn.internal.scripts.Script$Recompilation$44618$3841A$\^function\_.L:1#issueCommand(<function>:124)
	at jdk.nashorn.internal.scripts.Script$Recompilation$44618$3841A$\^function\_.L:1#issueCommand(<function>:124)
	at jdk.nashorn.internal.scripts.Script$Recompilation$44618$3841A$\^function\_.L:1#issueCommand(<function>:124)
	at jdk.nashorn.internal.scripts.Script$Recompilation$44618$3841A$\^function\_.L:1#issueCommand(<function>:124)
	at jdk.nashorn.internal.scripts.Script$Recompilation$44618$3841A$\^function\_.L:1#issueCommand(<function>:124)
	at jdk.nashorn.internal.scripts.Script$Recompilation$44618$3841A$\^function\_.L:1#issueCommand(<function>:124)
	at jdk.nashorn.internal.scripts.Script$Recompilation$44618$3841A$\^function\_.L:1#issueCommand(<function>:124)
	at jdk.nashorn.internal.scripts.Script$Recompilation$44618$3841A$\^function\_.L:1#issueCommand(<function>:124)
	at jdk.nashorn.internal.scripts.Script$Recompilation$44618$3841A$\^function\_.L:1#issueCommand(<function>:124)
	at jdk.nashorn.internal.scripts.Script$Recompilation$44618$3841A$\^function\_.L:1#issueCommand(<function>:124)
	at jdk.nashorn.internal.scripts.Script$Recompilation$44618$3841A$\^function\_.L:1#issueCommand(<function>:124)
	at jdk.nashorn.internal.scripts.Script$Recompilation$44618$3841A$\^function\_.L:1#issueCommand(<function>:124)
	at jdk.nashorn.internal.scripts.Script$Recompilation$44618$3841A$\^function\_.L:1#issueCommand(<function>:124)
	at jdk.nashorn.internal.scripts.Script$Recompilation$44618$3841A$\^function\_.L:1#issueCommand(<function>:124)
	at jdk.nashorn.internal.scripts.Script$Recompilation$44618$3841A$\^function\_.L:1#issueCommand(<function>:124)
	at jdk.nashorn.internal.scripts.Script$Recompilation$44618$3841A$\^function\_.L:1#issueCommand(<function>:124)
	at jdk.nashorn.internal.scripts.Script$Recompilation$44618$3841A$\^function\_.L:1#issueCommand(<function>:124)
	at jdk.nashorn.internal.scripts.Script$Recompilation$44618$3841A$\^function\_.L:1#issueCommand(<function>:124)
	at jdk.nashorn.internal.scripts.Script$Recompilation$44618$3841A$\^function\_.L:1#issueCommand(<function>:124)
	at jdk.nashorn.internal.scripts.Script$Recompilation$44618$3841A$\^function\_.L:1#issueCommand(<function>:124)
	at jdk.nashorn.internal.scripts.Script$Recompilation$44618$3841A$\^function\_.L:1#issueCommand(<function>:124)
	at jdk.nashorn.internal.scripts.Script$Recompilation$44618$3841A$\^function\_.L:1#issueCommand(<function>:124)
	at jdk.nashorn.internal.scripts.Script$Recompilation$44618$3841A$\^function\_.L:1#issueCommand(<function>:124)
	at jdk.nashorn.internal.scripts.Script$Recompilation$44618$3841A$\^function\_.L:1#issueCommand(<function>:124)
	at jdk.nashorn.internal.scripts.Script$Recompilation$44618$3841A$\^function\_.L:1#issueCommand(<function>:124)
	at jdk.nashorn.internal.scripts.Script$Recompilation$44618$3841A$\^function\_.L:1#issueCommand(<function>:124)
	at jdk.nashorn.internal.scripts.Script$Recompilation$44618$3841A$\^function\_.L:1#issueCommand(<function>:124)
	at jdk.nashorn.internal.scripts.Script$Recompilation$44618$3841A$\^function\_.L:1#issueCommand(<function>:124)
	at jdk.nashorn.internal.scripts.Script$Recompilation$44618$3841A$\^function\_.L:1#issueCommand(<function>:124)
	at jdk.nashorn.internal.scripts.Script$Recompilation$44618$3841A$\^function\_.L:1#issueCommand(<function>:124)
	at jdk.nashorn.internal.scripts.Script$Recompilation$44618$3841A$\^function\_.L:1#issueCommand(<function>:124)
	at jdk.nashorn.internal.scripts.Script$Recompilation$44618$3841A$\^function\_.L:1#issueCommand(<function>:124)
	at jdk.nashorn.internal.scripts.Script$Recompilation$44618$3841A$\^function\_.L:1#issueCommand(<function>:124)
	at jdk.nashorn.internal.scripts.Script$Recompilation$44618$3841A$\^function\_.L:1#issueCommand(<function>:124)
	at jdk.nashorn.internal.scripts.Script$Recompilation$44618$3841A$\^function\_.L:1#issueCommand(<function>:124)
	at jdk.nashorn.internal.scripts.Script$Recompilation$44618$3841A$\^function\_.L:1#issueCommand(<function>:124)
	at jdk.nashorn.internal.scripts.Script$Recompilation$44618$3841A$\^function\_.L:1#issueCommand(<function>:124)
	at jdk.nashorn.internal.scripts.Script$Recompilation$44618$3841A$\^function\_.L:1#issueCommand(<function>:124)
	at jdk.nashorn.internal.scripts.Script$Recompilation$44618$3841A$\^function\_.L:1#issueCommand(<function>:124)
	at jdk.nashorn.internal.scripts.Script$Recompilation$44618$3841A$\^function\_.L:1#issueCommand(<function>:124)
	at jdk.nashorn.internal.scripts.Script$Recompilation$44618$3841A$\^function\_.L:1#issueCommand(<function>:124)
	at jdk.nashorn.internal.scripts.Script$Recompilation$44618$3841A$\^function\_.L:1#issueCommand(<function>:124)
	at jdk.nashorn.internal.scripts.Script$Recompilation$44618$3841A$\^function\_.L:1#issueCommand(<function>:124)
	at jdk.nashorn.internal.scripts.Script$Recompilation$44618$3841A$\^function\_.L:1#issueCommand(<function>:124)
	at jdk.nashorn.internal.scripts.Script$Recompilation$44618$3841A$\^function\_.L:1#issueCommand(<function>:124)
	at jdk.nashorn.internal.scripts.Script$Recompilation$44618$3841A$\^function\_.L:1#issueCommand(<function>:124)
	at jdk.nashorn.internal.scripts.Script$Recompilation$44618$3841A$\^function\_.L:1#issueCommand(<function>:124)
	at jdk.nashorn.internal.scripts.Script$Recompilation$44618$3841A$\^function\_.L:1#issueCommand(<function>:124)
	at jdk.nashorn.internal.scripts.Script$Recompilation$44618$3841A$\^function\_.L:1#issueCommand(<function>:124)
	at jdk.nashorn.internal.scripts.Script$Recompilation$44618$3841A$\^function\_.L:1#issueCommand(<function>:124)
	at jdk.nashorn.internal.scripts.Script$Recompilation$44618$3841A$\^function\_.L:1#issueCommand(<function>:124)
	at jdk.nashorn.internal.scripts.Script$Recompilation$44618$3841A$\^function\_.L:1#issueCommand(<function>:124)
	at jdk.nashorn.internal.scripts.Script$Recompilation$44618$3841A$\^function\_.L:1#issueCommand(<function>:124)
	at jdk.nashorn.internal.scripts.Script$Recompilation$44618$3841A$\^function\_.L:1#issueCommand(<function>:124)
	at jdk.nashorn.internal.scripts.Script$Recompilation$44618$3841A$\^function\_.L:1#issueCommand(<function>:124)
	at jdk.nashorn.internal.scripts.Script$Recompilation$44618$3841A$\^function\_.L:1#issueCommand(<function>:124)
	at jdk.nashorn.internal.scripts.Script$Recompilation$44618$3841A$\^function\_.L:1#issueCommand(<function>:124)
	at jdk.nashorn.internal.scripts.Script$Recompilation$44618$3841A$\^function\_.L:1#issueCommand(<function>:124)
	at jdk.nashorn.internal.scripts.Script$Recompilation$44618$3841A$\^function\_.L:1#issueCommand(<function>:124)
	at jdk.nashorn.internal.scripts.Script$Recompilation$44618$3841A$\^function\_.L:1#issueCommand(<function>:124)
	at jdk.nashorn.internal.scripts.Script$Recompilation$44618$3841A$\^function\_.L:1#issueCommand(<function>:124)
	at jdk.nashorn.internal.scripts.Script$Recompilation$44618$3841A$\^function\_.L:1#issueCommand(<function>:124)
	at jdk.nashorn.internal.scripts.Script$Recompilation$44618$3841A$\^function\_.L:1#issueCommand(<function>:124)
	at jdk.nashorn.internal.scripts.Script$Recompilation$44618$3841A$\^function\_.L:1#issueCommand(<function>:124)
	at jdk.nashorn.internal.scripts.Script$Recompilation$44618$3841A$\^function\_.L:1#issueCommand(<function>:124)
	at jdk.nashorn.internal.scripts.Script$Recompilation$44618$3841A$\^function\_.L:1#issueCommand(<function>:124)
	at jdk.nashorn.internal.scripts.Script$Recompilation$44618$3841A$\^function\_.L:1#issueCommand(<function>:124)
	at jdk.nashorn.internal.scripts.Script$Recompilation$44618$3841A$\^function\_.L:1#issueCommand(<function>:124)
	at jdk.nashorn.internal.scripts.Script$Recompilation$44618$3841A$\^function\_.L:1#issueCommand(<function>:124)
	at jdk.nashorn.internal.scripts.Script$Recompilation$44618$3841A$\^function\_.L:1#issueCommand(<function>:124)
	at jdk.nashorn.internal.scripts.Script$Recompilation$44618$3841A$\^function\_.L:1#issueCommand(<function>:124)
	at jdk.nashorn.internal.scripts.Script$Recompilation$44618$3841A$\^function\_.L:1#issueCommand(<function>:124)
	at jdk.nashorn.internal.scripts.Script$Recompilation$44618$3841A$\^function\_.L:1#issueCommand(<function>:124)
	at jdk.nashorn.internal.scripts.Script$Recompilation$44618$3841A$\^function\_.L:1#issueCommand(<function>:124)
	at jdk.nashorn.internal.scripts.Script$Recompilation$44618$3841A$\^function\_.L:1#issueCommand(<function>:124)
	at jdk.nashorn.internal.scripts.Script$Recompilation$44618$3841A$\^function\_.L:1#issueCommand(<function>:124)
	at jdk.nashorn.internal.scripts.Script$Recompilation$44618$3841A$\^function\_.L:1#issueCommand(<function>:124)
	at jdk.nashorn.internal.scripts.Script$Recompilation$44618$3841A$\^function\_.L:1#issueCommand(<function>:124)
	at jdk.nashorn.internal.scripts.Script$Recompilation$44618$3841A$\^function\_.L:1#issueCommand(<function>:124)
	at jdk.nashorn.internal.scripts.Script$Recompilation$44618$3841A$\^function\_.L:1#issueCommand(<function>:124)
	at jdk.nashorn.internal.scripts.Script$Recompilation$44618$3841A$\^function\_.L:1#issueCommand(<function>:124)
	at jdk.nashorn.internal.scripts.Script$Recompilation$44618$3841A$\^function\_.L:1#issueCommand(<function>:124)
	at jdk.nashorn.internal.scripts.Script$Recompilation$44618$3841A$\^function\_.L:1#issueCommand(<function>:124)
	at jdk.nashorn.internal.scripts.Script$Recompilation$44618$3841A$\^function\_.L:1#issueCommand(<function>:124)
	at jdk.nashorn.internal.scripts.Script$Recompilation$44618$3841A$\^function\_.L:1#issueCommand(<function>:124)
	at jdk.nashorn.internal.scripts.Script$Recompilation$44618$3841A$\^function\_.L:1#issueCommand(<function>:124)
	at jdk.nashorn.internal.scripts.Script$Recompilation$44618$3841A$\^function\_.L:1#issueCommand(<function>:124)
	at jdk.nashorn.internal.scripts.Script$Recompilation$44618$3841A$\^function\_.L:1#issueCommand(<function>:124)
	at jdk.nashorn.internal.scripts.Script$Recompilation$44618$3841A$\^function\_.L:1#issueCommand(<function>:124)
	at jdk.nashorn.internal.scripts.Script$Recompilation$44618$3841A$\^function\_.L:1#issueCommand(<function>:124)
	at jdk.nashorn.internal.scripts.Script$Recompilation$44618$3841A$\^function\_.L:1#issueCommand(<function>:124)
	at jdk.nashorn.internal.scripts.Script$Recompilation$44618$3841A$\^function\_.L:1#issueCommand(<function>:124)
	at jdk.nashorn.internal.scripts.Script$Recompilation$44618$3841A$\^function\_.L:1#issueCommand(<function>:124)
	at jdk.nashorn.internal.scripts.Script$Recompilation$44618$3841A$\^function\_.L:1#issueCommand(<function>:124)
	at jdk.nashorn.internal.scripts.Script$Recompilation$44618$3841A$\^function\_.L:1#issueCommand(<function>:124)
	at jdk.nashorn.internal.scripts.Script$Recompilation$44618$3841A$\^function\_.L:1#issueCommand(<function>:124)
	at jdk.nashorn.internal.scripts.Script$Recompilation$44618$3841A$\^function\_.L:1#issueCommand(<function>:124)
	at jdk.nashorn.internal.scripts.Script$Recompilation$44618$3841A$\^function\_.L:1#issueCommand(<function>:124)
	at jdk.nashorn.internal.scripts.Script$Recompilation$44618$3841A$\^function\_.L:1#issueCommand(<function>:124)
	at jdk.nashorn.internal.scripts.Script$Recompilation$44618$3841A$\^function\_.L:1#issueCommand(<function>:124)
	at jdk.nashorn.internal.scripts.Script$Recompilation$44618$3841A$\^function\_.L:1#issueCommand(<function>:124)
	at jdk.nashorn.internal.scripts.Script$Recompilation$44618$3841A$\^function\_.L:1#issueCommand(<function>:124)
	at jdk.nashorn.internal.scripts.Script$Recompilation$44618$3841A$\^function\_.L:1#issueCommand(<function>:124)
	at jdk.nashorn.internal.scripts.Script$Recompilation$44618$3841A$\^function\_.L:1#issueCommand(<function>:124)
	at jdk.nashorn.internal.scripts.Script$Recompilation$44618$3841A$\^function\_.L:1#issueCommand(<function>:124)
	at jdk.nashorn.internal.scripts.Script$Recompilation$44618$3841A$\^function\_.L:1#issueCommand(<function>:124)
	at jdk.nashorn.internal.scripts.Script$Recompilation$44618$3841A$\^function\_.L:1#issueCommand(<function>:124)
	at jdk.nashorn.internal.scripts.Script$Recompilation$44618$3841A$\^function\_.L:1#issueCommand(<function>:124)
	at jdk.nashorn.internal.scripts.Script$Recompilation$44618$3841A$\^function\_.L:1#issueCommand(<function>:124)
	at jdk.nashorn.internal.scripts.Script$Recompilation$44618$3841A$\^function\_.L:1#issueCommand(<function>:124)
	at jdk.nashorn.internal.scripts.Script$Recompilation$44618$3841A$\^function\_.L:1#issueCommand(<function>:124)
	at jdk.nashorn.internal.scripts.Script$Recompilation$44618$3841A$\^function\_.L:1#issueCommand(<function>:124)
	at jdk.nashorn.internal.scripts.Script$Recompilation$44618$3841A$\^function\_.L:1#issueCommand(<function>:124)
	at jdk.nashorn.internal.scripts.Script$Recompilation$44618$3841A$\^function\_.L:1#issueCommand(<function>:124)
	at jdk.nashorn.internal.scripts.Script$Recompilation$44618$3841A$\^function\_.L:1#issueCommand(<function>:124)
	at jdk.nashorn.internal.scripts.Script$Recompilation$44618$3841A$\^function\_.L:1#issueCommand(<function>:124)
	at jdk.nashorn.internal.scripts.Script$Recompilation$44618$3841A$\^function\_.L:1#issueCommand(<function>:124)
	at jdk.nashorn.internal.scripts.Script$Recompilation$44618$3841A$\^function\_.L:1#issueCommand(<function>:124)
	at jdk.nashorn.internal.scripts.Script$Recompilation$44618$3841A$\^function\_.L:1#issueCommand(<function>:124)
	at jdk.nashorn.internal.scripts.Script$Recompilation$44618$3841A$\^function\_.L:1#issueCommand(<function>:124)
	at jdk.nashorn.internal.scripts.Script$Recompilation$44618$3841A$\^function\_.L:1#issueCommand(<function>:124)
	at jdk.nashorn.internal.scripts.Script$Recompilation$44618$3841A$\^function\_.L:1#issueCommand(<function>:124)
	at jdk.nashorn.internal.scripts.Script$Recompilation$44618$3841A$\^function\_.L:1#issueCommand(<function>:124)
	at jdk.nashorn.internal.scripts.Script$Recompilation$44618$3841A$\^function\_.L:1#issueCommand(<function>:124)
	at jdk.nashorn.internal.scripts.Script$Recompilation$44618$3841A$\^function\_.L:1#issueCommand(<function>:124)
	at jdk.nashorn.internal.scripts.Script$Recompilation$44618$3841A$\^function\_.L:1#issueCommand(<function>:124)
	at jdk.nashorn.internal.scripts.Script$Recompilation$44618$3841A$\^function\_.L:1#issueCommand(<function>:124)
	at jdk.nashorn.internal.scripts.Script$Recompilation$44618$3841A$\^function\_.L:1#issueCommand(<function>:124)
	at jdk.nashorn.internal.scripts.Script$Recompilation$44618$3841A$\^function\_.L:1#issueCommand(<function>:124)
	at jdk.nashorn.internal.scripts.Script$Recompilation$44618$3841A$\^function\_.L:1#issueCommand(<function>:124)
	at jdk.nashorn.internal.scripts.Script$Recompilation$44618$3841A$\^function\_.L:1#issueCommand(<function>:124)
	at jdk.nashorn.internal.scripts.Script$Recompilation$44618$3841A$\^function\_.L:1#issueCommand(<function>:124)
	at jdk.nashorn.internal.scripts.Script$Recompilation$44618$3841A$\^function\_.L:1#issueCommand(<function>:124)
	at jdk.nashorn.internal.scripts.Script$Recompilation$44618$3841A$\^function\_.L:1#issueCommand(<function>:124)
	at jdk.nashorn.internal.scripts.Script$Recompilation$44618$3841A$\^function\_.L:1#issueCommand(<function>:124)
	at jdk.nashorn.internal.scripts.Script$Recompilation$44618$3841A$\^function\_.L:1#issueCommand(<function>:124)
	at jdk.nashorn.internal.scripts.Script$Recompilation$44618$3841A$\^function\_.L:1#issueCommand(<function>:124)
	at jdk.nashorn.internal.scripts.Script$Recompilation$44618$3841A$\^function\_.L:1#issueCommand(<function>:124)
	at jdk.nashorn.internal.scripts.Script$Recompilation$44618$3841A$\^function\_.L:1#issueCommand(<function>:124)
	at jdk.nashorn.internal.scripts.Script$Recompilation$44618$3841A$\^function\_.L:1#issueCommand(<function>:124)
	at jdk.nashorn.internal.scripts.Script$Recompilation$44618$3841A$\^function\_.L:1#issueCommand(<function>:124)
	at jdk.nashorn.internal.scripts.Script$Recompilation$44618$3841A$\^function\_.L:1#issueCommand(<function>:124)
	at jdk.nashorn.internal.scripts.Script$Recompilation$44618$3841A$\^function\_.L:1#issueCommand(<function>:124)
	at jdk.nashorn.internal.scripts.Script$Recompilation$44618$3841A$\^function\_.L:1#issueCommand(<function>:124)
	at jdk.nashorn.internal.scripts.Script$Recompilation$44618$3841A$\^function\_.L:1#issueCommand(<function>:124)
	at jdk.nashorn.internal.scripts.Script$Recompilation$44618$3841A$\^function\_.L:1#issueCommand(<function>:124)
	at jdk.nashorn.internal.scripts.Script$Recompilation$44618$3841A$\^function\_.L:1#issueCommand(<function>:124)
	at jdk.nashorn.internal.scripts.Script$Recompilation$44618$3841A$\^function\_.L:1#issueCommand(<function>:124)
	at jdk.nashorn.internal.scripts.Script$Recompilation$44618$3841A$\^function\_.L:1#issueCommand(<function>:124)
	at jdk.nashorn.internal.scripts.Script$Recompilation$44618$3841A$\^function\_.L:1#issueCommand(<function>:124)
	at jdk.nashorn.internal.scripts.Script$Recompilation$44618$3841A$\^function\_.L:1#issueCommand(<function>:124)
	at jdk.nashorn.internal.scripts.Script$Recompilation$44618$3841A$\^function\_.L:1#issueCommand(<function>:124)
	at jdk.nashorn.internal.scripts.Script$Recompilation$44618$3841A$\^function\_.L:1#issueCommand(<function>:124)
	at jdk.nashorn.internal.scripts.Script$Recompilation$44618$3841A$\^function\_.L:1#issueCommand(<function>:124)
	at jdk.nashorn.internal.scripts.Script$Recompilation$44618$3841A$\^function\_.L:1#issueCommand(<function>:124)
	at jdk.nashorn.internal.scripts.Script$Recompilation$44618$3841A$\^function\_.L:1#issueCommand(<function>:124)
	at jdk.nashorn.internal.scripts.Script$Recompilation$44618$3841A$\^function\_.L:1#issueCommand(<function>:124)
	at jdk.nashorn.internal.scripts.Script$Recompilation$44618$3841A$\^function\_.L:1#issueCommand(<function>:124)
	at jdk.nashorn.internal.scripts.Script$Recompilation$44618$3841A$\^function\_.L:1#issueCommand(<function>:124)
	at jdk.nashorn.internal.scripts.Script$Recompilation$44618$3841A$\^function\_.L:1#issueCommand(<function>:124)
	at jdk.nashorn.internal.scripts.Script$Recompilation$44618$3841A$\^function\_.L:1#issueCommand(<function>:124)
	at jdk.nashorn.internal.scripts.Script$Recompilation$44618$3841A$\^function\_.L:1#issueCommand(<function>:124)
	at jdk.nashorn.internal.scripts.Script$Recompilation$44618$3841A$\^function\_.L:1#issueCommand(<function>:124)
	at jdk.nashorn.internal.scripts.Script$Recompilation$44618$3841A$\^function\_.L:1#issueCommand(<function>:124)
	at jdk.nashorn.internal.scripts.Script$Recompilation$44618$3841A$\^function\_.L:1#issueCommand(<function>:124)
	at jdk.nashorn.internal.scripts.Script$Recompilation$44618$3841A$\^function\_.L:1#issueCommand(<function>:124)
	at jdk.nashorn.internal.scripts.Script$Recompilation$44618$3841A$\^function\_.L:1#issueCommand(<function>:124)
	at jdk.nashorn.internal.scripts.Script$Recompilation$44618$3841A$\^function\_.L:1#issueCommand(<function>:124)
	at jdk.nashorn.internal.scripts.Script$Recompilation$44618$3841A$\^function\_.L:1#issueCommand(<function>:124)
	at jdk.nashorn.internal.scripts.Script$Recompilation$44618$3841A$\^function\_.L:1#issueCommand(<function>:124)
	at jdk.nashorn.internal.scripts.Script$Recompilation$44618$3841A$\^function\_.L:1#issueCommand(<function>:124)
	at jdk.nashorn.internal.scripts.Script$Recompilation$44618$3841A$\^function\_.L:1#issueCommand(<function>:124)
	at jdk.nashorn.internal.scripts.Script$Recompilation$44618$3841A$\^function\_.L:1#issueCommand(<function>:124)
	at jdk.nashorn.internal.scripts.Script$Recompilation$44618$3841A$\^function\_.L:1#issueCommand(<function>:124)
	at jdk.nashorn.internal.scripts.Script$Recompilation$44618$3841A$\^function\_.L:1#issueCommand(<function>:124)
	at jdk.nashorn.internal.scripts.Script$Recompilation$44618$3841A$\^function\_.L:1#issueCommand(<function>:124)
	at jdk.nashorn.internal.scripts.Script$Recompilation$44618$3841A$\^function\_.L:1#issueCommand(<function>:124)
	at jdk.nashorn.internal.scripts.Script$Recompilation$44618$3841A$\^function\_.L:1#issueCommand(<function>:124)
	at jdk.nashorn.internal.scripts.Script$Recompilation$44618$3841A$\^function\_.L:1#issueCommand(<function>:124)
	at jdk.nashorn.internal.scripts.Script$Recompilation$44618$3841A$\^function\_.L:1#issueCommand(<function>:124)
	at jdk.nashorn.internal.scripts.Script$Recompilation$44618$3841A$\^function\_.L:1#issueCommand(<function>:124)
	at jdk.nashorn.internal.scripts.Script$Recompilation$44618$3841A$\^function\_.L:1#issueCommand(<function>:124)
	at jdk.nashorn.internal.scripts.Script$Recompilation$44618$3841A$\^function\_.L:1#issueCommand(<function>:124)
	at jdk.nashorn.internal.scripts.Script$Recompilation$44618$3841A$\^function\_.L:1#issueCommand(<function>:124)
	at jdk.nashorn.internal.scripts.Script$Recompilation$44618$3841A$\^function\_.L:1#issueCommand(<function>:124)
	at jdk.nashorn.internal.scripts.Script$Recompilation$44618$3841A$\^function\_.L:1#issueCommand(<function>:124)
	at jdk.nashorn.internal.scripts.Script$Recompilation$44618$3841A$\^function\_.L:1#issueCommand(<function>:124)
	at jdk.nashorn.internal.scripts.Script$Recompilation$44618$3841A$\^function\_.L:1#issueCommand(<function>:124)
	at jdk.nashorn.internal.scripts.Script$Recompilation$44618$3841A$\^function\_.L:1#issueCommand(<function>:124)
	at jdk.nashorn.internal.scripts.Script$Recompilation$44618$3841A$\^function\_.L:1#issueCommand(<function>:124)
	at jdk.nashorn.internal.scripts.Script$Recompilation$44618$3841A$\^function\_.L:1#issueCommand(<function>:124)
	at jdk.nashorn.internal.scripts.Script$Recompilation$44618$3841A$\^function\_.L:1#issueCommand(<function>:124)
	at jdk.nashorn.internal.scripts.Script$Recompilation$44618$3841A$\^function\_.L:1#issueCommand(<function>:124)
	at jdk.nashorn.internal.scripts.Script$Recompilation$44618$3841A$\^function\_.L:1#issueCommand(<function>:124)
	at jdk.nashorn.internal.scripts.Script$Recompilation$44618$3841A$\^function\_.L:1#issueCommand(<function>:124)
	at jdk.nashorn.internal.scripts.Script$Recompilation$44618$3841A$\^function\_.L:1#issueCommand(<function>:124)
	at jdk.nashorn.internal.scripts.Script$Recompilation$44618$3841A$\^function\_.L:1#issueCommand(<function>:124)
	at jdk.nashorn.internal.scripts.Script$Recompilation$44618$3841A$\^function\_.L:1#issueCommand(<function>:124)
	at jdk.nashorn.internal.scripts.Script$Recompilation$44618$3841A$\^function\_.L:1#issueCommand(<function>:124)
	at jdk.nashorn.internal.scripts.Script$Recompilation$44618$3841A$\^function\_.L:1#issueCommand(<function>:124)
	at jdk.nashorn.internal.scripts.Script$Recompilation$44618$3841A$\^function\_.L:1#issueCommand(<function>:124)
	at jdk.nashorn.internal.scripts.Script$Recompilation$44618$3841A$\^function\_.L:1#issueCommand(<function>:124)
	at jdk.nashorn.internal.scripts.Script$Recompilation$44618$3841A$\^function\_.L:1#issueCommand(<function>:124)
	at jdk.nashorn.internal.scripts.Script$Recompilation$44618$3841A$\^function\_.L:1#issueCommand(<function>:124)
	at jdk.nashorn.internal.scripts.Script$Recompilation$44618$3841A$\^function\_.L:1#issueCommand(<function>:124)
	at jdk.nashorn.internal.scripts.Script$Recompilation$44618$3841A$\^function\_.L:1#issueCommand(<function>:124)
	at jdk.nashorn.internal.scripts.Script$Recompilation$44618$3841A$\^function\_.L:1#issueCommand(<function>:124)
	at jdk.nashorn.internal.scripts.Script$Recompilation$44618$3841A$\^function\_.L:1#issueCommand(<function>:124)
	at jdk.nashorn.internal.scripts.Script$Recompilation$44618$3841A$\^function\_.L:1#issueCommand(<function>:124)
	at jdk.nashorn.internal.scripts.Script$Recompilation$44618$3841A$\^function\_.L:1#issueCommand(<function>:124)
	at jdk.nashorn.internal.scripts.Script$Recompilation$44618$3841A$\^function\_.L:1#issueCommand(<function>:124)
	at jdk.nashorn.internal.scripts.Script$Recompilation$44618$3841A$\^function\_.L:1#issueCommand(<function>:124)
	at jdk.nashorn.internal.scripts.Script$Recompilation$44618$3841A$\^function\_.L:1#issueCommand(<function>:124)
	at jdk.nashorn.internal.scripts.Script$Recompilation$44618$3841A$\^function\_.L:1#issueCommand(<function>:124)
	at jdk.nashorn.internal.scripts.Script$Recompilation$44618$3841A$\^function\_.L:1#issueCommand(<function>:124)
	at jdk.nashorn.internal.scripts.Script$Recompilation$44618$3841A$\^function\_.L:1#issueCommand(<function>:124)
	at jdk.nashorn.internal.scripts.Script$Recompilation$44618$3841A$\^function\_.L:1#issueCommand(<function>:124)
	at jdk.nashorn.internal.scripts.Script$Recompilation$44618$3841A$\^function\_.L:1#issueCommand(<function>:124)
	at jdk.nashorn.internal.scripts.Script$Recompilation$44618$3841A$\^function\_.L:1#issueCommand(<function>:124)
	at jdk.nashorn.internal.scripts.Script$Recompilation$44618$3841A$\^function\_.L:1#issueCommand(<function>:124)
	at jdk.nashorn.internal.scripts.Script$Recompilation$44618$3841A$\^function\_.L:1#issueCommand(<function>:124)
	at jdk.nashorn.internal.scripts.Script$Recompilation$44618$3841A$\^function\_.L:1#issueCommand(<function>:124)
	at jdk.nashorn.internal.scripts.Script$Recompilation$44618$3841A$\^function\_.L:1#issueCommand(<function>:124)
	at jdk.nashorn.internal.scripts.Script$Recompilation$44618$3841A$\^function\_.L:1#issueCommand(<function>:124)
	at jdk.nashorn.internal.scripts.Script$Recompilation$44618$3841A$\^function\_.L:1#issueCommand(<function>:124)
	at jdk.nashorn.internal.scripts.Script$Recompilation$44618$3841A$\^function\_.L:1#issueCommand(<function>:124)
	at jdk.nashorn.internal.scripts.Script$Recompilation$44618$3841A$\^function\_.L:1#issueCommand(<function>:124)
	at jdk.nashorn.internal.scripts.Script$Recompilation$44618$3841A$\^function\_.L:1#issueCommand(<function>:124)
	at jdk.nashorn.internal.scripts.Script$Recompilation$44618$3841A$\^function\_.L:1#issueCommand(<function>:124)
	at jdk.nashorn.internal.scripts.Script$Recompilation$44618$3841A$\^function\_.L:1#issueCommand(<function>:124)
	at jdk.nashorn.internal.scripts.Script$Recompilation$44618$3841A$\^function\_.L:1#issueCommand(<function>:124)
	at jdk.nashorn.internal.scripts.Script$Recompilation$44618$3841A$\^function\_.L:1#issueCommand(<function>:124)
	at jdk.nashorn.internal.scripts.Script$Recompilation$44618$3841A$\^function\_.L:1#issueCommand(<function>:124)
	at jdk.nashorn.internal.scripts.Script$Recompilation$44618$3841A$\^function\_.L:1#issueCommand(<function>:124)
	at jdk.nashorn.internal.scripts.Script$Recompilation$44618$3841A$\^function\_.L:1#issueCommand(<function>:124)
	at jdk.nashorn.internal.scripts.Script$Recompilation$44618$3841A$\^function\_.L:1#issueCommand(<function>:124)
	at jdk.nashorn.internal.scripts.Script$Recompilation$44618$3841A$\^function\_.L:1#issueCommand(<function>:124)
	at jdk.nashorn.internal.scripts.Script$Recompilation$44618$3841A$\^function\_.L:1#issueCommand(<function>:124)
	at jdk.nashorn.internal.scripts.Script$Recompilation$44618$3841A$\^function\_.L:1#issueCommand(<function>:124)
	at jdk.nashorn.internal.scripts.Script$Recompilation$44618$3841A$\^function\_.L:1#issueCommand(<function>:124)
	at jdk.nashorn.internal.scripts.Script$Recompilation$44618$3841A$\^function\_.L:1#issueCommand(<function>:124)
	at jdk.nashorn.internal.scripts.Script$Recompilation$44618$3841A$\^function\_.L:1#issueCommand(<function>:124)
	at jdk.nashorn.internal.scripts.Script$Recompilation$44618$3841A$\^function\_.L:1#issueCommand(<function>:124)
	at jdk.nashorn.internal.scripts.Script$Recompilation$44618$3841A$\^function\_.L:1#issueCommand(<function>:124)
	at jdk.nashorn.internal.scripts.Script$Recompilation$44618$3841A$\^function\_.L:1#issueCommand(<function>:124)
	at jdk.nashorn.internal.scripts.Script$Recompilation$44618$3841A$\^function\_.L:1#issueCommand(<function>:124)
	at jdk.nashorn.internal.scripts.Script$Recompilation$44618$3841A$\^function\_.L:1#issueCommand(<function>:124)
	at jdk.nashorn.internal.scripts.Script$Recompilation$44618$3841A$\^function\_.L:1#issueCommand(<function>:124)
	at jdk.nashorn.internal.scripts.Script$Recompilation$44618$3841A$\^function\_.L:1#issueCommand(<function>:124)
	at jdk.nashorn.internal.scripts.Script$Recompilation$44618$3841A$\^function\_.L:1#issueCommand(<function>:124)
	at jdk.nashorn.internal.scripts.Script$Recompilation$44618$3841A$\^function\_.L:1#issueCommand(<function>:124)
	at jdk.nashorn.internal.scripts.Script$Recompilation$44618$3841A$\^function\_.L:1#issueCommand(<function>:124)
	at jdk.nashorn.internal.scripts.Script$Recompilation$44618$3841A$\^function\_.L:1#issueCommand(<function>:124)
	at jdk.nashorn.internal.scripts.Script$Recompilation$44618$3841A$\^function\_.L:1#issueCommand(<function>:124)
	at jdk.nashorn.internal.scripts.Script$Recompilation$44618$3841A$\^function\_.L:1#issueCommand(<function>:124)
	at jdk.nashorn.internal.scripts.Script$Recompilation$44618$3841A$\^function\_.L:1#issueCommand(<function>:124)
	at jdk.nashorn.internal.scripts.Script$Recompilation$44618$3841A$\^function\_.L:1#issueCommand(<function>:124)
	at jdk.nashorn.internal.scripts.Script$Recompilation$44618$3841A$\^function\_.L:1#issueCommand(<function>:124)
	at jdk.nashorn.internal.scripts.Script$Recompilation$44618$3841A$\^function\_.L:1#issueCommand(<function>:124)
	at jdk.nashorn.internal.scripts.Script$Recompilation$44618$3841A$\^function\_.L:1#issueCommand(<function>:124)
	at jdk.nashorn.internal.scripts.Script$Recompilation$44618$3841A$\^function\_.L:1#issueCommand(<function>:124)
	at jdk.nashorn.internal.scripts.Script$Recompilation$44618$3841A$\^function\_.L:1#issueCommand(<function>:124)
	at jdk.nashorn.internal.scripts.Script$Recompilation$44618$3841A$\^function\_.L:1#issueCommand(<function>:124)
	at jdk.nashorn.internal.scripts.Script$Recompilation$44618$3841A$\^function\_.L:1#issueCommand(<function>:124)
	at jdk.nashorn.internal.scripts.Script$Recompilation$44618$3841A$\^function\_.L:1#issueCommand(<function>:124)
	at jdk.nashorn.internal.scripts.Script$Recompilation$44618$3841A$\^function\_.L:1#issueCommand(<function>:124)
	at jdk.nashorn.internal.scripts.Script$Recompilation$44618$3841A$\^function\_.L:1#issueCommand(<function>:124)
	at jdk.nashorn.internal.scripts.Script$Recompilation$44618$3841A$\^function\_.L:1#issueCommand(<function>:124)
	at jdk.nashorn.internal.scripts.Script$Recompilation$44618$3841A$\^function\_.L:1#issueCommand(<function>:124)
	at jdk.nashorn.internal.scripts.Script$Recompilation$44618$3841A$\^function\_.L:1#issueCommand(<function>:124)
	at jdk.nashorn.internal.scripts.Script$Recompilation$44618$3841A$\^function\_.L:1#issueCommand(<function>:124)
	at jdk.nashorn.internal.scripts.Script$Recompilation$44618$3841A$\^function\_.L:1#issueCommand(<function>:124)
	at jdk.nashorn.internal.scripts.Script$Recompilation$44618$3841A$\^function\_.L:1#issueCommand(<function>:124)
	at jdk.nashorn.internal.scripts.Script$Recompilation$44618$3841A$\^function\_.L:1#issueCommand(<function>:124)
	at jdk.nashorn.internal.scripts.Script$Recompilation$44618$3841A$\^function\_.L:1#issueCommand(<function>:124)
	at jdk.nashorn.internal.scripts.Script$Recompilation$44618$3841A$\^function\_.L:1#issueCommand(<function>:124)
	at jdk.nashorn.internal.scripts.Script$Recompilation$44618$3841A$\^function\_.L:1#issueCommand(<function>:124)
	at jdk.nashorn.internal.scripts.Script$Recompilation$44618$3841A$\^function\_.L:1#issueCommand(<function>:124)
	at jdk.nashorn.internal.scripts.Script$Recompilation$44618$3841A$\^function\_.L:1#issueCommand(<function>:124)
	at jdk.nashorn.internal.scripts.Script$Recompilation$44618$3841A$\^function\_.L:1#issueCommand(<function>:124)
	at jdk.nashorn.internal.scripts.Script$Recompilation$44618$3841A$\^function\_.L:1#issueCommand(<function>:124)
	at jdk.nashorn.internal.scripts.Script$Recompilation$44618$3841A$\^function\_.L:1#issueCommand(<function>:124)
	at jdk.nashorn.internal.scripts.Script$Recompilation$44618$3841A$\^function\_.L:1#issueCommand(<function>:124)
	at jdk.nashorn.internal.scripts.Script$Recompilation$44618$3841A$\^function\_.L:1#issueCommand(<function>:124)
	at jdk.nashorn.internal.scripts.Script$Recompilation$44618$3841A$\^function\_.L:1#issueCommand(<function>:124)
	at jdk.nashorn.internal.scripts.Script$Recompilation$44618$3841A$\^function\_.L:1#issueCommand(<function>:124)
	at jdk.nashorn.internal.scripts.Script$Recompilation$44618$3841A$\^function\_.L:1#issueCommand(<function>:124)
	at jdk.nashorn.internal.scripts.Script$Recompilation$44618$3841A$\^function\_.L:1#issueCommand(<function>:124)
	at jdk.nashorn.internal.scripts.Script$Recompilation$44618$3841A$\^function\_.L:1#issueCommand(<function>:124)
	at jdk.nashorn.internal.scripts.Script$Recompilation$44618$3841A$\^function\_.L:1#issueCommand(<function>:124)
	at jdk.nashorn.internal.scripts.Script$Recompilation$44618$3841A$\^function\_.L:1#issueCommand(<function>:124)
	at jdk.nashorn.internal.scripts.Script$Recompilation$44618$3841A$\^function\_.L:1#issueCommand(<function>:124)
	at jdk.nashorn.internal.scripts.Script$Recompilation$44618$3841A$\^function\_.L:1#issueCommand(<function>:124)
	at jdk.nashorn.internal.scripts.Script$Recompilation$44618$3841A$\^function\_.L:1#issueCommand(<function>:124)
	at jdk.nashorn.internal.scripts.Script$Recompilation$44618$3841A$\^function\_.L:1#issueCommand(<function>:124)
	at jdk.nashorn.internal.scripts.Script$Recompilation$44618$3841A$\^function\_.L:1#issueCommand(<function>:124)
	at jdk.nashorn.internal.scripts.Script$Recompilation$44618$3841A$\^function\_.L:1#issueCommand(<function>:124)
	at jdk.nashorn.internal.scripts.Script$Recompilation$44618$3841A$\^function\_.L:1#issueCommand(<function>:124)
	at jdk.nashorn.internal.scripts.Script$Recompilation$44618$3841A$\^function\_.L:1#issueCommand(<function>:124)
	at jdk.nashorn.internal.scripts.Script$Recompilation$44618$3841A$\^function\_.L:1#issueCommand(<function>:124)
	at jdk.nashorn.internal.scripts.Script$Recompilation$44618$3841A$\^function\_.L:1#issueCommand(<function>:124)
	at jdk.nashorn.internal.scripts.Script$Recompilation$44618$3841A$\^function\_.L:1#issueCommand(<function>:124)
	at jdk.nashorn.internal.scripts.Script$Recompilation$44618$3841A$\^function\_.L:1#issueCommand(<function>:124)
	at jdk.nashorn.internal.scripts.Script$Recompilation$44618$3841A$\^function\_.L:1#issueCommand(<function>:124)
	at jdk.nashorn.internal.scripts.Script$Recompilation$44618$3841A$\^function\_.L:1#issueCommand(<function>:124)
	at jdk.nashorn.internal.scripts.Script$Recompilation$44618$3841A$\^function\_.L:1#issueCommand(<function>:124)
	at jdk.nashorn.internal.scripts.Script$Recompilation$44618$3841A$\^function\_.L:1#issueCommand(<function>:124)
	at jdk.nashorn.internal.scripts.Script$Recompilation$44618$3841A$\^function\_.L:1#issueCommand(<function>:124)
	at jdk.nashorn.internal.scripts.Script$Recompilation$44618$3841A$\^function\_.L:1#issueCommand(<function>:124)
	at jdk.nashorn.internal.scripts.Script$Recompilation$44618$3841A$\^function\_.L:1#issueCommand(<function>:124)
	at jdk.nashorn.internal.scripts.Script$Recompilation$44618$3841A$\^function\_.L:1#issueCommand(<function>:124)
	at jdk.nashorn.internal.scripts.Script$Recompilation$44618$3841A$\^function\_.L:1#issueCommand(<function>:124)
	at jdk.nashorn.internal.scripts.Script$Recompilation$44618$3841A$\^function\_.L:1#issueCommand(<function>:124)
	at jdk.nashorn.internal.scripts.Script$Recompilation$44618$3841A$\^function\_.L:1#issueCommand(<function>:124)
	at jdk.nashorn.internal.scripts.Script$Recompilation$44618$3841A$\^function\_.L:1#issueCommand(<function>:124)
	at jdk.nashorn.internal.scripts.Script$Recompilation$44618$3841A$\^function\_.L:1#issueCommand(<function>:124)
	at jdk.nashorn.internal.scripts.Script$Recompilation$44618$3841A$\^function\_.L:1#issueCommand(<function>:124)
	at jdk.nashorn.internal.scripts.Script$Recompilation$44618$3841A$\^function\_.L:1#issueCommand(<function>:124)
	at jdk.nashorn.internal.scripts.Script$Recompilation$44618$3841A$\^function\_.L:1#issueCommand(<function>:124)
	at jdk.nashorn.internal.scripts.Script$Recompilation$44618$3841A$\^function\_.L:1#issueCommand(<function>:124)
	at jdk.nashorn.internal.scripts.Script$Recompilation$44618$3841A$\^function\_.L:1#issueCommand(<function>:124)
	at jdk.nashorn.internal.scripts.Script$Recompilation$44618$3841A$\^function\_.L:1#issueCommand(<function>:124)
	at jdk.nashorn.internal.scripts.Script$Recompilation$44618$3841A$\^function\_.L:1#issueCommand(<function>:124)
	at jdk.nashorn.internal.scripts.Script$Recompilation$44618$3841A$\^function\_.L:1#issueCommand(<function>:124)
	at jdk.nashorn.internal.scripts.Script$Recompilation$44618$3841A$\^function\_.L:1#issueCommand(<function>:124)
	at jdk.nashorn.internal.scripts.Script$Recompilation$44618$3841A$\^function\_.L:1#issueCommand(<function>:124)
	at jdk.nashorn.internal.scripts.Script$Recompilation$44618$3841A$\^function\_.L:1#issueCommand(<function>:124)
	at jdk.nashorn.internal.scripts.Script$Recompilation$44618$3841A$\^function\_.L:1#issueCommand(<function>:124)
	at jdk.nashorn.internal.scripts.Script$Recompilation$44618$3841A$\^function\_.L:1#issueCommand(<function>:124)
	at jdk.nashorn.internal.scripts.Script$Recompilation$44618$3841A$\^function\_.L:1#issueCommand(<function>:124)
	at jdk.nashorn.internal.scripts.Script$Recompilation$44618$3841A$\^function\_.L:1#issueCommand(<function>:124)
	at jdk.nashorn.internal.scripts.Script$Recompilation$44618$3841A$\^function\_.L:1#issueCommand(<function>:124)
	at jdk.nashorn.internal.scripts.Script$Recompilation$44618$3841A$\^function\_.L:1#issueCommand(<function>:124)
	at jdk.nashorn.internal.scripts.Script$Recompilation$44618$3841A$\^function\_.L:1#issueCommand(<function>:124)
	at jdk.nashorn.internal.scripts.Script$Recompilation$44618$3841A$\^function\_.L:1#issueCommand(<function>:124)
	at jdk.nashorn.internal.scripts.Script$Recompilation$44618$3841A$\^function\_.L:1#issueCommand(<function>:124)
	at jdk.nashorn.internal.scripts.Script$Recompilation$44618$3841A$\^function\_.L:1#issueCommand(<function>:124)
	at jdk.nashorn.internal.scripts.Script$Recompilation$44618$3841A$\^function\_.L:1#issueCommand(<function>:124)
	at jdk.nashorn.internal.scripts.Script$Recompilation$44618$3841A$\^function\_.L:1#issueCommand(<function>:124)
	at jdk.nashorn.internal.scripts.Script$Recompilation$44618$3841A$\^function\_.L:1#issueCommand(<function>:124)
	at jdk.nashorn.internal.scripts.Script$Recompilation$44618$3841A$\^function\_.L:1#issueCommand(<function>:124)
	at jdk.nashorn.internal.scripts.Script$Recompilation$44618$3841A$\^function\_.L:1#issueCommand(<function>:124)
	at jdk.nashorn.internal.scripts.Script$Recompilation$44618$3841A$\^function\_.L:1#issueCommand(<function>:124)
	at jdk.nashorn.internal.scripts.Script$Recompilation$44618$3841A$\^function\_.L:1#issueCommand(<function>:124)
	at jdk.nashorn.internal.scripts.Script$Recompilation$44618$3841A$\^function\_.L:1#issueCommand(<function>:124)
	at jdk.nashorn.internal.scripts.Script$Recompilation$44618$3841A$\^function\_.L:1#issueCommand(<function>:124)
	at jdk.nashorn.internal.scripts.Script$Recompilation$44618$3841A$\^function\_.L:1#issueCommand(<function>:124)
	at jdk.nashorn.internal.scripts.Script$Recompilation$44618$3841A$\^function\_.L:1#issueCommand(<function>:124)
	at jdk.nashorn.internal.scripts.Script$Recompilation$44618$3841A$\^function\_.L:1#issueCommand(<function>:124)
	at jdk.nashorn.internal.scripts.Script$Recompilation$44618$3841A$\^function\_.L:1#issueCommand(<function>:124)
	at jdk.nashorn.internal.scripts.Script$Recompilation$44618$3841A$\^function\_.L:1#issueCommand(<function>:124)
	at jdk.nashorn.internal.scripts.Script$Recompilation$44618$3841A$\^function\_.L:1#issueCommand(<function>:124)
	at jdk.nashorn.internal.scripts.Script$Recompilation$44618$3841A$\^function\_.L:1#issueCommand(<function>:124)
	at jdk.nashorn.internal.scripts.Script$Recompilation$44618$3841A$\^function\_.L:1#issueCommand(<function>:124)
	at jdk.nashorn.internal.scripts.Script$Recompilation$44618$3841A$\^function\_.L:1#issueCommand(<function>:124)
	at jdk.nashorn.internal.scripts.Script$Recompilation$44618$3841A$\^function\_.L:1#issueCommand(<function>:124)
	at jdk.nashorn.internal.scripts.Script$Recompilation$44618$3841A$\^function\_.L:1#issueCommand(<function>:124)
	at jdk.nashorn.internal.scripts.Script$Recompilation$44618$3841A$\^function\_.L:1#issueCommand(<function>:124)
	at jdk.nashorn.internal.scripts.Script$Recompilation$44618$3841A$\^function\_.L:1#issueCommand(<function>:124)
	at jdk.nashorn.internal.scripts.Script$Recompilation$44618$3841A$\^function\_.L:1#issueCommand(<function>:124)
	at jdk.nashorn.internal.scripts.Script$Recompilation$44618$3841A$\^function\_.L:1#issueCommand(<function>:124)
	at jdk.nashorn.internal.scripts.Script$Recompilation$44618$3841A$\^function\_.L:1#issueCommand(<function>:124)
	at jdk.nashorn.internal.scripts.Script$Recompilation$44618$3841A$\^function\_.L:1#issueCommand(<function>:124)
	at jdk.nashorn.internal.scripts.Script$Recompilation$44618$3841A$\^function\_.L:1#issueCommand(<function>:124)
	at jdk.nashorn.internal.scripts.Script$Recompilation$44618$3841A$\^function\_.L:1#issueCommand(<function>:124)
	at jdk.nashorn.internal.scripts.Script$Recompilation$44618$3841A$\^function\_.L:1#issueCommand(<function>:124)
	at jdk.nashorn.internal.scripts.Script$Recompilation$44618$3841A$\^function\_.L:1#issueCommand(<function>:124)
	at jdk.nashorn.internal.scripts.Script$Recompilation$44618$3841A$\^function\_.L:1#issueCommand(<function>:124)
	at jdk.nashorn.internal.scripts.Script$Recompilation$44618$3841A$\^function\_.L:1#issueCommand(<function>:124)
	at jdk.nashorn.internal.scripts.Script$Recompilation$44618$3841A$\^function\_.L:1#issueCommand(<function>:124)
	at jdk.nashorn.internal.scripts.Script$Recompilation$44618$3841A$\^function\_.L:1#issueCommand(<function>:124)
	at jdk.nashorn.internal.scripts.Script$Recompilation$44618$3841A$\^function\_.L:1#issueCommand(<function>:124)
	at jdk.nashorn.internal.scripts.Script$Recompilation$44618$3841A$\^function\_.L:1#issueCommand(<function>:124)
	at jdk.nashorn.internal.scripts.Script$Recompilation$44618$3841A$\^function\_.L:1#issueCommand(<function>:124)
	at jdk.nashorn.internal.scripts.Script$Recompilation$44618$3841A$\^function\_.L:1#issueCommand(<function>:124)
	at jdk.nashorn.internal.scripts.Script$Recompilation$44618$3841A$\^function\_.L:1#issueCommand(<function>:124)
	at jdk.nashorn.internal.scripts.Script$Recompilation$44618$3841A$\^function\_.L:1#issueCommand(<function>:124)
	at jdk.nashorn.internal.scripts.Script$Recompilation$44618$3841A$\^function\_.L:1#issueCommand(<function>:124)
	at jdk.nashorn.internal.scripts.Script$Recompilation$44618$3841A$\^function\_.L:1#issueCommand(<function>:124)
	at jdk.nashorn.internal.scripts.Script$Recompilation$44618$3841A$\^function\_.L:1#issueCommand(<function>:124)
	at jdk.nashorn.internal.scripts.Script$Recompilation$44618$3841A$\^function\_.L:1#issueCommand(<function>:124)
	at jdk.nashorn.internal.scripts.Script$Recompilation$44618$3841A$\^function\_.L:1#issueCommand(<function>:124)
	at jdk.nashorn.internal.scripts.Script$Recompilation$44618$3841A$\^function\_.L:1#issueCommand(<function>:124)
	at jdk.nashorn.internal.scripts.Script$Recompilation$44618$3841A$\^function\_.L:1#issueCommand(<function>:124)
	at jdk.nashorn.internal.scripts.Script$Recompilation$44618$3841A$\^function\_.L:1#issueCommand(<function>:124)
	at jdk.nashorn.internal.scripts.Script$Recompilation$44618$3841A$\^function\_.L:1#issueCommand(<function>:124)
	at jdk.nashorn.internal.scripts.Script$Recompilation$44618$3841A$\^function\_.L:1#issueCommand(<function>:124)
	at jdk.nashorn.internal.scripts.Script$Recompilation$44618$3841A$\^function\_.L:1#issueCommand(<function>:124)
	at jdk.nashorn.internal.scripts.Script$Recompilation$44618$3841A$\^function\_.L:1#issueCommand(<function>:124)
	at jdk.nashorn.internal.scripts.Script$Recompilation$44618$3841A$\^function\_.L:1#issueCommand(<function>:124)
	at jdk.nashorn.internal.scripts.Script$Recompilation$44618$3841A$\^function\_.L:1#issueCommand(<function>:124)
	at jdk.nashorn.internal.scripts.Script$Recompilation$44618$3841A$\^function\_.L:1#issueCommand(<function>:124)
	at jdk.nashorn.internal.scripts.Script$Recompilation$44618$3841A$\^function\_.L:1#issueCommand(<function>:124)
	at jdk.nashorn.internal.scripts.Script$Recompilation$44618$3841A$\^function\_.L:1#issueCommand(<function>:124)
	at jdk.nashorn.internal.scripts.Script$Recompilation$44618$3841A$\^function\_.L:1#issueCommand(<function>:124)
	at jdk.nashorn.internal.scripts.Script$Recompilation$44618$3841A$\^function\_.L:1#issueCommand(<function>:124)
	at jdk.nashorn.internal.scripts.Script$Recompilation$44618$3841A$\^function\_.L:1#issueCommand(<function>:124)
	at jdk.nashorn.internal.scripts.Script$Recompilation$44618$3841A$\^function\_.L:1#issueCommand(<function>:124)
	at jdk.nashorn.internal.scripts.Script$Recompilation$44618$3841A$\^function\_.L:1#issueCommand(<function>:124)
	at jdk.nashorn.internal.scripts.Script$Recompilation$44618$3841A$\^function\_.L:1#issueCommand(<function>:124)
	at jdk.nashorn.internal.scripts.Script$Recompilation$44618$3841A$\^function\_.L:1#issueCommand(<function>:124)
	at jdk.nashorn.internal.scripts.Script$Recompilation$44618$3841A$\^function\_.L:1#issueCommand(<function>:124)
	at jdk.nashorn.internal.scripts.Script$Recompilation$44618$3841A$\^function\_.L:1#issueCommand(<function>:124)
	at jdk.nashorn.internal.scripts.Script$Recompilation$44618$3841A$\^function\_.L:1#issueCommand(<function>:124)
	at jdk.nashorn.internal.scripts.Script$Recompilation$44618$3841A$\^function\_.L:1#issueCommand(<function>:124)
	at jdk.nashorn.internal.scripts.Script$Recompilation$44618$3841A$\^function\_.L:1#issueCommand(<function>:124)
	at jdk.nashorn.internal.scripts.Script$Recompilation$44618$3841A$\^function\_.L:1#issueCommand(<function>:124)
	at jdk.nashorn.internal.scripts.Script$Recompilation$44618$3841A$\^function\_.L:1#issueCommand(<function>:124)
	at jdk.nashorn.internal.scripts.Script$Recompilation$44618$3841A$\^function\_.L:1#issueCommand(<function>:124)
	at jdk.nashorn.internal.scripts.Script$Recompilation$44618$3841A$\^function\_.L:1#issueCommand(<function>:124)
	at jdk.nashorn.internal.scripts.Script$Recompilation$44618$3841A$\^function\_.L:1#issueCommand(<function>:124)
	at jdk.nashorn.internal.scripts.Script$Recompilation$44618$3841A$\^function\_.L:1#issueCommand(<function>:124)
	at jdk.nashorn.internal.scripts.Script$Recompilation$44618$3841A$\^function\_.L:1#issueCommand(<function>:124)
	at jdk.nashorn.internal.scripts.Script$Recompilation$44618$3841A$\^function\_.L:1#issueCommand(<function>:124)
	at jdk.nashorn.internal.scripts.Script$Recompilation$44618$3841A$\^function\_.L:1#issueCommand(<function>:124)
	at jdk.nashorn.internal.scripts.Script$Recompilation$44618$3841A$\^function\_.L:1#issueCommand(<function>:124)
	at jdk.nashorn.internal.scripts.Script$Recompilation$44618$3841A$\^function\_.L:1#issueCommand(<function>:124)
	at jdk.nashorn.internal.scripts.Script$Recompilation$44618$3841A$\^function\_.L:1#issueCommand(<function>:124)
	at jdk.nashorn.internal.scripts.Script$Recompilation$44618$3841A$\^function\_.L:1#issueCommand(<function>:124)
	at jdk.nashorn.internal.scripts.Script$Recompilation$44618$3841A$\^function\_.L:1#issueCommand(<function>:124)
	at jdk.nashorn.internal.scripts.Script$Recompilation$44618$3841A$\^function\_.L:1#issueCommand(<function>:124)
	at jdk.nashorn.internal.scripts.Script$Recompilation$44618$3841A$\^function\_.L:1#issueCommand(<function>:124)
	at jdk.nashorn.internal.scripts.Script$Recompilation$44618$3841A$\^function\_.L:1#issueCommand(<function>:124)
	at jdk.nashorn.internal.scripts.Script$Recompilation$44618$3841A$\^function\_.L:1#issueCommand(<function>:124)
	at jdk.nashorn.internal.scripts.Script$Recompilation$44618$3841A$\^function\_.L:1#issueCommand(<function>:124)
	at jdk.nashorn.internal.scripts.Script$Recompilation$44618$3841A$\^function\_.L:1#issueCommand(<function>:124)
	at jdk.nashorn.internal.scripts.Script$Recompilation$44618$3841A$\^function\_.L:1#issueCommand(<function>:124)
	at jdk.nashorn.internal.scripts.Script$Recompilation$44618$3841A$\^function\_.L:1#issueCommand(<function>:124)
	at jdk.nashorn.internal.scripts.Script$Recompilation$44618$3841A$\^function\_.L:1#issueCommand(<function>:124)
	at jdk.nashorn.internal.scripts.Script$Recompilation$44618$3841A$\^function\_.L:1#issueCommand(<function>:124)
	at jdk.nashorn.internal.scripts.Script$Recompilation$44618$3841A$\^function\_.L:1#issueCommand(<function>:124)
	at jdk.nashorn.internal.scripts.Script$Recompilation$44618$3841A$\^function\_.L:1#issueCommand(<function>:124)
	at jdk.nashorn.internal.scripts.Script$Recompilation$44618$3841A$\^function\_.L:1#issueCommand(<function>:124)
	at jdk.nashorn.internal.scripts.Script$Recompilation$44618$3841A$\^function\_.L:1#issueCommand(<function>:124)
	at jdk.nashorn.internal.scripts.Script$Recompilation$44618$3841A$\^function\_.L:1#issueCommand(<function>:124)
	at jdk.nashorn.internal.scripts.Script$Recompilation$44618$3841A$\^function\_.L:1#issueCommand(<function>:124)
	at jdk.nashorn.internal.scripts.Script$Recompilation$44618$3841A$\^function\_.L:1#issueCommand(<function>:124)
	at jdk.nashorn.internal.scripts.Script$Recompilation$44618$3841A$\^function\_.L:1#issueCommand(<function>:124)
	at jdk.nashorn.internal.scripts.Script$Recompilation$44618$3841A$\^function\_.L:1#issueCommand(<function>:124)
	at jdk.nashorn.internal.scripts.Script$Recompilation$44618$3841A$\^function\_.L:1#issueCommand(<function>:124)
	at jdk.nashorn.internal.scripts.Script$Recompilation$44618$3841A$\^function\_.L:1#issueCommand(<function>:124)
	at jdk.nashorn.internal.scripts.Script$Recompilation$44618$3841A$\^function\_.L:1#issueCommand(<function>:124)
	at jdk.nashorn.internal.scripts.Script$Recompilation$44618$3841A$\^function\_.L:1#issueCommand(<function>:124)
	at jdk.nashorn.internal.scripts.Script$Recompilation$44618$3841A$\^function\_.L:1#issueCommand(<function>:124)
	at jdk.nashorn.internal.scripts.Script$Recompilation$44618$3841A$\^function\_.L:1#issueCommand(<function>:124)
	at jdk.nashorn.internal.scripts.Script$Recompilation$44618$3841A$\^function\_.L:1#issueCommand(<function>:124)
	at jdk.nashorn.internal.scripts.Script$Recompilation$44618$3841A$\^function\_.L:1#issueCommand(<function>:124)
	at jdk.nashorn.internal.scripts.Script$Recompilation$44618$3841A$\^function\_.L:1#issueCommand(<function>:124)
	at jdk.nashorn.internal.scripts.Script$Recompilation$44618$3841A$\^function\_.L:1#issueCommand(<function>:124)
	at jdk.nashorn.internal.scripts.Script$Recompilation$44618$3841A$\^function\_.L:1#issueCommand(<function>:124)
	at jdk.nashorn.internal.scripts.Script$Recompilation$44618$3841A$\^function\_.L:1#issueCommand(<function>:124)
	at jdk.nashorn.internal.scripts.Script$Recompilation$44618$3841A$\^function\_.L:1#issueCommand(<function>:124)
	at jdk.nashorn.internal.scripts.Script$Recompilation$44618$3841A$\^function\_.L:1#issueCommand(<function>:124)
	at jdk.nashorn.internal.scripts.Script$Recompilation$44618$3841A$\^function\_.L:1#issueCommand(<function>:124)
	at jdk.nashorn.internal.scripts.Script$Recompilation$44618$3841A$\^function\_.L:1#issueCommand(<function>:124)
	at jdk.nashorn.internal.scripts.Script$Recompilation$44618$3841A$\^function\_.L:1#issueCommand(<function>:124)
	at jdk.nashorn.internal.scripts.Script$Recompilation$44618$3841A$\^function\_.L:1#issueCommand(<function>:124)
	at jdk.nashorn.internal.scripts.Script$Recompilation$44618$3841A$\^function\_.L:1#issueCommand(<function>:124)
	at jdk.nashorn.internal.scripts.Script$Recompilation$44618$3841A$\^function\_.L:1#issueCommand(<function>:124)
	at jdk.nashorn.internal.scripts.Script$Recompilation$44618$3841A$\^function\_.L:1#issueCommand(<function>:124)
	at jdk.nashorn.internal.scripts.Script$Recompilation$44618$3841A$\^function\_.L:1#issueCommand(<function>:124)
	at jdk.nashorn.internal.scripts.Script$Recompilation$44618$3841A$\^function\_.L:1#issueCommand(<function>:124)
	at jdk.nashorn.internal.scripts.Script$Recompilation$44618$3841A$\^function\_.L:1#issueCommand(<function>:124)
	at jdk.nashorn.internal.scripts.Script$Recompilation$44618$3841A$\^function\_.L:1#issueCommand(<function>:124)
	at jdk.nashorn.internal.scripts.Script$Recompilation$44618$3841A$\^function\_.L:1#issueCommand(<function>:124)
	at jdk.nashorn.internal.scripts.Script$Recompilation$44618$3841A$\^function\_.L:1#issueCommand(<function>:124)
	at jdk.nashorn.internal.scripts.Script$Recompilation$44618$3841A$\^function\_.L:1#issueCommand(<function>:124)
	at jdk.nashorn.internal.scripts.Script$Recompilation$44618$3841A$\^function\_.L:1#issueCommand(<function>:124)
	at jdk.nashorn.internal.scripts.Script$Recompilation$44618$3841A$\^function\_.L:1#issueCommand(<function>:124)
	at jdk.nashorn.internal.scripts.Script$Recompilation$44618$3841A$\^function\_.L:1#issueCommand(<function>:124)
	at jdk.nashorn.internal.scripts.Script$Recompilation$44618$3841A$\^function\_.L:1#issueCommand(<function>:124)
	at jdk.nashorn.internal.scripts.Script$Recompilation$44618$3841A$\^function\_.L:1#issueCommand(<function>:124)
	at jdk.nashorn.internal.scripts.Script$Recompilation$44618$3841A$\^function\_.L:1#issueCommand(<function>:124)
	at jdk.nashorn.internal.scripts.Script$Recompilation$44618$3841A$\^function\_.L:1#issueCommand(<function>:124)
	at jdk.nashorn.internal.scripts.Script$Recompilation$44618$3841A$\^function\_.L:1#issueCommand(<function>:124)
	at jdk.nashorn.internal.scripts.Script$Recompilation$44618$3841A$\^function\_.L:1#issueCommand(<function>:124)
	at jdk.nashorn.internal.scripts.Script$Recompilation$44618$3841A$\^function\_.L:1#issueCommand(<function>:124)
	at jdk.nashorn.internal.scripts.Script$Recompilation$44618$3841A$\^function\_.L:1#issueCommand(<function>:124)
	at jdk.nashorn.internal.scripts.Script$Recompilation$44618$3841A$\^function\_.L:1#issueCommand(<function>:124)
	at jdk.nashorn.internal.scripts.Script$Recompilation$44618$3841A$\^function\_.L:1#issueCommand(<function>:124)
	at jdk.nashorn.internal.scripts.Script$Recompilation$44618$3841A$\^function\_.L:1#issueCommand(<function>:124)
	at jdk.nashorn.internal.scripts.Script$Recompilation$44618$3841A$\^function\_.L:1#issueCommand(<function>:124)
	at jdk.nashorn.internal.scripts.Script$Recompilation$44618$3841A$\^function\_.L:1#issueCommand(<function>:124)
	at jdk.nashorn.internal.scripts.Script$Recompilation$44618$3841A$\^function\_.L:1#issueCommand(<function>:124)
	at jdk.nashorn.internal.scripts.Script$Recompilation$44618$3841A$\^function\_.L:1#issueCommand(<function>:124)
	at jdk.nashorn.internal.scripts.Script$Recompilation$44618$3841A$\^function\_.L:1#issueCommand(<function>:124)
	at jdk.nashorn.internal.scripts.Script$Recompilation$44618$3841A$\^function\_.L:1#issueCommand(<function>:124)
	at jdk.nashorn.internal.scripts.Script$Recompilation$44618$3841A$\^function\_.L:1#issueCommand(<function>:124)
	at jdk.nashorn.internal.scripts.Script$Recompilation$44618$3841A$\^function\_.L:1#issueCommand(<function>:124)
	at jdk.nashorn.internal.scripts.Script$Recompilation$44618$3841A$\^function\_.L:1#issueCommand(<function>:124)
	at jdk.nashorn.internal.scripts.Script$Recompilation$44618$3841A$\^function\_.L:1#issueCommand(<function>:124)
	at jdk.nashorn.internal.scripts.Script$Recompilation$44618$3841A$\^function\_.L:1#issueCommand(<function>:124)
	at jdk.nashorn.internal.scripts.Script$Recompilation$44618$3841A$\^function\_.L:1#issueCommand(<function>:124)
	at jdk.nashorn.internal.scripts.Script$Recompilation$44618$3841A$\^function\_.L:1#issueCommand(<function>:124)
	at jdk.nashorn.internal.scripts.Script$Recompilation$44618$3841A$\^function\_.L:1#issueCommand(<function>:124)
	at jdk.nashorn.internal.scripts.Script$Recompilation$44618$3841A$\^function\_.L:1#issueCommand(<function>:124)
	at jdk.nashorn.internal.scripts.Script$Recompilation$44618$3841A$\^function\_.L:1#issueCommand(<function>:124)
	at jdk.nashorn.internal.scripts.Script$Recompilation$44618$3841A$\^function\_.L:1#issueCommand(<function>:124)
	at jdk.nashorn.internal.scripts.Script$Recompilation$44618$3841A$\^function\_.L:1#issueCommand(<function>:124)
	at jdk.nashorn.internal.scripts.Script$Recompilation$44618$3841A$\^function\_.L:1#issueCommand(<function>:124)
	at jdk.nashorn.internal.scripts.Script$Recompilation$44618$3841A$\^function\_.L:1#issueCommand(<function>:124)
	at jdk.nashorn.internal.scripts.Script$Recompilation$44618$3841A$\^function\_.L:1#issueCommand(<function>:124)
	at jdk.nashorn.internal.scripts.Script$Recompilation$44618$3841A$\^function\_.L:1#issueCommand(<function>:124)
	at jdk.nashorn.internal.scripts.Script$Recompilation$44618$3841A$\^function\_.L:1#issueCommand(<function>:124)
	at jdk.nashorn.internal.scripts.Script$Recompilation$44618$3841A$\^function\_.L:1#issueCommand(<function>:124)
	at jdk.nashorn.internal.scripts.Script$Recompilation$44618$3841A$\^function\_.L:1#issueCommand(<function>:124)
	at jdk.nashorn.internal.scripts.Script$Recompilation$44618$3841A$\^function\_.L:1#issueCommand(<function>:124)
	at jdk.nashorn.internal.scripts.Script$Recompilation$44618$3841A$\^function\_.L:1#issueCommand(<function>:124)
	at jdk.nashorn.internal.scripts.Script$Recompilation$44618$3841A$\^function\_.L:1#issueCommand(<function>:124)
	at jdk.nashorn.internal.scripts.Script$Recompilation$44618$3841A$\^function\_.L:1#issueCommand(<function>:124)
	at jdk.nashorn.internal.scripts.Script$Recompilation$44618$3841A$\^function\_.L:1#issueCommand(<function>:124)
	at jdk.nashorn.internal.scripts.Script$Recompilation$44618$3841A$\^function\_.L:1#issueCommand(<function>:124)
	at jdk.nashorn.internal.scripts.Script$Recompilation$44618$3841A$\^function\_.L:1#issueCommand(<function>:124)
	at jdk.nashorn.internal.scripts.Script$Recompilation$44618$3841A$\^function\_.L:1#issueCommand(<function>:124)
	at jdk.nashorn.internal.scripts.Script$Recompilation$44618$3841A$\^function\_.L:1#issueCommand(<function>:124)
	at jdk.nashorn.internal.scripts.Script$Recompilation$44618$3841A$\^function\_.L:1#issueCommand(<function>:124)
	at jdk.nashorn.internal.scripts.Script$Recompilation$44618$3841A$\^function\_.L:1#issueCommand(<function>:124)
	at jdk.nashorn.internal.scripts.Script$Recompilation$44618$3841A$\^function\_.L:1#issueCommand(<function>:124)
	at jdk.nashorn.internal.scripts.Script$Recompilation$44618$3841A$\^function\_.L:1#issueCommand(<function>:124)
	at jdk.nashorn.internal.scripts.Script$Recompilation$44618$3841A$\^function\_.L:1#issueCommand(<function>:124)
	at jdk.nashorn.internal.scripts.Script$Recompilation$44618$3841A$\^function\_.L:1#issueCommand(<function>:124)
	at jdk.nashorn.internal.scripts.Script$Recompilation$44618$3841A$\^function\_.L:1#issueCommand(<function>:124)
	at jdk.nashorn.internal.scripts.Script$Recompilation$44618$3841A$\^function\_.L:1#issueCommand(<function>:124)
	at jdk.nashorn.internal.scripts.Script$Recompilation$44618$3841A$\^function\_.L:1#issueCommand(<function>:124)
	at jdk.nashorn.internal.scripts.Script$Recompilation$44618$3841A$\^function\_.L:1#issueCommand(<function>:124)
	at jdk.nashorn.internal.scripts.Script$Recompilation$44618$3841A$\^function\_.L:1#issueCommand(<function>:124)
	at jdk.nashorn.internal.scripts.Script$Recompilation$44618$3841A$\^function\_.L:1#issueCommand(<function>:124)
	at jdk.nashorn.internal.scripts.Script$Recompilation$44618$3841A$\^function\_.L:1#issueCommand(<function>:124)
	at jdk.nashorn.internal.scripts.Script$Recompilation$44618$3841A$\^function\_.L:1#issueCommand(<function>:124)
	at jdk.nashorn.internal.scripts.Script$Recompilation$44618$3841A$\^function\_.L:1#issueCommand(<function>:124)
	at jdk.nashorn.internal.scripts.Script$Recompilation$44618$3841A$\^function\_.L:1#issueCommand(<function>:124)
	at jdk.nashorn.internal.scripts.Script$Recompilation$44618$3841A$\^function\_.L:1#issueCommand(<function>:124)
	at jdk.nashorn.internal.scripts.Script$Recompilation$44618$3841A$\^function\_.L:1#issueCommand(<function>:124)
	at jdk.nashorn.internal.scripts.Script$Recompilation$44618$3841A$\^function\_.L:1#issueCommand(<function>:124)
	at jdk.nashorn.internal.scripts.Script$Recompilation$44618$3841A$\^function\_.L:1#issueCommand(<function>:124)
	at jdk.nashorn.internal.scripts.Script$Recompilation$44618$3841A$\^function\_.L:1#issueCommand(<function>:124)
	at jdk.nashorn.internal.scripts.Script$Recompilation$44618$3841A$\^function\_.L:1#issueCommand(<function>:124)
	at jdk.nashorn.internal.scripts.Script$Recompilation$44618$3841A$\^function\_.L:1#issueCommand(<function>:124)
	at jdk.nashorn.internal.scripts.Script$Recompilation$44618$3841A$\^function\_.L:1#issueCommand(<function>:124)
	at jdk.nashorn.internal.scripts.Script$Recompilation$44618$3841A$\^function\_.L:1#issueCommand(<function>:124)
	at jdk.nashorn.internal.scripts.Script$Recompilation$44618$3841A$\^function\_.L:1#issueCommand(<function>:124)
	at jdk.nashorn.internal.scripts.Script$Recompilation$44618$3841A$\^function\_.L:1#issueCommand(<function>:124)
	at jdk.nashorn.internal.scripts.Script$Recompilation$44618$3841A$\^function\_.L:1#issueCommand(<function>:124)
	at jdk.nashorn.internal.scripts.Script$Recompilation$44618$3841A$\^function\_.L:1#issueCommand(<function>:124)
	at jdk.nashorn.internal.scripts.Script$Recompilation$44618$3841A$\^function\_.L:1#issueCommand(<function>:124)
	at jdk.nashorn.internal.scripts.Script$Recompilation$44618$3841A$\^function\_.L:1#issueCommand(<function>:124)
	at jdk.nashorn.internal.scripts.Script$Recompilation$44618$3841A$\^function\_.L:1#issueCommand(<function>:124)
	at jdk.nashorn.internal.scripts.Script$Recompilation$44618$3841A$\^function\_.L:1#issueCommand(<function>:124)
	at jdk.nashorn.internal.scripts.Script$Recompilation$44618$3841A$\^function\_.L:1#issueCommand(<function>:124)
	at jdk.nashorn.internal.scripts.Script$Recompilation$44618$3841A$\^function\_.L:1#issueCommand(<function>:124)
	at jdk.nashorn.internal.scripts.Script$Recompilation$44618$3841A$\^function\_.L:1#issueCommand(<function>:124)
	at jdk.nashorn.internal.scripts.Script$Recompilation$44618$3841A$\^function\_.L:1#issueCommand(<function>:124)
	at jdk.nashorn.internal.scripts.Script$Recompilation$44618$3841A$\^function\_.L:1#issueCommand(<function>:124)
	at jdk.nashorn.internal.scripts.Script$Recompilation$44618$3841A$\^function\_.L:1#issueCommand(<function>:124)
	at jdk.nashorn.internal.scripts.Script$Recompilation$44618$3841A$\^function\_.L:1#issueCommand(<function>:124)
	at jdk.nashorn.internal.scripts.Script$Recompilation$44618$3841A$\^function\_.L:1#issueCommand(<function>:124)
	at jdk.nashorn.internal.scripts.Script$Recompilation$44618$3841A$\^function\_.L:1#issueCommand(<function>:124)
	at jdk.nashorn.internal.scripts.Script$Recompilation$44618$3841A$\^function\_.L:1#issueCommand(<function>:124)
	at jdk.nashorn.internal.scripts.Script$Recompilation$44618$3841A$\^function\_.L:1#issueCommand(<function>:124)
	at jdk.nashorn.internal.scripts.Script$Recompilation$44618$3841A$\^function\_.L:1#issueCommand(<function>:124)
	at jdk.nashorn.internal.scripts.Script$Recompilation$44618$3841A$\^function\_.L:1#issueCommand(<function>:124)
	at jdk.nashorn.internal.scripts.Script$Recompilation$44618$3841A$\^function\_.L:1#issueCommand(<function>:124)
	at jdk.nashorn.internal.scripts.Script$Recompilation$44618$3841A$\^function\_.L:1#issueCommand(<function>:124)
	at jdk.nashorn.internal.scripts.Script$Recompilation$44618$3841A$\^function\_.L:1#issueCommand(<function>:124)
	at jdk.nashorn.internal.scripts.Script$Recompilation$44618$3841A$\^function\_.L:1#issueCommand(<function>:124)
	at jdk.nashorn.internal.scripts.Script$Recompilation$44618$3841A$\^function\_.L:1#issueCommand(<function>:124)
	at jdk.nashorn.internal.scripts.Script$Recompilation$44618$3841A$\^function\_.L:1#issueCommand(<function>:124)
	at jdk.nashorn.internal.scripts.Script$Recompilation$44618$3841A$\^function\_.L:1#issueCommand(<function>:124)
	at jdk.nashorn.internal.scripts.Script$Recompilation$44618$3841A$\^function\_.L:1#issueCommand(<function>:124)
	at jdk.nashorn.internal.scripts.Script$Recompilation$44618$3841A$\^function\_.L:1#issueCommand(<function>:124)
	at jdk.nashorn.internal.scripts.Script$Recompilation$44618$3841A$\^function\_.L:1#issueCommand(<function>:124)
	at jdk.nashorn.internal.scripts.Script$Recompilation$44618$3841A$\^function\_.L:1#issueCommand(<function>:124)
	at jdk.nashorn.internal.scripts.Script$Recompilation$44618$3841A$\^function\_.L:1#issueCommand(<function>:124)
	at jdk.nashorn.internal.scripts.Script$Recompilation$44618$3841A$\^function\_.L:1#issueCommand(<function>:124)
	at jdk.nashorn.internal.scripts.Script$Recompilation$44618$3841A$\^function\_.L:1#issueCommand(<function>:124)
	at jdk.nashorn.internal.scripts.Script$Recompilation$44618$3841A$\^function\_.L:1#issueCommand(<function>:124)
	at jdk.nashorn.internal.scripts.Script$Recompilation$44618$3841A$\^function\_.L:1#issueCommand(<function>:124)
	at jdk.nashorn.internal.scripts.Script$Recompilation$44618$3841A$\^function\_.L:1#issueCommand(<function>:124)
	at jdk.nashorn.internal.scripts.Script$Recompilation$44618$3841A$\^function\_.L:1#issueCommand(<function>:124)
	at jdk.nashorn.internal.scripts.Script$Recompilation$44618$3841A$\^function\_.L:1#issueCommand(<function>:124)
	at jdk.nashorn.internal.scripts.Script$Recompilation$44618$3841A$\^function\_.L:1#issueCommand(<function>:124)
	at jdk.nashorn.internal.scripts.Script$Recompilation$44618$3841A$\^function\_.L:1#issueCommand(<function>:124)
	at jdk.nashorn.internal.scripts.Script$Recompilation$44618$3841A$\^function\_.L:1#issueCommand(<function>:124)
	at jdk.nashorn.internal.scripts.Script$Recompilation$44618$3841A$\^function\_.L:1#issueCommand(<function>:124)
	at jdk.nashorn.internal.scripts.Script$Recompilation$44618$3841A$\^function\_.L:1#issueCommand(<function>:124)
	at jdk.nashorn.internal.scripts.Script$Recompilation$44618$3841A$\^function\_.L:1#issueCommand(<function>:124)
	at jdk.nashorn.internal.scripts.Script$Recompilation$44618$3841A$\^function\_.L:1#issueCommand(<function>:124)
	at jdk.nashorn.internal.scripts.Script$Recompilation$44618$3841A$\^function\_.L:1#issueCommand(<function>:124)
	at jdk.nashorn.internal.scripts.Script$Recompilation$44618$3841A$\^function\_.L:1#issueCommand(<function>:124)
	at jdk.nashorn.internal.scripts.Script$Recompilation$44618$3841A$\^function\_.L:1#issueCommand(<function>:124)
	at jdk.nashorn.internal.scripts.Script$Recompilation$44618$3841A$\^function\_.L:1#issueCommand(<function>:124)
	at jdk.nashorn.internal.scripts.Script$Recompilation$44618$3841A$\^function\_.L:1#issueCommand(<function>:124)
	at jdk.nashorn.internal.scripts.Script$Recompilation$44618$3841A$\^function\_.L:1#issueCommand(<function>:124)
	at jdk.nashorn.internal.scripts.Script$Recompilation$44618$3841A$\^function\_.L:1#issueCommand(<function>:124)
	at jdk.nashorn.internal.scripts.Script$Recompilation$44618$3841A$\^function\_.L:1#issueCommand(<function>:124)
	at jdk.nashorn.internal.scripts.Script$Recompilation$44618$3841A$\^function\_.L:1#issueCommand(<function>:124)
	at jdk.nashorn.internal.scripts.Script$Recompilation$44618$3841A$\^function\_.L:1#issueCommand(<function>:124)
	at jdk.nashorn.internal.scripts.Script$Recompilation$44618$3841A$\^function\_.L:1#issueCommand(<function>:124)
	at jdk.nashorn.internal.scripts.Script$Recompilation$44618$3841A$\^function\_.L:1#issueCommand(<function>:124)
	at jdk.nashorn.internal.scripts.Script$Recompilation$44618$3841A$\^function\_.L:1#issueCommand(<function>:124)
	at jdk.nashorn.internal.scripts.Script$Recompilation$44618$3841A$\^function\_.L:1#issueCommand(<function>:124)
	at jdk.nashorn.internal.scripts.Script$Recompilation$44618$3841A$\^function\_.L:1#issueCommand(<function>:124)
	at jdk.nashorn.internal.scripts.Script$Recompilation$44618$3841A$\^function\_.L:1#issueCommand(<function>:124)
	at jdk.nashorn.internal.scripts.Script$Recompilation$44618$3841A$\^function\_.L:1#issueCommand(<function>:124)
	at jdk.nashorn.internal.scripts.Script$Recompilation$44618$3841A$\^function\_.L:1#issueCommand(<function>:124)
	at jdk.nashorn.internal.scripts.Script$Recompilation$44618$3841A$\^function\_.L:1#issueCommand(<function>:124)
	at jdk.nashorn.internal.scripts.Script$Recompilation$44618$3841A$\^function\_.L:1#issueCommand(<function>:124)
	at jdk.nashorn.internal.scripts.Script$Recompilation$44618$3841A$\^function\_.L:1#issueCommand(<function>:124)
	at jdk.nashorn.internal.scripts.Script$Recompilation$44618$3841A$\^function\_.L:1#issueCommand(<function>:124)
	at jdk.nashorn.internal.scripts.Script$Recompilation$44618$3841A$\^function\_.L:1#issueCommand(<function>:124)
	at jdk.nashorn.internal.scripts.Script$Recompilation$44618$3841A$\^function\_.L:1#issueCommand(<function>:124)
	at jdk.nashorn.internal.scripts.Script$Recompilation$44618$3841A$\^function\_.L:1#issueCommand(<function>:124)
	at jdk.nashorn.internal.scripts.Script$Recompilation$44618$3841A$\^function\_.L:1#issueCommand(<function>:124)
	at jdk.nashorn.internal.scripts.Script$Recompilation$44618$3841A$\^function\_.L:1#issueCommand(<function>:124)
	at jdk.nashorn.internal.scripts.Script$Recompilation$44618$3841A$\^function\_.L:1#issueCommand(<function>:124)
	at jdk.nashorn.internal.scripts.Script$Recompilation$44618$3841A$\^function\_.L:1#issueCommand(<function>:124)
	at jdk.nashorn.internal.scripts.Script$Recompilation$44618$3841A$\^function\_.L:1#issueCommand(<function>:124)
	at jdk.nashorn.internal.scripts.Script$Recompilation$44618$3841A$\^function\_.L:1#issueCommand(<function>:124)
	at jdk.nashorn.internal.scripts.Script$Recompilation$44618$3841A$\^function\_.L:1#issueCommand(<function>:124)
	at jdk.nashorn.internal.scripts.Script$Recompilation$44618$3841A$\^function\_.L:1#issueCommand(<function>:124)
	at jdk.nashorn.internal.scripts.Script$Recompilation$44618$3841A$\^function\_.L:1#issueCommand(<function>:124)
	at jdk.nashorn.internal.scripts.Script$Recompilation$44618$3841A$\^function\_.L:1#issueCommand(<function>:124)
	at jdk.nashorn.internal.scripts.Script$Recompilation$44618$3841A$\^function\_.L:1#issueCommand(<function>:124)
	at jdk.nashorn.internal.scripts.Script$Recompilation$44618$3841A$\^function\_.L:1#issueCommand(<function>:124)
	at jdk.nashorn.internal.scripts.Script$Recompilation$44618$3841A$\^function\_.L:1#issueCommand(<function>:124)
	at jdk.nashorn.internal.scripts.Script$Recompilation$44618$3841A$\^function\_.L:1#issueCommand(<function>:124)
	at jdk.nashorn.internal.scripts.Script$Recompilation$44618$3841A$\^function\_.L:1#issueCommand(<function>:124)
	at jdk.nashorn.internal.scripts.Script$Recompilation$44618$3841A$\^function\_.L:1#issueCommand(<function>:124)
	at jdk.nashorn.internal.scripts.Script$Recompilation$44618$3841A$\^function\_.L:1#issueCommand(<function>:124)
	at jdk.nashorn.internal.scripts.Script$Recompilation$44618$3841A$\^function\_.L:1#issueCommand(<function>:124)
	at jdk.nashorn.internal.scripts.Script$Recompilation$44618$3841A$\^function\_.L:1#issueCommand(<function>:124)
	at jdk.nashorn.internal.scripts.Script$Recompilation$44618$3841A$\^function\_.L:1#issueCommand(<function>:124)
	at jdk.nashorn.internal.scripts.Script$Recompilation$44618$3841A$\^function\_.L:1#issueCommand(<function>:124)
	at jdk.nashorn.internal.scripts.Script$Recompilation$44618$3841A$\^function\_.L:1#issueCommand(<function>:124)
	at jdk.nashorn.internal.scripts.Script$Recompilation$44618$3841A$\^function\_.L:1#issueCommand(<function>:124)
	at jdk.nashorn.internal.scripts.Script$Recompilation$44618$3841A$\^function\_.L:1#issueCommand(<function>:124)
	at jdk.nashorn.internal.scripts.Script$Recompilation$44618$3841A$\^function\_.L:1#issueCommand(<function>:124)
	at jdk.nashorn.internal.scripts.Script$Recompilation$44618$3841A$\^function\_.L:1#issueCommand(<function>:124)
	at jdk.nashorn.internal.scripts.Script$Recompilation$44618$3841A$\^function\_.L:1#issueCommand(<function>:124)
	at jdk.nashorn.internal.scripts.Script$Recompilation$44618$3841A$\^function\_.L:1#issueCommand(<function>:124)
	at jdk.nashorn.internal.scripts.Script$Recompilation$44618$3841A$\^function\_.L:1#issueCommand(<function>:124)
	at jdk.nashorn.internal.scripts.Script$Recompilation$44618$3841A$\^function\_.L:1#issueCommand(<function>:124)
	at jdk.nashorn.internal.scripts.Script$Recompilation$44618$3841A$\^function\_.L:1#issueCommand(<function>:124)
	at jdk.nashorn.internal.scripts.Script$Recompilation$44618$3841A$\^function\_.L:1#issueCommand(<function>:124)
	at jdk.nashorn.internal.scripts.Script$Recompilation$44618$3841A$\^function\_.L:1#issueCommand(<function>:124)
	at jdk.nashorn.internal.scripts.Script$Recompilation$44618$3841A$\^function\_.L:1#issueCommand(<function>:124)
	at jdk.nashorn.internal.scripts.Script$Recompilation$44618$3841A$\^function\_.L:1#issueCommand(<function>:124)
	at jdk.nashorn.internal.scripts.Script$Recompilation$44618$3841A$\^function\_.L:1#issueCommand(<function>:124)
	at jdk.nashorn.internal.scripts.Script$Recompilation$44618$3841A$\^function\_.L:1#issueCommand(<function>:124)
	at jdk.nashorn.internal.scripts.Script$Recompilation$44618$3841A$\^function\_.L:1#issueCommand(<function>:124)
	at jdk.nashorn.internal.scripts.Script$Recompilation$44618$3841A$\^function\_.L:1#issueCommand(<function>:124)
	at jdk.nashorn.internal.scripts.Script$Recompilation$44618$3841A$\^function\_.L:1#issueCommand(<function>:124)
	at jdk.nashorn.internal.scripts.Script$Recompilation$44618$3841A$\^function\_.L:1#issueCommand(<function>:124)
	at jdk.nashorn.internal.scripts.Script$Recompilation$44618$3841A$\^function\_.L:1#issueCommand(<function>:124)
	at jdk.nashorn.internal.scripts.Script$Recompilation$44618$3841A$\^function\_.L:1#issueCommand(<function>:124)
	at jdk.nashorn.internal.scripts.Script$Recompilation$44618$3841A$\^function\_.L:1#issueCommand(<function>:124)
	at jdk.nashorn.internal.scripts.Script$Recompilation$44618$3841A$\^function\_.L:1#issueCommand(<function>:124)
	at jdk.nashorn.internal.scripts.Script$Recompilation$44618$3841A$\^function\_.L:1#issueCommand(<function>:124)
	at jdk.nashorn.internal.scripts.Script$Recompilation$44618$3841A$\^function\_.L:1#issueCommand(<function>:124)
	at jdk.nashorn.internal.scripts.Script$Recompilation$44618$3841A$\^function\_.L:1#issueCommand(<function>:124)
	at jdk.nashorn.internal.scripts.Script$Recompilation$44618$3841A$\^function\_.L:1#issueCommand(<function>:124)
	at jdk.nashorn.internal.scripts.Script$Recompilation$44618$3841A$\^function\_.L:1#issueCommand(<function>:124)
	at jdk.nashorn.internal.scripts.Script$Recompilation$44618$3841A$\^function\_.L:1#issueCommand(<function>:124)
	at jdk.nashorn.internal.scripts.Script$Recompilation$44618$3841A$\^function\_.L:1#issueCommand(<function>:124)
	at jdk.nashorn.internal.scripts.Script$Recompilation$44618$3841A$\^function\_.L:1#issueCommand(<function>:124)
	at jdk.nashorn.internal.scripts.Script$Recompilation$44618$3841A$\^function\_.L:1#issueCommand(<function>:124)
	at jdk.nashorn.internal.scripts.Script$Recompilation$44618$3841A$\^function\_.L:1#issueCommand(<function>:124)
	at jdk.nashorn.internal.scripts.Script$Recompilation$44618$3841A$\^function\_.L:1#issueCommand(<function>:124)
	at jdk.nashorn.internal.scripts.Script$Recompilation$44618$3841A$\^function\_.L:1#issueCommand(<function>:124)
	at jdk.nashorn.internal.scripts.Script$Recompilation$44618$3841A$\^function\_.L:1#issueCommand(<function>:124)
	at jdk.nashorn.internal.scripts.Script$Recompilation$44618$3841A$\^function\_.L:1#issueCommand(<function>:124)
	at jdk.nashorn.internal.scripts.Script$Recompilation$44618$3841A$\^function\_.L:1#issueCommand(<function>:124)
	at jdk.nashorn.internal.scripts.Script$Recompilation$44618$3841A$\^function\_.L:1#issueCommand(<function>:124)
	at jdk.nashorn.internal.scripts.Script$Recompilation$44618$3841A$\^function\_.L:1#issueCommand(<function>:124)
	at jdk.nashorn.internal.scripts.Script$Recompilation$44618$3841A$\^function\_.L:1#issueCommand(<function>:124)
	at jdk.nashorn.internal.scripts.Script$Recompilation$44618$3841A$\^function\_.L:1#issueCommand(<function>:124)
	at jdk.nashorn.internal.scripts.Script$Recompilation$44618$3841A$\^function\_.L:1#issueCommand(<function>:124)
	at jdk.nashorn.internal.scripts.Script$Recompilation$44618$3841A$\^function\_.L:1#issueCommand(<function>:124)
	at jdk.nashorn.internal.scripts.Script$Recompilation$44618$3841A$\^function\_.L:1#issueCommand(<function>:124)
	at jdk.nashorn.internal.scripts.Script$Recompilation$44618$3841A$\^function\_.L:1#issueCommand(<function>:124)
	at jdk.nashorn.internal.scripts.Script$Recompilation$44618$3841A$\^function\_.L:1#issueCommand(<function>:124)
	at jdk.nashorn.internal.scripts.Script$Recompilation$44618$3841A$\^function\_.L:1#issueCommand(<function>:124)
	at jdk.nashorn.internal.scripts.Script$Recompilation$44618$3841A$\^function\_.L:1#issueCommand(<function>:124)
	at jdk.nashorn.internal.scripts.Script$Recompilation$44618$3841A$\^function\_.L:1#issueCommand(<function>:124)
	at jdk.nashorn.internal.scripts.Script$Recompilation$44618$3841A$\^function\_.L:1#issueCommand(<function>:124)
	at jdk.nashorn.internal.scripts.Script$Recompilation$44618$3841A$\^function\_.L:1#issueCommand(<function>:124)
	at jdk.nashorn.internal.scripts.Script$Recompilation$44618$3841A$\^function\_.L:1#issueCommand(<function>:124)
	at jdk.nashorn.internal.scripts.Script$Recompilation$44618$3841A$\^function\_.L:1#issueCommand(<function>:124)
	at jdk.nashorn.internal.scripts.Script$Recompilation$44618$3841A$\^function\_.L:1#issueCommand(<function>:124)
	at jdk.nashorn.internal.scripts.Script$Recompilation$44618$3841A$\^function\_.L:1#issueCommand(<function>:124)
	at jdk.nashorn.internal.scripts.Script$Recompilation$44618$3841A$\^function\_.L:1#issueCommand(<function>:124)
	at jdk.nashorn.internal.scripts.Script$Recompilation$44618$3841A$\^function\_.L:1#issueCommand(<function>:124)
	at jdk.nashorn.internal.scripts.Script$Recompilation$44618$3841A$\^function\_.L:1#issueCommand(<function>:124)
	at jdk.nashorn.internal.scripts.Script$Recompilation$44618$3841A$\^function\_.L:1#issueCommand(<function>:124)
	at jdk.nashorn.internal.scripts.Script$Recompilation$44618$3841A$\^function\_.L:1#issueCommand(<function>:124)
	at jdk.nashorn.internal.scripts.Script$Recompilation$44618$3841A$\^function\_.L:1#issueCommand(<function>:124)
	at jdk.nashorn.internal.scripts.Script$Recompilation$44618$3841A$\^function\_.L:1#issueCommand(<function>:124)
	at jdk.nashorn.internal.scripts.Script$Recompilation$44618$3841A$\^function\_.L:1#issueCommand(<function>:124)
	at jdk.nashorn.internal.scripts.Script$Recompilation$44618$3841A$\^function\_.L:1#issueCommand(<function>:124)
	at jdk.nashorn.internal.scripts.Script$Recompilation$44618$3841A$\^function\_.L:1#issueCommand(<function>:124)
	at jdk.nashorn.internal.scripts.Script$Recompilation$44618$3841A$\^function\_.L:1#issueCommand(<function>:124)
	at jdk.nashorn.internal.scripts.Script$Recompilation$44618$3841A$\^function\_.L:1#issueCommand(<function>:124)

	at jdk.nashorn.internal.objects.NativeError.initException(NativeError.java:137)
	at jdk.nashorn.internal.objects.NativeError.<init>(NativeError.java:102)
	at jdk.nashorn.internal.objects.NativeError.<init>(NativeError.java:106)
	at jdk.nashorn.internal.objects.NativeError.<init>(NativeError.java:110)
	at jdk.nashorn.internal.objects.NativeError.constructor(NativeError.java:129)
	at jdk.nashorn.internal.scripts.Script$Recompilation$44870$76478A$require.L:1#react#invokeSpecificHandler(/home/travis/build/icyphy/ptII/ptolemy/actor/lib/jjs/external/require.js#409:30<eval>:1741)
	at jdk.nashorn.internal.scripts.Script$Recompilation$44869$75887A$require.L:1#react(/home/travis/build/icyphy/ptII/ptolemy/actor/lib/jjs/external/require.js#409:30<eval>:1769)
	at jdk.nashorn.internal.runtime.ScriptFunctionData.invoke(ScriptFunctionData.java:639)
	at jdk.nashorn.internal.runtime.ScriptFunction.invoke(ScriptFunction.java:494)
	at jdk.nashorn.internal.runtime.ScriptRuntime.apply(ScriptRuntime.java:393)
	at jdk.nashorn.api.scripting.ScriptObjectMirror.callMember(ScriptObjectMirror.java:199)
	at jdk.nashorn.api.scripting.NashornScriptEngine.invokeImpl(NashornScriptEngine.java:386)
	... 23 more
java.lang.reflect.InvocationTargetException
	at java.awt.EventQueue.invokeAndWait(EventQueue.java:1321)
	at java.awt.EventQueue.invokeAndWait(EventQueue.java:1296)
	at javax.swing.SwingUtilities.invokeAndWait(SwingUtilities.java:1348)
	at ptolemy.vergil.basic.export.ExportModel.exportModel(ExportModel.java:401)
	at ptolemy.vergil.basic.export.test.junit.ExportModelJUnitTest.RunExportModel(ExportModelJUnitTest.java:153)
	at ptolemy.vergil.basic.export.test.junit.ExportModelJUnitTestBatch.RunExportModel(ExportModelJUnitTestBatch.java:84)
	at sun.reflect.GeneratedMethodAccessor21.invoke(Unknown Source)
	at sun.reflect.DelegatingMethodAccessorImpl.invoke(DelegatingMethodAccessorImpl.java:43)
	at java.lang.reflect.Method.invoke(Method.java:498)
	at org.junit.runners.model.FrameworkMethod$1.runReflectiveCall(FrameworkMethod.java:44)
	at org.junit.internal.runners.model.ReflectiveCallable.run(ReflectiveCallable.java:15)
	at org.junit.runners.model.FrameworkMethod.invokeExplosively(FrameworkMethod.java:41)
	at junitparams.internal.InvokeParameterisedMethod.evaluate(InvokeParameterisedMethod.java:102)
	at junitparams.internal.ParameterisedTestMethodRunner.runMethodInvoker(ParameterisedTestMethodRunner.java:47)
	at junitparams.internal.ParameterisedTestMethodRunner.runTestMethod(ParameterisedTestMethodRunner.java:41)
	at junitparams.internal.ParameterisedTestClassRunner.runParameterisedTest(ParameterisedTestClassRunner.java:143)
	at junitparams.JUnitParamsRunner.runChild(JUnitParamsRunner.java:237)
	at junitparams.JUnitParamsRunner.runChild(JUnitParamsRunner.java:215)
	at org.junit.runners.ParentRunner$3.run(ParentRunner.java:193)
	at org.junit.runners.ParentRunner$1.schedule(ParentRunner.java:52)
	at org.junit.runners.ParentRunner.runChildren(ParentRunner.java:191)
	at org.junit.runners.ParentRunner.access$000(ParentRunner.java:42)
	at org.junit.runners.ParentRunner$2.evaluate(ParentRunner.java:184)
	at org.junit.runners.ParentRunner.run(ParentRunner.java:236)
	at junit.framework.JUnit4TestAdapter.run(JUnit4TestAdapter.java:39)
	at org.apache.tools.ant.taskdefs.optional.junit.JUnitTestRunner.run(JUnitTestRunner.java:535)
	at org.apache.tools.ant.taskdefs.optional.junit.JUnitTestRunner.launch(JUnitTestRunner.java:1182)
	at org.apache.tools.ant.taskdefs.optional.junit.JUnitTestRunner.main(JUnitTestRunner.java:1033)
Caused by: java.lang.RuntimeException: ptolemy.kernel.util.IllegalActionException: Failure executing the react function: Error: commonHost.js, react(), invoking a specific handler for "trigger": Exception occurred in input handler for accessor SemanticYelpSearch, which has now has been removed.  Exception was: java.lang.StackOverflowError Stacktrace was: 
java.lang.StackOverflowError
	at jdk.nashorn.internal.runtime.AccessorProperty.getObjectValue(AccessorProperty.java:417)
	at jdk.nashorn.internal.runtime.FindProperty.getObjectValue(FindProperty.java:229)
	at jdk.nashorn.internal.runtime.ScriptObject.get(ScriptObject.java:2860)
	at jdk.nashorn.internal.runtime.ScriptObject.get(ScriptObject.java:2877)
	at jdk.nashorn.internal.scripts.Script$Recompilation$44872$56054A$require.L:1#get(/home/travis/build/icyphy/ptII/ptolemy/actor/lib/jjs/external/require.js#409:30<eval>:1245)
	at jdk.nashorn.internal.scripts.Script$Recompilation$44618$3841A$\^function\_.L:1#issueCommand(<function>:116)
	at jdk.nashorn.internal.scripts.Script$Recompilation$44618$3841A$\^function\_.L:1#issueCommand(<function>:124)
	at jdk.nashorn.internal.scripts.Script$Recompilation$44618$3841A$\^function\_.L:1#issueCommand(<function>:124)
	at jdk.nashorn.internal.scripts.Script$Recompilation$44618$3841A$\^function\_.L:1#issueCommand(<function>:124)
	at jdk.nashorn.internal.scripts.Script$Recompilation$44618$3841A$\^function\_.L:1#issueCommand(<function>:124)
	at jdk.nashorn.internal.scripts.Script$Recompilation$44618$3841A$\^function\_.L:1#issueCommand(<function>:124)
	at jdk.nashorn.internal.scripts.Script$Recompilation$44618$3841A$\^function\_.L:1#issueCommand(<function>:124)
	at jdk.nashorn.internal.scripts.Script$Recompilation$44618$3841A$\^function\_.L:1#issueCommand(<function>:124)
	at jdk.nashorn.internal.scripts.Script$Recompilation$44618$3841A$\^function\_.L:1#issueCommand(<function>:124)
	at jdk.nashorn.internal.scripts.Script$Recompilation$44618$3841A$\^function\_.L:1#issueCommand(<function>:124)
	at jdk.nashorn.internal.scripts.Script$Recompilation$44618$3841A$\^function\_.L:1#issueCommand(<function>:124)
	at jdk.nashorn.internal.scripts.Script$Recompilation$44618$3841A$\^function\_.L:1#issueCommand(<function>:124)
	at jdk.nashorn.internal.scripts.Script$Recompilation$44618$3841A$\^function\_.L:1#issueCommand(<function>:124)
	at jdk.nashorn.internal.scripts.Script$Recompilation$44618$3841A$\^function\_.L:1#issueCommand(<function>:124)
	at jdk.nashorn.internal.scripts.Script$Recompilation$44618$3841A$\^function\_.L:1#issueCommand(<function>:124)
	at jdk.nashorn.internal.scripts.Script$Recompilation$44618$3841A$\^function\_.L:1#issueCommand(<function>:124)
	at jdk.nashorn.internal.scripts.Script$Recompilation$44618$3841A$\^function\_.L:1#issueCommand(<function>:124)
	at jdk.nashorn.internal.scripts.Script$Recompilation$44618$3841A$\^function\_.L:1#issueCommand(<function>:124)
	at jdk.nashorn.internal.scripts.Script$Recompilation$44618$3841A$\^function\_.L:1#issueCommand(<function>:124)
	at jdk.nashorn.internal.scripts.Script$Recompilation$44618$3841A$\^function\_.L:1#issueCommand(<function>:124)
	at jdk.nashorn.internal.scripts.Script$Recompilation$44618$3841A$\^function\_.L:1#issueCommand(<function>:124)
	at jdk.nashorn.internal.scripts.Script$Recompilation$44618$3841A$\^function\_.L:1#issueCommand(<function>:124)
	at jdk.nashorn.internal.scripts.Script$Recompilation$44618$3841A$\^function\_.L:1#issueCommand(<function>:124)
	at jdk.nashorn.internal.scripts.Script$Recompilation$44618$3841A$\^function\_.L:1#issueCommand(<function>:124)
	at jdk.nashorn.internal.scripts.Script$Recompilation$44618$3841A$\^function\_.L:1#issueCommand(<function>:124)
	at jdk.nashorn.internal.scripts.Script$Recompilation$44618$3841A$\^function\_.L:1#issueCommand(<function>:124)
	at jdk.nashorn.internal.scripts.Script$Recompilation$44618$3841A$\^function\_.L:1#issueCommand(<function>:124)
	at jdk.nashorn.internal.scripts.Script$Recompilation$44618$3841A$\^function\_.L:1#issueCommand(<function>:124)
	at jdk.nashorn.internal.scripts.Script$Recompilation$44618$3841A$\^function\_.L:1#issueCommand(<function>:124)
	at jdk.nashorn.internal.scripts.Script$Recompilation$44618$3841A$\^function\_.L:1#issueCommand(<function>:124)
	at jdk.nashorn.internal.scripts.Script$Recompilation$44618$3841A$\^function\_.L:1#issueCommand(<function>:124)
	at jdk.nashorn.internal.scripts.Script$Recompilation$44618$3841A$\^function\_.L:1#issueCommand(<function>:124)
	at jdk.nashorn.internal.scripts.Script$Recompilation$44618$3841A$\^function\_.L:1#issueCommand(<function>:124)
	at jdk.nashorn.internal.scripts.Script$Recompilation$44618$3841A$\^function\_.L:1#issueCommand(<function>:124)
	at jdk.nashorn.internal.scripts.Script$Recompilation$44618$3841A$\^function\_.L:1#issueCommand(<function>:124)
	at jdk.nashorn.internal.scripts.Script$Recompilation$44618$3841A$\^function\_.L:1#issueCommand(<function>:124)
	at jdk.nashorn.internal.scripts.Script$Recompilation$44618$3841A$\^function\_.L:1#issueCommand(<function>:124)
	at jdk.nashorn.internal.scripts.Script$Recompilation$44618$3841A$\^function\_.L:1#issueCommand(<function>:124)
	at jdk.nashorn.internal.scripts.Script$Recompilation$44618$3841A$\^function\_.L:1#issueCommand(<function>:124)
	at jdk.nashorn.internal.scripts.Script$Recompilation$44618$3841A$\^function\_.L:1#issueCommand(<function>:124)
	at jdk.nashorn.internal.scripts.Script$Recompilation$44618$3841A$\^function\_.L:1#issueCommand(<function>:124)
	at jdk.nashorn.internal.scripts.Script$Recompilation$44618$3841A$\^function\_.L:1#issueCommand(<function>:124)
	at jdk.nashorn.internal.scripts.Script$Recompilation$44618$3841A$\^function\_.L:1#issueCommand(<function>:124)
	at jdk.nashorn.internal.scripts.Script$Recompilation$44618$3841A$\^function\_.L:1#issueCommand(<function>:124)
	at jdk.nashorn.internal.scripts.Script$Recompilation$44618$3841A$\^function\_.L:1#issueCommand(<function>:124)
	at jdk.nashorn.internal.scripts.Script$Recompilation$44618$3841A$\^function\_.L:1#issueCommand(<function>:124)
	at jdk.nashorn.internal.scripts.Script$Recompilation$44618$3841A$\^function\_.L:1#issueCommand(<function>:124)
	at jdk.nashorn.internal.scripts.Script$Recompilation$44618$3841A$\^function\_.L:1#issueCommand(<function>:124)
	at jdk.nashorn.internal.scripts.Script$Recompilation$44618$3841A$\^function\_.L:1#issueCommand(<function>:124)
	at jdk.nashorn.internal.scripts.Script$Recompilation$44618$3841A$\^function\_.L:1#issueCommand(<function>:124)
	at jdk.nashorn.internal.scripts.Script$Recompilation$44618$3841A$\^function\_.L:1#issueCommand(<function>:124)
	at jdk.nashorn.internal.scripts.Script$Recompilation$44618$3841A$\^function\_.L:1#issueCommand(<function>:124)
	at jdk.nashorn.internal.scripts.Script$Recompilation$44618$3841A$\^function\_.L:1#issueCommand(<function>:124)
	at jdk.nashorn.internal.scripts.Script$Recompilation$44618$3841A$\^function\_.L:1#issueCommand(<function>:124)
	at jdk.nashorn.internal.scripts.Script$Recompilation$44618$3841A$\^function\_.L:1#issueCommand(<function>:124)
	at jdk.nashorn.internal.scripts.Script$Recompilation$44618$3841A$\^function\_.L:1#issueCommand(<function>:124)
	at jdk.nashorn.internal.scripts.Script$Recompilation$44618$3841A$\^function\_.L:1#issueCommand(<function>:124)
	at jdk.nashorn.internal.scripts.Script$Recompilation$44618$3841A$\^function\_.L:1#issueCommand(<function>:124)
	at jdk.nashorn.internal.scripts.Script$Recompilation$44618$3841A$\^function\_.L:1#issueCommand(<function>:124)
	at jdk.nashorn.internal.scripts.Script$Recompilation$44618$3841A$\^function\_.L:1#issueCommand(<function>:124)
	at jdk.nashorn.internal.scripts.Script$Recompilation$44618$3841A$\^function\_.L:1#issueCommand(<function>:124)
	at jdk.nashorn.internal.scripts.Script$Recompilation$44618$3841A$\^function\_.L:1#issueCommand(<function>:124)
	at jdk.nashorn.internal.scripts.Script$Recompilation$44618$3841A$\^function\_.L:1#issueCommand(<function>:124)
	at jdk.nashorn.internal.scripts.Script$Recompilation$44618$3841A$\^function\_.L:1#issueCommand(<function>:124)
	at jdk.nashorn.internal.scripts.Script$Recompilation$44618$3841A$\^function\_.L:1#issueCommand(<function>:124)
	at jdk.nashorn.internal.scripts.Script$Recompilation$44618$3841A$\^function\_.L:1#issueCommand(<function>:124)
	at jdk.nashorn.internal.scripts.Script$Recompilation$44618$3841A$\^function\_.L:1#issueCommand(<function>:124)
	at jdk.nashorn.internal.scripts.Script$Recompilation$44618$3841A$\^function\_.L:1#issueCommand(<function>:124)
	at jdk.nashorn.internal.scripts.Script$Recompilation$44618$3841A$\^function\_.L:1#issueCommand(<function>:124)
	at jdk.nashorn.internal.scripts.Script$Recompilation$44618$3841A$\^function\_.L:1#issueCommand(<function>:124)
	at jdk.nashorn.internal.scripts.Script$Recompilation$44618$3841A$\^function\_.L:1#issueCommand(<function>:124)
	at jdk.nashorn.internal.scripts.Script$Recompilation$44618$3841A$\^function\_.L:1#issueCommand(<function>:124)
	at jdk.nashorn.internal.scripts.Script$Recompilation$44618$3841A$\^function\_.L:1#issueCommand(<function>:124)
	at jdk.nashorn.internal.scripts.Script$Recompilation$44618$3841A$\^function\_.L:1#issueCommand(<function>:124)
	at jdk.nashorn.internal.scripts.Script$Recompilation$44618$3841A$\^function\_.L:1#issueCommand(<function>:124)
	at jdk.nashorn.internal.scripts.Script$Recompilation$44618$3841A$\^function\_.L:1#issueCommand(<function>:124)
	at jdk.nashorn.internal.scripts.Script$Recompilation$44618$3841A$\^function\_.L:1#issueCommand(<function>:124)
	at jdk.nashorn.internal.scripts.Script$Recompilation$44618$3841A$\^function\_.L:1#issueCommand(<function>:124)
	at jdk.nashorn.internal.scripts.Script$Recompilation$44618$3841A$\^function\_.L:1#issueCommand(<function>:124)
	at jdk.nashorn.internal.scripts.Script$Recompilation$44618$3841A$\^function\_.L:1#issueCommand(<function>:124)
	at jdk.nashorn.internal.scripts.Script$Recompilation$44618$3841A$\^function\_.L:1#issueCommand(<function>:124)
	at jdk.nashorn.internal.scripts.Script$Recompilation$44618$3841A$\^function\_.L:1#issueCommand(<function>:124)
	at jdk.nashorn.internal.scripts.Script$Recompilation$44618$3841A$\^function\_.L:1#issueCommand(<function>:124)
	at jdk.nashorn.internal.scripts.Script$Recompilation$44618$3841A$\^function\_.L:1#issueCommand(<function>:124)
	at jdk.nashorn.internal.scripts.Script$Recompilation$44618$3841A$\^function\_.L:1#issueCommand(<function>:124)
	at jdk.nashorn.internal.scripts.Script$Recompilation$44618$3841A$\^function\_.L:1#issueCommand(<function>:124)
	at jdk.nashorn.internal.scripts.Script$Recompilation$44618$3841A$\^function\_.L:1#issueCommand(<function>:124)
	at jdk.nashorn.internal.scripts.Script$Recompilation$44618$3841A$\^function\_.L:1#issueCommand(<function>:124)
	at jdk.nashorn.internal.scripts.Script$Recompilation$44618$3841A$\^function\_.L:1#issueCommand(<function>:124)
	at jdk.nashorn.internal.scripts.Script$Recompilation$44618$3841A$\^function\_.L:1#issueCommand(<function>:124)
	at jdk.nashorn.internal.scripts.Script$Recompilation$44618$3841A$\^function\_.L:1#issueCommand(<function>:124)
	at jdk.nashorn.internal.scripts.Script$Recompilation$44618$3841A$\^function\_.L:1#issueCommand(<function>:124)
	at jdk.nashorn.internal.scripts.Script$Recompilation$44618$3841A$\^function\_.L:1#issueCommand(<function>:124)
	at jdk.nashorn.internal.scripts.Script$Recompilation$44618$3841A$\^function\_.L:1#issueCommand(<function>:124)
	at jdk.nashorn.internal.scripts.Script$Recompilation$44618$3841A$\^function\_.L:1#issueCommand(<function>:124)
	at jdk.nashorn.internal.scripts.Script$Recompilation$44618$3841A$\^function\_.L:1#issueCommand(<function>:124)
	at jdk.nashorn.internal.scripts.Script$Recompilation$44618$3841A$\^function\_.L:1#issueCommand(<function>:124)
	at jdk.nashorn.internal.scripts.Script$Recompilation$44618$3841A$\^function\_.L:1#issueCommand(<function>:124)
	at jdk.nashorn.internal.scripts.Script$Recompilation$44618$3841A$\^function\_.L:1#issueCommand(<function>:124)
	at jdk.nashorn.internal.scripts.Script$Recompilation$44618$3841A$\^function\_.L:1#issueCommand(<function>:124)
	at jdk.nashorn.internal.scripts.Script$Recompilation$44618$3841A$\^function\_.L:1#issueCommand(<function>:124)
	at jdk.nashorn.internal.scripts.Script$Recompilation$44618$3841A$\^function\_.L:1#issueCommand(<function>:124)
	at jdk.nashorn.internal.scripts.Script$Recompilation$44618$3841A$\^function\_.L:1#issueCommand(<function>:124)
	at jdk.nashorn.internal.scripts.Script$Recompilation$44618$3841A$\^function\_.L:1#issueCommand(<function>:124)
	at jdk.nashorn.internal.scripts.Script$Recompilation$44618$3841A$\^function\_.L:1#issueCommand(<function>:124)
	at jdk.nashorn.internal.scripts.Script$Recompilation$44618$3841A$\^function\_.L:1#issueCommand(<function>:124)
	at jdk.nashorn.internal.scripts.Script$Recompilation$44618$3841A$\^function\_.L:1#issueCommand(<function>:124)
	at jdk.nashorn.internal.scripts.Script$Recompilation$44618$3841A$\^function\_.L:1#issueCommand(<function>:124)
	at jdk.nashorn.internal.scripts.Script$Recompilation$44618$3841A$\^function\_.L:1#issueCommand(<function>:124)
	at jdk.nashorn.internal.scripts.Script$Recompilation$44618$3841A$\^function\_.L:1#issueCommand(<function>:124)
	at jdk.nashorn.internal.scripts.Script$Recompilation$44618$3841A$\^function\_.L:1#issueCommand(<function>:124)
	at jdk.nashorn.internal.scripts.Script$Recompilation$44618$3841A$\^function\_.L:1#issueCommand(<function>:124)
	at jdk.nashorn.internal.scripts.Script$Recompilation$44618$3841A$\^function\_.L:1#issueCommand(<function>:124)
	at jdk.nashorn.internal.scripts.Script$Recompilation$44618$3841A$\^function\_.L:1#issueCommand(<function>:124)
	at jdk.nashorn.internal.scripts.Script$Recompilation$44618$3841A$\^function\_.L:1#issueCommand(<function>:124)
	at jdk.nashorn.internal.scripts.Script$Recompilation$44618$3841A$\^function\_.L:1#issueCommand(<function>:124)
	at jdk.nashorn.internal.scripts.Script$Recompilation$44618$3841A$\^function\_.L:1#issueCommand(<function>:124)
	at jdk.nashorn.internal.scripts.Script$Recompilation$44618$3841A$\^function\_.L:1#issueCommand(<function>:124)
	at jdk.nashorn.internal.scripts.Script$Recompilation$44618$3841A$\^function\_.L:1#issueCommand(<function>:124)
	at jdk.nashorn.internal.scripts.Script$Recompilation$44618$3841A$\^function\_.L:1#issueCommand(<function>:124)
	at jdk.nashorn.internal.scripts.Script$Recompilation$44618$3841A$\^function\_.L:1#issueCommand(<function>:124)
	at jdk.nashorn.internal.scripts.Script$Recompilation$44618$3841A$\^function\_.L:1#issueCommand(<function>:124)
	at jdk.nashorn.internal.scripts.Script$Recompilation$44618$3841A$\^function\_.L:1#issueCommand(<function>:124)
	at jdk.nashorn.internal.scripts.Script$Recompilation$44618$3841A$\^function\_.L:1#issueCommand(<function>:124)
	at jdk.nashorn.internal.scripts.Script$Recompilation$44618$3841A$\^function\_.L:1#issueCommand(<function>:124)
	at jdk.nashorn.internal.scripts.Script$Recompilation$44618$3841A$\^function\_.L:1#issueCommand(<function>:124)
	at jdk.nashorn.internal.scripts.Script$Recompilation$44618$3841A$\^function\_.L:1#issueCommand(<function>:124)
	at jdk.nashorn.internal.scripts.Script$Recompilation$44618$3841A$\^function\_.L:1#issueCommand(<function>:124)
	at jdk.nashorn.internal.scripts.Script$Recompilation$44618$3841A$\^function\_.L:1#issueCommand(<function>:124)
	at jdk.nashorn.internal.scripts.Script$Recompilation$44618$3841A$\^function\_.L:1#issueCommand(<function>:124)
	at jdk.nashorn.internal.scripts.Script$Recompilation$44618$3841A$\^function\_.L:1#issueCommand(<function>:124)
	at jdk.nashorn.internal.scripts.Script$Recompilation$44618$3841A$\^function\_.L:1#issueCommand(<function>:124)
	at jdk.nashorn.internal.scripts.Script$Recompilation$44618$3841A$\^function\_.L:1#issueCommand(<function>:124)
	at jdk.nashorn.internal.scripts.Script$Recompilation$44618$3841A$\^function\_.L:1#issueCommand(<function>:124)
	at jdk.nashorn.internal.scripts.Script$Recompilation$44618$3841A$\^function\_.L:1#issueCommand(<function>:124)
	at jdk.nashorn.internal.scripts.Script$Recompilation$44618$3841A$\^function\_.L:1#issueCommand(<function>:124)
	at jdk.nashorn.internal.scripts.Script$Recompilation$44618$3841A$\^function\_.L:1#issueCommand(<function>:124)
	at jdk.nashorn.internal.scripts.Script$Recompilation$44618$3841A$\^function\_.L:1#issueCommand(<function>:124)
	at jdk.nashorn.internal.scripts.Script$Recompilation$44618$3841A$\^function\_.L:1#issueCommand(<function>:124)
	at jdk.nashorn.internal.scripts.Script$Recompilation$44618$3841A$\^function\_.L:1#issueCommand(<function>:124)
	at jdk.nashorn.internal.scripts.Script$Recompilation$44618$3841A$\^function\_.L:1#issueCommand(<function>:124)
	at jdk.nashorn.internal.scripts.Script$Recompilation$44618$3841A$\^function\_.L:1#issueCommand(<function>:124)
	at jdk.nashorn.internal.scripts.Script$Recompilation$44618$3841A$\^function\_.L:1#issueCommand(<function>:124)
	at jdk.nashorn.internal.scripts.Script$Recompilation$44618$3841A$\^function\_.L:1#issueCommand(<function>:124)
	at jdk.nashorn.internal.scripts.Script$Recompilation$44618$3841A$\^function\_.L:1#issueCommand(<function>:124)
	at jdk.nashorn.internal.scripts.Script$Recompilation$44618$3841A$\^function\_.L:1#issueCommand(<function>:124)
	at jdk.nashorn.internal.scripts.Script$Recompilation$44618$3841A$\^function\_.L:1#issueCommand(<function>:124)
	at jdk.nashorn.internal.scripts.Script$Recompilation$44618$3841A$\^function\_.L:1#issueCommand(<function>:124)
	at jdk.nashorn.internal.scripts.Script$Recompilation$44618$3841A$\^function\_.L:1#issueCommand(<function>:124)
	at jdk.nashorn.internal.scripts.Script$Recompilation$44618$3841A$\^function\_.L:1#issueCommand(<function>:124)
	at jdk.nashorn.internal.scripts.Script$Recompilation$44618$3841A$\^function\_.L:1#issueCommand(<function>:124)
	at jdk.nashorn.internal.scripts.Script$Recompilation$44618$3841A$\^function\_.L:1#issueCommand(<function>:124)
	at jdk.nashorn.internal.scripts.Script$Recompilation$44618$3841A$\^function\_.L:1#issueCommand(<function>:124)
	at jdk.nashorn.internal.scripts.Script$Recompilation$44618$3841A$\^function\_.L:1#issueCommand(<function>:124)
	at jdk.nashorn.internal.scripts.Script$Recompilation$44618$3841A$\^function\_.L:1#issueCommand(<function>:124)
	at jdk.nashorn.internal.scripts.Script$Recompilation$44618$3841A$\^function\_.L:1#issueCommand(<function>:124)
	at jdk.nashorn.internal.scripts.Script$Recompilation$44618$3841A$\^function\_.L:1#issueCommand(<function>:124)
	at jdk.nashorn.internal.scripts.Script$Recompilation$44618$3841A$\^function\_.L:1#issueCommand(<function>:124)
	at jdk.nashorn.internal.scripts.Script$Recompilation$44618$3841A$\^function\_.L:1#issueCommand(<function>:124)
	at jdk.nashorn.internal.scripts.Script$Recompilation$44618$3841A$\^function\_.L:1#issueCommand(<function>:124)
	at jdk.nashorn.internal.scripts.Script$Recompilation$44618$3841A$\^function\_.L:1#issueCommand(<function>:124)
	at jdk.nashorn.internal.scripts.Script$Recompilation$44618$3841A$\^function\_.L:1#issueCommand(<function>:124)
	at jdk.nashorn.internal.scripts.Script$Recompilation$44618$3841A$\^function\_.L:1#issueCommand(<function>:124)
	at jdk.nashorn.internal.scripts.Script$Recompilation$44618$3841A$\^function\_.L:1#issueCommand(<function>:124)
	at jdk.nashorn.internal.scripts.Script$Recompilation$44618$3841A$\^function\_.L:1#issueCommand(<function>:124)
	at jdk.nashorn.internal.scripts.Script$Recompilation$44618$3841A$\^function\_.L:1#issueCommand(<function>:124)
	at jdk.nashorn.internal.scripts.Script$Recompilation$44618$3841A$\^function\_.L:1#issueCommand(<function>:124)
	at jdk.nashorn.internal.scripts.Script$Recompilation$44618$3841A$\^function\_.L:1#issueCommand(<function>:124)
	at jdk.nashorn.internal.scripts.Script$Recompilation$44618$3841A$\^function\_.L:1#issueCommand(<function>:124)
	at jdk.nashorn.internal.scripts.Script$Recompilation$44618$3841A$\^function\_.L:1#issueCommand(<function>:124)
	at jdk.nashorn.internal.scripts.Script$Recompilation$44618$3841A$\^function\_.L:1#issueCommand(<function>:124)
	at jdk.nashorn.internal.scripts.Script$Recompilation$44618$3841A$\^function\_.L:1#issueCommand(<function>:124)
	at jdk.nashorn.internal.scripts.Script$Recompilation$44618$3841A$\^function\_.L:1#issueCommand(<function>:124)
	at jdk.nashorn.internal.scripts.Script$Recompilation$44618$3841A$\^function\_.L:1#issueCommand(<function>:124)
	at jdk.nashorn.internal.scripts.Script$Recompilation$44618$3841A$\^function\_.L:1#issueCommand(<function>:124)
	at jdk.nashorn.internal.scripts.Script$Recompilation$44618$3841A$\^function\_.L:1#issueCommand(<function>:124)
	at jdk.nashorn.internal.scripts.Script$Recompilation$44618$3841A$\^function\_.L:1#issueCommand(<function>:124)
	at jdk.nashorn.internal.scripts.Script$Recompilation$44618$3841A$\^function\_.L:1#issueCommand(<function>:124)
	at jdk.nashorn.internal.scripts.Script$Recompilation$44618$3841A$\^function\_.L:1#issueCommand(<function>:124)
	at jdk.nashorn.internal.scripts.Script$Recompilation$44618$3841A$\^function\_.L:1#issueCommand(<function>:124)
	at jdk.nashorn.internal.scripts.Script$Recompilation$44618$3841A$\^function\_.L:1#issueCommand(<function>:124)
	at jdk.nashorn.internal.scripts.Script$Recompilation$44618$3841A$\^function\_.L:1#issueCommand(<function>:124)
	at jdk.nashorn.internal.scripts.Script$Recompilation$44618$3841A$\^function\_.L:1#issueCommand(<function>:124)
	at jdk.nashorn.internal.scripts.Script$Recompilation$44618$3841A$\^function\_.L:1#issueCommand(<function>:124)
	at jdk.nashorn.internal.scripts.Script$Recompilation$44618$3841A$\^function\_.L:1#issueCommand(<function>:124)
	at jdk.nashorn.internal.scripts.Script$Recompilation$44618$3841A$\^function\_.L:1#issueCommand(<function>:124)
	at jdk.nashorn.internal.scripts.Script$Recompilation$44618$3841A$\^function\_.L:1#issueCommand(<function>:124)
	at jdk.nashorn.internal.scripts.Script$Recompilation$44618$3841A$\^function\_.L:1#issueCommand(<function>:124)
	at jdk.nashorn.internal.scripts.Script$Recompilation$44618$3841A$\^function\_.L:1#issueCommand(<function>:124)
	at jdk.nashorn.internal.scripts.Script$Recompilation$44618$3841A$\^function\_.L:1#issueCommand(<function>:124)
	at jdk.nashorn.internal.scripts.Script$Recompilation$44618$3841A$\^function\_.L:1#issueCommand(<function>:124)
	at jdk.nashorn.internal.scripts.Script$Recompilation$44618$3841A$\^function\_.L:1#issueCommand(<function>:124)
	at jdk.nashorn.internal.scripts.Script$Recompilation$44618$3841A$\^function\_.L:1#issueCommand(<function>:124)
	at jdk.nashorn.internal.scripts.Script$Recompilation$44618$3841A$\^function\_.L:1#issueCommand(<function>:124)
	at jdk.nashorn.internal.scripts.Script$Recompilation$44618$3841A$\^function\_.L:1#issueCommand(<function>:124)
	at jdk.nashorn.internal.scripts.Script$Recompilation$44618$3841A$\^function\_.L:1#issueCommand(<function>:124)
	at jdk.nashorn.internal.scripts.Script$Recompilation$44618$3841A$\^function\_.L:1#issueCommand(<function>:124)
	at jdk.nashorn.internal.scripts.Script$Recompilation$44618$3841A$\^function\_.L:1#issueCommand(<function>:124)
	at jdk.nashorn.internal.scripts.Script$Recompilation$44618$3841A$\^function\_.L:1#issueCommand(<function>:124)
	at jdk.nashorn.internal.scripts.Script$Recompilation$44618$3841A$\^function\_.L:1#issueCommand(<function>:124)
	at jdk.nashorn.internal.scripts.Script$Recompilation$44618$3841A$\^function\_.L:1#issueCommand(<function>:124)
	at jdk.nashorn.internal.scripts.Script$Recompilation$44618$3841A$\^function\_.L:1#issueCommand(<function>:124)
	at jdk.nashorn.internal.scripts.Script$Recompilation$44618$3841A$\^function\_.L:1#issueCommand(<function>:124)
	at jdk.nashorn.internal.scripts.Script$Recompilation$44618$3841A$\^function\_.L:1#issueCommand(<function>:124)
	at jdk.nashorn.internal.scripts.Script$Recompilation$44618$3841A$\^function\_.L:1#issueCommand(<function>:124)
	at jdk.nashorn.internal.scripts.Script$Recompilation$44618$3841A$\^function\_.L:1#issueCommand(<function>:124)
	at jdk.nashorn.internal.scripts.Script$Recompilation$44618$3841A$\^function\_.L:1#issueCommand(<function>:124)
	at jdk.nashorn.internal.scripts.Script$Recompilation$44618$3841A$\^function\_.L:1#issueCommand(<function>:124)
	at jdk.nashorn.internal.scripts.Script$Recompilation$44618$3841A$\^function\_.L:1#issueCommand(<function>:124)
	at jdk.nashorn.internal.scripts.Script$Recompilation$44618$3841A$\^function\_.L:1#issueCommand(<function>:124)
	at jdk.nashorn.internal.scripts.Script$Recompilation$44618$3841A$\^function\_.L:1#issueCommand(<function>:124)
	at jdk.nashorn.internal.scripts.Script$Recompilation$44618$3841A$\^function\_.L:1#issueCommand(<function>:124)
	at jdk.nashorn.internal.scripts.Script$Recompilation$44618$3841A$\^function\_.L:1#issueCommand(<function>:124)
	at jdk.nashorn.internal.scripts.Script$Recompilation$44618$3841A$\^function\_.L:1#issueCommand(<function>:124)
	at jdk.nashorn.internal.scripts.Script$Recompilation$44618$3841A$\^function\_.L:1#issueCommand(<function>:124)
	at jdk.nashorn.internal.scripts.Script$Recompilation$44618$3841A$\^function\_.L:1#issueCommand(<function>:124)
	at jdk.nashorn.internal.scripts.Script$Recompilation$44618$3841A$\^function\_.L:1#issueCommand(<function>:124)
	at jdk.nashorn.internal.scripts.Script$Recompilation$44618$3841A$\^function\_.L:1#issueCommand(<function>:124)
	at jdk.nashorn.internal.scripts.Script$Recompilation$44618$3841A$\^function\_.L:1#issueCommand(<function>:124)
	at jdk.nashorn.internal.scripts.Script$Recompilation$44618$3841A$\^function\_.L:1#issueCommand(<function>:124)
	at jdk.nashorn.internal.scripts.Script$Recompilation$44618$3841A$\^function\_.L:1#issueCommand(<function>:124)
	at jdk.nashorn.internal.scripts.Script$Recompilation$44618$3841A$\^function\_.L:1#issueCommand(<function>:124)
	at jdk.nashorn.internal.scripts.Script$Recompilation$44618$3841A$\^function\_.L:1#issueCommand(<function>:124)
	at jdk.nashorn.internal.scripts.Script$Recompilation$44618$3841A$\^function\_.L:1#issueCommand(<function>:124)
	at jdk.nashorn.internal.scripts.Script$Recompilation$44618$3841A$\^function\_.L:1#issueCommand(<function>:124)
	at jdk.nashorn.internal.scripts.Script$Recompilation$44618$3841A$\^function\_.L:1#issueCommand(<function>:124)
	at jdk.nashorn.internal.scripts.Script$Recompilation$44618$3841A$\^function\_.L:1#issueCommand(<function>:124)
	at jdk.nashorn.internal.scripts.Script$Recompilation$44618$3841A$\^function\_.L:1#issueCommand(<function>:124)
	at jdk.nashorn.internal.scripts.Script$Recompilation$44618$3841A$\^function\_.L:1#issueCommand(<function>:124)
	at jdk.nashorn.internal.scripts.Script$Recompilation$44618$3841A$\^function\_.L:1#issueCommand(<function>:124)
	at jdk.nashorn.internal.scripts.Script$Recompilation$44618$3841A$\^function\_.L:1#issueCommand(<function>:124)
	at jdk.nashorn.internal.scripts.Script$Recompilation$44618$3841A$\^function\_.L:1#issueCommand(<function>:124)
	at jdk.nashorn.internal.scripts.Script$Recompilation$44618$3841A$\^function\_.L:1#issueCommand(<function>:124)
	at jdk.nashorn.internal.scripts.Script$Recompilation$44618$3841A$\^function\_.L:1#issueCommand(<function>:124)
	at jdk.nashorn.internal.scripts.Script$Recompilation$44618$3841A$\^function\_.L:1#issueCommand(<function>:124)
	at jdk.nashorn.internal.scripts.Script$Recompilation$44618$3841A$\^function\_.L:1#issueCommand(<function>:124)
	at jdk.nashorn.internal.scripts.Script$Recompilation$44618$3841A$\^function\_.L:1#issueCommand(<function>:124)
	at jdk.nashorn.internal.scripts.Script$Recompilation$44618$3841A$\^function\_.L:1#issueCommand(<function>:124)
	at jdk.nashorn.internal.scripts.Script$Recompilation$44618$3841A$\^function\_.L:1#issueCommand(<function>:124)
	at jdk.nashorn.internal.scripts.Script$Recompilation$44618$3841A$\^function\_.L:1#issueCommand(<function>:124)
	at jdk.nashorn.internal.scripts.Script$Recompilation$44618$3841A$\^function\_.L:1#issueCommand(<function>:124)
	at jdk.nashorn.internal.scripts.Script$Recompilation$44618$3841A$\^function\_.L:1#issueCommand(<function>:124)
	at jdk.nashorn.internal.scripts.Script$Recompilation$44618$3841A$\^function\_.L:1#issueCommand(<function>:124)
	at jdk.nashorn.internal.scripts.Script$Recompilation$44618$3841A$\^function\_.L:1#issueCommand(<function>:124)
	at jdk.nashorn.internal.scripts.Script$Recompilation$44618$3841A$\^function\_.L:1#issueCommand(<function>:124)
	at jdk.nashorn.internal.scripts.Script$Recompilation$44618$3841A$\^function\_.L:1#issueCommand(<function>:124)
	at jdk.nashorn.internal.scripts.Script$Recompilation$44618$3841A$\^function\_.L:1#issueCommand(<function>:124)
	at jdk.nashorn.internal.scripts.Script$Recompilation$44618$3841A$\^function\_.L:1#issueCommand(<function>:124)
	at jdk.nashorn.internal.scripts.Script$Recompilation$44618$3841A$\^function\_.L:1#issueCommand(<function>:124)
	at jdk.nashorn.internal.scripts.Script$Recompilation$44618$3841A$\^function\_.L:1#issueCommand(<function>:124)
	at jdk.nashorn.internal.scripts.Script$Recompilation$44618$3841A$\^function\_.L:1#issueCommand(<function>:124)
	at jdk.nashorn.internal.scripts.Script$Recompilation$44618$3841A$\^function\_.L:1#issueCommand(<function>:124)
	at jdk.nashorn.internal.scripts.Script$Recompilation$44618$3841A$\^function\_.L:1#issueCommand(<function>:124)
	at jdk.nashorn.internal.scripts.Script$Recompilation$44618$3841A$\^function\_.L:1#issueCommand(<function>:124)
	at jdk.nashorn.internal.scripts.Script$Recompilation$44618$3841A$\^function\_.L:1#issueCommand(<function>:124)
	at jdk.nashorn.internal.scripts.Script$Recompilation$44618$3841A$\^function\_.L:1#issueCommand(<function>:124)
	at jdk.nashorn.internal.scripts.Script$Recompilation$44618$3841A$\^function\_.L:1#issueCommand(<function>:124)
	at jdk.nashorn.internal.scripts.Script$Recompilation$44618$3841A$\^function\_.L:1#issueCommand(<function>:124)
	at jdk.nashorn.internal.scripts.Script$Recompilation$44618$3841A$\^function\_.L:1#issueCommand(<function>:124)
	at jdk.nashorn.internal.scripts.Script$Recompilation$44618$3841A$\^function\_.L:1#issueCommand(<function>:124)
	at jdk.nashorn.internal.scripts.Script$Recompilation$44618$3841A$\^function\_.L:1#issueCommand(<function>:124)
	at jdk.nashorn.internal.scripts.Script$Recompilation$44618$3841A$\^function\_.L:1#issueCommand(<function>:124)
	at jdk.nashorn.internal.scripts.Script$Recompilation$44618$3841A$\^function\_.L:1#issueCommand(<function>:124)
	at jdk.nashorn.internal.scripts.Script$Recompilation$44618$3841A$\^function\_.L:1#issueCommand(<function>:124)
	at jdk.nashorn.internal.scripts.Script$Recompilation$44618$3841A$\^function\_.L:1#issueCommand(<function>:124)
	at jdk.nashorn.internal.scripts.Script$Recompilation$44618$3841A$\^function\_.L:1#issueCommand(<function>:124)
	at jdk.nashorn.internal.scripts.Script$Recompilation$44618$3841A$\^function\_.L:1#issueCommand(<function>:124)
	at jdk.nashorn.internal.scripts.Script$Recompilation$44618$3841A$\^function\_.L:1#issueCommand(<function>:124)
	at jdk.nashorn.internal.scripts.Script$Recompilation$44618$3841A$\^function\_.L:1#issueCommand(<function>:124)
	at jdk.nashorn.internal.scripts.Script$Recompilation$44618$3841A$\^function\_.L:1#issueCommand(<function>:124)
	at jdk.nashorn.internal.scripts.Script$Recompilation$44618$3841A$\^function\_.L:1#issueCommand(<function>:124)
	at jdk.nashorn.internal.scripts.Script$Recompilation$44618$3841A$\^function\_.L:1#issueCommand(<function>:124)
	at jdk.nashorn.internal.scripts.Script$Recompilation$44618$3841A$\^function\_.L:1#issueCommand(<function>:124)
	at jdk.nashorn.internal.scripts.Script$Recompilation$44618$3841A$\^function\_.L:1#issueCommand(<function>:124)
	at jdk.nashorn.internal.scripts.Script$Recompilation$44618$3841A$\^function\_.L:1#issueCommand(<function>:124)
	at jdk.nashorn.internal.scripts.Script$Recompilation$44618$3841A$\^function\_.L:1#issueCommand(<function>:124)
	at jdk.nashorn.internal.scripts.Script$Recompilation$44618$3841A$\^function\_.L:1#issueCommand(<function>:124)
	at jdk.nashorn.internal.scripts.Script$Recompilation$44618$3841A$\^function\_.L:1#issueCommand(<function>:124)
	at jdk.nashorn.internal.scripts.Script$Recompilation$44618$3841A$\^function\_.L:1#issueCommand(<function>:124)
	at jdk.nashorn.internal.scripts.Script$Recompilation$44618$3841A$\^function\_.L:1#issueCommand(<function>:124)
	at jdk.nashorn.internal.scripts.Script$Recompilation$44618$3841A$\^function\_.L:1#issueCommand(<function>:124)
	at jdk.nashorn.internal.scripts.Script$Recompilation$44618$3841A$\^function\_.L:1#issueCommand(<function>:124)
	at jdk.nashorn.internal.scripts.Script$Recompilation$44618$3841A$\^function\_.L:1#issueCommand(<function>:124)
	at jdk.nashorn.internal.scripts.Script$Recompilation$44618$3841A$\^function\_.L:1#issueCommand(<function>:124)
	at jdk.nashorn.internal.scripts.Script$Recompilation$44618$3841A$\^function\_.L:1#issueCommand(<function>:124)
	at jdk.nashorn.internal.scripts.Script$Recompilation$44618$3841A$\^function\_.L:1#issueCommand(<function>:124)
	at jdk.nashorn.internal.scripts.Script$Recompilation$44618$3841A$\^function\_.L:1#issueCommand(<function>:124)
	at jdk.nashorn.internal.scripts.Script$Recompilation$44618$3841A$\^function\_.L:1#issueCommand(<function>:124)
	at jdk.nashorn.internal.scripts.Script$Recompilation$44618$3841A$\^function\_.L:1#issueCommand(<function>:124)
	at jdk.nashorn.internal.scripts.Script$Recompilation$44618$3841A$\^function\_.L:1#issueCommand(<function>:124)
	at jdk.nashorn.internal.scripts.Script$Recompilation$44618$3841A$\^function\_.L:1#issueCommand(<function>:124)
	at jdk.nashorn.internal.scripts.Script$Recompilation$44618$3841A$\^function\_.L:1#issueCommand(<function>:124)
	at jdk.nashorn.internal.scripts.Script$Recompilation$44618$3841A$\^function\_.L:1#issueCommand(<function>:124)
	at jdk.nashorn.internal.scripts.Script$Recompilation$44618$3841A$\^function\_.L:1#issueCommand(<function>:124)
	at jdk.nashorn.internal.scripts.Script$Recompilation$44618$3841A$\^function\_.L:1#issueCommand(<function>:124)
	at jdk.nashorn.internal.scripts.Script$Recompilation$44618$3841A$\^function\_.L:1#issueCommand(<function>:124)
	at jdk.nashorn.internal.scripts.Script$Recompilation$44618$3841A$\^function\_.L:1#issueCommand(<function>:124)
	at jdk.nashorn.internal.scripts.Script$Recompilation$44618$3841A$\^function\_.L:1#issueCommand(<function>:124)
	at jdk.nashorn.internal.scripts.Script$Recompilation$44618$3841A$\^function\_.L:1#issueCommand(<function>:124)
	at jdk.nashorn.internal.scripts.Script$Recompilation$44618$3841A$\^function\_.L:1#issueCommand(<function>:124)
	at jdk.nashorn.internal.scripts.Script$Recompilation$44618$3841A$\^function\_.L:1#issueCommand(<function>:124)
	at jdk.nashorn.internal.scripts.Script$Recompilation$44618$3841A$\^function\_.L:1#issueCommand(<function>:124)
	at jdk.nashorn.internal.scripts.Script$Recompilation$44618$3841A$\^function\_.L:1#issueCommand(<function>:124)
	at jdk.nashorn.internal.scripts.Script$Recompilation$44618$3841A$\^function\_.L:1#issueCommand(<function>:124)
	at jdk.nashorn.internal.scripts.Script$Recompilation$44618$3841A$\^function\_.L:1#issueCommand(<function>:124)
	at jdk.nashorn.internal.scripts.Script$Recompilation$44618$3841A$\^function\_.L:1#issueCommand(<function>:124)
	at jdk.nashorn.internal.scripts.Script$Recompilation$44618$3841A$\^function\_.L:1#issueCommand(<function>:124)
	at jdk.nashorn.internal.scripts.Script$Recompilation$44618$3841A$\^function\_.L:1#issueCommand(<function>:124)
	at jdk.nashorn.internal.scripts.Script$Recompilation$44618$3841A$\^function\_.L:1#issueCommand(<function>:124)
	at jdk.nashorn.internal.scripts.Script$Recompilation$44618$3841A$\^function\_.L:1#issueCommand(<function>:124)
	at jdk.nashorn.internal.scripts.Script$Recompilation$44618$3841A$\^function\_.L:1#issueCommand(<function>:124)
	at jdk.nashorn.internal.scripts.Script$Recompilation$44618$3841A$\^function\_.L:1#issueCommand(<function>:124)
	at jdk.nashorn.internal.scripts.Script$Recompilation$44618$3841A$\^function\_.L:1#issueCommand(<function>:124)
	at jdk.nashorn.internal.scripts.Script$Recompilation$44618$3841A$\^function\_.L:1#issueCommand(<function>:124)
	at jdk.nashorn.internal.scripts.Script$Recompilation$44618$3841A$\^function\_.L:1#issueCommand(<function>:124)
	at jdk.nashorn.internal.scripts.Script$Recompilation$44618$3841A$\^function\_.L:1#issueCommand(<function>:124)
	at jdk.nashorn.internal.scripts.Script$Recompilation$44618$3841A$\^function\_.L:1#issueCommand(<function>:124)
	at jdk.nashorn.internal.scripts.Script$Recompilation$44618$3841A$\^function\_.L:1#issueCommand(<function>:124)
	at jdk.nashorn.internal.scripts.Script$Recompilation$44618$3841A$\^function\_.L:1#issueCommand(<function>:124)
	at jdk.nashorn.internal.scripts.Script$Recompilation$44618$3841A$\^function\_.L:1#issueCommand(<function>:124)
	at jdk.nashorn.internal.scripts.Script$Recompilation$44618$3841A$\^function\_.L:1#issueCommand(<function>:124)
	at jdk.nashorn.internal.scripts.Script$Recompilation$44618$3841A$\^function\_.L:1#issueCommand(<function>:124)
	at jdk.nashorn.internal.scripts.Script$Recompilation$44618$3841A$\^function\_.L:1#issueCommand(<function>:124)
	at jdk.nashorn.internal.scripts.Script$Recompilation$44618$3841A$\^function\_.L:1#issueCommand(<function>:124)
	at jdk.nashorn.internal.scripts.Script$Recompilation$44618$3841A$\^function\_.L:1#issueCommand(<function>:124)
	at jdk.nashorn.internal.scripts.Script$Recompilation$44618$3841A$\^function\_.L:1#issueCommand(<function>:124)
	at jdk.nashorn.internal.scripts.Script$Recompilation$44618$3841A$\^function\_.L:1#issueCommand(<function>:124)
	at jdk.nashorn.internal.scripts.Script$Recompilation$44618$3841A$\^function\_.L:1#issueCommand(<function>:124)
	at jdk.nashorn.internal.scripts.Script$Recompilation$44618$3841A$\^function\_.L:1#issueCommand(<function>:124)
	at jdk.nashorn.internal.scripts.Script$Recompilation$44618$3841A$\^function\_.L:1#issueCommand(<function>:124)
	at jdk.nashorn.internal.scripts.Script$Recompilation$44618$3841A$\^function\_.L:1#issueCommand(<function>:124)
	at jdk.nashorn.internal.scripts.Script$Recompilation$44618$3841A$\^function\_.L:1#issueCommand(<function>:124)
	at jdk.nashorn.internal.scripts.Script$Recompilation$44618$3841A$\^function\_.L:1#issueCommand(<function>:124)
	at jdk.nashorn.internal.scripts.Script$Recompilation$44618$3841A$\^function\_.L:1#issueCommand(<function>:124)
	at jdk.nashorn.internal.scripts.Script$Recompilation$44618$3841A$\^function\_.L:1#issueCommand(<function>:124)
	at jdk.nashorn.internal.scripts.Script$Recompilation$44618$3841A$\^function\_.L:1#issueCommand(<function>:124)
	at jdk.nashorn.internal.scripts.Script$Recompilation$44618$3841A$\^function\_.L:1#issueCommand(<function>:124)
	at jdk.nashorn.internal.scripts.Script$Recompilation$44618$3841A$\^function\_.L:1#issueCommand(<function>:124)
	at jdk.nashorn.internal.scripts.Script$Recompilation$44618$3841A$\^function\_.L:1#issueCommand(<function>:124)
	at jdk.nashorn.internal.scripts.Script$Recompilation$44618$3841A$\^function\_.L:1#issueCommand(<function>:124)
	at jdk.nashorn.internal.scripts.Script$Recompilation$44618$3841A$\^function\_.L:1#issueCommand(<function>:124)
	at jdk.nashorn.internal.scripts.Script$Recompilation$44618$3841A$\^function\_.L:1#issueCommand(<function>:124)
	at jdk.nashorn.internal.scripts.Script$Recompilation$44618$3841A$\^function\_.L:1#issueCommand(<function>:124)
	at jdk.nashorn.internal.scripts.Script$Recompilation$44618$3841A$\^function\_.L:1#issueCommand(<function>:124)
	at jdk.nashorn.internal.scripts.Script$Recompilation$44618$3841A$\^function\_.L:1#issueCommand(<function>:124)
	at jdk.nashorn.internal.scripts.Script$Recompilation$44618$3841A$\^function\_.L:1#issueCommand(<function>:124)
	at jdk.nashorn.internal.scripts.Script$Recompilation$44618$3841A$\^function\_.L:1#issueCommand(<function>:124)
	at jdk.nashorn.internal.scripts.Script$Recompilation$44618$3841A$\^function\_.L:1#issueCommand(<function>:124)
	at jdk.nashorn.internal.scripts.Script$Recompilation$44618$3841A$\^function\_.L:1#issueCommand(<function>:124)
	at jdk.nashorn.internal.scripts.Script$Recompilation$44618$3841A$\^function\_.L:1#issueCommand(<function>:124)
	at jdk.nashorn.internal.scripts.Script$Recompilation$44618$3841A$\^function\_.L:1#issueCommand(<function>:124)
	at jdk.nashorn.internal.scripts.Script$Recompilation$44618$3841A$\^function\_.L:1#issueCommand(<function>:124)
	at jdk.nashorn.internal.scripts.Script$Recompilation$44618$3841A$\^function\_.L:1#issueCommand(<function>:124)
	at jdk.nashorn.internal.scripts.Script$Recompilation$44618$3841A$\^function\_.L:1#issueCommand(<function>:124)
	at jdk.nashorn.internal.scripts.Script$Recompilation$44618$3841A$\^function\_.L:1#issueCommand(<function>:124)
	at jdk.nashorn.internal.scripts.Script$Recompilation$44618$3841A$\^function\_.L:1#issueCommand(<function>:124)
	at jdk.nashorn.internal.scripts.Script$Recompilation$44618$3841A$\^function\_.L:1#issueCommand(<function>:124)
	at jdk.nashorn.internal.scripts.Script$Recompilation$44618$3841A$\^function\_.L:1#issueCommand(<function>:124)
	at jdk.nashorn.internal.scripts.Script$Recompilation$44618$3841A$\^function\_.L:1#issueCommand(<function>:124)
	at jdk.nashorn.internal.scripts.Script$Recompilation$44618$3841A$\^function\_.L:1#issueCommand(<function>:124)
	at jdk.nashorn.internal.scripts.Script$Recompilation$44618$3841A$\^function\_.L:1#issueCommand(<function>:124)
	at jdk.nashorn.internal.scripts.Script$Recompilation$44618$3841A$\^function\_.L:1#issueCommand(<function>:124)
	at jdk.nashorn.internal.scripts.Script$Recompilation$44618$3841A$\^function\_.L:1#issueCommand(<function>:124)
	at jdk.nashorn.internal.scripts.Script$Recompilation$44618$3841A$\^function\_.L:1#issueCommand(<function>:124)
	at jdk.nashorn.internal.scripts.Script$Recompilation$44618$3841A$\^function\_.L:1#issueCommand(<function>:124)
	at jdk.nashorn.internal.scripts.Script$Recompilation$44618$3841A$\^function\_.L:1#issueCommand(<function>:124)
	at jdk.nashorn.internal.scripts.Script$Recompilation$44618$3841A$\^function\_.L:1#issueCommand(<function>:124)
	at jdk.nashorn.internal.scripts.Script$Recompilation$44618$3841A$\^function\_.L:1#issueCommand(<function>:124)
	at jdk.nashorn.internal.scripts.Script$Recompilation$44618$3841A$\^function\_.L:1#issueCommand(<function>:124)
	at jdk.nashorn.internal.scripts.Script$Recompilation$44618$3841A$\^function\_.L:1#issueCommand(<function>:124)
	at jdk.nashorn.internal.scripts.Script$Recompilation$44618$3841A$\^function\_.L:1#issueCommand(<function>:124)
	at jdk.nashorn.internal.scripts.Script$Recompilation$44618$3841A$\^function\_.L:1#issueCommand(<function>:124)
	at jdk.nashorn.internal.scripts.Script$Recompilation$44618$3841A$\^function\_.L:1#issueCommand(<function>:124)
	at jdk.nashorn.internal.scripts.Script$Recompilation$44618$3841A$\^function\_.L:1#issueCommand(<function>:124)
	at jdk.nashorn.internal.scripts.Script$Recompilation$44618$3841A$\^function\_.L:1#issueCommand(<function>:124)
	at jdk.nashorn.internal.scripts.Script$Recompilation$44618$3841A$\^function\_.L:1#issueCommand(<function>:124)
	at jdk.nashorn.internal.scripts.Script$Recompilation$44618$3841A$\^function\_.L:1#issueCommand(<function>:124)
	at jdk.nashorn.internal.scripts.Script$Recompilation$44618$3841A$\^function\_.L:1#issueCommand(<function>:124)
	at jdk.nashorn.internal.scripts.Script$Recompilation$44618$3841A$\^function\_.L:1#issueCommand(<function>:124)
	at jdk.nashorn.internal.scripts.Script$Recompilation$44618$3841A$\^function\_.L:1#issueCommand(<function>:124)
	at jdk.nashorn.internal.scripts.Script$Recompilation$44618$3841A$\^function\_.L:1#issueCommand(<function>:124)
	at jdk.nashorn.internal.scripts.Script$Recompilation$44618$3841A$\^function\_.L:1#issueCommand(<function>:124)
	at jdk.nashorn.internal.scripts.Script$Recompilation$44618$3841A$\^function\_.L:1#issueCommand(<function>:124)
	at jdk.nashorn.internal.scripts.Script$Recompilation$44618$3841A$\^function\_.L:1#issueCommand(<function>:124)
	at jdk.nashorn.internal.scripts.Script$Recompilation$44618$3841A$\^function\_.L:1#issueCommand(<function>:124)
	at jdk.nashorn.internal.scripts.Script$Recompilation$44618$3841A$\^function\_.L:1#issueCommand(<function>:124)
	at jdk.nashorn.internal.scripts.Script$Recompilation$44618$3841A$\^function\_.L:1#issueCommand(<function>:124)
	at jdk.nashorn.internal.scripts.Script$Recompilation$44618$3841A$\^function\_.L:1#issueCommand(<function>:124)
	at jdk.nashorn.internal.scripts.Script$Recompilation$44618$3841A$\^function\_.L:1#issueCommand(<function>:124)
	at jdk.nashorn.internal.scripts.Script$Recompilation$44618$3841A$\^function\_.L:1#issueCommand(<function>:124)
	at jdk.nashorn.internal.scripts.Script$Recompilation$44618$3841A$\^function\_.L:1#issueCommand(<function>:124)
	at jdk.nashorn.internal.scripts.Script$Recompilation$44618$3841A$\^function\_.L:1#issueCommand(<function>:124)
	at jdk.nashorn.internal.scripts.Script$Recompilation$44618$3841A$\^function\_.L:1#issueCommand(<function>:124)
	at jdk.nashorn.internal.scripts.Script$Recompilation$44618$3841A$\^function\_.L:1#issueCommand(<function>:124)
	at jdk.nashorn.internal.scripts.Script$Recompilation$44618$3841A$\^function\_.L:1#issueCommand(<function>:124)
	at jdk.nashorn.internal.scripts.Script$Recompilation$44618$3841A$\^function\_.L:1#issueCommand(<function>:124)
	at jdk.nashorn.internal.scripts.Script$Recompilation$44618$3841A$\^function\_.L:1#issueCommand(<function>:124)
	at jdk.nashorn.internal.scripts.Script$Recompilation$44618$3841A$\^function\_.L:1#issueCommand(<function>:124)
	at jdk.nashorn.internal.scripts.Script$Recompilation$44618$3841A$\^function\_.L:1#issueCommand(<function>:124)
	at jdk.nashorn.internal.scripts.Script$Recompilation$44618$3841A$\^function\_.L:1#issueCommand(<function>:124)
	at jdk.nashorn.internal.scripts.Script$Recompilation$44618$3841A$\^function\_.L:1#issueCommand(<function>:124)
	at jdk.nashorn.internal.scripts.Script$Recompilation$44618$3841A$\^function\_.L:1#issueCommand(<function>:124)
	at jdk.nashorn.internal.scripts.Script$Recompilation$44618$3841A$\^function\_.L:1#issueCommand(<function>:124)
	at jdk.nashorn.internal.scripts.Script$Recompilation$44618$3841A$\^function\_.L:1#issueCommand(<function>:124)
	at jdk.nashorn.internal.scripts.Script$Recompilation$44618$3841A$\^function\_.L:1#issueCommand(<function>:124)
	at jdk.nashorn.internal.scripts.Script$Recompilation$44618$3841A$\^function\_.L:1#issueCommand(<function>:124)
	at jdk.nashorn.internal.scripts.Script$Recompilation$44618$3841A$\^function\_.L:1#issueCommand(<function>:124)
	at jdk.nashorn.internal.scripts.Script$Recompilation$44618$3841A$\^function\_.L:1#issueCommand(<function>:124)
	at jdk.nashorn.internal.scripts.Script$Recompilation$44618$3841A$\^function\_.L:1#issueCommand(<function>:124)
	at jdk.nashorn.internal.scripts.Script$Recompilation$44618$3841A$\^function\_.L:1#issueCommand(<function>:124)
	at jdk.nashorn.internal.scripts.Script$Recompilation$44618$3841A$\^function\_.L:1#issueCommand(<function>:124)
	at jdk.nashorn.internal.scripts.Script$Recompilation$44618$3841A$\^function\_.L:1#issueCommand(<function>:124)
	at jdk.nashorn.internal.scripts.Script$Recompilation$44618$3841A$\^function\_.L:1#issueCommand(<function>:124)
	at jdk.nashorn.internal.scripts.Script$Recompilation$44618$3841A$\^function\_.L:1#issueCommand(<function>:124)
	at jdk.nashorn.internal.scripts.Script$Recompilation$44618$3841A$\^function\_.L:1#issueCommand(<function>:124)
	at jdk.nashorn.internal.scripts.Script$Recompilation$44618$3841A$\^function\_.L:1#issueCommand(<function>:124)
	at jdk.nashorn.internal.scripts.Script$Recompilation$44618$3841A$\^function\_.L:1#issueCommand(<function>:124)
	at jdk.nashorn.internal.scripts.Script$Recompilation$44618$3841A$\^function\_.L:1#issueCommand(<function>:124)
	at jdk.nashorn.internal.scripts.Script$Recompilation$44618$3841A$\^function\_.L:1#issueCommand(<function>:124)
	at jdk.nashorn.internal.scripts.Script$Recompilation$44618$3841A$\^function\_.L:1#issueCommand(<function>:124)
	at jdk.nashorn.internal.scripts.Script$Recompilation$44618$3841A$\^function\_.L:1#issueCommand(<function>:124)
	at jdk.nashorn.internal.scripts.Script$Recompilation$44618$3841A$\^function\_.L:1#issueCommand(<function>:124)
	at jdk.nashorn.internal.scripts.Script$Recompilation$44618$3841A$\^function\_.L:1#issueCommand(<function>:124)
	at jdk.nashorn.internal.scripts.Script$Recompilation$44618$3841A$\^function\_.L:1#issueCommand(<function>:124)
	at jdk.nashorn.internal.scripts.Script$Recompilation$44618$3841A$\^function\_.L:1#issueCommand(<function>:124)
	at jdk.nashorn.internal.scripts.Script$Recompilation$44618$3841A$\^function\_.L:1#issueCommand(<function>:124)
	at jdk.nashorn.internal.scripts.Script$Recompilation$44618$3841A$\^function\_.L:1#issueCommand(<function>:124)
	at jdk.nashorn.internal.scripts.Script$Recompilation$44618$3841A$\^function\_.L:1#issueCommand(<function>:124)
	at jdk.nashorn.internal.scripts.Script$Recompilation$44618$3841A$\^function\_.L:1#issueCommand(<function>:124)
	at jdk.nashorn.internal.scripts.Script$Recompilation$44618$3841A$\^function\_.L:1#issueCommand(<function>:124)
	at jdk.nashorn.internal.scripts.Script$Recompilation$44618$3841A$\^function\_.L:1#issueCommand(<function>:124)
	at jdk.nashorn.internal.scripts.Script$Recompilation$44618$3841A$\^function\_.L:1#issueCommand(<function>:124)
	at jdk.nashorn.internal.scripts.Script$Recompilation$44618$3841A$\^function\_.L:1#issueCommand(<function>:124)
	at jdk.nashorn.internal.scripts.Script$Recompilation$44618$3841A$\^function\_.L:1#issueCommand(<function>:124)
	at jdk.nashorn.internal.scripts.Script$Recompilation$44618$3841A$\^function\_.L:1#issueCommand(<function>:124)
	at jdk.nashorn.internal.scripts.Script$Recompilation$44618$3841A$\^function\_.L:1#issueCommand(<function>:124)
	at jdk.nashorn.internal.scripts.Script$Recompilation$44618$3841A$\^function\_.L:1#issueCommand(<function>:124)
	at jdk.nashorn.internal.scripts.Script$Recompilation$44618$3841A$\^function\_.L:1#issueCommand(<function>:124)
	at jdk.nashorn.internal.scripts.Script$Recompilation$44618$3841A$\^function\_.L:1#issueCommand(<function>:124)
	at jdk.nashorn.internal.scripts.Script$Recompilation$44618$3841A$\^function\_.L:1#issueCommand(<function>:124)
	at jdk.nashorn.internal.scripts.Script$Recompilation$44618$3841A$\^function\_.L:1#issueCommand(<function>:124)
	at jdk.nashorn.internal.scripts.Script$Recompilation$44618$3841A$\^function\_.L:1#issueCommand(<function>:124)
	at jdk.nashorn.internal.scripts.Script$Recompilation$44618$3841A$\^function\_.L:1#issueCommand(<function>:124)
	at jdk.nashorn.internal.scripts.Script$Recompilation$44618$3841A$\^function\_.L:1#issueCommand(<function>:124)
	at jdk.nashorn.internal.scripts.Script$Recompilation$44618$3841A$\^function\_.L:1#issueCommand(<function>:124)
	at jdk.nashorn.internal.scripts.Script$Recompilation$44618$3841A$\^function\_.L:1#issueCommand(<function>:124)
	at jdk.nashorn.internal.scripts.Script$Recompilation$44618$3841A$\^function\_.L:1#issueCommand(<function>:124)
	at jdk.nashorn.internal.scripts.Script$Recompilation$44618$3841A$\^function\_.L:1#issueCommand(<function>:124)
	at jdk.nashorn.internal.scripts.Script$Recompilation$44618$3841A$\^function\_.L:1#issueCommand(<function>:124)
	at jdk.nashorn.internal.scripts.Script$Recompilation$44618$3841A$\^function\_.L:1#issueCommand(<function>:124)
	at jdk.nashorn.internal.scripts.Script$Recompilation$44618$3841A$\^function\_.L:1#issueCommand(<function>:124)
	at jdk.nashorn.internal.scripts.Script$Recompilation$44618$3841A$\^function\_.L:1#issueCommand(<function>:124)
	at jdk.nashorn.internal.scripts.Script$Recompilation$44618$3841A$\^function\_.L:1#issueCommand(<function>:124)
	at jdk.nashorn.internal.scripts.Script$Recompilation$44618$3841A$\^function\_.L:1#issueCommand(<function>:124)
	at jdk.nashorn.internal.scripts.Script$Recompilation$44618$3841A$\^function\_.L:1#issueCommand(<function>:124)
	at jdk.nashorn.internal.scripts.Script$Recompilation$44618$3841A$\^function\_.L:1#issueCommand(<function>:124)
	at jdk.nashorn.internal.scripts.Script$Recompilation$44618$3841A$\^function\_.L:1#issueCommand(<function>:124)
	at jdk.nashorn.internal.scripts.Script$Recompilation$44618$3841A$\^function\_.L:1#issueCommand(<function>:124)
	at jdk.nashorn.internal.scripts.Script$Recompilation$44618$3841A$\^function\_.L:1#issueCommand(<function>:124)
	at jdk.nashorn.internal.scripts.Script$Recompilation$44618$3841A$\^function\_.L:1#issueCommand(<function>:124)
	at jdk.nashorn.internal.scripts.Script$Recompilation$44618$3841A$\^function\_.L:1#issueCommand(<function>:124)
	at jdk.nashorn.internal.scripts.Script$Recompilation$44618$3841A$\^function\_.L:1#issueCommand(<function>:124)
	at jdk.nashorn.internal.scripts.Script$Recompilation$44618$3841A$\^function\_.L:1#issueCommand(<function>:124)
	at jdk.nashorn.internal.scripts.Script$Recompilation$44618$3841A$\^function\_.L:1#issueCommand(<function>:124)
	at jdk.nashorn.internal.scripts.Script$Recompilation$44618$3841A$\^function\_.L:1#issueCommand(<function>:124)
	at jdk.nashorn.internal.scripts.Script$Recompilation$44618$3841A$\^function\_.L:1#issueCommand(<function>:124)
	at jdk.nashorn.internal.scripts.Script$Recompilation$44618$3841A$\^function\_.L:1#issueCommand(<function>:124)
	at jdk.nashorn.internal.scripts.Script$Recompilation$44618$3841A$\^function\_.L:1#issueCommand(<function>:124)
	at jdk.nashorn.internal.scripts.Script$Recompilation$44618$3841A$\^function\_.L:1#issueCommand(<function>:124)
	at jdk.nashorn.internal.scripts.Script$Recompilation$44618$3841A$\^function\_.L:1#issueCommand(<function>:124)
	at jdk.nashorn.internal.scripts.Script$Recompilation$44618$3841A$\^function\_.L:1#issueCommand(<function>:124)
	at jdk.nashorn.internal.scripts.Script$Recompilation$44618$3841A$\^function\_.L:1#issueCommand(<function>:124)
	at jdk.nashorn.internal.scripts.Script$Recompilation$44618$3841A$\^function\_.L:1#issueCommand(<function>:124)
	at jdk.nashorn.internal.scripts.Script$Recompilation$44618$3841A$\^function\_.L:1#issueCommand(<function>:124)
	at jdk.nashorn.internal.scripts.Script$Recompilation$44618$3841A$\^function\_.L:1#issueCommand(<function>:124)
	at jdk.nashorn.internal.scripts.Script$Recompilation$44618$3841A$\^function\_.L:1#issueCommand(<function>:124)
	at jdk.nashorn.internal.scripts.Script$Recompilation$44618$3841A$\^function\_.L:1#issueCommand(<function>:124)
	at jdk.nashorn.internal.scripts.Script$Recompilation$44618$3841A$\^function\_.L:1#issueCommand(<function>:124)
	at jdk.nashorn.internal.scripts.Script$Recompilation$44618$3841A$\^function\_.L:1#issueCommand(<function>:124)
	at jdk.nashorn.internal.scripts.Script$Recompilation$44618$3841A$\^function\_.L:1#issueCommand(<function>:124)
	at jdk.nashorn.internal.scripts.Script$Recompilation$44618$3841A$\^function\_.L:1#issueCommand(<function>:124)
	at jdk.nashorn.internal.scripts.Script$Recompilation$44618$3841A$\^function\_.L:1#issueCommand(<function>:124)
	at jdk.nashorn.internal.scripts.Script$Recompilation$44618$3841A$\^function\_.L:1#issueCommand(<function>:124)
	at jdk.nashorn.internal.scripts.Script$Recompilation$44618$3841A$\^function\_.L:1#issueCommand(<function>:124)
	at jdk.nashorn.internal.scripts.Script$Recompilation$44618$3841A$\^function\_.L:1#issueCommand(<function>:124)
	at jdk.nashorn.internal.scripts.Script$Recompilation$44618$3841A$\^function\_.L:1#issueCommand(<function>:124)
	at jdk.nashorn.internal.scripts.Script$Recompilation$44618$3841A$\^function\_.L:1#issueCommand(<function>:124)
	at jdk.nashorn.internal.scripts.Script$Recompilation$44618$3841A$\^function\_.L:1#issueCommand(<function>:124)
	at jdk.nashorn.internal.scripts.Script$Recompilation$44618$3841A$\^function\_.L:1#issueCommand(<function>:124)
	at jdk.nashorn.internal.scripts.Script$Recompilation$44618$3841A$\^function\_.L:1#issueCommand(<function>:124)
	at jdk.nashorn.internal.scripts.Script$Recompilation$44618$3841A$\^function\_.L:1#issueCommand(<function>:124)
	at jdk.nashorn.internal.scripts.Script$Recompilation$44618$3841A$\^function\_.L:1#issueCommand(<function>:124)
	at jdk.nashorn.internal.scripts.Script$Recompilation$44618$3841A$\^function\_.L:1#issueCommand(<function>:124)
	at jdk.nashorn.internal.scripts.Script$Recompilation$44618$3841A$\^function\_.L:1#issueCommand(<function>:124)
	at jdk.nashorn.internal.scripts.Script$Recompilation$44618$3841A$\^function\_.L:1#issueCommand(<function>:124)
	at jdk.nashorn.internal.scripts.Script$Recompilation$44618$3841A$\^function\_.L:1#issueCommand(<function>:124)
	at jdk.nashorn.internal.scripts.Script$Recompilation$44618$3841A$\^function\_.L:1#issueCommand(<function>:124)
	at jdk.nashorn.internal.scripts.Script$Recompilation$44618$3841A$\^function\_.L:1#issueCommand(<function>:124)
	at jdk.nashorn.internal.scripts.Script$Recompilation$44618$3841A$\^function\_.L:1#issueCommand(<function>:124)
	at jdk.nashorn.internal.scripts.Script$Recompilation$44618$3841A$\^function\_.L:1#issueCommand(<function>:124)
	at jdk.nashorn.internal.scripts.Script$Recompilation$44618$3841A$\^function\_.L:1#issueCommand(<function>:124)
	at jdk.nashorn.internal.scripts.Script$Recompilation$44618$3841A$\^function\_.L:1#issueCommand(<function>:124)
	at jdk.nashorn.internal.scripts.Script$Recompilation$44618$3841A$\^function\_.L:1#issueCommand(<function>:124)
	at jdk.nashorn.internal.scripts.Script$Recompilation$44618$3841A$\^function\_.L:1#issueCommand(<function>:124)
	at jdk.nashorn.internal.scripts.Script$Recompilation$44618$3841A$\^function\_.L:1#issueCommand(<function>:124)
	at jdk.nashorn.internal.scripts.Script$Recompilation$44618$3841A$\^function\_.L:1#issueCommand(<function>:124)
	at jdk.nashorn.internal.scripts.Script$Recompilation$44618$3841A$\^function\_.L:1#issueCommand(<function>:124)
	at jdk.nashorn.internal.scripts.Script$Recompilation$44618$3841A$\^function\_.L:1#issueCommand(<function>:124)
	at jdk.nashorn.internal.scripts.Script$Recompilation$44618$3841A$\^function\_.L:1#issueCommand(<function>:124)
	at jdk.nashorn.internal.scripts.Script$Recompilation$44618$3841A$\^function\_.L:1#issueCommand(<function>:124)
	at jdk.nashorn.internal.scripts.Script$Recompilation$44618$3841A$\^function\_.L:1#issueCommand(<function>:124)
	at jdk.nashorn.internal.scripts.Script$Recompilation$44618$3841A$\^function\_.L:1#issueCommand(<function>:124)
	at jdk.nashorn.internal.scripts.Script$Recompilation$44618$3841A$\^function\_.L:1#issueCommand(<function>:124)
	at jdk.nashorn.internal.scripts.Script$Recompilation$44618$3841A$\^function\_.L:1#issueCommand(<function>:124)
	at jdk.nashorn.internal.scripts.Script$Recompilation$44618$3841A$\^function\_.L:1#issueCommand(<function>:124)
	at jdk.nashorn.internal.scripts.Script$Recompilation$44618$3841A$\^function\_.L:1#issueCommand(<function>:124)
	at jdk.nashorn.internal.scripts.Script$Recompilation$44618$3841A$\^function\_.L:1#issueCommand(<function>:124)
	at jdk.nashorn.internal.scripts.Script$Recompilation$44618$3841A$\^function\_.L:1#issueCommand(<function>:124)
	at jdk.nashorn.internal.scripts.Script$Recompilation$44618$3841A$\^function\_.L:1#issueCommand(<function>:124)
	at jdk.nashorn.internal.scripts.Script$Recompilation$44618$3841A$\^function\_.L:1#issueCommand(<function>:124)
	at jdk.nashorn.internal.scripts.Script$Recompilation$44618$3841A$\^function\_.L:1#issueCommand(<function>:124)
	at jdk.nashorn.internal.scripts.Script$Recompilation$44618$3841A$\^function\_.L:1#issueCommand(<function>:124)
	at jdk.nashorn.internal.scripts.Script$Recompilation$44618$3841A$\^function\_.L:1#issueCommand(<function>:124)
	at jdk.nashorn.internal.scripts.Script$Recompilation$44618$3841A$\^function\_.L:1#issueCommand(<function>:124)
	at jdk.nashorn.internal.scripts.Script$Recompilation$44618$3841A$\^function\_.L:1#issueCommand(<function>:124)
	at jdk.nashorn.internal.scripts.Script$Recompilation$44618$3841A$\^function\_.L:1#issueCommand(<function>:124)
	at jdk.nashorn.internal.scripts.Script$Recompilation$44618$3841A$\^function\_.L:1#issueCommand(<function>:124)
	at jdk.nashorn.internal.scripts.Script$Recompilation$44618$3841A$\^function\_.L:1#issueCommand(<function>:124)
	at jdk.nashorn.internal.scripts.Script$Recompilation$44618$3841A$\^function\_.L:1#issueCommand(<function>:124)
	at jdk.nashorn.internal.scripts.Script$Recompilation$44618$3841A$\^function\_.L:1#issueCommand(<function>:124)
	at jdk.nashorn.internal.scripts.Script$Recompilation$44618$3841A$\^function\_.L:1#issueCommand(<function>:124)
	at jdk.nashorn.internal.scripts.Script$Recompilation$44618$3841A$\^function\_.L:1#issueCommand(<function>:124)
	at jdk.nashorn.internal.scripts.Script$Recompilation$44618$3841A$\^function\_.L:1#issueCommand(<function>:124)
	at jdk.nashorn.internal.scripts.Script$Recompilation$44618$3841A$\^function\_.L:1#issueCommand(<function>:124)
	at jdk.nashorn.internal.scripts.Script$Recompilation$44618$3841A$\^function\_.L:1#issueCommand(<function>:124)
	at jdk.nashorn.internal.scripts.Script$Recompilation$44618$3841A$\^function\_.L:1#issueCommand(<function>:124)
	at jdk.nashorn.internal.scripts.Script$Recompilation$44618$3841A$\^function\_.L:1#issueCommand(<function>:124)
	at jdk.nashorn.internal.scripts.Script$Recompilation$44618$3841A$\^function\_.L:1#issueCommand(<function>:124)
	at jdk.nashorn.internal.scripts.Script$Recompilation$44618$3841A$\^function\_.L:1#issueCommand(<function>:124)
	at jdk.nashorn.internal.scripts.Script$Recompilation$44618$3841A$\^function\_.L:1#issueCommand(<function>:124)
	at jdk.nashorn.internal.scripts.Script$Recompilation$44618$3841A$\^function\_.L:1#issueCommand(<function>:124)
	at jdk.nashorn.internal.scripts.Script$Recompilation$44618$3841A$\^function\_.L:1#issueCommand(<function>:124)
	at jdk.nashorn.internal.scripts.Script$Recompilation$44618$3841A$\^function\_.L:1#issueCommand(<function>:124)
	at jdk.nashorn.internal.scripts.Script$Recompilation$44618$3841A$\^function\_.L:1#issueCommand(<function>:124)
	at jdk.nashorn.internal.scripts.Script$Recompilation$44618$3841A$\^function\_.L:1#issueCommand(<function>:124)
	at jdk.nashorn.internal.scripts.Script$Recompilation$44618$3841A$\^function\_.L:1#issueCommand(<function>:124)
	at jdk.nashorn.internal.scripts.Script$Recompilation$44618$3841A$\^function\_.L:1#issueCommand(<function>:124)
	at jdk.nashorn.internal.scripts.Script$Recompilation$44618$3841A$\^function\_.L:1#issueCommand(<function>:124)
	at jdk.nashorn.internal.scripts.Script$Recompilation$44618$3841A$\^function\_.L:1#issueCommand(<function>:124)
	at jdk.nashorn.internal.scripts.Script$Recompilation$44618$3841A$\^function\_.L:1#issueCommand(<function>:124)
	at jdk.nashorn.internal.scripts.Script$Recompilation$44618$3841A$\^function\_.L:1#issueCommand(<function>:124)
	at jdk.nashorn.internal.scripts.Script$Recompilation$44618$3841A$\^function\_.L:1#issueCommand(<function>:124)
	at jdk.nashorn.internal.scripts.Script$Recompilation$44618$3841A$\^function\_.L:1#issueCommand(<function>:124)
	at jdk.nashorn.internal.scripts.Script$Recompilation$44618$3841A$\^function\_.L:1#issueCommand(<function>:124)
	at jdk.nashorn.internal.scripts.Script$Recompilation$44618$3841A$\^function\_.L:1#issueCommand(<function>:124)
	at jdk.nashorn.internal.scripts.Script$Recompilation$44618$3841A$\^function\_.L:1#issueCommand(<function>:124)
	at jdk.nashorn.internal.scripts.Script$Recompilation$44618$3841A$\^function\_.L:1#issueCommand(<function>:124)
	at jdk.nashorn.internal.scripts.Script$Recompilation$44618$3841A$\^function\_.L:1#issueCommand(<function>:124)
	at jdk.nashorn.internal.scripts.Script$Recompilation$44618$3841A$\^function\_.L:1#issueCommand(<function>:124)
	at jdk.nashorn.internal.scripts.Script$Recompilation$44618$3841A$\^function\_.L:1#issueCommand(<function>:124)
	at jdk.nashorn.internal.scripts.Script$Recompilation$44618$3841A$\^function\_.L:1#issueCommand(<function>:124)
	at jdk.nashorn.internal.scripts.Script$Recompilation$44618$3841A$\^function\_.L:1#issueCommand(<function>:124)
	at jdk.nashorn.internal.scripts.Script$Recompilation$44618$3841A$\^function\_.L:1#issueCommand(<function>:124)
	at jdk.nashorn.internal.scripts.Script$Recompilation$44618$3841A$\^function\_.L:1#issueCommand(<function>:124)
	at jdk.nashorn.internal.scripts.Script$Recompilation$44618$3841A$\^function\_.L:1#issueCommand(<function>:124)
	at jdk.nashorn.internal.scripts.Script$Recompilation$44618$3841A$\^function\_.L:1#issueCommand(<function>:124)
	at jdk.nashorn.internal.scripts.Script$Recompilation$44618$3841A$\^function\_.L:1#issueCommand(<function>:124)
	at jdk.nashorn.internal.scripts.Script$Recompilation$44618$3841A$\^function\_.L:1#issueCommand(<function>:124)
	at jdk.nashorn.internal.scripts.Script$Recompilation$44618$3841A$\^function\_.L:1#issueCommand(<function>:124)
	at jdk.nashorn.internal.scripts.Script$Recompilation$44618$3841A$\^function\_.L:1#issueCommand(<function>:124)
	at jdk.nashorn.internal.scripts.Script$Recompilation$44618$3841A$\^function\_.L:1#issueCommand(<function>:124)
	at jdk.nashorn.internal.scripts.Script$Recompilation$44618$3841A$\^function\_.L:1#issueCommand(<function>:124)
	at jdk.nashorn.internal.scripts.Script$Recompilation$44618$3841A$\^function\_.L:1#issueCommand(<function>:124)
	at jdk.nashorn.internal.scripts.Script$Recompilation$44618$3841A$\^function\_.L:1#issueCommand(<function>:124)
	at jdk.nashorn.internal.scripts.Script$Recompilation$44618$3841A$\^function\_.L:1#issueCommand(<function>:124)
	at jdk.nashorn.internal.scripts.Script$Recompilation$44618$3841A$\^function\_.L:1#issueCommand(<function>:124)
	at jdk.nashorn.internal.scripts.Script$Recompilation$44618$3841A$\^function\_.L:1#issueCommand(<function>:124)
	at jdk.nashorn.internal.scripts.Script$Recompilation$44618$3841A$\^function\_.L:1#issueCommand(<function>:124)
	at jdk.nashorn.internal.scripts.Script$Recompilation$44618$3841A$\^function\_.L:1#issueCommand(<function>:124)
	at jdk.nashorn.internal.scripts.Script$Recompilation$44618$3841A$\^function\_.L:1#issueCommand(<function>:124)
	at jdk.nashorn.internal.scripts.Script$Recompilation$44618$3841A$\^function\_.L:1#issueCommand(<function>:124)
	at jdk.nashorn.internal.scripts.Script$Recompilation$44618$3841A$\^function\_.L:1#issueCommand(<function>:124)
	at jdk.nashorn.internal.scripts.Script$Recompilation$44618$3841A$\^function\_.L:1#issueCommand(<function>:124)
	at jdk.nashorn.internal.scripts.Script$Recompilation$44618$3841A$\^function\_.L:1#issueCommand(<function>:124)
	at jdk.nashorn.internal.scripts.Script$Recompilation$44618$3841A$\^function\_.L:1#issueCommand(<function>:124)
	at jdk.nashorn.internal.scripts.Script$Recompilation$44618$3841A$\^function\_.L:1#issueCommand(<function>:124)
	at jdk.nashorn.internal.scripts.Script$Recompilation$44618$3841A$\^function\_.L:1#issueCommand(<function>:124)
	at jdk.nashorn.internal.scripts.Script$Recompilation$44618$3841A$\^function\_.L:1#issueCommand(<function>:124)
	at jdk.nashorn.internal.scripts.Script$Recompilation$44618$3841A$\^function\_.L:1#issueCommand(<function>:124)
	at jdk.nashorn.internal.scripts.Script$Recompilation$44618$3841A$\^function\_.L:1#issueCommand(<function>:124)
	at jdk.nashorn.internal.scripts.Script$Recompilation$44618$3841A$\^function\_.L:1#issueCommand(<function>:124)
	at jdk.nashorn.internal.scripts.Script$Recompilation$44618$3841A$\^function\_.L:1#issueCommand(<function>:124)
	at jdk.nashorn.internal.scripts.Script$Recompilation$44618$3841A$\^function\_.L:1#issueCommand(<function>:124)
	at jdk.nashorn.internal.scripts.Script$Recompilation$44618$3841A$\^function\_.L:1#issueCommand(<function>:124)
	at jdk.nashorn.internal.scripts.Script$Recompilation$44618$3841A$\^function\_.L:1#issueCommand(<function>:124)
	at jdk.nashorn.internal.scripts.Script$Recompilation$44618$3841A$\^function\_.L:1#issueCommand(<function>:124)
	at jdk.nashorn.internal.scripts.Script$Recompilation$44618$3841A$\^function\_.L:1#issueCommand(<function>:124)
	at jdk.nashorn.internal.scripts.Script$Recompilation$44618$3841A$\^function\_.L:1#issueCommand(<function>:124)
	at jdk.nashorn.internal.scripts.Script$Recompilation$44618$3841A$\^function\_.L:1#issueCommand(<function>:124)
	at jdk.nashorn.internal.scripts.Script$Recompilation$44618$3841A$\^function\_.L:1#issueCommand(<function>:124)
	at jdk.nashorn.internal.scripts.Script$Recompilation$44618$3841A$\^function\_.L:1#issueCommand(<function>:124)
	at jdk.nashorn.internal.scripts.Script$Recompilation$44618$3841A$\^function\_.L:1#issueCommand(<function>:124)
	at jdk.nashorn.internal.scripts.Script$Recompilation$44618$3841A$\^function\_.L:1#issueCommand(<function>:124)
	at jdk.nashorn.internal.scripts.Script$Recompilation$44618$3841A$\^function\_.L:1#issueCommand(<function>:124)
	at jdk.nashorn.internal.scripts.Script$Recompilation$44618$3841A$\^function\_.L:1#issueCommand(<function>:124)
	at jdk.nashorn.internal.scripts.Script$Recompilation$44618$3841A$\^function\_.L:1#issueCommand(<function>:124)
	at jdk.nashorn.internal.scripts.Script$Recompilation$44618$3841A$\^function\_.L:1#issueCommand(<function>:124)
	at jdk.nashorn.internal.scripts.Script$Recompilation$44618$3841A$\^function\_.L:1#issueCommand(<function>:124)
	at jdk.nashorn.internal.scripts.Script$Recompilation$44618$3841A$\^function\_.L:1#issueCommand(<function>:124)
	at jdk.nashorn.internal.scripts.Script$Recompilation$44618$3841A$\^function\_.L:1#issueCommand(<function>:124)
	at jdk.nashorn.internal.scripts.Script$Recompilation$44618$3841A$\^function\_.L:1#issueCommand(<function>:124)
	at jdk.nashorn.internal.scripts.Script$Recompilation$44618$3841A$\^function\_.L:1#issueCommand(<function>:124)
	at jdk.nashorn.internal.scripts.Script$Recompilation$44618$3841A$\^function\_.L:1#issueCommand(<function>:124)
	at jdk.nashorn.internal.scripts.Script$Recompilation$44618$3841A$\^function\_.L:1#issueCommand(<function>:124)
	at jdk.nashorn.internal.scripts.Script$Recompilation$44618$3841A$\^function\_.L:1#issueCommand(<function>:124)
	at jdk.nashorn.internal.scripts.Script$Recompilation$44618$3841A$\^function\_.L:1#issueCommand(<function>:124)
	at jdk.nashorn.internal.scripts.Script$Recompilation$44618$3841A$\^function\_.L:1#issueCommand(<function>:124)
	at jdk.nashorn.internal.scripts.Script$Recompilation$44618$3841A$\^function\_.L:1#issueCommand(<function>:124)
	at jdk.nashorn.internal.scripts.Script$Recompilation$44618$3841A$\^function\_.L:1#issueCommand(<function>:124)
	at jdk.nashorn.internal.scripts.Script$Recompilation$44618$3841A$\^function\_.L:1#issueCommand(<function>:124)
	at jdk.nashorn.internal.scripts.Script$Recompilation$44618$3841A$\^function\_.L:1#issueCommand(<function>:124)
	at jdk.nashorn.internal.scripts.Script$Recompilation$44618$3841A$\^function\_.L:1#issueCommand(<function>:124)
	at jdk.nashorn.internal.scripts.Script$Recompilation$44618$3841A$\^function\_.L:1#issueCommand(<function>:124)
	at jdk.nashorn.internal.scripts.Script$Recompilation$44618$3841A$\^function\_.L:1#issueCommand(<function>:124)
	at jdk.nashorn.internal.scripts.Script$Recompilation$44618$3841A$\^function\_.L:1#issueCommand(<function>:124)
	at jdk.nashorn.internal.scripts.Script$Recompilation$44618$3841A$\^function\_.L:1#issueCommand(<function>:124)
	at jdk.nashorn.internal.scripts.Script$Recompilation$44618$3841A$\^function\_.L:1#issueCommand(<function>:124)
	at jdk.nashorn.internal.scripts.Script$Recompilation$44618$3841A$\^function\_.L:1#issueCommand(<function>:124)
	at jdk.nashorn.internal.scripts.Script$Recompilation$44618$3841A$\^function\_.L:1#issueCommand(<function>:124)
	at jdk.nashorn.internal.scripts.Script$Recompilation$44618$3841A$\^function\_.L:1#issueCommand(<function>:124)
	at jdk.nashorn.internal.scripts.Script$Recompilation$44618$3841A$\^function\_.L:1#issueCommand(<function>:124)
	at jdk.nashorn.internal.scripts.Script$Recompilation$44618$3841A$\^function\_.L:1#issueCommand(<function>:124)
	at jdk.nashorn.internal.scripts.Script$Recompilation$44618$3841A$\^function\_.L:1#issueCommand(<function>:124)
	at jdk.nashorn.internal.scripts.Script$Recompilation$44618$3841A$\^function\_.L:1#issueCommand(<function>:124)
	at jdk.nashorn.internal.scripts.Script$Recompilation$44618$3841A$\^function\_.L:1#issueCommand(<function>:124)
	at jdk.nashorn.internal.scripts.Script$Recompilation$44618$3841A$\^function\_.L:1#issueCommand(<function>:124)
	at jdk.nashorn.internal.scripts.Script$Recompilation$44618$3841A$\^function\_.L:1#issueCommand(<function>:124)
	at jdk.nashorn.internal.scripts.Script$Recompilation$44618$3841A$\^function\_.L:1#issueCommand(<function>:124)
	at jdk.nashorn.internal.scripts.Script$Recompilation$44618$3841A$\^function\_.L:1#issueCommand(<function>:124)
	at jdk.nashorn.internal.scripts.Script$Recompilation$44618$3841A$\^function\_.L:1#issueCommand(<function>:124)
	at jdk.nashorn.internal.scripts.Script$Recompilation$44618$3841A$\^function\_.L:1#issueCommand(<function>:124)
	at jdk.nashorn.internal.scripts.Script$Recompilation$44618$3841A$\^function\_.L:1#issueCommand(<function>:124)
	at jdk.nashorn.internal.scripts.Script$Recompilation$44618$3841A$\^function\_.L:1#issueCommand(<function>:124)
	at jdk.nashorn.internal.scripts.Script$Recompilation$44618$3841A$\^function\_.L:1#issueCommand(<function>:124)
	at jdk.nashorn.internal.scripts.Script$Recompilation$44618$3841A$\^function\_.L:1#issueCommand(<function>:124)
	at jdk.nashorn.internal.scripts.Script$Recompilation$44618$3841A$\^function\_.L:1#issueCommand(<function>:124)
	at jdk.nashorn.internal.scripts.Script$Recompilation$44618$3841A$\^function\_.L:1#issueCommand(<function>:124)
	at jdk.nashorn.internal.scripts.Script$Recompilation$44618$3841A$\^function\_.L:1#issueCommand(<function>:124)
	at jdk.nashorn.internal.scripts.Script$Recompilation$44618$3841A$\^function\_.L:1#issueCommand(<function>:124)
	at jdk.nashorn.internal.scripts.Script$Recompilation$44618$3841A$\^function\_.L:1#issueCommand(<function>:124)
	at jdk.nashorn.internal.scripts.Script$Recompilation$44618$3841A$\^function\_.L:1#issueCommand(<function>:124)
	at jdk.nashorn.internal.scripts.Script$Recompilation$44618$3841A$\^function\_.L:1#issueCommand(<function>:124)
	at jdk.nashorn.internal.scripts.Script$Recompilation$44618$3841A$\^function\_.L:1#issueCommand(<function>:124)
	at jdk.nashorn.internal.scripts.Script$Recompilation$44618$3841A$\^function\_.L:1#issueCommand(<function>:124)
	at jdk.nashorn.internal.scripts.Script$Recompilation$44618$3841A$\^function\_.L:1#issueCommand(<function>:124)
	at jdk.nashorn.internal.scripts.Script$Recompilation$44618$3841A$\^function\_.L:1#issueCommand(<function>:124)
	at jdk.nashorn.internal.scripts.Script$Recompilation$44618$3841A$\^function\_.L:1#issueCommand(<function>:124)
	at jdk.nashorn.internal.scripts.Script$Recompilation$44618$3841A$\^function\_.L:1#issueCommand(<function>:124)
	at jdk.nashorn.internal.scripts.Script$Recompilation$44618$3841A$\^function\_.L:1#issueCommand(<function>:124)
	at jdk.nashorn.internal.scripts.Script$Recompilation$44618$3841A$\^function\_.L:1#issueCommand(<function>:124)
	at jdk.nashorn.internal.scripts.Script$Recompilation$44618$3841A$\^function\_.L:1#issueCommand(<function>:124)
	at jdk.nashorn.internal.scripts.Script$Recompilation$44618$3841A$\^function\_.L:1#issueCommand(<function>:124)
	at jdk.nashorn.internal.scripts.Script$Recompilation$44618$3841A$\^function\_.L:1#issueCommand(<function>:124)
	at jdk.nashorn.internal.scripts.Script$Recompilation$44618$3841A$\^function\_.L:1#issueCommand(<function>:124)
	at jdk.nashorn.internal.scripts.Script$Recompilation$44618$3841A$\^function\_.L:1#issueCommand(<function>:124)
	at jdk.nashorn.internal.scripts.Script$Recompilation$44618$3841A$\^function\_.L:1#issueCommand(<function>:124)
	at jdk.nashorn.internal.scripts.Script$Recompilation$44618$3841A$\^function\_.L:1#issueCommand(<function>:124)
	at jdk.nashorn.internal.scripts.Script$Recompilation$44618$3841A$\^function\_.L:1#issueCommand(<function>:124)
	at jdk.nashorn.internal.scripts.Script$Recompilation$44618$3841A$\^function\_.L:1#issueCommand(<function>:124)
	at jdk.nashorn.internal.scripts.Script$Recompilation$44618$3841A$\^function\_.L:1#issueCommand(<function>:124)
	at jdk.nashorn.internal.scripts.Script$Recompilation$44618$3841A$\^function\_.L:1#issueCommand(<function>:124)
	at jdk.nashorn.internal.scripts.Script$Recompilation$44618$3841A$\^function\_.L:1#issueCommand(<function>:124)
	at jdk.nashorn.internal.scripts.Script$Recompilation$44618$3841A$\^function\_.L:1#issueCommand(<function>:124)
	at jdk.nashorn.internal.scripts.Script$Recompilation$44618$3841A$\^function\_.L:1#issueCommand(<function>:124)
	at jdk.nashorn.internal.scripts.Script$Recompilation$44618$3841A$\^function\_.L:1#issueCommand(<function>:124)
	at jdk.nashorn.internal.scripts.Script$Recompilation$44618$3841A$\^function\_.L:1#issueCommand(<function>:124)
	at jdk.nashorn.internal.scripts.Script$Recompilation$44618$3841A$\^function\_.L:1#issueCommand(<function>:124)
	at jdk.nashorn.internal.scripts.Script$Recompilation$44618$3841A$\^function\_.L:1#issueCommand(<function>:124)
	at jdk.nashorn.internal.scripts.Script$Recompilation$44618$3841A$\^function\_.L:1#issueCommand(<function>:124)
	at jdk.nashorn.internal.scripts.Script$Recompilation$44618$3841A$\^function\_.L:1#issueCommand(<function>:124)
	at jdk.nashorn.internal.scripts.Script$Recompilation$44618$3841A$\^function\_.L:1#issueCommand(<function>:124)
	at jdk.nashorn.internal.scripts.Script$Recompilation$44618$3841A$\^function\_.L:1#issueCommand(<function>:124)
	at jdk.nashorn.internal.scripts.Script$Recompilation$44618$3841A$\^function\_.L:1#issueCommand(<function>:124)
	at jdk.nashorn.internal.scripts.Script$Recompilation$44618$3841A$\^function\_.L:1#issueCommand(<function>:124)
	at jdk.nashorn.internal.scripts.Script$Recompilation$44618$3841A$\^function\_.L:1#issueCommand(<function>:124)
	at jdk.nashorn.internal.scripts.Script$Recompilation$44618$3841A$\^function\_.L:1#issueCommand(<function>:124)
	at jdk.nashorn.internal.scripts.Script$Recompilation$44618$3841A$\^function\_.L:1#issueCommand(<function>:124)
	at jdk.nashorn.internal.scripts.Script$Recompilation$44618$3841A$\^function\_.L:1#issueCommand(<function>:124)
	at jdk.nashorn.internal.scripts.Script$Recompilation$44618$3841A$\^function\_.L:1#issueCommand(<function>:124)
	at jdk.nashorn.internal.scripts.Script$Recompilation$44618$3841A$\^function\_.L:1#issueCommand(<function>:124)
	at jdk.nashorn.internal.scripts.Script$Recompilation$44618$3841A$\^function\_.L:1#issueCommand(<function>:124)
	at jdk.nashorn.internal.scripts.Script$Recompilation$44618$3841A$\^function\_.L:1#issueCommand(<function>:124)
	at jdk.nashorn.internal.scripts.Script$Recompilation$44618$3841A$\^function\_.L:1#issueCommand(<function>:124)
	at jdk.nashorn.internal.scripts.Script$Recompilation$44618$3841A$\^function\_.L:1#issueCommand(<function>:124)
	at jdk.nashorn.internal.scripts.Script$Recompilation$44618$3841A$\^function\_.L:1#issueCommand(<function>:124)
	at jdk.nashorn.internal.scripts.Script$Recompilation$44618$3841A$\^function\_.L:1#issueCommand(<function>:124)
	at jdk.nashorn.internal.scripts.Script$Recompilation$44618$3841A$\^function\_.L:1#issueCommand(<function>:124)
	at jdk.nashorn.internal.scripts.Script$Recompilation$44618$3841A$\^function\_.L:1#issueCommand(<function>:124)
	at jdk.nashorn.internal.scripts.Script$Recompilation$44618$3841A$\^function\_.L:1#issueCommand(<function>:124)
	at jdk.nashorn.internal.scripts.Script$Recompilation$44618$3841A$\^function\_.L:1#issueCommand(<function>:124)
	at jdk.nashorn.internal.scripts.Script$Recompilation$44618$3841A$\^function\_.L:1#issueCommand(<function>:124)
	at jdk.nashorn.internal.scripts.Script$Recompilation$44618$3841A$\^function\_.L:1#issueCommand(<function>:124)
	at jdk.nashorn.internal.scripts.Script$Recompilation$44618$3841A$\^function\_.L:1#issueCommand(<function>:124)
	at jdk.nashorn.internal.scripts.Script$Recompilation$44618$3841A$\^function\_.L:1#issueCommand(<function>:124)
	at jdk.nashorn.internal.scripts.Script$Recompilation$44618$3841A$\^function\_.L:1#issueCommand(<function>:124)
	at jdk.nashorn.internal.scripts.Script$Recompilation$44618$3841A$\^function\_.L:1#issueCommand(<function>:124)
	at jdk.nashorn.internal.scripts.Script$Recompilation$44618$3841A$\^function\_.L:1#issueCommand(<function>:124)
	at jdk.nashorn.internal.scripts.Script$Recompilation$44618$3841A$\^function\_.L:1#issueCommand(<function>:124)
	at jdk.nashorn.internal.scripts.Script$Recompilation$44618$3841A$\^function\_.L:1#issueCommand(<function>:124)
	at jdk.nashorn.internal.scripts.Script$Recompilation$44618$3841A$\^function\_.L:1#issueCommand(<function>:124)
	at jdk.nashorn.internal.scripts.Script$Recompilation$44618$3841A$\^function\_.L:1#issueCommand(<function>:124)
	at jdk.nashorn.internal.scripts.Script$Recompilation$44618$3841A$\^function\_.L:1#issueCommand(<function>:124)
	at jdk.nashorn.internal.scripts.Script$Recompilation$44618$3841A$\^function\_.L:1#issueCommand(<function>:124)
	at jdk.nashorn.internal.scripts.Script$Recompilation$44618$3841A$\^function\_.L:1#issueCommand(<function>:124)
	at jdk.nashorn.internal.scripts.Script$Recompilation$44618$3841A$\^function\_.L:1#issueCommand(<function>:124)
	at jdk.nashorn.internal.scripts.Script$Recompilation$44618$3841A$\^function\_.L:1#issueCommand(<function>:124)
	at jdk.nashorn.internal.scripts.Script$Recompilation$44618$3841A$\^function\_.L:1#issueCommand(<function>:124)
	at jdk.nashorn.internal.scripts.Script$Recompilation$44618$3841A$\^function\_.L:1#issueCommand(<function>:124)
	at jdk.nashorn.internal.scripts.Script$Recompilation$44618$3841A$\^function\_.L:1#issueCommand(<function>:124)
	at jdk.nashorn.internal.scripts.Script$Recompilation$44618$3841A$\^function\_.L:1#issueCommand(<function>:124)
	at jdk.nashorn.internal.scripts.Script$Recompilation$44618$3841A$\^function\_.L:1#issueCommand(<function>:124)
	at jdk.nashorn.internal.scripts.Script$Recompilation$44618$3841A$\^function\_.L:1#issueCommand(<function>:124)
	at jdk.nashorn.internal.scripts.Script$Recompilation$44618$3841A$\^function\_.L:1#issueCommand(<function>:124)
	at jdk.nashorn.internal.scripts.Script$Recompilation$44618$3841A$\^function\_.L:1#issueCommand(<function>:124)
	at jdk.nashorn.internal.scripts.Script$Recompilation$44618$3841A$\^function\_.L:1#issueCommand(<function>:124)
	at jdk.nashorn.internal.scripts.Script$Recompilation$44618$3841A$\^function\_.L:1#issueCommand(<function>:124)
	at jdk.nashorn.internal.scripts.Script$Recompilation$44618$3841A$\^function\_.L:1#issueCommand(<function>:124)
	at jdk.nashorn.internal.scripts.Script$Recompilation$44618$3841A$\^function\_.L:1#issueCommand(<function>:124)
	at jdk.nashorn.internal.scripts.Script$Recompilation$44618$3841A$\^function\_.L:1#issueCommand(<function>:124)
	at jdk.nashorn.internal.scripts.Script$Recompilation$44618$3841A$\^function\_.L:1#issueCommand(<function>:124)
	at jdk.nashorn.internal.scripts.Script$Recompilation$44618$3841A$\^function\_.L:1#issueCommand(<function>:124)
	at jdk.nashorn.internal.scripts.Script$Recompilation$44618$3841A$\^function\_.L:1#issueCommand(<function>:124)
	at jdk.nashorn.internal.scripts.Script$Recompilation$44618$3841A$\^function\_.L:1#issueCommand(<function>:124)
	at jdk.nashorn.internal.scripts.Script$Recompilation$44618$3841A$\^function\_.L:1#issueCommand(<function>:124)
	at jdk.nashorn.internal.scripts.Script$Recompilation$44618$3841A$\^function\_.L:1#issueCommand(<function>:124)
	at jdk.nashorn.internal.scripts.Script$Recompilation$44618$3841A$\^function\_.L:1#issueCommand(<function>:124)
	at jdk.nashorn.internal.scripts.Script$Recompilation$44618$3841A$\^function\_.L:1#issueCommand(<function>:124)
	at jdk.nashorn.internal.scripts.Script$Recompilation$44618$3841A$\^function\_.L:1#issueCommand(<function>:124)
	at jdk.nashorn.internal.scripts.Script$Recompilation$44618$3841A$\^function\_.L:1#issueCommand(<function>:124)
	at jdk.nashorn.internal.scripts.Script$Recompilation$44618$3841A$\^function\_.L:1#issueCommand(<function>:124)
	at jdk.nashorn.internal.scripts.Script$Recompilation$44618$3841A$\^function\_.L:1#issueCommand(<function>:124)
	at jdk.nashorn.internal.scripts.Script$Recompilation$44618$3841A$\^function\_.L:1#issueCommand(<function>:124)
	at jdk.nashorn.internal.scripts.Script$Recompilation$44618$3841A$\^function\_.L:1#issueCommand(<function>:124)
	at jdk.nashorn.internal.scripts.Script$Recompilation$44618$3841A$\^function\_.L:1#issueCommand(<function>:124)
	at jdk.nashorn.internal.scripts.Script$Recompilation$44618$3841A$\^function\_.L:1#issueCommand(<function>:124)
	at jdk.nashorn.internal.scripts.Script$Recompilation$44618$3841A$\^function\_.L:1#issueCommand(<function>:124)
	at jdk.nashorn.internal.scripts.Script$Recompilation$44618$3841A$\^function\_.L:1#issueCommand(<function>:124)
	at jdk.nashorn.internal.scripts.Script$Recompilation$44618$3841A$\^function\_.L:1#issueCommand(<function>:124)
	at jdk.nashorn.internal.scripts.Script$Recompilation$44618$3841A$\^function\_.L:1#issueCommand(<function>:124)
	at jdk.nashorn.internal.scripts.Script$Recompilation$44618$3841A$\^function\_.L:1#issueCommand(<function>:124)
	at jdk.nashorn.internal.scripts.Script$Recompilation$44618$3841A$\^function\_.L:1#issueCommand(<function>:124)
	at jdk.nashorn.internal.scripts.Script$Recompilation$44618$3841A$\^function\_.L:1#issueCommand(<function>:124)
	at jdk.nashorn.internal.scripts.Script$Recompilation$44618$3841A$\^function\_.L:1#issueCommand(<function>:124)
	at jdk.nashorn.internal.scripts.Script$Recompilation$44618$3841A$\^function\_.L:1#issueCommand(<function>:124)
	at jdk.nashorn.internal.scripts.Script$Recompilation$44618$3841A$\^function\_.L:1#issueCommand(<function>:124)
	at jdk.nashorn.internal.scripts.Script$Recompilation$44618$3841A$\^function\_.L:1#issueCommand(<function>:124)
	at jdk.nashorn.internal.scripts.Script$Recompilation$44618$3841A$\^function\_.L:1#issueCommand(<function>:124)
	at jdk.nashorn.internal.scripts.Script$Recompilation$44618$3841A$\^function\_.L:1#issueCommand(<function>:124)
	at jdk.nashorn.internal.scripts.Script$Recompilation$44618$3841A$\^function\_.L:1#issueCommand(<function>:124)
	at jdk.nashorn.internal.scripts.Script$Recompilation$44618$3841A$\^function\_.L:1#issueCommand(<function>:124)
	at jdk.nashorn.internal.scripts.Script$Recompilation$44618$3841A$\^function\_.L:1#issueCommand(<function>:124)
	at jdk.nashorn.internal.scripts.Script$Recompilation$44618$3841A$\^function\_.L:1#issueCommand(<function>:124)
	at jdk.nashorn.internal.scripts.Script$Recompilation$44618$3841A$\^function\_.L:1#issueCommand(<function>:124)
	at jdk.nashorn.internal.scripts.Script$Recompilation$44618$3841A$\^function\_.L:1#issueCommand(<function>:124)
	at jdk.nashorn.internal.scripts.Script$Recompilation$44618$3841A$\^function\_.L:1#issueCommand(<function>:124)
	at jdk.nashorn.internal.scripts.Script$Recompilation$44618$3841A$\^function\_.L:1#issueCommand(<function>:124)
	at jdk.nashorn.internal.scripts.Script$Recompilation$44618$3841A$\^function\_.L:1#issueCommand(<function>:124)
	at jdk.nashorn.internal.scripts.Script$Recompilation$44618$3841A$\^function\_.L:1#issueCommand(<function>:124)
	at jdk.nashorn.internal.scripts.Script$Recompilation$44618$3841A$\^function\_.L:1#issueCommand(<function>:124)
	at jdk.nashorn.internal.scripts.Script$Recompilation$44618$3841A$\^function\_.L:1#issueCommand(<function>:124)
	at jdk.nashorn.internal.scripts.Script$Recompilation$44618$3841A$\^function\_.L:1#issueCommand(<function>:124)
	at jdk.nashorn.internal.scripts.Script$Recompilation$44618$3841A$\^function\_.L:1#issueCommand(<function>:124)
	at jdk.nashorn.internal.scripts.Script$Recompilation$44618$3841A$\^function\_.L:1#issueCommand(<function>:124)
	at jdk.nashorn.internal.scripts.Script$Recompilation$44618$3841A$\^function\_.L:1#issueCommand(<function>:124)
	at jdk.nashorn.internal.scripts.Script$Recompilation$44618$3841A$\^function\_.L:1#issueCommand(<function>:124)
	at jdk.nashorn.internal.scripts.Script$Recompilation$44618$3841A$\^function\_.L:1#issueCommand(<function>:124)
	at jdk.nashorn.internal.scripts.Script$Recompilation$44618$3841A$\^function\_.L:1#issueCommand(<function>:124)
	at jdk.nashorn.internal.scripts.Script$Recompilation$44618$3841A$\^function\_.L:1#issueCommand(<function>:124)
	at jdk.nashorn.internal.scripts.Script$Recompilation$44618$3841A$\^function\_.L:1#issueCommand(<function>:124)
	at jdk.nashorn.internal.scripts.Script$Recompilation$44618$3841A$\^function\_.L:1#issueCommand(<function>:124)
	at jdk.nashorn.internal.scripts.Script$Recompilation$44618$3841A$\^function\_.L:1#issueCommand(<function>:124)
	at jdk.nashorn.internal.scripts.Script$Recompilation$44618$3841A$\^function\_.L:1#issueCommand(<function>:124)
	at jdk.nashorn.internal.scripts.Script$Recompilation$44618$3841A$\^function\_.L:1#issueCommand(<function>:124)
	at jdk.nashorn.internal.scripts.Script$Recompilation$44618$3841A$\^function\_.L:1#issueCommand(<function>:124)
	at jdk.nashorn.internal.scripts.Script$Recompilation$44618$3841A$\^function\_.L:1#issueCommand(<function>:124)
	at jdk.nashorn.internal.scripts.Script$Recompilation$44618$3841A$\^function\_.L:1#issueCommand(<function>:124)
	at jdk.nashorn.internal.scripts.Script$Recompilation$44618$3841A$\^function\_.L:1#issueCommand(<function>:124)
	at jdk.nashorn.internal.scripts.Script$Recompilation$44618$3841A$\^function\_.L:1#issueCommand(<function>:124)
	at jdk.nashorn.internal.scripts.Script$Recompilation$44618$3841A$\^function\_.L:1#issueCommand(<function>:124)
	at jdk.nashorn.internal.scripts.Script$Recompilation$44618$3841A$\^function\_.L:1#issueCommand(<function>:124)
	at jdk.nashorn.internal.scripts.Script$Recompilation$44618$3841A$\^function\_.L:1#issueCommand(<function>:124)
	at jdk.nashorn.internal.scripts.Script$Recompilation$44618$3841A$\^function\_.L:1#issueCommand(<function>:124)
	at jdk.nashorn.internal.scripts.Script$Recompilation$44618$3841A$\^function\_.L:1#issueCommand(<function>:124)
	at jdk.nashorn.internal.scripts.Script$Recompilation$44618$3841A$\^function\_.L:1#issueCommand(<function>:124)
	at jdk.nashorn.internal.scripts.Script$Recompilation$44618$3841A$\^function\_.L:1#issueCommand(<function>:124)
	at jdk.nashorn.internal.scripts.Script$Recompilation$44618$3841A$\^function\_.L:1#issueCommand(<function>:124)
	at jdk.nashorn.internal.scripts.Script$Recompilation$44618$3841A$\^function\_.L:1#issueCommand(<function>:124)
	at jdk.nashorn.internal.scripts.Script$Recompilation$44618$3841A$\^function\_.L:1#issueCommand(<function>:124)
	at jdk.nashorn.internal.scripts.Script$Recompilation$44618$3841A$\^function\_.L:1#issueCommand(<function>:124)
	at jdk.nashorn.internal.scripts.Script$Recompilation$44618$3841A$\^function\_.L:1#issueCommand(<function>:124)
	at jdk.nashorn.internal.scripts.Script$Recompilation$44618$3841A$\^function\_.L:1#issueCommand(<function>:124)
	at jdk.nashorn.internal.scripts.Script$Recompilation$44618$3841A$\^function\_.L:1#issueCommand(<function>:124)
	at jdk.nashorn.internal.scripts.Script$Recompilation$44618$3841A$\^function\_.L:1#issueCommand(<function>:124)
	at jdk.nashorn.internal.scripts.Script$Recompilation$44618$3841A$\^function\_.L:1#issueCommand(<function>:124)
	at jdk.nashorn.internal.scripts.Script$Recompilation$44618$3841A$\^function\_.L:1#issueCommand(<function>:124)
	at jdk.nashorn.internal.scripts.Script$Recompilation$44618$3841A$\^function\_.L:1#issueCommand(<function>:124)
	at jdk.nashorn.internal.scripts.Script$Recompilation$44618$3841A$\^function\_.L:1#issueCommand(<function>:124)
	at jdk.nashorn.internal.scripts.Script$Recompilation$44618$3841A$\^function\_.L:1#issueCommand(<function>:124)
	at jdk.nashorn.internal.scripts.Script$Recompilation$44618$3841A$\^function\_.L:1#issueCommand(<function>:124)
	at jdk.nashorn.internal.scripts.Script$Recompilation$44618$3841A$\^function\_.L:1#issueCommand(<function>:124)
	at jdk.nashorn.internal.scripts.Script$Recompilation$44618$3841A$\^function\_.L:1#issueCommand(<function>:124)
	at jdk.nashorn.internal.scripts.Script$Recompilation$44618$3841A$\^function\_.L:1#issueCommand(<function>:124)
	at jdk.nashorn.internal.scripts.Script$Recompilation$44618$3841A$\^function\_.L:1#issueCommand(<function>:124)
	at jdk.nashorn.internal.scripts.Script$Recompilation$44618$3841A$\^function\_.L:1#issueCommand(<function>:124)
	at jdk.nashorn.internal.scripts.Script$Recompilation$44618$3841A$\^function\_.L:1#issueCommand(<function>:124)
	at jdk.nashorn.internal.scripts.Script$Recompilation$44618$3841A$\^function\_.L:1#issueCommand(<function>:124)
	at jdk.nashorn.internal.scripts.Script$Recompilation$44618$3841A$\^function\_.L:1#issueCommand(<function>:124)
	at jdk.nashorn.internal.scripts.Script$Recompilation$44618$3841A$\^function\_.L:1#issueCommand(<function>:124)
	at jdk.nashorn.internal.scripts.Script$Recompilation$44618$3841A$\^function\_.L:1#issueCommand(<function>:124)
	at jdk.nashorn.internal.scripts.Script$Recompilation$44618$3841A$\^function\_.L:1#issueCommand(<function>:124)
	at jdk.nashorn.internal.scripts.Script$Recompilation$44618$3841A$\^function\_.L:1#issueCommand(<function>:124)
	at jdk.nashorn.internal.scripts.Script$Recompilation$44618$3841A$\^function\_.L:1#issueCommand(<function>:124)
	at jdk.nashorn.internal.scripts.Script$Recompilation$44618$3841A$\^function\_.L:1#issueCommand(<function>:124)
	at jdk.nashorn.internal.scripts.Script$Recompilation$44618$3841A$\^function\_.L:1#issueCommand(<function>:124)
	at jdk.nashorn.internal.scripts.Script$Recompilation$44618$3841A$\^function\_.L:1#issueCommand(<function>:124)
	at jdk.nashorn.internal.scripts.Script$Recompilation$44618$3841A$\^function\_.L:1#issueCommand(<function>:124)
	at jdk.nashorn.internal.scripts.Script$Recompilation$44618$3841A$\^function\_.L:1#issueCommand(<function>:124)
	at jdk.nashorn.internal.scripts.Script$Recompilation$44618$3841A$\^function\_.L:1#issueCommand(<function>:124)
	at jdk.nashorn.internal.scripts.Script$Recompilation$44618$3841A$\^function\_.L:1#issueCommand(<function>:124)
	at jdk.nashorn.internal.scripts.Script$Recompilation$44618$3841A$\^function\_.L:1#issueCommand(<function>:124)
	at jdk.nashorn.internal.scripts.Script$Recompilation$44618$3841A$\^function\_.L:1#issueCommand(<function>:124)
	at jdk.nashorn.internal.scripts.Script$Recompilation$44618$3841A$\^function\_.L:1#issueCommand(<function>:124)
	at jdk.nashorn.internal.scripts.Script$Recompilation$44618$3841A$\^function\_.L:1#issueCommand(<function>:124)
	at jdk.nashorn.internal.scripts.Script$Recompilation$44618$3841A$\^function\_.L:1#issueCommand(<function>:124)
	at jdk.nashorn.internal.scripts.Script$Recompilation$44618$3841A$\^function\_.L:1#issueCommand(<function>:124)
	at jdk.nashorn.internal.scripts.Script$Recompilation$44618$3841A$\^function\_.L:1#issueCommand(<function>:124)
	at jdk.nashorn.internal.scripts.Script$Recompilation$44618$3841A$\^function\_.L:1#issueCommand(<function>:124)
	at jdk.nashorn.internal.scripts.Script$Recompilation$44618$3841A$\^function\_.L:1#issueCommand(<function>:124)
	at jdk.nashorn.internal.scripts.Script$Recompilation$44618$3841A$\^function\_.L:1#issueCommand(<function>:124)
	at jdk.nashorn.internal.scripts.Script$Recompilation$44618$3841A$\^function\_.L:1#issueCommand(<function>:124)
	at jdk.nashorn.internal.scripts.Script$Recompilation$44618$3841A$\^function\_.L:1#issueCommand(<function>:124)
	at jdk.nashorn.internal.scripts.Script$Recompilation$44618$3841A$\^function\_.L:1#issueCommand(<function>:124)
	at jdk.nashorn.internal.scripts.Script$Recompilation$44618$3841A$\^function\_.L:1#issueCommand(<function>:124)
	at jdk.nashorn.internal.scripts.Script$Recompilation$44618$3841A$\^function\_.L:1#issueCommand(<function>:124)
	at jdk.nashorn.internal.scripts.Script$Recompilation$44618$3841A$\^function\_.L:1#issueCommand(<function>:124)
	at jdk.nashorn.internal.scripts.Script$Recompilation$44618$3841A$\^function\_.L:1#issueCommand(<function>:124)
	at jdk.nashorn.internal.scripts.Script$Recompilation$44618$3841A$\^function\_.L:1#issueCommand(<function>:124)
	at jdk.nashorn.internal.scripts.Script$Recompilation$44618$3841A$\^function\_.L:1#issueCommand(<function>:124)
	at jdk.nashorn.internal.scripts.Script$Recompilation$44618$3841A$\^function\_.L:1#issueCommand(<function>:124)
	at jdk.nashorn.internal.scripts.Script$Recompilation$44618$3841A$\^function\_.L:1#issueCommand(<function>:124)
	at jdk.nashorn.internal.scripts.Script$Recompilation$44618$3841A$\^function\_.L:1#issueCommand(<function>:124)
	at jdk.nashorn.internal.scripts.Script$Recompilation$44618$3841A$\^function\_.L:1#issueCommand(<function>:124)
	at jdk.nashorn.internal.scripts.Script$Recompilation$44618$3841A$\^function\_.L:1#issueCommand(<function>:124)
	at jdk.nashorn.internal.scripts.Script$Recompilation$44618$3841A$\^function\_.L:1#issueCommand(<function>:124)
	at jdk.nashorn.internal.scripts.Script$Recompilation$44618$3841A$\^function\_.L:1#issueCommand(<function>:124)
	at jdk.nashorn.internal.scripts.Script$Recompilation$44618$3841A$\^function\_.L:1#issueCommand(<function>:124)
	at jdk.nashorn.internal.scripts.Script$Recompilation$44618$3841A$\^function\_.L:1#issueCommand(<function>:124)
	at jdk.nashorn.internal.scripts.Script$Recompilation$44618$3841A$\^function\_.L:1#issueCommand(<function>:124)
	at jdk.nashorn.internal.scripts.Script$Recompilation$44618$3841A$\^function\_.L:1#issueCommand(<function>:124)
	at jdk.nashorn.internal.scripts.Script$Recompilation$44618$3841A$\^function\_.L:1#issueCommand(<function>:124)
	at jdk.nashorn.internal.scripts.Script$Recompilation$44618$3841A$\^function\_.L:1#issueCommand(<function>:124)
	at jdk.nashorn.internal.scripts.Script$Recompilation$44618$3841A$\^function\_.L:1#issueCommand(<function>:124)
	at jdk.nashorn.internal.scripts.Script$Recompilation$44618$3841A$\^function\_.L:1#issueCommand(<function>:124)
	at jdk.nashorn.internal.scripts.Script$Recompilation$44618$3841A$\^function\_.L:1#issueCommand(<function>:124)
	at jdk.nashorn.internal.scripts.Script$Recompilation$44618$3841A$\^function\_.L:1#issueCommand(<function>:124)
	at jdk.nashorn.internal.scripts.Script$Recompilation$44618$3841A$\^function\_.L:1#issueCommand(<function>:124)
	at jdk.nashorn.internal.scripts.Script$Recompilation$44618$3841A$\^function\_.L:1#issueCommand(<function>:124)
	at jdk.nashorn.internal.scripts.Script$Recompilation$44618$3841A$\^function\_.L:1#issueCommand(<function>:124)
	at jdk.nashorn.internal.scripts.Script$Recompilation$44618$3841A$\^function\_.L:1#issueCommand(<function>:124)
	at jdk.nashorn.internal.scripts.Script$Recompilation$44618$3841A$\^function\_.L:1#issueCommand(<function>:124)
	at jdk.nashorn.internal.scripts.Script$Recompilation$44618$3841A$\^function\_.L:1#issueCommand(<function>:124)
	at jdk.nashorn.internal.scripts.Script$Recompilation$44618$3841A$\^function\_.L:1#issueCommand(<function>:124)
	at jdk.nashorn.internal.scripts.Script$Recompilation$44618$3841A$\^function\_.L:1#issueCommand(<function>:124)
	at jdk.nashorn.internal.scripts.Script$Recompilation$44618$3841A$\^function\_.L:1#issueCommand(<function>:124)
	at jdk.nashorn.internal.scripts.Script$Recompilation$44618$3841A$\^function\_.L:1#issueCommand(<function>:124)
	at jdk.nashorn.internal.scripts.Script$Recompilation$44618$3841A$\^function\_.L:1#issueCommand(<function>:124)
	at jdk.nashorn.internal.scripts.Script$Recompilation$44618$3841A$\^function\_.L:1#issueCommand(<function>:124)
	at jdk.nashorn.internal.scripts.Script$Recompilation$44618$3841A$\^function\_.L:1#issueCommand(<function>:124)
	at jdk.nashorn.internal.scripts.Script$Recompilation$44618$3841A$\^function\_.L:1#issueCommand(<function>:124)
	at jdk.nashorn.internal.scripts.Script$Recompilation$44618$3841A$\^function\_.L:1#issueCommand(<function>:124)
	at jdk.nashorn.internal.scripts.Script$Recompilation$44618$3841A$\^function\_.L:1#issueCommand(<function>:124)
	at jdk.nashorn.internal.scripts.Script$Recompilation$44618$3841A$\^function\_.L:1#issueCommand(<function>:124)
	at jdk.nashorn.internal.scripts.Script$Recompilation$44618$3841A$\^function\_.L:1#issueCommand(<function>:124)
	at jdk.nashorn.internal.scripts.Script$Recompilation$44618$3841A$\^function\_.L:1#issueCommand(<function>:124)
	at jdk.nashorn.internal.scripts.Script$Recompilation$44618$3841A$\^function\_.L:1#issueCommand(<function>:124)
	at jdk.nashorn.internal.scripts.Script$Recompilation$44618$3841A$\^function\_.L:1#issueCommand(<function>:124)
	at jdk.nashorn.internal.scripts.Script$Recompilation$44618$3841A$\^function\_.L:1#issueCommand(<function>:124)
	at jdk.nashorn.internal.scripts.Script$Recompilation$44618$3841A$\^function\_.L:1#issueCommand(<function>:124)
	at jdk.nashorn.internal.scripts.Script$Recompilation$44618$3841A$\^function\_.L:1#issueCommand(<function>:124)
	at jdk.nashorn.internal.scripts.Script$Recompilation$44618$3841A$\^function\_.L:1#issueCommand(<function>:124)
	at jdk.nashorn.internal.scripts.Script$Recompilation$44618$3841A$\^function\_.L:1#issueCommand(<function>:124)
	at jdk.nashorn.internal.scripts.Script$Recompilation$44618$3841A$\^function\_.L:1#issueCommand(<function>:124)
	at jdk.nashorn.internal.scripts.Script$Recompilation$44618$3841A$\^function\_.L:1#issueCommand(<function>:124)
	at jdk.nashorn.internal.scripts.Script$Recompilation$44618$3841A$\^function\_.L:1#issueCommand(<function>:124)
	at jdk.nashorn.internal.scripts.Script$Recompilation$44618$3841A$\^function\_.L:1#issueCommand(<function>:124)
	at jdk.nashorn.internal.scripts.Script$Recompilation$44618$3841A$\^function\_.L:1#issueCommand(<function>:124)
	at jdk.nashorn.internal.scripts.Script$Recompilation$44618$3841A$\^function\_.L:1#issueCommand(<function>:124)
	at jdk.nashorn.internal.scripts.Script$Recompilation$44618$3841A$\^function\_.L:1#issueCommand(<function>:124)
	at jdk.nashorn.internal.scripts.Script$Recompilation$44618$3841A$\^function\_.L:1#issueCommand(<function>:124)
	at jdk.nashorn.internal.scripts.Script$Recompilation$44618$3841A$\^function\_.L:1#issueCommand(<function>:124)
	at jdk.nashorn.internal.scripts.Script$Recompilation$44618$3841A$\^function\_.L:1#issueCommand(<function>:124)
	at jdk.nashorn.internal.scripts.Script$Recompilation$44618$3841A$\^function\_.L:1#issueCommand(<function>:124)
	at jdk.nashorn.internal.scripts.Script$Recompilation$44618$3841A$\^function\_.L:1#issueCommand(<function>:124)
	at jdk.nashorn.internal.scripts.Script$Recompilation$44618$3841A$\^function\_.L:1#issueCommand(<function>:124)
	at jdk.nashorn.internal.scripts.Script$Recompilation$44618$3841A$\^function\_.L:1#issueCommand(<function>:124)
	at jdk.nashorn.internal.scripts.Script$Recompilation$44618$3841A$\^function\_.L:1#issueCommand(<function>:124)
	at jdk.nashorn.internal.scripts.Script$Recompilation$44618$3841A$\^function\_.L:1#issueCommand(<function>:124)
	at jdk.nashorn.internal.scripts.Script$Recompilation$44618$3841A$\^function\_.L:1#issueCommand(<function>:124)
	at jdk.nashorn.internal.scripts.Script$Recompilation$44618$3841A$\^function\_.L:1#issueCommand(<function>:124)
	at jdk.nashorn.internal.scripts.Script$Recompilation$44618$3841A$\^function\_.L:1#issueCommand(<function>:124)
	at jdk.nashorn.internal.scripts.Script$Recompilation$44618$3841A$\^function\_.L:1#issueCommand(<function>:124)
	at jdk.nashorn.internal.scripts.Script$Recompilation$44618$3841A$\^function\_.L:1#issueCommand(<function>:124)
	at jdk.nashorn.internal.scripts.Script$Recompilation$44618$3841A$\^function\_.L:1#issueCommand(<function>:124)
	at jdk.nashorn.internal.scripts.Script$Recompilation$44618$3841A$\^function\_.L:1#issueCommand(<function>:124)
	at jdk.nashorn.internal.scripts.Script$Recompilation$44618$3841A$\^function\_.L:1#issueCommand(<function>:124)
	at jdk.nashorn.internal.scripts.Script$Recompilation$44618$3841A$\^function\_.L:1#issueCommand(<function>:124)
	at jdk.nashorn.internal.scripts.Script$Recompilation$44618$3841A$\^function\_.L:1#issueCommand(<function>:124)
	at jdk.nashorn.internal.scripts.Script$Recompilation$44618$3841A$\^function\_.L:1#issueCommand(<function>:124)
	at jdk.nashorn.internal.scripts.Script$Recompilation$44618$3841A$\^function\_.L:1#issueCommand(<function>:124)
	at jdk.nashorn.internal.scripts.Script$Recompilation$44618$3841A$\^function\_.L:1#issueCommand(<function>:124)
	at jdk.nashorn.internal.scripts.Script$Recompilation$44618$3841A$\^function\_.L:1#issueCommand(<function>:124)
	at jdk.nashorn.internal.scripts.Script$Recompilation$44618$3841A$\^function\_.L:1#issueCommand(<function>:124)
	at jdk.nashorn.internal.scripts.Script$Recompilation$44618$3841A$\^function\_.L:1#issueCommand(<function>:124)
	at jdk.nashorn.internal.scripts.Script$Recompilation$44618$3841A$\^function\_.L:1#issueCommand(<function>:124)
	at jdk.nashorn.internal.scripts.Script$Recompilation$44618$3841A$\^function\_.L:1#issueCommand(<function>:124)
	at jdk.nashorn.internal.scripts.Script$Recompilation$44618$3841A$\^function\_.L:1#issueCommand(<function>:124)
	at jdk.nashorn.internal.scripts.Script$Recompilation$44618$3841A$\^function\_.L:1#issueCommand(<function>:124)
	at jdk.nashorn.internal.scripts.Script$Recompilation$44618$3841A$\^function\_.L:1#issueCommand(<function>:124)
	at jdk.nashorn.internal.scripts.Script$Recompilation$44618$3841A$\^function\_.L:1#issueCommand(<function>:124)
	at jdk.nashorn.internal.scripts.Script$Recompilation$44618$3841A$\^function\_.L:1#issueCommand(<function>:124)
	at jdk.nashorn.internal.scripts.Script$Recompilation$44618$3841A$\^function\_.L:1#issueCommand(<function>:124)
	at jdk.nashorn.internal.scripts.Script$Recompilation$44618$3841A$\^function\_.L:1#issueCommand(<function>:124)
	at jdk.nashorn.internal.scripts.Script$Recompilation$44618$3841A$\^function\_.L:1#issueCommand(<function>:124)
	at jdk.nashorn.internal.scripts.Script$Recompilation$44618$3841A$\^function\_.L:1#issueCommand(<function>:124)
	at jdk.nashorn.internal.scripts.Script$Recompilation$44618$3841A$\^function\_.L:1#issueCommand(<function>:124)
	at jdk.nashorn.internal.scripts.Script$Recompilation$44618$3841A$\^function\_.L:1#issueCommand(<function>:124)
	at jdk.nashorn.internal.scripts.Script$Recompilation$44618$3841A$\^function\_.L:1#issueCommand(<function>:124)
	at jdk.nashorn.internal.scripts.Script$Recompilation$44618$3841A$\^function\_.L:1#issueCommand(<function>:124)
	at jdk.nashorn.internal.scripts.Script$Recompilation$44618$3841A$\^function\_.L:1#issueCommand(<function>:124)
	at jdk.nashorn.internal.scripts.Script$Recompilation$44618$3841A$\^function\_.L:1#issueCommand(<function>:124)
	at jdk.nashorn.internal.scripts.Script$Recompilation$44618$3841A$\^function\_.L:1#issueCommand(<function>:124)
	at jdk.nashorn.internal.scripts.Script$Recompilation$44618$3841A$\^function\_.L:1#issueCommand(<function>:124)
	at jdk.nashorn.internal.scripts.Script$Recompilation$44618$3841A$\^function\_.L:1#issueCommand(<function>:124)
	at jdk.nashorn.internal.scripts.Script$Recompilation$44618$3841A$\^function\_.L:1#issueCommand(<function>:124)
	at jdk.nashorn.internal.scripts.Script$Recompilation$44618$3841A$\^function\_.L:1#issueCommand(<function>:124)
	at jdk.nashorn.internal.scripts.Script$Recompilation$44618$3841A$\^function\_.L:1#issueCommand(<function>:124)
	at jdk.nashorn.internal.scripts.Script$Recompilation$44618$3841A$\^function\_.L:1#issueCommand(<function>:124)
	at jdk.nashorn.internal.scripts.Script$Recompilation$44618$3841A$\^function\_.L:1#issueCommand(<function>:124)
	at jdk.nashorn.internal.scripts.Script$Recompilation$44618$3841A$\^function\_.L:1#issueCommand(<function>:124)
	at jdk.nashorn.internal.scripts.Script$Recompilation$44618$3841A$\^function\_.L:1#issueCommand(<function>:124)
	at jdk.nashorn.internal.scripts.Script$Recompilation$44618$3841A$\^function\_.L:1#issueCommand(<function>:124)
	at jdk.nashorn.internal.scripts.Script$Recompilation$44618$3841A$\^function\_.L:1#issueCommand(<function>:124)
	at jdk.nashorn.internal.scripts.Script$Recompilation$44618$3841A$\^function\_.L:1#issueCommand(<function>:124)
	at jdk.nashorn.internal.scripts.Script$Recompilation$44618$3841A$\^function\_.L:1#issueCommand(<function>:124)
	at jdk.nashorn.internal.scripts.Script$Recompilation$44618$3841A$\^function\_.L:1#issueCommand(<function>:124)
	at jdk.nashorn.internal.scripts.Script$Recompilation$44618$3841A$\^function\_.L:1#issueCommand(<function>:124)
	at jdk.nashorn.internal.scripts.Script$Recompilation$44618$3841A$\^function\_.L:1#issueCommand(<function>:124)
	at jdk.nashorn.internal.scripts.Script$Recompilation$44618$3841A$\^function\_.L:1#issueCommand(<function>:124)
	at jdk.nashorn.internal.scripts.Script$Recompilation$44618$3841A$\^function\_.L:1#issueCommand(<function>:124)
	at jdk.nashorn.internal.scripts.Script$Recompilation$44618$3841A$\^function\_.L:1#issueCommand(<function>:124)
	at jdk.nashorn.internal.scripts.Script$Recompilation$44618$3841A$\^function\_.L:1#issueCommand(<function>:124)
	at jdk.nashorn.internal.scripts.Script$Recompilation$44618$3841A$\^function\_.L:1#issueCommand(<function>:124)
	at jdk.nashorn.internal.scripts.Script$Recompilation$44618$3841A$\^function\_.L:1#issueCommand(<function>:124)
	at jdk.nashorn.internal.scripts.Script$Recompilation$44618$3841A$\^function\_.L:1#issueCommand(<function>:124)
	at jdk.nashorn.internal.scripts.Script$Recompilation$44618$3841A$\^function\_.L:1#issueCommand(<function>:124)
	at jdk.nashorn.internal.scripts.Script$Recompilation$44618$3841A$\^function\_.L:1#issueCommand(<function>:124)
	at jdk.nashorn.internal.scripts.Script$Recompilation$44618$3841A$\^function\_.L:1#issueCommand(<function>:124)
	at jdk.nashorn.internal.scripts.Script$Recompilation$44618$3841A$\^function\_.L:1#issueCommand(<function>:124)
	at jdk.nashorn.internal.scripts.Script$Recompilation$44618$3841A$\^function\_.L:1#issueCommand(<function>:124)
	at jdk.nashorn.internal.scripts.Script$Recompilation$44618$3841A$\^function\_.L:1#issueCommand(<function>:124)
	at jdk.nashorn.internal.scripts.Script$Recompilation$44618$3841A$\^function\_.L:1#issueCommand(<function>:124)
	at jdk.nashorn.internal.scripts.Script$Recompilation$44618$3841A$\^function\_.L:1#issueCommand(<function>:124)
	at jdk.nashorn.internal.scripts.Script$Recompilation$44618$3841A$\^function\_.L:1#issueCommand(<function>:124)
	at jdk.nashorn.internal.scripts.Script$Recompilation$44618$3841A$\^function\_.L:1#issueCommand(<function>:124)
	at jdk.nashorn.internal.scripts.Script$Recompilation$44618$3841A$\^function\_.L:1#issueCommand(<function>:124)
	at jdk.nashorn.internal.scripts.Script$Recompilation$44618$3841A$\^function\_.L:1#issueCommand(<function>:124)
	at jdk.nashorn.internal.scripts.Script$Recompilation$44618$3841A$\^function\_.L:1#issueCommand(<function>:124)
	at jdk.nashorn.internal.scripts.Script$Recompilation$44618$3841A$\^function\_.L:1#issueCommand(<function>:124)
	at jdk.nashorn.internal.scripts.Script$Recompilation$44618$3841A$\^function\_.L:1#issueCommand(<function>:124)
	at jdk.nashorn.internal.scripts.Script$Recompilation$44618$3841A$\^function\_.L:1#issueCommand(<function>:124)
	at jdk.nashorn.internal.scripts.Script$Recompilation$44618$3841A$\^function\_.L:1#issueCommand(<function>:124)
	at jdk.nashorn.internal.scripts.Script$Recompilation$44618$3841A$\^function\_.L:1#issueCommand(<function>:124)
	at jdk.nashorn.internal.scripts.Script$Recompilation$44618$3841A$\^function\_.L:1#issueCommand(<function>:124)
	at jdk.nashorn.internal.scripts.Script$Recompilation$44618$3841A$\^function\_.L:1#issueCommand(<function>:124)
	at jdk.nashorn.internal.scripts.Script$Recompilation$44618$3841A$\^function\_.L:1#issueCommand(<function>:124)
	at jdk.nashorn.internal.scripts.Script$Recompilation$44618$3841A$\^function\_.L:1#issueCommand(<function>:124)
	at jdk.nashorn.internal.scripts.Script$Recompilation$44618$3841A$\^function\_.L:1#issueCommand(<function>:124)
	at jdk.nashorn.internal.scripts.Script$Recompilation$44618$3841A$\^function\_.L:1#issueCommand(<function>:124)
	at jdk.nashorn.internal.scripts.Script$Recompilation$44618$3841A$\^function\_.L:1#issueCommand(<function>:124)
	at jdk.nashorn.internal.scripts.Script$Recompilation$44618$3841A$\^function\_.L:1#issueCommand(<function>:124)
	at jdk.nashorn.internal.scripts.Script$Recompilation$44618$3841A$\^function\_.L:1#issueCommand(<function>:124)
	at jdk.nashorn.internal.scripts.Script$Recompilation$44618$3841A$\^function\_.L:1#issueCommand(<function>:124)
	at jdk.nashorn.internal.scripts.Script$Recompilation$44618$3841A$\^function\_.L:1#issueCommand(<function>:124)
	at jdk.nashorn.internal.scripts.Script$Recompilation$44618$3841A$\^function\_.L:1#issueCommand(<function>:124)
	at jdk.nashorn.internal.scripts.Script$Recompilation$44618$3841A$\^function\_.L:1#issueCommand(<function>:124)
	at jdk.nashorn.internal.scripts.Script$Recompilation$44618$3841A$\^function\_.L:1#issueCommand(<function>:124)
	at jdk.nashorn.internal.scripts.Script$Recompilation$44618$3841A$\^function\_.L:1#issueCommand(<function>:124)
	at jdk.nashorn.internal.scripts.Script$Recompilation$44618$3841A$\^function\_.L:1#issueCommand(<function>:124)
	at jdk.nashorn.internal.scripts.Script$Recompilation$44618$3841A$\^function\_.L:1#issueCommand(<function>:124)
	at jdk.nashorn.internal.scripts.Script$Recompilation$44618$3841A$\^function\_.L:1#issueCommand(<function>:124)
	at jdk.nashorn.internal.scripts.Script$Recompilation$44618$3841A$\^function\_.L:1#issueCommand(<function>:124)
	at jdk.nashorn.internal.scripts.Script$Recompilation$44618$3841A$\^function\_.L:1#issueCommand(<function>:124)
	at jdk.nashorn.internal.scripts.Script$Recompilation$44618$3841A$\^function\_.L:1#issueCommand(<function>:124)
	at jdk.nashorn.internal.scripts.Script$Recompilation$44618$3841A$\^function\_.L:1#issueCommand(<function>:124)
	at jdk.nashorn.internal.scripts.Script$Recompilation$44618$3841A$\^function\_.L:1#issueCommand(<function>:124)
	at jdk.nashorn.internal.scripts.Script$Recompilation$44618$3841A$\^function\_.L:1#issueCommand(<function>:124)
	at jdk.nashorn.internal.scripts.Script$Recompilation$44618$3841A$\^function\_.L:1#issueCommand(<function>:124)
	at jdk.nashorn.internal.scripts.Script$Recompilation$44618$3841A$\^function\_.L:1#issueCommand(<function>:124)
	at jdk.nashorn.internal.scripts.Script$Recompilation$44618$3841A$\^function\_.L:1#issueCommand(<function>:124)
	at jdk.nashorn.internal.scripts.Script$Recompilation$44618$3841A$\^function\_.L:1#issueCommand(<function>:124)
	at jdk.nashorn.internal.scripts.Script$Recompilation$44618$3841A$\^function\_.L:1#issueCommand(<function>:124)
	at jdk.nashorn.internal.scripts.Script$Recompilation$44618$3841A$\^function\_.L:1#issueCommand(<function>:124)
	at jdk.nashorn.internal.scripts.Script$Recompilation$44618$3841A$\^function\_.L:1#issueCommand(<function>:124)
	at jdk.nashorn.internal.scripts.Script$Recompilation$44618$3841A$\^function\_.L:1#issueCommand(<function>:124)
	at jdk.nashorn.internal.scripts.Script$Recompilation$44618$3841A$\^function\_.L:1#issueCommand(<function>:124)
	at jdk.nashorn.internal.scripts.Script$Recompilation$44618$3841A$\^function\_.L:1#issueCommand(<function>:124)
	at jdk.nashorn.internal.scripts.Script$Recompilation$44618$3841A$\^function\_.L:1#issueCommand(<function>:124)
	at jdk.nashorn.internal.scripts.Script$Recompilation$44618$3841A$\^function\_.L:1#issueCommand(<function>:124)
	at jdk.nashorn.internal.scripts.Script$Recompilation$44618$3841A$\^function\_.L:1#issueCommand(<function>:124)
 in /home/travis/build/icyphy/ptII/ptolemy/actor/lib/jjs/external/require.js#409:30<eval> at line number 1736 at column number 24
  in .SemanticYelpSensorUpdateExample.SemanticYelpSearch
Because:
Error: commonHost.js, react(), invoking a specific handler for "trigger": Exception occurred in input handler for accessor SemanticYelpSearch, which has now has been removed.  Exception was: java.lang.StackOverflowError Stacktrace was: 
java.lang.StackOverflowError
	at jdk.nashorn.internal.runtime.AccessorProperty.getObjectValue(AccessorProperty.java:417)
	at jdk.nashorn.internal.runtime.FindProperty.getObjectValue(FindProperty.java:229)
	at jdk.nashorn.internal.runtime.ScriptObject.get(ScriptObject.java:2860)
	at jdk.nashorn.internal.runtime.ScriptObject.get(ScriptObject.java:2877)
	at jdk.nashorn.internal.scripts.Script$Recompilation$44872$56054A$require.L:1#get(/home/travis/build/icyphy/ptII/ptolemy/actor/lib/jjs/external/require.js#409:30<eval>:1245)
	at jdk.nashorn.internal.scripts.Script$Recompilation$44618$3841A$\^function\_.L:1#issueCommand(<function>:116)
	at jdk.nashorn.internal.scripts.Script$Recompilation$44618$3841A$\^function\_.L:1#issueCommand(<function>:124)
	at jdk.nashorn.internal.scripts.Script$Recompilation$44618$3841A$\^function\_.L:1#issueCommand(<function>:124)
	at jdk.nashorn.internal.scripts.Script$Recompilation$44618$3841A$\^function\_.L:1#issueCommand(<function>:124)
	at jdk.nashorn.internal.scripts.Script$Recompilation$44618$3841A$\^function\_.L:1#issueCommand(<function>:124)
	at jdk.nashorn.internal.scripts.Script$Recompilation$44618$3841A$\^function\_.L:1#issueCommand(<function>:124)
	at jdk.nashorn.internal.scripts.Script$Recompilation$44618$3841A$\^function\_.L:1#issueCommand(<function>:124)
	at jdk.nashorn.internal.scripts.Script$Recompilation$44618$3841A$\^function\_.L:1#issueCommand(<function>:124)
	at jdk.nashorn.internal.scripts.Script$Recompilation$44618$3841A$\^function\_.L:1#issueCommand(<function>:124)
	at jdk.nashorn.internal.scripts.Script$Recompilation$44618$3841A$\^function\_.L:1#issueCommand(<function>:124)
	at jdk.nashorn.internal.scripts.Script$Recompilation$44618$3841A$\^function\_.L:1#issueCommand(<function>:124)
	at jdk.nashorn.internal.scripts.Script$Recompilation$44618$3841A$\^function\_.L:1#issueCommand(<function>:124)
	at jdk.nashorn.internal.scripts.Script$Recompilation$44618$3841A$\^function\_.L:1#issueCommand(<function>:124)
	at jdk.nashorn.internal.scripts.Script$Recompilation$44618$3841A$\^function\_.L:1#issueCommand(<function>:124)
	at jdk.nashorn.internal.scripts.Script$Recompilation$44618$3841A$\^function\_.L:1#issueCommand(<function>:124)
	at jdk.nashorn.internal.scripts.Script$Recompilation$44618$3841A$\^function\_.L:1#issueCommand(<function>:124)
	at jdk.nashorn.internal.scripts.Script$Recompilation$44618$3841A$\^function\_.L:1#issueCommand(<function>:124)
	at jdk.nashorn.internal.scripts.Script$Recompilation$44618$3841A$\^function\_.L:1#issueCommand(<function>:124)
	at jdk.nashorn.internal.scripts.Script$Recompilation$44618$3841A$\^function\_.L:1#issueCommand(<function>:124)
	at jdk.nashorn.internal.scripts.Script$Recompilation$44618$3841A$\^function\_.L:1#issueCommand(<function>:124)
	at jdk.nashorn.internal.scripts.Script$Recompilation$44618$3841A$\^function\_.L:1#issueCommand(<function>:124)
	at jdk.nashorn.internal.scripts.Script$Recompilation$44618$3841A$\^function\_.L:1#issueCommand(<function>:124)
	at jdk.nashorn.internal.scripts.Script$Recompilation$44618$3841A$\^function\_.L:1#issueCommand(<function>:124)
	at jdk.nashorn.internal.scripts.Script$Recompilation$44618$3841A$\^function\_.L:1#issueCommand(<function>:124)
	at jdk.nashorn.internal.scripts.Script$Recompilation$44618$3841A$\^function\_.L:1#issueCommand(<function>:124)
	at jdk.nashorn.internal.scripts.Script$Recompilation$44618$3841A$\^function\_.L:1#issueCommand(<function>:124)
	at jdk.nashorn.internal.scripts.Script$Recompilation$44618$3841A$\^function\_.L:1#issueCommand(<function>:124)
	at jdk.nashorn.internal.scripts.Script$Recompilation$44618$3841A$\^function\_.L:1#issueCommand(<function>:124)
	at jdk.nashorn.internal.scripts.Script$Recompilation$44618$3841A$\^function\_.L:1#issueCommand(<function>:124)
	at jdk.nashorn.internal.scripts.Script$Recompilation$44618$3841A$\^function\_.L:1#issueCommand(<function>:124)
	at jdk.nashorn.internal.scripts.Script$Recompilation$44618$3841A$\^function\_.L:1#issueCommand(<function>:124)
	at jdk.nashorn.internal.scripts.Script$Recompilation$44618$3841A$\^function\_.L:1#issueCommand(<function>:124)
	at jdk.nashorn.internal.scripts.Script$Recompilation$44618$3841A$\^function\_.L:1#issueCommand(<function>:124)
	at jdk.nashorn.internal.scripts.Script$Recompilation$44618$3841A$\^function\_.L:1#issueCommand(<function>:124)
	at jdk.nashorn.internal.scripts.Script$Recompilation$44618$3841A$\^function\_.L:1#issueCommand(<function>:124)
	at jdk.nashorn.internal.scripts.Script$Recompilation$44618$3841A$\^function\_.L:1#issueCommand(<function>:124)
	at jdk.nashorn.internal.scripts.Script$Recompilation$44618$3841A$\^function\_.L:1#issueCommand(<function>:124)
	at jdk.nashorn.internal.scripts.Script$Recompilation$44618$3841A$\^function\_.L:1#issueCommand(<function>:124)
	at jdk.nashorn.internal.scripts.Script$Recompilation$44618$3841A$\^function\_.L:1#issueCommand(<function>:124)
	at jdk.nashorn.internal.scripts.Script$Recompilation$44618$3841A$\^function\_.L:1#issueCommand(<function>:124)
	at jdk.nashorn.internal.scripts.Script$Recompilation$44618$3841A$\^function\_.L:1#issueCommand(<function>:124)
	at jdk.nashorn.internal.scripts.Script$Recompilation$44618$3841A$\^function\_.L:1#issueCommand(<function>:124)
	at jdk.nashorn.internal.scripts.Script$Recompilation$44618$3841A$\^function\_.L:1#issueCommand(<function>:124)
	at jdk.nashorn.internal.scripts.Script$Recompilation$44618$3841A$\^function\_.L:1#issueCommand(<function>:124)
	at jdk.nashorn.internal.scripts.Script$Recompilation$44618$3841A$\^function\_.L:1#issueCommand(<function>:124)
	at jdk.nashorn.internal.scripts.Script$Recompilation$44618$3841A$\^function\_.L:1#issueCommand(<function>:124)
	at jdk.nashorn.internal.scripts.Script$Recompilation$44618$3841A$\^function\_.L:1#issueCommand(<function>:124)
	at jdk.nashorn.internal.scripts.Script$Recompilation$44618$3841A$\^function\_.L:1#issueCommand(<function>:124)
	at jdk.nashorn.internal.scripts.Script$Recompilation$44618$3841A$\^function\_.L:1#issueCommand(<function>:124)
	at jdk.nashorn.internal.scripts.Script$Recompilation$44618$3841A$\^function\_.L:1#issueCommand(<function>:124)
	at jdk.nashorn.internal.scripts.Script$Recompilation$44618$3841A$\^function\_.L:1#issueCommand(<function>:124)
	at jdk.nashorn.internal.scripts.Script$Recompilation$44618$3841A$\^function\_.L:1#issueCommand(<function>:124)
	at jdk.nashorn.internal.scripts.Script$Recompilation$44618$3841A$\^function\_.L:1#issueCommand(<function>:124)
	at jdk.nashorn.internal.scripts.Script$Recompilation$44618$3841A$\^function\_.L:1#issueCommand(<function>:124)
	at jdk.nashorn.internal.scripts.Script$Recompilation$44618$3841A$\^function\_.L:1#issueCommand(<function>:124)
	at jdk.nashorn.internal.scripts.Script$Recompilation$44618$3841A$\^function\_.L:1#issueCommand(<function>:124)
	at jdk.nashorn.internal.scripts.Script$Recompilation$44618$3841A$\^function\_.L:1#issueCommand(<function>:124)
	at jdk.nashorn.internal.scripts.Script$Recompilation$44618$3841A$\^function\_.L:1#issueCommand(<function>:124)
	at jdk.nashorn.internal.scripts.Script$Recompilation$44618$3841A$\^function\_.L:1#issueCommand(<function>:124)
	at jdk.nashorn.internal.scripts.Script$Recompilation$44618$3841A$\^function\_.L:1#issueCommand(<function>:124)
	at jdk.nashorn.internal.scripts.Script$Recompilation$44618$3841A$\^function\_.L:1#issueCommand(<function>:124)
	at jdk.nashorn.internal.scripts.Script$Recompilation$44618$3841A$\^function\_.L:1#issueCommand(<function>:124)
	at jdk.nashorn.internal.scripts.Script$Recompilation$44618$3841A$\^function\_.L:1#issueCommand(<function>:124)
	at jdk.nashorn.internal.scripts.Script$Recompilation$44618$3841A$\^function\_.L:1#issueCommand(<function>:124)
	at jdk.nashorn.internal.scripts.Script$Recompilation$44618$3841A$\^function\_.L:1#issueCommand(<function>:124)
	at jdk.nashorn.internal.scripts.Script$Recompilation$44618$3841A$\^function\_.L:1#issueCommand(<function>:124)
	at jdk.nashorn.internal.scripts.Script$Recompilation$44618$3841A$\^function\_.L:1#issueCommand(<function>:124)
	at jdk.nashorn.internal.scripts.Script$Recompilation$44618$3841A$\^function\_.L:1#issueCommand(<function>:124)
	at jdk.nashorn.internal.scripts.Script$Recompilation$44618$3841A$\^function\_.L:1#issueCommand(<function>:124)
	at jdk.nashorn.internal.scripts.Script$Recompilation$44618$3841A$\^function\_.L:1#issueCommand(<function>:124)
	at jdk.nashorn.internal.scripts.Script$Recompilation$44618$3841A$\^function\_.L:1#issueCommand(<function>:124)
	at jdk.nashorn.internal.scripts.Script$Recompilation$44618$3841A$\^function\_.L:1#issueCommand(<function>:124)
	at jdk.nashorn.internal.scripts.Script$Recompilation$44618$3841A$\^function\_.L:1#issueCommand(<function>:124)
	at jdk.nashorn.internal.scripts.Script$Recompilation$44618$3841A$\^function\_.L:1#issueCommand(<function>:124)
	at jdk.nashorn.internal.scripts.Script$Recompilation$44618$3841A$\^function\_.L:1#issueCommand(<function>:124)
	at jdk.nashorn.internal.scripts.Script$Recompilation$44618$3841A$\^function\_.L:1#issueCommand(<function>:124)
	at jdk.nashorn.internal.scripts.Script$Recompilation$44618$3841A$\^function\_.L:1#issueCommand(<function>:124)
	at jdk.nashorn.internal.scripts.Script$Recompilation$44618$3841A$\^function\_.L:1#issueCommand(<function>:124)
	at jdk.nashorn.internal.scripts.Script$Recompilation$44618$3841A$\^function\_.L:1#issueCommand(<function>:124)
	at jdk.nashorn.internal.scripts.Script$Recompilation$44618$3841A$\^function\_.L:1#issueCommand(<function>:124)
	at jdk.nashorn.internal.scripts.Script$Recompilation$44618$3841A$\^function\_.L:1#issueCommand(<function>:124)
	at jdk.nashorn.internal.scripts.Script$Recompilation$44618$3841A$\^function\_.L:1#issueCommand(<function>:124)
	at jdk.nashorn.internal.scripts.Script$Recompilation$44618$3841A$\^function\_.L:1#issueCommand(<function>:124)
	at jdk.nashorn.internal.scripts.Script$Recompilation$44618$3841A$\^function\_.L:1#issueCommand(<function>:124)
	at jdk.nashorn.internal.scripts.Script$Recompilation$44618$3841A$\^function\_.L:1#issueCommand(<function>:124)
	at jdk.nashorn.internal.scripts.Script$Recompilation$44618$3841A$\^function\_.L:1#issueCommand(<function>:124)
	at jdk.nashorn.internal.scripts.Script$Recompilation$44618$3841A$\^function\_.L:1#issueCommand(<function>:124)
	at jdk.nashorn.internal.scripts.Script$Recompilation$44618$3841A$\^function\_.L:1#issueCommand(<function>:124)
	at jdk.nashorn.internal.scripts.Script$Recompilation$44618$3841A$\^function\_.L:1#issueCommand(<function>:124)
	at jdk.nashorn.internal.scripts.Script$Recompilation$44618$3841A$\^function\_.L:1#issueCommand(<function>:124)
	at jdk.nashorn.internal.scripts.Script$Recompilation$44618$3841A$\^function\_.L:1#issueCommand(<function>:124)
	at jdk.nashorn.internal.scripts.Script$Recompilation$44618$3841A$\^function\_.L:1#issueCommand(<function>:124)
	at jdk.nashorn.internal.scripts.Script$Recompilation$44618$3841A$\^function\_.L:1#issueCommand(<function>:124)
	at jdk.nashorn.internal.scripts.Script$Recompilation$44618$3841A$\^function\_.L:1#issueCommand(<function>:124)
	at jdk.nashorn.internal.scripts.Script$Recompilation$44618$3841A$\^function\_.L:1#issueCommand(<function>:124)
	at jdk.nashorn.internal.scripts.Script$Recompilation$44618$3841A$\^function\_.L:1#issueCommand(<function>:124)
	at jdk.nashorn.internal.scripts.Script$Recompilation$44618$3841A$\^function\_.L:1#issueCommand(<function>:124)
	at jdk.nashorn.internal.scripts.Script$Recompilation$44618$3841A$\^function\_.L:1#issueCommand(<function>:124)
	at jdk.nashorn.internal.scripts.Script$Recompilation$44618$3841A$\^function\_.L:1#issueCommand(<function>:124)
	at jdk.nashorn.internal.scripts.Script$Recompilation$44618$3841A$\^function\_.L:1#issueCommand(<function>:124)
	at jdk.nashorn.internal.scripts.Script$Recompilation$44618$3841A$\^function\_.L:1#issueCommand(<function>:124)
	at jdk.nashorn.internal.scripts.Script$Recompilation$44618$3841A$\^function\_.L:1#issueCommand(<function>:124)
	at jdk.nashorn.internal.scripts.Script$Recompilation$44618$3841A$\^function\_.L:1#issueCommand(<function>:124)
	at jdk.nashorn.internal.scripts.Script$Recompilation$44618$3841A$\^function\_.L:1#issueCommand(<function>:124)
	at jdk.nashorn.internal.scripts.Script$Recompilation$44618$3841A$\^function\_.L:1#issueCommand(<function>:124)
	at jdk.nashorn.internal.scripts.Script$Recompilation$44618$3841A$\^function\_.L:1#issueCommand(<function>:124)
	at jdk.nashorn.internal.scripts.Script$Recompilation$44618$3841A$\^function\_.L:1#issueCommand(<function>:124)
	at jdk.nashorn.internal.scripts.Script$Recompilation$44618$3841A$\^function\_.L:1#issueCommand(<function>:124)
	at jdk.nashorn.internal.scripts.Script$Recompilation$44618$3841A$\^function\_.L:1#issueCommand(<function>:124)
	at jdk.nashorn.internal.scripts.Script$Recompilation$44618$3841A$\^function\_.L:1#issueCommand(<function>:124)
	at jdk.nashorn.internal.scripts.Script$Recompilation$44618$3841A$\^function\_.L:1#issueCommand(<function>:124)
	at jdk.nashorn.internal.scripts.Script$Recompilation$44618$3841A$\^function\_.L:1#issueCommand(<function>:124)
	at jdk.nashorn.internal.scripts.Script$Recompilation$44618$3841A$\^function\_.L:1#issueCommand(<function>:124)
	at jdk.nashorn.internal.scripts.Script$Recompilation$44618$3841A$\^function\_.L:1#issueCommand(<function>:124)
	at jdk.nashorn.internal.scripts.Script$Recompilation$44618$3841A$\^function\_.L:1#issueCommand(<function>:124)
	at jdk.nashorn.internal.scripts.Script$Recompilation$44618$3841A$\^function\_.L:1#issueCommand(<function>:124)
	at jdk.nashorn.internal.scripts.Script$Recompilation$44618$3841A$\^function\_.L:1#issueCommand(<function>:124)
	at jdk.nashorn.internal.scripts.Script$Recompilation$44618$3841A$\^function\_.L:1#issueCommand(<function>:124)
	at jdk.nashorn.internal.scripts.Script$Recompilation$44618$3841A$\^function\_.L:1#issueCommand(<function>:124)
	at jdk.nashorn.internal.scripts.Script$Recompilation$44618$3841A$\^function\_.L:1#issueCommand(<function>:124)
	at jdk.nashorn.internal.scripts.Script$Recompilation$44618$3841A$\^function\_.L:1#issueCommand(<function>:124)
	at jdk.nashorn.internal.scripts.Script$Recompilation$44618$3841A$\^function\_.L:1#issueCommand(<function>:124)
	at jdk.nashorn.internal.scripts.Script$Recompilation$44618$3841A$\^function\_.L:1#issueCommand(<function>:124)
	at jdk.nashorn.internal.scripts.Script$Recompilation$44618$3841A$\^function\_.L:1#issueCommand(<function>:124)
	at jdk.nashorn.internal.scripts.Script$Recompilation$44618$3841A$\^function\_.L:1#issueCommand(<function>:124)
	at jdk.nashorn.internal.scripts.Script$Recompilation$44618$3841A$\^function\_.L:1#issueCommand(<function>:124)
	at jdk.nashorn.internal.scripts.Script$Recompilation$44618$3841A$\^function\_.L:1#issueCommand(<function>:124)
	at jdk.nashorn.internal.scripts.Script$Recompilation$44618$3841A$\^function\_.L:1#issueCommand(<function>:124)
	at jdk.nashorn.internal.scripts.Script$Recompilation$44618$3841A$\^function\_.L:1#issueCommand(<function>:124)
	at jdk.nashorn.internal.scripts.Script$Recompilation$44618$3841A$\^function\_.L:1#issueCommand(<function>:124)
	at jdk.nashorn.internal.scripts.Script$Recompilation$44618$3841A$\^function\_.L:1#issueCommand(<function>:124)
	at jdk.nashorn.internal.scripts.Script$Recompilation$44618$3841A$\^function\_.L:1#issueCommand(<function>:124)
	at jdk.nashorn.internal.scripts.Script$Recompilation$44618$3841A$\^function\_.L:1#issueCommand(<function>:124)
	at jdk.nashorn.internal.scripts.Script$Recompilation$44618$3841A$\^function\_.L:1#issueCommand(<function>:124)
	at jdk.nashorn.internal.scripts.Script$Recompilation$44618$3841A$\^function\_.L:1#issueCommand(<function>:124)
	at jdk.nashorn.internal.scripts.Script$Recompilation$44618$3841A$\^function\_.L:1#issueCommand(<function>:124)
	at jdk.nashorn.internal.scripts.Script$Recompilation$44618$3841A$\^function\_.L:1#issueCommand(<function>:124)
	at jdk.nashorn.internal.scripts.Script$Recompilation$44618$3841A$\^function\_.L:1#issueCommand(<function>:124)
	at jdk.nashorn.internal.scripts.Script$Recompilation$44618$3841A$\^function\_.L:1#issueCommand(<function>:124)
	at jdk.nashorn.internal.scripts.Script$Recompilation$44618$3841A$\^function\_.L:1#issueCommand(<function>:124)
	at jdk.nashorn.internal.scripts.Script$Recompilation$44618$3841A$\^function\_.L:1#issueCommand(<function>:124)
	at jdk.nashorn.internal.scripts.Script$Recompilation$44618$3841A$\^function\_.L:1#issueCommand(<function>:124)
	at jdk.nashorn.internal.scripts.Script$Recompilation$44618$3841A$\^function\_.L:1#issueCommand(<function>:124)
	at jdk.nashorn.internal.scripts.Script$Recompilation$44618$3841A$\^function\_.L:1#issueCommand(<function>:124)
	at jdk.nashorn.internal.scripts.Script$Recompilation$44618$3841A$\^function\_.L:1#issueCommand(<function>:124)
	at jdk.nashorn.internal.scripts.Script$Recompilation$44618$3841A$\^function\_.L:1#issueCommand(<function>:124)
	at jdk.nashorn.internal.scripts.Script$Recompilation$44618$3841A$\^function\_.L:1#issueCommand(<function>:124)
	at jdk.nashorn.internal.scripts.Script$Recompilation$44618$3841A$\^function\_.L:1#issueCommand(<function>:124)
	at jdk.nashorn.internal.scripts.Script$Recompilation$44618$3841A$\^function\_.L:1#issueCommand(<function>:124)
	at jdk.nashorn.internal.scripts.Script$Recompilation$44618$3841A$\^function\_.L:1#issueCommand(<function>:124)
	at jdk.nashorn.internal.scripts.Script$Recompilation$44618$3841A$\^function\_.L:1#issueCommand(<function>:124)
	at jdk.nashorn.internal.scripts.Script$Recompilation$44618$3841A$\^function\_.L:1#issueCommand(<function>:124)
	at jdk.nashorn.internal.scripts.Script$Recompilation$44618$3841A$\^function\_.L:1#issueCommand(<function>:124)
	at jdk.nashorn.internal.scripts.Script$Recompilation$44618$3841A$\^function\_.L:1#issueCommand(<function>:124)
	at jdk.nashorn.internal.scripts.Script$Recompilation$44618$3841A$\^function\_.L:1#issueCommand(<function>:124)
	at jdk.nashorn.internal.scripts.Script$Recompilation$44618$3841A$\^function\_.L:1#issueCommand(<function>:124)
	at jdk.nashorn.internal.scripts.Script$Recompilation$44618$3841A$\^function\_.L:1#issueCommand(<function>:124)
	at jdk.nashorn.internal.scripts.Script$Recompilation$44618$3841A$\^function\_.L:1#issueCommand(<function>:124)
	at jdk.nashorn.internal.scripts.Script$Recompilation$44618$3841A$\^function\_.L:1#issueCommand(<function>:124)
	at jdk.nashorn.internal.scripts.Script$Recompilation$44618$3841A$\^function\_.L:1#issueCommand(<function>:124)
	at jdk.nashorn.internal.scripts.Script$Recompilation$44618$3841A$\^function\_.L:1#issueCommand(<function>:124)
	at jdk.nashorn.internal.scripts.Script$Recompilation$44618$3841A$\^function\_.L:1#issueCommand(<function>:124)
	at jdk.nashorn.internal.scripts.Script$Recompilation$44618$3841A$\^function\_.L:1#issueCommand(<function>:124)
	at jdk.nashorn.internal.scripts.Script$Recompilation$44618$3841A$\^function\_.L:1#issueCommand(<function>:124)
	at jdk.nashorn.internal.scripts.Script$Recompilation$44618$3841A$\^function\_.L:1#issueCommand(<function>:124)
	at jdk.nashorn.internal.scripts.Script$Recompilation$44618$3841A$\^function\_.L:1#issueCommand(<function>:124)
	at jdk.nashorn.internal.scripts.Script$Recompilation$44618$3841A$\^function\_.L:1#issueCommand(<function>:124)
	at jdk.nashorn.internal.scripts.Script$Recompilation$44618$3841A$\^function\_.L:1#issueCommand(<function>:124)
	at jdk.nashorn.internal.scripts.Script$Recompilation$44618$3841A$\^function\_.L:1#issueCommand(<function>:124)
	at jdk.nashorn.internal.scripts.Script$Recompilation$44618$3841A$\^function\_.L:1#issueCommand(<function>:124)
	at jdk.nashorn.internal.scripts.Script$Recompilation$44618$3841A$\^function\_.L:1#issueCommand(<function>:124)
	at jdk.nashorn.internal.scripts.Script$Recompilation$44618$3841A$\^function\_.L:1#issueCommand(<function>:124)
	at jdk.nashorn.internal.scripts.Script$Recompilation$44618$3841A$\^function\_.L:1#issueCommand(<function>:124)
	at jdk.nashorn.internal.scripts.Script$Recompilation$44618$3841A$\^function\_.L:1#issueCommand(<function>:124)
	at jdk.nashorn.internal.scripts.Script$Recompilation$44618$3841A$\^function\_.L:1#issueCommand(<function>:124)
	at jdk.nashorn.internal.scripts.Script$Recompilation$44618$3841A$\^function\_.L:1#issueCommand(<function>:124)
	at jdk.nashorn.internal.scripts.Script$Recompilation$44618$3841A$\^function\_.L:1#issueCommand(<function>:124)
	at jdk.nashorn.internal.scripts.Script$Recompilation$44618$3841A$\^function\_.L:1#issueCommand(<function>:124)
	at jdk.nashorn.internal.scripts.Script$Recompilation$44618$3841A$\^function\_.L:1#issueCommand(<function>:124)
	at jdk.nashorn.internal.scripts.Script$Recompilation$44618$3841A$\^function\_.L:1#issueCommand(<function>:124)
	at jdk.nashorn.internal.scripts.Script$Recompilation$44618$3841A$\^function\_.L:1#issueCommand(<function>:124)
	at jdk.nashorn.internal.scripts.Script$Recompilation$44618$3841A$\^function\_.L:1#issueCommand(<function>:124)
	at jdk.nashorn.internal.scripts.Script$Recompilation$44618$3841A$\^function\_.L:1#issueCommand(<function>:124)
	at jdk.nashorn.internal.scripts.Script$Recompilation$44618$3841A$\^function\_.L:1#issueCommand(<function>:124)
	at jdk.nashorn.internal.scripts.Script$Recompilation$44618$3841A$\^function\_.L:1#issueCommand(<function>:124)
	at jdk.nashorn.internal.scripts.Script$Recompilation$44618$3841A$\^function\_.L:1#issueCommand(<function>:124)
	at jdk.nashorn.internal.scripts.Script$Recompilation$44618$3841A$\^function\_.L:1#issueCommand(<function>:124)
	at jdk.nashorn.internal.scripts.Script$Recompilation$44618$3841A$\^function\_.L:1#issueCommand(<function>:124)
	at jdk.nashorn.internal.scripts.Script$Recompilation$44618$3841A$\^function\_.L:1#issueCommand(<function>:124)
	at jdk.nashorn.internal.scripts.Script$Recompilation$44618$3841A$\^function\_.L:1#issueCommand(<function>:124)
	at jdk.nashorn.internal.scripts.Script$Recompilation$44618$3841A$\^function\_.L:1#issueCommand(<function>:124)
	at jdk.nashorn.internal.scripts.Script$Recompilation$44618$3841A$\^function\_.L:1#issueCommand(<function>:124)
	at jdk.nashorn.internal.scripts.Script$Recompilation$44618$3841A$\^function\_.L:1#issueCommand(<function>:124)
	at jdk.nashorn.internal.scripts.Script$Recompilation$44618$3841A$\^function\_.L:1#issueCommand(<function>:124)
	at jdk.nashorn.internal.scripts.Script$Recompilation$44618$3841A$\^function\_.L:1#issueCommand(<function>:124)
	at jdk.nashorn.internal.scripts.Script$Recompilation$44618$3841A$\^function\_.L:1#issueCommand(<function>:124)
	at jdk.nashorn.internal.scripts.Script$Recompilation$44618$3841A$\^function\_.L:1#issueCommand(<function>:124)
	at jdk.nashorn.internal.scripts.Script$Recompilation$44618$3841A$\^function\_.L:1#issueCommand(<function>:124)
	at jdk.nashorn.internal.scripts.Script$Recompilation$44618$3841A$\^function\_.L:1#issueCommand(<function>:124)
	at jdk.nashorn.internal.scripts.Script$Recompilation$44618$3841A$\^function\_.L:1#issueCommand(<function>:124)
	at jdk.nashorn.internal.scripts.Script$Recompilation$44618$3841A$\^function\_.L:1#issueCommand(<function>:124)
	at jdk.nashorn.internal.scripts.Script$Recompilation$44618$3841A$\^function\_.L:1#issueCommand(<function>:124)
	at jdk.nashorn.internal.scripts.Script$Recompilation$44618$3841A$\^function\_.L:1#issueCommand(<function>:124)
	at jdk.nashorn.internal.scripts.Script$Recompilation$44618$3841A$\^function\_.L:1#issueCommand(<function>:124)
	at jdk.nashorn.internal.scripts.Script$Recompilation$44618$3841A$\^function\_.L:1#issueCommand(<function>:124)
	at jdk.nashorn.internal.scripts.Script$Recompilation$44618$3841A$\^function\_.L:1#issueCommand(<function>:124)
	at jdk.nashorn.internal.scripts.Script$Recompilation$44618$3841A$\^function\_.L:1#issueCommand(<function>:124)
	at jdk.nashorn.internal.scripts.Script$Recompilation$44618$3841A$\^function\_.L:1#issueCommand(<function>:124)
	at jdk.nashorn.internal.scripts.Script$Recompilation$44618$3841A$\^function\_.L:1#issueCommand(<function>:124)
	at jdk.nashorn.internal.scripts.Script$Recompilation$44618$3841A$\^function\_.L:1#issueCommand(<function>:124)
	at jdk.nashorn.internal.scripts.Script$Recompilation$44618$3841A$\^function\_.L:1#issueCommand(<function>:124)
	at jdk.nashorn.internal.scripts.Script$Recompilation$44618$3841A$\^function\_.L:1#issueCommand(<function>:124)
	at jdk.nashorn.internal.scripts.Script$Recompilation$44618$3841A$\^function\_.L:1#issueCommand(<function>:124)
	at jdk.nashorn.internal.scripts.Script$Recompilation$44618$3841A$\^function\_.L:1#issueCommand(<function>:124)
	at jdk.nashorn.internal.scripts.Script$Recompilation$44618$3841A$\^function\_.L:1#issueCommand(<function>:124)
	at jdk.nashorn.internal.scripts.Script$Recompilation$44618$3841A$\^function\_.L:1#issueCommand(<function>:124)
	at jdk.nashorn.internal.scripts.Script$Recompilation$44618$3841A$\^function\_.L:1#issueCommand(<function>:124)
	at jdk.nashorn.internal.scripts.Script$Recompilation$44618$3841A$\^function\_.L:1#issueCommand(<function>:124)
	at jdk.nashorn.internal.scripts.Script$Recompilation$44618$3841A$\^function\_.L:1#issueCommand(<function>:124)
	at jdk.nashorn.internal.scripts.Script$Recompilation$44618$3841A$\^function\_.L:1#issueCommand(<function>:124)
	at jdk.nashorn.internal.scripts.Script$Recompilation$44618$3841A$\^function\_.L:1#issueCommand(<function>:124)
	at jdk.nashorn.internal.scripts.Script$Recompilation$44618$3841A$\^function\_.L:1#issueCommand(<function>:124)
	at jdk.nashorn.internal.scripts.Script$Recompilation$44618$3841A$\^function\_.L:1#issueCommand(<function>:124)
	at jdk.nashorn.internal.scripts.Script$Recompilation$44618$3841A$\^function\_.L:1#issueCommand(<function>:124)
	at jdk.nashorn.internal.scripts.Script$Recompilation$44618$3841A$\^function\_.L:1#issueCommand(<function>:124)
	at jdk.nashorn.internal.scripts.Script$Recompilation$44618$3841A$\^function\_.L:1#issueCommand(<function>:124)
	at jdk.nashorn.internal.scripts.Script$Recompilation$44618$3841A$\^function\_.L:1#issueCommand(<function>:124)
	at jdk.nashorn.internal.scripts.Script$Recompilation$44618$3841A$\^function\_.L:1#issueCommand(<function>:124)
	at jdk.nashorn.internal.scripts.Script$Recompilation$44618$3841A$\^function\_.L:1#issueCommand(<function>:124)
	at jdk.nashorn.internal.scripts.Script$Recompilation$44618$3841A$\^function\_.L:1#issueCommand(<function>:124)
	at jdk.nashorn.internal.scripts.Script$Recompilation$44618$3841A$\^function\_.L:1#issueCommand(<function>:124)
	at jdk.nashorn.internal.scripts.Script$Recompilation$44618$3841A$\^function\_.L:1#issueCommand(<function>:124)
	at jdk.nashorn.internal.scripts.Script$Recompilation$44618$3841A$\^function\_.L:1#issueCommand(<function>:124)
	at jdk.nashorn.internal.scripts.Script$Recompilation$44618$3841A$\^function\_.L:1#issueCommand(<function>:124)
	at jdk.nashorn.internal.scripts.Script$Recompilation$44618$3841A$\^function\_.L:1#issueCommand(<function>:124)
	at jdk.nashorn.internal.scripts.Script$Recompilation$44618$3841A$\^function\_.L:1#issueCommand(<function>:124)
	at jdk.nashorn.internal.scripts.Script$Recompilation$44618$3841A$\^function\_.L:1#issueCommand(<function>:124)
	at jdk.nashorn.internal.scripts.Script$Recompilation$44618$3841A$\^function\_.L:1#issueCommand(<function>:124)
	at jdk.nashorn.internal.scripts.Script$Recompilation$44618$3841A$\^function\_.L:1#issueCommand(<function>:124)
	at jdk.nashorn.internal.scripts.Script$Recompilation$44618$3841A$\^function\_.L:1#issueCommand(<function>:124)
	at jdk.nashorn.internal.scripts.Script$Recompilation$44618$3841A$\^function\_.L:1#issueCommand(<function>:124)
	at jdk.nashorn.internal.scripts.Script$Recompilation$44618$3841A$\^function\_.L:1#issueCommand(<function>:124)
	at jdk.nashorn.internal.scripts.Script$Recompilation$44618$3841A$\^function\_.L:1#issueCommand(<function>:124)
	at jdk.nashorn.internal.scripts.Script$Recompilation$44618$3841A$\^function\_.L:1#issueCommand(<function>:124)
	at jdk.nashorn.internal.scripts.Script$Recompilation$44618$3841A$\^function\_.L:1#issueCommand(<function>:124)
	at jdk.nashorn.internal.scripts.Script$Recompilation$44618$3841A$\^function\_.L:1#issueCommand(<function>:124)
	at jdk.nashorn.internal.scripts.Script$Recompilation$44618$3841A$\^function\_.L:1#issueCommand(<function>:124)
	at jdk.nashorn.internal.scripts.Script$Recompilation$44618$3841A$\^function\_.L:1#issueCommand(<function>:124)
	at jdk.nashorn.internal.scripts.Script$Recompilation$44618$3841A$\^function\_.L:1#issueCommand(<function>:124)
	at jdk.nashorn.internal.scripts.Script$Recompilation$44618$3841A$\^function\_.L:1#issueCommand(<function>:124)
	at jdk.nashorn.internal.scripts.Script$Recompilation$44618$3841A$\^function\_.L:1#issueCommand(<function>:124)
	at jdk.nashorn.internal.scripts.Script$Recompilation$44618$3841A$\^function\_.L:1#issueCommand(<function>:124)
	at jdk.nashorn.internal.scripts.Script$Recompilation$44618$3841A$\^function\_.L:1#issueCommand(<function>:124)
	at jdk.nashorn.internal.scripts.Script$Recompilation$44618$3841A$\^function\_.L:1#issueCommand(<function>:124)
	at jdk.nashorn.internal.scripts.Script$Recompilation$44618$3841A$\^function\_.L:1#issueCommand(<function>:124)
	at jdk.nashorn.internal.scripts.Script$Recompilation$44618$3841A$\^function\_.L:1#issueCommand(<function>:124)
	at jdk.nashorn.internal.scripts.Script$Recompilation$44618$3841A$\^function\_.L:1#issueCommand(<function>:124)
	at jdk.nashorn.internal.scripts.Script$Recompilation$44618$3841A$\^function\_.L:1#issueCommand(<function>:124)
	at jdk.nashorn.internal.scripts.Script$Recompilation$44618$3841A$\^function\_.L:1#issueCommand(<function>:124)
	at jdk.nashorn.internal.scripts.Script$Recompilation$44618$3841A$\^function\_.L:1#issueCommand(<function>:124)
	at jdk.nashorn.internal.scripts.Script$Recompilation$44618$3841A$\^function\_.L:1#issueCommand(<function>:124)
	at jdk.nashorn.internal.scripts.Script$Recompilation$44618$3841A$\^function\_.L:1#issueCommand(<function>:124)
	at jdk.nashorn.internal.scripts.Script$Recompilation$44618$3841A$\^function\_.L:1#issueCommand(<function>:124)
	at jdk.nashorn.internal.scripts.Script$Recompilation$44618$3841A$\^function\_.L:1#issueCommand(<function>:124)
	at jdk.nashorn.internal.scripts.Script$Recompilation$44618$3841A$\^function\_.L:1#issueCommand(<function>:124)
	at jdk.nashorn.internal.scripts.Script$Recompilation$44618$3841A$\^function\_.L:1#issueCommand(<function>:124)
	at jdk.nashorn.internal.scripts.Script$Recompilation$44618$3841A$\^function\_.L:1#issueCommand(<function>:124)
	at jdk.nashorn.internal.scripts.Script$Recompilation$44618$3841A$\^function\_.L:1#issueCommand(<function>:124)
	at jdk.nashorn.internal.scripts.Script$Recompilation$44618$3841A$\^function\_.L:1#issueCommand(<function>:124)
	at jdk.nashorn.internal.scripts.Script$Recompilation$44618$3841A$\^function\_.L:1#issueCommand(<function>:124)
	at jdk.nashorn.internal.scripts.Script$Recompilation$44618$3841A$\^function\_.L:1#issueCommand(<function>:124)
	at jdk.nashorn.internal.scripts.Script$Recompilation$44618$3841A$\^function\_.L:1#issueCommand(<function>:124)
	at jdk.nashorn.internal.scripts.Script$Recompilation$44618$3841A$\^function\_.L:1#issueCommand(<function>:124)
	at jdk.nashorn.internal.scripts.Script$Recompilation$44618$3841A$\^function\_.L:1#issueCommand(<function>:124)
	at jdk.nashorn.internal.scripts.Script$Recompilation$44618$3841A$\^function\_.L:1#issueCommand(<function>:124)
	at jdk.nashorn.internal.scripts.Script$Recompilation$44618$3841A$\^function\_.L:1#issueCommand(<function>:124)
	at jdk.nashorn.internal.scripts.Script$Recompilation$44618$3841A$\^function\_.L:1#issueCommand(<function>:124)
	at jdk.nashorn.internal.scripts.Script$Recompilation$44618$3841A$\^function\_.L:1#issueCommand(<function>:124)
	at jdk.nashorn.internal.scripts.Script$Recompilation$44618$3841A$\^function\_.L:1#issueCommand(<function>:124)
	at jdk.nashorn.internal.scripts.Script$Recompilation$44618$3841A$\^function\_.L:1#issueCommand(<function>:124)
	at jdk.nashorn.internal.scripts.Script$Recompilation$44618$3841A$\^function\_.L:1#issueCommand(<function>:124)
	at jdk.nashorn.internal.scripts.Script$Recompilation$44618$3841A$\^function\_.L:1#issueCommand(<function>:124)
	at jdk.nashorn.internal.scripts.Script$Recompilation$44618$3841A$\^function\_.L:1#issueCommand(<function>:124)
	at jdk.nashorn.internal.scripts.Script$Recompilation$44618$3841A$\^function\_.L:1#issueCommand(<function>:124)
	at jdk.nashorn.internal.scripts.Script$Recompilation$44618$3841A$\^function\_.L:1#issueCommand(<function>:124)
	at jdk.nashorn.internal.scripts.Script$Recompilation$44618$3841A$\^function\_.L:1#issueCommand(<function>:124)
	at jdk.nashorn.internal.scripts.Script$Recompilation$44618$3841A$\^function\_.L:1#issueCommand(<function>:124)
	at jdk.nashorn.internal.scripts.Script$Recompilation$44618$3841A$\^function\_.L:1#issueCommand(<function>:124)
	at jdk.nashorn.internal.scripts.Script$Recompilation$44618$3841A$\^function\_.L:1#issueCommand(<function>:124)
	at jdk.nashorn.internal.scripts.Script$Recompilation$44618$3841A$\^function\_.L:1#issueCommand(<function>:124)
	at jdk.nashorn.internal.scripts.Script$Recompilation$44618$3841A$\^function\_.L:1#issueCommand(<function>:124)
	at jdk.nashorn.internal.scripts.Script$Recompilation$44618$3841A$\^function\_.L:1#issueCommand(<function>:124)
	at jdk.nashorn.internal.scripts.Script$Recompilation$44618$3841A$\^function\_.L:1#issueCommand(<function>:124)
	at jdk.nashorn.internal.scripts.Script$Recompilation$44618$3841A$\^function\_.L:1#issueCommand(<function>:124)
	at jdk.nashorn.internal.scripts.Script$Recompilation$44618$3841A$\^function\_.L:1#issueCommand(<function>:124)
	at jdk.nashorn.internal.scripts.Script$Recompilation$44618$3841A$\^function\_.L:1#issueCommand(<function>:124)
	at jdk.nashorn.internal.scripts.Script$Recompilation$44618$3841A$\^function\_.L:1#issueCommand(<function>:124)
	at jdk.nashorn.internal.scripts.Script$Recompilation$44618$3841A$\^function\_.L:1#issueCommand(<function>:124)
	at jdk.nashorn.internal.scripts.Script$Recompilation$44618$3841A$\^function\_.L:1#issueCommand(<function>:124)
	at jdk.nashorn.internal.scripts.Script$Recompilation$44618$3841A$\^function\_.L:1#issueCommand(<function>:124)
	at jdk.nashorn.internal.scripts.Script$Recompilation$44618$3841A$\^function\_.L:1#issueCommand(<function>:124)
	at jdk.nashorn.internal.scripts.Script$Recompilation$44618$3841A$\^function\_.L:1#issueCommand(<function>:124)
	at jdk.nashorn.internal.scripts.Script$Recompilation$44618$3841A$\^function\_.L:1#issueCommand(<function>:124)
	at jdk.nashorn.internal.scripts.Script$Recompilation$44618$3841A$\^function\_.L:1#issueCommand(<function>:124)
	at jdk.nashorn.internal.scripts.Script$Recompilation$44618$3841A$\^function\_.L:1#issueCommand(<function>:124)
	at jdk.nashorn.internal.scripts.Script$Recompilation$44618$3841A$\^function\_.L:1#issueCommand(<function>:124)
	at jdk.nashorn.internal.scripts.Script$Recompilation$44618$3841A$\^function\_.L:1#issueCommand(<function>:124)
	at jdk.nashorn.internal.scripts.Script$Recompilation$44618$3841A$\^function\_.L:1#issueCommand(<function>:124)
	at jdk.nashorn.internal.scripts.Script$Recompilation$44618$3841A$\^function\_.L:1#issueCommand(<function>:124)
	at jdk.nashorn.internal.scripts.Script$Recompilation$44618$3841A$\^function\_.L:1#issueCommand(<function>:124)
	at jdk.nashorn.internal.scripts.Script$Recompilation$44618$3841A$\^function\_.L:1#issueCommand(<function>:124)
	at jdk.nashorn.internal.scripts.Script$Recompilation$44618$3841A$\^function\_.L:1#issueCommand(<function>:124)
	at jdk.nashorn.internal.scripts.Script$Recompilation$44618$3841A$\^function\_.L:1#issueCommand(<function>:124)
	at jdk.nashorn.internal.scripts.Script$Recompilation$44618$3841A$\^function\_.L:1#issueCommand(<function>:124)
	at jdk.nashorn.internal.scripts.Script$Recompilation$44618$3841A$\^function\_.L:1#issueCommand(<function>:124)
	at jdk.nashorn.internal.scripts.Script$Recompilation$44618$3841A$\^function\_.L:1#issueCommand(<function>:124)
	at jdk.nashorn.internal.scripts.Script$Recompilation$44618$3841A$\^function\_.L:1#issueCommand(<function>:124)
	at jdk.nashorn.internal.scripts.Script$Recompilation$44618$3841A$\^function\_.L:1#issueCommand(<function>:124)
	at jdk.nashorn.internal.scripts.Script$Recompilation$44618$3841A$\^function\_.L:1#issueCommand(<function>:124)
	at jdk.nashorn.internal.scripts.Script$Recompilation$44618$3841A$\^function\_.L:1#issueCommand(<function>:124)
	at jdk.nashorn.internal.scripts.Script$Recompilation$44618$3841A$\^function\_.L:1#issueCommand(<function>:124)
	at jdk.nashorn.internal.scripts.Script$Recompilation$44618$3841A$\^function\_.L:1#issueCommand(<function>:124)
	at jdk.nashorn.internal.scripts.Script$Recompilation$44618$3841A$\^function\_.L:1#issueCommand(<function>:124)
	at jdk.nashorn.internal.scripts.Script$Recompilation$44618$3841A$\^function\_.L:1#issueCommand(<function>:124)
	at jdk.nashorn.internal.scripts.Script$Recompilation$44618$3841A$\^function\_.L:1#issueCommand(<function>:124)
	at jdk.nashorn.internal.scripts.Script$Recompilation$44618$3841A$\^function\_.L:1#issueCommand(<function>:124)
	at jdk.nashorn.internal.scripts.Script$Recompilation$44618$3841A$\^function\_.L:1#issueCommand(<function>:124)
	at jdk.nashorn.internal.scripts.Script$Recompilation$44618$3841A$\^function\_.L:1#issueCommand(<function>:124)
	at jdk.nashorn.internal.scripts.Script$Recompilation$44618$3841A$\^function\_.L:1#issueCommand(<function>:124)
	at jdk.nashorn.internal.scripts.Script$Recompilation$44618$3841A$\^function\_.L:1#issueCommand(<function>:124)
	at jdk.nashorn.internal.scripts.Script$Recompilation$44618$3841A$\^function\_.L:1#issueCommand(<function>:124)
	at jdk.nashorn.internal.scripts.Script$Recompilation$44618$3841A$\^function\_.L:1#issueCommand(<function>:124)
	at jdk.nashorn.internal.scripts.Script$Recompilation$44618$3841A$\^function\_.L:1#issueCommand(<function>:124)
	at jdk.nashorn.internal.scripts.Script$Recompilation$44618$3841A$\^function\_.L:1#issueCommand(<function>:124)
	at jdk.nashorn.internal.scripts.Script$Recompilation$44618$3841A$\^function\_.L:1#issueCommand(<function>:124)
	at jdk.nashorn.internal.scripts.Script$Recompilation$44618$3841A$\^function\_.L:1#issueCommand(<function>:124)
	at jdk.nashorn.internal.scripts.Script$Recompilation$44618$3841A$\^function\_.L:1#issueCommand(<function>:124)
	at jdk.nashorn.internal.scripts.Script$Recompilation$44618$3841A$\^function\_.L:1#issueCommand(<function>:124)
	at jdk.nashorn.internal.scripts.Script$Recompilation$44618$3841A$\^function\_.L:1#issueCommand(<function>:124)
	at jdk.nashorn.internal.scripts.Script$Recompilation$44618$3841A$\^function\_.L:1#issueCommand(<function>:124)
	at jdk.nashorn.internal.scripts.Script$Recompilation$44618$3841A$\^function\_.L:1#issueCommand(<function>:124)
	at jdk.nashorn.internal.scripts.Script$Recompilation$44618$3841A$\^function\_.L:1#issueCommand(<function>:124)
	at jdk.nashorn.internal.scripts.Script$Recompilation$44618$3841A$\^function\_.L:1#issueCommand(<function>:124)
	at jdk.nashorn.internal.scripts.Script$Recompilation$44618$3841A$\^function\_.L:1#issueCommand(<function>:124)
	at jdk.nashorn.internal.scripts.Script$Recompilation$44618$3841A$\^function\_.L:1#issueCommand(<function>:124)
	at jdk.nashorn.internal.scripts.Script$Recompilation$44618$3841A$\^function\_.L:1#issueCommand(<function>:124)
	at jdk.nashorn.internal.scripts.Script$Recompilation$44618$3841A$\^function\_.L:1#issueCommand(<function>:124)
	at jdk.nashorn.internal.scripts.Script$Recompilation$44618$3841A$\^function\_.L:1#issueCommand(<function>:124)
	at jdk.nashorn.internal.scripts.Script$Recompilation$44618$3841A$\^function\_.L:1#issueCommand(<function>:124)
	at jdk.nashorn.internal.scripts.Script$Recompilation$44618$3841A$\^function\_.L:1#issueCommand(<function>:124)
	at jdk.nashorn.internal.scripts.Script$Recompilation$44618$3841A$\^function\_.L:1#issueCommand(<function>:124)
	at jdk.nashorn.internal.scripts.Script$Recompilation$44618$3841A$\^function\_.L:1#issueCommand(<function>:124)
	at jdk.nashorn.internal.scripts.Script$Recompilation$44618$3841A$\^function\_.L:1#issueCommand(<function>:124)
	at jdk.nashorn.internal.scripts.Script$Recompilation$44618$3841A$\^function\_.L:1#issueCommand(<function>:124)
	at jdk.nashorn.internal.scripts.Script$Recompilation$44618$3841A$\^function\_.L:1#issueCommand(<function>:124)
	at jdk.nashorn.internal.scripts.Script$Recompilation$44618$3841A$\^function\_.L:1#issueCommand(<function>:124)
	at jdk.nashorn.internal.scripts.Script$Recompilation$44618$3841A$\^function\_.L:1#issueCommand(<function>:124)
	at jdk.nashorn.internal.scripts.Script$Recompilation$44618$3841A$\^function\_.L:1#issueCommand(<function>:124)
	at jdk.nashorn.internal.scripts.Script$Recompilation$44618$3841A$\^function\_.L:1#issueCommand(<function>:124)
	at jdk.nashorn.internal.scripts.Script$Recompilation$44618$3841A$\^function\_.L:1#issueCommand(<function>:124)
	at jdk.nashorn.internal.scripts.Script$Recompilation$44618$3841A$\^function\_.L:1#issueCommand(<function>:124)
	at jdk.nashorn.internal.scripts.Script$Recompilation$44618$3841A$\^function\_.L:1#issueCommand(<function>:124)
	at jdk.nashorn.internal.scripts.Script$Recompilation$44618$3841A$\^function\_.L:1#issueCommand(<function>:124)
	at jdk.nashorn.internal.scripts.Script$Recompilation$44618$3841A$\^function\_.L:1#issueCommand(<function>:124)
	at jdk.nashorn.internal.scripts.Script$Recompilation$44618$3841A$\^function\_.L:1#issueCommand(<function>:124)
	at jdk.nashorn.internal.scripts.Script$Recompilation$44618$3841A$\^function\_.L:1#issueCommand(<function>:124)
	at jdk.nashorn.internal.scripts.Script$Recompilation$44618$3841A$\^function\_.L:1#issueCommand(<function>:124)
	at jdk.nashorn.internal.scripts.Script$Recompilation$44618$3841A$\^function\_.L:1#issueCommand(<function>:124)
	at jdk.nashorn.internal.scripts.Script$Recompilation$44618$3841A$\^function\_.L:1#issueCommand(<function>:124)
	at jdk.nashorn.internal.scripts.Script$Recompilation$44618$3841A$\^function\_.L:1#issueCommand(<function>:124)
	at jdk.nashorn.internal.scripts.Script$Recompilation$44618$3841A$\^function\_.L:1#issueCommand(<function>:124)
	at jdk.nashorn.internal.scripts.Script$Recompilation$44618$3841A$\^function\_.L:1#issueCommand(<function>:124)
	at jdk.nashorn.internal.scripts.Script$Recompilation$44618$3841A$\^function\_.L:1#issueCommand(<function>:124)
	at jdk.nashorn.internal.scripts.Script$Recompilation$44618$3841A$\^function\_.L:1#issueCommand(<function>:124)
	at jdk.nashorn.internal.scripts.Script$Recompilation$44618$3841A$\^function\_.L:1#issueCommand(<function>:124)
	at jdk.nashorn.internal.scripts.Script$Recompilation$44618$3841A$\^function\_.L:1#issueCommand(<function>:124)
	at jdk.nashorn.internal.scripts.Script$Recompilation$44618$3841A$\^function\_.L:1#issueCommand(<function>:124)
	at jdk.nashorn.internal.scripts.Script$Recompilation$44618$3841A$\^function\_.L:1#issueCommand(<function>:124)
	at jdk.nashorn.internal.scripts.Script$Recompilation$44618$3841A$\^function\_.L:1#issueCommand(<function>:124)
	at jdk.nashorn.internal.scripts.Script$Recompilation$44618$3841A$\^function\_.L:1#issueCommand(<function>:124)
	at jdk.nashorn.internal.scripts.Script$Recompilation$44618$3841A$\^function\_.L:1#issueCommand(<function>:124)
	at jdk.nashorn.internal.scripts.Script$Recompilation$44618$3841A$\^function\_.L:1#issueCommand(<function>:124)
	at jdk.nashorn.internal.scripts.Script$Recompilation$44618$3841A$\^function\_.L:1#issueCommand(<function>:124)
	at jdk.nashorn.internal.scripts.Script$Recompilation$44618$3841A$\^function\_.L:1#issueCommand(<function>:124)
	at jdk.nashorn.internal.scripts.Script$Recompilation$44618$3841A$\^function\_.L:1#issueCommand(<function>:124)
	at jdk.nashorn.internal.scripts.Script$Recompilation$44618$3841A$\^function\_.L:1#issueCommand(<function>:124)
	at jdk.nashorn.internal.scripts.Script$Recompilation$44618$3841A$\^function\_.L:1#issueCommand(<function>:124)
	at jdk.nashorn.internal.scripts.Script$Recompilation$44618$3841A$\^function\_.L:1#issueCommand(<function>:124)
	at jdk.nashorn.internal.scripts.Script$Recompilation$44618$3841A$\^function\_.L:1#issueCommand(<function>:124)
	at jdk.nashorn.internal.scripts.Script$Recompilation$44618$3841A$\^function\_.L:1#issueCommand(<function>:124)
	at jdk.nashorn.internal.scripts.Script$Recompilation$44618$3841A$\^function\_.L:1#issueCommand(<function>:124)
	at jdk.nashorn.internal.scripts.Script$Recompilation$44618$3841A$\^function\_.L:1#issueCommand(<function>:124)
	at jdk.nashorn.internal.scripts.Script$Recompilation$44618$3841A$\^function\_.L:1#issueCommand(<function>:124)
	at jdk.nashorn.internal.scripts.Script$Recompilation$44618$3841A$\^function\_.L:1#issueCommand(<function>:124)
	at jdk.nashorn.internal.scripts.Script$Recompilation$44618$3841A$\^function\_.L:1#issueCommand(<function>:124)
	at jdk.nashorn.internal.scripts.Script$Recompilation$44618$3841A$\^function\_.L:1#issueCommand(<function>:124)
	at jdk.nashorn.internal.scripts.Script$Recompilation$44618$3841A$\^function\_.L:1#issueCommand(<function>:124)
	at jdk.nashorn.internal.scripts.Script$Recompilation$44618$3841A$\^function\_.L:1#issueCommand(<function>:124)
	at jdk.nashorn.internal.scripts.Script$Recompilation$44618$3841A$\^function\_.L:1#issueCommand(<function>:124)
	at jdk.nashorn.internal.scripts.Script$Recompilation$44618$3841A$\^function\_.L:1#issueCommand(<function>:124)
	at jdk.nashorn.internal.scripts.Script$Recompilation$44618$3841A$\^function\_.L:1#issueCommand(<function>:124)
	at jdk.nashorn.internal.scripts.Script$Recompilation$44618$3841A$\^function\_.L:1#issueCommand(<function>:124)
	at jdk.nashorn.internal.scripts.Script$Recompilation$44618$3841A$\^function\_.L:1#issueCommand(<function>:124)
	at jdk.nashorn.internal.scripts.Script$Recompilation$44618$3841A$\^function\_.L:1#issueCommand(<function>:124)
	at jdk.nashorn.internal.scripts.Script$Recompilation$44618$3841A$\^function\_.L:1#issueCommand(<function>:124)
	at jdk.nashorn.internal.scripts.Script$Recompilation$44618$3841A$\^function\_.L:1#issueCommand(<function>:124)
	at jdk.nashorn.internal.scripts.Script$Recompilation$44618$3841A$\^function\_.L:1#issueCommand(<function>:124)
	at jdk.nashorn.internal.scripts.Script$Recompilation$44618$3841A$\^function\_.L:1#issueCommand(<function>:124)
	at jdk.nashorn.internal.scripts.Script$Recompilation$44618$3841A$\^function\_.L:1#issueCommand(<function>:124)
	at jdk.nashorn.internal.scripts.Script$Recompilation$44618$3841A$\^function\_.L:1#issueCommand(<function>:124)
	at jdk.nashorn.internal.scripts.Script$Recompilation$44618$3841A$\^function\_.L:1#issueCommand(<function>:124)
	at jdk.nashorn.internal.scripts.Script$Recompilation$44618$3841A$\^function\_.L:1#issueCommand(<function>:124)
	at jdk.nashorn.internal.scripts.Script$Recompilation$44618$3841A$\^function\_.L:1#issueCommand(<function>:124)
	at jdk.nashorn.internal.scripts.Script$Recompilation$44618$3841A$\^function\_.L:1#issueCommand(<function>:124)
	at jdk.nashorn.internal.scripts.Script$Recompilation$44618$3841A$\^function\_.L:1#issueCommand(<function>:124)
	at jdk.nashorn.internal.scripts.Script$Recompilation$44618$3841A$\^function\_.L:1#issueCommand(<function>:124)
	at jdk.nashorn.internal.scripts.Script$Recompilation$44618$3841A$\^function\_.L:1#issueCommand(<function>:124)
	at jdk.nashorn.internal.scripts.Script$Recompilation$44618$3841A$\^function\_.L:1#issueCommand(<function>:124)
	at jdk.nashorn.internal.scripts.Script$Recompilation$44618$3841A$\^function\_.L:1#issueCommand(<function>:124)
	at jdk.nashorn.internal.scripts.Script$Recompilation$44618$3841A$\^function\_.L:1#issueCommand(<function>:124)
	at jdk.nashorn.internal.scripts.Script$Recompilation$44618$3841A$\^function\_.L:1#issueCommand(<function>:124)
	at jdk.nashorn.internal.scripts.Script$Recompilation$44618$3841A$\^function\_.L:1#issueCommand(<function>:124)
	at jdk.nashorn.internal.scripts.Script$Recompilation$44618$3841A$\^function\_.L:1#issueCommand(<function>:124)
	at jdk.nashorn.internal.scripts.Script$Recompilation$44618$3841A$\^function\_.L:1#issueCommand(<function>:124)
	at jdk.nashorn.internal.scripts.Script$Recompilation$44618$3841A$\^function\_.L:1#issueCommand(<function>:124)
	at jdk.nashorn.internal.scripts.Script$Recompilation$44618$3841A$\^function\_.L:1#issueCommand(<function>:124)
	at jdk.nashorn.internal.scripts.Script$Recompilation$44618$3841A$\^function\_.L:1#issueCommand(<function>:124)
	at jdk.nashorn.internal.scripts.Script$Recompilation$44618$3841A$\^function\_.L:1#issueCommand(<function>:124)
	at jdk.nashorn.internal.scripts.Script$Recompilation$44618$3841A$\^function\_.L:1#issueCommand(<function>:124)
	at jdk.nashorn.internal.scripts.Script$Recompilation$44618$3841A$\^function\_.L:1#issueCommand(<function>:124)
	at jdk.nashorn.internal.scripts.Script$Recompilation$44618$3841A$\^function\_.L:1#issueCommand(<function>:124)
	at jdk.nashorn.internal.scripts.Script$Recompilation$44618$3841A$\^function\_.L:1#issueCommand(<function>:124)
	at jdk.nashorn.internal.scripts.Script$Recompilation$44618$3841A$\^function\_.L:1#issueCommand(<function>:124)
	at jdk.nashorn.internal.scripts.Script$Recompilation$44618$3841A$\^function\_.L:1#issueCommand(<function>:124)
	at jdk.nashorn.internal.scripts.Script$Recompilation$44618$3841A$\^function\_.L:1#issueCommand(<function>:124)
	at jdk.nashorn.internal.scripts.Script$Recompilation$44618$3841A$\^function\_.L:1#issueCommand(<function>:124)
	at jdk.nashorn.internal.scripts.Script$Recompilation$44618$3841A$\^function\_.L:1#issueCommand(<function>:124)
	at jdk.nashorn.internal.scripts.Script$Recompilation$44618$3841A$\^function\_.L:1#issueCommand(<function>:124)
	at jdk.nashorn.internal.scripts.Script$Recompilation$44618$3841A$\^function\_.L:1#issueCommand(<function>:124)
	at jdk.nashorn.internal.scripts.Script$Recompilation$44618$3841A$\^function\_.L:1#issueCommand(<function>:124)
	at jdk.nashorn.internal.scripts.Script$Recompilation$44618$3841A$\^function\_.L:1#issueCommand(<function>:124)
	at jdk.nashorn.internal.scripts.Script$Recompilation$44618$3841A$\^function\_.L:1#issueCommand(<function>:124)
	at jdk.nashorn.internal.scripts.Script$Recompilation$44618$3841A$\^function\_.L:1#issueCommand(<function>:124)
	at jdk.nashorn.internal.scripts.Script$Recompilation$44618$3841A$\^function\_.L:1#issueCommand(<function>:124)
	at jdk.nashorn.internal.scripts.Script$Recompilation$44618$3841A$\^function\_.L:1#issueCommand(<function>:124)
	at jdk.nashorn.internal.scripts.Script$Recompilation$44618$3841A$\^function\_.L:1#issueCommand(<function>:124)
	at jdk.nashorn.internal.scripts.Script$Recompilation$44618$3841A$\^function\_.L:1#issueCommand(<function>:124)
	at jdk.nashorn.internal.scripts.Script$Recompilation$44618$3841A$\^function\_.L:1#issueCommand(<function>:124)
	at jdk.nashorn.internal.scripts.Script$Recompilation$44618$3841A$\^function\_.L:1#issueCommand(<function>:124)
	at jdk.nashorn.internal.scripts.Script$Recompilation$44618$3841A$\^function\_.L:1#issueCommand(<function>:124)
	at jdk.nashorn.internal.scripts.Script$Recompilation$44618$3841A$\^function\_.L:1#issueCommand(<function>:124)
	at jdk.nashorn.internal.scripts.Script$Recompilation$44618$3841A$\^function\_.L:1#issueCommand(<function>:124)
	at jdk.nashorn.internal.scripts.Script$Recompilation$44618$3841A$\^function\_.L:1#issueCommand(<function>:124)
	at jdk.nashorn.internal.scripts.Script$Recompilation$44618$3841A$\^function\_.L:1#issueCommand(<function>:124)
	at jdk.nashorn.internal.scripts.Script$Recompilation$44618$3841A$\^function\_.L:1#issueCommand(<function>:124)
	at jdk.nashorn.internal.scripts.Script$Recompilation$44618$3841A$\^function\_.L:1#issueCommand(<function>:124)
	at jdk.nashorn.internal.scripts.Script$Recompilation$44618$3841A$\^function\_.L:1#issueCommand(<function>:124)
	at jdk.nashorn.internal.scripts.Script$Recompilation$44618$3841A$\^function\_.L:1#issueCommand(<function>:124)
	at jdk.nashorn.internal.scripts.Script$Recompilation$44618$3841A$\^function\_.L:1#issueCommand(<function>:124)
	at jdk.nashorn.internal.scripts.Script$Recompilation$44618$3841A$\^function\_.L:1#issueCommand(<function>:124)
	at jdk.nashorn.internal.scripts.Script$Recompilation$44618$3841A$\^function\_.L:1#issueCommand(<function>:124)
	at jdk.nashorn.internal.scripts.Script$Recompilation$44618$3841A$\^function\_.L:1#issueCommand(<function>:124)
	at jdk.nashorn.internal.scripts.Script$Recompilation$44618$3841A$\^function\_.L:1#issueCommand(<function>:124)
	at jdk.nashorn.internal.scripts.Script$Recompilation$44618$3841A$\^function\_.L:1#issueCommand(<function>:124)
	at jdk.nashorn.internal.scripts.Script$Recompilation$44618$3841A$\^function\_.L:1#issueCommand(<function>:124)
	at jdk.nashorn.internal.scripts.Script$Recompilation$44618$3841A$\^function\_.L:1#issueCommand(<function>:124)
	at jdk.nashorn.internal.scripts.Script$Recompilation$44618$3841A$\^function\_.L:1#issueCommand(<function>:124)
	at jdk.nashorn.internal.scripts.Script$Recompilation$44618$3841A$\^function\_.L:1#issueCommand(<function>:124)
	at jdk.nashorn.internal.scripts.Script$Recompilation$44618$3841A$\^function\_.L:1#issueCommand(<function>:124)
	at jdk.nashorn.internal.scripts.Script$Recompilation$44618$3841A$\^function\_.L:1#issueCommand(<function>:124)
	at jdk.nashorn.internal.scripts.Script$Recompilation$44618$3841A$\^function\_.L:1#issueCommand(<function>:124)
	at jdk.nashorn.internal.scripts.Script$Recompilation$44618$3841A$\^function\_.L:1#issueCommand(<function>:124)
	at jdk.nashorn.internal.scripts.Script$Recompilation$44618$3841A$\^function\_.L:1#issueCommand(<function>:124)
	at jdk.nashorn.internal.scripts.Script$Recompilation$44618$3841A$\^function\_.L:1#issueCommand(<function>:124)
	at jdk.nashorn.internal.scripts.Script$Recompilation$44618$3841A$\^function\_.L:1#issueCommand(<function>:124)
	at jdk.nashorn.internal.scripts.Script$Recompilation$44618$3841A$\^function\_.L:1#issueCommand(<function>:124)
	at jdk.nashorn.internal.scripts.Script$Recompilation$44618$3841A$\^function\_.L:1#issueCommand(<function>:124)
	at jdk.nashorn.internal.scripts.Script$Recompilation$44618$3841A$\^function\_.L:1#issueCommand(<function>:124)
	at jdk.nashorn.internal.scripts.Script$Recompilation$44618$3841A$\^function\_.L:1#issueCommand(<function>:124)
	at jdk.nashorn.internal.scripts.Script$Recompilation$44618$3841A$\^function\_.L:1#issueCommand(<function>:124)
	at jdk.nashorn.internal.scripts.Script$Recompilation$44618$3841A$\^function\_.L:1#issueCommand(<function>:124)
	at jdk.nashorn.internal.scripts.Script$Recompilation$44618$3841A$\^function\_.L:1#issueCommand(<function>:124)
	at jdk.nashorn.internal.scripts.Script$Recompilation$44618$3841A$\^function\_.L:1#issueCommand(<function>:124)
	at jdk.nashorn.internal.scripts.Script$Recompilation$44618$3841A$\^function\_.L:1#issueCommand(<function>:124)
	at jdk.nashorn.internal.scripts.Script$Recompilation$44618$3841A$\^function\_.L:1#issueCommand(<function>:124)
	at jdk.nashorn.internal.scripts.Script$Recompilation$44618$3841A$\^function\_.L:1#issueCommand(<function>:124)
	at jdk.nashorn.internal.scripts.Script$Recompilation$44618$3841A$\^function\_.L:1#issueCommand(<function>:124)
	at jdk.nashorn.internal.scripts.Script$Recompilation$44618$3841A$\^function\_.L:1#issueCommand(<function>:124)
	at jdk.nashorn.internal.scripts.Script$Recompilation$44618$3841A$\^function\_.L:1#issueCommand(<function>:124)
	at jdk.nashorn.internal.scripts.Script$Recompilation$44618$3841A$\^function\_.L:1#issueCommand(<function>:124)
	at jdk.nashorn.internal.scripts.Script$Recompilation$44618$3841A$\^function\_.L:1#issueCommand(<function>:124)
	at jdk.nashorn.internal.scripts.Script$Recompilation$44618$3841A$\^function\_.L:1#issueCommand(<function>:124)
	at jdk.nashorn.internal.scripts.Script$Recompilation$44618$3841A$\^function\_.L:1#issueCommand(<function>:124)
	at jdk.nashorn.internal.scripts.Script$Recompilation$44618$3841A$\^function\_.L:1#issueCommand(<function>:124)
	at jdk.nashorn.internal.scripts.Script$Recompilation$44618$3841A$\^function\_.L:1#issueCommand(<function>:124)
	at jdk.nashorn.internal.scripts.Script$Recompilation$44618$3841A$\^function\_.L:1#issueCommand(<function>:124)
	at jdk.nashorn.internal.scripts.Script$Recompilation$44618$3841A$\^function\_.L:1#issueCommand(<function>:124)
	at jdk.nashorn.internal.scripts.Script$Recompilation$44618$3841A$\^function\_.L:1#issueCommand(<function>:124)
	at jdk.nashorn.internal.scripts.Script$Recompilation$44618$3841A$\^function\_.L:1#issueCommand(<function>:124)
	at jdk.nashorn.internal.scripts.Script$Recompilation$44618$3841A$\^function\_.L:1#issueCommand(<function>:124)
	at jdk.nashorn.internal.scripts.Script$Recompilation$44618$3841A$\^function\_.L:1#issueCommand(<function>:124)
	at jdk.nashorn.internal.scripts.Script$Recompilation$44618$3841A$\^function\_.L:1#issueCommand(<function>:124)
	at jdk.nashorn.internal.scripts.Script$Recompilation$44618$3841A$\^function\_.L:1#issueCommand(<function>:124)
	at jdk.nashorn.internal.scripts.Script$Recompilation$44618$3841A$\^function\_.L:1#issueCommand(<function>:124)
	at jdk.nashorn.internal.scripts.Script$Recompilation$44618$3841A$\^function\_.L:1#issueCommand(<function>:124)
	at jdk.nashorn.internal.scripts.Script$Recompilation$44618$3841A$\^function\_.L:1#issueCommand(<function>:124)
	at jdk.nashorn.internal.scripts.Script$Recompilation$44618$3841A$\^function\_.L:1#issueCommand(<function>:124)
	at jdk.nashorn.internal.scripts.Script$Recompilation$44618$3841A$\^function\_.L:1#issueCommand(<function>:124)
	at jdk.nashorn.internal.scripts.Script$Recompilation$44618$3841A$\^function\_.L:1#issueCommand(<function>:124)
	at jdk.nashorn.internal.scripts.Script$Recompilation$44618$3841A$\^function\_.L:1#issueCommand(<function>:124)
	at jdk.nashorn.internal.scripts.Script$Recompilation$44618$3841A$\^function\_.L:1#issueCommand(<function>:124)
	at jdk.nashorn.internal.scripts.Script$Recompilation$44618$3841A$\^function\_.L:1#issueCommand(<function>:124)
	at jdk.nashorn.internal.scripts.Script$Recompilation$44618$3841A$\^function\_.L:1#issueCommand(<function>:124)
	at jdk.nashorn.internal.scripts.Script$Recompilation$44618$3841A$\^function\_.L:1#issueCommand(<function>:124)
	at jdk.nashorn.internal.scripts.Script$Recompilation$44618$3841A$\^function\_.L:1#issueCommand(<function>:124)
	at jdk.nashorn.internal.scripts.Script$Recompilation$44618$3841A$\^function\_.L:1#issueCommand(<function>:124)
	at jdk.nashorn.internal.scripts.Script$Recompilation$44618$3841A$\^function\_.L:1#issueCommand(<function>:124)
	at jdk.nashorn.internal.scripts.Script$Recompilation$44618$3841A$\^function\_.L:1#issueCommand(<function>:124)
	at jdk.nashorn.internal.scripts.Script$Recompilation$44618$3841A$\^function\_.L:1#issueCommand(<function>:124)
	at jdk.nashorn.internal.scripts.Script$Recompilation$44618$3841A$\^function\_.L:1#issueCommand(<function>:124)
	at jdk.nashorn.internal.scripts.Script$Recompilation$44618$3841A$\^function\_.L:1#issueCommand(<function>:124)
	at jdk.nashorn.internal.scripts.Script$Recompilation$44618$3841A$\^function\_.L:1#issueCommand(<function>:124)
	at jdk.nashorn.internal.scripts.Script$Recompilation$44618$3841A$\^function\_.L:1#issueCommand(<function>:124)
	at jdk.nashorn.internal.scripts.Script$Recompilation$44618$3841A$\^function\_.L:1#issueCommand(<function>:124)
	at jdk.nashorn.internal.scripts.Script$Recompilation$44618$3841A$\^function\_.L:1#issueCommand(<function>:124)
	at jdk.nashorn.internal.scripts.Script$Recompilation$44618$3841A$\^function\_.L:1#issueCommand(<function>:124)
	at jdk.nashorn.internal.scripts.Script$Recompilation$44618$3841A$\^function\_.L:1#issueCommand(<function>:124)
	at jdk.nashorn.internal.scripts.Script$Recompilation$44618$3841A$\^function\_.L:1#issueCommand(<function>:124)
	at jdk.nashorn.internal.scripts.Script$Recompilation$44618$3841A$\^function\_.L:1#issueCommand(<function>:124)
	at jdk.nashorn.internal.scripts.Script$Recompilation$44618$3841A$\^function\_.L:1#issueCommand(<function>:124)
	at jdk.nashorn.internal.scripts.Script$Recompilation$44618$3841A$\^function\_.L:1#issueCommand(<function>:124)
	at jdk.nashorn.internal.scripts.Script$Recompilation$44618$3841A$\^function\_.L:1#issueCommand(<function>:124)
	at jdk.nashorn.internal.scripts.Script$Recompilation$44618$3841A$\^function\_.L:1#issueCommand(<function>:124)
	at jdk.nashorn.internal.scripts.Script$Recompilation$44618$3841A$\^function\_.L:1#issueCommand(<function>:124)
	at jdk.nashorn.internal.scripts.Script$Recompilation$44618$3841A$\^function\_.L:1#issueCommand(<function>:124)
	at jdk.nashorn.internal.scripts.Script$Recompilation$44618$3841A$\^function\_.L:1#issueCommand(<function>:124)
	at jdk.nashorn.internal.scripts.Script$Recompilation$44618$3841A$\^function\_.L:1#issueCommand(<function>:124)
	at jdk.nashorn.internal.scripts.Script$Recompilation$44618$3841A$\^function\_.L:1#issueCommand(<function>:124)
	at jdk.nashorn.internal.scripts.Script$Recompilation$44618$3841A$\^function\_.L:1#issueCommand(<function>:124)
	at jdk.nashorn.internal.scripts.Script$Recompilation$44618$3841A$\^function\_.L:1#issueCommand(<function>:124)
	at jdk.nashorn.internal.scripts.Script$Recompilation$44618$3841A$\^function\_.L:1#issueCommand(<function>:124)
	at jdk.nashorn.internal.scripts.Script$Recompilation$44618$3841A$\^function\_.L:1#issueCommand(<function>:124)
	at jdk.nashorn.internal.scripts.Script$Recompilation$44618$3841A$\^function\_.L:1#issueCommand(<function>:124)
	at jdk.nashorn.internal.scripts.Script$Recompilation$44618$3841A$\^function\_.L:1#issueCommand(<function>:124)
	at jdk.nashorn.internal.scripts.Script$Recompilation$44618$3841A$\^function\_.L:1#issueCommand(<function>:124)
	at jdk.nashorn.internal.scripts.Script$Recompilation$44618$3841A$\^function\_.L:1#issueCommand(<function>:124)
	at jdk.nashorn.internal.scripts.Script$Recompilation$44618$3841A$\^function\_.L:1#issueCommand(<function>:124)
	at jdk.nashorn.internal.scripts.Script$Recompilation$44618$3841A$\^function\_.L:1#issueCommand(<function>:124)
	at jdk.nashorn.internal.scripts.Script$Recompilation$44618$3841A$\^function\_.L:1#issueCommand(<function>:124)
	at jdk.nashorn.internal.scripts.Script$Recompilation$44618$3841A$\^function\_.L:1#issueCommand(<function>:124)
	at jdk.nashorn.internal.scripts.Script$Recompilation$44618$3841A$\^function\_.L:1#issueCommand(<function>:124)
	at jdk.nashorn.internal.scripts.Script$Recompilation$44618$3841A$\^function\_.L:1#issueCommand(<function>:124)
	at jdk.nashorn.internal.scripts.Script$Recompilation$44618$3841A$\^function\_.L:1#issueCommand(<function>:124)
	at jdk.nashorn.internal.scripts.Script$Recompilation$44618$3841A$\^function\_.L:1#issueCommand(<function>:124)
	at jdk.nashorn.internal.scripts.Script$Recompilation$44618$3841A$\^function\_.L:1#issueCommand(<function>:124)
	at jdk.nashorn.internal.scripts.Script$Recompilation$44618$3841A$\^function\_.L:1#issueCommand(<function>:124)
	at jdk.nashorn.internal.scripts.Script$Recompilation$44618$3841A$\^function\_.L:1#issueCommand(<function>:124)
	at jdk.nashorn.internal.scripts.Script$Recompilation$44618$3841A$\^function\_.L:1#issueCommand(<function>:124)
	at jdk.nashorn.internal.scripts.Script$Recompilation$44618$3841A$\^function\_.L:1#issueCommand(<function>:124)
	at jdk.nashorn.internal.scripts.Script$Recompilation$44618$3841A$\^function\_.L:1#issueCommand(<function>:124)
	at jdk.nashorn.internal.scripts.Script$Recompilation$44618$3841A$\^function\_.L:1#issueCommand(<function>:124)
	at jdk.nashorn.internal.scripts.Script$Recompilation$44618$3841A$\^function\_.L:1#issueCommand(<function>:124)
	at jdk.nashorn.internal.scripts.Script$Recompilation$44618$3841A$\^function\_.L:1#issueCommand(<function>:124)
	at jdk.nashorn.internal.scripts.Script$Recompilation$44618$3841A$\^function\_.L:1#issueCommand(<function>:124)
	at jdk.nashorn.internal.scripts.Script$Recompilation$44618$3841A$\^function\_.L:1#issueCommand(<function>:124)
	at jdk.nashorn.internal.scripts.Script$Recompilation$44618$3841A$\^function\_.L:1#issueCommand(<function>:124)
	at jdk.nashorn.internal.scripts.Script$Recompilation$44618$3841A$\^function\_.L:1#issueCommand(<function>:124)
	at jdk.nashorn.internal.scripts.Script$Recompilation$44618$3841A$\^function\_.L:1#issueCommand(<function>:124)
	at jdk.nashorn.internal.scripts.Script$Recompilation$44618$3841A$\^function\_.L:1#issueCommand(<function>:124)
	at jdk.nashorn.internal.scripts.Script$Recompilation$44618$3841A$\^function\_.L:1#issueCommand(<function>:124)
	at jdk.nashorn.internal.scripts.Script$Recompilation$44618$3841A$\^function\_.L:1#issueCommand(<function>:124)
	at jdk.nashorn.internal.scripts.Script$Recompilation$44618$3841A$\^function\_.L:1#issueCommand(<function>:124)
	at jdk.nashorn.internal.scripts.Script$Recompilation$44618$3841A$\^function\_.L:1#issueCommand(<function>:124)
	at jdk.nashorn.internal.scripts.Script$Recompilation$44618$3841A$\^function\_.L:1#issueCommand(<function>:124)
	at jdk.nashorn.internal.scripts.Script$Recompilation$44618$3841A$\^function\_.L:1#issueCommand(<function>:124)
	at jdk.nashorn.internal.scripts.Script$Recompilation$44618$3841A$\^function\_.L:1#issueCommand(<function>:124)
	at jdk.nashorn.internal.scripts.Script$Recompilation$44618$3841A$\^function\_.L:1#issueCommand(<function>:124)
	at jdk.nashorn.internal.scripts.Script$Recompilation$44618$3841A$\^function\_.L:1#issueCommand(<function>:124)
	at jdk.nashorn.internal.scripts.Script$Recompilation$44618$3841A$\^function\_.L:1#issueCommand(<function>:124)
	at jdk.nashorn.internal.scripts.Script$Recompilation$44618$3841A$\^function\_.L:1#issueCommand(<function>:124)
	at jdk.nashorn.internal.scripts.Script$Recompilation$44618$3841A$\^function\_.L:1#issueCommand(<function>:124)
	at jdk.nashorn.internal.scripts.Script$Recompilation$44618$3841A$\^function\_.L:1#issueCommand(<function>:124)
	at jdk.nashorn.internal.scripts.Script$Recompilation$44618$3841A$\^function\_.L:1#issueCommand(<function>:124)
	at jdk.nashorn.internal.scripts.Script$Recompilation$44618$3841A$\^function\_.L:1#issueCommand(<function>:124)
	at jdk.nashorn.internal.scripts.Script$Recompilation$44618$3841A$\^function\_.L:1#issueCommand(<function>:124)
	at jdk.nashorn.internal.scripts.Script$Recompilation$44618$3841A$\^function\_.L:1#issueCommand(<function>:124)
	at jdk.nashorn.internal.scripts.Script$Recompilation$44618$3841A$\^function\_.L:1#issueCommand(<function>:124)
	at jdk.nashorn.internal.scripts.Script$Recompilation$44618$3841A$\^function\_.L:1#issueCommand(<function>:124)
	at jdk.nashorn.internal.scripts.Script$Recompilation$44618$3841A$\^function\_.L:1#issueCommand(<function>:124)
	at jdk.nashorn.internal.scripts.Script$Recompilation$44618$3841A$\^function\_.L:1#issueCommand(<function>:124)
	at jdk.nashorn.internal.scripts.Script$Recompilation$44618$3841A$\^function\_.L:1#issueCommand(<function>:124)
	at jdk.nashorn.internal.scripts.Script$Recompilation$44618$3841A$\^function\_.L:1#issueCommand(<function>:124)
	at jdk.nashorn.internal.scripts.Script$Recompilation$44618$3841A$\^function\_.L:1#issueCommand(<function>:124)
	at jdk.nashorn.internal.scripts.Script$Recompilation$44618$3841A$\^function\_.L:1#issueCommand(<function>:124)
	at jdk.nashorn.internal.scripts.Script$Recompilation$44618$3841A$\^function\_.L:1#issueCommand(<function>:124)
	at jdk.nashorn.internal.scripts.Script$Recompilation$44618$3841A$\^function\_.L:1#issueCommand(<function>:124)
	at jdk.nashorn.internal.scripts.Script$Recompilation$44618$3841A$\^function\_.L:1#issueCommand(<function>:124)
	at jdk.nashorn.internal.scripts.Script$Recompilation$44618$3841A$\^function\_.L:1#issueCommand(<function>:124)
	at jdk.nashorn.internal.scripts.Script$Recompilation$44618$3841A$\^function\_.L:1#issueCommand(<function>:124)
	at jdk.nashorn.internal.scripts.Script$Recompilation$44618$3841A$\^function\_.L:1#issueCommand(<function>:124)
	at jdk.nashorn.internal.scripts.Script$Recompilation$44618$3841A$\^function\_.L:1#issueCommand(<function>:124)
	at jdk.nashorn.internal.scripts.Script$Recompilation$44618$3841A$\^function\_.L:1#issueCommand(<function>:124)
	at jdk.nashorn.internal.scripts.Script$Recompilation$44618$3841A$\^function\_.L:1#issueCommand(<function>:124)
	at jdk.nashorn.internal.scripts.Script$Recompilation$44618$3841A$\^function\_.L:1#issueCommand(<function>:124)
	at jdk.nashorn.internal.scripts.Script$Recompilation$44618$3841A$\^function\_.L:1#issueCommand(<function>:124)
	at jdk.nashorn.internal.scripts.Script$Recompilation$44618$3841A$\^function\_.L:1#issueCommand(<function>:124)
	at jdk.nashorn.internal.scripts.Script$Recompilation$44618$3841A$\^function\_.L:1#issueCommand(<function>:124)
	at jdk.nashorn.internal.scripts.Script$Recompilation$44618$3841A$\^function\_.L:1#issueCommand(<function>:124)
	at jdk.nashorn.internal.scripts.Script$Recompilation$44618$3841A$\^function\_.L:1#issueCommand(<function>:124)
	at jdk.nashorn.internal.scripts.Script$Recompilation$44618$3841A$\^function\_.L:1#issueCommand(<function>:124)
	at jdk.nashorn.internal.scripts.Script$Recompilation$44618$3841A$\^function\_.L:1#issueCommand(<function>:124)
	at jdk.nashorn.internal.scripts.Script$Recompilation$44618$3841A$\^function\_.L:1#issueCommand(<function>:124)
	at jdk.nashorn.internal.scripts.Script$Recompilation$44618$3841A$\^function\_.L:1#issueCommand(<function>:124)
	at jdk.nashorn.internal.scripts.Script$Recompilation$44618$3841A$\^function\_.L:1#issueCommand(<function>:124)
	at jdk.nashorn.internal.scripts.Script$Recompilation$44618$3841A$\^function\_.L:1#issueCommand(<function>:124)
	at jdk.nashorn.internal.scripts.Script$Recompilation$44618$3841A$\^function\_.L:1#issueCommand(<function>:124)
	at jdk.nashorn.internal.scripts.Script$Recompilation$44618$3841A$\^function\_.L:1#issueCommand(<function>:124)
	at jdk.nashorn.internal.scripts.Script$Recompilation$44618$3841A$\^function\_.L:1#issueCommand(<function>:124)
	at jdk.nashorn.internal.scripts.Script$Recompilation$44618$3841A$\^function\_.L:1#issueCommand(<function>:124)
	at jdk.nashorn.internal.scripts.Script$Recompilation$44618$3841A$\^function\_.L:1#issueCommand(<function>:124)
	at jdk.nashorn.internal.scripts.Script$Recompilation$44618$3841A$\^function\_.L:1#issueCommand(<function>:124)
	at jdk.nashorn.internal.scripts.Script$Recompilation$44618$3841A$\^function\_.L:1#issueCommand(<function>:124)
	at jdk.nashorn.internal.scripts.Script$Recompilation$44618$3841A$\^function\_.L:1#issueCommand(<function>:124)
	at jdk.nashorn.internal.scripts.Script$Recompilation$44618$3841A$\^function\_.L:1#issueCommand(<function>:124)
	at jdk.nashorn.internal.scripts.Script$Recompilation$44618$3841A$\^function\_.L:1#issueCommand(<function>:124)
	at jdk.nashorn.internal.scripts.Script$Recompilation$44618$3841A$\^function\_.L:1#issueCommand(<function>:124)
	at jdk.nashorn.internal.scripts.Script$Recompilation$44618$3841A$\^function\_.L:1#issueCommand(<function>:124)
	at jdk.nashorn.internal.scripts.Script$Recompilation$44618$3841A$\^function\_.L:1#issueCommand(<function>:124)
	at jdk.nashorn.internal.scripts.Script$Recompilation$44618$3841A$\^function\_.L:1#issueCommand(<function>:124)
	at jdk.nashorn.internal.scripts.Script$Recompilation$44618$3841A$\^function\_.L:1#issueCommand(<function>:124)
	at jdk.nashorn.internal.scripts.Script$Recompilation$44618$3841A$\^function\_.L:1#issueCommand(<function>:124)
	at jdk.nashorn.internal.scripts.Script$Recompilation$44618$3841A$\^function\_.L:1#issueCommand(<function>:124)
	at jdk.nashorn.internal.scripts.Script$Recompilation$44618$3841A$\^function\_.L:1#issueCommand(<function>:124)
	at jdk.nashorn.internal.scripts.Script$Recompilation$44618$3841A$\^function\_.L:1#issueCommand(<function>:124)
	at jdk.nashorn.internal.scripts.Script$Recompilation$44618$3841A$\^function\_.L:1#issueCommand(<function>:124)
	at jdk.nashorn.internal.scripts.Script$Recompilation$44618$3841A$\^function\_.L:1#issueCommand(<function>:124)
	at jdk.nashorn.internal.scripts.Script$Recompilation$44618$3841A$\^function\_.L:1#issueCommand(<function>:124)
	at jdk.nashorn.internal.scripts.Script$Recompilation$44618$3841A$\^function\_.L:1#issueCommand(<function>:124)
	at jdk.nashorn.internal.scripts.Script$Recompilation$44618$3841A$\^function\_.L:1#issueCommand(<function>:124)
	at jdk.nashorn.internal.scripts.Script$Recompilation$44618$3841A$\^function\_.L:1#issueCommand(<function>:124)
	at jdk.nashorn.internal.scripts.Script$Recompilation$44618$3841A$\^function\_.L:1#issueCommand(<function>:124)
	at jdk.nashorn.internal.scripts.Script$Recompilation$44618$3841A$\^function\_.L:1#issueCommand(<function>:124)
	at jdk.nashorn.internal.scripts.Script$Recompilation$44618$3841A$\^function\_.L:1#issueCommand(<function>:124)
	at jdk.nashorn.internal.scripts.Script$Recompilation$44618$3841A$\^function\_.L:1#issueCommand(<function>:124)
	at jdk.nashorn.internal.scripts.Script$Recompilation$44618$3841A$\^function\_.L:1#issueCommand(<function>:124)
	at jdk.nashorn.internal.scripts.Script$Recompilation$44618$3841A$\^function\_.L:1#issueCommand(<function>:124)
	at jdk.nashorn.internal.scripts.Script$Recompilation$44618$3841A$\^function\_.L:1#issueCommand(<function>:124)
	at jdk.nashorn.internal.scripts.Script$Recompilation$44618$3841A$\^function\_.L:1#issueCommand(<function>:124)
	at jdk.nashorn.internal.scripts.Script$Recompilation$44618$3841A$\^function\_.L:1#issueCommand(<function>:124)
	at jdk.nashorn.internal.scripts.Script$Recompilation$44618$3841A$\^function\_.L:1#issueCommand(<function>:124)
	at jdk.nashorn.internal.scripts.Script$Recompilation$44618$3841A$\^function\_.L:1#issueCommand(<function>:124)
	at jdk.nashorn.internal.scripts.Script$Recompilation$44618$3841A$\^function\_.L:1#issueCommand(<function>:124)
	at jdk.nashorn.internal.scripts.Script$Recompilation$44618$3841A$\^function\_.L:1#issueCommand(<function>:124)
	at jdk.nashorn.internal.scripts.Script$Recompilation$44618$3841A$\^function\_.L:1#issueCommand(<function>:124)
	at jdk.nashorn.internal.scripts.Script$Recompilation$44618$3841A$\^function\_.L:1#issueCommand(<function>:124)
	at jdk.nashorn.internal.scripts.Script$Recompilation$44618$3841A$\^function\_.L:1#issueCommand(<function>:124)
	at jdk.nashorn.internal.scripts.Script$Recompilation$44618$3841A$\^function\_.L:1#issueCommand(<function>:124)
	at jdk.nashorn.internal.scripts.Script$Recompilation$44618$3841A$\^function\_.L:1#issueCommand(<function>:124)
	at jdk.nashorn.internal.scripts.Script$Recompilation$44618$3841A$\^function\_.L:1#issueCommand(<function>:124)
	at jdk.nashorn.internal.scripts.Script$Recompilation$44618$3841A$\^function\_.L:1#issueCommand(<function>:124)
	at jdk.nashorn.internal.scripts.Script$Recompilation$44618$3841A$\^function\_.L:1#issueCommand(<function>:124)
	at jdk.nashorn.internal.scripts.Script$Recompilation$44618$3841A$\^function\_.L:1#issueCommand(<function>:124)
	at jdk.nashorn.internal.scripts.Script$Recompilation$44618$3841A$\^function\_.L:1#issueCommand(<function>:124)
	at jdk.nashorn.internal.scripts.Script$Recompilation$44618$3841A$\^function\_.L:1#issueCommand(<function>:124)
	at jdk.nashorn.internal.scripts.Script$Recompilation$44618$3841A$\^function\_.L:1#issueCommand(<function>:124)
	at jdk.nashorn.internal.scripts.Script$Recompilation$44618$3841A$\^function\_.L:1#issueCommand(<function>:124)
	at jdk.nashorn.internal.scripts.Script$Recompilation$44618$3841A$\^function\_.L:1#issueCommand(<function>:124)
	at jdk.nashorn.internal.scripts.Script$Recompilation$44618$3841A$\^function\_.L:1#issueCommand(<function>:124)
	at jdk.nashorn.internal.scripts.Script$Recompilation$44618$3841A$\^function\_.L:1#issueCommand(<function>:124)
	at jdk.nashorn.internal.scripts.Script$Recompilation$44618$3841A$\^function\_.L:1#issueCommand(<function>:124)
	at jdk.nashorn.internal.scripts.Script$Recompilation$44618$3841A$\^function\_.L:1#issueCommand(<function>:124)
	at jdk.nashorn.internal.scripts.Script$Recompilation$44618$3841A$\^function\_.L:1#issueCommand(<function>:124)
	at jdk.nashorn.internal.scripts.Script$Recompilation$44618$3841A$\^function\_.L:1#issueCommand(<function>:124)
	at jdk.nashorn.internal.scripts.Script$Recompilation$44618$3841A$\^function\_.L:1#issueCommand(<function>:124)
	at jdk.nashorn.internal.scripts.Script$Recompilation$44618$3841A$\^function\_.L:1#issueCommand(<function>:124)
	at jdk.nashorn.internal.scripts.Script$Recompilation$44618$3841A$\^function\_.L:1#issueCommand(<function>:124)
	at jdk.nashorn.internal.scripts.Script$Recompilation$44618$3841A$\^function\_.L:1#issueCommand(<function>:124)
	at jdk.nashorn.internal.scripts.Script$Recompilation$44618$3841A$\^function\_.L:1#issueCommand(<function>:124)
	at jdk.nashorn.internal.scripts.Script$Recompilation$44618$3841A$\^function\_.L:1#issueCommand(<function>:124)
	at jdk.nashorn.internal.scripts.Script$Recompilation$44618$3841A$\^function\_.L:1#issueCommand(<function>:124)
	at jdk.nashorn.internal.scripts.Script$Recompilation$44618$3841A$\^function\_.L:1#issueCommand(<function>:124)
	at jdk.nashorn.internal.scripts.Script$Recompilation$44618$3841A$\^function\_.L:1#issueCommand(<function>:124)
	at jdk.nashorn.internal.scripts.Script$Recompilation$44618$3841A$\^function\_.L:1#issueCommand(<function>:124)
	at jdk.nashorn.internal.scripts.Script$Recompilation$44618$3841A$\^function\_.L:1#issueCommand(<function>:124)
	at jdk.nashorn.internal.scripts.Script$Recompilation$44618$3841A$\^function\_.L:1#issueCommand(<function>:124)
	at jdk.nashorn.internal.scripts.Script$Recompilation$44618$3841A$\^function\_.L:1#issueCommand(<function>:124)
	at jdk.nashorn.internal.scripts.Script$Recompilation$44618$3841A$\^function\_.L:1#issueCommand(<function>:124)
	at jdk.nashorn.internal.scripts.Script$Recompilation$44618$3841A$\^function\_.L:1#issueCommand(<function>:124)
	at jdk.nashorn.internal.scripts.Script$Recompilation$44618$3841A$\^function\_.L:1#issueCommand(<function>:124)
	at jdk.nashorn.internal.scripts.Script$Recompilation$44618$3841A$\^function\_.L:1#issueCommand(<function>:124)
	at jdk.nashorn.internal.scripts.Script$Recompilation$44618$3841A$\^function\_.L:1#issueCommand(<function>:124)
	at jdk.nashorn.internal.scripts.Script$Recompilation$44618$3841A$\^function\_.L:1#issueCommand(<function>:124)
	at jdk.nashorn.internal.scripts.Script$Recompilation$44618$3841A$\^function\_.L:1#issueCommand(<function>:124)
	at jdk.nashorn.internal.scripts.Script$Recompilation$44618$3841A$\^function\_.L:1#issueCommand(<function>:124)
	at jdk.nashorn.internal.scripts.Script$Recompilation$44618$3841A$\^function\_.L:1#issueCommand(<function>:124)
	at jdk.nashorn.internal.scripts.Script$Recompilation$44618$3841A$\^function\_.L:1#issueCommand(<function>:124)
	at jdk.nashorn.internal.scripts.Script$Recompilation$44618$3841A$\^function\_.L:1#issueCommand(<function>:124)
	at jdk.nashorn.internal.scripts.Script$Recompilation$44618$3841A$\^function\_.L:1#issueCommand(<function>:124)
	at jdk.nashorn.internal.scripts.Script$Recompilation$44618$3841A$\^function\_.L:1#issueCommand(<function>:124)
	at jdk.nashorn.internal.scripts.Script$Recompilation$44618$3841A$\^function\_.L:1#issueCommand(<function>:124)
	at jdk.nashorn.internal.scripts.Script$Recompilation$44618$3841A$\^function\_.L:1#issueCommand(<function>:124)
	at jdk.nashorn.internal.scripts.Script$Recompilation$44618$3841A$\^function\_.L:1#issueCommand(<function>:124)
	at jdk.nashorn.internal.scripts.Script$Recompilation$44618$3841A$\^function\_.L:1#issueCommand(<function>:124)
	at jdk.nashorn.internal.scripts.Script$Recompilation$44618$3841A$\^function\_.L:1#issueCommand(<function>:124)
	at jdk.nashorn.internal.scripts.Script$Recompilation$44618$3841A$\^function\_.L:1#issueCommand(<function>:124)
	at jdk.nashorn.internal.scripts.Script$Recompilation$44618$3841A$\^function\_.L:1#issueCommand(<function>:124)
	at jdk.nashorn.internal.scripts.Script$Recompilation$44618$3841A$\^function\_.L:1#issueCommand(<function>:124)
	at jdk.nashorn.internal.scripts.Script$Recompilation$44618$3841A$\^function\_.L:1#issueCommand(<function>:124)
	at jdk.nashorn.internal.scripts.Script$Recompilation$44618$3841A$\^function\_.L:1#issueCommand(<function>:124)
	at jdk.nashorn.internal.scripts.Script$Recompilation$44618$3841A$\^function\_.L:1#issueCommand(<function>:124)
	at jdk.nashorn.internal.scripts.Script$Recompilation$44618$3841A$\^function\_.L:1#issueCommand(<function>:124)
	at jdk.nashorn.internal.scripts.Script$Recompilation$44618$3841A$\^function\_.L:1#issueCommand(<function>:124)
	at jdk.nashorn.internal.scripts.Script$Recompilation$44618$3841A$\^function\_.L:1#issueCommand(<function>:124)
	at jdk.nashorn.internal.scripts.Script$Recompilation$44618$3841A$\^function\_.L:1#issueCommand(<function>:124)
	at jdk.nashorn.internal.scripts.Script$Recompilation$44618$3841A$\^function\_.L:1#issueCommand(<function>:124)
	at jdk.nashorn.internal.scripts.Script$Recompilation$44618$3841A$\^function\_.L:1#issueCommand(<function>:124)
	at jdk.nashorn.internal.scripts.Script$Recompilation$44618$3841A$\^function\_.L:1#issueCommand(<function>:124)
	at jdk.nashorn.internal.scripts.Script$Recompilation$44618$3841A$\^function\_.L:1#issueCommand(<function>:124)
	at jdk.nashorn.internal.scripts.Script$Recompilation$44618$3841A$\^function\_.L:1#issueCommand(<function>:124)
	at jdk.nashorn.internal.scripts.Script$Recompilation$44618$3841A$\^function\_.L:1#issueCommand(<function>:124)
	at jdk.nashorn.internal.scripts.Script$Recompilation$44618$3841A$\^function\_.L:1#issueCommand(<function>:124)
	at jdk.nashorn.internal.scripts.Script$Recompilation$44618$3841A$\^function\_.L:1#issueCommand(<function>:124)
	at jdk.nashorn.internal.scripts.Script$Recompilation$44618$3841A$\^function\_.L:1#issueCommand(<function>:124)
	at jdk.nashorn.internal.scripts.Script$Recompilation$44618$3841A$\^function\_.L:1#issueCommand(<function>:124)
	at jdk.nashorn.internal.scripts.Script$Recompilation$44618$3841A$\^function\_.L:1#issueCommand(<function>:124)
	at jdk.nashorn.internal.scripts.Script$Recompilation$44618$3841A$\^function\_.L:1#issueCommand(<function>:124)
	at jdk.nashorn.internal.scripts.Script$Recompilation$44618$3841A$\^function\_.L:1#issueCommand(<function>:124)
	at jdk.nashorn.internal.scripts.Script$Recompilation$44618$3841A$\^function\_.L:1#issueCommand(<function>:124)
	at jdk.nashorn.internal.scripts.Script$Recompilation$44618$3841A$\^function\_.L:1#issueCommand(<function>:124)
	at jdk.nashorn.internal.scripts.Script$Recompilation$44618$3841A$\^function\_.L:1#issueCommand(<function>:124)
	at jdk.nashorn.internal.scripts.Script$Recompilation$44618$3841A$\^function\_.L:1#issueCommand(<function>:124)
	at jdk.nashorn.internal.scripts.Script$Recompilation$44618$3841A$\^function\_.L:1#issueCommand(<function>:124)
	at jdk.nashorn.internal.scripts.Script$Recompilation$44618$3841A$\^function\_.L:1#issueCommand(<function>:124)
	at jdk.nashorn.internal.scripts.Script$Recompilation$44618$3841A$\^function\_.L:1#issueCommand(<function>:124)
	at jdk.nashorn.internal.scripts.Script$Recompilation$44618$3841A$\^function\_.L:1#issueCommand(<function>:124)
	at jdk.nashorn.internal.scripts.Script$Recompilation$44618$3841A$\^function\_.L:1#issueCommand(<function>:124)
	at jdk.nashorn.internal.scripts.Script$Recompilation$44618$3841A$\^function\_.L:1#issueCommand(<function>:124)
	at jdk.nashorn.internal.scripts.Script$Recompilation$44618$3841A$\^function\_.L:1#issueCommand(<function>:124)
	at jdk.nashorn.internal.scripts.Script$Recompilation$44618$3841A$\^function\_.L:1#issueCommand(<function>:124)
	at jdk.nashorn.internal.scripts.Script$Recompilation$44618$3841A$\^function\_.L:1#issueCommand(<function>:124)
	at jdk.nashorn.internal.scripts.Script$Recompilation$44618$3841A$\^function\_.L:1#issueCommand(<function>:124)
	at jdk.nashorn.internal.scripts.Script$Recompilation$44618$3841A$\^function\_.L:1#issueCommand(<function>:124)
	at jdk.nashorn.internal.scripts.Script$Recompilation$44618$3841A$\^function\_.L:1#issueCommand(<function>:124)
	at jdk.nashorn.internal.scripts.Script$Recompilation$44618$3841A$\^function\_.L:1#issueCommand(<function>:124)
	at jdk.nashorn.internal.scripts.Script$Recompilation$44618$3841A$\^function\_.L:1#issueCommand(<function>:124)
	at jdk.nashorn.internal.scripts.Script$Recompilation$44618$3841A$\^function\_.L:1#issueCommand(<function>:124)
	at jdk.nashorn.internal.scripts.Script$Recompilation$44618$3841A$\^function\_.L:1#issueCommand(<function>:124)
	at jdk.nashorn.internal.scripts.Script$Recompilation$44618$3841A$\^function\_.L:1#issueCommand(<function>:124)
	at jdk.nashorn.internal.scripts.Script$Recompilation$44618$3841A$\^function\_.L:1#issueCommand(<function>:124)
	at jdk.nashorn.internal.scripts.Script$Recompilation$44618$3841A$\^function\_.L:1#issueCommand(<function>:124)
	at jdk.nashorn.internal.scripts.Script$Recompilation$44618$3841A$\^function\_.L:1#issueCommand(<function>:124)
	at jdk.nashorn.internal.scripts.Script$Recompilation$44618$3841A$\^function\_.L:1#issueCommand(<function>:124)
	at jdk.nashorn.internal.scripts.Script$Recompilation$44618$3841A$\^function\_.L:1#issueCommand(<function>:124)
	at jdk.nashorn.internal.scripts.Script$Recompilation$44618$3841A$\^function\_.L:1#issueCommand(<function>:124)
	at jdk.nashorn.internal.scripts.Script$Recompilation$44618$3841A$\^function\_.L:1#issueCommand(<function>:124)
	at jdk.nashorn.internal.scripts.Script$Recompilation$44618$3841A$\^function\_.L:1#issueCommand(<function>:124)
	at jdk.nashorn.internal.scripts.Script$Recompilation$44618$3841A$\^function\_.L:1#issueCommand(<function>:124)
	at jdk.nashorn.internal.scripts.Script$Recompilation$44618$3841A$\^function\_.L:1#issueCommand(<function>:124)
	at jdk.nashorn.internal.scripts.Script$Recompilation$44618$3841A$\^function\_.L:1#issueCommand(<function>:124)
	at jdk.nashorn.internal.scripts.Script$Recompilation$44618$3841A$\^function\_.L:1#issueCommand(<function>:124)
	at jdk.nashorn.internal.scripts.Script$Recompilation$44618$3841A$\^function\_.L:1#issueCommand(<function>:124)
	at jdk.nashorn.internal.scripts.Script$Recompilation$44618$3841A$\^function\_.L:1#issueCommand(<function>:124)
	at jdk.nashorn.internal.scripts.Script$Recompilation$44618$3841A$\^function\_.L:1#issueCommand(<function>:124)
	at jdk.nashorn.internal.scripts.Script$Recompilation$44618$3841A$\^function\_.L:1#issueCommand(<function>:124)
	at jdk.nashorn.internal.scripts.Script$Recompilation$44618$3841A$\^function\_.L:1#issueCommand(<function>:124)
	at jdk.nashorn.internal.scripts.Script$Recompilation$44618$3841A$\^function\_.L:1#issueCommand(<function>:124)
	at jdk.nashorn.internal.scripts.Script$Recompilation$44618$3841A$\^function\_.L:1#issueCommand(<function>:124)
	at jdk.nashorn.internal.scripts.Script$Recompilation$44618$3841A$\^function\_.L:1#issueCommand(<function>:124)
	at jdk.nashorn.internal.scripts.Script$Recompilation$44618$3841A$\^function\_.L:1#issueCommand(<function>:124)
	at jdk.nashorn.internal.scripts.Script$Recompilation$44618$3841A$\^function\_.L:1#issueCommand(<function>:124)
	at jdk.nashorn.internal.scripts.Script$Recompilation$44618$3841A$\^function\_.L:1#issueCommand(<function>:124)
	at jdk.nashorn.internal.scripts.Script$Recompilation$44618$3841A$\^function\_.L:1#issueCommand(<function>:124)
	at jdk.nashorn.internal.scripts.Script$Recompilation$44618$3841A$\^function\_.L:1#issueCommand(<function>:124)
	at jdk.nashorn.internal.scripts.Script$Recompilation$44618$3841A$\^function\_.L:1#issueCommand(<function>:124)
	at jdk.nashorn.internal.scripts.Script$Recompilation$44618$3841A$\^function\_.L:1#issueCommand(<function>:124)
	at jdk.nashorn.internal.scripts.Script$Recompilation$44618$3841A$\^function\_.L:1#issueCommand(<function>:124)
	at jdk.nashorn.internal.scripts.Script$Recompilation$44618$3841A$\^function\_.L:1#issueCommand(<function>:124)
	at jdk.nashorn.internal.scripts.Script$Recompilation$44618$3841A$\^function\_.L:1#issueCommand(<function>:124)
	at jdk.nashorn.internal.scripts.Script$Recompilation$44618$3841A$\^function\_.L:1#issueCommand(<function>:124)
	at jdk.nashorn.internal.scripts.Script$Recompilation$44618$3841A$\^function\_.L:1#issueCommand(<function>:124)
	at jdk.nashorn.internal.scripts.Script$Recompilation$44618$3841A$\^function\_.L:1#issueCommand(<function>:124)
	at jdk.nashorn.internal.scripts.Script$Recompilation$44618$3841A$\^function\_.L:1#issueCommand(<function>:124)
	at jdk.nashorn.internal.scripts.Script$Recompilation$44618$3841A$\^function\_.L:1#issueCommand(<function>:124)
	at jdk.nashorn.internal.scripts.Script$Recompilation$44618$3841A$\^function\_.L:1#issueCommand(<function>:124)
	at jdk.nashorn.internal.scripts.Script$Recompilation$44618$3841A$\^function\_.L:1#issueCommand(<function>:124)
	at jdk.nashorn.internal.scripts.Script$Recompilation$44618$3841A$\^function\_.L:1#issueCommand(<function>:124)
	at jdk.nashorn.internal.scripts.Script$Recompilation$44618$3841A$\^function\_.L:1#issueCommand(<function>:124)
	at jdk.nashorn.internal.scripts.Script$Recompilation$44618$3841A$\^function\_.L:1#issueCommand(<function>:124)
	at jdk.nashorn.internal.scripts.Script$Recompilation$44618$3841A$\^function\_.L:1#issueCommand(<function>:124)
	at jdk.nashorn.internal.scripts.Script$Recompilation$44618$3841A$\^function\_.L:1#issueCommand(<function>:124)
	at jdk.nashorn.internal.scripts.Script$Recompilation$44618$3841A$\^function\_.L:1#issueCommand(<function>:124)
	at jdk.nashorn.internal.scripts.Script$Recompilation$44618$3841A$\^function\_.L:1#issueCommand(<function>:124)
	at jdk.nashorn.internal.scripts.Script$Recompilation$44618$3841A$\^function\_.L:1#issueCommand(<function>:124)
	at jdk.nashorn.internal.scripts.Script$Recompilation$44618$3841A$\^function\_.L:1#issueCommand(<function>:124)
	at jdk.nashorn.internal.scripts.Script$Recompilation$44618$3841A$\^function\_.L:1#issueCommand(<function>:124)
	at jdk.nashorn.internal.scripts.Script$Recompilation$44618$3841A$\^function\_.L:1#issueCommand(<function>:124)
	at jdk.nashorn.internal.scripts.Script$Recompilation$44618$3841A$\^function\_.L:1#issueCommand(<function>:124)
	at jdk.nashorn.internal.scripts.Script$Recompilation$44618$3841A$\^function\_.L:1#issueCommand(<function>:124)
	at jdk.nashorn.internal.scripts.Script$Recompilation$44618$3841A$\^function\_.L:1#issueCommand(<function>:124)
	at jdk.nashorn.internal.scripts.Script$Recompilation$44618$3841A$\^function\_.L:1#issueCommand(<function>:124)
	at jdk.nashorn.internal.scripts.Script$Recompilation$44618$3841A$\^function\_.L:1#issueCommand(<function>:124)
	at jdk.nashorn.internal.scripts.Script$Recompilation$44618$3841A$\^function\_.L:1#issueCommand(<function>:124)
	at jdk.nashorn.internal.scripts.Script$Recompilation$44618$3841A$\^function\_.L:1#issueCommand(<function>:124)
	at jdk.nashorn.internal.scripts.Script$Recompilation$44618$3841A$\^function\_.L:1#issueCommand(<function>:124)
	at jdk.nashorn.internal.scripts.Script$Recompilation$44618$3841A$\^function\_.L:1#issueCommand(<function>:124)
	at jdk.nashorn.internal.scripts.Script$Recompilation$44618$3841A$\^function\_.L:1#issueCommand(<function>:124)
	at jdk.nashorn.internal.scripts.Script$Recompilation$44618$3841A$\^function\_.L:1#issueCommand(<function>:124)
	at jdk.nashorn.internal.scripts.Script$Recompilation$44618$3841A$\^function\_.L:1#issueCommand(<function>:124)
	at jdk.nashorn.internal.scripts.Script$Recompilation$44618$3841A$\^function\_.L:1#issueCommand(<function>:124)
	at jdk.nashorn.internal.scripts.Script$Recompilation$44618$3841A$\^function\_.L:1#issueCommand(<function>:124)
	at jdk.nashorn.internal.scripts.Script$Recompilation$44618$3841A$\^function\_.L:1#issueCommand(<function>:124)
	at jdk.nashorn.internal.scripts.Script$Recompilation$44618$3841A$\^function\_.L:1#issueCommand(<function>:124)
	at jdk.nashorn.internal.scripts.Script$Recompilation$44618$3841A$\^function\_.L:1#issueCommand(<function>:124)
	at jdk.nashorn.internal.scripts.Script$Recompilation$44618$3841A$\^function\_.L:1#issueCommand(<function>:124)
	at jdk.nashorn.internal.scripts.Script$Recompilation$44618$3841A$\^function\_.L:1#issueCommand(<function>:124)
	at jdk.nashorn.internal.scripts.Script$Recompilation$44618$3841A$\^function\_.L:1#issueCommand(<function>:124)
	at jdk.nashorn.internal.scripts.Script$Recompilation$44618$3841A$\^function\_.L:1#issueCommand(<function>:124)
	at jdk.nashorn.internal.scripts.Script$Recompilation$44618$3841A$\^function\_.L:1#issueCommand(<function>:124)
	at jdk.nashorn.internal.scripts.Script$Recompilation$44618$3841A$\^function\_.L:1#issueCommand(<function>:124)
	at jdk.nashorn.internal.scripts.Script$Recompilation$44618$3841A$\^function\_.L:1#issueCommand(<function>:124)
	at jdk.nashorn.internal.scripts.Script$Recompilation$44618$3841A$\^function\_.L:1#issueCommand(<function>:124)
	at jdk.nashorn.internal.scripts.Script$Recompilation$44618$3841A$\^function\_.L:1#issueCommand(<function>:124)
	at jdk.nashorn.internal.scripts.Script$Recompilation$44618$3841A$\^function\_.L:1#issueCommand(<function>:124)
	at jdk.nashorn.internal.scripts.Script$Recompilation$44618$3841A$\^function\_.L:1#issueCommand(<function>:124)
	at jdk.nashorn.internal.scripts.Script$Recompilation$44618$3841A$\^function\_.L:1#issueCommand(<function>:124)
	at jdk.nashorn.internal.scripts.Script$Recompilation$44618$3841A$\^function\_.L:1#issueCommand(<function>:124)
	at jdk.nashorn.internal.scripts.Script$Recompilation$44618$3841A$\^function\_.L:1#issueCommand(<function>:124)
	at jdk.nashorn.internal.scripts.Script$Recompilation$44618$3841A$\^function\_.L:1#issueCommand(<function>:124)
	at jdk.nashorn.internal.scripts.Script$Recompilation$44618$3841A$\^function\_.L:1#issueCommand(<function>:124)
	at jdk.nashorn.internal.scripts.Script$Recompilation$44618$3841A$\^function\_.L:1#issueCommand(<function>:124)
	at jdk.nashorn.internal.scripts.Script$Recompilation$44618$3841A$\^function\_.L:1#issueCommand(<function>:124)
	at jdk.nashorn.internal.scripts.Script$Recompilation$44618$3841A$\^function\_.L:1#issueCommand(<function>:124)
	at jdk.nashorn.internal.scripts.Script$Recompilation$44618$3841A$\^function\_.L:1#issueCommand(<function>:124)
	at jdk.nashorn.internal.scripts.Script$Recompilation$44618$3841A$\^function\_.L:1#issueCommand(<function>:124)
	at jdk.nashorn.internal.scripts.Script$Recompilation$44618$3841A$\^function\_.L:1#issueCommand(<function>:124)
	at jdk.nashorn.internal.scripts.Script$Recompilation$44618$3841A$\^function\_.L:1#issueCommand(<function>:124)
	at jdk.nashorn.internal.scripts.Script$Recompilation$44618$3841A$\^function\_.L:1#issueCommand(<function>:124)
	at jdk.nashorn.internal.scripts.Script$Recompilation$44618$3841A$\^function\_.L:1#issueCommand(<function>:124)
	at jdk.nashorn.internal.scripts.Script$Recompilation$44618$3841A$\^function\_.L:1#issueCommand(<function>:124)
	at jdk.nashorn.internal.scripts.Script$Recompilation$44618$3841A$\^function\_.L:1#issueCommand(<function>:124)
	at jdk.nashorn.internal.scripts.Script$Recompilation$44618$3841A$\^function\_.L:1#issueCommand(<function>:124)
	at jdk.nashorn.internal.scripts.Script$Recompilation$44618$3841A$\^function\_.L:1#issueCommand(<function>:124)
	at jdk.nashorn.internal.scripts.Script$Recompilation$44618$3841A$\^function\_.L:1#issueCommand(<function>:124)
	at jdk.nashorn.internal.scripts.Script$Recompilation$44618$3841A$\^function\_.L:1#issueCommand(<function>:124)
	at jdk.nashorn.internal.scripts.Script$Recompilation$44618$3841A$\^function\_.L:1#issueCommand(<function>:124)
	at jdk.nashorn.internal.scripts.Script$Recompilation$44618$3841A$\^function\_.L:1#issueCommand(<function>:124)
	at jdk.nashorn.internal.scripts.Script$Recompilation$44618$3841A$\^function\_.L:1#issueCommand(<function>:124)
	at jdk.nashorn.internal.scripts.Script$Recompilation$44618$3841A$\^function\_.L:1#issueCommand(<function>:124)
	at jdk.nashorn.internal.scripts.Script$Recompilation$44618$3841A$\^function\_.L:1#issueCommand(<function>:124)
	at jdk.nashorn.internal.scripts.Script$Recompilation$44618$3841A$\^function\_.L:1#issueCommand(<function>:124)
	at jdk.nashorn.internal.scripts.Script$Recompilation$44618$3841A$\^function\_.L:1#issueCommand(<function>:124)
	at jdk.nashorn.internal.scripts.Script$Recompilation$44618$3841A$\^function\_.L:1#issueCommand(<function>:124)
	at jdk.nashorn.internal.scripts.Script$Recompilation$44618$3841A$\^function\_.L:1#issueCommand(<function>:124)
	at jdk.nashorn.internal.scripts.Script$Recompilation$44618$3841A$\^function\_.L:1#issueCommand(<function>:124)
	at jdk.nashorn.internal.scripts.Script$Recompilation$44618$3841A$\^function\_.L:1#issueCommand(<function>:124)
	at jdk.nashorn.internal.scripts.Script$Recompilation$44618$3841A$\^function\_.L:1#issueCommand(<function>:124)
	at jdk.nashorn.internal.scripts.Script$Recompilation$44618$3841A$\^function\_.L:1#issueCommand(<function>:124)
	at jdk.nashorn.internal.scripts.Script$Recompilation$44618$3841A$\^function\_.L:1#issueCommand(<function>:124)
	at jdk.nashorn.internal.scripts.Script$Recompilation$44618$3841A$\^function\_.L:1#issueCommand(<function>:124)
	at jdk.nashorn.internal.scripts.Script$Recompilation$44618$3841A$\^function\_.L:1#issueCommand(<function>:124)
	at jdk.nashorn.internal.scripts.Script$Recompilation$44618$3841A$\^function\_.L:1#issueCommand(<function>:124)
	at jdk.nashorn.internal.scripts.Script$Recompilation$44618$3841A$\^function\_.L:1#issueCommand(<function>:124)
	at jdk.nashorn.internal.scripts.Script$Recompilation$44618$3841A$\^function\_.L:1#issueCommand(<function>:124)
	at jdk.nashorn.internal.scripts.Script$Recompilation$44618$3841A$\^function\_.L:1#issueCommand(<function>:124)
	at jdk.nashorn.internal.scripts.Script$Recompilation$44618$3841A$\^function\_.L:1#issueCommand(<function>:124)
	at jdk.nashorn.internal.scripts.Script$Recompilation$44618$3841A$\^function\_.L:1#issueCommand(<function>:124)
	at jdk.nashorn.internal.scripts.Script$Recompilation$44618$3841A$\^function\_.L:1#issueCommand(<function>:124)
	at jdk.nashorn.internal.scripts.Script$Recompilation$44618$3841A$\^function\_.L:1#issueCommand(<function>:124)
	at jdk.nashorn.internal.scripts.Script$Recompilation$44618$3841A$\^function\_.L:1#issueCommand(<function>:124)
	at jdk.nashorn.internal.scripts.Script$Recompilation$44618$3841A$\^function\_.L:1#issueCommand(<function>:124)
	at jdk.nashorn.internal.scripts.Script$Recompilation$44618$3841A$\^function\_.L:1#issueCommand(<function>:124)
	at jdk.nashorn.internal.scripts.Script$Recompilation$44618$3841A$\^function\_.L:1#issueCommand(<function>:124)
	at jdk.nashorn.internal.scripts.Script$Recompilation$44618$3841A$\^function\_.L:1#issueCommand(<function>:124)
	at jdk.nashorn.internal.scripts.Script$Recompilation$44618$3841A$\^function\_.L:1#issueCommand(<function>:124)
	at jdk.nashorn.internal.scripts.Script$Recompilation$44618$3841A$\^function\_.L:1#issueCommand(<function>:124)
	at jdk.nashorn.internal.scripts.Script$Recompilation$44618$3841A$\^function\_.L:1#issueCommand(<function>:124)
	at jdk.nashorn.internal.scripts.Script$Recompilation$44618$3841A$\^function\_.L:1#issueCommand(<function>:124)
	at jdk.nashorn.internal.scripts.Script$Recompilation$44618$3841A$\^function\_.L:1#issueCommand(<function>:124)
	at jdk.nashorn.internal.scripts.Script$Recompilation$44618$3841A$\^function\_.L:1#issueCommand(<function>:124)
	at jdk.nashorn.internal.scripts.Script$Recompilation$44618$3841A$\^function\_.L:1#issueCommand(<function>:124)
	at jdk.nashorn.internal.scripts.Script$Recompilation$44618$3841A$\^function\_.L:1#issueCommand(<function>:124)
	at jdk.nashorn.internal.scripts.Script$Recompilation$44618$3841A$\^function\_.L:1#issueCommand(<function>:124)
	at jdk.nashorn.internal.scripts.Script$Recompilation$44618$3841A$\^function\_.L:1#issueCommand(<function>:124)
	at jdk.nashorn.internal.scripts.Script$Recompilation$44618$3841A$\^function\_.L:1#issueCommand(<function>:124)
	at jdk.nashorn.internal.scripts.Script$Recompilation$44618$3841A$\^function\_.L:1#issueCommand(<function>:124)
	at jdk.nashorn.internal.scripts.Script$Recompilation$44618$3841A$\^function\_.L:1#issueCommand(<function>:124)
	at jdk.nashorn.internal.scripts.Script$Recompilation$44618$3841A$\^function\_.L:1#issueCommand(<function>:124)
	at jdk.nashorn.internal.scripts.Script$Recompilation$44618$3841A$\^function\_.L:1#issueCommand(<function>:124)
	at jdk.nashorn.internal.scripts.Script$Recompilation$44618$3841A$\^function\_.L:1#issueCommand(<function>:124)
	at jdk.nashorn.internal.scripts.Script$Recompilation$44618$3841A$\^function\_.L:1#issueCommand(<function>:124)
	at jdk.nashorn.internal.scripts.Script$Recompilation$44618$3841A$\^function\_.L:1#issueCommand(<function>:124)
	at jdk.nashorn.internal.scripts.Script$Recompilation$44618$3841A$\^function\_.L:1#issueCommand(<function>:124)
	at jdk.nashorn.internal.scripts.Script$Recompilation$44618$3841A$\^function\_.L:1#issueCommand(<function>:124)
	at jdk.nashorn.internal.scripts.Script$Recompilation$44618$3841A$\^function\_.L:1#issueCommand(<function>:124)
	at jdk.nashorn.internal.scripts.Script$Recompilation$44618$3841A$\^function\_.L:1#issueCommand(<function>:124)
	at jdk.nashorn.internal.scripts.Script$Recompilation$44618$3841A$\^function\_.L:1#issueCommand(<function>:124)
	at jdk.nashorn.internal.scripts.Script$Recompilation$44618$3841A$\^function\_.L:1#issueCommand(<function>:124)
	at jdk.nashorn.internal.scripts.Script$Recompilation$44618$3841A$\^function\_.L:1#issueCommand(<function>:124)
	at jdk.nashorn.internal.scripts.Script$Recompilation$44618$3841A$\^function\_.L:1#issueCommand(<function>:124)
	at jdk.nashorn.internal.scripts.Script$Recompilation$44618$3841A$\^function\_.L:1#issueCommand(<function>:124)
	at jdk.nashorn.internal.scripts.Script$Recompilation$44618$3841A$\^function\_.L:1#issueCommand(<function>:124)
	at jdk.nashorn.internal.scripts.Script$Recompilation$44618$3841A$\^function\_.L:1#issueCommand(<function>:124)
	at jdk.nashorn.internal.scripts.Script$Recompilation$44618$3841A$\^function\_.L:1#issueCommand(<function>:124)
	at jdk.nashorn.internal.scripts.Script$Recompilation$44618$3841A$\^function\_.L:1#issueCommand(<function>:124)
	at jdk.nashorn.internal.scripts.Script$Recompilation$44618$3841A$\^function\_.L:1#issueCommand(<function>:124)
	at jdk.nashorn.internal.scripts.Script$Recompilation$44618$3841A$\^function\_.L:1#issueCommand(<function>:124)
	at jdk.nashorn.internal.scripts.Script$Recompilation$44618$3841A$\^function\_.L:1#issueCommand(<function>:124)
	at jdk.nashorn.internal.scripts.Script$Recompilation$44618$3841A$\^function\_.L:1#issueCommand(<function>:124)
	at jdk.nashorn.internal.scripts.Script$Recompilation$44618$3841A$\^function\_.L:1#issueCommand(<function>:124)
	at jdk.nashorn.internal.scripts.Script$Recompilation$44618$3841A$\^function\_.L:1#issueCommand(<function>:124)
	at jdk.nashorn.internal.scripts.Script$Recompilation$44618$3841A$\^function\_.L:1#issueCommand(<function>:124)
	at jdk.nashorn.internal.scripts.Script$Recompilation$44618$3841A$\^function\_.L:1#issueCommand(<function>:124)
	at jdk.nashorn.internal.scripts.Script$Recompilation$44618$3841A$\^function\_.L:1#issueCommand(<function>:124)
	at jdk.nashorn.internal.scripts.Script$Recompilation$44618$3841A$\^function\_.L:1#issueCommand(<function>:124)
	at jdk.nashorn.internal.scripts.Script$Recompilation$44618$3841A$\^function\_.L:1#issueCommand(<function>:124)
	at jdk.nashorn.internal.scripts.Script$Recompilation$44618$3841A$\^function\_.L:1#issueCommand(<function>:124)
	at jdk.nashorn.internal.scripts.Script$Recompilation$44618$3841A$\^function\_.L:1#issueCommand(<function>:124)
	at jdk.nashorn.internal.scripts.Script$Recompilation$44618$3841A$\^function\_.L:1#issueCommand(<function>:124)
	at jdk.nashorn.internal.scripts.Script$Recompilation$44618$3841A$\^function\_.L:1#issueCommand(<function>:124)
	at jdk.nashorn.internal.scripts.Script$Recompilation$44618$3841A$\^function\_.L:1#issueCommand(<function>:124)
	at jdk.nashorn.internal.scripts.Script$Recompilation$44618$3841A$\^function\_.L:1#issueCommand(<function>:124)
	at jdk.nashorn.internal.scripts.Script$Recompilation$44618$3841A$\^function\_.L:1#issueCommand(<function>:124)
	at jdk.nashorn.internal.scripts.Script$Recompilation$44618$3841A$\^function\_.L:1#issueCommand(<function>:124)
	at jdk.nashorn.internal.scripts.Script$Recompilation$44618$3841A$\^function\_.L:1#issueCommand(<function>:124)
	at jdk.nashorn.internal.scripts.Script$Recompilation$44618$3841A$\^function\_.L:1#issueCommand(<function>:124)
	at jdk.nashorn.internal.scripts.Script$Recompilation$44618$3841A$\^function\_.L:1#issueCommand(<function>:124)
	at jdk.nashorn.internal.scripts.Script$Recompilation$44618$3841A$\^function\_.L:1#issueCommand(<function>:124)
	at jdk.nashorn.internal.scripts.Script$Recompilation$44618$3841A$\^function\_.L:1#issueCommand(<function>:124)
	at jdk.nashorn.internal.scripts.Script$Recompilation$44618$3841A$\^function\_.L:1#issueCommand(<function>:124)
	at jdk.nashorn.internal.scripts.Script$Recompilation$44618$3841A$\^function\_.L:1#issueCommand(<function>:124)
	at jdk.nashorn.internal.scripts.Script$Recompilation$44618$3841A$\^function\_.L:1#issueCommand(<function>:124)
	at jdk.nashorn.internal.scripts.Script$Recompilation$44618$3841A$\^function\_.L:1#issueCommand(<function>:124)
	at jdk.nashorn.internal.scripts.Script$Recompilation$44618$3841A$\^function\_.L:1#issueCommand(<function>:124)
	at jdk.nashorn.internal.scripts.Script$Recompilation$44618$3841A$\^function\_.L:1#issueCommand(<function>:124)
	at jdk.nashorn.internal.scripts.Script$Recompilation$44618$3841A$\^function\_.L:1#issueCommand(<function>:124)
	at jdk.nashorn.internal.scripts.Script$Recompilation$44618$3841A$\^function\_.L:1#issueCommand(<function>:124)
	at jdk.nashorn.internal.scripts.Script$Recompilation$44618$3841A$\^function\_.L:1#issueCommand(<function>:124)
	at jdk.nashorn.internal.scripts.Script$Recompilation$44618$3841A$\^function\_.L:1#issueCommand(<function>:124)
	at jdk.nashorn.internal.scripts.Script$Recompilation$44618$3841A$\^function\_.L:1#issueCommand(<function>:124)
	at jdk.nashorn.internal.scripts.Script$Recompilation$44618$3841A$\^function\_.L:1#issueCommand(<function>:124)
	at jdk.nashorn.internal.scripts.Script$Recompilation$44618$3841A$\^function\_.L:1#issueCommand(<function>:124)
	at jdk.nashorn.internal.scripts.Script$Recompilation$44618$3841A$\^function\_.L:1#issueCommand(<function>:124)
	at jdk.nashorn.internal.scripts.Script$Recompilation$44618$3841A$\^function\_.L:1#issueCommand(<function>:124)
	at jdk.nashorn.internal.scripts.Script$Recompilation$44618$3841A$\^function\_.L:1#issueCommand(<function>:124)
	at jdk.nashorn.internal.scripts.Script$Recompilation$44618$3841A$\^function\_.L:1#issueCommand(<function>:124)
	at jdk.nashorn.internal.scripts.Script$Recompilation$44618$3841A$\^function\_.L:1#issueCommand(<function>:124)
	at jdk.nashorn.internal.scripts.Script$Recompilation$44618$3841A$\^function\_.L:1#issueCommand(<function>:124)
	at jdk.nashorn.internal.scripts.Script$Recompilation$44618$3841A$\^function\_.L:1#issueCommand(<function>:124)
	at jdk.nashorn.internal.scripts.Script$Recompilation$44618$3841A$\^function\_.L:1#issueCommand(<function>:124)
	at jdk.nashorn.internal.scripts.Script$Recompilation$44618$3841A$\^function\_.L:1#issueCommand(<function>:124)
	at jdk.nashorn.internal.scripts.Script$Recompilation$44618$3841A$\^function\_.L:1#issueCommand(<function>:124)
	at jdk.nashorn.internal.scripts.Script$Recompilation$44618$3841A$\^function\_.L:1#issueCommand(<function>:124)
	at jdk.nashorn.internal.scripts.Script$Recompilation$44618$3841A$\^function\_.L:1#issueCommand(<function>:124)
	at jdk.nashorn.internal.scripts.Script$Recompilation$44618$3841A$\^function\_.L:1#issueCommand(<function>:124)
	at jdk.nashorn.internal.scripts.Script$Recompilation$44618$3841A$\^function\_.L:1#issueCommand(<function>:124)
	at jdk.nashorn.internal.scripts.Script$Recompilation$44618$3841A$\^function\_.L:1#issueCommand(<function>:124)
	at jdk.nashorn.internal.scripts.Script$Recompilation$44618$3841A$\^function\_.L:1#issueCommand(<function>:124)
	at jdk.nashorn.internal.scripts.Script$Recompilation$44618$3841A$\^function\_.L:1#issueCommand(<function>:124)
	at jdk.nashorn.internal.scripts.Script$Recompilation$44618$3841A$\^function\_.L:1#issueCommand(<function>:124)
	at jdk.nashorn.internal.scripts.Script$Recompilation$44618$3841A$\^function\_.L:1#issueCommand(<function>:124)
	at jdk.nashorn.internal.scripts.Script$Recompilation$44618$3841A$\^function\_.L:1#issueCommand(<function>:124)
	at jdk.nashorn.internal.scripts.Script$Recompilation$44618$3841A$\^function\_.L:1#issueCommand(<function>:124)
	at jdk.nashorn.internal.scripts.Script$Recompilation$44618$3841A$\^function\_.L:1#issueCommand(<function>:124)
	at jdk.nashorn.internal.scripts.Script$Recompilation$44618$3841A$\^function\_.L:1#issueCommand(<function>:124)
	at jdk.nashorn.internal.scripts.Script$Recompilation$44618$3841A$\^function\_.L:1#issueCommand(<function>:124)
	at jdk.nashorn.internal.scripts.Script$Recompilation$44618$3841A$\^function\_.L:1#issueCommand(<function>:124)
	at jdk.nashorn.internal.scripts.Script$Recompilation$44618$3841A$\^function\_.L:1#issueCommand(<function>:124)
	at jdk.nashorn.internal.scripts.Script$Recompilation$44618$3841A$\^function\_.L:1#issueCommand(<function>:124)
	at jdk.nashorn.internal.scripts.Script$Recompilation$44618$3841A$\^function\_.L:1#issueCommand(<function>:124)
	at jdk.nashorn.internal.scripts.Script$Recompilation$44618$3841A$\^function\_.L:1#issueCommand(<function>:124)
	at jdk.nashorn.internal.scripts.Script$Recompilation$44618$3841A$\^function\_.L:1#issueCommand(<function>:124)
	at jdk.nashorn.internal.scripts.Script$Recompilation$44618$3841A$\^function\_.L:1#issueCommand(<function>:124)
	at jdk.nashorn.internal.scripts.Script$Recompilation$44618$3841A$\^function\_.L:1#issueCommand(<function>:124)
	at jdk.nashorn.internal.scripts.Script$Recompilation$44618$3841A$\^function\_.L:1#issueCommand(<function>:124)
	at jdk.nashorn.internal.scripts.Script$Recompilation$44618$3841A$\^function\_.L:1#issueCommand(<function>:124)
	at jdk.nashorn.internal.scripts.Script$Recompilation$44618$3841A$\^function\_.L:1#issueCommand(<function>:124)
	at jdk.nashorn.internal.scripts.Script$Recompilation$44618$3841A$\^function\_.L:1#issueCommand(<function>:124)
	at jdk.nashorn.internal.scripts.Script$Recompilation$44618$3841A$\^function\_.L:1#issueCommand(<function>:124)
	at jdk.nashorn.internal.scripts.Script$Recompilation$44618$3841A$\^function\_.L:1#issueCommand(<function>:124)
	at jdk.nashorn.internal.scripts.Script$Recompilation$44618$3841A$\^function\_.L:1#issueCommand(<function>:124)
	at jdk.nashorn.internal.scripts.Script$Recompilation$44618$3841A$\^function\_.L:1#issueCommand(<function>:124)
	at jdk.nashorn.internal.scripts.Script$Recompilation$44618$3841A$\^function\_.L:1#issueCommand(<function>:124)
	at jdk.nashorn.internal.scripts.Script$Recompilation$44618$3841A$\^function\_.L:1#issueCommand(<function>:124)
	at jdk.nashorn.internal.scripts.Script$Recompilation$44618$3841A$\^function\_.L:1#issueCommand(<function>:124)
	at jdk.nashorn.internal.scripts.Script$Recompilation$44618$3841A$\^function\_.L:1#issueCommand(<function>:124)
	at jdk.nashorn.internal.scripts.Script$Recompilation$44618$3841A$\^function\_.L:1#issueCommand(<function>:124)
	at jdk.nashorn.internal.scripts.Script$Recompilation$44618$3841A$\^function\_.L:1#issueCommand(<function>:124)
	at jdk.nashorn.internal.scripts.Script$Recompilation$44618$3841A$\^function\_.L:1#issueCommand(<function>:124)
	at jdk.nashorn.internal.scripts.Script$Recompilation$44618$3841A$\^function\_.L:1#issueCommand(<function>:124)
	at jdk.nashorn.internal.scripts.Script$Recompilation$44618$3841A$\^function\_.L:1#issueCommand(<function>:124)
	at jdk.nashorn.internal.scripts.Script$Recompilation$44618$3841A$\^function\_.L:1#issueCommand(<function>:124)
	at jdk.nashorn.internal.scripts.Script$Recompilation$44618$3841A$\^function\_.L:1#issueCommand(<function>:124)
	at jdk.nashorn.internal.scripts.Script$Recompilation$44618$3841A$\^function\_.L:1#issueCommand(<function>:124)
	at jdk.nashorn.internal.scripts.Script$Recompilation$44618$3841A$\^function\_.L:1#issueCommand(<function>:124)
	at jdk.nashorn.internal.scripts.Script$Recompilation$44618$3841A$\^function\_.L:1#issueCommand(<function>:124)
	at jdk.nashorn.internal.scripts.Script$Recompilation$44618$3841A$\^function\_.L:1#issueCommand(<function>:124)
	at jdk.nashorn.internal.scripts.Script$Recompilation$44618$3841A$\^function\_.L:1#issueCommand(<function>:124)
	at jdk.nashorn.internal.scripts.Script$Recompilation$44618$3841A$\^function\_.L:1#issueCommand(<function>:124)
	at jdk.nashorn.internal.scripts.Script$Recompilation$44618$3841A$\^function\_.L:1#issueCommand(<function>:124)
	at jdk.nashorn.internal.scripts.Script$Recompilation$44618$3841A$\^function\_.L:1#issueCommand(<function>:124)
	at jdk.nashorn.internal.scripts.Script$Recompilation$44618$3841A$\^function\_.L:1#issueCommand(<function>:124)
	at jdk.nashorn.internal.scripts.Script$Recompilation$44618$3841A$\^function\_.L:1#issueCommand(<function>:124)
	at jdk.nashorn.internal.scripts.Script$Recompilation$44618$3841A$\^function\_.L:1#issueCommand(<function>:124)
	at jdk.nashorn.internal.scripts.Script$Recompilation$44618$3841A$\^function\_.L:1#issueCommand(<function>:124)
	at jdk.nashorn.internal.scripts.Script$Recompilation$44618$3841A$\^function\_.L:1#issueCommand(<function>:124)
	at jdk.nashorn.internal.scripts.Script$Recompilation$44618$3841A$\^function\_.L:1#issueCommand(<function>:124)
	at jdk.nashorn.internal.scripts.Script$Recompilation$44618$3841A$\^function\_.L:1#issueCommand(<function>:124)
	at jdk.nashorn.internal.scripts.Script$Recompilation$44618$3841A$\^function\_.L:1#issueCommand(<function>:124)
	at jdk.nashorn.internal.scripts.Script$Recompilation$44618$3841A$\^function\_.L:1#issueCommand(<function>:124)
	at jdk.nashorn.internal.scripts.Script$Recompilation$44618$3841A$\^function\_.L:1#issueCommand(<function>:124)
	at jdk.nashorn.internal.scripts.Script$Recompilation$44618$3841A$\^function\_.L:1#issueCommand(<function>:124)
	at jdk.nashorn.internal.scripts.Script$Recompilation$44618$3841A$\^function\_.L:1#issueCommand(<function>:124)
	at jdk.nashorn.internal.scripts.Script$Recompilation$44618$3841A$\^function\_.L:1#issueCommand(<function>:124)
	at jdk.nashorn.internal.scripts.Script$Recompilation$44618$3841A$\^function\_.L:1#issueCommand(<function>:124)
	at jdk.nashorn.internal.scripts.Script$Recompilation$44618$3841A$\^function\_.L:1#issueCommand(<function>:124)
	at jdk.nashorn.internal.scripts.Script$Recompilation$44618$3841A$\^function\_.L:1#issueCommand(<function>:124)
	at jdk.nashorn.internal.scripts.Script$Recompilation$44618$3841A$\^function\_.L:1#issueCommand(<function>:124)
	at jdk.nashorn.internal.scripts.Script$Recompilation$44618$3841A$\^function\_.L:1#issueCommand(<function>:124)
	at jdk.nashorn.internal.scripts.Script$Recompilation$44618$3841A$\^function\_.L:1#issueCommand(<function>:124)
 in /home/travis/build/icyphy/ptII/ptolemy/actor/lib/jjs/external/require.js#409:30<eval> at line number 1736 at column number 24
	at ptolemy.vergil.basic.export.ExportModel$2.run(ExportModel.java:397)
	at java.awt.event.InvocationEvent.dispatch(InvocationEvent.java:301)
	at java.awt.EventQueue.dispatchEventImpl(EventQueue.java:756)
	at java.awt.EventQueue.access$500(EventQueue.java:97)
	at java.awt.EventQueue$3.run(EventQueue.java:709)
	at java.awt.EventQueue$3.run(EventQueue.java:703)
	at java.security.AccessController.doPrivileged(Native Method)
	at java.security.ProtectionDomain$JavaSecurityAccessImpl.doIntersectionPrivilege(ProtectionDomain.java:80)
	at java.awt.EventQueue.dispatchEvent(EventQueue.java:726)
	at java.awt.EventDispatchThread.pumpOneEventForFilters(EventDispatchThread.java:201)
	at java.awt.EventDispatchThread.pumpEventsForFilter(EventDispatchThread.java:116)
	at java.awt.EventDispatchThread.pumpEventsForHierarchy(EventDispatchThread.java:105)
	at java.awt.EventDispatchThread.pumpEvents(EventDispatchThread.java:101)
	at java.awt.EventDispatchThread.pumpEvents(EventDispatchThread.java:93)
	at java.awt.EventDispatchThread.run(EventDispatchThread.java:82)
Caused by: ptolemy.kernel.util.IllegalActionException: Failure executing the react function: Error: commonHost.js, react(), invoking a specific handler for "trigger": Exception occurred in input handler for accessor SemanticYelpSearch, which has now has been removed.  Exception was: java.lang.StackOverflowError Stacktrace was: 
java.lang.StackOverflowError
	at jdk.nashorn.internal.runtime.AccessorProperty.getObjectValue(AccessorProperty.java:417)
	at jdk.nashorn.internal.runtime.FindProperty.getObjectValue(FindProperty.java:229)
	at jdk.nashorn.internal.runtime.ScriptObject.get(ScriptObject.java:2860)
	at jdk.nashorn.internal.runtime.ScriptObject.get(ScriptObject.java:2877)
	at jdk.nashorn.internal.scripts.Script$Recompilation$44872$56054A$require.L:1#get(/home/travis/build/icyphy/ptII/ptolemy/actor/lib/jjs/external/require.js#409:30<eval>:1245)
	at jdk.nashorn.internal.scripts.Script$Recompilation$44618$3841A$\^function\_.L:1#issueCommand(<function>:116)
	at jdk.nashorn.internal.scripts.Script$Recompilation$44618$3841A$\^function\_.L:1#issueCommand(<function>:124)
	at jdk.nashorn.internal.scripts.Script$Recompilation$44618$3841A$\^function\_.L:1#issueCommand(<function>:124)
	at jdk.nashorn.internal.scripts.Script$Recompilation$44618$3841A$\^function\_.L:1#issueCommand(<function>:124)
	at jdk.nashorn.internal.scripts.Script$Recompilation$44618$3841A$\^function\_.L:1#issueCommand(<function>:124)
	at jdk.nashorn.internal.scripts.Script$Recompilation$44618$3841A$\^function\_.L:1#issueCommand(<function>:124)
	at jdk.nashorn.internal.scripts.Script$Recompilation$44618$3841A$\^function\_.L:1#issueCommand(<function>:124)
	at jdk.nashorn.internal.scripts.Script$Recompilation$44618$3841A$\^function\_.L:1#issueCommand(<function>:124)
	at jdk.nashorn.internal.scripts.Script$Recompilation$44618$3841A$\^function\_.L:1#issueCommand(<function>:124)
	at jdk.nashorn.internal.scripts.Script$Recompilation$44618$3841A$\^function\_.L:1#issueCommand(<function>:124)
	at jdk.nashorn.internal.scripts.Script$Recompilation$44618$3841A$\^function\_.L:1#issueCommand(<function>:124)
	at jdk.nashorn.internal.scripts.Script$Recompilation$44618$3841A$\^function\_.L:1#issueCommand(<function>:124)
	at jdk.nashorn.internal.scripts.Script$Recompilation$44618$3841A$\^function\_.L:1#issueCommand(<function>:124)
	at jdk.nashorn.internal.scripts.Script$Recompilation$44618$3841A$\^function\_.L:1#issueCommand(<function>:124)
	at jdk.nashorn.internal.scripts.Script$Recompilation$44618$3841A$\^function\_.L:1#issueCommand(<function>:124)
	at jdk.nashorn.internal.scripts.Script$Recompilation$44618$3841A$\^function\_.L:1#issueCommand(<function>:124)
	at jdk.nashorn.internal.scripts.Script$Recompilation$44618$3841A$\^function\_.L:1#issueCommand(<function>:124)
	at jdk.nashorn.internal.scripts.Script$Recompilation$44618$3841A$\^function\_.L:1#issueCommand(<function>:124)
	at jdk.nashorn.internal.scripts.Script$Recompilation$44618$3841A$\^function\_.L:1#issueCommand(<function>:124)
	at jdk.nashorn.internal.scripts.Script$Recompilation$44618$3841A$\^function\_.L:1#issueCommand(<function>:124)
	at jdk.nashorn.internal.scripts.Script$Recompilation$44618$3841A$\^function\_.L:1#issueCommand(<function>:124)
	at jdk.nashorn.internal.scripts.Script$Recompilation$44618$3841A$\^function\_.L:1#issueCommand(<function>:124)
	at jdk.nashorn.internal.scripts.Script$Recompilation$44618$3841A$\^function\_.L:1#issueCommand(<function>:124)
	at jdk.nashorn.internal.scripts.Script$Recompilation$44618$3841A$\^function\_.L:1#issueCommand(<function>:124)
	at jdk.nashorn.internal.scripts.Script$Recompilation$44618$3841A$\^function\_.L:1#issueCommand(<function>:124)
	at jdk.nashorn.internal.scripts.Script$Recompilation$44618$3841A$\^function\_.L:1#issueCommand(<function>:124)
	at jdk.nashorn.internal.scripts.Script$Recompilation$44618$3841A$\^function\_.L:1#issueCommand(<function>:124)
	at jdk.nashorn.internal.scripts.Script$Recompilation$44618$3841A$\^function\_.L:1#issueCommand(<function>:124)
	at jdk.nashorn.internal.scripts.Script$Recompilation$44618$3841A$\^function\_.L:1#issueCommand(<function>:124)
	at jdk.nashorn.internal.scripts.Script$Recompilation$44618$3841A$\^function\_.L:1#issueCommand(<function>:124)
	at jdk.nashorn.internal.scripts.Script$Recompilation$44618$3841A$\^function\_.L:1#issueCommand(<function>:124)
	at jdk.nashorn.internal.scripts.Script$Recompilation$44618$3841A$\^function\_.L:1#issueCommand(<function>:124)
	at jdk.nashorn.internal.scripts.Script$Recompilation$44618$3841A$\^function\_.L:1#issueCommand(<function>:124)
	at jdk.nashorn.internal.scripts.Script$Recompilation$44618$3841A$\^function\_.L:1#issueCommand(<function>:124)
	at jdk.nashorn.internal.scripts.Script$Recompilation$44618$3841A$\^function\_.L:1#issueCommand(<function>:124)
	at jdk.nashorn.internal.scripts.Script$Recompilation$44618$3841A$\^function\_.L:1#issueCommand(<function>:124)
	at jdk.nashorn.internal.scripts.Script$Recompilation$44618$3841A$\^function\_.L:1#issueCommand(<function>:124)
	at jdk.nashorn.internal.scripts.Script$Recompilation$44618$3841A$\^function\_.L:1#issueCommand(<function>:124)
	at jdk.nashorn.internal.scripts.Script$Recompilation$44618$3841A$\^function\_.L:1#issueCommand(<function>:124)
	at jdk.nashorn.internal.scripts.Script$Recompilation$44618$3841A$\^function\_.L:1#issueCommand(<function>:124)
	at jdk.nashorn.internal.scripts.Script$Recompilation$44618$3841A$\^function\_.L:1#issueCommand(<function>:124)
	at jdk.nashorn.internal.scripts.Script$Recompilation$44618$3841A$\^function\_.L:1#issueCommand(<function>:124)
	at jdk.nashorn.internal.scripts.Script$Recompilation$44618$3841A$\^function\_.L:1#issueCommand(<function>:124)
	at jdk.nashorn.internal.scripts.Script$Recompilation$44618$3841A$\^function\_.L:1#issueCommand(<function>:124)
	at jdk.nashorn.internal.scripts.Script$Recompilation$44618$3841A$\^function\_.L:1#issueCommand(<function>:124)
	at jdk.nashorn.internal.scripts.Script$Recompilation$44618$3841A$\^function\_.L:1#issueCommand(<function>:124)
	at jdk.nashorn.internal.scripts.Script$Recompilation$44618$3841A$\^function\_.L:1#issueCommand(<function>:124)
	at jdk.nashorn.internal.scripts.Script$Recompilation$44618$3841A$\^function\_.L:1#issueCommand(<function>:124)
	at jdk.nashorn.internal.scripts.Script$Recompilation$44618$3841A$\^function\_.L:1#issueCommand(<function>:124)
	at jdk.nashorn.internal.scripts.Script$Recompilation$44618$3841A$\^function\_.L:1#issueCommand(<function>:124)
	at jdk.nashorn.internal.scripts.Script$Recompilation$44618$3841A$\^function\_.L:1#issueCommand(<function>:124)
	at jdk.nashorn.internal.scripts.Script$Recompilation$44618$3841A$\^function\_.L:1#issueCommand(<function>:124)
	at jdk.nashorn.internal.scripts.Script$Recompilation$44618$3841A$\^function\_.L:1#issueCommand(<function>:124)
	at jdk.nashorn.internal.scripts.Script$Recompilation$44618$3841A$\^function\_.L:1#issueCommand(<function>:124)
	at jdk.nashorn.internal.scripts.Script$Recompilation$44618$3841A$\^function\_.L:1#issueCommand(<function>:124)
	at jdk.nashorn.internal.scripts.Script$Recompilation$44618$3841A$\^function\_.L:1#issueCommand(<function>:124)
	at jdk.nashorn.internal.scripts.Script$Recompilation$44618$3841A$\^function\_.L:1#issueCommand(<function>:124)
	at jdk.nashorn.internal.scripts.Script$Recompilation$44618$3841A$\^function\_.L:1#issueCommand(<function>:124)
	at jdk.nashorn.internal.scripts.Script$Recompilation$44618$3841A$\^function\_.L:1#issueCommand(<function>:124)
	at jdk.nashorn.internal.scripts.Script$Recompilation$44618$3841A$\^function\_.L:1#issueCommand(<function>:124)
	at jdk.nashorn.internal.scripts.Script$Recompilation$44618$3841A$\^function\_.L:1#issueCommand(<function>:124)
	at jdk.nashorn.internal.scripts.Script$Recompilation$44618$3841A$\^function\_.L:1#issueCommand(<function>:124)
	at jdk.nashorn.internal.scripts.Script$Recompilation$44618$3841A$\^function\_.L:1#issueCommand(<function>:124)
	at jdk.nashorn.internal.scripts.Script$Recompilation$44618$3841A$\^function\_.L:1#issueCommand(<function>:124)
	at jdk.nashorn.internal.scripts.Script$Recompilation$44618$3841A$\^function\_.L:1#issueCommand(<function>:124)
	at jdk.nashorn.internal.scripts.Script$Recompilation$44618$3841A$\^function\_.L:1#issueCommand(<function>:124)
	at jdk.nashorn.internal.scripts.Script$Recompilation$44618$3841A$\^function\_.L:1#issueCommand(<function>:124)
	at jdk.nashorn.internal.scripts.Script$Recompilation$44618$3841A$\^function\_.L:1#issueCommand(<function>:124)
	at jdk.nashorn.internal.scripts.Script$Recompilation$44618$3841A$\^function\_.L:1#issueCommand(<function>:124)
	at jdk.nashorn.internal.scripts.Script$Recompilation$44618$3841A$\^function\_.L:1#issueCommand(<function>:124)
	at jdk.nashorn.internal.scripts.Script$Recompilation$44618$3841A$\^function\_.L:1#issueCommand(<function>:124)
	at jdk.nashorn.internal.scripts.Script$Recompilation$44618$3841A$\^function\_.L:1#issueCommand(<function>:124)
	at jdk.nashorn.internal.scripts.Script$Recompilation$44618$3841A$\^function\_.L:1#issueCommand(<function>:124)
	at jdk.nashorn.internal.scripts.Script$Recompilation$44618$3841A$\^function\_.L:1#issueCommand(<function>:124)
	at jdk.nashorn.internal.scripts.Script$Recompilation$44618$3841A$\^function\_.L:1#issueCommand(<function>:124)
	at jdk.nashorn.internal.scripts.Script$Recompilation$44618$3841A$\^function\_.L:1#issueCommand(<function>:124)
	at jdk.nashorn.internal.scripts.Script$Recompilation$44618$3841A$\^function\_.L:1#issueCommand(<function>:124)
	at jdk.nashorn.internal.scripts.Script$Recompilation$44618$3841A$\^function\_.L:1#issueCommand(<function>:124)
	at jdk.nashorn.internal.scripts.Script$Recompilation$44618$3841A$\^function\_.L:1#issueCommand(<function>:124)
	at jdk.nashorn.internal.scripts.Script$Recompilation$44618$3841A$\^function\_.L:1#issueCommand(<function>:124)
	at jdk.nashorn.internal.scripts.Script$Recompilation$44618$3841A$\^function\_.L:1#issueCommand(<function>:124)
	at jdk.nashorn.internal.scripts.Script$Recompilation$44618$3841A$\^function\_.L:1#issueCommand(<function>:124)
	at jdk.nashorn.internal.scripts.Script$Recompilation$44618$3841A$\^function\_.L:1#issueCommand(<function>:124)
	at jdk.nashorn.internal.scripts.Script$Recompilation$44618$3841A$\^function\_.L:1#issueCommand(<function>:124)
	at jdk.nashorn.internal.scripts.Script$Recompilation$44618$3841A$\^function\_.L:1#issueCommand(<function>:124)
	at jdk.nashorn.internal.scripts.Script$Recompilation$44618$3841A$\^function\_.L:1#issueCommand(<function>:124)
	at jdk.nashorn.internal.scripts.Script$Recompilation$44618$3841A$\^function\_.L:1#issueCommand(<function>:124)
	at jdk.nashorn.internal.scripts.Script$Recompilation$44618$3841A$\^function\_.L:1#issueCommand(<function>:124)
	at jdk.nashorn.internal.scripts.Script$Recompilation$44618$3841A$\^function\_.L:1#issueCommand(<function>:124)
	at jdk.nashorn.internal.scripts.Script$Recompilation$44618$3841A$\^function\_.L:1#issueCommand(<function>:124)
	at jdk.nashorn.internal.scripts.Script$Recompilation$44618$3841A$\^function\_.L:1#issueCommand(<function>:124)
	at jdk.nashorn.internal.scripts.Script$Recompilation$44618$3841A$\^function\_.L:1#issueCommand(<function>:124)
	at jdk.nashorn.internal.scripts.Script$Recompilation$44618$3841A$\^function\_.L:1#issueCommand(<function>:124)
	at jdk.nashorn.internal.scripts.Script$Recompilation$44618$3841A$\^function\_.L:1#issueCommand(<function>:124)
	at jdk.nashorn.internal.scripts.Script$Recompilation$44618$3841A$\^function\_.L:1#issueCommand(<function>:124)
	at jdk.nashorn.internal.scripts.Script$Recompilation$44618$3841A$\^function\_.L:1#issueCommand(<function>:124)
	at jdk.nashorn.internal.scripts.Script$Recompilation$44618$3841A$\^function\_.L:1#issueCommand(<function>:124)
	at jdk.nashorn.internal.scripts.Script$Recompilation$44618$3841A$\^function\_.L:1#issueCommand(<function>:124)
	at jdk.nashorn.internal.scripts.Script$Recompilation$44618$3841A$\^function\_.L:1#issueCommand(<function>:124)
	at jdk.nashorn.internal.scripts.Script$Recompilation$44618$3841A$\^function\_.L:1#issueCommand(<function>:124)
	at jdk.nashorn.internal.scripts.Script$Recompilation$44618$3841A$\^function\_.L:1#issueCommand(<function>:124)
	at jdk.nashorn.internal.scripts.Script$Recompilation$44618$3841A$\^function\_.L:1#issueCommand(<function>:124)
	at jdk.nashorn.internal.scripts.Script$Recompilation$44618$3841A$\^function\_.L:1#issueCommand(<function>:124)
	at jdk.nashorn.internal.scripts.Script$Recompilation$44618$3841A$\^function\_.L:1#issueCommand(<function>:124)
	at jdk.nashorn.internal.scripts.Script$Recompilation$44618$3841A$\^function\_.L:1#issueCommand(<function>:124)
	at jdk.nashorn.internal.scripts.Script$Recompilation$44618$3841A$\^function\_.L:1#issueCommand(<function>:124)
	at jdk.nashorn.internal.scripts.Script$Recompilation$44618$3841A$\^function\_.L:1#issueCommand(<function>:124)
	at jdk.nashorn.internal.scripts.Script$Recompilation$44618$3841A$\^function\_.L:1#issueCommand(<function>:124)
	at jdk.nashorn.internal.scripts.Script$Recompilation$44618$3841A$\^function\_.L:1#issueCommand(<function>:124)
	at jdk.nashorn.internal.scripts.Script$Recompilation$44618$3841A$\^function\_.L:1#issueCommand(<function>:124)
	at jdk.nashorn.internal.scripts.Script$Recompilation$44618$3841A$\^function\_.L:1#issueCommand(<function>:124)
	at jdk.nashorn.internal.scripts.Script$Recompilation$44618$3841A$\^function\_.L:1#issueCommand(<function>:124)
	at jdk.nashorn.internal.scripts.Script$Recompilation$44618$3841A$\^function\_.L:1#issueCommand(<function>:124)
	at jdk.nashorn.internal.scripts.Script$Recompilation$44618$3841A$\^function\_.L:1#issueCommand(<function>:124)
	at jdk.nashorn.internal.scripts.Script$Recompilation$44618$3841A$\^function\_.L:1#issueCommand(<function>:124)
	at jdk.nashorn.internal.scripts.Script$Recompilation$44618$3841A$\^function\_.L:1#issueCommand(<function>:124)
	at jdk.nashorn.internal.scripts.Script$Recompilation$44618$3841A$\^function\_.L:1#issueCommand(<function>:124)
	at jdk.nashorn.internal.scripts.Script$Recompilation$44618$3841A$\^function\_.L:1#issueCommand(<function>:124)
	at jdk.nashorn.internal.scripts.Script$Recompilation$44618$3841A$\^function\_.L:1#issueCommand(<function>:124)
	at jdk.nashorn.internal.scripts.Script$Recompilation$44618$3841A$\^function\_.L:1#issueCommand(<function>:124)
	at jdk.nashorn.internal.scripts.Script$Recompilation$44618$3841A$\^function\_.L:1#issueCommand(<function>:124)
	at jdk.nashorn.internal.scripts.Script$Recompilation$44618$3841A$\^function\_.L:1#issueCommand(<function>:124)
	at jdk.nashorn.internal.scripts.Script$Recompilation$44618$3841A$\^function\_.L:1#issueCommand(<function>:124)
	at jdk.nashorn.internal.scripts.Script$Recompilation$44618$3841A$\^function\_.L:1#issueCommand(<function>:124)
	at jdk.nashorn.internal.scripts.Script$Recompilation$44618$3841A$\^function\_.L:1#issueCommand(<function>:124)
	at jdk.nashorn.internal.scripts.Script$Recompilation$44618$3841A$\^function\_.L:1#issueCommand(<function>:124)
	at jdk.nashorn.internal.scripts.Script$Recompilation$44618$3841A$\^function\_.L:1#issueCommand(<function>:124)
	at jdk.nashorn.internal.scripts.Script$Recompilation$44618$3841A$\^function\_.L:1#issueCommand(<function>:124)
	at jdk.nashorn.internal.scripts.Script$Recompilation$44618$3841A$\^function\_.L:1#issueCommand(<function>:124)
	at jdk.nashorn.internal.scripts.Script$Recompilation$44618$3841A$\^function\_.L:1#issueCommand(<function>:124)
	at jdk.nashorn.internal.scripts.Script$Recompilation$44618$3841A$\^function\_.L:1#issueCommand(<function>:124)
	at jdk.nashorn.internal.scripts.Script$Recompilation$44618$3841A$\^function\_.L:1#issueCommand(<function>:124)
	at jdk.nashorn.internal.scripts.Script$Recompilation$44618$3841A$\^function\_.L:1#issueCommand(<function>:124)
	at jdk.nashorn.internal.scripts.Script$Recompilation$44618$3841A$\^function\_.L:1#issueCommand(<function>:124)
	at jdk.nashorn.internal.scripts.Script$Recompilation$44618$3841A$\^function\_.L:1#issueCommand(<function>:124)
	at jdk.nashorn.internal.scripts.Script$Recompilation$44618$3841A$\^function\_.L:1#issueCommand(<function>:124)
	at jdk.nashorn.internal.scripts.Script$Recompilation$44618$3841A$\^function\_.L:1#issueCommand(<function>:124)
	at jdk.nashorn.internal.scripts.Script$Recompilation$44618$3841A$\^function\_.L:1#issueCommand(<function>:124)
	at jdk.nashorn.internal.scripts.Script$Recompilation$44618$3841A$\^function\_.L:1#issueCommand(<function>:124)
	at jdk.nashorn.internal.scripts.Script$Recompilation$44618$3841A$\^function\_.L:1#issueCommand(<function>:124)
	at jdk.nashorn.internal.scripts.Script$Recompilation$44618$3841A$\^function\_.L:1#issueCommand(<function>:124)
	at jdk.nashorn.internal.scripts.Script$Recompilation$44618$3841A$\^function\_.L:1#issueCommand(<function>:124)
	at jdk.nashorn.internal.scripts.Script$Recompilation$44618$3841A$\^function\_.L:1#issueCommand(<function>:124)
	at jdk.nashorn.internal.scripts.Script$Recompilation$44618$3841A$\^function\_.L:1#issueCommand(<function>:124)
	at jdk.nashorn.internal.scripts.Script$Recompilation$44618$3841A$\^function\_.L:1#issueCommand(<function>:124)
	at jdk.nashorn.internal.scripts.Script$Recompilation$44618$3841A$\^function\_.L:1#issueCommand(<function>:124)
	at jdk.nashorn.internal.scripts.Script$Recompilation$44618$3841A$\^function\_.L:1#issueCommand(<function>:124)
	at jdk.nashorn.internal.scripts.Script$Recompilation$44618$3841A$\^function\_.L:1#issueCommand(<function>:124)
	at jdk.nashorn.internal.scripts.Script$Recompilation$44618$3841A$\^function\_.L:1#issueCommand(<function>:124)
	at jdk.nashorn.internal.scripts.Script$Recompilation$44618$3841A$\^function\_.L:1#issueCommand(<function>:124)
	at jdk.nashorn.internal.scripts.Script$Recompilation$44618$3841A$\^function\_.L:1#issueCommand(<function>:124)
	at jdk.nashorn.internal.scripts.Script$Recompilation$44618$3841A$\^function\_.L:1#issueCommand(<function>:124)
	at jdk.nashorn.internal.scripts.Script$Recompilation$44618$3841A$\^function\_.L:1#issueCommand(<function>:124)
	at jdk.nashorn.internal.scripts.Script$Recompilation$44618$3841A$\^function\_.L:1#issueCommand(<function>:124)
	at jdk.nashorn.internal.scripts.Script$Recompilation$44618$3841A$\^function\_.L:1#issueCommand(<function>:124)
	at jdk.nashorn.internal.scripts.Script$Recompilation$44618$3841A$\^function\_.L:1#issueCommand(<function>:124)
	at jdk.nashorn.internal.scripts.Script$Recompilation$44618$3841A$\^function\_.L:1#issueCommand(<function>:124)
	at jdk.nashorn.internal.scripts.Script$Recompilation$44618$3841A$\^function\_.L:1#issueCommand(<function>:124)
	at jdk.nashorn.internal.scripts.Script$Recompilation$44618$3841A$\^function\_.L:1#issueCommand(<function>:124)
	at jdk.nashorn.internal.scripts.Script$Recompilation$44618$3841A$\^function\_.L:1#issueCommand(<function>:124)
	at jdk.nashorn.internal.scripts.Script$Recompilation$44618$3841A$\^function\_.L:1#issueCommand(<function>:124)
	at jdk.nashorn.internal.scripts.Script$Recompilation$44618$3841A$\^function\_.L:1#issueCommand(<function>:124)
	at jdk.nashorn.internal.scripts.Script$Recompilation$44618$3841A$\^function\_.L:1#issueCommand(<function>:124)
	at jdk.nashorn.internal.scripts.Script$Recompilation$44618$3841A$\^function\_.L:1#issueCommand(<function>:124)
	at jdk.nashorn.internal.scripts.Script$Recompilation$44618$3841A$\^function\_.L:1#issueCommand(<function>:124)
	at jdk.nashorn.internal.scripts.Script$Recompilation$44618$3841A$\^function\_.L:1#issueCommand(<function>:124)
	at jdk.nashorn.internal.scripts.Script$Recompilation$44618$3841A$\^function\_.L:1#issueCommand(<function>:124)
	at jdk.nashorn.internal.scripts.Script$Recompilation$44618$3841A$\^function\_.L:1#issueCommand(<function>:124)
	at jdk.nashorn.internal.scripts.Script$Recompilation$44618$3841A$\^function\_.L:1#issueCommand(<function>:124)
	at jdk.nashorn.internal.scripts.Script$Recompilation$44618$3841A$\^function\_.L:1#issueCommand(<function>:124)
	at jdk.nashorn.internal.scripts.Script$Recompilation$44618$3841A$\^function\_.L:1#issueCommand(<function>:124)
	at jdk.nashorn.internal.scripts.Script$Recompilation$44618$3841A$\^function\_.L:1#issueCommand(<function>:124)
	at jdk.nashorn.internal.scripts.Script$Recompilation$44618$3841A$\^function\_.L:1#issueCommand(<function>:124)
	at jdk.nashorn.internal.scripts.Script$Recompilation$44618$3841A$\^function\_.L:1#issueCommand(<function>:124)
	at jdk.nashorn.internal.scripts.Script$Recompilation$44618$3841A$\^function\_.L:1#issueCommand(<function>:124)
	at jdk.nashorn.internal.scripts.Script$Recompilation$44618$3841A$\^function\_.L:1#issueCommand(<function>:124)
	at jdk.nashorn.internal.scripts.Script$Recompilation$44618$3841A$\^function\_.L:1#issueCommand(<function>:124)
	at jdk.nashorn.internal.scripts.Script$Recompilation$44618$3841A$\^function\_.L:1#issueCommand(<function>:124)
	at jdk.nashorn.internal.scripts.Script$Recompilation$44618$3841A$\^function\_.L:1#issueCommand(<function>:124)
	at jdk.nashorn.internal.scripts.Script$Recompilation$44618$3841A$\^function\_.L:1#issueCommand(<function>:124)
	at jdk.nashorn.internal.scripts.Script$Recompilation$44618$3841A$\^function\_.L:1#issueCommand(<function>:124)
	at jdk.nashorn.internal.scripts.Script$Recompilation$44618$3841A$\^function\_.L:1#issueCommand(<function>:124)
	at jdk.nashorn.internal.scripts.Script$Recompilation$44618$3841A$\^function\_.L:1#issueCommand(<function>:124)
	at jdk.nashorn.internal.scripts.Script$Recompilation$44618$3841A$\^function\_.L:1#issueCommand(<function>:124)
	at jdk.nashorn.internal.scripts.Script$Recompilation$44618$3841A$\^function\_.L:1#issueCommand(<function>:124)
	at jdk.nashorn.internal.scripts.Script$Recompilation$44618$3841A$\^function\_.L:1#issueCommand(<function>:124)
	at jdk.nashorn.internal.scripts.Script$Recompilation$44618$3841A$\^function\_.L:1#issueCommand(<function>:124)
	at jdk.nashorn.internal.scripts.Script$Recompilation$44618$3841A$\^function\_.L:1#issueCommand(<function>:124)
	at jdk.nashorn.internal.scripts.Script$Recompilation$44618$3841A$\^function\_.L:1#issueCommand(<function>:124)
	at jdk.nashorn.internal.scripts.Script$Recompilation$44618$3841A$\^function\_.L:1#issueCommand(<function>:124)
	at jdk.nashorn.internal.scripts.Script$Recompilation$44618$3841A$\^function\_.L:1#issueCommand(<function>:124)
	at jdk.nashorn.internal.scripts.Script$Recompilation$44618$3841A$\^function\_.L:1#issueCommand(<function>:124)
	at jdk.nashorn.internal.scripts.Script$Recompilation$44618$3841A$\^function\_.L:1#issueCommand(<function>:124)
	at jdk.nashorn.internal.scripts.Script$Recompilation$44618$3841A$\^function\_.L:1#issueCommand(<function>:124)
	at jdk.nashorn.internal.scripts.Script$Recompilation$44618$3841A$\^function\_.L:1#issueCommand(<function>:124)
	at jdk.nashorn.internal.scripts.Script$Recompilation$44618$3841A$\^function\_.L:1#issueCommand(<function>:124)
	at jdk.nashorn.internal.scripts.Script$Recompilation$44618$3841A$\^function\_.L:1#issueCommand(<function>:124)
	at jdk.nashorn.internal.scripts.Script$Recompilation$44618$3841A$\^function\_.L:1#issueCommand(<function>:124)
	at jdk.nashorn.internal.scripts.Script$Recompilation$44618$3841A$\^function\_.L:1#issueCommand(<function>:124)
	at jdk.nashorn.internal.scripts.Script$Recompilation$44618$3841A$\^function\_.L:1#issueCommand(<function>:124)
	at jdk.nashorn.internal.scripts.Script$Recompilation$44618$3841A$\^function\_.L:1#issueCommand(<function>:124)
	at jdk.nashorn.internal.scripts.Script$Recompilation$44618$3841A$\^function\_.L:1#issueCommand(<function>:124)
	at jdk.nashorn.internal.scripts.Script$Recompilation$44618$3841A$\^function\_.L:1#issueCommand(<function>:124)
	at jdk.nashorn.internal.scripts.Script$Recompilation$44618$3841A$\^function\_.L:1#issueCommand(<function>:124)
	at jdk.nashorn.internal.scripts.Script$Recompilation$44618$3841A$\^function\_.L:1#issueCommand(<function>:124)
	at jdk.nashorn.internal.scripts.Script$Recompilation$44618$3841A$\^function\_.L:1#issueCommand(<function>:124)
	at jdk.nashorn.internal.scripts.Script$Recompilation$44618$3841A$\^function\_.L:1#issueCommand(<function>:124)
	at jdk.nashorn.internal.scripts.Script$Recompilation$44618$3841A$\^function\_.L:1#issueCommand(<function>:124)
	at jdk.nashorn.internal.scripts.Script$Recompilation$44618$3841A$\^function\_.L:1#issueCommand(<function>:124)
	at jdk.nashorn.internal.scripts.Script$Recompilation$44618$3841A$\^function\_.L:1#issueCommand(<function>:124)
	at jdk.nashorn.internal.scripts.Script$Recompilation$44618$3841A$\^function\_.L:1#issueCommand(<function>:124)
	at jdk.nashorn.internal.scripts.Script$Recompilation$44618$3841A$\^function\_.L:1#issueCommand(<function>:124)
	at jdk.nashorn.internal.scripts.Script$Recompilation$44618$3841A$\^function\_.L:1#issueCommand(<function>:124)
	at jdk.nashorn.internal.scripts.Script$Recompilation$44618$3841A$\^function\_.L:1#issueCommand(<function>:124)
	at jdk.nashorn.internal.scripts.Script$Recompilation$44618$3841A$\^function\_.L:1#issueCommand(<function>:124)
	at jdk.nashorn.internal.scripts.Script$Recompilation$44618$3841A$\^function\_.L:1#issueCommand(<function>:124)
	at jdk.nashorn.internal.scripts.Script$Recompilation$44618$3841A$\^function\_.L:1#issueCommand(<function>:124)
	at jdk.nashorn.internal.scripts.Script$Recompilation$44618$3841A$\^function\_.L:1#issueCommand(<function>:124)
	at jdk.nashorn.internal.scripts.Script$Recompilation$44618$3841A$\^function\_.L:1#issueCommand(<function>:124)
	at jdk.nashorn.internal.scripts.Script$Recompilation$44618$3841A$\^function\_.L:1#issueCommand(<function>:124)
	at jdk.nashorn.internal.scripts.Script$Recompilation$44618$3841A$\^function\_.L:1#issueCommand(<function>:124)
	at jdk.nashorn.internal.scripts.Script$Recompilation$44618$3841A$\^function\_.L:1#issueCommand(<function>:124)
	at jdk.nashorn.internal.scripts.Script$Recompilation$44618$3841A$\^function\_.L:1#issueCommand(<function>:124)
	at jdk.nashorn.internal.scripts.Script$Recompilation$44618$3841A$\^function\_.L:1#issueCommand(<function>:124)
	at jdk.nashorn.internal.scripts.Script$Recompilation$44618$3841A$\^function\_.L:1#issueCommand(<function>:124)
	at jdk.nashorn.internal.scripts.Script$Recompilation$44618$3841A$\^function\_.L:1#issueCommand(<function>:124)
	at jdk.nashorn.internal.scripts.Script$Recompilation$44618$3841A$\^function\_.L:1#issueCommand(<function>:124)
	at jdk.nashorn.internal.scripts.Script$Recompilation$44618$3841A$\^function\_.L:1#issueCommand(<function>:124)
	at jdk.nashorn.internal.scripts.Script$Recompilation$44618$3841A$\^function\_.L:1#issueCommand(<function>:124)
	at jdk.nashorn.internal.scripts.Script$Recompilation$44618$3841A$\^function\_.L:1#issueCommand(<function>:124)
	at jdk.nashorn.internal.scripts.Script$Recompilation$44618$3841A$\^function\_.L:1#issueCommand(<function>:124)
	at jdk.nashorn.internal.scripts.Script$Recompilation$44618$3841A$\^function\_.L:1#issueCommand(<function>:124)
	at jdk.nashorn.internal.scripts.Script$Recompilation$44618$3841A$\^function\_.L:1#issueCommand(<function>:124)
	at jdk.nashorn.internal.scripts.Script$Recompilation$44618$3841A$\^function\_.L:1#issueCommand(<function>:124)
	at jdk.nashorn.internal.scripts.Script$Recompilation$44618$3841A$\^function\_.L:1#issueCommand(<function>:124)
	at jdk.nashorn.internal.scripts.Script$Recompilation$44618$3841A$\^function\_.L:1#issueCommand(<function>:124)
	at jdk.nashorn.internal.scripts.Script$Recompilation$44618$3841A$\^function\_.L:1#issueCommand(<function>:124)
	at jdk.nashorn.internal.scripts.Script$Recompilation$44618$3841A$\^function\_.L:1#issueCommand(<function>:124)
	at jdk.nashorn.internal.scripts.Script$Recompilation$44618$3841A$\^function\_.L:1#issueCommand(<function>:124)
	at jdk.nashorn.internal.scripts.Script$Recompilation$44618$3841A$\^function\_.L:1#issueCommand(<function>:124)
	at jdk.nashorn.internal.scripts.Script$Recompilation$44618$3841A$\^function\_.L:1#issueCommand(<function>:124)
	at jdk.nashorn.internal.scripts.Script$Recompilation$44618$3841A$\^function\_.L:1#issueCommand(<function>:124)
	at jdk.nashorn.internal.scripts.Script$Recompilation$44618$3841A$\^function\_.L:1#issueCommand(<function>:124)
	at jdk.nashorn.internal.scripts.Script$Recompilation$44618$3841A$\^function\_.L:1#issueCommand(<function>:124)
	at jdk.nashorn.internal.scripts.Script$Recompilation$44618$3841A$\^function\_.L:1#issueCommand(<function>:124)
	at jdk.nashorn.internal.scripts.Script$Recompilation$44618$3841A$\^function\_.L:1#issueCommand(<function>:124)
	at jdk.nashorn.internal.scripts.Script$Recompilation$44618$3841A$\^function\_.L:1#issueCommand(<function>:124)
	at jdk.nashorn.internal.scripts.Script$Recompilation$44618$3841A$\^function\_.L:1#issueCommand(<function>:124)
	at jdk.nashorn.internal.scripts.Script$Recompilation$44618$3841A$\^function\_.L:1#issueCommand(<function>:124)
	at jdk.nashorn.internal.scripts.Script$Recompilation$44618$3841A$\^function\_.L:1#issueCommand(<function>:124)
	at jdk.nashorn.internal.scripts.Script$Recompilation$44618$3841A$\^function\_.L:1#issueCommand(<function>:124)
	at jdk.nashorn.internal.scripts.Script$Recompilation$44618$3841A$\^function\_.L:1#issueCommand(<function>:124)
	at jdk.nashorn.internal.scripts.Script$Recompilation$44618$3841A$\^function\_.L:1#issueCommand(<function>:124)
	at jdk.nashorn.internal.scripts.Script$Recompilation$44618$3841A$\^function\_.L:1#issueCommand(<function>:124)
	at jdk.nashorn.internal.scripts.Script$Recompilation$44618$3841A$\^function\_.L:1#issueCommand(<function>:124)
	at jdk.nashorn.internal.scripts.Script$Recompilation$44618$3841A$\^function\_.L:1#issueCommand(<function>:124)
	at jdk.nashorn.internal.scripts.Script$Recompilation$44618$3841A$\^function\_.L:1#issueCommand(<function>:124)
	at jdk.nashorn.internal.scripts.Script$Recompilation$44618$3841A$\^function\_.L:1#issueCommand(<function>:124)
	at jdk.nashorn.internal.scripts.Script$Recompilation$44618$3841A$\^function\_.L:1#issueCommand(<function>:124)
	at jdk.nashorn.internal.scripts.Script$Recompilation$44618$3841A$\^function\_.L:1#issueCommand(<function>:124)
	at jdk.nashorn.internal.scripts.Script$Recompilation$44618$3841A$\^function\_.L:1#issueCommand(<function>:124)
	at jdk.nashorn.internal.scripts.Script$Recompilation$44618$3841A$\^function\_.L:1#issueCommand(<function>:124)
	at jdk.nashorn.internal.scripts.Script$Recompilation$44618$3841A$\^function\_.L:1#issueCommand(<function>:124)
	at jdk.nashorn.internal.scripts.Script$Recompilation$44618$3841A$\^function\_.L:1#issueCommand(<function>:124)
	at jdk.nashorn.internal.scripts.Script$Recompilation$44618$3841A$\^function\_.L:1#issueCommand(<function>:124)
	at jdk.nashorn.internal.scripts.Script$Recompilation$44618$3841A$\^function\_.L:1#issueCommand(<function>:124)
	at jdk.nashorn.internal.scripts.Script$Recompilation$44618$3841A$\^function\_.L:1#issueCommand(<function>:124)
	at jdk.nashorn.internal.scripts.Script$Recompilation$44618$3841A$\^function\_.L:1#issueCommand(<function>:124)
	at jdk.nashorn.internal.scripts.Script$Recompilation$44618$3841A$\^function\_.L:1#issueCommand(<function>:124)
	at jdk.nashorn.internal.scripts.Script$Recompilation$44618$3841A$\^function\_.L:1#issueCommand(<function>:124)
	at jdk.nashorn.internal.scripts.Script$Recompilation$44618$3841A$\^function\_.L:1#issueCommand(<function>:124)
	at jdk.nashorn.internal.scripts.Script$Recompilation$44618$3841A$\^function\_.L:1#issueCommand(<function>:124)
	at jdk.nashorn.internal.scripts.Script$Recompilation$44618$3841A$\^function\_.L:1#issueCommand(<function>:124)
	at jdk.nashorn.internal.scripts.Script$Recompilation$44618$3841A$\^function\_.L:1#issueCommand(<function>:124)
	at jdk.nashorn.internal.scripts.Script$Recompilation$44618$3841A$\^function\_.L:1#issueCommand(<function>:124)
	at jdk.nashorn.internal.scripts.Script$Recompilation$44618$3841A$\^function\_.L:1#issueCommand(<function>:124)
	at jdk.nashorn.internal.scripts.Script$Recompilation$44618$3841A$\^function\_.L:1#issueCommand(<function>:124)
	at jdk.nashorn.internal.scripts.Script$Recompilation$44618$3841A$\^function\_.L:1#issueCommand(<function>:124)
	at jdk.nashorn.internal.scripts.Script$Recompilation$44618$3841A$\^function\_.L:1#issueCommand(<function>:124)
	at jdk.nashorn.internal.scripts.Script$Recompilation$44618$3841A$\^function\_.L:1#issueCommand(<function>:124)
	at jdk.nashorn.internal.scripts.Script$Recompilation$44618$3841A$\^function\_.L:1#issueCommand(<function>:124)
	at jdk.nashorn.internal.scripts.Script$Recompilation$44618$3841A$\^function\_.L:1#issueCommand(<function>:124)
	at jdk.nashorn.internal.scripts.Script$Recompilation$44618$3841A$\^function\_.L:1#issueCommand(<function>:124)
	at jdk.nashorn.internal.scripts.Script$Recompilation$44618$3841A$\^function\_.L:1#issueCommand(<function>:124)
	at jdk.nashorn.internal.scripts.Script$Recompilation$44618$3841A$\^function\_.L:1#issueCommand(<function>:124)
	at jdk.nashorn.internal.scripts.Script$Recompilation$44618$3841A$\^function\_.L:1#issueCommand(<function>:124)
	at jdk.nashorn.internal.scripts.Script$Recompilation$44618$3841A$\^function\_.L:1#issueCommand(<function>:124)
	at jdk.nashorn.internal.scripts.Script$Recompilation$44618$3841A$\^function\_.L:1#issueCommand(<function>:124)
	at jdk.nashorn.internal.scripts.Script$Recompilation$44618$3841A$\^function\_.L:1#issueCommand(<function>:124)
	at jdk.nashorn.internal.scripts.Script$Recompilation$44618$3841A$\^function\_.L:1#issueCommand(<function>:124)
	at jdk.nashorn.internal.scripts.Script$Recompilation$44618$3841A$\^function\_.L:1#issueCommand(<function>:124)
	at jdk.nashorn.internal.scripts.Script$Recompilation$44618$3841A$\^function\_.L:1#issueCommand(<function>:124)
	at jdk.nashorn.internal.scripts.Script$Recompilation$44618$3841A$\^function\_.L:1#issueCommand(<function>:124)
	at jdk.nashorn.internal.scripts.Script$Recompilation$44618$3841A$\^function\_.L:1#issueCommand(<function>:124)
	at jdk.nashorn.internal.scripts.Script$Recompilation$44618$3841A$\^function\_.L:1#issueCommand(<function>:124)
	at jdk.nashorn.internal.scripts.Script$Recompilation$44618$3841A$\^function\_.L:1#issueCommand(<function>:124)
	at jdk.nashorn.internal.scripts.Script$Recompilation$44618$3841A$\^function\_.L:1#issueCommand(<function>:124)
	at jdk.nashorn.internal.scripts.Script$Recompilation$44618$3841A$\^function\_.L:1#issueCommand(<function>:124)
	at jdk.nashorn.internal.scripts.Script$Recompilation$44618$3841A$\^function\_.L:1#issueCommand(<function>:124)
	at jdk.nashorn.internal.scripts.Script$Recompilation$44618$3841A$\^function\_.L:1#issueCommand(<function>:124)
	at jdk.nashorn.internal.scripts.Script$Recompilation$44618$3841A$\^function\_.L:1#issueCommand(<function>:124)
	at jdk.nashorn.internal.scripts.Script$Recompilation$44618$3841A$\^function\_.L:1#issueCommand(<function>:124)
	at jdk.nashorn.internal.scripts.Script$Recompilation$44618$3841A$\^function\_.L:1#issueCommand(<function>:124)
	at jdk.nashorn.internal.scripts.Script$Recompilation$44618$3841A$\^function\_.L:1#issueCommand(<function>:124)
	at jdk.nashorn.internal.scripts.Script$Recompilation$44618$3841A$\^function\_.L:1#issueCommand(<function>:124)
	at jdk.nashorn.internal.scripts.Script$Recompilation$44618$3841A$\^function\_.L:1#issueCommand(<function>:124)
	at jdk.nashorn.internal.scripts.Script$Recompilation$44618$3841A$\^function\_.L:1#issueCommand(<function>:124)
	at jdk.nashorn.internal.scripts.Script$Recompilation$44618$3841A$\^function\_.L:1#issueCommand(<function>:124)
	at jdk.nashorn.internal.scripts.Script$Recompilation$44618$3841A$\^function\_.L:1#issueCommand(<function>:124)
	at jdk.nashorn.internal.scripts.Script$Recompilation$44618$3841A$\^function\_.L:1#issueCommand(<function>:124)
	at jdk.nashorn.internal.scripts.Script$Recompilation$44618$3841A$\^function\_.L:1#issueCommand(<function>:124)
	at jdk.nashorn.internal.scripts.Script$Recompilation$44618$3841A$\^function\_.L:1#issueCommand(<function>:124)
	at jdk.nashorn.internal.scripts.Script$Recompilation$44618$3841A$\^function\_.L:1#issueCommand(<function>:124)
	at jdk.nashorn.internal.scripts.Script$Recompilation$44618$3841A$\^function\_.L:1#issueCommand(<function>:124)
	at jdk.nashorn.internal.scripts.Script$Recompilation$44618$3841A$\^function\_.L:1#issueCommand(<function>:124)
	at jdk.nashorn.internal.scripts.Script$Recompilation$44618$3841A$\^function\_.L:1#issueCommand(<function>:124)
	at jdk.nashorn.internal.scripts.Script$Recompilation$44618$3841A$\^function\_.L:1#issueCommand(<function>:124)
	at jdk.nashorn.internal.scripts.Script$Recompilation$44618$3841A$\^function\_.L:1#issueCommand(<function>:124)
	at jdk.nashorn.internal.scripts.Script$Recompilation$44618$3841A$\^function\_.L:1#issueCommand(<function>:124)
	at jdk.nashorn.internal.scripts.Script$Recompilation$44618$3841A$\^function\_.L:1#issueCommand(<function>:124)
	at jdk.nashorn.internal.scripts.Script$Recompilation$44618$3841A$\^function\_.L:1#issueCommand(<function>:124)
	at jdk.nashorn.internal.scripts.Script$Recompilation$44618$3841A$\^function\_.L:1#issueCommand(<function>:124)
	at jdk.nashorn.internal.scripts.Script$Recompilation$44618$3841A$\^function\_.L:1#issueCommand(<function>:124)
	at jdk.nashorn.internal.scripts.Script$Recompilation$44618$3841A$\^function\_.L:1#issueCommand(<function>:124)
	at jdk.nashorn.internal.scripts.Script$Recompilation$44618$3841A$\^function\_.L:1#issueCommand(<function>:124)
	at jdk.nashorn.internal.scripts.Script$Recompilation$44618$3841A$\^function\_.L:1#issueCommand(<function>:124)
	at jdk.nashorn.internal.scripts.Script$Recompilation$44618$3841A$\^function\_.L:1#issueCommand(<function>:124)
	at jdk.nashorn.internal.scripts.Script$Recompilation$44618$3841A$\^function\_.L:1#issueCommand(<function>:124)
	at jdk.nashorn.internal.scripts.Script$Recompilation$44618$3841A$\^function\_.L:1#issueCommand(<function>:124)
	at jdk.nashorn.internal.scripts.Script$Recompilation$44618$3841A$\^function\_.L:1#issueCommand(<function>:124)
	at jdk.nashorn.internal.scripts.Script$Recompilation$44618$3841A$\^function\_.L:1#issueCommand(<function>:124)
	at jdk.nashorn.internal.scripts.Script$Recompilation$44618$3841A$\^function\_.L:1#issueCommand(<function>:124)
	at jdk.nashorn.internal.scripts.Script$Recompilation$44618$3841A$\^function\_.L:1#issueCommand(<function>:124)
	at jdk.nashorn.internal.scripts.Script$Recompilation$44618$3841A$\^function\_.L:1#issueCommand(<function>:124)
	at jdk.nashorn.internal.scripts.Script$Recompilation$44618$3841A$\^function\_.L:1#issueCommand(<function>:124)
	at jdk.nashorn.internal.scripts.Script$Recompilation$44618$3841A$\^function\_.L:1#issueCommand(<function>:124)
	at jdk.nashorn.internal.scripts.Script$Recompilation$44618$3841A$\^function\_.L:1#issueCommand(<function>:124)
	at jdk.nashorn.internal.scripts.Script$Recompilation$44618$3841A$\^function\_.L:1#issueCommand(<function>:124)
	at jdk.nashorn.internal.scripts.Script$Recompilation$44618$3841A$\^function\_.L:1#issueCommand(<function>:124)
	at jdk.nashorn.internal.scripts.Script$Recompilation$44618$3841A$\^function\_.L:1#issueCommand(<function>:124)
	at jdk.nashorn.internal.scripts.Script$Recompilation$44618$3841A$\^function\_.L:1#issueCommand(<function>:124)
	at jdk.nashorn.internal.scripts.Script$Recompilation$44618$3841A$\^function\_.L:1#issueCommand(<function>:124)
	at jdk.nashorn.internal.scripts.Script$Recompilation$44618$3841A$\^function\_.L:1#issueCommand(<function>:124)
	at jdk.nashorn.internal.scripts.Script$Recompilation$44618$3841A$\^function\_.L:1#issueCommand(<function>:124)
	at jdk.nashorn.internal.scripts.Script$Recompilation$44618$3841A$\^function\_.L:1#issueCommand(<function>:124)
	at jdk.nashorn.internal.scripts.Script$Recompilation$44618$3841A$\^function\_.L:1#issueCommand(<function>:124)
	at jdk.nashorn.internal.scripts.Script$Recompilation$44618$3841A$\^function\_.L:1#issueCommand(<function>:124)
	at jdk.nashorn.internal.scripts.Script$Recompilation$44618$3841A$\^function\_.L:1#issueCommand(<function>:124)
	at jdk.nashorn.internal.scripts.Script$Recompilation$44618$3841A$\^function\_.L:1#issueCommand(<function>:124)
	at jdk.nashorn.internal.scripts.Script$Recompilation$44618$3841A$\^function\_.L:1#issueCommand(<function>:124)
	at jdk.nashorn.internal.scripts.Script$Recompilation$44618$3841A$\^function\_.L:1#issueCommand(<function>:124)
	at jdk.nashorn.internal.scripts.Script$Recompilation$44618$3841A$\^function\_.L:1#issueCommand(<function>:124)
	at jdk.nashorn.internal.scripts.Script$Recompilation$44618$3841A$\^function\_.L:1#issueCommand(<function>:124)
	at jdk.nashorn.internal.scripts.Script$Recompilation$44618$3841A$\^function\_.L:1#issueCommand(<function>:124)
	at jdk.nashorn.internal.scripts.Script$Recompilation$44618$3841A$\^function\_.L:1#issueCommand(<function>:124)
	at jdk.nashorn.internal.scripts.Script$Recompilation$44618$3841A$\^function\_.L:1#issueCommand(<function>:124)
	at jdk.nashorn.internal.scripts.Script$Recompilation$44618$3841A$\^function\_.L:1#issueCommand(<function>:124)
	at jdk.nashorn.internal.scripts.Script$Recompilation$44618$3841A$\^function\_.L:1#issueCommand(<function>:124)
	at jdk.nashorn.internal.scripts.Script$Recompilation$44618$3841A$\^function\_.L:1#issueCommand(<function>:124)
	at jdk.nashorn.internal.scripts.Script$Recompilation$44618$3841A$\^function\_.L:1#issueCommand(<function>:124)
	at jdk.nashorn.internal.scripts.Script$Recompilation$44618$3841A$\^function\_.L:1#issueCommand(<function>:124)
	at jdk.nashorn.internal.scripts.Script$Recompilation$44618$3841A$\^function\_.L:1#issueCommand(<function>:124)
	at jdk.nashorn.internal.scripts.Script$Recompilation$44618$3841A$\^function\_.L:1#issueCommand(<function>:124)
	at jdk.nashorn.internal.scripts.Script$Recompilation$44618$3841A$\^function\_.L:1#issueCommand(<function>:124)
	at jdk.nashorn.internal.scripts.Script$Recompilation$44618$3841A$\^function\_.L:1#issueCommand(<function>:124)
	at jdk.nashorn.internal.scripts.Script$Recompilation$44618$3841A$\^function\_.L:1#issueCommand(<function>:124)
	at jdk.nashorn.internal.scripts.Script$Recompilation$44618$3841A$\^function\_.L:1#issueCommand(<function>:124)
	at jdk.nashorn.internal.scripts.Script$Recompilation$44618$3841A$\^function\_.L:1#issueCommand(<function>:124)
	at jdk.nashorn.internal.scripts.Script$Recompilation$44618$3841A$\^function\_.L:1#issueCommand(<function>:124)
	at jdk.nashorn.internal.scripts.Script$Recompilation$44618$3841A$\^function\_.L:1#issueCommand(<function>:124)
	at jdk.nashorn.internal.scripts.Script$Recompilation$44618$3841A$\^function\_.L:1#issueCommand(<function>:124)
	at jdk.nashorn.internal.scripts.Script$Recompilation$44618$3841A$\^function\_.L:1#issueCommand(<function>:124)
	at jdk.nashorn.internal.scripts.Script$Recompilation$44618$3841A$\^function\_.L:1#issueCommand(<function>:124)
	at jdk.nashorn.internal.scripts.Script$Recompilation$44618$3841A$\^function\_.L:1#issueCommand(<function>:124)
	at jdk.nashorn.internal.scripts.Script$Recompilation$44618$3841A$\^function\_.L:1#issueCommand(<function>:124)
	at jdk.nashorn.internal.scripts.Script$Recompilation$44618$3841A$\^function\_.L:1#issueCommand(<function>:124)
	at jdk.nashorn.internal.scripts.Script$Recompilation$44618$3841A$\^function\_.L:1#issueCommand(<function>:124)
	at jdk.nashorn.internal.scripts.Script$Recompilation$44618$3841A$\^function\_.L:1#issueCommand(<function>:124)
	at jdk.nashorn.internal.scripts.Script$Recompilation$44618$3841A$\^function\_.L:1#issueCommand(<function>:124)
	at jdk.nashorn.internal.scripts.Script$Recompilation$44618$3841A$\^function\_.L:1#issueCommand(<function>:124)
	at jdk.nashorn.internal.scripts.Script$Recompilation$44618$3841A$\^function\_.L:1#issueCommand(<function>:124)
	at jdk.nashorn.internal.scripts.Script$Recompilation$44618$3841A$\^function\_.L:1#issueCommand(<function>:124)
	at jdk.nashorn.internal.scripts.Script$Recompilation$44618$3841A$\^function\_.L:1#issueCommand(<function>:124)
	at jdk.nashorn.internal.scripts.Script$Recompilation$44618$3841A$\^function\_.L:1#issueCommand(<function>:124)
	at jdk.nashorn.internal.scripts.Script$Recompilation$44618$3841A$\^function\_.L:1#issueCommand(<function>:124)
	at jdk.nashorn.internal.scripts.Script$Recompilation$44618$3841A$\^function\_.L:1#issueCommand(<function>:124)
	at jdk.nashorn.internal.scripts.Script$Recompilation$44618$3841A$\^function\_.L:1#issueCommand(<function>:124)
	at jdk.nashorn.internal.scripts.Script$Recompilation$44618$3841A$\^function\_.L:1#issueCommand(<function>:124)
	at jdk.nashorn.internal.scripts.Script$Recompilation$44618$3841A$\^function\_.L:1#issueCommand(<function>:124)
	at jdk.nashorn.internal.scripts.Script$Recompilation$44618$3841A$\^function\_.L:1#issueCommand(<function>:124)
	at jdk.nashorn.internal.scripts.Script$Recompilation$44618$3841A$\^function\_.L:1#issueCommand(<function>:124)
	at jdk.nashorn.internal.scripts.Script$Recompilation$44618$3841A$\^function\_.L:1#issueCommand(<function>:124)
	at jdk.nashorn.internal.scripts.Script$Recompilation$44618$3841A$\^function\_.L:1#issueCommand(<function>:124)
	at jdk.nashorn.internal.scripts.Script$Recompilation$44618$3841A$\^function\_.L:1#issueCommand(<function>:124)
	at jdk.nashorn.internal.scripts.Script$Recompilation$44618$3841A$\^function\_.L:1#issueCommand(<function>:124)
	at jdk.nashorn.internal.scripts.Script$Recompilation$44618$3841A$\^function\_.L:1#issueCommand(<function>:124)
	at jdk.nashorn.internal.scripts.Script$Recompilation$44618$3841A$\^function\_.L:1#issueCommand(<function>:124)
	at jdk.nashorn.internal.scripts.Script$Recompilation$44618$3841A$\^function\_.L:1#issueCommand(<function>:124)
	at jdk.nashorn.internal.scripts.Script$Recompilation$44618$3841A$\^function\_.L:1#issueCommand(<function>:124)
	at jdk.nashorn.internal.scripts.Script$Recompilation$44618$3841A$\^function\_.L:1#issueCommand(<function>:124)
	at jdk.nashorn.internal.scripts.Script$Recompilation$44618$3841A$\^function\_.L:1#issueCommand(<function>:124)
	at jdk.nashorn.internal.scripts.Script$Recompilation$44618$3841A$\^function\_.L:1#issueCommand(<function>:124)
	at jdk.nashorn.internal.scripts.Script$Recompilation$44618$3841A$\^function\_.L:1#issueCommand(<function>:124)
	at jdk.nashorn.internal.scripts.Script$Recompilation$44618$3841A$\^function\_.L:1#issueCommand(<function>:124)
	at jdk.nashorn.internal.scripts.Script$Recompilation$44618$3841A$\^function\_.L:1#issueCommand(<function>:124)
	at jdk.nashorn.internal.scripts.Script$Recompilation$44618$3841A$\^function\_.L:1#issueCommand(<function>:124)
	at jdk.nashorn.internal.scripts.Script$Recompilation$44618$3841A$\^function\_.L:1#issueCommand(<function>:124)
	at jdk.nashorn.internal.scripts.Script$Recompilation$44618$3841A$\^function\_.L:1#issueCommand(<function>:124)
	at jdk.nashorn.internal.scripts.Script$Recompilation$44618$3841A$\^function\_.L:1#issueCommand(<function>:124)
	at jdk.nashorn.internal.scripts.Script$Recompilation$44618$3841A$\^function\_.L:1#issueCommand(<function>:124)
	at jdk.nashorn.internal.scripts.Script$Recompilation$44618$3841A$\^function\_.L:1#issueCommand(<function>:124)
	at jdk.nashorn.internal.scripts.Script$Recompilation$44618$3841A$\^function\_.L:1#issueCommand(<function>:124)
	at jdk.nashorn.internal.scripts.Script$Recompilation$44618$3841A$\^function\_.L:1#issueCommand(<function>:124)
	at jdk.nashorn.internal.scripts.Script$Recompilation$44618$3841A$\^function\_.L:1#issueCommand(<function>:124)
	at jdk.nashorn.internal.scripts.Script$Recompilation$44618$3841A$\^function\_.L:1#issueCommand(<function>:124)
	at jdk.nashorn.internal.scripts.Script$Recompilation$44618$3841A$\^function\_.L:1#issueCommand(<function>:124)
	at jdk.nashorn.internal.scripts.Script$Recompilation$44618$3841A$\^function\_.L:1#issueCommand(<function>:124)
	at jdk.nashorn.internal.scripts.Script$Recompilation$44618$3841A$\^function\_.L:1#issueCommand(<function>:124)
	at jdk.nashorn.internal.scripts.Script$Recompilation$44618$3841A$\^function\_.L:1#issueCommand(<function>:124)
	at jdk.nashorn.internal.scripts.Script$Recompilation$44618$3841A$\^function\_.L:1#issueCommand(<function>:124)
	at jdk.nashorn.internal.scripts.Script$Recompilation$44618$3841A$\^function\_.L:1#issueCommand(<function>:124)
	at jdk.nashorn.internal.scripts.Script$Recompilation$44618$3841A$\^function\_.L:1#issueCommand(<function>:124)
	at jdk.nashorn.internal.scripts.Script$Recompilation$44618$3841A$\^function\_.L:1#issueCommand(<function>:124)
	at jdk.nashorn.internal.scripts.Script$Recompilation$44618$3841A$\^function\_.L:1#issueCommand(<function>:124)
	at jdk.nashorn.internal.scripts.Script$Recompilation$44618$3841A$\^function\_.L:1#issueCommand(<function>:124)
	at jdk.nashorn.internal.scripts.Script$Recompilation$44618$3841A$\^function\_.L:1#issueCommand(<function>:124)
	at jdk.nashorn.internal.scripts.Script$Recompilation$44618$3841A$\^function\_.L:1#issueCommand(<function>:124)
	at jdk.nashorn.internal.scripts.Script$Recompilation$44618$3841A$\^function\_.L:1#issueCommand(<function>:124)
	at jdk.nashorn.internal.scripts.Script$Recompilation$44618$3841A$\^function\_.L:1#issueCommand(<function>:124)
	at jdk.nashorn.internal.scripts.Script$Recompilation$44618$3841A$\^function\_.L:1#issueCommand(<function>:124)
	at jdk.nashorn.internal.scripts.Script$Recompilation$44618$3841A$\^function\_.L:1#issueCommand(<function>:124)
	at jdk.nashorn.internal.scripts.Script$Recompilation$44618$3841A$\^function\_.L:1#issueCommand(<function>:124)
	at jdk.nashorn.internal.scripts.Script$Recompilation$44618$3841A$\^function\_.L:1#issueCommand(<function>:124)
	at jdk.nashorn.internal.scripts.Script$Recompilation$44618$3841A$\^function\_.L:1#issueCommand(<function>:124)
	at jdk.nashorn.internal.scripts.Script$Recompilation$44618$3841A$\^function\_.L:1#issueCommand(<function>:124)
	at jdk.nashorn.internal.scripts.Script$Recompilation$44618$3841A$\^function\_.L:1#issueCommand(<function>:124)
	at jdk.nashorn.internal.scripts.Script$Recompilation$44618$3841A$\^function\_.L:1#issueCommand(<function>:124)
	at jdk.nashorn.internal.scripts.Script$Recompilation$44618$3841A$\^function\_.L:1#issueCommand(<function>:124)
	at jdk.nashorn.internal.scripts.Script$Recompilation$44618$3841A$\^function\_.L:1#issueCommand(<function>:124)
	at jdk.nashorn.internal.scripts.Script$Recompilation$44618$3841A$\^function\_.L:1#issueCommand(<function>:124)
	at jdk.nashorn.internal.scripts.Script$Recompilation$44618$3841A$\^function\_.L:1#issueCommand(<function>:124)
	at jdk.nashorn.internal.scripts.Script$Recompilation$44618$3841A$\^function\_.L:1#issueCommand(<function>:124)
	at jdk.nashorn.internal.scripts.Script$Recompilation$44618$3841A$\^function\_.L:1#issueCommand(<function>:124)
	at jdk.nashorn.internal.scripts.Script$Recompilation$44618$3841A$\^function\_.L:1#issueCommand(<function>:124)
	at jdk.nashorn.internal.scripts.Script$Recompilation$44618$3841A$\^function\_.L:1#issueCommand(<function>:124)
	at jdk.nashorn.internal.scripts.Script$Recompilation$44618$3841A$\^function\_.L:1#issueCommand(<function>:124)
	at jdk.nashorn.internal.scripts.Script$Recompilation$44618$3841A$\^function\_.L:1#issueCommand(<function>:124)
	at jdk.nashorn.internal.scripts.Script$Recompilation$44618$3841A$\^function\_.L:1#issueCommand(<function>:124)
	at jdk.nashorn.internal.scripts.Script$Recompilation$44618$3841A$\^function\_.L:1#issueCommand(<function>:124)
	at jdk.nashorn.internal.scripts.Script$Recompilation$44618$3841A$\^function\_.L:1#issueCommand(<function>:124)
	at jdk.nashorn.internal.scripts.Script$Recompilation$44618$3841A$\^function\_.L:1#issueCommand(<function>:124)
	at jdk.nashorn.internal.scripts.Script$Recompilation$44618$3841A$\^function\_.L:1#issueCommand(<function>:124)
	at jdk.nashorn.internal.scripts.Script$Recompilation$44618$3841A$\^function\_.L:1#issueCommand(<function>:124)
	at jdk.nashorn.internal.scripts.Script$Recompilation$44618$3841A$\^function\_.L:1#issueCommand(<function>:124)
	at jdk.nashorn.internal.scripts.Script$Recompilation$44618$3841A$\^function\_.L:1#issueCommand(<function>:124)
	at jdk.nashorn.internal.scripts.Script$Recompilation$44618$3841A$\^function\_.L:1#issueCommand(<function>:124)
	at jdk.nashorn.internal.scripts.Script$Recompilation$44618$3841A$\^function\_.L:1#issueCommand(<function>:124)
	at jdk.nashorn.internal.scripts.Script$Recompilation$44618$3841A$\^function\_.L:1#issueCommand(<function>:124)
	at jdk.nashorn.internal.scripts.Script$Recompilation$44618$3841A$\^function\_.L:1#issueCommand(<function>:124)
	at jdk.nashorn.internal.scripts.Script$Recompilation$44618$3841A$\^function\_.L:1#issueCommand(<function>:124)
	at jdk.nashorn.internal.scripts.Script$Recompilation$44618$3841A$\^function\_.L:1#issueCommand(<function>:124)
	at jdk.nashorn.internal.scripts.Script$Recompilation$44618$3841A$\^function\_.L:1#issueCommand(<function>:124)
	at jdk.nashorn.internal.scripts.Script$Recompilation$44618$3841A$\^function\_.L:1#issueCommand(<function>:124)
	at jdk.nashorn.internal.scripts.Script$Recompilation$44618$3841A$\^function\_.L:1#issueCommand(<function>:124)
	at jdk.nashorn.internal.scripts.Script$Recompilation$44618$3841A$\^function\_.L:1#issueCommand(<function>:124)
	at jdk.nashorn.internal.scripts.Script$Recompilation$44618$3841A$\^function\_.L:1#issueCommand(<function>:124)
	at jdk.nashorn.internal.scripts.Script$Recompilation$44618$3841A$\^function\_.L:1#issueCommand(<function>:124)
	at jdk.nashorn.internal.scripts.Script$Recompilation$44618$3841A$\^function\_.L:1#issueCommand(<function>:124)
	at jdk.nashorn.internal.scripts.Script$Recompilation$44618$3841A$\^function\_.L:1#issueCommand(<function>:124)
	at jdk.nashorn.internal.scripts.Script$Recompilation$44618$3841A$\^function\_.L:1#issueCommand(<function>:124)
	at jdk.nashorn.internal.scripts.Script$Recompilation$44618$3841A$\^function\_.L:1#issueCommand(<function>:124)
	at jdk.nashorn.internal.scripts.Script$Recompilation$44618$3841A$\^function\_.L:1#issueCommand(<function>:124)
	at jdk.nashorn.internal.scripts.Script$Recompilation$44618$3841A$\^function\_.L:1#issueCommand(<function>:124)
	at jdk.nashorn.internal.scripts.Script$Recompilation$44618$3841A$\^function\_.L:1#issueCommand(<function>:124)
	at jdk.nashorn.internal.scripts.Script$Recompilation$44618$3841A$\^function\_.L:1#issueCommand(<function>:124)
	at jdk.nashorn.internal.scripts.Script$Recompilation$44618$3841A$\^function\_.L:1#issueCommand(<function>:124)
	at jdk.nashorn.internal.scripts.Script$Recompilation$44618$3841A$\^function\_.L:1#issueCommand(<function>:124)
	at jdk.nashorn.internal.scripts.Script$Recompilation$44618$3841A$\^function\_.L:1#issueCommand(<function>:124)
	at jdk.nashorn.internal.scripts.Script$Recompilation$44618$3841A$\^function\_.L:1#issueCommand(<function>:124)
	at jdk.nashorn.internal.scripts.Script$Recompilation$44618$3841A$\^function\_.L:1#issueCommand(<function>:124)
	at jdk.nashorn.internal.scripts.Script$Recompilation$44618$3841A$\^function\_.L:1#issueCommand(<function>:124)
	at jdk.nashorn.internal.scripts.Script$Recompilation$44618$3841A$\^function\_.L:1#issueCommand(<function>:124)
	at jdk.nashorn.internal.scripts.Script$Recompilation$44618$3841A$\^function\_.L:1#issueCommand(<function>:124)
	at jdk.nashorn.internal.scripts.Script$Recompilation$44618$3841A$\^function\_.L:1#issueCommand(<function>:124)
	at jdk.nashorn.internal.scripts.Script$Recompilation$44618$3841A$\^function\_.L:1#issueCommand(<function>:124)
	at jdk.nashorn.internal.scripts.Script$Recompilation$44618$3841A$\^function\_.L:1#issueCommand(<function>:124)
	at jdk.nashorn.internal.scripts.Script$Recompilation$44618$3841A$\^function\_.L:1#issueCommand(<function>:124)
	at jdk.nashorn.internal.scripts.Script$Recompilation$44618$3841A$\^function\_.L:1#issueCommand(<function>:124)
	at jdk.nashorn.internal.scripts.Script$Recompilation$44618$3841A$\^function\_.L:1#issueCommand(<function>:124)
	at jdk.nashorn.internal.scripts.Script$Recompilation$44618$3841A$\^function\_.L:1#issueCommand(<function>:124)
	at jdk.nashorn.internal.scripts.Script$Recompilation$44618$3841A$\^function\_.L:1#issueCommand(<function>:124)
	at jdk.nashorn.internal.scripts.Script$Recompilation$44618$3841A$\^function\_.L:1#issueCommand(<function>:124)
	at jdk.nashorn.internal.scripts.Script$Recompilation$44618$3841A$\^function\_.L:1#issueCommand(<function>:124)
	at jdk.nashorn.internal.scripts.Script$Recompilation$44618$3841A$\^function\_.L:1#issueCommand(<function>:124)
	at jdk.nashorn.internal.scripts.Script$Recompilation$44618$3841A$\^function\_.L:1#issueCommand(<function>:124)
	at jdk.nashorn.internal.scripts.Script$Recompilation$44618$3841A$\^function\_.L:1#issueCommand(<function>:124)
	at jdk.nashorn.internal.scripts.Script$Recompilation$44618$3841A$\^function\_.L:1#issueCommand(<function>:124)
	at jdk.nashorn.internal.scripts.Script$Recompilation$44618$3841A$\^function\_.L:1#issueCommand(<function>:124)
	at jdk.nashorn.internal.scripts.Script$Recompilation$44618$3841A$\^function\_.L:1#issueCommand(<function>:124)
	at jdk.nashorn.internal.scripts.Script$Recompilation$44618$3841A$\^function\_.L:1#issueCommand(<function>:124)
	at jdk.nashorn.internal.scripts.Script$Recompilation$44618$3841A$\^function\_.L:1#issueCommand(<function>:124)
	at jdk.nashorn.internal.scripts.Script$Recompilation$44618$3841A$\^function\_.L:1#issueCommand(<function>:124)
	at jdk.nashorn.internal.scripts.Script$Recompilation$44618$3841A$\^function\_.L:1#issueCommand(<function>:124)
	at jdk.nashorn.internal.scripts.Script$Recompilation$44618$3841A$\^function\_.L:1#issueCommand(<function>:124)
	at jdk.nashorn.internal.scripts.Script$Recompilation$44618$3841A$\^function\_.L:1#issueCommand(<function>:124)
	at jdk.nashorn.internal.scripts.Script$Recompilation$44618$3841A$\^function\_.L:1#issueCommand(<function>:124)
	at jdk.nashorn.internal.scripts.Script$Recompilation$44618$3841A$\^function\_.L:1#issueCommand(<function>:124)
	at jdk.nashorn.internal.scripts.Script$Recompilation$44618$3841A$\^function\_.L:1#issueCommand(<function>:124)
	at jdk.nashorn.internal.scripts.Script$Recompilation$44618$3841A$\^function\_.L:1#issueCommand(<function>:124)
	at jdk.nashorn.internal.scripts.Script$Recompilation$44618$3841A$\^function\_.L:1#issueCommand(<function>:124)
	at jdk.nashorn.internal.scripts.Script$Recompilation$44618$3841A$\^function\_.L:1#issueCommand(<function>:124)
	at jdk.nashorn.internal.scripts.Script$Recompilation$44618$3841A$\^function\_.L:1#issueCommand(<function>:124)
	at jdk.nashorn.internal.scripts.Script$Recompilation$44618$3841A$\^function\_.L:1#issueCommand(<function>:124)
	at jdk.nashorn.internal.scripts.Script$Recompilation$44618$3841A$\^function\_.L:1#issueCommand(<function>:124)
	at jdk.nashorn.internal.scripts.Script$Recompilation$44618$3841A$\^function\_.L:1#issueCommand(<function>:124)
	at jdk.nashorn.internal.scripts.Script$Recompilation$44618$3841A$\^function\_.L:1#issueCommand(<function>:124)
	at jdk.nashorn.internal.scripts.Script$Recompilation$44618$3841A$\^function\_.L:1#issueCommand(<function>:124)
	at jdk.nashorn.internal.scripts.Script$Recompilation$44618$3841A$\^function\_.L:1#issueCommand(<function>:124)
	at jdk.nashorn.internal.scripts.Script$Recompilation$44618$3841A$\^function\_.L:1#issueCommand(<function>:124)
	at jdk.nashorn.internal.scripts.Script$Recompilation$44618$3841A$\^function\_.L:1#issueCommand(<function>:124)
	at jdk.nashorn.internal.scripts.Script$Recompilation$44618$3841A$\^function\_.L:1#issueCommand(<function>:124)
	at jdk.nashorn.internal.scripts.Script$Recompilation$44618$3841A$\^function\_.L:1#issueCommand(<function>:124)
	at jdk.nashorn.internal.scripts.Script$Recompilation$44618$3841A$\^function\_.L:1#issueCommand(<function>:124)
	at jdk.nashorn.internal.scripts.Script$Recompilation$44618$3841A$\^function\_.L:1#issueCommand(<function>:124)
	at jdk.nashorn.internal.scripts.Script$Recompilation$44618$3841A$\^function\_.L:1#issueCommand(<function>:124)
	at jdk.nashorn.internal.scripts.Script$Recompilation$44618$3841A$\^function\_.L:1#issueCommand(<function>:124)
	at jdk.nashorn.internal.scripts.Script$Recompilation$44618$3841A$\^function\_.L:1#issueCommand(<function>:124)
	at jdk.nashorn.internal.scripts.Script$Recompilation$44618$3841A$\^function\_.L:1#issueCommand(<function>:124)
	at jdk.nashorn.internal.scripts.Script$Recompilation$44618$3841A$\^function\_.L:1#issueCommand(<function>:124)
	at jdk.nashorn.internal.scripts.Script$Recompilation$44618$3841A$\^function\_.L:1#issueCommand(<function>:124)
	at jdk.nashorn.internal.scripts.Script$Recompilation$44618$3841A$\^function\_.L:1#issueCommand(<function>:124)
	at jdk.nashorn.internal.scripts.Script$Recompilation$44618$3841A$\^function\_.L:1#issueCommand(<function>:124)
	at jdk.nashorn.internal.scripts.Script$Recompilation$44618$3841A$\^function\_.L:1#issueCommand(<function>:124)
	at jdk.nashorn.internal.scripts.Script$Recompilation$44618$3841A$\^function\_.L:1#issueCommand(<function>:124)
	at jdk.nashorn.internal.scripts.Script$Recompilation$44618$3841A$\^function\_.L:1#issueCommand(<function>:124)
	at jdk.nashorn.internal.scripts.Script$Recompilation$44618$3841A$\^function\_.L:1#issueCommand(<function>:124)
	at jdk.nashorn.internal.scripts.Script$Recompilation$44618$3841A$\^function\_.L:1#issueCommand(<function>:124)
	at jdk.nashorn.internal.scripts.Script$Recompilation$44618$3841A$\^function\_.L:1#issueCommand(<function>:124)
	at jdk.nashorn.internal.scripts.Script$Recompilation$44618$3841A$\^function\_.L:1#issueCommand(<function>:124)
	at jdk.nashorn.internal.scripts.Script$Recompilation$44618$3841A$\^function\_.L:1#issueCommand(<function>:124)
	at jdk.nashorn.internal.scripts.Script$Recompilation$44618$3841A$\^function\_.L:1#issueCommand(<function>:124)
	at jdk.nashorn.internal.scripts.Script$Recompilation$44618$3841A$\^function\_.L:1#issueCommand(<function>:124)
	at jdk.nashorn.internal.scripts.Script$Recompilation$44618$3841A$\^function\_.L:1#issueCommand(<function>:124)
	at jdk.nashorn.internal.scripts.Script$Recompilation$44618$3841A$\^function\_.L:1#issueCommand(<function>:124)
	at jdk.nashorn.internal.scripts.Script$Recompilation$44618$3841A$\^function\_.L:1#issueCommand(<function>:124)
	at jdk.nashorn.internal.scripts.Script$Recompilation$44618$3841A$\^function\_.L:1#issueCommand(<function>:124)
	at jdk.nashorn.internal.scripts.Script$Recompilation$44618$3841A$\^function\_.L:1#issueCommand(<function>:124)
	at jdk.nashorn.internal.scripts.Script$Recompilation$44618$3841A$\^function\_.L:1#issueCommand(<function>:124)
	at jdk.nashorn.internal.scripts.Script$Recompilation$44618$3841A$\^function\_.L:1#issueCommand(<function>:124)
	at jdk.nashorn.internal.scripts.Script$Recompilation$44618$3841A$\^function\_.L:1#issueCommand(<function>:124)
	at jdk.nashorn.internal.scripts.Script$Recompilation$44618$3841A$\^function\_.L:1#issueCommand(<function>:124)
	at jdk.nashorn.internal.scripts.Script$Recompilation$44618$3841A$\^function\_.L:1#issueCommand(<function>:124)
	at jdk.nashorn.internal.scripts.Script$Recompilation$44618$3841A$\^function\_.L:1#issueCommand(<function>:124)
	at jdk.nashorn.internal.scripts.Script$Recompilation$44618$3841A$\^function\_.L:1#issueCommand(<function>:124)
	at jdk.nashorn.internal.scripts.Script$Recompilation$44618$3841A$\^function\_.L:1#issueCommand(<function>:124)
	at jdk.nashorn.internal.scripts.Script$Recompilation$44618$3841A$\^function\_.L:1#issueCommand(<function>:124)
	at jdk.nashorn.internal.scripts.Script$Recompilation$44618$3841A$\^function\_.L:1#issueCommand(<function>:124)
	at jdk.nashorn.internal.scripts.Script$Recompilation$44618$3841A$\^function\_.L:1#issueCommand(<function>:124)
	at jdk.nashorn.internal.scripts.Script$Recompilation$44618$3841A$\^function\_.L:1#issueCommand(<function>:124)
	at jdk.nashorn.internal.scripts.Script$Recompilation$44618$3841A$\^function\_.L:1#issueCommand(<function>:124)
	at jdk.nashorn.internal.scripts.Script$Recompilation$44618$3841A$\^function\_.L:1#issueCommand(<function>:124)
	at jdk.nashorn.internal.scripts.Script$Recompilation$44618$3841A$\^function\_.L:1#issueCommand(<function>:124)
	at jdk.nashorn.internal.scripts.Script$Recompilation$44618$3841A$\^function\_.L:1#issueCommand(<function>:124)
	at jdk.nashorn.internal.scripts.Script$Recompilation$44618$3841A$\^function\_.L:1#issueCommand(<function>:124)
	at jdk.nashorn.internal.scripts.Script$Recompilation$44618$3841A$\^function\_.L:1#issueCommand(<function>:124)
	at jdk.nashorn.internal.scripts.Script$Recompilation$44618$3841A$\^function\_.L:1#issueCommand(<function>:124)
	at jdk.nashorn.internal.scripts.Script$Recompilation$44618$3841A$\^function\_.L:1#issueCommand(<function>:124)
	at jdk.nashorn.internal.scripts.Script$Recompilation$44618$3841A$\^function\_.L:1#issueCommand(<function>:124)
	at jdk.nashorn.internal.scripts.Script$Recompilation$44618$3841A$\^function\_.L:1#issueCommand(<function>:124)
	at jdk.nashorn.internal.scripts.Script$Recompilation$44618$3841A$\^function\_.L:1#issueCommand(<function>:124)
	at jdk.nashorn.internal.scripts.Script$Recompilation$44618$3841A$\^function\_.L:1#issueCommand(<function>:124)
	at jdk.nashorn.internal.scripts.Script$Recompilation$44618$3841A$\^function\_.L:1#issueCommand(<function>:124)
	at jdk.nashorn.internal.scripts.Script$Recompilation$44618$3841A$\^function\_.L:1#issueCommand(<function>:124)
	at jdk.nashorn.internal.scripts.Script$Recompilation$44618$3841A$\^function\_.L:1#issueCommand(<function>:124)
	at jdk.nashorn.internal.scripts.Script$Recompilation$44618$3841A$\^function\_.L:1#issueCommand(<function>:124)
	at jdk.nashorn.internal.scripts.Script$Recompilation$44618$3841A$\^function\_.L:1#issueCommand(<function>:124)
	at jdk.nashorn.internal.scripts.Script$Recompilation$44618$3841A$\^function\_.L:1#issueCommand(<function>:124)
	at jdk.nashorn.internal.scripts.Script$Recompilation$44618$3841A$\^function\_.L:1#issueCommand(<function>:124)
	at jdk.nashorn.internal.scripts.Script$Recompilation$44618$3841A$\^function\_.L:1#issueCommand(<function>:124)
	at jdk.nashorn.internal.scripts.Script$Recompilation$44618$3841A$\^function\_.L:1#issueCommand(<function>:124)
	at jdk.nashorn.internal.scripts.Script$Recompilation$44618$3841A$\^function\_.L:1#issueCommand(<function>:124)
	at jdk.nashorn.internal.scripts.Script$Recompilation$44618$3841A$\^function\_.L:1#issueCommand(<function>:124)
	at jdk.nashorn.internal.scripts.Script$Recompilation$44618$3841A$\^function\_.L:1#issueCommand(<function>:124)
	at jdk.nashorn.internal.scripts.Script$Recompilation$44618$3841A$\^function\_.L:1#issueCommand(<function>:124)
	at jdk.nashorn.internal.scripts.Script$Recompilation$44618$3841A$\^function\_.L:1#issueCommand(<function>:124)
	at jdk.nashorn.internal.scripts.Script$Recompilation$44618$3841A$\^function\_.L:1#issueCommand(<function>:124)
	at jdk.nashorn.internal.scripts.Script$Recompilation$44618$3841A$\^function\_.L:1#issueCommand(<function>:124)
	at jdk.nashorn.internal.scripts.Script$Recompilation$44618$3841A$\^function\_.L:1#issueCommand(<function>:124)
	at jdk.nashorn.internal.scripts.Script$Recompilation$44618$3841A$\^function\_.L:1#issueCommand(<function>:124)
	at jdk.nashorn.internal.scripts.Script$Recompilation$44618$3841A$\^function\_.L:1#issueCommand(<function>:124)
	at jdk.nashorn.internal.scripts.Script$Recompilation$44618$3841A$\^function\_.L:1#issueCommand(<function>:124)
	at jdk.nashorn.internal.scripts.Script$Recompilation$44618$3841A$\^function\_.L:1#issueCommand(<function>:124)
	at jdk.nashorn.internal.scripts.Script$Recompilation$44618$3841A$\^function\_.L:1#issueCommand(<function>:124)
	at jdk.nashorn.internal.scripts.Script$Recompilation$44618$3841A$\^function\_.L:1#issueCommand(<function>:124)
	at jdk.nashorn.internal.scripts.Script$Recompilation$44618$3841A$\^function\_.L:1#issueCommand(<function>:124)
	at jdk.nashorn.internal.scripts.Script$Recompilation$44618$3841A$\^function\_.L:1#issueCommand(<function>:124)
	at jdk.nashorn.internal.scripts.Script$Recompilation$44618$3841A$\^function\_.L:1#issueCommand(<function>:124)
	at jdk.nashorn.internal.scripts.Script$Recompilation$44618$3841A$\^function\_.L:1#issueCommand(<function>:124)
	at jdk.nashorn.internal.scripts.Script$Recompilation$44618$3841A$\^function\_.L:1#issueCommand(<function>:124)
	at jdk.nashorn.internal.scripts.Script$Recompilation$44618$3841A$\^function\_.L:1#issueCommand(<function>:124)
	at jdk.nashorn.internal.scripts.Script$Recompilation$44618$3841A$\^function\_.L:1#issueCommand(<function>:124)
	at jdk.nashorn.internal.scripts.Script$Recompilation$44618$3841A$\^function\_.L:1#issueCommand(<function>:124)
	at jdk.nashorn.internal.scripts.Script$Recompilation$44618$3841A$\^function\_.L:1#issueCommand(<function>:124)
	at jdk.nashorn.internal.scripts.Script$Recompilation$44618$3841A$\^function\_.L:1#issueCommand(<function>:124)
	at jdk.nashorn.internal.scripts.Script$Recompilation$44618$3841A$\^function\_.L:1#issueCommand(<function>:124)
	at jdk.nashorn.internal.scripts.Script$Recompilation$44618$3841A$\^function\_.L:1#issueCommand(<function>:124)
	at jdk.nashorn.internal.scripts.Script$Recompilation$44618$3841A$\^function\_.L:1#issueCommand(<function>:124)
	at jdk.nashorn.internal.scripts.Script$Recompilation$44618$3841A$\^function\_.L:1#issueCommand(<function>:124)
	at jdk.nashorn.internal.scripts.Script$Recompilation$44618$3841A$\^function\_.L:1#issueCommand(<function>:124)
	at jdk.nashorn.internal.scripts.Script$Recompilation$44618$3841A$\^function\_.L:1#issueCommand(<function>:124)
	at jdk.nashorn.internal.scripts.Script$Recompilation$44618$3841A$\^function\_.L:1#issueCommand(<function>:124)
	at jdk.nashorn.internal.scripts.Script$Recompilation$44618$3841A$\^function\_.L:1#issueCommand(<function>:124)
	at jdk.nashorn.internal.scripts.Script$Recompilation$44618$3841A$\^function\_.L:1#issueCommand(<function>:124)
	at jdk.nashorn.internal.scripts.Script$Recompilation$44618$3841A$\^function\_.L:1#issueCommand(<function>:124)
	at jdk.nashorn.internal.scripts.Script$Recompilation$44618$3841A$\^function\_.L:1#issueCommand(<function>:124)
	at jdk.nashorn.internal.scripts.Script$Recompilation$44618$3841A$\^function\_.L:1#issueCommand(<function>:124)
	at jdk.nashorn.internal.scripts.Script$Recompilation$44618$3841A$\^function\_.L:1#issueCommand(<function>:124)
	at jdk.nashorn.internal.scripts.Script$Recompilation$44618$3841A$\^function\_.L:1#issueCommand(<function>:124)
	at jdk.nashorn.internal.scripts.Script$Recompilation$44618$3841A$\^function\_.L:1#issueCommand(<function>:124)
	at jdk.nashorn.internal.scripts.Script$Recompilation$44618$3841A$\^function\_.L:1#issueCommand(<function>:124)
	at jdk.nashorn.internal.scripts.Script$Recompilation$44618$3841A$\^function\_.L:1#issueCommand(<function>:124)
	at jdk.nashorn.internal.scripts.Script$Recompilation$44618$3841A$\^function\_.L:1#issueCommand(<function>:124)
	at jdk.nashorn.internal.scripts.Script$Recompilation$44618$3841A$\^function\_.L:1#issueCommand(<function>:124)
	at jdk.nashorn.internal.scripts.Script$Recompilation$44618$3841A$\^function\_.L:1#issueCommand(<function>:124)
	at jdk.nashorn.internal.scripts.Script$Recompilation$44618$3841A$\^function\_.L:1#issueCommand(<function>:124)
	at jdk.nashorn.internal.scripts.Script$Recompilation$44618$3841A$\^function\_.L:1#issueCommand(<function>:124)
	at jdk.nashorn.internal.scripts.Script$Recompilation$44618$3841A$\^function\_.L:1#issueCommand(<function>:124)
	at jdk.nashorn.internal.scripts.Script$Recompilation$44618$3841A$\^function\_.L:1#issueCommand(<function>:124)
	at jdk.nashorn.internal.scripts.Script$Recompilation$44618$3841A$\^function\_.L:1#issueCommand(<function>:124)
	at jdk.nashorn.internal.scripts.Script$Recompilation$44618$3841A$\^function\_.L:1#issueCommand(<function>:124)
	at jdk.nashorn.internal.scripts.Script$Recompilation$44618$3841A$\^function\_.L:1#issueCommand(<function>:124)
	at jdk.nashorn.internal.scripts.Script$Recompilation$44618$3841A$\^function\_.L:1#issueCommand(<function>:124)
	at jdk.nashorn.internal.scripts.Script$Recompilation$44618$3841A$\^function\_.L:1#issueCommand(<function>:124)
	at jdk.nashorn.internal.scripts.Script$Recompilation$44618$3841A$\^function\_.L:1#issueCommand(<function>:124)
	at jdk.nashorn.internal.scripts.Script$Recompilation$44618$3841A$\^function\_.L:1#issueCommand(<function>:124)
	at jdk.nashorn.internal.scripts.Script$Recompilation$44618$3841A$\^function\_.L:1#issueCommand(<function>:124)
	at jdk.nashorn.internal.scripts.Script$Recompilation$44618$3841A$\^function\_.L:1#issueCommand(<function>:124)
	at jdk.nashorn.internal.scripts.Script$Recompilation$44618$3841A$\^function\_.L:1#issueCommand(<function>:124)
	at jdk.nashorn.internal.scripts.Script$Recompilation$44618$3841A$\^function\_.L:1#issueCommand(<function>:124)
	at jdk.nashorn.internal.scripts.Script$Recompilation$44618$3841A$\^function\_.L:1#issueCommand(<function>:124)
	at jdk.nashorn.internal.scripts.Script$Recompilation$44618$3841A$\^function\_.L:1#issueCommand(<function>:124)
	at jdk.nashorn.internal.scripts.Script$Recompilation$44618$3841A$\^function\_.L:1#issueCommand(<function>:124)
	at jdk.nashorn.internal.scripts.Script$Recompilation$44618$3841A$\^function\_.L:1#issueCommand(<function>:124)
	at jdk.nashorn.internal.scripts.Script$Recompilation$44618$3841A$\^function\_.L:1#issueCommand(<function>:124)
	at jdk.nashorn.internal.scripts.Script$Recompilation$44618$3841A$\^function\_.L:1#issueCommand(<function>:124)
	at jdk.nashorn.internal.scripts.Script$Recompilation$44618$3841A$\^function\_.L:1#issueCommand(<function>:124)
	at jdk.nashorn.internal.scripts.Script$Recompilation$44618$3841A$\^function\_.L:1#issueCommand(<function>:124)
	at jdk.nashorn.internal.scripts.Script$Recompilation$44618$3841A$\^function\_.L:1#issueCommand(<function>:124)
	at jdk.nashorn.internal.scripts.Script$Recompilation$44618$3841A$\^function\_.L:1#issueCommand(<function>:124)
	at jdk.nashorn.internal.scripts.Script$Recompilation$44618$3841A$\^function\_.L:1#issueCommand(<function>:124)
	at jdk.nashorn.internal.scripts.Script$Recompilation$44618$3841A$\^function\_.L:1#issueCommand(<function>:124)
	at jdk.nashorn.internal.scripts.Script$Recompilation$44618$3841A$\^function\_.L:1#issueCommand(<function>:124)
	at jdk.nashorn.internal.scripts.Script$Recompilation$44618$3841A$\^function\_.L:1#issueCommand(<function>:124)
	at jdk.nashorn.internal.scripts.Script$Recompilation$44618$3841A$\^function\_.L:1#issueCommand(<function>:124)
	at jdk.nashorn.internal.scripts.Script$Recompilation$44618$3841A$\^function\_.L:1#issueCommand(<function>:124)
	at jdk.nashorn.internal.scripts.Script$Recompilation$44618$3841A$\^function\_.L:1#issueCommand(<function>:124)
	at jdk.nashorn.internal.scripts.Script$Recompilation$44618$3841A$\^function\_.L:1#issueCommand(<function>:124)
	at jdk.nashorn.internal.scripts.Script$Recompilation$44618$3841A$\^function\_.L:1#issueCommand(<function>:124)
	at jdk.nashorn.internal.scripts.Script$Recompilation$44618$3841A$\^function\_.L:1#issueCommand(<function>:124)
	at jdk.nashorn.internal.scripts.Script$Recompilation$44618$3841A$\^function\_.L:1#issueCommand(<function>:124)
	at jdk.nashorn.internal.scripts.Script$Recompilation$44618$3841A$\^function\_.L:1#issueCommand(<function>:124)
	at jdk.nashorn.internal.scripts.Script$Recompilation$44618$3841A$\^function\_.L:1#issueCommand(<function>:124)
	at jdk.nashorn.internal.scripts.Script$Recompilation$44618$3841A$\^function\_.L:1#issueCommand(<function>:124)
	at jdk.nashorn.internal.scripts.Script$Recompilation$44618$3841A$\^function\_.L:1#issueCommand(<function>:124)
	at jdk.nashorn.internal.scripts.Script$Recompilation$44618$3841A$\^function\_.L:1#issueCommand(<function>:124)
	at jdk.nashorn.internal.scripts.Script$Recompilation$44618$3841A$\^function\_.L:1#issueCommand(<function>:124)
	at jdk.nashorn.internal.scripts.Script$Recompilation$44618$3841A$\^function\_.L:1#issueCommand(<function>:124)
	at jdk.nashorn.internal.scripts.Script$Recompilation$44618$3841A$\^function\_.L:1#issueCommand(<function>:124)
	at jdk.nashorn.internal.scripts.Script$Recompilation$44618$3841A$\^function\_.L:1#issueCommand(<function>:124)
	at jdk.nashorn.internal.scripts.Script$Recompilation$44618$3841A$\^function\_.L:1#issueCommand(<function>:124)
	at jdk.nashorn.internal.scripts.Script$Recompilation$44618$3841A$\^function\_.L:1#issueCommand(<function>:124)
	at jdk.nashorn.internal.scripts.Script$Recompilation$44618$3841A$\^function\_.L:1#issueCommand(<function>:124)
	at jdk.nashorn.internal.scripts.Script$Recompilation$44618$3841A$\^function\_.L:1#issueCommand(<function>:124)
	at jdk.nashorn.internal.scripts.Script$Recompilation$44618$3841A$\^function\_.L:1#issueCommand(<function>:124)
	at jdk.nashorn.internal.scripts.Script$Recompilation$44618$3841A$\^function\_.L:1#issueCommand(<function>:124)
	at jdk.nashorn.internal.scripts.Script$Recompilation$44618$3841A$\^function\_.L:1#issueCommand(<function>:124)
	at jdk.nashorn.internal.scripts.Script$Recompilation$44618$3841A$\^function\_.L:1#issueCommand(<function>:124)
	at jdk.nashorn.internal.scripts.Script$Recompilation$44618$3841A$\^function\_.L:1#issueCommand(<function>:124)
	at jdk.nashorn.internal.scripts.Script$Recompilation$44618$3841A$\^function\_.L:1#issueCommand(<function>:124)
	at jdk.nashorn.internal.scripts.Script$Recompilation$44618$3841A$\^function\_.L:1#issueCommand(<function>:124)
	at jdk.nashorn.internal.scripts.Script$Recompilation$44618$3841A$\^function\_.L:1#issueCommand(<function>:124)
	at jdk.nashorn.internal.scripts.Script$Recompilation$44618$3841A$\^function\_.L:1#issueCommand(<function>:124)
	at jdk.nashorn.internal.scripts.Script$Recompilation$44618$3841A$\^function\_.L:1#issueCommand(<function>:124)
	at jdk.nashorn.internal.scripts.Script$Recompilation$44618$3841A$\^function\_.L:1#issueCommand(<function>:124)
	at jdk.nashorn.internal.scripts.Script$Recompilation$44618$3841A$\^function\_.L:1#issueCommand(<function>:124)
	at jdk.nashorn.internal.scripts.Script$Recompilation$44618$3841A$\^function\_.L:1#issueCommand(<function>:124)
	at jdk.nashorn.internal.scripts.Script$Recompilation$44618$3841A$\^function\_.L:1#issueCommand(<function>:124)
	at jdk.nashorn.internal.scripts.Script$Recompilation$44618$3841A$\^function\_.L:1#issueCommand(<function>:124)
	at jdk.nashorn.internal.scripts.Script$Recompilation$44618$3841A$\^function\_.L:1#issueCommand(<function>:124)
	at jdk.nashorn.internal.scripts.Script$Recompilation$44618$3841A$\^function\_.L:1#issueCommand(<function>:124)
	at jdk.nashorn.internal.scripts.Script$Recompilation$44618$3841A$\^function\_.L:1#issueCommand(<function>:124)
	at jdk.nashorn.internal.scripts.Script$Recompilation$44618$3841A$\^function\_.L:1#issueCommand(<function>:124)
	at jdk.nashorn.internal.scripts.Script$Recompilation$44618$3841A$\^function\_.L:1#issueCommand(<function>:124)
	at jdk.nashorn.internal.scripts.Script$Recompilation$44618$3841A$\^function\_.L:1#issueCommand(<function>:124)
	at jdk.nashorn.internal.scripts.Script$Recompilation$44618$3841A$\^function\_.L:1#issueCommand(<function>:124)
	at jdk.nashorn.internal.scripts.Script$Recompilation$44618$3841A$\^function\_.L:1#issueCommand(<function>:124)
	at jdk.nashorn.internal.scripts.Script$Recompilation$44618$3841A$\^function\_.L:1#issueCommand(<function>:124)
	at jdk.nashorn.internal.scripts.Script$Recompilation$44618$3841A$\^function\_.L:1#issueCommand(<function>:124)
	at jdk.nashorn.internal.scripts.Script$Recompilation$44618$3841A$\^function\_.L:1#issueCommand(<function>:124)
	at jdk.nashorn.internal.scripts.Script$Recompilation$44618$3841A$\^function\_.L:1#issueCommand(<function>:124)
	at jdk.nashorn.internal.scripts.Script$Recompilation$44618$3841A$\^function\_.L:1#issueCommand(<function>:124)
	at jdk.nashorn.internal.scripts.Script$Recompilation$44618$3841A$\^function\_.L:1#issueCommand(<function>:124)
	at jdk.nashorn.internal.scripts.Script$Recompilation$44618$3841A$\^function\_.L:1#issueCommand(<function>:124)
	at jdk.nashorn.internal.scripts.Script$Recompilation$44618$3841A$\^function\_.L:1#issueCommand(<function>:124)
	at jdk.nashorn.internal.scripts.Script$Recompilation$44618$3841A$\^function\_.L:1#issueCommand(<function>:124)
	at jdk.nashorn.internal.scripts.Script$Recompilation$44618$3841A$\^function\_.L:1#issueCommand(<function>:124)
	at jdk.nashorn.internal.scripts.Script$Recompilation$44618$3841A$\^function\_.L:1#issueCommand(<function>:124)
	at jdk.nashorn.internal.scripts.Script$Recompilation$44618$3841A$\^function\_.L:1#issueCommand(<function>:124)
	at jdk.nashorn.internal.scripts.Script$Recompilation$44618$3841A$\^function\_.L:1#issueCommand(<function>:124)
	at jdk.nashorn.internal.scripts.Script$Recompilation$44618$3841A$\^function\_.L:1#issueCommand(<function>:124)
	at jdk.nashorn.internal.scripts.Script$Recompilation$44618$3841A$\^function\_.L:1#issueCommand(<function>:124)
	at jdk.nashorn.internal.scripts.Script$Recompilation$44618$3841A$\^function\_.L:1#issueCommand(<function>:124)
	at jdk.nashorn.internal.scripts.Script$Recompilation$44618$3841A$\^function\_.L:1#issueCommand(<function>:124)
	at jdk.nashorn.internal.scripts.Script$Recompilation$44618$3841A$\^function\_.L:1#issueCommand(<function>:124)
	at jdk.nashorn.internal.scripts.Script$Recompilation$44618$3841A$\^function\_.L:1#issueCommand(<function>:124)
	at jdk.nashorn.internal.scripts.Script$Recompilation$44618$3841A$\^function\_.L:1#issueCommand(<function>:124)
	at jdk.nashorn.internal.scripts.Script$Recompilation$44618$3841A$\^function\_.L:1#issueCommand(<function>:124)
	at jdk.nashorn.internal.scripts.Script$Recompilation$44618$3841A$\^function\_.L:1#issueCommand(<function>:124)
	at jdk.nashorn.internal.scripts.Script$Recompilation$44618$3841A$\^function\_.L:1#issueCommand(<function>:124)
	at jdk.nashorn.internal.scripts.Script$Recompilation$44618$3841A$\^function\_.L:1#issueCommand(<function>:124)
	at jdk.nashorn.internal.scripts.Script$Recompilation$44618$3841A$\^function\_.L:1#issueCommand(<function>:124)
	at jdk.nashorn.internal.scripts.Script$Recompilation$44618$3841A$\^function\_.L:1#issueCommand(<function>:124)
	at jdk.nashorn.internal.scripts.Script$Recompilation$44618$3841A$\^function\_.L:1#issueCommand(<function>:124)
	at jdk.nashorn.internal.scripts.Script$Recompilation$44618$3841A$\^function\_.L:1#issueCommand(<function>:124)
	at jdk.nashorn.internal.scripts.Script$Recompilation$44618$3841A$\^function\_.L:1#issueCommand(<function>:124)
	at jdk.nashorn.internal.scripts.Script$Recompilation$44618$3841A$\^function\_.L:1#issueCommand(<function>:124)
	at jdk.nashorn.internal.scripts.Script$Recompilation$44618$3841A$\^function\_.L:1#issueCommand(<function>:124)
	at jdk.nashorn.internal.scripts.Script$Recompilation$44618$3841A$\^function\_.L:1#issueCommand(<function>:124)
	at jdk.nashorn.internal.scripts.Script$Recompilation$44618$3841A$\^function\_.L:1#issueCommand(<function>:124)
	at jdk.nashorn.internal.scripts.Script$Recompilation$44618$3841A$\^function\_.L:1#issueCommand(<function>:124)
	at jdk.nashorn.internal.scripts.Script$Recompilation$44618$3841A$\^function\_.L:1#issueCommand(<function>:124)
	at jdk.nashorn.internal.scripts.Script$Recompilation$44618$3841A$\^function\_.L:1#issueCommand(<function>:124)
	at jdk.nashorn.internal.scripts.Script$Recompilation$44618$3841A$\^function\_.L:1#issueCommand(<function>:124)
	at jdk.nashorn.internal.scripts.Script$Recompilation$44618$3841A$\^function\_.L:1#issueCommand(<function>:124)
	at jdk.nashorn.internal.scripts.Script$Recompilation$44618$3841A$\^function\_.L:1#issueCommand(<function>:124)
	at jdk.nashorn.internal.scripts.Script$Recompilation$44618$3841A$\^function\_.L:1#issueCommand(<function>:124)
	at jdk.nashorn.internal.scripts.Script$Recompilation$44618$3841A$\^function\_.L:1#issueCommand(<function>:124)
	at jdk.nashorn.internal.scripts.Script$Recompilation$44618$3841A$\^function\_.L:1#issueCommand(<function>:124)
	at jdk.nashorn.internal.scripts.Script$Recompilation$44618$3841A$\^function\_.L:1#issueCommand(<function>:124)
	at jdk.nashorn.internal.scripts.Script$Recompilation$44618$3841A$\^function\_.L:1#issueCommand(<function>:124)
	at jdk.nashorn.internal.scripts.Script$Recompilation$44618$3841A$\^function\_.L:1#issueCommand(<function>:124)
	at jdk.nashorn.internal.scripts.Script$Recompilation$44618$3841A$\^function\_.L:1#issueCommand(<function>:124)
	at jdk.nashorn.internal.scripts.Script$Recompilation$44618$3841A$\^function\_.L:1#issueCommand(<function>:124)
	at jdk.nashorn.internal.scripts.Script$Recompilation$44618$3841A$\^function\_.L:1#issueCommand(<function>:124)
	at jdk.nashorn.internal.scripts.Script$Recompilation$44618$3841A$\^function\_.L:1#issueCommand(<function>:124)
	at jdk.nashorn.internal.scripts.Script$Recompilation$44618$3841A$\^function\_.L:1#issueCommand(<function>:124)
	at jdk.nashorn.internal.scripts.Script$Recompilation$44618$3841A$\^function\_.L:1#issueCommand(<function>:124)
	at jdk.nashorn.internal.scripts.Script$Recompilation$44618$3841A$\^function\_.L:1#issueCommand(<function>:124)
	at jdk.nashorn.internal.scripts.Script$Recompilation$44618$3841A$\^function\_.L:1#issueCommand(<function>:124)
	at jdk.nashorn.internal.scripts.Script$Recompilation$44618$3841A$\^function\_.L:1#issueCommand(<function>:124)
	at jdk.nashorn.internal.scripts.Script$Recompilation$44618$3841A$\^function\_.L:1#issueCommand(<function>:124)
	at jdk.nashorn.internal.scripts.Script$Recompilation$44618$3841A$\^function\_.L:1#issueCommand(<function>:124)
	at jdk.nashorn.internal.scripts.Script$Recompilation$44618$3841A$\^function\_.L:1#issueCommand(<function>:124)
	at jdk.nashorn.internal.scripts.Script$Recompilation$44618$3841A$\^function\_.L:1#issueCommand(<function>:124)
	at jdk.nashorn.internal.scripts.Script$Recompilation$44618$3841A$\^function\_.L:1#issueCommand(<function>:124)
	at jdk.nashorn.internal.scripts.Script$Recompilation$44618$3841A$\^function\_.L:1#issueCommand(<function>:124)
	at jdk.nashorn.internal.scripts.Script$Recompilation$44618$3841A$\^function\_.L:1#issueCommand(<function>:124)
	at jdk.nashorn.internal.scripts.Script$Recompilation$44618$3841A$\^function\_.L:1#issueCommand(<function>:124)
	at jdk.nashorn.internal.scripts.Script$Recompilation$44618$3841A$\^function\_.L:1#issueCommand(<function>:124)
	at jdk.nashorn.internal.scripts.Script$Recompilation$44618$3841A$\^function\_.L:1#issueCommand(<function>:124)
	at jdk.nashorn.internal.scripts.Script$Recompilation$44618$3841A$\^function\_.L:1#issueCommand(<function>:124)
	at jdk.nashorn.internal.scripts.Script$Recompilation$44618$3841A$\^function\_.L:1#issueCommand(<function>:124)
	at jdk.nashorn.internal.scripts.Script$Recompilation$44618$3841A$\^function\_.L:1#issueCommand(<function>:124)
	at jdk.nashorn.internal.scripts.Script$Recompilation$44618$3841A$\^function\_.L:1#issueCommand(<function>:124)
	at jdk.nashorn.internal.scripts.Script$Recompilation$44618$3841A$\^function\_.L:1#issueCommand(<function>:124)
	at jdk.nashorn.internal.scripts.Script$Recompilation$44618$3841A$\^function\_.L:1#issueCommand(<function>:124)
	at jdk.nashorn.internal.scripts.Script$Recompilation$44618$3841A$\^function\_.L:1#issueCommand(<function>:124)
	at jdk.nashorn.internal.scripts.Script$Recompilation$44618$3841A$\^function\_.L:1#issueCommand(<function>:124)
	at jdk.nashorn.internal.scripts.Script$Recompilation$44618$3841A$\^function\_.L:1#issueCommand(<function>:124)
	at jdk.nashorn.internal.scripts.Script$Recompilation$44618$3841A$\^function\_.L:1#issueCommand(<function>:124)
	at jdk.nashorn.internal.scripts.Script$Recompilation$44618$3841A$\^function\_.L:1#issueCommand(<function>:124)
	at jdk.nashorn.internal.scripts.Script$Recompilation$44618$3841A$\^function\_.L:1#issueCommand(<function>:124)
	at jdk.nashorn.internal.scripts.Script$Recompilation$44618$3841A$\^function\_.L:1#issueCommand(<function>:124)
	at jdk.nashorn.internal.scripts.Script$Recompilation$44618$3841A$\^function\_.L:1#issueCommand(<function>:124)
	at jdk.nashorn.internal.scripts.Script$Recompilation$44618$3841A$\^function\_.L:1#issueCommand(<function>:124)
	at jdk.nashorn.internal.scripts.Script$Recompilation$44618$3841A$\^function\_.L:1#issueCommand(<function>:124)
	at jdk.nashorn.internal.scripts.Script$Recompilation$44618$3841A$\^function\_.L:1#issueCommand(<function>:124)
	at jdk.nashorn.internal.scripts.Script$Recompilation$44618$3841A$\^function\_.L:1#issueCommand(<function>:124)
	at jdk.nashorn.internal.scripts.Script$Recompilation$44618$3841A$\^function\_.L:1#issueCommand(<function>:124)
	at jdk.nashorn.internal.scripts.Script$Recompilation$44618$3841A$\^function\_.L:1#issueCommand(<function>:124)
	at jdk.nashorn.internal.scripts.Script$Recompilation$44618$3841A$\^function\_.L:1#issueCommand(<function>:124)
	at jdk.nashorn.internal.scripts.Script$Recompilation$44618$3841A$\^function\_.L:1#issueCommand(<function>:124)
	at jdk.nashorn.internal.scripts.Script$Recompilation$44618$3841A$\^function\_.L:1#issueCommand(<function>:124)
	at jdk.nashorn.internal.scripts.Script$Recompilation$44618$3841A$\^function\_.L:1#issueCommand(<function>:124)
	at jdk.nashorn.internal.scripts.Script$Recompilation$44618$3841A$\^function\_.L:1#issueCommand(<function>:124)
	at jdk.nashorn.internal.scripts.Script$Recompilation$44618$3841A$\^function\_.L:1#issueCommand(<function>:124)
	at jdk.nashorn.internal.scripts.Script$Recompilation$44618$3841A$\^function\_.L:1#issueCommand(<function>:124)
	at jdk.nashorn.internal.scripts.Script$Recompilation$44618$3841A$\^function\_.L:1#issueCommand(<function>:124)
	at jdk.nashorn.internal.scripts.Script$Recompilation$44618$3841A$\^function\_.L:1#issueCommand(<function>:124)
	at jdk.nashorn.internal.scripts.Script$Recompilation$44618$3841A$\^function\_.L:1#issueCommand(<function>:124)
	at jdk.nashorn.internal.scripts.Script$Recompilation$44618$3841A$\^function\_.L:1#issueCommand(<function>:124)
	at jdk.nashorn.internal.scripts.Script$Recompilation$44618$3841A$\^function\_.L:1#issueCommand(<function>:124)
	at jdk.nashorn.internal.scripts.Script$Recompilation$44618$3841A$\^function\_.L:1#issueCommand(<function>:124)
	at jdk.nashorn.internal.scripts.Script$Recompilation$44618$3841A$\^function\_.L:1#issueCommand(<function>:124)
	at jdk.nashorn.internal.scripts.Script$Recompilation$44618$3841A$\^function\_.L:1#issueCommand(<function>:124)
	at jdk.nashorn.internal.scripts.Script$Recompilation$44618$3841A$\^function\_.L:1#issueCommand(<function>:124)
	at jdk.nashorn.internal.scripts.Script$Recompilation$44618$3841A$\^function\_.L:1#issueCommand(<function>:124)
	at jdk.nashorn.internal.scripts.Script$Recompilation$44618$3841A$\^function\_.L:1#issueCommand(<function>:124)
	at jdk.nashorn.internal.scripts.Script$Recompilation$44618$3841A$\^function\_.L:1#issueCommand(<function>:124)
	at jdk.nashorn.internal.scripts.Script$Recompilation$44618$3841A$\^function\_.L:1#issueCommand(<function>:124)
	at jdk.nashorn.internal.scripts.Script$Recompilation$44618$3841A$\^function\_.L:1#issueCommand(<function>:124)
	at jdk.nashorn.internal.scripts.Script$Recompilation$44618$3841A$\^function\_.L:1#issueCommand(<function>:124)
	at jdk.nashorn.internal.scripts.Script$Recompilation$44618$3841A$\^function\_.L:1#issueCommand(<function>:124)
	at jdk.nashorn.internal.scripts.Script$Recompilation$44618$3841A$\^function\_.L:1#issueCommand(<function>:124)
	at jdk.nashorn.internal.scripts.Script$Recompilation$44618$3841A$\^function\_.L:1#issueCommand(<function>:124)
	at jdk.nashorn.internal.scripts.Script$Recompilation$44618$3841A$\^function\_.L:1#issueCommand(<function>:124)
	at jdk.nashorn.internal.scripts.Script$Recompilation$44618$3841A$\^function\_.L:1#issueCommand(<function>:124)
	at jdk.nashorn.internal.scripts.Script$Recompilation$44618$3841A$\^function\_.L:1#issueCommand(<function>:124)
	at jdk.nashorn.internal.scripts.Script$Recompilation$44618$3841A$\^function\_.L:1#issueCommand(<function>:124)
	at jdk.nashorn.internal.scripts.Script$Recompilation$44618$3841A$\^function\_.L:1#issueCommand(<function>:124)
	at jdk.nashorn.internal.scripts.Script$Recompilation$44618$3841A$\^function\_.L:1#issueCommand(<function>:124)
	at jdk.nashorn.internal.scripts.Script$Recompilation$44618$3841A$\^function\_.L:1#issueCommand(<function>:124)
	at jdk.nashorn.internal.scripts.Script$Recompilation$44618$3841A$\^function\_.L:1#issueCommand(<function>:124)
	at jdk.nashorn.internal.scripts.Script$Recompilation$44618$3841A$\^function\_.L:1#issueCommand(<function>:124)
	at jdk.nashorn.internal.scripts.Script$Recompilation$44618$3841A$\^function\_.L:1#issueCommand(<function>:124)
	at jdk.nashorn.internal.scripts.Script$Recompilation$44618$3841A$\^function\_.L:1#issueCommand(<function>:124)
	at jdk.nashorn.internal.scripts.Script$Recompilation$44618$3841A$\^function\_.L:1#issueCommand(<function>:124)
	at jdk.nashorn.internal.scripts.Script$Recompilation$44618$3841A$\^function\_.L:1#issueCommand(<function>:124)
	at jdk.nashorn.internal.scripts.Script$Recompilation$44618$3841A$\^function\_.L:1#issueCommand(<function>:124)
	at jdk.nashorn.internal.scripts.Script$Recompilation$44618$3841A$\^function\_.L:1#issueCommand(<function>:124)
	at jdk.nashorn.internal.scripts.Script$Recompilation$44618$3841A$\^function\_.L:1#issueCommand(<function>:124)
	at jdk.nashorn.internal.scripts.Script$Recompilation$44618$3841A$\^function\_.L:1#issueCommand(<function>:124)
	at jdk.nashorn.internal.scripts.Script$Recompilation$44618$3841A$\^function\_.L:1#issueCommand(<function>:124)
	at jdk.nashorn.internal.scripts.Script$Recompilation$44618$3841A$\^function\_.L:1#issueCommand(<function>:124)
	at jdk.nashorn.internal.scripts.Script$Recompilation$44618$3841A$\^function\_.L:1#issueCommand(<function>:124)
	at jdk.nashorn.internal.scripts.Script$Recompilation$44618$3841A$\^function\_.L:1#issueCommand(<function>:124)
	at jdk.nashorn.internal.scripts.Script$Recompilation$44618$3841A$\^function\_.L:1#issueCommand(<function>:124)
	at jdk.nashorn.internal.scripts.Script$Recompilation$44618$3841A$\^function\_.L:1#issueCommand(<function>:124)
	at jdk.nashorn.internal.scripts.Script$Recompilation$44618$3841A$\^function\_.L:1#issueCommand(<function>:124)
	at jdk.nashorn.internal.scripts.Script$Recompilation$44618$3841A$\^function\_.L:1#issueCommand(<function>:124)
	at jdk.nashorn.internal.scripts.Script$Recompilation$44618$3841A$\^function\_.L:1#issueCommand(<function>:124)
	at jdk.nashorn.internal.scripts.Script$Recompilation$44618$3841A$\^function\_.L:1#issueCommand(<function>:124)
	at jdk.nashorn.internal.scripts.Script$Recompilation$44618$3841A$\^function\_.L:1#issueCommand(<function>:124)
	at jdk.nashorn.internal.scripts.Script$Recompilation$44618$3841A$\^function\_.L:1#issueCommand(<function>:124)
	at jdk.nashorn.internal.scripts.Script$Recompilation$44618$3841A$\^function\_.L:1#issueCommand(<function>:124)
	at jdk.nashorn.internal.scripts.Script$Recompilation$44618$3841A$\^function\_.L:1#issueCommand(<function>:124)
	at jdk.nashorn.internal.scripts.Script$Recompilation$44618$3841A$\^function\_.L:1#issueCommand(<function>:124)
	at jdk.nashorn.internal.scripts.Script$Recompilation$44618$3841A$\^function\_.L:1#issueCommand(<function>:124)
	at jdk.nashorn.internal.scripts.Script$Recompilation$44618$3841A$\^function\_.L:1#issueCommand(<function>:124)
	at jdk.nashorn.internal.scripts.Script$Recompilation$44618$3841A$\^function\_.L:1#issueCommand(<function>:124)
	at jdk.nashorn.internal.scripts.Script$Recompilation$44618$3841A$\^function\_.L:1#issueCommand(<function>:124)
	at jdk.nashorn.internal.scripts.Script$Recompilation$44618$3841A$\^function\_.L:1#issueCommand(<function>:124)
	at jdk.nashorn.internal.scripts.Script$Recompilation$44618$3841A$\^function\_.L:1#issueCommand(<function>:124)
	at jdk.nashorn.internal.scripts.Script$Recompilation$44618$3841A$\^function\_.L:1#issueCommand(<function>:124)
	at jdk.nashorn.internal.scripts.Script$Recompilation$44618$3841A$\^function\_.L:1#issueCommand(<function>:124)
	at jdk.nashorn.internal.scripts.Script$Recompilation$44618$3841A$\^function\_.L:1#issueCommand(<function>:124)
	at jdk.nashorn.internal.scripts.Script$Recompilation$44618$3841A$\^function\_.L:1#issueCommand(<function>:124)
	at jdk.nashorn.internal.scripts.Script$Recompilation$44618$3841A$\^function\_.L:1#issueCommand(<function>:124)
	at jdk.nashorn.internal.scripts.Script$Recompilation$44618$3841A$\^function\_.L:1#issueCommand(<function>:124)
	at jdk.nashorn.internal.scripts.Script$Recompilation$44618$3841A$\^function\_.L:1#issueCommand(<function>:124)
	at jdk.nashorn.internal.scripts.Script$Recompilation$44618$3841A$\^function\_.L:1#issueCommand(<function>:124)
	at jdk.nashorn.internal.scripts.Script$Recompilation$44618$3841A$\^function\_.L:1#issueCommand(<function>:124)
	at jdk.nashorn.internal.scripts.Script$Recompilation$44618$3841A$\^function\_.L:1#issueCommand(<function>:124)
	at jdk.nashorn.internal.scripts.Script$Recompilation$44618$3841A$\^function\_.L:1#issueCommand(<function>:124)
	at jdk.nashorn.internal.scripts.Script$Recompilation$44618$3841A$\^function\_.L:1#issueCommand(<function>:124)
	at jdk.nashorn.internal.scripts.Script$Recompilation$44618$3841A$\^function\_.L:1#issueCommand(<function>:124)
	at jdk.nashorn.internal.scripts.Script$Recompilation$44618$3841A$\^function\_.L:1#issueCommand(<function>:124)
	at jdk.nashorn.internal.scripts.Script$Recompilation$44618$3841A$\^function\_.L:1#issueCommand(<function>:124)
	at jdk.nashorn.internal.scripts.Script$Recompilation$44618$3841A$\^function\_.L:1#issueCommand(<function>:124)
	at jdk.nashorn.internal.scripts.Script$Recompilation$44618$3841A$\^function\_.L:1#issueCommand(<function>:124)
	at jdk.nashorn.internal.scripts.Script$Recompilation$44618$3841A$\^function\_.L:1#issueCommand(<function>:124)
	at jdk.nashorn.internal.scripts.Script$Recompilation$44618$3841A$\^function\_.L:1#issueCommand(<function>:124)
	at jdk.nashorn.internal.scripts.Script$Recompilation$44618$3841A$\^function\_.L:1#issueCommand(<function>:124)
	at jdk.nashorn.internal.scripts.Script$Recompilation$44618$3841A$\^function\_.L:1#issueCommand(<function>:124)
	at jdk.nashorn.internal.scripts.Script$Recompilation$44618$3841A$\^function\_.L:1#issueCommand(<function>:124)
	at jdk.nashorn.internal.scripts.Script$Recompilation$44618$3841A$\^function\_.L:1#issueCommand(<function>:124)
	at jdk.nashorn.internal.scripts.Script$Recompilation$44618$3841A$\^function\_.L:1#issueCommand(<function>:124)
	at jdk.nashorn.internal.scripts.Script$Recompilation$44618$3841A$\^function\_.L:1#issueCommand(<function>:124)
	at jdk.nashorn.internal.scripts.Script$Recompilation$44618$3841A$\^function\_.L:1#issueCommand(<function>:124)
	at jdk.nashorn.internal.scripts.Script$Recompilation$44618$3841A$\^function\_.L:1#issueCommand(<function>:124)
	at jdk.nashorn.internal.scripts.Script$Recompilation$44618$3841A$\^function\_.L:1#issueCommand(<function>:124)
	at jdk.nashorn.internal.scripts.Script$Recompilation$44618$3841A$\^function\_.L:1#issueCommand(<function>:124)
	at jdk.nashorn.internal.scripts.Script$Recompilation$44618$3841A$\^function\_.L:1#issueCommand(<function>:124)
	at jdk.nashorn.internal.scripts.Script$Recompilation$44618$3841A$\^function\_.L:1#issueCommand(<function>:124)
	at jdk.nashorn.internal.scripts.Script$Recompilation$44618$3841A$\^function\_.L:1#issueCommand(<function>:124)
	at jdk.nashorn.internal.scripts.Script$Recompilation$44618$3841A$\^function\_.L:1#issueCommand(<function>:124)
	at jdk.nashorn.internal.scripts.Script$Recompilation$44618$3841A$\^function\_.L:1#issueCommand(<function>:124)
	at jdk.nashorn.internal.scripts.Script$Recompilation$44618$3841A$\^function\_.L:1#issueCommand(<function>:124)
	at jdk.nashorn.internal.scripts.Script$Recompilation$44618$3841A$\^function\_.L:1#issueCommand(<function>:124)
	at jdk.nashorn.internal.scripts.Script$Recompilation$44618$3841A$\^function\_.L:1#issueCommand(<function>:124)
	at jdk.nashorn.internal.scripts.Script$Recompilation$44618$3841A$\^function\_.L:1#issueCommand(<function>:124)
	at jdk.nashorn.internal.scripts.Script$Recompilation$44618$3841A$\^function\_.L:1#issueCommand(<function>:124)
	at jdk.nashorn.internal.scripts.Script$Recompilation$44618$3841A$\^function\_.L:1#issueCommand(<function>:124)
	at jdk.nashorn.internal.scripts.Script$Recompilation$44618$3841A$\^function\_.L:1#issueCommand(<function>:124)
	at jdk.nashorn.internal.scripts.Script$Recompilation$44618$3841A$\^function\_.L:1#issueCommand(<function>:124)
	at jdk.nashorn.internal.scripts.Script$Recompilation$44618$3841A$\^function\_.L:1#issueCommand(<function>:124)
	at jdk.nashorn.internal.scripts.Script$Recompilation$44618$3841A$\^function\_.L:1#issueCommand(<function>:124)
	at jdk.nashorn.internal.scripts.Script$Recompilation$44618$3841A$\^function\_.L:1#issueCommand(<function>:124)
	at jdk.nashorn.internal.scripts.Script$Recompilation$44618$3841A$\^function\_.L:1#issueCommand(<function>:124)
	at jdk.nashorn.internal.scripts.Script$Recompilation$44618$3841A$\^function\_.L:1#issueCommand(<function>:124)
	at jdk.nashorn.internal.scripts.Script$Recompilation$44618$3841A$\^function\_.L:1#issueCommand(<function>:124)
	at jdk.nashorn.internal.scripts.Script$Recompilation$44618$3841A$\^function\_.L:1#issueCommand(<function>:124)
	at jdk.nashorn.internal.scripts.Script$Recompilation$44618$3841A$\^function\_.L:1#issueCommand(<function>:124)
	at jdk.nashorn.internal.scripts.Script$Recompilation$44618$3841A$\^function\_.L:1#issueCommand(<function>:124)
	at jdk.nashorn.internal.scripts.Script$Recompilation$44618$3841A$\^function\_.L:1#issueCommand(<function>:124)
	at jdk.nashorn.internal.scripts.Script$Recompilation$44618$3841A$\^function\_.L:1#issueCommand(<function>:124)
	at jdk.nashorn.internal.scripts.Script$Recompilation$44618$3841A$\^function\_.L:1#issueCommand(<function>:124)
	at jdk.nashorn.internal.scripts.Script$Recompilation$44618$3841A$\^function\_.L:1#issueCommand(<function>:124)
	at jdk.nashorn.internal.scripts.Script$Recompilation$44618$3841A$\^function\_.L:1#issueCommand(<function>:124)
	at jdk.nashorn.internal.scripts.Script$Recompilation$44618$3841A$\^function\_.L:1#issueCommand(<function>:124)
	at jdk.nashorn.internal.scripts.Script$Recompilation$44618$3841A$\^function\_.L:1#issueCommand(<function>:124)
	at jdk.nashorn.internal.scripts.Script$Recompilation$44618$3841A$\^function\_.L:1#issueCommand(<function>:124)
	at jdk.nashorn.internal.scripts.Script$Recompilation$44618$3841A$\^function\_.L:1#issueCommand(<function>:124)
	at jdk.nashorn.internal.scripts.Script$Recompilation$44618$3841A$\^function\_.L:1#issueCommand(<function>:124)
	at jdk.nashorn.internal.scripts.Script$Recompilation$44618$3841A$\^function\_.L:1#issueCommand(<function>:124)
	at jdk.nashorn.internal.scripts.Script$Recompilation$44618$3841A$\^function\_.L:1#issueCommand(<function>:124)
	at jdk.nashorn.internal.scripts.Script$Recompilation$44618$3841A$\^function\_.L:1#issueCommand(<function>:124)
	at jdk.nashorn.internal.scripts.Script$Recompilation$44618$3841A$\^function\_.L:1#issueCommand(<function>:124)
	at jdk.nashorn.internal.scripts.Script$Recompilation$44618$3841A$\^function\_.L:1#issueCommand(<function>:124)
	at jdk.nashorn.internal.scripts.Script$Recompilation$44618$3841A$\^function\_.L:1#issueCommand(<function>:124)
	at jdk.nashorn.internal.scripts.Script$Recompilation$44618$3841A$\^function\_.L:1#issueCommand(<function>:124)
	at jdk.nashorn.internal.scripts.Script$Recompilation$44618$3841A$\^function\_.L:1#issueCommand(<function>:124)
	at jdk.nashorn.internal.scripts.Script$Recompilation$44618$3841A$\^function\_.L:1#issueCommand(<function>:124)
	at jdk.nashorn.internal.scripts.Script$Recompilation$44618$3841A$\^function\_.L:1#issueCommand(<function>:124)
	at jdk.nashorn.internal.scripts.Script$Recompilation$44618$3841A$\^function\_.L:1#issueCommand(<function>:124)
	at jdk.nashorn.internal.scripts.Script$Recompilation$44618$3841A$\^function\_.L:1#issueCommand(<function>:124)
	at jdk.nashorn.internal.scripts.Script$Recompilation$44618$3841A$\^function\_.L:1#issueCommand(<function>:124)
	at jdk.nashorn.internal.scripts.Script$Recompilation$44618$3841A$\^function\_.L:1#issueCommand(<function>:124)
	at jdk.nashorn.internal.scripts.Script$Recompilation$44618$3841A$\^function\_.L:1#issueCommand(<function>:124)
	at jdk.nashorn.internal.scripts.Script$Recompilation$44618$3841A$\^function\_.L:1#issueCommand(<function>:124)
	at jdk.nashorn.internal.scripts.Script$Recompilation$44618$3841A$\^function\_.L:1#issueCommand(<function>:124)
	at jdk.nashorn.internal.scripts.Script$Recompilation$44618$3841A$\^function\_.L:1#issueCommand(<function>:124)
	at jdk.nashorn.internal.scripts.Script$Recompilation$44618$3841A$\^function\_.L:1#issueCommand(<function>:124)
	at jdk.nashorn.internal.scripts.Script$Recompilation$44618$3841A$\^function\_.L:1#issueCommand(<function>:124)
	at jdk.nashorn.internal.scripts.Script$Recompilation$44618$3841A$\^function\_.L:1#issueCommand(<function>:124)
	at jdk.nashorn.internal.scripts.Script$Recompilation$44618$3841A$\^function\_.L:1#issueCommand(<function>:124)
	at jdk.nashorn.internal.scripts.Script$Recompilation$44618$3841A$\^function\_.L:1#issueCommand(<function>:124)
	at jdk.nashorn.internal.scripts.Script$Recompilation$44618$3841A$\^function\_.L:1#issueCommand(<function>:124)
	at jdk.nashorn.internal.scripts.Script$Recompilation$44618$3841A$\^function\_.L:1#issueCommand(<function>:124)
	at jdk.nashorn.internal.scripts.Script$Recompilation$44618$3841A$\^function\_.L:1#issueCommand(<function>:124)
	at jdk.nashorn.internal.scripts.Script$Recompilation$44618$3841A$\^function\_.L:1#issueCommand(<function>:124)
	at jdk.nashorn.internal.scripts.Script$Recompilation$44618$3841A$\^function\_.L:1#issueCommand(<function>:124)
	at jdk.nashorn.internal.scripts.Script$Recompilation$44618$3841A$\^function\_.L:1#issueCommand(<function>:124)
	at jdk.nashorn.internal.scripts.Script$Recompilation$44618$3841A$\^function\_.L:1#issueCommand(<function>:124)
	at jdk.nashorn.internal.scripts.Script$Recompilation$44618$3841A$\^function\_.L:1#issueCommand(<function>:124)
	at jdk.nashorn.internal.scripts.Script$Recompilation$44618$3841A$\^function\_.L:1#issueCommand(<function>:124)
	at jdk.nashorn.internal.scripts.Script$Recompilation$44618$3841A$\^function\_.L:1#issueCommand(<function>:124)
	at jdk.nashorn.internal.scripts.Script$Recompilation$44618$3841A$\^function\_.L:1#issueCommand(<function>:124)
	at jdk.nashorn.internal.scripts.Script$Recompilation$44618$3841A$\^function\_.L:1#issueCommand(<function>:124)
	at jdk.nashorn.internal.scripts.Script$Recompilation$44618$3841A$\^function\_.L:1#issueCommand(<function>:124)
	at jdk.nashorn.internal.scripts.Script$Recompilation$44618$3841A$\^function\_.L:1#issueCommand(<function>:124)
	at jdk.nashorn.internal.scripts.Script$Recompilation$44618$3841A$\^function\_.L:1#issueCommand(<function>:124)
	at jdk.nashorn.internal.scripts.Script$Recompilation$44618$3841A$\^function\_.L:1#issueCommand(<function>:124)
	at jdk.nashorn.internal.scripts.Script$Recompilation$44618$3841A$\^function\_.L:1#issueCommand(<function>:124)
	at jdk.nashorn.internal.scripts.Script$Recompilation$44618$3841A$\^function\_.L:1#issueCommand(<function>:124)
	at jdk.nashorn.internal.scripts.Script$Recompilation$44618$3841A$\^function\_.L:1#issueCommand(<function>:124)
	at jdk.nashorn.internal.scripts.Script$Recompilation$44618$3841A$\^function\_.L:1#issueCommand(<function>:124)
	at jdk.nashorn.internal.scripts.Script$Recompilation$44618$3841A$\^function\_.L:1#issueCommand(<function>:124)
	at jdk.nashorn.internal.scripts.Script$Recompilation$44618$3841A$\^function\_.L:1#issueCommand(<function>:124)
	at jdk.nashorn.internal.scripts.Script$Recompilation$44618$3841A$\^function\_.L:1#issueCommand(<function>:124)
	at jdk.nashorn.internal.scripts.Script$Recompilation$44618$3841A$\^function\_.L:1#issueCommand(<function>:124)
	at jdk.nashorn.internal.scripts.Script$Recompilation$44618$3841A$\^function\_.L:1#issueCommand(<function>:124)
	at jdk.nashorn.internal.scripts.Script$Recompilation$44618$3841A$\^function\_.L:1#issueCommand(<function>:124)
	at jdk.nashorn.internal.scripts.Script$Recompilation$44618$3841A$\^function\_.L:1#issueCommand(<function>:124)
	at jdk.nashorn.internal.scripts.Script$Recompilation$44618$3841A$\^function\_.L:1#issueCommand(<function>:124)
	at jdk.nashorn.internal.scripts.Script$Recompilation$44618$3841A$\^function\_.L:1#issueCommand(<function>:124)
	at jdk.nashorn.internal.scripts.Script$Recompilation$44618$3841A$\^function\_.L:1#issueCommand(<function>:124)
	at jdk.nashorn.internal.scripts.Script$Recompilation$44618$3841A$\^function\_.L:1#issueCommand(<function>:124)
	at jdk.nashorn.internal.scripts.Script$Recompilation$44618$3841A$\^function\_.L:1#issueCommand(<function>:124)
	at jdk.nashorn.internal.scripts.Script$Recompilation$44618$3841A$\^function\_.L:1#issueCommand(<function>:124)
	at jdk.nashorn.internal.scripts.Script$Recompilation$44618$3841A$\^function\_.L:1#issueCommand(<function>:124)
	at jdk.nashorn.internal.scripts.Script$Recompilation$44618$3841A$\^function\_.L:1#issueCommand(<function>:124)
	at jdk.nashorn.internal.scripts.Script$Recompilation$44618$3841A$\^function\_.L:1#issueCommand(<function>:124)
	at jdk.nashorn.internal.scripts.Script$Recompilation$44618$3841A$\^function\_.L:1#issueCommand(<function>:124)
	at jdk.nashorn.internal.scripts.Script$Recompilation$44618$3841A$\^function\_.L:1#issueCommand(<function>:124)
	at jdk.nashorn.internal.scripts.Script$Recompilation$44618$3841A$\^function\_.L:1#issueCommand(<function>:124)
	at jdk.nashorn.internal.scripts.Script$Recompilation$44618$3841A$\^function\_.L:1#issueCommand(<function>:124)
	at jdk.nashorn.internal.scripts.Script$Recompilation$44618$3841A$\^function\_.L:1#issueCommand(<function>:124)
	at jdk.nashorn.internal.scripts.Script$Recompilation$44618$3841A$\^function\_.L:1#issueCommand(<function>:124)
	at jdk.nashorn.internal.scripts.Script$Recompilation$44618$3841A$\^function\_.L:1#issueCommand(<function>:124)
	at jdk.nashorn.internal.scripts.Script$Recompilation$44618$3841A$\^function\_.L:1#issueCommand(<function>:124)
	at jdk.nashorn.internal.scripts.Script$Recompilation$44618$3841A$\^function\_.L:1#issueCommand(<function>:124)
	at jdk.nashorn.internal.scripts.Script$Recompilation$44618$3841A$\^function\_.L:1#issueCommand(<function>:124)
	at jdk.nashorn.internal.scripts.Script$Recompilation$44618$3841A$\^function\_.L:1#issueCommand(<function>:124)
	at jdk.nashorn.internal.scripts.Script$Recompilation$44618$3841A$\^function\_.L:1#issueCommand(<function>:124)
	at jdk.nashorn.internal.scripts.Script$Recompilation$44618$3841A$\^function\_.L:1#issueCommand(<function>:124)
	at jdk.nashorn.internal.scripts.Script$Recompilation$44618$3841A$\^function\_.L:1#issueCommand(<function>:124)
	at jdk.nashorn.internal.scripts.Script$Recompilation$44618$3841A$\^function\_.L:1#issueCommand(<function>:124)
	at jdk.nashorn.internal.scripts.Script$Recompilation$44618$3841A$\^function\_.L:1#issueCommand(<function>:124)
	at jdk.nashorn.internal.scripts.Script$Recompilation$44618$3841A$\^function\_.L:1#issueCommand(<function>:124)
	at jdk.nashorn.internal.scripts.Script$Recompilation$44618$3841A$\^function\_.L:1#issueCommand(<function>:124)
	at jdk.nashorn.internal.scripts.Script$Recompilation$44618$3841A$\^function\_.L:1#issueCommand(<function>:124)
	at jdk.nashorn.internal.scripts.Script$Recompilation$44618$3841A$\^function\_.L:1#issueCommand(<function>:124)
	at jdk.nashorn.internal.scripts.Script$Recompilation$44618$3841A$\^function\_.L:1#issueCommand(<function>:124)
	at jdk.nashorn.internal.scripts.Script$Recompilation$44618$3841A$\^function\_.L:1#issueCommand(<function>:124)
	at jdk.nashorn.internal.scripts.Script$Recompilation$44618$3841A$\^function\_.L:1#issueCommand(<function>:124)
	at jdk.nashorn.internal.scripts.Script$Recompilation$44618$3841A$\^function\_.L:1#issueCommand(<function>:124)
	at jdk.nashorn.internal.scripts.Script$Recompilation$44618$3841A$\^function\_.L:1#issueCommand(<function>:124)
	at jdk.nashorn.internal.scripts.Script$Recompilation$44618$3841A$\^function\_.L:1#issueCommand(<function>:124)
	at jdk.nashorn.internal.scripts.Script$Recompilation$44618$3841A$\^function\_.L:1#issueCommand(<function>:124)
	at jdk.nashorn.internal.scripts.Script$Recompilation$44618$3841A$\^function\_.L:1#issueCommand(<function>:124)
	at jdk.nashorn.internal.scripts.Script$Recompilation$44618$3841A$\^function\_.L:1#issueCommand(<function>:124)
	at jdk.nashorn.internal.scripts.Script$Recompilation$44618$3841A$\^function\_.L:1#issueCommand(<function>:124)
	at jdk.nashorn.internal.scripts.Script$Recompilation$44618$3841A$\^function\_.L:1#issueCommand(<function>:124)
	at jdk.nashorn.internal.scripts.Script$Recompilation$44618$3841A$\^function\_.L:1#issueCommand(<function>:124)
	at jdk.nashorn.internal.scripts.Script$Recompilation$44618$3841A$\^function\_.L:1#issueCommand(<function>:124)
	at jdk.nashorn.internal.scripts.Script$Recompilation$44618$3841A$\^function\_.L:1#issueCommand(<function>:124)
	at jdk.nashorn.internal.scripts.Script$Recompilation$44618$3841A$\^function\_.L:1#issueCommand(<function>:124)
	at jdk.nashorn.internal.scripts.Script$Recompilation$44618$3841A$\^function\_.L:1#issueCommand(<function>:124)
	at jdk.nashorn.internal.scripts.Script$Recompilation$44618$3841A$\^function\_.L:1#issueCommand(<function>:124)
	at jdk.nashorn.internal.scripts.Script$Recompilation$44618$3841A$\^function\_.L:1#issueCommand(<function>:124)
	at jdk.nashorn.internal.scripts.Script$Recompilation$44618$3841A$\^function\_.L:1#issueCommand(<function>:124)
	at jdk.nashorn.internal.scripts.Script$Recompilation$44618$3841A$\^function\_.L:1#issueCommand(<function>:124)
	at jdk.nashorn.internal.scripts.Script$Recompilation$44618$3841A$\^function\_.L:1#issueCommand(<function>:124)
	at jdk.nashorn.internal.scripts.Script$Recompilation$44618$3841A$\^function\_.L:1#issueCommand(<function>:124)
	at jdk.nashorn.internal.scripts.Script$Recompilation$44618$3841A$\^function\_.L:1#issueCommand(<function>:124)
	at jdk.nashorn.internal.scripts.Script$Recompilation$44618$3841A$\^function\_.L:1#issueCommand(<function>:124)
	at jdk.nashorn.internal.scripts.Script$Recompilation$44618$3841A$\^function\_.L:1#issueCommand(<function>:124)
	at jdk.nashorn.internal.scripts.Script$Recompilation$44618$3841A$\^function\_.L:1#issueCommand(<function>:124)
	at jdk.nashorn.internal.scripts.Script$Recompilation$44618$3841A$\^function\_.L:1#issueCommand(<function>:124)
	at jdk.nashorn.internal.scripts.Script$Recompilation$44618$3841A$\^function\_.L:1#issueCommand(<function>:124)
	at jdk.nashorn.internal.scripts.Script$Recompilation$44618$3841A$\^function\_.L:1#issueCommand(<function>:124)
	at jdk.nashorn.internal.scripts.Script$Recompilation$44618$3841A$\^function\_.L:1#issueCommand(<function>:124)
	at jdk.nashorn.internal.scripts.Script$Recompilation$44618$3841A$\^function\_.L:1#issueCommand(<function>:124)
	at jdk.nashorn.internal.scripts.Script$Recompilation$44618$3841A$\^function\_.L:1#issueCommand(<function>:124)
	at jdk.nashorn.internal.scripts.Script$Recompilation$44618$3841A$\^function\_.L:1#issueCommand(<function>:124)
	at jdk.nashorn.internal.scripts.Script$Recompilation$44618$3841A$\^function\_.L:1#issueCommand(<function>:124)
	at jdk.nashorn.internal.scripts.Script$Recompilation$44618$3841A$\^function\_.L:1#issueCommand(<function>:124)
	at jdk.nashorn.internal.scripts.Script$Recompilation$44618$3841A$\^function\_.L:1#issueCommand(<function>:124)
 in /home/travis/build/icyphy/ptII/ptolemy/actor/lib/jjs/external/require.js#409:30<eval> at line number 1736 at column number 24
  in .SemanticYelpSensorUpdateExample.SemanticYelpSearch
Because:
Error: commonHost.js, react(), invoking a specific handler for "trigger": Exception occurred in input handler for accessor SemanticYelpSearch, which has now has been removed.  Exception was: java.lang.StackOverflowError Stacktrace was: 
java.lang.StackOverflowError
	at jdk.nashorn.internal.runtime.AccessorProperty.getObjectValue(AccessorProperty.java:417)
	at jdk.nashorn.internal.runtime.FindProperty.getObjectValue(FindProperty.java:229)
	at jdk.nashorn.internal.runtime.ScriptObject.get(ScriptObject.java:2860)
	at jdk.nashorn.internal.runtime.ScriptObject.get(ScriptObject.java:2877)
	at jdk.nashorn.internal.scripts.Script$Recompilation$44872$56054A$require.L:1#get(/home/travis/build/icyphy/ptII/ptolemy/actor/lib/jjs/external/require.js#409:30<eval>:1245)
	at jdk.nashorn.internal.scripts.Script$Recompilation$44618$3841A$\^function\_.L:1#issueCommand(<function>:116)
	at jdk.nashorn.internal.scripts.Script$Recompilation$44618$3841A$\^function\_.L:1#issueCommand(<function>:124)
	at jdk.nashorn.internal.scripts.Script$Recompilation$44618$3841A$\^function\_.L:1#issueCommand(<function>:124)
	at jdk.nashorn.internal.scripts.Script$Recompilation$44618$3841A$\^function\_.L:1#issueCommand(<function>:124)
	at jdk.nashorn.internal.scripts.Script$Recompilation$44618$3841A$\^function\_.L:1#issueCommand(<function>:124)
	at jdk.nashorn.internal.scripts.Script$Recompilation$44618$3841A$\^function\_.L:1#issueCommand(<function>:124)
	at jdk.nashorn.internal.scripts.Script$Recompilation$44618$3841A$\^function\_.L:1#issueCommand(<function>:124)
	at jdk.nashorn.internal.scripts.Script$Recompilation$44618$3841A$\^function\_.L:1#issueCommand(<function>:124)
	at jdk.nashorn.internal.scripts.Script$Recompilation$44618$3841A$\^function\_.L:1#issueCommand(<function>:124)
	at jdk.nashorn.internal.scripts.Script$Recompilation$44618$3841A$\^function\_.L:1#issueCommand(<function>:124)
	at jdk.nashorn.internal.scripts.Script$Recompilation$44618$3841A$\^function\_.L:1#issueCommand(<function>:124)
	at jdk.nashorn.internal.scripts.Script$Recompilation$44618$3841A$\^function\_.L:1#issueCommand(<function>:124)
	at jdk.nashorn.internal.scripts.Script$Recompilation$44618$3841A$\^function\_.L:1#issueCommand(<function>:124)
	at jdk.nashorn.internal.scripts.Script$Recompilation$44618$3841A$\^function\_.L:1#issueCommand(<function>:124)
	at jdk.nashorn.internal.scripts.Script$Recompilation$44618$3841A$\^function\_.L:1#issueCommand(<function>:124)
	at jdk.nashorn.internal.scripts.Script$Recompilation$44618$3841A$\^function\_.L:1#issueCommand(<function>:124)
	at jdk.nashorn.internal.scripts.Script$Recompilation$44618$3841A$\^function\_.L:1#issueCommand(<function>:124)
	at jdk.nashorn.internal.scripts.Script$Recompilation$44618$3841A$\^function\_.L:1#issueCommand(<function>:124)
	at jdk.nashorn.internal.scripts.Script$Recompilation$44618$3841A$\^function\_.L:1#issueCommand(<function>:124)
	at jdk.nashorn.internal.scripts.Script$Recompilation$44618$3841A$\^function\_.L:1#issueCommand(<function>:124)
	at jdk.nashorn.internal.scripts.Script$Recompilation$44618$3841A$\^function\_.L:1#issueCommand(<function>:124)
	at jdk.nashorn.internal.scripts.Script$Recompilation$44618$3841A$\^function\_.L:1#issueCommand(<function>:124)
	at jdk.nashorn.internal.scripts.Script$Recompilation$44618$3841A$\^function\_.L:1#issueCommand(<function>:124)
	at jdk.nashorn.internal.scripts.Script$Recompilation$44618$3841A$\^function\_.L:1#issueCommand(<function>:124)
	at jdk.nashorn.internal.scripts.Script$Recompilation$44618$3841A$\^function\_.L:1#issueCommand(<function>:124)
	at jdk.nashorn.internal.scripts.Script$Recompilation$44618$3841A$\^function\_.L:1#issueCommand(<function>:124)
	at jdk.nashorn.internal.scripts.Script$Recompilation$44618$3841A$\^function\_.L:1#issueCommand(<function>:124)
	at jdk.nashorn.internal.scripts.Script$Recompilation$44618$3841A$\^function\_.L:1#issueCommand(<function>:124)
	at jdk.nashorn.internal.scripts.Script$Recompilation$44618$3841A$\^function\_.L:1#issueCommand(<function>:124)
	at jdk.nashorn.internal.scripts.Script$Recompilation$44618$3841A$\^function\_.L:1#issueCommand(<function>:124)
	at jdk.nashorn.internal.scripts.Script$Recompilation$44618$3841A$\^function\_.L:1#issueCommand(<function>:124)
	at jdk.nashorn.internal.scripts.Script$Recompilation$44618$3841A$\^function\_.L:1#issueCommand(<function>:124)
	at jdk.nashorn.internal.scripts.Script$Recompilation$44618$3841A$\^function\_.L:1#issueCommand(<function>:124)
	at jdk.nashorn.internal.scripts.Script$Recompilation$44618$3841A$\^function\_.L:1#issueCommand(<function>:124)
	at jdk.nashorn.internal.scripts.Script$Recompilation$44618$3841A$\^function\_.L:1#issueCommand(<function>:124)
	at jdk.nashorn.internal.scripts.Script$Recompilation$44618$3841A$\^function\_.L:1#issueCommand(<function>:124)
	at jdk.nashorn.internal.scripts.Script$Recompilation$44618$3841A$\^function\_.L:1#issueCommand(<function>:124)
	at jdk.nashorn.internal.scripts.Script$Recompilation$44618$3841A$\^function\_.L:1#issueCommand(<function>:124)
	at jdk.nashorn.internal.scripts.Script$Recompilation$44618$3841A$\^function\_.L:1#issueCommand(<function>:124)
	at jdk.nashorn.internal.scripts.Script$Recompilation$44618$3841A$\^function\_.L:1#issueCommand(<function>:124)
	at jdk.nashorn.internal.scripts.Script$Recompilation$44618$3841A$\^function\_.L:1#issueCommand(<function>:124)
	at jdk.nashorn.internal.scripts.Script$Recompilation$44618$3841A$\^function\_.L:1#issueCommand(<function>:124)
	at jdk.nashorn.internal.scripts.Script$Recompilation$44618$3841A$\^function\_.L:1#issueCommand(<function>:124)
	at jdk.nashorn.internal.scripts.Script$Recompilation$44618$3841A$\^function\_.L:1#issueCommand(<function>:124)
	at jdk.nashorn.internal.scripts.Script$Recompilation$44618$3841A$\^function\_.L:1#issueCommand(<function>:124)
	at jdk.nashorn.internal.scripts.Script$Recompilation$44618$3841A$\^function\_.L:1#issueCommand(<function>:124)
	at jdk.nashorn.internal.scripts.Script$Recompilation$44618$3841A$\^function\_.L:1#issueCommand(<function>:124)
	at jdk.nashorn.internal.scripts.Script$Recompilation$44618$3841A$\^function\_.L:1#issueCommand(<function>:124)
	at jdk.nashorn.internal.scripts.Script$Recompilation$44618$3841A$\^function\_.L:1#issueCommand(<function>:124)
	at jdk.nashorn.internal.scripts.Script$Recompilation$44618$3841A$\^function\_.L:1#issueCommand(<function>:124)
	at jdk.nashorn.internal.scripts.Script$Recompilation$44618$3841A$\^function\_.L:1#issueCommand(<function>:124)
	at jdk.nashorn.internal.scripts.Script$Recompilation$44618$3841A$\^function\_.L:1#issueCommand(<function>:124)
	at jdk.nashorn.internal.scripts.Script$Recompilation$44618$3841A$\^function\_.L:1#issueCommand(<function>:124)
	at jdk.nashorn.internal.scripts.Script$Recompilation$44618$3841A$\^function\_.L:1#issueCommand(<function>:124)
	at jdk.nashorn.internal.scripts.Script$Recompilation$44618$3841A$\^function\_.L:1#issueCommand(<function>:124)
	at jdk.nashorn.internal.scripts.Script$Recompilation$44618$3841A$\^function\_.L:1#issueCommand(<function>:124)
	at jdk.nashorn.internal.scripts.Script$Recompilation$44618$3841A$\^function\_.L:1#issueCommand(<function>:124)
	at jdk.nashorn.internal.scripts.Script$Recompilation$44618$3841A$\^function\_.L:1#issueCommand(<function>:124)
	at jdk.nashorn.internal.scripts.Script$Recompilation$44618$3841A$\^function\_.L:1#issueCommand(<function>:124)
	at jdk.nashorn.internal.scripts.Script$Recompilation$44618$3841A$\^function\_.L:1#issueCommand(<function>:124)
	at jdk.nashorn.internal.scripts.Script$Recompilation$44618$3841A$\^function\_.L:1#issueCommand(<function>:124)
	at jdk.nashorn.internal.scripts.Script$Recompilation$44618$3841A$\^function\_.L:1#issueCommand(<function>:124)
	at jdk.nashorn.internal.scripts.Script$Recompilation$44618$3841A$\^function\_.L:1#issueCommand(<function>:124)
	at jdk.nashorn.internal.scripts.Script$Recompilation$44618$3841A$\^function\_.L:1#issueCommand(<function>:124)
	at jdk.nashorn.internal.scripts.Script$Recompilation$44618$3841A$\^function\_.L:1#issueCommand(<function>:124)
	at jdk.nashorn.internal.scripts.Script$Recompilation$44618$3841A$\^function\_.L:1#issueCommand(<function>:124)
	at jdk.nashorn.internal.scripts.Script$Recompilation$44618$3841A$\^function\_.L:1#issueCommand(<function>:124)
	at jdk.nashorn.internal.scripts.Script$Recompilation$44618$3841A$\^function\_.L:1#issueCommand(<function>:124)
	at jdk.nashorn.internal.scripts.Script$Recompilation$44618$3841A$\^function\_.L:1#issueCommand(<function>:124)
	at jdk.nashorn.internal.scripts.Script$Recompilation$44618$3841A$\^function\_.L:1#issueCommand(<function>:124)
	at jdk.nashorn.internal.scripts.Script$Recompilation$44618$3841A$\^function\_.L:1#issueCommand(<function>:124)
	at jdk.nashorn.internal.scripts.Script$Recompilation$44618$3841A$\^function\_.L:1#issueCommand(<function>:124)
	at jdk.nashorn.internal.scripts.Script$Recompilation$44618$3841A$\^function\_.L:1#issueCommand(<function>:124)
	at jdk.nashorn.internal.scripts.Script$Recompilation$44618$3841A$\^function\_.L:1#issueCommand(<function>:124)
	at jdk.nashorn.internal.scripts.Script$Recompilation$44618$3841A$\^function\_.L:1#issueCommand(<function>:124)
	at jdk.nashorn.internal.scripts.Script$Recompilation$44618$3841A$\^function\_.L:1#issueCommand(<function>:124)
	at jdk.nashorn.internal.scripts.Script$Recompilation$44618$3841A$\^function\_.L:1#issueCommand(<function>:124)
	at jdk.nashorn.internal.scripts.Script$Recompilation$44618$3841A$\^function\_.L:1#issueCommand(<function>:124)
	at jdk.nashorn.internal.scripts.Script$Recompilation$44618$3841A$\^function\_.L:1#issueCommand(<function>:124)
	at jdk.nashorn.internal.scripts.Script$Recompilation$44618$3841A$\^function\_.L:1#issueCommand(<function>:124)
	at jdk.nashorn.internal.scripts.Script$Recompilation$44618$3841A$\^function\_.L:1#issueCommand(<function>:124)
	at jdk.nashorn.internal.scripts.Script$Recompilation$44618$3841A$\^function\_.L:1#issueCommand(<function>:124)
	at jdk.nashorn.internal.scripts.Script$Recompilation$44618$3841A$\^function\_.L:1#issueCommand(<function>:124)
	at jdk.nashorn.internal.scripts.Script$Recompilation$44618$3841A$\^function\_.L:1#issueCommand(<function>:124)
	at jdk.nashorn.internal.scripts.Script$Recompilation$44618$3841A$\^function\_.L:1#issueCommand(<function>:124)
	at jdk.nashorn.internal.scripts.Script$Recompilation$44618$3841A$\^function\_.L:1#issueCommand(<function>:124)
	at jdk.nashorn.internal.scripts.Script$Recompilation$44618$3841A$\^function\_.L:1#issueCommand(<function>:124)
	at jdk.nashorn.internal.scripts.Script$Recompilation$44618$3841A$\^function\_.L:1#issueCommand(<function>:124)
	at jdk.nashorn.internal.scripts.Script$Recompilation$44618$3841A$\^function\_.L:1#issueCommand(<function>:124)
	at jdk.nashorn.internal.scripts.Script$Recompilation$44618$3841A$\^function\_.L:1#issueCommand(<function>:124)
	at jdk.nashorn.internal.scripts.Script$Recompilation$44618$3841A$\^function\_.L:1#issueCommand(<function>:124)
	at jdk.nashorn.internal.scripts.Script$Recompilation$44618$3841A$\^function\_.L:1#issueCommand(<function>:124)
	at jdk.nashorn.internal.scripts.Script$Recompilation$44618$3841A$\^function\_.L:1#issueCommand(<function>:124)
	at jdk.nashorn.internal.scripts.Script$Recompilation$44618$3841A$\^function\_.L:1#issueCommand(<function>:124)
	at jdk.nashorn.internal.scripts.Script$Recompilation$44618$3841A$\^function\_.L:1#issueCommand(<function>:124)
	at jdk.nashorn.internal.scripts.Script$Recompilation$44618$3841A$\^function\_.L:1#issueCommand(<function>:124)
	at jdk.nashorn.internal.scripts.Script$Recompilation$44618$3841A$\^function\_.L:1#issueCommand(<function>:124)
	at jdk.nashorn.internal.scripts.Script$Recompilation$44618$3841A$\^function\_.L:1#issueCommand(<function>:124)
	at jdk.nashorn.internal.scripts.Script$Recompilation$44618$3841A$\^function\_.L:1#issueCommand(<function>:124)
	at jdk.nashorn.internal.scripts.Script$Recompilation$44618$3841A$\^function\_.L:1#issueCommand(<function>:124)
	at jdk.nashorn.internal.scripts.Script$Recompilation$44618$3841A$\^function\_.L:1#issueCommand(<function>:124)
	at jdk.nashorn.internal.scripts.Script$Recompilation$44618$3841A$\^function\_.L:1#issueCommand(<function>:124)
	at jdk.nashorn.internal.scripts.Script$Recompilation$44618$3841A$\^function\_.L:1#issueCommand(<function>:124)
	at jdk.nashorn.internal.scripts.Script$Recompilation$44618$3841A$\^function\_.L:1#issueCommand(<function>:124)
	at jdk.nashorn.internal.scripts.Script$Recompilation$44618$3841A$\^function\_.L:1#issueCommand(<function>:124)
	at jdk.nashorn.internal.scripts.Script$Recompilation$44618$3841A$\^function\_.L:1#issueCommand(<function>:124)
	at jdk.nashorn.internal.scripts.Script$Recompilation$44618$3841A$\^function\_.L:1#issueCommand(<function>:124)
	at jdk.nashorn.internal.scripts.Script$Recompilation$44618$3841A$\^function\_.L:1#issueCommand(<function>:124)
	at jdk.nashorn.internal.scripts.Script$Recompilation$44618$3841A$\^function\_.L:1#issueCommand(<function>:124)
	at jdk.nashorn.internal.scripts.Script$Recompilation$44618$3841A$\^function\_.L:1#issueCommand(<function>:124)
	at jdk.nashorn.internal.scripts.Script$Recompilation$44618$3841A$\^function\_.L:1#issueCommand(<function>:124)
	at jdk.nashorn.internal.scripts.Script$Recompilation$44618$3841A$\^function\_.L:1#issueCommand(<function>:124)
	at jdk.nashorn.internal.scripts.Script$Recompilation$44618$3841A$\^function\_.L:1#issueCommand(<function>:124)
	at jdk.nashorn.internal.scripts.Script$Recompilation$44618$3841A$\^function\_.L:1#issueCommand(<function>:124)
	at jdk.nashorn.internal.scripts.Script$Recompilation$44618$3841A$\^function\_.L:1#issueCommand(<function>:124)
	at jdk.nashorn.internal.scripts.Script$Recompilation$44618$3841A$\^function\_.L:1#issueCommand(<function>:124)
	at jdk.nashorn.internal.scripts.Script$Recompilation$44618$3841A$\^function\_.L:1#issueCommand(<function>:124)
	at jdk.nashorn.internal.scripts.Script$Recompilation$44618$3841A$\^function\_.L:1#issueCommand(<function>:124)
	at jdk.nashorn.internal.scripts.Script$Recompilation$44618$3841A$\^function\_.L:1#issueCommand(<function>:124)
	at jdk.nashorn.internal.scripts.Script$Recompilation$44618$3841A$\^function\_.L:1#issueCommand(<function>:124)
	at jdk.nashorn.internal.scripts.Script$Recompilation$44618$3841A$\^function\_.L:1#issueCommand(<function>:124)
	at jdk.nashorn.internal.scripts.Script$Recompilation$44618$3841A$\^function\_.L:1#issueCommand(<function>:124)
	at jdk.nashorn.internal.scripts.Script$Recompilation$44618$3841A$\^function\_.L:1#issueCommand(<function>:124)
	at jdk.nashorn.internal.scripts.Script$Recompilation$44618$3841A$\^function\_.L:1#issueCommand(<function>:124)
	at jdk.nashorn.internal.scripts.Script$Recompilation$44618$3841A$\^function\_.L:1#issueCommand(<function>:124)
	at jdk.nashorn.internal.scripts.Script$Recompilation$44618$3841A$\^function\_.L:1#issueCommand(<function>:124)
	at jdk.nashorn.internal.scripts.Script$Recompilation$44618$3841A$\^function\_.L:1#issueCommand(<function>:124)
	at jdk.nashorn.internal.scripts.Script$Recompilation$44618$3841A$\^function\_.L:1#issueCommand(<function>:124)
	at jdk.nashorn.internal.scripts.Script$Recompilation$44618$3841A$\^function\_.L:1#issueCommand(<function>:124)
	at jdk.nashorn.internal.scripts.Script$Recompilation$44618$3841A$\^function\_.L:1#issueCommand(<function>:124)
	at jdk.nashorn.internal.scripts.Script$Recompilation$44618$3841A$\^function\_.L:1#issueCommand(<function>:124)
	at jdk.nashorn.internal.scripts.Script$Recompilation$44618$3841A$\^function\_.L:1#issueCommand(<function>:124)
	at jdk.nashorn.internal.scripts.Script$Recompilation$44618$3841A$\^function\_.L:1#issueCommand(<function>:124)
	at jdk.nashorn.internal.scripts.Script$Recompilation$44618$3841A$\^function\_.L:1#issueCommand(<function>:124)
	at jdk.nashorn.internal.scripts.Script$Recompilation$44618$3841A$\^function\_.L:1#issueCommand(<function>:124)
	at jdk.nashorn.internal.scripts.Script$Recompilation$44618$3841A$\^function\_.L:1#issueCommand(<function>:124)
	at jdk.nashorn.internal.scripts.Script$Recompilation$44618$3841A$\^function\_.L:1#issueCommand(<function>:124)
	at jdk.nashorn.internal.scripts.Script$Recompilation$44618$3841A$\^function\_.L:1#issueCommand(<function>:124)
	at jdk.nashorn.internal.scripts.Script$Recompilation$44618$3841A$\^function\_.L:1#issueCommand(<function>:124)
	at jdk.nashorn.internal.scripts.Script$Recompilation$44618$3841A$\^function\_.L:1#issueCommand(<function>:124)
	at jdk.nashorn.internal.scripts.Script$Recompilation$44618$3841A$\^function\_.L:1#issueCommand(<function>:124)
	at jdk.nashorn.internal.scripts.Script$Recompilation$44618$3841A$\^function\_.L:1#issueCommand(<function>:124)
	at jdk.nashorn.internal.scripts.Script$Recompilation$44618$3841A$\^function\_.L:1#issueCommand(<function>:124)
	at jdk.nashorn.internal.scripts.Script$Recompilation$44618$3841A$\^function\_.L:1#issueCommand(<function>:124)
	at jdk.nashorn.internal.scripts.Script$Recompilation$44618$3841A$\^function\_.L:1#issueCommand(<function>:124)
	at jdk.nashorn.internal.scripts.Script$Recompilation$44618$3841A$\^function\_.L:1#issueCommand(<function>:124)
	at jdk.nashorn.internal.scripts.Script$Recompilation$44618$3841A$\^function\_.L:1#issueCommand(<function>:124)
	at jdk.nashorn.internal.scripts.Script$Recompilation$44618$3841A$\^function\_.L:1#issueCommand(<function>:124)
	at jdk.nashorn.internal.scripts.Script$Recompilation$44618$3841A$\^function\_.L:1#issueCommand(<function>:124)
	at jdk.nashorn.internal.scripts.Script$Recompilation$44618$3841A$\^function\_.L:1#issueCommand(<function>:124)
	at jdk.nashorn.internal.scripts.Script$Recompilation$44618$3841A$\^function\_.L:1#issueCommand(<function>:124)
	at jdk.nashorn.internal.scripts.Script$Recompilation$44618$3841A$\^function\_.L:1#issueCommand(<function>:124)
	at jdk.nashorn.internal.scripts.Script$Recompilation$44618$3841A$\^function\_.L:1#issueCommand(<function>:124)
	at jdk.nashorn.internal.scripts.Script$Recompilation$44618$3841A$\^function\_.L:1#issueCommand(<function>:124)
	at jdk.nashorn.internal.scripts.Script$Recompilation$44618$3841A$\^function\_.L:1#issueCommand(<function>:124)
	at jdk.nashorn.internal.scripts.Script$Recompilation$44618$3841A$\^function\_.L:1#issueCommand(<function>:124)
	at jdk.nashorn.internal.scripts.Script$Recompilation$44618$3841A$\^function\_.L:1#issueCommand(<function>:124)
	at jdk.nashorn.internal.scripts.Script$Recompilation$44618$3841A$\^function\_.L:1#issueCommand(<function>:124)
	at jdk.nashorn.internal.scripts.Script$Recompilation$44618$3841A$\^function\_.L:1#issueCommand(<function>:124)
	at jdk.nashorn.internal.scripts.Script$Recompilation$44618$3841A$\^function\_.L:1#issueCommand(<function>:124)
	at jdk.nashorn.internal.scripts.Script$Recompilation$44618$3841A$\^function\_.L:1#issueCommand(<function>:124)
	at jdk.nashorn.internal.scripts.Script$Recompilation$44618$3841A$\^function\_.L:1#issueCommand(<function>:124)
	at jdk.nashorn.internal.scripts.Script$Recompilation$44618$3841A$\^function\_.L:1#issueCommand(<function>:124)
	at jdk.nashorn.internal.scripts.Script$Recompilation$44618$3841A$\^function\_.L:1#issueCommand(<function>:124)
	at jdk.nashorn.internal.scripts.Script$Recompilation$44618$3841A$\^function\_.L:1#issueCommand(<function>:124)
	at jdk.nashorn.internal.scripts.Script$Recompilation$44618$3841A$\^function\_.L:1#issueCommand(<function>:124)
	at jdk.nashorn.internal.scripts.Script$Recompilation$44618$3841A$\^function\_.L:1#issueCommand(<function>:124)
	at jdk.nashorn.internal.scripts.Script$Recompilation$44618$3841A$\^function\_.L:1#issueCommand(<function>:124)
	at jdk.nashorn.internal.scripts.Script$Recompilation$44618$3841A$\^function\_.L:1#issueCommand(<function>:124)
	at jdk.nashorn.internal.scripts.Script$Recompilation$44618$3841A$\^function\_.L:1#issueCommand(<function>:124)
	at jdk.nashorn.internal.scripts.Script$Recompilation$44618$3841A$\^function\_.L:1#issueCommand(<function>:124)
	at jdk.nashorn.internal.scripts.Script$Recompilation$44618$3841A$\^function\_.L:1#issueCommand(<function>:124)
	at jdk.nashorn.internal.scripts.Script$Recompilation$44618$3841A$\^function\_.L:1#issueCommand(<function>:124)
	at jdk.nashorn.internal.scripts.Script$Recompilation$44618$3841A$\^function\_.L:1#issueCommand(<function>:124)
	at jdk.nashorn.internal.scripts.Script$Recompilation$44618$3841A$\^function\_.L:1#issueCommand(<function>:124)
	at jdk.nashorn.internal.scripts.Script$Recompilation$44618$3841A$\^function\_.L:1#issueCommand(<function>:124)
	at jdk.nashorn.internal.scripts.Script$Recompilation$44618$3841A$\^function\_.L:1#issueCommand(<function>:124)
	at jdk.nashorn.internal.scripts.Script$Recompilation$44618$3841A$\^function\_.L:1#issueCommand(<function>:124)
	at jdk.nashorn.internal.scripts.Script$Recompilation$44618$3841A$\^function\_.L:1#issueCommand(<function>:124)
	at jdk.nashorn.internal.scripts.Script$Recompilation$44618$3841A$\^function\_.L:1#issueCommand(<function>:124)
	at jdk.nashorn.internal.scripts.Script$Recompilation$44618$3841A$\^function\_.L:1#issueCommand(<function>:124)
	at jdk.nashorn.internal.scripts.Script$Recompilation$44618$3841A$\^function\_.L:1#issueCommand(<function>:124)
	at jdk.nashorn.internal.scripts.Script$Recompilation$44618$3841A$\^function\_.L:1#issueCommand(<function>:124)
	at jdk.nashorn.internal.scripts.Script$Recompilation$44618$3841A$\^function\_.L:1#issueCommand(<function>:124)
	at jdk.nashorn.internal.scripts.Script$Recompilation$44618$3841A$\^function\_.L:1#issueCommand(<function>:124)
	at jdk.nashorn.internal.scripts.Script$Recompilation$44618$3841A$\^function\_.L:1#issueCommand(<function>:124)
	at jdk.nashorn.internal.scripts.Script$Recompilation$44618$3841A$\^function\_.L:1#issueCommand(<function>:124)
	at jdk.nashorn.internal.scripts.Script$Recompilation$44618$3841A$\^function\_.L:1#issueCommand(<function>:124)
	at jdk.nashorn.internal.scripts.Script$Recompilation$44618$3841A$\^function\_.L:1#issueCommand(<function>:124)
	at jdk.nashorn.internal.scripts.Script$Recompilation$44618$3841A$\^function\_.L:1#issueCommand(<function>:124)
	at jdk.nashorn.internal.scripts.Script$Recompilation$44618$3841A$\^function\_.L:1#issueCommand(<function>:124)
	at jdk.nashorn.internal.scripts.Script$Recompilation$44618$3841A$\^function\_.L:1#issueCommand(<function>:124)
	at jdk.nashorn.internal.scripts.Script$Recompilation$44618$3841A$\^function\_.L:1#issueCommand(<function>:124)
	at jdk.nashorn.internal.scripts.Script$Recompilation$44618$3841A$\^function\_.L:1#issueCommand(<function>:124)
	at jdk.nashorn.internal.scripts.Script$Recompilation$44618$3841A$\^function\_.L:1#issueCommand(<function>:124)
	at jdk.nashorn.internal.scripts.Script$Recompilation$44618$3841A$\^function\_.L:1#issueCommand(<function>:124)
	at jdk.nashorn.internal.scripts.Script$Recompilation$44618$3841A$\^function\_.L:1#issueCommand(<function>:124)
	at jdk.nashorn.internal.scripts.Script$Recompilation$44618$3841A$\^function\_.L:1#issueCommand(<function>:124)
	at jdk.nashorn.internal.scripts.Script$Recompilation$44618$3841A$\^function\_.L:1#issueCommand(<function>:124)
	at jdk.nashorn.internal.scripts.Script$Recompilation$44618$3841A$\^function\_.L:1#issueCommand(<function>:124)
	at jdk.nashorn.internal.scripts.Script$Recompilation$44618$3841A$\^function\_.L:1#issueCommand(<function>:124)
	at jdk.nashorn.internal.scripts.Script$Recompilation$44618$3841A$\^function\_.L:1#issueCommand(<function>:124)
	at jdk.nashorn.internal.scripts.Script$Recompilation$44618$3841A$\^function\_.L:1#issueCommand(<function>:124)
	at jdk.nashorn.internal.scripts.Script$Recompilation$44618$3841A$\^function\_.L:1#issueCommand(<function>:124)
	at jdk.nashorn.internal.scripts.Script$Recompilation$44618$3841A$\^function\_.L:1#issueCommand(<function>:124)
	at jdk.nashorn.internal.scripts.Script$Recompilation$44618$3841A$\^function\_.L:1#issueCommand(<function>:124)
	at jdk.nashorn.internal.scripts.Script$Recompilation$44618$3841A$\^function\_.L:1#issueCommand(<function>:124)
	at jdk.nashorn.internal.scripts.Script$Recompilation$44618$3841A$\^function\_.L:1#issueCommand(<function>:124)
	at jdk.nashorn.internal.scripts.Script$Recompilation$44618$3841A$\^function\_.L:1#issueCommand(<function>:124)
	at jdk.nashorn.internal.scripts.Script$Recompilation$44618$3841A$\^function\_.L:1#issueCommand(<function>:124)
	at jdk.nashorn.internal.scripts.Script$Recompilation$44618$3841A$\^function\_.L:1#issueCommand(<function>:124)
	at jdk.nashorn.internal.scripts.Script$Recompilation$44618$3841A$\^function\_.L:1#issueCommand(<function>:124)
	at jdk.nashorn.internal.scripts.Script$Recompilation$44618$3841A$\^function\_.L:1#issueCommand(<function>:124)
	at jdk.nashorn.internal.scripts.Script$Recompilation$44618$3841A$\^function\_.L:1#issueCommand(<function>:124)
	at jdk.nashorn.internal.scripts.Script$Recompilation$44618$3841A$\^function\_.L:1#issueCommand(<function>:124)
	at jdk.nashorn.internal.scripts.Script$Recompilation$44618$3841A$\^function\_.L:1#issueCommand(<function>:124)
	at jdk.nashorn.internal.scripts.Script$Recompilation$44618$3841A$\^function\_.L:1#issueCommand(<function>:124)
	at jdk.nashorn.internal.scripts.Script$Recompilation$44618$3841A$\^function\_.L:1#issueCommand(<function>:124)
	at jdk.nashorn.internal.scripts.Script$Recompilation$44618$3841A$\^function\_.L:1#issueCommand(<function>:124)
	at jdk.nashorn.internal.scripts.Script$Recompilation$44618$3841A$\^function\_.L:1#issueCommand(<function>:124)
	at jdk.nashorn.internal.scripts.Script$Recompilation$44618$3841A$\^function\_.L:1#issueCommand(<function>:124)
	at jdk.nashorn.internal.scripts.Script$Recompilation$44618$3841A$\^function\_.L:1#issueCommand(<function>:124)
	at jdk.nashorn.internal.scripts.Script$Recompilation$44618$3841A$\^function\_.L:1#issueCommand(<function>:124)
	at jdk.nashorn.internal.scripts.Script$Recompilation$44618$3841A$\^function\_.L:1#issueCommand(<function>:124)
	at jdk.nashorn.internal.scripts.Script$Recompilation$44618$3841A$\^function\_.L:1#issueCommand(<function>:124)
	at jdk.nashorn.internal.scripts.Script$Recompilation$44618$3841A$\^function\_.L:1#issueCommand(<function>:124)
	at jdk.nashorn.internal.scripts.Script$Recompilation$44618$3841A$\^function\_.L:1#issueCommand(<function>:124)
	at jdk.nashorn.internal.scripts.Script$Recompilation$44618$3841A$\^function\_.L:1#issueCommand(<function>:124)
	at jdk.nashorn.internal.scripts.Script$Recompilation$44618$3841A$\^function\_.L:1#issueCommand(<function>:124)
	at jdk.nashorn.internal.scripts.Script$Recompilation$44618$3841A$\^function\_.L:1#issueCommand(<function>:124)
	at jdk.nashorn.internal.scripts.Script$Recompilation$44618$3841A$\^function\_.L:1#issueCommand(<function>:124)
	at jdk.nashorn.internal.scripts.Script$Recompilation$44618$3841A$\^function\_.L:1#issueCommand(<function>:124)
	at jdk.nashorn.internal.scripts.Script$Recompilation$44618$3841A$\^function\_.L:1#issueCommand(<function>:124)
	at jdk.nashorn.internal.scripts.Script$Recompilation$44618$3841A$\^function\_.L:1#issueCommand(<function>:124)
	at jdk.nashorn.internal.scripts.Script$Recompilation$44618$3841A$\^function\_.L:1#issueCommand(<function>:124)
	at jdk.nashorn.internal.scripts.Script$Recompilation$44618$3841A$\^function\_.L:1#issueCommand(<function>:124)
	at jdk.nashorn.internal.scripts.Script$Recompilation$44618$3841A$\^function\_.L:1#issueCommand(<function>:124)
	at jdk.nashorn.internal.scripts.Script$Recompilation$44618$3841A$\^function\_.L:1#issueCommand(<function>:124)
	at jdk.nashorn.internal.scripts.Script$Recompilation$44618$3841A$\^function\_.L:1#issueCommand(<function>:124)
	at jdk.nashorn.internal.scripts.Script$Recompilation$44618$3841A$\^function\_.L:1#issueCommand(<function>:124)
	at jdk.nashorn.internal.scripts.Script$Recompilation$44618$3841A$\^function\_.L:1#issueCommand(<function>:124)
	at jdk.nashorn.internal.scripts.Script$Recompilation$44618$3841A$\^function\_.L:1#issueCommand(<function>:124)
	at jdk.nashorn.internal.scripts.Script$Recompilation$44618$3841A$\^function\_.L:1#issueCommand(<function>:124)
	at jdk.nashorn.internal.scripts.Script$Recompilation$44618$3841A$\^function\_.L:1#issueCommand(<function>:124)
	at jdk.nashorn.internal.scripts.Script$Recompilation$44618$3841A$\^function\_.L:1#issueCommand(<function>:124)
	at jdk.nashorn.internal.scripts.Script$Recompilation$44618$3841A$\^function\_.L:1#issueCommand(<function>:124)
	at jdk.nashorn.internal.scripts.Script$Recompilation$44618$3841A$\^function\_.L:1#issueCommand(<function>:124)
	at jdk.nashorn.internal.scripts.Script$Recompilation$44618$3841A$\^function\_.L:1#issueCommand(<function>:124)
	at jdk.nashorn.internal.scripts.Script$Recompilation$44618$3841A$\^function\_.L:1#issueCommand(<function>:124)
	at jdk.nashorn.internal.scripts.Script$Recompilation$44618$3841A$\^function\_.L:1#issueCommand(<function>:124)
	at jdk.nashorn.internal.scripts.Script$Recompilation$44618$3841A$\^function\_.L:1#issueCommand(<function>:124)
	at jdk.nashorn.internal.scripts.Script$Recompilation$44618$3841A$\^function\_.L:1#issueCommand(<function>:124)
	at jdk.nashorn.internal.scripts.Script$Recompilation$44618$3841A$\^function\_.L:1#issueCommand(<function>:124)
	at jdk.nashorn.internal.scripts.Script$Recompilation$44618$3841A$\^function\_.L:1#issueCommand(<function>:124)
	at jdk.nashorn.internal.scripts.Script$Recompilation$44618$3841A$\^function\_.L:1#issueCommand(<function>:124)
	at jdk.nashorn.internal.scripts.Script$Recompilation$44618$3841A$\^function\_.L:1#issueCommand(<function>:124)
	at jdk.nashorn.internal.scripts.Script$Recompilation$44618$3841A$\^function\_.L:1#issueCommand(<function>:124)
	at jdk.nashorn.internal.scripts.Script$Recompilation$44618$3841A$\^function\_.L:1#issueCommand(<function>:124)
	at jdk.nashorn.internal.scripts.Script$Recompilation$44618$3841A$\^function\_.L:1#issueCommand(<function>:124)
	at jdk.nashorn.internal.scripts.Script$Recompilation$44618$3841A$\^function\_.L:1#issueCommand(<function>:124)
	at jdk.nashorn.internal.scripts.Script$Recompilation$44618$3841A$\^function\_.L:1#issueCommand(<function>:124)
	at jdk.nashorn.internal.scripts.Script$Recompilation$44618$3841A$\^function\_.L:1#issueCommand(<function>:124)
	at jdk.nashorn.internal.scripts.Script$Recompilation$44618$3841A$\^function\_.L:1#issueCommand(<function>:124)
	at jdk.nashorn.internal.scripts.Script$Recompilation$44618$3841A$\^function\_.L:1#issueCommand(<function>:124)
	at jdk.nashorn.internal.scripts.Script$Recompilation$44618$3841A$\^function\_.L:1#issueCommand(<function>:124)
	at jdk.nashorn.internal.scripts.Script$Recompilation$44618$3841A$\^function\_.L:1#issueCommand(<function>:124)
	at jdk.nashorn.internal.scripts.Script$Recompilation$44618$3841A$\^function\_.L:1#issueCommand(<function>:124)
	at jdk.nashorn.internal.scripts.Script$Recompilation$44618$3841A$\^function\_.L:1#issueCommand(<function>:124)
	at jdk.nashorn.internal.scripts.Script$Recompilation$44618$3841A$\^function\_.L:1#issueCommand(<function>:124)
	at jdk.nashorn.internal.scripts.Script$Recompilation$44618$3841A$\^function\_.L:1#issueCommand(<function>:124)
	at jdk.nashorn.internal.scripts.Script$Recompilation$44618$3841A$\^function\_.L:1#issueCommand(<function>:124)
	at jdk.nashorn.internal.scripts.Script$Recompilation$44618$3841A$\^function\_.L:1#issueCommand(<function>:124)
	at jdk.nashorn.internal.scripts.Script$Recompilation$44618$3841A$\^function\_.L:1#issueCommand(<function>:124)
	at jdk.nashorn.internal.scripts.Script$Recompilation$44618$3841A$\^function\_.L:1#issueCommand(<function>:124)
	at jdk.nashorn.internal.scripts.Script$Recompilation$44618$3841A$\^function\_.L:1#issueCommand(<function>:124)
	at jdk.nashorn.internal.scripts.Script$Recompilation$44618$3841A$\^function\_.L:1#issueCommand(<function>:124)
	at jdk.nashorn.internal.scripts.Script$Recompilation$44618$3841A$\^function\_.L:1#issueCommand(<function>:124)
	at jdk.nashorn.internal.scripts.Script$Recompilation$44618$3841A$\^function\_.L:1#issueCommand(<function>:124)
	at jdk.nashorn.internal.scripts.Script$Recompilation$44618$3841A$\^function\_.L:1#issueCommand(<function>:124)
	at jdk.nashorn.internal.scripts.Script$Recompilation$44618$3841A$\^function\_.L:1#issueCommand(<function>:124)
	at jdk.nashorn.internal.scripts.Script$Recompilation$44618$3841A$\^function\_.L:1#issueCommand(<function>:124)
	at jdk.nashorn.internal.scripts.Script$Recompilation$44618$3841A$\^function\_.L:1#issueCommand(<function>:124)
	at jdk.nashorn.internal.scripts.Script$Recompilation$44618$3841A$\^function\_.L:1#issueCommand(<function>:124)
	at jdk.nashorn.internal.scripts.Script$Recompilation$44618$3841A$\^function\_.L:1#issueCommand(<function>:124)
	at jdk.nashorn.internal.scripts.Script$Recompilation$44618$3841A$\^function\_.L:1#issueCommand(<function>:124)
	at jdk.nashorn.internal.scripts.Script$Recompilation$44618$3841A$\^function\_.L:1#issueCommand(<function>:124)
	at jdk.nashorn.internal.scripts.Script$Recompilation$44618$3841A$\^function\_.L:1#issueCommand(<function>:124)
	at jdk.nashorn.internal.scripts.Script$Recompilation$44618$3841A$\^function\_.L:1#issueCommand(<function>:124)
	at jdk.nashorn.internal.scripts.Script$Recompilation$44618$3841A$\^function\_.L:1#issueCommand(<function>:124)
	at jdk.nashorn.internal.scripts.Script$Recompilation$44618$3841A$\^function\_.L:1#issueCommand(<function>:124)
	at jdk.nashorn.internal.scripts.Script$Recompilation$44618$3841A$\^function\_.L:1#issueCommand(<function>:124)
	at jdk.nashorn.internal.scripts.Script$Recompilation$44618$3841A$\^function\_.L:1#issueCommand(<function>:124)
	at jdk.nashorn.internal.scripts.Script$Recompilation$44618$3841A$\^function\_.L:1#issueCommand(<function>:124)
	at jdk.nashorn.internal.scripts.Script$Recompilation$44618$3841A$\^function\_.L:1#issueCommand(<function>:124)
	at jdk.nashorn.internal.scripts.Script$Recompilation$44618$3841A$\^function\_.L:1#issueCommand(<function>:124)
	at jdk.nashorn.internal.scripts.Script$Recompilation$44618$3841A$\^function\_.L:1#issueCommand(<function>:124)
	at jdk.nashorn.internal.scripts.Script$Recompilation$44618$3841A$\^function\_.L:1#issueCommand(<function>:124)
	at jdk.nashorn.internal.scripts.Script$Recompilation$44618$3841A$\^function\_.L:1#issueCommand(<function>:124)
	at jdk.nashorn.internal.scripts.Script$Recompilation$44618$3841A$\^function\_.L:1#issueCommand(<function>:124)
	at jdk.nashorn.internal.scripts.Script$Recompilation$44618$3841A$\^function\_.L:1#issueCommand(<function>:124)
	at jdk.nashorn.internal.scripts.Script$Recompilation$44618$3841A$\^function\_.L:1#issueCommand(<function>:124)
	at jdk.nashorn.internal.scripts.Script$Recompilation$44618$3841A$\^function\_.L:1#issueCommand(<function>:124)
	at jdk.nashorn.internal.scripts.Script$Recompilation$44618$3841A$\^function\_.L:1#issueCommand(<function>:124)
	at jdk.nashorn.internal.scripts.Script$Recompilation$44618$3841A$\^function\_.L:1#issueCommand(<function>:124)
	at jdk.nashorn.internal.scripts.Script$Recompilation$44618$3841A$\^function\_.L:1#issueCommand(<function>:124)
	at jdk.nashorn.internal.scripts.Script$Recompilation$44618$3841A$\^function\_.L:1#issueCommand(<function>:124)
	at jdk.nashorn.internal.scripts.Script$Recompilation$44618$3841A$\^function\_.L:1#issueCommand(<function>:124)
	at jdk.nashorn.internal.scripts.Script$Recompilation$44618$3841A$\^function\_.L:1#issueCommand(<function>:124)
	at jdk.nashorn.internal.scripts.Script$Recompilation$44618$3841A$\^function\_.L:1#issueCommand(<function>:124)
	at jdk.nashorn.internal.scripts.Script$Recompilation$44618$3841A$\^function\_.L:1#issueCommand(<function>:124)
	at jdk.nashorn.internal.scripts.Script$Recompilation$44618$3841A$\^function\_.L:1#issueCommand(<function>:124)
	at jdk.nashorn.internal.scripts.Script$Recompilation$44618$3841A$\^function\_.L:1#issueCommand(<function>:124)
	at jdk.nashorn.internal.scripts.Script$Recompilation$44618$3841A$\^function\_.L:1#issueCommand(<function>:124)
	at jdk.nashorn.internal.scripts.Script$Recompilation$44618$3841A$\^function\_.L:1#issueCommand(<function>:124)
	at jdk.nashorn.internal.scripts.Script$Recompilation$44618$3841A$\^function\_.L:1#issueCommand(<function>:124)
	at jdk.nashorn.internal.scripts.Script$Recompilation$44618$3841A$\^function\_.L:1#issueCommand(<function>:124)
	at jdk.nashorn.internal.scripts.Script$Recompilation$44618$3841A$\^function\_.L:1#issueCommand(<function>:124)
	at jdk.nashorn.internal.scripts.Script$Recompilation$44618$3841A$\^function\_.L:1#issueCommand(<function>:124)
	at jdk.nashorn.internal.scripts.Script$Recompilation$44618$3841A$\^function\_.L:1#issueCommand(<function>:124)
	at jdk.nashorn.internal.scripts.Script$Recompilation$44618$3841A$\^function\_.L:1#issueCommand(<function>:124)
	at jdk.nashorn.internal.scripts.Script$Recompilation$44618$3841A$\^function\_.L:1#issueCommand(<function>:124)
	at jdk.nashorn.internal.scripts.Script$Recompilation$44618$3841A$\^function\_.L:1#issueCommand(<function>:124)
	at jdk.nashorn.internal.scripts.Script$Recompilation$44618$3841A$\^function\_.L:1#issueCommand(<function>:124)
	at jdk.nashorn.internal.scripts.Script$Recompilation$44618$3841A$\^function\_.L:1#issueCommand(<function>:124)
	at jdk.nashorn.internal.scripts.Script$Recompilation$44618$3841A$\^function\_.L:1#issueCommand(<function>:124)
	at jdk.nashorn.internal.scripts.Script$Recompilation$44618$3841A$\^function\_.L:1#issueCommand(<function>:124)
	at jdk.nashorn.internal.scripts.Script$Recompilation$44618$3841A$\^function\_.L:1#issueCommand(<function>:124)
	at jdk.nashorn.internal.scripts.Script$Recompilation$44618$3841A$\^function\_.L:1#issueCommand(<function>:124)
	at jdk.nashorn.internal.scripts.Script$Recompilation$44618$3841A$\^function\_.L:1#issueCommand(<function>:124)
	at jdk.nashorn.internal.scripts.Script$Recompilation$44618$3841A$\^function\_.L:1#issueCommand(<function>:124)
	at jdk.nashorn.internal.scripts.Script$Recompilation$44618$3841A$\^function\_.L:1#issueCommand(<function>:124)
	at jdk.nashorn.internal.scripts.Script$Recompilation$44618$3841A$\^function\_.L:1#issueCommand(<function>:124)
	at jdk.nashorn.internal.scripts.Script$Recompilation$44618$3841A$\^function\_.L:1#issueCommand(<function>:124)
	at jdk.nashorn.internal.scripts.Script$Recompilation$44618$3841A$\^function\_.L:1#issueCommand(<function>:124)
	at jdk.nashorn.internal.scripts.Script$Recompilation$44618$3841A$\^function\_.L:1#issueCommand(<function>:124)
	at jdk.nashorn.internal.scripts.Script$Recompilation$44618$3841A$\^function\_.L:1#issueCommand(<function>:124)
	at jdk.nashorn.internal.scripts.Script$Recompilation$44618$3841A$\^function\_.L:1#issueCommand(<function>:124)
	at jdk.nashorn.internal.scripts.Script$Recompilation$44618$3841A$\^function\_.L:1#issueCommand(<function>:124)
	at jdk.nashorn.internal.scripts.Script$Recompilation$44618$3841A$\^function\_.L:1#issueCommand(<function>:124)
	at jdk.nashorn.internal.scripts.Script$Recompilation$44618$3841A$\^function\_.L:1#issueCommand(<function>:124)
	at jdk.nashorn.internal.scripts.Script$Recompilation$44618$3841A$\^function\_.L:1#issueCommand(<function>:124)
	at jdk.nashorn.internal.scripts.Script$Recompilation$44618$3841A$\^function\_.L:1#issueCommand(<function>:124)
	at jdk.nashorn.internal.scripts.Script$Recompilation$44618$3841A$\^function\_.L:1#issueCommand(<function>:124)
	at jdk.nashorn.internal.scripts.Script$Recompilation$44618$3841A$\^function\_.L:1#issueCommand(<function>:124)
	at jdk.nashorn.internal.scripts.Script$Recompilation$44618$3841A$\^function\_.L:1#issueCommand(<function>:124)
	at jdk.nashorn.internal.scripts.Script$Recompilation$44618$3841A$\^function\_.L:1#issueCommand(<function>:124)
	at jdk.nashorn.internal.scripts.Script$Recompilation$44618$3841A$\^function\_.L:1#issueCommand(<function>:124)
	at jdk.nashorn.internal.scripts.Script$Recompilation$44618$3841A$\^function\_.L:1#issueCommand(<function>:124)
	at jdk.nashorn.internal.scripts.Script$Recompilation$44618$3841A$\^function\_.L:1#issueCommand(<function>:124)
	at jdk.nashorn.internal.scripts.Script$Recompilation$44618$3841A$\^function\_.L:1#issueCommand(<function>:124)
	at jdk.nashorn.internal.scripts.Script$Recompilation$44618$3841A$\^function\_.L:1#issueCommand(<function>:124)
	at jdk.nashorn.internal.scripts.Script$Recompilation$44618$3841A$\^function\_.L:1#issueCommand(<function>:124)
	at jdk.nashorn.internal.scripts.Script$Recompilation$44618$3841A$\^function\_.L:1#issueCommand(<function>:124)
	at jdk.nashorn.internal.scripts.Script$Recompilation$44618$3841A$\^function\_.L:1#issueCommand(<function>:124)
	at jdk.nashorn.internal.scripts.Script$Recompilation$44618$3841A$\^function\_.L:1#issueCommand(<function>:124)
	at jdk.nashorn.internal.scripts.Script$Recompilation$44618$3841A$\^function\_.L:1#issueCommand(<function>:124)
	at jdk.nashorn.internal.scripts.Script$Recompilation$44618$3841A$\^function\_.L:1#issueCommand(<function>:124)
	at jdk.nashorn.internal.scripts.Script$Recompilation$44618$3841A$\^function\_.L:1#issueCommand(<function>:124)
	at jdk.nashorn.internal.scripts.Script$Recompilation$44618$3841A$\^function\_.L:1#issueCommand(<function>:124)
	at jdk.nashorn.internal.scripts.Script$Recompilation$44618$3841A$\^function\_.L:1#issueCommand(<function>:124)
	at jdk.nashorn.internal.scripts.Script$Recompilation$44618$3841A$\^function\_.L:1#issueCommand(<function>:124)
	at jdk.nashorn.internal.scripts.Script$Recompilation$44618$3841A$\^function\_.L:1#issueCommand(<function>:124)
	at jdk.nashorn.internal.scripts.Script$Recompilation$44618$3841A$\^function\_.L:1#issueCommand(<function>:124)
	at jdk.nashorn.internal.scripts.Script$Recompilation$44618$3841A$\^function\_.L:1#issueCommand(<function>:124)
	at jdk.nashorn.internal.scripts.Script$Recompilation$44618$3841A$\^function\_.L:1#issueCommand(<function>:124)
	at jdk.nashorn.internal.scripts.Script$Recompilation$44618$3841A$\^function\_.L:1#issueCommand(<function>:124)
	at jdk.nashorn.internal.scripts.Script$Recompilation$44618$3841A$\^function\_.L:1#issueCommand(<function>:124)
	at jdk.nashorn.internal.scripts.Script$Recompilation$44618$3841A$\^function\_.L:1#issueCommand(<function>:124)
	at jdk.nashorn.internal.scripts.Script$Recompilation$44618$3841A$\^function\_.L:1#issueCommand(<function>:124)
	at jdk.nashorn.internal.scripts.Script$Recompilation$44618$3841A$\^function\_.L:1#issueCommand(<function>:124)
	at jdk.nashorn.internal.scripts.Script$Recompilation$44618$3841A$\^function\_.L:1#issueCommand(<function>:124)
	at jdk.nashorn.internal.scripts.Script$Recompilation$44618$3841A$\^function\_.L:1#issueCommand(<function>:124)
	at jdk.nashorn.internal.scripts.Script$Recompilation$44618$3841A$\^function\_.L:1#issueCommand(<function>:124)
	at jdk.nashorn.internal.scripts.Script$Recompilation$44618$3841A$\^function\_.L:1#issueCommand(<function>:124)
	at jdk.nashorn.internal.scripts.Script$Recompilation$44618$3841A$\^function\_.L:1#issueCommand(<function>:124)
	at jdk.nashorn.internal.scripts.Script$Recompilation$44618$3841A$\^function\_.L:1#issueCommand(<function>:124)
	at jdk.nashorn.internal.scripts.Script$Recompilation$44618$3841A$\^function\_.L:1#issueCommand(<function>:124)
	at jdk.nashorn.internal.scripts.Script$Recompilation$44618$3841A$\^function\_.L:1#issueCommand(<function>:124)
	at jdk.nashorn.internal.scripts.Script$Recompilation$44618$3841A$\^function\_.L:1#issueCommand(<function>:124)
	at jdk.nashorn.internal.scripts.Script$Recompilation$44618$3841A$\^function\_.L:1#issueCommand(<function>:124)
	at jdk.nashorn.internal.scripts.Script$Recompilation$44618$3841A$\^function\_.L:1#issueCommand(<function>:124)
	at jdk.nashorn.internal.scripts.Script$Recompilation$44618$3841A$\^function\_.L:1#issueCommand(<function>:124)
	at jdk.nashorn.internal.scripts.Script$Recompilation$44618$3841A$\^function\_.L:1#issueCommand(<function>:124)
	at jdk.nashorn.internal.scripts.Script$Recompilation$44618$3841A$\^function\_.L:1#issueCommand(<function>:124)
	at jdk.nashorn.internal.scripts.Script$Recompilation$44618$3841A$\^function\_.L:1#issueCommand(<function>:124)
	at jdk.nashorn.internal.scripts.Script$Recompilation$44618$3841A$\^function\_.L:1#issueCommand(<function>:124)
	at jdk.nashorn.internal.scripts.Script$Recompilation$44618$3841A$\^function\_.L:1#issueCommand(<function>:124)
	at jdk.nashorn.internal.scripts.Script$Recompilation$44618$3841A$\^function\_.L:1#issueCommand(<function>:124)
	at jdk.nashorn.internal.scripts.Script$Recompilation$44618$3841A$\^function\_.L:1#issueCommand(<function>:124)
	at jdk.nashorn.internal.scripts.Script$Recompilation$44618$3841A$\^function\_.L:1#issueCommand(<function>:124)
	at jdk.nashorn.internal.scripts.Script$Recompilation$44618$3841A$\^function\_.L:1#issueCommand(<function>:124)
	at jdk.nashorn.internal.scripts.Script$Recompilation$44618$3841A$\^function\_.L:1#issueCommand(<function>:124)
	at jdk.nashorn.internal.scripts.Script$Recompilation$44618$3841A$\^function\_.L:1#issueCommand(<function>:124)
	at jdk.nashorn.internal.scripts.Script$Recompilation$44618$3841A$\^function\_.L:1#issueCommand(<function>:124)
	at jdk.nashorn.internal.scripts.Script$Recompilation$44618$3841A$\^function\_.L:1#issueCommand(<function>:124)
	at jdk.nashorn.internal.scripts.Script$Recompilation$44618$3841A$\^function\_.L:1#issueCommand(<function>:124)
	at jdk.nashorn.internal.scripts.Script$Recompilation$44618$3841A$\^function\_.L:1#issueCommand(<function>:124)
	at jdk.nashorn.internal.scripts.Script$Recompilation$44618$3841A$\^function\_.L:1#issueCommand(<function>:124)
	at jdk.nashorn.internal.scripts.Script$Recompilation$44618$3841A$\^function\_.L:1#issueCommand(<function>:124)
	at jdk.nashorn.internal.scripts.Script$Recompilation$44618$3841A$\^function\_.L:1#issueCommand(<function>:124)
	at jdk.nashorn.internal.scripts.Script$Recompilation$44618$3841A$\^function\_.L:1#issueCommand(<function>:124)
	at jdk.nashorn.internal.scripts.Script$Recompilation$44618$3841A$\^function\_.L:1#issueCommand(<function>:124)
	at jdk.nashorn.internal.scripts.Script$Recompilation$44618$3841A$\^function\_.L:1#issueCommand(<function>:124)
	at jdk.nashorn.internal.scripts.Script$Recompilation$44618$3841A$\^function\_.L:1#issueCommand(<function>:124)
	at jdk.nashorn.internal.scripts.Script$Recompilation$44618$3841A$\^function\_.L:1#issueCommand(<function>:124)
	at jdk.nashorn.internal.scripts.Script$Recompilation$44618$3841A$\^function\_.L:1#issueCommand(<function>:124)
	at jdk.nashorn.internal.scripts.Script$Recompilation$44618$3841A$\^function\_.L:1#issueCommand(<function>:124)
	at jdk.nashorn.internal.scripts.Script$Recompilation$44618$3841A$\^function\_.L:1#issueCommand(<function>:124)
	at jdk.nashorn.internal.scripts.Script$Recompilation$44618$3841A$\^function\_.L:1#issueCommand(<function>:124)
	at jdk.nashorn.internal.scripts.Script$Recompilation$44618$3841A$\^function\_.L:1#issueCommand(<function>:124)
	at jdk.nashorn.internal.scripts.Script$Recompilation$44618$3841A$\^function\_.L:1#issueCommand(<function>:124)
	at jdk.nashorn.internal.scripts.Script$Recompilation$44618$3841A$\^function\_.L:1#issueCommand(<function>:124)
	at jdk.nashorn.internal.scripts.Script$Recompilation$44618$3841A$\^function\_.L:1#issueCommand(<function>:124)
	at jdk.nashorn.internal.scripts.Script$Recompilation$44618$3841A$\^function\_.L:1#issueCommand(<function>:124)
	at jdk.nashorn.internal.scripts.Script$Recompilation$44618$3841A$\^function\_.L:1#issueCommand(<function>:124)
	at jdk.nashorn.internal.scripts.Script$Recompilation$44618$3841A$\^function\_.L:1#issueCommand(<function>:124)
	at jdk.nashorn.internal.scripts.Script$Recompilation$44618$3841A$\^function\_.L:1#issueCommand(<function>:124)
	at jdk.nashorn.internal.scripts.Script$Recompilation$44618$3841A$\^function\_.L:1#issueCommand(<function>:124)
	at jdk.nashorn.internal.scripts.Script$Recompilation$44618$3841A$\^function\_.L:1#issueCommand(<function>:124)
	at jdk.nashorn.internal.scripts.Script$Recompilation$44618$3841A$\^function\_.L:1#issueCommand(<function>:124)
	at jdk.nashorn.internal.scripts.Script$Recompilation$44618$3841A$\^function\_.L:1#issueCommand(<function>:124)
	at jdk.nashorn.internal.scripts.Script$Recompilation$44618$3841A$\^function\_.L:1#issueCommand(<function>:124)
	at jdk.nashorn.internal.scripts.Script$Recompilation$44618$3841A$\^function\_.L:1#issueCommand(<function>:124)
	at jdk.nashorn.internal.scripts.Script$Recompilation$44618$3841A$\^function\_.L:1#issueCommand(<function>:124)
	at jdk.nashorn.internal.scripts.Script$Recompilation$44618$3841A$\^function\_.L:1#issueCommand(<function>:124)
	at jdk.nashorn.internal.scripts.Script$Recompilation$44618$3841A$\^function\_.L:1#issueCommand(<function>:124)
	at jdk.nashorn.internal.scripts.Script$Recompilation$44618$3841A$\^function\_.L:1#issueCommand(<function>:124)
	at jdk.nashorn.internal.scripts.Script$Recompilation$44618$3841A$\^function\_.L:1#issueCommand(<function>:124)
	at jdk.nashorn.internal.scripts.Script$Recompilation$44618$3841A$\^function\_.L:1#issueCommand(<function>:124)
	at jdk.nashorn.internal.scripts.Script$Recompilation$44618$3841A$\^function\_.L:1#issueCommand(<function>:124)
	at jdk.nashorn.internal.scripts.Script$Recompilation$44618$3841A$\^function\_.L:1#issueCommand(<function>:124)
	at jdk.nashorn.internal.scripts.Script$Recompilation$44618$3841A$\^function\_.L:1#issueCommand(<function>:124)
	at jdk.nashorn.internal.scripts.Script$Recompilation$44618$3841A$\^function\_.L:1#issueCommand(<function>:124)
	at jdk.nashorn.internal.scripts.Script$Recompilation$44618$3841A$\^function\_.L:1#issueCommand(<function>:124)
	at jdk.nashorn.internal.scripts.Script$Recompilation$44618$3841A$\^function\_.L:1#issueCommand(<function>:124)
	at jdk.nashorn.internal.scripts.Script$Recompilation$44618$3841A$\^function\_.L:1#issueCommand(<function>:124)
	at jdk.nashorn.internal.scripts.Script$Recompilation$44618$3841A$\^function\_.L:1#issueCommand(<function>:124)
	at jdk.nashorn.internal.scripts.Script$Recompilation$44618$3841A$\^function\_.L:1#issueCommand(<function>:124)
	at jdk.nashorn.internal.scripts.Script$Recompilation$44618$3841A$\^function\_.L:1#issueCommand(<function>:124)
	at jdk.nashorn.internal.scripts.Script$Recompilation$44618$3841A$\^function\_.L:1#issueCommand(<function>:124)
	at jdk.nashorn.internal.scripts.Script$Recompilation$44618$3841A$\^function\_.L:1#issueCommand(<function>:124)
	at jdk.nashorn.internal.scripts.Script$Recompilation$44618$3841A$\^function\_.L:1#issueCommand(<function>:124)
	at jdk.nashorn.internal.scripts.Script$Recompilation$44618$3841A$\^function\_.L:1#issueCommand(<function>:124)
	at jdk.nashorn.internal.scripts.Script$Recompilation$44618$3841A$\^function\_.L:1#issueCommand(<function>:124)
	at jdk.nashorn.internal.scripts.Script$Recompilation$44618$3841A$\^function\_.L:1#issueCommand(<function>:124)
	at jdk.nashorn.internal.scripts.Script$Recompilation$44618$3841A$\^function\_.L:1#issueCommand(<function>:124)
	at jdk.nashorn.internal.scripts.Script$Recompilation$44618$3841A$\^function\_.L:1#issueCommand(<function>:124)
	at jdk.nashorn.internal.scripts.Script$Recompilation$44618$3841A$\^function\_.L:1#issueCommand(<function>:124)
	at jdk.nashorn.internal.scripts.Script$Recompilation$44618$3841A$\^function\_.L:1#issueCommand(<function>:124)
	at jdk.nashorn.internal.scripts.Script$Recompilation$44618$3841A$\^function\_.L:1#issueCommand(<function>:124)
	at jdk.nashorn.internal.scripts.Script$Recompilation$44618$3841A$\^function\_.L:1#issueCommand(<function>:124)
	at jdk.nashorn.internal.scripts.Script$Recompilation$44618$3841A$\^function\_.L:1#issueCommand(<function>:124)
	at jdk.nashorn.internal.scripts.Script$Recompilation$44618$3841A$\^function\_.L:1#issueCommand(<function>:124)
	at jdk.nashorn.internal.scripts.Script$Recompilation$44618$3841A$\^function\_.L:1#issueCommand(<function>:124)
	at jdk.nashorn.internal.scripts.Script$Recompilation$44618$3841A$\^function\_.L:1#issueCommand(<function>:124)
	at jdk.nashorn.internal.scripts.Script$Recompilation$44618$3841A$\^function\_.L:1#issueCommand(<function>:124)
	at jdk.nashorn.internal.scripts.Script$Recompilation$44618$3841A$\^function\_.L:1#issueCommand(<function>:124)
	at jdk.nashorn.internal.scripts.Script$Recompilation$44618$3841A$\^function\_.L:1#issueCommand(<function>:124)
	at jdk.nashorn.internal.scripts.Script$Recompilation$44618$3841A$\^function\_.L:1#issueCommand(<function>:124)
	at jdk.nashorn.internal.scripts.Script$Recompilation$44618$3841A$\^function\_.L:1#issueCommand(<function>:124)
	at jdk.nashorn.internal.scripts.Script$Recompilation$44618$3841A$\^function\_.L:1#issueCommand(<function>:124)
	at jdk.nashorn.internal.scripts.Script$Recompilation$44618$3841A$\^function\_.L:1#issueCommand(<function>:124)
	at jdk.nashorn.internal.scripts.Script$Recompilation$44618$3841A$\^function\_.L:1#issueCommand(<function>:124)
	at jdk.nashorn.internal.scripts.Script$Recompilation$44618$3841A$\^function\_.L:1#issueCommand(<function>:124)
	at jdk.nashorn.internal.scripts.Script$Recompilation$44618$3841A$\^function\_.L:1#issueCommand(<function>:124)
	at jdk.nashorn.internal.scripts.Script$Recompilation$44618$3841A$\^function\_.L:1#issueCommand(<function>:124)
	at jdk.nashorn.internal.scripts.Script$Recompilation$44618$3841A$\^function\_.L:1#issueCommand(<function>:124)
	at jdk.nashorn.internal.scripts.Script$Recompilation$44618$3841A$\^function\_.L:1#issueCommand(<function>:124)
	at jdk.nashorn.internal.scripts.Script$Recompilation$44618$3841A$\^function\_.L:1#issueCommand(<function>:124)
	at jdk.nashorn.internal.scripts.Script$Recompilation$44618$3841A$\^function\_.L:1#issueCommand(<function>:124)
	at jdk.nashorn.internal.scripts.Script$Recompilation$44618$3841A$\^function\_.L:1#issueCommand(<function>:124)
	at jdk.nashorn.internal.scripts.Script$Recompilation$44618$3841A$\^function\_.L:1#issueCommand(<function>:124)
	at jdk.nashorn.internal.scripts.Script$Recompilation$44618$3841A$\^function\_.L:1#issueCommand(<function>:124)
	at jdk.nashorn.internal.scripts.Script$Recompilation$44618$3841A$\^function\_.L:1#issueCommand(<function>:124)
	at jdk.nashorn.internal.scripts.Script$Recompilation$44618$3841A$\^function\_.L:1#issueCommand(<function>:124)
	at jdk.nashorn.internal.scripts.Script$Recompilation$44618$3841A$\^function\_.L:1#issueCommand(<function>:124)
	at jdk.nashorn.internal.scripts.Script$Recompilation$44618$3841A$\^function\_.L:1#issueCommand(<function>:124)
	at jdk.nashorn.internal.scripts.Script$Recompilation$44618$3841A$\^function\_.L:1#issueCommand(<function>:124)
	at jdk.nashorn.internal.scripts.Script$Recompilation$44618$3841A$\^function\_.L:1#issueCommand(<function>:124)
	at jdk.nashorn.internal.scripts.Script$Recompilation$44618$3841A$\^function\_.L:1#issueCommand(<function>:124)
	at jdk.nashorn.internal.scripts.Script$Recompilation$44618$3841A$\^function\_.L:1#issueCommand(<function>:124)
	at jdk.nashorn.internal.scripts.Script$Recompilation$44618$3841A$\^function\_.L:1#issueCommand(<function>:124)
	at jdk.nashorn.internal.scripts.Script$Recompilation$44618$3841A$\^function\_.L:1#issueCommand(<function>:124)
	at jdk.nashorn.internal.scripts.Script$Recompilation$44618$3841A$\^function\_.L:1#issueCommand(<function>:124)
	at jdk.nashorn.internal.scripts.Script$Recompilation$44618$3841A$\^function\_.L:1#issueCommand(<function>:124)
	at jdk.nashorn.internal.scripts.Script$Recompilation$44618$3841A$\^function\_.L:1#issueCommand(<function>:124)
	at jdk.nashorn.internal.scripts.Script$Recompilation$44618$3841A$\^function\_.L:1#issueCommand(<function>:124)
	at jdk.nashorn.internal.scripts.Script$Recompilation$44618$3841A$\^function\_.L:1#issueCommand(<function>:124)
	at jdk.nashorn.internal.scripts.Script$Recompilation$44618$3841A$\^function\_.L:1#issueCommand(<function>:124)
	at jdk.nashorn.internal.scripts.Script$Recompilation$44618$3841A$\^function\_.L:1#issueCommand(<function>:124)
	at jdk.nashorn.internal.scripts.Script$Recompilation$44618$3841A$\^function\_.L:1#issueCommand(<function>:124)
	at jdk.nashorn.internal.scripts.Script$Recompilation$44618$3841A$\^function\_.L:1#issueCommand(<function>:124)
	at jdk.nashorn.internal.scripts.Script$Recompilation$44618$3841A$\^function\_.L:1#issueCommand(<function>:124)
	at jdk.nashorn.internal.scripts.Script$Recompilation$44618$3841A$\^function\_.L:1#issueCommand(<function>:124)
	at jdk.nashorn.internal.scripts.Script$Recompilation$44618$3841A$\^function\_.L:1#issueCommand(<function>:124)
	at jdk.nashorn.internal.scripts.Script$Recompilation$44618$3841A$\^function\_.L:1#issueCommand(<function>:124)
	at jdk.nashorn.internal.scripts.Script$Recompilation$44618$3841A$\^function\_.L:1#issueCommand(<function>:124)
	at jdk.nashorn.internal.scripts.Script$Recompilation$44618$3841A$\^function\_.L:1#issueCommand(<function>:124)
	at jdk.nashorn.internal.scripts.Script$Recompilation$44618$3841A$\^function\_.L:1#issueCommand(<function>:124)
	at jdk.nashorn.internal.scripts.Script$Recompilation$44618$3841A$\^function\_.L:1#issueCommand(<function>:124)
	at jdk.nashorn.internal.scripts.Script$Recompilation$44618$3841A$\^function\_.L:1#issueCommand(<function>:124)
	at jdk.nashorn.internal.scripts.Script$Recompilation$44618$3841A$\^function\_.L:1#issueCommand(<function>:124)
	at jdk.nashorn.internal.scripts.Script$Recompilation$44618$3841A$\^function\_.L:1#issueCommand(<function>:124)
	at jdk.nashorn.internal.scripts.Script$Recompilation$44618$3841A$\^function\_.L:1#issueCommand(<function>:124)
	at jdk.nashorn.internal.scripts.Script$Recompilation$44618$3841A$\^function\_.L:1#issueCommand(<function>:124)
	at jdk.nashorn.internal.scripts.Script$Recompilation$44618$3841A$\^function\_.L:1#issueCommand(<function>:124)
	at jdk.nashorn.internal.scripts.Script$Recompilation$44618$3841A$\^function\_.L:1#issueCommand(<function>:124)
	at jdk.nashorn.internal.scripts.Script$Recompilation$44618$3841A$\^function\_.L:1#issueCommand(<function>:124)
	at jdk.nashorn.internal.scripts.Script$Recompilation$44618$3841A$\^function\_.L:1#issueCommand(<function>:124)
	at jdk.nashorn.internal.scripts.Script$Recompilation$44618$3841A$\^function\_.L:1#issueCommand(<function>:124)
	at jdk.nashorn.internal.scripts.Script$Recompilation$44618$3841A$\^function\_.L:1#issueCommand(<function>:124)
	at jdk.nashorn.internal.scripts.Script$Recompilation$44618$3841A$\^function\_.L:1#issueCommand(<function>:124)
	at jdk.nashorn.internal.scripts.Script$Recompilation$44618$3841A$\^function\_.L:1#issueCommand(<function>:124)
	at jdk.nashorn.internal.scripts.Script$Recompilation$44618$3841A$\^function\_.L:1#issueCommand(<function>:124)
	at jdk.nashorn.internal.scripts.Script$Recompilation$44618$3841A$\^function\_.L:1#issueCommand(<function>:124)
	at jdk.nashorn.internal.scripts.Script$Recompilation$44618$3841A$\^function\_.L:1#issueCommand(<function>:124)
	at jdk.nashorn.internal.scripts.Script$Recompilation$44618$3841A$\^function\_.L:1#issueCommand(<function>:124)
	at jdk.nashorn.internal.scripts.Script$Recompilation$44618$3841A$\^function\_.L:1#issueCommand(<function>:124)
	at jdk.nashorn.internal.scripts.Script$Recompilation$44618$3841A$\^function\_.L:1#issueCommand(<function>:124)
	at jdk.nashorn.internal.scripts.Script$Recompilation$44618$3841A$\^function\_.L:1#issueCommand(<function>:124)
	at jdk.nashorn.internal.scripts.Script$Recompilation$44618$3841A$\^function\_.L:1#issueCommand(<function>:124)
	at jdk.nashorn.internal.scripts.Script$Recompilation$44618$3841A$\^function\_.L:1#issueCommand(<function>:124)
	at jdk.nashorn.internal.scripts.Script$Recompilation$44618$3841A$\^function\_.L:1#issueCommand(<function>:124)
	at jdk.nashorn.internal.scripts.Script$Recompilation$44618$3841A$\^function\_.L:1#issueCommand(<function>:124)
	at jdk.nashorn.internal.scripts.Script$Recompilation$44618$3841A$\^function\_.L:1#issueCommand(<function>:124)
	at jdk.nashorn.internal.scripts.Script$Recompilation$44618$3841A$\^function\_.L:1#issueCommand(<function>:124)
	at jdk.nashorn.internal.scripts.Script$Recompilation$44618$3841A$\^function\_.L:1#issueCommand(<function>:124)
	at jdk.nashorn.internal.scripts.Script$Recompilation$44618$3841A$\^function\_.L:1#issueCommand(<function>:124)
	at jdk.nashorn.internal.scripts.Script$Recompilation$44618$3841A$\^function\_.L:1#issueCommand(<function>:124)
	at jdk.nashorn.internal.scripts.Script$Recompilation$44618$3841A$\^function\_.L:1#issueCommand(<function>:124)
	at jdk.nashorn.internal.scripts.Script$Recompilation$44618$3841A$\^function\_.L:1#issueCommand(<function>:124)
	at jdk.nashorn.internal.scripts.Script$Recompilation$44618$3841A$\^function\_.L:1#issueCommand(<function>:124)
	at jdk.nashorn.internal.scripts.Script$Recompilation$44618$3841A$\^function\_.L:1#issueCommand(<function>:124)
	at jdk.nashorn.internal.scripts.Script$Recompilation$44618$3841A$\^function\_.L:1#issueCommand(<function>:124)
	at jdk.nashorn.internal.scripts.Script$Recompilation$44618$3841A$\^function\_.L:1#issueCommand(<function>:124)
	at jdk.nashorn.internal.scripts.Script$Recompilation$44618$3841A$\^function\_.L:1#issueCommand(<function>:124)
	at jdk.nashorn.internal.scripts.Script$Recompilation$44618$3841A$\^function\_.L:1#issueCommand(<function>:124)
	at jdk.nashorn.internal.scripts.Script$Recompilation$44618$3841A$\^function\_.L:1#issueCommand(<function>:124)
	at jdk.nashorn.internal.scripts.Script$Recompilation$44618$3841A$\^function\_.L:1#issueCommand(<function>:124)
	at jdk.nashorn.internal.scripts.Script$Recompilation$44618$3841A$\^function\_.L:1#issueCommand(<function>:124)
	at jdk.nashorn.internal.scripts.Script$Recompilation$44618$3841A$\^function\_.L:1#issueCommand(<function>:124)
	at jdk.nashorn.internal.scripts.Script$Recompilation$44618$3841A$\^function\_.L:1#issueCommand(<function>:124)
	at jdk.nashorn.internal.scripts.Script$Recompilation$44618$3841A$\^function\_.L:1#issueCommand(<function>:124)
	at jdk.nashorn.internal.scripts.Script$Recompilation$44618$3841A$\^function\_.L:1#issueCommand(<function>:124)
	at jdk.nashorn.internal.scripts.Script$Recompilation$44618$3841A$\^function\_.L:1#issueCommand(<function>:124)
	at jdk.nashorn.internal.scripts.Script$Recompilation$44618$3841A$\^function\_.L:1#issueCommand(<function>:124)
	at jdk.nashorn.internal.scripts.Script$Recompilation$44618$3841A$\^function\_.L:1#issueCommand(<function>:124)
	at jdk.nashorn.internal.scripts.Script$Recompilation$44618$3841A$\^function\_.L:1#issueCommand(<function>:124)
	at jdk.nashorn.internal.scripts.Script$Recompilation$44618$3841A$\^function\_.L:1#issueCommand(<function>:124)
	at jdk.nashorn.internal.scripts.Script$Recompilation$44618$3841A$\^function\_.L:1#issueCommand(<function>:124)
	at jdk.nashorn.internal.scripts.Script$Recompilation$44618$3841A$\^function\_.L:1#issueCommand(<function>:124)
	at jdk.nashorn.internal.scripts.Script$Recompilation$44618$3841A$\^function\_.L:1#issueCommand(<function>:124)
	at jdk.nashorn.internal.scripts.Script$Recompilation$44618$3841A$\^function\_.L:1#issueCommand(<function>:124)
	at jdk.nashorn.internal.scripts.Script$Recompilation$44618$3841A$\^function\_.L:1#issueCommand(<function>:124)
	at jdk.nashorn.internal.scripts.Script$Recompilation$44618$3841A$\^function\_.L:1#issueCommand(<function>:124)
	at jdk.nashorn.internal.scripts.Script$Recompilation$44618$3841A$\^function\_.L:1#issueCommand(<function>:124)
	at jdk.nashorn.internal.scripts.Script$Recompilation$44618$3841A$\^function\_.L:1#issueCommand(<function>:124)
	at jdk.nashorn.internal.scripts.Script$Recompilation$44618$3841A$\^function\_.L:1#issueCommand(<function>:124)
	at jdk.nashorn.internal.scripts.Script$Recompilation$44618$3841A$\^function\_.L:1#issueCommand(<function>:124)
	at jdk.nashorn.internal.scripts.Script$Recompilation$44618$3841A$\^function\_.L:1#issueCommand(<function>:124)
	at jdk.nashorn.internal.scripts.Script$Recompilation$44618$3841A$\^function\_.L:1#issueCommand(<function>:124)
	at jdk.nashorn.internal.scripts.Script$Recompilation$44618$3841A$\^function\_.L:1#issueCommand(<function>:124)
	at jdk.nashorn.internal.scripts.Script$Recompilation$44618$3841A$\^function\_.L:1#issueCommand(<function>:124)
	at jdk.nashorn.internal.scripts.Script$Recompilation$44618$3841A$\^function\_.L:1#issueCommand(<function>:124)
	at jdk.nashorn.internal.scripts.Script$Recompilation$44618$3841A$\^function\_.L:1#issueCommand(<function>:124)
	at jdk.nashorn.internal.scripts.Script$Recompilation$44618$3841A$\^function\_.L:1#issueCommand(<function>:124)
	at jdk.nashorn.internal.scripts.Script$Recompilation$44618$3841A$\^function\_.L:1#issueCommand(<function>:124)
	at jdk.nashorn.internal.scripts.Script$Recompilation$44618$3841A$\^function\_.L:1#issueCommand(<function>:124)
	at jdk.nashorn.internal.scripts.Script$Recompilation$44618$3841A$\^function\_.L:1#issueCommand(<function>:124)
	at jdk.nashorn.internal.scripts.Script$Recompilation$44618$3841A$\^function\_.L:1#issueCommand(<function>:124)
	at jdk.nashorn.internal.scripts.Script$Recompilation$44618$3841A$\^function\_.L:1#issueCommand(<function>:124)
	at jdk.nashorn.internal.scripts.Script$Recompilation$44618$3841A$\^function\_.L:1#issueCommand(<function>:124)
	at jdk.nashorn.internal.scripts.Script$Recompilation$44618$3841A$\^function\_.L:1#issueCommand(<function>:124)
	at jdk.nashorn.internal.scripts.Script$Recompilation$44618$3841A$\^function\_.L:1#issueCommand(<function>:124)
	at jdk.nashorn.internal.scripts.Script$Recompilation$44618$3841A$\^function\_.L:1#issueCommand(<function>:124)
	at jdk.nashorn.internal.scripts.Script$Recompilation$44618$3841A$\^function\_.L:1#issueCommand(<function>:124)
	at jdk.nashorn.internal.scripts.Script$Recompilation$44618$3841A$\^function\_.L:1#issueCommand(<function>:124)
	at jdk.nashorn.internal.scripts.Script$Recompilation$44618$3841A$\^function\_.L:1#issueCommand(<function>:124)
	at jdk.nashorn.internal.scripts.Script$Recompilation$44618$3841A$\^function\_.L:1#issueCommand(<function>:124)
	at jdk.nashorn.internal.scripts.Script$Recompilation$44618$3841A$\^function\_.L:1#issueCommand(<function>:124)
	at jdk.nashorn.internal.scripts.Script$Recompilation$44618$3841A$\^function\_.L:1#issueCommand(<function>:124)
	at jdk.nashorn.internal.scripts.Script$Recompilation$44618$3841A$\^function\_.L:1#issueCommand(<function>:124)
	at jdk.nashorn.internal.scripts.Script$Recompilation$44618$3841A$\^function\_.L:1#issueCommand(<function>:124)
	at jdk.nashorn.internal.scripts.Script$Recompilation$44618$3841A$\^function\_.L:1#issueCommand(<function>:124)
	at jdk.nashorn.internal.scripts.Script$Recompilation$44618$3841A$\^function\_.L:1#issueCommand(<function>:124)
	at jdk.nashorn.internal.scripts.Script$Recompilation$44618$3841A$\^function\_.L:1#issueCommand(<function>:124)
	at jdk.nashorn.internal.scripts.Script$Recompilation$44618$3841A$\^function\_.L:1#issueCommand(<function>:124)
	at jdk.nashorn.internal.scripts.Script$Recompilation$44618$3841A$\^function\_.L:1#issueCommand(<function>:124)
	at jdk.nashorn.internal.scripts.Script$Recompilation$44618$3841A$\^function\_.L:1#issueCommand(<function>:124)
	at jdk.nashorn.internal.scripts.Script$Recompilation$44618$3841A$\^function\_.L:1#issueCommand(<function>:124)
	at jdk.nashorn.internal.scripts.Script$Recompilation$44618$3841A$\^function\_.L:1#issueCommand(<function>:124)
	at jdk.nashorn.internal.scripts.Script$Recompilation$44618$3841A$\^function\_.L:1#issueCommand(<function>:124)
	at jdk.nashorn.internal.scripts.Script$Recompilation$44618$3841A$\^function\_.L:1#issueCommand(<function>:124)
	at jdk.nashorn.internal.scripts.Script$Recompilation$44618$3841A$\^function\_.L:1#issueCommand(<function>:124)
	at jdk.nashorn.internal.scripts.Script$Recompilation$44618$3841A$\^function\_.L:1#issueCommand(<function>:124)
	at jdk.nashorn.internal.scripts.Script$Recompilation$44618$3841A$\^function\_.L:1#issueCommand(<function>:124)
	at jdk.nashorn.internal.scripts.Script$Recompilation$44618$3841A$\^function\_.L:1#issueCommand(<function>:124)
	at jdk.nashorn.internal.scripts.Script$Recompilation$44618$3841A$\^function\_.L:1#issueCommand(<function>:124)
	at jdk.nashorn.internal.scripts.Script$Recompilation$44618$3841A$\^function\_.L:1#issueCommand(<function>:124)
	at jdk.nashorn.internal.scripts.Script$Recompilation$44618$3841A$\^function\_.L:1#issueCommand(<function>:124)
	at jdk.nashorn.internal.scripts.Script$Recompilation$44618$3841A$\^function\_.L:1#issueCommand(<function>:124)
	at jdk.nashorn.internal.scripts.Script$Recompilation$44618$3841A$\^function\_.L:1#issueCommand(<function>:124)
	at jdk.nashorn.internal.scripts.Script$Recompilation$44618$3841A$\^function\_.L:1#issueCommand(<function>:124)
	at jdk.nashorn.internal.scripts.Script$Recompilation$44618$3841A$\^function\_.L:1#issueCommand(<function>:124)
	at jdk.nashorn.internal.scripts.Script$Recompilation$44618$3841A$\^function\_.L:1#issueCommand(<function>:124)
	at jdk.nashorn.internal.scripts.Script$Recompilation$44618$3841A$\^function\_.L:1#issueCommand(<function>:124)
	at jdk.nashorn.internal.scripts.Script$Recompilation$44618$3841A$\^function\_.L:1#issueCommand(<function>:124)
	at jdk.nashorn.internal.scripts.Script$Recompilation$44618$3841A$\^function\_.L:1#issueCommand(<function>:124)
	at jdk.nashorn.internal.scripts.Script$Recompilation$44618$3841A$\^function\_.L:1#issueCommand(<function>:124)
	at jdk.nashorn.internal.scripts.Script$Recompilation$44618$3841A$\^function\_.L:1#issueCommand(<function>:124)
	at jdk.nashorn.internal.scripts.Script$Recompilation$44618$3841A$\^function\_.L:1#issueCommand(<function>:124)
	at jdk.nashorn.internal.scripts.Script$Recompilation$44618$3841A$\^function\_.L:1#issueCommand(<function>:124)
	at jdk.nashorn.internal.scripts.Script$Recompilation$44618$3841A$\^function\_.L:1#issueCommand(<function>:124)
	at jdk.nashorn.internal.scripts.Script$Recompilation$44618$3841A$\^function\_.L:1#issueCommand(<function>:124)
	at jdk.nashorn.internal.scripts.Script$Recompilation$44618$3841A$\^function\_.L:1#issueCommand(<function>:124)
	at jdk.nashorn.internal.scripts.Script$Recompilation$44618$3841A$\^function\_.L:1#issueCommand(<function>:124)
	at jdk.nashorn.internal.scripts.Script$Recompilation$44618$3841A$\^function\_.L:1#issueCommand(<function>:124)
	at jdk.nashorn.internal.scripts.Script$Recompilation$44618$3841A$\^function\_.L:1#issueCommand(<function>:124)
	at jdk.nashorn.internal.scripts.Script$Recompilation$44618$3841A$\^function\_.L:1#issueCommand(<function>:124)
	at jdk.nashorn.internal.scripts.Script$Recompilation$44618$3841A$\^function\_.L:1#issueCommand(<function>:124)
	at jdk.nashorn.internal.scripts.Script$Recompilation$44618$3841A$\^function\_.L:1#issueCommand(<function>:124)
	at jdk.nashorn.internal.scripts.Script$Recompilation$44618$3841A$\^function\_.L:1#issueCommand(<function>:124)
	at jdk.nashorn.internal.scripts.Script$Recompilation$44618$3841A$\^function\_.L:1#issueCommand(<function>:124)
	at jdk.nashorn.internal.scripts.Script$Recompilation$44618$3841A$\^function\_.L:1#issueCommand(<function>:124)
	at jdk.nashorn.internal.scripts.Script$Recompilation$44618$3841A$\^function\_.L:1#issueCommand(<function>:124)
	at jdk.nashorn.internal.scripts.Script$Recompilation$44618$3841A$\^function\_.L:1#issueCommand(<function>:124)
	at jdk.nashorn.internal.scripts.Script$Recompilation$44618$3841A$\^function\_.L:1#issueCommand(<function>:124)
	at jdk.nashorn.internal.scripts.Script$Recompilation$44618$3841A$\^function\_.L:1#issueCommand(<function>:124)
	at jdk.nashorn.internal.scripts.Script$Recompilation$44618$3841A$\^function\_.L:1#issueCommand(<function>:124)
	at jdk.nashorn.internal.scripts.Script$Recompilation$44618$3841A$\^function\_.L:1#issueCommand(<function>:124)
	at jdk.nashorn.internal.scripts.Script$Recompilation$44618$3841A$\^function\_.L:1#issueCommand(<function>:124)
	at jdk.nashorn.internal.scripts.Script$Recompilation$44618$3841A$\^function\_.L:1#issueCommand(<function>:124)
	at jdk.nashorn.internal.scripts.Script$Recompilation$44618$3841A$\^function\_.L:1#issueCommand(<function>:124)
	at jdk.nashorn.internal.scripts.Script$Recompilation$44618$3841A$\^function\_.L:1#issueCommand(<function>:124)
	at jdk.nashorn.internal.scripts.Script$Recompilation$44618$3841A$\^function\_.L:1#issueCommand(<function>:124)
	at jdk.nashorn.internal.scripts.Script$Recompilation$44618$3841A$\^function\_.L:1#issueCommand(<function>:124)
	at jdk.nashorn.internal.scripts.Script$Recompilation$44618$3841A$\^function\_.L:1#issueCommand(<function>:124)
	at jdk.nashorn.internal.scripts.Script$Recompilation$44618$3841A$\^function\_.L:1#issueCommand(<function>:124)
	at jdk.nashorn.internal.scripts.Script$Recompilation$44618$3841A$\^function\_.L:1#issueCommand(<function>:124)
	at jdk.nashorn.internal.scripts.Script$Recompilation$44618$3841A$\^function\_.L:1#issueCommand(<function>:124)
	at jdk.nashorn.internal.scripts.Script$Recompilation$44618$3841A$\^function\_.L:1#issueCommand(<function>:124)
	at jdk.nashorn.internal.scripts.Script$Recompilation$44618$3841A$\^function\_.L:1#issueCommand(<function>:124)
	at jdk.nashorn.internal.scripts.Script$Recompilation$44618$3841A$\^function\_.L:1#issueCommand(<function>:124)
	at jdk.nashorn.internal.scripts.Script$Recompilation$44618$3841A$\^function\_.L:1#issueCommand(<function>:124)
	at jdk.nashorn.internal.scripts.Script$Recompilation$44618$3841A$\^function\_.L:1#issueCommand(<function>:124)
	at jdk.nashorn.internal.scripts.Script$Recompilation$44618$3841A$\^function\_.L:1#issueCommand(<function>:124)
	at jdk.nashorn.internal.scripts.Script$Recompilation$44618$3841A$\^function\_.L:1#issueCommand(<function>:124)
	at jdk.nashorn.internal.scripts.Script$Recompilation$44618$3841A$\^function\_.L:1#issueCommand(<function>:124)
	at jdk.nashorn.internal.scripts.Script$Recompilation$44618$3841A$\^function\_.L:1#issueCommand(<function>:124)
	at jdk.nashorn.internal.scripts.Script$Recompilation$44618$3841A$\^function\_.L:1#issueCommand(<function>:124)
	at jdk.nashorn.internal.scripts.Script$Recompilation$44618$3841A$\^function\_.L:1#issueCommand(<function>:124)
	at jdk.nashorn.internal.scripts.Script$Recompilation$44618$3841A$\^function\_.L:1#issueCommand(<function>:124)
	at jdk.nashorn.internal.scripts.Script$Recompilation$44618$3841A$\^function\_.L:1#issueCommand(<function>:124)
	at jdk.nashorn.internal.scripts.Script$Recompilation$44618$3841A$\^function\_.L:1#issueCommand(<function>:124)
	at jdk.nashorn.internal.scripts.Script$Recompilation$44618$3841A$\^function\_.L:1#issueCommand(<function>:124)
	at jdk.nashorn.internal.scripts.Script$Recompilation$44618$3841A$\^function\_.L:1#issueCommand(<function>:124)
	at jdk.nashorn.internal.scripts.Script$Recompilation$44618$3841A$\^function\_.L:1#issueCommand(<function>:124)
	at jdk.nashorn.internal.scripts.Script$Recompilation$44618$3841A$\^function\_.L:1#issueCommand(<function>:124)
	at jdk.nashorn.internal.scripts.Script$Recompilation$44618$3841A$\^function\_.L:1#issueCommand(<function>:124)
	at jdk.nashorn.internal.scripts.Script$Recompilation$44618$3841A$\^function\_.L:1#issueCommand(<function>:124)
	at jdk.nashorn.internal.scripts.Script$Recompilation$44618$3841A$\^function\_.L:1#issueCommand(<function>:124)
	at jdk.nashorn.internal.scripts.Script$Recompilation$44618$3841A$\^function\_.L:1#issueCommand(<function>:124)
	at jdk.nashorn.internal.scripts.Script$Recompilation$44618$3841A$\^function\_.L:1#issueCommand(<function>:124)
	at jdk.nashorn.internal.scripts.Script$Recompilation$44618$3841A$\^function\_.L:1#issueCommand(<function>:124)
	at jdk.nashorn.internal.scripts.Script$Recompilation$44618$3841A$\^function\_.L:1#issueCommand(<function>:124)
	at jdk.nashorn.internal.scripts.Script$Recompilation$44618$3841A$\^function\_.L:1#issueCommand(<function>:124)
	at jdk.nashorn.internal.scripts.Script$Recompilation$44618$3841A$\^function\_.L:1#issueCommand(<function>:124)
	at jdk.nashorn.internal.scripts.Script$Recompilation$44618$3841A$\^function\_.L:1#issueCommand(<function>:124)
	at jdk.nashorn.internal.scripts.Script$Recompilation$44618$3841A$\^function\_.L:1#issueCommand(<function>:124)
	at jdk.nashorn.internal.scripts.Script$Recompilation$44618$3841A$\^function\_.L:1#issueCommand(<function>:124)
	at jdk.nashorn.internal.scripts.Script$Recompilation$44618$3841A$\^function\_.L:1#issueCommand(<function>:124)
	at jdk.nashorn.internal.scripts.Script$Recompilation$44618$3841A$\^function\_.L:1#issueCommand(<function>:124)
	at jdk.nashorn.internal.scripts.Script$Recompilation$44618$3841A$\^function\_.L:1#issueCommand(<function>:124)
	at jdk.nashorn.internal.scripts.Script$Recompilation$44618$3841A$\^function\_.L:1#issueCommand(<function>:124)
	at jdk.nashorn.internal.scripts.Script$Recompilation$44618$3841A$\^function\_.L:1#issueCommand(<function>:124)
	at jdk.nashorn.internal.scripts.Script$Recompilation$44618$3841A$\^function\_.L:1#issueCommand(<function>:124)
	at jdk.nashorn.internal.scripts.Script$Recompilation$44618$3841A$\^function\_.L:1#issueCommand(<function>:124)
	at jdk.nashorn.internal.scripts.Script$Recompilation$44618$3841A$\^function\_.L:1#issueCommand(<function>:124)
	at jdk.nashorn.internal.scripts.Script$Recompilation$44618$3841A$\^function\_.L:1#issueCommand(<function>:124)
	at jdk.nashorn.internal.scripts.Script$Recompilation$44618$3841A$\^function\_.L:1#issueCommand(<function>:124)
	at jdk.nashorn.internal.scripts.Script$Recompilation$44618$3841A$\^function\_.L:1#issueCommand(<function>:124)
	at jdk.nashorn.internal.scripts.Script$Recompilation$44618$3841A$\^function\_.L:1#issueCommand(<function>:124)
	at jdk.nashorn.internal.scripts.Script$Recompilation$44618$3841A$\^function\_.L:1#issueCommand(<function>:124)
	at jdk.nashorn.internal.scripts.Script$Recompilation$44618$3841A$\^function\_.L:1#issueCommand(<function>:124)
	at jdk.nashorn.internal.scripts.Script$Recompilation$44618$3841A$\^function\_.L:1#issueCommand(<function>:124)
	at jdk.nashorn.internal.scripts.Script$Recompilation$44618$3841A$\^function\_.L:1#issueCommand(<function>:124)
	at jdk.nashorn.internal.scripts.Script$Recompilation$44618$3841A$\^function\_.L:1#issueCommand(<function>:124)
	at jdk.nashorn.internal.scripts.Script$Recompilation$44618$3841A$\^function\_.L:1#issueCommand(<function>:124)
	at jdk.nashorn.internal.scripts.Script$Recompilation$44618$3841A$\^function\_.L:1#issueCommand(<function>:124)
	at jdk.nashorn.internal.scripts.Script$Recompilation$44618$3841A$\^function\_.L:1#issueCommand(<function>:124)
	at jdk.nashorn.internal.scripts.Script$Recompilation$44618$3841A$\^function\_.L:1#issueCommand(<function>:124)
	at jdk.nashorn.internal.scripts.Script$Recompilation$44618$3841A$\^function\_.L:1#issueCommand(<function>:124)
	at jdk.nashorn.internal.scripts.Script$Recompilation$44618$3841A$\^function\_.L:1#issueCommand(<function>:124)
	at jdk.nashorn.internal.scripts.Script$Recompilation$44618$3841A$\^function\_.L:1#issueCommand(<function>:124)
	at jdk.nashorn.internal.scripts.Script$Recompilation$44618$3841A$\^function\_.L:1#issueCommand(<function>:124)
	at jdk.nashorn.internal.scripts.Script$Recompilation$44618$3841A$\^function\_.L:1#issueCommand(<function>:124)
	at jdk.nashorn.internal.scripts.Script$Recompilation$44618$3841A$\^function\_.L:1#issueCommand(<function>:124)
	at jdk.nashorn.internal.scripts.Script$Recompilation$44618$3841A$\^function\_.L:1#issueCommand(<function>:124)
	at jdk.nashorn.internal.scripts.Script$Recompilation$44618$3841A$\^function\_.L:1#issueCommand(<function>:124)
	at jdk.nashorn.internal.scripts.Script$Recompilation$44618$3841A$\^function\_.L:1#issueCommand(<function>:124)
	at jdk.nashorn.internal.scripts.Script$Recompilation$44618$3841A$\^function\_.L:1#issueCommand(<function>:124)
	at jdk.nashorn.internal.scripts.Script$Recompilation$44618$3841A$\^function\_.L:1#issueCommand(<function>:124)
	at jdk.nashorn.internal.scripts.Script$Recompilation$44618$3841A$\^function\_.L:1#issueCommand(<function>:124)
	at jdk.nashorn.internal.scripts.Script$Recompilation$44618$3841A$\^function\_.L:1#issueCommand(<function>:124)
	at jdk.nashorn.internal.scripts.Script$Recompilation$44618$3841A$\^function\_.L:1#issueCommand(<function>:124)
	at jdk.nashorn.internal.scripts.Script$Recompilation$44618$3841A$\^function\_.L:1#issueCommand(<function>:124)
	at jdk.nashorn.internal.scripts.Script$Recompilation$44618$3841A$\^function\_.L:1#issueCommand(<function>:124)
	at jdk.nashorn.internal.scripts.Script$Recompilation$44618$3841A$\^function\_.L:1#issueCommand(<function>:124)
	at jdk.nashorn.internal.scripts.Script$Recompilation$44618$3841A$\^function\_.L:1#issueCommand(<function>:124)
	at jdk.nashorn.internal.scripts.Script$Recompilation$44618$3841A$\^function\_.L:1#issueCommand(<function>:124)
	at jdk.nashorn.internal.scripts.Script$Recompilation$44618$3841A$\^function\_.L:1#issueCommand(<function>:124)
	at jdk.nashorn.internal.scripts.Script$Recompilation$44618$3841A$\^function\_.L:1#issueCommand(<function>:124)
	at jdk.nashorn.internal.scripts.Script$Recompilation$44618$3841A$\^function\_.L:1#issueCommand(<function>:124)
	at jdk.nashorn.internal.scripts.Script$Recompilation$44618$3841A$\^function\_.L:1#issueCommand(<function>:124)
	at jdk.nashorn.internal.scripts.Script$Recompilation$44618$3841A$\^function\_.L:1#issueCommand(<function>:124)
	at jdk.nashorn.internal.scripts.Script$Recompilation$44618$3841A$\^function\_.L:1#issueCommand(<function>:124)
	at jdk.nashorn.internal.scripts.Script$Recompilation$44618$3841A$\^function\_.L:1#issueCommand(<function>:124)
	at jdk.nashorn.internal.scripts.Script$Recompilation$44618$3841A$\^function\_.L:1#issueCommand(<function>:124)
	at jdk.nashorn.internal.scripts.Script$Recompilation$44618$3841A$\^function\_.L:1#issueCommand(<function>:124)
	at jdk.nashorn.internal.scripts.Script$Recompilation$44618$3841A$\^function\_.L:1#issueCommand(<function>:124)
	at jdk.nashorn.internal.scripts.Script$Recompilation$44618$3841A$\^function\_.L:1#issueCommand(<function>:124)
	at jdk.nashorn.internal.scripts.Script$Recompilation$44618$3841A$\^function\_.L:1#issueCommand(<function>:124)
	at jdk.nashorn.internal.scripts.Script$Recompilation$44618$3841A$\^function\_.L:1#issueCommand(<function>:124)
	at jdk.nashorn.internal.scripts.Script$Recompilation$44618$3841A$\^function\_.L:1#issueCommand(<function>:124)
	at jdk.nashorn.internal.scripts.Script$Recompilation$44618$3841A$\^function\_.L:1#issueCommand(<function>:124)
	at jdk.nashorn.internal.scripts.Script$Recompilation$44618$3841A$\^function\_.L:1#issueCommand(<function>:124)
	at jdk.nashorn.internal.scripts.Script$Recompilation$44618$3841A$\^function\_.L:1#issueCommand(<function>:124)
	at jdk.nashorn.internal.scripts.Script$Recompilation$44618$3841A$\^function\_.L:1#issueCommand(<function>:124)
	at jdk.nashorn.internal.scripts.Script$Recompilation$44618$3841A$\^function\_.L:1#issueCommand(<function>:124)
	at jdk.nashorn.internal.scripts.Script$Recompilation$44618$3841A$\^function\_.L:1#issueCommand(<function>:124)
	at jdk.nashorn.internal.scripts.Script$Recompilation$44618$3841A$\^function\_.L:1#issueCommand(<function>:124)
	at jdk.nashorn.internal.scripts.Script$Recompilation$44618$3841A$\^function\_.L:1#issueCommand(<function>:124)
	at jdk.nashorn.internal.scripts.Script$Recompilation$44618$3841A$\^function\_.L:1#issueCommand(<function>:124)
	at jdk.nashorn.internal.scripts.Script$Recompilation$44618$3841A$\^function\_.L:1#issueCommand(<function>:124)
	at jdk.nashorn.internal.scripts.Script$Recompilation$44618$3841A$\^function\_.L:1#issueCommand(<function>:124)
	at jdk.nashorn.internal.scripts.Script$Recompilation$44618$3841A$\^function\_.L:1#issueCommand(<function>:124)
	at jdk.nashorn.internal.scripts.Script$Recompilation$44618$3841A$\^function\_.L:1#issueCommand(<function>:124)
	at jdk.nashorn.internal.scripts.Script$Recompilation$44618$3841A$\^function\_.L:1#issueCommand(<function>:124)
	at jdk.nashorn.internal.scripts.Script$Recompilation$44618$3841A$\^function\_.L:1#issueCommand(<function>:124)
	at jdk.nashorn.internal.scripts.Script$Recompilation$44618$3841A$\^function\_.L:1#issueCommand(<function>:124)
	at jdk.nashorn.internal.scripts.Script$Recompilation$44618$3841A$\^function\_.L:1#issueCommand(<function>:124)
	at jdk.nashorn.internal.scripts.Script$Recompilation$44618$3841A$\^function\_.L:1#issueCommand(<function>:124)
	at jdk.nashorn.internal.scripts.Script$Recompilation$44618$3841A$\^function\_.L:1#issueCommand(<function>:124)
	at jdk.nashorn.internal.scripts.Script$Recompilation$44618$3841A$\^function\_.L:1#issueCommand(<function>:124)
	at jdk.nashorn.internal.scripts.Script$Recompilation$44618$3841A$\^function\_.L:1#issueCommand(<function>:124)
	at jdk.nashorn.internal.scripts.Script$Recompilation$44618$3841A$\^function\_.L:1#issueCommand(<function>:124)
	at jdk.nashorn.internal.scripts.Script$Recompilation$44618$3841A$\^function\_.L:1#issueCommand(<function>:124)
	at jdk.nashorn.internal.scripts.Script$Recompilation$44618$3841A$\^function\_.L:1#issueCommand(<function>:124)
	at jdk.nashorn.internal.scripts.Script$Recompilation$44618$3841A$\^function\_.L:1#issueCommand(<function>:124)
	at jdk.nashorn.internal.scripts.Script$Recompilation$44618$3841A$\^function\_.L:1#issueCommand(<function>:124)
	at jdk.nashorn.internal.scripts.Script$Recompilation$44618$3841A$\^function\_.L:1#issueCommand(<function>:124)
	at jdk.nashorn.internal.scripts.Script$Recompilation$44618$3841A$\^function\_.L:1#issueCommand(<function>:124)
	at jdk.nashorn.internal.scripts.Script$Recompilation$44618$3841A$\^function\_.L:1#issueCommand(<function>:124)
	at jdk.nashorn.internal.scripts.Script$Recompilation$44618$3841A$\^function\_.L:1#issueCommand(<function>:124)
	at jdk.nashorn.internal.scripts.Script$Recompilation$44618$3841A$\^function\_.L:1#issueCommand(<function>:124)
	at jdk.nashorn.internal.scripts.Script$Recompilation$44618$3841A$\^function\_.L:1#issueCommand(<function>:124)
	at jdk.nashorn.internal.scripts.Script$Recompilation$44618$3841A$\^function\_.L:1#issueCommand(<function>:124)
	at jdk.nashorn.internal.scripts.Script$Recompilation$44618$3841A$\^function\_.L:1#issueCommand(<function>:124)
	at jdk.nashorn.internal.scripts.Script$Recompilation$44618$3841A$\^function\_.L:1#issueCommand(<function>:124)
	at jdk.nashorn.internal.scripts.Script$Recompilation$44618$3841A$\^function\_.L:1#issueCommand(<function>:124)
	at jdk.nashorn.internal.scripts.Script$Recompilation$44618$3841A$\^function\_.L:1#issueCommand(<function>:124)
	at jdk.nashorn.internal.scripts.Script$Recompilation$44618$3841A$\^function\_.L:1#issueCommand(<function>:124)
	at jdk.nashorn.internal.scripts.Script$Recompilation$44618$3841A$\^function\_.L:1#issueCommand(<function>:124)
	at jdk.nashorn.internal.scripts.Script$Recompilation$44618$3841A$\^function\_.L:1#issueCommand(<function>:124)
	at jdk.nashorn.internal.scripts.Script$Recompilation$44618$3841A$\^function\_.L:1#issueCommand(<function>:124)
	at jdk.nashorn.internal.scripts.Script$Recompilation$44618$3841A$\^function\_.L:1#issueCommand(<function>:124)
	at jdk.nashorn.internal.scripts.Script$Recompilation$44618$3841A$\^function\_.L:1#issueCommand(<function>:124)
	at jdk.nashorn.internal.scripts.Script$Recompilation$44618$3841A$\^function\_.L:1#issueCommand(<function>:124)
	at jdk.nashorn.internal.scripts.Script$Recompilation$44618$3841A$\^function\_.L:1#issueCommand(<function>:124)
	at jdk.nashorn.internal.scripts.Script$Recompilation$44618$3841A$\^function\_.L:1#issueCommand(<function>:124)
	at jdk.nashorn.internal.scripts.Script$Recompilation$44618$3841A$\^function\_.L:1#issueCommand(<function>:124)
	at jdk.nashorn.internal.scripts.Script$Recompilation$44618$3841A$\^function\_.L:1#issueCommand(<function>:124)
	at jdk.nashorn.internal.scripts.Script$Recompilation$44618$3841A$\^function\_.L:1#issueCommand(<function>:124)
	at jdk.nashorn.internal.scripts.Script$Recompilation$44618$3841A$\^function\_.L:1#issueCommand(<function>:124)
	at jdk.nashorn.internal.scripts.Script$Recompilation$44618$3841A$\^function\_.L:1#issueCommand(<function>:124)
	at jdk.nashorn.internal.scripts.Script$Recompilation$44618$3841A$\^function\_.L:1#issueCommand(<function>:124)
	at jdk.nashorn.internal.scripts.Script$Recompilation$44618$3841A$\^function\_.L:1#issueCommand(<function>:124)
	at jdk.nashorn.internal.scripts.Script$Recompilation$44618$3841A$\^function\_.L:1#issueCommand(<function>:124)
	at jdk.nashorn.internal.scripts.Script$Recompilation$44618$3841A$\^function\_.L:1#issueCommand(<function>:124)
	at jdk.nashorn.internal.scripts.Script$Recompilation$44618$3841A$\^function\_.L:1#issueCommand(<function>:124)
	at jdk.nashorn.internal.scripts.Script$Recompilation$44618$3841A$\^function\_.L:1#issueCommand(<function>:124)
	at jdk.nashorn.internal.scripts.Script$Recompilation$44618$3841A$\^function\_.L:1#issueCommand(<function>:124)
	at jdk.nashorn.internal.scripts.Script$Recompilation$44618$3841A$\^function\_.L:1#issueCommand(<function>:124)
	at jdk.nashorn.internal.scripts.Script$Recompilation$44618$3841A$\^function\_.L:1#issueCommand(<function>:124)
	at jdk.nashorn.internal.scripts.Script$Recompilation$44618$3841A$\^function\_.L:1#issueCommand(<function>:124)
	at jdk.nashorn.internal.scripts.Script$Recompilation$44618$3841A$\^function\_.L:1#issueCommand(<function>:124)
	at jdk.nashorn.internal.scripts.Script$Recompilation$44618$3841A$\^function\_.L:1#issueCommand(<function>:124)
	at jdk.nashorn.internal.scripts.Script$Recompilation$44618$3841A$\^function\_.L:1#issueCommand(<function>:124)
	at jdk.nashorn.internal.scripts.Script$Recompilation$44618$3841A$\^function\_.L:1#issueCommand(<function>:124)
	at jdk.nashorn.internal.scripts.Script$Recompilation$44618$3841A$\^function\_.L:1#issueCommand(<function>:124)
	at jdk.nashorn.internal.scripts.Script$Recompilation$44618$3841A$\^function\_.L:1#issueCommand(<function>:124)
	at jdk.nashorn.internal.scripts.Script$Recompilation$44618$3841A$\^function\_.L:1#issueCommand(<function>:124)
	at jdk.nashorn.internal.scripts.Script$Recompilation$44618$3841A$\^function\_.L:1#issueCommand(<function>:124)
	at jdk.nashorn.internal.scripts.Script$Recompilation$44618$3841A$\^function\_.L:1#issueCommand(<function>:124)
	at jdk.nashorn.internal.scripts.Script$Recompilation$44618$3841A$\^function\_.L:1#issueCommand(<function>:124)
	at jdk.nashorn.internal.scripts.Script$Recompilation$44618$3841A$\^function\_.L:1#issueCommand(<function>:124)
	at jdk.nashorn.internal.scripts.Script$Recompilation$44618$3841A$\^function\_.L:1#issueCommand(<function>:124)
	at jdk.nashorn.internal.scripts.Script$Recompilation$44618$3841A$\^function\_.L:1#issueCommand(<function>:124)
	at jdk.nashorn.internal.scripts.Script$Recompilation$44618$3841A$\^function\_.L:1#issueCommand(<function>:124)
	at jdk.nashorn.internal.scripts.Script$Recompilation$44618$3841A$\^function\_.L:1#issueCommand(<function>:124)
	at jdk.nashorn.internal.scripts.Script$Recompilation$44618$3841A$\^function\_.L:1#issueCommand(<function>:124)
	at jdk.nashorn.internal.scripts.Script$Recompilation$44618$3841A$\^function\_.L:1#issueCommand(<function>:124)
	at jdk.nashorn.internal.scripts.Script$Recompilation$44618$3841A$\^function\_.L:1#issueCommand(<function>:124)
	at jdk.nashorn.internal.scripts.Script$Recompilation$44618$3841A$\^function\_.L:1#issueCommand(<function>:124)
	at jdk.nashorn.internal.scripts.Script$Recompilation$44618$3841A$\^function\_.L:1#issueCommand(<function>:124)
	at jdk.nashorn.internal.scripts.Script$Recompilation$44618$3841A$\^function\_.L:1#issueCommand(<function>:124)
	at jdk.nashorn.internal.scripts.Script$Recompilation$44618$3841A$\^function\_.L:1#issueCommand(<function>:124)
	at jdk.nashorn.internal.scripts.Script$Recompilation$44618$3841A$\^function\_.L:1#issueCommand(<function>:124)
	at jdk.nashorn.internal.scripts.Script$Recompilation$44618$3841A$\^function\_.L:1#issueCommand(<function>:124)
	at jdk.nashorn.internal.scripts.Script$Recompilation$44618$3841A$\^function\_.L:1#issueCommand(<function>:124)
	at jdk.nashorn.internal.scripts.Script$Recompilation$44618$3841A$\^function\_.L:1#issueCommand(<function>:124)
	at jdk.nashorn.internal.scripts.Script$Recompilation$44618$3841A$\^function\_.L:1#issueCommand(<function>:124)
	at jdk.nashorn.internal.scripts.Script$Recompilation$44618$3841A$\^function\_.L:1#issueCommand(<function>:124)
	at jdk.nashorn.internal.scripts.Script$Recompilation$44618$3841A$\^function\_.L:1#issueCommand(<function>:124)
	at jdk.nashorn.internal.scripts.Script$Recompilation$44618$3841A$\^function\_.L:1#issueCommand(<function>:124)
	at jdk.nashorn.internal.scripts.Script$Recompilation$44618$3841A$\^function\_.L:1#issueCommand(<function>:124)
	at jdk.nashorn.internal.scripts.Script$Recompilation$44618$3841A$\^function\_.L:1#issueCommand(<function>:124)
	at jdk.nashorn.internal.scripts.Script$Recompilation$44618$3841A$\^function\_.L:1#issueCommand(<function>:124)
	at jdk.nashorn.internal.scripts.Script$Recompilation$44618$3841A$\^function\_.L:1#issueCommand(<function>:124)
	at jdk.nashorn.internal.scripts.Script$Recompilation$44618$3841A$\^function\_.L:1#issueCommand(<function>:124)
	at jdk.nashorn.internal.scripts.Script$Recompilation$44618$3841A$\^function\_.L:1#issueCommand(<function>:124)
	at jdk.nashorn.internal.scripts.Script$Recompilation$44618$3841A$\^function\_.L:1#issueCommand(<function>:124)
	at jdk.nashorn.internal.scripts.Script$Recompilation$44618$3841A$\^function\_.L:1#issueCommand(<function>:124)
	at jdk.nashorn.internal.scripts.Script$Recompilation$44618$3841A$\^function\_.L:1#issueCommand(<function>:124)
	at jdk.nashorn.internal.scripts.Script$Recompilation$44618$3841A$\^function\_.L:1#issueCommand(<function>:124)
	at jdk.nashorn.internal.scripts.Script$Recompilation$44618$3841A$\^function\_.L:1#issueCommand(<function>:124)
	at jdk.nashorn.internal.scripts.Script$Recompilation$44618$3841A$\^function\_.L:1#issueCommand(<function>:124)
	at jdk.nashorn.internal.scripts.Script$Recompilation$44618$3841A$\^function\_.L:1#issueCommand(<function>:124)
	at jdk.nashorn.internal.scripts.Script$Recompilation$44618$3841A$\^function\_.L:1#issueCommand(<function>:124)
	at jdk.nashorn.internal.scripts.Script$Recompilation$44618$3841A$\^function\_.L:1#issueCommand(<function>:124)
	at jdk.nashorn.internal.scripts.Script$Recompilation$44618$3841A$\^function\_.L:1#issueCommand(<function>:124)
	at jdk.nashorn.internal.scripts.Script$Recompilation$44618$3841A$\^function\_.L:1#issueCommand(<function>:124)
	at jdk.nashorn.internal.scripts.Script$Recompilation$44618$3841A$\^function\_.L:1#issueCommand(<function>:124)
	at jdk.nashorn.internal.scripts.Script$Recompilation$44618$3841A$\^function\_.L:1#issueCommand(<function>:124)
	at jdk.nashorn.internal.scripts.Script$Recompilation$44618$3841A$\^function\_.L:1#issueCommand(<function>:124)
	at jdk.nashorn.internal.scripts.Script$Recompilation$44618$3841A$\^function\_.L:1#issueCommand(<function>:124)
	at jdk.nashorn.internal.scripts.Script$Recompilation$44618$3841A$\^function\_.L:1#issueCommand(<function>:124)
	at jdk.nashorn.internal.scripts.Script$Recompilation$44618$3841A$\^function\_.L:1#issueCommand(<function>:124)
	at jdk.nashorn.internal.scripts.Script$Recompilation$44618$3841A$\^function\_.L:1#issueCommand(<function>:124)
	at jdk.nashorn.internal.scripts.Script$Recompilation$44618$3841A$\^function\_.L:1#issueCommand(<function>:124)
	at jdk.nashorn.internal.scripts.Script$Recompilation$44618$3841A$\^function\_.L:1#issueCommand(<function>:124)
	at jdk.nashorn.internal.scripts.Script$Recompilation$44618$3841A$\^function\_.L:1#issueCommand(<function>:124)
	at jdk.nashorn.internal.scripts.Script$Recompilation$44618$3841A$\^function\_.L:1#issueCommand(<function>:124)
	at jdk.nashorn.internal.scripts.Script$Recompilation$44618$3841A$\^function\_.L:1#issueCommand(<function>:124)
	at jdk.nashorn.internal.scripts.Script$Recompilation$44618$3841A$\^function\_.L:1#issueCommand(<function>:124)
	at jdk.nashorn.internal.scripts.Script$Recompilation$44618$3841A$\^function\_.L:1#issueCommand(<function>:124)
	at jdk.nashorn.internal.scripts.Script$Recompilation$44618$3841A$\^function\_.L:1#issueCommand(<function>:124)
	at jdk.nashorn.internal.scripts.Script$Recompilation$44618$3841A$\^function\_.L:1#issueCommand(<function>:124)
	at jdk.nashorn.internal.scripts.Script$Recompilation$44618$3841A$\^function\_.L:1#issueCommand(<function>:124)
	at jdk.nashorn.internal.scripts.Script$Recompilation$44618$3841A$\^function\_.L:1#issueCommand(<function>:124)
	at jdk.nashorn.internal.scripts.Script$Recompilation$44618$3841A$\^function\_.L:1#issueCommand(<function>:124)
	at jdk.nashorn.internal.scripts.Script$Recompilation$44618$3841A$\^function\_.L:1#issueCommand(<function>:124)
	at jdk.nashorn.internal.scripts.Script$Recompilation$44618$3841A$\^function\_.L:1#issueCommand(<function>:124)
	at jdk.nashorn.internal.scripts.Script$Recompilation$44618$3841A$\^function\_.L:1#issueCommand(<function>:124)
	at jdk.nashorn.internal.scripts.Script$Recompilation$44618$3841A$\^function\_.L:1#issueCommand(<function>:124)
	at jdk.nashorn.internal.scripts.Script$Recompilation$44618$3841A$\^function\_.L:1#issueCommand(<function>:124)
	at jdk.nashorn.internal.scripts.Script$Recompilation$44618$3841A$\^function\_.L:1#issueCommand(<function>:124)
	at jdk.nashorn.internal.scripts.Script$Recompilation$44618$3841A$\^function\_.L:1#issueCommand(<function>:124)
	at jdk.nashorn.internal.scripts.Script$Recompilation$44618$3841A$\^function\_.L:1#issueCommand(<function>:124)
	at jdk.nashorn.internal.scripts.Script$Recompilation$44618$3841A$\^function\_.L:1#issueCommand(<function>:124)
	at jdk.nashorn.internal.scripts.Script$Recompilation$44618$3841A$\^function\_.L:1#issueCommand(<function>:124)
	at jdk.nashorn.internal.scripts.Script$Recompilation$44618$3841A$\^function\_.L:1#issueCommand(<function>:124)
	at jdk.nashorn.internal.scripts.Script$Recompilation$44618$3841A$\^function\_.L:1#issueCommand(<function>:124)
	at jdk.nashorn.internal.scripts.Script$Recompilation$44618$3841A$\^function\_.L:1#issueCommand(<function>:124)
	at jdk.nashorn.internal.scripts.Script$Recompilation$44618$3841A$\^function\_.L:1#issueCommand(<function>:124)
	at jdk.nashorn.internal.scripts.Script$Recompilation$44618$3841A$\^function\_.L:1#issueCommand(<function>:124)
	at jdk.nashorn.internal.scripts.Script$Recompilation$44618$3841A$\^function\_.L:1#issueCommand(<function>:124)
	at jdk.nashorn.internal.scripts.Script$Recompilation$44618$3841A$\^function\_.L:1#issueCommand(<function>:124)
	at jdk.nashorn.internal.scripts.Script$Recompilation$44618$3841A$\^function\_.L:1#issueCommand(<function>:124)
	at jdk.nashorn.internal.scripts.Script$Recompilation$44618$3841A$\^function\_.L:1#issueCommand(<function>:124)
	at jdk.nashorn.internal.scripts.Script$Recompilation$44618$3841A$\^function\_.L:1#issueCommand(<function>:124)
	at jdk.nashorn.internal.scripts.Script$Recompilation$44618$3841A$\^function\_.L:1#issueCommand(<function>:124)
	at jdk.nashorn.internal.scripts.Script$Recompilation$44618$3841A$\^function\_.L:1#issueCommand(<function>:124)
	at jdk.nashorn.internal.scripts.Script$Recompilation$44618$3841A$\^function\_.L:1#issueCommand(<function>:124)
	at jdk.nashorn.internal.scripts.Script$Recompilation$44618$3841A$\^function\_.L:1#issueCommand(<function>:124)
	at jdk.nashorn.internal.scripts.Script$Recompilation$44618$3841A$\^function\_.L:1#issueCommand(<function>:124)
	at jdk.nashorn.internal.scripts.Script$Recompilation$44618$3841A$\^function\_.L:1#issueCommand(<function>:124)
	at jdk.nashorn.internal.scripts.Script$Recompilation$44618$3841A$\^function\_.L:1#issueCommand(<function>:124)
	at jdk.nashorn.internal.scripts.Script$Recompilation$44618$3841A$\^function\_.L:1#issueCommand(<function>:124)
	at jdk.nashorn.internal.scripts.Script$Recompilation$44618$3841A$\^function\_.L:1#issueCommand(<function>:124)
	at jdk.nashorn.internal.scripts.Script$Recompilation$44618$3841A$\^function\_.L:1#issueCommand(<function>:124)
	at jdk.nashorn.internal.scripts.Script$Recompilation$44618$3841A$\^function\_.L:1#issueCommand(<function>:124)
	at jdk.nashorn.internal.scripts.Script$Recompilation$44618$3841A$\^function\_.L:1#issueCommand(<function>:124)
	at jdk.nashorn.internal.scripts.Script$Recompilation$44618$3841A$\^function\_.L:1#issueCommand(<function>:124)
	at jdk.nashorn.internal.scripts.Script$Recompilation$44618$3841A$\^function\_.L:1#issueCommand(<function>:124)
	at jdk.nashorn.internal.scripts.Script$Recompilation$44618$3841A$\^function\_.L:1#issueCommand(<function>:124)
	at jdk.nashorn.internal.scripts.Script$Recompilation$44618$3841A$\^function\_.L:1#issueCommand(<function>:124)
	at jdk.nashorn.internal.scripts.Script$Recompilation$44618$3841A$\^function\_.L:1#issueCommand(<function>:124)
	at jdk.nashorn.internal.scripts.Script$Recompilation$44618$3841A$\^function\_.L:1#issueCommand(<function>:124)
	at jdk.nashorn.internal.scripts.Script$Recompilation$44618$3841A$\^function\_.L:1#issueCommand(<function>:124)
	at jdk.nashorn.internal.scripts.Script$Recompilation$44618$3841A$\^function\_.L:1#issueCommand(<function>:124)
	at jdk.nashorn.internal.scripts.Script$Recompilation$44618$3841A$\^function\_.L:1#issueCommand(<function>:124)
	at jdk.nashorn.internal.scripts.Script$Recompilation$44618$3841A$\^function\_.L:1#issueCommand(<function>:124)
	at jdk.nashorn.internal.scripts.Script$Recompilation$44618$3841A$\^function\_.L:1#issueCommand(<function>:124)
	at jdk.nashorn.internal.scripts.Script$Recompilation$44618$3841A$\^function\_.L:1#issueCommand(<function>:124)
	at jdk.nashorn.internal.scripts.Script$Recompilation$44618$3841A$\^function\_.L:1#issueCommand(<function>:124)
	at jdk.nashorn.internal.scripts.Script$Recompilation$44618$3841A$\^function\_.L:1#issueCommand(<function>:124)
	at jdk.nashorn.internal.scripts.Script$Recompilation$44618$3841A$\^function\_.L:1#issueCommand(<function>:124)
	at jdk.nashorn.internal.scripts.Script$Recompilation$44618$3841A$\^function\_.L:1#issueCommand(<function>:124)
	at jdk.nashorn.internal.scripts.Script$Recompilation$44618$3841A$\^function\_.L:1#issueCommand(<function>:124)
	at jdk.nashorn.internal.scripts.Script$Recompilation$44618$3841A$\^function\_.L:1#issueCommand(<function>:124)
	at jdk.nashorn.internal.scripts.Script$Recompilation$44618$3841A$\^function\_.L:1#issueCommand(<function>:124)
	at jdk.nashorn.internal.scripts.Script$Recompilation$44618$3841A$\^function\_.L:1#issueCommand(<function>:124)
	at jdk.nashorn.internal.scripts.Script$Recompilation$44618$3841A$\^function\_.L:1#issueCommand(<function>:124)
	at jdk.nashorn.internal.scripts.Script$Recompilation$44618$3841A$\^function\_.L:1#issueCommand(<function>:124)
	at jdk.nashorn.internal.scripts.Script$Recompilation$44618$3841A$\^function\_.L:1#issueCommand(<function>:124)
	at jdk.nashorn.internal.scripts.Script$Recompilation$44618$3841A$\^function\_.L:1#issueCommand(<function>:124)
	at jdk.nashorn.internal.scripts.Script$Recompilation$44618$3841A$\^function\_.L:1#issueCommand(<function>:124)
	at jdk.nashorn.internal.scripts.Script$Recompilation$44618$3841A$\^function\_.L:1#issueCommand(<function>:124)
	at jdk.nashorn.internal.scripts.Script$Recompilation$44618$3841A$\^function\_.L:1#issueCommand(<function>:124)
	at jdk.nashorn.internal.scripts.Script$Recompilation$44618$3841A$\^function\_.L:1#issueCommand(<function>:124)
	at jdk.nashorn.internal.scripts.Script$Recompilation$44618$3841A$\^function\_.L:1#issueCommand(<function>:124)
	at jdk.nashorn.internal.scripts.Script$Recompilation$44618$3841A$\^function\_.L:1#issueCommand(<function>:124)
	at jdk.nashorn.internal.scripts.Script$Recompilation$44618$3841A$\^function\_.L:1#issueCommand(<function>:124)
	at jdk.nashorn.internal.scripts.Script$Recompilation$44618$3841A$\^function\_.L:1#issueCommand(<function>:124)
	at jdk.nashorn.internal.scripts.Script$Recompilation$44618$3841A$\^function\_.L:1#issueCommand(<function>:124)
	at jdk.nashorn.internal.scripts.Script$Recompilation$44618$3841A$\^function\_.L:1#issueCommand(<function>:124)
	at jdk.nashorn.internal.scripts.Script$Recompilation$44618$3841A$\^function\_.L:1#issueCommand(<function>:124)
	at jdk.nashorn.internal.scripts.Script$Recompilation$44618$3841A$\^function\_.L:1#issueCommand(<function>:124)
	at jdk.nashorn.internal.scripts.Script$Recompilation$44618$3841A$\^function\_.L:1#issueCommand(<function>:124)
	at jdk.nashorn.internal.scripts.Script$Recompilation$44618$3841A$\^function\_.L:1#issueCommand(<function>:124)
	at jdk.nashorn.internal.scripts.Script$Recompilation$44618$3841A$\^function\_.L:1#issueCommand(<function>:124)
	at jdk.nashorn.internal.scripts.Script$Recompilation$44618$3841A$\^function\_.L:1#issueCommand(<function>:124)
	at jdk.nashorn.internal.scripts.Script$Recompilation$44618$3841A$\^function\_.L:1#issueCommand(<function>:124)
	at jdk.nashorn.internal.scripts.Script$Recompilation$44618$3841A$\^function\_.L:1#issueCommand(<function>:124)
	at jdk.nashorn.internal.scripts.Script$Recompilation$44618$3841A$\^function\_.L:1#issueCommand(<function>:124)
	at jdk.nashorn.internal.scripts.Script$Recompilation$44618$3841A$\^function\_.L:1#issueCommand(<function>:124)
	at jdk.nashorn.internal.scripts.Script$Recompilation$44618$3841A$\^function\_.L:1#issueCommand(<function>:124)
	at jdk.nashorn.internal.scripts.Script$Recompilation$44618$3841A$\^function\_.L:1#issueCommand(<function>:124)
	at jdk.nashorn.internal.scripts.Script$Recompilation$44618$3841A$\^function\_.L:1#issueCommand(<function>:124)
	at jdk.nashorn.internal.scripts.Script$Recompilation$44618$3841A$\^function\_.L:1#issueCommand(<function>:124)
	at jdk.nashorn.internal.scripts.Script$Recompilation$44618$3841A$\^function\_.L:1#issueCommand(<function>:124)
	at jdk.nashorn.internal.scripts.Script$Recompilation$44618$3841A$\^function\_.L:1#issueCommand(<function>:124)
	at jdk.nashorn.internal.scripts.Script$Recompilation$44618$3841A$\^function\_.L:1#issueCommand(<function>:124)
	at jdk.nashorn.internal.scripts.Script$Recompilation$44618$3841A$\^function\_.L:1#issueCommand(<function>:124)
	at jdk.nashorn.internal.scripts.Script$Recompilation$44618$3841A$\^function\_.L:1#issueCommand(<function>:124)
	at jdk.nashorn.internal.scripts.Script$Recompilation$44618$3841A$\^function\_.L:1#issueCommand(<function>:124)
	at jdk.nashorn.internal.scripts.Script$Recompilation$44618$3841A$\^function\_.L:1#issueCommand(<function>:124)
	at jdk.nashorn.internal.scripts.Script$Recompilation$44618$3841A$\^function\_.L:1#issueCommand(<function>:124)
	at jdk.nashorn.internal.scripts.Script$Recompilation$44618$3841A$\^function\_.L:1#issueCommand(<function>:124)
	at jdk.nashorn.internal.scripts.Script$Recompilation$44618$3841A$\^function\_.L:1#issueCommand(<function>:124)
	at jdk.nashorn.internal.scripts.Script$Recompilation$44618$3841A$\^function\_.L:1#issueCommand(<function>:124)
	at jdk.nashorn.internal.scripts.Script$Recompilation$44618$3841A$\^function\_.L:1#issueCommand(<function>:124)
	at jdk.nashorn.internal.scripts.Script$Recompilation$44618$3841A$\^function\_.L:1#issueCommand(<function>:124)
	at jdk.nashorn.internal.scripts.Script$Recompilation$44618$3841A$\^function\_.L:1#issueCommand(<function>:124)
	at jdk.nashorn.internal.scripts.Script$Recompilation$44618$3841A$\^function\_.L:1#issueCommand(<function>:124)
	at jdk.nashorn.internal.scripts.Script$Recompilation$44618$3841A$\^function\_.L:1#issueCommand(<function>:124)
	at jdk.nashorn.internal.scripts.Script$Recompilation$44618$3841A$\^function\_.L:1#issueCommand(<function>:124)
	at jdk.nashorn.internal.scripts.Script$Recompilation$44618$3841A$\^function\_.L:1#issueCommand(<function>:124)
	at jdk.nashorn.internal.scripts.Script$Recompilation$44618$3841A$\^function\_.L:1#issueCommand(<function>:124)
	at jdk.nashorn.internal.scripts.Script$Recompilation$44618$3841A$\^function\_.L:1#issueCommand(<function>:124)
	at jdk.nashorn.internal.scripts.Script$Recompilation$44618$3841A$\^function\_.L:1#issueCommand(<function>:124)
	at jdk.nashorn.internal.scripts.Script$Recompilation$44618$3841A$\^function\_.L:1#issueCommand(<function>:124)
	at jdk.nashorn.internal.scripts.Script$Recompilation$44618$3841A$\^function\_.L:1#issueCommand(<function>:124)
	at jdk.nashorn.internal.scripts.Script$Recompilation$44618$3841A$\^function\_.L:1#issueCommand(<function>:124)
	at jdk.nashorn.internal.scripts.Script$Recompilation$44618$3841A$\^function\_.L:1#issueCommand(<function>:124)
	at jdk.nashorn.internal.scripts.Script$Recompilation$44618$3841A$\^function\_.L:1#issueCommand(<function>:124)
	at jdk.nashorn.internal.scripts.Script$Recompilation$44618$3841A$\^function\_.L:1#issueCommand(<function>:124)
	at jdk.nashorn.internal.scripts.Script$Recompilation$44618$3841A$\^function\_.L:1#issueCommand(<function>:124)
	at jdk.nashorn.internal.scripts.Script$Recompilation$44618$3841A$\^function\_.L:1#issueCommand(<function>:124)
	at jdk.nashorn.internal.scripts.Script$Recompilation$44618$3841A$\^function\_.L:1#issueCommand(<function>:124)
	at jdk.nashorn.internal.scripts.Script$Recompilation$44618$3841A$\^function\_.L:1#issueCommand(<function>:124)
	at jdk.nashorn.internal.scripts.Script$Recompilation$44618$3841A$\^function\_.L:1#issueCommand(<function>:124)
	at jdk.nashorn.internal.scripts.Script$Recompilation$44618$3841A$\^function\_.L:1#issueCommand(<function>:124)
	at jdk.nashorn.internal.scripts.Script$Recompilation$44618$3841A$\^function\_.L:1#issueCommand(<function>:124)
	at jdk.nashorn.internal.scripts.Script$Recompilation$44618$3841A$\^function\_.L:1#issueCommand(<function>:124)
	at jdk.nashorn.internal.scripts.Script$Recompilation$44618$3841A$\^function\_.L:1#issueCommand(<function>:124)
	at jdk.nashorn.internal.scripts.Script$Recompilation$44618$3841A$\^function\_.L:1#issueCommand(<function>:124)
	at jdk.nashorn.internal.scripts.Script$Recompilation$44618$3841A$\^function\_.L:1#issueCommand(<function>:124)
	at jdk.nashorn.internal.scripts.Script$Recompilation$44618$3841A$\^function\_.L:1#issueCommand(<function>:124)
	at jdk.nashorn.internal.scripts.Script$Recompilation$44618$3841A$\^function\_.L:1#issueCommand(<function>:124)
	at jdk.nashorn.internal.scripts.Script$Recompilation$44618$3841A$\^function\_.L:1#issueCommand(<function>:124)
	at jdk.nashorn.internal.scripts.Script$Recompilation$44618$3841A$\^function\_.L:1#issueCommand(<function>:124)
	at jdk.nashorn.internal.scripts.Script$Recompilation$44618$3841A$\^function\_.L:1#issueCommand(<function>:124)
	at jdk.nashorn.internal.scripts.Script$Recompilation$44618$3841A$\^function\_.L:1#issueCommand(<function>:124)
	at jdk.nashorn.internal.scripts.Script$Recompilation$44618$3841A$\^function\_.L:1#issueCommand(<function>:124)
	at jdk.nashorn.internal.scripts.Script$Recompilation$44618$3841A$\^function\_.L:1#issueCommand(<function>:124)
	at jdk.nashorn.internal.scripts.Script$Recompilation$44618$3841A$\^function\_.L:1#issueCommand(<function>:124)
	at jdk.nashorn.internal.scripts.Script$Recompilation$44618$3841A$\^function\_.L:1#issueCommand(<function>:124)
	at jdk.nashorn.internal.scripts.Script$Recompilation$44618$3841A$\^function\_.L:1#issueCommand(<function>:124)
	at jdk.nashorn.internal.scripts.Script$Recompilation$44618$3841A$\^function\_.L:1#issueCommand(<function>:124)
	at jdk.nashorn.internal.scripts.Script$Recompilation$44618$3841A$\^function\_.L:1#issueCommand(<function>:124)
	at jdk.nashorn.internal.scripts.Script$Recompilation$44618$3841A$\^function\_.L:1#issueCommand(<function>:124)
	at jdk.nashorn.internal.scripts.Script$Recompilation$44618$3841A$\^function\_.L:1#issueCommand(<function>:124)
	at jdk.nashorn.internal.scripts.Script$Recompilation$44618$3841A$\^function\_.L:1#issueCommand(<function>:124)
	at jdk.nashorn.internal.scripts.Script$Recompilation$44618$3841A$\^function\_.L:1#issueCommand(<function>:124)
	at jdk.nashorn.internal.scripts.Script$Recompilation$44618$3841A$\^function\_.L:1#issueCommand(<function>:124)
	at jdk.nashorn.internal.scripts.Script$Recompilation$44618$3841A$\^function\_.L:1#issueCommand(<function>:124)
	at jdk.nashorn.internal.scripts.Script$Recompilation$44618$3841A$\^function\_.L:1#issueCommand(<function>:124)
	at jdk.nashorn.internal.scripts.Script$Recompilation$44618$3841A$\^function\_.L:1#issueCommand(<function>:124)
	at jdk.nashorn.internal.scripts.Script$Recompilation$44618$3841A$\^function\_.L:1#issueCommand(<function>:124)
	at jdk.nashorn.internal.scripts.Script$Recompilation$44618$3841A$\^function\_.L:1#issueCommand(<function>:124)
	at jdk.nashorn.internal.scripts.Script$Recompilation$44618$3841A$\^function\_.L:1#issueCommand(<function>:124)
	at jdk.nashorn.internal.scripts.Script$Recompilation$44618$3841A$\^function\_.L:1#issueCommand(<function>:124)
	at jdk.nashorn.internal.scripts.Script$Recompilation$44618$3841A$\^function\_.L:1#issueCommand(<function>:124)
	at jdk.nashorn.internal.scripts.Script$Recompilation$44618$3841A$\^function\_.L:1#issueCommand(<function>:124)
	at jdk.nashorn.internal.scripts.Script$Recompilation$44618$3841A$\^function\_.L:1#issueCommand(<function>:124)
	at jdk.nashorn.internal.scripts.Script$Recompilation$44618$3841A$\^function\_.L:1#issueCommand(<function>:124)
	at jdk.nashorn.internal.scripts.Script$Recompilation$44618$3841A$\^function\_.L:1#issueCommand(<function>:124)
	at jdk.nashorn.internal.scripts.Script$Recompilation$44618$3841A$\^function\_.L:1#issueCommand(<function>:124)
	at jdk.nashorn.internal.scripts.Script$Recompilation$44618$3841A$\^function\_.L:1#issueCommand(<function>:124)
	at jdk.nashorn.internal.scripts.Script$Recompilation$44618$3841A$\^function\_.L:1#issueCommand(<function>:124)
	at jdk.nashorn.internal.scripts.Script$Recompilation$44618$3841A$\^function\_.L:1#issueCommand(<function>:124)
	at jdk.nashorn.internal.scripts.Script$Recompilation$44618$3841A$\^function\_.L:1#issueCommand(<function>:124)
	at jdk.nashorn.internal.scripts.Script$Recompilation$44618$3841A$\^function\_.L:1#issueCommand(<function>:124)
	at jdk.nashorn.internal.scripts.Script$Recompilation$44618$3841A$\^function\_.L:1#issueCommand(<function>:124)
	at jdk.nashorn.internal.scripts.Script$Recompilation$44618$3841A$\^function\_.L:1#issueCommand(<function>:124)
	at jdk.nashorn.internal.scripts.Script$Recompilation$44618$3841A$\^function\_.L:1#issueCommand(<function>:124)
	at jdk.nashorn.internal.scripts.Script$Recompilation$44618$3841A$\^function\_.L:1#issueCommand(<function>:124)
	at jdk.nashorn.internal.scripts.Script$Recompilation$44618$3841A$\^function\_.L:1#issueCommand(<function>:124)
	at jdk.nashorn.internal.scripts.Script$Recompilation$44618$3841A$\^function\_.L:1#issueCommand(<function>:124)
	at jdk.nashorn.internal.scripts.Script$Recompilation$44618$3841A$\^function\_.L:1#issueCommand(<function>:124)
	at jdk.nashorn.internal.scripts.Script$Recompilation$44618$3841A$\^function\_.L:1#issueCommand(<function>:124)
	at jdk.nashorn.internal.scripts.Script$Recompilation$44618$3841A$\^function\_.L:1#issueCommand(<function>:124)
	at jdk.nashorn.internal.scripts.Script$Recompilation$44618$3841A$\^function\_.L:1#issueCommand(<function>:124)
	at jdk.nashorn.internal.scripts.Script$Recompilation$44618$3841A$\^function\_.L:1#issueCommand(<function>:124)
	at jdk.nashorn.internal.scripts.Script$Recompilation$44618$3841A$\^function\_.L:1#issueCommand(<function>:124)
	at jdk.nashorn.internal.scripts.Script$Recompilation$44618$3841A$\^function\_.L:1#issueCommand(<function>:124)
	at jdk.nashorn.internal.scripts.Script$Recompilation$44618$3841A$\^function\_.L:1#issueCommand(<function>:124)
 in /home/travis/build/icyphy/ptII/ptolemy/actor/lib/jjs/external/require.js#409:30<eval> at line number 1736 at column number 24
	at ptolemy.actor.lib.jjs.JavaScript._invokeMethodInContext(JavaScript.java:2306)
	at ptolemy.actor.lib.jjs.JavaScript.fire(JavaScript.java:1138)
	at ptolemy.domains.de.kernel.DEDirector._fire(DEDirector.java:1949)
	at ptolemy.domains.de.kernel.DEDirector.fire(DEDirector.java:502)
	at ptolemy.actor.CompositeActor.fire(CompositeActor.java:455)
	at ptolemy.actor.Manager.iterate(Manager.java:851)
	at ptolemy.actor.Manager.execute(Manager.java:369)
	at ptolemy.vergil.basic.export.ExportModel$2.run(ExportModel.java:390)
	... 14 more
Caused by: javax.script.ScriptException: Error: commonHost.js, react(), invoking a specific handler for "trigger": Exception occurred in input handler for accessor SemanticYelpSearch, which has now has been removed.  Exception was: java.lang.StackOverflowError Stacktrace was: 
java.lang.StackOverflowError
	at jdk.nashorn.internal.runtime.AccessorProperty.getObjectValue(AccessorProperty.java:417)
	at jdk.nashorn.internal.runtime.FindProperty.getObjectValue(FindProperty.java:229)
	at jdk.nashorn.internal.runtime.ScriptObject.get(ScriptObject.java:2860)
	at jdk.nashorn.internal.runtime.ScriptObject.get(ScriptObject.java:2877)
	at jdk.nashorn.internal.scripts.Script$Recompilation$44872$56054A$require.L:1#get(/home/travis/build/icyphy/ptII/ptolemy/actor/lib/jjs/external/require.js#409:30<eval>:1245)
	at jdk.nashorn.internal.scripts.Script$Recompilation$44618$3841A$\^function\_.L:1#issueCommand(<function>:116)
	at jdk.nashorn.internal.scripts.Script$Recompilation$44618$3841A$\^function\_.L:1#issueCommand(<function>:124)
	at jdk.nashorn.internal.scripts.Script$Recompilation$44618$3841A$\^function\_.L:1#issueCommand(<function>:124)
	at jdk.nashorn.internal.scripts.Script$Recompilation$44618$3841A$\^function\_.L:1#issueCommand(<function>:124)
	at jdk.nashorn.internal.scripts.Script$Recompilation$44618$3841A$\^function\_.L:1#issueCommand(<function>:124)
	at jdk.nashorn.internal.scripts.Script$Recompilation$44618$3841A$\^function\_.L:1#issueCommand(<function>:124)
	at jdk.nashorn.internal.scripts.Script$Recompilation$44618$3841A$\^function\_.L:1#issueCommand(<function>:124)
	at jdk.nashorn.internal.scripts.Script$Recompilation$44618$3841A$\^function\_.L:1#issueCommand(<function>:124)
	at jdk.nashorn.internal.scripts.Script$Recompilation$44618$3841A$\^function\_.L:1#issueCommand(<function>:124)
	at jdk.nashorn.internal.scripts.Script$Recompilation$44618$3841A$\^function\_.L:1#issueCommand(<function>:124)
	at jdk.nashorn.internal.scripts.Script$Recompilation$44618$3841A$\^function\_.L:1#issueCommand(<function>:124)
	at jdk.nashorn.internal.scripts.Script$Recompilation$44618$3841A$\^function\_.L:1#issueCommand(<function>:124)
	at jdk.nashorn.internal.scripts.Script$Recompilation$44618$3841A$\^function\_.L:1#issueCommand(<function>:124)
	at jdk.nashorn.internal.scripts.Script$Recompilation$44618$3841A$\^function\_.L:1#issueCommand(<function>:124)
	at jdk.nashorn.internal.scripts.Script$Recompilation$44618$3841A$\^function\_.L:1#issueCommand(<function>:124)
	at jdk.nashorn.internal.scripts.Script$Recompilation$44618$3841A$\^function\_.L:1#issueCommand(<function>:124)
	at jdk.nashorn.internal.scripts.Script$Recompilation$44618$3841A$\^function\_.L:1#issueCommand(<function>:124)
	at jdk.nashorn.internal.scripts.Script$Recompilation$44618$3841A$\^function\_.L:1#issueCommand(<function>:124)
	at jdk.nashorn.internal.scripts.Script$Recompilation$44618$3841A$\^function\_.L:1#issueCommand(<function>:124)
	at jdk.nashorn.internal.scripts.Script$Recompilation$44618$3841A$\^function\_.L:1#issueCommand(<function>:124)
	at jdk.nashorn.internal.scripts.Script$Recompilation$44618$3841A$\^function\_.L:1#issueCommand(<function>:124)
	at jdk.nashorn.internal.scripts.Script$Recompilation$44618$3841A$\^function\_.L:1#issueCommand(<function>:124)
	at jdk.nashorn.internal.scripts.Script$Recompilation$44618$3841A$\^function\_.L:1#issueCommand(<function>:124)
	at jdk.nashorn.internal.scripts.Script$Recompilation$44618$3841A$\^function\_.L:1#issueCommand(<function>:124)
	at jdk.nashorn.internal.scripts.Script$Recompilation$44618$3841A$\^function\_.L:1#issueCommand(<function>:124)
	at jdk.nashorn.internal.scripts.Script$Recompilation$44618$3841A$\^function\_.L:1#issueCommand(<function>:124)
	at jdk.nashorn.internal.scripts.Script$Recompilation$44618$3841A$\^function\_.L:1#issueCommand(<function>:124)
	at jdk.nashorn.internal.scripts.Script$Recompilation$44618$3841A$\^function\_.L:1#issueCommand(<function>:124)
	at jdk.nashorn.internal.scripts.Script$Recompilation$44618$3841A$\^function\_.L:1#issueCommand(<function>:124)
	at jdk.nashorn.internal.scripts.Script$Recompilation$44618$3841A$\^function\_.L:1#issueCommand(<function>:124)
	at jdk.nashorn.internal.scripts.Script$Recompilation$44618$3841A$\^function\_.L:1#issueCommand(<function>:124)
	at jdk.nashorn.internal.scripts.Script$Recompilation$44618$3841A$\^function\_.L:1#issueCommand(<function>:124)
	at jdk.nashorn.internal.scripts.Script$Recompilation$44618$3841A$\^function\_.L:1#issueCommand(<function>:124)
	at jdk.nashorn.internal.scripts.Script$Recompilation$44618$3841A$\^function\_.L:1#issueCommand(<function>:124)
	at jdk.nashorn.internal.scripts.Script$Recompilation$44618$3841A$\^function\_.L:1#issueCommand(<function>:124)
	at jdk.nashorn.internal.scripts.Script$Recompilation$44618$3841A$\^function\_.L:1#issueCommand(<function>:124)
	at jdk.nashorn.internal.scripts.Script$Recompilation$44618$3841A$\^function\_.L:1#issueCommand(<function>:124)
	at jdk.nashorn.internal.scripts.Script$Recompilation$44618$3841A$\^function\_.L:1#issueCommand(<function>:124)
	at jdk.nashorn.internal.scripts.Script$Recompilation$44618$3841A$\^function\_.L:1#issueCommand(<function>:124)
	at jdk.nashorn.internal.scripts.Script$Recompilation$44618$3841A$\^function\_.L:1#issueCommand(<function>:124)
	at jdk.nashorn.internal.scripts.Script$Recompilation$44618$3841A$\^function\_.L:1#issueCommand(<function>:124)
	at jdk.nashorn.internal.scripts.Script$Recompilation$44618$3841A$\^function\_.L:1#issueCommand(<function>:124)
	at jdk.nashorn.internal.scripts.Script$Recompilation$44618$3841A$\^function\_.L:1#issueCommand(<function>:124)
	at jdk.nashorn.internal.scripts.Script$Recompilation$44618$3841A$\^function\_.L:1#issueCommand(<function>:124)
	at jdk.nashorn.internal.scripts.Script$Recompilation$44618$3841A$\^function\_.L:1#issueCommand(<function>:124)
	at jdk.nashorn.internal.scripts.Script$Recompilation$44618$3841A$\^function\_.L:1#issueCommand(<function>:124)
	at jdk.nashorn.internal.scripts.Script$Recompilation$44618$3841A$\^function\_.L:1#issueCommand(<function>:124)
	at jdk.nashorn.internal.scripts.Script$Recompilation$44618$3841A$\^function\_.L:1#issueCommand(<function>:124)
	at jdk.nashorn.internal.scripts.Script$Recompilation$44618$3841A$\^function\_.L:1#issueCommand(<function>:124)
	at jdk.nashorn.internal.scripts.Script$Recompilation$44618$3841A$\^function\_.L:1#issueCommand(<function>:124)
	at jdk.nashorn.internal.scripts.Script$Recompilation$44618$3841A$\^function\_.L:1#issueCommand(<function>:124)
	at jdk.nashorn.internal.scripts.Script$Recompilation$44618$3841A$\^function\_.L:1#issueCommand(<function>:124)
	at jdk.nashorn.internal.scripts.Script$Recompilation$44618$3841A$\^function\_.L:1#issueCommand(<function>:124)
	at jdk.nashorn.internal.scripts.Script$Recompilation$44618$3841A$\^function\_.L:1#issueCommand(<function>:124)
	at jdk.nashorn.internal.scripts.Script$Recompilation$44618$3841A$\^function\_.L:1#issueCommand(<function>:124)
	at jdk.nashorn.internal.scripts.Script$Recompilation$44618$3841A$\^function\_.L:1#issueCommand(<function>:124)
	at jdk.nashorn.internal.scripts.Script$Recompilation$44618$3841A$\^function\_.L:1#issueCommand(<function>:124)
	at jdk.nashorn.internal.scripts.Script$Recompilation$44618$3841A$\^function\_.L:1#issueCommand(<function>:124)
	at jdk.nashorn.internal.scripts.Script$Recompilation$44618$3841A$\^function\_.L:1#issueCommand(<function>:124)
	at jdk.nashorn.internal.scripts.Script$Recompilation$44618$3841A$\^function\_.L:1#issueCommand(<function>:124)
	at jdk.nashorn.internal.scripts.Script$Recompilation$44618$3841A$\^function\_.L:1#issueCommand(<function>:124)
	at jdk.nashorn.internal.scripts.Script$Recompilation$44618$3841A$\^function\_.L:1#issueCommand(<function>:124)
	at jdk.nashorn.internal.scripts.Script$Recompilation$44618$3841A$\^function\_.L:1#issueCommand(<function>:124)
	at jdk.nashorn.internal.scripts.Script$Recompilation$44618$3841A$\^function\_.L:1#issueCommand(<function>:124)
	at jdk.nashorn.internal.scripts.Script$Recompilation$44618$3841A$\^function\_.L:1#issueCommand(<function>:124)
	at jdk.nashorn.internal.scripts.Script$Recompilation$44618$3841A$\^function\_.L:1#issueCommand(<function>:124)
	at jdk.nashorn.internal.scripts.Script$Recompilation$44618$3841A$\^function\_.L:1#issueCommand(<function>:124)
	at jdk.nashorn.internal.scripts.Script$Recompilation$44618$3841A$\^function\_.L:1#issueCommand(<function>:124)
	at jdk.nashorn.internal.scripts.Script$Recompilation$44618$3841A$\^function\_.L:1#issueCommand(<function>:124)
	at jdk.nashorn.internal.scripts.Script$Recompilation$44618$3841A$\^function\_.L:1#issueCommand(<function>:124)
	at jdk.nashorn.internal.scripts.Script$Recompilation$44618$3841A$\^function\_.L:1#issueCommand(<function>:124)
	at jdk.nashorn.internal.scripts.Script$Recompilation$44618$3841A$\^function\_.L:1#issueCommand(<function>:124)
	at jdk.nashorn.internal.scripts.Script$Recompilation$44618$3841A$\^function\_.L:1#issueCommand(<function>:124)
	at jdk.nashorn.internal.scripts.Script$Recompilation$44618$3841A$\^function\_.L:1#issueCommand(<function>:124)
	at jdk.nashorn.internal.scripts.Script$Recompilation$44618$3841A$\^function\_.L:1#issueCommand(<function>:124)
	at jdk.nashorn.internal.scripts.Script$Recompilation$44618$3841A$\^function\_.L:1#issueCommand(<function>:124)
	at jdk.nashorn.internal.scripts.Script$Recompilation$44618$3841A$\^function\_.L:1#issueCommand(<function>:124)
	at jdk.nashorn.internal.scripts.Script$Recompilation$44618$3841A$\^function\_.L:1#issueCommand(<function>:124)
	at jdk.nashorn.internal.scripts.Script$Recompilation$44618$3841A$\^function\_.L:1#issueCommand(<function>:124)
	at jdk.nashorn.internal.scripts.Script$Recompilation$44618$3841A$\^function\_.L:1#issueCommand(<function>:124)
	at jdk.nashorn.internal.scripts.Script$Recompilation$44618$3841A$\^function\_.L:1#issueCommand(<function>:124)
	at jdk.nashorn.internal.scripts.Script$Recompilation$44618$3841A$\^function\_.L:1#issueCommand(<function>:124)
	at jdk.nashorn.internal.scripts.Script$Recompilation$44618$3841A$\^function\_.L:1#issueCommand(<function>:124)
	at jdk.nashorn.internal.scripts.Script$Recompilation$44618$3841A$\^function\_.L:1#issueCommand(<function>:124)
	at jdk.nashorn.internal.scripts.Script$Recompilation$44618$3841A$\^function\_.L:1#issueCommand(<function>:124)
	at jdk.nashorn.internal.scripts.Script$Recompilation$44618$3841A$\^function\_.L:1#issueCommand(<function>:124)
	at jdk.nashorn.internal.scripts.Script$Recompilation$44618$3841A$\^function\_.L:1#issueCommand(<function>:124)
	at jdk.nashorn.internal.scripts.Script$Recompilation$44618$3841A$\^function\_.L:1#issueCommand(<function>:124)
	at jdk.nashorn.internal.scripts.Script$Recompilation$44618$3841A$\^function\_.L:1#issueCommand(<function>:124)
	at jdk.nashorn.internal.scripts.Script$Recompilation$44618$3841A$\^function\_.L:1#issueCommand(<function>:124)
	at jdk.nashorn.internal.scripts.Script$Recompilation$44618$3841A$\^function\_.L:1#issueCommand(<function>:124)
	at jdk.nashorn.internal.scripts.Script$Recompilation$44618$3841A$\^function\_.L:1#issueCommand(<function>:124)
	at jdk.nashorn.internal.scripts.Script$Recompilation$44618$3841A$\^function\_.L:1#issueCommand(<function>:124)
	at jdk.nashorn.internal.scripts.Script$Recompilation$44618$3841A$\^function\_.L:1#issueCommand(<function>:124)
	at jdk.nashorn.internal.scripts.Script$Recompilation$44618$3841A$\^function\_.L:1#issueCommand(<function>:124)
	at jdk.nashorn.internal.scripts.Script$Recompilation$44618$3841A$\^function\_.L:1#issueCommand(<function>:124)
	at jdk.nashorn.internal.scripts.Script$Recompilation$44618$3841A$\^function\_.L:1#issueCommand(<function>:124)
	at jdk.nashorn.internal.scripts.Script$Recompilation$44618$3841A$\^function\_.L:1#issueCommand(<function>:124)
	at jdk.nashorn.internal.scripts.Script$Recompilation$44618$3841A$\^function\_.L:1#issueCommand(<function>:124)
	at jdk.nashorn.internal.scripts.Script$Recompilation$44618$3841A$\^function\_.L:1#issueCommand(<function>:124)
	at jdk.nashorn.internal.scripts.Script$Recompilation$44618$3841A$\^function\_.L:1#issueCommand(<function>:124)
	at jdk.nashorn.internal.scripts.Script$Recompilation$44618$3841A$\^function\_.L:1#issueCommand(<function>:124)
	at jdk.nashorn.internal.scripts.Script$Recompilation$44618$3841A$\^function\_.L:1#issueCommand(<function>:124)
	at jdk.nashorn.internal.scripts.Script$Recompilation$44618$3841A$\^function\_.L:1#issueCommand(<function>:124)
	at jdk.nashorn.internal.scripts.Script$Recompilation$44618$3841A$\^function\_.L:1#issueCommand(<function>:124)
	at jdk.nashorn.internal.scripts.Script$Recompilation$44618$3841A$\^function\_.L:1#issueCommand(<function>:124)
	at jdk.nashorn.internal.scripts.Script$Recompilation$44618$3841A$\^function\_.L:1#issueCommand(<function>:124)
	at jdk.nashorn.internal.scripts.Script$Recompilation$44618$3841A$\^function\_.L:1#issueCommand(<function>:124)
	at jdk.nashorn.internal.scripts.Script$Recompilation$44618$3841A$\^function\_.L:1#issueCommand(<function>:124)
	at jdk.nashorn.internal.scripts.Script$Recompilation$44618$3841A$\^function\_.L:1#issueCommand(<function>:124)
	at jdk.nashorn.internal.scripts.Script$Recompilation$44618$3841A$\^function\_.L:1#issueCommand(<function>:124)
	at jdk.nashorn.internal.scripts.Script$Recompilation$44618$3841A$\^function\_.L:1#issueCommand(<function>:124)
	at jdk.nashorn.internal.scripts.Script$Recompilation$44618$3841A$\^function\_.L:1#issueCommand(<function>:124)
	at jdk.nashorn.internal.scripts.Script$Recompilation$44618$3841A$\^function\_.L:1#issueCommand(<function>:124)
	at jdk.nashorn.internal.scripts.Script$Recompilation$44618$3841A$\^function\_.L:1#issueCommand(<function>:124)
	at jdk.nashorn.internal.scripts.Script$Recompilation$44618$3841A$\^function\_.L:1#issueCommand(<function>:124)
	at jdk.nashorn.internal.scripts.Script$Recompilation$44618$3841A$\^function\_.L:1#issueCommand(<function>:124)
	at jdk.nashorn.internal.scripts.Script$Recompilation$44618$3841A$\^function\_.L:1#issueCommand(<function>:124)
	at jdk.nashorn.internal.scripts.Script$Recompilation$44618$3841A$\^function\_.L:1#issueCommand(<function>:124)
	at jdk.nashorn.internal.scripts.Script$Recompilation$44618$3841A$\^function\_.L:1#issueCommand(<function>:124)
	at jdk.nashorn.internal.scripts.Script$Recompilation$44618$3841A$\^function\_.L:1#issueCommand(<function>:124)
	at jdk.nashorn.internal.scripts.Script$Recompilation$44618$3841A$\^function\_.L:1#issueCommand(<function>:124)
	at jdk.nashorn.internal.scripts.Script$Recompilation$44618$3841A$\^function\_.L:1#issueCommand(<function>:124)
	at jdk.nashorn.internal.scripts.Script$Recompilation$44618$3841A$\^function\_.L:1#issueCommand(<function>:124)
	at jdk.nashorn.internal.scripts.Script$Recompilation$44618$3841A$\^function\_.L:1#issueCommand(<function>:124)
	at jdk.nashorn.internal.scripts.Script$Recompilation$44618$3841A$\^function\_.L:1#issueCommand(<function>:124)
	at jdk.nashorn.internal.scripts.Script$Recompilation$44618$3841A$\^function\_.L:1#issueCommand(<function>:124)
	at jdk.nashorn.internal.scripts.Script$Recompilation$44618$3841A$\^function\_.L:1#issueCommand(<function>:124)
	at jdk.nashorn.internal.scripts.Script$Recompilation$44618$3841A$\^function\_.L:1#issueCommand(<function>:124)
	at jdk.nashorn.internal.scripts.Script$Recompilation$44618$3841A$\^function\_.L:1#issueCommand(<function>:124)
	at jdk.nashorn.internal.scripts.Script$Recompilation$44618$3841A$\^function\_.L:1#issueCommand(<function>:124)
	at jdk.nashorn.internal.scripts.Script$Recompilation$44618$3841A$\^function\_.L:1#issueCommand(<function>:124)
	at jdk.nashorn.internal.scripts.Script$Recompilation$44618$3841A$\^function\_.L:1#issueCommand(<function>:124)
	at jdk.nashorn.internal.scripts.Script$Recompilation$44618$3841A$\^function\_.L:1#issueCommand(<function>:124)
	at jdk.nashorn.internal.scripts.Script$Recompilation$44618$3841A$\^function\_.L:1#issueCommand(<function>:124)
	at jdk.nashorn.internal.scripts.Script$Recompilation$44618$3841A$\^function\_.L:1#issueCommand(<function>:124)
	at jdk.nashorn.internal.scripts.Script$Recompilation$44618$3841A$\^function\_.L:1#issueCommand(<function>:124)
	at jdk.nashorn.internal.scripts.Script$Recompilation$44618$3841A$\^function\_.L:1#issueCommand(<function>:124)
	at jdk.nashorn.internal.scripts.Script$Recompilation$44618$3841A$\^function\_.L:1#issueCommand(<function>:124)
	at jdk.nashorn.internal.scripts.Script$Recompilation$44618$3841A$\^function\_.L:1#issueCommand(<function>:124)
	at jdk.nashorn.internal.scripts.Script$Recompilation$44618$3841A$\^function\_.L:1#issueCommand(<function>:124)
	at jdk.nashorn.internal.scripts.Script$Recompilation$44618$3841A$\^function\_.L:1#issueCommand(<function>:124)
	at jdk.nashorn.internal.scripts.Script$Recompilation$44618$3841A$\^function\_.L:1#issueCommand(<function>:124)
	at jdk.nashorn.internal.scripts.Script$Recompilation$44618$3841A$\^function\_.L:1#issueCommand(<function>:124)
	at jdk.nashorn.internal.scripts.Script$Recompilation$44618$3841A$\^function\_.L:1#issueCommand(<function>:124)
	at jdk.nashorn.internal.scripts.Script$Recompilation$44618$3841A$\^function\_.L:1#issueCommand(<function>:124)
	at jdk.nashorn.internal.scripts.Script$Recompilation$44618$3841A$\^function\_.L:1#issueCommand(<function>:124)
	at jdk.nashorn.internal.scripts.Script$Recompilation$44618$3841A$\^function\_.L:1#issueCommand(<function>:124)
	at jdk.nashorn.internal.scripts.Script$Recompilation$44618$3841A$\^function\_.L:1#issueCommand(<function>:124)
	at jdk.nashorn.internal.scripts.Script$Recompilation$44618$3841A$\^function\_.L:1#issueCommand(<function>:124)
	at jdk.nashorn.internal.scripts.Script$Recompilation$44618$3841A$\^function\_.L:1#issueCommand(<function>:124)
	at jdk.nashorn.internal.scripts.Script$Recompilation$44618$3841A$\^function\_.L:1#issueCommand(<function>:124)
	at jdk.nashorn.internal.scripts.Script$Recompilation$44618$3841A$\^function\_.L:1#issueCommand(<function>:124)
	at jdk.nashorn.internal.scripts.Script$Recompilation$44618$3841A$\^function\_.L:1#issueCommand(<function>:124)
	at jdk.nashorn.internal.scripts.Script$Recompilation$44618$3841A$\^function\_.L:1#issueCommand(<function>:124)
	at jdk.nashorn.internal.scripts.Script$Recompilation$44618$3841A$\^function\_.L:1#issueCommand(<function>:124)
	at jdk.nashorn.internal.scripts.Script$Recompilation$44618$3841A$\^function\_.L:1#issueCommand(<function>:124)
	at jdk.nashorn.internal.scripts.Script$Recompilation$44618$3841A$\^function\_.L:1#issueCommand(<function>:124)
	at jdk.nashorn.internal.scripts.Script$Recompilation$44618$3841A$\^function\_.L:1#issueCommand(<function>:124)
	at jdk.nashorn.internal.scripts.Script$Recompilation$44618$3841A$\^function\_.L:1#issueCommand(<function>:124)
	at jdk.nashorn.internal.scripts.Script$Recompilation$44618$3841A$\^function\_.L:1#issueCommand(<function>:124)
	at jdk.nashorn.internal.scripts.Script$Recompilation$44618$3841A$\^function\_.L:1#issueCommand(<function>:124)
	at jdk.nashorn.internal.scripts.Script$Recompilation$44618$3841A$\^function\_.L:1#issueCommand(<function>:124)
	at jdk.nashorn.internal.scripts.Script$Recompilation$44618$3841A$\^function\_.L:1#issueCommand(<function>:124)
	at jdk.nashorn.internal.scripts.Script$Recompilation$44618$3841A$\^function\_.L:1#issueCommand(<function>:124)
	at jdk.nashorn.internal.scripts.Script$Recompilation$44618$3841A$\^function\_.L:1#issueCommand(<function>:124)
	at jdk.nashorn.internal.scripts.Script$Recompilation$44618$3841A$\^function\_.L:1#issueCommand(<function>:124)
	at jdk.nashorn.internal.scripts.Script$Recompilation$44618$3841A$\^function\_.L:1#issueCommand(<function>:124)
	at jdk.nashorn.internal.scripts.Script$Recompilation$44618$3841A$\^function\_.L:1#issueCommand(<function>:124)
	at jdk.nashorn.internal.scripts.Script$Recompilation$44618$3841A$\^function\_.L:1#issueCommand(<function>:124)
	at jdk.nashorn.internal.scripts.Script$Recompilation$44618$3841A$\^function\_.L:1#issueCommand(<function>:124)
	at jdk.nashorn.internal.scripts.Script$Recompilation$44618$3841A$\^function\_.L:1#issueCommand(<function>:124)
	at jdk.nashorn.internal.scripts.Script$Recompilation$44618$3841A$\^function\_.L:1#issueCommand(<function>:124)
	at jdk.nashorn.internal.scripts.Script$Recompilation$44618$3841A$\^function\_.L:1#issueCommand(<function>:124)
	at jdk.nashorn.internal.scripts.Script$Recompilation$44618$3841A$\^function\_.L:1#issueCommand(<function>:124)
	at jdk.nashorn.internal.scripts.Script$Recompilation$44618$3841A$\^function\_.L:1#issueCommand(<function>:124)
	at jdk.nashorn.internal.scripts.Script$Recompilation$44618$3841A$\^function\_.L:1#issueCommand(<function>:124)
	at jdk.nashorn.internal.scripts.Script$Recompilation$44618$3841A$\^function\_.L:1#issueCommand(<function>:124)
	at jdk.nashorn.internal.scripts.Script$Recompilation$44618$3841A$\^function\_.L:1#issueCommand(<function>:124)
	at jdk.nashorn.internal.scripts.Script$Recompilation$44618$3841A$\^function\_.L:1#issueCommand(<function>:124)
	at jdk.nashorn.internal.scripts.Script$Recompilation$44618$3841A$\^function\_.L:1#issueCommand(<function>:124)
	at jdk.nashorn.internal.scripts.Script$Recompilation$44618$3841A$\^function\_.L:1#issueCommand(<function>:124)
	at jdk.nashorn.internal.scripts.Script$Recompilation$44618$3841A$\^function\_.L:1#issueCommand(<function>:124)
	at jdk.nashorn.internal.scripts.Script$Recompilation$44618$3841A$\^function\_.L:1#issueCommand(<function>:124)
	at jdk.nashorn.internal.scripts.Script$Recompilation$44618$3841A$\^function\_.L:1#issueCommand(<function>:124)
	at jdk.nashorn.internal.scripts.Script$Recompilation$44618$3841A$\^function\_.L:1#issueCommand(<function>:124)
	at jdk.nashorn.internal.scripts.Script$Recompilation$44618$3841A$\^function\_.L:1#issueCommand(<function>:124)
	at jdk.nashorn.internal.scripts.Script$Recompilation$44618$3841A$\^function\_.L:1#issueCommand(<function>:124)
	at jdk.nashorn.internal.scripts.Script$Recompilation$44618$3841A$\^function\_.L:1#issueCommand(<function>:124)
	at jdk.nashorn.internal.scripts.Script$Recompilation$44618$3841A$\^function\_.L:1#issueCommand(<function>:124)
	at jdk.nashorn.internal.scripts.Script$Recompilation$44618$3841A$\^function\_.L:1#issueCommand(<function>:124)
	at jdk.nashorn.internal.scripts.Script$Recompilation$44618$3841A$\^function\_.L:1#issueCommand(<function>:124)
	at jdk.nashorn.internal.scripts.Script$Recompilation$44618$3841A$\^function\_.L:1#issueCommand(<function>:124)
	at jdk.nashorn.internal.scripts.Script$Recompilation$44618$3841A$\^function\_.L:1#issueCommand(<function>:124)
	at jdk.nashorn.internal.scripts.Script$Recompilation$44618$3841A$\^function\_.L:1#issueCommand(<function>:124)
	at jdk.nashorn.internal.scripts.Script$Recompilation$44618$3841A$\^function\_.L:1#issueCommand(<function>:124)
	at jdk.nashorn.internal.scripts.Script$Recompilation$44618$3841A$\^function\_.L:1#issueCommand(<function>:124)
	at jdk.nashorn.internal.scripts.Script$Recompilation$44618$3841A$\^function\_.L:1#issueCommand(<function>:124)
	at jdk.nashorn.internal.scripts.Script$Recompilation$44618$3841A$\^function\_.L:1#issueCommand(<function>:124)
	at jdk.nashorn.internal.scripts.Script$Recompilation$44618$3841A$\^function\_.L:1#issueCommand(<function>:124)
	at jdk.nashorn.internal.scripts.Script$Recompilation$44618$3841A$\^function\_.L:1#issueCommand(<function>:124)
	at jdk.nashorn.internal.scripts.Script$Recompilation$44618$3841A$\^function\_.L:1#issueCommand(<function>:124)
	at jdk.nashorn.internal.scripts.Script$Recompilation$44618$3841A$\^function\_.L:1#issueCommand(<function>:124)
	at jdk.nashorn.internal.scripts.Script$Recompilation$44618$3841A$\^function\_.L:1#issueCommand(<function>:124)
	at jdk.nashorn.internal.scripts.Script$Recompilation$44618$3841A$\^function\_.L:1#issueCommand(<function>:124)
	at jdk.nashorn.internal.scripts.Script$Recompilation$44618$3841A$\^function\_.L:1#issueCommand(<function>:124)
	at jdk.nashorn.internal.scripts.Script$Recompilation$44618$3841A$\^function\_.L:1#issueCommand(<function>:124)
	at jdk.nashorn.internal.scripts.Script$Recompilation$44618$3841A$\^function\_.L:1#issueCommand(<function>:124)
	at jdk.nashorn.internal.scripts.Script$Recompilation$44618$3841A$\^function\_.L:1#issueCommand(<function>:124)
	at jdk.nashorn.internal.scripts.Script$Recompilation$44618$3841A$\^function\_.L:1#issueCommand(<function>:124)
	at jdk.nashorn.internal.scripts.Script$Recompilation$44618$3841A$\^function\_.L:1#issueCommand(<function>:124)
	at jdk.nashorn.internal.scripts.Script$Recompilation$44618$3841A$\^function\_.L:1#issueCommand(<function>:124)
	at jdk.nashorn.internal.scripts.Script$Recompilation$44618$3841A$\^function\_.L:1#issueCommand(<function>:124)
	at jdk.nashorn.internal.scripts.Script$Recompilation$44618$3841A$\^function\_.L:1#issueCommand(<function>:124)
	at jdk.nashorn.internal.scripts.Script$Recompilation$44618$3841A$\^function\_.L:1#issueCommand(<function>:124)
	at jdk.nashorn.internal.scripts.Script$Recompilation$44618$3841A$\^function\_.L:1#issueCommand(<function>:124)
	at jdk.nashorn.internal.scripts.Script$Recompilation$44618$3841A$\^function\_.L:1#issueCommand(<function>:124)
	at jdk.nashorn.internal.scripts.Script$Recompilation$44618$3841A$\^function\_.L:1#issueCommand(<function>:124)
	at jdk.nashorn.internal.scripts.Script$Recompilation$44618$3841A$\^function\_.L:1#issueCommand(<function>:124)
	at jdk.nashorn.internal.scripts.Script$Recompilation$44618$3841A$\^function\_.L:1#issueCommand(<function>:124)
	at jdk.nashorn.internal.scripts.Script$Recompilation$44618$3841A$\^function\_.L:1#issueCommand(<function>:124)
	at jdk.nashorn.internal.scripts.Script$Recompilation$44618$3841A$\^function\_.L:1#issueCommand(<function>:124)
	at jdk.nashorn.internal.scripts.Script$Recompilation$44618$3841A$\^function\_.L:1#issueCommand(<function>:124)
	at jdk.nashorn.internal.scripts.Script$Recompilation$44618$3841A$\^function\_.L:1#issueCommand(<function>:124)
	at jdk.nashorn.internal.scripts.Script$Recompilation$44618$3841A$\^function\_.L:1#issueCommand(<function>:124)
	at jdk.nashorn.internal.scripts.Script$Recompilation$44618$3841A$\^function\_.L:1#issueCommand(<function>:124)
	at jdk.nashorn.internal.scripts.Script$Recompilation$44618$3841A$\^function\_.L:1#issueCommand(<function>:124)
	at jdk.nashorn.internal.scripts.Script$Recompilation$44618$3841A$\^function\_.L:1#issueCommand(<function>:124)
	at jdk.nashorn.internal.scripts.Script$Recompilation$44618$3841A$\^function\_.L:1#issueCommand(<function>:124)
	at jdk.nashorn.internal.scripts.Script$Recompilation$44618$3841A$\^function\_.L:1#issueCommand(<function>:124)
	at jdk.nashorn.internal.scripts.Script$Recompilation$44618$3841A$\^function\_.L:1#issueCommand(<function>:124)
	at jdk.nashorn.internal.scripts.Script$Recompilation$44618$3841A$\^function\_.L:1#issueCommand(<function>:124)
	at jdk.nashorn.internal.scripts.Script$Recompilation$44618$3841A$\^function\_.L:1#issueCommand(<function>:124)
	at jdk.nashorn.internal.scripts.Script$Recompilation$44618$3841A$\^function\_.L:1#issueCommand(<function>:124)
	at jdk.nashorn.internal.scripts.Script$Recompilation$44618$3841A$\^function\_.L:1#issueCommand(<function>:124)
	at jdk.nashorn.internal.scripts.Script$Recompilation$44618$3841A$\^function\_.L:1#issueCommand(<function>:124)
	at jdk.nashorn.internal.scripts.Script$Recompilation$44618$3841A$\^function\_.L:1#issueCommand(<function>:124)
	at jdk.nashorn.internal.scripts.Script$Recompilation$44618$3841A$\^function\_.L:1#issueCommand(<function>:124)
	at jdk.nashorn.internal.scripts.Script$Recompilation$44618$3841A$\^function\_.L:1#issueCommand(<function>:124)
	at jdk.nashorn.internal.scripts.Script$Recompilation$44618$3841A$\^function\_.L:1#issueCommand(<function>:124)
	at jdk.nashorn.internal.scripts.Script$Recompilation$44618$3841A$\^function\_.L:1#issueCommand(<function>:124)
	at jdk.nashorn.internal.scripts.Script$Recompilation$44618$3841A$\^function\_.L:1#issueCommand(<function>:124)
	at jdk.nashorn.internal.scripts.Script$Recompilation$44618$3841A$\^function\_.L:1#issueCommand(<function>:124)
	at jdk.nashorn.internal.scripts.Script$Recompilation$44618$3841A$\^function\_.L:1#issueCommand(<function>:124)
	at jdk.nashorn.internal.scripts.Script$Recompilation$44618$3841A$\^function\_.L:1#issueCommand(<function>:124)
	at jdk.nashorn.internal.scripts.Script$Recompilation$44618$3841A$\^function\_.L:1#issueCommand(<function>:124)
	at jdk.nashorn.internal.scripts.Script$Recompilation$44618$3841A$\^function\_.L:1#issueCommand(<function>:124)
	at jdk.nashorn.internal.scripts.Script$Recompilation$44618$3841A$\^function\_.L:1#issueCommand(<function>:124)
	at jdk.nashorn.internal.scripts.Script$Recompilation$44618$3841A$\^function\_.L:1#issueCommand(<function>:124)
	at jdk.nashorn.internal.scripts.Script$Recompilation$44618$3841A$\^function\_.L:1#issueCommand(<function>:124)
	at jdk.nashorn.internal.scripts.Script$Recompilation$44618$3841A$\^function\_.L:1#issueCommand(<function>:124)
	at jdk.nashorn.internal.scripts.Script$Recompilation$44618$3841A$\^function\_.L:1#issueCommand(<function>:124)
	at jdk.nashorn.internal.scripts.Script$Recompilation$44618$3841A$\^function\_.L:1#issueCommand(<function>:124)
	at jdk.nashorn.internal.scripts.Script$Recompilation$44618$3841A$\^function\_.L:1#issueCommand(<function>:124)
	at jdk.nashorn.internal.scripts.Script$Recompilation$44618$3841A$\^function\_.L:1#issueCommand(<function>:124)
	at jdk.nashorn.internal.scripts.Script$Recompilation$44618$3841A$\^function\_.L:1#issueCommand(<function>:124)
	at jdk.nashorn.internal.scripts.Script$Recompilation$44618$3841A$\^function\_.L:1#issueCommand(<function>:124)
	at jdk.nashorn.internal.scripts.Script$Recompilation$44618$3841A$\^function\_.L:1#issueCommand(<function>:124)
	at jdk.nashorn.internal.scripts.Script$Recompilation$44618$3841A$\^function\_.L:1#issueCommand(<function>:124)
	at jdk.nashorn.internal.scripts.Script$Recompilation$44618$3841A$\^function\_.L:1#issueCommand(<function>:124)
	at jdk.nashorn.internal.scripts.Script$Recompilation$44618$3841A$\^function\_.L:1#issueCommand(<function>:124)
	at jdk.nashorn.internal.scripts.Script$Recompilation$44618$3841A$\^function\_.L:1#issueCommand(<function>:124)
	at jdk.nashorn.internal.scripts.Script$Recompilation$44618$3841A$\^function\_.L:1#issueCommand(<function>:124)
	at jdk.nashorn.internal.scripts.Script$Recompilation$44618$3841A$\^function\_.L:1#issueCommand(<function>:124)
	at jdk.nashorn.internal.scripts.Script$Recompilation$44618$3841A$\^function\_.L:1#issueCommand(<function>:124)
	at jdk.nashorn.internal.scripts.Script$Recompilation$44618$3841A$\^function\_.L:1#issueCommand(<function>:124)
	at jdk.nashorn.internal.scripts.Script$Recompilation$44618$3841A$\^function\_.L:1#issueCommand(<function>:124)
	at jdk.nashorn.internal.scripts.Script$Recompilation$44618$3841A$\^function\_.L:1#issueCommand(<function>:124)
	at jdk.nashorn.internal.scripts.Script$Recompilation$44618$3841A$\^function\_.L:1#issueCommand(<function>:124)
	at jdk.nashorn.internal.scripts.Script$Recompilation$44618$3841A$\^function\_.L:1#issueCommand(<function>:124)
	at jdk.nashorn.internal.scripts.Script$Recompilation$44618$3841A$\^function\_.L:1#issueCommand(<function>:124)
	at jdk.nashorn.internal.scripts.Script$Recompilation$44618$3841A$\^function\_.L:1#issueCommand(<function>:124)
	at jdk.nashorn.internal.scripts.Script$Recompilation$44618$3841A$\^function\_.L:1#issueCommand(<function>:124)
	at jdk.nashorn.internal.scripts.Script$Recompilation$44618$3841A$\^function\_.L:1#issueCommand(<function>:124)
	at jdk.nashorn.internal.scripts.Script$Recompilation$44618$3841A$\^function\_.L:1#issueCommand(<function>:124)
	at jdk.nashorn.internal.scripts.Script$Recompilation$44618$3841A$\^function\_.L:1#issueCommand(<function>:124)
	at jdk.nashorn.internal.scripts.Script$Recompilation$44618$3841A$\^function\_.L:1#issueCommand(<function>:124)
	at jdk.nashorn.internal.scripts.Script$Recompilation$44618$3841A$\^function\_.L:1#issueCommand(<function>:124)
	at jdk.nashorn.internal.scripts.Script$Recompilation$44618$3841A$\^function\_.L:1#issueCommand(<function>:124)
	at jdk.nashorn.internal.scripts.Script$Recompilation$44618$3841A$\^function\_.L:1#issueCommand(<function>:124)
	at jdk.nashorn.internal.scripts.Script$Recompilation$44618$3841A$\^function\_.L:1#issueCommand(<function>:124)
	at jdk.nashorn.internal.scripts.Script$Recompilation$44618$3841A$\^function\_.L:1#issueCommand(<function>:124)
	at jdk.nashorn.internal.scripts.Script$Recompilation$44618$3841A$\^function\_.L:1#issueCommand(<function>:124)
	at jdk.nashorn.internal.scripts.Script$Recompilation$44618$3841A$\^function\_.L:1#issueCommand(<function>:124)
	at jdk.nashorn.internal.scripts.Script$Recompilation$44618$3841A$\^function\_.L:1#issueCommand(<function>:124)
	at jdk.nashorn.internal.scripts.Script$Recompilation$44618$3841A$\^function\_.L:1#issueCommand(<function>:124)
	at jdk.nashorn.internal.scripts.Script$Recompilation$44618$3841A$\^function\_.L:1#issueCommand(<function>:124)
	at jdk.nashorn.internal.scripts.Script$Recompilation$44618$3841A$\^function\_.L:1#issueCommand(<function>:124)
	at jdk.nashorn.internal.scripts.Script$Recompilation$44618$3841A$\^function\_.L:1#issueCommand(<function>:124)
	at jdk.nashorn.internal.scripts.Script$Recompilation$44618$3841A$\^function\_.L:1#issueCommand(<function>:124)
	at jdk.nashorn.internal.scripts.Script$Recompilation$44618$3841A$\^function\_.L:1#issueCommand(<function>:124)
	at jdk.nashorn.internal.scripts.Script$Recompilation$44618$3841A$\^function\_.L:1#issueCommand(<function>:124)
	at jdk.nashorn.internal.scripts.Script$Recompilation$44618$3841A$\^function\_.L:1#issueCommand(<function>:124)
	at jdk.nashorn.internal.scripts.Script$Recompilation$44618$3841A$\^function\_.L:1#issueCommand(<function>:124)
	at jdk.nashorn.internal.scripts.Script$Recompilation$44618$3841A$\^function\_.L:1#issueCommand(<function>:124)
	at jdk.nashorn.internal.scripts.Script$Recompilation$44618$3841A$\^function\_.L:1#issueCommand(<function>:124)
	at jdk.nashorn.internal.scripts.Script$Recompilation$44618$3841A$\^function\_.L:1#issueCommand(<function>:124)
	at jdk.nashorn.internal.scripts.Script$Recompilation$44618$3841A$\^function\_.L:1#issueCommand(<function>:124)
	at jdk.nashorn.internal.scripts.Script$Recompilation$44618$3841A$\^function\_.L:1#issueCommand(<function>:124)
	at jdk.nashorn.internal.scripts.Script$Recompilation$44618$3841A$\^function\_.L:1#issueCommand(<function>:124)
	at jdk.nashorn.internal.scripts.Script$Recompilation$44618$3841A$\^function\_.L:1#issueCommand(<function>:124)
	at jdk.nashorn.internal.scripts.Script$Recompilation$44618$3841A$\^function\_.L:1#issueCommand(<function>:124)
	at jdk.nashorn.internal.scripts.Script$Recompilation$44618$3841A$\^function\_.L:1#issueCommand(<function>:124)
	at jdk.nashorn.internal.scripts.Script$Recompilation$44618$3841A$\^function\_.L:1#issueCommand(<function>:124)
	at jdk.nashorn.internal.scripts.Script$Recompilation$44618$3841A$\^function\_.L:1#issueCommand(<function>:124)
	at jdk.nashorn.internal.scripts.Script$Recompilation$44618$3841A$\^function\_.L:1#issueCommand(<function>:124)
	at jdk.nashorn.internal.scripts.Script$Recompilation$44618$3841A$\^function\_.L:1#issueCommand(<function>:124)
	at jdk.nashorn.internal.scripts.Script$Recompilation$44618$3841A$\^function\_.L:1#issueCommand(<function>:124)
	at jdk.nashorn.internal.scripts.Script$Recompilation$44618$3841A$\^function\_.L:1#issueCommand(<function>:124)
	at jdk.nashorn.internal.scripts.Script$Recompilation$44618$3841A$\^function\_.L:1#issueCommand(<function>:124)
	at jdk.nashorn.internal.scripts.Script$Recompilation$44618$3841A$\^function\_.L:1#issueCommand(<function>:124)
	at jdk.nashorn.internal.scripts.Script$Recompilation$44618$3841A$\^function\_.L:1#issueCommand(<function>:124)
	at jdk.nashorn.internal.scripts.Script$Recompilation$44618$3841A$\^function\_.L:1#issueCommand(<function>:124)
	at jdk.nashorn.internal.scripts.Script$Recompilation$44618$3841A$\^function\_.L:1#issueCommand(<function>:124)
	at jdk.nashorn.internal.scripts.Script$Recompilation$44618$3841A$\^function\_.L:1#issueCommand(<function>:124)
	at jdk.nashorn.internal.scripts.Script$Recompilation$44618$3841A$\^function\_.L:1#issueCommand(<function>:124)
	at jdk.nashorn.internal.scripts.Script$Recompilation$44618$3841A$\^function\_.L:1#issueCommand(<function>:124)
	at jdk.nashorn.internal.scripts.Script$Recompilation$44618$3841A$\^function\_.L:1#issueCommand(<function>:124)
	at jdk.nashorn.internal.scripts.Script$Recompilation$44618$3841A$\^function\_.L:1#issueCommand(<function>:124)
	at jdk.nashorn.internal.scripts.Script$Recompilation$44618$3841A$\^function\_.L:1#issueCommand(<function>:124)
	at jdk.nashorn.internal.scripts.Script$Recompilation$44618$3841A$\^function\_.L:1#issueCommand(<function>:124)
	at jdk.nashorn.internal.scripts.Script$Recompilation$44618$3841A$\^function\_.L:1#issueCommand(<function>:124)
	at jdk.nashorn.internal.scripts.Script$Recompilation$44618$3841A$\^function\_.L:1#issueCommand(<function>:124)
	at jdk.nashorn.internal.scripts.Script$Recompilation$44618$3841A$\^function\_.L:1#issueCommand(<function>:124)
	at jdk.nashorn.internal.scripts.Script$Recompilation$44618$3841A$\^function\_.L:1#issueCommand(<function>:124)
	at jdk.nashorn.internal.scripts.Script$Recompilation$44618$3841A$\^function\_.L:1#issueCommand(<function>:124)
	at jdk.nashorn.internal.scripts.Script$Recompilation$44618$3841A$\^function\_.L:1#issueCommand(<function>:124)
	at jdk.nashorn.internal.scripts.Script$Recompilation$44618$3841A$\^function\_.L:1#issueCommand(<function>:124)
	at jdk.nashorn.internal.scripts.Script$Recompilation$44618$3841A$\^function\_.L:1#issueCommand(<function>:124)
	at jdk.nashorn.internal.scripts.Script$Recompilation$44618$3841A$\^function\_.L:1#issueCommand(<function>:124)
	at jdk.nashorn.internal.scripts.Script$Recompilation$44618$3841A$\^function\_.L:1#issueCommand(<function>:124)
	at jdk.nashorn.internal.scripts.Script$Recompilation$44618$3841A$\^function\_.L:1#issueCommand(<function>:124)
	at jdk.nashorn.internal.scripts.Script$Recompilation$44618$3841A$\^function\_.L:1#issueCommand(<function>:124)
	at jdk.nashorn.internal.scripts.Script$Recompilation$44618$3841A$\^function\_.L:1#issueCommand(<function>:124)
	at jdk.nashorn.internal.scripts.Script$Recompilation$44618$3841A$\^function\_.L:1#issueCommand(<function>:124)
	at jdk.nashorn.internal.scripts.Script$Recompilation$44618$3841A$\^function\_.L:1#issueCommand(<function>:124)
	at jdk.nashorn.internal.scripts.Script$Recompilation$44618$3841A$\^function\_.L:1#issueCommand(<function>:124)
	at jdk.nashorn.internal.scripts.Script$Recompilation$44618$3841A$\^function\_.L:1#issueCommand(<function>:124)
	at jdk.nashorn.internal.scripts.Script$Recompilation$44618$3841A$\^function\_.L:1#issueCommand(<function>:124)
	at jdk.nashorn.internal.scripts.Script$Recompilation$44618$3841A$\^function\_.L:1#issueCommand(<function>:124)
	at jdk.nashorn.internal.scripts.Script$Recompilation$44618$3841A$\^function\_.L:1#issueCommand(<function>:124)
	at jdk.nashorn.internal.scripts.Script$Recompilation$44618$3841A$\^function\_.L:1#issueCommand(<function>:124)
	at jdk.nashorn.internal.scripts.Script$Recompilation$44618$3841A$\^function\_.L:1#issueCommand(<function>:124)
	at jdk.nashorn.internal.scripts.Script$Recompilation$44618$3841A$\^function\_.L:1#issueCommand(<function>:124)
	at jdk.nashorn.internal.scripts.Script$Recompilation$44618$3841A$\^function\_.L:1#issueCommand(<function>:124)
	at jdk.nashorn.internal.scripts.Script$Recompilation$44618$3841A$\^function\_.L:1#issueCommand(<function>:124)
	at jdk.nashorn.internal.scripts.Script$Recompilation$44618$3841A$\^function\_.L:1#issueCommand(<function>:124)
	at jdk.nashorn.internal.scripts.Script$Recompilation$44618$3841A$\^function\_.L:1#issueCommand(<function>:124)
	at jdk.nashorn.internal.scripts.Script$Recompilation$44618$3841A$\^function\_.L:1#issueCommand(<function>:124)
	at jdk.nashorn.internal.scripts.Script$Recompilation$44618$3841A$\^function\_.L:1#issueCommand(<function>:124)
	at jdk.nashorn.internal.scripts.Script$Recompilation$44618$3841A$\^function\_.L:1#issueCommand(<function>:124)
	at jdk.nashorn.internal.scripts.Script$Recompilation$44618$3841A$\^function\_.L:1#issueCommand(<function>:124)
	at jdk.nashorn.internal.scripts.Script$Recompilation$44618$3841A$\^function\_.L:1#issueCommand(<function>:124)
	at jdk.nashorn.internal.scripts.Script$Recompilation$44618$3841A$\^function\_.L:1#issueCommand(<function>:124)
	at jdk.nashorn.internal.scripts.Script$Recompilation$44618$3841A$\^function\_.L:1#issueCommand(<function>:124)
	at jdk.nashorn.internal.scripts.Script$Recompilation$44618$3841A$\^function\_.L:1#issueCommand(<function>:124)
	at jdk.nashorn.internal.scripts.Script$Recompilation$44618$3841A$\^function\_.L:1#issueCommand(<function>:124)
	at jdk.nashorn.internal.scripts.Script$Recompilation$44618$3841A$\^function\_.L:1#issueCommand(<function>:124)
	at jdk.nashorn.internal.scripts.Script$Recompilation$44618$3841A$\^function\_.L:1#issueCommand(<function>:124)
	at jdk.nashorn.internal.scripts.Script$Recompilation$44618$3841A$\^function\_.L:1#issueCommand(<function>:124)
	at jdk.nashorn.internal.scripts.Script$Recompilation$44618$3841A$\^function\_.L:1#issueCommand(<function>:124)
	at jdk.nashorn.internal.scripts.Script$Recompilation$44618$3841A$\^function\_.L:1#issueCommand(<function>:124)
	at jdk.nashorn.internal.scripts.Script$Recompilation$44618$3841A$\^function\_.L:1#issueCommand(<function>:124)
	at jdk.nashorn.internal.scripts.Script$Recompilation$44618$3841A$\^function\_.L:1#issueCommand(<function>:124)
	at jdk.nashorn.internal.scripts.Script$Recompilation$44618$3841A$\^function\_.L:1#issueCommand(<function>:124)
	at jdk.nashorn.internal.scripts.Script$Recompilation$44618$3841A$\^function\_.L:1#issueCommand(<function>:124)
	at jdk.nashorn.internal.scripts.Script$Recompilation$44618$3841A$\^function\_.L:1#issueCommand(<function>:124)
	at jdk.nashorn.internal.scripts.Script$Recompilation$44618$3841A$\^function\_.L:1#issueCommand(<function>:124)
	at jdk.nashorn.internal.scripts.Script$Recompilation$44618$3841A$\^function\_.L:1#issueCommand(<function>:124)
	at jdk.nashorn.internal.scripts.Script$Recompilation$44618$3841A$\^function\_.L:1#issueCommand(<function>:124)
	at jdk.nashorn.internal.scripts.Script$Recompilation$44618$3841A$\^function\_.L:1#issueCommand(<function>:124)
	at jdk.nashorn.internal.scripts.Script$Recompilation$44618$3841A$\^function\_.L:1#issueCommand(<function>:124)
	at jdk.nashorn.internal.scripts.Script$Recompilation$44618$3841A$\^function\_.L:1#issueCommand(<function>:124)
	at jdk.nashorn.internal.scripts.Script$Recompilation$44618$3841A$\^function\_.L:1#issueCommand(<function>:124)
	at jdk.nashorn.internal.scripts.Script$Recompilation$44618$3841A$\^function\_.L:1#issueCommand(<function>:124)
	at jdk.nashorn.internal.scripts.Script$Recompilation$44618$3841A$\^function\_.L:1#issueCommand(<function>:124)
	at jdk.nashorn.internal.scripts.Script$Recompilation$44618$3841A$\^function\_.L:1#issueCommand(<function>:124)
	at jdk.nashorn.internal.scripts.Script$Recompilation$44618$3841A$\^function\_.L:1#issueCommand(<function>:124)
	at jdk.nashorn.internal.scripts.Script$Recompilation$44618$3841A$\^function\_.L:1#issueCommand(<function>:124)
	at jdk.nashorn.internal.scripts.Script$Recompilation$44618$3841A$\^function\_.L:1#issueCommand(<function>:124)
	at jdk.nashorn.internal.scripts.Script$Recompilation$44618$3841A$\^function\_.L:1#issueCommand(<function>:124)
	at jdk.nashorn.internal.scripts.Script$Recompilation$44618$3841A$\^function\_.L:1#issueCommand(<function>:124)
	at jdk.nashorn.internal.scripts.Script$Recompilation$44618$3841A$\^function\_.L:1#issueCommand(<function>:124)
	at jdk.nashorn.internal.scripts.Script$Recompilation$44618$3841A$\^function\_.L:1#issueCommand(<function>:124)
	at jdk.nashorn.internal.scripts.Script$Recompilation$44618$3841A$\^function\_.L:1#issueCommand(<function>:124)
	at jdk.nashorn.internal.scripts.Script$Recompilation$44618$3841A$\^function\_.L:1#issueCommand(<function>:124)
	at jdk.nashorn.internal.scripts.Script$Recompilation$44618$3841A$\^function\_.L:1#issueCommand(<function>:124)
	at jdk.nashorn.internal.scripts.Script$Recompilation$44618$3841A$\^function\_.L:1#issueCommand(<function>:124)
	at jdk.nashorn.internal.scripts.Script$Recompilation$44618$3841A$\^function\_.L:1#issueCommand(<function>:124)
	at jdk.nashorn.internal.scripts.Script$Recompilation$44618$3841A$\^function\_.L:1#issueCommand(<function>:124)
	at jdk.nashorn.internal.scripts.Script$Recompilation$44618$3841A$\^function\_.L:1#issueCommand(<function>:124)
	at jdk.nashorn.internal.scripts.Script$Recompilation$44618$3841A$\^function\_.L:1#issueCommand(<function>:124)
	at jdk.nashorn.internal.scripts.Script$Recompilation$44618$3841A$\^function\_.L:1#issueCommand(<function>:124)
	at jdk.nashorn.internal.scripts.Script$Recompilation$44618$3841A$\^function\_.L:1#issueCommand(<function>:124)
	at jdk.nashorn.internal.scripts.Script$Recompilation$44618$3841A$\^function\_.L:1#issueCommand(<function>:124)
	at jdk.nashorn.internal.scripts.Script$Recompilation$44618$3841A$\^function\_.L:1#issueCommand(<function>:124)
	at jdk.nashorn.internal.scripts.Script$Recompilation$44618$3841A$\^function\_.L:1#issueCommand(<function>:124)
	at jdk.nashorn.internal.scripts.Script$Recompilation$44618$3841A$\^function\_.L:1#issueCommand(<function>:124)
	at jdk.nashorn.internal.scripts.Script$Recompilation$44618$3841A$\^function\_.L:1#issueCommand(<function>:124)
	at jdk.nashorn.internal.scripts.Script$Recompilation$44618$3841A$\^function\_.L:1#issueCommand(<function>:124)
	at jdk.nashorn.internal.scripts.Script$Recompilation$44618$3841A$\^function\_.L:1#issueCommand(<function>:124)
	at jdk.nashorn.internal.scripts.Script$Recompilation$44618$3841A$\^function\_.L:1#issueCommand(<function>:124)
	at jdk.nashorn.internal.scripts.Script$Recompilation$44618$3841A$\^function\_.L:1#issueCommand(<function>:124)
	at jdk.nashorn.internal.scripts.Script$Recompilation$44618$3841A$\^function\_.L:1#issueCommand(<function>:124)
	at jdk.nashorn.internal.scripts.Script$Recompilation$44618$3841A$\^function\_.L:1#issueCommand(<function>:124)
	at jdk.nashorn.internal.scripts.Script$Recompilation$44618$3841A$\^function\_.L:1#issueCommand(<function>:124)
	at jdk.nashorn.internal.scripts.Script$Recompilation$44618$3841A$\^function\_.L:1#issueCommand(<function>:124)
	at jdk.nashorn.internal.scripts.Script$Recompilation$44618$3841A$\^function\_.L:1#issueCommand(<function>:124)
	at jdk.nashorn.internal.scripts.Script$Recompilation$44618$3841A$\^function\_.L:1#issueCommand(<function>:124)
	at jdk.nashorn.internal.scripts.Script$Recompilation$44618$3841A$\^function\_.L:1#issueCommand(<function>:124)
	at jdk.nashorn.internal.scripts.Script$Recompilation$44618$3841A$\^function\_.L:1#issueCommand(<function>:124)
	at jdk.nashorn.internal.scripts.Script$Recompilation$44618$3841A$\^function\_.L:1#issueCommand(<function>:124)
	at jdk.nashorn.internal.scripts.Script$Recompilation$44618$3841A$\^function\_.L:1#issueCommand(<function>:124)
	at jdk.nashorn.internal.scripts.Script$Recompilation$44618$3841A$\^function\_.L:1#issueCommand(<function>:124)
	at jdk.nashorn.internal.scripts.Script$Recompilation$44618$3841A$\^function\_.L:1#issueCommand(<function>:124)
	at jdk.nashorn.internal.scripts.Script$Recompilation$44618$3841A$\^function\_.L:1#issueCommand(<function>:124)
	at jdk.nashorn.internal.scripts.Script$Recompilation$44618$3841A$\^function\_.L:1#issueCommand(<function>:124)
	at jdk.nashorn.internal.scripts.Script$Recompilation$44618$3841A$\^function\_.L:1#issueCommand(<function>:124)
	at jdk.nashorn.internal.scripts.Script$Recompilation$44618$3841A$\^function\_.L:1#issueCommand(<function>:124)
	at jdk.nashorn.internal.scripts.Script$Recompilation$44618$3841A$\^function\_.L:1#issueCommand(<function>:124)
	at jdk.nashorn.internal.scripts.Script$Recompilation$44618$3841A$\^function\_.L:1#issueCommand(<function>:124)
	at jdk.nashorn.internal.scripts.Script$Recompilation$44618$3841A$\^function\_.L:1#issueCommand(<function>:124)
	at jdk.nashorn.internal.scripts.Script$Recompilation$44618$3841A$\^function\_.L:1#issueCommand(<function>:124)
	at jdk.nashorn.internal.scripts.Script$Recompilation$44618$3841A$\^function\_.L:1#issueCommand(<function>:124)
	at jdk.nashorn.internal.scripts.Script$Recompilation$44618$3841A$\^function\_.L:1#issueCommand(<function>:124)
	at jdk.nashorn.internal.scripts.Script$Recompilation$44618$3841A$\^function\_.L:1#issueCommand(<function>:124)
	at jdk.nashorn.internal.scripts.Script$Recompilation$44618$3841A$\^function\_.L:1#issueCommand(<function>:124)
	at jdk.nashorn.internal.scripts.Script$Recompilation$44618$3841A$\^function\_.L:1#issueCommand(<function>:124)
	at jdk.nashorn.internal.scripts.Script$Recompilation$44618$3841A$\^function\_.L:1#issueCommand(<function>:124)
	at jdk.nashorn.internal.scripts.Script$Recompilation$44618$3841A$\^function\_.L:1#issueCommand(<function>:124)
	at jdk.nashorn.internal.scripts.Script$Recompilation$44618$3841A$\^function\_.L:1#issueCommand(<function>:124)
	at jdk.nashorn.internal.scripts.Script$Recompilation$44618$3841A$\^function\_.L:1#issueCommand(<function>:124)
	at jdk.nashorn.internal.scripts.Script$Recompilation$44618$3841A$\^function\_.L:1#issueCommand(<function>:124)
	at jdk.nashorn.internal.scripts.Script$Recompilation$44618$3841A$\^function\_.L:1#issueCommand(<function>:124)
	at jdk.nashorn.internal.scripts.Script$Recompilation$44618$3841A$\^function\_.L:1#issueCommand(<function>:124)
	at jdk.nashorn.internal.scripts.Script$Recompilation$44618$3841A$\^function\_.L:1#issueCommand(<function>:124)
	at jdk.nashorn.internal.scripts.Script$Recompilation$44618$3841A$\^function\_.L:1#issueCommand(<function>:124)
	at jdk.nashorn.internal.scripts.Script$Recompilation$44618$3841A$\^function\_.L:1#issueCommand(<function>:124)
	at jdk.nashorn.internal.scripts.Script$Recompilation$44618$3841A$\^function\_.L:1#issueCommand(<function>:124)
	at jdk.nashorn.internal.scripts.Script$Recompilation$44618$3841A$\^function\_.L:1#issueCommand(<function>:124)
	at jdk.nashorn.internal.scripts.Script$Recompilation$44618$3841A$\^function\_.L:1#issueCommand(<function>:124)
	at jdk.nashorn.internal.scripts.Script$Recompilation$44618$3841A$\^function\_.L:1#issueCommand(<function>:124)
	at jdk.nashorn.internal.scripts.Script$Recompilation$44618$3841A$\^function\_.L:1#issueCommand(<function>:124)
	at jdk.nashorn.internal.scripts.Script$Recompilation$44618$3841A$\^function\_.L:1#issueCommand(<function>:124)
	at jdk.nashorn.internal.scripts.Script$Recompilation$44618$3841A$\^function\_.L:1#issueCommand(<function>:124)
	at jdk.nashorn.internal.scripts.Script$Recompilation$44618$3841A$\^function\_.L:1#issueCommand(<function>:124)
	at jdk.nashorn.internal.scripts.Script$Recompilation$44618$3841A$\^function\_.L:1#issueCommand(<function>:124)
	at jdk.nashorn.internal.scripts.Script$Recompilation$44618$3841A$\^function\_.L:1#issueCommand(<function>:124)
	at jdk.nashorn.internal.scripts.Script$Recompilation$44618$3841A$\^function\_.L:1#issueCommand(<function>:124)
	at jdk.nashorn.internal.scripts.Script$Recompilation$44618$3841A$\^function\_.L:1#issueCommand(<function>:124)
	at jdk.nashorn.internal.scripts.Script$Recompilation$44618$3841A$\^function\_.L:1#issueCommand(<function>:124)
	at jdk.nashorn.internal.scripts.Script$Recompilation$44618$3841A$\^function\_.L:1#issueCommand(<function>:124)
	at jdk.nashorn.internal.scripts.Script$Recompilation$44618$3841A$\^function\_.L:1#issueCommand(<function>:124)
	at jdk.nashorn.internal.scripts.Script$Recompilation$44618$3841A$\^function\_.L:1#issueCommand(<function>:124)
	at jdk.nashorn.internal.scripts.Script$Recompilation$44618$3841A$\^function\_.L:1#issueCommand(<function>:124)
	at jdk.nashorn.internal.scripts.Script$Recompilation$44618$3841A$\^function\_.L:1#issueCommand(<function>:124)
	at jdk.nashorn.internal.scripts.Script$Recompilation$44618$3841A$\^function\_.L:1#issueCommand(<function>:124)
	at jdk.nashorn.internal.scripts.Script$Recompilation$44618$3841A$\^function\_.L:1#issueCommand(<function>:124)
	at jdk.nashorn.internal.scripts.Script$Recompilation$44618$3841A$\^function\_.L:1#issueCommand(<function>:124)
	at jdk.nashorn.internal.scripts.Script$Recompilation$44618$3841A$\^function\_.L:1#issueCommand(<function>:124)
	at jdk.nashorn.internal.scripts.Script$Recompilation$44618$3841A$\^function\_.L:1#issueCommand(<function>:124)
	at jdk.nashorn.internal.scripts.Script$Recompilation$44618$3841A$\^function\_.L:1#issueCommand(<function>:124)
	at jdk.nashorn.internal.scripts.Script$Recompilation$44618$3841A$\^function\_.L:1#issueCommand(<function>:124)
	at jdk.nashorn.internal.scripts.Script$Recompilation$44618$3841A$\^function\_.L:1#issueCommand(<function>:124)
	at jdk.nashorn.internal.scripts.Script$Recompilation$44618$3841A$\^function\_.L:1#issueCommand(<function>:124)
	at jdk.nashorn.internal.scripts.Script$Recompilation$44618$3841A$\^function\_.L:1#issueCommand(<function>:124)
	at jdk.nashorn.internal.scripts.Script$Recompilation$44618$3841A$\^function\_.L:1#issueCommand(<function>:124)
	at jdk.nashorn.internal.scripts.Script$Recompilation$44618$3841A$\^function\_.L:1#issueCommand(<function>:124)
	at jdk.nashorn.internal.scripts.Script$Recompilation$44618$3841A$\^function\_.L:1#issueCommand(<function>:124)
	at jdk.nashorn.internal.scripts.Script$Recompilation$44618$3841A$\^function\_.L:1#issueCommand(<function>:124)
	at jdk.nashorn.internal.scripts.Script$Recompilation$44618$3841A$\^function\_.L:1#issueCommand(<function>:124)
	at jdk.nashorn.internal.scripts.Script$Recompilation$44618$3841A$\^function\_.L:1#issueCommand(<function>:124)
	at jdk.nashorn.internal.scripts.Script$Recompilation$44618$3841A$\^function\_.L:1#issueCommand(<function>:124)
	at jdk.nashorn.internal.scripts.Script$Recompilation$44618$3841A$\^function\_.L:1#issueCommand(<function>:124)
	at jdk.nashorn.internal.scripts.Script$Recompilation$44618$3841A$\^function\_.L:1#issueCommand(<function>:124)
	at jdk.nashorn.internal.scripts.Script$Recompilation$44618$3841A$\^function\_.L:1#issueCommand(<function>:124)
	at jdk.nashorn.internal.scripts.Script$Recompilation$44618$3841A$\^function\_.L:1#issueCommand(<function>:124)
	at jdk.nashorn.internal.scripts.Script$Recompilation$44618$3841A$\^function\_.L:1#issueCommand(<function>:124)
	at jdk.nashorn.internal.scripts.Script$Recompilation$44618$3841A$\^function\_.L:1#issueCommand(<function>:124)
	at jdk.nashorn.internal.scripts.Script$Recompilation$44618$3841A$\^function\_.L:1#issueCommand(<function>:124)
	at jdk.nashorn.internal.scripts.Script$Recompilation$44618$3841A$\^function\_.L:1#issueCommand(<function>:124)
	at jdk.nashorn.internal.scripts.Script$Recompilation$44618$3841A$\^function\_.L:1#issueCommand(<function>:124)
	at jdk.nashorn.internal.scripts.Script$Recompilation$44618$3841A$\^function\_.L:1#issueCommand(<function>:124)
	at jdk.nashorn.internal.scripts.Script$Recompilation$44618$3841A$\^function\_.L:1#issueCommand(<function>:124)
	at jdk.nashorn.internal.scripts.Script$Recompilation$44618$3841A$\^function\_.L:1#issueCommand(<function>:124)
	at jdk.nashorn.internal.scripts.Script$Recompilation$44618$3841A$\^function\_.L:1#issueCommand(<function>:124)
	at jdk.nashorn.internal.scripts.Script$Recompilation$44618$3841A$\^function\_.L:1#issueCommand(<function>:124)
	at jdk.nashorn.internal.scripts.Script$Recompilation$44618$3841A$\^function\_.L:1#issueCommand(<function>:124)
	at jdk.nashorn.internal.scripts.Script$Recompilation$44618$3841A$\^function\_.L:1#issueCommand(<function>:124)
	at jdk.nashorn.internal.scripts.Script$Recompilation$44618$3841A$\^function\_.L:1#issueCommand(<function>:124)
	at jdk.nashorn.internal.scripts.Script$Recompilation$44618$3841A$\^function\_.L:1#issueCommand(<function>:124)
	at jdk.nashorn.internal.scripts.Script$Recompilation$44618$3841A$\^function\_.L:1#issueCommand(<function>:124)
	at jdk.nashorn.internal.scripts.Script$Recompilation$44618$3841A$\^function\_.L:1#issueCommand(<function>:124)
	at jdk.nashorn.internal.scripts.Script$Recompilation$44618$3841A$\^function\_.L:1#issueCommand(<function>:124)
	at jdk.nashorn.internal.scripts.Script$Recompilation$44618$3841A$\^function\_.L:1#issueCommand(<function>:124)
	at jdk.nashorn.internal.scripts.Script$Recompilation$44618$3841A$\^function\_.L:1#issueCommand(<function>:124)
	at jdk.nashorn.internal.scripts.Script$Recompilation$44618$3841A$\^function\_.L:1#issueCommand(<function>:124)
	at jdk.nashorn.internal.scripts.Script$Recompilation$44618$3841A$\^function\_.L:1#issueCommand(<function>:124)
	at jdk.nashorn.internal.scripts.Script$Recompilation$44618$3841A$\^function\_.L:1#issueCommand(<function>:124)
	at jdk.nashorn.internal.scripts.Script$Recompilation$44618$3841A$\^function\_.L:1#issueCommand(<function>:124)
	at jdk.nashorn.internal.scripts.Script$Recompilation$44618$3841A$\^function\_.L:1#issueCommand(<function>:124)
	at jdk.nashorn.internal.scripts.Script$Recompilation$44618$3841A$\^function\_.L:1#issueCommand(<function>:124)
	at jdk.nashorn.internal.scripts.Script$Recompilation$44618$3841A$\^function\_.L:1#issueCommand(<function>:124)
	at jdk.nashorn.internal.scripts.Script$Recompilation$44618$3841A$\^function\_.L:1#issueCommand(<function>:124)
	at jdk.nashorn.internal.scripts.Script$Recompilation$44618$3841A$\^function\_.L:1#issueCommand(<function>:124)
	at jdk.nashorn.internal.scripts.Script$Recompilation$44618$3841A$\^function\_.L:1#issueCommand(<function>:124)
	at jdk.nashorn.internal.scripts.Script$Recompilation$44618$3841A$\^function\_.L:1#issueCommand(<function>:124)
	at jdk.nashorn.internal.scripts.Script$Recompilation$44618$3841A$\^function\_.L:1#issueCommand(<function>:124)
	at jdk.nashorn.internal.scripts.Script$Recompilation$44618$3841A$\^function\_.L:1#issueCommand(<function>:124)
	at jdk.nashorn.internal.scripts.Script$Recompilation$44618$3841A$\^function\_.L:1#issueCommand(<function>:124)
	at jdk.nashorn.internal.scripts.Script$Recompilation$44618$3841A$\^function\_.L:1#issueCommand(<function>:124)
	at jdk.nashorn.internal.scripts.Script$Recompilation$44618$3841A$\^function\_.L:1#issueCommand(<function>:124)
	at jdk.nashorn.internal.scripts.Script$Recompilation$44618$3841A$\^function\_.L:1#issueCommand(<function>:124)
	at jdk.nashorn.internal.scripts.Script$Recompilation$44618$3841A$\^function\_.L:1#issueCommand(<function>:124)
	at jdk.nashorn.internal.scripts.Script$Recompilation$44618$3841A$\^function\_.L:1#issueCommand(<function>:124)
	at jdk.nashorn.internal.scripts.Script$Recompilation$44618$3841A$\^function\_.L:1#issueCommand(<function>:124)
	at jdk.nashorn.internal.scripts.Script$Recompilation$44618$3841A$\^function\_.L:1#issueCommand(<function>:124)
	at jdk.nashorn.internal.scripts.Script$Recompilation$44618$3841A$\^function\_.L:1#issueCommand(<function>:124)
	at jdk.nashorn.internal.scripts.Script$Recompilation$44618$3841A$\^function\_.L:1#issueCommand(<function>:124)
	at jdk.nashorn.internal.scripts.Script$Recompilation$44618$3841A$\^function\_.L:1#issueCommand(<function>:124)
	at jdk.nashorn.internal.scripts.Script$Recompilation$44618$3841A$\^function\_.L:1#issueCommand(<function>:124)
	at jdk.nashorn.internal.scripts.Script$Recompilation$44618$3841A$\^function\_.L:1#issueCommand(<function>:124)
	at jdk.nashorn.internal.scripts.Script$Recompilation$44618$3841A$\^function\_.L:1#issueCommand(<function>:124)
	at jdk.nashorn.internal.scripts.Script$Recompilation$44618$3841A$\^function\_.L:1#issueCommand(<function>:124)
	at jdk.nashorn.internal.scripts.Script$Recompilation$44618$3841A$\^function\_.L:1#issueCommand(<function>:124)
	at jdk.nashorn.internal.scripts.Script$Recompilation$44618$3841A$\^function\_.L:1#issueCommand(<function>:124)
	at jdk.nashorn.internal.scripts.Script$Recompilation$44618$3841A$\^function\_.L:1#issueCommand(<function>:124)
	at jdk.nashorn.internal.scripts.Script$Recompilation$44618$3841A$\^function\_.L:1#issueCommand(<function>:124)
	at jdk.nashorn.internal.scripts.Script$Recompilation$44618$3841A$\^function\_.L:1#issueCommand(<function>:124)
	at jdk.nashorn.internal.scripts.Script$Recompilation$44618$3841A$\^function\_.L:1#issueCommand(<function>:124)
	at jdk.nashorn.internal.scripts.Script$Recompilation$44618$3841A$\^function\_.L:1#issueCommand(<function>:124)
	at jdk.nashorn.internal.scripts.Script$Recompilation$44618$3841A$\^function\_.L:1#issueCommand(<function>:124)
	at jdk.nashorn.internal.scripts.Script$Recompilation$44618$3841A$\^function\_.L:1#issueCommand(<function>:124)
	at jdk.nashorn.internal.scripts.Script$Recompilation$44618$3841A$\^function\_.L:1#issueCommand(<function>:124)
	at jdk.nashorn.internal.scripts.Script$Recompilation$44618$3841A$\^function\_.L:1#issueCommand(<function>:124)
	at jdk.nashorn.internal.scripts.Script$Recompilation$44618$3841A$\^function\_.L:1#issueCommand(<function>:124)
	at jdk.nashorn.internal.scripts.Script$Recompilation$44618$3841A$\^function\_.L:1#issueCommand(<function>:124)
	at jdk.nashorn.internal.scripts.Script$Recompilation$44618$3841A$\^function\_.L:1#issueCommand(<function>:124)
	at jdk.nashorn.internal.scripts.Script$Recompilation$44618$3841A$\^function\_.L:1#issueCommand(<function>:124)
	at jdk.nashorn.internal.scripts.Script$Recompilation$44618$3841A$\^function\_.L:1#issueCommand(<function>:124)
	at jdk.nashorn.internal.scripts.Script$Recompilation$44618$3841A$\^function\_.L:1#issueCommand(<function>:124)
	at jdk.nashorn.internal.scripts.Script$Recompilation$44618$3841A$\^function\_.L:1#issueCommand(<function>:124)
	at jdk.nashorn.internal.scripts.Script$Recompilation$44618$3841A$\^function\_.L:1#issueCommand(<function>:124)
	at jdk.nashorn.internal.scripts.Script$Recompilation$44618$3841A$\^function\_.L:1#issueCommand(<function>:124)
	at jdk.nashorn.internal.scripts.Script$Recompilation$44618$3841A$\^function\_.L:1#issueCommand(<function>:124)
	at jdk.nashorn.internal.scripts.Script$Recompilation$44618$3841A$\^function\_.L:1#issueCommand(<function>:124)
	at jdk.nashorn.internal.scripts.Script$Recompilation$44618$3841A$\^function\_.L:1#issueCommand(<function>:124)
	at jdk.nashorn.internal.scripts.Script$Recompilation$44618$3841A$\^function\_.L:1#issueCommand(<function>:124)
	at jdk.nashorn.internal.scripts.Script$Recompilation$44618$3841A$\^function\_.L:1#issueCommand(<function>:124)
	at jdk.nashorn.internal.scripts.Script$Recompilation$44618$3841A$\^function\_.L:1#issueCommand(<function>:124)
	at jdk.nashorn.internal.scripts.Script$Recompilation$44618$3841A$\^function\_.L:1#issueCommand(<function>:124)
	at jdk.nashorn.internal.scripts.Script$Recompilation$44618$3841A$\^function\_.L:1#issueCommand(<function>:124)
	at jdk.nashorn.internal.scripts.Script$Recompilation$44618$3841A$\^function\_.L:1#issueCommand(<function>:124)
	at jdk.nashorn.internal.scripts.Script$Recompilation$44618$3841A$\^function\_.L:1#issueCommand(<function>:124)
	at jdk.nashorn.internal.scripts.Script$Recompilation$44618$3841A$\^function\_.L:1#issueCommand(<function>:124)
	at jdk.nashorn.internal.scripts.Script$Recompilation$44618$3841A$\^function\_.L:1#issueCommand(<function>:124)
	at jdk.nashorn.internal.scripts.Script$Recompilation$44618$3841A$\^function\_.L:1#issueCommand(<function>:124)
	at jdk.nashorn.internal.scripts.Script$Recompilation$44618$3841A$\^function\_.L:1#issueCommand(<function>:124)
	at jdk.nashorn.internal.scripts.Script$Recompilation$44618$3841A$\^function\_.L:1#issueCommand(<function>:124)
	at jdk.nashorn.internal.scripts.Script$Recompilation$44618$3841A$\^function\_.L:1#issueCommand(<function>:124)
	at jdk.nashorn.internal.scripts.Script$Recompilation$44618$3841A$\^function\_.L:1#issueCommand(<function>:124)
	at jdk.nashorn.internal.scripts.Script$Recompilation$44618$3841A$\^function\_.L:1#issueCommand(<function>:124)
	at jdk.nashorn.internal.scripts.Script$Recompilation$44618$3841A$\^function\_.L:1#issueCommand(<function>:124)
	at jdk.nashorn.internal.scripts.Script$Recompilation$44618$3841A$\^function\_.L:1#issueCommand(<function>:124)
	at jdk.nashorn.internal.scripts.Script$Recompilation$44618$3841A$\^function\_.L:1#issueCommand(<function>:124)
	at jdk.nashorn.internal.scripts.Script$Recompilation$44618$3841A$\^function\_.L:1#issueCommand(<function>:124)
	at jdk.nashorn.internal.scripts.Script$Recompilation$44618$3841A$\^function\_.L:1#issueCommand(<function>:124)
	at jdk.nashorn.internal.scripts.Script$Recompilation$44618$3841A$\^function\_.L:1#issueCommand(<function>:124)
	at jdk.nashorn.internal.scripts.Script$Recompilation$44618$3841A$\^function\_.L:1#issueCommand(<function>:124)
	at jdk.nashorn.internal.scripts.Script$Recompilation$44618$3841A$\^function\_.L:1#issueCommand(<function>:124)
	at jdk.nashorn.internal.scripts.Script$Recompilation$44618$3841A$\^function\_.L:1#issueCommand(<function>:124)
	at jdk.nashorn.internal.scripts.Script$Recompilation$44618$3841A$\^function\_.L:1#issueCommand(<function>:124)
	at jdk.nashorn.internal.scripts.Script$Recompilation$44618$3841A$\^function\_.L:1#issueCommand(<function>:124)
	at jdk.nashorn.internal.scripts.Script$Recompilation$44618$3841A$\^function\_.L:1#issueCommand(<function>:124)
	at jdk.nashorn.internal.scripts.Script$Recompilation$44618$3841A$\^function\_.L:1#issueCommand(<function>:124)
	at jdk.nashorn.internal.scripts.Script$Recompilation$44618$3841A$\^function\_.L:1#issueCommand(<function>:124)
	at jdk.nashorn.internal.scripts.Script$Recompilation$44618$3841A$\^function\_.L:1#issueCommand(<function>:124)
	at jdk.nashorn.internal.scripts.Script$Recompilation$44618$3841A$\^function\_.L:1#issueCommand(<function>:124)
	at jdk.nashorn.internal.scripts.Script$Recompilation$44618$3841A$\^function\_.L:1#issueCommand(<function>:124)
	at jdk.nashorn.internal.scripts.Script$Recompilation$44618$3841A$\^function\_.L:1#issueCommand(<function>:124)
	at jdk.nashorn.internal.scripts.Script$Recompilation$44618$3841A$\^function\_.L:1#issueCommand(<function>:124)
	at jdk.nashorn.internal.scripts.Script$Recompilation$44618$3841A$\^function\_.L:1#issueCommand(<function>:124)
	at jdk.nashorn.internal.scripts.Script$Recompilation$44618$3841A$\^function\_.L:1#issueCommand(<function>:124)
	at jdk.nashorn.internal.scripts.Script$Recompilation$44618$3841A$\^function\_.L:1#issueCommand(<function>:124)
	at jdk.nashorn.internal.scripts.Script$Recompilation$44618$3841A$\^function\_.L:1#issueCommand(<function>:124)
	at jdk.nashorn.internal.scripts.Script$Recompilation$44618$3841A$\^function\_.L:1#issueCommand(<function>:124)
	at jdk.nashorn.internal.scripts.Script$Recompilation$44618$3841A$\^function\_.L:1#issueCommand(<function>:124)
	at jdk.nashorn.internal.scripts.Script$Recompilation$44618$3841A$\^function\_.L:1#issueCommand(<function>:124)
	at jdk.nashorn.internal.scripts.Script$Recompilation$44618$3841A$\^function\_.L:1#issueCommand(<function>:124)
	at jdk.nashorn.internal.scripts.Script$Recompilation$44618$3841A$\^function\_.L:1#issueCommand(<function>:124)
	at jdk.nashorn.internal.scripts.Script$Recompilation$44618$3841A$\^function\_.L:1#issueCommand(<function>:124)
	at jdk.nashorn.internal.scripts.Script$Recompilation$44618$3841A$\^function\_.L:1#issueCommand(<function>:124)
	at jdk.nashorn.internal.scripts.Script$Recompilation$44618$3841A$\^function\_.L:1#issueCommand(<function>:124)
	at jdk.nashorn.internal.scripts.Script$Recompilation$44618$3841A$\^function\_.L:1#issueCommand(<function>:124)
	at jdk.nashorn.internal.scripts.Script$Recompilation$44618$3841A$\^function\_.L:1#issueCommand(<function>:124)
	at jdk.nashorn.internal.scripts.Script$Recompilation$44618$3841A$\^function\_.L:1#issueCommand(<function>:124)
	at jdk.nashorn.internal.scripts.Script$Recompilation$44618$3841A$\^function\_.L:1#issueCommand(<function>:124)
	at jdk.nashorn.internal.scripts.Script$Recompilation$44618$3841A$\^function\_.L:1#issueCommand(<function>:124)
	at jdk.nashorn.internal.scripts.Script$Recompilation$44618$3841A$\^function\_.L:1#issueCommand(<function>:124)
	at jdk.nashorn.internal.scripts.Script$Recompilation$44618$3841A$\^function\_.L:1#issueCommand(<function>:124)
	at jdk.nashorn.internal.scripts.Script$Recompilation$44618$3841A$\^function\_.L:1#issueCommand(<function>:124)
	at jdk.nashorn.internal.scripts.Script$Recompilation$44618$3841A$\^function\_.L:1#issueCommand(<function>:124)
	at jdk.nashorn.internal.scripts.Script$Recompilation$44618$3841A$\^function\_.L:1#issueCommand(<function>:124)
	at jdk.nashorn.internal.scripts.Script$Recompilation$44618$3841A$\^function\_.L:1#issueCommand(<function>:124)
	at jdk.nashorn.internal.scripts.Script$Recompilation$44618$3841A$\^function\_.L:1#issueCommand(<function>:124)
	at jdk.nashorn.internal.scripts.Script$Recompilation$44618$3841A$\^function\_.L:1#issueCommand(<function>:124)
	at jdk.nashorn.internal.scripts.Script$Recompilation$44618$3841A$\^function\_.L:1#issueCommand(<function>:124)
	at jdk.nashorn.internal.scripts.Script$Recompilation$44618$3841A$\^function\_.L:1#issueCommand(<function>:124)
	at jdk.nashorn.internal.scripts.Script$Recompilation$44618$3841A$\^function\_.L:1#issueCommand(<function>:124)
	at jdk.nashorn.internal.scripts.Script$Recompilation$44618$3841A$\^function\_.L:1#issueCommand(<function>:124)
	at jdk.nashorn.internal.scripts.Script$Recompilation$44618$3841A$\^function\_.L:1#issueCommand(<function>:124)
	at jdk.nashorn.internal.scripts.Script$Recompilation$44618$3841A$\^function\_.L:1#issueCommand(<function>:124)
	at jdk.nashorn.internal.scripts.Script$Recompilation$44618$3841A$\^function\_.L:1#issueCommand(<function>:124)
	at jdk.nashorn.internal.scripts.Script$Recompilation$44618$3841A$\^function\_.L:1#issueCommand(<function>:124)
	at jdk.nashorn.internal.scripts.Script$Recompilation$44618$3841A$\^function\_.L:1#issueCommand(<function>:124)
	at jdk.nashorn.internal.scripts.Script$Recompilation$44618$3841A$\^function\_.L:1#issueCommand(<function>:124)
	at jdk.nashorn.internal.scripts.Script$Recompilation$44618$3841A$\^function\_.L:1#issueCommand(<function>:124)
	at jdk.nashorn.internal.scripts.Script$Recompilation$44618$3841A$\^function\_.L:1#issueCommand(<function>:124)
	at jdk.nashorn.internal.scripts.Script$Recompilation$44618$3841A$\^function\_.L:1#issueCommand(<function>:124)
	at jdk.nashorn.internal.scripts.Script$Recompilation$44618$3841A$\^function\_.L:1#issueCommand(<function>:124)
	at jdk.nashorn.internal.scripts.Script$Recompilation$44618$3841A$\^function\_.L:1#issueCommand(<function>:124)
	at jdk.nashorn.internal.scripts.Script$Recompilation$44618$3841A$\^function\_.L:1#issueCommand(<function>:124)
	at jdk.nashorn.internal.scripts.Script$Recompilation$44618$3841A$\^function\_.L:1#issueCommand(<function>:124)
	at jdk.nashorn.internal.scripts.Script$Recompilation$44618$3841A$\^function\_.L:1#issueCommand(<function>:124)
	at jdk.nashorn.internal.scripts.Script$Recompilation$44618$3841A$\^function\_.L:1#issueCommand(<function>:124)
	at jdk.nashorn.internal.scripts.Script$Recompilation$44618$3841A$\^function\_.L:1#issueCommand(<function>:124)
	at jdk.nashorn.internal.scripts.Script$Recompilation$44618$3841A$\^function\_.L:1#issueCommand(<function>:124)
	at jdk.nashorn.internal.scripts.Script$Recompilation$44618$3841A$\^function\_.L:1#issueCommand(<function>:124)
	at jdk.nashorn.internal.scripts.Script$Recompilation$44618$3841A$\^function\_.L:1#issueCommand(<function>:124)
	at jdk.nashorn.internal.scripts.Script$Recompilation$44618$3841A$\^function\_.L:1#issueCommand(<function>:124)
	at jdk.nashorn.internal.scripts.Script$Recompilation$44618$3841A$\^function\_.L:1#issueCommand(<function>:124)
	at jdk.nashorn.internal.scripts.Script$Recompilation$44618$3841A$\^function\_.L:1#issueCommand(<function>:124)
	at jdk.nashorn.internal.scripts.Script$Recompilation$44618$3841A$\^function\_.L:1#issueCommand(<function>:124)
	at jdk.nashorn.internal.scripts.Script$Recompilation$44618$3841A$\^function\_.L:1#issueCommand(<function>:124)
	at jdk.nashorn.internal.scripts.Script$Recompilation$44618$3841A$\^function\_.L:1#issueCommand(<function>:124)
	at jdk.nashorn.internal.scripts.Script$Recompilation$44618$3841A$\^function\_.L:1#issueCommand(<function>:124)
	at jdk.nashorn.internal.scripts.Script$Recompilation$44618$3841A$\^function\_.L:1#issueCommand(<function>:124)
	at jdk.nashorn.internal.scripts.Script$Recompilation$44618$3841A$\^function\_.L:1#issueCommand(<function>:124)
	at jdk.nashorn.internal.scripts.Script$Recompilation$44618$3841A$\^function\_.L:1#issueCommand(<function>:124)
	at jdk.nashorn.internal.scripts.Script$Recompilation$44618$3841A$\^function\_.L:1#issueCommand(<function>:124)
	at jdk.nashorn.internal.scripts.Script$Recompilation$44618$3841A$\^function\_.L:1#issueCommand(<function>:124)
	at jdk.nashorn.internal.scripts.Script$Recompilation$44618$3841A$\^function\_.L:1#issueCommand(<function>:124)
	at jdk.nashorn.internal.scripts.Script$Recompilation$44618$3841A$\^function\_.L:1#issueCommand(<function>:124)
	at jdk.nashorn.internal.scripts.Script$Recompilation$44618$3841A$\^function\_.L:1#issueCommand(<function>:124)
	at jdk.nashorn.internal.scripts.Script$Recompilation$44618$3841A$\^function\_.L:1#issueCommand(<function>:124)
	at jdk.nashorn.internal.scripts.Script$Recompilation$44618$3841A$\^function\_.L:1#issueCommand(<function>:124)
	at jdk.nashorn.internal.scripts.Script$Recompilation$44618$3841A$\^function\_.L:1#issueCommand(<function>:124)
	at jdk.nashorn.internal.scripts.Script$Recompilation$44618$3841A$\^function\_.L:1#issueCommand(<function>:124)
	at jdk.nashorn.internal.scripts.Script$Recompilation$44618$3841A$\^function\_.L:1#issueCommand(<function>:124)
	at jdk.nashorn.internal.scripts.Script$Recompilation$44618$3841A$\^function\_.L:1#issueCommand(<function>:124)
	at jdk.nashorn.internal.scripts.Script$Recompilation$44618$3841A$\^function\_.L:1#issueCommand(<function>:124)
	at jdk.nashorn.internal.scripts.Script$Recompilation$44618$3841A$\^function\_.L:1#issueCommand(<function>:124)
	at jdk.nashorn.internal.scripts.Script$Recompilation$44618$3841A$\^function\_.L:1#issueCommand(<function>:124)
	at jdk.nashorn.internal.scripts.Script$Recompilation$44618$3841A$\^function\_.L:1#issueCommand(<function>:124)
	at jdk.nashorn.internal.scripts.Script$Recompilation$44618$3841A$\^function\_.L:1#issueCommand(<function>:124)
	at jdk.nashorn.internal.scripts.Script$Recompilation$44618$3841A$\^function\_.L:1#issueCommand(<function>:124)
	at jdk.nashorn.internal.scripts.Script$Recompilation$44618$3841A$\^function\_.L:1#issueCommand(<function>:124)
	at jdk.nashorn.internal.scripts.Script$Recompilation$44618$3841A$\^function\_.L:1#issueCommand(<function>:124)
	at jdk.nashorn.internal.scripts.Script$Recompilation$44618$3841A$\^function\_.L:1#issueCommand(<function>:124)
	at jdk.nashorn.internal.scripts.Script$Recompilation$44618$3841A$\^function\_.L:1#issueCommand(<function>:124)
	at jdk.nashorn.internal.scripts.Script$Recompilation$44618$3841A$\^function\_.L:1#issueCommand(<function>:124)
	at jdk.nashorn.internal.scripts.Script$Recompilation$44618$3841A$\^function\_.L:1#issueCommand(<function>:124)
	at jdk.nashorn.internal.scripts.Script$Recompilation$44618$3841A$\^function\_.L:1#issueCommand(<function>:124)
	at jdk.nashorn.internal.scripts.Script$Recompilation$44618$3841A$\^function\_.L:1#issueCommand(<function>:124)
	at jdk.nashorn.internal.scripts.Script$Recompilation$44618$3841A$\^function\_.L:1#issueCommand(<function>:124)
	at jdk.nashorn.internal.scripts.Script$Recompilation$44618$3841A$\^function\_.L:1#issueCommand(<function>:124)
	at jdk.nashorn.internal.scripts.Script$Recompilation$44618$3841A$\^function\_.L:1#issueCommand(<function>:124)
	at jdk.nashorn.internal.scripts.Script$Recompilation$44618$3841A$\^function\_.L:1#issueCommand(<function>:124)
	at jdk.nashorn.internal.scripts.Script$Recompilation$44618$3841A$\^function\_.L:1#issueCommand(<function>:124)
	at jdk.nashorn.internal.scripts.Script$Recompilation$44618$3841A$\^function\_.L:1#issueCommand(<function>:124)
	at jdk.nashorn.internal.scripts.Script$Recompilation$44618$3841A$\^function\_.L:1#issueCommand(<function>:124)
	at jdk.nashorn.internal.scripts.Script$Recompilation$44618$3841A$\^function\_.L:1#issueCommand(<function>:124)
	at jdk.nashorn.internal.scripts.Script$Recompilation$44618$3841A$\^function\_.L:1#issueCommand(<function>:124)
	at jdk.nashorn.internal.scripts.Script$Recompilation$44618$3841A$\^function\_.L:1#issueCommand(<function>:124)
	at jdk.nashorn.internal.scripts.Script$Recompilation$44618$3841A$\^function\_.L:1#issueCommand(<function>:124)
	at jdk.nashorn.internal.scripts.Script$Recompilation$44618$3841A$\^function\_.L:1#issueCommand(<function>:124)
	at jdk.nashorn.internal.scripts.Script$Recompilation$44618$3841A$\^function\_.L:1#issueCommand(<function>:124)
	at jdk.nashorn.internal.scripts.Script$Recompilation$44618$3841A$\^function\_.L:1#issueCommand(<function>:124)
	at jdk.nashorn.internal.scripts.Script$Recompilation$44618$3841A$\^function\_.L:1#issueCommand(<function>:124)
	at jdk.nashorn.internal.scripts.Script$Recompilation$44618$3841A$\^function\_.L:1#issueCommand(<function>:124)
	at jdk.nashorn.internal.scripts.Script$Recompilation$44618$3841A$\^function\_.L:1#issueCommand(<function>:124)
	at jdk.nashorn.internal.scripts.Script$Recompilation$44618$3841A$\^function\_.L:1#issueCommand(<function>:124)
	at jdk.nashorn.internal.scripts.Script$Recompilation$44618$3841A$\^function\_.L:1#issueCommand(<function>:124)
	at jdk.nashorn.internal.scripts.Script$Recompilation$44618$3841A$\^function\_.L:1#issueCommand(<function>:124)
	at jdk.nashorn.internal.scripts.Script$Recompilation$44618$3841A$\^function\_.L:1#issueCommand(<function>:124)
	at jdk.nashorn.internal.scripts.Script$Recompilation$44618$3841A$\^function\_.L:1#issueCommand(<function>:124)
	at jdk.nashorn.internal.scripts.Script$Recompilation$44618$3841A$\^function\_.L:1#issueCommand(<function>:124)
	at jdk.nashorn.internal.scripts.Script$Recompilation$44618$3841A$\^function\_.L:1#issueCommand(<function>:124)
	at jdk.nashorn.internal.scripts.Script$Recompilation$44618$3841A$\^function\_.L:1#issueCommand(<function>:124)
	at jdk.nashorn.internal.scripts.Script$Recompilation$44618$3841A$\^function\_.L:1#issueCommand(<function>:124)
	at jdk.nashorn.internal.scripts.Script$Recompilation$44618$3841A$\^function\_.L:1#issueCommand(<function>:124)
	at jdk.nashorn.internal.scripts.Script$Recompilation$44618$3841A$\^function\_.L:1#issueCommand(<function>:124)
	at jdk.nashorn.internal.scripts.Script$Recompilation$44618$3841A$\^function\_.L:1#issueCommand(<function>:124)
	at jdk.nashorn.internal.scripts.Script$Recompilation$44618$3841A$\^function\_.L:1#issueCommand(<function>:124)
	at jdk.nashorn.internal.scripts.Script$Recompilation$44618$3841A$\^function\_.L:1#issueCommand(<function>:124)
	at jdk.nashorn.internal.scripts.Script$Recompilation$44618$3841A$\^function\_.L:1#issueCommand(<function>:124)
	at jdk.nashorn.internal.scripts.Script$Recompilation$44618$3841A$\^function\_.L:1#issueCommand(<function>:124)
	at jdk.nashorn.internal.scripts.Script$Recompilation$44618$3841A$\^function\_.L:1#issueCommand(<function>:124)
	at jdk.nashorn.internal.scripts.Script$Recompilation$44618$3841A$\^function\_.L:1#issueCommand(<function>:124)
	at jdk.nashorn.internal.scripts.Script$Recompilation$44618$3841A$\^function\_.L:1#issueCommand(<function>:124)
	at jdk.nashorn.internal.scripts.Script$Recompilation$44618$3841A$\^function\_.L:1#issueCommand(<function>:124)
	at jdk.nashorn.internal.scripts.Script$Recompilation$44618$3841A$\^function\_.L:1#issueCommand(<function>:124)
	at jdk.nashorn.internal.scripts.Script$Recompilation$44618$3841A$\^function\_.L:1#issueCommand(<function>:124)
	at jdk.nashorn.internal.scripts.Script$Recompilation$44618$3841A$\^function\_.L:1#issueCommand(<function>:124)
	at jdk.nashorn.internal.scripts.Script$Recompilation$44618$3841A$\^function\_.L:1#issueCommand(<function>:124)
	at jdk.nashorn.internal.scripts.Script$Recompilation$44618$3841A$\^function\_.L:1#issueCommand(<function>:124)
	at jdk.nashorn.internal.scripts.Script$Recompilation$44618$3841A$\^function\_.L:1#issueCommand(<function>:124)
	at jdk.nashorn.internal.scripts.Script$Recompilation$44618$3841A$\^function\_.L:1#issueCommand(<function>:124)
	at jdk.nashorn.internal.scripts.Script$Recompilation$44618$3841A$\^function\_.L:1#issueCommand(<function>:124)
	at jdk.nashorn.internal.scripts.Script$Recompilation$44618$3841A$\^function\_.L:1#issueCommand(<function>:124)
	at jdk.nashorn.internal.scripts.Script$Recompilation$44618$3841A$\^function\_.L:1#issueCommand(<function>:124)
	at jdk.nashorn.internal.scripts.Script$Recompilation$44618$3841A$\^function\_.L:1#issueCommand(<function>:124)
	at jdk.nashorn.internal.scripts.Script$Recompilation$44618$3841A$\^function\_.L:1#issueCommand(<function>:124)
	at jdk.nashorn.internal.scripts.Script$Recompilation$44618$3841A$\^function\_.L:1#issueCommand(<function>:124)
	at jdk.nashorn.internal.scripts.Script$Recompilation$44618$3841A$\^function\_.L:1#issueCommand(<function>:124)
	at jdk.nashorn.internal.scripts.Script$Recompilation$44618$3841A$\^function\_.L:1#issueCommand(<function>:124)
	at jdk.nashorn.internal.scripts.Script$Recompilation$44618$3841A$\^function\_.L:1#issueCommand(<function>:124)
	at jdk.nashorn.internal.scripts.Script$Recompilation$44618$3841A$\^function\_.L:1#issueCommand(<function>:124)
	at jdk.nashorn.internal.scripts.Script$Recompilation$44618$3841A$\^function\_.L:1#issueCommand(<function>:124)
	at jdk.nashorn.internal.scripts.Script$Recompilation$44618$3841A$\^function\_.L:1#issueCommand(<function>:124)
	at jdk.nashorn.internal.scripts.Script$Recompilation$44618$3841A$\^function\_.L:1#issueCommand(<function>:124)
	at jdk.nashorn.internal.scripts.Script$Recompilation$44618$3841A$\^function\_.L:1#issueCommand(<function>:124)
	at jdk.nashorn.internal.scripts.Script$Recompilation$44618$3841A$\^function\_.L:1#issueCommand(<function>:124)
	at jdk.nashorn.internal.scripts.Script$Recompilation$44618$3841A$\^function\_.L:1#issueCommand(<function>:124)
	at jdk.nashorn.internal.scripts.Script$Recompilation$44618$3841A$\^function\_.L:1#issueCommand(<function>:124)
	at jdk.nashorn.internal.scripts.Script$Recompilation$44618$3841A$\^function\_.L:1#issueCommand(<function>:124)
	at jdk.nashorn.internal.scripts.Script$Recompilation$44618$3841A$\^function\_.L:1#issueCommand(<function>:124)
	at jdk.nashorn.internal.scripts.Script$Recompilation$44618$3841A$\^function\_.L:1#issueCommand(<function>:124)
	at jdk.nashorn.internal.scripts.Script$Recompilation$44618$3841A$\^function\_.L:1#issueCommand(<function>:124)
	at jdk.nashorn.internal.scripts.Script$Recompilation$44618$3841A$\^function\_.L:1#issueCommand(<function>:124)
	at jdk.nashorn.internal.scripts.Script$Recompilation$44618$3841A$\^function\_.L:1#issueCommand(<function>:124)
	at jdk.nashorn.internal.scripts.Script$Recompilation$44618$3841A$\^function\_.L:1#issueCommand(<function>:124)
	at jdk.nashorn.internal.scripts.Script$Recompilation$44618$3841A$\^function\_.L:1#issueCommand(<function>:124)
	at jdk.nashorn.internal.scripts.Script$Recompilation$44618$3841A$\^function\_.L:1#issueCommand(<function>:124)
	at jdk.nashorn.internal.scripts.Script$Recompilation$44618$3841A$\^function\_.L:1#issueCommand(<function>:124)
	at jdk.nashorn.internal.scripts.Script$Recompilation$44618$3841A$\^function\_.L:1#issueCommand(<function>:124)
	at jdk.nashorn.internal.scripts.Script$Recompilation$44618$3841A$\^function\_.L:1#issueCommand(<function>:124)
	at jdk.nashorn.internal.scripts.Script$Recompilation$44618$3841A$\^function\_.L:1#issueCommand(<function>:124)
	at jdk.nashorn.internal.scripts.Script$Recompilation$44618$3841A$\^function\_.L:1#issueCommand(<function>:124)
	at jdk.nashorn.internal.scripts.Script$Recompilation$44618$3841A$\^function\_.L:1#issueCommand(<function>:124)
	at jdk.nashorn.internal.scripts.Script$Recompilation$44618$3841A$\^function\_.L:1#issueCommand(<function>:124)
	at jdk.nashorn.internal.scripts.Script$Recompilation$44618$3841A$\^function\_.L:1#issueCommand(<function>:124)
	at jdk.nashorn.internal.scripts.Script$Recompilation$44618$3841A$\^function\_.L:1#issueCommand(<function>:124)
	at jdk.nashorn.internal.scripts.Script$Recompilation$44618$3841A$\^function\_.L:1#issueCommand(<function>:124)
	at jdk.nashorn.internal.scripts.Script$Recompilation$44618$3841A$\^function\_.L:1#issueCommand(<function>:124)
	at jdk.nashorn.internal.scripts.Script$Recompilation$44618$3841A$\^function\_.L:1#issueCommand(<function>:124)
	at jdk.nashorn.internal.scripts.Script$Recompilation$44618$3841A$\^function\_.L:1#issueCommand(<function>:124)
	at jdk.nashorn.internal.scripts.Script$Recompilation$44618$3841A$\^function\_.L:1#issueCommand(<function>:124)
	at jdk.nashorn.internal.scripts.Script$Recompilation$44618$3841A$\^function\_.L:1#issueCommand(<function>:124)
	at jdk.nashorn.internal.scripts.Script$Recompilation$44618$3841A$\^function\_.L:1#issueCommand(<function>:124)
	at jdk.nashorn.internal.scripts.Script$Recompilation$44618$3841A$\^function\_.L:1#issueCommand(<function>:124)
	at jdk.nashorn.internal.scripts.Script$Recompilation$44618$3841A$\^function\_.L:1#issueCommand(<function>:124)
	at jdk.nashorn.internal.scripts.Script$Recompilation$44618$3841A$\^function\_.L:1#issueCommand(<function>:124)
	at jdk.nashorn.internal.scripts.Script$Recompilation$44618$3841A$\^function\_.L:1#issueCommand(<function>:124)
	at jdk.nashorn.internal.scripts.Script$Recompilation$44618$3841A$\^function\_.L:1#issueCommand(<function>:124)
	at jdk.nashorn.internal.scripts.Script$Recompilation$44618$3841A$\^function\_.L:1#issueCommand(<function>:124)
	at jdk.nashorn.internal.scripts.Script$Recompilation$44618$3841A$\^function\_.L:1#issueCommand(<function>:124)
	at jdk.nashorn.internal.scripts.Script$Recompilation$44618$3841A$\^function\_.L:1#issueCommand(<function>:124)
	at jdk.nashorn.internal.scripts.Script$Recompilation$44618$3841A$\^function\_.L:1#issueCommand(<function>:124)
	at jdk.nashorn.internal.scripts.Script$Recompilation$44618$3841A$\^function\_.L:1#issueCommand(<function>:124)
	at jdk.nashorn.internal.scripts.Script$Recompilation$44618$3841A$\^function\_.L:1#issueCommand(<function>:124)
	at jdk.nashorn.internal.scripts.Script$Recompilation$44618$3841A$\^function\_.L:1#issueCommand(<function>:124)
	at jdk.nashorn.internal.scripts.Script$Recompilation$44618$3841A$\^function\_.L:1#issueCommand(<function>:124)
	at jdk.nashorn.internal.scripts.Script$Recompilation$44618$3841A$\^function\_.L:1#issueCommand(<function>:124)
	at jdk.nashorn.internal.scripts.Script$Recompilation$44618$3841A$\^function\_.L:1#issueCommand(<function>:124)
	at jdk.nashorn.internal.scripts.Script$Recompilation$44618$3841A$\^function\_.L:1#issueCommand(<function>:124)
	at jdk.nashorn.internal.scripts.Script$Recompilation$44618$3841A$\^function\_.L:1#issueCommand(<function>:124)
	at jdk.nashorn.internal.scripts.Script$Recompilation$44618$3841A$\^function\_.L:1#issueCommand(<function>:124)
	at jdk.nashorn.internal.scripts.Script$Recompilation$44618$3841A$\^function\_.L:1#issueCommand(<function>:124)
	at jdk.nashorn.internal.scripts.Script$Recompilation$44618$3841A$\^function\_.L:1#issueCommand(<function>:124)
	at jdk.nashorn.internal.scripts.Script$Recompilation$44618$3841A$\^function\_.L:1#issueCommand(<function>:124)
	at jdk.nashorn.internal.scripts.Script$Recompilation$44618$3841A$\^function\_.L:1#issueCommand(<function>:124)
	at jdk.nashorn.internal.scripts.Script$Recompilation$44618$3841A$\^function\_.L:1#issueCommand(<function>:124)
	at jdk.nashorn.internal.scripts.Script$Recompilation$44618$3841A$\^function\_.L:1#issueCommand(<function>:124)
	at jdk.nashorn.internal.scripts.Script$Recompilation$44618$3841A$\^function\_.L:1#issueCommand(<function>:124)
	at jdk.nashorn.internal.scripts.Script$Recompilation$44618$3841A$\^function\_.L:1#issueCommand(<function>:124)
	at jdk.nashorn.internal.scripts.Script$Recompilation$44618$3841A$\^function\_.L:1#issueCommand(<function>:124)
	at jdk.nashorn.internal.scripts.Script$Recompilation$44618$3841A$\^function\_.L:1#issueCommand(<function>:124)
	at jdk.nashorn.internal.scripts.Script$Recompilation$44618$3841A$\^function\_.L:1#issueCommand(<function>:124)
	at jdk.nashorn.internal.scripts.Script$Recompilation$44618$3841A$\^function\_.L:1#issueCommand(<function>:124)
	at jdk.nashorn.internal.scripts.Script$Recompilation$44618$3841A$\^function\_.L:1#issueCommand(<function>:124)
	at jdk.nashorn.internal.scripts.Script$Recompilation$44618$3841A$\^function\_.L:1#issueCommand(<function>:124)
	at jdk.nashorn.internal.scripts.Script$Recompilation$44618$3841A$\^function\_.L:1#issueCommand(<function>:124)
	at jdk.nashorn.internal.scripts.Script$Recompilation$44618$3841A$\^function\_.L:1#issueCommand(<function>:124)
	at jdk.nashorn.internal.scripts.Script$Recompilation$44618$3841A$\^function\_.L:1#issueCommand(<function>:124)
	at jdk.nashorn.internal.scripts.Script$Recompilation$44618$3841A$\^function\_.L:1#issueCommand(<function>:124)
	at jdk.nashorn.internal.scripts.Script$Recompilation$44618$3841A$\^function\_.L:1#issueCommand(<function>:124)
	at jdk.nashorn.internal.scripts.Script$Recompilation$44618$3841A$\^function\_.L:1#issueCommand(<function>:124)
	at jdk.nashorn.internal.scripts.Script$Recompilation$44618$3841A$\^function\_.L:1#issueCommand(<function>:124)
	at jdk.nashorn.internal.scripts.Script$Recompilation$44618$3841A$\^function\_.L:1#issueCommand(<function>:124)
	at jdk.nashorn.internal.scripts.Script$Recompilation$44618$3841A$\^function\_.L:1#issueCommand(<function>:124)
	at jdk.nashorn.internal.scripts.Script$Recompilation$44618$3841A$\^function\_.L:1#issueCommand(<function>:124)
	at jdk.nashorn.internal.scripts.Script$Recompilation$44618$3841A$\^function\_.L:1#issueCommand(<function>:124)
	at jdk.nashorn.internal.scripts.Script$Recompilation$44618$3841A$\^function\_.L:1#issueCommand(<function>:124)
	at jdk.nashorn.internal.scripts.Script$Recompilation$44618$3841A$\^function\_.L:1#issueCommand(<function>:124)
	at jdk.nashorn.internal.scripts.Script$Recompilation$44618$3841A$\^function\_.L:1#issueCommand(<function>:124)
	at jdk.nashorn.internal.scripts.Script$Recompilation$44618$3841A$\^function\_.L:1#issueCommand(<function>:124)
	at jdk.nashorn.internal.scripts.Script$Recompilation$44618$3841A$\^function\_.L:1#issueCommand(<function>:124)
	at jdk.nashorn.internal.scripts.Script$Recompilation$44618$3841A$\^function\_.L:1#issueCommand(<function>:124)
	at jdk.nashorn.internal.scripts.Script$Recompilation$44618$3841A$\^function\_.L:1#issueCommand(<function>:124)
	at jdk.nashorn.internal.scripts.Script$Recompilation$44618$3841A$\^function\_.L:1#issueCommand(<function>:124)
	at jdk.nashorn.internal.scripts.Script$Recompilation$44618$3841A$\^function\_.L:1#issueCommand(<function>:124)
	at jdk.nashorn.internal.scripts.Script$Recompilation$44618$3841A$\^function\_.L:1#issueCommand(<function>:124)
	at jdk.nashorn.internal.scripts.Script$Recompilation$44618$3841A$\^function\_.L:1#issueCommand(<function>:124)
	at jdk.nashorn.internal.scripts.Script$Recompilation$44618$3841A$\^function\_.L:1#issueCommand(<function>:124)
	at jdk.nashorn.internal.scripts.Script$Recompilation$44618$3841A$\^function\_.L:1#issueCommand(<function>:124)
	at jdk.nashorn.internal.scripts.Script$Recompilation$44618$3841A$\^function\_.L:1#issueCommand(<function>:124)
	at jdk.nashorn.internal.scripts.Script$Recompilation$44618$3841A$\^function\_.L:1#issueCommand(<function>:124)
	at jdk.nashorn.internal.scripts.Script$Recompilation$44618$3841A$\^function\_.L:1#issueCommand(<function>:124)
	at jdk.nashorn.internal.scripts.Script$Recompilation$44618$3841A$\^function\_.L:1#issueCommand(<function>:124)
	at jdk.nashorn.internal.scripts.Script$Recompilation$44618$3841A$\^function\_.L:1#issueCommand(<function>:124)
	at jdk.nashorn.internal.scripts.Script$Recompilation$44618$3841A$\^function\_.L:1#issueCommand(<function>:124)
	at jdk.nashorn.internal.scripts.Script$Recompilation$44618$3841A$\^function\_.L:1#issueCommand(<function>:124)
	at jdk.nashorn.internal.scripts.Script$Recompilation$44618$3841A$\^function\_.L:1#issueCommand(<function>:124)
	at jdk.nashorn.internal.scripts.Script$Recompilation$44618$3841A$\^function\_.L:1#issueCommand(<function>:124)
	at jdk.nashorn.internal.scripts.Script$Recompilation$44618$3841A$\^function\_.L:1#issueCommand(<function>:124)
	at jdk.nashorn.internal.scripts.Script$Recompilation$44618$3841A$\^function\_.L:1#issueCommand(<function>:124)
	at jdk.nashorn.internal.scripts.Script$Recompilation$44618$3841A$\^function\_.L:1#issueCommand(<function>:124)
	at jdk.nashorn.internal.scripts.Script$Recompilation$44618$3841A$\^function\_.L:1#issueCommand(<function>:124)
	at jdk.nashorn.internal.scripts.Script$Recompilation$44618$3841A$\^function\_.L:1#issueCommand(<function>:124)
	at jdk.nashorn.internal.scripts.Script$Recompilation$44618$3841A$\^function\_.L:1#issueCommand(<function>:124)
	at jdk.nashorn.internal.scripts.Script$Recompilation$44618$3841A$\^function\_.L:1#issueCommand(<function>:124)
	at jdk.nashorn.internal.scripts.Script$Recompilation$44618$3841A$\^function\_.L:1#issueCommand(<function>:124)
	at jdk.nashorn.internal.scripts.Script$Recompilation$44618$3841A$\^function\_.L:1#issueCommand(<function>:124)
	at jdk.nashorn.internal.scripts.Script$Recompilation$44618$3841A$\^function\_.L:1#issueCommand(<function>:124)
	at jdk.nashorn.internal.scripts.Script$Recompilation$44618$3841A$\^function\_.L:1#issueCommand(<function>:124)
	at jdk.nashorn.internal.scripts.Script$Recompilation$44618$3841A$\^function\_.L:1#issueCommand(<function>:124)
	at jdk.nashorn.internal.scripts.Script$Recompilation$44618$3841A$\^function\_.L:1#issueCommand(<function>:124)
	at jdk.nashorn.internal.scripts.Script$Recompilation$44618$3841A$\^function\_.L:1#issueCommand(<function>:124)
	at jdk.nashorn.internal.scripts.Script$Recompilation$44618$3841A$\^function\_.L:1#issueCommand(<function>:124)
	at jdk.nashorn.internal.scripts.Script$Recompilation$44618$3841A$\^function\_.L:1#issueCommand(<function>:124)
	at jdk.nashorn.internal.scripts.Script$Recompilation$44618$3841A$\^function\_.L:1#issueCommand(<function>:124)
	at jdk.nashorn.internal.scripts.Script$Recompilation$44618$3841A$\^function\_.L:1#issueCommand(<function>:124)
	at jdk.nashorn.internal.scripts.Script$Recompilation$44618$3841A$\^function\_.L:1#issueCommand(<function>:124)
	at jdk.nashorn.internal.scripts.Script$Recompilation$44618$3841A$\^function\_.L:1#issueCommand(<function>:124)
	at jdk.nashorn.internal.scripts.Script$Recompilation$44618$3841A$\^function\_.L:1#issueCommand(<function>:124)
	at jdk.nashorn.internal.scripts.Script$Recompilation$44618$3841A$\^function\_.L:1#issueCommand(<function>:124)
	at jdk.nashorn.internal.scripts.Script$Recompilation$44618$3841A$\^function\_.L:1#issueCommand(<function>:124)
	at jdk.nashorn.internal.scripts.Script$Recompilation$44618$3841A$\^function\_.L:1#issueCommand(<function>:124)
	at jdk.nashorn.internal.scripts.Script$Recompilation$44618$3841A$\^function\_.L:1#issueCommand(<function>:124)
	at jdk.nashorn.internal.scripts.Script$Recompilation$44618$3841A$\^function\_.L:1#issueCommand(<function>:124)
	at jdk.nashorn.internal.scripts.Script$Recompilation$44618$3841A$\^function\_.L:1#issueCommand(<function>:124)
	at jdk.nashorn.internal.scripts.Script$Recompilation$44618$3841A$\^function\_.L:1#issueCommand(<function>:124)
	at jdk.nashorn.internal.scripts.Script$Recompilation$44618$3841A$\^function\_.L:1#issueCommand(<function>:124)
	at jdk.nashorn.internal.scripts.Script$Recompilation$44618$3841A$\^function\_.L:1#issueCommand(<function>:124)
	at jdk.nashorn.internal.scripts.Script$Recompilation$44618$3841A$\^function\_.L:1#issueCommand(<function>:124)
	at jdk.nashorn.internal.scripts.Script$Recompilation$44618$3841A$\^function\_.L:1#issueCommand(<function>:124)
	at jdk.nashorn.internal.scripts.Script$Recompilation$44618$3841A$\^function\_.L:1#issueCommand(<function>:124)
	at jdk.nashorn.internal.scripts.Script$Recompilation$44618$3841A$\^function\_.L:1#issueCommand(<function>:124)
	at jdk.nashorn.internal.scripts.Script$Recompilation$44618$3841A$\^function\_.L:1#issueCommand(<function>:124)
	at jdk.nashorn.internal.scripts.Script$Recompilation$44618$3841A$\^function\_.L:1#issueCommand(<function>:124)
	at jdk.nashorn.internal.scripts.Script$Recompilation$44618$3841A$\^function\_.L:1#issueCommand(<function>:124)
	at jdk.nashorn.internal.scripts.Script$Recompilation$44618$3841A$\^function\_.L:1#issueCommand(<function>:124)
	at jdk.nashorn.internal.scripts.Script$Recompilation$44618$3841A$\^function\_.L:1#issueCommand(<function>:124)
	at jdk.nashorn.internal.scripts.Script$Recompilation$44618$3841A$\^function\_.L:1#issueCommand(<function>:124)
	at jdk.nashorn.internal.scripts.Script$Recompilation$44618$3841A$\^function\_.L:1#issueCommand(<function>:124)
	at jdk.nashorn.internal.scripts.Script$Recompilation$44618$3841A$\^function\_.L:1#issueCommand(<function>:124)
	at jdk.nashorn.internal.scripts.Script$Recompilation$44618$3841A$\^function\_.L:1#issueCommand(<function>:124)
	at jdk.nashorn.internal.scripts.Script$Recompilation$44618$3841A$\^function\_.L:1#issueCommand(<function>:124)
	at jdk.nashorn.internal.scripts.Script$Recompilation$44618$3841A$\^function\_.L:1#issueCommand(<function>:124)
	at jdk.nashorn.internal.scripts.Script$Recompilation$44618$3841A$\^function\_.L:1#issueCommand(<function>:124)
	at jdk.nashorn.internal.scripts.Script$Recompilation$44618$3841A$\^function\_.L:1#issueCommand(<function>:124)
	at jdk.nashorn.internal.scripts.Script$Recompilation$44618$3841A$\^function\_.L:1#issueCommand(<function>:124)
	at jdk.nashorn.internal.scripts.Script$Recompilation$44618$3841A$\^function\_.L:1#issueCommand(<function>:124)
	at jdk.nashorn.internal.scripts.Script$Recompilation$44618$3841A$\^function\_.L:1#issueCommand(<function>:124)
	at jdk.nashorn.internal.scripts.Script$Recompilation$44618$3841A$\^function\_.L:1#issueCommand(<function>:124)
	at jdk.nashorn.internal.scripts.Script$Recompilation$44618$3841A$\^function\_.L:1#issueCommand(<function>:124)
	at jdk.nashorn.internal.scripts.Script$Recompilation$44618$3841A$\^function\_.L:1#issueCommand(<function>:124)
	at jdk.nashorn.internal.scripts.Script$Recompilation$44618$3841A$\^function\_.L:1#issueCommand(<function>:124)
	at jdk.nashorn.internal.scripts.Script$Recompilation$44618$3841A$\^function\_.L:1#issueCommand(<function>:124)
	at jdk.nashorn.internal.scripts.Script$Recompilation$44618$3841A$\^function\_.L:1#issueCommand(<function>:124)
	at jdk.nashorn.internal.scripts.Script$Recompilation$44618$3841A$\^function\_.L:1#issueCommand(<function>:124)
	at jdk.nashorn.internal.scripts.Script$Recompilation$44618$3841A$\^function\_.L:1#issueCommand(<function>:124)
	at jdk.nashorn.internal.scripts.Script$Recompilation$44618$3841A$\^function\_.L:1#issueCommand(<function>:124)
	at jdk.nashorn.internal.scripts.Script$Recompilation$44618$3841A$\^function\_.L:1#issueCommand(<function>:124)
	at jdk.nashorn.internal.scripts.Script$Recompilation$44618$3841A$\^function\_.L:1#issueCommand(<function>:124)
	at jdk.nashorn.internal.scripts.Script$Recompilation$44618$3841A$\^function\_.L:1#issueCommand(<function>:124)
	at jdk.nashorn.internal.scripts.Script$Recompilation$44618$3841A$\^function\_.L:1#issueCommand(<function>:124)
	at jdk.nashorn.internal.scripts.Script$Recompilation$44618$3841A$\^function\_.L:1#issueCommand(<function>:124)
	at jdk.nashorn.internal.scripts.Script$Recompilation$44618$3841A$\^function\_.L:1#issueCommand(<function>:124)
	at jdk.nashorn.internal.scripts.Script$Recompilation$44618$3841A$\^function\_.L:1#issueCommand(<function>:124)
	at jdk.nashorn.internal.scripts.Script$Recompilation$44618$3841A$\^function\_.L:1#issueCommand(<function>:124)
	at jdk.nashorn.internal.scripts.Script$Recompilation$44618$3841A$\^function\_.L:1#issueCommand(<function>:124)
	at jdk.nashorn.internal.scripts.Script$Recompilation$44618$3841A$\^function\_.L:1#issueCommand(<function>:124)
	at jdk.nashorn.internal.scripts.Script$Recompilation$44618$3841A$\^function\_.L:1#issueCommand(<function>:124)
	at jdk.nashorn.internal.scripts.Script$Recompilation$44618$3841A$\^function\_.L:1#issueCommand(<function>:124)
	at jdk.nashorn.internal.scripts.Script$Recompilation$44618$3841A$\^function\_.L:1#issueCommand(<function>:124)
	at jdk.nashorn.internal.scripts.Script$Recompilation$44618$3841A$\^function\_.L:1#issueCommand(<function>:124)
	at jdk.nashorn.internal.scripts.Script$Recompilation$44618$3841A$\^function\_.L:1#issueCommand(<function>:124)
	at jdk.nashorn.internal.scripts.Script$Recompilation$44618$3841A$\^function\_.L:1#issueCommand(<function>:124)
	at jdk.nashorn.internal.scripts.Script$Recompilation$44618$3841A$\^function\_.L:1#issueCommand(<function>:124)
	at jdk.nashorn.internal.scripts.Script$Recompilation$44618$3841A$\^function\_.L:1#issueCommand(<function>:124)
	at jdk.nashorn.internal.scripts.Script$Recompilation$44618$3841A$\^function\_.L:1#issueCommand(<function>:124)
	at jdk.nashorn.internal.scripts.Script$Recompilation$44618$3841A$\^function\_.L:1#issueCommand(<function>:124)
	at jdk.nashorn.internal.scripts.Script$Recompilation$44618$3841A$\^function\_.L:1#issueCommand(<function>:124)
	at jdk.nashorn.internal.scripts.Script$Recompilation$44618$3841A$\^function\_.L:1#issueCommand(<function>:124)
	at jdk.nashorn.internal.scripts.Script$Recompilation$44618$3841A$\^function\_.L:1#issueCommand(<function>:124)
	at jdk.nashorn.internal.scripts.Script$Recompilation$44618$3841A$\^function\_.L:1#issueCommand(<function>:124)
	at jdk.nashorn.internal.scripts.Script$Recompilation$44618$3841A$\^function\_.L:1#issueCommand(<function>:124)
	at jdk.nashorn.internal.scripts.Script$Recompilation$44618$3841A$\^function\_.L:1#issueCommand(<function>:124)
	at jdk.nashorn.internal.scripts.Script$Recompilation$44618$3841A$\^function\_.L:1#issueCommand(<function>:124)
	at jdk.nashorn.internal.scripts.Script$Recompilation$44618$3841A$\^function\_.L:1#issueCommand(<function>:124)
	at jdk.nashorn.internal.scripts.Script$Recompilation$44618$3841A$\^function\_.L:1#issueCommand(<function>:124)
	at jdk.nashorn.internal.scripts.Script$Recompilation$44618$3841A$\^function\_.L:1#issueCommand(<function>:124)
	at jdk.nashorn.internal.scripts.Script$Recompilation$44618$3841A$\^function\_.L:1#issueCommand(<function>:124)
	at jdk.nashorn.internal.scripts.Script$Recompilation$44618$3841A$\^function\_.L:1#issueCommand(<function>:124)
	at jdk.nashorn.internal.scripts.Script$Recompilation$44618$3841A$\^function\_.L:1#issueCommand(<function>:124)
	at jdk.nashorn.internal.scripts.Script$Recompilation$44618$3841A$\^function\_.L:1#issueCommand(<function>:124)
	at jdk.nashorn.internal.scripts.Script$Recompilation$44618$3841A$\^function\_.L:1#issueCommand(<function>:124)
	at jdk.nashorn.internal.scripts.Script$Recompilation$44618$3841A$\^function\_.L:1#issueCommand(<function>:124)
	at jdk.nashorn.internal.scripts.Script$Recompilation$44618$3841A$\^function\_.L:1#issueCommand(<function>:124)
	at jdk.nashorn.internal.scripts.Script$Recompilation$44618$3841A$\^function\_.L:1#issueCommand(<function>:124)
	at jdk.nashorn.internal.scripts.Script$Recompilation$44618$3841A$\^function\_.L:1#issueCommand(<function>:124)
	at jdk.nashorn.internal.scripts.Script$Recompilation$44618$3841A$\^function\_.L:1#issueCommand(<function>:124)
	at jdk.nashorn.internal.scripts.Script$Recompilation$44618$3841A$\^function\_.L:1#issueCommand(<function>:124)
	at jdk.nashorn.internal.scripts.Script$Recompilation$44618$3841A$\^function\_.L:1#issueCommand(<function>:124)
	at jdk.nashorn.internal.scripts.Script$Recompilation$44618$3841A$\^function\_.L:1#issueCommand(<function>:124)
	at jdk.nashorn.internal.scripts.Script$Recompilation$44618$3841A$\^function\_.L:1#issueCommand(<function>:124)
	at jdk.nashorn.internal.scripts.Script$Recompilation$44618$3841A$\^function\_.L:1#issueCommand(<function>:124)
	at jdk.nashorn.internal.scripts.Script$Recompilation$44618$3841A$\^function\_.L:1#issueCommand(<function>:124)
	at jdk.nashorn.internal.scripts.Script$Recompilation$44618$3841A$\^function\_.L:1#issueCommand(<function>:124)
	at jdk.nashorn.internal.scripts.Script$Recompilation$44618$3841A$\^function\_.L:1#issueCommand(<function>:124)
	at jdk.nashorn.internal.scripts.Script$Recompilation$44618$3841A$\^function\_.L:1#issueCommand(<function>:124)
	at jdk.nashorn.internal.scripts.Script$Recompilation$44618$3841A$\^function\_.L:1#issueCommand(<function>:124)
	at jdk.nashorn.internal.scripts.Script$Recompilation$44618$3841A$\^function\_.L:1#issueCommand(<function>:124)
	at jdk.nashorn.internal.scripts.Script$Recompilation$44618$3841A$\^function\_.L:1#issueCommand(<function>:124)
	at jdk.nashorn.internal.scripts.Script$Recompilation$44618$3841A$\^function\_.L:1#issueCommand(<function>:124)
	at jdk.nashorn.internal.scripts.Script$Recompilation$44618$3841A$\^function\_.L:1#issueCommand(<function>:124)
	at jdk.nashorn.internal.scripts.Script$Recompilation$44618$3841A$\^function\_.L:1#issueCommand(<function>:124)
	at jdk.nashorn.internal.scripts.Script$Recompilation$44618$3841A$\^function\_.L:1#issueCommand(<function>:124)
	at jdk.nashorn.internal.scripts.Script$Recompilation$44618$3841A$\^function\_.L:1#issueCommand(<function>:124)
	at jdk.nashorn.internal.scripts.Script$Recompilation$44618$3841A$\^function\_.L:1#issueCommand(<function>:124)
	at jdk.nashorn.internal.scripts.Script$Recompilation$44618$3841A$\^function\_.L:1#issueCommand(<function>:124)
	at jdk.nashorn.internal.scripts.Script$Recompilation$44618$3841A$\^function\_.L:1#issueCommand(<function>:124)
	at jdk.nashorn.internal.scripts.Script$Recompilation$44618$3841A$\^function\_.L:1#issueCommand(<function>:124)
	at jdk.nashorn.internal.scripts.Script$Recompilation$44618$3841A$\^function\_.L:1#issueCommand(<function>:124)
	at jdk.nashorn.internal.scripts.Script$Recompilation$44618$3841A$\^function\_.L:1#issueCommand(<function>:124)
	at jdk.nashorn.internal.scripts.Script$Recompilation$44618$3841A$\^function\_.L:1#issueCommand(<function>:124)
	at jdk.nashorn.internal.scripts.Script$Recompilation$44618$3841A$\^function\_.L:1#issueCommand(<function>:124)
	at jdk.nashorn.internal.scripts.Script$Recompilation$44618$3841A$\^function\_.L:1#issueCommand(<function>:124)
	at jdk.nashorn.internal.scripts.Script$Recompilation$44618$3841A$\^function\_.L:1#issueCommand(<function>:124)
	at jdk.nashorn.internal.scripts.Script$Recompilation$44618$3841A$\^function\_.L:1#issueCommand(<function>:124)
	at jdk.nashorn.internal.scripts.Script$Recompilation$44618$3841A$\^function\_.L:1#issueCommand(<function>:124)
	at jdk.nashorn.internal.scripts.Script$Recompilation$44618$3841A$\^function\_.L:1#issueCommand(<function>:124)
	at jdk.nashorn.internal.scripts.Script$Recompilation$44618$3841A$\^function\_.L:1#issueCommand(<function>:124)
	at jdk.nashorn.internal.scripts.Script$Recompilation$44618$3841A$\^function\_.L:1#issueCommand(<function>:124)
	at jdk.nashorn.internal.scripts.Script$Recompilation$44618$3841A$\^function\_.L:1#issueCommand(<function>:124)
	at jdk.nashorn.internal.scripts.Script$Recompilation$44618$3841A$\^function\_.L:1#issueCommand(<function>:124)
	at jdk.nashorn.internal.scripts.Script$Recompilation$44618$3841A$\^function\_.L:1#issueCommand(<function>:124)
	at jdk.nashorn.internal.scripts.Script$Recompilation$44618$3841A$\^function\_.L:1#issueCommand(<function>:124)
	at jdk.nashorn.internal.scripts.Script$Recompilation$44618$3841A$\^function\_.L:1#issueCommand(<function>:124)
	at jdk.nashorn.internal.scripts.Script$Recompilation$44618$3841A$\^function\_.L:1#issueCommand(<function>:124)
	at jdk.nashorn.internal.scripts.Script$Recompilation$44618$3841A$\^function\_.L:1#issueCommand(<function>:124)
	at jdk.nashorn.internal.scripts.Script$Recompilation$44618$3841A$\^function\_.L:1#issueCommand(<function>:124)
	at jdk.nashorn.internal.scripts.Script$Recompilation$44618$3841A$\^function\_.L:1#issueCommand(<function>:124)
	at jdk.nashorn.internal.scripts.Script$Recompilation$44618$3841A$\^function\_.L:1#issueCommand(<function>:124)
	at jdk.nashorn.internal.scripts.Script$Recompilation$44618$3841A$\^function\_.L:1#issueCommand(<function>:124)
	at jdk.nashorn.internal.scripts.Script$Recompilation$44618$3841A$\^function\_.L:1#issueCommand(<function>:124)
	at jdk.nashorn.internal.scripts.Script$Recompilation$44618$3841A$\^function\_.L:1#issueCommand(<function>:124)
	at jdk.nashorn.internal.scripts.Script$Recompilation$44618$3841A$\^function\_.L:1#issueCommand(<function>:124)
	at jdk.nashorn.internal.scripts.Script$Recompilation$44618$3841A$\^function\_.L:1#issueCommand(<function>:124)
	at jdk.nashorn.internal.scripts.Script$Recompilation$44618$3841A$\^function\_.L:1#issueCommand(<function>:124)
	at jdk.nashorn.internal.scripts.Script$Recompilation$44618$3841A$\^function\_.L:1#issueCommand(<function>:124)
	at jdk.nashorn.internal.scripts.Script$Recompilation$44618$3841A$\^function\_.L:1#issueCommand(<function>:124)
	at jdk.nashorn.internal.scripts.Script$Recompilation$44618$3841A$\^function\_.L:1#issueCommand(<function>:124)
	at jdk.nashorn.internal.scripts.Script$Recompilation$44618$3841A$\^function\_.L:1#issueCommand(<function>:124)
	at jdk.nashorn.internal.scripts.Script$Recompilation$44618$3841A$\^function\_.L:1#issueCommand(<function>:124)
	at jdk.nashorn.internal.scripts.Script$Recompilation$44618$3841A$\^function\_.L:1#issueCommand(<function>:124)
	at jdk.nashorn.internal.scripts.Script$Recompilation$44618$3841A$\^function\_.L:1#issueCommand(<function>:124)
	at jdk.nashorn.internal.scripts.Script$Recompilation$44618$3841A$\^function\_.L:1#issueCommand(<function>:124)
	at jdk.nashorn.internal.scripts.Script$Recompilation$44618$3841A$\^function\_.L:1#issueCommand(<function>:124)
	at jdk.nashorn.internal.scripts.Script$Recompilation$44618$3841A$\^function\_.L:1#issueCommand(<function>:124)
	at jdk.nashorn.internal.scripts.Script$Recompilation$44618$3841A$\^function\_.L:1#issueCommand(<function>:124)
	at jdk.nashorn.internal.scripts.Script$Recompilation$44618$3841A$\^function\_.L:1#issueCommand(<function>:124)
	at jdk.nashorn.internal.scripts.Script$Recompilation$44618$3841A$\^function\_.L:1#issueCommand(<function>:124)
	at jdk.nashorn.internal.scripts.Script$Recompilation$44618$3841A$\^function\_.L:1#issueCommand(<function>:124)
	at jdk.nashorn.internal.scripts.Script$Recompilation$44618$3841A$\^function\_.L:1#issueCommand(<function>:124)
	at jdk.nashorn.internal.scripts.Script$Recompilation$44618$3841A$\^function\_.L:1#issueCommand(<function>:124)
	at jdk.nashorn.internal.scripts.Script$Recompilation$44618$3841A$\^function\_.L:1#issueCommand(<function>:124)
	at jdk.nashorn.internal.scripts.Script$Recompilation$44618$3841A$\^function\_.L:1#issueCommand(<function>:124)
	at jdk.nashorn.internal.scripts.Script$Recompilation$44618$3841A$\^function\_.L:1#issueCommand(<function>:124)
	at jdk.nashorn.internal.scripts.Script$Recompilation$44618$3841A$\^function\_.L:1#issueCommand(<function>:124)
	at jdk.nashorn.internal.scripts.Script$Recompilation$44618$3841A$\^function\_.L:1#issueCommand(<function>:124)
	at jdk.nashorn.internal.scripts.Script$Recompilation$44618$3841A$\^function\_.L:1#issueCommand(<function>:124)
	at jdk.nashorn.internal.scripts.Script$Recompilation$44618$3841A$\^function\_.L:1#issueCommand(<function>:124)
	at jdk.nashorn.internal.scripts.Script$Recompilation$44618$3841A$\^function\_.L:1#issueCommand(<function>:124)
	at jdk.nashorn.internal.scripts.Script$Recompilation$44618$3841A$\^function\_.L:1#issueCommand(<function>:124)
	at jdk.nashorn.internal.scripts.Script$Recompilation$44618$3841A$\^function\_.L:1#issueCommand(<function>:124)
	at jdk.nashorn.internal.scripts.Script$Recompilation$44618$3841A$\^function\_.L:1#issueCommand(<function>:124)
	at jdk.nashorn.internal.scripts.Script$Recompilation$44618$3841A$\^function\_.L:1#issueCommand(<function>:124)
	at jdk.nashorn.internal.scripts.Script$Recompilation$44618$3841A$\^function\_.L:1#issueCommand(<function>:124)
	at jdk.nashorn.internal.scripts.Script$Recompilation$44618$3841A$\^function\_.L:1#issueCommand(<function>:124)
	at jdk.nashorn.internal.scripts.Script$Recompilation$44618$3841A$\^function\_.L:1#issueCommand(<function>:124)
	at jdk.nashorn.internal.scripts.Script$Recompilation$44618$3841A$\^function\_.L:1#issueCommand(<function>:124)
	at jdk.nashorn.internal.scripts.Script$Recompilation$44618$3841A$\^function\_.L:1#issueCommand(<function>:124)
	at jdk.nashorn.internal.scripts.Script$Recompilation$44618$3841A$\^function\_.L:1#issueCommand(<function>:124)
	at jdk.nashorn.internal.scripts.Script$Recompilation$44618$3841A$\^function\_.L:1#issueCommand(<function>:124)
	at jdk.nashorn.internal.scripts.Script$Recompilation$44618$3841A$\^function\_.L:1#issueCommand(<function>:124)
	at jdk.nashorn.internal.scripts.Script$Recompilation$44618$3841A$\^function\_.L:1#issueCommand(<function>:124)
	at jdk.nashorn.internal.scripts.Script$Recompilation$44618$3841A$\^function\_.L:1#issueCommand(<function>:124)
	at jdk.nashorn.internal.scripts.Script$Recompilation$44618$3841A$\^function\_.L:1#issueCommand(<function>:124)
	at jdk.nashorn.internal.scripts.Script$Recompilation$44618$3841A$\^function\_.L:1#issueCommand(<function>:124)
	at jdk.nashorn.internal.scripts.Script$Recompilation$44618$3841A$\^function\_.L:1#issueCommand(<function>:124)
	at jdk.nashorn.internal.scripts.Script$Recompilation$44618$3841A$\^function\_.L:1#issueCommand(<function>:124)
	at jdk.nashorn.internal.scripts.Script$Recompilation$44618$3841A$\^function\_.L:1#issueCommand(<function>:124)
	at jdk.nashorn.internal.scripts.Script$Recompilation$44618$3841A$\^function\_.L:1#issueCommand(<function>:124)
	at jdk.nashorn.internal.scripts.Script$Recompilation$44618$3841A$\^function\_.L:1#issueCommand(<function>:124)
	at jdk.nashorn.internal.scripts.Script$Recompilation$44618$3841A$\^function\_.L:1#issueCommand(<function>:124)
	at jdk.nashorn.internal.scripts.Script$Recompilation$44618$3841A$\^function\_.L:1#issueCommand(<function>:124)
	at jdk.nashorn.internal.scripts.Script$Recompilation$44618$3841A$\^function\_.L:1#issueCommand(<function>:124)
	at jdk.nashorn.internal.scripts.Script$Recompilation$44618$3841A$\^function\_.L:1#issueCommand(<function>:124)
	at jdk.nashorn.internal.scripts.Script$Recompilation$44618$3841A$\^function\_.L:1#issueCommand(<function>:124)
	at jdk.nashorn.internal.scripts.Script$Recompilation$44618$3841A$\^function\_.L:1#issueCommand(<function>:124)
	at jdk.nashorn.internal.scripts.Script$Recompilation$44618$3841A$\^function\_.L:1#issueCommand(<function>:124)
	at jdk.nashorn.internal.scripts.Script$Recompilation$44618$3841A$\^function\_.L:1#issueCommand(<function>:124)
	at jdk.nashorn.internal.scripts.Script$Recompilation$44618$3841A$\^function\_.L:1#issueCommand(<function>:124)
	at jdk.nashorn.internal.scripts.Script$Recompilation$44618$3841A$\^function\_.L:1#issueCommand(<function>:124)
	at jdk.nashorn.internal.scripts.Script$Recompilation$44618$3841A$\^function\_.L:1#issueCommand(<function>:124)
	at jdk.nashorn.internal.scripts.Script$Recompilation$44618$3841A$\^function\_.L:1#issueCommand(<function>:124)
 in /home/travis/build/icyphy/ptII/ptolemy/actor/lib/jjs/external/require.js#409:30<eval> at line number 1736 at column number 24
	at jdk.nashorn.api.scripting.NashornScriptEngine.throwAsScriptException(NashornScriptEngine.java:470)
	at jdk.nashorn.api.scripting.NashornScriptEngine.invokeImpl(NashornScriptEngine.java:392)
	at jdk.nashorn.api.scripting.NashornScriptEngine.invokeMethod(NashornScriptEngine.java:199)
	at ptolemy.actor.lib.jjs.JavaScript._invokeMethodInContext(JavaScript.java:2281)
	... 21 more
Caused by: /home/travis/build/icyphy/ptII/ptolemy/actor/lib/jjs/external/require.js#409:30<eval>:1736:24 Error: commonHost.js, react(), invoking a specific handler for "trigger": Exception occurred in input handler for accessor SemanticYelpSearch, which has now has been removed.  Exception was: java.lang.StackOverflowError Stacktrace was: 
java.lang.StackOverflowError
	at jdk.nashorn.internal.runtime.AccessorProperty.getObjectValue(AccessorProperty.java:417)
	at jdk.nashorn.internal.runtime.FindProperty.getObjectValue(FindProperty.java:229)
	at jdk.nashorn.internal.runtime.ScriptObject.get(ScriptObject.java:2860)
	at jdk.nashorn.internal.runtime.ScriptObject.get(ScriptObject.java:2877)
	at jdk.nashorn.internal.scripts.Script$Recompilation$44872$56054A$require.L:1#get(/home/travis/build/icyphy/ptII/ptolemy/actor/lib/jjs/external/require.js#409:30<eval>:1245)
	at jdk.nashorn.internal.scripts.Script$Recompilation$44618$3841A$\^function\_.L:1#issueCommand(<function>:116)
	at jdk.nashorn.internal.scripts.Script$Recompilation$44618$3841A$\^function\_.L:1#issueCommand(<function>:124)
	at jdk.nashorn.internal.scripts.Script$Recompilation$44618$3841A$\^function\_.L:1#issueCommand(<function>:124)
	at jdk.nashorn.internal.scripts.Script$Recompilation$44618$3841A$\^function\_.L:1#issueCommand(<function>:124)
	at jdk.nashorn.internal.scripts.Script$Recompilation$44618$3841A$\^function\_.L:1#issueCommand(<function>:124)
	at jdk.nashorn.internal.scripts.Script$Recompilation$44618$3841A$\^function\_.L:1#issueCommand(<function>:124)
	at jdk.nashorn.internal.scripts.Script$Recompilation$44618$3841A$\^function\_.L:1#issueCommand(<function>:124)
	at jdk.nashorn.internal.scripts.Script$Recompilation$44618$3841A$\^function\_.L:1#issueCommand(<function>:124)
	at jdk.nashorn.internal.scripts.Script$Recompilation$44618$3841A$\^function\_.L:1#issueCommand(<function>:124)
	at jdk.nashorn.internal.scripts.Script$Recompilation$44618$3841A$\^function\_.L:1#issueCommand(<function>:124)
	at jdk.nashorn.internal.scripts.Script$Recompilation$44618$3841A$\^function\_.L:1#issueCommand(<function>:124)
	at jdk.nashorn.internal.scripts.Script$Recompilation$44618$3841A$\^function\_.L:1#issueCommand(<function>:124)
	at jdk.nashorn.internal.scripts.Script$Recompilation$44618$3841A$\^function\_.L:1#issueCommand(<function>:124)
	at jdk.nashorn.internal.scripts.Script$Recompilation$44618$3841A$\^function\_.L:1#issueCommand(<function>:124)
	at jdk.nashorn.internal.scripts.Script$Recompilation$44618$3841A$\^function\_.L:1#issueCommand(<function>:124)
	at jdk.nashorn.internal.scripts.Script$Recompilation$44618$3841A$\^function\_.L:1#issueCommand(<function>:124)
	at jdk.nashorn.internal.scripts.Script$Recompilation$44618$3841A$\^function\_.L:1#issueCommand(<function>:124)
	at jdk.nashorn.internal.scripts.Script$Recompilation$44618$3841A$\^function\_.L:1#issueCommand(<function>:124)
	at jdk.nashorn.internal.scripts.Script$Recompilation$44618$3841A$\^function\_.L:1#issueCommand(<function>:124)
	at jdk.nashorn.internal.scripts.Script$Recompilation$44618$3841A$\^function\_.L:1#issueCommand(<function>:124)
	at jdk.nashorn.internal.scripts.Script$Recompilation$44618$3841A$\^function\_.L:1#issueCommand(<function>:124)
	at jdk.nashorn.internal.scripts.Script$Recompilation$44618$3841A$\^function\_.L:1#issueCommand(<function>:124)
	at jdk.nashorn.internal.scripts.Script$Recompilation$44618$3841A$\^function\_.L:1#issueCommand(<function>:124)
	at jdk.nashorn.internal.scripts.Script$Recompilation$44618$3841A$\^function\_.L:1#issueCommand(<function>:124)
	at jdk.nashorn.internal.scripts.Script$Recompilation$44618$3841A$\^function\_.L:1#issueCommand(<function>:124)
	at jdk.nashorn.internal.scripts.Script$Recompilation$44618$3841A$\^function\_.L:1#issueCommand(<function>:124)
	at jdk.nashorn.internal.scripts.Script$Recompilation$44618$3841A$\^function\_.L:1#issueCommand(<function>:124)
	at jdk.nashorn.internal.scripts.Script$Recompilation$44618$3841A$\^function\_.L:1#issueCommand(<function>:124)
	at jdk.nashorn.internal.scripts.Script$Recompilation$44618$3841A$\^function\_.L:1#issueCommand(<function>:124)
	at jdk.nashorn.internal.scripts.Script$Recompilation$44618$3841A$\^function\_.L:1#issueCommand(<function>:124)
	at jdk.nashorn.internal.scripts.Script$Recompilation$44618$3841A$\^function\_.L:1#issueCommand(<function>:124)
	at jdk.nashorn.internal.scripts.Script$Recompilation$44618$3841A$\^function\_.L:1#issueCommand(<function>:124)
	at jdk.nashorn.internal.scripts.Script$Recompilation$44618$3841A$\^function\_.L:1#issueCommand(<function>:124)
	at jdk.nashorn.internal.scripts.Script$Recompilation$44618$3841A$\^function\_.L:1#issueCommand(<function>:124)
	at jdk.nashorn.internal.scripts.Script$Recompilation$44618$3841A$\^function\_.L:1#issueCommand(<function>:124)
	at jdk.nashorn.internal.scripts.Script$Recompilation$44618$3841A$\^function\_.L:1#issueCommand(<function>:124)
	at jdk.nashorn.internal.scripts.Script$Recompilation$44618$3841A$\^function\_.L:1#issueCommand(<function>:124)
	at jdk.nashorn.internal.scripts.Script$Recompilation$44618$3841A$\^function\_.L:1#issueCommand(<function>:124)
	at jdk.nashorn.internal.scripts.Script$Recompilation$44618$3841A$\^function\_.L:1#issueCommand(<function>:124)
	at jdk.nashorn.internal.scripts.Script$Recompilation$44618$3841A$\^function\_.L:1#issueCommand(<function>:124)
	at jdk.nashorn.internal.scripts.Script$Recompilation$44618$3841A$\^function\_.L:1#issueCommand(<function>:124)
	at jdk.nashorn.internal.scripts.Script$Recompilation$44618$3841A$\^function\_.L:1#issueCommand(<function>:124)
	at jdk.nashorn.internal.scripts.Script$Recompilation$44618$3841A$\^function\_.L:1#issueCommand(<function>:124)
	at jdk.nashorn.internal.scripts.Script$Recompilation$44618$3841A$\^function\_.L:1#issueCommand(<function>:124)
	at jdk.nashorn.internal.scripts.Script$Recompilation$44618$3841A$\^function\_.L:1#issueCommand(<function>:124)
	at jdk.nashorn.internal.scripts.Script$Recompilation$44618$3841A$\^function\_.L:1#issueCommand(<function>:124)
	at jdk.nashorn.internal.scripts.Script$Recompilation$44618$3841A$\^function\_.L:1#issueCommand(<function>:124)
	at jdk.nashorn.internal.scripts.Script$Recompilation$44618$3841A$\^function\_.L:1#issueCommand(<function>:124)
	at jdk.nashorn.internal.scripts.Script$Recompilation$44618$3841A$\^function\_.L:1#issueCommand(<function>:124)
	at jdk.nashorn.internal.scripts.Script$Recompilation$44618$3841A$\^function\_.L:1#issueCommand(<function>:124)
	at jdk.nashorn.internal.scripts.Script$Recompilation$44618$3841A$\^function\_.L:1#issueCommand(<function>:124)
	at jdk.nashorn.internal.scripts.Script$Recompilation$44618$3841A$\^function\_.L:1#issueCommand(<function>:124)
	at jdk.nashorn.internal.scripts.Script$Recompilation$44618$3841A$\^function\_.L:1#issueCommand(<function>:124)
	at jdk.nashorn.internal.scripts.Script$Recompilation$44618$3841A$\^function\_.L:1#issueCommand(<function>:124)
	at jdk.nashorn.internal.scripts.Script$Recompilation$44618$3841A$\^function\_.L:1#issueCommand(<function>:124)
	at jdk.nashorn.internal.scripts.Script$Recompilation$44618$3841A$\^function\_.L:1#issueCommand(<function>:124)
	at jdk.nashorn.internal.scripts.Script$Recompilation$44618$3841A$\^function\_.L:1#issueCommand(<function>:124)
	at jdk.nashorn.internal.scripts.Script$Recompilation$44618$3841A$\^function\_.L:1#issueCommand(<function>:124)
	at jdk.nashorn.internal.scripts.Script$Recompilation$44618$3841A$\^function\_.L:1#issueCommand(<function>:124)
	at jdk.nashorn.internal.scripts.Script$Recompilation$44618$3841A$\^function\_.L:1#issueCommand(<function>:124)
	at jdk.nashorn.internal.scripts.Script$Recompilation$44618$3841A$\^function\_.L:1#issueCommand(<function>:124)
	at jdk.nashorn.internal.scripts.Script$Recompilation$44618$3841A$\^function\_.L:1#issueCommand(<function>:124)
	at jdk.nashorn.internal.scripts.Script$Recompilation$44618$3841A$\^function\_.L:1#issueCommand(<function>:124)
	at jdk.nashorn.internal.scripts.Script$Recompilation$44618$3841A$\^function\_.L:1#issueCommand(<function>:124)
	at jdk.nashorn.internal.scripts.Script$Recompilation$44618$3841A$\^function\_.L:1#issueCommand(<function>:124)
	at jdk.nashorn.internal.scripts.Script$Recompilation$44618$3841A$\^function\_.L:1#issueCommand(<function>:124)
	at jdk.nashorn.internal.scripts.Script$Recompilation$44618$3841A$\^function\_.L:1#issueCommand(<function>:124)
	at jdk.nashorn.internal.scripts.Script$Recompilation$44618$3841A$\^function\_.L:1#issueCommand(<function>:124)
	at jdk.nashorn.internal.scripts.Script$Recompilation$44618$3841A$\^function\_.L:1#issueCommand(<function>:124)
	at jdk.nashorn.internal.scripts.Script$Recompilation$44618$3841A$\^function\_.L:1#issueCommand(<function>:124)
	at jdk.nashorn.internal.scripts.Script$Recompilation$44618$3841A$\^function\_.L:1#issueCommand(<function>:124)
	at jdk.nashorn.internal.scripts.Script$Recompilation$44618$3841A$\^function\_.L:1#issueCommand(<function>:124)
	at jdk.nashorn.internal.scripts.Script$Recompilation$44618$3841A$\^function\_.L:1#issueCommand(<function>:124)
	at jdk.nashorn.internal.scripts.Script$Recompilation$44618$3841A$\^function\_.L:1#issueCommand(<function>:124)
	at jdk.nashorn.internal.scripts.Script$Recompilation$44618$3841A$\^function\_.L:1#issueCommand(<function>:124)
	at jdk.nashorn.internal.scripts.Script$Recompilation$44618$3841A$\^function\_.L:1#issueCommand(<function>:124)
	at jdk.nashorn.internal.scripts.Script$Recompilation$44618$3841A$\^function\_.L:1#issueCommand(<function>:124)
	at jdk.nashorn.internal.scripts.Script$Recompilation$44618$3841A$\^function\_.L:1#issueCommand(<function>:124)
	at jdk.nashorn.internal.scripts.Script$Recompilation$44618$3841A$\^function\_.L:1#issueCommand(<function>:124)
	at jdk.nashorn.internal.scripts.Script$Recompilation$44618$3841A$\^function\_.L:1#issueCommand(<function>:124)
	at jdk.nashorn.internal.scripts.Script$Recompilation$44618$3841A$\^function\_.L:1#issueCommand(<function>:124)
	at jdk.nashorn.internal.scripts.Script$Recompilation$44618$3841A$\^function\_.L:1#issueCommand(<function>:124)
	at jdk.nashorn.internal.scripts.Script$Recompilation$44618$3841A$\^function\_.L:1#issueCommand(<function>:124)
	at jdk.nashorn.internal.scripts.Script$Recompilation$44618$3841A$\^function\_.L:1#issueCommand(<function>:124)
	at jdk.nashorn.internal.scripts.Script$Recompilation$44618$3841A$\^function\_.L:1#issueCommand(<function>:124)
	at jdk.nashorn.internal.scripts.Script$Recompilation$44618$3841A$\^function\_.L:1#issueCommand(<function>:124)
	at jdk.nashorn.internal.scripts.Script$Recompilation$44618$3841A$\^function\_.L:1#issueCommand(<function>:124)
	at jdk.nashorn.internal.scripts.Script$Recompilation$44618$3841A$\^function\_.L:1#issueCommand(<function>:124)
	at jdk.nashorn.internal.scripts.Script$Recompilation$44618$3841A$\^function\_.L:1#issueCommand(<function>:124)
	at jdk.nashorn.internal.scripts.Script$Recompilation$44618$3841A$\^function\_.L:1#issueCommand(<function>:124)
	at jdk.nashorn.internal.scripts.Script$Recompilation$44618$3841A$\^function\_.L:1#issueCommand(<function>:124)
	at jdk.nashorn.internal.scripts.Script$Recompilation$44618$3841A$\^function\_.L:1#issueCommand(<function>:124)
	at jdk.nashorn.internal.scripts.Script$Recompilation$44618$3841A$\^function\_.L:1#issueCommand(<function>:124)
	at jdk.nashorn.internal.scripts.Script$Recompilation$44618$3841A$\^function\_.L:1#issueCommand(<function>:124)
	at jdk.nashorn.internal.scripts.Script$Recompilation$44618$3841A$\^function\_.L:1#issueCommand(<function>:124)
	at jdk.nashorn.internal.scripts.Script$Recompilation$44618$3841A$\^function\_.L:1#issueCommand(<function>:124)
	at jdk.nashorn.internal.scripts.Script$Recompilation$44618$3841A$\^function\_.L:1#issueCommand(<function>:124)
	at jdk.nashorn.internal.scripts.Script$Recompilation$44618$3841A$\^function\_.L:1#issueCommand(<function>:124)
	at jdk.nashorn.internal.scripts.Script$Recompilation$44618$3841A$\^function\_.L:1#issueCommand(<function>:124)
	at jdk.nashorn.internal.scripts.Script$Recompilation$44618$3841A$\^function\_.L:1#issueCommand(<function>:124)
	at jdk.nashorn.internal.scripts.Script$Recompilation$44618$3841A$\^function\_.L:1#issueCommand(<function>:124)
	at jdk.nashorn.internal.scripts.Script$Recompilation$44618$3841A$\^function\_.L:1#issueCommand(<function>:124)
	at jdk.nashorn.internal.scripts.Script$Recompilation$44618$3841A$\^function\_.L:1#issueCommand(<function>:124)
	at jdk.nashorn.internal.scripts.Script$Recompilation$44618$3841A$\^function\_.L:1#issueCommand(<function>:124)
	at jdk.nashorn.internal.scripts.Script$Recompilation$44618$3841A$\^function\_.L:1#issueCommand(<function>:124)
	at jdk.nashorn.internal.scripts.Script$Recompilation$44618$3841A$\^function\_.L:1#issueCommand(<function>:124)
	at jdk.nashorn.internal.scripts.Script$Recompilation$44618$3841A$\^function\_.L:1#issueCommand(<function>:124)
	at jdk.nashorn.internal.scripts.Script$Recompilation$44618$3841A$\^function\_.L:1#issueCommand(<function>:124)
	at jdk.nashorn.internal.scripts.Script$Recompilation$44618$3841A$\^function\_.L:1#issueCommand(<function>:124)
	at jdk.nashorn.internal.scripts.Script$Recompilation$44618$3841A$\^function\_.L:1#issueCommand(<function>:124)
	at jdk.nashorn.internal.scripts.Script$Recompilation$44618$3841A$\^function\_.L:1#issueCommand(<function>:124)
	at jdk.nashorn.internal.scripts.Script$Recompilation$44618$3841A$\^function\_.L:1#issueCommand(<function>:124)
	at jdk.nashorn.internal.scripts.Script$Recompilation$44618$3841A$\^function\_.L:1#issueCommand(<function>:124)
	at jdk.nashorn.internal.scripts.Script$Recompilation$44618$3841A$\^function\_.L:1#issueCommand(<function>:124)
	at jdk.nashorn.internal.scripts.Script$Recompilation$44618$3841A$\^function\_.L:1#issueCommand(<function>:124)
	at jdk.nashorn.internal.scripts.Script$Recompilation$44618$3841A$\^function\_.L:1#issueCommand(<function>:124)
	at jdk.nashorn.internal.scripts.Script$Recompilation$44618$3841A$\^function\_.L:1#issueCommand(<function>:124)
	at jdk.nashorn.internal.scripts.Script$Recompilation$44618$3841A$\^function\_.L:1#issueCommand(<function>:124)
	at jdk.nashorn.internal.scripts.Script$Recompilation$44618$3841A$\^function\_.L:1#issueCommand(<function>:124)
	at jdk.nashorn.internal.scripts.Script$Recompilation$44618$3841A$\^function\_.L:1#issueCommand(<function>:124)
	at jdk.nashorn.internal.scripts.Script$Recompilation$44618$3841A$\^function\_.L:1#issueCommand(<function>:124)
	at jdk.nashorn.internal.scripts.Script$Recompilation$44618$3841A$\^function\_.L:1#issueCommand(<function>:124)
	at jdk.nashorn.internal.scripts.Script$Recompilation$44618$3841A$\^function\_.L:1#issueCommand(<function>:124)
	at jdk.nashorn.internal.scripts.Script$Recompilation$44618$3841A$\^function\_.L:1#issueCommand(<function>:124)
	at jdk.nashorn.internal.scripts.Script$Recompilation$44618$3841A$\^function\_.L:1#issueCommand(<function>:124)
	at jdk.nashorn.internal.scripts.Script$Recompilation$44618$3841A$\^function\_.L:1#issueCommand(<function>:124)
	at jdk.nashorn.internal.scripts.Script$Recompilation$44618$3841A$\^function\_.L:1#issueCommand(<function>:124)
	at jdk.nashorn.internal.scripts.Script$Recompilation$44618$3841A$\^function\_.L:1#issueCommand(<function>:124)
	at jdk.nashorn.internal.scripts.Script$Recompilation$44618$3841A$\^function\_.L:1#issueCommand(<function>:124)
	at jdk.nashorn.internal.scripts.Script$Recompilation$44618$3841A$\^function\_.L:1#issueCommand(<function>:124)
	at jdk.nashorn.internal.scripts.Script$Recompilation$44618$3841A$\^function\_.L:1#issueCommand(<function>:124)
	at jdk.nashorn.internal.scripts.Script$Recompilation$44618$3841A$\^function\_.L:1#issueCommand(<function>:124)
	at jdk.nashorn.internal.scripts.Script$Recompilation$44618$3841A$\^function\_.L:1#issueCommand(<function>:124)
	at jdk.nashorn.internal.scripts.Script$Recompilation$44618$3841A$\^function\_.L:1#issueCommand(<function>:124)
	at jdk.nashorn.internal.scripts.Script$Recompilation$44618$3841A$\^function\_.L:1#issueCommand(<function>:124)
	at jdk.nashorn.internal.scripts.Script$Recompilation$44618$3841A$\^function\_.L:1#issueCommand(<function>:124)
	at jdk.nashorn.internal.scripts.Script$Recompilation$44618$3841A$\^function\_.L:1#issueCommand(<function>:124)
	at jdk.nashorn.internal.scripts.Script$Recompilation$44618$3841A$\^function\_.L:1#issueCommand(<function>:124)
	at jdk.nashorn.internal.scripts.Script$Recompilation$44618$3841A$\^function\_.L:1#issueCommand(<function>:124)
	at jdk.nashorn.internal.scripts.Script$Recompilation$44618$3841A$\^function\_.L:1#issueCommand(<function>:124)
	at jdk.nashorn.internal.scripts.Script$Recompilation$44618$3841A$\^function\_.L:1#issueCommand(<function>:124)
	at jdk.nashorn.internal.scripts.Script$Recompilation$44618$3841A$\^function\_.L:1#issueCommand(<function>:124)
	at jdk.nashorn.internal.scripts.Script$Recompilation$44618$3841A$\^function\_.L:1#issueCommand(<function>:124)
	at jdk.nashorn.internal.scripts.Script$Recompilation$44618$3841A$\^function\_.L:1#issueCommand(<function>:124)
	at jdk.nashorn.internal.scripts.Script$Recompilation$44618$3841A$\^function\_.L:1#issueCommand(<function>:124)
	at jdk.nashorn.internal.scripts.Script$Recompilation$44618$3841A$\^function\_.L:1#issueCommand(<function>:124)
	at jdk.nashorn.internal.scripts.Script$Recompilation$44618$3841A$\^function\_.L:1#issueCommand(<function>:124)
	at jdk.nashorn.internal.scripts.Script$Recompilation$44618$3841A$\^function\_.L:1#issueCommand(<function>:124)
	at jdk.nashorn.internal.scripts.Script$Recompilation$44618$3841A$\^function\_.L:1#issueCommand(<function>:124)
	at jdk.nashorn.internal.scripts.Script$Recompilation$44618$3841A$\^function\_.L:1#issueCommand(<function>:124)
	at jdk.nashorn.internal.scripts.Script$Recompilation$44618$3841A$\^function\_.L:1#issueCommand(<function>:124)
	at jdk.nashorn.internal.scripts.Script$Recompilation$44618$3841A$\^function\_.L:1#issueCommand(<function>:124)
	at jdk.nashorn.internal.scripts.Script$Recompilation$44618$3841A$\^function\_.L:1#issueCommand(<function>:124)
	at jdk.nashorn.internal.scripts.Script$Recompilation$44618$3841A$\^function\_.L:1#issueCommand(<function>:124)
	at jdk.nashorn.internal.scripts.Script$Recompilation$44618$3841A$\^function\_.L:1#issueCommand(<function>:124)
	at jdk.nashorn.internal.scripts.Script$Recompilation$44618$3841A$\^function\_.L:1#issueCommand(<function>:124)
	at jdk.nashorn.internal.scripts.Script$Recompilation$44618$3841A$\^function\_.L:1#issueCommand(<function>:124)
	at jdk.nashorn.internal.scripts.Script$Recompilation$44618$3841A$\^function\_.L:1#issueCommand(<function>:124)
	at jdk.nashorn.internal.scripts.Script$Recompilation$44618$3841A$\^function\_.L:1#issueCommand(<function>:124)
	at jdk.nashorn.internal.scripts.Script$Recompilation$44618$3841A$\^function\_.L:1#issueCommand(<function>:124)
	at jdk.nashorn.internal.scripts.Script$Recompilation$44618$3841A$\^function\_.L:1#issueCommand(<function>:124)
	at jdk.nashorn.internal.scripts.Script$Recompilation$44618$3841A$\^function\_.L:1#issueCommand(<function>:124)
	at jdk.nashorn.internal.scripts.Script$Recompilation$44618$3841A$\^function\_.L:1#issueCommand(<function>:124)
	at jdk.nashorn.internal.scripts.Script$Recompilation$44618$3841A$\^function\_.L:1#issueCommand(<function>:124)
	at jdk.nashorn.internal.scripts.Script$Recompilation$44618$3841A$\^function\_.L:1#issueCommand(<function>:124)
	at jdk.nashorn.internal.scripts.Script$Recompilation$44618$3841A$\^function\_.L:1#issueCommand(<function>:124)
	at jdk.nashorn.internal.scripts.Script$Recompilation$44618$3841A$\^function\_.L:1#issueCommand(<function>:124)
	at jdk.nashorn.internal.scripts.Script$Recompilation$44618$3841A$\^function\_.L:1#issueCommand(<function>:124)
	at jdk.nashorn.internal.scripts.Script$Recompilation$44618$3841A$\^function\_.L:1#issueCommand(<function>:124)
	at jdk.nashorn.internal.scripts.Script$Recompilation$44618$3841A$\^function\_.L:1#issueCommand(<function>:124)
	at jdk.nashorn.internal.scripts.Script$Recompilation$44618$3841A$\^function\_.L:1#issueCommand(<function>:124)
	at jdk.nashorn.internal.scripts.Script$Recompilation$44618$3841A$\^function\_.L:1#issueCommand(<function>:124)
	at jdk.nashorn.internal.scripts.Script$Recompilation$44618$3841A$\^function\_.L:1#issueCommand(<function>:124)
	at jdk.nashorn.internal.scripts.Script$Recompilation$44618$3841A$\^function\_.L:1#issueCommand(<function>:124)
	at jdk.nashorn.internal.scripts.Script$Recompilation$44618$3841A$\^function\_.L:1#issueCommand(<function>:124)
	at jdk.nashorn.internal.scripts.Script$Recompilation$44618$3841A$\^function\_.L:1#issueCommand(<function>:124)
	at jdk.nashorn.internal.scripts.Script$Recompilation$44618$3841A$\^function\_.L:1#issueCommand(<function>:124)
	at jdk.nashorn.internal.scripts.Script$Recompilation$44618$3841A$\^function\_.L:1#issueCommand(<function>:124)
	at jdk.nashorn.internal.scripts.Script$Recompilation$44618$3841A$\^function\_.L:1#issueCommand(<function>:124)
	at jdk.nashorn.internal.scripts.Script$Recompilation$44618$3841A$\^function\_.L:1#issueCommand(<function>:124)
	at jdk.nashorn.internal.scripts.Script$Recompilation$44618$3841A$\^function\_.L:1#issueCommand(<function>:124)
	at jdk.nashorn.internal.scripts.Script$Recompilation$44618$3841A$\^function\_.L:1#issueCommand(<function>:124)
	at jdk.nashorn.internal.scripts.Script$Recompilation$44618$3841A$\^function\_.L:1#issueCommand(<function>:124)
	at jdk.nashorn.internal.scripts.Script$Recompilation$44618$3841A$\^function\_.L:1#issueCommand(<function>:124)
	at jdk.nashorn.internal.scripts.Script$Recompilation$44618$3841A$\^function\_.L:1#issueCommand(<function>:124)
	at jdk.nashorn.internal.scripts.Script$Recompilation$44618$3841A$\^function\_.L:1#issueCommand(<function>:124)
	at jdk.nashorn.internal.scripts.Script$Recompilation$44618$3841A$\^function\_.L:1#issueCommand(<function>:124)
	at jdk.nashorn.internal.scripts.Script$Recompilation$44618$3841A$\^function\_.L:1#issueCommand(<function>:124)
	at jdk.nashorn.internal.scripts.Script$Recompilation$44618$3841A$\^function\_.L:1#issueCommand(<function>:124)
	at jdk.nashorn.internal.scripts.Script$Recompilation$44618$3841A$\^function\_.L:1#issueCommand(<function>:124)
	at jdk.nashorn.internal.scripts.Script$Recompilation$44618$3841A$\^function\_.L:1#issueCommand(<function>:124)
	at jdk.nashorn.internal.scripts.Script$Recompilation$44618$3841A$\^function\_.L:1#issueCommand(<function>:124)
	at jdk.nashorn.internal.scripts.Script$Recompilation$44618$3841A$\^function\_.L:1#issueCommand(<function>:124)
	at jdk.nashorn.internal.scripts.Script$Recompilation$44618$3841A$\^function\_.L:1#issueCommand(<function>:124)
	at jdk.nashorn.internal.scripts.Script$Recompilation$44618$3841A$\^function\_.L:1#issueCommand(<function>:124)
	at jdk.nashorn.internal.scripts.Script$Recompilation$44618$3841A$\^function\_.L:1#issueCommand(<function>:124)
	at jdk.nashorn.internal.scripts.Script$Recompilation$44618$3841A$\^function\_.L:1#issueCommand(<function>:124)
	at jdk.nashorn.internal.scripts.Script$Recompilation$44618$3841A$\^function\_.L:1#issueCommand(<function>:124)
	at jdk.nashorn.internal.scripts.Script$Recompilation$44618$3841A$\^function\_.L:1#issueCommand(<function>:124)
	at jdk.nashorn.internal.scripts.Script$Recompilation$44618$3841A$\^function\_.L:1#issueCommand(<function>:124)
	at jdk.nashorn.internal.scripts.Script$Recompilation$44618$3841A$\^function\_.L:1#issueCommand(<function>:124)
	at jdk.nashorn.internal.scripts.Script$Recompilation$44618$3841A$\^function\_.L:1#issueCommand(<function>:124)
	at jdk.nashorn.internal.scripts.Script$Recompilation$44618$3841A$\^function\_.L:1#issueCommand(<function>:124)
	at jdk.nashorn.internal.scripts.Script$Recompilation$44618$3841A$\^function\_.L:1#issueCommand(<function>:124)
	at jdk.nashorn.internal.scripts.Script$Recompilation$44618$3841A$\^function\_.L:1#issueCommand(<function>:124)
	at jdk.nashorn.internal.scripts.Script$Recompilation$44618$3841A$\^function\_.L:1#issueCommand(<function>:124)
	at jdk.nashorn.internal.scripts.Script$Recompilation$44618$3841A$\^function\_.L:1#issueCommand(<function>:124)
	at jdk.nashorn.internal.scripts.Script$Recompilation$44618$3841A$\^function\_.L:1#issueCommand(<function>:124)
	at jdk.nashorn.internal.scripts.Script$Recompilation$44618$3841A$\^function\_.L:1#issueCommand(<function>:124)
	at jdk.nashorn.internal.scripts.Script$Recompilation$44618$3841A$\^function\_.L:1#issueCommand(<function>:124)
	at jdk.nashorn.internal.scripts.Script$Recompilation$44618$3841A$\^function\_.L:1#issueCommand(<function>:124)
	at jdk.nashorn.internal.scripts.Script$Recompilation$44618$3841A$\^function\_.L:1#issueCommand(<function>:124)
	at jdk.nashorn.internal.scripts.Script$Recompilation$44618$3841A$\^function\_.L:1#issueCommand(<function>:124)
	at jdk.nashorn.internal.scripts.Script$Recompilation$44618$3841A$\^function\_.L:1#issueCommand(<function>:124)
	at jdk.nashorn.internal.scripts.Script$Recompilation$44618$3841A$\^function\_.L:1#issueCommand(<function>:124)
	at jdk.nashorn.internal.scripts.Script$Recompilation$44618$3841A$\^function\_.L:1#issueCommand(<function>:124)
	at jdk.nashorn.internal.scripts.Script$Recompilation$44618$3841A$\^function\_.L:1#issueCommand(<function>:124)
	at jdk.nashorn.internal.scripts.Script$Recompilation$44618$3841A$\^function\_.L:1#issueCommand(<function>:124)
	at jdk.nashorn.internal.scripts.Script$Recompilation$44618$3841A$\^function\_.L:1#issueCommand(<function>:124)
	at jdk.nashorn.internal.scripts.Script$Recompilation$44618$3841A$\^function\_.L:1#issueCommand(<function>:124)
	at jdk.nashorn.internal.scripts.Script$Recompilation$44618$3841A$\^function\_.L:1#issueCommand(<function>:124)
	at jdk.nashorn.internal.scripts.Script$Recompilation$44618$3841A$\^function\_.L:1#issueCommand(<function>:124)
	at jdk.nashorn.internal.scripts.Script$Recompilation$44618$3841A$\^function\_.L:1#issueCommand(<function>:124)
	at jdk.nashorn.internal.scripts.Script$Recompilation$44618$3841A$\^function\_.L:1#issueCommand(<function>:124)
	at jdk.nashorn.internal.scripts.Script$Recompilation$44618$3841A$\^function\_.L:1#issueCommand(<function>:124)
	at jdk.nashorn.internal.scripts.Script$Recompilation$44618$3841A$\^function\_.L:1#issueCommand(<function>:124)
	at jdk.nashorn.internal.scripts.Script$Recompilation$44618$3841A$\^function\_.L:1#issueCommand(<function>:124)
	at jdk.nashorn.internal.scripts.Script$Recompilation$44618$3841A$\^function\_.L:1#issueCommand(<function>:124)
	at jdk.nashorn.internal.scripts.Script$Recompilation$44618$3841A$\^function\_.L:1#issueCommand(<function>:124)
	at jdk.nashorn.internal.scripts.Script$Recompilation$44618$3841A$\^function\_.L:1#issueCommand(<function>:124)
	at jdk.nashorn.internal.scripts.Script$Recompilation$44618$3841A$\^function\_.L:1#issueCommand(<function>:124)
	at jdk.nashorn.internal.scripts.Script$Recompilation$44618$3841A$\^function\_.L:1#issueCommand(<function>:124)
	at jdk.nashorn.internal.scripts.Script$Recompilation$44618$3841A$\^function\_.L:1#issueCommand(<function>:124)
	at jdk.nashorn.internal.scripts.Script$Recompilation$44618$3841A$\^function\_.L:1#issueCommand(<function>:124)
	at jdk.nashorn.internal.scripts.Script$Recompilation$44618$3841A$\^function\_.L:1#issueCommand(<function>:124)
	at jdk.nashorn.internal.scripts.Script$Recompilation$44618$3841A$\^function\_.L:1#issueCommand(<function>:124)
	at jdk.nashorn.internal.scripts.Script$Recompilation$44618$3841A$\^function\_.L:1#issueCommand(<function>:124)
	at jdk.nashorn.internal.scripts.Script$Recompilation$44618$3841A$\^function\_.L:1#issueCommand(<function>:124)
	at jdk.nashorn.internal.scripts.Script$Recompilation$44618$3841A$\^function\_.L:1#issueCommand(<function>:124)
	at jdk.nashorn.internal.scripts.Script$Recompilation$44618$3841A$\^function\_.L:1#issueCommand(<function>:124)
	at jdk.nashorn.internal.scripts.Script$Recompilation$44618$3841A$\^function\_.L:1#issueCommand(<function>:124)
	at jdk.nashorn.internal.scripts.Script$Recompilation$44618$3841A$\^function\_.L:1#issueCommand(<function>:124)
	at jdk.nashorn.internal.scripts.Script$Recompilation$44618$3841A$\^function\_.L:1#issueCommand(<function>:124)
	at jdk.nashorn.internal.scripts.Script$Recompilation$44618$3841A$\^function\_.L:1#issueCommand(<function>:124)
	at jdk.nashorn.internal.scripts.Script$Recompilation$44618$3841A$\^function\_.L:1#issueCommand(<function>:124)
	at jdk.nashorn.internal.scripts.Script$Recompilation$44618$3841A$\^function\_.L:1#issueCommand(<function>:124)
	at jdk.nashorn.internal.scripts.Script$Recompilation$44618$3841A$\^function\_.L:1#issueCommand(<function>:124)
	at jdk.nashorn.internal.scripts.Script$Recompilation$44618$3841A$\^function\_.L:1#issueCommand(<function>:124)
	at jdk.nashorn.internal.scripts.Script$Recompilation$44618$3841A$\^function\_.L:1#issueCommand(<function>:124)
	at jdk.nashorn.internal.scripts.Script$Recompilation$44618$3841A$\^function\_.L:1#issueCommand(<function>:124)
	at jdk.nashorn.internal.scripts.Script$Recompilation$44618$3841A$\^function\_.L:1#issueCommand(<function>:124)
	at jdk.nashorn.internal.scripts.Script$Recompilation$44618$3841A$\^function\_.L:1#issueCommand(<function>:124)
	at jdk.nashorn.internal.scripts.Script$Recompilation$44618$3841A$\^function\_.L:1#issueCommand(<function>:124)
	at jdk.nashorn.internal.scripts.Script$Recompilation$44618$3841A$\^function\_.L:1#issueCommand(<function>:124)
	at jdk.nashorn.internal.scripts.Script$Recompilation$44618$3841A$\^function\_.L:1#issueCommand(<function>:124)
	at jdk.nashorn.internal.scripts.Script$Recompilation$44618$3841A$\^function\_.L:1#issueCommand(<function>:124)
	at jdk.nashorn.internal.scripts.Script$Recompilation$44618$3841A$\^function\_.L:1#issueCommand(<function>:124)
	at jdk.nashorn.internal.scripts.Script$Recompilation$44618$3841A$\^function\_.L:1#issueCommand(<function>:124)
	at jdk.nashorn.internal.scripts.Script$Recompilation$44618$3841A$\^function\_.L:1#issueCommand(<function>:124)
	at jdk.nashorn.internal.scripts.Script$Recompilation$44618$3841A$\^function\_.L:1#issueCommand(<function>:124)
	at jdk.nashorn.internal.scripts.Script$Recompilation$44618$3841A$\^function\_.L:1#issueCommand(<function>:124)
	at jdk.nashorn.internal.scripts.Script$Recompilation$44618$3841A$\^function\_.L:1#issueCommand(<function>:124)
	at jdk.nashorn.internal.scripts.Script$Recompilation$44618$3841A$\^function\_.L:1#issueCommand(<function>:124)
	at jdk.nashorn.internal.scripts.Script$Recompilation$44618$3841A$\^function\_.L:1#issueCommand(<function>:124)
	at jdk.nashorn.internal.scripts.Script$Recompilation$44618$3841A$\^function\_.L:1#issueCommand(<function>:124)
	at jdk.nashorn.internal.scripts.Script$Recompilation$44618$3841A$\^function\_.L:1#issueCommand(<function>:124)
	at jdk.nashorn.internal.scripts.Script$Recompilation$44618$3841A$\^function\_.L:1#issueCommand(<function>:124)
	at jdk.nashorn.internal.scripts.Script$Recompilation$44618$3841A$\^function\_.L:1#issueCommand(<function>:124)
	at jdk.nashorn.internal.scripts.Script$Recompilation$44618$3841A$\^function\_.L:1#issueCommand(<function>:124)
	at jdk.nashorn.internal.scripts.Script$Recompilation$44618$3841A$\^function\_.L:1#issueCommand(<function>:124)
	at jdk.nashorn.internal.scripts.Script$Recompilation$44618$3841A$\^function\_.L:1#issueCommand(<function>:124)
	at jdk.nashorn.internal.scripts.Script$Recompilation$44618$3841A$\^function\_.L:1#issueCommand(<function>:124)
	at jdk.nashorn.internal.scripts.Script$Recompilation$44618$3841A$\^function\_.L:1#issueCommand(<function>:124)
	at jdk.nashorn.internal.scripts.Script$Recompilation$44618$3841A$\^function\_.L:1#issueCommand(<function>:124)
	at jdk.nashorn.internal.scripts.Script$Recompilation$44618$3841A$\^function\_.L:1#issueCommand(<function>:124)
	at jdk.nashorn.internal.scripts.Script$Recompilation$44618$3841A$\^function\_.L:1#issueCommand(<function>:124)
	at jdk.nashorn.internal.scripts.Script$Recompilation$44618$3841A$\^function\_.L:1#issueCommand(<function>:124)
	at jdk.nashorn.internal.scripts.Script$Recompilation$44618$3841A$\^function\_.L:1#issueCommand(<function>:124)
	at jdk.nashorn.internal.scripts.Script$Recompilation$44618$3841A$\^function\_.L:1#issueCommand(<function>:124)
	at jdk.nashorn.internal.scripts.Script$Recompilation$44618$3841A$\^function\_.L:1#issueCommand(<function>:124)
	at jdk.nashorn.internal.scripts.Script$Recompilation$44618$3841A$\^function\_.L:1#issueCommand(<function>:124)
	at jdk.nashorn.internal.scripts.Script$Recompilation$44618$3841A$\^function\_.L:1#issueCommand(<function>:124)
	at jdk.nashorn.internal.scripts.Script$Recompilation$44618$3841A$\^function\_.L:1#issueCommand(<function>:124)
	at jdk.nashorn.internal.scripts.Script$Recompilation$44618$3841A$\^function\_.L:1#issueCommand(<function>:124)
	at jdk.nashorn.internal.scripts.Script$Recompilation$44618$3841A$\^function\_.L:1#issueCommand(<function>:124)
	at jdk.nashorn.internal.scripts.Script$Recompilation$44618$3841A$\^function\_.L:1#issueCommand(<function>:124)
	at jdk.nashorn.internal.scripts.Script$Recompilation$44618$3841A$\^function\_.L:1#issueCommand(<function>:124)
	at jdk.nashorn.internal.scripts.Script$Recompilation$44618$3841A$\^function\_.L:1#issueCommand(<function>:124)
	at jdk.nashorn.internal.scripts.Script$Recompilation$44618$3841A$\^function\_.L:1#issueCommand(<function>:124)
	at jdk.nashorn.internal.scripts.Script$Recompilation$44618$3841A$\^function\_.L:1#issueCommand(<function>:124)
	at jdk.nashorn.internal.scripts.Script$Recompilation$44618$3841A$\^function\_.L:1#issueCommand(<function>:124)
	at jdk.nashorn.internal.scripts.Script$Recompilation$44618$3841A$\^function\_.L:1#issueCommand(<function>:124)
	at jdk.nashorn.internal.scripts.Script$Recompilation$44618$3841A$\^function\_.L:1#issueCommand(<function>:124)
	at jdk.nashorn.internal.scripts.Script$Recompilation$44618$3841A$\^function\_.L:1#issueCommand(<function>:124)
	at jdk.nashorn.internal.scripts.Script$Recompilation$44618$3841A$\^function\_.L:1#issueCommand(<function>:124)
	at jdk.nashorn.internal.scripts.Script$Recompilation$44618$3841A$\^function\_.L:1#issueCommand(<function>:124)
	at jdk.nashorn.internal.scripts.Script$Recompilation$44618$3841A$\^function\_.L:1#issueCommand(<function>:124)
	at jdk.nashorn.internal.scripts.Script$Recompilation$44618$3841A$\^function\_.L:1#issueCommand(<function>:124)
	at jdk.nashorn.internal.scripts.Script$Recompilation$44618$3841A$\^function\_.L:1#issueCommand(<function>:124)
	at jdk.nashorn.internal.scripts.Script$Recompilation$44618$3841A$\^function\_.L:1#issueCommand(<function>:124)
	at jdk.nashorn.internal.scripts.Script$Recompilation$44618$3841A$\^function\_.L:1#issueCommand(<function>:124)
	at jdk.nashorn.internal.scripts.Script$Recompilation$44618$3841A$\^function\_.L:1#issueCommand(<function>:124)
	at jdk.nashorn.internal.scripts.Script$Recompilation$44618$3841A$\^function\_.L:1#issueCommand(<function>:124)
	at jdk.nashorn.internal.scripts.Script$Recompilation$44618$3841A$\^function\_.L:1#issueCommand(<function>:124)
	at jdk.nashorn.internal.scripts.Script$Recompilation$44618$3841A$\^function\_.L:1#issueCommand(<function>:124)
	at jdk.nashorn.internal.scripts.Script$Recompilation$44618$3841A$\^function\_.L:1#issueCommand(<function>:124)
	at jdk.nashorn.internal.scripts.Script$Recompilation$44618$3841A$\^function\_.L:1#issueCommand(<function>:124)
	at jdk.nashorn.internal.scripts.Script$Recompilation$44618$3841A$\^function\_.L:1#issueCommand(<function>:124)
	at jdk.nashorn.internal.scripts.Script$Recompilation$44618$3841A$\^function\_.L:1#issueCommand(<function>:124)
	at jdk.nashorn.internal.scripts.Script$Recompilation$44618$3841A$\^function\_.L:1#issueCommand(<function>:124)
	at jdk.nashorn.internal.scripts.Script$Recompilation$44618$3841A$\^function\_.L:1#issueCommand(<function>:124)
	at jdk.nashorn.internal.scripts.Script$Recompilation$44618$3841A$\^function\_.L:1#issueCommand(<function>:124)
	at jdk.nashorn.internal.scripts.Script$Recompilation$44618$3841A$\^function\_.L:1#issueCommand(<function>:124)
	at jdk.nashorn.internal.scripts.Script$Recompilation$44618$3841A$\^function\_.L:1#issueCommand(<function>:124)
	at jdk.nashorn.internal.scripts.Script$Recompilation$44618$3841A$\^function\_.L:1#issueCommand(<function>:124)
	at jdk.nashorn.internal.scripts.Script$Recompilation$44618$3841A$\^function\_.L:1#issueCommand(<function>:124)
	at jdk.nashorn.internal.scripts.Script$Recompilation$44618$3841A$\^function\_.L:1#issueCommand(<function>:124)
	at jdk.nashorn.internal.scripts.Script$Recompilation$44618$3841A$\^function\_.L:1#issueCommand(<function>:124)
	at jdk.nashorn.internal.scripts.Script$Recompilation$44618$3841A$\^function\_.L:1#issueCommand(<function>:124)
	at jdk.nashorn.internal.scripts.Script$Recompilation$44618$3841A$\^function\_.L:1#issueCommand(<function>:124)
	at jdk.nashorn.internal.scripts.Script$Recompilation$44618$3841A$\^function\_.L:1#issueCommand(<function>:124)
	at jdk.nashorn.internal.scripts.Script$Recompilation$44618$3841A$\^function\_.L:1#issueCommand(<function>:124)
	at jdk.nashorn.internal.scripts.Script$Recompilation$44618$3841A$\^function\_.L:1#issueCommand(<function>:124)
	at jdk.nashorn.internal.scripts.Script$Recompilation$44618$3841A$\^function\_.L:1#issueCommand(<function>:124)
	at jdk.nashorn.internal.scripts.Script$Recompilation$44618$3841A$\^function\_.L:1#issueCommand(<function>:124)
	at jdk.nashorn.internal.scripts.Script$Recompilation$44618$3841A$\^function\_.L:1#issueCommand(<function>:124)
	at jdk.nashorn.internal.scripts.Script$Recompilation$44618$3841A$\^function\_.L:1#issueCommand(<function>:124)
	at jdk.nashorn.internal.scripts.Script$Recompilation$44618$3841A$\^function\_.L:1#issueCommand(<function>:124)
	at jdk.nashorn.internal.scripts.Script$Recompilation$44618$3841A$\^function\_.L:1#issueCommand(<function>:124)
	at jdk.nashorn.internal.scripts.Script$Recompilation$44618$3841A$\^function\_.L:1#issueCommand(<function>:124)
	at jdk.nashorn.internal.scripts.Script$Recompilation$44618$3841A$\^function\_.L:1#issueCommand(<function>:124)
	at jdk.nashorn.internal.scripts.Script$Recompilation$44618$3841A$\^function\_.L:1#issueCommand(<function>:124)
	at jdk.nashorn.internal.scripts.Script$Recompilation$44618$3841A$\^function\_.L:1#issueCommand(<function>:124)
	at jdk.nashorn.internal.scripts.Script$Recompilation$44618$3841A$\^function\_.L:1#issueCommand(<function>:124)
	at jdk.nashorn.internal.scripts.Script$Recompilation$44618$3841A$\^function\_.L:1#issueCommand(<function>:124)
	at jdk.nashorn.internal.scripts.Script$Recompilation$44618$3841A$\^function\_.L:1#issueCommand(<function>:124)
	at jdk.nashorn.internal.scripts.Script$Recompilation$44618$3841A$\^function\_.L:1#issueCommand(<function>:124)
	at jdk.nashorn.internal.scripts.Script$Recompilation$44618$3841A$\^function\_.L:1#issueCommand(<function>:124)
	at jdk.nashorn.internal.scripts.Script$Recompilation$44618$3841A$\^function\_.L:1#issueCommand(<function>:124)
	at jdk.nashorn.internal.scripts.Script$Recompilation$44618$3841A$\^function\_.L:1#issueCommand(<function>:124)
	at jdk.nashorn.internal.scripts.Script$Recompilation$44618$3841A$\^function\_.L:1#issueCommand(<function>:124)
	at jdk.nashorn.internal.scripts.Script$Recompilation$44618$3841A$\^function\_.L:1#issueCommand(<function>:124)
	at jdk.nashorn.internal.scripts.Script$Recompilation$44618$3841A$\^function\_.L:1#issueCommand(<function>:124)
	at jdk.nashorn.internal.scripts.Script$Recompilation$44618$3841A$\^function\_.L:1#issueCommand(<function>:124)
	at jdk.nashorn.internal.scripts.Script$Recompilation$44618$3841A$\^function\_.L:1#issueCommand(<function>:124)
	at jdk.nashorn.internal.scripts.Script$Recompilation$44618$3841A$\^function\_.L:1#issueCommand(<function>:124)
	at jdk.nashorn.internal.scripts.Script$Recompilation$44618$3841A$\^function\_.L:1#issueCommand(<function>:124)
	at jdk.nashorn.internal.scripts.Script$Recompilation$44618$3841A$\^function\_.L:1#issueCommand(<function>:124)
	at jdk.nashorn.internal.scripts.Script$Recompilation$44618$3841A$\^function\_.L:1#issueCommand(<function>:124)
	at jdk.nashorn.internal.scripts.Script$Recompilation$44618$3841A$\^function\_.L:1#issueCommand(<function>:124)
	at jdk.nashorn.internal.scripts.Script$Recompilation$44618$3841A$\^function\_.L:1#issueCommand(<function>:124)
	at jdk.nashorn.internal.scripts.Script$Recompilation$44618$3841A$\^function\_.L:1#issueCommand(<function>:124)
	at jdk.nashorn.internal.scripts.Script$Recompilation$44618$3841A$\^function\_.L:1#issueCommand(<function>:124)
	at jdk.nashorn.internal.scripts.Script$Recompilation$44618$3841A$\^function\_.L:1#issueCommand(<function>:124)
	at jdk.nashorn.internal.scripts.Script$Recompilation$44618$3841A$\^function\_.L:1#issueCommand(<function>:124)
	at jdk.nashorn.internal.scripts.Script$Recompilation$44618$3841A$\^function\_.L:1#issueCommand(<function>:124)
	at jdk.nashorn.internal.scripts.Script$Recompilation$44618$3841A$\^function\_.L:1#issueCommand(<function>:124)
	at jdk.nashorn.internal.scripts.Script$Recompilation$44618$3841A$\^function\_.L:1#issueCommand(<function>:124)
	at jdk.nashorn.internal.scripts.Script$Recompilation$44618$3841A$\^function\_.L:1#issueCommand(<function>:124)
	at jdk.nashorn.internal.scripts.Script$Recompilation$44618$3841A$\^function\_.L:1#issueCommand(<function>:124)
	at jdk.nashorn.internal.scripts.Script$Recompilation$44618$3841A$\^function\_.L:1#issueCommand(<function>:124)
	at jdk.nashorn.internal.scripts.Script$Recompilation$44618$3841A$\^function\_.L:1#issueCommand(<function>:124)
	at jdk.nashorn.internal.scripts.Script$Recompilation$44618$3841A$\^function\_.L:1#issueCommand(<function>:124)
	at jdk.nashorn.internal.scripts.Script$Recompilation$44618$3841A$\^function\_.L:1#issueCommand(<function>:124)
	at jdk.nashorn.internal.scripts.Script$Recompilation$44618$3841A$\^function\_.L:1#issueCommand(<function>:124)
	at jdk.nashorn.internal.scripts.Script$Recompilation$44618$3841A$\^function\_.L:1#issueCommand(<function>:124)
	at jdk.nashorn.internal.scripts.Script$Recompilation$44618$3841A$\^function\_.L:1#issueCommand(<function>:124)
	at jdk.nashorn.internal.scripts.Script$Recompilation$44618$3841A$\^function\_.L:1#issueCommand(<function>:124)
	at jdk.nashorn.internal.scripts.Script$Recompilation$44618$3841A$\^function\_.L:1#issueCommand(<function>:124)
	at jdk.nashorn.internal.scripts.Script$Recompilation$44618$3841A$\^function\_.L:1#issueCommand(<function>:124)
	at jdk.nashorn.internal.scripts.Script$Recompilation$44618$3841A$\^function\_.L:1#issueCommand(<function>:124)
	at jdk.nashorn.internal.scripts.Script$Recompilation$44618$3841A$\^function\_.L:1#issueCommand(<function>:124)
	at jdk.nashorn.internal.scripts.Script$Recompilation$44618$3841A$\^function\_.L:1#issueCommand(<function>:124)
	at jdk.nashorn.internal.scripts.Script$Recompilation$44618$3841A$\^function\_.L:1#issueCommand(<function>:124)
	at jdk.nashorn.internal.scripts.Script$Recompilation$44618$3841A$\^function\_.L:1#issueCommand(<function>:124)
	at jdk.nashorn.internal.scripts.Script$Recompilation$44618$3841A$\^function\_.L:1#issueCommand(<function>:124)
	at jdk.nashorn.internal.scripts.Script$Recompilation$44618$3841A$\^function\_.L:1#issueCommand(<function>:124)
	at jdk.nashorn.internal.scripts.Script$Recompilation$44618$3841A$\^function\_.L:1#issueCommand(<function>:124)
	at jdk.nashorn.internal.scripts.Script$Recompilation$44618$3841A$\^function\_.L:1#issueCommand(<function>:124)
	at jdk.nashorn.internal.scripts.Script$Recompilation$44618$3841A$\^function\_.L:1#issueCommand(<function>:124)
	at jdk.nashorn.internal.scripts.Script$Recompilation$44618$3841A$\^function\_.L:1#issueCommand(<function>:124)
	at jdk.nashorn.internal.scripts.Script$Recompilation$44618$3841A$\^function\_.L:1#issueCommand(<function>:124)
	at jdk.nashorn.internal.scripts.Script$Recompilation$44618$3841A$\^function\_.L:1#issueCommand(<function>:124)
	at jdk.nashorn.internal.scripts.Script$Recompilation$44618$3841A$\^function\_.L:1#issueCommand(<function>:124)
	at jdk.nashorn.internal.scripts.Script$Recompilation$44618$3841A$\^function\_.L:1#issueCommand(<function>:124)
	at jdk.nashorn.internal.scripts.Script$Recompilation$44618$3841A$\^function\_.L:1#issueCommand(<function>:124)
	at jdk.nashorn.internal.scripts.Script$Recompilation$44618$3841A$\^function\_.L:1#issueCommand(<function>:124)
	at jdk.nashorn.internal.scripts.Script$Recompilation$44618$3841A$\^function\_.L:1#issueCommand(<function>:124)
	at jdk.nashorn.internal.scripts.Script$Recompilation$44618$3841A$\^function\_.L:1#issueCommand(<function>:124)
	at jdk.nashorn.internal.scripts.Script$Recompilation$44618$3841A$\^function\_.L:1#issueCommand(<function>:124)
	at jdk.nashorn.internal.scripts.Script$Recompilation$44618$3841A$\^function\_.L:1#issueCommand(<function>:124)
	at jdk.nashorn.internal.scripts.Script$Recompilation$44618$3841A$\^function\_.L:1#issueCommand(<function>:124)
	at jdk.nashorn.internal.scripts.Script$Recompilation$44618$3841A$\^function\_.L:1#issueCommand(<function>:124)
	at jdk.nashorn.internal.scripts.Script$Recompilation$44618$3841A$\^function\_.L:1#issueCommand(<function>:124)
	at jdk.nashorn.internal.scripts.Script$Recompilation$44618$3841A$\^function\_.L:1#issueCommand(<function>:124)
	at jdk.nashorn.internal.scripts.Script$Recompilation$44618$3841A$\^function\_.L:1#issueCommand(<function>:124)
	at jdk.nashorn.internal.scripts.Script$Recompilation$44618$3841A$\^function\_.L:1#issueCommand(<function>:124)
	at jdk.nashorn.internal.scripts.Script$Recompilation$44618$3841A$\^function\_.L:1#issueCommand(<function>:124)
	at jdk.nashorn.internal.scripts.Script$Recompilation$44618$3841A$\^function\_.L:1#issueCommand(<function>:124)
	at jdk.nashorn.internal.scripts.Script$Recompilation$44618$3841A$\^function\_.L:1#issueCommand(<function>:124)
	at jdk.nashorn.internal.scripts.Script$Recompilation$44618$3841A$\^function\_.L:1#issueCommand(<function>:124)
	at jdk.nashorn.internal.scripts.Script$Recompilation$44618$3841A$\^function\_.L:1#issueCommand(<function>:124)
	at jdk.nashorn.internal.scripts.Script$Recompilation$44618$3841A$\^function\_.L:1#issueCommand(<function>:124)
	at jdk.nashorn.internal.scripts.Script$Recompilation$44618$3841A$\^function\_.L:1#issueCommand(<function>:124)
	at jdk.nashorn.internal.scripts.Script$Recompilation$44618$3841A$\^function\_.L:1#issueCommand(<function>:124)
	at jdk.nashorn.internal.scripts.Script$Recompilation$44618$3841A$\^function\_.L:1#issueCommand(<function>:124)
	at jdk.nashorn.internal.scripts.Script$Recompilation$44618$3841A$\^function\_.L:1#issueCommand(<function>:124)
	at jdk.nashorn.internal.scripts.Script$Recompilation$44618$3841A$\^function\_.L:1#issueCommand(<function>:124)
	at jdk.nashorn.internal.scripts.Script$Recompilation$44618$3841A$\^function\_.L:1#issueCommand(<function>:124)
	at jdk.nashorn.internal.scripts.Script$Recompilation$44618$3841A$\^function\_.L:1#issueCommand(<function>:124)
	at jdk.nashorn.internal.scripts.Script$Recompilation$44618$3841A$\^function\_.L:1#issueCommand(<function>:124)
	at jdk.nashorn.internal.scripts.Script$Recompilation$44618$3841A$\^function\_.L:1#issueCommand(<function>:124)
	at jdk.nashorn.internal.scripts.Script$Recompilation$44618$3841A$\^function\_.L:1#issueCommand(<function>:124)
	at jdk.nashorn.internal.scripts.Script$Recompilation$44618$3841A$\^function\_.L:1#issueCommand(<function>:124)
	at jdk.nashorn.internal.scripts.Script$Recompilation$44618$3841A$\^function\_.L:1#issueCommand(<function>:124)
	at jdk.nashorn.internal.scripts.Script$Recompilation$44618$3841A$\^function\_.L:1#issueCommand(<function>:124)
	at jdk.nashorn.internal.scripts.Script$Recompilation$44618$3841A$\^function\_.L:1#issueCommand(<function>:124)
	at jdk.nashorn.internal.scripts.Script$Recompilation$44618$3841A$\^function\_.L:1#issueCommand(<function>:124)
	at jdk.nashorn.internal.scripts.Script$Recompilation$44618$3841A$\^function\_.L:1#issueCommand(<function>:124)
	at jdk.nashorn.internal.scripts.Script$Recompilation$44618$3841A$\^function\_.L:1#issueCommand(<function>:124)
	at jdk.nashorn.internal.scripts.Script$Recompilation$44618$3841A$\^function\_.L:1#issueCommand(<function>:124)
	at jdk.nashorn.internal.scripts.Script$Recompilation$44618$3841A$\^function\_.L:1#issueCommand(<function>:124)
	at jdk.nashorn.internal.scripts.Script$Recompilation$44618$3841A$\^function\_.L:1#issueCommand(<function>:124)
	at jdk.nashorn.internal.scripts.Script$Recompilation$44618$3841A$\^function\_.L:1#issueCommand(<function>:124)
	at jdk.nashorn.internal.scripts.Script$Recompilation$44618$3841A$\^function\_.L:1#issueCommand(<function>:124)
	at jdk.nashorn.internal.scripts.Script$Recompilation$44618$3841A$\^function\_.L:1#issueCommand(<function>:124)
	at jdk.nashorn.internal.scripts.Script$Recompilation$44618$3841A$\^function\_.L:1#issueCommand(<function>:124)
	at jdk.nashorn.internal.scripts.Script$Recompilation$44618$3841A$\^function\_.L:1#issueCommand(<function>:124)
	at jdk.nashorn.internal.scripts.Script$Recompilation$44618$3841A$\^function\_.L:1#issueCommand(<function>:124)
	at jdk.nashorn.internal.scripts.Script$Recompilation$44618$3841A$\^function\_.L:1#issueCommand(<function>:124)
	at jdk.nashorn.internal.scripts.Script$Recompilation$44618$3841A$\^function\_.L:1#issueCommand(<function>:124)
	at jdk.nashorn.internal.scripts.Script$Recompilation$44618$3841A$\^function\_.L:1#issueCommand(<function>:124)
	at jdk.nashorn.internal.scripts.Script$Recompilation$44618$3841A$\^function\_.L:1#issueCommand(<function>:124)
	at jdk.nashorn.internal.scripts.Script$Recompilation$44618$3841A$\^function\_.L:1#issueCommand(<function>:124)
	at jdk.nashorn.internal.scripts.Script$Recompilation$44618$3841A$\^function\_.L:1#issueCommand(<function>:124)
	at jdk.nashorn.internal.scripts.Script$Recompilation$44618$3841A$\^function\_.L:1#issueCommand(<function>:124)
	at jdk.nashorn.internal.scripts.Script$Recompilation$44618$3841A$\^function\_.L:1#issueCommand(<function>:124)
	at jdk.nashorn.internal.scripts.Script$Recompilation$44618$3841A$\^function\_.L:1#issueCommand(<function>:124)
	at jdk.nashorn.internal.scripts.Script$Recompilation$44618$3841A$\^function\_.L:1#issueCommand(<function>:124)
	at jdk.nashorn.internal.scripts.Script$Recompilation$44618$3841A$\^function\_.L:1#issueCommand(<function>:124)
	at jdk.nashorn.internal.scripts.Script$Recompilation$44618$3841A$\^function\_.L:1#issueCommand(<function>:124)
	at jdk.nashorn.internal.scripts.Script$Recompilation$44618$3841A$\^function\_.L:1#issueCommand(<function>:124)
	at jdk.nashorn.internal.scripts.Script$Recompilation$44618$3841A$\^function\_.L:1#issueCommand(<function>:124)
	at jdk.nashorn.internal.scripts.Script$Recompilation$44618$3841A$\^function\_.L:1#issueCommand(<function>:124)
	at jdk.nashorn.internal.scripts.Script$Recompilation$44618$3841A$\^function\_.L:1#issueCommand(<function>:124)
	at jdk.nashorn.internal.scripts.Script$Recompilation$44618$3841A$\^function\_.L:1#issueCommand(<function>:124)
	at jdk.nashorn.internal.scripts.Script$Recompilation$44618$3841A$\^function\_.L:1#issueCommand(<function>:124)
	at jdk.nashorn.internal.scripts.Script$Recompilation$44618$3841A$\^function\_.L:1#issueCommand(<function>:124)
	at jdk.nashorn.internal.scripts.Script$Recompilation$44618$3841A$\^function\_.L:1#issueCommand(<function>:124)
	at jdk.nashorn.internal.scripts.Script$Recompilation$44618$3841A$\^function\_.L:1#issueCommand(<function>:124)
	at jdk.nashorn.internal.scripts.Script$Recompilation$44618$3841A$\^function\_.L:1#issueCommand(<function>:124)
	at jdk.nashorn.internal.scripts.Script$Recompilation$44618$3841A$\^function\_.L:1#issueCommand(<function>:124)
	at jdk.nashorn.internal.scripts.Script$Recompilation$44618$3841A$\^function\_.L:1#issueCommand(<function>:124)
	at jdk.nashorn.internal.scripts.Script$Recompilation$44618$3841A$\^function\_.L:1#issueCommand(<function>:124)
	at jdk.nashorn.internal.scripts.Script$Recompilation$44618$3841A$\^function\_.L:1#issueCommand(<function>:124)
	at jdk.nashorn.internal.scripts.Script$Recompilation$44618$3841A$\^function\_.L:1#issueCommand(<function>:124)
	at jdk.nashorn.internal.scripts.Script$Recompilation$44618$3841A$\^function\_.L:1#issueCommand(<function>:124)
	at jdk.nashorn.internal.scripts.Script$Recompilation$44618$3841A$\^function\_.L:1#issueCommand(<function>:124)
	at jdk.nashorn.internal.scripts.Script$Recompilation$44618$3841A$\^function\_.L:1#issueCommand(<function>:124)
	at jdk.nashorn.internal.scripts.Script$Recompilation$44618$3841A$\^function\_.L:1#issueCommand(<function>:124)
	at jdk.nashorn.internal.scripts.Script$Recompilation$44618$3841A$\^function\_.L:1#issueCommand(<function>:124)
	at jdk.nashorn.internal.scripts.Script$Recompilation$44618$3841A$\^function\_.L:1#issueCommand(<function>:124)
	at jdk.nashorn.internal.scripts.Script$Recompilation$44618$3841A$\^function\_.L:1#issueCommand(<function>:124)
	at jdk.nashorn.internal.scripts.Script$Recompilation$44618$3841A$\^function\_.L:1#issueCommand(<function>:124)
	at jdk.nashorn.internal.scripts.Script$Recompilation$44618$3841A$\^function\_.L:1#issueCommand(<function>:124)
	at jdk.nashorn.internal.scripts.Script$Recompilation$44618$3841A$\^function\_.L:1#issueCommand(<function>:124)
	at jdk.nashorn.internal.scripts.Script$Recompilation$44618$3841A$\^function\_.L:1#issueCommand(<function>:124)
	at jdk.nashorn.internal.scripts.Script$Recompilation$44618$3841A$\^function\_.L:1#issueCommand(<function>:124)
	at jdk.nashorn.internal.scripts.Script$Recompilation$44618$3841A$\^function\_.L:1#issueCommand(<function>:124)
	at jdk.nashorn.internal.scripts.Script$Recompilation$44618$3841A$\^function\_.L:1#issueCommand(<function>:124)
	at jdk.nashorn.internal.scripts.Script$Recompilation$44618$3841A$\^function\_.L:1#issueCommand(<function>:124)
	at jdk.nashorn.internal.scripts.Script$Recompilation$44618$3841A$\^function\_.L:1#issueCommand(<function>:124)
	at jdk.nashorn.internal.scripts.Script$Recompilation$44618$3841A$\^function\_.L:1#issueCommand(<function>:124)
	at jdk.nashorn.internal.scripts.Script$Recompilation$44618$3841A$\^function\_.L:1#issueCommand(<function>:124)
	at jdk.nashorn.internal.scripts.Script$Recompilation$44618$3841A$\^function\_.L:1#issueCommand(<function>:124)
	at jdk.nashorn.internal.scripts.Script$Recompilation$44618$3841A$\^function\_.L:1#issueCommand(<function>:124)
	at jdk.nashorn.internal.scripts.Script$Recompilation$44618$3841A$\^function\_.L:1#issueCommand(<function>:124)
	at jdk.nashorn.internal.scripts.Script$Recompilation$44618$3841A$\^function\_.L:1#issueCommand(<function>:124)
	at jdk.nashorn.internal.scripts.Script$Recompilation$44618$3841A$\^function\_.L:1#issueCommand(<function>:124)
	at jdk.nashorn.internal.scripts.Script$Recompilation$44618$3841A$\^function\_.L:1#issueCommand(<function>:124)
	at jdk.nashorn.internal.scripts.Script$Recompilation$44618$3841A$\^function\_.L:1#issueCommand(<function>:124)
	at jdk.nashorn.internal.scripts.Script$Recompilation$44618$3841A$\^function\_.L:1#issueCommand(<function>:124)
	at jdk.nashorn.internal.scripts.Script$Recompilation$44618$3841A$\^function\_.L:1#issueCommand(<function>:124)
	at jdk.nashorn.internal.scripts.Script$Recompilation$44618$3841A$\^function\_.L:1#issueCommand(<function>:124)
	at jdk.nashorn.internal.scripts.Script$Recompilation$44618$3841A$\^function\_.L:1#issueCommand(<function>:124)
	at jdk.nashorn.internal.scripts.Script$Recompilation$44618$3841A$\^function\_.L:1#issueCommand(<function>:124)
	at jdk.nashorn.internal.scripts.Script$Recompilation$44618$3841A$\^function\_.L:1#issueCommand(<function>:124)
	at jdk.nashorn.internal.scripts.Script$Recompilation$44618$3841A$\^function\_.L:1#issueCommand(<function>:124)
	at jdk.nashorn.internal.scripts.Script$Recompilation$44618$3841A$\^function\_.L:1#issueCommand(<function>:124)
	at jdk.nashorn.internal.scripts.Script$Recompilation$44618$3841A$\^function\_.L:1#issueCommand(<function>:124)
	at jdk.nashorn.internal.scripts.Script$Recompilation$44618$3841A$\^function\_.L:1#issueCommand(<function>:124)
	at jdk.nashorn.internal.scripts.Script$Recompilation$44618$3841A$\^function\_.L:1#issueCommand(<function>:124)
	at jdk.nashorn.internal.scripts.Script$Recompilation$44618$3841A$\^function\_.L:1#issueCommand(<function>:124)
	at jdk.nashorn.internal.scripts.Script$Recompilation$44618$3841A$\^function\_.L:1#issueCommand(<function>:124)
	at jdk.nashorn.internal.scripts.Script$Recompilation$44618$3841A$\^function\_.L:1#issueCommand(<function>:124)
	at jdk.nashorn.internal.scripts.Script$Recompilation$44618$3841A$\^function\_.L:1#issueCommand(<function>:124)
	at jdk.nashorn.internal.scripts.Script$Recompilation$44618$3841A$\^function\_.L:1#issueCommand(<function>:124)
	at jdk.nashorn.internal.scripts.Script$Recompilation$44618$3841A$\^function\_.L:1#issueCommand(<function>:124)
	at jdk.nashorn.internal.scripts.Script$Recompilation$44618$3841A$\^function\_.L:1#issueCommand(<function>:124)
	at jdk.nashorn.internal.scripts.Script$Recompilation$44618$3841A$\^function\_.L:1#issueCommand(<function>:124)
	at jdk.nashorn.internal.scripts.Script$Recompilation$44618$3841A$\^function\_.L:1#issueCommand(<function>:124)
	at jdk.nashorn.internal.scripts.Script$Recompilation$44618$3841A$\^function\_.L:1#issueCommand(<function>:124)
	at jdk.nashorn.internal.scripts.Script$Recompilation$44618$3841A$\^function\_.L:1#issueCommand(<function>:124)
	at jdk.nashorn.internal.scripts.Script$Recompilation$44618$3841A$\^function\_.L:1#issueCommand(<function>:124)
	at jdk.nashorn.internal.scripts.Script$Recompilation$44618$3841A$\^function\_.L:1#issueCommand(<function>:124)
	at jdk.nashorn.internal.scripts.Script$Recompilation$44618$3841A$\^function\_.L:1#issueCommand(<function>:124)
	at jdk.nashorn.internal.scripts.Script$Recompilation$44618$3841A$\^function\_.L:1#issueCommand(<function>:124)
	at jdk.nashorn.internal.scripts.Script$Recompilation$44618$3841A$\^function\_.L:1#issueCommand(<function>:124)
	at jdk.nashorn.internal.scripts.Script$Recompilation$44618$3841A$\^function\_.L:1#issueCommand(<function>:124)
	at jdk.nashorn.internal.scripts.Script$Recompilation$44618$3841A$\^function\_.L:1#issueCommand(<function>:124)
	at jdk.nashorn.internal.scripts.Script$Recompilation$44618$3841A$\^function\_.L:1#issueCommand(<function>:124)
	at jdk.nashorn.internal.scripts.Script$Recompilation$44618$3841A$\^function\_.L:1#issueCommand(<function>:124)
	at jdk.nashorn.internal.scripts.Script$Recompilation$44618$3841A$\^function\_.L:1#issueCommand(<function>:124)
	at jdk.nashorn.internal.scripts.Script$Recompilation$44618$3841A$\^function\_.L:1#issueCommand(<function>:124)
	at jdk.nashorn.internal.scripts.Script$Recompilation$44618$3841A$\^function\_.L:1#issueCommand(<function>:124)
	at jdk.nashorn.internal.scripts.Script$Recompilation$44618$3841A$\^function\_.L:1#issueCommand(<function>:124)
	at jdk.nashorn.internal.scripts.Script$Recompilation$44618$3841A$\^function\_.L:1#issueCommand(<function>:124)
	at jdk.nashorn.internal.scripts.Script$Recompilation$44618$3841A$\^function\_.L:1#issueCommand(<function>:124)
	at jdk.nashorn.internal.scripts.Script$Recompilation$44618$3841A$\^function\_.L:1#issueCommand(<function>:124)
	at jdk.nashorn.internal.scripts.Script$Recompilation$44618$3841A$\^function\_.L:1#issueCommand(<function>:124)
	at jdk.nashorn.internal.scripts.Script$Recompilation$44618$3841A$\^function\_.L:1#issueCommand(<function>:124)
	at jdk.nashorn.internal.scripts.Script$Recompilation$44618$3841A$\^function\_.L:1#issueCommand(<function>:124)
	at jdk.nashorn.internal.scripts.Script$Recompilation$44618$3841A$\^function\_.L:1#issueCommand(<function>:124)
	at jdk.nashorn.internal.scripts.Script$Recompilation$44618$3841A$\^function\_.L:1#issueCommand(<function>:124)
	at jdk.nashorn.internal.scripts.Script$Recompilation$44618$3841A$\^function\_.L:1#issueCommand(<function>:124)
	at jdk.nashorn.internal.scripts.Script$Recompilation$44618$3841A$\^function\_.L:1#issueCommand(<function>:124)
	at jdk.nashorn.internal.scripts.Script$Recompilation$44618$3841A$\^function\_.L:1#issueCommand(<function>:124)
	at jdk.nashorn.internal.scripts.Script$Recompilation$44618$3841A$\^function\_.L:1#issueCommand(<function>:124)
	at jdk.nashorn.internal.scripts.Script$Recompilation$44618$3841A$\^function\_.L:1#issueCommand(<function>:124)
	at jdk.nashorn.internal.scripts.Script$Recompilation$44618$3841A$\^function\_.L:1#issueCommand(<function>:124)
	at jdk.nashorn.internal.scripts.Script$Recompilation$44618$3841A$\^function\_.L:1#issueCommand(<function>:124)
	at jdk.nashorn.internal.scripts.Script$Recompilation$44618$3841A$\^function\_.L:1#issueCommand(<function>:124)
	at jdk.nashorn.internal.scripts.Script$Recompilation$44618$3841A$\^function\_.L:1#issueCommand(<function>:124)
	at jdk.nashorn.internal.scripts.Script$Recompilation$44618$3841A$\^function\_.L:1#issueCommand(<function>:124)
	at jdk.nashorn.internal.scripts.Script$Recompilation$44618$3841A$\^function\_.L:1#issueCommand(<function>:124)
	at jdk.nashorn.internal.scripts.Script$Recompilation$44618$3841A$\^function\_.L:1#issueCommand(<function>:124)
	at jdk.nashorn.internal.scripts.Script$Recompilation$44618$3841A$\^function\_.L:1#issueCommand(<function>:124)
	at jdk.nashorn.internal.scripts.Script$Recompilation$44618$3841A$\^function\_.L:1#issueCommand(<function>:124)
	at jdk.nashorn.internal.scripts.Script$Recompilation$44618$3841A$\^function\_.L:1#issueCommand(<function>:124)
	at jdk.nashorn.internal.scripts.Script$Recompilation$44618$3841A$\^function\_.L:1#issueCommand(<function>:124)
	at jdk.nashorn.internal.scripts.Script$Recompilation$44618$3841A$\^function\_.L:1#issueCommand(<function>:124)
	at jdk.nashorn.internal.scripts.Script$Recompilation$44618$3841A$\^function\_.L:1#issueCommand(<function>:124)
	at jdk.nashorn.internal.scripts.Script$Recompilation$44618$3841A$\^function\_.L:1#issueCommand(<function>:124)
	at jdk.nashorn.internal.scripts.Script$Recompilation$44618$3841A$\^function\_.L:1#issueCommand(<function>:124)
	at jdk.nashorn.internal.scripts.Script$Recompilation$44618$3841A$\^function\_.L:1#issueCommand(<function>:124)
	at jdk.nashorn.internal.scripts.Script$Recompilation$44618$3841A$\^function\_.L:1#issueCommand(<function>:124)
	at jdk.nashorn.internal.scripts.Script$Recompilation$44618$3841A$\^function\_.L:1#issueCommand(<function>:124)
	at jdk.nashorn.internal.scripts.Script$Recompilation$44618$3841A$\^function\_.L:1#issueCommand(<function>:124)
	at jdk.nashorn.internal.scripts.Script$Recompilation$44618$3841A$\^function\_.L:1#issueCommand(<function>:124)
	at jdk.nashorn.internal.scripts.Script$Recompilation$44618$3841A$\^function\_.L:1#issueCommand(<function>:124)
	at jdk.nashorn.internal.scripts.Script$Recompilation$44618$3841A$\^function\_.L:1#issueCommand(<function>:124)
	at jdk.nashorn.internal.scripts.Script$Recompilation$44618$3841A$\^function\_.L:1#issueCommand(<function>:124)
	at jdk.nashorn.internal.scripts.Script$Recompilation$44618$3841A$\^function\_.L:1#issueCommand(<function>:124)
	at jdk.nashorn.internal.scripts.Script$Recompilation$44618$3841A$\^function\_.L:1#issueCommand(<function>:124)
	at jdk.nashorn.internal.scripts.Script$Recompilation$44618$3841A$\^function\_.L:1#issueCommand(<function>:124)
	at jdk.nashorn.internal.scripts.Script$Recompilation$44618$3841A$\^function\_.L:1#issueCommand(<function>:124)
	at jdk.nashorn.internal.scripts.Script$Recompilation$44618$3841A$\^function\_.L:1#issueCommand(<function>:124)
	at jdk.nashorn.internal.scripts.Script$Recompilation$44618$3841A$\^function\_.L:1#issueCommand(<function>:124)
	at jdk.nashorn.internal.scripts.Script$Recompilation$44618$3841A$\^function\_.L:1#issueCommand(<function>:124)
	at jdk.nashorn.internal.scripts.Script$Recompilation$44618$3841A$\^function\_.L:1#issueCommand(<function>:124)
	at jdk.nashorn.internal.scripts.Script$Recompilation$44618$3841A$\^function\_.L:1#issueCommand(<function>:124)
	at jdk.nashorn.internal.scripts.Script$Recompilation$44618$3841A$\^function\_.L:1#issueCommand(<function>:124)
	at jdk.nashorn.internal.scripts.Script$Recompilation$44618$3841A$\^function\_.L:1#issueCommand(<function>:124)
	at jdk.nashorn.internal.scripts.Script$Recompilation$44618$3841A$\^function\_.L:1#issueCommand(<function>:124)
	at jdk.nashorn.internal.scripts.Script$Recompilation$44618$3841A$\^function\_.L:1#issueCommand(<function>:124)
	at jdk.nashorn.internal.scripts.Script$Recompilation$44618$3841A$\^function\_.L:1#issueCommand(<function>:124)
	at jdk.nashorn.internal.scripts.Script$Recompilation$44618$3841A$\^function\_.L:1#issueCommand(<function>:124)
	at jdk.nashorn.internal.scripts.Script$Recompilation$44618$3841A$\^function\_.L:1#issueCommand(<function>:124)
	at jdk.nashorn.internal.scripts.Script$Recompilation$44618$3841A$\^function\_.L:1#issueCommand(<function>:124)
	at jdk.nashorn.internal.scripts.Script$Recompilation$44618$3841A$\^function\_.L:1#issueCommand(<function>:124)
	at jdk.nashorn.internal.scripts.Script$Recompilation$44618$3841A$\^function\_.L:1#issueCommand(<function>:124)
	at jdk.nashorn.internal.scripts.Script$Recompilation$44618$3841A$\^function\_.L:1#issueCommand(<function>:124)
	at jdk.nashorn.internal.scripts.Script$Recompilation$44618$3841A$\^function\_.L:1#issueCommand(<function>:124)
	at jdk.nashorn.internal.scripts.Script$Recompilation$44618$3841A$\^function\_.L:1#issueCommand(<function>:124)
	at jdk.nashorn.internal.scripts.Script$Recompilation$44618$3841A$\^function\_.L:1#issueCommand(<function>:124)
	at jdk.nashorn.internal.scripts.Script$Recompilation$44618$3841A$\^function\_.L:1#issueCommand(<function>:124)
	at jdk.nashorn.internal.scripts.Script$Recompilation$44618$3841A$\^function\_.L:1#issueCommand(<function>:124)
	at jdk.nashorn.internal.scripts.Script$Recompilation$44618$3841A$\^function\_.L:1#issueCommand(<function>:124)
	at jdk.nashorn.internal.scripts.Script$Recompilation$44618$3841A$\^function\_.L:1#issueCommand(<function>:124)
	at jdk.nashorn.internal.scripts.Script$Recompilation$44618$3841A$\^function\_.L:1#issueCommand(<function>:124)
	at jdk.nashorn.internal.scripts.Script$Recompilation$44618$3841A$\^function\_.L:1#issueCommand(<function>:124)
	at jdk.nashorn.internal.scripts.Script$Recompilation$44618$3841A$\^function\_.L:1#issueCommand(<function>:124)
	at jdk.nashorn.internal.scripts.Script$Recompilation$44618$3841A$\^function\_.L:1#issueCommand(<function>:124)
	at jdk.nashorn.internal.scripts.Script$Recompilation$44618$3841A$\^function\_.L:1#issueCommand(<function>:124)
	at jdk.nashorn.internal.scripts.Script$Recompilation$44618$3841A$\^function\_.L:1#issueCommand(<function>:124)
	at jdk.nashorn.internal.scripts.Script$Recompilation$44618$3841A$\^function\_.L:1#issueCommand(<function>:124)
	at jdk.nashorn.internal.scripts.Script$Recompilation$44618$3841A$\^function\_.L:1#issueCommand(<function>:124)
	at jdk.nashorn.internal.scripts.Script$Recompilation$44618$3841A$\^function\_.L:1#issueCommand(<function>:124)
	at jdk.nashorn.internal.scripts.Script$Recompilation$44618$3841A$\^function\_.L:1#issueCommand(<function>:124)
	at jdk.nashorn.internal.scripts.Script$Recompilation$44618$3841A$\^function\_.L:1#issueCommand(<function>:124)
	at jdk.nashorn.internal.scripts.Script$Recompilation$44618$3841A$\^function\_.L:1#issueCommand(<function>:124)
	at jdk.nashorn.internal.scripts.Script$Recompilation$44618$3841A$\^function\_.L:1#issueCommand(<function>:124)
	at jdk.nashorn.internal.scripts.Script$Recompilation$44618$3841A$\^function\_.L:1#issueCommand(<function>:124)
	at jdk.nashorn.internal.scripts.Script$Recompilation$44618$3841A$\^function\_.L:1#issueCommand(<function>:124)
	at jdk.nashorn.internal.scripts.Script$Recompilation$44618$3841A$\^function\_.L:1#issueCommand(<function>:124)
	at jdk.nashorn.internal.scripts.Script$Recompilation$44618$3841A$\^function\_.L:1#issueCommand(<function>:124)
	at jdk.nashorn.internal.scripts.Script$Recompilation$44618$3841A$\^function\_.L:1#issueCommand(<function>:124)
	at jdk.nashorn.internal.scripts.Script$Recompilation$44618$3841A$\^function\_.L:1#issueCommand(<function>:124)
	at jdk.nashorn.internal.scripts.Script$Recompilation$44618$3841A$\^function\_.L:1#issueCommand(<function>:124)
	at jdk.nashorn.internal.scripts.Script$Recompilation$44618$3841A$\^function\_.L:1#issueCommand(<function>:124)
	at jdk.nashorn.internal.scripts.Script$Recompilation$44618$3841A$\^function\_.L:1#issueCommand(<function>:124)
	at jdk.nashorn.internal.scripts.Script$Recompilation$44618$3841A$\^function\_.L:1#issueCommand(<function>:124)
	at jdk.nashorn.internal.scripts.Script$Recompilation$44618$3841A$\^function\_.L:1#issueCommand(<function>:124)
	at jdk.nashorn.internal.scripts.Script$Recompilation$44618$3841A$\^function\_.L:1#issueCommand(<function>:124)
	at jdk.nashorn.internal.scripts.Script$Recompilation$44618$3841A$\^function\_.L:1#issueCommand(<function>:124)
	at jdk.nashorn.internal.scripts.Script$Recompilation$44618$3841A$\^function\_.L:1#issueCommand(<function>:124)
	at jdk.nashorn.internal.scripts.Script$Recompilation$44618$3841A$\^function\_.L:1#issueCommand(<function>:124)
	at jdk.nashorn.internal.scripts.Script$Recompilation$44618$3841A$\^function\_.L:1#issueCommand(<function>:124)
	at jdk.nashorn.internal.scripts.Script$Recompilation$44618$3841A$\^function\_.L:1#issueCommand(<function>:124)
	at jdk.nashorn.internal.scripts.Script$Recompilation$44618$3841A$\^function\_.L:1#issueCommand(<function>:124)
	at jdk.nashorn.internal.scripts.Script$Recompilation$44618$3841A$\^function\_.L:1#issueCommand(<function>:124)
	at jdk.nashorn.internal.scripts.Script$Recompilation$44618$3841A$\^function\_.L:1#issueCommand(<function>:124)
	at jdk.nashorn.internal.scripts.Script$Recompilation$44618$3841A$\^function\_.L:1#issueCommand(<function>:124)
	at jdk.nashorn.internal.scripts.Script$Recompilation$44618$3841A$\^function\_.L:1#issueCommand(<function>:124)
	at jdk.nashorn.internal.scripts.Script$Recompilation$44618$3841A$\^function\_.L:1#issueCommand(<function>:124)
	at jdk.nashorn.internal.scripts.Script$Recompilation$44618$3841A$\^function\_.L:1#issueCommand(<function>:124)
	at jdk.nashorn.internal.scripts.Script$Recompilation$44618$3841A$\^function\_.L:1#issueCommand(<function>:124)
	at jdk.nashorn.internal.scripts.Script$Recompilation$44618$3841A$\^function\_.L:1#issueCommand(<function>:124)
	at jdk.nashorn.internal.scripts.Script$Recompilation$44618$3841A$\^function\_.L:1#issueCommand(<function>:124)
	at jdk.nashorn.internal.scripts.Script$Recompilation$44618$3841A$\^function\_.L:1#issueCommand(<function>:124)
	at jdk.nashorn.internal.scripts.Script$Recompilation$44618$3841A$\^function\_.L:1#issueCommand(<function>:124)
	at jdk.nashorn.internal.scripts.Script$Recompilation$44618$3841A$\^function\_.L:1#issueCommand(<function>:124)
	at jdk.nashorn.internal.scripts.Script$Recompilation$44618$3841A$\^function\_.L:1#issueCommand(<function>:124)
	at jdk.nashorn.internal.scripts.Script$Recompilation$44618$3841A$\^function\_.L:1#issueCommand(<function>:124)
	at jdk.nashorn.internal.scripts.Script$Recompilation$44618$3841A$\^function\_.L:1#issueCommand(<function>:124)
	at jdk.nashorn.internal.scripts.Script$Recompilation$44618$3841A$\^function\_.L:1#issueCommand(<function>:124)
	at jdk.nashorn.internal.scripts.Script$Recompilation$44618$3841A$\^function\_.L:1#issueCommand(<function>:124)
	at jdk.nashorn.internal.scripts.Script$Recompilation$44618$3841A$\^function\_.L:1#issueCommand(<function>:124)
	at jdk.nashorn.internal.scripts.Script$Recompilation$44618$3841A$\^function\_.L:1#issueCommand(<function>:124)
	at jdk.nashorn.internal.scripts.Script$Recompilation$44618$3841A$\^function\_.L:1#issueCommand(<function>:124)
	at jdk.nashorn.internal.scripts.Script$Recompilation$44618$3841A$\^function\_.L:1#issueCommand(<function>:124)
	at jdk.nashorn.internal.scripts.Script$Recompilation$44618$3841A$\^function\_.L:1#issueCommand(<function>:124)
	at jdk.nashorn.internal.scripts.Script$Recompilation$44618$3841A$\^function\_.L:1#issueCommand(<function>:124)
	at jdk.nashorn.internal.scripts.Script$Recompilation$44618$3841A$\^function\_.L:1#issueCommand(<function>:124)
	at jdk.nashorn.internal.scripts.Script$Recompilation$44618$3841A$\^function\_.L:1#issueCommand(<function>:124)
	at jdk.nashorn.internal.scripts.Script$Recompilation$44618$3841A$\^function\_.L:1#issueCommand(<function>:124)
	at jdk.nashorn.internal.scripts.Script$Recompilation$44618$3841A$\^function\_.L:1#issueCommand(<function>:124)
	at jdk.nashorn.internal.scripts.Script$Recompilation$44618$3841A$\^function\_.L:1#issueCommand(<function>:124)
	at jdk.nashorn.internal.scripts.Script$Recompilation$44618$3841A$\^function\_.L:1#issueCommand(<function>:124)
	at jdk.nashorn.internal.scripts.Script$Recompilation$44618$3841A$\^function\_.L:1#issueCommand(<function>:124)
	at jdk.nashorn.internal.scripts.Script$Recompilation$44618$3841A$\^function\_.L:1#issueCommand(<function>:124)
	at jdk.nashorn.internal.scripts.Script$Recompilation$44618$3841A$\^function\_.L:1#issueCommand(<function>:124)
	at jdk.nashorn.internal.scripts.Script$Recompilation$44618$3841A$\^function\_.L:1#issueCommand(<function>:124)
	at jdk.nashorn.internal.scripts.Script$Recompilation$44618$3841A$\^function\_.L:1#issueCommand(<function>:124)
	at jdk.nashorn.internal.scripts.Script$Recompilation$44618$3841A$\^function\_.L:1#issueCommand(<function>:124)
	at jdk.nashorn.internal.scripts.Script$Recompilation$44618$3841A$\^function\_.L:1#issueCommand(<function>:124)
	at jdk.nashorn.internal.scripts.Script$Recompilation$44618$3841A$\^function\_.L:1#issueCommand(<function>:124)
	at jdk.nashorn.internal.scripts.Script$Recompilation$44618$3841A$\^function\_.L:1#issueCommand(<function>:124)
	at jdk.nashorn.internal.scripts.Script$Recompilation$44618$3841A$\^function\_.L:1#issueCommand(<function>:124)
	at jdk.nashorn.internal.scripts.Script$Recompilation$44618$3841A$\^function\_.L:1#issueCommand(<function>:124)
	at jdk.nashorn.internal.scripts.Script$Recompilation$44618$3841A$\^function\_.L:1#issueCommand(<function>:124)
	at jdk.nashorn.internal.scripts.Script$Recompilation$44618$3841A$\^function\_.L:1#issueCommand(<function>:124)
	at jdk.nashorn.internal.scripts.Script$Recompilation$44618$3841A$\^function\_.L:1#issueCommand(<function>:124)
	at jdk.nashorn.internal.scripts.Script$Recompilation$44618$3841A$\^function\_.L:1#issueCommand(<function>:124)
	at jdk.nashorn.internal.scripts.Script$Recompilation$44618$3841A$\^function\_.L:1#issueCommand(<function>:124)
	at jdk.nashorn.internal.scripts.Script$Recompilation$44618$3841A$\^function\_.L:1#issueCommand(<function>:124)
	at jdk.nashorn.internal.scripts.Script$Recompilation$44618$3841A$\^function\_.L:1#issueCommand(<function>:124)
	at jdk.nashorn.internal.scripts.Script$Recompilation$44618$3841A$\^function\_.L:1#issueCommand(<function>:124)
	at jdk.nashorn.internal.scripts.Script$Recompilation$44618$3841A$\^function\_.L:1#issueCommand(<function>:124)
	at jdk.nashorn.internal.scripts.Script$Recompilation$44618$3841A$\^function\_.L:1#issueCommand(<function>:124)
	at jdk.nashorn.internal.scripts.Script$Recompilation$44618$3841A$\^function\_.L:1#issueCommand(<function>:124)
	at jdk.nashorn.internal.scripts.Script$Recompilation$44618$3841A$\^function\_.L:1#issueCommand(<function>:124)
	at jdk.nashorn.internal.scripts.Script$Recompilation$44618$3841A$\^function\_.L:1#issueCommand(<function>:124)
	at jdk.nashorn.internal.scripts.Script$Recompilation$44618$3841A$\^function\_.L:1#issueCommand(<function>:124)
	at jdk.nashorn.internal.scripts.Script$Recompilation$44618$3841A$\^function\_.L:1#issueCommand(<function>:124)
	at jdk.nashorn.internal.scripts.Script$Recompilation$44618$3841A$\^function\_.L:1#issueCommand(<function>:124)
	at jdk.nashorn.internal.scripts.Script$Recompilation$44618$3841A$\^function\_.L:1#issueCommand(<function>:124)
	at jdk.nashorn.internal.scripts.Script$Recompilation$44618$3841A$\^function\_.L:1#issueCommand(<function>:124)
	at jdk.nashorn.internal.scripts.Script$Recompilation$44618$3841A$\^function\_.L:1#issueCommand(<function>:124)
	at jdk.nashorn.internal.scripts.Script$Recompilation$44618$3841A$\^function\_.L:1#issueCommand(<function>:124)
	at jdk.nashorn.internal.scripts.Script$Recompilation$44618$3841A$\^function\_.L:1#issueCommand(<function>:124)
	at jdk.nashorn.internal.scripts.Script$Recompilation$44618$3841A$\^function\_.L:1#issueCommand(<function>:124)
	at jdk.nashorn.internal.scripts.Script$Recompilation$44618$3841A$\^function\_.L:1#issueCommand(<function>:124)
	at jdk.nashorn.internal.scripts.Script$Recompilation$44618$3841A$\^function\_.L:1#issueCommand(<function>:124)
	at jdk.nashorn.internal.scripts.Script$Recompilation$44618$3841A$\^function\_.L:1#issueCommand(<function>:124)
	at jdk.nashorn.internal.scripts.Script$Recompilation$44618$3841A$\^function\_.L:1#issueCommand(<function>:124)
	at jdk.nashorn.internal.scripts.Script$Recompilation$44618$3841A$\^function\_.L:1#issueCommand(<function>:124)
	at jdk.nashorn.internal.scripts.Script$Recompilation$44618$3841A$\^function\_.L:1#issueCommand(<function>:124)
	at jdk.nashorn.internal.scripts.Script$Recompilation$44618$3841A$\^function\_.L:1#issueCommand(<function>:124)
	at jdk.nashorn.internal.scripts.Script$Recompilation$44618$3841A$\^function\_.L:1#issueCommand(<function>:124)
	at jdk.nashorn.internal.scripts.Script$Recompilation$44618$3841A$\^function\_.L:1#issueCommand(<function>:124)
	at jdk.nashorn.internal.scripts.Script$Recompilation$44618$3841A$\^function\_.L:1#issueCommand(<function>:124)
	at jdk.nashorn.internal.scripts.Script$Recompilation$44618$3841A$\^function\_.L:1#issueCommand(<function>:124)
	at jdk.nashorn.internal.scripts.Script$Recompilation$44618$3841A$\^function\_.L:1#issueCommand(<function>:124)
	at jdk.nashorn.internal.scripts.Script$Recompilation$44618$3841A$\^function\_.L:1#issueCommand(<function>:124)
	at jdk.nashorn.internal.scripts.Script$Recompilation$44618$3841A$\^function\_.L:1#issueCommand(<function>:124)
	at jdk.nashorn.internal.scripts.Script$Recompilation$44618$3841A$\^function\_.L:1#issueCommand(<function>:124)
	at jdk.nashorn.internal.scripts.Script$Recompilation$44618$3841A$\^function\_.L:1#issueCommand(<function>:124)
	at jdk.nashorn.internal.scripts.Script$Recompilation$44618$3841A$\^function\_.L:1#issueCommand(<function>:124)
	at jdk.nashorn.internal.scripts.Script$Recompilation$44618$3841A$\^function\_.L:1#issueCommand(<function>:124)
	at jdk.nashorn.internal.scripts.Script$Recompilation$44618$3841A$\^function\_.L:1#issueCommand(<function>:124)
	at jdk.nashorn.internal.scripts.Script$Recompilation$44618$3841A$\^function\_.L:1#issueCommand(<function>:124)
	at jdk.nashorn.internal.scripts.Script$Recompilation$44618$3841A$\^function\_.L:1#issueCommand(<function>:124)
	at jdk.nashorn.internal.scripts.Script$Recompilation$44618$3841A$\^function\_.L:1#issueCommand(<function>:124)
	at jdk.nashorn.internal.scripts.Script$Recompilation$44618$3841A$\^function\_.L:1#issueCommand(<function>:124)
	at jdk.nashorn.internal.scripts.Script$Recompilation$44618$3841A$\^function\_.L:1#issueCommand(<function>:124)
	at jdk.nashorn.internal.scripts.Script$Recompilation$44618$3841A$\^function\_.L:1#issueCommand(<function>:124)
	at jdk.nashorn.internal.scripts.Script$Recompilation$44618$3841A$\^function\_.L:1#issueCommand(<function>:124)
	at jdk.nashorn.internal.scripts.Script$Recompilation$44618$3841A$\^function\_.L:1#issueCommand(<function>:124)
	at jdk.nashorn.internal.scripts.Script$Recompilation$44618$3841A$\^function\_.L:1#issueCommand(<function>:124)
	at jdk.nashorn.internal.scripts.Script$Recompilation$44618$3841A$\^function\_.L:1#issueCommand(<function>:124)
	at jdk.nashorn.internal.scripts.Script$Recompilation$44618$3841A$\^function\_.L:1#issueCommand(<function>:124)
	at jdk.nashorn.internal.scripts.Script$Recompilation$44618$3841A$\^function\_.L:1#issueCommand(<function>:124)
	at jdk.nashorn.internal.scripts.Script$Recompilation$44618$3841A$\^function\_.L:1#issueCommand(<function>:124)
	at jdk.nashorn.internal.scripts.Script$Recompilation$44618$3841A$\^function\_.L:1#issueCommand(<function>:124)
	at jdk.nashorn.internal.scripts.Script$Recompilation$44618$3841A$\^function\_.L:1#issueCommand(<function>:124)
	at jdk.nashorn.internal.scripts.Script$Recompilation$44618$3841A$\^function\_.L:1#issueCommand(<function>:124)
	at jdk.nashorn.internal.scripts.Script$Recompilation$44618$3841A$\^function\_.L:1#issueCommand(<function>:124)
	at jdk.nashorn.internal.scripts.Script$Recompilation$44618$3841A$\^function\_.L:1#issueCommand(<function>:124)
	at jdk.nashorn.internal.scripts.Script$Recompilation$44618$3841A$\^function\_.L:1#issueCommand(<function>:124)
	at jdk.nashorn.internal.scripts.Script$Recompilation$44618$3841A$\^function\_.L:1#issueCommand(<function>:124)
	at jdk.nashorn.internal.scripts.Script$Recompilation$44618$3841A$\^function\_.L:1#issueCommand(<function>:124)
	at jdk.nashorn.internal.scripts.Script$Recompilation$44618$3841A$\^function\_.L:1#issueCommand(<function>:124)
	at jdk.nashorn.internal.scripts.Script$Recompilation$44618$3841A$\^function\_.L:1#issueCommand(<function>:124)
	at jdk.nashorn.internal.scripts.Script$Recompilation$44618$3841A$\^function\_.L:1#issueCommand(<function>:124)
	at jdk.nashorn.internal.scripts.Script$Recompilation$44618$3841A$\^function\_.L:1#issueCommand(<function>:124)
	at jdk.nashorn.internal.scripts.Script$Recompilation$44618$3841A$\^function\_.L:1#issueCommand(<function>:124)
	at jdk.nashorn.internal.scripts.Script$Recompilation$44618$3841A$\^function\_.L:1#issueCommand(<function>:124)
	at jdk.nashorn.internal.scripts.Script$Recompilation$44618$3841A$\^function\_.L:1#issueCommand(<function>:124)
	at jdk.nashorn.internal.scripts.Script$Recompilation$44618$3841A$\^function\_.L:1#issueCommand(<function>:124)
	at jdk.nashorn.internal.scripts.Script$Recompilation$44618$3841A$\^function\_.L:1#issueCommand(<function>:124)
	at jdk.nashorn.internal.scripts.Script$Recompilation$44618$3841A$\^function\_.L:1#issueCommand(<function>:124)
	at jdk.nashorn.internal.scripts.Script$Recompilation$44618$3841A$\^function\_.L:1#issueCommand(<function>:124)
	at jdk.nashorn.internal.scripts.Script$Recompilation$44618$3841A$\^function\_.L:1#issueCommand(<function>:124)
	at jdk.nashorn.internal.scripts.Script$Recompilation$44618$3841A$\^function\_.L:1#issueCommand(<function>:124)
	at jdk.nashorn.internal.scripts.Script$Recompilation$44618$3841A$\^function\_.L:1#issueCommand(<function>:124)
	at jdk.nashorn.internal.scripts.Script$Recompilation$44618$3841A$\^function\_.L:1#issueCommand(<function>:124)
	at jdk.nashorn.internal.scripts.Script$Recompilation$44618$3841A$\^function\_.L:1#issueCommand(<function>:124)
	at jdk.nashorn.internal.scripts.Script$Recompilation$44618$3841A$\^function\_.L:1#issueCommand(<function>:124)
	at jdk.nashorn.internal.scripts.Script$Recompilation$44618$3841A$\^function\_.L:1#issueCommand(<function>:124)
	at jdk.nashorn.internal.scripts.Script$Recompilation$44618$3841A$\^function\_.L:1#issueCommand(<function>:124)
	at jdk.nashorn.internal.scripts.Script$Recompilation$44618$3841A$\^function\_.L:1#issueCommand(<function>:124)
	at jdk.nashorn.internal.scripts.Script$Recompilation$44618$3841A$\^function\_.L:1#issueCommand(<function>:124)
	at jdk.nashorn.internal.scripts.Script$Recompilation$44618$3841A$\^function\_.L:1#issueCommand(<function>:124)
	at jdk.nashorn.internal.scripts.Script$Recompilation$44618$3841A$\^function\_.L:1#issueCommand(<function>:124)
	at jdk.nashorn.internal.scripts.Script$Recompilation$44618$3841A$\^function\_.L:1#issueCommand(<function>:124)
	at jdk.nashorn.internal.scripts.Script$Recompilation$44618$3841A$\^function\_.L:1#issueCommand(<function>:124)
	at jdk.nashorn.internal.scripts.Script$Recompilation$44618$3841A$\^function\_.L:1#issueCommand(<function>:124)
	at jdk.nashorn.internal.scripts.Script$Recompilation$44618$3841A$\^function\_.L:1#issueCommand(<function>:124)
	at jdk.nashorn.internal.scripts.Script$Recompilation$44618$3841A$\^function\_.L:1#issueCommand(<function>:124)
	at jdk.nashorn.internal.scripts.Script$Recompilation$44618$3841A$\^function\_.L:1#issueCommand(<function>:124)
	at jdk.nashorn.internal.scripts.Script$Recompilation$44618$3841A$\^function\_.L:1#issueCommand(<function>:124)
	at jdk.nashorn.internal.scripts.Script$Recompilation$44618$3841A$\^function\_.L:1#issueCommand(<function>:124)
	at jdk.nashorn.internal.scripts.Script$Recompilation$44618$3841A$\^function\_.L:1#issueCommand(<function>:124)
	at jdk.nashorn.internal.scripts.Script$Recompilation$44618$3841A$\^function\_.L:1#issueCommand(<function>:124)
	at jdk.nashorn.internal.scripts.Script$Recompilation$44618$3841A$\^function\_.L:1#issueCommand(<function>:124)
	at jdk.nashorn.internal.scripts.Script$Recompilation$44618$3841A$\^function\_.L:1#issueCommand(<function>:124)
	at jdk.nashorn.internal.scripts.Script$Recompilation$44618$3841A$\^function\_.L:1#issueCommand(<function>:124)
	at jdk.nashorn.internal.scripts.Script$Recompilation$44618$3841A$\^function\_.L:1#issueCommand(<function>:124)
	at jdk.nashorn.internal.scripts.Script$Recompilation$44618$3841A$\^function\_.L:1#issueCommand(<function>:124)
	at jdk.nashorn.internal.scripts.Script$Recompilation$44618$3841A$\^function\_.L:1#issueCommand(<function>:124)
	at jdk.nashorn.internal.scripts.Script$Recompilation$44618$3841A$\^function\_.L:1#issueCommand(<function>:124)
	at jdk.nashorn.internal.scripts.Script$Recompilation$44618$3841A$\^function\_.L:1#issueCommand(<function>:124)
	at jdk.nashorn.internal.scripts.Script$Recompilation$44618$3841A$\^function\_.L:1#issueCommand(<function>:124)
	at jdk.nashorn.internal.scripts.Script$Recompilation$44618$3841A$\^function\_.L:1#issueCommand(<function>:124)
	at jdk.nashorn.internal.scripts.Script$Recompilation$44618$3841A$\^function\_.L:1#issueCommand(<function>:124)
	at jdk.nashorn.internal.scripts.Script$Recompilation$44618$3841A$\^function\_.L:1#issueCommand(<function>:124)
	at jdk.nashorn.internal.scripts.Script$Recompilation$44618$3841A$\^function\_.L:1#issueCommand(<function>:124)
	at jdk.nashorn.internal.scripts.Script$Recompilation$44618$3841A$\^function\_.L:1#issueCommand(<function>:124)
	at jdk.nashorn.internal.scripts.Script$Recompilation$44618$3841A$\^function\_.L:1#issueCommand(<function>:124)
	at jdk.nashorn.internal.scripts.Script$Recompilation$44618$3841A$\^function\_.L:1#issueCommand(<function>:124)
	at jdk.nashorn.internal.scripts.Script$Recompilation$44618$3841A$\^function\_.L:1#issueCommand(<function>:124)
	at jdk.nashorn.internal.scripts.Script$Recompilation$44618$3841A$\^function\_.L:1#issueCommand(<function>:124)
	at jdk.nashorn.internal.scripts.Script$Recompilation$44618$3841A$\^function\_.L:1#issueCommand(<function>:124)
	at jdk.nashorn.internal.scripts.Script$Recompilation$44618$3841A$\^function\_.L:1#issueCommand(<function>:124)
	at jdk.nashorn.internal.scripts.Script$Recompilation$44618$3841A$\^function\_.L:1#issueCommand(<function>:124)
	at jdk.nashorn.internal.scripts.Script$Recompilation$44618$3841A$\^function\_.L:1#issueCommand(<function>:124)
	at jdk.nashorn.internal.scripts.Script$Recompilation$44618$3841A$\^function\_.L:1#issueCommand(<function>:124)
	at jdk.nashorn.internal.scripts.Script$Recompilation$44618$3841A$\^function\_.L:1#issueCommand(<function>:124)
	at jdk.nashorn.internal.scripts.Script$Recompilation$44618$3841A$\^function\_.L:1#issueCommand(<function>:124)
	at jdk.nashorn.internal.scripts.Script$Recompilation$44618$3841A$\^function\_.L:1#issueCommand(<function>:124)
	at jdk.nashorn.internal.scripts.Script$Recompilation$44618$3841A$\^function\_.L:1#issueCommand(<function>:124)
	at jdk.nashorn.internal.scripts.Script$Recompilation$44618$3841A$\^function\_.L:1#issueCommand(<function>:124)
	at jdk.nashorn.internal.scripts.Script$Recompilation$44618$3841A$\^function\_.L:1#issueCommand(<function>:124)
	at jdk.nashorn.internal.scripts.Script$Recompilation$44618$3841A$\^function\_.L:1#issueCommand(<function>:124)
	at jdk.nashorn.internal.scripts.Script$Recompilation$44618$3841A$\^function\_.L:1#issueCommand(<function>:124)
	at jdk.nashorn.internal.scripts.Script$Recompilation$44618$3841A$\^function\_.L:1#issueCommand(<function>:124)
	at jdk.nashorn.internal.scripts.Script$Recompilation$44618$3841A$\^function\_.L:1#issueCommand(<function>:124)
	at jdk.nashorn.internal.scripts.Script$Recompilation$44618$3841A$\^function\_.L:1#issueCommand(<function>:124)
	at jdk.nashorn.internal.scripts.Script$Recompilation$44618$3841A$\^function\_.L:1#issueCommand(<function>:124)
	at jdk.nashorn.internal.scripts.Script$Recompilation$44618$3841A$\^function\_.L:1#issueCommand(<function>:124)
	at jdk.nashorn.internal.scripts.Script$Recompilation$44618$3841A$\^function\_.L:1#issueCommand(<function>:124)
	at jdk.nashorn.internal.scripts.Script$Recompilation$44618$3841A$\^function\_.L:1#issueCommand(<function>:124)
	at jdk.nashorn.internal.scripts.Script$Recompilation$44618$3841A$\^function\_.L:1#issueCommand(<function>:124)
	at jdk.nashorn.internal.scripts.Script$Recompilation$44618$3841A$\^function\_.L:1#issueCommand(<function>:124)
	at jdk.nashorn.internal.scripts.Script$Recompilation$44618$3841A$\^function\_.L:1#issueCommand(<function>:124)
	at jdk.nashorn.internal.scripts.Script$Recompilation$44618$3841A$\^function\_.L:1#issueCommand(<function>:124)
	at jdk.nashorn.internal.scripts.Script$Recompilation$44618$3841A$\^function\_.L:1#issueCommand(<function>:124)
	at jdk.nashorn.internal.scripts.Script$Recompilation$44618$3841A$\^function\_.L:1#issueCommand(<function>:124)
	at jdk.nashorn.internal.scripts.Script$Recompilation$44618$3841A$\^function\_.L:1#issueCommand(<function>:124)
	at jdk.nashorn.internal.scripts.Script$Recompilation$44618$3841A$\^function\_.L:1#issueCommand(<function>:124)
	at jdk.nashorn.internal.scripts.Script$Recompilation$44618$3841A$\^function\_.L:1#issueCommand(<function>:124)
	at jdk.nashorn.internal.scripts.Script$Recompilation$44618$3841A$\^function\_.L:1#issueCommand(<function>:124)
	at jdk.nashorn.internal.scripts.Script$Recompilation$44618$3841A$\^function\_.L:1#issueCommand(<function>:124)
	at jdk.nashorn.internal.scripts.Script$Recompilation$44618$3841A$\^function\_.L:1#issueCommand(<function>:124)
	at jdk.nashorn.internal.scripts.Script$Recompilation$44618$3841A$\^function\_.L:1#issueCommand(<function>:124)
	at jdk.nashorn.internal.scripts.Script$Recompilation$44618$3841A$\^function\_.L:1#issueCommand(<function>:124)
	at jdk.nashorn.internal.scripts.Script$Recompilation$44618$3841A$\^function\_.L:1#issueCommand(<function>:124)
	at jdk.nashorn.internal.scripts.Script$Recompilation$44618$3841A$\^function\_.L:1#issueCommand(<function>:124)
	at jdk.nashorn.internal.scripts.Script$Recompilation$44618$3841A$\^function\_.L:1#issueCommand(<function>:124)
	at jdk.nashorn.internal.scripts.Script$Recompilation$44618$3841A$\^function\_.L:1#issueCommand(<function>:124)
	at jdk.nashorn.internal.scripts.Script$Recompilation$44618$3841A$\^function\_.L:1#issueCommand(<function>:124)
	at jdk.nashorn.internal.scripts.Script$Recompilation$44618$3841A$\^function\_.L:1#issueCommand(<function>:124)
	at jdk.nashorn.internal.scripts.Script$Recompilation$44618$3841A$\^function\_.L:1#issueCommand(<function>:124)
	at jdk.nashorn.internal.scripts.Script$Recompilation$44618$3841A$\^function\_.L:1#issueCommand(<function>:124)
	at jdk.nashorn.internal.scripts.Script$Recompilation$44618$3841A$\^function\_.L:1#issueCommand(<function>:124)
	at jdk.nashorn.internal.scripts.Script$Recompilation$44618$3841A$\^function\_.L:1#issueCommand(<function>:124)
	at jdk.nashorn.internal.scripts.Script$Recompilation$44618$3841A$\^function\_.L:1#issueCommand(<function>:124)
	at jdk.nashorn.internal.scripts.Script$Recompilation$44618$3841A$\^function\_.L:1#issueCommand(<function>:124)
	at jdk.nashorn.internal.scripts.Script$Recompilation$44618$3841A$\^function\_.L:1#issueCommand(<function>:124)
	at jdk.nashorn.internal.scripts.Script$Recompilation$44618$3841A$\^function\_.L:1#issueCommand(<function>:124)
	at jdk.nashorn.internal.scripts.Script$Recompilation$44618$3841A$\^function\_.L:1#issueCommand(<function>:124)
	at jdk.nashorn.internal.scripts.Script$Recompilation$44618$3841A$\^function\_.L:1#issueCommand(<function>:124)
	at jdk.nashorn.internal.scripts.Script$Recompilation$44618$3841A$\^function\_.L:1#issueCommand(<function>:124)
	at jdk.nashorn.internal.scripts.Script$Recompilation$44618$3841A$\^function\_.L:1#issueCommand(<function>:124)
	at jdk.nashorn.internal.scripts.Script$Recompilation$44618$3841A$\^function\_.L:1#issueCommand(<function>:124)
	at jdk.nashorn.internal.scripts.Script$Recompilation$44618$3841A$\^function\_.L:1#issueCommand(<function>:124)
	at jdk.nashorn.internal.scripts.Script$Recompilation$44618$3841A$\^function\_.L:1#issueCommand(<function>:124)
	at jdk.nashorn.internal.scripts.Script$Recompilation$44618$3841A$\^function\_.L:1#issueCommand(<function>:124)
	at jdk.nashorn.internal.scripts.Script$Recompilation$44618$3841A$\^function\_.L:1#issueCommand(<function>:124)
	at jdk.nashorn.internal.scripts.Script$Recompilation$44618$3841A$\^function\_.L:1#issueCommand(<function>:124)
	at jdk.nashorn.internal.scripts.Script$Recompilation$44618$3841A$\^function\_.L:1#issueCommand(<function>:124)
	at jdk.nashorn.internal.scripts.Script$Recompilation$44618$3841A$\^function\_.L:1#issueCommand(<function>:124)
	at jdk.nashorn.internal.scripts.Script$Recompilation$44618$3841A$\^function\_.L:1#issueCommand(<function>:124)
	at jdk.nashorn.internal.scripts.Script$Recompilation$44618$3841A$\^function\_.L:1#issueCommand(<function>:124)
	at jdk.nashorn.internal.scripts.Script$Recompilation$44618$3841A$\^function\_.L:1#issueCommand(<function>:124)
	at jdk.nashorn.internal.scripts.Script$Recompilation$44618$3841A$\^function\_.L:1#issueCommand(<function>:124)
	at jdk.nashorn.internal.scripts.Script$Recompilation$44618$3841A$\^function\_.L:1#issueCommand(<function>:124)
	at jdk.nashorn.internal.scripts.Script$Recompilation$44618$3841A$\^function\_.L:1#issueCommand(<function>:124)
	at jdk.nashorn.internal.scripts.Script$Recompilation$44618$3841A$\^function\_.L:1#issueCommand(<function>:124)
	at jdk.nashorn.internal.scripts.Script$Recompilation$44618$3841A$\^function\_.L:1#issueCommand(<function>:124)
	at jdk.nashorn.internal.scripts.Script$Recompilation$44618$3841A$\^function\_.L:1#issueCommand(<function>:124)
	at jdk.nashorn.internal.scripts.Script$Recompilation$44618$3841A$\^function\_.L:1#issueCommand(<function>:124)
	at jdk.nashorn.internal.scripts.Script$Recompilation$44618$3841A$\^function\_.L:1#issueCommand(<function>:124)
	at jdk.nashorn.internal.scripts.Script$Recompilation$44618$3841A$\^function\_.L:1#issueCommand(<function>:124)
	at jdk.nashorn.internal.scripts.Script$Recompilation$44618$3841A$\^function\_.L:1#issueCommand(<function>:124)
	at jdk.nashorn.internal.scripts.Script$Recompilation$44618$3841A$\^function\_.L:1#issueCommand(<function>:124)
	at jdk.nashorn.internal.scripts.Script$Recompilation$44618$3841A$\^function\_.L:1#issueCommand(<function>:124)
	at jdk.nashorn.internal.scripts.Script$Recompilation$44618$3841A$\^function\_.L:1#issueCommand(<function>:124)
	at jdk.nashorn.internal.scripts.Script$Recompilation$44618$3841A$\^function\_.L:1#issueCommand(<function>:124)
	at jdk.nashorn.internal.scripts.Script$Recompilation$44618$3841A$\^function\_.L:1#issueCommand(<function>:124)
	at jdk.nashorn.internal.scripts.Script$Recompilation$44618$3841A$\^function\_.L:1#issueCommand(<function>:124)
	at jdk.nashorn.internal.scripts.Script$Recompilation$44618$3841A$\^function\_.L:1#issueCommand(<function>:124)
	at jdk.nashorn.internal.scripts.Script$Recompilation$44618$3841A$\^function\_.L:1#issueCommand(<function>:124)
	at jdk.nashorn.internal.scripts.Script$Recompilation$44618$3841A$\^function\_.L:1#issueCommand(<function>:124)
	at jdk.nashorn.internal.scripts.Script$Recompilation$44618$3841A$\^function\_.L:1#issueCommand(<function>:124)
	at jdk.nashorn.internal.scripts.Script$Recompilation$44618$3841A$\^function\_.L:1#issueCommand(<function>:124)
	at jdk.nashorn.internal.scripts.Script$Recompilation$44618$3841A$\^function\_.L:1#issueCommand(<function>:124)
	at jdk.nashorn.internal.scripts.Script$Recompilation$44618$3841A$\^function\_.L:1#issueCommand(<function>:124)
	at jdk.nashorn.internal.scripts.Script$Recompilation$44618$3841A$\^function\_.L:1#issueCommand(<function>:124)
	at jdk.nashorn.internal.scripts.Script$Recompilation$44618$3841A$\^function\_.L:1#issueCommand(<function>:124)
	at jdk.nashorn.internal.scripts.Script$Recompilation$44618$3841A$\^function\_.L:1#issueCommand(<function>:124)
	at jdk.nashorn.internal.scripts.Script$Recompilation$44618$3841A$\^function\_.L:1#issueCommand(<function>:124)
	at jdk.nashorn.internal.scripts.Script$Recompilation$44618$3841A$\^function\_.L:1#issueCommand(<function>:124)
	at jdk.nashorn.internal.scripts.Script$Recompilation$44618$3841A$\^function\_.L:1#issueCommand(<function>:124)
	at jdk.nashorn.internal.scripts.Script$Recompilation$44618$3841A$\^function\_.L:1#issueCommand(<function>:124)
	at jdk.nashorn.internal.scripts.Script$Recompilation$44618$3841A$\^function\_.L:1#issueCommand(<function>:124)
	at jdk.nashorn.internal.scripts.Script$Recompilation$44618$3841A$\^function\_.L:1#issueCommand(<function>:124)
	at jdk.nashorn.internal.scripts.Script$Recompilation$44618$3841A$\^function\_.L:1#issueCommand(<function>:124)
	at jdk.nashorn.internal.scripts.Script$Recompilation$44618$3841A$\^function\_.L:1#issueCommand(<function>:124)
	at jdk.nashorn.internal.scripts.Script$Recompilation$44618$3841A$\^function\_.L:1#issueCommand(<function>:124)
	at jdk.nashorn.internal.scripts.Script$Recompilation$44618$3841A$\^function\_.L:1#issueCommand(<function>:124)
	at jdk.nashorn.internal.scripts.Script$Recompilation$44618$3841A$\^function\_.L:1#issueCommand(<function>:124)
	at jdk.nashorn.internal.scripts.Script$Recompilation$44618$3841A$\^function\_.L:1#issueCommand(<function>:124)
	at jdk.nashorn.internal.scripts.Script$Recompilation$44618$3841A$\^function\_.L:1#issueCommand(<function>:124)
	at jdk.nashorn.internal.scripts.Script$Recompilation$44618$3841A$\^function\_.L:1#issueCommand(<function>:124)
	at jdk.nashorn.internal.scripts.Script$Recompilation$44618$3841A$\^function\_.L:1#issueCommand(<function>:124)
	at jdk.nashorn.internal.scripts.Script$Recompilation$44618$3841A$\^function\_.L:1#issueCommand(<function>:124)
	at jdk.nashorn.internal.scripts.Script$Recompilation$44618$3841A$\^function\_.L:1#issueCommand(<function>:124)
	at jdk.nashorn.internal.scripts.Script$Recompilation$44618$3841A$\^function\_.L:1#issueCommand(<function>:124)
	at jdk.nashorn.internal.scripts.Script$Recompilation$44618$3841A$\^function\_.L:1#issueCommand(<function>:124)
	at jdk.nashorn.internal.scripts.Script$Recompilation$44618$3841A$\^function\_.L:1#issueCommand(<function>:124)
	at jdk.nashorn.internal.scripts.Script$Recompilation$44618$3841A$\^function\_.L:1#issueCommand(<function>:124)
	at jdk.nashorn.internal.scripts.Script$Recompilation$44618$3841A$\^function\_.L:1#issueCommand(<function>:124)
	at jdk.nashorn.internal.scripts.Script$Recompilation$44618$3841A$\^function\_.L:1#issueCommand(<function>:124)
	at jdk.nashorn.internal.scripts.Script$Recompilation$44618$3841A$\^function\_.L:1#issueCommand(<function>:124)
	at jdk.nashorn.internal.scripts.Script$Recompilation$44618$3841A$\^function\_.L:1#issueCommand(<function>:124)
	at jdk.nashorn.internal.scripts.Script$Recompilation$44618$3841A$\^function\_.L:1#issueCommand(<function>:124)
	at jdk.nashorn.internal.scripts.Script$Recompilation$44618$3841A$\^function\_.L:1#issueCommand(<function>:124)
	at jdk.nashorn.internal.scripts.Script$Recompilation$44618$3841A$\^function\_.L:1#issueCommand(<function>:124)
	at jdk.nashorn.internal.scripts.Script$Recompilation$44618$3841A$\^function\_.L:1#issueCommand(<function>:124)
	at jdk.nashorn.internal.scripts.Script$Recompilation$44618$3841A$\^function\_.L:1#issueCommand(<function>:124)
	at jdk.nashorn.internal.scripts.Script$Recompilation$44618$3841A$\^function\_.L:1#issueCommand(<function>:124)
	at jdk.nashorn.internal.scripts.Script$Recompilation$44618$3841A$\^function\_.L:1#issueCommand(<function>:124)
	at jdk.nashorn.internal.scripts.Script$Recompilation$44618$3841A$\^function\_.L:1#issueCommand(<function>:124)
	at jdk.nashorn.internal.scripts.Script$Recompilation$44618$3841A$\^function\_.L:1#issueCommand(<function>:124)
	at jdk.nashorn.internal.scripts.Script$Recompilation$44618$3841A$\^function\_.L:1#issueCommand(<function>:124)
	at jdk.nashorn.internal.scripts.Script$Recompilation$44618$3841A$\^function\_.L:1#issueCommand(<function>:124)
	at jdk.nashorn.internal.scripts.Script$Recompilation$44618$3841A$\^function\_.L:1#issueCommand(<function>:124)
	at jdk.nashorn.internal.scripts.Script$Recompilation$44618$3841A$\^function\_.L:1#issueCommand(<function>:124)
	at jdk.nashorn.internal.scripts.Script$Recompilation$44618$3841A$\^function\_.L:1#issueCommand(<function>:124)
	at jdk.nashorn.internal.scripts.Script$Recompilation$44618$3841A$\^function\_.L:1#issueCommand(<function>:124)
	at jdk.nashorn.internal.scripts.Script$Recompilation$44618$3841A$\^function\_.L:1#issueCommand(<function>:124)
	at jdk.nashorn.internal.scripts.Script$Recompilation$44618$3841A$\^function\_.L:1#issueCommand(<function>:124)
	at jdk.nashorn.internal.scripts.Script$Recompilation$44618$3841A$\^function\_.L:1#issueCommand(<function>:124)
	at jdk.nashorn.internal.scripts.Script$Recompilation$44618$3841A$\^function\_.L:1#issueCommand(<function>:124)
	at jdk.nashorn.internal.scripts.Script$Recompilation$44618$3841A$\^function\_.L:1#issueCommand(<function>:124)
	at jdk.nashorn.internal.scripts.Script$Recompilation$44618$3841A$\^function\_.L:1#issueCommand(<function>:124)
	at jdk.nashorn.internal.scripts.Script$Recompilation$44618$3841A$\^function\_.L:1#issueCommand(<function>:124)
	at jdk.nashorn.internal.scripts.Script$Recompilation$44618$3841A$\^function\_.L:1#issueCommand(<function>:124)
	at jdk.nashorn.internal.scripts.Script$Recompilation$44618$3841A$\^function\_.L:1#issueCommand(<function>:124)
	at jdk.nashorn.internal.scripts.Script$Recompilation$44618$3841A$\^function\_.L:1#issueCommand(<function>:124)
	at jdk.nashorn.internal.scripts.Script$Recompilation$44618$3841A$\^function\_.L:1#issueCommand(<function>:124)
	at jdk.nashorn.internal.scripts.Script$Recompilation$44618$3841A$\^function\_.L:1#issueCommand(<function>:124)
	at jdk.nashorn.internal.scripts.Script$Recompilation$44618$3841A$\^function\_.L:1#issueCommand(<function>:124)
	at jdk.nashorn.internal.scripts.Script$Recompilation$44618$3841A$\^function\_.L:1#issueCommand(<function>:124)
	at jdk.nashorn.internal.scripts.Script$Recompilation$44618$3841A$\^function\_.L:1#issueCommand(<function>:124)
	at jdk.nashorn.internal.scripts.Script$Recompilation$44618$3841A$\^function\_.L:1#issueCommand(<function>:124)
	at jdk.nashorn.internal.scripts.Script$Recompilation$44618$3841A$\^function\_.L:1#issueCommand(<function>:124)
	at jdk.nashorn.internal.scripts.Script$Recompilation$44618$3841A$\^function\_.L:1#issueCommand(<function>:124)
	at jdk.nashorn.internal.scripts.Script$Recompilation$44618$3841A$\^function\_.L:1#issueCommand(<function>:124)
	at jdk.nashorn.internal.scripts.Script$Recompilation$44618$3841A$\^function\_.L:1#issueCommand(<function>:124)
	at jdk.nashorn.internal.scripts.Script$Recompilation$44618$3841A$\^function\_.L:1#issueCommand(<function>:124)
	at jdk.nashorn.internal.scripts.Script$Recompilation$44618$3841A$\^function\_.L:1#issueCommand(<function>:124)
	at jdk.nashorn.internal.scripts.Script$Recompilation$44618$3841A$\^function\_.L:1#issueCommand(<function>:124)
	at jdk.nashorn.internal.scripts.Script$Recompilation$44618$3841A$\^function\_.L:1#issueCommand(<function>:124)
	at jdk.nashorn.internal.scripts.Script$Recompilation$44618$3841A$\^function\_.L:1#issueCommand(<function>:124)
	at jdk.nashorn.internal.scripts.Script$Recompilation$44618$3841A$\^function\_.L:1#issueCommand(<function>:124)
	at jdk.nashorn.internal.scripts.Script$Recompilation$44618$3841A$\^function\_.L:1#issueCommand(<function>:124)
	at jdk.nashorn.internal.scripts.Script$Recompilation$44618$3841A$\^function\_.L:1#issueCommand(<function>:124)
	at jdk.nashorn.internal.scripts.Script$Recompilation$44618$3841A$\^function\_.L:1#issueCommand(<function>:124)
	at jdk.nashorn.internal.scripts.Script$Recompilation$44618$3841A$\^function\_.L:1#issueCommand(<function>:124)
	at jdk.nashorn.internal.scripts.Script$Recompilation$44618$3841A$\^function\_.L:1#issueCommand(<function>:124)
	at jdk.nashorn.internal.scripts.Script$Recompilation$44618$3841A$\^function\_.L:1#issueCommand(<function>:124)
	at jdk.nashorn.internal.scripts.Script$Recompilation$44618$3841A$\^function\_.L:1#issueCommand(<function>:124)
	at jdk.nashorn.internal.scripts.Script$Recompilation$44618$3841A$\^function\_.L:1#issueCommand(<function>:124)
	at jdk.nashorn.internal.scripts.Script$Recompilation$44618$3841A$\^function\_.L:1#issueCommand(<function>:124)
	at jdk.nashorn.internal.scripts.Script$Recompilation$44618$3841A$\^function\_.L:1#issueCommand(<function>:124)
	at jdk.nashorn.internal.scripts.Script$Recompilation$44618$3841A$\^function\_.L:1#issueCommand(<function>:124)
	at jdk.nashorn.internal.scripts.Script$Recompilation$44618$3841A$\^function\_.L:1#issueCommand(<function>:124)
	at jdk.nashorn.internal.scripts.Script$Recompilation$44618$3841A$\^function\_.L:1#issueCommand(<function>:124)
	at jdk.nashorn.internal.scripts.Script$Recompilation$44618$3841A$\^function\_.L:1#issueCommand(<function>:124)
	at jdk.nashorn.internal.scripts.Script$Recompilation$44618$3841A$\^function\_.L:1#issueCommand(<function>:124)
	at jdk.nashorn.internal.scripts.Script$Recompilation$44618$3841A$\^function\_.L:1#issueCommand(<function>:124)
	at jdk.nashorn.internal.scripts.Script$Recompilation$44618$3841A$\^function\_.L:1#issueCommand(<function>:124)
	at jdk.nashorn.internal.scripts.Script$Recompilation$44618$3841A$\^function\_.L:1#issueCommand(<function>:124)
	at jdk.nashorn.internal.scripts.Script$Recompilation$44618$3841A$\^function\_.L:1#issueCommand(<function>:124)
	at jdk.nashorn.internal.scripts.Script$Recompilation$44618$3841A$\^function\_.L:1#issueCommand(<function>:124)
	at jdk.nashorn.internal.scripts.Script$Recompilation$44618$3841A$\^function\_.L:1#issueCommand(<function>:124)
	at jdk.nashorn.internal.scripts.Script$Recompilation$44618$3841A$\^function\_.L:1#issueCommand(<function>:124)
	at jdk.nashorn.internal.scripts.Script$Recompilation$44618$3841A$\^function\_.L:1#issueCommand(<function>:124)
	at jdk.nashorn.internal.scripts.Script$Recompilation$44618$3841A$\^function\_.L:1#issueCommand(<function>:124)
	at jdk.nashorn.internal.scripts.Script$Recompilation$44618$3841A$\^function\_.L:1#issueCommand(<function>:124)
	at jdk.nashorn.internal.scripts.Script$Recompilation$44618$3841A$\^function\_.L:1#issueCommand(<function>:124)
	at jdk.nashorn.internal.scripts.Script$Recompilation$44618$3841A$\^function\_.L:1#issueCommand(<function>:124)
	at jdk.nashorn.internal.scripts.Script$Recompilation$44618$3841A$\^function\_.L:1#issueCommand(<function>:124)
	at jdk.nashorn.internal.scripts.Script$Recompilation$44618$3841A$\^function\_.L:1#issueCommand(<function>:124)
	at jdk.nashorn.internal.scripts.Script$Recompilation$44618$3841A$\^function\_.L:1#issueCommand(<function>:124)
	at jdk.nashorn.internal.scripts.Script$Recompilation$44618$3841A$\^function\_.L:1#issueCommand(<function>:124)
	at jdk.nashorn.internal.scripts.Script$Recompilation$44618$3841A$\^function\_.L:1#issueCommand(<function>:124)
	at jdk.nashorn.internal.scripts.Script$Recompilation$44618$3841A$\^function\_.L:1#issueCommand(<function>:124)
	at jdk.nashorn.internal.scripts.Script$Recompilation$44618$3841A$\^function\_.L:1#issueCommand(<function>:124)
	at jdk.nashorn.internal.scripts.Script$Recompilation$44618$3841A$\^function\_.L:1#issueCommand(<function>:124)
	at jdk.nashorn.internal.scripts.Script$Recompilation$44618$3841A$\^function\_.L:1#issueCommand(<function>:124)
	at jdk.nashorn.internal.scripts.Script$Recompilation$44618$3841A$\^function\_.L:1#issueCommand(<function>:124)
	at jdk.nashorn.internal.scripts.Script$Recompilation$44618$3841A$\^function\_.L:1#issueCommand(<function>:124)
	at jdk.nashorn.internal.scripts.Script$Recompilation$44618$3841A$\^function\_.L:1#issueCommand(<function>:124)
	at jdk.nashorn.internal.scripts.Script$Recompilation$44618$3841A$\^function\_.L:1#issueCommand(<function>:124)
	at jdk.nashorn.internal.scripts.Script$Recompilation$44618$3841A$\^function\_.L:1#issueCommand(<function>:124)
	at jdk.nashorn.internal.scripts.Script$Recompilation$44618$3841A$\^function\_.L:1#issueCommand(<function>:124)
	at jdk.nashorn.internal.scripts.Script$Recompilation$44618$3841A$\^function\_.L:1#issueCommand(<function>:124)
	at jdk.nashorn.internal.scripts.Script$Recompilation$44618$3841A$\^function\_.L:1#issueCommand(<function>:124)
	at jdk.nashorn.internal.scripts.Script$Recompilation$44618$3841A$\^function\_.L:1#issueCommand(<function>:124)
	at jdk.nashorn.internal.scripts.Script$Recompilation$44618$3841A$\^function\_.L:1#issueCommand(<function>:124)
	at jdk.nashorn.internal.scripts.Script$Recompilation$44618$3841A$\^function\_.L:1#issueCommand(<function>:124)
	at jdk.nashorn.internal.scripts.Script$Recompilation$44618$3841A$\^function\_.L:1#issueCommand(<function>:124)
	at jdk.nashorn.internal.scripts.Script$Recompilation$44618$3841A$\^function\_.L:1#issueCommand(<function>:124)
	at jdk.nashorn.internal.scripts.Script$Recompilation$44618$3841A$\^function\_.L:1#issueCommand(<function>:124)
	at jdk.nashorn.internal.scripts.Script$Recompilation$44618$3841A$\^function\_.L:1#issueCommand(<function>:124)
	at jdk.nashorn.internal.scripts.Script$Recompilation$44618$3841A$\^function\_.L:1#issueCommand(<function>:124)
	at jdk.nashorn.internal.scripts.Script$Recompilation$44618$3841A$\^function\_.L:1#issueCommand(<function>:124)
	at jdk.nashorn.internal.scripts.Script$Recompilation$44618$3841A$\^function\_.L:1#issueCommand(<function>:124)
	at jdk.nashorn.internal.scripts.Script$Recompilation$44618$3841A$\^function\_.L:1#issueCommand(<function>:124)
	at jdk.nashorn.internal.scripts.Script$Recompilation$44618$3841A$\^function\_.L:1#issueCommand(<function>:124)
	at jdk.nashorn.internal.scripts.Script$Recompilation$44618$3841A$\^function\_.L:1#issueCommand(<function>:124)
	at jdk.nashorn.internal.scripts.Script$Recompilation$44618$3841A$\^function\_.L:1#issueCommand(<function>:124)
	at jdk.nashorn.internal.scripts.Script$Recompilation$44618$3841A$\^function\_.L:1#issueCommand(<function>:124)
	at jdk.nashorn.internal.scripts.Script$Recompilation$44618$3841A$\^function\_.L:1#issueCommand(<function>:124)
	at jdk.nashorn.internal.scripts.Script$Recompilation$44618$3841A$\^function\_.L:1#issueCommand(<function>:124)
	at jdk.nashorn.internal.scripts.Script$Recompilation$44618$3841A$\^function\_.L:1#issueCommand(<function>:124)
	at jdk.nashorn.internal.scripts.Script$Recompilation$44618$3841A$\^function\_.L:1#issueCommand(<function>:124)
	at jdk.nashorn.internal.scripts.Script$Recompilation$44618$3841A$\^function\_.L:1#issueCommand(<function>:124)
	at jdk.nashorn.internal.scripts.Script$Recompilation$44618$3841A$\^function\_.L:1#issueCommand(<function>:124)
	at jdk.nashorn.internal.scripts.Script$Recompilation$44618$3841A$\^function\_.L:1#issueCommand(<function>:124)
	at jdk.nashorn.internal.scripts.Script$Recompilation$44618$3841A$\^function\_.L:1#issueCommand(<function>:124)
	at jdk.nashorn.internal.scripts.Script$Recompilation$44618$3841A$\^function\_.L:1#issueCommand(<function>:124)
	at jdk.nashorn.internal.scripts.Script$Recompilation$44618$3841A$\^function\_.L:1#issueCommand(<function>:124)
	at jdk.nashorn.internal.scripts.Script$Recompilation$44618$3841A$\^function\_.L:1#issueCommand(<function>:124)
	at jdk.nashorn.internal.scripts.Script$Recompilation$44618$3841A$\^function\_.L:1#issueCommand(<function>:124)
	at jdk.nashorn.internal.scripts.Script$Recompilation$44618$3841A$\^function\_.L:1#issueCommand(<function>:124)
	at jdk.nashorn.internal.scripts.Script$Recompilation$44618$3841A$\^function\_.L:1#issueCommand(<function>:124)
	at jdk.nashorn.internal.scripts.Script$Recompilation$44618$3841A$\^function\_.L:1#issueCommand(<function>:124)
	at jdk.nashorn.internal.scripts.Script$Recompilation$44618$3841A$\^function\_.L:1#issueCommand(<function>:124)
	at jdk.nashorn.internal.scripts.Script$Recompilation$44618$3841A$\^function\_.L:1#issueCommand(<function>:124)
	at jdk.nashorn.internal.scripts.Script$Recompilation$44618$3841A$\^function\_.L:1#issueCommand(<function>:124)
	at jdk.nashorn.internal.scripts.Script$Recompilation$44618$3841A$\^function\_.L:1#issueCommand(<function>:124)
	at jdk.nashorn.internal.scripts.Script$Recompilation$44618$3841A$\^function\_.L:1#issueCommand(<function>:124)
	at jdk.nashorn.internal.scripts.Script$Recompilation$44618$3841A$\^function\_.L:1#issueCommand(<function>:124)
	at jdk.nashorn.internal.scripts.Script$Recompilation$44618$3841A$\^function\_.L:1#issueCommand(<function>:124)
	at jdk.nashorn.internal.scripts.Script$Recompilation$44618$3841A$\^function\_.L:1#issueCommand(<function>:124)
	at jdk.nashorn.internal.scripts.Script$Recompilation$44618$3841A$\^function\_.L:1#issueCommand(<function>:124)
	at jdk.nashorn.internal.scripts.Script$Recompilation$44618$3841A$\^function\_.L:1#issueCommand(<function>:124)
	at jdk.nashorn.internal.scripts.Script$Recompilation$44618$3841A$\^function\_.L:1#issueCommand(<function>:124)
	at jdk.nashorn.internal.scripts.Script$Recompilation$44618$3841A$\^function\_.L:1#issueCommand(<function>:124)
	at jdk.nashorn.internal.scripts.Script$Recompilation$44618$3841A$\^function\_.L:1#issueCommand(<function>:124)
	at jdk.nashorn.internal.scripts.Script$Recompilation$44618$3841A$\^function\_.L:1#issueCommand(<function>:124)
	at jdk.nashorn.internal.scripts.Script$Recompilation$44618$3841A$\^function\_.L:1#issueCommand(<function>:124)
	at jdk.nashorn.internal.scripts.Script$Recompilation$44618$3841A$\^function\_.L:1#issueCommand(<function>:124)
	at jdk.nashorn.internal.scripts.Script$Recompilation$44618$3841A$\^function\_.L:1#issueCommand(<function>:124)
	at jdk.nashorn.internal.scripts.Script$Recompilation$44618$3841A$\^function\_.L:1#issueCommand(<function>:124)
	at jdk.nashorn.internal.scripts.Script$Recompilation$44618$3841A$\^function\_.L:1#issueCommand(<function>:124)
	at jdk.nashorn.internal.scripts.Script$Recompilation$44618$3841A$\^function\_.L:1#issueCommand(<function>:124)
	at jdk.nashorn.internal.scripts.Script$Recompilation$44618$3841A$\^function\_.L:1#issueCommand(<function>:124)
	at jdk.nashorn.internal.scripts.Script$Recompilation$44618$3841A$\^function\_.L:1#issueCommand(<function>:124)
	at jdk.nashorn.internal.scripts.Script$Recompilation$44618$3841A$\^function\_.L:1#issueCommand(<function>:124)
	at jdk.nashorn.internal.scripts.Script$Recompilation$44618$3841A$\^function\_.L:1#issueCommand(<function>:124)
	at jdk.nashorn.internal.scripts.Script$Recompilation$44618$3841A$\^function\_.L:1#issueCommand(<function>:124)
	at jdk.nashorn.internal.scripts.Script$Recompilation$44618$3841A$\^function\_.L:1#issueCommand(<function>:124)
	at jdk.nashorn.internal.scripts.Script$Recompilation$44618$3841A$\^function\_.L:1#issueCommand(<function>:124)

	at jdk.nashorn.internal.objects.NativeError.initException(NativeError.java:137)
	at jdk.nashorn.internal.objects.NativeError.<init>(NativeError.java:102)
	at jdk.nashorn.internal.objects.NativeError.<init>(NativeError.java:106)
	at jdk.nashorn.internal.objects.NativeError.<init>(NativeError.java:110)
	at jdk.nashorn.internal.objects.NativeError.constructor(NativeError.java:129)
	at jdk.nashorn.internal.scripts.Script$Recompilation$44870$76478A$require.L:1#react#invokeSpecificHandler(/home/travis/build/icyphy/ptII/ptolemy/actor/lib/jjs/external/require.js#409:30<eval>:1741)
	at jdk.nashorn.internal.scripts.Script$Recompilation$44869$75887A$require.L:1#react(/home/travis/build/icyphy/ptII/ptolemy/actor/lib/jjs/external/require.js#409:30<eval>:1769)
	at jdk.nashorn.internal.runtime.ScriptFunctionData.invoke(ScriptFunctionData.java:639)
	at jdk.nashorn.internal.runtime.ScriptFunction.invoke(ScriptFunction.java:494)
	at jdk.nashorn.internal.runtime.ScriptRuntime.apply(ScriptRuntime.java:393)
	at jdk.nashorn.api.scripting.ScriptObjectMirror.callMember(ScriptObjectMirror.java:199)
	at jdk.nashorn.api.scripting.NashornScriptEngine.invokeImpl(NashornScriptEngine.java:386)
	... 23 more
HttpClientHelper.java: Received an error for request 0: io.netty.channel.AbstractChannel$AnnotatedConnectException: Connection refused: localhost/127.0.0.1:7200
io.netty.channel.AbstractChannel$AnnotatedConnectException: Connection refused: localhost/127.0.0.1:7200
	at sun.nio.ch.SocketChannelImpl.checkConnect(Native Method)
	at sun.nio.ch.SocketChannelImpl.finishConnect(SocketChannelImpl.java:717)
	at io.netty.channel.socket.nio.NioSocketChannel.doFinishConnect(NioSocketChannel.java:325)
	at io.netty.channel.nio.AbstractNioChannel$AbstractNioUnsafe.finishConnect(AbstractNioChannel.java:340)
	at io.netty.channel.nio.NioEventLoop.processSelectedKey(NioEventLoop.java:633)
	at io.netty.channel.nio.NioEventLoop.processSelectedKeysOptimized(NioEventLoop.java:580)
	at io.netty.channel.nio.NioEventLoop.processSelectedKeys(NioEventLoop.java:497)
	at io.netty.channel.nio.NioEventLoop.run(NioEventLoop.java:459)
	at io.netty.util.concurrent.SingleThreadEventExecutor$5.run(SingleThreadEventExecutor.java:886)
	at io.netty.util.concurrent.FastThreadLocalRunnable.run(FastThreadLocalRunnable.java:30)
	at java.lang.Thread.run(Thread.java:748)
Caused by: java.net.ConnectException: Connection refused
	... 11 more
SemanticRepositoryQuery: Error: Connection refused: localhost/127.0.0.1:7200
HttpClientHelper.java: Received an error for request 0: io.netty.channel.AbstractChannel$AnnotatedConnectException: Connection refused: localhost/127.0.0.1:7200
io.netty.channel.AbstractChannel$AnnotatedConnectException: Connection refused: localhost/127.0.0.1:7200
	at sun.nio.ch.SocketChannelImpl.checkConnect(Native Method)
	at sun.nio.ch.SocketChannelImpl.finishConnect(SocketChannelImpl.java:717)
	at io.netty.channel.socket.nio.NioSocketChannel.doFinishConnect(NioSocketChannel.java:325)
	at io.netty.channel.nio.AbstractNioChannel$AbstractNioUnsafe.finishConnect(AbstractNioChannel.java:340)
	at io.netty.channel.nio.NioEventLoop.processSelectedKey(NioEventLoop.java:633)
	at io.netty.channel.nio.NioEventLoop.processSelectedKeysOptimized(NioEventLoop.java:580)
	at io.netty.channel.nio.NioEventLoop.processSelectedKeys(NioEventLoop.java:497)
	at io.netty.channel.nio.NioEventLoop.run(NioEventLoop.java:459)
	at io.netty.util.concurrent.SingleThreadEventExecutor$5.run(SingleThreadEventExecutor.java:886)
	at io.netty.util.concurrent.FastThreadLocalRunnable.run(FastThreadLocalRunnable.java:30)
	at java.lang.Thread.run(Thread.java:748)
Caused by: java.net.ConnectException: Connection refused
	... 11 more
SemanticRepositoryUpdate: Error: Connection refused: localhost/127.0.0.1:7200
HttpClientHelper.java: Received an error for request 0: io.netty.channel.ConnectTimeoutException: connection timed out: /10.0.0.234:80
io.netty.channel.ConnectTimeoutException: connection timed out: /10.0.0.234:80
	at io.netty.channel.nio.AbstractNioChannel$AbstractNioUnsafe$1.run(AbstractNioChannel.java:267)
	at io.netty.util.concurrent.PromiseTask$RunnableAdapter.call(PromiseTask.java:38)
	at io.netty.util.concurrent.ScheduledFutureTask.run(ScheduledFutureTask.java:125)
	at io.netty.util.concurrent.AbstractEventExecutor.safeExecute(AbstractEventExecutor.java:163)
	at io.netty.util.concurrent.SingleThreadEventExecutor.runAllTasks(SingleThreadEventExecutor.java:404)
	at io.netty.channel.nio.NioEventLoop.run(NioEventLoop.java:463)
	at io.netty.util.concurrent.SingleThreadEventExecutor$5.run(SingleThreadEventExecutor.java:886)
	at io.netty.util.concurrent.FastThreadLocalRunnable.run(FastThreadLocalRunnable.java:30)
	at java.lang.Thread.run(Thread.java:748)
Hue: connection timed out: /10.0.0.234:80
TransformationEditor: Ignoring clone of .Utilities beause we don't known how to import it. Exception was: ptolemy.kernel.util.NameDuplicationException: Attempt to insert object named "Utilities" into container named ".library", which already contains an object with that name.
TransformationEditor: Ignoring clone of .Directors beause we don't known how to import it. Exception was: ptolemy.kernel.util.NameDuplicationException: Attempt to insert object named "Directors" into container named ".library", which already contains an object with that name.
TransformationEditor: Ignoring clone of .Actors beause we don't known how to import it. Exception was: ptolemy.kernel.util.NameDuplicationException: Attempt to insert object named "Actors" into container named ".library", which already contains an object with that name.
TransformationEditor: Ignoring clone of .MoreLibraries beause we don't known how to import it. Exception was: ptolemy.kernel.util.NameDuplicationException: Attempt to insert object named "MoreLibraries" into container named ".library", which already contains an object with that name.
TransformationEditor: Ignoring clone of .Utilities beause we don't known how to import it. Exception was: ptolemy.kernel.util.NameDuplicationException: Attempt to insert object named "Utilities" into container named ".library", which already contains an object with that name.
TransformationEditor: Ignoring clone of .Directors beause we don't known how to import it. Exception was: ptolemy.kernel.util.NameDuplicationException: Attempt to insert object named "Directors" into container named ".library", which already contains an object with that name.
TransformationEditor: Ignoring clone of .Actors beause we don't known how to import it. Exception was: ptolemy.kernel.util.NameDuplicationException: Attempt to insert object named "Actors" into container named ".library", which already contains an object with that name.
TransformationEditor: Ignoring clone of .MoreLibraries beause we don't known how to import it. Exception was: ptolemy.kernel.util.NameDuplicationException: Attempt to insert object named "MoreLibraries" into container named ".library", which already contains an object with that name.
TransformationEditor: Ignoring clone of .Utilities beause we don't known how to import it. Exception was: ptolemy.kernel.util.NameDuplicationException: Attempt to insert object named "Utilities" into container named ".library", which already contains an object with that name.
TransformationEditor: Ignoring clone of .Directors beause we don't known how to import it. Exception was: ptolemy.kernel.util.NameDuplicationException: Attempt to insert object named "Directors" into container named ".library", which already contains an object with that name.
TransformationEditor: Ignoring clone of .Actors beause we don't known how to import it. Exception was: ptolemy.kernel.util.NameDuplicationException: Attempt to insert object named "Actors" into container named ".library", which already contains an object with that name.
TransformationEditor: Ignoring clone of .MoreLibraries beause we don't known how to import it. Exception was: ptolemy.kernel.util.NameDuplicationException: Attempt to insert object named "MoreLibraries" into container named ".library", which already contains an object with that name.
TransformationEditor: Ignoring clone of .Utilities beause we don't known how to import it. Exception was: ptolemy.kernel.util.NameDuplicationException: Attempt to insert object named "Utilities" into container named ".library", which already contains an object with that name.
TransformationEditor: Ignoring clone of .Directors beause we don't known how to import it. Exception was: ptolemy.kernel.util.NameDuplicationException: Attempt to insert object named "Directors" into container named ".library", which already contains an object with that name.
TransformationEditor: Ignoring clone of .Actors beause we don't known how to import it. Exception was: ptolemy.kernel.util.NameDuplicationException: Attempt to insert object named "Actors" into container named ".library", which already contains an object with that name.
TransformationEditor: Ignoring clone of .MoreLibraries beause we don't known how to import it. Exception was: ptolemy.kernel.util.NameDuplicationException: Attempt to insert object named "MoreLibraries" into container named ".library", which already contains an object with that name.
TransformationEditor: Ignoring clone of .Utilities beause we don't known how to import it. Exception was: ptolemy.kernel.util.NameDuplicationException: Attempt to insert object named "Utilities" into container named ".library", which already contains an object with that name.
TransformationEditor: Ignoring clone of .Directors beause we don't known how to import it. Exception was: ptolemy.kernel.util.NameDuplicationException: Attempt to insert object named "Directors" into container named ".library", which already contains an object with that name.
TransformationEditor: Ignoring clone of .Actors beause we don't known how to import it. Exception was: ptolemy.kernel.util.NameDuplicationException: Attempt to insert object named "Actors" into container named ".library", which already contains an object with that name.
TransformationEditor: Ignoring clone of .MoreLibraries beause we don't known how to import it. Exception was: ptolemy.kernel.util.NameDuplicationException: Attempt to insert object named "MoreLibraries" into container named ".library", which already contains an object with that name.
TransformationEditor: Ignoring clone of .Utilities beause we don't known how to import it. Exception was: ptolemy.kernel.util.NameDuplicationException: Attempt to insert object named "Utilities" into container named ".library", which already contains an object with that name.
TransformationEditor: Ignoring clone of .Directors beause we don't known how to import it. Exception was: ptolemy.kernel.util.NameDuplicationException: Attempt to insert object named "Directors" into container named ".library", which already contains an object with that name.
TransformationEditor: Ignoring clone of .Actors beause we don't known how to import it. Exception was: ptolemy.kernel.util.NameDuplicationException: Attempt to insert object named "Actors" into container named ".library", which already contains an object with that name.
TransformationEditor: Ignoring clone of .MoreLibraries beause we don't known how to import it. Exception was: ptolemy.kernel.util.NameDuplicationException: Attempt to insert object named "MoreLibraries" into container named ".library", which already contains an object with that name.
TransformationEditor: Ignoring clone of .Utilities beause we don't known how to import it. Exception was: ptolemy.kernel.util.NameDuplicationException: Attempt to insert object named "Utilities" into container named ".library", which already contains an object with that name.
TransformationEditor: Ignoring clone of .Directors beause we don't known how to import it. Exception was: ptolemy.kernel.util.NameDuplicationException: Attempt to insert object named "Directors" into container named ".library", which already contains an object with that name.
TransformationEditor: Ignoring clone of .Actors beause we don't known how to import it. Exception was: ptolemy.kernel.util.NameDuplicationException: Attempt to insert object named "Actors" into container named ".library", which already contains an object with that name.
TransformationEditor: Ignoring clone of .MoreLibraries beause we don't known how to import it. Exception was: ptolemy.kernel.util.NameDuplicationException: Attempt to insert object named "MoreLibraries" into container named ".library", which already contains an object with that name.
TransformationEditor: Ignoring clone of .Utilities beause we don't known how to import it. Exception was: ptolemy.kernel.util.NameDuplicationException: Attempt to insert object named "Utilities" into container named ".library", which already contains an object with that name.
TransformationEditor: Ignoring clone of .Directors beause we don't known how to import it. Exception was: ptolemy.kernel.util.NameDuplicationException: Attempt to insert object named "Directors" into container named ".library", which already contains an object with that name.
TransformationEditor: Ignoring clone of .Actors beause we don't known how to import it. Exception was: ptolemy.kernel.util.NameDuplicationException: Attempt to insert object named "Actors" into container named ".library", which already contains an object with that name.
TransformationEditor: Ignoring clone of .MoreLibraries beause we don't known how to import it. Exception was: ptolemy.kernel.util.NameDuplicationException: Attempt to insert object named "MoreLibraries" into container named ".library", which already contains an object with that name.
TransformationEditor: Ignoring clone of .Utilities beause we don't known how to import it. Exception was: ptolemy.kernel.util.NameDuplicationException: Attempt to insert object named "Utilities" into container named ".library", which already contains an object with that name.
TransformationEditor: Ignoring clone of .Directors beause we don't known how to import it. Exception was: ptolemy.kernel.util.NameDuplicationException: Attempt to insert object named "Directors" into container named ".library", which already contains an object with that name.
TransformationEditor: Ignoring clone of .Actors beause we don't known how to import it. Exception was: ptolemy.kernel.util.NameDuplicationException: Attempt to insert object named "Actors" into container named ".library", which already contains an object with that name.
TransformationEditor: Ignoring clone of .MoreLibraries beause we don't known how to import it. Exception was: ptolemy.kernel.util.NameDuplicationException: Attempt to insert object named "MoreLibraries" into container named ".library", which already contains an object with that name.
TransformationEditor: Ignoring clone of .Utilities beause we don't known how to import it. Exception was: ptolemy.kernel.util.NameDuplicationException: Attempt to insert object named "Utilities" into container named ".library", which already contains an object with that name.
TransformationEditor: Ignoring clone of .Directors beause we don't known how to import it. Exception was: ptolemy.kernel.util.NameDuplicationException: Attempt to insert object named "Directors" into container named ".library", which already contains an object with that name.
TransformationEditor: Ignoring clone of .Actors beause we don't known how to import it. Exception was: ptolemy.kernel.util.NameDuplicationException: Attempt to insert object named "Actors" into container named ".library", which already contains an object with that name.
TransformationEditor: Ignoring clone of .MoreLibraries beause we don't known how to import it. Exception was: ptolemy.kernel.util.NameDuplicationException: Attempt to insert object named "MoreLibraries" into container named ".library", which already contains an object with that name.
TransformationEditor: Ignoring clone of .Utilities beause we don't known how to import it. Exception was: ptolemy.kernel.util.NameDuplicationException: Attempt to insert object named "Utilities" into container named ".library", which already contains an object with that name.
TransformationEditor: Ignoring clone of .Directors beause we don't known how to import it. Exception was: ptolemy.kernel.util.NameDuplicationException: Attempt to insert object named "Directors" into container named ".library", which already contains an object with that name.
TransformationEditor: Ignoring clone of .Actors beause we don't known how to import it. Exception was: ptolemy.kernel.util.NameDuplicationException: Attempt to insert object named "Actors" into container named ".library", which already contains an object with that name.
TransformationEditor: Ignoring clone of .MoreLibraries beause we don't known how to import it. Exception was: ptolemy.kernel.util.NameDuplicationException: Attempt to insert object named "MoreLibraries" into container named ".library", which already contains an object with that name.
TransformationEditor: Ignoring clone of .Utilities beause we don't known how to import it. Exception was: ptolemy.kernel.util.NameDuplicationException: Attempt to insert object named "Utilities" into container named ".library", which already contains an object with that name.
TransformationEditor: Ignoring clone of .Directors beause we don't known how to import it. Exception was: ptolemy.kernel.util.NameDuplicationException: Attempt to insert object named "Directors" into container named ".library", which already contains an object with that name.
TransformationEditor: Ignoring clone of .Actors beause we don't known how to import it. Exception was: ptolemy.kernel.util.NameDuplicationException: Attempt to insert object named "Actors" into container named ".library", which already contains an object with that name.
TransformationEditor: Ignoring clone of .MoreLibraries beause we don't known how to import it. Exception was: ptolemy.kernel.util.NameDuplicationException: Attempt to insert object named "MoreLibraries" into container named ".library", which already contains an object with that name.
TransformationEditor: Ignoring clone of .Utilities beause we don't known how to import it. Exception was: ptolemy.kernel.util.NameDuplicationException: Attempt to insert object named "Utilities" into container named ".library", which already contains an object with that name.
TransformationEditor: Ignoring clone of .Directors beause we don't known how to import it. Exception was: ptolemy.kernel.util.NameDuplicationException: Attempt to insert object named "Directors" into container named ".library", which already contains an object with that name.
TransformationEditor: Ignoring clone of .Actors beause we don't known how to import it. Exception was: ptolemy.kernel.util.NameDuplicationException: Attempt to insert object named "Actors" into container named ".library", which already contains an object with that name.
TransformationEditor: Ignoring clone of .MoreLibraries beause we don't known how to import it. Exception was: ptolemy.kernel.util.NameDuplicationException: Attempt to insert object named "MoreLibraries" into container named ".library", which already contains an object with that name.
TransformationEditor: Ignoring clone of .Utilities beause we don't known how to import it. Exception was: ptolemy.kernel.util.NameDuplicationException: Attempt to insert object named "Utilities" into container named ".library", which already contains an object with that name.
TransformationEditor: Ignoring clone of .Directors beause we don't known how to import it. Exception was: ptolemy.kernel.util.NameDuplicationException: Attempt to insert object named "Directors" into container named ".library", which already contains an object with that name.
TransformationEditor: Ignoring clone of .Actors beause we don't known how to import it. Exception was: ptolemy.kernel.util.NameDuplicationException: Attempt to insert object named "Actors" into container named ".library", which already contains an object with that name.
TransformationEditor: Ignoring clone of .MoreLibraries beause we don't known how to import it. Exception was: ptolemy.kernel.util.NameDuplicationException: Attempt to insert object named "MoreLibraries" into container named ".library", which already contains an object with that name.
TransformationEditor: Ignoring clone of .Utilities beause we don't known how to import it. Exception was: ptolemy.kernel.util.NameDuplicationException: Attempt to insert object named "Utilities" into container named ".library", which already contains an object with that name.
TransformationEditor: Ignoring clone of .Directors beause we don't known how to import it. Exception was: ptolemy.kernel.util.NameDuplicationException: Attempt to insert object named "Directors" into container named ".library", which already contains an object with that name.
TransformationEditor: Ignoring clone of .Actors beause we don't known how to import it. Exception was: ptolemy.kernel.util.NameDuplicationException: Attempt to insert object named "Actors" into container named ".library", which already contains an object with that name.
TransformationEditor: Ignoring clone of .MoreLibraries beause we don't known how to import it. Exception was: ptolemy.kernel.util.NameDuplicationException: Attempt to insert object named "MoreLibraries" into container named ".library", which already contains an object with that name.
TransformationEditor: Ignoring clone of .Utilities beause we don't known how to import it. Exception was: ptolemy.kernel.util.NameDuplicationException: Attempt to insert object named "Utilities" into container named ".library", which already contains an object with that name.
TransformationEditor: Ignoring clone of .Directors beause we don't known how to import it. Exception was: ptolemy.kernel.util.NameDuplicationException: Attempt to insert object named "Directors" into container named ".library", which already contains an object with that name.
TransformationEditor: Ignoring clone of .Actors beause we don't known how to import it. Exception was: ptolemy.kernel.util.NameDuplicationException: Attempt to insert object named "Actors" into container named ".library", which already contains an object with that name.
TransformationEditor: Ignoring clone of .MoreLibraries beause we don't known how to import it. Exception was: ptolemy.kernel.util.NameDuplicationException: Attempt to insert object named "MoreLibraries" into container named ".library", which already contains an object with that name.
TransformationEditor: Ignoring clone of .Utilities beause we don't known how to import it. Exception was: ptolemy.kernel.util.NameDuplicationException: Attempt to insert object named "Utilities" into container named ".library", which already contains an object with that name.
TransformationEditor: Ignoring clone of .Directors beause we don't known how to import it. Exception was: ptolemy.kernel.util.NameDuplicationException: Attempt to insert object named "Directors" into container named ".library", which already contains an object with that name.
TransformationEditor: Ignoring clone of .Actors beause we don't known how to import it. Exception was: ptolemy.kernel.util.NameDuplicationException: Attempt to insert object named "Actors" into container named ".library", which already contains an object with that name.
TransformationEditor: Ignoring clone of .MoreLibraries beause we don't known how to import it. Exception was: ptolemy.kernel.util.NameDuplicationException: Attempt to insert object named "MoreLibraries" into container named ".library", which already contains an object with that name.
TransformationEditor: Ignoring clone of .Utilities beause we don't known how to import it. Exception was: ptolemy.kernel.util.NameDuplicationException: Attempt to insert object named "Utilities" into container named ".library", which already contains an object with that name.
TransformationEditor: Ignoring clone of .Directors beause we don't known how to import it. Exception was: ptolemy.kernel.util.NameDuplicationException: Attempt to insert object named "Directors" into container named ".library", which already contains an object with that name.
TransformationEditor: Ignoring clone of .Actors beause we don't known how to import it. Exception was: ptolemy.kernel.util.NameDuplicationException: Attempt to insert object named "Actors" into container named ".library", which already contains an object with that name.
TransformationEditor: Ignoring clone of .MoreLibraries beause we don't known how to import it. Exception was: ptolemy.kernel.util.NameDuplicationException: Attempt to insert object named "MoreLibraries" into container named ".library", which already contains an object with that name.
TransformationEditor: Ignoring clone of .Utilities beause we don't known how to import it. Exception was: ptolemy.kernel.util.NameDuplicationException: Attempt to insert object named "Utilities" into container named ".library", which already contains an object with that name.
TransformationEditor: Ignoring clone of .Directors beause we don't known how to import it. Exception was: ptolemy.kernel.util.NameDuplicationException: Attempt to insert object named "Directors" into container named ".library", which already contains an object with that name.
TransformationEditor: Ignoring clone of .Actors beause we don't known how to import it. Exception was: ptolemy.kernel.util.NameDuplicationException: Attempt to insert object named "Actors" into container named ".library", which already contains an object with that name.
TransformationEditor: Ignoring clone of .MoreLibraries beause we don't known how to import it. Exception was: ptolemy.kernel.util.NameDuplicationException: Attempt to insert object named "MoreLibraries" into container named ".library", which already contains an object with that name.
TransformationEditor: Ignoring clone of .Utilities beause we don't known how to import it. Exception was: ptolemy.kernel.util.NameDuplicationException: Attempt to insert object named "Utilities" into container named ".library", which already contains an object with that name.
TransformationEditor: Ignoring clone of .Directors beause we don't known how to import it. Exception was: ptolemy.kernel.util.NameDuplicationException: Attempt to insert object named "Directors" into container named ".library", which already contains an object with that name.
TransformationEditor: Ignoring clone of .Actors beause we don't known how to import it. Exception was: ptolemy.kernel.util.NameDuplicationException: Attempt to insert object named "Actors" into container named ".library", which already contains an object with that name.
TransformationEditor: Ignoring clone of .MoreLibraries beause we don't known how to import it. Exception was: ptolemy.kernel.util.NameDuplicationException: Attempt to insert object named "MoreLibraries" into container named ".library", which already contains an object with that name.
TransformationEditor: Ignoring clone of .Utilities beause we don't known how to import it. Exception was: ptolemy.kernel.util.NameDuplicationException: Attempt to insert object named "Utilities" into container named ".library", which already contains an object with that name.
TransformationEditor: Ignoring clone of .Directors beause we don't known how to import it. Exception was: ptolemy.kernel.util.NameDuplicationException: Attempt to insert object named "Directors" into container named ".library", which already contains an object with that name.
TransformationEditor: Ignoring clone of .Actors beause we don't known how to import it. Exception was: ptolemy.kernel.util.NameDuplicationException: Attempt to insert object named "Actors" into container named ".library", which already contains an object with that name.
TransformationEditor: Ignoring clone of .MoreLibraries beause we don't known how to import it. Exception was: ptolemy.kernel.util.NameDuplicationException: Attempt to insert object named "MoreLibraries" into container named ".library", which already contains an object with that name.
TransformationEditor: Ignoring clone of .Utilities beause we don't known how to import it. Exception was: ptolemy.kernel.util.NameDuplicationException: Attempt to insert object named "Utilities" into container named ".library", which already contains an object with that name.
TransformationEditor: Ignoring clone of .Directors beause we don't known how to import it. Exception was: ptolemy.kernel.util.NameDuplicationException: Attempt to insert object named "Directors" into container named ".library", which already contains an object with that name.
TransformationEditor: Ignoring clone of .Actors beause we don't known how to import it. Exception was: ptolemy.kernel.util.NameDuplicationException: Attempt to insert object named "Actors" into container named ".library", which already contains an object with that name.
TransformationEditor: Ignoring clone of .MoreLibraries beause we don't known how to import it. Exception was: ptolemy.kernel.util.NameDuplicationException: Attempt to insert object named "MoreLibraries" into container named ".library", which already contains an object with that name.
TransformationEditor: Ignoring clone of .Utilities beause we don't known how to import it. Exception was: ptolemy.kernel.util.NameDuplicationException: Attempt to insert object named "Utilities" into container named ".library", which already contains an object with that name.
TransformationEditor: Ignoring clone of .Directors beause we don't known how to import it. Exception was: ptolemy.kernel.util.NameDuplicationException: Attempt to insert object named "Directors" into container named ".library", which already contains an object with that name.
TransformationEditor: Ignoring clone of .Actors beause we don't known how to import it. Exception was: ptolemy.kernel.util.NameDuplicationException: Attempt to insert object named "Actors" into container named ".library", which already contains an object with that name.
TransformationEditor: Ignoring clone of .MoreLibraries beause we don't known how to import it. Exception was: ptolemy.kernel.util.NameDuplicationException: Attempt to insert object named "MoreLibraries" into container named ".library", which already contains an object with that name.
TransformationEditor: Ignoring clone of .Utilities beause we don't known how to import it. Exception was: ptolemy.kernel.util.NameDuplicationException: Attempt to insert object named "Utilities" into container named ".library", which already contains an object with that name.
TransformationEditor: Ignoring clone of .Directors beause we don't known how to import it. Exception was: ptolemy.kernel.util.NameDuplicationException: Attempt to insert object named "Directors" into container named ".library", which already contains an object with that name.
TransformationEditor: Ignoring clone of .Actors beause we don't known how to import it. Exception was: ptolemy.kernel.util.NameDuplicationException: Attempt to insert object named "Actors" into container named ".library", which already contains an object with that name.
TransformationEditor: Ignoring clone of .MoreLibraries beause we don't known how to import it. Exception was: ptolemy.kernel.util.NameDuplicationException: Attempt to insert object named "MoreLibraries" into container named ".library", which already contains an object with that name.
TransformationEditor: Ignoring clone of .Utilities beause we don't known how to import it. Exception was: ptolemy.kernel.util.NameDuplicationException: Attempt to insert object named "Utilities" into container named ".library", which already contains an object with that name.
TransformationEditor: Ignoring clone of .Directors beause we don't known how to import it. Exception was: ptolemy.kernel.util.NameDuplicationException: Attempt to insert object named "Directors" into container named ".library", which already contains an object with that name.
TransformationEditor: Ignoring clone of .Actors beause we don't known how to import it. Exception was: ptolemy.kernel.util.NameDuplicationException: Attempt to insert object named "Actors" into container named ".library", which already contains an object with that name.
TransformationEditor: Ignoring clone of .MoreLibraries beause we don't known how to import it. Exception was: ptolemy.kernel.util.NameDuplicationException: Attempt to insert object named "MoreLibraries" into container named ".library", which already contains an object with that name.
TransformationEditor: Ignoring clone of .Utilities beause we don't known how to import it. Exception was: ptolemy.kernel.util.NameDuplicationException: Attempt to insert object named "Utilities" into container named ".library", which already contains an object with that name.
TransformationEditor: Ignoring clone of .Directors beause we don't known how to import it. Exception was: ptolemy.kernel.util.NameDuplicationException: Attempt to insert object named "Directors" into container named ".library", which already contains an object with that name.
TransformationEditor: Ignoring clone of .Actors beause we don't known how to import it. Exception was: ptolemy.kernel.util.NameDuplicationException: Attempt to insert object named "Actors" into container named ".library", which already contains an object with that name.
TransformationEditor: Ignoring clone of .MoreLibraries beause we don't known how to import it. Exception was: ptolemy.kernel.util.NameDuplicationException: Attempt to insert object named "MoreLibraries" into container named ".library", which already contains an object with that name.
TransformationEditor: Ignoring clone of .Utilities beause we don't known how to import it. Exception was: ptolemy.kernel.util.NameDuplicationException: Attempt to insert object named "Utilities" into container named ".library", which already contains an object with that name.
TransformationEditor: Ignoring clone of .Directors beause we don't known how to import it. Exception was: ptolemy.kernel.util.NameDuplicationException: Attempt to insert object named "Directors" into container named ".library", which already contains an object with that name.
TransformationEditor: Ignoring clone of .Actors beause we don't known how to import it. Exception was: ptolemy.kernel.util.NameDuplicationException: Attempt to insert object named "Actors" into container named ".library", which already contains an object with that name.
TransformationEditor: Ignoring clone of .MoreLibraries beause we don't known how to import it. Exception was: ptolemy.kernel.util.NameDuplicationException: Attempt to insert object named "MoreLibraries" into container named ".library", which already contains an object with that name.
TransformationEditor: Ignoring clone of .Utilities beause we don't known how to import it. Exception was: ptolemy.kernel.util.NameDuplicationException: Attempt to insert object named "Utilities" into container named ".library", which already contains an object with that name.
TransformationEditor: Ignoring clone of .Directors beause we don't known how to import it. Exception was: ptolemy.kernel.util.NameDuplicationException: Attempt to insert object named "Directors" into container named ".library", which already contains an object with that name.
TransformationEditor: Ignoring clone of .Actors beause we don't known how to import it. Exception was: ptolemy.kernel.util.NameDuplicationException: Attempt to insert object named "Actors" into container named ".library", which already contains an object with that name.
TransformationEditor: Ignoring clone of .MoreLibraries beause we don't known how to import it. Exception was: ptolemy.kernel.util.NameDuplicationException: Attempt to insert object named "MoreLibraries" into container named ".library", which already contains an object with that name.
TransformationEditor: Ignoring clone of .Utilities beause we don't known how to import it. Exception was: ptolemy.kernel.util.NameDuplicationException: Attempt to insert object named "Utilities" into container named ".library", which already contains an object with that name.
TransformationEditor: Ignoring clone of .Directors beause we don't known how to import it. Exception was: ptolemy.kernel.util.NameDuplicationException: Attempt to insert object named "Directors" into container named ".library", which already contains an object with that name.
TransformationEditor: Ignoring clone of .Actors beause we don't known how to import it. Exception was: ptolemy.kernel.util.NameDuplicationException: Attempt to insert object named "Actors" into container named ".library", which already contains an object with that name.
TransformationEditor: Ignoring clone of .MoreLibraries beause we don't known how to import it. Exception was: ptolemy.kernel.util.NameDuplicationException: Attempt to insert object named "MoreLibraries" into container named ".library", which already contains an object with that name.
TransformationEditor: Ignoring clone of .Utilities beause we don't known how to import it. Exception was: ptolemy.kernel.util.NameDuplicationException: Attempt to insert object named "Utilities" into container named ".library", which already contains an object with that name.
TransformationEditor: Ignoring clone of .Directors beause we don't known how to import it. Exception was: ptolemy.kernel.util.NameDuplicationException: Attempt to insert object named "Directors" into container named ".library", which already contains an object with that name.
TransformationEditor: Ignoring clone of .Actors beause we don't known how to import it. Exception was: ptolemy.kernel.util.NameDuplicationException: Attempt to insert object named "Actors" into container named ".library", which already contains an object with that name.
TransformationEditor: Ignoring clone of .MoreLibraries beause we don't known how to import it. Exception was: ptolemy.kernel.util.NameDuplicationException: Attempt to insert object named "MoreLibraries" into container named ".library", which already contains an object with that name.
TransformationEditor: Ignoring clone of .Utilities beause we don't known how to import it. Exception was: ptolemy.kernel.util.NameDuplicationException: Attempt to insert object named "Utilities" into container named ".library", which already contains an object with that name.
TransformationEditor: Ignoring clone of .Directors beause we don't known how to import it. Exception was: ptolemy.kernel.util.NameDuplicationException: Attempt to insert object named "Directors" into container named ".library", which already contains an object with that name.
TransformationEditor: Ignoring clone of .Actors beause we don't known how to import it. Exception was: ptolemy.kernel.util.NameDuplicationException: Attempt to insert object named "Actors" into container named ".library", which already contains an object with that name.
TransformationEditor: Ignoring clone of .MoreLibraries beause we don't known how to import it. Exception was: ptolemy.kernel.util.NameDuplicationException: Attempt to insert object named "MoreLibraries" into container named ".library", which already contains an object with that name.
TransformationEditor: Ignoring clone of .Utilities beause we don't known how to import it. Exception was: ptolemy.kernel.util.NameDuplicationException: Attempt to insert object named "Utilities" into container named ".library", which already contains an object with that name.
TransformationEditor: Ignoring clone of .Directors beause we don't known how to import it. Exception was: ptolemy.kernel.util.NameDuplicationException: Attempt to insert object named "Directors" into container named ".library", which already contains an object with that name.
TransformationEditor: Ignoring clone of .Actors beause we don't known how to import it. Exception was: ptolemy.kernel.util.NameDuplicationException: Attempt to insert object named "Actors" into container named ".library", which already contains an object with that name.
TransformationEditor: Ignoring clone of .MoreLibraries beause we don't known how to import it. Exception was: ptolemy.kernel.util.NameDuplicationException: Attempt to insert object named "MoreLibraries" into container named ".library", which already contains an object with that name.
TransformationEditor: Ignoring clone of .Utilities beause we don't known how to import it. Exception was: ptolemy.kernel.util.NameDuplicationException: Attempt to insert object named "Utilities" into container named ".library", which already contains an object with that name.
TransformationEditor: Ignoring clone of .Directors beause we don't known how to import it. Exception was: ptolemy.kernel.util.NameDuplicationException: Attempt to insert object named "Directors" into container named ".library", which already contains an object with that name.
TransformationEditor: Ignoring clone of .Actors beause we don't known how to import it. Exception was: ptolemy.kernel.util.NameDuplicationException: Attempt to insert object named "Actors" into container named ".library", which already contains an object with that name.
TransformationEditor: Ignoring clone of .MoreLibraries beause we don't known how to import it. Exception was: ptolemy.kernel.util.NameDuplicationException: Attempt to insert object named "MoreLibraries" into container named ".library", which already contains an object with that name.
TransformationEditor: Ignoring clone of .Utilities beause we don't known how to import it. Exception was: ptolemy.kernel.util.NameDuplicationException: Attempt to insert object named "Utilities" into container named ".library", which already contains an object with that name.
TransformationEditor: Ignoring clone of .Directors beause we don't known how to import it. Exception was: ptolemy.kernel.util.NameDuplicationException: Attempt to insert object named "Directors" into container named ".library", which already contains an object with that name.
TransformationEditor: Ignoring clone of .Actors beause we don't known how to import it. Exception was: ptolemy.kernel.util.NameDuplicationException: Attempt to insert object named "Actors" into container named ".library", which already contains an object with that name.
TransformationEditor: Ignoring clone of .MoreLibraries beause we don't known how to import it. Exception was: ptolemy.kernel.util.NameDuplicationException: Attempt to insert object named "MoreLibraries" into container named ".library", which already contains an object with that name.
TransformationEditor: Ignoring clone of .Utilities beause we don't known how to import it. Exception was: ptolemy.kernel.util.NameDuplicationException: Attempt to insert object named "Utilities" into container named ".library", which already contains an object with that name.
TransformationEditor: Ignoring clone of .Directors beause we don't known how to import it. Exception was: ptolemy.kernel.util.NameDuplicationException: Attempt to insert object named "Directors" into container named ".library", which already contains an object with that name.
TransformationEditor: Ignoring clone of .Actors beause we don't known how to import it. Exception was: ptolemy.kernel.util.NameDuplicationException: Attempt to insert object named "Actors" into container named ".library", which already contains an object with that name.
TransformationEditor: Ignoring clone of .MoreLibraries beause we don't known how to import it. Exception was: ptolemy.kernel.util.NameDuplicationException: Attempt to insert object named "MoreLibraries" into container named ".library", which already contains an object with that name.
TransformationEditor: Ignoring clone of .Utilities beause we don't known how to import it. Exception was: ptolemy.kernel.util.NameDuplicationException: Attempt to insert object named "Utilities" into container named ".library", which already contains an object with that name.
TransformationEditor: Ignoring clone of .Directors beause we don't known how to import it. Exception was: ptolemy.kernel.util.NameDuplicationException: Attempt to insert object named "Directors" into container named ".library", which already contains an object with that name.
TransformationEditor: Ignoring clone of .Actors beause we don't known how to import it. Exception was: ptolemy.kernel.util.NameDuplicationException: Attempt to insert object named "Actors" into container named ".library", which already contains an object with that name.
TransformationEditor: Ignoring clone of .MoreLibraries beause we don't known how to import it. Exception was: ptolemy.kernel.util.NameDuplicationException: Attempt to insert object named "MoreLibraries" into container named ".library", which already contains an object with that name.
TransformationEditor: Ignoring clone of .Utilities beause we don't known how to import it. Exception was: ptolemy.kernel.util.NameDuplicationException: Attempt to insert object named "Utilities" into container named ".library", which already contains an object with that name.
TransformationEditor: Ignoring clone of .Directors beause we don't known how to import it. Exception was: ptolemy.kernel.util.NameDuplicationException: Attempt to insert object named "Directors" into container named ".library", which already contains an object with that name.
TransformationEditor: Ignoring clone of .Actors beause we don't known how to import it. Exception was: ptolemy.kernel.util.NameDuplicationException: Attempt to insert object named "Actors" into container named ".library", which already contains an object with that name.
TransformationEditor: Ignoring clone of .MoreLibraries beause we don't known how to import it. Exception was: ptolemy.kernel.util.NameDuplicationException: Attempt to insert object named "MoreLibraries" into container named ".library", which already contains an object with that name.
TransformationEditor: Ignoring clone of .Utilities beause we don't known how to import it. Exception was: ptolemy.kernel.util.NameDuplicationException: Attempt to insert object named "Utilities" into container named ".library", which already contains an object with that name.
TransformationEditor: Ignoring clone of .Directors beause we don't known how to import it. Exception was: ptolemy.kernel.util.NameDuplicationException: Attempt to insert object named "Directors" into container named ".library", which already contains an object with that name.
TransformationEditor: Ignoring clone of .Actors beause we don't known how to import it. Exception was: ptolemy.kernel.util.NameDuplicationException: Attempt to insert object named "Actors" into container named ".library", which already contains an object with that name.
TransformationEditor: Ignoring clone of .MoreLibraries beause we don't known how to import it. Exception was: ptolemy.kernel.util.NameDuplicationException: Attempt to insert object named "MoreLibraries" into container named ".library", which already contains an object with that name.
TransformationEditor: Ignoring clone of .Utilities beause we don't known how to import it. Exception was: ptolemy.kernel.util.NameDuplicationException: Attempt to insert object named "Utilities" into container named ".library", which already contains an object with that name.
TransformationEditor: Ignoring clone of .Directors beause we don't known how to import it. Exception was: ptolemy.kernel.util.NameDuplicationException: Attempt to insert object named "Directors" into container named ".library", which already contains an object with that name.
TransformationEditor: Ignoring clone of .Actors beause we don't known how to import it. Exception was: ptolemy.kernel.util.NameDuplicationException: Attempt to insert object named "Actors" into container named ".library", which already contains an object with that name.
TransformationEditor: Ignoring clone of .MoreLibraries beause we don't known how to import it. Exception was: ptolemy.kernel.util.NameDuplicationException: Attempt to insert object named "MoreLibraries" into container named ".library", which already contains an object with that name.
TransformationEditor: Ignoring clone of .Utilities beause we don't known how to import it. Exception was: ptolemy.kernel.util.NameDuplicationException: Attempt to insert object named "Utilities" into container named ".library", which already contains an object with that name.
TransformationEditor: Ignoring clone of .Directors beause we don't known how to import it. Exception was: ptolemy.kernel.util.NameDuplicationException: Attempt to insert object named "Directors" into container named ".library", which already contains an object with that name.
TransformationEditor: Ignoring clone of .Actors beause we don't known how to import it. Exception was: ptolemy.kernel.util.NameDuplicationException: Attempt to insert object named "Actors" into container named ".library", which already contains an object with that name.
TransformationEditor: Ignoring clone of .MoreLibraries beause we don't known how to import it. Exception was: ptolemy.kernel.util.NameDuplicationException: Attempt to insert object named "MoreLibraries" into container named ".library", which already contains an object with that name.
TransformationEditor: Ignoring clone of .Utilities beause we don't known how to import it. Exception was: ptolemy.kernel.util.NameDuplicationException: Attempt to insert object named "Utilities" into container named ".library", which already contains an object with that name.
TransformationEditor: Ignoring clone of .Directors beause we don't known how to import it. Exception was: ptolemy.kernel.util.NameDuplicationException: Attempt to insert object named "Directors" into container named ".library", which already contains an object with that name.
TransformationEditor: Ignoring clone of .Actors beause we don't known how to import it. Exception was: ptolemy.kernel.util.NameDuplicationException: Attempt to insert object named "Actors" into container named ".library", which already contains an object with that name.
TransformationEditor: Ignoring clone of .MoreLibraries beause we don't known how to import it. Exception was: ptolemy.kernel.util.NameDuplicationException: Attempt to insert object named "MoreLibraries" into container named ".library", which already contains an object with that name.
TransformationEditor: Ignoring clone of .Utilities beause we don't known how to import it. Exception was: ptolemy.kernel.util.NameDuplicationException: Attempt to insert object named "Utilities" into container named ".library", which already contains an object with that name.
TransformationEditor: Ignoring clone of .Directors beause we don't known how to import it. Exception was: ptolemy.kernel.util.NameDuplicationException: Attempt to insert object named "Directors" into container named ".library", which already contains an object with that name.
TransformationEditor: Ignoring clone of .Actors beause we don't known how to import it. Exception was: ptolemy.kernel.util.NameDuplicationException: Attempt to insert object named "Actors" into container named ".library", which already contains an object with that name.
TransformationEditor: Ignoring clone of .MoreLibraries beause we don't known how to import it. Exception was: ptolemy.kernel.util.NameDuplicationException: Attempt to insert object named "MoreLibraries" into container named ".library", which already contains an object with that name.
TransformationEditor: Ignoring clone of .Utilities beause we don't known how to import it. Exception was: ptolemy.kernel.util.NameDuplicationException: Attempt to insert object named "Utilities" into container named ".library", which already contains an object with that name.
TransformationEditor: Ignoring clone of .Directors beause we don't known how to import it. Exception was: ptolemy.kernel.util.NameDuplicationException: Attempt to insert object named "Directors" into container named ".library", which already contains an object with that name.
TransformationEditor: Ignoring clone of .Actors beause we don't known how to import it. Exception was: ptolemy.kernel.util.NameDuplicationException: Attempt to insert object named "Actors" into container named ".library", which already contains an object with that name.
TransformationEditor: Ignoring clone of .MoreLibraries beause we don't known how to import it. Exception was: ptolemy.kernel.util.NameDuplicationException: Attempt to insert object named "MoreLibraries" into container named ".library", which already contains an object with that name.
TransformationEditor: Ignoring clone of .Utilities beause we don't known how to import it. Exception was: ptolemy.kernel.util.NameDuplicationException: Attempt to insert object named "Utilities" into container named ".library", which already contains an object with that name.
TransformationEditor: Ignoring clone of .Directors beause we don't known how to import it. Exception was: ptolemy.kernel.util.NameDuplicationException: Attempt to insert object named "Directors" into container named ".library", which already contains an object with that name.
TransformationEditor: Ignoring clone of .Actors beause we don't known how to import it. Exception was: ptolemy.kernel.util.NameDuplicationException: Attempt to insert object named "Actors" into container named ".library", which already contains an object with that name.
TransformationEditor: Ignoring clone of .MoreLibraries beause we don't known how to import it. Exception was: ptolemy.kernel.util.NameDuplicationException: Attempt to insert object named "MoreLibraries" into container named ".library", which already contains an object with that name.
TransformationEditor: Ignoring clone of .Utilities beause we don't known how to import it. Exception was: ptolemy.kernel.util.NameDuplicationException: Attempt to insert object named "Utilities" into container named ".library", which already contains an object with that name.
TransformationEditor: Ignoring clone of .Directors beause we don't known how to import it. Exception was: ptolemy.kernel.util.NameDuplicationException: Attempt to insert object named "Directors" into container named ".library", which already contains an object with that name.
TransformationEditor: Ignoring clone of .Actors beause we don't known how to import it. Exception was: ptolemy.kernel.util.NameDuplicationException: Attempt to insert object named "Actors" into container named ".library", which already contains an object with that name.
TransformationEditor: Ignoring clone of .MoreLibraries beause we don't known how to import it. Exception was: ptolemy.kernel.util.NameDuplicationException: Attempt to insert object named "MoreLibraries" into container named ".library", which already contains an object with that name.
TransformationEditor: Ignoring clone of .Utilities beause we don't known how to import it. Exception was: ptolemy.kernel.util.NameDuplicationException: Attempt to insert object named "Utilities" into container named ".library", which already contains an object with that name.
TransformationEditor: Ignoring clone of .Directors beause we don't known how to import it. Exception was: ptolemy.kernel.util.NameDuplicationException: Attempt to insert object named "Directors" into container named ".library", which already contains an object with that name.
TransformationEditor: Ignoring clone of .Actors beause we don't known how to import it. Exception was: ptolemy.kernel.util.NameDuplicationException: Attempt to insert object named "Actors" into container named ".library", which already contains an object with that name.
TransformationEditor: Ignoring clone of .MoreLibraries beause we don't known how to import it. Exception was: ptolemy.kernel.util.NameDuplicationException: Attempt to insert object named "MoreLibraries" into container named ".library", which already contains an object with that name.
TransformationEditor: Ignoring clone of .Utilities beause we don't known how to import it. Exception was: ptolemy.kernel.util.NameDuplicationException: Attempt to insert object named "Utilities" into container named ".library", which already contains an object with that name.
TransformationEditor: Ignoring clone of .Directors beause we don't known how to import it. Exception was: ptolemy.kernel.util.NameDuplicationException: Attempt to insert object named "Directors" into container named ".library", which already contains an object with that name.
TransformationEditor: Ignoring clone of .Actors beause we don't known how to import it. Exception was: ptolemy.kernel.util.NameDuplicationException: Attempt to insert object named "Actors" into container named ".library", which already contains an object with that name.
TransformationEditor: Ignoring clone of .MoreLibraries beause we don't known how to import it. Exception was: ptolemy.kernel.util.NameDuplicationException: Attempt to insert object named "MoreLibraries" into container named ".library", which already contains an object with that name.
TransformationEditor: Ignoring clone of .Utilities beause we don't known how to import it. Exception was: ptolemy.kernel.util.NameDuplicationException: Attempt to insert object named "Utilities" into container named ".library", which already contains an object with that name.
TransformationEditor: Ignoring clone of .Directors beause we don't known how to import it. Exception was: ptolemy.kernel.util.NameDuplicationException: Attempt to insert object named "Directors" into container named ".library", which already contains an object with that name.
TransformationEditor: Ignoring clone of .Actors beause we don't known how to import it. Exception was: ptolemy.kernel.util.NameDuplicationException: Attempt to insert object named "Actors" into container named ".library", which already contains an object with that name.
TransformationEditor: Ignoring clone of .MoreLibraries beause we don't known how to import it. Exception was: ptolemy.kernel.util.NameDuplicationException: Attempt to insert object named "MoreLibraries" into container named ".library", which already contains an object with that name.
TransformationEditor: Ignoring clone of .Utilities beause we don't known how to import it. Exception was: ptolemy.kernel.util.NameDuplicationException: Attempt to insert object named "Utilities" into container named ".library", which already contains an object with that name.
TransformationEditor: Ignoring clone of .Directors beause we don't known how to import it. Exception was: ptolemy.kernel.util.NameDuplicationException: Attempt to insert object named "Directors" into container named ".library", which already contains an object with that name.
TransformationEditor: Ignoring clone of .Actors beause we don't known how to import it. Exception was: ptolemy.kernel.util.NameDuplicationException: Attempt to insert object named "Actors" into container named ".library", which already contains an object with that name.
TransformationEditor: Ignoring clone of .MoreLibraries beause we don't known how to import it. Exception was: ptolemy.kernel.util.NameDuplicationException: Attempt to insert object named "MoreLibraries" into container named ".library", which already contains an object with that name.
TransformationEditor: Ignoring clone of .Utilities beause we don't known how to import it. Exception was: ptolemy.kernel.util.NameDuplicationException: Attempt to insert object named "Utilities" into container named ".library", which already contains an object with that name.
TransformationEditor: Ignoring clone of .Directors beause we don't known how to import it. Exception was: ptolemy.kernel.util.NameDuplicationException: Attempt to insert object named "Directors" into container named ".library", which already contains an object with that name.
TransformationEditor: Ignoring clone of .Actors beause we don't known how to import it. Exception was: ptolemy.kernel.util.NameDuplicationException: Attempt to insert object named "Actors" into container named ".library", which already contains an object with that name.
TransformationEditor: Ignoring clone of .MoreLibraries beause we don't known how to import it. Exception was: ptolemy.kernel.util.NameDuplicationException: Attempt to insert object named "MoreLibraries" into container named ".library", which already contains an object with that name.
TransformationEditor: Ignoring clone of .Utilities beause we don't known how to import it. Exception was: ptolemy.kernel.util.NameDuplicationException: Attempt to insert object named "Utilities" into container named ".library", which already contains an object with that name.
TransformationEditor: Ignoring clone of .Directors beause we don't known how to import it. Exception was: ptolemy.kernel.util.NameDuplicationException: Attempt to insert object named "Directors" into container named ".library", which already contains an object with that name.
TransformationEditor: Ignoring clone of .Actors beause we don't known how to import it. Exception was: ptolemy.kernel.util.NameDuplicationException: Attempt to insert object named "Actors" into container named ".library", which already contains an object with that name.
TransformationEditor: Ignoring clone of .MoreLibraries beause we don't known how to import it. Exception was: ptolemy.kernel.util.NameDuplicationException: Attempt to insert object named "MoreLibraries" into container named ".library", which already contains an object with that name.
TransformationEditor: Ignoring clone of .Utilities beause we don't known how to import it. Exception was: ptolemy.kernel.util.NameDuplicationException: Attempt to insert object named "Utilities" into container named ".library", which already contains an object with that name.
TransformationEditor: Ignoring clone of .Directors beause we don't known how to import it. Exception was: ptolemy.kernel.util.NameDuplicationException: Attempt to insert object named "Directors" into container named ".library", which already contains an object with that name.
TransformationEditor: Ignoring clone of .Actors beause we don't known how to import it. Exception was: ptolemy.kernel.util.NameDuplicationException: Attempt to insert object named "Actors" into container named ".library", which already contains an object with that name.
TransformationEditor: Ignoring clone of .MoreLibraries beause we don't known how to import it. Exception was: ptolemy.kernel.util.NameDuplicationException: Attempt to insert object named "MoreLibraries" into container named ".library", which already contains an object with that name.
TransformationEditor: Ignoring clone of .Utilities beause we don't known how to import it. Exception was: ptolemy.kernel.util.NameDuplicationException: Attempt to insert object named "Utilities" into container named ".library", which already contains an object with that name.
TransformationEditor: Ignoring clone of .Directors beause we don't known how to import it. Exception was: ptolemy.kernel.util.NameDuplicationException: Attempt to insert object named "Directors" into container named ".library", which already contains an object with that name.
TransformationEditor: Ignoring clone of .Actors beause we don't known how to import it. Exception was: ptolemy.kernel.util.NameDuplicationException: Attempt to insert object named "Actors" into container named ".library", which already contains an object with that name.
TransformationEditor: Ignoring clone of .MoreLibraries beause we don't known how to import it. Exception was: ptolemy.kernel.util.NameDuplicationException: Attempt to insert object named "MoreLibraries" into container named ".library", which already contains an object with that name.
TransformationEditor: Ignoring clone of .Utilities beause we don't known how to import it. Exception was: ptolemy.kernel.util.NameDuplicationException: Attempt to insert object named "Utilities" into container named ".library", which already contains an object with that name.
TransformationEditor: Ignoring clone of .Directors beause we don't known how to import it. Exception was: ptolemy.kernel.util.NameDuplicationException: Attempt to insert object named "Directors" into container named ".library", which already contains an object with that name.
TransformationEditor: Ignoring clone of .Actors beause we don't known how to import it. Exception was: ptolemy.kernel.util.NameDuplicationException: Attempt to insert object named "Actors" into container named ".library", which already contains an object with that name.
TransformationEditor: Ignoring clone of .MoreLibraries beause we don't known how to import it. Exception was: ptolemy.kernel.util.NameDuplicationException: Attempt to insert object named "MoreLibraries" into container named ".library", which already contains an object with that name.
TransformationEditor: Ignoring clone of .Utilities beause we don't known how to import it. Exception was: ptolemy.kernel.util.NameDuplicationException: Attempt to insert object named "Utilities" into container named ".library", which already contains an object with that name.
TransformationEditor: Ignoring clone of .Directors beause we don't known how to import it. Exception was: ptolemy.kernel.util.NameDuplicationException: Attempt to insert object named "Directors" into container named ".library", which already contains an object with that name.
TransformationEditor: Ignoring clone of .Actors beause we don't known how to import it. Exception was: ptolemy.kernel.util.NameDuplicationException: Attempt to insert object named "Actors" into container named ".library", which already contains an object with that name.
TransformationEditor: Ignoring clone of .MoreLibraries beause we don't known how to import it. Exception was: ptolemy.kernel.util.NameDuplicationException: Attempt to insert object named "MoreLibraries" into container named ".library", which already contains an object with that name.
TransformationEditor: Ignoring clone of .Utilities beause we don't known how to import it. Exception was: ptolemy.kernel.util.NameDuplicationException: Attempt to insert object named "Utilities" into container named ".library", which already contains an object with that name.
TransformationEditor: Ignoring clone of .Directors beause we don't known how to import it. Exception was: ptolemy.kernel.util.NameDuplicationException: Attempt to insert object named "Directors" into container named ".library", which already contains an object with that name.
TransformationEditor: Ignoring clone of .Actors beause we don't known how to import it. Exception was: ptolemy.kernel.util.NameDuplicationException: Attempt to insert object named "Actors" into container named ".library", which already contains an object with that name.
TransformationEditor: Ignoring clone of .MoreLibraries beause we don't known how to import it. Exception was: ptolemy.kernel.util.NameDuplicationException: Attempt to insert object named "MoreLibraries" into container named ".library", which already contains an object with that name.
TransformationEditor: Ignoring clone of .Utilities beause we don't known how to import it. Exception was: ptolemy.kernel.util.NameDuplicationException: Attempt to insert object named "Utilities" into container named ".library", which already contains an object with that name.
TransformationEditor: Ignoring clone of .Directors beause we don't known how to import it. Exception was: ptolemy.kernel.util.NameDuplicationException: Attempt to insert object named "Directors" into container named ".library", which already contains an object with that name.
TransformationEditor: Ignoring clone of .Actors beause we don't known how to import it. Exception was: ptolemy.kernel.util.NameDuplicationException: Attempt to insert object named "Actors" into container named ".library", which already contains an object with that name.
TransformationEditor: Ignoring clone of .MoreLibraries beause we don't known how to import it. Exception was: ptolemy.kernel.util.NameDuplicationException: Attempt to insert object named "MoreLibraries" into container named ".library", which already contains an object with that name.
TransformationEditor: Ignoring clone of .Utilities beause we don't known how to import it. Exception was: ptolemy.kernel.util.NameDuplicationException: Attempt to insert object named "Utilities" into container named ".library", which already contains an object with that name.
TransformationEditor: Ignoring clone of .Directors beause we don't known how to import it. Exception was: ptolemy.kernel.util.NameDuplicationException: Attempt to insert object named "Directors" into container named ".library", which already contains an object with that name.
TransformationEditor: Ignoring clone of .Actors beause we don't known how to import it. Exception was: ptolemy.kernel.util.NameDuplicationException: Attempt to insert object named "Actors" into container named ".library", which already contains an object with that name.
TransformationEditor: Ignoring clone of .MoreLibraries beause we don't known how to import it. Exception was: ptolemy.kernel.util.NameDuplicationException: Attempt to insert object named "MoreLibraries" into container named ".library", which already contains an object with that name.
TransformationEditor: Ignoring clone of .Utilities beause we don't known how to import it. Exception was: ptolemy.kernel.util.NameDuplicationException: Attempt to insert object named "Utilities" into container named ".library", which already contains an object with that name.
TransformationEditor: Ignoring clone of .Directors beause we don't known how to import it. Exception was: ptolemy.kernel.util.NameDuplicationException: Attempt to insert object named "Directors" into container named ".library", which already contains an object with that name.
TransformationEditor: Ignoring clone of .Actors beause we don't known how to import it. Exception was: ptolemy.kernel.util.NameDuplicationException: Attempt to insert object named "Actors" into container named ".library", which already contains an object with that name.
TransformationEditor: Ignoring clone of .MoreLibraries beause we don't known how to import it. Exception was: ptolemy.kernel.util.NameDuplicationException: Attempt to insert object named "MoreLibraries" into container named ".library", which already contains an object with that name.
TransformationEditor: Ignoring clone of .Utilities beause we don't known how to import it. Exception was: ptolemy.kernel.util.NameDuplicationException: Attempt to insert object named "Utilities" into container named ".library", which already contains an object with that name.
TransformationEditor: Ignoring clone of .Directors beause we don't known how to import it. Exception was: ptolemy.kernel.util.NameDuplicationException: Attempt to insert object named "Directors" into container named ".library", which already contains an object with that name.
TransformationEditor: Ignoring clone of .Actors beause we don't known how to import it. Exception was: ptolemy.kernel.util.NameDuplicationException: Attempt to insert object named "Actors" into container named ".library", which already contains an object with that name.
TransformationEditor: Ignoring clone of .MoreLibraries beause we don't known how to import it. Exception was: ptolemy.kernel.util.NameDuplicationException: Attempt to insert object named "MoreLibraries" into container named ".library", which already contains an object with that name.
TransformationEditor: Ignoring clone of .Utilities beause we don't known how to import it. Exception was: ptolemy.kernel.util.NameDuplicationException: Attempt to insert object named "Utilities" into container named ".library", which already contains an object with that name.
TransformationEditor: Ignoring clone of .Directors beause we don't known how to import it. Exception was: ptolemy.kernel.util.NameDuplicationException: Attempt to insert object named "Directors" into container named ".library", which already contains an object with that name.
TransformationEditor: Ignoring clone of .Actors beause we don't known how to import it. Exception was: ptolemy.kernel.util.NameDuplicationException: Attempt to insert object named "Actors" into container named ".library", which already contains an object with that name.
TransformationEditor: Ignoring clone of .MoreLibraries beause we don't known how to import it. Exception was: ptolemy.kernel.util.NameDuplicationException: Attempt to insert object named "MoreLibraries" into container named ".library", which already contains an object with that name.
TransformationEditor: Ignoring clone of .Utilities beause we don't known how to import it. Exception was: ptolemy.kernel.util.NameDuplicationException: Attempt to insert object named "Utilities" into container named ".library", which already contains an object with that name.
TransformationEditor: Ignoring clone of .Directors beause we don't known how to import it. Exception was: ptolemy.kernel.util.NameDuplicationException: Attempt to insert object named "Directors" into container named ".library", which already contains an object with that name.
TransformationEditor: Ignoring clone of .Actors beause we don't known how to import it. Exception was: ptolemy.kernel.util.NameDuplicationException: Attempt to insert object named "Actors" into container named ".library", which already contains an object with that name.
TransformationEditor: Ignoring clone of .MoreLibraries beause we don't known how to import it. Exception was: ptolemy.kernel.util.NameDuplicationException: Attempt to insert object named "MoreLibraries" into container named ".library", which already contains an object with that name.
TransformationEditor: Ignoring clone of .Utilities beause we don't known how to import it. Exception was: ptolemy.kernel.util.NameDuplicationException: Attempt to insert object named "Utilities" into container named ".library", which already contains an object with that name.
TransformationEditor: Ignoring clone of .Directors beause we don't known how to import it. Exception was: ptolemy.kernel.util.NameDuplicationException: Attempt to insert object named "Directors" into container named ".library", which already contains an object with that name.
TransformationEditor: Ignoring clone of .Actors beause we don't known how to import it. Exception was: ptolemy.kernel.util.NameDuplicationException: Attempt to insert object named "Actors" into container named ".library", which already contains an object with that name.
TransformationEditor: Ignoring clone of .MoreLibraries beause we don't known how to import it. Exception was: ptolemy.kernel.util.NameDuplicationException: Attempt to insert object named "MoreLibraries" into container named ".library", which already contains an object with that name.
TransformationEditor: Ignoring clone of .Utilities beause we don't known how to import it. Exception was: ptolemy.kernel.util.NameDuplicationException: Attempt to insert object named "Utilities" into container named ".library", which already contains an object with that name.
TransformationEditor: Ignoring clone of .Directors beause we don't known how to import it. Exception was: ptolemy.kernel.util.NameDuplicationException: Attempt to insert object named "Directors" into container named ".library", which already contains an object with that name.
TransformationEditor: Ignoring clone of .Actors beause we don't known how to import it. Exception was: ptolemy.kernel.util.NameDuplicationException: Attempt to insert object named "Actors" into container named ".library", which already contains an object with that name.
TransformationEditor: Ignoring clone of .MoreLibraries beause we don't known how to import it. Exception was: ptolemy.kernel.util.NameDuplicationException: Attempt to insert object named "MoreLibraries" into container named ".library", which already contains an object with that name.
TransformationEditor: Ignoring clone of .Utilities beause we don't known how to import it. Exception was: ptolemy.kernel.util.NameDuplicationException: Attempt to insert object named "Utilities" into container named ".library", which already contains an object with that name.
TransformationEditor: Ignoring clone of .Directors beause we don't known how to import it. Exception was: ptolemy.kernel.util.NameDuplicationException: Attempt to insert object named "Directors" into container named ".library", which already contains an object with that name.
TransformationEditor: Ignoring clone of .Actors beause we don't known how to import it. Exception was: ptolemy.kernel.util.NameDuplicationException: Attempt to insert object named "Actors" into container named ".library", which already contains an object with that name.
TransformationEditor: Ignoring clone of .MoreLibraries beause we don't known how to import it. Exception was: ptolemy.kernel.util.NameDuplicationException: Attempt to insert object named "MoreLibraries" into container named ".library", which already contains an object with that name.
TransformationEditor: Ignoring clone of .Utilities beause we don't known how to import it. Exception was: ptolemy.kernel.util.NameDuplicationException: Attempt to insert object named "Utilities" into container named ".library", which already contains an object with that name.
TransformationEditor: Ignoring clone of .Directors beause we don't known how to import it. Exception was: ptolemy.kernel.util.NameDuplicationException: Attempt to insert object named "Directors" into container named ".library", which already contains an object with that name.
TransformationEditor: Ignoring clone of .Actors beause we don't known how to import it. Exception was: ptolemy.kernel.util.NameDuplicationException: Attempt to insert object named "Actors" into container named ".library", which already contains an object with that name.
TransformationEditor: Ignoring clone of .MoreLibraries beause we don't known how to import it. Exception was: ptolemy.kernel.util.NameDuplicationException: Attempt to insert object named "MoreLibraries" into container named ".library", which already contains an object with that name.
TransformationEditor: Ignoring clone of .Utilities beause we don't known how to import it. Exception was: ptolemy.kernel.util.NameDuplicationException: Attempt to insert object named "Utilities" into container named ".library", which already contains an object with that name.
TransformationEditor: Ignoring clone of .Directors beause we don't known how to import it. Exception was: ptolemy.kernel.util.NameDuplicationException: Attempt to insert object named "Directors" into container named ".library", which already contains an object with that name.
TransformationEditor: Ignoring clone of .Actors beause we don't known how to import it. Exception was: ptolemy.kernel.util.NameDuplicationException: Attempt to insert object named "Actors" into container named ".library", which already contains an object with that name.
TransformationEditor: Ignoring clone of .MoreLibraries beause we don't known how to import it. Exception was: ptolemy.kernel.util.NameDuplicationException: Attempt to insert object named "MoreLibraries" into container named ".library", which already contains an object with that name.
TransformationEditor: Ignoring clone of .Utilities beause we don't known how to import it. Exception was: ptolemy.kernel.util.NameDuplicationException: Attempt to insert object named "Utilities" into container named ".library", which already contains an object with that name.
TransformationEditor: Ignoring clone of .Directors beause we don't known how to import it. Exception was: ptolemy.kernel.util.NameDuplicationException: Attempt to insert object named "Directors" into container named ".library", which already contains an object with that name.
TransformationEditor: Ignoring clone of .Actors beause we don't known how to import it. Exception was: ptolemy.kernel.util.NameDuplicationException: Attempt to insert object named "Actors" into container named ".library", which already contains an object with that name.
TransformationEditor: Ignoring clone of .MoreLibraries beause we don't known how to import it. Exception was: ptolemy.kernel.util.NameDuplicationException: Attempt to insert object named "MoreLibraries" into container named ".library", which already contains an object with that name.
TransformationEditor: Ignoring clone of .Utilities beause we don't known how to import it. Exception was: ptolemy.kernel.util.NameDuplicationException: Attempt to insert object named "Utilities" into container named ".library", which already contains an object with that name.
TransformationEditor: Ignoring clone of .Directors beause we don't known how to import it. Exception was: ptolemy.kernel.util.NameDuplicationException: Attempt to insert object named "Directors" into container named ".library", which already contains an object with that name.
TransformationEditor: Ignoring clone of .Actors beause we don't known how to import it. Exception was: ptolemy.kernel.util.NameDuplicationException: Attempt to insert object named "Actors" into container named ".library", which already contains an object with that name.
TransformationEditor: Ignoring clone of .MoreLibraries beause we don't known how to import it. Exception was: ptolemy.kernel.util.NameDuplicationException: Attempt to insert object named "MoreLibraries" into container named ".library", which already contains an object with that name.
TransformationEditor: Ignoring clone of .Utilities beause we don't known how to import it. Exception was: ptolemy.kernel.util.NameDuplicationException: Attempt to insert object named "Utilities" into container named ".library", which already contains an object with that name.
TransformationEditor: Ignoring clone of .Directors beause we don't known how to import it. Exception was: ptolemy.kernel.util.NameDuplicationException: Attempt to insert object named "Directors" into container named ".library", which already contains an object with that name.
TransformationEditor: Ignoring clone of .Actors beause we don't known how to import it. Exception was: ptolemy.kernel.util.NameDuplicationException: Attempt to insert object named "Actors" into container named ".library", which already contains an object with that name.
TransformationEditor: Ignoring clone of .MoreLibraries beause we don't known how to import it. Exception was: ptolemy.kernel.util.NameDuplicationException: Attempt to insert object named "MoreLibraries" into container named ".library", which already contains an object with that name.
TransformationEditor: Ignoring clone of .Utilities beause we don't known how to import it. Exception was: ptolemy.kernel.util.NameDuplicationException: Attempt to insert object named "Utilities" into container named ".library", which already contains an object with that name.
TransformationEditor: Ignoring clone of .Directors beause we don't known how to import it. Exception was: ptolemy.kernel.util.NameDuplicationException: Attempt to insert object named "Directors" into container named ".library", which already contains an object with that name.
TransformationEditor: Ignoring clone of .Actors beause we don't known how to import it. Exception was: ptolemy.kernel.util.NameDuplicationException: Attempt to insert object named "Actors" into container named ".library", which already contains an object with that name.
TransformationEditor: Ignoring clone of .MoreLibraries beause we don't known how to import it. Exception was: ptolemy.kernel.util.NameDuplicationException: Attempt to insert object named "MoreLibraries" into container named ".library", which already contains an object with that name.
TransformationEditor: Ignoring clone of .Utilities beause we don't known how to import it. Exception was: ptolemy.kernel.util.NameDuplicationException: Attempt to insert object named "Utilities" into container named ".library", which already contains an object with that name.
TransformationEditor: Ignoring clone of .Directors beause we don't known how to import it. Exception was: ptolemy.kernel.util.NameDuplicationException: Attempt to insert object named "Directors" into container named ".library", which already contains an object with that name.
TransformationEditor: Ignoring clone of .Actors beause we don't known how to import it. Exception was: ptolemy.kernel.util.NameDuplicationException: Attempt to insert object named "Actors" into container named ".library", which already contains an object with that name.
TransformationEditor: Ignoring clone of .MoreLibraries beause we don't known how to import it. Exception was: ptolemy.kernel.util.NameDuplicationException: Attempt to insert object named "MoreLibraries" into container named ".library", which already contains an object with that name.
TransformationEditor: Ignoring clone of .Utilities beause we don't known how to import it. Exception was: ptolemy.kernel.util.NameDuplicationException: Attempt to insert object named "Utilities" into container named ".library", which already contains an object with that name.
TransformationEditor: Ignoring clone of .Directors beause we don't known how to import it. Exception was: ptolemy.kernel.util.NameDuplicationException: Attempt to insert object named "Directors" into container named ".library", which already contains an object with that name.
TransformationEditor: Ignoring clone of .Actors beause we don't known how to import it. Exception was: ptolemy.kernel.util.NameDuplicationException: Attempt to insert object named "Actors" into container named ".library", which already contains an object with that name.
TransformationEditor: Ignoring clone of .MoreLibraries beause we don't known how to import it. Exception was: ptolemy.kernel.util.NameDuplicationException: Attempt to insert object named "MoreLibraries" into container named ".library", which already contains an object with that name.
TransformationEditor: Ignoring clone of .Utilities beause we don't known how to import it. Exception was: ptolemy.kernel.util.NameDuplicationException: Attempt to insert object named "Utilities" into container named ".library", which already contains an object with that name.
TransformationEditor: Ignoring clone of .Directors beause we don't known how to import it. Exception was: ptolemy.kernel.util.NameDuplicationException: Attempt to insert object named "Directors" into container named ".library", which already contains an object with that name.
TransformationEditor: Ignoring clone of .Actors beause we don't known how to import it. Exception was: ptolemy.kernel.util.NameDuplicationException: Attempt to insert object named "Actors" into container named ".library", which already contains an object with that name.
TransformationEditor: Ignoring clone of .MoreLibraries beause we don't known how to import it. Exception was: ptolemy.kernel.util.NameDuplicationException: Attempt to insert object named "MoreLibraries" into container named ".library", which already contains an object with that name.
TransformationEditor: Ignoring clone of .Utilities beause we don't known how to import it. Exception was: ptolemy.kernel.util.NameDuplicationException: Attempt to insert object named "Utilities" into container named ".library", which already contains an object with that name.
TransformationEditor: Ignoring clone of .Directors beause we don't known how to import it. Exception was: ptolemy.kernel.util.NameDuplicationException: Attempt to insert object named "Directors" into container named ".library", which already contains an object with that name.
TransformationEditor: Ignoring clone of .Actors beause we don't known how to import it. Exception was: ptolemy.kernel.util.NameDuplicationException: Attempt to insert object named "Actors" into container named ".library", which already contains an object with that name.
TransformationEditor: Ignoring clone of .MoreLibraries beause we don't known how to import it. Exception was: ptolemy.kernel.util.NameDuplicationException: Attempt to insert object named "MoreLibraries" into container named ".library", which already contains an object with that name.
TransformationEditor: Ignoring clone of .Utilities beause we don't known how to import it. Exception was: ptolemy.kernel.util.NameDuplicationException: Attempt to insert object named "Utilities" into container named ".library", which already contains an object with that name.
TransformationEditor: Ignoring clone of .Directors beause we don't known how to import it. Exception was: ptolemy.kernel.util.NameDuplicationException: Attempt to insert object named "Directors" into container named ".library", which already contains an object with that name.
TransformationEditor: Ignoring clone of .Actors beause we don't known how to import it. Exception was: ptolemy.kernel.util.NameDuplicationException: Attempt to insert object named "Actors" into container named ".library", which already contains an object with that name.
TransformationEditor: Ignoring clone of .MoreLibraries beause we don't known how to import it. Exception was: ptolemy.kernel.util.NameDuplicationException: Attempt to insert object named "MoreLibraries" into container named ".library", which already contains an object with that name.
TransformationEditor: Ignoring clone of .Utilities beause we don't known how to import it. Exception was: ptolemy.kernel.util.NameDuplicationException: Attempt to insert object named "Utilities" into container named ".library", which already contains an object with that name.
TransformationEditor: Ignoring clone of .Directors beause we don't known how to import it. Exception was: ptolemy.kernel.util.NameDuplicationException: Attempt to insert object named "Directors" into container named ".library", which already contains an object with that name.
TransformationEditor: Ignoring clone of .Actors beause we don't known how to import it. Exception was: ptolemy.kernel.util.NameDuplicationException: Attempt to insert object named "Actors" into container named ".library", which already contains an object with that name.
TransformationEditor: Ignoring clone of .MoreLibraries beause we don't known how to import it. Exception was: ptolemy.kernel.util.NameDuplicationException: Attempt to insert object named "MoreLibraries" into container named ".library", which already contains an object with that name.
TransformationEditor: Ignoring clone of .Utilities beause we don't known how to import it. Exception was: ptolemy.kernel.util.NameDuplicationException: Attempt to insert object named "Utilities" into container named ".library", which already contains an object with that name.
TransformationEditor: Ignoring clone of .Directors beause we don't known how to import it. Exception was: ptolemy.kernel.util.NameDuplicationException: Attempt to insert object named "Directors" into container named ".library", which already contains an object with that name.
TransformationEditor: Ignoring clone of .Actors beause we don't known how to import it. Exception was: ptolemy.kernel.util.NameDuplicationException: Attempt to insert object named "Actors" into container named ".library", which already contains an object with that name.
TransformationEditor: Ignoring clone of .MoreLibraries beause we don't known how to import it. Exception was: ptolemy.kernel.util.NameDuplicationException: Attempt to insert object named "MoreLibraries" into container named ".library", which already contains an object with that name.
TransformationEditor: Ignoring clone of .Utilities beause we don't known how to import it. Exception was: ptolemy.kernel.util.NameDuplicationException: Attempt to insert object named "Utilities" into container named ".library", which already contains an object with that name.
TransformationEditor: Ignoring clone of .Directors beause we don't known how to import it. Exception was: ptolemy.kernel.util.NameDuplicationException: Attempt to insert object named "Directors" into container named ".library", which already contains an object with that name.
TransformationEditor: Ignoring clone of .Actors beause we don't known how to import it. Exception was: ptolemy.kernel.util.NameDuplicationException: Attempt to insert object named "Actors" into container named ".library", which already contains an object with that name.
TransformationEditor: Ignoring clone of .MoreLibraries beause we don't known how to import it. Exception was: ptolemy.kernel.util.NameDuplicationException: Attempt to insert object named "MoreLibraries" into container named ".library", which already contains an object with that name.
TransformationEditor: Ignoring clone of .Utilities beause we don't known how to import it. Exception was: ptolemy.kernel.util.NameDuplicationException: Attempt to insert object named "Utilities" into container named ".library", which already contains an object with that name.
TransformationEditor: Ignoring clone of .Directors beause we don't known how to import it. Exception was: ptolemy.kernel.util.NameDuplicationException: Attempt to insert object named "Directors" into container named ".library", which already contains an object with that name.
TransformationEditor: Ignoring clone of .Actors beause we don't known how to import it. Exception was: ptolemy.kernel.util.NameDuplicationException: Attempt to insert object named "Actors" into container named ".library", which already contains an object with that name.
TransformationEditor: Ignoring clone of .MoreLibraries beause we don't known how to import it. Exception was: ptolemy.kernel.util.NameDuplicationException: Attempt to insert object named "MoreLibraries" into container named ".library", which already contains an object with that name.
TransformationEditor: Ignoring clone of .Utilities beause we don't known how to import it. Exception was: ptolemy.kernel.util.NameDuplicationException: Attempt to insert object named "Utilities" into container named ".library", which already contains an object with that name.
TransformationEditor: Ignoring clone of .Directors beause we don't known how to import it. Exception was: ptolemy.kernel.util.NameDuplicationException: Attempt to insert object named "Directors" into container named ".library", which already contains an object with that name.
TransformationEditor: Ignoring clone of .Actors beause we don't known how to import it. Exception was: ptolemy.kernel.util.NameDuplicationException: Attempt to insert object named "Actors" into container named ".library", which already contains an object with that name.
TransformationEditor: Ignoring clone of .MoreLibraries beause we don't known how to import it. Exception was: ptolemy.kernel.util.NameDuplicationException: Attempt to insert object named "MoreLibraries" into container named ".library", which already contains an object with that name.
TransformationEditor: Ignoring clone of .Utilities beause we don't known how to import it. Exception was: ptolemy.kernel.util.NameDuplicationException: Attempt to insert object named "Utilities" into container named ".library", which already contains an object with that name.
TransformationEditor: Ignoring clone of .Directors beause we don't known how to import it. Exception was: ptolemy.kernel.util.NameDuplicationException: Attempt to insert object named "Directors" into container named ".library", which already contains an object with that name.
TransformationEditor: Ignoring clone of .Actors beause we don't known how to import it. Exception was: ptolemy.kernel.util.NameDuplicationException: Attempt to insert object named "Actors" into container named ".library", which already contains an object with that name.
TransformationEditor: Ignoring clone of .MoreLibraries beause we don't known how to import it. Exception was: ptolemy.kernel.util.NameDuplicationException: Attempt to insert object named "MoreLibraries" into container named ".library", which already contains an object with that name.
TransformationEditor: Ignoring clone of .Utilities beause we don't known how to import it. Exception was: ptolemy.kernel.util.NameDuplicationException: Attempt to insert object named "Utilities" into container named ".library", which already contains an object with that name.
TransformationEditor: Ignoring clone of .Directors beause we don't known how to import it. Exception was: ptolemy.kernel.util.NameDuplicationException: Attempt to insert object named "Directors" into container named ".library", which already contains an object with that name.
TransformationEditor: Ignoring clone of .Actors beause we don't known how to import it. Exception was: ptolemy.kernel.util.NameDuplicationException: Attempt to insert object named "Actors" into container named ".library", which already contains an object with that name.
TransformationEditor: Ignoring clone of .MoreLibraries beause we don't known how to import it. Exception was: ptolemy.kernel.util.NameDuplicationException: Attempt to insert object named "MoreLibraries" into container named ".library", which already contains an object with that name.
TransformationEditor: Ignoring clone of .Utilities beause we don't known how to import it. Exception was: ptolemy.kernel.util.NameDuplicationException: Attempt to insert object named "Utilities" into container named ".library", which already contains an object with that name.
TransformationEditor: Ignoring clone of .Directors beause we don't known how to import it. Exception was: ptolemy.kernel.util.NameDuplicationException: Attempt to insert object named "Directors" into container named ".library", which already contains an object with that name.
TransformationEditor: Ignoring clone of .Actors beause we don't known how to import it. Exception was: ptolemy.kernel.util.NameDuplicationException: Attempt to insert object named "Actors" into container named ".library", which already contains an object with that name.
TransformationEditor: Ignoring clone of .MoreLibraries beause we don't known how to import it. Exception was: ptolemy.kernel.util.NameDuplicationException: Attempt to insert object named "MoreLibraries" into container named ".library", which already contains an object with that name.
TransformationEditor: Ignoring clone of .Utilities beause we don't known how to import it. Exception was: ptolemy.kernel.util.NameDuplicationException: Attempt to insert object named "Utilities" into container named ".library", which already contains an object with that name.
TransformationEditor: Ignoring clone of .Directors beause we don't known how to import it. Exception was: ptolemy.kernel.util.NameDuplicationException: Attempt to insert object named "Directors" into container named ".library", which already contains an object with that name.
TransformationEditor: Ignoring clone of .Actors beause we don't known how to import it. Exception was: ptolemy.kernel.util.NameDuplicationException: Attempt to insert object named "Actors" into container named ".library", which already contains an object with that name.
TransformationEditor: Ignoring clone of .MoreLibraries beause we don't known how to import it. Exception was: ptolemy.kernel.util.NameDuplicationException: Attempt to insert object named "MoreLibraries" into container named ".library", which already contains an object with that name.
TransformationEditor: Ignoring clone of .Utilities beause we don't known how to import it. Exception was: ptolemy.kernel.util.NameDuplicationException: Attempt to insert object named "Utilities" into container named ".library", which already contains an object with that name.
TransformationEditor: Ignoring clone of .Directors beause we don't known how to import it. Exception was: ptolemy.kernel.util.NameDuplicationException: Attempt to insert object named "Directors" into container named ".library", which already contains an object with that name.
TransformationEditor: Ignoring clone of .Actors beause we don't known how to import it. Exception was: ptolemy.kernel.util.NameDuplicationException: Attempt to insert object named "Actors" into container named ".library", which already contains an object with that name.
TransformationEditor: Ignoring clone of .MoreLibraries beause we don't known how to import it. Exception was: ptolemy.kernel.util.NameDuplicationException: Attempt to insert object named "MoreLibraries" into container named ".library", which already contains an object with that name.
TransformationEditor: Ignoring clone of .Utilities beause we don't known how to import it. Exception was: ptolemy.kernel.util.NameDuplicationException: Attempt to insert object named "Utilities" into container named ".library", which already contains an object with that name.
TransformationEditor: Ignoring clone of .Directors beause we don't known how to import it. Exception was: ptolemy.kernel.util.NameDuplicationException: Attempt to insert object named "Directors" into container named ".library", which already contains an object with that name.
TransformationEditor: Ignoring clone of .Actors beause we don't known how to import it. Exception was: ptolemy.kernel.util.NameDuplicationException: Attempt to insert object named "Actors" into container named ".library", which already contains an object with that name.
TransformationEditor: Ignoring clone of .MoreLibraries beause we don't known how to import it. Exception was: ptolemy.kernel.util.NameDuplicationException: Attempt to insert object named "MoreLibraries" into container named ".library", which already contains an object with that name.
TransformationEditor: Ignoring clone of .Utilities beause we don't known how to import it. Exception was: ptolemy.kernel.util.NameDuplicationException: Attempt to insert object named "Utilities" into container named ".library", which already contains an object with that name.
TransformationEditor: Ignoring clone of .Directors beause we don't known how to import it. Exception was: ptolemy.kernel.util.NameDuplicationException: Attempt to insert object named "Directors" into container named ".library", which already contains an object with that name.
TransformationEditor: Ignoring clone of .Actors beause we don't known how to import it. Exception was: ptolemy.kernel.util.NameDuplicationException: Attempt to insert object named "Actors" into container named ".library", which already contains an object with that name.
TransformationEditor: Ignoring clone of .MoreLibraries beause we don't known how to import it. Exception was: ptolemy.kernel.util.NameDuplicationException: Attempt to insert object named "MoreLibraries" into container named ".library", which already contains an object with that name.
TransformationEditor: Ignoring clone of .Utilities beause we don't known how to import it. Exception was: ptolemy.kernel.util.NameDuplicationException: Attempt to insert object named "Utilities" into container named ".library", which already contains an object with that name.
TransformationEditor: Ignoring clone of .Directors beause we don't known how to import it. Exception was: ptolemy.kernel.util.NameDuplicationException: Attempt to insert object named "Directors" into container named ".library", which already contains an object with that name.
TransformationEditor: Ignoring clone of .Actors beause we don't known how to import it. Exception was: ptolemy.kernel.util.NameDuplicationException: Attempt to insert object named "Actors" into container named ".library", which already contains an object with that name.
TransformationEditor: Ignoring clone of .MoreLibraries beause we don't known how to import it. Exception was: ptolemy.kernel.util.NameDuplicationException: Attempt to insert object named "MoreLibraries" into container named ".library", which already contains an object with that name.
TransformationEditor: Ignoring clone of .Utilities beause we don't known how to import it. Exception was: ptolemy.kernel.util.NameDuplicationException: Attempt to insert object named "Utilities" into container named ".library", which already contains an object with that name.
TransformationEditor: Ignoring clone of .Directors beause we don't known how to import it. Exception was: ptolemy.kernel.util.NameDuplicationException: Attempt to insert object named "Directors" into container named ".library", which already contains an object with that name.
TransformationEditor: Ignoring clone of .Actors beause we don't known how to import it. Exception was: ptolemy.kernel.util.NameDuplicationException: Attempt to insert object named "Actors" into container named ".library", which already contains an object with that name.
TransformationEditor: Ignoring clone of .MoreLibraries beause we don't known how to import it. Exception was: ptolemy.kernel.util.NameDuplicationException: Attempt to insert object named "MoreLibraries" into container named ".library", which already contains an object with that name.
TransformationEditor: Ignoring clone of .Utilities beause we don't known how to import it. Exception was: ptolemy.kernel.util.NameDuplicationException: Attempt to insert object named "Utilities" into container named ".library", which already contains an object with that name.
TransformationEditor: Ignoring clone of .Directors beause we don't known how to import it. Exception was: ptolemy.kernel.util.NameDuplicationException: Attempt to insert object named "Directors" into container named ".library", which already contains an object with that name.
TransformationEditor: Ignoring clone of .Actors beause we don't known how to import it. Exception was: ptolemy.kernel.util.NameDuplicationException: Attempt to insert object named "Actors" into container named ".library", which already contains an object with that name.
TransformationEditor: Ignoring clone of .MoreLibraries beause we don't known how to import it. Exception was: ptolemy.kernel.util.NameDuplicationException: Attempt to insert object named "MoreLibraries" into container named ".library", which already contains an object with that name.
TransformationEditor: Ignoring clone of .Utilities beause we don't known how to import it. Exception was: ptolemy.kernel.util.NameDuplicationException: Attempt to insert object named "Utilities" into container named ".library", which already contains an object with that name.
TransformationEditor: Ignoring clone of .Directors beause we don't known how to import it. Exception was: ptolemy.kernel.util.NameDuplicationException: Attempt to insert object named "Directors" into container named ".library", which already contains an object with that name.
TransformationEditor: Ignoring clone of .Actors beause we don't known how to import it. Exception was: ptolemy.kernel.util.NameDuplicationException: Attempt to insert object named "Actors" into container named ".library", which already contains an object with that name.
TransformationEditor: Ignoring clone of .MoreLibraries beause we don't known how to import it. Exception was: ptolemy.kernel.util.NameDuplicationException: Attempt to insert object named "MoreLibraries" into container named ".library", which already contains an object with that name.
TransformationEditor: Ignoring clone of .Utilities beause we don't known how to import it. Exception was: ptolemy.kernel.util.NameDuplicationException: Attempt to insert object named "Utilities" into container named ".library", which already contains an object with that name.
TransformationEditor: Ignoring clone of .Directors beause we don't known how to import it. Exception was: ptolemy.kernel.util.NameDuplicationException: Attempt to insert object named "Directors" into container named ".library", which already contains an object with that name.
TransformationEditor: Ignoring clone of .Actors beause we don't known how to import it. Exception was: ptolemy.kernel.util.NameDuplicationException: Attempt to insert object named "Actors" into container named ".library", which already contains an object with that name.
TransformationEditor: Ignoring clone of .MoreLibraries beause we don't known how to import it. Exception was: ptolemy.kernel.util.NameDuplicationException: Attempt to insert object named "MoreLibraries" into container named ".library", which already contains an object with that name.
TransformationEditor: Ignoring clone of .Utilities beause we don't known how to import it. Exception was: ptolemy.kernel.util.NameDuplicationException: Attempt to insert object named "Utilities" into container named ".library", which already contains an object with that name.
TransformationEditor: Ignoring clone of .Directors beause we don't known how to import it. Exception was: ptolemy.kernel.util.NameDuplicationException: Attempt to insert object named "Directors" into container named ".library", which already contains an object with that name.
TransformationEditor: Ignoring clone of .Actors beause we don't known how to import it. Exception was: ptolemy.kernel.util.NameDuplicationException: Attempt to insert object named "Actors" into container named ".library", which already contains an object with that name.
TransformationEditor: Ignoring clone of .MoreLibraries beause we don't known how to import it. Exception was: ptolemy.kernel.util.NameDuplicationException: Attempt to insert object named "MoreLibraries" into container named ".library", which already contains an object with that name.
TransformationEditor: Ignoring clone of .Utilities beause we don't known how to import it. Exception was: ptolemy.kernel.util.NameDuplicationException: Attempt to insert object named "Utilities" into container named ".library", which already contains an object with that name.
TransformationEditor: Ignoring clone of .Directors beause we don't known how to import it. Exception was: ptolemy.kernel.util.NameDuplicationException: Attempt to insert object named "Directors" into container named ".library", which already contains an object with that name.
TransformationEditor: Ignoring clone of .Actors beause we don't known how to import it. Exception was: ptolemy.kernel.util.NameDuplicationException: Attempt to insert object named "Actors" into container named ".library", which already contains an object with that name.
TransformationEditor: Ignoring clone of .MoreLibraries beause we don't known how to import it. Exception was: ptolemy.kernel.util.NameDuplicationException: Attempt to insert object named "MoreLibraries" into container named ".library", which already contains an object with that name.
TransformationEditor: Ignoring clone of .Utilities beause we don't known how to import it. Exception was: ptolemy.kernel.util.NameDuplicationException: Attempt to insert object named "Utilities" into container named ".library", which already contains an object with that name.
TransformationEditor: Ignoring clone of .Directors beause we don't known how to import it. Exception was: ptolemy.kernel.util.NameDuplicationException: Attempt to insert object named "Directors" into container named ".library", which already contains an object with that name.
TransformationEditor: Ignoring clone of .Actors beause we don't known how to import it. Exception was: ptolemy.kernel.util.NameDuplicationException: Attempt to insert object named "Actors" into container named ".library", which already contains an object with that name.
TransformationEditor: Ignoring clone of .MoreLibraries beause we don't known how to import it. Exception was: ptolemy.kernel.util.NameDuplicationException: Attempt to insert object named "MoreLibraries" into container named ".library", which already contains an object with that name.
TransformationEditor: Ignoring clone of .Utilities beause we don't known how to import it. Exception was: ptolemy.kernel.util.NameDuplicationException: Attempt to insert object named "Utilities" into container named ".library", which already contains an object with that name.
TransformationEditor: Ignoring clone of .Directors beause we don't known how to import it. Exception was: ptolemy.kernel.util.NameDuplicationException: Attempt to insert object named "Directors" into container named ".library", which already contains an object with that name.
TransformationEditor: Ignoring clone of .Actors beause we don't known how to import it. Exception was: ptolemy.kernel.util.NameDuplicationException: Attempt to insert object named "Actors" into container named ".library", which already contains an object with that name.
TransformationEditor: Ignoring clone of .MoreLibraries beause we don't known how to import it. Exception was: ptolemy.kernel.util.NameDuplicationException: Attempt to insert object named "MoreLibraries" into container named ".library", which already contains an object with that name.
TransformationEditor: Ignoring clone of .Utilities beause we don't known how to import it. Exception was: ptolemy.kernel.util.NameDuplicationException: Attempt to insert object named "Utilities" into container named ".library", which already contains an object with that name.
TransformationEditor: Ignoring clone of .Directors beause we don't known how to import it. Exception was: ptolemy.kernel.util.NameDuplicationException: Attempt to insert object named "Directors" into container named ".library", which already contains an object with that name.
TransformationEditor: Ignoring clone of .Actors beause we don't known how to import it. Exception was: ptolemy.kernel.util.NameDuplicationException: Attempt to insert object named "Actors" into container named ".library", which already contains an object with that name.
TransformationEditor: Ignoring clone of .MoreLibraries beause we don't known how to import it. Exception was: ptolemy.kernel.util.NameDuplicationException: Attempt to insert object named "MoreLibraries" into container named ".library", which already contains an object with that name.
TransformationEditor: Ignoring clone of .Utilities beause we don't known how to import it. Exception was: ptolemy.kernel.util.NameDuplicationException: Attempt to insert object named "Utilities" into container named ".library", which already contains an object with that name.
TransformationEditor: Ignoring clone of .Directors beause we don't known how to import it. Exception was: ptolemy.kernel.util.NameDuplicationException: Attempt to insert object named "Directors" into container named ".library", which already contains an object with that name.
TransformationEditor: Ignoring clone of .Actors beause we don't known how to import it. Exception was: ptolemy.kernel.util.NameDuplicationException: Attempt to insert object named "Actors" into container named ".library", which already contains an object with that name.
TransformationEditor: Ignoring clone of .MoreLibraries beause we don't known how to import it. Exception was: ptolemy.kernel.util.NameDuplicationException: Attempt to insert object named "MoreLibraries" into container named ".library", which already contains an object with that name.
TransformationEditor: Ignoring clone of .Utilities beause we don't known how to import it. Exception was: ptolemy.kernel.util.NameDuplicationException: Attempt to insert object named "Utilities" into container named ".library", which already contains an object with that name.
TransformationEditor: Ignoring clone of .Directors beause we don't known how to import it. Exception was: ptolemy.kernel.util.NameDuplicationException: Attempt to insert object named "Directors" into container named ".library", which already contains an object with that name.
TransformationEditor: Ignoring clone of .Actors beause we don't known how to import it. Exception was: ptolemy.kernel.util.NameDuplicationException: Attempt to insert object named "Actors" into container named ".library", which already contains an object with that name.
TransformationEditor: Ignoring clone of .MoreLibraries beause we don't known how to import it. Exception was: ptolemy.kernel.util.NameDuplicationException: Attempt to insert object named "MoreLibraries" into container named ".library", which already contains an object with that name.
TransformationEditor: Ignoring clone of .Utilities beause we don't known how to import it. Exception was: ptolemy.kernel.util.NameDuplicationException: Attempt to insert object named "Utilities" into container named ".library", which already contains an object with that name.
TransformationEditor: Ignoring clone of .Directors beause we don't known how to import it. Exception was: ptolemy.kernel.util.NameDuplicationException: Attempt to insert object named "Directors" into container named ".library", which already contains an object with that name.
TransformationEditor: Ignoring clone of .Actors beause we don't known how to import it. Exception was: ptolemy.kernel.util.NameDuplicationException: Attempt to insert object named "Actors" into container named ".library", which already contains an object with that name.
TransformationEditor: Ignoring clone of .MoreLibraries beause we don't known how to import it. Exception was: ptolemy.kernel.util.NameDuplicationException: Attempt to insert object named "MoreLibraries" into container named ".library", which already contains an object with that name.
TransformationEditor: Ignoring clone of .Utilities beause we don't known how to import it. Exception was: ptolemy.kernel.util.NameDuplicationException: Attempt to insert object named "Utilities" into container named ".library", which already contains an object with that name.
TransformationEditor: Ignoring clone of .Directors beause we don't known how to import it. Exception was: ptolemy.kernel.util.NameDuplicationException: Attempt to insert object named "Directors" into container named ".library", which already contains an object with that name.
TransformationEditor: Ignoring clone of .Actors beause we don't known how to import it. Exception was: ptolemy.kernel.util.NameDuplicationException: Attempt to insert object named "Actors" into container named ".library", which already contains an object with that name.
TransformationEditor: Ignoring clone of .MoreLibraries beause we don't known how to import it. Exception was: ptolemy.kernel.util.NameDuplicationException: Attempt to insert object named "MoreLibraries" into container named ".library", which already contains an object with that name.
Could not find mediaLib accelerator wrapper classes. Continuing in pure Java mode.
Counted to 99
[atomic-processor-1] INFO com.github.sarxos.webcam.ds.cgt.WebcamOpenTask - Opening webcam Dummy Webcam 0
[atomic-processor-1] INFO com.github.sarxos.webcam.ds.cgt.WebcamCloseTask - Closing Dummy Webcam 0
[atomic-processor-1] INFO com.github.sarxos.webcam.ds.cgt.WebcamOpenTask - Opening webcam Dummy Webcam 0
[atomic-processor-1] INFO com.github.sarxos.webcam.ds.cgt.WebcamCloseTask - Closing Dummy Webcam 0
WARNING: Camera: Model stopped before executing actions (e.g. producing outputs) scheduled for execution at times [16.234]
[atomic-processor-1] INFO com.github.sarxos.webcam.ds.cgt.WebcamOpenTask - Opening webcam Dummy Webcam 0
[atomic-processor-1] INFO com.github.sarxos.webcam.ds.cgt.WebcamCloseTask - Closing Dummy Webcam 0
WARNING: TestSpontaneous: Model stopped before executing actions (e.g. producing outputs) scheduled for execution at times [20.1]
[atomic-processor-1] INFO com.github.sarxos.webcam.ds.cgt.WebcamOpenTask - Opening webcam Dummy Webcam 0
[atomic-processor-1] INFO com.github.sarxos.webcam.ds.cgt.WebcamCloseTask - Closing Dummy Webcam 0
[atomic-processor-1] INFO com.github.sarxos.webcam.ds.cgt.WebcamOpenTask - Opening webcam Dummy Webcam 0
WARNING: Invoking send() too late (probably in a callback), so WebSocketServer is not able to send the token {socketID = 0, status = "closed"} to the output connection. Token is discarded.
WARNING: Invoking send() too late (probably in a callback), so WebSocketServer is not able to send the token {socketID = 0, status = "closed"} to the output connection. Token is discarded.
[atomic-processor-1] INFO com.github.sarxos.webcam.ds.cgt.WebcamCloseTask - Closing Dummy Webcam 0
Foscam2: The timeout period of 5000ms has been exceeded.
HttpClientHelper.java: Received an error for request 0: io.netty.channel.ConnectTimeoutException: connection timed out: /10.0.0.46:80
io.netty.channel.ConnectTimeoutException: connection timed out: /10.0.0.46:80
	at io.netty.channel.nio.AbstractNioChannel$AbstractNioUnsafe$1.run(AbstractNioChannel.java:267)
	at io.netty.util.concurrent.PromiseTask$RunnableAdapter.call(PromiseTask.java:38)
	at io.netty.util.concurrent.ScheduledFutureTask.run(ScheduledFutureTask.java:125)
	at io.netty.util.concurrent.AbstractEventExecutor.safeExecute(AbstractEventExecutor.java:163)
	at io.netty.util.concurrent.SingleThreadEventExecutor.runAllTasks(SingleThreadEventExecutor.java:404)
	at io.netty.channel.nio.NioEventLoop.run(NioEventLoop.java:463)
	at io.netty.util.concurrent.SingleThreadEventExecutor$5.run(SingleThreadEventExecutor.java:886)
	at io.netty.util.concurrent.FastThreadLocalRunnable.run(FastThreadLocalRunnable.java:30)
	at java.lang.Thread.run(Thread.java:748)
Foscam2: Error: connection timed out: /10.0.0.46:80
WARNING: Foscam2: Model stopped before executing actions (e.g. producing outputs) scheduled for execution at times [10.0]
HttpClientHelper.java: Received an error for request 0: io.netty.channel.ConnectTimeoutException: connection timed out: /10.0.0.46:80
io.netty.channel.ConnectTimeoutException: connection timed out: /10.0.0.46:80
	at io.netty.channel.nio.AbstractNioChannel$AbstractNioUnsafe$1.run(AbstractNioChannel.java:267)
	at io.netty.util.concurrent.PromiseTask$RunnableAdapter.call(PromiseTask.java:38)
	at io.netty.util.concurrent.ScheduledFutureTask.run(ScheduledFutureTask.java:125)
	at io.netty.util.concurrent.AbstractEventExecutor.safeExecute(AbstractEventExecutor.java:163)
	at io.netty.util.concurrent.SingleThreadEventExecutor.runAllTasks(SingleThreadEventExecutor.java:404)
	at io.netty.channel.nio.NioEventLoop.run(NioEventLoop.java:463)
	at io.netty.util.concurrent.SingleThreadEventExecutor$5.run(SingleThreadEventExecutor.java:886)
	at io.netty.util.concurrent.FastThreadLocalRunnable.run(FastThreadLocalRunnable.java:30)
	at java.lang.Thread.run(Thread.java:748)
]]></system-err>
</testsuite>
