<?xml version="1.0" encoding="UTF-8" ?>
<testsuite errors="0" failures="0" hostname="travis-job-224e48ae-b9bc-4d3a-8adb-820785a4ee4e" name="ptolemy.actor.lib.test.junit.JUnitTclTest" skipped="0" tests="517" time="58.963" timestamp="2019-04-10T16:28:14">
  <properties>
    <property name="npm.executable" value="npm" />
    <property name="file.encoding.pkg" value="sun.io" />
    <property name="env.TRAVIS_ROOT" value="/" />
    <property name="ptII.mk.exists" value="true" />
    <property name="env.TRAVIS_APP_HOST" value="build.travis-ci.org" />
    <property name="env.rvm_bin_path" value="/home/travis/.rvm/bin" />
    <property name="java.home" value="/usr/lib/jvm/java-8-oracle/jre" />
    <property name="env.TRAVIS_JOB_NUMBER" value="1082.8" />
    <property name="env.TRAVIS_HOME" value="/home/travis" />
    <property name="env.DISPLAY" value=":99.0" />
    <property name="java.net.preferIPv4Stack" value="true" />
    <property name="env.TRAVIS_INIT" value="upstart" />
    <property name="env.SSH_TTY" value="/dev/pts/0" />
    <property name="env.RUN_TESTS" value="true" />
    <property name="timeout.short" value="1000000" />
    <property name="env.TRAVIS_JOB_NAME" value="" />
    <property name="env.TRAVIS_STACK_NODE_ATTRIBUTES" value="/.node-attributes.yml" />
    <property name="junit.formatter" value="xml" />
    <property name="java.endorsed.dirs" value="/usr/lib/jvm/java-8-oracle/jre/lib/endorsed" />
    <property name="env.TRAVIS_SUDO" value="true" />
    <property name="env.LOGNAME" value="travis" />
    <property name="env.PT_TRAVIS_TEST_CORE1_XML" value="true" />
    <property name="jsdoc.home" value="node_modules/@terraswarm/jsdoc" />
    <property name="debuglevel" value="source,lines,vars" />
    <property name="checkstyle.formatter" value="xml" />
    <property name="bin.vergil.makeable" value="true" />
    <property name="env._system_version" value="14.04" />
    <property name="sun.os.patch.level" value="unknown" />
    <property name="java.vendor.url" value="http://java.oracle.com/" />
    <property name="env.TRAVIS_BUILD_WEB_URL" value="https://travis-ci.org/icyphy/ptII/builds/518369405" />
    <property name="java.version" value="1.8.0_151" />
    <property name="env.TZ" value="UTC" />
    <property name="env.PT_NO_NET" value="true" />
    <property name="env.TRAVIS_PULL_REQUEST_SHA" value="" />
    <property name="env.TRAVIS_SECURE_ENV_VARS" value="true" />
    <property name="env._system_type" value="Linux" />
    <property name="java.vendor.url.bug" value="http://bugreport.sun.com/bugreport/" />
    <property name="env.SSH_CLIENT" value="10.10.4.71 54918 22" />
    <property name="npmjs-org-is-up" value="true" />
    <property name="env.GEM_HOME" value="/home/travis/.rvm/gems/ruby-2.4.1" />
    <property name="env.HAS_ANTARES_THREE_LITTLE_FRONZIES_BADGE" value="true" />
    <property name="env.PS4" value="+" />
    <property name="ant.project.invoked-targets" value="build,test.core1.xml" />
    <property name="env.TRAVIS_PULL_REQUEST_BRANCH" value="" />
    <property name="env.TRAVIS_REPO_SLUG" value="icyphy/ptII" />
    <property name="env.TRAVIS_APT_PROXY" value="http://build-cache.travisci.net" />
    <property name="node.in.path" value="true" />
    <property name="java.maxmemory" value="1400m" />
    <property name="env.RUBY_VERSION" value="ruby-2.4.1" />
    <property name="user.name" value="travis" />
    <property name="env.LANG" value="en_US.UTF-8" />
    <property name="sun.io.unicode.encoding" value="UnicodeLittle" />
    <property name="sun.jnu.encoding" value="UTF-8" />
    <property name="java.runtime.name" value="Java(TM) SE Runtime Environment" />
    <property name="usefile" value="false" />
    <property name="return.code" value="0" />
    <property name="junit.single.formatter" value="plain" />
    <property name="env.DYLD_LIBRARY_PATH" value="/home/travis/pthla/certi-tools/lib:" />
    <property name="env.DEBIAN_FRONTEND" value="noninteractive" />
    <property name="env.SSH_CONNECTION" value="10.10.4.71 54918 10.20.0.126 22" />
    <property name="env.MYSQL_UNIX_PORT" value="/var/run/mysqld/mysqld.sock" />
    <property name="env.TRAVIS_ALLOW_FAILURE" value="false" />
    <property name="env.LC_ALL" value="en_US.UTF-8" />
    <property name="env.TRAVIS_JOB_WEB_URL" value="https://travis-ci.org/icyphy/ptII/jobs/518369413" />
    <property name="java.specification.name" value="Java Platform API Specification" />
    <property name="node.works" value="true" />
    <property name="user.timezone" value="" />
    <property name="path.separator" value=":" />
    <property name="env.TRAVIS_ENABLE_INFRA_DETECTION" value="true" />
    <property name="env.PYTHON_CFLAGS" value="-g -fstack-protector --param=ssp-buffer-size=4 -Wformat -Werror=format-security" />
    <property name="timeout.long" value="4000000" />
    <property name="env.CERTI_HOME" value="/home/travis/pthla/certi-tools" />
    <property name="file.encoding" value="UTF-8" />
    <property name="ant.file.ptII" value="/home/travis/build/icyphy/ptII/build.xml" />
    <property name="javadoc.packagenames" value="com.*,diva.*,lbnl.*,org.hlacerti.*,org.json.*,org.ptolemy.*,org.terraswarm.*,ptolemy.*,ptserver.*" />
    <property name="env.TRAVIS_PULL_REQUEST_SLUG" value="" />
    <property name="ant.project.default-target" value="build" />
    <property name="env.GIT_ASKPASS" value="echo" />
    <property name="env.HOME" value="/home/travis" />
    <property name="sun.java.command" value="org.apache.tools.ant.taskdefs.optional.junit.JUnitTestRunner ptolemy.actor.lib.test.junit.JUnitTclTest skipNonTests=false filtertrace=true haltOnError=false haltOnFailure=false formatter=org.apache.tools.ant.taskdefs.optional.junit.OutErrSummaryJUnitResultFormatter showoutput=true outputtoformatters=true logfailedtests=true threadid=0 logtestlistenerevents=false formatter=org.apache.tools.ant.taskdefs.optional.junit.XMLJUnitResultFormatter,/home/travis/build/icyphy/ptII/reports/junit/TEST-ptolemy.actor.lib.test.junit.JUnitTclTest.xml crashfile=/home/travis/build/icyphy/ptII/junitvmwatcher3190971704926454060.properties propsfile=/home/travis/build/icyphy/ptII/junit4026281124686547192.properties" />
    <property name="env.MANPATH" value="/home/travis/.nvm/versions/node/v7.10.1/share/man:/home/travis/.kiex/elixirs/elixir-1.4.5/man:/home/travis/.rvm/rubies/ruby-2.4.1/share/man:/usr/local/man:/usr/local/cmake-3.9.2/man:/usr/local/clang-5.0.0/share/man:/usr/local/share/man:/usr/share/man:/home/travis/.rvm/man" />
    <property name="env.COMPOSER_NO_INTERACTION" value="1" />
    <property name="env.JDK_SWITCHER_DEFAULT" value="oraclejdk8" />
    <property name="env.TRAVIS_TIMER_ID" value="14ee5ffa" />
    <property name="ant.file" value="/home/travis/build/icyphy/ptII/build.xml" />
    <property name="env.TRAVIS_COMMIT_RANGE" value="06b5c823d375...abe2f861668e" />
    <property name="env._system_name" value="Ubuntu" />
    <property name="timeout" value="2400000" />
    <property name="ptII.classpath.optional.property" value="/home/travis/build/icyphy/ptII/lib/bsh-2.0b4.jar:/home/travis/build/icyphy/ptII/lib/ptCal.jar:/home/travis/build/icyphy/ptII/lib/java_cup.jar:/home/travis/build/icyphy/ptII/lib/saxon8.jar:/home/travis/build/icyphy/ptII/lib/saxon8-dom.jar:/home/travis/build/icyphy/ptII/lib/chic.jar:/home/travis/build/icyphy/ptII/lib/ptcolt.jar:/usr/lib/jvm/java-8-oracle/lib/tools.jar:/home/travis/build/icyphy/ptII/vendors/misc/itext/iText.jar:/home/travis/build/icyphy/ptII/lib/g4ltl.jar:/home/travis/build/icyphy/ptII/lib/StructuralCoder.jar:/home/travis/build/icyphy/ptII/vendors/jai-1_1_2_01/lib/jai_core.jar:/home/travis/build/icyphy/ptII/vendors/jai-1_1_2_01/lib/jai_codec.jar:/home/travis/build/icyphy/ptII/lib/jcerti.jar:/home/travis/build/icyphy/ptII/lib/javax.mail.jar:/home/travis/build/icyphy/ptII/vendors/JMF-2.1.1e/lib/jmf.jar:/home/travis/build/icyphy/ptII/lib/jna-4.0.0-variadic.jar:/home/travis/build/icyphy/ptII/vendors/misc/joystick/Joystick.jar:/home/travis/build/icyphy/ptII/lib/ptjacl.jar:/home/travis/build/icyphy/ptII/lib/jsoup-1.8.2.jar:/home/travis/build/icyphy/ptII/lib/junit-4.8.2.jar:/home/travis/build/icyphy/ptII/lib/JUnitParams-0.4.0.jar:/home/travis/build/icyphy/ptII/ptolemy/actor/lib/excel/jxl.jar:/home/travis/build/icyphy/ptII/lib/jython.jar:/home/travis/build/icyphy/ptII/lib/kieler.jar:/home/travis/build/icyphy/ptII/vendors/opencv/share/OpenCV/java/opencv-341.jar:/home/travis/build/icyphy/ptII/lib/oscP5.jar:/home/travis/build/icyphy/ptII/lib/nrjavaserial-3.11.0.devel.jar:/home/travis/build/icyphy/ptII/vendors/j3d/lib/j3dcore.jar:/home/travis/build/icyphy/ptII/vendors/j3d/lib/j3dutils.jar:/home/travis/build/icyphy/ptII/vendors/j3d/lib/vecmath.jar:/home/travis/build/icyphy/ptII/ptolemy/distributed/jini/jar/jini-core.jar:/home/travis/build/icyphy/ptII/ptolemy/distributed/jini/jar/jini-ext.jar:/home/travis/build/icyphy/ptII/ptolemy/distributed/jini/jar/sun-util.jar:/home/travis/build/icyphy/ptII/lib/protobuf-java-2.4.1.jar:/home/travis/build/icyphy/ptII/lib/org.eclipse.paho.client.mqttv3.jar:/home/travis/build/icyphy/ptII/lib/mapss.jar:/home/travis/build/icyphy/ptII/ptolemy/actor/ptalon/antlr/antlr.jar:/home/travis/build/icyphy/ptII/lib/JRI.jar:/home/travis/build/icyphy/ptII/lib/commons-lang-2.6.jar:/home/travis/build/icyphy/ptII/lib/commons-logging-1.1.1.jar:/home/travis/build/icyphy/ptII/lib/sootclasses.jar:/home/travis/build/icyphy/ptII/ptolemy/actor/lib/database/mysql-connector-java-5.1.6-bin.jar:/home/travis/build/icyphy/ptII/vendors/misc/sphinx4/sphinx4-data-5prealpha.jar:/home/travis/build/icyphy/ptII/vendors/misc/sphinx4/sphinx4-core-5prealpha.jar:/home/travis/build/icyphy/ptII/lib/PDFRenderer.jar:/home/travis/build/icyphy/ptII/lib/svgSalamander.jar:/home/travis/build/icyphy/ptII/lib/rsyntaxtextarea-2.6.0-SNAPSHOT.jar:/home/travis/build/icyphy/ptII/lib/hazelcast-3.8.2.jar:/home/travis/build/icyphy/ptII/lib/jackson-annotations-2.9.0.jar:/home/travis/build/icyphy/ptII/lib/jackson-core-2.9.3.jar:/home/travis/build/icyphy/ptII/lib/jackson-databind-2.9.3.jar:/home/travis/build/icyphy/ptII/lib/netty-buffer-4.1.19.Final.jar:/home/travis/build/icyphy/ptII/lib/netty-codec-4.1.19.Final.jar:/home/travis/build/icyphy/ptII/lib/netty-codec-dns-4.1.19.Final.jar:/home/travis/build/icyphy/ptII/lib/netty-codec-http-4.1.19.Final.jar:/home/travis/build/icyphy/ptII/lib/netty-codec-http2-4.1.19.Final.jar:/home/travis/build/icyphy/ptII/lib/netty-common-4.1.19.Final.jar:/home/travis/build/icyphy/ptII/lib/netty-handler-4.1.19.Final.jar:/home/travis/build/icyphy/ptII/lib/netty-resolver-4.1.19.Final.jar:/home/travis/build/icyphy/ptII/lib/netty-resolver-dns-4.1.19.Final.jar:/home/travis/build/icyphy/ptII/lib/netty-transport-4.1.19.Final.jar:/home/travis/build/icyphy/ptII/lib/vertx-codegen-3.5.1.jar:/home/travis/build/icyphy/ptII/lib/vertx-core-3.5.2-SNAPSHOT.jar:/home/travis/build/icyphy/ptII/lib/vertx-hazelcast-3.5.1.jar:/home/travis/build/icyphy/ptII/lib/vertx-lang-js-3.5.1.jar:/home/travis/build/icyphy/ptII/lib/vertx-service-proxy-3.5.1.jar:/home/travis/build/icyphy/ptII/lib/vertx-web-3.5.1.jar:/home/travis/build/icyphy/ptII/lib/slf4j-api-1.7.13.jar:/home/travis/build/icyphy/ptII/lib/slf4j-simple-1.7.13.jar:/home/travis/build/icyphy/ptII/lib/webcam-capture-0.3.12.jar:/home/travis/build/icyphy/ptII/lib/bridj-0.7.0.jar:/home/travis/build/icyphy/ptII/lib/xbjlib-1.1.0.nrjavaserial.jar" />
    <property name="test.batch" value="**/junit/*.java" />
    <property name="env._" value="/usr/bin/timeout" />
    <property name="java.io.tmpdir" value="/tmp" />
    <property name="env.TRAVIS_INTERNAL_RUBY_REGEX" value="^ruby-(2\.[0-4]\.[0-9]|1\.9\.3)" />
    <property name="user.language" value="en" />
    <property name="env.HISTCONTROL" value="ignoredups:ignorespace" />
    <property name="env.GOROOT" value="/home/travis/.gimme/versions/go1.7.4.linux.amd64" />
    <property name="line.separator" value="&#xa;" />
    <property name="target" value="1.8" />
    <property name="env.TRAVIS_BUILD_DIR" value="/home/travis/build/icyphy/ptII" />
    <property name="env.ANT_OPTS" value="-Xmx2048m" />
    <property name="ant.file.type" value="file" />
    <property name="ptolemy.ptII.batchMode" value="true" />
    <property name="env.HISTSIZE" value="1000" />
    <property name="env.MERB_ENV" value="test" />
    <property name="java.vm.info" value="mixed mode" />
    <property name="source" value="1.8" />
    <property name="java.vm.specification.name" value="Java Virtual Machine Specification" />
    <property name="env.TRAVIS_TEST_RESULT" value="0" />
    <property name="jsdoc.command" value="node_modules/@terraswarm/jsdoc/jsdoc.js" />
    <property name="npm.works" value="true" />
    <property name="cobertura.dir" value="/home/travis/build/icyphy/ptII/vendors/cobertura-2.0.3" />
    <property name="env.rvm_path" value="/home/travis/.rvm" />
    <property name="env.GEM_PATH" value="/home/travis/.rvm/gems/ruby-2.4.1:/home/travis/.rvm/gems/ruby-2.4.1@global" />
    <property name="env.LC_CTYPE" value="en_US.UTF-8" />
    <property name="java.awt.printerjob" value="sun.print.PSPrinterJob" />
    <property name="env.TRAVIS_CMD" value="$PTII/bin/ptIITravisBuild.sh $SECONDS" />
    <property name="env.TRAVIS_STACK_NAME" value="garnet" />
    <property name="env.TRAVIS_TIMER_START_TIME" value="1554913320390143578" />
    <property name="ant.version" value="Apache Ant(TM) version 1.10.1 compiled on February 2 2017" />
    <property name="ptII.reports" value="/home/travis/build/icyphy/ptII/reports" />
    <property name="env.TRAVIS_STACK_TIMESTAMP" value="2017-12-05 19:33:09 UTC" />
    <property name="ant.file.type.ptII" value="file" />
    <property name="env.RBENV_SHELL" value="bash" />
    <property name="os.name" value="Linux" />
    <property name="java.specification.vendor" value="Oracle Corporation" />
    <property name="env.rvm_version" value="1.29.3 (latest)" />
    <property name="env.TRAVIS_INFRA" value="gce" />
    <property name="env.TERM" value="xterm" />
    <property name="java.vm.name" value="Java HotSpot(TM) 64-Bit Server VM" />
    <property name="env.TRAVIS_BUILD_NUMBER" value="1082" />
    <property name="env.CI" value="true" />
    <property name="java.library.path" value="/home/travis/pthla/certi-tools/lib:/usr/lib/jni:/usr/local/share/OpenCV/java/:/usr/share/OpenCV/java::/usr/java/packages/lib/amd64:/usr/lib64:/lib64:/lib:/usr/lib" />
    <property name="env.rvm_prefix" value="/home/travis" />
    <property name="env.PATH" value="/home/travis/pthla/certi-tools/share/scripts:/home/travis/.rvm/gems/ruby-2.4.1/bin:/home/travis/.rvm/gems/ruby-2.4.1@global/bin:/home/travis/.rvm/rubies/ruby-2.4.1/bin:/home/travis/.rvm/bin:/home/travis/.nvm/versions/node/v7.10.1/bin:./node_modules/.bin:/home/travis/build/icyphy/ptII/bin:/home/travis/pthla/certi-tools/bin:/home/travis/bin:/home/travis/.local/bin:/opt/pyenv/shims:/home/travis/.phpenv/shims:/home/travis/perl5/perlbrew/bin:/home/travis/.kiex/elixirs/elixir-1.4.5/bin:/home/travis/.kiex/bin:/home/travis/gopath/bin:/home/travis/.gimme/versions/go1.7.4.linux.amd64/bin:/usr/local/phantomjs/bin:/usr/local/phantomjs:/usr/local/neo4j-3.2.7/bin:/usr/local/maven-3.5.2/bin:/usr/local/cmake-3.9.2/bin:/usr/local/clang-5.0.0/bin:/usr/local/sbin:/usr/local/bin:/usr/sbin:/usr/bin:/sbin:/bin:/home/travis/.phpenv/bin:/opt/pyenv/bin:/home/travis/.yarn/bin" />
    <property name="env.TRAVIS_OS_NAME" value="linux" />
    <property name="ant.java.version" value="1.8" />
    <property name="basedir" value="/home/travis/build/icyphy/ptII" />
    <property name="java.class.version" value="52.0" />
    <property name="env.SHLVL" value="3" />
    <property name="env.LD_LIBRARY_PATH" value="/home/travis/pthla/certi-tools/lib:/usr/lib/jni:/usr/local/share/OpenCV/java/:/usr/share/OpenCV/java:" />
    <property name="env.RACK_ENV" value="test" />
    <property name="ant.home" value="/home/travis/build/icyphy/ptII/ant" />
    <property name="env.PERLBREW_BASHRC_VERSION" value="0.80" />
    <property name="env.NVM_DIR" value="/home/travis/.nvm" />
    <property name="env.TRAVIS_BUILD_ID" value="518369405" />
    <property name="env.CERTI_FOM_PATH" value="/home/travis/pthla/certi-tools/share/federations" />
    <property name="env.PYENV_ROOT" value="/opt/pyenv" />
    <property name="env.TRAVIS_UID" value="2000" />
    <property name="env.rvm_pretty_print_flag" value="auto" />
    <property name="env.NVM_BIN" value="/home/travis/.nvm/versions/node/v7.10.1/bin" />
    <property name="env.TRAVIS_COMMIT" value="abe2f861668e3f74537d54efa15905bd37cb5588" />
    <property name="env._system_arch" value="x86_64" />
    <property name="node.executable" value="node" />
    <property name="sun.boot.library.path" value="/usr/lib/jvm/java-8-oracle/jre/lib/amd64" />
    <property name="sun.management.compiler" value="HotSpot 64-Bit Tiered Compilers" />
    <property name="env.GOPATH" value="/home/travis/gopath" />
    <property name="java.awt.graphicsenv" value="sun.awt.X11GraphicsEnvironment" />
    <property name="ptolemy.ptII.dir" value="/home/travis/build/icyphy/ptII" />
    <property name="env.USER" value="travis" />
    <property name="env.HISTFILESIZE" value="2000" />
    <property name="timeout.longest" value="19000000" />
    <property name="env.TRAVIS_STACK_FEATURES" value="basic cassandra chromium couchdb disabled-ipv6 docker docker-compose elasticsearch firefox go-toolchain google-chrome jdk memcached mongodb mysql neo4j nodejs_interpreter perl_interpreter perlbrew phantomjs postgresql python_interpreter rabbitmq redis riak ruby_interpreter sqlite xserver" />
    <property name="env.TRAVIS_PULL_REQUEST" value="false" />
    <property name="env.PYENV_SHELL" value="bash" />
    <property name="ant.project.name" value="ptII" />
    <property name="java.vm.specification.version" value="1.8" />
    <property name="env.ANSI_RESET" value="\033[0m" />
    <property name="env.TRAVIS_DIST" value="trusty" />
    <property name="env.CERTI_VERSION" value="4.0.0" />
    <property name="env.NLSPATH" value="/usr/dt/lib/nls/msg/%L/%N.cat" />
    <property name="awt.toolkit" value="sun.awt.X11.XToolkit" />
    <property name="env.CERTI_HOST" value="localhost" />
    <property name="env.MY_RUBY_HOME" value="/home/travis/.rvm/rubies/ruby-2.4.1" />
    <property name="sun.cpu.isalist" value="" />
    <property name="env.TRAVIS_TMPDIR" value="/tmp/tmp.0AxMkP40jY" />
    <property name="java.ext.dirs" value="/usr/lib/jvm/java-8-oracle/jre/lib/ext:/usr/java/packages/lib/ext" />
    <property name="os.version" value="4.4.0-101-generic" />
    <property name="user.home" value="/home/travis" />
    <property name="env.MIX_ARCHIVES" value="/home/travis/.kiex/mix/elixir-1.4.5" />
    <property name="java.vm.vendor" value="Oracle Corporation" />
    <property name="env.TRAVIS_TAG" value="nightly" />
    <property name="env.ANSI_YELLOW" value="\033[33;1m" />
    <property name="env.TRAVIS_FILTERED" value="redirect_io" />
    <property name="env.ANSI_GREEN" value="\033[32;1m" />
    <property name="env.JAVA_HOME" value="/usr/lib/jvm/java-8-oracle" />
    <property name="env.PTII" value="/home/travis/build/icyphy/ptII" />
    <property name="javadoc.excludepackagenames" value="adm.cvs2svn.*,build.*,config.*,doc.coding.templates.*,jni.test.jni.meaningOfLife.*,jni.test.jni.testDeux.*,jni.test.jni.testTrois.*,org.terraswarm.accessor.accessors.web.node_modules.*,org.terraswarm.accessor.accessors.web.hosts.cordova.demo.*,org.terraswarm.accessor.accessors.web.hosts.cordova.plugins.*,org.terraswarm.accessor.accessors-svn.*,pt-modules.*,ptolemy.apps.agilent.*,ptolemy.apps.anytimecontrol.*,ptolemy.apps.apes.*,ptolemy.apps.charon.*,ptolemy.apps.crazyboard.*,ptolemy.apps.eclipse.*,ptolemy.apps.etherealSting.*,ptolemy.apps.fullscreen.*,ptolemy.apps.giotto.*,ptolemy.apps.ia.*,ptolemy.apps.interfaces.*,ptolemy.apps.jmf.*,ptolemy.apps.kurt.*,ptolemy.apps.kvm.*,ptolemy.apps.lego.*,ptolemy.apps.lejos.*,ptolemy.apps.midp.*,ptolemy.apps.mobileCoding.*,ptolemy.apps.pendulum.*,ptolemy.apps.rijndael.*,ptolemy.apps.robot.*,ptolemy.apps.security.*,ptolemy.apps.sobel.*,ptolemy.apps.soot.*,ptolemy.apps.throttle.*,ptolemy.apps.tini.*,ptolemy.apps.transmission.*,ptolemy.apps.vergil.*,ptolemy.apps.waba.*,ptolemy.apps.websensor.*,ptolemy.apps.webstart.*,ptolemy.apps.xsl.*,ptolemy.apps.zaurus.*,ptolemy.codegen.c.actor.lib.oldJavaFiles.*,ptolemy.codegen.dsp.lib.*,ptolemy.codegen.kernel.newInterfaces.*,ptolemy.codegen.lib.*,ptolemy.copernicus.kernel.fragment.*,ptolemy.copernicus.shallow.cg.*,ptolemy.domains.giotto.demo.Hierarchy.Hierarchy.*,ptolemy.domains.giotto.demo.Multimode.Multimode.*,ptolemy.domains.giotto.demo.Simple.Simple.*,ptolemy.domains.gr.lib.experimental.*,ptolemy.domains.gro.*,ptolemy.domains.pdf.*,ptolemy.domains.ptinyos.demo.Surge.output.*,ptolemy.moml.test.NoPackageActor.java*,ptolemy.plot.adm.*,ptolemy.plot.servlet.*,reports.*,signed.*,src.*,target.*,vendors.*,ptolemy.apps.eclipse.awt.*,ptolemy.backtrack.*,ptolemy.backtrack.ast.*,ptolemy.cg.adapter.generic.program.procedural.c.mbed*,ptolemy.homer.*,org.ptolemy.scala.*,diva.util.java2d.svg.*,ptolemy.domains.ptinyos.*,ptolemy.actor.lib.fmi.fmipp.*,,org.terraswarm.accessor.accessors.web.node_modules.*,org.terraswarm.accessor.accessors-svn,ptolemy.apps.*,ptolemy.actor.ptalon.demo.ptinyos.SendAndReceiveCnt.output,ptolemy.actor.ptalon.demo.ptinyos.SenseToLeds.output,ptolemy.domains.ptinyos.demo.CntToLedsAndRfm.output,ptolemy.domains.ptinyos.demo.RfmToLeds.output,ptolemy.domains.ptinyos.demo.SendAndReceiveCnt.output,ptolemy.domains.ptinyos.demo.SenseToLeds.output,ptolemy.actor.lib.jjs.modules.udpSocket.*" />
    <property name="env.TRAVIS_COMMIT_MESSAGE" value="Changing lingerTime and adding comments in org/hlacerti/models/StaticMultiInstanceJoker." />
    <property name="keystore" value="ptKeystore" />
    <property name="env.XDG_SESSION_ID" value="2" />
    <property name="junit.output.dir" value="/home/travis/build/icyphy/ptII/reports/junit" />
    <property name="npm.return.code" value="0" />
    <property name="user.dir" value="/home/travis/build/icyphy/ptII/ptolemy/actor/lib/test" />
    <property name="env.TRAVIS_NODE_VERSION" value="7" />
    <property name="env.XFILESEARCHPATH" value="/usr/dt/app-defaults/%L/Dt" />
    <property name="env.TRAVIS_EVENT_TYPE" value="push" />
    <property name="env.MAIL" value="/var/mail/travis" />
    <property name="env.PWD" value="/home/travis/build/icyphy/ptII" />
    <property name="env.PERLBREW_ROOT" value="/home/travis/perl5/perlbrew" />
    <property name="timeout.npm" value="45000" />
    <property name="env.TRAVIS_ARCH" value="amd64" />
    <property name="env.PAGER" value="cat" />
    <property name="sun.cpu.endian" value="little" />
    <property name="env.TRAVIS_BUILD_STAGE_NAME" value="Test" />
    <property name="env.PERLBREW_HOME" value="/home/travis/.perlbrew" />
    <property name="env.RAILS_ENV" value="test" />
    <property name="java.vm.version" value="25.151-b12" />
    <property name="java.class.path" value="/home/travis/.ptolemyII:/home/travis/.ptolemyII/*:/home/travis/build/icyphy/ptII:/home/travis/build/icyphy/ptII/lib/bsh-2.0b4.jar:/home/travis/build/icyphy/ptII/lib/ptCal.jar:/home/travis/build/icyphy/ptII/lib/java_cup.jar:/home/travis/build/icyphy/ptII/lib/saxon8.jar:/home/travis/build/icyphy/ptII/lib/saxon8-dom.jar:/home/travis/build/icyphy/ptII/lib/chic.jar:/home/travis/build/icyphy/ptII/lib/ptcolt.jar:/usr/lib/jvm/java-8-oracle/lib/tools.jar:/home/travis/build/icyphy/ptII/vendors/misc/itext/iText.jar:/home/travis/build/icyphy/ptII/lib/g4ltl.jar:/home/travis/build/icyphy/ptII/lib/StructuralCoder.jar:/home/travis/build/icyphy/ptII/vendors/jai-1_1_2_01/lib/jai_core.jar:/home/travis/build/icyphy/ptII/vendors/jai-1_1_2_01/lib/jai_codec.jar:/home/travis/build/icyphy/ptII/lib/jcerti.jar:/home/travis/build/icyphy/ptII/lib/javax.mail.jar:/home/travis/build/icyphy/ptII/vendors/JMF-2.1.1e/lib/jmf.jar:/home/travis/build/icyphy/ptII/lib/jna-4.0.0-variadic.jar:/home/travis/build/icyphy/ptII/vendors/misc/joystick/Joystick.jar:/home/travis/build/icyphy/ptII/lib/ptjacl.jar:/home/travis/build/icyphy/ptII/lib/jsoup-1.8.2.jar:/home/travis/build/icyphy/ptII/lib/junit-4.8.2.jar:/home/travis/build/icyphy/ptII/lib/JUnitParams-0.4.0.jar:/home/travis/build/icyphy/ptII/ptolemy/actor/lib/excel/jxl.jar:/home/travis/build/icyphy/ptII/lib/jython.jar:/home/travis/build/icyphy/ptII/lib/kieler.jar:/home/travis/build/icyphy/ptII/vendors/opencv/share/OpenCV/java/opencv-341.jar:/home/travis/build/icyphy/ptII/lib/oscP5.jar:/home/travis/build/icyphy/ptII/lib/nrjavaserial-3.11.0.devel.jar:/home/travis/build/icyphy/ptII/vendors/j3d/lib/j3dcore.jar:/home/travis/build/icyphy/ptII/vendors/j3d/lib/j3dutils.jar:/home/travis/build/icyphy/ptII/vendors/j3d/lib/vecmath.jar:/home/travis/build/icyphy/ptII/ptolemy/distributed/jini/jar/jini-core.jar:/home/travis/build/icyphy/ptII/ptolemy/distributed/jini/jar/jini-ext.jar:/home/travis/build/icyphy/ptII/ptolemy/distributed/jini/jar/sun-util.jar:/home/travis/build/icyphy/ptII/lib/protobuf-java-2.4.1.jar:/home/travis/build/icyphy/ptII/lib/org.eclipse.paho.client.mqttv3.jar:/home/travis/build/icyphy/ptII/lib/mapss.jar:/home/travis/build/icyphy/ptII/ptolemy/actor/ptalon/antlr/antlr.jar:/home/travis/build/icyphy/ptII/lib/JRI.jar:/home/travis/build/icyphy/ptII/lib/commons-lang-2.6.jar:/home/travis/build/icyphy/ptII/lib/commons-logging-1.1.1.jar:/home/travis/build/icyphy/ptII/lib/sootclasses.jar:/home/travis/build/icyphy/ptII/ptolemy/actor/lib/database/mysql-connector-java-5.1.6-bin.jar:/home/travis/build/icyphy/ptII/vendors/misc/sphinx4/sphinx4-data-5prealpha.jar:/home/travis/build/icyphy/ptII/vendors/misc/sphinx4/sphinx4-core-5prealpha.jar:/home/travis/build/icyphy/ptII/lib/PDFRenderer.jar:/home/travis/build/icyphy/ptII/lib/svgSalamander.jar:/home/travis/build/icyphy/ptII/lib/rsyntaxtextarea-2.6.0-SNAPSHOT.jar:/home/travis/build/icyphy/ptII/lib/hazelcast-3.8.2.jar:/home/travis/build/icyphy/ptII/lib/jackson-annotations-2.9.0.jar:/home/travis/build/icyphy/ptII/lib/jackson-core-2.9.3.jar:/home/travis/build/icyphy/ptII/lib/jackson-databind-2.9.3.jar:/home/travis/build/icyphy/ptII/lib/netty-buffer-4.1.19.Final.jar:/home/travis/build/icyphy/ptII/lib/netty-codec-4.1.19.Final.jar:/home/travis/build/icyphy/ptII/lib/netty-codec-dns-4.1.19.Final.jar:/home/travis/build/icyphy/ptII/lib/netty-codec-http-4.1.19.Final.jar:/home/travis/build/icyphy/ptII/lib/netty-codec-http2-4.1.19.Final.jar:/home/travis/build/icyphy/ptII/lib/netty-common-4.1.19.Final.jar:/home/travis/build/icyphy/ptII/lib/netty-handler-4.1.19.Final.jar:/home/travis/build/icyphy/ptII/lib/netty-resolver-4.1.19.Final.jar:/home/travis/build/icyphy/ptII/lib/netty-resolver-dns-4.1.19.Final.jar:/home/travis/build/icyphy/ptII/lib/netty-transport-4.1.19.Final.jar:/home/travis/build/icyphy/ptII/lib/vertx-codegen-3.5.1.jar:/home/travis/build/icyphy/ptII/lib/vertx-core-3.5.2-SNAPSHOT.jar:/home/travis/build/icyphy/ptII/lib/vertx-hazelcast-3.5.1.jar:/home/travis/build/icyphy/ptII/lib/vertx-lang-js-3.5.1.jar:/home/travis/build/icyphy/ptII/lib/vertx-service-proxy-3.5.1.jar:/home/travis/build/icyphy/ptII/lib/vertx-web-3.5.1.jar:/home/travis/build/icyphy/ptII/lib/slf4j-api-1.7.13.jar:/home/travis/build/icyphy/ptII/lib/slf4j-simple-1.7.13.jar:/home/travis/build/icyphy/ptII/lib/webcam-capture-0.3.12.jar:/home/travis/build/icyphy/ptII/lib/bridj-0.7.0.jar:/home/travis/build/icyphy/ptII/lib/xbjlib-1.1.0.nrjavaserial.jar:/home/travis/build/icyphy/ptII/ptolemy/moml/test:/home/travis/build/icyphy/ptII/ant/lib/ant-launcher.jar:/home/travis/build/icyphy/ptII/ant/lib/ant.jar:/home/travis/build/icyphy/ptII/ant/lib/ant-junit.jar:/home/travis/build/icyphy/ptII/ant/lib/ant-junit4.jar" />
    <property name="ant.library.dir" value="/home/travis/build/icyphy/ptII/ant/lib" />
    <property name="os.arch" value="amd64" />
    <property name="env.TRAVIS_LANGUAGE" value="node_js" />
    <property name="env.CONTINUOUS_INTEGRATION" value="true" />
    <property name="env.TRAVIS_STACK_LANGUAGES" value="__garnet__ c c++ clojure cplusplus cpp default go groovy java node_js php pure_java python ruby scala" />
    <property name="test.name" value="ptolemy.actor.lib.test.junit.JUnitTclTest" />
    <property name="sun.java.launcher" value="SUN_STANDARD" />
    <property name="env.PYTHON_CONFIGURE_OPTS" value="--enable-unicode=ucs4 --with-wide-unicode --enable-shared --enable-ipv6 --enable-loadable-sqlite-extensions --with-computed-gotos" />
    <property name="ant.core.lib" value="/home/travis/build/icyphy/ptII/ant/lib/ant.jar" />
    <property name="java.vm.specification.vendor" value="Oracle Corporation" />
    <property name="env.BCVTB_HOME" value="/home/travis/build/icyphy/ptII/lbnl" />
    <property name="file.separator" value="/" />
    <property name="spotbugs.home" value="/home/travis/build/icyphy/ptII/vendors/spotbugs-3.1.1" />
    <property name="java.runtime.version" value="1.8.0_151-b12" />
    <property name="sun.boot.class.path" value="/usr/lib/jvm/java-8-oracle/jre/lib/resources.jar:/usr/lib/jvm/java-8-oracle/jre/lib/rt.jar:/usr/lib/jvm/java-8-oracle/jre/lib/sunrsasign.jar:/usr/lib/jvm/java-8-oracle/jre/lib/jsse.jar:/usr/lib/jvm/java-8-oracle/jre/lib/jce.jar:/usr/lib/jvm/java-8-oracle/jre/lib/charsets.jar:/usr/lib/jvm/java-8-oracle/jre/lib/jfr.jar:/usr/lib/jvm/java-8-oracle/jre/classes" />
    <property name="env.ANSI_CLEAR" value="\033[0K" />
    <property name="env.HAS_JOSH_K_SEAL_OF_APPROVAL" value="true" />
    <property name="env.XDG_RUNTIME_DIR" value="/run/user/2000" />
    <property name="env.TRAVIS_OSX_IMAGE" value="" />
    <property name="env.TRAVIS_BRANCH" value="master" />
    <property name="env.TRAVIS_JOB_ID" value="518369413" />
    <property name="user.country" value="US" />
    <property name="env.CERTI_HOME_TRAVIS" value="/home/travis/pthla/certi-tools" />
    <property name="env.SHELL" value="/bin/bash" />
    <property name="java.maxmemory.large" value="5000m" />
    <property name="model" value="" />
    <property name="env.CASHER_DIR" value="/home/travis/.casher" />
    <property name="env.NVM_CD_FLAGS" value="" />
    <property name="jshint.executable" value="/home/travis/node_modules/jshint/bin/jshint" />
    <property name="java.vendor" value="Oracle Corporation" />
    <property name="env.JRUBY_OPTS" value=" --client -J-XX:+TieredCompilation -J-XX:TieredStopAtLevel=1 -J-Xss2m -Xcompile.invokedynamic=false" />
    <property name="env.TRAVIS_PRE_CHEF_BOOTSTRAP_TIME" value="2017-12-05T19:32:55" />
    <property name="env.TRAVIS_STACK_JOB_BOARD_REGISTER" value="/.job-board-register.yml" />
    <property name="env.ELIXIR_VERSION" value="1.4.5" />
    <property name="env.ANSI_RED" value="\033[31;1m" />
    <property name="java.specification.version" value="1.8" />
    <property name="env.TRAVIS" value="true" />
    <property name="env.IRBRC" value="/home/travis/.rvm/rubies/ruby-2.4.1/.irbrc" />
    <property name="sun.arch.data.model" value="64" />
  </properties>
  <testcase classname="ptolemy.util.test.junit.TclTests" name="[0] /home/travis/build/icyphy/ptII/ptolemy/actor/lib/test/AbsoluteValue.tcl (RunTclFile)" time="0.5" />
  <testcase classname="ptolemy.util.test.junit.TclTests" name="[1] /home/travis/build/icyphy/ptII/ptolemy/actor/lib/test/AddSubtract.tcl (RunTclFile)" time="0.078" />
  <testcase classname="ptolemy.util.test.junit.TclTests" name="[2] /home/travis/build/icyphy/ptII/ptolemy/actor/lib/test/Average.tcl (RunTclFile)" time="0.039" />
  <testcase classname="ptolemy.util.test.junit.TclTests" name="[3] /home/travis/build/icyphy/ptII/ptolemy/actor/lib/test/Bernoulli.tcl (RunTclFile)" time="0.028" />
  <testcase classname="ptolemy.util.test.junit.TclTests" name="[4] /home/travis/build/icyphy/ptII/ptolemy/actor/lib/test/Clock.tcl (RunTclFile)" time="0.082" />
  <testcase classname="ptolemy.util.test.junit.TclTests" name="[5] /home/travis/build/icyphy/ptII/ptolemy/actor/lib/test/Commutator.tcl (RunTclFile)" time="0.104" />
  <testcase classname="ptolemy.util.test.junit.TclTests" name="[6] /home/travis/build/icyphy/ptII/ptolemy/actor/lib/test/Const.tcl (RunTclFile)" time="0.139" />
  <testcase classname="ptolemy.util.test.junit.TclTests" name="[7] /home/travis/build/icyphy/ptII/ptolemy/actor/lib/test/CurrentTime.tcl (RunTclFile)" time="0.024" />
  <testcase classname="ptolemy.util.test.junit.TclTests" name="[8] /home/travis/build/icyphy/ptII/ptolemy/actor/lib/test/DB.tcl (RunTclFile)" time="0.019" />
  <testcase classname="ptolemy.util.test.junit.TclTests" name="[9] /home/travis/build/icyphy/ptII/ptolemy/actor/lib/test/DiscreteRandomSource.tcl (RunTclFile)" time="0.022" />
  <testcase classname="ptolemy.util.test.junit.TclTests" name="[10] /home/travis/build/icyphy/ptII/ptolemy/actor/lib/test/Distributor.tcl (RunTclFile)" time="0.064" />
  <testcase classname="ptolemy.util.test.junit.TclTests" name="[11] /home/travis/build/icyphy/ptII/ptolemy/actor/lib/test/Exit.tcl (RunTclFile)" time="0.069" />
  <testcase classname="ptolemy.util.test.junit.TclTests" name="[12] /home/travis/build/icyphy/ptII/ptolemy/actor/lib/test/Expression.tcl (RunTclFile)" time="0.114" />
  <testcase classname="ptolemy.util.test.junit.TclTests" name="[13] /home/travis/build/icyphy/ptII/ptolemy/actor/lib/test/Gaussian.tcl (RunTclFile)" time="0.241" />
  <testcase classname="ptolemy.util.test.junit.TclTests" name="[14] /home/travis/build/icyphy/ptII/ptolemy/actor/lib/test/IIR.tcl (RunTclFile)" time="0.054" />
  <testcase classname="ptolemy.util.test.junit.TclTests" name="[15] /home/travis/build/icyphy/ptII/ptolemy/actor/lib/test/Interpolator.tcl (RunTclFile)" time="0.111" />
  <testcase classname="ptolemy.util.test.junit.TclTests" name="[16] /home/travis/build/icyphy/ptII/ptolemy/actor/lib/test/MathFunction.tcl (RunTclFile)" time="0.062" />
  <testcase classname="ptolemy.util.test.junit.TclTests" name="[17] /home/travis/build/icyphy/ptII/ptolemy/actor/lib/test/Maximum.tcl (RunTclFile)" time="0.034" />
  <testcase classname="ptolemy.util.test.junit.TclTests" name="[18] /home/travis/build/icyphy/ptII/ptolemy/actor/lib/test/Minimum.tcl (RunTclFile)" time="0.036" />
  <testcase classname="ptolemy.util.test.junit.TclTests" name="[19] /home/travis/build/icyphy/ptII/ptolemy/actor/lib/test/MultiplyDivide.tcl (RunTclFile)" time="0.045" />
  <testcase classname="ptolemy.util.test.junit.TclTests" name="[20] /home/travis/build/icyphy/ptII/ptolemy/actor/lib/test/OrderedMerge.tcl (RunTclFile)" time="0.093" />
  <testcase classname="ptolemy.util.test.junit.TclTests" name="[21] /home/travis/build/icyphy/ptII/ptolemy/actor/lib/test/Publisher.tcl (RunTclFile)" time="0.561" />
  <testcase classname="ptolemy.util.test.junit.TclTests" name="[22] /home/travis/build/icyphy/ptII/ptolemy/actor/lib/test/Pulse.tcl (RunTclFile)" time="0.06" />
  <testcase classname="ptolemy.util.test.junit.TclTests" name="[23] /home/travis/build/icyphy/ptII/ptolemy/actor/lib/test/Ramp.tcl (RunTclFile)" time="1.89" />
  <testcase classname="ptolemy.util.test.junit.TclTests" name="[24] /home/travis/build/icyphy/ptII/ptolemy/actor/lib/test/RampContinuous.tcl (RunTclFile)" time="0.019" />
  <testcase classname="ptolemy.util.test.junit.TclTests" name="[25] /home/travis/build/icyphy/ptII/ptolemy/actor/lib/test/RecordAssembler.tcl (RunTclFile)" time="0.016" />
  <testcase classname="ptolemy.util.test.junit.TclTests" name="[26] /home/travis/build/icyphy/ptII/ptolemy/actor/lib/test/RecordDisassembler.tcl (RunTclFile)" time="0.018" />
  <testcase classname="ptolemy.util.test.junit.TclTests" name="[27] /home/travis/build/icyphy/ptII/ptolemy/actor/lib/test/Scale.tcl (RunTclFile)" time="0.016" />
  <testcase classname="ptolemy.util.test.junit.TclTests" name="[28] /home/travis/build/icyphy/ptII/ptolemy/actor/lib/test/SequentialClock.tcl (RunTclFile)" time="0.011" />
  <testcase classname="ptolemy.util.test.junit.TclTests" name="[29] /home/travis/build/icyphy/ptII/ptolemy/actor/lib/test/SetVariable.tcl (RunTclFile)" time="0.012" />
  <testcase classname="ptolemy.util.test.junit.TclTests" name="[30] /home/travis/build/icyphy/ptII/ptolemy/actor/lib/test/Sinewave.tcl (RunTclFile)" time="0.04" />
  <testcase classname="ptolemy.util.test.junit.TclTests" name="[31] /home/travis/build/icyphy/ptII/ptolemy/actor/lib/test/SubscriptionAggregator.tcl (RunTclFile)" time="2.16" />
  <testcase classname="ptolemy.util.test.junit.TclTests" name="[32] /home/travis/build/icyphy/ptII/ptolemy/actor/lib/test/Test.tcl (RunTclFile)" time="0.109" />
  <testcase classname="ptolemy.util.test.junit.TclTests" name="[33] /home/travis/build/icyphy/ptII/ptolemy/actor/lib/test/TestExceptionHandler.tcl (RunTclFile)" time="0.011" />
  <testcase classname="ptolemy.util.test.junit.TclTests" name="[34] /home/travis/build/icyphy/ptII/ptolemy/actor/lib/test/UnionDisassembler.tcl (RunTclFile)" time="0.067" />
  <testcase classname="ptolemy.util.test.junit.TclTests" name="[35] /home/travis/build/icyphy/ptII/ptolemy/actor/lib/test/VariableClock.tcl (RunTclFile)" time="0.028" />
  <testcase classname="ptolemy.util.test.junit.AutoKnownFailedTests" name="[0] /home/travis/build/icyphy/ptII/ptolemy/actor/lib/test/auto/knownFailedTests/PublisherPortToplevelSubscriber.xml (RunModel)" time="0.015" />
  <testcase classname="ptolemy.util.test.junit.AutoKnownFailedTests" name="[1] /home/travis/build/icyphy/ptII/ptolemy/actor/lib/test/auto/knownFailedTests/PublisherSubscriberPortToplevel.xml (RunModel)" time="0.021" />
  <testcase classname="ptolemy.util.test.junit.AutoKnownFailedTests" name="[2] /home/travis/build/icyphy/ptII/ptolemy/actor/lib/test/auto/knownFailedTests/PublisherSubscriptionAggregatorPort.xml (RunModel)" time="0.023" />
  <testcase classname="ptolemy.util.test.junit.AutoKnownFailedTests" name="[3] /home/travis/build/icyphy/ptII/ptolemy/actor/lib/test/auto/knownFailedTests/sizedarray3.xml (RunModel)" time="0.022" />
  <testcase classname="ptolemy.util.test.junit.AutoNameArchTests" name="[0] ThereAreNoAutoArchTests (RunModel)" time="0.001" />
  <testcase classname="ptolemy.util.test.junit.AutoTests" name="[0] /home/travis/build/icyphy/ptII/ptolemy/actor/lib/test/auto/AbsoluteValue.xml (RunModel)" time="0.108" />
  <testcase classname="ptolemy.util.test.junit.AutoTests" name="[1] /home/travis/build/icyphy/ptII/ptolemy/actor/lib/test/auto/AbsoluteValue2.xml (RunModel)" time="0.06" />
  <testcase classname="ptolemy.util.test.junit.AutoTests" name="[2] /home/travis/build/icyphy/ptII/ptolemy/actor/lib/test/auto/Accumulator.xml (RunModel)" time="0.03" />
  <testcase classname="ptolemy.util.test.junit.AutoTests" name="[3] /home/travis/build/icyphy/ptII/ptolemy/actor/lib/test/auto/Accumulator2.xml (RunModel)" time="0.02" />
  <testcase classname="ptolemy.util.test.junit.AutoTests" name="[4] /home/travis/build/icyphy/ptII/ptolemy/actor/lib/test/auto/Accumulator3.xml (RunModel)" time="0.043" />
  <testcase classname="ptolemy.util.test.junit.AutoTests" name="[5] /home/travis/build/icyphy/ptII/ptolemy/actor/lib/test/auto/ArrayAppend.xml (RunModel)" time="0.057" />
  <testcase classname="ptolemy.util.test.junit.AutoTests" name="[6] /home/travis/build/icyphy/ptII/ptolemy/actor/lib/test/auto/ArrayAppend2.xml (RunModel)" time="0.464" />
  <testcase classname="ptolemy.util.test.junit.AutoTests" name="[7] /home/travis/build/icyphy/ptII/ptolemy/actor/lib/test/auto/ArrayAppend3.xml (RunModel)" time="0.024" />
  <testcase classname="ptolemy.util.test.junit.AutoTests" name="[8] /home/travis/build/icyphy/ptII/ptolemy/actor/lib/test/auto/ArrayAppend4.xml (RunModel)" time="0.026" />
  <testcase classname="ptolemy.util.test.junit.AutoTests" name="[9] /home/travis/build/icyphy/ptII/ptolemy/actor/lib/test/auto/ArrayAppend5.xml (RunModel)" time="0.023" />
  <testcase classname="ptolemy.util.test.junit.AutoTests" name="[10] /home/travis/build/icyphy/ptII/ptolemy/actor/lib/test/auto/ArrayAppend6.xml (RunModel)" time="0.03" />
  <testcase classname="ptolemy.util.test.junit.AutoTests" name="[11] /home/travis/build/icyphy/ptII/ptolemy/actor/lib/test/auto/ArrayAppendPerformanceTest.xml (RunModel)" time="0.046" />
  <testcase classname="ptolemy.util.test.junit.AutoTests" name="[12] /home/travis/build/icyphy/ptII/ptolemy/actor/lib/test/auto/ArrayAppendWithEmptyInput.xml (RunModel)" time="0.032" />
  <testcase classname="ptolemy.util.test.junit.AutoTests" name="[13] /home/travis/build/icyphy/ptII/ptolemy/actor/lib/test/auto/ArrayAverage.xml (RunModel)" time="0.031" />
  <testcase classname="ptolemy.util.test.junit.AutoTests" name="[14] /home/travis/build/icyphy/ptII/ptolemy/actor/lib/test/auto/ArrayContains.xml (RunModel)" time="0.036" />
  <testcase classname="ptolemy.util.test.junit.AutoTests" name="[15] /home/travis/build/icyphy/ptII/ptolemy/actor/lib/test/auto/ArrayElement.xml (RunModel)" time="0.024" />
  <testcase classname="ptolemy.util.test.junit.AutoTests" name="[16] /home/travis/build/icyphy/ptII/ptolemy/actor/lib/test/auto/ArrayElementAsMatrix.xml (RunModel)" time="0.062" />
  <testcase classname="ptolemy.util.test.junit.AutoTests" name="[17] /home/travis/build/icyphy/ptII/ptolemy/actor/lib/test/auto/ArrayElementI.xml (RunModel)" time="0.017" />
  <testcase classname="ptolemy.util.test.junit.AutoTests" name="[18] /home/travis/build/icyphy/ptII/ptolemy/actor/lib/test/auto/ArrayExtract.xml (RunModel)" time="0.046" />
  <testcase classname="ptolemy.util.test.junit.AutoTests" name="[19] /home/travis/build/icyphy/ptII/ptolemy/actor/lib/test/auto/ArrayExtract2.xml (RunModel)" time="0.023" />
  <testcase classname="ptolemy.util.test.junit.AutoTests" name="[20] /home/travis/build/icyphy/ptII/ptolemy/actor/lib/test/auto/ArrayLength.xml (RunModel)" time="0.027" />
  <testcase classname="ptolemy.util.test.junit.AutoTests" name="[21] /home/travis/build/icyphy/ptII/ptolemy/actor/lib/test/auto/ArrayLevelCrossing.xml (RunModel)" time="0.036" />
  <testcase classname="ptolemy.util.test.junit.AutoTests" name="[22] /home/travis/build/icyphy/ptII/ptolemy/actor/lib/test/auto/ArrayLevelCrossing2.xml (RunModel)" time="0.027" />
  <testcase classname="ptolemy.util.test.junit.AutoTests" name="[23] /home/travis/build/icyphy/ptII/ptolemy/actor/lib/test/auto/ArrayPeakSearch.xml (RunModel)" time="0.047" />
  <testcase classname="ptolemy.util.test.junit.AutoTests" name="[24] /home/travis/build/icyphy/ptII/ptolemy/actor/lib/test/auto/ArrayPeakSearch2.xml (RunModel)" time="0.029" />
  <testcase classname="ptolemy.util.test.junit.AutoTests" name="[25] /home/travis/build/icyphy/ptII/ptolemy/actor/lib/test/auto/ArrayPeakSearch3.xml (RunModel)" time="0.028" />
  <testcase classname="ptolemy.util.test.junit.AutoTests" name="[26] /home/travis/build/icyphy/ptII/ptolemy/actor/lib/test/auto/ArrayRemoveElement.xml (RunModel)" time="0.026" />
  <testcase classname="ptolemy.util.test.junit.AutoTests" name="[27] /home/travis/build/icyphy/ptII/ptolemy/actor/lib/test/auto/ArraySort.xml (RunModel)" time="0.028" />
  <testcase classname="ptolemy.util.test.junit.AutoTests" name="[28] /home/travis/build/icyphy/ptII/ptolemy/actor/lib/test/auto/ArraySum.xml (RunModel)" time="0.019" />
  <testcase classname="ptolemy.util.test.junit.AutoTests" name="[29] /home/travis/build/icyphy/ptII/ptolemy/actor/lib/test/auto/ArrayToElements.xml (RunModel)" time="0.027" />
  <testcase classname="ptolemy.util.test.junit.AutoTests" name="[30] /home/travis/build/icyphy/ptII/ptolemy/actor/lib/test/auto/ArrayToMatrix.xml (RunModel)" time="0.058" />
  <testcase classname="ptolemy.util.test.junit.AutoTests" name="[31] /home/travis/build/icyphy/ptII/ptolemy/actor/lib/test/auto/ArrayUpdate1.xml (RunModel)" time="0.017" />
  <testcase classname="ptolemy.util.test.junit.AutoTests" name="[32] /home/travis/build/icyphy/ptII/ptolemy/actor/lib/test/auto/ArrayUpdate2.xml (RunModel)" time="0.017" />
  <testcase classname="ptolemy.util.test.junit.AutoTests" name="[33] /home/travis/build/icyphy/ptII/ptolemy/actor/lib/test/auto/ArrayUpdate3.xml (RunModel)" time="0.015" />
  <testcase classname="ptolemy.util.test.junit.AutoTests" name="[34] /home/travis/build/icyphy/ptII/ptolemy/actor/lib/test/auto/Assert1.xml (RunModel)" time="0.025" />
  <testcase classname="ptolemy.util.test.junit.AutoTests" name="[35] /home/travis/build/icyphy/ptII/ptolemy/actor/lib/test/auto/Assert2.xml (RunModel)" time="0.022" />
  <testcase classname="ptolemy.util.test.junit.AutoTests" name="[36] /home/travis/build/icyphy/ptII/ptolemy/actor/lib/test/auto/BooleanMultiplexor.xml (RunModel)" time="0.021" />
  <testcase classname="ptolemy.util.test.junit.AutoTests" name="[37] /home/travis/build/icyphy/ptII/ptolemy/actor/lib/test/auto/BooleanMultiplexor2.xml (RunModel)" time="0.023" />
  <testcase classname="ptolemy.util.test.junit.AutoTests" name="[38] /home/travis/build/icyphy/ptII/ptolemy/actor/lib/test/auto/BooleanMultiplexor3.xml (RunModel)" time="0.028" />
  <testcase classname="ptolemy.util.test.junit.AutoTests" name="[39] /home/travis/build/icyphy/ptII/ptolemy/actor/lib/test/auto/BooleanSelect.xml (RunModel)" time="0.027" />
  <testcase classname="ptolemy.util.test.junit.AutoTests" name="[40] /home/travis/build/icyphy/ptII/ptolemy/actor/lib/test/auto/BooleanSelect2.xml (RunModel)" time="0.013" />
  <testcase classname="ptolemy.util.test.junit.AutoTests" name="[41] /home/travis/build/icyphy/ptII/ptolemy/actor/lib/test/auto/BooleanSwitch.xml (RunModel)" time="0.017" />
  <testcase classname="ptolemy.util.test.junit.AutoTests" name="[42] /home/travis/build/icyphy/ptII/ptolemy/actor/lib/test/auto/BooleanSwitch2.xml (RunModel)" time="0.013" />
  <testcase classname="ptolemy.util.test.junit.AutoTests" name="[43] /home/travis/build/icyphy/ptII/ptolemy/actor/lib/test/auto/BooleanSwitchCloningBugWithClassRelationGroup.xml (RunModel)" time="0.043" />
  <testcase classname="ptolemy.util.test.junit.AutoTests" name="[44] /home/travis/build/icyphy/ptII/ptolemy/actor/lib/test/auto/BusActors.xml (RunModel)" time="0.032" />
  <testcase classname="ptolemy.util.test.junit.AutoTests" name="[45] /home/travis/build/icyphy/ptII/ptolemy/actor/lib/test/auto/ClassWrapper.xml (RunModel)" time="0.011" />
  <testcase classname="ptolemy.util.test.junit.AutoTests" name="[46] /home/travis/build/icyphy/ptII/ptolemy/actor/lib/test/auto/Clock.xml (RunModel)" time="0.01" />
  <testcase classname="ptolemy.util.test.junit.AutoTests" name="[47] /home/travis/build/icyphy/ptII/ptolemy/actor/lib/test/auto/Clock10.xml (RunModel)" time="0.053" />
  <testcase classname="ptolemy.util.test.junit.AutoTests" name="[48] /home/travis/build/icyphy/ptII/ptolemy/actor/lib/test/auto/Clock11.xml (RunModel)" time="0.019" />
  <testcase classname="ptolemy.util.test.junit.AutoTests" name="[49] /home/travis/build/icyphy/ptII/ptolemy/actor/lib/test/auto/Clock12.xml (RunModel)" time="0.017" />
  <testcase classname="ptolemy.util.test.junit.AutoTests" name="[50] /home/travis/build/icyphy/ptII/ptolemy/actor/lib/test/auto/Clock13.xml (RunModel)" time="0.027" />
  <testcase classname="ptolemy.util.test.junit.AutoTests" name="[51] /home/travis/build/icyphy/ptII/ptolemy/actor/lib/test/auto/Clock14.xml (RunModel)" time="0.016" />
  <testcase classname="ptolemy.util.test.junit.AutoTests" name="[52] /home/travis/build/icyphy/ptII/ptolemy/actor/lib/test/auto/Clock15.xml (RunModel)" time="0.014" />
  <testcase classname="ptolemy.util.test.junit.AutoTests" name="[53] /home/travis/build/icyphy/ptII/ptolemy/actor/lib/test/auto/Clock16.xml (RunModel)" time="0.078" />
  <testcase classname="ptolemy.util.test.junit.AutoTests" name="[54] /home/travis/build/icyphy/ptII/ptolemy/actor/lib/test/auto/Clock17.xml (RunModel)" time="0.077" />
  <testcase classname="ptolemy.util.test.junit.AutoTests" name="[55] /home/travis/build/icyphy/ptII/ptolemy/actor/lib/test/auto/Clock18.xml (RunModel)" time="0.054" />
  <testcase classname="ptolemy.util.test.junit.AutoTests" name="[56] /home/travis/build/icyphy/ptII/ptolemy/actor/lib/test/auto/Clock19.xml (RunModel)" time="0.057" />
  <testcase classname="ptolemy.util.test.junit.AutoTests" name="[57] /home/travis/build/icyphy/ptII/ptolemy/actor/lib/test/auto/Clock2.xml (RunModel)" time="0.015" />
  <testcase classname="ptolemy.util.test.junit.AutoTests" name="[58] /home/travis/build/icyphy/ptII/ptolemy/actor/lib/test/auto/Clock20.xml (RunModel)" time="0.02" />
  <testcase classname="ptolemy.util.test.junit.AutoTests" name="[59] /home/travis/build/icyphy/ptII/ptolemy/actor/lib/test/auto/Clock21.xml (RunModel)" time="0.011" />
  <testcase classname="ptolemy.util.test.junit.AutoTests" name="[60] /home/travis/build/icyphy/ptII/ptolemy/actor/lib/test/auto/Clock22.xml (RunModel)" time="0.014" />
  <testcase classname="ptolemy.util.test.junit.AutoTests" name="[61] /home/travis/build/icyphy/ptII/ptolemy/actor/lib/test/auto/Clock23.xml (RunModel)" time="0.015" />
  <testcase classname="ptolemy.util.test.junit.AutoTests" name="[62] /home/travis/build/icyphy/ptII/ptolemy/actor/lib/test/auto/Clock24.xml (RunModel)" time="0.013" />
  <testcase classname="ptolemy.util.test.junit.AutoTests" name="[63] /home/travis/build/icyphy/ptII/ptolemy/actor/lib/test/auto/Clock4.xml (RunModel)" time="0.009" />
  <testcase classname="ptolemy.util.test.junit.AutoTests" name="[64] /home/travis/build/icyphy/ptII/ptolemy/actor/lib/test/auto/Clock5.xml (RunModel)" time="0.015" />
  <testcase classname="ptolemy.util.test.junit.AutoTests" name="[65] /home/travis/build/icyphy/ptII/ptolemy/actor/lib/test/auto/Clock6.xml (RunModel)" time="0.007" />
  <testcase classname="ptolemy.util.test.junit.AutoTests" name="[66] /home/travis/build/icyphy/ptII/ptolemy/actor/lib/test/auto/Clock7.xml (RunModel)" time="0.009" />
  <testcase classname="ptolemy.util.test.junit.AutoTests" name="[67] /home/travis/build/icyphy/ptII/ptolemy/actor/lib/test/auto/Clock8.xml (RunModel)" time="0.01" />
  <testcase classname="ptolemy.util.test.junit.AutoTests" name="[68] /home/travis/build/icyphy/ptII/ptolemy/actor/lib/test/auto/Clock9.xml (RunModel)" time="0.015" />
  <testcase classname="ptolemy.util.test.junit.AutoTests" name="[69] /home/travis/build/icyphy/ptII/ptolemy/actor/lib/test/auto/CommDistDiscard.xml (RunModel)" time="0.024" />
  <testcase classname="ptolemy.util.test.junit.AutoTests" name="[70] /home/travis/build/icyphy/ptII/ptolemy/actor/lib/test/auto/Commutator.xml (RunModel)" time="0.013" />
  <testcase classname="ptolemy.util.test.junit.AutoTests" name="[71] /home/travis/build/icyphy/ptII/ptolemy/actor/lib/test/auto/Commutator2.xml (RunModel)" time="0.01" />
  <testcase classname="ptolemy.util.test.junit.AutoTests" name="[72] /home/travis/build/icyphy/ptII/ptolemy/actor/lib/test/auto/Commutator3.xml (RunModel)" time="0.01" />
  <testcase classname="ptolemy.util.test.junit.AutoTests" name="[73] /home/travis/build/icyphy/ptII/ptolemy/actor/lib/test/auto/Compare.xml (RunModel)" time="0.019" />
  <testcase classname="ptolemy.util.test.junit.AutoTests" name="[74] /home/travis/build/icyphy/ptII/ptolemy/actor/lib/test/auto/CompareDE.xml (RunModel)" time="0.018" />
  <testcase classname="ptolemy.util.test.junit.AutoTests" name="[75] /home/travis/build/icyphy/ptII/ptolemy/actor/lib/test/auto/ComplexDivide.xml (RunModel)" time="0.008" />
  <testcase classname="ptolemy.util.test.junit.AutoTests" name="[76] /home/travis/build/icyphy/ptII/ptolemy/actor/lib/test/auto/ComputeHistogram.xml (RunModel)" time="0.067" />
  <testcase classname="ptolemy.util.test.junit.AutoTests" name="[77] /home/travis/build/icyphy/ptII/ptolemy/actor/lib/test/auto/ConfigurationSelect.xml (RunModel)" time="0.016" />
  <testcase classname="ptolemy.util.test.junit.AutoTests" name="[78] /home/travis/build/icyphy/ptII/ptolemy/actor/lib/test/auto/ConfigurationSelect2.xml (RunModel)" time="0.017" />
  <testcase classname="ptolemy.util.test.junit.AutoTests" name="[79] /home/travis/build/icyphy/ptII/ptolemy/actor/lib/test/auto/ConfigurationSwitch.xml (RunModel)" time="0.026" />
  <testcase classname="ptolemy.util.test.junit.AutoTests" name="[80] /home/travis/build/icyphy/ptII/ptolemy/actor/lib/test/auto/ConfigurationSwitch2.xml (RunModel)" time="0.017" />
  <testcase classname="ptolemy.util.test.junit.AutoTests" name="[81] /home/travis/build/icyphy/ptII/ptolemy/actor/lib/test/auto/ConfigurationSwitchCloningBugWithClassRelationGroup.xml (RunModel)" time="0.019" />
  <testcase classname="ptolemy.util.test.junit.AutoTests" name="[82] /home/travis/build/icyphy/ptII/ptolemy/actor/lib/test/auto/ConfigurationSwitchSelectSDF.xml (RunModel)" time="0.014" />
  <testcase classname="ptolemy.util.test.junit.AutoTests" name="[83] /home/travis/build/icyphy/ptII/ptolemy/actor/lib/test/auto/ConfigurationSwitchSelectSDF2.xml (RunModel)" time="0.017" />
  <testcase classname="ptolemy.util.test.junit.AutoTests" name="[84] /home/travis/build/icyphy/ptII/ptolemy/actor/lib/test/auto/Const.xml (RunModel)" time="0.006" />
  <testcase classname="ptolemy.util.test.junit.AutoTests" name="[85] /home/travis/build/icyphy/ptII/ptolemy/actor/lib/test/auto/Const2.xml (RunModel)" time="0.01" />
  <testcase classname="ptolemy.util.test.junit.AutoTests" name="[86] /home/travis/build/icyphy/ptII/ptolemy/actor/lib/test/auto/Const3.xml (RunModel)" time="0.007" />
  <testcase classname="ptolemy.util.test.junit.AutoTests" name="[87] /home/travis/build/icyphy/ptII/ptolemy/actor/lib/test/auto/ConstantPublisherPort1.xml (RunModel)" time="0.022" />
  <testcase classname="ptolemy.util.test.junit.AutoTests" name="[88] /home/travis/build/icyphy/ptII/ptolemy/actor/lib/test/auto/ConstantPublisherPort2.xml (RunModel)" time="0.016" />
  <testcase classname="ptolemy.util.test.junit.AutoTests" name="[89] /home/travis/build/icyphy/ptII/ptolemy/actor/lib/test/auto/ConstantPublisherPort3.xml (RunModel)" time="0.016" />
  <testcase classname="ptolemy.util.test.junit.AutoTests" name="[90] /home/travis/build/icyphy/ptII/ptolemy/actor/lib/test/auto/ConstantPublisherPort4.xml (RunModel)" time="0.016" />
  <testcase classname="ptolemy.util.test.junit.AutoTests" name="[91] /home/travis/build/icyphy/ptII/ptolemy/actor/lib/test/auto/ConstantPublisherPort5.xml (RunModel)" time="0.04" />
  <testcase classname="ptolemy.util.test.junit.AutoTests" name="[92] /home/travis/build/icyphy/ptII/ptolemy/actor/lib/test/auto/ConstantPublisherPort6.xml (RunModel)" time="0.042" />
  <testcase classname="ptolemy.util.test.junit.AutoTests" name="[93] /home/travis/build/icyphy/ptII/ptolemy/actor/lib/test/auto/ConstantPublisherPort7.xml (RunModel)" time="0.03" />
  <testcase classname="ptolemy.util.test.junit.AutoTests" name="[94] /home/travis/build/icyphy/ptII/ptolemy/actor/lib/test/auto/ConstraintMonitor1.xml (RunModel)" time="0.03" />
  <testcase classname="ptolemy.util.test.junit.AutoTests" name="[95] /home/travis/build/icyphy/ptII/ptolemy/actor/lib/test/auto/ConstraintMonitor2.xml (RunModel)" time="0.011" />
  <testcase classname="ptolemy.util.test.junit.AutoTests" name="[96] /home/travis/build/icyphy/ptII/ptolemy/actor/lib/test/auto/ConstraintMonitor3.xml (RunModel)" time="0.011" />
  <testcase classname="ptolemy.util.test.junit.AutoTests" name="[97] /home/travis/build/icyphy/ptII/ptolemy/actor/lib/test/auto/ConstraintMonitor4.xml (RunModel)" time="0.012" />
  <testcase classname="ptolemy.util.test.junit.AutoTests" name="[98] /home/travis/build/icyphy/ptII/ptolemy/actor/lib/test/auto/ConstraintMonitor5.xml (RunModel)" time="0.012" />
  <testcase classname="ptolemy.util.test.junit.AutoTests" name="[99] /home/travis/build/icyphy/ptII/ptolemy/actor/lib/test/auto/ConstraintMonitor6.xml (RunModel)" time="0.015" />
  <testcase classname="ptolemy.util.test.junit.AutoTests" name="[100] /home/travis/build/icyphy/ptII/ptolemy/actor/lib/test/auto/ConstraintMonitor7.xml (RunModel)" time="0.014" />
  <testcase classname="ptolemy.util.test.junit.AutoTests" name="[101] /home/travis/build/icyphy/ptII/ptolemy/actor/lib/test/auto/ConstraintMonitor8.xml (RunModel)" time="0.018" />
  <testcase classname="ptolemy.util.test.junit.AutoTests" name="[102] /home/travis/build/icyphy/ptII/ptolemy/actor/lib/test/auto/Counter.xml (RunModel)" time="0.041" />
  <testcase classname="ptolemy.util.test.junit.AutoTests" name="[103] /home/travis/build/icyphy/ptII/ptolemy/actor/lib/test/auto/CurrentTimeSDF.xml (RunModel)" time="0.008" />
  <testcase classname="ptolemy.util.test.junit.AutoTests" name="[104] /home/travis/build/icyphy/ptII/ptolemy/actor/lib/test/auto/DB.xml (RunModel)" time="0.02" />
  <testcase classname="ptolemy.util.test.junit.AutoTests" name="[105] /home/travis/build/icyphy/ptII/ptolemy/actor/lib/test/auto/DBDE.xml (RunModel)" time="0.021" />
  <testcase classname="ptolemy.util.test.junit.AutoTests" name="[106] /home/travis/build/icyphy/ptII/ptolemy/actor/lib/test/auto/DateConstructor.xml (RunModel)" time="0.056" />
  <testcase classname="ptolemy.util.test.junit.AutoTests" name="[107] /home/travis/build/icyphy/ptII/ptolemy/actor/lib/test/auto/DelayTime.xml (RunModel)" time="0.015" />
  <testcase classname="ptolemy.util.test.junit.AutoTests" name="[108] /home/travis/build/icyphy/ptII/ptolemy/actor/lib/test/auto/Dictionary1.xml (RunModel)" time="0.018" />
  <testcase classname="ptolemy.util.test.junit.AutoTests" name="[109] /home/travis/build/icyphy/ptII/ptolemy/actor/lib/test/auto/Dictionary2.xml (RunModel)" time="0.014" />
  <testcase classname="ptolemy.util.test.junit.AutoTests" name="[110] /home/travis/build/icyphy/ptII/ptolemy/actor/lib/test/auto/Dictionary3.xml (RunModel)" time="0.017" />
  <testcase classname="ptolemy.util.test.junit.AutoTests" name="[111] /home/travis/build/icyphy/ptII/ptolemy/actor/lib/test/auto/Dictionary4.xml (RunModel)" time="0.018" />
  <testcase classname="ptolemy.util.test.junit.AutoTests" name="[112] /home/travis/build/icyphy/ptII/ptolemy/actor/lib/test/auto/Differential.xml (RunModel)" time="0.013" />
  <testcase classname="ptolemy.util.test.junit.AutoTests" name="[113] /home/travis/build/icyphy/ptII/ptolemy/actor/lib/test/auto/Director.xml (RunModel)" time="0.009" />
  <testcase classname="ptolemy.util.test.junit.AutoTests" name="[114] /home/travis/build/icyphy/ptII/ptolemy/actor/lib/test/auto/DiscreteClock.xml (RunModel)" time="0.008" />
  <testcase classname="ptolemy.util.test.junit.AutoTests" name="[115] /home/travis/build/icyphy/ptII/ptolemy/actor/lib/test/auto/DiscreteClock10.xml (RunModel)" time="0.011" />
  <testcase classname="ptolemy.util.test.junit.AutoTests" name="[116] /home/travis/build/icyphy/ptII/ptolemy/actor/lib/test/auto/DiscreteClock11.xml (RunModel)" time="0.011" />
  <testcase classname="ptolemy.util.test.junit.AutoTests" name="[117] /home/travis/build/icyphy/ptII/ptolemy/actor/lib/test/auto/DiscreteClock12.xml (RunModel)" time="0.015" />
  <testcase classname="ptolemy.util.test.junit.AutoTests" name="[118] /home/travis/build/icyphy/ptII/ptolemy/actor/lib/test/auto/DiscreteClock13.xml (RunModel)" time="0.018" />
  <testcase classname="ptolemy.util.test.junit.AutoTests" name="[119] /home/travis/build/icyphy/ptII/ptolemy/actor/lib/test/auto/DiscreteClock14.xml (RunModel)" time="0.016" />
  <testcase classname="ptolemy.util.test.junit.AutoTests" name="[120] /home/travis/build/icyphy/ptII/ptolemy/actor/lib/test/auto/DiscreteClock15.xml (RunModel)" time="0.016" />
  <testcase classname="ptolemy.util.test.junit.AutoTests" name="[121] /home/travis/build/icyphy/ptII/ptolemy/actor/lib/test/auto/DiscreteClock16.xml (RunModel)" time="0.042" />
  <testcase classname="ptolemy.util.test.junit.AutoTests" name="[122] /home/travis/build/icyphy/ptII/ptolemy/actor/lib/test/auto/DiscreteClock17.xml (RunModel)" time="0.036" />
  <testcase classname="ptolemy.util.test.junit.AutoTests" name="[123] /home/travis/build/icyphy/ptII/ptolemy/actor/lib/test/auto/DiscreteClock18.xml (RunModel)" time="0.037" />
  <testcase classname="ptolemy.util.test.junit.AutoTests" name="[124] /home/travis/build/icyphy/ptII/ptolemy/actor/lib/test/auto/DiscreteClock19.xml (RunModel)" time="0.04" />
  <testcase classname="ptolemy.util.test.junit.AutoTests" name="[125] /home/travis/build/icyphy/ptII/ptolemy/actor/lib/test/auto/DiscreteClock2.xml (RunModel)" time="0.012" />
  <testcase classname="ptolemy.util.test.junit.AutoTests" name="[126] /home/travis/build/icyphy/ptII/ptolemy/actor/lib/test/auto/DiscreteClock20.xml (RunModel)" time="0.015" />
  <testcase classname="ptolemy.util.test.junit.AutoTests" name="[127] /home/travis/build/icyphy/ptII/ptolemy/actor/lib/test/auto/DiscreteClock21.xml (RunModel)" time="0.015" />
  <testcase classname="ptolemy.util.test.junit.AutoTests" name="[128] /home/travis/build/icyphy/ptII/ptolemy/actor/lib/test/auto/DiscreteClock22.xml (RunModel)" time="0.017" />
  <testcase classname="ptolemy.util.test.junit.AutoTests" name="[129] /home/travis/build/icyphy/ptII/ptolemy/actor/lib/test/auto/DiscreteClock23.xml (RunModel)" time="0.014" />
  <testcase classname="ptolemy.util.test.junit.AutoTests" name="[130] /home/travis/build/icyphy/ptII/ptolemy/actor/lib/test/auto/DiscreteClock24.xml (RunModel)" time="0.6" />
  <testcase classname="ptolemy.util.test.junit.AutoTests" name="[131] /home/travis/build/icyphy/ptII/ptolemy/actor/lib/test/auto/DiscreteClock4.xml (RunModel)" time="0.009" />
  <testcase classname="ptolemy.util.test.junit.AutoTests" name="[132] /home/travis/build/icyphy/ptII/ptolemy/actor/lib/test/auto/DiscreteClock5.xml (RunModel)" time="0.008" />
  <testcase classname="ptolemy.util.test.junit.AutoTests" name="[133] /home/travis/build/icyphy/ptII/ptolemy/actor/lib/test/auto/DiscreteClock6.xml (RunModel)" time="0.006" />
  <testcase classname="ptolemy.util.test.junit.AutoTests" name="[134] /home/travis/build/icyphy/ptII/ptolemy/actor/lib/test/auto/DiscreteClock7.xml (RunModel)" time="0.008" />
  <testcase classname="ptolemy.util.test.junit.AutoTests" name="[135] /home/travis/build/icyphy/ptII/ptolemy/actor/lib/test/auto/DiscreteClock8.xml (RunModel)" time="0.014" />
  <testcase classname="ptolemy.util.test.junit.AutoTests" name="[136] /home/travis/build/icyphy/ptII/ptolemy/actor/lib/test/auto/DiscreteClock9.xml (RunModel)" time="0.014" />
  <testcase classname="ptolemy.util.test.junit.AutoTests" name="[137] /home/travis/build/icyphy/ptII/ptolemy/actor/lib/test/auto/DisplayArray.xml (RunModel)" time="0.007" />
  <testcase classname="ptolemy.util.test.junit.AutoTests" name="[138] /home/travis/build/icyphy/ptII/ptolemy/actor/lib/test/auto/Distributor.xml (RunModel)" time="0.009" />
  <testcase classname="ptolemy.util.test.junit.AutoTests" name="[139] /home/travis/build/icyphy/ptII/ptolemy/actor/lib/test/auto/Distributor2.xml (RunModel)" time="0.008" />
  <testcase classname="ptolemy.util.test.junit.AutoTests" name="[140] /home/travis/build/icyphy/ptII/ptolemy/actor/lib/test/auto/DownSample.xml (RunModel)" time="0.008" />
  <testcase classname="ptolemy.util.test.junit.AutoTests" name="[141] /home/travis/build/icyphy/ptII/ptolemy/actor/lib/test/auto/ElectronicUnitBase1.xml (RunModel)" time="0.056" />
  <testcase classname="ptolemy.util.test.junit.AutoTests" name="[142] /home/travis/build/icyphy/ptII/ptolemy/actor/lib/test/auto/ElementsToArray.xml (RunModel)" time="0.012" />
  <testcase classname="ptolemy.util.test.junit.AutoTests" name="[143] /home/travis/build/icyphy/ptII/ptolemy/actor/lib/test/auto/Equals.xml (RunModel)" time="0.013" />
  <testcase classname="ptolemy.util.test.junit.AutoTests" name="[144] /home/travis/build/icyphy/ptII/ptolemy/actor/lib/test/auto/Exec.xml (RunModel)" time="0.021" />
  <testcase classname="ptolemy.util.test.junit.AutoTests" name="[145] /home/travis/build/icyphy/ptII/ptolemy/actor/lib/test/auto/ExecEnvironment.xml (RunModel)" time="0.03" />
  <testcase classname="ptolemy.util.test.junit.AutoTests" name="[146] /home/travis/build/icyphy/ptII/ptolemy/actor/lib/test/auto/ExecNonZeroReturnOutput.xml (RunModel)" time="0.146" />
  <testcase classname="ptolemy.util.test.junit.AutoTests" name="[147] /home/travis/build/icyphy/ptII/ptolemy/actor/lib/test/auto/ExecRunDemos.xml (RunModel)" time="9.346" />
  <testcase classname="ptolemy.util.test.junit.AutoTests" name="[148] /home/travis/build/icyphy/ptII/ptolemy/actor/lib/test/auto/ExecStop.xml (RunModel)" time="5.022" />
  <testcase classname="ptolemy.util.test.junit.AutoTests" name="[149] /home/travis/build/icyphy/ptII/ptolemy/actor/lib/test/auto/ExecutionTimeSDF.xml (RunModel)" time="6.032" />
  <testcase classname="ptolemy.util.test.junit.AutoTests" name="[150] /home/travis/build/icyphy/ptII/ptolemy/actor/lib/test/auto/Expression1.xml (RunModel)" time="0.01" />
  <testcase classname="ptolemy.util.test.junit.AutoTests" name="[151] /home/travis/build/icyphy/ptII/ptolemy/actor/lib/test/auto/Expression10.xml (RunModel)" time="0.013" />
  <testcase classname="ptolemy.util.test.junit.AutoTests" name="[152] /home/travis/build/icyphy/ptII/ptolemy/actor/lib/test/auto/Expression11.xml (RunModel)" time="0.01" />
  <testcase classname="ptolemy.util.test.junit.AutoTests" name="[153] /home/travis/build/icyphy/ptII/ptolemy/actor/lib/test/auto/Expression12.xml (RunModel)" time="0.011" />
  <testcase classname="ptolemy.util.test.junit.AutoTests" name="[154] /home/travis/build/icyphy/ptII/ptolemy/actor/lib/test/auto/Expression13.xml (RunModel)" time="0.011" />
  <testcase classname="ptolemy.util.test.junit.AutoTests" name="[155] /home/travis/build/icyphy/ptII/ptolemy/actor/lib/test/auto/Expression14.xml (RunModel)" time="0.015" />
  <testcase classname="ptolemy.util.test.junit.AutoTests" name="[156] /home/travis/build/icyphy/ptII/ptolemy/actor/lib/test/auto/Expression15.xml (RunModel)" time="0.009" />
  <testcase classname="ptolemy.util.test.junit.AutoTests" name="[157] /home/travis/build/icyphy/ptII/ptolemy/actor/lib/test/auto/Expression16.xml (RunModel)" time="0.01" />
  <testcase classname="ptolemy.util.test.junit.AutoTests" name="[158] /home/travis/build/icyphy/ptII/ptolemy/actor/lib/test/auto/Expression17.xml (RunModel)" time="0.011" />
  <testcase classname="ptolemy.util.test.junit.AutoTests" name="[159] /home/travis/build/icyphy/ptII/ptolemy/actor/lib/test/auto/Expression18.xml (RunModel)" time="0.012" />
  <testcase classname="ptolemy.util.test.junit.AutoTests" name="[160] /home/travis/build/icyphy/ptII/ptolemy/actor/lib/test/auto/Expression2.xml (RunModel)" time="0.012" />
  <testcase classname="ptolemy.util.test.junit.AutoTests" name="[161] /home/travis/build/icyphy/ptII/ptolemy/actor/lib/test/auto/Expression3.xml (RunModel)" time="0.011" />
  <testcase classname="ptolemy.util.test.junit.AutoTests" name="[162] /home/travis/build/icyphy/ptII/ptolemy/actor/lib/test/auto/Expression4.xml (RunModel)" time="0.018" />
  <testcase classname="ptolemy.util.test.junit.AutoTests" name="[163] /home/travis/build/icyphy/ptII/ptolemy/actor/lib/test/auto/Expression5.xml (RunModel)" time="0.011" />
  <testcase classname="ptolemy.util.test.junit.AutoTests" name="[164] /home/travis/build/icyphy/ptII/ptolemy/actor/lib/test/auto/Expression6.xml (RunModel)" time="0.01" />
  <testcase classname="ptolemy.util.test.junit.AutoTests" name="[165] /home/travis/build/icyphy/ptII/ptolemy/actor/lib/test/auto/Expression7.xml (RunModel)" time="0.013" />
  <testcase classname="ptolemy.util.test.junit.AutoTests" name="[166] /home/travis/build/icyphy/ptII/ptolemy/actor/lib/test/auto/Expression8.xml (RunModel)" time="0.011" />
  <testcase classname="ptolemy.util.test.junit.AutoTests" name="[167] /home/travis/build/icyphy/ptII/ptolemy/actor/lib/test/auto/Expression9.xml (RunModel)" time="0.009" />
  <testcase classname="ptolemy.util.test.junit.AutoTests" name="[168] /home/travis/build/icyphy/ptII/ptolemy/actor/lib/test/auto/ExpressionConcatenateArrayType.xml (RunModel)" time="0.024" />
  <testcase classname="ptolemy.util.test.junit.AutoTests" name="[169] /home/travis/build/icyphy/ptII/ptolemy/actor/lib/test/auto/ExpressionConcatenateArrayType2.xml (RunModel)" time="0.016" />
  <testcase classname="ptolemy.util.test.junit.AutoTests" name="[170] /home/travis/build/icyphy/ptII/ptolemy/actor/lib/test/auto/ExpressionFix.xml (RunModel)" time="0.03" />
  <testcase classname="ptolemy.util.test.junit.AutoTests" name="[171] /home/travis/build/icyphy/ptII/ptolemy/actor/lib/test/auto/ExpressionFix2.xml (RunModel)" time="0.01" />
  <testcase classname="ptolemy.util.test.junit.AutoTests" name="[172] /home/travis/build/icyphy/ptII/ptolemy/actor/lib/test/auto/ExpressionFix3.xml (RunModel)" time="0.011" />
  <testcase classname="ptolemy.util.test.junit.AutoTests" name="[173] /home/travis/build/icyphy/ptII/ptolemy/actor/lib/test/auto/FileWriter1.xml (RunModel)" time="0.009" />
  <testcase classname="ptolemy.util.test.junit.AutoTests" name="[174] /home/travis/build/icyphy/ptII/ptolemy/actor/lib/test/auto/FileWriter2.xml (RunModel)" time="0.01" />
  <testcase classname="ptolemy.util.test.junit.AutoTests" name="[175] /home/travis/build/icyphy/ptII/ptolemy/actor/lib/test/auto/FileWriter3.xml (RunModel)" time="0.015" />
  <testcase classname="ptolemy.util.test.junit.AutoTests" name="[176] /home/travis/build/icyphy/ptII/ptolemy/actor/lib/test/auto/Gaussian.xml (RunModel)" time="0.013" />
  <testcase classname="ptolemy.util.test.junit.AutoTests" name="[177] /home/travis/build/icyphy/ptII/ptolemy/actor/lib/test/auto/Gaussian1.xml (RunModel)" time="0.013" />
  <testcase classname="ptolemy.util.test.junit.AutoTests" name="[178] /home/travis/build/icyphy/ptII/ptolemy/actor/lib/test/auto/Gaussian2.xml (RunModel)" time="0.014" />
  <testcase classname="ptolemy.util.test.junit.AutoTests" name="[179] /home/travis/build/icyphy/ptII/ptolemy/actor/lib/test/auto/GradientAdaptiveLattice.xml (RunModel)" time="0.015" />
  <testcase classname="ptolemy.util.test.junit.AutoTests" name="[180] /home/travis/build/icyphy/ptII/ptolemy/actor/lib/test/auto/IIR.xml (RunModel)" time="0.01" />
  <testcase classname="ptolemy.util.test.junit.AutoTests" name="[181] /home/travis/build/icyphy/ptII/ptolemy/actor/lib/test/auto/InputOutputTransparentPorts.xml (RunModel)" time="0.018" />
  <testcase classname="ptolemy.util.test.junit.AutoTests" name="[182] /home/travis/build/icyphy/ptII/ptolemy/actor/lib/test/auto/Interpolator.xml (RunModel)" time="0.01" />
  <testcase classname="ptolemy.util.test.junit.AutoTests" name="[183] /home/travis/build/icyphy/ptII/ptolemy/actor/lib/test/auto/InterpolatorFiringLimitDE.xml (RunModel)" time="0.014" />
  <testcase classname="ptolemy.util.test.junit.AutoTests" name="[184] /home/travis/build/icyphy/ptII/ptolemy/actor/lib/test/auto/Lattice.xml (RunModel)" time="0.009" />
  <testcase classname="ptolemy.util.test.junit.AutoTests" name="[185] /home/travis/build/icyphy/ptII/ptolemy/actor/lib/test/auto/LazyAOCTestLazy.xml (RunModel)" time="0.058" />
  <testcase classname="ptolemy.util.test.junit.AutoTests" name="[186] /home/travis/build/icyphy/ptII/ptolemy/actor/lib/test/auto/LazyAOCTestNonLazy.xml (RunModel)" time="0.05" />
  <testcase classname="ptolemy.util.test.junit.AutoTests" name="[187] /home/travis/build/icyphy/ptII/ptolemy/actor/lib/test/auto/LazyInnerClass.xml (RunModel)" time="0.069" />
  <testcase classname="ptolemy.util.test.junit.AutoTests" name="[188] /home/travis/build/icyphy/ptII/ptolemy/actor/lib/test/auto/LazyPubSub.xml (RunModel)" time="0.022" />
  <testcase classname="ptolemy.util.test.junit.AutoTests" name="[189] /home/travis/build/icyphy/ptII/ptolemy/actor/lib/test/auto/LazyPubSub2.xml (RunModel)" time="0.021" />
  <testcase classname="ptolemy.util.test.junit.AutoTests" name="[190] /home/travis/build/icyphy/ptII/ptolemy/actor/lib/test/auto/LazyPubSub3.xml (RunModel)" time="0.019" />
  <testcase classname="ptolemy.util.test.junit.AutoTests" name="[191] /home/travis/build/icyphy/ptII/ptolemy/actor/lib/test/auto/LazySubClassModel.xml (RunModel)" time="0.02" />
  <testcase classname="ptolemy.util.test.junit.AutoTests" name="[192] /home/travis/build/icyphy/ptII/ptolemy/actor/lib/test/auto/LevelCrossTest1.xml (RunModel)" time="0.008" />
  <testcase classname="ptolemy.util.test.junit.AutoTests" name="[193] /home/travis/build/icyphy/ptII/ptolemy/actor/lib/test/auto/LevelCrossTest10.xml (RunModel)" time="0.012" />
  <testcase classname="ptolemy.util.test.junit.AutoTests" name="[194] /home/travis/build/icyphy/ptII/ptolemy/actor/lib/test/auto/LevelCrossTest11.xml (RunModel)" time="0.01" />
  <testcase classname="ptolemy.util.test.junit.AutoTests" name="[195] /home/travis/build/icyphy/ptII/ptolemy/actor/lib/test/auto/LevelCrossTest12.xml (RunModel)" time="0.011" />
  <testcase classname="ptolemy.util.test.junit.AutoTests" name="[196] /home/travis/build/icyphy/ptII/ptolemy/actor/lib/test/auto/LevelCrossTest13.xml (RunModel)" time="0.012" />
  <testcase classname="ptolemy.util.test.junit.AutoTests" name="[197] /home/travis/build/icyphy/ptII/ptolemy/actor/lib/test/auto/LevelCrossTest2.xml (RunModel)" time="0.008" />
  <testcase classname="ptolemy.util.test.junit.AutoTests" name="[198] /home/travis/build/icyphy/ptII/ptolemy/actor/lib/test/auto/LevelCrossTest3.xml (RunModel)" time="0.009" />
  <testcase classname="ptolemy.util.test.junit.AutoTests" name="[199] /home/travis/build/icyphy/ptII/ptolemy/actor/lib/test/auto/LevelCrossTest4.xml (RunModel)" time="0.009" />
  <testcase classname="ptolemy.util.test.junit.AutoTests" name="[200] /home/travis/build/icyphy/ptII/ptolemy/actor/lib/test/auto/LevelCrossTest5.xml (RunModel)" time="0.011" />
  <testcase classname="ptolemy.util.test.junit.AutoTests" name="[201] /home/travis/build/icyphy/ptII/ptolemy/actor/lib/test/auto/LevelCrossTest6.xml (RunModel)" time="0.016" />
  <testcase classname="ptolemy.util.test.junit.AutoTests" name="[202] /home/travis/build/icyphy/ptII/ptolemy/actor/lib/test/auto/LevelCrossTest7.xml (RunModel)" time="0.013" />
  <testcase classname="ptolemy.util.test.junit.AutoTests" name="[203] /home/travis/build/icyphy/ptII/ptolemy/actor/lib/test/auto/LevelCrossTest8.xml (RunModel)" time="0.011" />
  <testcase classname="ptolemy.util.test.junit.AutoTests" name="[204] /home/travis/build/icyphy/ptII/ptolemy/actor/lib/test/auto/LevelCrossTest9.xml (RunModel)" time="0.012" />
  <testcase classname="ptolemy.util.test.junit.AutoTests" name="[205] /home/travis/build/icyphy/ptII/ptolemy/actor/lib/test/auto/LevinsonDurbin.xml (RunModel)" time="0.008" />
  <testcase classname="ptolemy.util.test.junit.AutoTests" name="[206] /home/travis/build/icyphy/ptII/ptolemy/actor/lib/test/auto/LevinsonDurbin2.xml (RunModel)" time="0.007" />
  <testcase classname="ptolemy.util.test.junit.AutoTests" name="[207] /home/travis/build/icyphy/ptII/ptolemy/actor/lib/test/auto/LevinsonDurbin3.xml (RunModel)" time="0.007" />
  <testcase classname="ptolemy.util.test.junit.AutoTests" name="[208] /home/travis/build/icyphy/ptII/ptolemy/actor/lib/test/auto/Limiter.xml (RunModel)" time="0.028" />
  <testcase classname="ptolemy.util.test.junit.AutoTests" name="[209] /home/travis/build/icyphy/ptII/ptolemy/actor/lib/test/auto/LinearDifferenceEquationSystem.xml (RunModel)" time="0.02" />
  <testcase classname="ptolemy.util.test.junit.AutoTests" name="[210] /home/travis/build/icyphy/ptII/ptolemy/actor/lib/test/auto/LookupTable.xml (RunModel)" time="0.009" />
  <testcase classname="ptolemy.util.test.junit.AutoTests" name="[211] /home/travis/build/icyphy/ptII/ptolemy/actor/lib/test/auto/MathFunction.xml (RunModel)" time="0.018" />
  <testcase classname="ptolemy.util.test.junit.AutoTests" name="[212] /home/travis/build/icyphy/ptII/ptolemy/actor/lib/test/auto/MathFunction2.xml (RunModel)" time="0.007" />
  <testcase classname="ptolemy.util.test.junit.AutoTests" name="[213] /home/travis/build/icyphy/ptII/ptolemy/actor/lib/test/auto/MathFunction3.xml (RunModel)" time="0.014" />
  <testcase classname="ptolemy.util.test.junit.AutoTests" name="[214] /home/travis/build/icyphy/ptII/ptolemy/actor/lib/test/auto/MatrixCropBoolean.xml (RunModel)" time="0.009" />
  <testcase classname="ptolemy.util.test.junit.AutoTests" name="[215] /home/travis/build/icyphy/ptII/ptolemy/actor/lib/test/auto/MatrixCropComplex.xml (RunModel)" time="0.009" />
  <testcase classname="ptolemy.util.test.junit.AutoTests" name="[216] /home/travis/build/icyphy/ptII/ptolemy/actor/lib/test/auto/MatrixCropDouble.xml (RunModel)" time="0.009" />
  <testcase classname="ptolemy.util.test.junit.AutoTests" name="[217] /home/travis/build/icyphy/ptII/ptolemy/actor/lib/test/auto/MatrixCropFix.xml (RunModel)" time="0.009" />
  <testcase classname="ptolemy.util.test.junit.AutoTests" name="[218] /home/travis/build/icyphy/ptII/ptolemy/actor/lib/test/auto/MatrixCropInt.xml (RunModel)" time="0.008" />
  <testcase classname="ptolemy.util.test.junit.AutoTests" name="[219] /home/travis/build/icyphy/ptII/ptolemy/actor/lib/test/auto/MatrixCropLong.xml (RunModel)" time="0.008" />
  <testcase classname="ptolemy.util.test.junit.AutoTests" name="[220] /home/travis/build/icyphy/ptII/ptolemy/actor/lib/test/auto/MatrixToArray.xml (RunModel)" time="0.037" />
  <testcase classname="ptolemy.util.test.junit.AutoTests" name="[221] /home/travis/build/icyphy/ptII/ptolemy/actor/lib/test/auto/MaxIndex.xml (RunModel)" time="0.01" />
  <testcase classname="ptolemy.util.test.junit.AutoTests" name="[222] /home/travis/build/icyphy/ptII/ptolemy/actor/lib/test/auto/Maximum.xml (RunModel)" time="0.011" />
  <testcase classname="ptolemy.util.test.junit.AutoTests" name="[223] /home/travis/build/icyphy/ptII/ptolemy/actor/lib/test/auto/MaximumComplex.xml (RunModel)" time="0.011" />
  <testcase classname="ptolemy.util.test.junit.AutoTests" name="[224] /home/travis/build/icyphy/ptII/ptolemy/actor/lib/test/auto/MethodCallTest.xml (RunModel)" time="0.016" />
  <testcase classname="ptolemy.util.test.junit.AutoTests" name="[225] /home/travis/build/icyphy/ptII/ptolemy/actor/lib/test/auto/Minimum.xml (RunModel)" time="0.011" />
  <testcase classname="ptolemy.util.test.junit.AutoTests" name="[226] /home/travis/build/icyphy/ptII/ptolemy/actor/lib/test/auto/MinimumComplex.xml (RunModel)" time="0.011" />
  <testcase classname="ptolemy.util.test.junit.AutoTests" name="[227] /home/travis/build/icyphy/ptII/ptolemy/actor/lib/test/auto/MinimumMultiports.xml (RunModel)" time="0.015" />
  <testcase classname="ptolemy.util.test.junit.AutoTests" name="[228] /home/travis/build/icyphy/ptII/ptolemy/actor/lib/test/auto/ModifyDate.xml (RunModel)" time="0.032" />
  <testcase classname="ptolemy.util.test.junit.AutoTests" name="[229] /home/travis/build/icyphy/ptII/ptolemy/actor/lib/test/auto/ModifyDate2.xml (RunModel)" time="0.025" />
  <testcase classname="ptolemy.util.test.junit.AutoTests" name="[230] /home/travis/build/icyphy/ptII/ptolemy/actor/lib/test/auto/MovingAverage.xml (RunModel)" time="0.012" />
  <testcase classname="ptolemy.util.test.junit.AutoTests" name="[231] /home/travis/build/icyphy/ptII/ptolemy/actor/lib/test/auto/MovingMaximum.xml (RunModel)" time="0.01" />
  <testcase classname="ptolemy.util.test.junit.AutoTests" name="[232] /home/travis/build/icyphy/ptII/ptolemy/actor/lib/test/auto/MultipleLinksToSameRelation.xml (RunModel)" time="0.007" />
  <testcase classname="ptolemy.util.test.junit.AutoTests" name="[233] /home/travis/build/icyphy/ptII/ptolemy/actor/lib/test/auto/MultipleLinksToSameRelationDE.xml (RunModel)" time="0.007" />
  <testcase classname="ptolemy.util.test.junit.AutoTests" name="[234] /home/travis/build/icyphy/ptII/ptolemy/actor/lib/test/auto/Multiplexor.xml (RunModel)" time="0.012" />
  <testcase classname="ptolemy.util.test.junit.AutoTests" name="[235] /home/travis/build/icyphy/ptII/ptolemy/actor/lib/test/auto/Multiplexor1.xml (RunModel)" time="0.01" />
  <testcase classname="ptolemy.util.test.junit.AutoTests" name="[236] /home/travis/build/icyphy/ptII/ptolemy/actor/lib/test/auto/Multiplexor2.xml (RunModel)" time="0.012" />
  <testcase classname="ptolemy.util.test.junit.AutoTests" name="[237] /home/travis/build/icyphy/ptII/ptolemy/actor/lib/test/auto/Multiplexor3.xml (RunModel)" time="0.007" />
  <testcase classname="ptolemy.util.test.junit.AutoTests" name="[238] /home/travis/build/icyphy/ptII/ptolemy/actor/lib/test/auto/MultiplexorDE.xml (RunModel)" time="0.015" />
  <testcase classname="ptolemy.util.test.junit.AutoTests" name="[239] /home/travis/build/icyphy/ptII/ptolemy/actor/lib/test/auto/MultiportBroadcastTest.xml (RunModel)" time="0.064" />
  <testcase classname="ptolemy.util.test.junit.AutoTests" name="[240] /home/travis/build/icyphy/ptII/ptolemy/actor/lib/test/auto/MultiportOutHangDuringGetWidth.xml (RunModel)" time="0.032" />
  <testcase classname="ptolemy.util.test.junit.AutoTests" name="[241] /home/travis/build/icyphy/ptII/ptolemy/actor/lib/test/auto/NilToken.xml (RunModel)" time="0.013" />
  <testcase classname="ptolemy.util.test.junit.AutoTests" name="[242] /home/travis/build/icyphy/ptII/ptolemy/actor/lib/test/auto/NilTokenNonStrictTest.xml (RunModel)" time="0.013" />
  <testcase classname="ptolemy.util.test.junit.AutoTests" name="[243] /home/travis/build/icyphy/ptII/ptolemy/actor/lib/test/auto/NilTokenRecord.xml (RunModel)" time="0.021" />
  <testcase classname="ptolemy.util.test.junit.AutoTests" name="[244] /home/travis/build/icyphy/ptII/ptolemy/actor/lib/test/auto/NilTokenTypeTest.xml (RunModel)" time="0.03" />
  <testcase classname="ptolemy.util.test.junit.AutoTests" name="[245] /home/travis/build/icyphy/ptII/ptolemy/actor/lib/test/auto/ObjectToken1.xml (RunModel)" time="0.009" />
  <testcase classname="ptolemy.util.test.junit.AutoTests" name="[246] /home/travis/build/icyphy/ptII/ptolemy/actor/lib/test/auto/OrderedMerge.xml (RunModel)" time="0.016" />
  <testcase classname="ptolemy.util.test.junit.AutoTests" name="[247] /home/travis/build/icyphy/ptII/ptolemy/actor/lib/test/auto/OrderedRecordDisassembler.xml (RunModel)" time="0.019" />
  <testcase classname="ptolemy.util.test.junit.AutoTests" name="[248] /home/travis/build/icyphy/ptII/ptolemy/actor/lib/test/auto/OrderedRecordDisassembler2.xml (RunModel)" time="0.016" />
  <testcase classname="ptolemy.util.test.junit.AutoTests" name="[249] /home/travis/build/icyphy/ptII/ptolemy/actor/lib/test/auto/OrderedRecordUpdater.xml (RunModel)" time="0.011" />
  <testcase classname="ptolemy.util.test.junit.AutoTests" name="[250] /home/travis/build/icyphy/ptII/ptolemy/actor/lib/test/auto/OrderedRecordUpdater2.xml (RunModel)" time="0.017" />
  <testcase classname="ptolemy.util.test.junit.AutoTests" name="[251] /home/travis/build/icyphy/ptII/ptolemy/actor/lib/test/auto/PhaseUnwrap.xml (RunModel)" time="0.012" />
  <testcase classname="ptolemy.util.test.junit.AutoTests" name="[252] /home/travis/build/icyphy/ptII/ptolemy/actor/lib/test/auto/PoissonClock.xml (RunModel)" time="0.009" />
  <testcase classname="ptolemy.util.test.junit.AutoTests" name="[253] /home/travis/build/icyphy/ptII/ptolemy/actor/lib/test/auto/PoissonClock2.xml (RunModel)" time="0.008" />
  <testcase classname="ptolemy.util.test.junit.AutoTests" name="[254] /home/travis/build/icyphy/ptII/ptolemy/actor/lib/test/auto/PoissonClock3.xml (RunModel)" time="0.016" />
  <testcase classname="ptolemy.util.test.junit.AutoTests" name="[255] /home/travis/build/icyphy/ptII/ptolemy/actor/lib/test/auto/PubSubWithInitialTokens.xml (RunModel)" time="0.013" />
  <testcase classname="ptolemy.util.test.junit.AutoTests" name="[256] /home/travis/build/icyphy/ptII/ptolemy/actor/lib/test/auto/PubSubWithInitialTokens2.xml (RunModel)" time="0.011" />
  <testcase classname="ptolemy.util.test.junit.AutoTests" name="[257] /home/travis/build/icyphy/ptII/ptolemy/actor/lib/test/auto/PublisherClassNoParameter.xml (RunModel)" time="0.019" />
  <testcase classname="ptolemy.util.test.junit.AutoTests" name="[258] /home/travis/build/icyphy/ptII/ptolemy/actor/lib/test/auto/PublisherClassParameter.xml (RunModel)" time="0.021" />
  <testcase classname="ptolemy.util.test.junit.AutoTests" name="[259] /home/travis/build/icyphy/ptII/ptolemy/actor/lib/test/auto/PublisherNonStrictTest.xml (RunModel)" time="0.015" />
  <testcase classname="ptolemy.util.test.junit.AutoTests" name="[260] /home/travis/build/icyphy/ptII/ptolemy/actor/lib/test/auto/PublisherPort1.xml (RunModel)" time="0.01" />
  <testcase classname="ptolemy.util.test.junit.AutoTests" name="[261] /home/travis/build/icyphy/ptII/ptolemy/actor/lib/test/auto/PublisherPort2.xml (RunModel)" time="0.007" />
  <testcase classname="ptolemy.util.test.junit.AutoTests" name="[262] /home/travis/build/icyphy/ptII/ptolemy/actor/lib/test/auto/PublisherPort3.xml (RunModel)" time="0.012" />
  <testcase classname="ptolemy.util.test.junit.AutoTests" name="[263] /home/travis/build/icyphy/ptII/ptolemy/actor/lib/test/auto/PublisherPort4.xml (RunModel)" time="0.011" />
  <testcase classname="ptolemy.util.test.junit.AutoTests" name="[264] /home/travis/build/icyphy/ptII/ptolemy/actor/lib/test/auto/PublisherPort5.xml (RunModel)" time="0.014" />
  <testcase classname="ptolemy.util.test.junit.AutoTests" name="[265] /home/travis/build/icyphy/ptII/ptolemy/actor/lib/test/auto/PublisherPort5LookAlike.xml (RunModel)" time="0.014" />
  <testcase classname="ptolemy.util.test.junit.AutoTests" name="[266] /home/travis/build/icyphy/ptII/ptolemy/actor/lib/test/auto/PublisherPort6.xml (RunModel)" time="0.02" />
  <testcase classname="ptolemy.util.test.junit.AutoTests" name="[267] /home/travis/build/icyphy/ptII/ptolemy/actor/lib/test/auto/PublisherPort7.xml (RunModel)" time="0.013" />
  <testcase classname="ptolemy.util.test.junit.AutoTests" name="[268] /home/travis/build/icyphy/ptII/ptolemy/actor/lib/test/auto/PublisherPort8.xml (RunModel)" time="0.013" />
  <testcase classname="ptolemy.util.test.junit.AutoTests" name="[269] /home/travis/build/icyphy/ptII/ptolemy/actor/lib/test/auto/PublisherPortSubscriberChannelVariablesAOC2.xml (RunModel)" time="0.027" />
  <testcase classname="ptolemy.util.test.junit.AutoTests" name="[270] /home/travis/build/icyphy/ptII/ptolemy/actor/lib/test/auto/PublisherPortSubscriberOpaqueWidthInference.xml (RunModel)" time="0.016" />
  <testcase classname="ptolemy.util.test.junit.AutoTests" name="[271] /home/travis/build/icyphy/ptII/ptolemy/actor/lib/test/auto/PublisherPortSubscriberPortAdjacent.xml (RunModel)" time="0.013" />
  <testcase classname="ptolemy.util.test.junit.AutoTests" name="[272] /home/travis/build/icyphy/ptII/ptolemy/actor/lib/test/auto/PublisherPortSubscriberPortExpression.xml (RunModel)" time="0.013" />
  <testcase classname="ptolemy.util.test.junit.AutoTests" name="[273] /home/travis/build/icyphy/ptII/ptolemy/actor/lib/test/auto/PublisherPortSubscriberPortOpaqueD3Reverse.xml (RunModel)" time="0.03" />
  <testcase classname="ptolemy.util.test.junit.AutoTests" name="[274] /home/travis/build/icyphy/ptII/ptolemy/actor/lib/test/auto/PublisherPortSubscriberPortOpaqueWidthInference.xml (RunModel)" time="0.032" />
  <testcase classname="ptolemy.util.test.junit.AutoTests" name="[275] /home/travis/build/icyphy/ptII/ptolemy/actor/lib/test/auto/PublisherPortToplevelSubscriberPortAOC.xml (RunModel)" time="0.01" />
  <testcase classname="ptolemy.util.test.junit.AutoTests" name="[276] /home/travis/build/icyphy/ptII/ptolemy/actor/lib/test/auto/PublisherSubscriber.xml (RunModel)" time="0.011" />
  <testcase classname="ptolemy.util.test.junit.AutoTests" name="[277] /home/travis/build/icyphy/ptII/ptolemy/actor/lib/test/auto/PublisherSubscriber10.xml (RunModel)" time="0.026" />
  <testcase classname="ptolemy.util.test.junit.AutoTests" name="[278] /home/travis/build/icyphy/ptII/ptolemy/actor/lib/test/auto/PublisherSubscriber10InitialOutputs.xml (RunModel)" time="0.031" />
  <testcase classname="ptolemy.util.test.junit.AutoTests" name="[279] /home/travis/build/icyphy/ptII/ptolemy/actor/lib/test/auto/PublisherSubscriber11.xml (RunModel)" time="0.016" />
  <testcase classname="ptolemy.util.test.junit.AutoTests" name="[280] /home/travis/build/icyphy/ptII/ptolemy/actor/lib/test/auto/PublisherSubscriber12.xml (RunModel)" time="0.021" />
  <testcase classname="ptolemy.util.test.junit.AutoTests" name="[281] /home/travis/build/icyphy/ptII/ptolemy/actor/lib/test/auto/PublisherSubscriber13.xml (RunModel)" time="0.009" />
  <testcase classname="ptolemy.util.test.junit.AutoTests" name="[282] /home/travis/build/icyphy/ptII/ptolemy/actor/lib/test/auto/PublisherSubscriber14.xml (RunModel)" time="0.02" />
  <testcase classname="ptolemy.util.test.junit.AutoTests" name="[283] /home/travis/build/icyphy/ptII/ptolemy/actor/lib/test/auto/PublisherSubscriber2.xml (RunModel)" time="0.011" />
  <testcase classname="ptolemy.util.test.junit.AutoTests" name="[284] /home/travis/build/icyphy/ptII/ptolemy/actor/lib/test/auto/PublisherSubscriber3.xml (RunModel)" time="0.008" />
  <testcase classname="ptolemy.util.test.junit.AutoTests" name="[285] /home/travis/build/icyphy/ptII/ptolemy/actor/lib/test/auto/PublisherSubscriber4.xml (RunModel)" time="0.008" />
  <testcase classname="ptolemy.util.test.junit.AutoTests" name="[286] /home/travis/build/icyphy/ptII/ptolemy/actor/lib/test/auto/PublisherSubscriber5.xml (RunModel)" time="0.012" />
  <testcase classname="ptolemy.util.test.junit.AutoTests" name="[287] /home/travis/build/icyphy/ptII/ptolemy/actor/lib/test/auto/PublisherSubscriber6.xml (RunModel)" time="0.015" />
  <testcase classname="ptolemy.util.test.junit.AutoTests" name="[288] /home/travis/build/icyphy/ptII/ptolemy/actor/lib/test/auto/PublisherSubscriber7.xml (RunModel)" time="0.016" />
  <testcase classname="ptolemy.util.test.junit.AutoTests" name="[289] /home/travis/build/icyphy/ptII/ptolemy/actor/lib/test/auto/PublisherSubscriber8.xml (RunModel)" time="0.023" />
  <testcase classname="ptolemy.util.test.junit.AutoTests" name="[290] /home/travis/build/icyphy/ptII/ptolemy/actor/lib/test/auto/PublisherSubscriber9.xml (RunModel)" time="0.014" />
  <testcase classname="ptolemy.util.test.junit.AutoTests" name="[291] /home/travis/build/icyphy/ptII/ptolemy/actor/lib/test/auto/PublisherSubscriberAdjacent.xml (RunModel)" time="0.015" />
  <testcase classname="ptolemy.util.test.junit.AutoTests" name="[292] /home/travis/build/icyphy/ptII/ptolemy/actor/lib/test/auto/PublisherSubscriberChannelVariablesAOC2.xml (RunModel)" time="0.025" />
  <testcase classname="ptolemy.util.test.junit.AutoTests" name="[293] /home/travis/build/icyphy/ptII/ptolemy/actor/lib/test/auto/PublisherSubscriberD3.xml (RunModel)" time="0.013" />
  <testcase classname="ptolemy.util.test.junit.AutoTests" name="[294] /home/travis/build/icyphy/ptII/ptolemy/actor/lib/test/auto/PublisherSubscriberD3Reverse.xml (RunModel)" time="0.011" />
  <testcase classname="ptolemy.util.test.junit.AutoTests" name="[295] /home/travis/build/icyphy/ptII/ptolemy/actor/lib/test/auto/PublisherSubscriberExpression.xml (RunModel)" time="0.016" />
  <testcase classname="ptolemy.util.test.junit.AutoTests" name="[296] /home/travis/build/icyphy/ptII/ptolemy/actor/lib/test/auto/PublisherSubscriberOpaque.xml (RunModel)" time="0.014" />
  <testcase classname="ptolemy.util.test.junit.AutoTests" name="[297] /home/travis/build/icyphy/ptII/ptolemy/actor/lib/test/auto/PublisherSubscriberOpaqueD3.xml (RunModel)" time="0.02" />
  <testcase classname="ptolemy.util.test.junit.AutoTests" name="[298] /home/travis/build/icyphy/ptII/ptolemy/actor/lib/test/auto/PublisherSubscriberOpaqueD3Reverse.xml (RunModel)" time="0.018" />
  <testcase classname="ptolemy.util.test.junit.AutoTests" name="[299] /home/travis/build/icyphy/ptII/ptolemy/actor/lib/test/auto/PublisherSubscriberOpaqueWidthInference.xml (RunModel)" time="0.015" />
  <testcase classname="ptolemy.util.test.junit.AutoTests" name="[300] /home/travis/build/icyphy/ptII/ptolemy/actor/lib/test/auto/PublisherTestSubscriber.xml (RunModel)" time="0.013" />
  <testcase classname="ptolemy.util.test.junit.AutoTests" name="[301] /home/travis/build/icyphy/ptII/ptolemy/actor/lib/test/auto/PublisherToplevelSubscriberPortAOC.xml (RunModel)" time="0.01" />
  <testcase classname="ptolemy.util.test.junit.AutoTests" name="[302] /home/travis/build/icyphy/ptII/ptolemy/actor/lib/test/auto/PulseFiringLimitDE.xml (RunModel)" time="0.012" />
  <testcase classname="ptolemy.util.test.junit.AutoTests" name="[303] /home/travis/build/icyphy/ptII/ptolemy/actor/lib/test/auto/Ramp1.xml (RunModel)" time="0.008" />
  <testcase classname="ptolemy.util.test.junit.AutoTests" name="[304] /home/travis/build/icyphy/ptII/ptolemy/actor/lib/test/auto/RampFiringLimitDE.xml (RunModel)" time="0.011" />
  <testcase classname="ptolemy.util.test.junit.AutoTests" name="[305] /home/travis/build/icyphy/ptII/ptolemy/actor/lib/test/auto/RampFiringLimitSDF.xml (RunModel)" time="0.01" />
  <testcase classname="ptolemy.util.test.junit.AutoTests" name="[306] /home/travis/build/icyphy/ptII/ptolemy/actor/lib/test/auto/RandomInteger.xml (RunModel)" time="0.009" />
  <testcase classname="ptolemy.util.test.junit.AutoTests" name="[307] /home/travis/build/icyphy/ptII/ptolemy/actor/lib/test/auto/ReadFile1.xml (RunModel)" time="0.008" />
  <testcase classname="ptolemy.util.test.junit.AutoTests" name="[308] /home/travis/build/icyphy/ptII/ptolemy/actor/lib/test/auto/ReadFile2.xml (RunModel)" time="0.007" />
  <testcase classname="ptolemy.util.test.junit.AutoTests" name="[309] /home/travis/build/icyphy/ptII/ptolemy/actor/lib/test/auto/Reader.xml (RunModel)" time="0.014" />
  <testcase classname="ptolemy.util.test.junit.AutoTests" name="[310] /home/travis/build/icyphy/ptII/ptolemy/actor/lib/test/auto/RecordAssemblerDisplayNameTest.xml (RunModel)" time="2.871" />
  <testcase classname="ptolemy.util.test.junit.AutoTests" name="[311] /home/travis/build/icyphy/ptII/ptolemy/actor/lib/test/auto/RecordAssemblerTypeError.xml (RunModel)" time="0.035" />
  <testcase classname="ptolemy.util.test.junit.AutoTests" name="[312] /home/travis/build/icyphy/ptII/ptolemy/actor/lib/test/auto/RecordDisassember.xml (RunModel)" time="0.01" />
  <testcase classname="ptolemy.util.test.junit.AutoTests" name="[313] /home/travis/build/icyphy/ptII/ptolemy/actor/lib/test/auto/RecordDisassemberDisplayNameTest.xml (RunModel)" time="0.019" />
  <testcase classname="ptolemy.util.test.junit.AutoTests" name="[314] /home/travis/build/icyphy/ptII/ptolemy/actor/lib/test/auto/RecordDisassembler.xml (RunModel)" time="0.011" />
  <testcase classname="ptolemy.util.test.junit.AutoTests" name="[315] /home/travis/build/icyphy/ptII/ptolemy/actor/lib/test/auto/RecordDisassembler2.xml (RunModel)" time="0.01" />
  <testcase classname="ptolemy.util.test.junit.AutoTests" name="[316] /home/travis/build/icyphy/ptII/ptolemy/actor/lib/test/auto/RecordUpdater.xml (RunModel)" time="0.008" />
  <testcase classname="ptolemy.util.test.junit.AutoTests" name="[317] /home/travis/build/icyphy/ptII/ptolemy/actor/lib/test/auto/RecordUpdater2.xml (RunModel)" time="0.009" />
  <testcase classname="ptolemy.util.test.junit.AutoTests" name="[318] /home/travis/build/icyphy/ptII/ptolemy/actor/lib/test/auto/RecursiveLattice.xml (RunModel)" time="0.008" />
  <testcase classname="ptolemy.util.test.junit.AutoTests" name="[319] /home/travis/build/icyphy/ptII/ptolemy/actor/lib/test/auto/Router.xml (RunModel)" time="3.024" />
  <testcase classname="ptolemy.util.test.junit.AutoTests" name="[320] /home/travis/build/icyphy/ptII/ptolemy/actor/lib/test/auto/Router2.xml (RunModel)" time="3.035" />
  <testcase classname="ptolemy.util.test.junit.AutoTests" name="[321] /home/travis/build/icyphy/ptII/ptolemy/actor/lib/test/auto/RunningMaximum.xml (RunModel)" time="0.02" />
  <testcase classname="ptolemy.util.test.junit.AutoTests" name="[322] /home/travis/build/icyphy/ptII/ptolemy/actor/lib/test/auto/RunningMinimum.xml (RunModel)" time="0.012" />
  <testcase classname="ptolemy.util.test.junit.AutoTests" name="[323] /home/travis/build/icyphy/ptII/ptolemy/actor/lib/test/auto/Scale.xml (RunModel)" time="0.007" />
  <testcase classname="ptolemy.util.test.junit.AutoTests" name="[324] /home/travis/build/icyphy/ptII/ptolemy/actor/lib/test/auto/Scale2.xml (RunModel)" time="0.009" />
  <testcase classname="ptolemy.util.test.junit.AutoTests" name="[325] /home/travis/build/icyphy/ptII/ptolemy/actor/lib/test/auto/Scale3.xml (RunModel)" time="0.012" />
  <testcase classname="ptolemy.util.test.junit.AutoTests" name="[326] /home/travis/build/icyphy/ptII/ptolemy/actor/lib/test/auto/ScaleArray.xml (RunModel)" time="0.008" />
  <testcase classname="ptolemy.util.test.junit.AutoTests" name="[327] /home/travis/build/icyphy/ptII/ptolemy/actor/lib/test/auto/ScaleArray2.xml (RunModel)" time="0.008" />
  <testcase classname="ptolemy.util.test.junit.AutoTests" name="[328] /home/travis/build/icyphy/ptII/ptolemy/actor/lib/test/auto/ScaleMatrix.xml (RunModel)" time="0.139" />
  <testcase classname="ptolemy.util.test.junit.AutoTests" name="[329] /home/travis/build/icyphy/ptII/ptolemy/actor/lib/test/auto/Select.xml (RunModel)" time="0.013" />
  <testcase classname="ptolemy.util.test.junit.AutoTests" name="[330] /home/travis/build/icyphy/ptII/ptolemy/actor/lib/test/auto/Select2.xml (RunModel)" time="0.009" />
  <testcase classname="ptolemy.util.test.junit.AutoTests" name="[331] /home/travis/build/icyphy/ptII/ptolemy/actor/lib/test/auto/SequenceToArray2.xml (RunModel)" time="0.12" />
  <testcase classname="ptolemy.util.test.junit.AutoTests" name="[332] /home/travis/build/icyphy/ptII/ptolemy/actor/lib/test/auto/SequentialClock.xml (RunModel)" time="0.012" />
  <testcase classname="ptolemy.util.test.junit.AutoTests" name="[333] /home/travis/build/icyphy/ptII/ptolemy/actor/lib/test/auto/SetVariable.xml (RunModel)" time="0.011" />
  <testcase classname="ptolemy.util.test.junit.AutoTests" name="[334] /home/travis/build/icyphy/ptII/ptolemy/actor/lib/test/auto/SetVariable2.xml (RunModel)" time="0.012" />
  <testcase classname="ptolemy.util.test.junit.AutoTests" name="[335] /home/travis/build/icyphy/ptII/ptolemy/actor/lib/test/auto/SetVariable3.xml (RunModel)" time="0.017" />
  <testcase classname="ptolemy.util.test.junit.AutoTests" name="[336] /home/travis/build/icyphy/ptII/ptolemy/actor/lib/test/auto/SetVariable4.xml (RunModel)" time="0.027" />
  <testcase classname="ptolemy.util.test.junit.AutoTests" name="[337] /home/travis/build/icyphy/ptII/ptolemy/actor/lib/test/auto/SetVariable5.xml (RunModel)" time="0.048" />
  <testcase classname="ptolemy.util.test.junit.AutoTests" name="[338] /home/travis/build/icyphy/ptII/ptolemy/actor/lib/test/auto/Sinewave.xml (RunModel)" time="0.048" />
  <testcase classname="ptolemy.util.test.junit.AutoTests" name="[339] /home/travis/build/icyphy/ptII/ptolemy/actor/lib/test/auto/Sinewave2.xml (RunModel)" time="0.016" />
  <testcase classname="ptolemy.util.test.junit.AutoTests" name="[340] /home/travis/build/icyphy/ptII/ptolemy/actor/lib/test/auto/Sinewave3.xml (RunModel)" time="0.022" />
  <testcase classname="ptolemy.util.test.junit.AutoTests" name="[341] /home/travis/build/icyphy/ptII/ptolemy/actor/lib/test/auto/SingleEvent.xml (RunModel)" time="0.007" />
  <testcase classname="ptolemy.util.test.junit.AutoTests" name="[342] /home/travis/build/icyphy/ptII/ptolemy/actor/lib/test/auto/Sleep.xml (RunModel)" time="6.018" />
  <testcase classname="ptolemy.util.test.junit.AutoTests" name="[343] /home/travis/build/icyphy/ptII/ptolemy/actor/lib/test/auto/SleepMultipleFire.xml (RunModel)" time="1.017" />
  <testcase classname="ptolemy.util.test.junit.AutoTests" name="[344] /home/travis/build/icyphy/ptII/ptolemy/actor/lib/test/auto/StopDE.xml (RunModel)" time="0.013" />
  <testcase classname="ptolemy.util.test.junit.AutoTests" name="[345] /home/travis/build/icyphy/ptII/ptolemy/actor/lib/test/auto/StopSDF.xml (RunModel)" time="0.013" />
  <testcase classname="ptolemy.util.test.junit.AutoTests" name="[346] /home/travis/build/icyphy/ptII/ptolemy/actor/lib/test/auto/StringConstant.xml (RunModel)" time="0.01" />
  <testcase classname="ptolemy.util.test.junit.AutoTests" name="[347] /home/travis/build/icyphy/ptII/ptolemy/actor/lib/test/auto/SubscriberPortInitialValues1.xml (RunModel)" time="0.029" />
  <testcase classname="ptolemy.util.test.junit.AutoTests" name="[348] /home/travis/build/icyphy/ptII/ptolemy/actor/lib/test/auto/SubscriberPortInitialValues13.xml (RunModel)" time="0.024" />
  <testcase classname="ptolemy.util.test.junit.AutoTests" name="[349] /home/travis/build/icyphy/ptII/ptolemy/actor/lib/test/auto/SubscriberPortInitialValues14.xml (RunModel)" time="0.017" />
  <testcase classname="ptolemy.util.test.junit.AutoTests" name="[350] /home/travis/build/icyphy/ptII/ptolemy/actor/lib/test/auto/SubscriberPortInitialValues2.xml (RunModel)" time="0.016" />
  <testcase classname="ptolemy.util.test.junit.AutoTests" name="[351] /home/travis/build/icyphy/ptII/ptolemy/actor/lib/test/auto/SubscriberPortInitialValues3.xml (RunModel)" time="0.019" />
  <testcase classname="ptolemy.util.test.junit.AutoTests" name="[352] /home/travis/build/icyphy/ptII/ptolemy/actor/lib/test/auto/SubscriptionAggregator.xml (RunModel)" time="0.012" />
  <testcase classname="ptolemy.util.test.junit.AutoTests" name="[353] /home/travis/build/icyphy/ptII/ptolemy/actor/lib/test/auto/SubscriptionAggregator2.xml (RunModel)" time="0.011" />
  <testcase classname="ptolemy.util.test.junit.AutoTests" name="[354] /home/travis/build/icyphy/ptII/ptolemy/actor/lib/test/auto/SubscriptionAggregator3.xml (RunModel)" time="0.016" />
  <testcase classname="ptolemy.util.test.junit.AutoTests" name="[355] /home/travis/build/icyphy/ptII/ptolemy/actor/lib/test/auto/SubscriptionAggregatorMultiply.xml (RunModel)" time="0.019" />
  <testcase classname="ptolemy.util.test.junit.AutoTests" name="[356] /home/travis/build/icyphy/ptII/ptolemy/actor/lib/test/auto/SubscriptionAggregatorPortMultiply1.xml (RunModel)" time="0.014" />
  <testcase classname="ptolemy.util.test.junit.AutoTests" name="[357] /home/travis/build/icyphy/ptII/ptolemy/actor/lib/test/auto/Switch.xml (RunModel)" time="0.018" />
  <testcase classname="ptolemy.util.test.junit.AutoTests" name="[358] /home/travis/build/icyphy/ptII/ptolemy/actor/lib/test/auto/Switch2.xml (RunModel)" time="0.01" />
  <testcase classname="ptolemy.util.test.junit.AutoTests" name="[359] /home/travis/build/icyphy/ptII/ptolemy/actor/lib/test/auto/SwitchDE.xml (RunModel)" time="0.014" />
  <testcase classname="ptolemy.util.test.junit.AutoTests" name="[360] /home/travis/build/icyphy/ptII/ptolemy/actor/lib/test/auto/SynchronizerDE.xml (RunModel)" time="0.025" />
  <testcase classname="ptolemy.util.test.junit.AutoTests" name="[361] /home/travis/build/icyphy/ptII/ptolemy/actor/lib/test/auto/Test.xml (RunModel)" time="0.018" />
  <testcase classname="ptolemy.util.test.junit.AutoTests" name="[362] /home/travis/build/icyphy/ptII/ptolemy/actor/lib/test/auto/TestExceptionAttribute1.xml (RunModel)" time="0.007" />
  <testcase classname="ptolemy.util.test.junit.AutoTests" name="[363] /home/travis/build/icyphy/ptII/ptolemy/actor/lib/test/auto/TestExceptionAttribute2.xml (RunModel)" time="0.007" />
  <testcase classname="ptolemy.util.test.junit.AutoTests" name="[364] /home/travis/build/icyphy/ptII/ptolemy/actor/lib/test/auto/TestExceptionAttribute3.xml (RunModel)" time="0.006" />
  <testcase classname="ptolemy.util.test.junit.AutoTests" name="[365] /home/travis/build/icyphy/ptII/ptolemy/actor/lib/test/auto/TestExceptionAttribute4.xml (RunModel)" time="0.007" />
  <testcase classname="ptolemy.util.test.junit.AutoTests" name="[366] /home/travis/build/icyphy/ptII/ptolemy/actor/lib/test/auto/TestExceptionHandler1.xml (RunModel)" time="0.006" />
  <testcase classname="ptolemy.util.test.junit.AutoTests" name="[367] /home/travis/build/icyphy/ptII/ptolemy/actor/lib/test/auto/TestExceptionHandler2.xml (RunModel)" time="0.009" />
  <testcase classname="ptolemy.util.test.junit.AutoTests" name="[368] /home/travis/build/icyphy/ptII/ptolemy/actor/lib/test/auto/TestExceptionHandler3.xml (RunModel)" time="0.006" />
  <testcase classname="ptolemy.util.test.junit.AutoTests" name="[369] /home/travis/build/icyphy/ptII/ptolemy/actor/lib/test/auto/TestExceptionHandler4.xml (RunModel)" time="0.006" />
  <testcase classname="ptolemy.util.test.junit.AutoTests" name="[370] /home/travis/build/icyphy/ptII/ptolemy/actor/lib/test/auto/TestRequireCorrectOrder.xml (RunModel)" time="0.009" />
  <testcase classname="ptolemy.util.test.junit.AutoTests" name="[371] /home/travis/build/icyphy/ptII/ptolemy/actor/lib/test/auto/TestSimple.xml (RunModel)" time="0.007" />
  <testcase classname="ptolemy.util.test.junit.AutoTests" name="[372] /home/travis/build/icyphy/ptII/ptolemy/actor/lib/test/auto/ThrowModelError.xml (RunModel)" time="0.011" />
  <testcase classname="ptolemy.util.test.junit.AutoTests" name="[373] /home/travis/build/icyphy/ptII/ptolemy/actor/lib/test/auto/TimeDelayMicrosteps.xml (RunModel)" time="0.013" />
  <testcase classname="ptolemy.util.test.junit.AutoTests" name="[374] /home/travis/build/icyphy/ptII/ptolemy/actor/lib/test/auto/TimeDelayMicrosteps2.xml (RunModel)" time="0.014" />
  <testcase classname="ptolemy.util.test.junit.AutoTests" name="[375] /home/travis/build/icyphy/ptII/ptolemy/actor/lib/test/auto/TimeDelayMicrosteps3.xml (RunModel)" time="0.012" />
  <testcase classname="ptolemy.util.test.junit.AutoTests" name="[376] /home/travis/build/icyphy/ptII/ptolemy/actor/lib/test/auto/TimeDelayVariableMicrosteps.xml (RunModel)" time="0.012" />
  <testcase classname="ptolemy.util.test.junit.AutoTests" name="[377] /home/travis/build/icyphy/ptII/ptolemy/actor/lib/test/auto/TimeGap.xml (RunModel)" time="0.011" />
  <testcase classname="ptolemy.util.test.junit.AutoTests" name="[378] /home/travis/build/icyphy/ptII/ptolemy/actor/lib/test/auto/TimeGap2.xml (RunModel)" time="0.01" />
  <testcase classname="ptolemy.util.test.junit.AutoTests" name="[379] /home/travis/build/icyphy/ptII/ptolemy/actor/lib/test/auto/TimedSinewave.xml (RunModel)" time="0.036" />
  <testcase classname="ptolemy.util.test.junit.AutoTests" name="[380] /home/travis/build/icyphy/ptII/ptolemy/actor/lib/test/auto/TimedSinewavePhase.xml (RunModel)" time="0.039" />
  <testcase classname="ptolemy.util.test.junit.AutoTests" name="[381] /home/travis/build/icyphy/ptII/ptolemy/actor/lib/test/auto/Timer.xml (RunModel)" time="0.017" />
  <testcase classname="ptolemy.util.test.junit.AutoTests" name="[382] /home/travis/build/icyphy/ptII/ptolemy/actor/lib/test/auto/TriangularDistTestModel.xml (RunModel)" time="0.015" />
  <testcase classname="ptolemy.util.test.junit.AutoTests" name="[383] /home/travis/build/icyphy/ptII/ptolemy/actor/lib/test/auto/TrigFunction.xml (RunModel)" time="0.01" />
  <testcase classname="ptolemy.util.test.junit.AutoTests" name="[384] /home/travis/build/icyphy/ptII/ptolemy/actor/lib/test/auto/TrigFunctionDE.xml (RunModel)" time="0.01" />
  <testcase classname="ptolemy.util.test.junit.AutoTests" name="[385] /home/travis/build/icyphy/ptII/ptolemy/actor/lib/test/auto/TrigFunctionInverse.xml (RunModel)" time="0.009" />
  <testcase classname="ptolemy.util.test.junit.AutoTests" name="[386] /home/travis/build/icyphy/ptII/ptolemy/actor/lib/test/auto/TrigFunctionTan.xml (RunModel)" time="0.007" />
  <testcase classname="ptolemy.util.test.junit.AutoTests" name="[387] /home/travis/build/icyphy/ptII/ptolemy/actor/lib/test/auto/TriggeredClock.xml (RunModel)" time="0.008" />
  <testcase classname="ptolemy.util.test.junit.AutoTests" name="[388] /home/travis/build/icyphy/ptII/ptolemy/actor/lib/test/auto/URLDirectoryReader.xml (RunModel)" time="0.094" />
  <testcase classname="ptolemy.util.test.junit.AutoTests" name="[389] /home/travis/build/icyphy/ptII/ptolemy/actor/lib/test/auto/URLDirectoryReader3.xml (RunModel)" time="1.347" />
  <testcase classname="ptolemy.util.test.junit.AutoTests" name="[390] /home/travis/build/icyphy/ptII/ptolemy/actor/lib/test/auto/UnaryMathFunction.xml (RunModel)" time="0.052" />
  <testcase classname="ptolemy.util.test.junit.AutoTests" name="[391] /home/travis/build/icyphy/ptII/ptolemy/actor/lib/test/auto/Uniform.xml (RunModel)" time="0.044" />
  <testcase classname="ptolemy.util.test.junit.AutoTests" name="[392] /home/travis/build/icyphy/ptII/ptolemy/actor/lib/test/auto/UnionDisassemblerTest.xml (RunModel)" time="0.024" />
  <testcase classname="ptolemy.util.test.junit.AutoTests" name="[393] /home/travis/build/icyphy/ptII/ptolemy/actor/lib/test/auto/UtilityFunctions.xml (RunModel)" time="0.033" />
  <testcase classname="ptolemy.util.test.junit.AutoTests" name="[394] /home/travis/build/icyphy/ptII/ptolemy/actor/lib/test/auto/VariableSleep.xml (RunModel)" time="0.54" />
  <testcase classname="ptolemy.util.test.junit.AutoTests" name="[395] /home/travis/build/icyphy/ptII/ptolemy/actor/lib/test/auto/VectorAssemblerDisassemblerCT.xml (RunModel)" time="0.115" />
  <testcase classname="ptolemy.util.test.junit.AutoTests" name="[396] /home/travis/build/icyphy/ptII/ptolemy/actor/lib/test/auto/VectorAssemblerDisassemblerDE.xml (RunModel)" time="0.014" />
  <testcase classname="ptolemy.util.test.junit.AutoTests" name="[397] /home/travis/build/icyphy/ptII/ptolemy/actor/lib/test/auto/VectorAssemblerDisassemblerSDF.xml (RunModel)" time="0.012" />
  <testcase classname="ptolemy.util.test.junit.AutoTests" name="[398] /home/travis/build/icyphy/ptII/ptolemy/actor/lib/test/auto/WallClockTime.xml (RunModel)" time="1.013" />
  <testcase classname="ptolemy.util.test.junit.AutoTests" name="[399] /home/travis/build/icyphy/ptII/ptolemy/actor/lib/test/auto/WidthTestWithSubscriberPublisher.xml (RunModel)" time="0.039" />
  <testcase classname="ptolemy.util.test.junit.AutoTests" name="[400] /home/travis/build/icyphy/ptII/ptolemy/actor/lib/test/auto/WidthTestWithSubscriberPublisher2.xml (RunModel)" time="0.018" />
  <testcase classname="ptolemy.util.test.junit.AutoTests" name="[401] /home/travis/build/icyphy/ptII/ptolemy/actor/lib/test/auto/WidthTestWithSubscriberPublisher3.xml (RunModel)" time="0.011" />
  <testcase classname="ptolemy.util.test.junit.AutoTests" name="[402] /home/travis/build/icyphy/ptII/ptolemy/actor/lib/test/auto/Writer.xml (RunModel)" time="0.008" />
  <testcase classname="ptolemy.util.test.junit.AutoTests" name="[403] /home/travis/build/icyphy/ptII/ptolemy/actor/lib/test/auto/array.xml (RunModel)" time="0.011" />
  <testcase classname="ptolemy.util.test.junit.AutoTests" name="[404] /home/travis/build/icyphy/ptII/ptolemy/actor/lib/test/auto/array2.xml (RunModel)" time="0.014" />
  <testcase classname="ptolemy.util.test.junit.AutoTests" name="[405] /home/travis/build/icyphy/ptII/ptolemy/actor/lib/test/auto/arrayType.xml (RunModel)" time="0.016" />
  <testcase classname="ptolemy.util.test.junit.AutoTests" name="[406] /home/travis/build/icyphy/ptII/ptolemy/actor/lib/test/auto/arrayType10.xml (RunModel)" time="0.009" />
  <testcase classname="ptolemy.util.test.junit.AutoTests" name="[407] /home/travis/build/icyphy/ptII/ptolemy/actor/lib/test/auto/arrayType11.xml (RunModel)" time="0.01" />
  <testcase classname="ptolemy.util.test.junit.AutoTests" name="[408] /home/travis/build/icyphy/ptII/ptolemy/actor/lib/test/auto/arrayType12.xml (RunModel)" time="0.009" />
  <testcase classname="ptolemy.util.test.junit.AutoTests" name="[409] /home/travis/build/icyphy/ptII/ptolemy/actor/lib/test/auto/arrayType13.xml (RunModel)" time="0.01" />
  <testcase classname="ptolemy.util.test.junit.AutoTests" name="[410] /home/travis/build/icyphy/ptII/ptolemy/actor/lib/test/auto/arrayType14.xml (RunModel)" time="0.009" />
  <testcase classname="ptolemy.util.test.junit.AutoTests" name="[411] /home/travis/build/icyphy/ptII/ptolemy/actor/lib/test/auto/arrayType15.xml (RunModel)" time="0.011" />
  <testcase classname="ptolemy.util.test.junit.AutoTests" name="[412] /home/travis/build/icyphy/ptII/ptolemy/actor/lib/test/auto/arrayType16.xml (RunModel)" time="0.013" />
  <testcase classname="ptolemy.util.test.junit.AutoTests" name="[413] /home/travis/build/icyphy/ptII/ptolemy/actor/lib/test/auto/arrayType17.xml (RunModel)" time="0.011" />
  <testcase classname="ptolemy.util.test.junit.AutoTests" name="[414] /home/travis/build/icyphy/ptII/ptolemy/actor/lib/test/auto/arrayType18.xml (RunModel)" time="0.008" />
  <testcase classname="ptolemy.util.test.junit.AutoTests" name="[415] /home/travis/build/icyphy/ptII/ptolemy/actor/lib/test/auto/arrayType19.xml (RunModel)" time="0.009" />
  <testcase classname="ptolemy.util.test.junit.AutoTests" name="[416] /home/travis/build/icyphy/ptII/ptolemy/actor/lib/test/auto/arrayType2.xml (RunModel)" time="0.011" />
  <testcase classname="ptolemy.util.test.junit.AutoTests" name="[417] /home/travis/build/icyphy/ptII/ptolemy/actor/lib/test/auto/arrayType20.xml (RunModel)" time="0.01" />
  <testcase classname="ptolemy.util.test.junit.AutoTests" name="[418] /home/travis/build/icyphy/ptII/ptolemy/actor/lib/test/auto/arrayType21.xml (RunModel)" time="0.008" />
  <testcase classname="ptolemy.util.test.junit.AutoTests" name="[419] /home/travis/build/icyphy/ptII/ptolemy/actor/lib/test/auto/arrayType22.xml (RunModel)" time="0.009" />
  <testcase classname="ptolemy.util.test.junit.AutoTests" name="[420] /home/travis/build/icyphy/ptII/ptolemy/actor/lib/test/auto/arrayType23.xml (RunModel)" time="0.01" />
  <testcase classname="ptolemy.util.test.junit.AutoTests" name="[421] /home/travis/build/icyphy/ptII/ptolemy/actor/lib/test/auto/arrayType24.xml (RunModel)" time="0.012" />
  <testcase classname="ptolemy.util.test.junit.AutoTests" name="[422] /home/travis/build/icyphy/ptII/ptolemy/actor/lib/test/auto/arrayType25.xml (RunModel)" time="0.011" />
  <testcase classname="ptolemy.util.test.junit.AutoTests" name="[423] /home/travis/build/icyphy/ptII/ptolemy/actor/lib/test/auto/arrayType26.xml (RunModel)" time="0.013" />
  <testcase classname="ptolemy.util.test.junit.AutoTests" name="[424] /home/travis/build/icyphy/ptII/ptolemy/actor/lib/test/auto/arrayType27.xml (RunModel)" time="0.012" />
  <testcase classname="ptolemy.util.test.junit.AutoTests" name="[425] /home/travis/build/icyphy/ptII/ptolemy/actor/lib/test/auto/arrayType28.xml (RunModel)" time="0.011" />
  <testcase classname="ptolemy.util.test.junit.AutoTests" name="[426] /home/travis/build/icyphy/ptII/ptolemy/actor/lib/test/auto/arrayType3.xml (RunModel)" time="0.032" />
  <testcase classname="ptolemy.util.test.junit.AutoTests" name="[427] /home/travis/build/icyphy/ptII/ptolemy/actor/lib/test/auto/arrayType4.xml (RunModel)" time="0.012" />
  <testcase classname="ptolemy.util.test.junit.AutoTests" name="[428] /home/travis/build/icyphy/ptII/ptolemy/actor/lib/test/auto/arrayType5.xml (RunModel)" time="0.009" />
  <testcase classname="ptolemy.util.test.junit.AutoTests" name="[429] /home/travis/build/icyphy/ptII/ptolemy/actor/lib/test/auto/arrayType6.xml (RunModel)" time="0.009" />
  <testcase classname="ptolemy.util.test.junit.AutoTests" name="[430] /home/travis/build/icyphy/ptII/ptolemy/actor/lib/test/auto/arrayType7.xml (RunModel)" time="0.008" />
  <testcase classname="ptolemy.util.test.junit.AutoTests" name="[431] /home/travis/build/icyphy/ptII/ptolemy/actor/lib/test/auto/arrayType8.xml (RunModel)" time="0.009" />
  <testcase classname="ptolemy.util.test.junit.AutoTests" name="[432] /home/travis/build/icyphy/ptII/ptolemy/actor/lib/test/auto/arrayType9.xml (RunModel)" time="0.009" />
  <testcase classname="ptolemy.util.test.junit.AutoTests" name="[433] /home/travis/build/icyphy/ptII/ptolemy/actor/lib/test/auto/cast.xml (RunModel)" time="0.01" />
  <testcase classname="ptolemy.util.test.junit.AutoTests" name="[434] /home/travis/build/icyphy/ptII/ptolemy/actor/lib/test/auto/compositeMultiPort.xml (RunModel)" time="0.023" />
  <testcase classname="ptolemy.util.test.junit.AutoTests" name="[435] /home/travis/build/icyphy/ptII/ptolemy/actor/lib/test/auto/expressionCastInference.xml (RunModel)" time="0.009" />
  <testcase classname="ptolemy.util.test.junit.AutoTests" name="[436] /home/travis/build/icyphy/ptII/ptolemy/actor/lib/test/auto/expressionCastInference2.xml (RunModel)" time="0.008" />
  <testcase classname="ptolemy.util.test.junit.AutoTests" name="[437] /home/travis/build/icyphy/ptII/ptolemy/actor/lib/test/auto/expressionInference.xml (RunModel)" time="0.007" />
  <testcase classname="ptolemy.util.test.junit.AutoTests" name="[438] /home/travis/build/icyphy/ptII/ptolemy/actor/lib/test/auto/expression_bug.xml (RunModel)" time="0.007" />
  <testcase classname="ptolemy.util.test.junit.AutoTests" name="[439] /home/travis/build/icyphy/ptII/ptolemy/actor/lib/test/auto/factorial.xml (RunModel)" time="0.058" />
  <testcase classname="ptolemy.util.test.junit.AutoTests" name="[440] /home/travis/build/icyphy/ptII/ptolemy/actor/lib/test/auto/filterTest1.xml (RunModel)" time="0.013" />
  <testcase classname="ptolemy.util.test.junit.AutoTests" name="[441] /home/travis/build/icyphy/ptII/ptolemy/actor/lib/test/auto/funcApplyInConst.xml (RunModel)" time="0.006" />
  <testcase classname="ptolemy.util.test.junit.AutoTests" name="[442] /home/travis/build/icyphy/ptII/ptolemy/actor/lib/test/auto/funcApplyInExpr.xml (RunModel)" time="0.008" />
  <testcase classname="ptolemy.util.test.junit.AutoTests" name="[443] /home/travis/build/icyphy/ptII/ptolemy/actor/lib/test/auto/function.xml (RunModel)" time="0.01" />
  <testcase classname="ptolemy.util.test.junit.AutoTests" name="[444] /home/travis/build/icyphy/ptII/ptolemy/actor/lib/test/auto/function2.xml (RunModel)" time="0.009" />
  <testcase classname="ptolemy.util.test.junit.AutoTests" name="[445] /home/travis/build/icyphy/ptII/ptolemy/actor/lib/test/auto/function3.xml (RunModel)" time="0.008" />
  <testcase classname="ptolemy.util.test.junit.AutoTests" name="[446] /home/travis/build/icyphy/ptII/ptolemy/actor/lib/test/auto/functionClosureTest1.xml (RunModel)" time="0.01" />
  <testcase classname="ptolemy.util.test.junit.AutoTests" name="[447] /home/travis/build/icyphy/ptII/ptolemy/actor/lib/test/auto/functionClosureTest2.xml (RunModel)" time="0.006" />
  <testcase classname="ptolemy.util.test.junit.AutoTests" name="[448] /home/travis/build/icyphy/ptII/ptolemy/actor/lib/test/auto/functionClosureTest3.xml (RunModel)" time="0.01" />
  <testcase classname="ptolemy.util.test.junit.AutoTests" name="[449] /home/travis/build/icyphy/ptII/ptolemy/actor/lib/test/auto/functionClosureTest4.xml (RunModel)" time="0.014" />
  <testcase classname="ptolemy.util.test.junit.AutoTests" name="[450] /home/travis/build/icyphy/ptII/ptolemy/actor/lib/test/auto/functionClosureTest5.xml (RunModel)" time="0.011" />
  <testcase classname="ptolemy.util.test.junit.AutoTests" name="[451] /home/travis/build/icyphy/ptII/ptolemy/actor/lib/test/auto/functionClosureTest6.xml (RunModel)" time="0.008" />
  <testcase classname="ptolemy.util.test.junit.AutoTests" name="[452] /home/travis/build/icyphy/ptII/ptolemy/actor/lib/test/auto/functionsOnArcs.xml (RunModel)" time="0.011" />
  <testcase classname="ptolemy.util.test.junit.AutoTests" name="[453] /home/travis/build/icyphy/ptII/ptolemy/actor/lib/test/auto/functionsOnArcsHOF.xml (RunModel)" time="0.012" />
  <testcase classname="ptolemy.util.test.junit.AutoTests" name="[454] /home/travis/build/icyphy/ptII/ptolemy/actor/lib/test/auto/logic.xml (RunModel)" time="0.016" />
  <testcase classname="ptolemy.util.test.junit.AutoTests" name="[455] /home/travis/build/icyphy/ptII/ptolemy/actor/lib/test/auto/matrixType.xml (RunModel)" time="0.008" />
  <testcase classname="ptolemy.util.test.junit.AutoTests" name="[456] /home/travis/build/icyphy/ptII/ptolemy/actor/lib/test/auto/matrixType10.xml (RunModel)" time="0.009" />
  <testcase classname="ptolemy.util.test.junit.AutoTests" name="[457] /home/travis/build/icyphy/ptII/ptolemy/actor/lib/test/auto/matrixType11.xml (RunModel)" time="0.008" />
  <testcase classname="ptolemy.util.test.junit.AutoTests" name="[458] /home/travis/build/icyphy/ptII/ptolemy/actor/lib/test/auto/matrixType12.xml (RunModel)" time="0.012" />
  <testcase classname="ptolemy.util.test.junit.AutoTests" name="[459] /home/travis/build/icyphy/ptII/ptolemy/actor/lib/test/auto/matrixType13.xml (RunModel)" time="0.007" />
  <testcase classname="ptolemy.util.test.junit.AutoTests" name="[460] /home/travis/build/icyphy/ptII/ptolemy/actor/lib/test/auto/matrixType14.xml (RunModel)" time="0.01" />
  <testcase classname="ptolemy.util.test.junit.AutoTests" name="[461] /home/travis/build/icyphy/ptII/ptolemy/actor/lib/test/auto/matrixType2.xml (RunModel)" time="0.008" />
  <testcase classname="ptolemy.util.test.junit.AutoTests" name="[462] /home/travis/build/icyphy/ptII/ptolemy/actor/lib/test/auto/matrixType3.xml (RunModel)" time="0.01" />
  <testcase classname="ptolemy.util.test.junit.AutoTests" name="[463] /home/travis/build/icyphy/ptII/ptolemy/actor/lib/test/auto/matrixType4.xml (RunModel)" time="0.009" />
  <testcase classname="ptolemy.util.test.junit.AutoTests" name="[464] /home/travis/build/icyphy/ptII/ptolemy/actor/lib/test/auto/matrixType5.xml (RunModel)" time="0.008" />
  <testcase classname="ptolemy.util.test.junit.AutoTests" name="[465] /home/travis/build/icyphy/ptII/ptolemy/actor/lib/test/auto/matrixType6.xml (RunModel)" time="0.008" />
  <testcase classname="ptolemy.util.test.junit.AutoTests" name="[466] /home/travis/build/icyphy/ptII/ptolemy/actor/lib/test/auto/matrixType7.xml (RunModel)" time="0.008" />
  <testcase classname="ptolemy.util.test.junit.AutoTests" name="[467] /home/travis/build/icyphy/ptII/ptolemy/actor/lib/test/auto/matrixType8.xml (RunModel)" time="0.008" />
  <testcase classname="ptolemy.util.test.junit.AutoTests" name="[468] /home/travis/build/icyphy/ptII/ptolemy/actor/lib/test/auto/matrixType9.xml (RunModel)" time="0.008" />
  <testcase classname="ptolemy.util.test.junit.AutoTests" name="[469] /home/travis/build/icyphy/ptII/ptolemy/actor/lib/test/auto/paraFunctest.xml (RunModel)" time="0.012" />
  <testcase classname="ptolemy.util.test.junit.AutoTests" name="[470] /home/travis/build/icyphy/ptII/ptolemy/actor/lib/test/auto/paraFunctest2.xml (RunModel)" time="0.01" />
  <testcase classname="ptolemy.util.test.junit.AutoTests" name="[471] /home/travis/build/icyphy/ptII/ptolemy/actor/lib/test/auto/parameterPassing.xml (RunModel)" time="0.009" />
  <testcase classname="ptolemy.util.test.junit.AutoTests" name="[472] /home/travis/build/icyphy/ptII/ptolemy/actor/lib/test/auto/record.xml (RunModel)" time="0.009" />
  <testcase classname="ptolemy.util.test.junit.AutoTests" name="[473] /home/travis/build/icyphy/ptII/ptolemy/actor/lib/test/auto/sizedarray1.xml (RunModel)" time="0.009" />
  <testcase classname="ptolemy.util.test.junit.AutoTests" name="[474] /home/travis/build/icyphy/ptII/ptolemy/actor/lib/test/auto/sizedarray2.xml (RunModel)" time="0.009" />
  <testcase classname="ptolemy.util.test.junit.AutoTests" name="[475] /home/travis/build/icyphy/ptII/ptolemy/actor/lib/test/auto/twoPublishers.xml (RunModel)" time="0.018" />
  <system-out><![CDATA[/home/travis/build/icyphy/ptII/ptolemy/actor/lib/test/AbsoluteValue.tcl
testDefs.tcl: setting time out to 9000 seconds at Wed Apr 10 16:28:14 UTC 2019
79 ms. Memory: 116224K Free: 109658K (94%)
4 ms. Memory: 116224K Free: 108470K (93%)
10 ms. Memory: 116224K Free: 107868K (93%)
7 ms. Memory: 116224K Free: 106673K (92%)
/home/travis/build/icyphy/ptII/ptolemy/actor/lib/test/AddSubtract.tcl
17 ms. Memory: 116224K Free: 104853K (90%)
8 ms. Memory: 116224K Free: 104220K (90%)
5 ms. Memory: 116224K Free: 103032K (89%)
5 ms. Memory: 116224K Free: 102439K (88%)
4 ms. Memory: 116224K Free: 101837K (88%)
3 ms. Memory: 116224K Free: 101204K (87%)
/home/travis/build/icyphy/ptII/ptolemy/actor/lib/test/Average.tcl
13 ms. Memory: 116224K Free: 99383K (86%)
6 ms. Memory: 116224K Free: 98156K (84%)
/home/travis/build/icyphy/ptII/ptolemy/actor/lib/test/Bernoulli.tcl
4 ms. Memory: 116224K Free: 96360K (83%)
1 ms. Memory: 116224K Free: 95766K (82%)
/home/travis/build/icyphy/ptII/ptolemy/actor/lib/test/Clock.tcl
preinitializing
resolving types
initializing
executing number 1
wrapping up
idle
11 ms. Memory: 116224K Free: 93954K (81%)
Completed execution with 5 iterations
preinitializing
resolving types
initializing
executing number 1
wrapping up
idle
7 ms. Memory: 116224K Free: 92751K (80%)
Completed execution with 5 iterations
preinitializing
resolving types
initializing
executing number 1
wrapping up
idle
11 ms. Memory: 116224K Free: 91527K (79%)
Completed execution with 5 iterations
/home/travis/build/icyphy/ptII/ptolemy/actor/lib/test/Commutator.tcl
5 ms. Memory: 116224K Free: 89730K (77%)
5 ms. Memory: 116224K Free: 88527K (76%)
8 ms. Memory: 116224K Free: 84317K (73%)
/home/travis/build/icyphy/ptII/ptolemy/actor/lib/test/Const.tcl
4 ms. Memory: 116224K Free: 82501K (71%)
2 ms. Memory: 116224K Free: 81907K (70%)
5 ms. Memory: 116224K Free: 81314K (70%)
13 ms. Memory: 146944K Free: 140404K (96%)
10 ms. Memory: 146944K Free: 140005K (95%)
31 ms. Memory: 146944K Free: 138793K (94%)
4 ms. Memory: 146944K Free: 137596K (94%)
3 ms. Memory: 146944K Free: 136400K (93%)
/home/travis/build/icyphy/ptII/ptolemy/actor/lib/test/CurrentTime.tcl
preinitializing
resolving types
initializing
executing number 1
wrapping up
idle
7 ms. Memory: 146944K Free: 133977K (91%)
Completed execution with 11 iterations
/home/travis/build/icyphy/ptII/ptolemy/actor/lib/test/DB.tcl
3 ms. Memory: 146944K Free: 132781K (90%)
2 ms. Memory: 146944K Free: 131569K (90%)
1 ms. Memory: 146944K Free: 131569K (90%)
/home/travis/build/icyphy/ptII/ptolemy/actor/lib/test/DiscreteRandomSource.tcl
preinitializing
resolving types
initializing
executing number 1
wrapping up
idle
4 ms. Memory: 146944K Free: 130373K (89%)
Completed execution with 4 iterations
preinitializing
resolving types
initializing
executing number 1
wrapping up
idle
2 ms. Memory: 146944K Free: 129169K (88%)
Completed execution with 4 iterations
preinitializing
resolving types
initializing
executing number 1
wrapping up
idle
2 ms. Memory: 146944K Free: 129169K (88%)
Completed execution with 4 iterations
preinitializing
resolving types
initializing
executing number 1
wrapping up
idle
2 ms. Memory: 146944K Free: 129169K (88%)
Completed execution with 4 iterations
preinitializing
resolving types
initializing
executing number 1
wrapping up
idle
3 ms. Memory: 146944K Free: 127957K (87%)
Completed execution with 4 iterations
/home/travis/build/icyphy/ptII/ptolemy/actor/lib/test/Distributor.tcl
4 ms. Memory: 146944K Free: 126753K (86%)
3 ms. Memory: 146944K Free: 125542K (85%)
StreamChangeRequest.changeExecuted(): <deleteEntity name="rec2"/> succeeded
StreamChangeRequest.changeExecuted(): <deleteRelation name="r2"/> succeeded
StreamChangeRequest.changeExecuted(): Record firings per iteration succeeded
6 ms. Memory: 146944K Free: 123102K (84%)
/home/travis/build/icyphy/ptII/ptolemy/actor/lib/test/Exit.tcl
Exit.tcl: this will print a message about Manager.exitAfterWrapup, which can be ignored.
5 ms. Memory: 146944K Free: 120080K (82%)
/home/travis/build/icyphy/ptII/ptolemy/actor/lib/test/Expression.tcl
8 ms. Memory: 146944K Free: 116443K (79%)
7 ms. Memory: 146944K Free: 116443K (79%)
3 ms. Memory: 146944K Free: 115247K (78%)
preinitializing
resolving types
initializing
executing number 1
wrapping up
idle
13 ms. Memory: 146944K Free: 114035K (78%)
Completed execution with 6 iterations
14 ms. Memory: 146944K Free: 112839K (77%)
2 ms. Memory: 146944K Free: 112839K (77%)
4 ms. Memory: 146944K Free: 111627K (76%)
4 ms. Memory: 146944K Free: 110423K (75%)
4 ms. Memory: 146944K Free: 109219K (74%)
/home/travis/build/icyphy/ptII/ptolemy/actor/lib/test/Gaussian.tcl
15 ms. Memory: 146944K Free: 106804K (73%)
sleeping 1 seconds: ......................................................................................................................................................................................................................................................................................................................................................................................................................................................................................................................................................................................................................................................................................................................................................................................................................................................................................................................................................................................................................................................................................................................................................................................................................................................................................................................................................................................................................................................................................................................................................................................................................................................................................................................................................................................................................................................................................................................................................................................................................................................................................................................................................................................................................................................................................................................................................................................................................................................................................................................................................................................................................................................................................................................................................................................................................................................................................................................................................................................................................................................................................................................................................................................................................................................................................................................................................................................................................................................................................................................................................................................................................................................................................................................................................................................................................................................................................................................................................................................................................................................................................................................................................................................................................................................................................................................................................................................................................................................................................................................................................................................................................................................................................................................................................................................................................................................................................................................................................................................................................................................................................................................................................................................................................................................................................................................................................................................................................................................................................................................................................................................................................................................................................................................................................................................................................................................................................................................................................................................................................................................................................................................................................................................................................................................................................................................................................................................................................................................................................................................................................................................................................................................................................................................................................................................................................................................................................................................................................................................................................................................................................................................................................................................................................................................................................................................................................................................................................................................................................................................................................................................................................................................................................................................................................................................................................................................................................................................................................................................................................................................................................................................................................................................................................................................................................................................................................................................................................................................................4 ms. Memory: 146944K Free: 132422K (90%)
6 ms. Memory: 146944K Free: 130953K (89%)
1 ms. Memory: 146944K Free: 130953K (89%)
8 ms. Memory: 146944K Free: 129745K (88%)
6 ms. Memory: 146944K Free: 129745K (88%)
/home/travis/build/icyphy/ptII/ptolemy/actor/lib/test/IIR.tcl
/home/travis/build/icyphy/ptII/ptolemy/actor/lib/test/Interpolator.tcl
5 ms. Memory: 146944K Free: 126167K (86%)
7 ms. Memory: 146944K Free: 124974K (85%)
5 ms. Memory: 146944K Free: 124974K (85%)
2 ms. Memory: 146944K Free: 123782K (84%)
6 ms. Memory: 146944K Free: 122589K (83%)
5 ms. Memory: 146944K Free: 122589K (83%)
2 ms. Memory: 146944K Free: 121397K (83%)
10 ms. Memory: 146944K Free: 120204K (82%)
2 ms. Memory: 146944K Free: 120204K (82%)
3 ms. Memory: 146944K Free: 119011K (81%)
/home/travis/build/icyphy/ptII/ptolemy/actor/lib/test/MathFunction.tcl
5 ms. Memory: 146944K Free: 116626K (79%)
2 ms. Memory: 146944K Free: 115434K (79%)
3 ms. Memory: 146944K Free: 114241K (78%)
2 ms. Memory: 146944K Free: 113049K (77%)
4 ms. Memory: 146944K Free: 111856K (76%)
4 ms. Memory: 146944K Free: 110664K (75%)
/home/travis/build/icyphy/ptII/ptolemy/actor/lib/test/Maximum.tcl
4 ms. Memory: 146944K Free: 108273K (74%)
6 ms. Memory: 146944K Free: 107081K (73%)
5 ms. Memory: 146944K Free: 107081K (73%)
2 ms. Memory: 146944K Free: 105888K (72%)
/home/travis/build/icyphy/ptII/ptolemy/actor/lib/test/Minimum.tcl
7 ms. Memory: 146944K Free: 104696K (71%)
5 ms. Memory: 146944K Free: 103503K (70%)
3 ms. Memory: 146944K Free: 103503K (70%)
3 ms. Memory: 146944K Free: 102310K (70%)
/home/travis/build/icyphy/ptII/ptolemy/actor/lib/test/MultiplyDivide.tcl
9 ms. Memory: 146944K Free: 99925K (68%)
10 ms. Memory: 146944K Free: 99925K (68%)
2 ms. Memory: 146944K Free: 98733K (67%)
2 ms. Memory: 146944K Free: 98733K (67%)
9 ms. Memory: 146944K Free: 97540K (66%)
/home/travis/build/icyphy/ptII/ptolemy/actor/lib/test/OrderedMerge.tcl
Connections changed on port: inputA
Connections changed on port: inputB
Connections changed on port: output
Connections changed on port: output
Connections changed on port: output
Connections changed on port: input
.top. Preinitializing ...
Invoking preinitialize():  .top.OrderedMerge
Called preinitialize()
Invoking preinitialize():  .top.Ramp
Called preinitialize()
Invoking preinitialize():  .top.Ramp2
Called preinitialize()
Invoking preinitialize():  .top.Test
Called preinitialize()
Connections changed on port: inputA
Connections changed on port: output
Connections changed on port: inputB
Connections changed on port: output
Connections changed on port: output
Connections changed on port: input
.top. Finished preinitialize().
Called initialize().
Invoking initialize():  .top.OrderedMerge
Initializing actor: .top.OrderedMerge
Adding a thread: .top.OrderedMerge
Invoking initialize():  .top.Ramp
Initializing actor: .top.Ramp
Adding a thread: .top.Ramp
Invoking initialize():  .top.Ramp2
Initializing actor: .top.Ramp2
Adding a thread: .top.Ramp2
Invoking initialize():  .top.Test
Initializing actor: .top.Test
Adding a thread: .top.Test
-- Starting thread.
Called initialize()
Called prefire()
Called fire()
-- Starting thread.
Called initialize()
Called prefire()
Called fire()
Called postfire()
Called prefire()
Called fire()
-- Starting thread.
Called initialize()
Called prefire()
Called fire()
Called postfire()
Called prefire()
Called fire()
Called fire().
Checking for deadlock:
There are 3 Blocked actors, 0 Stopped actors, and 4 active threads.
Waiting for actors to stop.
-- Starting thread.
Called initialize()
Called prefire()
Called fire()
Checking for deadlock:
There are 2 Blocked actors, 0 Stopped actors, and 4 active threads.
Waiting for actors to stop.
Called postfire()
Called prefire()
Called fire()
Checking for deadlock:
There are 3 Blocked actors, 0 Stopped actors, and 4 active threads.
Waiting for actors to stop.
Read input token from inputA with value 0.0
Next port to read input from is inputB
Called postfire()
Called prefire()
Called fire()
Checking for deadlock:
There are 2 Blocked actors, 0 Stopped actors, and 4 active threads.
Waiting for actors to stop.
Called postfire()
Called prefire()
Called fire()
Checking for deadlock:
There are 3 Blocked actors, 0 Stopped actors, and 4 active threads.
Waiting for actors to stop.
Read input token from inputB with value 0.0
Checking for deadlock:
There are 2 Blocked actors, 0 Stopped actors, and 4 active threads.
Waiting for actors to stop.
-- Read input: 0.0, which is expected to match: 0.0
Called prefire()
Called fire()
Checking for deadlock:
There are 3 Blocked actors, 0 Stopped actors, and 4 active threads.
Waiting for actors to stop.
Sent output token with value 0.0
Next port to read input from is inputA
Called postfire()
Called prefire()
Called fire()
Called postfire()
Called prefire()
Called fire()
Checking for deadlock:
There are 3 Blocked actors, 0 Stopped actors, and 4 active threads.
Waiting for actors to stop.
Read input token from inputA with value 1.0
-- Read input: 0.0, which is expected to match: 0.0
Called prefire()
Called fire()
Checking for deadlock:
There are 3 Blocked actors, 0 Stopped actors, and 4 active threads.
Waiting for actors to stop.
Sent output token with value 0.0
Next port to read input from is inputB
Called postfire()
Called prefire()
Called fire()
Checking for deadlock:
There are 2 Blocked actors, 0 Stopped actors, and 4 active threads.
Waiting for actors to stop.
Called postfire()
Called prefire()
Called fire()
Checking for deadlock:
There are 3 Blocked actors, 0 Stopped actors, and 4 active threads.
Waiting for actors to stop.
Read input token from inputB with value 1.5
Checking for deadlock:
There are 2 Blocked actors, 0 Stopped actors, and 4 active threads.
Waiting for actors to stop.
-- Read input: 1.0, which is expected to match: 1.0
Called prefire()
Called fire()
Checking for deadlock:
There are 3 Blocked actors, 0 Stopped actors, and 4 active threads.
Waiting for actors to stop.
Sent output token with value 1.0
Next port to read input from is inputA
Called postfire()
Called prefire()
Called fire()
Called postfire()
Called prefire()
Called fire()
Checking for deadlock:
There are 3 Blocked actors, 0 Stopped actors, and 4 active threads.
Waiting for actors to stop.
Read input token from inputA with value 2.0
-- Read input: 1.5, which is expected to match: 1.5
Called prefire()
Called fire()
Checking for deadlock:
There are 3 Blocked actors, 0 Stopped actors, and 4 active threads.
Waiting for actors to stop.
Sent output token with value 1.5
Next port to read input from is inputB
Called postfire()
Called prefire()
Called fire()
Called postfire()
Called prefire()
Called fire()
Checking for deadlock:
There are 3 Blocked actors, 0 Stopped actors, and 4 active threads.
Waiting for actors to stop.
Read input token from inputB with value 3.0
-- Read input: 2.0, which is expected to match: 2.0
Called prefire()
Called fire()
Checking for deadlock:
There are 3 Blocked actors, 0 Stopped actors, and 4 active threads.
Waiting for actors to stop.
Sent output token with value 2.0
Next port to read input from is inputA
Called postfire()
Called prefire()
Called fire()
Called postfire()
Called prefire()
Called fire()
Checking for deadlock:
There are 3 Blocked actors, 0 Stopped actors, and 4 active threads.
Waiting for actors to stop.
Read input token from inputA with value 3.0
-- Read input: 3.0, which is expected to match: 3.0
Called prefire()
Called fire()
Checking for deadlock:
There are 3 Blocked actors, 0 Stopped actors, and 4 active threads.
Waiting for actors to stop.
Sent output token with value 3.0
Next port to read input from is inputB
Called postfire()
Called prefire()
Called fire()
Called postfire()
Called prefire()
Called fire()
Checking for deadlock:
There are 3 Blocked actors, 0 Stopped actors, and 4 active threads.
Waiting for actors to stop.
Read input token from inputB with value 4.5
-- Read input: 3.0, which is expected to match: 3.0
Called prefire()
Called fire()
Checking for deadlock:
There are 3 Blocked actors, 0 Stopped actors, and 4 active threads.
Waiting for actors to stop.
Sent output token with value 3.0
Next port to read input from is inputA
Called postfire()
Called prefire()
Called fire()
Called postfire()
Called prefire()
Called fire()
Checking for deadlock:
There are 3 Blocked actors, 0 Stopped actors, and 4 active threads.
Waiting for actors to stop.
Read input token from inputA with value 4.0
-- Read input: 4.0, which is expected to match: 4.0
Called prefire()
Called fire()
Past the end of training data. Read and discard all inputs.
Checking for deadlock:
There are 3 Blocked actors, 0 Stopped actors, and 4 active threads.
Waiting for actors to stop.
Sent output token with value 4.0
Next port to read input from is inputA
Called postfire()
Called prefire()
Called fire()
Called postfire()
Called prefire()
Called fire()
Checking for deadlock:
There are 3 Blocked actors, 0 Stopped actors, and 4 active threads.
Waiting for actors to stop.
Read input token from inputA with value 5.0
Called prefire()
Called fire()
Past the end of training data. Read and discard all inputs.
Checking for deadlock:
There are 3 Blocked actors, 0 Stopped actors, and 4 active threads.
Waiting for actors to stop.
Sent output token with value 4.5
Next port to read input from is inputB
Called postfire()
Called prefire()
Called fire()
Called postfire()
Called prefire()
Called fire()
Checking for deadlock:
There are 3 Blocked actors, 0 Stopped actors, and 4 active threads.
Waiting for actors to stop.
Read input token from inputB with value 6.0
Called prefire()
Called fire()
Past the end of training data. Read and discard all inputs.
Checking for deadlock:
There are 3 Blocked actors, 0 Stopped actors, and 4 active threads.
Waiting for actors to stop.
Sent output token with value 5.0
Next port to read input from is inputA
Called postfire()
Called prefire()
Called fire()
Called postfire()
Called prefire()
Called fire()
Checking for deadlock:
There are 3 Blocked actors, 0 Stopped actors, and 4 active threads.
Waiting for actors to stop.
Read input token from inputA with value 6.0
Called prefire()
Called fire()
Past the end of training data. Read and discard all inputs.
Checking for deadlock:
There are 3 Blocked actors, 0 Stopped actors, and 4 active threads.
Waiting for actors to stop.
Sent output token with value 6.0
Next port to read input from is inputB
Called postfire()
Called prefire()
Called fire()
Called postfire()
Called prefire()
Called fire()
Checking for deadlock:
There are 3 Blocked actors, 0 Stopped actors, and 4 active threads.
Waiting for actors to stop.
Read input token from inputB with value 7.5
Called prefire()
Called fire()
Past the end of training data. Read and discard all inputs.
Checking for deadlock:
There are 3 Blocked actors, 0 Stopped actors, and 4 active threads.
Waiting for actors to stop.
Sent output token with value 6.0
Next port to read input from is inputA
Called postfire()
Called prefire()
Called fire()
Called postfire()
Called prefire()
Called fire()
Checking for deadlock:
There are 3 Blocked actors, 0 Stopped actors, and 4 active threads.
Waiting for actors to stop.
Read input token from inputA with value 7.0
Called prefire()
Called fire()
Past the end of training data. Read and discard all inputs.
Checking for deadlock:
There are 3 Blocked actors, 0 Stopped actors, and 4 active threads.
Waiting for actors to stop.
Sent output token with value 7.0
Next port to read input from is inputA
Called postfire()
Called prefire()
Called fire()
-- Thread wrapup() called.
Called wrapup()
Checking for deadlock:
There are 2 Blocked actors, 0 Stopped actors, and 4 active threads.
Waiting for actors to stop.
Thread .top.Ramp is exiting.
-- Thread stopped.
Checking for deadlock:
There are 2 Blocked actors, 0 Stopped actors, and 3 active threads.
Waiting for actors to stop.
Read input token from inputA with value 8.0
Checking for deadlock:
There are 1 Blocked actors, 0 Stopped actors, and 3 active threads.
Waiting for actors to stop.
Called prefire()
Called fire()
Past the end of training data. Read and discard all inputs.
Checking for deadlock:
There are 2 Blocked actors, 0 Stopped actors, and 3 active threads.
Waiting for actors to stop.
Sent output token with value 7.5
Next port to read input from is inputB
Called postfire()
Called prefire()
Called fire()
Called postfire()
Called prefire()
Called fire()
Checking for deadlock:
There are 2 Blocked actors, 0 Stopped actors, and 3 active threads.
Waiting for actors to stop.
Read input token from inputB with value 9.0
Called prefire()
Called fire()
Past the end of training data. Read and discard all inputs.
Checking for deadlock:
There are 2 Blocked actors, 0 Stopped actors, and 3 active threads.
Waiting for actors to stop.
Sent output token with value 8.0
Next port to read input from is inputA
Called postfire()
Called prefire()
Called fire()
Read input token from inputA with value 9.0
Checking for deadlock:
There are 1 Blocked actors, 0 Stopped actors, and 3 active threads.
Waiting for actors to stop.
Called prefire()
Called fire()
Past the end of training data. Read and discard all inputs.
Checking for deadlock:
There are 2 Blocked actors, 0 Stopped actors, and 3 active threads.
Waiting for actors to stop.
Sent output token with value 9.0
Next port to read input from is inputB
Called postfire()
Called prefire()
Called fire()
Called postfire()
Called prefire()
Called fire()
Checking for deadlock:
There are 2 Blocked actors, 0 Stopped actors, and 3 active threads.
Waiting for actors to stop.
Read input token from inputB with value 10.5
Called prefire()
Called fire()
Past the end of training data. Read and discard all inputs.
Checking for deadlock:
There are 2 Blocked actors, 0 Stopped actors, and 3 active threads.
Waiting for actors to stop.
Sent output token with value 9.0
Next port to read input from is inputA
Called postfire()
Called prefire()
Called fire()
Checking for deadlock:
There are 3 Blocked actors, 0 Stopped actors, and 3 active threads.
Actors have stopped.
Checking for deadlock:
There are 3 Blocked actors, 0 Stopped actors, and 3 active threads.
Deadlock detected.
Resolving Deadlock
Checking for deadlock:
There are 3 Blocked actors, 0 Stopped actors, and 3 active threads.
Artificial Deadlock - increasing queue capacity.
increasing the capacity of receiver ptolemy.actor.TypedIOPort {.top.OrderedMerge.inputB} to 2
Director: Called postfire().
Called postfire().
_stopRequested = false
_stopFireRequested = false
Returning from postfire(): true
Called fire().
Checking for deadlock:
There are 2 Blocked actors, 0 Stopped actors, and 3 active threads.
Waiting for actors to stop.
-- Thread wrapup() called.
Called wrapup()
Thread .top.Ramp2 is exiting.
-- Thread stopped.
Checking for deadlock:
There are 2 Blocked actors, 0 Stopped actors, and 2 active threads.
Actors have stopped.
Checking for deadlock:
There are 2 Blocked actors, 0 Stopped actors, and 2 active threads.
Deadlock detected.
Resolving Deadlock
Checking for deadlock:
There are 2 Blocked actors, 0 Stopped actors, and 2 active threads.
Deadlock detected: no processes blocked on write, but some are blocked on read.
Called postfire().
_stopRequested = false
_stopFireRequested = false
Returning from postfire(): false
Finished deactivating branches.
Called wrapup().
-- Thread wrapup() called.
Called wrapup()
Thread .top.OrderedMerge is exiting.
-- Thread wrapup() called.
Called wrapup()
Thread .top.Test is exiting.
-- Thread stopped.
-- Blocked Receiver call threw TerminateProcessException.
29 ms. Memory: 146944K Free: 93516K (64%)
.top. Preinitializing ...
Invoking preinitialize():  .top.OrderedMerge
Called preinitialize()
Invoking preinitialize():  .top.Ramp
Called preinitialize()
Invoking preinitialize():  .top.Ramp2
Called preinitialize()
Invoking preinitialize():  .top.Test
Called preinitialize()
.top. Finished preinitialize().
Called initialize().
Invoking initialize():  .top.OrderedMerge
Initializing actor: .top.OrderedMerge
Adding a thread: .top.OrderedMerge
Invoking initialize():  .top.Ramp
Initializing actor: .top.Ramp
Adding a thread: .top.Ramp
Invoking initialize():  .top.Ramp2
Initializing actor: .top.Ramp2
Adding a thread: .top.Ramp2
Invoking initialize():  .top.Test
Initializing actor: .top.Test
Adding a thread: .top.Test
-- Thread stopped.
-- Blocked Receiver call threw TerminateProcessException.
-- Starting thread.
Called initialize()
Called prefire()
Called fire()
-- Starting thread.
Called initialize()
Called prefire()
Called fire()
Called postfire()
Called prefire()
Called fire()
-- Starting thread.
Called initialize()
Called prefire()
Called fire()
Called postfire()
Called prefire()
Called fire()
Called fire().
Checking for deadlock:
There are 3 Blocked actors, 0 Stopped actors, and 4 active threads.
Waiting for actors to stop.
-- Starting thread.
Called initialize()
Called prefire()
Called fire()
Checking for deadlock:
There are 2 Blocked actors, 0 Stopped actors, and 4 active threads.
Waiting for actors to stop.
Called postfire()
Called prefire()
Called fire()
Checking for deadlock:
There are 3 Blocked actors, 0 Stopped actors, and 4 active threads.
Waiting for actors to stop.
Read input token from inputA with value 0.0
Next port to read input from is inputB
Called postfire()
Called prefire()
Called fire()
Checking for deadlock:
There are 2 Blocked actors, 0 Stopped actors, and 4 active threads.
Waiting for actors to stop.
Called postfire()
Called prefire()
Called fire()
Checking for deadlock:
There are 3 Blocked actors, 0 Stopped actors, and 4 active threads.
Waiting for actors to stop.
Read input token from inputB with value 0.0
Checking for deadlock:
There are 2 Blocked actors, 0 Stopped actors, and 4 active threads.
Waiting for actors to stop.
-- Read input: 0.0, which is expected to match: 0.0
Called prefire()
Called fire()
Checking for deadlock:
There are 3 Blocked actors, 0 Stopped actors, and 4 active threads.
Waiting for actors to stop.
Sent output token with value 0.0
Next port to read input from is inputA
Called postfire()
Called prefire()
Called fire()
Called postfire()
Called prefire()
Called fire()
Checking for deadlock:
There are 3 Blocked actors, 0 Stopped actors, and 4 active threads.
Waiting for actors to stop.
Read input token from inputA with value 1.0
-- Read input: 0.0, which is expected to match: 0.0
Called prefire()
Called fire()
Checking for deadlock:
There are 3 Blocked actors, 0 Stopped actors, and 4 active threads.
Waiting for actors to stop.
Sent output token with value 0.0
Next port to read input from is inputB
Called postfire()
Called prefire()
Called fire()
Checking for deadlock:
There are 2 Blocked actors, 0 Stopped actors, and 4 active threads.
Waiting for actors to stop.
Called postfire()
Called prefire()
Called fire()
Checking for deadlock:
There are 3 Blocked actors, 0 Stopped actors, and 4 active threads.
Waiting for actors to stop.
Read input token from inputB with value 1.5
Checking for deadlock:
There are 2 Blocked actors, 0 Stopped actors, and 4 active threads.
Waiting for actors to stop.
Sent output token with value 1.0
-- Read input: 1.0, which is expected to match: 1.0
Called prefire()
Next port to read input from is inputA
Called fire()
Called postfire()
Called prefire()
Called fire()
Read input token from inputA with value 2.0
Checking for deadlock:
There are 2 Blocked actors, 0 Stopped actors, and 4 active threads.
Waiting for actors to stop.
Called postfire()
Called prefire()
Called fire()
Checking for deadlock:
There are 2 Blocked actors, 0 Stopped actors, and 4 active threads.
Waiting for actors to stop.
Sent output token with value 1.5
-- Read input: 1.5, which is expected to match: 1.5
Called prefire()
Next port to read input from is inputB
Called postfire()
Called prefire()
Called fire()
Read input token from inputB with value 3.0
Sent output token with value 2.0
Next port to read input from is inputA
Called postfire()
Called prefire()
Called fire()
Read input token from inputA with value 3.0
Called fire()
-- Read input: 2.0, which is expected to match: 2.0
Called prefire()
Called fire()
Called postfire()
Called prefire()
Called fire()
Sent output token with value 3.0
Checking for deadlock:
There are 1 Blocked actors, 0 Stopped actors, and 4 active threads.
Waiting for actors to stop.
Next port to read input from is inputB
Called postfire()
Called prefire()
Called postfire()
Called fire()
Called prefire()
Called fire()
Read input token from inputB with value 4.5
-- Read input: 3.0, which is expected to match: 3.0
Sent output token with value 3.0
Called prefire()
Called fire()
Next port to read input from is inputA
Called postfire()
Called prefire()
Called fire()
-- Read input: 3.0, which is expected to match: 3.0
Called prefire()
Called fire()
Read input token from inputA with value 4.0
Checking for deadlock:
There are 1 Blocked actors, 0 Stopped actors, and 4 active threads.
Waiting for actors to stop.
Called postfire()
Called prefire()
Called fire()
Called postfire()
Called prefire()
Called fire()
Sent output token with value 4.0
Next port to read input from is inputA
Called postfire()
Called prefire()
Called fire()
Read input token from inputA with value 5.0
Checking for deadlock:
There are 2 Blocked actors, 0 Stopped actors, and 4 active threads.
Waiting for actors to stop.
-- Read input: 4.0, which is expected to match: 4.0
Called prefire()
Called fire()
Past the end of training data. Read and discard all inputs.
Called postfire()
Called prefire()
Called fire()
Checking for deadlock:
There are 3 Blocked actors, 0 Stopped actors, and 4 active threads.
Waiting for actors to stop.
Checking for deadlock:
There are 2 Blocked actors, 0 Stopped actors, and 4 active threads.
Called prefire()
Called fire()
Waiting for actors to stop.
Past the end of training data. Read and discard all inputs.
Checking for deadlock:
There are 3 Blocked actors, 0 Stopped actors, and 4 active threads.
Sent output token with value 4.5
Waiting for actors to stop.
Next port to read input from is inputB
Called postfire()
Called prefire()
Called fire()
Read input token from inputB with value 6.0
Sent output token with value 5.0
Next port to read input from is inputA
Called postfire()
Called prefire()
Called fire()
Read input token from inputA with value 6.0
Called postfire()
Called prefire()
Called fire()
Checking for deadlock:
There are 2 Blocked actors, 0 Stopped actors, and 4 active threads.
Waiting for actors to stop.
Called prefire()
Called fire()
Called postfire()
Called prefire()
Called fire()
Checking for deadlock:
Sent output token with value 6.0
There are 2 Blocked actors, 0 Stopped actors, and 4 active threads.
Waiting for actors to stop.
Next port to read input from is inputB
Called postfire()
Called prefire()
Called fire()
Checking for deadlock:
There are 1 Blocked actors, 0 Stopped actors, and 4 active threads.
Read input token from inputB with value 7.5
Waiting for actors to stop.
Checking for deadlock:
Past the end of training data. Read and discard all inputs.
There are 2 Blocked actors, 0 Stopped actors, and 4 active threads.
Waiting for actors to stop.
Checking for deadlock:
Called prefire()
There are 1 Blocked actors, 0 Stopped actors, and 4 active threads.
Waiting for actors to stop.
Called fire()
Past the end of training data. Read and discard all inputs.
Called postfire()
Sent output token with value 6.0
Called prefire()
Called fire()
Next port to read input from is inputA
Called postfire()
Called prefire()
Called fire()
Read input token from inputA with value 7.0
Called prefire()
Called postfire()
Called fire()
Checking for deadlock:
There are 1 Blocked actors, 0 Stopped actors, and 4 active threads.
Waiting for actors to stop.
Called prefire()
Called fire()
Sent output token with value 7.0
Next port to read input from is inputA
Called postfire()
Checking for deadlock:
Past the end of training data. Read and discard all inputs.
There are 2 Blocked actors, 0 Stopped actors, and 4 active threads.
Waiting for actors to stop.
Called prefire()
Called fire()
Past the end of training data. Read and discard all inputs.
Called prefire()
Checking for deadlock:
Called fire()
There are 3 Blocked actors, 0 Stopped actors, and 4 active threads.
Waiting for actors to stop.
-- Thread wrapup() called.
Called wrapup()
Read input token from inputA with value 8.0
Thread .top.Ramp is exiting.
-- Thread stopped.
Checking for deadlock:
There are 2 Blocked actors, 0 Stopped actors, and 3 active threads.
Waiting for actors to stop.
Sent output token with value 7.5
Next port to read input from is inputB
Called postfire()
Called prefire()
Called fire()
Read input token from inputB with value 9.0
Checking for deadlock:
Called prefire()
There are 0 Blocked actors, 0 Stopped actors, and 3 active threads.
Called fire()
Waiting for actors to stop.
Past the end of training data. Read and discard all inputs.
Sent output token with value 8.0
Next port to read input from is inputA
Called postfire()
Called prefire()
Called fire()
Read input token from inputA with value 9.0
Checking for deadlock:
There are 1 Blocked actors, 0 Stopped actors, and 3 active threads.
Waiting for actors to stop.
Called postfire()
Called prefire()
Called fire()
Called prefire()
Past the end of training data. Read and discard all inputs.
Called fire()
Checking for deadlock:
There are 1 Blocked actors, 0 Stopped actors, and 3 active threads.
Waiting for actors to stop.
Checking for deadlock:
There are 0 Blocked actors, 0 Stopped actors, and 3 active threads.
Sent output token with value 9.0
Waiting for actors to stop.
Called prefire()
Called fire()
Next port to read input from is inputB
Called postfire()
Called prefire()
Called fire()
Checking for deadlock:
There are 1 Blocked actors, 0 Stopped actors, and 3 active threads.
Waiting for actors to stop.
Past the end of training data. Read and discard all inputs.
Checking for deadlock:
There are 1 Blocked actors, 0 Stopped actors, and 3 active threads.
Read input token from inputB with value 10.5
Waiting for actors to stop.
Sent output token with value 9.0
Next port to read input from is inputA
Called postfire()
Called prefire()
Called fire()
Checking for deadlock:
There are 1 Blocked actors, 0 Stopped actors, and 3 active threads.
Waiting for actors to stop.
Called prefire()
Called fire()
Called postfire()
Past the end of training data. Read and discard all inputs.
Called prefire()
Checking for deadlock:
There are 2 Blocked actors, 0 Stopped actors, and 3 active threads.
Called fire()
Waiting for actors to stop.
Checking for deadlock:
There are 3 Blocked actors, 0 Stopped actors, and 3 active threads.
Actors have stopped.
Checking for deadlock:
There are 3 Blocked actors, 0 Stopped actors, and 3 active threads.
Deadlock detected.
Resolving Deadlock
Checking for deadlock:
There are 3 Blocked actors, 0 Stopped actors, and 3 active threads.
Artificial Deadlock - increasing queue capacity.
increasing the capacity of receiver ptolemy.actor.TypedIOPort {.top.OrderedMerge.inputB} to 2
Director: Called postfire().
Called postfire().
_stopRequested = false
_stopFireRequested = false
Returning from postfire(): true
Called fire().
Checking for deadlock:
There are 2 Blocked actors, 0 Stopped actors, and 3 active threads.
Waiting for actors to stop.
-- Thread wrapup() called.
Called wrapup()
Thread .top.Ramp2 is exiting.
-- Thread stopped.
Checking for deadlock:
There are 2 Blocked actors, 0 Stopped actors, and 2 active threads.
Actors have stopped.
Checking for deadlock:
There are 2 Blocked actors, 0 Stopped actors, and 2 active threads.
Deadlock detected.
Resolving Deadlock
Checking for deadlock:
There are 2 Blocked actors, 0 Stopped actors, and 2 active threads.
Deadlock detected: no processes blocked on write, but some are blocked on read.
Called postfire().
_stopRequested = false
_stopFireRequested = false
Returning from postfire(): false
Finished deactivating branches.
Called wrapup().
-- Thread wrapup() called.
Called wrapup()
-- Thread wrapup() called.
Called wrapup()
Thread .top.Test is exiting.
-- Thread stopped.
-- Blocked Receiver call threw TerminateProcessException.
Thread .top.OrderedMerge is exiting.
-- Thread stopped.
-- Blocked Receiver call threw TerminateProcessException.
37 ms. Memory: 146944K Free: 91878K (63%)
/home/travis/build/icyphy/ptII/ptolemy/actor/lib/test/Publisher.tcl
6 ms. Memory: 146944K Free: 85851K (58%)
29 ms. Memory: 208384K Free: 199771K (96%)
3 ms. Memory: 208384K Free: 197396K (95%)
3 ms. Memory: 208384K Free: 195037K (94%)
2 ms. Memory: 208384K Free: 195037K (94%)
2 ms. Memory: 208384K Free: 195037K (94%)
2 ms. Memory: 208384K Free: 192678K (92%)
3 ms. Memory: 208384K Free: 192678K (92%)
1 ms. Memory: 208384K Free: 182881K (88%)
3 ms. Memory: 208384K Free: 180506K (87%)
2 ms. Memory: 208384K Free: 178131K (85%)
1 ms. Memory: 208384K Free: 175756K (84%)
6 ms. Memory: 208384K Free: 168656K (81%)
6 ms. Memory: 208384K Free: 159203K (76%)
6 ms. Memory: 208384K Free: 147345K (71%)
/home/travis/build/icyphy/ptII/ptolemy/actor/lib/test/Pulse.tcl
4 ms. Memory: 208384K Free: 107106K (51%)
13 ms. Memory: 208384K Free: 107106K (51%)
2 ms. Memory: 208384K Free: 104747K (50%)
1 ms. Memory: 208384K Free: 104747K (50%)
1 ms. Memory: 208384K Free: 104747K (50%)
2 ms. Memory: 208384K Free: 104747K (50%)
9 ms. Memory: 208384K Free: 102388K (49%)
3 ms. Memory: 208384K Free: 102388K (49%)
1 ms. Memory: 208384K Free: 100029K (48%)
/home/travis/build/icyphy/ptII/ptolemy/actor/lib/test/Ramp.tcl
2 ms. Memory: 208384K Free: 100029K (48%)
1 ms. Memory: 208384K Free: 97655K (47%)
2 ms. Memory: 208384K Free: 97655K (47%)
1 ms. Memory: 208384K Free: 97655K (47%)
2 ms. Memory: 208384K Free: 95288K (46%)
4 ms. Memory: 208384K Free: 95288K (46%)
4 ms. Memory: 208384K Free: 95288K (46%)
5 actors
6000 microseconds per iteration to create
9 ms. Memory: 208384K Free: 90570K (43%)
1 ms. Memory: 208384K Free: 90570K (43%)
3 ms. Memory: 208384K Free: 90570K (43%)
1 ms. Memory: 208384K Free: 90570K (43%)
50 actors
50000 microseconds per iteration to create
63 ms. Memory: 208384K Free: 195478K (94%)
13 ms. Memory: 208384K Free: 193089K (93%)
9 ms. Memory: 208384K Free: 193089K (93%)
10 ms. Memory: 208384K Free: 192869K (93%)
500 actors
1356000 microseconds per iteration to create
213 ms. Memory: 332288K Free: 262662K (79%)
37 ms. Memory: 332288K Free: 257870K (78%)
37 ms. Memory: 332288K Free: 253079K (76%)
38 ms. Memory: 332288K Free: 248288K (75%)
/home/travis/build/icyphy/ptII/ptolemy/actor/lib/test/RampContinuous.tcl
6 ms. Memory: 332288K Free: 248288K (75%)
/home/travis/build/icyphy/ptII/ptolemy/actor/lib/test/RecordAssembler.tcl
6 ms. Memory: 332288K Free: 243497K (73%)
3 ms. Memory: 332288K Free: 243497K (73%)
/home/travis/build/icyphy/ptII/ptolemy/actor/lib/test/RecordDisassembler.tcl
4 ms. Memory: 332288K Free: 243497K (73%)
2 ms. Memory: 332288K Free: 243497K (73%)
3 ms. Memory: 332288K Free: 238705K (72%)
/home/travis/build/icyphy/ptII/ptolemy/actor/lib/test/Scale.tcl
2 ms. Memory: 332288K Free: 238705K (72%)
1 ms. Memory: 332288K Free: 238705K (72%)
1 ms. Memory: 332288K Free: 238705K (72%)
2 ms. Memory: 332288K Free: 238705K (72%)
2 ms. Memory: 332288K Free: 233898K (70%)
/home/travis/build/icyphy/ptII/ptolemy/actor/lib/test/SequentialClock.tcl
preinitializing
resolving types
initializing
executing number 1
wrapping up
idle
2 ms. Memory: 332288K Free: 233898K (70%)
Completed execution with 5 iterations
preinitializing
resolving types
initializing
executing number 1
wrapping up
idle
1 ms. Memory: 332288K Free: 233898K (70%)
Completed execution with 5 iterations
preinitializing
resolving types
initializing
executing number 1
wrapping up
idle
1 ms. Memory: 332288K Free: 233898K (70%)
Completed execution with 5 iterations
/home/travis/build/icyphy/ptII/ptolemy/actor/lib/test/SetVariable.tcl
4 ms. Memory: 332288K Free: 229107K (69%)
/home/travis/build/icyphy/ptII/ptolemy/actor/lib/test/Sinewave.tcl
/home/travis/build/icyphy/ptII/ptolemy/actor/lib/test/SubscriptionAggregator.tcl
8 ms. Memory: 332288K Free: 219493K (66%)
9 ms. Memory: 332288K Free: 219493K (66%)
1 ms. Memory: 332288K Free: 219493K (66%)
0 ms. Memory: 332288K Free: 214685K (65%)
1 ms. Memory: 332288K Free: 214685K (65%)
4 ms. Memory: 332288K Free: 209878K (63%)
...............................................................987 ms. Memory: 582144K Free: 335914K (58%)
/home/travis/build/icyphy/ptII/ptolemy/actor/lib/test/Test.tcl
 The next command will produce a warning about training mode,
   which may be ignored.
4 ms. Memory: 582144K Free: 335914K (58%)
2 ms. Memory: 582144K Free: 335914K (58%)
1 ms. Memory: 582144K Free: 335914K (58%)
1 ms. Memory: 582144K Free: 335914K (58%)
2 ms. Memory: 582144K Free: 335914K (58%)
2 ms. Memory: 582144K Free: 335914K (58%)
3 ms. Memory: 582144K Free: 335914K (58%)
 The next command will produce a warning about training mode,
   which may be ignored.
12 ms. Memory: 582144K Free: 326228K (56%)
 The next command will produce a warning about training mode,
   which may be ignored.
3 ms. Memory: 582144K Free: 326228K (56%)
3 ms. Memory: 582144K Free: 326228K (56%)
1 ms. Memory: 582144K Free: 326228K (56%)
2 ms. Memory: 582144K Free: 326228K (56%)
4 ms. Memory: 582144K Free: 326228K (56%)
5 ms. Memory: 582144K Free: 326228K (56%)
/home/travis/build/icyphy/ptII/ptolemy/actor/lib/test/TestExceptionHandler.tcl
 The next command will produce a warning about training mode,
   which may be ignored.
2 ms. Memory: 582144K Free: 326228K (56%)
1 ms. Memory: 582144K Free: 316541K (54%)
1 ms. Memory: 582144K Free: 316541K (54%)
/home/travis/build/icyphy/ptII/ptolemy/actor/lib/test/UnionDisassembler.tcl
23 ms. Memory: 582144K Free: 316541K (54%)
/home/travis/build/icyphy/ptII/ptolemy/actor/lib/test/VariableClock.tcl
preinitializing
resolving types
initializing
executing number 1
wrapping up
idle
8 ms. Memory: 582144K Free: 306862K (53%)
Completed execution with 11 iterations
preinitializing
resolving types
initializing
executing number 1
wrapping up
idle
5 ms. Memory: 582144K Free: 306862K (53%)
Completed execution with 10 iterations
04/10/19 04:28:21
Failed: 0  Total Tests: 234  ((Passed: 234, Newly Passed: 0)  Known Failed: 0) /home/travis/build/icyphy/ptII/ptolemy/actor/lib/test
----------------- testing (KnownFailure) /home/travis/build/icyphy/ptII/ptolemy/actor/lib/test/auto/knownFailedTests/PublisherPortToplevelSubscriber.xml
1 ms. Memory: 582144K Free: 297103K (51%)
Known Failure: java.lang.reflect.InvocationTargetException
----------------- testing (KnownFailure) /home/travis/build/icyphy/ptII/ptolemy/actor/lib/test/auto/knownFailedTests/PublisherSubscriberPortToplevel.xml
1 ms. Memory: 582144K Free: 277586K (48%)
Known Failure: java.lang.reflect.InvocationTargetException
----------------- testing (KnownFailure) /home/travis/build/icyphy/ptII/ptolemy/actor/lib/test/auto/knownFailedTests/PublisherSubscriptionAggregatorPort.xml
2 ms. Memory: 582144K Free: 258068K (44%)
Known Failure: java.lang.reflect.InvocationTargetException
----------------- testing (KnownFailure) /home/travis/build/icyphy/ptII/ptolemy/actor/lib/test/auto/knownFailedTests/sizedarray3.xml
3 ms. Memory: 582144K Free: 238550K (41%)
Known Failure: java.lang.reflect.InvocationTargetException
No auto/linux-amd64/*.xml tests in /home/travis/build/icyphy/ptII/ptolemy/actor/lib/test
AutoTests.java: About to close Vertx.
AutoTests.java: Vertx closed.

===========================================================================================
----------------- testing Wed Apr 10 16:28:21 UTC 2019 /home/travis/build/icyphy/ptII/ptolemy/actor/lib/test/auto/AbsoluteValue.xml
----------------- Instantiating /home/travis/build/icyphy/ptII/ptolemy/actor/lib/test/auto/AbsoluteValue.xml
8 ms. Memory: 582144K Free: 160655K (28%)
----------------- Invoking toplevel() on ptolemy.moml.MoMLSimpleApplication@55a601a5
----------------- Done invoking toplevel() on ptolemy.moml.MoMLSimpleApplication@55a601a5
reloadAllAccessors: .AbsoluteValue

===========================================================================================
----------------- testing Wed Apr 10 16:28:22 UTC 2019 /home/travis/build/icyphy/ptII/ptolemy/actor/lib/test/auto/AbsoluteValue2.xml
----------------- Instantiating /home/travis/build/icyphy/ptII/ptolemy/actor/lib/test/auto/AbsoluteValue2.xml
4 ms. Memory: 582144K Free: 150897K (26%)
----------------- Invoking toplevel() on ptolemy.moml.MoMLSimpleApplication@6592af6c
----------------- Done invoking toplevel() on ptolemy.moml.MoMLSimpleApplication@6592af6c
reloadAllAccessors: .AbsoluteValue2

===========================================================================================
----------------- testing Wed Apr 10 16:28:22 UTC 2019 /home/travis/build/icyphy/ptII/ptolemy/actor/lib/test/auto/Accumulator.xml
----------------- Instantiating /home/travis/build/icyphy/ptII/ptolemy/actor/lib/test/auto/Accumulator.xml
7 ms. Memory: 582144K Free: 131467K (23%)
----------------- Invoking toplevel() on ptolemy.moml.MoMLSimpleApplication@47371c8c
----------------- Done invoking toplevel() on ptolemy.moml.MoMLSimpleApplication@47371c8c
reloadAllAccessors: .Accumulator

===========================================================================================
----------------- testing Wed Apr 10 16:28:22 UTC 2019 /home/travis/build/icyphy/ptII/ptolemy/actor/lib/test/auto/Accumulator2.xml
----------------- Instantiating /home/travis/build/icyphy/ptII/ptolemy/actor/lib/test/auto/Accumulator2.xml
5 ms. Memory: 582144K Free: 121708K (21%)
----------------- Invoking toplevel() on ptolemy.moml.MoMLSimpleApplication@71e7fc10
----------------- Done invoking toplevel() on ptolemy.moml.MoMLSimpleApplication@71e7fc10
reloadAllAccessors: .Accumulator2

===========================================================================================
----------------- testing Wed Apr 10 16:28:22 UTC 2019 /home/travis/build/icyphy/ptII/ptolemy/actor/lib/test/auto/Accumulator3.xml
----------------- Instantiating /home/travis/build/icyphy/ptII/ptolemy/actor/lib/test/auto/Accumulator3.xml
2 ms. Memory: 582144K Free: 111950K (19%)
----------------- Invoking toplevel() on ptolemy.moml.MoMLSimpleApplication@ac80996
----------------- Done invoking toplevel() on ptolemy.moml.MoMLSimpleApplication@ac80996
reloadAllAccessors: .Accumulator3

===========================================================================================
----------------- testing Wed Apr 10 16:28:22 UTC 2019 /home/travis/build/icyphy/ptII/ptolemy/actor/lib/test/auto/ArrayAppend.xml
----------------- Instantiating /home/travis/build/icyphy/ptII/ptolemy/actor/lib/test/auto/ArrayAppend.xml
4 ms. Memory: 582144K Free: 102191K (18%)
----------------- Invoking toplevel() on ptolemy.moml.MoMLSimpleApplication@217226b4
----------------- Done invoking toplevel() on ptolemy.moml.MoMLSimpleApplication@217226b4
reloadAllAccessors: .ArrayAppend

===========================================================================================
----------------- testing Wed Apr 10 16:28:22 UTC 2019 /home/travis/build/icyphy/ptII/ptolemy/actor/lib/test/auto/ArrayAppend2.xml
----------------- Instantiating /home/travis/build/icyphy/ptII/ptolemy/actor/lib/test/auto/ArrayAppend2.xml
419 ms. Memory: 582656K Free: 507941K (87%)
----------------- Invoking toplevel() on ptolemy.moml.MoMLSimpleApplication@5037bed
----------------- Done invoking toplevel() on ptolemy.moml.MoMLSimpleApplication@5037bed
reloadAllAccessors: .ArrayAppend2

===========================================================================================
----------------- testing Wed Apr 10 16:28:22 UTC 2019 /home/travis/build/icyphy/ptII/ptolemy/actor/lib/test/auto/ArrayAppend3.xml
----------------- Instantiating /home/travis/build/icyphy/ptII/ptolemy/actor/lib/test/auto/ArrayAppend3.xml
2 ms. Memory: 582656K Free: 490658K (84%)
----------------- Invoking toplevel() on ptolemy.moml.MoMLSimpleApplication@7ae9aeff
----------------- Done invoking toplevel() on ptolemy.moml.MoMLSimpleApplication@7ae9aeff
reloadAllAccessors: .ArrayAppend3

===========================================================================================
----------------- testing Wed Apr 10 16:28:22 UTC 2019 /home/travis/build/icyphy/ptII/ptolemy/actor/lib/test/auto/ArrayAppend4.xml
----------------- Instantiating /home/travis/build/icyphy/ptII/ptolemy/actor/lib/test/auto/ArrayAppend4.xml
2 ms. Memory: 582656K Free: 484152K (83%)
----------------- Invoking toplevel() on ptolemy.moml.MoMLSimpleApplication@42173196
----------------- Done invoking toplevel() on ptolemy.moml.MoMLSimpleApplication@42173196
reloadAllAccessors: .ArrayAppend4

===========================================================================================
----------------- testing Wed Apr 10 16:28:22 UTC 2019 /home/travis/build/icyphy/ptII/ptolemy/actor/lib/test/auto/ArrayAppend5.xml
----------------- Instantiating /home/travis/build/icyphy/ptII/ptolemy/actor/lib/test/auto/ArrayAppend5.xml
2 ms. Memory: 582656K Free: 477646K (82%)
----------------- Invoking toplevel() on ptolemy.moml.MoMLSimpleApplication@660cc7fa
----------------- Done invoking toplevel() on ptolemy.moml.MoMLSimpleApplication@660cc7fa
reloadAllAccessors: .ArrayAppend5

===========================================================================================
----------------- testing Wed Apr 10 16:28:22 UTC 2019 /home/travis/build/icyphy/ptII/ptolemy/actor/lib/test/auto/ArrayAppend6.xml
----------------- Instantiating /home/travis/build/icyphy/ptII/ptolemy/actor/lib/test/auto/ArrayAppend6.xml
3 ms. Memory: 582656K Free: 462959K (79%)
----------------- Invoking toplevel() on ptolemy.moml.MoMLSimpleApplication@942dfcf
----------------- Done invoking toplevel() on ptolemy.moml.MoMLSimpleApplication@942dfcf
reloadAllAccessors: .ArrayAppend6

===========================================================================================
----------------- testing Wed Apr 10 16:28:22 UTC 2019 /home/travis/build/icyphy/ptII/ptolemy/actor/lib/test/auto/ArrayAppendPerformanceTest.xml
----------------- Instantiating /home/travis/build/icyphy/ptII/ptolemy/actor/lib/test/auto/ArrayAppendPerformanceTest.xml
15 ms. Memory: 582656K Free: 449915K (77%)
----------------- Invoking toplevel() on ptolemy.moml.MoMLSimpleApplication@649cdc79
----------------- Done invoking toplevel() on ptolemy.moml.MoMLSimpleApplication@649cdc79
reloadAllAccessors: .ArrayAppendPerformanceTest

===========================================================================================
----------------- testing Wed Apr 10 16:28:22 UTC 2019 /home/travis/build/icyphy/ptII/ptolemy/actor/lib/test/auto/ArrayAppendWithEmptyInput.xml
----------------- Instantiating /home/travis/build/icyphy/ptII/ptolemy/actor/lib/test/auto/ArrayAppendWithEmptyInput.xml
9 ms. Memory: 582656K Free: 440156K (76%)
----------------- Invoking toplevel() on ptolemy.moml.MoMLSimpleApplication@32fafb91
----------------- Done invoking toplevel() on ptolemy.moml.MoMLSimpleApplication@32fafb91
reloadAllAccessors: .ArrayAppendWithEmptyInput

===========================================================================================
----------------- testing Wed Apr 10 16:28:22 UTC 2019 /home/travis/build/icyphy/ptII/ptolemy/actor/lib/test/auto/ArrayAverage.xml
----------------- Instantiating /home/travis/build/icyphy/ptII/ptolemy/actor/lib/test/auto/ArrayAverage.xml
5 ms. Memory: 582656K Free: 430389K (74%)
----------------- Invoking toplevel() on ptolemy.moml.MoMLSimpleApplication@6980087f
----------------- Done invoking toplevel() on ptolemy.moml.MoMLSimpleApplication@6980087f
reloadAllAccessors: .ArrayAverage

===========================================================================================
----------------- testing Wed Apr 10 16:28:23 UTC 2019 /home/travis/build/icyphy/ptII/ptolemy/actor/lib/test/auto/ArrayContains.xml
----------------- Instantiating /home/travis/build/icyphy/ptII/ptolemy/actor/lib/test/auto/ArrayContains.xml
3 ms. Memory: 582656K Free: 412440K (71%)
----------------- Invoking toplevel() on ptolemy.moml.MoMLSimpleApplication@35d37073
----------------- Done invoking toplevel() on ptolemy.moml.MoMLSimpleApplication@35d37073
reloadAllAccessors: .ArrayContains

===========================================================================================
----------------- testing Wed Apr 10 16:28:23 UTC 2019 /home/travis/build/icyphy/ptII/ptolemy/actor/lib/test/auto/ArrayElement.xml
----------------- Instantiating /home/travis/build/icyphy/ptII/ptolemy/actor/lib/test/auto/ArrayElement.xml
2 ms. Memory: 582656K Free: 405934K (70%)
----------------- Invoking toplevel() on ptolemy.moml.MoMLSimpleApplication@29eca4b2
----------------- Done invoking toplevel() on ptolemy.moml.MoMLSimpleApplication@29eca4b2
reloadAllAccessors: .ArrayElement

===========================================================================================
----------------- testing Wed Apr 10 16:28:23 UTC 2019 /home/travis/build/icyphy/ptII/ptolemy/actor/lib/test/auto/ArrayElementAsMatrix.xml
----------------- Instantiating /home/travis/build/icyphy/ptII/ptolemy/actor/lib/test/auto/ArrayElementAsMatrix.xml
20 ms. Memory: 582656K Free: 396160K (68%)
----------------- Invoking toplevel() on ptolemy.moml.MoMLSimpleApplication@755dcbb8
----------------- Done invoking toplevel() on ptolemy.moml.MoMLSimpleApplication@755dcbb8
reloadAllAccessors: .ArrayElementAsMatrix

===========================================================================================
----------------- testing Wed Apr 10 16:28:23 UTC 2019 /home/travis/build/icyphy/ptII/ptolemy/actor/lib/test/auto/ArrayElementI.xml
----------------- Instantiating /home/travis/build/icyphy/ptII/ptolemy/actor/lib/test/auto/ArrayElementI.xml
4 ms. Memory: 582656K Free: 389654K (67%)
----------------- Invoking toplevel() on ptolemy.moml.MoMLSimpleApplication@220cf079
----------------- Done invoking toplevel() on ptolemy.moml.MoMLSimpleApplication@220cf079
reloadAllAccessors: .ArrayElementI

===========================================================================================
----------------- testing Wed Apr 10 16:28:23 UTC 2019 /home/travis/build/icyphy/ptII/ptolemy/actor/lib/test/auto/ArrayExtract.xml
----------------- Instantiating /home/travis/build/icyphy/ptII/ptolemy/actor/lib/test/auto/ArrayExtract.xml
10 ms. Memory: 582656K Free: 371713K (64%)
----------------- Invoking toplevel() on ptolemy.moml.MoMLSimpleApplication@4a53610f
----------------- Done invoking toplevel() on ptolemy.moml.MoMLSimpleApplication@4a53610f
reloadAllAccessors: .ArrayExtract

===========================================================================================
----------------- testing Wed Apr 10 16:28:23 UTC 2019 /home/travis/build/icyphy/ptII/ptolemy/actor/lib/test/auto/ArrayExtract2.xml
----------------- Instantiating /home/travis/build/icyphy/ptII/ptolemy/actor/lib/test/auto/ArrayExtract2.xml
2 ms. Memory: 582656K Free: 365207K (63%)
----------------- Invoking toplevel() on ptolemy.moml.MoMLSimpleApplication@72d5a22
----------------- Done invoking toplevel() on ptolemy.moml.MoMLSimpleApplication@72d5a22
reloadAllAccessors: .ArrayExtract2

===========================================================================================
----------------- testing Wed Apr 10 16:28:23 UTC 2019 /home/travis/build/icyphy/ptII/ptolemy/actor/lib/test/auto/ArrayLength.xml
----------------- Instantiating /home/travis/build/icyphy/ptII/ptolemy/actor/lib/test/auto/ArrayLength.xml
1 ms. Memory: 582656K Free: 358701K (62%)
----------------- Invoking toplevel() on ptolemy.moml.MoMLSimpleApplication@30194d89
----------------- Done invoking toplevel() on ptolemy.moml.MoMLSimpleApplication@30194d89
reloadAllAccessors: .ArrayLength

===========================================================================================
----------------- testing Wed Apr 10 16:28:23 UTC 2019 /home/travis/build/icyphy/ptII/ptolemy/actor/lib/test/auto/ArrayLevelCrossing.xml
----------------- Instantiating /home/travis/build/icyphy/ptII/ptolemy/actor/lib/test/auto/ArrayLevelCrossing.xml
6 ms. Memory: 582656K Free: 340753K (58%)
----------------- Invoking toplevel() on ptolemy.moml.MoMLSimpleApplication@3e8f65a2
----------------- Done invoking toplevel() on ptolemy.moml.MoMLSimpleApplication@3e8f65a2
reloadAllAccessors: .ArrayLevelCrossing

===========================================================================================
----------------- testing Wed Apr 10 16:28:23 UTC 2019 /home/travis/build/icyphy/ptII/ptolemy/actor/lib/test/auto/ArrayLevelCrossing2.xml
----------------- Instantiating /home/travis/build/icyphy/ptII/ptolemy/actor/lib/test/auto/ArrayLevelCrossing2.xml
3 ms. Memory: 582656K Free: 326115K (56%)
----------------- Invoking toplevel() on ptolemy.moml.MoMLSimpleApplication@3aee204e
----------------- Done invoking toplevel() on ptolemy.moml.MoMLSimpleApplication@3aee204e
reloadAllAccessors: .ArrayLevelCrossing2

===========================================================================================
----------------- testing Wed Apr 10 16:28:23 UTC 2019 /home/travis/build/icyphy/ptII/ptolemy/actor/lib/test/auto/ArrayPeakSearch.xml
----------------- Instantiating /home/travis/build/icyphy/ptII/ptolemy/actor/lib/test/auto/ArrayPeakSearch.xml
4 ms. Memory: 582656K Free: 316340K (54%)
----------------- Invoking toplevel() on ptolemy.moml.MoMLSimpleApplication@2bd49050
----------------- Done invoking toplevel() on ptolemy.moml.MoMLSimpleApplication@2bd49050
reloadAllAccessors: .ArrayPeakSearch

===========================================================================================
----------------- testing Wed Apr 10 16:28:23 UTC 2019 /home/travis/build/icyphy/ptII/ptolemy/actor/lib/test/auto/ArrayPeakSearch2.xml
----------------- Instantiating /home/travis/build/icyphy/ptII/ptolemy/actor/lib/test/auto/ArrayPeakSearch2.xml
4 ms. Memory: 582656K Free: 303296K (52%)
----------------- Invoking toplevel() on ptolemy.moml.MoMLSimpleApplication@73081301
----------------- Done invoking toplevel() on ptolemy.moml.MoMLSimpleApplication@73081301
reloadAllAccessors: .ArrayPeakSearch2

===========================================================================================
----------------- testing Wed Apr 10 16:28:23 UTC 2019 /home/travis/build/icyphy/ptII/ptolemy/actor/lib/test/auto/ArrayPeakSearch3.xml
----------------- Instantiating /home/travis/build/icyphy/ptII/ptolemy/actor/lib/test/auto/ArrayPeakSearch3.xml
3 ms. Memory: 582656K Free: 282094K (48%)
----------------- Invoking toplevel() on ptolemy.moml.MoMLSimpleApplication@4f8fda2a
----------------- Done invoking toplevel() on ptolemy.moml.MoMLSimpleApplication@4f8fda2a
reloadAllAccessors: .ArrayPeakSearch3

===========================================================================================
----------------- testing Wed Apr 10 16:28:23 UTC 2019 /home/travis/build/icyphy/ptII/ptolemy/actor/lib/test/auto/ArrayRemoveElement.xml
----------------- Instantiating /home/travis/build/icyphy/ptII/ptolemy/actor/lib/test/auto/ArrayRemoveElement.xml
3 ms. Memory: 582656K Free: 272320K (47%)
----------------- Invoking toplevel() on ptolemy.moml.MoMLSimpleApplication@1b11ca18
----------------- Done invoking toplevel() on ptolemy.moml.MoMLSimpleApplication@1b11ca18
reloadAllAccessors: .ArrayRemoveElement

===========================================================================================
----------------- testing Wed Apr 10 16:28:23 UTC 2019 /home/travis/build/icyphy/ptII/ptolemy/actor/lib/test/auto/ArraySort.xml
----------------- Instantiating /home/travis/build/icyphy/ptII/ptolemy/actor/lib/test/auto/ArraySort.xml
7 ms. Memory: 582656K Free: 259292K (45%)
----------------- Invoking toplevel() on ptolemy.moml.MoMLSimpleApplication@621c5c7d
----------------- Done invoking toplevel() on ptolemy.moml.MoMLSimpleApplication@621c5c7d
reloadAllAccessors: .ArraySort

===========================================================================================
----------------- testing Wed Apr 10 16:28:23 UTC 2019 /home/travis/build/icyphy/ptII/ptolemy/actor/lib/test/auto/ArraySum.xml
----------------- Instantiating /home/travis/build/icyphy/ptII/ptolemy/actor/lib/test/auto/ArraySum.xml
2 ms. Memory: 582656K Free: 252786K (43%)
----------------- Invoking toplevel() on ptolemy.moml.MoMLSimpleApplication@3e26e0f0
----------------- Done invoking toplevel() on ptolemy.moml.MoMLSimpleApplication@3e26e0f0
reloadAllAccessors: .ArraySum

===========================================================================================
----------------- testing Wed Apr 10 16:28:23 UTC 2019 /home/travis/build/icyphy/ptII/ptolemy/actor/lib/test/auto/ArrayToElements.xml
----------------- Instantiating /home/travis/build/icyphy/ptII/ptolemy/actor/lib/test/auto/ArrayToElements.xml
5 ms. Memory: 582656K Free: 234829K (40%)
----------------- Invoking toplevel() on ptolemy.moml.MoMLSimpleApplication@54016a2c
----------------- Done invoking toplevel() on ptolemy.moml.MoMLSimpleApplication@54016a2c
reloadAllAccessors: .ArrayToElements

===========================================================================================
----------------- testing Wed Apr 10 16:28:23 UTC 2019 /home/travis/build/icyphy/ptII/ptolemy/actor/lib/test/auto/ArrayToMatrix.xml
----------------- Instantiating /home/travis/build/icyphy/ptII/ptolemy/actor/lib/test/auto/ArrayToMatrix.xml
10 ms. Memory: 582656K Free: 218549K (38%)
----------------- Invoking toplevel() on ptolemy.moml.MoMLSimpleApplication@1fc26a7
----------------- Done invoking toplevel() on ptolemy.moml.MoMLSimpleApplication@1fc26a7
reloadAllAccessors: .ArrayToMatrix

===========================================================================================
----------------- testing Wed Apr 10 16:28:23 UTC 2019 /home/travis/build/icyphy/ptII/ptolemy/actor/lib/test/auto/ArrayUpdate1.xml
----------------- Instantiating /home/travis/build/icyphy/ptII/ptolemy/actor/lib/test/auto/ArrayUpdate1.xml
6 ms. Memory: 582656K Free: 212043K (36%)
----------------- Invoking toplevel() on ptolemy.moml.MoMLSimpleApplication@478de64e
----------------- Done invoking toplevel() on ptolemy.moml.MoMLSimpleApplication@478de64e
reloadAllAccessors: .ArrayUpdate1

===========================================================================================
----------------- testing Wed Apr 10 16:28:23 UTC 2019 /home/travis/build/icyphy/ptII/ptolemy/actor/lib/test/auto/ArrayUpdate2.xml
----------------- Instantiating /home/travis/build/icyphy/ptII/ptolemy/actor/lib/test/auto/ArrayUpdate2.xml
3 ms. Memory: 582656K Free: 202268K (35%)
----------------- Invoking toplevel() on ptolemy.moml.MoMLSimpleApplication@225036d
----------------- Done invoking toplevel() on ptolemy.moml.MoMLSimpleApplication@225036d
reloadAllAccessors: .ArrayUpdate2

===========================================================================================
----------------- testing Wed Apr 10 16:28:23 UTC 2019 /home/travis/build/icyphy/ptII/ptolemy/actor/lib/test/auto/ArrayUpdate3.xml
----------------- Instantiating /home/travis/build/icyphy/ptII/ptolemy/actor/lib/test/auto/ArrayUpdate3.xml
2 ms. Memory: 582656K Free: 187580K (32%)
----------------- Invoking toplevel() on ptolemy.moml.MoMLSimpleApplication@7443465c
----------------- Done invoking toplevel() on ptolemy.moml.MoMLSimpleApplication@7443465c
reloadAllAccessors: .ArrayUpdate3

===========================================================================================
----------------- testing Wed Apr 10 16:28:23 UTC 2019 /home/travis/build/icyphy/ptII/ptolemy/actor/lib/test/auto/Assert1.xml
----------------- Instantiating /home/travis/build/icyphy/ptII/ptolemy/actor/lib/test/auto/Assert1.xml
6 ms. Memory: 582656K Free: 181075K (31%)
----------------- Invoking toplevel() on ptolemy.moml.MoMLSimpleApplication@269d3557
----------------- Done invoking toplevel() on ptolemy.moml.MoMLSimpleApplication@269d3557
reloadAllAccessors: .Assert1

===========================================================================================
----------------- testing Wed Apr 10 16:28:23 UTC 2019 /home/travis/build/icyphy/ptII/ptolemy/actor/lib/test/auto/Assert2.xml
----------------- Instantiating /home/travis/build/icyphy/ptII/ptolemy/actor/lib/test/auto/Assert2.xml
14 ms. Memory: 582656K Free: 174569K (30%)
----------------- Invoking toplevel() on ptolemy.moml.MoMLSimpleApplication@608555cb
----------------- Done invoking toplevel() on ptolemy.moml.MoMLSimpleApplication@608555cb
reloadAllAccessors: .Assert2

===========================================================================================
----------------- testing Wed Apr 10 16:28:23 UTC 2019 /home/travis/build/icyphy/ptII/ptolemy/actor/lib/test/auto/BooleanMultiplexor.xml
----------------- Instantiating /home/travis/build/icyphy/ptII/ptolemy/actor/lib/test/auto/BooleanMultiplexor.xml
3 ms. Memory: 582656K Free: 159881K (27%)
----------------- Invoking toplevel() on ptolemy.moml.MoMLSimpleApplication@29ac635a
----------------- Done invoking toplevel() on ptolemy.moml.MoMLSimpleApplication@29ac635a
reloadAllAccessors: .BooleanMultiplexor

===========================================================================================
----------------- testing Wed Apr 10 16:28:23 UTC 2019 /home/travis/build/icyphy/ptII/ptolemy/actor/lib/test/auto/BooleanMultiplexor2.xml
----------------- Instantiating /home/travis/build/icyphy/ptII/ptolemy/actor/lib/test/auto/BooleanMultiplexor2.xml
12 ms. Memory: 582656K Free: 150122K (26%)
----------------- Invoking toplevel() on ptolemy.moml.MoMLSimpleApplication@2f963e12
----------------- Done invoking toplevel() on ptolemy.moml.MoMLSimpleApplication@2f963e12
reloadAllAccessors: .BooleanMultiplexor2

===========================================================================================
----------------- testing Wed Apr 10 16:28:23 UTC 2019 /home/travis/build/icyphy/ptII/ptolemy/actor/lib/test/auto/BooleanMultiplexor3.xml
----------------- Instantiating /home/travis/build/icyphy/ptII/ptolemy/actor/lib/test/auto/BooleanMultiplexor3.xml
4 ms. Memory: 582656K Free: 143616K (25%)
----------------- Invoking toplevel() on ptolemy.moml.MoMLSimpleApplication@6c5eb6de
----------------- Done invoking toplevel() on ptolemy.moml.MoMLSimpleApplication@6c5eb6de
reloadAllAccessors: .BooleanMultiplexor3

===========================================================================================
----------------- testing Wed Apr 10 16:28:23 UTC 2019 /home/travis/build/icyphy/ptII/ptolemy/actor/lib/test/auto/BooleanSelect.xml
----------------- Instantiating /home/travis/build/icyphy/ptII/ptolemy/actor/lib/test/auto/BooleanSelect.xml
7 ms. Memory: 582656K Free: 133858K (23%)
----------------- Invoking toplevel() on ptolemy.moml.MoMLSimpleApplication@5b9d11c5
----------------- Done invoking toplevel() on ptolemy.moml.MoMLSimpleApplication@5b9d11c5
reloadAllAccessors: .BooleanSelect

===========================================================================================
----------------- testing Wed Apr 10 16:28:23 UTC 2019 /home/travis/build/icyphy/ptII/ptolemy/actor/lib/test/auto/BooleanSelect2.xml
----------------- Instantiating /home/travis/build/icyphy/ptII/ptolemy/actor/lib/test/auto/BooleanSelect2.xml
2 ms. Memory: 582656K Free: 119170K (20%)
----------------- Invoking toplevel() on ptolemy.moml.MoMLSimpleApplication@2d8749d6
----------------- Done invoking toplevel() on ptolemy.moml.MoMLSimpleApplication@2d8749d6
reloadAllAccessors: .BooleanSelect2

===========================================================================================
----------------- testing Wed Apr 10 16:28:23 UTC 2019 /home/travis/build/icyphy/ptII/ptolemy/actor/lib/test/auto/BooleanSwitch.xml
----------------- Instantiating /home/travis/build/icyphy/ptII/ptolemy/actor/lib/test/auto/BooleanSwitch.xml
4 ms. Memory: 582656K Free: 109395K (19%)
----------------- Invoking toplevel() on ptolemy.moml.MoMLSimpleApplication@44ae0db9
----------------- Done invoking toplevel() on ptolemy.moml.MoMLSimpleApplication@44ae0db9
reloadAllAccessors: .BooleanSwitch

===========================================================================================
----------------- testing Wed Apr 10 16:28:23 UTC 2019 /home/travis/build/icyphy/ptII/ptolemy/actor/lib/test/auto/BooleanSwitch2.xml
----------------- Instantiating /home/travis/build/icyphy/ptII/ptolemy/actor/lib/test/auto/BooleanSwitch2.xml
1 ms. Memory: 582656K Free: 102889K (18%)
----------------- Invoking toplevel() on ptolemy.moml.MoMLSimpleApplication@21ce634f
----------------- Done invoking toplevel() on ptolemy.moml.MoMLSimpleApplication@21ce634f
reloadAllAccessors: .BooleanSwitch2

===========================================================================================
----------------- testing Wed Apr 10 16:28:24 UTC 2019 /home/travis/build/icyphy/ptII/ptolemy/actor/lib/test/auto/BooleanSwitchCloningBugWithClassRelationGroup.xml
----------------- Instantiating /home/travis/build/icyphy/ptII/ptolemy/actor/lib/test/auto/BooleanSwitchCloningBugWithClassRelationGroup.xml
2 ms. Memory: 582656K Free: 93114K (16%)
----------------- Invoking toplevel() on ptolemy.moml.MoMLSimpleApplication@38948a39
----------------- Done invoking toplevel() on ptolemy.moml.MoMLSimpleApplication@38948a39
reloadAllAccessors: .BooleanSwitchCloningBugWithClassRelationGroup

===========================================================================================
----------------- testing Wed Apr 10 16:28:24 UTC 2019 /home/travis/build/icyphy/ptII/ptolemy/actor/lib/test/auto/BusActors.xml
----------------- Instantiating /home/travis/build/icyphy/ptII/ptolemy/actor/lib/test/auto/BusActors.xml
7 ms. Memory: 582656K Free: 75158K (13%)
----------------- Invoking toplevel() on ptolemy.moml.MoMLSimpleApplication@2d2e8199
----------------- Done invoking toplevel() on ptolemy.moml.MoMLSimpleApplication@2d2e8199
reloadAllAccessors: .BusActors

===========================================================================================
----------------- testing Wed Apr 10 16:28:24 UTC 2019 /home/travis/build/icyphy/ptII/ptolemy/actor/lib/test/auto/ClassWrapper.xml
----------------- Instantiating /home/travis/build/icyphy/ptII/ptolemy/actor/lib/test/auto/ClassWrapper.xml
2 ms. Memory: 582656K Free: 68652K (12%)
----------------- Invoking toplevel() on ptolemy.moml.MoMLSimpleApplication@1d457a23
----------------- Done invoking toplevel() on ptolemy.moml.MoMLSimpleApplication@1d457a23
reloadAllAccessors: .ClassWrapper

===========================================================================================
----------------- testing Wed Apr 10 16:28:24 UTC 2019 /home/travis/build/icyphy/ptII/ptolemy/actor/lib/test/auto/Clock.xml
----------------- Instantiating /home/travis/build/icyphy/ptII/ptolemy/actor/lib/test/auto/Clock.xml
4 ms. Memory: 582656K Free: 62146K (11%)
----------------- Invoking toplevel() on ptolemy.moml.MoMLSimpleApplication@82019ba
----------------- Done invoking toplevel() on ptolemy.moml.MoMLSimpleApplication@82019ba
reloadAllAccessors: .Clock

===========================================================================================
----------------- testing Wed Apr 10 16:28:24 UTC 2019 /home/travis/build/icyphy/ptII/ptolemy/actor/lib/test/auto/Clock10.xml
----------------- Instantiating /home/travis/build/icyphy/ptII/ptolemy/actor/lib/test/auto/Clock10.xml
5 ms. Memory: 880640K Free: 829586K (94%)
----------------- Invoking toplevel() on ptolemy.moml.MoMLSimpleApplication@62e25cf6
----------------- Done invoking toplevel() on ptolemy.moml.MoMLSimpleApplication@62e25cf6
reloadAllAccessors: .Clock10

===========================================================================================
----------------- testing Wed Apr 10 16:28:24 UTC 2019 /home/travis/build/icyphy/ptII/ptolemy/actor/lib/test/auto/Clock11.xml
----------------- Instantiating /home/travis/build/icyphy/ptII/ptolemy/actor/lib/test/auto/Clock11.xml
4 ms. Memory: 880640K Free: 809557K (92%)
----------------- Invoking toplevel() on ptolemy.moml.MoMLSimpleApplication@1a6f801a
----------------- Done invoking toplevel() on ptolemy.moml.MoMLSimpleApplication@1a6f801a
reloadAllAccessors: .Clock11

===========================================================================================
----------------- testing Wed Apr 10 16:28:24 UTC 2019 /home/travis/build/icyphy/ptII/ptolemy/actor/lib/test/auto/Clock12.xml
----------------- Instantiating /home/travis/build/icyphy/ptII/ptolemy/actor/lib/test/auto/Clock12.xml
5 ms. Memory: 880640K Free: 799147K (91%)
----------------- Invoking toplevel() on ptolemy.moml.MoMLSimpleApplication@2b7db133
----------------- Done invoking toplevel() on ptolemy.moml.MoMLSimpleApplication@2b7db133
reloadAllAccessors: .Clock12

===========================================================================================
----------------- testing Wed Apr 10 16:28:24 UTC 2019 /home/travis/build/icyphy/ptII/ptolemy/actor/lib/test/auto/Clock13.xml
----------------- Instantiating /home/travis/build/icyphy/ptII/ptolemy/actor/lib/test/auto/Clock13.xml
10 ms. Memory: 880640K Free: 788736K (90%)
----------------- Invoking toplevel() on ptolemy.moml.MoMLSimpleApplication@331ef216
----------------- Done invoking toplevel() on ptolemy.moml.MoMLSimpleApplication@331ef216
reloadAllAccessors: .Clock13

===========================================================================================
----------------- testing Wed Apr 10 16:28:24 UTC 2019 /home/travis/build/icyphy/ptII/ptolemy/actor/lib/test/auto/Clock14.xml
----------------- Instantiating /home/travis/build/icyphy/ptII/ptolemy/actor/lib/test/auto/Clock14.xml
4 ms. Memory: 880640K Free: 778325K (88%)
----------------- Invoking toplevel() on ptolemy.moml.MoMLSimpleApplication@4c22da58
----------------- Done invoking toplevel() on ptolemy.moml.MoMLSimpleApplication@4c22da58
reloadAllAccessors: .Clock14

===========================================================================================
----------------- testing Wed Apr 10 16:28:24 UTC 2019 /home/travis/build/icyphy/ptII/ptolemy/actor/lib/test/auto/Clock15.xml
----------------- Instantiating /home/travis/build/icyphy/ptII/ptolemy/actor/lib/test/auto/Clock15.xml
1 ms. Memory: 880640K Free: 758297K (86%)
----------------- Invoking toplevel() on ptolemy.moml.MoMLSimpleApplication@6419ff37
----------------- Done invoking toplevel() on ptolemy.moml.MoMLSimpleApplication@6419ff37
reloadAllAccessors: .Clock15

===========================================================================================
----------------- testing Wed Apr 10 16:28:24 UTC 2019 /home/travis/build/icyphy/ptII/ptolemy/actor/lib/test/auto/Clock16.xml
----------------- Instantiating /home/travis/build/icyphy/ptII/ptolemy/actor/lib/test/auto/Clock16.xml
21 ms. Memory: 880640K Free: 742665K (84%)
----------------- Invoking toplevel() on ptolemy.moml.MoMLSimpleApplication@42ebfb92
----------------- Done invoking toplevel() on ptolemy.moml.MoMLSimpleApplication@42ebfb92
reloadAllAccessors: .Clock16

===========================================================================================
----------------- testing Wed Apr 10 16:28:24 UTC 2019 /home/travis/build/icyphy/ptII/ptolemy/actor/lib/test/auto/Clock17.xml
----------------- Instantiating /home/travis/build/icyphy/ptII/ptolemy/actor/lib/test/auto/Clock17.xml
33 ms. Memory: 880640K Free: 727033K (83%)
----------------- Invoking toplevel() on ptolemy.moml.MoMLSimpleApplication@1076e08b
----------------- Done invoking toplevel() on ptolemy.moml.MoMLSimpleApplication@1076e08b
reloadAllAccessors: .Clock17

===========================================================================================
----------------- testing Wed Apr 10 16:28:24 UTC 2019 /home/travis/build/icyphy/ptII/ptolemy/actor/lib/test/auto/Clock18.xml
----------------- Instantiating /home/travis/build/icyphy/ptII/ptolemy/actor/lib/test/auto/Clock18.xml
22 ms. Memory: 880640K Free: 711401K (81%)
----------------- Invoking toplevel() on ptolemy.moml.MoMLSimpleApplication@75b9a5ef
----------------- Done invoking toplevel() on ptolemy.moml.MoMLSimpleApplication@75b9a5ef
reloadAllAccessors: .Clock18

===========================================================================================
----------------- testing Wed Apr 10 16:28:24 UTC 2019 /home/travis/build/icyphy/ptII/ptolemy/actor/lib/test/auto/Clock19.xml
----------------- Instantiating /home/travis/build/icyphy/ptII/ptolemy/actor/lib/test/auto/Clock19.xml
15 ms. Memory: 880640K Free: 686167K (78%)
----------------- Invoking toplevel() on ptolemy.moml.MoMLSimpleApplication@5b452c58
----------------- Done invoking toplevel() on ptolemy.moml.MoMLSimpleApplication@5b452c58
reloadAllAccessors: .Clock19

===========================================================================================
----------------- testing Wed Apr 10 16:28:24 UTC 2019 /home/travis/build/icyphy/ptII/ptolemy/actor/lib/test/auto/Clock2.xml
----------------- Instantiating /home/travis/build/icyphy/ptII/ptolemy/actor/lib/test/auto/Clock2.xml
7 ms. Memory: 880640K Free: 675756K (77%)
----------------- Invoking toplevel() on ptolemy.moml.MoMLSimpleApplication@38a5e2b3
----------------- Done invoking toplevel() on ptolemy.moml.MoMLSimpleApplication@38a5e2b3
reloadAllAccessors: .Clock2

===========================================================================================
----------------- testing Wed Apr 10 16:28:24 UTC 2019 /home/travis/build/icyphy/ptII/ptolemy/actor/lib/test/auto/Clock20.xml
----------------- Instantiating /home/travis/build/icyphy/ptII/ptolemy/actor/lib/test/auto/Clock20.xml
3 ms. Memory: 880640K Free: 665346K (76%)
----------------- Invoking toplevel() on ptolemy.moml.MoMLSimpleApplication@373ec386
----------------- Done invoking toplevel() on ptolemy.moml.MoMLSimpleApplication@373ec386
reloadAllAccessors: .Clock20

===========================================================================================
----------------- testing Wed Apr 10 16:28:24 UTC 2019 /home/travis/build/icyphy/ptII/ptolemy/actor/lib/test/auto/Clock21.xml
----------------- Instantiating /home/travis/build/icyphy/ptII/ptolemy/actor/lib/test/auto/Clock21.xml
3 ms. Memory: 880640K Free: 654935K (74%)
----------------- Invoking toplevel() on ptolemy.moml.MoMLSimpleApplication@41dc745
----------------- Done invoking toplevel() on ptolemy.moml.MoMLSimpleApplication@41dc745
reloadAllAccessors: .Clock21

===========================================================================================
----------------- testing Wed Apr 10 16:28:24 UTC 2019 /home/travis/build/icyphy/ptII/ptolemy/actor/lib/test/auto/Clock22.xml
----------------- Instantiating /home/travis/build/icyphy/ptII/ptolemy/actor/lib/test/auto/Clock22.xml
6 ms. Memory: 880640K Free: 634907K (72%)
----------------- Invoking toplevel() on ptolemy.moml.MoMLSimpleApplication@433e9658
----------------- Done invoking toplevel() on ptolemy.moml.MoMLSimpleApplication@433e9658
reloadAllAccessors: .Clock22

===========================================================================================
----------------- testing Wed Apr 10 16:28:24 UTC 2019 /home/travis/build/icyphy/ptII/ptolemy/actor/lib/test/auto/Clock23.xml
----------------- Instantiating /home/travis/build/icyphy/ptII/ptolemy/actor/lib/test/auto/Clock23.xml
6 ms. Memory: 880640K Free: 624496K (71%)
----------------- Invoking toplevel() on ptolemy.moml.MoMLSimpleApplication@89a4ce8
----------------- Done invoking toplevel() on ptolemy.moml.MoMLSimpleApplication@89a4ce8
reloadAllAccessors: .Clock23

===========================================================================================
----------------- testing Wed Apr 10 16:28:24 UTC 2019 /home/travis/build/icyphy/ptII/ptolemy/actor/lib/test/auto/Clock24.xml
----------------- Instantiating /home/travis/build/icyphy/ptII/ptolemy/actor/lib/test/auto/Clock24.xml
2 ms. Memory: 880640K Free: 614085K (70%)
----------------- Invoking toplevel() on ptolemy.moml.MoMLSimpleApplication@2a9a97a9
----------------- Done invoking toplevel() on ptolemy.moml.MoMLSimpleApplication@2a9a97a9
reloadAllAccessors: .Clock24

===========================================================================================
----------------- testing Wed Apr 10 16:28:24 UTC 2019 /home/travis/build/icyphy/ptII/ptolemy/actor/lib/test/auto/Clock4.xml
----------------- Instantiating /home/travis/build/icyphy/ptII/ptolemy/actor/lib/test/auto/Clock4.xml
2 ms. Memory: 880640K Free: 603674K (69%)
----------------- Invoking toplevel() on ptolemy.moml.MoMLSimpleApplication@73419e86
----------------- Done invoking toplevel() on ptolemy.moml.MoMLSimpleApplication@73419e86
reloadAllAccessors: .Clock4

===========================================================================================
----------------- testing Wed Apr 10 16:28:24 UTC 2019 /home/travis/build/icyphy/ptII/ptolemy/actor/lib/test/auto/Clock5.xml
----------------- Instantiating /home/travis/build/icyphy/ptII/ptolemy/actor/lib/test/auto/Clock5.xml
1 ms. Memory: 880640K Free: 593264K (67%)
----------------- Invoking toplevel() on ptolemy.moml.MoMLSimpleApplication@6150b897
----------------- Done invoking toplevel() on ptolemy.moml.MoMLSimpleApplication@6150b897
reloadAllAccessors: .Clock5

===========================================================================================
----------------- testing Wed Apr 10 16:28:24 UTC 2019 /home/travis/build/icyphy/ptII/ptolemy/actor/lib/test/auto/Clock6.xml
----------------- Instantiating /home/travis/build/icyphy/ptII/ptolemy/actor/lib/test/auto/Clock6.xml
2 ms. Memory: 880640K Free: 573235K (65%)
----------------- Invoking toplevel() on ptolemy.moml.MoMLSimpleApplication@652c1ccf
----------------- Done invoking toplevel() on ptolemy.moml.MoMLSimpleApplication@652c1ccf
reloadAllAccessors: .Clock6

===========================================================================================
----------------- testing Wed Apr 10 16:28:24 UTC 2019 /home/travis/build/icyphy/ptII/ptolemy/actor/lib/test/auto/Clock7.xml
----------------- Instantiating /home/travis/build/icyphy/ptII/ptolemy/actor/lib/test/auto/Clock7.xml
1 ms. Memory: 880640K Free: 562825K (64%)
----------------- Invoking toplevel() on ptolemy.moml.MoMLSimpleApplication@46a69310
----------------- Done invoking toplevel() on ptolemy.moml.MoMLSimpleApplication@46a69310
reloadAllAccessors: .Clock7

===========================================================================================
----------------- testing Wed Apr 10 16:28:24 UTC 2019 /home/travis/build/icyphy/ptII/ptolemy/actor/lib/test/auto/Clock8.xml
----------------- Instantiating /home/travis/build/icyphy/ptII/ptolemy/actor/lib/test/auto/Clock8.xml
3 ms. Memory: 880640K Free: 552414K (63%)
----------------- Invoking toplevel() on ptolemy.moml.MoMLSimpleApplication@15afe2ca
----------------- Done invoking toplevel() on ptolemy.moml.MoMLSimpleApplication@15afe2ca
reloadAllAccessors: .Clock8

===========================================================================================
----------------- testing Wed Apr 10 16:28:24 UTC 2019 /home/travis/build/icyphy/ptII/ptolemy/actor/lib/test/auto/Clock9.xml
----------------- Instantiating /home/travis/build/icyphy/ptII/ptolemy/actor/lib/test/auto/Clock9.xml
6 ms. Memory: 880640K Free: 542003K (62%)
----------------- Invoking toplevel() on ptolemy.moml.MoMLSimpleApplication@536f2ffc
----------------- Done invoking toplevel() on ptolemy.moml.MoMLSimpleApplication@536f2ffc
reloadAllAccessors: .Clock9

===========================================================================================
----------------- testing Wed Apr 10 16:28:24 UTC 2019 /home/travis/build/icyphy/ptII/ptolemy/actor/lib/test/auto/CommDistDiscard.xml
----------------- Instantiating /home/travis/build/icyphy/ptII/ptolemy/actor/lib/test/auto/CommDistDiscard.xml
5 ms. Memory: 880640K Free: 521975K (59%)
----------------- Invoking toplevel() on ptolemy.moml.MoMLSimpleApplication@25913495
----------------- Done invoking toplevel() on ptolemy.moml.MoMLSimpleApplication@25913495
reloadAllAccessors: .CommDistDiscard

===========================================================================================
----------------- testing Wed Apr 10 16:28:24 UTC 2019 /home/travis/build/icyphy/ptII/ptolemy/actor/lib/test/auto/Commutator.xml
----------------- Instantiating /home/travis/build/icyphy/ptII/ptolemy/actor/lib/test/auto/Commutator.xml
1 ms. Memory: 880640K Free: 511564K (58%)
----------------- Invoking toplevel() on ptolemy.moml.MoMLSimpleApplication@7237f49d
----------------- Done invoking toplevel() on ptolemy.moml.MoMLSimpleApplication@7237f49d
reloadAllAccessors: .Commutator

===========================================================================================
----------------- testing Wed Apr 10 16:28:24 UTC 2019 /home/travis/build/icyphy/ptII/ptolemy/actor/lib/test/auto/Commutator2.xml
----------------- Instantiating /home/travis/build/icyphy/ptII/ptolemy/actor/lib/test/auto/Commutator2.xml
1 ms. Memory: 880640K Free: 501153K (57%)
----------------- Invoking toplevel() on ptolemy.moml.MoMLSimpleApplication@5277ee0c
----------------- Done invoking toplevel() on ptolemy.moml.MoMLSimpleApplication@5277ee0c
reloadAllAccessors: .Commutator2

===========================================================================================
----------------- testing Wed Apr 10 16:28:24 UTC 2019 /home/travis/build/icyphy/ptII/ptolemy/actor/lib/test/auto/Commutator3.xml
----------------- Instantiating /home/travis/build/icyphy/ptII/ptolemy/actor/lib/test/auto/Commutator3.xml
1 ms. Memory: 880640K Free: 490743K (56%)
----------------- Invoking toplevel() on ptolemy.moml.MoMLSimpleApplication@38f3b295
----------------- Done invoking toplevel() on ptolemy.moml.MoMLSimpleApplication@38f3b295
reloadAllAccessors: .Commutator3

===========================================================================================
----------------- testing Wed Apr 10 16:28:24 UTC 2019 /home/travis/build/icyphy/ptII/ptolemy/actor/lib/test/auto/Compare.xml
----------------- Instantiating /home/travis/build/icyphy/ptII/ptolemy/actor/lib/test/auto/Compare.xml
2 ms. Memory: 880640K Free: 470714K (53%)
----------------- Invoking toplevel() on ptolemy.moml.MoMLSimpleApplication@5ec3912
----------------- Done invoking toplevel() on ptolemy.moml.MoMLSimpleApplication@5ec3912
reloadAllAccessors: .Compare

===========================================================================================
----------------- testing Wed Apr 10 16:28:24 UTC 2019 /home/travis/build/icyphy/ptII/ptolemy/actor/lib/test/auto/CompareDE.xml
----------------- Instantiating /home/travis/build/icyphy/ptII/ptolemy/actor/lib/test/auto/CompareDE.xml
6 ms. Memory: 880640K Free: 460304K (52%)
----------------- Invoking toplevel() on ptolemy.moml.MoMLSimpleApplication@10e0d964
----------------- Done invoking toplevel() on ptolemy.moml.MoMLSimpleApplication@10e0d964
reloadAllAccessors: .CompareDE

===========================================================================================
----------------- testing Wed Apr 10 16:28:24 UTC 2019 /home/travis/build/icyphy/ptII/ptolemy/actor/lib/test/auto/ComplexDivide.xml
----------------- Instantiating /home/travis/build/icyphy/ptII/ptolemy/actor/lib/test/auto/ComplexDivide.xml
1 ms. Memory: 880640K Free: 449893K (51%)
----------------- Invoking toplevel() on ptolemy.moml.MoMLSimpleApplication@5112f49f
----------------- Done invoking toplevel() on ptolemy.moml.MoMLSimpleApplication@5112f49f
reloadAllAccessors: .ComplexDivide

===========================================================================================
----------------- testing Wed Apr 10 16:28:24 UTC 2019 /home/travis/build/icyphy/ptII/ptolemy/actor/lib/test/auto/ComputeHistogram.xml
----------------- Instantiating /home/travis/build/icyphy/ptII/ptolemy/actor/lib/test/auto/ComputeHistogram.xml
34 ms. Memory: 880640K Free: 434269K (49%)
----------------- Invoking toplevel() on ptolemy.moml.MoMLSimpleApplication@b2c80a2
----------------- Done invoking toplevel() on ptolemy.moml.MoMLSimpleApplication@b2c80a2
reloadAllAccessors: .ComputeHistogram

===========================================================================================
----------------- testing Wed Apr 10 16:28:25 UTC 2019 /home/travis/build/icyphy/ptII/ptolemy/actor/lib/test/auto/ConfigurationSelect.xml
----------------- Instantiating /home/travis/build/icyphy/ptII/ptolemy/actor/lib/test/auto/ConfigurationSelect.xml
5 ms. Memory: 880640K Free: 414241K (47%)
----------------- Invoking toplevel() on ptolemy.moml.MoMLSimpleApplication@436923c0
----------------- Done invoking toplevel() on ptolemy.moml.MoMLSimpleApplication@436923c0
reloadAllAccessors: .ConfigurationSelect

===========================================================================================
----------------- testing Wed Apr 10 16:28:25 UTC 2019 /home/travis/build/icyphy/ptII/ptolemy/actor/lib/test/auto/ConfigurationSelect2.xml
----------------- Instantiating /home/travis/build/icyphy/ptII/ptolemy/actor/lib/test/auto/ConfigurationSelect2.xml
2 ms. Memory: 880640K Free: 403830K (46%)
----------------- Invoking toplevel() on ptolemy.moml.MoMLSimpleApplication@1b5aaed
----------------- Done invoking toplevel() on ptolemy.moml.MoMLSimpleApplication@1b5aaed
reloadAllAccessors: .ConfigurationSelect2

===========================================================================================
----------------- testing Wed Apr 10 16:28:25 UTC 2019 /home/travis/build/icyphy/ptII/ptolemy/actor/lib/test/auto/ConfigurationSwitch.xml
----------------- Instantiating /home/travis/build/icyphy/ptII/ptolemy/actor/lib/test/auto/ConfigurationSwitch.xml
2 ms. Memory: 880640K Free: 393419K (45%)
----------------- Invoking toplevel() on ptolemy.moml.MoMLSimpleApplication@59c4d056
----------------- Done invoking toplevel() on ptolemy.moml.MoMLSimpleApplication@59c4d056
reloadAllAccessors: .ConfigurationSwitch

===========================================================================================
----------------- testing Wed Apr 10 16:28:25 UTC 2019 /home/travis/build/icyphy/ptII/ptolemy/actor/lib/test/auto/ConfigurationSwitch2.xml
----------------- Instantiating /home/travis/build/icyphy/ptII/ptolemy/actor/lib/test/auto/ConfigurationSwitch2.xml
3 ms. Memory: 880640K Free: 383008K (43%)
----------------- Invoking toplevel() on ptolemy.moml.MoMLSimpleApplication@12ea4ffc
----------------- Done invoking toplevel() on ptolemy.moml.MoMLSimpleApplication@12ea4ffc
reloadAllAccessors: .ConfigurationSwitch2

===========================================================================================
----------------- testing Wed Apr 10 16:28:25 UTC 2019 /home/travis/build/icyphy/ptII/ptolemy/actor/lib/test/auto/ConfigurationSwitchCloningBugWithClassRelationGroup.xml
----------------- Instantiating /home/travis/build/icyphy/ptII/ptolemy/actor/lib/test/auto/ConfigurationSwitchCloningBugWithClassRelationGroup.xml
1 ms. Memory: 880640K Free: 372598K (42%)
----------------- Invoking toplevel() on ptolemy.moml.MoMLSimpleApplication@31940545
----------------- Done invoking toplevel() on ptolemy.moml.MoMLSimpleApplication@31940545
reloadAllAccessors: .ConfigurationSwitchCloningBugWithClassRelationGroup

===========================================================================================
----------------- testing Wed Apr 10 16:28:25 UTC 2019 /home/travis/build/icyphy/ptII/ptolemy/actor/lib/test/auto/ConfigurationSwitchSelectSDF.xml
----------------- Instantiating /home/travis/build/icyphy/ptII/ptolemy/actor/lib/test/auto/ConfigurationSwitchSelectSDF.xml
3 ms. Memory: 880640K Free: 352569K (40%)
----------------- Invoking toplevel() on ptolemy.moml.MoMLSimpleApplication@28bc54a5
----------------- Done invoking toplevel() on ptolemy.moml.MoMLSimpleApplication@28bc54a5
reloadAllAccessors: .ConfigurationSwitchSelectSDF

===========================================================================================
----------------- testing Wed Apr 10 16:28:25 UTC 2019 /home/travis/build/icyphy/ptII/ptolemy/actor/lib/test/auto/ConfigurationSwitchSelectSDF2.xml
----------------- Instantiating /home/travis/build/icyphy/ptII/ptolemy/actor/lib/test/auto/ConfigurationSwitchSelectSDF2.xml
2 ms. Memory: 880640K Free: 342158K (39%)
----------------- Invoking toplevel() on ptolemy.moml.MoMLSimpleApplication@59bbba1c
----------------- Done invoking toplevel() on ptolemy.moml.MoMLSimpleApplication@59bbba1c
reloadAllAccessors: .ConfigurationSwitchSelectSDF2

===========================================================================================
----------------- testing Wed Apr 10 16:28:25 UTC 2019 /home/travis/build/icyphy/ptII/ptolemy/actor/lib/test/auto/Const.xml
----------------- Instantiating /home/travis/build/icyphy/ptII/ptolemy/actor/lib/test/auto/Const.xml
1 ms. Memory: 880640K Free: 331748K (38%)
----------------- Invoking toplevel() on ptolemy.moml.MoMLSimpleApplication@7843cfe
----------------- Done invoking toplevel() on ptolemy.moml.MoMLSimpleApplication@7843cfe
reloadAllAccessors: .Const

===========================================================================================
----------------- testing Wed Apr 10 16:28:25 UTC 2019 /home/travis/build/icyphy/ptII/ptolemy/actor/lib/test/auto/Const2.xml
----------------- Instantiating /home/travis/build/icyphy/ptII/ptolemy/actor/lib/test/auto/Const2.xml
2 ms. Memory: 880640K Free: 321337K (36%)
----------------- Invoking toplevel() on ptolemy.moml.MoMLSimpleApplication@5489d485
----------------- Done invoking toplevel() on ptolemy.moml.MoMLSimpleApplication@5489d485
reloadAllAccessors: .Const2

===========================================================================================
----------------- testing Wed Apr 10 16:28:25 UTC 2019 /home/travis/build/icyphy/ptII/ptolemy/actor/lib/test/auto/Const3.xml
----------------- Instantiating /home/travis/build/icyphy/ptII/ptolemy/actor/lib/test/auto/Const3.xml
1 ms. Memory: 880640K Free: 301309K (34%)
----------------- Invoking toplevel() on ptolemy.moml.MoMLSimpleApplication@31b4ec79
----------------- Done invoking toplevel() on ptolemy.moml.MoMLSimpleApplication@31b4ec79
reloadAllAccessors: .Const3

===========================================================================================
----------------- testing Wed Apr 10 16:28:25 UTC 2019 /home/travis/build/icyphy/ptII/ptolemy/actor/lib/test/auto/ConstantPublisherPort1.xml
----------------- Instantiating /home/travis/build/icyphy/ptII/ptolemy/actor/lib/test/auto/ConstantPublisherPort1.xml
6 ms. Memory: 880640K Free: 285677K (32%)
----------------- Invoking toplevel() on ptolemy.moml.MoMLSimpleApplication@594a6a0b
----------------- Done invoking toplevel() on ptolemy.moml.MoMLSimpleApplication@594a6a0b
reloadAllAccessors: .ConstantPublisherPort1

===========================================================================================
----------------- testing Wed Apr 10 16:28:25 UTC 2019 /home/travis/build/icyphy/ptII/ptolemy/actor/lib/test/auto/ConstantPublisherPort2.xml
----------------- Instantiating /home/travis/build/icyphy/ptII/ptolemy/actor/lib/test/auto/ConstantPublisherPort2.xml
4 ms. Memory: 880640K Free: 275266K (31%)
----------------- Invoking toplevel() on ptolemy.moml.MoMLSimpleApplication@2042d428
----------------- Done invoking toplevel() on ptolemy.moml.MoMLSimpleApplication@2042d428
reloadAllAccessors: .ConstantPublisherPort2

===========================================================================================
----------------- testing Wed Apr 10 16:28:25 UTC 2019 /home/travis/build/icyphy/ptII/ptolemy/actor/lib/test/auto/ConstantPublisherPort3.xml
----------------- Instantiating /home/travis/build/icyphy/ptII/ptolemy/actor/lib/test/auto/ConstantPublisherPort3.xml
4 ms. Memory: 880640K Free: 264855K (30%)
----------------- Invoking toplevel() on ptolemy.moml.MoMLSimpleApplication@131381f6
----------------- Done invoking toplevel() on ptolemy.moml.MoMLSimpleApplication@131381f6
reloadAllAccessors: .ConstantPublisherPort3

===========================================================================================
----------------- testing Wed Apr 10 16:28:25 UTC 2019 /home/travis/build/icyphy/ptII/ptolemy/actor/lib/test/auto/ConstantPublisherPort4.xml
----------------- Instantiating /home/travis/build/icyphy/ptII/ptolemy/actor/lib/test/auto/ConstantPublisherPort4.xml
3 ms. Memory: 880640K Free: 244827K (28%)
----------------- Invoking toplevel() on ptolemy.moml.MoMLSimpleApplication@17750e44
----------------- Done invoking toplevel() on ptolemy.moml.MoMLSimpleApplication@17750e44
reloadAllAccessors: .ConstantPublisherPort4

===========================================================================================
----------------- testing Wed Apr 10 16:28:25 UTC 2019 /home/travis/build/icyphy/ptII/ptolemy/actor/lib/test/auto/ConstantPublisherPort5.xml
----------------- Instantiating /home/travis/build/icyphy/ptII/ptolemy/actor/lib/test/auto/ConstantPublisherPort5.xml
21 ms. Memory: 880640K Free: 218792K (25%)
----------------- Invoking toplevel() on ptolemy.moml.MoMLSimpleApplication@47814f76
----------------- Done invoking toplevel() on ptolemy.moml.MoMLSimpleApplication@47814f76
reloadAllAccessors: .ConstantPublisherPort5

===========================================================================================
----------------- testing Wed Apr 10 16:28:25 UTC 2019 /home/travis/build/icyphy/ptII/ptolemy/actor/lib/test/auto/ConstantPublisherPort6.xml
----------------- Instantiating /home/travis/build/icyphy/ptII/ptolemy/actor/lib/test/auto/ConstantPublisherPort6.xml
25 ms. Memory: 880640K Free: 192765K (22%)
----------------- Invoking toplevel() on ptolemy.moml.MoMLSimpleApplication@34da2922
----------------- Done invoking toplevel() on ptolemy.moml.MoMLSimpleApplication@34da2922
reloadAllAccessors: .ConstantPublisherPort6

===========================================================================================
----------------- testing Wed Apr 10 16:28:25 UTC 2019 /home/travis/build/icyphy/ptII/ptolemy/actor/lib/test/auto/ConstantPublisherPort7.xml
----------------- Instantiating /home/travis/build/icyphy/ptII/ptolemy/actor/lib/test/auto/ConstantPublisherPort7.xml
16 ms. Memory: 880640K Free: 166739K (19%)
----------------- Invoking toplevel() on ptolemy.moml.MoMLSimpleApplication@2269a3b3
----------------- Done invoking toplevel() on ptolemy.moml.MoMLSimpleApplication@2269a3b3
reloadAllAccessors: .ConstantPublisherPort7

===========================================================================================
----------------- testing Wed Apr 10 16:28:25 UTC 2019 /home/travis/build/icyphy/ptII/ptolemy/actor/lib/test/auto/ConstraintMonitor1.xml
----------------- Instantiating /home/travis/build/icyphy/ptII/ptolemy/actor/lib/test/auto/ConstraintMonitor1.xml
3 ms. Memory: 880640K Free: 146710K (17%)
----------------- Invoking toplevel() on ptolemy.moml.MoMLSimpleApplication@4f886739
----------------- Done invoking toplevel() on ptolemy.moml.MoMLSimpleApplication@4f886739
reloadAllAccessors: .ConstraintMonitor1

===========================================================================================
----------------- testing Wed Apr 10 16:28:25 UTC 2019 /home/travis/build/icyphy/ptII/ptolemy/actor/lib/test/auto/ConstraintMonitor2.xml
----------------- Instantiating /home/travis/build/icyphy/ptII/ptolemy/actor/lib/test/auto/ConstraintMonitor2.xml
3 ms. Memory: 880640K Free: 136300K (15%)
----------------- Invoking toplevel() on ptolemy.moml.MoMLSimpleApplication@40507bd
----------------- Done invoking toplevel() on ptolemy.moml.MoMLSimpleApplication@40507bd
reloadAllAccessors: .ConstraintMonitor2

===========================================================================================
----------------- testing Wed Apr 10 16:28:25 UTC 2019 /home/travis/build/icyphy/ptII/ptolemy/actor/lib/test/auto/ConstraintMonitor3.xml
----------------- Instantiating /home/travis/build/icyphy/ptII/ptolemy/actor/lib/test/auto/ConstraintMonitor3.xml
3 ms. Memory: 880640K Free: 125889K (14%)
----------------- Invoking toplevel() on ptolemy.moml.MoMLSimpleApplication@58ec8a76
----------------- Done invoking toplevel() on ptolemy.moml.MoMLSimpleApplication@58ec8a76
reloadAllAccessors: .ConstraintMonitor3

===========================================================================================
----------------- testing Wed Apr 10 16:28:25 UTC 2019 /home/travis/build/icyphy/ptII/ptolemy/actor/lib/test/auto/ConstraintMonitor4.xml
----------------- Instantiating /home/travis/build/icyphy/ptII/ptolemy/actor/lib/test/auto/ConstraintMonitor4.xml
2 ms. Memory: 880640K Free: 115478K (13%)
----------------- Invoking toplevel() on ptolemy.moml.MoMLSimpleApplication@3392d571
----------------- Done invoking toplevel() on ptolemy.moml.MoMLSimpleApplication@3392d571
reloadAllAccessors: .ConstraintMonitor4

===========================================================================================
----------------- testing Wed Apr 10 16:28:25 UTC 2019 /home/travis/build/icyphy/ptII/ptolemy/actor/lib/test/auto/ConstraintMonitor5.xml
----------------- Instantiating /home/travis/build/icyphy/ptII/ptolemy/actor/lib/test/auto/ConstraintMonitor5.xml
1 ms. Memory: 880640K Free: 95450K (11%)
----------------- Invoking toplevel() on ptolemy.moml.MoMLSimpleApplication@377d06fd
----------------- Done invoking toplevel() on ptolemy.moml.MoMLSimpleApplication@377d06fd
reloadAllAccessors: .ConstraintMonitor5

===========================================================================================
----------------- testing Wed Apr 10 16:28:25 UTC 2019 /home/travis/build/icyphy/ptII/ptolemy/actor/lib/test/auto/ConstraintMonitor6.xml
----------------- Instantiating /home/travis/build/icyphy/ptII/ptolemy/actor/lib/test/auto/ConstraintMonitor6.xml
3 ms. Memory: 880640K Free: 85039K (10%)
----------------- Invoking toplevel() on ptolemy.moml.MoMLSimpleApplication@d7d6704
----------------- Done invoking toplevel() on ptolemy.moml.MoMLSimpleApplication@d7d6704
reloadAllAccessors: .ConstraintMonitor6

===========================================================================================
----------------- testing Wed Apr 10 16:28:25 UTC 2019 /home/travis/build/icyphy/ptII/ptolemy/actor/lib/test/auto/ConstraintMonitor7.xml
----------------- Instantiating /home/travis/build/icyphy/ptII/ptolemy/actor/lib/test/auto/ConstraintMonitor7.xml
3 ms. Memory: 880640K Free: 74628K (8%)
----------------- Invoking toplevel() on ptolemy.moml.MoMLSimpleApplication@1b674c71
----------------- Done invoking toplevel() on ptolemy.moml.MoMLSimpleApplication@1b674c71
reloadAllAccessors: .ConstraintMonitor7

===========================================================================================
----------------- testing Wed Apr 10 16:28:25 UTC 2019 /home/travis/build/icyphy/ptII/ptolemy/actor/lib/test/auto/ConstraintMonitor8.xml
----------------- Instantiating /home/travis/build/icyphy/ptII/ptolemy/actor/lib/test/auto/ConstraintMonitor8.xml
6 ms. Memory: 880640K Free: 64218K (7%)
----------------- Invoking toplevel() on ptolemy.moml.MoMLSimpleApplication@78509667
----------------- Done invoking toplevel() on ptolemy.moml.MoMLSimpleApplication@78509667
reloadAllAccessors: .ConstraintMonitor8

===========================================================================================
----------------- testing Wed Apr 10 16:28:25 UTC 2019 /home/travis/build/icyphy/ptII/ptolemy/actor/lib/test/auto/Counter.xml
----------------- Instantiating /home/travis/build/icyphy/ptII/ptolemy/actor/lib/test/auto/Counter.xml
30 ms. Memory: 881664K Free: 835551K (95%)
----------------- Invoking toplevel() on ptolemy.moml.MoMLSimpleApplication@780fcfe6
----------------- Done invoking toplevel() on ptolemy.moml.MoMLSimpleApplication@780fcfe6
reloadAllAccessors: .Counter

===========================================================================================
----------------- testing Wed Apr 10 16:28:25 UTC 2019 /home/travis/build/icyphy/ptII/ptolemy/actor/lib/test/auto/CurrentTimeSDF.xml
----------------- Instantiating /home/travis/build/icyphy/ptII/ptolemy/actor/lib/test/auto/CurrentTimeSDF.xml
1 ms. Memory: 881664K Free: 810294K (92%)
----------------- Invoking toplevel() on ptolemy.moml.MoMLSimpleApplication@54d9ae27
----------------- Done invoking toplevel() on ptolemy.moml.MoMLSimpleApplication@54d9ae27
reloadAllAccessors: .CurrentTimeSDF

===========================================================================================
----------------- testing Wed Apr 10 16:28:25 UTC 2019 /home/travis/build/icyphy/ptII/ptolemy/actor/lib/test/auto/DB.xml
----------------- Instantiating /home/travis/build/icyphy/ptII/ptolemy/actor/lib/test/auto/DB.xml
3 ms. Memory: 881664K Free: 799883K (91%)
----------------- Invoking toplevel() on ptolemy.moml.MoMLSimpleApplication@37616424
----------------- Done invoking toplevel() on ptolemy.moml.MoMLSimpleApplication@37616424
reloadAllAccessors: .DB

===========================================================================================
----------------- testing Wed Apr 10 16:28:25 UTC 2019 /home/travis/build/icyphy/ptII/ptolemy/actor/lib/test/auto/DBDE.xml
----------------- Instantiating /home/travis/build/icyphy/ptII/ptolemy/actor/lib/test/auto/DBDE.xml
2 ms. Memory: 881664K Free: 789473K (90%)
----------------- Invoking toplevel() on ptolemy.moml.MoMLSimpleApplication@246ea3d6
----------------- Done invoking toplevel() on ptolemy.moml.MoMLSimpleApplication@246ea3d6
reloadAllAccessors: .DBDE

===========================================================================================
----------------- testing Wed Apr 10 16:28:25 UTC 2019 /home/travis/build/icyphy/ptII/ptolemy/actor/lib/test/auto/DateConstructor.xml
----------------- Instantiating /home/travis/build/icyphy/ptII/ptolemy/actor/lib/test/auto/DateConstructor.xml
15 ms. Memory: 881664K Free: 761588K (86%)
----------------- Invoking toplevel() on ptolemy.moml.MoMLSimpleApplication@5aff483f
----------------- Done invoking toplevel() on ptolemy.moml.MoMLSimpleApplication@5aff483f
reloadAllAccessors: .DateConstructor

===========================================================================================
----------------- testing Wed Apr 10 16:28:25 UTC 2019 /home/travis/build/icyphy/ptII/ptolemy/actor/lib/test/auto/DelayTime.xml
----------------- Instantiating /home/travis/build/icyphy/ptII/ptolemy/actor/lib/test/auto/DelayTime.xml
2 ms. Memory: 881664K Free: 751178K (85%)
----------------- Invoking toplevel() on ptolemy.moml.MoMLSimpleApplication@9f94864
----------------- Done invoking toplevel() on ptolemy.moml.MoMLSimpleApplication@9f94864
reloadAllAccessors: .DelayTime

===========================================================================================
----------------- testing Wed Apr 10 16:28:25 UTC 2019 /home/travis/build/icyphy/ptII/ptolemy/actor/lib/test/auto/Dictionary1.xml
----------------- Instantiating /home/travis/build/icyphy/ptII/ptolemy/actor/lib/test/auto/Dictionary1.xml
1 ms. Memory: 881664K Free: 740767K (84%)
----------------- Invoking toplevel() on ptolemy.moml.MoMLSimpleApplication@608612fa
----------------- Done invoking toplevel() on ptolemy.moml.MoMLSimpleApplication@608612fa
reloadAllAccessors: .Dictionary1

===========================================================================================
----------------- testing Wed Apr 10 16:28:25 UTC 2019 /home/travis/build/icyphy/ptII/ptolemy/actor/lib/test/auto/Dictionary2.xml
----------------- Instantiating /home/travis/build/icyphy/ptII/ptolemy/actor/lib/test/auto/Dictionary2.xml
4 ms. Memory: 881664K Free: 723293K (82%)
----------------- Invoking toplevel() on ptolemy.moml.MoMLSimpleApplication@5e1c8126
----------------- Done invoking toplevel() on ptolemy.moml.MoMLSimpleApplication@5e1c8126
reloadAllAccessors: .Dictionary2

===========================================================================================
----------------- testing Wed Apr 10 16:28:25 UTC 2019 /home/travis/build/icyphy/ptII/ptolemy/actor/lib/test/auto/Dictionary3.xml
----------------- Instantiating /home/travis/build/icyphy/ptII/ptolemy/actor/lib/test/auto/Dictionary3.xml
1 ms. Memory: 881664K Free: 712883K (81%)
----------------- Invoking toplevel() on ptolemy.moml.MoMLSimpleApplication@a4748aa
----------------- Done invoking toplevel() on ptolemy.moml.MoMLSimpleApplication@a4748aa
reloadAllAccessors: .Dictionary3

===========================================================================================
----------------- testing Wed Apr 10 16:28:25 UTC 2019 /home/travis/build/icyphy/ptII/ptolemy/actor/lib/test/auto/Dictionary4.xml
----------------- Instantiating /home/travis/build/icyphy/ptII/ptolemy/actor/lib/test/auto/Dictionary4.xml
5 ms. Memory: 881664K Free: 702472K (80%)
----------------- Invoking toplevel() on ptolemy.moml.MoMLSimpleApplication@993c51b
----------------- Done invoking toplevel() on ptolemy.moml.MoMLSimpleApplication@993c51b
reloadAllAccessors: .Dictionary4

===========================================================================================
----------------- testing Wed Apr 10 16:28:25 UTC 2019 /home/travis/build/icyphy/ptII/ptolemy/actor/lib/test/auto/Differential.xml
----------------- Instantiating /home/travis/build/icyphy/ptII/ptolemy/actor/lib/test/auto/Differential.xml
3 ms. Memory: 881664K Free: 684998K (78%)
----------------- Invoking toplevel() on ptolemy.moml.MoMLSimpleApplication@667dc133
----------------- Done invoking toplevel() on ptolemy.moml.MoMLSimpleApplication@667dc133
reloadAllAccessors: .Differential

===========================================================================================
----------------- testing Wed Apr 10 16:28:25 UTC 2019 /home/travis/build/icyphy/ptII/ptolemy/actor/lib/test/auto/Director.xml
----------------- Instantiating /home/travis/build/icyphy/ptII/ptolemy/actor/lib/test/auto/Director.xml
2 ms. Memory: 881664K Free: 674587K (77%)
----------------- Invoking toplevel() on ptolemy.moml.MoMLSimpleApplication@7fca2849
----------------- Done invoking toplevel() on ptolemy.moml.MoMLSimpleApplication@7fca2849
reloadAllAccessors: .Director

===========================================================================================
----------------- testing Wed Apr 10 16:28:25 UTC 2019 /home/travis/build/icyphy/ptII/ptolemy/actor/lib/test/auto/DiscreteClock.xml
----------------- Instantiating /home/travis/build/icyphy/ptII/ptolemy/actor/lib/test/auto/DiscreteClock.xml
2 ms. Memory: 881664K Free: 664176K (75%)
----------------- Invoking toplevel() on ptolemy.moml.MoMLSimpleApplication@3730c225
----------------- Done invoking toplevel() on ptolemy.moml.MoMLSimpleApplication@3730c225
reloadAllAccessors: .DiscreteClock

===========================================================================================
----------------- testing Wed Apr 10 16:28:25 UTC 2019 /home/travis/build/icyphy/ptII/ptolemy/actor/lib/test/auto/DiscreteClock10.xml
----------------- Instantiating /home/travis/build/icyphy/ptII/ptolemy/actor/lib/test/auto/DiscreteClock10.xml
1 ms. Memory: 881664K Free: 646702K (73%)
----------------- Invoking toplevel() on ptolemy.moml.MoMLSimpleApplication@49a994dc
----------------- Done invoking toplevel() on ptolemy.moml.MoMLSimpleApplication@49a994dc
reloadAllAccessors: .DiscreteClock10

===========================================================================================
----------------- testing Wed Apr 10 16:28:26 UTC 2019 /home/travis/build/icyphy/ptII/ptolemy/actor/lib/test/auto/DiscreteClock11.xml
----------------- Instantiating /home/travis/build/icyphy/ptII/ptolemy/actor/lib/test/auto/DiscreteClock11.xml
2 ms. Memory: 881664K Free: 636292K (72%)
----------------- Invoking toplevel() on ptolemy.moml.MoMLSimpleApplication@6c76aa8b
----------------- Done invoking toplevel() on ptolemy.moml.MoMLSimpleApplication@6c76aa8b
reloadAllAccessors: .DiscreteClock11

===========================================================================================
----------------- testing Wed Apr 10 16:28:26 UTC 2019 /home/travis/build/icyphy/ptII/ptolemy/actor/lib/test/auto/DiscreteClock12.xml
----------------- Instantiating /home/travis/build/icyphy/ptII/ptolemy/actor/lib/test/auto/DiscreteClock12.xml
3 ms. Memory: 881664K Free: 625881K (71%)
----------------- Invoking toplevel() on ptolemy.moml.MoMLSimpleApplication@3a7b4a4d
----------------- Done invoking toplevel() on ptolemy.moml.MoMLSimpleApplication@3a7b4a4d
reloadAllAccessors: .DiscreteClock12

===========================================================================================
----------------- testing Wed Apr 10 16:28:26 UTC 2019 /home/travis/build/icyphy/ptII/ptolemy/actor/lib/test/auto/DiscreteClock13.xml
----------------- Instantiating /home/travis/build/icyphy/ptII/ptolemy/actor/lib/test/auto/DiscreteClock13.xml
8 ms. Memory: 881664K Free: 608407K (69%)
----------------- Invoking toplevel() on ptolemy.moml.MoMLSimpleApplication@1e0801c9
----------------- Done invoking toplevel() on ptolemy.moml.MoMLSimpleApplication@1e0801c9
reloadAllAccessors: .DiscreteClock13

===========================================================================================
----------------- testing Wed Apr 10 16:28:26 UTC 2019 /home/travis/build/icyphy/ptII/ptolemy/actor/lib/test/auto/DiscreteClock14.xml
----------------- Instantiating /home/travis/build/icyphy/ptII/ptolemy/actor/lib/test/auto/DiscreteClock14.xml
7 ms. Memory: 881664K Free: 597997K (68%)
----------------- Invoking toplevel() on ptolemy.moml.MoMLSimpleApplication@707939a4
----------------- Done invoking toplevel() on ptolemy.moml.MoMLSimpleApplication@707939a4
reloadAllAccessors: .DiscreteClock14

===========================================================================================
----------------- testing Wed Apr 10 16:28:26 UTC 2019 /home/travis/build/icyphy/ptII/ptolemy/actor/lib/test/auto/DiscreteClock15.xml
----------------- Instantiating /home/travis/build/icyphy/ptII/ptolemy/actor/lib/test/auto/DiscreteClock15.xml
5 ms. Memory: 881664K Free: 587586K (67%)
----------------- Invoking toplevel() on ptolemy.moml.MoMLSimpleApplication@bd45ad5
----------------- Done invoking toplevel() on ptolemy.moml.MoMLSimpleApplication@bd45ad5
reloadAllAccessors: .DiscreteClock15

===========================================================================================
----------------- testing Wed Apr 10 16:28:26 UTC 2019 /home/travis/build/icyphy/ptII/ptolemy/actor/lib/test/auto/DiscreteClock16.xml
----------------- Instantiating /home/travis/build/icyphy/ptII/ptolemy/actor/lib/test/auto/DiscreteClock16.xml
14 ms. Memory: 881664K Free: 564891K (64%)
----------------- Invoking toplevel() on ptolemy.moml.MoMLSimpleApplication@4916ba67
----------------- Done invoking toplevel() on ptolemy.moml.MoMLSimpleApplication@4916ba67
reloadAllAccessors: .DiscreteClock16

===========================================================================================
----------------- testing Wed Apr 10 16:28:26 UTC 2019 /home/travis/build/icyphy/ptII/ptolemy/actor/lib/test/auto/DiscreteClock17.xml
----------------- Instantiating /home/travis/build/icyphy/ptII/ptolemy/actor/lib/test/auto/DiscreteClock17.xml
15 ms. Memory: 881664K Free: 549259K (62%)
----------------- Invoking toplevel() on ptolemy.moml.MoMLSimpleApplication@b4474dd
----------------- Done invoking toplevel() on ptolemy.moml.MoMLSimpleApplication@b4474dd
reloadAllAccessors: .DiscreteClock17

===========================================================================================
----------------- testing Wed Apr 10 16:28:26 UTC 2019 /home/travis/build/icyphy/ptII/ptolemy/actor/lib/test/auto/DiscreteClock18.xml
----------------- Instantiating /home/travis/build/icyphy/ptII/ptolemy/actor/lib/test/auto/DiscreteClock18.xml
12 ms. Memory: 881664K Free: 533627K (61%)
----------------- Invoking toplevel() on ptolemy.moml.MoMLSimpleApplication@e0a8197
----------------- Done invoking toplevel() on ptolemy.moml.MoMLSimpleApplication@e0a8197
reloadAllAccessors: .DiscreteClock18

===========================================================================================
----------------- testing Wed Apr 10 16:28:26 UTC 2019 /home/travis/build/icyphy/ptII/ptolemy/actor/lib/test/auto/DiscreteClock19.xml
----------------- Instantiating /home/travis/build/icyphy/ptII/ptolemy/actor/lib/test/auto/DiscreteClock19.xml
13 ms. Memory: 881664K Free: 510932K (58%)
----------------- Invoking toplevel() on ptolemy.moml.MoMLSimpleApplication@66051807
----------------- Done invoking toplevel() on ptolemy.moml.MoMLSimpleApplication@66051807
reloadAllAccessors: .DiscreteClock19

===========================================================================================
----------------- testing Wed Apr 10 16:28:26 UTC 2019 /home/travis/build/icyphy/ptII/ptolemy/actor/lib/test/auto/DiscreteClock2.xml
----------------- Instantiating /home/travis/build/icyphy/ptII/ptolemy/actor/lib/test/auto/DiscreteClock2.xml
5 ms. Memory: 881664K Free: 500521K (57%)
----------------- Invoking toplevel() on ptolemy.moml.MoMLSimpleApplication@36612ffd
----------------- Done invoking toplevel() on ptolemy.moml.MoMLSimpleApplication@36612ffd
reloadAllAccessors: .DiscreteClock2

===========================================================================================
----------------- testing Wed Apr 10 16:28:26 UTC 2019 /home/travis/build/icyphy/ptII/ptolemy/actor/lib/test/auto/DiscreteClock20.xml
----------------- Instantiating /home/travis/build/icyphy/ptII/ptolemy/actor/lib/test/auto/DiscreteClock20.xml
7 ms. Memory: 881664K Free: 490110K (56%)
----------------- Invoking toplevel() on ptolemy.moml.MoMLSimpleApplication@7c2182c2
----------------- Done invoking toplevel() on ptolemy.moml.MoMLSimpleApplication@7c2182c2
reloadAllAccessors: .DiscreteClock20

===========================================================================================
----------------- testing Wed Apr 10 16:28:26 UTC 2019 /home/travis/build/icyphy/ptII/ptolemy/actor/lib/test/auto/DiscreteClock21.xml
----------------- Instantiating /home/travis/build/icyphy/ptII/ptolemy/actor/lib/test/auto/DiscreteClock21.xml
6 ms. Memory: 881664K Free: 472637K (54%)
----------------- Invoking toplevel() on ptolemy.moml.MoMLSimpleApplication@173c858f
----------------- Done invoking toplevel() on ptolemy.moml.MoMLSimpleApplication@173c858f
reloadAllAccessors: .DiscreteClock21

===========================================================================================
----------------- testing Wed Apr 10 16:28:26 UTC 2019 /home/travis/build/icyphy/ptII/ptolemy/actor/lib/test/auto/DiscreteClock22.xml
----------------- Instantiating /home/travis/build/icyphy/ptII/ptolemy/actor/lib/test/auto/DiscreteClock22.xml
6 ms. Memory: 881664K Free: 462226K (52%)
----------------- Invoking toplevel() on ptolemy.moml.MoMLSimpleApplication@cbec1f1
----------------- Done invoking toplevel() on ptolemy.moml.MoMLSimpleApplication@cbec1f1
reloadAllAccessors: .DiscreteClock22

===========================================================================================
----------------- testing Wed Apr 10 16:28:26 UTC 2019 /home/travis/build/icyphy/ptII/ptolemy/actor/lib/test/auto/DiscreteClock23.xml
----------------- Instantiating /home/travis/build/icyphy/ptII/ptolemy/actor/lib/test/auto/DiscreteClock23.xml
6 ms. Memory: 881664K Free: 451815K (51%)
----------------- Invoking toplevel() on ptolemy.moml.MoMLSimpleApplication@3600710
----------------- Done invoking toplevel() on ptolemy.moml.MoMLSimpleApplication@3600710
reloadAllAccessors: .DiscreteClock23

===========================================================================================
----------------- testing Wed Apr 10 16:28:26 UTC 2019 /home/travis/build/icyphy/ptII/ptolemy/actor/lib/test/auto/DiscreteClock24.xml
----------------- Instantiating /home/travis/build/icyphy/ptII/ptolemy/actor/lib/test/auto/DiscreteClock24.xml
5 ms. Memory: 1369600K Free: 1316651K (96%)
----------------- Invoking toplevel() on ptolemy.moml.MoMLSimpleApplication@fa623d
----------------- Done invoking toplevel() on ptolemy.moml.MoMLSimpleApplication@fa623d
reloadAllAccessors: .DiscreteClock24

===========================================================================================
----------------- testing Wed Apr 10 16:28:26 UTC 2019 /home/travis/build/icyphy/ptII/ptolemy/actor/lib/test/auto/DiscreteClock4.xml
----------------- Instantiating /home/travis/build/icyphy/ptII/ptolemy/actor/lib/test/auto/DiscreteClock4.xml
1 ms. Memory: 1369600K Free: 1295220K (95%)
----------------- Invoking toplevel() on ptolemy.moml.MoMLSimpleApplication@21798b71
----------------- Done invoking toplevel() on ptolemy.moml.MoMLSimpleApplication@21798b71
reloadAllAccessors: .DiscreteClock4

===========================================================================================
----------------- testing Wed Apr 10 16:28:26 UTC 2019 /home/travis/build/icyphy/ptII/ptolemy/actor/lib/test/auto/DiscreteClock5.xml
----------------- Instantiating /home/travis/build/icyphy/ptII/ptolemy/actor/lib/test/auto/DiscreteClock5.xml
1 ms. Memory: 1369600K Free: 1282727K (94%)
----------------- Invoking toplevel() on ptolemy.moml.MoMLSimpleApplication@787b621
----------------- Done invoking toplevel() on ptolemy.moml.MoMLSimpleApplication@787b621
reloadAllAccessors: .DiscreteClock5

===========================================================================================
----------------- testing Wed Apr 10 16:28:27 UTC 2019 /home/travis/build/icyphy/ptII/ptolemy/actor/lib/test/auto/DiscreteClock6.xml
----------------- Instantiating /home/travis/build/icyphy/ptII/ptolemy/actor/lib/test/auto/DiscreteClock6.xml
1 ms. Memory: 1369600K Free: 1270234K (93%)
----------------- Invoking toplevel() on ptolemy.moml.MoMLSimpleApplication@516e3197
----------------- Done invoking toplevel() on ptolemy.moml.MoMLSimpleApplication@516e3197
reloadAllAccessors: .DiscreteClock6

===========================================================================================
----------------- testing Wed Apr 10 16:28:27 UTC 2019 /home/travis/build/icyphy/ptII/ptolemy/actor/lib/test/auto/DiscreteClock7.xml
----------------- Instantiating /home/travis/build/icyphy/ptII/ptolemy/actor/lib/test/auto/DiscreteClock7.xml
2 ms. Memory: 1369600K Free: 1248803K (91%)
----------------- Invoking toplevel() on ptolemy.moml.MoMLSimpleApplication@35befe1a
----------------- Done invoking toplevel() on ptolemy.moml.MoMLSimpleApplication@35befe1a
reloadAllAccessors: .DiscreteClock7

===========================================================================================
----------------- testing Wed Apr 10 16:28:27 UTC 2019 /home/travis/build/icyphy/ptII/ptolemy/actor/lib/test/auto/DiscreteClock8.xml
----------------- Instantiating /home/travis/build/icyphy/ptII/ptolemy/actor/lib/test/auto/DiscreteClock8.xml
6 ms. Memory: 1369600K Free: 1236310K (90%)
----------------- Invoking toplevel() on ptolemy.moml.MoMLSimpleApplication@7549ede5
----------------- Done invoking toplevel() on ptolemy.moml.MoMLSimpleApplication@7549ede5
reloadAllAccessors: .DiscreteClock8

===========================================================================================
----------------- testing Wed Apr 10 16:28:27 UTC 2019 /home/travis/build/icyphy/ptII/ptolemy/actor/lib/test/auto/DiscreteClock9.xml
----------------- Instantiating /home/travis/build/icyphy/ptII/ptolemy/actor/lib/test/auto/DiscreteClock9.xml
6 ms. Memory: 1369600K Free: 1223817K (89%)
----------------- Invoking toplevel() on ptolemy.moml.MoMLSimpleApplication@58292725
----------------- Done invoking toplevel() on ptolemy.moml.MoMLSimpleApplication@58292725
reloadAllAccessors: .DiscreteClock9

===========================================================================================
----------------- testing Wed Apr 10 16:28:27 UTC 2019 /home/travis/build/icyphy/ptII/ptolemy/actor/lib/test/auto/DisplayArray.xml
----------------- Instantiating /home/travis/build/icyphy/ptII/ptolemy/actor/lib/test/auto/DisplayArray.xml
1 ms. Memory: 1369600K Free: 1211324K (88%)
----------------- Invoking toplevel() on ptolemy.moml.MoMLSimpleApplication@4e072d34
----------------- Done invoking toplevel() on ptolemy.moml.MoMLSimpleApplication@4e072d34
reloadAllAccessors: .DisplayArray

===========================================================================================
----------------- testing Wed Apr 10 16:28:27 UTC 2019 /home/travis/build/icyphy/ptII/ptolemy/actor/lib/test/auto/Distributor.xml
----------------- Instantiating /home/travis/build/icyphy/ptII/ptolemy/actor/lib/test/auto/Distributor.xml
1 ms. Memory: 1369600K Free: 1189893K (87%)
----------------- Invoking toplevel() on ptolemy.moml.MoMLSimpleApplication@40910fa
----------------- Done invoking toplevel() on ptolemy.moml.MoMLSimpleApplication@40910fa
reloadAllAccessors: .Distributor

===========================================================================================
----------------- testing Wed Apr 10 16:28:27 UTC 2019 /home/travis/build/icyphy/ptII/ptolemy/actor/lib/test/auto/Distributor2.xml
----------------- Instantiating /home/travis/build/icyphy/ptII/ptolemy/actor/lib/test/auto/Distributor2.xml
2 ms. Memory: 1369600K Free: 1177400K (86%)
----------------- Invoking toplevel() on ptolemy.moml.MoMLSimpleApplication@6450abc2
----------------- Done invoking toplevel() on ptolemy.moml.MoMLSimpleApplication@6450abc2
reloadAllAccessors: .Distributor2

===========================================================================================
----------------- testing Wed Apr 10 16:28:27 UTC 2019 /home/travis/build/icyphy/ptII/ptolemy/actor/lib/test/auto/DownSample.xml
----------------- Instantiating /home/travis/build/icyphy/ptII/ptolemy/actor/lib/test/auto/DownSample.xml
1 ms. Memory: 1369600K Free: 1164907K (85%)
----------------- Invoking toplevel() on ptolemy.moml.MoMLSimpleApplication@15a369cf
----------------- Done invoking toplevel() on ptolemy.moml.MoMLSimpleApplication@15a369cf
reloadAllAccessors: .DownSample

===========================================================================================
----------------- testing Wed Apr 10 16:28:27 UTC 2019 /home/travis/build/icyphy/ptII/ptolemy/actor/lib/test/auto/ElectronicUnitBase1.xml
----------------- Instantiating /home/travis/build/icyphy/ptII/ptolemy/actor/lib/test/auto/ElectronicUnitBase1.xml
20 ms. Memory: 1369600K Free: 1139897K (83%)
----------------- Invoking toplevel() on ptolemy.moml.MoMLSimpleApplication@25be2b9d
----------------- Done invoking toplevel() on ptolemy.moml.MoMLSimpleApplication@25be2b9d
reloadAllAccessors: .ElectronicUnitBase1

===========================================================================================
----------------- testing Wed Apr 10 16:28:27 UTC 2019 /home/travis/build/icyphy/ptII/ptolemy/actor/lib/test/auto/ElementsToArray.xml
----------------- Instantiating /home/travis/build/icyphy/ptII/ptolemy/actor/lib/test/auto/ElementsToArray.xml
5 ms. Memory: 1369600K Free: 1118466K (82%)
----------------- Invoking toplevel() on ptolemy.moml.MoMLSimpleApplication@3f640e1b
----------------- Done invoking toplevel() on ptolemy.moml.MoMLSimpleApplication@3f640e1b
reloadAllAccessors: .ElementsToArray

===========================================================================================
----------------- testing Wed Apr 10 16:28:27 UTC 2019 /home/travis/build/icyphy/ptII/ptolemy/actor/lib/test/auto/Equals.xml
----------------- Instantiating /home/travis/build/icyphy/ptII/ptolemy/actor/lib/test/auto/Equals.xml
1 ms. Memory: 1369600K Free: 1105973K (81%)
----------------- Invoking toplevel() on ptolemy.moml.MoMLSimpleApplication@25c8485a
----------------- Done invoking toplevel() on ptolemy.moml.MoMLSimpleApplication@25c8485a
reloadAllAccessors: .Equals

===========================================================================================
----------------- testing Wed Apr 10 16:28:27 UTC 2019 /home/travis/build/icyphy/ptII/ptolemy/actor/lib/test/auto/Exec.xml
----------------- Instantiating /home/travis/build/icyphy/ptII/ptolemy/actor/lib/test/auto/Exec.xml
13 ms. Memory: 1369600K Free: 1074741K (78%)
----------------- Invoking toplevel() on ptolemy.moml.MoMLSimpleApplication@58354491
----------------- Done invoking toplevel() on ptolemy.moml.MoMLSimpleApplication@58354491
reloadAllAccessors: .Exec

===========================================================================================
----------------- testing Wed Apr 10 16:28:27 UTC 2019 /home/travis/build/icyphy/ptII/ptolemy/actor/lib/test/auto/ExecEnvironment.xml
----------------- Instantiating /home/travis/build/icyphy/ptII/ptolemy/actor/lib/test/auto/ExecEnvironment.xml
21 ms. Memory: 1369600K Free: 1049755K (77%)
----------------- Invoking toplevel() on ptolemy.moml.MoMLSimpleApplication@13c732a
----------------- Done invoking toplevel() on ptolemy.moml.MoMLSimpleApplication@13c732a
reloadAllAccessors: .ExecEnvironment

===========================================================================================
----------------- testing Wed Apr 10 16:28:27 UTC 2019 /home/travis/build/icyphy/ptII/ptolemy/actor/lib/test/auto/ExecNonZeroReturnOutput.xml
----------------- Instantiating /home/travis/build/icyphy/ptII/ptolemy/actor/lib/test/auto/ExecNonZeroReturnOutput.xml
128 ms. Memory: 1369600K Free: 947119K (69%)
----------------- Invoking toplevel() on ptolemy.moml.MoMLSimpleApplication@40cf9bfa
----------------- Done invoking toplevel() on ptolemy.moml.MoMLSimpleApplication@40cf9bfa
reloadAllAccessors: .ExecNonZeroReturnOutput

===========================================================================================
----------------- testing Wed Apr 10 16:28:27 UTC 2019 /home/travis/build/icyphy/ptII/ptolemy/actor/lib/test/auto/ExecRunDemos.xml
----------------- Instantiating /home/travis/build/icyphy/ptII/ptolemy/actor/lib/test/auto/ExecRunDemos.xml
Finished: 83 ms. Memory: 116224K Free: 100672K (87%)

Finished: 46 ms. Memory: 116224K Free: 97676K (84%)

Finished: 44 ms. Memory: 116224K Free: 98219K (85%)

Finished: 49 ms. Memory: 116224K Free: 99544K (86%)

Finished: 41 ms. Memory: 116224K Free: 100576K (87%)

9303 ms. Memory: 1369600K Free: 853405K (62%)
----------------- Invoking toplevel() on ptolemy.moml.MoMLSimpleApplication@52e59b38
----------------- Done invoking toplevel() on ptolemy.moml.MoMLSimpleApplication@52e59b38
reloadAllAccessors: .ExecRunDemos

===========================================================================================
----------------- testing Wed Apr 10 16:28:36 UTC 2019 /home/travis/build/icyphy/ptII/ptolemy/actor/lib/test/auto/ExecStop.xml
----------------- Instantiating /home/travis/build/icyphy/ptII/ptolemy/actor/lib/test/auto/ExecStop.xml
5011 ms. Memory: 1369600K Free: 659766K (48%)
----------------- Invoking toplevel() on ptolemy.moml.MoMLSimpleApplication@aa006d4
----------------- Done invoking toplevel() on ptolemy.moml.MoMLSimpleApplication@aa006d4
reloadAllAccessors: .ExecStop

===========================================================================================
----------------- testing Wed Apr 10 16:28:41 UTC 2019 /home/travis/build/icyphy/ptII/ptolemy/actor/lib/test/auto/ExecutionTimeSDF.xml
----------------- Instantiating /home/travis/build/icyphy/ptII/ptolemy/actor/lib/test/auto/ExecutionTimeSDF.xml
Fired ExecutionTime: -1877367296
Fired ExecutionTime: 944000000
Fired ExecutionTime: 1002800000
6006 ms. Memory: 1369600K Free: 632072K (46%)
----------------- Invoking toplevel() on ptolemy.moml.MoMLSimpleApplication@6755e33f
----------------- Done invoking toplevel() on ptolemy.moml.MoMLSimpleApplication@6755e33f
reloadAllAccessors: .ExecutionTimeSDF

===========================================================================================
----------------- testing Wed Apr 10 16:28:47 UTC 2019 /home/travis/build/icyphy/ptII/ptolemy/actor/lib/test/auto/Expression1.xml
----------------- Instantiating /home/travis/build/icyphy/ptII/ptolemy/actor/lib/test/auto/Expression1.xml
1 ms. Memory: 1369600K Free: 619579K (45%)
----------------- Invoking toplevel() on ptolemy.moml.MoMLSimpleApplication@1ca32d2b
----------------- Done invoking toplevel() on ptolemy.moml.MoMLSimpleApplication@1ca32d2b
reloadAllAccessors: .Expression1

===========================================================================================
----------------- testing Wed Apr 10 16:28:47 UTC 2019 /home/travis/build/icyphy/ptII/ptolemy/actor/lib/test/auto/Expression10.xml
----------------- Instantiating /home/travis/build/icyphy/ptII/ptolemy/actor/lib/test/auto/Expression10.xml
4 ms. Memory: 1369600K Free: 607086K (44%)
----------------- Invoking toplevel() on ptolemy.moml.MoMLSimpleApplication@599e0be4
----------------- Done invoking toplevel() on ptolemy.moml.MoMLSimpleApplication@599e0be4
reloadAllAccessors: .Expression10

===========================================================================================
----------------- testing Wed Apr 10 16:28:47 UTC 2019 /home/travis/build/icyphy/ptII/ptolemy/actor/lib/test/auto/Expression11.xml
----------------- Instantiating /home/travis/build/icyphy/ptII/ptolemy/actor/lib/test/auto/Expression11.xml
2 ms. Memory: 1369600K Free: 594593K (43%)
----------------- Invoking toplevel() on ptolemy.moml.MoMLSimpleApplication@cc83743
----------------- Done invoking toplevel() on ptolemy.moml.MoMLSimpleApplication@cc83743
reloadAllAccessors: .Expression11

===========================================================================================
----------------- testing Wed Apr 10 16:28:47 UTC 2019 /home/travis/build/icyphy/ptII/ptolemy/actor/lib/test/auto/Expression12.xml
----------------- Instantiating /home/travis/build/icyphy/ptII/ptolemy/actor/lib/test/auto/Expression12.xml
2 ms. Memory: 1369600K Free: 573161K (42%)
----------------- Invoking toplevel() on ptolemy.moml.MoMLSimpleApplication@69ab1817
----------------- Done invoking toplevel() on ptolemy.moml.MoMLSimpleApplication@69ab1817
reloadAllAccessors: .Expression12

===========================================================================================
----------------- testing Wed Apr 10 16:28:47 UTC 2019 /home/travis/build/icyphy/ptII/ptolemy/actor/lib/test/auto/Expression13.xml
----------------- Instantiating /home/travis/build/icyphy/ptII/ptolemy/actor/lib/test/auto/Expression13.xml
2 ms. Memory: 1369600K Free: 560669K (41%)
----------------- Invoking toplevel() on ptolemy.moml.MoMLSimpleApplication@2dbf21a9
----------------- Done invoking toplevel() on ptolemy.moml.MoMLSimpleApplication@2dbf21a9
reloadAllAccessors: .Expression13

===========================================================================================
----------------- testing Wed Apr 10 16:28:47 UTC 2019 /home/travis/build/icyphy/ptII/ptolemy/actor/lib/test/auto/Expression14.xml
----------------- Instantiating /home/travis/build/icyphy/ptII/ptolemy/actor/lib/test/auto/Expression14.xml
4 ms. Memory: 1369600K Free: 548176K (40%)
----------------- Invoking toplevel() on ptolemy.moml.MoMLSimpleApplication@35e28ebe
----------------- Done invoking toplevel() on ptolemy.moml.MoMLSimpleApplication@35e28ebe
reloadAllAccessors: .Expression14

===========================================================================================
----------------- testing Wed Apr 10 16:28:47 UTC 2019 /home/travis/build/icyphy/ptII/ptolemy/actor/lib/test/auto/Expression15.xml
----------------- Instantiating /home/travis/build/icyphy/ptII/ptolemy/actor/lib/test/auto/Expression15.xml
2 ms. Memory: 1369600K Free: 535683K (39%)
----------------- Invoking toplevel() on ptolemy.moml.MoMLSimpleApplication@7a5a2360
----------------- Done invoking toplevel() on ptolemy.moml.MoMLSimpleApplication@7a5a2360
reloadAllAccessors: .Expression15

===========================================================================================
----------------- testing Wed Apr 10 16:28:47 UTC 2019 /home/travis/build/icyphy/ptII/ptolemy/actor/lib/test/auto/Expression16.xml
----------------- Instantiating /home/travis/build/icyphy/ptII/ptolemy/actor/lib/test/auto/Expression16.xml
3 ms. Memory: 1369600K Free: 514252K (38%)
----------------- Invoking toplevel() on ptolemy.moml.MoMLSimpleApplication@768d7410
----------------- Done invoking toplevel() on ptolemy.moml.MoMLSimpleApplication@768d7410
reloadAllAccessors: .Expression16

===========================================================================================
----------------- testing Wed Apr 10 16:28:47 UTC 2019 /home/travis/build/icyphy/ptII/ptolemy/actor/lib/test/auto/Expression17.xml
----------------- Instantiating /home/travis/build/icyphy/ptII/ptolemy/actor/lib/test/auto/Expression17.xml
3 ms. Memory: 1369600K Free: 501759K (37%)
----------------- Invoking toplevel() on ptolemy.moml.MoMLSimpleApplication@75fb8880
----------------- Done invoking toplevel() on ptolemy.moml.MoMLSimpleApplication@75fb8880
reloadAllAccessors: .Expression17

===========================================================================================
----------------- testing Wed Apr 10 16:28:48 UTC 2019 /home/travis/build/icyphy/ptII/ptolemy/actor/lib/test/auto/Expression18.xml
----------------- Instantiating /home/travis/build/icyphy/ptII/ptolemy/actor/lib/test/auto/Expression18.xml
2 ms. Memory: 1369600K Free: 489266K (36%)
----------------- Invoking toplevel() on ptolemy.moml.MoMLSimpleApplication@7f4a9544
----------------- Done invoking toplevel() on ptolemy.moml.MoMLSimpleApplication@7f4a9544
reloadAllAccessors: .Expression18

===========================================================================================
----------------- testing Wed Apr 10 16:28:48 UTC 2019 /home/travis/build/icyphy/ptII/ptolemy/actor/lib/test/auto/Expression2.xml
----------------- Instantiating /home/travis/build/icyphy/ptII/ptolemy/actor/lib/test/auto/Expression2.xml
3 ms. Memory: 1369600K Free: 476773K (35%)
----------------- Invoking toplevel() on ptolemy.moml.MoMLSimpleApplication@303607f4
----------------- Done invoking toplevel() on ptolemy.moml.MoMLSimpleApplication@303607f4
reloadAllAccessors: .Expression2

===========================================================================================
----------------- testing Wed Apr 10 16:28:48 UTC 2019 /home/travis/build/icyphy/ptII/ptolemy/actor/lib/test/auto/Expression3.xml
----------------- Instantiating /home/travis/build/icyphy/ptII/ptolemy/actor/lib/test/auto/Expression3.xml
3 ms. Memory: 1369600K Free: 455341K (33%)
----------------- Invoking toplevel() on ptolemy.moml.MoMLSimpleApplication@3f95aba5
----------------- Done invoking toplevel() on ptolemy.moml.MoMLSimpleApplication@3f95aba5
reloadAllAccessors: .Expression3

===========================================================================================
----------------- testing Wed Apr 10 16:28:48 UTC 2019 /home/travis/build/icyphy/ptII/ptolemy/actor/lib/test/auto/Expression4.xml
----------------- Instantiating /home/travis/build/icyphy/ptII/ptolemy/actor/lib/test/auto/Expression4.xml
3 ms. Memory: 1369600K Free: 442849K (32%)
----------------- Invoking toplevel() on ptolemy.moml.MoMLSimpleApplication@6d8574d
----------------- Done invoking toplevel() on ptolemy.moml.MoMLSimpleApplication@6d8574d
reloadAllAccessors: .Expression4

===========================================================================================
----------------- testing Wed Apr 10 16:28:48 UTC 2019 /home/travis/build/icyphy/ptII/ptolemy/actor/lib/test/auto/Expression5.xml
----------------- Instantiating /home/travis/build/icyphy/ptII/ptolemy/actor/lib/test/auto/Expression5.xml
2 ms. Memory: 1369600K Free: 430356K (31%)
----------------- Invoking toplevel() on ptolemy.moml.MoMLSimpleApplication@3eda7599
----------------- Done invoking toplevel() on ptolemy.moml.MoMLSimpleApplication@3eda7599
reloadAllAccessors: .Expression5

===========================================================================================
----------------- testing Wed Apr 10 16:28:48 UTC 2019 /home/travis/build/icyphy/ptII/ptolemy/actor/lib/test/auto/Expression6.xml
----------------- Instantiating /home/travis/build/icyphy/ptII/ptolemy/actor/lib/test/auto/Expression6.xml
2 ms. Memory: 1369600K Free: 417863K (31%)
----------------- Invoking toplevel() on ptolemy.moml.MoMLSimpleApplication@365cc153
----------------- Done invoking toplevel() on ptolemy.moml.MoMLSimpleApplication@365cc153
reloadAllAccessors: .Expression6

===========================================================================================
----------------- testing Wed Apr 10 16:28:48 UTC 2019 /home/travis/build/icyphy/ptII/ptolemy/actor/lib/test/auto/Expression7.xml
----------------- Instantiating /home/travis/build/icyphy/ptII/ptolemy/actor/lib/test/auto/Expression7.xml
4 ms. Memory: 1369600K Free: 396431K (29%)
----------------- Invoking toplevel() on ptolemy.moml.MoMLSimpleApplication@2c74a9d
----------------- Done invoking toplevel() on ptolemy.moml.MoMLSimpleApplication@2c74a9d
reloadAllAccessors: .Expression7

===========================================================================================
----------------- testing Wed Apr 10 16:28:48 UTC 2019 /home/travis/build/icyphy/ptII/ptolemy/actor/lib/test/auto/Expression8.xml
----------------- Instantiating /home/travis/build/icyphy/ptII/ptolemy/actor/lib/test/auto/Expression8.xml
4 ms. Memory: 1369600K Free: 383939K (28%)
----------------- Invoking toplevel() on ptolemy.moml.MoMLSimpleApplication@5cbc43d1
----------------- Done invoking toplevel() on ptolemy.moml.MoMLSimpleApplication@5cbc43d1
reloadAllAccessors: .Expression8

===========================================================================================
----------------- testing Wed Apr 10 16:28:48 UTC 2019 /home/travis/build/icyphy/ptII/ptolemy/actor/lib/test/auto/Expression9.xml
----------------- Instantiating /home/travis/build/icyphy/ptII/ptolemy/actor/lib/test/auto/Expression9.xml
2 ms. Memory: 1369600K Free: 371446K (27%)
----------------- Invoking toplevel() on ptolemy.moml.MoMLSimpleApplication@777a384e
----------------- Done invoking toplevel() on ptolemy.moml.MoMLSimpleApplication@777a384e
reloadAllAccessors: .Expression9

===========================================================================================
----------------- testing Wed Apr 10 16:28:48 UTC 2019 /home/travis/build/icyphy/ptII/ptolemy/actor/lib/test/auto/ExpressionConcatenateArrayType.xml
----------------- Instantiating /home/travis/build/icyphy/ptII/ptolemy/actor/lib/test/auto/ExpressionConcatenateArrayType.xml
3 ms. Memory: 1369600K Free: 358953K (26%)
----------------- Invoking toplevel() on ptolemy.moml.MoMLSimpleApplication@7b38f7cd
----------------- Done invoking toplevel() on ptolemy.moml.MoMLSimpleApplication@7b38f7cd
reloadAllAccessors: .ExpressionConcatenateArrayType

===========================================================================================
----------------- testing Wed Apr 10 16:28:48 UTC 2019 /home/travis/build/icyphy/ptII/ptolemy/actor/lib/test/auto/ExpressionConcatenateArrayType2.xml
----------------- Instantiating /home/travis/build/icyphy/ptII/ptolemy/actor/lib/test/auto/ExpressionConcatenateArrayType2.xml
3 ms. Memory: 1369600K Free: 337521K (25%)
----------------- Invoking toplevel() on ptolemy.moml.MoMLSimpleApplication@52070a0b
----------------- Done invoking toplevel() on ptolemy.moml.MoMLSimpleApplication@52070a0b
reloadAllAccessors: .ExpressionConcatenateArrayType2

===========================================================================================
----------------- testing Wed Apr 10 16:28:48 UTC 2019 /home/travis/build/icyphy/ptII/ptolemy/actor/lib/test/auto/ExpressionFix.xml
----------------- Instantiating /home/travis/build/icyphy/ptII/ptolemy/actor/lib/test/auto/ExpressionFix.xml
12 ms. Memory: 1369600K Free: 325028K (24%)
----------------- Invoking toplevel() on ptolemy.moml.MoMLSimpleApplication@284afba7
----------------- Done invoking toplevel() on ptolemy.moml.MoMLSimpleApplication@284afba7
reloadAllAccessors: .ExpressionFix

===========================================================================================
----------------- testing Wed Apr 10 16:28:48 UTC 2019 /home/travis/build/icyphy/ptII/ptolemy/actor/lib/test/auto/ExpressionFix2.xml
----------------- Instantiating /home/travis/build/icyphy/ptII/ptolemy/actor/lib/test/auto/ExpressionFix2.xml
2 ms. Memory: 1369600K Free: 312536K (23%)
----------------- Invoking toplevel() on ptolemy.moml.MoMLSimpleApplication@346c16df
----------------- Done invoking toplevel() on ptolemy.moml.MoMLSimpleApplication@346c16df
reloadAllAccessors: .ExpressionFix2

===========================================================================================
----------------- testing Wed Apr 10 16:28:48 UTC 2019 /home/travis/build/icyphy/ptII/ptolemy/actor/lib/test/auto/ExpressionFix3.xml
----------------- Instantiating /home/travis/build/icyphy/ptII/ptolemy/actor/lib/test/auto/ExpressionFix3.xml
3 ms. Memory: 1369600K Free: 300043K (22%)
----------------- Invoking toplevel() on ptolemy.moml.MoMLSimpleApplication@41c128fe
----------------- Done invoking toplevel() on ptolemy.moml.MoMLSimpleApplication@41c128fe
reloadAllAccessors: .ExpressionFix3

===========================================================================================
----------------- testing Wed Apr 10 16:28:48 UTC 2019 /home/travis/build/icyphy/ptII/ptolemy/actor/lib/test/auto/FileWriter1.xml
----------------- Instantiating /home/travis/build/icyphy/ptII/ptolemy/actor/lib/test/auto/FileWriter1.xml
2 ms. Memory: 1369600K Free: 278611K (20%)
----------------- Invoking toplevel() on ptolemy.moml.MoMLSimpleApplication@524066ce
----------------- Done invoking toplevel() on ptolemy.moml.MoMLSimpleApplication@524066ce
reloadAllAccessors: .FileWriter1

===========================================================================================
----------------- testing Wed Apr 10 16:28:48 UTC 2019 /home/travis/build/icyphy/ptII/ptolemy/actor/lib/test/auto/FileWriter2.xml
----------------- Instantiating /home/travis/build/icyphy/ptII/ptolemy/actor/lib/test/auto/FileWriter2.xml
2 ms. Memory: 1369600K Free: 266118K (19%)
----------------- Invoking toplevel() on ptolemy.moml.MoMLSimpleApplication@76593a4f
----------------- Done invoking toplevel() on ptolemy.moml.MoMLSimpleApplication@76593a4f
reloadAllAccessors: .FileWriter2

===========================================================================================
----------------- testing Wed Apr 10 16:28:48 UTC 2019 /home/travis/build/icyphy/ptII/ptolemy/actor/lib/test/auto/FileWriter3.xml
----------------- Instantiating /home/travis/build/icyphy/ptII/ptolemy/actor/lib/test/auto/FileWriter3.xml
5 ms. Memory: 1369600K Free: 253625K (19%)
----------------- Invoking toplevel() on ptolemy.moml.MoMLSimpleApplication@3f8afe47
----------------- Done invoking toplevel() on ptolemy.moml.MoMLSimpleApplication@3f8afe47
reloadAllAccessors: .FileWriter3

===========================================================================================
----------------- testing Wed Apr 10 16:28:48 UTC 2019 /home/travis/build/icyphy/ptII/ptolemy/actor/lib/test/auto/Gaussian.xml
----------------- Instantiating /home/travis/build/icyphy/ptII/ptolemy/actor/lib/test/auto/Gaussian.xml
1 ms. Memory: 1369600K Free: 241132K (18%)
----------------- Invoking toplevel() on ptolemy.moml.MoMLSimpleApplication@1ed9987c
----------------- Done invoking toplevel() on ptolemy.moml.MoMLSimpleApplication@1ed9987c
reloadAllAccessors: .Gaussian

===========================================================================================
----------------- testing Wed Apr 10 16:28:48 UTC 2019 /home/travis/build/icyphy/ptII/ptolemy/actor/lib/test/auto/Gaussian1.xml
----------------- Instantiating /home/travis/build/icyphy/ptII/ptolemy/actor/lib/test/auto/Gaussian1.xml
2 ms. Memory: 1369600K Free: 219701K (16%)
----------------- Invoking toplevel() on ptolemy.moml.MoMLSimpleApplication@13c3737
----------------- Done invoking toplevel() on ptolemy.moml.MoMLSimpleApplication@13c3737
reloadAllAccessors: .Gaussian1

===========================================================================================
----------------- testing Wed Apr 10 16:28:48 UTC 2019 /home/travis/build/icyphy/ptII/ptolemy/actor/lib/test/auto/Gaussian2.xml
----------------- Instantiating /home/travis/build/icyphy/ptII/ptolemy/actor/lib/test/auto/Gaussian2.xml
2 ms. Memory: 1369600K Free: 207208K (15%)
----------------- Invoking toplevel() on ptolemy.moml.MoMLSimpleApplication@7eba766d
----------------- Done invoking toplevel() on ptolemy.moml.MoMLSimpleApplication@7eba766d
reloadAllAccessors: .Gaussian2

===========================================================================================
----------------- testing Wed Apr 10 16:28:48 UTC 2019 /home/travis/build/icyphy/ptII/ptolemy/actor/lib/test/auto/GradientAdaptiveLattice.xml
----------------- Instantiating /home/travis/build/icyphy/ptII/ptolemy/actor/lib/test/auto/GradientAdaptiveLattice.xml
3 ms. Memory: 1369600K Free: 194715K (14%)
----------------- Invoking toplevel() on ptolemy.moml.MoMLSimpleApplication@71c5bfbf
----------------- Done invoking toplevel() on ptolemy.moml.MoMLSimpleApplication@71c5bfbf
reloadAllAccessors: .GradientAdaptiveLattice

===========================================================================================
----------------- testing Wed Apr 10 16:28:48 UTC 2019 /home/travis/build/icyphy/ptII/ptolemy/actor/lib/test/auto/IIR.xml
----------------- Instantiating /home/travis/build/icyphy/ptII/ptolemy/actor/lib/test/auto/IIR.xml
2 ms. Memory: 1369600K Free: 182222K (13%)
----------------- Invoking toplevel() on ptolemy.moml.MoMLSimpleApplication@6aae1192
----------------- Done invoking toplevel() on ptolemy.moml.MoMLSimpleApplication@6aae1192
reloadAllAccessors: .IIR

===========================================================================================
----------------- testing Wed Apr 10 16:28:48 UTC 2019 /home/travis/build/icyphy/ptII/ptolemy/actor/lib/test/auto/InputOutputTransparentPorts.xml
----------------- Instantiating /home/travis/build/icyphy/ptII/ptolemy/actor/lib/test/auto/InputOutputTransparentPorts.xml
3 ms. Memory: 1369600K Free: 160791K (12%)
----------------- Invoking toplevel() on ptolemy.moml.MoMLSimpleApplication@bb80b39
----------------- Done invoking toplevel() on ptolemy.moml.MoMLSimpleApplication@bb80b39
reloadAllAccessors: .InputOutputTransparentPorts

===========================================================================================
----------------- testing Wed Apr 10 16:28:48 UTC 2019 /home/travis/build/icyphy/ptII/ptolemy/actor/lib/test/auto/Interpolator.xml
----------------- Instantiating /home/travis/build/icyphy/ptII/ptolemy/actor/lib/test/auto/Interpolator.xml
4 ms. Memory: 1369600K Free: 148298K (11%)
----------------- Invoking toplevel() on ptolemy.moml.MoMLSimpleApplication@6479f254
----------------- Done invoking toplevel() on ptolemy.moml.MoMLSimpleApplication@6479f254
reloadAllAccessors: .Interpolator

===========================================================================================
----------------- testing Wed Apr 10 16:28:48 UTC 2019 /home/travis/build/icyphy/ptII/ptolemy/actor/lib/test/auto/InterpolatorFiringLimitDE.xml
----------------- Instantiating /home/travis/build/icyphy/ptII/ptolemy/actor/lib/test/auto/InterpolatorFiringLimitDE.xml
2 ms. Memory: 1369600K Free: 135805K (10%)
----------------- Invoking toplevel() on ptolemy.moml.MoMLSimpleApplication@6179960a
----------------- Done invoking toplevel() on ptolemy.moml.MoMLSimpleApplication@6179960a
reloadAllAccessors: .InterpolatorFiringLimitDE

===========================================================================================
----------------- testing Wed Apr 10 16:28:48 UTC 2019 /home/travis/build/icyphy/ptII/ptolemy/actor/lib/test/auto/Lattice.xml
----------------- Instantiating /home/travis/build/icyphy/ptII/ptolemy/actor/lib/test/auto/Lattice.xml
2 ms. Memory: 1369600K Free: 123312K (9%)
----------------- Invoking toplevel() on ptolemy.moml.MoMLSimpleApplication@2f5a56ef
----------------- Done invoking toplevel() on ptolemy.moml.MoMLSimpleApplication@2f5a56ef
reloadAllAccessors: .Lattice

===========================================================================================
----------------- testing Wed Apr 10 16:28:48 UTC 2019 /home/travis/build/icyphy/ptII/ptolemy/actor/lib/test/auto/LazyAOCTestLazy.xml
----------------- Instantiating /home/travis/build/icyphy/ptII/ptolemy/actor/lib/test/auto/LazyAOCTestLazy.xml
16 ms. Memory: 1369600K Free: 101881K (7%)
----------------- Invoking toplevel() on ptolemy.moml.MoMLSimpleApplication@2762d6b5
----------------- Done invoking toplevel() on ptolemy.moml.MoMLSimpleApplication@2762d6b5
reloadAllAccessors: .LazyAOCTestLazy

===========================================================================================
----------------- testing Wed Apr 10 16:28:48 UTC 2019 /home/travis/build/icyphy/ptII/ptolemy/actor/lib/test/auto/LazyAOCTestNonLazy.xml
----------------- Instantiating /home/travis/build/icyphy/ptII/ptolemy/actor/lib/test/auto/LazyAOCTestNonLazy.xml
11 ms. Memory: 1369600K Free: 89388K (7%)
----------------- Invoking toplevel() on ptolemy.moml.MoMLSimpleApplication@41a487e7
----------------- Done invoking toplevel() on ptolemy.moml.MoMLSimpleApplication@41a487e7
reloadAllAccessors: .LazyAOCTestNonLazy

===========================================================================================
----------------- testing Wed Apr 10 16:28:48 UTC 2019 /home/travis/build/icyphy/ptII/ptolemy/actor/lib/test/auto/LazyInnerClass.xml
----------------- Instantiating /home/travis/build/icyphy/ptII/ptolemy/actor/lib/test/auto/LazyInnerClass.xml
31 ms. Memory: 1369600K Free: 1324952K (97%)
----------------- Invoking toplevel() on ptolemy.moml.MoMLSimpleApplication@5e7b6df1
----------------- Done invoking toplevel() on ptolemy.moml.MoMLSimpleApplication@5e7b6df1
reloadAllAccessors: .LazyInnerClass

===========================================================================================
----------------- testing Wed Apr 10 16:28:48 UTC 2019 /home/travis/build/icyphy/ptII/ptolemy/actor/lib/test/auto/LazyPubSub.xml
----------------- Instantiating /home/travis/build/icyphy/ptII/ptolemy/actor/lib/test/auto/LazyPubSub.xml
10 ms. Memory: 1369600K Free: 1302650K (95%)
----------------- Invoking toplevel() on ptolemy.moml.MoMLSimpleApplication@7262072c
----------------- Done invoking toplevel() on ptolemy.moml.MoMLSimpleApplication@7262072c
reloadAllAccessors: .LazyPubSub

===========================================================================================
----------------- testing Wed Apr 10 16:28:48 UTC 2019 /home/travis/build/icyphy/ptII/ptolemy/actor/lib/test/auto/LazyPubSub2.xml
----------------- Instantiating /home/travis/build/icyphy/ptII/ptolemy/actor/lib/test/auto/LazyPubSub2.xml
9 ms. Memory: 1369600K Free: 1290085K (94%)
----------------- Invoking toplevel() on ptolemy.moml.MoMLSimpleApplication@4fede76c
----------------- Done invoking toplevel() on ptolemy.moml.MoMLSimpleApplication@4fede76c
reloadAllAccessors: .LazyPubSub2

===========================================================================================
----------------- testing Wed Apr 10 16:28:48 UTC 2019 /home/travis/build/icyphy/ptII/ptolemy/actor/lib/test/auto/LazyPubSub3.xml
----------------- Instantiating /home/travis/build/icyphy/ptII/ptolemy/actor/lib/test/auto/LazyPubSub3.xml
9 ms. Memory: 1369600K Free: 1270906K (93%)
----------------- Invoking toplevel() on ptolemy.moml.MoMLSimpleApplication@1abb0615
----------------- Done invoking toplevel() on ptolemy.moml.MoMLSimpleApplication@1abb0615
reloadAllAccessors: .LazyPubSub3

===========================================================================================
----------------- testing Wed Apr 10 16:28:48 UTC 2019 /home/travis/build/icyphy/ptII/ptolemy/actor/lib/test/auto/LazySubClassModel.xml
----------------- Instantiating /home/travis/build/icyphy/ptII/ptolemy/actor/lib/test/auto/LazySubClassModel.xml
1 ms. Memory: 1369600K Free: 1252167K (91%)
----------------- Invoking toplevel() on ptolemy.moml.MoMLSimpleApplication@18d8b76c
----------------- Done invoking toplevel() on ptolemy.moml.MoMLSimpleApplication@18d8b76c
reloadAllAccessors: .LazySubClassModel

===========================================================================================
----------------- testing Wed Apr 10 16:28:48 UTC 2019 /home/travis/build/icyphy/ptII/ptolemy/actor/lib/test/auto/LevelCrossTest1.xml
----------------- Instantiating /home/travis/build/icyphy/ptII/ptolemy/actor/lib/test/auto/LevelCrossTest1.xml
1 ms. Memory: 1369600K Free: 1239674K (91%)
----------------- Invoking toplevel() on ptolemy.moml.MoMLSimpleApplication@33fbbe7f
----------------- Done invoking toplevel() on ptolemy.moml.MoMLSimpleApplication@33fbbe7f
reloadAllAccessors: .broken

===========================================================================================
----------------- testing Wed Apr 10 16:28:48 UTC 2019 /home/travis/build/icyphy/ptII/ptolemy/actor/lib/test/auto/LevelCrossTest10.xml
----------------- Instantiating /home/travis/build/icyphy/ptII/ptolemy/actor/lib/test/auto/LevelCrossTest10.xml
1 ms. Memory: 1369600K Free: 1220495K (89%)
----------------- Invoking toplevel() on ptolemy.moml.MoMLSimpleApplication@3e6fed90
----------------- Done invoking toplevel() on ptolemy.moml.MoMLSimpleApplication@3e6fed90
reloadAllAccessors: .LevelCrossTest10

===========================================================================================
----------------- testing Wed Apr 10 16:28:48 UTC 2019 /home/travis/build/icyphy/ptII/ptolemy/actor/lib/test/auto/LevelCrossTest11.xml
----------------- Instantiating /home/travis/build/icyphy/ptII/ptolemy/actor/lib/test/auto/LevelCrossTest11.xml
1 ms. Memory: 1369600K Free: 1208003K (88%)
----------------- Invoking toplevel() on ptolemy.moml.MoMLSimpleApplication@3f376348
----------------- Done invoking toplevel() on ptolemy.moml.MoMLSimpleApplication@3f376348
reloadAllAccessors: .LevelCrossTest11

===========================================================================================
----------------- testing Wed Apr 10 16:28:48 UTC 2019 /home/travis/build/icyphy/ptII/ptolemy/actor/lib/test/auto/LevelCrossTest12.xml
----------------- Instantiating /home/travis/build/icyphy/ptII/ptolemy/actor/lib/test/auto/LevelCrossTest12.xml
1 ms. Memory: 1369600K Free: 1195510K (87%)
----------------- Invoking toplevel() on ptolemy.moml.MoMLSimpleApplication@6ee7826b
----------------- Done invoking toplevel() on ptolemy.moml.MoMLSimpleApplication@6ee7826b
reloadAllAccessors: .LevelCrossTest12

===========================================================================================
----------------- testing Wed Apr 10 16:28:48 UTC 2019 /home/travis/build/icyphy/ptII/ptolemy/actor/lib/test/auto/LevelCrossTest13.xml
----------------- Instantiating /home/travis/build/icyphy/ptII/ptolemy/actor/lib/test/auto/LevelCrossTest13.xml
1 ms. Memory: 1369600K Free: 1176331K (86%)
----------------- Invoking toplevel() on ptolemy.moml.MoMLSimpleApplication@3e42cc5
----------------- Done invoking toplevel() on ptolemy.moml.MoMLSimpleApplication@3e42cc5
reloadAllAccessors: .LevelCrossTest13

===========================================================================================
----------------- testing Wed Apr 10 16:28:48 UTC 2019 /home/travis/build/icyphy/ptII/ptolemy/actor/lib/test/auto/LevelCrossTest2.xml
----------------- Instantiating /home/travis/build/icyphy/ptII/ptolemy/actor/lib/test/auto/LevelCrossTest2.xml
1 ms. Memory: 1369600K Free: 1163838K (85%)
----------------- Invoking toplevel() on ptolemy.moml.MoMLSimpleApplication@37a82f50
----------------- Done invoking toplevel() on ptolemy.moml.MoMLSimpleApplication@37a82f50
reloadAllAccessors: .broken

===========================================================================================
----------------- testing Wed Apr 10 16:28:48 UTC 2019 /home/travis/build/icyphy/ptII/ptolemy/actor/lib/test/auto/LevelCrossTest3.xml
----------------- Instantiating /home/travis/build/icyphy/ptII/ptolemy/actor/lib/test/auto/LevelCrossTest3.xml
1 ms. Memory: 1369600K Free: 1151345K (84%)
----------------- Invoking toplevel() on ptolemy.moml.MoMLSimpleApplication@90513c4
----------------- Done invoking toplevel() on ptolemy.moml.MoMLSimpleApplication@90513c4
reloadAllAccessors: .LevelCrossTest3

===========================================================================================
----------------- testing Wed Apr 10 16:28:48 UTC 2019 /home/travis/build/icyphy/ptII/ptolemy/actor/lib/test/auto/LevelCrossTest4.xml
----------------- Instantiating /home/travis/build/icyphy/ptII/ptolemy/actor/lib/test/auto/LevelCrossTest4.xml
1 ms. Memory: 1369600K Free: 1132166K (83%)
----------------- Invoking toplevel() on ptolemy.moml.MoMLSimpleApplication@1c128235
----------------- Done invoking toplevel() on ptolemy.moml.MoMLSimpleApplication@1c128235
reloadAllAccessors: .broken

===========================================================================================
----------------- testing Wed Apr 10 16:28:48 UTC 2019 /home/travis/build/icyphy/ptII/ptolemy/actor/lib/test/auto/LevelCrossTest5.xml
----------------- Instantiating /home/travis/build/icyphy/ptII/ptolemy/actor/lib/test/auto/LevelCrossTest5.xml
1 ms. Memory: 1369600K Free: 1119673K (82%)
----------------- Invoking toplevel() on ptolemy.moml.MoMLSimpleApplication@73d6dc0b
----------------- Done invoking toplevel() on ptolemy.moml.MoMLSimpleApplication@73d6dc0b
reloadAllAccessors: .LevelCrossTest5

===========================================================================================
----------------- testing Wed Apr 10 16:28:48 UTC 2019 /home/travis/build/icyphy/ptII/ptolemy/actor/lib/test/auto/LevelCrossTest6.xml
----------------- Instantiating /home/travis/build/icyphy/ptII/ptolemy/actor/lib/test/auto/LevelCrossTest6.xml
3 ms. Memory: 1369600K Free: 1107180K (81%)
----------------- Invoking toplevel() on ptolemy.moml.MoMLSimpleApplication@733481dc
----------------- Done invoking toplevel() on ptolemy.moml.MoMLSimpleApplication@733481dc
reloadAllAccessors: .LevelCrossTest6

===========================================================================================
----------------- testing Wed Apr 10 16:28:48 UTC 2019 /home/travis/build/icyphy/ptII/ptolemy/actor/lib/test/auto/LevelCrossTest7.xml
----------------- Instantiating /home/travis/build/icyphy/ptII/ptolemy/actor/lib/test/auto/LevelCrossTest7.xml
1 ms. Memory: 1369600K Free: 1088002K (79%)
----------------- Invoking toplevel() on ptolemy.moml.MoMLSimpleApplication@58cc6f8d
----------------- Done invoking toplevel() on ptolemy.moml.MoMLSimpleApplication@58cc6f8d
reloadAllAccessors: .LevelCrossTest7

===========================================================================================
----------------- testing Wed Apr 10 16:28:48 UTC 2019 /home/travis/build/icyphy/ptII/ptolemy/actor/lib/test/auto/LevelCrossTest8.xml
----------------- Instantiating /home/travis/build/icyphy/ptII/ptolemy/actor/lib/test/auto/LevelCrossTest8.xml
1 ms. Memory: 1369600K Free: 1075509K (79%)
----------------- Invoking toplevel() on ptolemy.moml.MoMLSimpleApplication@6313da23
----------------- Done invoking toplevel() on ptolemy.moml.MoMLSimpleApplication@6313da23
reloadAllAccessors: .LevelCrossTest8

===========================================================================================
----------------- testing Wed Apr 10 16:28:48 UTC 2019 /home/travis/build/icyphy/ptII/ptolemy/actor/lib/test/auto/LevelCrossTest9.xml
----------------- Instantiating /home/travis/build/icyphy/ptII/ptolemy/actor/lib/test/auto/LevelCrossTest9.xml
2 ms. Memory: 1369600K Free: 1063016K (78%)
----------------- Invoking toplevel() on ptolemy.moml.MoMLSimpleApplication@286c7c4d
----------------- Done invoking toplevel() on ptolemy.moml.MoMLSimpleApplication@286c7c4d
reloadAllAccessors: .LevelCrossTest9

===========================================================================================
----------------- testing Wed Apr 10 16:28:48 UTC 2019 /home/travis/build/icyphy/ptII/ptolemy/actor/lib/test/auto/LevinsonDurbin.xml
----------------- Instantiating /home/travis/build/icyphy/ptII/ptolemy/actor/lib/test/auto/LevinsonDurbin.xml
1 ms. Memory: 1369600K Free: 1043837K (76%)
----------------- Invoking toplevel() on ptolemy.moml.MoMLSimpleApplication@67e55e64
----------------- Done invoking toplevel() on ptolemy.moml.MoMLSimpleApplication@67e55e64
reloadAllAccessors: .LevinsonDurbin

===========================================================================================
----------------- testing Wed Apr 10 16:28:48 UTC 2019 /home/travis/build/icyphy/ptII/ptolemy/actor/lib/test/auto/LevinsonDurbin2.xml
----------------- Instantiating /home/travis/build/icyphy/ptII/ptolemy/actor/lib/test/auto/LevinsonDurbin2.xml
1 ms. Memory: 1369600K Free: 1031344K (75%)
----------------- Invoking toplevel() on ptolemy.moml.MoMLSimpleApplication@7c33dbb7
----------------- Done invoking toplevel() on ptolemy.moml.MoMLSimpleApplication@7c33dbb7
reloadAllAccessors: .LevinsonDurbin2

===========================================================================================
----------------- testing Wed Apr 10 16:28:48 UTC 2019 /home/travis/build/icyphy/ptII/ptolemy/actor/lib/test/auto/LevinsonDurbin3.xml
----------------- Instantiating /home/travis/build/icyphy/ptII/ptolemy/actor/lib/test/auto/LevinsonDurbin3.xml
2 ms. Memory: 1369600K Free: 1018851K (74%)
----------------- Invoking toplevel() on ptolemy.moml.MoMLSimpleApplication@5b467037
----------------- Done invoking toplevel() on ptolemy.moml.MoMLSimpleApplication@5b467037
reloadAllAccessors: .LevinsonDurbin3

===========================================================================================
----------------- testing Wed Apr 10 16:28:49 UTC 2019 /home/travis/build/icyphy/ptII/ptolemy/actor/lib/test/auto/Limiter.xml
----------------- Instantiating /home/travis/build/icyphy/ptII/ptolemy/actor/lib/test/auto/Limiter.xml
3 ms. Memory: 1369600K Free: 999672K (73%)
----------------- Invoking toplevel() on ptolemy.moml.MoMLSimpleApplication@4e4eb764
----------------- Done invoking toplevel() on ptolemy.moml.MoMLSimpleApplication@4e4eb764
reloadAllAccessors: .Limiter

===========================================================================================
----------------- testing Wed Apr 10 16:28:49 UTC 2019 /home/travis/build/icyphy/ptII/ptolemy/actor/lib/test/auto/LinearDifferenceEquationSystem.xml
----------------- Instantiating /home/travis/build/icyphy/ptII/ptolemy/actor/lib/test/auto/LinearDifferenceEquationSystem.xml
3 ms. Memory: 1369600K Free: 987179K (72%)
----------------- Invoking toplevel() on ptolemy.moml.MoMLSimpleApplication@2393019
----------------- Done invoking toplevel() on ptolemy.moml.MoMLSimpleApplication@2393019
reloadAllAccessors: .LinearDifferenceEquationSystem

===========================================================================================
----------------- testing Wed Apr 10 16:28:49 UTC 2019 /home/travis/build/icyphy/ptII/ptolemy/actor/lib/test/auto/LookupTable.xml
----------------- Instantiating /home/travis/build/icyphy/ptII/ptolemy/actor/lib/test/auto/LookupTable.xml
1 ms. Memory: 1369600K Free: 974686K (71%)
----------------- Invoking toplevel() on ptolemy.moml.MoMLSimpleApplication@59008298
----------------- Done invoking toplevel() on ptolemy.moml.MoMLSimpleApplication@59008298
reloadAllAccessors: .LookupTable

===========================================================================================
----------------- testing Wed Apr 10 16:28:49 UTC 2019 /home/travis/build/icyphy/ptII/ptolemy/actor/lib/test/auto/MathFunction.xml
----------------- Instantiating /home/travis/build/icyphy/ptII/ptolemy/actor/lib/test/auto/MathFunction.xml
2 ms. Memory: 1369600K Free: 955507K (70%)
----------------- Invoking toplevel() on ptolemy.moml.MoMLSimpleApplication@18726b9e
----------------- Done invoking toplevel() on ptolemy.moml.MoMLSimpleApplication@18726b9e
reloadAllAccessors: .MathFunction

===========================================================================================
----------------- testing Wed Apr 10 16:28:49 UTC 2019 /home/travis/build/icyphy/ptII/ptolemy/actor/lib/test/auto/MathFunction2.xml
----------------- Instantiating /home/travis/build/icyphy/ptII/ptolemy/actor/lib/test/auto/MathFunction2.xml
1 ms. Memory: 1369600K Free: 943014K (69%)
----------------- Invoking toplevel() on ptolemy.moml.MoMLSimpleApplication@1b2cf4c2
----------------- Done invoking toplevel() on ptolemy.moml.MoMLSimpleApplication@1b2cf4c2
reloadAllAccessors: .MathFunction2

===========================================================================================
----------------- testing Wed Apr 10 16:28:49 UTC 2019 /home/travis/build/icyphy/ptII/ptolemy/actor/lib/test/auto/MathFunction3.xml
----------------- Instantiating /home/travis/build/icyphy/ptII/ptolemy/actor/lib/test/auto/MathFunction3.xml
2 ms. Memory: 1369600K Free: 930522K (68%)
----------------- Invoking toplevel() on ptolemy.moml.MoMLSimpleApplication@152fba1
----------------- Done invoking toplevel() on ptolemy.moml.MoMLSimpleApplication@152fba1
reloadAllAccessors: .MathFunction3

===========================================================================================
----------------- testing Wed Apr 10 16:28:49 UTC 2019 /home/travis/build/icyphy/ptII/ptolemy/actor/lib/test/auto/MatrixCropBoolean.xml
----------------- Instantiating /home/travis/build/icyphy/ptII/ptolemy/actor/lib/test/auto/MatrixCropBoolean.xml
1 ms. Memory: 1369600K Free: 911343K (67%)
----------------- Invoking toplevel() on ptolemy.moml.MoMLSimpleApplication@1cf96e54
----------------- Done invoking toplevel() on ptolemy.moml.MoMLSimpleApplication@1cf96e54
reloadAllAccessors: .MatrixCropBoolean

===========================================================================================
----------------- testing Wed Apr 10 16:28:49 UTC 2019 /home/travis/build/icyphy/ptII/ptolemy/actor/lib/test/auto/MatrixCropComplex.xml
----------------- Instantiating /home/travis/build/icyphy/ptII/ptolemy/actor/lib/test/auto/MatrixCropComplex.xml
2 ms. Memory: 1369600K Free: 898850K (66%)
----------------- Invoking toplevel() on ptolemy.moml.MoMLSimpleApplication@70573f69
----------------- Done invoking toplevel() on ptolemy.moml.MoMLSimpleApplication@70573f69
reloadAllAccessors: .MatrixCropComplex

===========================================================================================
----------------- testing Wed Apr 10 16:28:49 UTC 2019 /home/travis/build/icyphy/ptII/ptolemy/actor/lib/test/auto/MatrixCropDouble.xml
----------------- Instantiating /home/travis/build/icyphy/ptII/ptolemy/actor/lib/test/auto/MatrixCropDouble.xml
2 ms. Memory: 1369600K Free: 879671K (64%)
----------------- Invoking toplevel() on ptolemy.moml.MoMLSimpleApplication@896505f
----------------- Done invoking toplevel() on ptolemy.moml.MoMLSimpleApplication@896505f
reloadAllAccessors: .MatrixCropDouble

===========================================================================================
----------------- testing Wed Apr 10 16:28:49 UTC 2019 /home/travis/build/icyphy/ptII/ptolemy/actor/lib/test/auto/MatrixCropFix.xml
----------------- Instantiating /home/travis/build/icyphy/ptII/ptolemy/actor/lib/test/auto/MatrixCropFix.xml
2 ms. Memory: 1369600K Free: 867178K (63%)
----------------- Invoking toplevel() on ptolemy.moml.MoMLSimpleApplication@1a23d28
----------------- Done invoking toplevel() on ptolemy.moml.MoMLSimpleApplication@1a23d28
reloadAllAccessors: .MatrixCropFix

===========================================================================================
----------------- testing Wed Apr 10 16:28:49 UTC 2019 /home/travis/build/icyphy/ptII/ptolemy/actor/lib/test/auto/MatrixCropInt.xml
----------------- Instantiating /home/travis/build/icyphy/ptII/ptolemy/actor/lib/test/auto/MatrixCropInt.xml
2 ms. Memory: 1369600K Free: 854685K (62%)
----------------- Invoking toplevel() on ptolemy.moml.MoMLSimpleApplication@76cdc9a6
----------------- Done invoking toplevel() on ptolemy.moml.MoMLSimpleApplication@76cdc9a6
reloadAllAccessors: .MatrixCropInt

===========================================================================================
----------------- testing Wed Apr 10 16:28:49 UTC 2019 /home/travis/build/icyphy/ptII/ptolemy/actor/lib/test/auto/MatrixCropLong.xml
----------------- Instantiating /home/travis/build/icyphy/ptII/ptolemy/actor/lib/test/auto/MatrixCropLong.xml
2 ms. Memory: 1369600K Free: 835506K (61%)
----------------- Invoking toplevel() on ptolemy.moml.MoMLSimpleApplication@10a354ef
----------------- Done invoking toplevel() on ptolemy.moml.MoMLSimpleApplication@10a354ef
reloadAllAccessors: .MatrixCropLong

===========================================================================================
----------------- testing Wed Apr 10 16:28:49 UTC 2019 /home/travis/build/icyphy/ptII/ptolemy/actor/lib/test/auto/MatrixToArray.xml
----------------- Instantiating /home/travis/build/icyphy/ptII/ptolemy/actor/lib/test/auto/MatrixToArray.xml
5 ms. Memory: 1369600K Free: 810489K (59%)
----------------- Invoking toplevel() on ptolemy.moml.MoMLSimpleApplication@7cae64e2
----------------- Done invoking toplevel() on ptolemy.moml.MoMLSimpleApplication@7cae64e2
reloadAllAccessors: .MatrixToArray

===========================================================================================
----------------- testing Wed Apr 10 16:28:49 UTC 2019 /home/travis/build/icyphy/ptII/ptolemy/actor/lib/test/auto/MaxIndex.xml
----------------- Instantiating /home/travis/build/icyphy/ptII/ptolemy/actor/lib/test/auto/MaxIndex.xml
2 ms. Memory: 1369600K Free: 797996K (58%)
----------------- Invoking toplevel() on ptolemy.moml.MoMLSimpleApplication@4f010d3a
----------------- Done invoking toplevel() on ptolemy.moml.MoMLSimpleApplication@4f010d3a
reloadAllAccessors: .MaxIndex

===========================================================================================
----------------- testing Wed Apr 10 16:28:49 UTC 2019 /home/travis/build/icyphy/ptII/ptolemy/actor/lib/test/auto/Maximum.xml
----------------- Instantiating /home/travis/build/icyphy/ptII/ptolemy/actor/lib/test/auto/Maximum.xml
3 ms. Memory: 1369600K Free: 778817K (57%)
----------------- Invoking toplevel() on ptolemy.moml.MoMLSimpleApplication@23bc9a0d
----------------- Done invoking toplevel() on ptolemy.moml.MoMLSimpleApplication@23bc9a0d
reloadAllAccessors: .Maximum

===========================================================================================
----------------- testing Wed Apr 10 16:28:49 UTC 2019 /home/travis/build/icyphy/ptII/ptolemy/actor/lib/test/auto/MaximumComplex.xml
----------------- Instantiating /home/travis/build/icyphy/ptII/ptolemy/actor/lib/test/auto/MaximumComplex.xml
3 ms. Memory: 1369600K Free: 766324K (56%)
----------------- Invoking toplevel() on ptolemy.moml.MoMLSimpleApplication@7f02f021
----------------- Done invoking toplevel() on ptolemy.moml.MoMLSimpleApplication@7f02f021
reloadAllAccessors: .MaximumComplex

===========================================================================================
----------------- testing Wed Apr 10 16:28:49 UTC 2019 /home/travis/build/icyphy/ptII/ptolemy/actor/lib/test/auto/MethodCallTest.xml
----------------- Instantiating /home/travis/build/icyphy/ptII/ptolemy/actor/lib/test/auto/MethodCallTest.xml
2 ms. Memory: 1369600K Free: 753831K (55%)
----------------- Invoking toplevel() on ptolemy.moml.MoMLSimpleApplication@52223f17
----------------- Done invoking toplevel() on ptolemy.moml.MoMLSimpleApplication@52223f17
reloadAllAccessors: .MethodCallTest

===========================================================================================
----------------- testing Wed Apr 10 16:28:49 UTC 2019 /home/travis/build/icyphy/ptII/ptolemy/actor/lib/test/auto/Minimum.xml
----------------- Instantiating /home/travis/build/icyphy/ptII/ptolemy/actor/lib/test/auto/Minimum.xml
2 ms. Memory: 1369600K Free: 734652K (54%)
----------------- Invoking toplevel() on ptolemy.moml.MoMLSimpleApplication@552868e3
----------------- Done invoking toplevel() on ptolemy.moml.MoMLSimpleApplication@552868e3
reloadAllAccessors: .Minimum

===========================================================================================
----------------- testing Wed Apr 10 16:28:49 UTC 2019 /home/travis/build/icyphy/ptII/ptolemy/actor/lib/test/auto/MinimumComplex.xml
----------------- Instantiating /home/travis/build/icyphy/ptII/ptolemy/actor/lib/test/auto/MinimumComplex.xml
2 ms. Memory: 1369600K Free: 722159K (53%)
----------------- Invoking toplevel() on ptolemy.moml.MoMLSimpleApplication@278e1d19
----------------- Done invoking toplevel() on ptolemy.moml.MoMLSimpleApplication@278e1d19
reloadAllAccessors: .MinimumComplex

===========================================================================================
----------------- testing Wed Apr 10 16:28:49 UTC 2019 /home/travis/build/icyphy/ptII/ptolemy/actor/lib/test/auto/MinimumMultiports.xml
----------------- Instantiating /home/travis/build/icyphy/ptII/ptolemy/actor/lib/test/auto/MinimumMultiports.xml
3 ms. Memory: 1369600K Free: 709666K (52%)
----------------- Invoking toplevel() on ptolemy.moml.MoMLSimpleApplication@6a82fad6
----------------- Done invoking toplevel() on ptolemy.moml.MoMLSimpleApplication@6a82fad6
reloadAllAccessors: .MinimumMultiports

===========================================================================================
----------------- testing Wed Apr 10 16:28:49 UTC 2019 /home/travis/build/icyphy/ptII/ptolemy/actor/lib/test/auto/ModifyDate.xml
----------------- Instantiating /home/travis/build/icyphy/ptII/ptolemy/actor/lib/test/auto/ModifyDate.xml
5 ms. Memory: 1369600K Free: 684225K (50%)
----------------- Invoking toplevel() on ptolemy.moml.MoMLSimpleApplication@687b361d
----------------- Done invoking toplevel() on ptolemy.moml.MoMLSimpleApplication@687b361d
reloadAllAccessors: .ModifyDate

===========================================================================================
----------------- testing Wed Apr 10 16:28:49 UTC 2019 /home/travis/build/icyphy/ptII/ptolemy/actor/lib/test/auto/ModifyDate2.xml
----------------- Instantiating /home/travis/build/icyphy/ptII/ptolemy/actor/lib/test/auto/ModifyDate2.xml
3 ms. Memory: 1369600K Free: 665470K (49%)
----------------- Invoking toplevel() on ptolemy.moml.MoMLSimpleApplication@62fcbf5a
----------------- Done invoking toplevel() on ptolemy.moml.MoMLSimpleApplication@62fcbf5a
reloadAllAccessors: .ModifyDate2

===========================================================================================
----------------- testing Wed Apr 10 16:28:49 UTC 2019 /home/travis/build/icyphy/ptII/ptolemy/actor/lib/test/auto/MovingAverage.xml
----------------- Instantiating /home/travis/build/icyphy/ptII/ptolemy/actor/lib/test/auto/MovingAverage.xml
2 ms. Memory: 1369600K Free: 652977K (48%)
----------------- Invoking toplevel() on ptolemy.moml.MoMLSimpleApplication@3fd7b03b
----------------- Done invoking toplevel() on ptolemy.moml.MoMLSimpleApplication@3fd7b03b
reloadAllAccessors: .MovingAverage

===========================================================================================
----------------- testing Wed Apr 10 16:28:49 UTC 2019 /home/travis/build/icyphy/ptII/ptolemy/actor/lib/test/auto/MovingMaximum.xml
----------------- Instantiating /home/travis/build/icyphy/ptII/ptolemy/actor/lib/test/auto/MovingMaximum.xml
1 ms. Memory: 1369600K Free: 633798K (46%)
----------------- Invoking toplevel() on ptolemy.moml.MoMLSimpleApplication@26911356
----------------- Done invoking toplevel() on ptolemy.moml.MoMLSimpleApplication@26911356
reloadAllAccessors: .MovingMaximum

===========================================================================================
----------------- testing Wed Apr 10 16:28:49 UTC 2019 /home/travis/build/icyphy/ptII/ptolemy/actor/lib/test/auto/MultipleLinksToSameRelation.xml
----------------- Instantiating /home/travis/build/icyphy/ptII/ptolemy/actor/lib/test/auto/MultipleLinksToSameRelation.xml
2 ms. Memory: 1369600K Free: 621305K (45%)
----------------- Invoking toplevel() on ptolemy.moml.MoMLSimpleApplication@a1cb42c
----------------- Done invoking toplevel() on ptolemy.moml.MoMLSimpleApplication@a1cb42c
reloadAllAccessors: .MultipleLinksToSameRelation

===========================================================================================
----------------- testing Wed Apr 10 16:28:49 UTC 2019 /home/travis/build/icyphy/ptII/ptolemy/actor/lib/test/auto/MultipleLinksToSameRelationDE.xml
----------------- Instantiating /home/travis/build/icyphy/ptII/ptolemy/actor/lib/test/auto/MultipleLinksToSameRelationDE.xml
2 ms. Memory: 1369600K Free: 602126K (44%)
----------------- Invoking toplevel() on ptolemy.moml.MoMLSimpleApplication@18a628f6
----------------- Done invoking toplevel() on ptolemy.moml.MoMLSimpleApplication@18a628f6
reloadAllAccessors: .MultipleLinksToSameRelationDE

===========================================================================================
----------------- testing Wed Apr 10 16:28:49 UTC 2019 /home/travis/build/icyphy/ptII/ptolemy/actor/lib/test/auto/Multiplexor.xml
----------------- Instantiating /home/travis/build/icyphy/ptII/ptolemy/actor/lib/test/auto/Multiplexor.xml
2 ms. Memory: 1369600K Free: 589633K (43%)
----------------- Invoking toplevel() on ptolemy.moml.MoMLSimpleApplication@3b77cb37
----------------- Done invoking toplevel() on ptolemy.moml.MoMLSimpleApplication@3b77cb37
reloadAllAccessors: .Multiplexor

===========================================================================================
----------------- testing Wed Apr 10 16:28:49 UTC 2019 /home/travis/build/icyphy/ptII/ptolemy/actor/lib/test/auto/Multiplexor1.xml
----------------- Instantiating /home/travis/build/icyphy/ptII/ptolemy/actor/lib/test/auto/Multiplexor1.xml
2 ms. Memory: 1369600K Free: 577141K (42%)
----------------- Invoking toplevel() on ptolemy.moml.MoMLSimpleApplication@1492fc1f
----------------- Done invoking toplevel() on ptolemy.moml.MoMLSimpleApplication@1492fc1f
reloadAllAccessors: .Multiplexor1

===========================================================================================
----------------- testing Wed Apr 10 16:28:49 UTC 2019 /home/travis/build/icyphy/ptII/ptolemy/actor/lib/test/auto/Multiplexor2.xml
----------------- Instantiating /home/travis/build/icyphy/ptII/ptolemy/actor/lib/test/auto/Multiplexor2.xml
2 ms. Memory: 1369600K Free: 557962K (41%)
----------------- Invoking toplevel() on ptolemy.moml.MoMLSimpleApplication@16b68e8f
----------------- Done invoking toplevel() on ptolemy.moml.MoMLSimpleApplication@16b68e8f
reloadAllAccessors: .Multiplexor2

===========================================================================================
----------------- testing Wed Apr 10 16:28:49 UTC 2019 /home/travis/build/icyphy/ptII/ptolemy/actor/lib/test/auto/Multiplexor3.xml
----------------- Instantiating /home/travis/build/icyphy/ptII/ptolemy/actor/lib/test/auto/Multiplexor3.xml
1 ms. Memory: 1369600K Free: 545469K (40%)
----------------- Invoking toplevel() on ptolemy.moml.MoMLSimpleApplication@16fcd87e
----------------- Done invoking toplevel() on ptolemy.moml.MoMLSimpleApplication@16fcd87e
reloadAllAccessors: .Multiplexor3

===========================================================================================
----------------- testing Wed Apr 10 16:28:49 UTC 2019 /home/travis/build/icyphy/ptII/ptolemy/actor/lib/test/auto/MultiplexorDE.xml
----------------- Instantiating /home/travis/build/icyphy/ptII/ptolemy/actor/lib/test/auto/MultiplexorDE.xml
1 ms. Memory: 1369600K Free: 532976K (39%)
----------------- Invoking toplevel() on ptolemy.moml.MoMLSimpleApplication@59b78a0d
----------------- Done invoking toplevel() on ptolemy.moml.MoMLSimpleApplication@59b78a0d
reloadAllAccessors: .MultiplexorDE

===========================================================================================
----------------- testing Wed Apr 10 16:28:49 UTC 2019 /home/travis/build/icyphy/ptII/ptolemy/actor/lib/test/auto/MultiportBroadcastTest.xml
----------------- Instantiating /home/travis/build/icyphy/ptII/ptolemy/actor/lib/test/auto/MultiportBroadcastTest.xml
56 ms. Memory: 1369600K Free: 513797K (38%)
----------------- Invoking toplevel() on ptolemy.moml.MoMLSimpleApplication@561fa873
----------------- Done invoking toplevel() on ptolemy.moml.MoMLSimpleApplication@561fa873
reloadAllAccessors: .MultiportBroadcastTest

===========================================================================================
----------------- testing Wed Apr 10 16:28:49 UTC 2019 /home/travis/build/icyphy/ptII/ptolemy/actor/lib/test/auto/MultiportOutHangDuringGetWidth.xml
----------------- Instantiating /home/travis/build/icyphy/ptII/ptolemy/actor/lib/test/auto/MultiportOutHangDuringGetWidth.xml
4 ms. Memory: 1369600K Free: 495058K (36%)
----------------- Invoking toplevel() on ptolemy.moml.MoMLSimpleApplication@2da8e3fe
----------------- Done invoking toplevel() on ptolemy.moml.MoMLSimpleApplication@2da8e3fe
reloadAllAccessors: .MultiportOutHangDuringGetWidth

===========================================================================================
----------------- testing Wed Apr 10 16:28:49 UTC 2019 /home/travis/build/icyphy/ptII/ptolemy/actor/lib/test/auto/NilToken.xml
----------------- Instantiating /home/travis/build/icyphy/ptII/ptolemy/actor/lib/test/auto/NilToken.xml
1 ms. Memory: 1369600K Free: 482565K (35%)
----------------- Invoking toplevel() on ptolemy.moml.MoMLSimpleApplication@177a1aae
----------------- Done invoking toplevel() on ptolemy.moml.MoMLSimpleApplication@177a1aae
reloadAllAccessors: .NilToken

===========================================================================================
----------------- testing Wed Apr 10 16:28:49 UTC 2019 /home/travis/build/icyphy/ptII/ptolemy/actor/lib/test/auto/NilTokenNonStrictTest.xml
----------------- Instantiating /home/travis/build/icyphy/ptII/ptolemy/actor/lib/test/auto/NilTokenNonStrictTest.xml
4 ms. Memory: 1369600K Free: 463386K (34%)
----------------- Invoking toplevel() on ptolemy.moml.MoMLSimpleApplication@1cb8a4ba
----------------- Done invoking toplevel() on ptolemy.moml.MoMLSimpleApplication@1cb8a4ba
reloadAllAccessors: .NilTokenNonStrictTest

===========================================================================================
----------------- testing Wed Apr 10 16:28:49 UTC 2019 /home/travis/build/icyphy/ptII/ptolemy/actor/lib/test/auto/NilTokenRecord.xml
----------------- Instantiating /home/travis/build/icyphy/ptII/ptolemy/actor/lib/test/auto/NilTokenRecord.xml
6 ms. Memory: 1369600K Free: 450893K (33%)
----------------- Invoking toplevel() on ptolemy.moml.MoMLSimpleApplication@1ee5b081
----------------- Done invoking toplevel() on ptolemy.moml.MoMLSimpleApplication@1ee5b081
reloadAllAccessors: .NilTokenRecord

===========================================================================================
----------------- testing Wed Apr 10 16:28:49 UTC 2019 /home/travis/build/icyphy/ptII/ptolemy/actor/lib/test/auto/NilTokenTypeTest.xml
----------------- Instantiating /home/travis/build/icyphy/ptII/ptolemy/actor/lib/test/auto/NilTokenTypeTest.xml
7 ms. Memory: 1369600K Free: 432154K (32%)
----------------- Invoking toplevel() on ptolemy.moml.MoMLSimpleApplication@6c8a95e
----------------- Done invoking toplevel() on ptolemy.moml.MoMLSimpleApplication@6c8a95e
reloadAllAccessors: .NilTokenTypeTest

===========================================================================================
----------------- testing Wed Apr 10 16:28:49 UTC 2019 /home/travis/build/icyphy/ptII/ptolemy/actor/lib/test/auto/ObjectToken1.xml
----------------- Instantiating /home/travis/build/icyphy/ptII/ptolemy/actor/lib/test/auto/ObjectToken1.xml
2 ms. Memory: 1369600K Free: 412975K (30%)
----------------- Invoking toplevel() on ptolemy.moml.MoMLSimpleApplication@202facf
----------------- Done invoking toplevel() on ptolemy.moml.MoMLSimpleApplication@202facf
reloadAllAccessors: .ObjectToken1

===========================================================================================
----------------- testing Wed Apr 10 16:28:49 UTC 2019 /home/travis/build/icyphy/ptII/ptolemy/actor/lib/test/auto/OrderedMerge.xml
----------------- Instantiating /home/travis/build/icyphy/ptII/ptolemy/actor/lib/test/auto/OrderedMerge.xml
8 ms. Memory: 1369600K Free: 375496K (27%)
----------------- Invoking toplevel() on ptolemy.moml.MoMLSimpleApplication@1cb353da
----------------- Done invoking toplevel() on ptolemy.moml.MoMLSimpleApplication@1cb353da
reloadAllAccessors: .OrderedMerge

===========================================================================================
----------------- testing Wed Apr 10 16:28:49 UTC 2019 /home/travis/build/icyphy/ptII/ptolemy/actor/lib/test/auto/OrderedRecordDisassembler.xml
----------------- Instantiating /home/travis/build/icyphy/ptII/ptolemy/actor/lib/test/auto/OrderedRecordDisassembler.xml
2 ms. Memory: 1369600K Free: 363003K (27%)
----------------- Invoking toplevel() on ptolemy.moml.MoMLSimpleApplication@1d973535
----------------- Done invoking toplevel() on ptolemy.moml.MoMLSimpleApplication@1d973535
reloadAllAccessors: .OrderedRecordDisassembler

===========================================================================================
----------------- testing Wed Apr 10 16:28:49 UTC 2019 /home/travis/build/icyphy/ptII/ptolemy/actor/lib/test/auto/OrderedRecordDisassembler2.xml
----------------- Instantiating /home/travis/build/icyphy/ptII/ptolemy/actor/lib/test/auto/OrderedRecordDisassembler2.xml
3 ms. Memory: 1369600K Free: 343824K (25%)
----------------- Invoking toplevel() on ptolemy.moml.MoMLSimpleApplication@32b2c20b
----------------- Done invoking toplevel() on ptolemy.moml.MoMLSimpleApplication@32b2c20b
reloadAllAccessors: .OrderedRecordDisassembler2

===========================================================================================
----------------- testing Wed Apr 10 16:28:49 UTC 2019 /home/travis/build/icyphy/ptII/ptolemy/actor/lib/test/auto/OrderedRecordUpdater.xml
----------------- Instantiating /home/travis/build/icyphy/ptII/ptolemy/actor/lib/test/auto/OrderedRecordUpdater.xml
2 ms. Memory: 1369600K Free: 331332K (24%)
----------------- Invoking toplevel() on ptolemy.moml.MoMLSimpleApplication@53b74bb6
----------------- Done invoking toplevel() on ptolemy.moml.MoMLSimpleApplication@53b74bb6
reloadAllAccessors: .RecordUpdater

===========================================================================================
----------------- testing Wed Apr 10 16:28:49 UTC 2019 /home/travis/build/icyphy/ptII/ptolemy/actor/lib/test/auto/OrderedRecordUpdater2.xml
----------------- Instantiating /home/travis/build/icyphy/ptII/ptolemy/actor/lib/test/auto/OrderedRecordUpdater2.xml
3 ms. Memory: 1369600K Free: 312153K (23%)
----------------- Invoking toplevel() on ptolemy.moml.MoMLSimpleApplication@59c0d517
----------------- Done invoking toplevel() on ptolemy.moml.MoMLSimpleApplication@59c0d517
reloadAllAccessors: .RecordUpdater2

===========================================================================================
----------------- testing Wed Apr 10 16:28:49 UTC 2019 /home/travis/build/icyphy/ptII/ptolemy/actor/lib/test/auto/PhaseUnwrap.xml
----------------- Instantiating /home/travis/build/icyphy/ptII/ptolemy/actor/lib/test/auto/PhaseUnwrap.xml
1 ms. Memory: 1369600K Free: 299660K (22%)
----------------- Invoking toplevel() on ptolemy.moml.MoMLSimpleApplication@30907784
----------------- Done invoking toplevel() on ptolemy.moml.MoMLSimpleApplication@30907784
reloadAllAccessors: .PhaseUnwrap

===========================================================================================
----------------- testing Wed Apr 10 16:28:49 UTC 2019 /home/travis/build/icyphy/ptII/ptolemy/actor/lib/test/auto/PoissonClock.xml
----------------- Instantiating /home/travis/build/icyphy/ptII/ptolemy/actor/lib/test/auto/PoissonClock.xml
1 ms. Memory: 1369600K Free: 287167K (21%)
----------------- Invoking toplevel() on ptolemy.moml.MoMLSimpleApplication@39b0aad8
----------------- Done invoking toplevel() on ptolemy.moml.MoMLSimpleApplication@39b0aad8
reloadAllAccessors: .PoissonClock

===========================================================================================
----------------- testing Wed Apr 10 16:28:49 UTC 2019 /home/travis/build/icyphy/ptII/ptolemy/actor/lib/test/auto/PoissonClock2.xml
----------------- Instantiating /home/travis/build/icyphy/ptII/ptolemy/actor/lib/test/auto/PoissonClock2.xml
2 ms. Memory: 1369600K Free: 267988K (20%)
----------------- Invoking toplevel() on ptolemy.moml.MoMLSimpleApplication@73fd5f6f
----------------- Done invoking toplevel() on ptolemy.moml.MoMLSimpleApplication@73fd5f6f
reloadAllAccessors: .PoissonClock2

===========================================================================================
----------------- testing Wed Apr 10 16:28:49 UTC 2019 /home/travis/build/icyphy/ptII/ptolemy/actor/lib/test/auto/PoissonClock3.xml
----------------- Instantiating /home/travis/build/icyphy/ptII/ptolemy/actor/lib/test/auto/PoissonClock3.xml
2 ms. Memory: 1369600K Free: 255495K (19%)
----------------- Invoking toplevel() on ptolemy.moml.MoMLSimpleApplication@7a553004
----------------- Done invoking toplevel() on ptolemy.moml.MoMLSimpleApplication@7a553004
reloadAllAccessors: .PoissonClock3

===========================================================================================
----------------- testing Wed Apr 10 16:28:49 UTC 2019 /home/travis/build/icyphy/ptII/ptolemy/actor/lib/test/auto/PubSubWithInitialTokens.xml
----------------- Instantiating /home/travis/build/icyphy/ptII/ptolemy/actor/lib/test/auto/PubSubWithInitialTokens.xml
2 ms. Memory: 1369600K Free: 243002K (18%)
----------------- Invoking toplevel() on ptolemy.moml.MoMLSimpleApplication@334ae898
----------------- Done invoking toplevel() on ptolemy.moml.MoMLSimpleApplication@334ae898
reloadAllAccessors: .PubSubWithInitialTokens

===========================================================================================
----------------- testing Wed Apr 10 16:28:49 UTC 2019 /home/travis/build/icyphy/ptII/ptolemy/actor/lib/test/auto/PubSubWithInitialTokens2.xml
----------------- Instantiating /home/travis/build/icyphy/ptII/ptolemy/actor/lib/test/auto/PubSubWithInitialTokens2.xml
2 ms. Memory: 1369600K Free: 223823K (16%)
----------------- Invoking toplevel() on ptolemy.moml.MoMLSimpleApplication@1232d2b4
----------------- Done invoking toplevel() on ptolemy.moml.MoMLSimpleApplication@1232d2b4
reloadAllAccessors: .PubSubWithInitialTokens2

===========================================================================================
----------------- testing Wed Apr 10 16:28:49 UTC 2019 /home/travis/build/icyphy/ptII/ptolemy/actor/lib/test/auto/PublisherClassNoParameter.xml
----------------- Instantiating /home/travis/build/icyphy/ptII/ptolemy/actor/lib/test/auto/PublisherClassNoParameter.xml
3 ms. Memory: 1369600K Free: 205076K (15%)
----------------- Invoking toplevel() on ptolemy.moml.MoMLSimpleApplication@3bd698bd
----------------- Done invoking toplevel() on ptolemy.moml.MoMLSimpleApplication@3bd698bd
reloadAllAccessors: .PublisherClassNoParameter

===========================================================================================
----------------- testing Wed Apr 10 16:28:50 UTC 2019 /home/travis/build/icyphy/ptII/ptolemy/actor/lib/test/auto/PublisherClassParameter.xml
----------------- Instantiating /home/travis/build/icyphy/ptII/ptolemy/actor/lib/test/auto/PublisherClassParameter.xml
2 ms. Memory: 1369600K Free: 186321K (14%)
----------------- Invoking toplevel() on ptolemy.moml.MoMLSimpleApplication@16515197
----------------- Done invoking toplevel() on ptolemy.moml.MoMLSimpleApplication@16515197
reloadAllAccessors: .PublisherClassParameter

===========================================================================================
----------------- testing Wed Apr 10 16:28:50 UTC 2019 /home/travis/build/icyphy/ptII/ptolemy/actor/lib/test/auto/PublisherNonStrictTest.xml
----------------- Instantiating /home/travis/build/icyphy/ptII/ptolemy/actor/lib/test/auto/PublisherNonStrictTest.xml
3 ms. Memory: 1369600K Free: 167142K (12%)
----------------- Invoking toplevel() on ptolemy.moml.MoMLSimpleApplication@71eb5976
----------------- Done invoking toplevel() on ptolemy.moml.MoMLSimpleApplication@71eb5976
reloadAllAccessors: .PublisherNonStrictTest

===========================================================================================
----------------- testing Wed Apr 10 16:28:50 UTC 2019 /home/travis/build/icyphy/ptII/ptolemy/actor/lib/test/auto/PublisherPort1.xml
----------------- Instantiating /home/travis/build/icyphy/ptII/ptolemy/actor/lib/test/auto/PublisherPort1.xml
3 ms. Memory: 1369600K Free: 154649K (11%)
----------------- Invoking toplevel() on ptolemy.moml.MoMLSimpleApplication@6f216297
----------------- Done invoking toplevel() on ptolemy.moml.MoMLSimpleApplication@6f216297
reloadAllAccessors: .PublisherPort1

===========================================================================================
----------------- testing Wed Apr 10 16:28:50 UTC 2019 /home/travis/build/icyphy/ptII/ptolemy/actor/lib/test/auto/PublisherPort2.xml
----------------- Instantiating /home/travis/build/icyphy/ptII/ptolemy/actor/lib/test/auto/PublisherPort2.xml
1 ms. Memory: 1369600K Free: 142156K (10%)
----------------- Invoking toplevel() on ptolemy.moml.MoMLSimpleApplication@5746ec8a
----------------- Done invoking toplevel() on ptolemy.moml.MoMLSimpleApplication@5746ec8a
reloadAllAccessors: .PublisherPort2

===========================================================================================
----------------- testing Wed Apr 10 16:28:50 UTC 2019 /home/travis/build/icyphy/ptII/ptolemy/actor/lib/test/auto/PublisherPort3.xml
----------------- Instantiating /home/travis/build/icyphy/ptII/ptolemy/actor/lib/test/auto/PublisherPort3.xml
3 ms. Memory: 1369600K Free: 122978K (9%)
----------------- Invoking toplevel() on ptolemy.moml.MoMLSimpleApplication@1a6eb9eb
----------------- Done invoking toplevel() on ptolemy.moml.MoMLSimpleApplication@1a6eb9eb
reloadAllAccessors: .PublisherPort3

===========================================================================================
----------------- testing Wed Apr 10 16:28:50 UTC 2019 /home/travis/build/icyphy/ptII/ptolemy/actor/lib/test/auto/PublisherPort4.xml
----------------- Instantiating /home/travis/build/icyphy/ptII/ptolemy/actor/lib/test/auto/PublisherPort4.xml
2 ms. Memory: 1369600K Free: 110485K (8%)
----------------- Invoking toplevel() on ptolemy.moml.MoMLSimpleApplication@19d42231
----------------- Done invoking toplevel() on ptolemy.moml.MoMLSimpleApplication@19d42231
reloadAllAccessors: .PublisherPort4

===========================================================================================
----------------- testing Wed Apr 10 16:28:50 UTC 2019 /home/travis/build/icyphy/ptII/ptolemy/actor/lib/test/auto/PublisherPort5.xml
----------------- Instantiating /home/travis/build/icyphy/ptII/ptolemy/actor/lib/test/auto/PublisherPort5.xml
3 ms. Memory: 1369600K Free: 91306K (7%)
----------------- Invoking toplevel() on ptolemy.moml.MoMLSimpleApplication@42ad6d29
----------------- Done invoking toplevel() on ptolemy.moml.MoMLSimpleApplication@42ad6d29
reloadAllAccessors: .PublisherPort5

===========================================================================================
----------------- testing Wed Apr 10 16:28:50 UTC 2019 /home/travis/build/icyphy/ptII/ptolemy/actor/lib/test/auto/PublisherPort5LookAlike.xml
----------------- Instantiating /home/travis/build/icyphy/ptII/ptolemy/actor/lib/test/auto/PublisherPort5LookAlike.xml
4 ms. Memory: 1369600K Free: 81918K (6%)
----------------- Invoking toplevel() on ptolemy.moml.MoMLSimpleApplication@5560ed7e
----------------- Done invoking toplevel() on ptolemy.moml.MoMLSimpleApplication@5560ed7e
reloadAllAccessors: .PublisherPort5LookAlike

===========================================================================================
----------------- testing Wed Apr 10 16:28:50 UTC 2019 /home/travis/build/icyphy/ptII/ptolemy/actor/lib/test/auto/PublisherPort6.xml
----------------- Instantiating /home/travis/build/icyphy/ptII/ptolemy/actor/lib/test/auto/PublisherPort6.xml
2 ms. Memory: 1525248K Free: 1472213K (97%)
----------------- Invoking toplevel() on ptolemy.moml.MoMLSimpleApplication@e83d3c2
----------------- Done invoking toplevel() on ptolemy.moml.MoMLSimpleApplication@e83d3c2
reloadAllAccessors: .PublisherPort6

===========================================================================================
----------------- testing Wed Apr 10 16:28:50 UTC 2019 /home/travis/build/icyphy/ptII/ptolemy/actor/lib/test/auto/PublisherPort7.xml
----------------- Instantiating /home/travis/build/icyphy/ptII/ptolemy/actor/lib/test/auto/PublisherPort7.xml
3 ms. Memory: 1525248K Free: 1451541K (95%)
----------------- Invoking toplevel() on ptolemy.moml.MoMLSimpleApplication@175ddca7
----------------- Done invoking toplevel() on ptolemy.moml.MoMLSimpleApplication@175ddca7
reloadAllAccessors: .PublisherPort7

===========================================================================================
----------------- testing Wed Apr 10 16:28:50 UTC 2019 /home/travis/build/icyphy/ptII/ptolemy/actor/lib/test/auto/PublisherPort8.xml
----------------- Instantiating /home/travis/build/icyphy/ptII/ptolemy/actor/lib/test/auto/PublisherPort8.xml
4 ms. Memory: 1525248K Free: 1437307K (94%)
----------------- Invoking toplevel() on ptolemy.moml.MoMLSimpleApplication@36e732e4
----------------- Done invoking toplevel() on ptolemy.moml.MoMLSimpleApplication@36e732e4
reloadAllAccessors: .PublisherPort8

===========================================================================================
----------------- testing Wed Apr 10 16:28:50 UTC 2019 /home/travis/build/icyphy/ptII/ptolemy/actor/lib/test/auto/PublisherPortSubscriberChannelVariablesAOC2.xml
----------------- Instantiating /home/travis/build/icyphy/ptII/ptolemy/actor/lib/test/auto/PublisherPortSubscriberChannelVariablesAOC2.xml
2 ms. Memory: 1525248K Free: 1402369K (92%)
----------------- Invoking toplevel() on ptolemy.moml.MoMLSimpleApplication@76340e0c
----------------- Done invoking toplevel() on ptolemy.moml.MoMLSimpleApplication@76340e0c
reloadAllAccessors: .PublisherPortSubscriberChannelVariablesAOC2

===========================================================================================
----------------- testing Wed Apr 10 16:28:50 UTC 2019 /home/travis/build/icyphy/ptII/ptolemy/actor/lib/test/auto/PublisherPortSubscriberOpaqueWidthInference.xml
----------------- Instantiating /home/travis/build/icyphy/ptII/ptolemy/actor/lib/test/auto/PublisherPortSubscriberOpaqueWidthInference.xml
4 ms. Memory: 1525248K Free: 1388136K (91%)
----------------- Invoking toplevel() on ptolemy.moml.MoMLSimpleApplication@2e655666
----------------- Done invoking toplevel() on ptolemy.moml.MoMLSimpleApplication@2e655666
reloadAllAccessors: .PublisherPortSubscriberOpaqueWidthInference

===========================================================================================
----------------- testing Wed Apr 10 16:28:50 UTC 2019 /home/travis/build/icyphy/ptII/ptolemy/actor/lib/test/auto/PublisherPortSubscriberPortAdjacent.xml
----------------- Instantiating /home/travis/build/icyphy/ptII/ptolemy/actor/lib/test/auto/PublisherPortSubscriberPortAdjacent.xml
1 ms. Memory: 1525248K Free: 1373902K (90%)
----------------- Invoking toplevel() on ptolemy.moml.MoMLSimpleApplication@14c8d199
----------------- Done invoking toplevel() on ptolemy.moml.MoMLSimpleApplication@14c8d199
reloadAllAccessors: .PublisherPortSubscriberPortAdjacent

===========================================================================================
----------------- testing Wed Apr 10 16:28:50 UTC 2019 /home/travis/build/icyphy/ptII/ptolemy/actor/lib/test/auto/PublisherPortSubscriberPortExpression.xml
----------------- Instantiating /home/travis/build/icyphy/ptII/ptolemy/actor/lib/test/auto/PublisherPortSubscriberPortExpression.xml
3 ms. Memory: 1525248K Free: 1353230K (89%)
----------------- Invoking toplevel() on ptolemy.moml.MoMLSimpleApplication@69431e55
----------------- Done invoking toplevel() on ptolemy.moml.MoMLSimpleApplication@69431e55
reloadAllAccessors: .PublisherPortSubscriberPortExpression

===========================================================================================
----------------- testing Wed Apr 10 16:28:50 UTC 2019 /home/travis/build/icyphy/ptII/ptolemy/actor/lib/test/auto/PublisherPortSubscriberPortOpaqueD3Reverse.xml
----------------- Instantiating /home/travis/build/icyphy/ptII/ptolemy/actor/lib/test/auto/PublisherPortSubscriberPortOpaqueD3Reverse.xml
5 ms. Memory: 1525248K Free: 1338997K (88%)
----------------- Invoking toplevel() on ptolemy.moml.MoMLSimpleApplication@262ba9b0
----------------- Done invoking toplevel() on ptolemy.moml.MoMLSimpleApplication@262ba9b0
reloadAllAccessors: .PublisherPortSubscriberPortOpaqueD3Reverse

===========================================================================================
----------------- testing Wed Apr 10 16:28:50 UTC 2019 /home/travis/build/icyphy/ptII/ptolemy/actor/lib/test/auto/PublisherPortSubscriberPortOpaqueWidthInference.xml
----------------- Instantiating /home/travis/build/icyphy/ptII/ptolemy/actor/lib/test/auto/PublisherPortSubscriberPortOpaqueWidthInference.xml
4 ms. Memory: 1525248K Free: 1324763K (87%)
----------------- Invoking toplevel() on ptolemy.moml.MoMLSimpleApplication@110f4466
----------------- Done invoking toplevel() on ptolemy.moml.MoMLSimpleApplication@110f4466
reloadAllAccessors: .PublisherPortSubscriberPortOpaqueWidthInference

===========================================================================================
----------------- testing Wed Apr 10 16:28:50 UTC 2019 /home/travis/build/icyphy/ptII/ptolemy/actor/lib/test/auto/PublisherPortToplevelSubscriberPortAOC.xml
----------------- Instantiating /home/travis/build/icyphy/ptII/ptolemy/actor/lib/test/auto/PublisherPortToplevelSubscriberPortAOC.xml
.PublisherPortToplevelSubscriberPortAOC.TestExceptionAttribute: initialize() was not invoked, but wrapup() was.  This is unusual, but not always a problem.  For example, exporting JNLP will do this.
1 ms. Memory: 1525248K Free: 1304091K (86%)
----------------- Invoking toplevel() on ptolemy.moml.MoMLSimpleApplication@30fed790
----------------- Done invoking toplevel() on ptolemy.moml.MoMLSimpleApplication@30fed790
reloadAllAccessors: .PublisherPortToplevelSubscriberPortAOC

===========================================================================================
----------------- testing Wed Apr 10 16:28:50 UTC 2019 /home/travis/build/icyphy/ptII/ptolemy/actor/lib/test/auto/PublisherSubscriber.xml
----------------- Instantiating /home/travis/build/icyphy/ptII/ptolemy/actor/lib/test/auto/PublisherSubscriber.xml
2 ms. Memory: 1525248K Free: 1289857K (85%)
----------------- Invoking toplevel() on ptolemy.moml.MoMLSimpleApplication@4f177e16
----------------- Done invoking toplevel() on ptolemy.moml.MoMLSimpleApplication@4f177e16
reloadAllAccessors: .PublisherSubscriber

===========================================================================================
----------------- testing Wed Apr 10 16:28:50 UTC 2019 /home/travis/build/icyphy/ptII/ptolemy/actor/lib/test/auto/PublisherSubscriber10.xml
----------------- Instantiating /home/travis/build/icyphy/ptII/ptolemy/actor/lib/test/auto/PublisherSubscriber10.xml
6 ms. Memory: 1525248K Free: 1269185K (83%)
----------------- Invoking toplevel() on ptolemy.moml.MoMLSimpleApplication@66f2fd28
----------------- Done invoking toplevel() on ptolemy.moml.MoMLSimpleApplication@66f2fd28
reloadAllAccessors: .PublisherSubscriber10

===========================================================================================
----------------- testing Wed Apr 10 16:28:50 UTC 2019 /home/travis/build/icyphy/ptII/ptolemy/actor/lib/test/auto/PublisherSubscriber10InitialOutputs.xml
----------------- Instantiating /home/travis/build/icyphy/ptII/ptolemy/actor/lib/test/auto/PublisherSubscriber10InitialOutputs.xml
10 ms. Memory: 1525248K Free: 1254952K (82%)
----------------- Invoking toplevel() on ptolemy.moml.MoMLSimpleApplication@15e42f49
----------------- Done invoking toplevel() on ptolemy.moml.MoMLSimpleApplication@15e42f49
reloadAllAccessors: .PublisherSubscriber10InitialOutputs

===========================================================================================
----------------- testing Wed Apr 10 16:28:50 UTC 2019 /home/travis/build/icyphy/ptII/ptolemy/actor/lib/test/auto/PublisherSubscriber11.xml
----------------- Instantiating /home/travis/build/icyphy/ptII/ptolemy/actor/lib/test/auto/PublisherSubscriber11.xml
3 ms. Memory: 1525248K Free: 1240718K (81%)
----------------- Invoking toplevel() on ptolemy.moml.MoMLSimpleApplication@5bb6b56c
----------------- Done invoking toplevel() on ptolemy.moml.MoMLSimpleApplication@5bb6b56c
reloadAllAccessors: .PublisherSubscriber11

===========================================================================================
----------------- testing Wed Apr 10 16:28:50 UTC 2019 /home/travis/build/icyphy/ptII/ptolemy/actor/lib/test/auto/PublisherSubscriber12.xml
----------------- Instantiating /home/travis/build/icyphy/ptII/ptolemy/actor/lib/test/auto/PublisherSubscriber12.xml
5 ms. Memory: 1525248K Free: 1220046K (80%)
----------------- Invoking toplevel() on ptolemy.moml.MoMLSimpleApplication@54dd623b
----------------- Done invoking toplevel() on ptolemy.moml.MoMLSimpleApplication@54dd623b
reloadAllAccessors: .PublisherSubscriber12

===========================================================================================
----------------- testing Wed Apr 10 16:28:50 UTC 2019 /home/travis/build/icyphy/ptII/ptolemy/actor/lib/test/auto/PublisherSubscriber13.xml
----------------- Instantiating /home/travis/build/icyphy/ptII/ptolemy/actor/lib/test/auto/PublisherSubscriber13.xml
2 ms. Memory: 1525248K Free: 1205813K (79%)
----------------- Invoking toplevel() on ptolemy.moml.MoMLSimpleApplication@4a75b6b
----------------- Done invoking toplevel() on ptolemy.moml.MoMLSimpleApplication@4a75b6b
reloadAllAccessors: .PublisherSubscriber13

===========================================================================================
----------------- testing Wed Apr 10 16:28:50 UTC 2019 /home/travis/build/icyphy/ptII/ptolemy/actor/lib/test/auto/PublisherSubscriber14.xml
----------------- Instantiating /home/travis/build/icyphy/ptII/ptolemy/actor/lib/test/auto/PublisherSubscriber14.xml
2 ms. Memory: 1525248K Free: 1191579K (78%)
----------------- Invoking toplevel() on ptolemy.moml.MoMLSimpleApplication@495cbf
----------------- Done invoking toplevel() on ptolemy.moml.MoMLSimpleApplication@495cbf
reloadAllAccessors: .PublisherSubscriber14

===========================================================================================
----------------- testing Wed Apr 10 16:28:50 UTC 2019 /home/travis/build/icyphy/ptII/ptolemy/actor/lib/test/auto/PublisherSubscriber2.xml
----------------- Instantiating /home/travis/build/icyphy/ptII/ptolemy/actor/lib/test/auto/PublisherSubscriber2.xml
3 ms. Memory: 1525248K Free: 1170854K (77%)
----------------- Invoking toplevel() on ptolemy.moml.MoMLSimpleApplication@14cb776a
----------------- Done invoking toplevel() on ptolemy.moml.MoMLSimpleApplication@14cb776a
reloadAllAccessors: .PublisherSubscriber2

===========================================================================================
----------------- testing Wed Apr 10 16:28:50 UTC 2019 /home/travis/build/icyphy/ptII/ptolemy/actor/lib/test/auto/PublisherSubscriber3.xml
----------------- Instantiating /home/travis/build/icyphy/ptII/ptolemy/actor/lib/test/auto/PublisherSubscriber3.xml
2 ms. Memory: 1525248K Free: 1156620K (76%)
----------------- Invoking toplevel() on ptolemy.moml.MoMLSimpleApplication@d20ff3d
----------------- Done invoking toplevel() on ptolemy.moml.MoMLSimpleApplication@d20ff3d
reloadAllAccessors: .PublisherSubscriber3

===========================================================================================
----------------- testing Wed Apr 10 16:28:50 UTC 2019 /home/travis/build/icyphy/ptII/ptolemy/actor/lib/test/auto/PublisherSubscriber4.xml
----------------- Instantiating /home/travis/build/icyphy/ptII/ptolemy/actor/lib/test/auto/PublisherSubscriber4.xml
2 ms. Memory: 1525248K Free: 1135948K (74%)
----------------- Invoking toplevel() on ptolemy.moml.MoMLSimpleApplication@52985b92
----------------- Done invoking toplevel() on ptolemy.moml.MoMLSimpleApplication@52985b92
reloadAllAccessors: .PublisherSubscriber4

===========================================================================================
----------------- testing Wed Apr 10 16:28:50 UTC 2019 /home/travis/build/icyphy/ptII/ptolemy/actor/lib/test/auto/PublisherSubscriber5.xml
----------------- Instantiating /home/travis/build/icyphy/ptII/ptolemy/actor/lib/test/auto/PublisherSubscriber5.xml
2 ms. Memory: 1525248K Free: 1121714K (74%)
----------------- Invoking toplevel() on ptolemy.moml.MoMLSimpleApplication@1462355a
----------------- Done invoking toplevel() on ptolemy.moml.MoMLSimpleApplication@1462355a
reloadAllAccessors: .PublisherSubscriber5

===========================================================================================
----------------- testing Wed Apr 10 16:28:50 UTC 2019 /home/travis/build/icyphy/ptII/ptolemy/actor/lib/test/auto/PublisherSubscriber6.xml
----------------- Instantiating /home/travis/build/icyphy/ptII/ptolemy/actor/lib/test/auto/PublisherSubscriber6.xml
4 ms. Memory: 1525248K Free: 1107481K (73%)
----------------- Invoking toplevel() on ptolemy.moml.MoMLSimpleApplication@51766e21
----------------- Done invoking toplevel() on ptolemy.moml.MoMLSimpleApplication@51766e21
reloadAllAccessors: .PublisherSubscriber6

===========================================================================================
----------------- testing Wed Apr 10 16:28:50 UTC 2019 /home/travis/build/icyphy/ptII/ptolemy/actor/lib/test/auto/PublisherSubscriber7.xml
----------------- Instantiating /home/travis/build/icyphy/ptII/ptolemy/actor/lib/test/auto/PublisherSubscriber7.xml
5 ms. Memory: 1525248K Free: 1086809K (71%)
----------------- Invoking toplevel() on ptolemy.moml.MoMLSimpleApplication@45c3ac0b
----------------- Done invoking toplevel() on ptolemy.moml.MoMLSimpleApplication@45c3ac0b
reloadAllAccessors: .PublisherSubscriber7

===========================================================================================
----------------- testing Wed Apr 10 16:28:50 UTC 2019 /home/travis/build/icyphy/ptII/ptolemy/actor/lib/test/auto/PublisherSubscriber8.xml
----------------- Instantiating /home/travis/build/icyphy/ptII/ptolemy/actor/lib/test/auto/PublisherSubscriber8.xml
11 ms. Memory: 1525248K Free: 1001407K (66%)
----------------- Invoking toplevel() on ptolemy.moml.MoMLSimpleApplication@370ecfe3
----------------- Done invoking toplevel() on ptolemy.moml.MoMLSimpleApplication@370ecfe3
reloadAllAccessors: .PublisherSubscriber8

===========================================================================================
----------------- testing Wed Apr 10 16:28:50 UTC 2019 /home/travis/build/icyphy/ptII/ptolemy/actor/lib/test/auto/PublisherSubscriber9.xml
----------------- Instantiating /home/travis/build/icyphy/ptII/ptolemy/actor/lib/test/auto/PublisherSubscriber9.xml
3 ms. Memory: 1525248K Free: 980735K (64%)
----------------- Invoking toplevel() on ptolemy.moml.MoMLSimpleApplication@5592bd09
----------------- Done invoking toplevel() on ptolemy.moml.MoMLSimpleApplication@5592bd09
reloadAllAccessors: .PublisherSubscriber9

===========================================================================================
----------------- testing Wed Apr 10 16:28:50 UTC 2019 /home/travis/build/icyphy/ptII/ptolemy/actor/lib/test/auto/PublisherSubscriberAdjacent.xml
----------------- Instantiating /home/travis/build/icyphy/ptII/ptolemy/actor/lib/test/auto/PublisherSubscriberAdjacent.xml
2 ms. Memory: 1525248K Free: 966501K (63%)
----------------- Invoking toplevel() on ptolemy.moml.MoMLSimpleApplication@6dbd0a41
----------------- Done invoking toplevel() on ptolemy.moml.MoMLSimpleApplication@6dbd0a41
reloadAllAccessors: .PublisherSubscriberAdjacent

===========================================================================================
----------------- testing Wed Apr 10 16:28:50 UTC 2019 /home/travis/build/icyphy/ptII/ptolemy/actor/lib/test/auto/PublisherSubscriberChannelVariablesAOC2.xml
----------------- Instantiating /home/travis/build/icyphy/ptII/ptolemy/actor/lib/test/auto/PublisherSubscriberChannelVariablesAOC2.xml
2 ms. Memory: 1525248K Free: 945151K (62%)
----------------- Invoking toplevel() on ptolemy.moml.MoMLSimpleApplication@5849d554
----------------- Done invoking toplevel() on ptolemy.moml.MoMLSimpleApplication@5849d554
reloadAllAccessors: .PublisherSubscriberChannelVariablesAOC2

===========================================================================================
----------------- testing Wed Apr 10 16:28:50 UTC 2019 /home/travis/build/icyphy/ptII/ptolemy/actor/lib/test/auto/PublisherSubscriberD3.xml
----------------- Instantiating /home/travis/build/icyphy/ptII/ptolemy/actor/lib/test/auto/PublisherSubscriberD3.xml
1 ms. Memory: 1525248K Free: 924479K (61%)
----------------- Invoking toplevel() on ptolemy.moml.MoMLSimpleApplication@76313b15
----------------- Done invoking toplevel() on ptolemy.moml.MoMLSimpleApplication@76313b15
reloadAllAccessors: .PublisherSubscriberD3

===========================================================================================
----------------- testing Wed Apr 10 16:28:50 UTC 2019 /home/travis/build/icyphy/ptII/ptolemy/actor/lib/test/auto/PublisherSubscriberD3Reverse.xml
----------------- Instantiating /home/travis/build/icyphy/ptII/ptolemy/actor/lib/test/auto/PublisherSubscriberD3Reverse.xml
1 ms. Memory: 1525248K Free: 910245K (60%)
----------------- Invoking toplevel() on ptolemy.moml.MoMLSimpleApplication@1900bf3f
----------------- Done invoking toplevel() on ptolemy.moml.MoMLSimpleApplication@1900bf3f
reloadAllAccessors: .PublisherSubscriberD3Reverse

===========================================================================================
----------------- testing Wed Apr 10 16:28:50 UTC 2019 /home/travis/build/icyphy/ptII/ptolemy/actor/lib/test/auto/PublisherSubscriberExpression.xml
----------------- Instantiating /home/travis/build/icyphy/ptII/ptolemy/actor/lib/test/auto/PublisherSubscriberExpression.xml
3 ms. Memory: 1525248K Free: 896011K (59%)
----------------- Invoking toplevel() on ptolemy.moml.MoMLSimpleApplication@48ebb3fb
----------------- Done invoking toplevel() on ptolemy.moml.MoMLSimpleApplication@48ebb3fb
reloadAllAccessors: .PublisherSubscriberExpression

===========================================================================================
----------------- testing Wed Apr 10 16:28:50 UTC 2019 /home/travis/build/icyphy/ptII/ptolemy/actor/lib/test/auto/PublisherSubscriberOpaque.xml
----------------- Instantiating /home/travis/build/icyphy/ptII/ptolemy/actor/lib/test/auto/PublisherSubscriberOpaque.xml
3 ms. Memory: 1525248K Free: 875340K (57%)
----------------- Invoking toplevel() on ptolemy.moml.MoMLSimpleApplication@33391cc9
----------------- Done invoking toplevel() on ptolemy.moml.MoMLSimpleApplication@33391cc9
reloadAllAccessors: .PublisherSubscriberOpaque

===========================================================================================
----------------- testing Wed Apr 10 16:28:50 UTC 2019 /home/travis/build/icyphy/ptII/ptolemy/actor/lib/test/auto/PublisherSubscriberOpaqueD3.xml
----------------- Instantiating /home/travis/build/icyphy/ptII/ptolemy/actor/lib/test/auto/PublisherSubscriberOpaqueD3.xml
5 ms. Memory: 1525248K Free: 853989K (56%)
----------------- Invoking toplevel() on ptolemy.moml.MoMLSimpleApplication@4f76fb31
----------------- Done invoking toplevel() on ptolemy.moml.MoMLSimpleApplication@4f76fb31
reloadAllAccessors: .PublisherSubscriberOpaqueD3

===========================================================================================
----------------- testing Wed Apr 10 16:28:50 UTC 2019 /home/travis/build/icyphy/ptII/ptolemy/actor/lib/test/auto/PublisherSubscriberOpaqueD3Reverse.xml
----------------- Instantiating /home/travis/build/icyphy/ptII/ptolemy/actor/lib/test/auto/PublisherSubscriberOpaqueD3Reverse.xml
6 ms. Memory: 1525248K Free: 833317K (55%)
----------------- Invoking toplevel() on ptolemy.moml.MoMLSimpleApplication@2a96ad7e
----------------- Done invoking toplevel() on ptolemy.moml.MoMLSimpleApplication@2a96ad7e
reloadAllAccessors: .PublisherSubscriberOpaqueD3Reverse

===========================================================================================
----------------- testing Wed Apr 10 16:28:50 UTC 2019 /home/travis/build/icyphy/ptII/ptolemy/actor/lib/test/auto/PublisherSubscriberOpaqueWidthInference.xml
----------------- Instantiating /home/travis/build/icyphy/ptII/ptolemy/actor/lib/test/auto/PublisherSubscriberOpaqueWidthInference.xml
4 ms. Memory: 1525248K Free: 819083K (54%)
----------------- Invoking toplevel() on ptolemy.moml.MoMLSimpleApplication@7aa93f5
----------------- Done invoking toplevel() on ptolemy.moml.MoMLSimpleApplication@7aa93f5
reloadAllAccessors: .PublisherSubscriberOpaqueWidthInference

===========================================================================================
----------------- testing Wed Apr 10 16:28:50 UTC 2019 /home/travis/build/icyphy/ptII/ptolemy/actor/lib/test/auto/PublisherTestSubscriber.xml
----------------- Instantiating /home/travis/build/icyphy/ptII/ptolemy/actor/lib/test/auto/PublisherTestSubscriber.xml
2 ms. Memory: 1525248K Free: 804850K (53%)
----------------- Invoking toplevel() on ptolemy.moml.MoMLSimpleApplication@6b2db791
----------------- Done invoking toplevel() on ptolemy.moml.MoMLSimpleApplication@6b2db791
reloadAllAccessors: .PublisherTestSubscriber

===========================================================================================
----------------- testing Wed Apr 10 16:28:50 UTC 2019 /home/travis/build/icyphy/ptII/ptolemy/actor/lib/test/auto/PublisherToplevelSubscriberPortAOC.xml
----------------- Instantiating /home/travis/build/icyphy/ptII/ptolemy/actor/lib/test/auto/PublisherToplevelSubscriberPortAOC.xml
2 ms. Memory: 1525248K Free: 784178K (51%)
----------------- Invoking toplevel() on ptolemy.moml.MoMLSimpleApplication@39d8e80b
----------------- Done invoking toplevel() on ptolemy.moml.MoMLSimpleApplication@39d8e80b
reloadAllAccessors: .PublisherToplevelSubscriberPortAOC

===========================================================================================
----------------- testing Wed Apr 10 16:28:50 UTC 2019 /home/travis/build/icyphy/ptII/ptolemy/actor/lib/test/auto/PulseFiringLimitDE.xml
----------------- Instantiating /home/travis/build/icyphy/ptII/ptolemy/actor/lib/test/auto/PulseFiringLimitDE.xml
2 ms. Memory: 1525248K Free: 769944K (50%)
----------------- Invoking toplevel() on ptolemy.moml.MoMLSimpleApplication@729e6f7e
----------------- Done invoking toplevel() on ptolemy.moml.MoMLSimpleApplication@729e6f7e
reloadAllAccessors: .PulseFiringLimitDE

===========================================================================================
----------------- testing Wed Apr 10 16:28:50 UTC 2019 /home/travis/build/icyphy/ptII/ptolemy/actor/lib/test/auto/Ramp1.xml
----------------- Instantiating /home/travis/build/icyphy/ptII/ptolemy/actor/lib/test/auto/Ramp1.xml
1 ms. Memory: 1525248K Free: 755711K (50%)
----------------- Invoking toplevel() on ptolemy.moml.MoMLSimpleApplication@7ea53675
----------------- Done invoking toplevel() on ptolemy.moml.MoMLSimpleApplication@7ea53675
reloadAllAccessors: .Ramp1

===========================================================================================
----------------- testing Wed Apr 10 16:28:50 UTC 2019 /home/travis/build/icyphy/ptII/ptolemy/actor/lib/test/auto/RampFiringLimitDE.xml
----------------- Instantiating /home/travis/build/icyphy/ptII/ptolemy/actor/lib/test/auto/RampFiringLimitDE.xml
2 ms. Memory: 1525248K Free: 735038K (48%)
----------------- Invoking toplevel() on ptolemy.moml.MoMLSimpleApplication@3869495f
----------------- Done invoking toplevel() on ptolemy.moml.MoMLSimpleApplication@3869495f
reloadAllAccessors: .RampFiringLimitDE

===========================================================================================
----------------- testing Wed Apr 10 16:28:50 UTC 2019 /home/travis/build/icyphy/ptII/ptolemy/actor/lib/test/auto/RampFiringLimitSDF.xml
----------------- Instantiating /home/travis/build/icyphy/ptII/ptolemy/actor/lib/test/auto/RampFiringLimitSDF.xml
2 ms. Memory: 1525248K Free: 720805K (47%)
----------------- Invoking toplevel() on ptolemy.moml.MoMLSimpleApplication@32a2f049
----------------- Done invoking toplevel() on ptolemy.moml.MoMLSimpleApplication@32a2f049
reloadAllAccessors: .RampFiringLimitSDF

===========================================================================================
----------------- testing Wed Apr 10 16:28:50 UTC 2019 /home/travis/build/icyphy/ptII/ptolemy/actor/lib/test/auto/RandomInteger.xml
----------------- Instantiating /home/travis/build/icyphy/ptII/ptolemy/actor/lib/test/auto/RandomInteger.xml
1 ms. Memory: 1525248K Free: 700133K (46%)
----------------- Invoking toplevel() on ptolemy.moml.MoMLSimpleApplication@140fde47
----------------- Done invoking toplevel() on ptolemy.moml.MoMLSimpleApplication@140fde47
reloadAllAccessors: .RandomInteger

===========================================================================================
----------------- testing Wed Apr 10 16:28:50 UTC 2019 /home/travis/build/icyphy/ptII/ptolemy/actor/lib/test/auto/ReadFile1.xml
----------------- Instantiating /home/travis/build/icyphy/ptII/ptolemy/actor/lib/test/auto/ReadFile1.xml
2 ms. Memory: 1525248K Free: 685899K (45%)
----------------- Invoking toplevel() on ptolemy.moml.MoMLSimpleApplication@4621be5f
----------------- Done invoking toplevel() on ptolemy.moml.MoMLSimpleApplication@4621be5f
reloadAllAccessors: .ReadFile1

===========================================================================================
----------------- testing Wed Apr 10 16:28:50 UTC 2019 /home/travis/build/icyphy/ptII/ptolemy/actor/lib/test/auto/ReadFile2.xml
----------------- Instantiating /home/travis/build/icyphy/ptII/ptolemy/actor/lib/test/auto/ReadFile2.xml
1 ms. Memory: 1525248K Free: 671666K (44%)
----------------- Invoking toplevel() on ptolemy.moml.MoMLSimpleApplication@513ccc63
----------------- Done invoking toplevel() on ptolemy.moml.MoMLSimpleApplication@513ccc63
reloadAllAccessors: .ReadFile2

===========================================================================================
----------------- testing Wed Apr 10 16:28:51 UTC 2019 /home/travis/build/icyphy/ptII/ptolemy/actor/lib/test/auto/Reader.xml
----------------- Instantiating /home/travis/build/icyphy/ptII/ptolemy/actor/lib/test/auto/Reader.xml
actor.lib.Reader is obsolete, use actor.lib.io.ExpressionReader instead
6 ms. Memory: 1525248K Free: 650994K (43%)
----------------- Invoking toplevel() on ptolemy.moml.MoMLSimpleApplication@6fdbe2ff
----------------- Done invoking toplevel() on ptolemy.moml.MoMLSimpleApplication@6fdbe2ff
reloadAllAccessors: .Reader

===========================================================================================
----------------- testing Wed Apr 10 16:28:51 UTC 2019 /home/travis/build/icyphy/ptII/ptolemy/actor/lib/test/auto/RecordAssemblerDisplayNameTest.xml
----------------- Instantiating /home/travis/build/icyphy/ptII/ptolemy/actor/lib/test/auto/RecordAssemblerDisplayNameTest.xml
2860 ms. Memory: 1552896K Free: 844436K (54%)
----------------- Invoking toplevel() on ptolemy.moml.MoMLSimpleApplication@15d0cc2a
----------------- Done invoking toplevel() on ptolemy.moml.MoMLSimpleApplication@15d0cc2a
reloadAllAccessors: .RecordAssemblerDisplayNameTest

===========================================================================================
----------------- testing Wed Apr 10 16:28:53 UTC 2019 /home/travis/build/icyphy/ptII/ptolemy/actor/lib/test/auto/RecordAssemblerTypeError.xml
----------------- Instantiating /home/travis/build/icyphy/ptII/ptolemy/actor/lib/test/auto/RecordAssemblerTypeError.xml
10 ms. Memory: 1552896K Free: 814331K (52%)
----------------- Invoking toplevel() on ptolemy.moml.MoMLSimpleApplication@3faa8261
----------------- Done invoking toplevel() on ptolemy.moml.MoMLSimpleApplication@3faa8261
reloadAllAccessors: .RecordAssemblerTypeError

===========================================================================================
----------------- testing Wed Apr 10 16:28:53 UTC 2019 /home/travis/build/icyphy/ptII/ptolemy/actor/lib/test/auto/RecordDisassember.xml
----------------- Instantiating /home/travis/build/icyphy/ptII/ptolemy/actor/lib/test/auto/RecordDisassember.xml
3 ms. Memory: 1552896K Free: 800001K (52%)
----------------- Invoking toplevel() on ptolemy.moml.MoMLSimpleApplication@5893115f
----------------- Done invoking toplevel() on ptolemy.moml.MoMLSimpleApplication@5893115f
reloadAllAccessors: .RecordDisassember

===========================================================================================
----------------- testing Wed Apr 10 16:28:53 UTC 2019 /home/travis/build/icyphy/ptII/ptolemy/actor/lib/test/auto/RecordDisassemberDisplayNameTest.xml
----------------- Instantiating /home/travis/build/icyphy/ptII/ptolemy/actor/lib/test/auto/RecordDisassemberDisplayNameTest.xml
4 ms. Memory: 1552896K Free: 780695K (50%)
----------------- Invoking toplevel() on ptolemy.moml.MoMLSimpleApplication@4ac403c0
----------------- Done invoking toplevel() on ptolemy.moml.MoMLSimpleApplication@4ac403c0
reloadAllAccessors: .RecordDisassemberDisplayNameTest

===========================================================================================
----------------- testing Wed Apr 10 16:28:53 UTC 2019 /home/travis/build/icyphy/ptII/ptolemy/actor/lib/test/auto/RecordDisassembler.xml
----------------- Instantiating /home/travis/build/icyphy/ptII/ptolemy/actor/lib/test/auto/RecordDisassembler.xml
2 ms. Memory: 1552896K Free: 766364K (49%)
----------------- Invoking toplevel() on ptolemy.moml.MoMLSimpleApplication@3168aa89
----------------- Done invoking toplevel() on ptolemy.moml.MoMLSimpleApplication@3168aa89
reloadAllAccessors: .RecordDisassembler

===========================================================================================
----------------- testing Wed Apr 10 16:28:53 UTC 2019 /home/travis/build/icyphy/ptII/ptolemy/actor/lib/test/auto/RecordDisassembler2.xml
----------------- Instantiating /home/travis/build/icyphy/ptII/ptolemy/actor/lib/test/auto/RecordDisassembler2.xml
2 ms. Memory: 1552896K Free: 747058K (48%)
----------------- Invoking toplevel() on ptolemy.moml.MoMLSimpleApplication@3eccbcc6
----------------- Done invoking toplevel() on ptolemy.moml.MoMLSimpleApplication@3eccbcc6
reloadAllAccessors: .RecordDisassembler2

===========================================================================================
----------------- testing Wed Apr 10 16:28:54 UTC 2019 /home/travis/build/icyphy/ptII/ptolemy/actor/lib/test/auto/RecordUpdater.xml
----------------- Instantiating /home/travis/build/icyphy/ptII/ptolemy/actor/lib/test/auto/RecordUpdater.xml
1 ms. Memory: 1552896K Free: 732728K (47%)
----------------- Invoking toplevel() on ptolemy.moml.MoMLSimpleApplication@4310a1cd
----------------- Done invoking toplevel() on ptolemy.moml.MoMLSimpleApplication@4310a1cd
reloadAllAccessors: .RecordUpdater

===========================================================================================
----------------- testing Wed Apr 10 16:28:54 UTC 2019 /home/travis/build/icyphy/ptII/ptolemy/actor/lib/test/auto/RecordUpdater2.xml
----------------- Instantiating /home/travis/build/icyphy/ptII/ptolemy/actor/lib/test/auto/RecordUpdater2.xml
1 ms. Memory: 1552896K Free: 713422K (46%)
----------------- Invoking toplevel() on ptolemy.moml.MoMLSimpleApplication@2a1a5a67
----------------- Done invoking toplevel() on ptolemy.moml.MoMLSimpleApplication@2a1a5a67
reloadAllAccessors: .RecordUpdater2

===========================================================================================
----------------- testing Wed Apr 10 16:28:54 UTC 2019 /home/travis/build/icyphy/ptII/ptolemy/actor/lib/test/auto/RecursiveLattice.xml
----------------- Instantiating /home/travis/build/icyphy/ptII/ptolemy/actor/lib/test/auto/RecursiveLattice.xml
1 ms. Memory: 1552896K Free: 699091K (45%)
----------------- Invoking toplevel() on ptolemy.moml.MoMLSimpleApplication@32fbe858
----------------- Done invoking toplevel() on ptolemy.moml.MoMLSimpleApplication@32fbe858
reloadAllAccessors: .RecursiveLattice

===========================================================================================
----------------- testing Wed Apr 10 16:28:54 UTC 2019 /home/travis/build/icyphy/ptII/ptolemy/actor/lib/test/auto/Router.xml
----------------- Instantiating /home/travis/build/icyphy/ptII/ptolemy/actor/lib/test/auto/Router.xml
3003 ms. Memory: 1552896K Free: 679785K (44%)
----------------- Invoking toplevel() on ptolemy.moml.MoMLSimpleApplication@5cc03564
----------------- Done invoking toplevel() on ptolemy.moml.MoMLSimpleApplication@5cc03564
reloadAllAccessors: .Router

===========================================================================================
----------------- testing Wed Apr 10 16:28:57 UTC 2019 /home/travis/build/icyphy/ptII/ptolemy/actor/lib/test/auto/Router2.xml
----------------- Instantiating /home/travis/build/icyphy/ptII/ptolemy/actor/lib/test/auto/Router2.xml
3003 ms. Memory: 1552896K Free: 665455K (43%)
----------------- Invoking toplevel() on ptolemy.moml.MoMLSimpleApplication@7137259
----------------- Done invoking toplevel() on ptolemy.moml.MoMLSimpleApplication@7137259
reloadAllAccessors: .Router2

===========================================================================================
----------------- testing Wed Apr 10 16:29:00 UTC 2019 /home/travis/build/icyphy/ptII/ptolemy/actor/lib/test/auto/RunningMaximum.xml
----------------- Instantiating /home/travis/build/icyphy/ptII/ptolemy/actor/lib/test/auto/RunningMaximum.xml
1 ms. Memory: 1552896K Free: 646149K (42%)
----------------- Invoking toplevel() on ptolemy.moml.MoMLSimpleApplication@80c22bc
----------------- Done invoking toplevel() on ptolemy.moml.MoMLSimpleApplication@80c22bc
reloadAllAccessors: .RunningMaximum

===========================================================================================
----------------- testing Wed Apr 10 16:29:00 UTC 2019 /home/travis/build/icyphy/ptII/ptolemy/actor/lib/test/auto/RunningMinimum.xml
----------------- Instantiating /home/travis/build/icyphy/ptII/ptolemy/actor/lib/test/auto/RunningMinimum.xml
3 ms. Memory: 1552896K Free: 631818K (41%)
----------------- Invoking toplevel() on ptolemy.moml.MoMLSimpleApplication@2e185346
----------------- Done invoking toplevel() on ptolemy.moml.MoMLSimpleApplication@2e185346
reloadAllAccessors: .RunningMinimum

===========================================================================================
----------------- testing Wed Apr 10 16:29:00 UTC 2019 /home/travis/build/icyphy/ptII/ptolemy/actor/lib/test/auto/Scale.xml
----------------- Instantiating /home/travis/build/icyphy/ptII/ptolemy/actor/lib/test/auto/Scale.xml
2 ms. Memory: 1552896K Free: 612512K (39%)
----------------- Invoking toplevel() on ptolemy.moml.MoMLSimpleApplication@426db0c0
----------------- Done invoking toplevel() on ptolemy.moml.MoMLSimpleApplication@426db0c0
reloadAllAccessors: .Scale

===========================================================================================
----------------- testing Wed Apr 10 16:29:00 UTC 2019 /home/travis/build/icyphy/ptII/ptolemy/actor/lib/test/auto/Scale2.xml
----------------- Instantiating /home/travis/build/icyphy/ptII/ptolemy/actor/lib/test/auto/Scale2.xml
2 ms. Memory: 1552896K Free: 598181K (39%)
----------------- Invoking toplevel() on ptolemy.moml.MoMLSimpleApplication@df300
----------------- Done invoking toplevel() on ptolemy.moml.MoMLSimpleApplication@df300
reloadAllAccessors: .Scale2

===========================================================================================
----------------- testing Wed Apr 10 16:29:00 UTC 2019 /home/travis/build/icyphy/ptII/ptolemy/actor/lib/test/auto/Scale3.xml
----------------- Instantiating /home/travis/build/icyphy/ptII/ptolemy/actor/lib/test/auto/Scale3.xml
2 ms. Memory: 1552896K Free: 578876K (37%)
----------------- Invoking toplevel() on ptolemy.moml.MoMLSimpleApplication@29687c28
----------------- Done invoking toplevel() on ptolemy.moml.MoMLSimpleApplication@29687c28
reloadAllAccessors: .Scale3

===========================================================================================
----------------- testing Wed Apr 10 16:29:00 UTC 2019 /home/travis/build/icyphy/ptII/ptolemy/actor/lib/test/auto/ScaleArray.xml
----------------- Instantiating /home/travis/build/icyphy/ptII/ptolemy/actor/lib/test/auto/ScaleArray.xml
1 ms. Memory: 1552896K Free: 564545K (36%)
----------------- Invoking toplevel() on ptolemy.moml.MoMLSimpleApplication@11d0dc2a
----------------- Done invoking toplevel() on ptolemy.moml.MoMLSimpleApplication@11d0dc2a
reloadAllAccessors: .ScaleArray

===========================================================================================
----------------- testing Wed Apr 10 16:29:00 UTC 2019 /home/travis/build/icyphy/ptII/ptolemy/actor/lib/test/auto/ScaleArray2.xml
----------------- Instantiating /home/travis/build/icyphy/ptII/ptolemy/actor/lib/test/auto/ScaleArray2.xml
1 ms. Memory: 1552896K Free: 545239K (35%)
----------------- Invoking toplevel() on ptolemy.moml.MoMLSimpleApplication@12eefaa2
----------------- Done invoking toplevel() on ptolemy.moml.MoMLSimpleApplication@12eefaa2
reloadAllAccessors: .ScaleArray2

===========================================================================================
----------------- testing Wed Apr 10 16:29:00 UTC 2019 /home/travis/build/icyphy/ptII/ptolemy/actor/lib/test/auto/ScaleMatrix.xml
----------------- Instantiating /home/travis/build/icyphy/ptII/ptolemy/actor/lib/test/auto/ScaleMatrix.xml
126 ms. Memory: 1552896K Free: 523743K (34%)
----------------- Invoking toplevel() on ptolemy.moml.MoMLSimpleApplication@ca977c7
----------------- Done invoking toplevel() on ptolemy.moml.MoMLSimpleApplication@ca977c7
reloadAllAccessors: .ScaleMatrix

===========================================================================================
----------------- testing Wed Apr 10 16:29:00 UTC 2019 /home/travis/build/icyphy/ptII/ptolemy/actor/lib/test/auto/Select.xml
----------------- Instantiating /home/travis/build/icyphy/ptII/ptolemy/actor/lib/test/auto/Select.xml
2 ms. Memory: 1552896K Free: 504437K (32%)
----------------- Invoking toplevel() on ptolemy.moml.MoMLSimpleApplication@3159e6ca
----------------- Done invoking toplevel() on ptolemy.moml.MoMLSimpleApplication@3159e6ca
reloadAllAccessors: .Select

===========================================================================================
----------------- testing Wed Apr 10 16:29:00 UTC 2019 /home/travis/build/icyphy/ptII/ptolemy/actor/lib/test/auto/Select2.xml
----------------- Instantiating /home/travis/build/icyphy/ptII/ptolemy/actor/lib/test/auto/Select2.xml
1 ms. Memory: 1552896K Free: 490106K (32%)
----------------- Invoking toplevel() on ptolemy.moml.MoMLSimpleApplication@5d6b165e
----------------- Done invoking toplevel() on ptolemy.moml.MoMLSimpleApplication@5d6b165e
reloadAllAccessors: .Select2

===========================================================================================
----------------- testing Wed Apr 10 16:29:00 UTC 2019 /home/travis/build/icyphy/ptII/ptolemy/actor/lib/test/auto/SequenceToArray2.xml
----------------- Instantiating /home/travis/build/icyphy/ptII/ptolemy/actor/lib/test/auto/SequenceToArray2.xml
81 ms. Memory: 1552896K Free: 399130K (26%)
----------------- Invoking toplevel() on ptolemy.moml.MoMLSimpleApplication@32ecf4fc
----------------- Done invoking toplevel() on ptolemy.moml.MoMLSimpleApplication@32ecf4fc
reloadAllAccessors: .SequenceToArray2

===========================================================================================
----------------- testing Wed Apr 10 16:29:00 UTC 2019 /home/travis/build/icyphy/ptII/ptolemy/actor/lib/test/auto/SequentialClock.xml
----------------- Instantiating /home/travis/build/icyphy/ptII/ptolemy/actor/lib/test/auto/SequentialClock.xml
2 ms. Memory: 1552896K Free: 384799K (25%)
----------------- Invoking toplevel() on ptolemy.moml.MoMLSimpleApplication@3cd66475
----------------- Done invoking toplevel() on ptolemy.moml.MoMLSimpleApplication@3cd66475
reloadAllAccessors: .SequentialClock

===========================================================================================
----------------- testing Wed Apr 10 16:29:00 UTC 2019 /home/travis/build/icyphy/ptII/ptolemy/actor/lib/test/auto/SetVariable.xml
----------------- Instantiating /home/travis/build/icyphy/ptII/ptolemy/actor/lib/test/auto/SetVariable.xml
5 ms. Memory: 1552896K Free: 365494K (24%)
----------------- Invoking toplevel() on ptolemy.moml.MoMLSimpleApplication@d95558e
----------------- Done invoking toplevel() on ptolemy.moml.MoMLSimpleApplication@d95558e
reloadAllAccessors: .SetVariable

===========================================================================================
----------------- testing Wed Apr 10 16:29:00 UTC 2019 /home/travis/build/icyphy/ptII/ptolemy/actor/lib/test/auto/SetVariable2.xml
----------------- Instantiating /home/travis/build/icyphy/ptII/ptolemy/actor/lib/test/auto/SetVariable2.xml
3 ms. Memory: 1552896K Free: 351163K (23%)
----------------- Invoking toplevel() on ptolemy.moml.MoMLSimpleApplication@239a63a9
----------------- Done invoking toplevel() on ptolemy.moml.MoMLSimpleApplication@239a63a9
reloadAllAccessors: .SetVariable2

===========================================================================================
----------------- testing Wed Apr 10 16:29:00 UTC 2019 /home/travis/build/icyphy/ptII/ptolemy/actor/lib/test/auto/SetVariable3.xml
----------------- Instantiating /home/travis/build/icyphy/ptII/ptolemy/actor/lib/test/auto/SetVariable3.xml
9 ms. Memory: 1552896K Free: 331857K (21%)
----------------- Invoking toplevel() on ptolemy.moml.MoMLSimpleApplication@15c48c8e
----------------- Done invoking toplevel() on ptolemy.moml.MoMLSimpleApplication@15c48c8e
reloadAllAccessors: .SetVariable3

===========================================================================================
----------------- testing Wed Apr 10 16:29:00 UTC 2019 /home/travis/build/icyphy/ptII/ptolemy/actor/lib/test/auto/SetVariable4.xml
----------------- Instantiating /home/travis/build/icyphy/ptII/ptolemy/actor/lib/test/auto/SetVariable4.xml
15 ms. Memory: 1552896K Free: 267368K (17%)
----------------- Invoking toplevel() on ptolemy.moml.MoMLSimpleApplication@39bf4b5d
----------------- Done invoking toplevel() on ptolemy.moml.MoMLSimpleApplication@39bf4b5d
reloadAllAccessors: .SetVariable4

===========================================================================================
----------------- testing Wed Apr 10 16:29:00 UTC 2019 /home/travis/build/icyphy/ptII/ptolemy/actor/lib/test/auto/SetVariable5.xml
----------------- Instantiating /home/travis/build/icyphy/ptII/ptolemy/actor/lib/test/auto/SetVariable5.xml
22 ms. Memory: 1552896K Free: 248062K (16%)
----------------- Invoking toplevel() on ptolemy.moml.MoMLSimpleApplication@271014f6
----------------- Done invoking toplevel() on ptolemy.moml.MoMLSimpleApplication@271014f6
reloadAllAccessors: .SetVariable5

===========================================================================================
----------------- testing Wed Apr 10 16:29:00 UTC 2019 /home/travis/build/icyphy/ptII/ptolemy/actor/lib/test/auto/Sinewave.xml
----------------- Instantiating /home/travis/build/icyphy/ptII/ptolemy/actor/lib/test/auto/Sinewave.xml
3 ms. Memory: 1552896K Free: 226566K (15%)
----------------- Invoking toplevel() on ptolemy.moml.MoMLSimpleApplication@7679bfc3
----------------- Done invoking toplevel() on ptolemy.moml.MoMLSimpleApplication@7679bfc3
reloadAllAccessors: .Sinewave

===========================================================================================
----------------- testing Wed Apr 10 16:29:00 UTC 2019 /home/travis/build/icyphy/ptII/ptolemy/actor/lib/test/auto/Sinewave2.xml
----------------- Instantiating /home/travis/build/icyphy/ptII/ptolemy/actor/lib/test/auto/Sinewave2.xml
5 ms. Memory: 1552896K Free: 207260K (13%)
----------------- Invoking toplevel() on ptolemy.moml.MoMLSimpleApplication@6f3c6703
----------------- Done invoking toplevel() on ptolemy.moml.MoMLSimpleApplication@6f3c6703
reloadAllAccessors: .Sinewave2

===========================================================================================
----------------- testing Wed Apr 10 16:29:00 UTC 2019 /home/travis/build/icyphy/ptII/ptolemy/actor/lib/test/auto/Sinewave3.xml
----------------- Instantiating /home/travis/build/icyphy/ptII/ptolemy/actor/lib/test/auto/Sinewave3.xml
10 ms. Memory: 1552896K Free: 192929K (12%)
----------------- Invoking toplevel() on ptolemy.moml.MoMLSimpleApplication@55ac8882
----------------- Done invoking toplevel() on ptolemy.moml.MoMLSimpleApplication@55ac8882
reloadAllAccessors: .Sinewave3

===========================================================================================
----------------- testing Wed Apr 10 16:29:00 UTC 2019 /home/travis/build/icyphy/ptII/ptolemy/actor/lib/test/auto/SingleEvent.xml
----------------- Instantiating /home/travis/build/icyphy/ptII/ptolemy/actor/lib/test/auto/SingleEvent.xml
1 ms. Memory: 1552896K Free: 173624K (11%)
----------------- Invoking toplevel() on ptolemy.moml.MoMLSimpleApplication@6ab977e2
----------------- Done invoking toplevel() on ptolemy.moml.MoMLSimpleApplication@6ab977e2
reloadAllAccessors: .SingleEvent

===========================================================================================
----------------- testing Wed Apr 10 16:29:00 UTC 2019 /home/travis/build/icyphy/ptII/ptolemy/actor/lib/test/auto/Sleep.xml
----------------- Instantiating /home/travis/build/icyphy/ptII/ptolemy/actor/lib/test/auto/Sleep.xml
6004 ms. Memory: 1552896K Free: 159293K (10%)
----------------- Invoking toplevel() on ptolemy.moml.MoMLSimpleApplication@5feef05e
----------------- Done invoking toplevel() on ptolemy.moml.MoMLSimpleApplication@5feef05e
reloadAllAccessors: .Sleep

===========================================================================================
----------------- testing Wed Apr 10 16:29:06 UTC 2019 /home/travis/build/icyphy/ptII/ptolemy/actor/lib/test/auto/SleepMultipleFire.xml
----------------- Instantiating /home/travis/build/icyphy/ptII/ptolemy/actor/lib/test/auto/SleepMultipleFire.xml
1005 ms. Memory: 1552896K Free: 139987K (9%)
----------------- Invoking toplevel() on ptolemy.moml.MoMLSimpleApplication@bac1090
----------------- Done invoking toplevel() on ptolemy.moml.MoMLSimpleApplication@bac1090
reloadAllAccessors: .SleepMultipleFire

===========================================================================================
----------------- testing Wed Apr 10 16:29:07 UTC 2019 /home/travis/build/icyphy/ptII/ptolemy/actor/lib/test/auto/StopDE.xml
----------------- Instantiating /home/travis/build/icyphy/ptII/ptolemy/actor/lib/test/auto/StopDE.xml
1 ms. Memory: 1552896K Free: 125656K (8%)
----------------- Invoking toplevel() on ptolemy.moml.MoMLSimpleApplication@13f0c856
----------------- Done invoking toplevel() on ptolemy.moml.MoMLSimpleApplication@13f0c856
reloadAllAccessors: .StopDE

===========================================================================================
----------------- testing Wed Apr 10 16:29:07 UTC 2019 /home/travis/build/icyphy/ptII/ptolemy/actor/lib/test/auto/StopSDF.xml
----------------- Instantiating /home/travis/build/icyphy/ptII/ptolemy/actor/lib/test/auto/StopSDF.xml
3 ms. Memory: 1552896K Free: 106351K (7%)
----------------- Invoking toplevel() on ptolemy.moml.MoMLSimpleApplication@37908ce1
----------------- Done invoking toplevel() on ptolemy.moml.MoMLSimpleApplication@37908ce1
reloadAllAccessors: .StopSDF

===========================================================================================
----------------- testing Wed Apr 10 16:29:07 UTC 2019 /home/travis/build/icyphy/ptII/ptolemy/actor/lib/test/auto/StringConstant.xml
----------------- Instantiating /home/travis/build/icyphy/ptII/ptolemy/actor/lib/test/auto/StringConstant.xml
3 ms. Memory: 1552896K Free: 92020K (6%)
----------------- Invoking toplevel() on ptolemy.moml.MoMLSimpleApplication@623f2f9a
----------------- Done invoking toplevel() on ptolemy.moml.MoMLSimpleApplication@623f2f9a
reloadAllAccessors: .StringConstant

===========================================================================================
----------------- testing Wed Apr 10 16:29:07 UTC 2019 /home/travis/build/icyphy/ptII/ptolemy/actor/lib/test/auto/SubscriberPortInitialValues1.xml
----------------- Instantiating /home/travis/build/icyphy/ptII/ptolemy/actor/lib/test/auto/SubscriberPortInitialValues1.xml
12 ms. Memory: 1667584K Free: 1620390K (97%)
----------------- Invoking toplevel() on ptolemy.moml.MoMLSimpleApplication@53132fd5
----------------- Done invoking toplevel() on ptolemy.moml.MoMLSimpleApplication@53132fd5
reloadAllAccessors: .SubscriberPortInitialValues1

===========================================================================================
----------------- testing Wed Apr 10 16:29:07 UTC 2019 /home/travis/build/icyphy/ptII/ptolemy/actor/lib/test/auto/SubscriberPortInitialValues13.xml
----------------- Instantiating /home/travis/build/icyphy/ptII/ptolemy/actor/lib/test/auto/SubscriberPortInitialValues13.xml
6 ms. Memory: 1667584K Free: 1588737K (95%)
----------------- Invoking toplevel() on ptolemy.moml.MoMLSimpleApplication@1ac20dfa
----------------- Done invoking toplevel() on ptolemy.moml.MoMLSimpleApplication@1ac20dfa
reloadAllAccessors: .SubscriberPortInitialValues13

===========================================================================================
----------------- testing Wed Apr 10 16:29:07 UTC 2019 /home/travis/build/icyphy/ptII/ptolemy/actor/lib/test/auto/SubscriberPortInitialValues14.xml
----------------- Instantiating /home/travis/build/icyphy/ptII/ptolemy/actor/lib/test/auto/SubscriberPortInitialValues14.xml
5 ms. Memory: 1667584K Free: 1568838K (94%)
----------------- Invoking toplevel() on ptolemy.moml.MoMLSimpleApplication@202f6f6b
----------------- Done invoking toplevel() on ptolemy.moml.MoMLSimpleApplication@202f6f6b
reloadAllAccessors: .SubscriberPortInitialValues14

===========================================================================================
----------------- testing Wed Apr 10 16:29:07 UTC 2019 /home/travis/build/icyphy/ptII/ptolemy/actor/lib/test/auto/SubscriberPortInitialValues2.xml
----------------- Instantiating /home/travis/build/icyphy/ptII/ptolemy/actor/lib/test/auto/SubscriberPortInitialValues2.xml
4 ms. Memory: 1667584K Free: 1553187K (93%)
----------------- Invoking toplevel() on ptolemy.moml.MoMLSimpleApplication@1d50c60b
----------------- Done invoking toplevel() on ptolemy.moml.MoMLSimpleApplication@1d50c60b
reloadAllAccessors: .SubscriberPortInitialValues2

===========================================================================================
----------------- testing Wed Apr 10 16:29:08 UTC 2019 /home/travis/build/icyphy/ptII/ptolemy/actor/lib/test/auto/SubscriberPortInitialValues3.xml
----------------- Instantiating /home/travis/build/icyphy/ptII/ptolemy/actor/lib/test/auto/SubscriberPortInitialValues3.xml
4 ms. Memory: 1667584K Free: 1533288K (92%)
----------------- Invoking toplevel() on ptolemy.moml.MoMLSimpleApplication@2936f353
----------------- Done invoking toplevel() on ptolemy.moml.MoMLSimpleApplication@2936f353
reloadAllAccessors: .SubscriberPortInitialValues3

===========================================================================================
----------------- testing Wed Apr 10 16:29:08 UTC 2019 /home/travis/build/icyphy/ptII/ptolemy/actor/lib/test/auto/SubscriptionAggregator.xml
----------------- Instantiating /home/travis/build/icyphy/ptII/ptolemy/actor/lib/test/auto/SubscriptionAggregator.xml
2 ms. Memory: 1667584K Free: 1517636K (91%)
----------------- Invoking toplevel() on ptolemy.moml.MoMLSimpleApplication@460e46a3
----------------- Done invoking toplevel() on ptolemy.moml.MoMLSimpleApplication@460e46a3
reloadAllAccessors: .SubscriptionAggregator

===========================================================================================
----------------- testing Wed Apr 10 16:29:08 UTC 2019 /home/travis/build/icyphy/ptII/ptolemy/actor/lib/test/auto/SubscriptionAggregator2.xml
----------------- Instantiating /home/travis/build/icyphy/ptII/ptolemy/actor/lib/test/auto/SubscriptionAggregator2.xml
2 ms. Memory: 1667584K Free: 1497737K (90%)
----------------- Invoking toplevel() on ptolemy.moml.MoMLSimpleApplication@40cdd919
----------------- Done invoking toplevel() on ptolemy.moml.MoMLSimpleApplication@40cdd919
reloadAllAccessors: .SubscriptionAggregator2

===========================================================================================
----------------- testing Wed Apr 10 16:29:08 UTC 2019 /home/travis/build/icyphy/ptII/ptolemy/actor/lib/test/auto/SubscriptionAggregator3.xml
----------------- Instantiating /home/travis/build/icyphy/ptII/ptolemy/actor/lib/test/auto/SubscriptionAggregator3.xml
3 ms. Memory: 1667584K Free: 1477839K (89%)
----------------- Invoking toplevel() on ptolemy.moml.MoMLSimpleApplication@6f9a354e
----------------- Done invoking toplevel() on ptolemy.moml.MoMLSimpleApplication@6f9a354e
reloadAllAccessors: .SubscriptionAggregator3

===========================================================================================
----------------- testing Wed Apr 10 16:29:08 UTC 2019 /home/travis/build/icyphy/ptII/ptolemy/actor/lib/test/auto/SubscriptionAggregatorMultiply.xml
----------------- Instantiating /home/travis/build/icyphy/ptII/ptolemy/actor/lib/test/auto/SubscriptionAggregatorMultiply.xml
6 ms. Memory: 1667584K Free: 1462187K (88%)
----------------- Invoking toplevel() on ptolemy.moml.MoMLSimpleApplication@5e9585b6
----------------- Done invoking toplevel() on ptolemy.moml.MoMLSimpleApplication@5e9585b6
reloadAllAccessors: .SubscriptionAggregatorMultiply

===========================================================================================
----------------- testing Wed Apr 10 16:29:08 UTC 2019 /home/travis/build/icyphy/ptII/ptolemy/actor/lib/test/auto/SubscriptionAggregatorPortMultiply1.xml
----------------- Instantiating /home/travis/build/icyphy/ptII/ptolemy/actor/lib/test/auto/SubscriptionAggregatorPortMultiply1.xml
3 ms. Memory: 1667584K Free: 1442288K (86%)
----------------- Invoking toplevel() on ptolemy.moml.MoMLSimpleApplication@100e8f0d
----------------- Done invoking toplevel() on ptolemy.moml.MoMLSimpleApplication@100e8f0d
reloadAllAccessors: .SubscriptionAggregatorPortMultiply1

===========================================================================================
----------------- testing Wed Apr 10 16:29:08 UTC 2019 /home/travis/build/icyphy/ptII/ptolemy/actor/lib/test/auto/Switch.xml
----------------- Instantiating /home/travis/build/icyphy/ptII/ptolemy/actor/lib/test/auto/Switch.xml
7 ms. Memory: 1667584K Free: 1379656K (83%)
----------------- Invoking toplevel() on ptolemy.moml.MoMLSimpleApplication@59b8e297
----------------- Done invoking toplevel() on ptolemy.moml.MoMLSimpleApplication@59b8e297
reloadAllAccessors: .Switch

===========================================================================================
----------------- testing Wed Apr 10 16:29:08 UTC 2019 /home/travis/build/icyphy/ptII/ptolemy/actor/lib/test/auto/Switch2.xml
----------------- Instantiating /home/travis/build/icyphy/ptII/ptolemy/actor/lib/test/auto/Switch2.xml
1 ms. Memory: 1667584K Free: 1359758K (82%)
----------------- Invoking toplevel() on ptolemy.moml.MoMLSimpleApplication@55760cc
----------------- Done invoking toplevel() on ptolemy.moml.MoMLSimpleApplication@55760cc
reloadAllAccessors: .Switch2

===========================================================================================
----------------- testing Wed Apr 10 16:29:08 UTC 2019 /home/travis/build/icyphy/ptII/ptolemy/actor/lib/test/auto/SwitchDE.xml
----------------- Instantiating /home/travis/build/icyphy/ptII/ptolemy/actor/lib/test/auto/SwitchDE.xml
2 ms. Memory: 1667584K Free: 1344106K (81%)
----------------- Invoking toplevel() on ptolemy.moml.MoMLSimpleApplication@52993181
----------------- Done invoking toplevel() on ptolemy.moml.MoMLSimpleApplication@52993181
reloadAllAccessors: .SwitchDE

===========================================================================================
----------------- testing Wed Apr 10 16:29:08 UTC 2019 /home/travis/build/icyphy/ptII/ptolemy/actor/lib/test/auto/SynchronizerDE.xml
----------------- Instantiating /home/travis/build/icyphy/ptII/ptolemy/actor/lib/test/auto/SynchronizerDE.xml
6 ms. Memory: 1667584K Free: 1324207K (79%)
----------------- Invoking toplevel() on ptolemy.moml.MoMLSimpleApplication@2b985ccf
----------------- Done invoking toplevel() on ptolemy.moml.MoMLSimpleApplication@2b985ccf
reloadAllAccessors: .SynchronizerDE

===========================================================================================
----------------- testing Wed Apr 10 16:29:08 UTC 2019 /home/travis/build/icyphy/ptII/ptolemy/actor/lib/test/auto/Test.xml
----------------- Instantiating /home/travis/build/icyphy/ptII/ptolemy/actor/lib/test/auto/Test.xml
6 ms. Memory: 1667584K Free: 1304309K (78%)
----------------- Invoking toplevel() on ptolemy.moml.MoMLSimpleApplication@3fb689c1
----------------- Done invoking toplevel() on ptolemy.moml.MoMLSimpleApplication@3fb689c1
reloadAllAccessors: .Test

===========================================================================================
----------------- testing Wed Apr 10 16:29:08 UTC 2019 /home/travis/build/icyphy/ptII/ptolemy/actor/lib/test/auto/TestExceptionAttribute1.xml
----------------- Instantiating /home/travis/build/icyphy/ptII/ptolemy/actor/lib/test/auto/TestExceptionAttribute1.xml
1 ms. Memory: 1667584K Free: 1288657K (77%)
----------------- Invoking toplevel() on ptolemy.moml.MoMLSimpleApplication@4757aa77
----------------- Done invoking toplevel() on ptolemy.moml.MoMLSimpleApplication@4757aa77
reloadAllAccessors: .TestExceptionAttribute1

===========================================================================================
----------------- testing Wed Apr 10 16:29:08 UTC 2019 /home/travis/build/icyphy/ptII/ptolemy/actor/lib/test/auto/TestExceptionAttribute2.xml
----------------- Instantiating /home/travis/build/icyphy/ptII/ptolemy/actor/lib/test/auto/TestExceptionAttribute2.xml
0 ms. Memory: 1667584K Free: 1268759K (76%)
----------------- Invoking toplevel() on ptolemy.moml.MoMLSimpleApplication@6f5b525e
----------------- Done invoking toplevel() on ptolemy.moml.MoMLSimpleApplication@6f5b525e
reloadAllAccessors: .TestExceptionAttribute2

===========================================================================================
----------------- testing Wed Apr 10 16:29:08 UTC 2019 /home/travis/build/icyphy/ptII/ptolemy/actor/lib/test/auto/TestExceptionAttribute3.xml
----------------- Instantiating /home/travis/build/icyphy/ptII/ptolemy/actor/lib/test/auto/TestExceptionAttribute3.xml
.TestExceptionAttribute3.TestExceptionAttribute: initialize() was not invoked, but wrapup() was.  This is unusual, but not always a problem.  For example, exporting JNLP will do this.
0 ms. Memory: 1667584K Free: 1253107K (75%)
----------------- Invoking toplevel() on ptolemy.moml.MoMLSimpleApplication@2acf3cdd
----------------- Done invoking toplevel() on ptolemy.moml.MoMLSimpleApplication@2acf3cdd
reloadAllAccessors: .TestExceptionAttribute3

===========================================================================================
----------------- testing Wed Apr 10 16:29:08 UTC 2019 /home/travis/build/icyphy/ptII/ptolemy/actor/lib/test/auto/TestExceptionAttribute4.xml
----------------- Instantiating /home/travis/build/icyphy/ptII/ptolemy/actor/lib/test/auto/TestExceptionAttribute4.xml
.TestExceptionAttribute4.TestExceptionAttribute: initialize() was not invoked, but wrapup() was.  This is unusual, but not always a problem.  For example, exporting JNLP will do this.
.TestExceptionAttribute4.TestExceptionAttribute2: initialize() was not invoked, but wrapup() was.  This is unusual, but not always a problem.  For example, exporting JNLP will do this.
0 ms. Memory: 1667584K Free: 1233208K (74%)
----------------- Invoking toplevel() on ptolemy.moml.MoMLSimpleApplication@5ab12abb
----------------- Done invoking toplevel() on ptolemy.moml.MoMLSimpleApplication@5ab12abb
reloadAllAccessors: .TestExceptionAttribute4

===========================================================================================
----------------- testing Wed Apr 10 16:29:08 UTC 2019 /home/travis/build/icyphy/ptII/ptolemy/actor/lib/test/auto/TestExceptionHandler1.xml
----------------- Instantiating /home/travis/build/icyphy/ptII/ptolemy/actor/lib/test/auto/TestExceptionHandler1.xml
1 ms. Memory: 1667584K Free: 1213310K (73%)
----------------- Invoking toplevel() on ptolemy.moml.MoMLSimpleApplication@7386fb2b
----------------- Done invoking toplevel() on ptolemy.moml.MoMLSimpleApplication@7386fb2b
reloadAllAccessors: .TestExceptionHandler1

===========================================================================================
----------------- testing Wed Apr 10 16:29:08 UTC 2019 /home/travis/build/icyphy/ptII/ptolemy/actor/lib/test/auto/TestExceptionHandler2.xml
----------------- Instantiating /home/travis/build/icyphy/ptII/ptolemy/actor/lib/test/auto/TestExceptionHandler2.xml
1 ms. Memory: 1667584K Free: 1197658K (72%)
----------------- Invoking toplevel() on ptolemy.moml.MoMLSimpleApplication@1ece8643
----------------- Done invoking toplevel() on ptolemy.moml.MoMLSimpleApplication@1ece8643
reloadAllAccessors: .TestExceptionHandler2

===========================================================================================
----------------- testing Wed Apr 10 16:29:08 UTC 2019 /home/travis/build/icyphy/ptII/ptolemy/actor/lib/test/auto/TestExceptionHandler3.xml
----------------- Instantiating /home/travis/build/icyphy/ptII/ptolemy/actor/lib/test/auto/TestExceptionHandler3.xml
1 ms. Memory: 1667584K Free: 1177760K (71%)
----------------- Invoking toplevel() on ptolemy.moml.MoMLSimpleApplication@378ef224
----------------- Done invoking toplevel() on ptolemy.moml.MoMLSimpleApplication@378ef224
reloadAllAccessors: .TestExceptionHandler3

===========================================================================================
----------------- testing Wed Apr 10 16:29:08 UTC 2019 /home/travis/build/icyphy/ptII/ptolemy/actor/lib/test/auto/TestExceptionHandler4.xml
----------------- Instantiating /home/travis/build/icyphy/ptII/ptolemy/actor/lib/test/auto/TestExceptionHandler4.xml
1 ms. Memory: 1667584K Free: 1162108K (70%)
----------------- Invoking toplevel() on ptolemy.moml.MoMLSimpleApplication@759a371f
----------------- Done invoking toplevel() on ptolemy.moml.MoMLSimpleApplication@759a371f
reloadAllAccessors: .TestExceptionHandler4

===========================================================================================
----------------- testing Wed Apr 10 16:29:08 UTC 2019 /home/travis/build/icyphy/ptII/ptolemy/actor/lib/test/auto/TestRequireCorrectOrder.xml
----------------- Instantiating /home/travis/build/icyphy/ptII/ptolemy/actor/lib/test/auto/TestRequireCorrectOrder.xml
2 ms. Memory: 1667584K Free: 1142210K (68%)
----------------- Invoking toplevel() on ptolemy.moml.MoMLSimpleApplication@58e5b55f
----------------- Done invoking toplevel() on ptolemy.moml.MoMLSimpleApplication@58e5b55f
reloadAllAccessors: .TestRequireCorrectOrder

===========================================================================================
----------------- testing Wed Apr 10 16:29:08 UTC 2019 /home/travis/build/icyphy/ptII/ptolemy/actor/lib/test/auto/TestSimple.xml
----------------- Instantiating /home/travis/build/icyphy/ptII/ptolemy/actor/lib/test/auto/TestSimple.xml
2 ms. Memory: 1667584K Free: 1126558K (68%)
----------------- Invoking toplevel() on ptolemy.moml.MoMLSimpleApplication@5bf8c5a3
----------------- Done invoking toplevel() on ptolemy.moml.MoMLSimpleApplication@5bf8c5a3
reloadAllAccessors: .TestSimple

===========================================================================================
----------------- testing Wed Apr 10 16:29:08 UTC 2019 /home/travis/build/icyphy/ptII/ptolemy/actor/lib/test/auto/ThrowModelError.xml
----------------- Instantiating /home/travis/build/icyphy/ptII/ptolemy/actor/lib/test/auto/ThrowModelError.xml
1 ms. Memory: 1667584K Free: 1106659K (66%)
----------------- Invoking toplevel() on ptolemy.moml.MoMLSimpleApplication@52fed15c
----------------- Done invoking toplevel() on ptolemy.moml.MoMLSimpleApplication@52fed15c
reloadAllAccessors: .ThrowModelError

===========================================================================================
----------------- testing Wed Apr 10 16:29:08 UTC 2019 /home/travis/build/icyphy/ptII/ptolemy/actor/lib/test/auto/TimeDelayMicrosteps.xml
----------------- Instantiating /home/travis/build/icyphy/ptII/ptolemy/actor/lib/test/auto/TimeDelayMicrosteps.xml
2 ms. Memory: 1667584K Free: 1086760K (65%)
----------------- Invoking toplevel() on ptolemy.moml.MoMLSimpleApplication@2c6ec4cc
----------------- Done invoking toplevel() on ptolemy.moml.MoMLSimpleApplication@2c6ec4cc
reloadAllAccessors: .TimeDelayMicrosteps

===========================================================================================
----------------- testing Wed Apr 10 16:29:08 UTC 2019 /home/travis/build/icyphy/ptII/ptolemy/actor/lib/test/auto/TimeDelayMicrosteps2.xml
----------------- Instantiating /home/travis/build/icyphy/ptII/ptolemy/actor/lib/test/auto/TimeDelayMicrosteps2.xml
2 ms. Memory: 1667584K Free: 1071109K (64%)
----------------- Invoking toplevel() on ptolemy.moml.MoMLSimpleApplication@1b5c6dce
----------------- Done invoking toplevel() on ptolemy.moml.MoMLSimpleApplication@1b5c6dce
reloadAllAccessors: .TimeDelayMicrosteps2

===========================================================================================
----------------- testing Wed Apr 10 16:29:08 UTC 2019 /home/travis/build/icyphy/ptII/ptolemy/actor/lib/test/auto/TimeDelayMicrosteps3.xml
----------------- Instantiating /home/travis/build/icyphy/ptII/ptolemy/actor/lib/test/auto/TimeDelayMicrosteps3.xml
2 ms. Memory: 1667584K Free: 1051210K (63%)
----------------- Invoking toplevel() on ptolemy.moml.MoMLSimpleApplication@361db9b9
----------------- Done invoking toplevel() on ptolemy.moml.MoMLSimpleApplication@361db9b9
reloadAllAccessors: .TimeDelayMicrosteps3

===========================================================================================
----------------- testing Wed Apr 10 16:29:08 UTC 2019 /home/travis/build/icyphy/ptII/ptolemy/actor/lib/test/auto/TimeDelayVariableMicrosteps.xml
----------------- Instantiating /home/travis/build/icyphy/ptII/ptolemy/actor/lib/test/auto/TimeDelayVariableMicrosteps.xml
2 ms. Memory: 1667584K Free: 1035558K (62%)
----------------- Invoking toplevel() on ptolemy.moml.MoMLSimpleApplication@1ba0f62
----------------- Done invoking toplevel() on ptolemy.moml.MoMLSimpleApplication@1ba0f62
reloadAllAccessors: .TimeDelayVariableMicrosteps

===========================================================================================
----------------- testing Wed Apr 10 16:29:08 UTC 2019 /home/travis/build/icyphy/ptII/ptolemy/actor/lib/test/auto/TimeGap.xml
----------------- Instantiating /home/travis/build/icyphy/ptII/ptolemy/actor/lib/test/auto/TimeGap.xml
2 ms. Memory: 1667584K Free: 1015660K (61%)
----------------- Invoking toplevel() on ptolemy.moml.MoMLSimpleApplication@1230022a
----------------- Done invoking toplevel() on ptolemy.moml.MoMLSimpleApplication@1230022a
reloadAllAccessors: .TimeGap

===========================================================================================
----------------- testing Wed Apr 10 16:29:08 UTC 2019 /home/travis/build/icyphy/ptII/ptolemy/actor/lib/test/auto/TimeGap2.xml
----------------- Instantiating /home/travis/build/icyphy/ptII/ptolemy/actor/lib/test/auto/TimeGap2.xml
2 ms. Memory: 1667584K Free: 995761K (60%)
----------------- Invoking toplevel() on ptolemy.moml.MoMLSimpleApplication@2299b8d6
----------------- Done invoking toplevel() on ptolemy.moml.MoMLSimpleApplication@2299b8d6
reloadAllAccessors: .TimeGap2

===========================================================================================
----------------- testing Wed Apr 10 16:29:08 UTC 2019 /home/travis/build/icyphy/ptII/ptolemy/actor/lib/test/auto/TimedSinewave.xml
----------------- Instantiating /home/travis/build/icyphy/ptII/ptolemy/actor/lib/test/auto/TimedSinewave.xml
12 ms. Memory: 1667584K Free: 972267K (58%)
----------------- Invoking toplevel() on ptolemy.moml.MoMLSimpleApplication@a6c0255
----------------- Done invoking toplevel() on ptolemy.moml.MoMLSimpleApplication@a6c0255
reloadAllAccessors: .TimedSinewave

===========================================================================================
----------------- testing Wed Apr 10 16:29:08 UTC 2019 /home/travis/build/icyphy/ptII/ptolemy/actor/lib/test/auto/TimedSinewavePhase.xml
----------------- Instantiating /home/travis/build/icyphy/ptII/ptolemy/actor/lib/test/auto/TimedSinewavePhase.xml
9 ms. Memory: 1667584K Free: 952369K (57%)
----------------- Invoking toplevel() on ptolemy.moml.MoMLSimpleApplication@727868c3
----------------- Done invoking toplevel() on ptolemy.moml.MoMLSimpleApplication@727868c3
reloadAllAccessors: .TimedSinewavePhase

===========================================================================================
----------------- testing Wed Apr 10 16:29:08 UTC 2019 /home/travis/build/icyphy/ptII/ptolemy/actor/lib/test/auto/Timer.xml
----------------- Instantiating /home/travis/build/icyphy/ptII/ptolemy/actor/lib/test/auto/Timer.xml
2 ms. Memory: 1667584K Free: 936717K (56%)
----------------- Invoking toplevel() on ptolemy.moml.MoMLSimpleApplication@deee4a6
----------------- Done invoking toplevel() on ptolemy.moml.MoMLSimpleApplication@deee4a6
reloadAllAccessors: .Timer

===========================================================================================
----------------- testing Wed Apr 10 16:29:08 UTC 2019 /home/travis/build/icyphy/ptII/ptolemy/actor/lib/test/auto/TriangularDistTestModel.xml
----------------- Instantiating /home/travis/build/icyphy/ptII/ptolemy/actor/lib/test/auto/TriangularDistTestModel.xml
2 ms. Memory: 1667584K Free: 916819K (55%)
----------------- Invoking toplevel() on ptolemy.moml.MoMLSimpleApplication@66e7440c
----------------- Done invoking toplevel() on ptolemy.moml.MoMLSimpleApplication@66e7440c
reloadAllAccessors: .TriangularDistTestModel

===========================================================================================
----------------- testing Wed Apr 10 16:29:08 UTC 2019 /home/travis/build/icyphy/ptII/ptolemy/actor/lib/test/auto/TrigFunction.xml
----------------- Instantiating /home/travis/build/icyphy/ptII/ptolemy/actor/lib/test/auto/TrigFunction.xml
2 ms. Memory: 1667584K Free: 896920K (54%)
----------------- Invoking toplevel() on ptolemy.moml.MoMLSimpleApplication@6339599a
----------------- Done invoking toplevel() on ptolemy.moml.MoMLSimpleApplication@6339599a
reloadAllAccessors: .TrigFunction

===========================================================================================
----------------- testing Wed Apr 10 16:29:08 UTC 2019 /home/travis/build/icyphy/ptII/ptolemy/actor/lib/test/auto/TrigFunctionDE.xml
----------------- Instantiating /home/travis/build/icyphy/ptII/ptolemy/actor/lib/test/auto/TrigFunctionDE.xml
1 ms. Memory: 1667584K Free: 881269K (53%)
----------------- Invoking toplevel() on ptolemy.moml.MoMLSimpleApplication@35f04dfd
----------------- Done invoking toplevel() on ptolemy.moml.MoMLSimpleApplication@35f04dfd
reloadAllAccessors: .TrigFunctionDE

===========================================================================================
----------------- testing Wed Apr 10 16:29:08 UTC 2019 /home/travis/build/icyphy/ptII/ptolemy/actor/lib/test/auto/TrigFunctionInverse.xml
----------------- Instantiating /home/travis/build/icyphy/ptII/ptolemy/actor/lib/test/auto/TrigFunctionInverse.xml
2 ms. Memory: 1667584K Free: 861370K (52%)
----------------- Invoking toplevel() on ptolemy.moml.MoMLSimpleApplication@3139350
----------------- Done invoking toplevel() on ptolemy.moml.MoMLSimpleApplication@3139350
reloadAllAccessors: .TrigFunctionInverse

===========================================================================================
----------------- testing Wed Apr 10 16:29:08 UTC 2019 /home/travis/build/icyphy/ptII/ptolemy/actor/lib/test/auto/TrigFunctionTan.xml
----------------- Instantiating /home/travis/build/icyphy/ptII/ptolemy/actor/lib/test/auto/TrigFunctionTan.xml
1 ms. Memory: 1667584K Free: 845718K (51%)
----------------- Invoking toplevel() on ptolemy.moml.MoMLSimpleApplication@4e2be652
----------------- Done invoking toplevel() on ptolemy.moml.MoMLSimpleApplication@4e2be652
reloadAllAccessors: .TrigFunctionTan

===========================================================================================
----------------- testing Wed Apr 10 16:29:08 UTC 2019 /home/travis/build/icyphy/ptII/ptolemy/actor/lib/test/auto/TriggeredClock.xml
----------------- Instantiating /home/travis/build/icyphy/ptII/ptolemy/actor/lib/test/auto/TriggeredClock.xml
1 ms. Memory: 1667584K Free: 825820K (50%)
----------------- Invoking toplevel() on ptolemy.moml.MoMLSimpleApplication@7da1ceac
----------------- Done invoking toplevel() on ptolemy.moml.MoMLSimpleApplication@7da1ceac
reloadAllAccessors: .TriggeredClock

===========================================================================================
----------------- testing Wed Apr 10 16:29:08 UTC 2019 /home/travis/build/icyphy/ptII/ptolemy/actor/lib/test/auto/URLDirectoryReader.xml
----------------- Instantiating /home/travis/build/icyphy/ptII/ptolemy/actor/lib/test/auto/URLDirectoryReader.xml
27 ms. Memory: 1667584K Free: 810168K (49%)
----------------- Invoking toplevel() on ptolemy.moml.MoMLSimpleApplication@45a246c1
----------------- Done invoking toplevel() on ptolemy.moml.MoMLSimpleApplication@45a246c1
reloadAllAccessors: .URLDirectoryReader

===========================================================================================
----------------- testing Wed Apr 10 16:29:08 UTC 2019 /home/travis/build/icyphy/ptII/ptolemy/actor/lib/test/auto/URLDirectoryReader3.xml
----------------- Instantiating /home/travis/build/icyphy/ptII/ptolemy/actor/lib/test/auto/URLDirectoryReader3.xml
1139 ms. Memory: 1667584K Free: 750883K (45%)
----------------- Invoking toplevel() on ptolemy.moml.MoMLSimpleApplication@1c916be1
----------------- Done invoking toplevel() on ptolemy.moml.MoMLSimpleApplication@1c916be1
reloadAllAccessors: .URLDirectoryReader3

===========================================================================================
----------------- testing Wed Apr 10 16:29:10 UTC 2019 /home/travis/build/icyphy/ptII/ptolemy/actor/lib/test/auto/UnaryMathFunction.xml
----------------- Instantiating /home/travis/build/icyphy/ptII/ptolemy/actor/lib/test/auto/UnaryMathFunction.xml
3 ms. Memory: 1667584K Free: 730985K (44%)
----------------- Invoking toplevel() on ptolemy.moml.MoMLSimpleApplication@590f058b
----------------- Done invoking toplevel() on ptolemy.moml.MoMLSimpleApplication@590f058b
reloadAllAccessors: .UnaryMathFunction

===========================================================================================
----------------- testing Wed Apr 10 16:29:10 UTC 2019 /home/travis/build/icyphy/ptII/ptolemy/actor/lib/test/auto/Uniform.xml
----------------- Instantiating /home/travis/build/icyphy/ptII/ptolemy/actor/lib/test/auto/Uniform.xml
10 ms. Memory: 1667584K Free: 715333K (43%)
----------------- Invoking toplevel() on ptolemy.moml.MoMLSimpleApplication@64c19262
----------------- Done invoking toplevel() on ptolemy.moml.MoMLSimpleApplication@64c19262
reloadAllAccessors: .Uniform

===========================================================================================
----------------- testing Wed Apr 10 16:29:10 UTC 2019 /home/travis/build/icyphy/ptII/ptolemy/actor/lib/test/auto/UnionDisassemblerTest.xml
----------------- Instantiating /home/travis/build/icyphy/ptII/ptolemy/actor/lib/test/auto/UnionDisassemblerTest.xml
10 ms. Memory: 1667584K Free: 695435K (42%)
----------------- Invoking toplevel() on ptolemy.moml.MoMLSimpleApplication@726512e1
----------------- Done invoking toplevel() on ptolemy.moml.MoMLSimpleApplication@726512e1
reloadAllAccessors: .UnionDisassemblerTest

===========================================================================================
----------------- testing Wed Apr 10 16:29:10 UTC 2019 /home/travis/build/icyphy/ptII/ptolemy/actor/lib/test/auto/UtilityFunctions.xml
----------------- Instantiating /home/travis/build/icyphy/ptII/ptolemy/actor/lib/test/auto/UtilityFunctions.xml
5 ms. Memory: 1667584K Free: 679783K (41%)
----------------- Invoking toplevel() on ptolemy.moml.MoMLSimpleApplication@2557caf8
----------------- Done invoking toplevel() on ptolemy.moml.MoMLSimpleApplication@2557caf8
reloadAllAccessors: .UtilityFunctions

===========================================================================================
----------------- testing Wed Apr 10 16:29:10 UTC 2019 /home/travis/build/icyphy/ptII/ptolemy/actor/lib/test/auto/VariableSleep.xml
----------------- Instantiating /home/travis/build/icyphy/ptII/ptolemy/actor/lib/test/auto/VariableSleep.xml
503 ms. Memory: 1667584K Free: 659885K (40%)
----------------- Invoking toplevel() on ptolemy.moml.MoMLSimpleApplication@4ad56557
----------------- Done invoking toplevel() on ptolemy.moml.MoMLSimpleApplication@4ad56557
reloadAllAccessors: .VariableSleep

===========================================================================================
----------------- testing Wed Apr 10 16:29:10 UTC 2019 /home/travis/build/icyphy/ptII/ptolemy/actor/lib/test/auto/VectorAssemblerDisassemblerCT.xml
----------------- Instantiating /home/travis/build/icyphy/ptII/ptolemy/actor/lib/test/auto/VectorAssemblerDisassemblerCT.xml
68 ms. Memory: 1667584K Free: 624318K (37%)
----------------- Invoking toplevel() on ptolemy.moml.MoMLSimpleApplication@710b5134
----------------- Done invoking toplevel() on ptolemy.moml.MoMLSimpleApplication@710b5134
reloadAllAccessors: .VectorAssemblerDisassemblerCT

===========================================================================================
----------------- testing Wed Apr 10 16:29:10 UTC 2019 /home/travis/build/icyphy/ptII/ptolemy/actor/lib/test/auto/VectorAssemblerDisassemblerDE.xml
----------------- Instantiating /home/travis/build/icyphy/ptII/ptolemy/actor/lib/test/auto/VectorAssemblerDisassemblerDE.xml
2 ms. Memory: 1667584K Free: 608666K (36%)
----------------- Invoking toplevel() on ptolemy.moml.MoMLSimpleApplication@94c17b1
----------------- Done invoking toplevel() on ptolemy.moml.MoMLSimpleApplication@94c17b1
reloadAllAccessors: .VectorAssemblerDisassemblerDE

===========================================================================================
----------------- testing Wed Apr 10 16:29:10 UTC 2019 /home/travis/build/icyphy/ptII/ptolemy/actor/lib/test/auto/VectorAssemblerDisassemblerSDF.xml
----------------- Instantiating /home/travis/build/icyphy/ptII/ptolemy/actor/lib/test/auto/VectorAssemblerDisassemblerSDF.xml
2 ms. Memory: 1667584K Free: 588768K (35%)
----------------- Invoking toplevel() on ptolemy.moml.MoMLSimpleApplication@6469827c
----------------- Done invoking toplevel() on ptolemy.moml.MoMLSimpleApplication@6469827c
reloadAllAccessors: .VectorAssemblerDisassemblerSDF

===========================================================================================
----------------- testing Wed Apr 10 16:29:10 UTC 2019 /home/travis/build/icyphy/ptII/ptolemy/actor/lib/test/auto/WallClockTime.xml
----------------- Instantiating /home/travis/build/icyphy/ptII/ptolemy/actor/lib/test/auto/WallClockTime.xml
1004 ms. Memory: 1667584K Free: 573116K (34%)
----------------- Invoking toplevel() on ptolemy.moml.MoMLSimpleApplication@3c32ac17
----------------- Done invoking toplevel() on ptolemy.moml.MoMLSimpleApplication@3c32ac17
reloadAllAccessors: .WallClockTime

===========================================================================================
----------------- testing Wed Apr 10 16:29:12 UTC 2019 /home/travis/build/icyphy/ptII/ptolemy/actor/lib/test/auto/WidthTestWithSubscriberPublisher.xml
----------------- Instantiating /home/travis/build/icyphy/ptII/ptolemy/actor/lib/test/auto/WidthTestWithSubscriberPublisher.xml
7 ms. Memory: 1667584K Free: 545375K (33%)
----------------- Invoking toplevel() on ptolemy.moml.MoMLSimpleApplication@244afd1a
----------------- Done invoking toplevel() on ptolemy.moml.MoMLSimpleApplication@244afd1a
reloadAllAccessors: .WidthTestWithSubscriberPublisher

===========================================================================================
----------------- testing Wed Apr 10 16:29:12 UTC 2019 /home/travis/build/icyphy/ptII/ptolemy/actor/lib/test/auto/WidthTestWithSubscriberPublisher2.xml
----------------- Instantiating /home/travis/build/icyphy/ptII/ptolemy/actor/lib/test/auto/WidthTestWithSubscriberPublisher2.xml
2 ms. Memory: 1667584K Free: 525477K (32%)
----------------- Invoking toplevel() on ptolemy.moml.MoMLSimpleApplication@225d96c7
----------------- Done invoking toplevel() on ptolemy.moml.MoMLSimpleApplication@225d96c7
reloadAllAccessors: .WidthTestWithSubscriberPublisher2

===========================================================================================
----------------- testing Wed Apr 10 16:29:12 UTC 2019 /home/travis/build/icyphy/ptII/ptolemy/actor/lib/test/auto/WidthTestWithSubscriberPublisher3.xml
----------------- Instantiating /home/travis/build/icyphy/ptII/ptolemy/actor/lib/test/auto/WidthTestWithSubscriberPublisher3.xml
2 ms. Memory: 1667584K Free: 509825K (31%)
----------------- Invoking toplevel() on ptolemy.moml.MoMLSimpleApplication@4410bfe5
----------------- Done invoking toplevel() on ptolemy.moml.MoMLSimpleApplication@4410bfe5
reloadAllAccessors: .WidthTestWithSubscriberPublisher3

===========================================================================================
----------------- testing Wed Apr 10 16:29:12 UTC 2019 /home/travis/build/icyphy/ptII/ptolemy/actor/lib/test/auto/Writer.xml
----------------- Instantiating /home/travis/build/icyphy/ptII/ptolemy/actor/lib/test/auto/Writer.xml
0
1
2
3
4
2 ms. Memory: 1667584K Free: 489927K (29%)
----------------- Invoking toplevel() on ptolemy.moml.MoMLSimpleApplication@790b030
----------------- Done invoking toplevel() on ptolemy.moml.MoMLSimpleApplication@790b030
reloadAllAccessors: .Writer

===========================================================================================
----------------- testing Wed Apr 10 16:29:12 UTC 2019 /home/travis/build/icyphy/ptII/ptolemy/actor/lib/test/auto/array.xml
----------------- Instantiating /home/travis/build/icyphy/ptII/ptolemy/actor/lib/test/auto/array.xml
2 ms. Memory: 1667584K Free: 474275K (28%)
----------------- Invoking toplevel() on ptolemy.moml.MoMLSimpleApplication@6067110
----------------- Done invoking toplevel() on ptolemy.moml.MoMLSimpleApplication@6067110
reloadAllAccessors: .array

===========================================================================================
----------------- testing Wed Apr 10 16:29:12 UTC 2019 /home/travis/build/icyphy/ptII/ptolemy/actor/lib/test/auto/array2.xml
----------------- Instantiating /home/travis/build/icyphy/ptII/ptolemy/actor/lib/test/auto/array2.xml
6 ms. Memory: 1667584K Free: 454376K (27%)
----------------- Invoking toplevel() on ptolemy.moml.MoMLSimpleApplication@53562859
----------------- Done invoking toplevel() on ptolemy.moml.MoMLSimpleApplication@53562859
reloadAllAccessors: .array2

===========================================================================================
----------------- testing Wed Apr 10 16:29:12 UTC 2019 /home/travis/build/icyphy/ptII/ptolemy/actor/lib/test/auto/arrayType.xml
----------------- Instantiating /home/travis/build/icyphy/ptII/ptolemy/actor/lib/test/auto/arrayType.xml
1 ms. Memory: 1667584K Free: 434478K (26%)
----------------- Invoking toplevel() on ptolemy.moml.MoMLSimpleApplication@2018f712
----------------- Done invoking toplevel() on ptolemy.moml.MoMLSimpleApplication@2018f712
reloadAllAccessors: .arrayType

===========================================================================================
----------------- testing Wed Apr 10 16:29:12 UTC 2019 /home/travis/build/icyphy/ptII/ptolemy/actor/lib/test/auto/arrayType10.xml
----------------- Instantiating /home/travis/build/icyphy/ptII/ptolemy/actor/lib/test/auto/arrayType10.xml
1 ms. Memory: 1667584K Free: 418826K (25%)
----------------- Invoking toplevel() on ptolemy.moml.MoMLSimpleApplication@10c798c3
----------------- Done invoking toplevel() on ptolemy.moml.MoMLSimpleApplication@10c798c3
reloadAllAccessors: .arrayType10

===========================================================================================
----------------- testing Wed Apr 10 16:29:12 UTC 2019 /home/travis/build/icyphy/ptII/ptolemy/actor/lib/test/auto/arrayType11.xml
----------------- Instantiating /home/travis/build/icyphy/ptII/ptolemy/actor/lib/test/auto/arrayType11.xml
1 ms. Memory: 1667584K Free: 398928K (24%)
----------------- Invoking toplevel() on ptolemy.moml.MoMLSimpleApplication@242d8634
----------------- Done invoking toplevel() on ptolemy.moml.MoMLSimpleApplication@242d8634
reloadAllAccessors: .arrayType11

===========================================================================================
----------------- testing Wed Apr 10 16:29:12 UTC 2019 /home/travis/build/icyphy/ptII/ptolemy/actor/lib/test/auto/arrayType12.xml
----------------- Instantiating /home/travis/build/icyphy/ptII/ptolemy/actor/lib/test/auto/arrayType12.xml
1 ms. Memory: 1667584K Free: 383276K (23%)
----------------- Invoking toplevel() on ptolemy.moml.MoMLSimpleApplication@64b117c7
----------------- Done invoking toplevel() on ptolemy.moml.MoMLSimpleApplication@64b117c7
reloadAllAccessors: .arrayType12

===========================================================================================
----------------- testing Wed Apr 10 16:29:12 UTC 2019 /home/travis/build/icyphy/ptII/ptolemy/actor/lib/test/auto/arrayType13.xml
----------------- Instantiating /home/travis/build/icyphy/ptII/ptolemy/actor/lib/test/auto/arrayType13.xml
2 ms. Memory: 1667584K Free: 363377K (22%)
----------------- Invoking toplevel() on ptolemy.moml.MoMLSimpleApplication@5a2bc648
----------------- Done invoking toplevel() on ptolemy.moml.MoMLSimpleApplication@5a2bc648
reloadAllAccessors: .arrayType13

===========================================================================================
----------------- testing Wed Apr 10 16:29:12 UTC 2019 /home/travis/build/icyphy/ptII/ptolemy/actor/lib/test/auto/arrayType14.xml
----------------- Instantiating /home/travis/build/icyphy/ptII/ptolemy/actor/lib/test/auto/arrayType14.xml
1 ms. Memory: 1667584K Free: 343479K (21%)
----------------- Invoking toplevel() on ptolemy.moml.MoMLSimpleApplication@5690649d
----------------- Done invoking toplevel() on ptolemy.moml.MoMLSimpleApplication@5690649d
reloadAllAccessors: .arrayType14

===========================================================================================
----------------- testing Wed Apr 10 16:29:12 UTC 2019 /home/travis/build/icyphy/ptII/ptolemy/actor/lib/test/auto/arrayType15.xml
----------------- Instantiating /home/travis/build/icyphy/ptII/ptolemy/actor/lib/test/auto/arrayType15.xml
2 ms. Memory: 1667584K Free: 327827K (20%)
----------------- Invoking toplevel() on ptolemy.moml.MoMLSimpleApplication@b3d1c94
----------------- Done invoking toplevel() on ptolemy.moml.MoMLSimpleApplication@b3d1c94
reloadAllAccessors: .arrayType15

===========================================================================================
----------------- testing Wed Apr 10 16:29:12 UTC 2019 /home/travis/build/icyphy/ptII/ptolemy/actor/lib/test/auto/arrayType16.xml
----------------- Instantiating /home/travis/build/icyphy/ptII/ptolemy/actor/lib/test/auto/arrayType16.xml
5 ms. Memory: 1667584K Free: 307929K (18%)
----------------- Invoking toplevel() on ptolemy.moml.MoMLSimpleApplication@37f7912a
----------------- Done invoking toplevel() on ptolemy.moml.MoMLSimpleApplication@37f7912a
reloadAllAccessors: .arrayType16

===========================================================================================
----------------- testing Wed Apr 10 16:29:12 UTC 2019 /home/travis/build/icyphy/ptII/ptolemy/actor/lib/test/auto/arrayType17.xml
----------------- Instantiating /home/travis/build/icyphy/ptII/ptolemy/actor/lib/test/auto/arrayType17.xml
2 ms. Memory: 1667584K Free: 292277K (18%)
----------------- Invoking toplevel() on ptolemy.moml.MoMLSimpleApplication@792ee066
----------------- Done invoking toplevel() on ptolemy.moml.MoMLSimpleApplication@792ee066
reloadAllAccessors: .arrayType17

===========================================================================================
----------------- testing Wed Apr 10 16:29:12 UTC 2019 /home/travis/build/icyphy/ptII/ptolemy/actor/lib/test/auto/arrayType18.xml
----------------- Instantiating /home/travis/build/icyphy/ptII/ptolemy/actor/lib/test/auto/arrayType18.xml
1 ms. Memory: 1667584K Free: 272378K (16%)
----------------- Invoking toplevel() on ptolemy.moml.MoMLSimpleApplication@399bbb4d
----------------- Done invoking toplevel() on ptolemy.moml.MoMLSimpleApplication@399bbb4d
reloadAllAccessors: .arrayType18

===========================================================================================
----------------- testing Wed Apr 10 16:29:12 UTC 2019 /home/travis/build/icyphy/ptII/ptolemy/actor/lib/test/auto/arrayType19.xml
----------------- Instantiating /home/travis/build/icyphy/ptII/ptolemy/actor/lib/test/auto/arrayType19.xml
1 ms. Memory: 1667584K Free: 252480K (15%)
----------------- Invoking toplevel() on ptolemy.moml.MoMLSimpleApplication@1b41fe31
----------------- Done invoking toplevel() on ptolemy.moml.MoMLSimpleApplication@1b41fe31
reloadAllAccessors: .arrayType19

===========================================================================================
----------------- testing Wed Apr 10 16:29:12 UTC 2019 /home/travis/build/icyphy/ptII/ptolemy/actor/lib/test/auto/arrayType2.xml
----------------- Instantiating /home/travis/build/icyphy/ptII/ptolemy/actor/lib/test/auto/arrayType2.xml
1 ms. Memory: 1667584K Free: 236828K (14%)
----------------- Invoking toplevel() on ptolemy.moml.MoMLSimpleApplication@3ba7e83f
----------------- Done invoking toplevel() on ptolemy.moml.MoMLSimpleApplication@3ba7e83f
reloadAllAccessors: .arrayType2

===========================================================================================
----------------- testing Wed Apr 10 16:29:12 UTC 2019 /home/travis/build/icyphy/ptII/ptolemy/actor/lib/test/auto/arrayType20.xml
----------------- Instantiating /home/travis/build/icyphy/ptII/ptolemy/actor/lib/test/auto/arrayType20.xml
1 ms. Memory: 1667584K Free: 216929K (13%)
----------------- Invoking toplevel() on ptolemy.moml.MoMLSimpleApplication@2b84ec32
----------------- Done invoking toplevel() on ptolemy.moml.MoMLSimpleApplication@2b84ec32
reloadAllAccessors: .arrayType20

===========================================================================================
----------------- testing Wed Apr 10 16:29:12 UTC 2019 /home/travis/build/icyphy/ptII/ptolemy/actor/lib/test/auto/arrayType21.xml
----------------- Instantiating /home/travis/build/icyphy/ptII/ptolemy/actor/lib/test/auto/arrayType21.xml
1 ms. Memory: 1667584K Free: 201278K (12%)
----------------- Invoking toplevel() on ptolemy.moml.MoMLSimpleApplication@226ef505
----------------- Done invoking toplevel() on ptolemy.moml.MoMLSimpleApplication@226ef505
reloadAllAccessors: .arrayType21

===========================================================================================
----------------- testing Wed Apr 10 16:29:12 UTC 2019 /home/travis/build/icyphy/ptII/ptolemy/actor/lib/test/auto/arrayType22.xml
----------------- Instantiating /home/travis/build/icyphy/ptII/ptolemy/actor/lib/test/auto/arrayType22.xml
2 ms. Memory: 1667584K Free: 181379K (11%)
----------------- Invoking toplevel() on ptolemy.moml.MoMLSimpleApplication@663416a2
----------------- Done invoking toplevel() on ptolemy.moml.MoMLSimpleApplication@663416a2
reloadAllAccessors: .arrayType22

===========================================================================================
----------------- testing Wed Apr 10 16:29:12 UTC 2019 /home/travis/build/icyphy/ptII/ptolemy/actor/lib/test/auto/arrayType23.xml
----------------- Instantiating /home/travis/build/icyphy/ptII/ptolemy/actor/lib/test/auto/arrayType23.xml
2 ms. Memory: 1667584K Free: 161481K (10%)
----------------- Invoking toplevel() on ptolemy.moml.MoMLSimpleApplication@519dc603
----------------- Done invoking toplevel() on ptolemy.moml.MoMLSimpleApplication@519dc603
reloadAllAccessors: .arrayType23

===========================================================================================
----------------- testing Wed Apr 10 16:29:12 UTC 2019 /home/travis/build/icyphy/ptII/ptolemy/actor/lib/test/auto/arrayType24.xml
----------------- Instantiating /home/travis/build/icyphy/ptII/ptolemy/actor/lib/test/auto/arrayType24.xml
3 ms. Memory: 1667584K Free: 145829K (9%)
----------------- Invoking toplevel() on ptolemy.moml.MoMLSimpleApplication@5b9c71d3
----------------- Done invoking toplevel() on ptolemy.moml.MoMLSimpleApplication@5b9c71d3
reloadAllAccessors: .arrayType24

===========================================================================================
----------------- testing Wed Apr 10 16:29:12 UTC 2019 /home/travis/build/icyphy/ptII/ptolemy/actor/lib/test/auto/arrayType25.xml
----------------- Instantiating /home/travis/build/icyphy/ptII/ptolemy/actor/lib/test/auto/arrayType25.xml
2 ms. Memory: 1667584K Free: 125930K (8%)
----------------- Invoking toplevel() on ptolemy.moml.MoMLSimpleApplication@5869c7ac
----------------- Done invoking toplevel() on ptolemy.moml.MoMLSimpleApplication@5869c7ac
reloadAllAccessors: .arrayType25

===========================================================================================
----------------- testing Wed Apr 10 16:29:12 UTC 2019 /home/travis/build/icyphy/ptII/ptolemy/actor/lib/test/auto/arrayType26.xml
----------------- Instantiating /home/travis/build/icyphy/ptII/ptolemy/actor/lib/test/auto/arrayType26.xml
4 ms. Memory: 1667584K Free: 110279K (7%)
----------------- Invoking toplevel() on ptolemy.moml.MoMLSimpleApplication@42f98c82
----------------- Done invoking toplevel() on ptolemy.moml.MoMLSimpleApplication@42f98c82
reloadAllAccessors: .arrayType26

===========================================================================================
----------------- testing Wed Apr 10 16:29:12 UTC 2019 /home/travis/build/icyphy/ptII/ptolemy/actor/lib/test/auto/arrayType27.xml
----------------- Instantiating /home/travis/build/icyphy/ptII/ptolemy/actor/lib/test/auto/arrayType27.xml
3 ms. Memory: 1667584K Free: 90380K (5%)
----------------- Invoking toplevel() on ptolemy.moml.MoMLSimpleApplication@27b4186a
----------------- Done invoking toplevel() on ptolemy.moml.MoMLSimpleApplication@27b4186a
reloadAllAccessors: .arrayType27

===========================================================================================
----------------- testing Wed Apr 10 16:29:12 UTC 2019 /home/travis/build/icyphy/ptII/ptolemy/actor/lib/test/auto/arrayType28.xml
----------------- Instantiating /home/travis/build/icyphy/ptII/ptolemy/actor/lib/test/auto/arrayType28.xml
2 ms. Memory: 1667584K Free: 70481K (4%)
----------------- Invoking toplevel() on ptolemy.moml.MoMLSimpleApplication@5d13fe41
----------------- Done invoking toplevel() on ptolemy.moml.MoMLSimpleApplication@5d13fe41
reloadAllAccessors: .arrayType28

===========================================================================================
----------------- testing Wed Apr 10 16:29:12 UTC 2019 /home/travis/build/icyphy/ptII/ptolemy/actor/lib/test/auto/arrayType3.xml
----------------- Instantiating /home/travis/build/icyphy/ptII/ptolemy/actor/lib/test/auto/arrayType3.xml
23 ms. Memory: 1691648K Free: 1639911K (97%)
----------------- Invoking toplevel() on ptolemy.moml.MoMLSimpleApplication@37f911b1
----------------- Done invoking toplevel() on ptolemy.moml.MoMLSimpleApplication@37f911b1
reloadAllAccessors: .arrayType3

===========================================================================================
----------------- testing Wed Apr 10 16:29:12 UTC 2019 /home/travis/build/icyphy/ptII/ptolemy/actor/lib/test/auto/arrayType4.xml
----------------- Instantiating /home/travis/build/icyphy/ptII/ptolemy/actor/lib/test/auto/arrayType4.xml
2 ms. Memory: 1691648K Free: 1611781K (95%)
----------------- Invoking toplevel() on ptolemy.moml.MoMLSimpleApplication@2730014a
----------------- Done invoking toplevel() on ptolemy.moml.MoMLSimpleApplication@2730014a
reloadAllAccessors: .arrayType4

===========================================================================================
----------------- testing Wed Apr 10 16:29:12 UTC 2019 /home/travis/build/icyphy/ptII/ptolemy/actor/lib/test/auto/arrayType5.xml
----------------- Instantiating /home/travis/build/icyphy/ptII/ptolemy/actor/lib/test/auto/arrayType5.xml
2 ms. Memory: 1691648K Free: 1591902K (94%)
----------------- Invoking toplevel() on ptolemy.moml.MoMLSimpleApplication@66561f32
----------------- Done invoking toplevel() on ptolemy.moml.MoMLSimpleApplication@66561f32
reloadAllAccessors: .arrayType5

===========================================================================================
----------------- testing Wed Apr 10 16:29:12 UTC 2019 /home/travis/build/icyphy/ptII/ptolemy/actor/lib/test/auto/arrayType6.xml
----------------- Instantiating /home/travis/build/icyphy/ptII/ptolemy/actor/lib/test/auto/arrayType6.xml
1 ms. Memory: 1691648K Free: 1576173K (93%)
----------------- Invoking toplevel() on ptolemy.moml.MoMLSimpleApplication@55c34b9f
----------------- Done invoking toplevel() on ptolemy.moml.MoMLSimpleApplication@55c34b9f
reloadAllAccessors: .arrayType6

===========================================================================================
----------------- testing Wed Apr 10 16:29:12 UTC 2019 /home/travis/build/icyphy/ptII/ptolemy/actor/lib/test/auto/arrayType7.xml
----------------- Instantiating /home/travis/build/icyphy/ptII/ptolemy/actor/lib/test/auto/arrayType7.xml
1 ms. Memory: 1691648K Free: 1556294K (92%)
----------------- Invoking toplevel() on ptolemy.moml.MoMLSimpleApplication@65695aeb
----------------- Done invoking toplevel() on ptolemy.moml.MoMLSimpleApplication@65695aeb
reloadAllAccessors: .arrayType7

===========================================================================================
----------------- testing Wed Apr 10 16:29:12 UTC 2019 /home/travis/build/icyphy/ptII/ptolemy/actor/lib/test/auto/arrayType8.xml
----------------- Instantiating /home/travis/build/icyphy/ptII/ptolemy/actor/lib/test/auto/arrayType8.xml
2 ms. Memory: 1691648K Free: 1536415K (91%)
----------------- Invoking toplevel() on ptolemy.moml.MoMLSimpleApplication@7c71b7c8
----------------- Done invoking toplevel() on ptolemy.moml.MoMLSimpleApplication@7c71b7c8
reloadAllAccessors: .arrayType8

===========================================================================================
----------------- testing Wed Apr 10 16:29:12 UTC 2019 /home/travis/build/icyphy/ptII/ptolemy/actor/lib/test/auto/arrayType9.xml
----------------- Instantiating /home/travis/build/icyphy/ptII/ptolemy/actor/lib/test/auto/arrayType9.xml
2 ms. Memory: 1691648K Free: 1520671K (90%)
----------------- Invoking toplevel() on ptolemy.moml.MoMLSimpleApplication@75f7deb7
----------------- Done invoking toplevel() on ptolemy.moml.MoMLSimpleApplication@75f7deb7
reloadAllAccessors: .arrayType9

===========================================================================================
----------------- testing Wed Apr 10 16:29:12 UTC 2019 /home/travis/build/icyphy/ptII/ptolemy/actor/lib/test/auto/cast.xml
----------------- Instantiating /home/travis/build/icyphy/ptII/ptolemy/actor/lib/test/auto/cast.xml
2 ms. Memory: 1691648K Free: 1500792K (89%)
----------------- Invoking toplevel() on ptolemy.moml.MoMLSimpleApplication@ccaf8c6
----------------- Done invoking toplevel() on ptolemy.moml.MoMLSimpleApplication@ccaf8c6
reloadAllAccessors: .cast

===========================================================================================
----------------- testing Wed Apr 10 16:29:12 UTC 2019 /home/travis/build/icyphy/ptII/ptolemy/actor/lib/test/auto/compositeMultiPort.xml
----------------- Instantiating /home/travis/build/icyphy/ptII/ptolemy/actor/lib/test/auto/compositeMultiPort.xml
3 ms. Memory: 1691648K Free: 1485063K (88%)
----------------- Invoking toplevel() on ptolemy.moml.MoMLSimpleApplication@76e5a620
----------------- Done invoking toplevel() on ptolemy.moml.MoMLSimpleApplication@76e5a620
reloadAllAccessors: .compositeMultiPort

===========================================================================================
----------------- testing Wed Apr 10 16:29:12 UTC 2019 /home/travis/build/icyphy/ptII/ptolemy/actor/lib/test/auto/expressionCastInference.xml
----------------- Instantiating /home/travis/build/icyphy/ptII/ptolemy/actor/lib/test/auto/expressionCastInference.xml
2 ms. Memory: 1691648K Free: 1465184K (87%)
----------------- Invoking toplevel() on ptolemy.moml.MoMLSimpleApplication@43e1c9b1
----------------- Done invoking toplevel() on ptolemy.moml.MoMLSimpleApplication@43e1c9b1
reloadAllAccessors: .expressionCastInference

===========================================================================================
----------------- testing Wed Apr 10 16:29:12 UTC 2019 /home/travis/build/icyphy/ptII/ptolemy/actor/lib/test/auto/expressionCastInference2.xml
----------------- Instantiating /home/travis/build/icyphy/ptII/ptolemy/actor/lib/test/auto/expressionCastInference2.xml
2 ms. Memory: 1691648K Free: 1445305K (85%)
----------------- Invoking toplevel() on ptolemy.moml.MoMLSimpleApplication@10aa65fe
----------------- Done invoking toplevel() on ptolemy.moml.MoMLSimpleApplication@10aa65fe
reloadAllAccessors: .expressionCastInference2

===========================================================================================
----------------- testing Wed Apr 10 16:29:12 UTC 2019 /home/travis/build/icyphy/ptII/ptolemy/actor/lib/test/auto/expressionInference.xml
----------------- Instantiating /home/travis/build/icyphy/ptII/ptolemy/actor/lib/test/auto/expressionInference.xml
1 ms. Memory: 1691648K Free: 1429576K (85%)
----------------- Invoking toplevel() on ptolemy.moml.MoMLSimpleApplication@409b5f82
----------------- Done invoking toplevel() on ptolemy.moml.MoMLSimpleApplication@409b5f82
reloadAllAccessors: .expressionInference

===========================================================================================
----------------- testing Wed Apr 10 16:29:12 UTC 2019 /home/travis/build/icyphy/ptII/ptolemy/actor/lib/test/auto/expression_bug.xml
----------------- Instantiating /home/travis/build/icyphy/ptII/ptolemy/actor/lib/test/auto/expression_bug.xml
2 ms. Memory: 1691648K Free: 1409697K (83%)
----------------- Invoking toplevel() on ptolemy.moml.MoMLSimpleApplication@79fba7f7
----------------- Done invoking toplevel() on ptolemy.moml.MoMLSimpleApplication@79fba7f7
reloadAllAccessors: .expression_bug

===========================================================================================
----------------- testing Wed Apr 10 16:29:12 UTC 2019 /home/travis/build/icyphy/ptII/ptolemy/actor/lib/test/auto/factorial.xml
----------------- Instantiating /home/travis/build/icyphy/ptII/ptolemy/actor/lib/test/auto/factorial.xml
43 ms. Memory: 1691648K Free: 1389818K (82%)
----------------- Invoking toplevel() on ptolemy.moml.MoMLSimpleApplication@769ad1f2
----------------- Done invoking toplevel() on ptolemy.moml.MoMLSimpleApplication@769ad1f2
reloadAllAccessors: .factorial

===========================================================================================
----------------- testing Wed Apr 10 16:29:12 UTC 2019 /home/travis/build/icyphy/ptII/ptolemy/actor/lib/test/auto/filterTest1.xml
----------------- Instantiating /home/travis/build/icyphy/ptII/ptolemy/actor/lib/test/auto/filterTest1.xml
3 ms. Memory: 1691648K Free: 1374089K (81%)
----------------- Invoking toplevel() on ptolemy.moml.MoMLSimpleApplication@5d21669e
----------------- Done invoking toplevel() on ptolemy.moml.MoMLSimpleApplication@5d21669e
reloadAllAccessors: .filterTest1

===========================================================================================
----------------- testing Wed Apr 10 16:29:12 UTC 2019 /home/travis/build/icyphy/ptII/ptolemy/actor/lib/test/auto/funcApplyInConst.xml
----------------- Instantiating /home/travis/build/icyphy/ptII/ptolemy/actor/lib/test/auto/funcApplyInConst.xml
1 ms. Memory: 1691648K Free: 1354210K (80%)
----------------- Invoking toplevel() on ptolemy.moml.MoMLSimpleApplication@4caf0f18
----------------- Done invoking toplevel() on ptolemy.moml.MoMLSimpleApplication@4caf0f18
reloadAllAccessors: .funcApplyInConst

===========================================================================================
----------------- testing Wed Apr 10 16:29:12 UTC 2019 /home/travis/build/icyphy/ptII/ptolemy/actor/lib/test/auto/funcApplyInExpr.xml
----------------- Instantiating /home/travis/build/icyphy/ptII/ptolemy/actor/lib/test/auto/funcApplyInExpr.xml
1 ms. Memory: 1691648K Free: 1338481K (79%)
----------------- Invoking toplevel() on ptolemy.moml.MoMLSimpleApplication@36d3828b
----------------- Done invoking toplevel() on ptolemy.moml.MoMLSimpleApplication@36d3828b
reloadAllAccessors: .funcApplyInExpr

===========================================================================================
----------------- testing Wed Apr 10 16:29:12 UTC 2019 /home/travis/build/icyphy/ptII/ptolemy/actor/lib/test/auto/function.xml
----------------- Instantiating /home/travis/build/icyphy/ptII/ptolemy/actor/lib/test/auto/function.xml
1 ms. Memory: 1691648K Free: 1318602K (78%)
----------------- Invoking toplevel() on ptolemy.moml.MoMLSimpleApplication@4d9bf4c3
----------------- Done invoking toplevel() on ptolemy.moml.MoMLSimpleApplication@4d9bf4c3
reloadAllAccessors: .function

===========================================================================================
----------------- testing Wed Apr 10 16:29:12 UTC 2019 /home/travis/build/icyphy/ptII/ptolemy/actor/lib/test/auto/function2.xml
----------------- Instantiating /home/travis/build/icyphy/ptII/ptolemy/actor/lib/test/auto/function2.xml
2 ms. Memory: 1691648K Free: 1298723K (77%)
----------------- Invoking toplevel() on ptolemy.moml.MoMLSimpleApplication@126e8f30
----------------- Done invoking toplevel() on ptolemy.moml.MoMLSimpleApplication@126e8f30
reloadAllAccessors: .function2

===========================================================================================
----------------- testing Wed Apr 10 16:29:12 UTC 2019 /home/travis/build/icyphy/ptII/ptolemy/actor/lib/test/auto/function3.xml
----------------- Instantiating /home/travis/build/icyphy/ptII/ptolemy/actor/lib/test/auto/function3.xml
1 ms. Memory: 1691648K Free: 1282995K (76%)
----------------- Invoking toplevel() on ptolemy.moml.MoMLSimpleApplication@5f2be7b9
----------------- Done invoking toplevel() on ptolemy.moml.MoMLSimpleApplication@5f2be7b9
reloadAllAccessors: .function3

===========================================================================================
----------------- testing Wed Apr 10 16:29:12 UTC 2019 /home/travis/build/icyphy/ptII/ptolemy/actor/lib/test/auto/functionClosureTest1.xml
----------------- Instantiating /home/travis/build/icyphy/ptII/ptolemy/actor/lib/test/auto/functionClosureTest1.xml
1 ms. Memory: 1691648K Free: 1263116K (75%)
----------------- Invoking toplevel() on ptolemy.moml.MoMLSimpleApplication@5d7e898c
----------------- Done invoking toplevel() on ptolemy.moml.MoMLSimpleApplication@5d7e898c
reloadAllAccessors: .functionClosureTest1

===========================================================================================
----------------- testing Wed Apr 10 16:29:12 UTC 2019 /home/travis/build/icyphy/ptII/ptolemy/actor/lib/test/auto/functionClosureTest2.xml
----------------- Instantiating /home/travis/build/icyphy/ptII/ptolemy/actor/lib/test/auto/functionClosureTest2.xml
1 ms. Memory: 1691648K Free: 1243237K (73%)
----------------- Invoking toplevel() on ptolemy.moml.MoMLSimpleApplication@5f2c5d46
----------------- Done invoking toplevel() on ptolemy.moml.MoMLSimpleApplication@5f2c5d46
reloadAllAccessors: .functionClosureTest2

===========================================================================================
----------------- testing Wed Apr 10 16:29:12 UTC 2019 /home/travis/build/icyphy/ptII/ptolemy/actor/lib/test/auto/functionClosureTest3.xml
----------------- Instantiating /home/travis/build/icyphy/ptII/ptolemy/actor/lib/test/auto/functionClosureTest3.xml
1 ms. Memory: 1691648K Free: 1227508K (73%)
----------------- Invoking toplevel() on ptolemy.moml.MoMLSimpleApplication@3f818c54
----------------- Done invoking toplevel() on ptolemy.moml.MoMLSimpleApplication@3f818c54
reloadAllAccessors: .functionClosureTest3

===========================================================================================
----------------- testing Wed Apr 10 16:29:12 UTC 2019 /home/travis/build/icyphy/ptII/ptolemy/actor/lib/test/auto/functionClosureTest4.xml
----------------- Instantiating /home/travis/build/icyphy/ptII/ptolemy/actor/lib/test/auto/functionClosureTest4.xml
3 ms. Memory: 1691648K Free: 1207629K (71%)
----------------- Invoking toplevel() on ptolemy.moml.MoMLSimpleApplication@23db13b3
----------------- Done invoking toplevel() on ptolemy.moml.MoMLSimpleApplication@23db13b3
reloadAllAccessors: .functionClosureTest4

===========================================================================================
----------------- testing Wed Apr 10 16:29:12 UTC 2019 /home/travis/build/icyphy/ptII/ptolemy/actor/lib/test/auto/functionClosureTest5.xml
----------------- Instantiating /home/travis/build/icyphy/ptII/ptolemy/actor/lib/test/auto/functionClosureTest5.xml
4 ms. Memory: 1691648K Free: 1191900K (70%)
----------------- Invoking toplevel() on ptolemy.moml.MoMLSimpleApplication@51b1895a
----------------- Done invoking toplevel() on ptolemy.moml.MoMLSimpleApplication@51b1895a
reloadAllAccessors: .functionClosureTest5

===========================================================================================
----------------- testing Wed Apr 10 16:29:12 UTC 2019 /home/travis/build/icyphy/ptII/ptolemy/actor/lib/test/auto/functionClosureTest6.xml
----------------- Instantiating /home/travis/build/icyphy/ptII/ptolemy/actor/lib/test/auto/functionClosureTest6.xml
1 ms. Memory: 1691648K Free: 1172022K (69%)
----------------- Invoking toplevel() on ptolemy.moml.MoMLSimpleApplication@7f1e682
----------------- Done invoking toplevel() on ptolemy.moml.MoMLSimpleApplication@7f1e682
reloadAllAccessors: .functionClosureTest6

===========================================================================================
----------------- testing Wed Apr 10 16:29:12 UTC 2019 /home/travis/build/icyphy/ptII/ptolemy/actor/lib/test/auto/functionsOnArcs.xml
----------------- Instantiating /home/travis/build/icyphy/ptII/ptolemy/actor/lib/test/auto/functionsOnArcs.xml
2 ms. Memory: 1691648K Free: 1152143K (68%)
----------------- Invoking toplevel() on ptolemy.moml.MoMLSimpleApplication@15bcc1f8
----------------- Done invoking toplevel() on ptolemy.moml.MoMLSimpleApplication@15bcc1f8
reloadAllAccessors: .functionsOnArcs

===========================================================================================
----------------- testing Wed Apr 10 16:29:12 UTC 2019 /home/travis/build/icyphy/ptII/ptolemy/actor/lib/test/auto/functionsOnArcsHOF.xml
----------------- Instantiating /home/travis/build/icyphy/ptII/ptolemy/actor/lib/test/auto/functionsOnArcsHOF.xml
3 ms. Memory: 1691648K Free: 1136414K (67%)
----------------- Invoking toplevel() on ptolemy.moml.MoMLSimpleApplication@7186b0b2
----------------- Done invoking toplevel() on ptolemy.moml.MoMLSimpleApplication@7186b0b2
reloadAllAccessors: .functionsOnArcsHOF

===========================================================================================
----------------- testing Wed Apr 10 16:29:12 UTC 2019 /home/travis/build/icyphy/ptII/ptolemy/actor/lib/test/auto/logic.xml
----------------- Instantiating /home/travis/build/icyphy/ptII/ptolemy/actor/lib/test/auto/logic.xml
1 ms. Memory: 1691648K Free: 1116535K (66%)
----------------- Invoking toplevel() on ptolemy.moml.MoMLSimpleApplication@3e23e3cb
----------------- Done invoking toplevel() on ptolemy.moml.MoMLSimpleApplication@3e23e3cb
reloadAllAccessors: .logic

===========================================================================================
----------------- testing Wed Apr 10 16:29:12 UTC 2019 /home/travis/build/icyphy/ptII/ptolemy/actor/lib/test/auto/matrixType.xml
----------------- Instantiating /home/travis/build/icyphy/ptII/ptolemy/actor/lib/test/auto/matrixType.xml
1 ms. Memory: 1691648K Free: 1096656K (65%)
----------------- Invoking toplevel() on ptolemy.moml.MoMLSimpleApplication@e7f37bc
----------------- Done invoking toplevel() on ptolemy.moml.MoMLSimpleApplication@e7f37bc
reloadAllAccessors: .matrixType

===========================================================================================
----------------- testing Wed Apr 10 16:29:12 UTC 2019 /home/travis/build/icyphy/ptII/ptolemy/actor/lib/test/auto/matrixType10.xml
----------------- Instantiating /home/travis/build/icyphy/ptII/ptolemy/actor/lib/test/auto/matrixType10.xml
2 ms. Memory: 1691648K Free: 1080927K (64%)
----------------- Invoking toplevel() on ptolemy.moml.MoMLSimpleApplication@6ba32ec9
----------------- Done invoking toplevel() on ptolemy.moml.MoMLSimpleApplication@6ba32ec9
reloadAllAccessors: .matrixType10

===========================================================================================
----------------- testing Wed Apr 10 16:29:13 UTC 2019 /home/travis/build/icyphy/ptII/ptolemy/actor/lib/test/auto/matrixType11.xml
----------------- Instantiating /home/travis/build/icyphy/ptII/ptolemy/actor/lib/test/auto/matrixType11.xml
1 ms. Memory: 1691648K Free: 1061048K (63%)
----------------- Invoking toplevel() on ptolemy.moml.MoMLSimpleApplication@3bbfc9b7
----------------- Done invoking toplevel() on ptolemy.moml.MoMLSimpleApplication@3bbfc9b7
reloadAllAccessors: .matrixType11

===========================================================================================
----------------- testing Wed Apr 10 16:29:13 UTC 2019 /home/travis/build/icyphy/ptII/ptolemy/actor/lib/test/auto/matrixType12.xml
----------------- Instantiating /home/travis/build/icyphy/ptII/ptolemy/actor/lib/test/auto/matrixType12.xml
1 ms. Memory: 1691648K Free: 1045320K (62%)
----------------- Invoking toplevel() on ptolemy.moml.MoMLSimpleApplication@7bd3f355
----------------- Done invoking toplevel() on ptolemy.moml.MoMLSimpleApplication@7bd3f355
reloadAllAccessors: .matrixType12

===========================================================================================
----------------- testing Wed Apr 10 16:29:13 UTC 2019 /home/travis/build/icyphy/ptII/ptolemy/actor/lib/test/auto/matrixType13.xml
----------------- Instantiating /home/travis/build/icyphy/ptII/ptolemy/actor/lib/test/auto/matrixType13.xml
1 ms. Memory: 1691648K Free: 1025441K (61%)
----------------- Invoking toplevel() on ptolemy.moml.MoMLSimpleApplication@4eba3448
----------------- Done invoking toplevel() on ptolemy.moml.MoMLSimpleApplication@4eba3448
reloadAllAccessors: .matrixType13

===========================================================================================
----------------- testing Wed Apr 10 16:29:13 UTC 2019 /home/travis/build/icyphy/ptII/ptolemy/actor/lib/test/auto/matrixType14.xml
----------------- Instantiating /home/travis/build/icyphy/ptII/ptolemy/actor/lib/test/auto/matrixType14.xml
1 ms. Memory: 1691648K Free: 1005562K (59%)
----------------- Invoking toplevel() on ptolemy.moml.MoMLSimpleApplication@31e69933
----------------- Done invoking toplevel() on ptolemy.moml.MoMLSimpleApplication@31e69933
reloadAllAccessors: .matrixType14

===========================================================================================
----------------- testing Wed Apr 10 16:29:13 UTC 2019 /home/travis/build/icyphy/ptII/ptolemy/actor/lib/test/auto/matrixType2.xml
----------------- Instantiating /home/travis/build/icyphy/ptII/ptolemy/actor/lib/test/auto/matrixType2.xml
1 ms. Memory: 1691648K Free: 989833K (59%)
----------------- Invoking toplevel() on ptolemy.moml.MoMLSimpleApplication@72a5e796
----------------- Done invoking toplevel() on ptolemy.moml.MoMLSimpleApplication@72a5e796
reloadAllAccessors: .matrixType2

===========================================================================================
----------------- testing Wed Apr 10 16:29:13 UTC 2019 /home/travis/build/icyphy/ptII/ptolemy/actor/lib/test/auto/matrixType3.xml
----------------- Instantiating /home/travis/build/icyphy/ptII/ptolemy/actor/lib/test/auto/matrixType3.xml
3 ms. Memory: 1691648K Free: 969954K (57%)
----------------- Invoking toplevel() on ptolemy.moml.MoMLSimpleApplication@20bd2fa5
----------------- Done invoking toplevel() on ptolemy.moml.MoMLSimpleApplication@20bd2fa5
reloadAllAccessors: .matrixType3

===========================================================================================
----------------- testing Wed Apr 10 16:29:13 UTC 2019 /home/travis/build/icyphy/ptII/ptolemy/actor/lib/test/auto/matrixType4.xml
----------------- Instantiating /home/travis/build/icyphy/ptII/ptolemy/actor/lib/test/auto/matrixType4.xml
2 ms. Memory: 1691648K Free: 950075K (56%)
----------------- Invoking toplevel() on ptolemy.moml.MoMLSimpleApplication@5e2e1ce5
----------------- Done invoking toplevel() on ptolemy.moml.MoMLSimpleApplication@5e2e1ce5
reloadAllAccessors: .matrixType4

===========================================================================================
----------------- testing Wed Apr 10 16:29:13 UTC 2019 /home/travis/build/icyphy/ptII/ptolemy/actor/lib/test/auto/matrixType5.xml
----------------- Instantiating /home/travis/build/icyphy/ptII/ptolemy/actor/lib/test/auto/matrixType5.xml
1 ms. Memory: 1691648K Free: 934346K (55%)
----------------- Invoking toplevel() on ptolemy.moml.MoMLSimpleApplication@d4fe59f
----------------- Done invoking toplevel() on ptolemy.moml.MoMLSimpleApplication@d4fe59f
reloadAllAccessors: .matrixType5

===========================================================================================
----------------- testing Wed Apr 10 16:29:13 UTC 2019 /home/travis/build/icyphy/ptII/ptolemy/actor/lib/test/auto/matrixType6.xml
----------------- Instantiating /home/travis/build/icyphy/ptII/ptolemy/actor/lib/test/auto/matrixType6.xml
1 ms. Memory: 1691648K Free: 914467K (54%)
----------------- Invoking toplevel() on ptolemy.moml.MoMLSimpleApplication@1b6c7a94
----------------- Done invoking toplevel() on ptolemy.moml.MoMLSimpleApplication@1b6c7a94
reloadAllAccessors: .matrixType6

===========================================================================================
----------------- testing Wed Apr 10 16:29:13 UTC 2019 /home/travis/build/icyphy/ptII/ptolemy/actor/lib/test/auto/matrixType7.xml
----------------- Instantiating /home/travis/build/icyphy/ptII/ptolemy/actor/lib/test/auto/matrixType7.xml
2 ms. Memory: 1691648K Free: 898738K (53%)
----------------- Invoking toplevel() on ptolemy.moml.MoMLSimpleApplication@570a451e
----------------- Done invoking toplevel() on ptolemy.moml.MoMLSimpleApplication@570a451e
reloadAllAccessors: .matrixType7

===========================================================================================
----------------- testing Wed Apr 10 16:29:13 UTC 2019 /home/travis/build/icyphy/ptII/ptolemy/actor/lib/test/auto/matrixType8.xml
----------------- Instantiating /home/travis/build/icyphy/ptII/ptolemy/actor/lib/test/auto/matrixType8.xml
1 ms. Memory: 1691648K Free: 878860K (52%)
----------------- Invoking toplevel() on ptolemy.moml.MoMLSimpleApplication@32ce42e7
----------------- Done invoking toplevel() on ptolemy.moml.MoMLSimpleApplication@32ce42e7
reloadAllAccessors: .matrixType8

===========================================================================================
----------------- testing Wed Apr 10 16:29:13 UTC 2019 /home/travis/build/icyphy/ptII/ptolemy/actor/lib/test/auto/matrixType9.xml
----------------- Instantiating /home/travis/build/icyphy/ptII/ptolemy/actor/lib/test/auto/matrixType9.xml
2 ms. Memory: 1691648K Free: 858981K (51%)
----------------- Invoking toplevel() on ptolemy.moml.MoMLSimpleApplication@45170173
----------------- Done invoking toplevel() on ptolemy.moml.MoMLSimpleApplication@45170173
reloadAllAccessors: .matrixType9

===========================================================================================
----------------- testing Wed Apr 10 16:29:13 UTC 2019 /home/travis/build/icyphy/ptII/ptolemy/actor/lib/test/auto/paraFunctest.xml
----------------- Instantiating /home/travis/build/icyphy/ptII/ptolemy/actor/lib/test/auto/paraFunctest.xml
1 ms. Memory: 1691648K Free: 843252K (50%)
----------------- Invoking toplevel() on ptolemy.moml.MoMLSimpleApplication@6acf841d
----------------- Done invoking toplevel() on ptolemy.moml.MoMLSimpleApplication@6acf841d
reloadAllAccessors: .paraFunctest

===========================================================================================
----------------- testing Wed Apr 10 16:29:13 UTC 2019 /home/travis/build/icyphy/ptII/ptolemy/actor/lib/test/auto/paraFunctest2.xml
----------------- Instantiating /home/travis/build/icyphy/ptII/ptolemy/actor/lib/test/auto/paraFunctest2.xml
2 ms. Memory: 1691648K Free: 823373K (49%)
----------------- Invoking toplevel() on ptolemy.moml.MoMLSimpleApplication@1e30bff3
----------------- Done invoking toplevel() on ptolemy.moml.MoMLSimpleApplication@1e30bff3
reloadAllAccessors: .paraFunctest2

===========================================================================================
----------------- testing Wed Apr 10 16:29:13 UTC 2019 /home/travis/build/icyphy/ptII/ptolemy/actor/lib/test/auto/parameterPassing.xml
----------------- Instantiating /home/travis/build/icyphy/ptII/ptolemy/actor/lib/test/auto/parameterPassing.xml
1 ms. Memory: 1691648K Free: 803494K (47%)
----------------- Invoking toplevel() on ptolemy.moml.MoMLSimpleApplication@33c2fbd8
----------------- Done invoking toplevel() on ptolemy.moml.MoMLSimpleApplication@33c2fbd8
reloadAllAccessors: .parameterPassing

===========================================================================================
----------------- testing Wed Apr 10 16:29:13 UTC 2019 /home/travis/build/icyphy/ptII/ptolemy/actor/lib/test/auto/record.xml
----------------- Instantiating /home/travis/build/icyphy/ptII/ptolemy/actor/lib/test/auto/record.xml
2 ms. Memory: 1691648K Free: 787765K (47%)
----------------- Invoking toplevel() on ptolemy.moml.MoMLSimpleApplication@428f7353
----------------- Done invoking toplevel() on ptolemy.moml.MoMLSimpleApplication@428f7353
reloadAllAccessors: .record

===========================================================================================
----------------- testing Wed Apr 10 16:29:13 UTC 2019 /home/travis/build/icyphy/ptII/ptolemy/actor/lib/test/auto/sizedarray1.xml
----------------- Instantiating /home/travis/build/icyphy/ptII/ptolemy/actor/lib/test/auto/sizedarray1.xml
1 ms. Memory: 1691648K Free: 767886K (45%)
----------------- Invoking toplevel() on ptolemy.moml.MoMLSimpleApplication@7d49d9d0
----------------- Done invoking toplevel() on ptolemy.moml.MoMLSimpleApplication@7d49d9d0
reloadAllAccessors: .sizedarray1

===========================================================================================
----------------- testing Wed Apr 10 16:29:13 UTC 2019 /home/travis/build/icyphy/ptII/ptolemy/actor/lib/test/auto/sizedarray2.xml
----------------- Instantiating /home/travis/build/icyphy/ptII/ptolemy/actor/lib/test/auto/sizedarray2.xml
1 ms. Memory: 1691648K Free: 752158K (44%)
----------------- Invoking toplevel() on ptolemy.moml.MoMLSimpleApplication@21061163
----------------- Done invoking toplevel() on ptolemy.moml.MoMLSimpleApplication@21061163
reloadAllAccessors: .sizedarray2

===========================================================================================
----------------- testing Wed Apr 10 16:29:13 UTC 2019 /home/travis/build/icyphy/ptII/ptolemy/actor/lib/test/auto/twoPublishers.xml
----------------- Instantiating /home/travis/build/icyphy/ptII/ptolemy/actor/lib/test/auto/twoPublishers.xml
1 ms. Memory: 1691648K Free: 724398K (43%)
----------------- Invoking toplevel() on ptolemy.moml.MoMLSimpleApplication@6eefa7ba
----------------- Done invoking toplevel() on ptolemy.moml.MoMLSimpleApplication@6eefa7ba
reloadAllAccessors: .twoPublishers
AutoTests.java: About to close Vertx.
AutoTests.java: Vertx closed.
]]></system-out>
  <system-err><![CDATA[java.lang.RuntimeException: Execution failed
	at ptolemy.moml.MoMLSimpleApplication$UnloadThread.run(MoMLSimpleApplication.java:402)
Caused by: java.lang.RuntimeException: StringUtilities.exit() was called. Normally, we would exit here because Manager.exitAfterWrapup() was called.  However, because the ptolemy.ptII.exitAfterWrapup property is set, we throw this exception instead.
	at ptolemy.util.StringUtilities.exit(StringUtilities.java:363)
	at ptolemy.actor.Manager.wrapup(Manager.java:1531)
	at ptolemy.actor.Manager.execute(Manager.java:407)
	at ptolemy.actor.Manager.run(Manager.java:1263)
	at ptolemy.actor.Manager$PtolemyRunThread.run(Manager.java:1915)
Warning: '.top.test' is in training mode, set the trainingMode parameter to false before checking in
Warning: '.top.test' is in training mode, set the trainingMode parameter to false before checking in
Warning: '.top.test' is in training mode, set the trainingMode parameter to false before checking in
Warning: '.BooleanSwitch_RegressionTest_WrongTrainingValues.Test' is in training mode, set the trainingMode parameter to false before checking in
Warning: '.BooleanSwitch_RegressionTest_WrongTrainingValues.Test2' is in training mode, set the trainingMode parameter to false before checking in
Warning: '.BooleanSwitch_RegressionTest_WrongTrainingValues.Test2' The test produced 0 tokens.
Warning: '.top.testExceptionHandler' is in training mode, set the trainingMode parameter to false before checking in
java.lang.RuntimeException: Execution failed
	at ptolemy.moml.MoMLSimpleApplication$UnloadThread.run(MoMLSimpleApplication.java:402)
Caused by: ptolemy.kernel.util.IllegalActionException: PublisherPorts cannot be used at the top level, use a Publisher actor instead.
  in .PublisherPortToplevelSubscriber.PublisherPort
	at ptolemy.actor.PublisherPort.preinitialize(PublisherPort.java:403)
	at ptolemy.actor.CompositeActor.preinitialize(CompositeActor.java:1769)
	at ptolemy.actor.Manager.preinitializeAndResolveTypes(Manager.java:1040)
	at ptolemy.actor.Manager.initialize(Manager.java:710)
	at ptolemy.actor.Manager.execute(Manager.java:356)
	at ptolemy.actor.Manager.run(Manager.java:1263)
	at ptolemy.actor.Manager$PtolemyRunThread.run(Manager.java:1915)
java.lang.reflect.InvocationTargetException
	at sun.reflect.NativeConstructorAccessorImpl.newInstance0(Native Method)
	at sun.reflect.NativeConstructorAccessorImpl.newInstance(NativeConstructorAccessorImpl.java:62)
	at sun.reflect.DelegatingConstructorAccessorImpl.newInstance(DelegatingConstructorAccessorImpl.java:45)
	at java.lang.reflect.Constructor.newInstance(Constructor.java:423)
	at ptolemy.util.test.junit.AutoKnownFailedTests.RunModel(AutoKnownFailedTests.java:105)
	at sun.reflect.NativeMethodAccessorImpl.invoke0(Native Method)
	at sun.reflect.NativeMethodAccessorImpl.invoke(NativeMethodAccessorImpl.java:62)
	at sun.reflect.DelegatingMethodAccessorImpl.invoke(DelegatingMethodAccessorImpl.java:43)
	at java.lang.reflect.Method.invoke(Method.java:498)
	at org.junit.runners.model.FrameworkMethod$1.runReflectiveCall(FrameworkMethod.java:44)
	at org.junit.internal.runners.model.ReflectiveCallable.run(ReflectiveCallable.java:15)
	at org.junit.runners.model.FrameworkMethod.invokeExplosively(FrameworkMethod.java:41)
	at junitparams.internal.InvokeParameterisedMethod.evaluate(InvokeParameterisedMethod.java:102)
	at org.junit.internal.runners.statements.FailOnTimeout$1.run(FailOnTimeout.java:28)
Caused by: ptolemy.kernel.util.IllegalActionException: PublisherPorts cannot be used at the top level, use a Publisher actor instead.
  in .PublisherPortToplevelSubscriber.PublisherPort
	at ptolemy.actor.PublisherPort.preinitialize(PublisherPort.java:403)
	at ptolemy.actor.CompositeActor.preinitialize(CompositeActor.java:1769)
	at ptolemy.actor.Manager.preinitializeAndResolveTypes(Manager.java:1040)
	at ptolemy.actor.Manager.initialize(Manager.java:710)
	at ptolemy.actor.Manager.execute(Manager.java:356)
	at ptolemy.actor.Manager.run(Manager.java:1263)
	at ptolemy.actor.Manager$PtolemyRunThread.run(Manager.java:1915)
java.lang.RuntimeException: Execution failed
	at ptolemy.moml.MoMLSimpleApplication$UnloadThread.run(MoMLSimpleApplication.java:402)
Caused by: ptolemy.kernel.util.IllegalActionException: SubscriberPorts cannot be used at the top level, use a Subscriber actor instead.
  in .PublisherSubscriberPortToplevel.SubscriberPort
	at ptolemy.actor.SubscriberPort.preinitialize(SubscriberPort.java:328)
	at ptolemy.actor.CompositeActor.preinitialize(CompositeActor.java:1769)
	at ptolemy.actor.Manager.preinitializeAndResolveTypes(Manager.java:1040)
	at ptolemy.actor.Manager.initialize(Manager.java:710)
	at ptolemy.actor.Manager.execute(Manager.java:356)
	at ptolemy.actor.Manager.run(Manager.java:1263)
	at ptolemy.actor.Manager$PtolemyRunThread.run(Manager.java:1915)
java.lang.reflect.InvocationTargetException
	at sun.reflect.NativeConstructorAccessorImpl.newInstance0(Native Method)
	at sun.reflect.NativeConstructorAccessorImpl.newInstance(NativeConstructorAccessorImpl.java:62)
	at sun.reflect.DelegatingConstructorAccessorImpl.newInstance(DelegatingConstructorAccessorImpl.java:45)
	at java.lang.reflect.Constructor.newInstance(Constructor.java:423)
	at ptolemy.util.test.junit.AutoKnownFailedTests.RunModel(AutoKnownFailedTests.java:105)
	at sun.reflect.NativeMethodAccessorImpl.invoke0(Native Method)
	at sun.reflect.NativeMethodAccessorImpl.invoke(NativeMethodAccessorImpl.java:62)
	at sun.reflect.DelegatingMethodAccessorImpl.invoke(DelegatingMethodAccessorImpl.java:43)
	at java.lang.reflect.Method.invoke(Method.java:498)
	at org.junit.runners.model.FrameworkMethod$1.runReflectiveCall(FrameworkMethod.java:44)
	at org.junit.internal.runners.model.ReflectiveCallable.run(ReflectiveCallable.java:15)
	at org.junit.runners.model.FrameworkMethod.invokeExplosively(FrameworkMethod.java:41)
	at junitparams.internal.InvokeParameterisedMethod.evaluate(InvokeParameterisedMethod.java:102)
	at org.junit.internal.runners.statements.FailOnTimeout$1.run(FailOnTimeout.java:28)
Caused by: ptolemy.kernel.util.IllegalActionException: SubscriberPorts cannot be used at the top level, use a Subscriber actor instead.
  in .PublisherSubscriberPortToplevel.SubscriberPort
	at ptolemy.actor.SubscriberPort.preinitialize(SubscriberPort.java:328)
	at ptolemy.actor.CompositeActor.preinitialize(CompositeActor.java:1769)
	at ptolemy.actor.Manager.preinitializeAndResolveTypes(Manager.java:1040)
	at ptolemy.actor.Manager.initialize(Manager.java:710)
	at ptolemy.actor.Manager.execute(Manager.java:356)
	at ptolemy.actor.Manager.run(Manager.java:1263)
	at ptolemy.actor.Manager$PtolemyRunThread.run(Manager.java:1915)
java.lang.RuntimeException: Execution failed
	at ptolemy.moml.MoMLSimpleApplication$UnloadThread.run(MoMLSimpleApplication.java:402)
Caused by: ptolemy.kernel.util.IllegalActionException: SubscriptionAggregatorPorts cannot be used at the top level, use a SubscriptionAggregator actor instead.
  in .PublisherSubscriptionAggregatorPort.SubscriptionAggregatorPort
	at ptolemy.actor.SubscriptionAggregatorPort.preinitialize(SubscriptionAggregatorPort.java:353)
	at ptolemy.actor.CompositeActor.preinitialize(CompositeActor.java:1769)
	at ptolemy.actor.Manager.preinitializeAndResolveTypes(Manager.java:1040)
	at ptolemy.actor.Manager.initialize(Manager.java:710)
	at ptolemy.actor.Manager.execute(Manager.java:356)
	at ptolemy.actor.Manager.run(Manager.java:1263)
	at ptolemy.actor.Manager$PtolemyRunThread.run(Manager.java:1915)
java.lang.reflect.InvocationTargetException
	at sun.reflect.NativeConstructorAccessorImpl.newInstance0(Native Method)
	at sun.reflect.NativeConstructorAccessorImpl.newInstance(NativeConstructorAccessorImpl.java:62)
	at sun.reflect.DelegatingConstructorAccessorImpl.newInstance(DelegatingConstructorAccessorImpl.java:45)
	at java.lang.reflect.Constructor.newInstance(Constructor.java:423)
	at ptolemy.util.test.junit.AutoKnownFailedTests.RunModel(AutoKnownFailedTests.java:105)
	at sun.reflect.NativeMethodAccessorImpl.invoke0(Native Method)
	at sun.reflect.NativeMethodAccessorImpl.invoke(NativeMethodAccessorImpl.java:62)
	at sun.reflect.DelegatingMethodAccessorImpl.invoke(DelegatingMethodAccessorImpl.java:43)
	at java.lang.reflect.Method.invoke(Method.java:498)
	at org.junit.runners.model.FrameworkMethod$1.runReflectiveCall(FrameworkMethod.java:44)
	at org.junit.internal.runners.model.ReflectiveCallable.run(ReflectiveCallable.java:15)
	at org.junit.runners.model.FrameworkMethod.invokeExplosively(FrameworkMethod.java:41)
	at junitparams.internal.InvokeParameterisedMethod.evaluate(InvokeParameterisedMethod.java:102)
	at org.junit.internal.runners.statements.FailOnTimeout$1.run(FailOnTimeout.java:28)
Caused by: ptolemy.kernel.util.IllegalActionException: SubscriptionAggregatorPorts cannot be used at the top level, use a SubscriptionAggregator actor instead.
  in .PublisherSubscriptionAggregatorPort.SubscriptionAggregatorPort
	at ptolemy.actor.SubscriptionAggregatorPort.preinitialize(SubscriptionAggregatorPort.java:353)
	at ptolemy.actor.CompositeActor.preinitialize(CompositeActor.java:1769)
	at ptolemy.actor.Manager.preinitializeAndResolveTypes(Manager.java:1040)
	at ptolemy.actor.Manager.initialize(Manager.java:710)
	at ptolemy.actor.Manager.execute(Manager.java:356)
	at ptolemy.actor.Manager.run(Manager.java:1263)
	at ptolemy.actor.Manager$PtolemyRunThread.run(Manager.java:1915)
java.lang.RuntimeException: Execution failed
	at ptolemy.moml.MoMLSimpleApplication$UnloadThread.run(MoMLSimpleApplication.java:402)
Caused by: ptolemy.kernel.util.IllegalActionException: TypeTest actor has no training data.
  in .sizedarray3.TypeTest
	at ptolemy.actor.lib.TypeTest.initialize(TypeTest.java:250)
	at ptolemy.actor.Director.initialize(Director.java:938)
	at ptolemy.actor.Director.initialize(Director.java:907)
	at ptolemy.actor.sched.StaticSchedulingDirector.initialize(StaticSchedulingDirector.java:159)
	at ptolemy.domains.sdf.kernel.SDFDirector.initialize(SDFDirector.java:544)
	at ptolemy.actor.CompositeActor.initialize(CompositeActor.java:935)
	at ptolemy.actor.Manager.initialize(Manager.java:724)
	at ptolemy.actor.Manager.execute(Manager.java:356)
	at ptolemy.actor.Manager.run(Manager.java:1263)
	at ptolemy.actor.Manager$PtolemyRunThread.run(Manager.java:1915)
java.lang.reflect.InvocationTargetException
	at sun.reflect.NativeConstructorAccessorImpl.newInstance0(Native Method)
	at sun.reflect.NativeConstructorAccessorImpl.newInstance(NativeConstructorAccessorImpl.java:62)
	at sun.reflect.DelegatingConstructorAccessorImpl.newInstance(DelegatingConstructorAccessorImpl.java:45)
	at java.lang.reflect.Constructor.newInstance(Constructor.java:423)
	at ptolemy.util.test.junit.AutoKnownFailedTests.RunModel(AutoKnownFailedTests.java:105)
	at sun.reflect.NativeMethodAccessorImpl.invoke0(Native Method)
	at sun.reflect.NativeMethodAccessorImpl.invoke(NativeMethodAccessorImpl.java:62)
	at sun.reflect.DelegatingMethodAccessorImpl.invoke(DelegatingMethodAccessorImpl.java:43)
	at java.lang.reflect.Method.invoke(Method.java:498)
	at org.junit.runners.model.FrameworkMethod$1.runReflectiveCall(FrameworkMethod.java:44)
	at org.junit.internal.runners.model.ReflectiveCallable.run(ReflectiveCallable.java:15)
	at org.junit.runners.model.FrameworkMethod.invokeExplosively(FrameworkMethod.java:41)
	at junitparams.internal.InvokeParameterisedMethod.evaluate(InvokeParameterisedMethod.java:102)
	at org.junit.internal.runners.statements.FailOnTimeout$1.run(FailOnTimeout.java:28)
Caused by: ptolemy.kernel.util.IllegalActionException: TypeTest actor has no training data.
  in .sizedarray3.TypeTest
	at ptolemy.actor.lib.TypeTest.initialize(TypeTest.java:250)
	at ptolemy.actor.Director.initialize(Director.java:938)
	at ptolemy.actor.Director.initialize(Director.java:907)
	at ptolemy.actor.sched.StaticSchedulingDirector.initialize(StaticSchedulingDirector.java:159)
	at ptolemy.domains.sdf.kernel.SDFDirector.initialize(SDFDirector.java:544)
	at ptolemy.actor.CompositeActor.initialize(CompositeActor.java:935)
	at ptolemy.actor.Manager.initialize(Manager.java:724)
	at ptolemy.actor.Manager.execute(Manager.java:356)
	at ptolemy.actor.Manager.run(Manager.java:1263)
	at ptolemy.actor.Manager$PtolemyRunThread.run(Manager.java:1915)
]]></system-err>
</testsuite>
