<?xml version="1.0" encoding="UTF-8" ?>
<testsuite errors="0" failures="0" hostname="travis-job-3ce48c7d-38ae-419b-b2cb-5ca53a188f25" name="ptolemy.actor.lib.test.junit.JUnitTclTest" skipped="0" tests="517" time="59.447" timestamp="2018-12-28T03:07:14">
  <properties>
    <property name="npm.executable" value="npm" />
    <property name="file.encoding.pkg" value="sun.io" />
    <property name="env.TRAVIS_ROOT" value="/" />
    <property name="ptII.mk.exists" value="true" />
    <property name="env.TRAVIS_APP_HOST" value="build.travis-ci.org" />
    <property name="env.rvm_bin_path" value="/home/travis/.rvm/bin" />
    <property name="java.home" value="/usr/lib/jvm/java-8-oracle/jre" />
    <property name="env.TRAVIS_JOB_NUMBER" value="881.8" />
    <property name="env.TRAVIS_HOME" value="/home/travis" />
    <property name="env.DISPLAY" value=":99.0" />
    <property name="java.net.preferIPv4Stack" value="true" />
    <property name="env.TRAVIS_INIT" value="upstart" />
    <property name="env.SSH_TTY" value="/dev/pts/0" />
    <property name="env.RUN_TESTS" value="false" />
    <property name="timeout.short" value="1000000" />
    <property name="env.TRAVIS_JOB_NAME" value="" />
    <property name="env.TRAVIS_STACK_NODE_ATTRIBUTES" value="/.node-attributes.yml" />
    <property name="junit.formatter" value="xml" />
    <property name="java.endorsed.dirs" value="/usr/lib/jvm/java-8-oracle/jre/lib/endorsed" />
    <property name="env.TRAVIS_SUDO" value="true" />
    <property name="env.LOGNAME" value="travis" />
    <property name="env.PT_TRAVIS_TEST_CORE1_XML" value="true" />
    <property name="jsdoc.home" value="node_modules/@terraswarm/jsdoc" />
    <property name="debuglevel" value="source,lines,vars" />
    <property name="checkstyle.formatter" value="xml" />
    <property name="bin.vergil.makeable" value="true" />
    <property name="env._system_version" value="14.04" />
    <property name="sun.os.patch.level" value="unknown" />
    <property name="java.vendor.url" value="http://java.oracle.com/" />
    <property name="env.TRAVIS_BUILD_WEB_URL" value="https://travis-ci.org/icyphy/ptII/builds/472863048" />
    <property name="java.version" value="1.8.0_151" />
    <property name="env.TZ" value="UTC" />
    <property name="env.PT_NO_NET" value="true" />
    <property name="env.TRAVIS_PULL_REQUEST_SHA" value="" />
    <property name="env.TRAVIS_SECURE_ENV_VARS" value="true" />
    <property name="env._system_type" value="Linux" />
    <property name="java.vendor.url.bug" value="http://bugreport.sun.com/bugreport/" />
    <property name="env.SSH_CLIENT" value="10.10.16.60 52102 22" />
    <property name="npmjs-org-is-up" value="true" />
    <property name="env.GEM_HOME" value="/home/travis/.rvm/gems/ruby-2.4.1" />
    <property name="env.HAS_ANTARES_THREE_LITTLE_FRONZIES_BADGE" value="true" />
    <property name="env.PS4" value="+" />
    <property name="ant.project.invoked-targets" value="build,test.core1.xml" />
    <property name="env.TRAVIS_PULL_REQUEST_BRANCH" value="" />
    <property name="env.TRAVIS_REPO_SLUG" value="icyphy/ptII" />
    <property name="env.TRAVIS_APT_PROXY" value="http://build-cache.travisci.net" />
    <property name="node.in.path" value="true" />
    <property name="java.maxmemory" value="1400m" />
    <property name="env.RUBY_VERSION" value="ruby-2.4.1" />
    <property name="user.name" value="travis" />
    <property name="env.LANG" value="en_US.UTF-8" />
    <property name="sun.io.unicode.encoding" value="UnicodeLittle" />
    <property name="sun.jnu.encoding" value="UTF-8" />
    <property name="java.runtime.name" value="Java(TM) SE Runtime Environment" />
    <property name="usefile" value="false" />
    <property name="return.code" value="0" />
    <property name="junit.single.formatter" value="plain" />
    <property name="env.DYLD_LIBRARY_PATH" value="/home/travis/pthla/certi-tools/lib:" />
    <property name="env.DEBIAN_FRONTEND" value="noninteractive" />
    <property name="env.SSH_CONNECTION" value="10.10.16.60 52102 10.20.0.2 22" />
    <property name="env.MYSQL_UNIX_PORT" value="/var/run/mysqld/mysqld.sock" />
    <property name="env.TRAVIS_ALLOW_FAILURE" value="false" />
    <property name="env.LC_ALL" value="en_US.UTF-8" />
    <property name="env.TRAVIS_JOB_WEB_URL" value="https://travis-ci.org/icyphy/ptII/jobs/472863056" />
    <property name="java.specification.name" value="Java Platform API Specification" />
    <property name="node.works" value="true" />
    <property name="user.timezone" value="" />
    <property name="path.separator" value=":" />
    <property name="env.TRAVIS_ENABLE_INFRA_DETECTION" value="true" />
    <property name="env.PYTHON_CFLAGS" value="-g -fstack-protector --param=ssp-buffer-size=4 -Wformat -Werror=format-security" />
    <property name="timeout.long" value="4000000" />
    <property name="env.CERTI_HOME" value="/home/travis/pthla/certi-tools" />
    <property name="file.encoding" value="UTF-8" />
    <property name="ant.file.ptII" value="/home/travis/build/icyphy/ptII/build.xml" />
    <property name="javadoc.packagenames" value="com.*,diva.*,lbnl.*,org.hlacerti.*,org.json.*,org.ptolemy.*,org.terraswarm.*,ptolemy.*,ptserver.*" />
    <property name="env.TRAVIS_PULL_REQUEST_SLUG" value="" />
    <property name="ant.project.default-target" value="build" />
    <property name="env.GIT_ASKPASS" value="echo" />
    <property name="env.HOME" value="/home/travis" />
    <property name="sun.java.command" value="org.apache.tools.ant.taskdefs.optional.junit.JUnitTestRunner ptolemy.actor.lib.test.junit.JUnitTclTest skipNonTests=false filtertrace=true haltOnError=false haltOnFailure=false formatter=org.apache.tools.ant.taskdefs.optional.junit.OutErrSummaryJUnitResultFormatter showoutput=true outputtoformatters=true logfailedtests=true threadid=0 logtestlistenerevents=false formatter=org.apache.tools.ant.taskdefs.optional.junit.XMLJUnitResultFormatter,/home/travis/build/icyphy/ptII/reports/junit/TEST-ptolemy.actor.lib.test.junit.JUnitTclTest.xml crashfile=/home/travis/build/icyphy/ptII/junitvmwatcher3388623700168571440.properties propsfile=/home/travis/build/icyphy/ptII/junit7643430655857782125.properties" />
    <property name="env.MANPATH" value="/home/travis/.nvm/versions/node/v7.10.1/share/man:/home/travis/.kiex/elixirs/elixir-1.4.5/man:/home/travis/.rvm/rubies/ruby-2.4.1/share/man:/usr/local/man:/usr/local/cmake-3.9.2/man:/usr/local/clang-5.0.0/share/man:/usr/local/share/man:/usr/share/man:/home/travis/.rvm/man" />
    <property name="env.COMPOSER_NO_INTERACTION" value="1" />
    <property name="env.JDK_SWITCHER_DEFAULT" value="oraclejdk8" />
    <property name="env.TRAVIS_TIMER_ID" value="0273c190" />
    <property name="ant.file" value="/home/travis/build/icyphy/ptII/build.xml" />
    <property name="env.TRAVIS_COMMIT_RANGE" value="2aab4bde3fee2a25a2bd6be7846641f9b4410aa2...e7bd42712ffb51f5432da14dc7e0fa472ccdc4e7" />
    <property name="env._system_name" value="Ubuntu" />
    <property name="timeout" value="2400000" />
    <property name="ptII.classpath.optional.property" value="/home/travis/build/icyphy/ptII/lib/bsh-2.0b4.jar:/home/travis/build/icyphy/ptII/lib/ptCal.jar:/home/travis/build/icyphy/ptII/lib/java_cup.jar:/home/travis/build/icyphy/ptII/lib/saxon8.jar:/home/travis/build/icyphy/ptII/lib/saxon8-dom.jar:/home/travis/build/icyphy/ptII/lib/chic.jar:/home/travis/build/icyphy/ptII/lib/ptcolt.jar:/usr/lib/jvm/java-8-oracle/lib/tools.jar:/usr/lib/eclipse/plugins/org.eclipse.jdt.core_3.8.2.dist.jar:/usr/lib/eclipse/plugins/org.eclipse.core.runtime_3.8.0.dist.jar:/usr/lib/eclipse/plugins/org.eclipse.osgi_3.8.1.dist.jar:/usr/lib/eclipse/plugins/org.eclipse.core.resources_3.8.1.dist.jar:/usr/lib/eclipse/plugins/org.eclipse.equinox.common_3.6.100.dist.jar:/usr/lib/eclipse/plugins/org.eclipse.core.jobs_3.5.200.dist.jar:/usr/lib/eclipse/plugins/org.eclipse.core.contenttype_3.4.200.dist.jar:/usr/lib/eclipse/plugins/org.eclipse.equinox.preferences_3.5.0.dist.jar:/usr/lib/eclipse/plugins/org.eclipse.text_3.5.200.dist.jar:/usr/lib/eclipse/plugins/org.eclipse.ui.workbench_3.8.1.dist.jar:/usr/lib/eclipse/plugins/org.eclipse.jface_3.8.0.dist.jar:/usr/lib/eclipse/plugins/org.eclipse.swt_3.8.2.jar:/usr/lib/eclipse/plugins/org.eclipse.jface.text_3.8.1.dist.jar:/usr/lib/eclipse/plugins/org.eclipse.ui.workbench.texteditor_3.8.0.dist.jar:/usr/lib/eclipse/plugins/org.eclipse.ui.editors_3.8.0.dist.jar:/usr/lib/eclipse/plugins/org.eclipse.core.commands_3.6.1.dist.jar:/usr/lib/eclipse/plugins/org.eclipse.equinox.registry_3.5.200.dist.jar:/usr/lib/eclipse/plugins/org.eclipse.ui.console_3.5.100.dist.jar:/usr/lib/eclipse/plugins/org.eclipse.ui.forms_3.5.200.dist.jar:/usr/lib/eclipse/plugins/org.eclipse.ui.ide_3.8.1.dist.jar:/home/travis/build/icyphy/ptII/vendors/oracle/dbxml.jar:/home/travis/build/icyphy/ptII/vendors/oracle/db.jar:/home/travis/build/icyphy/ptII/vendors/misc/itext/iText.jar:/home/travis/build/icyphy/ptII/lib/g4ltl.jar:/home/travis/build/icyphy/ptII/lib/StructuralCoder.jar:/home/travis/build/icyphy/ptII/lib/org-openide-util.jar:/home/travis/build/icyphy/ptII/lib/org-openide-util-lookup.jar:/home/travis/build/icyphy/ptII/lib/org-netbeans-api-visual.jar:/home/travis/build/icyphy/ptII/vendors/jai-1_1_2_01/lib/jai_core.jar:/home/travis/build/icyphy/ptII/vendors/jai-1_1_2_01/lib/jai_codec.jar:/home/travis/build/icyphy/ptII/lib/jcerti.jar:/home/travis/build/icyphy/ptII/lib/smack.jar:/home/travis/build/icyphy/ptII/lib/smackx.jar:/home/travis/build/icyphy/ptII/lib/jetty-all-8.1.5-v20120716.jar:/home/travis/build/icyphy/ptII/lib/javax.servlet-api-3.0.1.jar:/home/travis/build/icyphy/ptII/lib/javax.mail.jar:/home/travis/build/icyphy/ptII/vendors/JMF-2.1.1e/lib/jmf.jar:/home/travis/build/icyphy/ptII/lib/jna-4.0.0-variadic.jar:/home/travis/build/icyphy/ptII/vendors/misc/joystick/Joystick.jar:/home/travis/build/icyphy/ptII/lib/ptjacl.jar:/home/travis/build/icyphy/ptII/lib/jsoup-1.8.2.jar:/home/travis/build/icyphy/ptII/lib/junit-4.8.2.jar:/home/travis/build/icyphy/ptII/lib/JUnitParams-0.4.0.jar:/home/travis/build/icyphy/ptII/ptolemy/actor/lib/excel/jxl.jar:/home/travis/build/icyphy/ptII/lib/jython.jar:/home/travis/build/icyphy/ptII/lib/kieler.jar:/home/travis/build/icyphy/ptII/vendors/opencv/share/OpenCV/java/opencv-341.jar:/home/travis/build/icyphy/ptII/lib/oscP5.jar:/home/travis/build/icyphy/ptII/lib/nrjavaserial-3.11.0.devel.jar:/home/travis/build/icyphy/ptII/vendors/j3d/lib/j3dcore.jar:/home/travis/build/icyphy/ptII/vendors/j3d/lib/j3dutils.jar:/home/travis/build/icyphy/ptII/vendors/j3d/lib/vecmath.jar:/home/travis/build/icyphy/ptII/ptolemy/distributed/jini/jar/jini-core.jar:/home/travis/build/icyphy/ptII/ptolemy/distributed/jini/jar/jini-ext.jar:/home/travis/build/icyphy/ptII/ptolemy/distributed/jini/jar/sun-util.jar:/home/travis/build/icyphy/ptII/lib/protobuf-java-2.4.1.jar:/home/travis/build/icyphy/ptII/lib/org.eclipse.paho.client.mqttv3.jar:/home/travis/build/icyphy/ptII/ptserver/lib/hessian-4.0.7.jar:/home/travis/build/icyphy/ptII/ptserver/lib/wmqtt.jar:/home/travis/build/icyphy/ptII/lib/mapss.jar:/home/travis/build/icyphy/ptII/ptolemy/actor/ptalon/antlr/antlr.jar:/home/travis/build/icyphy/ptII/lib/JRI.jar:/home/travis/build/icyphy/ptII/lib/commons-lang-2.6.jar:/home/travis/build/icyphy/ptII/lib/commons-logging-1.1.1.jar:/home/travis/build/icyphy/ptII/lib/sootclasses.jar:/home/travis/build/icyphy/ptII/ptolemy/actor/lib/database/mysql-connector-java-5.1.6-bin.jar:/home/travis/build/icyphy/ptII/vendors/misc/sphinx4/sphinx4-data-5prealpha.jar:/home/travis/build/icyphy/ptII/vendors/misc/sphinx4/sphinx4-core-5prealpha.jar:/home/travis/build/icyphy/ptII/lib/PDFRenderer.jar:/home/travis/build/icyphy/ptII/lib/svgSalamander.jar:/home/travis/build/icyphy/ptII/lib/rsyntaxtextarea-2.6.0-SNAPSHOT.jar:/home/travis/build/icyphy/ptII/lib/hazelcast-3.8.2.jar:/home/travis/build/icyphy/ptII/lib/jackson-annotations-2.9.0.jar:/home/travis/build/icyphy/ptII/lib/jackson-core-2.9.3.jar:/home/travis/build/icyphy/ptII/lib/jackson-databind-2.9.3.jar:/home/travis/build/icyphy/ptII/lib/netty-buffer-4.1.19.Final.jar:/home/travis/build/icyphy/ptII/lib/netty-codec-4.1.19.Final.jar:/home/travis/build/icyphy/ptII/lib/netty-codec-dns-4.1.19.Final.jar:/home/travis/build/icyphy/ptII/lib/netty-codec-http-4.1.19.Final.jar:/home/travis/build/icyphy/ptII/lib/netty-codec-http2-4.1.19.Final.jar:/home/travis/build/icyphy/ptII/lib/netty-common-4.1.19.Final.jar:/home/travis/build/icyphy/ptII/lib/netty-handler-4.1.19.Final.jar:/home/travis/build/icyphy/ptII/lib/netty-resolver-4.1.19.Final.jar:/home/travis/build/icyphy/ptII/lib/netty-resolver-dns-4.1.19.Final.jar:/home/travis/build/icyphy/ptII/lib/netty-transport-4.1.19.Final.jar:/home/travis/build/icyphy/ptII/lib/vertx-codegen-3.5.1.jar:/home/travis/build/icyphy/ptII/lib/vertx-core-3.5.2-SNAPSHOT.jar:/home/travis/build/icyphy/ptII/lib/vertx-hazelcast-3.5.1.jar:/home/travis/build/icyphy/ptII/lib/vertx-lang-js-3.5.1.jar:/home/travis/build/icyphy/ptII/lib/vertx-service-proxy-3.5.1.jar:/home/travis/build/icyphy/ptII/lib/vertx-web-3.5.1.jar:/home/travis/build/icyphy/ptII/lib/slf4j-api-1.7.13.jar:/home/travis/build/icyphy/ptII/lib/slf4j-simple-1.7.13.jar:/home/travis/build/icyphy/ptII/lib/webcam-capture-0.3.12.jar:/home/travis/build/icyphy/ptII/lib/bridj-0.7.0.jar:/home/travis/build/icyphy/ptII/lib/xbjlib-1.1.0.nrjavaserial.jar" />
    <property name="test.batch" value="**/junit/*.java" />
    <property name="env._" value="/usr/bin/timeout" />
    <property name="java.io.tmpdir" value="/tmp" />
    <property name="env.TRAVIS_INTERNAL_RUBY_REGEX" value="^ruby-(2\.[0-4]\.[0-9]|1\.9\.3)" />
    <property name="user.language" value="en" />
    <property name="env.HISTCONTROL" value="ignoredups:ignorespace" />
    <property name="env.GOROOT" value="/home/travis/.gimme/versions/go1.7.4.linux.amd64" />
    <property name="line.separator" value="&#xa;" />
    <property name="target" value="1.8" />
    <property name="env.TRAVIS_BUILD_DIR" value="/home/travis/build/icyphy/ptII" />
    <property name="env.ANT_OPTS" value="-Xmx2048m" />
    <property name="ant.file.type" value="file" />
    <property name="ptolemy.ptII.batchMode" value="true" />
    <property name="env.HISTSIZE" value="1000" />
    <property name="env.MERB_ENV" value="test" />
    <property name="java.vm.info" value="mixed mode" />
    <property name="source" value="1.8" />
    <property name="java.vm.specification.name" value="Java Virtual Machine Specification" />
    <property name="env.TRAVIS_TEST_RESULT" value="0" />
    <property name="jsdoc.command" value="node_modules/@terraswarm/jsdoc/jsdoc.js" />
    <property name="npm.works" value="true" />
    <property name="cobertura.dir" value="/home/travis/build/icyphy/ptII/vendors/cobertura-2.0.3" />
    <property name="env.rvm_path" value="/home/travis/.rvm" />
    <property name="env.GEM_PATH" value="/home/travis/.rvm/gems/ruby-2.4.1:/home/travis/.rvm/gems/ruby-2.4.1@global" />
    <property name="env.LC_CTYPE" value="en_US.UTF-8" />
    <property name="java.awt.printerjob" value="sun.print.PSPrinterJob" />
    <property name="env.TRAVIS_CMD" value="$PTII/bin/ptIITravisBuild.sh $SECONDS" />
    <property name="env.TRAVIS_STACK_NAME" value="garnet" />
    <property name="env.TRAVIS_TIMER_START_TIME" value="1545966071720195251" />
    <property name="ant.version" value="Apache Ant(TM) version 1.10.1 compiled on February 2 2017" />
    <property name="ptII.reports" value="/home/travis/build/icyphy/ptII/reports" />
    <property name="env.TRAVIS_STACK_TIMESTAMP" value="2017-12-05 19:33:09 UTC" />
    <property name="ant.file.type.ptII" value="file" />
    <property name="env.RBENV_SHELL" value="bash" />
    <property name="os.name" value="Linux" />
    <property name="java.specification.vendor" value="Oracle Corporation" />
    <property name="env.rvm_version" value="1.29.3 (latest)" />
    <property name="env.TRAVIS_INFRA" value="gce" />
    <property name="env.TERM" value="xterm" />
    <property name="java.vm.name" value="Java HotSpot(TM) 64-Bit Server VM" />
    <property name="env.TRAVIS_BUILD_NUMBER" value="881" />
    <property name="env.CI" value="true" />
    <property name="java.library.path" value="/home/travis/pthla/certi-tools/lib:/usr/lib/jni:/usr/local/share/OpenCV/java/:/usr/share/OpenCV/java::/usr/java/packages/lib/amd64:/usr/lib64:/lib64:/lib:/usr/lib" />
    <property name="env.rvm_prefix" value="/home/travis" />
    <property name="env.PATH" value="/home/travis/pthla/certi-tools/share/scripts:/home/travis/.rvm/gems/ruby-2.4.1/bin:/home/travis/.rvm/gems/ruby-2.4.1@global/bin:/home/travis/.rvm/rubies/ruby-2.4.1/bin:/home/travis/.rvm/bin:/home/travis/.nvm/versions/node/v7.10.1/bin:./node_modules/.bin:/home/travis/build/icyphy/ptII/bin:/home/travis/pthla/certi-tools/bin:/home/travis/bin:/home/travis/.local/bin:/opt/pyenv/shims:/home/travis/.phpenv/shims:/home/travis/perl5/perlbrew/bin:/home/travis/.kiex/elixirs/elixir-1.4.5/bin:/home/travis/.kiex/bin:/home/travis/gopath/bin:/home/travis/.gimme/versions/go1.7.4.linux.amd64/bin:/usr/local/phantomjs/bin:/usr/local/phantomjs:/usr/local/neo4j-3.2.7/bin:/usr/local/maven-3.5.2/bin:/usr/local/cmake-3.9.2/bin:/usr/local/clang-5.0.0/bin:/usr/local/sbin:/usr/local/bin:/usr/sbin:/usr/bin:/sbin:/bin:/home/travis/.phpenv/bin:/opt/pyenv/bin:/home/travis/.yarn/bin" />
    <property name="env.TRAVIS_OS_NAME" value="linux" />
    <property name="ant.java.version" value="1.8" />
    <property name="basedir" value="/home/travis/build/icyphy/ptII" />
    <property name="java.class.version" value="52.0" />
    <property name="env.SHLVL" value="3" />
    <property name="env.LD_LIBRARY_PATH" value="/home/travis/pthla/certi-tools/lib:/usr/lib/jni:/usr/local/share/OpenCV/java/:/usr/share/OpenCV/java:" />
    <property name="env.RACK_ENV" value="test" />
    <property name="ant.home" value="/home/travis/build/icyphy/ptII/ant" />
    <property name="env.PERLBREW_BASHRC_VERSION" value="0.80" />
    <property name="env.NVM_DIR" value="/home/travis/.nvm" />
    <property name="env.TRAVIS_BUILD_ID" value="472863048" />
    <property name="env.CERTI_FOM_PATH" value="/home/travis/pthla/certi-tools/share/federations" />
    <property name="env.PYENV_ROOT" value="/opt/pyenv" />
    <property name="env.TRAVIS_UID" value="2000" />
    <property name="env.rvm_pretty_print_flag" value="auto" />
    <property name="env.NVM_BIN" value="/home/travis/.nvm/versions/node/v7.10.1/bin" />
    <property name="env.TRAVIS_COMMIT" value="e7bd42712ffb51f5432da14dc7e0fa472ccdc4e7" />
    <property name="env._system_arch" value="x86_64" />
    <property name="node.executable" value="node" />
    <property name="sun.boot.library.path" value="/usr/lib/jvm/java-8-oracle/jre/lib/amd64" />
    <property name="sun.management.compiler" value="HotSpot 64-Bit Tiered Compilers" />
    <property name="env.GOPATH" value="/home/travis/gopath" />
    <property name="java.awt.graphicsenv" value="sun.awt.X11GraphicsEnvironment" />
    <property name="ptolemy.ptII.dir" value="/home/travis/build/icyphy/ptII" />
    <property name="env.USER" value="travis" />
    <property name="env.HISTFILESIZE" value="2000" />
    <property name="timeout.longest" value="19000000" />
    <property name="env.TRAVIS_STACK_FEATURES" value="basic cassandra chromium couchdb disabled-ipv6 docker docker-compose elasticsearch firefox go-toolchain google-chrome jdk memcached mongodb mysql neo4j nodejs_interpreter perl_interpreter perlbrew phantomjs postgresql python_interpreter rabbitmq redis riak ruby_interpreter sqlite xserver" />
    <property name="env.TRAVIS_PULL_REQUEST" value="false" />
    <property name="env.PYENV_SHELL" value="bash" />
    <property name="ant.project.name" value="ptII" />
    <property name="java.vm.specification.version" value="1.8" />
    <property name="env.ANSI_RESET" value="\033[0m" />
    <property name="env.TRAVIS_DIST" value="trusty" />
    <property name="env.CERTI_VERSION" value="4.0.0" />
    <property name="env.NLSPATH" value="/usr/dt/lib/nls/msg/%L/%N.cat" />
    <property name="awt.toolkit" value="sun.awt.X11.XToolkit" />
    <property name="env.CERTI_HOST" value="localhost" />
    <property name="env.MY_RUBY_HOME" value="/home/travis/.rvm/rubies/ruby-2.4.1" />
    <property name="sun.cpu.isalist" value="" />
    <property name="env.TRAVIS_TMPDIR" value="/tmp/tmp.Qq8AScGniK" />
    <property name="java.ext.dirs" value="/usr/lib/jvm/java-8-oracle/jre/lib/ext:/usr/java/packages/lib/ext" />
    <property name="os.version" value="4.4.0-101-generic" />
    <property name="user.home" value="/home/travis" />
    <property name="env.MIX_ARCHIVES" value="/home/travis/.kiex/mix/elixir-1.4.5" />
    <property name="java.vm.vendor" value="Oracle Corporation" />
    <property name="env.TRAVIS_TAG" value="nightly" />
    <property name="env.ANSI_YELLOW" value="\033[33;1m" />
    <property name="env.TRAVIS_FILTERED" value="redirect_io" />
    <property name="env.ANSI_GREEN" value="\033[32;1m" />
    <property name="env.JAVA_HOME" value="/usr/lib/jvm/java-8-oracle" />
    <property name="env.PTII" value="/home/travis/build/icyphy/ptII" />
    <property name="javadoc.excludepackagenames" value="adm.cvs2svn.*,build.*,config.*,doc.coding.templates.*,jni.test.jni.meaningOfLife.*,jni.test.jni.testDeux.*,jni.test.jni.testTrois.*,org.terraswarm.accessor.accessors.web.node_modules.*,org.terraswarm.accessor.accessors.web.hosts.cordova.demo.*,org.terraswarm.accessor.accessors.web.hosts.cordova.plugins.*,org.terraswarm.accessor.accessors-svn.*,pt-modules.*,ptolemy.apps.agilent.*,ptolemy.apps.anytimecontrol.*,ptolemy.apps.apes.*,ptolemy.apps.charon.*,ptolemy.apps.crazyboard.*,ptolemy.apps.eclipse.*,ptolemy.apps.etherealSting.*,ptolemy.apps.fullscreen.*,ptolemy.apps.giotto.*,ptolemy.apps.ia.*,ptolemy.apps.interfaces.*,ptolemy.apps.jmf.*,ptolemy.apps.kurt.*,ptolemy.apps.kvm.*,ptolemy.apps.lego.*,ptolemy.apps.lejos.*,ptolemy.apps.midp.*,ptolemy.apps.mobileCoding.*,ptolemy.apps.pendulum.*,ptolemy.apps.rijndael.*,ptolemy.apps.robot.*,ptolemy.apps.security.*,ptolemy.apps.sobel.*,ptolemy.apps.soot.*,ptolemy.apps.throttle.*,ptolemy.apps.tini.*,ptolemy.apps.transmission.*,ptolemy.apps.vergil.*,ptolemy.apps.waba.*,ptolemy.apps.websensor.*,ptolemy.apps.webstart.*,ptolemy.apps.xsl.*,ptolemy.apps.zaurus.*,ptolemy.backtrack.eclipse.plugin.*,ptolemy.backtrack.test.*,ptolemy.codegen.c.actor.lib.oldJavaFiles.*,ptolemy.codegen.dsp.lib.*,ptolemy.codegen.kernel.newInterfaces.*,ptolemy.codegen.lib.*,ptolemy.copernicus.kernel.fragment.*,ptolemy.copernicus.shallow.cg.*,ptolemy.domains.giotto.demo.Hierarchy.Hierarchy.*,ptolemy.domains.giotto.demo.Multimode.Multimode.*,ptolemy.domains.giotto.demo.Simple.Simple.*,ptolemy.domains.gr.lib.experimental.*,ptolemy.domains.gro.*,ptolemy.domains.pdf.*,ptolemy.domains.ptinyos.demo.Surge.output.*,ptolemy.moml.test.NoPackageActor.java*,ptolemy.plot.adm.*,ptolemy.plot.servlet.*,reports.*,signed.*,src.*,target.*,vendors.*,ptolemy.cg.adapter.generic.program.procedural.c.mbed*,ptolemy.actor.lib.fmi.fmus.omc*,ptolemy.domains.openmodelica*,ptdb.kernel.bl.save.test.*,ptdb.kernel.bl.load.test.*,ptdb.kernel.bl.search.test.*,ptdb.kernel.bl.migration.test.*,ptdb.kernel.database.test.*,ptdb.test.*,ptdb.gui.test.*,org.ptolemy.scala.*,diva.util.java2d.svg.*,ptolemy.domains.ptinyos.*,ptolemy.actor.lib.fmi.fmipp.*,,org.terraswarm.accessor.accessors.web.node_modules.*,org.terraswarm.accessor.accessors-svn,ptolemy.apps.*,ptolemy.actor.ptalon.demo.ptinyos.SendAndReceiveCnt.output,ptolemy.actor.ptalon.demo.ptinyos.SenseToLeds.output,ptolemy.domains.ptinyos.demo.CntToLedsAndRfm.output,ptolemy.domains.ptinyos.demo.RfmToLeds.output,ptolemy.domains.ptinyos.demo.SendAndReceiveCnt.output,ptolemy.domains.ptinyos.demo.SenseToLeds.output,ptolemy.actor.lib.jjs.modules.udpSocket.*" />
    <property name="env.TRAVIS_COMMIT_MESSAGE" value="add a simple demo for a parameterizable ParallelMutable" />
    <property name="keystore" value="ptKeystore" />
    <property name="env.XDG_SESSION_ID" value="2" />
    <property name="junit.output.dir" value="/home/travis/build/icyphy/ptII/reports/junit" />
    <property name="npm.return.code" value="0" />
    <property name="user.dir" value="/home/travis/build/icyphy/ptII/ptolemy/actor/lib/test" />
    <property name="env.TRAVIS_NODE_VERSION" value="7" />
    <property name="env.XFILESEARCHPATH" value="/usr/dt/app-defaults/%L/Dt" />
    <property name="env.TRAVIS_EVENT_TYPE" value="cron" />
    <property name="env.MAIL" value="/var/mail/travis" />
    <property name="env.PWD" value="/home/travis/build/icyphy/ptII" />
    <property name="env.PERLBREW_ROOT" value="/home/travis/perl5/perlbrew" />
    <property name="timeout.npm" value="45000" />
    <property name="env.TRAVIS_ARCH" value="amd64" />
    <property name="env.PAGER" value="cat" />
    <property name="sun.cpu.endian" value="little" />
    <property name="env.TRAVIS_BUILD_STAGE_NAME" value="Test" />
    <property name="env.PERLBREW_HOME" value="/home/travis/.perlbrew" />
    <property name="env.RAILS_ENV" value="test" />
    <property name="java.vm.version" value="25.151-b12" />
    <property name="java.class.path" value="/home/travis/.ptolemyII:/home/travis/.ptolemyII/*:/home/travis/build/icyphy/ptII:/home/travis/build/icyphy/ptII/lib/bsh-2.0b4.jar:/home/travis/build/icyphy/ptII/lib/ptCal.jar:/home/travis/build/icyphy/ptII/lib/java_cup.jar:/home/travis/build/icyphy/ptII/lib/saxon8.jar:/home/travis/build/icyphy/ptII/lib/saxon8-dom.jar:/home/travis/build/icyphy/ptII/lib/chic.jar:/home/travis/build/icyphy/ptII/lib/ptcolt.jar:/usr/lib/jvm/java-8-oracle/lib/tools.jar:/usr/lib/eclipse/plugins/org.eclipse.jdt.core_3.8.2.dist.jar:/usr/lib/eclipse/plugins/org.eclipse.core.runtime_3.8.0.dist.jar:/usr/lib/eclipse/plugins/org.eclipse.osgi_3.8.1.dist.jar:/usr/lib/eclipse/plugins/org.eclipse.core.resources_3.8.1.dist.jar:/usr/lib/eclipse/plugins/org.eclipse.equinox.common_3.6.100.dist.jar:/usr/lib/eclipse/plugins/org.eclipse.core.jobs_3.5.200.dist.jar:/usr/lib/eclipse/plugins/org.eclipse.core.contenttype_3.4.200.dist.jar:/usr/lib/eclipse/plugins/org.eclipse.equinox.preferences_3.5.0.dist.jar:/usr/lib/eclipse/plugins/org.eclipse.text_3.5.200.dist.jar:/usr/lib/eclipse/plugins/org.eclipse.ui.workbench_3.8.1.dist.jar:/usr/lib/eclipse/plugins/org.eclipse.jface_3.8.0.dist.jar:/usr/lib/eclipse/plugins/org.eclipse.swt_3.8.2.jar:/usr/lib/eclipse/plugins/org.eclipse.jface.text_3.8.1.dist.jar:/usr/lib/eclipse/plugins/org.eclipse.ui.workbench.texteditor_3.8.0.dist.jar:/usr/lib/eclipse/plugins/org.eclipse.ui.editors_3.8.0.dist.jar:/usr/lib/eclipse/plugins/org.eclipse.core.commands_3.6.1.dist.jar:/usr/lib/eclipse/plugins/org.eclipse.equinox.registry_3.5.200.dist.jar:/usr/lib/eclipse/plugins/org.eclipse.ui.console_3.5.100.dist.jar:/usr/lib/eclipse/plugins/org.eclipse.ui.forms_3.5.200.dist.jar:/usr/lib/eclipse/plugins/org.eclipse.ui.ide_3.8.1.dist.jar:/home/travis/build/icyphy/ptII/vendors/oracle/dbxml.jar:/home/travis/build/icyphy/ptII/vendors/oracle/db.jar:/home/travis/build/icyphy/ptII/vendors/misc/itext/iText.jar:/home/travis/build/icyphy/ptII/lib/g4ltl.jar:/home/travis/build/icyphy/ptII/lib/StructuralCoder.jar:/home/travis/build/icyphy/ptII/lib/org-openide-util.jar:/home/travis/build/icyphy/ptII/lib/org-openide-util-lookup.jar:/home/travis/build/icyphy/ptII/lib/org-netbeans-api-visual.jar:/home/travis/build/icyphy/ptII/vendors/jai-1_1_2_01/lib/jai_core.jar:/home/travis/build/icyphy/ptII/vendors/jai-1_1_2_01/lib/jai_codec.jar:/home/travis/build/icyphy/ptII/lib/jcerti.jar:/home/travis/build/icyphy/ptII/lib/smack.jar:/home/travis/build/icyphy/ptII/lib/smackx.jar:/home/travis/build/icyphy/ptII/lib/jetty-all-8.1.5-v20120716.jar:/home/travis/build/icyphy/ptII/lib/javax.servlet-api-3.0.1.jar:/home/travis/build/icyphy/ptII/lib/javax.mail.jar:/home/travis/build/icyphy/ptII/vendors/JMF-2.1.1e/lib/jmf.jar:/home/travis/build/icyphy/ptII/lib/jna-4.0.0-variadic.jar:/home/travis/build/icyphy/ptII/vendors/misc/joystick/Joystick.jar:/home/travis/build/icyphy/ptII/lib/ptjacl.jar:/home/travis/build/icyphy/ptII/lib/jsoup-1.8.2.jar:/home/travis/build/icyphy/ptII/lib/junit-4.8.2.jar:/home/travis/build/icyphy/ptII/lib/JUnitParams-0.4.0.jar:/home/travis/build/icyphy/ptII/ptolemy/actor/lib/excel/jxl.jar:/home/travis/build/icyphy/ptII/lib/jython.jar:/home/travis/build/icyphy/ptII/lib/kieler.jar:/home/travis/build/icyphy/ptII/vendors/opencv/share/OpenCV/java/opencv-341.jar:/home/travis/build/icyphy/ptII/lib/oscP5.jar:/home/travis/build/icyphy/ptII/lib/nrjavaserial-3.11.0.devel.jar:/home/travis/build/icyphy/ptII/vendors/j3d/lib/j3dcore.jar:/home/travis/build/icyphy/ptII/vendors/j3d/lib/j3dutils.jar:/home/travis/build/icyphy/ptII/vendors/j3d/lib/vecmath.jar:/home/travis/build/icyphy/ptII/ptolemy/distributed/jini/jar/jini-core.jar:/home/travis/build/icyphy/ptII/ptolemy/distributed/jini/jar/jini-ext.jar:/home/travis/build/icyphy/ptII/ptolemy/distributed/jini/jar/sun-util.jar:/home/travis/build/icyphy/ptII/lib/protobuf-java-2.4.1.jar:/home/travis/build/icyphy/ptII/lib/org.eclipse.paho.client.mqttv3.jar:/home/travis/build/icyphy/ptII/ptserver/lib/hessian-4.0.7.jar:/home/travis/build/icyphy/ptII/ptserver/lib/wmqtt.jar:/home/travis/build/icyphy/ptII/lib/mapss.jar:/home/travis/build/icyphy/ptII/ptolemy/actor/ptalon/antlr/antlr.jar:/home/travis/build/icyphy/ptII/lib/JRI.jar:/home/travis/build/icyphy/ptII/lib/commons-lang-2.6.jar:/home/travis/build/icyphy/ptII/lib/commons-logging-1.1.1.jar:/home/travis/build/icyphy/ptII/lib/sootclasses.jar:/home/travis/build/icyphy/ptII/ptolemy/actor/lib/database/mysql-connector-java-5.1.6-bin.jar:/home/travis/build/icyphy/ptII/vendors/misc/sphinx4/sphinx4-data-5prealpha.jar:/home/travis/build/icyphy/ptII/vendors/misc/sphinx4/sphinx4-core-5prealpha.jar:/home/travis/build/icyphy/ptII/lib/PDFRenderer.jar:/home/travis/build/icyphy/ptII/lib/svgSalamander.jar:/home/travis/build/icyphy/ptII/lib/rsyntaxtextarea-2.6.0-SNAPSHOT.jar:/home/travis/build/icyphy/ptII/lib/hazelcast-3.8.2.jar:/home/travis/build/icyphy/ptII/lib/jackson-annotations-2.9.0.jar:/home/travis/build/icyphy/ptII/lib/jackson-core-2.9.3.jar:/home/travis/build/icyphy/ptII/lib/jackson-databind-2.9.3.jar:/home/travis/build/icyphy/ptII/lib/netty-buffer-4.1.19.Final.jar:/home/travis/build/icyphy/ptII/lib/netty-codec-4.1.19.Final.jar:/home/travis/build/icyphy/ptII/lib/netty-codec-dns-4.1.19.Final.jar:/home/travis/build/icyphy/ptII/lib/netty-codec-http-4.1.19.Final.jar:/home/travis/build/icyphy/ptII/lib/netty-codec-http2-4.1.19.Final.jar:/home/travis/build/icyphy/ptII/lib/netty-common-4.1.19.Final.jar:/home/travis/build/icyphy/ptII/lib/netty-handler-4.1.19.Final.jar:/home/travis/build/icyphy/ptII/lib/netty-resolver-4.1.19.Final.jar:/home/travis/build/icyphy/ptII/lib/netty-resolver-dns-4.1.19.Final.jar:/home/travis/build/icyphy/ptII/lib/netty-transport-4.1.19.Final.jar:/home/travis/build/icyphy/ptII/lib/vertx-codegen-3.5.1.jar:/home/travis/build/icyphy/ptII/lib/vertx-core-3.5.2-SNAPSHOT.jar:/home/travis/build/icyphy/ptII/lib/vertx-hazelcast-3.5.1.jar:/home/travis/build/icyphy/ptII/lib/vertx-lang-js-3.5.1.jar:/home/travis/build/icyphy/ptII/lib/vertx-service-proxy-3.5.1.jar:/home/travis/build/icyphy/ptII/lib/vertx-web-3.5.1.jar:/home/travis/build/icyphy/ptII/lib/slf4j-api-1.7.13.jar:/home/travis/build/icyphy/ptII/lib/slf4j-simple-1.7.13.jar:/home/travis/build/icyphy/ptII/lib/webcam-capture-0.3.12.jar:/home/travis/build/icyphy/ptII/lib/bridj-0.7.0.jar:/home/travis/build/icyphy/ptII/lib/xbjlib-1.1.0.nrjavaserial.jar:/home/travis/build/icyphy/ptII/ptolemy/moml/test:/home/travis/build/icyphy/ptII/ant/lib/ant-launcher.jar:/home/travis/build/icyphy/ptII/ant/lib/ant.jar:/home/travis/build/icyphy/ptII/ant/lib/ant-junit.jar:/home/travis/build/icyphy/ptII/ant/lib/ant-junit4.jar" />
    <property name="ant.library.dir" value="/home/travis/build/icyphy/ptII/ant/lib" />
    <property name="os.arch" value="amd64" />
    <property name="env.TRAVIS_LANGUAGE" value="node_js" />
    <property name="env.CONTINUOUS_INTEGRATION" value="true" />
    <property name="env.TRAVIS_STACK_LANGUAGES" value="__garnet__ c c++ clojure cplusplus cpp default go groovy java node_js php pure_java python ruby scala" />
    <property name="test.name" value="ptolemy.actor.lib.test.junit.JUnitTclTest" />
    <property name="sun.java.launcher" value="SUN_STANDARD" />
    <property name="env.PYTHON_CONFIGURE_OPTS" value="--enable-unicode=ucs4 --with-wide-unicode --enable-shared --enable-ipv6 --enable-loadable-sqlite-extensions --with-computed-gotos" />
    <property name="ant.core.lib" value="/home/travis/build/icyphy/ptII/ant/lib/ant.jar" />
    <property name="java.vm.specification.vendor" value="Oracle Corporation" />
    <property name="env.BCVTB_HOME" value="/home/travis/build/icyphy/ptII/lbnl" />
    <property name="file.separator" value="/" />
    <property name="spotbugs.home" value="/home/travis/build/icyphy/ptII/vendors/spotbugs-3.1.1" />
    <property name="java.runtime.version" value="1.8.0_151-b12" />
    <property name="sun.boot.class.path" value="/usr/lib/jvm/java-8-oracle/jre/lib/resources.jar:/usr/lib/jvm/java-8-oracle/jre/lib/rt.jar:/usr/lib/jvm/java-8-oracle/jre/lib/sunrsasign.jar:/usr/lib/jvm/java-8-oracle/jre/lib/jsse.jar:/usr/lib/jvm/java-8-oracle/jre/lib/jce.jar:/usr/lib/jvm/java-8-oracle/jre/lib/charsets.jar:/usr/lib/jvm/java-8-oracle/jre/lib/jfr.jar:/usr/lib/jvm/java-8-oracle/jre/classes" />
    <property name="env.ANSI_CLEAR" value="\033[0K" />
    <property name="env.HAS_JOSH_K_SEAL_OF_APPROVAL" value="true" />
    <property name="env.XDG_RUNTIME_DIR" value="/run/user/2000" />
    <property name="env.TRAVIS_OSX_IMAGE" value="" />
    <property name="env.TRAVIS_BRANCH" value="master" />
    <property name="env.TRAVIS_JOB_ID" value="472863056" />
    <property name="user.country" value="US" />
    <property name="env.CERTI_HOME_TRAVIS" value="/home/travis/pthla/certi-tools" />
    <property name="env.SHELL" value="/bin/bash" />
    <property name="java.maxmemory.large" value="5000m" />
    <property name="model" value="" />
    <property name="env.CASHER_DIR" value="/home/travis/.casher" />
    <property name="env.NVM_CD_FLAGS" value="" />
    <property name="jshint.executable" value="/home/travis/node_modules/jshint/bin/jshint" />
    <property name="java.vendor" value="Oracle Corporation" />
    <property name="env.JRUBY_OPTS" value=" --client -J-XX:+TieredCompilation -J-XX:TieredStopAtLevel=1 -J-Xss2m -Xcompile.invokedynamic=false" />
    <property name="env.TRAVIS_PRE_CHEF_BOOTSTRAP_TIME" value="2017-12-05T19:32:55" />
    <property name="env.TRAVIS_STACK_JOB_BOARD_REGISTER" value="/.job-board-register.yml" />
    <property name="env.ELIXIR_VERSION" value="1.4.5" />
    <property name="env.ANSI_RED" value="\033[31;1m" />
    <property name="java.specification.version" value="1.8" />
    <property name="env.TRAVIS" value="true" />
    <property name="env.IRBRC" value="/home/travis/.rvm/rubies/ruby-2.4.1/.irbrc" />
    <property name="sun.arch.data.model" value="64" />
  </properties>
  <testcase classname="ptolemy.util.test.junit.TclTests" name="[0] /home/travis/build/icyphy/ptII/ptolemy/actor/lib/test/AbsoluteValue.tcl (RunTclFile)" time="0.423" />
  <testcase classname="ptolemy.util.test.junit.TclTests" name="[1] /home/travis/build/icyphy/ptII/ptolemy/actor/lib/test/AddSubtract.tcl (RunTclFile)" time="0.088" />
  <testcase classname="ptolemy.util.test.junit.TclTests" name="[2] /home/travis/build/icyphy/ptII/ptolemy/actor/lib/test/Average.tcl (RunTclFile)" time="0.047" />
  <testcase classname="ptolemy.util.test.junit.TclTests" name="[3] /home/travis/build/icyphy/ptII/ptolemy/actor/lib/test/Bernoulli.tcl (RunTclFile)" time="0.026" />
  <testcase classname="ptolemy.util.test.junit.TclTests" name="[4] /home/travis/build/icyphy/ptII/ptolemy/actor/lib/test/Clock.tcl (RunTclFile)" time="0.08" />
  <testcase classname="ptolemy.util.test.junit.TclTests" name="[5] /home/travis/build/icyphy/ptII/ptolemy/actor/lib/test/Commutator.tcl (RunTclFile)" time="0.137" />
  <testcase classname="ptolemy.util.test.junit.TclTests" name="[6] /home/travis/build/icyphy/ptII/ptolemy/actor/lib/test/Const.tcl (RunTclFile)" time="0.114" />
  <testcase classname="ptolemy.util.test.junit.TclTests" name="[7] /home/travis/build/icyphy/ptII/ptolemy/actor/lib/test/CurrentTime.tcl (RunTclFile)" time="0.038" />
  <testcase classname="ptolemy.util.test.junit.TclTests" name="[8] /home/travis/build/icyphy/ptII/ptolemy/actor/lib/test/DB.tcl (RunTclFile)" time="0.019" />
  <testcase classname="ptolemy.util.test.junit.TclTests" name="[9] /home/travis/build/icyphy/ptII/ptolemy/actor/lib/test/DiscreteRandomSource.tcl (RunTclFile)" time="0.046" />
  <testcase classname="ptolemy.util.test.junit.TclTests" name="[10] /home/travis/build/icyphy/ptII/ptolemy/actor/lib/test/Distributor.tcl (RunTclFile)" time="0.071" />
  <testcase classname="ptolemy.util.test.junit.TclTests" name="[11] /home/travis/build/icyphy/ptII/ptolemy/actor/lib/test/Exit.tcl (RunTclFile)" time="0.054" />
  <testcase classname="ptolemy.util.test.junit.TclTests" name="[12] /home/travis/build/icyphy/ptII/ptolemy/actor/lib/test/Expression.tcl (RunTclFile)" time="0.119" />
  <testcase classname="ptolemy.util.test.junit.TclTests" name="[13] /home/travis/build/icyphy/ptII/ptolemy/actor/lib/test/Gaussian.tcl (RunTclFile)" time="0.101" />
  <testcase classname="ptolemy.util.test.junit.TclTests" name="[14] /home/travis/build/icyphy/ptII/ptolemy/actor/lib/test/IIR.tcl (RunTclFile)" time="0.04" />
  <testcase classname="ptolemy.util.test.junit.TclTests" name="[15] /home/travis/build/icyphy/ptII/ptolemy/actor/lib/test/Interpolator.tcl (RunTclFile)" time="0.101" />
  <testcase classname="ptolemy.util.test.junit.TclTests" name="[16] /home/travis/build/icyphy/ptII/ptolemy/actor/lib/test/MathFunction.tcl (RunTclFile)" time="0.087" />
  <testcase classname="ptolemy.util.test.junit.TclTests" name="[17] /home/travis/build/icyphy/ptII/ptolemy/actor/lib/test/Maximum.tcl (RunTclFile)" time="0.046" />
  <testcase classname="ptolemy.util.test.junit.TclTests" name="[18] /home/travis/build/icyphy/ptII/ptolemy/actor/lib/test/Minimum.tcl (RunTclFile)" time="0.043" />
  <testcase classname="ptolemy.util.test.junit.TclTests" name="[19] /home/travis/build/icyphy/ptII/ptolemy/actor/lib/test/MultiplyDivide.tcl (RunTclFile)" time="0.033" />
  <testcase classname="ptolemy.util.test.junit.TclTests" name="[20] /home/travis/build/icyphy/ptII/ptolemy/actor/lib/test/OrderedMerge.tcl (RunTclFile)" time="0.06" />
  <testcase classname="ptolemy.util.test.junit.TclTests" name="[21] /home/travis/build/icyphy/ptII/ptolemy/actor/lib/test/Publisher.tcl (RunTclFile)" time="0.538" />
  <testcase classname="ptolemy.util.test.junit.TclTests" name="[22] /home/travis/build/icyphy/ptII/ptolemy/actor/lib/test/Pulse.tcl (RunTclFile)" time="0.05" />
  <testcase classname="ptolemy.util.test.junit.TclTests" name="[23] /home/travis/build/icyphy/ptII/ptolemy/actor/lib/test/Ramp.tcl (RunTclFile)" time="1.855" />
  <testcase classname="ptolemy.util.test.junit.TclTests" name="[24] /home/travis/build/icyphy/ptII/ptolemy/actor/lib/test/RampContinuous.tcl (RunTclFile)" time="0.019" />
  <testcase classname="ptolemy.util.test.junit.TclTests" name="[25] /home/travis/build/icyphy/ptII/ptolemy/actor/lib/test/RecordAssembler.tcl (RunTclFile)" time="0.021" />
  <testcase classname="ptolemy.util.test.junit.TclTests" name="[26] /home/travis/build/icyphy/ptII/ptolemy/actor/lib/test/RecordDisassembler.tcl (RunTclFile)" time="0.026" />
  <testcase classname="ptolemy.util.test.junit.TclTests" name="[27] /home/travis/build/icyphy/ptII/ptolemy/actor/lib/test/Scale.tcl (RunTclFile)" time="0.031" />
  <testcase classname="ptolemy.util.test.junit.TclTests" name="[28] /home/travis/build/icyphy/ptII/ptolemy/actor/lib/test/SequentialClock.tcl (RunTclFile)" time="0.021" />
  <testcase classname="ptolemy.util.test.junit.TclTests" name="[29] /home/travis/build/icyphy/ptII/ptolemy/actor/lib/test/SetVariable.tcl (RunTclFile)" time="0.015" />
  <testcase classname="ptolemy.util.test.junit.TclTests" name="[30] /home/travis/build/icyphy/ptII/ptolemy/actor/lib/test/Sinewave.tcl (RunTclFile)" time="0.055" />
  <testcase classname="ptolemy.util.test.junit.TclTests" name="[31] /home/travis/build/icyphy/ptII/ptolemy/actor/lib/test/SubscriptionAggregator.tcl (RunTclFile)" time="1.776" />
  <testcase classname="ptolemy.util.test.junit.TclTests" name="[32] /home/travis/build/icyphy/ptII/ptolemy/actor/lib/test/Test.tcl (RunTclFile)" time="0.061" />
  <testcase classname="ptolemy.util.test.junit.TclTests" name="[33] /home/travis/build/icyphy/ptII/ptolemy/actor/lib/test/TestExceptionHandler.tcl (RunTclFile)" time="0.009" />
  <testcase classname="ptolemy.util.test.junit.TclTests" name="[34] /home/travis/build/icyphy/ptII/ptolemy/actor/lib/test/UnionDisassembler.tcl (RunTclFile)" time="0.07" />
  <testcase classname="ptolemy.util.test.junit.TclTests" name="[35] /home/travis/build/icyphy/ptII/ptolemy/actor/lib/test/VariableClock.tcl (RunTclFile)" time="0.025" />
  <testcase classname="ptolemy.util.test.junit.AutoKnownFailedTests" name="[0] /home/travis/build/icyphy/ptII/ptolemy/actor/lib/test/auto/knownFailedTests/PublisherPortToplevelSubscriber.xml (RunModel)" time="0.027" />
  <testcase classname="ptolemy.util.test.junit.AutoKnownFailedTests" name="[1] /home/travis/build/icyphy/ptII/ptolemy/actor/lib/test/auto/knownFailedTests/PublisherSubscriberPortToplevel.xml (RunModel)" time="0.035" />
  <testcase classname="ptolemy.util.test.junit.AutoKnownFailedTests" name="[2] /home/travis/build/icyphy/ptII/ptolemy/actor/lib/test/auto/knownFailedTests/PublisherSubscriptionAggregatorPort.xml (RunModel)" time="0.029" />
  <testcase classname="ptolemy.util.test.junit.AutoKnownFailedTests" name="[3] /home/travis/build/icyphy/ptII/ptolemy/actor/lib/test/auto/knownFailedTests/sizedarray3.xml (RunModel)" time="0.045" />
  <testcase classname="ptolemy.util.test.junit.AutoNameArchTests" name="[0] ThereAreNoAutoArchTests (RunModel)" time="0.005" />
  <testcase classname="ptolemy.util.test.junit.AutoTests" name="[0] /home/travis/build/icyphy/ptII/ptolemy/actor/lib/test/auto/AbsoluteValue.xml (RunModel)" time="0.123" />
  <testcase classname="ptolemy.util.test.junit.AutoTests" name="[1] /home/travis/build/icyphy/ptII/ptolemy/actor/lib/test/auto/AbsoluteValue2.xml (RunModel)" time="0.075" />
  <testcase classname="ptolemy.util.test.junit.AutoTests" name="[2] /home/travis/build/icyphy/ptII/ptolemy/actor/lib/test/auto/Accumulator.xml (RunModel)" time="0.067" />
  <testcase classname="ptolemy.util.test.junit.AutoTests" name="[3] /home/travis/build/icyphy/ptII/ptolemy/actor/lib/test/auto/Accumulator2.xml (RunModel)" time="0.025" />
  <testcase classname="ptolemy.util.test.junit.AutoTests" name="[4] /home/travis/build/icyphy/ptII/ptolemy/actor/lib/test/auto/Accumulator3.xml (RunModel)" time="0.052" />
  <testcase classname="ptolemy.util.test.junit.AutoTests" name="[5] /home/travis/build/icyphy/ptII/ptolemy/actor/lib/test/auto/ArrayAppend.xml (RunModel)" time="0.071" />
  <testcase classname="ptolemy.util.test.junit.AutoTests" name="[6] /home/travis/build/icyphy/ptII/ptolemy/actor/lib/test/auto/ArrayAppend2.xml (RunModel)" time="0.67" />
  <testcase classname="ptolemy.util.test.junit.AutoTests" name="[7] /home/travis/build/icyphy/ptII/ptolemy/actor/lib/test/auto/ArrayAppend3.xml (RunModel)" time="0.045" />
  <testcase classname="ptolemy.util.test.junit.AutoTests" name="[8] /home/travis/build/icyphy/ptII/ptolemy/actor/lib/test/auto/ArrayAppend4.xml (RunModel)" time="0.036" />
  <testcase classname="ptolemy.util.test.junit.AutoTests" name="[9] /home/travis/build/icyphy/ptII/ptolemy/actor/lib/test/auto/ArrayAppend5.xml (RunModel)" time="0.039" />
  <testcase classname="ptolemy.util.test.junit.AutoTests" name="[10] /home/travis/build/icyphy/ptII/ptolemy/actor/lib/test/auto/ArrayAppend6.xml (RunModel)" time="0.091" />
  <testcase classname="ptolemy.util.test.junit.AutoTests" name="[11] /home/travis/build/icyphy/ptII/ptolemy/actor/lib/test/auto/ArrayAppendPerformanceTest.xml (RunModel)" time="0.054" />
  <testcase classname="ptolemy.util.test.junit.AutoTests" name="[12] /home/travis/build/icyphy/ptII/ptolemy/actor/lib/test/auto/ArrayAppendWithEmptyInput.xml (RunModel)" time="0.065" />
  <testcase classname="ptolemy.util.test.junit.AutoTests" name="[13] /home/travis/build/icyphy/ptII/ptolemy/actor/lib/test/auto/ArrayAverage.xml (RunModel)" time="0.06" />
  <testcase classname="ptolemy.util.test.junit.AutoTests" name="[14] /home/travis/build/icyphy/ptII/ptolemy/actor/lib/test/auto/ArrayContains.xml (RunModel)" time="0.045" />
  <testcase classname="ptolemy.util.test.junit.AutoTests" name="[15] /home/travis/build/icyphy/ptII/ptolemy/actor/lib/test/auto/ArrayElement.xml (RunModel)" time="0.034" />
  <testcase classname="ptolemy.util.test.junit.AutoTests" name="[16] /home/travis/build/icyphy/ptII/ptolemy/actor/lib/test/auto/ArrayElementAsMatrix.xml (RunModel)" time="0.071" />
  <testcase classname="ptolemy.util.test.junit.AutoTests" name="[17] /home/travis/build/icyphy/ptII/ptolemy/actor/lib/test/auto/ArrayElementI.xml (RunModel)" time="0.022" />
  <testcase classname="ptolemy.util.test.junit.AutoTests" name="[18] /home/travis/build/icyphy/ptII/ptolemy/actor/lib/test/auto/ArrayExtract.xml (RunModel)" time="0.056" />
  <testcase classname="ptolemy.util.test.junit.AutoTests" name="[19] /home/travis/build/icyphy/ptII/ptolemy/actor/lib/test/auto/ArrayExtract2.xml (RunModel)" time="0.026" />
  <testcase classname="ptolemy.util.test.junit.AutoTests" name="[20] /home/travis/build/icyphy/ptII/ptolemy/actor/lib/test/auto/ArrayLength.xml (RunModel)" time="0.037" />
  <testcase classname="ptolemy.util.test.junit.AutoTests" name="[21] /home/travis/build/icyphy/ptII/ptolemy/actor/lib/test/auto/ArrayLevelCrossing.xml (RunModel)" time="0.044" />
  <testcase classname="ptolemy.util.test.junit.AutoTests" name="[22] /home/travis/build/icyphy/ptII/ptolemy/actor/lib/test/auto/ArrayLevelCrossing2.xml (RunModel)" time="0.026" />
  <testcase classname="ptolemy.util.test.junit.AutoTests" name="[23] /home/travis/build/icyphy/ptII/ptolemy/actor/lib/test/auto/ArrayPeakSearch.xml (RunModel)" time="0.045" />
  <testcase classname="ptolemy.util.test.junit.AutoTests" name="[24] /home/travis/build/icyphy/ptII/ptolemy/actor/lib/test/auto/ArrayPeakSearch2.xml (RunModel)" time="0.039" />
  <testcase classname="ptolemy.util.test.junit.AutoTests" name="[25] /home/travis/build/icyphy/ptII/ptolemy/actor/lib/test/auto/ArrayPeakSearch3.xml (RunModel)" time="0.038" />
  <testcase classname="ptolemy.util.test.junit.AutoTests" name="[26] /home/travis/build/icyphy/ptII/ptolemy/actor/lib/test/auto/ArrayRemoveElement.xml (RunModel)" time="0.027" />
  <testcase classname="ptolemy.util.test.junit.AutoTests" name="[27] /home/travis/build/icyphy/ptII/ptolemy/actor/lib/test/auto/ArraySort.xml (RunModel)" time="0.033" />
  <testcase classname="ptolemy.util.test.junit.AutoTests" name="[28] /home/travis/build/icyphy/ptII/ptolemy/actor/lib/test/auto/ArraySum.xml (RunModel)" time="0.021" />
  <testcase classname="ptolemy.util.test.junit.AutoTests" name="[29] /home/travis/build/icyphy/ptII/ptolemy/actor/lib/test/auto/ArrayToElements.xml (RunModel)" time="0.026" />
  <testcase classname="ptolemy.util.test.junit.AutoTests" name="[30] /home/travis/build/icyphy/ptII/ptolemy/actor/lib/test/auto/ArrayToMatrix.xml (RunModel)" time="0.057" />
  <testcase classname="ptolemy.util.test.junit.AutoTests" name="[31] /home/travis/build/icyphy/ptII/ptolemy/actor/lib/test/auto/ArrayUpdate1.xml (RunModel)" time="0.017" />
  <testcase classname="ptolemy.util.test.junit.AutoTests" name="[32] /home/travis/build/icyphy/ptII/ptolemy/actor/lib/test/auto/ArrayUpdate2.xml (RunModel)" time="0.017" />
  <testcase classname="ptolemy.util.test.junit.AutoTests" name="[33] /home/travis/build/icyphy/ptII/ptolemy/actor/lib/test/auto/ArrayUpdate3.xml (RunModel)" time="0.018" />
  <testcase classname="ptolemy.util.test.junit.AutoTests" name="[34] /home/travis/build/icyphy/ptII/ptolemy/actor/lib/test/auto/Assert1.xml (RunModel)" time="0.035" />
  <testcase classname="ptolemy.util.test.junit.AutoTests" name="[35] /home/travis/build/icyphy/ptII/ptolemy/actor/lib/test/auto/Assert2.xml (RunModel)" time="0.022" />
  <testcase classname="ptolemy.util.test.junit.AutoTests" name="[36] /home/travis/build/icyphy/ptII/ptolemy/actor/lib/test/auto/BooleanMultiplexor.xml (RunModel)" time="0.022" />
  <testcase classname="ptolemy.util.test.junit.AutoTests" name="[37] /home/travis/build/icyphy/ptII/ptolemy/actor/lib/test/auto/BooleanMultiplexor2.xml (RunModel)" time="0.031" />
  <testcase classname="ptolemy.util.test.junit.AutoTests" name="[38] /home/travis/build/icyphy/ptII/ptolemy/actor/lib/test/auto/BooleanMultiplexor3.xml (RunModel)" time="0.028" />
  <testcase classname="ptolemy.util.test.junit.AutoTests" name="[39] /home/travis/build/icyphy/ptII/ptolemy/actor/lib/test/auto/BooleanSelect.xml (RunModel)" time="0.029" />
  <testcase classname="ptolemy.util.test.junit.AutoTests" name="[40] /home/travis/build/icyphy/ptII/ptolemy/actor/lib/test/auto/BooleanSelect2.xml (RunModel)" time="0.02" />
  <testcase classname="ptolemy.util.test.junit.AutoTests" name="[41] /home/travis/build/icyphy/ptII/ptolemy/actor/lib/test/auto/BooleanSwitch.xml (RunModel)" time="0.025" />
  <testcase classname="ptolemy.util.test.junit.AutoTests" name="[42] /home/travis/build/icyphy/ptII/ptolemy/actor/lib/test/auto/BooleanSwitch2.xml (RunModel)" time="0.021" />
  <testcase classname="ptolemy.util.test.junit.AutoTests" name="[43] /home/travis/build/icyphy/ptII/ptolemy/actor/lib/test/auto/BooleanSwitchCloningBugWithClassRelationGroup.xml (RunModel)" time="0.022" />
  <testcase classname="ptolemy.util.test.junit.AutoTests" name="[44] /home/travis/build/icyphy/ptII/ptolemy/actor/lib/test/auto/BusActors.xml (RunModel)" time="0.031" />
  <testcase classname="ptolemy.util.test.junit.AutoTests" name="[45] /home/travis/build/icyphy/ptII/ptolemy/actor/lib/test/auto/ClassWrapper.xml (RunModel)" time="0.013" />
  <testcase classname="ptolemy.util.test.junit.AutoTests" name="[46] /home/travis/build/icyphy/ptII/ptolemy/actor/lib/test/auto/Clock.xml (RunModel)" time="0.011" />
  <testcase classname="ptolemy.util.test.junit.AutoTests" name="[47] /home/travis/build/icyphy/ptII/ptolemy/actor/lib/test/auto/Clock10.xml (RunModel)" time="0.014" />
  <testcase classname="ptolemy.util.test.junit.AutoTests" name="[48] /home/travis/build/icyphy/ptII/ptolemy/actor/lib/test/auto/Clock11.xml (RunModel)" time="0.013" />
  <testcase classname="ptolemy.util.test.junit.AutoTests" name="[49] /home/travis/build/icyphy/ptII/ptolemy/actor/lib/test/auto/Clock12.xml (RunModel)" time="0.013" />
  <testcase classname="ptolemy.util.test.junit.AutoTests" name="[50] /home/travis/build/icyphy/ptII/ptolemy/actor/lib/test/auto/Clock13.xml (RunModel)" time="0.016" />
  <testcase classname="ptolemy.util.test.junit.AutoTests" name="[51] /home/travis/build/icyphy/ptII/ptolemy/actor/lib/test/auto/Clock14.xml (RunModel)" time="0.016" />
  <testcase classname="ptolemy.util.test.junit.AutoTests" name="[52] /home/travis/build/icyphy/ptII/ptolemy/actor/lib/test/auto/Clock15.xml (RunModel)" time="0.027" />
  <testcase classname="ptolemy.util.test.junit.AutoTests" name="[53] /home/travis/build/icyphy/ptII/ptolemy/actor/lib/test/auto/Clock16.xml (RunModel)" time="0.074" />
  <testcase classname="ptolemy.util.test.junit.AutoTests" name="[54] /home/travis/build/icyphy/ptII/ptolemy/actor/lib/test/auto/Clock17.xml (RunModel)" time="0.05" />
  <testcase classname="ptolemy.util.test.junit.AutoTests" name="[55] /home/travis/build/icyphy/ptII/ptolemy/actor/lib/test/auto/Clock18.xml (RunModel)" time="0.034" />
  <testcase classname="ptolemy.util.test.junit.AutoTests" name="[56] /home/travis/build/icyphy/ptII/ptolemy/actor/lib/test/auto/Clock19.xml (RunModel)" time="0.04" />
  <testcase classname="ptolemy.util.test.junit.AutoTests" name="[57] /home/travis/build/icyphy/ptII/ptolemy/actor/lib/test/auto/Clock2.xml (RunModel)" time="0.01" />
  <testcase classname="ptolemy.util.test.junit.AutoTests" name="[58] /home/travis/build/icyphy/ptII/ptolemy/actor/lib/test/auto/Clock20.xml (RunModel)" time="0.03" />
  <testcase classname="ptolemy.util.test.junit.AutoTests" name="[59] /home/travis/build/icyphy/ptII/ptolemy/actor/lib/test/auto/Clock21.xml (RunModel)" time="0.018" />
  <testcase classname="ptolemy.util.test.junit.AutoTests" name="[60] /home/travis/build/icyphy/ptII/ptolemy/actor/lib/test/auto/Clock22.xml (RunModel)" time="0.013" />
  <testcase classname="ptolemy.util.test.junit.AutoTests" name="[61] /home/travis/build/icyphy/ptII/ptolemy/actor/lib/test/auto/Clock23.xml (RunModel)" time="0.015" />
  <testcase classname="ptolemy.util.test.junit.AutoTests" name="[62] /home/travis/build/icyphy/ptII/ptolemy/actor/lib/test/auto/Clock24.xml (RunModel)" time="0.02" />
  <testcase classname="ptolemy.util.test.junit.AutoTests" name="[63] /home/travis/build/icyphy/ptII/ptolemy/actor/lib/test/auto/Clock4.xml (RunModel)" time="0.011" />
  <testcase classname="ptolemy.util.test.junit.AutoTests" name="[64] /home/travis/build/icyphy/ptII/ptolemy/actor/lib/test/auto/Clock5.xml (RunModel)" time="0.02" />
  <testcase classname="ptolemy.util.test.junit.AutoTests" name="[65] /home/travis/build/icyphy/ptII/ptolemy/actor/lib/test/auto/Clock6.xml (RunModel)" time="0.021" />
  <testcase classname="ptolemy.util.test.junit.AutoTests" name="[66] /home/travis/build/icyphy/ptII/ptolemy/actor/lib/test/auto/Clock7.xml (RunModel)" time="0.018" />
  <testcase classname="ptolemy.util.test.junit.AutoTests" name="[67] /home/travis/build/icyphy/ptII/ptolemy/actor/lib/test/auto/Clock8.xml (RunModel)" time="0.015" />
  <testcase classname="ptolemy.util.test.junit.AutoTests" name="[68] /home/travis/build/icyphy/ptII/ptolemy/actor/lib/test/auto/Clock9.xml (RunModel)" time="0.016" />
  <testcase classname="ptolemy.util.test.junit.AutoTests" name="[69] /home/travis/build/icyphy/ptII/ptolemy/actor/lib/test/auto/CommDistDiscard.xml (RunModel)" time="0.016" />
  <testcase classname="ptolemy.util.test.junit.AutoTests" name="[70] /home/travis/build/icyphy/ptII/ptolemy/actor/lib/test/auto/Commutator.xml (RunModel)" time="0.011" />
  <testcase classname="ptolemy.util.test.junit.AutoTests" name="[71] /home/travis/build/icyphy/ptII/ptolemy/actor/lib/test/auto/Commutator2.xml (RunModel)" time="0.01" />
  <testcase classname="ptolemy.util.test.junit.AutoTests" name="[72] /home/travis/build/icyphy/ptII/ptolemy/actor/lib/test/auto/Commutator3.xml (RunModel)" time="0.012" />
  <testcase classname="ptolemy.util.test.junit.AutoTests" name="[73] /home/travis/build/icyphy/ptII/ptolemy/actor/lib/test/auto/Compare.xml (RunModel)" time="0.018" />
  <testcase classname="ptolemy.util.test.junit.AutoTests" name="[74] /home/travis/build/icyphy/ptII/ptolemy/actor/lib/test/auto/CompareDE.xml (RunModel)" time="0.019" />
  <testcase classname="ptolemy.util.test.junit.AutoTests" name="[75] /home/travis/build/icyphy/ptII/ptolemy/actor/lib/test/auto/ComplexDivide.xml (RunModel)" time="0.009" />
  <testcase classname="ptolemy.util.test.junit.AutoTests" name="[76] /home/travis/build/icyphy/ptII/ptolemy/actor/lib/test/auto/ComputeHistogram.xml (RunModel)" time="0.052" />
  <testcase classname="ptolemy.util.test.junit.AutoTests" name="[77] /home/travis/build/icyphy/ptII/ptolemy/actor/lib/test/auto/ConfigurationSelect.xml (RunModel)" time="0.016" />
  <testcase classname="ptolemy.util.test.junit.AutoTests" name="[78] /home/travis/build/icyphy/ptII/ptolemy/actor/lib/test/auto/ConfigurationSelect2.xml (RunModel)" time="0.012" />
  <testcase classname="ptolemy.util.test.junit.AutoTests" name="[79] /home/travis/build/icyphy/ptII/ptolemy/actor/lib/test/auto/ConfigurationSwitch.xml (RunModel)" time="0.015" />
  <testcase classname="ptolemy.util.test.junit.AutoTests" name="[80] /home/travis/build/icyphy/ptII/ptolemy/actor/lib/test/auto/ConfigurationSwitch2.xml (RunModel)" time="0.014" />
  <testcase classname="ptolemy.util.test.junit.AutoTests" name="[81] /home/travis/build/icyphy/ptII/ptolemy/actor/lib/test/auto/ConfigurationSwitchCloningBugWithClassRelationGroup.xml (RunModel)" time="0.018" />
  <testcase classname="ptolemy.util.test.junit.AutoTests" name="[82] /home/travis/build/icyphy/ptII/ptolemy/actor/lib/test/auto/ConfigurationSwitchSelectSDF.xml (RunModel)" time="0.014" />
  <testcase classname="ptolemy.util.test.junit.AutoTests" name="[83] /home/travis/build/icyphy/ptII/ptolemy/actor/lib/test/auto/ConfigurationSwitchSelectSDF2.xml (RunModel)" time="0.013" />
  <testcase classname="ptolemy.util.test.junit.AutoTests" name="[84] /home/travis/build/icyphy/ptII/ptolemy/actor/lib/test/auto/Const.xml (RunModel)" time="0.008" />
  <testcase classname="ptolemy.util.test.junit.AutoTests" name="[85] /home/travis/build/icyphy/ptII/ptolemy/actor/lib/test/auto/Const2.xml (RunModel)" time="0.01" />
  <testcase classname="ptolemy.util.test.junit.AutoTests" name="[86] /home/travis/build/icyphy/ptII/ptolemy/actor/lib/test/auto/Const3.xml (RunModel)" time="0.029" />
  <testcase classname="ptolemy.util.test.junit.AutoTests" name="[87] /home/travis/build/icyphy/ptII/ptolemy/actor/lib/test/auto/ConstantPublisherPort1.xml (RunModel)" time="0.02" />
  <testcase classname="ptolemy.util.test.junit.AutoTests" name="[88] /home/travis/build/icyphy/ptII/ptolemy/actor/lib/test/auto/ConstantPublisherPort2.xml (RunModel)" time="0.018" />
  <testcase classname="ptolemy.util.test.junit.AutoTests" name="[89] /home/travis/build/icyphy/ptII/ptolemy/actor/lib/test/auto/ConstantPublisherPort3.xml (RunModel)" time="0.016" />
  <testcase classname="ptolemy.util.test.junit.AutoTests" name="[90] /home/travis/build/icyphy/ptII/ptolemy/actor/lib/test/auto/ConstantPublisherPort4.xml (RunModel)" time="0.015" />
  <testcase classname="ptolemy.util.test.junit.AutoTests" name="[91] /home/travis/build/icyphy/ptII/ptolemy/actor/lib/test/auto/ConstantPublisherPort5.xml (RunModel)" time="0.038" />
  <testcase classname="ptolemy.util.test.junit.AutoTests" name="[92] /home/travis/build/icyphy/ptII/ptolemy/actor/lib/test/auto/ConstantPublisherPort6.xml (RunModel)" time="0.031" />
  <testcase classname="ptolemy.util.test.junit.AutoTests" name="[93] /home/travis/build/icyphy/ptII/ptolemy/actor/lib/test/auto/ConstantPublisherPort7.xml (RunModel)" time="0.037" />
  <testcase classname="ptolemy.util.test.junit.AutoTests" name="[94] /home/travis/build/icyphy/ptII/ptolemy/actor/lib/test/auto/ConstraintMonitor1.xml (RunModel)" time="0.027" />
  <testcase classname="ptolemy.util.test.junit.AutoTests" name="[95] /home/travis/build/icyphy/ptII/ptolemy/actor/lib/test/auto/ConstraintMonitor2.xml (RunModel)" time="0.011" />
  <testcase classname="ptolemy.util.test.junit.AutoTests" name="[96] /home/travis/build/icyphy/ptII/ptolemy/actor/lib/test/auto/ConstraintMonitor3.xml (RunModel)" time="0.009" />
  <testcase classname="ptolemy.util.test.junit.AutoTests" name="[97] /home/travis/build/icyphy/ptII/ptolemy/actor/lib/test/auto/ConstraintMonitor4.xml (RunModel)" time="0.011" />
  <testcase classname="ptolemy.util.test.junit.AutoTests" name="[98] /home/travis/build/icyphy/ptII/ptolemy/actor/lib/test/auto/ConstraintMonitor5.xml (RunModel)" time="0.012" />
  <testcase classname="ptolemy.util.test.junit.AutoTests" name="[99] /home/travis/build/icyphy/ptII/ptolemy/actor/lib/test/auto/ConstraintMonitor6.xml (RunModel)" time="0.014" />
  <testcase classname="ptolemy.util.test.junit.AutoTests" name="[100] /home/travis/build/icyphy/ptII/ptolemy/actor/lib/test/auto/ConstraintMonitor7.xml (RunModel)" time="0.014" />
  <testcase classname="ptolemy.util.test.junit.AutoTests" name="[101] /home/travis/build/icyphy/ptII/ptolemy/actor/lib/test/auto/ConstraintMonitor8.xml (RunModel)" time="0.025" />
  <testcase classname="ptolemy.util.test.junit.AutoTests" name="[102] /home/travis/build/icyphy/ptII/ptolemy/actor/lib/test/auto/Counter.xml (RunModel)" time="0.017" />
  <testcase classname="ptolemy.util.test.junit.AutoTests" name="[103] /home/travis/build/icyphy/ptII/ptolemy/actor/lib/test/auto/CurrentTimeSDF.xml (RunModel)" time="0.012" />
  <testcase classname="ptolemy.util.test.junit.AutoTests" name="[104] /home/travis/build/icyphy/ptII/ptolemy/actor/lib/test/auto/DB.xml (RunModel)" time="0.02" />
  <testcase classname="ptolemy.util.test.junit.AutoTests" name="[105] /home/travis/build/icyphy/ptII/ptolemy/actor/lib/test/auto/DBDE.xml (RunModel)" time="0.017" />
  <testcase classname="ptolemy.util.test.junit.AutoTests" name="[106] /home/travis/build/icyphy/ptII/ptolemy/actor/lib/test/auto/DateConstructor.xml (RunModel)" time="0.065" />
  <testcase classname="ptolemy.util.test.junit.AutoTests" name="[107] /home/travis/build/icyphy/ptII/ptolemy/actor/lib/test/auto/DelayTime.xml (RunModel)" time="0.022" />
  <testcase classname="ptolemy.util.test.junit.AutoTests" name="[108] /home/travis/build/icyphy/ptII/ptolemy/actor/lib/test/auto/Dictionary1.xml (RunModel)" time="0.021" />
  <testcase classname="ptolemy.util.test.junit.AutoTests" name="[109] /home/travis/build/icyphy/ptII/ptolemy/actor/lib/test/auto/Dictionary2.xml (RunModel)" time="0.021" />
  <testcase classname="ptolemy.util.test.junit.AutoTests" name="[110] /home/travis/build/icyphy/ptII/ptolemy/actor/lib/test/auto/Dictionary3.xml (RunModel)" time="0.018" />
  <testcase classname="ptolemy.util.test.junit.AutoTests" name="[111] /home/travis/build/icyphy/ptII/ptolemy/actor/lib/test/auto/Dictionary4.xml (RunModel)" time="0.02" />
  <testcase classname="ptolemy.util.test.junit.AutoTests" name="[112] /home/travis/build/icyphy/ptII/ptolemy/actor/lib/test/auto/Differential.xml (RunModel)" time="0.018" />
  <testcase classname="ptolemy.util.test.junit.AutoTests" name="[113] /home/travis/build/icyphy/ptII/ptolemy/actor/lib/test/auto/Director.xml (RunModel)" time="0.014" />
  <testcase classname="ptolemy.util.test.junit.AutoTests" name="[114] /home/travis/build/icyphy/ptII/ptolemy/actor/lib/test/auto/DiscreteClock.xml (RunModel)" time="0.015" />
  <testcase classname="ptolemy.util.test.junit.AutoTests" name="[115] /home/travis/build/icyphy/ptII/ptolemy/actor/lib/test/auto/DiscreteClock10.xml (RunModel)" time="0.016" />
  <testcase classname="ptolemy.util.test.junit.AutoTests" name="[116] /home/travis/build/icyphy/ptII/ptolemy/actor/lib/test/auto/DiscreteClock11.xml (RunModel)" time="0.012" />
  <testcase classname="ptolemy.util.test.junit.AutoTests" name="[117] /home/travis/build/icyphy/ptII/ptolemy/actor/lib/test/auto/DiscreteClock12.xml (RunModel)" time="0.02" />
  <testcase classname="ptolemy.util.test.junit.AutoTests" name="[118] /home/travis/build/icyphy/ptII/ptolemy/actor/lib/test/auto/DiscreteClock13.xml (RunModel)" time="0.021" />
  <testcase classname="ptolemy.util.test.junit.AutoTests" name="[119] /home/travis/build/icyphy/ptII/ptolemy/actor/lib/test/auto/DiscreteClock14.xml (RunModel)" time="0.019" />
  <testcase classname="ptolemy.util.test.junit.AutoTests" name="[120] /home/travis/build/icyphy/ptII/ptolemy/actor/lib/test/auto/DiscreteClock15.xml (RunModel)" time="0.022" />
  <testcase classname="ptolemy.util.test.junit.AutoTests" name="[121] /home/travis/build/icyphy/ptII/ptolemy/actor/lib/test/auto/DiscreteClock16.xml (RunModel)" time="0.045" />
  <testcase classname="ptolemy.util.test.junit.AutoTests" name="[122] /home/travis/build/icyphy/ptII/ptolemy/actor/lib/test/auto/DiscreteClock17.xml (RunModel)" time="0.044" />
  <testcase classname="ptolemy.util.test.junit.AutoTests" name="[123] /home/travis/build/icyphy/ptII/ptolemy/actor/lib/test/auto/DiscreteClock18.xml (RunModel)" time="0.041" />
  <testcase classname="ptolemy.util.test.junit.AutoTests" name="[124] /home/travis/build/icyphy/ptII/ptolemy/actor/lib/test/auto/DiscreteClock19.xml (RunModel)" time="0.034" />
  <testcase classname="ptolemy.util.test.junit.AutoTests" name="[125] /home/travis/build/icyphy/ptII/ptolemy/actor/lib/test/auto/DiscreteClock2.xml (RunModel)" time="0.015" />
  <testcase classname="ptolemy.util.test.junit.AutoTests" name="[126] /home/travis/build/icyphy/ptII/ptolemy/actor/lib/test/auto/DiscreteClock20.xml (RunModel)" time="0.019" />
  <testcase classname="ptolemy.util.test.junit.AutoTests" name="[127] /home/travis/build/icyphy/ptII/ptolemy/actor/lib/test/auto/DiscreteClock21.xml (RunModel)" time="0.021" />
  <testcase classname="ptolemy.util.test.junit.AutoTests" name="[128] /home/travis/build/icyphy/ptII/ptolemy/actor/lib/test/auto/DiscreteClock22.xml (RunModel)" time="0.018" />
  <testcase classname="ptolemy.util.test.junit.AutoTests" name="[129] /home/travis/build/icyphy/ptII/ptolemy/actor/lib/test/auto/DiscreteClock23.xml (RunModel)" time="0.026" />
  <testcase classname="ptolemy.util.test.junit.AutoTests" name="[130] /home/travis/build/icyphy/ptII/ptolemy/actor/lib/test/auto/DiscreteClock24.xml (RunModel)" time="0.017" />
  <testcase classname="ptolemy.util.test.junit.AutoTests" name="[131] /home/travis/build/icyphy/ptII/ptolemy/actor/lib/test/auto/DiscreteClock4.xml (RunModel)" time="0.014" />
  <testcase classname="ptolemy.util.test.junit.AutoTests" name="[132] /home/travis/build/icyphy/ptII/ptolemy/actor/lib/test/auto/DiscreteClock5.xml (RunModel)" time="0.02" />
  <testcase classname="ptolemy.util.test.junit.AutoTests" name="[133] /home/travis/build/icyphy/ptII/ptolemy/actor/lib/test/auto/DiscreteClock6.xml (RunModel)" time="0.008" />
  <testcase classname="ptolemy.util.test.junit.AutoTests" name="[134] /home/travis/build/icyphy/ptII/ptolemy/actor/lib/test/auto/DiscreteClock7.xml (RunModel)" time="0.019" />
  <testcase classname="ptolemy.util.test.junit.AutoTests" name="[135] /home/travis/build/icyphy/ptII/ptolemy/actor/lib/test/auto/DiscreteClock8.xml (RunModel)" time="0.015" />
  <testcase classname="ptolemy.util.test.junit.AutoTests" name="[136] /home/travis/build/icyphy/ptII/ptolemy/actor/lib/test/auto/DiscreteClock9.xml (RunModel)" time="0.021" />
  <testcase classname="ptolemy.util.test.junit.AutoTests" name="[137] /home/travis/build/icyphy/ptII/ptolemy/actor/lib/test/auto/DisplayArray.xml (RunModel)" time="0.021" />
  <testcase classname="ptolemy.util.test.junit.AutoTests" name="[138] /home/travis/build/icyphy/ptII/ptolemy/actor/lib/test/auto/Distributor.xml (RunModel)" time="0.558" />
  <testcase classname="ptolemy.util.test.junit.AutoTests" name="[139] /home/travis/build/icyphy/ptII/ptolemy/actor/lib/test/auto/Distributor2.xml (RunModel)" time="0.009" />
  <testcase classname="ptolemy.util.test.junit.AutoTests" name="[140] /home/travis/build/icyphy/ptII/ptolemy/actor/lib/test/auto/DownSample.xml (RunModel)" time="0.014" />
  <testcase classname="ptolemy.util.test.junit.AutoTests" name="[141] /home/travis/build/icyphy/ptII/ptolemy/actor/lib/test/auto/ElectronicUnitBase1.xml (RunModel)" time="0.056" />
  <testcase classname="ptolemy.util.test.junit.AutoTests" name="[142] /home/travis/build/icyphy/ptII/ptolemy/actor/lib/test/auto/ElementsToArray.xml (RunModel)" time="0.01" />
  <testcase classname="ptolemy.util.test.junit.AutoTests" name="[143] /home/travis/build/icyphy/ptII/ptolemy/actor/lib/test/auto/Equals.xml (RunModel)" time="0.012" />
  <testcase classname="ptolemy.util.test.junit.AutoTests" name="[144] /home/travis/build/icyphy/ptII/ptolemy/actor/lib/test/auto/Exec.xml (RunModel)" time="0.019" />
  <testcase classname="ptolemy.util.test.junit.AutoTests" name="[145] /home/travis/build/icyphy/ptII/ptolemy/actor/lib/test/auto/ExecEnvironment.xml (RunModel)" time="0.036" />
  <testcase classname="ptolemy.util.test.junit.AutoTests" name="[146] /home/travis/build/icyphy/ptII/ptolemy/actor/lib/test/auto/ExecNonZeroReturnOutput.xml (RunModel)" time="0.146" />
  <testcase classname="ptolemy.util.test.junit.AutoTests" name="[147] /home/travis/build/icyphy/ptII/ptolemy/actor/lib/test/auto/ExecRunDemos.xml (RunModel)" time="9.435" />
  <testcase classname="ptolemy.util.test.junit.AutoTests" name="[148] /home/travis/build/icyphy/ptII/ptolemy/actor/lib/test/auto/ExecStop.xml (RunModel)" time="5.035" />
  <testcase classname="ptolemy.util.test.junit.AutoTests" name="[149] /home/travis/build/icyphy/ptII/ptolemy/actor/lib/test/auto/ExecutionTimeSDF.xml (RunModel)" time="6.035" />
  <testcase classname="ptolemy.util.test.junit.AutoTests" name="[150] /home/travis/build/icyphy/ptII/ptolemy/actor/lib/test/auto/Expression1.xml (RunModel)" time="0.007" />
  <testcase classname="ptolemy.util.test.junit.AutoTests" name="[151] /home/travis/build/icyphy/ptII/ptolemy/actor/lib/test/auto/Expression10.xml (RunModel)" time="0.012" />
  <testcase classname="ptolemy.util.test.junit.AutoTests" name="[152] /home/travis/build/icyphy/ptII/ptolemy/actor/lib/test/auto/Expression11.xml (RunModel)" time="0.01" />
  <testcase classname="ptolemy.util.test.junit.AutoTests" name="[153] /home/travis/build/icyphy/ptII/ptolemy/actor/lib/test/auto/Expression12.xml (RunModel)" time="0.012" />
  <testcase classname="ptolemy.util.test.junit.AutoTests" name="[154] /home/travis/build/icyphy/ptII/ptolemy/actor/lib/test/auto/Expression13.xml (RunModel)" time="0.012" />
  <testcase classname="ptolemy.util.test.junit.AutoTests" name="[155] /home/travis/build/icyphy/ptII/ptolemy/actor/lib/test/auto/Expression14.xml (RunModel)" time="0.016" />
  <testcase classname="ptolemy.util.test.junit.AutoTests" name="[156] /home/travis/build/icyphy/ptII/ptolemy/actor/lib/test/auto/Expression15.xml (RunModel)" time="0.007" />
  <testcase classname="ptolemy.util.test.junit.AutoTests" name="[157] /home/travis/build/icyphy/ptII/ptolemy/actor/lib/test/auto/Expression16.xml (RunModel)" time="0.011" />
  <testcase classname="ptolemy.util.test.junit.AutoTests" name="[158] /home/travis/build/icyphy/ptII/ptolemy/actor/lib/test/auto/Expression17.xml (RunModel)" time="0.011" />
  <testcase classname="ptolemy.util.test.junit.AutoTests" name="[159] /home/travis/build/icyphy/ptII/ptolemy/actor/lib/test/auto/Expression18.xml (RunModel)" time="0.014" />
  <testcase classname="ptolemy.util.test.junit.AutoTests" name="[160] /home/travis/build/icyphy/ptII/ptolemy/actor/lib/test/auto/Expression2.xml (RunModel)" time="0.012" />
  <testcase classname="ptolemy.util.test.junit.AutoTests" name="[161] /home/travis/build/icyphy/ptII/ptolemy/actor/lib/test/auto/Expression3.xml (RunModel)" time="0.011" />
  <testcase classname="ptolemy.util.test.junit.AutoTests" name="[162] /home/travis/build/icyphy/ptII/ptolemy/actor/lib/test/auto/Expression4.xml (RunModel)" time="0.018" />
  <testcase classname="ptolemy.util.test.junit.AutoTests" name="[163] /home/travis/build/icyphy/ptII/ptolemy/actor/lib/test/auto/Expression5.xml (RunModel)" time="0.011" />
  <testcase classname="ptolemy.util.test.junit.AutoTests" name="[164] /home/travis/build/icyphy/ptII/ptolemy/actor/lib/test/auto/Expression6.xml (RunModel)" time="0.009" />
  <testcase classname="ptolemy.util.test.junit.AutoTests" name="[165] /home/travis/build/icyphy/ptII/ptolemy/actor/lib/test/auto/Expression7.xml (RunModel)" time="0.01" />
  <testcase classname="ptolemy.util.test.junit.AutoTests" name="[166] /home/travis/build/icyphy/ptII/ptolemy/actor/lib/test/auto/Expression8.xml (RunModel)" time="0.011" />
  <testcase classname="ptolemy.util.test.junit.AutoTests" name="[167] /home/travis/build/icyphy/ptII/ptolemy/actor/lib/test/auto/Expression9.xml (RunModel)" time="0.01" />
  <testcase classname="ptolemy.util.test.junit.AutoTests" name="[168] /home/travis/build/icyphy/ptII/ptolemy/actor/lib/test/auto/ExpressionConcatenateArrayType.xml (RunModel)" time="0.024" />
  <testcase classname="ptolemy.util.test.junit.AutoTests" name="[169] /home/travis/build/icyphy/ptII/ptolemy/actor/lib/test/auto/ExpressionConcatenateArrayType2.xml (RunModel)" time="0.016" />
  <testcase classname="ptolemy.util.test.junit.AutoTests" name="[170] /home/travis/build/icyphy/ptII/ptolemy/actor/lib/test/auto/ExpressionFix.xml (RunModel)" time="0.044" />
  <testcase classname="ptolemy.util.test.junit.AutoTests" name="[171] /home/travis/build/icyphy/ptII/ptolemy/actor/lib/test/auto/ExpressionFix2.xml (RunModel)" time="0.013" />
  <testcase classname="ptolemy.util.test.junit.AutoTests" name="[172] /home/travis/build/icyphy/ptII/ptolemy/actor/lib/test/auto/ExpressionFix3.xml (RunModel)" time="0.015" />
  <testcase classname="ptolemy.util.test.junit.AutoTests" name="[173] /home/travis/build/icyphy/ptII/ptolemy/actor/lib/test/auto/FileWriter1.xml (RunModel)" time="0.012" />
  <testcase classname="ptolemy.util.test.junit.AutoTests" name="[174] /home/travis/build/icyphy/ptII/ptolemy/actor/lib/test/auto/FileWriter2.xml (RunModel)" time="0.01" />
  <testcase classname="ptolemy.util.test.junit.AutoTests" name="[175] /home/travis/build/icyphy/ptII/ptolemy/actor/lib/test/auto/FileWriter3.xml (RunModel)" time="0.01" />
  <testcase classname="ptolemy.util.test.junit.AutoTests" name="[176] /home/travis/build/icyphy/ptII/ptolemy/actor/lib/test/auto/Gaussian.xml (RunModel)" time="0.018" />
  <testcase classname="ptolemy.util.test.junit.AutoTests" name="[177] /home/travis/build/icyphy/ptII/ptolemy/actor/lib/test/auto/Gaussian1.xml (RunModel)" time="0.02" />
  <testcase classname="ptolemy.util.test.junit.AutoTests" name="[178] /home/travis/build/icyphy/ptII/ptolemy/actor/lib/test/auto/Gaussian2.xml (RunModel)" time="0.021" />
  <testcase classname="ptolemy.util.test.junit.AutoTests" name="[179] /home/travis/build/icyphy/ptII/ptolemy/actor/lib/test/auto/GradientAdaptiveLattice.xml (RunModel)" time="0.026" />
  <testcase classname="ptolemy.util.test.junit.AutoTests" name="[180] /home/travis/build/icyphy/ptII/ptolemy/actor/lib/test/auto/IIR.xml (RunModel)" time="0.019" />
  <testcase classname="ptolemy.util.test.junit.AutoTests" name="[181] /home/travis/build/icyphy/ptII/ptolemy/actor/lib/test/auto/InputOutputTransparentPorts.xml (RunModel)" time="0.026" />
  <testcase classname="ptolemy.util.test.junit.AutoTests" name="[182] /home/travis/build/icyphy/ptII/ptolemy/actor/lib/test/auto/Interpolator.xml (RunModel)" time="0.016" />
  <testcase classname="ptolemy.util.test.junit.AutoTests" name="[183] /home/travis/build/icyphy/ptII/ptolemy/actor/lib/test/auto/InterpolatorFiringLimitDE.xml (RunModel)" time="0.02" />
  <testcase classname="ptolemy.util.test.junit.AutoTests" name="[184] /home/travis/build/icyphy/ptII/ptolemy/actor/lib/test/auto/Lattice.xml (RunModel)" time="0.014" />
  <testcase classname="ptolemy.util.test.junit.AutoTests" name="[185] /home/travis/build/icyphy/ptII/ptolemy/actor/lib/test/auto/LazyAOCTestLazy.xml (RunModel)" time="0.047" />
  <testcase classname="ptolemy.util.test.junit.AutoTests" name="[186] /home/travis/build/icyphy/ptII/ptolemy/actor/lib/test/auto/LazyAOCTestNonLazy.xml (RunModel)" time="0.039" />
  <testcase classname="ptolemy.util.test.junit.AutoTests" name="[187] /home/travis/build/icyphy/ptII/ptolemy/actor/lib/test/auto/LazyInnerClass.xml (RunModel)" time="0.048" />
  <testcase classname="ptolemy.util.test.junit.AutoTests" name="[188] /home/travis/build/icyphy/ptII/ptolemy/actor/lib/test/auto/LazyPubSub.xml (RunModel)" time="0.059" />
  <testcase classname="ptolemy.util.test.junit.AutoTests" name="[189] /home/travis/build/icyphy/ptII/ptolemy/actor/lib/test/auto/LazyPubSub2.xml (RunModel)" time="0.036" />
  <testcase classname="ptolemy.util.test.junit.AutoTests" name="[190] /home/travis/build/icyphy/ptII/ptolemy/actor/lib/test/auto/LazyPubSub3.xml (RunModel)" time="0.028" />
  <testcase classname="ptolemy.util.test.junit.AutoTests" name="[191] /home/travis/build/icyphy/ptII/ptolemy/actor/lib/test/auto/LazySubClassModel.xml (RunModel)" time="0.024" />
  <testcase classname="ptolemy.util.test.junit.AutoTests" name="[192] /home/travis/build/icyphy/ptII/ptolemy/actor/lib/test/auto/LevelCrossTest1.xml (RunModel)" time="0.013" />
  <testcase classname="ptolemy.util.test.junit.AutoTests" name="[193] /home/travis/build/icyphy/ptII/ptolemy/actor/lib/test/auto/LevelCrossTest10.xml (RunModel)" time="0.018" />
  <testcase classname="ptolemy.util.test.junit.AutoTests" name="[194] /home/travis/build/icyphy/ptII/ptolemy/actor/lib/test/auto/LevelCrossTest11.xml (RunModel)" time="0.012" />
  <testcase classname="ptolemy.util.test.junit.AutoTests" name="[195] /home/travis/build/icyphy/ptII/ptolemy/actor/lib/test/auto/LevelCrossTest12.xml (RunModel)" time="0.018" />
  <testcase classname="ptolemy.util.test.junit.AutoTests" name="[196] /home/travis/build/icyphy/ptII/ptolemy/actor/lib/test/auto/LevelCrossTest13.xml (RunModel)" time="0.012" />
  <testcase classname="ptolemy.util.test.junit.AutoTests" name="[197] /home/travis/build/icyphy/ptII/ptolemy/actor/lib/test/auto/LevelCrossTest2.xml (RunModel)" time="0.009" />
  <testcase classname="ptolemy.util.test.junit.AutoTests" name="[198] /home/travis/build/icyphy/ptII/ptolemy/actor/lib/test/auto/LevelCrossTest3.xml (RunModel)" time="0.011" />
  <testcase classname="ptolemy.util.test.junit.AutoTests" name="[199] /home/travis/build/icyphy/ptII/ptolemy/actor/lib/test/auto/LevelCrossTest4.xml (RunModel)" time="0.009" />
  <testcase classname="ptolemy.util.test.junit.AutoTests" name="[200] /home/travis/build/icyphy/ptII/ptolemy/actor/lib/test/auto/LevelCrossTest5.xml (RunModel)" time="0.017" />
  <testcase classname="ptolemy.util.test.junit.AutoTests" name="[201] /home/travis/build/icyphy/ptII/ptolemy/actor/lib/test/auto/LevelCrossTest6.xml (RunModel)" time="0.016" />
  <testcase classname="ptolemy.util.test.junit.AutoTests" name="[202] /home/travis/build/icyphy/ptII/ptolemy/actor/lib/test/auto/LevelCrossTest7.xml (RunModel)" time="0.013" />
  <testcase classname="ptolemy.util.test.junit.AutoTests" name="[203] /home/travis/build/icyphy/ptII/ptolemy/actor/lib/test/auto/LevelCrossTest8.xml (RunModel)" time="0.019" />
  <testcase classname="ptolemy.util.test.junit.AutoTests" name="[204] /home/travis/build/icyphy/ptII/ptolemy/actor/lib/test/auto/LevelCrossTest9.xml (RunModel)" time="0.024" />
  <testcase classname="ptolemy.util.test.junit.AutoTests" name="[205] /home/travis/build/icyphy/ptII/ptolemy/actor/lib/test/auto/LevinsonDurbin.xml (RunModel)" time="0.016" />
  <testcase classname="ptolemy.util.test.junit.AutoTests" name="[206] /home/travis/build/icyphy/ptII/ptolemy/actor/lib/test/auto/LevinsonDurbin2.xml (RunModel)" time="0.015" />
  <testcase classname="ptolemy.util.test.junit.AutoTests" name="[207] /home/travis/build/icyphy/ptII/ptolemy/actor/lib/test/auto/LevinsonDurbin3.xml (RunModel)" time="0.009" />
  <testcase classname="ptolemy.util.test.junit.AutoTests" name="[208] /home/travis/build/icyphy/ptII/ptolemy/actor/lib/test/auto/Limiter.xml (RunModel)" time="0.025" />
  <testcase classname="ptolemy.util.test.junit.AutoTests" name="[209] /home/travis/build/icyphy/ptII/ptolemy/actor/lib/test/auto/LinearDifferenceEquationSystem.xml (RunModel)" time="0.019" />
  <testcase classname="ptolemy.util.test.junit.AutoTests" name="[210] /home/travis/build/icyphy/ptII/ptolemy/actor/lib/test/auto/LookupTable.xml (RunModel)" time="0.009" />
  <testcase classname="ptolemy.util.test.junit.AutoTests" name="[211] /home/travis/build/icyphy/ptII/ptolemy/actor/lib/test/auto/MathFunction.xml (RunModel)" time="0.018" />
  <testcase classname="ptolemy.util.test.junit.AutoTests" name="[212] /home/travis/build/icyphy/ptII/ptolemy/actor/lib/test/auto/MathFunction2.xml (RunModel)" time="0.007" />
  <testcase classname="ptolemy.util.test.junit.AutoTests" name="[213] /home/travis/build/icyphy/ptII/ptolemy/actor/lib/test/auto/MathFunction3.xml (RunModel)" time="0.016" />
  <testcase classname="ptolemy.util.test.junit.AutoTests" name="[214] /home/travis/build/icyphy/ptII/ptolemy/actor/lib/test/auto/MatrixCropBoolean.xml (RunModel)" time="0.009" />
  <testcase classname="ptolemy.util.test.junit.AutoTests" name="[215] /home/travis/build/icyphy/ptII/ptolemy/actor/lib/test/auto/MatrixCropComplex.xml (RunModel)" time="0.009" />
  <testcase classname="ptolemy.util.test.junit.AutoTests" name="[216] /home/travis/build/icyphy/ptII/ptolemy/actor/lib/test/auto/MatrixCropDouble.xml (RunModel)" time="0.008" />
  <testcase classname="ptolemy.util.test.junit.AutoTests" name="[217] /home/travis/build/icyphy/ptII/ptolemy/actor/lib/test/auto/MatrixCropFix.xml (RunModel)" time="0.008" />
  <testcase classname="ptolemy.util.test.junit.AutoTests" name="[218] /home/travis/build/icyphy/ptII/ptolemy/actor/lib/test/auto/MatrixCropInt.xml (RunModel)" time="0.008" />
  <testcase classname="ptolemy.util.test.junit.AutoTests" name="[219] /home/travis/build/icyphy/ptII/ptolemy/actor/lib/test/auto/MatrixCropLong.xml (RunModel)" time="0.008" />
  <testcase classname="ptolemy.util.test.junit.AutoTests" name="[220] /home/travis/build/icyphy/ptII/ptolemy/actor/lib/test/auto/MatrixToArray.xml (RunModel)" time="0.037" />
  <testcase classname="ptolemy.util.test.junit.AutoTests" name="[221] /home/travis/build/icyphy/ptII/ptolemy/actor/lib/test/auto/MaxIndex.xml (RunModel)" time="0.01" />
  <testcase classname="ptolemy.util.test.junit.AutoTests" name="[222] /home/travis/build/icyphy/ptII/ptolemy/actor/lib/test/auto/Maximum.xml (RunModel)" time="0.011" />
  <testcase classname="ptolemy.util.test.junit.AutoTests" name="[223] /home/travis/build/icyphy/ptII/ptolemy/actor/lib/test/auto/MaximumComplex.xml (RunModel)" time="0.011" />
  <testcase classname="ptolemy.util.test.junit.AutoTests" name="[224] /home/travis/build/icyphy/ptII/ptolemy/actor/lib/test/auto/MethodCallTest.xml (RunModel)" time="0.016" />
  <testcase classname="ptolemy.util.test.junit.AutoTests" name="[225] /home/travis/build/icyphy/ptII/ptolemy/actor/lib/test/auto/Minimum.xml (RunModel)" time="0.011" />
  <testcase classname="ptolemy.util.test.junit.AutoTests" name="[226] /home/travis/build/icyphy/ptII/ptolemy/actor/lib/test/auto/MinimumComplex.xml (RunModel)" time="0.012" />
  <testcase classname="ptolemy.util.test.junit.AutoTests" name="[227] /home/travis/build/icyphy/ptII/ptolemy/actor/lib/test/auto/MinimumMultiports.xml (RunModel)" time="0.017" />
  <testcase classname="ptolemy.util.test.junit.AutoTests" name="[228] /home/travis/build/icyphy/ptII/ptolemy/actor/lib/test/auto/ModifyDate.xml (RunModel)" time="0.035" />
  <testcase classname="ptolemy.util.test.junit.AutoTests" name="[229] /home/travis/build/icyphy/ptII/ptolemy/actor/lib/test/auto/ModifyDate2.xml (RunModel)" time="0.026" />
  <testcase classname="ptolemy.util.test.junit.AutoTests" name="[230] /home/travis/build/icyphy/ptII/ptolemy/actor/lib/test/auto/MovingAverage.xml (RunModel)" time="0.012" />
  <testcase classname="ptolemy.util.test.junit.AutoTests" name="[231] /home/travis/build/icyphy/ptII/ptolemy/actor/lib/test/auto/MovingMaximum.xml (RunModel)" time="0.01" />
  <testcase classname="ptolemy.util.test.junit.AutoTests" name="[232] /home/travis/build/icyphy/ptII/ptolemy/actor/lib/test/auto/MultipleLinksToSameRelation.xml (RunModel)" time="0.006" />
  <testcase classname="ptolemy.util.test.junit.AutoTests" name="[233] /home/travis/build/icyphy/ptII/ptolemy/actor/lib/test/auto/MultipleLinksToSameRelationDE.xml (RunModel)" time="0.008" />
  <testcase classname="ptolemy.util.test.junit.AutoTests" name="[234] /home/travis/build/icyphy/ptII/ptolemy/actor/lib/test/auto/Multiplexor.xml (RunModel)" time="0.011" />
  <testcase classname="ptolemy.util.test.junit.AutoTests" name="[235] /home/travis/build/icyphy/ptII/ptolemy/actor/lib/test/auto/Multiplexor1.xml (RunModel)" time="0.011" />
  <testcase classname="ptolemy.util.test.junit.AutoTests" name="[236] /home/travis/build/icyphy/ptII/ptolemy/actor/lib/test/auto/Multiplexor2.xml (RunModel)" time="0.015" />
  <testcase classname="ptolemy.util.test.junit.AutoTests" name="[237] /home/travis/build/icyphy/ptII/ptolemy/actor/lib/test/auto/Multiplexor3.xml (RunModel)" time="0.008" />
  <testcase classname="ptolemy.util.test.junit.AutoTests" name="[238] /home/travis/build/icyphy/ptII/ptolemy/actor/lib/test/auto/MultiplexorDE.xml (RunModel)" time="0.016" />
  <testcase classname="ptolemy.util.test.junit.AutoTests" name="[239] /home/travis/build/icyphy/ptII/ptolemy/actor/lib/test/auto/MultiportBroadcastTest.xml (RunModel)" time="0.056" />
  <testcase classname="ptolemy.util.test.junit.AutoTests" name="[240] /home/travis/build/icyphy/ptII/ptolemy/actor/lib/test/auto/MultiportOutHangDuringGetWidth.xml (RunModel)" time="0.029" />
  <testcase classname="ptolemy.util.test.junit.AutoTests" name="[241] /home/travis/build/icyphy/ptII/ptolemy/actor/lib/test/auto/NilToken.xml (RunModel)" time="0.008" />
  <testcase classname="ptolemy.util.test.junit.AutoTests" name="[242] /home/travis/build/icyphy/ptII/ptolemy/actor/lib/test/auto/NilTokenNonStrictTest.xml (RunModel)" time="0.012" />
  <testcase classname="ptolemy.util.test.junit.AutoTests" name="[243] /home/travis/build/icyphy/ptII/ptolemy/actor/lib/test/auto/NilTokenRecord.xml (RunModel)" time="0.018" />
  <testcase classname="ptolemy.util.test.junit.AutoTests" name="[244] /home/travis/build/icyphy/ptII/ptolemy/actor/lib/test/auto/NilTokenTypeTest.xml (RunModel)" time="0.024" />
  <testcase classname="ptolemy.util.test.junit.AutoTests" name="[245] /home/travis/build/icyphy/ptII/ptolemy/actor/lib/test/auto/ObjectToken1.xml (RunModel)" time="0.009" />
  <testcase classname="ptolemy.util.test.junit.AutoTests" name="[246] /home/travis/build/icyphy/ptII/ptolemy/actor/lib/test/auto/OrderedMerge.xml (RunModel)" time="0.015" />
  <testcase classname="ptolemy.util.test.junit.AutoTests" name="[247] /home/travis/build/icyphy/ptII/ptolemy/actor/lib/test/auto/OrderedRecordDisassembler.xml (RunModel)" time="0.021" />
  <testcase classname="ptolemy.util.test.junit.AutoTests" name="[248] /home/travis/build/icyphy/ptII/ptolemy/actor/lib/test/auto/OrderedRecordDisassembler2.xml (RunModel)" time="0.017" />
  <testcase classname="ptolemy.util.test.junit.AutoTests" name="[249] /home/travis/build/icyphy/ptII/ptolemy/actor/lib/test/auto/OrderedRecordUpdater.xml (RunModel)" time="0.01" />
  <testcase classname="ptolemy.util.test.junit.AutoTests" name="[250] /home/travis/build/icyphy/ptII/ptolemy/actor/lib/test/auto/OrderedRecordUpdater2.xml (RunModel)" time="0.009" />
  <testcase classname="ptolemy.util.test.junit.AutoTests" name="[251] /home/travis/build/icyphy/ptII/ptolemy/actor/lib/test/auto/PhaseUnwrap.xml (RunModel)" time="0.012" />
  <testcase classname="ptolemy.util.test.junit.AutoTests" name="[252] /home/travis/build/icyphy/ptII/ptolemy/actor/lib/test/auto/PoissonClock.xml (RunModel)" time="0.01" />
  <testcase classname="ptolemy.util.test.junit.AutoTests" name="[253] /home/travis/build/icyphy/ptII/ptolemy/actor/lib/test/auto/PoissonClock2.xml (RunModel)" time="0.007" />
  <testcase classname="ptolemy.util.test.junit.AutoTests" name="[254] /home/travis/build/icyphy/ptII/ptolemy/actor/lib/test/auto/PoissonClock3.xml (RunModel)" time="0.01" />
  <testcase classname="ptolemy.util.test.junit.AutoTests" name="[255] /home/travis/build/icyphy/ptII/ptolemy/actor/lib/test/auto/PubSubWithInitialTokens.xml (RunModel)" time="0.01" />
  <testcase classname="ptolemy.util.test.junit.AutoTests" name="[256] /home/travis/build/icyphy/ptII/ptolemy/actor/lib/test/auto/PubSubWithInitialTokens2.xml (RunModel)" time="0.011" />
  <testcase classname="ptolemy.util.test.junit.AutoTests" name="[257] /home/travis/build/icyphy/ptII/ptolemy/actor/lib/test/auto/PublisherClassNoParameter.xml (RunModel)" time="0.02" />
  <testcase classname="ptolemy.util.test.junit.AutoTests" name="[258] /home/travis/build/icyphy/ptII/ptolemy/actor/lib/test/auto/PublisherClassParameter.xml (RunModel)" time="0.02" />
  <testcase classname="ptolemy.util.test.junit.AutoTests" name="[259] /home/travis/build/icyphy/ptII/ptolemy/actor/lib/test/auto/PublisherNonStrictTest.xml (RunModel)" time="0.023" />
  <testcase classname="ptolemy.util.test.junit.AutoTests" name="[260] /home/travis/build/icyphy/ptII/ptolemy/actor/lib/test/auto/PublisherPort1.xml (RunModel)" time="0.009" />
  <testcase classname="ptolemy.util.test.junit.AutoTests" name="[261] /home/travis/build/icyphy/ptII/ptolemy/actor/lib/test/auto/PublisherPort2.xml (RunModel)" time="0.008" />
  <testcase classname="ptolemy.util.test.junit.AutoTests" name="[262] /home/travis/build/icyphy/ptII/ptolemy/actor/lib/test/auto/PublisherPort3.xml (RunModel)" time="0.011" />
  <testcase classname="ptolemy.util.test.junit.AutoTests" name="[263] /home/travis/build/icyphy/ptII/ptolemy/actor/lib/test/auto/PublisherPort4.xml (RunModel)" time="0.009" />
  <testcase classname="ptolemy.util.test.junit.AutoTests" name="[264] /home/travis/build/icyphy/ptII/ptolemy/actor/lib/test/auto/PublisherPort5.xml (RunModel)" time="0.013" />
  <testcase classname="ptolemy.util.test.junit.AutoTests" name="[265] /home/travis/build/icyphy/ptII/ptolemy/actor/lib/test/auto/PublisherPort5LookAlike.xml (RunModel)" time="0.013" />
  <testcase classname="ptolemy.util.test.junit.AutoTests" name="[266] /home/travis/build/icyphy/ptII/ptolemy/actor/lib/test/auto/PublisherPort6.xml (RunModel)" time="0.012" />
  <testcase classname="ptolemy.util.test.junit.AutoTests" name="[267] /home/travis/build/icyphy/ptII/ptolemy/actor/lib/test/auto/PublisherPort7.xml (RunModel)" time="0.013" />
  <testcase classname="ptolemy.util.test.junit.AutoTests" name="[268] /home/travis/build/icyphy/ptII/ptolemy/actor/lib/test/auto/PublisherPort8.xml (RunModel)" time="0.015" />
  <testcase classname="ptolemy.util.test.junit.AutoTests" name="[269] /home/travis/build/icyphy/ptII/ptolemy/actor/lib/test/auto/PublisherPortSubscriberChannelVariablesAOC2.xml (RunModel)" time="0.028" />
  <testcase classname="ptolemy.util.test.junit.AutoTests" name="[270] /home/travis/build/icyphy/ptII/ptolemy/actor/lib/test/auto/PublisherPortSubscriberOpaqueWidthInference.xml (RunModel)" time="0.014" />
  <testcase classname="ptolemy.util.test.junit.AutoTests" name="[271] /home/travis/build/icyphy/ptII/ptolemy/actor/lib/test/auto/PublisherPortSubscriberPortAdjacent.xml (RunModel)" time="0.015" />
  <testcase classname="ptolemy.util.test.junit.AutoTests" name="[272] /home/travis/build/icyphy/ptII/ptolemy/actor/lib/test/auto/PublisherPortSubscriberPortExpression.xml (RunModel)" time="0.015" />
  <testcase classname="ptolemy.util.test.junit.AutoTests" name="[273] /home/travis/build/icyphy/ptII/ptolemy/actor/lib/test/auto/PublisherPortSubscriberPortOpaqueD3Reverse.xml (RunModel)" time="0.031" />
  <testcase classname="ptolemy.util.test.junit.AutoTests" name="[274] /home/travis/build/icyphy/ptII/ptolemy/actor/lib/test/auto/PublisherPortSubscriberPortOpaqueWidthInference.xml (RunModel)" time="0.014" />
  <testcase classname="ptolemy.util.test.junit.AutoTests" name="[275] /home/travis/build/icyphy/ptII/ptolemy/actor/lib/test/auto/PublisherPortToplevelSubscriberPortAOC.xml (RunModel)" time="0.009" />
  <testcase classname="ptolemy.util.test.junit.AutoTests" name="[276] /home/travis/build/icyphy/ptII/ptolemy/actor/lib/test/auto/PublisherSubscriber.xml (RunModel)" time="0.012" />
  <testcase classname="ptolemy.util.test.junit.AutoTests" name="[277] /home/travis/build/icyphy/ptII/ptolemy/actor/lib/test/auto/PublisherSubscriber10.xml (RunModel)" time="0.018" />
  <testcase classname="ptolemy.util.test.junit.AutoTests" name="[278] /home/travis/build/icyphy/ptII/ptolemy/actor/lib/test/auto/PublisherSubscriber10InitialOutputs.xml (RunModel)" time="0.028" />
  <testcase classname="ptolemy.util.test.junit.AutoTests" name="[279] /home/travis/build/icyphy/ptII/ptolemy/actor/lib/test/auto/PublisherSubscriber11.xml (RunModel)" time="0.02" />
  <testcase classname="ptolemy.util.test.junit.AutoTests" name="[280] /home/travis/build/icyphy/ptII/ptolemy/actor/lib/test/auto/PublisherSubscriber12.xml (RunModel)" time="0.015" />
  <testcase classname="ptolemy.util.test.junit.AutoTests" name="[281] /home/travis/build/icyphy/ptII/ptolemy/actor/lib/test/auto/PublisherSubscriber13.xml (RunModel)" time="0.009" />
  <testcase classname="ptolemy.util.test.junit.AutoTests" name="[282] /home/travis/build/icyphy/ptII/ptolemy/actor/lib/test/auto/PublisherSubscriber14.xml (RunModel)" time="0.026" />
  <testcase classname="ptolemy.util.test.junit.AutoTests" name="[283] /home/travis/build/icyphy/ptII/ptolemy/actor/lib/test/auto/PublisherSubscriber2.xml (RunModel)" time="0.01" />
  <testcase classname="ptolemy.util.test.junit.AutoTests" name="[284] /home/travis/build/icyphy/ptII/ptolemy/actor/lib/test/auto/PublisherSubscriber3.xml (RunModel)" time="0.014" />
  <testcase classname="ptolemy.util.test.junit.AutoTests" name="[285] /home/travis/build/icyphy/ptII/ptolemy/actor/lib/test/auto/PublisherSubscriber4.xml (RunModel)" time="0.008" />
  <testcase classname="ptolemy.util.test.junit.AutoTests" name="[286] /home/travis/build/icyphy/ptII/ptolemy/actor/lib/test/auto/PublisherSubscriber5.xml (RunModel)" time="0.012" />
  <testcase classname="ptolemy.util.test.junit.AutoTests" name="[287] /home/travis/build/icyphy/ptII/ptolemy/actor/lib/test/auto/PublisherSubscriber6.xml (RunModel)" time="0.016" />
  <testcase classname="ptolemy.util.test.junit.AutoTests" name="[288] /home/travis/build/icyphy/ptII/ptolemy/actor/lib/test/auto/PublisherSubscriber7.xml (RunModel)" time="0.021" />
  <testcase classname="ptolemy.util.test.junit.AutoTests" name="[289] /home/travis/build/icyphy/ptII/ptolemy/actor/lib/test/auto/PublisherSubscriber8.xml (RunModel)" time="0.023" />
  <testcase classname="ptolemy.util.test.junit.AutoTests" name="[290] /home/travis/build/icyphy/ptII/ptolemy/actor/lib/test/auto/PublisherSubscriber9.xml (RunModel)" time="0.022" />
  <testcase classname="ptolemy.util.test.junit.AutoTests" name="[291] /home/travis/build/icyphy/ptII/ptolemy/actor/lib/test/auto/PublisherSubscriberAdjacent.xml (RunModel)" time="0.017" />
  <testcase classname="ptolemy.util.test.junit.AutoTests" name="[292] /home/travis/build/icyphy/ptII/ptolemy/actor/lib/test/auto/PublisherSubscriberChannelVariablesAOC2.xml (RunModel)" time="0.024" />
  <testcase classname="ptolemy.util.test.junit.AutoTests" name="[293] /home/travis/build/icyphy/ptII/ptolemy/actor/lib/test/auto/PublisherSubscriberD3.xml (RunModel)" time="0.015" />
  <testcase classname="ptolemy.util.test.junit.AutoTests" name="[294] /home/travis/build/icyphy/ptII/ptolemy/actor/lib/test/auto/PublisherSubscriberD3Reverse.xml (RunModel)" time="0.011" />
  <testcase classname="ptolemy.util.test.junit.AutoTests" name="[295] /home/travis/build/icyphy/ptII/ptolemy/actor/lib/test/auto/PublisherSubscriberExpression.xml (RunModel)" time="0.015" />
  <testcase classname="ptolemy.util.test.junit.AutoTests" name="[296] /home/travis/build/icyphy/ptII/ptolemy/actor/lib/test/auto/PublisherSubscriberOpaque.xml (RunModel)" time="0.013" />
  <testcase classname="ptolemy.util.test.junit.AutoTests" name="[297] /home/travis/build/icyphy/ptII/ptolemy/actor/lib/test/auto/PublisherSubscriberOpaqueD3.xml (RunModel)" time="0.021" />
  <testcase classname="ptolemy.util.test.junit.AutoTests" name="[298] /home/travis/build/icyphy/ptII/ptolemy/actor/lib/test/auto/PublisherSubscriberOpaqueD3Reverse.xml (RunModel)" time="0.019" />
  <testcase classname="ptolemy.util.test.junit.AutoTests" name="[299] /home/travis/build/icyphy/ptII/ptolemy/actor/lib/test/auto/PublisherSubscriberOpaqueWidthInference.xml (RunModel)" time="0.016" />
  <testcase classname="ptolemy.util.test.junit.AutoTests" name="[300] /home/travis/build/icyphy/ptII/ptolemy/actor/lib/test/auto/PublisherTestSubscriber.xml (RunModel)" time="0.018" />
  <testcase classname="ptolemy.util.test.junit.AutoTests" name="[301] /home/travis/build/icyphy/ptII/ptolemy/actor/lib/test/auto/PublisherToplevelSubscriberPortAOC.xml (RunModel)" time="0.009" />
  <testcase classname="ptolemy.util.test.junit.AutoTests" name="[302] /home/travis/build/icyphy/ptII/ptolemy/actor/lib/test/auto/PulseFiringLimitDE.xml (RunModel)" time="0.013" />
  <testcase classname="ptolemy.util.test.junit.AutoTests" name="[303] /home/travis/build/icyphy/ptII/ptolemy/actor/lib/test/auto/Ramp1.xml (RunModel)" time="0.006" />
  <testcase classname="ptolemy.util.test.junit.AutoTests" name="[304] /home/travis/build/icyphy/ptII/ptolemy/actor/lib/test/auto/RampFiringLimitDE.xml (RunModel)" time="0.01" />
  <testcase classname="ptolemy.util.test.junit.AutoTests" name="[305] /home/travis/build/icyphy/ptII/ptolemy/actor/lib/test/auto/RampFiringLimitSDF.xml (RunModel)" time="0.01" />
  <testcase classname="ptolemy.util.test.junit.AutoTests" name="[306] /home/travis/build/icyphy/ptII/ptolemy/actor/lib/test/auto/RandomInteger.xml (RunModel)" time="0.008" />
  <testcase classname="ptolemy.util.test.junit.AutoTests" name="[307] /home/travis/build/icyphy/ptII/ptolemy/actor/lib/test/auto/ReadFile1.xml (RunModel)" time="0.008" />
  <testcase classname="ptolemy.util.test.junit.AutoTests" name="[308] /home/travis/build/icyphy/ptII/ptolemy/actor/lib/test/auto/ReadFile2.xml (RunModel)" time="0.007" />
  <testcase classname="ptolemy.util.test.junit.AutoTests" name="[309] /home/travis/build/icyphy/ptII/ptolemy/actor/lib/test/auto/Reader.xml (RunModel)" time="0.013" />
  <testcase classname="ptolemy.util.test.junit.AutoTests" name="[310] /home/travis/build/icyphy/ptII/ptolemy/actor/lib/test/auto/RecordAssemblerDisplayNameTest.xml (RunModel)" time="3.153" />
  <testcase classname="ptolemy.util.test.junit.AutoTests" name="[311] /home/travis/build/icyphy/ptII/ptolemy/actor/lib/test/auto/RecordAssemblerTypeError.xml (RunModel)" time="0.029" />
  <testcase classname="ptolemy.util.test.junit.AutoTests" name="[312] /home/travis/build/icyphy/ptII/ptolemy/actor/lib/test/auto/RecordDisassember.xml (RunModel)" time="0.017" />
  <testcase classname="ptolemy.util.test.junit.AutoTests" name="[313] /home/travis/build/icyphy/ptII/ptolemy/actor/lib/test/auto/RecordDisassemberDisplayNameTest.xml (RunModel)" time="0.015" />
  <testcase classname="ptolemy.util.test.junit.AutoTests" name="[314] /home/travis/build/icyphy/ptII/ptolemy/actor/lib/test/auto/RecordDisassembler.xml (RunModel)" time="0.011" />
  <testcase classname="ptolemy.util.test.junit.AutoTests" name="[315] /home/travis/build/icyphy/ptII/ptolemy/actor/lib/test/auto/RecordDisassembler2.xml (RunModel)" time="0.011" />
  <testcase classname="ptolemy.util.test.junit.AutoTests" name="[316] /home/travis/build/icyphy/ptII/ptolemy/actor/lib/test/auto/RecordUpdater.xml (RunModel)" time="0.007" />
  <testcase classname="ptolemy.util.test.junit.AutoTests" name="[317] /home/travis/build/icyphy/ptII/ptolemy/actor/lib/test/auto/RecordUpdater2.xml (RunModel)" time="0.008" />
  <testcase classname="ptolemy.util.test.junit.AutoTests" name="[318] /home/travis/build/icyphy/ptII/ptolemy/actor/lib/test/auto/RecursiveLattice.xml (RunModel)" time="0.007" />
  <testcase classname="ptolemy.util.test.junit.AutoTests" name="[319] /home/travis/build/icyphy/ptII/ptolemy/actor/lib/test/auto/Router.xml (RunModel)" time="3.023" />
  <testcase classname="ptolemy.util.test.junit.AutoTests" name="[320] /home/travis/build/icyphy/ptII/ptolemy/actor/lib/test/auto/Router2.xml (RunModel)" time="3.028" />
  <testcase classname="ptolemy.util.test.junit.AutoTests" name="[321] /home/travis/build/icyphy/ptII/ptolemy/actor/lib/test/auto/RunningMaximum.xml (RunModel)" time="0.01" />
  <testcase classname="ptolemy.util.test.junit.AutoTests" name="[322] /home/travis/build/icyphy/ptII/ptolemy/actor/lib/test/auto/RunningMinimum.xml (RunModel)" time="0.011" />
  <testcase classname="ptolemy.util.test.junit.AutoTests" name="[323] /home/travis/build/icyphy/ptII/ptolemy/actor/lib/test/auto/Scale.xml (RunModel)" time="0.007" />
  <testcase classname="ptolemy.util.test.junit.AutoTests" name="[324] /home/travis/build/icyphy/ptII/ptolemy/actor/lib/test/auto/Scale2.xml (RunModel)" time="0.01" />
  <testcase classname="ptolemy.util.test.junit.AutoTests" name="[325] /home/travis/build/icyphy/ptII/ptolemy/actor/lib/test/auto/Scale3.xml (RunModel)" time="0.013" />
  <testcase classname="ptolemy.util.test.junit.AutoTests" name="[326] /home/travis/build/icyphy/ptII/ptolemy/actor/lib/test/auto/ScaleArray.xml (RunModel)" time="0.008" />
  <testcase classname="ptolemy.util.test.junit.AutoTests" name="[327] /home/travis/build/icyphy/ptII/ptolemy/actor/lib/test/auto/ScaleArray2.xml (RunModel)" time="0.008" />
  <testcase classname="ptolemy.util.test.junit.AutoTests" name="[328] /home/travis/build/icyphy/ptII/ptolemy/actor/lib/test/auto/ScaleMatrix.xml (RunModel)" time="0.099" />
  <testcase classname="ptolemy.util.test.junit.AutoTests" name="[329] /home/travis/build/icyphy/ptII/ptolemy/actor/lib/test/auto/Select.xml (RunModel)" time="0.013" />
  <testcase classname="ptolemy.util.test.junit.AutoTests" name="[330] /home/travis/build/icyphy/ptII/ptolemy/actor/lib/test/auto/Select2.xml (RunModel)" time="0.008" />
  <testcase classname="ptolemy.util.test.junit.AutoTests" name="[331] /home/travis/build/icyphy/ptII/ptolemy/actor/lib/test/auto/SequenceToArray2.xml (RunModel)" time="0.105" />
  <testcase classname="ptolemy.util.test.junit.AutoTests" name="[332] /home/travis/build/icyphy/ptII/ptolemy/actor/lib/test/auto/SequentialClock.xml (RunModel)" time="0.007" />
  <testcase classname="ptolemy.util.test.junit.AutoTests" name="[333] /home/travis/build/icyphy/ptII/ptolemy/actor/lib/test/auto/SetVariable.xml (RunModel)" time="0.012" />
  <testcase classname="ptolemy.util.test.junit.AutoTests" name="[334] /home/travis/build/icyphy/ptII/ptolemy/actor/lib/test/auto/SetVariable2.xml (RunModel)" time="0.012" />
  <testcase classname="ptolemy.util.test.junit.AutoTests" name="[335] /home/travis/build/icyphy/ptII/ptolemy/actor/lib/test/auto/SetVariable3.xml (RunModel)" time="0.019" />
  <testcase classname="ptolemy.util.test.junit.AutoTests" name="[336] /home/travis/build/icyphy/ptII/ptolemy/actor/lib/test/auto/SetVariable4.xml (RunModel)" time="0.028" />
  <testcase classname="ptolemy.util.test.junit.AutoTests" name="[337] /home/travis/build/icyphy/ptII/ptolemy/actor/lib/test/auto/SetVariable5.xml (RunModel)" time="0.034" />
  <testcase classname="ptolemy.util.test.junit.AutoTests" name="[338] /home/travis/build/icyphy/ptII/ptolemy/actor/lib/test/auto/Sinewave.xml (RunModel)" time="0.027" />
  <testcase classname="ptolemy.util.test.junit.AutoTests" name="[339] /home/travis/build/icyphy/ptII/ptolemy/actor/lib/test/auto/Sinewave2.xml (RunModel)" time="0.015" />
  <testcase classname="ptolemy.util.test.junit.AutoTests" name="[340] /home/travis/build/icyphy/ptII/ptolemy/actor/lib/test/auto/Sinewave3.xml (RunModel)" time="0.021" />
  <testcase classname="ptolemy.util.test.junit.AutoTests" name="[341] /home/travis/build/icyphy/ptII/ptolemy/actor/lib/test/auto/SingleEvent.xml (RunModel)" time="0.008" />
  <testcase classname="ptolemy.util.test.junit.AutoTests" name="[342] /home/travis/build/icyphy/ptII/ptolemy/actor/lib/test/auto/Sleep.xml (RunModel)" time="6.024" />
  <testcase classname="ptolemy.util.test.junit.AutoTests" name="[343] /home/travis/build/icyphy/ptII/ptolemy/actor/lib/test/auto/SleepMultipleFire.xml (RunModel)" time="1.015" />
  <testcase classname="ptolemy.util.test.junit.AutoTests" name="[344] /home/travis/build/icyphy/ptII/ptolemy/actor/lib/test/auto/StopDE.xml (RunModel)" time="0.011" />
  <testcase classname="ptolemy.util.test.junit.AutoTests" name="[345] /home/travis/build/icyphy/ptII/ptolemy/actor/lib/test/auto/StopSDF.xml (RunModel)" time="0.01" />
  <testcase classname="ptolemy.util.test.junit.AutoTests" name="[346] /home/travis/build/icyphy/ptII/ptolemy/actor/lib/test/auto/StringConstant.xml (RunModel)" time="0.007" />
  <testcase classname="ptolemy.util.test.junit.AutoTests" name="[347] /home/travis/build/icyphy/ptII/ptolemy/actor/lib/test/auto/SubscriberPortInitialValues1.xml (RunModel)" time="0.015" />
  <testcase classname="ptolemy.util.test.junit.AutoTests" name="[348] /home/travis/build/icyphy/ptII/ptolemy/actor/lib/test/auto/SubscriberPortInitialValues13.xml (RunModel)" time="0.02" />
  <testcase classname="ptolemy.util.test.junit.AutoTests" name="[349] /home/travis/build/icyphy/ptII/ptolemy/actor/lib/test/auto/SubscriberPortInitialValues14.xml (RunModel)" time="0.013" />
  <testcase classname="ptolemy.util.test.junit.AutoTests" name="[350] /home/travis/build/icyphy/ptII/ptolemy/actor/lib/test/auto/SubscriberPortInitialValues2.xml (RunModel)" time="0.014" />
  <testcase classname="ptolemy.util.test.junit.AutoTests" name="[351] /home/travis/build/icyphy/ptII/ptolemy/actor/lib/test/auto/SubscriberPortInitialValues3.xml (RunModel)" time="0.017" />
  <testcase classname="ptolemy.util.test.junit.AutoTests" name="[352] /home/travis/build/icyphy/ptII/ptolemy/actor/lib/test/auto/SubscriptionAggregator.xml (RunModel)" time="0.01" />
  <testcase classname="ptolemy.util.test.junit.AutoTests" name="[353] /home/travis/build/icyphy/ptII/ptolemy/actor/lib/test/auto/SubscriptionAggregator2.xml (RunModel)" time="0.01" />
  <testcase classname="ptolemy.util.test.junit.AutoTests" name="[354] /home/travis/build/icyphy/ptII/ptolemy/actor/lib/test/auto/SubscriptionAggregator3.xml (RunModel)" time="0.014" />
  <testcase classname="ptolemy.util.test.junit.AutoTests" name="[355] /home/travis/build/icyphy/ptII/ptolemy/actor/lib/test/auto/SubscriptionAggregatorMultiply.xml (RunModel)" time="0.014" />
  <testcase classname="ptolemy.util.test.junit.AutoTests" name="[356] /home/travis/build/icyphy/ptII/ptolemy/actor/lib/test/auto/SubscriptionAggregatorPortMultiply1.xml (RunModel)" time="0.013" />
  <testcase classname="ptolemy.util.test.junit.AutoTests" name="[357] /home/travis/build/icyphy/ptII/ptolemy/actor/lib/test/auto/Switch.xml (RunModel)" time="0.013" />
  <testcase classname="ptolemy.util.test.junit.AutoTests" name="[358] /home/travis/build/icyphy/ptII/ptolemy/actor/lib/test/auto/Switch2.xml (RunModel)" time="0.013" />
  <testcase classname="ptolemy.util.test.junit.AutoTests" name="[359] /home/travis/build/icyphy/ptII/ptolemy/actor/lib/test/auto/SwitchDE.xml (RunModel)" time="0.012" />
  <testcase classname="ptolemy.util.test.junit.AutoTests" name="[360] /home/travis/build/icyphy/ptII/ptolemy/actor/lib/test/auto/SynchronizerDE.xml (RunModel)" time="0.017" />
  <testcase classname="ptolemy.util.test.junit.AutoTests" name="[361] /home/travis/build/icyphy/ptII/ptolemy/actor/lib/test/auto/Test.xml (RunModel)" time="0.009" />
  <testcase classname="ptolemy.util.test.junit.AutoTests" name="[362] /home/travis/build/icyphy/ptII/ptolemy/actor/lib/test/auto/TestExceptionAttribute1.xml (RunModel)" time="0.005" />
  <testcase classname="ptolemy.util.test.junit.AutoTests" name="[363] /home/travis/build/icyphy/ptII/ptolemy/actor/lib/test/auto/TestExceptionAttribute2.xml (RunModel)" time="0.005" />
  <testcase classname="ptolemy.util.test.junit.AutoTests" name="[364] /home/travis/build/icyphy/ptII/ptolemy/actor/lib/test/auto/TestExceptionAttribute3.xml (RunModel)" time="0.006" />
  <testcase classname="ptolemy.util.test.junit.AutoTests" name="[365] /home/travis/build/icyphy/ptII/ptolemy/actor/lib/test/auto/TestExceptionAttribute4.xml (RunModel)" time="0.006" />
  <testcase classname="ptolemy.util.test.junit.AutoTests" name="[366] /home/travis/build/icyphy/ptII/ptolemy/actor/lib/test/auto/TestExceptionHandler1.xml (RunModel)" time="0.005" />
  <testcase classname="ptolemy.util.test.junit.AutoTests" name="[367] /home/travis/build/icyphy/ptII/ptolemy/actor/lib/test/auto/TestExceptionHandler2.xml (RunModel)" time="0.005" />
  <testcase classname="ptolemy.util.test.junit.AutoTests" name="[368] /home/travis/build/icyphy/ptII/ptolemy/actor/lib/test/auto/TestExceptionHandler3.xml (RunModel)" time="0.005" />
  <testcase classname="ptolemy.util.test.junit.AutoTests" name="[369] /home/travis/build/icyphy/ptII/ptolemy/actor/lib/test/auto/TestExceptionHandler4.xml (RunModel)" time="0.006" />
  <testcase classname="ptolemy.util.test.junit.AutoTests" name="[370] /home/travis/build/icyphy/ptII/ptolemy/actor/lib/test/auto/TestRequireCorrectOrder.xml (RunModel)" time="0.01" />
  <testcase classname="ptolemy.util.test.junit.AutoTests" name="[371] /home/travis/build/icyphy/ptII/ptolemy/actor/lib/test/auto/TestSimple.xml (RunModel)" time="0.005" />
  <testcase classname="ptolemy.util.test.junit.AutoTests" name="[372] /home/travis/build/icyphy/ptII/ptolemy/actor/lib/test/auto/ThrowModelError.xml (RunModel)" time="0.011" />
  <testcase classname="ptolemy.util.test.junit.AutoTests" name="[373] /home/travis/build/icyphy/ptII/ptolemy/actor/lib/test/auto/TimeDelayMicrosteps.xml (RunModel)" time="0.012" />
  <testcase classname="ptolemy.util.test.junit.AutoTests" name="[374] /home/travis/build/icyphy/ptII/ptolemy/actor/lib/test/auto/TimeDelayMicrosteps2.xml (RunModel)" time="0.015" />
  <testcase classname="ptolemy.util.test.junit.AutoTests" name="[375] /home/travis/build/icyphy/ptII/ptolemy/actor/lib/test/auto/TimeDelayMicrosteps3.xml (RunModel)" time="0.011" />
  <testcase classname="ptolemy.util.test.junit.AutoTests" name="[376] /home/travis/build/icyphy/ptII/ptolemy/actor/lib/test/auto/TimeDelayVariableMicrosteps.xml (RunModel)" time="0.012" />
  <testcase classname="ptolemy.util.test.junit.AutoTests" name="[377] /home/travis/build/icyphy/ptII/ptolemy/actor/lib/test/auto/TimeGap.xml (RunModel)" time="0.012" />
  <testcase classname="ptolemy.util.test.junit.AutoTests" name="[378] /home/travis/build/icyphy/ptII/ptolemy/actor/lib/test/auto/TimeGap2.xml (RunModel)" time="0.01" />
  <testcase classname="ptolemy.util.test.junit.AutoTests" name="[379] /home/travis/build/icyphy/ptII/ptolemy/actor/lib/test/auto/TimedSinewave.xml (RunModel)" time="0.037" />
  <testcase classname="ptolemy.util.test.junit.AutoTests" name="[380] /home/travis/build/icyphy/ptII/ptolemy/actor/lib/test/auto/TimedSinewavePhase.xml (RunModel)" time="0.026" />
  <testcase classname="ptolemy.util.test.junit.AutoTests" name="[381] /home/travis/build/icyphy/ptII/ptolemy/actor/lib/test/auto/Timer.xml (RunModel)" time="0.02" />
  <testcase classname="ptolemy.util.test.junit.AutoTests" name="[382] /home/travis/build/icyphy/ptII/ptolemy/actor/lib/test/auto/TriangularDistTestModel.xml (RunModel)" time="0.019" />
  <testcase classname="ptolemy.util.test.junit.AutoTests" name="[383] /home/travis/build/icyphy/ptII/ptolemy/actor/lib/test/auto/TrigFunction.xml (RunModel)" time="0.007" />
  <testcase classname="ptolemy.util.test.junit.AutoTests" name="[384] /home/travis/build/icyphy/ptII/ptolemy/actor/lib/test/auto/TrigFunctionDE.xml (RunModel)" time="0.011" />
  <testcase classname="ptolemy.util.test.junit.AutoTests" name="[385] /home/travis/build/icyphy/ptII/ptolemy/actor/lib/test/auto/TrigFunctionInverse.xml (RunModel)" time="0.009" />
  <testcase classname="ptolemy.util.test.junit.AutoTests" name="[386] /home/travis/build/icyphy/ptII/ptolemy/actor/lib/test/auto/TrigFunctionTan.xml (RunModel)" time="0.007" />
  <testcase classname="ptolemy.util.test.junit.AutoTests" name="[387] /home/travis/build/icyphy/ptII/ptolemy/actor/lib/test/auto/TriggeredClock.xml (RunModel)" time="0.007" />
  <testcase classname="ptolemy.util.test.junit.AutoTests" name="[388] /home/travis/build/icyphy/ptII/ptolemy/actor/lib/test/auto/URLDirectoryReader.xml (RunModel)" time="0.099" />
  <testcase classname="ptolemy.util.test.junit.AutoTests" name="[389] /home/travis/build/icyphy/ptII/ptolemy/actor/lib/test/auto/URLDirectoryReader3.xml (RunModel)" time="1.441" />
  <testcase classname="ptolemy.util.test.junit.AutoTests" name="[390] /home/travis/build/icyphy/ptII/ptolemy/actor/lib/test/auto/UnaryMathFunction.xml (RunModel)" time="0.019" />
  <testcase classname="ptolemy.util.test.junit.AutoTests" name="[391] /home/travis/build/icyphy/ptII/ptolemy/actor/lib/test/auto/Uniform.xml (RunModel)" time="0.012" />
  <testcase classname="ptolemy.util.test.junit.AutoTests" name="[392] /home/travis/build/icyphy/ptII/ptolemy/actor/lib/test/auto/UnionDisassemblerTest.xml (RunModel)" time="0.008" />
  <testcase classname="ptolemy.util.test.junit.AutoTests" name="[393] /home/travis/build/icyphy/ptII/ptolemy/actor/lib/test/auto/UtilityFunctions.xml (RunModel)" time="0.006" />
  <testcase classname="ptolemy.util.test.junit.AutoTests" name="[394] /home/travis/build/icyphy/ptII/ptolemy/actor/lib/test/auto/VariableSleep.xml (RunModel)" time="0.512" />
  <testcase classname="ptolemy.util.test.junit.AutoTests" name="[395] /home/travis/build/icyphy/ptII/ptolemy/actor/lib/test/auto/VectorAssemblerDisassemblerCT.xml (RunModel)" time="0.114" />
  <testcase classname="ptolemy.util.test.junit.AutoTests" name="[396] /home/travis/build/icyphy/ptII/ptolemy/actor/lib/test/auto/VectorAssemblerDisassemblerDE.xml (RunModel)" time="0.014" />
  <testcase classname="ptolemy.util.test.junit.AutoTests" name="[397] /home/travis/build/icyphy/ptII/ptolemy/actor/lib/test/auto/VectorAssemblerDisassemblerSDF.xml (RunModel)" time="0.015" />
  <testcase classname="ptolemy.util.test.junit.AutoTests" name="[398] /home/travis/build/icyphy/ptII/ptolemy/actor/lib/test/auto/WallClockTime.xml (RunModel)" time="1.014" />
  <testcase classname="ptolemy.util.test.junit.AutoTests" name="[399] /home/travis/build/icyphy/ptII/ptolemy/actor/lib/test/auto/WidthTestWithSubscriberPublisher.xml (RunModel)" time="0.085" />
  <testcase classname="ptolemy.util.test.junit.AutoTests" name="[400] /home/travis/build/icyphy/ptII/ptolemy/actor/lib/test/auto/WidthTestWithSubscriberPublisher2.xml (RunModel)" time="0.044" />
  <testcase classname="ptolemy.util.test.junit.AutoTests" name="[401] /home/travis/build/icyphy/ptII/ptolemy/actor/lib/test/auto/WidthTestWithSubscriberPublisher3.xml (RunModel)" time="0.039" />
  <testcase classname="ptolemy.util.test.junit.AutoTests" name="[402] /home/travis/build/icyphy/ptII/ptolemy/actor/lib/test/auto/Writer.xml (RunModel)" time="0.031" />
  <testcase classname="ptolemy.util.test.junit.AutoTests" name="[403] /home/travis/build/icyphy/ptII/ptolemy/actor/lib/test/auto/array.xml (RunModel)" time="0.062" />
  <testcase classname="ptolemy.util.test.junit.AutoTests" name="[404] /home/travis/build/icyphy/ptII/ptolemy/actor/lib/test/auto/array2.xml (RunModel)" time="0.023" />
  <testcase classname="ptolemy.util.test.junit.AutoTests" name="[405] /home/travis/build/icyphy/ptII/ptolemy/actor/lib/test/auto/arrayType.xml (RunModel)" time="0.012" />
  <testcase classname="ptolemy.util.test.junit.AutoTests" name="[406] /home/travis/build/icyphy/ptII/ptolemy/actor/lib/test/auto/arrayType10.xml (RunModel)" time="0.007" />
  <testcase classname="ptolemy.util.test.junit.AutoTests" name="[407] /home/travis/build/icyphy/ptII/ptolemy/actor/lib/test/auto/arrayType11.xml (RunModel)" time="0.008" />
  <testcase classname="ptolemy.util.test.junit.AutoTests" name="[408] /home/travis/build/icyphy/ptII/ptolemy/actor/lib/test/auto/arrayType12.xml (RunModel)" time="0.009" />
  <testcase classname="ptolemy.util.test.junit.AutoTests" name="[409] /home/travis/build/icyphy/ptII/ptolemy/actor/lib/test/auto/arrayType13.xml (RunModel)" time="0.01" />
  <testcase classname="ptolemy.util.test.junit.AutoTests" name="[410] /home/travis/build/icyphy/ptII/ptolemy/actor/lib/test/auto/arrayType14.xml (RunModel)" time="0.01" />
  <testcase classname="ptolemy.util.test.junit.AutoTests" name="[411] /home/travis/build/icyphy/ptII/ptolemy/actor/lib/test/auto/arrayType15.xml (RunModel)" time="0.008" />
  <testcase classname="ptolemy.util.test.junit.AutoTests" name="[412] /home/travis/build/icyphy/ptII/ptolemy/actor/lib/test/auto/arrayType16.xml (RunModel)" time="0.009" />
  <testcase classname="ptolemy.util.test.junit.AutoTests" name="[413] /home/travis/build/icyphy/ptII/ptolemy/actor/lib/test/auto/arrayType17.xml (RunModel)" time="0.008" />
  <testcase classname="ptolemy.util.test.junit.AutoTests" name="[414] /home/travis/build/icyphy/ptII/ptolemy/actor/lib/test/auto/arrayType18.xml (RunModel)" time="0.012" />
  <testcase classname="ptolemy.util.test.junit.AutoTests" name="[415] /home/travis/build/icyphy/ptII/ptolemy/actor/lib/test/auto/arrayType19.xml (RunModel)" time="0.009" />
  <testcase classname="ptolemy.util.test.junit.AutoTests" name="[416] /home/travis/build/icyphy/ptII/ptolemy/actor/lib/test/auto/arrayType2.xml (RunModel)" time="0.013" />
  <testcase classname="ptolemy.util.test.junit.AutoTests" name="[417] /home/travis/build/icyphy/ptII/ptolemy/actor/lib/test/auto/arrayType20.xml (RunModel)" time="0.009" />
  <testcase classname="ptolemy.util.test.junit.AutoTests" name="[418] /home/travis/build/icyphy/ptII/ptolemy/actor/lib/test/auto/arrayType21.xml (RunModel)" time="0.008" />
  <testcase classname="ptolemy.util.test.junit.AutoTests" name="[419] /home/travis/build/icyphy/ptII/ptolemy/actor/lib/test/auto/arrayType22.xml (RunModel)" time="0.008" />
  <testcase classname="ptolemy.util.test.junit.AutoTests" name="[420] /home/travis/build/icyphy/ptII/ptolemy/actor/lib/test/auto/arrayType23.xml (RunModel)" time="0.01" />
  <testcase classname="ptolemy.util.test.junit.AutoTests" name="[421] /home/travis/build/icyphy/ptII/ptolemy/actor/lib/test/auto/arrayType24.xml (RunModel)" time="0.009" />
  <testcase classname="ptolemy.util.test.junit.AutoTests" name="[422] /home/travis/build/icyphy/ptII/ptolemy/actor/lib/test/auto/arrayType25.xml (RunModel)" time="0.008" />
  <testcase classname="ptolemy.util.test.junit.AutoTests" name="[423] /home/travis/build/icyphy/ptII/ptolemy/actor/lib/test/auto/arrayType26.xml (RunModel)" time="0.008" />
  <testcase classname="ptolemy.util.test.junit.AutoTests" name="[424] /home/travis/build/icyphy/ptII/ptolemy/actor/lib/test/auto/arrayType27.xml (RunModel)" time="0.009" />
  <testcase classname="ptolemy.util.test.junit.AutoTests" name="[425] /home/travis/build/icyphy/ptII/ptolemy/actor/lib/test/auto/arrayType28.xml (RunModel)" time="0.01" />
  <testcase classname="ptolemy.util.test.junit.AutoTests" name="[426] /home/travis/build/icyphy/ptII/ptolemy/actor/lib/test/auto/arrayType3.xml (RunModel)" time="0.008" />
  <testcase classname="ptolemy.util.test.junit.AutoTests" name="[427] /home/travis/build/icyphy/ptII/ptolemy/actor/lib/test/auto/arrayType4.xml (RunModel)" time="0.008" />
  <testcase classname="ptolemy.util.test.junit.AutoTests" name="[428] /home/travis/build/icyphy/ptII/ptolemy/actor/lib/test/auto/arrayType5.xml (RunModel)" time="0.014" />
  <testcase classname="ptolemy.util.test.junit.AutoTests" name="[429] /home/travis/build/icyphy/ptII/ptolemy/actor/lib/test/auto/arrayType6.xml (RunModel)" time="0.008" />
  <testcase classname="ptolemy.util.test.junit.AutoTests" name="[430] /home/travis/build/icyphy/ptII/ptolemy/actor/lib/test/auto/arrayType7.xml (RunModel)" time="0.009" />
  <testcase classname="ptolemy.util.test.junit.AutoTests" name="[431] /home/travis/build/icyphy/ptII/ptolemy/actor/lib/test/auto/arrayType8.xml (RunModel)" time="0.011" />
  <testcase classname="ptolemy.util.test.junit.AutoTests" name="[432] /home/travis/build/icyphy/ptII/ptolemy/actor/lib/test/auto/arrayType9.xml (RunModel)" time="0.019" />
  <testcase classname="ptolemy.util.test.junit.AutoTests" name="[433] /home/travis/build/icyphy/ptII/ptolemy/actor/lib/test/auto/cast.xml (RunModel)" time="0.01" />
  <testcase classname="ptolemy.util.test.junit.AutoTests" name="[434] /home/travis/build/icyphy/ptII/ptolemy/actor/lib/test/auto/compositeMultiPort.xml (RunModel)" time="0.017" />
  <testcase classname="ptolemy.util.test.junit.AutoTests" name="[435] /home/travis/build/icyphy/ptII/ptolemy/actor/lib/test/auto/expressionCastInference.xml (RunModel)" time="0.007" />
  <testcase classname="ptolemy.util.test.junit.AutoTests" name="[436] /home/travis/build/icyphy/ptII/ptolemy/actor/lib/test/auto/expressionCastInference2.xml (RunModel)" time="0.014" />
  <testcase classname="ptolemy.util.test.junit.AutoTests" name="[437] /home/travis/build/icyphy/ptII/ptolemy/actor/lib/test/auto/expressionInference.xml (RunModel)" time="0.008" />
  <testcase classname="ptolemy.util.test.junit.AutoTests" name="[438] /home/travis/build/icyphy/ptII/ptolemy/actor/lib/test/auto/expression_bug.xml (RunModel)" time="0.006" />
  <testcase classname="ptolemy.util.test.junit.AutoTests" name="[439] /home/travis/build/icyphy/ptII/ptolemy/actor/lib/test/auto/factorial.xml (RunModel)" time="0.051" />
  <testcase classname="ptolemy.util.test.junit.AutoTests" name="[440] /home/travis/build/icyphy/ptII/ptolemy/actor/lib/test/auto/filterTest1.xml (RunModel)" time="0.012" />
  <testcase classname="ptolemy.util.test.junit.AutoTests" name="[441] /home/travis/build/icyphy/ptII/ptolemy/actor/lib/test/auto/funcApplyInConst.xml (RunModel)" time="0.005" />
  <testcase classname="ptolemy.util.test.junit.AutoTests" name="[442] /home/travis/build/icyphy/ptII/ptolemy/actor/lib/test/auto/funcApplyInExpr.xml (RunModel)" time="0.006" />
  <testcase classname="ptolemy.util.test.junit.AutoTests" name="[443] /home/travis/build/icyphy/ptII/ptolemy/actor/lib/test/auto/function.xml (RunModel)" time="0.009" />
  <testcase classname="ptolemy.util.test.junit.AutoTests" name="[444] /home/travis/build/icyphy/ptII/ptolemy/actor/lib/test/auto/function2.xml (RunModel)" time="0.008" />
  <testcase classname="ptolemy.util.test.junit.AutoTests" name="[445] /home/travis/build/icyphy/ptII/ptolemy/actor/lib/test/auto/function3.xml (RunModel)" time="0.007" />
  <testcase classname="ptolemy.util.test.junit.AutoTests" name="[446] /home/travis/build/icyphy/ptII/ptolemy/actor/lib/test/auto/functionClosureTest1.xml (RunModel)" time="0.017" />
  <testcase classname="ptolemy.util.test.junit.AutoTests" name="[447] /home/travis/build/icyphy/ptII/ptolemy/actor/lib/test/auto/functionClosureTest2.xml (RunModel)" time="0.007" />
  <testcase classname="ptolemy.util.test.junit.AutoTests" name="[448] /home/travis/build/icyphy/ptII/ptolemy/actor/lib/test/auto/functionClosureTest3.xml (RunModel)" time="0.008" />
  <testcase classname="ptolemy.util.test.junit.AutoTests" name="[449] /home/travis/build/icyphy/ptII/ptolemy/actor/lib/test/auto/functionClosureTest4.xml (RunModel)" time="0.014" />
  <testcase classname="ptolemy.util.test.junit.AutoTests" name="[450] /home/travis/build/icyphy/ptII/ptolemy/actor/lib/test/auto/functionClosureTest5.xml (RunModel)" time="0.011" />
  <testcase classname="ptolemy.util.test.junit.AutoTests" name="[451] /home/travis/build/icyphy/ptII/ptolemy/actor/lib/test/auto/functionClosureTest6.xml (RunModel)" time="0.009" />
  <testcase classname="ptolemy.util.test.junit.AutoTests" name="[452] /home/travis/build/icyphy/ptII/ptolemy/actor/lib/test/auto/functionsOnArcs.xml (RunModel)" time="0.008" />
  <testcase classname="ptolemy.util.test.junit.AutoTests" name="[453] /home/travis/build/icyphy/ptII/ptolemy/actor/lib/test/auto/functionsOnArcsHOF.xml (RunModel)" time="0.012" />
  <testcase classname="ptolemy.util.test.junit.AutoTests" name="[454] /home/travis/build/icyphy/ptII/ptolemy/actor/lib/test/auto/logic.xml (RunModel)" time="0.017" />
  <testcase classname="ptolemy.util.test.junit.AutoTests" name="[455] /home/travis/build/icyphy/ptII/ptolemy/actor/lib/test/auto/matrixType.xml (RunModel)" time="0.008" />
  <testcase classname="ptolemy.util.test.junit.AutoTests" name="[456] /home/travis/build/icyphy/ptII/ptolemy/actor/lib/test/auto/matrixType10.xml (RunModel)" time="0.009" />
  <testcase classname="ptolemy.util.test.junit.AutoTests" name="[457] /home/travis/build/icyphy/ptII/ptolemy/actor/lib/test/auto/matrixType11.xml (RunModel)" time="0.008" />
  <testcase classname="ptolemy.util.test.junit.AutoTests" name="[458] /home/travis/build/icyphy/ptII/ptolemy/actor/lib/test/auto/matrixType12.xml (RunModel)" time="0.01" />
  <testcase classname="ptolemy.util.test.junit.AutoTests" name="[459] /home/travis/build/icyphy/ptII/ptolemy/actor/lib/test/auto/matrixType13.xml (RunModel)" time="0.008" />
  <testcase classname="ptolemy.util.test.junit.AutoTests" name="[460] /home/travis/build/icyphy/ptII/ptolemy/actor/lib/test/auto/matrixType14.xml (RunModel)" time="0.009" />
  <testcase classname="ptolemy.util.test.junit.AutoTests" name="[461] /home/travis/build/icyphy/ptII/ptolemy/actor/lib/test/auto/matrixType2.xml (RunModel)" time="0.008" />
  <testcase classname="ptolemy.util.test.junit.AutoTests" name="[462] /home/travis/build/icyphy/ptII/ptolemy/actor/lib/test/auto/matrixType3.xml (RunModel)" time="0.01" />
  <testcase classname="ptolemy.util.test.junit.AutoTests" name="[463] /home/travis/build/icyphy/ptII/ptolemy/actor/lib/test/auto/matrixType4.xml (RunModel)" time="0.008" />
  <testcase classname="ptolemy.util.test.junit.AutoTests" name="[464] /home/travis/build/icyphy/ptII/ptolemy/actor/lib/test/auto/matrixType5.xml (RunModel)" time="0.009" />
  <testcase classname="ptolemy.util.test.junit.AutoTests" name="[465] /home/travis/build/icyphy/ptII/ptolemy/actor/lib/test/auto/matrixType6.xml (RunModel)" time="0.008" />
  <testcase classname="ptolemy.util.test.junit.AutoTests" name="[466] /home/travis/build/icyphy/ptII/ptolemy/actor/lib/test/auto/matrixType7.xml (RunModel)" time="0.008" />
  <testcase classname="ptolemy.util.test.junit.AutoTests" name="[467] /home/travis/build/icyphy/ptII/ptolemy/actor/lib/test/auto/matrixType8.xml (RunModel)" time="0.01" />
  <testcase classname="ptolemy.util.test.junit.AutoTests" name="[468] /home/travis/build/icyphy/ptII/ptolemy/actor/lib/test/auto/matrixType9.xml (RunModel)" time="0.008" />
  <testcase classname="ptolemy.util.test.junit.AutoTests" name="[469] /home/travis/build/icyphy/ptII/ptolemy/actor/lib/test/auto/paraFunctest.xml (RunModel)" time="0.006" />
  <testcase classname="ptolemy.util.test.junit.AutoTests" name="[470] /home/travis/build/icyphy/ptII/ptolemy/actor/lib/test/auto/paraFunctest2.xml (RunModel)" time="0.013" />
  <testcase classname="ptolemy.util.test.junit.AutoTests" name="[471] /home/travis/build/icyphy/ptII/ptolemy/actor/lib/test/auto/parameterPassing.xml (RunModel)" time="0.009" />
  <testcase classname="ptolemy.util.test.junit.AutoTests" name="[472] /home/travis/build/icyphy/ptII/ptolemy/actor/lib/test/auto/record.xml (RunModel)" time="0.01" />
  <testcase classname="ptolemy.util.test.junit.AutoTests" name="[473] /home/travis/build/icyphy/ptII/ptolemy/actor/lib/test/auto/sizedarray1.xml (RunModel)" time="0.008" />
  <testcase classname="ptolemy.util.test.junit.AutoTests" name="[474] /home/travis/build/icyphy/ptII/ptolemy/actor/lib/test/auto/sizedarray2.xml (RunModel)" time="0.009" />
  <testcase classname="ptolemy.util.test.junit.AutoTests" name="[475] /home/travis/build/icyphy/ptII/ptolemy/actor/lib/test/auto/twoPublishers.xml (RunModel)" time="0.02" />
  <system-out><![CDATA[/home/travis/build/icyphy/ptII/ptolemy/actor/lib/test/AbsoluteValue.tcl
testDefs.tcl: setting time out to 9000 seconds at Fri Dec 28 03:07:14 UTC 2018
69 ms. Memory: 116224K Free: 106732K (92%)
4 ms. Memory: 116224K Free: 105537K (91%)
4 ms. Memory: 116224K Free: 104342K (90%)
4 ms. Memory: 116224K Free: 103737K (89%)
/home/travis/build/icyphy/ptII/ptolemy/actor/lib/test/AddSubtract.tcl
19 ms. Memory: 116224K Free: 101950K (88%)
11 ms. Memory: 116224K Free: 100755K (87%)
4 ms. Memory: 116224K Free: 100166K (86%)
6 ms. Memory: 116224K Free: 99560K (86%)
5 ms. Memory: 116224K Free: 98381K (85%)
3 ms. Memory: 116224K Free: 97792K (84%)
/home/travis/build/icyphy/ptII/ptolemy/actor/lib/test/Average.tcl
12 ms. Memory: 116224K Free: 96015K (83%)
9 ms. Memory: 116224K Free: 94796K (82%)
/home/travis/build/icyphy/ptII/ptolemy/actor/lib/test/Bernoulli.tcl
4 ms. Memory: 116224K Free: 92988K (80%)
2 ms. Memory: 116224K Free: 92988K (80%)
/home/travis/build/icyphy/ptII/ptolemy/actor/lib/test/Clock.tcl
preinitializing
resolving types
initializing
executing number 1
wrapping up
idle
10 ms. Memory: 116224K Free: 90614K (78%)
Completed execution with 5 iterations
preinitializing
resolving types
initializing
executing number 1
wrapping up
idle
3 ms. Memory: 116224K Free: 89394K (77%)
Completed execution with 5 iterations
preinitializing
resolving types
initializing
executing number 1
wrapping up
idle
11 ms. Memory: 116224K Free: 88804K (76%)
Completed execution with 5 iterations
/home/travis/build/icyphy/ptII/ptolemy/actor/lib/test/Commutator.tcl
5 ms. Memory: 116224K Free: 86438K (74%)
5 ms. Memory: 116224K Free: 85203K (73%)
7 ms. Memory: 116224K Free: 81146K (70%)
/home/travis/build/icyphy/ptII/ptolemy/actor/lib/test/Const.tcl
5 ms. Memory: 146944K Free: 138820K (94%)
6 ms. Memory: 146944K Free: 138820K (94%)
2 ms. Memory: 146944K Free: 137632K (94%)
14 ms. Memory: 146944K Free: 137632K (94%)
2 ms. Memory: 146944K Free: 136445K (93%)
13 ms. Memory: 146944K Free: 135241K (92%)
4 ms. Memory: 146944K Free: 134037K (91%)
2 ms. Memory: 146944K Free: 132834K (90%)
/home/travis/build/icyphy/ptII/ptolemy/actor/lib/test/CurrentTime.tcl
preinitializing
resolving types
initializing
executing number 1
wrapping up
idle
7 ms. Memory: 146944K Free: 130442K (89%)
Completed execution with 11 iterations
/home/travis/build/icyphy/ptII/ptolemy/actor/lib/test/DB.tcl
3 ms. Memory: 146944K Free: 129239K (88%)
1 ms. Memory: 146944K Free: 129239K (88%)
2 ms. Memory: 146944K Free: 128051K (87%)
/home/travis/build/icyphy/ptII/ptolemy/actor/lib/test/DiscreteRandomSource.tcl
preinitializing
resolving types
initializing
executing number 1
wrapping up
idle
5 ms. Memory: 146944K Free: 126848K (86%)
Completed execution with 4 iterations
preinitializing
resolving types
initializing
executing number 1
wrapping up
idle
2 ms. Memory: 146944K Free: 126848K (86%)
Completed execution with 4 iterations
preinitializing
resolving types
initializing
executing number 1
wrapping up
idle
3 ms. Memory: 146944K Free: 125660K (86%)
Completed execution with 4 iterations
preinitializing
resolving types
initializing
executing number 1
wrapping up
idle
3 ms. Memory: 146944K Free: 125660K (86%)
Completed execution with 4 iterations
preinitializing
resolving types
initializing
executing number 1
wrapping up
idle
4 ms. Memory: 146944K Free: 124472K (85%)
Completed execution with 4 iterations
/home/travis/build/icyphy/ptII/ptolemy/actor/lib/test/Distributor.tcl
8 ms. Memory: 146944K Free: 123285K (84%)
3 ms. Memory: 146944K Free: 122097K (83%)
StreamChangeRequest.changeExecuted(): <deleteEntity name="rec2"/> succeeded
StreamChangeRequest.changeExecuted(): <deleteRelation name="r2"/> succeeded
StreamChangeRequest.changeExecuted(): Record firings per iteration succeeded
17 ms. Memory: 146944K Free: 119722K (81%)
/home/travis/build/icyphy/ptII/ptolemy/actor/lib/test/Exit.tcl
Exit.tcl: this will print a message about Manager.exitAfterWrapup, which can be ignored.
8 ms. Memory: 146944K Free: 116732K (79%)
/home/travis/build/icyphy/ptII/ptolemy/actor/lib/test/Expression.tcl
7 ms. Memory: 146944K Free: 113128K (77%)
6 ms. Memory: 146944K Free: 113128K (77%)
3 ms. Memory: 146944K Free: 111940K (76%)
preinitializing
resolving types
initializing
executing number 1
wrapping up
idle
13 ms. Memory: 146944K Free: 110753K (75%)
Completed execution with 6 iterations
9 ms. Memory: 146944K Free: 109565K (75%)
2 ms. Memory: 146944K Free: 109565K (75%)
4 ms. Memory: 146944K Free: 108378K (74%)
4 ms. Memory: 146944K Free: 107190K (73%)
7 ms. Memory: 146944K Free: 106002K (72%)
/home/travis/build/icyphy/ptII/ptolemy/actor/lib/test/Gaussian.tcl
8 ms. Memory: 146944K Free: 103627K (71%)
sleeping 1 seconds: ...................................................................................................................................................................................................................................................................................................................................................................................................................................................................................................................................................................................................................................................................................................................................................................................................................................................................................................................................................................................................................................................................................................................................................................2 ms. Memory: 146944K Free: 98876K (67%)
2 ms. Memory: 146944K Free: 97689K (66%)
2 ms. Memory: 146944K Free: 96501K (66%)
10 ms. Memory: 146944K Free: 96501K (66%)
4 ms. Memory: 146944K Free: 95314K (65%)
/home/travis/build/icyphy/ptII/ptolemy/actor/lib/test/IIR.tcl
/home/travis/build/icyphy/ptII/ptolemy/actor/lib/test/Interpolator.tcl
8 ms. Memory: 146944K Free: 91751K (62%)
2 ms. Memory: 146944K Free: 91751K (62%)
5 ms. Memory: 146944K Free: 90563K (62%)
1 ms. Memory: 146944K Free: 90563K (62%)
6 ms. Memory: 146944K Free: 89375K (61%)
2 ms. Memory: 146944K Free: 88188K (60%)
4 ms. Memory: 146944K Free: 87000K (59%)
6 ms. Memory: 146944K Free: 87000K (59%)
2 ms. Memory: 146944K Free: 85813K (58%)
2 ms. Memory: 146944K Free: 84625K (58%)
/home/travis/build/icyphy/ptII/ptolemy/actor/lib/test/MathFunction.tcl
5 ms. Memory: 146944K Free: 82250K (56%)
2 ms. Memory: 146944K Free: 81391K (55%)
21 ms. Memory: 146944K Free: 140093K (95%)
4 ms. Memory: 146944K Free: 140093K (95%)
3 ms. Memory: 146944K Free: 137729K (94%)
7 ms. Memory: 146944K Free: 136546K (93%)
/home/travis/build/icyphy/ptII/ptolemy/actor/lib/test/Maximum.tcl
6 ms. Memory: 146944K Free: 134181K (91%)
8 ms. Memory: 146944K Free: 132999K (91%)
5 ms. Memory: 146944K Free: 132999K (91%)
7 ms. Memory: 146944K Free: 131817K (90%)
/home/travis/build/icyphy/ptII/ptolemy/actor/lib/test/Minimum.tcl
7 ms. Memory: 146944K Free: 130634K (89%)
2 ms. Memory: 146944K Free: 129452K (88%)
2 ms. Memory: 146944K Free: 129452K (88%)
7 ms. Memory: 146944K Free: 128270K (87%)
/home/travis/build/icyphy/ptII/ptolemy/actor/lib/test/MultiplyDivide.tcl
9 ms. Memory: 146944K Free: 125905K (86%)
2 ms. Memory: 146944K Free: 125905K (86%)
2 ms. Memory: 146944K Free: 124723K (85%)
2 ms. Memory: 146944K Free: 124723K (85%)
2 ms. Memory: 146944K Free: 123540K (84%)
/home/travis/build/icyphy/ptII/ptolemy/actor/lib/test/OrderedMerge.tcl
Connections changed on port: inputA
Connections changed on port: inputB
Connections changed on port: output
Connections changed on port: output
Connections changed on port: output
Connections changed on port: input
.top. Preinitializing ...
Invoking preinitialize():  .top.OrderedMerge
Called preinitialize()
Invoking preinitialize():  .top.Ramp
Called preinitialize()
Invoking preinitialize():  .top.Ramp2
Called preinitialize()
Invoking preinitialize():  .top.Test
Called preinitialize()
Connections changed on port: inputA
Connections changed on port: output
Connections changed on port: inputB
Connections changed on port: output
Connections changed on port: output
Connections changed on port: input
.top. Finished preinitialize().
Called initialize().
Invoking initialize():  .top.OrderedMerge
Initializing actor: .top.OrderedMerge
Adding a thread: .top.OrderedMerge
Invoking initialize():  .top.Ramp
Initializing actor: .top.Ramp
Adding a thread: .top.Ramp
Invoking initialize():  .top.Ramp2
Initializing actor: .top.Ramp2
Adding a thread: .top.Ramp2
Invoking initialize():  .top.Test
Initializing actor: .top.Test
Adding a thread: .top.Test
-- Starting thread.
Called initialize()
Called prefire()
Called fire()
-- Starting thread.
Called initialize()
Called prefire()
Called fire()
Called postfire()
Called prefire()
Called fire()
-- Starting thread.
Called initialize()
Called fire().
Checking for deadlock:
There are 2 Blocked actors, 0 Stopped actors, and 4 active threads.
Waiting for actors to stop.
Called prefire()
Called fire()
Called postfire()
Called prefire()
Called fire()
Checking for deadlock:
There are 3 Blocked actors, 0 Stopped actors, and 4 active threads.
Waiting for actors to stop.
-- Starting thread.
Called initialize()
Called prefire()
Called fire()
Checking for deadlock:
There are 2 Blocked actors, 0 Stopped actors, and 4 active threads.
Waiting for actors to stop.
Called postfire()
Called prefire()
Called fire()
Checking for deadlock:
There are 3 Blocked actors, 0 Stopped actors, and 4 active threads.
Waiting for actors to stop.
Read input token from inputA with value 0.0
Next port to read input from is inputB
Called postfire()
Called prefire()
Called fire()
Called postfire()
Called prefire()
Called fire()
Checking for deadlock:
There are 3 Blocked actors, 0 Stopped actors, and 4 active threads.
Waiting for actors to stop.
Read input token from inputB with value 0.0
Checking for deadlock:
There are 2 Blocked actors, 0 Stopped actors, and 4 active threads.
Waiting for actors to stop.
-- Read input: 0.0, which is expected to match: 0.0
Called prefire()
Called fire()
Checking for deadlock:
There are 3 Blocked actors, 0 Stopped actors, and 4 active threads.
Waiting for actors to stop.
Sent output token with value 0.0
Next port to read input from is inputA
Called postfire()
Called prefire()
Called fire()
Checking for deadlock:
There are 2 Blocked actors, 0 Stopped actors, and 4 active threads.
Waiting for actors to stop.
Called postfire()
Called prefire()
Called fire()
Checking for deadlock:
There are 3 Blocked actors, 0 Stopped actors, and 4 active threads.
Waiting for actors to stop.
Read input token from inputA with value 1.0
Checking for deadlock:
There are 2 Blocked actors, 0 Stopped actors, and 4 active threads.
Waiting for actors to stop.
-- Read input: 0.0, which is expected to match: 0.0
Called prefire()
Called fire()
Checking for deadlock:
There are 3 Blocked actors, 0 Stopped actors, and 4 active threads.
Waiting for actors to stop.
Sent output token with value 0.0
Next port to read input from is inputB
Called postfire()
Called prefire()
Called fire()
Checking for deadlock:
There are 2 Blocked actors, 0 Stopped actors, and 4 active threads.
Waiting for actors to stop.
Called postfire()
Called prefire()
Called fire()
Checking for deadlock:
There are 3 Blocked actors, 0 Stopped actors, and 4 active threads.
Waiting for actors to stop.
Read input token from inputB with value 1.5
Checking for deadlock:
There are 2 Blocked actors, 0 Stopped actors, and 4 active threads.
Waiting for actors to stop.
-- Read input: 1.0, which is expected to match: 1.0
Called prefire()
Called fire()
Checking for deadlock:
There are 3 Blocked actors, 0 Stopped actors, and 4 active threads.
Waiting for actors to stop.
Sent output token with value 1.0
Next port to read input from is inputA
Called postfire()
Called prefire()
Called fire()
Called postfire()
Called prefire()
Called fire()
Checking for deadlock:
There are 3 Blocked actors, 0 Stopped actors, and 4 active threads.
Waiting for actors to stop.
Read input token from inputA with value 2.0
-- Read input: 1.5, which is expected to match: 1.5
Called prefire()
Called fire()
Checking for deadlock:
There are 3 Blocked actors, 0 Stopped actors, and 4 active threads.
Waiting for actors to stop.
Sent output token with value 1.5
Next port to read input from is inputB
Called postfire()
Called prefire()
Called fire()
Checking for deadlock:
There are 2 Blocked actors, 0 Stopped actors, and 4 active threads.
Waiting for actors to stop.
Called postfire()
Called prefire()
Called fire()
Checking for deadlock:
There are 3 Blocked actors, 0 Stopped actors, and 4 active threads.
Waiting for actors to stop.
Read input token from inputB with value 3.0
Checking for deadlock:
There are 2 Blocked actors, 0 Stopped actors, and 4 active threads.
Waiting for actors to stop.
-- Read input: 2.0, which is expected to match: 2.0
Called prefire()
Called fire()
Checking for deadlock:
There are 3 Blocked actors, 0 Stopped actors, and 4 active threads.
Waiting for actors to stop.
Sent output token with value 2.0
Next port to read input from is inputA
Called postfire()
Called prefire()
Called fire()
Called postfire()
Called prefire()
Called fire()
Checking for deadlock:
There are 3 Blocked actors, 0 Stopped actors, and 4 active threads.
Waiting for actors to stop.
Read input token from inputA with value 3.0
-- Read input: 3.0, which is expected to match: 3.0
Called prefire()
Called fire()
Checking for deadlock:
There are 3 Blocked actors, 0 Stopped actors, and 4 active threads.
Waiting for actors to stop.
Sent output token with value 3.0
Next port to read input from is inputB
Called postfire()
Called prefire()
Called fire()
Checking for deadlock:
There are 2 Blocked actors, 0 Stopped actors, and 4 active threads.
Waiting for actors to stop.
Called postfire()
Called prefire()
Called fire()
Checking for deadlock:
There are 3 Blocked actors, 0 Stopped actors, and 4 active threads.
Waiting for actors to stop.
Read input token from inputB with value 4.5
Checking for deadlock:
There are 2 Blocked actors, 0 Stopped actors, and 4 active threads.
Waiting for actors to stop.
-- Read input: 3.0, which is expected to match: 3.0
Called prefire()
Called fire()
Checking for deadlock:
There are 3 Blocked actors, 0 Stopped actors, and 4 active threads.
Waiting for actors to stop.
Sent output token with value 3.0
Next port to read input from is inputA
Called postfire()
Called prefire()
Called fire()
Called postfire()
Called prefire()
Called fire()
Checking for deadlock:
There are 3 Blocked actors, 0 Stopped actors, and 4 active threads.
Waiting for actors to stop.
Read input token from inputA with value 4.0
-- Read input: 4.0, which is expected to match: 4.0
Called prefire()
Called fire()
Past the end of training data. Read and discard all inputs.
Checking for deadlock:
There are 3 Blocked actors, 0 Stopped actors, and 4 active threads.
Waiting for actors to stop.
Sent output token with value 4.0
Next port to read input from is inputA
Called postfire()
Called prefire()
Called fire()
Called postfire()
Called prefire()
Called fire()
Checking for deadlock:
There are 3 Blocked actors, 0 Stopped actors, and 4 active threads.
Waiting for actors to stop.
Read input token from inputA with value 5.0
Called prefire()
Called fire()
Past the end of training data. Read and discard all inputs.
Checking for deadlock:
There are 3 Blocked actors, 0 Stopped actors, and 4 active threads.
Waiting for actors to stop.
Sent output token with value 4.5
Next port to read input from is inputB
Called postfire()
Called prefire()
Called fire()
Checking for deadlock:
There are 2 Blocked actors, 0 Stopped actors, and 4 active threads.
Waiting for actors to stop.
Called postfire()
Called prefire()
Called fire()
Checking for deadlock:
There are 3 Blocked actors, 0 Stopped actors, and 4 active threads.
Waiting for actors to stop.
Read input token from inputB with value 6.0
Checking for deadlock:
There are 2 Blocked actors, 0 Stopped actors, and 4 active threads.
Waiting for actors to stop.
Called prefire()
Called fire()
Past the end of training data. Read and discard all inputs.
Checking for deadlock:
There are 3 Blocked actors, 0 Stopped actors, and 4 active threads.
Waiting for actors to stop.
Sent output token with value 5.0
Next port to read input from is inputA
Called postfire()
Called prefire()
Called fire()
Called postfire()
Called prefire()
Called fire()
Checking for deadlock:
There are 3 Blocked actors, 0 Stopped actors, and 4 active threads.
Waiting for actors to stop.
Read input token from inputA with value 6.0
Called prefire()
Called fire()
Past the end of training data. Read and discard all inputs.
Checking for deadlock:
There are 3 Blocked actors, 0 Stopped actors, and 4 active threads.
Waiting for actors to stop.
Sent output token with value 6.0
Next port to read input from is inputB
Called postfire()
Called prefire()
Called fire()
Checking for deadlock:
There are 2 Blocked actors, 0 Stopped actors, and 4 active threads.
Waiting for actors to stop.
Called postfire()
Called prefire()
Called fire()
Checking for deadlock:
There are 3 Blocked actors, 0 Stopped actors, and 4 active threads.
Waiting for actors to stop.
Read input token from inputB with value 7.5
Checking for deadlock:
There are 2 Blocked actors, 0 Stopped actors, and 4 active threads.
Waiting for actors to stop.
Called prefire()
Called fire()
Past the end of training data. Read and discard all inputs.
Checking for deadlock:
There are 3 Blocked actors, 0 Stopped actors, and 4 active threads.
Waiting for actors to stop.
Sent output token with value 6.0
Next port to read input from is inputA
Called postfire()
Called prefire()
Called fire()
Called postfire()
Called prefire()
Called fire()
Checking for deadlock:
There are 3 Blocked actors, 0 Stopped actors, and 4 active threads.
Waiting for actors to stop.
Read input token from inputA with value 7.0
Called prefire()
Called fire()
Past the end of training data. Read and discard all inputs.
Checking for deadlock:
There are 3 Blocked actors, 0 Stopped actors, and 4 active threads.
Waiting for actors to stop.
Sent output token with value 7.0
Next port to read input from is inputA
Called postfire()
Called prefire()
Called fire()
-- Thread wrapup() called.
Called wrapup()
Thread .top.Ramp is exiting.
-- Thread stopped.
Checking for deadlock:
There are 2 Blocked actors, 0 Stopped actors, and 3 active threads.
Waiting for actors to stop.
Read input token from inputA with value 8.0
Called prefire()
Called fire()
Past the end of training data. Read and discard all inputs.
Checking for deadlock:
There are 2 Blocked actors, 0 Stopped actors, and 3 active threads.
Waiting for actors to stop.
Sent output token with value 7.5
Next port to read input from is inputB
Called postfire()
Called prefire()
Called fire()
Checking for deadlock:
There are 1 Blocked actors, 0 Stopped actors, and 3 active threads.
Waiting for actors to stop.
Called postfire()
Called prefire()
Called fire()
Checking for deadlock:
There are 2 Blocked actors, 0 Stopped actors, and 3 active threads.
Waiting for actors to stop.
Read input token from inputB with value 9.0
Checking for deadlock:
There are 1 Blocked actors, 0 Stopped actors, and 3 active threads.
Waiting for actors to stop.
Called prefire()
Called fire()
Past the end of training data. Read and discard all inputs.
Checking for deadlock:
There are 2 Blocked actors, 0 Stopped actors, and 3 active threads.
Waiting for actors to stop.
Sent output token with value 8.0
Next port to read input from is inputA
Called postfire()
Called prefire()
Called fire()
Read input token from inputA with value 9.0
Checking for deadlock:
There are 1 Blocked actors, 0 Stopped actors, and 3 active threads.
Waiting for actors to stop.
Called prefire()
Called fire()
Past the end of training data. Read and discard all inputs.
Checking for deadlock:
There are 2 Blocked actors, 0 Stopped actors, and 3 active threads.
Waiting for actors to stop.
Sent output token with value 9.0
Next port to read input from is inputB
Called postfire()
Called prefire()
Called fire()
Checking for deadlock:
There are 1 Blocked actors, 0 Stopped actors, and 3 active threads.
Waiting for actors to stop.
Called postfire()
Called prefire()
Called fire()
Checking for deadlock:
There are 2 Blocked actors, 0 Stopped actors, and 3 active threads.
Waiting for actors to stop.
Read input token from inputB with value 10.5
Checking for deadlock:
There are 1 Blocked actors, 0 Stopped actors, and 3 active threads.
Waiting for actors to stop.
Called prefire()
Called fire()
Past the end of training data. Read and discard all inputs.
Checking for deadlock:
There are 2 Blocked actors, 0 Stopped actors, and 3 active threads.
Waiting for actors to stop.
Sent output token with value 9.0
Next port to read input from is inputA
Called postfire()
Called prefire()
Called fire()
Checking for deadlock:
There are 3 Blocked actors, 0 Stopped actors, and 3 active threads.
Actors have stopped.
Checking for deadlock:
There are 3 Blocked actors, 0 Stopped actors, and 3 active threads.
Deadlock detected.
Resolving Deadlock
Checking for deadlock:
There are 3 Blocked actors, 0 Stopped actors, and 3 active threads.
Artificial Deadlock - increasing queue capacity.
increasing the capacity of receiver ptolemy.actor.TypedIOPort {.top.OrderedMerge.inputB} to 2
Director: Called postfire().
Called postfire().
_stopRequested = false
_stopFireRequested = false
Returning from postfire(): true
Called fire().
Checking for deadlock:
There are 2 Blocked actors, 0 Stopped actors, and 3 active threads.
Waiting for actors to stop.
-- Thread wrapup() called.
Called wrapup()
Thread .top.Ramp2 is exiting.
-- Thread stopped.
Checking for deadlock:
There are 2 Blocked actors, 0 Stopped actors, and 2 active threads.
Actors have stopped.
Checking for deadlock:
There are 2 Blocked actors, 0 Stopped actors, and 2 active threads.
Deadlock detected.
Resolving Deadlock
Checking for deadlock:
There are 2 Blocked actors, 0 Stopped actors, and 2 active threads.
Deadlock detected: no processes blocked on write, but some are blocked on read.
Called postfire().
_stopRequested = false
_stopFireRequested = false
Returning from postfire(): false
Finished deactivating branches.
Called wrapup().
-- Thread wrapup() called.
Called wrapup()
Thread .top.Test is exiting.
-- Thread stopped.
-- Blocked Receiver call threw TerminateProcessException.
-- Thread wrapup() called.
Called wrapup()
Thread .top.OrderedMerge is exiting.
20 ms. Memory: 146944K Free: 119537K (81%)
.top. Preinitializing ...
Invoking preinitialize():  .top.OrderedMerge
Called preinitialize()
Invoking preinitialize():  .top.Ramp
Called preinitialize()
Invoking preinitialize():  .top.Ramp2
Called preinitialize()
Invoking preinitialize():  .top.Test
Called preinitialize()
.top. Finished preinitialize().
Called initialize().
Invoking initialize():  .top.OrderedMerge
Initializing actor: .top.OrderedMerge
Adding a thread: .top.OrderedMerge
Invoking initialize():  .top.Ramp
Initializing actor: .top.Ramp
Adding a thread: .top.Ramp
Invoking initialize():  .top.Ramp2
Initializing actor: .top.Ramp2
Adding a thread: .top.Ramp2
Invoking initialize():  .top.Test
Initializing actor: .top.Test
Adding a thread: .top.Test
-- Thread stopped.
-- Blocked Receiver call threw TerminateProcessException.
-- Starting thread.
Called initialize()
Called prefire()
Called fire()
-- Starting thread.
Called initialize()
Called prefire()
Called fire()
Called postfire()
Called prefire()
Called fire()
-- Starting thread.
Called initialize()
Called prefire()
Called fire()
Called postfire()
Called prefire()
Called fire()
Called fire().
Checking for deadlock:
There are 3 Blocked actors, 0 Stopped actors, and 4 active threads.
Waiting for actors to stop.
-- Starting thread.
Called initialize()
Called prefire()
Called fire()
Checking for deadlock:
There are 2 Blocked actors, 0 Stopped actors, and 4 active threads.
Waiting for actors to stop.
Called postfire()
Called prefire()
Called fire()
Checking for deadlock:
There are 3 Blocked actors, 0 Stopped actors, and 4 active threads.
Waiting for actors to stop.
Read input token from inputA with value 0.0
Next port to read input from is inputB
Called postfire()
Called prefire()
Called fire()
Checking for deadlock:
There are 2 Blocked actors, 0 Stopped actors, and 4 active threads.
Waiting for actors to stop.
Called postfire()
Called prefire()
Called fire()
Checking for deadlock:
There are 3 Blocked actors, 0 Stopped actors, and 4 active threads.
Waiting for actors to stop.
Read input token from inputB with value 0.0
Sent output token with value 0.0
Next port to read input from is inputA
Called postfire()
Called prefire()
Called fire()
Read input token from inputA with value 1.0
Checking for deadlock:
There are 2 Blocked actors, 0 Stopped actors, and 4 active threads.
Waiting for actors to stop.
-- Read input: 0.0, which is expected to match: 0.0
Called prefire()
Called fire()
Checking for deadlock:
There are 2 Blocked actors, 0 Stopped actors, and 4 active threads.
Waiting for actors to stop.
Called postfire()
Called prefire()
Called fire()
Checking for deadlock:
There are 3 Blocked actors, 0 Stopped actors, and 4 active threads.
Waiting for actors to stop.
-- Read input: 0.0, which is expected to match: 0.0
Called prefire()
Called fire()
Checking for deadlock:
There are 3 Blocked actors, 0 Stopped actors, and 4 active threads.
Waiting for actors to stop.
Sent output token with value 0.0
Next port to read input from is inputB
Called postfire()
Called prefire()
Called fire()
Read input token from inputB with value 1.5
Sent output token with value 1.0
Next port to read input from is inputA
Called postfire()
Called prefire()
Called fire()
Read input token from inputA with value 2.0
Checking for deadlock:
There are 1 Blocked actors, 0 Stopped actors, and 4 active threads.
Waiting for actors to stop.
-- Read input: 1.0, which is expected to match: 1.0
Called prefire()
Called fire()
Checking for deadlock:
There are 1 Blocked actors, 0 Stopped actors, and 4 active threads.
Waiting for actors to stop.
Called postfire()
Called prefire()
Called fire()
Called postfire()
Called prefire()
Called fire()
Checking for deadlock:
There are 3 Blocked actors, 0 Stopped actors, and 4 active threads.
Waiting for actors to stop.
-- Read input: 1.5, which is expected to match: 1.5
Called prefire()
Called fire()
Checking for deadlock:
There are 3 Blocked actors, 0 Stopped actors, and 4 active threads.
Waiting for actors to stop.
Sent output token with value 1.5
Next port to read input from is inputB
Called postfire()
Called prefire()
Called fire()
Read input token from inputB with value 3.0
Sent output token with value 2.0
Next port to read input from is inputA
Called postfire()
Called prefire()
Called fire()
Read input token from inputA with value 3.0
Checking for deadlock:
There are 1 Blocked actors, 0 Stopped actors, and 4 active threads.
Waiting for actors to stop.
-- Read input: 2.0, which is expected to match: 2.0
Called prefire()
Called fire()
Checking for deadlock:
There are 1 Blocked actors, 0 Stopped actors, and 4 active threads.
Waiting for actors to stop.
Called postfire()
Called prefire()
Called fire()
Called postfire()
Called prefire()
Called fire()
Checking for deadlock:
There are 3 Blocked actors, 0 Stopped actors, and 4 active threads.
Waiting for actors to stop.
-- Read input: 3.0, which is expected to match: 3.0
Called prefire()
Called fire()
Checking for deadlock:
There are 3 Blocked actors, 0 Stopped actors, and 4 active threads.
Waiting for actors to stop.
Sent output token with value 3.0
Next port to read input from is inputB
Called postfire()
Called prefire()
Called fire()
Read input token from inputB with value 4.5
Sent output token with value 3.0
Next port to read input from is inputA
Called postfire()
Called prefire()
Called fire()
Read input token from inputA with value 4.0
Checking for deadlock:
There are 1 Blocked actors, 0 Stopped actors, and 4 active threads.
Waiting for actors to stop.
-- Read input: 3.0, which is expected to match: 3.0
Called prefire()
Called fire()
Checking for deadlock:
There are 1 Blocked actors, 0 Stopped actors, and 4 active threads.
Waiting for actors to stop.
Called postfire()
Called prefire()
Called fire()
Called postfire()
Called prefire()
Called fire()
Checking for deadlock:
There are 3 Blocked actors, 0 Stopped actors, and 4 active threads.
Waiting for actors to stop.
-- Read input: 4.0, which is expected to match: 4.0
Called prefire()
Called fire()
Past the end of training data. Read and discard all inputs.
Checking for deadlock:
There are 3 Blocked actors, 0 Stopped actors, and 4 active threads.
Waiting for actors to stop.
Sent output token with value 4.0
Next port to read input from is inputA
Called postfire()
Called prefire()
Called fire()
Read input token from inputA with value 5.0
Sent output token with value 4.5
Next port to read input from is inputB
Called postfire()
Called prefire()
Called fire()
Read input token from inputB with value 6.0
Checking for deadlock:
There are 1 Blocked actors, 0 Stopped actors, and 4 active threads.
Waiting for actors to stop.
Called prefire()
Called fire()
Past the end of training data. Read and discard all inputs.
Checking for deadlock:
There are 1 Blocked actors, 0 Stopped actors, and 4 active threads.
Waiting for actors to stop.
Called postfire()
Called prefire()
Called fire()
Called postfire()
Called prefire()
Called fire()
Checking for deadlock:
There are 3 Blocked actors, 0 Stopped actors, and 4 active threads.
Waiting for actors to stop.
Called prefire()
Called fire()
Past the end of training data. Read and discard all inputs.
Checking for deadlock:
There are 3 Blocked actors, 0 Stopped actors, and 4 active threads.
Waiting for actors to stop.
Sent output token with value 5.0
Next port to read input from is inputA
Called postfire()
Called prefire()
Called fire()
Read input token from inputA with value 6.0
Sent output token with value 6.0
Next port to read input from is inputB
Called postfire()
Called prefire()
Called fire()
Read input token from inputB with value 7.5
Checking for deadlock:
There are 1 Blocked actors, 0 Stopped actors, and 4 active threads.
Waiting for actors to stop.
Called prefire()
Called fire()
Past the end of training data. Read and discard all inputs.
Checking for deadlock:
There are 1 Blocked actors, 0 Stopped actors, and 4 active threads.
Waiting for actors to stop.
Called postfire()
Called prefire()
Called fire()
Called postfire()
Called prefire()
Called fire()
Checking for deadlock:
There are 3 Blocked actors, 0 Stopped actors, and 4 active threads.
Waiting for actors to stop.
Called prefire()
Called fire()
Past the end of training data. Read and discard all inputs.
Checking for deadlock:
There are 3 Blocked actors, 0 Stopped actors, and 4 active threads.
Waiting for actors to stop.
Sent output token with value 6.0
Next port to read input from is inputA
Called postfire()
Called prefire()
Called fire()
Read input token from inputA with value 7.0
Sent output token with value 7.0
Next port to read input from is inputA
Called postfire()
Called prefire()
Called fire()
Checking for deadlock:
There are 2 Blocked actors, 0 Stopped actors, and 4 active threads.
Waiting for actors to stop.
Called prefire()
Called fire()
Past the end of training data. Read and discard all inputs.
Checking for deadlock:
There are 3 Blocked actors, 0 Stopped actors, and 4 active threads.
Waiting for actors to stop.
Called postfire()
Called prefire()
Called fire()
Checking for deadlock:
There are 3 Blocked actors, 0 Stopped actors, and 4 active threads.
Waiting for actors to stop.
Checking for deadlock:
There are 2 Blocked actors, 0 Stopped actors, and 4 active threads.
Waiting for actors to stop.
-- Thread wrapup() called.
Called wrapup()
Thread .top.Ramp is exiting.
Checking for deadlock:
There are 2 Blocked actors, 0 Stopped actors, and 3 active threads.
Waiting for actors to stop.
-- Thread stopped.
Read input token from inputA with value 8.0
Called prefire()
Called fire()
Past the end of training data. Read and discard all inputs.
Checking for deadlock:
There are 2 Blocked actors, 0 Stopped actors, and 3 active threads.
Waiting for actors to stop.
Sent output token with value 7.5
Next port to read input from is inputB
Called postfire()
Called prefire()
Called fire()
Called postfire()
Called prefire()
Called fire()
Checking for deadlock:
There are 2 Blocked actors, 0 Stopped actors, and 3 active threads.
Waiting for actors to stop.
Read input token from inputB with value 9.0
Called prefire()
Called fire()
Past the end of training data. Read and discard all inputs.
Checking for deadlock:
There are 2 Blocked actors, 0 Stopped actors, and 3 active threads.
Waiting for actors to stop.
Sent output token with value 8.0
Next port to read input from is inputA
Called postfire()
Called prefire()
Called fire()
Read input token from inputA with value 9.0
Checking for deadlock:
There are 1 Blocked actors, 0 Stopped actors, and 3 active threads.
Waiting for actors to stop.
Called prefire()
Called fire()
Past the end of training data. Read and discard all inputs.
Checking for deadlock:
There are 2 Blocked actors, 0 Stopped actors, and 3 active threads.
Waiting for actors to stop.
Sent output token with value 9.0
Next port to read input from is inputB
Called postfire()
Called prefire()
Called fire()
Called postfire()
Called prefire()
Called fire()
Checking for deadlock:
There are 2 Blocked actors, 0 Stopped actors, and 3 active threads.
Waiting for actors to stop.
Read input token from inputB with value 10.5
Called prefire()
Called fire()
Past the end of training data. Read and discard all inputs.
Checking for deadlock:
There are 2 Blocked actors, 0 Stopped actors, and 3 active threads.
Waiting for actors to stop.
Sent output token with value 9.0
Next port to read input from is inputA
Called postfire()
Called prefire()
Called fire()
Checking for deadlock:
There are 3 Blocked actors, 0 Stopped actors, and 3 active threads.
Actors have stopped.
Checking for deadlock:
There are 3 Blocked actors, 0 Stopped actors, and 3 active threads.
Deadlock detected.
Resolving Deadlock
Checking for deadlock:
There are 3 Blocked actors, 0 Stopped actors, and 3 active threads.
Artificial Deadlock - increasing queue capacity.
increasing the capacity of receiver ptolemy.actor.TypedIOPort {.top.OrderedMerge.inputB} to 2
Director: Called postfire().
Called postfire().
_stopRequested = false
_stopFireRequested = false
Returning from postfire(): true
Called fire().
Checking for deadlock:
There are 2 Blocked actors, 0 Stopped actors, and 3 active threads.
Waiting for actors to stop.
-- Thread wrapup() called.
Called wrapup()
Thread .top.Ramp2 is exiting.
-- Thread stopped.
Checking for deadlock:
There are 2 Blocked actors, 0 Stopped actors, and 2 active threads.
Actors have stopped.
Checking for deadlock:
There are 2 Blocked actors, 0 Stopped actors, and 2 active threads.
Deadlock detected.
Resolving Deadlock
Checking for deadlock:
There are 2 Blocked actors, 0 Stopped actors, and 2 active threads.
Deadlock detected: no processes blocked on write, but some are blocked on read.
Called postfire().
_stopRequested = false
_stopFireRequested = false
Returning from postfire(): false
Finished deactivating branches.
Called wrapup().
-- Thread wrapup() called.
Called wrapup()
Thread .top.OrderedMerge is exiting.
-- Thread wrapup() called.
Called wrapup()
Thread .top.Test is exiting.
-- Thread stopped.
-- Blocked Receiver call threw TerminateProcessException.
13 ms. Memory: 146944K Free: 117898K (80%)
/home/travis/build/icyphy/ptII/ptolemy/actor/lib/test/Publisher.tcl
-- Thread stopped.
-- Blocked Receiver call threw TerminateProcessException.
5 ms. Memory: 146944K Free: 110804K (75%)
3 ms. Memory: 146944K Free: 104892K (71%)
11 ms. Memory: 146944K Free: 101345K (69%)
4 ms. Memory: 146944K Free: 100163K (68%)
2 ms. Memory: 146944K Free: 98981K (67%)
11 ms. Memory: 146944K Free: 98981K (67%)
2 ms. Memory: 146944K Free: 97798K (67%)
10 ms. Memory: 146944K Free: 96616K (66%)
1 ms. Memory: 146944K Free: 88339K (60%)
3 ms. Memory: 146944K Free: 83577K (57%)
2 ms. Memory: 146944K Free: 82395K (56%)
1 ms. Memory: 146944K Free: 81213K (55%)
14 ms. Memory: 208384K Free: 192099K (92%)
5 ms. Memory: 208384K Free: 182719K (88%)
5 ms. Memory: 208384K Free: 170995K (82%)
/home/travis/build/icyphy/ptII/ptolemy/actor/lib/test/Pulse.tcl
2 ms. Memory: 208384K Free: 128778K (62%)
1 ms. Memory: 208384K Free: 128778K (62%)
3 ms. Memory: 208384K Free: 126433K (61%)
2 ms. Memory: 208384K Free: 126433K (61%)
2 ms. Memory: 208384K Free: 126433K (61%)
1 ms. Memory: 208384K Free: 126433K (61%)
2 ms. Memory: 208384K Free: 124088K (60%)
2 ms. Memory: 208384K Free: 124088K (60%)
1 ms. Memory: 208384K Free: 124088K (60%)
/home/travis/build/icyphy/ptII/ptolemy/actor/lib/test/Ramp.tcl
3 ms. Memory: 208384K Free: 121743K (58%)
2 ms. Memory: 208384K Free: 119399K (57%)
2 ms. Memory: 208384K Free: 119399K (57%)
8 ms. Memory: 208384K Free: 119399K (57%)
3 ms. Memory: 208384K Free: 117054K (56%)
9 ms. Memory: 208384K Free: 117054K (56%)
4 ms. Memory: 208384K Free: 117054K (56%)
5 actors
5000 microseconds per iteration to create
13 ms. Memory: 208384K Free: 112364K (54%)
1 ms. Memory: 208384K Free: 112364K (54%)
8 ms. Memory: 208384K Free: 112364K (54%)
10 ms. Memory: 208384K Free: 112364K (54%)
50 actors
49000 microseconds per iteration to create
48 ms. Memory: 208384K Free: 95901K (46%)
22 ms. Memory: 208384K Free: 95901K (46%)
5 ms. Memory: 208384K Free: 93541K (45%)
11 ms. Memory: 208384K Free: 93541K (45%)
500 actors
1255000 microseconds per iteration to create
255 ms. Memory: 333312K Free: 287581K (86%)
43 ms. Memory: 333312K Free: 282786K (85%)
38 ms. Memory: 333312K Free: 277991K (83%)
36 ms. Memory: 333312K Free: 273197K (82%)
/home/travis/build/icyphy/ptII/ptolemy/actor/lib/test/RampContinuous.tcl
7 ms. Memory: 333312K Free: 268386K (81%)
/home/travis/build/icyphy/ptII/ptolemy/actor/lib/test/RecordAssembler.tcl
4 ms. Memory: 333312K Free: 268386K (81%)
4 ms. Memory: 333312K Free: 268386K (81%)
/home/travis/build/icyphy/ptII/ptolemy/actor/lib/test/RecordDisassembler.tcl
6 ms. Memory: 333312K Free: 263591K (79%)
4 ms. Memory: 333312K Free: 263591K (79%)
6 ms. Memory: 333312K Free: 263591K (79%)
/home/travis/build/icyphy/ptII/ptolemy/actor/lib/test/Scale.tcl
3 ms. Memory: 333312K Free: 263591K (79%)
2 ms. Memory: 333312K Free: 263591K (79%)
1 ms. Memory: 333312K Free: 258797K (78%)
2 ms. Memory: 333312K Free: 258797K (78%)
2 ms. Memory: 333312K Free: 258797K (78%)
/home/travis/build/icyphy/ptII/ptolemy/actor/lib/test/SequentialClock.tcl
preinitializing
resolving types
initializing
executing number 1
wrapping up
idle
4 ms. Memory: 333312K Free: 258797K (78%)
Completed execution with 5 iterations
preinitializing
resolving types
initializing
executing number 1
wrapping up
idle
2 ms. Memory: 333312K Free: 258797K (78%)
Completed execution with 5 iterations
preinitializing
resolving types
initializing
executing number 1
wrapping up
idle
1 ms. Memory: 333312K Free: 258797K (78%)
Completed execution with 5 iterations
/home/travis/build/icyphy/ptII/ptolemy/actor/lib/test/SetVariable.tcl
5 ms. Memory: 333312K Free: 254002K (76%)
/home/travis/build/icyphy/ptII/ptolemy/actor/lib/test/Sinewave.tcl
/home/travis/build/icyphy/ptII/ptolemy/actor/lib/test/SubscriptionAggregator.tcl
4 ms. Memory: 333312K Free: 239602K (72%)
2 ms. Memory: 333312K Free: 239602K (72%)
1 ms. Memory: 333312K Free: 239602K (72%)
0 ms. Memory: 333312K Free: 239602K (72%)
1 ms. Memory: 333312K Free: 234799K (70%)
3 ms. Memory: 333312K Free: 234799K (70%)
...............................................................796 ms. Memory: 583168K Free: 434355K (74%)
/home/travis/build/icyphy/ptII/ptolemy/actor/lib/test/Test.tcl
 The next command will produce a warning about training mode,
   which may be ignored.
3 ms. Memory: 583168K Free: 434355K (74%)
1 ms. Memory: 583168K Free: 434355K (74%)
1 ms. Memory: 583168K Free: 434355K (74%)
2 ms. Memory: 583168K Free: 424665K (73%)
1 ms. Memory: 583168K Free: 424665K (73%)
2 ms. Memory: 583168K Free: 424665K (73%)
2 ms. Memory: 583168K Free: 424665K (73%)
 The next command will produce a warning about training mode,
   which may be ignored.
3 ms. Memory: 583168K Free: 424665K (73%)
 The next command will produce a warning about training mode,
   which may be ignored.
2 ms. Memory: 583168K Free: 424665K (73%)
1 ms. Memory: 583168K Free: 424665K (73%)
1 ms. Memory: 583168K Free: 424665K (73%)
1 ms. Memory: 583168K Free: 424665K (73%)
1 ms. Memory: 583168K Free: 424665K (73%)
2 ms. Memory: 583168K Free: 414975K (71%)
/home/travis/build/icyphy/ptII/ptolemy/actor/lib/test/TestExceptionHandler.tcl
 The next command will produce a warning about training mode,
   which may be ignored.
1 ms. Memory: 583168K Free: 414975K (71%)
0 ms. Memory: 583168K Free: 414975K (71%)
0 ms. Memory: 583168K Free: 414975K (71%)
/home/travis/build/icyphy/ptII/ptolemy/actor/lib/test/UnionDisassembler.tcl
24 ms. Memory: 583168K Free: 405285K (69%)
/home/travis/build/icyphy/ptII/ptolemy/actor/lib/test/VariableClock.tcl
preinitializing
resolving types
initializing
executing number 1
wrapping up
idle
7 ms. Memory: 583168K Free: 405285K (69%)
Completed execution with 11 iterations
preinitializing
resolving types
initializing
executing number 1
wrapping up
idle
8 ms. Memory: 583168K Free: 405285K (69%)
Completed execution with 10 iterations
12/28/18 03:07:21
Failed: 0  Total Tests: 234  ((Passed: 234, Newly Passed: 0)  Known Failed: 0) /home/travis/build/icyphy/ptII/ptolemy/actor/lib/test
----------------- testing (KnownFailure) /home/travis/build/icyphy/ptII/ptolemy/actor/lib/test/auto/knownFailedTests/PublisherPortToplevelSubscriber.xml
1 ms. Memory: 583168K Free: 395506K (68%)
Known Failure: java.lang.reflect.InvocationTargetException
----------------- testing (KnownFailure) /home/travis/build/icyphy/ptII/ptolemy/actor/lib/test/auto/knownFailedTests/PublisherSubscriberPortToplevel.xml
1 ms. Memory: 583168K Free: 375947K (64%)
Known Failure: java.lang.reflect.InvocationTargetException
----------------- testing (KnownFailure) /home/travis/build/icyphy/ptII/ptolemy/actor/lib/test/auto/knownFailedTests/PublisherSubscriptionAggregatorPort.xml
2 ms. Memory: 583168K Free: 356389K (61%)
Known Failure: java.lang.reflect.InvocationTargetException
----------------- testing (KnownFailure) /home/travis/build/icyphy/ptII/ptolemy/actor/lib/test/auto/knownFailedTests/sizedarray3.xml
3 ms. Memory: 583168K Free: 336830K (58%)
Known Failure: java.lang.reflect.InvocationTargetException
No auto/linux-amd64/*.xml tests in /home/travis/build/icyphy/ptII/ptolemy/actor/lib/test
AutoTests.java: About to close Vertx.
AutoTests.java: Vertx closed.

===========================================================================================
----------------- testing Fri Dec 28 03:07:21 UTC 2018 /home/travis/build/icyphy/ptII/ptolemy/actor/lib/test/auto/AbsoluteValue.xml
----------------- Instantiating /home/travis/build/icyphy/ptII/ptolemy/actor/lib/test/auto/AbsoluteValue.xml
13 ms. Memory: 583168K Free: 249085K (43%)
----------------- Invoking toplevel() on ptolemy.moml.MoMLSimpleApplication@17fa6844
----------------- Done invoking toplevel() on ptolemy.moml.MoMLSimpleApplication@17fa6844
reloadAllAccessors: .AbsoluteValue

===========================================================================================
----------------- testing Fri Dec 28 03:07:21 UTC 2018 /home/travis/build/icyphy/ptII/ptolemy/actor/lib/test/auto/AbsoluteValue2.xml
----------------- Instantiating /home/travis/build/icyphy/ptII/ptolemy/actor/lib/test/auto/AbsoluteValue2.xml
9 ms. Memory: 583168K Free: 234416K (40%)
----------------- Invoking toplevel() on ptolemy.moml.MoMLSimpleApplication@181cc4b8
----------------- Done invoking toplevel() on ptolemy.moml.MoMLSimpleApplication@181cc4b8
reloadAllAccessors: .AbsoluteValue2

===========================================================================================
----------------- testing Fri Dec 28 03:07:21 UTC 2018 /home/travis/build/icyphy/ptII/ptolemy/actor/lib/test/auto/Accumulator.xml
----------------- Instantiating /home/travis/build/icyphy/ptII/ptolemy/actor/lib/test/auto/Accumulator.xml
13 ms. Memory: 583168K Free: 224637K (39%)
----------------- Invoking toplevel() on ptolemy.moml.MoMLSimpleApplication@5a20f6e
----------------- Done invoking toplevel() on ptolemy.moml.MoMLSimpleApplication@5a20f6e
reloadAllAccessors: .Accumulator

===========================================================================================
----------------- testing Fri Dec 28 03:07:21 UTC 2018 /home/travis/build/icyphy/ptII/ptolemy/actor/lib/test/auto/Accumulator2.xml
----------------- Instantiating /home/travis/build/icyphy/ptII/ptolemy/actor/lib/test/auto/Accumulator2.xml
6 ms. Memory: 583168K Free: 205168K (35%)
----------------- Invoking toplevel() on ptolemy.moml.MoMLSimpleApplication@64d6fd4f
----------------- Done invoking toplevel() on ptolemy.moml.MoMLSimpleApplication@64d6fd4f
reloadAllAccessors: .Accumulator2

===========================================================================================
----------------- testing Fri Dec 28 03:07:21 UTC 2018 /home/travis/build/icyphy/ptII/ptolemy/actor/lib/test/auto/Accumulator3.xml
----------------- Instantiating /home/travis/build/icyphy/ptII/ptolemy/actor/lib/test/auto/Accumulator3.xml
11 ms. Memory: 583168K Free: 195389K (34%)
----------------- Invoking toplevel() on ptolemy.moml.MoMLSimpleApplication@d96037e
----------------- Done invoking toplevel() on ptolemy.moml.MoMLSimpleApplication@d96037e
reloadAllAccessors: .Accumulator3

===========================================================================================
----------------- testing Fri Dec 28 03:07:21 UTC 2018 /home/travis/build/icyphy/ptII/ptolemy/actor/lib/test/auto/ArrayAppend.xml
----------------- Instantiating /home/travis/build/icyphy/ptII/ptolemy/actor/lib/test/auto/ArrayAppend.xml
13 ms. Memory: 583168K Free: 185610K (32%)
----------------- Invoking toplevel() on ptolemy.moml.MoMLSimpleApplication@299fc816
----------------- Done invoking toplevel() on ptolemy.moml.MoMLSimpleApplication@299fc816
reloadAllAccessors: .ArrayAppend

===========================================================================================
----------------- testing Fri Dec 28 03:07:21 UTC 2018 /home/travis/build/icyphy/ptII/ptolemy/actor/lib/test/auto/ArrayAppend2.xml
----------------- Instantiating /home/travis/build/icyphy/ptII/ptolemy/actor/lib/test/auto/ArrayAppend2.xml
643 ms. Memory: 583168K Free: 107376K (18%)
----------------- Invoking toplevel() on ptolemy.moml.MoMLSimpleApplication@3d83273e
----------------- Done invoking toplevel() on ptolemy.moml.MoMLSimpleApplication@3d83273e
reloadAllAccessors: .ArrayAppend2

===========================================================================================
----------------- testing Fri Dec 28 03:07:22 UTC 2018 /home/travis/build/icyphy/ptII/ptolemy/actor/lib/test/auto/ArrayAppend3.xml
----------------- Instantiating /home/travis/build/icyphy/ptII/ptolemy/actor/lib/test/auto/ArrayAppend3.xml
6 ms. Memory: 583168K Free: 87907K (15%)
----------------- Invoking toplevel() on ptolemy.moml.MoMLSimpleApplication@3aed83ea
----------------- Done invoking toplevel() on ptolemy.moml.MoMLSimpleApplication@3aed83ea
reloadAllAccessors: .ArrayAppend3

===========================================================================================
----------------- testing Fri Dec 28 03:07:22 UTC 2018 /home/travis/build/icyphy/ptII/ptolemy/actor/lib/test/auto/ArrayAppend4.xml
----------------- Instantiating /home/travis/build/icyphy/ptII/ptolemy/actor/lib/test/auto/ArrayAppend4.xml
11 ms. Memory: 583168K Free: 78128K (13%)
----------------- Invoking toplevel() on ptolemy.moml.MoMLSimpleApplication@bfe26c3
----------------- Done invoking toplevel() on ptolemy.moml.MoMLSimpleApplication@bfe26c3
reloadAllAccessors: .ArrayAppend4

===========================================================================================
----------------- testing Fri Dec 28 03:07:22 UTC 2018 /home/travis/build/icyphy/ptII/ptolemy/actor/lib/test/auto/ArrayAppend5.xml
----------------- Instantiating /home/travis/build/icyphy/ptII/ptolemy/actor/lib/test/auto/ArrayAppend5.xml
5 ms. Memory: 583168K Free: 71738K (12%)
----------------- Invoking toplevel() on ptolemy.moml.MoMLSimpleApplication@47f35656
----------------- Done invoking toplevel() on ptolemy.moml.MoMLSimpleApplication@47f35656
reloadAllAccessors: .ArrayAppend5

===========================================================================================
----------------- testing Fri Dec 28 03:07:22 UTC 2018 /home/travis/build/icyphy/ptII/ptolemy/actor/lib/test/auto/ArrayAppend6.xml
----------------- Instantiating /home/travis/build/icyphy/ptII/ptolemy/actor/lib/test/auto/ArrayAppend6.xml
4 ms. Memory: 583680K Free: 530141K (91%)
----------------- Invoking toplevel() on ptolemy.moml.MoMLSimpleApplication@656d3898
----------------- Done invoking toplevel() on ptolemy.moml.MoMLSimpleApplication@656d3898
reloadAllAccessors: .ArrayAppend6

===========================================================================================
----------------- testing Fri Dec 28 03:07:22 UTC 2018 /home/travis/build/icyphy/ptII/ptolemy/actor/lib/test/auto/ArrayAppendPerformanceTest.xml
----------------- Instantiating /home/travis/build/icyphy/ptII/ptolemy/actor/lib/test/auto/ArrayAppendPerformanceTest.xml
22 ms. Memory: 583680K Free: 507817K (87%)
----------------- Invoking toplevel() on ptolemy.moml.MoMLSimpleApplication@2be90273
----------------- Done invoking toplevel() on ptolemy.moml.MoMLSimpleApplication@2be90273
reloadAllAccessors: .ArrayAppendPerformanceTest

===========================================================================================
----------------- testing Fri Dec 28 03:07:22 UTC 2018 /home/travis/build/icyphy/ptII/ptolemy/actor/lib/test/auto/ArrayAppendWithEmptyInput.xml
----------------- Instantiating /home/travis/build/icyphy/ptII/ptolemy/actor/lib/test/auto/ArrayAppendWithEmptyInput.xml
21 ms. Memory: 583680K Free: 492892K (84%)
----------------- Invoking toplevel() on ptolemy.moml.MoMLSimpleApplication@595bdf9d
----------------- Done invoking toplevel() on ptolemy.moml.MoMLSimpleApplication@595bdf9d
reloadAllAccessors: .ArrayAppendWithEmptyInput

===========================================================================================
----------------- testing Fri Dec 28 03:07:22 UTC 2018 /home/travis/build/icyphy/ptII/ptolemy/actor/lib/test/auto/ArrayAverage.xml
----------------- Instantiating /home/travis/build/icyphy/ptII/ptolemy/actor/lib/test/auto/ArrayAverage.xml
13 ms. Memory: 583680K Free: 478207K (82%)
----------------- Invoking toplevel() on ptolemy.moml.MoMLSimpleApplication@20bca4ea
----------------- Done invoking toplevel() on ptolemy.moml.MoMLSimpleApplication@20bca4ea
reloadAllAccessors: .ArrayAverage

===========================================================================================
----------------- testing Fri Dec 28 03:07:23 UTC 2018 /home/travis/build/icyphy/ptII/ptolemy/actor/lib/test/auto/ArrayContains.xml
----------------- Instantiating /home/travis/build/icyphy/ptII/ptolemy/actor/lib/test/auto/ArrayContains.xml
9 ms. Memory: 583680K Free: 460773K (79%)
----------------- Invoking toplevel() on ptolemy.moml.MoMLSimpleApplication@30089429
----------------- Done invoking toplevel() on ptolemy.moml.MoMLSimpleApplication@30089429
reloadAllAccessors: .ArrayContains

===========================================================================================
----------------- testing Fri Dec 28 03:07:23 UTC 2018 /home/travis/build/icyphy/ptII/ptolemy/actor/lib/test/auto/ArrayElement.xml
----------------- Instantiating /home/travis/build/icyphy/ptII/ptolemy/actor/lib/test/auto/ArrayElement.xml
9 ms. Memory: 583680K Free: 450993K (77%)
----------------- Invoking toplevel() on ptolemy.moml.MoMLSimpleApplication@7f0d67f
----------------- Done invoking toplevel() on ptolemy.moml.MoMLSimpleApplication@7f0d67f
reloadAllAccessors: .ArrayElement

===========================================================================================
----------------- testing Fri Dec 28 03:07:23 UTC 2018 /home/travis/build/icyphy/ptII/ptolemy/actor/lib/test/auto/ArrayElementAsMatrix.xml
----------------- Instantiating /home/travis/build/icyphy/ptII/ptolemy/actor/lib/test/auto/ArrayElementAsMatrix.xml
24 ms. Memory: 583680K Free: 436324K (75%)
----------------- Invoking toplevel() on ptolemy.moml.MoMLSimpleApplication@44017a22
----------------- Done invoking toplevel() on ptolemy.moml.MoMLSimpleApplication@44017a22
reloadAllAccessors: .ArrayElementAsMatrix

===========================================================================================
----------------- testing Fri Dec 28 03:07:23 UTC 2018 /home/travis/build/icyphy/ptII/ptolemy/actor/lib/test/auto/ArrayElementI.xml
----------------- Instantiating /home/travis/build/icyphy/ptII/ptolemy/actor/lib/test/auto/ArrayElementI.xml
3 ms. Memory: 583680K Free: 418890K (72%)
----------------- Invoking toplevel() on ptolemy.moml.MoMLSimpleApplication@4d7ac52f
----------------- Done invoking toplevel() on ptolemy.moml.MoMLSimpleApplication@4d7ac52f
reloadAllAccessors: .ArrayElementI

===========================================================================================
----------------- testing Fri Dec 28 03:07:23 UTC 2018 /home/travis/build/icyphy/ptII/ptolemy/actor/lib/test/auto/ArrayExtract.xml
----------------- Instantiating /home/travis/build/icyphy/ptII/ptolemy/actor/lib/test/auto/ArrayExtract.xml
14 ms. Memory: 583680K Free: 409111K (70%)
----------------- Invoking toplevel() on ptolemy.moml.MoMLSimpleApplication@761d8313
----------------- Done invoking toplevel() on ptolemy.moml.MoMLSimpleApplication@761d8313
reloadAllAccessors: .ArrayExtract

===========================================================================================
----------------- testing Fri Dec 28 03:07:23 UTC 2018 /home/travis/build/icyphy/ptII/ptolemy/actor/lib/test/auto/ArrayExtract2.xml
----------------- Instantiating /home/travis/build/icyphy/ptII/ptolemy/actor/lib/test/auto/ArrayExtract2.xml
2 ms. Memory: 583680K Free: 399332K (68%)
----------------- Invoking toplevel() on ptolemy.moml.MoMLSimpleApplication@22f741ba
----------------- Done invoking toplevel() on ptolemy.moml.MoMLSimpleApplication@22f741ba
reloadAllAccessors: .ArrayExtract2

===========================================================================================
----------------- testing Fri Dec 28 03:07:23 UTC 2018 /home/travis/build/icyphy/ptII/ptolemy/actor/lib/test/auto/ArrayLength.xml
----------------- Instantiating /home/travis/build/icyphy/ptII/ptolemy/actor/lib/test/auto/ArrayLength.xml
2 ms. Memory: 583680K Free: 389552K (67%)
----------------- Invoking toplevel() on ptolemy.moml.MoMLSimpleApplication@6ecb5bb8
----------------- Done invoking toplevel() on ptolemy.moml.MoMLSimpleApplication@6ecb5bb8
reloadAllAccessors: .ArrayLength

===========================================================================================
----------------- testing Fri Dec 28 03:07:23 UTC 2018 /home/travis/build/icyphy/ptII/ptolemy/actor/lib/test/auto/ArrayLevelCrossing.xml
----------------- Instantiating /home/travis/build/icyphy/ptII/ptolemy/actor/lib/test/auto/ArrayLevelCrossing.xml
7 ms. Memory: 583680K Free: 367221K (63%)
----------------- Invoking toplevel() on ptolemy.moml.MoMLSimpleApplication@280d38c4
----------------- Done invoking toplevel() on ptolemy.moml.MoMLSimpleApplication@280d38c4
reloadAllAccessors: .ArrayLevelCrossing

===========================================================================================
----------------- testing Fri Dec 28 03:07:23 UTC 2018 /home/travis/build/icyphy/ptII/ptolemy/actor/lib/test/auto/ArrayLevelCrossing2.xml
----------------- Instantiating /home/travis/build/icyphy/ptII/ptolemy/actor/lib/test/auto/ArrayLevelCrossing2.xml
3 ms. Memory: 583680K Free: 352536K (60%)
----------------- Invoking toplevel() on ptolemy.moml.MoMLSimpleApplication@56219e4c
----------------- Done invoking toplevel() on ptolemy.moml.MoMLSimpleApplication@56219e4c
reloadAllAccessors: .ArrayLevelCrossing2

===========================================================================================
----------------- testing Fri Dec 28 03:07:23 UTC 2018 /home/travis/build/icyphy/ptII/ptolemy/actor/lib/test/auto/ArrayPeakSearch.xml
----------------- Instantiating /home/travis/build/icyphy/ptII/ptolemy/actor/lib/test/auto/ArrayPeakSearch.xml
6 ms. Memory: 583680K Free: 337867K (58%)
----------------- Invoking toplevel() on ptolemy.moml.MoMLSimpleApplication@49160020
----------------- Done invoking toplevel() on ptolemy.moml.MoMLSimpleApplication@49160020
reloadAllAccessors: .ArrayPeakSearch

===========================================================================================
----------------- testing Fri Dec 28 03:07:23 UTC 2018 /home/travis/build/icyphy/ptII/ptolemy/actor/lib/test/auto/ArrayPeakSearch2.xml
----------------- Instantiating /home/travis/build/icyphy/ptII/ptolemy/actor/lib/test/auto/ArrayPeakSearch2.xml
4 ms. Memory: 583680K Free: 315527K (54%)
----------------- Invoking toplevel() on ptolemy.moml.MoMLSimpleApplication@29a1cf7a
----------------- Done invoking toplevel() on ptolemy.moml.MoMLSimpleApplication@29a1cf7a
reloadAllAccessors: .ArrayPeakSearch2

===========================================================================================
----------------- testing Fri Dec 28 03:07:23 UTC 2018 /home/travis/build/icyphy/ptII/ptolemy/actor/lib/test/auto/ArrayPeakSearch3.xml
----------------- Instantiating /home/travis/build/icyphy/ptII/ptolemy/actor/lib/test/auto/ArrayPeakSearch3.xml
5 ms. Memory: 583680K Free: 300858K (52%)
----------------- Invoking toplevel() on ptolemy.moml.MoMLSimpleApplication@1ba7fd7d
----------------- Done invoking toplevel() on ptolemy.moml.MoMLSimpleApplication@1ba7fd7d
reloadAllAccessors: .ArrayPeakSearch3

===========================================================================================
----------------- testing Fri Dec 28 03:07:23 UTC 2018 /home/travis/build/icyphy/ptII/ptolemy/actor/lib/test/auto/ArrayRemoveElement.xml
----------------- Instantiating /home/travis/build/icyphy/ptII/ptolemy/actor/lib/test/auto/ArrayRemoveElement.xml
3 ms. Memory: 583680K Free: 286173K (49%)
----------------- Invoking toplevel() on ptolemy.moml.MoMLSimpleApplication@3fa334c9
----------------- Done invoking toplevel() on ptolemy.moml.MoMLSimpleApplication@3fa334c9
reloadAllAccessors: .ArrayRemoveElement

===========================================================================================
----------------- testing Fri Dec 28 03:07:23 UTC 2018 /home/travis/build/icyphy/ptII/ptolemy/actor/lib/test/auto/ArraySort.xml
----------------- Instantiating /home/travis/build/icyphy/ptII/ptolemy/actor/lib/test/auto/ArraySort.xml
5 ms. Memory: 583680K Free: 271488K (47%)
----------------- Invoking toplevel() on ptolemy.moml.MoMLSimpleApplication@2ffc8d0d
----------------- Done invoking toplevel() on ptolemy.moml.MoMLSimpleApplication@2ffc8d0d
reloadAllAccessors: .ArraySort

===========================================================================================
----------------- testing Fri Dec 28 03:07:23 UTC 2018 /home/travis/build/icyphy/ptII/ptolemy/actor/lib/test/auto/ArraySum.xml
----------------- Instantiating /home/travis/build/icyphy/ptII/ptolemy/actor/lib/test/auto/ArraySum.xml
3 ms. Memory: 583680K Free: 254054K (44%)
----------------- Invoking toplevel() on ptolemy.moml.MoMLSimpleApplication@4ea402d3
----------------- Done invoking toplevel() on ptolemy.moml.MoMLSimpleApplication@4ea402d3
reloadAllAccessors: .ArraySum

===========================================================================================
----------------- testing Fri Dec 28 03:07:23 UTC 2018 /home/travis/build/icyphy/ptII/ptolemy/actor/lib/test/auto/ArrayToElements.xml
----------------- Instantiating /home/travis/build/icyphy/ptII/ptolemy/actor/lib/test/auto/ArrayToElements.xml
9 ms. Memory: 583680K Free: 244275K (42%)
----------------- Invoking toplevel() on ptolemy.moml.MoMLSimpleApplication@7fb3ca41
----------------- Done invoking toplevel() on ptolemy.moml.MoMLSimpleApplication@7fb3ca41
reloadAllAccessors: .ArrayToElements

===========================================================================================
----------------- testing Fri Dec 28 03:07:23 UTC 2018 /home/travis/build/icyphy/ptII/ptolemy/actor/lib/test/auto/ArrayToMatrix.xml
----------------- Instantiating /home/travis/build/icyphy/ptII/ptolemy/actor/lib/test/auto/ArrayToMatrix.xml
13 ms. Memory: 583680K Free: 224716K (38%)
----------------- Invoking toplevel() on ptolemy.moml.MoMLSimpleApplication@2708f342
----------------- Done invoking toplevel() on ptolemy.moml.MoMLSimpleApplication@2708f342
reloadAllAccessors: .ArrayToMatrix

===========================================================================================
----------------- testing Fri Dec 28 03:07:23 UTC 2018 /home/travis/build/icyphy/ptII/ptolemy/actor/lib/test/auto/ArrayUpdate1.xml
----------------- Instantiating /home/travis/build/icyphy/ptII/ptolemy/actor/lib/test/auto/ArrayUpdate1.xml
2 ms. Memory: 583680K Free: 207282K (36%)
----------------- Invoking toplevel() on ptolemy.moml.MoMLSimpleApplication@47cacbfd
----------------- Done invoking toplevel() on ptolemy.moml.MoMLSimpleApplication@47cacbfd
reloadAllAccessors: .ArrayUpdate1

===========================================================================================
----------------- testing Fri Dec 28 03:07:23 UTC 2018 /home/travis/build/icyphy/ptII/ptolemy/actor/lib/test/auto/ArrayUpdate2.xml
----------------- Instantiating /home/travis/build/icyphy/ptII/ptolemy/actor/lib/test/auto/ArrayUpdate2.xml
7 ms. Memory: 583680K Free: 197503K (34%)
----------------- Invoking toplevel() on ptolemy.moml.MoMLSimpleApplication@22c0d362
----------------- Done invoking toplevel() on ptolemy.moml.MoMLSimpleApplication@22c0d362
reloadAllAccessors: .ArrayUpdate2

===========================================================================================
----------------- testing Fri Dec 28 03:07:23 UTC 2018 /home/travis/build/icyphy/ptII/ptolemy/actor/lib/test/auto/ArrayUpdate3.xml
----------------- Instantiating /home/travis/build/icyphy/ptII/ptolemy/actor/lib/test/auto/ArrayUpdate3.xml
2 ms. Memory: 583680K Free: 187724K (32%)
----------------- Invoking toplevel() on ptolemy.moml.MoMLSimpleApplication@65da41f9
----------------- Done invoking toplevel() on ptolemy.moml.MoMLSimpleApplication@65da41f9
reloadAllAccessors: .ArrayUpdate3

===========================================================================================
----------------- testing Fri Dec 28 03:07:23 UTC 2018 /home/travis/build/icyphy/ptII/ptolemy/actor/lib/test/auto/Assert1.xml
----------------- Instantiating /home/travis/build/icyphy/ptII/ptolemy/actor/lib/test/auto/Assert1.xml
3 ms. Memory: 583680K Free: 177945K (30%)
----------------- Invoking toplevel() on ptolemy.moml.MoMLSimpleApplication@3d09dacd
----------------- Done invoking toplevel() on ptolemy.moml.MoMLSimpleApplication@3d09dacd
reloadAllAccessors: .Assert1

===========================================================================================
----------------- testing Fri Dec 28 03:07:23 UTC 2018 /home/travis/build/icyphy/ptII/ptolemy/actor/lib/test/auto/Assert2.xml
----------------- Instantiating /home/travis/build/icyphy/ptII/ptolemy/actor/lib/test/auto/Assert2.xml
6 ms. Memory: 583680K Free: 160510K (27%)
----------------- Invoking toplevel() on ptolemy.moml.MoMLSimpleApplication@673a2a10
----------------- Done invoking toplevel() on ptolemy.moml.MoMLSimpleApplication@673a2a10
reloadAllAccessors: .Assert2

===========================================================================================
----------------- testing Fri Dec 28 03:07:23 UTC 2018 /home/travis/build/icyphy/ptII/ptolemy/actor/lib/test/auto/BooleanMultiplexor.xml
----------------- Instantiating /home/travis/build/icyphy/ptII/ptolemy/actor/lib/test/auto/BooleanMultiplexor.xml
2 ms. Memory: 583680K Free: 150731K (26%)
----------------- Invoking toplevel() on ptolemy.moml.MoMLSimpleApplication@1aff71f4
----------------- Done invoking toplevel() on ptolemy.moml.MoMLSimpleApplication@1aff71f4
reloadAllAccessors: .BooleanMultiplexor

===========================================================================================
----------------- testing Fri Dec 28 03:07:23 UTC 2018 /home/travis/build/icyphy/ptII/ptolemy/actor/lib/test/auto/BooleanMultiplexor2.xml
----------------- Instantiating /home/travis/build/icyphy/ptII/ptolemy/actor/lib/test/auto/BooleanMultiplexor2.xml
7 ms. Memory: 583680K Free: 140952K (24%)
----------------- Invoking toplevel() on ptolemy.moml.MoMLSimpleApplication@18fe793
----------------- Done invoking toplevel() on ptolemy.moml.MoMLSimpleApplication@18fe793
reloadAllAccessors: .BooleanMultiplexor2

===========================================================================================
----------------- testing Fri Dec 28 03:07:23 UTC 2018 /home/travis/build/icyphy/ptII/ptolemy/actor/lib/test/auto/BooleanMultiplexor3.xml
----------------- Instantiating /home/travis/build/icyphy/ptII/ptolemy/actor/lib/test/auto/BooleanMultiplexor3.xml
4 ms. Memory: 583680K Free: 123518K (21%)
----------------- Invoking toplevel() on ptolemy.moml.MoMLSimpleApplication@20b60394
----------------- Done invoking toplevel() on ptolemy.moml.MoMLSimpleApplication@20b60394
reloadAllAccessors: .BooleanMultiplexor3

===========================================================================================
----------------- testing Fri Dec 28 03:07:24 UTC 2018 /home/travis/build/icyphy/ptII/ptolemy/actor/lib/test/auto/BooleanSelect.xml
----------------- Instantiating /home/travis/build/icyphy/ptII/ptolemy/actor/lib/test/auto/BooleanSelect.xml
11 ms. Memory: 583680K Free: 113738K (19%)
----------------- Invoking toplevel() on ptolemy.moml.MoMLSimpleApplication@3b73439a
----------------- Done invoking toplevel() on ptolemy.moml.MoMLSimpleApplication@3b73439a
reloadAllAccessors: .BooleanSelect

===========================================================================================
----------------- testing Fri Dec 28 03:07:24 UTC 2018 /home/travis/build/icyphy/ptII/ptolemy/actor/lib/test/auto/BooleanSelect2.xml
----------------- Instantiating /home/travis/build/icyphy/ptII/ptolemy/actor/lib/test/auto/BooleanSelect2.xml
6 ms. Memory: 583680K Free: 103959K (18%)
----------------- Invoking toplevel() on ptolemy.moml.MoMLSimpleApplication@b45eea2
----------------- Done invoking toplevel() on ptolemy.moml.MoMLSimpleApplication@b45eea2
reloadAllAccessors: .BooleanSelect2

===========================================================================================
----------------- testing Fri Dec 28 03:07:24 UTC 2018 /home/travis/build/icyphy/ptII/ptolemy/actor/lib/test/auto/BooleanSwitch.xml
----------------- Instantiating /home/travis/build/icyphy/ptII/ptolemy/actor/lib/test/auto/BooleanSwitch.xml
9 ms. Memory: 583680K Free: 94180K (16%)
----------------- Invoking toplevel() on ptolemy.moml.MoMLSimpleApplication@46db0e97
----------------- Done invoking toplevel() on ptolemy.moml.MoMLSimpleApplication@46db0e97
reloadAllAccessors: .BooleanSwitch

===========================================================================================
----------------- testing Fri Dec 28 03:07:24 UTC 2018 /home/travis/build/icyphy/ptII/ptolemy/actor/lib/test/auto/BooleanSwitch2.xml
----------------- Instantiating /home/travis/build/icyphy/ptII/ptolemy/actor/lib/test/auto/BooleanSwitch2.xml
1 ms. Memory: 583680K Free: 76746K (13%)
----------------- Invoking toplevel() on ptolemy.moml.MoMLSimpleApplication@4e53ca44
----------------- Done invoking toplevel() on ptolemy.moml.MoMLSimpleApplication@4e53ca44
reloadAllAccessors: .BooleanSwitch2

===========================================================================================
----------------- testing Fri Dec 28 03:07:24 UTC 2018 /home/travis/build/icyphy/ptII/ptolemy/actor/lib/test/auto/BooleanSwitchCloningBugWithClassRelationGroup.xml
----------------- Instantiating /home/travis/build/icyphy/ptII/ptolemy/actor/lib/test/auto/BooleanSwitchCloningBugWithClassRelationGroup.xml
2 ms. Memory: 583680K Free: 66967K (11%)
----------------- Invoking toplevel() on ptolemy.moml.MoMLSimpleApplication@41af697c
----------------- Done invoking toplevel() on ptolemy.moml.MoMLSimpleApplication@41af697c
reloadAllAccessors: .BooleanSwitchCloningBugWithClassRelationGroup

===========================================================================================
----------------- testing Fri Dec 28 03:07:24 UTC 2018 /home/travis/build/icyphy/ptII/ptolemy/actor/lib/test/auto/BusActors.xml
----------------- Instantiating /home/travis/build/icyphy/ptII/ptolemy/actor/lib/test/auto/BusActors.xml
3 ms. Memory: 583680K Free: 55850K (10%)
----------------- Invoking toplevel() on ptolemy.moml.MoMLSimpleApplication@139c672c
----------------- Done invoking toplevel() on ptolemy.moml.MoMLSimpleApplication@139c672c
reloadAllAccessors: .BusActors

===========================================================================================
----------------- testing Fri Dec 28 03:07:24 UTC 2018 /home/travis/build/icyphy/ptII/ptolemy/actor/lib/test/auto/ClassWrapper.xml
----------------- Instantiating /home/travis/build/icyphy/ptII/ptolemy/actor/lib/test/auto/ClassWrapper.xml
2 ms. Memory: 882688K Free: 818716K (93%)
----------------- Invoking toplevel() on ptolemy.moml.MoMLSimpleApplication@605bbb90
----------------- Done invoking toplevel() on ptolemy.moml.MoMLSimpleApplication@605bbb90
reloadAllAccessors: .ClassWrapper

===========================================================================================
----------------- testing Fri Dec 28 03:07:24 UTC 2018 /home/travis/build/icyphy/ptII/ptolemy/actor/lib/test/auto/Clock.xml
----------------- Instantiating /home/travis/build/icyphy/ptII/ptolemy/actor/lib/test/auto/Clock.xml
1 ms. Memory: 882688K Free: 802819K (91%)
----------------- Invoking toplevel() on ptolemy.moml.MoMLSimpleApplication@31c4e192
----------------- Done invoking toplevel() on ptolemy.moml.MoMLSimpleApplication@31c4e192
reloadAllAccessors: .Clock

===========================================================================================
----------------- testing Fri Dec 28 03:07:24 UTC 2018 /home/travis/build/icyphy/ptII/ptolemy/actor/lib/test/auto/Clock10.xml
----------------- Instantiating /home/travis/build/icyphy/ptII/ptolemy/actor/lib/test/auto/Clock10.xml
3 ms. Memory: 882688K Free: 787172K (89%)
----------------- Invoking toplevel() on ptolemy.moml.MoMLSimpleApplication@789ac9b6
----------------- Done invoking toplevel() on ptolemy.moml.MoMLSimpleApplication@789ac9b6
reloadAllAccessors: .Clock10

===========================================================================================
----------------- testing Fri Dec 28 03:07:24 UTC 2018 /home/travis/build/icyphy/ptII/ptolemy/actor/lib/test/auto/Clock11.xml
----------------- Instantiating /home/travis/build/icyphy/ptII/ptolemy/actor/lib/test/auto/Clock11.xml
2 ms. Memory: 882688K Free: 771525K (87%)
----------------- Invoking toplevel() on ptolemy.moml.MoMLSimpleApplication@3f2e2c92
----------------- Done invoking toplevel() on ptolemy.moml.MoMLSimpleApplication@3f2e2c92
reloadAllAccessors: .Clock11

===========================================================================================
----------------- testing Fri Dec 28 03:07:24 UTC 2018 /home/travis/build/icyphy/ptII/ptolemy/actor/lib/test/auto/Clock12.xml
----------------- Instantiating /home/travis/build/icyphy/ptII/ptolemy/actor/lib/test/auto/Clock12.xml
2 ms. Memory: 882688K Free: 746888K (85%)
----------------- Invoking toplevel() on ptolemy.moml.MoMLSimpleApplication@455bfa33
----------------- Done invoking toplevel() on ptolemy.moml.MoMLSimpleApplication@455bfa33
reloadAllAccessors: .Clock12

===========================================================================================
----------------- testing Fri Dec 28 03:07:24 UTC 2018 /home/travis/build/icyphy/ptII/ptolemy/actor/lib/test/auto/Clock13.xml
----------------- Instantiating /home/travis/build/icyphy/ptII/ptolemy/actor/lib/test/auto/Clock13.xml
6 ms. Memory: 882688K Free: 731241K (83%)
----------------- Invoking toplevel() on ptolemy.moml.MoMLSimpleApplication@3c43df1
----------------- Done invoking toplevel() on ptolemy.moml.MoMLSimpleApplication@3c43df1
reloadAllAccessors: .Clock13

===========================================================================================
----------------- testing Fri Dec 28 03:07:24 UTC 2018 /home/travis/build/icyphy/ptII/ptolemy/actor/lib/test/auto/Clock14.xml
----------------- Instantiating /home/travis/build/icyphy/ptII/ptolemy/actor/lib/test/auto/Clock14.xml
6 ms. Memory: 882688K Free: 715594K (81%)
----------------- Invoking toplevel() on ptolemy.moml.MoMLSimpleApplication@26dd2a9c
----------------- Done invoking toplevel() on ptolemy.moml.MoMLSimpleApplication@26dd2a9c
reloadAllAccessors: .Clock14

===========================================================================================
----------------- testing Fri Dec 28 03:07:24 UTC 2018 /home/travis/build/icyphy/ptII/ptolemy/actor/lib/test/auto/Clock15.xml
----------------- Instantiating /home/travis/build/icyphy/ptII/ptolemy/actor/lib/test/auto/Clock15.xml
3 ms. Memory: 882688K Free: 699947K (79%)
----------------- Invoking toplevel() on ptolemy.moml.MoMLSimpleApplication@1e9f282
----------------- Done invoking toplevel() on ptolemy.moml.MoMLSimpleApplication@1e9f282
reloadAllAccessors: .Clock15

===========================================================================================
----------------- testing Fri Dec 28 03:07:24 UTC 2018 /home/travis/build/icyphy/ptII/ptolemy/actor/lib/test/auto/Clock16.xml
----------------- Instantiating /home/travis/build/icyphy/ptII/ptolemy/actor/lib/test/auto/Clock16.xml
18 ms. Memory: 882688K Free: 667470K (76%)
----------------- Invoking toplevel() on ptolemy.moml.MoMLSimpleApplication@52440f74
----------------- Done invoking toplevel() on ptolemy.moml.MoMLSimpleApplication@52440f74
reloadAllAccessors: .Clock16

===========================================================================================
----------------- testing Fri Dec 28 03:07:24 UTC 2018 /home/travis/build/icyphy/ptII/ptolemy/actor/lib/test/auto/Clock17.xml
----------------- Instantiating /home/travis/build/icyphy/ptII/ptolemy/actor/lib/test/auto/Clock17.xml
16 ms. Memory: 882688K Free: 643992K (73%)
----------------- Invoking toplevel() on ptolemy.moml.MoMLSimpleApplication@2131ec50
----------------- Done invoking toplevel() on ptolemy.moml.MoMLSimpleApplication@2131ec50
reloadAllAccessors: .Clock17

===========================================================================================
----------------- testing Fri Dec 28 03:07:24 UTC 2018 /home/travis/build/icyphy/ptII/ptolemy/actor/lib/test/auto/Clock18.xml
----------------- Instantiating /home/travis/build/icyphy/ptII/ptolemy/actor/lib/test/auto/Clock18.xml
10 ms. Memory: 882688K Free: 620506K (70%)
----------------- Invoking toplevel() on ptolemy.moml.MoMLSimpleApplication@1111c352
----------------- Done invoking toplevel() on ptolemy.moml.MoMLSimpleApplication@1111c352
reloadAllAccessors: .Clock18

===========================================================================================
----------------- testing Fri Dec 28 03:07:24 UTC 2018 /home/travis/build/icyphy/ptII/ptolemy/actor/lib/test/auto/Clock19.xml
----------------- Instantiating /home/travis/build/icyphy/ptII/ptolemy/actor/lib/test/auto/Clock19.xml
15 ms. Memory: 882688K Free: 597020K (68%)
----------------- Invoking toplevel() on ptolemy.moml.MoMLSimpleApplication@6900bc14
----------------- Done invoking toplevel() on ptolemy.moml.MoMLSimpleApplication@6900bc14
reloadAllAccessors: .Clock19

===========================================================================================
----------------- testing Fri Dec 28 03:07:24 UTC 2018 /home/travis/build/icyphy/ptII/ptolemy/actor/lib/test/auto/Clock2.xml
----------------- Instantiating /home/travis/build/icyphy/ptII/ptolemy/actor/lib/test/auto/Clock2.xml
2 ms. Memory: 882688K Free: 572382K (65%)
----------------- Invoking toplevel() on ptolemy.moml.MoMLSimpleApplication@1bbc8537
----------------- Done invoking toplevel() on ptolemy.moml.MoMLSimpleApplication@1bbc8537
reloadAllAccessors: .Clock2

===========================================================================================
----------------- testing Fri Dec 28 03:07:24 UTC 2018 /home/travis/build/icyphy/ptII/ptolemy/actor/lib/test/auto/Clock20.xml
----------------- Instantiating /home/travis/build/icyphy/ptII/ptolemy/actor/lib/test/auto/Clock20.xml
12 ms. Memory: 882688K Free: 556735K (63%)
----------------- Invoking toplevel() on ptolemy.moml.MoMLSimpleApplication@562a46de
----------------- Done invoking toplevel() on ptolemy.moml.MoMLSimpleApplication@562a46de
reloadAllAccessors: .Clock20

===========================================================================================
----------------- testing Fri Dec 28 03:07:24 UTC 2018 /home/travis/build/icyphy/ptII/ptolemy/actor/lib/test/auto/Clock21.xml
----------------- Instantiating /home/travis/build/icyphy/ptII/ptolemy/actor/lib/test/auto/Clock21.xml
2 ms. Memory: 882688K Free: 541089K (61%)
----------------- Invoking toplevel() on ptolemy.moml.MoMLSimpleApplication@59753f8f
----------------- Done invoking toplevel() on ptolemy.moml.MoMLSimpleApplication@59753f8f
reloadAllAccessors: .Clock21

===========================================================================================
----------------- testing Fri Dec 28 03:07:24 UTC 2018 /home/travis/build/icyphy/ptII/ptolemy/actor/lib/test/auto/Clock22.xml
----------------- Instantiating /home/travis/build/icyphy/ptII/ptolemy/actor/lib/test/auto/Clock22.xml
2 ms. Memory: 882688K Free: 525442K (60%)
----------------- Invoking toplevel() on ptolemy.moml.MoMLSimpleApplication@47348cf1
----------------- Done invoking toplevel() on ptolemy.moml.MoMLSimpleApplication@47348cf1
reloadAllAccessors: .Clock22

===========================================================================================
----------------- testing Fri Dec 28 03:07:24 UTC 2018 /home/travis/build/icyphy/ptII/ptolemy/actor/lib/test/auto/Clock23.xml
----------------- Instantiating /home/travis/build/icyphy/ptII/ptolemy/actor/lib/test/auto/Clock23.xml
2 ms. Memory: 882688K Free: 500804K (57%)
----------------- Invoking toplevel() on ptolemy.moml.MoMLSimpleApplication@77cc5d36
----------------- Done invoking toplevel() on ptolemy.moml.MoMLSimpleApplication@77cc5d36
reloadAllAccessors: .Clock23

===========================================================================================
----------------- testing Fri Dec 28 03:07:24 UTC 2018 /home/travis/build/icyphy/ptII/ptolemy/actor/lib/test/auto/Clock24.xml
----------------- Instantiating /home/travis/build/icyphy/ptII/ptolemy/actor/lib/test/auto/Clock24.xml
2 ms. Memory: 882688K Free: 485157K (55%)
----------------- Invoking toplevel() on ptolemy.moml.MoMLSimpleApplication@7a0ac32c
----------------- Done invoking toplevel() on ptolemy.moml.MoMLSimpleApplication@7a0ac32c
reloadAllAccessors: .Clock24

===========================================================================================
----------------- testing Fri Dec 28 03:07:24 UTC 2018 /home/travis/build/icyphy/ptII/ptolemy/actor/lib/test/auto/Clock4.xml
----------------- Instantiating /home/travis/build/icyphy/ptII/ptolemy/actor/lib/test/auto/Clock4.xml
1 ms. Memory: 882688K Free: 469510K (53%)
----------------- Invoking toplevel() on ptolemy.moml.MoMLSimpleApplication@4a1011a4
----------------- Done invoking toplevel() on ptolemy.moml.MoMLSimpleApplication@4a1011a4
reloadAllAccessors: .Clock4

===========================================================================================
----------------- testing Fri Dec 28 03:07:24 UTC 2018 /home/travis/build/icyphy/ptII/ptolemy/actor/lib/test/auto/Clock5.xml
----------------- Instantiating /home/travis/build/icyphy/ptII/ptolemy/actor/lib/test/auto/Clock5.xml
1 ms. Memory: 882688K Free: 453863K (51%)
----------------- Invoking toplevel() on ptolemy.moml.MoMLSimpleApplication@7d241320
----------------- Done invoking toplevel() on ptolemy.moml.MoMLSimpleApplication@7d241320
reloadAllAccessors: .Clock5

===========================================================================================
----------------- testing Fri Dec 28 03:07:24 UTC 2018 /home/travis/build/icyphy/ptII/ptolemy/actor/lib/test/auto/Clock6.xml
----------------- Instantiating /home/travis/build/icyphy/ptII/ptolemy/actor/lib/test/auto/Clock6.xml
1 ms. Memory: 882688K Free: 429226K (49%)
----------------- Invoking toplevel() on ptolemy.moml.MoMLSimpleApplication@66d9d91f
----------------- Done invoking toplevel() on ptolemy.moml.MoMLSimpleApplication@66d9d91f
reloadAllAccessors: .Clock6

===========================================================================================
----------------- testing Fri Dec 28 03:07:24 UTC 2018 /home/travis/build/icyphy/ptII/ptolemy/actor/lib/test/auto/Clock7.xml
----------------- Instantiating /home/travis/build/icyphy/ptII/ptolemy/actor/lib/test/auto/Clock7.xml
2 ms. Memory: 882688K Free: 413579K (47%)
----------------- Invoking toplevel() on ptolemy.moml.MoMLSimpleApplication@7252d6dd
----------------- Done invoking toplevel() on ptolemy.moml.MoMLSimpleApplication@7252d6dd
reloadAllAccessors: .Clock7

===========================================================================================
----------------- testing Fri Dec 28 03:07:24 UTC 2018 /home/travis/build/icyphy/ptII/ptolemy/actor/lib/test/auto/Clock8.xml
----------------- Instantiating /home/travis/build/icyphy/ptII/ptolemy/actor/lib/test/auto/Clock8.xml
6 ms. Memory: 882688K Free: 397932K (45%)
----------------- Invoking toplevel() on ptolemy.moml.MoMLSimpleApplication@bcc22d2
----------------- Done invoking toplevel() on ptolemy.moml.MoMLSimpleApplication@bcc22d2
reloadAllAccessors: .Clock8

===========================================================================================
----------------- testing Fri Dec 28 03:07:24 UTC 2018 /home/travis/build/icyphy/ptII/ptolemy/actor/lib/test/auto/Clock9.xml
----------------- Instantiating /home/travis/build/icyphy/ptII/ptolemy/actor/lib/test/auto/Clock9.xml
6 ms. Memory: 882688K Free: 382285K (43%)
----------------- Invoking toplevel() on ptolemy.moml.MoMLSimpleApplication@5d31aafd
----------------- Done invoking toplevel() on ptolemy.moml.MoMLSimpleApplication@5d31aafd
reloadAllAccessors: .Clock9

===========================================================================================
----------------- testing Fri Dec 28 03:07:24 UTC 2018 /home/travis/build/icyphy/ptII/ptolemy/actor/lib/test/auto/CommDistDiscard.xml
----------------- Instantiating /home/travis/build/icyphy/ptII/ptolemy/actor/lib/test/auto/CommDistDiscard.xml
2 ms. Memory: 882688K Free: 357648K (41%)
----------------- Invoking toplevel() on ptolemy.moml.MoMLSimpleApplication@78598e07
----------------- Done invoking toplevel() on ptolemy.moml.MoMLSimpleApplication@78598e07
reloadAllAccessors: .CommDistDiscard

===========================================================================================
----------------- testing Fri Dec 28 03:07:24 UTC 2018 /home/travis/build/icyphy/ptII/ptolemy/actor/lib/test/auto/Commutator.xml
----------------- Instantiating /home/travis/build/icyphy/ptII/ptolemy/actor/lib/test/auto/Commutator.xml
1 ms. Memory: 882688K Free: 342001K (39%)
----------------- Invoking toplevel() on ptolemy.moml.MoMLSimpleApplication@78ea7ab7
----------------- Done invoking toplevel() on ptolemy.moml.MoMLSimpleApplication@78ea7ab7
reloadAllAccessors: .Commutator

===========================================================================================
----------------- testing Fri Dec 28 03:07:24 UTC 2018 /home/travis/build/icyphy/ptII/ptolemy/actor/lib/test/auto/Commutator2.xml
----------------- Instantiating /home/travis/build/icyphy/ptII/ptolemy/actor/lib/test/auto/Commutator2.xml
2 ms. Memory: 882688K Free: 326354K (37%)
----------------- Invoking toplevel() on ptolemy.moml.MoMLSimpleApplication@1cbe91a7
----------------- Done invoking toplevel() on ptolemy.moml.MoMLSimpleApplication@1cbe91a7
reloadAllAccessors: .Commutator2

===========================================================================================
----------------- testing Fri Dec 28 03:07:25 UTC 2018 /home/travis/build/icyphy/ptII/ptolemy/actor/lib/test/auto/Commutator3.xml
----------------- Instantiating /home/travis/build/icyphy/ptII/ptolemy/actor/lib/test/auto/Commutator3.xml
2 ms. Memory: 882688K Free: 310707K (35%)
----------------- Invoking toplevel() on ptolemy.moml.MoMLSimpleApplication@5ae4a5b4
----------------- Done invoking toplevel() on ptolemy.moml.MoMLSimpleApplication@5ae4a5b4
reloadAllAccessors: .Commutator3

===========================================================================================
----------------- testing Fri Dec 28 03:07:25 UTC 2018 /home/travis/build/icyphy/ptII/ptolemy/actor/lib/test/auto/Compare.xml
----------------- Instantiating /home/travis/build/icyphy/ptII/ptolemy/actor/lib/test/auto/Compare.xml
3 ms. Memory: 882688K Free: 286070K (32%)
----------------- Invoking toplevel() on ptolemy.moml.MoMLSimpleApplication@12c011ab
----------------- Done invoking toplevel() on ptolemy.moml.MoMLSimpleApplication@12c011ab
reloadAllAccessors: .Compare

===========================================================================================
----------------- testing Fri Dec 28 03:07:25 UTC 2018 /home/travis/build/icyphy/ptII/ptolemy/actor/lib/test/auto/CompareDE.xml
----------------- Instantiating /home/travis/build/icyphy/ptII/ptolemy/actor/lib/test/auto/CompareDE.xml
3 ms. Memory: 882688K Free: 270423K (31%)
----------------- Invoking toplevel() on ptolemy.moml.MoMLSimpleApplication@686fa2b8
----------------- Done invoking toplevel() on ptolemy.moml.MoMLSimpleApplication@686fa2b8
reloadAllAccessors: .CompareDE

===========================================================================================
----------------- testing Fri Dec 28 03:07:25 UTC 2018 /home/travis/build/icyphy/ptII/ptolemy/actor/lib/test/auto/ComplexDivide.xml
----------------- Instantiating /home/travis/build/icyphy/ptII/ptolemy/actor/lib/test/auto/ComplexDivide.xml
2 ms. Memory: 882688K Free: 254776K (29%)
----------------- Invoking toplevel() on ptolemy.moml.MoMLSimpleApplication@11e23310
----------------- Done invoking toplevel() on ptolemy.moml.MoMLSimpleApplication@11e23310
reloadAllAccessors: .ComplexDivide

===========================================================================================
----------------- testing Fri Dec 28 03:07:25 UTC 2018 /home/travis/build/icyphy/ptII/ptolemy/actor/lib/test/auto/ComputeHistogram.xml
----------------- Instantiating /home/travis/build/icyphy/ptII/ptolemy/actor/lib/test/auto/ComputeHistogram.xml
24 ms. Memory: 882688K Free: 231290K (26%)
----------------- Invoking toplevel() on ptolemy.moml.MoMLSimpleApplication@2a20e18
----------------- Done invoking toplevel() on ptolemy.moml.MoMLSimpleApplication@2a20e18
reloadAllAccessors: .ComputeHistogram

===========================================================================================
----------------- testing Fri Dec 28 03:07:25 UTC 2018 /home/travis/build/icyphy/ptII/ptolemy/actor/lib/test/auto/ConfigurationSelect.xml
----------------- Instantiating /home/travis/build/icyphy/ptII/ptolemy/actor/lib/test/auto/ConfigurationSelect.xml
3 ms. Memory: 882688K Free: 206652K (23%)
----------------- Invoking toplevel() on ptolemy.moml.MoMLSimpleApplication@568aa2a7
----------------- Done invoking toplevel() on ptolemy.moml.MoMLSimpleApplication@568aa2a7
reloadAllAccessors: .ConfigurationSelect

===========================================================================================
----------------- testing Fri Dec 28 03:07:25 UTC 2018 /home/travis/build/icyphy/ptII/ptolemy/actor/lib/test/auto/ConfigurationSelect2.xml
----------------- Instantiating /home/travis/build/icyphy/ptII/ptolemy/actor/lib/test/auto/ConfigurationSelect2.xml
2 ms. Memory: 882688K Free: 191005K (22%)
----------------- Invoking toplevel() on ptolemy.moml.MoMLSimpleApplication@a0ae70e
----------------- Done invoking toplevel() on ptolemy.moml.MoMLSimpleApplication@a0ae70e
reloadAllAccessors: .ConfigurationSelect2

===========================================================================================
----------------- testing Fri Dec 28 03:07:25 UTC 2018 /home/travis/build/icyphy/ptII/ptolemy/actor/lib/test/auto/ConfigurationSwitch.xml
----------------- Instantiating /home/travis/build/icyphy/ptII/ptolemy/actor/lib/test/auto/ConfigurationSwitch.xml
2 ms. Memory: 882688K Free: 175359K (20%)
----------------- Invoking toplevel() on ptolemy.moml.MoMLSimpleApplication@5fa3edc7
----------------- Done invoking toplevel() on ptolemy.moml.MoMLSimpleApplication@5fa3edc7
reloadAllAccessors: .ConfigurationSwitch

===========================================================================================
----------------- testing Fri Dec 28 03:07:25 UTC 2018 /home/travis/build/icyphy/ptII/ptolemy/actor/lib/test/auto/ConfigurationSwitch2.xml
----------------- Instantiating /home/travis/build/icyphy/ptII/ptolemy/actor/lib/test/auto/ConfigurationSwitch2.xml
3 ms. Memory: 882688K Free: 159712K (18%)
----------------- Invoking toplevel() on ptolemy.moml.MoMLSimpleApplication@5866cad0
----------------- Done invoking toplevel() on ptolemy.moml.MoMLSimpleApplication@5866cad0
reloadAllAccessors: .ConfigurationSwitch2

===========================================================================================
----------------- testing Fri Dec 28 03:07:25 UTC 2018 /home/travis/build/icyphy/ptII/ptolemy/actor/lib/test/auto/ConfigurationSwitchCloningBugWithClassRelationGroup.xml
----------------- Instantiating /home/travis/build/icyphy/ptII/ptolemy/actor/lib/test/auto/ConfigurationSwitchCloningBugWithClassRelationGroup.xml
2 ms. Memory: 882688K Free: 135074K (15%)
----------------- Invoking toplevel() on ptolemy.moml.MoMLSimpleApplication@f797da5
----------------- Done invoking toplevel() on ptolemy.moml.MoMLSimpleApplication@f797da5
reloadAllAccessors: .ConfigurationSwitchCloningBugWithClassRelationGroup

===========================================================================================
----------------- testing Fri Dec 28 03:07:25 UTC 2018 /home/travis/build/icyphy/ptII/ptolemy/actor/lib/test/auto/ConfigurationSwitchSelectSDF.xml
----------------- Instantiating /home/travis/build/icyphy/ptII/ptolemy/actor/lib/test/auto/ConfigurationSwitchSelectSDF.xml
3 ms. Memory: 882688K Free: 119427K (14%)
----------------- Invoking toplevel() on ptolemy.moml.MoMLSimpleApplication@18bed121
----------------- Done invoking toplevel() on ptolemy.moml.MoMLSimpleApplication@18bed121
reloadAllAccessors: .ConfigurationSwitchSelectSDF

===========================================================================================
----------------- testing Fri Dec 28 03:07:25 UTC 2018 /home/travis/build/icyphy/ptII/ptolemy/actor/lib/test/auto/ConfigurationSwitchSelectSDF2.xml
----------------- Instantiating /home/travis/build/icyphy/ptII/ptolemy/actor/lib/test/auto/ConfigurationSwitchSelectSDF2.xml
3 ms. Memory: 882688K Free: 103781K (12%)
----------------- Invoking toplevel() on ptolemy.moml.MoMLSimpleApplication@4df6fdcc
----------------- Done invoking toplevel() on ptolemy.moml.MoMLSimpleApplication@4df6fdcc
reloadAllAccessors: .ConfigurationSwitchSelectSDF2

===========================================================================================
----------------- testing Fri Dec 28 03:07:25 UTC 2018 /home/travis/build/icyphy/ptII/ptolemy/actor/lib/test/auto/Const.xml
----------------- Instantiating /home/travis/build/icyphy/ptII/ptolemy/actor/lib/test/auto/Const.xml
2 ms. Memory: 882688K Free: 88134K (10%)
----------------- Invoking toplevel() on ptolemy.moml.MoMLSimpleApplication@2ab40f01
----------------- Done invoking toplevel() on ptolemy.moml.MoMLSimpleApplication@2ab40f01
reloadAllAccessors: .Const

===========================================================================================
----------------- testing Fri Dec 28 03:07:25 UTC 2018 /home/travis/build/icyphy/ptII/ptolemy/actor/lib/test/auto/Const2.xml
----------------- Instantiating /home/travis/build/icyphy/ptII/ptolemy/actor/lib/test/auto/Const2.xml
2 ms. Memory: 882688K Free: 63496K (7%)
----------------- Invoking toplevel() on ptolemy.moml.MoMLSimpleApplication@7ffbc643
----------------- Done invoking toplevel() on ptolemy.moml.MoMLSimpleApplication@7ffbc643
reloadAllAccessors: .Const2

===========================================================================================
----------------- testing Fri Dec 28 03:07:25 UTC 2018 /home/travis/build/icyphy/ptII/ptolemy/actor/lib/test/auto/Const3.xml
----------------- Instantiating /home/travis/build/icyphy/ptII/ptolemy/actor/lib/test/auto/Const3.xml
24 ms. Memory: 883200K Free: 835546K (95%)
----------------- Invoking toplevel() on ptolemy.moml.MoMLSimpleApplication@230a1d2b
----------------- Done invoking toplevel() on ptolemy.moml.MoMLSimpleApplication@230a1d2b
reloadAllAccessors: .Const3

===========================================================================================
----------------- testing Fri Dec 28 03:07:25 UTC 2018 /home/travis/build/icyphy/ptII/ptolemy/actor/lib/test/auto/ConstantPublisherPort1.xml
----------------- Instantiating /home/travis/build/icyphy/ptII/ptolemy/actor/lib/test/auto/ConstantPublisherPort1.xml
5 ms. Memory: 883200K Free: 809351K (92%)
----------------- Invoking toplevel() on ptolemy.moml.MoMLSimpleApplication@578ea1a1
----------------- Done invoking toplevel() on ptolemy.moml.MoMLSimpleApplication@578ea1a1
reloadAllAccessors: .ConstantPublisherPort1

===========================================================================================
----------------- testing Fri Dec 28 03:07:25 UTC 2018 /home/travis/build/icyphy/ptII/ptolemy/actor/lib/test/auto/ConstantPublisherPort2.xml
----------------- Instantiating /home/travis/build/icyphy/ptII/ptolemy/actor/lib/test/auto/ConstantPublisherPort2.xml
4 ms. Memory: 883200K Free: 798920K (90%)
----------------- Invoking toplevel() on ptolemy.moml.MoMLSimpleApplication@f3ccc07
----------------- Done invoking toplevel() on ptolemy.moml.MoMLSimpleApplication@f3ccc07
reloadAllAccessors: .ConstantPublisherPort2

===========================================================================================
----------------- testing Fri Dec 28 03:07:25 UTC 2018 /home/travis/build/icyphy/ptII/ptolemy/actor/lib/test/auto/ConstantPublisherPort3.xml
----------------- Instantiating /home/travis/build/icyphy/ptII/ptolemy/actor/lib/test/auto/ConstantPublisherPort3.xml
3 ms. Memory: 883200K Free: 782016K (89%)
----------------- Invoking toplevel() on ptolemy.moml.MoMLSimpleApplication@312bbf1c
----------------- Done invoking toplevel() on ptolemy.moml.MoMLSimpleApplication@312bbf1c
reloadAllAccessors: .ConstantPublisherPort3

===========================================================================================
----------------- testing Fri Dec 28 03:07:25 UTC 2018 /home/travis/build/icyphy/ptII/ptolemy/actor/lib/test/auto/ConstantPublisherPort4.xml
----------------- Instantiating /home/travis/build/icyphy/ptII/ptolemy/actor/lib/test/auto/ConstantPublisherPort4.xml
2 ms. Memory: 883200K Free: 771584K (87%)
----------------- Invoking toplevel() on ptolemy.moml.MoMLSimpleApplication@29d87553
----------------- Done invoking toplevel() on ptolemy.moml.MoMLSimpleApplication@29d87553
reloadAllAccessors: .ConstantPublisherPort4

===========================================================================================
----------------- testing Fri Dec 28 03:07:25 UTC 2018 /home/travis/build/icyphy/ptII/ptolemy/actor/lib/test/auto/ConstantPublisherPort5.xml
----------------- Instantiating /home/travis/build/icyphy/ptII/ptolemy/actor/lib/test/auto/ConstantPublisherPort5.xml
24 ms. Memory: 883200K Free: 745490K (84%)
----------------- Invoking toplevel() on ptolemy.moml.MoMLSimpleApplication@4a4e0f12
----------------- Done invoking toplevel() on ptolemy.moml.MoMLSimpleApplication@4a4e0f12
reloadAllAccessors: .ConstantPublisherPort5

===========================================================================================
----------------- testing Fri Dec 28 03:07:25 UTC 2018 /home/travis/build/icyphy/ptII/ptolemy/actor/lib/test/auto/ConstantPublisherPort6.xml
----------------- Instantiating /home/travis/build/icyphy/ptII/ptolemy/actor/lib/test/auto/ConstantPublisherPort6.xml
13 ms. Memory: 883200K Free: 712939K (81%)
----------------- Invoking toplevel() on ptolemy.moml.MoMLSimpleApplication@6d288bfa
----------------- Done invoking toplevel() on ptolemy.moml.MoMLSimpleApplication@6d288bfa
reloadAllAccessors: .ConstantPublisherPort6

===========================================================================================
----------------- testing Fri Dec 28 03:07:25 UTC 2018 /home/travis/build/icyphy/ptII/ptolemy/actor/lib/test/auto/ConstantPublisherPort7.xml
----------------- Instantiating /home/travis/build/icyphy/ptII/ptolemy/actor/lib/test/auto/ConstantPublisherPort7.xml
20 ms. Memory: 883200K Free: 686861K (78%)
----------------- Invoking toplevel() on ptolemy.moml.MoMLSimpleApplication@7c840dd2
----------------- Done invoking toplevel() on ptolemy.moml.MoMLSimpleApplication@7c840dd2
reloadAllAccessors: .ConstantPublisherPort7

===========================================================================================
----------------- testing Fri Dec 28 03:07:25 UTC 2018 /home/travis/build/icyphy/ptII/ptolemy/actor/lib/test/auto/ConstraintMonitor1.xml
----------------- Instantiating /home/travis/build/icyphy/ptII/ptolemy/actor/lib/test/auto/ConstraintMonitor1.xml
1 ms. Memory: 883200K Free: 676430K (77%)
----------------- Invoking toplevel() on ptolemy.moml.MoMLSimpleApplication@484d7db
----------------- Done invoking toplevel() on ptolemy.moml.MoMLSimpleApplication@484d7db
reloadAllAccessors: .ConstraintMonitor1

===========================================================================================
----------------- testing Fri Dec 28 03:07:25 UTC 2018 /home/travis/build/icyphy/ptII/ptolemy/actor/lib/test/auto/ConstraintMonitor2.xml
----------------- Instantiating /home/travis/build/icyphy/ptII/ptolemy/actor/lib/test/auto/ConstraintMonitor2.xml
3 ms. Memory: 883200K Free: 659525K (75%)
----------------- Invoking toplevel() on ptolemy.moml.MoMLSimpleApplication@350b21ae
----------------- Done invoking toplevel() on ptolemy.moml.MoMLSimpleApplication@350b21ae
reloadAllAccessors: .ConstraintMonitor2

===========================================================================================
----------------- testing Fri Dec 28 03:07:25 UTC 2018 /home/travis/build/icyphy/ptII/ptolemy/actor/lib/test/auto/ConstraintMonitor3.xml
----------------- Instantiating /home/travis/build/icyphy/ptII/ptolemy/actor/lib/test/auto/ConstraintMonitor3.xml
1 ms. Memory: 883200K Free: 649094K (73%)
----------------- Invoking toplevel() on ptolemy.moml.MoMLSimpleApplication@66e3f94b
----------------- Done invoking toplevel() on ptolemy.moml.MoMLSimpleApplication@66e3f94b
reloadAllAccessors: .ConstraintMonitor3

===========================================================================================
----------------- testing Fri Dec 28 03:07:25 UTC 2018 /home/travis/build/icyphy/ptII/ptolemy/actor/lib/test/auto/ConstraintMonitor4.xml
----------------- Instantiating /home/travis/build/icyphy/ptII/ptolemy/actor/lib/test/auto/ConstraintMonitor4.xml
1 ms. Memory: 883200K Free: 638663K (72%)
----------------- Invoking toplevel() on ptolemy.moml.MoMLSimpleApplication@2c258388
----------------- Done invoking toplevel() on ptolemy.moml.MoMLSimpleApplication@2c258388
reloadAllAccessors: .ConstraintMonitor4

===========================================================================================
----------------- testing Fri Dec 28 03:07:25 UTC 2018 /home/travis/build/icyphy/ptII/ptolemy/actor/lib/test/auto/ConstraintMonitor5.xml
----------------- Instantiating /home/travis/build/icyphy/ptII/ptolemy/actor/lib/test/auto/ConstraintMonitor5.xml
3 ms. Memory: 883200K Free: 621758K (70%)
----------------- Invoking toplevel() on ptolemy.moml.MoMLSimpleApplication@6de2e92d
----------------- Done invoking toplevel() on ptolemy.moml.MoMLSimpleApplication@6de2e92d
reloadAllAccessors: .ConstraintMonitor5

===========================================================================================
----------------- testing Fri Dec 28 03:07:25 UTC 2018 /home/travis/build/icyphy/ptII/ptolemy/actor/lib/test/auto/ConstraintMonitor6.xml
----------------- Instantiating /home/travis/build/icyphy/ptII/ptolemy/actor/lib/test/auto/ConstraintMonitor6.xml
2 ms. Memory: 883200K Free: 611327K (69%)
----------------- Invoking toplevel() on ptolemy.moml.MoMLSimpleApplication@14e29ea2
----------------- Done invoking toplevel() on ptolemy.moml.MoMLSimpleApplication@14e29ea2
reloadAllAccessors: .ConstraintMonitor6

===========================================================================================
----------------- testing Fri Dec 28 03:07:25 UTC 2018 /home/travis/build/icyphy/ptII/ptolemy/actor/lib/test/auto/ConstraintMonitor7.xml
----------------- Instantiating /home/travis/build/icyphy/ptII/ptolemy/actor/lib/test/auto/ConstraintMonitor7.xml
2 ms. Memory: 883200K Free: 600896K (68%)
----------------- Invoking toplevel() on ptolemy.moml.MoMLSimpleApplication@6810c6bb
----------------- Done invoking toplevel() on ptolemy.moml.MoMLSimpleApplication@6810c6bb
reloadAllAccessors: .ConstraintMonitor7

===========================================================================================
----------------- testing Fri Dec 28 03:07:25 UTC 2018 /home/travis/build/icyphy/ptII/ptolemy/actor/lib/test/auto/ConstraintMonitor8.xml
----------------- Instantiating /home/travis/build/icyphy/ptII/ptolemy/actor/lib/test/auto/ConstraintMonitor8.xml
8 ms. Memory: 883200K Free: 583991K (66%)
----------------- Invoking toplevel() on ptolemy.moml.MoMLSimpleApplication@5e83dc7c
----------------- Done invoking toplevel() on ptolemy.moml.MoMLSimpleApplication@5e83dc7c
reloadAllAccessors: .ConstraintMonitor8

===========================================================================================
----------------- testing Fri Dec 28 03:07:25 UTC 2018 /home/travis/build/icyphy/ptII/ptolemy/actor/lib/test/auto/Counter.xml
----------------- Instantiating /home/travis/build/icyphy/ptII/ptolemy/actor/lib/test/auto/Counter.xml
2 ms. Memory: 883200K Free: 573560K (65%)
----------------- Invoking toplevel() on ptolemy.moml.MoMLSimpleApplication@470fe18b
----------------- Done invoking toplevel() on ptolemy.moml.MoMLSimpleApplication@470fe18b
reloadAllAccessors: .Counter

===========================================================================================
----------------- testing Fri Dec 28 03:07:25 UTC 2018 /home/travis/build/icyphy/ptII/ptolemy/actor/lib/test/auto/CurrentTimeSDF.xml
----------------- Instantiating /home/travis/build/icyphy/ptII/ptolemy/actor/lib/test/auto/CurrentTimeSDF.xml
2 ms. Memory: 883200K Free: 556655K (63%)
----------------- Invoking toplevel() on ptolemy.moml.MoMLSimpleApplication@4a51d618
----------------- Done invoking toplevel() on ptolemy.moml.MoMLSimpleApplication@4a51d618
reloadAllAccessors: .CurrentTimeSDF

===========================================================================================
----------------- testing Fri Dec 28 03:07:25 UTC 2018 /home/travis/build/icyphy/ptII/ptolemy/actor/lib/test/auto/DB.xml
----------------- Instantiating /home/travis/build/icyphy/ptII/ptolemy/actor/lib/test/auto/DB.xml
1 ms. Memory: 883200K Free: 546223K (62%)
----------------- Invoking toplevel() on ptolemy.moml.MoMLSimpleApplication@7b7ccacd
----------------- Done invoking toplevel() on ptolemy.moml.MoMLSimpleApplication@7b7ccacd
reloadAllAccessors: .DB

===========================================================================================
----------------- testing Fri Dec 28 03:07:25 UTC 2018 /home/travis/build/icyphy/ptII/ptolemy/actor/lib/test/auto/DBDE.xml
----------------- Instantiating /home/travis/build/icyphy/ptII/ptolemy/actor/lib/test/auto/DBDE.xml
3 ms. Memory: 883200K Free: 535792K (61%)
----------------- Invoking toplevel() on ptolemy.moml.MoMLSimpleApplication@72836631
----------------- Done invoking toplevel() on ptolemy.moml.MoMLSimpleApplication@72836631
reloadAllAccessors: .DBDE

===========================================================================================
----------------- testing Fri Dec 28 03:07:25 UTC 2018 /home/travis/build/icyphy/ptII/ptolemy/actor/lib/test/auto/DateConstructor.xml
----------------- Instantiating /home/travis/build/icyphy/ptII/ptolemy/actor/lib/test/auto/DateConstructor.xml
17 ms. Memory: 883200K Free: 508456K (58%)
----------------- Invoking toplevel() on ptolemy.moml.MoMLSimpleApplication@7b9d1b5c
----------------- Done invoking toplevel() on ptolemy.moml.MoMLSimpleApplication@7b9d1b5c
reloadAllAccessors: .DateConstructor

===========================================================================================
----------------- testing Fri Dec 28 03:07:25 UTC 2018 /home/travis/build/icyphy/ptII/ptolemy/actor/lib/test/auto/DelayTime.xml
----------------- Instantiating /home/travis/build/icyphy/ptII/ptolemy/actor/lib/test/auto/DelayTime.xml
3 ms. Memory: 883200K Free: 498025K (56%)
----------------- Invoking toplevel() on ptolemy.moml.MoMLSimpleApplication@509484c3
----------------- Done invoking toplevel() on ptolemy.moml.MoMLSimpleApplication@509484c3
reloadAllAccessors: .DelayTime

===========================================================================================
----------------- testing Fri Dec 28 03:07:25 UTC 2018 /home/travis/build/icyphy/ptII/ptolemy/actor/lib/test/auto/Dictionary1.xml
----------------- Instantiating /home/travis/build/icyphy/ptII/ptolemy/actor/lib/test/auto/Dictionary1.xml
2 ms. Memory: 883200K Free: 487594K (55%)
----------------- Invoking toplevel() on ptolemy.moml.MoMLSimpleApplication@325a6232
----------------- Done invoking toplevel() on ptolemy.moml.MoMLSimpleApplication@325a6232
reloadAllAccessors: .Dictionary1

===========================================================================================
----------------- testing Fri Dec 28 03:07:25 UTC 2018 /home/travis/build/icyphy/ptII/ptolemy/actor/lib/test/auto/Dictionary2.xml
----------------- Instantiating /home/travis/build/icyphy/ptII/ptolemy/actor/lib/test/auto/Dictionary2.xml
3 ms. Memory: 883200K Free: 470689K (53%)
----------------- Invoking toplevel() on ptolemy.moml.MoMLSimpleApplication@16e14b9
----------------- Done invoking toplevel() on ptolemy.moml.MoMLSimpleApplication@16e14b9
reloadAllAccessors: .Dictionary2

===========================================================================================
----------------- testing Fri Dec 28 03:07:26 UTC 2018 /home/travis/build/icyphy/ptII/ptolemy/actor/lib/test/auto/Dictionary3.xml
----------------- Instantiating /home/travis/build/icyphy/ptII/ptolemy/actor/lib/test/auto/Dictionary3.xml
1 ms. Memory: 883200K Free: 460258K (52%)
----------------- Invoking toplevel() on ptolemy.moml.MoMLSimpleApplication@70227201
----------------- Done invoking toplevel() on ptolemy.moml.MoMLSimpleApplication@70227201
reloadAllAccessors: .Dictionary3

===========================================================================================
----------------- testing Fri Dec 28 03:07:26 UTC 2018 /home/travis/build/icyphy/ptII/ptolemy/actor/lib/test/auto/Dictionary4.xml
----------------- Instantiating /home/travis/build/icyphy/ptII/ptolemy/actor/lib/test/auto/Dictionary4.xml
4 ms. Memory: 883200K Free: 449826K (51%)
----------------- Invoking toplevel() on ptolemy.moml.MoMLSimpleApplication@64a35d78
----------------- Done invoking toplevel() on ptolemy.moml.MoMLSimpleApplication@64a35d78
reloadAllAccessors: .Dictionary4

===========================================================================================
----------------- testing Fri Dec 28 03:07:26 UTC 2018 /home/travis/build/icyphy/ptII/ptolemy/actor/lib/test/auto/Differential.xml
----------------- Instantiating /home/travis/build/icyphy/ptII/ptolemy/actor/lib/test/auto/Differential.xml
4 ms. Memory: 883200K Free: 432922K (49%)
----------------- Invoking toplevel() on ptolemy.moml.MoMLSimpleApplication@5939cb91
----------------- Done invoking toplevel() on ptolemy.moml.MoMLSimpleApplication@5939cb91
reloadAllAccessors: .Differential

===========================================================================================
----------------- testing Fri Dec 28 03:07:26 UTC 2018 /home/travis/build/icyphy/ptII/ptolemy/actor/lib/test/auto/Director.xml
----------------- Instantiating /home/travis/build/icyphy/ptII/ptolemy/actor/lib/test/auto/Director.xml
4 ms. Memory: 883200K Free: 422491K (48%)
----------------- Invoking toplevel() on ptolemy.moml.MoMLSimpleApplication@36396053
----------------- Done invoking toplevel() on ptolemy.moml.MoMLSimpleApplication@36396053
reloadAllAccessors: .Director

===========================================================================================
----------------- testing Fri Dec 28 03:07:26 UTC 2018 /home/travis/build/icyphy/ptII/ptolemy/actor/lib/test/auto/DiscreteClock.xml
----------------- Instantiating /home/travis/build/icyphy/ptII/ptolemy/actor/lib/test/auto/DiscreteClock.xml
1 ms. Memory: 883200K Free: 412059K (47%)
----------------- Invoking toplevel() on ptolemy.moml.MoMLSimpleApplication@3c657733
----------------- Done invoking toplevel() on ptolemy.moml.MoMLSimpleApplication@3c657733
reloadAllAccessors: .DiscreteClock

===========================================================================================
----------------- testing Fri Dec 28 03:07:26 UTC 2018 /home/travis/build/icyphy/ptII/ptolemy/actor/lib/test/auto/DiscreteClock10.xml
----------------- Instantiating /home/travis/build/icyphy/ptII/ptolemy/actor/lib/test/auto/DiscreteClock10.xml
4 ms. Memory: 883200K Free: 395155K (45%)
----------------- Invoking toplevel() on ptolemy.moml.MoMLSimpleApplication@15ccb9f9
----------------- Done invoking toplevel() on ptolemy.moml.MoMLSimpleApplication@15ccb9f9
reloadAllAccessors: .DiscreteClock10

===========================================================================================
----------------- testing Fri Dec 28 03:07:26 UTC 2018 /home/travis/build/icyphy/ptII/ptolemy/actor/lib/test/auto/DiscreteClock11.xml
----------------- Instantiating /home/travis/build/icyphy/ptII/ptolemy/actor/lib/test/auto/DiscreteClock11.xml
2 ms. Memory: 883200K Free: 384724K (44%)
----------------- Invoking toplevel() on ptolemy.moml.MoMLSimpleApplication@18b72c85
----------------- Done invoking toplevel() on ptolemy.moml.MoMLSimpleApplication@18b72c85
reloadAllAccessors: .DiscreteClock11

===========================================================================================
----------------- testing Fri Dec 28 03:07:26 UTC 2018 /home/travis/build/icyphy/ptII/ptolemy/actor/lib/test/auto/DiscreteClock12.xml
----------------- Instantiating /home/travis/build/icyphy/ptII/ptolemy/actor/lib/test/auto/DiscreteClock12.xml
3 ms. Memory: 883200K Free: 367819K (42%)
----------------- Invoking toplevel() on ptolemy.moml.MoMLSimpleApplication@62fcffb9
----------------- Done invoking toplevel() on ptolemy.moml.MoMLSimpleApplication@62fcffb9
reloadAllAccessors: .DiscreteClock12

===========================================================================================
----------------- testing Fri Dec 28 03:07:26 UTC 2018 /home/travis/build/icyphy/ptII/ptolemy/actor/lib/test/auto/DiscreteClock13.xml
----------------- Instantiating /home/travis/build/icyphy/ptII/ptolemy/actor/lib/test/auto/DiscreteClock13.xml
7 ms. Memory: 883200K Free: 357388K (40%)
----------------- Invoking toplevel() on ptolemy.moml.MoMLSimpleApplication@3bb542a2
----------------- Done invoking toplevel() on ptolemy.moml.MoMLSimpleApplication@3bb542a2
reloadAllAccessors: .DiscreteClock13

===========================================================================================
----------------- testing Fri Dec 28 03:07:26 UTC 2018 /home/travis/build/icyphy/ptII/ptolemy/actor/lib/test/auto/DiscreteClock14.xml
----------------- Instantiating /home/travis/build/icyphy/ptII/ptolemy/actor/lib/test/auto/DiscreteClock14.xml
7 ms. Memory: 883200K Free: 346957K (39%)
----------------- Invoking toplevel() on ptolemy.moml.MoMLSimpleApplication@2a7809aa
----------------- Done invoking toplevel() on ptolemy.moml.MoMLSimpleApplication@2a7809aa
reloadAllAccessors: .DiscreteClock14

===========================================================================================
----------------- testing Fri Dec 28 03:07:26 UTC 2018 /home/travis/build/icyphy/ptII/ptolemy/actor/lib/test/auto/DiscreteClock15.xml
----------------- Instantiating /home/travis/build/icyphy/ptII/ptolemy/actor/lib/test/auto/DiscreteClock15.xml
6 ms. Memory: 883200K Free: 330052K (37%)
----------------- Invoking toplevel() on ptolemy.moml.MoMLSimpleApplication@581c3655
----------------- Done invoking toplevel() on ptolemy.moml.MoMLSimpleApplication@581c3655
reloadAllAccessors: .DiscreteClock15

===========================================================================================
----------------- testing Fri Dec 28 03:07:26 UTC 2018 /home/travis/build/icyphy/ptII/ptolemy/actor/lib/test/auto/DiscreteClock16.xml
----------------- Instantiating /home/travis/build/icyphy/ptII/ptolemy/actor/lib/test/auto/DiscreteClock16.xml
18 ms. Memory: 883200K Free: 314389K (36%)
----------------- Invoking toplevel() on ptolemy.moml.MoMLSimpleApplication@6148db54
----------------- Done invoking toplevel() on ptolemy.moml.MoMLSimpleApplication@6148db54
reloadAllAccessors: .DiscreteClock16

===========================================================================================
----------------- testing Fri Dec 28 03:07:26 UTC 2018 /home/travis/build/icyphy/ptII/ptolemy/actor/lib/test/auto/DiscreteClock17.xml
----------------- Instantiating /home/travis/build/icyphy/ptII/ptolemy/actor/lib/test/auto/DiscreteClock17.xml
16 ms. Memory: 883200K Free: 298726K (34%)
----------------- Invoking toplevel() on ptolemy.moml.MoMLSimpleApplication@5f01a357
----------------- Done invoking toplevel() on ptolemy.moml.MoMLSimpleApplication@5f01a357
reloadAllAccessors: .DiscreteClock17

===========================================================================================
----------------- testing Fri Dec 28 03:07:26 UTC 2018 /home/travis/build/icyphy/ptII/ptolemy/actor/lib/test/auto/DiscreteClock18.xml
----------------- Instantiating /home/travis/build/icyphy/ptII/ptolemy/actor/lib/test/auto/DiscreteClock18.xml
12 ms. Memory: 883200K Free: 276606K (31%)
----------------- Invoking toplevel() on ptolemy.moml.MoMLSimpleApplication@3e976f10
----------------- Done invoking toplevel() on ptolemy.moml.MoMLSimpleApplication@3e976f10
reloadAllAccessors: .DiscreteClock18

===========================================================================================
----------------- testing Fri Dec 28 03:07:26 UTC 2018 /home/travis/build/icyphy/ptII/ptolemy/actor/lib/test/auto/DiscreteClock19.xml
----------------- Instantiating /home/travis/build/icyphy/ptII/ptolemy/actor/lib/test/auto/DiscreteClock19.xml
9 ms. Memory: 883200K Free: 260951K (30%)
----------------- Invoking toplevel() on ptolemy.moml.MoMLSimpleApplication@799a971d
----------------- Done invoking toplevel() on ptolemy.moml.MoMLSimpleApplication@799a971d
reloadAllAccessors: .DiscreteClock19

===========================================================================================
----------------- testing Fri Dec 28 03:07:26 UTC 2018 /home/travis/build/icyphy/ptII/ptolemy/actor/lib/test/auto/DiscreteClock2.xml
----------------- Instantiating /home/travis/build/icyphy/ptII/ptolemy/actor/lib/test/auto/DiscreteClock2.xml
6 ms. Memory: 883200K Free: 250520K (28%)
----------------- Invoking toplevel() on ptolemy.moml.MoMLSimpleApplication@24af6d53
----------------- Done invoking toplevel() on ptolemy.moml.MoMLSimpleApplication@24af6d53
reloadAllAccessors: .DiscreteClock2

===========================================================================================
----------------- testing Fri Dec 28 03:07:26 UTC 2018 /home/travis/build/icyphy/ptII/ptolemy/actor/lib/test/auto/DiscreteClock20.xml
----------------- Instantiating /home/travis/build/icyphy/ptII/ptolemy/actor/lib/test/auto/DiscreteClock20.xml
6 ms. Memory: 883200K Free: 233615K (26%)
----------------- Invoking toplevel() on ptolemy.moml.MoMLSimpleApplication@68f5ab00
----------------- Done invoking toplevel() on ptolemy.moml.MoMLSimpleApplication@68f5ab00
reloadAllAccessors: .DiscreteClock20

===========================================================================================
----------------- testing Fri Dec 28 03:07:26 UTC 2018 /home/travis/build/icyphy/ptII/ptolemy/actor/lib/test/auto/DiscreteClock21.xml
----------------- Instantiating /home/travis/build/icyphy/ptII/ptolemy/actor/lib/test/auto/DiscreteClock21.xml
7 ms. Memory: 883200K Free: 223184K (25%)
----------------- Invoking toplevel() on ptolemy.moml.MoMLSimpleApplication@4cec265c
----------------- Done invoking toplevel() on ptolemy.moml.MoMLSimpleApplication@4cec265c
reloadAllAccessors: .DiscreteClock21

===========================================================================================
----------------- testing Fri Dec 28 03:07:26 UTC 2018 /home/travis/build/icyphy/ptII/ptolemy/actor/lib/test/auto/DiscreteClock22.xml
----------------- Instantiating /home/travis/build/icyphy/ptII/ptolemy/actor/lib/test/auto/DiscreteClock22.xml
7 ms. Memory: 883200K Free: 206279K (23%)
----------------- Invoking toplevel() on ptolemy.moml.MoMLSimpleApplication@50722273
----------------- Done invoking toplevel() on ptolemy.moml.MoMLSimpleApplication@50722273
reloadAllAccessors: .DiscreteClock22

===========================================================================================
----------------- testing Fri Dec 28 03:07:26 UTC 2018 /home/travis/build/icyphy/ptII/ptolemy/actor/lib/test/auto/DiscreteClock23.xml
----------------- Instantiating /home/travis/build/icyphy/ptII/ptolemy/actor/lib/test/auto/DiscreteClock23.xml
11 ms. Memory: 883200K Free: 195848K (22%)
----------------- Invoking toplevel() on ptolemy.moml.MoMLSimpleApplication@6a8f9b7c
----------------- Done invoking toplevel() on ptolemy.moml.MoMLSimpleApplication@6a8f9b7c
reloadAllAccessors: .DiscreteClock23

===========================================================================================
----------------- testing Fri Dec 28 03:07:26 UTC 2018 /home/travis/build/icyphy/ptII/ptolemy/actor/lib/test/auto/DiscreteClock24.xml
----------------- Instantiating /home/travis/build/icyphy/ptII/ptolemy/actor/lib/test/auto/DiscreteClock24.xml
3 ms. Memory: 883200K Free: 185417K (21%)
----------------- Invoking toplevel() on ptolemy.moml.MoMLSimpleApplication@2af398e7
----------------- Done invoking toplevel() on ptolemy.moml.MoMLSimpleApplication@2af398e7
reloadAllAccessors: .DiscreteClock24

===========================================================================================
----------------- testing Fri Dec 28 03:07:26 UTC 2018 /home/travis/build/icyphy/ptII/ptolemy/actor/lib/test/auto/DiscreteClock4.xml
----------------- Instantiating /home/travis/build/icyphy/ptII/ptolemy/actor/lib/test/auto/DiscreteClock4.xml
4 ms. Memory: 883200K Free: 168512K (19%)
----------------- Invoking toplevel() on ptolemy.moml.MoMLSimpleApplication@51e7cec6
----------------- Done invoking toplevel() on ptolemy.moml.MoMLSimpleApplication@51e7cec6
reloadAllAccessors: .DiscreteClock4

===========================================================================================
----------------- testing Fri Dec 28 03:07:26 UTC 2018 /home/travis/build/icyphy/ptII/ptolemy/actor/lib/test/auto/DiscreteClock5.xml
----------------- Instantiating /home/travis/build/icyphy/ptII/ptolemy/actor/lib/test/auto/DiscreteClock5.xml
2 ms. Memory: 883200K Free: 158081K (18%)
----------------- Invoking toplevel() on ptolemy.moml.MoMLSimpleApplication@5c3b0802
----------------- Done invoking toplevel() on ptolemy.moml.MoMLSimpleApplication@5c3b0802
reloadAllAccessors: .DiscreteClock5

===========================================================================================
----------------- testing Fri Dec 28 03:07:26 UTC 2018 /home/travis/build/icyphy/ptII/ptolemy/actor/lib/test/auto/DiscreteClock6.xml
----------------- Instantiating /home/travis/build/icyphy/ptII/ptolemy/actor/lib/test/auto/DiscreteClock6.xml
1 ms. Memory: 883200K Free: 147650K (17%)
----------------- Invoking toplevel() on ptolemy.moml.MoMLSimpleApplication@3ce49b54
----------------- Done invoking toplevel() on ptolemy.moml.MoMLSimpleApplication@3ce49b54
reloadAllAccessors: .DiscreteClock6

===========================================================================================
----------------- testing Fri Dec 28 03:07:26 UTC 2018 /home/travis/build/icyphy/ptII/ptolemy/actor/lib/test/auto/DiscreteClock7.xml
----------------- Instantiating /home/travis/build/icyphy/ptII/ptolemy/actor/lib/test/auto/DiscreteClock7.xml
1 ms. Memory: 883200K Free: 130745K (15%)
----------------- Invoking toplevel() on ptolemy.moml.MoMLSimpleApplication@450e85db
----------------- Done invoking toplevel() on ptolemy.moml.MoMLSimpleApplication@450e85db
reloadAllAccessors: .DiscreteClock7

===========================================================================================
----------------- testing Fri Dec 28 03:07:26 UTC 2018 /home/travis/build/icyphy/ptII/ptolemy/actor/lib/test/auto/DiscreteClock8.xml
----------------- Instantiating /home/travis/build/icyphy/ptII/ptolemy/actor/lib/test/auto/DiscreteClock8.xml
7 ms. Memory: 883200K Free: 120314K (14%)
----------------- Invoking toplevel() on ptolemy.moml.MoMLSimpleApplication@2b367e58
----------------- Done invoking toplevel() on ptolemy.moml.MoMLSimpleApplication@2b367e58
reloadAllAccessors: .DiscreteClock8

===========================================================================================
----------------- testing Fri Dec 28 03:07:26 UTC 2018 /home/travis/build/icyphy/ptII/ptolemy/actor/lib/test/auto/DiscreteClock9.xml
----------------- Instantiating /home/travis/build/icyphy/ptII/ptolemy/actor/lib/test/auto/DiscreteClock9.xml
7 ms. Memory: 883200K Free: 109882K (12%)
----------------- Invoking toplevel() on ptolemy.moml.MoMLSimpleApplication@13cdc893
----------------- Done invoking toplevel() on ptolemy.moml.MoMLSimpleApplication@13cdc893
reloadAllAccessors: .DiscreteClock9

===========================================================================================
----------------- testing Fri Dec 28 03:07:26 UTC 2018 /home/travis/build/icyphy/ptII/ptolemy/actor/lib/test/auto/DisplayArray.xml
----------------- Instantiating /home/travis/build/icyphy/ptII/ptolemy/actor/lib/test/auto/DisplayArray.xml
3 ms. Memory: 883200K Free: 92977K (11%)
----------------- Invoking toplevel() on ptolemy.moml.MoMLSimpleApplication@3102284f
----------------- Done invoking toplevel() on ptolemy.moml.MoMLSimpleApplication@3102284f
reloadAllAccessors: .DisplayArray

===========================================================================================
----------------- testing Fri Dec 28 03:07:26 UTC 2018 /home/travis/build/icyphy/ptII/ptolemy/actor/lib/test/auto/Distributor.xml
----------------- Instantiating /home/travis/build/icyphy/ptII/ptolemy/actor/lib/test/auto/Distributor.xml
1 ms. Memory: 1369600K Free: 1311754K (96%)
----------------- Invoking toplevel() on ptolemy.moml.MoMLSimpleApplication@c50a01
----------------- Done invoking toplevel() on ptolemy.moml.MoMLSimpleApplication@c50a01
reloadAllAccessors: .Distributor

===========================================================================================
----------------- testing Fri Dec 28 03:07:27 UTC 2018 /home/travis/build/icyphy/ptII/ptolemy/actor/lib/test/auto/Distributor2.xml
----------------- Instantiating /home/travis/build/icyphy/ptII/ptolemy/actor/lib/test/auto/Distributor2.xml
1 ms. Memory: 1369600K Free: 1286948K (94%)
----------------- Invoking toplevel() on ptolemy.moml.MoMLSimpleApplication@48b121be
----------------- Done invoking toplevel() on ptolemy.moml.MoMLSimpleApplication@48b121be
reloadAllAccessors: .Distributor2

===========================================================================================
----------------- testing Fri Dec 28 03:07:27 UTC 2018 /home/travis/build/icyphy/ptII/ptolemy/actor/lib/test/auto/DownSample.xml
----------------- Instantiating /home/travis/build/icyphy/ptII/ptolemy/actor/lib/test/auto/DownSample.xml
2 ms. Memory: 1369600K Free: 1270264K (93%)
----------------- Invoking toplevel() on ptolemy.moml.MoMLSimpleApplication@4262c4aa
----------------- Done invoking toplevel() on ptolemy.moml.MoMLSimpleApplication@4262c4aa
reloadAllAccessors: .DownSample

===========================================================================================
----------------- testing Fri Dec 28 03:07:27 UTC 2018 /home/travis/build/icyphy/ptII/ptolemy/actor/lib/test/auto/ElectronicUnitBase1.xml
----------------- Instantiating /home/travis/build/icyphy/ptII/ptolemy/actor/lib/test/auto/ElectronicUnitBase1.xml
17 ms. Memory: 1369600K Free: 1245221K (91%)
----------------- Invoking toplevel() on ptolemy.moml.MoMLSimpleApplication@31e35faf
----------------- Done invoking toplevel() on ptolemy.moml.MoMLSimpleApplication@31e35faf
reloadAllAccessors: .ElectronicUnitBase1

===========================================================================================
----------------- testing Fri Dec 28 03:07:27 UTC 2018 /home/travis/build/icyphy/ptII/ptolemy/actor/lib/test/auto/ElementsToArray.xml
----------------- Instantiating /home/travis/build/icyphy/ptII/ptolemy/actor/lib/test/auto/ElementsToArray.xml
3 ms. Memory: 1369600K Free: 1220415K (89%)
----------------- Invoking toplevel() on ptolemy.moml.MoMLSimpleApplication@10adf8b
----------------- Done invoking toplevel() on ptolemy.moml.MoMLSimpleApplication@10adf8b
reloadAllAccessors: .ElementsToArray

===========================================================================================
----------------- testing Fri Dec 28 03:07:27 UTC 2018 /home/travis/build/icyphy/ptII/ptolemy/actor/lib/test/auto/Equals.xml
----------------- Instantiating /home/travis/build/icyphy/ptII/ptolemy/actor/lib/test/auto/Equals.xml
3 ms. Memory: 1369600K Free: 1203731K (88%)
----------------- Invoking toplevel() on ptolemy.moml.MoMLSimpleApplication@330c3603
----------------- Done invoking toplevel() on ptolemy.moml.MoMLSimpleApplication@330c3603
reloadAllAccessors: .Equals

===========================================================================================
----------------- testing Fri Dec 28 03:07:27 UTC 2018 /home/travis/build/icyphy/ptII/ptolemy/actor/lib/test/auto/Exec.xml
----------------- Instantiating /home/travis/build/icyphy/ptII/ptolemy/actor/lib/test/auto/Exec.xml
10 ms. Memory: 1369600K Free: 1174533K (86%)
----------------- Invoking toplevel() on ptolemy.moml.MoMLSimpleApplication@1b798559
----------------- Done invoking toplevel() on ptolemy.moml.MoMLSimpleApplication@1b798559
reloadAllAccessors: .Exec

===========================================================================================
----------------- testing Fri Dec 28 03:07:27 UTC 2018 /home/travis/build/icyphy/ptII/ptolemy/actor/lib/test/auto/ExecEnvironment.xml
----------------- Instantiating /home/travis/build/icyphy/ptII/ptolemy/actor/lib/test/auto/ExecEnvironment.xml
27 ms. Memory: 1369600K Free: 1149727K (84%)
----------------- Invoking toplevel() on ptolemy.moml.MoMLSimpleApplication@530030c4
----------------- Done invoking toplevel() on ptolemy.moml.MoMLSimpleApplication@530030c4
reloadAllAccessors: .ExecEnvironment

===========================================================================================
----------------- testing Fri Dec 28 03:07:27 UTC 2018 /home/travis/build/icyphy/ptII/ptolemy/actor/lib/test/auto/ExecNonZeroReturnOutput.xml
----------------- Instantiating /home/travis/build/icyphy/ptII/ptolemy/actor/lib/test/auto/ExecNonZeroReturnOutput.xml
127 ms. Memory: 1369600K Free: 1024593K (75%)
----------------- Invoking toplevel() on ptolemy.moml.MoMLSimpleApplication@2bd9006
----------------- Done invoking toplevel() on ptolemy.moml.MoMLSimpleApplication@2bd9006
reloadAllAccessors: .ExecNonZeroReturnOutput

===========================================================================================
----------------- testing Fri Dec 28 03:07:27 UTC 2018 /home/travis/build/icyphy/ptII/ptolemy/actor/lib/test/auto/ExecRunDemos.xml
----------------- Instantiating /home/travis/build/icyphy/ptII/ptolemy/actor/lib/test/auto/ExecRunDemos.xml
Finished: 56 ms. Memory: 116224K Free: 100086K (86%)

Finished: 32 ms. Memory: 116224K Free: 96358K (83%)

Finished: 75 ms. Memory: 116224K Free: 96891K (83%)

Finished: 53 ms. Memory: 116224K Free: 98268K (85%)

Finished: 35 ms. Memory: 116224K Free: 99505K (86%)

9395 ms. Memory: 1369600K Free: 915958K (67%)
----------------- Invoking toplevel() on ptolemy.moml.MoMLSimpleApplication@5c2d9aeb
----------------- Done invoking toplevel() on ptolemy.moml.MoMLSimpleApplication@5c2d9aeb
reloadAllAccessors: .ExecRunDemos

===========================================================================================
----------------- testing Fri Dec 28 03:07:37 UTC 2018 /home/travis/build/icyphy/ptII/ptolemy/actor/lib/test/auto/ExecStop.xml
----------------- Instantiating /home/travis/build/icyphy/ptII/ptolemy/actor/lib/test/auto/ExecStop.xml
5016 ms. Memory: 1369600K Free: 699060K (51%)
----------------- Invoking toplevel() on ptolemy.moml.MoMLSimpleApplication@9521229
----------------- Done invoking toplevel() on ptolemy.moml.MoMLSimpleApplication@9521229
reloadAllAccessors: .ExecStop

===========================================================================================
----------------- testing Fri Dec 28 03:07:42 UTC 2018 /home/travis/build/icyphy/ptII/ptolemy/actor/lib/test/auto/ExecutionTimeSDF.xml
----------------- Instantiating /home/travis/build/icyphy/ptII/ptolemy/actor/lib/test/auto/ExecutionTimeSDF.xml
Fired ExecutionTime: 2099200000
Fired ExecutionTime: 965600000
Fired ExecutionTime: -1666967296
6009 ms. Memory: 1369600K Free: 665896K (49%)
----------------- Invoking toplevel() on ptolemy.moml.MoMLSimpleApplication@4894e5a8
----------------- Done invoking toplevel() on ptolemy.moml.MoMLSimpleApplication@4894e5a8
reloadAllAccessors: .ExecutionTimeSDF

===========================================================================================
----------------- testing Fri Dec 28 03:07:48 UTC 2018 /home/travis/build/icyphy/ptII/ptolemy/actor/lib/test/auto/Expression1.xml
----------------- Instantiating /home/travis/build/icyphy/ptII/ptolemy/actor/lib/test/auto/Expression1.xml
1 ms. Memory: 1369600K Free: 649211K (47%)
----------------- Invoking toplevel() on ptolemy.moml.MoMLSimpleApplication@5d4a3fbd
----------------- Done invoking toplevel() on ptolemy.moml.MoMLSimpleApplication@5d4a3fbd
reloadAllAccessors: .Expression1

===========================================================================================
----------------- testing Fri Dec 28 03:07:48 UTC 2018 /home/travis/build/icyphy/ptII/ptolemy/actor/lib/test/auto/Expression10.xml
----------------- Instantiating /home/travis/build/icyphy/ptII/ptolemy/actor/lib/test/auto/Expression10.xml
4 ms. Memory: 1369600K Free: 632527K (46%)
----------------- Invoking toplevel() on ptolemy.moml.MoMLSimpleApplication@28dfee02
----------------- Done invoking toplevel() on ptolemy.moml.MoMLSimpleApplication@28dfee02
reloadAllAccessors: .Expression10

===========================================================================================
----------------- testing Fri Dec 28 03:07:48 UTC 2018 /home/travis/build/icyphy/ptII/ptolemy/actor/lib/test/auto/Expression11.xml
----------------- Instantiating /home/travis/build/icyphy/ptII/ptolemy/actor/lib/test/auto/Expression11.xml
2 ms. Memory: 1369600K Free: 607721K (44%)
----------------- Invoking toplevel() on ptolemy.moml.MoMLSimpleApplication@5f7b6c48
----------------- Done invoking toplevel() on ptolemy.moml.MoMLSimpleApplication@5f7b6c48
reloadAllAccessors: .Expression11

===========================================================================================
----------------- testing Fri Dec 28 03:07:48 UTC 2018 /home/travis/build/icyphy/ptII/ptolemy/actor/lib/test/auto/Expression12.xml
----------------- Instantiating /home/travis/build/icyphy/ptII/ptolemy/actor/lib/test/auto/Expression12.xml
2 ms. Memory: 1369600K Free: 591036K (43%)
----------------- Invoking toplevel() on ptolemy.moml.MoMLSimpleApplication@9c46f50
----------------- Done invoking toplevel() on ptolemy.moml.MoMLSimpleApplication@9c46f50
reloadAllAccessors: .Expression12

===========================================================================================
----------------- testing Fri Dec 28 03:07:48 UTC 2018 /home/travis/build/icyphy/ptII/ptolemy/actor/lib/test/auto/Expression13.xml
----------------- Instantiating /home/travis/build/icyphy/ptII/ptolemy/actor/lib/test/auto/Expression13.xml
3 ms. Memory: 1369600K Free: 574352K (42%)
----------------- Invoking toplevel() on ptolemy.moml.MoMLSimpleApplication@3f0afead
----------------- Done invoking toplevel() on ptolemy.moml.MoMLSimpleApplication@3f0afead
reloadAllAccessors: .Expression13

===========================================================================================
----------------- testing Fri Dec 28 03:07:48 UTC 2018 /home/travis/build/icyphy/ptII/ptolemy/actor/lib/test/auto/Expression14.xml
----------------- Instantiating /home/travis/build/icyphy/ptII/ptolemy/actor/lib/test/auto/Expression14.xml
4 ms. Memory: 1369600K Free: 557668K (41%)
----------------- Invoking toplevel() on ptolemy.moml.MoMLSimpleApplication@53c90356
----------------- Done invoking toplevel() on ptolemy.moml.MoMLSimpleApplication@53c90356
reloadAllAccessors: .Expression14

===========================================================================================
----------------- testing Fri Dec 28 03:07:48 UTC 2018 /home/travis/build/icyphy/ptII/ptolemy/actor/lib/test/auto/Expression15.xml
----------------- Instantiating /home/travis/build/icyphy/ptII/ptolemy/actor/lib/test/auto/Expression15.xml
2 ms. Memory: 1369600K Free: 532861K (39%)
----------------- Invoking toplevel() on ptolemy.moml.MoMLSimpleApplication@168170ab
----------------- Done invoking toplevel() on ptolemy.moml.MoMLSimpleApplication@168170ab
reloadAllAccessors: .Expression15

===========================================================================================
----------------- testing Fri Dec 28 03:07:48 UTC 2018 /home/travis/build/icyphy/ptII/ptolemy/actor/lib/test/auto/Expression16.xml
----------------- Instantiating /home/travis/build/icyphy/ptII/ptolemy/actor/lib/test/auto/Expression16.xml
3 ms. Memory: 1369600K Free: 516177K (38%)
----------------- Invoking toplevel() on ptolemy.moml.MoMLSimpleApplication@46af79a9
----------------- Done invoking toplevel() on ptolemy.moml.MoMLSimpleApplication@46af79a9
reloadAllAccessors: .Expression16

===========================================================================================
----------------- testing Fri Dec 28 03:07:48 UTC 2018 /home/travis/build/icyphy/ptII/ptolemy/actor/lib/test/auto/Expression17.xml
----------------- Instantiating /home/travis/build/icyphy/ptII/ptolemy/actor/lib/test/auto/Expression17.xml
2 ms. Memory: 1369600K Free: 499492K (36%)
----------------- Invoking toplevel() on ptolemy.moml.MoMLSimpleApplication@5de1ca10
----------------- Done invoking toplevel() on ptolemy.moml.MoMLSimpleApplication@5de1ca10
reloadAllAccessors: .Expression17

===========================================================================================
----------------- testing Fri Dec 28 03:07:48 UTC 2018 /home/travis/build/icyphy/ptII/ptolemy/actor/lib/test/auto/Expression18.xml
----------------- Instantiating /home/travis/build/icyphy/ptII/ptolemy/actor/lib/test/auto/Expression18.xml
1 ms. Memory: 1369600K Free: 474687K (35%)
----------------- Invoking toplevel() on ptolemy.moml.MoMLSimpleApplication@628b8aed
----------------- Done invoking toplevel() on ptolemy.moml.MoMLSimpleApplication@628b8aed
reloadAllAccessors: .Expression18

===========================================================================================
----------------- testing Fri Dec 28 03:07:48 UTC 2018 /home/travis/build/icyphy/ptII/ptolemy/actor/lib/test/auto/Expression2.xml
----------------- Instantiating /home/travis/build/icyphy/ptII/ptolemy/actor/lib/test/auto/Expression2.xml
4 ms. Memory: 1369600K Free: 458002K (33%)
----------------- Invoking toplevel() on ptolemy.moml.MoMLSimpleApplication@37e31b26
----------------- Done invoking toplevel() on ptolemy.moml.MoMLSimpleApplication@37e31b26
reloadAllAccessors: .Expression2

===========================================================================================
----------------- testing Fri Dec 28 03:07:48 UTC 2018 /home/travis/build/icyphy/ptII/ptolemy/actor/lib/test/auto/Expression3.xml
----------------- Instantiating /home/travis/build/icyphy/ptII/ptolemy/actor/lib/test/auto/Expression3.xml
4 ms. Memory: 1369600K Free: 441318K (32%)
----------------- Invoking toplevel() on ptolemy.moml.MoMLSimpleApplication@61dae61
----------------- Done invoking toplevel() on ptolemy.moml.MoMLSimpleApplication@61dae61
reloadAllAccessors: .Expression3

===========================================================================================
----------------- testing Fri Dec 28 03:07:48 UTC 2018 /home/travis/build/icyphy/ptII/ptolemy/actor/lib/test/auto/Expression4.xml
----------------- Instantiating /home/travis/build/icyphy/ptII/ptolemy/actor/lib/test/auto/Expression4.xml
4 ms. Memory: 1369600K Free: 424633K (31%)
----------------- Invoking toplevel() on ptolemy.moml.MoMLSimpleApplication@48e8b78f
----------------- Done invoking toplevel() on ptolemy.moml.MoMLSimpleApplication@48e8b78f
reloadAllAccessors: .Expression4

===========================================================================================
----------------- testing Fri Dec 28 03:07:48 UTC 2018 /home/travis/build/icyphy/ptII/ptolemy/actor/lib/test/auto/Expression5.xml
----------------- Instantiating /home/travis/build/icyphy/ptII/ptolemy/actor/lib/test/auto/Expression5.xml
3 ms. Memory: 1369600K Free: 399827K (29%)
----------------- Invoking toplevel() on ptolemy.moml.MoMLSimpleApplication@1b10f39d
----------------- Done invoking toplevel() on ptolemy.moml.MoMLSimpleApplication@1b10f39d
reloadAllAccessors: .Expression5

===========================================================================================
----------------- testing Fri Dec 28 03:07:48 UTC 2018 /home/travis/build/icyphy/ptII/ptolemy/actor/lib/test/auto/Expression6.xml
----------------- Instantiating /home/travis/build/icyphy/ptII/ptolemy/actor/lib/test/auto/Expression6.xml
3 ms. Memory: 1369600K Free: 383143K (28%)
----------------- Invoking toplevel() on ptolemy.moml.MoMLSimpleApplication@5f8a85f0
----------------- Done invoking toplevel() on ptolemy.moml.MoMLSimpleApplication@5f8a85f0
reloadAllAccessors: .Expression6

===========================================================================================
----------------- testing Fri Dec 28 03:07:48 UTC 2018 /home/travis/build/icyphy/ptII/ptolemy/actor/lib/test/auto/Expression7.xml
----------------- Instantiating /home/travis/build/icyphy/ptII/ptolemy/actor/lib/test/auto/Expression7.xml
2 ms. Memory: 1369600K Free: 366459K (27%)
----------------- Invoking toplevel() on ptolemy.moml.MoMLSimpleApplication@6d452965
----------------- Done invoking toplevel() on ptolemy.moml.MoMLSimpleApplication@6d452965
reloadAllAccessors: .Expression7

===========================================================================================
----------------- testing Fri Dec 28 03:07:48 UTC 2018 /home/travis/build/icyphy/ptII/ptolemy/actor/lib/test/auto/Expression8.xml
----------------- Instantiating /home/travis/build/icyphy/ptII/ptolemy/actor/lib/test/auto/Expression8.xml
4 ms. Memory: 1369600K Free: 349774K (26%)
----------------- Invoking toplevel() on ptolemy.moml.MoMLSimpleApplication@71d6ef5b
----------------- Done invoking toplevel() on ptolemy.moml.MoMLSimpleApplication@71d6ef5b
reloadAllAccessors: .Expression8

===========================================================================================
----------------- testing Fri Dec 28 03:07:48 UTC 2018 /home/travis/build/icyphy/ptII/ptolemy/actor/lib/test/auto/Expression9.xml
----------------- Instantiating /home/travis/build/icyphy/ptII/ptolemy/actor/lib/test/auto/Expression9.xml
2 ms. Memory: 1369600K Free: 324968K (24%)
----------------- Invoking toplevel() on ptolemy.moml.MoMLSimpleApplication@2579ef50
----------------- Done invoking toplevel() on ptolemy.moml.MoMLSimpleApplication@2579ef50
reloadAllAccessors: .Expression9

===========================================================================================
----------------- testing Fri Dec 28 03:07:48 UTC 2018 /home/travis/build/icyphy/ptII/ptolemy/actor/lib/test/auto/ExpressionConcatenateArrayType.xml
----------------- Instantiating /home/travis/build/icyphy/ptII/ptolemy/actor/lib/test/auto/ExpressionConcatenateArrayType.xml
2 ms. Memory: 1369600K Free: 308283K (23%)
----------------- Invoking toplevel() on ptolemy.moml.MoMLSimpleApplication@1fd42f9c
----------------- Done invoking toplevel() on ptolemy.moml.MoMLSimpleApplication@1fd42f9c
reloadAllAccessors: .ExpressionConcatenateArrayType

===========================================================================================
----------------- testing Fri Dec 28 03:07:48 UTC 2018 /home/travis/build/icyphy/ptII/ptolemy/actor/lib/test/auto/ExpressionConcatenateArrayType2.xml
----------------- Instantiating /home/travis/build/icyphy/ptII/ptolemy/actor/lib/test/auto/ExpressionConcatenateArrayType2.xml
2 ms. Memory: 1369600K Free: 291599K (21%)
----------------- Invoking toplevel() on ptolemy.moml.MoMLSimpleApplication@30e8a821
----------------- Done invoking toplevel() on ptolemy.moml.MoMLSimpleApplication@30e8a821
reloadAllAccessors: .ExpressionConcatenateArrayType2

===========================================================================================
----------------- testing Fri Dec 28 03:07:48 UTC 2018 /home/travis/build/icyphy/ptII/ptolemy/actor/lib/test/auto/ExpressionFix.xml
----------------- Instantiating /home/travis/build/icyphy/ptII/ptolemy/actor/lib/test/auto/ExpressionFix.xml
22 ms. Memory: 1369600K Free: 266793K (19%)
----------------- Invoking toplevel() on ptolemy.moml.MoMLSimpleApplication@19a1534
----------------- Done invoking toplevel() on ptolemy.moml.MoMLSimpleApplication@19a1534
reloadAllAccessors: .ExpressionFix

===========================================================================================
----------------- testing Fri Dec 28 03:07:48 UTC 2018 /home/travis/build/icyphy/ptII/ptolemy/actor/lib/test/auto/ExpressionFix2.xml
----------------- Instantiating /home/travis/build/icyphy/ptII/ptolemy/actor/lib/test/auto/ExpressionFix2.xml
4 ms. Memory: 1369600K Free: 241975K (18%)
----------------- Invoking toplevel() on ptolemy.moml.MoMLSimpleApplication@6394d573
----------------- Done invoking toplevel() on ptolemy.moml.MoMLSimpleApplication@6394d573
reloadAllAccessors: .ExpressionFix2

===========================================================================================
----------------- testing Fri Dec 28 03:07:48 UTC 2018 /home/travis/build/icyphy/ptII/ptolemy/actor/lib/test/auto/ExpressionFix3.xml
----------------- Instantiating /home/travis/build/icyphy/ptII/ptolemy/actor/lib/test/auto/ExpressionFix3.xml
3 ms. Memory: 1369600K Free: 225290K (16%)
----------------- Invoking toplevel() on ptolemy.moml.MoMLSimpleApplication@19e284c3
----------------- Done invoking toplevel() on ptolemy.moml.MoMLSimpleApplication@19e284c3
reloadAllAccessors: .ExpressionFix3

===========================================================================================
----------------- testing Fri Dec 28 03:07:48 UTC 2018 /home/travis/build/icyphy/ptII/ptolemy/actor/lib/test/auto/FileWriter1.xml
----------------- Instantiating /home/travis/build/icyphy/ptII/ptolemy/actor/lib/test/auto/FileWriter1.xml
2 ms. Memory: 1369600K Free: 208606K (15%)
----------------- Invoking toplevel() on ptolemy.moml.MoMLSimpleApplication@40dbcfaa
----------------- Done invoking toplevel() on ptolemy.moml.MoMLSimpleApplication@40dbcfaa
reloadAllAccessors: .FileWriter1

===========================================================================================
----------------- testing Fri Dec 28 03:07:48 UTC 2018 /home/travis/build/icyphy/ptII/ptolemy/actor/lib/test/auto/FileWriter2.xml
----------------- Instantiating /home/travis/build/icyphy/ptII/ptolemy/actor/lib/test/auto/FileWriter2.xml
2 ms. Memory: 1369600K Free: 183800K (13%)
----------------- Invoking toplevel() on ptolemy.moml.MoMLSimpleApplication@1b30dc97
----------------- Done invoking toplevel() on ptolemy.moml.MoMLSimpleApplication@1b30dc97
reloadAllAccessors: .FileWriter2

===========================================================================================
----------------- testing Fri Dec 28 03:07:48 UTC 2018 /home/travis/build/icyphy/ptII/ptolemy/actor/lib/test/auto/FileWriter3.xml
----------------- Instantiating /home/travis/build/icyphy/ptII/ptolemy/actor/lib/test/auto/FileWriter3.xml
2 ms. Memory: 1369600K Free: 167115K (12%)
----------------- Invoking toplevel() on ptolemy.moml.MoMLSimpleApplication@72d20483
----------------- Done invoking toplevel() on ptolemy.moml.MoMLSimpleApplication@72d20483
reloadAllAccessors: .FileWriter3

===========================================================================================
----------------- testing Fri Dec 28 03:07:48 UTC 2018 /home/travis/build/icyphy/ptII/ptolemy/actor/lib/test/auto/Gaussian.xml
----------------- Instantiating /home/travis/build/icyphy/ptII/ptolemy/actor/lib/test/auto/Gaussian.xml
7 ms. Memory: 1369600K Free: 150431K (11%)
----------------- Invoking toplevel() on ptolemy.moml.MoMLSimpleApplication@7ab1f1d0
----------------- Done invoking toplevel() on ptolemy.moml.MoMLSimpleApplication@7ab1f1d0
reloadAllAccessors: .Gaussian

===========================================================================================
----------------- testing Fri Dec 28 03:07:48 UTC 2018 /home/travis/build/icyphy/ptII/ptolemy/actor/lib/test/auto/Gaussian1.xml
----------------- Instantiating /home/travis/build/icyphy/ptII/ptolemy/actor/lib/test/auto/Gaussian1.xml
9 ms. Memory: 1369600K Free: 125625K (9%)
----------------- Invoking toplevel() on ptolemy.moml.MoMLSimpleApplication@5f9a2016
----------------- Done invoking toplevel() on ptolemy.moml.MoMLSimpleApplication@5f9a2016
reloadAllAccessors: .Gaussian1

===========================================================================================
----------------- testing Fri Dec 28 03:07:48 UTC 2018 /home/travis/build/icyphy/ptII/ptolemy/actor/lib/test/auto/Gaussian2.xml
----------------- Instantiating /home/travis/build/icyphy/ptII/ptolemy/actor/lib/test/auto/Gaussian2.xml
3 ms. Memory: 1369600K Free: 108940K (8%)
----------------- Invoking toplevel() on ptolemy.moml.MoMLSimpleApplication@52873d8d
----------------- Done invoking toplevel() on ptolemy.moml.MoMLSimpleApplication@52873d8d
reloadAllAccessors: .Gaussian2

===========================================================================================
----------------- testing Fri Dec 28 03:07:48 UTC 2018 /home/travis/build/icyphy/ptII/ptolemy/actor/lib/test/auto/GradientAdaptiveLattice.xml
----------------- Instantiating /home/travis/build/icyphy/ptII/ptolemy/actor/lib/test/auto/GradientAdaptiveLattice.xml
3 ms. Memory: 1369600K Free: 92256K (7%)
----------------- Invoking toplevel() on ptolemy.moml.MoMLSimpleApplication@63dd4d36
----------------- Done invoking toplevel() on ptolemy.moml.MoMLSimpleApplication@63dd4d36
reloadAllAccessors: .GradientAdaptiveLattice

===========================================================================================
----------------- testing Fri Dec 28 03:07:48 UTC 2018 /home/travis/build/icyphy/ptII/ptolemy/actor/lib/test/auto/IIR.xml
----------------- Instantiating /home/travis/build/icyphy/ptII/ptolemy/actor/lib/test/auto/IIR.xml
1 ms. Memory: 1369600K Free: 81073K (6%)
----------------- Invoking toplevel() on ptolemy.moml.MoMLSimpleApplication@218faa05
----------------- Done invoking toplevel() on ptolemy.moml.MoMLSimpleApplication@218faa05
reloadAllAccessors: .IIR

===========================================================================================
----------------- testing Fri Dec 28 03:07:48 UTC 2018 /home/travis/build/icyphy/ptII/ptolemy/actor/lib/test/auto/InputOutputTransparentPorts.xml
----------------- Instantiating /home/travis/build/icyphy/ptII/ptolemy/actor/lib/test/auto/InputOutputTransparentPorts.xml
4 ms. Memory: 1370112K Free: 1313474K (96%)
----------------- Invoking toplevel() on ptolemy.moml.MoMLSimpleApplication@3144bee0
----------------- Done invoking toplevel() on ptolemy.moml.MoMLSimpleApplication@3144bee0
reloadAllAccessors: .InputOutputTransparentPorts

===========================================================================================
----------------- testing Fri Dec 28 03:07:48 UTC 2018 /home/travis/build/icyphy/ptII/ptolemy/actor/lib/test/auto/Interpolator.xml
----------------- Instantiating /home/travis/build/icyphy/ptII/ptolemy/actor/lib/test/auto/Interpolator.xml
4 ms. Memory: 1370112K Free: 1300961K (95%)
----------------- Invoking toplevel() on ptolemy.moml.MoMLSimpleApplication@33f65266
----------------- Done invoking toplevel() on ptolemy.moml.MoMLSimpleApplication@33f65266
reloadAllAccessors: .Interpolator

===========================================================================================
----------------- testing Fri Dec 28 03:07:48 UTC 2018 /home/travis/build/icyphy/ptII/ptolemy/actor/lib/test/auto/InterpolatorFiringLimitDE.xml
----------------- Instantiating /home/travis/build/icyphy/ptII/ptolemy/actor/lib/test/auto/InterpolatorFiringLimitDE.xml
2 ms. Memory: 1370112K Free: 1288448K (94%)
----------------- Invoking toplevel() on ptolemy.moml.MoMLSimpleApplication@778b1861
----------------- Done invoking toplevel() on ptolemy.moml.MoMLSimpleApplication@778b1861
reloadAllAccessors: .InterpolatorFiringLimitDE

===========================================================================================
----------------- testing Fri Dec 28 03:07:48 UTC 2018 /home/travis/build/icyphy/ptII/ptolemy/actor/lib/test/auto/Lattice.xml
----------------- Instantiating /home/travis/build/icyphy/ptII/ptolemy/actor/lib/test/auto/Lattice.xml
1 ms. Memory: 1370112K Free: 1269973K (93%)
----------------- Invoking toplevel() on ptolemy.moml.MoMLSimpleApplication@78e9a629
----------------- Done invoking toplevel() on ptolemy.moml.MoMLSimpleApplication@78e9a629
reloadAllAccessors: .Lattice

===========================================================================================
----------------- testing Fri Dec 28 03:07:48 UTC 2018 /home/travis/build/icyphy/ptII/ptolemy/actor/lib/test/auto/LazyAOCTestLazy.xml
----------------- Instantiating /home/travis/build/icyphy/ptII/ptolemy/actor/lib/test/auto/LazyAOCTestLazy.xml
15 ms. Memory: 1370112K Free: 1257460K (92%)
----------------- Invoking toplevel() on ptolemy.moml.MoMLSimpleApplication@2fd23cbe
----------------- Done invoking toplevel() on ptolemy.moml.MoMLSimpleApplication@2fd23cbe
reloadAllAccessors: .LazyAOCTestLazy

===========================================================================================
----------------- testing Fri Dec 28 03:07:48 UTC 2018 /home/travis/build/icyphy/ptII/ptolemy/actor/lib/test/auto/LazyAOCTestNonLazy.xml
----------------- Instantiating /home/travis/build/icyphy/ptII/ptolemy/actor/lib/test/auto/LazyAOCTestNonLazy.xml
6 ms. Memory: 1370112K Free: 1238985K (90%)
----------------- Invoking toplevel() on ptolemy.moml.MoMLSimpleApplication@3354dca1
----------------- Done invoking toplevel() on ptolemy.moml.MoMLSimpleApplication@3354dca1
reloadAllAccessors: .LazyAOCTestNonLazy

===========================================================================================
----------------- testing Fri Dec 28 03:07:49 UTC 2018 /home/travis/build/icyphy/ptII/ptolemy/actor/lib/test/auto/LazyInnerClass.xml
----------------- Instantiating /home/travis/build/icyphy/ptII/ptolemy/actor/lib/test/auto/LazyInnerClass.xml
26 ms. Memory: 1370112K Free: 1226472K (90%)
----------------- Invoking toplevel() on ptolemy.moml.MoMLSimpleApplication@2644dd48
----------------- Done invoking toplevel() on ptolemy.moml.MoMLSimpleApplication@2644dd48
reloadAllAccessors: .LazyInnerClass

===========================================================================================
----------------- testing Fri Dec 28 03:07:49 UTC 2018 /home/travis/build/icyphy/ptII/ptolemy/actor/lib/test/auto/LazyPubSub.xml
----------------- Instantiating /home/travis/build/icyphy/ptII/ptolemy/actor/lib/test/auto/LazyPubSub.xml
25 ms. Memory: 1370112K Free: 1213958K (89%)
----------------- Invoking toplevel() on ptolemy.moml.MoMLSimpleApplication@67367cbb
----------------- Done invoking toplevel() on ptolemy.moml.MoMLSimpleApplication@67367cbb
reloadAllAccessors: .LazyPubSub

===========================================================================================
----------------- testing Fri Dec 28 03:07:49 UTC 2018 /home/travis/build/icyphy/ptII/ptolemy/actor/lib/test/auto/LazyPubSub2.xml
----------------- Instantiating /home/travis/build/icyphy/ptII/ptolemy/actor/lib/test/auto/LazyPubSub2.xml
18 ms. Memory: 1370112K Free: 1195373K (87%)
----------------- Invoking toplevel() on ptolemy.moml.MoMLSimpleApplication@75832986
----------------- Done invoking toplevel() on ptolemy.moml.MoMLSimpleApplication@75832986
reloadAllAccessors: .LazyPubSub2

===========================================================================================
----------------- testing Fri Dec 28 03:07:49 UTC 2018 /home/travis/build/icyphy/ptII/ptolemy/actor/lib/test/auto/LazyPubSub3.xml
----------------- Instantiating /home/travis/build/icyphy/ptII/ptolemy/actor/lib/test/auto/LazyPubSub3.xml
16 ms. Memory: 1370112K Free: 1182860K (86%)
----------------- Invoking toplevel() on ptolemy.moml.MoMLSimpleApplication@497c7607
----------------- Done invoking toplevel() on ptolemy.moml.MoMLSimpleApplication@497c7607
reloadAllAccessors: .LazyPubSub3

===========================================================================================
----------------- testing Fri Dec 28 03:07:49 UTC 2018 /home/travis/build/icyphy/ptII/ptolemy/actor/lib/test/auto/LazySubClassModel.xml
----------------- Instantiating /home/travis/build/icyphy/ptII/ptolemy/actor/lib/test/auto/LazySubClassModel.xml
2 ms. Memory: 1370112K Free: 1158113K (85%)
----------------- Invoking toplevel() on ptolemy.moml.MoMLSimpleApplication@716781d0
----------------- Done invoking toplevel() on ptolemy.moml.MoMLSimpleApplication@716781d0
reloadAllAccessors: .LazySubClassModel

===========================================================================================
----------------- testing Fri Dec 28 03:07:49 UTC 2018 /home/travis/build/icyphy/ptII/ptolemy/actor/lib/test/auto/LevelCrossTest1.xml
----------------- Instantiating /home/travis/build/icyphy/ptII/ptolemy/actor/lib/test/auto/LevelCrossTest1.xml
1 ms. Memory: 1370112K Free: 1145599K (84%)
----------------- Invoking toplevel() on ptolemy.moml.MoMLSimpleApplication@28b90995
----------------- Done invoking toplevel() on ptolemy.moml.MoMLSimpleApplication@28b90995
reloadAllAccessors: .broken

===========================================================================================
----------------- testing Fri Dec 28 03:07:49 UTC 2018 /home/travis/build/icyphy/ptII/ptolemy/actor/lib/test/auto/LevelCrossTest10.xml
----------------- Instantiating /home/travis/build/icyphy/ptII/ptolemy/actor/lib/test/auto/LevelCrossTest10.xml
1 ms. Memory: 1370112K Free: 1133086K (83%)
----------------- Invoking toplevel() on ptolemy.moml.MoMLSimpleApplication@7f4ce601
----------------- Done invoking toplevel() on ptolemy.moml.MoMLSimpleApplication@7f4ce601
reloadAllAccessors: .LevelCrossTest10

===========================================================================================
----------------- testing Fri Dec 28 03:07:49 UTC 2018 /home/travis/build/icyphy/ptII/ptolemy/actor/lib/test/auto/LevelCrossTest11.xml
----------------- Instantiating /home/travis/build/icyphy/ptII/ptolemy/actor/lib/test/auto/LevelCrossTest11.xml
1 ms. Memory: 1370112K Free: 1114611K (81%)
----------------- Invoking toplevel() on ptolemy.moml.MoMLSimpleApplication@36b67e64
----------------- Done invoking toplevel() on ptolemy.moml.MoMLSimpleApplication@36b67e64
reloadAllAccessors: .LevelCrossTest11

===========================================================================================
----------------- testing Fri Dec 28 03:07:49 UTC 2018 /home/travis/build/icyphy/ptII/ptolemy/actor/lib/test/auto/LevelCrossTest12.xml
----------------- Instantiating /home/travis/build/icyphy/ptII/ptolemy/actor/lib/test/auto/LevelCrossTest12.xml
1 ms. Memory: 1370112K Free: 1102098K (80%)
----------------- Invoking toplevel() on ptolemy.moml.MoMLSimpleApplication@1242222f
----------------- Done invoking toplevel() on ptolemy.moml.MoMLSimpleApplication@1242222f
reloadAllAccessors: .LevelCrossTest12

===========================================================================================
----------------- testing Fri Dec 28 03:07:49 UTC 2018 /home/travis/build/icyphy/ptII/ptolemy/actor/lib/test/auto/LevelCrossTest13.xml
----------------- Instantiating /home/travis/build/icyphy/ptII/ptolemy/actor/lib/test/auto/LevelCrossTest13.xml
1 ms. Memory: 1370112K Free: 1089585K (80%)
----------------- Invoking toplevel() on ptolemy.moml.MoMLSimpleApplication@38251fab
----------------- Done invoking toplevel() on ptolemy.moml.MoMLSimpleApplication@38251fab
reloadAllAccessors: .LevelCrossTest13

===========================================================================================
----------------- testing Fri Dec 28 03:07:49 UTC 2018 /home/travis/build/icyphy/ptII/ptolemy/actor/lib/test/auto/LevelCrossTest2.xml
----------------- Instantiating /home/travis/build/icyphy/ptII/ptolemy/actor/lib/test/auto/LevelCrossTest2.xml
1 ms. Memory: 1370112K Free: 1071110K (78%)
----------------- Invoking toplevel() on ptolemy.moml.MoMLSimpleApplication@71b12f8d
----------------- Done invoking toplevel() on ptolemy.moml.MoMLSimpleApplication@71b12f8d
reloadAllAccessors: .broken

===========================================================================================
----------------- testing Fri Dec 28 03:07:49 UTC 2018 /home/travis/build/icyphy/ptII/ptolemy/actor/lib/test/auto/LevelCrossTest3.xml
----------------- Instantiating /home/travis/build/icyphy/ptII/ptolemy/actor/lib/test/auto/LevelCrossTest3.xml
1 ms. Memory: 1370112K Free: 1058597K (77%)
----------------- Invoking toplevel() on ptolemy.moml.MoMLSimpleApplication@3f1f7ca
----------------- Done invoking toplevel() on ptolemy.moml.MoMLSimpleApplication@3f1f7ca
reloadAllAccessors: .LevelCrossTest3

===========================================================================================
----------------- testing Fri Dec 28 03:07:49 UTC 2018 /home/travis/build/icyphy/ptII/ptolemy/actor/lib/test/auto/LevelCrossTest4.xml
----------------- Instantiating /home/travis/build/icyphy/ptII/ptolemy/actor/lib/test/auto/LevelCrossTest4.xml
1 ms. Memory: 1370112K Free: 1040122K (76%)
----------------- Invoking toplevel() on ptolemy.moml.MoMLSimpleApplication@56be20e1
----------------- Done invoking toplevel() on ptolemy.moml.MoMLSimpleApplication@56be20e1
reloadAllAccessors: .broken

===========================================================================================
----------------- testing Fri Dec 28 03:07:49 UTC 2018 /home/travis/build/icyphy/ptII/ptolemy/actor/lib/test/auto/LevelCrossTest5.xml
----------------- Instantiating /home/travis/build/icyphy/ptII/ptolemy/actor/lib/test/auto/LevelCrossTest5.xml
4 ms. Memory: 1370112K Free: 1027609K (75%)
----------------- Invoking toplevel() on ptolemy.moml.MoMLSimpleApplication@1aa0e10
----------------- Done invoking toplevel() on ptolemy.moml.MoMLSimpleApplication@1aa0e10
reloadAllAccessors: .LevelCrossTest5

===========================================================================================
----------------- testing Fri Dec 28 03:07:49 UTC 2018 /home/travis/build/icyphy/ptII/ptolemy/actor/lib/test/auto/LevelCrossTest6.xml
----------------- Instantiating /home/travis/build/icyphy/ptII/ptolemy/actor/lib/test/auto/LevelCrossTest6.xml
1 ms. Memory: 1370112K Free: 1015095K (74%)
----------------- Invoking toplevel() on ptolemy.moml.MoMLSimpleApplication@16ddd30d
----------------- Done invoking toplevel() on ptolemy.moml.MoMLSimpleApplication@16ddd30d
reloadAllAccessors: .LevelCrossTest6

===========================================================================================
----------------- testing Fri Dec 28 03:07:49 UTC 2018 /home/travis/build/icyphy/ptII/ptolemy/actor/lib/test/auto/LevelCrossTest7.xml
----------------- Instantiating /home/travis/build/icyphy/ptII/ptolemy/actor/lib/test/auto/LevelCrossTest7.xml
1 ms. Memory: 1370112K Free: 996621K (73%)
----------------- Invoking toplevel() on ptolemy.moml.MoMLSimpleApplication@3b071553
----------------- Done invoking toplevel() on ptolemy.moml.MoMLSimpleApplication@3b071553
reloadAllAccessors: .LevelCrossTest7

===========================================================================================
----------------- testing Fri Dec 28 03:07:49 UTC 2018 /home/travis/build/icyphy/ptII/ptolemy/actor/lib/test/auto/LevelCrossTest8.xml
----------------- Instantiating /home/travis/build/icyphy/ptII/ptolemy/actor/lib/test/auto/LevelCrossTest8.xml
4 ms. Memory: 1370112K Free: 984107K (72%)
----------------- Invoking toplevel() on ptolemy.moml.MoMLSimpleApplication@1d4c64ac
----------------- Done invoking toplevel() on ptolemy.moml.MoMLSimpleApplication@1d4c64ac
reloadAllAccessors: .LevelCrossTest8

===========================================================================================
----------------- testing Fri Dec 28 03:07:49 UTC 2018 /home/travis/build/icyphy/ptII/ptolemy/actor/lib/test/auto/LevelCrossTest9.xml
----------------- Instantiating /home/travis/build/icyphy/ptII/ptolemy/actor/lib/test/auto/LevelCrossTest9.xml
1 ms. Memory: 1370112K Free: 965632K (70%)
----------------- Invoking toplevel() on ptolemy.moml.MoMLSimpleApplication@3673b608
----------------- Done invoking toplevel() on ptolemy.moml.MoMLSimpleApplication@3673b608
reloadAllAccessors: .LevelCrossTest9

===========================================================================================
----------------- testing Fri Dec 28 03:07:49 UTC 2018 /home/travis/build/icyphy/ptII/ptolemy/actor/lib/test/auto/LevinsonDurbin.xml
----------------- Instantiating /home/travis/build/icyphy/ptII/ptolemy/actor/lib/test/auto/LevinsonDurbin.xml
3 ms. Memory: 1370112K Free: 953119K (70%)
----------------- Invoking toplevel() on ptolemy.moml.MoMLSimpleApplication@261c8fb5
----------------- Done invoking toplevel() on ptolemy.moml.MoMLSimpleApplication@261c8fb5
reloadAllAccessors: .LevinsonDurbin

===========================================================================================
----------------- testing Fri Dec 28 03:07:49 UTC 2018 /home/travis/build/icyphy/ptII/ptolemy/actor/lib/test/auto/LevinsonDurbin2.xml
----------------- Instantiating /home/travis/build/icyphy/ptII/ptolemy/actor/lib/test/auto/LevinsonDurbin2.xml
1 ms. Memory: 1370112K Free: 940606K (69%)
----------------- Invoking toplevel() on ptolemy.moml.MoMLSimpleApplication@6e6a4610
----------------- Done invoking toplevel() on ptolemy.moml.MoMLSimpleApplication@6e6a4610
reloadAllAccessors: .LevinsonDurbin2

===========================================================================================
----------------- testing Fri Dec 28 03:07:49 UTC 2018 /home/travis/build/icyphy/ptII/ptolemy/actor/lib/test/auto/LevinsonDurbin3.xml
----------------- Instantiating /home/travis/build/icyphy/ptII/ptolemy/actor/lib/test/auto/LevinsonDurbin3.xml
2 ms. Memory: 1370112K Free: 922131K (67%)
----------------- Invoking toplevel() on ptolemy.moml.MoMLSimpleApplication@79a3bfd9
----------------- Done invoking toplevel() on ptolemy.moml.MoMLSimpleApplication@79a3bfd9
reloadAllAccessors: .LevinsonDurbin3

===========================================================================================
----------------- testing Fri Dec 28 03:07:49 UTC 2018 /home/travis/build/icyphy/ptII/ptolemy/actor/lib/test/auto/Limiter.xml
----------------- Instantiating /home/travis/build/icyphy/ptII/ptolemy/actor/lib/test/auto/Limiter.xml
3 ms. Memory: 1370112K Free: 903353K (66%)
----------------- Invoking toplevel() on ptolemy.moml.MoMLSimpleApplication@6ffb4223
----------------- Done invoking toplevel() on ptolemy.moml.MoMLSimpleApplication@6ffb4223
reloadAllAccessors: .Limiter

===========================================================================================
----------------- testing Fri Dec 28 03:07:49 UTC 2018 /home/travis/build/icyphy/ptII/ptolemy/actor/lib/test/auto/LinearDifferenceEquationSystem.xml
----------------- Instantiating /home/travis/build/icyphy/ptII/ptolemy/actor/lib/test/auto/LinearDifferenceEquationSystem.xml
2 ms. Memory: 1370112K Free: 884879K (65%)
----------------- Invoking toplevel() on ptolemy.moml.MoMLSimpleApplication@770a6087
----------------- Done invoking toplevel() on ptolemy.moml.MoMLSimpleApplication@770a6087
reloadAllAccessors: .LinearDifferenceEquationSystem

===========================================================================================
----------------- testing Fri Dec 28 03:07:49 UTC 2018 /home/travis/build/icyphy/ptII/ptolemy/actor/lib/test/auto/LookupTable.xml
----------------- Instantiating /home/travis/build/icyphy/ptII/ptolemy/actor/lib/test/auto/LookupTable.xml
2 ms. Memory: 1370112K Free: 872365K (64%)
----------------- Invoking toplevel() on ptolemy.moml.MoMLSimpleApplication@5aa4d663
----------------- Done invoking toplevel() on ptolemy.moml.MoMLSimpleApplication@5aa4d663
reloadAllAccessors: .LookupTable

===========================================================================================
----------------- testing Fri Dec 28 03:07:49 UTC 2018 /home/travis/build/icyphy/ptII/ptolemy/actor/lib/test/auto/MathFunction.xml
----------------- Instantiating /home/travis/build/icyphy/ptII/ptolemy/actor/lib/test/auto/MathFunction.xml
2 ms. Memory: 1370112K Free: 859852K (63%)
----------------- Invoking toplevel() on ptolemy.moml.MoMLSimpleApplication@7180dfb5
----------------- Done invoking toplevel() on ptolemy.moml.MoMLSimpleApplication@7180dfb5
reloadAllAccessors: .MathFunction

===========================================================================================
----------------- testing Fri Dec 28 03:07:49 UTC 2018 /home/travis/build/icyphy/ptII/ptolemy/actor/lib/test/auto/MathFunction2.xml
----------------- Instantiating /home/travis/build/icyphy/ptII/ptolemy/actor/lib/test/auto/MathFunction2.xml
1 ms. Memory: 1370112K Free: 841377K (61%)
----------------- Invoking toplevel() on ptolemy.moml.MoMLSimpleApplication@af64940
----------------- Done invoking toplevel() on ptolemy.moml.MoMLSimpleApplication@af64940
reloadAllAccessors: .MathFunction2

===========================================================================================
----------------- testing Fri Dec 28 03:07:49 UTC 2018 /home/travis/build/icyphy/ptII/ptolemy/actor/lib/test/auto/MathFunction3.xml
----------------- Instantiating /home/travis/build/icyphy/ptII/ptolemy/actor/lib/test/auto/MathFunction3.xml
2 ms. Memory: 1370112K Free: 828864K (60%)
----------------- Invoking toplevel() on ptolemy.moml.MoMLSimpleApplication@69cd03c8
----------------- Done invoking toplevel() on ptolemy.moml.MoMLSimpleApplication@69cd03c8
reloadAllAccessors: .MathFunction3

===========================================================================================
----------------- testing Fri Dec 28 03:07:49 UTC 2018 /home/travis/build/icyphy/ptII/ptolemy/actor/lib/test/auto/MatrixCropBoolean.xml
----------------- Instantiating /home/travis/build/icyphy/ptII/ptolemy/actor/lib/test/auto/MatrixCropBoolean.xml
1 ms. Memory: 1370112K Free: 816351K (60%)
----------------- Invoking toplevel() on ptolemy.moml.MoMLSimpleApplication@25e49841
----------------- Done invoking toplevel() on ptolemy.moml.MoMLSimpleApplication@25e49841
reloadAllAccessors: .MatrixCropBoolean

===========================================================================================
----------------- testing Fri Dec 28 03:07:49 UTC 2018 /home/travis/build/icyphy/ptII/ptolemy/actor/lib/test/auto/MatrixCropComplex.xml
----------------- Instantiating /home/travis/build/icyphy/ptII/ptolemy/actor/lib/test/auto/MatrixCropComplex.xml
2 ms. Memory: 1370112K Free: 797876K (58%)
----------------- Invoking toplevel() on ptolemy.moml.MoMLSimpleApplication@5cc3a61e
----------------- Done invoking toplevel() on ptolemy.moml.MoMLSimpleApplication@5cc3a61e
reloadAllAccessors: .MatrixCropComplex

===========================================================================================
----------------- testing Fri Dec 28 03:07:49 UTC 2018 /home/travis/build/icyphy/ptII/ptolemy/actor/lib/test/auto/MatrixCropDouble.xml
----------------- Instantiating /home/travis/build/icyphy/ptII/ptolemy/actor/lib/test/auto/MatrixCropDouble.xml
2 ms. Memory: 1370112K Free: 785362K (57%)
----------------- Invoking toplevel() on ptolemy.moml.MoMLSimpleApplication@7c15bc2b
----------------- Done invoking toplevel() on ptolemy.moml.MoMLSimpleApplication@7c15bc2b
reloadAllAccessors: .MatrixCropDouble

===========================================================================================
----------------- testing Fri Dec 28 03:07:49 UTC 2018 /home/travis/build/icyphy/ptII/ptolemy/actor/lib/test/auto/MatrixCropFix.xml
----------------- Instantiating /home/travis/build/icyphy/ptII/ptolemy/actor/lib/test/auto/MatrixCropFix.xml
2 ms. Memory: 1370112K Free: 766888K (56%)
----------------- Invoking toplevel() on ptolemy.moml.MoMLSimpleApplication@3572eeb1
----------------- Done invoking toplevel() on ptolemy.moml.MoMLSimpleApplication@3572eeb1
reloadAllAccessors: .MatrixCropFix

===========================================================================================
----------------- testing Fri Dec 28 03:07:49 UTC 2018 /home/travis/build/icyphy/ptII/ptolemy/actor/lib/test/auto/MatrixCropInt.xml
----------------- Instantiating /home/travis/build/icyphy/ptII/ptolemy/actor/lib/test/auto/MatrixCropInt.xml
2 ms. Memory: 1370112K Free: 754375K (55%)
----------------- Invoking toplevel() on ptolemy.moml.MoMLSimpleApplication@3c19300f
----------------- Done invoking toplevel() on ptolemy.moml.MoMLSimpleApplication@3c19300f
reloadAllAccessors: .MatrixCropInt

===========================================================================================
----------------- testing Fri Dec 28 03:07:49 UTC 2018 /home/travis/build/icyphy/ptII/ptolemy/actor/lib/test/auto/MatrixCropLong.xml
----------------- Instantiating /home/travis/build/icyphy/ptII/ptolemy/actor/lib/test/auto/MatrixCropLong.xml
2 ms. Memory: 1370112K Free: 741861K (54%)
----------------- Invoking toplevel() on ptolemy.moml.MoMLSimpleApplication@290247bf
----------------- Done invoking toplevel() on ptolemy.moml.MoMLSimpleApplication@290247bf
reloadAllAccessors: .MatrixCropLong

===========================================================================================
----------------- testing Fri Dec 28 03:07:49 UTC 2018 /home/travis/build/icyphy/ptII/ptolemy/actor/lib/test/auto/MatrixToArray.xml
----------------- Instantiating /home/travis/build/icyphy/ptII/ptolemy/actor/lib/test/auto/MatrixToArray.xml
4 ms. Memory: 1370112K Free: 710873K (52%)
----------------- Invoking toplevel() on ptolemy.moml.MoMLSimpleApplication@3c8022eb
----------------- Done invoking toplevel() on ptolemy.moml.MoMLSimpleApplication@3c8022eb
reloadAllAccessors: .MatrixToArray

===========================================================================================
----------------- testing Fri Dec 28 03:07:49 UTC 2018 /home/travis/build/icyphy/ptII/ptolemy/actor/lib/test/auto/MaxIndex.xml
----------------- Instantiating /home/travis/build/icyphy/ptII/ptolemy/actor/lib/test/auto/MaxIndex.xml
2 ms. Memory: 1370112K Free: 698360K (51%)
----------------- Invoking toplevel() on ptolemy.moml.MoMLSimpleApplication@69a30d53
----------------- Done invoking toplevel() on ptolemy.moml.MoMLSimpleApplication@69a30d53
reloadAllAccessors: .MaxIndex

===========================================================================================
----------------- testing Fri Dec 28 03:07:49 UTC 2018 /home/travis/build/icyphy/ptII/ptolemy/actor/lib/test/auto/Maximum.xml
----------------- Instantiating /home/travis/build/icyphy/ptII/ptolemy/actor/lib/test/auto/Maximum.xml
2 ms. Memory: 1370112K Free: 679885K (50%)
----------------- Invoking toplevel() on ptolemy.moml.MoMLSimpleApplication@4e89f3aa
----------------- Done invoking toplevel() on ptolemy.moml.MoMLSimpleApplication@4e89f3aa
reloadAllAccessors: .Maximum

===========================================================================================
----------------- testing Fri Dec 28 03:07:49 UTC 2018 /home/travis/build/icyphy/ptII/ptolemy/actor/lib/test/auto/MaximumComplex.xml
----------------- Instantiating /home/travis/build/icyphy/ptII/ptolemy/actor/lib/test/auto/MaximumComplex.xml
3 ms. Memory: 1370112K Free: 667372K (49%)
----------------- Invoking toplevel() on ptolemy.moml.MoMLSimpleApplication@5225858b
----------------- Done invoking toplevel() on ptolemy.moml.MoMLSimpleApplication@5225858b
reloadAllAccessors: .MaximumComplex

===========================================================================================
----------------- testing Fri Dec 28 03:07:49 UTC 2018 /home/travis/build/icyphy/ptII/ptolemy/actor/lib/test/auto/MethodCallTest.xml
----------------- Instantiating /home/travis/build/icyphy/ptII/ptolemy/actor/lib/test/auto/MethodCallTest.xml
2 ms. Memory: 1370112K Free: 654859K (48%)
----------------- Invoking toplevel() on ptolemy.moml.MoMLSimpleApplication@779aa6af
----------------- Done invoking toplevel() on ptolemy.moml.MoMLSimpleApplication@779aa6af
reloadAllAccessors: .MethodCallTest

===========================================================================================
----------------- testing Fri Dec 28 03:07:49 UTC 2018 /home/travis/build/icyphy/ptII/ptolemy/actor/lib/test/auto/Minimum.xml
----------------- Instantiating /home/travis/build/icyphy/ptII/ptolemy/actor/lib/test/auto/Minimum.xml
2 ms. Memory: 1370112K Free: 636384K (46%)
----------------- Invoking toplevel() on ptolemy.moml.MoMLSimpleApplication@403df871
----------------- Done invoking toplevel() on ptolemy.moml.MoMLSimpleApplication@403df871
reloadAllAccessors: .Minimum

===========================================================================================
----------------- testing Fri Dec 28 03:07:49 UTC 2018 /home/travis/build/icyphy/ptII/ptolemy/actor/lib/test/auto/MinimumComplex.xml
----------------- Instantiating /home/travis/build/icyphy/ptII/ptolemy/actor/lib/test/auto/MinimumComplex.xml
3 ms. Memory: 1370112K Free: 623871K (46%)
----------------- Invoking toplevel() on ptolemy.moml.MoMLSimpleApplication@3d8eb828
----------------- Done invoking toplevel() on ptolemy.moml.MoMLSimpleApplication@3d8eb828
reloadAllAccessors: .MinimumComplex

===========================================================================================
----------------- testing Fri Dec 28 03:07:49 UTC 2018 /home/travis/build/icyphy/ptII/ptolemy/actor/lib/test/auto/MinimumMultiports.xml
----------------- Instantiating /home/travis/build/icyphy/ptII/ptolemy/actor/lib/test/auto/MinimumMultiports.xml
3 ms. Memory: 1370112K Free: 605396K (44%)
----------------- Invoking toplevel() on ptolemy.moml.MoMLSimpleApplication@1e7e2ea0
----------------- Done invoking toplevel() on ptolemy.moml.MoMLSimpleApplication@1e7e2ea0
reloadAllAccessors: .MinimumMultiports

===========================================================================================
----------------- testing Fri Dec 28 03:07:49 UTC 2018 /home/travis/build/icyphy/ptII/ptolemy/actor/lib/test/auto/ModifyDate.xml
----------------- Instantiating /home/travis/build/icyphy/ptII/ptolemy/actor/lib/test/auto/ModifyDate.xml
4 ms. Memory: 1370112K Free: 586611K (43%)
----------------- Invoking toplevel() on ptolemy.moml.MoMLSimpleApplication@247f54b9
----------------- Done invoking toplevel() on ptolemy.moml.MoMLSimpleApplication@247f54b9
reloadAllAccessors: .ModifyDate

===========================================================================================
----------------- testing Fri Dec 28 03:07:49 UTC 2018 /home/travis/build/icyphy/ptII/ptolemy/actor/lib/test/auto/ModifyDate2.xml
----------------- Instantiating /home/travis/build/icyphy/ptII/ptolemy/actor/lib/test/auto/ModifyDate2.xml
3 ms. Memory: 1370112K Free: 567840K (41%)
----------------- Invoking toplevel() on ptolemy.moml.MoMLSimpleApplication@640a93f8
----------------- Done invoking toplevel() on ptolemy.moml.MoMLSimpleApplication@640a93f8
reloadAllAccessors: .ModifyDate2

===========================================================================================
----------------- testing Fri Dec 28 03:07:49 UTC 2018 /home/travis/build/icyphy/ptII/ptolemy/actor/lib/test/auto/MovingAverage.xml
----------------- Instantiating /home/travis/build/icyphy/ptII/ptolemy/actor/lib/test/auto/MovingAverage.xml
1 ms. Memory: 1370112K Free: 549366K (40%)
----------------- Invoking toplevel() on ptolemy.moml.MoMLSimpleApplication@6dfe0a0b
----------------- Done invoking toplevel() on ptolemy.moml.MoMLSimpleApplication@6dfe0a0b
reloadAllAccessors: .MovingAverage

===========================================================================================
----------------- testing Fri Dec 28 03:07:49 UTC 2018 /home/travis/build/icyphy/ptII/ptolemy/actor/lib/test/auto/MovingMaximum.xml
----------------- Instantiating /home/travis/build/icyphy/ptII/ptolemy/actor/lib/test/auto/MovingMaximum.xml
2 ms. Memory: 1370112K Free: 536853K (39%)
----------------- Invoking toplevel() on ptolemy.moml.MoMLSimpleApplication@55a18bf8
----------------- Done invoking toplevel() on ptolemy.moml.MoMLSimpleApplication@55a18bf8
reloadAllAccessors: .MovingMaximum

===========================================================================================
----------------- testing Fri Dec 28 03:07:49 UTC 2018 /home/travis/build/icyphy/ptII/ptolemy/actor/lib/test/auto/MultipleLinksToSameRelation.xml
----------------- Instantiating /home/travis/build/icyphy/ptII/ptolemy/actor/lib/test/auto/MultipleLinksToSameRelation.xml
2 ms. Memory: 1370112K Free: 518378K (38%)
----------------- Invoking toplevel() on ptolemy.moml.MoMLSimpleApplication@551f2961
----------------- Done invoking toplevel() on ptolemy.moml.MoMLSimpleApplication@551f2961
reloadAllAccessors: .MultipleLinksToSameRelation

===========================================================================================
----------------- testing Fri Dec 28 03:07:50 UTC 2018 /home/travis/build/icyphy/ptII/ptolemy/actor/lib/test/auto/MultipleLinksToSameRelationDE.xml
----------------- Instantiating /home/travis/build/icyphy/ptII/ptolemy/actor/lib/test/auto/MultipleLinksToSameRelationDE.xml
2 ms. Memory: 1370112K Free: 505864K (37%)
----------------- Invoking toplevel() on ptolemy.moml.MoMLSimpleApplication@7660bb36
----------------- Done invoking toplevel() on ptolemy.moml.MoMLSimpleApplication@7660bb36
reloadAllAccessors: .MultipleLinksToSameRelationDE

===========================================================================================
----------------- testing Fri Dec 28 03:07:50 UTC 2018 /home/travis/build/icyphy/ptII/ptolemy/actor/lib/test/auto/Multiplexor.xml
----------------- Instantiating /home/travis/build/icyphy/ptII/ptolemy/actor/lib/test/auto/Multiplexor.xml
2 ms. Memory: 1370112K Free: 493351K (36%)
----------------- Invoking toplevel() on ptolemy.moml.MoMLSimpleApplication@28075fcf
----------------- Done invoking toplevel() on ptolemy.moml.MoMLSimpleApplication@28075fcf
reloadAllAccessors: .Multiplexor

===========================================================================================
----------------- testing Fri Dec 28 03:07:50 UTC 2018 /home/travis/build/icyphy/ptII/ptolemy/actor/lib/test/auto/Multiplexor1.xml
----------------- Instantiating /home/travis/build/icyphy/ptII/ptolemy/actor/lib/test/auto/Multiplexor1.xml
2 ms. Memory: 1370112K Free: 474877K (35%)
----------------- Invoking toplevel() on ptolemy.moml.MoMLSimpleApplication@1041594c
----------------- Done invoking toplevel() on ptolemy.moml.MoMLSimpleApplication@1041594c
reloadAllAccessors: .Multiplexor1

===========================================================================================
----------------- testing Fri Dec 28 03:07:50 UTC 2018 /home/travis/build/icyphy/ptII/ptolemy/actor/lib/test/auto/Multiplexor2.xml
----------------- Instantiating /home/travis/build/icyphy/ptII/ptolemy/actor/lib/test/auto/Multiplexor2.xml
2 ms. Memory: 1370112K Free: 462363K (34%)
----------------- Invoking toplevel() on ptolemy.moml.MoMLSimpleApplication@2d1ac6de
----------------- Done invoking toplevel() on ptolemy.moml.MoMLSimpleApplication@2d1ac6de
reloadAllAccessors: .Multiplexor2

===========================================================================================
----------------- testing Fri Dec 28 03:07:50 UTC 2018 /home/travis/build/icyphy/ptII/ptolemy/actor/lib/test/auto/Multiplexor3.xml
----------------- Instantiating /home/travis/build/icyphy/ptII/ptolemy/actor/lib/test/auto/Multiplexor3.xml
1 ms. Memory: 1370112K Free: 443889K (32%)
----------------- Invoking toplevel() on ptolemy.moml.MoMLSimpleApplication@f325d28
----------------- Done invoking toplevel() on ptolemy.moml.MoMLSimpleApplication@f325d28
reloadAllAccessors: .Multiplexor3

===========================================================================================
----------------- testing Fri Dec 28 03:07:50 UTC 2018 /home/travis/build/icyphy/ptII/ptolemy/actor/lib/test/auto/MultiplexorDE.xml
----------------- Instantiating /home/travis/build/icyphy/ptII/ptolemy/actor/lib/test/auto/MultiplexorDE.xml
2 ms. Memory: 1370112K Free: 431375K (31%)
----------------- Invoking toplevel() on ptolemy.moml.MoMLSimpleApplication@44dd05cd
----------------- Done invoking toplevel() on ptolemy.moml.MoMLSimpleApplication@44dd05cd
reloadAllAccessors: .MultiplexorDE

===========================================================================================
----------------- testing Fri Dec 28 03:07:50 UTC 2018 /home/travis/build/icyphy/ptII/ptolemy/actor/lib/test/auto/MultiportBroadcastTest.xml
----------------- Instantiating /home/travis/build/icyphy/ptII/ptolemy/actor/lib/test/auto/MultiportBroadcastTest.xml
48 ms. Memory: 1370112K Free: 418862K (31%)
----------------- Invoking toplevel() on ptolemy.moml.MoMLSimpleApplication@1b03e3fa
----------------- Done invoking toplevel() on ptolemy.moml.MoMLSimpleApplication@1b03e3fa
reloadAllAccessors: .MultiportBroadcastTest

===========================================================================================
----------------- testing Fri Dec 28 03:07:50 UTC 2018 /home/travis/build/icyphy/ptII/ptolemy/actor/lib/test/auto/MultiportOutHangDuringGetWidth.xml
----------------- Instantiating /home/travis/build/icyphy/ptII/ptolemy/actor/lib/test/auto/MultiportOutHangDuringGetWidth.xml
4 ms. Memory: 1370112K Free: 394131K (29%)
----------------- Invoking toplevel() on ptolemy.moml.MoMLSimpleApplication@26e211f
----------------- Done invoking toplevel() on ptolemy.moml.MoMLSimpleApplication@26e211f
reloadAllAccessors: .MultiportOutHangDuringGetWidth

===========================================================================================
----------------- testing Fri Dec 28 03:07:50 UTC 2018 /home/travis/build/icyphy/ptII/ptolemy/actor/lib/test/auto/NilToken.xml
----------------- Instantiating /home/travis/build/icyphy/ptII/ptolemy/actor/lib/test/auto/NilToken.xml
1 ms. Memory: 1370112K Free: 381618K (28%)
----------------- Invoking toplevel() on ptolemy.moml.MoMLSimpleApplication@7be992b6
----------------- Done invoking toplevel() on ptolemy.moml.MoMLSimpleApplication@7be992b6
reloadAllAccessors: .NilToken

===========================================================================================
----------------- testing Fri Dec 28 03:07:50 UTC 2018 /home/travis/build/icyphy/ptII/ptolemy/actor/lib/test/auto/NilTokenNonStrictTest.xml
----------------- Instantiating /home/travis/build/icyphy/ptII/ptolemy/actor/lib/test/auto/NilTokenNonStrictTest.xml
2 ms. Memory: 1370112K Free: 363143K (27%)
----------------- Invoking toplevel() on ptolemy.moml.MoMLSimpleApplication@63ffdeec
----------------- Done invoking toplevel() on ptolemy.moml.MoMLSimpleApplication@63ffdeec
reloadAllAccessors: .NilTokenNonStrictTest

===========================================================================================
----------------- testing Fri Dec 28 03:07:50 UTC 2018 /home/travis/build/icyphy/ptII/ptolemy/actor/lib/test/auto/NilTokenRecord.xml
----------------- Instantiating /home/travis/build/icyphy/ptII/ptolemy/actor/lib/test/auto/NilTokenRecord.xml
4 ms. Memory: 1370112K Free: 350630K (26%)
----------------- Invoking toplevel() on ptolemy.moml.MoMLSimpleApplication@198e8100
----------------- Done invoking toplevel() on ptolemy.moml.MoMLSimpleApplication@198e8100
reloadAllAccessors: .NilTokenRecord

===========================================================================================
----------------- testing Fri Dec 28 03:07:50 UTC 2018 /home/travis/build/icyphy/ptII/ptolemy/actor/lib/test/auto/NilTokenTypeTest.xml
----------------- Instantiating /home/travis/build/icyphy/ptII/ptolemy/actor/lib/test/auto/NilTokenTypeTest.xml
3 ms. Memory: 1370112K Free: 331852K (24%)
----------------- Invoking toplevel() on ptolemy.moml.MoMLSimpleApplication@75b29a97
----------------- Done invoking toplevel() on ptolemy.moml.MoMLSimpleApplication@75b29a97
reloadAllAccessors: .NilTokenTypeTest

===========================================================================================
----------------- testing Fri Dec 28 03:07:50 UTC 2018 /home/travis/build/icyphy/ptII/ptolemy/actor/lib/test/auto/ObjectToken1.xml
----------------- Instantiating /home/travis/build/icyphy/ptII/ptolemy/actor/lib/test/auto/ObjectToken1.xml
2 ms. Memory: 1370112K Free: 313377K (23%)
----------------- Invoking toplevel() on ptolemy.moml.MoMLSimpleApplication@4e362194
----------------- Done invoking toplevel() on ptolemy.moml.MoMLSimpleApplication@4e362194
reloadAllAccessors: .ObjectToken1

===========================================================================================
----------------- testing Fri Dec 28 03:07:50 UTC 2018 /home/travis/build/icyphy/ptII/ptolemy/actor/lib/test/auto/OrderedMerge.xml
----------------- Instantiating /home/travis/build/icyphy/ptII/ptolemy/actor/lib/test/auto/OrderedMerge.xml
5 ms. Memory: 1370112K Free: 275837K (20%)
----------------- Invoking toplevel() on ptolemy.moml.MoMLSimpleApplication@38393a4b
----------------- Done invoking toplevel() on ptolemy.moml.MoMLSimpleApplication@38393a4b
reloadAllAccessors: .OrderedMerge

===========================================================================================
----------------- testing Fri Dec 28 03:07:50 UTC 2018 /home/travis/build/icyphy/ptII/ptolemy/actor/lib/test/auto/OrderedRecordDisassembler.xml
----------------- Instantiating /home/travis/build/icyphy/ptII/ptolemy/actor/lib/test/auto/OrderedRecordDisassembler.xml
4 ms. Memory: 1370112K Free: 257363K (19%)
----------------- Invoking toplevel() on ptolemy.moml.MoMLSimpleApplication@75828263
----------------- Done invoking toplevel() on ptolemy.moml.MoMLSimpleApplication@75828263
reloadAllAccessors: .OrderedRecordDisassembler

===========================================================================================
----------------- testing Fri Dec 28 03:07:50 UTC 2018 /home/travis/build/icyphy/ptII/ptolemy/actor/lib/test/auto/OrderedRecordDisassembler2.xml
----------------- Instantiating /home/travis/build/icyphy/ptII/ptolemy/actor/lib/test/auto/OrderedRecordDisassembler2.xml
3 ms. Memory: 1370112K Free: 244849K (18%)
----------------- Invoking toplevel() on ptolemy.moml.MoMLSimpleApplication@7d384379
----------------- Done invoking toplevel() on ptolemy.moml.MoMLSimpleApplication@7d384379
reloadAllAccessors: .OrderedRecordDisassembler2

===========================================================================================
----------------- testing Fri Dec 28 03:07:50 UTC 2018 /home/travis/build/icyphy/ptII/ptolemy/actor/lib/test/auto/OrderedRecordUpdater.xml
----------------- Instantiating /home/travis/build/icyphy/ptII/ptolemy/actor/lib/test/auto/OrderedRecordUpdater.xml
1 ms. Memory: 1370112K Free: 232336K (17%)
----------------- Invoking toplevel() on ptolemy.moml.MoMLSimpleApplication@7272bd4e
----------------- Done invoking toplevel() on ptolemy.moml.MoMLSimpleApplication@7272bd4e
reloadAllAccessors: .RecordUpdater

===========================================================================================
----------------- testing Fri Dec 28 03:07:50 UTC 2018 /home/travis/build/icyphy/ptII/ptolemy/actor/lib/test/auto/OrderedRecordUpdater2.xml
----------------- Instantiating /home/travis/build/icyphy/ptII/ptolemy/actor/lib/test/auto/OrderedRecordUpdater2.xml
2 ms. Memory: 1370112K Free: 213862K (16%)
----------------- Invoking toplevel() on ptolemy.moml.MoMLSimpleApplication@553677e3
----------------- Done invoking toplevel() on ptolemy.moml.MoMLSimpleApplication@553677e3
reloadAllAccessors: .RecordUpdater2

===========================================================================================
----------------- testing Fri Dec 28 03:07:50 UTC 2018 /home/travis/build/icyphy/ptII/ptolemy/actor/lib/test/auto/PhaseUnwrap.xml
----------------- Instantiating /home/travis/build/icyphy/ptII/ptolemy/actor/lib/test/auto/PhaseUnwrap.xml
1 ms. Memory: 1370112K Free: 201348K (15%)
----------------- Invoking toplevel() on ptolemy.moml.MoMLSimpleApplication@678c3a1b
----------------- Done invoking toplevel() on ptolemy.moml.MoMLSimpleApplication@678c3a1b
reloadAllAccessors: .PhaseUnwrap

===========================================================================================
----------------- testing Fri Dec 28 03:07:50 UTC 2018 /home/travis/build/icyphy/ptII/ptolemy/actor/lib/test/auto/PoissonClock.xml
----------------- Instantiating /home/travis/build/icyphy/ptII/ptolemy/actor/lib/test/auto/PoissonClock.xml
1 ms. Memory: 1370112K Free: 182874K (13%)
----------------- Invoking toplevel() on ptolemy.moml.MoMLSimpleApplication@4181d54d
----------------- Done invoking toplevel() on ptolemy.moml.MoMLSimpleApplication@4181d54d
reloadAllAccessors: .PoissonClock

===========================================================================================
----------------- testing Fri Dec 28 03:07:50 UTC 2018 /home/travis/build/icyphy/ptII/ptolemy/actor/lib/test/auto/PoissonClock2.xml
----------------- Instantiating /home/travis/build/icyphy/ptII/ptolemy/actor/lib/test/auto/PoissonClock2.xml
1 ms. Memory: 1370112K Free: 170360K (12%)
----------------- Invoking toplevel() on ptolemy.moml.MoMLSimpleApplication@3068e62b
----------------- Done invoking toplevel() on ptolemy.moml.MoMLSimpleApplication@3068e62b
reloadAllAccessors: .PoissonClock2

===========================================================================================
----------------- testing Fri Dec 28 03:07:50 UTC 2018 /home/travis/build/icyphy/ptII/ptolemy/actor/lib/test/auto/PoissonClock3.xml
----------------- Instantiating /home/travis/build/icyphy/ptII/ptolemy/actor/lib/test/auto/PoissonClock3.xml
2 ms. Memory: 1370112K Free: 157847K (12%)
----------------- Invoking toplevel() on ptolemy.moml.MoMLSimpleApplication@9a30155
----------------- Done invoking toplevel() on ptolemy.moml.MoMLSimpleApplication@9a30155
reloadAllAccessors: .PoissonClock3

===========================================================================================
----------------- testing Fri Dec 28 03:07:50 UTC 2018 /home/travis/build/icyphy/ptII/ptolemy/actor/lib/test/auto/PubSubWithInitialTokens.xml
----------------- Instantiating /home/travis/build/icyphy/ptII/ptolemy/actor/lib/test/auto/PubSubWithInitialTokens.xml
2 ms. Memory: 1370112K Free: 139372K (10%)
----------------- Invoking toplevel() on ptolemy.moml.MoMLSimpleApplication@4a20af3
----------------- Done invoking toplevel() on ptolemy.moml.MoMLSimpleApplication@4a20af3
reloadAllAccessors: .PubSubWithInitialTokens

===========================================================================================
----------------- testing Fri Dec 28 03:07:50 UTC 2018 /home/travis/build/icyphy/ptII/ptolemy/actor/lib/test/auto/PubSubWithInitialTokens2.xml
----------------- Instantiating /home/travis/build/icyphy/ptII/ptolemy/actor/lib/test/auto/PubSubWithInitialTokens2.xml
2 ms. Memory: 1370112K Free: 126859K (9%)
----------------- Invoking toplevel() on ptolemy.moml.MoMLSimpleApplication@6a50f4c5
----------------- Done invoking toplevel() on ptolemy.moml.MoMLSimpleApplication@6a50f4c5
reloadAllAccessors: .PubSubWithInitialTokens2

===========================================================================================
----------------- testing Fri Dec 28 03:07:50 UTC 2018 /home/travis/build/icyphy/ptII/ptolemy/actor/lib/test/auto/PublisherClassNoParameter.xml
----------------- Instantiating /home/travis/build/icyphy/ptII/ptolemy/actor/lib/test/auto/PublisherClassNoParameter.xml
2 ms. Memory: 1370112K Free: 102120K (7%)
----------------- Invoking toplevel() on ptolemy.moml.MoMLSimpleApplication@33fccfe9
----------------- Done invoking toplevel() on ptolemy.moml.MoMLSimpleApplication@33fccfe9
reloadAllAccessors: .PublisherClassNoParameter

===========================================================================================
----------------- testing Fri Dec 28 03:07:50 UTC 2018 /home/travis/build/icyphy/ptII/ptolemy/actor/lib/test/auto/PublisherClassParameter.xml
----------------- Instantiating /home/travis/build/icyphy/ptII/ptolemy/actor/lib/test/auto/PublisherClassParameter.xml
2 ms. Memory: 1370112K Free: 83334K (6%)
----------------- Invoking toplevel() on ptolemy.moml.MoMLSimpleApplication@5eca2e43
----------------- Done invoking toplevel() on ptolemy.moml.MoMLSimpleApplication@5eca2e43
reloadAllAccessors: .PublisherClassParameter

===========================================================================================
----------------- testing Fri Dec 28 03:07:50 UTC 2018 /home/travis/build/icyphy/ptII/ptolemy/actor/lib/test/auto/PublisherNonStrictTest.xml
----------------- Instantiating /home/travis/build/icyphy/ptII/ptolemy/actor/lib/test/auto/PublisherNonStrictTest.xml
2 ms. Memory: 1550336K Free: 1500443K (97%)
----------------- Invoking toplevel() on ptolemy.moml.MoMLSimpleApplication@7a39a1ba
----------------- Done invoking toplevel() on ptolemy.moml.MoMLSimpleApplication@7a39a1ba
reloadAllAccessors: .PublisherNonStrictTest

===========================================================================================
----------------- testing Fri Dec 28 03:07:50 UTC 2018 /home/travis/build/icyphy/ptII/ptolemy/actor/lib/test/auto/PublisherPort1.xml
----------------- Instantiating /home/travis/build/icyphy/ptII/ptolemy/actor/lib/test/auto/PublisherPort1.xml
2 ms. Memory: 1550336K Free: 1480002K (95%)
----------------- Invoking toplevel() on ptolemy.moml.MoMLSimpleApplication@2284780e
----------------- Done invoking toplevel() on ptolemy.moml.MoMLSimpleApplication@2284780e
reloadAllAccessors: .PublisherPort1

===========================================================================================
----------------- testing Fri Dec 28 03:07:50 UTC 2018 /home/travis/build/icyphy/ptII/ptolemy/actor/lib/test/auto/PublisherPort2.xml
----------------- Instantiating /home/travis/build/icyphy/ptII/ptolemy/actor/lib/test/auto/PublisherPort2.xml
1 ms. Memory: 1550336K Free: 1465502K (95%)
----------------- Invoking toplevel() on ptolemy.moml.MoMLSimpleApplication@23aebde5
----------------- Done invoking toplevel() on ptolemy.moml.MoMLSimpleApplication@23aebde5
reloadAllAccessors: .PublisherPort2

===========================================================================================
----------------- testing Fri Dec 28 03:07:50 UTC 2018 /home/travis/build/icyphy/ptII/ptolemy/actor/lib/test/auto/PublisherPort3.xml
----------------- Instantiating /home/travis/build/icyphy/ptII/ptolemy/actor/lib/test/auto/PublisherPort3.xml
2 ms. Memory: 1550336K Free: 1445062K (93%)
----------------- Invoking toplevel() on ptolemy.moml.MoMLSimpleApplication@42499b7f
----------------- Done invoking toplevel() on ptolemy.moml.MoMLSimpleApplication@42499b7f
reloadAllAccessors: .PublisherPort3

===========================================================================================
----------------- testing Fri Dec 28 03:07:50 UTC 2018 /home/travis/build/icyphy/ptII/ptolemy/actor/lib/test/auto/PublisherPort4.xml
----------------- Instantiating /home/travis/build/icyphy/ptII/ptolemy/actor/lib/test/auto/PublisherPort4.xml
2 ms. Memory: 1550336K Free: 1430562K (92%)
----------------- Invoking toplevel() on ptolemy.moml.MoMLSimpleApplication@71509a72
----------------- Done invoking toplevel() on ptolemy.moml.MoMLSimpleApplication@71509a72
reloadAllAccessors: .PublisherPort4

===========================================================================================
----------------- testing Fri Dec 28 03:07:50 UTC 2018 /home/travis/build/icyphy/ptII/ptolemy/actor/lib/test/auto/PublisherPort5.xml
----------------- Instantiating /home/travis/build/icyphy/ptII/ptolemy/actor/lib/test/auto/PublisherPort5.xml
3 ms. Memory: 1550336K Free: 1410122K (91%)
----------------- Invoking toplevel() on ptolemy.moml.MoMLSimpleApplication@1e73ec42
----------------- Done invoking toplevel() on ptolemy.moml.MoMLSimpleApplication@1e73ec42
reloadAllAccessors: .PublisherPort5

===========================================================================================
----------------- testing Fri Dec 28 03:07:50 UTC 2018 /home/travis/build/icyphy/ptII/ptolemy/actor/lib/test/auto/PublisherPort5LookAlike.xml
----------------- Instantiating /home/travis/build/icyphy/ptII/ptolemy/actor/lib/test/auto/PublisherPort5LookAlike.xml
2 ms. Memory: 1550336K Free: 1395539K (90%)
----------------- Invoking toplevel() on ptolemy.moml.MoMLSimpleApplication@72e77d1d
----------------- Done invoking toplevel() on ptolemy.moml.MoMLSimpleApplication@72e77d1d
reloadAllAccessors: .PublisherPort5LookAlike

===========================================================================================
----------------- testing Fri Dec 28 03:07:50 UTC 2018 /home/travis/build/icyphy/ptII/ptolemy/actor/lib/test/auto/PublisherPort6.xml
----------------- Instantiating /home/travis/build/icyphy/ptII/ptolemy/actor/lib/test/auto/PublisherPort6.xml
1 ms. Memory: 1550336K Free: 1381039K (89%)
----------------- Invoking toplevel() on ptolemy.moml.MoMLSimpleApplication@6a2311df
----------------- Done invoking toplevel() on ptolemy.moml.MoMLSimpleApplication@6a2311df
reloadAllAccessors: .PublisherPort6

===========================================================================================
----------------- testing Fri Dec 28 03:07:50 UTC 2018 /home/travis/build/icyphy/ptII/ptolemy/actor/lib/test/auto/PublisherPort7.xml
----------------- Instantiating /home/travis/build/icyphy/ptII/ptolemy/actor/lib/test/auto/PublisherPort7.xml
2 ms. Memory: 1550336K Free: 1360599K (88%)
----------------- Invoking toplevel() on ptolemy.moml.MoMLSimpleApplication@6065bd6d
----------------- Done invoking toplevel() on ptolemy.moml.MoMLSimpleApplication@6065bd6d
reloadAllAccessors: .PublisherPort7

===========================================================================================
----------------- testing Fri Dec 28 03:07:50 UTC 2018 /home/travis/build/icyphy/ptII/ptolemy/actor/lib/test/auto/PublisherPort8.xml
----------------- Instantiating /home/travis/build/icyphy/ptII/ptolemy/actor/lib/test/auto/PublisherPort8.xml
3 ms. Memory: 1550336K Free: 1346099K (87%)
----------------- Invoking toplevel() on ptolemy.moml.MoMLSimpleApplication@29689073
----------------- Done invoking toplevel() on ptolemy.moml.MoMLSimpleApplication@29689073
reloadAllAccessors: .PublisherPort8

===========================================================================================
----------------- testing Fri Dec 28 03:07:50 UTC 2018 /home/travis/build/icyphy/ptII/ptolemy/actor/lib/test/auto/PublisherPortSubscriberChannelVariablesAOC2.xml
----------------- Instantiating /home/travis/build/icyphy/ptII/ptolemy/actor/lib/test/auto/PublisherPortSubscriberChannelVariablesAOC2.xml
3 ms. Memory: 1550336K Free: 1311126K (85%)
----------------- Invoking toplevel() on ptolemy.moml.MoMLSimpleApplication@7a4a0ba3
----------------- Done invoking toplevel() on ptolemy.moml.MoMLSimpleApplication@7a4a0ba3
reloadAllAccessors: .PublisherPortSubscriberChannelVariablesAOC2

===========================================================================================
----------------- testing Fri Dec 28 03:07:50 UTC 2018 /home/travis/build/icyphy/ptII/ptolemy/actor/lib/test/auto/PublisherPortSubscriberOpaqueWidthInference.xml
----------------- Instantiating /home/travis/build/icyphy/ptII/ptolemy/actor/lib/test/auto/PublisherPortSubscriberOpaqueWidthInference.xml
4 ms. Memory: 1550336K Free: 1296627K (84%)
----------------- Invoking toplevel() on ptolemy.moml.MoMLSimpleApplication@7df110e0
----------------- Done invoking toplevel() on ptolemy.moml.MoMLSimpleApplication@7df110e0
reloadAllAccessors: .PublisherPortSubscriberOpaqueWidthInference

===========================================================================================
----------------- testing Fri Dec 28 03:07:50 UTC 2018 /home/travis/build/icyphy/ptII/ptolemy/actor/lib/test/auto/PublisherPortSubscriberPortAdjacent.xml
----------------- Instantiating /home/travis/build/icyphy/ptII/ptolemy/actor/lib/test/auto/PublisherPortSubscriberPortAdjacent.xml
2 ms. Memory: 1550336K Free: 1282127K (83%)
----------------- Invoking toplevel() on ptolemy.moml.MoMLSimpleApplication@68a43b91
----------------- Done invoking toplevel() on ptolemy.moml.MoMLSimpleApplication@68a43b91
reloadAllAccessors: .PublisherPortSubscriberPortAdjacent

===========================================================================================
----------------- testing Fri Dec 28 03:07:50 UTC 2018 /home/travis/build/icyphy/ptII/ptolemy/actor/lib/test/auto/PublisherPortSubscriberPortExpression.xml
----------------- Instantiating /home/travis/build/icyphy/ptII/ptolemy/actor/lib/test/auto/PublisherPortSubscriberPortExpression.xml
3 ms. Memory: 1550336K Free: 1261686K (81%)
----------------- Invoking toplevel() on ptolemy.moml.MoMLSimpleApplication@4e242400
----------------- Done invoking toplevel() on ptolemy.moml.MoMLSimpleApplication@4e242400
reloadAllAccessors: .PublisherPortSubscriberPortExpression

===========================================================================================
----------------- testing Fri Dec 28 03:07:50 UTC 2018 /home/travis/build/icyphy/ptII/ptolemy/actor/lib/test/auto/PublisherPortSubscriberPortOpaqueD3Reverse.xml
----------------- Instantiating /home/travis/build/icyphy/ptII/ptolemy/actor/lib/test/auto/PublisherPortSubscriberPortOpaqueD3Reverse.xml
13 ms. Memory: 1550336K Free: 1247186K (80%)
----------------- Invoking toplevel() on ptolemy.moml.MoMLSimpleApplication@58961f91
----------------- Done invoking toplevel() on ptolemy.moml.MoMLSimpleApplication@58961f91
reloadAllAccessors: .PublisherPortSubscriberPortOpaqueD3Reverse

===========================================================================================
----------------- testing Fri Dec 28 03:07:50 UTC 2018 /home/travis/build/icyphy/ptII/ptolemy/actor/lib/test/auto/PublisherPortSubscriberPortOpaqueWidthInference.xml
----------------- Instantiating /home/travis/build/icyphy/ptII/ptolemy/actor/lib/test/auto/PublisherPortSubscriberPortOpaqueWidthInference.xml
3 ms. Memory: 1550336K Free: 1226746K (79%)
----------------- Invoking toplevel() on ptolemy.moml.MoMLSimpleApplication@10d08660
----------------- Done invoking toplevel() on ptolemy.moml.MoMLSimpleApplication@10d08660
reloadAllAccessors: .PublisherPortSubscriberPortOpaqueWidthInference

===========================================================================================
----------------- testing Fri Dec 28 03:07:50 UTC 2018 /home/travis/build/icyphy/ptII/ptolemy/actor/lib/test/auto/PublisherPortToplevelSubscriberPortAOC.xml
----------------- Instantiating /home/travis/build/icyphy/ptII/ptolemy/actor/lib/test/auto/PublisherPortToplevelSubscriberPortAOC.xml
.PublisherPortToplevelSubscriberPortAOC.TestExceptionAttribute: initialize() was not invoked, but wrapup() was.  This is unusual, but not always a problem.  For example, exporting JNLP will do this.
0 ms. Memory: 1550336K Free: 1212246K (78%)
----------------- Invoking toplevel() on ptolemy.moml.MoMLSimpleApplication@67f7eedb
----------------- Done invoking toplevel() on ptolemy.moml.MoMLSimpleApplication@67f7eedb
reloadAllAccessors: .PublisherPortToplevelSubscriberPortAOC

===========================================================================================
----------------- testing Fri Dec 28 03:07:50 UTC 2018 /home/travis/build/icyphy/ptII/ptolemy/actor/lib/test/auto/PublisherSubscriber.xml
----------------- Instantiating /home/travis/build/icyphy/ptII/ptolemy/actor/lib/test/auto/PublisherSubscriber.xml
2 ms. Memory: 1550336K Free: 1197746K (77%)
----------------- Invoking toplevel() on ptolemy.moml.MoMLSimpleApplication@13b6f957
----------------- Done invoking toplevel() on ptolemy.moml.MoMLSimpleApplication@13b6f957
reloadAllAccessors: .PublisherSubscriber

===========================================================================================
----------------- testing Fri Dec 28 03:07:50 UTC 2018 /home/travis/build/icyphy/ptII/ptolemy/actor/lib/test/auto/PublisherSubscriber10.xml
----------------- Instantiating /home/travis/build/icyphy/ptII/ptolemy/actor/lib/test/auto/PublisherSubscriber10.xml
5 ms. Memory: 1550336K Free: 1177305K (76%)
----------------- Invoking toplevel() on ptolemy.moml.MoMLSimpleApplication@2c12679a
----------------- Done invoking toplevel() on ptolemy.moml.MoMLSimpleApplication@2c12679a
reloadAllAccessors: .PublisherSubscriber10

===========================================================================================
----------------- testing Fri Dec 28 03:07:50 UTC 2018 /home/travis/build/icyphy/ptII/ptolemy/actor/lib/test/auto/PublisherSubscriber10InitialOutputs.xml
----------------- Instantiating /home/travis/build/icyphy/ptII/ptolemy/actor/lib/test/auto/PublisherSubscriber10InitialOutputs.xml
11 ms. Memory: 1550336K Free: 1162806K (75%)
----------------- Invoking toplevel() on ptolemy.moml.MoMLSimpleApplication@36030fcd
----------------- Done invoking toplevel() on ptolemy.moml.MoMLSimpleApplication@36030fcd
reloadAllAccessors: .PublisherSubscriber10InitialOutputs

===========================================================================================
----------------- testing Fri Dec 28 03:07:50 UTC 2018 /home/travis/build/icyphy/ptII/ptolemy/actor/lib/test/auto/PublisherSubscriber11.xml
----------------- Instantiating /home/travis/build/icyphy/ptII/ptolemy/actor/lib/test/auto/PublisherSubscriber11.xml
3 ms. Memory: 1550336K Free: 1142365K (74%)
----------------- Invoking toplevel() on ptolemy.moml.MoMLSimpleApplication@1221cd8a
----------------- Done invoking toplevel() on ptolemy.moml.MoMLSimpleApplication@1221cd8a
reloadAllAccessors: .PublisherSubscriber11

===========================================================================================
----------------- testing Fri Dec 28 03:07:50 UTC 2018 /home/travis/build/icyphy/ptII/ptolemy/actor/lib/test/auto/PublisherSubscriber12.xml
----------------- Instantiating /home/travis/build/icyphy/ptII/ptolemy/actor/lib/test/auto/PublisherSubscriber12.xml
5 ms. Memory: 1550336K Free: 1127865K (73%)
----------------- Invoking toplevel() on ptolemy.moml.MoMLSimpleApplication@60826076
----------------- Done invoking toplevel() on ptolemy.moml.MoMLSimpleApplication@60826076
reloadAllAccessors: .PublisherSubscriber12

===========================================================================================
----------------- testing Fri Dec 28 03:07:50 UTC 2018 /home/travis/build/icyphy/ptII/ptolemy/actor/lib/test/auto/PublisherSubscriber13.xml
----------------- Instantiating /home/travis/build/icyphy/ptII/ptolemy/actor/lib/test/auto/PublisherSubscriber13.xml
2 ms. Memory: 1550336K Free: 1113365K (72%)
----------------- Invoking toplevel() on ptolemy.moml.MoMLSimpleApplication@3bd25216
----------------- Done invoking toplevel() on ptolemy.moml.MoMLSimpleApplication@3bd25216
reloadAllAccessors: .PublisherSubscriber13

===========================================================================================
----------------- testing Fri Dec 28 03:07:50 UTC 2018 /home/travis/build/icyphy/ptII/ptolemy/actor/lib/test/auto/PublisherSubscriber14.xml
----------------- Instantiating /home/travis/build/icyphy/ptII/ptolemy/actor/lib/test/auto/PublisherSubscriber14.xml
1 ms. Memory: 1550336K Free: 1092925K (70%)
----------------- Invoking toplevel() on ptolemy.moml.MoMLSimpleApplication@25ce797
----------------- Done invoking toplevel() on ptolemy.moml.MoMLSimpleApplication@25ce797
reloadAllAccessors: .PublisherSubscriber14

===========================================================================================
----------------- testing Fri Dec 28 03:07:51 UTC 2018 /home/travis/build/icyphy/ptII/ptolemy/actor/lib/test/auto/PublisherSubscriber2.xml
----------------- Instantiating /home/travis/build/icyphy/ptII/ptolemy/actor/lib/test/auto/PublisherSubscriber2.xml
3 ms. Memory: 1550336K Free: 1078425K (70%)
----------------- Invoking toplevel() on ptolemy.moml.MoMLSimpleApplication@571af2fe
----------------- Done invoking toplevel() on ptolemy.moml.MoMLSimpleApplication@571af2fe
reloadAllAccessors: .PublisherSubscriber2

===========================================================================================
----------------- testing Fri Dec 28 03:07:51 UTC 2018 /home/travis/build/icyphy/ptII/ptolemy/actor/lib/test/auto/PublisherSubscriber3.xml
----------------- Instantiating /home/travis/build/icyphy/ptII/ptolemy/actor/lib/test/auto/PublisherSubscriber3.xml
1 ms. Memory: 1550336K Free: 1057984K (68%)
----------------- Invoking toplevel() on ptolemy.moml.MoMLSimpleApplication@24f149af
----------------- Done invoking toplevel() on ptolemy.moml.MoMLSimpleApplication@24f149af
reloadAllAccessors: .PublisherSubscriber3

===========================================================================================
----------------- testing Fri Dec 28 03:07:51 UTC 2018 /home/travis/build/icyphy/ptII/ptolemy/actor/lib/test/auto/PublisherSubscriber4.xml
----------------- Instantiating /home/travis/build/icyphy/ptII/ptolemy/actor/lib/test/auto/PublisherSubscriber4.xml
2 ms. Memory: 1550336K Free: 1043485K (67%)
----------------- Invoking toplevel() on ptolemy.moml.MoMLSimpleApplication@590180da
----------------- Done invoking toplevel() on ptolemy.moml.MoMLSimpleApplication@590180da
reloadAllAccessors: .PublisherSubscriber4

===========================================================================================
----------------- testing Fri Dec 28 03:07:51 UTC 2018 /home/travis/build/icyphy/ptII/ptolemy/actor/lib/test/auto/PublisherSubscriber5.xml
----------------- Instantiating /home/travis/build/icyphy/ptII/ptolemy/actor/lib/test/auto/PublisherSubscriber5.xml
1 ms. Memory: 1550336K Free: 1028985K (66%)
----------------- Invoking toplevel() on ptolemy.moml.MoMLSimpleApplication@294ba9b5
----------------- Done invoking toplevel() on ptolemy.moml.MoMLSimpleApplication@294ba9b5
reloadAllAccessors: .PublisherSubscriber5

===========================================================================================
----------------- testing Fri Dec 28 03:07:51 UTC 2018 /home/travis/build/icyphy/ptII/ptolemy/actor/lib/test/auto/PublisherSubscriber6.xml
----------------- Instantiating /home/travis/build/icyphy/ptII/ptolemy/actor/lib/test/auto/PublisherSubscriber6.xml
4 ms. Memory: 1550336K Free: 1008544K (65%)
----------------- Invoking toplevel() on ptolemy.moml.MoMLSimpleApplication@12a3bb1e
----------------- Done invoking toplevel() on ptolemy.moml.MoMLSimpleApplication@12a3bb1e
reloadAllAccessors: .PublisherSubscriber6

===========================================================================================
----------------- testing Fri Dec 28 03:07:51 UTC 2018 /home/travis/build/icyphy/ptII/ptolemy/actor/lib/test/auto/PublisherSubscriber7.xml
----------------- Instantiating /home/travis/build/icyphy/ptII/ptolemy/actor/lib/test/auto/PublisherSubscriber7.xml
6 ms. Memory: 1550336K Free: 994044K (64%)
----------------- Invoking toplevel() on ptolemy.moml.MoMLSimpleApplication@73876cdc
----------------- Done invoking toplevel() on ptolemy.moml.MoMLSimpleApplication@73876cdc
reloadAllAccessors: .PublisherSubscriber7

===========================================================================================
----------------- testing Fri Dec 28 03:07:51 UTC 2018 /home/travis/build/icyphy/ptII/ptolemy/actor/lib/test/auto/PublisherSubscriber8.xml
----------------- Instantiating /home/travis/build/icyphy/ptII/ptolemy/actor/lib/test/auto/PublisherSubscriber8.xml
10 ms. Memory: 1550336K Free: 901104K (58%)
----------------- Invoking toplevel() on ptolemy.moml.MoMLSimpleApplication@3194d77a
----------------- Done invoking toplevel() on ptolemy.moml.MoMLSimpleApplication@3194d77a
reloadAllAccessors: .PublisherSubscriber8

===========================================================================================
----------------- testing Fri Dec 28 03:07:51 UTC 2018 /home/travis/build/icyphy/ptII/ptolemy/actor/lib/test/auto/PublisherSubscriber9.xml
----------------- Instantiating /home/travis/build/icyphy/ptII/ptolemy/actor/lib/test/auto/PublisherSubscriber9.xml
6 ms. Memory: 1550336K Free: 886604K (57%)
----------------- Invoking toplevel() on ptolemy.moml.MoMLSimpleApplication@7c8c141b
----------------- Done invoking toplevel() on ptolemy.moml.MoMLSimpleApplication@7c8c141b
reloadAllAccessors: .PublisherSubscriber9

===========================================================================================
----------------- testing Fri Dec 28 03:07:51 UTC 2018 /home/travis/build/icyphy/ptII/ptolemy/actor/lib/test/auto/PublisherSubscriberAdjacent.xml
----------------- Instantiating /home/travis/build/icyphy/ptII/ptolemy/actor/lib/test/auto/PublisherSubscriberAdjacent.xml
2 ms. Memory: 1550336K Free: 866164K (56%)
----------------- Invoking toplevel() on ptolemy.moml.MoMLSimpleApplication@646948ba
----------------- Done invoking toplevel() on ptolemy.moml.MoMLSimpleApplication@646948ba
reloadAllAccessors: .PublisherSubscriberAdjacent

===========================================================================================
----------------- testing Fri Dec 28 03:07:51 UTC 2018 /home/travis/build/icyphy/ptII/ptolemy/actor/lib/test/auto/PublisherSubscriberChannelVariablesAOC2.xml
----------------- Instantiating /home/travis/build/icyphy/ptII/ptolemy/actor/lib/test/auto/PublisherSubscriberChannelVariablesAOC2.xml
2 ms. Memory: 1550336K Free: 844414K (54%)
----------------- Invoking toplevel() on ptolemy.moml.MoMLSimpleApplication@405691f4
----------------- Done invoking toplevel() on ptolemy.moml.MoMLSimpleApplication@405691f4
reloadAllAccessors: .PublisherSubscriberChannelVariablesAOC2

===========================================================================================
----------------- testing Fri Dec 28 03:07:51 UTC 2018 /home/travis/build/icyphy/ptII/ptolemy/actor/lib/test/auto/PublisherSubscriberD3.xml
----------------- Instantiating /home/travis/build/icyphy/ptII/ptolemy/actor/lib/test/auto/PublisherSubscriberD3.xml
1 ms. Memory: 1550336K Free: 829914K (54%)
----------------- Invoking toplevel() on ptolemy.moml.MoMLSimpleApplication@456eb78c
----------------- Done invoking toplevel() on ptolemy.moml.MoMLSimpleApplication@456eb78c
reloadAllAccessors: .PublisherSubscriberD3

===========================================================================================
----------------- testing Fri Dec 28 03:07:51 UTC 2018 /home/travis/build/icyphy/ptII/ptolemy/actor/lib/test/auto/PublisherSubscriberD3Reverse.xml
----------------- Instantiating /home/travis/build/icyphy/ptII/ptolemy/actor/lib/test/auto/PublisherSubscriberD3Reverse.xml
2 ms. Memory: 1550336K Free: 809473K (52%)
----------------- Invoking toplevel() on ptolemy.moml.MoMLSimpleApplication@65547804
----------------- Done invoking toplevel() on ptolemy.moml.MoMLSimpleApplication@65547804
reloadAllAccessors: .PublisherSubscriberD3Reverse

===========================================================================================
----------------- testing Fri Dec 28 03:07:51 UTC 2018 /home/travis/build/icyphy/ptII/ptolemy/actor/lib/test/auto/PublisherSubscriberExpression.xml
----------------- Instantiating /home/travis/build/icyphy/ptII/ptolemy/actor/lib/test/auto/PublisherSubscriberExpression.xml
3 ms. Memory: 1550336K Free: 794974K (51%)
----------------- Invoking toplevel() on ptolemy.moml.MoMLSimpleApplication@550228e9
----------------- Done invoking toplevel() on ptolemy.moml.MoMLSimpleApplication@550228e9
reloadAllAccessors: .PublisherSubscriberExpression

===========================================================================================
----------------- testing Fri Dec 28 03:07:51 UTC 2018 /home/travis/build/icyphy/ptII/ptolemy/actor/lib/test/auto/PublisherSubscriberOpaque.xml
----------------- Instantiating /home/travis/build/icyphy/ptII/ptolemy/actor/lib/test/auto/PublisherSubscriberOpaque.xml
3 ms. Memory: 1550336K Free: 774533K (50%)
----------------- Invoking toplevel() on ptolemy.moml.MoMLSimpleApplication@7775fdfd
----------------- Done invoking toplevel() on ptolemy.moml.MoMLSimpleApplication@7775fdfd
reloadAllAccessors: .PublisherSubscriberOpaque

===========================================================================================
----------------- testing Fri Dec 28 03:07:51 UTC 2018 /home/travis/build/icyphy/ptII/ptolemy/actor/lib/test/auto/PublisherSubscriberOpaqueD3.xml
----------------- Instantiating /home/travis/build/icyphy/ptII/ptolemy/actor/lib/test/auto/PublisherSubscriberOpaqueD3.xml
5 ms. Memory: 1550336K Free: 752783K (49%)
----------------- Invoking toplevel() on ptolemy.moml.MoMLSimpleApplication@46ec2392
----------------- Done invoking toplevel() on ptolemy.moml.MoMLSimpleApplication@46ec2392
reloadAllAccessors: .PublisherSubscriberOpaqueD3

===========================================================================================
----------------- testing Fri Dec 28 03:07:51 UTC 2018 /home/travis/build/icyphy/ptII/ptolemy/actor/lib/test/auto/PublisherSubscriberOpaqueD3Reverse.xml
----------------- Instantiating /home/travis/build/icyphy/ptII/ptolemy/actor/lib/test/auto/PublisherSubscriberOpaqueD3Reverse.xml
5 ms. Memory: 1550336K Free: 738283K (48%)
----------------- Invoking toplevel() on ptolemy.moml.MoMLSimpleApplication@47a1e2bf
----------------- Done invoking toplevel() on ptolemy.moml.MoMLSimpleApplication@47a1e2bf
reloadAllAccessors: .PublisherSubscriberOpaqueD3Reverse

===========================================================================================
----------------- testing Fri Dec 28 03:07:51 UTC 2018 /home/travis/build/icyphy/ptII/ptolemy/actor/lib/test/auto/PublisherSubscriberOpaqueWidthInference.xml
----------------- Instantiating /home/travis/build/icyphy/ptII/ptolemy/actor/lib/test/auto/PublisherSubscriberOpaqueWidthInference.xml
4 ms. Memory: 1550336K Free: 717843K (46%)
----------------- Invoking toplevel() on ptolemy.moml.MoMLSimpleApplication@1d8a4ab3
----------------- Done invoking toplevel() on ptolemy.moml.MoMLSimpleApplication@1d8a4ab3
reloadAllAccessors: .PublisherSubscriberOpaqueWidthInference

===========================================================================================
----------------- testing Fri Dec 28 03:07:51 UTC 2018 /home/travis/build/icyphy/ptII/ptolemy/actor/lib/test/auto/PublisherTestSubscriber.xml
----------------- Instantiating /home/travis/build/icyphy/ptII/ptolemy/actor/lib/test/auto/PublisherTestSubscriber.xml
2 ms. Memory: 1550336K Free: 703343K (45%)
----------------- Invoking toplevel() on ptolemy.moml.MoMLSimpleApplication@567ef2da
----------------- Done invoking toplevel() on ptolemy.moml.MoMLSimpleApplication@567ef2da
reloadAllAccessors: .PublisherTestSubscriber

===========================================================================================
----------------- testing Fri Dec 28 03:07:51 UTC 2018 /home/travis/build/icyphy/ptII/ptolemy/actor/lib/test/auto/PublisherToplevelSubscriberPortAOC.xml
----------------- Instantiating /home/travis/build/icyphy/ptII/ptolemy/actor/lib/test/auto/PublisherToplevelSubscriberPortAOC.xml
2 ms. Memory: 1550336K Free: 682902K (44%)
----------------- Invoking toplevel() on ptolemy.moml.MoMLSimpleApplication@441c2f67
----------------- Done invoking toplevel() on ptolemy.moml.MoMLSimpleApplication@441c2f67
reloadAllAccessors: .PublisherToplevelSubscriberPortAOC

===========================================================================================
----------------- testing Fri Dec 28 03:07:51 UTC 2018 /home/travis/build/icyphy/ptII/ptolemy/actor/lib/test/auto/PulseFiringLimitDE.xml
----------------- Instantiating /home/travis/build/icyphy/ptII/ptolemy/actor/lib/test/auto/PulseFiringLimitDE.xml
1 ms. Memory: 1550336K Free: 668402K (43%)
----------------- Invoking toplevel() on ptolemy.moml.MoMLSimpleApplication@6c6e7872
----------------- Done invoking toplevel() on ptolemy.moml.MoMLSimpleApplication@6c6e7872
reloadAllAccessors: .PulseFiringLimitDE

===========================================================================================
----------------- testing Fri Dec 28 03:07:51 UTC 2018 /home/travis/build/icyphy/ptII/ptolemy/actor/lib/test/auto/Ramp1.xml
----------------- Instantiating /home/travis/build/icyphy/ptII/ptolemy/actor/lib/test/auto/Ramp1.xml
1 ms. Memory: 1550336K Free: 653903K (42%)
----------------- Invoking toplevel() on ptolemy.moml.MoMLSimpleApplication@17607305
----------------- Done invoking toplevel() on ptolemy.moml.MoMLSimpleApplication@17607305
reloadAllAccessors: .Ramp1

===========================================================================================
----------------- testing Fri Dec 28 03:07:51 UTC 2018 /home/travis/build/icyphy/ptII/ptolemy/actor/lib/test/auto/RampFiringLimitDE.xml
----------------- Instantiating /home/travis/build/icyphy/ptII/ptolemy/actor/lib/test/auto/RampFiringLimitDE.xml
2 ms. Memory: 1550336K Free: 633462K (41%)
----------------- Invoking toplevel() on ptolemy.moml.MoMLSimpleApplication@6a2e5f2d
----------------- Done invoking toplevel() on ptolemy.moml.MoMLSimpleApplication@6a2e5f2d
reloadAllAccessors: .RampFiringLimitDE

===========================================================================================
----------------- testing Fri Dec 28 03:07:51 UTC 2018 /home/travis/build/icyphy/ptII/ptolemy/actor/lib/test/auto/RampFiringLimitSDF.xml
----------------- Instantiating /home/travis/build/icyphy/ptII/ptolemy/actor/lib/test/auto/RampFiringLimitSDF.xml
2 ms. Memory: 1550336K Free: 618962K (40%)
----------------- Invoking toplevel() on ptolemy.moml.MoMLSimpleApplication@43d28826
----------------- Done invoking toplevel() on ptolemy.moml.MoMLSimpleApplication@43d28826
reloadAllAccessors: .RampFiringLimitSDF

===========================================================================================
----------------- testing Fri Dec 28 03:07:51 UTC 2018 /home/travis/build/icyphy/ptII/ptolemy/actor/lib/test/auto/RandomInteger.xml
----------------- Instantiating /home/travis/build/icyphy/ptII/ptolemy/actor/lib/test/auto/RandomInteger.xml
2 ms. Memory: 1550336K Free: 598521K (39%)
----------------- Invoking toplevel() on ptolemy.moml.MoMLSimpleApplication@3fe634bc
----------------- Done invoking toplevel() on ptolemy.moml.MoMLSimpleApplication@3fe634bc
reloadAllAccessors: .RandomInteger

===========================================================================================
----------------- testing Fri Dec 28 03:07:51 UTC 2018 /home/travis/build/icyphy/ptII/ptolemy/actor/lib/test/auto/ReadFile1.xml
----------------- Instantiating /home/travis/build/icyphy/ptII/ptolemy/actor/lib/test/auto/ReadFile1.xml
1 ms. Memory: 1550336K Free: 584022K (38%)
----------------- Invoking toplevel() on ptolemy.moml.MoMLSimpleApplication@21916c1b
----------------- Done invoking toplevel() on ptolemy.moml.MoMLSimpleApplication@21916c1b
reloadAllAccessors: .ReadFile1

===========================================================================================
----------------- testing Fri Dec 28 03:07:51 UTC 2018 /home/travis/build/icyphy/ptII/ptolemy/actor/lib/test/auto/ReadFile2.xml
----------------- Instantiating /home/travis/build/icyphy/ptII/ptolemy/actor/lib/test/auto/ReadFile2.xml
1 ms. Memory: 1550336K Free: 563581K (36%)
----------------- Invoking toplevel() on ptolemy.moml.MoMLSimpleApplication@10c4f7d4
----------------- Done invoking toplevel() on ptolemy.moml.MoMLSimpleApplication@10c4f7d4
reloadAllAccessors: .ReadFile2

===========================================================================================
----------------- testing Fri Dec 28 03:07:51 UTC 2018 /home/travis/build/icyphy/ptII/ptolemy/actor/lib/test/auto/Reader.xml
----------------- Instantiating /home/travis/build/icyphy/ptII/ptolemy/actor/lib/test/auto/Reader.xml
actor.lib.Reader is obsolete, use actor.lib.io.ExpressionReader instead
5 ms. Memory: 1550336K Free: 549081K (35%)
----------------- Invoking toplevel() on ptolemy.moml.MoMLSimpleApplication@1c61d8a6
----------------- Done invoking toplevel() on ptolemy.moml.MoMLSimpleApplication@1c61d8a6
reloadAllAccessors: .Reader

===========================================================================================
----------------- testing Fri Dec 28 03:07:51 UTC 2018 /home/travis/build/icyphy/ptII/ptolemy/actor/lib/test/auto/RecordAssemblerDisplayNameTest.xml
----------------- Instantiating /home/travis/build/icyphy/ptII/ptolemy/actor/lib/test/auto/RecordAssemblerDisplayNameTest.xml
3144 ms. Memory: 1583104K Free: 760733K (48%)
----------------- Invoking toplevel() on ptolemy.moml.MoMLSimpleApplication@38817c79
----------------- Done invoking toplevel() on ptolemy.moml.MoMLSimpleApplication@38817c79
reloadAllAccessors: .RecordAssemblerDisplayNameTest

===========================================================================================
----------------- testing Fri Dec 28 03:07:54 UTC 2018 /home/travis/build/icyphy/ptII/ptolemy/actor/lib/test/auto/RecordAssemblerTypeError.xml
----------------- Instantiating /home/travis/build/icyphy/ptII/ptolemy/actor/lib/test/auto/RecordAssemblerTypeError.xml
5 ms. Memory: 1583104K Free: 730322K (46%)
----------------- Invoking toplevel() on ptolemy.moml.MoMLSimpleApplication@68e9a291
----------------- Done invoking toplevel() on ptolemy.moml.MoMLSimpleApplication@68e9a291
reloadAllAccessors: .RecordAssemblerTypeError

===========================================================================================
----------------- testing Fri Dec 28 03:07:54 UTC 2018 /home/travis/build/icyphy/ptII/ptolemy/actor/lib/test/auto/RecordDisassember.xml
----------------- Instantiating /home/travis/build/icyphy/ptII/ptolemy/actor/lib/test/auto/RecordDisassember.xml
3 ms. Memory: 1583104K Free: 710898K (45%)
----------------- Invoking toplevel() on ptolemy.moml.MoMLSimpleApplication@68a17c3e
----------------- Done invoking toplevel() on ptolemy.moml.MoMLSimpleApplication@68a17c3e
reloadAllAccessors: .RecordDisassember

===========================================================================================
----------------- testing Fri Dec 28 03:07:54 UTC 2018 /home/travis/build/icyphy/ptII/ptolemy/actor/lib/test/auto/RecordDisassemberDisplayNameTest.xml
----------------- Instantiating /home/travis/build/icyphy/ptII/ptolemy/actor/lib/test/auto/RecordDisassemberDisplayNameTest.xml
4 ms. Memory: 1583104K Free: 696250K (44%)
----------------- Invoking toplevel() on ptolemy.moml.MoMLSimpleApplication@6df64c22
----------------- Done invoking toplevel() on ptolemy.moml.MoMLSimpleApplication@6df64c22
reloadAllAccessors: .RecordDisassemberDisplayNameTest

===========================================================================================
----------------- testing Fri Dec 28 03:07:54 UTC 2018 /home/travis/build/icyphy/ptII/ptolemy/actor/lib/test/auto/RecordDisassembler.xml
----------------- Instantiating /home/travis/build/icyphy/ptII/ptolemy/actor/lib/test/auto/RecordDisassembler.xml
2 ms. Memory: 1583104K Free: 676825K (43%)
----------------- Invoking toplevel() on ptolemy.moml.MoMLSimpleApplication@1c0b5ce0
----------------- Done invoking toplevel() on ptolemy.moml.MoMLSimpleApplication@1c0b5ce0
reloadAllAccessors: .RecordDisassembler

===========================================================================================
----------------- testing Fri Dec 28 03:07:54 UTC 2018 /home/travis/build/icyphy/ptII/ptolemy/actor/lib/test/auto/RecordDisassembler2.xml
----------------- Instantiating /home/travis/build/icyphy/ptII/ptolemy/actor/lib/test/auto/RecordDisassembler2.xml
3 ms. Memory: 1583104K Free: 662123K (42%)
----------------- Invoking toplevel() on ptolemy.moml.MoMLSimpleApplication@241a414a
----------------- Done invoking toplevel() on ptolemy.moml.MoMLSimpleApplication@241a414a
reloadAllAccessors: .RecordDisassembler2

===========================================================================================
----------------- testing Fri Dec 28 03:07:54 UTC 2018 /home/travis/build/icyphy/ptII/ptolemy/actor/lib/test/auto/RecordUpdater.xml
----------------- Instantiating /home/travis/build/icyphy/ptII/ptolemy/actor/lib/test/auto/RecordUpdater.xml
1 ms. Memory: 1583104K Free: 642698K (41%)
----------------- Invoking toplevel() on ptolemy.moml.MoMLSimpleApplication@53738029
----------------- Done invoking toplevel() on ptolemy.moml.MoMLSimpleApplication@53738029
reloadAllAccessors: .RecordUpdater

===========================================================================================
----------------- testing Fri Dec 28 03:07:54 UTC 2018 /home/travis/build/icyphy/ptII/ptolemy/actor/lib/test/auto/RecordUpdater2.xml
----------------- Instantiating /home/travis/build/icyphy/ptII/ptolemy/actor/lib/test/auto/RecordUpdater2.xml
2 ms. Memory: 1583104K Free: 628050K (40%)
----------------- Invoking toplevel() on ptolemy.moml.MoMLSimpleApplication@21c3d587
----------------- Done invoking toplevel() on ptolemy.moml.MoMLSimpleApplication@21c3d587
reloadAllAccessors: .RecordUpdater2

===========================================================================================
----------------- testing Fri Dec 28 03:07:54 UTC 2018 /home/travis/build/icyphy/ptII/ptolemy/actor/lib/test/auto/RecursiveLattice.xml
----------------- Instantiating /home/travis/build/icyphy/ptII/ptolemy/actor/lib/test/auto/RecursiveLattice.xml
1 ms. Memory: 1583104K Free: 608625K (38%)
----------------- Invoking toplevel() on ptolemy.moml.MoMLSimpleApplication@2d575e46
----------------- Done invoking toplevel() on ptolemy.moml.MoMLSimpleApplication@2d575e46
reloadAllAccessors: .RecursiveLattice

===========================================================================================
----------------- testing Fri Dec 28 03:07:54 UTC 2018 /home/travis/build/icyphy/ptII/ptolemy/actor/lib/test/auto/Router.xml
----------------- Instantiating /home/travis/build/icyphy/ptII/ptolemy/actor/lib/test/auto/Router.xml
3004 ms. Memory: 1583104K Free: 593977K (38%)
----------------- Invoking toplevel() on ptolemy.moml.MoMLSimpleApplication@561537fa
----------------- Done invoking toplevel() on ptolemy.moml.MoMLSimpleApplication@561537fa
reloadAllAccessors: .Router

===========================================================================================
----------------- testing Fri Dec 28 03:07:57 UTC 2018 /home/travis/build/icyphy/ptII/ptolemy/actor/lib/test/auto/Router2.xml
----------------- Instantiating /home/travis/build/icyphy/ptII/ptolemy/actor/lib/test/auto/Router2.xml
3004 ms. Memory: 1583104K Free: 574553K (36%)
----------------- Invoking toplevel() on ptolemy.moml.MoMLSimpleApplication@7addd4f4
----------------- Done invoking toplevel() on ptolemy.moml.MoMLSimpleApplication@7addd4f4
reloadAllAccessors: .Router2

===========================================================================================
----------------- testing Fri Dec 28 03:08:00 UTC 2018 /home/travis/build/icyphy/ptII/ptolemy/actor/lib/test/auto/RunningMaximum.xml
----------------- Instantiating /home/travis/build/icyphy/ptII/ptolemy/actor/lib/test/auto/RunningMaximum.xml
2 ms. Memory: 1583104K Free: 559905K (35%)
----------------- Invoking toplevel() on ptolemy.moml.MoMLSimpleApplication@3fbada08
----------------- Done invoking toplevel() on ptolemy.moml.MoMLSimpleApplication@3fbada08
reloadAllAccessors: .RunningMaximum

===========================================================================================
----------------- testing Fri Dec 28 03:08:00 UTC 2018 /home/travis/build/icyphy/ptII/ptolemy/actor/lib/test/auto/RunningMinimum.xml
----------------- Instantiating /home/travis/build/icyphy/ptII/ptolemy/actor/lib/test/auto/RunningMinimum.xml
2 ms. Memory: 1583104K Free: 540480K (34%)
----------------- Invoking toplevel() on ptolemy.moml.MoMLSimpleApplication@3cbe3390
----------------- Done invoking toplevel() on ptolemy.moml.MoMLSimpleApplication@3cbe3390
reloadAllAccessors: .RunningMinimum

===========================================================================================
----------------- testing Fri Dec 28 03:08:00 UTC 2018 /home/travis/build/icyphy/ptII/ptolemy/actor/lib/test/auto/Scale.xml
----------------- Instantiating /home/travis/build/icyphy/ptII/ptolemy/actor/lib/test/auto/Scale.xml
1 ms. Memory: 1583104K Free: 525832K (33%)
----------------- Invoking toplevel() on ptolemy.moml.MoMLSimpleApplication@6f4a74bf
----------------- Done invoking toplevel() on ptolemy.moml.MoMLSimpleApplication@6f4a74bf
reloadAllAccessors: .Scale

===========================================================================================
----------------- testing Fri Dec 28 03:08:00 UTC 2018 /home/travis/build/icyphy/ptII/ptolemy/actor/lib/test/auto/Scale2.xml
----------------- Instantiating /home/travis/build/icyphy/ptII/ptolemy/actor/lib/test/auto/Scale2.xml
1 ms. Memory: 1583104K Free: 506408K (32%)
----------------- Invoking toplevel() on ptolemy.moml.MoMLSimpleApplication@21ce070a
----------------- Done invoking toplevel() on ptolemy.moml.MoMLSimpleApplication@21ce070a
reloadAllAccessors: .Scale2

===========================================================================================
----------------- testing Fri Dec 28 03:08:00 UTC 2018 /home/travis/build/icyphy/ptII/ptolemy/actor/lib/test/auto/Scale3.xml
----------------- Instantiating /home/travis/build/icyphy/ptII/ptolemy/actor/lib/test/auto/Scale3.xml
2 ms. Memory: 1583104K Free: 491760K (31%)
----------------- Invoking toplevel() on ptolemy.moml.MoMLSimpleApplication@74f1ade6
----------------- Done invoking toplevel() on ptolemy.moml.MoMLSimpleApplication@74f1ade6
reloadAllAccessors: .Scale3

===========================================================================================
----------------- testing Fri Dec 28 03:08:00 UTC 2018 /home/travis/build/icyphy/ptII/ptolemy/actor/lib/test/auto/ScaleArray.xml
----------------- Instantiating /home/travis/build/icyphy/ptII/ptolemy/actor/lib/test/auto/ScaleArray.xml
1 ms. Memory: 1583104K Free: 472335K (30%)
----------------- Invoking toplevel() on ptolemy.moml.MoMLSimpleApplication@381ea42c
----------------- Done invoking toplevel() on ptolemy.moml.MoMLSimpleApplication@381ea42c
reloadAllAccessors: .ScaleArray

===========================================================================================
----------------- testing Fri Dec 28 03:08:00 UTC 2018 /home/travis/build/icyphy/ptII/ptolemy/actor/lib/test/auto/ScaleArray2.xml
----------------- Instantiating /home/travis/build/icyphy/ptII/ptolemy/actor/lib/test/auto/ScaleArray2.xml
1 ms. Memory: 1583104K Free: 457687K (29%)
----------------- Invoking toplevel() on ptolemy.moml.MoMLSimpleApplication@591ff5db
----------------- Done invoking toplevel() on ptolemy.moml.MoMLSimpleApplication@591ff5db
reloadAllAccessors: .ScaleArray2

===========================================================================================
----------------- testing Fri Dec 28 03:08:01 UTC 2018 /home/travis/build/icyphy/ptII/ptolemy/actor/lib/test/auto/ScaleMatrix.xml
----------------- Instantiating /home/travis/build/icyphy/ptII/ptolemy/actor/lib/test/auto/ScaleMatrix.xml
93 ms. Memory: 1583104K Free: 430938K (27%)
----------------- Invoking toplevel() on ptolemy.moml.MoMLSimpleApplication@4b395867
----------------- Done invoking toplevel() on ptolemy.moml.MoMLSimpleApplication@4b395867
reloadAllAccessors: .ScaleMatrix

===========================================================================================
----------------- testing Fri Dec 28 03:08:01 UTC 2018 /home/travis/build/icyphy/ptII/ptolemy/actor/lib/test/auto/Select.xml
----------------- Instantiating /home/travis/build/icyphy/ptII/ptolemy/actor/lib/test/auto/Select.xml
2 ms. Memory: 1583104K Free: 416290K (26%)
----------------- Invoking toplevel() on ptolemy.moml.MoMLSimpleApplication@689dc5e4
----------------- Done invoking toplevel() on ptolemy.moml.MoMLSimpleApplication@689dc5e4
reloadAllAccessors: .Select

===========================================================================================
----------------- testing Fri Dec 28 03:08:01 UTC 2018 /home/travis/build/icyphy/ptII/ptolemy/actor/lib/test/auto/Select2.xml
----------------- Instantiating /home/travis/build/icyphy/ptII/ptolemy/actor/lib/test/auto/Select2.xml
1 ms. Memory: 1583104K Free: 396866K (25%)
----------------- Invoking toplevel() on ptolemy.moml.MoMLSimpleApplication@39c74b5e
----------------- Done invoking toplevel() on ptolemy.moml.MoMLSimpleApplication@39c74b5e
reloadAllAccessors: .Select2

===========================================================================================
----------------- testing Fri Dec 28 03:08:01 UTC 2018 /home/travis/build/icyphy/ptII/ptolemy/actor/lib/test/auto/SequenceToArray2.xml
----------------- Instantiating /home/travis/build/icyphy/ptII/ptolemy/actor/lib/test/auto/SequenceToArray2.xml
73 ms. Memory: 1583104K Free: 308975K (20%)
----------------- Invoking toplevel() on ptolemy.moml.MoMLSimpleApplication@6604dfc4
----------------- Done invoking toplevel() on ptolemy.moml.MoMLSimpleApplication@6604dfc4
reloadAllAccessors: .SequenceToArray2

===========================================================================================
----------------- testing Fri Dec 28 03:08:01 UTC 2018 /home/travis/build/icyphy/ptII/ptolemy/actor/lib/test/auto/SequentialClock.xml
----------------- Instantiating /home/travis/build/icyphy/ptII/ptolemy/actor/lib/test/auto/SequentialClock.xml
1 ms. Memory: 1583104K Free: 289551K (18%)
----------------- Invoking toplevel() on ptolemy.moml.MoMLSimpleApplication@7763c992
----------------- Done invoking toplevel() on ptolemy.moml.MoMLSimpleApplication@7763c992
reloadAllAccessors: .SequentialClock

===========================================================================================
----------------- testing Fri Dec 28 03:08:01 UTC 2018 /home/travis/build/icyphy/ptII/ptolemy/actor/lib/test/auto/SetVariable.xml
----------------- Instantiating /home/travis/build/icyphy/ptII/ptolemy/actor/lib/test/auto/SetVariable.xml
4 ms. Memory: 1583104K Free: 274903K (17%)
----------------- Invoking toplevel() on ptolemy.moml.MoMLSimpleApplication@77cf5846
----------------- Done invoking toplevel() on ptolemy.moml.MoMLSimpleApplication@77cf5846
reloadAllAccessors: .SetVariable

===========================================================================================
----------------- testing Fri Dec 28 03:08:01 UTC 2018 /home/travis/build/icyphy/ptII/ptolemy/actor/lib/test/auto/SetVariable2.xml
----------------- Instantiating /home/travis/build/icyphy/ptII/ptolemy/actor/lib/test/auto/SetVariable2.xml
3 ms. Memory: 1583104K Free: 255478K (16%)
----------------- Invoking toplevel() on ptolemy.moml.MoMLSimpleApplication@427e5a1b
----------------- Done invoking toplevel() on ptolemy.moml.MoMLSimpleApplication@427e5a1b
reloadAllAccessors: .SetVariable2

===========================================================================================
----------------- testing Fri Dec 28 03:08:01 UTC 2018 /home/travis/build/icyphy/ptII/ptolemy/actor/lib/test/auto/SetVariable3.xml
----------------- Instantiating /home/travis/build/icyphy/ptII/ptolemy/actor/lib/test/auto/SetVariable3.xml
7 ms. Memory: 1583104K Free: 240830K (15%)
----------------- Invoking toplevel() on ptolemy.moml.MoMLSimpleApplication@7acbea0
----------------- Done invoking toplevel() on ptolemy.moml.MoMLSimpleApplication@7acbea0
reloadAllAccessors: .SetVariable3

===========================================================================================
----------------- testing Fri Dec 28 03:08:01 UTC 2018 /home/travis/build/icyphy/ptII/ptolemy/actor/lib/test/auto/SetVariable4.xml
----------------- Instantiating /home/travis/build/icyphy/ptII/ptolemy/actor/lib/test/auto/SetVariable4.xml
14 ms. Memory: 1583104K Free: 170136K (11%)
----------------- Invoking toplevel() on ptolemy.moml.MoMLSimpleApplication@3297f00e
----------------- Done invoking toplevel() on ptolemy.moml.MoMLSimpleApplication@3297f00e
reloadAllAccessors: .SetVariable4

===========================================================================================
----------------- testing Fri Dec 28 03:08:01 UTC 2018 /home/travis/build/icyphy/ptII/ptolemy/actor/lib/test/auto/SetVariable5.xml
----------------- Instantiating /home/travis/build/icyphy/ptII/ptolemy/actor/lib/test/auto/SetVariable5.xml
15 ms. Memory: 1583104K Free: 150712K (10%)
----------------- Invoking toplevel() on ptolemy.moml.MoMLSimpleApplication@77855299
----------------- Done invoking toplevel() on ptolemy.moml.MoMLSimpleApplication@77855299
reloadAllAccessors: .SetVariable5

===========================================================================================
----------------- testing Fri Dec 28 03:08:01 UTC 2018 /home/travis/build/icyphy/ptII/ptolemy/actor/lib/test/auto/Sinewave.xml
----------------- Instantiating /home/travis/build/icyphy/ptII/ptolemy/actor/lib/test/auto/Sinewave.xml
7 ms. Memory: 1583104K Free: 128740K (8%)
----------------- Invoking toplevel() on ptolemy.moml.MoMLSimpleApplication@503a6f56
----------------- Done invoking toplevel() on ptolemy.moml.MoMLSimpleApplication@503a6f56
reloadAllAccessors: .Sinewave

===========================================================================================
----------------- testing Fri Dec 28 03:08:01 UTC 2018 /home/travis/build/icyphy/ptII/ptolemy/actor/lib/test/auto/Sinewave2.xml
----------------- Instantiating /home/travis/build/icyphy/ptII/ptolemy/actor/lib/test/auto/Sinewave2.xml
5 ms. Memory: 1583104K Free: 109316K (7%)
----------------- Invoking toplevel() on ptolemy.moml.MoMLSimpleApplication@55e48c6
----------------- Done invoking toplevel() on ptolemy.moml.MoMLSimpleApplication@55e48c6
reloadAllAccessors: .Sinewave2

===========================================================================================
----------------- testing Fri Dec 28 03:08:01 UTC 2018 /home/travis/build/icyphy/ptII/ptolemy/actor/lib/test/auto/Sinewave3.xml
----------------- Instantiating /home/travis/build/icyphy/ptII/ptolemy/actor/lib/test/auto/Sinewave3.xml
8 ms. Memory: 1583104K Free: 94667K (6%)
----------------- Invoking toplevel() on ptolemy.moml.MoMLSimpleApplication@4b4b4d42
----------------- Done invoking toplevel() on ptolemy.moml.MoMLSimpleApplication@4b4b4d42
reloadAllAccessors: .Sinewave3

===========================================================================================
----------------- testing Fri Dec 28 03:08:01 UTC 2018 /home/travis/build/icyphy/ptII/ptolemy/actor/lib/test/auto/SingleEvent.xml
----------------- Instantiating /home/travis/build/icyphy/ptII/ptolemy/actor/lib/test/auto/SingleEvent.xml
2 ms. Memory: 1583104K Free: 79341K (5%)
----------------- Invoking toplevel() on ptolemy.moml.MoMLSimpleApplication@7b09d78b
----------------- Done invoking toplevel() on ptolemy.moml.MoMLSimpleApplication@7b09d78b
reloadAllAccessors: .SingleEvent

===========================================================================================
----------------- testing Fri Dec 28 03:08:01 UTC 2018 /home/travis/build/icyphy/ptII/ptolemy/actor/lib/test/auto/Sleep.xml
----------------- Instantiating /home/travis/build/icyphy/ptII/ptolemy/actor/lib/test/auto/Sleep.xml
6002 ms. Memory: 1722368K Free: 1668315K (97%)
----------------- Invoking toplevel() on ptolemy.moml.MoMLSimpleApplication@26d0d6a
----------------- Done invoking toplevel() on ptolemy.moml.MoMLSimpleApplication@26d0d6a
reloadAllAccessors: .Sleep

===========================================================================================
----------------- testing Fri Dec 28 03:08:07 UTC 2018 /home/travis/build/icyphy/ptII/ptolemy/actor/lib/test/auto/SleepMultipleFire.xml
----------------- Instantiating /home/travis/build/icyphy/ptII/ptolemy/actor/lib/test/auto/SleepMultipleFire.xml
1005 ms. Memory: 1722368K Free: 1642620K (95%)
----------------- Invoking toplevel() on ptolemy.moml.MoMLSimpleApplication@6066a78a
----------------- Done invoking toplevel() on ptolemy.moml.MoMLSimpleApplication@6066a78a
reloadAllAccessors: .SleepMultipleFire

===========================================================================================
----------------- testing Fri Dec 28 03:08:08 UTC 2018 /home/travis/build/icyphy/ptII/ptolemy/actor/lib/test/auto/StopDE.xml
----------------- Instantiating /home/travis/build/icyphy/ptII/ptolemy/actor/lib/test/auto/StopDE.xml
1 ms. Memory: 1722368K Free: 1616924K (94%)
----------------- Invoking toplevel() on ptolemy.moml.MoMLSimpleApplication@3be0f7f
----------------- Done invoking toplevel() on ptolemy.moml.MoMLSimpleApplication@3be0f7f
reloadAllAccessors: .StopDE

===========================================================================================
----------------- testing Fri Dec 28 03:08:08 UTC 2018 /home/travis/build/icyphy/ptII/ptolemy/actor/lib/test/auto/StopSDF.xml
----------------- Instantiating /home/travis/build/icyphy/ptII/ptolemy/actor/lib/test/auto/StopSDF.xml
2 ms. Memory: 1722368K Free: 1595297K (93%)
----------------- Invoking toplevel() on ptolemy.moml.MoMLSimpleApplication@1df946eb
----------------- Done invoking toplevel() on ptolemy.moml.MoMLSimpleApplication@1df946eb
reloadAllAccessors: .StopSDF

===========================================================================================
----------------- testing Fri Dec 28 03:08:08 UTC 2018 /home/travis/build/icyphy/ptII/ptolemy/actor/lib/test/auto/StringConstant.xml
----------------- Instantiating /home/travis/build/icyphy/ptII/ptolemy/actor/lib/test/auto/StringConstant.xml
1 ms. Memory: 1722368K Free: 1569602K (91%)
----------------- Invoking toplevel() on ptolemy.moml.MoMLSimpleApplication@5c73c59f
----------------- Done invoking toplevel() on ptolemy.moml.MoMLSimpleApplication@5c73c59f
reloadAllAccessors: .StringConstant

===========================================================================================
----------------- testing Fri Dec 28 03:08:08 UTC 2018 /home/travis/build/icyphy/ptII/ptolemy/actor/lib/test/auto/SubscriberPortInitialValues1.xml
----------------- Instantiating /home/travis/build/icyphy/ptII/ptolemy/actor/lib/test/auto/SubscriberPortInitialValues1.xml
4 ms. Memory: 1722368K Free: 1543907K (90%)
----------------- Invoking toplevel() on ptolemy.moml.MoMLSimpleApplication@3b3225cd
----------------- Done invoking toplevel() on ptolemy.moml.MoMLSimpleApplication@3b3225cd
reloadAllAccessors: .SubscriberPortInitialValues1

===========================================================================================
----------------- testing Fri Dec 28 03:08:08 UTC 2018 /home/travis/build/icyphy/ptII/ptolemy/actor/lib/test/auto/SubscriberPortInitialValues13.xml
----------------- Instantiating /home/travis/build/icyphy/ptII/ptolemy/actor/lib/test/auto/SubscriberPortInitialValues13.xml
3 ms. Memory: 1722368K Free: 1522281K (88%)
----------------- Invoking toplevel() on ptolemy.moml.MoMLSimpleApplication@dd0b12a
----------------- Done invoking toplevel() on ptolemy.moml.MoMLSimpleApplication@dd0b12a
reloadAllAccessors: .SubscriberPortInitialValues13

===========================================================================================
----------------- testing Fri Dec 28 03:08:08 UTC 2018 /home/travis/build/icyphy/ptII/ptolemy/actor/lib/test/auto/SubscriberPortInitialValues14.xml
----------------- Instantiating /home/travis/build/icyphy/ptII/ptolemy/actor/lib/test/auto/SubscriberPortInitialValues14.xml
4 ms. Memory: 1722368K Free: 1496586K (87%)
----------------- Invoking toplevel() on ptolemy.moml.MoMLSimpleApplication@6961bf12
----------------- Done invoking toplevel() on ptolemy.moml.MoMLSimpleApplication@6961bf12
reloadAllAccessors: .SubscriberPortInitialValues14

===========================================================================================
----------------- testing Fri Dec 28 03:08:08 UTC 2018 /home/travis/build/icyphy/ptII/ptolemy/actor/lib/test/auto/SubscriberPortInitialValues2.xml
----------------- Instantiating /home/travis/build/icyphy/ptII/ptolemy/actor/lib/test/auto/SubscriberPortInitialValues2.xml
3 ms. Memory: 1722368K Free: 1474959K (86%)
----------------- Invoking toplevel() on ptolemy.moml.MoMLSimpleApplication@76b8cfb8
----------------- Done invoking toplevel() on ptolemy.moml.MoMLSimpleApplication@76b8cfb8
reloadAllAccessors: .SubscriberPortInitialValues2

===========================================================================================
----------------- testing Fri Dec 28 03:08:08 UTC 2018 /home/travis/build/icyphy/ptII/ptolemy/actor/lib/test/auto/SubscriberPortInitialValues3.xml
----------------- Instantiating /home/travis/build/icyphy/ptII/ptolemy/actor/lib/test/auto/SubscriberPortInitialValues3.xml
3 ms. Memory: 1722368K Free: 1449264K (84%)
----------------- Invoking toplevel() on ptolemy.moml.MoMLSimpleApplication@14165a7a
----------------- Done invoking toplevel() on ptolemy.moml.MoMLSimpleApplication@14165a7a
reloadAllAccessors: .SubscriberPortInitialValues3

===========================================================================================
----------------- testing Fri Dec 28 03:08:08 UTC 2018 /home/travis/build/icyphy/ptII/ptolemy/actor/lib/test/auto/SubscriptionAggregator.xml
----------------- Instantiating /home/travis/build/icyphy/ptII/ptolemy/actor/lib/test/auto/SubscriptionAggregator.xml
2 ms. Memory: 1722368K Free: 1423569K (83%)
----------------- Invoking toplevel() on ptolemy.moml.MoMLSimpleApplication@491aad68
----------------- Done invoking toplevel() on ptolemy.moml.MoMLSimpleApplication@491aad68
reloadAllAccessors: .SubscriptionAggregator

===========================================================================================
----------------- testing Fri Dec 28 03:08:08 UTC 2018 /home/travis/build/icyphy/ptII/ptolemy/actor/lib/test/auto/SubscriptionAggregator2.xml
----------------- Instantiating /home/travis/build/icyphy/ptII/ptolemy/actor/lib/test/auto/SubscriptionAggregator2.xml
2 ms. Memory: 1722368K Free: 1401942K (81%)
----------------- Invoking toplevel() on ptolemy.moml.MoMLSimpleApplication@63f77b3b
----------------- Done invoking toplevel() on ptolemy.moml.MoMLSimpleApplication@63f77b3b
reloadAllAccessors: .SubscriptionAggregator2

===========================================================================================
----------------- testing Fri Dec 28 03:08:08 UTC 2018 /home/travis/build/icyphy/ptII/ptolemy/actor/lib/test/auto/SubscriptionAggregator3.xml
----------------- Instantiating /home/travis/build/icyphy/ptII/ptolemy/actor/lib/test/auto/SubscriptionAggregator3.xml
3 ms. Memory: 1722368K Free: 1376247K (80%)
----------------- Invoking toplevel() on ptolemy.moml.MoMLSimpleApplication@389a6782
----------------- Done invoking toplevel() on ptolemy.moml.MoMLSimpleApplication@389a6782
reloadAllAccessors: .SubscriptionAggregator3

===========================================================================================
----------------- testing Fri Dec 28 03:08:08 UTC 2018 /home/travis/build/icyphy/ptII/ptolemy/actor/lib/test/auto/SubscriptionAggregatorMultiply.xml
----------------- Instantiating /home/travis/build/icyphy/ptII/ptolemy/actor/lib/test/auto/SubscriptionAggregatorMultiply.xml
2 ms. Memory: 1722368K Free: 1350552K (78%)
----------------- Invoking toplevel() on ptolemy.moml.MoMLSimpleApplication@74570fd2
----------------- Done invoking toplevel() on ptolemy.moml.MoMLSimpleApplication@74570fd2
reloadAllAccessors: .SubscriptionAggregatorMultiply

===========================================================================================
----------------- testing Fri Dec 28 03:08:08 UTC 2018 /home/travis/build/icyphy/ptII/ptolemy/actor/lib/test/auto/SubscriptionAggregatorPortMultiply1.xml
----------------- Instantiating /home/travis/build/icyphy/ptII/ptolemy/actor/lib/test/auto/SubscriptionAggregatorPortMultiply1.xml
4 ms. Memory: 1722368K Free: 1328925K (77%)
----------------- Invoking toplevel() on ptolemy.moml.MoMLSimpleApplication@404c3771
----------------- Done invoking toplevel() on ptolemy.moml.MoMLSimpleApplication@404c3771
reloadAllAccessors: .SubscriptionAggregatorPortMultiply1

===========================================================================================
----------------- testing Fri Dec 28 03:08:08 UTC 2018 /home/travis/build/icyphy/ptII/ptolemy/actor/lib/test/auto/Switch.xml
----------------- Instantiating /home/travis/build/icyphy/ptII/ptolemy/actor/lib/test/auto/Switch.xml
4 ms. Memory: 1722368K Free: 1238310K (72%)
----------------- Invoking toplevel() on ptolemy.moml.MoMLSimpleApplication@1f7c38df
----------------- Done invoking toplevel() on ptolemy.moml.MoMLSimpleApplication@1f7c38df
reloadAllAccessors: .Switch

===========================================================================================
----------------- testing Fri Dec 28 03:08:08 UTC 2018 /home/travis/build/icyphy/ptII/ptolemy/actor/lib/test/auto/Switch2.xml
----------------- Instantiating /home/travis/build/icyphy/ptII/ptolemy/actor/lib/test/auto/Switch2.xml
1 ms. Memory: 1722368K Free: 1216683K (71%)
----------------- Invoking toplevel() on ptolemy.moml.MoMLSimpleApplication@55534a2c
----------------- Done invoking toplevel() on ptolemy.moml.MoMLSimpleApplication@55534a2c
reloadAllAccessors: .Switch2

===========================================================================================
----------------- testing Fri Dec 28 03:08:08 UTC 2018 /home/travis/build/icyphy/ptII/ptolemy/actor/lib/test/auto/SwitchDE.xml
----------------- Instantiating /home/travis/build/icyphy/ptII/ptolemy/actor/lib/test/auto/SwitchDE.xml
1 ms. Memory: 1722368K Free: 1190988K (69%)
----------------- Invoking toplevel() on ptolemy.moml.MoMLSimpleApplication@315d9eb4
----------------- Done invoking toplevel() on ptolemy.moml.MoMLSimpleApplication@315d9eb4
reloadAllAccessors: .SwitchDE

===========================================================================================
----------------- testing Fri Dec 28 03:08:08 UTC 2018 /home/travis/build/icyphy/ptII/ptolemy/actor/lib/test/auto/SynchronizerDE.xml
----------------- Instantiating /home/travis/build/icyphy/ptII/ptolemy/actor/lib/test/auto/SynchronizerDE.xml
3 ms. Memory: 1722368K Free: 1165293K (68%)
----------------- Invoking toplevel() on ptolemy.moml.MoMLSimpleApplication@7825bad1
----------------- Done invoking toplevel() on ptolemy.moml.MoMLSimpleApplication@7825bad1
reloadAllAccessors: .SynchronizerDE

===========================================================================================
----------------- testing Fri Dec 28 03:08:08 UTC 2018 /home/travis/build/icyphy/ptII/ptolemy/actor/lib/test/auto/Test.xml
----------------- Instantiating /home/travis/build/icyphy/ptII/ptolemy/actor/lib/test/auto/Test.xml
2 ms. Memory: 1722368K Free: 1143666K (66%)
----------------- Invoking toplevel() on ptolemy.moml.MoMLSimpleApplication@55abbfa0
----------------- Done invoking toplevel() on ptolemy.moml.MoMLSimpleApplication@55abbfa0
reloadAllAccessors: .Test

===========================================================================================
----------------- testing Fri Dec 28 03:08:08 UTC 2018 /home/travis/build/icyphy/ptII/ptolemy/actor/lib/test/auto/TestExceptionAttribute1.xml
----------------- Instantiating /home/travis/build/icyphy/ptII/ptolemy/actor/lib/test/auto/TestExceptionAttribute1.xml
1 ms. Memory: 1722368K Free: 1117971K (65%)
----------------- Invoking toplevel() on ptolemy.moml.MoMLSimpleApplication@3b4f5224
----------------- Done invoking toplevel() on ptolemy.moml.MoMLSimpleApplication@3b4f5224
reloadAllAccessors: .TestExceptionAttribute1

===========================================================================================
----------------- testing Fri Dec 28 03:08:08 UTC 2018 /home/travis/build/icyphy/ptII/ptolemy/actor/lib/test/auto/TestExceptionAttribute2.xml
----------------- Instantiating /home/travis/build/icyphy/ptII/ptolemy/actor/lib/test/auto/TestExceptionAttribute2.xml
0 ms. Memory: 1722368K Free: 1096344K (64%)
----------------- Invoking toplevel() on ptolemy.moml.MoMLSimpleApplication@3a16f4eb
----------------- Done invoking toplevel() on ptolemy.moml.MoMLSimpleApplication@3a16f4eb
reloadAllAccessors: .TestExceptionAttribute2

===========================================================================================
----------------- testing Fri Dec 28 03:08:08 UTC 2018 /home/travis/build/icyphy/ptII/ptolemy/actor/lib/test/auto/TestExceptionAttribute3.xml
----------------- Instantiating /home/travis/build/icyphy/ptII/ptolemy/actor/lib/test/auto/TestExceptionAttribute3.xml
.TestExceptionAttribute3.TestExceptionAttribute: initialize() was not invoked, but wrapup() was.  This is unusual, but not always a problem.  For example, exporting JNLP will do this.
0 ms. Memory: 1722368K Free: 1070649K (62%)
----------------- Invoking toplevel() on ptolemy.moml.MoMLSimpleApplication@36ad253
----------------- Done invoking toplevel() on ptolemy.moml.MoMLSimpleApplication@36ad253
reloadAllAccessors: .TestExceptionAttribute3

===========================================================================================
----------------- testing Fri Dec 28 03:08:08 UTC 2018 /home/travis/build/icyphy/ptII/ptolemy/actor/lib/test/auto/TestExceptionAttribute4.xml
----------------- Instantiating /home/travis/build/icyphy/ptII/ptolemy/actor/lib/test/auto/TestExceptionAttribute4.xml
.TestExceptionAttribute4.TestExceptionAttribute: initialize() was not invoked, but wrapup() was.  This is unusual, but not always a problem.  For example, exporting JNLP will do this.
.TestExceptionAttribute4.TestExceptionAttribute2: initialize() was not invoked, but wrapup() was.  This is unusual, but not always a problem.  For example, exporting JNLP will do this.
1 ms. Memory: 1722368K Free: 1044954K (61%)
----------------- Invoking toplevel() on ptolemy.moml.MoMLSimpleApplication@57f89d87
----------------- Done invoking toplevel() on ptolemy.moml.MoMLSimpleApplication@57f89d87
reloadAllAccessors: .TestExceptionAttribute4

===========================================================================================
----------------- testing Fri Dec 28 03:08:08 UTC 2018 /home/travis/build/icyphy/ptII/ptolemy/actor/lib/test/auto/TestExceptionHandler1.xml
----------------- Instantiating /home/travis/build/icyphy/ptII/ptolemy/actor/lib/test/auto/TestExceptionHandler1.xml
0 ms. Memory: 1722368K Free: 1023327K (59%)
----------------- Invoking toplevel() on ptolemy.moml.MoMLSimpleApplication@745fc461
----------------- Done invoking toplevel() on ptolemy.moml.MoMLSimpleApplication@745fc461
reloadAllAccessors: .TestExceptionHandler1

===========================================================================================
----------------- testing Fri Dec 28 03:08:08 UTC 2018 /home/travis/build/icyphy/ptII/ptolemy/actor/lib/test/auto/TestExceptionHandler2.xml
----------------- Instantiating /home/travis/build/icyphy/ptII/ptolemy/actor/lib/test/auto/TestExceptionHandler2.xml
1 ms. Memory: 1722368K Free: 997632K (58%)
----------------- Invoking toplevel() on ptolemy.moml.MoMLSimpleApplication@5ba1979d
----------------- Done invoking toplevel() on ptolemy.moml.MoMLSimpleApplication@5ba1979d
reloadAllAccessors: .TestExceptionHandler2

===========================================================================================
----------------- testing Fri Dec 28 03:08:08 UTC 2018 /home/travis/build/icyphy/ptII/ptolemy/actor/lib/test/auto/TestExceptionHandler3.xml
----------------- Instantiating /home/travis/build/icyphy/ptII/ptolemy/actor/lib/test/auto/TestExceptionHandler3.xml
1 ms. Memory: 1722368K Free: 971937K (56%)
----------------- Invoking toplevel() on ptolemy.moml.MoMLSimpleApplication@16c8e282
----------------- Done invoking toplevel() on ptolemy.moml.MoMLSimpleApplication@16c8e282
reloadAllAccessors: .TestExceptionHandler3

===========================================================================================
----------------- testing Fri Dec 28 03:08:08 UTC 2018 /home/travis/build/icyphy/ptII/ptolemy/actor/lib/test/auto/TestExceptionHandler4.xml
----------------- Instantiating /home/travis/build/icyphy/ptII/ptolemy/actor/lib/test/auto/TestExceptionHandler4.xml
0 ms. Memory: 1722368K Free: 950310K (55%)
----------------- Invoking toplevel() on ptolemy.moml.MoMLSimpleApplication@15287321
----------------- Done invoking toplevel() on ptolemy.moml.MoMLSimpleApplication@15287321
reloadAllAccessors: .TestExceptionHandler4

===========================================================================================
----------------- testing Fri Dec 28 03:08:08 UTC 2018 /home/travis/build/icyphy/ptII/ptolemy/actor/lib/test/auto/TestRequireCorrectOrder.xml
----------------- Instantiating /home/travis/build/icyphy/ptII/ptolemy/actor/lib/test/auto/TestRequireCorrectOrder.xml
2 ms. Memory: 1722368K Free: 924615K (54%)
----------------- Invoking toplevel() on ptolemy.moml.MoMLSimpleApplication@7d5932d5
----------------- Done invoking toplevel() on ptolemy.moml.MoMLSimpleApplication@7d5932d5
reloadAllAccessors: .TestRequireCorrectOrder

===========================================================================================
----------------- testing Fri Dec 28 03:08:08 UTC 2018 /home/travis/build/icyphy/ptII/ptolemy/actor/lib/test/auto/TestSimple.xml
----------------- Instantiating /home/travis/build/icyphy/ptII/ptolemy/actor/lib/test/auto/TestSimple.xml
1 ms. Memory: 1722368K Free: 902988K (52%)
----------------- Invoking toplevel() on ptolemy.moml.MoMLSimpleApplication@44762bc7
----------------- Done invoking toplevel() on ptolemy.moml.MoMLSimpleApplication@44762bc7
reloadAllAccessors: .TestSimple

===========================================================================================
----------------- testing Fri Dec 28 03:08:08 UTC 2018 /home/travis/build/icyphy/ptII/ptolemy/actor/lib/test/auto/ThrowModelError.xml
----------------- Instantiating /home/travis/build/icyphy/ptII/ptolemy/actor/lib/test/auto/ThrowModelError.xml
1 ms. Memory: 1722368K Free: 877293K (51%)
----------------- Invoking toplevel() on ptolemy.moml.MoMLSimpleApplication@67c8bd70
----------------- Done invoking toplevel() on ptolemy.moml.MoMLSimpleApplication@67c8bd70
reloadAllAccessors: .ThrowModelError

===========================================================================================
----------------- testing Fri Dec 28 03:08:08 UTC 2018 /home/travis/build/icyphy/ptII/ptolemy/actor/lib/test/auto/TimeDelayMicrosteps.xml
----------------- Instantiating /home/travis/build/icyphy/ptII/ptolemy/actor/lib/test/auto/TimeDelayMicrosteps.xml
3 ms. Memory: 1722368K Free: 851598K (49%)
----------------- Invoking toplevel() on ptolemy.moml.MoMLSimpleApplication@34fa63a7
----------------- Done invoking toplevel() on ptolemy.moml.MoMLSimpleApplication@34fa63a7
reloadAllAccessors: .TimeDelayMicrosteps

===========================================================================================
----------------- testing Fri Dec 28 03:08:09 UTC 2018 /home/travis/build/icyphy/ptII/ptolemy/actor/lib/test/auto/TimeDelayMicrosteps2.xml
----------------- Instantiating /home/travis/build/icyphy/ptII/ptolemy/actor/lib/test/auto/TimeDelayMicrosteps2.xml
3 ms. Memory: 1722368K Free: 829971K (48%)
----------------- Invoking toplevel() on ptolemy.moml.MoMLSimpleApplication@19e4c31d
----------------- Done invoking toplevel() on ptolemy.moml.MoMLSimpleApplication@19e4c31d
reloadAllAccessors: .TimeDelayMicrosteps2

===========================================================================================
----------------- testing Fri Dec 28 03:08:09 UTC 2018 /home/travis/build/icyphy/ptII/ptolemy/actor/lib/test/auto/TimeDelayMicrosteps3.xml
----------------- Instantiating /home/travis/build/icyphy/ptII/ptolemy/actor/lib/test/auto/TimeDelayMicrosteps3.xml
2 ms. Memory: 1722368K Free: 804276K (47%)
----------------- Invoking toplevel() on ptolemy.moml.MoMLSimpleApplication@74cd160b
----------------- Done invoking toplevel() on ptolemy.moml.MoMLSimpleApplication@74cd160b
reloadAllAccessors: .TimeDelayMicrosteps3

===========================================================================================
----------------- testing Fri Dec 28 03:08:09 UTC 2018 /home/travis/build/icyphy/ptII/ptolemy/actor/lib/test/auto/TimeDelayVariableMicrosteps.xml
----------------- Instantiating /home/travis/build/icyphy/ptII/ptolemy/actor/lib/test/auto/TimeDelayVariableMicrosteps.xml
2 ms. Memory: 1722368K Free: 778581K (45%)
----------------- Invoking toplevel() on ptolemy.moml.MoMLSimpleApplication@376e8e3f
----------------- Done invoking toplevel() on ptolemy.moml.MoMLSimpleApplication@376e8e3f
reloadAllAccessors: .TimeDelayVariableMicrosteps

===========================================================================================
----------------- testing Fri Dec 28 03:08:09 UTC 2018 /home/travis/build/icyphy/ptII/ptolemy/actor/lib/test/auto/TimeGap.xml
----------------- Instantiating /home/travis/build/icyphy/ptII/ptolemy/actor/lib/test/auto/TimeGap.xml
2 ms. Memory: 1722368K Free: 756954K (44%)
----------------- Invoking toplevel() on ptolemy.moml.MoMLSimpleApplication@24a9704a
----------------- Done invoking toplevel() on ptolemy.moml.MoMLSimpleApplication@24a9704a
reloadAllAccessors: .TimeGap

===========================================================================================
----------------- testing Fri Dec 28 03:08:09 UTC 2018 /home/travis/build/icyphy/ptII/ptolemy/actor/lib/test/auto/TimeGap2.xml
----------------- Instantiating /home/travis/build/icyphy/ptII/ptolemy/actor/lib/test/auto/TimeGap2.xml
2 ms. Memory: 1722368K Free: 731259K (42%)
----------------- Invoking toplevel() on ptolemy.moml.MoMLSimpleApplication@379ca5a9
----------------- Done invoking toplevel() on ptolemy.moml.MoMLSimpleApplication@379ca5a9
reloadAllAccessors: .TimeGap2

===========================================================================================
----------------- testing Fri Dec 28 03:08:09 UTC 2018 /home/travis/build/icyphy/ptII/ptolemy/actor/lib/test/auto/TimedSinewave.xml
----------------- Instantiating /home/travis/build/icyphy/ptII/ptolemy/actor/lib/test/auto/TimedSinewave.xml
13 ms. Memory: 1722368K Free: 698818K (41%)
----------------- Invoking toplevel() on ptolemy.moml.MoMLSimpleApplication@35afd3a6
----------------- Done invoking toplevel() on ptolemy.moml.MoMLSimpleApplication@35afd3a6
reloadAllAccessors: .TimedSinewave

===========================================================================================
----------------- testing Fri Dec 28 03:08:09 UTC 2018 /home/travis/build/icyphy/ptII/ptolemy/actor/lib/test/auto/TimedSinewavePhase.xml
----------------- Instantiating /home/travis/build/icyphy/ptII/ptolemy/actor/lib/test/auto/TimedSinewavePhase.xml
9 ms. Memory: 1722368K Free: 673123K (39%)
----------------- Invoking toplevel() on ptolemy.moml.MoMLSimpleApplication@180f1371
----------------- Done invoking toplevel() on ptolemy.moml.MoMLSimpleApplication@180f1371
reloadAllAccessors: .TimedSinewavePhase

===========================================================================================
----------------- testing Fri Dec 28 03:08:09 UTC 2018 /home/travis/build/icyphy/ptII/ptolemy/actor/lib/test/auto/Timer.xml
----------------- Instantiating /home/travis/build/icyphy/ptII/ptolemy/actor/lib/test/auto/Timer.xml
4 ms. Memory: 1722368K Free: 647428K (38%)
----------------- Invoking toplevel() on ptolemy.moml.MoMLSimpleApplication@2b6bfebc
----------------- Done invoking toplevel() on ptolemy.moml.MoMLSimpleApplication@2b6bfebc
reloadAllAccessors: .Timer

===========================================================================================
----------------- testing Fri Dec 28 03:08:09 UTC 2018 /home/travis/build/icyphy/ptII/ptolemy/actor/lib/test/auto/TriangularDistTestModel.xml
----------------- Instantiating /home/travis/build/icyphy/ptII/ptolemy/actor/lib/test/auto/TriangularDistTestModel.xml
2 ms. Memory: 1722368K Free: 625801K (36%)
----------------- Invoking toplevel() on ptolemy.moml.MoMLSimpleApplication@4a699638
----------------- Done invoking toplevel() on ptolemy.moml.MoMLSimpleApplication@4a699638
reloadAllAccessors: .TriangularDistTestModel

===========================================================================================
----------------- testing Fri Dec 28 03:08:09 UTC 2018 /home/travis/build/icyphy/ptII/ptolemy/actor/lib/test/auto/TrigFunction.xml
----------------- Instantiating /home/travis/build/icyphy/ptII/ptolemy/actor/lib/test/auto/TrigFunction.xml
1 ms. Memory: 1722368K Free: 600106K (35%)
----------------- Invoking toplevel() on ptolemy.moml.MoMLSimpleApplication@66727acc
----------------- Done invoking toplevel() on ptolemy.moml.MoMLSimpleApplication@66727acc
reloadAllAccessors: .TrigFunction

===========================================================================================
----------------- testing Fri Dec 28 03:08:09 UTC 2018 /home/travis/build/icyphy/ptII/ptolemy/actor/lib/test/auto/TrigFunctionDE.xml
----------------- Instantiating /home/travis/build/icyphy/ptII/ptolemy/actor/lib/test/auto/TrigFunctionDE.xml
2 ms. Memory: 1722368K Free: 574411K (33%)
----------------- Invoking toplevel() on ptolemy.moml.MoMLSimpleApplication@28820d59
----------------- Done invoking toplevel() on ptolemy.moml.MoMLSimpleApplication@28820d59
reloadAllAccessors: .TrigFunctionDE

===========================================================================================
----------------- testing Fri Dec 28 03:08:09 UTC 2018 /home/travis/build/icyphy/ptII/ptolemy/actor/lib/test/auto/TrigFunctionInverse.xml
----------------- Instantiating /home/travis/build/icyphy/ptII/ptolemy/actor/lib/test/auto/TrigFunctionInverse.xml
1 ms. Memory: 1722368K Free: 552784K (32%)
----------------- Invoking toplevel() on ptolemy.moml.MoMLSimpleApplication@21e91259
----------------- Done invoking toplevel() on ptolemy.moml.MoMLSimpleApplication@21e91259
reloadAllAccessors: .TrigFunctionInverse

===========================================================================================
----------------- testing Fri Dec 28 03:08:09 UTC 2018 /home/travis/build/icyphy/ptII/ptolemy/actor/lib/test/auto/TrigFunctionTan.xml
----------------- Instantiating /home/travis/build/icyphy/ptII/ptolemy/actor/lib/test/auto/TrigFunctionTan.xml
1 ms. Memory: 1722368K Free: 527089K (31%)
----------------- Invoking toplevel() on ptolemy.moml.MoMLSimpleApplication@5c07f25c
----------------- Done invoking toplevel() on ptolemy.moml.MoMLSimpleApplication@5c07f25c
reloadAllAccessors: .TrigFunctionTan

===========================================================================================
----------------- testing Fri Dec 28 03:08:09 UTC 2018 /home/travis/build/icyphy/ptII/ptolemy/actor/lib/test/auto/TriggeredClock.xml
----------------- Instantiating /home/travis/build/icyphy/ptII/ptolemy/actor/lib/test/auto/TriggeredClock.xml
1 ms. Memory: 1722368K Free: 501394K (29%)
----------------- Invoking toplevel() on ptolemy.moml.MoMLSimpleApplication@3650504d
----------------- Done invoking toplevel() on ptolemy.moml.MoMLSimpleApplication@3650504d
reloadAllAccessors: .TriggeredClock

===========================================================================================
----------------- testing Fri Dec 28 03:08:09 UTC 2018 /home/travis/build/icyphy/ptII/ptolemy/actor/lib/test/auto/URLDirectoryReader.xml
----------------- Instantiating /home/travis/build/icyphy/ptII/ptolemy/actor/lib/test/auto/URLDirectoryReader.xml
36 ms. Memory: 1722368K Free: 479767K (28%)
----------------- Invoking toplevel() on ptolemy.moml.MoMLSimpleApplication@268e8c6e
----------------- Done invoking toplevel() on ptolemy.moml.MoMLSimpleApplication@268e8c6e
reloadAllAccessors: .URLDirectoryReader

===========================================================================================
----------------- testing Fri Dec 28 03:08:09 UTC 2018 /home/travis/build/icyphy/ptII/ptolemy/actor/lib/test/auto/URLDirectoryReader3.xml
----------------- Instantiating /home/travis/build/icyphy/ptII/ptolemy/actor/lib/test/auto/URLDirectoryReader3.xml
1216 ms. Memory: 1722368K Free: 399877K (23%)
----------------- Invoking toplevel() on ptolemy.moml.MoMLSimpleApplication@258dfc65
----------------- Done invoking toplevel() on ptolemy.moml.MoMLSimpleApplication@258dfc65
reloadAllAccessors: .URLDirectoryReader3

===========================================================================================
----------------- testing Fri Dec 28 03:08:10 UTC 2018 /home/travis/build/icyphy/ptII/ptolemy/actor/lib/test/auto/UnaryMathFunction.xml
----------------- Instantiating /home/travis/build/icyphy/ptII/ptolemy/actor/lib/test/auto/UnaryMathFunction.xml
2 ms. Memory: 1722368K Free: 378250K (22%)
----------------- Invoking toplevel() on ptolemy.moml.MoMLSimpleApplication@11d686c8
----------------- Done invoking toplevel() on ptolemy.moml.MoMLSimpleApplication@11d686c8
reloadAllAccessors: .UnaryMathFunction

===========================================================================================
----------------- testing Fri Dec 28 03:08:10 UTC 2018 /home/travis/build/icyphy/ptII/ptolemy/actor/lib/test/auto/Uniform.xml
----------------- Instantiating /home/travis/build/icyphy/ptII/ptolemy/actor/lib/test/auto/Uniform.xml
1 ms. Memory: 1722368K Free: 352555K (20%)
----------------- Invoking toplevel() on ptolemy.moml.MoMLSimpleApplication@ab45d24
----------------- Done invoking toplevel() on ptolemy.moml.MoMLSimpleApplication@ab45d24
reloadAllAccessors: .Uniform

===========================================================================================
----------------- testing Fri Dec 28 03:08:10 UTC 2018 /home/travis/build/icyphy/ptII/ptolemy/actor/lib/test/auto/UnionDisassemblerTest.xml
----------------- Instantiating /home/travis/build/icyphy/ptII/ptolemy/actor/lib/test/auto/UnionDisassemblerTest.xml
7 ms. Memory: 1722368K Free: 326860K (19%)
----------------- Invoking toplevel() on ptolemy.moml.MoMLSimpleApplication@6f938bbd
----------------- Done invoking toplevel() on ptolemy.moml.MoMLSimpleApplication@6f938bbd
reloadAllAccessors: .UnionDisassemblerTest

===========================================================================================
----------------- testing Fri Dec 28 03:08:10 UTC 2018 /home/travis/build/icyphy/ptII/ptolemy/actor/lib/test/auto/UtilityFunctions.xml
----------------- Instantiating /home/travis/build/icyphy/ptII/ptolemy/actor/lib/test/auto/UtilityFunctions.xml
1 ms. Memory: 1722368K Free: 305233K (18%)
----------------- Invoking toplevel() on ptolemy.moml.MoMLSimpleApplication@9c11961
----------------- Done invoking toplevel() on ptolemy.moml.MoMLSimpleApplication@9c11961
reloadAllAccessors: .UtilityFunctions

===========================================================================================
----------------- testing Fri Dec 28 03:08:10 UTC 2018 /home/travis/build/icyphy/ptII/ptolemy/actor/lib/test/auto/VariableSleep.xml
----------------- Instantiating /home/travis/build/icyphy/ptII/ptolemy/actor/lib/test/auto/VariableSleep.xml
502 ms. Memory: 1722368K Free: 279538K (16%)
----------------- Invoking toplevel() on ptolemy.moml.MoMLSimpleApplication@4ffeda8
----------------- Done invoking toplevel() on ptolemy.moml.MoMLSimpleApplication@4ffeda8
reloadAllAccessors: .VariableSleep

===========================================================================================
----------------- testing Fri Dec 28 03:08:11 UTC 2018 /home/travis/build/icyphy/ptII/ptolemy/actor/lib/test/auto/VectorAssemblerDisassemblerCT.xml
----------------- Instantiating /home/travis/build/icyphy/ptII/ptolemy/actor/lib/test/auto/VectorAssemblerDisassemblerCT.xml
65 ms. Memory: 1722368K Free: 243013K (14%)
----------------- Invoking toplevel() on ptolemy.moml.MoMLSimpleApplication@7f24dabf
----------------- Done invoking toplevel() on ptolemy.moml.MoMLSimpleApplication@7f24dabf
reloadAllAccessors: .VectorAssemblerDisassemblerCT

===========================================================================================
----------------- testing Fri Dec 28 03:08:11 UTC 2018 /home/travis/build/icyphy/ptII/ptolemy/actor/lib/test/auto/VectorAssemblerDisassemblerDE.xml
----------------- Instantiating /home/travis/build/icyphy/ptII/ptolemy/actor/lib/test/auto/VectorAssemblerDisassemblerDE.xml
2 ms. Memory: 1722368K Free: 221386K (13%)
----------------- Invoking toplevel() on ptolemy.moml.MoMLSimpleApplication@64eb508
----------------- Done invoking toplevel() on ptolemy.moml.MoMLSimpleApplication@64eb508
reloadAllAccessors: .VectorAssemblerDisassemblerDE

===========================================================================================
----------------- testing Fri Dec 28 03:08:11 UTC 2018 /home/travis/build/icyphy/ptII/ptolemy/actor/lib/test/auto/VectorAssemblerDisassemblerSDF.xml
----------------- Instantiating /home/travis/build/icyphy/ptII/ptolemy/actor/lib/test/auto/VectorAssemblerDisassemblerSDF.xml
3 ms. Memory: 1722368K Free: 195691K (11%)
----------------- Invoking toplevel() on ptolemy.moml.MoMLSimpleApplication@37988362
----------------- Done invoking toplevel() on ptolemy.moml.MoMLSimpleApplication@37988362
reloadAllAccessors: .VectorAssemblerDisassemblerSDF

===========================================================================================
----------------- testing Fri Dec 28 03:08:11 UTC 2018 /home/travis/build/icyphy/ptII/ptolemy/actor/lib/test/auto/WallClockTime.xml
----------------- Instantiating /home/travis/build/icyphy/ptII/ptolemy/actor/lib/test/auto/WallClockTime.xml
1005 ms. Memory: 1722368K Free: 174064K (10%)
----------------- Invoking toplevel() on ptolemy.moml.MoMLSimpleApplication@29967546
----------------- Done invoking toplevel() on ptolemy.moml.MoMLSimpleApplication@29967546
reloadAllAccessors: .WallClockTime

===========================================================================================
----------------- testing Fri Dec 28 03:08:12 UTC 2018 /home/travis/build/icyphy/ptII/ptolemy/actor/lib/test/auto/WidthTestWithSubscriberPublisher.xml
----------------- Instantiating /home/travis/build/icyphy/ptII/ptolemy/actor/lib/test/auto/WidthTestWithSubscriberPublisher.xml
7 ms. Memory: 1722368K Free: 137548K (8%)
----------------- Invoking toplevel() on ptolemy.moml.MoMLSimpleApplication@36048a14
----------------- Done invoking toplevel() on ptolemy.moml.MoMLSimpleApplication@36048a14
reloadAllAccessors: .WidthTestWithSubscriberPublisher

===========================================================================================
----------------- testing Fri Dec 28 03:08:12 UTC 2018 /home/travis/build/icyphy/ptII/ptolemy/actor/lib/test/auto/WidthTestWithSubscriberPublisher2.xml
----------------- Instantiating /home/travis/build/icyphy/ptII/ptolemy/actor/lib/test/auto/WidthTestWithSubscriberPublisher2.xml
3 ms. Memory: 1722368K Free: 111852K (6%)
----------------- Invoking toplevel() on ptolemy.moml.MoMLSimpleApplication@21dafa15
----------------- Done invoking toplevel() on ptolemy.moml.MoMLSimpleApplication@21dafa15
reloadAllAccessors: .WidthTestWithSubscriberPublisher2

===========================================================================================
----------------- testing Fri Dec 28 03:08:12 UTC 2018 /home/travis/build/icyphy/ptII/ptolemy/actor/lib/test/auto/WidthTestWithSubscriberPublisher3.xml
----------------- Instantiating /home/travis/build/icyphy/ptII/ptolemy/actor/lib/test/auto/WidthTestWithSubscriberPublisher3.xml
8 ms. Memory: 1722368K Free: 90225K (5%)
----------------- Invoking toplevel() on ptolemy.moml.MoMLSimpleApplication@19397755
----------------- Done invoking toplevel() on ptolemy.moml.MoMLSimpleApplication@19397755
reloadAllAccessors: .WidthTestWithSubscriberPublisher3

===========================================================================================
----------------- testing Fri Dec 28 03:08:12 UTC 2018 /home/travis/build/icyphy/ptII/ptolemy/actor/lib/test/auto/Writer.xml
----------------- Instantiating /home/travis/build/icyphy/ptII/ptolemy/actor/lib/test/auto/Writer.xml
0
1
2
3
4
2 ms. Memory: 1722368K Free: 64530K (4%)
----------------- Invoking toplevel() on ptolemy.moml.MoMLSimpleApplication@298e5d75
----------------- Done invoking toplevel() on ptolemy.moml.MoMLSimpleApplication@298e5d75
reloadAllAccessors: .Writer

===========================================================================================
----------------- testing Fri Dec 28 03:08:12 UTC 2018 /home/travis/build/icyphy/ptII/ptolemy/actor/lib/test/auto/array.xml
----------------- Instantiating /home/travis/build/icyphy/ptII/ptolemy/actor/lib/test/auto/array.xml
8 ms. Memory: 1742848K Free: 1678942K (96%)
----------------- Invoking toplevel() on ptolemy.moml.MoMLSimpleApplication@3f369a56
----------------- Done invoking toplevel() on ptolemy.moml.MoMLSimpleApplication@3f369a56
reloadAllAccessors: .array

===========================================================================================
----------------- testing Fri Dec 28 03:08:12 UTC 2018 /home/travis/build/icyphy/ptII/ptolemy/actor/lib/test/auto/array2.xml
----------------- Instantiating /home/travis/build/icyphy/ptII/ptolemy/actor/lib/test/auto/array2.xml
6 ms. Memory: 1742848K Free: 1658931K (95%)
----------------- Invoking toplevel() on ptolemy.moml.MoMLSimpleApplication@7c27241d
----------------- Done invoking toplevel() on ptolemy.moml.MoMLSimpleApplication@7c27241d
reloadAllAccessors: .array2

===========================================================================================
----------------- testing Fri Dec 28 03:08:12 UTC 2018 /home/travis/build/icyphy/ptII/ptolemy/actor/lib/test/auto/arrayType.xml
----------------- Instantiating /home/travis/build/icyphy/ptII/ptolemy/actor/lib/test/auto/arrayType.xml
2 ms. Memory: 1742848K Free: 1638919K (94%)
----------------- Invoking toplevel() on ptolemy.moml.MoMLSimpleApplication@2abe62
----------------- Done invoking toplevel() on ptolemy.moml.MoMLSimpleApplication@2abe62
reloadAllAccessors: .arrayType

===========================================================================================
----------------- testing Fri Dec 28 03:08:12 UTC 2018 /home/travis/build/icyphy/ptII/ptolemy/actor/lib/test/auto/arrayType10.xml
----------------- Instantiating /home/travis/build/icyphy/ptII/ptolemy/actor/lib/test/auto/arrayType10.xml
1 ms. Memory: 1742848K Free: 1618907K (93%)
----------------- Invoking toplevel() on ptolemy.moml.MoMLSimpleApplication@16be1dfa
----------------- Done invoking toplevel() on ptolemy.moml.MoMLSimpleApplication@16be1dfa
reloadAllAccessors: .arrayType10

===========================================================================================
----------------- testing Fri Dec 28 03:08:12 UTC 2018 /home/travis/build/icyphy/ptII/ptolemy/actor/lib/test/auto/arrayType11.xml
----------------- Instantiating /home/travis/build/icyphy/ptII/ptolemy/actor/lib/test/auto/arrayType11.xml
1 ms. Memory: 1742848K Free: 1602651K (92%)
----------------- Invoking toplevel() on ptolemy.moml.MoMLSimpleApplication@279c8fe3
----------------- Done invoking toplevel() on ptolemy.moml.MoMLSimpleApplication@279c8fe3
reloadAllAccessors: .arrayType11

===========================================================================================
----------------- testing Fri Dec 28 03:08:12 UTC 2018 /home/travis/build/icyphy/ptII/ptolemy/actor/lib/test/auto/arrayType12.xml
----------------- Instantiating /home/travis/build/icyphy/ptII/ptolemy/actor/lib/test/auto/arrayType12.xml
2 ms. Memory: 1742848K Free: 1582639K (91%)
----------------- Invoking toplevel() on ptolemy.moml.MoMLSimpleApplication@105137a2
----------------- Done invoking toplevel() on ptolemy.moml.MoMLSimpleApplication@105137a2
reloadAllAccessors: .arrayType12

===========================================================================================
----------------- testing Fri Dec 28 03:08:12 UTC 2018 /home/travis/build/icyphy/ptII/ptolemy/actor/lib/test/auto/arrayType13.xml
----------------- Instantiating /home/travis/build/icyphy/ptII/ptolemy/actor/lib/test/auto/arrayType13.xml
1 ms. Memory: 1742848K Free: 1562627K (90%)
----------------- Invoking toplevel() on ptolemy.moml.MoMLSimpleApplication@382bec11
----------------- Done invoking toplevel() on ptolemy.moml.MoMLSimpleApplication@382bec11
reloadAllAccessors: .arrayType13

===========================================================================================
----------------- testing Fri Dec 28 03:08:12 UTC 2018 /home/travis/build/icyphy/ptII/ptolemy/actor/lib/test/auto/arrayType14.xml
----------------- Instantiating /home/travis/build/icyphy/ptII/ptolemy/actor/lib/test/auto/arrayType14.xml
3 ms. Memory: 1742848K Free: 1546371K (89%)
----------------- Invoking toplevel() on ptolemy.moml.MoMLSimpleApplication@5c7780bc
----------------- Done invoking toplevel() on ptolemy.moml.MoMLSimpleApplication@5c7780bc
reloadAllAccessors: .arrayType14

===========================================================================================
----------------- testing Fri Dec 28 03:08:12 UTC 2018 /home/travis/build/icyphy/ptII/ptolemy/actor/lib/test/auto/arrayType15.xml
----------------- Instantiating /home/travis/build/icyphy/ptII/ptolemy/actor/lib/test/auto/arrayType15.xml
2 ms. Memory: 1742848K Free: 1526360K (88%)
----------------- Invoking toplevel() on ptolemy.moml.MoMLSimpleApplication@345974cc
----------------- Done invoking toplevel() on ptolemy.moml.MoMLSimpleApplication@345974cc
reloadAllAccessors: .arrayType15

===========================================================================================
----------------- testing Fri Dec 28 03:08:13 UTC 2018 /home/travis/build/icyphy/ptII/ptolemy/actor/lib/test/auto/arrayType16.xml
----------------- Instantiating /home/travis/build/icyphy/ptII/ptolemy/actor/lib/test/auto/arrayType16.xml
2 ms. Memory: 1742848K Free: 1506348K (86%)
----------------- Invoking toplevel() on ptolemy.moml.MoMLSimpleApplication@7f2e186c
----------------- Done invoking toplevel() on ptolemy.moml.MoMLSimpleApplication@7f2e186c
reloadAllAccessors: .arrayType16

===========================================================================================
----------------- testing Fri Dec 28 03:08:13 UTC 2018 /home/travis/build/icyphy/ptII/ptolemy/actor/lib/test/auto/arrayType17.xml
----------------- Instantiating /home/travis/build/icyphy/ptII/ptolemy/actor/lib/test/auto/arrayType17.xml
1 ms. Memory: 1742848K Free: 1490092K (85%)
----------------- Invoking toplevel() on ptolemy.moml.MoMLSimpleApplication@108ee544
----------------- Done invoking toplevel() on ptolemy.moml.MoMLSimpleApplication@108ee544
reloadAllAccessors: .arrayType17

===========================================================================================
----------------- testing Fri Dec 28 03:08:13 UTC 2018 /home/travis/build/icyphy/ptII/ptolemy/actor/lib/test/auto/arrayType18.xml
----------------- Instantiating /home/travis/build/icyphy/ptII/ptolemy/actor/lib/test/auto/arrayType18.xml
6 ms. Memory: 1742848K Free: 1470080K (84%)
----------------- Invoking toplevel() on ptolemy.moml.MoMLSimpleApplication@5a7a21a0
----------------- Done invoking toplevel() on ptolemy.moml.MoMLSimpleApplication@5a7a21a0
reloadAllAccessors: .arrayType18

===========================================================================================
----------------- testing Fri Dec 28 03:08:13 UTC 2018 /home/travis/build/icyphy/ptII/ptolemy/actor/lib/test/auto/arrayType19.xml
----------------- Instantiating /home/travis/build/icyphy/ptII/ptolemy/actor/lib/test/auto/arrayType19.xml
1 ms. Memory: 1742848K Free: 1450068K (83%)
----------------- Invoking toplevel() on ptolemy.moml.MoMLSimpleApplication@303c8f09
----------------- Done invoking toplevel() on ptolemy.moml.MoMLSimpleApplication@303c8f09
reloadAllAccessors: .arrayType19

===========================================================================================
----------------- testing Fri Dec 28 03:08:13 UTC 2018 /home/travis/build/icyphy/ptII/ptolemy/actor/lib/test/auto/arrayType2.xml
----------------- Instantiating /home/travis/build/icyphy/ptII/ptolemy/actor/lib/test/auto/arrayType2.xml
1 ms. Memory: 1742848K Free: 1433812K (82%)
----------------- Invoking toplevel() on ptolemy.moml.MoMLSimpleApplication@7426648e
----------------- Done invoking toplevel() on ptolemy.moml.MoMLSimpleApplication@7426648e
reloadAllAccessors: .arrayType2

===========================================================================================
----------------- testing Fri Dec 28 03:08:13 UTC 2018 /home/travis/build/icyphy/ptII/ptolemy/actor/lib/test/auto/arrayType20.xml
----------------- Instantiating /home/travis/build/icyphy/ptII/ptolemy/actor/lib/test/auto/arrayType20.xml
2 ms. Memory: 1742848K Free: 1413800K (81%)
----------------- Invoking toplevel() on ptolemy.moml.MoMLSimpleApplication@22d24873
----------------- Done invoking toplevel() on ptolemy.moml.MoMLSimpleApplication@22d24873
reloadAllAccessors: .arrayType20

===========================================================================================
----------------- testing Fri Dec 28 03:08:13 UTC 2018 /home/travis/build/icyphy/ptII/ptolemy/actor/lib/test/auto/arrayType21.xml
----------------- Instantiating /home/travis/build/icyphy/ptII/ptolemy/actor/lib/test/auto/arrayType21.xml
1 ms. Memory: 1742848K Free: 1393788K (80%)
----------------- Invoking toplevel() on ptolemy.moml.MoMLSimpleApplication@39233b3b
----------------- Done invoking toplevel() on ptolemy.moml.MoMLSimpleApplication@39233b3b
reloadAllAccessors: .arrayType21

===========================================================================================
----------------- testing Fri Dec 28 03:08:13 UTC 2018 /home/travis/build/icyphy/ptII/ptolemy/actor/lib/test/auto/arrayType22.xml
----------------- Instantiating /home/travis/build/icyphy/ptII/ptolemy/actor/lib/test/auto/arrayType22.xml
1 ms. Memory: 1742848K Free: 1377532K (79%)
----------------- Invoking toplevel() on ptolemy.moml.MoMLSimpleApplication@72601d57
----------------- Done invoking toplevel() on ptolemy.moml.MoMLSimpleApplication@72601d57
reloadAllAccessors: .arrayType22

===========================================================================================
----------------- testing Fri Dec 28 03:08:13 UTC 2018 /home/travis/build/icyphy/ptII/ptolemy/actor/lib/test/auto/arrayType23.xml
----------------- Instantiating /home/travis/build/icyphy/ptII/ptolemy/actor/lib/test/auto/arrayType23.xml
3 ms. Memory: 1742848K Free: 1357495K (78%)
----------------- Invoking toplevel() on ptolemy.moml.MoMLSimpleApplication@5d08768b
----------------- Done invoking toplevel() on ptolemy.moml.MoMLSimpleApplication@5d08768b
reloadAllAccessors: .arrayType23

===========================================================================================
----------------- testing Fri Dec 28 03:08:13 UTC 2018 /home/travis/build/icyphy/ptII/ptolemy/actor/lib/test/auto/arrayType24.xml
----------------- Instantiating /home/travis/build/icyphy/ptII/ptolemy/actor/lib/test/auto/arrayType24.xml
1 ms. Memory: 1742848K Free: 1337483K (77%)
----------------- Invoking toplevel() on ptolemy.moml.MoMLSimpleApplication@3923f562
----------------- Done invoking toplevel() on ptolemy.moml.MoMLSimpleApplication@3923f562
reloadAllAccessors: .arrayType24

===========================================================================================
----------------- testing Fri Dec 28 03:08:13 UTC 2018 /home/travis/build/icyphy/ptII/ptolemy/actor/lib/test/auto/arrayType25.xml
----------------- Instantiating /home/travis/build/icyphy/ptII/ptolemy/actor/lib/test/auto/arrayType25.xml
1 ms. Memory: 1742848K Free: 1321227K (76%)
----------------- Invoking toplevel() on ptolemy.moml.MoMLSimpleApplication@f6ce21c
----------------- Done invoking toplevel() on ptolemy.moml.MoMLSimpleApplication@f6ce21c
reloadAllAccessors: .arrayType25

===========================================================================================
----------------- testing Fri Dec 28 03:08:13 UTC 2018 /home/travis/build/icyphy/ptII/ptolemy/actor/lib/test/auto/arrayType26.xml
----------------- Instantiating /home/travis/build/icyphy/ptII/ptolemy/actor/lib/test/auto/arrayType26.xml
1 ms. Memory: 1742848K Free: 1301215K (75%)
----------------- Invoking toplevel() on ptolemy.moml.MoMLSimpleApplication@516429ac
----------------- Done invoking toplevel() on ptolemy.moml.MoMLSimpleApplication@516429ac
reloadAllAccessors: .arrayType26

===========================================================================================
----------------- testing Fri Dec 28 03:08:13 UTC 2018 /home/travis/build/icyphy/ptII/ptolemy/actor/lib/test/auto/arrayType27.xml
----------------- Instantiating /home/travis/build/icyphy/ptII/ptolemy/actor/lib/test/auto/arrayType27.xml
2 ms. Memory: 1742848K Free: 1281203K (74%)
----------------- Invoking toplevel() on ptolemy.moml.MoMLSimpleApplication@2f8ba437
----------------- Done invoking toplevel() on ptolemy.moml.MoMLSimpleApplication@2f8ba437
reloadAllAccessors: .arrayType27

===========================================================================================
----------------- testing Fri Dec 28 03:08:13 UTC 2018 /home/travis/build/icyphy/ptII/ptolemy/actor/lib/test/auto/arrayType28.xml
----------------- Instantiating /home/travis/build/icyphy/ptII/ptolemy/actor/lib/test/auto/arrayType28.xml
1 ms. Memory: 1742848K Free: 1264947K (73%)
----------------- Invoking toplevel() on ptolemy.moml.MoMLSimpleApplication@435d6c95
----------------- Done invoking toplevel() on ptolemy.moml.MoMLSimpleApplication@435d6c95
reloadAllAccessors: .arrayType28

===========================================================================================
----------------- testing Fri Dec 28 03:08:13 UTC 2018 /home/travis/build/icyphy/ptII/ptolemy/actor/lib/test/auto/arrayType3.xml
----------------- Instantiating /home/travis/build/icyphy/ptII/ptolemy/actor/lib/test/auto/arrayType3.xml
1 ms. Memory: 1742848K Free: 1244935K (71%)
----------------- Invoking toplevel() on ptolemy.moml.MoMLSimpleApplication@4cf8e13
----------------- Done invoking toplevel() on ptolemy.moml.MoMLSimpleApplication@4cf8e13
reloadAllAccessors: .arrayType3

===========================================================================================
----------------- testing Fri Dec 28 03:08:13 UTC 2018 /home/travis/build/icyphy/ptII/ptolemy/actor/lib/test/auto/arrayType4.xml
----------------- Instantiating /home/travis/build/icyphy/ptII/ptolemy/actor/lib/test/auto/arrayType4.xml
1 ms. Memory: 1742848K Free: 1224923K (70%)
----------------- Invoking toplevel() on ptolemy.moml.MoMLSimpleApplication@1bc92bc6
----------------- Done invoking toplevel() on ptolemy.moml.MoMLSimpleApplication@1bc92bc6
reloadAllAccessors: .arrayType4

===========================================================================================
----------------- testing Fri Dec 28 03:08:13 UTC 2018 /home/travis/build/icyphy/ptII/ptolemy/actor/lib/test/auto/arrayType5.xml
----------------- Instantiating /home/travis/build/icyphy/ptII/ptolemy/actor/lib/test/auto/arrayType5.xml
7 ms. Memory: 1742848K Free: 1204911K (69%)
----------------- Invoking toplevel() on ptolemy.moml.MoMLSimpleApplication@1d7f1f0c
----------------- Done invoking toplevel() on ptolemy.moml.MoMLSimpleApplication@1d7f1f0c
reloadAllAccessors: .arrayType5

===========================================================================================
----------------- testing Fri Dec 28 03:08:13 UTC 2018 /home/travis/build/icyphy/ptII/ptolemy/actor/lib/test/auto/arrayType6.xml
----------------- Instantiating /home/travis/build/icyphy/ptII/ptolemy/actor/lib/test/auto/arrayType6.xml
1 ms. Memory: 1742848K Free: 1188655K (68%)
----------------- Invoking toplevel() on ptolemy.moml.MoMLSimpleApplication@760b112a
----------------- Done invoking toplevel() on ptolemy.moml.MoMLSimpleApplication@760b112a
reloadAllAccessors: .arrayType6

===========================================================================================
----------------- testing Fri Dec 28 03:08:13 UTC 2018 /home/travis/build/icyphy/ptII/ptolemy/actor/lib/test/auto/arrayType7.xml
----------------- Instantiating /home/travis/build/icyphy/ptII/ptolemy/actor/lib/test/auto/arrayType7.xml
3 ms. Memory: 1742848K Free: 1168643K (67%)
----------------- Invoking toplevel() on ptolemy.moml.MoMLSimpleApplication@e211346
----------------- Done invoking toplevel() on ptolemy.moml.MoMLSimpleApplication@e211346
reloadAllAccessors: .arrayType7

===========================================================================================
----------------- testing Fri Dec 28 03:08:13 UTC 2018 /home/travis/build/icyphy/ptII/ptolemy/actor/lib/test/auto/arrayType8.xml
----------------- Instantiating /home/travis/build/icyphy/ptII/ptolemy/actor/lib/test/auto/arrayType8.xml
1 ms. Memory: 1742848K Free: 1148631K (66%)
----------------- Invoking toplevel() on ptolemy.moml.MoMLSimpleApplication@5e1659f6
----------------- Done invoking toplevel() on ptolemy.moml.MoMLSimpleApplication@5e1659f6
reloadAllAccessors: .arrayType8

===========================================================================================
----------------- testing Fri Dec 28 03:08:13 UTC 2018 /home/travis/build/icyphy/ptII/ptolemy/actor/lib/test/auto/arrayType9.xml
----------------- Instantiating /home/travis/build/icyphy/ptII/ptolemy/actor/lib/test/auto/arrayType9.xml
2 ms. Memory: 1742848K Free: 1132375K (65%)
----------------- Invoking toplevel() on ptolemy.moml.MoMLSimpleApplication@2788ad64
----------------- Done invoking toplevel() on ptolemy.moml.MoMLSimpleApplication@2788ad64
reloadAllAccessors: .arrayType9

===========================================================================================
----------------- testing Fri Dec 28 03:08:13 UTC 2018 /home/travis/build/icyphy/ptII/ptolemy/actor/lib/test/auto/cast.xml
----------------- Instantiating /home/travis/build/icyphy/ptII/ptolemy/actor/lib/test/auto/cast.xml
2 ms. Memory: 1742848K Free: 1112363K (64%)
----------------- Invoking toplevel() on ptolemy.moml.MoMLSimpleApplication@7d159a3e
----------------- Done invoking toplevel() on ptolemy.moml.MoMLSimpleApplication@7d159a3e
reloadAllAccessors: .cast

===========================================================================================
----------------- testing Fri Dec 28 03:08:13 UTC 2018 /home/travis/build/icyphy/ptII/ptolemy/actor/lib/test/auto/compositeMultiPort.xml
----------------- Instantiating /home/travis/build/icyphy/ptII/ptolemy/actor/lib/test/auto/compositeMultiPort.xml
3 ms. Memory: 1742848K Free: 1092351K (63%)
----------------- Invoking toplevel() on ptolemy.moml.MoMLSimpleApplication@10b763b7
----------------- Done invoking toplevel() on ptolemy.moml.MoMLSimpleApplication@10b763b7
reloadAllAccessors: .compositeMultiPort

===========================================================================================
----------------- testing Fri Dec 28 03:08:13 UTC 2018 /home/travis/build/icyphy/ptII/ptolemy/actor/lib/test/auto/expressionCastInference.xml
----------------- Instantiating /home/travis/build/icyphy/ptII/ptolemy/actor/lib/test/auto/expressionCastInference.xml
2 ms. Memory: 1742848K Free: 1076095K (62%)
----------------- Invoking toplevel() on ptolemy.moml.MoMLSimpleApplication@7b0c5329
----------------- Done invoking toplevel() on ptolemy.moml.MoMLSimpleApplication@7b0c5329
reloadAllAccessors: .expressionCastInference

===========================================================================================
----------------- testing Fri Dec 28 03:08:13 UTC 2018 /home/travis/build/icyphy/ptII/ptolemy/actor/lib/test/auto/expressionCastInference2.xml
----------------- Instantiating /home/travis/build/icyphy/ptII/ptolemy/actor/lib/test/auto/expressionCastInference2.xml
4 ms. Memory: 1742848K Free: 1056084K (61%)
----------------- Invoking toplevel() on ptolemy.moml.MoMLSimpleApplication@6d5a6481
----------------- Done invoking toplevel() on ptolemy.moml.MoMLSimpleApplication@6d5a6481
reloadAllAccessors: .expressionCastInference2

===========================================================================================
----------------- testing Fri Dec 28 03:08:13 UTC 2018 /home/travis/build/icyphy/ptII/ptolemy/actor/lib/test/auto/expressionInference.xml
----------------- Instantiating /home/travis/build/icyphy/ptII/ptolemy/actor/lib/test/auto/expressionInference.xml
3 ms. Memory: 1742848K Free: 1036072K (59%)
----------------- Invoking toplevel() on ptolemy.moml.MoMLSimpleApplication@43e44d08
----------------- Done invoking toplevel() on ptolemy.moml.MoMLSimpleApplication@43e44d08
reloadAllAccessors: .expressionInference

===========================================================================================
----------------- testing Fri Dec 28 03:08:13 UTC 2018 /home/travis/build/icyphy/ptII/ptolemy/actor/lib/test/auto/expression_bug.xml
----------------- Instantiating /home/travis/build/icyphy/ptII/ptolemy/actor/lib/test/auto/expression_bug.xml
1 ms. Memory: 1742848K Free: 1019816K (59%)
----------------- Invoking toplevel() on ptolemy.moml.MoMLSimpleApplication@c8916e2
----------------- Done invoking toplevel() on ptolemy.moml.MoMLSimpleApplication@c8916e2
reloadAllAccessors: .expression_bug

===========================================================================================
----------------- testing Fri Dec 28 03:08:13 UTC 2018 /home/travis/build/icyphy/ptII/ptolemy/actor/lib/test/auto/factorial.xml
----------------- Instantiating /home/travis/build/icyphy/ptII/ptolemy/actor/lib/test/auto/factorial.xml
29 ms. Memory: 1742848K Free: 999804K (57%)
----------------- Invoking toplevel() on ptolemy.moml.MoMLSimpleApplication@7f7bc1b5
----------------- Done invoking toplevel() on ptolemy.moml.MoMLSimpleApplication@7f7bc1b5
reloadAllAccessors: .factorial

===========================================================================================
----------------- testing Fri Dec 28 03:08:13 UTC 2018 /home/travis/build/icyphy/ptII/ptolemy/actor/lib/test/auto/filterTest1.xml
----------------- Instantiating /home/travis/build/icyphy/ptII/ptolemy/actor/lib/test/auto/filterTest1.xml
3 ms. Memory: 1742848K Free: 979792K (56%)
----------------- Invoking toplevel() on ptolemy.moml.MoMLSimpleApplication@6335d5d2
----------------- Done invoking toplevel() on ptolemy.moml.MoMLSimpleApplication@6335d5d2
reloadAllAccessors: .filterTest1

===========================================================================================
----------------- testing Fri Dec 28 03:08:13 UTC 2018 /home/travis/build/icyphy/ptII/ptolemy/actor/lib/test/auto/funcApplyInConst.xml
----------------- Instantiating /home/travis/build/icyphy/ptII/ptolemy/actor/lib/test/auto/funcApplyInConst.xml
1 ms. Memory: 1742848K Free: 963536K (55%)
----------------- Invoking toplevel() on ptolemy.moml.MoMLSimpleApplication@4645b132
----------------- Done invoking toplevel() on ptolemy.moml.MoMLSimpleApplication@4645b132
reloadAllAccessors: .funcApplyInConst

===========================================================================================
----------------- testing Fri Dec 28 03:08:13 UTC 2018 /home/travis/build/icyphy/ptII/ptolemy/actor/lib/test/auto/funcApplyInExpr.xml
----------------- Instantiating /home/travis/build/icyphy/ptII/ptolemy/actor/lib/test/auto/funcApplyInExpr.xml
1 ms. Memory: 1742848K Free: 943524K (54%)
----------------- Invoking toplevel() on ptolemy.moml.MoMLSimpleApplication@7f57ef61
----------------- Done invoking toplevel() on ptolemy.moml.MoMLSimpleApplication@7f57ef61
reloadAllAccessors: .funcApplyInExpr

===========================================================================================
----------------- testing Fri Dec 28 03:08:13 UTC 2018 /home/travis/build/icyphy/ptII/ptolemy/actor/lib/test/auto/function.xml
----------------- Instantiating /home/travis/build/icyphy/ptII/ptolemy/actor/lib/test/auto/function.xml
2 ms. Memory: 1742848K Free: 923513K (53%)
----------------- Invoking toplevel() on ptolemy.moml.MoMLSimpleApplication@1afc2eeb
----------------- Done invoking toplevel() on ptolemy.moml.MoMLSimpleApplication@1afc2eeb
reloadAllAccessors: .function

===========================================================================================
----------------- testing Fri Dec 28 03:08:13 UTC 2018 /home/travis/build/icyphy/ptII/ptolemy/actor/lib/test/auto/function2.xml
----------------- Instantiating /home/travis/build/icyphy/ptII/ptolemy/actor/lib/test/auto/function2.xml
1 ms. Memory: 1742848K Free: 903501K (52%)
----------------- Invoking toplevel() on ptolemy.moml.MoMLSimpleApplication@6b701894
----------------- Done invoking toplevel() on ptolemy.moml.MoMLSimpleApplication@6b701894
reloadAllAccessors: .function2

===========================================================================================
----------------- testing Fri Dec 28 03:08:13 UTC 2018 /home/travis/build/icyphy/ptII/ptolemy/actor/lib/test/auto/function3.xml
----------------- Instantiating /home/travis/build/icyphy/ptII/ptolemy/actor/lib/test/auto/function3.xml
1 ms. Memory: 1742848K Free: 887245K (51%)
----------------- Invoking toplevel() on ptolemy.moml.MoMLSimpleApplication@da1d662
----------------- Done invoking toplevel() on ptolemy.moml.MoMLSimpleApplication@da1d662
reloadAllAccessors: .function3

===========================================================================================
----------------- testing Fri Dec 28 03:08:13 UTC 2018 /home/travis/build/icyphy/ptII/ptolemy/actor/lib/test/auto/functionClosureTest1.xml
----------------- Instantiating /home/travis/build/icyphy/ptII/ptolemy/actor/lib/test/auto/functionClosureTest1.xml
5 ms. Memory: 1742848K Free: 867233K (50%)
----------------- Invoking toplevel() on ptolemy.moml.MoMLSimpleApplication@44a329df
----------------- Done invoking toplevel() on ptolemy.moml.MoMLSimpleApplication@44a329df
reloadAllAccessors: .functionClosureTest1

===========================================================================================
----------------- testing Fri Dec 28 03:08:13 UTC 2018 /home/travis/build/icyphy/ptII/ptolemy/actor/lib/test/auto/functionClosureTest2.xml
----------------- Instantiating /home/travis/build/icyphy/ptII/ptolemy/actor/lib/test/auto/functionClosureTest2.xml
2 ms. Memory: 1742848K Free: 847222K (49%)
----------------- Invoking toplevel() on ptolemy.moml.MoMLSimpleApplication@300a75c6
----------------- Done invoking toplevel() on ptolemy.moml.MoMLSimpleApplication@300a75c6
reloadAllAccessors: .functionClosureTest2

===========================================================================================
----------------- testing Fri Dec 28 03:08:13 UTC 2018 /home/travis/build/icyphy/ptII/ptolemy/actor/lib/test/auto/functionClosureTest3.xml
----------------- Instantiating /home/travis/build/icyphy/ptII/ptolemy/actor/lib/test/auto/functionClosureTest3.xml
2 ms. Memory: 1742848K Free: 830966K (48%)
----------------- Invoking toplevel() on ptolemy.moml.MoMLSimpleApplication@76c855d5
----------------- Done invoking toplevel() on ptolemy.moml.MoMLSimpleApplication@76c855d5
reloadAllAccessors: .functionClosureTest3

===========================================================================================
----------------- testing Fri Dec 28 03:08:13 UTC 2018 /home/travis/build/icyphy/ptII/ptolemy/actor/lib/test/auto/functionClosureTest4.xml
----------------- Instantiating /home/travis/build/icyphy/ptII/ptolemy/actor/lib/test/auto/functionClosureTest4.xml
3 ms. Memory: 1742848K Free: 810954K (47%)
----------------- Invoking toplevel() on ptolemy.moml.MoMLSimpleApplication@319212a6
----------------- Done invoking toplevel() on ptolemy.moml.MoMLSimpleApplication@319212a6
reloadAllAccessors: .functionClosureTest4

===========================================================================================
----------------- testing Fri Dec 28 03:08:13 UTC 2018 /home/travis/build/icyphy/ptII/ptolemy/actor/lib/test/auto/functionClosureTest5.xml
----------------- Instantiating /home/travis/build/icyphy/ptII/ptolemy/actor/lib/test/auto/functionClosureTest5.xml
3 ms. Memory: 1742848K Free: 790942K (45%)
----------------- Invoking toplevel() on ptolemy.moml.MoMLSimpleApplication@337a85a6
----------------- Done invoking toplevel() on ptolemy.moml.MoMLSimpleApplication@337a85a6
reloadAllAccessors: .functionClosureTest5

===========================================================================================
----------------- testing Fri Dec 28 03:08:13 UTC 2018 /home/travis/build/icyphy/ptII/ptolemy/actor/lib/test/auto/functionClosureTest6.xml
----------------- Instantiating /home/travis/build/icyphy/ptII/ptolemy/actor/lib/test/auto/functionClosureTest6.xml
2 ms. Memory: 1742848K Free: 774686K (44%)
----------------- Invoking toplevel() on ptolemy.moml.MoMLSimpleApplication@706b751a
----------------- Done invoking toplevel() on ptolemy.moml.MoMLSimpleApplication@706b751a
reloadAllAccessors: .functionClosureTest6

===========================================================================================
----------------- testing Fri Dec 28 03:08:13 UTC 2018 /home/travis/build/icyphy/ptII/ptolemy/actor/lib/test/auto/functionsOnArcs.xml
----------------- Instantiating /home/travis/build/icyphy/ptII/ptolemy/actor/lib/test/auto/functionsOnArcs.xml
1 ms. Memory: 1742848K Free: 754674K (43%)
----------------- Invoking toplevel() on ptolemy.moml.MoMLSimpleApplication@36093890
----------------- Done invoking toplevel() on ptolemy.moml.MoMLSimpleApplication@36093890
reloadAllAccessors: .functionsOnArcs

===========================================================================================
----------------- testing Fri Dec 28 03:08:13 UTC 2018 /home/travis/build/icyphy/ptII/ptolemy/actor/lib/test/auto/functionsOnArcsHOF.xml
----------------- Instantiating /home/travis/build/icyphy/ptII/ptolemy/actor/lib/test/auto/functionsOnArcsHOF.xml
3 ms. Memory: 1742848K Free: 734663K (42%)
----------------- Invoking toplevel() on ptolemy.moml.MoMLSimpleApplication@2b67709
----------------- Done invoking toplevel() on ptolemy.moml.MoMLSimpleApplication@2b67709
reloadAllAccessors: .functionsOnArcsHOF

===========================================================================================
----------------- testing Fri Dec 28 03:08:13 UTC 2018 /home/travis/build/icyphy/ptII/ptolemy/actor/lib/test/auto/logic.xml
----------------- Instantiating /home/travis/build/icyphy/ptII/ptolemy/actor/lib/test/auto/logic.xml
1 ms. Memory: 1742848K Free: 718407K (41%)
----------------- Invoking toplevel() on ptolemy.moml.MoMLSimpleApplication@75cb9a01
----------------- Done invoking toplevel() on ptolemy.moml.MoMLSimpleApplication@75cb9a01
reloadAllAccessors: .logic

===========================================================================================
----------------- testing Fri Dec 28 03:08:13 UTC 2018 /home/travis/build/icyphy/ptII/ptolemy/actor/lib/test/auto/matrixType.xml
----------------- Instantiating /home/travis/build/icyphy/ptII/ptolemy/actor/lib/test/auto/matrixType.xml
1 ms. Memory: 1742848K Free: 698395K (40%)
----------------- Invoking toplevel() on ptolemy.moml.MoMLSimpleApplication@36f9c855
----------------- Done invoking toplevel() on ptolemy.moml.MoMLSimpleApplication@36f9c855
reloadAllAccessors: .matrixType

===========================================================================================
----------------- testing Fri Dec 28 03:08:13 UTC 2018 /home/travis/build/icyphy/ptII/ptolemy/actor/lib/test/auto/matrixType10.xml
----------------- Instantiating /home/travis/build/icyphy/ptII/ptolemy/actor/lib/test/auto/matrixType10.xml
2 ms. Memory: 1742848K Free: 678383K (39%)
----------------- Invoking toplevel() on ptolemy.moml.MoMLSimpleApplication@4e1a00e1
----------------- Done invoking toplevel() on ptolemy.moml.MoMLSimpleApplication@4e1a00e1
reloadAllAccessors: .matrixType10

===========================================================================================
----------------- testing Fri Dec 28 03:08:13 UTC 2018 /home/travis/build/icyphy/ptII/ptolemy/actor/lib/test/auto/matrixType11.xml
----------------- Instantiating /home/travis/build/icyphy/ptII/ptolemy/actor/lib/test/auto/matrixType11.xml
2 ms. Memory: 1742848K Free: 658371K (38%)
----------------- Invoking toplevel() on ptolemy.moml.MoMLSimpleApplication@23d35d03
----------------- Done invoking toplevel() on ptolemy.moml.MoMLSimpleApplication@23d35d03
reloadAllAccessors: .matrixType11

===========================================================================================
----------------- testing Fri Dec 28 03:08:13 UTC 2018 /home/travis/build/icyphy/ptII/ptolemy/actor/lib/test/auto/matrixType12.xml
----------------- Instantiating /home/travis/build/icyphy/ptII/ptolemy/actor/lib/test/auto/matrixType12.xml
1 ms. Memory: 1742848K Free: 642115K (37%)
----------------- Invoking toplevel() on ptolemy.moml.MoMLSimpleApplication@1226cbbf
----------------- Done invoking toplevel() on ptolemy.moml.MoMLSimpleApplication@1226cbbf
reloadAllAccessors: .matrixType12

===========================================================================================
----------------- testing Fri Dec 28 03:08:13 UTC 2018 /home/travis/build/icyphy/ptII/ptolemy/actor/lib/test/auto/matrixType13.xml
----------------- Instantiating /home/travis/build/icyphy/ptII/ptolemy/actor/lib/test/auto/matrixType13.xml
1 ms. Memory: 1742848K Free: 622103K (36%)
----------------- Invoking toplevel() on ptolemy.moml.MoMLSimpleApplication@15010e25
----------------- Done invoking toplevel() on ptolemy.moml.MoMLSimpleApplication@15010e25
reloadAllAccessors: .matrixType13

===========================================================================================
----------------- testing Fri Dec 28 03:08:13 UTC 2018 /home/travis/build/icyphy/ptII/ptolemy/actor/lib/test/auto/matrixType14.xml
----------------- Instantiating /home/travis/build/icyphy/ptII/ptolemy/actor/lib/test/auto/matrixType14.xml
1 ms. Memory: 1742848K Free: 602091K (35%)
----------------- Invoking toplevel() on ptolemy.moml.MoMLSimpleApplication@15f82677
----------------- Done invoking toplevel() on ptolemy.moml.MoMLSimpleApplication@15f82677
reloadAllAccessors: .matrixType14

===========================================================================================
----------------- testing Fri Dec 28 03:08:13 UTC 2018 /home/travis/build/icyphy/ptII/ptolemy/actor/lib/test/auto/matrixType2.xml
----------------- Instantiating /home/travis/build/icyphy/ptII/ptolemy/actor/lib/test/auto/matrixType2.xml
1 ms. Memory: 1742848K Free: 585835K (34%)
----------------- Invoking toplevel() on ptolemy.moml.MoMLSimpleApplication@b98e8a1
----------------- Done invoking toplevel() on ptolemy.moml.MoMLSimpleApplication@b98e8a1
reloadAllAccessors: .matrixType2

===========================================================================================
----------------- testing Fri Dec 28 03:08:13 UTC 2018 /home/travis/build/icyphy/ptII/ptolemy/actor/lib/test/auto/matrixType3.xml
----------------- Instantiating /home/travis/build/icyphy/ptII/ptolemy/actor/lib/test/auto/matrixType3.xml
3 ms. Memory: 1742848K Free: 565823K (32%)
----------------- Invoking toplevel() on ptolemy.moml.MoMLSimpleApplication@564fb20a
----------------- Done invoking toplevel() on ptolemy.moml.MoMLSimpleApplication@564fb20a
reloadAllAccessors: .matrixType3

===========================================================================================
----------------- testing Fri Dec 28 03:08:13 UTC 2018 /home/travis/build/icyphy/ptII/ptolemy/actor/lib/test/auto/matrixType4.xml
----------------- Instantiating /home/travis/build/icyphy/ptII/ptolemy/actor/lib/test/auto/matrixType4.xml
1 ms. Memory: 1742848K Free: 545812K (31%)
----------------- Invoking toplevel() on ptolemy.moml.MoMLSimpleApplication@5815f1da
----------------- Done invoking toplevel() on ptolemy.moml.MoMLSimpleApplication@5815f1da
reloadAllAccessors: .matrixType4

===========================================================================================
----------------- testing Fri Dec 28 03:08:13 UTC 2018 /home/travis/build/icyphy/ptII/ptolemy/actor/lib/test/auto/matrixType5.xml
----------------- Instantiating /home/travis/build/icyphy/ptII/ptolemy/actor/lib/test/auto/matrixType5.xml
1 ms. Memory: 1742848K Free: 529556K (30%)
----------------- Invoking toplevel() on ptolemy.moml.MoMLSimpleApplication@18f45279
----------------- Done invoking toplevel() on ptolemy.moml.MoMLSimpleApplication@18f45279
reloadAllAccessors: .matrixType5

===========================================================================================
----------------- testing Fri Dec 28 03:08:13 UTC 2018 /home/travis/build/icyphy/ptII/ptolemy/actor/lib/test/auto/matrixType6.xml
----------------- Instantiating /home/travis/build/icyphy/ptII/ptolemy/actor/lib/test/auto/matrixType6.xml
1 ms. Memory: 1742848K Free: 509544K (29%)
----------------- Invoking toplevel() on ptolemy.moml.MoMLSimpleApplication@65a6db4b
----------------- Done invoking toplevel() on ptolemy.moml.MoMLSimpleApplication@65a6db4b
reloadAllAccessors: .matrixType6

===========================================================================================
----------------- testing Fri Dec 28 03:08:13 UTC 2018 /home/travis/build/icyphy/ptII/ptolemy/actor/lib/test/auto/matrixType7.xml
----------------- Instantiating /home/travis/build/icyphy/ptII/ptolemy/actor/lib/test/auto/matrixType7.xml
2 ms. Memory: 1742848K Free: 489532K (28%)
----------------- Invoking toplevel() on ptolemy.moml.MoMLSimpleApplication@4b7f77fc
----------------- Done invoking toplevel() on ptolemy.moml.MoMLSimpleApplication@4b7f77fc
reloadAllAccessors: .matrixType7

===========================================================================================
----------------- testing Fri Dec 28 03:08:13 UTC 2018 /home/travis/build/icyphy/ptII/ptolemy/actor/lib/test/auto/matrixType8.xml
----------------- Instantiating /home/travis/build/icyphy/ptII/ptolemy/actor/lib/test/auto/matrixType8.xml
1 ms. Memory: 1742848K Free: 469520K (27%)
----------------- Invoking toplevel() on ptolemy.moml.MoMLSimpleApplication@176f6bdb
----------------- Done invoking toplevel() on ptolemy.moml.MoMLSimpleApplication@176f6bdb
reloadAllAccessors: .matrixType8

===========================================================================================
----------------- testing Fri Dec 28 03:08:13 UTC 2018 /home/travis/build/icyphy/ptII/ptolemy/actor/lib/test/auto/matrixType9.xml
----------------- Instantiating /home/travis/build/icyphy/ptII/ptolemy/actor/lib/test/auto/matrixType9.xml
1 ms. Memory: 1742848K Free: 453264K (26%)
----------------- Invoking toplevel() on ptolemy.moml.MoMLSimpleApplication@5b7c7688
----------------- Done invoking toplevel() on ptolemy.moml.MoMLSimpleApplication@5b7c7688
reloadAllAccessors: .matrixType9

===========================================================================================
----------------- testing Fri Dec 28 03:08:13 UTC 2018 /home/travis/build/icyphy/ptII/ptolemy/actor/lib/test/auto/paraFunctest.xml
----------------- Instantiating /home/travis/build/icyphy/ptII/ptolemy/actor/lib/test/auto/paraFunctest.xml
1 ms. Memory: 1742848K Free: 433252K (25%)
----------------- Invoking toplevel() on ptolemy.moml.MoMLSimpleApplication@dec9d08
----------------- Done invoking toplevel() on ptolemy.moml.MoMLSimpleApplication@dec9d08
reloadAllAccessors: .paraFunctest

===========================================================================================
----------------- testing Fri Dec 28 03:08:13 UTC 2018 /home/travis/build/icyphy/ptII/ptolemy/actor/lib/test/auto/paraFunctest2.xml
----------------- Instantiating /home/travis/build/icyphy/ptII/ptolemy/actor/lib/test/auto/paraFunctest2.xml
1 ms. Memory: 1742848K Free: 413241K (24%)
----------------- Invoking toplevel() on ptolemy.moml.MoMLSimpleApplication@76ac73aa
----------------- Done invoking toplevel() on ptolemy.moml.MoMLSimpleApplication@76ac73aa
reloadAllAccessors: .paraFunctest2

===========================================================================================
----------------- testing Fri Dec 28 03:08:13 UTC 2018 /home/travis/build/icyphy/ptII/ptolemy/actor/lib/test/auto/parameterPassing.xml
----------------- Instantiating /home/travis/build/icyphy/ptII/ptolemy/actor/lib/test/auto/parameterPassing.xml
1 ms. Memory: 1742848K Free: 396985K (23%)
----------------- Invoking toplevel() on ptolemy.moml.MoMLSimpleApplication@4a0ce3f
----------------- Done invoking toplevel() on ptolemy.moml.MoMLSimpleApplication@4a0ce3f
reloadAllAccessors: .parameterPassing

===========================================================================================
----------------- testing Fri Dec 28 03:08:13 UTC 2018 /home/travis/build/icyphy/ptII/ptolemy/actor/lib/test/auto/record.xml
----------------- Instantiating /home/travis/build/icyphy/ptII/ptolemy/actor/lib/test/auto/record.xml
2 ms. Memory: 1742848K Free: 376973K (22%)
----------------- Invoking toplevel() on ptolemy.moml.MoMLSimpleApplication@574f080b
----------------- Done invoking toplevel() on ptolemy.moml.MoMLSimpleApplication@574f080b
reloadAllAccessors: .record

===========================================================================================
----------------- testing Fri Dec 28 03:08:13 UTC 2018 /home/travis/build/icyphy/ptII/ptolemy/actor/lib/test/auto/sizedarray1.xml
----------------- Instantiating /home/travis/build/icyphy/ptII/ptolemy/actor/lib/test/auto/sizedarray1.xml
1 ms. Memory: 1742848K Free: 356961K (20%)
----------------- Invoking toplevel() on ptolemy.moml.MoMLSimpleApplication@70cb0071
----------------- Done invoking toplevel() on ptolemy.moml.MoMLSimpleApplication@70cb0071
reloadAllAccessors: .sizedarray1

===========================================================================================
----------------- testing Fri Dec 28 03:08:13 UTC 2018 /home/travis/build/icyphy/ptII/ptolemy/actor/lib/test/auto/sizedarray2.xml
----------------- Instantiating /home/travis/build/icyphy/ptII/ptolemy/actor/lib/test/auto/sizedarray2.xml
2 ms. Memory: 1742848K Free: 340705K (20%)
----------------- Invoking toplevel() on ptolemy.moml.MoMLSimpleApplication@e766c63
----------------- Done invoking toplevel() on ptolemy.moml.MoMLSimpleApplication@e766c63
reloadAllAccessors: .sizedarray2

===========================================================================================
----------------- testing Fri Dec 28 03:08:13 UTC 2018 /home/travis/build/icyphy/ptII/ptolemy/actor/lib/test/auto/twoPublishers.xml
----------------- Instantiating /home/travis/build/icyphy/ptII/ptolemy/actor/lib/test/auto/twoPublishers.xml
5 ms. Memory: 1742848K Free: 312549K (18%)
----------------- Invoking toplevel() on ptolemy.moml.MoMLSimpleApplication@44aff518
----------------- Done invoking toplevel() on ptolemy.moml.MoMLSimpleApplication@44aff518
reloadAllAccessors: .twoPublishers
AutoTests.java: About to close Vertx.
AutoTests.java: Vertx closed.
]]></system-out>
  <system-err><![CDATA[java.lang.RuntimeException: Execution failed
	at ptolemy.moml.MoMLSimpleApplication$UnloadThread.run(MoMLSimpleApplication.java:402)
Caused by: java.lang.RuntimeException: Normally, we would exit here because Manager.exitAfterWrapup() was called.  However, because the ptolemy.ptII.exitAfterWrapup property is set, we throw this exception instead.
	at ptolemy.util.StringUtilities.exit(StringUtilities.java:363)
	at ptolemy.actor.Manager.wrapup(Manager.java:1531)
	at ptolemy.actor.Manager.execute(Manager.java:407)
	at ptolemy.actor.Manager.run(Manager.java:1263)
	at ptolemy.actor.Manager$PtolemyRunThread.run(Manager.java:1915)
Warning: '.top.test' is in training mode, set the trainingMode parameter to false before checking in
Warning: '.top.test' is in training mode, set the trainingMode parameter to false before checking in
Warning: '.top.test' is in training mode, set the trainingMode parameter to false before checking in
Warning: '.BooleanSwitch_RegressionTest_WrongTrainingValues.Test' is in training mode, set the trainingMode parameter to false before checking in
Warning: '.BooleanSwitch_RegressionTest_WrongTrainingValues.Test2' is in training mode, set the trainingMode parameter to false before checking in
Warning: '.BooleanSwitch_RegressionTest_WrongTrainingValues.Test2' The test produced 0 tokens.
Warning: '.top.testExceptionHandler' is in training mode, set the trainingMode parameter to false before checking in
java.lang.RuntimeException: Execution failed
	at ptolemy.moml.MoMLSimpleApplication$UnloadThread.run(MoMLSimpleApplication.java:402)
Caused by: ptolemy.kernel.util.IllegalActionException: PublisherPorts cannot be used at the top level, use a Publisher actor instead.
  in .PublisherPortToplevelSubscriber.PublisherPort
	at ptolemy.actor.PublisherPort.preinitialize(PublisherPort.java:403)
	at ptolemy.actor.CompositeActor.preinitialize(CompositeActor.java:1769)
	at ptolemy.actor.Manager.preinitializeAndResolveTypes(Manager.java:1040)
	at ptolemy.actor.Manager.initialize(Manager.java:710)
	at ptolemy.actor.Manager.execute(Manager.java:356)
	at ptolemy.actor.Manager.run(Manager.java:1263)
	at ptolemy.actor.Manager$PtolemyRunThread.run(Manager.java:1915)
java.lang.reflect.InvocationTargetException
	at sun.reflect.NativeConstructorAccessorImpl.newInstance0(Native Method)
	at sun.reflect.NativeConstructorAccessorImpl.newInstance(NativeConstructorAccessorImpl.java:62)
	at sun.reflect.DelegatingConstructorAccessorImpl.newInstance(DelegatingConstructorAccessorImpl.java:45)
	at java.lang.reflect.Constructor.newInstance(Constructor.java:423)
	at ptolemy.util.test.junit.AutoKnownFailedTests.RunModel(AutoKnownFailedTests.java:105)
	at sun.reflect.NativeMethodAccessorImpl.invoke0(Native Method)
	at sun.reflect.NativeMethodAccessorImpl.invoke(NativeMethodAccessorImpl.java:62)
	at sun.reflect.DelegatingMethodAccessorImpl.invoke(DelegatingMethodAccessorImpl.java:43)
	at java.lang.reflect.Method.invoke(Method.java:498)
	at org.junit.runners.model.FrameworkMethod$1.runReflectiveCall(FrameworkMethod.java:44)
	at org.junit.internal.runners.model.ReflectiveCallable.run(ReflectiveCallable.java:15)
	at org.junit.runners.model.FrameworkMethod.invokeExplosively(FrameworkMethod.java:41)
	at junitparams.internal.InvokeParameterisedMethod.evaluate(InvokeParameterisedMethod.java:102)
	at org.junit.internal.runners.statements.FailOnTimeout$1.run(FailOnTimeout.java:28)
Caused by: ptolemy.kernel.util.IllegalActionException: PublisherPorts cannot be used at the top level, use a Publisher actor instead.
  in .PublisherPortToplevelSubscriber.PublisherPort
	at ptolemy.actor.PublisherPort.preinitialize(PublisherPort.java:403)
	at ptolemy.actor.CompositeActor.preinitialize(CompositeActor.java:1769)
	at ptolemy.actor.Manager.preinitializeAndResolveTypes(Manager.java:1040)
	at ptolemy.actor.Manager.initialize(Manager.java:710)
	at ptolemy.actor.Manager.execute(Manager.java:356)
	at ptolemy.actor.Manager.run(Manager.java:1263)
	at ptolemy.actor.Manager$PtolemyRunThread.run(Manager.java:1915)
java.lang.RuntimeException: Execution failed
	at ptolemy.moml.MoMLSimpleApplication$UnloadThread.run(MoMLSimpleApplication.java:402)
Caused by: ptolemy.kernel.util.IllegalActionException: SubscriberPorts cannot be used at the top level, use a Subscriber actor instead.
  in .PublisherSubscriberPortToplevel.SubscriberPort
	at ptolemy.actor.SubscriberPort.preinitialize(SubscriberPort.java:328)
	at ptolemy.actor.CompositeActor.preinitialize(CompositeActor.java:1769)
	at ptolemy.actor.Manager.preinitializeAndResolveTypes(Manager.java:1040)
	at ptolemy.actor.Manager.initialize(Manager.java:710)
	at ptolemy.actor.Manager.execute(Manager.java:356)
	at ptolemy.actor.Manager.run(Manager.java:1263)
	at ptolemy.actor.Manager$PtolemyRunThread.run(Manager.java:1915)
java.lang.reflect.InvocationTargetException
	at sun.reflect.NativeConstructorAccessorImpl.newInstance0(Native Method)
	at sun.reflect.NativeConstructorAccessorImpl.newInstance(NativeConstructorAccessorImpl.java:62)
	at sun.reflect.DelegatingConstructorAccessorImpl.newInstance(DelegatingConstructorAccessorImpl.java:45)
	at java.lang.reflect.Constructor.newInstance(Constructor.java:423)
	at ptolemy.util.test.junit.AutoKnownFailedTests.RunModel(AutoKnownFailedTests.java:105)
	at sun.reflect.NativeMethodAccessorImpl.invoke0(Native Method)
	at sun.reflect.NativeMethodAccessorImpl.invoke(NativeMethodAccessorImpl.java:62)
	at sun.reflect.DelegatingMethodAccessorImpl.invoke(DelegatingMethodAccessorImpl.java:43)
	at java.lang.reflect.Method.invoke(Method.java:498)
	at org.junit.runners.model.FrameworkMethod$1.runReflectiveCall(FrameworkMethod.java:44)
	at org.junit.internal.runners.model.ReflectiveCallable.run(ReflectiveCallable.java:15)
	at org.junit.runners.model.FrameworkMethod.invokeExplosively(FrameworkMethod.java:41)
	at junitparams.internal.InvokeParameterisedMethod.evaluate(InvokeParameterisedMethod.java:102)
	at org.junit.internal.runners.statements.FailOnTimeout$1.run(FailOnTimeout.java:28)
Caused by: ptolemy.kernel.util.IllegalActionException: SubscriberPorts cannot be used at the top level, use a Subscriber actor instead.
  in .PublisherSubscriberPortToplevel.SubscriberPort
	at ptolemy.actor.SubscriberPort.preinitialize(SubscriberPort.java:328)
	at ptolemy.actor.CompositeActor.preinitialize(CompositeActor.java:1769)
	at ptolemy.actor.Manager.preinitializeAndResolveTypes(Manager.java:1040)
	at ptolemy.actor.Manager.initialize(Manager.java:710)
	at ptolemy.actor.Manager.execute(Manager.java:356)
	at ptolemy.actor.Manager.run(Manager.java:1263)
	at ptolemy.actor.Manager$PtolemyRunThread.run(Manager.java:1915)
java.lang.RuntimeException: Execution failed
	at ptolemy.moml.MoMLSimpleApplication$UnloadThread.run(MoMLSimpleApplication.java:402)
Caused by: ptolemy.kernel.util.IllegalActionException: SubscriptionAggregatorPorts cannot be used at the top level, use a SubscriptionAggregator actor instead.
  in .PublisherSubscriptionAggregatorPort.SubscriptionAggregatorPort
	at ptolemy.actor.SubscriptionAggregatorPort.preinitialize(SubscriptionAggregatorPort.java:353)
	at ptolemy.actor.CompositeActor.preinitialize(CompositeActor.java:1769)
	at ptolemy.actor.Manager.preinitializeAndResolveTypes(Manager.java:1040)
	at ptolemy.actor.Manager.initialize(Manager.java:710)
	at ptolemy.actor.Manager.execute(Manager.java:356)
	at ptolemy.actor.Manager.run(Manager.java:1263)
	at ptolemy.actor.Manager$PtolemyRunThread.run(Manager.java:1915)
java.lang.reflect.InvocationTargetException
	at sun.reflect.NativeConstructorAccessorImpl.newInstance0(Native Method)
	at sun.reflect.NativeConstructorAccessorImpl.newInstance(NativeConstructorAccessorImpl.java:62)
	at sun.reflect.DelegatingConstructorAccessorImpl.newInstance(DelegatingConstructorAccessorImpl.java:45)
	at java.lang.reflect.Constructor.newInstance(Constructor.java:423)
	at ptolemy.util.test.junit.AutoKnownFailedTests.RunModel(AutoKnownFailedTests.java:105)
	at sun.reflect.NativeMethodAccessorImpl.invoke0(Native Method)
	at sun.reflect.NativeMethodAccessorImpl.invoke(NativeMethodAccessorImpl.java:62)
	at sun.reflect.DelegatingMethodAccessorImpl.invoke(DelegatingMethodAccessorImpl.java:43)
	at java.lang.reflect.Method.invoke(Method.java:498)
	at org.junit.runners.model.FrameworkMethod$1.runReflectiveCall(FrameworkMethod.java:44)
	at org.junit.internal.runners.model.ReflectiveCallable.run(ReflectiveCallable.java:15)
	at org.junit.runners.model.FrameworkMethod.invokeExplosively(FrameworkMethod.java:41)
	at junitparams.internal.InvokeParameterisedMethod.evaluate(InvokeParameterisedMethod.java:102)
	at org.junit.internal.runners.statements.FailOnTimeout$1.run(FailOnTimeout.java:28)
Caused by: ptolemy.kernel.util.IllegalActionException: SubscriptionAggregatorPorts cannot be used at the top level, use a SubscriptionAggregator actor instead.
  in .PublisherSubscriptionAggregatorPort.SubscriptionAggregatorPort
	at ptolemy.actor.SubscriptionAggregatorPort.preinitialize(SubscriptionAggregatorPort.java:353)
	at ptolemy.actor.CompositeActor.preinitialize(CompositeActor.java:1769)
	at ptolemy.actor.Manager.preinitializeAndResolveTypes(Manager.java:1040)
	at ptolemy.actor.Manager.initialize(Manager.java:710)
	at ptolemy.actor.Manager.execute(Manager.java:356)
	at ptolemy.actor.Manager.run(Manager.java:1263)
	at ptolemy.actor.Manager$PtolemyRunThread.run(Manager.java:1915)
java.lang.RuntimeException: Execution failed
	at ptolemy.moml.MoMLSimpleApplication$UnloadThread.run(MoMLSimpleApplication.java:402)
Caused by: ptolemy.kernel.util.IllegalActionException: TypeTest actor has no training data.
  in .sizedarray3.TypeTest
	at ptolemy.actor.lib.TypeTest.initialize(TypeTest.java:250)
	at ptolemy.actor.Director.initialize(Director.java:938)
	at ptolemy.actor.Director.initialize(Director.java:907)
	at ptolemy.actor.sched.StaticSchedulingDirector.initialize(StaticSchedulingDirector.java:159)
	at ptolemy.domains.sdf.kernel.SDFDirector.initialize(SDFDirector.java:544)
	at ptolemy.actor.CompositeActor.initialize(CompositeActor.java:935)
	at ptolemy.actor.Manager.initialize(Manager.java:724)
	at ptolemy.actor.Manager.execute(Manager.java:356)
	at ptolemy.actor.Manager.run(Manager.java:1263)
	at ptolemy.actor.Manager$PtolemyRunThread.run(Manager.java:1915)
java.lang.reflect.InvocationTargetException
	at sun.reflect.NativeConstructorAccessorImpl.newInstance0(Native Method)
	at sun.reflect.NativeConstructorAccessorImpl.newInstance(NativeConstructorAccessorImpl.java:62)
	at sun.reflect.DelegatingConstructorAccessorImpl.newInstance(DelegatingConstructorAccessorImpl.java:45)
	at java.lang.reflect.Constructor.newInstance(Constructor.java:423)
	at ptolemy.util.test.junit.AutoKnownFailedTests.RunModel(AutoKnownFailedTests.java:105)
	at sun.reflect.NativeMethodAccessorImpl.invoke0(Native Method)
	at sun.reflect.NativeMethodAccessorImpl.invoke(NativeMethodAccessorImpl.java:62)
	at sun.reflect.DelegatingMethodAccessorImpl.invoke(DelegatingMethodAccessorImpl.java:43)
	at java.lang.reflect.Method.invoke(Method.java:498)
	at org.junit.runners.model.FrameworkMethod$1.runReflectiveCall(FrameworkMethod.java:44)
	at org.junit.internal.runners.model.ReflectiveCallable.run(ReflectiveCallable.java:15)
	at org.junit.runners.model.FrameworkMethod.invokeExplosively(FrameworkMethod.java:41)
	at junitparams.internal.InvokeParameterisedMethod.evaluate(InvokeParameterisedMethod.java:102)
	at org.junit.internal.runners.statements.FailOnTimeout$1.run(FailOnTimeout.java:28)
Caused by: ptolemy.kernel.util.IllegalActionException: TypeTest actor has no training data.
  in .sizedarray3.TypeTest
	at ptolemy.actor.lib.TypeTest.initialize(TypeTest.java:250)
	at ptolemy.actor.Director.initialize(Director.java:938)
	at ptolemy.actor.Director.initialize(Director.java:907)
	at ptolemy.actor.sched.StaticSchedulingDirector.initialize(StaticSchedulingDirector.java:159)
	at ptolemy.domains.sdf.kernel.SDFDirector.initialize(SDFDirector.java:544)
	at ptolemy.actor.CompositeActor.initialize(CompositeActor.java:935)
	at ptolemy.actor.Manager.initialize(Manager.java:724)
	at ptolemy.actor.Manager.execute(Manager.java:356)
	at ptolemy.actor.Manager.run(Manager.java:1263)
	at ptolemy.actor.Manager$PtolemyRunThread.run(Manager.java:1915)
]]></system-err>
</testsuite>
