<?xml version="1.0" encoding="UTF-8" ?>
<testsuite errors="0" failures="0" hostname="travis-job-0fca5d99-9622-4f79-8d5f-19b9cf7c9b7c" name="ptolemy.domains.de.test.junit.JUnitTclTest" skipped="0" tests="101" time="122.008" timestamp="2020-07-24T20:29:25">
  <properties>
    <property name="npm.executable" value="npm" />
    <property name="env.TRAVIS_ROOT" value="/" />
    <property name="ptII.mk.exists" value="true" />
    <property name="env.TRAVIS_APP_HOST" value="build.travis-ci.org" />
    <property name="env.rvm_bin_path" value="/home/travis/.rvm/bin" />
    <property name="java.home" value="/usr/local/lib/jvm/openjdk11" />
    <property name="env.TRAVIS_JOB_NUMBER" value="1708.9" />
    <property name="env.TRAVIS_HOME" value="/home/travis" />
    <property name="env.DISPLAY" value=":99.0" />
    <property name="env.TRAVIS_INIT" value="systemd" />
    <property name="env.SSH_TTY" value="/dev/pts/0" />
    <property name="java.net.preferIPv4Stack" value="true" />
    <property name="env.RUN_TESTS" value="true" />
    <property name="timeout.short" value="1000000" />
    <property name="junit.formatter" value="xml" />
    <property name="env.TRAVIS_SUDO" value="true" />
    <property name="env.TRAVIS_JOB_NAME" value="" />
    <property name="env.TRAVIS_STACK_NODE_ATTRIBUTES" value="/.node-attributes.yml" />
    <property name="env.LOGNAME" value="travis" />
    <property name="jsdoc.home" value="node_modules/@terraswarm/jsdoc" />
    <property name="debuglevel" value="source,lines,vars" />
    <property name="checkstyle.formatter" value="xml" />
    <property name="bin.vergil.makeable" value="true" />
    <property name="sun.os.patch.level" value="unknown" />
    <property name="java.vendor.url" value="http://java.oracle.com/" />
    <property name="env.TRAVIS_BUILD_WEB_URL" value="https://travis-ci.org/icyphy/ptII/builds/711579595" />
    <property name="java.version" value="11.0.2" />
    <property name="env.TZ" value="UTC" />
    <property name="env.TRAVIS_PULL_REQUEST_SHA" value="" />
    <property name="env.PT_NO_NET" value="true" />
    <property name="env.TRAVIS_SECURE_ENV_VARS" value="true" />
    <property name="java.vendor.url.bug" value="http://bugreport.java.com/bugreport/" />
    <property name="npmjs-org-is-up" value="true" />
    <property name="env.LANGUAGE" value="en_US.UTF-8" />
    <property name="env.SSH_CLIENT" value="10.16.2.104 55618 22" />
    <property name="env.GEM_HOME" value="/home/travis/.rvm/gems/ruby-2.5.3" />
    <property name="env.HAS_ANTARES_THREE_LITTLE_FRONZIES_BADGE" value="true" />
    <property name="java.version.date" value="2019-01-15" />
    <property name="env.PS4" value="+" />
    <property name="ant.project.invoked-targets" value="build,test.core2.xml" />
    <property name="env.TRAVIS_PULL_REQUEST_BRANCH" value="" />
    <property name="env.TRAVIS_REPO_SLUG" value="icyphy/ptII" />
    <property name="env.XDG_DATA_DIRS" value="/usr/local/share:/usr/share:/var/lib/snapd/desktop" />
    <property name="jdk.debug" value="release" />
    <property name="env.TRAVIS_APT_PROXY" value="http://build-cache.travisci.net" />
    <property name="env.TRAVIS_CPU_ARCH" value="amd64" />
    <property name="node.in.path" value="true" />
    <property name="user.name" value="travis" />
    <property name="java.maxmemory" value="1400m" />
    <property name="env.RUBY_VERSION" value="ruby-2.5.3" />
    <property name="env.LANG" value="en_US.UTF-8" />
    <property name="sun.io.unicode.encoding" value="UnicodeLittle" />
    <property name="sun.jnu.encoding" value="UTF-8" />
    <property name="java.runtime.name" value="OpenJDK Runtime Environment" />
    <property name="usefile" value="false" />
    <property name="return.code" value="0" />
    <property name="junit.single.formatter" value="plain" />
    <property name="env.DYLD_LIBRARY_PATH" value="/home/travis/pthla/certi-tools/lib:" />
    <property name="env.DEBIAN_FRONTEND" value="noninteractive" />
    <property name="env.SSH_CONNECTION" value="10.16.2.104 55618 10.20.0.47 22" />
    <property name="env.MYSQL_UNIX_PORT" value="/var/run/mysqld/mysqld.sock" />
    <property name="env.LC_ALL" value="en_US.UTF-8" />
    <property name="env.TRAVIS_ALLOW_FAILURE" value="" />
    <property name="env.TRAVIS_JOB_WEB_URL" value="https://travis-ci.org/icyphy/ptII/jobs/711579607" />
    <property name="java.specification.name" value="Java Platform API Specification" />
    <property name="node.works" value="true" />
    <property name="user.timezone" value="" />
    <property name="path.separator" value=":" />
    <property name="env.TRAVIS_ENABLE_INFRA_DETECTION" value="true" />
    <property name="env.PYTHON_CFLAGS" value="-g -fstack-protector --param=ssp-buffer-size=4 -Wformat -Werror=format-security" />
    <property name="timeout.long" value="4000000" />
    <property name="env.CERTI_HOME" value="/home/travis/pthla/certi-tools" />
    <property name="ant.file.ptII" value="/home/travis/build/icyphy/ptII/build.xml" />
    <property name="javadoc.packagenames" value="com.*,diva.*,lbnl.*,org.hlacerti.*,org.json.*,org.ptolemy.*,org.terraswarm.*,ptolemy.*,ptserver.*" />
    <property name="file.encoding" value="UTF-8" />
    <property name="env.TRAVIS_PULL_REQUEST_SLUG" value="" />
    <property name="ant.project.default-target" value="build" />
    <property name="env.GIT_ASKPASS" value="echo" />
    <property name="env.HOME" value="/home/travis" />
    <property name="sun.java.command" value="org.apache.tools.ant.taskdefs.optional.junit.JUnitTestRunner ptolemy.domains.de.test.junit.JUnitTclTest skipNonTests=false filtertrace=true haltOnError=false haltOnFailure=false formatter=org.apache.tools.ant.taskdefs.optional.junit.OutErrSummaryJUnitResultFormatter showoutput=true outputtoformatters=true logfailedtests=true threadid=0 logtestlistenerevents=false formatter=org.apache.tools.ant.taskdefs.optional.junit.XMLJUnitResultFormatter,/home/travis/build/icyphy/ptII/reports/junit/TEST-ptolemy.domains.de.test.junit.JUnitTclTest.xml crashfile=/home/travis/build/icyphy/ptII/junitvmwatcher11685616887641927779.properties propsfile=/home/travis/build/icyphy/ptII/junit5598468556621883627.properties" />
    <property name="env.COMPOSER_NO_INTERACTION" value="1" />
    <property name="env.MANPATH" value="/home/travis/.nvm/versions/node/v7.10.1/share/man:/home/travis/.rvm/rubies/ruby-2.5.3/share/man:/usr/local/cmake-3.12.4/man:/usr/local/clang-7.0.0/share/man:/usr/local/man:/usr/local/share/man:/usr/share/man:/home/travis/.rvm/man" />
    <property name="env.TRAVIS_TIMER_ID" value="0e05eb50" />
    <property name="ant.file" value="/home/travis/build/icyphy/ptII/build.xml" />
    <property name="env.TRAVIS_COMMIT_RANGE" value="c96e718a2f9a...ab07ddb379fe" />
    <property name="ptII.classpath.optional.property" value="/home/travis/build/icyphy/ptII/lib/bsh-2.0b4.jar:/home/travis/build/icyphy/ptII/lib/ptCal.jar:/home/travis/build/icyphy/ptII/lib/java_cup.jar:/home/travis/build/icyphy/ptII/lib/saxon8.jar:/home/travis/build/icyphy/ptII/lib/saxon8-dom.jar:/home/travis/build/icyphy/ptII/lib/chic.jar:/home/travis/build/icyphy/ptII/lib/ptcolt.jar:/home/travis/build/icyphy/ptII/vendors/misc/itext/iText.jar:/home/travis/build/icyphy/ptII/lib/g4ltl.jar:/home/travis/build/icyphy/ptII/lib/StructuralCoder.jar:/home/travis/build/icyphy/ptII/lib/jcerti.jar:/home/travis/build/icyphy/ptII/lib/javax.mail.jar:/home/travis/build/icyphy/ptII/vendors/JMF-2.1.1e/lib/jmf.jar:/home/travis/build/icyphy/ptII/lib/jna-4.0.0-variadic.jar:/home/travis/build/icyphy/ptII/vendors/misc/joystick/Joystick.jar:/home/travis/build/icyphy/ptII/lib/ptjacl.jar:/home/travis/build/icyphy/ptII/lib/jsoup-1.8.2.jar:/home/travis/build/icyphy/ptII/lib/junit-4.8.2.jar:/home/travis/build/icyphy/ptII/lib/JUnitParams-0.4.0.jar:/home/travis/build/icyphy/ptII/ptolemy/actor/lib/excel/jxl.jar:/home/travis/build/icyphy/ptII/lib/jython.jar:/home/travis/build/icyphy/ptII/lib/kieler.jar:/home/travis/build/icyphy/ptII/vendors/opencv/share/OpenCV/java/opencv-341.jar:/home/travis/build/icyphy/ptII/lib/oscP5.jar:/home/travis/build/icyphy/ptII/lib/nrjavaserial-3.11.0.devel.jar:/home/travis/build/icyphy/ptII/vendors/j3d/lib/Linux/j3dcore.jar:/home/travis/build/icyphy/ptII/vendors/j3d/lib/Linux/j3dutils.jar:/home/travis/build/icyphy/ptII/vendors/j3d/lib/Linux/vecmath.jar:/home/travis/build/icyphy/ptII/vendors/jogl/lib/Linux/gluegen-rt-natives-linux-amd64.jar:/home/travis/build/icyphy/ptII/vendors/jogl/lib/Linux/gluegen-rt.jar:/home/travis/build/icyphy/ptII/vendors/jogl/lib/Linux/jogl-all-natives-linux-amd64.jar:/home/travis/build/icyphy/ptII/vendors/jogl/lib/Linux/jogl-all.jar:/home/travis/build/icyphy/ptII/ptolemy/distributed/jini/jar/jini-core.jar:/home/travis/build/icyphy/ptII/ptolemy/distributed/jini/jar/jini-ext.jar:/home/travis/build/icyphy/ptII/ptolemy/distributed/jini/jar/sun-util.jar:/home/travis/build/icyphy/ptII/lib/protobuf-java-2.4.1.jar:/home/travis/build/icyphy/ptII/lib/org.eclipse.paho.client.mqttv3.jar:/home/travis/build/icyphy/ptII/lib/mapss.jar:/home/travis/build/icyphy/ptII/ptolemy/actor/ptalon/antlr/antlr.jar:/home/travis/build/icyphy/ptII/lib/JRI.jar:/home/travis/build/icyphy/ptII/lib/commons-lang-2.6.jar:/home/travis/build/icyphy/ptII/lib/commons-logging-1.1.1.jar:/home/travis/build/icyphy/ptII/lib/sootclasses.jar:/home/travis/build/icyphy/ptII/ptolemy/actor/lib/database/mysql-connector-java-5.1.6-bin.jar:/home/travis/build/icyphy/ptII/vendors/misc/sphinx4/sphinx4-data-5prealpha.jar:/home/travis/build/icyphy/ptII/vendors/misc/sphinx4/sphinx4-core-5prealpha.jar:/home/travis/build/icyphy/ptII/lib/PDFRenderer.jar:/home/travis/build/icyphy/ptII/lib/svgSalamander.jar:/home/travis/build/icyphy/ptII/lib/rsyntaxtextarea-2.6.0-SNAPSHOT.jar:/home/travis/build/icyphy/ptII/lib/hazelcast-3.8.2.jar:/home/travis/build/icyphy/ptII/lib/jackson-annotations-2.9.0.jar:/home/travis/build/icyphy/ptII/lib/jackson-core-2.9.3.jar:/home/travis/build/icyphy/ptII/lib/jackson-databind-2.9.3.jar:/home/travis/build/icyphy/ptII/lib/netty-buffer-4.1.19.Final.jar:/home/travis/build/icyphy/ptII/lib/netty-codec-4.1.19.Final.jar:/home/travis/build/icyphy/ptII/lib/netty-codec-dns-4.1.19.Final.jar:/home/travis/build/icyphy/ptII/lib/netty-codec-http-4.1.19.Final.jar:/home/travis/build/icyphy/ptII/lib/netty-codec-http2-4.1.19.Final.jar:/home/travis/build/icyphy/ptII/lib/netty-common-4.1.19.Final.jar:/home/travis/build/icyphy/ptII/lib/netty-handler-4.1.19.Final.jar:/home/travis/build/icyphy/ptII/lib/netty-resolver-4.1.19.Final.jar:/home/travis/build/icyphy/ptII/lib/netty-resolver-dns-4.1.19.Final.jar:/home/travis/build/icyphy/ptII/lib/netty-transport-4.1.19.Final.jar:/home/travis/build/icyphy/ptII/lib/vertx-codegen-3.5.1.jar:/home/travis/build/icyphy/ptII/lib/vertx-core-3.5.2-SNAPSHOT.jar:/home/travis/build/icyphy/ptII/lib/vertx-hazelcast-3.5.1.jar:/home/travis/build/icyphy/ptII/lib/vertx-lang-js-3.5.1.jar:/home/travis/build/icyphy/ptII/lib/vertx-service-proxy-3.5.1.jar:/home/travis/build/icyphy/ptII/lib/vertx-web-3.5.1.jar:/home/travis/build/icyphy/ptII/lib/slf4j-api-1.7.13.jar:/home/travis/build/icyphy/ptII/lib/slf4j-simple-1.7.13.jar:/home/travis/build/icyphy/ptII/lib/webcam-capture-0.3.12.jar:/home/travis/build/icyphy/ptII/lib/bridj-0.7.0.jar:/home/travis/build/icyphy/ptII/lib/xbjlib-1.1.0.nrjavaserial.jar" />
    <property name="timeout" value="2400000" />
    <property name="test.batch" value="**/junit/*.java" />
    <property name="env._" value="/usr/bin/timeout" />
    <property name="java.io.tmpdir" value="/tmp" />
    <property name="user.language" value="en" />
    <property name="env.TRAVIS_INTERNAL_RUBY_REGEX" value="^ruby-(2\.[0-4]\.[0-9]|1\.9\.3)" />
    <property name="env.HISTCONTROL" value="ignoredups:ignorespace" />
    <property name="env.GOROOT" value="/home/travis/.gimme/versions/go1.11.1.linux.amd64" />
    <property name="line.separator" value="&#xa;" />
    <property name="target" value="11" />
    <property name="env.TRAVIS_BUILD_DIR" value="/home/travis/build/icyphy/ptII" />
    <property name="env.ANT_OPTS" value="-Xmx2048m" />
    <property name="ant.file.type" value="file" />
    <property name="ptolemy.ptII.batchMode" value="true" />
    <property name="env.HISTSIZE" value="1000" />
    <property name="env.MERB_ENV" value="test" />
    <property name="java.vm.info" value="mixed mode" />
    <property name="source" value="11" />
    <property name="java.vm.specification.name" value="Java Virtual Machine Specification" />
    <property name="env.TRAVIS_TEST_RESULT" value="0" />
    <property name="jsdoc.command" value="node_modules/@terraswarm/jsdoc/jsdoc.js" />
    <property name="npm.works" value="true" />
    <property name="cobertura.dir" value="/home/travis/build/icyphy/ptII/vendors/cobertura-2.0.3" />
    <property name="jsdoc.command.exists" value="true" />
    <property name="env.rvm_path" value="/home/travis/.rvm" />
    <property name="env.GEM_PATH" value="/home/travis/.rvm/gems/ruby-2.5.3:/home/travis/.rvm/gems/ruby-2.5.3@global" />
    <property name="env.LC_CTYPE" value="en_US.UTF-8" />
    <property name="env.TRAVIS_CMD" value="$PTII/bin/ptIITravisBuild.sh $SECONDS" />
    <property name="java.awt.printerjob" value="sun.print.PSPrinterJob" />
    <property name="env.TRAVIS_STACK_NAME" value="sardonyx" />
    <property name="env.TRAVIS_TIMER_START_TIME" value="1595622368858927116" />
    <property name="ant.version" value="Apache Ant(TM) version 1.10.1 compiled on February 2 2017" />
    <property name="ptII.reports" value="/home/travis/build/icyphy/ptII/reports" />
    <property name="env.TRAVIS_STACK_TIMESTAMP" value="2020-06-24 13:13:18 UTC" />
    <property name="ant.file.type.ptII" value="file" />
    <property name="env.RBENV_SHELL" value="bash" />
    <property name="os.name" value="Linux" />
    <property name="java.specification.vendor" value="Oracle Corporation" />
    <property name="env.rvm_version" value="1.29.10 (latest)" />
    <property name="env.TRAVIS_INFRA" value="unknown" />
    <property name="env.TERM" value="xterm" />
    <property name="java.vm.name" value="OpenJDK 64-Bit Server VM" />
    <property name="env.TRAVIS_BUILD_NUMBER" value="1708" />
    <property name="env.CI" value="true" />
    <property name="java.library.path" value="/home/travis/pthla/certi-tools/lib:/usr/lib/jni:/usr/local/share/OpenCV/java/:/usr/share/OpenCV/java::/usr/java/packages/lib:/usr/lib64:/lib64:/lib:/usr/lib" />
    <property name="jdk.module.path" value="/home/travis/build/icyphy/ptII/vendors/javafx/javafx-sdk-11.0.2/lib:" />
    <property name="env.rvm_prefix" value="/home/travis" />
    <property name="env.PATH" value="/home/travis/pthla/certi-tools/share/scripts:/home/travis/.rvm/gems/ruby-2.5.3/bin:/home/travis/.rvm/gems/ruby-2.5.3@global/bin:/home/travis/.rvm/rubies/ruby-2.5.3/bin:/home/travis/.rvm/bin:/home/travis/.nvm/versions/node/v7.10.1/bin:./node_modules/.bin:/home/travis/build/icyphy/ptII/bin:/home/travis/pthla/certi-tools/bin:/home/travis/bin:/home/travis/.local/bin:/usr/local/lib/jvm/openjdk11/bin:/opt/pyenv/shims:/home/travis/.phpenv/shims:/home/travis/perl5/perlbrew/bin:/home/travis/gopath/bin:/home/travis/.gimme/versions/go1.11.1.linux.amd64/bin:/usr/local/maven-3.6.3/bin:/usr/local/cmake-3.12.4/bin:/usr/local/clang-7.0.0/bin:/usr/local/sbin:/usr/local/bin:/usr/sbin:/usr/bin:/sbin:/bin:/snap/bin:/home/travis/.phpenv/bin:/opt/pyenv/bin:/home/travis/.yarn/bin" />
    <property name="env.TRAVIS_OS_NAME" value="linux" />
    <property name="ant.java.version" value="9" />
    <property name="basedir" value="/home/travis/build/icyphy/ptII" />
    <property name="java.class.version" value="55.0" />
    <property name="env.SHLVL" value="3" />
    <property name="env.LD_LIBRARY_PATH" value="/home/travis/pthla/certi-tools/lib:/usr/lib/jni:/usr/local/share/OpenCV/java/:/usr/share/OpenCV/java:" />
    <property name="env.RACK_ENV" value="test" />
    <property name="ant.home" value="/home/travis/build/icyphy/ptII/ant" />
    <property name="env.NVM_DIR" value="/home/travis/.nvm" />
    <property name="env.CERTI_FOM_PATH" value="/home/travis/pthla/certi-tools/share/federations" />
    <property name="env.TRAVIS_BUILD_ID" value="711579595" />
    <property name="env.PYENV_ROOT" value="/opt/pyenv" />
    <property name="env.TRAVIS_UID" value="2000" />
    <property name="prism.verbose" value="true" />
    <property name="env.NVM_BIN" value="/home/travis/.nvm/versions/node/v7.10.1/bin" />
    <property name="env.TRAVIS_COMMIT" value="ab07ddb379fe5b382e091d1401eb91142a71bd1e" />
    <property name="node.executable" value="node" />
    <property name="sun.boot.library.path" value="/usr/local/lib/jvm/openjdk11/lib" />
    <property name="sun.management.compiler" value="HotSpot 64-Bit Tiered Compilers" />
    <property name="java.awt.graphicsenv" value="sun.awt.X11GraphicsEnvironment" />
    <property name="env.GOPATH" value="/home/travis/gopath" />
    <property name="ptolemy.ptII.dir" value="/home/travis/build/icyphy/ptII" />
    <property name="env.USER" value="travis" />
    <property name="env.HISTFILESIZE" value="2000" />
    <property name="env.NVM_INC" value="/home/travis/.nvm/versions/node/v7.10.1/include/node" />
    <property name="timeout.longest" value="19000000" />
    <property name="env.PERLBREW_SHELLRC_VERSION" value="0.88" />
    <property name="env.TRAVIS_STACK_FEATURES" value="basic couchdb disabled-ipv6 docker docker-compose elasticsearch firefox go-toolchain google-chrome jdk memcached mongodb mysql nodejs_interpreter perl_interpreter perlbrew phantomjs postgresql python_interpreter redis ruby_interpreter sqlite xserver" />
    <property name="env.TRAVIS_PULL_REQUEST" value="false" />
    <property name="env.PYENV_SHELL" value="bash" />
    <property name="ant.project.name" value="ptII" />
    <property name="env.ANSI_RESET" value="\033[0m" />
    <property name="java.vm.specification.version" value="11" />
    <property name="env.TRAVIS_DIST" value="xenial" />
    <property name="env.CERTI_VERSION" value="4.0.0" />
    <property name="env.CERTI_HOST" value="localhost" />
    <property name="awt.toolkit" value="sun.awt.X11.XToolkit" />
    <property name="env.MY_RUBY_HOME" value="/home/travis/.rvm/rubies/ruby-2.5.3" />
    <property name="sun.cpu.isalist" value="" />
    <property name="env.TRAVIS_TMPDIR" value="/tmp/tmp.Arzz4EOuPE" />
    <property name="java.vm.compressedOopsMode" value="Zero based" />
    <property name="os.version" value="4.15.0-1077-gcp" />
    <property name="user.home" value="/home/travis" />
    <property name="java.vm.vendor" value="Oracle Corporation" />
    <property name="env.TRAVIS_TAG" value="nightly" />
    <property name="env.ANSI_YELLOW" value="\033[33;1m" />
    <property name="env.TRAVIS_FILTERED" value="redirect_io" />
    <property name="env.ANSI_GREEN" value="\033[32;1m" />
    <property name="env.JAVA_HOME" value="/usr/local/lib/jvm/openjdk11" />
    <property name="javadoc.excludepackagenames" value="adm.cvs2svn.*,build.*,config.*,doc.coding.templates.*,jni.test.jni.meaningOfLife.*,jni.test.jni.testDeux.*,jni.test.jni.testTrois.*,org.terraswarm.accessor.accessors.web.node_modules.*,org.terraswarm.accessor.accessors.web.hosts.cordova.demo.*,org.terraswarm.accessor.accessors.web.hosts.cordova.plugins.*,org.terraswarm.accessor.accessors-svn.*,pt-modules.*,ptolemy.apps.agilent.*,ptolemy.apps.anytimecontrol.*,ptolemy.apps.apes.*,ptolemy.apps.charon.*,ptolemy.apps.crazyboard.*,ptolemy.apps.eclipse.*,ptolemy.apps.etherealSting.*,ptolemy.apps.fullscreen.*,ptolemy.apps.giotto.*,ptolemy.apps.ia.*,ptolemy.apps.interfaces.*,ptolemy.apps.jmf.*,ptolemy.apps.kurt.*,ptolemy.apps.kvm.*,ptolemy.apps.lego.*,ptolemy.apps.lejos.*,ptolemy.apps.midp.*,ptolemy.apps.mobileCoding.*,ptolemy.apps.pendulum.*,ptolemy.apps.rijndael.*,ptolemy.apps.robot.*,ptolemy.apps.security.*,ptolemy.apps.sobel.*,ptolemy.apps.soot.*,ptolemy.apps.throttle.*,ptolemy.apps.tini.*,ptolemy.apps.transmission.*,ptolemy.apps.vergil.*,ptolemy.apps.waba.*,ptolemy.apps.websensor.*,ptolemy.apps.webstart.*,ptolemy.apps.xsl.*,ptolemy.apps.zaurus.*,ptolemy.codegen.c.actor.lib.oldJavaFiles.*,ptolemy.codegen.dsp.lib.*,ptolemy.codegen.kernel.newInterfaces.*,ptolemy.codegen.lib.*,ptolemy.copernicus.kernel.fragment.*,ptolemy.copernicus.shallow.cg.*,ptolemy.domains.giotto.demo.Hierarchy.Hierarchy.*,ptolemy.domains.giotto.demo.Multimode.Multimode.*,ptolemy.domains.giotto.demo.Simple.Simple.*,ptolemy.domains.gr.lib.experimental.*,ptolemy.domains.gro.*,ptolemy.domains.pdf.*,ptolemy.domains.ptinyos.demo.Surge.output.*,ptolemy.moml.test.NoPackageActor.java*,ptolemy.plot.adm.*,ptolemy.plot.servlet.*,reports.*,signed.*,src.*,target.*,vendors.*,ptolemy.copernicus.applet.*,ptolemy.media.viewer.*,ptolemy.actor.corba.*,doc.doclets.*,ptolemy.apps.eclipse.awt.*,ptolemy.backtrack.*,ptolemy.backtrack.ast.*,ptolemy.cg.adapter.generic.program.procedural.c.mbed*,ptolemy.homer.*,ptolemy.actor.lib.jai.*,org.ptolemy.scala.*,diva.util.java2d.svg.*,ptolemy.domains.ptinyos.*,ptolemy.actor.lib.fmi.fmipp.*,,org.terraswarm.accessor.accessors.web.node_modules.*,org.terraswarm.accessor.accessors-svn,ptolemy.apps.*,ptolemy.actor.ptalon.demo.ptinyos.SendAndReceiveCnt.output,ptolemy.actor.ptalon.demo.ptinyos.SenseToLeds.output,ptolemy.domains.ptinyos.demo.CntToLedsAndRfm.output,ptolemy.domains.ptinyos.demo.RfmToLeds.output,ptolemy.domains.ptinyos.demo.SendAndReceiveCnt.output,ptolemy.domains.ptinyos.demo.SenseToLeds.output,ptolemy.actor.lib.jjs.modules.udpSocket.*" />
    <property name="env.PTII" value="/home/travis/build/icyphy/ptII" />
    <property name="env.XDG_SESSION_ID" value="2" />
    <property name="keystore" value="ptKeystore" />
    <property name="env.TRAVIS_COMMIT_MESSAGE" value="Added PT_TRAVIS_DOCS_ANT target to split up the docs build so that it does not timeout." />
    <property name="junit.output.dir" value="/home/travis/build/icyphy/ptII/reports/junit" />
    <property name="npm.return.code" value="0" />
    <property name="user.dir" value="/home/travis/build/icyphy/ptII/ptolemy/domains/de/test" />
    <property name="env.TRAVIS_NODE_VERSION" value="7" />
    <property name="env.TRAVIS_EVENT_TYPE" value="push" />
    <property name="env.MAIL" value="/var/mail/travis" />
    <property name="env.PERLBREW_ROOT" value="/home/travis/perl5/perlbrew" />
    <property name="env.PWD" value="/home/travis/build/icyphy/ptII" />
    <property name="timeout.npm" value="45000" />
    <property name="env.PT_TRAVIS_TEST_CORE2_XML" value="true" />
    <property name="env.TRAVIS_ARCH" value="amd64" />
    <property name="sun.cpu.endian" value="little" />
    <property name="env.PAGER" value="cat" />
    <property name="env.TRAVIS_BUILD_STAGE_NAME" value="test" />
    <property name="env.PERLBREW_HOME" value="/home/travis/.perlbrew" />
    <property name="java.vm.version" value="11.0.2+9" />
    <property name="env.RAILS_ENV" value="test" />
    <property name="java.class.path" value="/home/travis/build/icyphy/ptII:/home/travis/build/icyphy/ptII/lib/bsh-2.0b4.jar:/home/travis/build/icyphy/ptII/lib/ptCal.jar:/home/travis/build/icyphy/ptII/lib/java_cup.jar:/home/travis/build/icyphy/ptII/lib/saxon8.jar:/home/travis/build/icyphy/ptII/lib/saxon8-dom.jar:/home/travis/build/icyphy/ptII/lib/chic.jar:/home/travis/build/icyphy/ptII/lib/ptcolt.jar:/home/travis/build/icyphy/ptII/vendors/misc/itext/iText.jar:/home/travis/build/icyphy/ptII/lib/g4ltl.jar:/home/travis/build/icyphy/ptII/lib/StructuralCoder.jar:/home/travis/build/icyphy/ptII/lib/jcerti.jar:/home/travis/build/icyphy/ptII/lib/javax.mail.jar:/home/travis/build/icyphy/ptII/vendors/JMF-2.1.1e/lib/jmf.jar:/home/travis/build/icyphy/ptII/lib/jna-4.0.0-variadic.jar:/home/travis/build/icyphy/ptII/vendors/misc/joystick/Joystick.jar:/home/travis/build/icyphy/ptII/lib/ptjacl.jar:/home/travis/build/icyphy/ptII/lib/jsoup-1.8.2.jar:/home/travis/build/icyphy/ptII/lib/junit-4.8.2.jar:/home/travis/build/icyphy/ptII/lib/JUnitParams-0.4.0.jar:/home/travis/build/icyphy/ptII/ptolemy/actor/lib/excel/jxl.jar:/home/travis/build/icyphy/ptII/lib/jython.jar:/home/travis/build/icyphy/ptII/lib/kieler.jar:/home/travis/build/icyphy/ptII/vendors/opencv/share/OpenCV/java/opencv-341.jar:/home/travis/build/icyphy/ptII/lib/oscP5.jar:/home/travis/build/icyphy/ptII/lib/nrjavaserial-3.11.0.devel.jar:/home/travis/build/icyphy/ptII/vendors/j3d/lib/Linux/j3dcore.jar:/home/travis/build/icyphy/ptII/vendors/j3d/lib/Linux/j3dutils.jar:/home/travis/build/icyphy/ptII/vendors/j3d/lib/Linux/vecmath.jar:/home/travis/build/icyphy/ptII/vendors/jogl/lib/Linux/gluegen-rt-natives-linux-amd64.jar:/home/travis/build/icyphy/ptII/vendors/jogl/lib/Linux/gluegen-rt.jar:/home/travis/build/icyphy/ptII/vendors/jogl/lib/Linux/jogl-all-natives-linux-amd64.jar:/home/travis/build/icyphy/ptII/vendors/jogl/lib/Linux/jogl-all.jar:/home/travis/build/icyphy/ptII/ptolemy/distributed/jini/jar/jini-core.jar:/home/travis/build/icyphy/ptII/ptolemy/distributed/jini/jar/jini-ext.jar:/home/travis/build/icyphy/ptII/ptolemy/distributed/jini/jar/sun-util.jar:/home/travis/build/icyphy/ptII/lib/protobuf-java-2.4.1.jar:/home/travis/build/icyphy/ptII/lib/org.eclipse.paho.client.mqttv3.jar:/home/travis/build/icyphy/ptII/lib/mapss.jar:/home/travis/build/icyphy/ptII/ptolemy/actor/ptalon/antlr/antlr.jar:/home/travis/build/icyphy/ptII/lib/JRI.jar:/home/travis/build/icyphy/ptII/lib/commons-lang-2.6.jar:/home/travis/build/icyphy/ptII/lib/commons-logging-1.1.1.jar:/home/travis/build/icyphy/ptII/lib/sootclasses.jar:/home/travis/build/icyphy/ptII/ptolemy/actor/lib/database/mysql-connector-java-5.1.6-bin.jar:/home/travis/build/icyphy/ptII/vendors/misc/sphinx4/sphinx4-data-5prealpha.jar:/home/travis/build/icyphy/ptII/vendors/misc/sphinx4/sphinx4-core-5prealpha.jar:/home/travis/build/icyphy/ptII/lib/PDFRenderer.jar:/home/travis/build/icyphy/ptII/lib/svgSalamander.jar:/home/travis/build/icyphy/ptII/lib/rsyntaxtextarea-2.6.0-SNAPSHOT.jar:/home/travis/build/icyphy/ptII/lib/hazelcast-3.8.2.jar:/home/travis/build/icyphy/ptII/lib/jackson-annotations-2.9.0.jar:/home/travis/build/icyphy/ptII/lib/jackson-core-2.9.3.jar:/home/travis/build/icyphy/ptII/lib/jackson-databind-2.9.3.jar:/home/travis/build/icyphy/ptII/lib/netty-buffer-4.1.19.Final.jar:/home/travis/build/icyphy/ptII/lib/netty-codec-4.1.19.Final.jar:/home/travis/build/icyphy/ptII/lib/netty-codec-dns-4.1.19.Final.jar:/home/travis/build/icyphy/ptII/lib/netty-codec-http-4.1.19.Final.jar:/home/travis/build/icyphy/ptII/lib/netty-codec-http2-4.1.19.Final.jar:/home/travis/build/icyphy/ptII/lib/netty-common-4.1.19.Final.jar:/home/travis/build/icyphy/ptII/lib/netty-handler-4.1.19.Final.jar:/home/travis/build/icyphy/ptII/lib/netty-resolver-4.1.19.Final.jar:/home/travis/build/icyphy/ptII/lib/netty-resolver-dns-4.1.19.Final.jar:/home/travis/build/icyphy/ptII/lib/netty-transport-4.1.19.Final.jar:/home/travis/build/icyphy/ptII/lib/vertx-codegen-3.5.1.jar:/home/travis/build/icyphy/ptII/lib/vertx-core-3.5.2-SNAPSHOT.jar:/home/travis/build/icyphy/ptII/lib/vertx-hazelcast-3.5.1.jar:/home/travis/build/icyphy/ptII/lib/vertx-lang-js-3.5.1.jar:/home/travis/build/icyphy/ptII/lib/vertx-service-proxy-3.5.1.jar:/home/travis/build/icyphy/ptII/lib/vertx-web-3.5.1.jar:/home/travis/build/icyphy/ptII/lib/slf4j-api-1.7.13.jar:/home/travis/build/icyphy/ptII/lib/slf4j-simple-1.7.13.jar:/home/travis/build/icyphy/ptII/lib/webcam-capture-0.3.12.jar:/home/travis/build/icyphy/ptII/lib/bridj-0.7.0.jar:/home/travis/build/icyphy/ptII/lib/xbjlib-1.1.0.nrjavaserial.jar:/home/travis/build/icyphy/ptII/ptolemy/moml/test:/home/travis/build/icyphy/ptII/ant/lib/ant-launcher.jar:/home/travis/build/icyphy/ptII/ant/lib/ant.jar:/home/travis/build/icyphy/ptII/ant/lib/ant-junit.jar:/home/travis/build/icyphy/ptII/ant/lib/ant-junit4.jar" />
    <property name="ant.library.dir" value="/home/travis/build/icyphy/ptII/ant/lib" />
    <property name="os.arch" value="amd64" />
    <property name="env.CONTINUOUS_INTEGRATION" value="true" />
    <property name="env.TRAVIS_LANGUAGE" value="node_js" />
    <property name="env.TRAVIS_STACK_LANGUAGES" value="__sardonyx__ c c++ clojure cplusplus cpp default generic go groovy java node_js php pure_java python ruby scala" />
    <property name="test.name" value="ptolemy.actor.lib.test.junit.JUnitTclTest" />
    <property name="env.APT_KEY_DONT_WARN_ON_DANGEROUS_USAGE" value="1" />
    <property name="sun.java.launcher" value="SUN_STANDARD" />
    <property name="env.PYTHON_CONFIGURE_OPTS" value="--enable-unicode=ucs4 --with-wide-unicode --enable-shared --enable-ipv6 --enable-loadable-sqlite-extensions --with-computed-gotos" />
    <property name="ant.core.lib" value="/home/travis/build/icyphy/ptII/ant/lib/ant.jar" />
    <property name="java.vm.specification.vendor" value="Oracle Corporation" />
    <property name="env.BCVTB_HOME" value="/home/travis/build/icyphy/ptII/lbnl" />
    <property name="file.separator" value="/" />
    <property name="spotbugs.home" value="/home/travis/build/icyphy/ptII/vendors/spotbugs-3.1.1" />
    <property name="java.runtime.version" value="11.0.2+9" />
    <property name="javafx.verbose" value="true" />
    <property name="env.ANSI_CLEAR" value="\033[0K" />
    <property name="env.HAS_JOSH_K_SEAL_OF_APPROVAL" value="true" />
    <property name="env.XDG_RUNTIME_DIR" value="/run/user/2000" />
    <property name="env.TRAVIS_OSX_IMAGE" value="" />
    <property name="env.TRAVIS_JOB_ID" value="711579607" />
    <property name="env.TRAVIS_BRANCH" value="master" />
    <property name="user.country" value="US" />
    <property name="env.CERTI_HOME_TRAVIS" value="/home/travis/pthla/certi-tools" />
    <property name="env.SHELL" value="/bin/bash" />
    <property name="java.maxmemory.large" value="3200m" />
    <property name="model" value="" />
    <property name="env.CASHER_DIR" value="/home/travis/.casher" />
    <property name="env.NVM_CD_FLAGS" value="" />
    <property name="java.vendor.version" value="18.9" />
    <property name="jshint.executable" value="/home/travis/node_modules/jshint/bin/jshint" />
    <property name="env.JRUBY_OPTS" value=" --client -J-XX:+TieredCompilation -J-XX:TieredStopAtLevel=1 -J-Xss2m -Xcompile.invokedynamic=false" />
    <property name="java.vendor" value="Oracle Corporation" />
    <property name="env.TRAVIS_PRE_CHEF_BOOTSTRAP_TIME" value="2020-06-24T13:13:03" />
    <property name="env.TRAVIS_STACK_JOB_BOARD_REGISTER" value="/.job-board-register.yml" />
    <property name="env.ANSI_RED" value="\033[31;1m" />
    <property name="java.specification.version" value="11" />
    <property name="env.IRBRC" value="/home/travis/.rvm/rubies/ruby-2.5.3/.irbrc" />
    <property name="env.TRAVIS" value="true" />
    <property name="sun.arch.data.model" value="64" />
  </properties>
  <testcase classname="ptolemy.util.test.junit.TclTests" name="[0] /home/travis/build/icyphy/ptII/ptolemy/domains/de/test/DependencyLoop.tcl (RunTclFile)" time="0.988" />
  <testcase classname="ptolemy.util.test.junit.TclTests" name="[1] /home/travis/build/icyphy/ptII/ptolemy/domains/de/test/RunDETestsAsQSS.tcl (RunTclFile)" time="82.499" />
  <testcase classname="ptolemy.util.test.junit.AutoKnownFailedTests" name="[0] /home/travis/build/icyphy/ptII/ptolemy/domains/de/test/auto/knownFailedTests/DESDFClockTest.xml (RunModel)" time="2.044" />
  <testcase classname="ptolemy.util.test.junit.AutoKnownFailedTests" name="[1] /home/travis/build/icyphy/ptII/ptolemy/domains/de/test/auto/knownFailedTests/DirectFeedback.xml (RunModel)" time="0.015" />
  <testcase classname="ptolemy.util.test.junit.AutoKnownFailedTests" name="[2] /home/travis/build/icyphy/ptII/ptolemy/domains/de/test/auto/knownFailedTests/FSMSource.xml (RunModel)" time="0.028" />
  <testcase classname="ptolemy.util.test.junit.AutoKnownFailedTests" name="[3] /home/travis/build/icyphy/ptII/ptolemy/domains/de/test/auto/knownFailedTests/HierarchicalModel.xml (RunModel)" time="0.05" />
  <testcase classname="ptolemy.util.test.junit.AutoKnownFailedTests" name="[4] /home/travis/build/icyphy/ptII/ptolemy/domains/de/test/auto/knownFailedTests/dependencyLoop.xml (RunModel)" time="0.041" />
  <testcase classname="ptolemy.util.test.junit.AutoKnownFailedTests" name="[5] /home/travis/build/icyphy/ptII/ptolemy/domains/de/test/auto/knownFailedTests/dependencyLoop2.xml (RunModel)" time="0.046" />
  <testcase classname="ptolemy.util.test.junit.AutoNameArchTests" name="[0] ThereAreNoAutoArchTests (RunModel)" time="0.004" />
  <testcase classname="ptolemy.util.test.junit.AutoTests" name="[0] /home/travis/build/icyphy/ptII/ptolemy/domains/de/test/auto/ActorDepthCalculation_actorWithoutPorts.xml (RunModel)" time="0.022" />
  <testcase classname="ptolemy.util.test.junit.AutoTests" name="[1] /home/travis/build/icyphy/ptII/ptolemy/domains/de/test/auto/AssemblyLine.xml (RunModel)" time="0.019" />
  <testcase classname="ptolemy.util.test.junit.AutoTests" name="[2] /home/travis/build/icyphy/ptII/ptolemy/domains/de/test/auto/CQBug1.xml (RunModel)" time="0.015" />
  <testcase classname="ptolemy.util.test.junit.AutoTests" name="[3] /home/travis/build/icyphy/ptII/ptolemy/domains/de/test/auto/CancelFireAt.xml (RunModel)" time="0.011" />
  <testcase classname="ptolemy.util.test.junit.AutoTests" name="[4] /home/travis/build/icyphy/ptII/ptolemy/domains/de/test/auto/CausalityAndComposabilityAnalysis.xml (RunModel)" time="0.01" />
  <testcase classname="ptolemy.util.test.junit.AutoTests" name="[5] /home/travis/build/icyphy/ptII/ptolemy/domains/de/test/auto/CausalityInterface1.xml (RunModel)" time="0.014" />
  <testcase classname="ptolemy.util.test.junit.AutoTests" name="[6] /home/travis/build/icyphy/ptII/ptolemy/domains/de/test/auto/CausalityInterface15.xml (RunModel)" time="0.015" />
  <testcase classname="ptolemy.util.test.junit.AutoTests" name="[7] /home/travis/build/icyphy/ptII/ptolemy/domains/de/test/auto/CausalityInterface2.xml (RunModel)" time="0.014" />
  <testcase classname="ptolemy.util.test.junit.AutoTests" name="[8] /home/travis/build/icyphy/ptII/ptolemy/domains/de/test/auto/CausalityInterface3.xml (RunModel)" time="0.015" />
  <testcase classname="ptolemy.util.test.junit.AutoTests" name="[9] /home/travis/build/icyphy/ptII/ptolemy/domains/de/test/auto/ClockDrift.xml (RunModel)" time="0.032" />
  <testcase classname="ptolemy.util.test.junit.AutoTests" name="[10] /home/travis/build/icyphy/ptII/ptolemy/domains/de/test/auto/ClockDriftAndValueChange.xml (RunModel)" time="0.03" />
  <testcase classname="ptolemy.util.test.junit.AutoTests" name="[11] /home/travis/build/icyphy/ptII/ptolemy/domains/de/test/auto/ClockDriftChange.xml (RunModel)" time="0.031" />
  <testcase classname="ptolemy.util.test.junit.AutoTests" name="[12] /home/travis/build/icyphy/ptII/ptolemy/domains/de/test/auto/ComposableCausalityAnalysis.xml (RunModel)" time="0.015" />
  <testcase classname="ptolemy.util.test.junit.AutoTests" name="[13] /home/travis/build/icyphy/ptII/ptolemy/domains/de/test/auto/DEFixedPointLimitation.xml (RunModel)" time="0.013" />
  <testcase classname="ptolemy.util.test.junit.AutoTests" name="[14] /home/travis/build/icyphy/ptII/ptolemy/domains/de/test/auto/DEScheduleTest.xml (RunModel)" time="0.013" />
  <testcase classname="ptolemy.util.test.junit.AutoTests" name="[15] /home/travis/build/icyphy/ptII/ptolemy/domains/de/test/auto/DEinDEwithStartTimes.xml (RunModel)" time="0.013" />
  <testcase classname="ptolemy.util.test.junit.AutoTests" name="[16] /home/travis/build/icyphy/ptII/ptolemy/domains/de/test/auto/DEinDEwithStartTimes2.xml (RunModel)" time="0.023" />
  <testcase classname="ptolemy.util.test.junit.AutoTests" name="[17] /home/travis/build/icyphy/ptII/ptolemy/domains/de/test/auto/DateDemo.xml (RunModel)" time="0.032" />
  <testcase classname="ptolemy.util.test.junit.AutoTests" name="[18] /home/travis/build/icyphy/ptII/ptolemy/domains/de/test/auto/DateToEvent.xml (RunModel)" time="2.045" />
  <testcase classname="ptolemy.util.test.junit.AutoTests" name="[19] /home/travis/build/icyphy/ptII/ptolemy/domains/de/test/auto/DepthTest1.xml (RunModel)" time="0.01" />
  <testcase classname="ptolemy.util.test.junit.AutoTests" name="[20] /home/travis/build/icyphy/ptII/ptolemy/domains/de/test/auto/DepthTest2.xml (RunModel)" time="0.016" />
  <testcase classname="ptolemy.util.test.junit.AutoTests" name="[21] /home/travis/build/icyphy/ptII/ptolemy/domains/de/test/auto/DepthTest3.xml (RunModel)" time="0.008" />
  <testcase classname="ptolemy.util.test.junit.AutoTests" name="[22] /home/travis/build/icyphy/ptII/ptolemy/domains/de/test/auto/DepthTest4.xml (RunModel)" time="0.017" />
  <testcase classname="ptolemy.util.test.junit.AutoTests" name="[23] /home/travis/build/icyphy/ptII/ptolemy/domains/de/test/auto/DepthTest5.xml (RunModel)" time="0.017" />
  <testcase classname="ptolemy.util.test.junit.AutoTests" name="[24] /home/travis/build/icyphy/ptII/ptolemy/domains/de/test/auto/DepthTest6.xml (RunModel)" time="0.013" />
  <testcase classname="ptolemy.util.test.junit.AutoTests" name="[25] /home/travis/build/icyphy/ptII/ptolemy/domains/de/test/auto/DepthTest7.xml (RunModel)" time="0.011" />
  <testcase classname="ptolemy.util.test.junit.AutoTests" name="[26] /home/travis/build/icyphy/ptII/ptolemy/domains/de/test/auto/EventToDate.xml (RunModel)" time="3.038" />
  <testcase classname="ptolemy.util.test.junit.AutoTests" name="[27] /home/travis/build/icyphy/ptII/ptolemy/domains/de/test/auto/FSM1.xml (RunModel)" time="0.045" />
  <testcase classname="ptolemy.util.test.junit.AutoTests" name="[28] /home/travis/build/icyphy/ptII/ptolemy/domains/de/test/auto/FSM7.xml (RunModel)" time="0.039" />
  <testcase classname="ptolemy.util.test.junit.AutoTests" name="[29] /home/travis/build/icyphy/ptII/ptolemy/domains/de/test/auto/Inspection.xml (RunModel)" time="0.04" />
  <testcase classname="ptolemy.util.test.junit.AutoTests" name="[30] /home/travis/build/icyphy/ptII/ptolemy/domains/de/test/auto/Iteration.xml (RunModel)" time="0.021" />
  <testcase classname="ptolemy.util.test.junit.AutoTests" name="[31] /home/travis/build/icyphy/ptII/ptolemy/domains/de/test/auto/LineFault.xml (RunModel)" time="0.525" />
  <testcase classname="ptolemy.util.test.junit.AutoTests" name="[32] /home/travis/build/icyphy/ptII/ptolemy/domains/de/test/auto/MergeModel1Add.xml (RunModel)" time="0.049" />
  <testcase classname="ptolemy.util.test.junit.AutoTests" name="[33] /home/travis/build/icyphy/ptII/ptolemy/domains/de/test/auto/MergeModel2Add.xml (RunModel)" time="0.037" />
  <testcase classname="ptolemy.util.test.junit.AutoTests" name="[34] /home/travis/build/icyphy/ptII/ptolemy/domains/de/test/auto/MergeModel3Add.xml (RunModel)" time="0.04" />
  <testcase classname="ptolemy.util.test.junit.AutoTests" name="[35] /home/travis/build/icyphy/ptII/ptolemy/domains/de/test/auto/MergeWithoutDiscard.xml (RunModel)" time="0.012" />
  <testcase classname="ptolemy.util.test.junit.AutoTests" name="[36] /home/travis/build/icyphy/ptII/ptolemy/domains/de/test/auto/Modal1.xml (RunModel)" time="0.026" />
  <testcase classname="ptolemy.util.test.junit.AutoTests" name="[37] /home/travis/build/icyphy/ptII/ptolemy/domains/de/test/auto/Modal2.xml (RunModel)" time="0.031" />
  <testcase classname="ptolemy.util.test.junit.AutoTests" name="[38] /home/travis/build/icyphy/ptII/ptolemy/domains/de/test/auto/Modal3.xml (RunModel)" time="0.023" />
  <testcase classname="ptolemy.util.test.junit.AutoTests" name="[39] /home/travis/build/icyphy/ptII/ptolemy/domains/de/test/auto/Modal4.xml (RunModel)" time="0.028" />
  <testcase classname="ptolemy.util.test.junit.AutoTests" name="[40] /home/travis/build/icyphy/ptII/ptolemy/domains/de/test/auto/Modal5.xml (RunModel)" time="0.026" />
  <testcase classname="ptolemy.util.test.junit.AutoTests" name="[41] /home/travis/build/icyphy/ptII/ptolemy/domains/de/test/auto/Modal6.xml (RunModel)" time="0.025" />
  <testcase classname="ptolemy.util.test.junit.AutoTests" name="[42] /home/travis/build/icyphy/ptII/ptolemy/domains/de/test/auto/Modal7.xml (RunModel)" time="0.03" />
  <testcase classname="ptolemy.util.test.junit.AutoTests" name="[43] /home/travis/build/icyphy/ptII/ptolemy/domains/de/test/auto/ModalModel.xml (RunModel)" time="0.176" />
  <testcase classname="ptolemy.util.test.junit.AutoTests" name="[44] /home/travis/build/icyphy/ptII/ptolemy/domains/de/test/auto/ModalSource.xml (RunModel)" time="0.02" />
  <testcase classname="ptolemy.util.test.junit.AutoTests" name="[45] /home/travis/build/icyphy/ptII/ptolemy/domains/de/test/auto/NonInterruptibleTimerZeroDelay.xml (RunModel)" time="0.009" />
  <testcase classname="ptolemy.util.test.junit.AutoTests" name="[46] /home/travis/build/icyphy/ptII/ptolemy/domains/de/test/auto/OpenQueueingNetwork.xml (RunModel)" time="2.351" />
  <testcase classname="ptolemy.util.test.junit.AutoTests" name="[47] /home/travis/build/icyphy/ptII/ptolemy/domains/de/test/auto/OpenQueuingNetwork.xml (RunModel)" time="0.28" />
  <testcase classname="ptolemy.util.test.junit.AutoTests" name="[48] /home/travis/build/icyphy/ptII/ptolemy/domains/de/test/auto/PeriodicSampler.xml (RunModel)" time="0.015" />
  <testcase classname="ptolemy.util.test.junit.AutoTests" name="[49] /home/travis/build/icyphy/ptII/ptolemy/domains/de/test/auto/PersistentIO.xml (RunModel)" time="0.024" />
  <testcase classname="ptolemy.util.test.junit.AutoTests" name="[50] /home/travis/build/icyphy/ptII/ptolemy/domains/de/test/auto/PortParameterResetOnInitialize.xml (RunModel)" time="0.009" />
  <testcase classname="ptolemy.util.test.junit.AutoTests" name="[51] /home/travis/build/icyphy/ptII/ptolemy/domains/de/test/auto/PortParameterUpdates.xml (RunModel)" time="0.013" />
  <testcase classname="ptolemy.util.test.junit.AutoTests" name="[52] /home/travis/build/icyphy/ptII/ptolemy/domains/de/test/auto/QueueAndServer.xml (RunModel)" time="0.019" />
  <testcase classname="ptolemy.util.test.junit.AutoTests" name="[53] /home/travis/build/icyphy/ptII/ptolemy/domains/de/test/auto/Records.xml (RunModel)" time="0.013" />
  <testcase classname="ptolemy.util.test.junit.AutoTests" name="[54] /home/travis/build/icyphy/ptII/ptolemy/domains/de/test/auto/ResetTransitionWithStartTime1.xml (RunModel)" time="0.016" />
  <testcase classname="ptolemy.util.test.junit.AutoTests" name="[55] /home/travis/build/icyphy/ptII/ptolemy/domains/de/test/auto/ResetTransitionWithStartTime2.xml (RunModel)" time="0.018" />
  <testcase classname="ptolemy.util.test.junit.AutoTests" name="[56] /home/travis/build/icyphy/ptII/ptolemy/domains/de/test/auto/ResetTransitionWithStartTime3.xml (RunModel)" time="0.015" />
  <testcase classname="ptolemy.util.test.junit.AutoTests" name="[57] /home/travis/build/icyphy/ptII/ptolemy/domains/de/test/auto/ResetTransitionWithStartTime4.xml (RunModel)" time="0.021" />
  <testcase classname="ptolemy.util.test.junit.AutoTests" name="[58] /home/travis/build/icyphy/ptII/ptolemy/domains/de/test/auto/ResettableTimer1.xml (RunModel)" time="0.009" />
  <testcase classname="ptolemy.util.test.junit.AutoTests" name="[59] /home/travis/build/icyphy/ptII/ptolemy/domains/de/test/auto/ResettableTimer2.xml (RunModel)" time="0.01" />
  <testcase classname="ptolemy.util.test.junit.AutoTests" name="[60] /home/travis/build/icyphy/ptII/ptolemy/domains/de/test/auto/ResettableTimer3.xml (RunModel)" time="0.008" />
  <testcase classname="ptolemy.util.test.junit.AutoTests" name="[61] /home/travis/build/icyphy/ptII/ptolemy/domains/de/test/auto/ResettableTimer4.xml (RunModel)" time="0.008" />
  <testcase classname="ptolemy.util.test.junit.AutoTests" name="[62] /home/travis/build/icyphy/ptII/ptolemy/domains/de/test/auto/ResettableTimer5.xml (RunModel)" time="0.009" />
  <testcase classname="ptolemy.util.test.junit.AutoTests" name="[63] /home/travis/build/icyphy/ptII/ptolemy/domains/de/test/auto/ResettableTimer6.xml (RunModel)" time="0.015" />
  <testcase classname="ptolemy.util.test.junit.AutoTests" name="[64] /home/travis/build/icyphy/ptII/ptolemy/domains/de/test/auto/ServerZeroDelay.xml (RunModel)" time="0.01" />
  <testcase classname="ptolemy.util.test.junit.AutoTests" name="[65] /home/travis/build/icyphy/ptII/ptolemy/domains/de/test/auto/SmartSender.xml (RunModel)" time="3.008" />
  <testcase classname="ptolemy.util.test.junit.AutoTests" name="[66] /home/travis/build/icyphy/ptII/ptolemy/domains/de/test/auto/ThreadedComposite.xml (RunModel)" time="0.117" />
  <testcase classname="ptolemy.util.test.junit.AutoTests" name="[67] /home/travis/build/icyphy/ptII/ptolemy/domains/de/test/auto/Time.xml (RunModel)" time="0.363" />
  <testcase classname="ptolemy.util.test.junit.AutoTests" name="[68] /home/travis/build/icyphy/ptII/ptolemy/domains/de/test/auto/TimeDelayZeroDelay.xml (RunModel)" time="0.018" />
  <testcase classname="ptolemy.util.test.junit.AutoTests" name="[69] /home/travis/build/icyphy/ptII/ptolemy/domains/de/test/auto/TimerZeroDelay.xml (RunModel)" time="0.009" />
  <testcase classname="ptolemy.util.test.junit.AutoTests" name="[70] /home/travis/build/icyphy/ptII/ptolemy/domains/de/test/auto/TimingParadox.xml (RunModel)" time="0.298" />
  <testcase classname="ptolemy.util.test.junit.AutoTests" name="[71] /home/travis/build/icyphy/ptII/ptolemy/domains/de/test/auto/TransferInputs.xml (RunModel)" time="0.013" />
  <testcase classname="ptolemy.util.test.junit.AutoTests" name="[72] /home/travis/build/icyphy/ptII/ptolemy/domains/de/test/auto/TransferOutputs2.xml (RunModel)" time="0.014" />
  <testcase classname="ptolemy.util.test.junit.AutoTests" name="[73] /home/travis/build/icyphy/ptII/ptolemy/domains/de/test/auto/Trilateration.xml (RunModel)" time="10.613" />
  <testcase classname="ptolemy.util.test.junit.AutoTests" name="[74] /home/travis/build/icyphy/ptII/ptolemy/domains/de/test/auto/TwoSigmaDelta.xml (RunModel)" time="1.657" />
  <testcase classname="ptolemy.util.test.junit.AutoTests" name="[75] /home/travis/build/icyphy/ptII/ptolemy/domains/de/test/auto/VariableDelay.xml (RunModel)" time="0.01" />
  <testcase classname="ptolemy.util.test.junit.AutoTests" name="[76] /home/travis/build/icyphy/ptII/ptolemy/domains/de/test/auto/VariableDelay2.xml (RunModel)" time="0.008" />
  <testcase classname="ptolemy.util.test.junit.AutoTests" name="[77] /home/travis/build/icyphy/ptII/ptolemy/domains/de/test/auto/VariableDelayZeroDelay.xml (RunModel)" time="0.019" />
  <testcase classname="ptolemy.util.test.junit.AutoTests" name="[78] /home/travis/build/icyphy/ptII/ptolemy/domains/de/test/auto/VariableDelayZeroDelay2.xml (RunModel)" time="0.017" />
  <testcase classname="ptolemy.util.test.junit.AutoTests" name="[79] /home/travis/build/icyphy/ptII/ptolemy/domains/de/test/auto/deInCt.xml (RunModel)" time="0.014" />
  <testcase classname="ptolemy.util.test.junit.AutoTests" name="[80] /home/travis/build/icyphy/ptII/ptolemy/domains/de/test/auto/deInCt2.xml (RunModel)" time="0.014" />
  <testcase classname="ptolemy.util.test.junit.AutoTests" name="[81] /home/travis/build/icyphy/ptII/ptolemy/domains/de/test/auto/dynamicCausalityInterface1.xml (RunModel)" time="0.016" />
  <testcase classname="ptolemy.util.test.junit.AutoTests" name="[82] /home/travis/build/icyphy/ptII/ptolemy/domains/de/test/auto/fsm_de_test.xml (RunModel)" time="0.022" />
  <testcase classname="ptolemy.util.test.junit.AutoTests" name="[83] /home/travis/build/icyphy/ptII/ptolemy/domains/de/test/auto/functionDependencyReconstruction.xml (RunModel)" time="0.03" />
  <testcase classname="ptolemy.util.test.junit.AutoTests" name="[84] /home/travis/build/icyphy/ptII/ptolemy/domains/de/test/auto/multirate.xml (RunModel)" time="0.015" />
  <testcase classname="ptolemy.util.test.junit.AutoTests" name="[85] /home/travis/build/icyphy/ptII/ptolemy/domains/de/test/auto/multirate2.xml (RunModel)" time="0.017" />
  <testcase classname="ptolemy.util.test.junit.AutoTests" name="[86] /home/travis/build/icyphy/ptII/ptolemy/domains/de/test/auto/realtime.xml (RunModel)" time="10.01" />
  <testcase classname="ptolemy.util.test.junit.AutoTests" name="[87] /home/travis/build/icyphy/ptII/ptolemy/domains/de/test/auto/relationGroup.xml (RunModel)" time="0.007" />
  <testcase classname="ptolemy.util.test.junit.AutoTests" name="[88] /home/travis/build/icyphy/ptII/ptolemy/domains/de/test/auto/relationGroup2.xml (RunModel)" time="0.007" />
  <testcase classname="ptolemy.util.test.junit.AutoTests" name="[89] /home/travis/build/icyphy/ptII/ptolemy/domains/de/test/auto/sortWithOpaquePorts.xml (RunModel)" time="0.015" />
  <testcase classname="ptolemy.util.test.junit.AutoTests" name="[90] /home/travis/build/icyphy/ptII/ptolemy/domains/de/test/auto/transferInputsandOutputs.xml (RunModel)" time="0.015" />
  <testcase classname="ptolemy.util.test.junit.AutoTests" name="[91] /home/travis/build/icyphy/ptII/ptolemy/domains/de/test/auto/triggerType.xml (RunModel)" time="0.028" />
  <system-out><![CDATA[/home/travis/build/icyphy/ptII/ptolemy/domains/de/test/DependencyLoop.tcl
testDefs.tcl: setting time out to 9000 seconds at Fri Jul 24 20:29:26 UTC 2020
77 ms. Memory: 129024K Free: 78792K (61%)
12 ms. Memory: 129024K Free: 61863K (48%)
/home/travis/build/icyphy/ptII/ptolemy/domains/de/test/RunDETestsAsQSS.tcl
Run the DE tests using ptolemy.domains.qss.test.QSSDirectorTest, which extends QSSDirector and prints a message in the constructors.
------------------ testing $PTII/ptolemy/domains/de/test/auto/knownFailedTests/DirectFeedback.xml (Known Failure) 
55 ms. Memory: 129024K Free: 55750K (43%)


==== $PTIIhome/travis/build/icyphy/ptII/ptolemy/domains/de/test/../../../../: Auto Automatic test in file $PTII/ptolemy/domains/de/test/auto/knownFailedTests/DirectFeedback.xml
==== Contents of test case:

	    # FIXME: we should use $relativeFilename here, but it
	    # might have backslashes under Windows, which causes no end
	    # of trouble.
	    createAndExecute $file
	    list {}
	
.... Test generated KNOWN error:
    while executing
ptolemy.kernel.util.IllegalActionException: Test fails in iteration 1.
Value was: 1.0. Should have been: 2.0
  in .DirectFeedback.Test
	at ptolemy.actor.lib.Test.fire(Test.java:268)
	at ptolemy.domains.de.kernel.DEDirector._fire(DEDirector.java:1949)
	at ptolemy.domains.de.kernel.DEDirector.fire(DEDirector.java:502)
	at ptolemy.actor.CompositeActor.fire(CompositeActor.java:455)
	at ptolemy.actor.Manager.iterate(Manager.java:851)
	at ptolemy.actor.Manager.execute(Manager.java:369)
	at ptolemy.actor.Manager.run(Manager.java:1263)
	at ptolemy.actor.Manager$PtolemyRunThread.run(Manager.java:1933)

    while executing
ptolemy.kernel.util.IllegalActionException: Test fails in iteration 1.
Value was: 1.0. Should have been: 2.0
  in .DirectFeedback.Test
    while executing
"java::new ptolemy.moml.MoMLSimpleApplication $file
"
    (procedure "createAndExecute" line 2)
    invoked from within
"createAndExecute $file"
    ("uplevel" body line 5)
    invoked from within
"uplevel $contents_of_test"
------------------ testing $PTII/ptolemy/domains/de/test/auto/knownFailedTests/dependencyLoop.xml (Known Failure) 
10 ms. Memory: 129024K Free: 52168K (40%)


==== $PTIIhome/travis/build/icyphy/ptII/ptolemy/domains/de/test/../../../../: Auto Automatic test in file $PTII/ptolemy/domains/de/test/auto/knownFailedTests/dependencyLoop.xml
==== Contents of test case:

	    # FIXME: we should use $relativeFilename here, but it
	    # might have backslashes under Windows, which causes no end
	    # of trouble.
	    createAndExecute $file
	    list {}
	
.... Test generated KNOWN error:
    while executing
ptolemy.kernel.util.IllegalActionException: Found a zero delay loop containing .dependencyLoop.original
  in .dependencyLoop and .dependencyLoop.original
	at ptolemy.actor.util.CausalityInterfaceForComposites._computeOutputPortDepth(CausalityInterfaceForComposites.java:759)
	at ptolemy.actor.util.CausalityInterfaceForComposites._computeInputDepth(CausalityInterfaceForComposites.java:696)
	at ptolemy.actor.util.CausalityInterfaceForComposites._computeOutputPortDepth(CausalityInterfaceForComposites.java:765)
	at ptolemy.actor.util.CausalityInterfaceForComposites._computeInputDepth(CausalityInterfaceForComposites.java:696)
	at ptolemy.actor.util.CausalityInterfaceForComposites._computeOutputPortDepth(CausalityInterfaceForComposites.java:765)
	at ptolemy.actor.util.CausalityInterfaceForComposites._computeInputDepth(CausalityInterfaceForComposites.java:696)
	at ptolemy.actor.util.CausalityInterfaceForComposites._computeActorDepth(CausalityInterfaceForComposites.java:532)
	at ptolemy.actor.util.CausalityInterfaceForComposites.checkForCycles(CausalityInterfaceForComposites.java:96)
	at ptolemy.domains.de.kernel.DEDirector.preinitialize(DEDirector.java:1338)
	at ptolemy.actor.CompositeActor.preinitialize(CompositeActor.java:1828)
	at ptolemy.actor.Manager.preinitializeAndResolveTypes(Manager.java:1040)
	at ptolemy.actor.Manager.initialize(Manager.java:710)
	at ptolemy.actor.Manager.execute(Manager.java:356)
	at ptolemy.actor.Manager.run(Manager.java:1263)
	at ptolemy.actor.Manager$PtolemyRunThread.run(Manager.java:1933)

    while executing
ptolemy.kernel.util.IllegalActionException: Found a zero delay loop containing .dependencyLoop.original
  in .dependencyLoop and .dependencyLoop.original
    while executing
"java::new ptolemy.moml.MoMLSimpleApplication $file
"
    (procedure "createAndExecute" line 2)
    invoked from within
"createAndExecute $file"
    ("uplevel" body line 5)
    invoked from within
"uplevel $contents_of_test"
------------------ testing $PTII/ptolemy/domains/de/test/auto/knownFailedTests/FSMSource.xml (Known Failure) 
72 ms. Memory: 129024K Free: 110721K (86%)
!!!! Auto was marked as failing, but now passes
------------------ testing $PTII/ptolemy/domains/de/test/auto/knownFailedTests/HierarchicalModel.xml (Known Failure) 
6 ms. Memory: 129024K Free: 93780K (73%)


==== $PTIIhome/travis/build/icyphy/ptII/ptolemy/domains/de/test/../../../../: Auto Automatic test in file $PTII/ptolemy/domains/de/test/auto/knownFailedTests/HierarchicalModel.xml
==== Contents of test case:

	    # FIXME: we should use $relativeFilename here, but it
	    # might have backslashes under Windows, which causes no end
	    # of trouble.
	    createAndExecute $file
	    list {}
	
.... Test generated KNOWN error:
    while executing
ptolemy.kernel.util.IllegalActionException: Found a zero delay loop containing .HierarchicalModel.A
  in .HierarchicalModel and .HierarchicalModel.A
	at ptolemy.actor.util.CausalityInterfaceForComposites._computeOutputPortDepth(CausalityInterfaceForComposites.java:759)
	at ptolemy.actor.util.CausalityInterfaceForComposites._computeInputDepth(CausalityInterfaceForComposites.java:696)
	at ptolemy.actor.util.CausalityInterfaceForComposites._computeOutputPortDepth(CausalityInterfaceForComposites.java:765)
	at ptolemy.actor.util.CausalityInterfaceForComposites._computeInputDepth(CausalityInterfaceForComposites.java:696)
	at ptolemy.actor.util.CausalityInterfaceForComposites._computeOutputPortDepth(CausalityInterfaceForComposites.java:765)
	at ptolemy.actor.util.CausalityInterfaceForComposites._computeInputDepth(CausalityInterfaceForComposites.java:696)
	at ptolemy.actor.util.CausalityInterfaceForComposites._computeActorDepth(CausalityInterfaceForComposites.java:532)
	at ptolemy.actor.util.CausalityInterfaceForComposites.checkForCycles(CausalityInterfaceForComposites.java:96)
	at ptolemy.domains.de.kernel.DEDirector.preinitialize(DEDirector.java:1338)
	at ptolemy.actor.CompositeActor.preinitialize(CompositeActor.java:1828)
	at ptolemy.actor.Manager.preinitializeAndResolveTypes(Manager.java:1040)
	at ptolemy.actor.Manager.initialize(Manager.java:710)
	at ptolemy.actor.Manager.execute(Manager.java:356)
	at ptolemy.actor.Manager.run(Manager.java:1263)
	at ptolemy.actor.Manager$PtolemyRunThread.run(Manager.java:1933)

    while executing
ptolemy.kernel.util.IllegalActionException: Found a zero delay loop containing .HierarchicalModel.A
  in .HierarchicalModel and .HierarchicalModel.A
    while executing
"java::new ptolemy.moml.MoMLSimpleApplication $file
"
    (procedure "createAndExecute" line 2)
    invoked from within
"createAndExecute $file"
    ("uplevel" body line 5)
    invoked from within
"uplevel $contents_of_test"
------------------ testing $PTII/ptolemy/domains/de/test/auto/knownFailedTests/dependencyLoop2.xml (Known Failure) 
7 ms. Memory: 129024K Free: 77348K (60%)


==== $PTIIhome/travis/build/icyphy/ptII/ptolemy/domains/de/test/../../../../: Auto Automatic test in file $PTII/ptolemy/domains/de/test/auto/knownFailedTests/dependencyLoop2.xml
==== Contents of test case:

	    # FIXME: we should use $relativeFilename here, but it
	    # might have backslashes under Windows, which causes no end
	    # of trouble.
	    createAndExecute $file
	    list {}
	
.... Test generated KNOWN error:
    while executing
ptolemy.kernel.util.IllegalActionException: Found a zero delay loop containing .dependencyLoop2.original
  in .dependencyLoop2 and .dependencyLoop2.original
	at ptolemy.actor.util.CausalityInterfaceForComposites._computeOutputPortDepth(CausalityInterfaceForComposites.java:759)
	at ptolemy.actor.util.CausalityInterfaceForComposites._computeInputDepth(CausalityInterfaceForComposites.java:696)
	at ptolemy.actor.util.CausalityInterfaceForComposites._computeOutputPortDepth(CausalityInterfaceForComposites.java:765)
	at ptolemy.actor.util.CausalityInterfaceForComposites._computeInputDepth(CausalityInterfaceForComposites.java:696)
	at ptolemy.actor.util.CausalityInterfaceForComposites._computeOutputPortDepth(CausalityInterfaceForComposites.java:765)
	at ptolemy.actor.util.CausalityInterfaceForComposites._computeInputDepth(CausalityInterfaceForComposites.java:696)
	at ptolemy.actor.util.CausalityInterfaceForComposites._computeActorDepth(CausalityInterfaceForComposites.java:532)
	at ptolemy.actor.util.CausalityInterfaceForComposites.checkForCycles(CausalityInterfaceForComposites.java:96)
	at ptolemy.domains.de.kernel.DEDirector.preinitialize(DEDirector.java:1338)
	at ptolemy.actor.CompositeActor.preinitialize(CompositeActor.java:1828)
	at ptolemy.actor.Manager.preinitializeAndResolveTypes(Manager.java:1040)
	at ptolemy.actor.Manager.initialize(Manager.java:710)
	at ptolemy.actor.Manager.execute(Manager.java:356)
	at ptolemy.actor.Manager.run(Manager.java:1263)
	at ptolemy.actor.Manager$PtolemyRunThread.run(Manager.java:1933)

    while executing
ptolemy.kernel.util.IllegalActionException: Found a zero delay loop containing .dependencyLoop2.original
  in .dependencyLoop2 and .dependencyLoop2.original
    while executing
"java::new ptolemy.moml.MoMLSimpleApplication $file
"
    (procedure "createAndExecute" line 2)
    invoked from within
"createAndExecute $file"
    ("uplevel" body line 5)
    invoked from within
"uplevel $contents_of_test"
------------------ testing $PTII/ptolemy/domains/de/test/auto/knownFailedTests/DESDFClockTest.xml (Known Failure) 
2055 ms. Memory: 129024K Free: 107880K (84%)


==== $PTIIhome/travis/build/icyphy/ptII/ptolemy/domains/de/test/../../../../: Auto Automatic test in file $PTII/ptolemy/domains/de/test/auto/knownFailedTests/DESDFClockTest.xml
==== Contents of test case:

	    # FIXME: we should use $relativeFilename here, but it
	    # might have backslashes under Windows, which causes no end
	    # of trouble.
	    createAndExecute $file
	    list {}
	
.... Test generated KNOWN error:
    while executing
ptolemy.kernel.util.IllegalActionException: Actor is not ready to fire.  Perhaps UpSample.prefire() returned false? Try debugging the actor by selecting "Listen to Actor".  Also, for SDF check moml for tokenConsumptionRate on input.
  in .DESDFClockTest.Play Bell.Copy1:SDF Director and .DESDFClockTest.Play Bell.UpSample
	at ptolemy.actor.sched.StaticSchedulingDirector.fire(StaticSchedulingDirector.java:227)
	at ptolemy.domains.sdf.kernel.SDFDirector.fire(SDFDirector.java:500)
	at ptolemy.actor.CompositeActor.fire(CompositeActor.java:455)
	at ptolemy.domains.de.kernel.DEDirector._fire(DEDirector.java:1949)
	at ptolemy.domains.de.kernel.DEDirector.fire(DEDirector.java:502)
	at ptolemy.actor.CompositeActor.fire(CompositeActor.java:455)
	at ptolemy.actor.Manager.iterate(Manager.java:851)
	at ptolemy.actor.Manager.execute(Manager.java:369)
	at ptolemy.actor.Manager.run(Manager.java:1263)
	at ptolemy.actor.Manager$PtolemyRunThread.run(Manager.java:1933)

    while executing
ptolemy.kernel.util.IllegalActionException: Actor is not ready to fire.  Perhaps UpSample.prefire() returned false? Try debugging the actor by selecting "Listen to Actor".  Also, for SDF check moml for tokenConsumptionRate on input.
  in .DESDFClockTest.Play Bell.Copy1:SDF Director and .DESDFClockTest.Play Bell.UpSample
    while executing
"java::new ptolemy.moml.MoMLSimpleApplication $file
"
    (procedure "createAndExecute" line 2)
    invoked from within
"createAndExecute $file"
    ("uplevel" body line 5)
    invoked from within
"uplevel $contents_of_test"
------------------ testing $PTII/ptolemy/domains/de/test/auto/ActorDepthCalculation_actorWithoutPorts.xml
auto.tcl: Setting watchdog for 200 seconds at Fri Jul 24 20:29:29 UTC 2020
7 ms. Memory: 129024K Free: 100184K (78%)
ptolemy.util.test.WatchDog.cancel(): canceling Fri Jul 24 20:29:29 UTC 2020
auto.tcl: Setting watchdog for 200 seconds at Fri Jul 24 20:29:29 UTC 2020
7 ms. Memory: 129024K Free: 98664K (76%)
ptolemy.util.test.WatchDog.cancel(): canceling Fri Jul 24 20:29:29 UTC 2020
------------------ testing $PTII/ptolemy/domains/de/test/auto/AssemblyLine.xml
auto.tcl: Setting watchdog for 200 seconds at Fri Jul 24 20:29:30 UTC 2020
8 ms. Memory: 51200K Free: 27163K (53%)
ptolemy.util.test.WatchDog.cancel(): canceling Fri Jul 24 20:29:30 UTC 2020
auto.tcl: Setting watchdog for 200 seconds at Fri Jul 24 20:29:30 UTC 2020
6 ms. Memory: 51200K Free: 26727K (52%)
ptolemy.util.test.WatchDog.cancel(): canceling Fri Jul 24 20:29:30 UTC 2020
------------------ testing $PTII/ptolemy/domains/de/test/auto/CQBug1.xml
auto.tcl: Setting watchdog for 200 seconds at Fri Jul 24 20:29:30 UTC 2020
3 ms. Memory: 51200K Free: 33248K (65%)
ptolemy.util.test.WatchDog.cancel(): canceling Fri Jul 24 20:29:30 UTC 2020
auto.tcl: Setting watchdog for 200 seconds at Fri Jul 24 20:29:30 UTC 2020
2 ms. Memory: 51200K Free: 33248K (65%)
ptolemy.util.test.WatchDog.cancel(): canceling Fri Jul 24 20:29:30 UTC 2020
------------------ testing $PTII/ptolemy/domains/de/test/auto/CancelFireAt.xml
auto.tcl: Setting watchdog for 200 seconds at Fri Jul 24 20:29:30 UTC 2020
3 ms. Memory: 51200K Free: 34715K (68%)
ptolemy.util.test.WatchDog.cancel(): canceling Fri Jul 24 20:29:30 UTC 2020
auto.tcl: Setting watchdog for 200 seconds at Fri Jul 24 20:29:30 UTC 2020
3 ms. Memory: 51200K Free: 34232K (67%)
ptolemy.util.test.WatchDog.cancel(): canceling Fri Jul 24 20:29:30 UTC 2020
------------------ testing $PTII/ptolemy/domains/de/test/auto/CausalityAndComposabilityAnalysis.xml
auto.tcl: Setting watchdog for 200 seconds at Fri Jul 24 20:29:30 UTC 2020
6 ms. Memory: 51200K Free: 32713K (64%)
ptolemy.util.test.WatchDog.cancel(): canceling Fri Jul 24 20:29:30 UTC 2020
auto.tcl: Setting watchdog for 200 seconds at Fri Jul 24 20:29:30 UTC 2020
5 ms. Memory: 51200K Free: 31957K (62%)
ptolemy.util.test.WatchDog.cancel(): canceling Fri Jul 24 20:29:30 UTC 2020
------------------ testing $PTII/ptolemy/domains/de/test/auto/CausalityInterface1.xml
auto.tcl: Setting watchdog for 200 seconds at Fri Jul 24 20:29:30 UTC 2020
15 ms. Memory: 51200K Free: 31381K (61%)
ptolemy.util.test.WatchDog.cancel(): canceling Fri Jul 24 20:29:30 UTC 2020
auto.tcl: Setting watchdog for 200 seconds at Fri Jul 24 20:29:30 UTC 2020
4 ms. Memory: 51200K Free: 30406K (59%)
ptolemy.util.test.WatchDog.cancel(): canceling Fri Jul 24 20:29:30 UTC 2020
------------------ testing $PTII/ptolemy/domains/de/test/auto/CausalityInterface15.xml
auto.tcl: Setting watchdog for 200 seconds at Fri Jul 24 20:29:30 UTC 2020
12 ms. Memory: 51200K Free: 31561K (62%)
ptolemy.util.test.WatchDog.cancel(): canceling Fri Jul 24 20:29:30 UTC 2020
auto.tcl: Setting watchdog for 200 seconds at Fri Jul 24 20:29:30 UTC 2020
8 ms. Memory: 51200K Free: 30369K (59%)
ptolemy.util.test.WatchDog.cancel(): canceling Fri Jul 24 20:29:30 UTC 2020
------------------ testing $PTII/ptolemy/domains/de/test/auto/CausalityInterface2.xml
auto.tcl: Setting watchdog for 200 seconds at Fri Jul 24 20:29:30 UTC 2020
6 ms. Memory: 51200K Free: 31883K (62%)
ptolemy.util.test.WatchDog.cancel(): canceling Fri Jul 24 20:29:30 UTC 2020
auto.tcl: Setting watchdog for 200 seconds at Fri Jul 24 20:29:30 UTC 2020
6 ms. Memory: 51200K Free: 31231K (61%)
ptolemy.util.test.WatchDog.cancel(): canceling Fri Jul 24 20:29:30 UTC 2020
------------------ testing $PTII/ptolemy/domains/de/test/auto/CausalityInterface3.xml
auto.tcl: Setting watchdog for 200 seconds at Fri Jul 24 20:29:30 UTC 2020
3 ms. Memory: 51200K Free: 31452K (61%)
ptolemy.util.test.WatchDog.cancel(): canceling Fri Jul 24 20:29:30 UTC 2020
auto.tcl: Setting watchdog for 200 seconds at Fri Jul 24 20:29:30 UTC 2020
3 ms. Memory: 51200K Free: 30970K (60%)
ptolemy.util.test.WatchDog.cancel(): canceling Fri Jul 24 20:29:30 UTC 2020
------------------ testing $PTII/ptolemy/domains/de/test/auto/ClockDrift.xml
auto.tcl: Setting watchdog for 200 seconds at Fri Jul 24 20:29:30 UTC 2020
91 ms. Memory: 51200K Free: 24046K (47%)
ptolemy.util.test.WatchDog.cancel(): canceling Fri Jul 24 20:29:30 UTC 2020
auto.tcl: Setting watchdog for 200 seconds at Fri Jul 24 20:29:30 UTC 2020
59 ms. Memory: 51200K Free: 21036K (41%)
ptolemy.util.test.WatchDog.cancel(): canceling Fri Jul 24 20:29:31 UTC 2020
------------------ testing $PTII/ptolemy/domains/de/test/auto/ClockDriftAndValueChange.xml
auto.tcl: Setting watchdog for 200 seconds at Fri Jul 24 20:29:31 UTC 2020
22 ms. Memory: 51200K Free: 23871K (47%)
ptolemy.util.test.WatchDog.cancel(): canceling Fri Jul 24 20:29:31 UTC 2020
auto.tcl: Setting watchdog for 200 seconds at Fri Jul 24 20:29:31 UTC 2020
26 ms. Memory: 51200K Free: 20890K (41%)
ptolemy.util.test.WatchDog.cancel(): canceling Fri Jul 24 20:29:31 UTC 2020
------------------ testing $PTII/ptolemy/domains/de/test/auto/ClockDriftChange.xml
auto.tcl: Setting watchdog for 200 seconds at Fri Jul 24 20:29:31 UTC 2020
21 ms. Memory: 51200K Free: 25936K (51%)
ptolemy.util.test.WatchDog.cancel(): canceling Fri Jul 24 20:29:31 UTC 2020
auto.tcl: Setting watchdog for 200 seconds at Fri Jul 24 20:29:31 UTC 2020
27 ms. Memory: 51200K Free: 23378K (46%)
ptolemy.util.test.WatchDog.cancel(): canceling Fri Jul 24 20:29:31 UTC 2020
------------------ testing $PTII/ptolemy/domains/de/test/auto/ComposableCausalityAnalysis.xml
auto.tcl: Setting watchdog for 200 seconds at Fri Jul 24 20:29:31 UTC 2020
2 ms. Memory: 51200K Free: 30798K (60%)
ptolemy.util.test.WatchDog.cancel(): canceling Fri Jul 24 20:29:31 UTC 2020
auto.tcl: Setting watchdog for 200 seconds at Fri Jul 24 20:29:31 UTC 2020
5 ms. Memory: 51200K Free: 29731K (58%)
ptolemy.util.test.WatchDog.cancel(): canceling Fri Jul 24 20:29:31 UTC 2020
------------------ testing $PTII/ptolemy/domains/de/test/auto/DEFixedPointLimitation.xml
auto.tcl: Setting watchdog for 200 seconds at Fri Jul 24 20:29:31 UTC 2020
2 ms. Memory: 51200K Free: 32136K (63%)
ptolemy.util.test.WatchDog.cancel(): canceling Fri Jul 24 20:29:31 UTC 2020
auto.tcl: Setting watchdog for 200 seconds at Fri Jul 24 20:29:31 UTC 2020
2 ms. Memory: 51200K Free: 31261K (61%)
ptolemy.util.test.WatchDog.cancel(): canceling Fri Jul 24 20:29:31 UTC 2020
------------------ testing $PTII/ptolemy/domains/de/test/auto/DEScheduleTest.xml
auto.tcl: Setting watchdog for 200 seconds at Fri Jul 24 20:29:31 UTC 2020
4 ms. Memory: 51200K Free: 32479K (63%)
ptolemy.util.test.WatchDog.cancel(): canceling Fri Jul 24 20:29:31 UTC 2020
auto.tcl: Setting watchdog for 200 seconds at Fri Jul 24 20:29:31 UTC 2020
3 ms. Memory: 51200K Free: 31723K (62%)
ptolemy.util.test.WatchDog.cancel(): canceling Fri Jul 24 20:29:31 UTC 2020
------------------ testing $PTII/ptolemy/domains/de/test/auto/DEinDEwithStartTimes.xml
auto.tcl: Setting watchdog for 200 seconds at Fri Jul 24 20:29:31 UTC 2020
3 ms. Memory: 51200K Free: 30650K (60%)
ptolemy.util.test.WatchDog.cancel(): canceling Fri Jul 24 20:29:31 UTC 2020
auto.tcl: Setting watchdog for 200 seconds at Fri Jul 24 20:29:31 UTC 2020
3 ms. Memory: 51200K Free: 29626K (58%)
ptolemy.util.test.WatchDog.cancel(): canceling Fri Jul 24 20:29:31 UTC 2020
------------------ testing $PTII/ptolemy/domains/de/test/auto/DEinDEwithStartTimes2.xml
auto.tcl: Setting watchdog for 200 seconds at Fri Jul 24 20:29:31 UTC 2020
4 ms. Memory: 51200K Free: 29774K (58%)
ptolemy.util.test.WatchDog.cancel(): canceling Fri Jul 24 20:29:31 UTC 2020
auto.tcl: Setting watchdog for 200 seconds at Fri Jul 24 20:29:31 UTC 2020
4 ms. Memory: 51200K Free: 28725K (56%)
ptolemy.util.test.WatchDog.cancel(): canceling Fri Jul 24 20:29:31 UTC 2020
------------------ testing $PTII/ptolemy/domains/de/test/auto/DateDemo.xml
auto.tcl: Setting watchdog for 200 seconds at Fri Jul 24 20:29:31 UTC 2020
13 ms. Memory: 51200K Free: 24461K (48%)
ptolemy.util.test.WatchDog.cancel(): canceling Fri Jul 24 20:29:31 UTC 2020
auto.tcl: Setting watchdog for 200 seconds at Fri Jul 24 20:29:31 UTC 2020
5 ms. Memory: 51200K Free: 22597K (44%)
ptolemy.util.test.WatchDog.cancel(): canceling Fri Jul 24 20:29:31 UTC 2020
------------------ testing $PTII/ptolemy/domains/de/test/auto/DateToEvent.xml
auto.tcl: Setting watchdog for 200 seconds at Fri Jul 24 20:29:31 UTC 2020
2014 ms. Memory: 51200K Free: 19877K (39%)
ptolemy.util.test.WatchDog.cancel(): canceling Fri Jul 24 20:29:33 UTC 2020
auto.tcl: Setting watchdog for 200 seconds at Fri Jul 24 20:29:33 UTC 2020
2005 ms. Memory: 51200K Free: 19122K (37%)
ptolemy.util.test.WatchDog.cancel(): canceling Fri Jul 24 20:29:35 UTC 2020
------------------ testing $PTII/ptolemy/domains/de/test/auto/DepthTest1.xml
auto.tcl: Setting watchdog for 200 seconds at Fri Jul 24 20:29:35 UTC 2020
4 ms. Memory: 51200K Free: 33321K (65%)
ptolemy.util.test.WatchDog.cancel(): canceling Fri Jul 24 20:29:35 UTC 2020
auto.tcl: Setting watchdog for 200 seconds at Fri Jul 24 20:29:35 UTC 2020
1 ms. Memory: 51200K Free: 32850K (64%)
ptolemy.util.test.WatchDog.cancel(): canceling Fri Jul 24 20:29:35 UTC 2020
------------------ testing $PTII/ptolemy/domains/de/test/auto/DepthTest2.xml
auto.tcl: Setting watchdog for 200 seconds at Fri Jul 24 20:29:35 UTC 2020
3 ms. Memory: 51200K Free: 30100K (59%)
ptolemy.util.test.WatchDog.cancel(): canceling Fri Jul 24 20:29:36 UTC 2020
auto.tcl: Setting watchdog for 200 seconds at Fri Jul 24 20:29:36 UTC 2020
1 ms. Memory: 51200K Free: 29657K (58%)
ptolemy.util.test.WatchDog.cancel(): canceling Fri Jul 24 20:29:36 UTC 2020
------------------ testing $PTII/ptolemy/domains/de/test/auto/DepthTest3.xml
auto.tcl: Setting watchdog for 200 seconds at Fri Jul 24 20:29:36 UTC 2020
2 ms. Memory: 51200K Free: 33636K (66%)
ptolemy.util.test.WatchDog.cancel(): canceling Fri Jul 24 20:29:36 UTC 2020
auto.tcl: Setting watchdog for 200 seconds at Fri Jul 24 20:29:36 UTC 2020
2 ms. Memory: 51200K Free: 33164K (65%)
ptolemy.util.test.WatchDog.cancel(): canceling Fri Jul 24 20:29:36 UTC 2020
------------------ testing $PTII/ptolemy/domains/de/test/auto/DepthTest4.xml
auto.tcl: Setting watchdog for 200 seconds at Fri Jul 24 20:29:36 UTC 2020
6 ms. Memory: 51200K Free: 31873K (62%)
ptolemy.util.test.WatchDog.cancel(): canceling Fri Jul 24 20:29:36 UTC 2020
auto.tcl: Setting watchdog for 200 seconds at Fri Jul 24 20:29:36 UTC 2020
2 ms. Memory: 51200K Free: 31208K (61%)
ptolemy.util.test.WatchDog.cancel(): canceling Fri Jul 24 20:29:36 UTC 2020
------------------ testing $PTII/ptolemy/domains/de/test/auto/DepthTest5.xml
auto.tcl: Setting watchdog for 200 seconds at Fri Jul 24 20:29:36 UTC 2020
3 ms. Memory: 51200K Free: 31335K (61%)
ptolemy.util.test.WatchDog.cancel(): canceling Fri Jul 24 20:29:36 UTC 2020
auto.tcl: Setting watchdog for 200 seconds at Fri Jul 24 20:29:36 UTC 2020
2 ms. Memory: 51200K Free: 30583K (60%)
ptolemy.util.test.WatchDog.cancel(): canceling Fri Jul 24 20:29:36 UTC 2020
------------------ testing $PTII/ptolemy/domains/de/test/auto/DepthTest6.xml
auto.tcl: Setting watchdog for 200 seconds at Fri Jul 24 20:29:36 UTC 2020
3 ms. Memory: 51200K Free: 31049K (61%)
ptolemy.util.test.WatchDog.cancel(): canceling Fri Jul 24 20:29:36 UTC 2020
auto.tcl: Setting watchdog for 200 seconds at Fri Jul 24 20:29:36 UTC 2020
3 ms. Memory: 51200K Free: 30606K (60%)
ptolemy.util.test.WatchDog.cancel(): canceling Fri Jul 24 20:29:36 UTC 2020
------------------ testing $PTII/ptolemy/domains/de/test/auto/DepthTest7.xml
auto.tcl: Setting watchdog for 200 seconds at Fri Jul 24 20:29:36 UTC 2020
6 ms. Memory: 51200K Free: 31582K (62%)
ptolemy.util.test.WatchDog.cancel(): canceling Fri Jul 24 20:29:36 UTC 2020
auto.tcl: Setting watchdog for 200 seconds at Fri Jul 24 20:29:36 UTC 2020
2 ms. Memory: 51200K Free: 30661K (60%)
ptolemy.util.test.WatchDog.cancel(): canceling Fri Jul 24 20:29:36 UTC 2020
------------------ testing $PTII/ptolemy/domains/de/test/auto/EventToDate.xml
auto.tcl: Setting watchdog for 200 seconds at Fri Jul 24 20:29:36 UTC 2020
3008 ms. Memory: 51200K Free: 22572K (44%)
ptolemy.util.test.WatchDog.cancel(): canceling Fri Jul 24 20:29:39 UTC 2020
auto.tcl: Setting watchdog for 200 seconds at Fri Jul 24 20:29:39 UTC 2020
3004 ms. Memory: 51200K Free: 21911K (43%)
ptolemy.util.test.WatchDog.cancel(): canceling Fri Jul 24 20:29:42 UTC 2020
------------------ testing $PTII/ptolemy/domains/de/test/auto/FSM1.xml
auto.tcl: Setting watchdog for 200 seconds at Fri Jul 24 20:29:42 UTC 2020
32 ms. Memory: 51200K Free: 23543K (46%)
ptolemy.util.test.WatchDog.cancel(): canceling Fri Jul 24 20:29:42 UTC 2020
auto.tcl: Setting watchdog for 200 seconds at Fri Jul 24 20:29:42 UTC 2020
22 ms. Memory: 51200K Free: 20602K (40%)
ptolemy.util.test.WatchDog.cancel(): canceling Fri Jul 24 20:29:42 UTC 2020
------------------ testing $PTII/ptolemy/domains/de/test/auto/FSM7.xml
auto.tcl: Setting watchdog for 200 seconds at Fri Jul 24 20:29:42 UTC 2020
22 ms. Memory: 51200K Free: 23519K (46%)
ptolemy.util.test.WatchDog.cancel(): canceling Fri Jul 24 20:29:42 UTC 2020
auto.tcl: Setting watchdog for 200 seconds at Fri Jul 24 20:29:42 UTC 2020
23 ms. Memory: 51200K Free: 20386K (40%)
ptolemy.util.test.WatchDog.cancel(): canceling Fri Jul 24 20:29:42 UTC 2020
------------------ testing $PTII/ptolemy/domains/de/test/auto/Inspection.xml
auto.tcl: Setting watchdog for 200 seconds at Fri Jul 24 20:29:42 UTC 2020
26 ms. Memory: 51200K Free: 23309K (46%)
ptolemy.util.test.WatchDog.cancel(): canceling Fri Jul 24 20:29:42 UTC 2020
auto.tcl: Setting watchdog for 200 seconds at Fri Jul 24 20:29:42 UTC 2020
31 ms. Memory: 51200K Free: 21633K (42%)
ptolemy.util.test.WatchDog.cancel(): canceling Fri Jul 24 20:29:42 UTC 2020
------------------ testing $PTII/ptolemy/domains/de/test/auto/Iteration.xml
auto.tcl: Setting watchdog for 200 seconds at Fri Jul 24 20:29:42 UTC 2020
6 ms. Memory: 51200K Free: 28886K (56%)
ptolemy.util.test.WatchDog.cancel(): canceling Fri Jul 24 20:29:42 UTC 2020
auto.tcl: Setting watchdog for 200 seconds at Fri Jul 24 20:29:42 UTC 2020
6 ms. Memory: 51200K Free: 27703K (54%)
ptolemy.util.test.WatchDog.cancel(): canceling Fri Jul 24 20:29:42 UTC 2020
------------------ testing $PTII/ptolemy/domains/de/test/auto/LineFault.xml
auto.tcl: Setting watchdog for 200 seconds at Fri Jul 24 20:29:42 UTC 2020
561 ms. Memory: 63488K Free: 25582K (40%)
ptolemy.util.test.WatchDog.cancel(): canceling Fri Jul 24 20:29:43 UTC 2020
auto.tcl: Setting watchdog for 200 seconds at Fri Jul 24 20:29:43 UTC 2020
556 ms. Memory: 63488K Free: 25473K (40%)
ptolemy.util.test.WatchDog.cancel(): canceling Fri Jul 24 20:29:44 UTC 2020
------------------ testing $PTII/ptolemy/domains/de/test/auto/MergeModel1Add.xml
auto.tcl: Setting watchdog for 200 seconds at Fri Jul 24 20:29:44 UTC 2020
29 ms. Memory: 58368K Free: 22267K (38%)
ptolemy.util.test.WatchDog.cancel(): canceling Fri Jul 24 20:29:44 UTC 2020
auto.tcl: Setting watchdog for 200 seconds at Fri Jul 24 20:29:44 UTC 2020
9 ms. Memory: 58368K Free: 20608K (35%)
ptolemy.util.test.WatchDog.cancel(): canceling Fri Jul 24 20:29:44 UTC 2020
------------------ testing $PTII/ptolemy/domains/de/test/auto/MergeModel2Add.xml
auto.tcl: Setting watchdog for 200 seconds at Fri Jul 24 20:29:44 UTC 2020
11 ms. Memory: 55296K Free: 21231K (38%)
ptolemy.util.test.WatchDog.cancel(): canceling Fri Jul 24 20:29:44 UTC 2020
auto.tcl: Setting watchdog for 200 seconds at Fri Jul 24 20:29:44 UTC 2020
7 ms. Memory: 55296K Free: 19752K (36%)
ptolemy.util.test.WatchDog.cancel(): canceling Fri Jul 24 20:29:44 UTC 2020
------------------ testing $PTII/ptolemy/domains/de/test/auto/MergeModel3Add.xml
auto.tcl: Setting watchdog for 200 seconds at Fri Jul 24 20:29:44 UTC 2020
8 ms. Memory: 55296K Free: 21233K (38%)
ptolemy.util.test.WatchDog.cancel(): canceling Fri Jul 24 20:29:44 UTC 2020
auto.tcl: Setting watchdog for 200 seconds at Fri Jul 24 20:29:44 UTC 2020
8 ms. Memory: 55296K Free: 19823K (36%)
ptolemy.util.test.WatchDog.cancel(): canceling Fri Jul 24 20:29:44 UTC 2020
------------------ testing $PTII/ptolemy/domains/de/test/auto/MergeWithoutDiscard.xml
auto.tcl: Setting watchdog for 200 seconds at Fri Jul 24 20:29:44 UTC 2020
2 ms. Memory: 51200K Free: 32061K (63%)
ptolemy.util.test.WatchDog.cancel(): canceling Fri Jul 24 20:29:44 UTC 2020
auto.tcl: Setting watchdog for 200 seconds at Fri Jul 24 20:29:44 UTC 2020
1 ms. Memory: 51200K Free: 31585K (62%)
ptolemy.util.test.WatchDog.cancel(): canceling Fri Jul 24 20:29:44 UTC 2020
------------------ testing $PTII/ptolemy/domains/de/test/auto/Modal1.xml
auto.tcl: Setting watchdog for 200 seconds at Fri Jul 24 20:29:44 UTC 2020
11 ms. Memory: 51200K Free: 24166K (47%)
ptolemy.util.test.WatchDog.cancel(): canceling Fri Jul 24 20:29:44 UTC 2020
auto.tcl: Setting watchdog for 200 seconds at Fri Jul 24 20:29:44 UTC 2020
12 ms. Memory: 51200K Free: 20617K (40%)
ptolemy.util.test.WatchDog.cancel(): canceling Fri Jul 24 20:29:44 UTC 2020
------------------ testing $PTII/ptolemy/domains/de/test/auto/Modal2.xml
auto.tcl: Setting watchdog for 200 seconds at Fri Jul 24 20:29:44 UTC 2020
16 ms. Memory: 51200K Free: 24043K (47%)
ptolemy.util.test.WatchDog.cancel(): canceling Fri Jul 24 20:29:44 UTC 2020
auto.tcl: Setting watchdog for 200 seconds at Fri Jul 24 20:29:44 UTC 2020
18 ms. Memory: 51200K Free: 20547K (40%)
ptolemy.util.test.WatchDog.cancel(): canceling Fri Jul 24 20:29:44 UTC 2020
------------------ testing $PTII/ptolemy/domains/de/test/auto/Modal3.xml
auto.tcl: Setting watchdog for 200 seconds at Fri Jul 24 20:29:44 UTC 2020
9 ms. Memory: 51200K Free: 23770K (46%)
ptolemy.util.test.WatchDog.cancel(): canceling Fri Jul 24 20:29:45 UTC 2020
auto.tcl: Setting watchdog for 200 seconds at Fri Jul 24 20:29:45 UTC 2020
12 ms. Memory: 51200K Free: 20559K (40%)
ptolemy.util.test.WatchDog.cancel(): canceling Fri Jul 24 20:29:45 UTC 2020
------------------ testing $PTII/ptolemy/domains/de/test/auto/Modal4.xml
auto.tcl: Setting watchdog for 200 seconds at Fri Jul 24 20:29:45 UTC 2020
24 ms. Memory: 51200K Free: 22746K (44%)
ptolemy.util.test.WatchDog.cancel(): canceling Fri Jul 24 20:29:45 UTC 2020
auto.tcl: Setting watchdog for 200 seconds at Fri Jul 24 20:29:45 UTC 2020
21 ms. Memory: 51200K Free: 19062K (37%)
ptolemy.util.test.WatchDog.cancel(): canceling Fri Jul 24 20:29:45 UTC 2020
------------------ testing $PTII/ptolemy/domains/de/test/auto/Modal5.xml
auto.tcl: Setting watchdog for 200 seconds at Fri Jul 24 20:29:45 UTC 2020
12 ms. Memory: 51200K Free: 22729K (44%)
ptolemy.util.test.WatchDog.cancel(): canceling Fri Jul 24 20:29:45 UTC 2020
auto.tcl: Setting watchdog for 200 seconds at Fri Jul 24 20:29:45 UTC 2020
14 ms. Memory: 51200K Free: 18905K (37%)
ptolemy.util.test.WatchDog.cancel(): canceling Fri Jul 24 20:29:45 UTC 2020
------------------ testing $PTII/ptolemy/domains/de/test/auto/Modal6.xml
auto.tcl: Setting watchdog for 200 seconds at Fri Jul 24 20:29:45 UTC 2020
12 ms. Memory: 51200K Free: 23487K (46%)
ptolemy.util.test.WatchDog.cancel(): canceling Fri Jul 24 20:29:45 UTC 2020
auto.tcl: Setting watchdog for 200 seconds at Fri Jul 24 20:29:45 UTC 2020
13 ms. Memory: 51200K Free: 19927K (39%)
ptolemy.util.test.WatchDog.cancel(): canceling Fri Jul 24 20:29:45 UTC 2020
------------------ testing $PTII/ptolemy/domains/de/test/auto/Modal7.xml
auto.tcl: Setting watchdog for 200 seconds at Fri Jul 24 20:29:45 UTC 2020
10 ms. Memory: 51200K Free: 22486K (44%)
ptolemy.util.test.WatchDog.cancel(): canceling Fri Jul 24 20:29:45 UTC 2020
auto.tcl: Setting watchdog for 200 seconds at Fri Jul 24 20:29:45 UTC 2020
10 ms. Memory: 51200K Free: 19095K (37%)
ptolemy.util.test.WatchDog.cancel(): canceling Fri Jul 24 20:29:45 UTC 2020
------------------ testing $PTII/ptolemy/domains/de/test/auto/ModalModel.xml
auto.tcl: Setting watchdog for 200 seconds at Fri Jul 24 20:29:45 UTC 2020
218 ms. Memory: 51200K Free: 17566K (34%)
ptolemy.util.test.WatchDog.cancel(): canceling Fri Jul 24 20:29:45 UTC 2020
auto.tcl: Setting watchdog for 200 seconds at Fri Jul 24 20:29:45 UTC 2020
217 ms. Memory: 69632K Free: 29307K (42%)
ptolemy.util.test.WatchDog.cancel(): canceling Fri Jul 24 20:29:46 UTC 2020
------------------ testing $PTII/ptolemy/domains/de/test/auto/ModalSource.xml
auto.tcl: Setting watchdog for 200 seconds at Fri Jul 24 20:29:46 UTC 2020
9 ms. Memory: 55296K Free: 31675K (57%)
ptolemy.util.test.WatchDog.cancel(): canceling Fri Jul 24 20:29:46 UTC 2020
auto.tcl: Setting watchdog for 200 seconds at Fri Jul 24 20:29:46 UTC 2020
5 ms. Memory: 55296K Free: 29627K (54%)
ptolemy.util.test.WatchDog.cancel(): canceling Fri Jul 24 20:29:46 UTC 2020
------------------ testing $PTII/ptolemy/domains/de/test/auto/NonInterruptibleTimerZeroDelay.xml
auto.tcl: Setting watchdog for 200 seconds at Fri Jul 24 20:29:46 UTC 2020
3 ms. Memory: 51200K Free: 32522K (64%)
ptolemy.util.test.WatchDog.cancel(): canceling Fri Jul 24 20:29:46 UTC 2020
auto.tcl: Setting watchdog for 200 seconds at Fri Jul 24 20:29:46 UTC 2020
2 ms. Memory: 51200K Free: 31866K (62%)
ptolemy.util.test.WatchDog.cancel(): canceling Fri Jul 24 20:29:46 UTC 2020
------------------ testing $PTII/ptolemy/domains/de/test/auto/OpenQueueingNetwork.xml
auto.tcl: Setting watchdog for 200 seconds at Fri Jul 24 20:29:46 UTC 2020
2698 ms. Memory: 106496K Free: 43821K (41%)
ptolemy.util.test.WatchDog.cancel(): canceling Fri Jul 24 20:29:49 UTC 2020
auto.tcl: Setting watchdog for 200 seconds at Fri Jul 24 20:29:49 UTC 2020
2312 ms. Memory: 128000K Free: 65813K (51%)
ptolemy.util.test.WatchDog.cancel(): canceling Fri Jul 24 20:29:51 UTC 2020
------------------ testing $PTII/ptolemy/domains/de/test/auto/OpenQueuingNetwork.xml
auto.tcl: Setting watchdog for 200 seconds at Fri Jul 24 20:29:51 UTC 2020
217 ms. Memory: 58368K Free: 31724K (54%)
ptolemy.util.test.WatchDog.cancel(): canceling Fri Jul 24 20:29:51 UTC 2020
auto.tcl: Setting watchdog for 200 seconds at Fri Jul 24 20:29:51 UTC 2020
213 ms. Memory: 58368K Free: 13220K (23%)
ptolemy.util.test.WatchDog.cancel(): canceling Fri Jul 24 20:29:51 UTC 2020
------------------ testing $PTII/ptolemy/domains/de/test/auto/PeriodicSampler.xml
auto.tcl: Setting watchdog for 200 seconds at Fri Jul 24 20:29:51 UTC 2020
2 ms. Memory: 55296K Free: 35809K (65%)
ptolemy.util.test.WatchDog.cancel(): canceling Fri Jul 24 20:29:51 UTC 2020
auto.tcl: Setting watchdog for 200 seconds at Fri Jul 24 20:29:51 UTC 2020
1 ms. Memory: 55296K Free: 35281K (64%)
ptolemy.util.test.WatchDog.cancel(): canceling Fri Jul 24 20:29:51 UTC 2020
------------------ testing $PTII/ptolemy/domains/de/test/auto/PersistentIO.xml
auto.tcl: Setting watchdog for 200 seconds at Fri Jul 24 20:29:52 UTC 2020
5 ms. Memory: 55296K Free: 30734K (56%)
ptolemy.util.test.WatchDog.cancel(): canceling Fri Jul 24 20:29:52 UTC 2020
auto.tcl: Setting watchdog for 200 seconds at Fri Jul 24 20:29:52 UTC 2020
4 ms. Memory: 55296K Free: 29214K (53%)
ptolemy.util.test.WatchDog.cancel(): canceling Fri Jul 24 20:29:52 UTC 2020
------------------ testing $PTII/ptolemy/domains/de/test/auto/PortParameterResetOnInitialize.xml
auto.tcl: Setting watchdog for 200 seconds at Fri Jul 24 20:29:52 UTC 2020
7 ms. Memory: 55296K Free: 35700K (65%)
ptolemy.util.test.WatchDog.cancel(): canceling Fri Jul 24 20:29:52 UTC 2020
auto.tcl: Setting watchdog for 200 seconds at Fri Jul 24 20:29:52 UTC 2020
2 ms. Memory: 55296K Free: 35222K (64%)
ptolemy.util.test.WatchDog.cancel(): canceling Fri Jul 24 20:29:52 UTC 2020
------------------ testing $PTII/ptolemy/domains/de/test/auto/PortParameterUpdates.xml
auto.tcl: Setting watchdog for 200 seconds at Fri Jul 24 20:29:52 UTC 2020
5 ms. Memory: 51200K Free: 29921K (58%)
ptolemy.util.test.WatchDog.cancel(): canceling Fri Jul 24 20:29:52 UTC 2020
auto.tcl: Setting watchdog for 200 seconds at Fri Jul 24 20:29:52 UTC 2020
5 ms. Memory: 51200K Free: 28680K (56%)
ptolemy.util.test.WatchDog.cancel(): canceling Fri Jul 24 20:29:52 UTC 2020
------------------ testing $PTII/ptolemy/domains/de/test/auto/QueueAndServer.xml
auto.tcl: Setting watchdog for 200 seconds at Fri Jul 24 20:29:52 UTC 2020
6 ms. Memory: 51200K Free: 28598K (56%)
ptolemy.util.test.WatchDog.cancel(): canceling Fri Jul 24 20:29:52 UTC 2020
auto.tcl: Setting watchdog for 200 seconds at Fri Jul 24 20:29:52 UTC 2020
5 ms. Memory: 51200K Free: 27126K (53%)
ptolemy.util.test.WatchDog.cancel(): canceling Fri Jul 24 20:29:52 UTC 2020
------------------ testing $PTII/ptolemy/domains/de/test/auto/Records.xml
auto.tcl: Setting watchdog for 200 seconds at Fri Jul 24 20:29:52 UTC 2020
4 ms. Memory: 51200K Free: 30873K (60%)
ptolemy.util.test.WatchDog.cancel(): canceling Fri Jul 24 20:29:52 UTC 2020
auto.tcl: Setting watchdog for 200 seconds at Fri Jul 24 20:29:52 UTC 2020
2 ms. Memory: 51200K Free: 30337K (59%)
ptolemy.util.test.WatchDog.cancel(): canceling Fri Jul 24 20:29:52 UTC 2020
------------------ testing $PTII/ptolemy/domains/de/test/auto/ResetTransitionWithStartTime1.xml
auto.tcl: Setting watchdog for 200 seconds at Fri Jul 24 20:29:52 UTC 2020
7 ms. Memory: 51200K Free: 28122K (55%)
ptolemy.util.test.WatchDog.cancel(): canceling Fri Jul 24 20:29:52 UTC 2020
auto.tcl: Setting watchdog for 200 seconds at Fri Jul 24 20:29:52 UTC 2020
5 ms. Memory: 51200K Free: 26074K (51%)
ptolemy.util.test.WatchDog.cancel(): canceling Fri Jul 24 20:29:52 UTC 2020
------------------ testing $PTII/ptolemy/domains/de/test/auto/ResetTransitionWithStartTime2.xml
auto.tcl: Setting watchdog for 200 seconds at Fri Jul 24 20:29:52 UTC 2020
5 ms. Memory: 51200K Free: 28076K (55%)
ptolemy.util.test.WatchDog.cancel(): canceling Fri Jul 24 20:29:52 UTC 2020
auto.tcl: Setting watchdog for 200 seconds at Fri Jul 24 20:29:52 UTC 2020
5 ms. Memory: 51200K Free: 26034K (51%)
ptolemy.util.test.WatchDog.cancel(): canceling Fri Jul 24 20:29:52 UTC 2020
------------------ testing $PTII/ptolemy/domains/de/test/auto/ResetTransitionWithStartTime3.xml
auto.tcl: Setting watchdog for 200 seconds at Fri Jul 24 20:29:52 UTC 2020
6 ms. Memory: 51200K Free: 27940K (55%)
ptolemy.util.test.WatchDog.cancel(): canceling Fri Jul 24 20:29:52 UTC 2020
auto.tcl: Setting watchdog for 200 seconds at Fri Jul 24 20:29:52 UTC 2020
6 ms. Memory: 51200K Free: 25897K (51%)
ptolemy.util.test.WatchDog.cancel(): canceling Fri Jul 24 20:29:52 UTC 2020
------------------ testing $PTII/ptolemy/domains/de/test/auto/ResetTransitionWithStartTime4.xml
auto.tcl: Setting watchdog for 200 seconds at Fri Jul 24 20:29:52 UTC 2020
7 ms. Memory: 51200K Free: 28386K (55%)
ptolemy.util.test.WatchDog.cancel(): canceling Fri Jul 24 20:29:52 UTC 2020
auto.tcl: Setting watchdog for 200 seconds at Fri Jul 24 20:29:52 UTC 2020
3 ms. Memory: 51200K Free: 26920K (53%)
ptolemy.util.test.WatchDog.cancel(): canceling Fri Jul 24 20:29:52 UTC 2020
------------------ testing $PTII/ptolemy/domains/de/test/auto/ResettableTimer1.xml
auto.tcl: Setting watchdog for 200 seconds at Fri Jul 24 20:29:52 UTC 2020
6 ms. Memory: 51200K Free: 32154K (63%)
ptolemy.util.test.WatchDog.cancel(): canceling Fri Jul 24 20:29:52 UTC 2020
auto.tcl: Setting watchdog for 200 seconds at Fri Jul 24 20:29:52 UTC 2020
2 ms. Memory: 51200K Free: 31496K (62%)
ptolemy.util.test.WatchDog.cancel(): canceling Fri Jul 24 20:29:52 UTC 2020
------------------ testing $PTII/ptolemy/domains/de/test/auto/ResettableTimer2.xml
auto.tcl: Setting watchdog for 200 seconds at Fri Jul 24 20:29:52 UTC 2020
3 ms. Memory: 51200K Free: 32164K (63%)
ptolemy.util.test.WatchDog.cancel(): canceling Fri Jul 24 20:29:52 UTC 2020
auto.tcl: Setting watchdog for 200 seconds at Fri Jul 24 20:29:52 UTC 2020
2 ms. Memory: 51200K Free: 31544K (62%)
ptolemy.util.test.WatchDog.cancel(): canceling Fri Jul 24 20:29:52 UTC 2020
------------------ testing $PTII/ptolemy/domains/de/test/auto/ResettableTimer3.xml
auto.tcl: Setting watchdog for 200 seconds at Fri Jul 24 20:29:52 UTC 2020
1 ms. Memory: 51200K Free: 32077K (63%)
ptolemy.util.test.WatchDog.cancel(): canceling Fri Jul 24 20:29:52 UTC 2020
auto.tcl: Setting watchdog for 200 seconds at Fri Jul 24 20:29:52 UTC 2020
2 ms. Memory: 51200K Free: 32077K (63%)
ptolemy.util.test.WatchDog.cancel(): canceling Fri Jul 24 20:29:52 UTC 2020
------------------ testing $PTII/ptolemy/domains/de/test/auto/ResettableTimer4.xml
auto.tcl: Setting watchdog for 200 seconds at Fri Jul 24 20:29:52 UTC 2020
1 ms. Memory: 51200K Free: 32091K (63%)
ptolemy.util.test.WatchDog.cancel(): canceling Fri Jul 24 20:29:52 UTC 2020
auto.tcl: Setting watchdog for 200 seconds at Fri Jul 24 20:29:52 UTC 2020
1 ms. Memory: 51200K Free: 31579K (62%)
ptolemy.util.test.WatchDog.cancel(): canceling Fri Jul 24 20:29:52 UTC 2020
------------------ testing $PTII/ptolemy/domains/de/test/auto/ResettableTimer5.xml
auto.tcl: Setting watchdog for 200 seconds at Fri Jul 24 20:29:52 UTC 2020
3 ms. Memory: 51200K Free: 31569K (62%)
ptolemy.util.test.WatchDog.cancel(): canceling Fri Jul 24 20:29:52 UTC 2020
auto.tcl: Setting watchdog for 200 seconds at Fri Jul 24 20:29:52 UTC 2020
1 ms. Memory: 51200K Free: 31059K (61%)
ptolemy.util.test.WatchDog.cancel(): canceling Fri Jul 24 20:29:52 UTC 2020
------------------ testing $PTII/ptolemy/domains/de/test/auto/ResettableTimer6.xml
auto.tcl: Setting watchdog for 200 seconds at Fri Jul 24 20:29:52 UTC 2020
2 ms. Memory: 51200K Free: 31560K (62%)
ptolemy.util.test.WatchDog.cancel(): canceling Fri Jul 24 20:29:52 UTC 2020
auto.tcl: Setting watchdog for 200 seconds at Fri Jul 24 20:29:52 UTC 2020
1 ms. Memory: 51200K Free: 31050K (61%)
ptolemy.util.test.WatchDog.cancel(): canceling Fri Jul 24 20:29:52 UTC 2020
------------------ testing $PTII/ptolemy/domains/de/test/auto/ServerZeroDelay.xml
auto.tcl: Setting watchdog for 200 seconds at Fri Jul 24 20:29:53 UTC 2020
3 ms. Memory: 51200K Free: 32065K (63%)
ptolemy.util.test.WatchDog.cancel(): canceling Fri Jul 24 20:29:53 UTC 2020
auto.tcl: Setting watchdog for 200 seconds at Fri Jul 24 20:29:53 UTC 2020
2 ms. Memory: 51200K Free: 31041K (61%)
ptolemy.util.test.WatchDog.cancel(): canceling Fri Jul 24 20:29:53 UTC 2020
------------------ testing $PTII/ptolemy/domains/de/test/auto/SmartSender.xml
auto.tcl: Setting watchdog for 200 seconds at Fri Jul 24 20:29:53 UTC 2020
3000 ms. Memory: 51200K Free: 32065K (63%)
ptolemy.util.test.WatchDog.cancel(): canceling Fri Jul 24 20:29:56 UTC 2020
auto.tcl: Setting watchdog for 200 seconds at Fri Jul 24 20:29:56 UTC 2020
3002 ms. Memory: 51200K Free: 31545K (62%)
ptolemy.util.test.WatchDog.cancel(): canceling Fri Jul 24 20:29:59 UTC 2020
------------------ testing $PTII/ptolemy/domains/de/test/auto/ThreadedComposite.xml
auto.tcl: Setting watchdog for 200 seconds at Fri Jul 24 20:29:59 UTC 2020
189 ms. Memory: 51200K Free: 13127K (26%)
ptolemy.util.test.WatchDog.cancel(): canceling Fri Jul 24 20:29:59 UTC 2020
auto.tcl: Setting watchdog for 200 seconds at Fri Jul 24 20:29:59 UTC 2020
116 ms. Memory: 51200K Free: 28665K (56%)
ptolemy.util.test.WatchDog.cancel(): canceling Fri Jul 24 20:29:59 UTC 2020
------------------ testing $PTII/ptolemy/domains/de/test/auto/Time.xml
auto.tcl: Setting watchdog for 200 seconds at Fri Jul 24 20:29:59 UTC 2020
474 ms. Memory: 51200K Free: 33237K (65%)
ptolemy.util.test.WatchDog.cancel(): canceling Fri Jul 24 20:30:00 UTC 2020
auto.tcl: Setting watchdog for 200 seconds at Fri Jul 24 20:30:00 UTC 2020
473 ms. Memory: 67584K Free: 22441K (33%)
ptolemy.util.test.WatchDog.cancel(): canceling Fri Jul 24 20:30:00 UTC 2020
------------------ testing $PTII/ptolemy/domains/de/test/auto/TimeDelayZeroDelay.xml
auto.tcl: Setting watchdog for 200 seconds at Fri Jul 24 20:30:00 UTC 2020
2 ms. Memory: 55296K Free: 36085K (65%)
ptolemy.util.test.WatchDog.cancel(): canceling Fri Jul 24 20:30:00 UTC 2020
auto.tcl: Setting watchdog for 200 seconds at Fri Jul 24 20:30:00 UTC 2020
2 ms. Memory: 55296K Free: 35609K (64%)
ptolemy.util.test.WatchDog.cancel(): canceling Fri Jul 24 20:30:00 UTC 2020
------------------ testing $PTII/ptolemy/domains/de/test/auto/TimerZeroDelay.xml
auto.tcl: Setting watchdog for 200 seconds at Fri Jul 24 20:30:00 UTC 2020
2 ms. Memory: 51200K Free: 32382K (63%)
ptolemy.util.test.WatchDog.cancel(): canceling Fri Jul 24 20:30:00 UTC 2020
auto.tcl: Setting watchdog for 200 seconds at Fri Jul 24 20:30:00 UTC 2020
2 ms. Memory: 51200K Free: 32030K (63%)
ptolemy.util.test.WatchDog.cancel(): canceling Fri Jul 24 20:30:00 UTC 2020
------------------ testing $PTII/ptolemy/domains/de/test/auto/TimingParadox.xml
auto.tcl: Setting watchdog for 200 seconds at Fri Jul 24 20:30:00 UTC 2020
291 ms. Memory: 51200K Free: 17084K (33%)
ptolemy.util.test.WatchDog.cancel(): canceling Fri Jul 24 20:30:01 UTC 2020
auto.tcl: Setting watchdog for 200 seconds at Fri Jul 24 20:30:01 UTC 2020
282 ms. Memory: 51200K Free: 31116K (61%)
ptolemy.util.test.WatchDog.cancel(): canceling Fri Jul 24 20:30:01 UTC 2020
------------------ testing $PTII/ptolemy/domains/de/test/auto/TransferInputs.xml
auto.tcl: Setting watchdog for 200 seconds at Fri Jul 24 20:30:01 UTC 2020
2 ms. Memory: 51200K Free: 30499K (60%)
ptolemy.util.test.WatchDog.cancel(): canceling Fri Jul 24 20:30:01 UTC 2020
auto.tcl: Setting watchdog for 200 seconds at Fri Jul 24 20:30:01 UTC 2020
2 ms. Memory: 51200K Free: 29624K (58%)
ptolemy.util.test.WatchDog.cancel(): canceling Fri Jul 24 20:30:01 UTC 2020
------------------ testing $PTII/ptolemy/domains/de/test/auto/TransferOutputs2.xml
auto.tcl: Setting watchdog for 200 seconds at Fri Jul 24 20:30:01 UTC 2020
3 ms. Memory: 51200K Free: 27941K (55%)
ptolemy.util.test.WatchDog.cancel(): canceling Fri Jul 24 20:30:01 UTC 2020
auto.tcl: Setting watchdog for 200 seconds at Fri Jul 24 20:30:01 UTC 2020
5 ms. Memory: 51200K Free: 26524K (52%)
ptolemy.util.test.WatchDog.cancel(): canceling Fri Jul 24 20:30:01 UTC 2020
------------------ testing $PTII/ptolemy/domains/de/test/auto/Trilateration.xml
auto.tcl: Setting watchdog for 200 seconds at Fri Jul 24 20:30:01 UTC 2020
12386 ms. Memory: 462848K Free: 211687K (46%)
ptolemy.util.test.WatchDog.cancel(): canceling Fri Jul 24 20:30:14 UTC 2020
auto.tcl: Setting watchdog for 200 seconds at Fri Jul 24 20:30:14 UTC 2020
9025 ms. Memory: 462848K Free: 319554K (69%)
ptolemy.util.test.WatchDog.cancel(): canceling Fri Jul 24 20:30:24 UTC 2020
------------------ testing $PTII/ptolemy/domains/de/test/auto/TwoSigmaDelta.xml
auto.tcl: Setting watchdog for 200 seconds at Fri Jul 24 20:30:24 UTC 2020
2220 ms. Memory: 92160K Free: 30669K (33%)
ptolemy.util.test.WatchDog.cancel(): canceling Fri Jul 24 20:30:26 UTC 2020
auto.tcl: Setting watchdog for 200 seconds at Fri Jul 24 20:30:26 UTC 2020
1803 ms. Memory: 92160K Free: 35299K (38%)
ptolemy.util.test.WatchDog.cancel(): canceling Fri Jul 24 20:30:28 UTC 2020
------------------ testing $PTII/ptolemy/domains/de/test/auto/VariableDelay.xml
auto.tcl: Setting watchdog for 200 seconds at Fri Jul 24 20:30:28 UTC 2020
2 ms. Memory: 55296K Free: 35089K (63%)
ptolemy.util.test.WatchDog.cancel(): canceling Fri Jul 24 20:30:28 UTC 2020
auto.tcl: Setting watchdog for 200 seconds at Fri Jul 24 20:30:28 UTC 2020
2 ms. Memory: 55296K Free: 34049K (62%)
ptolemy.util.test.WatchDog.cancel(): canceling Fri Jul 24 20:30:28 UTC 2020
------------------ testing $PTII/ptolemy/domains/de/test/auto/VariableDelay2.xml
auto.tcl: Setting watchdog for 200 seconds at Fri Jul 24 20:30:28 UTC 2020
2 ms. Memory: 55296K Free: 35674K (65%)
ptolemy.util.test.WatchDog.cancel(): canceling Fri Jul 24 20:30:28 UTC 2020
auto.tcl: Setting watchdog for 200 seconds at Fri Jul 24 20:30:28 UTC 2020
2 ms. Memory: 55296K Free: 35162K (64%)
ptolemy.util.test.WatchDog.cancel(): canceling Fri Jul 24 20:30:28 UTC 2020
------------------ testing $PTII/ptolemy/domains/de/test/auto/VariableDelayZeroDelay.xml
auto.tcl: Setting watchdog for 200 seconds at Fri Jul 24 20:30:28 UTC 2020
2 ms. Memory: 51200K Free: 31919K (62%)
ptolemy.util.test.WatchDog.cancel(): canceling Fri Jul 24 20:30:28 UTC 2020
auto.tcl: Setting watchdog for 200 seconds at Fri Jul 24 20:30:28 UTC 2020
2 ms. Memory: 51200K Free: 31405K (61%)
ptolemy.util.test.WatchDog.cancel(): canceling Fri Jul 24 20:30:28 UTC 2020
------------------ testing $PTII/ptolemy/domains/de/test/auto/VariableDelayZeroDelay2.xml
auto.tcl: Setting watchdog for 200 seconds at Fri Jul 24 20:30:28 UTC 2020
1 ms. Memory: 51200K Free: 31917K (62%)
ptolemy.util.test.WatchDog.cancel(): canceling Fri Jul 24 20:30:28 UTC 2020
auto.tcl: Setting watchdog for 200 seconds at Fri Jul 24 20:30:28 UTC 2020
1 ms. Memory: 51200K Free: 30903K (60%)
ptolemy.util.test.WatchDog.cancel(): canceling Fri Jul 24 20:30:28 UTC 2020
------------------ testing $PTII/ptolemy/domains/de/test/auto/deInCt.xml
auto.tcl: Setting watchdog for 200 seconds at Fri Jul 24 20:30:28 UTC 2020
0
1
1
1
0
0
0
1
1
1
0
0
0
1
1
1
0
0
0
1
1
1
0
0
0
1
1
1
1
1
0
0
0
1
1
1
1
0
0
0
1
1
0
0
0
0
0
14 ms. Memory: 51200K Free: 30891K (60%)
ptolemy.util.test.WatchDog.cancel(): canceling Fri Jul 24 20:30:28 UTC 2020
auto.tcl: Setting watchdog for 200 seconds at Fri Jul 24 20:30:28 UTC 2020
0
1
1
1
0
0
0
1
1
1
0
0
0
0
0
1
1
1
0
0
0
1
1
1
1
1
1
0
0
0
1
1
1
1
9 ms. Memory: 51200K Free: 29359K (57%)
ptolemy.util.test.WatchDog.cancel(): canceling Fri Jul 24 20:30:28 UTC 2020
------------------ testing $PTII/ptolemy/domains/de/test/auto/deInCt2.xml
auto.tcl: Setting watchdog for 200 seconds at Fri Jul 24 20:30:28 UTC 2020
0
1
1
1
0
0
1
1
1
0
0
1
1
1
0
0
1
1
1
0
0
1
1
1
0
0
1
1
1
0
0
1
1
1
0
0
1
1
1
0
0
0
9 ms. Memory: 51200K Free: 30891K (60%)
ptolemy.util.test.WatchDog.cancel(): canceling Fri Jul 24 20:30:28 UTC 2020
auto.tcl: Setting watchdog for 200 seconds at Fri Jul 24 20:30:28 UTC 2020
0
1
1
1
0
0
1
1
1
0
0
1
1
1
0
0
1
1
1
0
0
1
1
1
0
0
1
1
1
0
0
1
1
1
0
0
1
1
1
0
0
0
8 ms. Memory: 51200K Free: 29353K (57%)
ptolemy.util.test.WatchDog.cancel(): canceling Fri Jul 24 20:30:28 UTC 2020
------------------ testing $PTII/ptolemy/domains/de/test/auto/dynamicCausalityInterface1.xml
auto.tcl: Setting watchdog for 200 seconds at Fri Jul 24 20:30:28 UTC 2020
1 ms. Memory: 51200K Free: 26789K (52%)
ptolemy.util.test.WatchDog.cancel(): canceling Fri Jul 24 20:30:28 UTC 2020
auto.tcl: Setting watchdog for 200 seconds at Fri Jul 24 20:30:28 UTC 2020
1 ms. Memory: 51200K Free: 26281K (51%)
ptolemy.util.test.WatchDog.cancel(): canceling Fri Jul 24 20:30:28 UTC 2020
------------------ testing $PTII/ptolemy/domains/de/test/auto/fsm_de_test.xml
auto.tcl: Setting watchdog for 200 seconds at Fri Jul 24 20:30:28 UTC 2020
7 ms. Memory: 51200K Free: 26688K (52%)
ptolemy.util.test.WatchDog.cancel(): canceling Fri Jul 24 20:30:28 UTC 2020
auto.tcl: Setting watchdog for 200 seconds at Fri Jul 24 20:30:28 UTC 2020
4 ms. Memory: 51200K Free: 24640K (48%)
ptolemy.util.test.WatchDog.cancel(): canceling Fri Jul 24 20:30:28 UTC 2020
------------------ testing $PTII/ptolemy/domains/de/test/auto/functionDependencyReconstruction.xml
auto.tcl: Setting watchdog for 200 seconds at Fri Jul 24 20:30:28 UTC 2020
3 ms. Memory: 51200K Free: 20623K (40%)
ptolemy.util.test.WatchDog.cancel(): canceling Fri Jul 24 20:30:28 UTC 2020
auto.tcl: Setting watchdog for 200 seconds at Fri Jul 24 20:30:28 UTC 2020
3 ms. Memory: 51200K Free: 18485K (36%)
ptolemy.util.test.WatchDog.cancel(): canceling Fri Jul 24 20:30:28 UTC 2020
------------------ testing $PTII/ptolemy/domains/de/test/auto/multirate.xml
auto.tcl: Setting watchdog for 200 seconds at Fri Jul 24 20:30:28 UTC 2020
9 ms. Memory: 51200K Free: 29329K (57%)
ptolemy.util.test.WatchDog.cancel(): canceling Fri Jul 24 20:30:28 UTC 2020
auto.tcl: Setting watchdog for 200 seconds at Fri Jul 24 20:30:28 UTC 2020
3 ms. Memory: 51200K Free: 27583K (54%)
ptolemy.util.test.WatchDog.cancel(): canceling Fri Jul 24 20:30:28 UTC 2020
------------------ testing $PTII/ptolemy/domains/de/test/auto/multirate2.xml
auto.tcl: Setting watchdog for 200 seconds at Fri Jul 24 20:30:28 UTC 2020
4 ms. Memory: 51200K Free: 29285K (57%)
ptolemy.util.test.WatchDog.cancel(): canceling Fri Jul 24 20:30:28 UTC 2020
auto.tcl: Setting watchdog for 200 seconds at Fri Jul 24 20:30:28 UTC 2020
2 ms. Memory: 51200K Free: 27765K (54%)
ptolemy.util.test.WatchDog.cancel(): canceling Fri Jul 24 20:30:29 UTC 2020
------------------ testing $PTII/ptolemy/domains/de/test/auto/realtime.xml
auto.tcl: Setting watchdog for 200 seconds at Fri Jul 24 20:30:29 UTC 2020
10001 ms. Memory: 51200K Free: 31570K (62%)
ptolemy.util.test.WatchDog.cancel(): canceling Fri Jul 24 20:30:39 UTC 2020
auto.tcl: Setting watchdog for 200 seconds at Fri Jul 24 20:30:39 UTC 2020
10002 ms. Memory: 51200K Free: 30835K (60%)
ptolemy.util.test.WatchDog.cancel(): canceling Fri Jul 24 20:30:49 UTC 2020
------------------ testing $PTII/ptolemy/domains/de/test/auto/relationGroup.xml
auto.tcl: Setting watchdog for 200 seconds at Fri Jul 24 20:30:49 UTC 2020
2 ms. Memory: 51200K Free: 32619K (64%)
ptolemy.util.test.WatchDog.cancel(): canceling Fri Jul 24 20:30:49 UTC 2020
auto.tcl: Setting watchdog for 200 seconds at Fri Jul 24 20:30:49 UTC 2020
2 ms. Memory: 51200K Free: 32075K (63%)
ptolemy.util.test.WatchDog.cancel(): canceling Fri Jul 24 20:30:49 UTC 2020
------------------ testing $PTII/ptolemy/domains/de/test/auto/relationGroup2.xml
auto.tcl: Setting watchdog for 200 seconds at Fri Jul 24 20:30:49 UTC 2020
2 ms. Memory: 51200K Free: 32676K (64%)
ptolemy.util.test.WatchDog.cancel(): canceling Fri Jul 24 20:30:49 UTC 2020
auto.tcl: Setting watchdog for 200 seconds at Fri Jul 24 20:30:49 UTC 2020
1 ms. Memory: 51200K Free: 32140K (63%)
ptolemy.util.test.WatchDog.cancel(): canceling Fri Jul 24 20:30:49 UTC 2020
------------------ testing $PTII/ptolemy/domains/de/test/auto/sortWithOpaquePorts.xml
auto.tcl: Setting watchdog for 200 seconds at Fri Jul 24 20:30:49 UTC 2020
2 ms. Memory: 51200K Free: 31941K (62%)
ptolemy.util.test.WatchDog.cancel(): canceling Fri Jul 24 20:30:49 UTC 2020
auto.tcl: Setting watchdog for 200 seconds at Fri Jul 24 20:30:49 UTC 2020
2 ms. Memory: 51200K Free: 30409K (59%)
ptolemy.util.test.WatchDog.cancel(): canceling Fri Jul 24 20:30:49 UTC 2020
------------------ testing $PTII/ptolemy/domains/de/test/auto/transferInputsandOutputs.xml
auto.tcl: Setting watchdog for 200 seconds at Fri Jul 24 20:30:49 UTC 2020
5 ms. Memory: 51200K Free: 28857K (56%)
ptolemy.util.test.WatchDog.cancel(): canceling Fri Jul 24 20:30:49 UTC 2020
auto.tcl: Setting watchdog for 200 seconds at Fri Jul 24 20:30:49 UTC 2020
3 ms. Memory: 51200K Free: 27833K (54%)
ptolemy.util.test.WatchDog.cancel(): canceling Fri Jul 24 20:30:49 UTC 2020
------------------ testing $PTII/ptolemy/domains/de/test/auto/triggerType.xml
auto.tcl: Setting watchdog for 200 seconds at Fri Jul 24 20:30:49 UTC 2020
1 ms. Memory: 51200K Free: 31882K (62%)
ptolemy.util.test.WatchDog.cancel(): canceling Fri Jul 24 20:30:49 UTC 2020
auto.tcl: Setting watchdog for 200 seconds at Fri Jul 24 20:30:49 UTC 2020
1 ms. Memory: 51200K Free: 30858K (60%)
ptolemy.util.test.WatchDog.cancel(): canceling Fri Jul 24 20:30:49 UTC 2020
07/24/20 08:30:49
Failed: 0  Total Tests: 192  ((Passed: 187, Newly Passed: 1)  Known Failed: 5) /home/travis/build/icyphy/ptII/ptolemy/domains/de/test
07/24/20 08:30:49
Failed: 0  Total Tests: 192  ((Passed: 187, Newly Passed: 1)  Known Failed: 5) /home/travis/build/icyphy/ptII/ptolemy/domains/de/test
----------------- testing (KnownFailure) /home/travis/build/icyphy/ptII/ptolemy/domains/de/test/auto/knownFailedTests/DESDFClockTest.xml
2015 ms. Memory: 51200K Free: 25277K (49%)
Known Failure: java.lang.reflect.InvocationTargetException
----------------- testing (KnownFailure) /home/travis/build/icyphy/ptII/ptolemy/domains/de/test/auto/knownFailedTests/DirectFeedback.xml
2 ms. Memory: 51200K Free: 21181K (41%)
Known Failure: java.lang.reflect.InvocationTargetException
----------------- testing (KnownFailure) /home/travis/build/icyphy/ptII/ptolemy/domains/de/test/auto/knownFailedTests/FSMSource.xml
13 ms. Memory: 51200K Free: 13503K (26%)
----------------- testing (KnownFailure) /home/travis/build/icyphy/ptII/ptolemy/domains/de/test/auto/knownFailedTests/HierarchicalModel.xml
3 ms. Memory: 51200K Free: 25635K (50%)
Known Failure: java.lang.reflect.InvocationTargetException
----------------- testing (KnownFailure) /home/travis/build/icyphy/ptII/ptolemy/domains/de/test/auto/knownFailedTests/dependencyLoop.xml
2 ms. Memory: 51200K Free: 10624K (21%)
Known Failure: java.lang.reflect.InvocationTargetException
----------------- testing (KnownFailure) /home/travis/build/icyphy/ptII/ptolemy/domains/de/test/auto/knownFailedTests/dependencyLoop2.xml
6 ms. Memory: 51200K Free: 23338K (46%)
Known Failure: java.lang.reflect.InvocationTargetException
No auto/linux-amd64/*.xml tests in /home/travis/build/icyphy/ptII/ptolemy/domains/de/test
AutoTests.java: About to close Vertx.
AutoTests.java: Vertx closed.

===========================================================================================
----------------- testing Fri Jul 24 20:30:51 UTC 2020 /home/travis/build/icyphy/ptII/ptolemy/domains/de/test/auto/ActorDepthCalculation_actorWithoutPorts.xml
----------------- Instantiating /home/travis/build/icyphy/ptII/ptolemy/domains/de/test/auto/ActorDepthCalculation_actorWithoutPorts.xml
2 ms. Memory: 51200K Free: 16779K (33%)
----------------- Invoking toplevel() on ptolemy.moml.MoMLSimpleApplication@2aa8cec6
----------------- Done invoking toplevel() on ptolemy.moml.MoMLSimpleApplication@2aa8cec6
reloadAllAccessors: .ActorDepthCalculation_actorWithoutPorts

===========================================================================================
----------------- testing Fri Jul 24 20:30:51 UTC 2020 /home/travis/build/icyphy/ptII/ptolemy/domains/de/test/auto/AssemblyLine.xml
----------------- Instantiating /home/travis/build/icyphy/ptII/ptolemy/domains/de/test/auto/AssemblyLine.xml
3 ms. Memory: 51200K Free: 9357K (18%)
----------------- Invoking toplevel() on ptolemy.moml.MoMLSimpleApplication@449d013f
----------------- Done invoking toplevel() on ptolemy.moml.MoMLSimpleApplication@449d013f
reloadAllAccessors: .AssemblyLine

===========================================================================================
----------------- testing Fri Jul 24 20:30:51 UTC 2020 /home/travis/build/icyphy/ptII/ptolemy/domains/de/test/auto/CQBug1.xml
----------------- Instantiating /home/travis/build/icyphy/ptII/ptolemy/domains/de/test/auto/CQBug1.xml
1 ms. Memory: 51200K Free: 34334K (67%)
----------------- Invoking toplevel() on ptolemy.moml.MoMLSimpleApplication@5f6ce4f8
----------------- Done invoking toplevel() on ptolemy.moml.MoMLSimpleApplication@5f6ce4f8
reloadAllAccessors: .CQBug1

===========================================================================================
----------------- testing Fri Jul 24 20:30:51 UTC 2020 /home/travis/build/icyphy/ptII/ptolemy/domains/de/test/auto/CancelFireAt.xml
----------------- Instantiating /home/travis/build/icyphy/ptII/ptolemy/domains/de/test/auto/CancelFireAt.xml
1 ms. Memory: 51200K Free: 31709K (62%)
----------------- Invoking toplevel() on ptolemy.moml.MoMLSimpleApplication@c25717e
----------------- Done invoking toplevel() on ptolemy.moml.MoMLSimpleApplication@c25717e
reloadAllAccessors: .CancelFireAt

===========================================================================================
----------------- testing Fri Jul 24 20:30:51 UTC 2020 /home/travis/build/icyphy/ptII/ptolemy/domains/de/test/auto/CausalityAndComposabilityAnalysis.xml
----------------- Instantiating /home/travis/build/icyphy/ptII/ptolemy/domains/de/test/auto/CausalityAndComposabilityAnalysis.xml
2 ms. Memory: 51200K Free: 27580K (54%)
----------------- Invoking toplevel() on ptolemy.moml.MoMLSimpleApplication@14dc8a83
----------------- Done invoking toplevel() on ptolemy.moml.MoMLSimpleApplication@14dc8a83
reloadAllAccessors: .CausalityAndComposabilityAnalysis

===========================================================================================
----------------- testing Fri Jul 24 20:30:51 UTC 2020 /home/travis/build/icyphy/ptII/ptolemy/domains/de/test/auto/CausalityInterface1.xml
----------------- Instantiating /home/travis/build/icyphy/ptII/ptolemy/domains/de/test/auto/CausalityInterface1.xml
5 ms. Memory: 51200K Free: 22499K (44%)
----------------- Invoking toplevel() on ptolemy.moml.MoMLSimpleApplication@349e94bd
----------------- Done invoking toplevel() on ptolemy.moml.MoMLSimpleApplication@349e94bd
reloadAllAccessors: .CausalityInterface1

===========================================================================================
----------------- testing Fri Jul 24 20:30:51 UTC 2020 /home/travis/build/icyphy/ptII/ptolemy/domains/de/test/auto/CausalityInterface15.xml
----------------- Instantiating /home/travis/build/icyphy/ptII/ptolemy/domains/de/test/auto/CausalityInterface15.xml
3 ms. Memory: 51200K Free: 16948K (33%)
----------------- Invoking toplevel() on ptolemy.moml.MoMLSimpleApplication@52b29e62
----------------- Done invoking toplevel() on ptolemy.moml.MoMLSimpleApplication@52b29e62
reloadAllAccessors: .CausalityInterface15

===========================================================================================
----------------- testing Fri Jul 24 20:30:51 UTC 2020 /home/travis/build/icyphy/ptII/ptolemy/domains/de/test/auto/CausalityInterface2.xml
----------------- Instantiating /home/travis/build/icyphy/ptII/ptolemy/domains/de/test/auto/CausalityInterface2.xml
1 ms. Memory: 51200K Free: 12449K (24%)
----------------- Invoking toplevel() on ptolemy.moml.MoMLSimpleApplication@77160370
----------------- Done invoking toplevel() on ptolemy.moml.MoMLSimpleApplication@77160370
reloadAllAccessors: .CausalityInterface2

===========================================================================================
----------------- testing Fri Jul 24 20:30:51 UTC 2020 /home/travis/build/icyphy/ptII/ptolemy/domains/de/test/auto/CausalityInterface3.xml
----------------- Instantiating /home/travis/build/icyphy/ptII/ptolemy/domains/de/test/auto/CausalityInterface3.xml
5 ms. Memory: 51200K Free: 35480K (69%)
----------------- Invoking toplevel() on ptolemy.moml.MoMLSimpleApplication@4c62d60d
----------------- Done invoking toplevel() on ptolemy.moml.MoMLSimpleApplication@4c62d60d
reloadAllAccessors: .CausalityInterface3

===========================================================================================
----------------- testing Fri Jul 24 20:30:51 UTC 2020 /home/travis/build/icyphy/ptII/ptolemy/domains/de/test/auto/ClockDrift.xml
----------------- Instantiating /home/travis/build/icyphy/ptII/ptolemy/domains/de/test/auto/ClockDrift.xml
12 ms. Memory: 51200K Free: 23312K (46%)
----------------- Invoking toplevel() on ptolemy.moml.MoMLSimpleApplication@38afd9ba
----------------- Done invoking toplevel() on ptolemy.moml.MoMLSimpleApplication@38afd9ba
reloadAllAccessors: .ClockDrift

===========================================================================================
----------------- testing Fri Jul 24 20:30:51 UTC 2020 /home/travis/build/icyphy/ptII/ptolemy/domains/de/test/auto/ClockDriftAndValueChange.xml
----------------- Instantiating /home/travis/build/icyphy/ptII/ptolemy/domains/de/test/auto/ClockDriftAndValueChange.xml
10 ms. Memory: 51200K Free: 11679K (23%)
----------------- Invoking toplevel() on ptolemy.moml.MoMLSimpleApplication@7bc02e11
----------------- Done invoking toplevel() on ptolemy.moml.MoMLSimpleApplication@7bc02e11
reloadAllAccessors: .ClockDriftAndValueChange

===========================================================================================
----------------- testing Fri Jul 24 20:30:51 UTC 2020 /home/travis/build/icyphy/ptII/ptolemy/domains/de/test/auto/ClockDriftChange.xml
----------------- Instantiating /home/travis/build/icyphy/ptII/ptolemy/domains/de/test/auto/ClockDriftChange.xml
9 ms. Memory: 51200K Free: 29534K (58%)
----------------- Invoking toplevel() on ptolemy.moml.MoMLSimpleApplication@18988d81
----------------- Done invoking toplevel() on ptolemy.moml.MoMLSimpleApplication@18988d81
reloadAllAccessors: .ClockDriftChange

===========================================================================================
----------------- testing Fri Jul 24 20:30:51 UTC 2020 /home/travis/build/icyphy/ptII/ptolemy/domains/de/test/auto/ComposableCausalityAnalysis.xml
----------------- Instantiating /home/travis/build/icyphy/ptII/ptolemy/domains/de/test/auto/ComposableCausalityAnalysis.xml
2 ms. Memory: 51200K Free: 23710K (46%)
----------------- Invoking toplevel() on ptolemy.moml.MoMLSimpleApplication@7c6a6789
----------------- Done invoking toplevel() on ptolemy.moml.MoMLSimpleApplication@7c6a6789
reloadAllAccessors: .ComposableCausalityAnalysis

===========================================================================================
----------------- testing Fri Jul 24 20:30:51 UTC 2020 /home/travis/build/icyphy/ptII/ptolemy/domains/de/test/auto/DEFixedPointLimitation.xml
----------------- Instantiating /home/travis/build/icyphy/ptII/ptolemy/domains/de/test/auto/DEFixedPointLimitation.xml
1 ms. Memory: 51200K Free: 19023K (37%)
----------------- Invoking toplevel() on ptolemy.moml.MoMLSimpleApplication@15218285
----------------- Done invoking toplevel() on ptolemy.moml.MoMLSimpleApplication@15218285
reloadAllAccessors: .DEFixedPointLimitation

===========================================================================================
----------------- testing Fri Jul 24 20:30:51 UTC 2020 /home/travis/build/icyphy/ptII/ptolemy/domains/de/test/auto/DEScheduleTest.xml
----------------- Instantiating /home/travis/build/icyphy/ptII/ptolemy/domains/de/test/auto/DEScheduleTest.xml
2 ms. Memory: 51200K Free: 14895K (29%)
----------------- Invoking toplevel() on ptolemy.moml.MoMLSimpleApplication@21a19832
----------------- Done invoking toplevel() on ptolemy.moml.MoMLSimpleApplication@21a19832
reloadAllAccessors: .DEScheduleTest

===========================================================================================
----------------- testing Fri Jul 24 20:30:51 UTC 2020 /home/travis/build/icyphy/ptII/ptolemy/domains/de/test/auto/DEinDEwithStartTimes.xml
----------------- Instantiating /home/travis/build/icyphy/ptII/ptolemy/domains/de/test/auto/DEinDEwithStartTimes.xml
1 ms. Memory: 51200K Free: 9351K (18%)
----------------- Invoking toplevel() on ptolemy.moml.MoMLSimpleApplication@7e37c072
----------------- Done invoking toplevel() on ptolemy.moml.MoMLSimpleApplication@7e37c072
reloadAllAccessors: .DEinDEwithStartTimes

===========================================================================================
----------------- testing Fri Jul 24 20:30:51 UTC 2020 /home/travis/build/icyphy/ptII/ptolemy/domains/de/test/auto/DEinDEwithStartTimes2.xml
----------------- Instantiating /home/travis/build/icyphy/ptII/ptolemy/domains/de/test/auto/DEinDEwithStartTimes2.xml
2 ms. Memory: 51200K Free: 30416K (59%)
----------------- Invoking toplevel() on ptolemy.moml.MoMLSimpleApplication@74e426b2
----------------- Done invoking toplevel() on ptolemy.moml.MoMLSimpleApplication@74e426b2
reloadAllAccessors: .DEinDEwithStartTimes2

===========================================================================================
----------------- testing Fri Jul 24 20:30:52 UTC 2020 /home/travis/build/icyphy/ptII/ptolemy/domains/de/test/auto/DateDemo.xml
----------------- Instantiating /home/travis/build/icyphy/ptII/ptolemy/domains/de/test/auto/DateDemo.xml
12 ms. Memory: 51200K Free: 19416K (38%)
----------------- Invoking toplevel() on ptolemy.moml.MoMLSimpleApplication@16044683
----------------- Done invoking toplevel() on ptolemy.moml.MoMLSimpleApplication@16044683
reloadAllAccessors: .DateDemo

===========================================================================================
----------------- testing Fri Jul 24 20:30:52 UTC 2020 /home/travis/build/icyphy/ptII/ptolemy/domains/de/test/auto/DateToEvent.xml
----------------- Instantiating /home/travis/build/icyphy/ptII/ptolemy/domains/de/test/auto/DateToEvent.xml
2004 ms. Memory: 51200K Free: 30329K (59%)
----------------- Invoking toplevel() on ptolemy.moml.MoMLSimpleApplication@11b999d3
----------------- Done invoking toplevel() on ptolemy.moml.MoMLSimpleApplication@11b999d3
reloadAllAccessors: .DateToEvent

===========================================================================================
----------------- testing Fri Jul 24 20:30:54 UTC 2020 /home/travis/build/icyphy/ptII/ptolemy/domains/de/test/auto/DepthTest1.xml
----------------- Instantiating /home/travis/build/icyphy/ptII/ptolemy/domains/de/test/auto/DepthTest1.xml
1 ms. Memory: 51200K Free: 27403K (54%)
----------------- Invoking toplevel() on ptolemy.moml.MoMLSimpleApplication@568d90bc
----------------- Done invoking toplevel() on ptolemy.moml.MoMLSimpleApplication@568d90bc
reloadAllAccessors: .DepthTest1

===========================================================================================
----------------- testing Fri Jul 24 20:30:54 UTC 2020 /home/travis/build/icyphy/ptII/ptolemy/domains/de/test/auto/DepthTest2.xml
----------------- Instantiating /home/travis/build/icyphy/ptII/ptolemy/domains/de/test/auto/DepthTest2.xml
2 ms. Memory: 51200K Free: 20936K (41%)
----------------- Invoking toplevel() on ptolemy.moml.MoMLSimpleApplication@bfdd00d
----------------- Done invoking toplevel() on ptolemy.moml.MoMLSimpleApplication@bfdd00d
reloadAllAccessors: .DepthTest2

===========================================================================================
----------------- testing Fri Jul 24 20:30:54 UTC 2020 /home/travis/build/icyphy/ptII/ptolemy/domains/de/test/auto/DepthTest3.xml
----------------- Instantiating /home/travis/build/icyphy/ptII/ptolemy/domains/de/test/auto/DepthTest3.xml
1 ms. Memory: 51200K Free: 17863K (35%)
----------------- Invoking toplevel() on ptolemy.moml.MoMLSimpleApplication@74ce8a93
----------------- Done invoking toplevel() on ptolemy.moml.MoMLSimpleApplication@74ce8a93
reloadAllAccessors: .DepthTest3

===========================================================================================
----------------- testing Fri Jul 24 20:30:54 UTC 2020 /home/travis/build/icyphy/ptII/ptolemy/domains/de/test/auto/DepthTest4.xml
----------------- Instantiating /home/travis/build/icyphy/ptII/ptolemy/domains/de/test/auto/DepthTest4.xml
1 ms. Memory: 51200K Free: 13091K (26%)
----------------- Invoking toplevel() on ptolemy.moml.MoMLSimpleApplication@3b91f680
----------------- Done invoking toplevel() on ptolemy.moml.MoMLSimpleApplication@3b91f680
reloadAllAccessors: .DepthTest4

===========================================================================================
----------------- testing Fri Jul 24 20:30:54 UTC 2020 /home/travis/build/icyphy/ptII/ptolemy/domains/de/test/auto/DepthTest5.xml
----------------- Instantiating /home/travis/build/icyphy/ptII/ptolemy/domains/de/test/auto/DepthTest5.xml
6 ms. Memory: 51200K Free: 34794K (68%)
----------------- Invoking toplevel() on ptolemy.moml.MoMLSimpleApplication@6347cfe5
----------------- Done invoking toplevel() on ptolemy.moml.MoMLSimpleApplication@6347cfe5
reloadAllAccessors: .DepthTest5

===========================================================================================
----------------- testing Fri Jul 24 20:30:54 UTC 2020 /home/travis/build/icyphy/ptII/ptolemy/domains/de/test/auto/DepthTest6.xml
----------------- Instantiating /home/travis/build/icyphy/ptII/ptolemy/domains/de/test/auto/DepthTest6.xml
2 ms. Memory: 51200K Free: 29504K (58%)
----------------- Invoking toplevel() on ptolemy.moml.MoMLSimpleApplication@1d4bfc6d
----------------- Done invoking toplevel() on ptolemy.moml.MoMLSimpleApplication@1d4bfc6d
reloadAllAccessors: .DepthTest6

===========================================================================================
----------------- testing Fri Jul 24 20:30:54 UTC 2020 /home/travis/build/icyphy/ptII/ptolemy/domains/de/test/auto/DepthTest7.xml
----------------- Instantiating /home/travis/build/icyphy/ptII/ptolemy/domains/de/test/auto/DepthTest7.xml
2 ms. Memory: 51200K Free: 24701K (48%)
----------------- Invoking toplevel() on ptolemy.moml.MoMLSimpleApplication@472d0221
----------------- Done invoking toplevel() on ptolemy.moml.MoMLSimpleApplication@472d0221
reloadAllAccessors: .DepthTest7

===========================================================================================
----------------- testing Fri Jul 24 20:30:54 UTC 2020 /home/travis/build/icyphy/ptII/ptolemy/domains/de/test/auto/EventToDate.xml
----------------- Instantiating /home/travis/build/icyphy/ptII/ptolemy/domains/de/test/auto/EventToDate.xml
3010 ms. Memory: 51200K Free: 11284K (22%)
----------------- Invoking toplevel() on ptolemy.moml.MoMLSimpleApplication@61d62100
----------------- Done invoking toplevel() on ptolemy.moml.MoMLSimpleApplication@61d62100
reloadAllAccessors: .EventToDate

===========================================================================================
----------------- testing Fri Jul 24 20:30:57 UTC 2020 /home/travis/build/icyphy/ptII/ptolemy/domains/de/test/auto/FSM1.xml
----------------- Instantiating /home/travis/build/icyphy/ptII/ptolemy/domains/de/test/auto/FSM1.xml
25 ms. Memory: 51200K Free: 25823K (50%)
----------------- Invoking toplevel() on ptolemy.moml.MoMLSimpleApplication@3adf9f02
----------------- Done invoking toplevel() on ptolemy.moml.MoMLSimpleApplication@3adf9f02
reloadAllAccessors: .FSM1

===========================================================================================
----------------- testing Fri Jul 24 20:30:57 UTC 2020 /home/travis/build/icyphy/ptII/ptolemy/domains/de/test/auto/FSM7.xml
----------------- Instantiating /home/travis/build/icyphy/ptII/ptolemy/domains/de/test/auto/FSM7.xml
12 ms. Memory: 51200K Free: 13543K (26%)
----------------- Invoking toplevel() on ptolemy.moml.MoMLSimpleApplication@4a6580e8
----------------- Done invoking toplevel() on ptolemy.moml.MoMLSimpleApplication@4a6580e8
reloadAllAccessors: .FSM7

===========================================================================================
----------------- testing Fri Jul 24 20:30:57 UTC 2020 /home/travis/build/icyphy/ptII/ptolemy/domains/de/test/auto/Inspection.xml
----------------- Instantiating /home/travis/build/icyphy/ptII/ptolemy/domains/de/test/auto/Inspection.xml
15 ms. Memory: 51200K Free: 27826K (54%)
----------------- Invoking toplevel() on ptolemy.moml.MoMLSimpleApplication@6b9cd5fe
----------------- Done invoking toplevel() on ptolemy.moml.MoMLSimpleApplication@6b9cd5fe
reloadAllAccessors: .Inspection

===========================================================================================
----------------- testing Fri Jul 24 20:30:57 UTC 2020 /home/travis/build/icyphy/ptII/ptolemy/domains/de/test/auto/Iteration.xml
----------------- Instantiating /home/travis/build/icyphy/ptII/ptolemy/domains/de/test/auto/Iteration.xml
7 ms. Memory: 51200K Free: 21064K (41%)
----------------- Invoking toplevel() on ptolemy.moml.MoMLSimpleApplication@d497a6e
----------------- Done invoking toplevel() on ptolemy.moml.MoMLSimpleApplication@d497a6e
reloadAllAccessors: .Iteration

===========================================================================================
----------------- testing Fri Jul 24 20:30:57 UTC 2020 /home/travis/build/icyphy/ptII/ptolemy/domains/de/test/auto/LineFault.xml
----------------- Instantiating /home/travis/build/icyphy/ptII/ptolemy/domains/de/test/auto/LineFault.xml
412 ms. Memory: 51200K Free: 11222K (22%)
----------------- Invoking toplevel() on ptolemy.moml.MoMLSimpleApplication@7031c903
----------------- Done invoking toplevel() on ptolemy.moml.MoMLSimpleApplication@7031c903
reloadAllAccessors: .LineFault

===========================================================================================
----------------- testing Fri Jul 24 20:30:57 UTC 2020 /home/travis/build/icyphy/ptII/ptolemy/domains/de/test/auto/MergeModel1Add.xml
----------------- Instantiating /home/travis/build/icyphy/ptII/ptolemy/domains/de/test/auto/MergeModel1Add.xml
9 ms. Memory: 51200K Free: 17805K (35%)
----------------- Invoking toplevel() on ptolemy.moml.MoMLSimpleApplication@22dea843
----------------- Done invoking toplevel() on ptolemy.moml.MoMLSimpleApplication@22dea843
reloadAllAccessors: .MergeModel1Add

===========================================================================================
----------------- testing Fri Jul 24 20:30:57 UTC 2020 /home/travis/build/icyphy/ptII/ptolemy/domains/de/test/auto/MergeModel2Add.xml
----------------- Instantiating /home/travis/build/icyphy/ptII/ptolemy/domains/de/test/auto/MergeModel2Add.xml
6 ms. Memory: 51200K Free: 24572K (48%)
----------------- Invoking toplevel() on ptolemy.moml.MoMLSimpleApplication@387085ca
----------------- Done invoking toplevel() on ptolemy.moml.MoMLSimpleApplication@387085ca
reloadAllAccessors: .MergeModel2Add

===========================================================================================
----------------- testing Fri Jul 24 20:30:58 UTC 2020 /home/travis/build/icyphy/ptII/ptolemy/domains/de/test/auto/MergeModel3Add.xml
----------------- Instantiating /home/travis/build/icyphy/ptII/ptolemy/domains/de/test/auto/MergeModel3Add.xml
5 ms. Memory: 51200K Free: 31761K (62%)
----------------- Invoking toplevel() on ptolemy.moml.MoMLSimpleApplication@685d6b59
----------------- Done invoking toplevel() on ptolemy.moml.MoMLSimpleApplication@685d6b59
reloadAllAccessors: .MergeModel3Add

===========================================================================================
----------------- testing Fri Jul 24 20:30:58 UTC 2020 /home/travis/build/icyphy/ptII/ptolemy/domains/de/test/auto/MergeWithoutDiscard.xml
----------------- Instantiating /home/travis/build/icyphy/ptII/ptolemy/domains/de/test/auto/MergeWithoutDiscard.xml
1 ms. Memory: 51200K Free: 27635K (54%)
----------------- Invoking toplevel() on ptolemy.moml.MoMLSimpleApplication@656bc140
----------------- Done invoking toplevel() on ptolemy.moml.MoMLSimpleApplication@656bc140
reloadAllAccessors: .MergeWithoutDiscard

===========================================================================================
----------------- testing Fri Jul 24 20:30:58 UTC 2020 /home/travis/build/icyphy/ptII/ptolemy/domains/de/test/auto/Modal1.xml
----------------- Instantiating /home/travis/build/icyphy/ptII/ptolemy/domains/de/test/auto/Modal1.xml
8 ms. Memory: 51200K Free: 15625K (31%)
----------------- Invoking toplevel() on ptolemy.moml.MoMLSimpleApplication@5ae3d217
----------------- Done invoking toplevel() on ptolemy.moml.MoMLSimpleApplication@5ae3d217
reloadAllAccessors: .Modal1

===========================================================================================
----------------- testing Fri Jul 24 20:30:58 UTC 2020 /home/travis/build/icyphy/ptII/ptolemy/domains/de/test/auto/Modal2.xml
----------------- Instantiating /home/travis/build/icyphy/ptII/ptolemy/domains/de/test/auto/Modal2.xml
11 ms. Memory: 51200K Free: 28300K (55%)
----------------- Invoking toplevel() on ptolemy.moml.MoMLSimpleApplication@312c6e52
----------------- Done invoking toplevel() on ptolemy.moml.MoMLSimpleApplication@312c6e52
reloadAllAccessors: .Modal2

===========================================================================================
----------------- testing Fri Jul 24 20:30:58 UTC 2020 /home/travis/build/icyphy/ptII/ptolemy/domains/de/test/auto/Modal3.xml
----------------- Instantiating /home/travis/build/icyphy/ptII/ptolemy/domains/de/test/auto/Modal3.xml
7 ms. Memory: 51200K Free: 16026K (31%)
----------------- Invoking toplevel() on ptolemy.moml.MoMLSimpleApplication@6622c656
----------------- Done invoking toplevel() on ptolemy.moml.MoMLSimpleApplication@6622c656
reloadAllAccessors: .Modal3

===========================================================================================
----------------- testing Fri Jul 24 20:30:58 UTC 2020 /home/travis/build/icyphy/ptII/ptolemy/domains/de/test/auto/Modal4.xml
----------------- Instantiating /home/travis/build/icyphy/ptII/ptolemy/domains/de/test/auto/Modal4.xml
9 ms. Memory: 51200K Free: 27835K (54%)
----------------- Invoking toplevel() on ptolemy.moml.MoMLSimpleApplication@60506d6b
----------------- Done invoking toplevel() on ptolemy.moml.MoMLSimpleApplication@60506d6b
reloadAllAccessors: .Modal4

===========================================================================================
----------------- testing Fri Jul 24 20:30:58 UTC 2020 /home/travis/build/icyphy/ptII/ptolemy/domains/de/test/auto/Modal5.xml
----------------- Instantiating /home/travis/build/icyphy/ptII/ptolemy/domains/de/test/auto/Modal5.xml
9 ms. Memory: 51200K Free: 14771K (29%)
----------------- Invoking toplevel() on ptolemy.moml.MoMLSimpleApplication@2f4b58dd
----------------- Done invoking toplevel() on ptolemy.moml.MoMLSimpleApplication@2f4b58dd
reloadAllAccessors: .Modal5

===========================================================================================
----------------- testing Fri Jul 24 20:30:58 UTC 2020 /home/travis/build/icyphy/ptII/ptolemy/domains/de/test/auto/Modal6.xml
----------------- Instantiating /home/travis/build/icyphy/ptII/ptolemy/domains/de/test/auto/Modal6.xml
8 ms. Memory: 51200K Free: 27282K (53%)
----------------- Invoking toplevel() on ptolemy.moml.MoMLSimpleApplication@2e916f16
----------------- Done invoking toplevel() on ptolemy.moml.MoMLSimpleApplication@2e916f16
reloadAllAccessors: .Modal6

===========================================================================================
----------------- testing Fri Jul 24 20:30:58 UTC 2020 /home/travis/build/icyphy/ptII/ptolemy/domains/de/test/auto/Modal7.xml
----------------- Instantiating /home/travis/build/icyphy/ptII/ptolemy/domains/de/test/auto/Modal7.xml
7 ms. Memory: 51200K Free: 14224K (28%)
----------------- Invoking toplevel() on ptolemy.moml.MoMLSimpleApplication@a8bf9b0
----------------- Done invoking toplevel() on ptolemy.moml.MoMLSimpleApplication@a8bf9b0
reloadAllAccessors: .Modal7

===========================================================================================
----------------- testing Fri Jul 24 20:30:58 UTC 2020 /home/travis/build/icyphy/ptII/ptolemy/domains/de/test/auto/ModalModel.xml
----------------- Instantiating /home/travis/build/icyphy/ptII/ptolemy/domains/de/test/auto/ModalModel.xml
135 ms. Memory: 61440K Free: 30254K (49%)
----------------- Invoking toplevel() on ptolemy.moml.MoMLSimpleApplication@7ace1b7
----------------- Done invoking toplevel() on ptolemy.moml.MoMLSimpleApplication@7ace1b7
reloadAllAccessors: .ModalModel

===========================================================================================
----------------- testing Fri Jul 24 20:30:58 UTC 2020 /home/travis/build/icyphy/ptII/ptolemy/domains/de/test/auto/ModalSource.xml
----------------- Instantiating /home/travis/build/icyphy/ptII/ptolemy/domains/de/test/auto/ModalSource.xml
4 ms. Memory: 61440K Free: 21845K (36%)
----------------- Invoking toplevel() on ptolemy.moml.MoMLSimpleApplication@4ccf86a
----------------- Done invoking toplevel() on ptolemy.moml.MoMLSimpleApplication@4ccf86a
reloadAllAccessors: .ModalSource

===========================================================================================
----------------- testing Fri Jul 24 20:30:58 UTC 2020 /home/travis/build/icyphy/ptII/ptolemy/domains/de/test/auto/NonInterruptibleTimerZeroDelay.xml
----------------- Instantiating /home/travis/build/icyphy/ptII/ptolemy/domains/de/test/auto/NonInterruptibleTimerZeroDelay.xml
2 ms. Memory: 61440K Free: 18378K (30%)
----------------- Invoking toplevel() on ptolemy.moml.MoMLSimpleApplication@6748d38
----------------- Done invoking toplevel() on ptolemy.moml.MoMLSimpleApplication@6748d38
reloadAllAccessors: .NonInterruptibleTimerZeroDelay

===========================================================================================
----------------- testing Fri Jul 24 20:30:58 UTC 2020 /home/travis/build/icyphy/ptII/ptolemy/domains/de/test/auto/OpenQueueingNetwork.xml
----------------- Instantiating /home/travis/build/icyphy/ptII/ptolemy/domains/de/test/auto/OpenQueueingNetwork.xml
2261 ms. Memory: 141312K Free: 99502K (70%)
----------------- Invoking toplevel() on ptolemy.moml.MoMLSimpleApplication@2b466e27
----------------- Done invoking toplevel() on ptolemy.moml.MoMLSimpleApplication@2b466e27
reloadAllAccessors: .OpenQueueingNetwork

===========================================================================================
----------------- testing Fri Jul 24 20:31:00 UTC 2020 /home/travis/build/icyphy/ptII/ptolemy/domains/de/test/auto/OpenQueuingNetwork.xml
----------------- Instantiating /home/travis/build/icyphy/ptII/ptolemy/domains/de/test/auto/OpenQueuingNetwork.xml
230 ms. Memory: 179200K Free: 137261K (77%)
----------------- Invoking toplevel() on ptolemy.moml.MoMLSimpleApplication@5e5b03fd
----------------- Done invoking toplevel() on ptolemy.moml.MoMLSimpleApplication@5e5b03fd
reloadAllAccessors: .OpenQueuingNetwork

===========================================================================================
----------------- testing Fri Jul 24 20:31:01 UTC 2020 /home/travis/build/icyphy/ptII/ptolemy/domains/de/test/auto/PeriodicSampler.xml
----------------- Instantiating /home/travis/build/icyphy/ptII/ptolemy/domains/de/test/auto/PeriodicSampler.xml
4 ms. Memory: 179200K Free: 132651K (74%)
----------------- Invoking toplevel() on ptolemy.moml.MoMLSimpleApplication@35646ccc
----------------- Done invoking toplevel() on ptolemy.moml.MoMLSimpleApplication@35646ccc
reloadAllAccessors: .PeriodicSampler

===========================================================================================
----------------- testing Fri Jul 24 20:31:01 UTC 2020 /home/travis/build/icyphy/ptII/ptolemy/domains/de/test/auto/PersistentIO.xml
----------------- Instantiating /home/travis/build/icyphy/ptII/ptolemy/domains/de/test/auto/PersistentIO.xml
5 ms. Memory: 179200K Free: 122925K (69%)
----------------- Invoking toplevel() on ptolemy.moml.MoMLSimpleApplication@d047a9b
----------------- Done invoking toplevel() on ptolemy.moml.MoMLSimpleApplication@d047a9b
reloadAllAccessors: .PersistentIO

===========================================================================================
----------------- testing Fri Jul 24 20:31:01 UTC 2020 /home/travis/build/icyphy/ptII/ptolemy/domains/de/test/auto/PortParameterResetOnInitialize.xml
----------------- Instantiating /home/travis/build/icyphy/ptII/ptolemy/domains/de/test/auto/PortParameterResetOnInitialize.xml
2 ms. Memory: 179200K Free: 118309K (66%)
----------------- Invoking toplevel() on ptolemy.moml.MoMLSimpleApplication@2472c5fb
----------------- Done invoking toplevel() on ptolemy.moml.MoMLSimpleApplication@2472c5fb
reloadAllAccessors: .PortParameterResetOnInitialize

===========================================================================================
----------------- testing Fri Jul 24 20:31:01 UTC 2020 /home/travis/build/icyphy/ptII/ptolemy/domains/de/test/auto/PortParameterUpdates.xml
----------------- Instantiating /home/travis/build/icyphy/ptII/ptolemy/domains/de/test/auto/PortParameterUpdates.xml
3 ms. Memory: 179200K Free: 112157K (63%)
----------------- Invoking toplevel() on ptolemy.moml.MoMLSimpleApplication@50ff9a69
----------------- Done invoking toplevel() on ptolemy.moml.MoMLSimpleApplication@50ff9a69
reloadAllAccessors: .PortParameterUpdates

===========================================================================================
----------------- testing Fri Jul 24 20:31:01 UTC 2020 /home/travis/build/icyphy/ptII/ptolemy/domains/de/test/auto/QueueAndServer.xml
----------------- Instantiating /home/travis/build/icyphy/ptII/ptolemy/domains/de/test/auto/QueueAndServer.xml
5 ms. Memory: 179200K Free: 104493K (58%)
----------------- Invoking toplevel() on ptolemy.moml.MoMLSimpleApplication@517104fd
----------------- Done invoking toplevel() on ptolemy.moml.MoMLSimpleApplication@517104fd
reloadAllAccessors: .QueueAndServer

===========================================================================================
----------------- testing Fri Jul 24 20:31:01 UTC 2020 /home/travis/build/icyphy/ptII/ptolemy/domains/de/test/auto/Records.xml
----------------- Instantiating /home/travis/build/icyphy/ptII/ptolemy/domains/de/test/auto/Records.xml
3 ms. Memory: 179200K Free: 98859K (55%)
----------------- Invoking toplevel() on ptolemy.moml.MoMLSimpleApplication@43c0adc7
----------------- Done invoking toplevel() on ptolemy.moml.MoMLSimpleApplication@43c0adc7
reloadAllAccessors: .Records

===========================================================================================
----------------- testing Fri Jul 24 20:31:01 UTC 2020 /home/travis/build/icyphy/ptII/ptolemy/domains/de/test/auto/ResetTransitionWithStartTime1.xml
----------------- Instantiating /home/travis/build/icyphy/ptII/ptolemy/domains/de/test/auto/ResetTransitionWithStartTime1.xml
4 ms. Memory: 179200K Free: 90637K (51%)
----------------- Invoking toplevel() on ptolemy.moml.MoMLSimpleApplication@1cf61769
----------------- Done invoking toplevel() on ptolemy.moml.MoMLSimpleApplication@1cf61769
reloadAllAccessors: .ResetTransitionWithStartTime1

===========================================================================================
----------------- testing Fri Jul 24 20:31:01 UTC 2020 /home/travis/build/icyphy/ptII/ptolemy/domains/de/test/auto/ResetTransitionWithStartTime2.xml
----------------- Instantiating /home/travis/build/icyphy/ptII/ptolemy/domains/de/test/auto/ResetTransitionWithStartTime2.xml
3 ms. Memory: 179200K Free: 82445K (46%)
----------------- Invoking toplevel() on ptolemy.moml.MoMLSimpleApplication@111eab9f
----------------- Done invoking toplevel() on ptolemy.moml.MoMLSimpleApplication@111eab9f
reloadAllAccessors: .ResetTransitionWithStartTime2

===========================================================================================
----------------- testing Fri Jul 24 20:31:01 UTC 2020 /home/travis/build/icyphy/ptII/ptolemy/domains/de/test/auto/ResetTransitionWithStartTime3.xml
----------------- Instantiating /home/travis/build/icyphy/ptII/ptolemy/domains/de/test/auto/ResetTransitionWithStartTime3.xml
4 ms. Memory: 179200K Free: 74283K (41%)
----------------- Invoking toplevel() on ptolemy.moml.MoMLSimpleApplication@5a59dd30
----------------- Done invoking toplevel() on ptolemy.moml.MoMLSimpleApplication@5a59dd30
reloadAllAccessors: .ResetTransitionWithStartTime3

===========================================================================================
----------------- testing Fri Jul 24 20:31:01 UTC 2020 /home/travis/build/icyphy/ptII/ptolemy/domains/de/test/auto/ResetTransitionWithStartTime4.xml
----------------- Instantiating /home/travis/build/icyphy/ptII/ptolemy/domains/de/test/auto/ResetTransitionWithStartTime4.xml
8 ms. Memory: 179200K Free: 162412K (91%)
----------------- Invoking toplevel() on ptolemy.moml.MoMLSimpleApplication@3182e28c
----------------- Done invoking toplevel() on ptolemy.moml.MoMLSimpleApplication@3182e28c
reloadAllAccessors: .ResetTransitionWithStartTime4

===========================================================================================
----------------- testing Fri Jul 24 20:31:01 UTC 2020 /home/travis/build/icyphy/ptII/ptolemy/domains/de/test/auto/ResettableTimer1.xml
----------------- Instantiating /home/travis/build/icyphy/ptII/ptolemy/domains/de/test/auto/ResettableTimer1.xml
2 ms. Memory: 179200K Free: 158189K (88%)
----------------- Invoking toplevel() on ptolemy.moml.MoMLSimpleApplication@3167838f
----------------- Done invoking toplevel() on ptolemy.moml.MoMLSimpleApplication@3167838f
reloadAllAccessors: .ResettableTimer1

===========================================================================================
----------------- testing Fri Jul 24 20:31:01 UTC 2020 /home/travis/build/icyphy/ptII/ptolemy/domains/de/test/auto/ResettableTimer2.xml
----------------- Instantiating /home/travis/build/icyphy/ptII/ptolemy/domains/de/test/auto/ResettableTimer2.xml
3 ms. Memory: 179200K Free: 154093K (86%)
----------------- Invoking toplevel() on ptolemy.moml.MoMLSimpleApplication@12938fc4
----------------- Done invoking toplevel() on ptolemy.moml.MoMLSimpleApplication@12938fc4
reloadAllAccessors: .ResettableTimer2

===========================================================================================
----------------- testing Fri Jul 24 20:31:01 UTC 2020 /home/travis/build/icyphy/ptII/ptolemy/domains/de/test/auto/ResettableTimer3.xml
----------------- Instantiating /home/travis/build/icyphy/ptII/ptolemy/domains/de/test/auto/ResettableTimer3.xml
1 ms. Memory: 179200K Free: 149997K (84%)
----------------- Invoking toplevel() on ptolemy.moml.MoMLSimpleApplication@cfa8fe
----------------- Done invoking toplevel() on ptolemy.moml.MoMLSimpleApplication@cfa8fe
reloadAllAccessors: .ResettableTimer3

===========================================================================================
----------------- testing Fri Jul 24 20:31:01 UTC 2020 /home/travis/build/icyphy/ptII/ptolemy/domains/de/test/auto/ResettableTimer4.xml
----------------- Instantiating /home/travis/build/icyphy/ptII/ptolemy/domains/de/test/auto/ResettableTimer4.xml
1 ms. Memory: 179200K Free: 145901K (81%)
----------------- Invoking toplevel() on ptolemy.moml.MoMLSimpleApplication@7a006fdf
----------------- Done invoking toplevel() on ptolemy.moml.MoMLSimpleApplication@7a006fdf
reloadAllAccessors: .ResettableTimer4

===========================================================================================
----------------- testing Fri Jul 24 20:31:01 UTC 2020 /home/travis/build/icyphy/ptII/ptolemy/domains/de/test/auto/ResettableTimer5.xml
----------------- Instantiating /home/travis/build/icyphy/ptII/ptolemy/domains/de/test/auto/ResettableTimer5.xml
1 ms. Memory: 179200K Free: 141805K (79%)
----------------- Invoking toplevel() on ptolemy.moml.MoMLSimpleApplication@6d4449ad
----------------- Done invoking toplevel() on ptolemy.moml.MoMLSimpleApplication@6d4449ad
reloadAllAccessors: .ResettableTimer5

===========================================================================================
----------------- testing Fri Jul 24 20:31:01 UTC 2020 /home/travis/build/icyphy/ptII/ptolemy/domains/de/test/auto/ResettableTimer6.xml
----------------- Instantiating /home/travis/build/icyphy/ptII/ptolemy/domains/de/test/auto/ResettableTimer6.xml
6 ms. Memory: 179200K Free: 137193K (77%)
----------------- Invoking toplevel() on ptolemy.moml.MoMLSimpleApplication@69161953
----------------- Done invoking toplevel() on ptolemy.moml.MoMLSimpleApplication@69161953
reloadAllAccessors: .ResettableTimer6

===========================================================================================
----------------- testing Fri Jul 24 20:31:01 UTC 2020 /home/travis/build/icyphy/ptII/ptolemy/domains/de/test/auto/ServerZeroDelay.xml
----------------- Instantiating /home/travis/build/icyphy/ptII/ptolemy/domains/de/test/auto/ServerZeroDelay.xml
2 ms. Memory: 179200K Free: 133085K (74%)
----------------- Invoking toplevel() on ptolemy.moml.MoMLSimpleApplication@5efc5de7
----------------- Done invoking toplevel() on ptolemy.moml.MoMLSimpleApplication@5efc5de7
reloadAllAccessors: .ServerZeroDelay

===========================================================================================
----------------- testing Fri Jul 24 20:31:01 UTC 2020 /home/travis/build/icyphy/ptII/ptolemy/domains/de/test/auto/SmartSender.xml
----------------- Instantiating /home/travis/build/icyphy/ptII/ptolemy/domains/de/test/auto/SmartSender.xml
3002 ms. Memory: 179200K Free: 129003K (72%)
----------------- Invoking toplevel() on ptolemy.moml.MoMLSimpleApplication@10b1def2
----------------- Done invoking toplevel() on ptolemy.moml.MoMLSimpleApplication@10b1def2
reloadAllAccessors: .SmartSender

===========================================================================================
----------------- testing Fri Jul 24 20:31:04 UTC 2020 /home/travis/build/icyphy/ptII/ptolemy/domains/de/test/auto/ThreadedComposite.xml
----------------- Instantiating /home/travis/build/icyphy/ptII/ptolemy/domains/de/test/auto/ThreadedComposite.xml
88 ms. Memory: 179200K Free: 109547K (61%)
----------------- Invoking toplevel() on ptolemy.moml.MoMLSimpleApplication@7e007f53
----------------- Done invoking toplevel() on ptolemy.moml.MoMLSimpleApplication@7e007f53
reloadAllAccessors: .ThreadedComposite

===========================================================================================
----------------- testing Fri Jul 24 20:31:04 UTC 2020 /home/travis/build/icyphy/ptII/ptolemy/domains/de/test/auto/Time.xml
----------------- Instantiating /home/travis/build/icyphy/ptII/ptolemy/domains/de/test/auto/Time.xml
352 ms. Memory: 179200K Free: 157681K (88%)
----------------- Invoking toplevel() on ptolemy.moml.MoMLSimpleApplication@3e3afc
----------------- Done invoking toplevel() on ptolemy.moml.MoMLSimpleApplication@3e3afc
reloadAllAccessors: .Time

===========================================================================================
----------------- testing Fri Jul 24 20:31:04 UTC 2020 /home/travis/build/icyphy/ptII/ptolemy/domains/de/test/auto/TimeDelayZeroDelay.xml
----------------- Instantiating /home/travis/build/icyphy/ptII/ptolemy/domains/de/test/auto/TimeDelayZeroDelay.xml
3 ms. Memory: 179200K Free: 153075K (85%)
----------------- Invoking toplevel() on ptolemy.moml.MoMLSimpleApplication@5dac6dae
----------------- Done invoking toplevel() on ptolemy.moml.MoMLSimpleApplication@5dac6dae
reloadAllAccessors: .TimeDelayZeroDelay

===========================================================================================
----------------- testing Fri Jul 24 20:31:04 UTC 2020 /home/travis/build/icyphy/ptII/ptolemy/domains/de/test/auto/TimerZeroDelay.xml
----------------- Instantiating /home/travis/build/icyphy/ptII/ptolemy/domains/de/test/auto/TimerZeroDelay.xml
1 ms. Memory: 179200K Free: 148979K (83%)
----------------- Invoking toplevel() on ptolemy.moml.MoMLSimpleApplication@5eb578c0
----------------- Done invoking toplevel() on ptolemy.moml.MoMLSimpleApplication@5eb578c0
reloadAllAccessors: .TimerZeroDelay

===========================================================================================
----------------- testing Fri Jul 24 20:31:04 UTC 2020 /home/travis/build/icyphy/ptII/ptolemy/domains/de/test/auto/TimingParadox.xml
----------------- Instantiating /home/travis/build/icyphy/ptII/ptolemy/domains/de/test/auto/TimingParadox.xml
239 ms. Memory: 179200K Free: 81395K (45%)
----------------- Invoking toplevel() on ptolemy.moml.MoMLSimpleApplication@3f8284af
----------------- Done invoking toplevel() on ptolemy.moml.MoMLSimpleApplication@3f8284af
reloadAllAccessors: .TimingParadox

===========================================================================================
----------------- testing Fri Jul 24 20:31:05 UTC 2020 /home/travis/build/icyphy/ptII/ptolemy/domains/de/test/auto/TransferInputs.xml
----------------- Instantiating /home/travis/build/icyphy/ptII/ptolemy/domains/de/test/auto/TransferInputs.xml
1 ms. Memory: 179200K Free: 76771K (43%)
----------------- Invoking toplevel() on ptolemy.moml.MoMLSimpleApplication@6992795f
----------------- Done invoking toplevel() on ptolemy.moml.MoMLSimpleApplication@6992795f
reloadAllAccessors: .TransferInputs

===========================================================================================
----------------- testing Fri Jul 24 20:31:05 UTC 2020 /home/travis/build/icyphy/ptII/ptolemy/domains/de/test/auto/TransferOutputs2.xml
----------------- Instantiating /home/travis/build/icyphy/ptII/ptolemy/domains/de/test/auto/TransferOutputs2.xml
2 ms. Memory: 179200K Free: 68593K (38%)
----------------- Invoking toplevel() on ptolemy.moml.MoMLSimpleApplication@74af9801
----------------- Done invoking toplevel() on ptolemy.moml.MoMLSimpleApplication@74af9801
reloadAllAccessors: .TransferOutputs2

===========================================================================================
----------------- testing Fri Jul 24 20:31:05 UTC 2020 /home/travis/build/icyphy/ptII/ptolemy/domains/de/test/auto/Trilateration.xml
----------------- Instantiating /home/travis/build/icyphy/ptII/ptolemy/domains/de/test/auto/Trilateration.xml
9929 ms. Memory: 423936K Free: 246560K (58%)
----------------- Invoking toplevel() on ptolemy.moml.MoMLSimpleApplication@27d3c3ae
----------------- Done invoking toplevel() on ptolemy.moml.MoMLSimpleApplication@27d3c3ae
reloadAllAccessors: .Trilateration

===========================================================================================
----------------- testing Fri Jul 24 20:31:15 UTC 2020 /home/travis/build/icyphy/ptII/ptolemy/domains/de/test/auto/TwoSigmaDelta.xml
----------------- Instantiating /home/travis/build/icyphy/ptII/ptolemy/domains/de/test/auto/TwoSigmaDelta.xml
1609 ms. Memory: 423936K Free: 296004K (70%)
----------------- Invoking toplevel() on ptolemy.moml.MoMLSimpleApplication@73bcbf6c
----------------- Done invoking toplevel() on ptolemy.moml.MoMLSimpleApplication@73bcbf6c
reloadAllAccessors: .TwoSigmaDelta

===========================================================================================
----------------- testing Fri Jul 24 20:31:17 UTC 2020 /home/travis/build/icyphy/ptII/ptolemy/domains/de/test/auto/VariableDelay.xml
----------------- Instantiating /home/travis/build/icyphy/ptII/ptolemy/domains/de/test/auto/VariableDelay.xml
2 ms. Memory: 423936K Free: 290854K (69%)
----------------- Invoking toplevel() on ptolemy.moml.MoMLSimpleApplication@131a5ee7
----------------- Done invoking toplevel() on ptolemy.moml.MoMLSimpleApplication@131a5ee7
reloadAllAccessors: .VariableDelay

===========================================================================================
----------------- testing Fri Jul 24 20:31:17 UTC 2020 /home/travis/build/icyphy/ptII/ptolemy/domains/de/test/auto/VariableDelay2.xml
----------------- Instantiating /home/travis/build/icyphy/ptII/ptolemy/domains/de/test/auto/VariableDelay2.xml
2 ms. Memory: 423936K Free: 286278K (68%)
----------------- Invoking toplevel() on ptolemy.moml.MoMLSimpleApplication@7bf8298
----------------- Done invoking toplevel() on ptolemy.moml.MoMLSimpleApplication@7bf8298
reloadAllAccessors: .VariableDelay2

===========================================================================================
----------------- testing Fri Jul 24 20:31:17 UTC 2020 /home/travis/build/icyphy/ptII/ptolemy/domains/de/test/auto/VariableDelayZeroDelay.xml
----------------- Instantiating /home/travis/build/icyphy/ptII/ptolemy/domains/de/test/auto/VariableDelayZeroDelay.xml
2 ms. Memory: 423936K Free: 282182K (67%)
----------------- Invoking toplevel() on ptolemy.moml.MoMLSimpleApplication@9560acd
----------------- Done invoking toplevel() on ptolemy.moml.MoMLSimpleApplication@9560acd
reloadAllAccessors: .VariableDelayZeroDelay

===========================================================================================
----------------- testing Fri Jul 24 20:31:17 UTC 2020 /home/travis/build/icyphy/ptII/ptolemy/domains/de/test/auto/VariableDelayZeroDelay2.xml
----------------- Instantiating /home/travis/build/icyphy/ptII/ptolemy/domains/de/test/auto/VariableDelayZeroDelay2.xml
2 ms. Memory: 423936K Free: 277572K (65%)
----------------- Invoking toplevel() on ptolemy.moml.MoMLSimpleApplication@6ac31ac4
----------------- Done invoking toplevel() on ptolemy.moml.MoMLSimpleApplication@6ac31ac4
reloadAllAccessors: .VariableDelayZeroDelay2

===========================================================================================
----------------- testing Fri Jul 24 20:31:17 UTC 2020 /home/travis/build/icyphy/ptII/ptolemy/domains/de/test/auto/deInCt.xml
----------------- Instantiating /home/travis/build/icyphy/ptII/ptolemy/domains/de/test/auto/deInCt.xml
0
1
1
1
0
0
0
0
1
1
1
0
0
0
1
1
1
1
1
0
0
0
1
1
1
1
0
0
0
1
1
1
0
0
1
1
1
1
6 ms. Memory: 423936K Free: 272452K (64%)
----------------- Invoking toplevel() on ptolemy.moml.MoMLSimpleApplication@512224ba
----------------- Done invoking toplevel() on ptolemy.moml.MoMLSimpleApplication@512224ba
reloadAllAccessors: .deInCt

===========================================================================================
----------------- testing Fri Jul 24 20:31:17 UTC 2020 /home/travis/build/icyphy/ptII/ptolemy/domains/de/test/auto/deInCt2.xml
----------------- Instantiating /home/travis/build/icyphy/ptII/ptolemy/domains/de/test/auto/deInCt2.xml
0
1
1
1
0
0
1
1
1
0
0
1
1
1
0
0
1
1
1
0
0
1
1
1
0
0
1
1
1
0
0
1
1
1
0
0
1
1
1
0
0
0
7 ms. Memory: 423936K Free: 267326K (63%)
----------------- Invoking toplevel() on ptolemy.moml.MoMLSimpleApplication@3891940
----------------- Done invoking toplevel() on ptolemy.moml.MoMLSimpleApplication@3891940
reloadAllAccessors: .deInCt2

===========================================================================================
----------------- testing Fri Jul 24 20:31:17 UTC 2020 /home/travis/build/icyphy/ptII/ptolemy/domains/de/test/auto/dynamicCausalityInterface1.xml
----------------- Instantiating /home/travis/build/icyphy/ptII/ptolemy/domains/de/test/auto/dynamicCausalityInterface1.xml
1 ms. Memory: 423936K Free: 258116K (61%)
----------------- Invoking toplevel() on ptolemy.moml.MoMLSimpleApplication@2f8e8ff7
----------------- Done invoking toplevel() on ptolemy.moml.MoMLSimpleApplication@2f8e8ff7
reloadAllAccessors: .dynamicCausalityInterface1

===========================================================================================
----------------- testing Fri Jul 24 20:31:17 UTC 2020 /home/travis/build/icyphy/ptII/ptolemy/domains/de/test/auto/fsm_de_test.xml
----------------- Instantiating /home/travis/build/icyphy/ptII/ptolemy/domains/de/test/auto/fsm_de_test.xml
5 ms. Memory: 423936K Free: 248870K (59%)
----------------- Invoking toplevel() on ptolemy.moml.MoMLSimpleApplication@79fcafe9
----------------- Done invoking toplevel() on ptolemy.moml.MoMLSimpleApplication@79fcafe9
reloadAllAccessors: .fsm_de_test

===========================================================================================
----------------- testing Fri Jul 24 20:31:17 UTC 2020 /home/travis/build/icyphy/ptII/ptolemy/domains/de/test/auto/functionDependencyReconstruction.xml
----------------- Instantiating /home/travis/build/icyphy/ptII/ptolemy/domains/de/test/auto/functionDependencyReconstruction.xml
2 ms. Memory: 423936K Free: 234054K (55%)
----------------- Invoking toplevel() on ptolemy.moml.MoMLSimpleApplication@3a8bf631
----------------- Done invoking toplevel() on ptolemy.moml.MoMLSimpleApplication@3a8bf631
reloadAllAccessors: .functionDependencyReconstruction

===========================================================================================
----------------- testing Fri Jul 24 20:31:17 UTC 2020 /home/travis/build/icyphy/ptII/ptolemy/domains/de/test/auto/multirate.xml
----------------- Instantiating /home/travis/build/icyphy/ptII/ptolemy/domains/de/test/auto/multirate.xml
3 ms. Memory: 423936K Free: 227382K (54%)
----------------- Invoking toplevel() on ptolemy.moml.MoMLSimpleApplication@3932e3a4
----------------- Done invoking toplevel() on ptolemy.moml.MoMLSimpleApplication@3932e3a4
reloadAllAccessors: .multirate

===========================================================================================
----------------- testing Fri Jul 24 20:31:17 UTC 2020 /home/travis/build/icyphy/ptII/ptolemy/domains/de/test/auto/multirate2.xml
----------------- Instantiating /home/travis/build/icyphy/ptII/ptolemy/domains/de/test/auto/multirate2.xml
2 ms. Memory: 423936K Free: 220742K (52%)
----------------- Invoking toplevel() on ptolemy.moml.MoMLSimpleApplication@5b72761
----------------- Done invoking toplevel() on ptolemy.moml.MoMLSimpleApplication@5b72761
reloadAllAccessors: .multirate2

===========================================================================================
----------------- testing Fri Jul 24 20:31:17 UTC 2020 /home/travis/build/icyphy/ptII/ptolemy/domains/de/test/auto/realtime.xml
----------------- Instantiating /home/travis/build/icyphy/ptII/ptolemy/domains/de/test/auto/realtime.xml
10002 ms. Memory: 423936K Free: 216132K (51%)
----------------- Invoking toplevel() on ptolemy.moml.MoMLSimpleApplication@37165883
----------------- Done invoking toplevel() on ptolemy.moml.MoMLSimpleApplication@37165883
reloadAllAccessors: .realtime

===========================================================================================
----------------- testing Fri Jul 24 20:31:27 UTC 2020 /home/travis/build/icyphy/ptII/ptolemy/domains/de/test/auto/relationGroup.xml
----------------- Instantiating /home/travis/build/icyphy/ptII/ptolemy/domains/de/test/auto/relationGroup.xml
1 ms. Memory: 423936K Free: 212550K (50%)
----------------- Invoking toplevel() on ptolemy.moml.MoMLSimpleApplication@79660129
----------------- Done invoking toplevel() on ptolemy.moml.MoMLSimpleApplication@79660129
reloadAllAccessors: .relationGroup

===========================================================================================
----------------- testing Fri Jul 24 20:31:27 UTC 2020 /home/travis/build/icyphy/ptII/ptolemy/domains/de/test/auto/relationGroup2.xml
----------------- Instantiating /home/travis/build/icyphy/ptII/ptolemy/domains/de/test/auto/relationGroup2.xml
2 ms. Memory: 423936K Free: 208964K (49%)
----------------- Invoking toplevel() on ptolemy.moml.MoMLSimpleApplication@7c2bf2bf
----------------- Done invoking toplevel() on ptolemy.moml.MoMLSimpleApplication@7c2bf2bf
reloadAllAccessors: .relationGroup2

===========================================================================================
----------------- testing Fri Jul 24 20:31:27 UTC 2020 /home/travis/build/icyphy/ptII/ptolemy/domains/de/test/auto/sortWithOpaquePorts.xml
----------------- Instantiating /home/travis/build/icyphy/ptII/ptolemy/domains/de/test/auto/sortWithOpaquePorts.xml
1 ms. Memory: 423936K Free: 204358K (48%)
----------------- Invoking toplevel() on ptolemy.moml.MoMLSimpleApplication@3517f0fb
----------------- Done invoking toplevel() on ptolemy.moml.MoMLSimpleApplication@3517f0fb
reloadAllAccessors: .sortWithOpaquePorts

===========================================================================================
----------------- testing Fri Jul 24 20:31:27 UTC 2020 /home/travis/build/icyphy/ptII/ptolemy/domains/de/test/auto/transferInputsandOutputs.xml
----------------- Instantiating /home/travis/build/icyphy/ptII/ptolemy/domains/de/test/auto/transferInputsandOutputs.xml
2 ms. Memory: 423936K Free: 197190K (47%)
----------------- Invoking toplevel() on ptolemy.moml.MoMLSimpleApplication@2968a727
----------------- Done invoking toplevel() on ptolemy.moml.MoMLSimpleApplication@2968a727
reloadAllAccessors: .transferInputsandOutputs

===========================================================================================
----------------- testing Fri Jul 24 20:31:27 UTC 2020 /home/travis/build/icyphy/ptII/ptolemy/domains/de/test/auto/triggerType.xml
----------------- Instantiating /home/travis/build/icyphy/ptII/ptolemy/domains/de/test/auto/triggerType.xml
1 ms. Memory: 423936K Free: 193094K (46%)
----------------- Invoking toplevel() on ptolemy.moml.MoMLSimpleApplication@1b93c53f
----------------- Done invoking toplevel() on ptolemy.moml.MoMLSimpleApplication@1b93c53f
reloadAllAccessors: .triggerType
AutoTests.java: About to close Vertx.
AutoTests.java: Vertx closed.
]]></system-out>
  <system-err><![CDATA[java.lang.RuntimeException: Execution failed
	at ptolemy.moml.MoMLSimpleApplication$UnloadThread.run(MoMLSimpleApplication.java:402)
Caused by: ptolemy.kernel.util.IllegalActionException: Found a zero delay loop containing .dependencyLoop.original
  in .dependencyLoop and .dependencyLoop.original
	at ptolemy.actor.util.CausalityInterfaceForComposites._computeOutputPortDepth(CausalityInterfaceForComposites.java:759)
	at ptolemy.actor.util.CausalityInterfaceForComposites._computeInputDepth(CausalityInterfaceForComposites.java:696)
	at ptolemy.actor.util.CausalityInterfaceForComposites._computeOutputPortDepth(CausalityInterfaceForComposites.java:765)
	at ptolemy.actor.util.CausalityInterfaceForComposites._computeInputDepth(CausalityInterfaceForComposites.java:696)
	at ptolemy.actor.util.CausalityInterfaceForComposites._computeOutputPortDepth(CausalityInterfaceForComposites.java:765)
	at ptolemy.actor.util.CausalityInterfaceForComposites._computeInputDepth(CausalityInterfaceForComposites.java:696)
	at ptolemy.actor.util.CausalityInterfaceForComposites._computeActorDepth(CausalityInterfaceForComposites.java:532)
	at ptolemy.actor.util.CausalityInterfaceForComposites.checkForCycles(CausalityInterfaceForComposites.java:96)
	at ptolemy.domains.de.kernel.DEDirector.preinitialize(DEDirector.java:1338)
	at ptolemy.actor.CompositeActor.preinitialize(CompositeActor.java:1828)
	at ptolemy.actor.Manager.preinitializeAndResolveTypes(Manager.java:1040)
	at ptolemy.actor.Manager.initialize(Manager.java:710)
	at ptolemy.actor.Manager.execute(Manager.java:356)
	at ptolemy.actor.Manager.run(Manager.java:1263)
	at ptolemy.actor.Manager$PtolemyRunThread.run(Manager.java:1933)
java.lang.RuntimeException: Execution failed
	at ptolemy.moml.MoMLSimpleApplication$UnloadThread.run(MoMLSimpleApplication.java:402)
Caused by: ptolemy.kernel.util.IllegalActionException: Found a zero delay loop containing .dependencyLoop2.original
  in .dependencyLoop2 and .dependencyLoop2.original
	at ptolemy.actor.util.CausalityInterfaceForComposites._computeOutputPortDepth(CausalityInterfaceForComposites.java:759)
	at ptolemy.actor.util.CausalityInterfaceForComposites._computeInputDepth(CausalityInterfaceForComposites.java:696)
	at ptolemy.actor.util.CausalityInterfaceForComposites._computeOutputPortDepth(CausalityInterfaceForComposites.java:765)
	at ptolemy.actor.util.CausalityInterfaceForComposites._computeInputDepth(CausalityInterfaceForComposites.java:696)
	at ptolemy.actor.util.CausalityInterfaceForComposites._computeOutputPortDepth(CausalityInterfaceForComposites.java:765)
	at ptolemy.actor.util.CausalityInterfaceForComposites._computeInputDepth(CausalityInterfaceForComposites.java:696)
	at ptolemy.actor.util.CausalityInterfaceForComposites._computeActorDepth(CausalityInterfaceForComposites.java:532)
	at ptolemy.actor.util.CausalityInterfaceForComposites.checkForCycles(CausalityInterfaceForComposites.java:96)
	at ptolemy.domains.de.kernel.DEDirector.preinitialize(DEDirector.java:1338)
	at ptolemy.actor.CompositeActor.preinitialize(CompositeActor.java:1828)
	at ptolemy.actor.Manager.preinitializeAndResolveTypes(Manager.java:1040)
	at ptolemy.actor.Manager.initialize(Manager.java:710)
	at ptolemy.actor.Manager.execute(Manager.java:356)
	at ptolemy.actor.Manager.run(Manager.java:1263)
	at ptolemy.actor.Manager$PtolemyRunThread.run(Manager.java:1933)
java.lang.RuntimeException: Execution failed
	at ptolemy.moml.MoMLSimpleApplication$UnloadThread.run(MoMLSimpleApplication.java:402)
Caused by: ptolemy.kernel.util.IllegalActionException: Test fails in iteration 1.
Value was: 1.0. Should have been: 2.0
  in .DirectFeedback.Test
	at ptolemy.actor.lib.Test.fire(Test.java:268)
	at ptolemy.domains.de.kernel.DEDirector._fire(DEDirector.java:1949)
	at ptolemy.domains.de.kernel.DEDirector.fire(DEDirector.java:502)
	at ptolemy.actor.CompositeActor.fire(CompositeActor.java:455)
	at ptolemy.actor.Manager.iterate(Manager.java:851)
	at ptolemy.actor.Manager.execute(Manager.java:369)
	at ptolemy.actor.Manager.run(Manager.java:1263)
	at ptolemy.actor.Manager$PtolemyRunThread.run(Manager.java:1933)
java.lang.RuntimeException: Execution failed
	at ptolemy.moml.MoMLSimpleApplication$UnloadThread.run(MoMLSimpleApplication.java:402)
Caused by: ptolemy.kernel.util.IllegalActionException: Found a zero delay loop containing .dependencyLoop.original
  in .dependencyLoop and .dependencyLoop.original
	at ptolemy.actor.util.CausalityInterfaceForComposites._computeOutputPortDepth(CausalityInterfaceForComposites.java:759)
	at ptolemy.actor.util.CausalityInterfaceForComposites._computeInputDepth(CausalityInterfaceForComposites.java:696)
	at ptolemy.actor.util.CausalityInterfaceForComposites._computeOutputPortDepth(CausalityInterfaceForComposites.java:765)
	at ptolemy.actor.util.CausalityInterfaceForComposites._computeInputDepth(CausalityInterfaceForComposites.java:696)
	at ptolemy.actor.util.CausalityInterfaceForComposites._computeOutputPortDepth(CausalityInterfaceForComposites.java:765)
	at ptolemy.actor.util.CausalityInterfaceForComposites._computeInputDepth(CausalityInterfaceForComposites.java:696)
	at ptolemy.actor.util.CausalityInterfaceForComposites._computeActorDepth(CausalityInterfaceForComposites.java:532)
	at ptolemy.actor.util.CausalityInterfaceForComposites.checkForCycles(CausalityInterfaceForComposites.java:96)
	at ptolemy.domains.de.kernel.DEDirector.preinitialize(DEDirector.java:1338)
	at ptolemy.actor.CompositeActor.preinitialize(CompositeActor.java:1828)
	at ptolemy.actor.Manager.preinitializeAndResolveTypes(Manager.java:1040)
	at ptolemy.actor.Manager.initialize(Manager.java:710)
	at ptolemy.actor.Manager.execute(Manager.java:356)
	at ptolemy.actor.Manager.run(Manager.java:1263)
	at ptolemy.actor.Manager$PtolemyRunThread.run(Manager.java:1933)
java.lang.RuntimeException: Execution failed
	at ptolemy.moml.MoMLSimpleApplication$UnloadThread.run(MoMLSimpleApplication.java:402)
Caused by: ptolemy.kernel.util.IllegalActionException: Found a zero delay loop containing .HierarchicalModel.A
  in .HierarchicalModel and .HierarchicalModel.A
	at ptolemy.actor.util.CausalityInterfaceForComposites._computeOutputPortDepth(CausalityInterfaceForComposites.java:759)
	at ptolemy.actor.util.CausalityInterfaceForComposites._computeInputDepth(CausalityInterfaceForComposites.java:696)
	at ptolemy.actor.util.CausalityInterfaceForComposites._computeOutputPortDepth(CausalityInterfaceForComposites.java:765)
	at ptolemy.actor.util.CausalityInterfaceForComposites._computeInputDepth(CausalityInterfaceForComposites.java:696)
	at ptolemy.actor.util.CausalityInterfaceForComposites._computeOutputPortDepth(CausalityInterfaceForComposites.java:765)
	at ptolemy.actor.util.CausalityInterfaceForComposites._computeInputDepth(CausalityInterfaceForComposites.java:696)
	at ptolemy.actor.util.CausalityInterfaceForComposites._computeActorDepth(CausalityInterfaceForComposites.java:532)
	at ptolemy.actor.util.CausalityInterfaceForComposites.checkForCycles(CausalityInterfaceForComposites.java:96)
	at ptolemy.domains.de.kernel.DEDirector.preinitialize(DEDirector.java:1338)
	at ptolemy.actor.CompositeActor.preinitialize(CompositeActor.java:1828)
	at ptolemy.actor.Manager.preinitializeAndResolveTypes(Manager.java:1040)
	at ptolemy.actor.Manager.initialize(Manager.java:710)
	at ptolemy.actor.Manager.execute(Manager.java:356)
	at ptolemy.actor.Manager.run(Manager.java:1263)
	at ptolemy.actor.Manager$PtolemyRunThread.run(Manager.java:1933)
java.lang.RuntimeException: Execution failed
	at ptolemy.moml.MoMLSimpleApplication$UnloadThread.run(MoMLSimpleApplication.java:402)
Caused by: ptolemy.kernel.util.IllegalActionException: Found a zero delay loop containing .dependencyLoop2.original
  in .dependencyLoop2 and .dependencyLoop2.original
	at ptolemy.actor.util.CausalityInterfaceForComposites._computeOutputPortDepth(CausalityInterfaceForComposites.java:759)
	at ptolemy.actor.util.CausalityInterfaceForComposites._computeInputDepth(CausalityInterfaceForComposites.java:696)
	at ptolemy.actor.util.CausalityInterfaceForComposites._computeOutputPortDepth(CausalityInterfaceForComposites.java:765)
	at ptolemy.actor.util.CausalityInterfaceForComposites._computeInputDepth(CausalityInterfaceForComposites.java:696)
	at ptolemy.actor.util.CausalityInterfaceForComposites._computeOutputPortDepth(CausalityInterfaceForComposites.java:765)
	at ptolemy.actor.util.CausalityInterfaceForComposites._computeInputDepth(CausalityInterfaceForComposites.java:696)
	at ptolemy.actor.util.CausalityInterfaceForComposites._computeActorDepth(CausalityInterfaceForComposites.java:532)
	at ptolemy.actor.util.CausalityInterfaceForComposites.checkForCycles(CausalityInterfaceForComposites.java:96)
	at ptolemy.domains.de.kernel.DEDirector.preinitialize(DEDirector.java:1338)
	at ptolemy.actor.CompositeActor.preinitialize(CompositeActor.java:1828)
	at ptolemy.actor.Manager.preinitializeAndResolveTypes(Manager.java:1040)
	at ptolemy.actor.Manager.initialize(Manager.java:710)
	at ptolemy.actor.Manager.execute(Manager.java:356)
	at ptolemy.actor.Manager.run(Manager.java:1263)
	at ptolemy.actor.Manager$PtolemyRunThread.run(Manager.java:1933)
java.lang.RuntimeException: Execution failed
	at ptolemy.moml.MoMLSimpleApplication$UnloadThread.run(MoMLSimpleApplication.java:402)
Caused by: ptolemy.kernel.util.IllegalActionException: Actor is not ready to fire.  Perhaps UpSample.prefire() returned false? Try debugging the actor by selecting "Listen to Actor".  Also, for SDF check moml for tokenConsumptionRate on input.
  in .DESDFClockTest.Play Bell.Copy1:SDF Director and .DESDFClockTest.Play Bell.UpSample
	at ptolemy.actor.sched.StaticSchedulingDirector.fire(StaticSchedulingDirector.java:227)
	at ptolemy.domains.sdf.kernel.SDFDirector.fire(SDFDirector.java:500)
	at ptolemy.actor.CompositeActor.fire(CompositeActor.java:455)
	at ptolemy.domains.de.kernel.DEDirector._fire(DEDirector.java:1949)
	at ptolemy.domains.de.kernel.DEDirector.fire(DEDirector.java:502)
	at ptolemy.actor.CompositeActor.fire(CompositeActor.java:455)
	at ptolemy.actor.Manager.iterate(Manager.java:851)
	at ptolemy.actor.Manager.execute(Manager.java:369)
	at ptolemy.actor.Manager.run(Manager.java:1263)
	at ptolemy.actor.Manager$PtolemyRunThread.run(Manager.java:1933)
java.lang.RuntimeException: Execution failed
	at ptolemy.moml.MoMLSimpleApplication$UnloadThread.run(MoMLSimpleApplication.java:402)
Caused by: ptolemy.kernel.util.IllegalActionException: Actor is not ready to fire.  Perhaps UpSample.prefire() returned false? Try debugging the actor by selecting "Listen to Actor".  Also, for SDF check moml for tokenConsumptionRate on input.
  in .DESDFClockTest.Play Bell.Copy1:SDF Director and .DESDFClockTest.Play Bell.UpSample
	at ptolemy.actor.sched.StaticSchedulingDirector.fire(StaticSchedulingDirector.java:227)
	at ptolemy.domains.sdf.kernel.SDFDirector.fire(SDFDirector.java:500)
	at ptolemy.actor.CompositeActor.fire(CompositeActor.java:455)
	at ptolemy.domains.de.kernel.DEDirector._fire(DEDirector.java:1949)
	at ptolemy.domains.de.kernel.DEDirector.fire(DEDirector.java:502)
	at ptolemy.actor.CompositeActor.fire(CompositeActor.java:455)
	at ptolemy.actor.Manager.iterate(Manager.java:851)
	at ptolemy.actor.Manager.execute(Manager.java:369)
	at ptolemy.actor.Manager.run(Manager.java:1263)
	at ptolemy.actor.Manager$PtolemyRunThread.run(Manager.java:1933)
java.lang.reflect.InvocationTargetException
	at java.base/jdk.internal.reflect.NativeConstructorAccessorImpl.newInstance0(Native Method)
	at java.base/jdk.internal.reflect.NativeConstructorAccessorImpl.newInstance(NativeConstructorAccessorImpl.java:62)
	at java.base/jdk.internal.reflect.DelegatingConstructorAccessorImpl.newInstance(DelegatingConstructorAccessorImpl.java:45)
	at java.base/java.lang.reflect.Constructor.newInstance(Constructor.java:490)
	at ptolemy.util.test.junit.AutoKnownFailedTests.RunModel(AutoKnownFailedTests.java:105)
	at java.base/jdk.internal.reflect.NativeMethodAccessorImpl.invoke0(Native Method)
	at java.base/jdk.internal.reflect.NativeMethodAccessorImpl.invoke(NativeMethodAccessorImpl.java:62)
	at java.base/jdk.internal.reflect.DelegatingMethodAccessorImpl.invoke(DelegatingMethodAccessorImpl.java:43)
	at java.base/java.lang.reflect.Method.invoke(Method.java:566)
	at org.junit.runners.model.FrameworkMethod$1.runReflectiveCall(FrameworkMethod.java:44)
	at org.junit.internal.runners.model.ReflectiveCallable.run(ReflectiveCallable.java:15)
	at org.junit.runners.model.FrameworkMethod.invokeExplosively(FrameworkMethod.java:41)
	at junitparams.internal.InvokeParameterisedMethod.evaluate(InvokeParameterisedMethod.java:102)
	at org.junit.internal.runners.statements.FailOnTimeout$1.run(FailOnTimeout.java:28)
Caused by: ptolemy.kernel.util.IllegalActionException: Actor is not ready to fire.  Perhaps UpSample.prefire() returned false? Try debugging the actor by selecting "Listen to Actor".  Also, for SDF check moml for tokenConsumptionRate on input.
  in .DESDFClockTest.Play Bell.Copy1:SDF Director and .DESDFClockTest.Play Bell.UpSample
	at ptolemy.actor.sched.StaticSchedulingDirector.fire(StaticSchedulingDirector.java:227)
	at ptolemy.domains.sdf.kernel.SDFDirector.fire(SDFDirector.java:500)
	at ptolemy.actor.CompositeActor.fire(CompositeActor.java:455)
	at ptolemy.domains.de.kernel.DEDirector._fire(DEDirector.java:1949)
	at ptolemy.domains.de.kernel.DEDirector.fire(DEDirector.java:502)
	at ptolemy.actor.CompositeActor.fire(CompositeActor.java:455)
	at ptolemy.actor.Manager.iterate(Manager.java:851)
	at ptolemy.actor.Manager.execute(Manager.java:369)
	at ptolemy.actor.Manager.run(Manager.java:1263)
	at ptolemy.actor.Manager$PtolemyRunThread.run(Manager.java:1933)
java.lang.RuntimeException: Execution failed
	at ptolemy.moml.MoMLSimpleApplication$UnloadThread.run(MoMLSimpleApplication.java:402)
Caused by: ptolemy.kernel.util.IllegalActionException: Test fails in iteration 1.
Value was: 1.0. Should have been: 2.0
  in .DirectFeedback.Test
	at ptolemy.actor.lib.Test.fire(Test.java:268)
	at ptolemy.domains.de.kernel.DEDirector._fire(DEDirector.java:1949)
	at ptolemy.domains.de.kernel.DEDirector.fire(DEDirector.java:502)
	at ptolemy.actor.CompositeActor.fire(CompositeActor.java:455)
	at ptolemy.actor.Manager.iterate(Manager.java:851)
	at ptolemy.actor.Manager.execute(Manager.java:369)
	at ptolemy.actor.Manager.run(Manager.java:1263)
	at ptolemy.actor.Manager$PtolemyRunThread.run(Manager.java:1933)
java.lang.reflect.InvocationTargetException
	at java.base/jdk.internal.reflect.NativeConstructorAccessorImpl.newInstance0(Native Method)
	at java.base/jdk.internal.reflect.NativeConstructorAccessorImpl.newInstance(NativeConstructorAccessorImpl.java:62)
	at java.base/jdk.internal.reflect.DelegatingConstructorAccessorImpl.newInstance(DelegatingConstructorAccessorImpl.java:45)
	at java.base/java.lang.reflect.Constructor.newInstance(Constructor.java:490)
	at ptolemy.util.test.junit.AutoKnownFailedTests.RunModel(AutoKnownFailedTests.java:105)
	at java.base/jdk.internal.reflect.NativeMethodAccessorImpl.invoke0(Native Method)
	at java.base/jdk.internal.reflect.NativeMethodAccessorImpl.invoke(NativeMethodAccessorImpl.java:62)
	at java.base/jdk.internal.reflect.DelegatingMethodAccessorImpl.invoke(DelegatingMethodAccessorImpl.java:43)
	at java.base/java.lang.reflect.Method.invoke(Method.java:566)
	at org.junit.runners.model.FrameworkMethod$1.runReflectiveCall(FrameworkMethod.java:44)
	at org.junit.internal.runners.model.ReflectiveCallable.run(ReflectiveCallable.java:15)
	at org.junit.runners.model.FrameworkMethod.invokeExplosively(FrameworkMethod.java:41)
	at junitparams.internal.InvokeParameterisedMethod.evaluate(InvokeParameterisedMethod.java:102)
	at org.junit.internal.runners.statements.FailOnTimeout$1.run(FailOnTimeout.java:28)
Caused by: ptolemy.kernel.util.IllegalActionException: Test fails in iteration 1.
Value was: 1.0. Should have been: 2.0
  in .DirectFeedback.Test
	at ptolemy.actor.lib.Test.fire(Test.java:268)
	at ptolemy.domains.de.kernel.DEDirector._fire(DEDirector.java:1949)
	at ptolemy.domains.de.kernel.DEDirector.fire(DEDirector.java:502)
	at ptolemy.actor.CompositeActor.fire(CompositeActor.java:455)
	at ptolemy.actor.Manager.iterate(Manager.java:851)
	at ptolemy.actor.Manager.execute(Manager.java:369)
	at ptolemy.actor.Manager.run(Manager.java:1263)
	at ptolemy.actor.Manager$PtolemyRunThread.run(Manager.java:1933)
java.lang.RuntimeException: Execution failed
	at ptolemy.moml.MoMLSimpleApplication$UnloadThread.run(MoMLSimpleApplication.java:402)
Caused by: ptolemy.kernel.util.IllegalActionException: Found a zero delay loop containing .HierarchicalModel.A
  in .HierarchicalModel and .HierarchicalModel.A
	at ptolemy.actor.util.CausalityInterfaceForComposites._computeOutputPortDepth(CausalityInterfaceForComposites.java:759)
	at ptolemy.actor.util.CausalityInterfaceForComposites._computeInputDepth(CausalityInterfaceForComposites.java:696)
	at ptolemy.actor.util.CausalityInterfaceForComposites._computeOutputPortDepth(CausalityInterfaceForComposites.java:765)
	at ptolemy.actor.util.CausalityInterfaceForComposites._computeInputDepth(CausalityInterfaceForComposites.java:696)
	at ptolemy.actor.util.CausalityInterfaceForComposites._computeOutputPortDepth(CausalityInterfaceForComposites.java:765)
	at ptolemy.actor.util.CausalityInterfaceForComposites._computeInputDepth(CausalityInterfaceForComposites.java:696)
	at ptolemy.actor.util.CausalityInterfaceForComposites._computeActorDepth(CausalityInterfaceForComposites.java:532)
	at ptolemy.actor.util.CausalityInterfaceForComposites.checkForCycles(CausalityInterfaceForComposites.java:96)
	at ptolemy.domains.de.kernel.DEDirector.preinitialize(DEDirector.java:1338)
	at ptolemy.actor.CompositeActor.preinitialize(CompositeActor.java:1828)
	at ptolemy.actor.Manager.preinitializeAndResolveTypes(Manager.java:1040)
	at ptolemy.actor.Manager.initialize(Manager.java:710)
	at ptolemy.actor.Manager.execute(Manager.java:356)
	at ptolemy.actor.Manager.run(Manager.java:1263)
	at ptolemy.actor.Manager$PtolemyRunThread.run(Manager.java:1933)
java.lang.reflect.InvocationTargetException
	at java.base/jdk.internal.reflect.NativeConstructorAccessorImpl.newInstance0(Native Method)
	at java.base/jdk.internal.reflect.NativeConstructorAccessorImpl.newInstance(NativeConstructorAccessorImpl.java:62)
	at java.base/jdk.internal.reflect.DelegatingConstructorAccessorImpl.newInstance(DelegatingConstructorAccessorImpl.java:45)
	at java.base/java.lang.reflect.Constructor.newInstance(Constructor.java:490)
	at ptolemy.util.test.junit.AutoKnownFailedTests.RunModel(AutoKnownFailedTests.java:105)
	at java.base/jdk.internal.reflect.NativeMethodAccessorImpl.invoke0(Native Method)
	at java.base/jdk.internal.reflect.NativeMethodAccessorImpl.invoke(NativeMethodAccessorImpl.java:62)
	at java.base/jdk.internal.reflect.DelegatingMethodAccessorImpl.invoke(DelegatingMethodAccessorImpl.java:43)
	at java.base/java.lang.reflect.Method.invoke(Method.java:566)
	at org.junit.runners.model.FrameworkMethod$1.runReflectiveCall(FrameworkMethod.java:44)
	at org.junit.internal.runners.model.ReflectiveCallable.run(ReflectiveCallable.java:15)
	at org.junit.runners.model.FrameworkMethod.invokeExplosively(FrameworkMethod.java:41)
	at junitparams.internal.InvokeParameterisedMethod.evaluate(InvokeParameterisedMethod.java:102)
	at org.junit.internal.runners.statements.FailOnTimeout$1.run(FailOnTimeout.java:28)
Caused by: ptolemy.kernel.util.IllegalActionException: Found a zero delay loop containing .HierarchicalModel.A
  in .HierarchicalModel and .HierarchicalModel.A
	at ptolemy.actor.util.CausalityInterfaceForComposites._computeOutputPortDepth(CausalityInterfaceForComposites.java:759)
	at ptolemy.actor.util.CausalityInterfaceForComposites._computeInputDepth(CausalityInterfaceForComposites.java:696)
	at ptolemy.actor.util.CausalityInterfaceForComposites._computeOutputPortDepth(CausalityInterfaceForComposites.java:765)
	at ptolemy.actor.util.CausalityInterfaceForComposites._computeInputDepth(CausalityInterfaceForComposites.java:696)
	at ptolemy.actor.util.CausalityInterfaceForComposites._computeOutputPortDepth(CausalityInterfaceForComposites.java:765)
	at ptolemy.actor.util.CausalityInterfaceForComposites._computeInputDepth(CausalityInterfaceForComposites.java:696)
	at ptolemy.actor.util.CausalityInterfaceForComposites._computeActorDepth(CausalityInterfaceForComposites.java:532)
	at ptolemy.actor.util.CausalityInterfaceForComposites.checkForCycles(CausalityInterfaceForComposites.java:96)
	at ptolemy.domains.de.kernel.DEDirector.preinitialize(DEDirector.java:1338)
	at ptolemy.actor.CompositeActor.preinitialize(CompositeActor.java:1828)
	at ptolemy.actor.Manager.preinitializeAndResolveTypes(Manager.java:1040)
	at ptolemy.actor.Manager.initialize(Manager.java:710)
	at ptolemy.actor.Manager.execute(Manager.java:356)
	at ptolemy.actor.Manager.run(Manager.java:1263)
	at ptolemy.actor.Manager$PtolemyRunThread.run(Manager.java:1933)
java.lang.RuntimeException: Execution failed
	at ptolemy.moml.MoMLSimpleApplication$UnloadThread.run(MoMLSimpleApplication.java:402)
Caused by: ptolemy.kernel.util.IllegalActionException: Found a zero delay loop containing .dependencyLoop.original
  in .dependencyLoop and .dependencyLoop.original
	at ptolemy.actor.util.CausalityInterfaceForComposites._computeOutputPortDepth(CausalityInterfaceForComposites.java:759)
	at ptolemy.actor.util.CausalityInterfaceForComposites._computeInputDepth(CausalityInterfaceForComposites.java:696)
	at ptolemy.actor.util.CausalityInterfaceForComposites._computeOutputPortDepth(CausalityInterfaceForComposites.java:765)
	at ptolemy.actor.util.CausalityInterfaceForComposites._computeInputDepth(CausalityInterfaceForComposites.java:696)
	at ptolemy.actor.util.CausalityInterfaceForComposites._computeOutputPortDepth(CausalityInterfaceForComposites.java:765)
	at ptolemy.actor.util.CausalityInterfaceForComposites._computeInputDepth(CausalityInterfaceForComposites.java:696)
	at ptolemy.actor.util.CausalityInterfaceForComposites._computeActorDepth(CausalityInterfaceForComposites.java:532)
	at ptolemy.actor.util.CausalityInterfaceForComposites.checkForCycles(CausalityInterfaceForComposites.java:96)
	at ptolemy.domains.de.kernel.DEDirector.preinitialize(DEDirector.java:1338)
	at ptolemy.actor.CompositeActor.preinitialize(CompositeActor.java:1828)
	at ptolemy.actor.Manager.preinitializeAndResolveTypes(Manager.java:1040)
	at ptolemy.actor.Manager.initialize(Manager.java:710)
	at ptolemy.actor.Manager.execute(Manager.java:356)
	at ptolemy.actor.Manager.run(Manager.java:1263)
	at ptolemy.actor.Manager$PtolemyRunThread.run(Manager.java:1933)
java.lang.reflect.InvocationTargetException
	at java.base/jdk.internal.reflect.NativeConstructorAccessorImpl.newInstance0(Native Method)
	at java.base/jdk.internal.reflect.NativeConstructorAccessorImpl.newInstance(NativeConstructorAccessorImpl.java:62)
	at java.base/jdk.internal.reflect.DelegatingConstructorAccessorImpl.newInstance(DelegatingConstructorAccessorImpl.java:45)
	at java.base/java.lang.reflect.Constructor.newInstance(Constructor.java:490)
	at ptolemy.util.test.junit.AutoKnownFailedTests.RunModel(AutoKnownFailedTests.java:105)
	at java.base/jdk.internal.reflect.NativeMethodAccessorImpl.invoke0(Native Method)
	at java.base/jdk.internal.reflect.NativeMethodAccessorImpl.invoke(NativeMethodAccessorImpl.java:62)
	at java.base/jdk.internal.reflect.DelegatingMethodAccessorImpl.invoke(DelegatingMethodAccessorImpl.java:43)
	at java.base/java.lang.reflect.Method.invoke(Method.java:566)
	at org.junit.runners.model.FrameworkMethod$1.runReflectiveCall(FrameworkMethod.java:44)
	at org.junit.internal.runners.model.ReflectiveCallable.run(ReflectiveCallable.java:15)
	at org.junit.runners.model.FrameworkMethod.invokeExplosively(FrameworkMethod.java:41)
	at junitparams.internal.InvokeParameterisedMethod.evaluate(InvokeParameterisedMethod.java:102)
	at org.junit.internal.runners.statements.FailOnTimeout$1.run(FailOnTimeout.java:28)
Caused by: ptolemy.kernel.util.IllegalActionException: Found a zero delay loop containing .dependencyLoop.original
  in .dependencyLoop and .dependencyLoop.original
	at ptolemy.actor.util.CausalityInterfaceForComposites._computeOutputPortDepth(CausalityInterfaceForComposites.java:759)
	at ptolemy.actor.util.CausalityInterfaceForComposites._computeInputDepth(CausalityInterfaceForComposites.java:696)
	at ptolemy.actor.util.CausalityInterfaceForComposites._computeOutputPortDepth(CausalityInterfaceForComposites.java:765)
	at ptolemy.actor.util.CausalityInterfaceForComposites._computeInputDepth(CausalityInterfaceForComposites.java:696)
	at ptolemy.actor.util.CausalityInterfaceForComposites._computeOutputPortDepth(CausalityInterfaceForComposites.java:765)
	at ptolemy.actor.util.CausalityInterfaceForComposites._computeInputDepth(CausalityInterfaceForComposites.java:696)
	at ptolemy.actor.util.CausalityInterfaceForComposites._computeActorDepth(CausalityInterfaceForComposites.java:532)
	at ptolemy.actor.util.CausalityInterfaceForComposites.checkForCycles(CausalityInterfaceForComposites.java:96)
	at ptolemy.domains.de.kernel.DEDirector.preinitialize(DEDirector.java:1338)
	at ptolemy.actor.CompositeActor.preinitialize(CompositeActor.java:1828)
	at ptolemy.actor.Manager.preinitializeAndResolveTypes(Manager.java:1040)
	at ptolemy.actor.Manager.initialize(Manager.java:710)
	at ptolemy.actor.Manager.execute(Manager.java:356)
	at ptolemy.actor.Manager.run(Manager.java:1263)
	at ptolemy.actor.Manager$PtolemyRunThread.run(Manager.java:1933)
java.lang.RuntimeException: Execution failed
	at ptolemy.moml.MoMLSimpleApplication$UnloadThread.run(MoMLSimpleApplication.java:402)
Caused by: ptolemy.kernel.util.IllegalActionException: Found a zero delay loop containing .dependencyLoop2.original
  in .dependencyLoop2 and .dependencyLoop2.original
	at ptolemy.actor.util.CausalityInterfaceForComposites._computeOutputPortDepth(CausalityInterfaceForComposites.java:759)
	at ptolemy.actor.util.CausalityInterfaceForComposites._computeInputDepth(CausalityInterfaceForComposites.java:696)
	at ptolemy.actor.util.CausalityInterfaceForComposites._computeOutputPortDepth(CausalityInterfaceForComposites.java:765)
	at ptolemy.actor.util.CausalityInterfaceForComposites._computeInputDepth(CausalityInterfaceForComposites.java:696)
	at ptolemy.actor.util.CausalityInterfaceForComposites._computeOutputPortDepth(CausalityInterfaceForComposites.java:765)
	at ptolemy.actor.util.CausalityInterfaceForComposites._computeInputDepth(CausalityInterfaceForComposites.java:696)
	at ptolemy.actor.util.CausalityInterfaceForComposites._computeActorDepth(CausalityInterfaceForComposites.java:532)
	at ptolemy.actor.util.CausalityInterfaceForComposites.checkForCycles(CausalityInterfaceForComposites.java:96)
	at ptolemy.domains.de.kernel.DEDirector.preinitialize(DEDirector.java:1338)
	at ptolemy.actor.CompositeActor.preinitialize(CompositeActor.java:1828)
	at ptolemy.actor.Manager.preinitializeAndResolveTypes(Manager.java:1040)
	at ptolemy.actor.Manager.initialize(Manager.java:710)
	at ptolemy.actor.Manager.execute(Manager.java:356)
	at ptolemy.actor.Manager.run(Manager.java:1263)
	at ptolemy.actor.Manager$PtolemyRunThread.run(Manager.java:1933)
java.lang.reflect.InvocationTargetException
	at java.base/jdk.internal.reflect.NativeConstructorAccessorImpl.newInstance0(Native Method)
	at java.base/jdk.internal.reflect.NativeConstructorAccessorImpl.newInstance(NativeConstructorAccessorImpl.java:62)
	at java.base/jdk.internal.reflect.DelegatingConstructorAccessorImpl.newInstance(DelegatingConstructorAccessorImpl.java:45)
	at java.base/java.lang.reflect.Constructor.newInstance(Constructor.java:490)
	at ptolemy.util.test.junit.AutoKnownFailedTests.RunModel(AutoKnownFailedTests.java:105)
	at java.base/jdk.internal.reflect.NativeMethodAccessorImpl.invoke0(Native Method)
	at java.base/jdk.internal.reflect.NativeMethodAccessorImpl.invoke(NativeMethodAccessorImpl.java:62)
	at java.base/jdk.internal.reflect.DelegatingMethodAccessorImpl.invoke(DelegatingMethodAccessorImpl.java:43)
	at java.base/java.lang.reflect.Method.invoke(Method.java:566)
	at org.junit.runners.model.FrameworkMethod$1.runReflectiveCall(FrameworkMethod.java:44)
	at org.junit.internal.runners.model.ReflectiveCallable.run(ReflectiveCallable.java:15)
	at org.junit.runners.model.FrameworkMethod.invokeExplosively(FrameworkMethod.java:41)
	at junitparams.internal.InvokeParameterisedMethod.evaluate(InvokeParameterisedMethod.java:102)
	at org.junit.internal.runners.statements.FailOnTimeout$1.run(FailOnTimeout.java:28)
Caused by: ptolemy.kernel.util.IllegalActionException: Found a zero delay loop containing .dependencyLoop2.original
  in .dependencyLoop2 and .dependencyLoop2.original
	at ptolemy.actor.util.CausalityInterfaceForComposites._computeOutputPortDepth(CausalityInterfaceForComposites.java:759)
	at ptolemy.actor.util.CausalityInterfaceForComposites._computeInputDepth(CausalityInterfaceForComposites.java:696)
	at ptolemy.actor.util.CausalityInterfaceForComposites._computeOutputPortDepth(CausalityInterfaceForComposites.java:765)
	at ptolemy.actor.util.CausalityInterfaceForComposites._computeInputDepth(CausalityInterfaceForComposites.java:696)
	at ptolemy.actor.util.CausalityInterfaceForComposites._computeOutputPortDepth(CausalityInterfaceForComposites.java:765)
	at ptolemy.actor.util.CausalityInterfaceForComposites._computeInputDepth(CausalityInterfaceForComposites.java:696)
	at ptolemy.actor.util.CausalityInterfaceForComposites._computeActorDepth(CausalityInterfaceForComposites.java:532)
	at ptolemy.actor.util.CausalityInterfaceForComposites.checkForCycles(CausalityInterfaceForComposites.java:96)
	at ptolemy.domains.de.kernel.DEDirector.preinitialize(DEDirector.java:1338)
	at ptolemy.actor.CompositeActor.preinitialize(CompositeActor.java:1828)
	at ptolemy.actor.Manager.preinitializeAndResolveTypes(Manager.java:1040)
	at ptolemy.actor.Manager.initialize(Manager.java:710)
	at ptolemy.actor.Manager.execute(Manager.java:356)
	at ptolemy.actor.Manager.run(Manager.java:1263)
	at ptolemy.actor.Manager$PtolemyRunThread.run(Manager.java:1933)
]]></system-err>
</testsuite>
