<?xml version="1.0" encoding="UTF-8" ?>
<testsuite errors="0" failures="0" hostname="travis-job-939cdccc-c572-40ea-a9e5-78170ec29ad5" name="ptolemy.domains.de.test.junit.JUnitTclTest" skipped="0" tests="101" time="134.6" timestamp="2019-07-20T05:05:14">
  <properties>
    <property name="npm.executable" value="npm" />
    <property name="env.TRAVIS_ROOT" value="/" />
    <property name="ptII.mk.exists" value="true" />
    <property name="env.TRAVIS_APP_HOST" value="build.travis-ci.org" />
    <property name="env.rvm_bin_path" value="/home/travis/.rvm/bin" />
    <property name="java.home" value="/usr/local/lib/jvm/openjdk11" />
    <property name="env.TRAVIS_JOB_NUMBER" value="1259.9" />
    <property name="env.TRAVIS_HOME" value="/home/travis" />
    <property name="env.DISPLAY" value=":99.0" />
    <property name="env.TRAVIS_INIT" value="systemd" />
    <property name="env.SSH_TTY" value="/dev/pts/0" />
    <property name="java.net.preferIPv4Stack" value="true" />
    <property name="env.RUN_TESTS" value="true" />
    <property name="timeout.short" value="1000000" />
    <property name="junit.formatter" value="xml" />
    <property name="env.TRAVIS_SUDO" value="true" />
    <property name="env.TRAVIS_JOB_NAME" value="" />
    <property name="env.TRAVIS_STACK_NODE_ATTRIBUTES" value="/.node-attributes.yml" />
    <property name="env.LOGNAME" value="travis" />
    <property name="jsdoc.home" value="node_modules/@terraswarm/jsdoc" />
    <property name="debuglevel" value="source,lines,vars" />
    <property name="checkstyle.formatter" value="xml" />
    <property name="env._system_version" value="16.04" />
    <property name="bin.vergil.makeable" value="true" />
    <property name="sun.os.patch.level" value="unknown" />
    <property name="java.vendor.url" value="http://java.oracle.com/" />
    <property name="env.TRAVIS_BUILD_WEB_URL" value="https://travis-ci.org/icyphy/ptII/builds/561307110" />
    <property name="java.version" value="11.0.2" />
    <property name="env.TZ" value="UTC" />
    <property name="env.TRAVIS_PULL_REQUEST_SHA" value="" />
    <property name="env.PT_NO_NET" value="true" />
    <property name="env.TRAVIS_SECURE_ENV_VARS" value="true" />
    <property name="env._system_type" value="Linux" />
    <property name="java.vendor.url.bug" value="http://bugreport.java.com/bugreport/" />
    <property name="npmjs-org-is-up" value="true" />
    <property name="env.LANGUAGE" value="en_US.UTF-8" />
    <property name="env.SSH_CLIENT" value="10.10.16.166 34756 22" />
    <property name="env.GEM_HOME" value="/home/travis/.rvm/gems/ruby-2.5.3" />
    <property name="env.HAS_ANTARES_THREE_LITTLE_FRONZIES_BADGE" value="true" />
    <property name="java.version.date" value="2019-01-15" />
    <property name="env.PS4" value="+" />
    <property name="ant.project.invoked-targets" value="build,test.core2.xml" />
    <property name="env.TRAVIS_PULL_REQUEST_BRANCH" value="" />
    <property name="env.TRAVIS_REPO_SLUG" value="icyphy/ptII" />
    <property name="env.XDG_DATA_DIRS" value="/usr/local/share:/usr/share:/var/lib/snapd/desktop" />
    <property name="jdk.debug" value="release" />
    <property name="env.TRAVIS_APT_PROXY" value="http://apt.cache.travis-ci.com" />
    <property name="node.in.path" value="true" />
    <property name="user.name" value="travis" />
    <property name="java.maxmemory" value="1400m" />
    <property name="env.RUBY_VERSION" value="ruby-2.5.3" />
    <property name="env.LANG" value="en_US.UTF-8" />
    <property name="sun.io.unicode.encoding" value="UnicodeLittle" />
    <property name="sun.jnu.encoding" value="UTF-8" />
    <property name="java.runtime.name" value="OpenJDK Runtime Environment" />
    <property name="usefile" value="false" />
    <property name="return.code" value="0" />
    <property name="junit.single.formatter" value="plain" />
    <property name="env.DYLD_LIBRARY_PATH" value="/home/travis/pthla/certi-tools/lib:" />
    <property name="env.DEBIAN_FRONTEND" value="noninteractive" />
    <property name="env.SSH_CONNECTION" value="10.10.16.166 34756 10.20.0.128 22" />
    <property name="env.MYSQL_UNIX_PORT" value="/var/run/mysqld/mysqld.sock" />
    <property name="env.LC_ALL" value="en_US.UTF-8" />
    <property name="env.TRAVIS_ALLOW_FAILURE" value="false" />
    <property name="env.TRAVIS_JOB_WEB_URL" value="https://travis-ci.org/icyphy/ptII/jobs/561307133" />
    <property name="java.specification.name" value="Java Platform API Specification" />
    <property name="node.works" value="true" />
    <property name="user.timezone" value="" />
    <property name="path.separator" value=":" />
    <property name="env.TRAVIS_ENABLE_INFRA_DETECTION" value="true" />
    <property name="env.PYTHON_CFLAGS" value="-g -fstack-protector --param=ssp-buffer-size=4 -Wformat -Werror=format-security" />
    <property name="timeout.long" value="4000000" />
    <property name="env.CERTI_HOME" value="/home/travis/pthla/certi-tools" />
    <property name="ant.file.ptII" value="/home/travis/build/icyphy/ptII/build.xml" />
    <property name="javadoc.packagenames" value="com.*,diva.*,lbnl.*,org.hlacerti.*,org.json.*,org.ptolemy.*,org.terraswarm.*,ptolemy.*,ptserver.*" />
    <property name="file.encoding" value="UTF-8" />
    <property name="env.TRAVIS_PULL_REQUEST_SLUG" value="" />
    <property name="ant.project.default-target" value="build" />
    <property name="env.GIT_ASKPASS" value="echo" />
    <property name="env.HOME" value="/home/travis" />
    <property name="sun.java.command" value="org.apache.tools.ant.taskdefs.optional.junit.JUnitTestRunner ptolemy.domains.de.test.junit.JUnitTclTest skipNonTests=false filtertrace=true haltOnError=false haltOnFailure=false formatter=org.apache.tools.ant.taskdefs.optional.junit.OutErrSummaryJUnitResultFormatter showoutput=true outputtoformatters=true logfailedtests=true threadid=0 logtestlistenerevents=false formatter=org.apache.tools.ant.taskdefs.optional.junit.XMLJUnitResultFormatter,/home/travis/build/icyphy/ptII/reports/junit/TEST-ptolemy.domains.de.test.junit.JUnitTclTest.xml crashfile=/home/travis/build/icyphy/ptII/junitvmwatcher78946849730069709.properties propsfile=/home/travis/build/icyphy/ptII/junit7956171788591187287.properties" />
    <property name="env.COMPOSER_NO_INTERACTION" value="1" />
    <property name="env.MANPATH" value="/home/travis/.nvm/versions/node/v7.10.1/share/man:/home/travis/.rvm/rubies/ruby-2.5.3/share/man:/usr/local/cmake-3.12.4/man:/usr/local/clang-7.0.0/share/man:/usr/local/man:/usr/local/share/man:/usr/share/man:/home/travis/.rvm/man" />
    <property name="env.TRAVIS_TIMER_ID" value="073654a9" />
    <property name="ant.file" value="/home/travis/build/icyphy/ptII/build.xml" />
    <property name="env.TRAVIS_COMMIT_RANGE" value="dad22e24cfbde6c3ee693b4ed7450acd4c6a51b9...b39579b856d145b663c45abbda85580137388658" />
    <property name="env._system_name" value="Ubuntu" />
    <property name="ptII.classpath.optional.property" value="/home/travis/build/icyphy/ptII/lib/bsh-2.0b4.jar:/home/travis/build/icyphy/ptII/lib/ptCal.jar:/home/travis/build/icyphy/ptII/lib/java_cup.jar:/home/travis/build/icyphy/ptII/lib/saxon8.jar:/home/travis/build/icyphy/ptII/lib/saxon8-dom.jar:/home/travis/build/icyphy/ptII/lib/chic.jar:/home/travis/build/icyphy/ptII/lib/ptcolt.jar:/home/travis/build/icyphy/ptII/vendors/misc/itext/iText.jar:/home/travis/build/icyphy/ptII/lib/g4ltl.jar:/home/travis/build/icyphy/ptII/lib/StructuralCoder.jar:/home/travis/build/icyphy/ptII/lib/jcerti.jar:/home/travis/build/icyphy/ptII/lib/javax.mail.jar:/home/travis/build/icyphy/ptII/vendors/JMF-2.1.1e/lib/jmf.jar:/home/travis/build/icyphy/ptII/lib/jna-4.0.0-variadic.jar:/home/travis/build/icyphy/ptII/vendors/misc/joystick/Joystick.jar:/home/travis/build/icyphy/ptII/lib/ptjacl.jar:/home/travis/build/icyphy/ptII/lib/jsoup-1.8.2.jar:/home/travis/build/icyphy/ptII/lib/junit-4.8.2.jar:/home/travis/build/icyphy/ptII/lib/JUnitParams-0.4.0.jar:/home/travis/build/icyphy/ptII/ptolemy/actor/lib/excel/jxl.jar:/home/travis/build/icyphy/ptII/lib/jython.jar:/home/travis/build/icyphy/ptII/lib/kieler.jar:/home/travis/build/icyphy/ptII/vendors/opencv/share/OpenCV/java/opencv-341.jar:/home/travis/build/icyphy/ptII/lib/oscP5.jar:/home/travis/build/icyphy/ptII/lib/nrjavaserial-3.11.0.devel.jar:/home/travis/build/icyphy/ptII/vendors/j3d/lib/Linux/j3dcore.jar:/home/travis/build/icyphy/ptII/vendors/j3d/lib/Linux/j3dutils.jar:/home/travis/build/icyphy/ptII/vendors/j3d/lib/Linux/vecmath.jar:/home/travis/build/icyphy/ptII/vendors/jogl/lib/Linux/gluegen-rt-natives-linux-amd64.jar:/home/travis/build/icyphy/ptII/vendors/jogl/lib/Linux/gluegen-rt.jar:/home/travis/build/icyphy/ptII/vendors/jogl/lib/Linux/jogl-all-natives-linux-amd64.jar:/home/travis/build/icyphy/ptII/vendors/jogl/lib/Linux/jogl-all.jar:/home/travis/build/icyphy/ptII/ptolemy/distributed/jini/jar/jini-core.jar:/home/travis/build/icyphy/ptII/ptolemy/distributed/jini/jar/jini-ext.jar:/home/travis/build/icyphy/ptII/ptolemy/distributed/jini/jar/sun-util.jar:/home/travis/build/icyphy/ptII/lib/protobuf-java-2.4.1.jar:/home/travis/build/icyphy/ptII/lib/org.eclipse.paho.client.mqttv3.jar:/home/travis/build/icyphy/ptII/lib/mapss.jar:/home/travis/build/icyphy/ptII/ptolemy/actor/ptalon/antlr/antlr.jar:/home/travis/build/icyphy/ptII/lib/JRI.jar:/home/travis/build/icyphy/ptII/lib/commons-lang-2.6.jar:/home/travis/build/icyphy/ptII/lib/commons-logging-1.1.1.jar:/home/travis/build/icyphy/ptII/lib/sootclasses.jar:/home/travis/build/icyphy/ptII/ptolemy/actor/lib/database/mysql-connector-java-5.1.6-bin.jar:/home/travis/build/icyphy/ptII/vendors/misc/sphinx4/sphinx4-data-5prealpha.jar:/home/travis/build/icyphy/ptII/vendors/misc/sphinx4/sphinx4-core-5prealpha.jar:/home/travis/build/icyphy/ptII/lib/PDFRenderer.jar:/home/travis/build/icyphy/ptII/lib/svgSalamander.jar:/home/travis/build/icyphy/ptII/lib/rsyntaxtextarea-2.6.0-SNAPSHOT.jar:/home/travis/build/icyphy/ptII/lib/hazelcast-3.8.2.jar:/home/travis/build/icyphy/ptII/lib/jackson-annotations-2.9.0.jar:/home/travis/build/icyphy/ptII/lib/jackson-core-2.9.3.jar:/home/travis/build/icyphy/ptII/lib/jackson-databind-2.9.3.jar:/home/travis/build/icyphy/ptII/lib/netty-buffer-4.1.19.Final.jar:/home/travis/build/icyphy/ptII/lib/netty-codec-4.1.19.Final.jar:/home/travis/build/icyphy/ptII/lib/netty-codec-dns-4.1.19.Final.jar:/home/travis/build/icyphy/ptII/lib/netty-codec-http-4.1.19.Final.jar:/home/travis/build/icyphy/ptII/lib/netty-codec-http2-4.1.19.Final.jar:/home/travis/build/icyphy/ptII/lib/netty-common-4.1.19.Final.jar:/home/travis/build/icyphy/ptII/lib/netty-handler-4.1.19.Final.jar:/home/travis/build/icyphy/ptII/lib/netty-resolver-4.1.19.Final.jar:/home/travis/build/icyphy/ptII/lib/netty-resolver-dns-4.1.19.Final.jar:/home/travis/build/icyphy/ptII/lib/netty-transport-4.1.19.Final.jar:/home/travis/build/icyphy/ptII/lib/vertx-codegen-3.5.1.jar:/home/travis/build/icyphy/ptII/lib/vertx-core-3.5.2-SNAPSHOT.jar:/home/travis/build/icyphy/ptII/lib/vertx-hazelcast-3.5.1.jar:/home/travis/build/icyphy/ptII/lib/vertx-lang-js-3.5.1.jar:/home/travis/build/icyphy/ptII/lib/vertx-service-proxy-3.5.1.jar:/home/travis/build/icyphy/ptII/lib/vertx-web-3.5.1.jar:/home/travis/build/icyphy/ptII/lib/slf4j-api-1.7.13.jar:/home/travis/build/icyphy/ptII/lib/slf4j-simple-1.7.13.jar:/home/travis/build/icyphy/ptII/lib/webcam-capture-0.3.12.jar:/home/travis/build/icyphy/ptII/lib/bridj-0.7.0.jar:/home/travis/build/icyphy/ptII/lib/xbjlib-1.1.0.nrjavaserial.jar" />
    <property name="timeout" value="2400000" />
    <property name="test.batch" value="**/junit/*.java" />
    <property name="env._" value="/usr/bin/timeout" />
    <property name="java.io.tmpdir" value="/tmp" />
    <property name="user.language" value="en" />
    <property name="env.TRAVIS_INTERNAL_RUBY_REGEX" value="^ruby-(2\.[0-4]\.[0-9]|1\.9\.3)" />
    <property name="env.HISTCONTROL" value="ignoredups:ignorespace" />
    <property name="env.GOROOT" value="/home/travis/.gimme/versions/go1.11.1.linux.amd64" />
    <property name="line.separator" value="&#xa;" />
    <property name="target" value="11" />
    <property name="env.TRAVIS_BUILD_DIR" value="/home/travis/build/icyphy/ptII" />
    <property name="env.ANT_OPTS" value="-Xmx2048m" />
    <property name="ant.file.type" value="file" />
    <property name="ptolemy.ptII.batchMode" value="true" />
    <property name="env.HISTSIZE" value="1000" />
    <property name="env.MERB_ENV" value="test" />
    <property name="java.vm.info" value="mixed mode" />
    <property name="source" value="11" />
    <property name="java.vm.specification.name" value="Java Virtual Machine Specification" />
    <property name="env.TRAVIS_TEST_RESULT" value="0" />
    <property name="jsdoc.command" value="node_modules/@terraswarm/jsdoc/jsdoc.js" />
    <property name="npm.works" value="true" />
    <property name="cobertura.dir" value="/home/travis/build/icyphy/ptII/vendors/cobertura-2.0.3" />
    <property name="jsdoc.command.exists" value="true" />
    <property name="env.rvm_path" value="/home/travis/.rvm" />
    <property name="env.GEM_PATH" value="/home/travis/.rvm/gems/ruby-2.5.3:/home/travis/.rvm/gems/ruby-2.5.3@global" />
    <property name="env.LC_CTYPE" value="en_US.UTF-8" />
    <property name="env.TRAVIS_CMD" value="$PTII/bin/ptIITravisBuild.sh $SECONDS" />
    <property name="java.awt.printerjob" value="sun.print.PSPrinterJob" />
    <property name="env.TRAVIS_STACK_NAME" value="sardonyx" />
    <property name="env.TRAVIS_TIMER_START_TIME" value="1563598893139491112" />
    <property name="ant.version" value="Apache Ant(TM) version 1.10.1 compiled on February 2 2017" />
    <property name="ptII.reports" value="/home/travis/build/icyphy/ptII/reports" />
    <property name="env.TRAVIS_STACK_TIMESTAMP" value="2019-03-25 16:16:56 UTC" />
    <property name="ant.file.type.ptII" value="file" />
    <property name="env.RBENV_SHELL" value="bash" />
    <property name="os.name" value="Linux" />
    <property name="java.specification.vendor" value="Oracle Corporation" />
    <property name="env.rvm_version" value="1.29.7 (latest)" />
    <property name="env.TRAVIS_INFRA" value="unknown" />
    <property name="env.TERM" value="xterm" />
    <property name="java.vm.name" value="OpenJDK 64-Bit Server VM" />
    <property name="env.TRAVIS_BUILD_NUMBER" value="1259" />
    <property name="env.CI" value="true" />
    <property name="java.library.path" value="/home/travis/pthla/certi-tools/lib:/usr/lib/jni:/usr/local/share/OpenCV/java/:/usr/share/OpenCV/java::/usr/java/packages/lib:/usr/lib64:/lib64:/lib:/usr/lib" />
    <property name="jdk.module.path" value="/home/travis/build/icyphy/ptII/vendors/javafx/javafx-sdk-11.0.2/lib:" />
    <property name="env.rvm_prefix" value="/home/travis" />
    <property name="env.PATH" value="/home/travis/pthla/certi-tools/share/scripts:/home/travis/.rvm/gems/ruby-2.5.3/bin:/home/travis/.rvm/gems/ruby-2.5.3@global/bin:/home/travis/.rvm/rubies/ruby-2.5.3/bin:/home/travis/.rvm/bin:/home/travis/.nvm/versions/node/v7.10.1/bin:./node_modules/.bin:/home/travis/build/icyphy/ptII/bin:/home/travis/pthla/certi-tools/bin:/home/travis/bin:/home/travis/.local/bin:/usr/local/lib/jvm/openjdk11/bin:/opt/pyenv/shims:/home/travis/.phpenv/shims:/home/travis/perl5/perlbrew/bin:/home/travis/gopath/bin:/home/travis/.gimme/versions/go1.11.1.linux.amd64/bin:/usr/local/maven-3.6.0/bin:/usr/local/cmake-3.12.4/bin:/usr/local/clang-7.0.0/bin:/usr/local/sbin:/usr/local/bin:/usr/sbin:/usr/bin:/sbin:/bin:/snap/bin:/home/travis/.phpenv/bin:/opt/pyenv/bin:/home/travis/.yarn/bin" />
    <property name="env.TRAVIS_OS_NAME" value="linux" />
    <property name="ant.java.version" value="9" />
    <property name="basedir" value="/home/travis/build/icyphy/ptII" />
    <property name="java.class.version" value="55.0" />
    <property name="env.SHLVL" value="3" />
    <property name="env.LD_LIBRARY_PATH" value="/home/travis/pthla/certi-tools/lib:/usr/lib/jni:/usr/local/share/OpenCV/java/:/usr/share/OpenCV/java:" />
    <property name="env.RACK_ENV" value="test" />
    <property name="ant.home" value="/home/travis/build/icyphy/ptII/ant" />
    <property name="env.NVM_DIR" value="/home/travis/.nvm" />
    <property name="env.CERTI_FOM_PATH" value="/home/travis/pthla/certi-tools/share/federations" />
    <property name="env.TRAVIS_BUILD_ID" value="561307110" />
    <property name="env.PYENV_ROOT" value="/opt/pyenv" />
    <property name="env.TRAVIS_UID" value="2000" />
    <property name="prism.verbose" value="true" />
    <property name="env.NVM_BIN" value="/home/travis/.nvm/versions/node/v7.10.1/bin" />
    <property name="env.TRAVIS_COMMIT" value="b39579b856d145b663c45abbda85580137388658" />
    <property name="env._system_arch" value="x86_64" />
    <property name="node.executable" value="node" />
    <property name="sun.boot.library.path" value="/usr/local/lib/jvm/openjdk11/lib" />
    <property name="sun.management.compiler" value="HotSpot 64-Bit Tiered Compilers" />
    <property name="java.awt.graphicsenv" value="sun.awt.X11GraphicsEnvironment" />
    <property name="env.GOPATH" value="/home/travis/gopath" />
    <property name="ptolemy.ptII.dir" value="/home/travis/build/icyphy/ptII" />
    <property name="env.USER" value="travis" />
    <property name="env.HISTFILESIZE" value="2000" />
    <property name="timeout.longest" value="19000000" />
    <property name="env.PERLBREW_SHELLRC_VERSION" value="0.86" />
    <property name="env.TRAVIS_STACK_FEATURES" value="basic couchdb disabled-ipv6 docker docker-compose elasticsearch firefox go-toolchain google-chrome jdk memcached mongodb mysql nodejs_interpreter perl_interpreter perlbrew phantomjs postgresql python_interpreter redis ruby_interpreter sqlite xserver" />
    <property name="env.TRAVIS_PULL_REQUEST" value="false" />
    <property name="env.PYENV_SHELL" value="bash" />
    <property name="ant.project.name" value="ptII" />
    <property name="env.ANSI_RESET" value="\033[0m" />
    <property name="java.vm.specification.version" value="11" />
    <property name="env.TRAVIS_DIST" value="xenial" />
    <property name="env.CERTI_VERSION" value="4.0.0" />
    <property name="env.CERTI_HOST" value="localhost" />
    <property name="awt.toolkit" value="sun.awt.X11.XToolkit" />
    <property name="env.MY_RUBY_HOME" value="/home/travis/.rvm/rubies/ruby-2.5.3" />
    <property name="sun.cpu.isalist" value="" />
    <property name="env.TRAVIS_TMPDIR" value="/tmp/tmp.N2ThDNONQJ" />
    <property name="java.vm.compressedOopsMode" value="Zero based" />
    <property name="os.version" value="4.15.0-1028-gcp" />
    <property name="user.home" value="/home/travis" />
    <property name="java.vm.vendor" value="Oracle Corporation" />
    <property name="env.TRAVIS_TAG" value="nightly" />
    <property name="env.ANSI_YELLOW" value="\033[33;1m" />
    <property name="env.TRAVIS_FILTERED" value="redirect_io" />
    <property name="env.ANSI_GREEN" value="\033[32;1m" />
    <property name="env.JAVA_HOME" value="/usr/local/lib/jvm/openjdk11" />
    <property name="javadoc.excludepackagenames" value="adm.cvs2svn.*,build.*,config.*,doc.coding.templates.*,jni.test.jni.meaningOfLife.*,jni.test.jni.testDeux.*,jni.test.jni.testTrois.*,org.terraswarm.accessor.accessors.web.node_modules.*,org.terraswarm.accessor.accessors.web.hosts.cordova.demo.*,org.terraswarm.accessor.accessors.web.hosts.cordova.plugins.*,org.terraswarm.accessor.accessors-svn.*,pt-modules.*,ptolemy.apps.agilent.*,ptolemy.apps.anytimecontrol.*,ptolemy.apps.apes.*,ptolemy.apps.charon.*,ptolemy.apps.crazyboard.*,ptolemy.apps.eclipse.*,ptolemy.apps.etherealSting.*,ptolemy.apps.fullscreen.*,ptolemy.apps.giotto.*,ptolemy.apps.ia.*,ptolemy.apps.interfaces.*,ptolemy.apps.jmf.*,ptolemy.apps.kurt.*,ptolemy.apps.kvm.*,ptolemy.apps.lego.*,ptolemy.apps.lejos.*,ptolemy.apps.midp.*,ptolemy.apps.mobileCoding.*,ptolemy.apps.pendulum.*,ptolemy.apps.rijndael.*,ptolemy.apps.robot.*,ptolemy.apps.security.*,ptolemy.apps.sobel.*,ptolemy.apps.soot.*,ptolemy.apps.throttle.*,ptolemy.apps.tini.*,ptolemy.apps.transmission.*,ptolemy.apps.vergil.*,ptolemy.apps.waba.*,ptolemy.apps.websensor.*,ptolemy.apps.webstart.*,ptolemy.apps.xsl.*,ptolemy.apps.zaurus.*,ptolemy.codegen.c.actor.lib.oldJavaFiles.*,ptolemy.codegen.dsp.lib.*,ptolemy.codegen.kernel.newInterfaces.*,ptolemy.codegen.lib.*,ptolemy.copernicus.kernel.fragment.*,ptolemy.copernicus.shallow.cg.*,ptolemy.domains.giotto.demo.Hierarchy.Hierarchy.*,ptolemy.domains.giotto.demo.Multimode.Multimode.*,ptolemy.domains.giotto.demo.Simple.Simple.*,ptolemy.domains.gr.lib.experimental.*,ptolemy.domains.gro.*,ptolemy.domains.pdf.*,ptolemy.domains.ptinyos.demo.Surge.output.*,ptolemy.moml.test.NoPackageActor.java*,ptolemy.plot.adm.*,ptolemy.plot.servlet.*,reports.*,signed.*,src.*,target.*,vendors.*,ptolemy.copernicus.applet.*,ptolemy.media.viewer.*,ptolemy.actor.corba.*,doc.doclets.*,ptolemy.apps.eclipse.awt.*,ptolemy.backtrack.*,ptolemy.backtrack.ast.*,ptolemy.cg.adapter.generic.program.procedural.c.mbed*,ptolemy.homer.*,ptolemy.actor.lib.jai.*,org.ptolemy.scala.*,diva.util.java2d.svg.*,ptolemy.domains.ptinyos.*,ptolemy.actor.lib.fmi.fmipp.*,,org.terraswarm.accessor.accessors.web.node_modules.*,org.terraswarm.accessor.accessors-svn,ptolemy.apps.*,ptolemy.actor.ptalon.demo.ptinyos.SendAndReceiveCnt.output,ptolemy.actor.ptalon.demo.ptinyos.SenseToLeds.output,ptolemy.domains.ptinyos.demo.CntToLedsAndRfm.output,ptolemy.domains.ptinyos.demo.RfmToLeds.output,ptolemy.domains.ptinyos.demo.SendAndReceiveCnt.output,ptolemy.domains.ptinyos.demo.SenseToLeds.output,ptolemy.actor.lib.jjs.modules.udpSocket.*" />
    <property name="env.PTII" value="/home/travis/build/icyphy/ptII" />
    <property name="env.XDG_SESSION_ID" value="2" />
    <property name="keystore" value="ptKeystore" />
    <property name="env.TRAVIS_COMMIT_MESSAGE" value="Removed TextString3D because it fails under JDK12 and Linux, but not under JDK12 and Darwin.  See https://wiki.eecs.berkeley.edu/ptexternal/Main/Java3D#TriangleArray.3A_illegal_vertexCount" />
    <property name="junit.output.dir" value="/home/travis/build/icyphy/ptII/reports/junit" />
    <property name="npm.return.code" value="0" />
    <property name="user.dir" value="/home/travis/build/icyphy/ptII/ptolemy/domains/de/test" />
    <property name="env.TRAVIS_NODE_VERSION" value="7" />
    <property name="env.TRAVIS_EVENT_TYPE" value="cron" />
    <property name="env.MAIL" value="/var/mail/travis" />
    <property name="env.PERLBREW_ROOT" value="/home/travis/perl5/perlbrew" />
    <property name="env.PWD" value="/home/travis/build/icyphy/ptII" />
    <property name="timeout.npm" value="45000" />
    <property name="env.PT_TRAVIS_TEST_CORE2_XML" value="true" />
    <property name="env.TRAVIS_ARCH" value="amd64" />
    <property name="sun.cpu.endian" value="little" />
    <property name="env.PAGER" value="cat" />
    <property name="env.TRAVIS_BUILD_STAGE_NAME" value="Test" />
    <property name="env.PERLBREW_HOME" value="/home/travis/.perlbrew" />
    <property name="java.vm.version" value="11.0.2+9" />
    <property name="env.RAILS_ENV" value="test" />
    <property name="java.class.path" value="/home/travis/build/icyphy/ptII:/home/travis/build/icyphy/ptII/lib/bsh-2.0b4.jar:/home/travis/build/icyphy/ptII/lib/ptCal.jar:/home/travis/build/icyphy/ptII/lib/java_cup.jar:/home/travis/build/icyphy/ptII/lib/saxon8.jar:/home/travis/build/icyphy/ptII/lib/saxon8-dom.jar:/home/travis/build/icyphy/ptII/lib/chic.jar:/home/travis/build/icyphy/ptII/lib/ptcolt.jar:/home/travis/build/icyphy/ptII/vendors/misc/itext/iText.jar:/home/travis/build/icyphy/ptII/lib/g4ltl.jar:/home/travis/build/icyphy/ptII/lib/StructuralCoder.jar:/home/travis/build/icyphy/ptII/lib/jcerti.jar:/home/travis/build/icyphy/ptII/lib/javax.mail.jar:/home/travis/build/icyphy/ptII/vendors/JMF-2.1.1e/lib/jmf.jar:/home/travis/build/icyphy/ptII/lib/jna-4.0.0-variadic.jar:/home/travis/build/icyphy/ptII/vendors/misc/joystick/Joystick.jar:/home/travis/build/icyphy/ptII/lib/ptjacl.jar:/home/travis/build/icyphy/ptII/lib/jsoup-1.8.2.jar:/home/travis/build/icyphy/ptII/lib/junit-4.8.2.jar:/home/travis/build/icyphy/ptII/lib/JUnitParams-0.4.0.jar:/home/travis/build/icyphy/ptII/ptolemy/actor/lib/excel/jxl.jar:/home/travis/build/icyphy/ptII/lib/jython.jar:/home/travis/build/icyphy/ptII/lib/kieler.jar:/home/travis/build/icyphy/ptII/vendors/opencv/share/OpenCV/java/opencv-341.jar:/home/travis/build/icyphy/ptII/lib/oscP5.jar:/home/travis/build/icyphy/ptII/lib/nrjavaserial-3.11.0.devel.jar:/home/travis/build/icyphy/ptII/vendors/j3d/lib/Linux/j3dcore.jar:/home/travis/build/icyphy/ptII/vendors/j3d/lib/Linux/j3dutils.jar:/home/travis/build/icyphy/ptII/vendors/j3d/lib/Linux/vecmath.jar:/home/travis/build/icyphy/ptII/vendors/jogl/lib/Linux/gluegen-rt-natives-linux-amd64.jar:/home/travis/build/icyphy/ptII/vendors/jogl/lib/Linux/gluegen-rt.jar:/home/travis/build/icyphy/ptII/vendors/jogl/lib/Linux/jogl-all-natives-linux-amd64.jar:/home/travis/build/icyphy/ptII/vendors/jogl/lib/Linux/jogl-all.jar:/home/travis/build/icyphy/ptII/ptolemy/distributed/jini/jar/jini-core.jar:/home/travis/build/icyphy/ptII/ptolemy/distributed/jini/jar/jini-ext.jar:/home/travis/build/icyphy/ptII/ptolemy/distributed/jini/jar/sun-util.jar:/home/travis/build/icyphy/ptII/lib/protobuf-java-2.4.1.jar:/home/travis/build/icyphy/ptII/lib/org.eclipse.paho.client.mqttv3.jar:/home/travis/build/icyphy/ptII/lib/mapss.jar:/home/travis/build/icyphy/ptII/ptolemy/actor/ptalon/antlr/antlr.jar:/home/travis/build/icyphy/ptII/lib/JRI.jar:/home/travis/build/icyphy/ptII/lib/commons-lang-2.6.jar:/home/travis/build/icyphy/ptII/lib/commons-logging-1.1.1.jar:/home/travis/build/icyphy/ptII/lib/sootclasses.jar:/home/travis/build/icyphy/ptII/ptolemy/actor/lib/database/mysql-connector-java-5.1.6-bin.jar:/home/travis/build/icyphy/ptII/vendors/misc/sphinx4/sphinx4-data-5prealpha.jar:/home/travis/build/icyphy/ptII/vendors/misc/sphinx4/sphinx4-core-5prealpha.jar:/home/travis/build/icyphy/ptII/lib/PDFRenderer.jar:/home/travis/build/icyphy/ptII/lib/svgSalamander.jar:/home/travis/build/icyphy/ptII/lib/rsyntaxtextarea-2.6.0-SNAPSHOT.jar:/home/travis/build/icyphy/ptII/lib/hazelcast-3.8.2.jar:/home/travis/build/icyphy/ptII/lib/jackson-annotations-2.9.0.jar:/home/travis/build/icyphy/ptII/lib/jackson-core-2.9.3.jar:/home/travis/build/icyphy/ptII/lib/jackson-databind-2.9.3.jar:/home/travis/build/icyphy/ptII/lib/netty-buffer-4.1.19.Final.jar:/home/travis/build/icyphy/ptII/lib/netty-codec-4.1.19.Final.jar:/home/travis/build/icyphy/ptII/lib/netty-codec-dns-4.1.19.Final.jar:/home/travis/build/icyphy/ptII/lib/netty-codec-http-4.1.19.Final.jar:/home/travis/build/icyphy/ptII/lib/netty-codec-http2-4.1.19.Final.jar:/home/travis/build/icyphy/ptII/lib/netty-common-4.1.19.Final.jar:/home/travis/build/icyphy/ptII/lib/netty-handler-4.1.19.Final.jar:/home/travis/build/icyphy/ptII/lib/netty-resolver-4.1.19.Final.jar:/home/travis/build/icyphy/ptII/lib/netty-resolver-dns-4.1.19.Final.jar:/home/travis/build/icyphy/ptII/lib/netty-transport-4.1.19.Final.jar:/home/travis/build/icyphy/ptII/lib/vertx-codegen-3.5.1.jar:/home/travis/build/icyphy/ptII/lib/vertx-core-3.5.2-SNAPSHOT.jar:/home/travis/build/icyphy/ptII/lib/vertx-hazelcast-3.5.1.jar:/home/travis/build/icyphy/ptII/lib/vertx-lang-js-3.5.1.jar:/home/travis/build/icyphy/ptII/lib/vertx-service-proxy-3.5.1.jar:/home/travis/build/icyphy/ptII/lib/vertx-web-3.5.1.jar:/home/travis/build/icyphy/ptII/lib/slf4j-api-1.7.13.jar:/home/travis/build/icyphy/ptII/lib/slf4j-simple-1.7.13.jar:/home/travis/build/icyphy/ptII/lib/webcam-capture-0.3.12.jar:/home/travis/build/icyphy/ptII/lib/bridj-0.7.0.jar:/home/travis/build/icyphy/ptII/lib/xbjlib-1.1.0.nrjavaserial.jar:/home/travis/build/icyphy/ptII/ptolemy/moml/test:/home/travis/build/icyphy/ptII/ant/lib/ant-launcher.jar:/home/travis/build/icyphy/ptII/ant/lib/ant.jar:/home/travis/build/icyphy/ptII/ant/lib/ant-junit.jar:/home/travis/build/icyphy/ptII/ant/lib/ant-junit4.jar" />
    <property name="ant.library.dir" value="/home/travis/build/icyphy/ptII/ant/lib" />
    <property name="os.arch" value="amd64" />
    <property name="env.CONTINUOUS_INTEGRATION" value="true" />
    <property name="env.TRAVIS_LANGUAGE" value="node_js" />
    <property name="env.TRAVIS_STACK_LANGUAGES" value="__sardonyx__ c c++ clojure cplusplus cpp default generic go groovy java node_js php pure_java python ruby scala" />
    <property name="test.name" value="ptolemy.actor.lib.test.junit.JUnitTclTest" />
    <property name="env.APT_KEY_DONT_WARN_ON_DANGEROUS_USAGE" value="1" />
    <property name="sun.java.launcher" value="SUN_STANDARD" />
    <property name="env.PYTHON_CONFIGURE_OPTS" value="--enable-unicode=ucs4 --with-wide-unicode --enable-shared --enable-ipv6 --enable-loadable-sqlite-extensions --with-computed-gotos" />
    <property name="ant.core.lib" value="/home/travis/build/icyphy/ptII/ant/lib/ant.jar" />
    <property name="java.vm.specification.vendor" value="Oracle Corporation" />
    <property name="env.BCVTB_HOME" value="/home/travis/build/icyphy/ptII/lbnl" />
    <property name="file.separator" value="/" />
    <property name="spotbugs.home" value="/home/travis/build/icyphy/ptII/vendors/spotbugs-3.1.1" />
    <property name="java.runtime.version" value="11.0.2+9" />
    <property name="env.ANSI_CLEAR" value="\033[0K" />
    <property name="javafx.verbose" value="true" />
    <property name="env.HAS_JOSH_K_SEAL_OF_APPROVAL" value="true" />
    <property name="env.XDG_RUNTIME_DIR" value="/run/user/2000" />
    <property name="env.TRAVIS_OSX_IMAGE" value="" />
    <property name="env.TRAVIS_JOB_ID" value="561307133" />
    <property name="env.TRAVIS_BRANCH" value="master" />
    <property name="user.country" value="US" />
    <property name="env.CERTI_HOME_TRAVIS" value="/home/travis/pthla/certi-tools" />
    <property name="env.SHELL" value="/bin/bash" />
    <property name="java.maxmemory.large" value="4000m" />
    <property name="model" value="" />
    <property name="env.CASHER_DIR" value="/home/travis/.casher" />
    <property name="env.NVM_CD_FLAGS" value="" />
    <property name="java.vendor.version" value="18.9" />
    <property name="jshint.executable" value="/home/travis/node_modules/jshint/bin/jshint" />
    <property name="env.JRUBY_OPTS" value=" --client -J-XX:+TieredCompilation -J-XX:TieredStopAtLevel=1 -J-Xss2m -Xcompile.invokedynamic=false" />
    <property name="java.vendor" value="Oracle Corporation" />
    <property name="env.TRAVIS_PRE_CHEF_BOOTSTRAP_TIME" value="2019-03-25T16:16:42" />
    <property name="env.TRAVIS_STACK_JOB_BOARD_REGISTER" value="/.job-board-register.yml" />
    <property name="env.ANSI_RED" value="\033[31;1m" />
    <property name="java.specification.version" value="11" />
    <property name="env.IRBRC" value="/home/travis/.rvm/rubies/ruby-2.5.3/.irbrc" />
    <property name="env.TRAVIS" value="true" />
    <property name="sun.arch.data.model" value="64" />
  </properties>
  <testcase classname="ptolemy.util.test.junit.TclTests" name="[0] /home/travis/build/icyphy/ptII/ptolemy/domains/de/test/DependencyLoop.tcl (RunTclFile)" time="1.041" />
  <testcase classname="ptolemy.util.test.junit.TclTests" name="[1] /home/travis/build/icyphy/ptII/ptolemy/domains/de/test/RunDETestsAsQSS.tcl (RunTclFile)" time="90.495" />
  <testcase classname="ptolemy.util.test.junit.AutoKnownFailedTests" name="[0] /home/travis/build/icyphy/ptII/ptolemy/domains/de/test/auto/knownFailedTests/DESDFClockTest.xml (RunModel)" time="2.051" />
  <testcase classname="ptolemy.util.test.junit.AutoKnownFailedTests" name="[1] /home/travis/build/icyphy/ptII/ptolemy/domains/de/test/auto/knownFailedTests/DirectFeedback.xml (RunModel)" time="0.023" />
  <testcase classname="ptolemy.util.test.junit.AutoKnownFailedTests" name="[2] /home/travis/build/icyphy/ptII/ptolemy/domains/de/test/auto/knownFailedTests/FSMSource.xml (RunModel)" time="0.054" />
  <testcase classname="ptolemy.util.test.junit.AutoKnownFailedTests" name="[3] /home/travis/build/icyphy/ptII/ptolemy/domains/de/test/auto/knownFailedTests/HierarchicalModel.xml (RunModel)" time="0.049" />
  <testcase classname="ptolemy.util.test.junit.AutoKnownFailedTests" name="[4] /home/travis/build/icyphy/ptII/ptolemy/domains/de/test/auto/knownFailedTests/dependencyLoop.xml (RunModel)" time="0.061" />
  <testcase classname="ptolemy.util.test.junit.AutoKnownFailedTests" name="[5] /home/travis/build/icyphy/ptII/ptolemy/domains/de/test/auto/knownFailedTests/dependencyLoop2.xml (RunModel)" time="0.044" />
  <testcase classname="ptolemy.util.test.junit.AutoNameArchTests" name="[0] ThereAreNoAutoArchTests (RunModel)" time="0.001" />
  <testcase classname="ptolemy.util.test.junit.AutoTests" name="[0] /home/travis/build/icyphy/ptII/ptolemy/domains/de/test/auto/ActorDepthCalculation_actorWithoutPorts.xml (RunModel)" time="0.02" />
  <testcase classname="ptolemy.util.test.junit.AutoTests" name="[1] /home/travis/build/icyphy/ptII/ptolemy/domains/de/test/auto/AssemblyLine.xml (RunModel)" time="0.026" />
  <testcase classname="ptolemy.util.test.junit.AutoTests" name="[2] /home/travis/build/icyphy/ptII/ptolemy/domains/de/test/auto/CQBug1.xml (RunModel)" time="0.018" />
  <testcase classname="ptolemy.util.test.junit.AutoTests" name="[3] /home/travis/build/icyphy/ptII/ptolemy/domains/de/test/auto/CancelFireAt.xml (RunModel)" time="0.027" />
  <testcase classname="ptolemy.util.test.junit.AutoTests" name="[4] /home/travis/build/icyphy/ptII/ptolemy/domains/de/test/auto/CausalityAndComposabilityAnalysis.xml (RunModel)" time="0.017" />
  <testcase classname="ptolemy.util.test.junit.AutoTests" name="[5] /home/travis/build/icyphy/ptII/ptolemy/domains/de/test/auto/CausalityInterface1.xml (RunModel)" time="0.017" />
  <testcase classname="ptolemy.util.test.junit.AutoTests" name="[6] /home/travis/build/icyphy/ptII/ptolemy/domains/de/test/auto/CausalityInterface15.xml (RunModel)" time="0.013" />
  <testcase classname="ptolemy.util.test.junit.AutoTests" name="[7] /home/travis/build/icyphy/ptII/ptolemy/domains/de/test/auto/CausalityInterface2.xml (RunModel)" time="0.014" />
  <testcase classname="ptolemy.util.test.junit.AutoTests" name="[8] /home/travis/build/icyphy/ptII/ptolemy/domains/de/test/auto/CausalityInterface3.xml (RunModel)" time="0.014" />
  <testcase classname="ptolemy.util.test.junit.AutoTests" name="[9] /home/travis/build/icyphy/ptII/ptolemy/domains/de/test/auto/ClockDrift.xml (RunModel)" time="0.037" />
  <testcase classname="ptolemy.util.test.junit.AutoTests" name="[10] /home/travis/build/icyphy/ptII/ptolemy/domains/de/test/auto/ClockDriftAndValueChange.xml (RunModel)" time="0.033" />
  <testcase classname="ptolemy.util.test.junit.AutoTests" name="[11] /home/travis/build/icyphy/ptII/ptolemy/domains/de/test/auto/ClockDriftChange.xml (RunModel)" time="0.035" />
  <testcase classname="ptolemy.util.test.junit.AutoTests" name="[12] /home/travis/build/icyphy/ptII/ptolemy/domains/de/test/auto/ComposableCausalityAnalysis.xml (RunModel)" time="0.016" />
  <testcase classname="ptolemy.util.test.junit.AutoTests" name="[13] /home/travis/build/icyphy/ptII/ptolemy/domains/de/test/auto/DEFixedPointLimitation.xml (RunModel)" time="0.015" />
  <testcase classname="ptolemy.util.test.junit.AutoTests" name="[14] /home/travis/build/icyphy/ptII/ptolemy/domains/de/test/auto/DEScheduleTest.xml (RunModel)" time="0.018" />
  <testcase classname="ptolemy.util.test.junit.AutoTests" name="[15] /home/travis/build/icyphy/ptII/ptolemy/domains/de/test/auto/DEinDEwithStartTimes.xml (RunModel)" time="0.016" />
  <testcase classname="ptolemy.util.test.junit.AutoTests" name="[16] /home/travis/build/icyphy/ptII/ptolemy/domains/de/test/auto/DEinDEwithStartTimes2.xml (RunModel)" time="0.019" />
  <testcase classname="ptolemy.util.test.junit.AutoTests" name="[17] /home/travis/build/icyphy/ptII/ptolemy/domains/de/test/auto/DateDemo.xml (RunModel)" time="0.039" />
  <testcase classname="ptolemy.util.test.junit.AutoTests" name="[18] /home/travis/build/icyphy/ptII/ptolemy/domains/de/test/auto/DateToEvent.xml (RunModel)" time="2.045" />
  <testcase classname="ptolemy.util.test.junit.AutoTests" name="[19] /home/travis/build/icyphy/ptII/ptolemy/domains/de/test/auto/DepthTest1.xml (RunModel)" time="0.01" />
  <testcase classname="ptolemy.util.test.junit.AutoTests" name="[20] /home/travis/build/icyphy/ptII/ptolemy/domains/de/test/auto/DepthTest2.xml (RunModel)" time="0.034" />
  <testcase classname="ptolemy.util.test.junit.AutoTests" name="[21] /home/travis/build/icyphy/ptII/ptolemy/domains/de/test/auto/DepthTest3.xml (RunModel)" time="0.014" />
  <testcase classname="ptolemy.util.test.junit.AutoTests" name="[22] /home/travis/build/icyphy/ptII/ptolemy/domains/de/test/auto/DepthTest4.xml (RunModel)" time="0.021" />
  <testcase classname="ptolemy.util.test.junit.AutoTests" name="[23] /home/travis/build/icyphy/ptII/ptolemy/domains/de/test/auto/DepthTest5.xml (RunModel)" time="0.014" />
  <testcase classname="ptolemy.util.test.junit.AutoTests" name="[24] /home/travis/build/icyphy/ptII/ptolemy/domains/de/test/auto/DepthTest6.xml (RunModel)" time="0.014" />
  <testcase classname="ptolemy.util.test.junit.AutoTests" name="[25] /home/travis/build/icyphy/ptII/ptolemy/domains/de/test/auto/DepthTest7.xml (RunModel)" time="0.015" />
  <testcase classname="ptolemy.util.test.junit.AutoTests" name="[26] /home/travis/build/icyphy/ptII/ptolemy/domains/de/test/auto/EventToDate.xml (RunModel)" time="3.043" />
  <testcase classname="ptolemy.util.test.junit.AutoTests" name="[27] /home/travis/build/icyphy/ptII/ptolemy/domains/de/test/auto/FSM1.xml (RunModel)" time="0.052" />
  <testcase classname="ptolemy.util.test.junit.AutoTests" name="[28] /home/travis/build/icyphy/ptII/ptolemy/domains/de/test/auto/FSM7.xml (RunModel)" time="0.034" />
  <testcase classname="ptolemy.util.test.junit.AutoTests" name="[29] /home/travis/build/icyphy/ptII/ptolemy/domains/de/test/auto/Inspection.xml (RunModel)" time="0.05" />
  <testcase classname="ptolemy.util.test.junit.AutoTests" name="[30] /home/travis/build/icyphy/ptII/ptolemy/domains/de/test/auto/Iteration.xml (RunModel)" time="0.024" />
  <testcase classname="ptolemy.util.test.junit.AutoTests" name="[31] /home/travis/build/icyphy/ptII/ptolemy/domains/de/test/auto/LineFault.xml (RunModel)" time="0.628" />
  <testcase classname="ptolemy.util.test.junit.AutoTests" name="[32] /home/travis/build/icyphy/ptII/ptolemy/domains/de/test/auto/MergeModel1Add.xml (RunModel)" time="0.047" />
  <testcase classname="ptolemy.util.test.junit.AutoTests" name="[33] /home/travis/build/icyphy/ptII/ptolemy/domains/de/test/auto/MergeModel2Add.xml (RunModel)" time="0.044" />
  <testcase classname="ptolemy.util.test.junit.AutoTests" name="[34] /home/travis/build/icyphy/ptII/ptolemy/domains/de/test/auto/MergeModel3Add.xml (RunModel)" time="0.052" />
  <testcase classname="ptolemy.util.test.junit.AutoTests" name="[35] /home/travis/build/icyphy/ptII/ptolemy/domains/de/test/auto/MergeWithoutDiscard.xml (RunModel)" time="0.016" />
  <testcase classname="ptolemy.util.test.junit.AutoTests" name="[36] /home/travis/build/icyphy/ptII/ptolemy/domains/de/test/auto/Modal1.xml (RunModel)" time="0.026" />
  <testcase classname="ptolemy.util.test.junit.AutoTests" name="[37] /home/travis/build/icyphy/ptII/ptolemy/domains/de/test/auto/Modal2.xml (RunModel)" time="0.041" />
  <testcase classname="ptolemy.util.test.junit.AutoTests" name="[38] /home/travis/build/icyphy/ptII/ptolemy/domains/de/test/auto/Modal3.xml (RunModel)" time="0.028" />
  <testcase classname="ptolemy.util.test.junit.AutoTests" name="[39] /home/travis/build/icyphy/ptII/ptolemy/domains/de/test/auto/Modal4.xml (RunModel)" time="0.037" />
  <testcase classname="ptolemy.util.test.junit.AutoTests" name="[40] /home/travis/build/icyphy/ptII/ptolemy/domains/de/test/auto/Modal5.xml (RunModel)" time="0.03" />
  <testcase classname="ptolemy.util.test.junit.AutoTests" name="[41] /home/travis/build/icyphy/ptII/ptolemy/domains/de/test/auto/Modal6.xml (RunModel)" time="0.034" />
  <testcase classname="ptolemy.util.test.junit.AutoTests" name="[42] /home/travis/build/icyphy/ptII/ptolemy/domains/de/test/auto/Modal7.xml (RunModel)" time="0.035" />
  <testcase classname="ptolemy.util.test.junit.AutoTests" name="[43] /home/travis/build/icyphy/ptII/ptolemy/domains/de/test/auto/ModalModel.xml (RunModel)" time="0.181" />
  <testcase classname="ptolemy.util.test.junit.AutoTests" name="[44] /home/travis/build/icyphy/ptII/ptolemy/domains/de/test/auto/ModalSource.xml (RunModel)" time="0.02" />
  <testcase classname="ptolemy.util.test.junit.AutoTests" name="[45] /home/travis/build/icyphy/ptII/ptolemy/domains/de/test/auto/NonInterruptibleTimerZeroDelay.xml (RunModel)" time="0.01" />
  <testcase classname="ptolemy.util.test.junit.AutoTests" name="[46] /home/travis/build/icyphy/ptII/ptolemy/domains/de/test/auto/OpenQueueingNetwork.xml (RunModel)" time="2.541" />
  <testcase classname="ptolemy.util.test.junit.AutoTests" name="[47] /home/travis/build/icyphy/ptII/ptolemy/domains/de/test/auto/OpenQueuingNetwork.xml (RunModel)" time="0.301" />
  <testcase classname="ptolemy.util.test.junit.AutoTests" name="[48] /home/travis/build/icyphy/ptII/ptolemy/domains/de/test/auto/PeriodicSampler.xml (RunModel)" time="0.016" />
  <testcase classname="ptolemy.util.test.junit.AutoTests" name="[49] /home/travis/build/icyphy/ptII/ptolemy/domains/de/test/auto/PersistentIO.xml (RunModel)" time="0.026" />
  <testcase classname="ptolemy.util.test.junit.AutoTests" name="[50] /home/travis/build/icyphy/ptII/ptolemy/domains/de/test/auto/PortParameterResetOnInitialize.xml (RunModel)" time="0.012" />
  <testcase classname="ptolemy.util.test.junit.AutoTests" name="[51] /home/travis/build/icyphy/ptII/ptolemy/domains/de/test/auto/PortParameterUpdates.xml (RunModel)" time="0.017" />
  <testcase classname="ptolemy.util.test.junit.AutoTests" name="[52] /home/travis/build/icyphy/ptII/ptolemy/domains/de/test/auto/QueueAndServer.xml (RunModel)" time="0.024" />
  <testcase classname="ptolemy.util.test.junit.AutoTests" name="[53] /home/travis/build/icyphy/ptII/ptolemy/domains/de/test/auto/Records.xml (RunModel)" time="0.013" />
  <testcase classname="ptolemy.util.test.junit.AutoTests" name="[54] /home/travis/build/icyphy/ptII/ptolemy/domains/de/test/auto/ResetTransitionWithStartTime1.xml (RunModel)" time="0.017" />
  <testcase classname="ptolemy.util.test.junit.AutoTests" name="[55] /home/travis/build/icyphy/ptII/ptolemy/domains/de/test/auto/ResetTransitionWithStartTime2.xml (RunModel)" time="0.019" />
  <testcase classname="ptolemy.util.test.junit.AutoTests" name="[56] /home/travis/build/icyphy/ptII/ptolemy/domains/de/test/auto/ResetTransitionWithStartTime3.xml (RunModel)" time="0.019" />
  <testcase classname="ptolemy.util.test.junit.AutoTests" name="[57] /home/travis/build/icyphy/ptII/ptolemy/domains/de/test/auto/ResetTransitionWithStartTime4.xml (RunModel)" time="0.018" />
  <testcase classname="ptolemy.util.test.junit.AutoTests" name="[58] /home/travis/build/icyphy/ptII/ptolemy/domains/de/test/auto/ResettableTimer1.xml (RunModel)" time="0.012" />
  <testcase classname="ptolemy.util.test.junit.AutoTests" name="[59] /home/travis/build/icyphy/ptII/ptolemy/domains/de/test/auto/ResettableTimer2.xml (RunModel)" time="0.01" />
  <testcase classname="ptolemy.util.test.junit.AutoTests" name="[60] /home/travis/build/icyphy/ptII/ptolemy/domains/de/test/auto/ResettableTimer3.xml (RunModel)" time="0.009" />
  <testcase classname="ptolemy.util.test.junit.AutoTests" name="[61] /home/travis/build/icyphy/ptII/ptolemy/domains/de/test/auto/ResettableTimer4.xml (RunModel)" time="0.012" />
  <testcase classname="ptolemy.util.test.junit.AutoTests" name="[62] /home/travis/build/icyphy/ptII/ptolemy/domains/de/test/auto/ResettableTimer5.xml (RunModel)" time="0.014" />
  <testcase classname="ptolemy.util.test.junit.AutoTests" name="[63] /home/travis/build/icyphy/ptII/ptolemy/domains/de/test/auto/ResettableTimer6.xml (RunModel)" time="0.016" />
  <testcase classname="ptolemy.util.test.junit.AutoTests" name="[64] /home/travis/build/icyphy/ptII/ptolemy/domains/de/test/auto/ServerZeroDelay.xml (RunModel)" time="0.011" />
  <testcase classname="ptolemy.util.test.junit.AutoTests" name="[65] /home/travis/build/icyphy/ptII/ptolemy/domains/de/test/auto/SmartSender.xml (RunModel)" time="3.009" />
  <testcase classname="ptolemy.util.test.junit.AutoTests" name="[66] /home/travis/build/icyphy/ptII/ptolemy/domains/de/test/auto/ThreadedComposite.xml (RunModel)" time="0.136" />
  <testcase classname="ptolemy.util.test.junit.AutoTests" name="[67] /home/travis/build/icyphy/ptII/ptolemy/domains/de/test/auto/Time.xml (RunModel)" time="0.447" />
  <testcase classname="ptolemy.util.test.junit.AutoTests" name="[68] /home/travis/build/icyphy/ptII/ptolemy/domains/de/test/auto/TimeDelayZeroDelay.xml (RunModel)" time="0.011" />
  <testcase classname="ptolemy.util.test.junit.AutoTests" name="[69] /home/travis/build/icyphy/ptII/ptolemy/domains/de/test/auto/TimerZeroDelay.xml (RunModel)" time="0.014" />
  <testcase classname="ptolemy.util.test.junit.AutoTests" name="[70] /home/travis/build/icyphy/ptII/ptolemy/domains/de/test/auto/TimingParadox.xml (RunModel)" time="0.392" />
  <testcase classname="ptolemy.util.test.junit.AutoTests" name="[71] /home/travis/build/icyphy/ptII/ptolemy/domains/de/test/auto/TransferInputs.xml (RunModel)" time="0.014" />
  <testcase classname="ptolemy.util.test.junit.AutoTests" name="[72] /home/travis/build/icyphy/ptII/ptolemy/domains/de/test/auto/TransferOutputs2.xml (RunModel)" time="0.018" />
  <testcase classname="ptolemy.util.test.junit.AutoTests" name="[73] /home/travis/build/icyphy/ptII/ptolemy/domains/de/test/auto/Trilateration.xml (RunModel)" time="13.79" />
  <testcase classname="ptolemy.util.test.junit.AutoTests" name="[74] /home/travis/build/icyphy/ptII/ptolemy/domains/de/test/auto/TwoSigmaDelta.xml (RunModel)" time="2.233" />
  <testcase classname="ptolemy.util.test.junit.AutoTests" name="[75] /home/travis/build/icyphy/ptII/ptolemy/domains/de/test/auto/VariableDelay.xml (RunModel)" time="0.022" />
  <testcase classname="ptolemy.util.test.junit.AutoTests" name="[76] /home/travis/build/icyphy/ptII/ptolemy/domains/de/test/auto/VariableDelay2.xml (RunModel)" time="0.012" />
  <testcase classname="ptolemy.util.test.junit.AutoTests" name="[77] /home/travis/build/icyphy/ptII/ptolemy/domains/de/test/auto/VariableDelayZeroDelay.xml (RunModel)" time="0.013" />
  <testcase classname="ptolemy.util.test.junit.AutoTests" name="[78] /home/travis/build/icyphy/ptII/ptolemy/domains/de/test/auto/VariableDelayZeroDelay2.xml (RunModel)" time="0.011" />
  <testcase classname="ptolemy.util.test.junit.AutoTests" name="[79] /home/travis/build/icyphy/ptII/ptolemy/domains/de/test/auto/deInCt.xml (RunModel)" time="0.017" />
  <testcase classname="ptolemy.util.test.junit.AutoTests" name="[80] /home/travis/build/icyphy/ptII/ptolemy/domains/de/test/auto/deInCt2.xml (RunModel)" time="0.016" />
  <testcase classname="ptolemy.util.test.junit.AutoTests" name="[81] /home/travis/build/icyphy/ptII/ptolemy/domains/de/test/auto/dynamicCausalityInterface1.xml (RunModel)" time="0.017" />
  <testcase classname="ptolemy.util.test.junit.AutoTests" name="[82] /home/travis/build/icyphy/ptII/ptolemy/domains/de/test/auto/fsm_de_test.xml (RunModel)" time="0.026" />
  <testcase classname="ptolemy.util.test.junit.AutoTests" name="[83] /home/travis/build/icyphy/ptII/ptolemy/domains/de/test/auto/functionDependencyReconstruction.xml (RunModel)" time="0.051" />
  <testcase classname="ptolemy.util.test.junit.AutoTests" name="[84] /home/travis/build/icyphy/ptII/ptolemy/domains/de/test/auto/multirate.xml (RunModel)" time="0.015" />
  <testcase classname="ptolemy.util.test.junit.AutoTests" name="[85] /home/travis/build/icyphy/ptII/ptolemy/domains/de/test/auto/multirate2.xml (RunModel)" time="0.019" />
  <testcase classname="ptolemy.util.test.junit.AutoTests" name="[86] /home/travis/build/icyphy/ptII/ptolemy/domains/de/test/auto/realtime.xml (RunModel)" time="10.01" />
  <testcase classname="ptolemy.util.test.junit.AutoTests" name="[87] /home/travis/build/icyphy/ptII/ptolemy/domains/de/test/auto/relationGroup.xml (RunModel)" time="0.009" />
  <testcase classname="ptolemy.util.test.junit.AutoTests" name="[88] /home/travis/build/icyphy/ptII/ptolemy/domains/de/test/auto/relationGroup2.xml (RunModel)" time="0.007" />
  <testcase classname="ptolemy.util.test.junit.AutoTests" name="[89] /home/travis/build/icyphy/ptII/ptolemy/domains/de/test/auto/sortWithOpaquePorts.xml (RunModel)" time="0.011" />
  <testcase classname="ptolemy.util.test.junit.AutoTests" name="[90] /home/travis/build/icyphy/ptII/ptolemy/domains/de/test/auto/transferInputsandOutputs.xml (RunModel)" time="0.018" />
  <testcase classname="ptolemy.util.test.junit.AutoTests" name="[91] /home/travis/build/icyphy/ptII/ptolemy/domains/de/test/auto/triggerType.xml (RunModel)" time="0.008" />
  <system-out><![CDATA[/home/travis/build/icyphy/ptII/ptolemy/domains/de/test/DependencyLoop.tcl
testDefs.tcl: setting time out to 9000 seconds at Sat Jul 20 05:05:14 UTC 2019
86 ms. Memory: 120832K Free: 72134K (60%)
16 ms. Memory: 120832K Free: 54711K (45%)
/home/travis/build/icyphy/ptII/ptolemy/domains/de/test/RunDETestsAsQSS.tcl
Run the DE tests using ptolemy.domains.qss.test.QSSDirectorTest, which extends QSSDirector and prints a message in the constructors.
------------------ testing $PTII/ptolemy/domains/de/test/auto/knownFailedTests/DirectFeedback.xml (Known Failure) 
59 ms. Memory: 120832K Free: 48582K (40%)


==== $PTIIhome/travis/build/icyphy/ptII/ptolemy/domains/de/test/../../../../: Auto Automatic test in file $PTII/ptolemy/domains/de/test/auto/knownFailedTests/DirectFeedback.xml
==== Contents of test case:

	    # FIXME: we should use $relativeFilename here, but it
	    # might have backslashes under Windows, which causes no end
	    # of trouble.
	    createAndExecute $file
	    list {}
	
.... Test generated KNOWN error:
    while executing
ptolemy.kernel.util.IllegalActionException: Test fails in iteration 1.
Value was: 1.0. Should have been: 2.0
  in .DirectFeedback.Test
	at ptolemy.actor.lib.Test.fire(Test.java:268)
	at ptolemy.domains.de.kernel.DEDirector._fire(DEDirector.java:1949)
	at ptolemy.domains.de.kernel.DEDirector.fire(DEDirector.java:502)
	at ptolemy.actor.CompositeActor.fire(CompositeActor.java:455)
	at ptolemy.actor.Manager.iterate(Manager.java:851)
	at ptolemy.actor.Manager.execute(Manager.java:369)
	at ptolemy.actor.Manager.run(Manager.java:1263)
	at ptolemy.actor.Manager$PtolemyRunThread.run(Manager.java:1933)

    while executing
ptolemy.kernel.util.IllegalActionException: Test fails in iteration 1.
Value was: 1.0. Should have been: 2.0
  in .DirectFeedback.Test
    while executing
"java::new ptolemy.moml.MoMLSimpleApplication $file
"
    (procedure "createAndExecute" line 2)
    invoked from within
"createAndExecute $file"
    ("uplevel" body line 5)
    invoked from within
"uplevel $contents_of_test"
------------------ testing $PTII/ptolemy/domains/de/test/auto/knownFailedTests/dependencyLoop.xml (Known Failure) 
54 ms. Memory: 120832K Free: 108131K (89%)


==== $PTIIhome/travis/build/icyphy/ptII/ptolemy/domains/de/test/../../../../: Auto Automatic test in file $PTII/ptolemy/domains/de/test/auto/knownFailedTests/dependencyLoop.xml
==== Contents of test case:

	    # FIXME: we should use $relativeFilename here, but it
	    # might have backslashes under Windows, which causes no end
	    # of trouble.
	    createAndExecute $file
	    list {}
	
.... Test generated KNOWN error:
    while executing
ptolemy.kernel.util.IllegalActionException: Found a zero delay loop containing .dependencyLoop.original
  in .dependencyLoop and .dependencyLoop.original
	at ptolemy.actor.util.CausalityInterfaceForComposites._computeOutputPortDepth(CausalityInterfaceForComposites.java:759)
	at ptolemy.actor.util.CausalityInterfaceForComposites._computeInputDepth(CausalityInterfaceForComposites.java:696)
	at ptolemy.actor.util.CausalityInterfaceForComposites._computeOutputPortDepth(CausalityInterfaceForComposites.java:765)
	at ptolemy.actor.util.CausalityInterfaceForComposites._computeInputDepth(CausalityInterfaceForComposites.java:696)
	at ptolemy.actor.util.CausalityInterfaceForComposites._computeOutputPortDepth(CausalityInterfaceForComposites.java:765)
	at ptolemy.actor.util.CausalityInterfaceForComposites._computeInputDepth(CausalityInterfaceForComposites.java:696)
	at ptolemy.actor.util.CausalityInterfaceForComposites._computeActorDepth(CausalityInterfaceForComposites.java:532)
	at ptolemy.actor.util.CausalityInterfaceForComposites.checkForCycles(CausalityInterfaceForComposites.java:96)
	at ptolemy.domains.de.kernel.DEDirector.preinitialize(DEDirector.java:1338)
	at ptolemy.actor.CompositeActor.preinitialize(CompositeActor.java:1828)
	at ptolemy.actor.Manager.preinitializeAndResolveTypes(Manager.java:1040)
	at ptolemy.actor.Manager.initialize(Manager.java:710)
	at ptolemy.actor.Manager.execute(Manager.java:356)
	at ptolemy.actor.Manager.run(Manager.java:1263)
	at ptolemy.actor.Manager$PtolemyRunThread.run(Manager.java:1933)

    while executing
ptolemy.kernel.util.IllegalActionException: Found a zero delay loop containing .dependencyLoop.original
  in .dependencyLoop and .dependencyLoop.original
    while executing
"java::new ptolemy.moml.MoMLSimpleApplication $file
"
    (procedure "createAndExecute" line 2)
    invoked from within
"createAndExecute $file"
    ("uplevel" body line 5)
    invoked from within
"uplevel $contents_of_test"
------------------ testing $PTII/ptolemy/domains/de/test/auto/knownFailedTests/FSMSource.xml (Known Failure) 
40 ms. Memory: 120832K Free: 98709K (82%)
!!!! Auto was marked as failing, but now passes
------------------ testing $PTII/ptolemy/domains/de/test/auto/knownFailedTests/HierarchicalModel.xml (Known Failure) 
7 ms. Memory: 120832K Free: 81550K (67%)


==== $PTIIhome/travis/build/icyphy/ptII/ptolemy/domains/de/test/../../../../: Auto Automatic test in file $PTII/ptolemy/domains/de/test/auto/knownFailedTests/HierarchicalModel.xml
==== Contents of test case:

	    # FIXME: we should use $relativeFilename here, but it
	    # might have backslashes under Windows, which causes no end
	    # of trouble.
	    createAndExecute $file
	    list {}
	
.... Test generated KNOWN error:
    while executing
ptolemy.kernel.util.IllegalActionException: Found a zero delay loop containing .HierarchicalModel.A
  in .HierarchicalModel and .HierarchicalModel.A
	at ptolemy.actor.util.CausalityInterfaceForComposites._computeOutputPortDepth(CausalityInterfaceForComposites.java:759)
	at ptolemy.actor.util.CausalityInterfaceForComposites._computeInputDepth(CausalityInterfaceForComposites.java:696)
	at ptolemy.actor.util.CausalityInterfaceForComposites._computeOutputPortDepth(CausalityInterfaceForComposites.java:765)
	at ptolemy.actor.util.CausalityInterfaceForComposites._computeInputDepth(CausalityInterfaceForComposites.java:696)
	at ptolemy.actor.util.CausalityInterfaceForComposites._computeOutputPortDepth(CausalityInterfaceForComposites.java:765)
	at ptolemy.actor.util.CausalityInterfaceForComposites._computeInputDepth(CausalityInterfaceForComposites.java:696)
	at ptolemy.actor.util.CausalityInterfaceForComposites._computeActorDepth(CausalityInterfaceForComposites.java:532)
	at ptolemy.actor.util.CausalityInterfaceForComposites.checkForCycles(CausalityInterfaceForComposites.java:96)
	at ptolemy.domains.de.kernel.DEDirector.preinitialize(DEDirector.java:1338)
	at ptolemy.actor.CompositeActor.preinitialize(CompositeActor.java:1828)
	at ptolemy.actor.Manager.preinitializeAndResolveTypes(Manager.java:1040)
	at ptolemy.actor.Manager.initialize(Manager.java:710)
	at ptolemy.actor.Manager.execute(Manager.java:356)
	at ptolemy.actor.Manager.run(Manager.java:1263)
	at ptolemy.actor.Manager$PtolemyRunThread.run(Manager.java:1933)

    while executing
ptolemy.kernel.util.IllegalActionException: Found a zero delay loop containing .HierarchicalModel.A
  in .HierarchicalModel and .HierarchicalModel.A
    while executing
"java::new ptolemy.moml.MoMLSimpleApplication $file
"
    (procedure "createAndExecute" line 2)
    invoked from within
"createAndExecute $file"
    ("uplevel" body line 5)
    invoked from within
"uplevel $contents_of_test"
------------------ testing $PTII/ptolemy/domains/de/test/auto/knownFailedTests/dependencyLoop2.xml (Known Failure) 
32 ms. Memory: 120832K Free: 105266K (87%)


==== $PTIIhome/travis/build/icyphy/ptII/ptolemy/domains/de/test/../../../../: Auto Automatic test in file $PTII/ptolemy/domains/de/test/auto/knownFailedTests/dependencyLoop2.xml
==== Contents of test case:

	    # FIXME: we should use $relativeFilename here, but it
	    # might have backslashes under Windows, which causes no end
	    # of trouble.
	    createAndExecute $file
	    list {}
	
.... Test generated KNOWN error:
    while executing
ptolemy.kernel.util.IllegalActionException: Found a zero delay loop containing .dependencyLoop2.original
  in .dependencyLoop2 and .dependencyLoop2.original
	at ptolemy.actor.util.CausalityInterfaceForComposites._computeOutputPortDepth(CausalityInterfaceForComposites.java:759)
	at ptolemy.actor.util.CausalityInterfaceForComposites._computeInputDepth(CausalityInterfaceForComposites.java:696)
	at ptolemy.actor.util.CausalityInterfaceForComposites._computeOutputPortDepth(CausalityInterfaceForComposites.java:765)
	at ptolemy.actor.util.CausalityInterfaceForComposites._computeInputDepth(CausalityInterfaceForComposites.java:696)
	at ptolemy.actor.util.CausalityInterfaceForComposites._computeOutputPortDepth(CausalityInterfaceForComposites.java:765)
	at ptolemy.actor.util.CausalityInterfaceForComposites._computeInputDepth(CausalityInterfaceForComposites.java:696)
	at ptolemy.actor.util.CausalityInterfaceForComposites._computeActorDepth(CausalityInterfaceForComposites.java:532)
	at ptolemy.actor.util.CausalityInterfaceForComposites.checkForCycles(CausalityInterfaceForComposites.java:96)
	at ptolemy.domains.de.kernel.DEDirector.preinitialize(DEDirector.java:1338)
	at ptolemy.actor.CompositeActor.preinitialize(CompositeActor.java:1828)
	at ptolemy.actor.Manager.preinitializeAndResolveTypes(Manager.java:1040)
	at ptolemy.actor.Manager.initialize(Manager.java:710)
	at ptolemy.actor.Manager.execute(Manager.java:356)
	at ptolemy.actor.Manager.run(Manager.java:1263)
	at ptolemy.actor.Manager$PtolemyRunThread.run(Manager.java:1933)

    while executing
ptolemy.kernel.util.IllegalActionException: Found a zero delay loop containing .dependencyLoop2.original
  in .dependencyLoop2 and .dependencyLoop2.original
    while executing
"java::new ptolemy.moml.MoMLSimpleApplication $file
"
    (procedure "createAndExecute" line 2)
    invoked from within
"createAndExecute $file"
    ("uplevel" body line 5)
    invoked from within
"uplevel $contents_of_test"
------------------ testing $PTII/ptolemy/domains/de/test/auto/knownFailedTests/DESDFClockTest.xml (Known Failure) 
2058 ms. Memory: 120832K Free: 91954K (76%)


==== $PTIIhome/travis/build/icyphy/ptII/ptolemy/domains/de/test/../../../../: Auto Automatic test in file $PTII/ptolemy/domains/de/test/auto/knownFailedTests/DESDFClockTest.xml
==== Contents of test case:

	    # FIXME: we should use $relativeFilename here, but it
	    # might have backslashes under Windows, which causes no end
	    # of trouble.
	    createAndExecute $file
	    list {}
	
.... Test generated KNOWN error:
    while executing
ptolemy.kernel.util.IllegalActionException: Actor is not ready to fire.  Perhaps UpSample.prefire() returned false? Try debugging the actor by selecting "Listen to Actor".  Also, for SDF check moml for tokenConsumptionRate on input.
  in .DESDFClockTest.Play Bell.Copy1:SDF Director and .DESDFClockTest.Play Bell.UpSample
	at ptolemy.actor.sched.StaticSchedulingDirector.fire(StaticSchedulingDirector.java:227)
	at ptolemy.domains.sdf.kernel.SDFDirector.fire(SDFDirector.java:500)
	at ptolemy.actor.CompositeActor.fire(CompositeActor.java:455)
	at ptolemy.domains.de.kernel.DEDirector._fire(DEDirector.java:1949)
	at ptolemy.domains.de.kernel.DEDirector.fire(DEDirector.java:502)
	at ptolemy.actor.CompositeActor.fire(CompositeActor.java:455)
	at ptolemy.actor.Manager.iterate(Manager.java:851)
	at ptolemy.actor.Manager.execute(Manager.java:369)
	at ptolemy.actor.Manager.run(Manager.java:1263)
	at ptolemy.actor.Manager$PtolemyRunThread.run(Manager.java:1933)

    while executing
ptolemy.kernel.util.IllegalActionException: Actor is not ready to fire.  Perhaps UpSample.prefire() returned false? Try debugging the actor by selecting "Listen to Actor".  Also, for SDF check moml for tokenConsumptionRate on input.
  in .DESDFClockTest.Play Bell.Copy1:SDF Director and .DESDFClockTest.Play Bell.UpSample
    while executing
"java::new ptolemy.moml.MoMLSimpleApplication $file
"
    (procedure "createAndExecute" line 2)
    invoked from within
"createAndExecute $file"
    ("uplevel" body line 5)
    invoked from within
"uplevel $contents_of_test"
------------------ testing $PTII/ptolemy/domains/de/test/auto/ActorDepthCalculation_actorWithoutPorts.xml
auto.tcl: Setting watchdog for 200 seconds at Sat Jul 20 05:05:18 UTC 2019
8 ms. Memory: 120832K Free: 84258K (70%)
ptolemy.util.test.WatchDog.cancel(): canceling Sat Jul 20 05:05:18 UTC 2019
auto.tcl: Setting watchdog for 200 seconds at Sat Jul 20 05:05:18 UTC 2019
5 ms. Memory: 120832K Free: 82738K (68%)
ptolemy.util.test.WatchDog.cancel(): canceling Sat Jul 20 05:05:18 UTC 2019
------------------ testing $PTII/ptolemy/domains/de/test/auto/AssemblyLine.xml
auto.tcl: Setting watchdog for 200 seconds at Sat Jul 20 05:05:19 UTC 2019
13 ms. Memory: 48128K Free: 25520K (53%)
ptolemy.util.test.WatchDog.cancel(): canceling Sat Jul 20 05:05:19 UTC 2019
auto.tcl: Setting watchdog for 200 seconds at Sat Jul 20 05:05:19 UTC 2019
7 ms. Memory: 48128K Free: 25089K (52%)
ptolemy.util.test.WatchDog.cancel(): canceling Sat Jul 20 05:05:19 UTC 2019
------------------ testing $PTII/ptolemy/domains/de/test/auto/CQBug1.xml
auto.tcl: Setting watchdog for 200 seconds at Sat Jul 20 05:05:19 UTC 2019
3 ms. Memory: 48128K Free: 31569K (66%)
ptolemy.util.test.WatchDog.cancel(): canceling Sat Jul 20 05:05:19 UTC 2019
auto.tcl: Setting watchdog for 200 seconds at Sat Jul 20 05:05:19 UTC 2019
2 ms. Memory: 48128K Free: 31130K (65%)
ptolemy.util.test.WatchDog.cancel(): canceling Sat Jul 20 05:05:19 UTC 2019
------------------ testing $PTII/ptolemy/domains/de/test/auto/CancelFireAt.xml
auto.tcl: Setting watchdog for 200 seconds at Sat Jul 20 05:05:19 UTC 2019
3 ms. Memory: 45056K Free: 29716K (66%)
ptolemy.util.test.WatchDog.cancel(): canceling Sat Jul 20 05:05:19 UTC 2019
auto.tcl: Setting watchdog for 200 seconds at Sat Jul 20 05:05:19 UTC 2019
2 ms. Memory: 45056K Free: 29325K (65%)
ptolemy.util.test.WatchDog.cancel(): canceling Sat Jul 20 05:05:19 UTC 2019
------------------ testing $PTII/ptolemy/domains/de/test/auto/CausalityAndComposabilityAnalysis.xml
auto.tcl: Setting watchdog for 200 seconds at Sat Jul 20 05:05:19 UTC 2019
7 ms. Memory: 45056K Free: 27400K (61%)
ptolemy.util.test.WatchDog.cancel(): canceling Sat Jul 20 05:05:19 UTC 2019
auto.tcl: Setting watchdog for 200 seconds at Sat Jul 20 05:05:19 UTC 2019
6 ms. Memory: 45056K Free: 26944K (60%)
ptolemy.util.test.WatchDog.cancel(): canceling Sat Jul 20 05:05:19 UTC 2019
------------------ testing $PTII/ptolemy/domains/de/test/auto/CausalityInterface1.xml
auto.tcl: Setting watchdog for 200 seconds at Sat Jul 20 05:05:19 UTC 2019
31 ms. Memory: 45056K Free: 26390K (59%)
ptolemy.util.test.WatchDog.cancel(): canceling Sat Jul 20 05:05:19 UTC 2019
auto.tcl: Setting watchdog for 200 seconds at Sat Jul 20 05:05:19 UTC 2019
5 ms. Memory: 45056K Free: 25076K (56%)
ptolemy.util.test.WatchDog.cancel(): canceling Sat Jul 20 05:05:19 UTC 2019
------------------ testing $PTII/ptolemy/domains/de/test/auto/CausalityInterface15.xml
auto.tcl: Setting watchdog for 200 seconds at Sat Jul 20 05:05:19 UTC 2019
11 ms. Memory: 45056K Free: 26550K (59%)
ptolemy.util.test.WatchDog.cancel(): canceling Sat Jul 20 05:05:19 UTC 2019
auto.tcl: Setting watchdog for 200 seconds at Sat Jul 20 05:05:19 UTC 2019
9 ms. Memory: 45056K Free: 25399K (56%)
ptolemy.util.test.WatchDog.cancel(): canceling Sat Jul 20 05:05:19 UTC 2019
------------------ testing $PTII/ptolemy/domains/de/test/auto/CausalityInterface2.xml
auto.tcl: Setting watchdog for 200 seconds at Sat Jul 20 05:05:19 UTC 2019
8 ms. Memory: 45056K Free: 26539K (59%)
ptolemy.util.test.WatchDog.cancel(): canceling Sat Jul 20 05:05:19 UTC 2019
auto.tcl: Setting watchdog for 200 seconds at Sat Jul 20 05:05:19 UTC 2019
3 ms. Memory: 45056K Free: 26149K (58%)
ptolemy.util.test.WatchDog.cancel(): canceling Sat Jul 20 05:05:19 UTC 2019
------------------ testing $PTII/ptolemy/domains/de/test/auto/CausalityInterface3.xml
auto.tcl: Setting watchdog for 200 seconds at Sat Jul 20 05:05:19 UTC 2019
5 ms. Memory: 45056K Free: 26550K (59%)
ptolemy.util.test.WatchDog.cancel(): canceling Sat Jul 20 05:05:19 UTC 2019
auto.tcl: Setting watchdog for 200 seconds at Sat Jul 20 05:05:19 UTC 2019
3 ms. Memory: 45056K Free: 25764K (57%)
ptolemy.util.test.WatchDog.cancel(): canceling Sat Jul 20 05:05:19 UTC 2019
------------------ testing $PTII/ptolemy/domains/de/test/auto/ClockDrift.xml
auto.tcl: Setting watchdog for 200 seconds at Sat Jul 20 05:05:20 UTC 2019
85 ms. Memory: 45056K Free: 19155K (43%)
ptolemy.util.test.WatchDog.cancel(): canceling Sat Jul 20 05:05:20 UTC 2019
auto.tcl: Setting watchdog for 200 seconds at Sat Jul 20 05:05:20 UTC 2019
77 ms. Memory: 45056K Free: 16168K (36%)
ptolemy.util.test.WatchDog.cancel(): canceling Sat Jul 20 05:05:20 UTC 2019
------------------ testing $PTII/ptolemy/domains/de/test/auto/ClockDriftAndValueChange.xml
auto.tcl: Setting watchdog for 200 seconds at Sat Jul 20 05:05:20 UTC 2019
50 ms. Memory: 45056K Free: 19219K (43%)
ptolemy.util.test.WatchDog.cancel(): canceling Sat Jul 20 05:05:20 UTC 2019
auto.tcl: Setting watchdog for 200 seconds at Sat Jul 20 05:05:20 UTC 2019
31 ms. Memory: 45056K Free: 16374K (36%)
ptolemy.util.test.WatchDog.cancel(): canceling Sat Jul 20 05:05:20 UTC 2019
------------------ testing $PTII/ptolemy/domains/de/test/auto/ClockDriftChange.xml
auto.tcl: Setting watchdog for 200 seconds at Sat Jul 20 05:05:20 UTC 2019
25 ms. Memory: 45056K Free: 21024K (47%)
ptolemy.util.test.WatchDog.cancel(): canceling Sat Jul 20 05:05:20 UTC 2019
auto.tcl: Setting watchdog for 200 seconds at Sat Jul 20 05:05:20 UTC 2019
20 ms. Memory: 45056K Free: 18493K (41%)
ptolemy.util.test.WatchDog.cancel(): canceling Sat Jul 20 05:05:20 UTC 2019
------------------ testing $PTII/ptolemy/domains/de/test/auto/ComposableCausalityAnalysis.xml
auto.tcl: Setting watchdog for 200 seconds at Sat Jul 20 05:05:20 UTC 2019
2 ms. Memory: 45056K Free: 25668K (57%)
ptolemy.util.test.WatchDog.cancel(): canceling Sat Jul 20 05:05:20 UTC 2019
auto.tcl: Setting watchdog for 200 seconds at Sat Jul 20 05:05:20 UTC 2019
5 ms. Memory: 45056K Free: 24654K (55%)
ptolemy.util.test.WatchDog.cancel(): canceling Sat Jul 20 05:05:20 UTC 2019
------------------ testing $PTII/ptolemy/domains/de/test/auto/DEFixedPointLimitation.xml
auto.tcl: Setting watchdog for 200 seconds at Sat Jul 20 05:05:20 UTC 2019
3 ms. Memory: 45056K Free: 27026K (60%)
ptolemy.util.test.WatchDog.cancel(): canceling Sat Jul 20 05:05:20 UTC 2019
auto.tcl: Setting watchdog for 200 seconds at Sat Jul 20 05:05:20 UTC 2019
2 ms. Memory: 45056K Free: 26111K (58%)
ptolemy.util.test.WatchDog.cancel(): canceling Sat Jul 20 05:05:20 UTC 2019
------------------ testing $PTII/ptolemy/domains/de/test/auto/DEScheduleTest.xml
auto.tcl: Setting watchdog for 200 seconds at Sat Jul 20 05:05:20 UTC 2019
7 ms. Memory: 45056K Free: 27306K (61%)
ptolemy.util.test.WatchDog.cancel(): canceling Sat Jul 20 05:05:20 UTC 2019
auto.tcl: Setting watchdog for 200 seconds at Sat Jul 20 05:05:20 UTC 2019
4 ms. Memory: 45056K Free: 26551K (59%)
ptolemy.util.test.WatchDog.cancel(): canceling Sat Jul 20 05:05:20 UTC 2019
------------------ testing $PTII/ptolemy/domains/de/test/auto/DEinDEwithStartTimes.xml
auto.tcl: Setting watchdog for 200 seconds at Sat Jul 20 05:05:20 UTC 2019
4 ms. Memory: 45056K Free: 25485K (57%)
ptolemy.util.test.WatchDog.cancel(): canceling Sat Jul 20 05:05:20 UTC 2019
auto.tcl: Setting watchdog for 200 seconds at Sat Jul 20 05:05:20 UTC 2019
7 ms. Memory: 45056K Free: 24426K (54%)
ptolemy.util.test.WatchDog.cancel(): canceling Sat Jul 20 05:05:20 UTC 2019
------------------ testing $PTII/ptolemy/domains/de/test/auto/DEinDEwithStartTimes2.xml
auto.tcl: Setting watchdog for 200 seconds at Sat Jul 20 05:05:20 UTC 2019
8 ms. Memory: 45056K Free: 24766K (55%)
ptolemy.util.test.WatchDog.cancel(): canceling Sat Jul 20 05:05:21 UTC 2019
auto.tcl: Setting watchdog for 200 seconds at Sat Jul 20 05:05:21 UTC 2019
8 ms. Memory: 45056K Free: 23381K (52%)
ptolemy.util.test.WatchDog.cancel(): canceling Sat Jul 20 05:05:21 UTC 2019
------------------ testing $PTII/ptolemy/domains/de/test/auto/DateDemo.xml
auto.tcl: Setting watchdog for 200 seconds at Sat Jul 20 05:05:21 UTC 2019
25 ms. Memory: 45056K Free: 19032K (42%)
ptolemy.util.test.WatchDog.cancel(): canceling Sat Jul 20 05:05:21 UTC 2019
auto.tcl: Setting watchdog for 200 seconds at Sat Jul 20 05:05:21 UTC 2019
10 ms. Memory: 45056K Free: 17479K (39%)
ptolemy.util.test.WatchDog.cancel(): canceling Sat Jul 20 05:05:21 UTC 2019
------------------ testing $PTII/ptolemy/domains/de/test/auto/DateToEvent.xml
auto.tcl: Setting watchdog for 200 seconds at Sat Jul 20 05:05:21 UTC 2019
2019 ms. Memory: 45056K Free: 14941K (33%)
ptolemy.util.test.WatchDog.cancel(): canceling Sat Jul 20 05:05:23 UTC 2019
auto.tcl: Setting watchdog for 200 seconds at Sat Jul 20 05:05:23 UTC 2019
2007 ms. Memory: 45056K Free: 14243K (32%)
ptolemy.util.test.WatchDog.cancel(): canceling Sat Jul 20 05:05:25 UTC 2019
------------------ testing $PTII/ptolemy/domains/de/test/auto/DepthTest1.xml
auto.tcl: Setting watchdog for 200 seconds at Sat Jul 20 05:05:25 UTC 2019
5 ms. Memory: 45056K Free: 28090K (62%)
ptolemy.util.test.WatchDog.cancel(): canceling Sat Jul 20 05:05:25 UTC 2019
auto.tcl: Setting watchdog for 200 seconds at Sat Jul 20 05:05:25 UTC 2019
1 ms. Memory: 45056K Free: 27308K (61%)
ptolemy.util.test.WatchDog.cancel(): canceling Sat Jul 20 05:05:25 UTC 2019
------------------ testing $PTII/ptolemy/domains/de/test/auto/DepthTest2.xml
auto.tcl: Setting watchdog for 200 seconds at Sat Jul 20 05:05:25 UTC 2019
3 ms. Memory: 45056K Free: 25009K (56%)
ptolemy.util.test.WatchDog.cancel(): canceling Sat Jul 20 05:05:25 UTC 2019
auto.tcl: Setting watchdog for 200 seconds at Sat Jul 20 05:05:25 UTC 2019
2 ms. Memory: 45056K Free: 24418K (54%)
ptolemy.util.test.WatchDog.cancel(): canceling Sat Jul 20 05:05:25 UTC 2019
------------------ testing $PTII/ptolemy/domains/de/test/auto/DepthTest3.xml
auto.tcl: Setting watchdog for 200 seconds at Sat Jul 20 05:05:25 UTC 2019
4 ms. Memory: 45056K Free: 28573K (63%)
ptolemy.util.test.WatchDog.cancel(): canceling Sat Jul 20 05:05:25 UTC 2019
auto.tcl: Setting watchdog for 200 seconds at Sat Jul 20 05:05:25 UTC 2019
2 ms. Memory: 45056K Free: 28038K (62%)
ptolemy.util.test.WatchDog.cancel(): canceling Sat Jul 20 05:05:25 UTC 2019
------------------ testing $PTII/ptolemy/domains/de/test/auto/DepthTest4.xml
auto.tcl: Setting watchdog for 200 seconds at Sat Jul 20 05:05:25 UTC 2019
6 ms. Memory: 45056K Free: 26776K (59%)
ptolemy.util.test.WatchDog.cancel(): canceling Sat Jul 20 05:05:25 UTC 2019
auto.tcl: Setting watchdog for 200 seconds at Sat Jul 20 05:05:25 UTC 2019
2 ms. Memory: 45056K Free: 26039K (58%)
ptolemy.util.test.WatchDog.cancel(): canceling Sat Jul 20 05:05:25 UTC 2019
------------------ testing $PTII/ptolemy/domains/de/test/auto/DepthTest5.xml
auto.tcl: Setting watchdog for 200 seconds at Sat Jul 20 05:05:25 UTC 2019
3 ms. Memory: 45056K Free: 26188K (58%)
ptolemy.util.test.WatchDog.cancel(): canceling Sat Jul 20 05:05:25 UTC 2019
auto.tcl: Setting watchdog for 200 seconds at Sat Jul 20 05:05:25 UTC 2019
3 ms. Memory: 45056K Free: 25456K (56%)
ptolemy.util.test.WatchDog.cancel(): canceling Sat Jul 20 05:05:25 UTC 2019
------------------ testing $PTII/ptolemy/domains/de/test/auto/DepthTest6.xml
auto.tcl: Setting watchdog for 200 seconds at Sat Jul 20 05:05:25 UTC 2019
6 ms. Memory: 45056K Free: 25864K (57%)
ptolemy.util.test.WatchDog.cancel(): canceling Sat Jul 20 05:05:25 UTC 2019
auto.tcl: Setting watchdog for 200 seconds at Sat Jul 20 05:05:25 UTC 2019
3 ms. Memory: 45056K Free: 25359K (56%)
ptolemy.util.test.WatchDog.cancel(): canceling Sat Jul 20 05:05:25 UTC 2019
------------------ testing $PTII/ptolemy/domains/de/test/auto/DepthTest7.xml
auto.tcl: Setting watchdog for 200 seconds at Sat Jul 20 05:05:25 UTC 2019
2 ms. Memory: 45056K Free: 26708K (59%)
ptolemy.util.test.WatchDog.cancel(): canceling Sat Jul 20 05:05:25 UTC 2019
auto.tcl: Setting watchdog for 200 seconds at Sat Jul 20 05:05:25 UTC 2019
2 ms. Memory: 45056K Free: 25982K (58%)
ptolemy.util.test.WatchDog.cancel(): canceling Sat Jul 20 05:05:25 UTC 2019
------------------ testing $PTII/ptolemy/domains/de/test/auto/EventToDate.xml
auto.tcl: Setting watchdog for 200 seconds at Sat Jul 20 05:05:25 UTC 2019
3007 ms. Memory: 45056K Free: 17482K (39%)
ptolemy.util.test.WatchDog.cancel(): canceling Sat Jul 20 05:05:29 UTC 2019
auto.tcl: Setting watchdog for 200 seconds at Sat Jul 20 05:05:29 UTC 2019
3004 ms. Memory: 45056K Free: 16816K (37%)
ptolemy.util.test.WatchDog.cancel(): canceling Sat Jul 20 05:05:32 UTC 2019
------------------ testing $PTII/ptolemy/domains/de/test/auto/FSM1.xml
auto.tcl: Setting watchdog for 200 seconds at Sat Jul 20 05:05:32 UTC 2019
34 ms. Memory: 45056K Free: 18707K (42%)
ptolemy.util.test.WatchDog.cancel(): canceling Sat Jul 20 05:05:32 UTC 2019
auto.tcl: Setting watchdog for 200 seconds at Sat Jul 20 05:05:32 UTC 2019
17 ms. Memory: 45056K Free: 15478K (34%)
ptolemy.util.test.WatchDog.cancel(): canceling Sat Jul 20 05:05:32 UTC 2019
------------------ testing $PTII/ptolemy/domains/de/test/auto/FSM7.xml
auto.tcl: Setting watchdog for 200 seconds at Sat Jul 20 05:05:32 UTC 2019
23 ms. Memory: 45056K Free: 18431K (41%)
ptolemy.util.test.WatchDog.cancel(): canceling Sat Jul 20 05:05:32 UTC 2019
auto.tcl: Setting watchdog for 200 seconds at Sat Jul 20 05:05:32 UTC 2019
18 ms. Memory: 45056K Free: 15031K (33%)
ptolemy.util.test.WatchDog.cancel(): canceling Sat Jul 20 05:05:32 UTC 2019
------------------ testing $PTII/ptolemy/domains/de/test/auto/Inspection.xml
auto.tcl: Setting watchdog for 200 seconds at Sat Jul 20 05:05:32 UTC 2019
29 ms. Memory: 45056K Free: 18435K (41%)
ptolemy.util.test.WatchDog.cancel(): canceling Sat Jul 20 05:05:32 UTC 2019
auto.tcl: Setting watchdog for 200 seconds at Sat Jul 20 05:05:32 UTC 2019
32 ms. Memory: 45056K Free: 16698K (37%)
ptolemy.util.test.WatchDog.cancel(): canceling Sat Jul 20 05:05:32 UTC 2019
------------------ testing $PTII/ptolemy/domains/de/test/auto/Iteration.xml
auto.tcl: Setting watchdog for 200 seconds at Sat Jul 20 05:05:32 UTC 2019
11 ms. Memory: 45056K Free: 24151K (54%)
ptolemy.util.test.WatchDog.cancel(): canceling Sat Jul 20 05:05:32 UTC 2019
auto.tcl: Setting watchdog for 200 seconds at Sat Jul 20 05:05:32 UTC 2019
5 ms. Memory: 45056K Free: 22753K (50%)
ptolemy.util.test.WatchDog.cancel(): canceling Sat Jul 20 05:05:32 UTC 2019
------------------ testing $PTII/ptolemy/domains/de/test/auto/LineFault.xml
auto.tcl: Setting watchdog for 200 seconds at Sat Jul 20 05:05:32 UTC 2019
766 ms. Memory: 56320K Free: 19848K (35%)
ptolemy.util.test.WatchDog.cancel(): canceling Sat Jul 20 05:05:33 UTC 2019
auto.tcl: Setting watchdog for 200 seconds at Sat Jul 20 05:05:33 UTC 2019
634 ms. Memory: 56320K Free: 18268K (32%)
ptolemy.util.test.WatchDog.cancel(): canceling Sat Jul 20 05:05:34 UTC 2019
------------------ testing $PTII/ptolemy/domains/de/test/auto/MergeModel1Add.xml
auto.tcl: Setting watchdog for 200 seconds at Sat Jul 20 05:05:34 UTC 2019
37 ms. Memory: 51200K Free: 16266K (32%)
ptolemy.util.test.WatchDog.cancel(): canceling Sat Jul 20 05:05:34 UTC 2019
auto.tcl: Setting watchdog for 200 seconds at Sat Jul 20 05:05:34 UTC 2019
11 ms. Memory: 51200K Free: 14624K (29%)
ptolemy.util.test.WatchDog.cancel(): canceling Sat Jul 20 05:05:34 UTC 2019
------------------ testing $PTII/ptolemy/domains/de/test/auto/MergeModel2Add.xml
auto.tcl: Setting watchdog for 200 seconds at Sat Jul 20 05:05:34 UTC 2019
11 ms. Memory: 51200K Free: 18304K (36%)
ptolemy.util.test.WatchDog.cancel(): canceling Sat Jul 20 05:05:34 UTC 2019
auto.tcl: Setting watchdog for 200 seconds at Sat Jul 20 05:05:34 UTC 2019
11 ms. Memory: 51200K Free: 16345K (32%)
ptolemy.util.test.WatchDog.cancel(): canceling Sat Jul 20 05:05:34 UTC 2019
------------------ testing $PTII/ptolemy/domains/de/test/auto/MergeModel3Add.xml
auto.tcl: Setting watchdog for 200 seconds at Sat Jul 20 05:05:34 UTC 2019
10 ms. Memory: 51200K Free: 18289K (36%)
ptolemy.util.test.WatchDog.cancel(): canceling Sat Jul 20 05:05:34 UTC 2019
auto.tcl: Setting watchdog for 200 seconds at Sat Jul 20 05:05:34 UTC 2019
10 ms. Memory: 51200K Free: 16892K (33%)
ptolemy.util.test.WatchDog.cancel(): canceling Sat Jul 20 05:05:34 UTC 2019
------------------ testing $PTII/ptolemy/domains/de/test/auto/MergeWithoutDiscard.xml
auto.tcl: Setting watchdog for 200 seconds at Sat Jul 20 05:05:34 UTC 2019
2 ms. Memory: 51200K Free: 33195K (65%)
ptolemy.util.test.WatchDog.cancel(): canceling Sat Jul 20 05:05:34 UTC 2019
auto.tcl: Setting watchdog for 200 seconds at Sat Jul 20 05:05:34 UTC 2019
0 ms. Memory: 51200K Free: 32729K (64%)
ptolemy.util.test.WatchDog.cancel(): canceling Sat Jul 20 05:05:34 UTC 2019
------------------ testing $PTII/ptolemy/domains/de/test/auto/Modal1.xml
auto.tcl: Setting watchdog for 200 seconds at Sat Jul 20 05:05:34 UTC 2019
12 ms. Memory: 51200K Free: 24786K (48%)
ptolemy.util.test.WatchDog.cancel(): canceling Sat Jul 20 05:05:34 UTC 2019
auto.tcl: Setting watchdog for 200 seconds at Sat Jul 20 05:05:34 UTC 2019
12 ms. Memory: 51200K Free: 21280K (42%)
ptolemy.util.test.WatchDog.cancel(): canceling Sat Jul 20 05:05:34 UTC 2019
------------------ testing $PTII/ptolemy/domains/de/test/auto/Modal2.xml
auto.tcl: Setting watchdog for 200 seconds at Sat Jul 20 05:05:34 UTC 2019
16 ms. Memory: 51200K Free: 24908K (49%)
ptolemy.util.test.WatchDog.cancel(): canceling Sat Jul 20 05:05:34 UTC 2019
auto.tcl: Setting watchdog for 200 seconds at Sat Jul 20 05:05:34 UTC 2019
12 ms. Memory: 51200K Free: 21644K (42%)
ptolemy.util.test.WatchDog.cancel(): canceling Sat Jul 20 05:05:34 UTC 2019
------------------ testing $PTII/ptolemy/domains/de/test/auto/Modal3.xml
auto.tcl: Setting watchdog for 200 seconds at Sat Jul 20 05:05:35 UTC 2019
17 ms. Memory: 51200K Free: 24883K (49%)
ptolemy.util.test.WatchDog.cancel(): canceling Sat Jul 20 05:05:35 UTC 2019
auto.tcl: Setting watchdog for 200 seconds at Sat Jul 20 05:05:35 UTC 2019
16 ms. Memory: 51200K Free: 21238K (41%)
ptolemy.util.test.WatchDog.cancel(): canceling Sat Jul 20 05:05:35 UTC 2019
------------------ testing $PTII/ptolemy/domains/de/test/auto/Modal4.xml
auto.tcl: Setting watchdog for 200 seconds at Sat Jul 20 05:05:35 UTC 2019
29 ms. Memory: 48128K Free: 20821K (43%)
ptolemy.util.test.WatchDog.cancel(): canceling Sat Jul 20 05:05:35 UTC 2019
auto.tcl: Setting watchdog for 200 seconds at Sat Jul 20 05:05:35 UTC 2019
19 ms. Memory: 48128K Free: 16994K (35%)
ptolemy.util.test.WatchDog.cancel(): canceling Sat Jul 20 05:05:35 UTC 2019
------------------ testing $PTII/ptolemy/domains/de/test/auto/Modal5.xml
auto.tcl: Setting watchdog for 200 seconds at Sat Jul 20 05:05:35 UTC 2019
13 ms. Memory: 48128K Free: 20796K (43%)
ptolemy.util.test.WatchDog.cancel(): canceling Sat Jul 20 05:05:35 UTC 2019
auto.tcl: Setting watchdog for 200 seconds at Sat Jul 20 05:05:35 UTC 2019
14 ms. Memory: 48128K Free: 16980K (35%)
ptolemy.util.test.WatchDog.cancel(): canceling Sat Jul 20 05:05:35 UTC 2019
------------------ testing $PTII/ptolemy/domains/de/test/auto/Modal6.xml
auto.tcl: Setting watchdog for 200 seconds at Sat Jul 20 05:05:35 UTC 2019
16 ms. Memory: 48128K Free: 21554K (45%)
ptolemy.util.test.WatchDog.cancel(): canceling Sat Jul 20 05:05:35 UTC 2019
auto.tcl: Setting watchdog for 200 seconds at Sat Jul 20 05:05:35 UTC 2019
13 ms. Memory: 48128K Free: 17590K (37%)
ptolemy.util.test.WatchDog.cancel(): canceling Sat Jul 20 05:05:35 UTC 2019
------------------ testing $PTII/ptolemy/domains/de/test/auto/Modal7.xml
auto.tcl: Setting watchdog for 200 seconds at Sat Jul 20 05:05:35 UTC 2019
15 ms. Memory: 48128K Free: 20537K (43%)
ptolemy.util.test.WatchDog.cancel(): canceling Sat Jul 20 05:05:35 UTC 2019
auto.tcl: Setting watchdog for 200 seconds at Sat Jul 20 05:05:35 UTC 2019
12 ms. Memory: 48128K Free: 16979K (35%)
ptolemy.util.test.WatchDog.cancel(): canceling Sat Jul 20 05:05:35 UTC 2019
------------------ testing $PTII/ptolemy/domains/de/test/auto/ModalModel.xml
auto.tcl: Setting watchdog for 200 seconds at Sat Jul 20 05:05:35 UTC 2019
174 ms. Memory: 48128K Free: 14056K (29%)
ptolemy.util.test.WatchDog.cancel(): canceling Sat Jul 20 05:05:35 UTC 2019
auto.tcl: Setting watchdog for 200 seconds at Sat Jul 20 05:05:35 UTC 2019
186 ms. Memory: 58368K Free: 17732K (30%)
ptolemy.util.test.WatchDog.cancel(): canceling Sat Jul 20 05:05:36 UTC 2019
------------------ testing $PTII/ptolemy/domains/de/test/auto/ModalSource.xml
auto.tcl: Setting watchdog for 200 seconds at Sat Jul 20 05:05:36 UTC 2019
6 ms. Memory: 55296K Free: 32821K (59%)
ptolemy.util.test.WatchDog.cancel(): canceling Sat Jul 20 05:05:36 UTC 2019
auto.tcl: Setting watchdog for 200 seconds at Sat Jul 20 05:05:36 UTC 2019
5 ms. Memory: 55296K Free: 30773K (56%)
ptolemy.util.test.WatchDog.cancel(): canceling Sat Jul 20 05:05:36 UTC 2019
------------------ testing $PTII/ptolemy/domains/de/test/auto/NonInterruptibleTimerZeroDelay.xml
auto.tcl: Setting watchdog for 200 seconds at Sat Jul 20 05:05:36 UTC 2019
3 ms. Memory: 48128K Free: 30881K (64%)
ptolemy.util.test.WatchDog.cancel(): canceling Sat Jul 20 05:05:36 UTC 2019
auto.tcl: Setting watchdog for 200 seconds at Sat Jul 20 05:05:36 UTC 2019
2 ms. Memory: 48128K Free: 29976K (62%)
ptolemy.util.test.WatchDog.cancel(): canceling Sat Jul 20 05:05:36 UTC 2019
------------------ testing $PTII/ptolemy/domains/de/test/auto/OpenQueueingNetwork.xml
auto.tcl: Setting watchdog for 200 seconds at Sat Jul 20 05:05:36 UTC 2019
2879 ms. Memory: 86016K Free: 54838K (64%)
ptolemy.util.test.WatchDog.cancel(): canceling Sat Jul 20 05:05:39 UTC 2019
auto.tcl: Setting watchdog for 200 seconds at Sat Jul 20 05:05:39 UTC 2019
2465 ms. Memory: 103424K Free: 44028K (43%)
ptolemy.util.test.WatchDog.cancel(): canceling Sat Jul 20 05:05:41 UTC 2019
------------------ testing $PTII/ptolemy/domains/de/test/auto/OpenQueuingNetwork.xml
auto.tcl: Setting watchdog for 200 seconds at Sat Jul 20 05:05:41 UTC 2019
277 ms. Memory: 51200K Free: 17163K (34%)
ptolemy.util.test.WatchDog.cancel(): canceling Sat Jul 20 05:05:42 UTC 2019
auto.tcl: Setting watchdog for 200 seconds at Sat Jul 20 05:05:42 UTC 2019
265 ms. Memory: 51200K Free: 21550K (42%)
ptolemy.util.test.WatchDog.cancel(): canceling Sat Jul 20 05:05:42 UTC 2019
------------------ testing $PTII/ptolemy/domains/de/test/auto/PeriodicSampler.xml
auto.tcl: Setting watchdog for 200 seconds at Sat Jul 20 05:05:42 UTC 2019
2 ms. Memory: 51200K Free: 32860K (64%)
ptolemy.util.test.WatchDog.cancel(): canceling Sat Jul 20 05:05:42 UTC 2019
auto.tcl: Setting watchdog for 200 seconds at Sat Jul 20 05:05:42 UTC 2019
2 ms. Memory: 51200K Free: 32352K (63%)
ptolemy.util.test.WatchDog.cancel(): canceling Sat Jul 20 05:05:42 UTC 2019
------------------ testing $PTII/ptolemy/domains/de/test/auto/PersistentIO.xml
auto.tcl: Setting watchdog for 200 seconds at Sat Jul 20 05:05:42 UTC 2019
6 ms. Memory: 48128K Free: 24712K (51%)
ptolemy.util.test.WatchDog.cancel(): canceling Sat Jul 20 05:05:42 UTC 2019
auto.tcl: Setting watchdog for 200 seconds at Sat Jul 20 05:05:42 UTC 2019
5 ms. Memory: 48128K Free: 23298K (48%)
ptolemy.util.test.WatchDog.cancel(): canceling Sat Jul 20 05:05:42 UTC 2019
------------------ testing $PTII/ptolemy/domains/de/test/auto/PortParameterResetOnInitialize.xml
auto.tcl: Setting watchdog for 200 seconds at Sat Jul 20 05:05:42 UTC 2019
8 ms. Memory: 48128K Free: 29698K (62%)
ptolemy.util.test.WatchDog.cancel(): canceling Sat Jul 20 05:05:42 UTC 2019
auto.tcl: Setting watchdog for 200 seconds at Sat Jul 20 05:05:42 UTC 2019
2 ms. Memory: 48128K Free: 29224K (61%)
ptolemy.util.test.WatchDog.cancel(): canceling Sat Jul 20 05:05:42 UTC 2019
------------------ testing $PTII/ptolemy/domains/de/test/auto/PortParameterUpdates.xml
auto.tcl: Setting watchdog for 200 seconds at Sat Jul 20 05:05:42 UTC 2019
5 ms. Memory: 48128K Free: 28040K (58%)
ptolemy.util.test.WatchDog.cancel(): canceling Sat Jul 20 05:05:42 UTC 2019
auto.tcl: Setting watchdog for 200 seconds at Sat Jul 20 05:05:42 UTC 2019
5 ms. Memory: 48128K Free: 26824K (56%)
ptolemy.util.test.WatchDog.cancel(): canceling Sat Jul 20 05:05:42 UTC 2019
------------------ testing $PTII/ptolemy/domains/de/test/auto/QueueAndServer.xml
auto.tcl: Setting watchdog for 200 seconds at Sat Jul 20 05:05:42 UTC 2019
15 ms. Memory: 48128K Free: 26713K (56%)
ptolemy.util.test.WatchDog.cancel(): canceling Sat Jul 20 05:05:42 UTC 2019
auto.tcl: Setting watchdog for 200 seconds at Sat Jul 20 05:05:42 UTC 2019
9 ms. Memory: 48128K Free: 25275K (53%)
ptolemy.util.test.WatchDog.cancel(): canceling Sat Jul 20 05:05:42 UTC 2019
------------------ testing $PTII/ptolemy/domains/de/test/auto/Records.xml
auto.tcl: Setting watchdog for 200 seconds at Sat Jul 20 05:05:42 UTC 2019
2 ms. Memory: 48128K Free: 29241K (61%)
ptolemy.util.test.WatchDog.cancel(): canceling Sat Jul 20 05:05:42 UTC 2019
auto.tcl: Setting watchdog for 200 seconds at Sat Jul 20 05:05:42 UTC 2019
2 ms. Memory: 48128K Free: 28781K (60%)
ptolemy.util.test.WatchDog.cancel(): canceling Sat Jul 20 05:05:42 UTC 2019
------------------ testing $PTII/ptolemy/domains/de/test/auto/ResetTransitionWithStartTime1.xml
auto.tcl: Setting watchdog for 200 seconds at Sat Jul 20 05:05:42 UTC 2019
8 ms. Memory: 48128K Free: 26317K (55%)
ptolemy.util.test.WatchDog.cancel(): canceling Sat Jul 20 05:05:42 UTC 2019
auto.tcl: Setting watchdog for 200 seconds at Sat Jul 20 05:05:42 UTC 2019
6 ms. Memory: 48128K Free: 23688K (49%)
ptolemy.util.test.WatchDog.cancel(): canceling Sat Jul 20 05:05:42 UTC 2019
------------------ testing $PTII/ptolemy/domains/de/test/auto/ResetTransitionWithStartTime2.xml
auto.tcl: Setting watchdog for 200 seconds at Sat Jul 20 05:05:43 UTC 2019
7 ms. Memory: 48128K Free: 26150K (54%)
ptolemy.util.test.WatchDog.cancel(): canceling Sat Jul 20 05:05:43 UTC 2019
auto.tcl: Setting watchdog for 200 seconds at Sat Jul 20 05:05:43 UTC 2019
4 ms. Memory: 48128K Free: 23642K (49%)
ptolemy.util.test.WatchDog.cancel(): canceling Sat Jul 20 05:05:43 UTC 2019
------------------ testing $PTII/ptolemy/domains/de/test/auto/ResetTransitionWithStartTime3.xml
auto.tcl: Setting watchdog for 200 seconds at Sat Jul 20 05:05:43 UTC 2019
9 ms. Memory: 48128K Free: 26150K (54%)
ptolemy.util.test.WatchDog.cancel(): canceling Sat Jul 20 05:05:43 UTC 2019
auto.tcl: Setting watchdog for 200 seconds at Sat Jul 20 05:05:43 UTC 2019
5 ms. Memory: 48128K Free: 23642K (49%)
ptolemy.util.test.WatchDog.cancel(): canceling Sat Jul 20 05:05:43 UTC 2019
------------------ testing $PTII/ptolemy/domains/de/test/auto/ResetTransitionWithStartTime4.xml
auto.tcl: Setting watchdog for 200 seconds at Sat Jul 20 05:05:43 UTC 2019
7 ms. Memory: 48128K Free: 26848K (56%)
ptolemy.util.test.WatchDog.cancel(): canceling Sat Jul 20 05:05:43 UTC 2019
auto.tcl: Setting watchdog for 200 seconds at Sat Jul 20 05:05:43 UTC 2019
4 ms. Memory: 48128K Free: 25231K (52%)
ptolemy.util.test.WatchDog.cancel(): canceling Sat Jul 20 05:05:43 UTC 2019
------------------ testing $PTII/ptolemy/domains/de/test/auto/ResettableTimer1.xml
auto.tcl: Setting watchdog for 200 seconds at Sat Jul 20 05:05:43 UTC 2019
3 ms. Memory: 48128K Free: 30364K (63%)
ptolemy.util.test.WatchDog.cancel(): canceling Sat Jul 20 05:05:43 UTC 2019
auto.tcl: Setting watchdog for 200 seconds at Sat Jul 20 05:05:43 UTC 2019
2 ms. Memory: 48128K Free: 29287K (61%)
ptolemy.util.test.WatchDog.cancel(): canceling Sat Jul 20 05:05:43 UTC 2019
------------------ testing $PTII/ptolemy/domains/de/test/auto/ResettableTimer2.xml
auto.tcl: Setting watchdog for 200 seconds at Sat Jul 20 05:05:43 UTC 2019
2 ms. Memory: 48128K Free: 30444K (63%)
ptolemy.util.test.WatchDog.cancel(): canceling Sat Jul 20 05:05:43 UTC 2019
auto.tcl: Setting watchdog for 200 seconds at Sat Jul 20 05:05:43 UTC 2019
2 ms. Memory: 48128K Free: 29793K (62%)
ptolemy.util.test.WatchDog.cancel(): canceling Sat Jul 20 05:05:43 UTC 2019
------------------ testing $PTII/ptolemy/domains/de/test/auto/ResettableTimer3.xml
auto.tcl: Setting watchdog for 200 seconds at Sat Jul 20 05:05:43 UTC 2019
1 ms. Memory: 48128K Free: 30305K (63%)
ptolemy.util.test.WatchDog.cancel(): canceling Sat Jul 20 05:05:43 UTC 2019
auto.tcl: Setting watchdog for 200 seconds at Sat Jul 20 05:05:43 UTC 2019
2 ms. Memory: 48128K Free: 29823K (62%)
ptolemy.util.test.WatchDog.cancel(): canceling Sat Jul 20 05:05:43 UTC 2019
------------------ testing $PTII/ptolemy/domains/de/test/auto/ResettableTimer4.xml
auto.tcl: Setting watchdog for 200 seconds at Sat Jul 20 05:05:43 UTC 2019
2 ms. Memory: 48128K Free: 30318K (63%)
ptolemy.util.test.WatchDog.cancel(): canceling Sat Jul 20 05:05:43 UTC 2019
auto.tcl: Setting watchdog for 200 seconds at Sat Jul 20 05:05:43 UTC 2019
1 ms. Memory: 48128K Free: 29822K (62%)
ptolemy.util.test.WatchDog.cancel(): canceling Sat Jul 20 05:05:43 UTC 2019
------------------ testing $PTII/ptolemy/domains/de/test/auto/ResettableTimer5.xml
auto.tcl: Setting watchdog for 200 seconds at Sat Jul 20 05:05:43 UTC 2019
2 ms. Memory: 48128K Free: 29750K (62%)
ptolemy.util.test.WatchDog.cancel(): canceling Sat Jul 20 05:05:43 UTC 2019
auto.tcl: Setting watchdog for 200 seconds at Sat Jul 20 05:05:43 UTC 2019
1 ms. Memory: 48128K Free: 29270K (61%)
ptolemy.util.test.WatchDog.cancel(): canceling Sat Jul 20 05:05:43 UTC 2019
------------------ testing $PTII/ptolemy/domains/de/test/auto/ResettableTimer6.xml
auto.tcl: Setting watchdog for 200 seconds at Sat Jul 20 05:05:43 UTC 2019
2 ms. Memory: 48128K Free: 29757K (62%)
ptolemy.util.test.WatchDog.cancel(): canceling Sat Jul 20 05:05:43 UTC 2019
auto.tcl: Setting watchdog for 200 seconds at Sat Jul 20 05:05:43 UTC 2019
1 ms. Memory: 48128K Free: 29261K (61%)
ptolemy.util.test.WatchDog.cancel(): canceling Sat Jul 20 05:05:43 UTC 2019
------------------ testing $PTII/ptolemy/domains/de/test/auto/ServerZeroDelay.xml
auto.tcl: Setting watchdog for 200 seconds at Sat Jul 20 05:05:43 UTC 2019
2 ms. Memory: 48128K Free: 30277K (63%)
ptolemy.util.test.WatchDog.cancel(): canceling Sat Jul 20 05:05:43 UTC 2019
auto.tcl: Setting watchdog for 200 seconds at Sat Jul 20 05:05:43 UTC 2019
3 ms. Memory: 48128K Free: 29328K (61%)
ptolemy.util.test.WatchDog.cancel(): canceling Sat Jul 20 05:05:43 UTC 2019
------------------ testing $PTII/ptolemy/domains/de/test/auto/SmartSender.xml
auto.tcl: Setting watchdog for 200 seconds at Sat Jul 20 05:05:43 UTC 2019
3001 ms. Memory: 48128K Free: 30270K (63%)
ptolemy.util.test.WatchDog.cancel(): canceling Sat Jul 20 05:05:46 UTC 2019
auto.tcl: Setting watchdog for 200 seconds at Sat Jul 20 05:05:46 UTC 2019
3002 ms. Memory: 48128K Free: 29780K (62%)
ptolemy.util.test.WatchDog.cancel(): canceling Sat Jul 20 05:05:49 UTC 2019
------------------ testing $PTII/ptolemy/domains/de/test/auto/ThreadedComposite.xml
auto.tcl: Setting watchdog for 200 seconds at Sat Jul 20 05:05:49 UTC 2019
283 ms. Memory: 48128K Free: 8780K (18%)
ptolemy.util.test.WatchDog.cancel(): canceling Sat Jul 20 05:05:50 UTC 2019
auto.tcl: Setting watchdog for 200 seconds at Sat Jul 20 05:05:50 UTC 2019
119 ms. Memory: 48128K Free: 22453K (47%)
ptolemy.util.test.WatchDog.cancel(): canceling Sat Jul 20 05:05:50 UTC 2019
------------------ testing $PTII/ptolemy/domains/de/test/auto/Time.xml
auto.tcl: Setting watchdog for 200 seconds at Sat Jul 20 05:05:50 UTC 2019
564 ms. Memory: 48128K Free: 25748K (53%)
ptolemy.util.test.WatchDog.cancel(): canceling Sat Jul 20 05:05:50 UTC 2019
auto.tcl: Setting watchdog for 200 seconds at Sat Jul 20 05:05:50 UTC 2019
554 ms. Memory: 48128K Free: 20644K (43%)
ptolemy.util.test.WatchDog.cancel(): canceling Sat Jul 20 05:05:51 UTC 2019
------------------ testing $PTII/ptolemy/domains/de/test/auto/TimeDelayZeroDelay.xml
auto.tcl: Setting watchdog for 200 seconds at Sat Jul 20 05:05:51 UTC 2019
2 ms. Memory: 48128K Free: 30201K (63%)
ptolemy.util.test.WatchDog.cancel(): canceling Sat Jul 20 05:05:51 UTC 2019
auto.tcl: Setting watchdog for 200 seconds at Sat Jul 20 05:05:51 UTC 2019
2 ms. Memory: 48128K Free: 29340K (61%)
ptolemy.util.test.WatchDog.cancel(): canceling Sat Jul 20 05:05:51 UTC 2019
------------------ testing $PTII/ptolemy/domains/de/test/auto/TimerZeroDelay.xml
auto.tcl: Setting watchdog for 200 seconds at Sat Jul 20 05:05:51 UTC 2019
2 ms. Memory: 48128K Free: 30450K (63%)
ptolemy.util.test.WatchDog.cancel(): canceling Sat Jul 20 05:05:51 UTC 2019
auto.tcl: Setting watchdog for 200 seconds at Sat Jul 20 05:05:51 UTC 2019
2 ms. Memory: 48128K Free: 29797K (62%)
ptolemy.util.test.WatchDog.cancel(): canceling Sat Jul 20 05:05:51 UTC 2019
------------------ testing $PTII/ptolemy/domains/de/test/auto/TimingParadox.xml
auto.tcl: Setting watchdog for 200 seconds at Sat Jul 20 05:05:51 UTC 2019
420 ms. Memory: 48128K Free: 11858K (25%)
ptolemy.util.test.WatchDog.cancel(): canceling Sat Jul 20 05:05:52 UTC 2019
auto.tcl: Setting watchdog for 200 seconds at Sat Jul 20 05:05:52 UTC 2019
399 ms. Memory: 59392K Free: 35844K (60%)
ptolemy.util.test.WatchDog.cancel(): canceling Sat Jul 20 05:05:52 UTC 2019
------------------ testing $PTII/ptolemy/domains/de/test/auto/TransferInputs.xml
auto.tcl: Setting watchdog for 200 seconds at Sat Jul 20 05:05:52 UTC 2019
2 ms. Memory: 55296K Free: 35878K (65%)
ptolemy.util.test.WatchDog.cancel(): canceling Sat Jul 20 05:05:52 UTC 2019
auto.tcl: Setting watchdog for 200 seconds at Sat Jul 20 05:05:52 UTC 2019
2 ms. Memory: 55296K Free: 34973K (63%)
ptolemy.util.test.WatchDog.cancel(): canceling Sat Jul 20 05:05:52 UTC 2019
------------------ testing $PTII/ptolemy/domains/de/test/auto/TransferOutputs2.xml
auto.tcl: Setting watchdog for 200 seconds at Sat Jul 20 05:05:52 UTC 2019
2 ms. Memory: 51200K Free: 29224K (57%)
ptolemy.util.test.WatchDog.cancel(): canceling Sat Jul 20 05:05:52 UTC 2019
auto.tcl: Setting watchdog for 200 seconds at Sat Jul 20 05:05:52 UTC 2019
3 ms. Memory: 51200K Free: 27820K (54%)
ptolemy.util.test.WatchDog.cancel(): canceling Sat Jul 20 05:05:52 UTC 2019
------------------ testing $PTII/ptolemy/domains/de/test/auto/Trilateration.xml
auto.tcl: Setting watchdog for 200 seconds at Sat Jul 20 05:05:52 UTC 2019
15001 ms. Memory: 599040K Free: 356968K (60%)
ptolemy.util.test.WatchDog.cancel(): canceling Sat Jul 20 05:06:08 UTC 2019
auto.tcl: Setting watchdog for 200 seconds at Sat Jul 20 05:06:08 UTC 2019
10940 ms. Memory: 599040K Free: 571016K (95%)
ptolemy.util.test.WatchDog.cancel(): canceling Sat Jul 20 05:06:19 UTC 2019
------------------ testing $PTII/ptolemy/domains/de/test/auto/TwoSigmaDelta.xml
auto.tcl: Setting watchdog for 200 seconds at Sat Jul 20 05:06:19 UTC 2019
2650 ms. Memory: 89088K Free: 23298K (26%)
ptolemy.util.test.WatchDog.cancel(): canceling Sat Jul 20 05:06:22 UTC 2019
auto.tcl: Setting watchdog for 200 seconds at Sat Jul 20 05:06:22 UTC 2019
2112 ms. Memory: 89088K Free: 22250K (25%)
ptolemy.util.test.WatchDog.cancel(): canceling Sat Jul 20 05:06:24 UTC 2019
------------------ testing $PTII/ptolemy/domains/de/test/auto/VariableDelay.xml
auto.tcl: Setting watchdog for 200 seconds at Sat Jul 20 05:06:24 UTC 2019
5 ms. Memory: 51200K Free: 32260K (63%)
ptolemy.util.test.WatchDog.cancel(): canceling Sat Jul 20 05:06:24 UTC 2019
auto.tcl: Setting watchdog for 200 seconds at Sat Jul 20 05:06:24 UTC 2019
2 ms. Memory: 51200K Free: 31267K (61%)
ptolemy.util.test.WatchDog.cancel(): canceling Sat Jul 20 05:06:24 UTC 2019
------------------ testing $PTII/ptolemy/domains/de/test/auto/VariableDelay2.xml
auto.tcl: Setting watchdog for 200 seconds at Sat Jul 20 05:06:24 UTC 2019
2 ms. Memory: 51200K Free: 32874K (64%)
ptolemy.util.test.WatchDog.cancel(): canceling Sat Jul 20 05:06:24 UTC 2019
auto.tcl: Setting watchdog for 200 seconds at Sat Jul 20 05:06:24 UTC 2019
2 ms. Memory: 51200K Free: 32362K (63%)
ptolemy.util.test.WatchDog.cancel(): canceling Sat Jul 20 05:06:24 UTC 2019
------------------ testing $PTII/ptolemy/domains/de/test/auto/VariableDelayZeroDelay.xml
auto.tcl: Setting watchdog for 200 seconds at Sat Jul 20 05:06:25 UTC 2019
2 ms. Memory: 51200K Free: 33202K (65%)
ptolemy.util.test.WatchDog.cancel(): canceling Sat Jul 20 05:06:25 UTC 2019
auto.tcl: Setting watchdog for 200 seconds at Sat Jul 20 05:06:25 UTC 2019
2 ms. Memory: 51200K Free: 32658K (64%)
ptolemy.util.test.WatchDog.cancel(): canceling Sat Jul 20 05:06:25 UTC 2019
------------------ testing $PTII/ptolemy/domains/de/test/auto/VariableDelayZeroDelay2.xml
auto.tcl: Setting watchdog for 200 seconds at Sat Jul 20 05:06:25 UTC 2019
2 ms. Memory: 51200K Free: 33201K (65%)
ptolemy.util.test.WatchDog.cancel(): canceling Sat Jul 20 05:06:25 UTC 2019
auto.tcl: Setting watchdog for 200 seconds at Sat Jul 20 05:06:25 UTC 2019
2 ms. Memory: 51200K Free: 32177K (63%)
ptolemy.util.test.WatchDog.cancel(): canceling Sat Jul 20 05:06:25 UTC 2019
------------------ testing $PTII/ptolemy/domains/de/test/auto/deInCt.xml
auto.tcl: Setting watchdog for 200 seconds at Sat Jul 20 05:06:25 UTC 2019
0
1
1
1
1
0
0
0
1
1
1
1
0
0
1
1
0
0
0
1
1
1
0
0
0
0
0
0
0
1
1
1
0
0
0
1
1
1
16 ms. Memory: 51200K Free: 32175K (63%)
ptolemy.util.test.WatchDog.cancel(): canceling Sat Jul 20 05:06:25 UTC 2019
auto.tcl: Setting watchdog for 200 seconds at Sat Jul 20 05:06:25 UTC 2019
0
1
1
1
0
0
0
0
0
1
1
1
0
0
0
1
1
1
0
0
0
1
1
1
1
0
0
0
1
1
1
0
0
0
0
0
0
10 ms. Memory: 51200K Free: 30637K (60%)
ptolemy.util.test.WatchDog.cancel(): canceling Sat Jul 20 05:06:25 UTC 2019
------------------ testing $PTII/ptolemy/domains/de/test/auto/deInCt2.xml
auto.tcl: Setting watchdog for 200 seconds at Sat Jul 20 05:06:25 UTC 2019
0
1
1
1
0
0
1
1
1
0
0
1
1
1
0
0
1
1
1
0
0
1
1
1
0
0
1
1
1
0
0
1
1
1
0
0
1
1
1
0
0
0
13 ms. Memory: 51200K Free: 32177K (63%)
ptolemy.util.test.WatchDog.cancel(): canceling Sat Jul 20 05:06:25 UTC 2019
auto.tcl: Setting watchdog for 200 seconds at Sat Jul 20 05:06:25 UTC 2019
0
1
1
1
0
0
1
1
1
0
0
1
1
1
0
0
1
1
1
0
0
1
1
1
0
0
1
1
1
0
0
1
1
1
0
0
1
1
1
0
0
0
8 ms. Memory: 51200K Free: 30625K (60%)
ptolemy.util.test.WatchDog.cancel(): canceling Sat Jul 20 05:06:25 UTC 2019
------------------ testing $PTII/ptolemy/domains/de/test/auto/dynamicCausalityInterface1.xml
auto.tcl: Setting watchdog for 200 seconds at Sat Jul 20 05:06:25 UTC 2019
1 ms. Memory: 48128K Free: 24402K (51%)
ptolemy.util.test.WatchDog.cancel(): canceling Sat Jul 20 05:06:25 UTC 2019
auto.tcl: Setting watchdog for 200 seconds at Sat Jul 20 05:06:25 UTC 2019
1 ms. Memory: 48128K Free: 23979K (50%)
ptolemy.util.test.WatchDog.cancel(): canceling Sat Jul 20 05:06:25 UTC 2019
------------------ testing $PTII/ptolemy/domains/de/test/auto/fsm_de_test.xml
auto.tcl: Setting watchdog for 200 seconds at Sat Jul 20 05:06:25 UTC 2019
6 ms. Memory: 48128K Free: 24902K (52%)
ptolemy.util.test.WatchDog.cancel(): canceling Sat Jul 20 05:06:25 UTC 2019
auto.tcl: Setting watchdog for 200 seconds at Sat Jul 20 05:06:25 UTC 2019
5 ms. Memory: 48128K Free: 22913K (48%)
ptolemy.util.test.WatchDog.cancel(): canceling Sat Jul 20 05:06:25 UTC 2019
------------------ testing $PTII/ptolemy/domains/de/test/auto/functionDependencyReconstruction.xml
auto.tcl: Setting watchdog for 200 seconds at Sat Jul 20 05:06:25 UTC 2019
3 ms. Memory: 48128K Free: 18901K (39%)
ptolemy.util.test.WatchDog.cancel(): canceling Sat Jul 20 05:06:25 UTC 2019
auto.tcl: Setting watchdog for 200 seconds at Sat Jul 20 05:06:25 UTC 2019
3 ms. Memory: 48128K Free: 16747K (35%)
ptolemy.util.test.WatchDog.cancel(): canceling Sat Jul 20 05:06:25 UTC 2019
------------------ testing $PTII/ptolemy/domains/de/test/auto/multirate.xml
auto.tcl: Setting watchdog for 200 seconds at Sat Jul 20 05:06:25 UTC 2019
6 ms. Memory: 48128K Free: 27553K (57%)
ptolemy.util.test.WatchDog.cancel(): canceling Sat Jul 20 05:06:25 UTC 2019
auto.tcl: Setting watchdog for 200 seconds at Sat Jul 20 05:06:25 UTC 2019
3 ms. Memory: 48128K Free: 25840K (54%)
ptolemy.util.test.WatchDog.cancel(): canceling Sat Jul 20 05:06:25 UTC 2019
------------------ testing $PTII/ptolemy/domains/de/test/auto/multirate2.xml
auto.tcl: Setting watchdog for 200 seconds at Sat Jul 20 05:06:25 UTC 2019
3 ms. Memory: 48128K Free: 27499K (57%)
ptolemy.util.test.WatchDog.cancel(): canceling Sat Jul 20 05:06:25 UTC 2019
auto.tcl: Setting watchdog for 200 seconds at Sat Jul 20 05:06:25 UTC 2019
3 ms. Memory: 48128K Free: 26047K (54%)
ptolemy.util.test.WatchDog.cancel(): canceling Sat Jul 20 05:06:25 UTC 2019
------------------ testing $PTII/ptolemy/domains/de/test/auto/realtime.xml
auto.tcl: Setting watchdog for 200 seconds at Sat Jul 20 05:06:25 UTC 2019
10003 ms. Memory: 48128K Free: 29791K (62%)
ptolemy.util.test.WatchDog.cancel(): canceling Sat Jul 20 05:06:35 UTC 2019
auto.tcl: Setting watchdog for 200 seconds at Sat Jul 20 05:06:35 UTC 2019
10001 ms. Memory: 48128K Free: 29049K (60%)
ptolemy.util.test.WatchDog.cancel(): canceling Sat Jul 20 05:06:45 UTC 2019
------------------ testing $PTII/ptolemy/domains/de/test/auto/relationGroup.xml
auto.tcl: Setting watchdog for 200 seconds at Sat Jul 20 05:06:45 UTC 2019
2 ms. Memory: 48128K Free: 30839K (64%)
ptolemy.util.test.WatchDog.cancel(): canceling Sat Jul 20 05:06:45 UTC 2019
auto.tcl: Setting watchdog for 200 seconds at Sat Jul 20 05:06:45 UTC 2019
1 ms. Memory: 48128K Free: 30129K (63%)
ptolemy.util.test.WatchDog.cancel(): canceling Sat Jul 20 05:06:45 UTC 2019
------------------ testing $PTII/ptolemy/domains/de/test/auto/relationGroup2.xml
auto.tcl: Setting watchdog for 200 seconds at Sat Jul 20 05:06:45 UTC 2019
1 ms. Memory: 48128K Free: 30872K (64%)
ptolemy.util.test.WatchDog.cancel(): canceling Sat Jul 20 05:06:45 UTC 2019
auto.tcl: Setting watchdog for 200 seconds at Sat Jul 20 05:06:45 UTC 2019
1 ms. Memory: 48128K Free: 30155K (63%)
ptolemy.util.test.WatchDog.cancel(): canceling Sat Jul 20 05:06:45 UTC 2019
------------------ testing $PTII/ptolemy/domains/de/test/auto/sortWithOpaquePorts.xml
auto.tcl: Setting watchdog for 200 seconds at Sat Jul 20 05:06:46 UTC 2019
2 ms. Memory: 48128K Free: 29612K (62%)
ptolemy.util.test.WatchDog.cancel(): canceling Sat Jul 20 05:06:46 UTC 2019
auto.tcl: Setting watchdog for 200 seconds at Sat Jul 20 05:06:46 UTC 2019
2 ms. Memory: 48128K Free: 28655K (60%)
ptolemy.util.test.WatchDog.cancel(): canceling Sat Jul 20 05:06:46 UTC 2019
------------------ testing $PTII/ptolemy/domains/de/test/auto/transferInputsandOutputs.xml
auto.tcl: Setting watchdog for 200 seconds at Sat Jul 20 05:06:46 UTC 2019
4 ms. Memory: 48128K Free: 27072K (56%)
ptolemy.util.test.WatchDog.cancel(): canceling Sat Jul 20 05:06:46 UTC 2019
auto.tcl: Setting watchdog for 200 seconds at Sat Jul 20 05:06:46 UTC 2019
2 ms. Memory: 48128K Free: 26082K (54%)
ptolemy.util.test.WatchDog.cancel(): canceling Sat Jul 20 05:06:46 UTC 2019
------------------ testing $PTII/ptolemy/domains/de/test/auto/triggerType.xml
auto.tcl: Setting watchdog for 200 seconds at Sat Jul 20 05:06:46 UTC 2019
1 ms. Memory: 48128K Free: 30096K (63%)
ptolemy.util.test.WatchDog.cancel(): canceling Sat Jul 20 05:06:46 UTC 2019
auto.tcl: Setting watchdog for 200 seconds at Sat Jul 20 05:06:46 UTC 2019
2 ms. Memory: 48128K Free: 29125K (61%)
ptolemy.util.test.WatchDog.cancel(): canceling Sat Jul 20 05:06:46 UTC 2019
07/20/19 05:06:46
Failed: 0  Total Tests: 192  ((Passed: 187, Newly Passed: 1)  Known Failed: 5) /home/travis/build/icyphy/ptII/ptolemy/domains/de/test
07/20/19 05:06:46
Failed: 0  Total Tests: 192  ((Passed: 187, Newly Passed: 1)  Known Failed: 5) /home/travis/build/icyphy/ptII/ptolemy/domains/de/test
----------------- testing (KnownFailure) /home/travis/build/icyphy/ptII/ptolemy/domains/de/test/auto/knownFailedTests/DESDFClockTest.xml
2011 ms. Memory: 48128K Free: 23491K (49%)
Known Failure: java.lang.reflect.InvocationTargetException
----------------- testing (KnownFailure) /home/travis/build/icyphy/ptII/ptolemy/domains/de/test/auto/knownFailedTests/DirectFeedback.xml
3 ms. Memory: 48128K Free: 19909K (41%)
Known Failure: java.lang.reflect.InvocationTargetException
----------------- testing (KnownFailure) /home/travis/build/icyphy/ptII/ptolemy/domains/de/test/auto/knownFailedTests/FSMSource.xml
26 ms. Memory: 48128K Free: 12741K (26%)
----------------- testing (KnownFailure) /home/travis/build/icyphy/ptII/ptolemy/domains/de/test/auto/knownFailedTests/HierarchicalModel.xml
3 ms. Memory: 48128K Free: 22506K (47%)
Known Failure: java.lang.reflect.InvocationTargetException
----------------- testing (KnownFailure) /home/travis/build/icyphy/ptII/ptolemy/domains/de/test/auto/knownFailedTests/dependencyLoop.xml
16 ms. Memory: 48128K Free: 33171K (69%)
Known Failure: java.lang.reflect.InvocationTargetException
----------------- testing (KnownFailure) /home/travis/build/icyphy/ptII/ptolemy/domains/de/test/auto/knownFailedTests/dependencyLoop2.xml
8 ms. Memory: 48128K Free: 18027K (37%)
Known Failure: java.lang.reflect.InvocationTargetException
No auto/linux-amd64/*.xml tests in /home/travis/build/icyphy/ptII/ptolemy/domains/de/test
AutoTests.java: About to close Vertx.
AutoTests.java: Vertx closed.

===========================================================================================
----------------- testing Sat Jul 20 05:06:48 UTC 2019 /home/travis/build/icyphy/ptII/ptolemy/domains/de/test/auto/ActorDepthCalculation_actorWithoutPorts.xml
----------------- Instantiating /home/travis/build/icyphy/ptII/ptolemy/domains/de/test/auto/ActorDepthCalculation_actorWithoutPorts.xml
3 ms. Memory: 48128K Free: 11696K (24%)
----------------- Invoking toplevel() on ptolemy.moml.MoMLSimpleApplication@4fa2d049
----------------- Done invoking toplevel() on ptolemy.moml.MoMLSimpleApplication@4fa2d049
reloadAllAccessors: .ActorDepthCalculation_actorWithoutPorts

===========================================================================================
----------------- testing Sat Jul 20 05:06:48 UTC 2019 /home/travis/build/icyphy/ptII/ptolemy/domains/de/test/auto/AssemblyLine.xml
----------------- Instantiating /home/travis/build/icyphy/ptII/ptolemy/domains/de/test/auto/AssemblyLine.xml
2 ms. Memory: 48128K Free: 30431K (63%)
----------------- Invoking toplevel() on ptolemy.moml.MoMLSimpleApplication@5346a975
----------------- Done invoking toplevel() on ptolemy.moml.MoMLSimpleApplication@5346a975
reloadAllAccessors: .AssemblyLine

===========================================================================================
----------------- testing Sat Jul 20 05:06:48 UTC 2019 /home/travis/build/icyphy/ptII/ptolemy/domains/de/test/auto/CQBug1.xml
----------------- Instantiating /home/travis/build/icyphy/ptII/ptolemy/domains/de/test/auto/CQBug1.xml
2 ms. Memory: 48128K Free: 27546K (57%)
----------------- Invoking toplevel() on ptolemy.moml.MoMLSimpleApplication@6c8bcb9a
----------------- Done invoking toplevel() on ptolemy.moml.MoMLSimpleApplication@6c8bcb9a
reloadAllAccessors: .CQBug1

===========================================================================================
----------------- testing Sat Jul 20 05:06:48 UTC 2019 /home/travis/build/icyphy/ptII/ptolemy/domains/de/test/auto/CancelFireAt.xml
----------------- Instantiating /home/travis/build/icyphy/ptII/ptolemy/domains/de/test/auto/CancelFireAt.xml
7 ms. Memory: 48128K Free: 25311K (53%)
----------------- Invoking toplevel() on ptolemy.moml.MoMLSimpleApplication@1f7dcf1d
----------------- Done invoking toplevel() on ptolemy.moml.MoMLSimpleApplication@1f7dcf1d
reloadAllAccessors: .CancelFireAt

===========================================================================================
----------------- testing Sat Jul 20 05:06:48 UTC 2019 /home/travis/build/icyphy/ptII/ptolemy/domains/de/test/auto/CausalityAndComposabilityAnalysis.xml
----------------- Instantiating /home/travis/build/icyphy/ptII/ptolemy/domains/de/test/auto/CausalityAndComposabilityAnalysis.xml
2 ms. Memory: 48128K Free: 21029K (44%)
----------------- Invoking toplevel() on ptolemy.moml.MoMLSimpleApplication@2da7a58d
----------------- Done invoking toplevel() on ptolemy.moml.MoMLSimpleApplication@2da7a58d
reloadAllAccessors: .CausalityAndComposabilityAnalysis

===========================================================================================
----------------- testing Sat Jul 20 05:06:48 UTC 2019 /home/travis/build/icyphy/ptII/ptolemy/domains/de/test/auto/CausalityInterface1.xml
----------------- Instantiating /home/travis/build/icyphy/ptII/ptolemy/domains/de/test/auto/CausalityInterface1.xml
6 ms. Memory: 48128K Free: 16095K (33%)
----------------- Invoking toplevel() on ptolemy.moml.MoMLSimpleApplication@5386551e
----------------- Done invoking toplevel() on ptolemy.moml.MoMLSimpleApplication@5386551e
reloadAllAccessors: .CausalityInterface1

===========================================================================================
----------------- testing Sat Jul 20 05:06:48 UTC 2019 /home/travis/build/icyphy/ptII/ptolemy/domains/de/test/auto/CausalityInterface15.xml
----------------- Instantiating /home/travis/build/icyphy/ptII/ptolemy/domains/de/test/auto/CausalityInterface15.xml
2 ms. Memory: 48128K Free: 10620K (22%)
----------------- Invoking toplevel() on ptolemy.moml.MoMLSimpleApplication@106f002b
----------------- Done invoking toplevel() on ptolemy.moml.MoMLSimpleApplication@106f002b
reloadAllAccessors: .CausalityInterface15

===========================================================================================
----------------- testing Sat Jul 20 05:06:48 UTC 2019 /home/travis/build/icyphy/ptII/ptolemy/domains/de/test/auto/CausalityInterface2.xml
----------------- Instantiating /home/travis/build/icyphy/ptII/ptolemy/domains/de/test/auto/CausalityInterface2.xml
2 ms. Memory: 48128K Free: 31644K (66%)
----------------- Invoking toplevel() on ptolemy.moml.MoMLSimpleApplication@586b335
----------------- Done invoking toplevel() on ptolemy.moml.MoMLSimpleApplication@586b335
reloadAllAccessors: .CausalityInterface2

===========================================================================================
----------------- testing Sat Jul 20 05:06:48 UTC 2019 /home/travis/build/icyphy/ptII/ptolemy/domains/de/test/auto/CausalityInterface3.xml
----------------- Instantiating /home/travis/build/icyphy/ptII/ptolemy/domains/de/test/auto/CausalityInterface3.xml
2 ms. Memory: 48128K Free: 26777K (56%)
----------------- Invoking toplevel() on ptolemy.moml.MoMLSimpleApplication@2718db09
----------------- Done invoking toplevel() on ptolemy.moml.MoMLSimpleApplication@2718db09
reloadAllAccessors: .CausalityInterface3

===========================================================================================
----------------- testing Sat Jul 20 05:06:48 UTC 2019 /home/travis/build/icyphy/ptII/ptolemy/domains/de/test/auto/ClockDrift.xml
----------------- Instantiating /home/travis/build/icyphy/ptII/ptolemy/domains/de/test/auto/ClockDrift.xml
15 ms. Memory: 48128K Free: 14762K (31%)
----------------- Invoking toplevel() on ptolemy.moml.MoMLSimpleApplication@2c0cca2e
----------------- Done invoking toplevel() on ptolemy.moml.MoMLSimpleApplication@2c0cca2e
reloadAllAccessors: .ClockDrift

===========================================================================================
----------------- testing Sat Jul 20 05:06:48 UTC 2019 /home/travis/build/icyphy/ptII/ptolemy/domains/de/test/auto/ClockDriftAndValueChange.xml
----------------- Instantiating /home/travis/build/icyphy/ptII/ptolemy/domains/de/test/auto/ClockDriftAndValueChange.xml
11 ms. Memory: 48128K Free: 28623K (59%)
----------------- Invoking toplevel() on ptolemy.moml.MoMLSimpleApplication@43c6077f
----------------- Done invoking toplevel() on ptolemy.moml.MoMLSimpleApplication@43c6077f
reloadAllAccessors: .ClockDriftAndValueChange

===========================================================================================
----------------- testing Sat Jul 20 05:06:48 UTC 2019 /home/travis/build/icyphy/ptII/ptolemy/domains/de/test/auto/ClockDriftChange.xml
----------------- Instantiating /home/travis/build/icyphy/ptII/ptolemy/domains/de/test/auto/ClockDriftChange.xml
10 ms. Memory: 48128K Free: 18586K (39%)
----------------- Invoking toplevel() on ptolemy.moml.MoMLSimpleApplication@7a9be2c9
----------------- Done invoking toplevel() on ptolemy.moml.MoMLSimpleApplication@7a9be2c9
reloadAllAccessors: .ClockDriftChange

===========================================================================================
----------------- testing Sat Jul 20 05:06:48 UTC 2019 /home/travis/build/icyphy/ptII/ptolemy/domains/de/test/auto/ComposableCausalityAnalysis.xml
----------------- Instantiating /home/travis/build/icyphy/ptII/ptolemy/domains/de/test/auto/ComposableCausalityAnalysis.xml
1 ms. Memory: 48128K Free: 12903K (27%)
----------------- Invoking toplevel() on ptolemy.moml.MoMLSimpleApplication@190e908f
----------------- Done invoking toplevel() on ptolemy.moml.MoMLSimpleApplication@190e908f
reloadAllAccessors: .ComposableCausalityAnalysis

===========================================================================================
----------------- testing Sat Jul 20 05:06:48 UTC 2019 /home/travis/build/icyphy/ptII/ptolemy/domains/de/test/auto/DEFixedPointLimitation.xml
----------------- Instantiating /home/travis/build/icyphy/ptII/ptolemy/domains/de/test/auto/DEFixedPointLimitation.xml
6 ms. Memory: 48128K Free: 33153K (69%)
----------------- Invoking toplevel() on ptolemy.moml.MoMLSimpleApplication@14741fb3
----------------- Done invoking toplevel() on ptolemy.moml.MoMLSimpleApplication@14741fb3
reloadAllAccessors: .DEFixedPointLimitation

===========================================================================================
----------------- testing Sat Jul 20 05:06:48 UTC 2019 /home/travis/build/icyphy/ptII/ptolemy/domains/de/test/auto/DEScheduleTest.xml
----------------- Instantiating /home/travis/build/icyphy/ptII/ptolemy/domains/de/test/auto/DEScheduleTest.xml
4 ms. Memory: 48128K Free: 28627K (59%)
----------------- Invoking toplevel() on ptolemy.moml.MoMLSimpleApplication@32adf142
----------------- Done invoking toplevel() on ptolemy.moml.MoMLSimpleApplication@32adf142
reloadAllAccessors: .DEScheduleTest

===========================================================================================
----------------- testing Sat Jul 20 05:06:48 UTC 2019 /home/travis/build/icyphy/ptII/ptolemy/domains/de/test/auto/DEinDEwithStartTimes.xml
----------------- Instantiating /home/travis/build/icyphy/ptII/ptolemy/domains/de/test/auto/DEinDEwithStartTimes.xml
2 ms. Memory: 48128K Free: 22731K (47%)
----------------- Invoking toplevel() on ptolemy.moml.MoMLSimpleApplication@df960d1
----------------- Done invoking toplevel() on ptolemy.moml.MoMLSimpleApplication@df960d1
reloadAllAccessors: .DEinDEwithStartTimes

===========================================================================================
----------------- testing Sat Jul 20 05:06:48 UTC 2019 /home/travis/build/icyphy/ptII/ptolemy/domains/de/test/auto/DEinDEwithStartTimes2.xml
----------------- Instantiating /home/travis/build/icyphy/ptII/ptolemy/domains/de/test/auto/DEinDEwithStartTimes2.xml
2 ms. Memory: 48128K Free: 16309K (34%)
----------------- Invoking toplevel() on ptolemy.moml.MoMLSimpleApplication@7e9e77f8
----------------- Done invoking toplevel() on ptolemy.moml.MoMLSimpleApplication@7e9e77f8
reloadAllAccessors: .DEinDEwithStartTimes2

===========================================================================================
----------------- testing Sat Jul 20 05:06:48 UTC 2019 /home/travis/build/icyphy/ptII/ptolemy/domains/de/test/auto/DateDemo.xml
----------------- Instantiating /home/travis/build/icyphy/ptII/ptolemy/domains/de/test/auto/DateDemo.xml
6 ms. Memory: 48128K Free: 29307K (61%)
----------------- Invoking toplevel() on ptolemy.moml.MoMLSimpleApplication@4400834
----------------- Done invoking toplevel() on ptolemy.moml.MoMLSimpleApplication@4400834
reloadAllAccessors: .DateDemo

===========================================================================================
----------------- testing Sat Jul 20 05:06:48 UTC 2019 /home/travis/build/icyphy/ptII/ptolemy/domains/de/test/auto/DateToEvent.xml
----------------- Instantiating /home/travis/build/icyphy/ptII/ptolemy/domains/de/test/auto/DateToEvent.xml
2005 ms. Memory: 48128K Free: 13620K (28%)
----------------- Invoking toplevel() on ptolemy.moml.MoMLSimpleApplication@5295a051
----------------- Done invoking toplevel() on ptolemy.moml.MoMLSimpleApplication@5295a051
reloadAllAccessors: .DateToEvent

===========================================================================================
----------------- testing Sat Jul 20 05:06:50 UTC 2019 /home/travis/build/icyphy/ptII/ptolemy/domains/de/test/auto/DepthTest1.xml
----------------- Instantiating /home/travis/build/icyphy/ptII/ptolemy/domains/de/test/auto/DepthTest1.xml
1 ms. Memory: 48128K Free: 10875K (23%)
----------------- Invoking toplevel() on ptolemy.moml.MoMLSimpleApplication@7f929b3a
----------------- Done invoking toplevel() on ptolemy.moml.MoMLSimpleApplication@7f929b3a
reloadAllAccessors: .DepthTest1

===========================================================================================
----------------- testing Sat Jul 20 05:06:51 UTC 2019 /home/travis/build/icyphy/ptII/ptolemy/domains/de/test/auto/DepthTest2.xml
----------------- Instantiating /home/travis/build/icyphy/ptII/ptolemy/domains/de/test/auto/DepthTest2.xml
8 ms. Memory: 48128K Free: 29219K (61%)
----------------- Invoking toplevel() on ptolemy.moml.MoMLSimpleApplication@3442f762
----------------- Done invoking toplevel() on ptolemy.moml.MoMLSimpleApplication@3442f762
reloadAllAccessors: .DepthTest2

===========================================================================================
----------------- testing Sat Jul 20 05:06:51 UTC 2019 /home/travis/build/icyphy/ptII/ptolemy/domains/de/test/auto/DepthTest3.xml
----------------- Instantiating /home/travis/build/icyphy/ptII/ptolemy/domains/de/test/auto/DepthTest3.xml
2 ms. Memory: 48128K Free: 26107K (54%)
----------------- Invoking toplevel() on ptolemy.moml.MoMLSimpleApplication@350a097b
----------------- Done invoking toplevel() on ptolemy.moml.MoMLSimpleApplication@350a097b
reloadAllAccessors: .DepthTest3

===========================================================================================
----------------- testing Sat Jul 20 05:06:51 UTC 2019 /home/travis/build/icyphy/ptII/ptolemy/domains/de/test/auto/DepthTest4.xml
----------------- Instantiating /home/travis/build/icyphy/ptII/ptolemy/domains/de/test/auto/DepthTest4.xml
1 ms. Memory: 48128K Free: 21387K (44%)
----------------- Invoking toplevel() on ptolemy.moml.MoMLSimpleApplication@1379a313
----------------- Done invoking toplevel() on ptolemy.moml.MoMLSimpleApplication@1379a313
reloadAllAccessors: .DepthTest4

===========================================================================================
----------------- testing Sat Jul 20 05:06:51 UTC 2019 /home/travis/build/icyphy/ptII/ptolemy/domains/de/test/auto/DepthTest5.xml
----------------- Instantiating /home/travis/build/icyphy/ptII/ptolemy/domains/de/test/auto/DepthTest5.xml
2 ms. Memory: 48128K Free: 16101K (33%)
----------------- Invoking toplevel() on ptolemy.moml.MoMLSimpleApplication@2c822c25
----------------- Done invoking toplevel() on ptolemy.moml.MoMLSimpleApplication@2c822c25
reloadAllAccessors: .DepthTest5

===========================================================================================
----------------- testing Sat Jul 20 05:06:51 UTC 2019 /home/travis/build/icyphy/ptII/ptolemy/domains/de/test/auto/DepthTest6.xml
----------------- Instantiating /home/travis/build/icyphy/ptII/ptolemy/domains/de/test/auto/DepthTest6.xml
2 ms. Memory: 48128K Free: 10801K (22%)
----------------- Invoking toplevel() on ptolemy.moml.MoMLSimpleApplication@1974b570
----------------- Done invoking toplevel() on ptolemy.moml.MoMLSimpleApplication@1974b570
reloadAllAccessors: .DepthTest6

===========================================================================================
----------------- testing Sat Jul 20 05:06:51 UTC 2019 /home/travis/build/icyphy/ptII/ptolemy/domains/de/test/auto/DepthTest7.xml
----------------- Instantiating /home/travis/build/icyphy/ptII/ptolemy/domains/de/test/auto/DepthTest7.xml
1 ms. Memory: 48128K Free: 30465K (63%)
----------------- Invoking toplevel() on ptolemy.moml.MoMLSimpleApplication@2b425828
----------------- Done invoking toplevel() on ptolemy.moml.MoMLSimpleApplication@2b425828
reloadAllAccessors: .DepthTest7

===========================================================================================
----------------- testing Sat Jul 20 05:06:51 UTC 2019 /home/travis/build/icyphy/ptII/ptolemy/domains/de/test/auto/EventToDate.xml
----------------- Instantiating /home/travis/build/icyphy/ptII/ptolemy/domains/de/test/auto/EventToDate.xml
3005 ms. Memory: 48128K Free: 17177K (36%)
----------------- Invoking toplevel() on ptolemy.moml.MoMLSimpleApplication@306ddbca
----------------- Done invoking toplevel() on ptolemy.moml.MoMLSimpleApplication@306ddbca
reloadAllAccessors: .EventToDate

===========================================================================================
----------------- testing Sat Jul 20 05:06:54 UTC 2019 /home/travis/build/icyphy/ptII/ptolemy/domains/de/test/auto/FSM1.xml
----------------- Instantiating /home/travis/build/icyphy/ptII/ptolemy/domains/de/test/auto/FSM1.xml
25 ms. Memory: 48128K Free: 29544K (61%)
----------------- Invoking toplevel() on ptolemy.moml.MoMLSimpleApplication@379ce07
----------------- Done invoking toplevel() on ptolemy.moml.MoMLSimpleApplication@379ce07
reloadAllAccessors: .FSM1

===========================================================================================
----------------- testing Sat Jul 20 05:06:54 UTC 2019 /home/travis/build/icyphy/ptII/ptolemy/domains/de/test/auto/FSM7.xml
----------------- Instantiating /home/travis/build/icyphy/ptII/ptolemy/domains/de/test/auto/FSM7.xml
14 ms. Memory: 48128K Free: 17076K (35%)
----------------- Invoking toplevel() on ptolemy.moml.MoMLSimpleApplication@5fd2e13d
----------------- Done invoking toplevel() on ptolemy.moml.MoMLSimpleApplication@5fd2e13d
reloadAllAccessors: .FSM7

===========================================================================================
----------------- testing Sat Jul 20 05:06:54 UTC 2019 /home/travis/build/icyphy/ptII/ptolemy/domains/de/test/auto/Inspection.xml
----------------- Instantiating /home/travis/build/icyphy/ptII/ptolemy/domains/de/test/auto/Inspection.xml
16 ms. Memory: 48128K Free: 29498K (61%)
----------------- Invoking toplevel() on ptolemy.moml.MoMLSimpleApplication@178e6f31
----------------- Done invoking toplevel() on ptolemy.moml.MoMLSimpleApplication@178e6f31
reloadAllAccessors: .Inspection

===========================================================================================
----------------- testing Sat Jul 20 05:06:54 UTC 2019 /home/travis/build/icyphy/ptII/ptolemy/domains/de/test/auto/Iteration.xml
----------------- Instantiating /home/travis/build/icyphy/ptII/ptolemy/domains/de/test/auto/Iteration.xml
10 ms. Memory: 48128K Free: 22563K (47%)
----------------- Invoking toplevel() on ptolemy.moml.MoMLSimpleApplication@3f51f673
----------------- Done invoking toplevel() on ptolemy.moml.MoMLSimpleApplication@3f51f673
reloadAllAccessors: .Iteration

===========================================================================================
----------------- testing Sat Jul 20 05:06:54 UTC 2019 /home/travis/build/icyphy/ptII/ptolemy/domains/de/test/auto/LineFault.xml
----------------- Instantiating /home/travis/build/icyphy/ptII/ptolemy/domains/de/test/auto/LineFault.xml
482 ms. Memory: 58368K Free: 40171K (69%)
----------------- Invoking toplevel() on ptolemy.moml.MoMLSimpleApplication@1f4ce11
----------------- Done invoking toplevel() on ptolemy.moml.MoMLSimpleApplication@1f4ce11
reloadAllAccessors: .LineFault

===========================================================================================
----------------- testing Sat Jul 20 05:06:54 UTC 2019 /home/travis/build/icyphy/ptII/ptolemy/domains/de/test/auto/MergeModel1Add.xml
----------------- Instantiating /home/travis/build/icyphy/ptII/ptolemy/domains/de/test/auto/MergeModel1Add.xml
7 ms. Memory: 58368K Free: 21225K (36%)
----------------- Invoking toplevel() on ptolemy.moml.MoMLSimpleApplication@1733595e
----------------- Done invoking toplevel() on ptolemy.moml.MoMLSimpleApplication@1733595e
reloadAllAccessors: .MergeModel1Add

===========================================================================================
----------------- testing Sat Jul 20 05:06:55 UTC 2019 /home/travis/build/icyphy/ptII/ptolemy/domains/de/test/auto/MergeModel2Add.xml
----------------- Instantiating /home/travis/build/icyphy/ptII/ptolemy/domains/de/test/auto/MergeModel2Add.xml
5 ms. Memory: 58368K Free: 29930K (51%)
----------------- Invoking toplevel() on ptolemy.moml.MoMLSimpleApplication@451dd52c
----------------- Done invoking toplevel() on ptolemy.moml.MoMLSimpleApplication@451dd52c
reloadAllAccessors: .MergeModel2Add

===========================================================================================
----------------- testing Sat Jul 20 05:06:55 UTC 2019 /home/travis/build/icyphy/ptII/ptolemy/domains/de/test/auto/MergeModel3Add.xml
----------------- Instantiating /home/travis/build/icyphy/ptII/ptolemy/domains/de/test/auto/MergeModel3Add.xml
5 ms. Memory: 58368K Free: 38849K (67%)
----------------- Invoking toplevel() on ptolemy.moml.MoMLSimpleApplication@6f938f3a
----------------- Done invoking toplevel() on ptolemy.moml.MoMLSimpleApplication@6f938f3a
reloadAllAccessors: .MergeModel3Add

===========================================================================================
----------------- testing Sat Jul 20 05:06:55 UTC 2019 /home/travis/build/icyphy/ptII/ptolemy/domains/de/test/auto/MergeWithoutDiscard.xml
----------------- Instantiating /home/travis/build/icyphy/ptII/ptolemy/domains/de/test/auto/MergeWithoutDiscard.xml
2 ms. Memory: 58368K Free: 34261K (59%)
----------------- Invoking toplevel() on ptolemy.moml.MoMLSimpleApplication@523a136f
----------------- Done invoking toplevel() on ptolemy.moml.MoMLSimpleApplication@523a136f
reloadAllAccessors: .MergeWithoutDiscard

===========================================================================================
----------------- testing Sat Jul 20 05:06:55 UTC 2019 /home/travis/build/icyphy/ptII/ptolemy/domains/de/test/auto/Modal1.xml
----------------- Instantiating /home/travis/build/icyphy/ptII/ptolemy/domains/de/test/auto/Modal1.xml
8 ms. Memory: 58368K Free: 22241K (38%)
----------------- Invoking toplevel() on ptolemy.moml.MoMLSimpleApplication@60664bc9
----------------- Done invoking toplevel() on ptolemy.moml.MoMLSimpleApplication@60664bc9
reloadAllAccessors: .Modal1

===========================================================================================
----------------- testing Sat Jul 20 05:06:55 UTC 2019 /home/travis/build/icyphy/ptII/ptolemy/domains/de/test/auto/Modal2.xml
----------------- Instantiating /home/travis/build/icyphy/ptII/ptolemy/domains/de/test/auto/Modal2.xml
7 ms. Memory: 58368K Free: 36963K (63%)
----------------- Invoking toplevel() on ptolemy.moml.MoMLSimpleApplication@48337072
----------------- Done invoking toplevel() on ptolemy.moml.MoMLSimpleApplication@48337072
reloadAllAccessors: .Modal2

===========================================================================================
----------------- testing Sat Jul 20 05:06:55 UTC 2019 /home/travis/build/icyphy/ptII/ptolemy/domains/de/test/auto/Modal3.xml
----------------- Instantiating /home/travis/build/icyphy/ptII/ptolemy/domains/de/test/auto/Modal3.xml
8 ms. Memory: 58368K Free: 24514K (42%)
----------------- Invoking toplevel() on ptolemy.moml.MoMLSimpleApplication@3d7d2c45
----------------- Done invoking toplevel() on ptolemy.moml.MoMLSimpleApplication@3d7d2c45
reloadAllAccessors: .Modal3

===========================================================================================
----------------- testing Sat Jul 20 05:06:55 UTC 2019 /home/travis/build/icyphy/ptII/ptolemy/domains/de/test/auto/Modal4.xml
----------------- Instantiating /home/travis/build/icyphy/ptII/ptolemy/domains/de/test/auto/Modal4.xml
17 ms. Memory: 58368K Free: 39296K (67%)
----------------- Invoking toplevel() on ptolemy.moml.MoMLSimpleApplication@7082ee55
----------------- Done invoking toplevel() on ptolemy.moml.MoMLSimpleApplication@7082ee55
reloadAllAccessors: .Modal4

===========================================================================================
----------------- testing Sat Jul 20 05:06:55 UTC 2019 /home/travis/build/icyphy/ptII/ptolemy/domains/de/test/auto/Modal5.xml
----------------- Instantiating /home/travis/build/icyphy/ptII/ptolemy/domains/de/test/auto/Modal5.xml
10 ms. Memory: 58368K Free: 26103K (45%)
----------------- Invoking toplevel() on ptolemy.moml.MoMLSimpleApplication@a352252
----------------- Done invoking toplevel() on ptolemy.moml.MoMLSimpleApplication@a352252
reloadAllAccessors: .Modal5

===========================================================================================
----------------- testing Sat Jul 20 05:06:55 UTC 2019 /home/travis/build/icyphy/ptII/ptolemy/domains/de/test/auto/Modal6.xml
----------------- Instantiating /home/travis/build/icyphy/ptII/ptolemy/domains/de/test/auto/Modal6.xml
15 ms. Memory: 70656K Free: 53527K (76%)
----------------- Invoking toplevel() on ptolemy.moml.MoMLSimpleApplication@4ab00dc9
----------------- Done invoking toplevel() on ptolemy.moml.MoMLSimpleApplication@4ab00dc9
reloadAllAccessors: .Modal6

===========================================================================================
----------------- testing Sat Jul 20 05:06:55 UTC 2019 /home/travis/build/icyphy/ptII/ptolemy/domains/de/test/auto/Modal7.xml
----------------- Instantiating /home/travis/build/icyphy/ptII/ptolemy/domains/de/test/auto/Modal7.xml
7 ms. Memory: 70656K Free: 39895K (56%)
----------------- Invoking toplevel() on ptolemy.moml.MoMLSimpleApplication@2a33521f
----------------- Done invoking toplevel() on ptolemy.moml.MoMLSimpleApplication@2a33521f
reloadAllAccessors: .Modal7

===========================================================================================
----------------- testing Sat Jul 20 05:06:55 UTC 2019 /home/travis/build/icyphy/ptII/ptolemy/domains/de/test/auto/ModalModel.xml
----------------- Instantiating /home/travis/build/icyphy/ptII/ptolemy/domains/de/test/auto/ModalModel.xml
127 ms. Memory: 70656K Free: 39210K (55%)
----------------- Invoking toplevel() on ptolemy.moml.MoMLSimpleApplication@7db59615
----------------- Done invoking toplevel() on ptolemy.moml.MoMLSimpleApplication@7db59615
reloadAllAccessors: .ModalModel

===========================================================================================
----------------- testing Sat Jul 20 05:06:55 UTC 2019 /home/travis/build/icyphy/ptII/ptolemy/domains/de/test/auto/ModalSource.xml
----------------- Instantiating /home/travis/build/icyphy/ptII/ptolemy/domains/de/test/auto/ModalSource.xml
4 ms. Memory: 70656K Free: 30636K (43%)
----------------- Invoking toplevel() on ptolemy.moml.MoMLSimpleApplication@5a3d16a7
----------------- Done invoking toplevel() on ptolemy.moml.MoMLSimpleApplication@5a3d16a7
reloadAllAccessors: .ModalSource

===========================================================================================
----------------- testing Sat Jul 20 05:06:55 UTC 2019 /home/travis/build/icyphy/ptII/ptolemy/domains/de/test/auto/NonInterruptibleTimerZeroDelay.xml
----------------- Instantiating /home/travis/build/icyphy/ptII/ptolemy/domains/de/test/auto/NonInterruptibleTimerZeroDelay.xml
2 ms. Memory: 70656K Free: 26570K (38%)
----------------- Invoking toplevel() on ptolemy.moml.MoMLSimpleApplication@d47c376
----------------- Done invoking toplevel() on ptolemy.moml.MoMLSimpleApplication@d47c376
reloadAllAccessors: .NonInterruptibleTimerZeroDelay

===========================================================================================
----------------- testing Sat Jul 20 05:06:55 UTC 2019 /home/travis/build/icyphy/ptII/ptolemy/domains/de/test/auto/OpenQueueingNetwork.xml
----------------- Instantiating /home/travis/build/icyphy/ptII/ptolemy/domains/de/test/auto/OpenQueueingNetwork.xml
2443 ms. Memory: 144384K Free: 106966K (74%)
----------------- Invoking toplevel() on ptolemy.moml.MoMLSimpleApplication@3a5f5b8d
----------------- Done invoking toplevel() on ptolemy.moml.MoMLSimpleApplication@3a5f5b8d
reloadAllAccessors: .OpenQueueingNetwork

===========================================================================================
----------------- testing Sat Jul 20 05:06:58 UTC 2019 /home/travis/build/icyphy/ptII/ptolemy/domains/de/test/auto/OpenQueuingNetwork.xml
----------------- Instantiating /home/travis/build/icyphy/ptII/ptolemy/domains/de/test/auto/OpenQueuingNetwork.xml
251 ms. Memory: 174080K Free: 144842K (83%)
----------------- Invoking toplevel() on ptolemy.moml.MoMLSimpleApplication@1839f44c
----------------- Done invoking toplevel() on ptolemy.moml.MoMLSimpleApplication@1839f44c
reloadAllAccessors: .OpenQueuingNetwork

===========================================================================================
----------------- testing Sat Jul 20 05:06:58 UTC 2019 /home/travis/build/icyphy/ptII/ptolemy/domains/de/test/auto/PeriodicSampler.xml
----------------- Instantiating /home/travis/build/icyphy/ptII/ptolemy/domains/de/test/auto/PeriodicSampler.xml
4 ms. Memory: 174080K Free: 140232K (81%)
----------------- Invoking toplevel() on ptolemy.moml.MoMLSimpleApplication@58a65426
----------------- Done invoking toplevel() on ptolemy.moml.MoMLSimpleApplication@58a65426
reloadAllAccessors: .PeriodicSampler

===========================================================================================
----------------- testing Sat Jul 20 05:06:58 UTC 2019 /home/travis/build/icyphy/ptII/ptolemy/domains/de/test/auto/PersistentIO.xml
----------------- Instantiating /home/travis/build/icyphy/ptII/ptolemy/domains/de/test/auto/PersistentIO.xml
4 ms. Memory: 174080K Free: 130506K (75%)
----------------- Invoking toplevel() on ptolemy.moml.MoMLSimpleApplication@2cc39b4c
----------------- Done invoking toplevel() on ptolemy.moml.MoMLSimpleApplication@2cc39b4c
reloadAllAccessors: .PersistentIO

===========================================================================================
----------------- testing Sat Jul 20 05:06:58 UTC 2019 /home/travis/build/icyphy/ptII/ptolemy/domains/de/test/auto/PortParameterResetOnInitialize.xml
----------------- Instantiating /home/travis/build/icyphy/ptII/ptolemy/domains/de/test/auto/PortParameterResetOnInitialize.xml
4 ms. Memory: 174080K Free: 125896K (72%)
----------------- Invoking toplevel() on ptolemy.moml.MoMLSimpleApplication@462afd41
----------------- Done invoking toplevel() on ptolemy.moml.MoMLSimpleApplication@462afd41
reloadAllAccessors: .PortParameterResetOnInitialize

===========================================================================================
----------------- testing Sat Jul 20 05:06:58 UTC 2019 /home/travis/build/icyphy/ptII/ptolemy/domains/de/test/auto/PortParameterUpdates.xml
----------------- Instantiating /home/travis/build/icyphy/ptII/ptolemy/domains/de/test/auto/PortParameterUpdates.xml
7 ms. Memory: 174080K Free: 119242K (68%)
----------------- Invoking toplevel() on ptolemy.moml.MoMLSimpleApplication@6b34961b
----------------- Done invoking toplevel() on ptolemy.moml.MoMLSimpleApplication@6b34961b
reloadAllAccessors: .PortParameterUpdates

===========================================================================================
----------------- testing Sat Jul 20 05:06:58 UTC 2019 /home/travis/build/icyphy/ptII/ptolemy/domains/de/test/auto/QueueAndServer.xml
----------------- Instantiating /home/travis/build/icyphy/ptII/ptolemy/domains/de/test/auto/QueueAndServer.xml
5 ms. Memory: 174080K Free: 111560K (64%)
----------------- Invoking toplevel() on ptolemy.moml.MoMLSimpleApplication@34eda8a9
----------------- Done invoking toplevel() on ptolemy.moml.MoMLSimpleApplication@34eda8a9
reloadAllAccessors: .QueueAndServer

===========================================================================================
----------------- testing Sat Jul 20 05:06:58 UTC 2019 /home/travis/build/icyphy/ptII/ptolemy/domains/de/test/auto/Records.xml
----------------- Instantiating /home/travis/build/icyphy/ptII/ptolemy/domains/de/test/auto/Records.xml
3 ms. Memory: 174080K Free: 105930K (61%)
----------------- Invoking toplevel() on ptolemy.moml.MoMLSimpleApplication@5e363899
----------------- Done invoking toplevel() on ptolemy.moml.MoMLSimpleApplication@5e363899
reloadAllAccessors: .Records

===========================================================================================
----------------- testing Sat Jul 20 05:06:58 UTC 2019 /home/travis/build/icyphy/ptII/ptolemy/domains/de/test/auto/ResetTransitionWithStartTime1.xml
----------------- Instantiating /home/travis/build/icyphy/ptII/ptolemy/domains/de/test/auto/ResetTransitionWithStartTime1.xml
4 ms. Memory: 174080K Free: 97738K (56%)
----------------- Invoking toplevel() on ptolemy.moml.MoMLSimpleApplication@19a42c72
----------------- Done invoking toplevel() on ptolemy.moml.MoMLSimpleApplication@19a42c72
reloadAllAccessors: .ResetTransitionWithStartTime1

===========================================================================================
----------------- testing Sat Jul 20 05:06:58 UTC 2019 /home/travis/build/icyphy/ptII/ptolemy/domains/de/test/auto/ResetTransitionWithStartTime2.xml
----------------- Instantiating /home/travis/build/icyphy/ptII/ptolemy/domains/de/test/auto/ResetTransitionWithStartTime2.xml
4 ms. Memory: 174080K Free: 89546K (51%)
----------------- Invoking toplevel() on ptolemy.moml.MoMLSimpleApplication@7d18649c
----------------- Done invoking toplevel() on ptolemy.moml.MoMLSimpleApplication@7d18649c
reloadAllAccessors: .ResetTransitionWithStartTime2

===========================================================================================
----------------- testing Sat Jul 20 05:06:58 UTC 2019 /home/travis/build/icyphy/ptII/ptolemy/domains/de/test/auto/ResetTransitionWithStartTime3.xml
----------------- Instantiating /home/travis/build/icyphy/ptII/ptolemy/domains/de/test/auto/ResetTransitionWithStartTime3.xml
5 ms. Memory: 174080K Free: 81354K (47%)
----------------- Invoking toplevel() on ptolemy.moml.MoMLSimpleApplication@9095b22
----------------- Done invoking toplevel() on ptolemy.moml.MoMLSimpleApplication@9095b22
reloadAllAccessors: .ResetTransitionWithStartTime3

===========================================================================================
----------------- testing Sat Jul 20 05:06:58 UTC 2019 /home/travis/build/icyphy/ptII/ptolemy/domains/de/test/auto/ResetTransitionWithStartTime4.xml
----------------- Instantiating /home/travis/build/icyphy/ptII/ptolemy/domains/de/test/auto/ResetTransitionWithStartTime4.xml
3 ms. Memory: 174080K Free: 73666K (42%)
----------------- Invoking toplevel() on ptolemy.moml.MoMLSimpleApplication@6a2e9929
----------------- Done invoking toplevel() on ptolemy.moml.MoMLSimpleApplication@6a2e9929
reloadAllAccessors: .ResetTransitionWithStartTime4

===========================================================================================
----------------- testing Sat Jul 20 05:06:58 UTC 2019 /home/travis/build/icyphy/ptII/ptolemy/domains/de/test/auto/ResettableTimer1.xml
----------------- Instantiating /home/travis/build/icyphy/ptII/ptolemy/domains/de/test/auto/ResettableTimer1.xml
4 ms. Memory: 174080K Free: 69546K (40%)
----------------- Invoking toplevel() on ptolemy.moml.MoMLSimpleApplication@4c67d6d7
----------------- Done invoking toplevel() on ptolemy.moml.MoMLSimpleApplication@4c67d6d7
reloadAllAccessors: .ResettableTimer1

===========================================================================================
----------------- testing Sat Jul 20 05:06:58 UTC 2019 /home/travis/build/icyphy/ptII/ptolemy/domains/de/test/auto/ResettableTimer2.xml
----------------- Instantiating /home/travis/build/icyphy/ptII/ptolemy/domains/de/test/auto/ResettableTimer2.xml
2 ms. Memory: 174080K Free: 65466K (38%)
----------------- Invoking toplevel() on ptolemy.moml.MoMLSimpleApplication@2b29e9db
----------------- Done invoking toplevel() on ptolemy.moml.MoMLSimpleApplication@2b29e9db
reloadAllAccessors: .ResettableTimer2

===========================================================================================
----------------- testing Sat Jul 20 05:06:58 UTC 2019 /home/travis/build/icyphy/ptII/ptolemy/domains/de/test/auto/ResettableTimer3.xml
----------------- Instantiating /home/travis/build/icyphy/ptII/ptolemy/domains/de/test/auto/ResettableTimer3.xml
1 ms. Memory: 174080K Free: 61384K (35%)
----------------- Invoking toplevel() on ptolemy.moml.MoMLSimpleApplication@2703e47b
----------------- Done invoking toplevel() on ptolemy.moml.MoMLSimpleApplication@2703e47b
reloadAllAccessors: .ResettableTimer3

===========================================================================================
----------------- testing Sat Jul 20 05:06:58 UTC 2019 /home/travis/build/icyphy/ptII/ptolemy/domains/de/test/auto/ResettableTimer4.xml
----------------- Instantiating /home/travis/build/icyphy/ptII/ptolemy/domains/de/test/auto/ResettableTimer4.xml
1 ms. Memory: 174080K Free: 57288K (33%)
----------------- Invoking toplevel() on ptolemy.moml.MoMLSimpleApplication@4928b543
----------------- Done invoking toplevel() on ptolemy.moml.MoMLSimpleApplication@4928b543
reloadAllAccessors: .ResettableTimer4

===========================================================================================
----------------- testing Sat Jul 20 05:06:58 UTC 2019 /home/travis/build/icyphy/ptII/ptolemy/domains/de/test/auto/ResettableTimer5.xml
----------------- Instantiating /home/travis/build/icyphy/ptII/ptolemy/domains/de/test/auto/ResettableTimer5.xml
6 ms. Memory: 174080K Free: 157266K (90%)
----------------- Invoking toplevel() on ptolemy.moml.MoMLSimpleApplication@275b8158
----------------- Done invoking toplevel() on ptolemy.moml.MoMLSimpleApplication@275b8158
reloadAllAccessors: .ResettableTimer5

===========================================================================================
----------------- testing Sat Jul 20 05:06:58 UTC 2019 /home/travis/build/icyphy/ptII/ptolemy/domains/de/test/auto/ResettableTimer6.xml
----------------- Instantiating /home/travis/build/icyphy/ptII/ptolemy/domains/de/test/auto/ResettableTimer6.xml
7 ms. Memory: 174080K Free: 152143K (87%)
----------------- Invoking toplevel() on ptolemy.moml.MoMLSimpleApplication@32ed451f
----------------- Done invoking toplevel() on ptolemy.moml.MoMLSimpleApplication@32ed451f
reloadAllAccessors: .ResettableTimer6

===========================================================================================
----------------- testing Sat Jul 20 05:06:58 UTC 2019 /home/travis/build/icyphy/ptII/ptolemy/domains/de/test/auto/ServerZeroDelay.xml
----------------- Instantiating /home/travis/build/icyphy/ptII/ptolemy/domains/de/test/auto/ServerZeroDelay.xml
2 ms. Memory: 174080K Free: 148044K (85%)
----------------- Invoking toplevel() on ptolemy.moml.MoMLSimpleApplication@68207878
----------------- Done invoking toplevel() on ptolemy.moml.MoMLSimpleApplication@68207878
reloadAllAccessors: .ServerZeroDelay

===========================================================================================
----------------- testing Sat Jul 20 05:06:58 UTC 2019 /home/travis/build/icyphy/ptII/ptolemy/domains/de/test/auto/SmartSender.xml
----------------- Instantiating /home/travis/build/icyphy/ptII/ptolemy/domains/de/test/auto/SmartSender.xml
3002 ms. Memory: 174080K Free: 143954K (83%)
----------------- Invoking toplevel() on ptolemy.moml.MoMLSimpleApplication@76b514f5
----------------- Done invoking toplevel() on ptolemy.moml.MoMLSimpleApplication@76b514f5
reloadAllAccessors: .SmartSender

===========================================================================================
----------------- testing Sat Jul 20 05:07:01 UTC 2019 /home/travis/build/icyphy/ptII/ptolemy/domains/de/test/auto/ThreadedComposite.xml
----------------- Instantiating /home/travis/build/icyphy/ptII/ptolemy/domains/de/test/auto/ThreadedComposite.xml
111 ms. Memory: 174080K Free: 123474K (71%)
----------------- Invoking toplevel() on ptolemy.moml.MoMLSimpleApplication@4e6e7c8
----------------- Done invoking toplevel() on ptolemy.moml.MoMLSimpleApplication@4e6e7c8
reloadAllAccessors: .ThreadedComposite

===========================================================================================
----------------- testing Sat Jul 20 05:07:01 UTC 2019 /home/travis/build/icyphy/ptII/ptolemy/domains/de/test/auto/Time.xml
----------------- Instantiating /home/travis/build/icyphy/ptII/ptolemy/domains/de/test/auto/Time.xml
438 ms. Memory: 174080K Free: 68692K (39%)
----------------- Invoking toplevel() on ptolemy.moml.MoMLSimpleApplication@2075a27f
----------------- Done invoking toplevel() on ptolemy.moml.MoMLSimpleApplication@2075a27f
reloadAllAccessors: .Time

===========================================================================================
----------------- testing Sat Jul 20 05:07:02 UTC 2019 /home/travis/build/icyphy/ptII/ptolemy/domains/de/test/auto/TimeDelayZeroDelay.xml
----------------- Instantiating /home/travis/build/icyphy/ptII/ptolemy/domains/de/test/auto/TimeDelayZeroDelay.xml
1 ms. Memory: 174080K Free: 64596K (37%)
----------------- Invoking toplevel() on ptolemy.moml.MoMLSimpleApplication@33875b49
----------------- Done invoking toplevel() on ptolemy.moml.MoMLSimpleApplication@33875b49
reloadAllAccessors: .TimeDelayZeroDelay

===========================================================================================
----------------- testing Sat Jul 20 05:07:02 UTC 2019 /home/travis/build/icyphy/ptII/ptolemy/domains/de/test/auto/TimerZeroDelay.xml
----------------- Instantiating /home/travis/build/icyphy/ptII/ptolemy/domains/de/test/auto/TimerZeroDelay.xml
3 ms. Memory: 174080K Free: 60500K (35%)
----------------- Invoking toplevel() on ptolemy.moml.MoMLSimpleApplication@2a81e76c
----------------- Done invoking toplevel() on ptolemy.moml.MoMLSimpleApplication@2a81e76c
reloadAllAccessors: .TimerZeroDelay

===========================================================================================
----------------- testing Sat Jul 20 05:07:02 UTC 2019 /home/travis/build/icyphy/ptII/ptolemy/domains/de/test/auto/TimingParadox.xml
----------------- Instantiating /home/travis/build/icyphy/ptII/ptolemy/domains/de/test/auto/TimingParadox.xml
324 ms. Memory: 174080K Free: 94912K (55%)
----------------- Invoking toplevel() on ptolemy.moml.MoMLSimpleApplication@3d0d9f98
----------------- Done invoking toplevel() on ptolemy.moml.MoMLSimpleApplication@3d0d9f98
reloadAllAccessors: .TimingParadox

===========================================================================================
----------------- testing Sat Jul 20 05:07:02 UTC 2019 /home/travis/build/icyphy/ptII/ptolemy/domains/de/test/auto/TransferInputs.xml
----------------- Instantiating /home/travis/build/icyphy/ptII/ptolemy/domains/de/test/auto/TransferInputs.xml
1 ms. Memory: 174080K Free: 90272K (52%)
----------------- Invoking toplevel() on ptolemy.moml.MoMLSimpleApplication@5e4146f0
----------------- Done invoking toplevel() on ptolemy.moml.MoMLSimpleApplication@5e4146f0
reloadAllAccessors: .TransferInputs

===========================================================================================
----------------- testing Sat Jul 20 05:07:02 UTC 2019 /home/travis/build/icyphy/ptII/ptolemy/domains/de/test/auto/TransferOutputs2.xml
----------------- Instantiating /home/travis/build/icyphy/ptII/ptolemy/domains/de/test/auto/TransferOutputs2.xml
3 ms. Memory: 174080K Free: 82110K (47%)
----------------- Invoking toplevel() on ptolemy.moml.MoMLSimpleApplication@156d013d
----------------- Done invoking toplevel() on ptolemy.moml.MoMLSimpleApplication@156d013d
reloadAllAccessors: .TransferOutputs2

===========================================================================================
----------------- testing Sat Jul 20 05:07:02 UTC 2019 /home/travis/build/icyphy/ptII/ptolemy/domains/de/test/auto/Trilateration.xml
----------------- Instantiating /home/travis/build/icyphy/ptII/ptolemy/domains/de/test/auto/Trilateration.xml
13047 ms. Memory: 420864K Free: 152555K (36%)
----------------- Invoking toplevel() on ptolemy.moml.MoMLSimpleApplication@59b91fcf
----------------- Done invoking toplevel() on ptolemy.moml.MoMLSimpleApplication@59b91fcf
reloadAllAccessors: .Trilateration

===========================================================================================
----------------- testing Sat Jul 20 05:07:16 UTC 2019 /home/travis/build/icyphy/ptII/ptolemy/domains/de/test/auto/TwoSigmaDelta.xml
----------------- Instantiating /home/travis/build/icyphy/ptII/ptolemy/domains/de/test/auto/TwoSigmaDelta.xml
2161 ms. Memory: 420864K Free: 198771K (47%)
----------------- Invoking toplevel() on ptolemy.moml.MoMLSimpleApplication@51f5557e
----------------- Done invoking toplevel() on ptolemy.moml.MoMLSimpleApplication@51f5557e
reloadAllAccessors: .TwoSigmaDelta

===========================================================================================
----------------- testing Sat Jul 20 05:07:18 UTC 2019 /home/travis/build/icyphy/ptII/ptolemy/domains/de/test/auto/VariableDelay.xml
----------------- Instantiating /home/travis/build/icyphy/ptII/ptolemy/domains/de/test/auto/VariableDelay.xml
10 ms. Memory: 420864K Free: 194165K (46%)
----------------- Invoking toplevel() on ptolemy.moml.MoMLSimpleApplication@50947ba1
----------------- Done invoking toplevel() on ptolemy.moml.MoMLSimpleApplication@50947ba1
reloadAllAccessors: .VariableDelay

===========================================================================================
----------------- testing Sat Jul 20 05:07:18 UTC 2019 /home/travis/build/icyphy/ptII/ptolemy/domains/de/test/auto/VariableDelay2.xml
----------------- Instantiating /home/travis/build/icyphy/ptII/ptolemy/domains/de/test/auto/VariableDelay2.xml
1 ms. Memory: 420864K Free: 189541K (45%)
----------------- Invoking toplevel() on ptolemy.moml.MoMLSimpleApplication@75b9c413
----------------- Done invoking toplevel() on ptolemy.moml.MoMLSimpleApplication@75b9c413
reloadAllAccessors: .VariableDelay2

===========================================================================================
----------------- testing Sat Jul 20 05:07:18 UTC 2019 /home/travis/build/icyphy/ptII/ptolemy/domains/de/test/auto/VariableDelayZeroDelay.xml
----------------- Instantiating /home/travis/build/icyphy/ptII/ptolemy/domains/de/test/auto/VariableDelayZeroDelay.xml
4 ms. Memory: 420864K Free: 185459K (44%)
----------------- Invoking toplevel() on ptolemy.moml.MoMLSimpleApplication@6b2bbb53
----------------- Done invoking toplevel() on ptolemy.moml.MoMLSimpleApplication@6b2bbb53
reloadAllAccessors: .VariableDelayZeroDelay

===========================================================================================
----------------- testing Sat Jul 20 05:07:18 UTC 2019 /home/travis/build/icyphy/ptII/ptolemy/domains/de/test/auto/VariableDelayZeroDelay2.xml
----------------- Instantiating /home/travis/build/icyphy/ptII/ptolemy/domains/de/test/auto/VariableDelayZeroDelay2.xml
2 ms. Memory: 420864K Free: 181363K (43%)
----------------- Invoking toplevel() on ptolemy.moml.MoMLSimpleApplication@57d3b340
----------------- Done invoking toplevel() on ptolemy.moml.MoMLSimpleApplication@57d3b340
reloadAllAccessors: .VariableDelayZeroDelay2

===========================================================================================
----------------- testing Sat Jul 20 05:07:18 UTC 2019 /home/travis/build/icyphy/ptII/ptolemy/domains/de/test/auto/deInCt.xml
----------------- Instantiating /home/travis/build/icyphy/ptII/ptolemy/domains/de/test/auto/deInCt.xml
0
1
1
0
0
0
1
1
1
0
0
0
0
0
1
1
1
0
0
0
1
1
1
0
0
0
1
1
1
1
0
0
0
1
1
1
1
0
0
0
1
1
1
1
7 ms. Memory: 420864K Free: 176243K (42%)
----------------- Invoking toplevel() on ptolemy.moml.MoMLSimpleApplication@3ff9da5c
----------------- Done invoking toplevel() on ptolemy.moml.MoMLSimpleApplication@3ff9da5c
reloadAllAccessors: .deInCt

===========================================================================================
----------------- testing Sat Jul 20 05:07:18 UTC 2019 /home/travis/build/icyphy/ptII/ptolemy/domains/de/test/auto/deInCt2.xml
----------------- Instantiating /home/travis/build/icyphy/ptII/ptolemy/domains/de/test/auto/deInCt2.xml
0
1
1
1
0
0
1
1
1
0
0
1
1
1
0
0
1
1
1
0
0
1
1
1
0
0
1
1
1
0
0
1
1
1
0
0
1
1
1
0
0
0
8 ms. Memory: 420864K Free: 171117K (41%)
----------------- Invoking toplevel() on ptolemy.moml.MoMLSimpleApplication@435f734b
----------------- Done invoking toplevel() on ptolemy.moml.MoMLSimpleApplication@435f734b
reloadAllAccessors: .deInCt2

===========================================================================================
----------------- testing Sat Jul 20 05:07:18 UTC 2019 /home/travis/build/icyphy/ptII/ptolemy/domains/de/test/auto/dynamicCausalityInterface1.xml
----------------- Instantiating /home/travis/build/icyphy/ptII/ptolemy/domains/de/test/auto/dynamicCausalityInterface1.xml
1 ms. Memory: 420864K Free: 161907K (38%)
----------------- Invoking toplevel() on ptolemy.moml.MoMLSimpleApplication@1f5c4c9f
----------------- Done invoking toplevel() on ptolemy.moml.MoMLSimpleApplication@1f5c4c9f
reloadAllAccessors: .dynamicCausalityInterface1

===========================================================================================
----------------- testing Sat Jul 20 05:07:18 UTC 2019 /home/travis/build/icyphy/ptII/ptolemy/domains/de/test/auto/fsm_de_test.xml
----------------- Instantiating /home/travis/build/icyphy/ptII/ptolemy/domains/de/test/auto/fsm_de_test.xml
5 ms. Memory: 420864K Free: 152661K (36%)
----------------- Invoking toplevel() on ptolemy.moml.MoMLSimpleApplication@7040c268
----------------- Done invoking toplevel() on ptolemy.moml.MoMLSimpleApplication@7040c268
reloadAllAccessors: .fsm_de_test

===========================================================================================
----------------- testing Sat Jul 20 05:07:18 UTC 2019 /home/travis/build/icyphy/ptII/ptolemy/domains/de/test/auto/functionDependencyReconstruction.xml
----------------- Instantiating /home/travis/build/icyphy/ptII/ptolemy/domains/de/test/auto/functionDependencyReconstruction.xml
2 ms. Memory: 420864K Free: 387788K (92%)
----------------- Invoking toplevel() on ptolemy.moml.MoMLSimpleApplication@13e9ff2
----------------- Done invoking toplevel() on ptolemy.moml.MoMLSimpleApplication@13e9ff2
reloadAllAccessors: .functionDependencyReconstruction

===========================================================================================
----------------- testing Sat Jul 20 05:07:19 UTC 2019 /home/travis/build/icyphy/ptII/ptolemy/domains/de/test/auto/multirate.xml
----------------- Instantiating /home/travis/build/icyphy/ptII/ptolemy/domains/de/test/auto/multirate.xml
2 ms. Memory: 420864K Free: 380620K (90%)
----------------- Invoking toplevel() on ptolemy.moml.MoMLSimpleApplication@240632e6
----------------- Done invoking toplevel() on ptolemy.moml.MoMLSimpleApplication@240632e6
reloadAllAccessors: .multirate

===========================================================================================
----------------- testing Sat Jul 20 05:07:19 UTC 2019 /home/travis/build/icyphy/ptII/ptolemy/domains/de/test/auto/multirate2.xml
----------------- Instantiating /home/travis/build/icyphy/ptII/ptolemy/domains/de/test/auto/multirate2.xml
3 ms. Memory: 420864K Free: 373948K (89%)
----------------- Invoking toplevel() on ptolemy.moml.MoMLSimpleApplication@5089a597
----------------- Done invoking toplevel() on ptolemy.moml.MoMLSimpleApplication@5089a597
reloadAllAccessors: .multirate2

===========================================================================================
----------------- testing Sat Jul 20 05:07:19 UTC 2019 /home/travis/build/icyphy/ptII/ptolemy/domains/de/test/auto/realtime.xml
----------------- Instantiating /home/travis/build/icyphy/ptII/ptolemy/domains/de/test/auto/realtime.xml
10001 ms. Memory: 420864K Free: 368842K (88%)
----------------- Invoking toplevel() on ptolemy.moml.MoMLSimpleApplication@e1ea221
----------------- Done invoking toplevel() on ptolemy.moml.MoMLSimpleApplication@e1ea221
reloadAllAccessors: .realtime

===========================================================================================
----------------- testing Sat Jul 20 05:07:29 UTC 2019 /home/travis/build/icyphy/ptII/ptolemy/domains/de/test/auto/relationGroup.xml
----------------- Instantiating /home/travis/build/icyphy/ptII/ptolemy/domains/de/test/auto/relationGroup.xml
2 ms. Memory: 420864K Free: 365260K (87%)
----------------- Invoking toplevel() on ptolemy.moml.MoMLSimpleApplication@40795144
----------------- Done invoking toplevel() on ptolemy.moml.MoMLSimpleApplication@40795144
reloadAllAccessors: .relationGroup

===========================================================================================
----------------- testing Sat Jul 20 05:07:29 UTC 2019 /home/travis/build/icyphy/ptII/ptolemy/domains/de/test/auto/relationGroup2.xml
----------------- Instantiating /home/travis/build/icyphy/ptII/ptolemy/domains/de/test/auto/relationGroup2.xml
1 ms. Memory: 420864K Free: 361674K (86%)
----------------- Invoking toplevel() on ptolemy.moml.MoMLSimpleApplication@12242e7b
----------------- Done invoking toplevel() on ptolemy.moml.MoMLSimpleApplication@12242e7b
reloadAllAccessors: .relationGroup2

===========================================================================================
----------------- testing Sat Jul 20 05:07:29 UTC 2019 /home/travis/build/icyphy/ptII/ptolemy/domains/de/test/auto/sortWithOpaquePorts.xml
----------------- Instantiating /home/travis/build/icyphy/ptII/ptolemy/domains/de/test/auto/sortWithOpaquePorts.xml
1 ms. Memory: 420864K Free: 357068K (85%)
----------------- Invoking toplevel() on ptolemy.moml.MoMLSimpleApplication@73732cb
----------------- Done invoking toplevel() on ptolemy.moml.MoMLSimpleApplication@73732cb
reloadAllAccessors: .sortWithOpaquePorts

===========================================================================================
----------------- testing Sat Jul 20 05:07:29 UTC 2019 /home/travis/build/icyphy/ptII/ptolemy/domains/de/test/auto/transferInputsandOutputs.xml
----------------- Instantiating /home/travis/build/icyphy/ptII/ptolemy/domains/de/test/auto/transferInputsandOutputs.xml
2 ms. Memory: 420864K Free: 349900K (83%)
----------------- Invoking toplevel() on ptolemy.moml.MoMLSimpleApplication@2efdceba
----------------- Done invoking toplevel() on ptolemy.moml.MoMLSimpleApplication@2efdceba
reloadAllAccessors: .transferInputsandOutputs

===========================================================================================
----------------- testing Sat Jul 20 05:07:29 UTC 2019 /home/travis/build/icyphy/ptII/ptolemy/domains/de/test/auto/triggerType.xml
----------------- Instantiating /home/travis/build/icyphy/ptII/ptolemy/domains/de/test/auto/triggerType.xml
2 ms. Memory: 420864K Free: 345804K (82%)
----------------- Invoking toplevel() on ptolemy.moml.MoMLSimpleApplication@3efee27e
----------------- Done invoking toplevel() on ptolemy.moml.MoMLSimpleApplication@3efee27e
reloadAllAccessors: .triggerType
AutoTests.java: About to close Vertx.
AutoTests.java: Vertx closed.
]]></system-out>
  <system-err><![CDATA[java.lang.RuntimeException: Execution failed
	at ptolemy.moml.MoMLSimpleApplication$UnloadThread.run(MoMLSimpleApplication.java:402)
Caused by: ptolemy.kernel.util.IllegalActionException: Found a zero delay loop containing .dependencyLoop.original
  in .dependencyLoop and .dependencyLoop.original
	at ptolemy.actor.util.CausalityInterfaceForComposites._computeOutputPortDepth(CausalityInterfaceForComposites.java:759)
	at ptolemy.actor.util.CausalityInterfaceForComposites._computeInputDepth(CausalityInterfaceForComposites.java:696)
	at ptolemy.actor.util.CausalityInterfaceForComposites._computeOutputPortDepth(CausalityInterfaceForComposites.java:765)
	at ptolemy.actor.util.CausalityInterfaceForComposites._computeInputDepth(CausalityInterfaceForComposites.java:696)
	at ptolemy.actor.util.CausalityInterfaceForComposites._computeOutputPortDepth(CausalityInterfaceForComposites.java:765)
	at ptolemy.actor.util.CausalityInterfaceForComposites._computeInputDepth(CausalityInterfaceForComposites.java:696)
	at ptolemy.actor.util.CausalityInterfaceForComposites._computeActorDepth(CausalityInterfaceForComposites.java:532)
	at ptolemy.actor.util.CausalityInterfaceForComposites.checkForCycles(CausalityInterfaceForComposites.java:96)
	at ptolemy.domains.de.kernel.DEDirector.preinitialize(DEDirector.java:1338)
	at ptolemy.actor.CompositeActor.preinitialize(CompositeActor.java:1828)
	at ptolemy.actor.Manager.preinitializeAndResolveTypes(Manager.java:1040)
	at ptolemy.actor.Manager.initialize(Manager.java:710)
	at ptolemy.actor.Manager.execute(Manager.java:356)
	at ptolemy.actor.Manager.run(Manager.java:1263)
	at ptolemy.actor.Manager$PtolemyRunThread.run(Manager.java:1933)
java.lang.RuntimeException: Execution failed
	at ptolemy.moml.MoMLSimpleApplication$UnloadThread.run(MoMLSimpleApplication.java:402)
Caused by: ptolemy.kernel.util.IllegalActionException: Found a zero delay loop containing .dependencyLoop2.original
  in .dependencyLoop2 and .dependencyLoop2.original
	at ptolemy.actor.util.CausalityInterfaceForComposites._computeOutputPortDepth(CausalityInterfaceForComposites.java:759)
	at ptolemy.actor.util.CausalityInterfaceForComposites._computeInputDepth(CausalityInterfaceForComposites.java:696)
	at ptolemy.actor.util.CausalityInterfaceForComposites._computeOutputPortDepth(CausalityInterfaceForComposites.java:765)
	at ptolemy.actor.util.CausalityInterfaceForComposites._computeInputDepth(CausalityInterfaceForComposites.java:696)
	at ptolemy.actor.util.CausalityInterfaceForComposites._computeOutputPortDepth(CausalityInterfaceForComposites.java:765)
	at ptolemy.actor.util.CausalityInterfaceForComposites._computeInputDepth(CausalityInterfaceForComposites.java:696)
	at ptolemy.actor.util.CausalityInterfaceForComposites._computeActorDepth(CausalityInterfaceForComposites.java:532)
	at ptolemy.actor.util.CausalityInterfaceForComposites.checkForCycles(CausalityInterfaceForComposites.java:96)
	at ptolemy.domains.de.kernel.DEDirector.preinitialize(DEDirector.java:1338)
	at ptolemy.actor.CompositeActor.preinitialize(CompositeActor.java:1828)
	at ptolemy.actor.Manager.preinitializeAndResolveTypes(Manager.java:1040)
	at ptolemy.actor.Manager.initialize(Manager.java:710)
	at ptolemy.actor.Manager.execute(Manager.java:356)
	at ptolemy.actor.Manager.run(Manager.java:1263)
	at ptolemy.actor.Manager$PtolemyRunThread.run(Manager.java:1933)
java.lang.RuntimeException: Execution failed
	at ptolemy.moml.MoMLSimpleApplication$UnloadThread.run(MoMLSimpleApplication.java:402)
Caused by: ptolemy.kernel.util.IllegalActionException: Test fails in iteration 1.
Value was: 1.0. Should have been: 2.0
  in .DirectFeedback.Test
	at ptolemy.actor.lib.Test.fire(Test.java:268)
	at ptolemy.domains.de.kernel.DEDirector._fire(DEDirector.java:1949)
	at ptolemy.domains.de.kernel.DEDirector.fire(DEDirector.java:502)
	at ptolemy.actor.CompositeActor.fire(CompositeActor.java:455)
	at ptolemy.actor.Manager.iterate(Manager.java:851)
	at ptolemy.actor.Manager.execute(Manager.java:369)
	at ptolemy.actor.Manager.run(Manager.java:1263)
	at ptolemy.actor.Manager$PtolemyRunThread.run(Manager.java:1933)
java.lang.RuntimeException: Execution failed
	at ptolemy.moml.MoMLSimpleApplication$UnloadThread.run(MoMLSimpleApplication.java:402)
Caused by: ptolemy.kernel.util.IllegalActionException: Found a zero delay loop containing .dependencyLoop.original
  in .dependencyLoop and .dependencyLoop.original
	at ptolemy.actor.util.CausalityInterfaceForComposites._computeOutputPortDepth(CausalityInterfaceForComposites.java:759)
	at ptolemy.actor.util.CausalityInterfaceForComposites._computeInputDepth(CausalityInterfaceForComposites.java:696)
	at ptolemy.actor.util.CausalityInterfaceForComposites._computeOutputPortDepth(CausalityInterfaceForComposites.java:765)
	at ptolemy.actor.util.CausalityInterfaceForComposites._computeInputDepth(CausalityInterfaceForComposites.java:696)
	at ptolemy.actor.util.CausalityInterfaceForComposites._computeOutputPortDepth(CausalityInterfaceForComposites.java:765)
	at ptolemy.actor.util.CausalityInterfaceForComposites._computeInputDepth(CausalityInterfaceForComposites.java:696)
	at ptolemy.actor.util.CausalityInterfaceForComposites._computeActorDepth(CausalityInterfaceForComposites.java:532)
	at ptolemy.actor.util.CausalityInterfaceForComposites.checkForCycles(CausalityInterfaceForComposites.java:96)
	at ptolemy.domains.de.kernel.DEDirector.preinitialize(DEDirector.java:1338)
	at ptolemy.actor.CompositeActor.preinitialize(CompositeActor.java:1828)
	at ptolemy.actor.Manager.preinitializeAndResolveTypes(Manager.java:1040)
	at ptolemy.actor.Manager.initialize(Manager.java:710)
	at ptolemy.actor.Manager.execute(Manager.java:356)
	at ptolemy.actor.Manager.run(Manager.java:1263)
	at ptolemy.actor.Manager$PtolemyRunThread.run(Manager.java:1933)
java.lang.RuntimeException: Execution failed
	at ptolemy.moml.MoMLSimpleApplication$UnloadThread.run(MoMLSimpleApplication.java:402)
Caused by: ptolemy.kernel.util.IllegalActionException: Found a zero delay loop containing .HierarchicalModel.A
  in .HierarchicalModel and .HierarchicalModel.A
	at ptolemy.actor.util.CausalityInterfaceForComposites._computeOutputPortDepth(CausalityInterfaceForComposites.java:759)
	at ptolemy.actor.util.CausalityInterfaceForComposites._computeInputDepth(CausalityInterfaceForComposites.java:696)
	at ptolemy.actor.util.CausalityInterfaceForComposites._computeOutputPortDepth(CausalityInterfaceForComposites.java:765)
	at ptolemy.actor.util.CausalityInterfaceForComposites._computeInputDepth(CausalityInterfaceForComposites.java:696)
	at ptolemy.actor.util.CausalityInterfaceForComposites._computeOutputPortDepth(CausalityInterfaceForComposites.java:765)
	at ptolemy.actor.util.CausalityInterfaceForComposites._computeInputDepth(CausalityInterfaceForComposites.java:696)
	at ptolemy.actor.util.CausalityInterfaceForComposites._computeActorDepth(CausalityInterfaceForComposites.java:532)
	at ptolemy.actor.util.CausalityInterfaceForComposites.checkForCycles(CausalityInterfaceForComposites.java:96)
	at ptolemy.domains.de.kernel.DEDirector.preinitialize(DEDirector.java:1338)
	at ptolemy.actor.CompositeActor.preinitialize(CompositeActor.java:1828)
	at ptolemy.actor.Manager.preinitializeAndResolveTypes(Manager.java:1040)
	at ptolemy.actor.Manager.initialize(Manager.java:710)
	at ptolemy.actor.Manager.execute(Manager.java:356)
	at ptolemy.actor.Manager.run(Manager.java:1263)
	at ptolemy.actor.Manager$PtolemyRunThread.run(Manager.java:1933)
java.lang.RuntimeException: Execution failed
	at ptolemy.moml.MoMLSimpleApplication$UnloadThread.run(MoMLSimpleApplication.java:402)
Caused by: ptolemy.kernel.util.IllegalActionException: Found a zero delay loop containing .dependencyLoop2.original
  in .dependencyLoop2 and .dependencyLoop2.original
	at ptolemy.actor.util.CausalityInterfaceForComposites._computeOutputPortDepth(CausalityInterfaceForComposites.java:759)
	at ptolemy.actor.util.CausalityInterfaceForComposites._computeInputDepth(CausalityInterfaceForComposites.java:696)
	at ptolemy.actor.util.CausalityInterfaceForComposites._computeOutputPortDepth(CausalityInterfaceForComposites.java:765)
	at ptolemy.actor.util.CausalityInterfaceForComposites._computeInputDepth(CausalityInterfaceForComposites.java:696)
	at ptolemy.actor.util.CausalityInterfaceForComposites._computeOutputPortDepth(CausalityInterfaceForComposites.java:765)
	at ptolemy.actor.util.CausalityInterfaceForComposites._computeInputDepth(CausalityInterfaceForComposites.java:696)
	at ptolemy.actor.util.CausalityInterfaceForComposites._computeActorDepth(CausalityInterfaceForComposites.java:532)
	at ptolemy.actor.util.CausalityInterfaceForComposites.checkForCycles(CausalityInterfaceForComposites.java:96)
	at ptolemy.domains.de.kernel.DEDirector.preinitialize(DEDirector.java:1338)
	at ptolemy.actor.CompositeActor.preinitialize(CompositeActor.java:1828)
	at ptolemy.actor.Manager.preinitializeAndResolveTypes(Manager.java:1040)
	at ptolemy.actor.Manager.initialize(Manager.java:710)
	at ptolemy.actor.Manager.execute(Manager.java:356)
	at ptolemy.actor.Manager.run(Manager.java:1263)
	at ptolemy.actor.Manager$PtolemyRunThread.run(Manager.java:1933)
java.lang.RuntimeException: Execution failed
	at ptolemy.moml.MoMLSimpleApplication$UnloadThread.run(MoMLSimpleApplication.java:402)
Caused by: ptolemy.kernel.util.IllegalActionException: Actor is not ready to fire.  Perhaps UpSample.prefire() returned false? Try debugging the actor by selecting "Listen to Actor".  Also, for SDF check moml for tokenConsumptionRate on input.
  in .DESDFClockTest.Play Bell.Copy1:SDF Director and .DESDFClockTest.Play Bell.UpSample
	at ptolemy.actor.sched.StaticSchedulingDirector.fire(StaticSchedulingDirector.java:227)
	at ptolemy.domains.sdf.kernel.SDFDirector.fire(SDFDirector.java:500)
	at ptolemy.actor.CompositeActor.fire(CompositeActor.java:455)
	at ptolemy.domains.de.kernel.DEDirector._fire(DEDirector.java:1949)
	at ptolemy.domains.de.kernel.DEDirector.fire(DEDirector.java:502)
	at ptolemy.actor.CompositeActor.fire(CompositeActor.java:455)
	at ptolemy.actor.Manager.iterate(Manager.java:851)
	at ptolemy.actor.Manager.execute(Manager.java:369)
	at ptolemy.actor.Manager.run(Manager.java:1263)
	at ptolemy.actor.Manager$PtolemyRunThread.run(Manager.java:1933)
java.lang.RuntimeException: Execution failed
	at ptolemy.moml.MoMLSimpleApplication$UnloadThread.run(MoMLSimpleApplication.java:402)
Caused by: ptolemy.kernel.util.IllegalActionException: Actor is not ready to fire.  Perhaps UpSample.prefire() returned false? Try debugging the actor by selecting "Listen to Actor".  Also, for SDF check moml for tokenConsumptionRate on input.
  in .DESDFClockTest.Play Bell.Copy1:SDF Director and .DESDFClockTest.Play Bell.UpSample
	at ptolemy.actor.sched.StaticSchedulingDirector.fire(StaticSchedulingDirector.java:227)
	at ptolemy.domains.sdf.kernel.SDFDirector.fire(SDFDirector.java:500)
	at ptolemy.actor.CompositeActor.fire(CompositeActor.java:455)
	at ptolemy.domains.de.kernel.DEDirector._fire(DEDirector.java:1949)
	at ptolemy.domains.de.kernel.DEDirector.fire(DEDirector.java:502)
	at ptolemy.actor.CompositeActor.fire(CompositeActor.java:455)
	at ptolemy.actor.Manager.iterate(Manager.java:851)
	at ptolemy.actor.Manager.execute(Manager.java:369)
	at ptolemy.actor.Manager.run(Manager.java:1263)
	at ptolemy.actor.Manager$PtolemyRunThread.run(Manager.java:1933)
java.lang.reflect.InvocationTargetException
	at java.base/jdk.internal.reflect.NativeConstructorAccessorImpl.newInstance0(Native Method)
	at java.base/jdk.internal.reflect.NativeConstructorAccessorImpl.newInstance(NativeConstructorAccessorImpl.java:62)
	at java.base/jdk.internal.reflect.DelegatingConstructorAccessorImpl.newInstance(DelegatingConstructorAccessorImpl.java:45)
	at java.base/java.lang.reflect.Constructor.newInstance(Constructor.java:490)
	at ptolemy.util.test.junit.AutoKnownFailedTests.RunModel(AutoKnownFailedTests.java:105)
	at java.base/jdk.internal.reflect.NativeMethodAccessorImpl.invoke0(Native Method)
	at java.base/jdk.internal.reflect.NativeMethodAccessorImpl.invoke(NativeMethodAccessorImpl.java:62)
	at java.base/jdk.internal.reflect.DelegatingMethodAccessorImpl.invoke(DelegatingMethodAccessorImpl.java:43)
	at java.base/java.lang.reflect.Method.invoke(Method.java:566)
	at org.junit.runners.model.FrameworkMethod$1.runReflectiveCall(FrameworkMethod.java:44)
	at org.junit.internal.runners.model.ReflectiveCallable.run(ReflectiveCallable.java:15)
	at org.junit.runners.model.FrameworkMethod.invokeExplosively(FrameworkMethod.java:41)
	at junitparams.internal.InvokeParameterisedMethod.evaluate(InvokeParameterisedMethod.java:102)
	at org.junit.internal.runners.statements.FailOnTimeout$1.run(FailOnTimeout.java:28)
Caused by: ptolemy.kernel.util.IllegalActionException: Actor is not ready to fire.  Perhaps UpSample.prefire() returned false? Try debugging the actor by selecting "Listen to Actor".  Also, for SDF check moml for tokenConsumptionRate on input.
  in .DESDFClockTest.Play Bell.Copy1:SDF Director and .DESDFClockTest.Play Bell.UpSample
	at ptolemy.actor.sched.StaticSchedulingDirector.fire(StaticSchedulingDirector.java:227)
	at ptolemy.domains.sdf.kernel.SDFDirector.fire(SDFDirector.java:500)
	at ptolemy.actor.CompositeActor.fire(CompositeActor.java:455)
	at ptolemy.domains.de.kernel.DEDirector._fire(DEDirector.java:1949)
	at ptolemy.domains.de.kernel.DEDirector.fire(DEDirector.java:502)
	at ptolemy.actor.CompositeActor.fire(CompositeActor.java:455)
	at ptolemy.actor.Manager.iterate(Manager.java:851)
	at ptolemy.actor.Manager.execute(Manager.java:369)
	at ptolemy.actor.Manager.run(Manager.java:1263)
	at ptolemy.actor.Manager$PtolemyRunThread.run(Manager.java:1933)
java.lang.RuntimeException: Execution failed
	at ptolemy.moml.MoMLSimpleApplication$UnloadThread.run(MoMLSimpleApplication.java:402)
Caused by: ptolemy.kernel.util.IllegalActionException: Test fails in iteration 1.
Value was: 1.0. Should have been: 2.0
  in .DirectFeedback.Test
	at ptolemy.actor.lib.Test.fire(Test.java:268)
	at ptolemy.domains.de.kernel.DEDirector._fire(DEDirector.java:1949)
	at ptolemy.domains.de.kernel.DEDirector.fire(DEDirector.java:502)
	at ptolemy.actor.CompositeActor.fire(CompositeActor.java:455)
	at ptolemy.actor.Manager.iterate(Manager.java:851)
	at ptolemy.actor.Manager.execute(Manager.java:369)
	at ptolemy.actor.Manager.run(Manager.java:1263)
	at ptolemy.actor.Manager$PtolemyRunThread.run(Manager.java:1933)
java.lang.reflect.InvocationTargetException
	at java.base/jdk.internal.reflect.NativeConstructorAccessorImpl.newInstance0(Native Method)
	at java.base/jdk.internal.reflect.NativeConstructorAccessorImpl.newInstance(NativeConstructorAccessorImpl.java:62)
	at java.base/jdk.internal.reflect.DelegatingConstructorAccessorImpl.newInstance(DelegatingConstructorAccessorImpl.java:45)
	at java.base/java.lang.reflect.Constructor.newInstance(Constructor.java:490)
	at ptolemy.util.test.junit.AutoKnownFailedTests.RunModel(AutoKnownFailedTests.java:105)
	at java.base/jdk.internal.reflect.NativeMethodAccessorImpl.invoke0(Native Method)
	at java.base/jdk.internal.reflect.NativeMethodAccessorImpl.invoke(NativeMethodAccessorImpl.java:62)
	at java.base/jdk.internal.reflect.DelegatingMethodAccessorImpl.invoke(DelegatingMethodAccessorImpl.java:43)
	at java.base/java.lang.reflect.Method.invoke(Method.java:566)
	at org.junit.runners.model.FrameworkMethod$1.runReflectiveCall(FrameworkMethod.java:44)
	at org.junit.internal.runners.model.ReflectiveCallable.run(ReflectiveCallable.java:15)
	at org.junit.runners.model.FrameworkMethod.invokeExplosively(FrameworkMethod.java:41)
	at junitparams.internal.InvokeParameterisedMethod.evaluate(InvokeParameterisedMethod.java:102)
	at org.junit.internal.runners.statements.FailOnTimeout$1.run(FailOnTimeout.java:28)
Caused by: ptolemy.kernel.util.IllegalActionException: Test fails in iteration 1.
Value was: 1.0. Should have been: 2.0
  in .DirectFeedback.Test
	at ptolemy.actor.lib.Test.fire(Test.java:268)
	at ptolemy.domains.de.kernel.DEDirector._fire(DEDirector.java:1949)
	at ptolemy.domains.de.kernel.DEDirector.fire(DEDirector.java:502)
	at ptolemy.actor.CompositeActor.fire(CompositeActor.java:455)
	at ptolemy.actor.Manager.iterate(Manager.java:851)
	at ptolemy.actor.Manager.execute(Manager.java:369)
	at ptolemy.actor.Manager.run(Manager.java:1263)
	at ptolemy.actor.Manager$PtolemyRunThread.run(Manager.java:1933)
java.lang.RuntimeException: Execution failed
	at ptolemy.moml.MoMLSimpleApplication$UnloadThread.run(MoMLSimpleApplication.java:402)
Caused by: ptolemy.kernel.util.IllegalActionException: Found a zero delay loop containing .HierarchicalModel.A
  in .HierarchicalModel and .HierarchicalModel.A
	at ptolemy.actor.util.CausalityInterfaceForComposites._computeOutputPortDepth(CausalityInterfaceForComposites.java:759)
	at ptolemy.actor.util.CausalityInterfaceForComposites._computeInputDepth(CausalityInterfaceForComposites.java:696)
	at ptolemy.actor.util.CausalityInterfaceForComposites._computeOutputPortDepth(CausalityInterfaceForComposites.java:765)
	at ptolemy.actor.util.CausalityInterfaceForComposites._computeInputDepth(CausalityInterfaceForComposites.java:696)
	at ptolemy.actor.util.CausalityInterfaceForComposites._computeOutputPortDepth(CausalityInterfaceForComposites.java:765)
	at ptolemy.actor.util.CausalityInterfaceForComposites._computeInputDepth(CausalityInterfaceForComposites.java:696)
	at ptolemy.actor.util.CausalityInterfaceForComposites._computeActorDepth(CausalityInterfaceForComposites.java:532)
	at ptolemy.actor.util.CausalityInterfaceForComposites.checkForCycles(CausalityInterfaceForComposites.java:96)
	at ptolemy.domains.de.kernel.DEDirector.preinitialize(DEDirector.java:1338)
	at ptolemy.actor.CompositeActor.preinitialize(CompositeActor.java:1828)
	at ptolemy.actor.Manager.preinitializeAndResolveTypes(Manager.java:1040)
	at ptolemy.actor.Manager.initialize(Manager.java:710)
	at ptolemy.actor.Manager.execute(Manager.java:356)
	at ptolemy.actor.Manager.run(Manager.java:1263)
	at ptolemy.actor.Manager$PtolemyRunThread.run(Manager.java:1933)
java.lang.reflect.InvocationTargetException
	at java.base/jdk.internal.reflect.NativeConstructorAccessorImpl.newInstance0(Native Method)
	at java.base/jdk.internal.reflect.NativeConstructorAccessorImpl.newInstance(NativeConstructorAccessorImpl.java:62)
	at java.base/jdk.internal.reflect.DelegatingConstructorAccessorImpl.newInstance(DelegatingConstructorAccessorImpl.java:45)
	at java.base/java.lang.reflect.Constructor.newInstance(Constructor.java:490)
	at ptolemy.util.test.junit.AutoKnownFailedTests.RunModel(AutoKnownFailedTests.java:105)
	at java.base/jdk.internal.reflect.NativeMethodAccessorImpl.invoke0(Native Method)
	at java.base/jdk.internal.reflect.NativeMethodAccessorImpl.invoke(NativeMethodAccessorImpl.java:62)
	at java.base/jdk.internal.reflect.DelegatingMethodAccessorImpl.invoke(DelegatingMethodAccessorImpl.java:43)
	at java.base/java.lang.reflect.Method.invoke(Method.java:566)
	at org.junit.runners.model.FrameworkMethod$1.runReflectiveCall(FrameworkMethod.java:44)
	at org.junit.internal.runners.model.ReflectiveCallable.run(ReflectiveCallable.java:15)
	at org.junit.runners.model.FrameworkMethod.invokeExplosively(FrameworkMethod.java:41)
	at junitparams.internal.InvokeParameterisedMethod.evaluate(InvokeParameterisedMethod.java:102)
	at org.junit.internal.runners.statements.FailOnTimeout$1.run(FailOnTimeout.java:28)
Caused by: ptolemy.kernel.util.IllegalActionException: Found a zero delay loop containing .HierarchicalModel.A
  in .HierarchicalModel and .HierarchicalModel.A
	at ptolemy.actor.util.CausalityInterfaceForComposites._computeOutputPortDepth(CausalityInterfaceForComposites.java:759)
	at ptolemy.actor.util.CausalityInterfaceForComposites._computeInputDepth(CausalityInterfaceForComposites.java:696)
	at ptolemy.actor.util.CausalityInterfaceForComposites._computeOutputPortDepth(CausalityInterfaceForComposites.java:765)
	at ptolemy.actor.util.CausalityInterfaceForComposites._computeInputDepth(CausalityInterfaceForComposites.java:696)
	at ptolemy.actor.util.CausalityInterfaceForComposites._computeOutputPortDepth(CausalityInterfaceForComposites.java:765)
	at ptolemy.actor.util.CausalityInterfaceForComposites._computeInputDepth(CausalityInterfaceForComposites.java:696)
	at ptolemy.actor.util.CausalityInterfaceForComposites._computeActorDepth(CausalityInterfaceForComposites.java:532)
	at ptolemy.actor.util.CausalityInterfaceForComposites.checkForCycles(CausalityInterfaceForComposites.java:96)
	at ptolemy.domains.de.kernel.DEDirector.preinitialize(DEDirector.java:1338)
	at ptolemy.actor.CompositeActor.preinitialize(CompositeActor.java:1828)
	at ptolemy.actor.Manager.preinitializeAndResolveTypes(Manager.java:1040)
	at ptolemy.actor.Manager.initialize(Manager.java:710)
	at ptolemy.actor.Manager.execute(Manager.java:356)
	at ptolemy.actor.Manager.run(Manager.java:1263)
	at ptolemy.actor.Manager$PtolemyRunThread.run(Manager.java:1933)
java.lang.RuntimeException: Execution failed
	at ptolemy.moml.MoMLSimpleApplication$UnloadThread.run(MoMLSimpleApplication.java:402)
Caused by: ptolemy.kernel.util.IllegalActionException: Found a zero delay loop containing .dependencyLoop.original
  in .dependencyLoop and .dependencyLoop.original
	at ptolemy.actor.util.CausalityInterfaceForComposites._computeOutputPortDepth(CausalityInterfaceForComposites.java:759)
	at ptolemy.actor.util.CausalityInterfaceForComposites._computeInputDepth(CausalityInterfaceForComposites.java:696)
	at ptolemy.actor.util.CausalityInterfaceForComposites._computeOutputPortDepth(CausalityInterfaceForComposites.java:765)
	at ptolemy.actor.util.CausalityInterfaceForComposites._computeInputDepth(CausalityInterfaceForComposites.java:696)
	at ptolemy.actor.util.CausalityInterfaceForComposites._computeOutputPortDepth(CausalityInterfaceForComposites.java:765)
	at ptolemy.actor.util.CausalityInterfaceForComposites._computeInputDepth(CausalityInterfaceForComposites.java:696)
	at ptolemy.actor.util.CausalityInterfaceForComposites._computeActorDepth(CausalityInterfaceForComposites.java:532)
	at ptolemy.actor.util.CausalityInterfaceForComposites.checkForCycles(CausalityInterfaceForComposites.java:96)
	at ptolemy.domains.de.kernel.DEDirector.preinitialize(DEDirector.java:1338)
	at ptolemy.actor.CompositeActor.preinitialize(CompositeActor.java:1828)
	at ptolemy.actor.Manager.preinitializeAndResolveTypes(Manager.java:1040)
	at ptolemy.actor.Manager.initialize(Manager.java:710)
	at ptolemy.actor.Manager.execute(Manager.java:356)
	at ptolemy.actor.Manager.run(Manager.java:1263)
	at ptolemy.actor.Manager$PtolemyRunThread.run(Manager.java:1933)
java.lang.reflect.InvocationTargetException
	at java.base/jdk.internal.reflect.NativeConstructorAccessorImpl.newInstance0(Native Method)
	at java.base/jdk.internal.reflect.NativeConstructorAccessorImpl.newInstance(NativeConstructorAccessorImpl.java:62)
	at java.base/jdk.internal.reflect.DelegatingConstructorAccessorImpl.newInstance(DelegatingConstructorAccessorImpl.java:45)
	at java.base/java.lang.reflect.Constructor.newInstance(Constructor.java:490)
	at ptolemy.util.test.junit.AutoKnownFailedTests.RunModel(AutoKnownFailedTests.java:105)
	at java.base/jdk.internal.reflect.NativeMethodAccessorImpl.invoke0(Native Method)
	at java.base/jdk.internal.reflect.NativeMethodAccessorImpl.invoke(NativeMethodAccessorImpl.java:62)
	at java.base/jdk.internal.reflect.DelegatingMethodAccessorImpl.invoke(DelegatingMethodAccessorImpl.java:43)
	at java.base/java.lang.reflect.Method.invoke(Method.java:566)
	at org.junit.runners.model.FrameworkMethod$1.runReflectiveCall(FrameworkMethod.java:44)
	at org.junit.internal.runners.model.ReflectiveCallable.run(ReflectiveCallable.java:15)
	at org.junit.runners.model.FrameworkMethod.invokeExplosively(FrameworkMethod.java:41)
	at junitparams.internal.InvokeParameterisedMethod.evaluate(InvokeParameterisedMethod.java:102)
	at org.junit.internal.runners.statements.FailOnTimeout$1.run(FailOnTimeout.java:28)
Caused by: ptolemy.kernel.util.IllegalActionException: Found a zero delay loop containing .dependencyLoop.original
  in .dependencyLoop and .dependencyLoop.original
	at ptolemy.actor.util.CausalityInterfaceForComposites._computeOutputPortDepth(CausalityInterfaceForComposites.java:759)
	at ptolemy.actor.util.CausalityInterfaceForComposites._computeInputDepth(CausalityInterfaceForComposites.java:696)
	at ptolemy.actor.util.CausalityInterfaceForComposites._computeOutputPortDepth(CausalityInterfaceForComposites.java:765)
	at ptolemy.actor.util.CausalityInterfaceForComposites._computeInputDepth(CausalityInterfaceForComposites.java:696)
	at ptolemy.actor.util.CausalityInterfaceForComposites._computeOutputPortDepth(CausalityInterfaceForComposites.java:765)
	at ptolemy.actor.util.CausalityInterfaceForComposites._computeInputDepth(CausalityInterfaceForComposites.java:696)
	at ptolemy.actor.util.CausalityInterfaceForComposites._computeActorDepth(CausalityInterfaceForComposites.java:532)
	at ptolemy.actor.util.CausalityInterfaceForComposites.checkForCycles(CausalityInterfaceForComposites.java:96)
	at ptolemy.domains.de.kernel.DEDirector.preinitialize(DEDirector.java:1338)
	at ptolemy.actor.CompositeActor.preinitialize(CompositeActor.java:1828)
	at ptolemy.actor.Manager.preinitializeAndResolveTypes(Manager.java:1040)
	at ptolemy.actor.Manager.initialize(Manager.java:710)
	at ptolemy.actor.Manager.execute(Manager.java:356)
	at ptolemy.actor.Manager.run(Manager.java:1263)
	at ptolemy.actor.Manager$PtolemyRunThread.run(Manager.java:1933)
java.lang.RuntimeException: Execution failed
	at ptolemy.moml.MoMLSimpleApplication$UnloadThread.run(MoMLSimpleApplication.java:402)
Caused by: ptolemy.kernel.util.IllegalActionException: Found a zero delay loop containing .dependencyLoop2.original
  in .dependencyLoop2 and .dependencyLoop2.original
	at ptolemy.actor.util.CausalityInterfaceForComposites._computeOutputPortDepth(CausalityInterfaceForComposites.java:759)
	at ptolemy.actor.util.CausalityInterfaceForComposites._computeInputDepth(CausalityInterfaceForComposites.java:696)
	at ptolemy.actor.util.CausalityInterfaceForComposites._computeOutputPortDepth(CausalityInterfaceForComposites.java:765)
	at ptolemy.actor.util.CausalityInterfaceForComposites._computeInputDepth(CausalityInterfaceForComposites.java:696)
	at ptolemy.actor.util.CausalityInterfaceForComposites._computeOutputPortDepth(CausalityInterfaceForComposites.java:765)
	at ptolemy.actor.util.CausalityInterfaceForComposites._computeInputDepth(CausalityInterfaceForComposites.java:696)
	at ptolemy.actor.util.CausalityInterfaceForComposites._computeActorDepth(CausalityInterfaceForComposites.java:532)
	at ptolemy.actor.util.CausalityInterfaceForComposites.checkForCycles(CausalityInterfaceForComposites.java:96)
	at ptolemy.domains.de.kernel.DEDirector.preinitialize(DEDirector.java:1338)
	at ptolemy.actor.CompositeActor.preinitialize(CompositeActor.java:1828)
	at ptolemy.actor.Manager.preinitializeAndResolveTypes(Manager.java:1040)
	at ptolemy.actor.Manager.initialize(Manager.java:710)
	at ptolemy.actor.Manager.execute(Manager.java:356)
	at ptolemy.actor.Manager.run(Manager.java:1263)
	at ptolemy.actor.Manager$PtolemyRunThread.run(Manager.java:1933)
java.lang.reflect.InvocationTargetException
	at java.base/jdk.internal.reflect.NativeConstructorAccessorImpl.newInstance0(Native Method)
	at java.base/jdk.internal.reflect.NativeConstructorAccessorImpl.newInstance(NativeConstructorAccessorImpl.java:62)
	at java.base/jdk.internal.reflect.DelegatingConstructorAccessorImpl.newInstance(DelegatingConstructorAccessorImpl.java:45)
	at java.base/java.lang.reflect.Constructor.newInstance(Constructor.java:490)
	at ptolemy.util.test.junit.AutoKnownFailedTests.RunModel(AutoKnownFailedTests.java:105)
	at java.base/jdk.internal.reflect.NativeMethodAccessorImpl.invoke0(Native Method)
	at java.base/jdk.internal.reflect.NativeMethodAccessorImpl.invoke(NativeMethodAccessorImpl.java:62)
	at java.base/jdk.internal.reflect.DelegatingMethodAccessorImpl.invoke(DelegatingMethodAccessorImpl.java:43)
	at java.base/java.lang.reflect.Method.invoke(Method.java:566)
	at org.junit.runners.model.FrameworkMethod$1.runReflectiveCall(FrameworkMethod.java:44)
	at org.junit.internal.runners.model.ReflectiveCallable.run(ReflectiveCallable.java:15)
	at org.junit.runners.model.FrameworkMethod.invokeExplosively(FrameworkMethod.java:41)
	at junitparams.internal.InvokeParameterisedMethod.evaluate(InvokeParameterisedMethod.java:102)
	at org.junit.internal.runners.statements.FailOnTimeout$1.run(FailOnTimeout.java:28)
Caused by: ptolemy.kernel.util.IllegalActionException: Found a zero delay loop containing .dependencyLoop2.original
  in .dependencyLoop2 and .dependencyLoop2.original
	at ptolemy.actor.util.CausalityInterfaceForComposites._computeOutputPortDepth(CausalityInterfaceForComposites.java:759)
	at ptolemy.actor.util.CausalityInterfaceForComposites._computeInputDepth(CausalityInterfaceForComposites.java:696)
	at ptolemy.actor.util.CausalityInterfaceForComposites._computeOutputPortDepth(CausalityInterfaceForComposites.java:765)
	at ptolemy.actor.util.CausalityInterfaceForComposites._computeInputDepth(CausalityInterfaceForComposites.java:696)
	at ptolemy.actor.util.CausalityInterfaceForComposites._computeOutputPortDepth(CausalityInterfaceForComposites.java:765)
	at ptolemy.actor.util.CausalityInterfaceForComposites._computeInputDepth(CausalityInterfaceForComposites.java:696)
	at ptolemy.actor.util.CausalityInterfaceForComposites._computeActorDepth(CausalityInterfaceForComposites.java:532)
	at ptolemy.actor.util.CausalityInterfaceForComposites.checkForCycles(CausalityInterfaceForComposites.java:96)
	at ptolemy.domains.de.kernel.DEDirector.preinitialize(DEDirector.java:1338)
	at ptolemy.actor.CompositeActor.preinitialize(CompositeActor.java:1828)
	at ptolemy.actor.Manager.preinitializeAndResolveTypes(Manager.java:1040)
	at ptolemy.actor.Manager.initialize(Manager.java:710)
	at ptolemy.actor.Manager.execute(Manager.java:356)
	at ptolemy.actor.Manager.run(Manager.java:1263)
	at ptolemy.actor.Manager$PtolemyRunThread.run(Manager.java:1933)
]]></system-err>
</testsuite>
