<?xml version="1.0" encoding="UTF-8" ?>
<testsuite errors="0" failures="1" hostname="travis-job-e5fdcd6c-73e5-4acf-a99d-930b2cc574f7" name="ptolemy.actor.lib.test.junit.JUnitTclTest" skipped="0" tests="517" time="61.159" timestamp="2019-12-28T06:28:34">
  <properties>
    <property name="npm.executable" value="npm" />
    <property name="env.TRAVIS_ROOT" value="/" />
    <property name="ptII.mk.exists" value="true" />
    <property name="env.TRAVIS_APP_HOST" value="build.travis-ci.org" />
    <property name="env.rvm_bin_path" value="/home/travis/.rvm/bin" />
    <property name="java.home" value="/usr/local/lib/jvm/openjdk11" />
    <property name="env.TRAVIS_JOB_NUMBER" value="1445.8" />
    <property name="env.TRAVIS_HOME" value="/home/travis" />
    <property name="env.DISPLAY" value=":99.0" />
    <property name="env.TRAVIS_INIT" value="systemd" />
    <property name="env.SSH_TTY" value="/dev/pts/0" />
    <property name="java.net.preferIPv4Stack" value="true" />
    <property name="env.RUN_TESTS" value="true" />
    <property name="timeout.short" value="1000000" />
    <property name="junit.formatter" value="xml" />
    <property name="env.TRAVIS_SUDO" value="true" />
    <property name="env.TRAVIS_JOB_NAME" value="" />
    <property name="env.TRAVIS_STACK_NODE_ATTRIBUTES" value="/.node-attributes.yml" />
    <property name="env.LOGNAME" value="travis" />
    <property name="env.PT_TRAVIS_TEST_CORE1_XML" value="true" />
    <property name="jsdoc.home" value="node_modules/@terraswarm/jsdoc" />
    <property name="debuglevel" value="source,lines,vars" />
    <property name="checkstyle.formatter" value="xml" />
    <property name="env._system_version" value="16.04" />
    <property name="bin.vergil.makeable" value="true" />
    <property name="sun.os.patch.level" value="unknown" />
    <property name="java.vendor.url" value="http://java.oracle.com/" />
    <property name="env.TRAVIS_BUILD_WEB_URL" value="https://travis-ci.org/icyphy/ptII/builds/630235444" />
    <property name="java.version" value="11.0.2" />
    <property name="env.TZ" value="UTC" />
    <property name="env.TRAVIS_PULL_REQUEST_SHA" value="" />
    <property name="env.PT_NO_NET" value="true" />
    <property name="env.TRAVIS_SECURE_ENV_VARS" value="true" />
    <property name="env._system_type" value="Linux" />
    <property name="java.vendor.url.bug" value="http://bugreport.java.com/bugreport/" />
    <property name="npmjs-org-is-up" value="true" />
    <property name="env.LANGUAGE" value="en_US.UTF-8" />
    <property name="env.SSH_CLIENT" value="10.44.0.48 51758 22" />
    <property name="env.GEM_HOME" value="/home/travis/.rvm/gems/ruby-2.5.3" />
    <property name="env.HAS_ANTARES_THREE_LITTLE_FRONZIES_BADGE" value="true" />
    <property name="java.version.date" value="2019-01-15" />
    <property name="env.PS4" value="+" />
    <property name="ant.project.invoked-targets" value="build,test.core1.xml" />
    <property name="env.TRAVIS_PULL_REQUEST_BRANCH" value="" />
    <property name="env.TRAVIS_REPO_SLUG" value="icyphy/ptII" />
    <property name="env.XDG_DATA_DIRS" value="/usr/local/share:/usr/share:/var/lib/snapd/desktop" />
    <property name="jdk.debug" value="release" />
    <property name="env.TRAVIS_APT_PROXY" value="http://build-cache.travisci.net" />
    <property name="env.TRAVIS_CPU_ARCH" value="amd64" />
    <property name="node.in.path" value="true" />
    <property name="user.name" value="travis" />
    <property name="java.maxmemory" value="1400m" />
    <property name="env.RUBY_VERSION" value="ruby-2.5.3" />
    <property name="env.LANG" value="en_US.UTF-8" />
    <property name="sun.io.unicode.encoding" value="UnicodeLittle" />
    <property name="sun.jnu.encoding" value="UTF-8" />
    <property name="java.runtime.name" value="OpenJDK Runtime Environment" />
    <property name="usefile" value="false" />
    <property name="return.code" value="0" />
    <property name="junit.single.formatter" value="plain" />
    <property name="env.DYLD_LIBRARY_PATH" value="/home/travis/pthla/certi-tools/lib:" />
    <property name="env.DEBIAN_FRONTEND" value="noninteractive" />
    <property name="env.SSH_CONNECTION" value="10.44.0.48 51758 10.20.0.64 22" />
    <property name="env.MYSQL_UNIX_PORT" value="/var/run/mysqld/mysqld.sock" />
    <property name="env.LC_ALL" value="en_US.UTF-8" />
    <property name="env.TRAVIS_ALLOW_FAILURE" value="false" />
    <property name="env.TRAVIS_JOB_WEB_URL" value="https://travis-ci.org/icyphy/ptII/jobs/630235452" />
    <property name="java.specification.name" value="Java Platform API Specification" />
    <property name="node.works" value="true" />
    <property name="user.timezone" value="" />
    <property name="path.separator" value=":" />
    <property name="env.TRAVIS_ENABLE_INFRA_DETECTION" value="true" />
    <property name="env.PYTHON_CFLAGS" value="-g -fstack-protector --param=ssp-buffer-size=4 -Wformat -Werror=format-security" />
    <property name="timeout.long" value="4000000" />
    <property name="env.CERTI_HOME" value="/home/travis/pthla/certi-tools" />
    <property name="ant.file.ptII" value="/home/travis/build/icyphy/ptII/build.xml" />
    <property name="javadoc.packagenames" value="com.*,diva.*,lbnl.*,org.hlacerti.*,org.json.*,org.ptolemy.*,org.terraswarm.*,ptolemy.*,ptserver.*" />
    <property name="file.encoding" value="UTF-8" />
    <property name="env.TRAVIS_PULL_REQUEST_SLUG" value="" />
    <property name="ant.project.default-target" value="build" />
    <property name="env.GIT_ASKPASS" value="echo" />
    <property name="env.HOME" value="/home/travis" />
    <property name="sun.java.command" value="org.apache.tools.ant.taskdefs.optional.junit.JUnitTestRunner ptolemy.actor.lib.test.junit.JUnitTclTest skipNonTests=false filtertrace=true haltOnError=false haltOnFailure=false formatter=org.apache.tools.ant.taskdefs.optional.junit.OutErrSummaryJUnitResultFormatter showoutput=true outputtoformatters=true logfailedtests=true threadid=0 logtestlistenerevents=false formatter=org.apache.tools.ant.taskdefs.optional.junit.XMLJUnitResultFormatter,/home/travis/build/icyphy/ptII/reports/junit/TEST-ptolemy.actor.lib.test.junit.JUnitTclTest.xml crashfile=/home/travis/build/icyphy/ptII/junitvmwatcher12518634126687983057.properties propsfile=/home/travis/build/icyphy/ptII/junit11366699317318949085.properties" />
    <property name="env.COMPOSER_NO_INTERACTION" value="1" />
    <property name="env.MANPATH" value="/home/travis/.nvm/versions/node/v7.10.1/share/man:/home/travis/.rvm/rubies/ruby-2.5.3/share/man:/usr/local/cmake-3.12.4/man:/usr/local/clang-7.0.0/share/man:/usr/local/man:/usr/local/share/man:/usr/share/man:/home/travis/.rvm/man" />
    <property name="env.TRAVIS_TIMER_ID" value="12716c79" />
    <property name="ant.file" value="/home/travis/build/icyphy/ptII/build.xml" />
    <property name="env.TRAVIS_COMMIT_RANGE" value="ec90a3f30cbca97c6668975b0dc5d1ff1f4b614e...1f87987f0e3e7c0b3e4c2c438cef4d3742e50cee" />
    <property name="env._system_name" value="Ubuntu" />
    <property name="ptII.classpath.optional.property" value="/home/travis/build/icyphy/ptII/lib/bsh-2.0b4.jar:/home/travis/build/icyphy/ptII/lib/ptCal.jar:/home/travis/build/icyphy/ptII/lib/java_cup.jar:/home/travis/build/icyphy/ptII/lib/saxon8.jar:/home/travis/build/icyphy/ptII/lib/saxon8-dom.jar:/home/travis/build/icyphy/ptII/lib/chic.jar:/home/travis/build/icyphy/ptII/lib/ptcolt.jar:/home/travis/build/icyphy/ptII/vendors/misc/itext/iText.jar:/home/travis/build/icyphy/ptII/lib/g4ltl.jar:/home/travis/build/icyphy/ptII/lib/StructuralCoder.jar:/home/travis/build/icyphy/ptII/lib/jcerti.jar:/home/travis/build/icyphy/ptII/lib/javax.mail.jar:/home/travis/build/icyphy/ptII/vendors/JMF-2.1.1e/lib/jmf.jar:/home/travis/build/icyphy/ptII/lib/jna-4.0.0-variadic.jar:/home/travis/build/icyphy/ptII/vendors/misc/joystick/Joystick.jar:/home/travis/build/icyphy/ptII/lib/ptjacl.jar:/home/travis/build/icyphy/ptII/lib/jsoup-1.8.2.jar:/home/travis/build/icyphy/ptII/lib/junit-4.8.2.jar:/home/travis/build/icyphy/ptII/lib/JUnitParams-0.4.0.jar:/home/travis/build/icyphy/ptII/ptolemy/actor/lib/excel/jxl.jar:/home/travis/build/icyphy/ptII/lib/jython.jar:/home/travis/build/icyphy/ptII/lib/kieler.jar:/home/travis/build/icyphy/ptII/vendors/opencv/share/OpenCV/java/opencv-341.jar:/home/travis/build/icyphy/ptII/lib/oscP5.jar:/home/travis/build/icyphy/ptII/lib/nrjavaserial-3.11.0.devel.jar:/home/travis/build/icyphy/ptII/vendors/j3d/lib/Linux/j3dcore.jar:/home/travis/build/icyphy/ptII/vendors/j3d/lib/Linux/j3dutils.jar:/home/travis/build/icyphy/ptII/vendors/j3d/lib/Linux/vecmath.jar:/home/travis/build/icyphy/ptII/vendors/jogl/lib/Linux/gluegen-rt-natives-linux-amd64.jar:/home/travis/build/icyphy/ptII/vendors/jogl/lib/Linux/gluegen-rt.jar:/home/travis/build/icyphy/ptII/vendors/jogl/lib/Linux/jogl-all-natives-linux-amd64.jar:/home/travis/build/icyphy/ptII/vendors/jogl/lib/Linux/jogl-all.jar:/home/travis/build/icyphy/ptII/ptolemy/distributed/jini/jar/jini-core.jar:/home/travis/build/icyphy/ptII/ptolemy/distributed/jini/jar/jini-ext.jar:/home/travis/build/icyphy/ptII/ptolemy/distributed/jini/jar/sun-util.jar:/home/travis/build/icyphy/ptII/lib/protobuf-java-2.4.1.jar:/home/travis/build/icyphy/ptII/lib/org.eclipse.paho.client.mqttv3.jar:/home/travis/build/icyphy/ptII/lib/mapss.jar:/home/travis/build/icyphy/ptII/ptolemy/actor/ptalon/antlr/antlr.jar:/home/travis/build/icyphy/ptII/lib/JRI.jar:/home/travis/build/icyphy/ptII/lib/commons-lang-2.6.jar:/home/travis/build/icyphy/ptII/lib/commons-logging-1.1.1.jar:/home/travis/build/icyphy/ptII/lib/sootclasses.jar:/home/travis/build/icyphy/ptII/ptolemy/actor/lib/database/mysql-connector-java-5.1.6-bin.jar:/home/travis/build/icyphy/ptII/vendors/misc/sphinx4/sphinx4-data-5prealpha.jar:/home/travis/build/icyphy/ptII/vendors/misc/sphinx4/sphinx4-core-5prealpha.jar:/home/travis/build/icyphy/ptII/lib/PDFRenderer.jar:/home/travis/build/icyphy/ptII/lib/svgSalamander.jar:/home/travis/build/icyphy/ptII/lib/rsyntaxtextarea-2.6.0-SNAPSHOT.jar:/home/travis/build/icyphy/ptII/lib/hazelcast-3.8.2.jar:/home/travis/build/icyphy/ptII/lib/jackson-annotations-2.9.0.jar:/home/travis/build/icyphy/ptII/lib/jackson-core-2.9.3.jar:/home/travis/build/icyphy/ptII/lib/jackson-databind-2.9.3.jar:/home/travis/build/icyphy/ptII/lib/netty-buffer-4.1.19.Final.jar:/home/travis/build/icyphy/ptII/lib/netty-codec-4.1.19.Final.jar:/home/travis/build/icyphy/ptII/lib/netty-codec-dns-4.1.19.Final.jar:/home/travis/build/icyphy/ptII/lib/netty-codec-http-4.1.19.Final.jar:/home/travis/build/icyphy/ptII/lib/netty-codec-http2-4.1.19.Final.jar:/home/travis/build/icyphy/ptII/lib/netty-common-4.1.19.Final.jar:/home/travis/build/icyphy/ptII/lib/netty-handler-4.1.19.Final.jar:/home/travis/build/icyphy/ptII/lib/netty-resolver-4.1.19.Final.jar:/home/travis/build/icyphy/ptII/lib/netty-resolver-dns-4.1.19.Final.jar:/home/travis/build/icyphy/ptII/lib/netty-transport-4.1.19.Final.jar:/home/travis/build/icyphy/ptII/lib/vertx-codegen-3.5.1.jar:/home/travis/build/icyphy/ptII/lib/vertx-core-3.5.2-SNAPSHOT.jar:/home/travis/build/icyphy/ptII/lib/vertx-hazelcast-3.5.1.jar:/home/travis/build/icyphy/ptII/lib/vertx-lang-js-3.5.1.jar:/home/travis/build/icyphy/ptII/lib/vertx-service-proxy-3.5.1.jar:/home/travis/build/icyphy/ptII/lib/vertx-web-3.5.1.jar:/home/travis/build/icyphy/ptII/lib/slf4j-api-1.7.13.jar:/home/travis/build/icyphy/ptII/lib/slf4j-simple-1.7.13.jar:/home/travis/build/icyphy/ptII/lib/webcam-capture-0.3.12.jar:/home/travis/build/icyphy/ptII/lib/bridj-0.7.0.jar:/home/travis/build/icyphy/ptII/lib/xbjlib-1.1.0.nrjavaserial.jar" />
    <property name="timeout" value="2400000" />
    <property name="test.batch" value="**/junit/*.java" />
    <property name="env._" value="/usr/bin/timeout" />
    <property name="java.io.tmpdir" value="/tmp" />
    <property name="user.language" value="en" />
    <property name="env.TRAVIS_INTERNAL_RUBY_REGEX" value="^ruby-(2\.[0-4]\.[0-9]|1\.9\.3)" />
    <property name="env.HISTCONTROL" value="ignoredups:ignorespace" />
    <property name="env.GOROOT" value="/home/travis/.gimme/versions/go1.11.1.linux.amd64" />
    <property name="line.separator" value="&#xa;" />
    <property name="target" value="11" />
    <property name="env.TRAVIS_BUILD_DIR" value="/home/travis/build/icyphy/ptII" />
    <property name="env.ANT_OPTS" value="-Xmx2048m" />
    <property name="ant.file.type" value="file" />
    <property name="ptolemy.ptII.batchMode" value="true" />
    <property name="env.HISTSIZE" value="1000" />
    <property name="env.MERB_ENV" value="test" />
    <property name="java.vm.info" value="mixed mode" />
    <property name="source" value="11" />
    <property name="java.vm.specification.name" value="Java Virtual Machine Specification" />
    <property name="env.TRAVIS_TEST_RESULT" value="0" />
    <property name="jsdoc.command" value="node_modules/@terraswarm/jsdoc/jsdoc.js" />
    <property name="npm.works" value="true" />
    <property name="cobertura.dir" value="/home/travis/build/icyphy/ptII/vendors/cobertura-2.0.3" />
    <property name="jsdoc.command.exists" value="true" />
    <property name="env.rvm_path" value="/home/travis/.rvm" />
    <property name="env.GEM_PATH" value="/home/travis/.rvm/gems/ruby-2.5.3:/home/travis/.rvm/gems/ruby-2.5.3@global" />
    <property name="env.LC_CTYPE" value="en_US.UTF-8" />
    <property name="env.TRAVIS_CMD" value="$PTII/bin/ptIITravisBuild.sh $SECONDS" />
    <property name="java.awt.printerjob" value="sun.print.PSPrinterJob" />
    <property name="env.TRAVIS_STACK_NAME" value="sardonyx" />
    <property name="env.TRAVIS_TIMER_START_TIME" value="1577513931712686679" />
    <property name="ant.version" value="Apache Ant(TM) version 1.10.1 compiled on February 2 2017" />
    <property name="ptII.reports" value="/home/travis/build/icyphy/ptII/reports" />
    <property name="env.TRAVIS_STACK_TIMESTAMP" value="2019-03-25 16:16:56 UTC" />
    <property name="ant.file.type.ptII" value="file" />
    <property name="env.RBENV_SHELL" value="bash" />
    <property name="os.name" value="Linux" />
    <property name="java.specification.vendor" value="Oracle Corporation" />
    <property name="env.rvm_version" value="1.29.7 (latest)" />
    <property name="env.TRAVIS_INFRA" value="unknown" />
    <property name="env.TERM" value="xterm" />
    <property name="java.vm.name" value="OpenJDK 64-Bit Server VM" />
    <property name="env.TRAVIS_BUILD_NUMBER" value="1445" />
    <property name="env.CI" value="true" />
    <property name="java.library.path" value="/home/travis/pthla/certi-tools/lib:/usr/lib/jni:/usr/local/share/OpenCV/java/:/usr/share/OpenCV/java::/usr/java/packages/lib:/usr/lib64:/lib64:/lib:/usr/lib" />
    <property name="jdk.module.path" value="/home/travis/build/icyphy/ptII/vendors/javafx/javafx-sdk-11.0.2/lib:" />
    <property name="env.rvm_prefix" value="/home/travis" />
    <property name="env.PATH" value="/home/travis/pthla/certi-tools/share/scripts:/home/travis/.rvm/gems/ruby-2.5.3/bin:/home/travis/.rvm/gems/ruby-2.5.3@global/bin:/home/travis/.rvm/rubies/ruby-2.5.3/bin:/home/travis/.rvm/bin:/home/travis/.nvm/versions/node/v7.10.1/bin:./node_modules/.bin:/home/travis/build/icyphy/ptII/bin:/home/travis/pthla/certi-tools/bin:/home/travis/bin:/home/travis/.local/bin:/usr/local/lib/jvm/openjdk11/bin:/opt/pyenv/shims:/home/travis/.phpenv/shims:/home/travis/perl5/perlbrew/bin:/home/travis/gopath/bin:/home/travis/.gimme/versions/go1.11.1.linux.amd64/bin:/usr/local/maven-3.6.0/bin:/usr/local/cmake-3.12.4/bin:/usr/local/clang-7.0.0/bin:/usr/local/sbin:/usr/local/bin:/usr/sbin:/usr/bin:/sbin:/bin:/snap/bin:/home/travis/.phpenv/bin:/opt/pyenv/bin:/home/travis/.yarn/bin" />
    <property name="env.TRAVIS_OS_NAME" value="linux" />
    <property name="ant.java.version" value="9" />
    <property name="basedir" value="/home/travis/build/icyphy/ptII" />
    <property name="java.class.version" value="55.0" />
    <property name="env.SHLVL" value="3" />
    <property name="env.LD_LIBRARY_PATH" value="/home/travis/pthla/certi-tools/lib:/usr/lib/jni:/usr/local/share/OpenCV/java/:/usr/share/OpenCV/java:" />
    <property name="env.RACK_ENV" value="test" />
    <property name="ant.home" value="/home/travis/build/icyphy/ptII/ant" />
    <property name="env.NVM_DIR" value="/home/travis/.nvm" />
    <property name="env.CERTI_FOM_PATH" value="/home/travis/pthla/certi-tools/share/federations" />
    <property name="env.TRAVIS_BUILD_ID" value="630235444" />
    <property name="env.PYENV_ROOT" value="/opt/pyenv" />
    <property name="env.TRAVIS_UID" value="2000" />
    <property name="prism.verbose" value="true" />
    <property name="env.NVM_BIN" value="/home/travis/.nvm/versions/node/v7.10.1/bin" />
    <property name="env.TRAVIS_COMMIT" value="1f87987f0e3e7c0b3e4c2c438cef4d3742e50cee" />
    <property name="env._system_arch" value="x86_64" />
    <property name="node.executable" value="node" />
    <property name="sun.boot.library.path" value="/usr/local/lib/jvm/openjdk11/lib" />
    <property name="sun.management.compiler" value="HotSpot 64-Bit Tiered Compilers" />
    <property name="java.awt.graphicsenv" value="sun.awt.X11GraphicsEnvironment" />
    <property name="env.GOPATH" value="/home/travis/gopath" />
    <property name="ptolemy.ptII.dir" value="/home/travis/build/icyphy/ptII" />
    <property name="env.USER" value="travis" />
    <property name="env.HISTFILESIZE" value="2000" />
    <property name="timeout.longest" value="19000000" />
    <property name="env.PERLBREW_SHELLRC_VERSION" value="0.86" />
    <property name="env.TRAVIS_STACK_FEATURES" value="basic couchdb disabled-ipv6 docker docker-compose elasticsearch firefox go-toolchain google-chrome jdk memcached mongodb mysql nodejs_interpreter perl_interpreter perlbrew phantomjs postgresql python_interpreter redis ruby_interpreter sqlite xserver" />
    <property name="env.TRAVIS_PULL_REQUEST" value="false" />
    <property name="env.PYENV_SHELL" value="bash" />
    <property name="ant.project.name" value="ptII" />
    <property name="env.ANSI_RESET" value="\033[0m" />
    <property name="java.vm.specification.version" value="11" />
    <property name="env.TRAVIS_DIST" value="xenial" />
    <property name="env.CERTI_VERSION" value="4.0.0" />
    <property name="env.CERTI_HOST" value="localhost" />
    <property name="awt.toolkit" value="sun.awt.X11.XToolkit" />
    <property name="env.MY_RUBY_HOME" value="/home/travis/.rvm/rubies/ruby-2.5.3" />
    <property name="sun.cpu.isalist" value="" />
    <property name="env.TRAVIS_TMPDIR" value="/tmp/tmp.lMszObipJX" />
    <property name="java.vm.compressedOopsMode" value="Zero based" />
    <property name="os.version" value="4.15.0-1028-gcp" />
    <property name="user.home" value="/home/travis" />
    <property name="java.vm.vendor" value="Oracle Corporation" />
    <property name="env.TRAVIS_TAG" value="nightly" />
    <property name="env.ANSI_YELLOW" value="\033[33;1m" />
    <property name="env.TRAVIS_FILTERED" value="redirect_io" />
    <property name="env.ANSI_GREEN" value="\033[32;1m" />
    <property name="env.JAVA_HOME" value="/usr/local/lib/jvm/openjdk11" />
    <property name="javadoc.excludepackagenames" value="adm.cvs2svn.*,build.*,config.*,doc.coding.templates.*,jni.test.jni.meaningOfLife.*,jni.test.jni.testDeux.*,jni.test.jni.testTrois.*,org.terraswarm.accessor.accessors.web.node_modules.*,org.terraswarm.accessor.accessors.web.hosts.cordova.demo.*,org.terraswarm.accessor.accessors.web.hosts.cordova.plugins.*,org.terraswarm.accessor.accessors-svn.*,pt-modules.*,ptolemy.apps.agilent.*,ptolemy.apps.anytimecontrol.*,ptolemy.apps.apes.*,ptolemy.apps.charon.*,ptolemy.apps.crazyboard.*,ptolemy.apps.eclipse.*,ptolemy.apps.etherealSting.*,ptolemy.apps.fullscreen.*,ptolemy.apps.giotto.*,ptolemy.apps.ia.*,ptolemy.apps.interfaces.*,ptolemy.apps.jmf.*,ptolemy.apps.kurt.*,ptolemy.apps.kvm.*,ptolemy.apps.lego.*,ptolemy.apps.lejos.*,ptolemy.apps.midp.*,ptolemy.apps.mobileCoding.*,ptolemy.apps.pendulum.*,ptolemy.apps.rijndael.*,ptolemy.apps.robot.*,ptolemy.apps.security.*,ptolemy.apps.sobel.*,ptolemy.apps.soot.*,ptolemy.apps.throttle.*,ptolemy.apps.tini.*,ptolemy.apps.transmission.*,ptolemy.apps.vergil.*,ptolemy.apps.waba.*,ptolemy.apps.websensor.*,ptolemy.apps.webstart.*,ptolemy.apps.xsl.*,ptolemy.apps.zaurus.*,ptolemy.codegen.c.actor.lib.oldJavaFiles.*,ptolemy.codegen.dsp.lib.*,ptolemy.codegen.kernel.newInterfaces.*,ptolemy.codegen.lib.*,ptolemy.copernicus.kernel.fragment.*,ptolemy.copernicus.shallow.cg.*,ptolemy.domains.giotto.demo.Hierarchy.Hierarchy.*,ptolemy.domains.giotto.demo.Multimode.Multimode.*,ptolemy.domains.giotto.demo.Simple.Simple.*,ptolemy.domains.gr.lib.experimental.*,ptolemy.domains.gro.*,ptolemy.domains.pdf.*,ptolemy.domains.ptinyos.demo.Surge.output.*,ptolemy.moml.test.NoPackageActor.java*,ptolemy.plot.adm.*,ptolemy.plot.servlet.*,reports.*,signed.*,src.*,target.*,vendors.*,ptolemy.copernicus.applet.*,ptolemy.media.viewer.*,ptolemy.actor.corba.*,doc.doclets.*,ptolemy.apps.eclipse.awt.*,ptolemy.backtrack.*,ptolemy.backtrack.ast.*,ptolemy.cg.adapter.generic.program.procedural.c.mbed*,ptolemy.homer.*,ptolemy.actor.lib.jai.*,org.ptolemy.scala.*,diva.util.java2d.svg.*,ptolemy.domains.ptinyos.*,ptolemy.actor.lib.fmi.fmipp.*,,org.terraswarm.accessor.accessors.web.node_modules.*,org.terraswarm.accessor.accessors-svn,ptolemy.apps.*,ptolemy.actor.ptalon.demo.ptinyos.SendAndReceiveCnt.output,ptolemy.actor.ptalon.demo.ptinyos.SenseToLeds.output,ptolemy.domains.ptinyos.demo.CntToLedsAndRfm.output,ptolemy.domains.ptinyos.demo.RfmToLeds.output,ptolemy.domains.ptinyos.demo.SendAndReceiveCnt.output,ptolemy.domains.ptinyos.demo.SenseToLeds.output,ptolemy.actor.lib.jjs.modules.udpSocket.*" />
    <property name="env.PTII" value="/home/travis/build/icyphy/ptII" />
    <property name="env.XDG_SESSION_ID" value="2" />
    <property name="keystore" value="ptKeystore" />
    <property name="env.TRAVIS_COMMIT_MESSAGE" value="Restored ptolemy/domains/space/test/auto directory now that we have timeout mechanism. Hopefully, we will now just see test failures when the database is down instead of total failure of the tests." />
    <property name="junit.output.dir" value="/home/travis/build/icyphy/ptII/reports/junit" />
    <property name="npm.return.code" value="0" />
    <property name="user.dir" value="/home/travis/build/icyphy/ptII/ptolemy/actor/lib/test" />
    <property name="env.TRAVIS_NODE_VERSION" value="7" />
    <property name="env.TRAVIS_EVENT_TYPE" value="cron" />
    <property name="env.MAIL" value="/var/mail/travis" />
    <property name="env.PERLBREW_ROOT" value="/home/travis/perl5/perlbrew" />
    <property name="env.PWD" value="/home/travis/build/icyphy/ptII" />
    <property name="timeout.npm" value="45000" />
    <property name="env.TRAVIS_ARCH" value="amd64" />
    <property name="sun.cpu.endian" value="little" />
    <property name="env.PAGER" value="cat" />
    <property name="env.TRAVIS_BUILD_STAGE_NAME" value="Test" />
    <property name="env.PERLBREW_HOME" value="/home/travis/.perlbrew" />
    <property name="java.vm.version" value="11.0.2+9" />
    <property name="env.RAILS_ENV" value="test" />
    <property name="java.class.path" value="/home/travis/.ptolemyII:/home/travis/.ptolemyII/*:/home/travis/build/icyphy/ptII:/home/travis/build/icyphy/ptII/lib/bsh-2.0b4.jar:/home/travis/build/icyphy/ptII/lib/ptCal.jar:/home/travis/build/icyphy/ptII/lib/java_cup.jar:/home/travis/build/icyphy/ptII/lib/saxon8.jar:/home/travis/build/icyphy/ptII/lib/saxon8-dom.jar:/home/travis/build/icyphy/ptII/lib/chic.jar:/home/travis/build/icyphy/ptII/lib/ptcolt.jar:/home/travis/build/icyphy/ptII/vendors/misc/itext/iText.jar:/home/travis/build/icyphy/ptII/lib/g4ltl.jar:/home/travis/build/icyphy/ptII/lib/StructuralCoder.jar:/home/travis/build/icyphy/ptII/lib/jcerti.jar:/home/travis/build/icyphy/ptII/lib/javax.mail.jar:/home/travis/build/icyphy/ptII/vendors/JMF-2.1.1e/lib/jmf.jar:/home/travis/build/icyphy/ptII/lib/jna-4.0.0-variadic.jar:/home/travis/build/icyphy/ptII/vendors/misc/joystick/Joystick.jar:/home/travis/build/icyphy/ptII/lib/ptjacl.jar:/home/travis/build/icyphy/ptII/lib/jsoup-1.8.2.jar:/home/travis/build/icyphy/ptII/lib/junit-4.8.2.jar:/home/travis/build/icyphy/ptII/lib/JUnitParams-0.4.0.jar:/home/travis/build/icyphy/ptII/ptolemy/actor/lib/excel/jxl.jar:/home/travis/build/icyphy/ptII/lib/jython.jar:/home/travis/build/icyphy/ptII/lib/kieler.jar:/home/travis/build/icyphy/ptII/vendors/opencv/share/OpenCV/java/opencv-341.jar:/home/travis/build/icyphy/ptII/lib/oscP5.jar:/home/travis/build/icyphy/ptII/lib/nrjavaserial-3.11.0.devel.jar:/home/travis/build/icyphy/ptII/vendors/j3d/lib/Linux/j3dcore.jar:/home/travis/build/icyphy/ptII/vendors/j3d/lib/Linux/j3dutils.jar:/home/travis/build/icyphy/ptII/vendors/j3d/lib/Linux/vecmath.jar:/home/travis/build/icyphy/ptII/vendors/jogl/lib/Linux/gluegen-rt-natives-linux-amd64.jar:/home/travis/build/icyphy/ptII/vendors/jogl/lib/Linux/gluegen-rt.jar:/home/travis/build/icyphy/ptII/vendors/jogl/lib/Linux/jogl-all-natives-linux-amd64.jar:/home/travis/build/icyphy/ptII/vendors/jogl/lib/Linux/jogl-all.jar:/home/travis/build/icyphy/ptII/ptolemy/distributed/jini/jar/jini-core.jar:/home/travis/build/icyphy/ptII/ptolemy/distributed/jini/jar/jini-ext.jar:/home/travis/build/icyphy/ptII/ptolemy/distributed/jini/jar/sun-util.jar:/home/travis/build/icyphy/ptII/lib/protobuf-java-2.4.1.jar:/home/travis/build/icyphy/ptII/lib/org.eclipse.paho.client.mqttv3.jar:/home/travis/build/icyphy/ptII/lib/mapss.jar:/home/travis/build/icyphy/ptII/ptolemy/actor/ptalon/antlr/antlr.jar:/home/travis/build/icyphy/ptII/lib/JRI.jar:/home/travis/build/icyphy/ptII/lib/commons-lang-2.6.jar:/home/travis/build/icyphy/ptII/lib/commons-logging-1.1.1.jar:/home/travis/build/icyphy/ptII/lib/sootclasses.jar:/home/travis/build/icyphy/ptII/ptolemy/actor/lib/database/mysql-connector-java-5.1.6-bin.jar:/home/travis/build/icyphy/ptII/vendors/misc/sphinx4/sphinx4-data-5prealpha.jar:/home/travis/build/icyphy/ptII/vendors/misc/sphinx4/sphinx4-core-5prealpha.jar:/home/travis/build/icyphy/ptII/lib/PDFRenderer.jar:/home/travis/build/icyphy/ptII/lib/svgSalamander.jar:/home/travis/build/icyphy/ptII/lib/rsyntaxtextarea-2.6.0-SNAPSHOT.jar:/home/travis/build/icyphy/ptII/lib/hazelcast-3.8.2.jar:/home/travis/build/icyphy/ptII/lib/jackson-annotations-2.9.0.jar:/home/travis/build/icyphy/ptII/lib/jackson-core-2.9.3.jar:/home/travis/build/icyphy/ptII/lib/jackson-databind-2.9.3.jar:/home/travis/build/icyphy/ptII/lib/netty-buffer-4.1.19.Final.jar:/home/travis/build/icyphy/ptII/lib/netty-codec-4.1.19.Final.jar:/home/travis/build/icyphy/ptII/lib/netty-codec-dns-4.1.19.Final.jar:/home/travis/build/icyphy/ptII/lib/netty-codec-http-4.1.19.Final.jar:/home/travis/build/icyphy/ptII/lib/netty-codec-http2-4.1.19.Final.jar:/home/travis/build/icyphy/ptII/lib/netty-common-4.1.19.Final.jar:/home/travis/build/icyphy/ptII/lib/netty-handler-4.1.19.Final.jar:/home/travis/build/icyphy/ptII/lib/netty-resolver-4.1.19.Final.jar:/home/travis/build/icyphy/ptII/lib/netty-resolver-dns-4.1.19.Final.jar:/home/travis/build/icyphy/ptII/lib/netty-transport-4.1.19.Final.jar:/home/travis/build/icyphy/ptII/lib/vertx-codegen-3.5.1.jar:/home/travis/build/icyphy/ptII/lib/vertx-core-3.5.2-SNAPSHOT.jar:/home/travis/build/icyphy/ptII/lib/vertx-hazelcast-3.5.1.jar:/home/travis/build/icyphy/ptII/lib/vertx-lang-js-3.5.1.jar:/home/travis/build/icyphy/ptII/lib/vertx-service-proxy-3.5.1.jar:/home/travis/build/icyphy/ptII/lib/vertx-web-3.5.1.jar:/home/travis/build/icyphy/ptII/lib/slf4j-api-1.7.13.jar:/home/travis/build/icyphy/ptII/lib/slf4j-simple-1.7.13.jar:/home/travis/build/icyphy/ptII/lib/webcam-capture-0.3.12.jar:/home/travis/build/icyphy/ptII/lib/bridj-0.7.0.jar:/home/travis/build/icyphy/ptII/lib/xbjlib-1.1.0.nrjavaserial.jar:/home/travis/build/icyphy/ptII/ptolemy/moml/test:/home/travis/build/icyphy/ptII/ant/lib/ant-launcher.jar:/home/travis/build/icyphy/ptII/ant/lib/ant.jar:/home/travis/build/icyphy/ptII/ant/lib/ant-junit.jar:/home/travis/build/icyphy/ptII/ant/lib/ant-junit4.jar" />
    <property name="ant.library.dir" value="/home/travis/build/icyphy/ptII/ant/lib" />
    <property name="os.arch" value="amd64" />
    <property name="env.CONTINUOUS_INTEGRATION" value="true" />
    <property name="env.TRAVIS_LANGUAGE" value="node_js" />
    <property name="env.TRAVIS_STACK_LANGUAGES" value="__sardonyx__ c c++ clojure cplusplus cpp default generic go groovy java node_js php pure_java python ruby scala" />
    <property name="test.name" value="ptolemy.actor.lib.test.junit.JUnitTclTest" />
    <property name="env.APT_KEY_DONT_WARN_ON_DANGEROUS_USAGE" value="1" />
    <property name="sun.java.launcher" value="SUN_STANDARD" />
    <property name="env.PYTHON_CONFIGURE_OPTS" value="--enable-unicode=ucs4 --with-wide-unicode --enable-shared --enable-ipv6 --enable-loadable-sqlite-extensions --with-computed-gotos" />
    <property name="ant.core.lib" value="/home/travis/build/icyphy/ptII/ant/lib/ant.jar" />
    <property name="java.vm.specification.vendor" value="Oracle Corporation" />
    <property name="env.BCVTB_HOME" value="/home/travis/build/icyphy/ptII/lbnl" />
    <property name="file.separator" value="/" />
    <property name="spotbugs.home" value="/home/travis/build/icyphy/ptII/vendors/spotbugs-3.1.1" />
    <property name="java.runtime.version" value="11.0.2+9" />
    <property name="env.ANSI_CLEAR" value="\033[0K" />
    <property name="javafx.verbose" value="true" />
    <property name="env.HAS_JOSH_K_SEAL_OF_APPROVAL" value="true" />
    <property name="env.XDG_RUNTIME_DIR" value="/run/user/2000" />
    <property name="env.TRAVIS_OSX_IMAGE" value="" />
    <property name="env.TRAVIS_JOB_ID" value="630235452" />
    <property name="env.TRAVIS_BRANCH" value="master" />
    <property name="user.country" value="US" />
    <property name="env.CERTI_HOME_TRAVIS" value="/home/travis/pthla/certi-tools" />
    <property name="env.SHELL" value="/bin/bash" />
    <property name="java.maxmemory.large" value="3200m" />
    <property name="model" value="" />
    <property name="env.CASHER_DIR" value="/home/travis/.casher" />
    <property name="env.NVM_CD_FLAGS" value="" />
    <property name="java.vendor.version" value="18.9" />
    <property name="jshint.executable" value="/home/travis/node_modules/jshint/bin/jshint" />
    <property name="env.JRUBY_OPTS" value=" --client -J-XX:+TieredCompilation -J-XX:TieredStopAtLevel=1 -J-Xss2m -Xcompile.invokedynamic=false" />
    <property name="java.vendor" value="Oracle Corporation" />
    <property name="env.TRAVIS_PRE_CHEF_BOOTSTRAP_TIME" value="2019-03-25T16:16:42" />
    <property name="env.TRAVIS_STACK_JOB_BOARD_REGISTER" value="/.job-board-register.yml" />
    <property name="env.ANSI_RED" value="\033[31;1m" />
    <property name="java.specification.version" value="11" />
    <property name="env.IRBRC" value="/home/travis/.rvm/rubies/ruby-2.5.3/.irbrc" />
    <property name="env.TRAVIS" value="true" />
    <property name="sun.arch.data.model" value="64" />
  </properties>
  <testcase classname="ptolemy.util.test.junit.TclTests" name="[0] /home/travis/build/icyphy/ptII/ptolemy/actor/lib/test/AbsoluteValue.tcl (RunTclFile)" time="0.565" />
  <testcase classname="ptolemy.util.test.junit.TclTests" name="[1] /home/travis/build/icyphy/ptII/ptolemy/actor/lib/test/AddSubtract.tcl (RunTclFile)" time="0.122" />
  <testcase classname="ptolemy.util.test.junit.TclTests" name="[2] /home/travis/build/icyphy/ptII/ptolemy/actor/lib/test/Average.tcl (RunTclFile)" time="0.031" />
  <testcase classname="ptolemy.util.test.junit.TclTests" name="[3] /home/travis/build/icyphy/ptII/ptolemy/actor/lib/test/Bernoulli.tcl (RunTclFile)" time="0.018" />
  <testcase classname="ptolemy.util.test.junit.TclTests" name="[4] /home/travis/build/icyphy/ptII/ptolemy/actor/lib/test/Clock.tcl (RunTclFile)" time="0.108" />
  <testcase classname="ptolemy.util.test.junit.TclTests" name="[5] /home/travis/build/icyphy/ptII/ptolemy/actor/lib/test/Commutator.tcl (RunTclFile)" time="0.196" />
  <testcase classname="ptolemy.util.test.junit.TclTests" name="[6] /home/travis/build/icyphy/ptII/ptolemy/actor/lib/test/Const.tcl (RunTclFile)" time="0.138" />
  <testcase classname="ptolemy.util.test.junit.TclTests" name="[7] /home/travis/build/icyphy/ptII/ptolemy/actor/lib/test/CurrentTime.tcl (RunTclFile)" time="0.029" />
  <testcase classname="ptolemy.util.test.junit.TclTests" name="[8] /home/travis/build/icyphy/ptII/ptolemy/actor/lib/test/DB.tcl (RunTclFile)" time="0.047" />
  <testcase classname="ptolemy.util.test.junit.TclTests" name="[9] /home/travis/build/icyphy/ptII/ptolemy/actor/lib/test/DiscreteRandomSource.tcl (RunTclFile)" time="0.042" />
  <testcase classname="ptolemy.util.test.junit.TclTests" name="[10] /home/travis/build/icyphy/ptII/ptolemy/actor/lib/test/Distributor.tcl (RunTclFile)" time="0.066" />
  <testcase classname="ptolemy.util.test.junit.TclTests" name="[11] /home/travis/build/icyphy/ptII/ptolemy/actor/lib/test/Exit.tcl (RunTclFile)" time="0.1" />
  <testcase classname="ptolemy.util.test.junit.TclTests" name="[12] /home/travis/build/icyphy/ptII/ptolemy/actor/lib/test/Expression.tcl (RunTclFile)" time="0.119" />
  <testcase classname="ptolemy.util.test.junit.TclTests" name="[13] /home/travis/build/icyphy/ptII/ptolemy/actor/lib/test/Gaussian.tcl (RunTclFile)" time="0.721" />
  <testcase classname="ptolemy.util.test.junit.TclTests" name="[14] /home/travis/build/icyphy/ptII/ptolemy/actor/lib/test/IIR.tcl (RunTclFile)" time="0.038" />
  <testcase classname="ptolemy.util.test.junit.TclTests" name="[15] /home/travis/build/icyphy/ptII/ptolemy/actor/lib/test/Interpolator.tcl (RunTclFile)" time="0.109" />
  <testcase classname="ptolemy.util.test.junit.TclTests" name="[16] /home/travis/build/icyphy/ptII/ptolemy/actor/lib/test/MathFunction.tcl (RunTclFile)" time="0.068" />
  <testcase classname="ptolemy.util.test.junit.TclTests" name="[17] /home/travis/build/icyphy/ptII/ptolemy/actor/lib/test/Maximum.tcl (RunTclFile)" time="0.036" />
  <testcase classname="ptolemy.util.test.junit.TclTests" name="[18] /home/travis/build/icyphy/ptII/ptolemy/actor/lib/test/Minimum.tcl (RunTclFile)" time="0.028" />
  <testcase classname="ptolemy.util.test.junit.TclTests" name="[19] /home/travis/build/icyphy/ptII/ptolemy/actor/lib/test/MultiplyDivide.tcl (RunTclFile)" time="0.027" />
  <testcase classname="ptolemy.util.test.junit.TclTests" name="[20] /home/travis/build/icyphy/ptII/ptolemy/actor/lib/test/OrderedMerge.tcl (RunTclFile)" time="0.154" />
  <testcase classname="ptolemy.util.test.junit.TclTests" name="[21] /home/travis/build/icyphy/ptII/ptolemy/actor/lib/test/Publisher.tcl (RunTclFile)" time="0.785" />
  <testcase classname="ptolemy.util.test.junit.TclTests" name="[22] /home/travis/build/icyphy/ptII/ptolemy/actor/lib/test/Pulse.tcl (RunTclFile)" time="0.069" />
  <testcase classname="ptolemy.util.test.junit.TclTests" name="[23] /home/travis/build/icyphy/ptII/ptolemy/actor/lib/test/Ramp.tcl (RunTclFile)" time="1.924" />
  <testcase classname="ptolemy.util.test.junit.TclTests" name="[24] /home/travis/build/icyphy/ptII/ptolemy/actor/lib/test/RampContinuous.tcl (RunTclFile)" time="0.02" />
  <testcase classname="ptolemy.util.test.junit.TclTests" name="[25] /home/travis/build/icyphy/ptII/ptolemy/actor/lib/test/RecordAssembler.tcl (RunTclFile)" time="0.016" />
  <testcase classname="ptolemy.util.test.junit.TclTests" name="[26] /home/travis/build/icyphy/ptII/ptolemy/actor/lib/test/RecordDisassembler.tcl (RunTclFile)" time="0.033" />
  <testcase classname="ptolemy.util.test.junit.TclTests" name="[27] /home/travis/build/icyphy/ptII/ptolemy/actor/lib/test/Scale.tcl (RunTclFile)" time="0.041" />
  <testcase classname="ptolemy.util.test.junit.TclTests" name="[28] /home/travis/build/icyphy/ptII/ptolemy/actor/lib/test/SequentialClock.tcl (RunTclFile)" time="0.013" />
  <testcase classname="ptolemy.util.test.junit.TclTests" name="[29] /home/travis/build/icyphy/ptII/ptolemy/actor/lib/test/SetVariable.tcl (RunTclFile)" time="0.028">
    <failure message="Number of failed tests is has increased. expected:&lt;0&gt; but was:&lt;1&gt;" type="junit.framework.AssertionFailedError">junit.framework.AssertionFailedError: Number of failed tests is has increased. expected:&lt;0&gt; but was:&lt;1&gt;
	at ptolemy.util.test.junit.TclTests.RunTclFile(TclTests.java:286)
	at jdk.internal.reflect.GeneratedMethodAccessor19.invoke(Unknown Source)
	at java.base/jdk.internal.reflect.DelegatingMethodAccessorImpl.invoke(DelegatingMethodAccessorImpl.java:43)
	at junitparams.internal.InvokeParameterisedMethod.evaluate(InvokeParameterisedMethod.java:102)
	at junitparams.internal.ParameterisedTestMethodRunner.runMethodInvoker(ParameterisedTestMethodRunner.java:47)
	at junitparams.internal.ParameterisedTestMethodRunner.runTestMethod(ParameterisedTestMethodRunner.java:41)
	at junitparams.internal.ParameterisedTestClassRunner.runParameterisedTest(ParameterisedTestClassRunner.java:143)
	at junitparams.JUnitParamsRunner.runChild(JUnitParamsRunner.java:237)
	at junitparams.JUnitParamsRunner.runChild(JUnitParamsRunner.java:215)
</failure>
  </testcase>
  <testcase classname="ptolemy.util.test.junit.TclTests" name="[30] /home/travis/build/icyphy/ptII/ptolemy/actor/lib/test/Sinewave.tcl (RunTclFile)" time="0.06" />
  <testcase classname="ptolemy.util.test.junit.TclTests" name="[31] /home/travis/build/icyphy/ptII/ptolemy/actor/lib/test/SubscriptionAggregator.tcl (RunTclFile)" time="2.043" />
  <testcase classname="ptolemy.util.test.junit.TclTests" name="[32] /home/travis/build/icyphy/ptII/ptolemy/actor/lib/test/Test.tcl (RunTclFile)" time="0.077" />
  <testcase classname="ptolemy.util.test.junit.TclTests" name="[33] /home/travis/build/icyphy/ptII/ptolemy/actor/lib/test/TestExceptionHandler.tcl (RunTclFile)" time="0.011" />
  <testcase classname="ptolemy.util.test.junit.TclTests" name="[34] /home/travis/build/icyphy/ptII/ptolemy/actor/lib/test/UnionDisassembler.tcl (RunTclFile)" time="0.049" />
  <testcase classname="ptolemy.util.test.junit.TclTests" name="[35] /home/travis/build/icyphy/ptII/ptolemy/actor/lib/test/VariableClock.tcl (RunTclFile)" time="0.016" />
  <testcase classname="ptolemy.util.test.junit.AutoKnownFailedTests" name="[0] /home/travis/build/icyphy/ptII/ptolemy/actor/lib/test/auto/knownFailedTests/PublisherPortToplevelSubscriber.xml (RunModel)" time="0.021" />
  <testcase classname="ptolemy.util.test.junit.AutoKnownFailedTests" name="[1] /home/travis/build/icyphy/ptII/ptolemy/actor/lib/test/auto/knownFailedTests/PublisherSubscriberPortToplevel.xml (RunModel)" time="0.017" />
  <testcase classname="ptolemy.util.test.junit.AutoKnownFailedTests" name="[2] /home/travis/build/icyphy/ptII/ptolemy/actor/lib/test/auto/knownFailedTests/PublisherSubscriptionAggregatorPort.xml (RunModel)" time="0.018" />
  <testcase classname="ptolemy.util.test.junit.AutoKnownFailedTests" name="[3] /home/travis/build/icyphy/ptII/ptolemy/actor/lib/test/auto/knownFailedTests/sizedarray3.xml (RunModel)" time="0.024" />
  <testcase classname="ptolemy.util.test.junit.AutoNameArchTests" name="[0] ThereAreNoAutoArchTests (RunModel)" time="0.003" />
  <testcase classname="ptolemy.util.test.junit.AutoTests" name="[0] /home/travis/build/icyphy/ptII/ptolemy/actor/lib/test/auto/AbsoluteValue.xml (RunModel)" time="0.101" />
  <testcase classname="ptolemy.util.test.junit.AutoTests" name="[1] /home/travis/build/icyphy/ptII/ptolemy/actor/lib/test/auto/AbsoluteValue2.xml (RunModel)" time="0.051" />
  <testcase classname="ptolemy.util.test.junit.AutoTests" name="[2] /home/travis/build/icyphy/ptII/ptolemy/actor/lib/test/auto/Accumulator.xml (RunModel)" time="0.079" />
  <testcase classname="ptolemy.util.test.junit.AutoTests" name="[3] /home/travis/build/icyphy/ptII/ptolemy/actor/lib/test/auto/Accumulator2.xml (RunModel)" time="0.028" />
  <testcase classname="ptolemy.util.test.junit.AutoTests" name="[4] /home/travis/build/icyphy/ptII/ptolemy/actor/lib/test/auto/Accumulator3.xml (RunModel)" time="0.023" />
  <testcase classname="ptolemy.util.test.junit.AutoTests" name="[5] /home/travis/build/icyphy/ptII/ptolemy/actor/lib/test/auto/ArrayAppend.xml (RunModel)" time="0.035" />
  <testcase classname="ptolemy.util.test.junit.AutoTests" name="[6] /home/travis/build/icyphy/ptII/ptolemy/actor/lib/test/auto/ArrayAppend2.xml (RunModel)" time="0.485" />
  <testcase classname="ptolemy.util.test.junit.AutoTests" name="[7] /home/travis/build/icyphy/ptII/ptolemy/actor/lib/test/auto/ArrayAppend3.xml (RunModel)" time="0.038" />
  <testcase classname="ptolemy.util.test.junit.AutoTests" name="[8] /home/travis/build/icyphy/ptII/ptolemy/actor/lib/test/auto/ArrayAppend4.xml (RunModel)" time="0.021" />
  <testcase classname="ptolemy.util.test.junit.AutoTests" name="[9] /home/travis/build/icyphy/ptII/ptolemy/actor/lib/test/auto/ArrayAppend5.xml (RunModel)" time="0.02" />
  <testcase classname="ptolemy.util.test.junit.AutoTests" name="[10] /home/travis/build/icyphy/ptII/ptolemy/actor/lib/test/auto/ArrayAppend6.xml (RunModel)" time="0.021" />
  <testcase classname="ptolemy.util.test.junit.AutoTests" name="[11] /home/travis/build/icyphy/ptII/ptolemy/actor/lib/test/auto/ArrayAppendPerformanceTest.xml (RunModel)" time="0.054" />
  <testcase classname="ptolemy.util.test.junit.AutoTests" name="[12] /home/travis/build/icyphy/ptII/ptolemy/actor/lib/test/auto/ArrayAppendWithEmptyInput.xml (RunModel)" time="0.051" />
  <testcase classname="ptolemy.util.test.junit.AutoTests" name="[13] /home/travis/build/icyphy/ptII/ptolemy/actor/lib/test/auto/ArrayAverage.xml (RunModel)" time="0.051" />
  <testcase classname="ptolemy.util.test.junit.AutoTests" name="[14] /home/travis/build/icyphy/ptII/ptolemy/actor/lib/test/auto/ArrayContains.xml (RunModel)" time="0.029" />
  <testcase classname="ptolemy.util.test.junit.AutoTests" name="[15] /home/travis/build/icyphy/ptII/ptolemy/actor/lib/test/auto/ArrayElement.xml (RunModel)" time="0.028" />
  <testcase classname="ptolemy.util.test.junit.AutoTests" name="[16] /home/travis/build/icyphy/ptII/ptolemy/actor/lib/test/auto/ArrayElementAsMatrix.xml (RunModel)" time="0.042" />
  <testcase classname="ptolemy.util.test.junit.AutoTests" name="[17] /home/travis/build/icyphy/ptII/ptolemy/actor/lib/test/auto/ArrayElementI.xml (RunModel)" time="0.016" />
  <testcase classname="ptolemy.util.test.junit.AutoTests" name="[18] /home/travis/build/icyphy/ptII/ptolemy/actor/lib/test/auto/ArrayExtract.xml (RunModel)" time="0.022" />
  <testcase classname="ptolemy.util.test.junit.AutoTests" name="[19] /home/travis/build/icyphy/ptII/ptolemy/actor/lib/test/auto/ArrayExtract2.xml (RunModel)" time="0.016" />
  <testcase classname="ptolemy.util.test.junit.AutoTests" name="[20] /home/travis/build/icyphy/ptII/ptolemy/actor/lib/test/auto/ArrayLength.xml (RunModel)" time="0.013" />
  <testcase classname="ptolemy.util.test.junit.AutoTests" name="[21] /home/travis/build/icyphy/ptII/ptolemy/actor/lib/test/auto/ArrayLevelCrossing.xml (RunModel)" time="0.023" />
  <testcase classname="ptolemy.util.test.junit.AutoTests" name="[22] /home/travis/build/icyphy/ptII/ptolemy/actor/lib/test/auto/ArrayLevelCrossing2.xml (RunModel)" time="0.019" />
  <testcase classname="ptolemy.util.test.junit.AutoTests" name="[23] /home/travis/build/icyphy/ptII/ptolemy/actor/lib/test/auto/ArrayPeakSearch.xml (RunModel)" time="0.033" />
  <testcase classname="ptolemy.util.test.junit.AutoTests" name="[24] /home/travis/build/icyphy/ptII/ptolemy/actor/lib/test/auto/ArrayPeakSearch2.xml (RunModel)" time="0.073" />
  <testcase classname="ptolemy.util.test.junit.AutoTests" name="[25] /home/travis/build/icyphy/ptII/ptolemy/actor/lib/test/auto/ArrayPeakSearch3.xml (RunModel)" time="0.039" />
  <testcase classname="ptolemy.util.test.junit.AutoTests" name="[26] /home/travis/build/icyphy/ptII/ptolemy/actor/lib/test/auto/ArrayRemoveElement.xml (RunModel)" time="0.026" />
  <testcase classname="ptolemy.util.test.junit.AutoTests" name="[27] /home/travis/build/icyphy/ptII/ptolemy/actor/lib/test/auto/ArraySort.xml (RunModel)" time="0.031" />
  <testcase classname="ptolemy.util.test.junit.AutoTests" name="[28] /home/travis/build/icyphy/ptII/ptolemy/actor/lib/test/auto/ArraySum.xml (RunModel)" time="0.016" />
  <testcase classname="ptolemy.util.test.junit.AutoTests" name="[29] /home/travis/build/icyphy/ptII/ptolemy/actor/lib/test/auto/ArrayToElements.xml (RunModel)" time="0.021" />
  <testcase classname="ptolemy.util.test.junit.AutoTests" name="[30] /home/travis/build/icyphy/ptII/ptolemy/actor/lib/test/auto/ArrayToMatrix.xml (RunModel)" time="0.059" />
  <testcase classname="ptolemy.util.test.junit.AutoTests" name="[31] /home/travis/build/icyphy/ptII/ptolemy/actor/lib/test/auto/ArrayUpdate1.xml (RunModel)" time="0.019" />
  <testcase classname="ptolemy.util.test.junit.AutoTests" name="[32] /home/travis/build/icyphy/ptII/ptolemy/actor/lib/test/auto/ArrayUpdate2.xml (RunModel)" time="0.017" />
  <testcase classname="ptolemy.util.test.junit.AutoTests" name="[33] /home/travis/build/icyphy/ptII/ptolemy/actor/lib/test/auto/ArrayUpdate3.xml (RunModel)" time="0.013" />
  <testcase classname="ptolemy.util.test.junit.AutoTests" name="[34] /home/travis/build/icyphy/ptII/ptolemy/actor/lib/test/auto/Assert1.xml (RunModel)" time="0.02" />
  <testcase classname="ptolemy.util.test.junit.AutoTests" name="[35] /home/travis/build/icyphy/ptII/ptolemy/actor/lib/test/auto/Assert2.xml (RunModel)" time="0.01" />
  <testcase classname="ptolemy.util.test.junit.AutoTests" name="[36] /home/travis/build/icyphy/ptII/ptolemy/actor/lib/test/auto/BooleanMultiplexor.xml (RunModel)" time="0.014" />
  <testcase classname="ptolemy.util.test.junit.AutoTests" name="[37] /home/travis/build/icyphy/ptII/ptolemy/actor/lib/test/auto/BooleanMultiplexor2.xml (RunModel)" time="0.018" />
  <testcase classname="ptolemy.util.test.junit.AutoTests" name="[38] /home/travis/build/icyphy/ptII/ptolemy/actor/lib/test/auto/BooleanMultiplexor3.xml (RunModel)" time="0.021" />
  <testcase classname="ptolemy.util.test.junit.AutoTests" name="[39] /home/travis/build/icyphy/ptII/ptolemy/actor/lib/test/auto/BooleanSelect.xml (RunModel)" time="0.021" />
  <testcase classname="ptolemy.util.test.junit.AutoTests" name="[40] /home/travis/build/icyphy/ptII/ptolemy/actor/lib/test/auto/BooleanSelect2.xml (RunModel)" time="0.013" />
  <testcase classname="ptolemy.util.test.junit.AutoTests" name="[41] /home/travis/build/icyphy/ptII/ptolemy/actor/lib/test/auto/BooleanSwitch.xml (RunModel)" time="0.023" />
  <testcase classname="ptolemy.util.test.junit.AutoTests" name="[42] /home/travis/build/icyphy/ptII/ptolemy/actor/lib/test/auto/BooleanSwitch2.xml (RunModel)" time="0.022" />
  <testcase classname="ptolemy.util.test.junit.AutoTests" name="[43] /home/travis/build/icyphy/ptII/ptolemy/actor/lib/test/auto/BooleanSwitchCloningBugWithClassRelationGroup.xml (RunModel)" time="0.036" />
  <testcase classname="ptolemy.util.test.junit.AutoTests" name="[44] /home/travis/build/icyphy/ptII/ptolemy/actor/lib/test/auto/BusActors.xml (RunModel)" time="0.044" />
  <testcase classname="ptolemy.util.test.junit.AutoTests" name="[45] /home/travis/build/icyphy/ptII/ptolemy/actor/lib/test/auto/ClassWrapper.xml (RunModel)" time="0.026" />
  <testcase classname="ptolemy.util.test.junit.AutoTests" name="[46] /home/travis/build/icyphy/ptII/ptolemy/actor/lib/test/auto/Clock.xml (RunModel)" time="0.012" />
  <testcase classname="ptolemy.util.test.junit.AutoTests" name="[47] /home/travis/build/icyphy/ptII/ptolemy/actor/lib/test/auto/Clock10.xml (RunModel)" time="0.017" />
  <testcase classname="ptolemy.util.test.junit.AutoTests" name="[48] /home/travis/build/icyphy/ptII/ptolemy/actor/lib/test/auto/Clock11.xml (RunModel)" time="0.014" />
  <testcase classname="ptolemy.util.test.junit.AutoTests" name="[49] /home/travis/build/icyphy/ptII/ptolemy/actor/lib/test/auto/Clock12.xml (RunModel)" time="0.018" />
  <testcase classname="ptolemy.util.test.junit.AutoTests" name="[50] /home/travis/build/icyphy/ptII/ptolemy/actor/lib/test/auto/Clock13.xml (RunModel)" time="0.022" />
  <testcase classname="ptolemy.util.test.junit.AutoTests" name="[51] /home/travis/build/icyphy/ptII/ptolemy/actor/lib/test/auto/Clock14.xml (RunModel)" time="0.021" />
  <testcase classname="ptolemy.util.test.junit.AutoTests" name="[52] /home/travis/build/icyphy/ptII/ptolemy/actor/lib/test/auto/Clock15.xml (RunModel)" time="0.084" />
  <testcase classname="ptolemy.util.test.junit.AutoTests" name="[53] /home/travis/build/icyphy/ptII/ptolemy/actor/lib/test/auto/Clock16.xml (RunModel)" time="0.086" />
  <testcase classname="ptolemy.util.test.junit.AutoTests" name="[54] /home/travis/build/icyphy/ptII/ptolemy/actor/lib/test/auto/Clock17.xml (RunModel)" time="0.064" />
  <testcase classname="ptolemy.util.test.junit.AutoTests" name="[55] /home/travis/build/icyphy/ptII/ptolemy/actor/lib/test/auto/Clock18.xml (RunModel)" time="0.052" />
  <testcase classname="ptolemy.util.test.junit.AutoTests" name="[56] /home/travis/build/icyphy/ptII/ptolemy/actor/lib/test/auto/Clock19.xml (RunModel)" time="0.037" />
  <testcase classname="ptolemy.util.test.junit.AutoTests" name="[57] /home/travis/build/icyphy/ptII/ptolemy/actor/lib/test/auto/Clock2.xml (RunModel)" time="0.012" />
  <testcase classname="ptolemy.util.test.junit.AutoTests" name="[58] /home/travis/build/icyphy/ptII/ptolemy/actor/lib/test/auto/Clock20.xml (RunModel)" time="0.02" />
  <testcase classname="ptolemy.util.test.junit.AutoTests" name="[59] /home/travis/build/icyphy/ptII/ptolemy/actor/lib/test/auto/Clock21.xml (RunModel)" time="0.013" />
  <testcase classname="ptolemy.util.test.junit.AutoTests" name="[60] /home/travis/build/icyphy/ptII/ptolemy/actor/lib/test/auto/Clock22.xml (RunModel)" time="0.013" />
  <testcase classname="ptolemy.util.test.junit.AutoTests" name="[61] /home/travis/build/icyphy/ptII/ptolemy/actor/lib/test/auto/Clock23.xml (RunModel)" time="0.019" />
  <testcase classname="ptolemy.util.test.junit.AutoTests" name="[62] /home/travis/build/icyphy/ptII/ptolemy/actor/lib/test/auto/Clock24.xml (RunModel)" time="0.013" />
  <testcase classname="ptolemy.util.test.junit.AutoTests" name="[63] /home/travis/build/icyphy/ptII/ptolemy/actor/lib/test/auto/Clock4.xml (RunModel)" time="0.009" />
  <testcase classname="ptolemy.util.test.junit.AutoTests" name="[64] /home/travis/build/icyphy/ptII/ptolemy/actor/lib/test/auto/Clock5.xml (RunModel)" time="0.015" />
  <testcase classname="ptolemy.util.test.junit.AutoTests" name="[65] /home/travis/build/icyphy/ptII/ptolemy/actor/lib/test/auto/Clock6.xml (RunModel)" time="0.012" />
  <testcase classname="ptolemy.util.test.junit.AutoTests" name="[66] /home/travis/build/icyphy/ptII/ptolemy/actor/lib/test/auto/Clock7.xml (RunModel)" time="0.009" />
  <testcase classname="ptolemy.util.test.junit.AutoTests" name="[67] /home/travis/build/icyphy/ptII/ptolemy/actor/lib/test/auto/Clock8.xml (RunModel)" time="0.013" />
  <testcase classname="ptolemy.util.test.junit.AutoTests" name="[68] /home/travis/build/icyphy/ptII/ptolemy/actor/lib/test/auto/Clock9.xml (RunModel)" time="0.013" />
  <testcase classname="ptolemy.util.test.junit.AutoTests" name="[69] /home/travis/build/icyphy/ptII/ptolemy/actor/lib/test/auto/CommDistDiscard.xml (RunModel)" time="0.02" />
  <testcase classname="ptolemy.util.test.junit.AutoTests" name="[70] /home/travis/build/icyphy/ptII/ptolemy/actor/lib/test/auto/Commutator.xml (RunModel)" time="0.014" />
  <testcase classname="ptolemy.util.test.junit.AutoTests" name="[71] /home/travis/build/icyphy/ptII/ptolemy/actor/lib/test/auto/Commutator2.xml (RunModel)" time="0.011" />
  <testcase classname="ptolemy.util.test.junit.AutoTests" name="[72] /home/travis/build/icyphy/ptII/ptolemy/actor/lib/test/auto/Commutator3.xml (RunModel)" time="0.011" />
  <testcase classname="ptolemy.util.test.junit.AutoTests" name="[73] /home/travis/build/icyphy/ptII/ptolemy/actor/lib/test/auto/Compare.xml (RunModel)" time="0.018" />
  <testcase classname="ptolemy.util.test.junit.AutoTests" name="[74] /home/travis/build/icyphy/ptII/ptolemy/actor/lib/test/auto/CompareDE.xml (RunModel)" time="0.02" />
  <testcase classname="ptolemy.util.test.junit.AutoTests" name="[75] /home/travis/build/icyphy/ptII/ptolemy/actor/lib/test/auto/ComplexDivide.xml (RunModel)" time="0.008" />
  <testcase classname="ptolemy.util.test.junit.AutoTests" name="[76] /home/travis/build/icyphy/ptII/ptolemy/actor/lib/test/auto/ComputeHistogram.xml (RunModel)" time="0.066" />
  <testcase classname="ptolemy.util.test.junit.AutoTests" name="[77] /home/travis/build/icyphy/ptII/ptolemy/actor/lib/test/auto/ConfigurationSelect.xml (RunModel)" time="0.019" />
  <testcase classname="ptolemy.util.test.junit.AutoTests" name="[78] /home/travis/build/icyphy/ptII/ptolemy/actor/lib/test/auto/ConfigurationSelect2.xml (RunModel)" time="0.017" />
  <testcase classname="ptolemy.util.test.junit.AutoTests" name="[79] /home/travis/build/icyphy/ptII/ptolemy/actor/lib/test/auto/ConfigurationSwitch.xml (RunModel)" time="0.032" />
  <testcase classname="ptolemy.util.test.junit.AutoTests" name="[80] /home/travis/build/icyphy/ptII/ptolemy/actor/lib/test/auto/ConfigurationSwitch2.xml (RunModel)" time="0.026" />
  <testcase classname="ptolemy.util.test.junit.AutoTests" name="[81] /home/travis/build/icyphy/ptII/ptolemy/actor/lib/test/auto/ConfigurationSwitchCloningBugWithClassRelationGroup.xml (RunModel)" time="0.025" />
  <testcase classname="ptolemy.util.test.junit.AutoTests" name="[82] /home/travis/build/icyphy/ptII/ptolemy/actor/lib/test/auto/ConfigurationSwitchSelectSDF.xml (RunModel)" time="0.019" />
  <testcase classname="ptolemy.util.test.junit.AutoTests" name="[83] /home/travis/build/icyphy/ptII/ptolemy/actor/lib/test/auto/ConfigurationSwitchSelectSDF2.xml (RunModel)" time="0.019" />
  <testcase classname="ptolemy.util.test.junit.AutoTests" name="[84] /home/travis/build/icyphy/ptII/ptolemy/actor/lib/test/auto/Const.xml (RunModel)" time="0.009" />
  <testcase classname="ptolemy.util.test.junit.AutoTests" name="[85] /home/travis/build/icyphy/ptII/ptolemy/actor/lib/test/auto/Const2.xml (RunModel)" time="0.01" />
  <testcase classname="ptolemy.util.test.junit.AutoTests" name="[86] /home/travis/build/icyphy/ptII/ptolemy/actor/lib/test/auto/Const3.xml (RunModel)" time="0.013" />
  <testcase classname="ptolemy.util.test.junit.AutoTests" name="[87] /home/travis/build/icyphy/ptII/ptolemy/actor/lib/test/auto/ConstantPublisherPort1.xml (RunModel)" time="0.026" />
  <testcase classname="ptolemy.util.test.junit.AutoTests" name="[88] /home/travis/build/icyphy/ptII/ptolemy/actor/lib/test/auto/ConstantPublisherPort2.xml (RunModel)" time="0.022" />
  <testcase classname="ptolemy.util.test.junit.AutoTests" name="[89] /home/travis/build/icyphy/ptII/ptolemy/actor/lib/test/auto/ConstantPublisherPort3.xml (RunModel)" time="0.021" />
  <testcase classname="ptolemy.util.test.junit.AutoTests" name="[90] /home/travis/build/icyphy/ptII/ptolemy/actor/lib/test/auto/ConstantPublisherPort4.xml (RunModel)" time="0.018" />
  <testcase classname="ptolemy.util.test.junit.AutoTests" name="[91] /home/travis/build/icyphy/ptII/ptolemy/actor/lib/test/auto/ConstantPublisherPort5.xml (RunModel)" time="0.045" />
  <testcase classname="ptolemy.util.test.junit.AutoTests" name="[92] /home/travis/build/icyphy/ptII/ptolemy/actor/lib/test/auto/ConstantPublisherPort6.xml (RunModel)" time="0.029" />
  <testcase classname="ptolemy.util.test.junit.AutoTests" name="[93] /home/travis/build/icyphy/ptII/ptolemy/actor/lib/test/auto/ConstantPublisherPort7.xml (RunModel)" time="0.037" />
  <testcase classname="ptolemy.util.test.junit.AutoTests" name="[94] /home/travis/build/icyphy/ptII/ptolemy/actor/lib/test/auto/ConstraintMonitor1.xml (RunModel)" time="0.039" />
  <testcase classname="ptolemy.util.test.junit.AutoTests" name="[95] /home/travis/build/icyphy/ptII/ptolemy/actor/lib/test/auto/ConstraintMonitor2.xml (RunModel)" time="0.012" />
  <testcase classname="ptolemy.util.test.junit.AutoTests" name="[96] /home/travis/build/icyphy/ptII/ptolemy/actor/lib/test/auto/ConstraintMonitor3.xml (RunModel)" time="0.014" />
  <testcase classname="ptolemy.util.test.junit.AutoTests" name="[97] /home/travis/build/icyphy/ptII/ptolemy/actor/lib/test/auto/ConstraintMonitor4.xml (RunModel)" time="0.014" />
  <testcase classname="ptolemy.util.test.junit.AutoTests" name="[98] /home/travis/build/icyphy/ptII/ptolemy/actor/lib/test/auto/ConstraintMonitor5.xml (RunModel)" time="0.011" />
  <testcase classname="ptolemy.util.test.junit.AutoTests" name="[99] /home/travis/build/icyphy/ptII/ptolemy/actor/lib/test/auto/ConstraintMonitor6.xml (RunModel)" time="0.016" />
  <testcase classname="ptolemy.util.test.junit.AutoTests" name="[100] /home/travis/build/icyphy/ptII/ptolemy/actor/lib/test/auto/ConstraintMonitor7.xml (RunModel)" time="0.019" />
  <testcase classname="ptolemy.util.test.junit.AutoTests" name="[101] /home/travis/build/icyphy/ptII/ptolemy/actor/lib/test/auto/ConstraintMonitor8.xml (RunModel)" time="0.019" />
  <testcase classname="ptolemy.util.test.junit.AutoTests" name="[102] /home/travis/build/icyphy/ptII/ptolemy/actor/lib/test/auto/Counter.xml (RunModel)" time="0.014" />
  <testcase classname="ptolemy.util.test.junit.AutoTests" name="[103] /home/travis/build/icyphy/ptII/ptolemy/actor/lib/test/auto/CurrentTimeSDF.xml (RunModel)" time="0.009" />
  <testcase classname="ptolemy.util.test.junit.AutoTests" name="[104] /home/travis/build/icyphy/ptII/ptolemy/actor/lib/test/auto/DB.xml (RunModel)" time="0.015" />
  <testcase classname="ptolemy.util.test.junit.AutoTests" name="[105] /home/travis/build/icyphy/ptII/ptolemy/actor/lib/test/auto/DBDE.xml (RunModel)" time="0.027" />
  <testcase classname="ptolemy.util.test.junit.AutoTests" name="[106] /home/travis/build/icyphy/ptII/ptolemy/actor/lib/test/auto/DateConstructor.xml (RunModel)" time="0.068" />
  <testcase classname="ptolemy.util.test.junit.AutoTests" name="[107] /home/travis/build/icyphy/ptII/ptolemy/actor/lib/test/auto/DelayTime.xml (RunModel)" time="0.016" />
  <testcase classname="ptolemy.util.test.junit.AutoTests" name="[108] /home/travis/build/icyphy/ptII/ptolemy/actor/lib/test/auto/Dictionary1.xml (RunModel)" time="0.016" />
  <testcase classname="ptolemy.util.test.junit.AutoTests" name="[109] /home/travis/build/icyphy/ptII/ptolemy/actor/lib/test/auto/Dictionary2.xml (RunModel)" time="0.015" />
  <testcase classname="ptolemy.util.test.junit.AutoTests" name="[110] /home/travis/build/icyphy/ptII/ptolemy/actor/lib/test/auto/Dictionary3.xml (RunModel)" time="0.014" />
  <testcase classname="ptolemy.util.test.junit.AutoTests" name="[111] /home/travis/build/icyphy/ptII/ptolemy/actor/lib/test/auto/Dictionary4.xml (RunModel)" time="0.022" />
  <testcase classname="ptolemy.util.test.junit.AutoTests" name="[112] /home/travis/build/icyphy/ptII/ptolemy/actor/lib/test/auto/Differential.xml (RunModel)" time="0.013" />
  <testcase classname="ptolemy.util.test.junit.AutoTests" name="[113] /home/travis/build/icyphy/ptII/ptolemy/actor/lib/test/auto/Director.xml (RunModel)" time="0.012" />
  <testcase classname="ptolemy.util.test.junit.AutoTests" name="[114] /home/travis/build/icyphy/ptII/ptolemy/actor/lib/test/auto/DiscreteClock.xml (RunModel)" time="0.009" />
  <testcase classname="ptolemy.util.test.junit.AutoTests" name="[115] /home/travis/build/icyphy/ptII/ptolemy/actor/lib/test/auto/DiscreteClock10.xml (RunModel)" time="0.014" />
  <testcase classname="ptolemy.util.test.junit.AutoTests" name="[116] /home/travis/build/icyphy/ptII/ptolemy/actor/lib/test/auto/DiscreteClock11.xml (RunModel)" time="0.012" />
  <testcase classname="ptolemy.util.test.junit.AutoTests" name="[117] /home/travis/build/icyphy/ptII/ptolemy/actor/lib/test/auto/DiscreteClock12.xml (RunModel)" time="0.014" />
  <testcase classname="ptolemy.util.test.junit.AutoTests" name="[118] /home/travis/build/icyphy/ptII/ptolemy/actor/lib/test/auto/DiscreteClock13.xml (RunModel)" time="0.017" />
  <testcase classname="ptolemy.util.test.junit.AutoTests" name="[119] /home/travis/build/icyphy/ptII/ptolemy/actor/lib/test/auto/DiscreteClock14.xml (RunModel)" time="0.014" />
  <testcase classname="ptolemy.util.test.junit.AutoTests" name="[120] /home/travis/build/icyphy/ptII/ptolemy/actor/lib/test/auto/DiscreteClock15.xml (RunModel)" time="0.018" />
  <testcase classname="ptolemy.util.test.junit.AutoTests" name="[121] /home/travis/build/icyphy/ptII/ptolemy/actor/lib/test/auto/DiscreteClock16.xml (RunModel)" time="0.07" />
  <testcase classname="ptolemy.util.test.junit.AutoTests" name="[122] /home/travis/build/icyphy/ptII/ptolemy/actor/lib/test/auto/DiscreteClock17.xml (RunModel)" time="0.044" />
  <testcase classname="ptolemy.util.test.junit.AutoTests" name="[123] /home/travis/build/icyphy/ptII/ptolemy/actor/lib/test/auto/DiscreteClock18.xml (RunModel)" time="0.038" />
  <testcase classname="ptolemy.util.test.junit.AutoTests" name="[124] /home/travis/build/icyphy/ptII/ptolemy/actor/lib/test/auto/DiscreteClock19.xml (RunModel)" time="0.042" />
  <testcase classname="ptolemy.util.test.junit.AutoTests" name="[125] /home/travis/build/icyphy/ptII/ptolemy/actor/lib/test/auto/DiscreteClock2.xml (RunModel)" time="0.007" />
  <testcase classname="ptolemy.util.test.junit.AutoTests" name="[126] /home/travis/build/icyphy/ptII/ptolemy/actor/lib/test/auto/DiscreteClock20.xml (RunModel)" time="0.011" />
  <testcase classname="ptolemy.util.test.junit.AutoTests" name="[127] /home/travis/build/icyphy/ptII/ptolemy/actor/lib/test/auto/DiscreteClock21.xml (RunModel)" time="0.014" />
  <testcase classname="ptolemy.util.test.junit.AutoTests" name="[128] /home/travis/build/icyphy/ptII/ptolemy/actor/lib/test/auto/DiscreteClock22.xml (RunModel)" time="0.013" />
  <testcase classname="ptolemy.util.test.junit.AutoTests" name="[129] /home/travis/build/icyphy/ptII/ptolemy/actor/lib/test/auto/DiscreteClock23.xml (RunModel)" time="0.012" />
  <testcase classname="ptolemy.util.test.junit.AutoTests" name="[130] /home/travis/build/icyphy/ptII/ptolemy/actor/lib/test/auto/DiscreteClock24.xml (RunModel)" time="0.012" />
  <testcase classname="ptolemy.util.test.junit.AutoTests" name="[131] /home/travis/build/icyphy/ptII/ptolemy/actor/lib/test/auto/DiscreteClock4.xml (RunModel)" time="0.011" />
  <testcase classname="ptolemy.util.test.junit.AutoTests" name="[132] /home/travis/build/icyphy/ptII/ptolemy/actor/lib/test/auto/DiscreteClock5.xml (RunModel)" time="0.013" />
  <testcase classname="ptolemy.util.test.junit.AutoTests" name="[133] /home/travis/build/icyphy/ptII/ptolemy/actor/lib/test/auto/DiscreteClock6.xml (RunModel)" time="0.01" />
  <testcase classname="ptolemy.util.test.junit.AutoTests" name="[134] /home/travis/build/icyphy/ptII/ptolemy/actor/lib/test/auto/DiscreteClock7.xml (RunModel)" time="0.009" />
  <testcase classname="ptolemy.util.test.junit.AutoTests" name="[135] /home/travis/build/icyphy/ptII/ptolemy/actor/lib/test/auto/DiscreteClock8.xml (RunModel)" time="0.028" />
  <testcase classname="ptolemy.util.test.junit.AutoTests" name="[136] /home/travis/build/icyphy/ptII/ptolemy/actor/lib/test/auto/DiscreteClock9.xml (RunModel)" time="0.012" />
  <testcase classname="ptolemy.util.test.junit.AutoTests" name="[137] /home/travis/build/icyphy/ptII/ptolemy/actor/lib/test/auto/DisplayArray.xml (RunModel)" time="0.008" />
  <testcase classname="ptolemy.util.test.junit.AutoTests" name="[138] /home/travis/build/icyphy/ptII/ptolemy/actor/lib/test/auto/Distributor.xml (RunModel)" time="0.009" />
  <testcase classname="ptolemy.util.test.junit.AutoTests" name="[139] /home/travis/build/icyphy/ptII/ptolemy/actor/lib/test/auto/Distributor2.xml (RunModel)" time="0.01" />
  <testcase classname="ptolemy.util.test.junit.AutoTests" name="[140] /home/travis/build/icyphy/ptII/ptolemy/actor/lib/test/auto/DownSample.xml (RunModel)" time="0.009" />
  <testcase classname="ptolemy.util.test.junit.AutoTests" name="[141] /home/travis/build/icyphy/ptII/ptolemy/actor/lib/test/auto/ElectronicUnitBase1.xml (RunModel)" time="0.059" />
  <testcase classname="ptolemy.util.test.junit.AutoTests" name="[142] /home/travis/build/icyphy/ptII/ptolemy/actor/lib/test/auto/ElementsToArray.xml (RunModel)" time="0.009" />
  <testcase classname="ptolemy.util.test.junit.AutoTests" name="[143] /home/travis/build/icyphy/ptII/ptolemy/actor/lib/test/auto/Equals.xml (RunModel)" time="0.014" />
  <testcase classname="ptolemy.util.test.junit.AutoTests" name="[144] /home/travis/build/icyphy/ptII/ptolemy/actor/lib/test/auto/Exec.xml (RunModel)" time="0.024" />
  <testcase classname="ptolemy.util.test.junit.AutoTests" name="[145] /home/travis/build/icyphy/ptII/ptolemy/actor/lib/test/auto/ExecEnvironment.xml (RunModel)" time="0.036" />
  <testcase classname="ptolemy.util.test.junit.AutoTests" name="[146] /home/travis/build/icyphy/ptII/ptolemy/actor/lib/test/auto/ExecNonZeroReturnOutput.xml (RunModel)" time="0.186" />
  <testcase classname="ptolemy.util.test.junit.AutoTests" name="[147] /home/travis/build/icyphy/ptII/ptolemy/actor/lib/test/auto/ExecRunDemos.xml (RunModel)" time="10.111" />
  <testcase classname="ptolemy.util.test.junit.AutoTests" name="[148] /home/travis/build/icyphy/ptII/ptolemy/actor/lib/test/auto/ExecStop.xml (RunModel)" time="5.03" />
  <testcase classname="ptolemy.util.test.junit.AutoTests" name="[149] /home/travis/build/icyphy/ptII/ptolemy/actor/lib/test/auto/ExecutionTimeSDF.xml (RunModel)" time="6.037" />
  <testcase classname="ptolemy.util.test.junit.AutoTests" name="[150] /home/travis/build/icyphy/ptII/ptolemy/actor/lib/test/auto/Expression1.xml (RunModel)" time="0.012" />
  <testcase classname="ptolemy.util.test.junit.AutoTests" name="[151] /home/travis/build/icyphy/ptII/ptolemy/actor/lib/test/auto/Expression10.xml (RunModel)" time="0.013" />
  <testcase classname="ptolemy.util.test.junit.AutoTests" name="[152] /home/travis/build/icyphy/ptII/ptolemy/actor/lib/test/auto/Expression11.xml (RunModel)" time="0.01" />
  <testcase classname="ptolemy.util.test.junit.AutoTests" name="[153] /home/travis/build/icyphy/ptII/ptolemy/actor/lib/test/auto/Expression12.xml (RunModel)" time="0.011" />
  <testcase classname="ptolemy.util.test.junit.AutoTests" name="[154] /home/travis/build/icyphy/ptII/ptolemy/actor/lib/test/auto/Expression13.xml (RunModel)" time="0.009" />
  <testcase classname="ptolemy.util.test.junit.AutoTests" name="[155] /home/travis/build/icyphy/ptII/ptolemy/actor/lib/test/auto/Expression14.xml (RunModel)" time="0.013" />
  <testcase classname="ptolemy.util.test.junit.AutoTests" name="[156] /home/travis/build/icyphy/ptII/ptolemy/actor/lib/test/auto/Expression15.xml (RunModel)" time="0.007" />
  <testcase classname="ptolemy.util.test.junit.AutoTests" name="[157] /home/travis/build/icyphy/ptII/ptolemy/actor/lib/test/auto/Expression16.xml (RunModel)" time="0.01" />
  <testcase classname="ptolemy.util.test.junit.AutoTests" name="[158] /home/travis/build/icyphy/ptII/ptolemy/actor/lib/test/auto/Expression17.xml (RunModel)" time="0.011" />
  <testcase classname="ptolemy.util.test.junit.AutoTests" name="[159] /home/travis/build/icyphy/ptII/ptolemy/actor/lib/test/auto/Expression18.xml (RunModel)" time="0.013" />
  <testcase classname="ptolemy.util.test.junit.AutoTests" name="[160] /home/travis/build/icyphy/ptII/ptolemy/actor/lib/test/auto/Expression2.xml (RunModel)" time="0.011" />
  <testcase classname="ptolemy.util.test.junit.AutoTests" name="[161] /home/travis/build/icyphy/ptII/ptolemy/actor/lib/test/auto/Expression3.xml (RunModel)" time="0.012" />
  <testcase classname="ptolemy.util.test.junit.AutoTests" name="[162] /home/travis/build/icyphy/ptII/ptolemy/actor/lib/test/auto/Expression4.xml (RunModel)" time="0.018" />
  <testcase classname="ptolemy.util.test.junit.AutoTests" name="[163] /home/travis/build/icyphy/ptII/ptolemy/actor/lib/test/auto/Expression5.xml (RunModel)" time="0.011" />
  <testcase classname="ptolemy.util.test.junit.AutoTests" name="[164] /home/travis/build/icyphy/ptII/ptolemy/actor/lib/test/auto/Expression6.xml (RunModel)" time="0.008" />
  <testcase classname="ptolemy.util.test.junit.AutoTests" name="[165] /home/travis/build/icyphy/ptII/ptolemy/actor/lib/test/auto/Expression7.xml (RunModel)" time="0.01" />
  <testcase classname="ptolemy.util.test.junit.AutoTests" name="[166] /home/travis/build/icyphy/ptII/ptolemy/actor/lib/test/auto/Expression8.xml (RunModel)" time="0.012" />
  <testcase classname="ptolemy.util.test.junit.AutoTests" name="[167] /home/travis/build/icyphy/ptII/ptolemy/actor/lib/test/auto/Expression9.xml (RunModel)" time="0.007" />
  <testcase classname="ptolemy.util.test.junit.AutoTests" name="[168] /home/travis/build/icyphy/ptII/ptolemy/actor/lib/test/auto/ExpressionConcatenateArrayType.xml (RunModel)" time="0.037" />
  <testcase classname="ptolemy.util.test.junit.AutoTests" name="[169] /home/travis/build/icyphy/ptII/ptolemy/actor/lib/test/auto/ExpressionConcatenateArrayType2.xml (RunModel)" time="0.019" />
  <testcase classname="ptolemy.util.test.junit.AutoTests" name="[170] /home/travis/build/icyphy/ptII/ptolemy/actor/lib/test/auto/ExpressionFix.xml (RunModel)" time="0.06" />
  <testcase classname="ptolemy.util.test.junit.AutoTests" name="[171] /home/travis/build/icyphy/ptII/ptolemy/actor/lib/test/auto/ExpressionFix2.xml (RunModel)" time="0.018" />
  <testcase classname="ptolemy.util.test.junit.AutoTests" name="[172] /home/travis/build/icyphy/ptII/ptolemy/actor/lib/test/auto/ExpressionFix3.xml (RunModel)" time="0.014" />
  <testcase classname="ptolemy.util.test.junit.AutoTests" name="[173] /home/travis/build/icyphy/ptII/ptolemy/actor/lib/test/auto/FileWriter1.xml (RunModel)" time="0.009" />
  <testcase classname="ptolemy.util.test.junit.AutoTests" name="[174] /home/travis/build/icyphy/ptII/ptolemy/actor/lib/test/auto/FileWriter2.xml (RunModel)" time="0.015" />
  <testcase classname="ptolemy.util.test.junit.AutoTests" name="[175] /home/travis/build/icyphy/ptII/ptolemy/actor/lib/test/auto/FileWriter3.xml (RunModel)" time="0.011" />
  <testcase classname="ptolemy.util.test.junit.AutoTests" name="[176] /home/travis/build/icyphy/ptII/ptolemy/actor/lib/test/auto/Gaussian.xml (RunModel)" time="0.01" />
  <testcase classname="ptolemy.util.test.junit.AutoTests" name="[177] /home/travis/build/icyphy/ptII/ptolemy/actor/lib/test/auto/Gaussian1.xml (RunModel)" time="0.018" />
  <testcase classname="ptolemy.util.test.junit.AutoTests" name="[178] /home/travis/build/icyphy/ptII/ptolemy/actor/lib/test/auto/Gaussian2.xml (RunModel)" time="0.016" />
  <testcase classname="ptolemy.util.test.junit.AutoTests" name="[179] /home/travis/build/icyphy/ptII/ptolemy/actor/lib/test/auto/GradientAdaptiveLattice.xml (RunModel)" time="0.013" />
  <testcase classname="ptolemy.util.test.junit.AutoTests" name="[180] /home/travis/build/icyphy/ptII/ptolemy/actor/lib/test/auto/IIR.xml (RunModel)" time="0.01" />
  <testcase classname="ptolemy.util.test.junit.AutoTests" name="[181] /home/travis/build/icyphy/ptII/ptolemy/actor/lib/test/auto/InputOutputTransparentPorts.xml (RunModel)" time="0.015" />
  <testcase classname="ptolemy.util.test.junit.AutoTests" name="[182] /home/travis/build/icyphy/ptII/ptolemy/actor/lib/test/auto/Interpolator.xml (RunModel)" time="0.01" />
  <testcase classname="ptolemy.util.test.junit.AutoTests" name="[183] /home/travis/build/icyphy/ptII/ptolemy/actor/lib/test/auto/InterpolatorFiringLimitDE.xml (RunModel)" time="0.012" />
  <testcase classname="ptolemy.util.test.junit.AutoTests" name="[184] /home/travis/build/icyphy/ptII/ptolemy/actor/lib/test/auto/Lattice.xml (RunModel)" time="0.007" />
  <testcase classname="ptolemy.util.test.junit.AutoTests" name="[185] /home/travis/build/icyphy/ptII/ptolemy/actor/lib/test/auto/LazyAOCTestLazy.xml (RunModel)" time="0.02" />
  <testcase classname="ptolemy.util.test.junit.AutoTests" name="[186] /home/travis/build/icyphy/ptII/ptolemy/actor/lib/test/auto/LazyAOCTestNonLazy.xml (RunModel)" time="0.029" />
  <testcase classname="ptolemy.util.test.junit.AutoTests" name="[187] /home/travis/build/icyphy/ptII/ptolemy/actor/lib/test/auto/LazyInnerClass.xml (RunModel)" time="0.051" />
  <testcase classname="ptolemy.util.test.junit.AutoTests" name="[188] /home/travis/build/icyphy/ptII/ptolemy/actor/lib/test/auto/LazyPubSub.xml (RunModel)" time="0.063" />
  <testcase classname="ptolemy.util.test.junit.AutoTests" name="[189] /home/travis/build/icyphy/ptII/ptolemy/actor/lib/test/auto/LazyPubSub2.xml (RunModel)" time="0.022" />
  <testcase classname="ptolemy.util.test.junit.AutoTests" name="[190] /home/travis/build/icyphy/ptII/ptolemy/actor/lib/test/auto/LazyPubSub3.xml (RunModel)" time="0.02" />
  <testcase classname="ptolemy.util.test.junit.AutoTests" name="[191] /home/travis/build/icyphy/ptII/ptolemy/actor/lib/test/auto/LazySubClassModel.xml (RunModel)" time="0.017" />
  <testcase classname="ptolemy.util.test.junit.AutoTests" name="[192] /home/travis/build/icyphy/ptII/ptolemy/actor/lib/test/auto/LevelCrossTest1.xml (RunModel)" time="0.008" />
  <testcase classname="ptolemy.util.test.junit.AutoTests" name="[193] /home/travis/build/icyphy/ptII/ptolemy/actor/lib/test/auto/LevelCrossTest10.xml (RunModel)" time="0.012" />
  <testcase classname="ptolemy.util.test.junit.AutoTests" name="[194] /home/travis/build/icyphy/ptII/ptolemy/actor/lib/test/auto/LevelCrossTest11.xml (RunModel)" time="0.011" />
  <testcase classname="ptolemy.util.test.junit.AutoTests" name="[195] /home/travis/build/icyphy/ptII/ptolemy/actor/lib/test/auto/LevelCrossTest12.xml (RunModel)" time="0.011" />
  <testcase classname="ptolemy.util.test.junit.AutoTests" name="[196] /home/travis/build/icyphy/ptII/ptolemy/actor/lib/test/auto/LevelCrossTest13.xml (RunModel)" time="0.011" />
  <testcase classname="ptolemy.util.test.junit.AutoTests" name="[197] /home/travis/build/icyphy/ptII/ptolemy/actor/lib/test/auto/LevelCrossTest2.xml (RunModel)" time="0.008" />
  <testcase classname="ptolemy.util.test.junit.AutoTests" name="[198] /home/travis/build/icyphy/ptII/ptolemy/actor/lib/test/auto/LevelCrossTest3.xml (RunModel)" time="0.009" />
  <testcase classname="ptolemy.util.test.junit.AutoTests" name="[199] /home/travis/build/icyphy/ptII/ptolemy/actor/lib/test/auto/LevelCrossTest4.xml (RunModel)" time="0.009" />
  <testcase classname="ptolemy.util.test.junit.AutoTests" name="[200] /home/travis/build/icyphy/ptII/ptolemy/actor/lib/test/auto/LevelCrossTest5.xml (RunModel)" time="0.013" />
  <testcase classname="ptolemy.util.test.junit.AutoTests" name="[201] /home/travis/build/icyphy/ptII/ptolemy/actor/lib/test/auto/LevelCrossTest6.xml (RunModel)" time="0.011" />
  <testcase classname="ptolemy.util.test.junit.AutoTests" name="[202] /home/travis/build/icyphy/ptII/ptolemy/actor/lib/test/auto/LevelCrossTest7.xml (RunModel)" time="0.018" />
  <testcase classname="ptolemy.util.test.junit.AutoTests" name="[203] /home/travis/build/icyphy/ptII/ptolemy/actor/lib/test/auto/LevelCrossTest8.xml (RunModel)" time="0.012" />
  <testcase classname="ptolemy.util.test.junit.AutoTests" name="[204] /home/travis/build/icyphy/ptII/ptolemy/actor/lib/test/auto/LevelCrossTest9.xml (RunModel)" time="0.011" />
  <testcase classname="ptolemy.util.test.junit.AutoTests" name="[205] /home/travis/build/icyphy/ptII/ptolemy/actor/lib/test/auto/LevinsonDurbin.xml (RunModel)" time="0.009" />
  <testcase classname="ptolemy.util.test.junit.AutoTests" name="[206] /home/travis/build/icyphy/ptII/ptolemy/actor/lib/test/auto/LevinsonDurbin2.xml (RunModel)" time="0.008" />
  <testcase classname="ptolemy.util.test.junit.AutoTests" name="[207] /home/travis/build/icyphy/ptII/ptolemy/actor/lib/test/auto/LevinsonDurbin3.xml (RunModel)" time="0.01" />
  <testcase classname="ptolemy.util.test.junit.AutoTests" name="[208] /home/travis/build/icyphy/ptII/ptolemy/actor/lib/test/auto/Limiter.xml (RunModel)" time="0.047" />
  <testcase classname="ptolemy.util.test.junit.AutoTests" name="[209] /home/travis/build/icyphy/ptII/ptolemy/actor/lib/test/auto/LinearDifferenceEquationSystem.xml (RunModel)" time="0.023" />
  <testcase classname="ptolemy.util.test.junit.AutoTests" name="[210] /home/travis/build/icyphy/ptII/ptolemy/actor/lib/test/auto/LookupTable.xml (RunModel)" time="0.008" />
  <testcase classname="ptolemy.util.test.junit.AutoTests" name="[211] /home/travis/build/icyphy/ptII/ptolemy/actor/lib/test/auto/MathFunction.xml (RunModel)" time="0.015" />
  <testcase classname="ptolemy.util.test.junit.AutoTests" name="[212] /home/travis/build/icyphy/ptII/ptolemy/actor/lib/test/auto/MathFunction2.xml (RunModel)" time="0.011" />
  <testcase classname="ptolemy.util.test.junit.AutoTests" name="[213] /home/travis/build/icyphy/ptII/ptolemy/actor/lib/test/auto/MathFunction3.xml (RunModel)" time="0.018" />
  <testcase classname="ptolemy.util.test.junit.AutoTests" name="[214] /home/travis/build/icyphy/ptII/ptolemy/actor/lib/test/auto/MatrixCropBoolean.xml (RunModel)" time="0.015" />
  <testcase classname="ptolemy.util.test.junit.AutoTests" name="[215] /home/travis/build/icyphy/ptII/ptolemy/actor/lib/test/auto/MatrixCropComplex.xml (RunModel)" time="0.007" />
  <testcase classname="ptolemy.util.test.junit.AutoTests" name="[216] /home/travis/build/icyphy/ptII/ptolemy/actor/lib/test/auto/MatrixCropDouble.xml (RunModel)" time="0.008" />
  <testcase classname="ptolemy.util.test.junit.AutoTests" name="[217] /home/travis/build/icyphy/ptII/ptolemy/actor/lib/test/auto/MatrixCropFix.xml (RunModel)" time="0.011" />
  <testcase classname="ptolemy.util.test.junit.AutoTests" name="[218] /home/travis/build/icyphy/ptII/ptolemy/actor/lib/test/auto/MatrixCropInt.xml (RunModel)" time="0.008" />
  <testcase classname="ptolemy.util.test.junit.AutoTests" name="[219] /home/travis/build/icyphy/ptII/ptolemy/actor/lib/test/auto/MatrixCropLong.xml (RunModel)" time="0.007" />
  <testcase classname="ptolemy.util.test.junit.AutoTests" name="[220] /home/travis/build/icyphy/ptII/ptolemy/actor/lib/test/auto/MatrixToArray.xml (RunModel)" time="0.055" />
  <testcase classname="ptolemy.util.test.junit.AutoTests" name="[221] /home/travis/build/icyphy/ptII/ptolemy/actor/lib/test/auto/MaxIndex.xml (RunModel)" time="0.012" />
  <testcase classname="ptolemy.util.test.junit.AutoTests" name="[222] /home/travis/build/icyphy/ptII/ptolemy/actor/lib/test/auto/Maximum.xml (RunModel)" time="0.011" />
  <testcase classname="ptolemy.util.test.junit.AutoTests" name="[223] /home/travis/build/icyphy/ptII/ptolemy/actor/lib/test/auto/MaximumComplex.xml (RunModel)" time="0.012" />
  <testcase classname="ptolemy.util.test.junit.AutoTests" name="[224] /home/travis/build/icyphy/ptII/ptolemy/actor/lib/test/auto/MethodCallTest.xml (RunModel)" time="0.022" />
  <testcase classname="ptolemy.util.test.junit.AutoTests" name="[225] /home/travis/build/icyphy/ptII/ptolemy/actor/lib/test/auto/Minimum.xml (RunModel)" time="0.013" />
  <testcase classname="ptolemy.util.test.junit.AutoTests" name="[226] /home/travis/build/icyphy/ptII/ptolemy/actor/lib/test/auto/MinimumComplex.xml (RunModel)" time="0.022" />
  <testcase classname="ptolemy.util.test.junit.AutoTests" name="[227] /home/travis/build/icyphy/ptII/ptolemy/actor/lib/test/auto/MinimumMultiports.xml (RunModel)" time="0.041" />
  <testcase classname="ptolemy.util.test.junit.AutoTests" name="[228] /home/travis/build/icyphy/ptII/ptolemy/actor/lib/test/auto/ModifyDate.xml (RunModel)" time="0.04" />
  <testcase classname="ptolemy.util.test.junit.AutoTests" name="[229] /home/travis/build/icyphy/ptII/ptolemy/actor/lib/test/auto/ModifyDate2.xml (RunModel)" time="0.026" />
  <testcase classname="ptolemy.util.test.junit.AutoTests" name="[230] /home/travis/build/icyphy/ptII/ptolemy/actor/lib/test/auto/MovingAverage.xml (RunModel)" time="0.011" />
  <testcase classname="ptolemy.util.test.junit.AutoTests" name="[231] /home/travis/build/icyphy/ptII/ptolemy/actor/lib/test/auto/MovingMaximum.xml (RunModel)" time="0.017" />
  <testcase classname="ptolemy.util.test.junit.AutoTests" name="[232] /home/travis/build/icyphy/ptII/ptolemy/actor/lib/test/auto/MultipleLinksToSameRelation.xml (RunModel)" time="0.007" />
  <testcase classname="ptolemy.util.test.junit.AutoTests" name="[233] /home/travis/build/icyphy/ptII/ptolemy/actor/lib/test/auto/MultipleLinksToSameRelationDE.xml (RunModel)" time="0.007" />
  <testcase classname="ptolemy.util.test.junit.AutoTests" name="[234] /home/travis/build/icyphy/ptII/ptolemy/actor/lib/test/auto/Multiplexor.xml (RunModel)" time="0.009" />
  <testcase classname="ptolemy.util.test.junit.AutoTests" name="[235] /home/travis/build/icyphy/ptII/ptolemy/actor/lib/test/auto/Multiplexor1.xml (RunModel)" time="0.009" />
  <testcase classname="ptolemy.util.test.junit.AutoTests" name="[236] /home/travis/build/icyphy/ptII/ptolemy/actor/lib/test/auto/Multiplexor2.xml (RunModel)" time="0.014" />
  <testcase classname="ptolemy.util.test.junit.AutoTests" name="[237] /home/travis/build/icyphy/ptII/ptolemy/actor/lib/test/auto/Multiplexor3.xml (RunModel)" time="0.008" />
  <testcase classname="ptolemy.util.test.junit.AutoTests" name="[238] /home/travis/build/icyphy/ptII/ptolemy/actor/lib/test/auto/MultiplexorDE.xml (RunModel)" time="0.016" />
  <testcase classname="ptolemy.util.test.junit.AutoTests" name="[239] /home/travis/build/icyphy/ptII/ptolemy/actor/lib/test/auto/MultiportBroadcastTest.xml (RunModel)" time="0.091" />
  <testcase classname="ptolemy.util.test.junit.AutoTests" name="[240] /home/travis/build/icyphy/ptII/ptolemy/actor/lib/test/auto/MultiportOutHangDuringGetWidth.xml (RunModel)" time="0.029" />
  <testcase classname="ptolemy.util.test.junit.AutoTests" name="[241] /home/travis/build/icyphy/ptII/ptolemy/actor/lib/test/auto/NilToken.xml (RunModel)" time="0.011" />
  <testcase classname="ptolemy.util.test.junit.AutoTests" name="[242] /home/travis/build/icyphy/ptII/ptolemy/actor/lib/test/auto/NilTokenNonStrictTest.xml (RunModel)" time="0.011" />
  <testcase classname="ptolemy.util.test.junit.AutoTests" name="[243] /home/travis/build/icyphy/ptII/ptolemy/actor/lib/test/auto/NilTokenRecord.xml (RunModel)" time="0.025" />
  <testcase classname="ptolemy.util.test.junit.AutoTests" name="[244] /home/travis/build/icyphy/ptII/ptolemy/actor/lib/test/auto/NilTokenTypeTest.xml (RunModel)" time="0.03" />
  <testcase classname="ptolemy.util.test.junit.AutoTests" name="[245] /home/travis/build/icyphy/ptII/ptolemy/actor/lib/test/auto/ObjectToken1.xml (RunModel)" time="0.01" />
  <testcase classname="ptolemy.util.test.junit.AutoTests" name="[246] /home/travis/build/icyphy/ptII/ptolemy/actor/lib/test/auto/OrderedMerge.xml (RunModel)" time="0.02" />
  <testcase classname="ptolemy.util.test.junit.AutoTests" name="[247] /home/travis/build/icyphy/ptII/ptolemy/actor/lib/test/auto/OrderedRecordDisassembler.xml (RunModel)" time="0.017" />
  <testcase classname="ptolemy.util.test.junit.AutoTests" name="[248] /home/travis/build/icyphy/ptII/ptolemy/actor/lib/test/auto/OrderedRecordDisassembler2.xml (RunModel)" time="0.017" />
  <testcase classname="ptolemy.util.test.junit.AutoTests" name="[249] /home/travis/build/icyphy/ptII/ptolemy/actor/lib/test/auto/OrderedRecordUpdater.xml (RunModel)" time="0.009" />
  <testcase classname="ptolemy.util.test.junit.AutoTests" name="[250] /home/travis/build/icyphy/ptII/ptolemy/actor/lib/test/auto/OrderedRecordUpdater2.xml (RunModel)" time="0.016" />
  <testcase classname="ptolemy.util.test.junit.AutoTests" name="[251] /home/travis/build/icyphy/ptII/ptolemy/actor/lib/test/auto/PhaseUnwrap.xml (RunModel)" time="0.012" />
  <testcase classname="ptolemy.util.test.junit.AutoTests" name="[252] /home/travis/build/icyphy/ptII/ptolemy/actor/lib/test/auto/PoissonClock.xml (RunModel)" time="0.009" />
  <testcase classname="ptolemy.util.test.junit.AutoTests" name="[253] /home/travis/build/icyphy/ptII/ptolemy/actor/lib/test/auto/PoissonClock2.xml (RunModel)" time="0.007" />
  <testcase classname="ptolemy.util.test.junit.AutoTests" name="[254] /home/travis/build/icyphy/ptII/ptolemy/actor/lib/test/auto/PoissonClock3.xml (RunModel)" time="0.021" />
  <testcase classname="ptolemy.util.test.junit.AutoTests" name="[255] /home/travis/build/icyphy/ptII/ptolemy/actor/lib/test/auto/PubSubWithInitialTokens.xml (RunModel)" time="0.014" />
  <testcase classname="ptolemy.util.test.junit.AutoTests" name="[256] /home/travis/build/icyphy/ptII/ptolemy/actor/lib/test/auto/PubSubWithInitialTokens2.xml (RunModel)" time="0.009" />
  <testcase classname="ptolemy.util.test.junit.AutoTests" name="[257] /home/travis/build/icyphy/ptII/ptolemy/actor/lib/test/auto/PublisherClassNoParameter.xml (RunModel)" time="0.021" />
  <testcase classname="ptolemy.util.test.junit.AutoTests" name="[258] /home/travis/build/icyphy/ptII/ptolemy/actor/lib/test/auto/PublisherClassParameter.xml (RunModel)" time="0.02" />
  <testcase classname="ptolemy.util.test.junit.AutoTests" name="[259] /home/travis/build/icyphy/ptII/ptolemy/actor/lib/test/auto/PublisherNonStrictTest.xml (RunModel)" time="0.015" />
  <testcase classname="ptolemy.util.test.junit.AutoTests" name="[260] /home/travis/build/icyphy/ptII/ptolemy/actor/lib/test/auto/PublisherPort1.xml (RunModel)" time="0.02" />
  <testcase classname="ptolemy.util.test.junit.AutoTests" name="[261] /home/travis/build/icyphy/ptII/ptolemy/actor/lib/test/auto/PublisherPort2.xml (RunModel)" time="0.011" />
  <testcase classname="ptolemy.util.test.junit.AutoTests" name="[262] /home/travis/build/icyphy/ptII/ptolemy/actor/lib/test/auto/PublisherPort3.xml (RunModel)" time="0.013" />
  <testcase classname="ptolemy.util.test.junit.AutoTests" name="[263] /home/travis/build/icyphy/ptII/ptolemy/actor/lib/test/auto/PublisherPort4.xml (RunModel)" time="0.009" />
  <testcase classname="ptolemy.util.test.junit.AutoTests" name="[264] /home/travis/build/icyphy/ptII/ptolemy/actor/lib/test/auto/PublisherPort5.xml (RunModel)" time="0.011" />
  <testcase classname="ptolemy.util.test.junit.AutoTests" name="[265] /home/travis/build/icyphy/ptII/ptolemy/actor/lib/test/auto/PublisherPort5LookAlike.xml (RunModel)" time="0.011" />
  <testcase classname="ptolemy.util.test.junit.AutoTests" name="[266] /home/travis/build/icyphy/ptII/ptolemy/actor/lib/test/auto/PublisherPort6.xml (RunModel)" time="0.009" />
  <testcase classname="ptolemy.util.test.junit.AutoTests" name="[267] /home/travis/build/icyphy/ptII/ptolemy/actor/lib/test/auto/PublisherPort7.xml (RunModel)" time="0.011" />
  <testcase classname="ptolemy.util.test.junit.AutoTests" name="[268] /home/travis/build/icyphy/ptII/ptolemy/actor/lib/test/auto/PublisherPort8.xml (RunModel)" time="0.013" />
  <testcase classname="ptolemy.util.test.junit.AutoTests" name="[269] /home/travis/build/icyphy/ptII/ptolemy/actor/lib/test/auto/PublisherPortSubscriberChannelVariablesAOC2.xml (RunModel)" time="0.036" />
  <testcase classname="ptolemy.util.test.junit.AutoTests" name="[270] /home/travis/build/icyphy/ptII/ptolemy/actor/lib/test/auto/PublisherPortSubscriberOpaqueWidthInference.xml (RunModel)" time="0.012" />
  <testcase classname="ptolemy.util.test.junit.AutoTests" name="[271] /home/travis/build/icyphy/ptII/ptolemy/actor/lib/test/auto/PublisherPortSubscriberPortAdjacent.xml (RunModel)" time="0.015" />
  <testcase classname="ptolemy.util.test.junit.AutoTests" name="[272] /home/travis/build/icyphy/ptII/ptolemy/actor/lib/test/auto/PublisherPortSubscriberPortExpression.xml (RunModel)" time="0.014" />
  <testcase classname="ptolemy.util.test.junit.AutoTests" name="[273] /home/travis/build/icyphy/ptII/ptolemy/actor/lib/test/auto/PublisherPortSubscriberPortOpaqueD3Reverse.xml (RunModel)" time="0.033" />
  <testcase classname="ptolemy.util.test.junit.AutoTests" name="[274] /home/travis/build/icyphy/ptII/ptolemy/actor/lib/test/auto/PublisherPortSubscriberPortOpaqueWidthInference.xml (RunModel)" time="0.032" />
  <testcase classname="ptolemy.util.test.junit.AutoTests" name="[275] /home/travis/build/icyphy/ptII/ptolemy/actor/lib/test/auto/PublisherPortToplevelSubscriberPortAOC.xml (RunModel)" time="0.01" />
  <testcase classname="ptolemy.util.test.junit.AutoTests" name="[276] /home/travis/build/icyphy/ptII/ptolemy/actor/lib/test/auto/PublisherSubscriber.xml (RunModel)" time="0.011" />
  <testcase classname="ptolemy.util.test.junit.AutoTests" name="[277] /home/travis/build/icyphy/ptII/ptolemy/actor/lib/test/auto/PublisherSubscriber10.xml (RunModel)" time="0.022" />
  <testcase classname="ptolemy.util.test.junit.AutoTests" name="[278] /home/travis/build/icyphy/ptII/ptolemy/actor/lib/test/auto/PublisherSubscriber10InitialOutputs.xml (RunModel)" time="0.028" />
  <testcase classname="ptolemy.util.test.junit.AutoTests" name="[279] /home/travis/build/icyphy/ptII/ptolemy/actor/lib/test/auto/PublisherSubscriber11.xml (RunModel)" time="0.035" />
  <testcase classname="ptolemy.util.test.junit.AutoTests" name="[280] /home/travis/build/icyphy/ptII/ptolemy/actor/lib/test/auto/PublisherSubscriber12.xml (RunModel)" time="0.013" />
  <testcase classname="ptolemy.util.test.junit.AutoTests" name="[281] /home/travis/build/icyphy/ptII/ptolemy/actor/lib/test/auto/PublisherSubscriber13.xml (RunModel)" time="0.011" />
  <testcase classname="ptolemy.util.test.junit.AutoTests" name="[282] /home/travis/build/icyphy/ptII/ptolemy/actor/lib/test/auto/PublisherSubscriber14.xml (RunModel)" time="0.017" />
  <testcase classname="ptolemy.util.test.junit.AutoTests" name="[283] /home/travis/build/icyphy/ptII/ptolemy/actor/lib/test/auto/PublisherSubscriber2.xml (RunModel)" time="0.01" />
  <testcase classname="ptolemy.util.test.junit.AutoTests" name="[284] /home/travis/build/icyphy/ptII/ptolemy/actor/lib/test/auto/PublisherSubscriber3.xml (RunModel)" time="0.008" />
  <testcase classname="ptolemy.util.test.junit.AutoTests" name="[285] /home/travis/build/icyphy/ptII/ptolemy/actor/lib/test/auto/PublisherSubscriber4.xml (RunModel)" time="0.007" />
  <testcase classname="ptolemy.util.test.junit.AutoTests" name="[286] /home/travis/build/icyphy/ptII/ptolemy/actor/lib/test/auto/PublisherSubscriber5.xml (RunModel)" time="0.01" />
  <testcase classname="ptolemy.util.test.junit.AutoTests" name="[287] /home/travis/build/icyphy/ptII/ptolemy/actor/lib/test/auto/PublisherSubscriber6.xml (RunModel)" time="0.013" />
  <testcase classname="ptolemy.util.test.junit.AutoTests" name="[288] /home/travis/build/icyphy/ptII/ptolemy/actor/lib/test/auto/PublisherSubscriber7.xml (RunModel)" time="0.015" />
  <testcase classname="ptolemy.util.test.junit.AutoTests" name="[289] /home/travis/build/icyphy/ptII/ptolemy/actor/lib/test/auto/PublisherSubscriber8.xml (RunModel)" time="0.027" />
  <testcase classname="ptolemy.util.test.junit.AutoTests" name="[290] /home/travis/build/icyphy/ptII/ptolemy/actor/lib/test/auto/PublisherSubscriber9.xml (RunModel)" time="0.015" />
  <testcase classname="ptolemy.util.test.junit.AutoTests" name="[291] /home/travis/build/icyphy/ptII/ptolemy/actor/lib/test/auto/PublisherSubscriberAdjacent.xml (RunModel)" time="0.015" />
  <testcase classname="ptolemy.util.test.junit.AutoTests" name="[292] /home/travis/build/icyphy/ptII/ptolemy/actor/lib/test/auto/PublisherSubscriberChannelVariablesAOC2.xml (RunModel)" time="0.026" />
  <testcase classname="ptolemy.util.test.junit.AutoTests" name="[293] /home/travis/build/icyphy/ptII/ptolemy/actor/lib/test/auto/PublisherSubscriberD3.xml (RunModel)" time="0.013" />
  <testcase classname="ptolemy.util.test.junit.AutoTests" name="[294] /home/travis/build/icyphy/ptII/ptolemy/actor/lib/test/auto/PublisherSubscriberD3Reverse.xml (RunModel)" time="0.01" />
  <testcase classname="ptolemy.util.test.junit.AutoTests" name="[295] /home/travis/build/icyphy/ptII/ptolemy/actor/lib/test/auto/PublisherSubscriberExpression.xml (RunModel)" time="0.017" />
  <testcase classname="ptolemy.util.test.junit.AutoTests" name="[296] /home/travis/build/icyphy/ptII/ptolemy/actor/lib/test/auto/PublisherSubscriberOpaque.xml (RunModel)" time="0.014" />
  <testcase classname="ptolemy.util.test.junit.AutoTests" name="[297] /home/travis/build/icyphy/ptII/ptolemy/actor/lib/test/auto/PublisherSubscriberOpaqueD3.xml (RunModel)" time="0.02" />
  <testcase classname="ptolemy.util.test.junit.AutoTests" name="[298] /home/travis/build/icyphy/ptII/ptolemy/actor/lib/test/auto/PublisherSubscriberOpaqueD3Reverse.xml (RunModel)" time="0.019" />
  <testcase classname="ptolemy.util.test.junit.AutoTests" name="[299] /home/travis/build/icyphy/ptII/ptolemy/actor/lib/test/auto/PublisherSubscriberOpaqueWidthInference.xml (RunModel)" time="0.014" />
  <testcase classname="ptolemy.util.test.junit.AutoTests" name="[300] /home/travis/build/icyphy/ptII/ptolemy/actor/lib/test/auto/PublisherTestSubscriber.xml (RunModel)" time="0.015" />
  <testcase classname="ptolemy.util.test.junit.AutoTests" name="[301] /home/travis/build/icyphy/ptII/ptolemy/actor/lib/test/auto/PublisherToplevelSubscriberPortAOC.xml (RunModel)" time="0.008" />
  <testcase classname="ptolemy.util.test.junit.AutoTests" name="[302] /home/travis/build/icyphy/ptII/ptolemy/actor/lib/test/auto/PulseFiringLimitDE.xml (RunModel)" time="0.011" />
  <testcase classname="ptolemy.util.test.junit.AutoTests" name="[303] /home/travis/build/icyphy/ptII/ptolemy/actor/lib/test/auto/Ramp1.xml (RunModel)" time="0.005" />
  <testcase classname="ptolemy.util.test.junit.AutoTests" name="[304] /home/travis/build/icyphy/ptII/ptolemy/actor/lib/test/auto/RampFiringLimitDE.xml (RunModel)" time="0.008" />
  <testcase classname="ptolemy.util.test.junit.AutoTests" name="[305] /home/travis/build/icyphy/ptII/ptolemy/actor/lib/test/auto/RampFiringLimitSDF.xml (RunModel)" time="0.007" />
  <testcase classname="ptolemy.util.test.junit.AutoTests" name="[306] /home/travis/build/icyphy/ptII/ptolemy/actor/lib/test/auto/RandomInteger.xml (RunModel)" time="0.007" />
  <testcase classname="ptolemy.util.test.junit.AutoTests" name="[307] /home/travis/build/icyphy/ptII/ptolemy/actor/lib/test/auto/ReadFile1.xml (RunModel)" time="0.006" />
  <testcase classname="ptolemy.util.test.junit.AutoTests" name="[308] /home/travis/build/icyphy/ptII/ptolemy/actor/lib/test/auto/ReadFile2.xml (RunModel)" time="0.008" />
  <testcase classname="ptolemy.util.test.junit.AutoTests" name="[309] /home/travis/build/icyphy/ptII/ptolemy/actor/lib/test/auto/Reader.xml (RunModel)" time="0.01" />
  <testcase classname="ptolemy.util.test.junit.AutoTests" name="[310] /home/travis/build/icyphy/ptII/ptolemy/actor/lib/test/auto/RecordAssemblerDisplayNameTest.xml (RunModel)" time="3.362" />
  <testcase classname="ptolemy.util.test.junit.AutoTests" name="[311] /home/travis/build/icyphy/ptII/ptolemy/actor/lib/test/auto/RecordAssemblerTypeError.xml (RunModel)" time="0.052" />
  <testcase classname="ptolemy.util.test.junit.AutoTests" name="[312] /home/travis/build/icyphy/ptII/ptolemy/actor/lib/test/auto/RecordDisassember.xml (RunModel)" time="0.04" />
  <testcase classname="ptolemy.util.test.junit.AutoTests" name="[313] /home/travis/build/icyphy/ptII/ptolemy/actor/lib/test/auto/RecordDisassemberDisplayNameTest.xml (RunModel)" time="0.02" />
  <testcase classname="ptolemy.util.test.junit.AutoTests" name="[314] /home/travis/build/icyphy/ptII/ptolemy/actor/lib/test/auto/RecordDisassembler.xml (RunModel)" time="0.014" />
  <testcase classname="ptolemy.util.test.junit.AutoTests" name="[315] /home/travis/build/icyphy/ptII/ptolemy/actor/lib/test/auto/RecordDisassembler2.xml (RunModel)" time="0.011" />
  <testcase classname="ptolemy.util.test.junit.AutoTests" name="[316] /home/travis/build/icyphy/ptII/ptolemy/actor/lib/test/auto/RecordUpdater.xml (RunModel)" time="0.012" />
  <testcase classname="ptolemy.util.test.junit.AutoTests" name="[317] /home/travis/build/icyphy/ptII/ptolemy/actor/lib/test/auto/RecordUpdater2.xml (RunModel)" time="0.008" />
  <testcase classname="ptolemy.util.test.junit.AutoTests" name="[318] /home/travis/build/icyphy/ptII/ptolemy/actor/lib/test/auto/RecursiveLattice.xml (RunModel)" time="0.01" />
  <testcase classname="ptolemy.util.test.junit.AutoTests" name="[319] /home/travis/build/icyphy/ptII/ptolemy/actor/lib/test/auto/Router.xml (RunModel)" time="3.026" />
  <testcase classname="ptolemy.util.test.junit.AutoTests" name="[320] /home/travis/build/icyphy/ptII/ptolemy/actor/lib/test/auto/Router2.xml (RunModel)" time="3.026" />
  <testcase classname="ptolemy.util.test.junit.AutoTests" name="[321] /home/travis/build/icyphy/ptII/ptolemy/actor/lib/test/auto/RunningMaximum.xml (RunModel)" time="0.024" />
  <testcase classname="ptolemy.util.test.junit.AutoTests" name="[322] /home/travis/build/icyphy/ptII/ptolemy/actor/lib/test/auto/RunningMinimum.xml (RunModel)" time="0.018" />
  <testcase classname="ptolemy.util.test.junit.AutoTests" name="[323] /home/travis/build/icyphy/ptII/ptolemy/actor/lib/test/auto/Scale.xml (RunModel)" time="0.008" />
  <testcase classname="ptolemy.util.test.junit.AutoTests" name="[324] /home/travis/build/icyphy/ptII/ptolemy/actor/lib/test/auto/Scale2.xml (RunModel)" time="0.009" />
  <testcase classname="ptolemy.util.test.junit.AutoTests" name="[325] /home/travis/build/icyphy/ptII/ptolemy/actor/lib/test/auto/Scale3.xml (RunModel)" time="0.02" />
  <testcase classname="ptolemy.util.test.junit.AutoTests" name="[326] /home/travis/build/icyphy/ptII/ptolemy/actor/lib/test/auto/ScaleArray.xml (RunModel)" time="0.007" />
  <testcase classname="ptolemy.util.test.junit.AutoTests" name="[327] /home/travis/build/icyphy/ptII/ptolemy/actor/lib/test/auto/ScaleArray2.xml (RunModel)" time="0.008" />
  <testcase classname="ptolemy.util.test.junit.AutoTests" name="[328] /home/travis/build/icyphy/ptII/ptolemy/actor/lib/test/auto/ScaleMatrix.xml (RunModel)" time="0.142" />
  <testcase classname="ptolemy.util.test.junit.AutoTests" name="[329] /home/travis/build/icyphy/ptII/ptolemy/actor/lib/test/auto/Select.xml (RunModel)" time="0.012" />
  <testcase classname="ptolemy.util.test.junit.AutoTests" name="[330] /home/travis/build/icyphy/ptII/ptolemy/actor/lib/test/auto/Select2.xml (RunModel)" time="0.007" />
  <testcase classname="ptolemy.util.test.junit.AutoTests" name="[331] /home/travis/build/icyphy/ptII/ptolemy/actor/lib/test/auto/SequenceToArray2.xml (RunModel)" time="0.117" />
  <testcase classname="ptolemy.util.test.junit.AutoTests" name="[332] /home/travis/build/icyphy/ptII/ptolemy/actor/lib/test/auto/SequentialClock.xml (RunModel)" time="0.009" />
  <testcase classname="ptolemy.util.test.junit.AutoTests" name="[333] /home/travis/build/icyphy/ptII/ptolemy/actor/lib/test/auto/SetVariable.xml (RunModel)" time="0.009" />
  <testcase classname="ptolemy.util.test.junit.AutoTests" name="[334] /home/travis/build/icyphy/ptII/ptolemy/actor/lib/test/auto/SetVariable2.xml (RunModel)" time="0.009" />
  <testcase classname="ptolemy.util.test.junit.AutoTests" name="[335] /home/travis/build/icyphy/ptII/ptolemy/actor/lib/test/auto/SetVariable3.xml (RunModel)" time="0.013" />
  <testcase classname="ptolemy.util.test.junit.AutoTests" name="[336] /home/travis/build/icyphy/ptII/ptolemy/actor/lib/test/auto/SetVariable4.xml (RunModel)" time="0.026" />
  <testcase classname="ptolemy.util.test.junit.AutoTests" name="[337] /home/travis/build/icyphy/ptII/ptolemy/actor/lib/test/auto/SetVariable5.xml (RunModel)" time="0.032" />
  <testcase classname="ptolemy.util.test.junit.AutoTests" name="[338] /home/travis/build/icyphy/ptII/ptolemy/actor/lib/test/auto/Sinewave.xml (RunModel)" time="0.037" />
  <testcase classname="ptolemy.util.test.junit.AutoTests" name="[339] /home/travis/build/icyphy/ptII/ptolemy/actor/lib/test/auto/Sinewave2.xml (RunModel)" time="0.019" />
  <testcase classname="ptolemy.util.test.junit.AutoTests" name="[340] /home/travis/build/icyphy/ptII/ptolemy/actor/lib/test/auto/Sinewave3.xml (RunModel)" time="0.022" />
  <testcase classname="ptolemy.util.test.junit.AutoTests" name="[341] /home/travis/build/icyphy/ptII/ptolemy/actor/lib/test/auto/SingleEvent.xml (RunModel)" time="0.005" />
  <testcase classname="ptolemy.util.test.junit.AutoTests" name="[342] /home/travis/build/icyphy/ptII/ptolemy/actor/lib/test/auto/Sleep.xml (RunModel)" time="6.02" />
  <testcase classname="ptolemy.util.test.junit.AutoTests" name="[343] /home/travis/build/icyphy/ptII/ptolemy/actor/lib/test/auto/SleepMultipleFire.xml (RunModel)" time="1.013" />
  <testcase classname="ptolemy.util.test.junit.AutoTests" name="[344] /home/travis/build/icyphy/ptII/ptolemy/actor/lib/test/auto/StopDE.xml (RunModel)" time="0.019" />
  <testcase classname="ptolemy.util.test.junit.AutoTests" name="[345] /home/travis/build/icyphy/ptII/ptolemy/actor/lib/test/auto/StopSDF.xml (RunModel)" time="0.011" />
  <testcase classname="ptolemy.util.test.junit.AutoTests" name="[346] /home/travis/build/icyphy/ptII/ptolemy/actor/lib/test/auto/StringConstant.xml (RunModel)" time="0.015" />
  <testcase classname="ptolemy.util.test.junit.AutoTests" name="[347] /home/travis/build/icyphy/ptII/ptolemy/actor/lib/test/auto/SubscriberPortInitialValues1.xml (RunModel)" time="0.018" />
  <testcase classname="ptolemy.util.test.junit.AutoTests" name="[348] /home/travis/build/icyphy/ptII/ptolemy/actor/lib/test/auto/SubscriberPortInitialValues13.xml (RunModel)" time="0.025" />
  <testcase classname="ptolemy.util.test.junit.AutoTests" name="[349] /home/travis/build/icyphy/ptII/ptolemy/actor/lib/test/auto/SubscriberPortInitialValues14.xml (RunModel)" time="0.013" />
  <testcase classname="ptolemy.util.test.junit.AutoTests" name="[350] /home/travis/build/icyphy/ptII/ptolemy/actor/lib/test/auto/SubscriberPortInitialValues2.xml (RunModel)" time="0.014" />
  <testcase classname="ptolemy.util.test.junit.AutoTests" name="[351] /home/travis/build/icyphy/ptII/ptolemy/actor/lib/test/auto/SubscriberPortInitialValues3.xml (RunModel)" time="0.021" />
  <testcase classname="ptolemy.util.test.junit.AutoTests" name="[352] /home/travis/build/icyphy/ptII/ptolemy/actor/lib/test/auto/SubscriptionAggregator.xml (RunModel)" time="0.01" />
  <testcase classname="ptolemy.util.test.junit.AutoTests" name="[353] /home/travis/build/icyphy/ptII/ptolemy/actor/lib/test/auto/SubscriptionAggregator2.xml (RunModel)" time="0.009" />
  <testcase classname="ptolemy.util.test.junit.AutoTests" name="[354] /home/travis/build/icyphy/ptII/ptolemy/actor/lib/test/auto/SubscriptionAggregator3.xml (RunModel)" time="0.016" />
  <testcase classname="ptolemy.util.test.junit.AutoTests" name="[355] /home/travis/build/icyphy/ptII/ptolemy/actor/lib/test/auto/SubscriptionAggregatorMultiply.xml (RunModel)" time="0.021" />
  <testcase classname="ptolemy.util.test.junit.AutoTests" name="[356] /home/travis/build/icyphy/ptII/ptolemy/actor/lib/test/auto/SubscriptionAggregatorPortMultiply1.xml (RunModel)" time="0.015" />
  <testcase classname="ptolemy.util.test.junit.AutoTests" name="[357] /home/travis/build/icyphy/ptII/ptolemy/actor/lib/test/auto/Switch.xml (RunModel)" time="0.016" />
  <testcase classname="ptolemy.util.test.junit.AutoTests" name="[358] /home/travis/build/icyphy/ptII/ptolemy/actor/lib/test/auto/Switch2.xml (RunModel)" time="0.012" />
  <testcase classname="ptolemy.util.test.junit.AutoTests" name="[359] /home/travis/build/icyphy/ptII/ptolemy/actor/lib/test/auto/SwitchDE.xml (RunModel)" time="0.014" />
  <testcase classname="ptolemy.util.test.junit.AutoTests" name="[360] /home/travis/build/icyphy/ptII/ptolemy/actor/lib/test/auto/SynchronizerDE.xml (RunModel)" time="0.02" />
  <testcase classname="ptolemy.util.test.junit.AutoTests" name="[361] /home/travis/build/icyphy/ptII/ptolemy/actor/lib/test/auto/Test.xml (RunModel)" time="0.014" />
  <testcase classname="ptolemy.util.test.junit.AutoTests" name="[362] /home/travis/build/icyphy/ptII/ptolemy/actor/lib/test/auto/TestExceptionAttribute1.xml (RunModel)" time="0.006" />
  <testcase classname="ptolemy.util.test.junit.AutoTests" name="[363] /home/travis/build/icyphy/ptII/ptolemy/actor/lib/test/auto/TestExceptionAttribute2.xml (RunModel)" time="0.007" />
  <testcase classname="ptolemy.util.test.junit.AutoTests" name="[364] /home/travis/build/icyphy/ptII/ptolemy/actor/lib/test/auto/TestExceptionAttribute3.xml (RunModel)" time="0.013" />
  <testcase classname="ptolemy.util.test.junit.AutoTests" name="[365] /home/travis/build/icyphy/ptII/ptolemy/actor/lib/test/auto/TestExceptionAttribute4.xml (RunModel)" time="0.007" />
  <testcase classname="ptolemy.util.test.junit.AutoTests" name="[366] /home/travis/build/icyphy/ptII/ptolemy/actor/lib/test/auto/TestExceptionHandler1.xml (RunModel)" time="0.011" />
  <testcase classname="ptolemy.util.test.junit.AutoTests" name="[367] /home/travis/build/icyphy/ptII/ptolemy/actor/lib/test/auto/TestExceptionHandler2.xml (RunModel)" time="0.007" />
  <testcase classname="ptolemy.util.test.junit.AutoTests" name="[368] /home/travis/build/icyphy/ptII/ptolemy/actor/lib/test/auto/TestExceptionHandler3.xml (RunModel)" time="0.005" />
  <testcase classname="ptolemy.util.test.junit.AutoTests" name="[369] /home/travis/build/icyphy/ptII/ptolemy/actor/lib/test/auto/TestExceptionHandler4.xml (RunModel)" time="0.006" />
  <testcase classname="ptolemy.util.test.junit.AutoTests" name="[370] /home/travis/build/icyphy/ptII/ptolemy/actor/lib/test/auto/TestRequireCorrectOrder.xml (RunModel)" time="0.008" />
  <testcase classname="ptolemy.util.test.junit.AutoTests" name="[371] /home/travis/build/icyphy/ptII/ptolemy/actor/lib/test/auto/TestSimple.xml (RunModel)" time="0.009" />
  <testcase classname="ptolemy.util.test.junit.AutoTests" name="[372] /home/travis/build/icyphy/ptII/ptolemy/actor/lib/test/auto/ThrowModelError.xml (RunModel)" time="0.008" />
  <testcase classname="ptolemy.util.test.junit.AutoTests" name="[373] /home/travis/build/icyphy/ptII/ptolemy/actor/lib/test/auto/TimeDelayMicrosteps.xml (RunModel)" time="0.012" />
  <testcase classname="ptolemy.util.test.junit.AutoTests" name="[374] /home/travis/build/icyphy/ptII/ptolemy/actor/lib/test/auto/TimeDelayMicrosteps2.xml (RunModel)" time="0.013" />
  <testcase classname="ptolemy.util.test.junit.AutoTests" name="[375] /home/travis/build/icyphy/ptII/ptolemy/actor/lib/test/auto/TimeDelayMicrosteps3.xml (RunModel)" time="0.011" />
  <testcase classname="ptolemy.util.test.junit.AutoTests" name="[376] /home/travis/build/icyphy/ptII/ptolemy/actor/lib/test/auto/TimeDelayVariableMicrosteps.xml (RunModel)" time="0.012" />
  <testcase classname="ptolemy.util.test.junit.AutoTests" name="[377] /home/travis/build/icyphy/ptII/ptolemy/actor/lib/test/auto/TimeGap.xml (RunModel)" time="0.012" />
  <testcase classname="ptolemy.util.test.junit.AutoTests" name="[378] /home/travis/build/icyphy/ptII/ptolemy/actor/lib/test/auto/TimeGap2.xml (RunModel)" time="0.008" />
  <testcase classname="ptolemy.util.test.junit.AutoTests" name="[379] /home/travis/build/icyphy/ptII/ptolemy/actor/lib/test/auto/TimedSinewave.xml (RunModel)" time="0.044" />
  <testcase classname="ptolemy.util.test.junit.AutoTests" name="[380] /home/travis/build/icyphy/ptII/ptolemy/actor/lib/test/auto/TimedSinewavePhase.xml (RunModel)" time="0.028" />
  <testcase classname="ptolemy.util.test.junit.AutoTests" name="[381] /home/travis/build/icyphy/ptII/ptolemy/actor/lib/test/auto/Timer.xml (RunModel)" time="0.014" />
  <testcase classname="ptolemy.util.test.junit.AutoTests" name="[382] /home/travis/build/icyphy/ptII/ptolemy/actor/lib/test/auto/TriangularDistTestModel.xml (RunModel)" time="0.017" />
  <testcase classname="ptolemy.util.test.junit.AutoTests" name="[383] /home/travis/build/icyphy/ptII/ptolemy/actor/lib/test/auto/TrigFunction.xml (RunModel)" time="0.006" />
  <testcase classname="ptolemy.util.test.junit.AutoTests" name="[384] /home/travis/build/icyphy/ptII/ptolemy/actor/lib/test/auto/TrigFunctionDE.xml (RunModel)" time="0.009" />
  <testcase classname="ptolemy.util.test.junit.AutoTests" name="[385] /home/travis/build/icyphy/ptII/ptolemy/actor/lib/test/auto/TrigFunctionInverse.xml (RunModel)" time="0.009" />
  <testcase classname="ptolemy.util.test.junit.AutoTests" name="[386] /home/travis/build/icyphy/ptII/ptolemy/actor/lib/test/auto/TrigFunctionTan.xml (RunModel)" time="0.006" />
  <testcase classname="ptolemy.util.test.junit.AutoTests" name="[387] /home/travis/build/icyphy/ptII/ptolemy/actor/lib/test/auto/TriggeredClock.xml (RunModel)" time="0.008" />
  <testcase classname="ptolemy.util.test.junit.AutoTests" name="[388] /home/travis/build/icyphy/ptII/ptolemy/actor/lib/test/auto/URLDirectoryReader.xml (RunModel)" time="0.109" />
  <testcase classname="ptolemy.util.test.junit.AutoTests" name="[389] /home/travis/build/icyphy/ptII/ptolemy/actor/lib/test/auto/URLDirectoryReader3.xml (RunModel)" time="1.999" />
  <testcase classname="ptolemy.util.test.junit.AutoTests" name="[390] /home/travis/build/icyphy/ptII/ptolemy/actor/lib/test/auto/UnaryMathFunction.xml (RunModel)" time="0.028" />
  <testcase classname="ptolemy.util.test.junit.AutoTests" name="[391] /home/travis/build/icyphy/ptII/ptolemy/actor/lib/test/auto/Uniform.xml (RunModel)" time="0.009" />
  <testcase classname="ptolemy.util.test.junit.AutoTests" name="[392] /home/travis/build/icyphy/ptII/ptolemy/actor/lib/test/auto/UnionDisassemblerTest.xml (RunModel)" time="0.022" />
  <testcase classname="ptolemy.util.test.junit.AutoTests" name="[393] /home/travis/build/icyphy/ptII/ptolemy/actor/lib/test/auto/UtilityFunctions.xml (RunModel)" time="0.006" />
  <testcase classname="ptolemy.util.test.junit.AutoTests" name="[394] /home/travis/build/icyphy/ptII/ptolemy/actor/lib/test/auto/VariableSleep.xml (RunModel)" time="0.511" />
  <testcase classname="ptolemy.util.test.junit.AutoTests" name="[395] /home/travis/build/icyphy/ptII/ptolemy/actor/lib/test/auto/VectorAssemblerDisassemblerCT.xml (RunModel)" time="0.103" />
  <testcase classname="ptolemy.util.test.junit.AutoTests" name="[396] /home/travis/build/icyphy/ptII/ptolemy/actor/lib/test/auto/VectorAssemblerDisassemblerDE.xml (RunModel)" time="0.012" />
  <testcase classname="ptolemy.util.test.junit.AutoTests" name="[397] /home/travis/build/icyphy/ptII/ptolemy/actor/lib/test/auto/VectorAssemblerDisassemblerSDF.xml (RunModel)" time="0.011" />
  <testcase classname="ptolemy.util.test.junit.AutoTests" name="[398] /home/travis/build/icyphy/ptII/ptolemy/actor/lib/test/auto/WallClockTime.xml (RunModel)" time="1.011" />
  <testcase classname="ptolemy.util.test.junit.AutoTests" name="[399] /home/travis/build/icyphy/ptII/ptolemy/actor/lib/test/auto/WidthTestWithSubscriberPublisher.xml (RunModel)" time="0.034" />
  <testcase classname="ptolemy.util.test.junit.AutoTests" name="[400] /home/travis/build/icyphy/ptII/ptolemy/actor/lib/test/auto/WidthTestWithSubscriberPublisher2.xml (RunModel)" time="0.012" />
  <testcase classname="ptolemy.util.test.junit.AutoTests" name="[401] /home/travis/build/icyphy/ptII/ptolemy/actor/lib/test/auto/WidthTestWithSubscriberPublisher3.xml (RunModel)" time="0.012" />
  <testcase classname="ptolemy.util.test.junit.AutoTests" name="[402] /home/travis/build/icyphy/ptII/ptolemy/actor/lib/test/auto/Writer.xml (RunModel)" time="0.006" />
  <testcase classname="ptolemy.util.test.junit.AutoTests" name="[403] /home/travis/build/icyphy/ptII/ptolemy/actor/lib/test/auto/array.xml (RunModel)" time="0.017" />
  <testcase classname="ptolemy.util.test.junit.AutoTests" name="[404] /home/travis/build/icyphy/ptII/ptolemy/actor/lib/test/auto/array2.xml (RunModel)" time="0.015" />
  <testcase classname="ptolemy.util.test.junit.AutoTests" name="[405] /home/travis/build/icyphy/ptII/ptolemy/actor/lib/test/auto/arrayType.xml (RunModel)" time="0.009" />
  <testcase classname="ptolemy.util.test.junit.AutoTests" name="[406] /home/travis/build/icyphy/ptII/ptolemy/actor/lib/test/auto/arrayType10.xml (RunModel)" time="0.007" />
  <testcase classname="ptolemy.util.test.junit.AutoTests" name="[407] /home/travis/build/icyphy/ptII/ptolemy/actor/lib/test/auto/arrayType11.xml (RunModel)" time="0.006" />
  <testcase classname="ptolemy.util.test.junit.AutoTests" name="[408] /home/travis/build/icyphy/ptII/ptolemy/actor/lib/test/auto/arrayType12.xml (RunModel)" time="0.006" />
  <testcase classname="ptolemy.util.test.junit.AutoTests" name="[409] /home/travis/build/icyphy/ptII/ptolemy/actor/lib/test/auto/arrayType13.xml (RunModel)" time="0.007" />
  <testcase classname="ptolemy.util.test.junit.AutoTests" name="[410] /home/travis/build/icyphy/ptII/ptolemy/actor/lib/test/auto/arrayType14.xml (RunModel)" time="0.008" />
  <testcase classname="ptolemy.util.test.junit.AutoTests" name="[411] /home/travis/build/icyphy/ptII/ptolemy/actor/lib/test/auto/arrayType15.xml (RunModel)" time="0.008" />
  <testcase classname="ptolemy.util.test.junit.AutoTests" name="[412] /home/travis/build/icyphy/ptII/ptolemy/actor/lib/test/auto/arrayType16.xml (RunModel)" time="0.007" />
  <testcase classname="ptolemy.util.test.junit.AutoTests" name="[413] /home/travis/build/icyphy/ptII/ptolemy/actor/lib/test/auto/arrayType17.xml (RunModel)" time="0.007" />
  <testcase classname="ptolemy.util.test.junit.AutoTests" name="[414] /home/travis/build/icyphy/ptII/ptolemy/actor/lib/test/auto/arrayType18.xml (RunModel)" time="0.007" />
  <testcase classname="ptolemy.util.test.junit.AutoTests" name="[415] /home/travis/build/icyphy/ptII/ptolemy/actor/lib/test/auto/arrayType19.xml (RunModel)" time="0.006" />
  <testcase classname="ptolemy.util.test.junit.AutoTests" name="[416] /home/travis/build/icyphy/ptII/ptolemy/actor/lib/test/auto/arrayType2.xml (RunModel)" time="0.007" />
  <testcase classname="ptolemy.util.test.junit.AutoTests" name="[417] /home/travis/build/icyphy/ptII/ptolemy/actor/lib/test/auto/arrayType20.xml (RunModel)" time="0.007" />
  <testcase classname="ptolemy.util.test.junit.AutoTests" name="[418] /home/travis/build/icyphy/ptII/ptolemy/actor/lib/test/auto/arrayType21.xml (RunModel)" time="0.006" />
  <testcase classname="ptolemy.util.test.junit.AutoTests" name="[419] /home/travis/build/icyphy/ptII/ptolemy/actor/lib/test/auto/arrayType22.xml (RunModel)" time="0.007" />
  <testcase classname="ptolemy.util.test.junit.AutoTests" name="[420] /home/travis/build/icyphy/ptII/ptolemy/actor/lib/test/auto/arrayType23.xml (RunModel)" time="0.011" />
  <testcase classname="ptolemy.util.test.junit.AutoTests" name="[421] /home/travis/build/icyphy/ptII/ptolemy/actor/lib/test/auto/arrayType24.xml (RunModel)" time="0.01" />
  <testcase classname="ptolemy.util.test.junit.AutoTests" name="[422] /home/travis/build/icyphy/ptII/ptolemy/actor/lib/test/auto/arrayType25.xml (RunModel)" time="0.008" />
  <testcase classname="ptolemy.util.test.junit.AutoTests" name="[423] /home/travis/build/icyphy/ptII/ptolemy/actor/lib/test/auto/arrayType26.xml (RunModel)" time="0.007" />
  <testcase classname="ptolemy.util.test.junit.AutoTests" name="[424] /home/travis/build/icyphy/ptII/ptolemy/actor/lib/test/auto/arrayType27.xml (RunModel)" time="0.007" />
  <testcase classname="ptolemy.util.test.junit.AutoTests" name="[425] /home/travis/build/icyphy/ptII/ptolemy/actor/lib/test/auto/arrayType28.xml (RunModel)" time="0.006" />
  <testcase classname="ptolemy.util.test.junit.AutoTests" name="[426] /home/travis/build/icyphy/ptII/ptolemy/actor/lib/test/auto/arrayType3.xml (RunModel)" time="0.007" />
  <testcase classname="ptolemy.util.test.junit.AutoTests" name="[427] /home/travis/build/icyphy/ptII/ptolemy/actor/lib/test/auto/arrayType4.xml (RunModel)" time="0.007" />
  <testcase classname="ptolemy.util.test.junit.AutoTests" name="[428] /home/travis/build/icyphy/ptII/ptolemy/actor/lib/test/auto/arrayType5.xml (RunModel)" time="0.007" />
  <testcase classname="ptolemy.util.test.junit.AutoTests" name="[429] /home/travis/build/icyphy/ptII/ptolemy/actor/lib/test/auto/arrayType6.xml (RunModel)" time="0.018" />
  <testcase classname="ptolemy.util.test.junit.AutoTests" name="[430] /home/travis/build/icyphy/ptII/ptolemy/actor/lib/test/auto/arrayType7.xml (RunModel)" time="0.007" />
  <testcase classname="ptolemy.util.test.junit.AutoTests" name="[431] /home/travis/build/icyphy/ptII/ptolemy/actor/lib/test/auto/arrayType8.xml (RunModel)" time="0.006" />
  <testcase classname="ptolemy.util.test.junit.AutoTests" name="[432] /home/travis/build/icyphy/ptII/ptolemy/actor/lib/test/auto/arrayType9.xml (RunModel)" time="0.014" />
  <testcase classname="ptolemy.util.test.junit.AutoTests" name="[433] /home/travis/build/icyphy/ptII/ptolemy/actor/lib/test/auto/cast.xml (RunModel)" time="0.007" />
  <testcase classname="ptolemy.util.test.junit.AutoTests" name="[434] /home/travis/build/icyphy/ptII/ptolemy/actor/lib/test/auto/compositeMultiPort.xml (RunModel)" time="0.014" />
  <testcase classname="ptolemy.util.test.junit.AutoTests" name="[435] /home/travis/build/icyphy/ptII/ptolemy/actor/lib/test/auto/expressionCastInference.xml (RunModel)" time="0.006" />
  <testcase classname="ptolemy.util.test.junit.AutoTests" name="[436] /home/travis/build/icyphy/ptII/ptolemy/actor/lib/test/auto/expressionCastInference2.xml (RunModel)" time="0.006" />
  <testcase classname="ptolemy.util.test.junit.AutoTests" name="[437] /home/travis/build/icyphy/ptII/ptolemy/actor/lib/test/auto/expressionInference.xml (RunModel)" time="0.006" />
  <testcase classname="ptolemy.util.test.junit.AutoTests" name="[438] /home/travis/build/icyphy/ptII/ptolemy/actor/lib/test/auto/expression_bug.xml (RunModel)" time="0.006" />
  <testcase classname="ptolemy.util.test.junit.AutoTests" name="[439] /home/travis/build/icyphy/ptII/ptolemy/actor/lib/test/auto/factorial.xml (RunModel)" time="0.049" />
  <testcase classname="ptolemy.util.test.junit.AutoTests" name="[440] /home/travis/build/icyphy/ptII/ptolemy/actor/lib/test/auto/filterTest1.xml (RunModel)" time="0.012" />
  <testcase classname="ptolemy.util.test.junit.AutoTests" name="[441] /home/travis/build/icyphy/ptII/ptolemy/actor/lib/test/auto/funcApplyInConst.xml (RunModel)" time="0.006" />
  <testcase classname="ptolemy.util.test.junit.AutoTests" name="[442] /home/travis/build/icyphy/ptII/ptolemy/actor/lib/test/auto/funcApplyInExpr.xml (RunModel)" time="0.005" />
  <testcase classname="ptolemy.util.test.junit.AutoTests" name="[443] /home/travis/build/icyphy/ptII/ptolemy/actor/lib/test/auto/function.xml (RunModel)" time="0.01" />
  <testcase classname="ptolemy.util.test.junit.AutoTests" name="[444] /home/travis/build/icyphy/ptII/ptolemy/actor/lib/test/auto/function2.xml (RunModel)" time="0.008" />
  <testcase classname="ptolemy.util.test.junit.AutoTests" name="[445] /home/travis/build/icyphy/ptII/ptolemy/actor/lib/test/auto/function3.xml (RunModel)" time="0.006" />
  <testcase classname="ptolemy.util.test.junit.AutoTests" name="[446] /home/travis/build/icyphy/ptII/ptolemy/actor/lib/test/auto/functionClosureTest1.xml (RunModel)" time="0.009" />
  <testcase classname="ptolemy.util.test.junit.AutoTests" name="[447] /home/travis/build/icyphy/ptII/ptolemy/actor/lib/test/auto/functionClosureTest2.xml (RunModel)" time="0.005" />
  <testcase classname="ptolemy.util.test.junit.AutoTests" name="[448] /home/travis/build/icyphy/ptII/ptolemy/actor/lib/test/auto/functionClosureTest3.xml (RunModel)" time="0.006" />
  <testcase classname="ptolemy.util.test.junit.AutoTests" name="[449] /home/travis/build/icyphy/ptII/ptolemy/actor/lib/test/auto/functionClosureTest4.xml (RunModel)" time="0.023" />
  <testcase classname="ptolemy.util.test.junit.AutoTests" name="[450] /home/travis/build/icyphy/ptII/ptolemy/actor/lib/test/auto/functionClosureTest5.xml (RunModel)" time="0.01" />
  <testcase classname="ptolemy.util.test.junit.AutoTests" name="[451] /home/travis/build/icyphy/ptII/ptolemy/actor/lib/test/auto/functionClosureTest6.xml (RunModel)" time="0.007" />
  <testcase classname="ptolemy.util.test.junit.AutoTests" name="[452] /home/travis/build/icyphy/ptII/ptolemy/actor/lib/test/auto/functionsOnArcs.xml (RunModel)" time="0.008" />
  <testcase classname="ptolemy.util.test.junit.AutoTests" name="[453] /home/travis/build/icyphy/ptII/ptolemy/actor/lib/test/auto/functionsOnArcsHOF.xml (RunModel)" time="0.01" />
  <testcase classname="ptolemy.util.test.junit.AutoTests" name="[454] /home/travis/build/icyphy/ptII/ptolemy/actor/lib/test/auto/logic.xml (RunModel)" time="0.015" />
  <testcase classname="ptolemy.util.test.junit.AutoTests" name="[455] /home/travis/build/icyphy/ptII/ptolemy/actor/lib/test/auto/matrixType.xml (RunModel)" time="0.007" />
  <testcase classname="ptolemy.util.test.junit.AutoTests" name="[456] /home/travis/build/icyphy/ptII/ptolemy/actor/lib/test/auto/matrixType10.xml (RunModel)" time="0.007" />
  <testcase classname="ptolemy.util.test.junit.AutoTests" name="[457] /home/travis/build/icyphy/ptII/ptolemy/actor/lib/test/auto/matrixType11.xml (RunModel)" time="0.022" />
  <testcase classname="ptolemy.util.test.junit.AutoTests" name="[458] /home/travis/build/icyphy/ptII/ptolemy/actor/lib/test/auto/matrixType12.xml (RunModel)" time="0.033" />
  <testcase classname="ptolemy.util.test.junit.AutoTests" name="[459] /home/travis/build/icyphy/ptII/ptolemy/actor/lib/test/auto/matrixType13.xml (RunModel)" time="0.036" />
  <testcase classname="ptolemy.util.test.junit.AutoTests" name="[460] /home/travis/build/icyphy/ptII/ptolemy/actor/lib/test/auto/matrixType14.xml (RunModel)" time="0.017" />
  <testcase classname="ptolemy.util.test.junit.AutoTests" name="[461] /home/travis/build/icyphy/ptII/ptolemy/actor/lib/test/auto/matrixType2.xml (RunModel)" time="0.007" />
  <testcase classname="ptolemy.util.test.junit.AutoTests" name="[462] /home/travis/build/icyphy/ptII/ptolemy/actor/lib/test/auto/matrixType3.xml (RunModel)" time="0.008" />
  <testcase classname="ptolemy.util.test.junit.AutoTests" name="[463] /home/travis/build/icyphy/ptII/ptolemy/actor/lib/test/auto/matrixType4.xml (RunModel)" time="0.007" />
  <testcase classname="ptolemy.util.test.junit.AutoTests" name="[464] /home/travis/build/icyphy/ptII/ptolemy/actor/lib/test/auto/matrixType5.xml (RunModel)" time="0.007" />
  <testcase classname="ptolemy.util.test.junit.AutoTests" name="[465] /home/travis/build/icyphy/ptII/ptolemy/actor/lib/test/auto/matrixType6.xml (RunModel)" time="0.007" />
  <testcase classname="ptolemy.util.test.junit.AutoTests" name="[466] /home/travis/build/icyphy/ptII/ptolemy/actor/lib/test/auto/matrixType7.xml (RunModel)" time="0.007" />
  <testcase classname="ptolemy.util.test.junit.AutoTests" name="[467] /home/travis/build/icyphy/ptII/ptolemy/actor/lib/test/auto/matrixType8.xml (RunModel)" time="0.012" />
  <testcase classname="ptolemy.util.test.junit.AutoTests" name="[468] /home/travis/build/icyphy/ptII/ptolemy/actor/lib/test/auto/matrixType9.xml (RunModel)" time="0.006" />
  <testcase classname="ptolemy.util.test.junit.AutoTests" name="[469] /home/travis/build/icyphy/ptII/ptolemy/actor/lib/test/auto/paraFunctest.xml (RunModel)" time="0.005" />
  <testcase classname="ptolemy.util.test.junit.AutoTests" name="[470] /home/travis/build/icyphy/ptII/ptolemy/actor/lib/test/auto/paraFunctest2.xml (RunModel)" time="0.009" />
  <testcase classname="ptolemy.util.test.junit.AutoTests" name="[471] /home/travis/build/icyphy/ptII/ptolemy/actor/lib/test/auto/parameterPassing.xml (RunModel)" time="0.006" />
  <testcase classname="ptolemy.util.test.junit.AutoTests" name="[472] /home/travis/build/icyphy/ptII/ptolemy/actor/lib/test/auto/record.xml (RunModel)" time="0.006" />
  <testcase classname="ptolemy.util.test.junit.AutoTests" name="[473] /home/travis/build/icyphy/ptII/ptolemy/actor/lib/test/auto/sizedarray1.xml (RunModel)" time="0.006" />
  <testcase classname="ptolemy.util.test.junit.AutoTests" name="[474] /home/travis/build/icyphy/ptII/ptolemy/actor/lib/test/auto/sizedarray2.xml (RunModel)" time="0.007" />
  <testcase classname="ptolemy.util.test.junit.AutoTests" name="[475] /home/travis/build/icyphy/ptII/ptolemy/actor/lib/test/auto/twoPublishers.xml (RunModel)" time="0.015" />
  <system-out><![CDATA[/home/travis/build/icyphy/ptII/ptolemy/actor/lib/test/AbsoluteValue.tcl
testDefs.tcl: setting time out to 9000 seconds at Sat Dec 28 06:28:34 UTC 2019
101 ms. Memory: 129024K Free: 93622K (73%)
9 ms. Memory: 129024K Free: 92103K (71%)
4 ms. Memory: 129024K Free: 91079K (71%)
5 ms. Memory: 129024K Free: 90565K (70%)
/home/travis/build/icyphy/ptII/ptolemy/actor/lib/test/AddSubtract.tcl
14 ms. Memory: 129024K Free: 88517K (69%)
14 ms. Memory: 129024K Free: 87493K (68%)
17 ms. Memory: 129024K Free: 86983K (67%)
8 ms. Memory: 129024K Free: 85959K (67%)
39 ms. Memory: 129024K Free: 83397K (65%)
5 ms. Memory: 129024K Free: 82373K (64%)
/home/travis/build/icyphy/ptII/ptolemy/actor/lib/test/Average.tcl
6 ms. Memory: 129024K Free: 80839K (63%)
5 ms. Memory: 129024K Free: 79301K (61%)
/home/travis/build/icyphy/ptII/ptolemy/actor/lib/test/Bernoulli.tcl
5 ms. Memory: 129024K Free: 77767K (60%)
2 ms. Memory: 129024K Free: 77767K (60%)
/home/travis/build/icyphy/ptII/ptolemy/actor/lib/test/Clock.tcl
preinitializing
resolving types
initializing
executing number 1
wrapping up
idle
28 ms. Memory: 129024K Free: 74695K (58%)
Completed execution with 5 iterations
preinitializing
resolving types
initializing
executing number 1
wrapping up
idle
6 ms. Memory: 129024K Free: 74181K (57%)
Completed execution with 5 iterations
preinitializing
resolving types
initializing
executing number 1
wrapping up
idle
12 ms. Memory: 129024K Free: 73671K (57%)
Completed execution with 5 iterations
/home/travis/build/icyphy/ptII/ptolemy/actor/lib/test/Commutator.tcl
12 ms. Memory: 129024K Free: 71623K (56%)
10 ms. Memory: 129024K Free: 70599K (55%)
16 ms. Memory: 129024K Free: 64958K (50%)
/home/travis/build/icyphy/ptII/ptolemy/actor/lib/test/Const.tcl
13 ms. Memory: 129024K Free: 63431K (49%)
3 ms. Memory: 129024K Free: 62917K (49%)
7 ms. Memory: 129024K Free: 62407K (48%)
6 ms. Memory: 129024K Free: 61893K (48%)
3 ms. Memory: 129024K Free: 60854K (47%)
23 ms. Memory: 129024K Free: 59335K (46%)
5 ms. Memory: 129024K Free: 58311K (45%)
3 ms. Memory: 129024K Free: 57287K (44%)
/home/travis/build/icyphy/ptII/ptolemy/actor/lib/test/CurrentTime.tcl
preinitializing
resolving types
initializing
executing number 1
wrapping up
idle
16 ms. Memory: 129024K Free: 55749K (43%)
Completed execution with 11 iterations
/home/travis/build/icyphy/ptII/ptolemy/actor/lib/test/DB.tcl
8 ms. Memory: 129024K Free: 53701K (42%)
4 ms. Memory: 129024K Free: 53191K (41%)
3 ms. Memory: 129024K Free: 52677K (41%)
/home/travis/build/icyphy/ptII/ptolemy/actor/lib/test/DiscreteRandomSource.tcl
preinitializing
resolving types
initializing
executing number 1
wrapping up
idle
5 ms. Memory: 129024K Free: 51646K (40%)
Completed execution with 4 iterations
preinitializing
resolving types
initializing
executing number 1
wrapping up
idle
5 ms. Memory: 129024K Free: 51143K (40%)
Completed execution with 4 iterations
preinitializing
resolving types
initializing
executing number 1
wrapping up
idle
6 ms. Memory: 129024K Free: 50614K (39%)
Completed execution with 4 iterations
preinitializing
resolving types
initializing
executing number 1
wrapping up
idle
11 ms. Memory: 129024K Free: 50119K (39%)
Completed execution with 4 iterations
preinitializing
resolving types
initializing
executing number 1
wrapping up
idle
4 ms. Memory: 129024K Free: 49590K (38%)
Completed execution with 4 iterations
/home/travis/build/icyphy/ptII/ptolemy/actor/lib/test/Distributor.tcl
34 ms. Memory: 129024K Free: 114631K (89%)
3 ms. Memory: 129024K Free: 113726K (88%)
StreamChangeRequest.changeExecuted(): <deleteEntity name="rec2"/> succeeded
StreamChangeRequest.changeExecuted(): <deleteRelation name="r2"/> succeeded
StreamChangeRequest.changeExecuted(): Record firings per iteration succeeded
4 ms. Memory: 129024K Free: 111084K (86%)
/home/travis/build/icyphy/ptII/ptolemy/actor/lib/test/Exit.tcl
Exit.tcl: this will print a message about Manager.exitAfterWrapup, which can be ignored.
8 ms. Memory: 129024K Free: 108114K (84%)
/home/travis/build/icyphy/ptII/ptolemy/actor/lib/test/Expression.tcl
22 ms. Memory: 129024K Free: 104970K (81%)
8 ms. Memory: 129024K Free: 104391K (81%)
3 ms. Memory: 129024K Free: 103471K (80%)
preinitializing
resolving types
initializing
executing number 1
wrapping up
idle
10 ms. Memory: 129024K Free: 101868K (79%)
Completed execution with 6 iterations
6 ms. Memory: 129024K Free: 101319K (79%)
7 ms. Memory: 129024K Free: 100399K (78%)
11 ms. Memory: 129024K Free: 99376K (77%)
7 ms. Memory: 129024K Free: 97780K (76%)
6 ms. Memory: 129024K Free: 96764K (75%)
/home/travis/build/icyphy/ptII/ptolemy/actor/lib/test/Gaussian.tcl
5 ms. Memory: 129024K Free: 95175K (74%)
sleeping 1 seconds: .....................................................................................................................................................................................................................................................................................................................................................................................................................................................................................................................................................................................................................................................................................................................................................................................................................................................................................................................................................................................................................................................................................................................................................................................................................................................................................................................................................................................................................................................................................................................................................................................................................................................................................................................................................................................................................................................................................................................................................................................................................................................................................................................................................................................................................................................................................................................................................................................................................................................................................................................................................................................................................................................................................................................................................................................................................................................................................................................................................................................................................................................................................................................................................................................................................................................................................................................................................................................................................................................................................................................................................................................................................................................................................................................................................................................................................................................................................................................................................................................................................................................................................................................................................................................................................................................................................................................................................................................................................................................................................................................................................................................................................................................................................................................................................................................................................................................................................................................................................................................................................................................................................................................................................................................................................................................................................................................................................................................................................................................................................................................................................................................................................................................................................................................................................................................................................................................................................................................................................................................................................................................................................................................................................................................................................................................................................................................................................................................................................................................................................................................................................................................................................................................................................................................................................................................................................................................................................................................................................................................................................................................................................................................................................................................................................................................................................................................................................................................................................................................................................................................................................................................................................................................................................................................................................................................................................................................................................................................................................................................................................................................................................................................................................................................................................................................................................................................................................................................................................................................................................................................................................................................................................................................................................................................................................................................................................................................................................................................................................................................................................................................................................................................................................................................................................................................................................................................................................................................................................................................................................................................................................................................................................................................................................................................................................................................................................................................................................................................................................................................................................................................................................................................................................................................................................................................................................................................................................................................................................................................................................................................................................................................................................................................................................................................................................................................................................................................................................................................................................................................................................................................................................................................................................................................................................................................................................................................................................................................................................................................................................................................................................................................................................................................................................................................................................................................................................................................................................................................................................................................................................................................................................................................................................................................................................................................................................................................................................................................................................................................................................................................................................................................................................................................................................................................................................................................................................................................................................................................................................................................................................................................................................................................................................................................................................................................................................................................................................................................................................................................................................................................................................................................................................................................................................................................................................................................................................................................................................................................................................................................................................................................................................................................................................................................................................................................................................................................................................................................................................................................................................................................................................................................................................................................................................................................................................................................................................................................................................................................................................................................................................................................................................................................................................................................................................................................................................................................................................................................................................................................................................................................................................................................................................................................................................................................................................................................................................................................................................................................................................................................................................................................................................................................................................................................................................................................................................................................................................................................................................................................................................................................................................................................................................................................................................................................................................................................................................................................................................................................................................................................................................................................................................................................................................................................................................................................................................................................................................................................................................................................................................................................................................................................................................................................................................................................................................................................................................................................................................................................................................................................................................................................................................................................................................................................................................................................................................................................................................................................................................................................................................................................................................................................................................................................................................................................................................................................................................................................................................................................................................................................................................................................................................................................................................................................................................................................................................................................................................................................................................................................................................................................................................................................................................................................................................................................................................................................................................................................................................................................................................................................................................................................................................................................................................................................................................................................................................................................................................................................................................................................................................................................................................................................................................................................................................................................................................................................................................................................................................................................................................................................................................................................................................................................................................................................................................................................................................................................................................................................................................................................................................................................................................................................................................................................................................................................................................................................................................................................................................................................................................................................................................................................................................................................................................................................................................................................................................................................................................................................................................................................................................................................................................................................................................................................................................................................................................................................................................................................................................................................................................................................................................................................................................................................................................................................................................................................................................................................................................................................................................................................................................................................................................................................................................................................................................................................................................................................................................................................................................................................................................................................................................................................................................................................................................................................................................................................................................................................................................................................................................................................................................................................................................................................................................................................................................................................................................................................................................................................................................................................................................................................................................................................................................................................................................................................................................................................................................................................................................................................................................................................................................................................................................................................................................................................................................................................................................................................................................................................................................................................................................................................................................................................................................................................................................................................................................................................................................................................................................................................................................................................................................................................................................................................................................................................................................................................................................................................................................................................................................................................................................................................................................................................................................................................................................................................................................................................................................................................................................................................................................................................................................................................................................................................................................................................................................................................................................................................................................................................................................................................................................................................................................................................................................................................................................................................................................................................................................................................................................................................................................................................................................................................................................................................................................................................................................................................................................................................................................................................................................................................................................................................................................................................................................................................................................................................................................................................................................................................................................................................................................................................................................................................................................................................................................................................................................................................................................................................................................................................................................................................................................................................................................................................................................................................................................................................................................................................................................................................................................................................................................................................................................................................................................................................................................................................................................................................................................................................................................................................................................................................................................................................................................................................................................................................................................................................................................................................................................................................................................................................................................................................................................................................................................................................................................................................................................................................................................................................................................................................................................................................................................................................................................................................................................................................................................................................................................................................................................................................................................................................................................................................................................................................................................................................................................................................................................................................................................................................................................................................................................................................................................................................................................................................................................................................................................................................................................................................................................................................................................................................................................................................................................................................................................................................................................................................................................................................................................................................................................................................................................................................................................................................................................................................................................................................................................................................................................................................................................................................................................................................................................................................................................................................................................................................................................................................................................................................................................................................................................................................................................................................................................................................................................................................................................................................................................................................................................................................................................................................................................................................................................................................................................................................................................................................................................................................................................................................................................................................................................................................................................................................................................................................................................................................................................................................................................................................................................................................................................................................................................................................................................................................................................................................................................................................................................................................................................................................................................................................................................................................................................................................................................................................................................................................................................................................................................................................................................................................................................................................................................................................................................................................................................................................................................................................................................................................................................................................................................................................................................................................................................................................................................................................................................................................................................................................................................................................................................................................................................................................................................................................................................................................................................................................................................................................................................................................................................................................................................................................................................................................................................................................................................................................................................................................................................................................................................................................................................................................................................................................................................................................................................................................................................................................................................................................................................................................................................................................................................................................................................................................................................................................................................................................................................................................................................................................................................................................................................................................................................................................................................................................................................................................................................................................................................................................................................................................................................................................................................................................................................................................................................................................................................................................................................................................................................................................................................................................................................................................................................................................................................................................................................................................................................................................................................................................................................................................................................................................................................................................................................................................................................................................................................................................................................................................................................................................................................................................................................................................................................................................................................................................................................................................................4 ms. Memory: 129024K Free: 83455K (65%)
2 ms. Memory: 129024K Free: 82941K (64%)
1 ms. Memory: 129024K Free: 81903K (63%)
5 ms. Memory: 129024K Free: 81405K (63%)
4 ms. Memory: 129024K Free: 80893K (63%)
/home/travis/build/icyphy/ptII/ptolemy/actor/lib/test/IIR.tcl
/home/travis/build/icyphy/ptII/ptolemy/actor/lib/test/Interpolator.tcl
3 ms. Memory: 129024K Free: 77311K (60%)
2 ms. Memory: 129024K Free: 76797K (60%)
3 ms. Memory: 129024K Free: 76287K (59%)
2 ms. Memory: 129024K Free: 75263K (58%)
7 ms. Memory: 129024K Free: 74239K (58%)
3 ms. Memory: 129024K Free: 73711K (57%)
2 ms. Memory: 129024K Free: 72695K (56%)
8 ms. Memory: 129024K Free: 71677K (56%)
2 ms. Memory: 129024K Free: 71167K (55%)
6 ms. Memory: 129024K Free: 70143K (54%)
/home/travis/build/icyphy/ptII/ptolemy/actor/lib/test/MathFunction.tcl
4 ms. Memory: 129024K Free: 68095K (53%)
6 ms. Memory: 129024K Free: 67071K (52%)
2 ms. Memory: 129024K Free: 66047K (51%)
1 ms. Memory: 129024K Free: 65023K (50%)
9 ms. Memory: 129024K Free: 63471K (49%)
9 ms. Memory: 129024K Free: 61951K (48%)
/home/travis/build/icyphy/ptII/ptolemy/actor/lib/test/Maximum.tcl
5 ms. Memory: 129024K Free: 59903K (46%)
3 ms. Memory: 129024K Free: 59389K (46%)
5 ms. Memory: 129024K Free: 58365K (45%)
4 ms. Memory: 129024K Free: 57855K (45%)
/home/travis/build/icyphy/ptII/ptolemy/actor/lib/test/Minimum.tcl
7 ms. Memory: 129024K Free: 56317K (44%)
3 ms. Memory: 129024K Free: 55293K (43%)
2 ms. Memory: 129024K Free: 54783K (42%)
2 ms. Memory: 129024K Free: 54269K (42%)
/home/travis/build/icyphy/ptII/ptolemy/actor/lib/test/MultiplyDivide.tcl
9 ms. Memory: 129024K Free: 113917K (88%)
2 ms. Memory: 129024K Free: 113419K (88%)
2 ms. Memory: 129024K Free: 112397K (87%)
2 ms. Memory: 129024K Free: 111869K (87%)
2 ms. Memory: 129024K Free: 111373K (86%)
/home/travis/build/icyphy/ptII/ptolemy/actor/lib/test/OrderedMerge.tcl
Connections changed on port: inputA
Connections changed on port: inputB
Connections changed on port: output
Connections changed on port: output
Connections changed on port: output
Connections changed on port: input
.top. Preinitializing ...
Invoking preinitialize():  .top.OrderedMerge
Called preinitialize()
Invoking preinitialize():  .top.Ramp
Called preinitialize()
Invoking preinitialize():  .top.Ramp2
Called preinitialize()
Invoking preinitialize():  .top.Test
Called preinitialize()
Connections changed on port: inputA
Connections changed on port: output
Connections changed on port: output
Connections changed on port: input
Connections changed on port: inputB
Connections changed on port: output
.top. Finished preinitialize().
Called initialize().
Invoking initialize():  .top.OrderedMerge
Initializing actor: .top.OrderedMerge
Adding a thread: .top.OrderedMerge
Invoking initialize():  .top.Ramp
Initializing actor: .top.Ramp
Adding a thread: .top.Ramp
Invoking initialize():  .top.Ramp2
Initializing actor: .top.Ramp2
Adding a thread: .top.Ramp2
Invoking initialize():  .top.Test
Initializing actor: .top.Test
Adding a thread: .top.Test
Called fire().
Checking for deadlock:
-- Starting thread.
-- Starting thread.
Called initialize()
Called initialize()
Called prefire()
Called fire()
-- Starting thread.
Called initialize()
Called prefire()
Called prefire()
Called fire()
Called fire()
-- Starting thread.
Called initialize()
Called prefire()
Called fire()
There are 0 Blocked actors, 0 Stopped actors, and 4 active threads.
Waiting for actors to stop.
Called postfire()
Called prefire()
Called fire()
Called postfire()
Called prefire()
Called fire()
Checking for deadlock:
There are 2 Blocked actors, 0 Stopped actors, and 4 active threads.
Waiting for actors to stop.
Called postfire()
Called prefire()
Called fire()
Checking for deadlock:
There are 3 Blocked actors, 0 Stopped actors, and 4 active threads.
Waiting for actors to stop.
Read input token from inputA with value 0.0
Next port to read input from is inputB
Called postfire()
Called prefire()
Called fire()
Called postfire()
Called prefire()
Called fire()
Checking for deadlock:
There are 3 Blocked actors, 0 Stopped actors, and 4 active threads.
Waiting for actors to stop.
Read input token from inputB with value 0.0
Checking for deadlock:
There are 2 Blocked actors, 0 Stopped actors, and 4 active threads.
Waiting for actors to stop.
-- Read input: 0.0, which is expected to match: 0.0
Called prefire()
Called fire()
Checking for deadlock:
There are 3 Blocked actors, 0 Stopped actors, and 4 active threads.
Waiting for actors to stop.
Sent output token with value 0.0
Next port to read input from is inputA
Called postfire()
Called prefire()
Called fire()
Checking for deadlock:
There are 2 Blocked actors, 0 Stopped actors, and 4 active threads.
Waiting for actors to stop.
Called postfire()
Called prefire()
Called fire()
Checking for deadlock:
Read input token from inputA with value 1.0
There are 3 Blocked actors, 0 Stopped actors, and 4 active threads.
Waiting for actors to stop.
Checking for deadlock:
There are 2 Blocked actors, 0 Stopped actors, and 4 active threads.
Waiting for actors to stop.
-- Read input: 0.0, which is expected to match: 0.0
Called prefire()
Called fire()
Checking for deadlock:
There are 3 Blocked actors, 0 Stopped actors, and 4 active threads.
Sent output token with value 0.0
Waiting for actors to stop.
Next port to read input from is inputB
Called postfire()
Called prefire()
Called fire()
Checking for deadlock:
There are 2 Blocked actors, 0 Stopped actors, and 4 active threads.
Waiting for actors to stop.
Called postfire()
Called prefire()
Called fire()
Checking for deadlock:
There are 3 Blocked actors, 0 Stopped actors, and 4 active threads.
Waiting for actors to stop.
Read input token from inputB with value 1.5
Checking for deadlock:
There are 2 Blocked actors, 0 Stopped actors, and 4 active threads.
Waiting for actors to stop.
-- Read input: 1.0, which is expected to match: 1.0
Called prefire()
Called fire()
Checking for deadlock:
There are 3 Blocked actors, 0 Stopped actors, and 4 active threads.
Waiting for actors to stop.
Sent output token with value 1.0
Next port to read input from is inputA
Called postfire()
Called prefire()
Called fire()
Called postfire()
Called prefire()
Called fire()
Checking for deadlock:
There are 3 Blocked actors, 0 Stopped actors, and 4 active threads.
Waiting for actors to stop.
Read input token from inputA with value 2.0
-- Read input: 1.5, which is expected to match: 1.5
Called prefire()
Called fire()
Checking for deadlock:
There are 3 Blocked actors, 0 Stopped actors, and 4 active threads.
Waiting for actors to stop.
Sent output token with value 1.5
Next port to read input from is inputB
Called postfire()
Called prefire()
Called fire()
Checking for deadlock:
There are 2 Blocked actors, 0 Stopped actors, and 4 active threads.
Waiting for actors to stop.
Called postfire()
Called prefire()
Called fire()
Checking for deadlock:
Read input token from inputB with value 3.0
There are 3 Blocked actors, 0 Stopped actors, and 4 active threads.
Waiting for actors to stop.
Checking for deadlock:
There are 2 Blocked actors, 0 Stopped actors, and 4 active threads.
Waiting for actors to stop.
-- Read input: 2.0, which is expected to match: 2.0
Called prefire()
Called fire()
Checking for deadlock:
Sent output token with value 2.0
There are 3 Blocked actors, 0 Stopped actors, and 4 active threads.
Waiting for actors to stop.
Next port to read input from is inputA
Called postfire()
Called prefire()
Called fire()
Checking for deadlock:
There are 2 Blocked actors, 0 Stopped actors, and 4 active threads.
Waiting for actors to stop.
Called postfire()
Called prefire()
Called fire()
Checking for deadlock:
There are 3 Blocked actors, 0 Stopped actors, and 4 active threads.
Waiting for actors to stop.
Read input token from inputA with value 3.0
Checking for deadlock:
There are 2 Blocked actors, 0 Stopped actors, and 4 active threads.
Waiting for actors to stop.
-- Read input: 3.0, which is expected to match: 3.0
Called prefire()
Called fire()
Checking for deadlock:
There are 3 Blocked actors, 0 Stopped actors, and 4 active threads.
Waiting for actors to stop.
Sent output token with value 3.0
Next port to read input from is inputB
Called postfire()
Called prefire()
Called fire()
Called postfire()
Called prefire()
Called fire()
Checking for deadlock:
There are 3 Blocked actors, 0 Stopped actors, and 4 active threads.
Waiting for actors to stop.
Read input token from inputB with value 4.5
-- Read input: 3.0, which is expected to match: 3.0
Called prefire()
Called fire()
Checking for deadlock:
There are 3 Blocked actors, 0 Stopped actors, and 4 active threads.
Waiting for actors to stop.
Sent output token with value 3.0
Next port to read input from is inputA
Called postfire()
Called prefire()
Called fire()
Checking for deadlock:
There are 2 Blocked actors, 0 Stopped actors, and 4 active threads.
Waiting for actors to stop.
Called postfire()
Called prefire()
Called fire()
Read input token from inputA with value 4.0
Checking for deadlock:
There are 3 Blocked actors, 0 Stopped actors, and 4 active threads.
Waiting for actors to stop.
Checking for deadlock:
There are 2 Blocked actors, 0 Stopped actors, and 4 active threads.
Waiting for actors to stop.
-- Read input: 4.0, which is expected to match: 4.0
Called prefire()
Called fire()
Past the end of training data. Read and discard all inputs.
Checking for deadlock:
There are 3 Blocked actors, 0 Stopped actors, and 4 active threads.
Waiting for actors to stop.
Sent output token with value 4.0
Next port to read input from is inputA
Called postfire()
Called prefire()
Called fire()
Checking for deadlock:
There are 2 Blocked actors, 0 Stopped actors, and 4 active threads.
Waiting for actors to stop.
Called postfire()
Called prefire()
Called fire()
Checking for deadlock:
There are 3 Blocked actors, 0 Stopped actors, and 4 active threads.
Waiting for actors to stop.
Read input token from inputA with value 5.0
Checking for deadlock:
There are 2 Blocked actors, 0 Stopped actors, and 4 active threads.
Waiting for actors to stop.
Called prefire()
Called fire()
Past the end of training data. Read and discard all inputs.
Checking for deadlock:
There are 3 Blocked actors, 0 Stopped actors, and 4 active threads.
Waiting for actors to stop.
Sent output token with value 4.5
Next port to read input from is inputB
Called postfire()
Called prefire()
Called fire()
Checking for deadlock:
There are 2 Blocked actors, 0 Stopped actors, and 4 active threads.
Waiting for actors to stop.
Read input token from inputB with value 6.0
Called postfire()
Called prefire()
Called fire()
Checking for deadlock:
There are 3 Blocked actors, 0 Stopped actors, and 4 active threads.
Waiting for actors to stop.
Checking for deadlock:
There are 2 Blocked actors, 0 Stopped actors, and 4 active threads.
Waiting for actors to stop.
Sent output token with value 5.0
Called prefire()
Called fire()
Past the end of training data. Read and discard all inputs.
Checking for deadlock:
There are 3 Blocked actors, 0 Stopped actors, and 4 active threads.
Waiting for actors to stop.
Next port to read input from is inputA
Called postfire()
Called prefire()
Called fire()
Checking for deadlock:
There are 2 Blocked actors, 0 Stopped actors, and 4 active threads.
Read input token from inputA with value 6.0
Waiting for actors to stop.
Called postfire()
Called prefire()
Called fire()
Checking for deadlock:
There are 3 Blocked actors, 0 Stopped actors, and 4 active threads.
Waiting for actors to stop.
Checking for deadlock:
Called prefire()
Called fire()
There are 2 Blocked actors, 0 Stopped actors, and 4 active threads.
Past the end of training data. Read and discard all inputs.
Waiting for actors to stop.
Checking for deadlock:
There are 3 Blocked actors, 0 Stopped actors, and 4 active threads.
Waiting for actors to stop.
Sent output token with value 6.0
Next port to read input from is inputB
Called postfire()
Called prefire()
Called fire()
Checking for deadlock:
There are 2 Blocked actors, 0 Stopped actors, and 4 active threads.
Waiting for actors to stop.
Read input token from inputB with value 7.5
Called postfire()
Called prefire()
Called fire()
Checking for deadlock:
There are 3 Blocked actors, 0 Stopped actors, and 4 active threads.
Waiting for actors to stop.
Checking for deadlock:
There are 2 Blocked actors, 0 Stopped actors, and 4 active threads.
Waiting for actors to stop.
Called prefire()
Called fire()
Past the end of training data. Read and discard all inputs.
Checking for deadlock:
Sent output token with value 6.0
There are 3 Blocked actors, 0 Stopped actors, and 4 active threads.
Waiting for actors to stop.
Next port to read input from is inputA
Called postfire()
Called prefire()
Called fire()
Checking for deadlock:
There are 2 Blocked actors, 0 Stopped actors, and 4 active threads.
Waiting for actors to stop.
Called postfire()
Called prefire()
Called fire()
Checking for deadlock:
There are 3 Blocked actors, 0 Stopped actors, and 4 active threads.
Waiting for actors to stop.
Read input token from inputA with value 7.0
Checking for deadlock:
There are 2 Blocked actors, 0 Stopped actors, and 4 active threads.
Waiting for actors to stop.
Sent output token with value 7.0
Called prefire()
Called fire()
Past the end of training data. Read and discard all inputs.
Checking for deadlock:
There are 3 Blocked actors, 0 Stopped actors, and 4 active threads.
Waiting for actors to stop.
Next port to read input from is inputA
Called postfire()
Called prefire()
Called fire()
Checking for deadlock:
There are 2 Blocked actors, 0 Stopped actors, and 4 active threads.
Waiting for actors to stop.
-- Thread wrapup() called.
Called wrapup()
Thread .top.Ramp is exiting.
Read input token from inputA with value 8.0
-- Thread stopped.
Sent output token with value 7.5
Next port to read input from is inputB
Called postfire()
Called prefire()
Called fire()
Read input token from inputB with value 9.0
Called postfire()
Called prefire()
Called fire()
Checking for deadlock:
There are 2 Blocked actors, 0 Stopped actors, and 3 active threads.
Waiting for actors to stop.
Called prefire()
Called fire()
Past the end of training data. Read and discard all inputs.
Checking for deadlock:
There are 2 Blocked actors, 0 Stopped actors, and 3 active threads.
Waiting for actors to stop.
Called prefire()
Called fire()
Past the end of training data. Read and discard all inputs.
Checking for deadlock:
There are 2 Blocked actors, 0 Stopped actors, and 3 active threads.
Waiting for actors to stop.
Sent output token with value 8.0
Next port to read input from is inputA
Called postfire()
Called prefire()
Called fire()
Read input token from inputA with value 9.0
Called prefire()
Called fire()
Past the end of training data. Read and discard all inputs.
Checking for deadlock:
There are 2 Blocked actors, 0 Stopped actors, and 3 active threads.
Waiting for actors to stop.
Sent output token with value 9.0
Next port to read input from is inputB
Called postfire()
Called prefire()
Called fire()
Called postfire()
Called prefire()
Called fire()
Checking for deadlock:
There are 2 Blocked actors, 0 Stopped actors, and 3 active threads.
Waiting for actors to stop.
Read input token from inputB with value 10.5
Called prefire()
Called fire()
Past the end of training data. Read and discard all inputs.
Checking for deadlock:
There are 2 Blocked actors, 0 Stopped actors, and 3 active threads.
Waiting for actors to stop.
Sent output token with value 9.0
Next port to read input from is inputA
Called postfire()
Called prefire()
Called fire()
Checking for deadlock:
There are 3 Blocked actors, 0 Stopped actors, and 3 active threads.
Actors have stopped.
Checking for deadlock:
There are 3 Blocked actors, 0 Stopped actors, and 3 active threads.
Deadlock detected.
Resolving Deadlock
Checking for deadlock:
There are 3 Blocked actors, 0 Stopped actors, and 3 active threads.
Artificial Deadlock - increasing queue capacity.
increasing the capacity of receiver ptolemy.actor.TypedIOPort {.top.OrderedMerge.inputB} to 2
Director: Called postfire().
Called postfire().
_stopRequested = false
_stopFireRequested = false
Returning from postfire(): true
Called fire().
Checking for deadlock:
There are 2 Blocked actors, 0 Stopped actors, and 3 active threads.
Waiting for actors to stop.
-- Thread wrapup() called.
Called wrapup()
Thread .top.Ramp2 is exiting.
-- Thread stopped.
Checking for deadlock:
There are 2 Blocked actors, 0 Stopped actors, and 2 active threads.
Actors have stopped.
Checking for deadlock:
There are 2 Blocked actors, 0 Stopped actors, and 2 active threads.
Deadlock detected.
Resolving Deadlock
Checking for deadlock:
There are 2 Blocked actors, 0 Stopped actors, and 2 active threads.
Deadlock detected: no processes blocked on write, but some are blocked on read.
Called postfire().
_stopRequested = false
_stopFireRequested = false
Returning from postfire(): false
Finished deactivating branches.
Called wrapup().
-- Thread wrapup() called.
Called wrapup()
-- Thread wrapup() called.
Called wrapup()
Thread .top.OrderedMerge is exiting.
-- Thread stopped.
-- Blocked Receiver call threw TerminateProcessException.
Thread .top.Test is exiting.
-- Thread stopped.
-- Blocked Receiver call threw TerminateProcessException.
80 ms. Memory: 129024K Free: 106253K (82%)
.top. Preinitializing ...
Invoking preinitialize():  .top.OrderedMerge
Called preinitialize()
Invoking preinitialize():  .top.Ramp
Called preinitialize()
Invoking preinitialize():  .top.Ramp2
Called preinitialize()
Invoking preinitialize():  .top.Test
Called preinitialize()
.top. Finished preinitialize().
Called initialize().
Invoking initialize():  .top.OrderedMerge
Initializing actor: .top.OrderedMerge
Adding a thread: .top.OrderedMerge
Invoking initialize():  .top.Ramp
Initializing actor: .top.Ramp
Adding a thread: .top.Ramp
Invoking initialize():  .top.Ramp2
Initializing actor: .top.Ramp2
Adding a thread: .top.Ramp2
Invoking initialize():  .top.Test
Initializing actor: .top.Test
Adding a thread: .top.Test
-- Starting thread.
Called initialize()
Called prefire()
Called fire()
-- Starting thread.
Called initialize()
Called prefire()
Called fire()
Called postfire()
Called prefire()
Called fire()
-- Starting thread.
Called initialize()
Called prefire()
Called fire()
Called postfire()
Called prefire()
Called fire()
Called fire().
Checking for deadlock:
There are 3 Blocked actors, 0 Stopped actors, and 4 active threads.
Waiting for actors to stop.
-- Starting thread.
Called initialize()
Called prefire()
Called fire()
Checking for deadlock:
There are 2 Blocked actors, 0 Stopped actors, and 4 active threads.
Waiting for actors to stop.
Called postfire()
Called prefire()
Called fire()
Read input token from inputA with value 0.0
Checking for deadlock:
There are 3 Blocked actors, 0 Stopped actors, and 4 active threads.
Waiting for actors to stop.
Next port to read input from is inputB
Called postfire()
Called prefire()
Called fire()
Checking for deadlock:
Called postfire()
There are 2 Blocked actors, 0 Stopped actors, and 4 active threads.
Called prefire()
Waiting for actors to stop.
Called fire()
Checking for deadlock:
There are 3 Blocked actors, 0 Stopped actors, and 4 active threads.
Waiting for actors to stop.
Read input token from inputB with value 0.0
Sent output token with value 0.0
-- Read input: 0.0, which is expected to match: 0.0
Called prefire()
Called fire()
Checking for deadlock:
There are 3 Blocked actors, 0 Stopped actors, and 4 active threads.
Waiting for actors to stop.
Next port to read input from is inputA
Called postfire()
Called prefire()
Called fire()
Checking for deadlock:
There are 2 Blocked actors, 0 Stopped actors, and 4 active threads.
Waiting for actors to stop.
Read input token from inputA with value 1.0
Called postfire()
Called prefire()
Called fire()
Sent output token with value 0.0
Next port to read input from is inputB
Called postfire()
-- Read input: 0.0, which is expected to match: 0.0
Called prefire()
Called fire()
Called prefire()
Called fire()
Checking for deadlock:
Read input token from inputB with value 1.5
There are 2 Blocked actors, 0 Stopped actors, and 4 active threads.
Waiting for actors to stop.
Called postfire()
Called prefire()
Called fire()
Sent output token with value 1.0
Next port to read input from is inputA
Called postfire()
Called prefire()
Called fire()
Read input token from inputA with value 2.0
Checking for deadlock:
There are 2 Blocked actors, 0 Stopped actors, and 4 active threads.
Waiting for actors to stop.
-- Read input: 1.0, which is expected to match: 1.0
Called prefire()
Called fire()
Called postfire()
Checking for deadlock:
Called prefire()
Called fire()
There are 2 Blocked actors, 0 Stopped actors, and 4 active threads.
Waiting for actors to stop.
Sent output token with value 1.5
Next port to read input from is inputB
Called postfire()
Called prefire()
Called fire()
Read input token from inputB with value 3.0
Checking for deadlock:
There are 2 Blocked actors, 0 Stopped actors, and 4 active threads.
Waiting for actors to stop.
Called postfire()
Called prefire()
Called fire()
-- Read input: 1.5, which is expected to match: 1.5
Called prefire()
Called fire()
Checking for deadlock:
There are 3 Blocked actors, 0 Stopped actors, and 4 active threads.
Waiting for actors to stop.
Sent output token with value 2.0
-- Read input: 2.0, which is expected to match: 2.0
Called prefire()
Next port to read input from is inputA
Called postfire()
Called fire()
Called prefire()
Called fire()
Read input token from inputA with value 3.0
Sent output token with value 3.0
Next port to read input from is inputB
Called postfire()
Called prefire()
Called fire()
Read input token from inputB with value 4.5
Checking for deadlock:
There are 1 Blocked actors, 0 Stopped actors, and 4 active threads.
Waiting for actors to stop.
Called postfire()
Called postfire()
Called prefire()
Called fire()
-- Read input: 3.0, which is expected to match: 3.0
Called prefire()
Called fire()
Checking for deadlock:
There are 2 Blocked actors, 0 Stopped actors, and 4 active threads.
Waiting for actors to stop.
Called prefire()
Called fire()
Checking for deadlock:
There are 3 Blocked actors, 0 Stopped actors, and 4 active threads.
Waiting for actors to stop.
Sent output token with value 3.0
Next port to read input from is inputA
Called postfire()
Called prefire()
Called fire()
Read input token from inputA with value 4.0
Called postfire()
Called prefire()
Called fire()
-- Read input: 3.0, which is expected to match: 3.0
Called prefire()
Called fire()
Checking for deadlock:
There are 3 Blocked actors, 0 Stopped actors, and 4 active threads.
Waiting for actors to stop.
Sent output token with value 4.0
Next port to read input from is inputA
Called postfire()
-- Read input: 4.0, which is expected to match: 4.0
Called prefire()
Called fire()
Past the end of training data. Read and discard all inputs.
Checking for deadlock:
There are 3 Blocked actors, 0 Stopped actors, and 4 active threads.
Waiting for actors to stop.
Called prefire()
Called fire()
Read input token from inputA with value 5.0
Sent output token with value 4.5
Next port to read input from is inputB
Called postfire()
Called prefire()
Called fire()
Read input token from inputB with value 6.0
Checking for deadlock:
There are 1 Blocked actors, 0 Stopped actors, and 4 active threads.
Waiting for actors to stop.
Called postfire()
Called prefire()
Called fire()
Called postfire()
Called prefire()
Called fire()
Called prefire()
Called fire()
Past the end of training data. Read and discard all inputs.
Checking for deadlock:
There are 2 Blocked actors, 0 Stopped actors, and 4 active threads.
Waiting for actors to stop.
Called prefire()
Called fire()
Sent output token with value 5.0
Past the end of training data. Read and discard all inputs.
Checking for deadlock:
Next port to read input from is inputA
Called postfire()
There are 3 Blocked actors, 0 Stopped actors, and 4 active threads.
Waiting for actors to stop.
Called prefire()
Called fire()
Checking for deadlock:
There are 2 Blocked actors, 0 Stopped actors, and 4 active threads.
Waiting for actors to stop.
Called postfire()
Called prefire()
Called fire()
Read input token from inputA with value 6.0
Checking for deadlock:
There are 3 Blocked actors, 0 Stopped actors, and 4 active threads.
Waiting for actors to stop.
Sent output token with value 6.0
Next port to read input from is inputB
Called postfire()
Called prefire()
Called fire()
Read input token from inputB with value 7.5
Called postfire()
Called prefire()
Called prefire()
Called fire()
Called fire()
Past the end of training data. Read and discard all inputs.
Checking for deadlock:
There are 2 Blocked actors, 0 Stopped actors, and 4 active threads.
Waiting for actors to stop.
Checking for deadlock:
There are 2 Blocked actors, 0 Stopped actors, and 4 active threads.
Waiting for actors to stop.
Sent output token with value 6.0
Next port to read input from is inputA
Called postfire()
Called prefire()
Called fire()
Read input token from inputA with value 7.0
Checking for deadlock:
There are 2 Blocked actors, 0 Stopped actors, and 4 active threads.
Waiting for actors to stop.
Called postfire()
Called prefire()
Called fire()
Called prefire()
Called fire()
Past the end of training data. Read and discard all inputs.
Checking for deadlock:
There are 3 Blocked actors, 0 Stopped actors, and 4 active threads.
Waiting for actors to stop.
Sent output token with value 7.0
Next port to read input from is inputA
Called postfire()
Called prefire()
Called fire()
Read input token from inputA with value 8.0
Checking for deadlock:
There are 2 Blocked actors, 0 Stopped actors, and 4 active threads.
Waiting for actors to stop.
Called prefire()
Called fire()
Past the end of training data. Read and discard all inputs.
-- Thread wrapup() called.
Called wrapup()
Thread .top.Ramp is exiting.
-- Thread stopped.
Checking for deadlock:
There are 2 Blocked actors, 0 Stopped actors, and 3 active threads.
Waiting for actors to stop.
Checking for deadlock:
There are 1 Blocked actors, 0 Stopped actors, and 3 active threads.
Waiting for actors to stop.
Sent output token with value 7.5
Called prefire()
Called fire()
Past the end of training data. Read and discard all inputs.
Next port to read input from is inputB
Called postfire()
Called prefire()
Called fire()
Read input token from inputB with value 9.0
Sent output token with value 8.0
Next port to read input from is inputA
Called postfire()
Called prefire()
Called fire()
Read input token from inputA with value 9.0
Called postfire()
Called prefire()
Called prefire()
Called fire()
Called fire()
Past the end of training data. Read and discard all inputs.
Checking for deadlock:
There are 2 Blocked actors, 0 Stopped actors, and 3 active threads.
Waiting for actors to stop.
Called prefire()
Called fire()
Past the end of training data. Read and discard all inputs.
Sent output token with value 9.0
Next port to read input from is inputB
Called postfire()
Called prefire()
Called fire()
Read input token from inputB with value 10.5
Sent output token with value 9.0
Next port to read input from is inputA
Called postfire()
Called prefire()
Called fire()
Checking for deadlock:
There are 1 Blocked actors, 0 Stopped actors, and 3 active threads.
Waiting for actors to stop.
Called postfire()
Called prefire()
Called fire()
Called prefire()
Past the end of training data. Read and discard all inputs.
Called fire()
Checking for deadlock:
There are 3 Blocked actors, 0 Stopped actors, and 3 active threads.
Actors have stopped.
Checking for deadlock:
There are 3 Blocked actors, 0 Stopped actors, and 3 active threads.
Deadlock detected.
Resolving Deadlock
Checking for deadlock:
There are 3 Blocked actors, 0 Stopped actors, and 3 active threads.
Artificial Deadlock - increasing queue capacity.
increasing the capacity of receiver ptolemy.actor.TypedIOPort {.top.OrderedMerge.inputB} to 2
Director: Called postfire().
Called postfire().
-- Thread wrapup() called.
_stopRequested = false
Called wrapup()
_stopFireRequested = false
Returning from postfire(): true
Called fire().
Checking for deadlock:
There are 2 Blocked actors, 0 Stopped actors, and 3 active threads.
Waiting for actors to stop.
Thread .top.Ramp2 is exiting.
-- Thread stopped.
Checking for deadlock:
There are 2 Blocked actors, 0 Stopped actors, and 2 active threads.
Actors have stopped.
Checking for deadlock:
There are 2 Blocked actors, 0 Stopped actors, and 2 active threads.
Deadlock detected.
Resolving Deadlock
Checking for deadlock:
There are 2 Blocked actors, 0 Stopped actors, and 2 active threads.
Deadlock detected: no processes blocked on write, but some are blocked on read.
Called postfire().
_stopRequested = false
_stopFireRequested = false
Returning from postfire(): false
Finished deactivating branches.
Called wrapup().
-- Thread wrapup() called.
Called wrapup()
-- Thread wrapup() called.
Called wrapup()
Thread .top.Test is exiting.
-- Thread stopped.
-- Blocked Receiver call threw TerminateProcessException.
Thread .top.OrderedMerge is exiting.
-- Thread stopped.
-- Blocked Receiver call threw TerminateProcessException.
59 ms. Memory: 129024K Free: 103691K (80%)
/home/travis/build/icyphy/ptII/ptolemy/actor/lib/test/Publisher.tcl
22 ms. Memory: 129024K Free: 97547K (76%)
4 ms. Memory: 129024K Free: 92413K (72%)
6 ms. Memory: 129024K Free: 88317K (68%)
3 ms. Memory: 129024K Free: 87293K (68%)
4 ms. Memory: 129024K Free: 86797K (67%)
16 ms. Memory: 129024K Free: 113394K (88%)
3 ms. Memory: 129024K Free: 112999K (88%)
3 ms. Memory: 129024K Free: 111975K (87%)
17 ms. Memory: 129024K Free: 102245K (79%)
3 ms. Memory: 129024K Free: 98149K (76%)
2 ms. Memory: 129024K Free: 97639K (76%)
3 ms. Memory: 129024K Free: 95591K (74%)
6 ms. Memory: 129024K Free: 87909K (68%)
5 ms. Memory: 129024K Free: 78183K (61%)
18 ms. Memory: 129024K Free: 67429K (52%)
/home/travis/build/icyphy/ptII/ptolemy/actor/lib/test/Pulse.tcl
6 ms. Memory: 158720K Free: 124242K (78%)
8 ms. Memory: 158720K Free: 123220K (78%)
1 ms. Memory: 158720K Free: 122706K (77%)
1 ms. Memory: 158720K Free: 122196K (77%)
5 ms. Memory: 158720K Free: 121668K (77%)
9 ms. Memory: 158720K Free: 120658K (76%)
3 ms. Memory: 158720K Free: 119620K (75%)
3 ms. Memory: 158720K Free: 119124K (75%)
4 ms. Memory: 158720K Free: 118100K (74%)
/home/travis/build/icyphy/ptII/ptolemy/actor/lib/test/Ramp.tcl
5 ms. Memory: 158720K Free: 116556K (73%)
2 ms. Memory: 158720K Free: 115508K (73%)
2 ms. Memory: 158720K Free: 115028K (72%)
2 ms. Memory: 158720K Free: 114004K (72%)
4 ms. Memory: 158720K Free: 113490K (72%)
7 ms. Memory: 158720K Free: 112466K (71%)
5 ms. Memory: 158720K Free: 111442K (70%)
5 actors
8000 microseconds per iteration to create
9 ms. Memory: 158720K Free: 108884K (69%)
1 ms. Memory: 158720K Free: 107860K (68%)
2 ms. Memory: 158720K Free: 107346K (68%)
1 ms. Memory: 158720K Free: 106836K (67%)
50 actors
38000 microseconds per iteration to create
36 ms. Memory: 158720K Free: 91476K (58%)
8 ms. Memory: 158720K Free: 90452K (57%)
4 ms. Memory: 158720K Free: 89428K (56%)
4 ms. Memory: 158720K Free: 88404K (56%)
500 actors
1404000 microseconds per iteration to create
227 ms. Memory: 158720K Free: 77682K (49%)
34 ms. Memory: 158720K Free: 72052K (45%)
39 ms. Memory: 158720K Free: 66932K (42%)
36 ms. Memory: 158720K Free: 61812K (39%)
/home/travis/build/icyphy/ptII/ptolemy/actor/lib/test/RampContinuous.tcl
9 ms. Memory: 158720K Free: 60260K (38%)
/home/travis/build/icyphy/ptII/ptolemy/actor/lib/test/RecordAssembler.tcl
5 ms. Memory: 158720K Free: 58740K (37%)
2 ms. Memory: 158720K Free: 57716K (36%)
/home/travis/build/icyphy/ptII/ptolemy/actor/lib/test/RecordDisassembler.tcl
12 ms. Memory: 158720K Free: 56164K (35%)
4 ms. Memory: 158720K Free: 55154K (35%)
3 ms. Memory: 158720K Free: 54130K (34%)
/home/travis/build/icyphy/ptII/ptolemy/actor/lib/test/Scale.tcl
2 ms. Memory: 158720K Free: 52596K (33%)
1 ms. Memory: 158720K Free: 135823K (86%)
2 ms. Memory: 158720K Free: 135278K (85%)
1 ms. Memory: 158720K Free: 134285K (85%)
2 ms. Memory: 158720K Free: 133246K (84%)
/home/travis/build/icyphy/ptII/ptolemy/actor/lib/test/SequentialClock.tcl
preinitializing
resolving types
initializing
executing number 1
wrapping up
idle
4 ms. Memory: 158720K Free: 132237K (83%)
Completed execution with 5 iterations
preinitializing
resolving types
initializing
executing number 1
wrapping up
idle
1 ms. Memory: 158720K Free: 131727K (83%)
Completed execution with 5 iterations
preinitializing
resolving types
initializing
executing number 1
wrapping up
idle
1 ms. Memory: 158720K Free: 131213K (83%)
Completed execution with 5 iterations
/home/travis/build/icyphy/ptII/ptolemy/actor/lib/test/SetVariable.tcl
4 ms. Memory: 158720K Free: 129150K (81%)


==== $PTII/ptolemy/actor/lib/test/SetVariable.tcl: SetVariable-3.1 changeFailed
==== Contents of test case:

    #Uses 2.1 above
    jdkCaptureErr {
        # This test was failing if we ran Exit.tcl and then this test.
        # MessageHandler.error() now actually throws the Exception.
	catch {$setVariable changeFailed [java::null]  [java::new Exception {Test exception for SetVariable.changeFailed()}]} errMsg
    } results
    list [string range $results 0 89] "\n" $errMsg

==== Result was:
{java.lang.Exception: Test exception for SetVariable.changeFailed()
	at java.base/jdk.inter} {
} {java.lang.RuntimeException: java.lang.Exception: Test exception for SetVariable.changeFailed()}
---- Result should have been:
{Failed to set variable.
java.lang.Exception: Test exception for SetVariable.changeFailed()} {
} {java.lang.RuntimeException: java.lang.Exception: Test exception for SetVariable.changeFailed()}
---- SetVariable-3.1 FAILED
/home/travis/build/icyphy/ptII/ptolemy/actor/lib/test/Sinewave.tcl
/home/travis/build/icyphy/ptII/ptolemy/actor/lib/test/SubscriptionAggregator.tcl
4 ms. Memory: 158720K Free: 117391K (74%)
2 ms. Memory: 158720K Free: 116367K (73%)
0 ms. Memory: 158720K Free: 115838K (73%)
1 ms. Memory: 158720K Free: 115838K (73%)
2 ms. Memory: 158720K Free: 112271K (71%)
12 ms. Memory: 158720K Free: 109709K (69%)
...............................................................938 ms. Memory: 310272K Free: 238056K (77%)
/home/travis/build/icyphy/ptII/ptolemy/actor/lib/test/Test.tcl
 The next command will produce a warning about training mode,
   which may be ignored.
4 ms. Memory: 310272K Free: 236015K (76%)
3 ms. Memory: 310272K Free: 234991K (76%)
1 ms. Memory: 310272K Free: 234496K (76%)
1 ms. Memory: 310272K Free: 233982K (75%)
1 ms. Memory: 310272K Free: 233470K (75%)
3 ms. Memory: 310272K Free: 231919K (75%)
3 ms. Memory: 310272K Free: 230910K (74%)
 The next command will produce a warning about training mode,
   which may be ignored.
4 ms. Memory: 310272K Free: 228352K (74%)
 The next command will produce a warning about training mode,
   which may be ignored.
3 ms. Memory: 310272K Free: 227328K (73%)
1 ms. Memory: 310272K Free: 226814K (73%)
1 ms. Memory: 310272K Free: 226304K (73%)
1 ms. Memory: 310272K Free: 225790K (73%)
6 ms. Memory: 310272K Free: 224766K (72%)
3 ms. Memory: 310272K Free: 220670K (71%)
/home/travis/build/icyphy/ptII/ptolemy/actor/lib/test/TestExceptionHandler.tcl
 The next command will produce a warning about training mode,
   which may be ignored.
3 ms. Memory: 310272K Free: 219646K (71%)
1 ms. Memory: 310272K Free: 219136K (71%)
1 ms. Memory: 310272K Free: 218615K (70%)
/home/travis/build/icyphy/ptII/ptolemy/actor/lib/test/UnionDisassembler.tcl
14 ms. Memory: 310272K Free: 211454K (68%)
/home/travis/build/icyphy/ptII/ptolemy/actor/lib/test/VariableClock.tcl
preinitializing
resolving types
initializing
executing number 1
wrapping up
idle
3 ms. Memory: 310272K Free: 209406K (67%)
Completed execution with 11 iterations
preinitializing
resolving types
initializing
executing number 1
wrapping up
idle
4 ms. Memory: 310272K Free: 207872K (67%)
Completed execution with 10 iterations
12/28/19 06:28:42
Failed: 1  Total Tests: 234  ((Passed: 233, Newly Passed: 0)  Known Failed: 0) /home/travis/build/icyphy/ptII/ptolemy/actor/lib/test
----------------- testing (KnownFailure) /home/travis/build/icyphy/ptII/ptolemy/actor/lib/test/auto/knownFailedTests/PublisherPortToplevelSubscriber.xml
0 ms. Memory: 310272K Free: 204286K (66%)
Known Failure: java.lang.reflect.InvocationTargetException
----------------- testing (KnownFailure) /home/travis/build/icyphy/ptII/ptolemy/actor/lib/test/auto/knownFailedTests/PublisherSubscriberPortToplevel.xml
0 ms. Memory: 310272K Free: 200175K (65%)
Known Failure: java.lang.reflect.InvocationTargetException
----------------- testing (KnownFailure) /home/travis/build/icyphy/ptII/ptolemy/actor/lib/test/auto/knownFailedTests/PublisherSubscriptionAggregatorPort.xml
0 ms. Memory: 310272K Free: 195584K (63%)
Known Failure: java.lang.reflect.InvocationTargetException
----------------- testing (KnownFailure) /home/travis/build/icyphy/ptII/ptolemy/actor/lib/test/auto/knownFailedTests/sizedarray3.xml
4 ms. Memory: 310272K Free: 191488K (62%)
Known Failure: java.lang.reflect.InvocationTargetException
No auto/linux-amd64/*.xml tests in /home/travis/build/icyphy/ptII/ptolemy/actor/lib/test
AutoTests.java: About to close Vertx.
AutoTests.java: Vertx closed.

===========================================================================================
----------------- testing Sat Dec 28 06:28:43 UTC 2019 /home/travis/build/icyphy/ptII/ptolemy/actor/lib/test/auto/AbsoluteValue.xml
----------------- Instantiating /home/travis/build/icyphy/ptII/ptolemy/actor/lib/test/auto/AbsoluteValue.xml
23 ms. Memory: 310272K Free: 169470K (55%)
----------------- Invoking toplevel() on ptolemy.moml.MoMLSimpleApplication@1ee7a82
----------------- Done invoking toplevel() on ptolemy.moml.MoMLSimpleApplication@1ee7a82
reloadAllAccessors: .AbsoluteValue

===========================================================================================
----------------- testing Sat Dec 28 06:28:43 UTC 2019 /home/travis/build/icyphy/ptII/ptolemy/actor/lib/test/auto/AbsoluteValue2.xml
----------------- Instantiating /home/travis/build/icyphy/ptII/ptolemy/actor/lib/test/auto/AbsoluteValue2.xml
4 ms. Memory: 310272K Free: 162302K (52%)
----------------- Invoking toplevel() on ptolemy.moml.MoMLSimpleApplication@67172533
----------------- Done invoking toplevel() on ptolemy.moml.MoMLSimpleApplication@67172533
reloadAllAccessors: .AbsoluteValue2

===========================================================================================
----------------- testing Sat Dec 28 06:28:43 UTC 2019 /home/travis/build/icyphy/ptII/ptolemy/actor/lib/test/auto/Accumulator.xml
----------------- Instantiating /home/travis/build/icyphy/ptII/ptolemy/actor/lib/test/auto/Accumulator.xml
6 ms. Memory: 310272K Free: 155648K (50%)
----------------- Invoking toplevel() on ptolemy.moml.MoMLSimpleApplication@270eccc3
----------------- Done invoking toplevel() on ptolemy.moml.MoMLSimpleApplication@270eccc3
reloadAllAccessors: .Accumulator

===========================================================================================
----------------- testing Sat Dec 28 06:28:43 UTC 2019 /home/travis/build/icyphy/ptII/ptolemy/actor/lib/test/auto/Accumulator2.xml
----------------- Instantiating /home/travis/build/icyphy/ptII/ptolemy/actor/lib/test/auto/Accumulator2.xml
2 ms. Memory: 310272K Free: 150528K (49%)
----------------- Invoking toplevel() on ptolemy.moml.MoMLSimpleApplication@5204eed3
----------------- Done invoking toplevel() on ptolemy.moml.MoMLSimpleApplication@5204eed3
reloadAllAccessors: .Accumulator2

===========================================================================================
----------------- testing Sat Dec 28 06:28:43 UTC 2019 /home/travis/build/icyphy/ptII/ptolemy/actor/lib/test/auto/Accumulator3.xml
----------------- Instantiating /home/travis/build/icyphy/ptII/ptolemy/actor/lib/test/auto/Accumulator3.xml
6 ms. Memory: 310272K Free: 145918K (47%)
----------------- Invoking toplevel() on ptolemy.moml.MoMLSimpleApplication@126018ac
----------------- Done invoking toplevel() on ptolemy.moml.MoMLSimpleApplication@126018ac
reloadAllAccessors: .Accumulator3

===========================================================================================
----------------- testing Sat Dec 28 06:28:43 UTC 2019 /home/travis/build/icyphy/ptII/ptolemy/actor/lib/test/auto/ArrayAppend.xml
----------------- Instantiating /home/travis/build/icyphy/ptII/ptolemy/actor/lib/test/auto/ArrayAppend.xml
7 ms. Memory: 310272K Free: 140288K (45%)
----------------- Invoking toplevel() on ptolemy.moml.MoMLSimpleApplication@1ba75df1
----------------- Done invoking toplevel() on ptolemy.moml.MoMLSimpleApplication@1ba75df1
reloadAllAccessors: .ArrayAppend

===========================================================================================
----------------- testing Sat Dec 28 06:28:43 UTC 2019 /home/travis/build/icyphy/ptII/ptolemy/actor/lib/test/auto/ArrayAppend2.xml
----------------- Instantiating /home/travis/build/icyphy/ptII/ptolemy/actor/lib/test/auto/ArrayAppend2.xml
458 ms. Memory: 310272K Free: 215284K (69%)
----------------- Invoking toplevel() on ptolemy.moml.MoMLSimpleApplication@7efe302c
----------------- Done invoking toplevel() on ptolemy.moml.MoMLSimpleApplication@7efe302c
reloadAllAccessors: .ArrayAppend2

===========================================================================================
----------------- testing Sat Dec 28 06:28:43 UTC 2019 /home/travis/build/icyphy/ptII/ptolemy/actor/lib/test/auto/ArrayAppend3.xml
----------------- Instantiating /home/travis/build/icyphy/ptII/ptolemy/actor/lib/test/auto/ArrayAppend3.xml
5 ms. Memory: 310272K Free: 209140K (67%)
----------------- Invoking toplevel() on ptolemy.moml.MoMLSimpleApplication@29b3ade6
----------------- Done invoking toplevel() on ptolemy.moml.MoMLSimpleApplication@29b3ade6
reloadAllAccessors: .ArrayAppend3

===========================================================================================
----------------- testing Sat Dec 28 06:28:43 UTC 2019 /home/travis/build/icyphy/ptII/ptolemy/actor/lib/test/auto/ArrayAppend4.xml
----------------- Instantiating /home/travis/build/icyphy/ptII/ptolemy/actor/lib/test/auto/ArrayAppend4.xml
2 ms. Memory: 310272K Free: 204020K (66%)
----------------- Invoking toplevel() on ptolemy.moml.MoMLSimpleApplication@1e185deb
----------------- Done invoking toplevel() on ptolemy.moml.MoMLSimpleApplication@1e185deb
reloadAllAccessors: .ArrayAppend4

===========================================================================================
----------------- testing Sat Dec 28 06:28:43 UTC 2019 /home/travis/build/icyphy/ptII/ptolemy/actor/lib/test/auto/ArrayAppend5.xml
----------------- Instantiating /home/travis/build/icyphy/ptII/ptolemy/actor/lib/test/auto/ArrayAppend5.xml
3 ms. Memory: 310272K Free: 198386K (64%)
----------------- Invoking toplevel() on ptolemy.moml.MoMLSimpleApplication@4d06bba3
----------------- Done invoking toplevel() on ptolemy.moml.MoMLSimpleApplication@4d06bba3
reloadAllAccessors: .ArrayAppend5

===========================================================================================
----------------- testing Sat Dec 28 06:28:43 UTC 2019 /home/travis/build/icyphy/ptII/ptolemy/actor/lib/test/auto/ArrayAppend6.xml
----------------- Instantiating /home/travis/build/icyphy/ptII/ptolemy/actor/lib/test/auto/ArrayAppend6.xml
3 ms. Memory: 310272K Free: 193266K (62%)
----------------- Invoking toplevel() on ptolemy.moml.MoMLSimpleApplication@34ee85c3
----------------- Done invoking toplevel() on ptolemy.moml.MoMLSimpleApplication@34ee85c3
reloadAllAccessors: .ArrayAppend6

===========================================================================================
----------------- testing Sat Dec 28 06:28:44 UTC 2019 /home/travis/build/icyphy/ptII/ptolemy/actor/lib/test/auto/ArrayAppendPerformanceTest.xml
----------------- Instantiating /home/travis/build/icyphy/ptII/ptolemy/actor/lib/test/auto/ArrayAppendPerformanceTest.xml
25 ms. Memory: 310272K Free: 182002K (59%)
----------------- Invoking toplevel() on ptolemy.moml.MoMLSimpleApplication@6dc2fe70
----------------- Done invoking toplevel() on ptolemy.moml.MoMLSimpleApplication@6dc2fe70
reloadAllAccessors: .ArrayAppendPerformanceTest

===========================================================================================
----------------- testing Sat Dec 28 06:28:44 UTC 2019 /home/travis/build/icyphy/ptII/ptolemy/actor/lib/test/auto/ArrayAppendWithEmptyInput.xml
----------------- Instantiating /home/travis/build/icyphy/ptII/ptolemy/actor/lib/test/auto/ArrayAppendWithEmptyInput.xml
12 ms. Memory: 310272K Free: 174324K (56%)
----------------- Invoking toplevel() on ptolemy.moml.MoMLSimpleApplication@e4cfbb7
----------------- Done invoking toplevel() on ptolemy.moml.MoMLSimpleApplication@e4cfbb7
reloadAllAccessors: .ArrayAppendWithEmptyInput

===========================================================================================
----------------- testing Sat Dec 28 06:28:44 UTC 2019 /home/travis/build/icyphy/ptII/ptolemy/actor/lib/test/auto/ArrayAverage.xml
----------------- Instantiating /home/travis/build/icyphy/ptII/ptolemy/actor/lib/test/auto/ArrayAverage.xml
10 ms. Memory: 310272K Free: 166132K (54%)
----------------- Invoking toplevel() on ptolemy.moml.MoMLSimpleApplication@2617c56a
----------------- Done invoking toplevel() on ptolemy.moml.MoMLSimpleApplication@2617c56a
reloadAllAccessors: .ArrayAverage

===========================================================================================
----------------- testing Sat Dec 28 06:28:44 UTC 2019 /home/travis/build/icyphy/ptII/ptolemy/actor/lib/test/auto/ArrayContains.xml
----------------- Instantiating /home/travis/build/icyphy/ptII/ptolemy/actor/lib/test/auto/ArrayContains.xml
10 ms. Memory: 310272K Free: 160498K (52%)
----------------- Invoking toplevel() on ptolemy.moml.MoMLSimpleApplication@472140c4
----------------- Done invoking toplevel() on ptolemy.moml.MoMLSimpleApplication@472140c4
reloadAllAccessors: .ArrayContains

===========================================================================================
----------------- testing Sat Dec 28 06:28:44 UTC 2019 /home/travis/build/icyphy/ptII/ptolemy/actor/lib/test/auto/ArrayElement.xml
----------------- Instantiating /home/travis/build/icyphy/ptII/ptolemy/actor/lib/test/auto/ArrayElement.xml
8 ms. Memory: 310272K Free: 154354K (50%)
----------------- Invoking toplevel() on ptolemy.moml.MoMLSimpleApplication@64bec2e5
----------------- Done invoking toplevel() on ptolemy.moml.MoMLSimpleApplication@64bec2e5
reloadAllAccessors: .ArrayElement

===========================================================================================
----------------- testing Sat Dec 28 06:28:44 UTC 2019 /home/travis/build/icyphy/ptII/ptolemy/actor/lib/test/auto/ArrayElementAsMatrix.xml
----------------- Instantiating /home/travis/build/icyphy/ptII/ptolemy/actor/lib/test/auto/ArrayElementAsMatrix.xml
12 ms. Memory: 310272K Free: 144628K (47%)
----------------- Invoking toplevel() on ptolemy.moml.MoMLSimpleApplication@27822be5
----------------- Done invoking toplevel() on ptolemy.moml.MoMLSimpleApplication@27822be5
reloadAllAccessors: .ArrayElementAsMatrix

===========================================================================================
----------------- testing Sat Dec 28 06:28:44 UTC 2019 /home/travis/build/icyphy/ptII/ptolemy/actor/lib/test/auto/ArrayElementI.xml
----------------- Instantiating /home/travis/build/icyphy/ptII/ptolemy/actor/lib/test/auto/ArrayElementI.xml
6 ms. Memory: 310272K Free: 139508K (45%)
----------------- Invoking toplevel() on ptolemy.moml.MoMLSimpleApplication@2a2b202c
----------------- Done invoking toplevel() on ptolemy.moml.MoMLSimpleApplication@2a2b202c
reloadAllAccessors: .ArrayElementI

===========================================================================================
----------------- testing Sat Dec 28 06:28:44 UTC 2019 /home/travis/build/icyphy/ptII/ptolemy/actor/lib/test/auto/ArrayExtract.xml
----------------- Instantiating /home/travis/build/icyphy/ptII/ptolemy/actor/lib/test/auto/ArrayExtract.xml
6 ms. Memory: 310272K Free: 131316K (42%)
----------------- Invoking toplevel() on ptolemy.moml.MoMLSimpleApplication@4d189f93
----------------- Done invoking toplevel() on ptolemy.moml.MoMLSimpleApplication@4d189f93
reloadAllAccessors: .ArrayExtract

===========================================================================================
----------------- testing Sat Dec 28 06:28:44 UTC 2019 /home/travis/build/icyphy/ptII/ptolemy/actor/lib/test/auto/ArrayExtract2.xml
----------------- Instantiating /home/travis/build/icyphy/ptII/ptolemy/actor/lib/test/auto/ArrayExtract2.xml
2 ms. Memory: 310272K Free: 126196K (41%)
----------------- Invoking toplevel() on ptolemy.moml.MoMLSimpleApplication@5a51902c
----------------- Done invoking toplevel() on ptolemy.moml.MoMLSimpleApplication@5a51902c
reloadAllAccessors: .ArrayExtract2

===========================================================================================
----------------- testing Sat Dec 28 06:28:44 UTC 2019 /home/travis/build/icyphy/ptII/ptolemy/actor/lib/test/auto/ArrayLength.xml
----------------- Instantiating /home/travis/build/icyphy/ptII/ptolemy/actor/lib/test/auto/ArrayLength.xml
1 ms. Memory: 310272K Free: 122100K (39%)
----------------- Invoking toplevel() on ptolemy.moml.MoMLSimpleApplication@9bfea82
----------------- Done invoking toplevel() on ptolemy.moml.MoMLSimpleApplication@9bfea82
reloadAllAccessors: .ArrayLength

===========================================================================================
----------------- testing Sat Dec 28 06:28:44 UTC 2019 /home/travis/build/icyphy/ptII/ptolemy/actor/lib/test/auto/ArrayLevelCrossing.xml
----------------- Instantiating /home/travis/build/icyphy/ptII/ptolemy/actor/lib/test/auto/ArrayLevelCrossing.xml
3 ms. Memory: 310272K Free: 114418K (37%)
----------------- Invoking toplevel() on ptolemy.moml.MoMLSimpleApplication@64ba4f02
----------------- Done invoking toplevel() on ptolemy.moml.MoMLSimpleApplication@64ba4f02
reloadAllAccessors: .ArrayLevelCrossing

===========================================================================================
----------------- testing Sat Dec 28 06:28:44 UTC 2019 /home/travis/build/icyphy/ptII/ptolemy/actor/lib/test/auto/ArrayLevelCrossing2.xml
----------------- Instantiating /home/travis/build/icyphy/ptII/ptolemy/actor/lib/test/auto/ArrayLevelCrossing2.xml
3 ms. Memory: 310272K Free: 106740K (34%)
----------------- Invoking toplevel() on ptolemy.moml.MoMLSimpleApplication@47a91df1
----------------- Done invoking toplevel() on ptolemy.moml.MoMLSimpleApplication@47a91df1
reloadAllAccessors: .ArrayLevelCrossing2

===========================================================================================
----------------- testing Sat Dec 28 06:28:44 UTC 2019 /home/travis/build/icyphy/ptII/ptolemy/actor/lib/test/auto/ArrayPeakSearch.xml
----------------- Instantiating /home/travis/build/icyphy/ptII/ptolemy/actor/lib/test/auto/ArrayPeakSearch.xml
6 ms. Memory: 310272K Free: 98034K (32%)
----------------- Invoking toplevel() on ptolemy.moml.MoMLSimpleApplication@10213fed
----------------- Done invoking toplevel() on ptolemy.moml.MoMLSimpleApplication@10213fed
reloadAllAccessors: .ArrayPeakSearch

===========================================================================================
----------------- testing Sat Dec 28 06:28:44 UTC 2019 /home/travis/build/icyphy/ptII/ptolemy/actor/lib/test/auto/ArrayPeakSearch2.xml
----------------- Instantiating /home/travis/build/icyphy/ptII/ptolemy/actor/lib/test/auto/ArrayPeakSearch2.xml
6 ms. Memory: 310272K Free: 257024K (83%)
----------------- Invoking toplevel() on ptolemy.moml.MoMLSimpleApplication@5d00006c
----------------- Done invoking toplevel() on ptolemy.moml.MoMLSimpleApplication@5d00006c
reloadAllAccessors: .ArrayPeakSearch2

===========================================================================================
----------------- testing Sat Dec 28 06:28:44 UTC 2019 /home/travis/build/icyphy/ptII/ptolemy/actor/lib/test/auto/ArrayPeakSearch3.xml
----------------- Instantiating /home/travis/build/icyphy/ptII/ptolemy/actor/lib/test/auto/ArrayPeakSearch3.xml
7 ms. Memory: 310272K Free: 247808K (80%)
----------------- Invoking toplevel() on ptolemy.moml.MoMLSimpleApplication@2b6567f2
----------------- Done invoking toplevel() on ptolemy.moml.MoMLSimpleApplication@2b6567f2
reloadAllAccessors: .ArrayPeakSearch3

===========================================================================================
----------------- testing Sat Dec 28 06:28:44 UTC 2019 /home/travis/build/icyphy/ptII/ptolemy/actor/lib/test/auto/ArrayRemoveElement.xml
----------------- Instantiating /home/travis/build/icyphy/ptII/ptolemy/actor/lib/test/auto/ArrayRemoveElement.xml
3 ms. Memory: 310272K Free: 240126K (77%)
----------------- Invoking toplevel() on ptolemy.moml.MoMLSimpleApplication@f3a7b6c
----------------- Done invoking toplevel() on ptolemy.moml.MoMLSimpleApplication@f3a7b6c
reloadAllAccessors: .ArrayRemoveElement

===========================================================================================
----------------- testing Sat Dec 28 06:28:44 UTC 2019 /home/travis/build/icyphy/ptII/ptolemy/actor/lib/test/auto/ArraySort.xml
----------------- Instantiating /home/travis/build/icyphy/ptII/ptolemy/actor/lib/test/auto/ArraySort.xml
5 ms. Memory: 310272K Free: 230910K (74%)
----------------- Invoking toplevel() on ptolemy.moml.MoMLSimpleApplication@49e49b03
----------------- Done invoking toplevel() on ptolemy.moml.MoMLSimpleApplication@49e49b03
reloadAllAccessors: .ArraySort

===========================================================================================
----------------- testing Sat Dec 28 06:28:44 UTC 2019 /home/travis/build/icyphy/ptII/ptolemy/actor/lib/test/auto/ArraySum.xml
----------------- Instantiating /home/travis/build/icyphy/ptII/ptolemy/actor/lib/test/auto/ArraySum.xml
4 ms. Memory: 310272K Free: 225790K (73%)
----------------- Invoking toplevel() on ptolemy.moml.MoMLSimpleApplication@12fc5ead
----------------- Done invoking toplevel() on ptolemy.moml.MoMLSimpleApplication@12fc5ead
reloadAllAccessors: .ArraySum

===========================================================================================
----------------- testing Sat Dec 28 06:28:44 UTC 2019 /home/travis/build/icyphy/ptII/ptolemy/actor/lib/test/auto/ArrayToElements.xml
----------------- Instantiating /home/travis/build/icyphy/ptII/ptolemy/actor/lib/test/auto/ArrayToElements.xml
7 ms. Memory: 310272K Free: 220160K (71%)
----------------- Invoking toplevel() on ptolemy.moml.MoMLSimpleApplication@222428d4
----------------- Done invoking toplevel() on ptolemy.moml.MoMLSimpleApplication@222428d4
reloadAllAccessors: .ArrayToElements

===========================================================================================
----------------- testing Sat Dec 28 06:28:44 UTC 2019 /home/travis/build/icyphy/ptII/ptolemy/actor/lib/test/auto/ArrayToMatrix.xml
----------------- Instantiating /home/travis/build/icyphy/ptII/ptolemy/actor/lib/test/auto/ArrayToMatrix.xml
22 ms. Memory: 310272K Free: 205824K (66%)
----------------- Invoking toplevel() on ptolemy.moml.MoMLSimpleApplication@58aa1346
----------------- Done invoking toplevel() on ptolemy.moml.MoMLSimpleApplication@58aa1346
reloadAllAccessors: .ArrayToMatrix

===========================================================================================
----------------- testing Sat Dec 28 06:28:44 UTC 2019 /home/travis/build/icyphy/ptII/ptolemy/actor/lib/test/auto/ArrayUpdate1.xml
----------------- Instantiating /home/travis/build/icyphy/ptII/ptolemy/actor/lib/test/auto/ArrayUpdate1.xml
4 ms. Memory: 310272K Free: 200704K (65%)
----------------- Invoking toplevel() on ptolemy.moml.MoMLSimpleApplication@1b0e6223
----------------- Done invoking toplevel() on ptolemy.moml.MoMLSimpleApplication@1b0e6223
reloadAllAccessors: .ArrayUpdate1

===========================================================================================
----------------- testing Sat Dec 28 06:28:44 UTC 2019 /home/travis/build/icyphy/ptII/ptolemy/actor/lib/test/auto/ArrayUpdate2.xml
----------------- Instantiating /home/travis/build/icyphy/ptII/ptolemy/actor/lib/test/auto/ArrayUpdate2.xml
6 ms. Memory: 310272K Free: 195070K (63%)
----------------- Invoking toplevel() on ptolemy.moml.MoMLSimpleApplication@4fa1512d
----------------- Done invoking toplevel() on ptolemy.moml.MoMLSimpleApplication@4fa1512d
reloadAllAccessors: .ArrayUpdate2

===========================================================================================
----------------- testing Sat Dec 28 06:28:44 UTC 2019 /home/travis/build/icyphy/ptII/ptolemy/actor/lib/test/auto/ArrayUpdate3.xml
----------------- Instantiating /home/travis/build/icyphy/ptII/ptolemy/actor/lib/test/auto/ArrayUpdate3.xml
4 ms. Memory: 310272K Free: 189950K (61%)
----------------- Invoking toplevel() on ptolemy.moml.MoMLSimpleApplication@3d043e4e
----------------- Done invoking toplevel() on ptolemy.moml.MoMLSimpleApplication@3d043e4e
reloadAllAccessors: .ArrayUpdate3

===========================================================================================
----------------- testing Sat Dec 28 06:28:44 UTC 2019 /home/travis/build/icyphy/ptII/ptolemy/actor/lib/test/auto/Assert1.xml
----------------- Instantiating /home/travis/build/icyphy/ptII/ptolemy/actor/lib/test/auto/Assert1.xml
5 ms. Memory: 310272K Free: 185854K (60%)
----------------- Invoking toplevel() on ptolemy.moml.MoMLSimpleApplication@4e9824f2
----------------- Done invoking toplevel() on ptolemy.moml.MoMLSimpleApplication@4e9824f2
reloadAllAccessors: .Assert1

===========================================================================================
----------------- testing Sat Dec 28 06:28:44 UTC 2019 /home/travis/build/icyphy/ptII/ptolemy/actor/lib/test/auto/Assert2.xml
----------------- Instantiating /home/travis/build/icyphy/ptII/ptolemy/actor/lib/test/auto/Assert2.xml
1 ms. Memory: 310272K Free: 180734K (58%)
----------------- Invoking toplevel() on ptolemy.moml.MoMLSimpleApplication@a1dba68
----------------- Done invoking toplevel() on ptolemy.moml.MoMLSimpleApplication@a1dba68
reloadAllAccessors: .Assert2

===========================================================================================
----------------- testing Sat Dec 28 06:28:44 UTC 2019 /home/travis/build/icyphy/ptII/ptolemy/actor/lib/test/auto/BooleanMultiplexor.xml
----------------- Instantiating /home/travis/build/icyphy/ptII/ptolemy/actor/lib/test/auto/BooleanMultiplexor.xml
2 ms. Memory: 310272K Free: 175583K (57%)
----------------- Invoking toplevel() on ptolemy.moml.MoMLSimpleApplication@488ade0d
----------------- Done invoking toplevel() on ptolemy.moml.MoMLSimpleApplication@488ade0d
reloadAllAccessors: .BooleanMultiplexor

===========================================================================================
----------------- testing Sat Dec 28 06:28:44 UTC 2019 /home/travis/build/icyphy/ptII/ptolemy/actor/lib/test/auto/BooleanMultiplexor2.xml
----------------- Instantiating /home/travis/build/icyphy/ptII/ptolemy/actor/lib/test/auto/BooleanMultiplexor2.xml
3 ms. Memory: 310272K Free: 168960K (54%)
----------------- Invoking toplevel() on ptolemy.moml.MoMLSimpleApplication@40724705
----------------- Done invoking toplevel() on ptolemy.moml.MoMLSimpleApplication@40724705
reloadAllAccessors: .BooleanMultiplexor2

===========================================================================================
----------------- testing Sat Dec 28 06:28:44 UTC 2019 /home/travis/build/icyphy/ptII/ptolemy/actor/lib/test/auto/BooleanMultiplexor3.xml
----------------- Instantiating /home/travis/build/icyphy/ptII/ptolemy/actor/lib/test/auto/BooleanMultiplexor3.xml
7 ms. Memory: 310272K Free: 165374K (53%)
----------------- Invoking toplevel() on ptolemy.moml.MoMLSimpleApplication@45c8f339
----------------- Done invoking toplevel() on ptolemy.moml.MoMLSimpleApplication@45c8f339
reloadAllAccessors: .BooleanMultiplexor3

===========================================================================================
----------------- testing Sat Dec 28 06:28:44 UTC 2019 /home/travis/build/icyphy/ptII/ptolemy/actor/lib/test/auto/BooleanSelect.xml
----------------- Instantiating /home/travis/build/icyphy/ptII/ptolemy/actor/lib/test/auto/BooleanSelect.xml
7 ms. Memory: 310272K Free: 159199K (51%)
----------------- Invoking toplevel() on ptolemy.moml.MoMLSimpleApplication@1452fd12
----------------- Done invoking toplevel() on ptolemy.moml.MoMLSimpleApplication@1452fd12
reloadAllAccessors: .BooleanSelect

===========================================================================================
----------------- testing Sat Dec 28 06:28:44 UTC 2019 /home/travis/build/icyphy/ptII/ptolemy/actor/lib/test/auto/BooleanSelect2.xml
----------------- Instantiating /home/travis/build/icyphy/ptII/ptolemy/actor/lib/test/auto/BooleanSelect2.xml
1 ms. Memory: 310272K Free: 154624K (50%)
----------------- Invoking toplevel() on ptolemy.moml.MoMLSimpleApplication@768e5cbb
----------------- Done invoking toplevel() on ptolemy.moml.MoMLSimpleApplication@768e5cbb
reloadAllAccessors: .BooleanSelect2

===========================================================================================
----------------- testing Sat Dec 28 06:28:45 UTC 2019 /home/travis/build/icyphy/ptII/ptolemy/actor/lib/test/auto/BooleanSwitch.xml
----------------- Instantiating /home/travis/build/icyphy/ptII/ptolemy/actor/lib/test/auto/BooleanSwitch.xml
10 ms. Memory: 310272K Free: 148990K (48%)
----------------- Invoking toplevel() on ptolemy.moml.MoMLSimpleApplication@96ea972
----------------- Done invoking toplevel() on ptolemy.moml.MoMLSimpleApplication@96ea972
reloadAllAccessors: .BooleanSwitch

===========================================================================================
----------------- testing Sat Dec 28 06:28:45 UTC 2019 /home/travis/build/icyphy/ptII/ptolemy/actor/lib/test/auto/BooleanSwitch2.xml
----------------- Instantiating /home/travis/build/icyphy/ptII/ptolemy/actor/lib/test/auto/BooleanSwitch2.xml
2 ms. Memory: 310272K Free: 144384K (47%)
----------------- Invoking toplevel() on ptolemy.moml.MoMLSimpleApplication@7a64cc6c
----------------- Done invoking toplevel() on ptolemy.moml.MoMLSimpleApplication@7a64cc6c
reloadAllAccessors: .BooleanSwitch2

===========================================================================================
----------------- testing Sat Dec 28 06:28:45 UTC 2019 /home/travis/build/icyphy/ptII/ptolemy/actor/lib/test/auto/BooleanSwitchCloningBugWithClassRelationGroup.xml
----------------- Instantiating /home/travis/build/icyphy/ptII/ptolemy/actor/lib/test/auto/BooleanSwitchCloningBugWithClassRelationGroup.xml
3 ms. Memory: 310272K Free: 138240K (45%)
----------------- Invoking toplevel() on ptolemy.moml.MoMLSimpleApplication@11a80276
----------------- Done invoking toplevel() on ptolemy.moml.MoMLSimpleApplication@11a80276
reloadAllAccessors: .BooleanSwitchCloningBugWithClassRelationGroup

===========================================================================================
----------------- testing Sat Dec 28 06:28:45 UTC 2019 /home/travis/build/icyphy/ptII/ptolemy/actor/lib/test/auto/BusActors.xml
----------------- Instantiating /home/travis/build/icyphy/ptII/ptolemy/actor/lib/test/auto/BusActors.xml
4 ms. Memory: 310272K Free: 130048K (42%)
----------------- Invoking toplevel() on ptolemy.moml.MoMLSimpleApplication@619b821f
----------------- Done invoking toplevel() on ptolemy.moml.MoMLSimpleApplication@619b821f
reloadAllAccessors: .BusActors

===========================================================================================
----------------- testing Sat Dec 28 06:28:45 UTC 2019 /home/travis/build/icyphy/ptII/ptolemy/actor/lib/test/auto/ClassWrapper.xml
----------------- Instantiating /home/travis/build/icyphy/ptII/ptolemy/actor/lib/test/auto/ClassWrapper.xml
2 ms. Memory: 310272K Free: 125952K (41%)
----------------- Invoking toplevel() on ptolemy.moml.MoMLSimpleApplication@5ee418aa
----------------- Done invoking toplevel() on ptolemy.moml.MoMLSimpleApplication@5ee418aa
reloadAllAccessors: .ClassWrapper

===========================================================================================
----------------- testing Sat Dec 28 06:28:45 UTC 2019 /home/travis/build/icyphy/ptII/ptolemy/actor/lib/test/auto/Clock.xml
----------------- Instantiating /home/travis/build/icyphy/ptII/ptolemy/actor/lib/test/auto/Clock.xml
1 ms. Memory: 310272K Free: 121856K (39%)
----------------- Invoking toplevel() on ptolemy.moml.MoMLSimpleApplication@23fdc13a
----------------- Done invoking toplevel() on ptolemy.moml.MoMLSimpleApplication@23fdc13a
reloadAllAccessors: .Clock

===========================================================================================
----------------- testing Sat Dec 28 06:28:45 UTC 2019 /home/travis/build/icyphy/ptII/ptolemy/actor/lib/test/auto/Clock10.xml
----------------- Instantiating /home/travis/build/icyphy/ptII/ptolemy/actor/lib/test/auto/Clock10.xml
4 ms. Memory: 310272K Free: 116222K (37%)
----------------- Invoking toplevel() on ptolemy.moml.MoMLSimpleApplication@345a75c9
----------------- Done invoking toplevel() on ptolemy.moml.MoMLSimpleApplication@345a75c9
reloadAllAccessors: .Clock10

===========================================================================================
----------------- testing Sat Dec 28 06:28:45 UTC 2019 /home/travis/build/icyphy/ptII/ptolemy/actor/lib/test/auto/Clock11.xml
----------------- Instantiating /home/travis/build/icyphy/ptII/ptolemy/actor/lib/test/auto/Clock11.xml
4 ms. Memory: 310272K Free: 110078K (35%)
----------------- Invoking toplevel() on ptolemy.moml.MoMLSimpleApplication@37273ee1
----------------- Done invoking toplevel() on ptolemy.moml.MoMLSimpleApplication@37273ee1
reloadAllAccessors: .Clock11

===========================================================================================
----------------- testing Sat Dec 28 06:28:45 UTC 2019 /home/travis/build/icyphy/ptII/ptolemy/actor/lib/test/auto/Clock12.xml
----------------- Instantiating /home/travis/build/icyphy/ptII/ptolemy/actor/lib/test/auto/Clock12.xml
4 ms. Memory: 310272K Free: 104448K (34%)
----------------- Invoking toplevel() on ptolemy.moml.MoMLSimpleApplication@27afd2bf
----------------- Done invoking toplevel() on ptolemy.moml.MoMLSimpleApplication@27afd2bf
reloadAllAccessors: .Clock12

===========================================================================================
----------------- testing Sat Dec 28 06:28:45 UTC 2019 /home/travis/build/icyphy/ptII/ptolemy/actor/lib/test/auto/Clock13.xml
----------------- Instantiating /home/travis/build/icyphy/ptII/ptolemy/actor/lib/test/auto/Clock13.xml
8 ms. Memory: 310272K Free: 98304K (32%)
----------------- Invoking toplevel() on ptolemy.moml.MoMLSimpleApplication@39a9b9f8
----------------- Done invoking toplevel() on ptolemy.moml.MoMLSimpleApplication@39a9b9f8
reloadAllAccessors: .Clock13

===========================================================================================
----------------- testing Sat Dec 28 06:28:45 UTC 2019 /home/travis/build/icyphy/ptII/ptolemy/actor/lib/test/auto/Clock14.xml
----------------- Instantiating /home/travis/build/icyphy/ptII/ptolemy/actor/lib/test/auto/Clock14.xml
6 ms. Memory: 310272K Free: 92655K (30%)
----------------- Invoking toplevel() on ptolemy.moml.MoMLSimpleApplication@2d953e1a
----------------- Done invoking toplevel() on ptolemy.moml.MoMLSimpleApplication@2d953e1a
reloadAllAccessors: .Clock14

===========================================================================================
----------------- testing Sat Dec 28 06:28:45 UTC 2019 /home/travis/build/icyphy/ptII/ptolemy/actor/lib/test/auto/Clock15.xml
----------------- Instantiating /home/travis/build/icyphy/ptII/ptolemy/actor/lib/test/auto/Clock15.xml
6 ms. Memory: 310272K Free: 259047K (83%)
----------------- Invoking toplevel() on ptolemy.moml.MoMLSimpleApplication@3f60cb6f
----------------- Done invoking toplevel() on ptolemy.moml.MoMLSimpleApplication@3f60cb6f
reloadAllAccessors: .Clock15

===========================================================================================
----------------- testing Sat Dec 28 06:28:45 UTC 2019 /home/travis/build/icyphy/ptII/ptolemy/actor/lib/test/auto/Clock16.xml
----------------- Instantiating /home/travis/build/icyphy/ptII/ptolemy/actor/lib/test/auto/Clock16.xml
30 ms. Memory: 310272K Free: 243673K (79%)
----------------- Invoking toplevel() on ptolemy.moml.MoMLSimpleApplication@4566f1b0
----------------- Done invoking toplevel() on ptolemy.moml.MoMLSimpleApplication@4566f1b0
reloadAllAccessors: .Clock16

===========================================================================================
----------------- testing Sat Dec 28 06:28:45 UTC 2019 /home/travis/build/icyphy/ptII/ptolemy/actor/lib/test/auto/Clock17.xml
----------------- Instantiating /home/travis/build/icyphy/ptII/ptolemy/actor/lib/test/auto/Clock17.xml
22 ms. Memory: 310272K Free: 229337K (74%)
----------------- Invoking toplevel() on ptolemy.moml.MoMLSimpleApplication@2e6e886e
----------------- Done invoking toplevel() on ptolemy.moml.MoMLSimpleApplication@2e6e886e
reloadAllAccessors: .Clock17

===========================================================================================
----------------- testing Sat Dec 28 06:28:45 UTC 2019 /home/travis/build/icyphy/ptII/ptolemy/actor/lib/test/auto/Clock18.xml
----------------- Instantiating /home/travis/build/icyphy/ptII/ptolemy/actor/lib/test/auto/Clock18.xml
25 ms. Memory: 310272K Free: 216025K (70%)
----------------- Invoking toplevel() on ptolemy.moml.MoMLSimpleApplication@4d1d3000
----------------- Done invoking toplevel() on ptolemy.moml.MoMLSimpleApplication@4d1d3000
reloadAllAccessors: .Clock18

===========================================================================================
----------------- testing Sat Dec 28 06:28:45 UTC 2019 /home/travis/build/icyphy/ptII/ptolemy/actor/lib/test/auto/Clock19.xml
----------------- Instantiating /home/travis/build/icyphy/ptII/ptolemy/actor/lib/test/auto/Clock19.xml
13 ms. Memory: 310272K Free: 202727K (65%)
----------------- Invoking toplevel() on ptolemy.moml.MoMLSimpleApplication@85275a
----------------- Done invoking toplevel() on ptolemy.moml.MoMLSimpleApplication@85275a
reloadAllAccessors: .Clock19

===========================================================================================
----------------- testing Sat Dec 28 06:28:45 UTC 2019 /home/travis/build/icyphy/ptII/ptolemy/actor/lib/test/auto/Clock2.xml
----------------- Instantiating /home/travis/build/icyphy/ptII/ptolemy/actor/lib/test/auto/Clock2.xml
6 ms. Memory: 310272K Free: 198631K (64%)
----------------- Invoking toplevel() on ptolemy.moml.MoMLSimpleApplication@16975491
----------------- Done invoking toplevel() on ptolemy.moml.MoMLSimpleApplication@16975491
reloadAllAccessors: .Clock2

===========================================================================================
----------------- testing Sat Dec 28 06:28:45 UTC 2019 /home/travis/build/icyphy/ptII/ptolemy/actor/lib/test/auto/Clock20.xml
----------------- Instantiating /home/travis/build/icyphy/ptII/ptolemy/actor/lib/test/auto/Clock20.xml
8 ms. Memory: 310272K Free: 193001K (62%)
----------------- Invoking toplevel() on ptolemy.moml.MoMLSimpleApplication@3947f67
----------------- Done invoking toplevel() on ptolemy.moml.MoMLSimpleApplication@3947f67
reloadAllAccessors: .Clock20

===========================================================================================
----------------- testing Sat Dec 28 06:28:45 UTC 2019 /home/travis/build/icyphy/ptII/ptolemy/actor/lib/test/auto/Clock21.xml
----------------- Instantiating /home/travis/build/icyphy/ptII/ptolemy/actor/lib/test/auto/Clock21.xml
4 ms. Memory: 310272K Free: 187367K (60%)
----------------- Invoking toplevel() on ptolemy.moml.MoMLSimpleApplication@79e685d
----------------- Done invoking toplevel() on ptolemy.moml.MoMLSimpleApplication@79e685d
reloadAllAccessors: .Clock21

===========================================================================================
----------------- testing Sat Dec 28 06:28:45 UTC 2019 /home/travis/build/icyphy/ptII/ptolemy/actor/lib/test/auto/Clock22.xml
----------------- Instantiating /home/travis/build/icyphy/ptII/ptolemy/actor/lib/test/auto/Clock22.xml
5 ms. Memory: 310272K Free: 182247K (59%)
----------------- Invoking toplevel() on ptolemy.moml.MoMLSimpleApplication@17ff98fe
----------------- Done invoking toplevel() on ptolemy.moml.MoMLSimpleApplication@17ff98fe
reloadAllAccessors: .Clock22

===========================================================================================
----------------- testing Sat Dec 28 06:28:45 UTC 2019 /home/travis/build/icyphy/ptII/ptolemy/actor/lib/test/auto/Clock23.xml
----------------- Instantiating /home/travis/build/icyphy/ptII/ptolemy/actor/lib/test/auto/Clock23.xml
5 ms. Memory: 310272K Free: 176617K (57%)
----------------- Invoking toplevel() on ptolemy.moml.MoMLSimpleApplication@27535267
----------------- Done invoking toplevel() on ptolemy.moml.MoMLSimpleApplication@27535267
reloadAllAccessors: .Clock23

===========================================================================================
----------------- testing Sat Dec 28 06:28:45 UTC 2019 /home/travis/build/icyphy/ptII/ptolemy/actor/lib/test/auto/Clock24.xml
----------------- Instantiating /home/travis/build/icyphy/ptII/ptolemy/actor/lib/test/auto/Clock24.xml
3 ms. Memory: 310272K Free: 171497K (55%)
----------------- Invoking toplevel() on ptolemy.moml.MoMLSimpleApplication@2edb5127
----------------- Done invoking toplevel() on ptolemy.moml.MoMLSimpleApplication@2edb5127
reloadAllAccessors: .Clock24

===========================================================================================
----------------- testing Sat Dec 28 06:28:45 UTC 2019 /home/travis/build/icyphy/ptII/ptolemy/actor/lib/test/auto/Clock4.xml
----------------- Instantiating /home/travis/build/icyphy/ptII/ptolemy/actor/lib/test/auto/Clock4.xml
1 ms. Memory: 310272K Free: 166377K (54%)
----------------- Invoking toplevel() on ptolemy.moml.MoMLSimpleApplication@5e06374c
----------------- Done invoking toplevel() on ptolemy.moml.MoMLSimpleApplication@5e06374c
reloadAllAccessors: .Clock4

===========================================================================================
----------------- testing Sat Dec 28 06:28:45 UTC 2019 /home/travis/build/icyphy/ptII/ptolemy/actor/lib/test/auto/Clock5.xml
----------------- Instantiating /home/travis/build/icyphy/ptII/ptolemy/actor/lib/test/auto/Clock5.xml
1 ms. Memory: 310272K Free: 161257K (52%)
----------------- Invoking toplevel() on ptolemy.moml.MoMLSimpleApplication@62834463
----------------- Done invoking toplevel() on ptolemy.moml.MoMLSimpleApplication@62834463
reloadAllAccessors: .Clock5

===========================================================================================
----------------- testing Sat Dec 28 06:28:45 UTC 2019 /home/travis/build/icyphy/ptII/ptolemy/actor/lib/test/auto/Clock6.xml
----------------- Instantiating /home/travis/build/icyphy/ptII/ptolemy/actor/lib/test/auto/Clock6.xml
2 ms. Memory: 310272K Free: 156647K (50%)
----------------- Invoking toplevel() on ptolemy.moml.MoMLSimpleApplication@5f5af8dd
----------------- Done invoking toplevel() on ptolemy.moml.MoMLSimpleApplication@5f5af8dd
reloadAllAccessors: .Clock6

===========================================================================================
----------------- testing Sat Dec 28 06:28:45 UTC 2019 /home/travis/build/icyphy/ptII/ptolemy/actor/lib/test/auto/Clock7.xml
----------------- Instantiating /home/travis/build/icyphy/ptII/ptolemy/actor/lib/test/auto/Clock7.xml
2 ms. Memory: 310272K Free: 151527K (49%)
----------------- Invoking toplevel() on ptolemy.moml.MoMLSimpleApplication@2487949b
----------------- Done invoking toplevel() on ptolemy.moml.MoMLSimpleApplication@2487949b
reloadAllAccessors: .Clock7

===========================================================================================
----------------- testing Sat Dec 28 06:28:45 UTC 2019 /home/travis/build/icyphy/ptII/ptolemy/actor/lib/test/auto/Clock8.xml
----------------- Instantiating /home/travis/build/icyphy/ptII/ptolemy/actor/lib/test/auto/Clock8.xml
4 ms. Memory: 310272K Free: 146377K (47%)
----------------- Invoking toplevel() on ptolemy.moml.MoMLSimpleApplication@961e682
----------------- Done invoking toplevel() on ptolemy.moml.MoMLSimpleApplication@961e682
reloadAllAccessors: .Clock8

===========================================================================================
----------------- testing Sat Dec 28 06:28:45 UTC 2019 /home/travis/build/icyphy/ptII/ptolemy/actor/lib/test/auto/Clock9.xml
----------------- Instantiating /home/travis/build/icyphy/ptII/ptolemy/actor/lib/test/auto/Clock9.xml
4 ms. Memory: 310272K Free: 140777K (45%)
----------------- Invoking toplevel() on ptolemy.moml.MoMLSimpleApplication@288d7f93
----------------- Done invoking toplevel() on ptolemy.moml.MoMLSimpleApplication@288d7f93
reloadAllAccessors: .Clock9

===========================================================================================
----------------- testing Sat Dec 28 06:28:45 UTC 2019 /home/travis/build/icyphy/ptII/ptolemy/actor/lib/test/auto/CommDistDiscard.xml
----------------- Instantiating /home/travis/build/icyphy/ptII/ptolemy/actor/lib/test/auto/CommDistDiscard.xml
3 ms. Memory: 310272K Free: 135657K (44%)
----------------- Invoking toplevel() on ptolemy.moml.MoMLSimpleApplication@5f9c11bd
----------------- Done invoking toplevel() on ptolemy.moml.MoMLSimpleApplication@5f9c11bd
reloadAllAccessors: .CommDistDiscard

===========================================================================================
----------------- testing Sat Dec 28 06:28:45 UTC 2019 /home/travis/build/icyphy/ptII/ptolemy/actor/lib/test/auto/Commutator.xml
----------------- Instantiating /home/travis/build/icyphy/ptII/ptolemy/actor/lib/test/auto/Commutator.xml
3 ms. Memory: 310272K Free: 131047K (42%)
----------------- Invoking toplevel() on ptolemy.moml.MoMLSimpleApplication@3e57e5ae
----------------- Done invoking toplevel() on ptolemy.moml.MoMLSimpleApplication@3e57e5ae
reloadAllAccessors: .Commutator

===========================================================================================
----------------- testing Sat Dec 28 06:28:45 UTC 2019 /home/travis/build/icyphy/ptII/ptolemy/actor/lib/test/auto/Commutator2.xml
----------------- Instantiating /home/travis/build/icyphy/ptII/ptolemy/actor/lib/test/auto/Commutator2.xml
1 ms. Memory: 310272K Free: 126441K (41%)
----------------- Invoking toplevel() on ptolemy.moml.MoMLSimpleApplication@64fb71d4
----------------- Done invoking toplevel() on ptolemy.moml.MoMLSimpleApplication@64fb71d4
reloadAllAccessors: .Commutator2

===========================================================================================
----------------- testing Sat Dec 28 06:28:45 UTC 2019 /home/travis/build/icyphy/ptII/ptolemy/actor/lib/test/auto/Commutator3.xml
----------------- Instantiating /home/travis/build/icyphy/ptII/ptolemy/actor/lib/test/auto/Commutator3.xml
2 ms. Memory: 310272K Free: 122345K (39%)
----------------- Invoking toplevel() on ptolemy.moml.MoMLSimpleApplication@54dac810
----------------- Done invoking toplevel() on ptolemy.moml.MoMLSimpleApplication@54dac810
reloadAllAccessors: .Commutator3

===========================================================================================
----------------- testing Sat Dec 28 06:28:45 UTC 2019 /home/travis/build/icyphy/ptII/ptolemy/actor/lib/test/auto/Compare.xml
----------------- Instantiating /home/travis/build/icyphy/ptII/ptolemy/actor/lib/test/auto/Compare.xml
2 ms. Memory: 310272K Free: 115687K (37%)
----------------- Invoking toplevel() on ptolemy.moml.MoMLSimpleApplication@4a28d7e6
----------------- Done invoking toplevel() on ptolemy.moml.MoMLSimpleApplication@4a28d7e6
reloadAllAccessors: .Compare

===========================================================================================
----------------- testing Sat Dec 28 06:28:46 UTC 2019 /home/travis/build/icyphy/ptII/ptolemy/actor/lib/test/auto/CompareDE.xml
----------------- Instantiating /home/travis/build/icyphy/ptII/ptolemy/actor/lib/test/auto/CompareDE.xml
4 ms. Memory: 310272K Free: 109033K (35%)
----------------- Invoking toplevel() on ptolemy.moml.MoMLSimpleApplication@14a874cf
----------------- Done invoking toplevel() on ptolemy.moml.MoMLSimpleApplication@14a874cf
reloadAllAccessors: .CompareDE

===========================================================================================
----------------- testing Sat Dec 28 06:28:46 UTC 2019 /home/travis/build/icyphy/ptII/ptolemy/actor/lib/test/auto/ComplexDivide.xml
----------------- Instantiating /home/travis/build/icyphy/ptII/ptolemy/actor/lib/test/auto/ComplexDivide.xml
1 ms. Memory: 310272K Free: 104937K (34%)
----------------- Invoking toplevel() on ptolemy.moml.MoMLSimpleApplication@33f84103
----------------- Done invoking toplevel() on ptolemy.moml.MoMLSimpleApplication@33f84103
reloadAllAccessors: .ComplexDivide

===========================================================================================
----------------- testing Sat Dec 28 06:28:46 UTC 2019 /home/travis/build/icyphy/ptII/ptolemy/actor/lib/test/auto/ComputeHistogram.xml
----------------- Instantiating /home/travis/build/icyphy/ptII/ptolemy/actor/lib/test/auto/ComputeHistogram.xml
33 ms. Memory: 310272K Free: 92135K (30%)
----------------- Invoking toplevel() on ptolemy.moml.MoMLSimpleApplication@4321e931
----------------- Done invoking toplevel() on ptolemy.moml.MoMLSimpleApplication@4321e931
reloadAllAccessors: .ComputeHistogram

===========================================================================================
----------------- testing Sat Dec 28 06:28:46 UTC 2019 /home/travis/build/icyphy/ptII/ptolemy/actor/lib/test/auto/ConfigurationSelect.xml
----------------- Instantiating /home/travis/build/icyphy/ptII/ptolemy/actor/lib/test/auto/ConfigurationSelect.xml
7 ms. Memory: 310272K Free: 87001K (28%)
----------------- Invoking toplevel() on ptolemy.moml.MoMLSimpleApplication@7de6e0df
----------------- Done invoking toplevel() on ptolemy.moml.MoMLSimpleApplication@7de6e0df
reloadAllAccessors: .ConfigurationSelect

===========================================================================================
----------------- testing Sat Dec 28 06:28:46 UTC 2019 /home/travis/build/icyphy/ptII/ptolemy/actor/lib/test/auto/ConfigurationSelect2.xml
----------------- Instantiating /home/travis/build/icyphy/ptII/ptolemy/actor/lib/test/auto/ConfigurationSelect2.xml
2 ms. Memory: 310272K Free: 82409K (27%)
----------------- Invoking toplevel() on ptolemy.moml.MoMLSimpleApplication@5735c83f
----------------- Done invoking toplevel() on ptolemy.moml.MoMLSimpleApplication@5735c83f
reloadAllAccessors: .ConfigurationSelect2

===========================================================================================
----------------- testing Sat Dec 28 06:28:46 UTC 2019 /home/travis/build/icyphy/ptII/ptolemy/actor/lib/test/auto/ConfigurationSwitch.xml
----------------- Instantiating /home/travis/build/icyphy/ptII/ptolemy/actor/lib/test/auto/ConfigurationSwitch.xml
2 ms. Memory: 620544K Free: 567273K (91%)
----------------- Invoking toplevel() on ptolemy.moml.MoMLSimpleApplication@6d1006d7
----------------- Done invoking toplevel() on ptolemy.moml.MoMLSimpleApplication@6d1006d7
reloadAllAccessors: .ConfigurationSwitch

===========================================================================================
----------------- testing Sat Dec 28 06:28:46 UTC 2019 /home/travis/build/icyphy/ptII/ptolemy/actor/lib/test/auto/ConfigurationSwitch2.xml
----------------- Instantiating /home/travis/build/icyphy/ptII/ptolemy/actor/lib/test/auto/ConfigurationSwitch2.xml
4 ms. Memory: 620544K Free: 561639K (91%)
----------------- Invoking toplevel() on ptolemy.moml.MoMLSimpleApplication@736a6276
----------------- Done invoking toplevel() on ptolemy.moml.MoMLSimpleApplication@736a6276
reloadAllAccessors: .ConfigurationSwitch2

===========================================================================================
----------------- testing Sat Dec 28 06:28:46 UTC 2019 /home/travis/build/icyphy/ptII/ptolemy/actor/lib/test/auto/ConfigurationSwitchCloningBugWithClassRelationGroup.xml
----------------- Instantiating /home/travis/build/icyphy/ptII/ptolemy/actor/lib/test/auto/ConfigurationSwitchCloningBugWithClassRelationGroup.xml
2 ms. Memory: 620544K Free: 554471K (89%)
----------------- Invoking toplevel() on ptolemy.moml.MoMLSimpleApplication@1ab98cbb
----------------- Done invoking toplevel() on ptolemy.moml.MoMLSimpleApplication@1ab98cbb
reloadAllAccessors: .ConfigurationSwitchCloningBugWithClassRelationGroup

===========================================================================================
----------------- testing Sat Dec 28 06:28:46 UTC 2019 /home/travis/build/icyphy/ptII/ptolemy/actor/lib/test/auto/ConfigurationSwitchSelectSDF.xml
----------------- Instantiating /home/travis/build/icyphy/ptII/ptolemy/actor/lib/test/auto/ConfigurationSwitchSelectSDF.xml
3 ms. Memory: 620544K Free: 549351K (89%)
----------------- Invoking toplevel() on ptolemy.moml.MoMLSimpleApplication@13917e67
----------------- Done invoking toplevel() on ptolemy.moml.MoMLSimpleApplication@13917e67
reloadAllAccessors: .ConfigurationSwitchSelectSDF

===========================================================================================
----------------- testing Sat Dec 28 06:28:46 UTC 2019 /home/travis/build/icyphy/ptII/ptolemy/actor/lib/test/auto/ConfigurationSwitchSelectSDF2.xml
----------------- Instantiating /home/travis/build/icyphy/ptII/ptolemy/actor/lib/test/auto/ConfigurationSwitchSelectSDF2.xml
3 ms. Memory: 620544K Free: 543207K (88%)
----------------- Invoking toplevel() on ptolemy.moml.MoMLSimpleApplication@53ca810
----------------- Done invoking toplevel() on ptolemy.moml.MoMLSimpleApplication@53ca810
reloadAllAccessors: .ConfigurationSwitchSelectSDF2

===========================================================================================
----------------- testing Sat Dec 28 06:28:46 UTC 2019 /home/travis/build/icyphy/ptII/ptolemy/actor/lib/test/auto/Const.xml
----------------- Instantiating /home/travis/build/icyphy/ptII/ptolemy/actor/lib/test/auto/Const.xml
1 ms. Memory: 620544K Free: 539625K (87%)
----------------- Invoking toplevel() on ptolemy.moml.MoMLSimpleApplication@3669d134
----------------- Done invoking toplevel() on ptolemy.moml.MoMLSimpleApplication@3669d134
reloadAllAccessors: .Const

===========================================================================================
----------------- testing Sat Dec 28 06:28:46 UTC 2019 /home/travis/build/icyphy/ptII/ptolemy/actor/lib/test/auto/Const2.xml
----------------- Instantiating /home/travis/build/icyphy/ptII/ptolemy/actor/lib/test/auto/Const2.xml
1 ms. Memory: 620544K Free: 536039K (86%)
----------------- Invoking toplevel() on ptolemy.moml.MoMLSimpleApplication@76db0dd
----------------- Done invoking toplevel() on ptolemy.moml.MoMLSimpleApplication@76db0dd
reloadAllAccessors: .Const2

===========================================================================================
----------------- testing Sat Dec 28 06:28:46 UTC 2019 /home/travis/build/icyphy/ptII/ptolemy/actor/lib/test/auto/Const3.xml
----------------- Instantiating /home/travis/build/icyphy/ptII/ptolemy/actor/lib/test/auto/Const3.xml
6 ms. Memory: 620544K Free: 532967K (86%)
----------------- Invoking toplevel() on ptolemy.moml.MoMLSimpleApplication@32185140
----------------- Done invoking toplevel() on ptolemy.moml.MoMLSimpleApplication@32185140
reloadAllAccessors: .Const3

===========================================================================================
----------------- testing Sat Dec 28 06:28:46 UTC 2019 /home/travis/build/icyphy/ptII/ptolemy/actor/lib/test/auto/ConstantPublisherPort1.xml
----------------- Instantiating /home/travis/build/icyphy/ptII/ptolemy/actor/lib/test/auto/ConstantPublisherPort1.xml
6 ms. Memory: 620544K Free: 523751K (84%)
----------------- Invoking toplevel() on ptolemy.moml.MoMLSimpleApplication@58e450fc
----------------- Done invoking toplevel() on ptolemy.moml.MoMLSimpleApplication@58e450fc
reloadAllAccessors: .ConstantPublisherPort1

===========================================================================================
----------------- testing Sat Dec 28 06:28:46 UTC 2019 /home/travis/build/icyphy/ptII/ptolemy/actor/lib/test/auto/ConstantPublisherPort2.xml
----------------- Instantiating /home/travis/build/icyphy/ptII/ptolemy/actor/lib/test/auto/ConstantPublisherPort2.xml
8 ms. Memory: 620544K Free: 516073K (83%)
----------------- Invoking toplevel() on ptolemy.moml.MoMLSimpleApplication@27dca911
----------------- Done invoking toplevel() on ptolemy.moml.MoMLSimpleApplication@27dca911
reloadAllAccessors: .ConstantPublisherPort2

===========================================================================================
----------------- testing Sat Dec 28 06:28:46 UTC 2019 /home/travis/build/icyphy/ptII/ptolemy/actor/lib/test/auto/ConstantPublisherPort3.xml
----------------- Instantiating /home/travis/build/icyphy/ptII/ptolemy/actor/lib/test/auto/ConstantPublisherPort3.xml
5 ms. Memory: 620544K Free: 508391K (82%)
----------------- Invoking toplevel() on ptolemy.moml.MoMLSimpleApplication@7eaa291a
----------------- Done invoking toplevel() on ptolemy.moml.MoMLSimpleApplication@7eaa291a
reloadAllAccessors: .ConstantPublisherPort3

===========================================================================================
----------------- testing Sat Dec 28 06:28:46 UTC 2019 /home/travis/build/icyphy/ptII/ptolemy/actor/lib/test/auto/ConstantPublisherPort4.xml
----------------- Instantiating /home/travis/build/icyphy/ptII/ptolemy/actor/lib/test/auto/ConstantPublisherPort4.xml
4 ms. Memory: 620544K Free: 501209K (81%)
----------------- Invoking toplevel() on ptolemy.moml.MoMLSimpleApplication@6e075917
----------------- Done invoking toplevel() on ptolemy.moml.MoMLSimpleApplication@6e075917
reloadAllAccessors: .ConstantPublisherPort4

===========================================================================================
----------------- testing Sat Dec 28 06:28:46 UTC 2019 /home/travis/build/icyphy/ptII/ptolemy/actor/lib/test/auto/ConstantPublisherPort5.xml
----------------- Instantiating /home/travis/build/icyphy/ptII/ptolemy/actor/lib/test/auto/ConstantPublisherPort5.xml
30 ms. Memory: 620544K Free: 492007K (79%)
----------------- Invoking toplevel() on ptolemy.moml.MoMLSimpleApplication@525cbc08
----------------- Done invoking toplevel() on ptolemy.moml.MoMLSimpleApplication@525cbc08
reloadAllAccessors: .ConstantPublisherPort5

===========================================================================================
----------------- testing Sat Dec 28 06:28:46 UTC 2019 /home/travis/build/icyphy/ptII/ptolemy/actor/lib/test/auto/ConstantPublisherPort6.xml
----------------- Instantiating /home/travis/build/icyphy/ptII/ptolemy/actor/lib/test/auto/ConstantPublisherPort6.xml
14 ms. Memory: 620544K Free: 482791K (78%)
----------------- Invoking toplevel() on ptolemy.moml.MoMLSimpleApplication@106667eb
----------------- Done invoking toplevel() on ptolemy.moml.MoMLSimpleApplication@106667eb
reloadAllAccessors: .ConstantPublisherPort6

===========================================================================================
----------------- testing Sat Dec 28 06:28:46 UTC 2019 /home/travis/build/icyphy/ptII/ptolemy/actor/lib/test/auto/ConstantPublisherPort7.xml
----------------- Instantiating /home/travis/build/icyphy/ptII/ptolemy/actor/lib/test/auto/ConstantPublisherPort7.xml
21 ms. Memory: 620544K Free: 473065K (76%)
----------------- Invoking toplevel() on ptolemy.moml.MoMLSimpleApplication@71bfa6f3
----------------- Done invoking toplevel() on ptolemy.moml.MoMLSimpleApplication@71bfa6f3
reloadAllAccessors: .ConstantPublisherPort7

===========================================================================================
----------------- testing Sat Dec 28 06:28:46 UTC 2019 /home/travis/build/icyphy/ptII/ptolemy/actor/lib/test/auto/ConstraintMonitor1.xml
----------------- Instantiating /home/travis/build/icyphy/ptII/ptolemy/actor/lib/test/auto/ConstraintMonitor1.xml
5 ms. Memory: 620544K Free: 468455K (75%)
----------------- Invoking toplevel() on ptolemy.moml.MoMLSimpleApplication@244037f8
----------------- Done invoking toplevel() on ptolemy.moml.MoMLSimpleApplication@244037f8
reloadAllAccessors: .ConstraintMonitor1

===========================================================================================
----------------- testing Sat Dec 28 06:28:46 UTC 2019 /home/travis/build/icyphy/ptII/ptolemy/actor/lib/test/auto/ConstraintMonitor2.xml
----------------- Instantiating /home/travis/build/icyphy/ptII/ptolemy/actor/lib/test/auto/ConstraintMonitor2.xml
4 ms. Memory: 620544K Free: 463849K (75%)
----------------- Invoking toplevel() on ptolemy.moml.MoMLSimpleApplication@ccd0690
----------------- Done invoking toplevel() on ptolemy.moml.MoMLSimpleApplication@ccd0690
reloadAllAccessors: .ConstraintMonitor2

===========================================================================================
----------------- testing Sat Dec 28 06:28:46 UTC 2019 /home/travis/build/icyphy/ptII/ptolemy/actor/lib/test/auto/ConstraintMonitor3.xml
----------------- Instantiating /home/travis/build/icyphy/ptII/ptolemy/actor/lib/test/auto/ConstraintMonitor3.xml
4 ms. Memory: 620544K Free: 459239K (74%)
----------------- Invoking toplevel() on ptolemy.moml.MoMLSimpleApplication@7c330146
----------------- Done invoking toplevel() on ptolemy.moml.MoMLSimpleApplication@7c330146
reloadAllAccessors: .ConstraintMonitor3

===========================================================================================
----------------- testing Sat Dec 28 06:28:46 UTC 2019 /home/travis/build/icyphy/ptII/ptolemy/actor/lib/test/auto/ConstraintMonitor4.xml
----------------- Instantiating /home/travis/build/icyphy/ptII/ptolemy/actor/lib/test/auto/ConstraintMonitor4.xml
5 ms. Memory: 620544K Free: 454633K (73%)
----------------- Invoking toplevel() on ptolemy.moml.MoMLSimpleApplication@22add588
----------------- Done invoking toplevel() on ptolemy.moml.MoMLSimpleApplication@22add588
reloadAllAccessors: .ConstraintMonitor4

===========================================================================================
----------------- testing Sat Dec 28 06:28:46 UTC 2019 /home/travis/build/icyphy/ptII/ptolemy/actor/lib/test/auto/ConstraintMonitor5.xml
----------------- Instantiating /home/travis/build/icyphy/ptII/ptolemy/actor/lib/test/auto/ConstraintMonitor5.xml
1 ms. Memory: 620544K Free: 449513K (72%)
----------------- Invoking toplevel() on ptolemy.moml.MoMLSimpleApplication@1058dced
----------------- Done invoking toplevel() on ptolemy.moml.MoMLSimpleApplication@1058dced
reloadAllAccessors: .ConstraintMonitor5

===========================================================================================
----------------- testing Sat Dec 28 06:28:46 UTC 2019 /home/travis/build/icyphy/ptII/ptolemy/actor/lib/test/auto/ConstraintMonitor6.xml
----------------- Instantiating /home/travis/build/icyphy/ptII/ptolemy/actor/lib/test/auto/ConstraintMonitor6.xml
5 ms. Memory: 620544K Free: 443369K (71%)
----------------- Invoking toplevel() on ptolemy.moml.MoMLSimpleApplication@7ed198fd
----------------- Done invoking toplevel() on ptolemy.moml.MoMLSimpleApplication@7ed198fd
reloadAllAccessors: .ConstraintMonitor6

===========================================================================================
----------------- testing Sat Dec 28 06:28:46 UTC 2019 /home/travis/build/icyphy/ptII/ptolemy/actor/lib/test/auto/ConstraintMonitor7.xml
----------------- Instantiating /home/travis/build/icyphy/ptII/ptolemy/actor/lib/test/auto/ConstraintMonitor7.xml
6 ms. Memory: 620544K Free: 437225K (70%)
----------------- Invoking toplevel() on ptolemy.moml.MoMLSimpleApplication@6a903449
----------------- Done invoking toplevel() on ptolemy.moml.MoMLSimpleApplication@6a903449
reloadAllAccessors: .ConstraintMonitor7

===========================================================================================
----------------- testing Sat Dec 28 06:28:46 UTC 2019 /home/travis/build/icyphy/ptII/ptolemy/actor/lib/test/auto/ConstraintMonitor8.xml
----------------- Instantiating /home/travis/build/icyphy/ptII/ptolemy/actor/lib/test/auto/ConstraintMonitor8.xml
6 ms. Memory: 620544K Free: 429543K (69%)
----------------- Invoking toplevel() on ptolemy.moml.MoMLSimpleApplication@387476a8
----------------- Done invoking toplevel() on ptolemy.moml.MoMLSimpleApplication@387476a8
reloadAllAccessors: .ConstraintMonitor8

===========================================================================================
----------------- testing Sat Dec 28 06:28:46 UTC 2019 /home/travis/build/icyphy/ptII/ptolemy/actor/lib/test/auto/Counter.xml
----------------- Instantiating /home/travis/build/icyphy/ptII/ptolemy/actor/lib/test/auto/Counter.xml
2 ms. Memory: 620544K Free: 424423K (68%)
----------------- Invoking toplevel() on ptolemy.moml.MoMLSimpleApplication@695193f2
----------------- Done invoking toplevel() on ptolemy.moml.MoMLSimpleApplication@695193f2
reloadAllAccessors: .Counter

===========================================================================================
----------------- testing Sat Dec 28 06:28:46 UTC 2019 /home/travis/build/icyphy/ptII/ptolemy/actor/lib/test/auto/CurrentTimeSDF.xml
----------------- Instantiating /home/travis/build/icyphy/ptII/ptolemy/actor/lib/test/auto/CurrentTimeSDF.xml
2 ms. Memory: 620544K Free: 420841K (68%)
----------------- Invoking toplevel() on ptolemy.moml.MoMLSimpleApplication@2374f879
----------------- Done invoking toplevel() on ptolemy.moml.MoMLSimpleApplication@2374f879
reloadAllAccessors: .CurrentTimeSDF

===========================================================================================
----------------- testing Sat Dec 28 06:28:46 UTC 2019 /home/travis/build/icyphy/ptII/ptolemy/actor/lib/test/auto/DB.xml
----------------- Instantiating /home/travis/build/icyphy/ptII/ptolemy/actor/lib/test/auto/DB.xml
2 ms. Memory: 620544K Free: 415721K (67%)
----------------- Invoking toplevel() on ptolemy.moml.MoMLSimpleApplication@72ca0fff
----------------- Done invoking toplevel() on ptolemy.moml.MoMLSimpleApplication@72ca0fff
reloadAllAccessors: .DB

===========================================================================================
----------------- testing Sat Dec 28 06:28:46 UTC 2019 /home/travis/build/icyphy/ptII/ptolemy/actor/lib/test/auto/DBDE.xml
----------------- Instantiating /home/travis/build/icyphy/ptII/ptolemy/actor/lib/test/auto/DBDE.xml
2 ms. Memory: 620544K Free: 409577K (66%)
----------------- Invoking toplevel() on ptolemy.moml.MoMLSimpleApplication@f0db3d9
----------------- Done invoking toplevel() on ptolemy.moml.MoMLSimpleApplication@f0db3d9
reloadAllAccessors: .DBDE

===========================================================================================
----------------- testing Sat Dec 28 06:28:46 UTC 2019 /home/travis/build/icyphy/ptII/ptolemy/actor/lib/test/auto/DateConstructor.xml
----------------- Instantiating /home/travis/build/icyphy/ptII/ptolemy/actor/lib/test/auto/DateConstructor.xml
24 ms. Memory: 620544K Free: 392679K (63%)
----------------- Invoking toplevel() on ptolemy.moml.MoMLSimpleApplication@68fa995a
----------------- Done invoking toplevel() on ptolemy.moml.MoMLSimpleApplication@68fa995a
reloadAllAccessors: .DateConstructor

===========================================================================================
----------------- testing Sat Dec 28 06:28:47 UTC 2019 /home/travis/build/icyphy/ptII/ptolemy/actor/lib/test/auto/DelayTime.xml
----------------- Instantiating /home/travis/build/icyphy/ptII/ptolemy/actor/lib/test/auto/DelayTime.xml
5 ms. Memory: 620544K Free: 387049K (62%)
----------------- Invoking toplevel() on ptolemy.moml.MoMLSimpleApplication@5de79c10
----------------- Done invoking toplevel() on ptolemy.moml.MoMLSimpleApplication@5de79c10
reloadAllAccessors: .DelayTime

===========================================================================================
----------------- testing Sat Dec 28 06:28:47 UTC 2019 /home/travis/build/icyphy/ptII/ptolemy/actor/lib/test/auto/Dictionary1.xml
----------------- Instantiating /home/travis/build/icyphy/ptII/ptolemy/actor/lib/test/auto/Dictionary1.xml
1 ms. Memory: 620544K Free: 381929K (62%)
----------------- Invoking toplevel() on ptolemy.moml.MoMLSimpleApplication@52a1fc34
----------------- Done invoking toplevel() on ptolemy.moml.MoMLSimpleApplication@52a1fc34
reloadAllAccessors: .Dictionary1

===========================================================================================
----------------- testing Sat Dec 28 06:28:47 UTC 2019 /home/travis/build/icyphy/ptII/ptolemy/actor/lib/test/auto/Dictionary2.xml
----------------- Instantiating /home/travis/build/icyphy/ptII/ptolemy/actor/lib/test/auto/Dictionary2.xml
2 ms. Memory: 620544K Free: 376295K (61%)
----------------- Invoking toplevel() on ptolemy.moml.MoMLSimpleApplication@535d56b8
----------------- Done invoking toplevel() on ptolemy.moml.MoMLSimpleApplication@535d56b8
reloadAllAccessors: .Dictionary2

===========================================================================================
----------------- testing Sat Dec 28 06:28:47 UTC 2019 /home/travis/build/icyphy/ptII/ptolemy/actor/lib/test/auto/Dictionary3.xml
----------------- Instantiating /home/travis/build/icyphy/ptII/ptolemy/actor/lib/test/auto/Dictionary3.xml
2 ms. Memory: 620544K Free: 370665K (60%)
----------------- Invoking toplevel() on ptolemy.moml.MoMLSimpleApplication@14fc1401
----------------- Done invoking toplevel() on ptolemy.moml.MoMLSimpleApplication@14fc1401
reloadAllAccessors: .Dictionary3

===========================================================================================
----------------- testing Sat Dec 28 06:28:47 UTC 2019 /home/travis/build/icyphy/ptII/ptolemy/actor/lib/test/auto/Dictionary4.xml
----------------- Instantiating /home/travis/build/icyphy/ptII/ptolemy/actor/lib/test/auto/Dictionary4.xml
3 ms. Memory: 620544K Free: 364001K (59%)
----------------- Invoking toplevel() on ptolemy.moml.MoMLSimpleApplication@d48b6db
----------------- Done invoking toplevel() on ptolemy.moml.MoMLSimpleApplication@d48b6db
reloadAllAccessors: .Dictionary4

===========================================================================================
----------------- testing Sat Dec 28 06:28:47 UTC 2019 /home/travis/build/icyphy/ptII/ptolemy/actor/lib/test/auto/Differential.xml
----------------- Instantiating /home/travis/build/icyphy/ptII/ptolemy/actor/lib/test/auto/Differential.xml
3 ms. Memory: 620544K Free: 359401K (58%)
----------------- Invoking toplevel() on ptolemy.moml.MoMLSimpleApplication@4e58697a
----------------- Done invoking toplevel() on ptolemy.moml.MoMLSimpleApplication@4e58697a
reloadAllAccessors: .Differential

===========================================================================================
----------------- testing Sat Dec 28 06:28:47 UTC 2019 /home/travis/build/icyphy/ptII/ptolemy/actor/lib/test/auto/Director.xml
----------------- Instantiating /home/travis/build/icyphy/ptII/ptolemy/actor/lib/test/auto/Director.xml
3 ms. Memory: 620544K Free: 355815K (57%)
----------------- Invoking toplevel() on ptolemy.moml.MoMLSimpleApplication@5195ed01
----------------- Done invoking toplevel() on ptolemy.moml.MoMLSimpleApplication@5195ed01
reloadAllAccessors: .Director

===========================================================================================
----------------- testing Sat Dec 28 06:28:47 UTC 2019 /home/travis/build/icyphy/ptII/ptolemy/actor/lib/test/auto/DiscreteClock.xml
----------------- Instantiating /home/travis/build/icyphy/ptII/ptolemy/actor/lib/test/auto/DiscreteClock.xml
1 ms. Memory: 620544K Free: 351719K (57%)
----------------- Invoking toplevel() on ptolemy.moml.MoMLSimpleApplication@631938b
----------------- Done invoking toplevel() on ptolemy.moml.MoMLSimpleApplication@631938b
reloadAllAccessors: .DiscreteClock

===========================================================================================
----------------- testing Sat Dec 28 06:28:47 UTC 2019 /home/travis/build/icyphy/ptII/ptolemy/actor/lib/test/auto/DiscreteClock10.xml
----------------- Instantiating /home/travis/build/icyphy/ptII/ptolemy/actor/lib/test/auto/DiscreteClock10.xml
4 ms. Memory: 620544K Free: 346089K (56%)
----------------- Invoking toplevel() on ptolemy.moml.MoMLSimpleApplication@2a0162b3
----------------- Done invoking toplevel() on ptolemy.moml.MoMLSimpleApplication@2a0162b3
reloadAllAccessors: .DiscreteClock10

===========================================================================================
----------------- testing Sat Dec 28 06:28:47 UTC 2019 /home/travis/build/icyphy/ptII/ptolemy/actor/lib/test/auto/DiscreteClock11.xml
----------------- Instantiating /home/travis/build/icyphy/ptII/ptolemy/actor/lib/test/auto/DiscreteClock11.xml
2 ms. Memory: 620544K Free: 339945K (55%)
----------------- Invoking toplevel() on ptolemy.moml.MoMLSimpleApplication@355fa287
----------------- Done invoking toplevel() on ptolemy.moml.MoMLSimpleApplication@355fa287
reloadAllAccessors: .DiscreteClock11

===========================================================================================
----------------- testing Sat Dec 28 06:28:47 UTC 2019 /home/travis/build/icyphy/ptII/ptolemy/actor/lib/test/auto/DiscreteClock12.xml
----------------- Instantiating /home/travis/build/icyphy/ptII/ptolemy/actor/lib/test/auto/DiscreteClock12.xml
3 ms. Memory: 620544K Free: 333801K (54%)
----------------- Invoking toplevel() on ptolemy.moml.MoMLSimpleApplication@208f2f24
----------------- Done invoking toplevel() on ptolemy.moml.MoMLSimpleApplication@208f2f24
reloadAllAccessors: .DiscreteClock12

===========================================================================================
----------------- testing Sat Dec 28 06:28:47 UTC 2019 /home/travis/build/icyphy/ptII/ptolemy/actor/lib/test/auto/DiscreteClock13.xml
----------------- Instantiating /home/travis/build/icyphy/ptII/ptolemy/actor/lib/test/auto/DiscreteClock13.xml
3 ms. Memory: 620544K Free: 327657K (53%)
----------------- Invoking toplevel() on ptolemy.moml.MoMLSimpleApplication@1e0eb072
----------------- Done invoking toplevel() on ptolemy.moml.MoMLSimpleApplication@1e0eb072
reloadAllAccessors: .DiscreteClock13

===========================================================================================
----------------- testing Sat Dec 28 06:28:47 UTC 2019 /home/travis/build/icyphy/ptII/ptolemy/actor/lib/test/auto/DiscreteClock14.xml
----------------- Instantiating /home/travis/build/icyphy/ptII/ptolemy/actor/lib/test/auto/DiscreteClock14.xml
3 ms. Memory: 620544K Free: 321993K (52%)
----------------- Invoking toplevel() on ptolemy.moml.MoMLSimpleApplication@21ef0f3d
----------------- Done invoking toplevel() on ptolemy.moml.MoMLSimpleApplication@21ef0f3d
reloadAllAccessors: .DiscreteClock14

===========================================================================================
----------------- testing Sat Dec 28 06:28:47 UTC 2019 /home/travis/build/icyphy/ptII/ptolemy/actor/lib/test/auto/DiscreteClock15.xml
----------------- Instantiating /home/travis/build/icyphy/ptII/ptolemy/actor/lib/test/auto/DiscreteClock15.xml
2 ms. Memory: 620544K Free: 315849K (51%)
----------------- Invoking toplevel() on ptolemy.moml.MoMLSimpleApplication@26009a31
----------------- Done invoking toplevel() on ptolemy.moml.MoMLSimpleApplication@26009a31
reloadAllAccessors: .DiscreteClock15

===========================================================================================
----------------- testing Sat Dec 28 06:28:47 UTC 2019 /home/travis/build/icyphy/ptII/ptolemy/actor/lib/test/auto/DiscreteClock16.xml
----------------- Instantiating /home/travis/build/icyphy/ptII/ptolemy/actor/lib/test/auto/DiscreteClock16.xml
21 ms. Memory: 620544K Free: 302057K (49%)
----------------- Invoking toplevel() on ptolemy.moml.MoMLSimpleApplication@6e6fd23b
----------------- Done invoking toplevel() on ptolemy.moml.MoMLSimpleApplication@6e6fd23b
reloadAllAccessors: .DiscreteClock16

===========================================================================================
----------------- testing Sat Dec 28 06:28:47 UTC 2019 /home/travis/build/icyphy/ptII/ptolemy/actor/lib/test/auto/DiscreteClock17.xml
----------------- Instantiating /home/travis/build/icyphy/ptII/ptolemy/actor/lib/test/auto/DiscreteClock17.xml
15 ms. Memory: 620544K Free: 287193K (46%)
----------------- Invoking toplevel() on ptolemy.moml.MoMLSimpleApplication@33560414
----------------- Done invoking toplevel() on ptolemy.moml.MoMLSimpleApplication@33560414
reloadAllAccessors: .DiscreteClock17

===========================================================================================
----------------- testing Sat Dec 28 06:28:47 UTC 2019 /home/travis/build/icyphy/ptII/ptolemy/actor/lib/test/auto/DiscreteClock18.xml
----------------- Instantiating /home/travis/build/icyphy/ptII/ptolemy/actor/lib/test/auto/DiscreteClock18.xml
12 ms. Memory: 620544K Free: 273881K (44%)
----------------- Invoking toplevel() on ptolemy.moml.MoMLSimpleApplication@6c6be931
----------------- Done invoking toplevel() on ptolemy.moml.MoMLSimpleApplication@6c6be931
reloadAllAccessors: .DiscreteClock18

===========================================================================================
----------------- testing Sat Dec 28 06:28:47 UTC 2019 /home/travis/build/icyphy/ptII/ptolemy/actor/lib/test/auto/DiscreteClock19.xml
----------------- Instantiating /home/travis/build/icyphy/ptII/ptolemy/actor/lib/test/auto/DiscreteClock19.xml
15 ms. Memory: 620544K Free: 260073K (42%)
----------------- Invoking toplevel() on ptolemy.moml.MoMLSimpleApplication@20c9e966
----------------- Done invoking toplevel() on ptolemy.moml.MoMLSimpleApplication@20c9e966
reloadAllAccessors: .DiscreteClock19

===========================================================================================
----------------- testing Sat Dec 28 06:28:47 UTC 2019 /home/travis/build/icyphy/ptII/ptolemy/actor/lib/test/auto/DiscreteClock2.xml
----------------- Instantiating /home/travis/build/icyphy/ptII/ptolemy/actor/lib/test/auto/DiscreteClock2.xml
2 ms. Memory: 620544K Free: 254953K (41%)
----------------- Invoking toplevel() on ptolemy.moml.MoMLSimpleApplication@398278af
----------------- Done invoking toplevel() on ptolemy.moml.MoMLSimpleApplication@398278af
reloadAllAccessors: .DiscreteClock2

===========================================================================================
----------------- testing Sat Dec 28 06:28:47 UTC 2019 /home/travis/build/icyphy/ptII/ptolemy/actor/lib/test/auto/DiscreteClock20.xml
----------------- Instantiating /home/travis/build/icyphy/ptII/ptolemy/actor/lib/test/auto/DiscreteClock20.xml
3 ms. Memory: 620544K Free: 249319K (40%)
----------------- Invoking toplevel() on ptolemy.moml.MoMLSimpleApplication@2667806e
----------------- Done invoking toplevel() on ptolemy.moml.MoMLSimpleApplication@2667806e
reloadAllAccessors: .DiscreteClock20

===========================================================================================
----------------- testing Sat Dec 28 06:28:47 UTC 2019 /home/travis/build/icyphy/ptII/ptolemy/actor/lib/test/auto/DiscreteClock21.xml
----------------- Instantiating /home/travis/build/icyphy/ptII/ptolemy/actor/lib/test/auto/DiscreteClock21.xml
2 ms. Memory: 620544K Free: 244199K (39%)
----------------- Invoking toplevel() on ptolemy.moml.MoMLSimpleApplication@58292cc0
----------------- Done invoking toplevel() on ptolemy.moml.MoMLSimpleApplication@58292cc0
reloadAllAccessors: .DiscreteClock21

===========================================================================================
----------------- testing Sat Dec 28 06:28:47 UTC 2019 /home/travis/build/icyphy/ptII/ptolemy/actor/lib/test/auto/DiscreteClock22.xml
----------------- Instantiating /home/travis/build/icyphy/ptII/ptolemy/actor/lib/test/auto/DiscreteClock22.xml
4 ms. Memory: 620544K Free: 238569K (38%)
----------------- Invoking toplevel() on ptolemy.moml.MoMLSimpleApplication@fe27e81
----------------- Done invoking toplevel() on ptolemy.moml.MoMLSimpleApplication@fe27e81
reloadAllAccessors: .DiscreteClock22

===========================================================================================
----------------- testing Sat Dec 28 06:28:47 UTC 2019 /home/travis/build/icyphy/ptII/ptolemy/actor/lib/test/auto/DiscreteClock23.xml
----------------- Instantiating /home/travis/build/icyphy/ptII/ptolemy/actor/lib/test/auto/DiscreteClock23.xml
4 ms. Memory: 620544K Free: 232935K (38%)
----------------- Invoking toplevel() on ptolemy.moml.MoMLSimpleApplication@6cd99240
----------------- Done invoking toplevel() on ptolemy.moml.MoMLSimpleApplication@6cd99240
reloadAllAccessors: .DiscreteClock23

===========================================================================================
----------------- testing Sat Dec 28 06:28:47 UTC 2019 /home/travis/build/icyphy/ptII/ptolemy/actor/lib/test/auto/DiscreteClock24.xml
----------------- Instantiating /home/travis/build/icyphy/ptII/ptolemy/actor/lib/test/auto/DiscreteClock24.xml
4 ms. Memory: 620544K Free: 227305K (37%)
----------------- Invoking toplevel() on ptolemy.moml.MoMLSimpleApplication@13ae1bca
----------------- Done invoking toplevel() on ptolemy.moml.MoMLSimpleApplication@13ae1bca
reloadAllAccessors: .DiscreteClock24

===========================================================================================
----------------- testing Sat Dec 28 06:28:47 UTC 2019 /home/travis/build/icyphy/ptII/ptolemy/actor/lib/test/auto/DiscreteClock4.xml
----------------- Instantiating /home/travis/build/icyphy/ptII/ptolemy/actor/lib/test/auto/DiscreteClock4.xml
1 ms. Memory: 620544K Free: 222185K (36%)
----------------- Invoking toplevel() on ptolemy.moml.MoMLSimpleApplication@64b0041a
----------------- Done invoking toplevel() on ptolemy.moml.MoMLSimpleApplication@64b0041a
reloadAllAccessors: .DiscreteClock4

===========================================================================================
----------------- testing Sat Dec 28 06:28:47 UTC 2019 /home/travis/build/icyphy/ptII/ptolemy/actor/lib/test/auto/DiscreteClock5.xml
----------------- Instantiating /home/travis/build/icyphy/ptII/ptolemy/actor/lib/test/auto/DiscreteClock5.xml
1 ms. Memory: 620544K Free: 216537K (35%)
----------------- Invoking toplevel() on ptolemy.moml.MoMLSimpleApplication@1ca30928
----------------- Done invoking toplevel() on ptolemy.moml.MoMLSimpleApplication@1ca30928
reloadAllAccessors: .DiscreteClock5

===========================================================================================
----------------- testing Sat Dec 28 06:28:47 UTC 2019 /home/travis/build/icyphy/ptII/ptolemy/actor/lib/test/auto/DiscreteClock6.xml
----------------- Instantiating /home/travis/build/icyphy/ptII/ptolemy/actor/lib/test/auto/DiscreteClock6.xml
1 ms. Memory: 620544K Free: 212441K (34%)
----------------- Invoking toplevel() on ptolemy.moml.MoMLSimpleApplication@518f6e7e
----------------- Done invoking toplevel() on ptolemy.moml.MoMLSimpleApplication@518f6e7e
reloadAllAccessors: .DiscreteClock6

===========================================================================================
----------------- testing Sat Dec 28 06:28:47 UTC 2019 /home/travis/build/icyphy/ptII/ptolemy/actor/lib/test/auto/DiscreteClock7.xml
----------------- Instantiating /home/travis/build/icyphy/ptII/ptolemy/actor/lib/test/auto/DiscreteClock7.xml
1 ms. Memory: 620544K Free: 207335K (33%)
----------------- Invoking toplevel() on ptolemy.moml.MoMLSimpleApplication@398751af
----------------- Done invoking toplevel() on ptolemy.moml.MoMLSimpleApplication@398751af
reloadAllAccessors: .DiscreteClock7

===========================================================================================
----------------- testing Sat Dec 28 06:28:47 UTC 2019 /home/travis/build/icyphy/ptII/ptolemy/actor/lib/test/auto/DiscreteClock8.xml
----------------- Instantiating /home/travis/build/icyphy/ptII/ptolemy/actor/lib/test/auto/DiscreteClock8.xml
4 ms. Memory: 620544K Free: 566247K (91%)
----------------- Invoking toplevel() on ptolemy.moml.MoMLSimpleApplication@bddc3e5
----------------- Done invoking toplevel() on ptolemy.moml.MoMLSimpleApplication@bddc3e5
reloadAllAccessors: .DiscreteClock8

===========================================================================================
----------------- testing Sat Dec 28 06:28:47 UTC 2019 /home/travis/build/icyphy/ptII/ptolemy/actor/lib/test/auto/DiscreteClock9.xml
----------------- Instantiating /home/travis/build/icyphy/ptII/ptolemy/actor/lib/test/auto/DiscreteClock9.xml
3 ms. Memory: 620544K Free: 560601K (90%)
----------------- Invoking toplevel() on ptolemy.moml.MoMLSimpleApplication@34332c05
----------------- Done invoking toplevel() on ptolemy.moml.MoMLSimpleApplication@34332c05
reloadAllAccessors: .DiscreteClock9

===========================================================================================
----------------- testing Sat Dec 28 06:28:47 UTC 2019 /home/travis/build/icyphy/ptII/ptolemy/actor/lib/test/auto/DisplayArray.xml
----------------- Instantiating /home/travis/build/icyphy/ptII/ptolemy/actor/lib/test/auto/DisplayArray.xml
1 ms. Memory: 620544K Free: 557033K (90%)
----------------- Invoking toplevel() on ptolemy.moml.MoMLSimpleApplication@4b1cb391
----------------- Done invoking toplevel() on ptolemy.moml.MoMLSimpleApplication@4b1cb391
reloadAllAccessors: .DisplayArray

===========================================================================================
----------------- testing Sat Dec 28 06:28:47 UTC 2019 /home/travis/build/icyphy/ptII/ptolemy/actor/lib/test/auto/Distributor.xml
----------------- Instantiating /home/travis/build/icyphy/ptII/ptolemy/actor/lib/test/auto/Distributor.xml
2 ms. Memory: 620544K Free: 551913K (89%)
----------------- Invoking toplevel() on ptolemy.moml.MoMLSimpleApplication@6c4d35e6
----------------- Done invoking toplevel() on ptolemy.moml.MoMLSimpleApplication@6c4d35e6
reloadAllAccessors: .Distributor

===========================================================================================
----------------- testing Sat Dec 28 06:28:47 UTC 2019 /home/travis/build/icyphy/ptII/ptolemy/actor/lib/test/auto/Distributor2.xml
----------------- Instantiating /home/travis/build/icyphy/ptII/ptolemy/actor/lib/test/auto/Distributor2.xml
1 ms. Memory: 620544K Free: 546793K (88%)
----------------- Invoking toplevel() on ptolemy.moml.MoMLSimpleApplication@2d69416e
----------------- Done invoking toplevel() on ptolemy.moml.MoMLSimpleApplication@2d69416e
reloadAllAccessors: .Distributor2

===========================================================================================
----------------- testing Sat Dec 28 06:28:47 UTC 2019 /home/travis/build/icyphy/ptII/ptolemy/actor/lib/test/auto/DownSample.xml
----------------- Instantiating /home/travis/build/icyphy/ptII/ptolemy/actor/lib/test/auto/DownSample.xml
1 ms. Memory: 620544K Free: 542183K (87%)
----------------- Invoking toplevel() on ptolemy.moml.MoMLSimpleApplication@4ea6aeee
----------------- Done invoking toplevel() on ptolemy.moml.MoMLSimpleApplication@4ea6aeee
reloadAllAccessors: .DownSample

===========================================================================================
----------------- testing Sat Dec 28 06:28:47 UTC 2019 /home/travis/build/icyphy/ptII/ptolemy/actor/lib/test/auto/ElectronicUnitBase1.xml
----------------- Instantiating /home/travis/build/icyphy/ptII/ptolemy/actor/lib/test/auto/ElectronicUnitBase1.xml
14 ms. Memory: 620544K Free: 526823K (85%)
----------------- Invoking toplevel() on ptolemy.moml.MoMLSimpleApplication@5b5076a5
----------------- Done invoking toplevel() on ptolemy.moml.MoMLSimpleApplication@5b5076a5
reloadAllAccessors: .ElectronicUnitBase1

===========================================================================================
----------------- testing Sat Dec 28 06:28:47 UTC 2019 /home/travis/build/icyphy/ptII/ptolemy/actor/lib/test/auto/ElementsToArray.xml
----------------- Instantiating /home/travis/build/icyphy/ptII/ptolemy/actor/lib/test/auto/ElementsToArray.xml
2 ms. Memory: 620544K Free: 521193K (84%)
----------------- Invoking toplevel() on ptolemy.moml.MoMLSimpleApplication@464f4b7a
----------------- Done invoking toplevel() on ptolemy.moml.MoMLSimpleApplication@464f4b7a
reloadAllAccessors: .ElementsToArray

===========================================================================================
----------------- testing Sat Dec 28 06:28:47 UTC 2019 /home/travis/build/icyphy/ptII/ptolemy/actor/lib/test/auto/Equals.xml
----------------- Instantiating /home/travis/build/icyphy/ptII/ptolemy/actor/lib/test/auto/Equals.xml
2 ms. Memory: 620544K Free: 516583K (83%)
----------------- Invoking toplevel() on ptolemy.moml.MoMLSimpleApplication@d3c1f4c
----------------- Done invoking toplevel() on ptolemy.moml.MoMLSimpleApplication@d3c1f4c
reloadAllAccessors: .Equals

===========================================================================================
----------------- testing Sat Dec 28 06:28:47 UTC 2019 /home/travis/build/icyphy/ptII/ptolemy/actor/lib/test/auto/Exec.xml
----------------- Instantiating /home/travis/build/icyphy/ptII/ptolemy/actor/lib/test/auto/Exec.xml
16 ms. Memory: 620544K Free: 510953K (82%)
----------------- Invoking toplevel() on ptolemy.moml.MoMLSimpleApplication@32081d4d
----------------- Done invoking toplevel() on ptolemy.moml.MoMLSimpleApplication@32081d4d
reloadAllAccessors: .Exec

===========================================================================================
----------------- testing Sat Dec 28 06:28:47 UTC 2019 /home/travis/build/icyphy/ptII/ptolemy/actor/lib/test/auto/ExecEnvironment.xml
----------------- Instantiating /home/travis/build/icyphy/ptII/ptolemy/actor/lib/test/auto/ExecEnvironment.xml
24 ms. Memory: 620544K Free: 505831K (82%)
----------------- Invoking toplevel() on ptolemy.moml.MoMLSimpleApplication@20f68a24
----------------- Done invoking toplevel() on ptolemy.moml.MoMLSimpleApplication@20f68a24
reloadAllAccessors: .ExecEnvironment

===========================================================================================
----------------- testing Sat Dec 28 06:28:48 UTC 2019 /home/travis/build/icyphy/ptII/ptolemy/actor/lib/test/auto/ExecNonZeroReturnOutput.xml
----------------- Instantiating /home/travis/build/icyphy/ptII/ptolemy/actor/lib/test/auto/ExecNonZeroReturnOutput.xml
162 ms. Memory: 620544K Free: 494569K (80%)
----------------- Invoking toplevel() on ptolemy.moml.MoMLSimpleApplication@63ab098f
----------------- Done invoking toplevel() on ptolemy.moml.MoMLSimpleApplication@63ab098f
reloadAllAccessors: .ExecNonZeroReturnOutput

===========================================================================================
----------------- testing Sat Dec 28 06:28:48 UTC 2019 /home/travis/build/icyphy/ptII/ptolemy/actor/lib/test/auto/ExecRunDemos.xml
----------------- Instantiating /home/travis/build/icyphy/ptII/ptolemy/actor/lib/test/auto/ExecRunDemos.xml
Finished: 69 ms. Memory: 129024K Free: 113051K (88%)

Finished: 66 ms. Memory: 129024K Free: 110821K (86%)

Finished: 85 ms. Memory: 129024K Free: 110550K (86%)

Finished: 70 ms. Memory: 129024K Free: 112153K (87%)

Finished: 81 ms. Memory: 129024K Free: 113037K (88%)

10072 ms. Memory: 620544K Free: 474087K (76%)
----------------- Invoking toplevel() on ptolemy.moml.MoMLSimpleApplication@31392f4b
----------------- Done invoking toplevel() on ptolemy.moml.MoMLSimpleApplication@31392f4b
reloadAllAccessors: .ExecRunDemos

===========================================================================================
----------------- testing Sat Dec 28 06:28:58 UTC 2019 /home/travis/build/icyphy/ptII/ptolemy/actor/lib/test/auto/ExecStop.xml
----------------- Instantiating /home/travis/build/icyphy/ptII/ptolemy/actor/lib/test/auto/ExecStop.xml
5019 ms. Memory: 620544K Free: 327143K (53%)
----------------- Invoking toplevel() on ptolemy.moml.MoMLSimpleApplication@aa5ef4e
----------------- Done invoking toplevel() on ptolemy.moml.MoMLSimpleApplication@aa5ef4e
reloadAllAccessors: .ExecStop

===========================================================================================
----------------- testing Sat Dec 28 06:29:03 UTC 2019 /home/travis/build/icyphy/ptII/ptolemy/actor/lib/test/auto/ExecutionTimeSDF.xml
----------------- Instantiating /home/travis/build/icyphy/ptII/ptolemy/actor/lib/test/auto/ExecutionTimeSDF.xml
Fired ExecutionTime: -263767296
Fired ExecutionTime: 1344400000
Fired ExecutionTime: 1359600000
6008 ms. Memory: 620544K Free: 314841K (51%)
----------------- Invoking toplevel() on ptolemy.moml.MoMLSimpleApplication@32d8c4e0
----------------- Done invoking toplevel() on ptolemy.moml.MoMLSimpleApplication@32d8c4e0
reloadAllAccessors: .ExecutionTimeSDF

===========================================================================================
----------------- testing Sat Dec 28 06:29:09 UTC 2019 /home/travis/build/icyphy/ptII/ptolemy/actor/lib/test/auto/Expression1.xml
----------------- Instantiating /home/travis/build/icyphy/ptII/ptolemy/actor/lib/test/auto/Expression1.xml
1 ms. Memory: 620544K Free: 311783K (50%)
----------------- Invoking toplevel() on ptolemy.moml.MoMLSimpleApplication@6c82044b
----------------- Done invoking toplevel() on ptolemy.moml.MoMLSimpleApplication@6c82044b
reloadAllAccessors: .Expression1

===========================================================================================
----------------- testing Sat Dec 28 06:29:09 UTC 2019 /home/travis/build/icyphy/ptII/ptolemy/actor/lib/test/auto/Expression10.xml
----------------- Instantiating /home/travis/build/icyphy/ptII/ptolemy/actor/lib/test/auto/Expression10.xml
6 ms. Memory: 620544K Free: 306153K (49%)
----------------- Invoking toplevel() on ptolemy.moml.MoMLSimpleApplication@1343ee0d
----------------- Done invoking toplevel() on ptolemy.moml.MoMLSimpleApplication@1343ee0d
reloadAllAccessors: .Expression10

===========================================================================================
----------------- testing Sat Dec 28 06:29:09 UTC 2019 /home/travis/build/icyphy/ptII/ptolemy/actor/lib/test/auto/Expression11.xml
----------------- Instantiating /home/travis/build/icyphy/ptII/ptolemy/actor/lib/test/auto/Expression11.xml
1 ms. Memory: 620544K Free: 301543K (49%)
----------------- Invoking toplevel() on ptolemy.moml.MoMLSimpleApplication@4a37631b
----------------- Done invoking toplevel() on ptolemy.moml.MoMLSimpleApplication@4a37631b
reloadAllAccessors: .Expression11

===========================================================================================
----------------- testing Sat Dec 28 06:29:09 UTC 2019 /home/travis/build/icyphy/ptII/ptolemy/actor/lib/test/auto/Expression12.xml
----------------- Instantiating /home/travis/build/icyphy/ptII/ptolemy/actor/lib/test/auto/Expression12.xml
2 ms. Memory: 620544K Free: 295913K (48%)
----------------- Invoking toplevel() on ptolemy.moml.MoMLSimpleApplication@80e0e89
----------------- Done invoking toplevel() on ptolemy.moml.MoMLSimpleApplication@80e0e89
reloadAllAccessors: .Expression12

===========================================================================================
----------------- testing Sat Dec 28 06:29:09 UTC 2019 /home/travis/build/icyphy/ptII/ptolemy/actor/lib/test/auto/Expression13.xml
----------------- Instantiating /home/travis/build/icyphy/ptII/ptolemy/actor/lib/test/auto/Expression13.xml
2 ms. Memory: 620544K Free: 290793K (47%)
----------------- Invoking toplevel() on ptolemy.moml.MoMLSimpleApplication@4ac7e766
----------------- Done invoking toplevel() on ptolemy.moml.MoMLSimpleApplication@4ac7e766
reloadAllAccessors: .Expression13

===========================================================================================
----------------- testing Sat Dec 28 06:29:09 UTC 2019 /home/travis/build/icyphy/ptII/ptolemy/actor/lib/test/auto/Expression14.xml
----------------- Instantiating /home/travis/build/icyphy/ptII/ptolemy/actor/lib/test/auto/Expression14.xml
4 ms. Memory: 620544K Free: 285159K (46%)
----------------- Invoking toplevel() on ptolemy.moml.MoMLSimpleApplication@3c32cd54
----------------- Done invoking toplevel() on ptolemy.moml.MoMLSimpleApplication@3c32cd54
reloadAllAccessors: .Expression14

===========================================================================================
----------------- testing Sat Dec 28 06:29:09 UTC 2019 /home/travis/build/icyphy/ptII/ptolemy/actor/lib/test/auto/Expression15.xml
----------------- Instantiating /home/travis/build/icyphy/ptII/ptolemy/actor/lib/test/auto/Expression15.xml
1 ms. Memory: 620544K Free: 281577K (45%)
----------------- Invoking toplevel() on ptolemy.moml.MoMLSimpleApplication@7e9a5b0a
----------------- Done invoking toplevel() on ptolemy.moml.MoMLSimpleApplication@7e9a5b0a
reloadAllAccessors: .Expression15

===========================================================================================
----------------- testing Sat Dec 28 06:29:09 UTC 2019 /home/travis/build/icyphy/ptII/ptolemy/actor/lib/test/auto/Expression16.xml
----------------- Instantiating /home/travis/build/icyphy/ptII/ptolemy/actor/lib/test/auto/Expression16.xml
1 ms. Memory: 620544K Free: 276457K (45%)
----------------- Invoking toplevel() on ptolemy.moml.MoMLSimpleApplication@4784f15a
----------------- Done invoking toplevel() on ptolemy.moml.MoMLSimpleApplication@4784f15a
reloadAllAccessors: .Expression16

===========================================================================================
----------------- testing Sat Dec 28 06:29:09 UTC 2019 /home/travis/build/icyphy/ptII/ptolemy/actor/lib/test/auto/Expression17.xml
----------------- Instantiating /home/travis/build/icyphy/ptII/ptolemy/actor/lib/test/auto/Expression17.xml
4 ms. Memory: 620544K Free: 271337K (44%)
----------------- Invoking toplevel() on ptolemy.moml.MoMLSimpleApplication@200dd1b5
----------------- Done invoking toplevel() on ptolemy.moml.MoMLSimpleApplication@200dd1b5
reloadAllAccessors: .Expression17

===========================================================================================
----------------- testing Sat Dec 28 06:29:09 UTC 2019 /home/travis/build/icyphy/ptII/ptolemy/actor/lib/test/auto/Expression18.xml
----------------- Instantiating /home/travis/build/icyphy/ptII/ptolemy/actor/lib/test/auto/Expression18.xml
2 ms. Memory: 620544K Free: 265703K (43%)
----------------- Invoking toplevel() on ptolemy.moml.MoMLSimpleApplication@35dd05b0
----------------- Done invoking toplevel() on ptolemy.moml.MoMLSimpleApplication@35dd05b0
reloadAllAccessors: .Expression18

===========================================================================================
----------------- testing Sat Dec 28 06:29:09 UTC 2019 /home/travis/build/icyphy/ptII/ptolemy/actor/lib/test/auto/Expression2.xml
----------------- Instantiating /home/travis/build/icyphy/ptII/ptolemy/actor/lib/test/auto/Expression2.xml
2 ms. Memory: 620544K Free: 261097K (42%)
----------------- Invoking toplevel() on ptolemy.moml.MoMLSimpleApplication@169797f5
----------------- Done invoking toplevel() on ptolemy.moml.MoMLSimpleApplication@169797f5
reloadAllAccessors: .Expression2

===========================================================================================
----------------- testing Sat Dec 28 06:29:09 UTC 2019 /home/travis/build/icyphy/ptII/ptolemy/actor/lib/test/auto/Expression3.xml
----------------- Instantiating /home/travis/build/icyphy/ptII/ptolemy/actor/lib/test/auto/Expression3.xml
6 ms. Memory: 620544K Free: 255977K (41%)
----------------- Invoking toplevel() on ptolemy.moml.MoMLSimpleApplication@bf467d5
----------------- Done invoking toplevel() on ptolemy.moml.MoMLSimpleApplication@bf467d5
reloadAllAccessors: .Expression3

===========================================================================================
----------------- testing Sat Dec 28 06:29:09 UTC 2019 /home/travis/build/icyphy/ptII/ptolemy/actor/lib/test/auto/Expression4.xml
----------------- Instantiating /home/travis/build/icyphy/ptII/ptolemy/actor/lib/test/auto/Expression4.xml
5 ms. Memory: 620544K Free: 248295K (40%)
----------------- Invoking toplevel() on ptolemy.moml.MoMLSimpleApplication@e230d5d
----------------- Done invoking toplevel() on ptolemy.moml.MoMLSimpleApplication@e230d5d
reloadAllAccessors: .Expression4

===========================================================================================
----------------- testing Sat Dec 28 06:29:09 UTC 2019 /home/travis/build/icyphy/ptII/ptolemy/actor/lib/test/auto/Expression5.xml
----------------- Instantiating /home/travis/build/icyphy/ptII/ptolemy/actor/lib/test/auto/Expression5.xml
3 ms. Memory: 620544K Free: 243175K (39%)
----------------- Invoking toplevel() on ptolemy.moml.MoMLSimpleApplication@f43f9d5
----------------- Done invoking toplevel() on ptolemy.moml.MoMLSimpleApplication@f43f9d5
reloadAllAccessors: .Expression5

===========================================================================================
----------------- testing Sat Dec 28 06:29:09 UTC 2019 /home/travis/build/icyphy/ptII/ptolemy/actor/lib/test/auto/Expression6.xml
----------------- Instantiating /home/travis/build/icyphy/ptII/ptolemy/actor/lib/test/auto/Expression6.xml
2 ms. Memory: 620544K Free: 238569K (38%)
----------------- Invoking toplevel() on ptolemy.moml.MoMLSimpleApplication@910a43f
----------------- Done invoking toplevel() on ptolemy.moml.MoMLSimpleApplication@910a43f
reloadAllAccessors: .Expression6

===========================================================================================
----------------- testing Sat Dec 28 06:29:09 UTC 2019 /home/travis/build/icyphy/ptII/ptolemy/actor/lib/test/auto/Expression7.xml
----------------- Instantiating /home/travis/build/icyphy/ptII/ptolemy/actor/lib/test/auto/Expression7.xml
2 ms. Memory: 620544K Free: 233449K (38%)
----------------- Invoking toplevel() on ptolemy.moml.MoMLSimpleApplication@10ad542e
----------------- Done invoking toplevel() on ptolemy.moml.MoMLSimpleApplication@10ad542e
reloadAllAccessors: .Expression7

===========================================================================================
----------------- testing Sat Dec 28 06:29:09 UTC 2019 /home/travis/build/icyphy/ptII/ptolemy/actor/lib/test/auto/Expression8.xml
----------------- Instantiating /home/travis/build/icyphy/ptII/ptolemy/actor/lib/test/auto/Expression8.xml
7 ms. Memory: 620544K Free: 228839K (37%)
----------------- Invoking toplevel() on ptolemy.moml.MoMLSimpleApplication@3dfd6924
----------------- Done invoking toplevel() on ptolemy.moml.MoMLSimpleApplication@3dfd6924
reloadAllAccessors: .Expression8

===========================================================================================
----------------- testing Sat Dec 28 06:29:09 UTC 2019 /home/travis/build/icyphy/ptII/ptolemy/actor/lib/test/auto/Expression9.xml
----------------- Instantiating /home/travis/build/icyphy/ptII/ptolemy/actor/lib/test/auto/Expression9.xml
0 ms. Memory: 620544K Free: 224743K (36%)
----------------- Invoking toplevel() on ptolemy.moml.MoMLSimpleApplication@398cca72
----------------- Done invoking toplevel() on ptolemy.moml.MoMLSimpleApplication@398cca72
reloadAllAccessors: .Expression9

===========================================================================================
----------------- testing Sat Dec 28 06:29:09 UTC 2019 /home/travis/build/icyphy/ptII/ptolemy/actor/lib/test/auto/ExpressionConcatenateArrayType.xml
----------------- Instantiating /home/travis/build/icyphy/ptII/ptolemy/actor/lib/test/auto/ExpressionConcatenateArrayType.xml
2 ms. Memory: 620544K Free: 218089K (35%)
----------------- Invoking toplevel() on ptolemy.moml.MoMLSimpleApplication@7321f60
----------------- Done invoking toplevel() on ptolemy.moml.MoMLSimpleApplication@7321f60
reloadAllAccessors: .ExpressionConcatenateArrayType

===========================================================================================
----------------- testing Sat Dec 28 06:29:09 UTC 2019 /home/travis/build/icyphy/ptII/ptolemy/actor/lib/test/auto/ExpressionConcatenateArrayType2.xml
----------------- Instantiating /home/travis/build/icyphy/ptII/ptolemy/actor/lib/test/auto/ExpressionConcatenateArrayType2.xml
2 ms. Memory: 620544K Free: 212455K (34%)
----------------- Invoking toplevel() on ptolemy.moml.MoMLSimpleApplication@10a53a07
----------------- Done invoking toplevel() on ptolemy.moml.MoMLSimpleApplication@10a53a07
reloadAllAccessors: .ExpressionConcatenateArrayType2

===========================================================================================
----------------- testing Sat Dec 28 06:29:09 UTC 2019 /home/travis/build/icyphy/ptII/ptolemy/actor/lib/test/auto/ExpressionFix.xml
----------------- Instantiating /home/travis/build/icyphy/ptII/ptolemy/actor/lib/test/auto/ExpressionFix.xml
37 ms. Memory: 620544K Free: 570053K (92%)
----------------- Invoking toplevel() on ptolemy.moml.MoMLSimpleApplication@7571fc7c
----------------- Done invoking toplevel() on ptolemy.moml.MoMLSimpleApplication@7571fc7c
reloadAllAccessors: .ExpressionFix

===========================================================================================
----------------- testing Sat Dec 28 06:29:09 UTC 2019 /home/travis/build/icyphy/ptII/ptolemy/actor/lib/test/auto/ExpressionFix2.xml
----------------- Instantiating /home/travis/build/icyphy/ptII/ptolemy/actor/lib/test/auto/ExpressionFix2.xml
7 ms. Memory: 620544K Free: 565737K (91%)
----------------- Invoking toplevel() on ptolemy.moml.MoMLSimpleApplication@4ac32b19
----------------- Done invoking toplevel() on ptolemy.moml.MoMLSimpleApplication@4ac32b19
reloadAllAccessors: .ExpressionFix2

===========================================================================================
----------------- testing Sat Dec 28 06:29:09 UTC 2019 /home/travis/build/icyphy/ptII/ptolemy/actor/lib/test/auto/ExpressionFix3.xml
----------------- Instantiating /home/travis/build/icyphy/ptII/ptolemy/actor/lib/test/auto/ExpressionFix3.xml
4 ms. Memory: 620544K Free: 561127K (90%)
----------------- Invoking toplevel() on ptolemy.moml.MoMLSimpleApplication@6c7fccf3
----------------- Done invoking toplevel() on ptolemy.moml.MoMLSimpleApplication@6c7fccf3
reloadAllAccessors: .ExpressionFix3

===========================================================================================
----------------- testing Sat Dec 28 06:29:09 UTC 2019 /home/travis/build/icyphy/ptII/ptolemy/actor/lib/test/auto/FileWriter1.xml
----------------- Instantiating /home/travis/build/icyphy/ptII/ptolemy/actor/lib/test/auto/FileWriter1.xml
2 ms. Memory: 620544K Free: 557031K (90%)
----------------- Invoking toplevel() on ptolemy.moml.MoMLSimpleApplication@719d7553
----------------- Done invoking toplevel() on ptolemy.moml.MoMLSimpleApplication@719d7553
reloadAllAccessors: .FileWriter1

===========================================================================================
----------------- testing Sat Dec 28 06:29:09 UTC 2019 /home/travis/build/icyphy/ptII/ptolemy/actor/lib/test/auto/FileWriter2.xml
----------------- Instantiating /home/travis/build/icyphy/ptII/ptolemy/actor/lib/test/auto/FileWriter2.xml
6 ms. Memory: 620544K Free: 552425K (89%)
----------------- Invoking toplevel() on ptolemy.moml.MoMLSimpleApplication@437f7cfd
----------------- Done invoking toplevel() on ptolemy.moml.MoMLSimpleApplication@437f7cfd
reloadAllAccessors: .FileWriter2

===========================================================================================
----------------- testing Sat Dec 28 06:29:09 UTC 2019 /home/travis/build/icyphy/ptII/ptolemy/actor/lib/test/auto/FileWriter3.xml
----------------- Instantiating /home/travis/build/icyphy/ptII/ptolemy/actor/lib/test/auto/FileWriter3.xml
3 ms. Memory: 620544K Free: 548329K (88%)
----------------- Invoking toplevel() on ptolemy.moml.MoMLSimpleApplication@48e28678
----------------- Done invoking toplevel() on ptolemy.moml.MoMLSimpleApplication@48e28678
reloadAllAccessors: .FileWriter3

===========================================================================================
----------------- testing Sat Dec 28 06:29:09 UTC 2019 /home/travis/build/icyphy/ptII/ptolemy/actor/lib/test/auto/Gaussian.xml
----------------- Instantiating /home/travis/build/icyphy/ptII/ptolemy/actor/lib/test/auto/Gaussian.xml
2 ms. Memory: 620544K Free: 543719K (88%)
----------------- Invoking toplevel() on ptolemy.moml.MoMLSimpleApplication@877704f
----------------- Done invoking toplevel() on ptolemy.moml.MoMLSimpleApplication@877704f
reloadAllAccessors: .Gaussian

===========================================================================================
----------------- testing Sat Dec 28 06:29:09 UTC 2019 /home/travis/build/icyphy/ptII/ptolemy/actor/lib/test/auto/Gaussian1.xml
----------------- Instantiating /home/travis/build/icyphy/ptII/ptolemy/actor/lib/test/auto/Gaussian1.xml
8 ms. Memory: 620544K Free: 538585K (87%)
----------------- Invoking toplevel() on ptolemy.moml.MoMLSimpleApplication@78f84eaa
----------------- Done invoking toplevel() on ptolemy.moml.MoMLSimpleApplication@78f84eaa
reloadAllAccessors: .Gaussian1

===========================================================================================
----------------- testing Sat Dec 28 06:29:09 UTC 2019 /home/travis/build/icyphy/ptII/ptolemy/actor/lib/test/auto/Gaussian2.xml
----------------- Instantiating /home/travis/build/icyphy/ptII/ptolemy/actor/lib/test/auto/Gaussian2.xml
2 ms. Memory: 620544K Free: 532969K (86%)
----------------- Invoking toplevel() on ptolemy.moml.MoMLSimpleApplication@1e86909a
----------------- Done invoking toplevel() on ptolemy.moml.MoMLSimpleApplication@1e86909a
reloadAllAccessors: .Gaussian2

===========================================================================================
----------------- testing Sat Dec 28 06:29:09 UTC 2019 /home/travis/build/icyphy/ptII/ptolemy/actor/lib/test/auto/GradientAdaptiveLattice.xml
----------------- Instantiating /home/travis/build/icyphy/ptII/ptolemy/actor/lib/test/auto/GradientAdaptiveLattice.xml
2 ms. Memory: 620544K Free: 527849K (85%)
----------------- Invoking toplevel() on ptolemy.moml.MoMLSimpleApplication@28526775
----------------- Done invoking toplevel() on ptolemy.moml.MoMLSimpleApplication@28526775
reloadAllAccessors: .GradientAdaptiveLattice

===========================================================================================
----------------- testing Sat Dec 28 06:29:09 UTC 2019 /home/travis/build/icyphy/ptII/ptolemy/actor/lib/test/auto/IIR.xml
----------------- Instantiating /home/travis/build/icyphy/ptII/ptolemy/actor/lib/test/auto/IIR.xml
3 ms. Memory: 620544K Free: 523239K (84%)
----------------- Invoking toplevel() on ptolemy.moml.MoMLSimpleApplication@6367453f
----------------- Done invoking toplevel() on ptolemy.moml.MoMLSimpleApplication@6367453f
reloadAllAccessors: .IIR

===========================================================================================
----------------- testing Sat Dec 28 06:29:09 UTC 2019 /home/travis/build/icyphy/ptII/ptolemy/actor/lib/test/auto/InputOutputTransparentPorts.xml
----------------- Instantiating /home/travis/build/icyphy/ptII/ptolemy/actor/lib/test/auto/InputOutputTransparentPorts.xml
1 ms. Memory: 620544K Free: 516071K (83%)
----------------- Invoking toplevel() on ptolemy.moml.MoMLSimpleApplication@4025ad35
----------------- Done invoking toplevel() on ptolemy.moml.MoMLSimpleApplication@4025ad35
reloadAllAccessors: .InputOutputTransparentPorts

===========================================================================================
----------------- testing Sat Dec 28 06:29:09 UTC 2019 /home/travis/build/icyphy/ptII/ptolemy/actor/lib/test/auto/Interpolator.xml
----------------- Instantiating /home/travis/build/icyphy/ptII/ptolemy/actor/lib/test/auto/Interpolator.xml
4 ms. Memory: 620544K Free: 511961K (83%)
----------------- Invoking toplevel() on ptolemy.moml.MoMLSimpleApplication@5544ccd7
----------------- Done invoking toplevel() on ptolemy.moml.MoMLSimpleApplication@5544ccd7
reloadAllAccessors: .Interpolator

===========================================================================================
----------------- testing Sat Dec 28 06:29:09 UTC 2019 /home/travis/build/icyphy/ptII/ptolemy/actor/lib/test/auto/InterpolatorFiringLimitDE.xml
----------------- Instantiating /home/travis/build/icyphy/ptII/ptolemy/actor/lib/test/auto/InterpolatorFiringLimitDE.xml
1 ms. Memory: 620544K Free: 504807K (81%)
----------------- Invoking toplevel() on ptolemy.moml.MoMLSimpleApplication@af447b5
----------------- Done invoking toplevel() on ptolemy.moml.MoMLSimpleApplication@af447b5
reloadAllAccessors: .InterpolatorFiringLimitDE

===========================================================================================
----------------- testing Sat Dec 28 06:29:10 UTC 2019 /home/travis/build/icyphy/ptII/ptolemy/actor/lib/test/auto/Lattice.xml
----------------- Instantiating /home/travis/build/icyphy/ptII/ptolemy/actor/lib/test/auto/Lattice.xml
2 ms. Memory: 620544K Free: 500711K (81%)
----------------- Invoking toplevel() on ptolemy.moml.MoMLSimpleApplication@4cb4e9d
----------------- Done invoking toplevel() on ptolemy.moml.MoMLSimpleApplication@4cb4e9d
reloadAllAccessors: .Lattice

===========================================================================================
----------------- testing Sat Dec 28 06:29:10 UTC 2019 /home/travis/build/icyphy/ptII/ptolemy/actor/lib/test/auto/LazyAOCTestLazy.xml
----------------- Instantiating /home/travis/build/icyphy/ptII/ptolemy/actor/lib/test/auto/LazyAOCTestLazy.xml
8 ms. Memory: 620544K Free: 494553K (80%)
----------------- Invoking toplevel() on ptolemy.moml.MoMLSimpleApplication@94cd3d8
----------------- Done invoking toplevel() on ptolemy.moml.MoMLSimpleApplication@94cd3d8
reloadAllAccessors: .LazyAOCTestLazy

===========================================================================================
----------------- testing Sat Dec 28 06:29:10 UTC 2019 /home/travis/build/icyphy/ptII/ptolemy/actor/lib/test/auto/LazyAOCTestNonLazy.xml
----------------- Instantiating /home/travis/build/icyphy/ptII/ptolemy/actor/lib/test/auto/LazyAOCTestNonLazy.xml
2 ms. Memory: 620544K Free: 488423K (79%)
----------------- Invoking toplevel() on ptolemy.moml.MoMLSimpleApplication@c06647c
----------------- Done invoking toplevel() on ptolemy.moml.MoMLSimpleApplication@c06647c
reloadAllAccessors: .LazyAOCTestNonLazy

===========================================================================================
----------------- testing Sat Dec 28 06:29:10 UTC 2019 /home/travis/build/icyphy/ptII/ptolemy/actor/lib/test/auto/LazyInnerClass.xml
----------------- Instantiating /home/travis/build/icyphy/ptII/ptolemy/actor/lib/test/auto/LazyInnerClass.xml
22 ms. Memory: 620544K Free: 479721K (77%)
----------------- Invoking toplevel() on ptolemy.moml.MoMLSimpleApplication@7143eae4
----------------- Done invoking toplevel() on ptolemy.moml.MoMLSimpleApplication@7143eae4
reloadAllAccessors: .LazyInnerClass

===========================================================================================
----------------- testing Sat Dec 28 06:29:10 UTC 2019 /home/travis/build/icyphy/ptII/ptolemy/actor/lib/test/auto/LazyPubSub.xml
----------------- Instantiating /home/travis/build/icyphy/ptII/ptolemy/actor/lib/test/auto/LazyPubSub.xml
26 ms. Memory: 620544K Free: 469481K (76%)
----------------- Invoking toplevel() on ptolemy.moml.MoMLSimpleApplication@7f4cd605
----------------- Done invoking toplevel() on ptolemy.moml.MoMLSimpleApplication@7f4cd605
reloadAllAccessors: .LazyPubSub

===========================================================================================
----------------- testing Sat Dec 28 06:29:10 UTC 2019 /home/travis/build/icyphy/ptII/ptolemy/actor/lib/test/auto/LazyPubSub2.xml
----------------- Instantiating /home/travis/build/icyphy/ptII/ptolemy/actor/lib/test/auto/LazyPubSub2.xml
12 ms. Memory: 620544K Free: 459737K (74%)
----------------- Invoking toplevel() on ptolemy.moml.MoMLSimpleApplication@3b7381bc
----------------- Done invoking toplevel() on ptolemy.moml.MoMLSimpleApplication@3b7381bc
reloadAllAccessors: .LazyPubSub2

===========================================================================================
----------------- testing Sat Dec 28 06:29:10 UTC 2019 /home/travis/build/icyphy/ptII/ptolemy/actor/lib/test/auto/LazyPubSub3.xml
----------------- Instantiating /home/travis/build/icyphy/ptII/ptolemy/actor/lib/test/auto/LazyPubSub3.xml
11 ms. Memory: 620544K Free: 449511K (72%)
----------------- Invoking toplevel() on ptolemy.moml.MoMLSimpleApplication@183d26b8
----------------- Done invoking toplevel() on ptolemy.moml.MoMLSimpleApplication@183d26b8
reloadAllAccessors: .LazyPubSub3

===========================================================================================
----------------- testing Sat Dec 28 06:29:10 UTC 2019 /home/travis/build/icyphy/ptII/ptolemy/actor/lib/test/auto/LazySubClassModel.xml
----------------- Instantiating /home/travis/build/icyphy/ptII/ptolemy/actor/lib/test/auto/LazySubClassModel.xml
1 ms. Memory: 620544K Free: 440295K (71%)
----------------- Invoking toplevel() on ptolemy.moml.MoMLSimpleApplication@d946901
----------------- Done invoking toplevel() on ptolemy.moml.MoMLSimpleApplication@d946901
reloadAllAccessors: .LazySubClassModel

===========================================================================================
----------------- testing Sat Dec 28 06:29:10 UTC 2019 /home/travis/build/icyphy/ptII/ptolemy/actor/lib/test/auto/LevelCrossTest1.xml
----------------- Instantiating /home/travis/build/icyphy/ptII/ptolemy/actor/lib/test/auto/LevelCrossTest1.xml
1 ms. Memory: 620544K Free: 434665K (70%)
----------------- Invoking toplevel() on ptolemy.moml.MoMLSimpleApplication@d4729cc
----------------- Done invoking toplevel() on ptolemy.moml.MoMLSimpleApplication@d4729cc
reloadAllAccessors: .broken

===========================================================================================
----------------- testing Sat Dec 28 06:29:10 UTC 2019 /home/travis/build/icyphy/ptII/ptolemy/actor/lib/test/auto/LevelCrossTest10.xml
----------------- Instantiating /home/travis/build/icyphy/ptII/ptolemy/actor/lib/test/auto/LevelCrossTest10.xml
0 ms. Memory: 620544K Free: 427497K (69%)
----------------- Invoking toplevel() on ptolemy.moml.MoMLSimpleApplication@34c57674
----------------- Done invoking toplevel() on ptolemy.moml.MoMLSimpleApplication@34c57674
reloadAllAccessors: .LevelCrossTest10

===========================================================================================
----------------- testing Sat Dec 28 06:29:10 UTC 2019 /home/travis/build/icyphy/ptII/ptolemy/actor/lib/test/auto/LevelCrossTest11.xml
----------------- Instantiating /home/travis/build/icyphy/ptII/ptolemy/actor/lib/test/auto/LevelCrossTest11.xml
1 ms. Memory: 620544K Free: 420329K (68%)
----------------- Invoking toplevel() on ptolemy.moml.MoMLSimpleApplication@172f240c
----------------- Done invoking toplevel() on ptolemy.moml.MoMLSimpleApplication@172f240c
reloadAllAccessors: .LevelCrossTest11

===========================================================================================
----------------- testing Sat Dec 28 06:29:10 UTC 2019 /home/travis/build/icyphy/ptII/ptolemy/actor/lib/test/auto/LevelCrossTest12.xml
----------------- Instantiating /home/travis/build/icyphy/ptII/ptolemy/actor/lib/test/auto/LevelCrossTest12.xml
1 ms. Memory: 620544K Free: 413161K (67%)
----------------- Invoking toplevel() on ptolemy.moml.MoMLSimpleApplication@529ba4e3
----------------- Done invoking toplevel() on ptolemy.moml.MoMLSimpleApplication@529ba4e3
reloadAllAccessors: .LevelCrossTest12

===========================================================================================
----------------- testing Sat Dec 28 06:29:10 UTC 2019 /home/travis/build/icyphy/ptII/ptolemy/actor/lib/test/auto/LevelCrossTest13.xml
----------------- Instantiating /home/travis/build/icyphy/ptII/ptolemy/actor/lib/test/auto/LevelCrossTest13.xml
1 ms. Memory: 620544K Free: 405479K (65%)
----------------- Invoking toplevel() on ptolemy.moml.MoMLSimpleApplication@59cade16
----------------- Done invoking toplevel() on ptolemy.moml.MoMLSimpleApplication@59cade16
reloadAllAccessors: .LevelCrossTest13

===========================================================================================
----------------- testing Sat Dec 28 06:29:10 UTC 2019 /home/travis/build/icyphy/ptII/ptolemy/actor/lib/test/auto/LevelCrossTest2.xml
----------------- Instantiating /home/travis/build/icyphy/ptII/ptolemy/actor/lib/test/auto/LevelCrossTest2.xml
1 ms. Memory: 620544K Free: 400359K (65%)
----------------- Invoking toplevel() on ptolemy.moml.MoMLSimpleApplication@7d26323c
----------------- Done invoking toplevel() on ptolemy.moml.MoMLSimpleApplication@7d26323c
reloadAllAccessors: .broken

===========================================================================================
----------------- testing Sat Dec 28 06:29:10 UTC 2019 /home/travis/build/icyphy/ptII/ptolemy/actor/lib/test/auto/LevelCrossTest3.xml
----------------- Instantiating /home/travis/build/icyphy/ptII/ptolemy/actor/lib/test/auto/LevelCrossTest3.xml
1 ms. Memory: 620544K Free: 393705K (63%)
----------------- Invoking toplevel() on ptolemy.moml.MoMLSimpleApplication@2543ba88
----------------- Done invoking toplevel() on ptolemy.moml.MoMLSimpleApplication@2543ba88
reloadAllAccessors: .LevelCrossTest3

===========================================================================================
----------------- testing Sat Dec 28 06:29:10 UTC 2019 /home/travis/build/icyphy/ptII/ptolemy/actor/lib/test/auto/LevelCrossTest4.xml
----------------- Instantiating /home/travis/build/icyphy/ptII/ptolemy/actor/lib/test/auto/LevelCrossTest4.xml
1 ms. Memory: 620544K Free: 388071K (63%)
----------------- Invoking toplevel() on ptolemy.moml.MoMLSimpleApplication@27a85137
----------------- Done invoking toplevel() on ptolemy.moml.MoMLSimpleApplication@27a85137
reloadAllAccessors: .broken

===========================================================================================
----------------- testing Sat Dec 28 06:29:10 UTC 2019 /home/travis/build/icyphy/ptII/ptolemy/actor/lib/test/auto/LevelCrossTest5.xml
----------------- Instantiating /home/travis/build/icyphy/ptII/ptolemy/actor/lib/test/auto/LevelCrossTest5.xml
3 ms. Memory: 620544K Free: 380903K (61%)
----------------- Invoking toplevel() on ptolemy.moml.MoMLSimpleApplication@e22c5b7
----------------- Done invoking toplevel() on ptolemy.moml.MoMLSimpleApplication@e22c5b7
reloadAllAccessors: .LevelCrossTest5

===========================================================================================
----------------- testing Sat Dec 28 06:29:10 UTC 2019 /home/travis/build/icyphy/ptII/ptolemy/actor/lib/test/auto/LevelCrossTest6.xml
----------------- Instantiating /home/travis/build/icyphy/ptII/ptolemy/actor/lib/test/auto/LevelCrossTest6.xml
1 ms. Memory: 620544K Free: 374249K (60%)
----------------- Invoking toplevel() on ptolemy.moml.MoMLSimpleApplication@1b005249
----------------- Done invoking toplevel() on ptolemy.moml.MoMLSimpleApplication@1b005249
reloadAllAccessors: .LevelCrossTest6

===========================================================================================
----------------- testing Sat Dec 28 06:29:10 UTC 2019 /home/travis/build/icyphy/ptII/ptolemy/actor/lib/test/auto/LevelCrossTest7.xml
----------------- Instantiating /home/travis/build/icyphy/ptII/ptolemy/actor/lib/test/auto/LevelCrossTest7.xml
1 ms. Memory: 620544K Free: 366057K (59%)
----------------- Invoking toplevel() on ptolemy.moml.MoMLSimpleApplication@25500422
----------------- Done invoking toplevel() on ptolemy.moml.MoMLSimpleApplication@25500422
reloadAllAccessors: .LevelCrossTest7

===========================================================================================
----------------- testing Sat Dec 28 06:29:10 UTC 2019 /home/travis/build/icyphy/ptII/ptolemy/actor/lib/test/auto/LevelCrossTest8.xml
----------------- Instantiating /home/travis/build/icyphy/ptII/ptolemy/actor/lib/test/auto/LevelCrossTest8.xml
1 ms. Memory: 620544K Free: 358889K (58%)
----------------- Invoking toplevel() on ptolemy.moml.MoMLSimpleApplication@2cc747b2
----------------- Done invoking toplevel() on ptolemy.moml.MoMLSimpleApplication@2cc747b2
reloadAllAccessors: .LevelCrossTest8

===========================================================================================
----------------- testing Sat Dec 28 06:29:10 UTC 2019 /home/travis/build/icyphy/ptII/ptolemy/actor/lib/test/auto/LevelCrossTest9.xml
----------------- Instantiating /home/travis/build/icyphy/ptII/ptolemy/actor/lib/test/auto/LevelCrossTest9.xml
2 ms. Memory: 620544K Free: 351207K (57%)
----------------- Invoking toplevel() on ptolemy.moml.MoMLSimpleApplication@2a00a7fd
----------------- Done invoking toplevel() on ptolemy.moml.MoMLSimpleApplication@2a00a7fd
reloadAllAccessors: .LevelCrossTest9

===========================================================================================
----------------- testing Sat Dec 28 06:29:10 UTC 2019 /home/travis/build/icyphy/ptII/ptolemy/actor/lib/test/auto/LevinsonDurbin.xml
----------------- Instantiating /home/travis/build/icyphy/ptII/ptolemy/actor/lib/test/auto/LevinsonDurbin.xml
1 ms. Memory: 620544K Free: 347111K (56%)
----------------- Invoking toplevel() on ptolemy.moml.MoMLSimpleApplication@e17dac7
----------------- Done invoking toplevel() on ptolemy.moml.MoMLSimpleApplication@e17dac7
reloadAllAccessors: .LevinsonDurbin

===========================================================================================
----------------- testing Sat Dec 28 06:29:10 UTC 2019 /home/travis/build/icyphy/ptII/ptolemy/actor/lib/test/auto/LevinsonDurbin2.xml
----------------- Instantiating /home/travis/build/icyphy/ptII/ptolemy/actor/lib/test/auto/LevinsonDurbin2.xml
1 ms. Memory: 620544K Free: 343015K (55%)
----------------- Invoking toplevel() on ptolemy.moml.MoMLSimpleApplication@40bb223f
----------------- Done invoking toplevel() on ptolemy.moml.MoMLSimpleApplication@40bb223f
reloadAllAccessors: .LevinsonDurbin2

===========================================================================================
----------------- testing Sat Dec 28 06:29:10 UTC 2019 /home/travis/build/icyphy/ptII/ptolemy/actor/lib/test/auto/LevinsonDurbin3.xml
----------------- Instantiating /home/travis/build/icyphy/ptII/ptolemy/actor/lib/test/auto/LevinsonDurbin3.xml
2 ms. Memory: 620544K Free: 338919K (55%)
----------------- Invoking toplevel() on ptolemy.moml.MoMLSimpleApplication@5f70b3a6
----------------- Done invoking toplevel() on ptolemy.moml.MoMLSimpleApplication@5f70b3a6
reloadAllAccessors: .LevinsonDurbin3

===========================================================================================
----------------- testing Sat Dec 28 06:29:10 UTC 2019 /home/travis/build/icyphy/ptII/ptolemy/actor/lib/test/auto/Limiter.xml
----------------- Instantiating /home/travis/build/icyphy/ptII/ptolemy/actor/lib/test/auto/Limiter.xml
15 ms. Memory: 620544K Free: 329673K (53%)
----------------- Invoking toplevel() on ptolemy.moml.MoMLSimpleApplication@26c4cdb8
----------------- Done invoking toplevel() on ptolemy.moml.MoMLSimpleApplication@26c4cdb8
reloadAllAccessors: .Limiter

===========================================================================================
----------------- testing Sat Dec 28 06:29:10 UTC 2019 /home/travis/build/icyphy/ptII/ptolemy/actor/lib/test/auto/LinearDifferenceEquationSystem.xml
----------------- Instantiating /home/travis/build/icyphy/ptII/ptolemy/actor/lib/test/auto/LinearDifferenceEquationSystem.xml
2 ms. Memory: 620544K Free: 322025K (52%)
----------------- Invoking toplevel() on ptolemy.moml.MoMLSimpleApplication@393110c
----------------- Done invoking toplevel() on ptolemy.moml.MoMLSimpleApplication@393110c
reloadAllAccessors: .LinearDifferenceEquationSystem

===========================================================================================
----------------- testing Sat Dec 28 06:29:10 UTC 2019 /home/travis/build/icyphy/ptII/ptolemy/actor/lib/test/auto/LookupTable.xml
----------------- Instantiating /home/travis/build/icyphy/ptII/ptolemy/actor/lib/test/auto/LookupTable.xml
1 ms. Memory: 620544K Free: 317415K (51%)
----------------- Invoking toplevel() on ptolemy.moml.MoMLSimpleApplication@278b7648
----------------- Done invoking toplevel() on ptolemy.moml.MoMLSimpleApplication@278b7648
reloadAllAccessors: .LookupTable

===========================================================================================
----------------- testing Sat Dec 28 06:29:10 UTC 2019 /home/travis/build/icyphy/ptII/ptolemy/actor/lib/test/auto/MathFunction.xml
----------------- Instantiating /home/travis/build/icyphy/ptII/ptolemy/actor/lib/test/auto/MathFunction.xml
1 ms. Memory: 620544K Free: 309223K (50%)
----------------- Invoking toplevel() on ptolemy.moml.MoMLSimpleApplication@2b976de8
----------------- Done invoking toplevel() on ptolemy.moml.MoMLSimpleApplication@2b976de8
reloadAllAccessors: .MathFunction

===========================================================================================
----------------- testing Sat Dec 28 06:29:10 UTC 2019 /home/travis/build/icyphy/ptII/ptolemy/actor/lib/test/auto/MathFunction2.xml
----------------- Instantiating /home/travis/build/icyphy/ptII/ptolemy/actor/lib/test/auto/MathFunction2.xml
3 ms. Memory: 620544K Free: 305127K (49%)
----------------- Invoking toplevel() on ptolemy.moml.MoMLSimpleApplication@442242f7
----------------- Done invoking toplevel() on ptolemy.moml.MoMLSimpleApplication@442242f7
reloadAllAccessors: .MathFunction2

===========================================================================================
----------------- testing Sat Dec 28 06:29:10 UTC 2019 /home/travis/build/icyphy/ptII/ptolemy/actor/lib/test/auto/MathFunction3.xml
----------------- Instantiating /home/travis/build/icyphy/ptII/ptolemy/actor/lib/test/auto/MathFunction3.xml
2 ms. Memory: 620544K Free: 297959K (48%)
----------------- Invoking toplevel() on ptolemy.moml.MoMLSimpleApplication@642fdb59
----------------- Done invoking toplevel() on ptolemy.moml.MoMLSimpleApplication@642fdb59
reloadAllAccessors: .MathFunction3

===========================================================================================
----------------- testing Sat Dec 28 06:29:10 UTC 2019 /home/travis/build/icyphy/ptII/ptolemy/actor/lib/test/auto/MatrixCropBoolean.xml
----------------- Instantiating /home/travis/build/icyphy/ptII/ptolemy/actor/lib/test/auto/MatrixCropBoolean.xml
2 ms. Memory: 620544K Free: 292825K (47%)
----------------- Invoking toplevel() on ptolemy.moml.MoMLSimpleApplication@2afd58cf
----------------- Done invoking toplevel() on ptolemy.moml.MoMLSimpleApplication@2afd58cf
reloadAllAccessors: .MatrixCropBoolean

===========================================================================================
----------------- testing Sat Dec 28 06:29:10 UTC 2019 /home/travis/build/icyphy/ptII/ptolemy/actor/lib/test/auto/MatrixCropComplex.xml
----------------- Instantiating /home/travis/build/icyphy/ptII/ptolemy/actor/lib/test/auto/MatrixCropComplex.xml
1 ms. Memory: 620544K Free: 287713K (46%)
----------------- Invoking toplevel() on ptolemy.moml.MoMLSimpleApplication@7f18db43
----------------- Done invoking toplevel() on ptolemy.moml.MoMLSimpleApplication@7f18db43
reloadAllAccessors: .MatrixCropComplex

===========================================================================================
----------------- testing Sat Dec 28 06:29:10 UTC 2019 /home/travis/build/icyphy/ptII/ptolemy/actor/lib/test/auto/MatrixCropDouble.xml
----------------- Instantiating /home/travis/build/icyphy/ptII/ptolemy/actor/lib/test/auto/MatrixCropDouble.xml
1 ms. Memory: 620544K Free: 282569K (46%)
----------------- Invoking toplevel() on ptolemy.moml.MoMLSimpleApplication@6d5e7849
----------------- Done invoking toplevel() on ptolemy.moml.MoMLSimpleApplication@6d5e7849
reloadAllAccessors: .MatrixCropDouble

===========================================================================================
----------------- testing Sat Dec 28 06:29:10 UTC 2019 /home/travis/build/icyphy/ptII/ptolemy/actor/lib/test/auto/MatrixCropFix.xml
----------------- Instantiating /home/travis/build/icyphy/ptII/ptolemy/actor/lib/test/auto/MatrixCropFix.xml
2 ms. Memory: 620544K Free: 277465K (45%)
----------------- Invoking toplevel() on ptolemy.moml.MoMLSimpleApplication@5f5e073d
----------------- Done invoking toplevel() on ptolemy.moml.MoMLSimpleApplication@5f5e073d
reloadAllAccessors: .MatrixCropFix

===========================================================================================
----------------- testing Sat Dec 28 06:29:10 UTC 2019 /home/travis/build/icyphy/ptII/ptolemy/actor/lib/test/auto/MatrixCropInt.xml
----------------- Instantiating /home/travis/build/icyphy/ptII/ptolemy/actor/lib/test/auto/MatrixCropInt.xml
1 ms. Memory: 620544K Free: 272329K (44%)
----------------- Invoking toplevel() on ptolemy.moml.MoMLSimpleApplication@5464fa72
----------------- Done invoking toplevel() on ptolemy.moml.MoMLSimpleApplication@5464fa72
reloadAllAccessors: .MatrixCropInt

===========================================================================================
----------------- testing Sat Dec 28 06:29:10 UTC 2019 /home/travis/build/icyphy/ptII/ptolemy/actor/lib/test/auto/MatrixCropLong.xml
----------------- Instantiating /home/travis/build/icyphy/ptII/ptolemy/actor/lib/test/auto/MatrixCropLong.xml
1 ms. Memory: 620544K Free: 267209K (43%)
----------------- Invoking toplevel() on ptolemy.moml.MoMLSimpleApplication@35ba40e6
----------------- Done invoking toplevel() on ptolemy.moml.MoMLSimpleApplication@35ba40e6
reloadAllAccessors: .MatrixCropLong

===========================================================================================
----------------- testing Sat Dec 28 06:29:10 UTC 2019 /home/travis/build/icyphy/ptII/ptolemy/actor/lib/test/auto/MatrixToArray.xml
----------------- Instantiating /home/travis/build/icyphy/ptII/ptolemy/actor/lib/test/auto/MatrixToArray.xml
11 ms. Memory: 620544K Free: 251879K (41%)
----------------- Invoking toplevel() on ptolemy.moml.MoMLSimpleApplication@7a731e50
----------------- Done invoking toplevel() on ptolemy.moml.MoMLSimpleApplication@7a731e50
reloadAllAccessors: .MatrixToArray

===========================================================================================
----------------- testing Sat Dec 28 06:29:10 UTC 2019 /home/travis/build/icyphy/ptII/ptolemy/actor/lib/test/auto/MaxIndex.xml
----------------- Instantiating /home/travis/build/icyphy/ptII/ptolemy/actor/lib/test/auto/MaxIndex.xml
2 ms. Memory: 620544K Free: 246759K (40%)
----------------- Invoking toplevel() on ptolemy.moml.MoMLSimpleApplication@365140ed
----------------- Done invoking toplevel() on ptolemy.moml.MoMLSimpleApplication@365140ed
reloadAllAccessors: .MaxIndex

===========================================================================================
----------------- testing Sat Dec 28 06:29:10 UTC 2019 /home/travis/build/icyphy/ptII/ptolemy/actor/lib/test/auto/Maximum.xml
----------------- Instantiating /home/travis/build/icyphy/ptII/ptolemy/actor/lib/test/auto/Maximum.xml
2 ms. Memory: 620544K Free: 240105K (39%)
----------------- Invoking toplevel() on ptolemy.moml.MoMLSimpleApplication@751f427e
----------------- Done invoking toplevel() on ptolemy.moml.MoMLSimpleApplication@751f427e
reloadAllAccessors: .Maximum

===========================================================================================
----------------- testing Sat Dec 28 06:29:10 UTC 2019 /home/travis/build/icyphy/ptII/ptolemy/actor/lib/test/auto/MaximumComplex.xml
----------------- Instantiating /home/travis/build/icyphy/ptII/ptolemy/actor/lib/test/auto/MaximumComplex.xml
4 ms. Memory: 620544K Free: 233961K (38%)
----------------- Invoking toplevel() on ptolemy.moml.MoMLSimpleApplication@5b571184
----------------- Done invoking toplevel() on ptolemy.moml.MoMLSimpleApplication@5b571184
reloadAllAccessors: .MaximumComplex

===========================================================================================
----------------- testing Sat Dec 28 06:29:10 UTC 2019 /home/travis/build/icyphy/ptII/ptolemy/actor/lib/test/auto/MethodCallTest.xml
----------------- Instantiating /home/travis/build/icyphy/ptII/ptolemy/actor/lib/test/auto/MethodCallTest.xml
3 ms. Memory: 620544K Free: 227303K (37%)
----------------- Invoking toplevel() on ptolemy.moml.MoMLSimpleApplication@23eb9458
----------------- Done invoking toplevel() on ptolemy.moml.MoMLSimpleApplication@23eb9458
reloadAllAccessors: .MethodCallTest

===========================================================================================
----------------- testing Sat Dec 28 06:29:10 UTC 2019 /home/travis/build/icyphy/ptII/ptolemy/actor/lib/test/auto/Minimum.xml
----------------- Instantiating /home/travis/build/icyphy/ptII/ptolemy/actor/lib/test/auto/Minimum.xml
2 ms. Memory: 620544K Free: 220649K (36%)
----------------- Invoking toplevel() on ptolemy.moml.MoMLSimpleApplication@6581ed69
----------------- Done invoking toplevel() on ptolemy.moml.MoMLSimpleApplication@6581ed69
reloadAllAccessors: .Minimum

===========================================================================================
----------------- testing Sat Dec 28 06:29:10 UTC 2019 /home/travis/build/icyphy/ptII/ptolemy/actor/lib/test/auto/MinimumComplex.xml
----------------- Instantiating /home/travis/build/icyphy/ptII/ptolemy/actor/lib/test/auto/MinimumComplex.xml
3 ms. Memory: 620544K Free: 214505K (35%)
----------------- Invoking toplevel() on ptolemy.moml.MoMLSimpleApplication@2f37fdbf
----------------- Done invoking toplevel() on ptolemy.moml.MoMLSimpleApplication@2f37fdbf
reloadAllAccessors: .MinimumComplex

===========================================================================================
----------------- testing Sat Dec 28 06:29:10 UTC 2019 /home/travis/build/icyphy/ptII/ptolemy/actor/lib/test/auto/MinimumMultiports.xml
----------------- Instantiating /home/travis/build/icyphy/ptII/ptolemy/actor/lib/test/auto/MinimumMultiports.xml
28 ms. Memory: 620544K Free: 570554K (92%)
----------------- Invoking toplevel() on ptolemy.moml.MoMLSimpleApplication@79e58bee
----------------- Done invoking toplevel() on ptolemy.moml.MoMLSimpleApplication@79e58bee
reloadAllAccessors: .MinimumMultiports

===========================================================================================
----------------- testing Sat Dec 28 06:29:10 UTC 2019 /home/travis/build/icyphy/ptII/ptolemy/actor/lib/test/auto/ModifyDate.xml
----------------- Instantiating /home/travis/build/icyphy/ptII/ptolemy/actor/lib/test/auto/ModifyDate.xml
9 ms. Memory: 620544K Free: 557031K (90%)
----------------- Invoking toplevel() on ptolemy.moml.MoMLSimpleApplication@16c62df1
----------------- Done invoking toplevel() on ptolemy.moml.MoMLSimpleApplication@16c62df1
reloadAllAccessors: .ModifyDate

===========================================================================================
----------------- testing Sat Dec 28 06:29:10 UTC 2019 /home/travis/build/icyphy/ptII/ptolemy/actor/lib/test/auto/ModifyDate2.xml
----------------- Instantiating /home/travis/build/icyphy/ptII/ptolemy/actor/lib/test/auto/ModifyDate2.xml
6 ms. Memory: 620544K Free: 548329K (88%)
----------------- Invoking toplevel() on ptolemy.moml.MoMLSimpleApplication@5857b22d
----------------- Done invoking toplevel() on ptolemy.moml.MoMLSimpleApplication@5857b22d
reloadAllAccessors: .ModifyDate2

===========================================================================================
----------------- testing Sat Dec 28 06:29:11 UTC 2019 /home/travis/build/icyphy/ptII/ptolemy/actor/lib/test/auto/MovingAverage.xml
----------------- Instantiating /home/travis/build/icyphy/ptII/ptolemy/actor/lib/test/auto/MovingAverage.xml
2 ms. Memory: 620544K Free: 543209K (88%)
----------------- Invoking toplevel() on ptolemy.moml.MoMLSimpleApplication@7e279e0c
----------------- Done invoking toplevel() on ptolemy.moml.MoMLSimpleApplication@7e279e0c
reloadAllAccessors: .MovingAverage

===========================================================================================
----------------- testing Sat Dec 28 06:29:11 UTC 2019 /home/travis/build/icyphy/ptII/ptolemy/actor/lib/test/auto/MovingMaximum.xml
----------------- Instantiating /home/travis/build/icyphy/ptII/ptolemy/actor/lib/test/auto/MovingMaximum.xml
9 ms. Memory: 620544K Free: 538599K (87%)
----------------- Invoking toplevel() on ptolemy.moml.MoMLSimpleApplication@12df26e6
----------------- Done invoking toplevel() on ptolemy.moml.MoMLSimpleApplication@12df26e6
reloadAllAccessors: .MovingMaximum

===========================================================================================
----------------- testing Sat Dec 28 06:29:11 UTC 2019 /home/travis/build/icyphy/ptII/ptolemy/actor/lib/test/auto/MultipleLinksToSameRelation.xml
----------------- Instantiating /home/travis/build/icyphy/ptII/ptolemy/actor/lib/test/auto/MultipleLinksToSameRelation.xml
1 ms. Memory: 620544K Free: 534503K (86%)
----------------- Invoking toplevel() on ptolemy.moml.MoMLSimpleApplication@55e81bb4
----------------- Done invoking toplevel() on ptolemy.moml.MoMLSimpleApplication@55e81bb4
reloadAllAccessors: .MultipleLinksToSameRelation

===========================================================================================
----------------- testing Sat Dec 28 06:29:11 UTC 2019 /home/travis/build/icyphy/ptII/ptolemy/actor/lib/test/auto/MultipleLinksToSameRelationDE.xml
----------------- Instantiating /home/travis/build/icyphy/ptII/ptolemy/actor/lib/test/auto/MultipleLinksToSameRelationDE.xml
2 ms. Memory: 620544K Free: 529897K (85%)
----------------- Invoking toplevel() on ptolemy.moml.MoMLSimpleApplication@17714bd3
----------------- Done invoking toplevel() on ptolemy.moml.MoMLSimpleApplication@17714bd3
reloadAllAccessors: .MultipleLinksToSameRelationDE

===========================================================================================
----------------- testing Sat Dec 28 06:29:11 UTC 2019 /home/travis/build/icyphy/ptII/ptolemy/actor/lib/test/auto/Multiplexor.xml
----------------- Instantiating /home/travis/build/icyphy/ptII/ptolemy/actor/lib/test/auto/Multiplexor.xml
1 ms. Memory: 620544K Free: 524263K (84%)
----------------- Invoking toplevel() on ptolemy.moml.MoMLSimpleApplication@7707540c
----------------- Done invoking toplevel() on ptolemy.moml.MoMLSimpleApplication@7707540c
reloadAllAccessors: .Multiplexor

===========================================================================================
----------------- testing Sat Dec 28 06:29:11 UTC 2019 /home/travis/build/icyphy/ptII/ptolemy/actor/lib/test/auto/Multiplexor1.xml
----------------- Instantiating /home/travis/build/icyphy/ptII/ptolemy/actor/lib/test/auto/Multiplexor1.xml
1 ms. Memory: 620544K Free: 518633K (84%)
----------------- Invoking toplevel() on ptolemy.moml.MoMLSimpleApplication@5620c6dc
----------------- Done invoking toplevel() on ptolemy.moml.MoMLSimpleApplication@5620c6dc
reloadAllAccessors: .Multiplexor1

===========================================================================================
----------------- testing Sat Dec 28 06:29:11 UTC 2019 /home/travis/build/icyphy/ptII/ptolemy/actor/lib/test/auto/Multiplexor2.xml
----------------- Instantiating /home/travis/build/icyphy/ptII/ptolemy/actor/lib/test/auto/Multiplexor2.xml
5 ms. Memory: 620544K Free: 511975K (83%)
----------------- Invoking toplevel() on ptolemy.moml.MoMLSimpleApplication@61bb08ef
----------------- Done invoking toplevel() on ptolemy.moml.MoMLSimpleApplication@61bb08ef
reloadAllAccessors: .Multiplexor2

===========================================================================================
----------------- testing Sat Dec 28 06:29:11 UTC 2019 /home/travis/build/icyphy/ptII/ptolemy/actor/lib/test/auto/Multiplexor3.xml
----------------- Instantiating /home/travis/build/icyphy/ptII/ptolemy/actor/lib/test/auto/Multiplexor3.xml
2 ms. Memory: 620544K Free: 507879K (82%)
----------------- Invoking toplevel() on ptolemy.moml.MoMLSimpleApplication@33dcad0
----------------- Done invoking toplevel() on ptolemy.moml.MoMLSimpleApplication@33dcad0
reloadAllAccessors: .Multiplexor3

===========================================================================================
----------------- testing Sat Dec 28 06:29:11 UTC 2019 /home/travis/build/icyphy/ptII/ptolemy/actor/lib/test/auto/MultiplexorDE.xml
----------------- Instantiating /home/travis/build/icyphy/ptII/ptolemy/actor/lib/test/auto/MultiplexorDE.xml
2 ms. Memory: 620544K Free: 500201K (81%)
----------------- Invoking toplevel() on ptolemy.moml.MoMLSimpleApplication@7b256d5f
----------------- Done invoking toplevel() on ptolemy.moml.MoMLSimpleApplication@7b256d5f
reloadAllAccessors: .MultiplexorDE

===========================================================================================
----------------- testing Sat Dec 28 06:29:11 UTC 2019 /home/travis/build/icyphy/ptII/ptolemy/actor/lib/test/auto/MultiportBroadcastTest.xml
----------------- Instantiating /home/travis/build/icyphy/ptII/ptolemy/actor/lib/test/auto/MultiportBroadcastTest.xml
82 ms. Memory: 620544K Free: 494055K (80%)
----------------- Invoking toplevel() on ptolemy.moml.MoMLSimpleApplication@165a8b32
----------------- Done invoking toplevel() on ptolemy.moml.MoMLSimpleApplication@165a8b32
reloadAllAccessors: .MultiportBroadcastTest

===========================================================================================
----------------- testing Sat Dec 28 06:29:11 UTC 2019 /home/travis/build/icyphy/ptII/ptolemy/actor/lib/test/auto/MultiportOutHangDuringGetWidth.xml
----------------- Instantiating /home/travis/build/icyphy/ptII/ptolemy/actor/lib/test/auto/MultiportOutHangDuringGetWidth.xml
5 ms. Memory: 620544K Free: 482279K (78%)
----------------- Invoking toplevel() on ptolemy.moml.MoMLSimpleApplication@7d693df
----------------- Done invoking toplevel() on ptolemy.moml.MoMLSimpleApplication@7d693df
reloadAllAccessors: .MultiportOutHangDuringGetWidth

===========================================================================================
----------------- testing Sat Dec 28 06:29:11 UTC 2019 /home/travis/build/icyphy/ptII/ptolemy/actor/lib/test/auto/NilToken.xml
----------------- Instantiating /home/travis/build/icyphy/ptII/ptolemy/actor/lib/test/auto/NilToken.xml
1 ms. Memory: 620544K Free: 478183K (77%)
----------------- Invoking toplevel() on ptolemy.moml.MoMLSimpleApplication@5b43090
----------------- Done invoking toplevel() on ptolemy.moml.MoMLSimpleApplication@5b43090
reloadAllAccessors: .NilToken

===========================================================================================
----------------- testing Sat Dec 28 06:29:11 UTC 2019 /home/travis/build/icyphy/ptII/ptolemy/actor/lib/test/auto/NilTokenNonStrictTest.xml
----------------- Instantiating /home/travis/build/icyphy/ptII/ptolemy/actor/lib/test/auto/NilTokenNonStrictTest.xml
2 ms. Memory: 620544K Free: 473063K (76%)
----------------- Invoking toplevel() on ptolemy.moml.MoMLSimpleApplication@60ae8cb6
----------------- Done invoking toplevel() on ptolemy.moml.MoMLSimpleApplication@60ae8cb6
reloadAllAccessors: .NilTokenNonStrictTest

===========================================================================================
----------------- testing Sat Dec 28 06:29:11 UTC 2019 /home/travis/build/icyphy/ptII/ptolemy/actor/lib/test/auto/NilTokenRecord.xml
----------------- Instantiating /home/travis/build/icyphy/ptII/ptolemy/actor/lib/test/auto/NilTokenRecord.xml
10 ms. Memory: 620544K Free: 466409K (75%)
----------------- Invoking toplevel() on ptolemy.moml.MoMLSimpleApplication@322c64bf
----------------- Done invoking toplevel() on ptolemy.moml.MoMLSimpleApplication@322c64bf
reloadAllAccessors: .NilTokenRecord

===========================================================================================
----------------- testing Sat Dec 28 06:29:11 UTC 2019 /home/travis/build/icyphy/ptII/ptolemy/actor/lib/test/auto/NilTokenTypeTest.xml
----------------- Instantiating /home/travis/build/icyphy/ptII/ptolemy/actor/lib/test/auto/NilTokenTypeTest.xml
3 ms. Memory: 620544K Free: 456679K (74%)
----------------- Invoking toplevel() on ptolemy.moml.MoMLSimpleApplication@3ef62eeb
----------------- Done invoking toplevel() on ptolemy.moml.MoMLSimpleApplication@3ef62eeb
reloadAllAccessors: .NilTokenTypeTest

===========================================================================================
----------------- testing Sat Dec 28 06:29:11 UTC 2019 /home/travis/build/icyphy/ptII/ptolemy/actor/lib/test/auto/ObjectToken1.xml
----------------- Instantiating /home/travis/build/icyphy/ptII/ptolemy/actor/lib/test/auto/ObjectToken1.xml
2 ms. Memory: 620544K Free: 452583K (73%)
----------------- Invoking toplevel() on ptolemy.moml.MoMLSimpleApplication@7f77e86c
----------------- Done invoking toplevel() on ptolemy.moml.MoMLSimpleApplication@7f77e86c
reloadAllAccessors: .ObjectToken1

===========================================================================================
----------------- testing Sat Dec 28 06:29:11 UTC 2019 /home/travis/build/icyphy/ptII/ptolemy/actor/lib/test/auto/OrderedMerge.xml
----------------- Instantiating /home/travis/build/icyphy/ptII/ptolemy/actor/lib/test/auto/OrderedMerge.xml
13 ms. Memory: 620544K Free: 446953K (72%)
----------------- Invoking toplevel() on ptolemy.moml.MoMLSimpleApplication@4f1a4bb2
----------------- Done invoking toplevel() on ptolemy.moml.MoMLSimpleApplication@4f1a4bb2
reloadAllAccessors: .OrderedMerge

===========================================================================================
----------------- testing Sat Dec 28 06:29:11 UTC 2019 /home/travis/build/icyphy/ptII/ptolemy/actor/lib/test/auto/OrderedRecordDisassembler.xml
----------------- Instantiating /home/travis/build/icyphy/ptII/ptolemy/actor/lib/test/auto/OrderedRecordDisassembler.xml
2 ms. Memory: 620544K Free: 441833K (71%)
----------------- Invoking toplevel() on ptolemy.moml.MoMLSimpleApplication@35eeef00
----------------- Done invoking toplevel() on ptolemy.moml.MoMLSimpleApplication@35eeef00
reloadAllAccessors: .OrderedRecordDisassembler

===========================================================================================
----------------- testing Sat Dec 28 06:29:11 UTC 2019 /home/travis/build/icyphy/ptII/ptolemy/actor/lib/test/auto/OrderedRecordDisassembler2.xml
----------------- Instantiating /home/travis/build/icyphy/ptII/ptolemy/actor/lib/test/auto/OrderedRecordDisassembler2.xml
4 ms. Memory: 620544K Free: 434137K (70%)
----------------- Invoking toplevel() on ptolemy.moml.MoMLSimpleApplication@22844754
----------------- Done invoking toplevel() on ptolemy.moml.MoMLSimpleApplication@22844754
reloadAllAccessors: .OrderedRecordDisassembler2

===========================================================================================
----------------- testing Sat Dec 28 06:29:11 UTC 2019 /home/travis/build/icyphy/ptII/ptolemy/actor/lib/test/auto/OrderedRecordUpdater.xml
----------------- Instantiating /home/travis/build/icyphy/ptII/ptolemy/actor/lib/test/auto/OrderedRecordUpdater.xml
1 ms. Memory: 620544K Free: 429031K (69%)
----------------- Invoking toplevel() on ptolemy.moml.MoMLSimpleApplication@43d33198
----------------- Done invoking toplevel() on ptolemy.moml.MoMLSimpleApplication@43d33198
reloadAllAccessors: .RecordUpdater

===========================================================================================
----------------- testing Sat Dec 28 06:29:11 UTC 2019 /home/travis/build/icyphy/ptII/ptolemy/actor/lib/test/auto/OrderedRecordUpdater2.xml
----------------- Instantiating /home/travis/build/icyphy/ptII/ptolemy/actor/lib/test/auto/OrderedRecordUpdater2.xml
3 ms. Memory: 620544K Free: 423911K (68%)
----------------- Invoking toplevel() on ptolemy.moml.MoMLSimpleApplication@43f949f8
----------------- Done invoking toplevel() on ptolemy.moml.MoMLSimpleApplication@43f949f8
reloadAllAccessors: .RecordUpdater2

===========================================================================================
----------------- testing Sat Dec 28 06:29:11 UTC 2019 /home/travis/build/icyphy/ptII/ptolemy/actor/lib/test/auto/PhaseUnwrap.xml
----------------- Instantiating /home/travis/build/icyphy/ptII/ptolemy/actor/lib/test/auto/PhaseUnwrap.xml
1 ms. Memory: 620544K Free: 419305K (68%)
----------------- Invoking toplevel() on ptolemy.moml.MoMLSimpleApplication@1810ce02
----------------- Done invoking toplevel() on ptolemy.moml.MoMLSimpleApplication@1810ce02
reloadAllAccessors: .PhaseUnwrap

===========================================================================================
----------------- testing Sat Dec 28 06:29:11 UTC 2019 /home/travis/build/icyphy/ptII/ptolemy/actor/lib/test/auto/PoissonClock.xml
----------------- Instantiating /home/travis/build/icyphy/ptII/ptolemy/actor/lib/test/auto/PoissonClock.xml
1 ms. Memory: 620544K Free: 415209K (67%)
----------------- Invoking toplevel() on ptolemy.moml.MoMLSimpleApplication@608bee00
----------------- Done invoking toplevel() on ptolemy.moml.MoMLSimpleApplication@608bee00
reloadAllAccessors: .PoissonClock

===========================================================================================
----------------- testing Sat Dec 28 06:29:11 UTC 2019 /home/travis/build/icyphy/ptII/ptolemy/actor/lib/test/auto/PoissonClock2.xml
----------------- Instantiating /home/travis/build/icyphy/ptII/ptolemy/actor/lib/test/auto/PoissonClock2.xml
2 ms. Memory: 620544K Free: 410599K (66%)
----------------- Invoking toplevel() on ptolemy.moml.MoMLSimpleApplication@2635774a
----------------- Done invoking toplevel() on ptolemy.moml.MoMLSimpleApplication@2635774a
reloadAllAccessors: .PoissonClock2

===========================================================================================
----------------- testing Sat Dec 28 06:29:11 UTC 2019 /home/travis/build/icyphy/ptII/ptolemy/actor/lib/test/auto/PoissonClock3.xml
----------------- Instantiating /home/travis/build/icyphy/ptII/ptolemy/actor/lib/test/auto/PoissonClock3.xml
1 ms. Memory: 620544K Free: 405993K (65%)
----------------- Invoking toplevel() on ptolemy.moml.MoMLSimpleApplication@edad254
----------------- Done invoking toplevel() on ptolemy.moml.MoMLSimpleApplication@edad254
reloadAllAccessors: .PoissonClock3

===========================================================================================
----------------- testing Sat Dec 28 06:29:11 UTC 2019 /home/travis/build/icyphy/ptII/ptolemy/actor/lib/test/auto/PubSubWithInitialTokens.xml
----------------- Instantiating /home/travis/build/icyphy/ptII/ptolemy/actor/lib/test/auto/PubSubWithInitialTokens.xml
2 ms. Memory: 620544K Free: 400353K (65%)
----------------- Invoking toplevel() on ptolemy.moml.MoMLSimpleApplication@15ae59c1
----------------- Done invoking toplevel() on ptolemy.moml.MoMLSimpleApplication@15ae59c1
reloadAllAccessors: .PubSubWithInitialTokens

===========================================================================================
----------------- testing Sat Dec 28 06:29:11 UTC 2019 /home/travis/build/icyphy/ptII/ptolemy/actor/lib/test/auto/PubSubWithInitialTokens2.xml
----------------- Instantiating /home/travis/build/icyphy/ptII/ptolemy/actor/lib/test/auto/PubSubWithInitialTokens2.xml
2 ms. Memory: 620544K Free: 394185K (64%)
----------------- Invoking toplevel() on ptolemy.moml.MoMLSimpleApplication@3052ff3c
----------------- Done invoking toplevel() on ptolemy.moml.MoMLSimpleApplication@3052ff3c
reloadAllAccessors: .PubSubWithInitialTokens2

===========================================================================================
----------------- testing Sat Dec 28 06:29:11 UTC 2019 /home/travis/build/icyphy/ptII/ptolemy/actor/lib/test/auto/PublisherClassNoParameter.xml
----------------- Instantiating /home/travis/build/icyphy/ptII/ptolemy/actor/lib/test/auto/PublisherClassNoParameter.xml
2 ms. Memory: 620544K Free: 384489K (62%)
----------------- Invoking toplevel() on ptolemy.moml.MoMLSimpleApplication@592650d6
----------------- Done invoking toplevel() on ptolemy.moml.MoMLSimpleApplication@592650d6
reloadAllAccessors: .PublisherClassNoParameter

===========================================================================================
----------------- testing Sat Dec 28 06:29:11 UTC 2019 /home/travis/build/icyphy/ptII/ptolemy/actor/lib/test/auto/PublisherClassParameter.xml
----------------- Instantiating /home/travis/build/icyphy/ptII/ptolemy/actor/lib/test/auto/PublisherClassParameter.xml
2 ms. Memory: 620544K Free: 373735K (60%)
----------------- Invoking toplevel() on ptolemy.moml.MoMLSimpleApplication@dc39070
----------------- Done invoking toplevel() on ptolemy.moml.MoMLSimpleApplication@dc39070
reloadAllAccessors: .PublisherClassParameter

===========================================================================================
----------------- testing Sat Dec 28 06:29:11 UTC 2019 /home/travis/build/icyphy/ptII/ptolemy/actor/lib/test/auto/PublisherNonStrictTest.xml
----------------- Instantiating /home/travis/build/icyphy/ptII/ptolemy/actor/lib/test/auto/PublisherNonStrictTest.xml
4 ms. Memory: 620544K Free: 365537K (59%)
----------------- Invoking toplevel() on ptolemy.moml.MoMLSimpleApplication@24129e09
----------------- Done invoking toplevel() on ptolemy.moml.MoMLSimpleApplication@24129e09
reloadAllAccessors: .PublisherNonStrictTest

===========================================================================================
----------------- testing Sat Dec 28 06:29:11 UTC 2019 /home/travis/build/icyphy/ptII/ptolemy/actor/lib/test/auto/PublisherPort1.xml
----------------- Instantiating /home/travis/build/icyphy/ptII/ptolemy/actor/lib/test/auto/PublisherPort1.xml
1 ms. Memory: 620544K Free: 359385K (58%)
----------------- Invoking toplevel() on ptolemy.moml.MoMLSimpleApplication@7dd7f411
----------------- Done invoking toplevel() on ptolemy.moml.MoMLSimpleApplication@7dd7f411
reloadAllAccessors: .PublisherPort1

===========================================================================================
----------------- testing Sat Dec 28 06:29:11 UTC 2019 /home/travis/build/icyphy/ptII/ptolemy/actor/lib/test/auto/PublisherPort2.xml
----------------- Instantiating /home/travis/build/icyphy/ptII/ptolemy/actor/lib/test/auto/PublisherPort2.xml
1 ms. Memory: 620544K Free: 354279K (57%)
----------------- Invoking toplevel() on ptolemy.moml.MoMLSimpleApplication@58ce4e51
----------------- Done invoking toplevel() on ptolemy.moml.MoMLSimpleApplication@58ce4e51
reloadAllAccessors: .PublisherPort2

===========================================================================================
----------------- testing Sat Dec 28 06:29:11 UTC 2019 /home/travis/build/icyphy/ptII/ptolemy/actor/lib/test/auto/PublisherPort3.xml
----------------- Instantiating /home/travis/build/icyphy/ptII/ptolemy/actor/lib/test/auto/PublisherPort3.xml
3 ms. Memory: 620544K Free: 347625K (56%)
----------------- Invoking toplevel() on ptolemy.moml.MoMLSimpleApplication@3a781526
----------------- Done invoking toplevel() on ptolemy.moml.MoMLSimpleApplication@3a781526
reloadAllAccessors: .PublisherPort3

===========================================================================================
----------------- testing Sat Dec 28 06:29:11 UTC 2019 /home/travis/build/icyphy/ptII/ptolemy/actor/lib/test/auto/PublisherPort4.xml
----------------- Instantiating /home/travis/build/icyphy/ptII/ptolemy/actor/lib/test/auto/PublisherPort4.xml
2 ms. Memory: 620544K Free: 341977K (55%)
----------------- Invoking toplevel() on ptolemy.moml.MoMLSimpleApplication@64fb415b
----------------- Done invoking toplevel() on ptolemy.moml.MoMLSimpleApplication@64fb415b
reloadAllAccessors: .PublisherPort4

===========================================================================================
----------------- testing Sat Dec 28 06:29:11 UTC 2019 /home/travis/build/icyphy/ptII/ptolemy/actor/lib/test/auto/PublisherPort5.xml
----------------- Instantiating /home/travis/build/icyphy/ptII/ptolemy/actor/lib/test/auto/PublisherPort5.xml
3 ms. Memory: 620544K Free: 334313K (54%)
----------------- Invoking toplevel() on ptolemy.moml.MoMLSimpleApplication@1a2d73e7
----------------- Done invoking toplevel() on ptolemy.moml.MoMLSimpleApplication@1a2d73e7
reloadAllAccessors: .PublisherPort5

===========================================================================================
----------------- testing Sat Dec 28 06:29:11 UTC 2019 /home/travis/build/icyphy/ptII/ptolemy/actor/lib/test/auto/PublisherPort5LookAlike.xml
----------------- Instantiating /home/travis/build/icyphy/ptII/ptolemy/actor/lib/test/auto/PublisherPort5LookAlike.xml
3 ms. Memory: 620544K Free: 326631K (53%)
----------------- Invoking toplevel() on ptolemy.moml.MoMLSimpleApplication@2236c5c2
----------------- Done invoking toplevel() on ptolemy.moml.MoMLSimpleApplication@2236c5c2
reloadAllAccessors: .PublisherPort5LookAlike

===========================================================================================
----------------- testing Sat Dec 28 06:29:11 UTC 2019 /home/travis/build/icyphy/ptII/ptolemy/actor/lib/test/auto/PublisherPort6.xml
----------------- Instantiating /home/travis/build/icyphy/ptII/ptolemy/actor/lib/test/auto/PublisherPort6.xml
1 ms. Memory: 620544K Free: 319977K (52%)
----------------- Invoking toplevel() on ptolemy.moml.MoMLSimpleApplication@4110b8b
----------------- Done invoking toplevel() on ptolemy.moml.MoMLSimpleApplication@4110b8b
reloadAllAccessors: .PublisherPort6

===========================================================================================
----------------- testing Sat Dec 28 06:29:11 UTC 2019 /home/travis/build/icyphy/ptII/ptolemy/actor/lib/test/auto/PublisherPort7.xml
----------------- Instantiating /home/travis/build/icyphy/ptII/ptolemy/actor/lib/test/auto/PublisherPort7.xml
3 ms. Memory: 620544K Free: 312295K (50%)
----------------- Invoking toplevel() on ptolemy.moml.MoMLSimpleApplication@49e361e2
----------------- Done invoking toplevel() on ptolemy.moml.MoMLSimpleApplication@49e361e2
reloadAllAccessors: .PublisherPort7

===========================================================================================
----------------- testing Sat Dec 28 06:29:11 UTC 2019 /home/travis/build/icyphy/ptII/ptolemy/actor/lib/test/auto/PublisherPort8.xml
----------------- Instantiating /home/travis/build/icyphy/ptII/ptolemy/actor/lib/test/auto/PublisherPort8.xml
3 ms. Memory: 620544K Free: 303079K (49%)
----------------- Invoking toplevel() on ptolemy.moml.MoMLSimpleApplication@313309c5
----------------- Done invoking toplevel() on ptolemy.moml.MoMLSimpleApplication@313309c5
reloadAllAccessors: .PublisherPort8

===========================================================================================
----------------- testing Sat Dec 28 06:29:11 UTC 2019 /home/travis/build/icyphy/ptII/ptolemy/actor/lib/test/auto/PublisherPortSubscriberChannelVariablesAOC2.xml
----------------- Instantiating /home/travis/build/icyphy/ptII/ptolemy/actor/lib/test/auto/PublisherPortSubscriberChannelVariablesAOC2.xml
2 ms. Memory: 620544K Free: 285671K (46%)
----------------- Invoking toplevel() on ptolemy.moml.MoMLSimpleApplication@2d38e9c0
----------------- Done invoking toplevel() on ptolemy.moml.MoMLSimpleApplication@2d38e9c0
reloadAllAccessors: .PublisherPortSubscriberChannelVariablesAOC2

===========================================================================================
----------------- testing Sat Dec 28 06:29:11 UTC 2019 /home/travis/build/icyphy/ptII/ptolemy/actor/lib/test/auto/PublisherPortSubscriberOpaqueWidthInference.xml
----------------- Instantiating /home/travis/build/icyphy/ptII/ptolemy/actor/lib/test/auto/PublisherPortSubscriberOpaqueWidthInference.xml
3 ms. Memory: 620544K Free: 277465K (45%)
----------------- Invoking toplevel() on ptolemy.moml.MoMLSimpleApplication@29b1e11f
----------------- Done invoking toplevel() on ptolemy.moml.MoMLSimpleApplication@29b1e11f
reloadAllAccessors: .PublisherPortSubscriberOpaqueWidthInference

===========================================================================================
----------------- testing Sat Dec 28 06:29:11 UTC 2019 /home/travis/build/icyphy/ptII/ptolemy/actor/lib/test/auto/PublisherPortSubscriberPortAdjacent.xml
----------------- Instantiating /home/travis/build/icyphy/ptII/ptolemy/actor/lib/test/auto/PublisherPortSubscriberPortAdjacent.xml
2 ms. Memory: 620544K Free: 269287K (43%)
----------------- Invoking toplevel() on ptolemy.moml.MoMLSimpleApplication@42e6ca1c
----------------- Done invoking toplevel() on ptolemy.moml.MoMLSimpleApplication@42e6ca1c
reloadAllAccessors: .PublisherPortSubscriberPortAdjacent

===========================================================================================
----------------- testing Sat Dec 28 06:29:11 UTC 2019 /home/travis/build/icyphy/ptII/ptolemy/actor/lib/test/auto/PublisherPortSubscriberPortExpression.xml
----------------- Instantiating /home/travis/build/icyphy/ptII/ptolemy/actor/lib/test/auto/PublisherPortSubscriberPortExpression.xml
3 ms. Memory: 620544K Free: 261609K (42%)
----------------- Invoking toplevel() on ptolemy.moml.MoMLSimpleApplication@f6731e9
----------------- Done invoking toplevel() on ptolemy.moml.MoMLSimpleApplication@f6731e9
reloadAllAccessors: .PublisherPortSubscriberPortExpression

===========================================================================================
----------------- testing Sat Dec 28 06:29:11 UTC 2019 /home/travis/build/icyphy/ptII/ptolemy/actor/lib/test/auto/PublisherPortSubscriberPortOpaqueD3Reverse.xml
----------------- Instantiating /home/travis/build/icyphy/ptII/ptolemy/actor/lib/test/auto/PublisherPortSubscriberPortOpaqueD3Reverse.xml
4 ms. Memory: 620544K Free: 251369K (41%)
----------------- Invoking toplevel() on ptolemy.moml.MoMLSimpleApplication@537e299a
----------------- Done invoking toplevel() on ptolemy.moml.MoMLSimpleApplication@537e299a
reloadAllAccessors: .PublisherPortSubscriberPortOpaqueD3Reverse

===========================================================================================
----------------- testing Sat Dec 28 06:29:11 UTC 2019 /home/travis/build/icyphy/ptII/ptolemy/actor/lib/test/auto/PublisherPortSubscriberPortOpaqueWidthInference.xml
----------------- Instantiating /home/travis/build/icyphy/ptII/ptolemy/actor/lib/test/auto/PublisherPortSubscriberPortOpaqueWidthInference.xml
2 ms. Memory: 620544K Free: 243673K (39%)
----------------- Invoking toplevel() on ptolemy.moml.MoMLSimpleApplication@555b512e
----------------- Done invoking toplevel() on ptolemy.moml.MoMLSimpleApplication@555b512e
reloadAllAccessors: .PublisherPortSubscriberPortOpaqueWidthInference

===========================================================================================
----------------- testing Sat Dec 28 06:29:11 UTC 2019 /home/travis/build/icyphy/ptII/ptolemy/actor/lib/test/auto/PublisherPortToplevelSubscriberPortAOC.xml
----------------- Instantiating /home/travis/build/icyphy/ptII/ptolemy/actor/lib/test/auto/PublisherPortToplevelSubscriberPortAOC.xml
.PublisherPortToplevelSubscriberPortAOC.TestExceptionAttribute: initialize() was not invoked, but wrapup() was.  This is unusual, but not always a problem.  For example, exporting JNLP will do this.
1 ms. Memory: 620544K Free: 238057K (38%)
----------------- Invoking toplevel() on ptolemy.moml.MoMLSimpleApplication@16581628
----------------- Done invoking toplevel() on ptolemy.moml.MoMLSimpleApplication@16581628
reloadAllAccessors: .PublisherPortToplevelSubscriberPortAOC

===========================================================================================
----------------- testing Sat Dec 28 06:29:11 UTC 2019 /home/travis/build/icyphy/ptII/ptolemy/actor/lib/test/auto/PublisherSubscriber.xml
----------------- Instantiating /home/travis/build/icyphy/ptII/ptolemy/actor/lib/test/auto/PublisherSubscriber.xml
3 ms. Memory: 620544K Free: 230345K (37%)
----------------- Invoking toplevel() on ptolemy.moml.MoMLSimpleApplication@11ad9e01
----------------- Done invoking toplevel() on ptolemy.moml.MoMLSimpleApplication@11ad9e01
reloadAllAccessors: .PublisherSubscriber

===========================================================================================
----------------- testing Sat Dec 28 06:29:11 UTC 2019 /home/travis/build/icyphy/ptII/ptolemy/actor/lib/test/auto/PublisherSubscriber10.xml
----------------- Instantiating /home/travis/build/icyphy/ptII/ptolemy/actor/lib/test/auto/PublisherSubscriber10.xml
9 ms. Memory: 620544K Free: 220649K (36%)
----------------- Invoking toplevel() on ptolemy.moml.MoMLSimpleApplication@3758ebfd
----------------- Done invoking toplevel() on ptolemy.moml.MoMLSimpleApplication@3758ebfd
reloadAllAccessors: .PublisherSubscriber10

===========================================================================================
----------------- testing Sat Dec 28 06:29:12 UTC 2019 /home/travis/build/icyphy/ptII/ptolemy/actor/lib/test/auto/PublisherSubscriber10InitialOutputs.xml
----------------- Instantiating /home/travis/build/icyphy/ptII/ptolemy/actor/lib/test/auto/PublisherSubscriber10InitialOutputs.xml
15 ms. Memory: 620544K Free: 211433K (34%)
----------------- Invoking toplevel() on ptolemy.moml.MoMLSimpleApplication@2d68809f
----------------- Done invoking toplevel() on ptolemy.moml.MoMLSimpleApplication@2d68809f
reloadAllAccessors: .PublisherSubscriber10InitialOutputs

===========================================================================================
----------------- testing Sat Dec 28 06:29:12 UTC 2019 /home/travis/build/icyphy/ptII/ptolemy/actor/lib/test/auto/PublisherSubscriber11.xml
----------------- Instantiating /home/travis/build/icyphy/ptII/ptolemy/actor/lib/test/auto/PublisherSubscriber11.xml
27 ms. Memory: 620544K Free: 569833K (92%)
----------------- Invoking toplevel() on ptolemy.moml.MoMLSimpleApplication@4c0ccc86
----------------- Done invoking toplevel() on ptolemy.moml.MoMLSimpleApplication@4c0ccc86
reloadAllAccessors: .PublisherSubscriber11

===========================================================================================
----------------- testing Sat Dec 28 06:29:12 UTC 2019 /home/travis/build/icyphy/ptII/ptolemy/actor/lib/test/auto/PublisherSubscriber12.xml
----------------- Instantiating /home/travis/build/icyphy/ptII/ptolemy/actor/lib/test/auto/PublisherSubscriber12.xml
4 ms. Memory: 620544K Free: 562665K (91%)
----------------- Invoking toplevel() on ptolemy.moml.MoMLSimpleApplication@7bf87d11
----------------- Done invoking toplevel() on ptolemy.moml.MoMLSimpleApplication@7bf87d11
reloadAllAccessors: .PublisherSubscriber12

===========================================================================================
----------------- testing Sat Dec 28 06:29:12 UTC 2019 /home/travis/build/icyphy/ptII/ptolemy/actor/lib/test/auto/PublisherSubscriber13.xml
----------------- Instantiating /home/travis/build/icyphy/ptII/ptolemy/actor/lib/test/auto/PublisherSubscriber13.xml
2 ms. Memory: 620544K Free: 557001K (90%)
----------------- Invoking toplevel() on ptolemy.moml.MoMLSimpleApplication@369710fa
----------------- Done invoking toplevel() on ptolemy.moml.MoMLSimpleApplication@369710fa
reloadAllAccessors: .PublisherSubscriber13

===========================================================================================
----------------- testing Sat Dec 28 06:29:12 UTC 2019 /home/travis/build/icyphy/ptII/ptolemy/actor/lib/test/auto/PublisherSubscriber14.xml
----------------- Instantiating /home/travis/build/icyphy/ptII/ptolemy/actor/lib/test/auto/PublisherSubscriber14.xml
2 ms. Memory: 620544K Free: 547801K (88%)
----------------- Invoking toplevel() on ptolemy.moml.MoMLSimpleApplication@1c9eaae6
----------------- Done invoking toplevel() on ptolemy.moml.MoMLSimpleApplication@1c9eaae6
reloadAllAccessors: .PublisherSubscriber14

===========================================================================================
----------------- testing Sat Dec 28 06:29:12 UTC 2019 /home/travis/build/icyphy/ptII/ptolemy/actor/lib/test/auto/PublisherSubscriber2.xml
----------------- Instantiating /home/travis/build/icyphy/ptII/ptolemy/actor/lib/test/auto/PublisherSubscriber2.xml
3 ms. Memory: 620544K Free: 542185K (87%)
----------------- Invoking toplevel() on ptolemy.moml.MoMLSimpleApplication@43ba950d
----------------- Done invoking toplevel() on ptolemy.moml.MoMLSimpleApplication@43ba950d
reloadAllAccessors: .PublisherSubscriber2

===========================================================================================
----------------- testing Sat Dec 28 06:29:12 UTC 2019 /home/travis/build/icyphy/ptII/ptolemy/actor/lib/test/auto/PublisherSubscriber3.xml
----------------- Instantiating /home/travis/build/icyphy/ptII/ptolemy/actor/lib/test/auto/PublisherSubscriber3.xml
2 ms. Memory: 620544K Free: 536521K (86%)
----------------- Invoking toplevel() on ptolemy.moml.MoMLSimpleApplication@5497335e
----------------- Done invoking toplevel() on ptolemy.moml.MoMLSimpleApplication@5497335e
reloadAllAccessors: .PublisherSubscriber3

===========================================================================================
----------------- testing Sat Dec 28 06:29:12 UTC 2019 /home/travis/build/icyphy/ptII/ptolemy/actor/lib/test/auto/PublisherSubscriber4.xml
----------------- Instantiating /home/travis/build/icyphy/ptII/ptolemy/actor/lib/test/auto/PublisherSubscriber4.xml
2 ms. Memory: 620544K Free: 531401K (86%)
----------------- Invoking toplevel() on ptolemy.moml.MoMLSimpleApplication@50265cec
----------------- Done invoking toplevel() on ptolemy.moml.MoMLSimpleApplication@50265cec
reloadAllAccessors: .PublisherSubscriber4

===========================================================================================
----------------- testing Sat Dec 28 06:29:12 UTC 2019 /home/travis/build/icyphy/ptII/ptolemy/actor/lib/test/auto/PublisherSubscriber5.xml
----------------- Instantiating /home/travis/build/icyphy/ptII/ptolemy/actor/lib/test/auto/PublisherSubscriber5.xml
2 ms. Memory: 620544K Free: 524249K (84%)
----------------- Invoking toplevel() on ptolemy.moml.MoMLSimpleApplication@5919246f
----------------- Done invoking toplevel() on ptolemy.moml.MoMLSimpleApplication@5919246f
reloadAllAccessors: .PublisherSubscriber5

===========================================================================================
----------------- testing Sat Dec 28 06:29:12 UTC 2019 /home/travis/build/icyphy/ptII/ptolemy/actor/lib/test/auto/PublisherSubscriber6.xml
----------------- Instantiating /home/travis/build/icyphy/ptII/ptolemy/actor/lib/test/auto/PublisherSubscriber6.xml
4 ms. Memory: 620544K Free: 517081K (83%)
----------------- Invoking toplevel() on ptolemy.moml.MoMLSimpleApplication@4907ebdb
----------------- Done invoking toplevel() on ptolemy.moml.MoMLSimpleApplication@4907ebdb
reloadAllAccessors: .PublisherSubscriber6

===========================================================================================
----------------- testing Sat Dec 28 06:29:12 UTC 2019 /home/travis/build/icyphy/ptII/ptolemy/actor/lib/test/auto/PublisherSubscriber7.xml
----------------- Instantiating /home/travis/build/icyphy/ptII/ptolemy/actor/lib/test/auto/PublisherSubscriber7.xml
6 ms. Memory: 620544K Free: 509927K (82%)
----------------- Invoking toplevel() on ptolemy.moml.MoMLSimpleApplication@78aed6cb
----------------- Done invoking toplevel() on ptolemy.moml.MoMLSimpleApplication@78aed6cb
reloadAllAccessors: .PublisherSubscriber7

===========================================================================================
----------------- testing Sat Dec 28 06:29:12 UTC 2019 /home/travis/build/icyphy/ptII/ptolemy/actor/lib/test/auto/PublisherSubscriber8.xml
----------------- Instantiating /home/travis/build/icyphy/ptII/ptolemy/actor/lib/test/auto/PublisherSubscriber8.xml
13 ms. Memory: 620544K Free: 498153K (80%)
----------------- Invoking toplevel() on ptolemy.moml.MoMLSimpleApplication@49b160c8
----------------- Done invoking toplevel() on ptolemy.moml.MoMLSimpleApplication@49b160c8
reloadAllAccessors: .PublisherSubscriber8

===========================================================================================
----------------- testing Sat Dec 28 06:29:12 UTC 2019 /home/travis/build/icyphy/ptII/ptolemy/actor/lib/test/auto/PublisherSubscriber9.xml
----------------- Instantiating /home/travis/build/icyphy/ptII/ptolemy/actor/lib/test/auto/PublisherSubscriber9.xml
2 ms. Memory: 620544K Free: 490985K (79%)
----------------- Invoking toplevel() on ptolemy.moml.MoMLSimpleApplication@922df59
----------------- Done invoking toplevel() on ptolemy.moml.MoMLSimpleApplication@922df59
reloadAllAccessors: .PublisherSubscriber9

===========================================================================================
----------------- testing Sat Dec 28 06:29:12 UTC 2019 /home/travis/build/icyphy/ptII/ptolemy/actor/lib/test/auto/PublisherSubscriberAdjacent.xml
----------------- Instantiating /home/travis/build/icyphy/ptII/ptolemy/actor/lib/test/auto/PublisherSubscriberAdjacent.xml
1 ms. Memory: 620544K Free: 482793K (78%)
----------------- Invoking toplevel() on ptolemy.moml.MoMLSimpleApplication@65a723d
----------------- Done invoking toplevel() on ptolemy.moml.MoMLSimpleApplication@65a723d
reloadAllAccessors: .PublisherSubscriberAdjacent

===========================================================================================
----------------- testing Sat Dec 28 06:29:12 UTC 2019 /home/travis/build/icyphy/ptII/ptolemy/actor/lib/test/auto/PublisherSubscriberChannelVariablesAOC2.xml
----------------- Instantiating /home/travis/build/icyphy/ptII/ptolemy/actor/lib/test/auto/PublisherSubscriberChannelVariablesAOC2.xml
2 ms. Memory: 620544K Free: 467433K (75%)
----------------- Invoking toplevel() on ptolemy.moml.MoMLSimpleApplication@487b6c2a
----------------- Done invoking toplevel() on ptolemy.moml.MoMLSimpleApplication@487b6c2a
reloadAllAccessors: .PublisherSubscriberChannelVariablesAOC2

===========================================================================================
----------------- testing Sat Dec 28 06:29:12 UTC 2019 /home/travis/build/icyphy/ptII/ptolemy/actor/lib/test/auto/PublisherSubscriberD3.xml
----------------- Instantiating /home/travis/build/icyphy/ptII/ptolemy/actor/lib/test/auto/PublisherSubscriberD3.xml
1 ms. Memory: 620544K Free: 459751K (74%)
----------------- Invoking toplevel() on ptolemy.moml.MoMLSimpleApplication@3790b66f
----------------- Done invoking toplevel() on ptolemy.moml.MoMLSimpleApplication@3790b66f
reloadAllAccessors: .PublisherSubscriberD3

===========================================================================================
----------------- testing Sat Dec 28 06:29:12 UTC 2019 /home/travis/build/icyphy/ptII/ptolemy/actor/lib/test/auto/PublisherSubscriberD3Reverse.xml
----------------- Instantiating /home/travis/build/icyphy/ptII/ptolemy/actor/lib/test/auto/PublisherSubscriberD3Reverse.xml
1 ms. Memory: 620544K Free: 453607K (73%)
----------------- Invoking toplevel() on ptolemy.moml.MoMLSimpleApplication@25f8353e
----------------- Done invoking toplevel() on ptolemy.moml.MoMLSimpleApplication@25f8353e
reloadAllAccessors: .PublisherSubscriberD3Reverse

===========================================================================================
----------------- testing Sat Dec 28 06:29:12 UTC 2019 /home/travis/build/icyphy/ptII/ptolemy/actor/lib/test/auto/PublisherSubscriberExpression.xml
----------------- Instantiating /home/travis/build/icyphy/ptII/ptolemy/actor/lib/test/auto/PublisherSubscriberExpression.xml
3 ms. Memory: 620544K Free: 445401K (72%)
----------------- Invoking toplevel() on ptolemy.moml.MoMLSimpleApplication@212967ae
----------------- Done invoking toplevel() on ptolemy.moml.MoMLSimpleApplication@212967ae
reloadAllAccessors: .PublisherSubscriberExpression

===========================================================================================
----------------- testing Sat Dec 28 06:29:12 UTC 2019 /home/travis/build/icyphy/ptII/ptolemy/actor/lib/test/auto/PublisherSubscriberOpaque.xml
----------------- Instantiating /home/travis/build/icyphy/ptII/ptolemy/actor/lib/test/auto/PublisherSubscriberOpaque.xml
3 ms. Memory: 620544K Free: 437223K (70%)
----------------- Invoking toplevel() on ptolemy.moml.MoMLSimpleApplication@67ee0971
----------------- Done invoking toplevel() on ptolemy.moml.MoMLSimpleApplication@67ee0971
reloadAllAccessors: .PublisherSubscriberOpaque

===========================================================================================
----------------- testing Sat Dec 28 06:29:12 UTC 2019 /home/travis/build/icyphy/ptII/ptolemy/actor/lib/test/auto/PublisherSubscriberOpaqueD3.xml
----------------- Instantiating /home/travis/build/icyphy/ptII/ptolemy/actor/lib/test/auto/PublisherSubscriberOpaqueD3.xml
5 ms. Memory: 620544K Free: 425449K (69%)
----------------- Invoking toplevel() on ptolemy.moml.MoMLSimpleApplication@71f86950
----------------- Done invoking toplevel() on ptolemy.moml.MoMLSimpleApplication@71f86950
reloadAllAccessors: .PublisherSubscriberOpaqueD3

===========================================================================================
----------------- testing Sat Dec 28 06:29:12 UTC 2019 /home/travis/build/icyphy/ptII/ptolemy/actor/lib/test/auto/PublisherSubscriberOpaqueD3Reverse.xml
----------------- Instantiating /home/travis/build/icyphy/ptII/ptolemy/actor/lib/test/auto/PublisherSubscriberOpaqueD3Reverse.xml
7 ms. Memory: 620544K Free: 414695K (67%)
----------------- Invoking toplevel() on ptolemy.moml.MoMLSimpleApplication@4772b528
----------------- Done invoking toplevel() on ptolemy.moml.MoMLSimpleApplication@4772b528
reloadAllAccessors: .PublisherSubscriberOpaqueD3Reverse

===========================================================================================
----------------- testing Sat Dec 28 06:29:12 UTC 2019 /home/travis/build/icyphy/ptII/ptolemy/actor/lib/test/auto/PublisherSubscriberOpaqueWidthInference.xml
----------------- Instantiating /home/travis/build/icyphy/ptII/ptolemy/actor/lib/test/auto/PublisherSubscriberOpaqueWidthInference.xml
4 ms. Memory: 620544K Free: 406489K (66%)
----------------- Invoking toplevel() on ptolemy.moml.MoMLSimpleApplication@4bbf9277
----------------- Done invoking toplevel() on ptolemy.moml.MoMLSimpleApplication@4bbf9277
reloadAllAccessors: .PublisherSubscriberOpaqueWidthInference

===========================================================================================
----------------- testing Sat Dec 28 06:29:12 UTC 2019 /home/travis/build/icyphy/ptII/ptolemy/actor/lib/test/auto/PublisherTestSubscriber.xml
----------------- Instantiating /home/travis/build/icyphy/ptII/ptolemy/actor/lib/test/auto/PublisherTestSubscriber.xml
4 ms. Memory: 620544K Free: 398825K (64%)
----------------- Invoking toplevel() on ptolemy.moml.MoMLSimpleApplication@1eb469a2
----------------- Done invoking toplevel() on ptolemy.moml.MoMLSimpleApplication@1eb469a2
reloadAllAccessors: .PublisherTestSubscriber

===========================================================================================
----------------- testing Sat Dec 28 06:29:12 UTC 2019 /home/travis/build/icyphy/ptII/ptolemy/actor/lib/test/auto/PublisherToplevelSubscriberPortAOC.xml
----------------- Instantiating /home/travis/build/icyphy/ptII/ptolemy/actor/lib/test/auto/PublisherToplevelSubscriberPortAOC.xml
1 ms. Memory: 620544K Free: 392681K (63%)
----------------- Invoking toplevel() on ptolemy.moml.MoMLSimpleApplication@5180f321
----------------- Done invoking toplevel() on ptolemy.moml.MoMLSimpleApplication@5180f321
reloadAllAccessors: .PublisherToplevelSubscriberPortAOC

===========================================================================================
----------------- testing Sat Dec 28 06:29:12 UTC 2019 /home/travis/build/icyphy/ptII/ptolemy/actor/lib/test/auto/PulseFiringLimitDE.xml
----------------- Instantiating /home/travis/build/icyphy/ptII/ptolemy/actor/lib/test/auto/PulseFiringLimitDE.xml
2 ms. Memory: 620544K Free: 386023K (62%)
----------------- Invoking toplevel() on ptolemy.moml.MoMLSimpleApplication@282ed05c
----------------- Done invoking toplevel() on ptolemy.moml.MoMLSimpleApplication@282ed05c
reloadAllAccessors: .PulseFiringLimitDE

===========================================================================================
----------------- testing Sat Dec 28 06:29:12 UTC 2019 /home/travis/build/icyphy/ptII/ptolemy/actor/lib/test/auto/Ramp1.xml
----------------- Instantiating /home/travis/build/icyphy/ptII/ptolemy/actor/lib/test/auto/Ramp1.xml
1 ms. Memory: 620544K Free: 381921K (62%)
----------------- Invoking toplevel() on ptolemy.moml.MoMLSimpleApplication@6c96605a
----------------- Done invoking toplevel() on ptolemy.moml.MoMLSimpleApplication@6c96605a
reloadAllAccessors: .Ramp1

===========================================================================================
----------------- testing Sat Dec 28 06:29:12 UTC 2019 /home/travis/build/icyphy/ptII/ptolemy/actor/lib/test/auto/RampFiringLimitDE.xml
----------------- Instantiating /home/travis/build/icyphy/ptII/ptolemy/actor/lib/test/auto/RampFiringLimitDE.xml
2 ms. Memory: 620544K Free: 375769K (61%)
----------------- Invoking toplevel() on ptolemy.moml.MoMLSimpleApplication@1009889a
----------------- Done invoking toplevel() on ptolemy.moml.MoMLSimpleApplication@1009889a
reloadAllAccessors: .RampFiringLimitDE

===========================================================================================
----------------- testing Sat Dec 28 06:29:12 UTC 2019 /home/travis/build/icyphy/ptII/ptolemy/actor/lib/test/auto/RampFiringLimitSDF.xml
----------------- Instantiating /home/travis/build/icyphy/ptII/ptolemy/actor/lib/test/auto/RampFiringLimitSDF.xml
2 ms. Memory: 620544K Free: 370633K (60%)
----------------- Invoking toplevel() on ptolemy.moml.MoMLSimpleApplication@75bf6cf0
----------------- Done invoking toplevel() on ptolemy.moml.MoMLSimpleApplication@75bf6cf0
reloadAllAccessors: .RampFiringLimitSDF

===========================================================================================
----------------- testing Sat Dec 28 06:29:12 UTC 2019 /home/travis/build/icyphy/ptII/ptolemy/actor/lib/test/auto/RandomInteger.xml
----------------- Instantiating /home/travis/build/icyphy/ptII/ptolemy/actor/lib/test/auto/RandomInteger.xml
1 ms. Memory: 620544K Free: 366057K (59%)
----------------- Invoking toplevel() on ptolemy.moml.MoMLSimpleApplication@c33b2f3
----------------- Done invoking toplevel() on ptolemy.moml.MoMLSimpleApplication@c33b2f3
reloadAllAccessors: .RandomInteger

===========================================================================================
----------------- testing Sat Dec 28 06:29:12 UTC 2019 /home/travis/build/icyphy/ptII/ptolemy/actor/lib/test/auto/ReadFile1.xml
----------------- Instantiating /home/travis/build/icyphy/ptII/ptolemy/actor/lib/test/auto/ReadFile1.xml
1 ms. Memory: 620544K Free: 361447K (58%)
----------------- Invoking toplevel() on ptolemy.moml.MoMLSimpleApplication@3084104c
----------------- Done invoking toplevel() on ptolemy.moml.MoMLSimpleApplication@3084104c
reloadAllAccessors: .ReadFile1

===========================================================================================
----------------- testing Sat Dec 28 06:29:12 UTC 2019 /home/travis/build/icyphy/ptII/ptolemy/actor/lib/test/auto/ReadFile2.xml
----------------- Instantiating /home/travis/build/icyphy/ptII/ptolemy/actor/lib/test/auto/ReadFile2.xml
1 ms. Memory: 620544K Free: 357351K (58%)
----------------- Invoking toplevel() on ptolemy.moml.MoMLSimpleApplication@36c0eef8
----------------- Done invoking toplevel() on ptolemy.moml.MoMLSimpleApplication@36c0eef8
reloadAllAccessors: .ReadFile2

===========================================================================================
----------------- testing Sat Dec 28 06:29:12 UTC 2019 /home/travis/build/icyphy/ptII/ptolemy/actor/lib/test/auto/Reader.xml
----------------- Instantiating /home/travis/build/icyphy/ptII/ptolemy/actor/lib/test/auto/Reader.xml
actor.lib.Reader is obsolete, use actor.lib.io.ExpressionReader instead
4 ms. Memory: 620544K Free: 353255K (57%)
----------------- Invoking toplevel() on ptolemy.moml.MoMLSimpleApplication@987816d
----------------- Done invoking toplevel() on ptolemy.moml.MoMLSimpleApplication@987816d
reloadAllAccessors: .Reader

===========================================================================================
----------------- testing Sat Dec 28 06:29:12 UTC 2019 /home/travis/build/icyphy/ptII/ptolemy/actor/lib/test/auto/RecordAssemblerDisplayNameTest.xml
----------------- Instantiating /home/travis/build/icyphy/ptII/ptolemy/actor/lib/test/auto/RecordAssemblerDisplayNameTest.xml
3354 ms. Memory: 620544K Free: 220137K (35%)
----------------- Invoking toplevel() on ptolemy.moml.MoMLSimpleApplication@6822561
----------------- Done invoking toplevel() on ptolemy.moml.MoMLSimpleApplication@6822561
reloadAllAccessors: .RecordAssemblerDisplayNameTest

===========================================================================================
----------------- testing Sat Dec 28 06:29:15 UTC 2019 /home/travis/build/icyphy/ptII/ptolemy/actor/lib/test/auto/RecordAssemblerTypeError.xml
----------------- Instantiating /home/travis/build/icyphy/ptII/ptolemy/actor/lib/test/auto/RecordAssemblerTypeError.xml
18 ms. Memory: 620544K Free: 210407K (34%)
----------------- Invoking toplevel() on ptolemy.moml.MoMLSimpleApplication@e51a37b
----------------- Done invoking toplevel() on ptolemy.moml.MoMLSimpleApplication@e51a37b
reloadAllAccessors: .RecordAssemblerTypeError

===========================================================================================
----------------- testing Sat Dec 28 06:29:15 UTC 2019 /home/travis/build/icyphy/ptII/ptolemy/actor/lib/test/auto/RecordDisassember.xml
----------------- Instantiating /home/travis/build/icyphy/ptII/ptolemy/actor/lib/test/auto/RecordDisassember.xml
8 ms. Memory: 620544K Free: 568801K (92%)
----------------- Invoking toplevel() on ptolemy.moml.MoMLSimpleApplication@1aa8860f
----------------- Done invoking toplevel() on ptolemy.moml.MoMLSimpleApplication@1aa8860f
reloadAllAccessors: .RecordDisassember

===========================================================================================
----------------- testing Sat Dec 28 06:29:16 UTC 2019 /home/travis/build/icyphy/ptII/ptolemy/actor/lib/test/auto/RecordDisassemberDisplayNameTest.xml
----------------- Instantiating /home/travis/build/icyphy/ptII/ptolemy/actor/lib/test/auto/RecordDisassemberDisplayNameTest.xml
6 ms. Memory: 620544K Free: 560615K (90%)
----------------- Invoking toplevel() on ptolemy.moml.MoMLSimpleApplication@2e8cb8ef
----------------- Done invoking toplevel() on ptolemy.moml.MoMLSimpleApplication@2e8cb8ef
reloadAllAccessors: .RecordDisassemberDisplayNameTest

===========================================================================================
----------------- testing Sat Dec 28 06:29:16 UTC 2019 /home/travis/build/icyphy/ptII/ptolemy/actor/lib/test/auto/RecordDisassembler.xml
----------------- Instantiating /home/travis/build/icyphy/ptII/ptolemy/actor/lib/test/auto/RecordDisassembler.xml
5 ms. Memory: 620544K Free: 555489K (90%)
----------------- Invoking toplevel() on ptolemy.moml.MoMLSimpleApplication@320d64c4
----------------- Done invoking toplevel() on ptolemy.moml.MoMLSimpleApplication@320d64c4
reloadAllAccessors: .RecordDisassembler

===========================================================================================
----------------- testing Sat Dec 28 06:29:16 UTC 2019 /home/travis/build/icyphy/ptII/ptolemy/actor/lib/test/auto/RecordDisassembler2.xml
----------------- Instantiating /home/travis/build/icyphy/ptII/ptolemy/actor/lib/test/auto/RecordDisassembler2.xml
2 ms. Memory: 620544K Free: 550345K (89%)
----------------- Invoking toplevel() on ptolemy.moml.MoMLSimpleApplication@40982e7d
----------------- Done invoking toplevel() on ptolemy.moml.MoMLSimpleApplication@40982e7d
reloadAllAccessors: .RecordDisassembler2

===========================================================================================
----------------- testing Sat Dec 28 06:29:16 UTC 2019 /home/travis/build/icyphy/ptII/ptolemy/actor/lib/test/auto/RecordUpdater.xml
----------------- Instantiating /home/travis/build/icyphy/ptII/ptolemy/actor/lib/test/auto/RecordUpdater.xml
3 ms. Memory: 620544K Free: 544745K (88%)
----------------- Invoking toplevel() on ptolemy.moml.MoMLSimpleApplication@50c475e8
----------------- Done invoking toplevel() on ptolemy.moml.MoMLSimpleApplication@50c475e8
reloadAllAccessors: .RecordUpdater

===========================================================================================
----------------- testing Sat Dec 28 06:29:16 UTC 2019 /home/travis/build/icyphy/ptII/ptolemy/actor/lib/test/auto/RecordUpdater2.xml
----------------- Instantiating /home/travis/build/icyphy/ptII/ptolemy/actor/lib/test/auto/RecordUpdater2.xml
2 ms. Memory: 620544K Free: 540135K (87%)
----------------- Invoking toplevel() on ptolemy.moml.MoMLSimpleApplication@32714d6c
----------------- Done invoking toplevel() on ptolemy.moml.MoMLSimpleApplication@32714d6c
reloadAllAccessors: .RecordUpdater2

===========================================================================================
----------------- testing Sat Dec 28 06:29:16 UTC 2019 /home/travis/build/icyphy/ptII/ptolemy/actor/lib/test/auto/RecursiveLattice.xml
----------------- Instantiating /home/travis/build/icyphy/ptII/ptolemy/actor/lib/test/auto/RecursiveLattice.xml
2 ms. Memory: 620544K Free: 535529K (86%)
----------------- Invoking toplevel() on ptolemy.moml.MoMLSimpleApplication@287514b0
----------------- Done invoking toplevel() on ptolemy.moml.MoMLSimpleApplication@287514b0
reloadAllAccessors: .RecursiveLattice

===========================================================================================
----------------- testing Sat Dec 28 06:29:16 UTC 2019 /home/travis/build/icyphy/ptII/ptolemy/actor/lib/test/auto/Router.xml
----------------- Instantiating /home/travis/build/icyphy/ptII/ptolemy/actor/lib/test/auto/Router.xml
3004 ms. Memory: 620544K Free: 525799K (85%)
----------------- Invoking toplevel() on ptolemy.moml.MoMLSimpleApplication@60d0ef05
----------------- Done invoking toplevel() on ptolemy.moml.MoMLSimpleApplication@60d0ef05
reloadAllAccessors: .Router

===========================================================================================
----------------- testing Sat Dec 28 06:29:19 UTC 2019 /home/travis/build/icyphy/ptII/ptolemy/actor/lib/test/auto/Router2.xml
----------------- Instantiating /home/travis/build/icyphy/ptII/ptolemy/actor/lib/test/auto/Router2.xml
3003 ms. Memory: 620544K Free: 515049K (83%)
----------------- Invoking toplevel() on ptolemy.moml.MoMLSimpleApplication@7de22633
----------------- Done invoking toplevel() on ptolemy.moml.MoMLSimpleApplication@7de22633
reloadAllAccessors: .Router2

===========================================================================================
----------------- testing Sat Dec 28 06:29:22 UTC 2019 /home/travis/build/icyphy/ptII/ptolemy/actor/lib/test/auto/RunningMaximum.xml
----------------- Instantiating /home/travis/build/icyphy/ptII/ptolemy/actor/lib/test/auto/RunningMaximum.xml
5 ms. Memory: 620544K Free: 510439K (82%)
----------------- Invoking toplevel() on ptolemy.moml.MoMLSimpleApplication@6f5931f8
----------------- Done invoking toplevel() on ptolemy.moml.MoMLSimpleApplication@6f5931f8
reloadAllAccessors: .RunningMaximum

===========================================================================================
----------------- testing Sat Dec 28 06:29:22 UTC 2019 /home/travis/build/icyphy/ptII/ptolemy/actor/lib/test/auto/RunningMinimum.xml
----------------- Instantiating /home/travis/build/icyphy/ptII/ptolemy/actor/lib/test/auto/RunningMinimum.xml
10 ms. Memory: 620544K Free: 505833K (82%)
----------------- Invoking toplevel() on ptolemy.moml.MoMLSimpleApplication@19c1ff24
----------------- Done invoking toplevel() on ptolemy.moml.MoMLSimpleApplication@19c1ff24
reloadAllAccessors: .RunningMinimum

===========================================================================================
----------------- testing Sat Dec 28 06:29:22 UTC 2019 /home/travis/build/icyphy/ptII/ptolemy/actor/lib/test/auto/Scale.xml
----------------- Instantiating /home/travis/build/icyphy/ptII/ptolemy/actor/lib/test/auto/Scale.xml
1 ms. Memory: 620544K Free: 501223K (81%)
----------------- Invoking toplevel() on ptolemy.moml.MoMLSimpleApplication@2fe5ca2
----------------- Done invoking toplevel() on ptolemy.moml.MoMLSimpleApplication@2fe5ca2
reloadAllAccessors: .Scale

===========================================================================================
----------------- testing Sat Dec 28 06:29:22 UTC 2019 /home/travis/build/icyphy/ptII/ptolemy/actor/lib/test/auto/Scale2.xml
----------------- Instantiating /home/travis/build/icyphy/ptII/ptolemy/actor/lib/test/auto/Scale2.xml
2 ms. Memory: 620544K Free: 496617K (80%)
----------------- Invoking toplevel() on ptolemy.moml.MoMLSimpleApplication@6662799a
----------------- Done invoking toplevel() on ptolemy.moml.MoMLSimpleApplication@6662799a
reloadAllAccessors: .Scale2

===========================================================================================
----------------- testing Sat Dec 28 06:29:22 UTC 2019 /home/travis/build/icyphy/ptII/ptolemy/actor/lib/test/auto/Scale3.xml
----------------- Instantiating /home/travis/build/icyphy/ptII/ptolemy/actor/lib/test/auto/Scale3.xml
8 ms. Memory: 620544K Free: 489959K (79%)
----------------- Invoking toplevel() on ptolemy.moml.MoMLSimpleApplication@467ecf44
----------------- Done invoking toplevel() on ptolemy.moml.MoMLSimpleApplication@467ecf44
reloadAllAccessors: .Scale3

===========================================================================================
----------------- testing Sat Dec 28 06:29:22 UTC 2019 /home/travis/build/icyphy/ptII/ptolemy/actor/lib/test/auto/ScaleArray.xml
----------------- Instantiating /home/travis/build/icyphy/ptII/ptolemy/actor/lib/test/auto/ScaleArray.xml
2 ms. Memory: 620544K Free: 484839K (78%)
----------------- Invoking toplevel() on ptolemy.moml.MoMLSimpleApplication@4ca054c0
----------------- Done invoking toplevel() on ptolemy.moml.MoMLSimpleApplication@4ca054c0
reloadAllAccessors: .ScaleArray

===========================================================================================
----------------- testing Sat Dec 28 06:29:22 UTC 2019 /home/travis/build/icyphy/ptII/ptolemy/actor/lib/test/auto/ScaleArray2.xml
----------------- Instantiating /home/travis/build/icyphy/ptII/ptolemy/actor/lib/test/auto/ScaleArray2.xml
3 ms. Memory: 620544K Free: 480233K (77%)
----------------- Invoking toplevel() on ptolemy.moml.MoMLSimpleApplication@2dc8bd5d
----------------- Done invoking toplevel() on ptolemy.moml.MoMLSimpleApplication@2dc8bd5d
reloadAllAccessors: .ScaleArray2

===========================================================================================
----------------- testing Sat Dec 28 06:29:22 UTC 2019 /home/travis/build/icyphy/ptII/ptolemy/actor/lib/test/auto/ScaleMatrix.xml
----------------- Instantiating /home/travis/build/icyphy/ptII/ptolemy/actor/lib/test/auto/ScaleMatrix.xml
138 ms. Memory: 620544K Free: 465897K (75%)
----------------- Invoking toplevel() on ptolemy.moml.MoMLSimpleApplication@33f383a1
----------------- Done invoking toplevel() on ptolemy.moml.MoMLSimpleApplication@33f383a1
reloadAllAccessors: .ScaleMatrix

===========================================================================================
----------------- testing Sat Dec 28 06:29:22 UTC 2019 /home/travis/build/icyphy/ptII/ptolemy/actor/lib/test/auto/Select.xml
----------------- Instantiating /home/travis/build/icyphy/ptII/ptolemy/actor/lib/test/auto/Select.xml
2 ms. Memory: 620544K Free: 459753K (74%)
----------------- Invoking toplevel() on ptolemy.moml.MoMLSimpleApplication@172e77cc
----------------- Done invoking toplevel() on ptolemy.moml.MoMLSimpleApplication@172e77cc
reloadAllAccessors: .Select

===========================================================================================
----------------- testing Sat Dec 28 06:29:22 UTC 2019 /home/travis/build/icyphy/ptII/ptolemy/actor/lib/test/auto/Select2.xml
----------------- Instantiating /home/travis/build/icyphy/ptII/ptolemy/actor/lib/test/auto/Select2.xml
1 ms. Memory: 620544K Free: 454633K (73%)
----------------- Invoking toplevel() on ptolemy.moml.MoMLSimpleApplication@76b335db
----------------- Done invoking toplevel() on ptolemy.moml.MoMLSimpleApplication@76b335db
reloadAllAccessors: .Select2

===========================================================================================
----------------- testing Sat Dec 28 06:29:22 UTC 2019 /home/travis/build/icyphy/ptII/ptolemy/actor/lib/test/auto/SequenceToArray2.xml
----------------- Instantiating /home/travis/build/icyphy/ptII/ptolemy/actor/lib/test/auto/SequenceToArray2.xml
88 ms. Memory: 620544K Free: 430567K (69%)
----------------- Invoking toplevel() on ptolemy.moml.MoMLSimpleApplication@779c2010
----------------- Done invoking toplevel() on ptolemy.moml.MoMLSimpleApplication@779c2010
reloadAllAccessors: .SequenceToArray2

===========================================================================================
----------------- testing Sat Dec 28 06:29:22 UTC 2019 /home/travis/build/icyphy/ptII/ptolemy/actor/lib/test/auto/SequentialClock.xml
----------------- Instantiating /home/travis/build/icyphy/ptII/ptolemy/actor/lib/test/auto/SequentialClock.xml
1 ms. Memory: 620544K Free: 426471K (69%)
----------------- Invoking toplevel() on ptolemy.moml.MoMLSimpleApplication@7e089928
----------------- Done invoking toplevel() on ptolemy.moml.MoMLSimpleApplication@7e089928
reloadAllAccessors: .SequentialClock

===========================================================================================
----------------- testing Sat Dec 28 06:29:22 UTC 2019 /home/travis/build/icyphy/ptII/ptolemy/actor/lib/test/auto/SetVariable.xml
----------------- Instantiating /home/travis/build/icyphy/ptII/ptolemy/actor/lib/test/auto/SetVariable.xml
3 ms. Memory: 620544K Free: 421865K (68%)
----------------- Invoking toplevel() on ptolemy.moml.MoMLSimpleApplication@38945ca4
----------------- Done invoking toplevel() on ptolemy.moml.MoMLSimpleApplication@38945ca4
reloadAllAccessors: .SetVariable

===========================================================================================
----------------- testing Sat Dec 28 06:29:22 UTC 2019 /home/travis/build/icyphy/ptII/ptolemy/actor/lib/test/auto/SetVariable2.xml
----------------- Instantiating /home/travis/build/icyphy/ptII/ptolemy/actor/lib/test/auto/SetVariable2.xml
3 ms. Memory: 620544K Free: 416745K (67%)
----------------- Invoking toplevel() on ptolemy.moml.MoMLSimpleApplication@554e047b
----------------- Done invoking toplevel() on ptolemy.moml.MoMLSimpleApplication@554e047b
reloadAllAccessors: .SetVariable2

===========================================================================================
----------------- testing Sat Dec 28 06:29:22 UTC 2019 /home/travis/build/icyphy/ptII/ptolemy/actor/lib/test/auto/SetVariable3.xml
----------------- Instantiating /home/travis/build/icyphy/ptII/ptolemy/actor/lib/test/auto/SetVariable3.xml
6 ms. Memory: 620544K Free: 411111K (66%)
----------------- Invoking toplevel() on ptolemy.moml.MoMLSimpleApplication@3ad49ae7
----------------- Done invoking toplevel() on ptolemy.moml.MoMLSimpleApplication@3ad49ae7
reloadAllAccessors: .SetVariable3

===========================================================================================
----------------- testing Sat Dec 28 06:29:22 UTC 2019 /home/travis/build/icyphy/ptII/ptolemy/actor/lib/test/auto/SetVariable4.xml
----------------- Instantiating /home/travis/build/icyphy/ptII/ptolemy/actor/lib/test/auto/SetVariable4.xml
17 ms. Memory: 620544K Free: 401383K (65%)
----------------- Invoking toplevel() on ptolemy.moml.MoMLSimpleApplication@67051ddc
----------------- Done invoking toplevel() on ptolemy.moml.MoMLSimpleApplication@67051ddc
reloadAllAccessors: .SetVariable4

===========================================================================================
----------------- testing Sat Dec 28 06:29:22 UTC 2019 /home/travis/build/icyphy/ptII/ptolemy/actor/lib/test/auto/SetVariable5.xml
----------------- Instantiating /home/travis/build/icyphy/ptII/ptolemy/actor/lib/test/auto/SetVariable5.xml
16 ms. Memory: 620544K Free: 392169K (63%)
----------------- Invoking toplevel() on ptolemy.moml.MoMLSimpleApplication@545b5af
----------------- Done invoking toplevel() on ptolemy.moml.MoMLSimpleApplication@545b5af
reloadAllAccessors: .SetVariable5

===========================================================================================
----------------- testing Sat Dec 28 06:29:22 UTC 2019 /home/travis/build/icyphy/ptII/ptolemy/actor/lib/test/auto/Sinewave.xml
----------------- Instantiating /home/travis/build/icyphy/ptII/ptolemy/actor/lib/test/auto/Sinewave.xml
5 ms. Memory: 620544K Free: 381929K (62%)
----------------- Invoking toplevel() on ptolemy.moml.MoMLSimpleApplication@59e3bc1b
----------------- Done invoking toplevel() on ptolemy.moml.MoMLSimpleApplication@59e3bc1b
reloadAllAccessors: .Sinewave

===========================================================================================
----------------- testing Sat Dec 28 06:29:22 UTC 2019 /home/travis/build/icyphy/ptII/ptolemy/actor/lib/test/auto/Sinewave2.xml
----------------- Instantiating /home/travis/build/icyphy/ptII/ptolemy/actor/lib/test/auto/Sinewave2.xml
10 ms. Memory: 620544K Free: 373209K (60%)
----------------- Invoking toplevel() on ptolemy.moml.MoMLSimpleApplication@3be735fe
----------------- Done invoking toplevel() on ptolemy.moml.MoMLSimpleApplication@3be735fe
reloadAllAccessors: .Sinewave2

===========================================================================================
----------------- testing Sat Dec 28 06:29:22 UTC 2019 /home/travis/build/icyphy/ptII/ptolemy/actor/lib/test/auto/Sinewave3.xml
----------------- Instantiating /home/travis/build/icyphy/ptII/ptolemy/actor/lib/test/auto/Sinewave3.xml
7 ms. Memory: 620544K Free: 365017K (59%)
----------------- Invoking toplevel() on ptolemy.moml.MoMLSimpleApplication@71d5a636
----------------- Done invoking toplevel() on ptolemy.moml.MoMLSimpleApplication@71d5a636
reloadAllAccessors: .Sinewave3

===========================================================================================
----------------- testing Sat Dec 28 06:29:22 UTC 2019 /home/travis/build/icyphy/ptII/ptolemy/actor/lib/test/auto/SingleEvent.xml
----------------- Instantiating /home/travis/build/icyphy/ptII/ptolemy/actor/lib/test/auto/SingleEvent.xml
1 ms. Memory: 620544K Free: 360935K (58%)
----------------- Invoking toplevel() on ptolemy.moml.MoMLSimpleApplication@23246dc8
----------------- Done invoking toplevel() on ptolemy.moml.MoMLSimpleApplication@23246dc8
reloadAllAccessors: .SingleEvent

===========================================================================================
----------------- testing Sat Dec 28 06:29:22 UTC 2019 /home/travis/build/icyphy/ptII/ptolemy/actor/lib/test/auto/Sleep.xml
----------------- Instantiating /home/travis/build/icyphy/ptII/ptolemy/actor/lib/test/auto/Sleep.xml
6003 ms. Memory: 620544K Free: 355785K (57%)
----------------- Invoking toplevel() on ptolemy.moml.MoMLSimpleApplication@1a1f806c
----------------- Done invoking toplevel() on ptolemy.moml.MoMLSimpleApplication@1a1f806c
reloadAllAccessors: .Sleep

===========================================================================================
----------------- testing Sat Dec 28 06:29:28 UTC 2019 /home/travis/build/icyphy/ptII/ptolemy/actor/lib/test/auto/SleepMultipleFire.xml
----------------- Instantiating /home/travis/build/icyphy/ptII/ptolemy/actor/lib/test/auto/SleepMultipleFire.xml
1004 ms. Memory: 620544K Free: 349671K (56%)
----------------- Invoking toplevel() on ptolemy.moml.MoMLSimpleApplication@7b9471fe
----------------- Done invoking toplevel() on ptolemy.moml.MoMLSimpleApplication@7b9471fe
reloadAllAccessors: .SleepMultipleFire

===========================================================================================
----------------- testing Sat Dec 28 06:29:29 UTC 2019 /home/travis/build/icyphy/ptII/ptolemy/actor/lib/test/auto/StopDE.xml
----------------- Instantiating /home/travis/build/icyphy/ptII/ptolemy/actor/lib/test/auto/StopDE.xml
2 ms. Memory: 620544K Free: 344041K (55%)
----------------- Invoking toplevel() on ptolemy.moml.MoMLSimpleApplication@76c869e7
----------------- Done invoking toplevel() on ptolemy.moml.MoMLSimpleApplication@76c869e7
reloadAllAccessors: .StopDE

===========================================================================================
----------------- testing Sat Dec 28 06:29:29 UTC 2019 /home/travis/build/icyphy/ptII/ptolemy/actor/lib/test/auto/StopSDF.xml
----------------- Instantiating /home/travis/build/icyphy/ptII/ptolemy/actor/lib/test/auto/StopSDF.xml
3 ms. Memory: 620544K Free: 338921K (55%)
----------------- Invoking toplevel() on ptolemy.moml.MoMLSimpleApplication@47d2ed2c
----------------- Done invoking toplevel() on ptolemy.moml.MoMLSimpleApplication@47d2ed2c
reloadAllAccessors: .StopSDF

===========================================================================================
----------------- testing Sat Dec 28 06:29:29 UTC 2019 /home/travis/build/icyphy/ptII/ptolemy/actor/lib/test/auto/StringConstant.xml
----------------- Instantiating /home/travis/build/icyphy/ptII/ptolemy/actor/lib/test/auto/StringConstant.xml
9 ms. Memory: 620544K Free: 334825K (54%)
----------------- Invoking toplevel() on ptolemy.moml.MoMLSimpleApplication@7457176b
----------------- Done invoking toplevel() on ptolemy.moml.MoMLSimpleApplication@7457176b
reloadAllAccessors: .StringConstant

===========================================================================================
----------------- testing Sat Dec 28 06:29:29 UTC 2019 /home/travis/build/icyphy/ptII/ptolemy/actor/lib/test/auto/SubscriberPortInitialValues1.xml
----------------- Instantiating /home/travis/build/icyphy/ptII/ptolemy/actor/lib/test/auto/SubscriberPortInitialValues1.xml
6 ms. Memory: 620544K Free: 325609K (52%)
----------------- Invoking toplevel() on ptolemy.moml.MoMLSimpleApplication@4585f9e4
----------------- Done invoking toplevel() on ptolemy.moml.MoMLSimpleApplication@4585f9e4
reloadAllAccessors: .SubscriberPortInitialValues1

===========================================================================================
----------------- testing Sat Dec 28 06:29:29 UTC 2019 /home/travis/build/icyphy/ptII/ptolemy/actor/lib/test/auto/SubscriberPortInitialValues13.xml
----------------- Instantiating /home/travis/build/icyphy/ptII/ptolemy/actor/lib/test/auto/SubscriberPortInitialValues13.xml
6 ms. Memory: 620544K Free: 312807K (50%)
----------------- Invoking toplevel() on ptolemy.moml.MoMLSimpleApplication@f7431b2
----------------- Done invoking toplevel() on ptolemy.moml.MoMLSimpleApplication@f7431b2
reloadAllAccessors: .SubscriberPortInitialValues13

===========================================================================================
----------------- testing Sat Dec 28 06:29:29 UTC 2019 /home/travis/build/icyphy/ptII/ptolemy/actor/lib/test/auto/SubscriberPortInitialValues14.xml
----------------- Instantiating /home/travis/build/icyphy/ptII/ptolemy/actor/lib/test/auto/SubscriberPortInitialValues14.xml
3 ms. Memory: 620544K Free: 305129K (49%)
----------------- Invoking toplevel() on ptolemy.moml.MoMLSimpleApplication@4a59f14
----------------- Done invoking toplevel() on ptolemy.moml.MoMLSimpleApplication@4a59f14
reloadAllAccessors: .SubscriberPortInitialValues14

===========================================================================================
----------------- testing Sat Dec 28 06:29:29 UTC 2019 /home/travis/build/icyphy/ptII/ptolemy/actor/lib/test/auto/SubscriberPortInitialValues2.xml
----------------- Instantiating /home/travis/build/icyphy/ptII/ptolemy/actor/lib/test/auto/SubscriberPortInitialValues2.xml
3 ms. Memory: 620544K Free: 295913K (48%)
----------------- Invoking toplevel() on ptolemy.moml.MoMLSimpleApplication@11607385
----------------- Done invoking toplevel() on ptolemy.moml.MoMLSimpleApplication@11607385
reloadAllAccessors: .SubscriberPortInitialValues2

===========================================================================================
----------------- testing Sat Dec 28 06:29:30 UTC 2019 /home/travis/build/icyphy/ptII/ptolemy/actor/lib/test/auto/SubscriberPortInitialValues3.xml
----------------- Instantiating /home/travis/build/icyphy/ptII/ptolemy/actor/lib/test/auto/SubscriberPortInitialValues3.xml
5 ms. Memory: 620544K Free: 285159K (46%)
----------------- Invoking toplevel() on ptolemy.moml.MoMLSimpleApplication@be0d07
----------------- Done invoking toplevel() on ptolemy.moml.MoMLSimpleApplication@be0d07
reloadAllAccessors: .SubscriberPortInitialValues3

===========================================================================================
----------------- testing Sat Dec 28 06:29:30 UTC 2019 /home/travis/build/icyphy/ptII/ptolemy/actor/lib/test/auto/SubscriptionAggregator.xml
----------------- Instantiating /home/travis/build/icyphy/ptII/ptolemy/actor/lib/test/auto/SubscriptionAggregator.xml
2 ms. Memory: 620544K Free: 278505K (45%)
----------------- Invoking toplevel() on ptolemy.moml.MoMLSimpleApplication@7a6a823f
----------------- Done invoking toplevel() on ptolemy.moml.MoMLSimpleApplication@7a6a823f
reloadAllAccessors: .SubscriptionAggregator

===========================================================================================
----------------- testing Sat Dec 28 06:29:30 UTC 2019 /home/travis/build/icyphy/ptII/ptolemy/actor/lib/test/auto/SubscriptionAggregator2.xml
----------------- Instantiating /home/travis/build/icyphy/ptII/ptolemy/actor/lib/test/auto/SubscriptionAggregator2.xml
2 ms. Memory: 620544K Free: 271841K (44%)
----------------- Invoking toplevel() on ptolemy.moml.MoMLSimpleApplication@30ce4939
----------------- Done invoking toplevel() on ptolemy.moml.MoMLSimpleApplication@30ce4939
reloadAllAccessors: .SubscriptionAggregator2

===========================================================================================
----------------- testing Sat Dec 28 06:29:30 UTC 2019 /home/travis/build/icyphy/ptII/ptolemy/actor/lib/test/auto/SubscriptionAggregator3.xml
----------------- Instantiating /home/travis/build/icyphy/ptII/ptolemy/actor/lib/test/auto/SubscriptionAggregator3.xml
3 ms. Memory: 620544K Free: 262625K (42%)
----------------- Invoking toplevel() on ptolemy.moml.MoMLSimpleApplication@75c11a84
----------------- Done invoking toplevel() on ptolemy.moml.MoMLSimpleApplication@75c11a84
reloadAllAccessors: .SubscriptionAggregator3

===========================================================================================
----------------- testing Sat Dec 28 06:29:30 UTC 2019 /home/travis/build/icyphy/ptII/ptolemy/actor/lib/test/auto/SubscriptionAggregatorMultiply.xml
----------------- Instantiating /home/travis/build/icyphy/ptII/ptolemy/actor/lib/test/auto/SubscriptionAggregatorMultiply.xml
11 ms. Memory: 620544K Free: 254433K (41%)
----------------- Invoking toplevel() on ptolemy.moml.MoMLSimpleApplication@22e6decd
----------------- Done invoking toplevel() on ptolemy.moml.MoMLSimpleApplication@22e6decd
reloadAllAccessors: .SubscriptionAggregatorMultiply

===========================================================================================
----------------- testing Sat Dec 28 06:29:30 UTC 2019 /home/travis/build/icyphy/ptII/ptolemy/actor/lib/test/auto/SubscriptionAggregatorPortMultiply1.xml
----------------- Instantiating /home/travis/build/icyphy/ptII/ptolemy/actor/lib/test/auto/SubscriptionAggregatorPortMultiply1.xml
3 ms. Memory: 620544K Free: 246761K (40%)
----------------- Invoking toplevel() on ptolemy.moml.MoMLSimpleApplication@17e71d3b
----------------- Done invoking toplevel() on ptolemy.moml.MoMLSimpleApplication@17e71d3b
reloadAllAccessors: .SubscriptionAggregatorPortMultiply1

===========================================================================================
----------------- testing Sat Dec 28 06:29:30 UTC 2019 /home/travis/build/icyphy/ptII/ptolemy/actor/lib/test/auto/Switch.xml
----------------- Instantiating /home/travis/build/icyphy/ptII/ptolemy/actor/lib/test/auto/Switch.xml
7 ms. Memory: 620544K Free: 238055K (38%)
----------------- Invoking toplevel() on ptolemy.moml.MoMLSimpleApplication@2a4d7fff
----------------- Done invoking toplevel() on ptolemy.moml.MoMLSimpleApplication@2a4d7fff
reloadAllAccessors: .Switch

===========================================================================================
----------------- testing Sat Dec 28 06:29:30 UTC 2019 /home/travis/build/icyphy/ptII/ptolemy/actor/lib/test/auto/Switch2.xml
----------------- Instantiating /home/travis/build/icyphy/ptII/ptolemy/actor/lib/test/auto/Switch2.xml
1 ms. Memory: 620544K Free: 233449K (38%)
----------------- Invoking toplevel() on ptolemy.moml.MoMLSimpleApplication@cbb4d93
----------------- Done invoking toplevel() on ptolemy.moml.MoMLSimpleApplication@cbb4d93
reloadAllAccessors: .Switch2

===========================================================================================
----------------- testing Sat Dec 28 06:29:30 UTC 2019 /home/travis/build/icyphy/ptII/ptolemy/actor/lib/test/auto/SwitchDE.xml
----------------- Instantiating /home/travis/build/icyphy/ptII/ptolemy/actor/lib/test/auto/SwitchDE.xml
3 ms. Memory: 620544K Free: 227305K (37%)
----------------- Invoking toplevel() on ptolemy.moml.MoMLSimpleApplication@73575840
----------------- Done invoking toplevel() on ptolemy.moml.MoMLSimpleApplication@73575840
reloadAllAccessors: .SwitchDE

===========================================================================================
----------------- testing Sat Dec 28 06:29:30 UTC 2019 /home/travis/build/icyphy/ptII/ptolemy/actor/lib/test/auto/SynchronizerDE.xml
----------------- Instantiating /home/travis/build/icyphy/ptII/ptolemy/actor/lib/test/auto/SynchronizerDE.xml
7 ms. Memory: 620544K Free: 219113K (35%)
----------------- Invoking toplevel() on ptolemy.moml.MoMLSimpleApplication@1da71cd4
----------------- Done invoking toplevel() on ptolemy.moml.MoMLSimpleApplication@1da71cd4
reloadAllAccessors: .SynchronizerDE

===========================================================================================
----------------- testing Sat Dec 28 06:29:30 UTC 2019 /home/travis/build/icyphy/ptII/ptolemy/actor/lib/test/auto/Test.xml
----------------- Instantiating /home/travis/build/icyphy/ptII/ptolemy/actor/lib/test/auto/Test.xml
9 ms. Memory: 620544K Free: 213465K (34%)
----------------- Invoking toplevel() on ptolemy.moml.MoMLSimpleApplication@6141397b
----------------- Done invoking toplevel() on ptolemy.moml.MoMLSimpleApplication@6141397b
reloadAllAccessors: .Test

===========================================================================================
----------------- testing Sat Dec 28 06:29:30 UTC 2019 /home/travis/build/icyphy/ptII/ptolemy/actor/lib/test/auto/TestExceptionAttribute1.xml
----------------- Instantiating /home/travis/build/icyphy/ptII/ptolemy/actor/lib/test/auto/TestExceptionAttribute1.xml
1 ms. Memory: 620544K Free: 209897K (34%)
----------------- Invoking toplevel() on ptolemy.moml.MoMLSimpleApplication@7dcb7f96
----------------- Done invoking toplevel() on ptolemy.moml.MoMLSimpleApplication@7dcb7f96
reloadAllAccessors: .TestExceptionAttribute1

===========================================================================================
----------------- testing Sat Dec 28 06:29:30 UTC 2019 /home/travis/build/icyphy/ptII/ptolemy/actor/lib/test/auto/TestExceptionAttribute2.xml
----------------- Instantiating /home/travis/build/icyphy/ptII/ptolemy/actor/lib/test/auto/TestExceptionAttribute2.xml
1 ms. Memory: 620544K Free: 206311K (33%)
----------------- Invoking toplevel() on ptolemy.moml.MoMLSimpleApplication@7688bdc3
----------------- Done invoking toplevel() on ptolemy.moml.MoMLSimpleApplication@7688bdc3
reloadAllAccessors: .TestExceptionAttribute2

===========================================================================================
----------------- testing Sat Dec 28 06:29:30 UTC 2019 /home/travis/build/icyphy/ptII/ptolemy/actor/lib/test/auto/TestExceptionAttribute3.xml
----------------- Instantiating /home/travis/build/icyphy/ptII/ptolemy/actor/lib/test/auto/TestExceptionAttribute3.xml
.TestExceptionAttribute3.TestExceptionAttribute: initialize() was not invoked, but wrapup() was.  This is unusual, but not always a problem.  For example, exporting JNLP will do this.
1 ms. Memory: 620544K Free: 566247K (91%)
----------------- Invoking toplevel() on ptolemy.moml.MoMLSimpleApplication@61484979
----------------- Done invoking toplevel() on ptolemy.moml.MoMLSimpleApplication@61484979
reloadAllAccessors: .TestExceptionAttribute3

===========================================================================================
----------------- testing Sat Dec 28 06:29:30 UTC 2019 /home/travis/build/icyphy/ptII/ptolemy/actor/lib/test/auto/TestExceptionAttribute4.xml
----------------- Instantiating /home/travis/build/icyphy/ptII/ptolemy/actor/lib/test/auto/TestExceptionAttribute4.xml
.TestExceptionAttribute4.TestExceptionAttribute: initialize() was not invoked, but wrapup() was.  This is unusual, but not always a problem.  For example, exporting JNLP will do this.
.TestExceptionAttribute4.TestExceptionAttribute2: initialize() was not invoked, but wrapup() was.  This is unusual, but not always a problem.  For example, exporting JNLP will do this.
1 ms. Memory: 620544K Free: 562151K (91%)
----------------- Invoking toplevel() on ptolemy.moml.MoMLSimpleApplication@219c4b86
----------------- Done invoking toplevel() on ptolemy.moml.MoMLSimpleApplication@219c4b86
reloadAllAccessors: .TestExceptionAttribute4

===========================================================================================
----------------- testing Sat Dec 28 06:29:30 UTC 2019 /home/travis/build/icyphy/ptII/ptolemy/actor/lib/test/auto/TestExceptionHandler1.xml
----------------- Instantiating /home/travis/build/icyphy/ptII/ptolemy/actor/lib/test/auto/TestExceptionHandler1.xml
1 ms. Memory: 620544K Free: 558569K (90%)
----------------- Invoking toplevel() on ptolemy.moml.MoMLSimpleApplication@4600c714
----------------- Done invoking toplevel() on ptolemy.moml.MoMLSimpleApplication@4600c714
reloadAllAccessors: .TestExceptionHandler1

===========================================================================================
----------------- testing Sat Dec 28 06:29:30 UTC 2019 /home/travis/build/icyphy/ptII/ptolemy/actor/lib/test/auto/TestExceptionHandler2.xml
----------------- Instantiating /home/travis/build/icyphy/ptII/ptolemy/actor/lib/test/auto/TestExceptionHandler2.xml
2 ms. Memory: 620544K Free: 554473K (89%)
----------------- Invoking toplevel() on ptolemy.moml.MoMLSimpleApplication@317bd419
----------------- Done invoking toplevel() on ptolemy.moml.MoMLSimpleApplication@317bd419
reloadAllAccessors: .TestExceptionHandler2

===========================================================================================
----------------- testing Sat Dec 28 06:29:30 UTC 2019 /home/travis/build/icyphy/ptII/ptolemy/actor/lib/test/auto/TestExceptionHandler3.xml
----------------- Instantiating /home/travis/build/icyphy/ptII/ptolemy/actor/lib/test/auto/TestExceptionHandler3.xml
1 ms. Memory: 620544K Free: 550887K (89%)
----------------- Invoking toplevel() on ptolemy.moml.MoMLSimpleApplication@76e9ccc
----------------- Done invoking toplevel() on ptolemy.moml.MoMLSimpleApplication@76e9ccc
reloadAllAccessors: .TestExceptionHandler3

===========================================================================================
----------------- testing Sat Dec 28 06:29:30 UTC 2019 /home/travis/build/icyphy/ptII/ptolemy/actor/lib/test/auto/TestExceptionHandler4.xml
----------------- Instantiating /home/travis/build/icyphy/ptII/ptolemy/actor/lib/test/auto/TestExceptionHandler4.xml
1 ms. Memory: 620544K Free: 546791K (88%)
----------------- Invoking toplevel() on ptolemy.moml.MoMLSimpleApplication@a957437
----------------- Done invoking toplevel() on ptolemy.moml.MoMLSimpleApplication@a957437
reloadAllAccessors: .TestExceptionHandler4

===========================================================================================
----------------- testing Sat Dec 28 06:29:30 UTC 2019 /home/travis/build/icyphy/ptII/ptolemy/actor/lib/test/auto/TestRequireCorrectOrder.xml
----------------- Instantiating /home/travis/build/icyphy/ptII/ptolemy/actor/lib/test/auto/TestRequireCorrectOrder.xml
2 ms. Memory: 620544K Free: 541161K (87%)
----------------- Invoking toplevel() on ptolemy.moml.MoMLSimpleApplication@46a7e94
----------------- Done invoking toplevel() on ptolemy.moml.MoMLSimpleApplication@46a7e94
reloadAllAccessors: .TestRequireCorrectOrder

===========================================================================================
----------------- testing Sat Dec 28 06:29:30 UTC 2019 /home/travis/build/icyphy/ptII/ptolemy/actor/lib/test/auto/TestSimple.xml
----------------- Instantiating /home/travis/build/icyphy/ptII/ptolemy/actor/lib/test/auto/TestSimple.xml
4 ms. Memory: 620544K Free: 536545K (86%)
----------------- Invoking toplevel() on ptolemy.moml.MoMLSimpleApplication@75dea6a2
----------------- Done invoking toplevel() on ptolemy.moml.MoMLSimpleApplication@75dea6a2
reloadAllAccessors: .TestSimple

===========================================================================================
----------------- testing Sat Dec 28 06:29:30 UTC 2019 /home/travis/build/icyphy/ptII/ptolemy/actor/lib/test/auto/ThrowModelError.xml
----------------- Instantiating /home/travis/build/icyphy/ptII/ptolemy/actor/lib/test/auto/ThrowModelError.xml
1 ms. Memory: 620544K Free: 531945K (86%)
----------------- Invoking toplevel() on ptolemy.moml.MoMLSimpleApplication@b2f87e5
----------------- Done invoking toplevel() on ptolemy.moml.MoMLSimpleApplication@b2f87e5
reloadAllAccessors: .ThrowModelError

===========================================================================================
----------------- testing Sat Dec 28 06:29:30 UTC 2019 /home/travis/build/icyphy/ptII/ptolemy/actor/lib/test/auto/TimeDelayMicrosteps.xml
----------------- Instantiating /home/travis/build/icyphy/ptII/ptolemy/actor/lib/test/auto/TimeDelayMicrosteps.xml
2 ms. Memory: 620544K Free: 524777K (85%)
----------------- Invoking toplevel() on ptolemy.moml.MoMLSimpleApplication@cf094c9
----------------- Done invoking toplevel() on ptolemy.moml.MoMLSimpleApplication@cf094c9
reloadAllAccessors: .TimeDelayMicrosteps

===========================================================================================
----------------- testing Sat Dec 28 06:29:30 UTC 2019 /home/travis/build/icyphy/ptII/ptolemy/actor/lib/test/auto/TimeDelayMicrosteps2.xml
----------------- Instantiating /home/travis/build/icyphy/ptII/ptolemy/actor/lib/test/auto/TimeDelayMicrosteps2.xml
2 ms. Memory: 620544K Free: 517609K (83%)
----------------- Invoking toplevel() on ptolemy.moml.MoMLSimpleApplication@39a0e959
----------------- Done invoking toplevel() on ptolemy.moml.MoMLSimpleApplication@39a0e959
reloadAllAccessors: .TimeDelayMicrosteps2

===========================================================================================
----------------- testing Sat Dec 28 06:29:30 UTC 2019 /home/travis/build/icyphy/ptII/ptolemy/actor/lib/test/auto/TimeDelayMicrosteps3.xml
----------------- Instantiating /home/travis/build/icyphy/ptII/ptolemy/actor/lib/test/auto/TimeDelayMicrosteps3.xml
3 ms. Memory: 620544K Free: 510921K (82%)
----------------- Invoking toplevel() on ptolemy.moml.MoMLSimpleApplication@1d16bc8d
----------------- Done invoking toplevel() on ptolemy.moml.MoMLSimpleApplication@1d16bc8d
reloadAllAccessors: .TimeDelayMicrosteps3

===========================================================================================
----------------- testing Sat Dec 28 06:29:30 UTC 2019 /home/travis/build/icyphy/ptII/ptolemy/actor/lib/test/auto/TimeDelayVariableMicrosteps.xml
----------------- Instantiating /home/travis/build/icyphy/ptII/ptolemy/actor/lib/test/auto/TimeDelayVariableMicrosteps.xml
3 ms. Memory: 620544K Free: 503783K (81%)
----------------- Invoking toplevel() on ptolemy.moml.MoMLSimpleApplication@37741f43
----------------- Done invoking toplevel() on ptolemy.moml.MoMLSimpleApplication@37741f43
reloadAllAccessors: .TimeDelayVariableMicrosteps

===========================================================================================
----------------- testing Sat Dec 28 06:29:30 UTC 2019 /home/travis/build/icyphy/ptII/ptolemy/actor/lib/test/auto/TimeGap.xml
----------------- Instantiating /home/travis/build/icyphy/ptII/ptolemy/actor/lib/test/auto/TimeGap.xml
3 ms. Memory: 620544K Free: 498633K (80%)
----------------- Invoking toplevel() on ptolemy.moml.MoMLSimpleApplication@2ce2b2ae
----------------- Done invoking toplevel() on ptolemy.moml.MoMLSimpleApplication@2ce2b2ae
reloadAllAccessors: .TimeGap

===========================================================================================
----------------- testing Sat Dec 28 06:29:30 UTC 2019 /home/travis/build/icyphy/ptII/ptolemy/actor/lib/test/auto/TimeGap2.xml
----------------- Instantiating /home/travis/build/icyphy/ptII/ptolemy/actor/lib/test/auto/TimeGap2.xml
2 ms. Memory: 620544K Free: 493033K (79%)
----------------- Invoking toplevel() on ptolemy.moml.MoMLSimpleApplication@58cc3c82
----------------- Done invoking toplevel() on ptolemy.moml.MoMLSimpleApplication@58cc3c82
reloadAllAccessors: .TimeGap2

===========================================================================================
----------------- testing Sat Dec 28 06:29:30 UTC 2019 /home/travis/build/icyphy/ptII/ptolemy/actor/lib/test/auto/TimedSinewave.xml
----------------- Instantiating /home/travis/build/icyphy/ptII/ptolemy/actor/lib/test/auto/TimedSinewave.xml
19 ms. Memory: 620544K Free: 478183K (77%)
----------------- Invoking toplevel() on ptolemy.moml.MoMLSimpleApplication@34976cb2
----------------- Done invoking toplevel() on ptolemy.moml.MoMLSimpleApplication@34976cb2
reloadAllAccessors: .TimedSinewave

===========================================================================================
----------------- testing Sat Dec 28 06:29:30 UTC 2019 /home/travis/build/icyphy/ptII/ptolemy/actor/lib/test/auto/TimedSinewavePhase.xml
----------------- Instantiating /home/travis/build/icyphy/ptII/ptolemy/actor/lib/test/auto/TimedSinewavePhase.xml
8 ms. Memory: 620544K Free: 468457K (75%)
----------------- Invoking toplevel() on ptolemy.moml.MoMLSimpleApplication@147410b9
----------------- Done invoking toplevel() on ptolemy.moml.MoMLSimpleApplication@147410b9
reloadAllAccessors: .TimedSinewavePhase

===========================================================================================
----------------- testing Sat Dec 28 06:29:30 UTC 2019 /home/travis/build/icyphy/ptII/ptolemy/actor/lib/test/auto/Timer.xml
----------------- Instantiating /home/travis/build/icyphy/ptII/ptolemy/actor/lib/test/auto/Timer.xml
2 ms. Memory: 620544K Free: 462817K (75%)
----------------- Invoking toplevel() on ptolemy.moml.MoMLSimpleApplication@7d7a11f1
----------------- Done invoking toplevel() on ptolemy.moml.MoMLSimpleApplication@7d7a11f1
reloadAllAccessors: .Timer

===========================================================================================
----------------- testing Sat Dec 28 06:29:30 UTC 2019 /home/travis/build/icyphy/ptII/ptolemy/actor/lib/test/auto/TriangularDistTestModel.xml
----------------- Instantiating /home/travis/build/icyphy/ptII/ptolemy/actor/lib/test/auto/TriangularDistTestModel.xml
2 ms. Memory: 620544K Free: 456665K (74%)
----------------- Invoking toplevel() on ptolemy.moml.MoMLSimpleApplication@38fd674b
----------------- Done invoking toplevel() on ptolemy.moml.MoMLSimpleApplication@38fd674b
reloadAllAccessors: .TriangularDistTestModel

===========================================================================================
----------------- testing Sat Dec 28 06:29:30 UTC 2019 /home/travis/build/icyphy/ptII/ptolemy/actor/lib/test/auto/TrigFunction.xml
----------------- Instantiating /home/travis/build/icyphy/ptII/ptolemy/actor/lib/test/auto/TrigFunction.xml
1 ms. Memory: 620544K Free: 452073K (73%)
----------------- Invoking toplevel() on ptolemy.moml.MoMLSimpleApplication@4508266d
----------------- Done invoking toplevel() on ptolemy.moml.MoMLSimpleApplication@4508266d
reloadAllAccessors: .TrigFunction

===========================================================================================
----------------- testing Sat Dec 28 06:29:30 UTC 2019 /home/travis/build/icyphy/ptII/ptolemy/actor/lib/test/auto/TrigFunctionDE.xml
----------------- Instantiating /home/travis/build/icyphy/ptII/ptolemy/actor/lib/test/auto/TrigFunctionDE.xml
1 ms. Memory: 620544K Free: 445929K (72%)
----------------- Invoking toplevel() on ptolemy.moml.MoMLSimpleApplication@4edd149b
----------------- Done invoking toplevel() on ptolemy.moml.MoMLSimpleApplication@4edd149b
reloadAllAccessors: .TrigFunctionDE

===========================================================================================
----------------- testing Sat Dec 28 06:29:30 UTC 2019 /home/travis/build/icyphy/ptII/ptolemy/actor/lib/test/auto/TrigFunctionInverse.xml
----------------- Instantiating /home/travis/build/icyphy/ptII/ptolemy/actor/lib/test/auto/TrigFunctionInverse.xml
2 ms. Memory: 620544K Free: 440809K (71%)
----------------- Invoking toplevel() on ptolemy.moml.MoMLSimpleApplication@6ef9ad2f
----------------- Done invoking toplevel() on ptolemy.moml.MoMLSimpleApplication@6ef9ad2f
reloadAllAccessors: .TrigFunctionInverse

===========================================================================================
----------------- testing Sat Dec 28 06:29:30 UTC 2019 /home/travis/build/icyphy/ptII/ptolemy/actor/lib/test/auto/TrigFunctionTan.xml
----------------- Instantiating /home/travis/build/icyphy/ptII/ptolemy/actor/lib/test/auto/TrigFunctionTan.xml
2 ms. Memory: 620544K Free: 436199K (70%)
----------------- Invoking toplevel() on ptolemy.moml.MoMLSimpleApplication@13143220
----------------- Done invoking toplevel() on ptolemy.moml.MoMLSimpleApplication@13143220
reloadAllAccessors: .TrigFunctionTan

===========================================================================================
----------------- testing Sat Dec 28 06:29:30 UTC 2019 /home/travis/build/icyphy/ptII/ptolemy/actor/lib/test/auto/TriggeredClock.xml
----------------- Instantiating /home/travis/build/icyphy/ptII/ptolemy/actor/lib/test/auto/TriggeredClock.xml
2 ms. Memory: 620544K Free: 430569K (69%)
----------------- Invoking toplevel() on ptolemy.moml.MoMLSimpleApplication@32d59d97
----------------- Done invoking toplevel() on ptolemy.moml.MoMLSimpleApplication@32d59d97
reloadAllAccessors: .TriggeredClock

===========================================================================================
----------------- testing Sat Dec 28 06:29:30 UTC 2019 /home/travis/build/icyphy/ptII/ptolemy/actor/lib/test/auto/URLDirectoryReader.xml
----------------- Instantiating /home/travis/build/icyphy/ptII/ptolemy/actor/lib/test/auto/URLDirectoryReader.xml
38 ms. Memory: 620544K Free: 421863K (68%)
----------------- Invoking toplevel() on ptolemy.moml.MoMLSimpleApplication@7d910673
----------------- Done invoking toplevel() on ptolemy.moml.MoMLSimpleApplication@7d910673
reloadAllAccessors: .URLDirectoryReader

===========================================================================================
----------------- testing Sat Dec 28 06:29:30 UTC 2019 /home/travis/build/icyphy/ptII/ptolemy/actor/lib/test/auto/URLDirectoryReader3.xml
----------------- Instantiating /home/travis/build/icyphy/ptII/ptolemy/actor/lib/test/auto/URLDirectoryReader3.xml
1649 ms. Memory: 620544K Free: 560129K (90%)
----------------- Invoking toplevel() on ptolemy.moml.MoMLSimpleApplication@6b7d265a
----------------- Done invoking toplevel() on ptolemy.moml.MoMLSimpleApplication@6b7d265a
reloadAllAccessors: .URLDirectoryReader3

===========================================================================================
----------------- testing Sat Dec 28 06:29:32 UTC 2019 /home/travis/build/icyphy/ptII/ptolemy/actor/lib/test/auto/UnaryMathFunction.xml
----------------- Instantiating /home/travis/build/icyphy/ptII/ptolemy/actor/lib/test/auto/UnaryMathFunction.xml
3 ms. Memory: 620544K Free: 551911K (89%)
----------------- Invoking toplevel() on ptolemy.moml.MoMLSimpleApplication@190655
----------------- Done invoking toplevel() on ptolemy.moml.MoMLSimpleApplication@190655
reloadAllAccessors: .UnaryMathFunction

===========================================================================================
----------------- testing Sat Dec 28 06:29:32 UTC 2019 /home/travis/build/icyphy/ptII/ptolemy/actor/lib/test/auto/Uniform.xml
----------------- Instantiating /home/travis/build/icyphy/ptII/ptolemy/actor/lib/test/auto/Uniform.xml
2 ms. Memory: 620544K Free: 547305K (88%)
----------------- Invoking toplevel() on ptolemy.moml.MoMLSimpleApplication@3b6ea89c
----------------- Done invoking toplevel() on ptolemy.moml.MoMLSimpleApplication@3b6ea89c
reloadAllAccessors: .Uniform

===========================================================================================
----------------- testing Sat Dec 28 06:29:32 UTC 2019 /home/travis/build/icyphy/ptII/ptolemy/actor/lib/test/auto/UnionDisassemblerTest.xml
----------------- Instantiating /home/travis/build/icyphy/ptII/ptolemy/actor/lib/test/auto/UnionDisassemblerTest.xml
21 ms. Memory: 620544K Free: 543209K (88%)
----------------- Invoking toplevel() on ptolemy.moml.MoMLSimpleApplication@6d2c3d70
----------------- Done invoking toplevel() on ptolemy.moml.MoMLSimpleApplication@6d2c3d70
reloadAllAccessors: .UnionDisassemblerTest

===========================================================================================
----------------- testing Sat Dec 28 06:29:32 UTC 2019 /home/travis/build/icyphy/ptII/ptolemy/actor/lib/test/auto/UtilityFunctions.xml
----------------- Instantiating /home/travis/build/icyphy/ptII/ptolemy/actor/lib/test/auto/UtilityFunctions.xml
1 ms. Memory: 620544K Free: 539113K (87%)
----------------- Invoking toplevel() on ptolemy.moml.MoMLSimpleApplication@20e634cc
----------------- Done invoking toplevel() on ptolemy.moml.MoMLSimpleApplication@20e634cc
reloadAllAccessors: .UtilityFunctions

===========================================================================================
----------------- testing Sat Dec 28 06:29:32 UTC 2019 /home/travis/build/icyphy/ptII/ptolemy/actor/lib/test/auto/VariableSleep.xml
----------------- Instantiating /home/travis/build/icyphy/ptII/ptolemy/actor/lib/test/auto/VariableSleep.xml
502 ms. Memory: 620544K Free: 533993K (86%)
----------------- Invoking toplevel() on ptolemy.moml.MoMLSimpleApplication@42e1a37e
----------------- Done invoking toplevel() on ptolemy.moml.MoMLSimpleApplication@42e1a37e
reloadAllAccessors: .VariableSleep

===========================================================================================
----------------- testing Sat Dec 28 06:29:33 UTC 2019 /home/travis/build/icyphy/ptII/ptolemy/actor/lib/test/auto/VectorAssemblerDisassemblerCT.xml
----------------- Instantiating /home/travis/build/icyphy/ptII/ptolemy/actor/lib/test/auto/VectorAssemblerDisassemblerCT.xml
67 ms. Memory: 620544K Free: 513513K (83%)
----------------- Invoking toplevel() on ptolemy.moml.MoMLSimpleApplication@7037f25a
----------------- Done invoking toplevel() on ptolemy.moml.MoMLSimpleApplication@7037f25a
reloadAllAccessors: .VectorAssemblerDisassemblerCT

===========================================================================================
----------------- testing Sat Dec 28 06:29:33 UTC 2019 /home/travis/build/icyphy/ptII/ptolemy/actor/lib/test/auto/VectorAssemblerDisassemblerDE.xml
----------------- Instantiating /home/travis/build/icyphy/ptII/ptolemy/actor/lib/test/auto/VectorAssemblerDisassemblerDE.xml
2 ms. Memory: 620544K Free: 506345K (82%)
----------------- Invoking toplevel() on ptolemy.moml.MoMLSimpleApplication@11eb3def
----------------- Done invoking toplevel() on ptolemy.moml.MoMLSimpleApplication@11eb3def
reloadAllAccessors: .VectorAssemblerDisassemblerDE

===========================================================================================
----------------- testing Sat Dec 28 06:29:33 UTC 2019 /home/travis/build/icyphy/ptII/ptolemy/actor/lib/test/auto/VectorAssemblerDisassemblerSDF.xml
----------------- Instantiating /home/travis/build/icyphy/ptII/ptolemy/actor/lib/test/auto/VectorAssemblerDisassemblerSDF.xml
4 ms. Memory: 620544K Free: 500201K (81%)
----------------- Invoking toplevel() on ptolemy.moml.MoMLSimpleApplication@6f66c6c7
----------------- Done invoking toplevel() on ptolemy.moml.MoMLSimpleApplication@6f66c6c7
reloadAllAccessors: .VectorAssemblerDisassemblerSDF

===========================================================================================
----------------- testing Sat Dec 28 06:29:33 UTC 2019 /home/travis/build/icyphy/ptII/ptolemy/actor/lib/test/auto/WallClockTime.xml
----------------- Instantiating /home/travis/build/icyphy/ptII/ptolemy/actor/lib/test/auto/WallClockTime.xml
1003 ms. Memory: 620544K Free: 494057K (80%)
----------------- Invoking toplevel() on ptolemy.moml.MoMLSimpleApplication@29299e0b
----------------- Done invoking toplevel() on ptolemy.moml.MoMLSimpleApplication@29299e0b
reloadAllAccessors: .WallClockTime

===========================================================================================
----------------- testing Sat Dec 28 06:29:34 UTC 2019 /home/travis/build/icyphy/ptII/ptolemy/actor/lib/test/auto/WidthTestWithSubscriberPublisher.xml
----------------- Instantiating /home/travis/build/icyphy/ptII/ptolemy/actor/lib/test/auto/WidthTestWithSubscriberPublisher.xml
7 ms. Memory: 620544K Free: 476135K (77%)
----------------- Invoking toplevel() on ptolemy.moml.MoMLSimpleApplication@1e763c95
----------------- Done invoking toplevel() on ptolemy.moml.MoMLSimpleApplication@1e763c95
reloadAllAccessors: .WidthTestWithSubscriberPublisher

===========================================================================================
----------------- testing Sat Dec 28 06:29:34 UTC 2019 /home/travis/build/icyphy/ptII/ptolemy/actor/lib/test/auto/WidthTestWithSubscriberPublisher2.xml
----------------- Instantiating /home/travis/build/icyphy/ptII/ptolemy/actor/lib/test/auto/WidthTestWithSubscriberPublisher2.xml
2 ms. Memory: 620544K Free: 469991K (76%)
----------------- Invoking toplevel() on ptolemy.moml.MoMLSimpleApplication@ad6e12e
----------------- Done invoking toplevel() on ptolemy.moml.MoMLSimpleApplication@ad6e12e
reloadAllAccessors: .WidthTestWithSubscriberPublisher2

===========================================================================================
----------------- testing Sat Dec 28 06:29:34 UTC 2019 /home/travis/build/icyphy/ptII/ptolemy/actor/lib/test/auto/WidthTestWithSubscriberPublisher3.xml
----------------- Instantiating /home/travis/build/icyphy/ptII/ptolemy/actor/lib/test/auto/WidthTestWithSubscriberPublisher3.xml
2 ms. Memory: 620544K Free: 463337K (75%)
----------------- Invoking toplevel() on ptolemy.moml.MoMLSimpleApplication@483980f1
----------------- Done invoking toplevel() on ptolemy.moml.MoMLSimpleApplication@483980f1
reloadAllAccessors: .WidthTestWithSubscriberPublisher3

===========================================================================================
----------------- testing Sat Dec 28 06:29:34 UTC 2019 /home/travis/build/icyphy/ptII/ptolemy/actor/lib/test/auto/Writer.xml
----------------- Instantiating /home/travis/build/icyphy/ptII/ptolemy/actor/lib/test/auto/Writer.xml
0
1
2
3
4
2 ms. Memory: 620544K Free: 459241K (74%)
----------------- Invoking toplevel() on ptolemy.moml.MoMLSimpleApplication@1ae3ac8b
----------------- Done invoking toplevel() on ptolemy.moml.MoMLSimpleApplication@1ae3ac8b
reloadAllAccessors: .Writer

===========================================================================================
----------------- testing Sat Dec 28 06:29:34 UTC 2019 /home/travis/build/icyphy/ptII/ptolemy/actor/lib/test/auto/array.xml
----------------- Instantiating /home/travis/build/icyphy/ptII/ptolemy/actor/lib/test/auto/array.xml
11 ms. Memory: 620544K Free: 454631K (73%)
----------------- Invoking toplevel() on ptolemy.moml.MoMLSimpleApplication@4b0a26fd
----------------- Done invoking toplevel() on ptolemy.moml.MoMLSimpleApplication@4b0a26fd
reloadAllAccessors: .array

===========================================================================================
----------------- testing Sat Dec 28 06:29:34 UTC 2019 /home/travis/build/icyphy/ptII/ptolemy/actor/lib/test/auto/array2.xml
----------------- Instantiating /home/travis/build/icyphy/ptII/ptolemy/actor/lib/test/auto/array2.xml
6 ms. Memory: 620544K Free: 449497K (72%)
----------------- Invoking toplevel() on ptolemy.moml.MoMLSimpleApplication@492288f0
----------------- Done invoking toplevel() on ptolemy.moml.MoMLSimpleApplication@492288f0
reloadAllAccessors: .array2

===========================================================================================
----------------- testing Sat Dec 28 06:29:34 UTC 2019 /home/travis/build/icyphy/ptII/ptolemy/actor/lib/test/auto/arrayType.xml
----------------- Instantiating /home/travis/build/icyphy/ptII/ptolemy/actor/lib/test/auto/arrayType.xml
1 ms. Memory: 620544K Free: 444391K (72%)
----------------- Invoking toplevel() on ptolemy.moml.MoMLSimpleApplication@2a08f088
----------------- Done invoking toplevel() on ptolemy.moml.MoMLSimpleApplication@2a08f088
reloadAllAccessors: .arrayType

===========================================================================================
----------------- testing Sat Dec 28 06:29:34 UTC 2019 /home/travis/build/icyphy/ptII/ptolemy/actor/lib/test/auto/arrayType10.xml
----------------- Instantiating /home/travis/build/icyphy/ptII/ptolemy/actor/lib/test/auto/arrayType10.xml
2 ms. Memory: 620544K Free: 439785K (71%)
----------------- Invoking toplevel() on ptolemy.moml.MoMLSimpleApplication@25cf49a4
----------------- Done invoking toplevel() on ptolemy.moml.MoMLSimpleApplication@25cf49a4
reloadAllAccessors: .arrayType10

===========================================================================================
----------------- testing Sat Dec 28 06:29:34 UTC 2019 /home/travis/build/icyphy/ptII/ptolemy/actor/lib/test/auto/arrayType11.xml
----------------- Instantiating /home/travis/build/icyphy/ptII/ptolemy/actor/lib/test/auto/arrayType11.xml
1 ms. Memory: 620544K Free: 434665K (70%)
----------------- Invoking toplevel() on ptolemy.moml.MoMLSimpleApplication@13606aa4
----------------- Done invoking toplevel() on ptolemy.moml.MoMLSimpleApplication@13606aa4
reloadAllAccessors: .arrayType11

===========================================================================================
----------------- testing Sat Dec 28 06:29:34 UTC 2019 /home/travis/build/icyphy/ptII/ptolemy/actor/lib/test/auto/arrayType12.xml
----------------- Instantiating /home/travis/build/icyphy/ptII/ptolemy/actor/lib/test/auto/arrayType12.xml
1 ms. Memory: 620544K Free: 430055K (69%)
----------------- Invoking toplevel() on ptolemy.moml.MoMLSimpleApplication@70119047
----------------- Done invoking toplevel() on ptolemy.moml.MoMLSimpleApplication@70119047
reloadAllAccessors: .arrayType12

===========================================================================================
----------------- testing Sat Dec 28 06:29:34 UTC 2019 /home/travis/build/icyphy/ptII/ptolemy/actor/lib/test/auto/arrayType13.xml
----------------- Instantiating /home/travis/build/icyphy/ptII/ptolemy/actor/lib/test/auto/arrayType13.xml
1 ms. Memory: 620544K Free: 424935K (68%)
----------------- Invoking toplevel() on ptolemy.moml.MoMLSimpleApplication@1cd2da9f
----------------- Done invoking toplevel() on ptolemy.moml.MoMLSimpleApplication@1cd2da9f
reloadAllAccessors: .arrayType13

===========================================================================================
----------------- testing Sat Dec 28 06:29:34 UTC 2019 /home/travis/build/icyphy/ptII/ptolemy/actor/lib/test/auto/arrayType14.xml
----------------- Instantiating /home/travis/build/icyphy/ptII/ptolemy/actor/lib/test/auto/arrayType14.xml
1 ms. Memory: 620544K Free: 419305K (68%)
----------------- Invoking toplevel() on ptolemy.moml.MoMLSimpleApplication@2cb78829
----------------- Done invoking toplevel() on ptolemy.moml.MoMLSimpleApplication@2cb78829
reloadAllAccessors: .arrayType14

===========================================================================================
----------------- testing Sat Dec 28 06:29:34 UTC 2019 /home/travis/build/icyphy/ptII/ptolemy/actor/lib/test/auto/arrayType15.xml
----------------- Instantiating /home/travis/build/icyphy/ptII/ptolemy/actor/lib/test/auto/arrayType15.xml
2 ms. Memory: 620544K Free: 414185K (67%)
----------------- Invoking toplevel() on ptolemy.moml.MoMLSimpleApplication@5d2c692c
----------------- Done invoking toplevel() on ptolemy.moml.MoMLSimpleApplication@5d2c692c
reloadAllAccessors: .arrayType15

===========================================================================================
----------------- testing Sat Dec 28 06:29:34 UTC 2019 /home/travis/build/icyphy/ptII/ptolemy/actor/lib/test/auto/arrayType16.xml
----------------- Instantiating /home/travis/build/icyphy/ptII/ptolemy/actor/lib/test/auto/arrayType16.xml
1 ms. Memory: 620544K Free: 408551K (66%)
----------------- Invoking toplevel() on ptolemy.moml.MoMLSimpleApplication@d94bcb7
----------------- Done invoking toplevel() on ptolemy.moml.MoMLSimpleApplication@d94bcb7
reloadAllAccessors: .arrayType16

===========================================================================================
----------------- testing Sat Dec 28 06:29:34 UTC 2019 /home/travis/build/icyphy/ptII/ptolemy/actor/lib/test/auto/arrayType17.xml
----------------- Instantiating /home/travis/build/icyphy/ptII/ptolemy/actor/lib/test/auto/arrayType17.xml
1 ms. Memory: 620544K Free: 403431K (65%)
----------------- Invoking toplevel() on ptolemy.moml.MoMLSimpleApplication@44cfaa3d
----------------- Done invoking toplevel() on ptolemy.moml.MoMLSimpleApplication@44cfaa3d
reloadAllAccessors: .arrayType17

===========================================================================================
----------------- testing Sat Dec 28 06:29:34 UTC 2019 /home/travis/build/icyphy/ptII/ptolemy/actor/lib/test/auto/arrayType18.xml
----------------- Instantiating /home/travis/build/icyphy/ptII/ptolemy/actor/lib/test/auto/arrayType18.xml
2 ms. Memory: 620544K Free: 398825K (64%)
----------------- Invoking toplevel() on ptolemy.moml.MoMLSimpleApplication@7000a596
----------------- Done invoking toplevel() on ptolemy.moml.MoMLSimpleApplication@7000a596
reloadAllAccessors: .arrayType18

===========================================================================================
----------------- testing Sat Dec 28 06:29:34 UTC 2019 /home/travis/build/icyphy/ptII/ptolemy/actor/lib/test/auto/arrayType19.xml
----------------- Instantiating /home/travis/build/icyphy/ptII/ptolemy/actor/lib/test/auto/arrayType19.xml
1 ms. Memory: 620544K Free: 393705K (63%)
----------------- Invoking toplevel() on ptolemy.moml.MoMLSimpleApplication@5a1f4f0d
----------------- Done invoking toplevel() on ptolemy.moml.MoMLSimpleApplication@5a1f4f0d
reloadAllAccessors: .arrayType19

===========================================================================================
----------------- testing Sat Dec 28 06:29:34 UTC 2019 /home/travis/build/icyphy/ptII/ptolemy/actor/lib/test/auto/arrayType2.xml
----------------- Instantiating /home/travis/build/icyphy/ptII/ptolemy/actor/lib/test/auto/arrayType2.xml
1 ms. Memory: 620544K Free: 388585K (63%)
----------------- Invoking toplevel() on ptolemy.moml.MoMLSimpleApplication@11d31141
----------------- Done invoking toplevel() on ptolemy.moml.MoMLSimpleApplication@11d31141
reloadAllAccessors: .arrayType2

===========================================================================================
----------------- testing Sat Dec 28 06:29:34 UTC 2019 /home/travis/build/icyphy/ptII/ptolemy/actor/lib/test/auto/arrayType20.xml
----------------- Instantiating /home/travis/build/icyphy/ptII/ptolemy/actor/lib/test/auto/arrayType20.xml
2 ms. Memory: 620544K Free: 383975K (62%)
----------------- Invoking toplevel() on ptolemy.moml.MoMLSimpleApplication@2963d12d
----------------- Done invoking toplevel() on ptolemy.moml.MoMLSimpleApplication@2963d12d
reloadAllAccessors: .arrayType20

===========================================================================================
----------------- testing Sat Dec 28 06:29:34 UTC 2019 /home/travis/build/icyphy/ptII/ptolemy/actor/lib/test/auto/arrayType21.xml
----------------- Instantiating /home/travis/build/icyphy/ptII/ptolemy/actor/lib/test/auto/arrayType21.xml
1 ms. Memory: 620544K Free: 378855K (61%)
----------------- Invoking toplevel() on ptolemy.moml.MoMLSimpleApplication@269e2a86
----------------- Done invoking toplevel() on ptolemy.moml.MoMLSimpleApplication@269e2a86
reloadAllAccessors: .arrayType21

===========================================================================================
----------------- testing Sat Dec 28 06:29:34 UTC 2019 /home/travis/build/icyphy/ptII/ptolemy/actor/lib/test/auto/arrayType22.xml
----------------- Instantiating /home/travis/build/icyphy/ptII/ptolemy/actor/lib/test/auto/arrayType22.xml
2 ms. Memory: 620544K Free: 374249K (60%)
----------------- Invoking toplevel() on ptolemy.moml.MoMLSimpleApplication@47bb3083
----------------- Done invoking toplevel() on ptolemy.moml.MoMLSimpleApplication@47bb3083
reloadAllAccessors: .arrayType22

===========================================================================================
----------------- testing Sat Dec 28 06:29:34 UTC 2019 /home/travis/build/icyphy/ptII/ptolemy/actor/lib/test/auto/arrayType23.xml
----------------- Instantiating /home/travis/build/icyphy/ptII/ptolemy/actor/lib/test/auto/arrayType23.xml
6 ms. Memory: 620544K Free: 369129K (59%)
----------------- Invoking toplevel() on ptolemy.moml.MoMLSimpleApplication@510f7b80
----------------- Done invoking toplevel() on ptolemy.moml.MoMLSimpleApplication@510f7b80
reloadAllAccessors: .arrayType23

===========================================================================================
----------------- testing Sat Dec 28 06:29:34 UTC 2019 /home/travis/build/icyphy/ptII/ptolemy/actor/lib/test/auto/arrayType24.xml
----------------- Instantiating /home/travis/build/icyphy/ptII/ptolemy/actor/lib/test/auto/arrayType24.xml
4 ms. Memory: 620544K Free: 364519K (59%)
----------------- Invoking toplevel() on ptolemy.moml.MoMLSimpleApplication@74861658
----------------- Done invoking toplevel() on ptolemy.moml.MoMLSimpleApplication@74861658
reloadAllAccessors: .arrayType24

===========================================================================================
----------------- testing Sat Dec 28 06:29:34 UTC 2019 /home/travis/build/icyphy/ptII/ptolemy/actor/lib/test/auto/arrayType25.xml
----------------- Instantiating /home/travis/build/icyphy/ptII/ptolemy/actor/lib/test/auto/arrayType25.xml
2 ms. Memory: 620544K Free: 359399K (58%)
----------------- Invoking toplevel() on ptolemy.moml.MoMLSimpleApplication@6996b160
----------------- Done invoking toplevel() on ptolemy.moml.MoMLSimpleApplication@6996b160
reloadAllAccessors: .arrayType25

===========================================================================================
----------------- testing Sat Dec 28 06:29:34 UTC 2019 /home/travis/build/icyphy/ptII/ptolemy/actor/lib/test/auto/arrayType26.xml
----------------- Instantiating /home/travis/build/icyphy/ptII/ptolemy/actor/lib/test/auto/arrayType26.xml
2 ms. Memory: 620544K Free: 353769K (57%)
----------------- Invoking toplevel() on ptolemy.moml.MoMLSimpleApplication@3cd79c2
----------------- Done invoking toplevel() on ptolemy.moml.MoMLSimpleApplication@3cd79c2
reloadAllAccessors: .arrayType26

===========================================================================================
----------------- testing Sat Dec 28 06:29:34 UTC 2019 /home/travis/build/icyphy/ptII/ptolemy/actor/lib/test/auto/arrayType27.xml
----------------- Instantiating /home/travis/build/icyphy/ptII/ptolemy/actor/lib/test/auto/arrayType27.xml
1 ms. Memory: 620544K Free: 348649K (56%)
----------------- Invoking toplevel() on ptolemy.moml.MoMLSimpleApplication@48338182
----------------- Done invoking toplevel() on ptolemy.moml.MoMLSimpleApplication@48338182
reloadAllAccessors: .arrayType27

===========================================================================================
----------------- testing Sat Dec 28 06:29:34 UTC 2019 /home/travis/build/icyphy/ptII/ptolemy/actor/lib/test/auto/arrayType28.xml
----------------- Instantiating /home/travis/build/icyphy/ptII/ptolemy/actor/lib/test/auto/arrayType28.xml
1 ms. Memory: 620544K Free: 343015K (55%)
----------------- Invoking toplevel() on ptolemy.moml.MoMLSimpleApplication@548d87a
----------------- Done invoking toplevel() on ptolemy.moml.MoMLSimpleApplication@548d87a
reloadAllAccessors: .arrayType28

===========================================================================================
----------------- testing Sat Dec 28 06:29:34 UTC 2019 /home/travis/build/icyphy/ptII/ptolemy/actor/lib/test/auto/arrayType3.xml
----------------- Instantiating /home/travis/build/icyphy/ptII/ptolemy/actor/lib/test/auto/arrayType3.xml
1 ms. Memory: 620544K Free: 337895K (54%)
----------------- Invoking toplevel() on ptolemy.moml.MoMLSimpleApplication@476436e6
----------------- Done invoking toplevel() on ptolemy.moml.MoMLSimpleApplication@476436e6
reloadAllAccessors: .arrayType3

===========================================================================================
----------------- testing Sat Dec 28 06:29:34 UTC 2019 /home/travis/build/icyphy/ptII/ptolemy/actor/lib/test/auto/arrayType4.xml
----------------- Instantiating /home/travis/build/icyphy/ptII/ptolemy/actor/lib/test/auto/arrayType4.xml
2 ms. Memory: 620544K Free: 332775K (54%)
----------------- Invoking toplevel() on ptolemy.moml.MoMLSimpleApplication@1ecfe01b
----------------- Done invoking toplevel() on ptolemy.moml.MoMLSimpleApplication@1ecfe01b
reloadAllAccessors: .arrayType4

===========================================================================================
----------------- testing Sat Dec 28 06:29:34 UTC 2019 /home/travis/build/icyphy/ptII/ptolemy/actor/lib/test/auto/arrayType5.xml
----------------- Instantiating /home/travis/build/icyphy/ptII/ptolemy/actor/lib/test/auto/arrayType5.xml
1 ms. Memory: 620544K Free: 327145K (53%)
----------------- Invoking toplevel() on ptolemy.moml.MoMLSimpleApplication@777620ad
----------------- Done invoking toplevel() on ptolemy.moml.MoMLSimpleApplication@777620ad
reloadAllAccessors: .arrayType5

===========================================================================================
----------------- testing Sat Dec 28 06:29:34 UTC 2019 /home/travis/build/icyphy/ptII/ptolemy/actor/lib/test/auto/arrayType6.xml
----------------- Instantiating /home/travis/build/icyphy/ptII/ptolemy/actor/lib/test/auto/arrayType6.xml
4 ms. Memory: 620544K Free: 322535K (52%)
----------------- Invoking toplevel() on ptolemy.moml.MoMLSimpleApplication@1e61d590
----------------- Done invoking toplevel() on ptolemy.moml.MoMLSimpleApplication@1e61d590
reloadAllAccessors: .arrayType6

===========================================================================================
----------------- testing Sat Dec 28 06:29:34 UTC 2019 /home/travis/build/icyphy/ptII/ptolemy/actor/lib/test/auto/arrayType7.xml
----------------- Instantiating /home/travis/build/icyphy/ptII/ptolemy/actor/lib/test/auto/arrayType7.xml
1 ms. Memory: 620544K Free: 317415K (51%)
----------------- Invoking toplevel() on ptolemy.moml.MoMLSimpleApplication@738bf47b
----------------- Done invoking toplevel() on ptolemy.moml.MoMLSimpleApplication@738bf47b
reloadAllAccessors: .arrayType7

===========================================================================================
----------------- testing Sat Dec 28 06:29:34 UTC 2019 /home/travis/build/icyphy/ptII/ptolemy/actor/lib/test/auto/arrayType8.xml
----------------- Instantiating /home/travis/build/icyphy/ptII/ptolemy/actor/lib/test/auto/arrayType8.xml
1 ms. Memory: 620544K Free: 312809K (50%)
----------------- Invoking toplevel() on ptolemy.moml.MoMLSimpleApplication@43d4338f
----------------- Done invoking toplevel() on ptolemy.moml.MoMLSimpleApplication@43d4338f
reloadAllAccessors: .arrayType8

===========================================================================================
----------------- testing Sat Dec 28 06:29:34 UTC 2019 /home/travis/build/icyphy/ptII/ptolemy/actor/lib/test/auto/arrayType9.xml
----------------- Instantiating /home/travis/build/icyphy/ptII/ptolemy/actor/lib/test/auto/arrayType9.xml
5 ms. Memory: 620544K Free: 307689K (50%)
----------------- Invoking toplevel() on ptolemy.moml.MoMLSimpleApplication@316234ac
----------------- Done invoking toplevel() on ptolemy.moml.MoMLSimpleApplication@316234ac
reloadAllAccessors: .arrayType9

===========================================================================================
----------------- testing Sat Dec 28 06:29:34 UTC 2019 /home/travis/build/icyphy/ptII/ptolemy/actor/lib/test/auto/cast.xml
----------------- Instantiating /home/travis/build/icyphy/ptII/ptolemy/actor/lib/test/auto/cast.xml
1 ms. Memory: 620544K Free: 303079K (49%)
----------------- Invoking toplevel() on ptolemy.moml.MoMLSimpleApplication@473324eb
----------------- Done invoking toplevel() on ptolemy.moml.MoMLSimpleApplication@473324eb
reloadAllAccessors: .cast

===========================================================================================
----------------- testing Sat Dec 28 06:29:34 UTC 2019 /home/travis/build/icyphy/ptII/ptolemy/actor/lib/test/auto/compositeMultiPort.xml
----------------- Instantiating /home/travis/build/icyphy/ptII/ptolemy/actor/lib/test/auto/compositeMultiPort.xml
3 ms. Memory: 620544K Free: 294377K (47%)
----------------- Invoking toplevel() on ptolemy.moml.MoMLSimpleApplication@1bcf7f6
----------------- Done invoking toplevel() on ptolemy.moml.MoMLSimpleApplication@1bcf7f6
reloadAllAccessors: .compositeMultiPort

===========================================================================================
----------------- testing Sat Dec 28 06:29:35 UTC 2019 /home/travis/build/icyphy/ptII/ptolemy/actor/lib/test/auto/expressionCastInference.xml
----------------- Instantiating /home/travis/build/icyphy/ptII/ptolemy/actor/lib/test/auto/expressionCastInference.xml
2 ms. Memory: 620544K Free: 289257K (47%)
----------------- Invoking toplevel() on ptolemy.moml.MoMLSimpleApplication@7d83d894
----------------- Done invoking toplevel() on ptolemy.moml.MoMLSimpleApplication@7d83d894
reloadAllAccessors: .expressionCastInference

===========================================================================================
----------------- testing Sat Dec 28 06:29:35 UTC 2019 /home/travis/build/icyphy/ptII/ptolemy/actor/lib/test/auto/expressionCastInference2.xml
----------------- Instantiating /home/travis/build/icyphy/ptII/ptolemy/actor/lib/test/auto/expressionCastInference2.xml
2 ms. Memory: 620544K Free: 284647K (46%)
----------------- Invoking toplevel() on ptolemy.moml.MoMLSimpleApplication@137fca47
----------------- Done invoking toplevel() on ptolemy.moml.MoMLSimpleApplication@137fca47
reloadAllAccessors: .expressionCastInference2

===========================================================================================
----------------- testing Sat Dec 28 06:29:35 UTC 2019 /home/travis/build/icyphy/ptII/ptolemy/actor/lib/test/auto/expressionInference.xml
----------------- Instantiating /home/travis/build/icyphy/ptII/ptolemy/actor/lib/test/auto/expressionInference.xml
1 ms. Memory: 620544K Free: 280041K (45%)
----------------- Invoking toplevel() on ptolemy.moml.MoMLSimpleApplication@3f5d7013
----------------- Done invoking toplevel() on ptolemy.moml.MoMLSimpleApplication@3f5d7013
reloadAllAccessors: .expressionInference

===========================================================================================
----------------- testing Sat Dec 28 06:29:35 UTC 2019 /home/travis/build/icyphy/ptII/ptolemy/actor/lib/test/auto/expression_bug.xml
----------------- Instantiating /home/travis/build/icyphy/ptII/ptolemy/actor/lib/test/auto/expression_bug.xml
1 ms. Memory: 620544K Free: 275945K (44%)
----------------- Invoking toplevel() on ptolemy.moml.MoMLSimpleApplication@29db7f2e
----------------- Done invoking toplevel() on ptolemy.moml.MoMLSimpleApplication@29db7f2e
reloadAllAccessors: .expression_bug

===========================================================================================
----------------- testing Sat Dec 28 06:29:35 UTC 2019 /home/travis/build/icyphy/ptII/ptolemy/actor/lib/test/auto/factorial.xml
----------------- Instantiating /home/travis/build/icyphy/ptII/ptolemy/actor/lib/test/auto/factorial.xml
31 ms. Memory: 620544K Free: 267239K (43%)
----------------- Invoking toplevel() on ptolemy.moml.MoMLSimpleApplication@6ad8d1ec
----------------- Done invoking toplevel() on ptolemy.moml.MoMLSimpleApplication@6ad8d1ec
reloadAllAccessors: .factorial

===========================================================================================
----------------- testing Sat Dec 28 06:29:35 UTC 2019 /home/travis/build/icyphy/ptII/ptolemy/actor/lib/test/auto/filterTest1.xml
----------------- Instantiating /home/travis/build/icyphy/ptII/ptolemy/actor/lib/test/auto/filterTest1.xml
3 ms. Memory: 620544K Free: 261609K (42%)
----------------- Invoking toplevel() on ptolemy.moml.MoMLSimpleApplication@2a97aad4
----------------- Done invoking toplevel() on ptolemy.moml.MoMLSimpleApplication@2a97aad4
reloadAllAccessors: .filterTest1

===========================================================================================
----------------- testing Sat Dec 28 06:29:35 UTC 2019 /home/travis/build/icyphy/ptII/ptolemy/actor/lib/test/auto/funcApplyInConst.xml
----------------- Instantiating /home/travis/build/icyphy/ptII/ptolemy/actor/lib/test/auto/funcApplyInConst.xml
1 ms. Memory: 620544K Free: 258023K (42%)
----------------- Invoking toplevel() on ptolemy.moml.MoMLSimpleApplication@4c7361f9
----------------- Done invoking toplevel() on ptolemy.moml.MoMLSimpleApplication@4c7361f9
reloadAllAccessors: .funcApplyInConst

===========================================================================================
----------------- testing Sat Dec 28 06:29:35 UTC 2019 /home/travis/build/icyphy/ptII/ptolemy/actor/lib/test/auto/funcApplyInExpr.xml
----------------- Instantiating /home/travis/build/icyphy/ptII/ptolemy/actor/lib/test/auto/funcApplyInExpr.xml
1 ms. Memory: 620544K Free: 253927K (41%)
----------------- Invoking toplevel() on ptolemy.moml.MoMLSimpleApplication@3bafbe25
----------------- Done invoking toplevel() on ptolemy.moml.MoMLSimpleApplication@3bafbe25
reloadAllAccessors: .funcApplyInExpr

===========================================================================================
----------------- testing Sat Dec 28 06:29:35 UTC 2019 /home/travis/build/icyphy/ptII/ptolemy/actor/lib/test/auto/function.xml
----------------- Instantiating /home/travis/build/icyphy/ptII/ptolemy/actor/lib/test/auto/function.xml
3 ms. Memory: 620544K Free: 249321K (40%)
----------------- Invoking toplevel() on ptolemy.moml.MoMLSimpleApplication@65870965
----------------- Done invoking toplevel() on ptolemy.moml.MoMLSimpleApplication@65870965
reloadAllAccessors: .function

===========================================================================================
----------------- testing Sat Dec 28 06:29:35 UTC 2019 /home/travis/build/icyphy/ptII/ptolemy/actor/lib/test/auto/function2.xml
----------------- Instantiating /home/travis/build/icyphy/ptII/ptolemy/actor/lib/test/auto/function2.xml
2 ms. Memory: 620544K Free: 244201K (39%)
----------------- Invoking toplevel() on ptolemy.moml.MoMLSimpleApplication@2a0ab595
----------------- Done invoking toplevel() on ptolemy.moml.MoMLSimpleApplication@2a0ab595
reloadAllAccessors: .function2

===========================================================================================
----------------- testing Sat Dec 28 06:29:35 UTC 2019 /home/travis/build/icyphy/ptII/ptolemy/actor/lib/test/auto/function3.xml
----------------- Instantiating /home/travis/build/icyphy/ptII/ptolemy/actor/lib/test/auto/function3.xml
1 ms. Memory: 620544K Free: 240615K (39%)
----------------- Invoking toplevel() on ptolemy.moml.MoMLSimpleApplication@603a00d4
----------------- Done invoking toplevel() on ptolemy.moml.MoMLSimpleApplication@603a00d4
reloadAllAccessors: .function3

===========================================================================================
----------------- testing Sat Dec 28 06:29:35 UTC 2019 /home/travis/build/icyphy/ptII/ptolemy/actor/lib/test/auto/functionClosureTest1.xml
----------------- Instantiating /home/travis/build/icyphy/ptII/ptolemy/actor/lib/test/auto/functionClosureTest1.xml
1 ms. Memory: 620544K Free: 234471K (38%)
----------------- Invoking toplevel() on ptolemy.moml.MoMLSimpleApplication@cc52f4d
----------------- Done invoking toplevel() on ptolemy.moml.MoMLSimpleApplication@cc52f4d
reloadAllAccessors: .functionClosureTest1

===========================================================================================
----------------- testing Sat Dec 28 06:29:35 UTC 2019 /home/travis/build/icyphy/ptII/ptolemy/actor/lib/test/auto/functionClosureTest2.xml
----------------- Instantiating /home/travis/build/icyphy/ptII/ptolemy/actor/lib/test/auto/functionClosureTest2.xml
1 ms. Memory: 620544K Free: 230889K (37%)
----------------- Invoking toplevel() on ptolemy.moml.MoMLSimpleApplication@1029f477
----------------- Done invoking toplevel() on ptolemy.moml.MoMLSimpleApplication@1029f477
reloadAllAccessors: .functionClosureTest2

===========================================================================================
----------------- testing Sat Dec 28 06:29:35 UTC 2019 /home/travis/build/icyphy/ptII/ptolemy/actor/lib/test/auto/functionClosureTest3.xml
----------------- Instantiating /home/travis/build/icyphy/ptII/ptolemy/actor/lib/test/auto/functionClosureTest3.xml
1 ms. Memory: 620544K Free: 225241K (36%)
----------------- Invoking toplevel() on ptolemy.moml.MoMLSimpleApplication@27f2bfd3
----------------- Done invoking toplevel() on ptolemy.moml.MoMLSimpleApplication@27f2bfd3
reloadAllAccessors: .functionClosureTest3

===========================================================================================
----------------- testing Sat Dec 28 06:29:35 UTC 2019 /home/travis/build/icyphy/ptII/ptolemy/actor/lib/test/auto/functionClosureTest4.xml
----------------- Instantiating /home/travis/build/icyphy/ptII/ptolemy/actor/lib/test/auto/functionClosureTest4.xml
4 ms. Memory: 620544K Free: 561129K (90%)
----------------- Invoking toplevel() on ptolemy.moml.MoMLSimpleApplication@847b15d
----------------- Done invoking toplevel() on ptolemy.moml.MoMLSimpleApplication@847b15d
reloadAllAccessors: .functionClosureTest4

===========================================================================================
----------------- testing Sat Dec 28 06:29:35 UTC 2019 /home/travis/build/icyphy/ptII/ptolemy/actor/lib/test/auto/functionClosureTest5.xml
----------------- Instantiating /home/travis/build/icyphy/ptII/ptolemy/actor/lib/test/auto/functionClosureTest5.xml
4 ms. Memory: 620544K Free: 555481K (90%)
----------------- Invoking toplevel() on ptolemy.moml.MoMLSimpleApplication@28fef503
----------------- Done invoking toplevel() on ptolemy.moml.MoMLSimpleApplication@28fef503
reloadAllAccessors: .functionClosureTest5

===========================================================================================
----------------- testing Sat Dec 28 06:29:35 UTC 2019 /home/travis/build/icyphy/ptII/ptolemy/actor/lib/test/auto/functionClosureTest6.xml
----------------- Instantiating /home/travis/build/icyphy/ptII/ptolemy/actor/lib/test/auto/functionClosureTest6.xml
2 ms. Memory: 620544K Free: 550889K (89%)
----------------- Invoking toplevel() on ptolemy.moml.MoMLSimpleApplication@3cccfb90
----------------- Done invoking toplevel() on ptolemy.moml.MoMLSimpleApplication@3cccfb90
reloadAllAccessors: .functionClosureTest6

===========================================================================================
----------------- testing Sat Dec 28 06:29:35 UTC 2019 /home/travis/build/icyphy/ptII/ptolemy/actor/lib/test/auto/functionsOnArcs.xml
----------------- Instantiating /home/travis/build/icyphy/ptII/ptolemy/actor/lib/test/auto/functionsOnArcs.xml
2 ms. Memory: 620544K Free: 545255K (88%)
----------------- Invoking toplevel() on ptolemy.moml.MoMLSimpleApplication@5fa3649d
----------------- Done invoking toplevel() on ptolemy.moml.MoMLSimpleApplication@5fa3649d
reloadAllAccessors: .functionsOnArcs

===========================================================================================
----------------- testing Sat Dec 28 06:29:35 UTC 2019 /home/travis/build/icyphy/ptII/ptolemy/actor/lib/test/auto/functionsOnArcsHOF.xml
----------------- Instantiating /home/travis/build/icyphy/ptII/ptolemy/actor/lib/test/auto/functionsOnArcsHOF.xml
3 ms. Memory: 620544K Free: 539625K (87%)
----------------- Invoking toplevel() on ptolemy.moml.MoMLSimpleApplication@47b1555a
----------------- Done invoking toplevel() on ptolemy.moml.MoMLSimpleApplication@47b1555a
reloadAllAccessors: .functionsOnArcsHOF

===========================================================================================
----------------- testing Sat Dec 28 06:29:35 UTC 2019 /home/travis/build/icyphy/ptII/ptolemy/actor/lib/test/auto/logic.xml
----------------- Instantiating /home/travis/build/icyphy/ptII/ptolemy/actor/lib/test/auto/logic.xml
2 ms. Memory: 620544K Free: 531943K (86%)
----------------- Invoking toplevel() on ptolemy.moml.MoMLSimpleApplication@569dcc58
----------------- Done invoking toplevel() on ptolemy.moml.MoMLSimpleApplication@569dcc58
reloadAllAccessors: .logic

===========================================================================================
----------------- testing Sat Dec 28 06:29:35 UTC 2019 /home/travis/build/icyphy/ptII/ptolemy/actor/lib/test/auto/matrixType.xml
----------------- Instantiating /home/travis/build/icyphy/ptII/ptolemy/actor/lib/test/auto/matrixType.xml
1 ms. Memory: 620544K Free: 526809K (85%)
----------------- Invoking toplevel() on ptolemy.moml.MoMLSimpleApplication@5ef9c1af
----------------- Done invoking toplevel() on ptolemy.moml.MoMLSimpleApplication@5ef9c1af
reloadAllAccessors: .matrixType

===========================================================================================
----------------- testing Sat Dec 28 06:29:35 UTC 2019 /home/travis/build/icyphy/ptII/ptolemy/actor/lib/test/auto/matrixType10.xml
----------------- Instantiating /home/travis/build/icyphy/ptII/ptolemy/actor/lib/test/auto/matrixType10.xml
2 ms. Memory: 620544K Free: 521703K (84%)
----------------- Invoking toplevel() on ptolemy.moml.MoMLSimpleApplication@7debdfc9
----------------- Done invoking toplevel() on ptolemy.moml.MoMLSimpleApplication@7debdfc9
reloadAllAccessors: .matrixType10

===========================================================================================
----------------- testing Sat Dec 28 06:29:35 UTC 2019 /home/travis/build/icyphy/ptII/ptolemy/actor/lib/test/auto/matrixType11.xml
----------------- Instantiating /home/travis/build/icyphy/ptII/ptolemy/actor/lib/test/auto/matrixType11.xml
2 ms. Memory: 620544K Free: 517097K (83%)
----------------- Invoking toplevel() on ptolemy.moml.MoMLSimpleApplication@199e3757
----------------- Done invoking toplevel() on ptolemy.moml.MoMLSimpleApplication@199e3757
reloadAllAccessors: .matrixType11

===========================================================================================
----------------- testing Sat Dec 28 06:29:35 UTC 2019 /home/travis/build/icyphy/ptII/ptolemy/actor/lib/test/auto/matrixType12.xml
----------------- Instantiating /home/travis/build/icyphy/ptII/ptolemy/actor/lib/test/auto/matrixType12.xml
1 ms. Memory: 620544K Free: 511977K (83%)
----------------- Invoking toplevel() on ptolemy.moml.MoMLSimpleApplication@7ef1645b
----------------- Done invoking toplevel() on ptolemy.moml.MoMLSimpleApplication@7ef1645b
reloadAllAccessors: .matrixType12

===========================================================================================
----------------- testing Sat Dec 28 06:29:35 UTC 2019 /home/travis/build/icyphy/ptII/ptolemy/actor/lib/test/auto/matrixType13.xml
----------------- Instantiating /home/travis/build/icyphy/ptII/ptolemy/actor/lib/test/auto/matrixType13.xml
1 ms. Memory: 620544K Free: 507367K (82%)
----------------- Invoking toplevel() on ptolemy.moml.MoMLSimpleApplication@edf5d8f
----------------- Done invoking toplevel() on ptolemy.moml.MoMLSimpleApplication@edf5d8f
reloadAllAccessors: .matrixType13

===========================================================================================
----------------- testing Sat Dec 28 06:29:35 UTC 2019 /home/travis/build/icyphy/ptII/ptolemy/actor/lib/test/auto/matrixType14.xml
----------------- Instantiating /home/travis/build/icyphy/ptII/ptolemy/actor/lib/test/auto/matrixType14.xml
2 ms. Memory: 620544K Free: 502247K (81%)
----------------- Invoking toplevel() on ptolemy.moml.MoMLSimpleApplication@e37e806
----------------- Done invoking toplevel() on ptolemy.moml.MoMLSimpleApplication@e37e806
reloadAllAccessors: .matrixType14

===========================================================================================
----------------- testing Sat Dec 28 06:29:35 UTC 2019 /home/travis/build/icyphy/ptII/ptolemy/actor/lib/test/auto/matrixType2.xml
----------------- Instantiating /home/travis/build/icyphy/ptII/ptolemy/actor/lib/test/auto/matrixType2.xml
2 ms. Memory: 620544K Free: 497127K (80%)
----------------- Invoking toplevel() on ptolemy.moml.MoMLSimpleApplication@13f6eba9
----------------- Done invoking toplevel() on ptolemy.moml.MoMLSimpleApplication@13f6eba9
reloadAllAccessors: .matrixType2

===========================================================================================
----------------- testing Sat Dec 28 06:29:35 UTC 2019 /home/travis/build/icyphy/ptII/ptolemy/actor/lib/test/auto/matrixType3.xml
----------------- Instantiating /home/travis/build/icyphy/ptII/ptolemy/actor/lib/test/auto/matrixType3.xml
3 ms. Memory: 620544K Free: 492007K (79%)
----------------- Invoking toplevel() on ptolemy.moml.MoMLSimpleApplication@1fbbaf1e
----------------- Done invoking toplevel() on ptolemy.moml.MoMLSimpleApplication@1fbbaf1e
reloadAllAccessors: .matrixType3

===========================================================================================
----------------- testing Sat Dec 28 06:29:35 UTC 2019 /home/travis/build/icyphy/ptII/ptolemy/actor/lib/test/auto/matrixType4.xml
----------------- Instantiating /home/travis/build/icyphy/ptII/ptolemy/actor/lib/test/auto/matrixType4.xml
1 ms. Memory: 620544K Free: 487401K (79%)
----------------- Invoking toplevel() on ptolemy.moml.MoMLSimpleApplication@2dc6de92
----------------- Done invoking toplevel() on ptolemy.moml.MoMLSimpleApplication@2dc6de92
reloadAllAccessors: .matrixType4

===========================================================================================
----------------- testing Sat Dec 28 06:29:35 UTC 2019 /home/travis/build/icyphy/ptII/ptolemy/actor/lib/test/auto/matrixType5.xml
----------------- Instantiating /home/travis/build/icyphy/ptII/ptolemy/actor/lib/test/auto/matrixType5.xml
1 ms. Memory: 620544K Free: 482281K (78%)
----------------- Invoking toplevel() on ptolemy.moml.MoMLSimpleApplication@6b1e4c0d
----------------- Done invoking toplevel() on ptolemy.moml.MoMLSimpleApplication@6b1e4c0d
reloadAllAccessors: .matrixType5

===========================================================================================
----------------- testing Sat Dec 28 06:29:35 UTC 2019 /home/travis/build/icyphy/ptII/ptolemy/actor/lib/test/auto/matrixType6.xml
----------------- Instantiating /home/travis/build/icyphy/ptII/ptolemy/actor/lib/test/auto/matrixType6.xml
1 ms. Memory: 620544K Free: 477671K (77%)
----------------- Invoking toplevel() on ptolemy.moml.MoMLSimpleApplication@7590f345
----------------- Done invoking toplevel() on ptolemy.moml.MoMLSimpleApplication@7590f345
reloadAllAccessors: .matrixType6

===========================================================================================
----------------- testing Sat Dec 28 06:29:35 UTC 2019 /home/travis/build/icyphy/ptII/ptolemy/actor/lib/test/auto/matrixType7.xml
----------------- Instantiating /home/travis/build/icyphy/ptII/ptolemy/actor/lib/test/auto/matrixType7.xml
1 ms. Memory: 620544K Free: 472551K (76%)
----------------- Invoking toplevel() on ptolemy.moml.MoMLSimpleApplication@2c64559e
----------------- Done invoking toplevel() on ptolemy.moml.MoMLSimpleApplication@2c64559e
reloadAllAccessors: .matrixType7

===========================================================================================
----------------- testing Sat Dec 28 06:29:35 UTC 2019 /home/travis/build/icyphy/ptII/ptolemy/actor/lib/test/auto/matrixType8.xml
----------------- Instantiating /home/travis/build/icyphy/ptII/ptolemy/actor/lib/test/auto/matrixType8.xml
1 ms. Memory: 620544K Free: 467945K (75%)
----------------- Invoking toplevel() on ptolemy.moml.MoMLSimpleApplication@1f088c5d
----------------- Done invoking toplevel() on ptolemy.moml.MoMLSimpleApplication@1f088c5d
reloadAllAccessors: .matrixType8

===========================================================================================
----------------- testing Sat Dec 28 06:29:35 UTC 2019 /home/travis/build/icyphy/ptII/ptolemy/actor/lib/test/auto/matrixType9.xml
----------------- Instantiating /home/travis/build/icyphy/ptII/ptolemy/actor/lib/test/auto/matrixType9.xml
1 ms. Memory: 620544K Free: 462825K (75%)
----------------- Invoking toplevel() on ptolemy.moml.MoMLSimpleApplication@67e5e61
----------------- Done invoking toplevel() on ptolemy.moml.MoMLSimpleApplication@67e5e61
reloadAllAccessors: .matrixType9

===========================================================================================
----------------- testing Sat Dec 28 06:29:35 UTC 2019 /home/travis/build/icyphy/ptII/ptolemy/actor/lib/test/auto/paraFunctest.xml
----------------- Instantiating /home/travis/build/icyphy/ptII/ptolemy/actor/lib/test/auto/paraFunctest.xml
1 ms. Memory: 620544K Free: 458729K (74%)
----------------- Invoking toplevel() on ptolemy.moml.MoMLSimpleApplication@152bb575
----------------- Done invoking toplevel() on ptolemy.moml.MoMLSimpleApplication@152bb575
reloadAllAccessors: .paraFunctest

===========================================================================================
----------------- testing Sat Dec 28 06:29:35 UTC 2019 /home/travis/build/icyphy/ptII/ptolemy/actor/lib/test/auto/paraFunctest2.xml
----------------- Instantiating /home/travis/build/icyphy/ptII/ptolemy/actor/lib/test/auto/paraFunctest2.xml
2 ms. Memory: 620544K Free: 454119K (73%)
----------------- Invoking toplevel() on ptolemy.moml.MoMLSimpleApplication@571434ba
----------------- Done invoking toplevel() on ptolemy.moml.MoMLSimpleApplication@571434ba
reloadAllAccessors: .paraFunctest2

===========================================================================================
----------------- testing Sat Dec 28 06:29:35 UTC 2019 /home/travis/build/icyphy/ptII/ptolemy/actor/lib/test/auto/parameterPassing.xml
----------------- Instantiating /home/travis/build/icyphy/ptII/ptolemy/actor/lib/test/auto/parameterPassing.xml
1 ms. Memory: 620544K Free: 449513K (72%)
----------------- Invoking toplevel() on ptolemy.moml.MoMLSimpleApplication@7983520c
----------------- Done invoking toplevel() on ptolemy.moml.MoMLSimpleApplication@7983520c
reloadAllAccessors: .parameterPassing

===========================================================================================
----------------- testing Sat Dec 28 06:29:35 UTC 2019 /home/travis/build/icyphy/ptII/ptolemy/actor/lib/test/auto/record.xml
----------------- Instantiating /home/travis/build/icyphy/ptII/ptolemy/actor/lib/test/auto/record.xml
2 ms. Memory: 620544K Free: 444393K (72%)
----------------- Invoking toplevel() on ptolemy.moml.MoMLSimpleApplication@1fee9529
----------------- Done invoking toplevel() on ptolemy.moml.MoMLSimpleApplication@1fee9529
reloadAllAccessors: .record

===========================================================================================
----------------- testing Sat Dec 28 06:29:35 UTC 2019 /home/travis/build/icyphy/ptII/ptolemy/actor/lib/test/auto/sizedarray1.xml
----------------- Instantiating /home/travis/build/icyphy/ptII/ptolemy/actor/lib/test/auto/sizedarray1.xml
1 ms. Memory: 620544K Free: 439273K (71%)
----------------- Invoking toplevel() on ptolemy.moml.MoMLSimpleApplication@6cd31d4d
----------------- Done invoking toplevel() on ptolemy.moml.MoMLSimpleApplication@6cd31d4d
reloadAllAccessors: .sizedarray1

===========================================================================================
----------------- testing Sat Dec 28 06:29:35 UTC 2019 /home/travis/build/icyphy/ptII/ptolemy/actor/lib/test/auto/sizedarray2.xml
----------------- Instantiating /home/travis/build/icyphy/ptII/ptolemy/actor/lib/test/auto/sizedarray2.xml
1 ms. Memory: 620544K Free: 433129K (70%)
----------------- Invoking toplevel() on ptolemy.moml.MoMLSimpleApplication@3659b45d
----------------- Done invoking toplevel() on ptolemy.moml.MoMLSimpleApplication@3659b45d
reloadAllAccessors: .sizedarray2

===========================================================================================
----------------- testing Sat Dec 28 06:29:35 UTC 2019 /home/travis/build/icyphy/ptII/ptolemy/actor/lib/test/auto/twoPublishers.xml
----------------- Instantiating /home/travis/build/icyphy/ptII/ptolemy/actor/lib/test/auto/twoPublishers.xml
2 ms. Memory: 620544K Free: 422375K (68%)
----------------- Invoking toplevel() on ptolemy.moml.MoMLSimpleApplication@6484b758
----------------- Done invoking toplevel() on ptolemy.moml.MoMLSimpleApplication@6484b758
reloadAllAccessors: .twoPublishers
AutoTests.java: About to close Vertx.
AutoTests.java: Vertx closed.
]]></system-out>
  <system-err><![CDATA[java.lang.RuntimeException: Execution failed
	at ptolemy.moml.MoMLSimpleApplication$UnloadThread.run(MoMLSimpleApplication.java:402)
Caused by: java.lang.RuntimeException: StringUtilities.exit() was called. Normally, we would exit here because Manager.exitAfterWrapup() was called.  However, because the ptolemy.ptII.exitAfterWrapup property is set, we throw this exception instead.
	at ptolemy.util.StringUtilities.exit(StringUtilities.java:365)
	at ptolemy.actor.Manager.wrapup(Manager.java:1549)
	at ptolemy.actor.Manager.execute(Manager.java:407)
	at ptolemy.actor.Manager.run(Manager.java:1263)
	at ptolemy.actor.Manager$PtolemyRunThread.run(Manager.java:1933)
Warning: '.top.test' is in training mode, set the trainingMode parameter to false before checking in
Warning: '.top.test' is in training mode, set the trainingMode parameter to false before checking in
Warning: '.top.test' is in training mode, set the trainingMode parameter to false before checking in
Warning: '.BooleanSwitch_RegressionTest_WrongTrainingValues.Test' is in training mode, set the trainingMode parameter to false before checking in
Warning: '.BooleanSwitch_RegressionTest_WrongTrainingValues.Test2' is in training mode, set the trainingMode parameter to false before checking in
Warning: '.BooleanSwitch_RegressionTest_WrongTrainingValues.Test2' The test produced 0 tokens.
Warning: '.top.testExceptionHandler' is in training mode, set the trainingMode parameter to false before checking in
java.lang.RuntimeException: Execution failed
	at ptolemy.moml.MoMLSimpleApplication$UnloadThread.run(MoMLSimpleApplication.java:402)
Caused by: ptolemy.kernel.util.IllegalActionException: PublisherPorts cannot be used at the top level, use a Publisher actor instead.
  in .PublisherPortToplevelSubscriber.PublisherPort
	at ptolemy.actor.PublisherPort.preinitialize(PublisherPort.java:403)
	at ptolemy.actor.CompositeActor.preinitialize(CompositeActor.java:1769)
	at ptolemy.actor.Manager.preinitializeAndResolveTypes(Manager.java:1040)
	at ptolemy.actor.Manager.initialize(Manager.java:710)
	at ptolemy.actor.Manager.execute(Manager.java:356)
	at ptolemy.actor.Manager.run(Manager.java:1263)
	at ptolemy.actor.Manager$PtolemyRunThread.run(Manager.java:1933)
java.lang.reflect.InvocationTargetException
	at java.base/jdk.internal.reflect.NativeConstructorAccessorImpl.newInstance0(Native Method)
	at java.base/jdk.internal.reflect.NativeConstructorAccessorImpl.newInstance(NativeConstructorAccessorImpl.java:62)
	at java.base/jdk.internal.reflect.DelegatingConstructorAccessorImpl.newInstance(DelegatingConstructorAccessorImpl.java:45)
	at java.base/java.lang.reflect.Constructor.newInstance(Constructor.java:490)
	at ptolemy.util.test.junit.AutoKnownFailedTests.RunModel(AutoKnownFailedTests.java:105)
	at java.base/jdk.internal.reflect.NativeMethodAccessorImpl.invoke0(Native Method)
	at java.base/jdk.internal.reflect.NativeMethodAccessorImpl.invoke(NativeMethodAccessorImpl.java:62)
	at java.base/jdk.internal.reflect.DelegatingMethodAccessorImpl.invoke(DelegatingMethodAccessorImpl.java:43)
	at java.base/java.lang.reflect.Method.invoke(Method.java:566)
	at org.junit.runners.model.FrameworkMethod$1.runReflectiveCall(FrameworkMethod.java:44)
	at org.junit.internal.runners.model.ReflectiveCallable.run(ReflectiveCallable.java:15)
	at org.junit.runners.model.FrameworkMethod.invokeExplosively(FrameworkMethod.java:41)
	at junitparams.internal.InvokeParameterisedMethod.evaluate(InvokeParameterisedMethod.java:102)
	at org.junit.internal.runners.statements.FailOnTimeout$1.run(FailOnTimeout.java:28)
Caused by: ptolemy.kernel.util.IllegalActionException: PublisherPorts cannot be used at the top level, use a Publisher actor instead.
  in .PublisherPortToplevelSubscriber.PublisherPort
	at ptolemy.actor.PublisherPort.preinitialize(PublisherPort.java:403)
	at ptolemy.actor.CompositeActor.preinitialize(CompositeActor.java:1769)
	at ptolemy.actor.Manager.preinitializeAndResolveTypes(Manager.java:1040)
	at ptolemy.actor.Manager.initialize(Manager.java:710)
	at ptolemy.actor.Manager.execute(Manager.java:356)
	at ptolemy.actor.Manager.run(Manager.java:1263)
	at ptolemy.actor.Manager$PtolemyRunThread.run(Manager.java:1933)
java.lang.RuntimeException: Execution failed
	at ptolemy.moml.MoMLSimpleApplication$UnloadThread.run(MoMLSimpleApplication.java:402)
Caused by: ptolemy.kernel.util.IllegalActionException: SubscriberPorts cannot be used at the top level, use a Subscriber actor instead.
  in .PublisherSubscriberPortToplevel.SubscriberPort
	at ptolemy.actor.SubscriberPort.preinitialize(SubscriberPort.java:328)
	at ptolemy.actor.CompositeActor.preinitialize(CompositeActor.java:1769)
	at ptolemy.actor.Manager.preinitializeAndResolveTypes(Manager.java:1040)
	at ptolemy.actor.Manager.initialize(Manager.java:710)
	at ptolemy.actor.Manager.execute(Manager.java:356)
	at ptolemy.actor.Manager.run(Manager.java:1263)
	at ptolemy.actor.Manager$PtolemyRunThread.run(Manager.java:1933)
java.lang.reflect.InvocationTargetException
	at java.base/jdk.internal.reflect.NativeConstructorAccessorImpl.newInstance0(Native Method)
	at java.base/jdk.internal.reflect.NativeConstructorAccessorImpl.newInstance(NativeConstructorAccessorImpl.java:62)
	at java.base/jdk.internal.reflect.DelegatingConstructorAccessorImpl.newInstance(DelegatingConstructorAccessorImpl.java:45)
	at java.base/java.lang.reflect.Constructor.newInstance(Constructor.java:490)
	at ptolemy.util.test.junit.AutoKnownFailedTests.RunModel(AutoKnownFailedTests.java:105)
	at java.base/jdk.internal.reflect.NativeMethodAccessorImpl.invoke0(Native Method)
	at java.base/jdk.internal.reflect.NativeMethodAccessorImpl.invoke(NativeMethodAccessorImpl.java:62)
	at java.base/jdk.internal.reflect.DelegatingMethodAccessorImpl.invoke(DelegatingMethodAccessorImpl.java:43)
	at java.base/java.lang.reflect.Method.invoke(Method.java:566)
	at org.junit.runners.model.FrameworkMethod$1.runReflectiveCall(FrameworkMethod.java:44)
	at org.junit.internal.runners.model.ReflectiveCallable.run(ReflectiveCallable.java:15)
	at org.junit.runners.model.FrameworkMethod.invokeExplosively(FrameworkMethod.java:41)
	at junitparams.internal.InvokeParameterisedMethod.evaluate(InvokeParameterisedMethod.java:102)
	at org.junit.internal.runners.statements.FailOnTimeout$1.run(FailOnTimeout.java:28)
Caused by: ptolemy.kernel.util.IllegalActionException: SubscriberPorts cannot be used at the top level, use a Subscriber actor instead.
  in .PublisherSubscriberPortToplevel.SubscriberPort
	at ptolemy.actor.SubscriberPort.preinitialize(SubscriberPort.java:328)
	at ptolemy.actor.CompositeActor.preinitialize(CompositeActor.java:1769)
	at ptolemy.actor.Manager.preinitializeAndResolveTypes(Manager.java:1040)
	at ptolemy.actor.Manager.initialize(Manager.java:710)
	at ptolemy.actor.Manager.execute(Manager.java:356)
	at ptolemy.actor.Manager.run(Manager.java:1263)
	at ptolemy.actor.Manager$PtolemyRunThread.run(Manager.java:1933)
java.lang.RuntimeException: Execution failed
	at ptolemy.moml.MoMLSimpleApplication$UnloadThread.run(MoMLSimpleApplication.java:402)
Caused by: ptolemy.kernel.util.IllegalActionException: SubscriptionAggregatorPorts cannot be used at the top level, use a SubscriptionAggregator actor instead.
  in .PublisherSubscriptionAggregatorPort.SubscriptionAggregatorPort
	at ptolemy.actor.SubscriptionAggregatorPort.preinitialize(SubscriptionAggregatorPort.java:353)
	at ptolemy.actor.CompositeActor.preinitialize(CompositeActor.java:1769)
	at ptolemy.actor.Manager.preinitializeAndResolveTypes(Manager.java:1040)
	at ptolemy.actor.Manager.initialize(Manager.java:710)
	at ptolemy.actor.Manager.execute(Manager.java:356)
	at ptolemy.actor.Manager.run(Manager.java:1263)
	at ptolemy.actor.Manager$PtolemyRunThread.run(Manager.java:1933)
java.lang.reflect.InvocationTargetException
	at java.base/jdk.internal.reflect.NativeConstructorAccessorImpl.newInstance0(Native Method)
	at java.base/jdk.internal.reflect.NativeConstructorAccessorImpl.newInstance(NativeConstructorAccessorImpl.java:62)
	at java.base/jdk.internal.reflect.DelegatingConstructorAccessorImpl.newInstance(DelegatingConstructorAccessorImpl.java:45)
	at java.base/java.lang.reflect.Constructor.newInstance(Constructor.java:490)
	at ptolemy.util.test.junit.AutoKnownFailedTests.RunModel(AutoKnownFailedTests.java:105)
	at java.base/jdk.internal.reflect.NativeMethodAccessorImpl.invoke0(Native Method)
	at java.base/jdk.internal.reflect.NativeMethodAccessorImpl.invoke(NativeMethodAccessorImpl.java:62)
	at java.base/jdk.internal.reflect.DelegatingMethodAccessorImpl.invoke(DelegatingMethodAccessorImpl.java:43)
	at java.base/java.lang.reflect.Method.invoke(Method.java:566)
	at org.junit.runners.model.FrameworkMethod$1.runReflectiveCall(FrameworkMethod.java:44)
	at org.junit.internal.runners.model.ReflectiveCallable.run(ReflectiveCallable.java:15)
	at org.junit.runners.model.FrameworkMethod.invokeExplosively(FrameworkMethod.java:41)
	at junitparams.internal.InvokeParameterisedMethod.evaluate(InvokeParameterisedMethod.java:102)
	at org.junit.internal.runners.statements.FailOnTimeout$1.run(FailOnTimeout.java:28)
Caused by: ptolemy.kernel.util.IllegalActionException: SubscriptionAggregatorPorts cannot be used at the top level, use a SubscriptionAggregator actor instead.
  in .PublisherSubscriptionAggregatorPort.SubscriptionAggregatorPort
	at ptolemy.actor.SubscriptionAggregatorPort.preinitialize(SubscriptionAggregatorPort.java:353)
	at ptolemy.actor.CompositeActor.preinitialize(CompositeActor.java:1769)
	at ptolemy.actor.Manager.preinitializeAndResolveTypes(Manager.java:1040)
	at ptolemy.actor.Manager.initialize(Manager.java:710)
	at ptolemy.actor.Manager.execute(Manager.java:356)
	at ptolemy.actor.Manager.run(Manager.java:1263)
	at ptolemy.actor.Manager$PtolemyRunThread.run(Manager.java:1933)
java.lang.RuntimeException: Execution failed
	at ptolemy.moml.MoMLSimpleApplication$UnloadThread.run(MoMLSimpleApplication.java:402)
Caused by: ptolemy.kernel.util.IllegalActionException: TypeTest actor has no training data.
  in .sizedarray3.TypeTest
	at ptolemy.actor.lib.TypeTest.initialize(TypeTest.java:250)
	at ptolemy.actor.Director.initialize(Director.java:938)
	at ptolemy.actor.Director.initialize(Director.java:907)
	at ptolemy.actor.sched.StaticSchedulingDirector.initialize(StaticSchedulingDirector.java:159)
	at ptolemy.domains.sdf.kernel.SDFDirector.initialize(SDFDirector.java:544)
	at ptolemy.actor.CompositeActor.initialize(CompositeActor.java:935)
	at ptolemy.actor.Manager.initialize(Manager.java:724)
	at ptolemy.actor.Manager.execute(Manager.java:356)
	at ptolemy.actor.Manager.run(Manager.java:1263)
	at ptolemy.actor.Manager$PtolemyRunThread.run(Manager.java:1933)
java.lang.reflect.InvocationTargetException
	at java.base/jdk.internal.reflect.NativeConstructorAccessorImpl.newInstance0(Native Method)
	at java.base/jdk.internal.reflect.NativeConstructorAccessorImpl.newInstance(NativeConstructorAccessorImpl.java:62)
	at java.base/jdk.internal.reflect.DelegatingConstructorAccessorImpl.newInstance(DelegatingConstructorAccessorImpl.java:45)
	at java.base/java.lang.reflect.Constructor.newInstance(Constructor.java:490)
	at ptolemy.util.test.junit.AutoKnownFailedTests.RunModel(AutoKnownFailedTests.java:105)
	at java.base/jdk.internal.reflect.NativeMethodAccessorImpl.invoke0(Native Method)
	at java.base/jdk.internal.reflect.NativeMethodAccessorImpl.invoke(NativeMethodAccessorImpl.java:62)
	at java.base/jdk.internal.reflect.DelegatingMethodAccessorImpl.invoke(DelegatingMethodAccessorImpl.java:43)
	at java.base/java.lang.reflect.Method.invoke(Method.java:566)
	at org.junit.runners.model.FrameworkMethod$1.runReflectiveCall(FrameworkMethod.java:44)
	at org.junit.internal.runners.model.ReflectiveCallable.run(ReflectiveCallable.java:15)
	at org.junit.runners.model.FrameworkMethod.invokeExplosively(FrameworkMethod.java:41)
	at junitparams.internal.InvokeParameterisedMethod.evaluate(InvokeParameterisedMethod.java:102)
	at org.junit.internal.runners.statements.FailOnTimeout$1.run(FailOnTimeout.java:28)
Caused by: ptolemy.kernel.util.IllegalActionException: TypeTest actor has no training data.
  in .sizedarray3.TypeTest
	at ptolemy.actor.lib.TypeTest.initialize(TypeTest.java:250)
	at ptolemy.actor.Director.initialize(Director.java:938)
	at ptolemy.actor.Director.initialize(Director.java:907)
	at ptolemy.actor.sched.StaticSchedulingDirector.initialize(StaticSchedulingDirector.java:159)
	at ptolemy.domains.sdf.kernel.SDFDirector.initialize(SDFDirector.java:544)
	at ptolemy.actor.CompositeActor.initialize(CompositeActor.java:935)
	at ptolemy.actor.Manager.initialize(Manager.java:724)
	at ptolemy.actor.Manager.execute(Manager.java:356)
	at ptolemy.actor.Manager.run(Manager.java:1263)
	at ptolemy.actor.Manager$PtolemyRunThread.run(Manager.java:1933)
]]></system-err>
</testsuite>
