<?xml version="1.0" encoding="UTF-8" ?>
<testsuite errors="0" failures="0" hostname="travis-job-5613c647-eac3-495a-b3c5-3084741f9eaa" name="ptolemy.cg.lib.test.junit.JUnitTclTest" skipped="0" tests="37" time="128.194" timestamp="2021-09-08T19:02:39">
  <properties>
    <property name="npm.executable" value="npm" />
    <property name="env.TRAVIS_ROOT" value="/" />
    <property name="ptII.mk.exists" value="true" />
    <property name="env.TRAVIS_APP_HOST" value="build.travis-ci.com" />
    <property name="env.rvm_bin_path" value="/home/travis/.rvm/bin" />
    <property name="java.home" value="/usr/local/lib/jvm/openjdk11" />
    <property name="env.TRAVIS_JOB_NUMBER" value="1838.10" />
    <property name="env.TRAVIS_HOME" value="/home/travis" />
    <property name="env.DISPLAY" value=":99.0" />
    <property name="env.TRAVIS_INIT" value="systemd" />
    <property name="env.SSH_TTY" value="/dev/pts/0" />
    <property name="java.net.preferIPv4Stack" value="true" />
    <property name="env.RUN_TESTS" value="true" />
    <property name="timeout.short" value="1000000" />
    <property name="junit.formatter" value="xml" />
    <property name="env.TRAVIS_SUDO" value="true" />
    <property name="env.TRAVIS_JOB_NAME" value="" />
    <property name="env.TRAVIS_STACK_NODE_ATTRIBUTES" value="/.node-attributes.yml" />
    <property name="env.LOGNAME" value="travis" />
    <property name="jsdoc.home" value="node_modules/@terraswarm/jsdoc" />
    <property name="debuglevel" value="source,lines,vars" />
    <property name="checkstyle.formatter" value="xml" />
    <property name="bin.vergil.makeable" value="true" />
    <property name="sun.os.patch.level" value="unknown" />
    <property name="java.vendor.url" value="http://java.oracle.com/" />
    <property name="env.TRAVIS_BUILD_WEB_URL" value="https://app.travis-ci.com/icyphy/ptII/builds/237203866" />
    <property name="java.version" value="11.0.2" />
    <property name="env.TZ" value="UTC" />
    <property name="env.TRAVIS_PULL_REQUEST_SHA" value="" />
    <property name="env.PT_NO_NET" value="true" />
    <property name="env.TRAVIS_SECURE_ENV_VARS" value="true" />
    <property name="java.vendor.url.bug" value="http://bugreport.java.com/bugreport/" />
    <property name="npmjs-org-is-up" value="true" />
    <property name="env.LANGUAGE" value="en_US.UTF-8" />
    <property name="env.SSH_CLIENT" value="10.16.1.12 43382 22" />
    <property name="env.GEM_HOME" value="/home/travis/.rvm/gems/ruby-2.5.3" />
    <property name="env.HAS_ANTARES_THREE_LITTLE_FRONZIES_BADGE" value="true" />
    <property name="java.version.date" value="2019-01-15" />
    <property name="env.PS4" value="+" />
    <property name="ant.project.invoked-targets" value="build,test.core3.xml" />
    <property name="env.TRAVIS_PULL_REQUEST_BRANCH" value="" />
    <property name="env.TRAVIS_REPO_SLUG" value="icyphy/ptII" />
    <property name="env.XDG_DATA_DIRS" value="/usr/local/share:/usr/share:/var/lib/snapd/desktop" />
    <property name="jdk.debug" value="release" />
    <property name="env.TRAVIS_APT_PROXY" value="http://build-cache.travisci.net" />
    <property name="env.TRAVIS_CPU_ARCH" value="amd64" />
    <property name="node.in.path" value="true" />
    <property name="user.name" value="travis" />
    <property name="java.maxmemory" value="1400m" />
    <property name="env.RUBY_VERSION" value="ruby-2.5.3" />
    <property name="env.LANG" value="en_US.UTF-8" />
    <property name="sun.io.unicode.encoding" value="UnicodeLittle" />
    <property name="sun.jnu.encoding" value="UTF-8" />
    <property name="java.runtime.name" value="OpenJDK Runtime Environment" />
    <property name="usefile" value="false" />
    <property name="return.code" value="0" />
    <property name="junit.single.formatter" value="plain" />
    <property name="env.DYLD_LIBRARY_PATH" value="/home/travis/pthla/certi-tools/lib:" />
    <property name="env.DEBIAN_FRONTEND" value="noninteractive" />
    <property name="env.SSH_CONNECTION" value="10.16.1.12 43382 10.30.0.47 22" />
    <property name="env.MYSQL_UNIX_PORT" value="/var/run/mysqld/mysqld.sock" />
    <property name="env.LC_ALL" value="en_US.UTF-8" />
    <property name="env.TRAVIS_ALLOW_FAILURE" value="" />
    <property name="env.TRAVIS_JOB_WEB_URL" value="https://app.travis-ci.com/icyphy/ptII/jobs/536221701" />
    <property name="java.specification.name" value="Java Platform API Specification" />
    <property name="node.works" value="true" />
    <property name="user.timezone" value="" />
    <property name="path.separator" value=":" />
    <property name="env.TRAVIS_ENABLE_INFRA_DETECTION" value="true" />
    <property name="env.PYTHON_CFLAGS" value="-g -fstack-protector --param=ssp-buffer-size=4 -Wformat -Werror=format-security" />
    <property name="timeout.long" value="4000000" />
    <property name="env.CERTI_HOME" value="/home/travis/pthla/certi-tools" />
    <property name="ant.file.ptII" value="/home/travis/build/icyphy/ptII/build.xml" />
    <property name="javadoc.packagenames" value="com.*,diva.*,lbnl.*,org.hlacerti.*,org.json.*,org.ptolemy.*,org.terraswarm.*,ptolemy.*,ptserver.*" />
    <property name="file.encoding" value="UTF-8" />
    <property name="env.TRAVIS_PULL_REQUEST_SLUG" value="" />
    <property name="ant.project.default-target" value="build" />
    <property name="env.GIT_ASKPASS" value="echo" />
    <property name="env.HOME" value="/home/travis" />
    <property name="sun.java.command" value="org.apache.tools.ant.taskdefs.optional.junit.JUnitTestRunner ptolemy.cg.lib.test.junit.JUnitTclTest skipNonTests=false filtertrace=true haltOnError=false haltOnFailure=false formatter=org.apache.tools.ant.taskdefs.optional.junit.OutErrSummaryJUnitResultFormatter showoutput=true outputtoformatters=true logfailedtests=true threadid=0 logtestlistenerevents=false formatter=org.apache.tools.ant.taskdefs.optional.junit.XMLJUnitResultFormatter,/home/travis/build/icyphy/ptII/reports/junit/TEST-ptolemy.cg.lib.test.junit.JUnitTclTest.xml crashfile=/home/travis/build/icyphy/ptII/junitvmwatcher10402860597444630638.properties propsfile=/home/travis/build/icyphy/ptII/junit1884650002261908993.properties" />
    <property name="env.COMPOSER_NO_INTERACTION" value="1" />
    <property name="env.MANPATH" value="/home/travis/.nvm/versions/node/v7.10.1/share/man:/home/travis/.rvm/rubies/ruby-2.5.3/share/man:/usr/local/cmake-3.12.4/man:/usr/local/clang-7.0.0/share/man:/usr/local/man:/usr/local/share/man:/usr/share/man:/home/travis/.rvm/man" />
    <property name="env.TRAVIS_TIMER_ID" value="1c409000" />
    <property name="ant.file" value="/home/travis/build/icyphy/ptII/build.xml" />
    <property name="env.TRAVIS_COMMIT_RANGE" value="925adca1e321f264a777db3951cf72c0365f6793...e653f988ec0e1257fe395e15d42f9e399c48a113" />
    <property name="ptII.classpath.optional.property" value="/home/travis/build/icyphy/ptII/lib/asm-all-5.2.jar:/home/travis/build/icyphy/ptII/lib/nashorn-core-15.3.jar:/home/travis/build/icyphy/ptII/lib/bsh-2.0b4.jar:/home/travis/build/icyphy/ptII/lib/ptCal.jar:/home/travis/build/icyphy/ptII/lib/java_cup.jar:/home/travis/build/icyphy/ptII/lib/saxon8.jar:/home/travis/build/icyphy/ptII/lib/saxon8-dom.jar:/home/travis/build/icyphy/ptII/lib/chic.jar:/home/travis/build/icyphy/ptII/lib/ptcolt.jar:/home/travis/build/icyphy/ptII/vendors/misc/itext/iText.jar:/home/travis/build/icyphy/ptII/lib/g4ltl.jar:/home/travis/build/icyphy/ptII/lib/StructuralCoder.jar:/home/travis/build/icyphy/ptII/lib/jcerti.jar:/home/travis/build/icyphy/ptII/lib/javax.mail.jar:/home/travis/build/icyphy/ptII/vendors/JMF-2.1.1e/lib/jmf.jar:/home/travis/build/icyphy/ptII/lib/jna-4.0.0-variadic.jar:/home/travis/build/icyphy/ptII/vendors/misc/joystick/Joystick.jar:/home/travis/build/icyphy/ptII/lib/ptjacl.jar:/home/travis/build/icyphy/ptII/lib/jsoup-1.14.2.jar:/home/travis/build/icyphy/ptII/lib/junit-4.8.2.jar:/home/travis/build/icyphy/ptII/lib/JUnitParams-0.4.0.jar:/home/travis/build/icyphy/ptII/ptolemy/actor/lib/excel/jxl.jar:/home/travis/build/icyphy/ptII/lib/jython.jar:/home/travis/build/icyphy/ptII/lib/kieler.jar:/home/travis/build/icyphy/ptII/vendors/opencv/share/OpenCV/java/opencv-341.jar:/home/travis/build/icyphy/ptII/lib/oscP5.jar:/home/travis/build/icyphy/ptII/lib/nrjavaserial-3.11.0.devel.jar:/home/travis/build/icyphy/ptII/vendors/j3d/lib/Linux/j3dcore.jar:/home/travis/build/icyphy/ptII/vendors/j3d/lib/Linux/j3dutils.jar:/home/travis/build/icyphy/ptII/vendors/j3d/lib/Linux/vecmath.jar:/home/travis/build/icyphy/ptII/vendors/jogl/lib/Linux/gluegen-rt-natives-linux-amd64.jar:/home/travis/build/icyphy/ptII/vendors/jogl/lib/Linux/gluegen-rt.jar:/home/travis/build/icyphy/ptII/vendors/jogl/lib/Linux/jogl-all-natives-linux-amd64.jar:/home/travis/build/icyphy/ptII/vendors/jogl/lib/Linux/jogl-all.jar:/home/travis/build/icyphy/ptII/ptolemy/distributed/jini/jar/jini-core.jar:/home/travis/build/icyphy/ptII/ptolemy/distributed/jini/jar/jini-ext.jar:/home/travis/build/icyphy/ptII/ptolemy/distributed/jini/jar/sun-util.jar:/home/travis/build/icyphy/ptII/lib/protobuf-java-2.4.1.jar:/home/travis/build/icyphy/ptII/lib/org.eclipse.paho.client.mqttv3.jar:/home/travis/build/icyphy/ptII/lib/mapss.jar:/home/travis/build/icyphy/ptII/ptolemy/actor/ptalon/antlr/antlr.jar:/home/travis/build/icyphy/ptII/lib/JRI.jar:/home/travis/build/icyphy/ptII/lib/commons-lang-2.6.jar:/home/travis/build/icyphy/ptII/lib/commons-logging-1.1.1.jar:/home/travis/build/icyphy/ptII/lib/sootclasses.jar:/home/travis/build/icyphy/ptII/ptolemy/actor/lib/database/mysql-connector-java-8.0.26.jar:/home/travis/build/icyphy/ptII/vendors/misc/sphinx4/sphinx4-data-5prealpha.jar:/home/travis/build/icyphy/ptII/vendors/misc/sphinx4/sphinx4-core-5prealpha.jar:/home/travis/build/icyphy/ptII/lib/PDFRenderer.jar:/home/travis/build/icyphy/ptII/lib/svgSalamander.jar:/home/travis/build/icyphy/ptII/lib/rsyntaxtextarea-2.6.0-SNAPSHOT.jar:/home/travis/build/icyphy/ptII/lib/hazelcast-3.8.2.jar:/home/travis/build/icyphy/ptII/lib/jackson-annotations-2.9.0.jar:/home/travis/build/icyphy/ptII/lib/jackson-core-2.9.3.jar:/home/travis/build/icyphy/ptII/lib/jackson-databind-2.9.3.jar:/home/travis/build/icyphy/ptII/lib/netty-buffer-4.1.19.Final.jar:/home/travis/build/icyphy/ptII/lib/netty-codec-4.1.19.Final.jar:/home/travis/build/icyphy/ptII/lib/netty-codec-dns-4.1.19.Final.jar:/home/travis/build/icyphy/ptII/lib/netty-codec-http-4.1.19.Final.jar:/home/travis/build/icyphy/ptII/lib/netty-codec-http2-4.1.19.Final.jar:/home/travis/build/icyphy/ptII/lib/netty-common-4.1.19.Final.jar:/home/travis/build/icyphy/ptII/lib/netty-handler-4.1.19.Final.jar:/home/travis/build/icyphy/ptII/lib/netty-resolver-4.1.19.Final.jar:/home/travis/build/icyphy/ptII/lib/netty-resolver-dns-4.1.19.Final.jar:/home/travis/build/icyphy/ptII/lib/netty-transport-4.1.19.Final.jar:/home/travis/build/icyphy/ptII/lib/vertx-codegen-3.5.1.jar:/home/travis/build/icyphy/ptII/lib/vertx-core-3.5.2-SNAPSHOT.jar:/home/travis/build/icyphy/ptII/lib/vertx-hazelcast-3.5.1.jar:/home/travis/build/icyphy/ptII/lib/vertx-lang-js-3.5.1.jar:/home/travis/build/icyphy/ptII/lib/vertx-service-proxy-3.5.1.jar:/home/travis/build/icyphy/ptII/lib/vertx-web-3.5.1.jar:/home/travis/build/icyphy/ptII/lib/slf4j-api-1.7.13.jar:/home/travis/build/icyphy/ptII/lib/slf4j-simple-1.7.13.jar:/home/travis/build/icyphy/ptII/lib/webcam-capture-0.3.12.jar:/home/travis/build/icyphy/ptII/lib/bridj-0.7.0.jar:/home/travis/build/icyphy/ptII/lib/xbjlib-1.1.0.nrjavaserial.jar" />
    <property name="timeout" value="2400000" />
    <property name="test.batch" value="**/junit/*.java" />
    <property name="env._" value="/usr/bin/timeout" />
    <property name="java.io.tmpdir" value="/tmp" />
    <property name="user.language" value="en" />
    <property name="env.TRAVIS_INTERNAL_RUBY_REGEX" value="^ruby-(2\.[0-4]\.[0-9]|1\.9\.3)" />
    <property name="env.HISTCONTROL" value="ignoredups:ignorespace" />
    <property name="env.GOROOT" value="/home/travis/.gimme/versions/go1.11.1.linux.amd64" />
    <property name="line.separator" value="&#xa;" />
    <property name="target" value="11" />
    <property name="env.TRAVIS_BUILD_DIR" value="/home/travis/build/icyphy/ptII" />
    <property name="env.ANT_OPTS" value="-Xmx2048m" />
    <property name="ant.file.type" value="file" />
    <property name="ptolemy.ptII.batchMode" value="true" />
    <property name="env.HISTSIZE" value="1000" />
    <property name="env.MERB_ENV" value="test" />
    <property name="java.vm.info" value="mixed mode" />
    <property name="source" value="11" />
    <property name="java.vm.specification.name" value="Java Virtual Machine Specification" />
    <property name="env.TRAVIS_TEST_RESULT" value="0" />
    <property name="jsdoc.command" value="node_modules/@terraswarm/jsdoc/jsdoc.js" />
    <property name="npm.works" value="true" />
    <property name="cobertura.dir" value="/home/travis/build/icyphy/ptII/vendors/cobertura-2.0.3" />
    <property name="jsdoc.command.exists" value="true" />
    <property name="env.rvm_path" value="/home/travis/.rvm" />
    <property name="env.GEM_PATH" value="/home/travis/.rvm/gems/ruby-2.5.3:/home/travis/.rvm/gems/ruby-2.5.3@global" />
    <property name="env.LC_CTYPE" value="en_US.UTF-8" />
    <property name="env.TRAVIS_CMD" value="$PTII/bin/ptIITravisBuild.sh $SECONDS" />
    <property name="java.awt.printerjob" value="sun.print.PSPrinterJob" />
    <property name="env.TRAVIS_STACK_NAME" value="sardonyx" />
    <property name="env.TRAVIS_TIMER_START_TIME" value="1631127168698339653" />
    <property name="ant.version" value="Apache Ant(TM) version 1.10.1 compiled on February 2 2017" />
    <property name="ptII.reports" value="/home/travis/build/icyphy/ptII/reports" />
    <property name="env.TRAVIS_STACK_TIMESTAMP" value="2020-06-24 13:13:18 UTC" />
    <property name="ant.file.type.ptII" value="file" />
    <property name="env.PT_TRAVIS_TEST_CORE3_XML" value="true" />
    <property name="env.RBENV_SHELL" value="bash" />
    <property name="os.name" value="Linux" />
    <property name="java.specification.vendor" value="Oracle Corporation" />
    <property name="env.rvm_version" value="1.29.10 (latest)" />
    <property name="env.TRAVIS_INFRA" value="unknown" />
    <property name="env.TERM" value="xterm" />
    <property name="java.vm.name" value="OpenJDK 64-Bit Server VM" />
    <property name="env.TRAVIS_BUILD_NUMBER" value="1838" />
    <property name="env.CI" value="true" />
    <property name="java.library.path" value="/home/travis/pthla/certi-tools/lib:/usr/lib/jni:/usr/local/share/OpenCV/java/:/usr/share/OpenCV/java::/usr/java/packages/lib:/usr/lib64:/lib64:/lib:/usr/lib" />
    <property name="jdk.module.path" value="/home/travis/build/icyphy/ptII/vendors/javafx/javafx-sdk-11.0.2/lib:" />
    <property name="env.rvm_prefix" value="/home/travis" />
    <property name="env.PATH" value="/home/travis/pthla/certi-tools/share/scripts:/home/travis/.rvm/gems/ruby-2.5.3/bin:/home/travis/.rvm/gems/ruby-2.5.3@global/bin:/home/travis/.rvm/rubies/ruby-2.5.3/bin:/home/travis/.rvm/bin:./node_modules/.bin:/home/travis/build/icyphy/ptII/bin:/home/travis/pthla/certi-tools/bin:/home/travis/bin:/home/travis/.local/bin:/usr/local/lib/jvm/openjdk11/bin:/opt/pyenv/shims:/home/travis/.phpenv/shims:/home/travis/perl5/perlbrew/bin:/home/travis/.nvm/versions/node/v7.10.1/bin:/home/travis/gopath/bin:/home/travis/.gimme/versions/go1.11.1.linux.amd64/bin:/usr/local/maven-3.6.3/bin:/usr/local/cmake-3.12.4/bin:/usr/local/clang-7.0.0/bin:/usr/local/sbin:/usr/local/bin:/usr/sbin:/usr/bin:/sbin:/bin:/snap/bin:/home/travis/.phpenv/bin:/opt/pyenv/bin:/home/travis/.yarn/bin" />
    <property name="env.TRAVIS_OS_NAME" value="linux" />
    <property name="ant.java.version" value="9" />
    <property name="basedir" value="/home/travis/build/icyphy/ptII" />
    <property name="java.class.version" value="55.0" />
    <property name="env.SHLVL" value="3" />
    <property name="env.LD_LIBRARY_PATH" value="/home/travis/pthla/certi-tools/lib:/usr/lib/jni:/usr/local/share/OpenCV/java/:/usr/share/OpenCV/java:" />
    <property name="env.RACK_ENV" value="test" />
    <property name="ant.home" value="/home/travis/build/icyphy/ptII/ant" />
    <property name="env.NVM_DIR" value="/home/travis/.nvm" />
    <property name="env.CERTI_FOM_PATH" value="/home/travis/pthla/certi-tools/share/federations" />
    <property name="env.TRAVIS_BUILD_ID" value="237203866" />
    <property name="env.PYENV_ROOT" value="/opt/pyenv" />
    <property name="env.TRAVIS_UID" value="2000" />
    <property name="prism.verbose" value="true" />
    <property name="env.NVM_BIN" value="/home/travis/.nvm/versions/node/v7.10.1/bin" />
    <property name="env.TRAVIS_COMMIT" value="e653f988ec0e1257fe395e15d42f9e399c48a113" />
    <property name="node.executable" value="node" />
    <property name="sun.boot.library.path" value="/usr/local/lib/jvm/openjdk11/lib" />
    <property name="sun.management.compiler" value="HotSpot 64-Bit Tiered Compilers" />
    <property name="java.awt.graphicsenv" value="sun.awt.X11GraphicsEnvironment" />
    <property name="env.GOPATH" value="/home/travis/gopath" />
    <property name="ptolemy.ptII.dir" value="/home/travis/build/icyphy/ptII" />
    <property name="env.USER" value="travis" />
    <property name="env.HISTFILESIZE" value="2000" />
    <property name="env.NVM_INC" value="/home/travis/.nvm/versions/node/v7.10.1/include/node" />
    <property name="timeout.longest" value="19000000" />
    <property name="env.PERLBREW_SHELLRC_VERSION" value="0.88" />
    <property name="env.TRAVIS_STACK_FEATURES" value="basic couchdb disabled-ipv6 docker docker-compose elasticsearch firefox go-toolchain google-chrome jdk memcached mongodb mysql nodejs_interpreter perl_interpreter perlbrew phantomjs postgresql python_interpreter redis ruby_interpreter sqlite xserver" />
    <property name="env.TRAVIS_PULL_REQUEST" value="false" />
    <property name="env.PYENV_SHELL" value="bash" />
    <property name="ant.project.name" value="ptII" />
    <property name="env.ANSI_RESET" value="\033[0m" />
    <property name="java.vm.specification.version" value="11" />
    <property name="env.TRAVIS_DIST" value="xenial" />
    <property name="env.CERTI_VERSION" value="4.0.0" />
    <property name="env.CERTI_HOST" value="localhost" />
    <property name="awt.toolkit" value="sun.awt.X11.XToolkit" />
    <property name="env.MY_RUBY_HOME" value="/home/travis/.rvm/rubies/ruby-2.5.3" />
    <property name="sun.cpu.isalist" value="" />
    <property name="env.TRAVIS_TMPDIR" value="/tmp/tmp.yJTlDT4OG5" />
    <property name="java.vm.compressedOopsMode" value="Zero based" />
    <property name="os.version" value="4.15.0-1077-gcp" />
    <property name="user.home" value="/home/travis" />
    <property name="java.vm.vendor" value="Oracle Corporation" />
    <property name="env.TRAVIS_TAG" value="nightly" />
    <property name="env.ANSI_YELLOW" value="\033[33;1m" />
    <property name="env.TRAVIS_FILTERED" value="redirect_io" />
    <property name="env.ANSI_GREEN" value="\033[32;1m" />
    <property name="env.JAVA_HOME" value="/usr/local/lib/jvm/openjdk11" />
    <property name="javadoc.excludepackagenames" value="adm.cvs2svn.*,build.*,config.*,doc.coding.templates.*,jni.test.jni.meaningOfLife.*,jni.test.jni.testDeux.*,jni.test.jni.testTrois.*,org.terraswarm.accessor.accessors.web.node_modules.*,org.terraswarm.accessor.accessors.web.hosts.cordova.demo.*,org.terraswarm.accessor.accessors.web.hosts.cordova.plugins.*,org.terraswarm.accessor.accessors-svn.*,pt-modules.*,ptolemy.apps.agilent.*,ptolemy.apps.anytimecontrol.*,ptolemy.apps.apes.*,ptolemy.apps.charon.*,ptolemy.apps.crazyboard.*,ptolemy.apps.eclipse.*,ptolemy.apps.etherealSting.*,ptolemy.apps.fullscreen.*,ptolemy.apps.giotto.*,ptolemy.apps.ia.*,ptolemy.apps.interfaces.*,ptolemy.apps.jmf.*,ptolemy.apps.kurt.*,ptolemy.apps.kvm.*,ptolemy.apps.lego.*,ptolemy.apps.lejos.*,ptolemy.apps.midp.*,ptolemy.apps.mobileCoding.*,ptolemy.apps.pendulum.*,ptolemy.apps.rijndael.*,ptolemy.apps.robot.*,ptolemy.apps.security.*,ptolemy.apps.sobel.*,ptolemy.apps.soot.*,ptolemy.apps.throttle.*,ptolemy.apps.tini.*,ptolemy.apps.transmission.*,ptolemy.apps.vergil.*,ptolemy.apps.waba.*,ptolemy.apps.websensor.*,ptolemy.apps.webstart.*,ptolemy.apps.xsl.*,ptolemy.apps.zaurus.*,ptolemy.codegen.c.actor.lib.oldJavaFiles.*,ptolemy.codegen.dsp.lib.*,ptolemy.codegen.kernel.newInterfaces.*,ptolemy.codegen.lib.*,ptolemy.copernicus.kernel.fragment.*,ptolemy.copernicus.shallow.cg.*,ptolemy.domains.giotto.demo.Hierarchy.Hierarchy.*,ptolemy.domains.giotto.demo.Multimode.Multimode.*,ptolemy.domains.giotto.demo.Simple.Simple.*,ptolemy.domains.gr.lib.experimental.*,ptolemy.domains.gro.*,ptolemy.domains.pdf.*,ptolemy.domains.ptinyos.demo.Surge.output.*,ptolemy.moml.test.NoPackageActor.java*,ptolemy.plot.adm.*,ptolemy.plot.servlet.*,reports.*,signed.*,src.*,target.*,vendors.*,ptolemy.copernicus.applet.*,ptolemy.media.viewer.*,ptolemy.actor.corba.*,doc.doclets.*,ptolemy.apps.eclipse.awt.*,ptolemy.backtrack.*,ptolemy.backtrack.ast.*,ptolemy.cg.adapter.generic.program.procedural.c.mbed*,ptolemy.homer.*,ptolemy.actor.lib.jai.*,org.ptolemy.scala.*,diva.util.java2d.svg.*,ptolemy.domains.ptinyos.*,ptolemy.actor.lib.fmi.fmipp.*,,org.terraswarm.accessor.accessors.web.node_modules.*,org.terraswarm.accessor.accessors-svn,ptolemy.apps.*,ptolemy.actor.ptalon.demo.ptinyos.SendAndReceiveCnt.output,ptolemy.actor.ptalon.demo.ptinyos.SenseToLeds.output,ptolemy.domains.ptinyos.demo.CntToLedsAndRfm.output,ptolemy.domains.ptinyos.demo.RfmToLeds.output,ptolemy.domains.ptinyos.demo.SendAndReceiveCnt.output,ptolemy.domains.ptinyos.demo.SenseToLeds.output,ptolemy.actor.lib.jjs.modules.udpSocket.*" />
    <property name="env.PTII" value="/home/travis/build/icyphy/ptII" />
    <property name="env.XDG_SESSION_ID" value="2" />
    <property name="keystore" value="ptKeystore" />
    <property name="env.TRAVIS_COMMIT_MESSAGE" value="Support compiling with the standalone Nashorn jar." />
    <property name="junit.output.dir" value="/home/travis/build/icyphy/ptII/reports/junit" />
    <property name="npm.return.code" value="0" />
    <property name="user.dir" value="/home/travis/build/icyphy/ptII/ptolemy/cg/lib/test" />
    <property name="env.TRAVIS_NODE_VERSION" value="7" />
    <property name="env.TRAVIS_EVENT_TYPE" value="api" />
    <property name="env.MAIL" value="/var/mail/travis" />
    <property name="env.PERLBREW_ROOT" value="/home/travis/perl5/perlbrew" />
    <property name="env.PWD" value="/home/travis/build/icyphy/ptII" />
    <property name="timeout.npm" value="45000" />
    <property name="env.TRAVIS_ARCH" value="amd64" />
    <property name="sun.cpu.endian" value="little" />
    <property name="env.PAGER" value="cat" />
    <property name="env.TRAVIS_BUILD_STAGE_NAME" value="test" />
    <property name="env.PERLBREW_HOME" value="/home/travis/.perlbrew" />
    <property name="java.vm.version" value="11.0.2+9" />
    <property name="env.RAILS_ENV" value="test" />
    <property name="java.class.path" value="/home/travis/build/icyphy/ptII:/home/travis/build/icyphy/ptII/lib/asm-all-5.2.jar:/home/travis/build/icyphy/ptII/lib/nashorn-core-15.3.jar:/home/travis/build/icyphy/ptII/lib/bsh-2.0b4.jar:/home/travis/build/icyphy/ptII/lib/ptCal.jar:/home/travis/build/icyphy/ptII/lib/java_cup.jar:/home/travis/build/icyphy/ptII/lib/saxon8.jar:/home/travis/build/icyphy/ptII/lib/saxon8-dom.jar:/home/travis/build/icyphy/ptII/lib/chic.jar:/home/travis/build/icyphy/ptII/lib/ptcolt.jar:/home/travis/build/icyphy/ptII/vendors/misc/itext/iText.jar:/home/travis/build/icyphy/ptII/lib/g4ltl.jar:/home/travis/build/icyphy/ptII/lib/StructuralCoder.jar:/home/travis/build/icyphy/ptII/lib/jcerti.jar:/home/travis/build/icyphy/ptII/lib/javax.mail.jar:/home/travis/build/icyphy/ptII/vendors/JMF-2.1.1e/lib/jmf.jar:/home/travis/build/icyphy/ptII/lib/jna-4.0.0-variadic.jar:/home/travis/build/icyphy/ptII/vendors/misc/joystick/Joystick.jar:/home/travis/build/icyphy/ptII/lib/ptjacl.jar:/home/travis/build/icyphy/ptII/lib/jsoup-1.14.2.jar:/home/travis/build/icyphy/ptII/lib/junit-4.8.2.jar:/home/travis/build/icyphy/ptII/lib/JUnitParams-0.4.0.jar:/home/travis/build/icyphy/ptII/ptolemy/actor/lib/excel/jxl.jar:/home/travis/build/icyphy/ptII/lib/jython.jar:/home/travis/build/icyphy/ptII/lib/kieler.jar:/home/travis/build/icyphy/ptII/vendors/opencv/share/OpenCV/java/opencv-341.jar:/home/travis/build/icyphy/ptII/lib/oscP5.jar:/home/travis/build/icyphy/ptII/lib/nrjavaserial-3.11.0.devel.jar:/home/travis/build/icyphy/ptII/vendors/j3d/lib/Linux/j3dcore.jar:/home/travis/build/icyphy/ptII/vendors/j3d/lib/Linux/j3dutils.jar:/home/travis/build/icyphy/ptII/vendors/j3d/lib/Linux/vecmath.jar:/home/travis/build/icyphy/ptII/vendors/jogl/lib/Linux/gluegen-rt-natives-linux-amd64.jar:/home/travis/build/icyphy/ptII/vendors/jogl/lib/Linux/gluegen-rt.jar:/home/travis/build/icyphy/ptII/vendors/jogl/lib/Linux/jogl-all-natives-linux-amd64.jar:/home/travis/build/icyphy/ptII/vendors/jogl/lib/Linux/jogl-all.jar:/home/travis/build/icyphy/ptII/ptolemy/distributed/jini/jar/jini-core.jar:/home/travis/build/icyphy/ptII/ptolemy/distributed/jini/jar/jini-ext.jar:/home/travis/build/icyphy/ptII/ptolemy/distributed/jini/jar/sun-util.jar:/home/travis/build/icyphy/ptII/lib/protobuf-java-2.4.1.jar:/home/travis/build/icyphy/ptII/lib/org.eclipse.paho.client.mqttv3.jar:/home/travis/build/icyphy/ptII/lib/mapss.jar:/home/travis/build/icyphy/ptII/ptolemy/actor/ptalon/antlr/antlr.jar:/home/travis/build/icyphy/ptII/lib/JRI.jar:/home/travis/build/icyphy/ptII/lib/commons-lang-2.6.jar:/home/travis/build/icyphy/ptII/lib/commons-logging-1.1.1.jar:/home/travis/build/icyphy/ptII/lib/sootclasses.jar:/home/travis/build/icyphy/ptII/ptolemy/actor/lib/database/mysql-connector-java-8.0.26.jar:/home/travis/build/icyphy/ptII/vendors/misc/sphinx4/sphinx4-data-5prealpha.jar:/home/travis/build/icyphy/ptII/vendors/misc/sphinx4/sphinx4-core-5prealpha.jar:/home/travis/build/icyphy/ptII/lib/PDFRenderer.jar:/home/travis/build/icyphy/ptII/lib/svgSalamander.jar:/home/travis/build/icyphy/ptII/lib/rsyntaxtextarea-2.6.0-SNAPSHOT.jar:/home/travis/build/icyphy/ptII/lib/hazelcast-3.8.2.jar:/home/travis/build/icyphy/ptII/lib/jackson-annotations-2.9.0.jar:/home/travis/build/icyphy/ptII/lib/jackson-core-2.9.3.jar:/home/travis/build/icyphy/ptII/lib/jackson-databind-2.9.3.jar:/home/travis/build/icyphy/ptII/lib/netty-buffer-4.1.19.Final.jar:/home/travis/build/icyphy/ptII/lib/netty-codec-4.1.19.Final.jar:/home/travis/build/icyphy/ptII/lib/netty-codec-dns-4.1.19.Final.jar:/home/travis/build/icyphy/ptII/lib/netty-codec-http-4.1.19.Final.jar:/home/travis/build/icyphy/ptII/lib/netty-codec-http2-4.1.19.Final.jar:/home/travis/build/icyphy/ptII/lib/netty-common-4.1.19.Final.jar:/home/travis/build/icyphy/ptII/lib/netty-handler-4.1.19.Final.jar:/home/travis/build/icyphy/ptII/lib/netty-resolver-4.1.19.Final.jar:/home/travis/build/icyphy/ptII/lib/netty-resolver-dns-4.1.19.Final.jar:/home/travis/build/icyphy/ptII/lib/netty-transport-4.1.19.Final.jar:/home/travis/build/icyphy/ptII/lib/vertx-codegen-3.5.1.jar:/home/travis/build/icyphy/ptII/lib/vertx-core-3.5.2-SNAPSHOT.jar:/home/travis/build/icyphy/ptII/lib/vertx-hazelcast-3.5.1.jar:/home/travis/build/icyphy/ptII/lib/vertx-lang-js-3.5.1.jar:/home/travis/build/icyphy/ptII/lib/vertx-service-proxy-3.5.1.jar:/home/travis/build/icyphy/ptII/lib/vertx-web-3.5.1.jar:/home/travis/build/icyphy/ptII/lib/slf4j-api-1.7.13.jar:/home/travis/build/icyphy/ptII/lib/slf4j-simple-1.7.13.jar:/home/travis/build/icyphy/ptII/lib/webcam-capture-0.3.12.jar:/home/travis/build/icyphy/ptII/lib/bridj-0.7.0.jar:/home/travis/build/icyphy/ptII/lib/xbjlib-1.1.0.nrjavaserial.jar:/home/travis/build/icyphy/ptII/ptolemy/moml/test:/home/travis/build/icyphy/ptII/ant/lib/ant-launcher.jar:/home/travis/build/icyphy/ptII/ant/lib/ant.jar:/home/travis/build/icyphy/ptII/ant/lib/ant-junit.jar:/home/travis/build/icyphy/ptII/ant/lib/ant-junit4.jar" />
    <property name="ant.library.dir" value="/home/travis/build/icyphy/ptII/ant/lib" />
    <property name="os.arch" value="amd64" />
    <property name="env.CONTINUOUS_INTEGRATION" value="true" />
    <property name="env.TRAVIS_LANGUAGE" value="node_js" />
    <property name="env.TRAVIS_STACK_LANGUAGES" value="__sardonyx__ c c++ clojure cplusplus cpp default generic go groovy java node_js php pure_java python ruby scala" />
    <property name="test.name" value="ptolemy.actor.lib.test.junit.JUnitTclTest" />
    <property name="env.APT_KEY_DONT_WARN_ON_DANGEROUS_USAGE" value="1" />
    <property name="sun.java.launcher" value="SUN_STANDARD" />
    <property name="env.PYTHON_CONFIGURE_OPTS" value="--enable-unicode=ucs4 --with-wide-unicode --enable-shared --enable-ipv6 --enable-loadable-sqlite-extensions --with-computed-gotos" />
    <property name="ant.core.lib" value="/home/travis/build/icyphy/ptII/ant/lib/ant.jar" />
    <property name="java.vm.specification.vendor" value="Oracle Corporation" />
    <property name="env.BCVTB_HOME" value="/home/travis/build/icyphy/ptII/lbnl" />
    <property name="file.separator" value="/" />
    <property name="spotbugs.home" value="/home/travis/build/icyphy/ptII/vendors/spotbugs-3.1.1" />
    <property name="java.runtime.version" value="11.0.2+9" />
    <property name="javafx.verbose" value="true" />
    <property name="env.ANSI_CLEAR" value="\033[0K" />
    <property name="env.HAS_JOSH_K_SEAL_OF_APPROVAL" value="true" />
    <property name="env.XDG_RUNTIME_DIR" value="/run/user/2000" />
    <property name="env.TRAVIS_OSX_IMAGE" value="" />
    <property name="env.TRAVIS_JOB_ID" value="536221701" />
    <property name="env.TRAVIS_BRANCH" value="master" />
    <property name="user.country" value="US" />
    <property name="env.CERTI_HOME_TRAVIS" value="/home/travis/pthla/certi-tools" />
    <property name="env.SHELL" value="/bin/bash" />
    <property name="java.maxmemory.large" value="3200m" />
    <property name="model" value="" />
    <property name="env.CASHER_DIR" value="/home/travis/.casher" />
    <property name="env.NVM_CD_FLAGS" value="" />
    <property name="java.vendor.version" value="18.9" />
    <property name="jshint.executable" value="/home/travis/node_modules/jshint/bin/jshint" />
    <property name="env.JRUBY_OPTS" value=" --client -J-XX:+TieredCompilation -J-XX:TieredStopAtLevel=1 -J-Xss2m -Xcompile.invokedynamic=false" />
    <property name="java.vendor" value="Oracle Corporation" />
    <property name="env.TRAVIS_PRE_CHEF_BOOTSTRAP_TIME" value="2020-06-24T13:13:03" />
    <property name="env.TRAVIS_STACK_JOB_BOARD_REGISTER" value="/.job-board-register.yml" />
    <property name="env.ANSI_RED" value="\033[31;1m" />
    <property name="java.specification.version" value="11" />
    <property name="env.IRBRC" value="/home/travis/.rvm/rubies/ruby-2.5.3/.irbrc" />
    <property name="env.TRAVIS" value="true" />
    <property name="sun.arch.data.model" value="64" />
  </properties>
  <testcase classname="ptolemy.util.test.junit.TclTests" name="[0] /home/travis/build/icyphy/ptII/ptolemy/cg/lib/test/ModularCodeGenTypedCompositeActor.tcl (RunTclFile)" time="12.671" />
  <testcase classname="ptolemy.util.test.junit.AutoKnownFailedTests" name="[0] ThereAreNoKnowFailedTests (RunModel)" time="0.003" />
  <testcase classname="ptolemy.util.test.junit.AutoNameArchTests" name="[0] ThereAreNoAutoArchTests (RunModel)" time="0.003" />
  <testcase classname="ptolemy.util.test.junit.AutoTests" name="[0] /home/travis/build/icyphy/ptII/ptolemy/cg/lib/test/auto/CompiledCompositeActor.xml (RunModel)" time="1.354" />
  <testcase classname="ptolemy.util.test.junit.AutoTests" name="[1] /home/travis/build/icyphy/ptII/ptolemy/cg/lib/test/auto/DECGClockRamp.xml (RunModel)" time="0.049" />
  <testcase classname="ptolemy.util.test.junit.AutoTests" name="[2] /home/travis/build/icyphy/ptII/ptolemy/cg/lib/test/auto/DECGDelay.xml (RunModel)" time="0.053" />
  <testcase classname="ptolemy.util.test.junit.AutoTests" name="[3] /home/travis/build/icyphy/ptII/ptolemy/cg/lib/test/auto/DECGHelloWorld.xml (RunModel)" time="0.056" />
  <testcase classname="ptolemy.util.test.junit.AutoTests" name="[4] /home/travis/build/icyphy/ptII/ptolemy/cg/lib/test/auto/DECGHeterogeneous.xml (RunModel)" time="0.072" />
  <testcase classname="ptolemy.util.test.junit.AutoTests" name="[5] /home/travis/build/icyphy/ptII/ptolemy/cg/lib/test/auto/DECGHeterogeneousMk2.xml (RunModel)" time="0.159" />
  <testcase classname="ptolemy.util.test.junit.AutoTests" name="[6] /home/travis/build/icyphy/ptII/ptolemy/cg/lib/test/auto/DECGMath.xml (RunModel)" time="0.056" />
  <testcase classname="ptolemy.util.test.junit.AutoTests" name="[7] /home/travis/build/icyphy/ptII/ptolemy/cg/lib/test/auto/DECGPi.xml (RunModel)" time="0.146" />
  <testcase classname="ptolemy.util.test.junit.AutoTests" name="[8] /home/travis/build/icyphy/ptII/ptolemy/cg/lib/test/auto/DECGPiSquare.xml (RunModel)" time="0.21" />
  <testcase classname="ptolemy.util.test.junit.AutoTests" name="[9] /home/travis/build/icyphy/ptII/ptolemy/cg/lib/test/auto/DECGPoisson.xml (RunModel)" time="0.036" />
  <testcase classname="ptolemy.util.test.junit.AutoTests" name="[10] /home/travis/build/icyphy/ptII/ptolemy/cg/lib/test/auto/JavaCompiledCompositeActor5.xml (RunModel)" time="1.323" />
  <testcase classname="ptolemy.util.test.junit.AutoTests" name="[11] /home/travis/build/icyphy/ptII/ptolemy/cg/lib/test/auto/JavaCompiledCompositeTest1.xml (RunModel)" time="1.049" />
  <testcase classname="ptolemy.util.test.junit.AutoTests" name="[12] /home/travis/build/icyphy/ptII/ptolemy/cg/lib/test/auto/JavaCompiledCompositeTest2.xml (RunModel)" time="1.048" />
  <testcase classname="ptolemy.util.test.junit.AutoTests" name="[13] /home/travis/build/icyphy/ptII/ptolemy/cg/lib/test/auto/JavaCompiledCompositeTest3.xml (RunModel)" time="1.307" />
  <testcase classname="ptolemy.util.test.junit.AutoTests" name="[14] /home/travis/build/icyphy/ptII/ptolemy/cg/lib/test/auto/JavaCompiledCompositeTest4.xml (RunModel)" time="1.012" />
  <testcase classname="ptolemy.util.test.junit.AutoTests" name="[15] /home/travis/build/icyphy/ptII/ptolemy/cg/lib/test/auto/ModularCG.xml (RunModel)" time="17.326" />
  <testcase classname="ptolemy.util.test.junit.AutoTests" name="[16] /home/travis/build/icyphy/ptII/ptolemy/cg/lib/test/auto/ModularCGPubSub.xml (RunModel)" time="5.535" />
  <testcase classname="ptolemy.util.test.junit.AutoTests" name="[17] /home/travis/build/icyphy/ptII/ptolemy/cg/lib/test/auto/ModularCodeGen.xml (RunModel)" time="2.628" />
  <testcase classname="ptolemy.util.test.junit.AutoTests" name="[18] /home/travis/build/icyphy/ptII/ptolemy/cg/lib/test/auto/ModularCodeGen2.xml (RunModel)" time="5.117" />
  <testcase classname="ptolemy.util.test.junit.AutoTests" name="[19] /home/travis/build/icyphy/ptII/ptolemy/cg/lib/test/auto/ModularCodeGen3.xml (RunModel)" time="16.295" />
  <testcase classname="ptolemy.util.test.junit.AutoTests" name="[20] /home/travis/build/icyphy/ptII/ptolemy/cg/lib/test/auto/ModularCodeGen4.xml (RunModel)" time="16.265" />
  <testcase classname="ptolemy.util.test.junit.AutoTests" name="[21] /home/travis/build/icyphy/ptII/ptolemy/cg/lib/test/auto/ModularCodeGen5.xml (RunModel)" time="5.69" />
  <testcase classname="ptolemy.util.test.junit.AutoTests" name="[22] /home/travis/build/icyphy/ptII/ptolemy/cg/lib/test/auto/ModularCodeGen6.xml (RunModel)" time="8.414" />
  <testcase classname="ptolemy.util.test.junit.AutoTests" name="[23] /home/travis/build/icyphy/ptII/ptolemy/cg/lib/test/auto/ModularCodeGenLazyPubSub.xml (RunModel)" time="3.684" />
  <testcase classname="ptolemy.util.test.junit.AutoTests" name="[24] /home/travis/build/icyphy/ptII/ptolemy/cg/lib/test/auto/ModularCodeGenLazyPubSubGlobal.xml (RunModel)" time="3.091" />
  <testcase classname="ptolemy.util.test.junit.AutoTests" name="[25] /home/travis/build/icyphy/ptII/ptolemy/cg/lib/test/auto/ModularCodeGenPubSub1.xml (RunModel)" time="2.855" />
  <testcase classname="ptolemy.util.test.junit.AutoTests" name="[26] /home/travis/build/icyphy/ptII/ptolemy/cg/lib/test/auto/ModularCodeGenPubSub2.xml (RunModel)" time="5.299" />
  <testcase classname="ptolemy.util.test.junit.AutoTests" name="[27] /home/travis/build/icyphy/ptII/ptolemy/cg/lib/test/auto/ModularCodeGenPubSub3.xml (RunModel)" time="5.781" />
  <testcase classname="ptolemy.util.test.junit.AutoTests" name="[28] /home/travis/build/icyphy/ptII/ptolemy/cg/lib/test/auto/ModularCodeGenPubSub4.xml (RunModel)" time="5.141" />
  <testcase classname="ptolemy.util.test.junit.AutoTests" name="[29] /home/travis/build/icyphy/ptII/ptolemy/cg/lib/test/auto/PubSubAggLazy.xml (RunModel)" time="0.034" />
  <testcase classname="ptolemy.util.test.junit.AutoTests" name="[30] /home/travis/build/icyphy/ptII/ptolemy/cg/lib/test/auto/PubSubAggModularCodeGen.xml (RunModel)" time="2.961" />
  <testcase classname="ptolemy.util.test.junit.AutoTests" name="[31] /home/travis/build/icyphy/ptII/ptolemy/cg/lib/test/auto/PubSubAggTypedComposite.xml (RunModel)" time="0.02" />
  <testcase classname="ptolemy.util.test.junit.AutoTests" name="[32] /home/travis/build/icyphy/ptII/ptolemy/cg/lib/test/auto/PubSubAggTypedCompositeWidth2.xml (RunModel)" time="0.023" />
  <testcase classname="ptolemy.util.test.junit.AutoTests" name="[33] /home/travis/build/icyphy/ptII/ptolemy/cg/lib/test/auto/ScaleJava.xml (RunModel)" time="0.972" />
  <system-out><![CDATA[/home/travis/build/icyphy/ptII/ptolemy/cg/lib/test/ModularCodeGenTypedCompositeActor.tcl
testDefs.tcl: setting time out to 9000 seconds at Wed Sep 08 19:02:39 UTC 2021
Warning: failed to delete /home/travis/cg: error deleting "/home/travis/cg/node_modules/@opencensus/core/node_modules/.bin":  best guess at reason: permission denied
In "/home/travis/cg", about to execute:
    pwd
In "/home/travis/cg", about to execute:
    ls -l
/home/travis/cg
In "/home/travis/cg", about to execute:
    javac -classpath
.:/home/travis/build/icyphy/ptII:/home/travis/build/icyphy/ptII/lib/asm-all-5.2
.jar:/home/travis/build/icyphy/ptII/lib/nashorn-core-15.3.jar:/home/travis/buil
d/icyphy/ptII/lib/bsh-2.0b4.jar:/home/travis/build/icyphy/ptII/lib/ptCal.jar:/h
ome/travis/build/icyphy/ptII/lib/java_cup.jar:/home/travis/build/icyphy/ptII/li
b/saxon8.jar:/home/travis/build/icyphy/ptII/lib/saxon8-dom.jar:/home/travis/bui
ld/icyphy/ptII/lib/chic.jar:/home/travis/build/icyphy/ptII/lib/ptcolt.jar:/home
/travis/build/icyphy/ptII/vendors/misc/itext/iText.jar:/home/travis/build/icyph
y/ptII/lib/g4ltl.jar:/home/travis/build/icyphy/ptII/lib/StructuralCoder.jar:/ho
me/travis/build/icyphy/ptII/lib/jcerti.jar:/home/travis/build/icyphy/ptII/lib/j
avax.mail.jar:/home/travis/build/icyphy/ptII/vendors/JMF-2.1.1e/lib/jmf.jar:/ho
me/travis/build/icyphy/ptII/lib/jna-4.0.0-variadic.jar:/home/travis/build/icyph
y/ptII/vendors/misc/joystick/Joystick.jar:/home/travis/build/icyphy/ptII/lib/pt
jacl.jar:/home/travis/build/icyphy/ptII/lib/jsoup-1.14.2.jar:/home/travis/build
/icyphy/ptII/lib/junit-4.8.2.jar:/home/travis/build/icyphy/ptII/lib/JUnitParams
-0.4.0.jar:/home/travis/build/icyphy/ptII/ptolemy/actor/lib/excel/jxl.jar:/home
/travis/build/icyphy/ptII/lib/jython.jar:/home/travis/build/icyphy/ptII/lib/kie
ler.jar:/home/travis/build/icyphy/ptII/vendors/opencv/share/OpenCV/java/opencv-
341.jar:/home/travis/build/icyphy/ptII/lib/oscP5.jar:/home/travis/build/icyphy/
ptII/lib/nrjavaserial-3.11.0.devel.jar:/home/travis/build/icyphy/ptII/vendors/j
3d/lib/Linux/j3dcore.jar:/home/travis/build/icyphy/ptII/vendors/j3d/lib/Linux/j
3dutils.jar:/home/travis/build/icyphy/ptII/vendors/j3d/lib/Linux/vecmath.jar:/h
ome/travis/build/icyphy/ptII/vendors/jogl/lib/Linux/gluegen-rt-natives-linux-am
d64.jar:/home/travis/build/icyphy/ptII/vendors/jogl/lib/Linux/gluegen-rt.jar:/h
ome/travis/build/icyphy/ptII/vendors/jogl/lib/Linux/jogl-all-natives-linux-amd6
4.jar:/home/travis/build/icyphy/ptII/vendors/jogl/lib/Linux/jogl-all.jar:/home/
travis/build/icyphy/ptII/ptolemy/distributed/jini/jar/jini-core.jar:/home/travi
s/build/icyphy/ptII/ptolemy/distributed/jini/jar/jini-ext.jar:/home/travis/buil
d/icyphy/ptII/ptolemy/distributed/jini/jar/sun-util.jar:/home/travis/build/icyp
hy/ptII/lib/protobuf-java-2.4.1.jar:/home/travis/build/icyphy/ptII/lib/org.ecli
pse.paho.client.mqttv3.jar:/home/travis/build/icyphy/ptII/lib/mapss.jar:/home/t
ravis/build/icyphy/ptII/ptolemy/actor/ptalon/antlr/antlr.jar:/home/travis/build
/icyphy/ptII/lib/JRI.jar:/home/travis/build/icyphy/ptII/lib/commons-lang-2.6.ja
r:/home/travis/build/icyphy/ptII/lib/commons-logging-1.1.1.jar:/home/travis/bui
ld/icyphy/ptII/lib/sootclasses.jar:/home/travis/build/icyphy/ptII/ptolemy/actor
/lib/database/mysql-connector-java-8.0.26.jar:/home/travis/build/icyphy/ptII/ve
ndors/misc/sphinx4/sphinx4-data-5prealpha.jar:/home/travis/build/icyphy/ptII/ve
ndors/misc/sphinx4/sphinx4-core-5prealpha.jar:/home/travis/build/icyphy/ptII/li
b/PDFRenderer.jar:/home/travis/build/icyphy/ptII/lib/svgSalamander.jar:/home/tr
avis/build/icyphy/ptII/lib/rsyntaxtextarea-2.6.0-SNAPSHOT.jar:/home/travis/buil
d/icyphy/ptII/lib/hazelcast-3.8.2.jar:/home/travis/build/icyphy/ptII/lib/jackso
n-annotations-2.9.0.jar:/home/travis/build/icyphy/ptII/lib/jackson-core-2.9.3.j
ar:/home/travis/build/icyphy/ptII/lib/jackson-databind-2.9.3.jar:/home/travis/b
uild/icyphy/ptII/lib/netty-buffer-4.1.19.Final.jar:/home/travis/build/icyphy/pt
II/lib/netty-codec-4.1.19.Final.jar:/home/travis/build/icyphy/ptII/lib/netty-co
dec-dns-4.1.19.Final.jar:/home/travis/build/icyphy/ptII/lib/netty-codec-http-4.
1.19.Final.jar:/home/travis/build/icyphy/ptII/lib/netty-codec-http2-4.1.19.Fina
l.jar:/home/travis/build/icyphy/ptII/lib/netty-common-4.1.19.Final.jar:/home/tr
avis/build/icyphy/ptII/lib/netty-handler-4.1.19.Final.jar:/home/travis/build/ic
yphy/ptII/lib/netty-resolver-4.1.19.Final.jar:/home/travis/build/icyphy/ptII/li
b/netty-resolver-dns-4.1.19.Final.jar:/home/travis/build/icyphy/ptII/lib/netty-
transport-4.1.19.Final.jar:/home/travis/build/icyphy/ptII/lib/vertx-codegen-3.5
.1.jar:/home/travis/build/icyphy/ptII/lib/vertx-core-3.5.2-SNAPSHOT.jar:/home/t
ravis/build/icyphy/ptII/lib/vertx-hazelcast-3.5.1.jar:/home/travis/build/icyphy
/ptII/lib/vertx-lang-js-3.5.1.jar:/home/travis/build/icyphy/ptII/lib/vertx-serv
ice-proxy-3.5.1.jar:/home/travis/build/icyphy/ptII/lib/vertx-web-3.5.1.jar:/hom
e/travis/build/icyphy/ptII/lib/slf4j-api-1.7.13.jar:/home/travis/build/icyphy/p
tII/lib/slf4j-simple-1.7.13.jar:/home/travis/build/icyphy/ptII/lib/webcam-captu
re-0.3.12.jar:/home/travis/build/icyphy/ptII/lib/bridj-0.7.0.jar:/home/travis/b
uild/icyphy/ptII/lib/xbjlib-1.1.0.nrjavaserial.jar:/home/travis/build/icyphy/pt
II/ptolemy/moml/test:/home/travis/build/icyphy/ptII/ant/lib/ant-launcher.jar:/h
ome/travis/build/icyphy/ptII/ant/lib/ant.jar:/home/travis/build/icyphy/ptII/ant
/lib/ant-junit.jar:/home/travis/build/icyphy/ptII/ant/lib/ant-junit4.jar:/home/
travis/build/icyphy/ptII ModularCodeGenTest_A1_A2_profile.java
total 1188
drwxrwxr-x   3 travis travis  12288 Sep  8 18:57 AbsoluteValue
drwxrwxr-x   3 travis travis 102400 Sep  8 18:56 AllColt
drwxrwxr-x   3 travis travis  12288 Sep  8 18:57 Case1
drwxrwxr-x   5 travis travis   4096 Sep  8 18:56 fmi
drwxrwxr-x   3 travis travis  16384 Sep  8 18:57 Gaussian2
drwxrwxr-x   3 travis travis  12288 Sep  8 18:58 LookupTable
drwxrwxr-x   3 travis travis  20480 Sep  8 18:58 MaxIndex
-rw-rw-r--   1 travis travis   1228 Sep  8 19:02 ModularCodeGenTest_A1_A2_profile.java
drwxrwxr-x   3 travis travis  32768 Sep  8 19:02 modulation2
drwxrwxr-x 188 travis travis  12288 Sep  8 19:02 node_modules
drwxrwxr-x   3 travis travis  20480 Sep  8 18:58 PhaseUnwrap
drwxrwxr-x   3 travis travis  12288 Sep  8 18:59 ReadFile1
-rw-rw-r--   1 travis travis     11 Sep  8 18:58 ReadFile1Output.txt
-rw-rw-r--   1 travis travis  13773 Sep  8 19:02 Repeat.class
-rw-rw-r--   1 travis travis    685 Sep  8 19:02 Repeat$_fireFunction_Repeat_Repeat$__f_sL_11.class
-rw-rw-r--   1 travis travis    541 Sep  8 19:02 Repeat$_fireFunction_Repeat_Repeat$__f_sL_12.class
-rw-rw-r--   1 travis travis    541 Sep  8 19:02 Repeat$_fireFunction_Repeat_Repeat$__f_sL_13.class
-rw-rw-r--   1 travis travis    541 Sep  8 19:02 Repeat$_fireFunction_Repeat_Repeat$__f_sL_14.class
-rw-rw-r--   1 travis travis    684 Sep  8 19:02 Repeat$_fireFunction_Repeat_Repeat$__f_sL_1.class
-rw-rw-r--   1 travis travis    683 Sep  8 19:02 Repeat$_fireFunction_Repeat_Repeat$__f_sL_4.class
-rw-rw-r--   1 travis travis    539 Sep  8 19:02 Repeat$_fireFunction_Repeat_Repeat$__f_sL_9.class
-rw-rw-r--   1 travis travis    494 Sep  8 19:02 Repeat$_initialize_Repeat$__i_sL_2.class
-rw-rw-r--   1 travis travis   1281 Sep  8 19:02 Repeat.mk
-rw-rw-r--   1 travis travis    539 Sep  8 19:02 Repeat$_preinitializeMethod_Repeat$__p_sL_0.class
-rw-rw-r--   1 travis travis   1102 Sep  8 19:02 Repeat$_Repeat$_fireFunction_Repeat_AddSubtract_Repeat.class
-rw-rw-r--   1 travis travis    810 Sep  8 19:02 Repeat$_Repeat$_fireFunction_Repeat_AddSubtract_Repeat$__f_sL_0.class
-rw-rw-r--   1 travis travis    928 Sep  8 19:02 Repeat$_Repeat$_fireFunction_Repeat_AddSubtract_Repeat$__f_sL_1.class
-rw-rw-r--   1 travis travis    934 Sep  8 19:02 Repeat$_Repeat$_fireFunction_Repeat_AddSubtract_Repeat$__f_sL_2.class
-rw-rw-r--   1 travis travis    862 Sep  8 19:02 Repeat$_Repeat$_fireFunction_Repeat_AddSubtract_Repeat$__f_sL_3.class
-rw-rw-r--   1 travis travis    757 Sep  8 19:02 Repeat$_Repeat$_fireFunction_Repeat_Ramp2_Repeat$__f_sL_0.class
-rw-rw-r--   1 travis travis    888 Sep  8 19:02 Repeat$_Repeat$_fireFunction_Repeat_Test_Repeat$__f_sL_0.class
-rw-rw-r--   1 travis travis    634 Sep  8 19:02 Repeat$_Repeat$_fireFunction_Repeat_Test_Repeat$__f_sL_1.class
-rw-rw-r--   1 travis travis    704 Sep  8 19:02 Repeat$_Repeat_SDF_Director_run_Repeat$__R_sL_0.class
-rw-rw-r--   1 travis travis    705 Sep  8 19:02 Repeat$_Repeat_SDF_Director_run_Repeat$__R_sL_11.class
-rw-rw-r--   1 travis travis    561 Sep  8 19:02 Repeat$_Repeat_SDF_Director_run_Repeat$__R_sL_13.class
-rw-rw-r--   1 travis travis    559 Sep  8 19:02 Repeat$_Repeat_SDF_Director_run_Repeat$__R_sL_2.class
-rw-rw-r--   1 travis travis    703 Sep  8 19:02 Repeat$_Repeat_SDF_Director_run_Repeat$__R_sL_3.class
-rw-rw-r--   1 travis travis    559 Sep  8 19:02 Repeat$_Repeat_SDF_Director_run_Repeat$__R_sL_5.class
-rw-rw-r--   1 travis travis    559 Sep  8 19:02 Repeat$_Repeat_SDF_Director_run_Repeat$__R_sL_8.class
drwxrwxr-x   2 travis travis   4096 Sep  8 19:02 RepeatVariables
-rw-rw-r--   1 travis travis    882 Sep  8 19:02 Repeat$_varinit_Repeat.class
-rw-rw-r--   1 travis travis    550 Sep  8 19:02 Repeat$_varinit_Repeat$__v_sL_2.class
-rw-rw-r--   1 travis travis    924 Sep  8 19:02 Repeat$_varinit_Repeat$__v_sL_4.class
-rw-rw-r--   1 travis travis    978 Sep  8 19:02 Repeat$_wrapup_Repeat$__w_sL_1.class
drwxrwxr-x   3 travis travis  20480 Sep  8 18:59 Sinewave
drwxrwxr-x   3 travis travis  32768 Sep  8 19:00 StringFunction
drwxrwxr-x   3 travis travis  12288 Sep  8 19:00 StringLength
drwxrwxr-x   3 travis travis  61440 Sep  8 19:00 StringMatches2
drwxrwxr-x   3 travis travis  61440 Sep  8 19:01 StringSimpleReplace
drwxrwxr-x   3 travis travis  65536 Sep  8 19:01 StringSubstring
drwxrwxr-x   3 travis travis  24576 Sep  8 19:01 StringSubstring2
drwxrwxr-x   3 travis travis  16384 Sep  8 19:02 time1
drwxrwxr-x   3 travis travis  12288 Sep  8 19:02 time5
-rwxrwxr-x   1 travis travis 466992 Sep  8 18:56 top
-rw-rw-r--   1 travis travis  20502 Sep  8 18:56 top.c
-rw-rw-r--   1 travis travis   3799 Sep  8 19:02 top.class
-rw-rw-r--   1 travis travis   1257 Sep  8 19:02 top.mk
All Done
Writing ModularCodeGenTest_A1_A2.java in file:/home/travis/cg/ (9163 characters)
Reading "ptolemy/cg/kernel/generic/program/procedural/java/modular/makefile.in",
    writing "/home/travis/cg/ModularCodeGenTest_A1_A2.mk"
Using ptolemy/cg/kernel/generic/program/procedural/java/modular/makefile.in
In "/home/travis/cg", about to execute:
    make -f ModularCodeGenTest_A1_A2.mk
javac -classpath ".:.."    ModularCodeGenTest_A1_A2.java
All Done
In "/home/travis/cg", about to execute:
    pwd
In "/home/travis/cg", about to execute:
    ls -l
In "/home/travis/cg", about to execute:
    javac -classpath
.:/home/travis/build/icyphy/ptII:/home/travis/build/icyphy/ptII/lib/asm-all-5.2
.jar:/home/travis/build/icyphy/ptII/lib/nashorn-core-15.3.jar:/home/travis/buil
d/icyphy/ptII/lib/bsh-2.0b4.jar:/home/travis/build/icyphy/ptII/lib/ptCal.jar:/h
ome/travis/build/icyphy/ptII/lib/java_cup.jar:/home/travis/build/icyphy/ptII/li
b/saxon8.jar:/home/travis/build/icyphy/ptII/lib/saxon8-dom.jar:/home/travis/bui
ld/icyphy/ptII/lib/chic.jar:/home/travis/build/icyphy/ptII/lib/ptcolt.jar:/home
/travis/build/icyphy/ptII/vendors/misc/itext/iText.jar:/home/travis/build/icyph
y/ptII/lib/g4ltl.jar:/home/travis/build/icyphy/ptII/lib/StructuralCoder.jar:/ho
me/travis/build/icyphy/ptII/lib/jcerti.jar:/home/travis/build/icyphy/ptII/lib/j
avax.mail.jar:/home/travis/build/icyphy/ptII/vendors/JMF-2.1.1e/lib/jmf.jar:/ho
me/travis/build/icyphy/ptII/lib/jna-4.0.0-variadic.jar:/home/travis/build/icyph
y/ptII/vendors/misc/joystick/Joystick.jar:/home/travis/build/icyphy/ptII/lib/pt
jacl.jar:/home/travis/build/icyphy/ptII/lib/jsoup-1.14.2.jar:/home/travis/build
/icyphy/ptII/lib/junit-4.8.2.jar:/home/travis/build/icyphy/ptII/lib/JUnitParams
-0.4.0.jar:/home/travis/build/icyphy/ptII/ptolemy/actor/lib/excel/jxl.jar:/home
/travis/build/icyphy/ptII/lib/jython.jar:/home/travis/build/icyphy/ptII/lib/kie
ler.jar:/home/travis/build/icyphy/ptII/vendors/opencv/share/OpenCV/java/opencv-
341.jar:/home/travis/build/icyphy/ptII/lib/oscP5.jar:/home/travis/build/icyphy/
ptII/lib/nrjavaserial-3.11.0.devel.jar:/home/travis/build/icyphy/ptII/vendors/j
3d/lib/Linux/j3dcore.jar:/home/travis/build/icyphy/ptII/vendors/j3d/lib/Linux/j
3dutils.jar:/home/travis/build/icyphy/ptII/vendors/j3d/lib/Linux/vecmath.jar:/h
ome/travis/build/icyphy/ptII/vendors/jogl/lib/Linux/gluegen-rt-natives-linux-am
d64.jar:/home/travis/build/icyphy/ptII/vendors/jogl/lib/Linux/gluegen-rt.jar:/h
ome/travis/build/icyphy/ptII/vendors/jogl/lib/Linux/jogl-all-natives-linux-amd6
4.jar:/home/travis/build/icyphy/ptII/vendors/jogl/lib/Linux/jogl-all.jar:/home/
travis/build/icyphy/ptII/ptolemy/distributed/jini/jar/jini-core.jar:/home/travi
s/build/icyphy/ptII/ptolemy/distributed/jini/jar/jini-ext.jar:/home/travis/buil
d/icyphy/ptII/ptolemy/distributed/jini/jar/sun-util.jar:/home/travis/build/icyp
hy/ptII/lib/protobuf-java-2.4.1.jar:/home/travis/build/icyphy/ptII/lib/org.ecli
pse.paho.client.mqttv3.jar:/home/travis/build/icyphy/ptII/lib/mapss.jar:/home/t
ravis/build/icyphy/ptII/ptolemy/actor/ptalon/antlr/antlr.jar:/home/travis/build
/icyphy/ptII/lib/JRI.jar:/home/travis/build/icyphy/ptII/lib/commons-lang-2.6.ja
r:/home/travis/build/icyphy/ptII/lib/commons-logging-1.1.1.jar:/home/travis/bui
ld/icyphy/ptII/lib/sootclasses.jar:/home/travis/build/icyphy/ptII/ptolemy/actor
/lib/database/mysql-connector-java-8.0.26.jar:/home/travis/build/icyphy/ptII/ve
ndors/misc/sphinx4/sphinx4-data-5prealpha.jar:/home/travis/build/icyphy/ptII/ve
ndors/misc/sphinx4/sphinx4-core-5prealpha.jar:/home/travis/build/icyphy/ptII/li
b/PDFRenderer.jar:/home/travis/build/icyphy/ptII/lib/svgSalamander.jar:/home/tr
avis/build/icyphy/ptII/lib/rsyntaxtextarea-2.6.0-SNAPSHOT.jar:/home/travis/buil
d/icyphy/ptII/lib/hazelcast-3.8.2.jar:/home/travis/build/icyphy/ptII/lib/jackso
n-annotations-2.9.0.jar:/home/travis/build/icyphy/ptII/lib/jackson-core-2.9.3.j
ar:/home/travis/build/icyphy/ptII/lib/jackson-databind-2.9.3.jar:/home/travis/b
uild/icyphy/ptII/lib/netty-buffer-4.1.19.Final.jar:/home/travis/build/icyphy/pt
II/lib/netty-codec-4.1.19.Final.jar:/home/travis/build/icyphy/ptII/lib/netty-co
dec-dns-4.1.19.Final.jar:/home/travis/build/icyphy/ptII/lib/netty-codec-http-4.
1.19.Final.jar:/home/travis/build/icyphy/ptII/lib/netty-codec-http2-4.1.19.Fina
l.jar:/home/travis/build/icyphy/ptII/lib/netty-common-4.1.19.Final.jar:/home/tr
avis/build/icyphy/ptII/lib/netty-handler-4.1.19.Final.jar:/home/travis/build/ic
yphy/ptII/lib/netty-resolver-4.1.19.Final.jar:/home/travis/build/icyphy/ptII/li
b/netty-resolver-dns-4.1.19.Final.jar:/home/travis/build/icyphy/ptII/lib/netty-
transport-4.1.19.Final.jar:/home/travis/build/icyphy/ptII/lib/vertx-codegen-3.5
.1.jar:/home/travis/build/icyphy/ptII/lib/vertx-core-3.5.2-SNAPSHOT.jar:/home/t
ravis/build/icyphy/ptII/lib/vertx-hazelcast-3.5.1.jar:/home/travis/build/icyphy
/ptII/lib/vertx-lang-js-3.5.1.jar:/home/travis/build/icyphy/ptII/lib/vertx-serv
ice-proxy-3.5.1.jar:/home/travis/build/icyphy/ptII/lib/vertx-web-3.5.1.jar:/hom
e/travis/build/icyphy/ptII/lib/slf4j-api-1.7.13.jar:/home/travis/build/icyphy/p
tII/lib/slf4j-simple-1.7.13.jar:/home/travis/build/icyphy/ptII/lib/webcam-captu
re-0.3.12.jar:/home/travis/build/icyphy/ptII/lib/bridj-0.7.0.jar:/home/travis/b
uild/icyphy/ptII/lib/xbjlib-1.1.0.nrjavaserial.jar:/home/travis/build/icyphy/pt
II/ptolemy/moml/test:/home/travis/build/icyphy/ptII/ant/lib/ant-launcher.jar:/h
ome/travis/build/icyphy/ptII/ant/lib/ant.jar:/home/travis/build/icyphy/ptII/ant
/lib/ant-junit.jar:/home/travis/build/icyphy/ptII/ant/lib/ant-junit4.jar:/home/
travis/build/icyphy/ptII ModularCodeGenTest_A1_profile.java
/home/travis/cg
total 1224
drwxrwxr-x   3 travis travis  12288 Sep  8 18:57 AbsoluteValue
drwxrwxr-x   3 travis travis 102400 Sep  8 18:56 AllColt
drwxrwxr-x   3 travis travis  12288 Sep  8 18:57 Case1
drwxrwxr-x   5 travis travis   4096 Sep  8 18:56 fmi
drwxrwxr-x   3 travis travis  16384 Sep  8 18:57 Gaussian2
drwxrwxr-x   3 travis travis  12288 Sep  8 18:58 LookupTable
drwxrwxr-x   3 travis travis  20480 Sep  8 18:58 MaxIndex
-rw-rw-r--   1 travis travis   3723 Sep  8 19:02 ModularCodeGenTest_A1_A2.class
-rw-rw-r--   1 travis travis   9163 Sep  8 19:02 ModularCodeGenTest_A1_A2.java
-rw-rw-r--   1 travis travis    904 Sep  8 19:02 ModularCodeGenTest_A1_A2.mk
-rw-rw-r--   1 travis travis   1306 Sep  8 19:02 ModularCodeGenTest_A1_A2_profile.class
-rw-rw-r--   1 travis travis   1228 Sep  8 19:02 ModularCodeGenTest_A1_A2_profile.java
-rw-rw-r--   1 travis travis   1394 Sep  8 19:02 ModularCodeGenTest_A1_profile.java
drwxrwxr-x   3 travis travis  32768 Sep  8 19:02 modulation2
drwxrwxr-x 188 travis travis  12288 Sep  8 19:02 node_modules
drwxrwxr-x   3 travis travis  20480 Sep  8 18:58 PhaseUnwrap
drwxrwxr-x   3 travis travis  12288 Sep  8 18:59 ReadFile1
-rw-rw-r--   1 travis travis     11 Sep  8 18:58 ReadFile1Output.txt
-rw-rw-r--   1 travis travis  13773 Sep  8 19:02 Repeat.class
-rw-rw-r--   1 travis travis    685 Sep  8 19:02 Repeat$_fireFunction_Repeat_Repeat$__f_sL_11.class
-rw-rw-r--   1 travis travis    541 Sep  8 19:02 Repeat$_fireFunction_Repeat_Repeat$__f_sL_12.class
-rw-rw-r--   1 travis travis    541 Sep  8 19:02 Repeat$_fireFunction_Repeat_Repeat$__f_sL_13.class
-rw-rw-r--   1 travis travis    541 Sep  8 19:02 Repeat$_fireFunction_Repeat_Repeat$__f_sL_14.class
-rw-rw-r--   1 travis travis    684 Sep  8 19:02 Repeat$_fireFunction_Repeat_Repeat$__f_sL_1.class
-rw-rw-r--   1 travis travis    683 Sep  8 19:02 Repeat$_fireFunction_Repeat_Repeat$__f_sL_4.class
-rw-rw-r--   1 travis travis    539 Sep  8 19:02 Repeat$_fireFunction_Repeat_Repeat$__f_sL_9.class
-rw-rw-r--   1 travis travis    494 Sep  8 19:02 Repeat$_initialize_Repeat$__i_sL_2.class
-rw-rw-r--   1 travis travis   1281 Sep  8 19:02 Repeat.mk
-rw-rw-r--   1 travis travis    539 Sep  8 19:02 Repeat$_preinitializeMethod_Repeat$__p_sL_0.class
-rw-rw-r--   1 travis travis   1102 Sep  8 19:02 Repeat$_Repeat$_fireFunction_Repeat_AddSubtract_Repeat.class
-rw-rw-r--   1 travis travis    810 Sep  8 19:02 Repeat$_Repeat$_fireFunction_Repeat_AddSubtract_Repeat$__f_sL_0.class
-rw-rw-r--   1 travis travis    928 Sep  8 19:02 Repeat$_Repeat$_fireFunction_Repeat_AddSubtract_Repeat$__f_sL_1.class
-rw-rw-r--   1 travis travis    934 Sep  8 19:02 Repeat$_Repeat$_fireFunction_Repeat_AddSubtract_Repeat$__f_sL_2.class
-rw-rw-r--   1 travis travis    862 Sep  8 19:02 Repeat$_Repeat$_fireFunction_Repeat_AddSubtract_Repeat$__f_sL_3.class
-rw-rw-r--   1 travis travis    757 Sep  8 19:02 Repeat$_Repeat$_fireFunction_Repeat_Ramp2_Repeat$__f_sL_0.class
-rw-rw-r--   1 travis travis    888 Sep  8 19:02 Repeat$_Repeat$_fireFunction_Repeat_Test_Repeat$__f_sL_0.class
-rw-rw-r--   1 travis travis    634 Sep  8 19:02 Repeat$_Repeat$_fireFunction_Repeat_Test_Repeat$__f_sL_1.class
-rw-rw-r--   1 travis travis    704 Sep  8 19:02 Repeat$_Repeat_SDF_Director_run_Repeat$__R_sL_0.class
-rw-rw-r--   1 travis travis    705 Sep  8 19:02 Repeat$_Repeat_SDF_Director_run_Repeat$__R_sL_11.class
-rw-rw-r--   1 travis travis    561 Sep  8 19:02 Repeat$_Repeat_SDF_Director_run_Repeat$__R_sL_13.class
-rw-rw-r--   1 travis travis    559 Sep  8 19:02 Repeat$_Repeat_SDF_Director_run_Repeat$__R_sL_2.class
-rw-rw-r--   1 travis travis    703 Sep  8 19:02 Repeat$_Repeat_SDF_Director_run_Repeat$__R_sL_3.class
-rw-rw-r--   1 travis travis    559 Sep  8 19:02 Repeat$_Repeat_SDF_Director_run_Repeat$__R_sL_5.class
-rw-rw-r--   1 travis travis    559 Sep  8 19:02 Repeat$_Repeat_SDF_Director_run_Repeat$__R_sL_8.class
drwxrwxr-x   2 travis travis   4096 Sep  8 19:02 RepeatVariables
-rw-rw-r--   1 travis travis    882 Sep  8 19:02 Repeat$_varinit_Repeat.class
-rw-rw-r--   1 travis travis    550 Sep  8 19:02 Repeat$_varinit_Repeat$__v_sL_2.class
-rw-rw-r--   1 travis travis    924 Sep  8 19:02 Repeat$_varinit_Repeat$__v_sL_4.class
-rw-rw-r--   1 travis travis    978 Sep  8 19:02 Repeat$_wrapup_Repeat$__w_sL_1.class
drwxrwxr-x   3 travis travis  20480 Sep  8 18:59 Sinewave
drwxrwxr-x   3 travis travis  32768 Sep  8 19:00 StringFunction
drwxrwxr-x   3 travis travis  12288 Sep  8 19:00 StringLength
drwxrwxr-x   3 travis travis  61440 Sep  8 19:00 StringMatches2
drwxrwxr-x   3 travis travis  61440 Sep  8 19:01 StringSimpleReplace
drwxrwxr-x   3 travis travis  65536 Sep  8 19:01 StringSubstring
drwxrwxr-x   3 travis travis  24576 Sep  8 19:01 StringSubstring2
drwxrwxr-x   3 travis travis  16384 Sep  8 19:02 time1
drwxrwxr-x   3 travis travis  12288 Sep  8 19:02 time5
-rw-rw-r--   1 travis travis    432 Sep  8 19:02 Token.class
-rw-rw-r--   1 travis travis    251 Sep  8 19:02 Token.java
-rwxrwxr-x   1 travis travis 466992 Sep  8 18:56 top
-rw-rw-r--   1 travis travis  20502 Sep  8 18:56 top.c
-rw-rw-r--   1 travis travis   3799 Sep  8 19:02 top.class
-rw-rw-r--   1 travis travis   1257 Sep  8 19:02 top.mk
All Done
Writing ModularCodeGenTest_A1.java in file:/home/travis/cg/ (9968 characters)
Reading "ptolemy/cg/kernel/generic/program/procedural/java/modular/makefile.in",
    writing "/home/travis/cg/ModularCodeGenTest_A1.mk"
Using ptolemy/cg/kernel/generic/program/procedural/java/modular/makefile.in
In "/home/travis/cg", about to execute:
    make -f ModularCodeGenTest_A1.mk
javac -classpath ".:.."    ModularCodeGenTest_A1.java
All Done
6667 ms. Memory: 129024K Free: 59031K (46%)
7 ms. Memory: 129024K Free: 56469K (44%)
In "/home/travis/cg", about to execute:
    pwd
In "/home/travis/cg", about to execute:
    ls -l
In "/home/travis/cg", about to execute:
    javac -classpath
.:/home/travis/build/icyphy/ptII:/home/travis/build/icyphy/ptII/lib/asm-all-5.2
.jar:/home/travis/build/icyphy/ptII/lib/nashorn-core-15.3.jar:/home/travis/buil
d/icyphy/ptII/lib/bsh-2.0b4.jar:/home/travis/build/icyphy/ptII/lib/ptCal.jar:/h
ome/travis/build/icyphy/ptII/lib/java_cup.jar:/home/travis/build/icyphy/ptII/li
b/saxon8.jar:/home/travis/build/icyphy/ptII/lib/saxon8-dom.jar:/home/travis/bui
ld/icyphy/ptII/lib/chic.jar:/home/travis/build/icyphy/ptII/lib/ptcolt.jar:/home
/travis/build/icyphy/ptII/vendors/misc/itext/iText.jar:/home/travis/build/icyph
y/ptII/lib/g4ltl.jar:/home/travis/build/icyphy/ptII/lib/StructuralCoder.jar:/ho
me/travis/build/icyphy/ptII/lib/jcerti.jar:/home/travis/build/icyphy/ptII/lib/j
avax.mail.jar:/home/travis/build/icyphy/ptII/vendors/JMF-2.1.1e/lib/jmf.jar:/ho
me/travis/build/icyphy/ptII/lib/jna-4.0.0-variadic.jar:/home/travis/build/icyph
y/ptII/vendors/misc/joystick/Joystick.jar:/home/travis/build/icyphy/ptII/lib/pt
jacl.jar:/home/travis/build/icyphy/ptII/lib/jsoup-1.14.2.jar:/home/travis/build
/icyphy/ptII/lib/junit-4.8.2.jar:/home/travis/build/icyphy/ptII/lib/JUnitParams
-0.4.0.jar:/home/travis/build/icyphy/ptII/ptolemy/actor/lib/excel/jxl.jar:/home
/travis/build/icyphy/ptII/lib/jython.jar:/home/travis/build/icyphy/ptII/lib/kie
ler.jar:/home/travis/build/icyphy/ptII/vendors/opencv/share/OpenCV/java/opencv-
341.jar:/home/travis/build/icyphy/ptII/lib/oscP5.jar:/home/travis/build/icyphy/
ptII/lib/nrjavaserial-3.11.0.devel.jar:/home/travis/build/icyphy/ptII/vendors/j
3d/lib/Linux/j3dcore.jar:/home/travis/build/icyphy/ptII/vendors/j3d/lib/Linux/j
3dutils.jar:/home/travis/build/icyphy/ptII/vendors/j3d/lib/Linux/vecmath.jar:/h
ome/travis/build/icyphy/ptII/vendors/jogl/lib/Linux/gluegen-rt-natives-linux-am
d64.jar:/home/travis/build/icyphy/ptII/vendors/jogl/lib/Linux/gluegen-rt.jar:/h
ome/travis/build/icyphy/ptII/vendors/jogl/lib/Linux/jogl-all-natives-linux-amd6
4.jar:/home/travis/build/icyphy/ptII/vendors/jogl/lib/Linux/jogl-all.jar:/home/
travis/build/icyphy/ptII/ptolemy/distributed/jini/jar/jini-core.jar:/home/travi
s/build/icyphy/ptII/ptolemy/distributed/jini/jar/jini-ext.jar:/home/travis/buil
d/icyphy/ptII/ptolemy/distributed/jini/jar/sun-util.jar:/home/travis/build/icyp
hy/ptII/lib/protobuf-java-2.4.1.jar:/home/travis/build/icyphy/ptII/lib/org.ecli
pse.paho.client.mqttv3.jar:/home/travis/build/icyphy/ptII/lib/mapss.jar:/home/t
ravis/build/icyphy/ptII/ptolemy/actor/ptalon/antlr/antlr.jar:/home/travis/build
/icyphy/ptII/lib/JRI.jar:/home/travis/build/icyphy/ptII/lib/commons-lang-2.6.ja
r:/home/travis/build/icyphy/ptII/lib/commons-logging-1.1.1.jar:/home/travis/bui
ld/icyphy/ptII/lib/sootclasses.jar:/home/travis/build/icyphy/ptII/ptolemy/actor
/lib/database/mysql-connector-java-8.0.26.jar:/home/travis/build/icyphy/ptII/ve
ndors/misc/sphinx4/sphinx4-data-5prealpha.jar:/home/travis/build/icyphy/ptII/ve
ndors/misc/sphinx4/sphinx4-core-5prealpha.jar:/home/travis/build/icyphy/ptII/li
b/PDFRenderer.jar:/home/travis/build/icyphy/ptII/lib/svgSalamander.jar:/home/tr
avis/build/icyphy/ptII/lib/rsyntaxtextarea-2.6.0-SNAPSHOT.jar:/home/travis/buil
d/icyphy/ptII/lib/hazelcast-3.8.2.jar:/home/travis/build/icyphy/ptII/lib/jackso
n-annotations-2.9.0.jar:/home/travis/build/icyphy/ptII/lib/jackson-core-2.9.3.j
ar:/home/travis/build/icyphy/ptII/lib/jackson-databind-2.9.3.jar:/home/travis/b
uild/icyphy/ptII/lib/netty-buffer-4.1.19.Final.jar:/home/travis/build/icyphy/pt
II/lib/netty-codec-4.1.19.Final.jar:/home/travis/build/icyphy/ptII/lib/netty-co
dec-dns-4.1.19.Final.jar:/home/travis/build/icyphy/ptII/lib/netty-codec-http-4.
1.19.Final.jar:/home/travis/build/icyphy/ptII/lib/netty-codec-http2-4.1.19.Fina
l.jar:/home/travis/build/icyphy/ptII/lib/netty-common-4.1.19.Final.jar:/home/tr
avis/build/icyphy/ptII/lib/netty-handler-4.1.19.Final.jar:/home/travis/build/ic
yphy/ptII/lib/netty-resolver-4.1.19.Final.jar:/home/travis/build/icyphy/ptII/li
b/netty-resolver-dns-4.1.19.Final.jar:/home/travis/build/icyphy/ptII/lib/netty-
transport-4.1.19.Final.jar:/home/travis/build/icyphy/ptII/lib/vertx-codegen-3.5
.1.jar:/home/travis/build/icyphy/ptII/lib/vertx-core-3.5.2-SNAPSHOT.jar:/home/t
ravis/build/icyphy/ptII/lib/vertx-hazelcast-3.5.1.jar:/home/travis/build/icyphy
/ptII/lib/vertx-lang-js-3.5.1.jar:/home/travis/build/icyphy/ptII/lib/vertx-serv
ice-proxy-3.5.1.jar:/home/travis/build/icyphy/ptII/lib/vertx-web-3.5.1.jar:/hom
e/travis/build/icyphy/ptII/lib/slf4j-api-1.7.13.jar:/home/travis/build/icyphy/p
tII/lib/slf4j-simple-1.7.13.jar:/home/travis/build/icyphy/ptII/lib/webcam-captu
re-0.3.12.jar:/home/travis/build/icyphy/ptII/lib/bridj-0.7.0.jar:/home/travis/b
uild/icyphy/ptII/lib/xbjlib-1.1.0.nrjavaserial.jar:/home/travis/build/icyphy/pt
II/ptolemy/moml/test:/home/travis/build/icyphy/ptII/ant/lib/ant-launcher.jar:/h
ome/travis/build/icyphy/ptII/ant/lib/ant.jar:/home/travis/build/icyphy/ptII/ant
/lib/ant-junit.jar:/home/travis/build/icyphy/ptII/ant/lib/ant-junit4.jar:/home/
travis/build/icyphy/ptII ModularCodeGenTest_A1_A2_profile.java
/home/travis/cg
total 1248
drwxrwxr-x   3 travis travis  12288 Sep  8 18:57 AbsoluteValue
drwxrwxr-x   3 travis travis 102400 Sep  8 18:56 AllColt
drwxrwxr-x   3 travis travis  12288 Sep  8 18:57 Case1
drwxrwxr-x   5 travis travis   4096 Sep  8 18:56 fmi
drwxrwxr-x   3 travis travis  16384 Sep  8 18:57 Gaussian2
drwxrwxr-x   3 travis travis  12288 Sep  8 18:58 LookupTable
drwxrwxr-x   3 travis travis  20480 Sep  8 18:58 MaxIndex
-rw-rw-r--   1 travis travis   3723 Sep  8 19:02 ModularCodeGenTest_A1_A2.class
-rw-rw-r--   1 travis travis   9163 Sep  8 19:02 ModularCodeGenTest_A1_A2.java
-rw-rw-r--   1 travis travis    904 Sep  8 19:02 ModularCodeGenTest_A1_A2.mk
-rw-rw-r--   1 travis travis   1306 Sep  8 19:02 ModularCodeGenTest_A1_A2_profile.class
-rw-rw-r--   1 travis travis   1228 Sep  8 19:02 ModularCodeGenTest_A1_A2_profile.java
-rw-rw-r--   1 travis travis   4055 Sep  8 19:02 ModularCodeGenTest_A1.class
-rw-rw-r--   1 travis travis   9968 Sep  8 19:02 ModularCodeGenTest_A1.java
-rw-rw-r--   1 travis travis    880 Sep  8 19:02 ModularCodeGenTest_A1.mk
-rw-rw-r--   1 travis travis   1352 Sep  8 19:02 ModularCodeGenTest_A1_profile.class
-rw-rw-r--   1 travis travis   1394 Sep  8 19:02 ModularCodeGenTest_A1_profile.java
drwxrwxr-x   3 travis travis  32768 Sep  8 19:02 modulation2
drwxrwxr-x 188 travis travis  12288 Sep  8 19:02 node_modules
drwxrwxr-x   3 travis travis  20480 Sep  8 18:58 PhaseUnwrap
drwxrwxr-x   3 travis travis  12288 Sep  8 18:59 ReadFile1
-rw-rw-r--   1 travis travis     11 Sep  8 18:58 ReadFile1Output.txt
-rw-rw-r--   1 travis travis  13773 Sep  8 19:02 Repeat.class
-rw-rw-r--   1 travis travis    685 Sep  8 19:02 Repeat$_fireFunction_Repeat_Repeat$__f_sL_11.class
-rw-rw-r--   1 travis travis    541 Sep  8 19:02 Repeat$_fireFunction_Repeat_Repeat$__f_sL_12.class
-rw-rw-r--   1 travis travis    541 Sep  8 19:02 Repeat$_fireFunction_Repeat_Repeat$__f_sL_13.class
-rw-rw-r--   1 travis travis    541 Sep  8 19:02 Repeat$_fireFunction_Repeat_Repeat$__f_sL_14.class
-rw-rw-r--   1 travis travis    684 Sep  8 19:02 Repeat$_fireFunction_Repeat_Repeat$__f_sL_1.class
-rw-rw-r--   1 travis travis    683 Sep  8 19:02 Repeat$_fireFunction_Repeat_Repeat$__f_sL_4.class
-rw-rw-r--   1 travis travis    539 Sep  8 19:02 Repeat$_fireFunction_Repeat_Repeat$__f_sL_9.class
-rw-rw-r--   1 travis travis    494 Sep  8 19:02 Repeat$_initialize_Repeat$__i_sL_2.class
-rw-rw-r--   1 travis travis   1281 Sep  8 19:02 Repeat.mk
-rw-rw-r--   1 travis travis    539 Sep  8 19:02 Repeat$_preinitializeMethod_Repeat$__p_sL_0.class
-rw-rw-r--   1 travis travis   1102 Sep  8 19:02 Repeat$_Repeat$_fireFunction_Repeat_AddSubtract_Repeat.class
-rw-rw-r--   1 travis travis    810 Sep  8 19:02 Repeat$_Repeat$_fireFunction_Repeat_AddSubtract_Repeat$__f_sL_0.class
-rw-rw-r--   1 travis travis    928 Sep  8 19:02 Repeat$_Repeat$_fireFunction_Repeat_AddSubtract_Repeat$__f_sL_1.class
-rw-rw-r--   1 travis travis    934 Sep  8 19:02 Repeat$_Repeat$_fireFunction_Repeat_AddSubtract_Repeat$__f_sL_2.class
-rw-rw-r--   1 travis travis    862 Sep  8 19:02 Repeat$_Repeat$_fireFunction_Repeat_AddSubtract_Repeat$__f_sL_3.class
-rw-rw-r--   1 travis travis    757 Sep  8 19:02 Repeat$_Repeat$_fireFunction_Repeat_Ramp2_Repeat$__f_sL_0.class
-rw-rw-r--   1 travis travis    888 Sep  8 19:02 Repeat$_Repeat$_fireFunction_Repeat_Test_Repeat$__f_sL_0.class
-rw-rw-r--   1 travis travis    634 Sep  8 19:02 Repeat$_Repeat$_fireFunction_Repeat_Test_Repeat$__f_sL_1.class
-rw-rw-r--   1 travis travis    704 Sep  8 19:02 Repeat$_Repeat_SDF_Director_run_Repeat$__R_sL_0.class
-rw-rw-r--   1 travis travis    705 Sep  8 19:02 Repeat$_Repeat_SDF_Director_run_Repeat$__R_sL_11.class
-rw-rw-r--   1 travis travis    561 Sep  8 19:02 Repeat$_Repeat_SDF_Director_run_Repeat$__R_sL_13.class
-rw-rw-r--   1 travis travis    559 Sep  8 19:02 Repeat$_Repeat_SDF_Director_run_Repeat$__R_sL_2.class
-rw-rw-r--   1 travis travis    703 Sep  8 19:02 Repeat$_Repeat_SDF_Director_run_Repeat$__R_sL_3.class
-rw-rw-r--   1 travis travis    559 Sep  8 19:02 Repeat$_Repeat_SDF_Director_run_Repeat$__R_sL_5.class
-rw-rw-r--   1 travis travis    559 Sep  8 19:02 Repeat$_Repeat_SDF_Director_run_Repeat$__R_sL_8.class
drwxrwxr-x   2 travis travis   4096 Sep  8 19:02 RepeatVariables
-rw-rw-r--   1 travis travis    882 Sep  8 19:02 Repeat$_varinit_Repeat.class
-rw-rw-r--   1 travis travis    550 Sep  8 19:02 Repeat$_varinit_Repeat$__v_sL_2.class
-rw-rw-r--   1 travis travis    924 Sep  8 19:02 Repeat$_varinit_Repeat$__v_sL_4.class
-rw-rw-r--   1 travis travis    978 Sep  8 19:02 Repeat$_wrapup_Repeat$__w_sL_1.class
drwxrwxr-x   3 travis travis  20480 Sep  8 18:59 Sinewave
drwxrwxr-x   3 travis travis  32768 Sep  8 19:00 StringFunction
drwxrwxr-x   3 travis travis  12288 Sep  8 19:00 StringLength
drwxrwxr-x   3 travis travis  61440 Sep  8 19:00 StringMatches2
drwxrwxr-x   3 travis travis  61440 Sep  8 19:01 StringSimpleReplace
drwxrwxr-x   3 travis travis  65536 Sep  8 19:01 StringSubstring
drwxrwxr-x   3 travis travis  24576 Sep  8 19:01 StringSubstring2
drwxrwxr-x   3 travis travis  16384 Sep  8 19:02 time1
drwxrwxr-x   3 travis travis  12288 Sep  8 19:02 time5
-rw-rw-r--   1 travis travis    432 Sep  8 19:02 Token.class
-rw-rw-r--   1 travis travis    251 Sep  8 19:02 Token.java
-rwxrwxr-x   1 travis travis 466992 Sep  8 18:56 top
-rw-rw-r--   1 travis travis  20502 Sep  8 18:56 top.c
-rw-rw-r--   1 travis travis   3799 Sep  8 19:02 top.class
-rw-rw-r--   1 travis travis   1257 Sep  8 19:02 top.mk
All Done
Writing ModularCodeGenTest_A1_A2.java in file:/home/travis/cg/ (9164 characters)
Reading "ptolemy/cg/kernel/generic/program/procedural/java/modular/makefile.in",
    writing "/home/travis/cg/ModularCodeGenTest_A1_A2.mk"
Using ptolemy/cg/kernel/generic/program/procedural/java/modular/makefile.in
In "/home/travis/cg", about to execute:
    make -f ModularCodeGenTest_A1_A2.mk
javac -classpath ".:.."    ModularCodeGenTest_A1_A2.java
All Done
2543 ms. Memory: 129024K Free: 89790K (70%)
Warning: failed to delete /home/travis/cg: error deleting "/home/travis/cg/node_modules/@opencensus/core/node_modules/.bin":  best guess at reason: permission denied
In "/home/travis/cg", about to execute:
    pwd
In "/home/travis/cg", about to execute:
/home/travis/cg
    ls -l
In "/home/travis/cg", about to execute:
    javac -classpath
.:/home/travis/build/icyphy/ptII:/home/travis/build/icyphy/ptII/lib/asm-all-5.2
.jar:/home/travis/build/icyphy/ptII/lib/nashorn-core-15.3.jar:/home/travis/buil
d/icyphy/ptII/lib/bsh-2.0b4.jar:/home/travis/build/icyphy/ptII/lib/ptCal.jar:/h
ome/travis/build/icyphy/ptII/lib/java_cup.jar:/home/travis/build/icyphy/ptII/li
b/saxon8.jar:/home/travis/build/icyphy/ptII/lib/saxon8-dom.jar:/home/travis/bui
ld/icyphy/ptII/lib/chic.jar:/home/travis/build/icyphy/ptII/lib/ptcolt.jar:/home
/travis/build/icyphy/ptII/vendors/misc/itext/iText.jar:/home/travis/build/icyph
y/ptII/lib/g4ltl.jar:/home/travis/build/icyphy/ptII/lib/StructuralCoder.jar:/ho
me/travis/build/icyphy/ptII/lib/jcerti.jar:/home/travis/build/icyphy/ptII/lib/j
avax.mail.jar:/home/travis/build/icyphy/ptII/vendors/JMF-2.1.1e/lib/jmf.jar:/ho
me/travis/build/icyphy/ptII/lib/jna-4.0.0-variadic.jar:/home/travis/build/icyph
y/ptII/vendors/misc/joystick/Joystick.jar:/home/travis/build/icyphy/ptII/lib/pt
jacl.jar:/home/travis/build/icyphy/ptII/lib/jsoup-1.14.2.jar:/home/travis/build
/icyphy/ptII/lib/junit-4.8.2.jar:/home/travis/build/icyphy/ptII/lib/JUnitParams
-0.4.0.jar:/home/travis/build/icyphy/ptII/ptolemy/actor/lib/excel/jxl.jar:/home
/travis/build/icyphy/ptII/lib/jython.jar:/home/travis/build/icyphy/ptII/lib/kie
ler.jar:/home/travis/build/icyphy/ptII/vendors/opencv/share/OpenCV/java/opencv-
341.jar:/home/travis/build/icyphy/ptII/lib/oscP5.jar:/home/travis/build/icyphy/
ptII/lib/nrjavaserial-3.11.0.devel.jar:/home/travis/build/icyphy/ptII/vendors/j
3d/lib/Linux/j3dcore.jar:/home/travis/build/icyphy/ptII/vendors/j3d/lib/Linux/j
3dutils.jar:/home/travis/build/icyphy/ptII/vendors/j3d/lib/Linux/vecmath.jar:/h
ome/travis/build/icyphy/ptII/vendors/jogl/lib/Linux/gluegen-rt-natives-linux-am
d64.jar:/home/travis/build/icyphy/ptII/vendors/jogl/lib/Linux/gluegen-rt.jar:/h
ome/travis/build/icyphy/ptII/vendors/jogl/lib/Linux/jogl-all-natives-linux-amd6
4.jar:/home/travis/build/icyphy/ptII/vendors/jogl/lib/Linux/jogl-all.jar:/home/
travis/build/icyphy/ptII/ptolemy/distributed/jini/jar/jini-core.jar:/home/travi
s/build/icyphy/ptII/ptolemy/distributed/jini/jar/jini-ext.jar:/home/travis/buil
d/icyphy/ptII/ptolemy/distributed/jini/jar/sun-util.jar:/home/travis/build/icyp
hy/ptII/lib/protobuf-java-2.4.1.jar:/home/travis/build/icyphy/ptII/lib/org.ecli
pse.paho.client.mqttv3.jar:/home/travis/build/icyphy/ptII/lib/mapss.jar:/home/t
ravis/build/icyphy/ptII/ptolemy/actor/ptalon/antlr/antlr.jar:/home/travis/build
/icyphy/ptII/lib/JRI.jar:/home/travis/build/icyphy/ptII/lib/commons-lang-2.6.ja
r:/home/travis/build/icyphy/ptII/lib/commons-logging-1.1.1.jar:/home/travis/bui
ld/icyphy/ptII/lib/sootclasses.jar:/home/travis/build/icyphy/ptII/ptolemy/actor
/lib/database/mysql-connector-java-8.0.26.jar:/home/travis/build/icyphy/ptII/ve
ndors/misc/sphinx4/sphinx4-data-5prealpha.jar:/home/travis/build/icyphy/ptII/ve
ndors/misc/sphinx4/sphinx4-core-5prealpha.jar:/home/travis/build/icyphy/ptII/li
b/PDFRenderer.jar:/home/travis/build/icyphy/ptII/lib/svgSalamander.jar:/home/tr
avis/build/icyphy/ptII/lib/rsyntaxtextarea-2.6.0-SNAPSHOT.jar:/home/travis/buil
d/icyphy/ptII/lib/hazelcast-3.8.2.jar:/home/travis/build/icyphy/ptII/lib/jackso
n-annotations-2.9.0.jar:/home/travis/build/icyphy/ptII/lib/jackson-core-2.9.3.j
ar:/home/travis/build/icyphy/ptII/lib/jackson-databind-2.9.3.jar:/home/travis/b
uild/icyphy/ptII/lib/netty-buffer-4.1.19.Final.jar:/home/travis/build/icyphy/pt
II/lib/netty-codec-4.1.19.Final.jar:/home/travis/build/icyphy/ptII/lib/netty-co
dec-dns-4.1.19.Final.jar:/home/travis/build/icyphy/ptII/lib/netty-codec-http-4.
1.19.Final.jar:/home/travis/build/icyphy/ptII/lib/netty-codec-http2-4.1.19.Fina
l.jar:/home/travis/build/icyphy/ptII/lib/netty-common-4.1.19.Final.jar:/home/tr
avis/build/icyphy/ptII/lib/netty-handler-4.1.19.Final.jar:/home/travis/build/ic
yphy/ptII/lib/netty-resolver-4.1.19.Final.jar:/home/travis/build/icyphy/ptII/li
b/netty-resolver-dns-4.1.19.Final.jar:/home/travis/build/icyphy/ptII/lib/netty-
transport-4.1.19.Final.jar:/home/travis/build/icyphy/ptII/lib/vertx-codegen-3.5
.1.jar:/home/travis/build/icyphy/ptII/lib/vertx-core-3.5.2-SNAPSHOT.jar:/home/t
ravis/build/icyphy/ptII/lib/vertx-hazelcast-3.5.1.jar:/home/travis/build/icyphy
/ptII/lib/vertx-lang-js-3.5.1.jar:/home/travis/build/icyphy/ptII/lib/vertx-serv
ice-proxy-3.5.1.jar:/home/travis/build/icyphy/ptII/lib/vertx-web-3.5.1.jar:/hom
e/travis/build/icyphy/ptII/lib/slf4j-api-1.7.13.jar:/home/travis/build/icyphy/p
tII/lib/slf4j-simple-1.7.13.jar:/home/travis/build/icyphy/ptII/lib/webcam-captu
re-0.3.12.jar:/home/travis/build/icyphy/ptII/lib/bridj-0.7.0.jar:/home/travis/b
uild/icyphy/ptII/lib/xbjlib-1.1.0.nrjavaserial.jar:/home/travis/build/icyphy/pt
II/ptolemy/moml/test:/home/travis/build/icyphy/ptII/ant/lib/ant-launcher.jar:/h
ome/travis/build/icyphy/ptII/ant/lib/ant.jar:/home/travis/build/icyphy/ptII/ant
/lib/ant-junit.jar:/home/travis/build/icyphy/ptII/ant/lib/ant-junit4.jar:/home/
travis/build/icyphy/ptII ModularCodeGenTest_A1_profile.java
total 1220
drwxrwxr-x   3 travis travis  12288 Sep  8 18:57 AbsoluteValue
drwxrwxr-x   3 travis travis 102400 Sep  8 18:56 AllColt
drwxrwxr-x   3 travis travis  12288 Sep  8 18:57 Case1
drwxrwxr-x   5 travis travis   4096 Sep  8 18:56 fmi
drwxrwxr-x   3 travis travis  16384 Sep  8 18:57 Gaussian2
drwxrwxr-x   3 travis travis  12288 Sep  8 18:58 LookupTable
drwxrwxr-x   3 travis travis  20480 Sep  8 18:58 MaxIndex
-rw-rw-r--   1 travis travis   3724 Sep  8 19:02 ModularCodeGenTest_A1_A2.class
-rw-rw-r--   1 travis travis   9164 Sep  8 19:02 ModularCodeGenTest_A1_A2.java
-rw-rw-r--   1 travis travis   1306 Sep  8 19:02 ModularCodeGenTest_A1_A2_profile.class
-rw-rw-r--   1 travis travis   9968 Sep  8 19:02 ModularCodeGenTest_A1.java
-rw-rw-r--   1 travis travis   1394 Sep  8 19:02 ModularCodeGenTest_A1_profile.java
drwxrwxr-x   3 travis travis  32768 Sep  8 19:02 modulation2
drwxrwxr-x 188 travis travis  12288 Sep  8 19:02 node_modules
drwxrwxr-x   3 travis travis  20480 Sep  8 18:58 PhaseUnwrap
drwxrwxr-x   3 travis travis  12288 Sep  8 18:59 ReadFile1
-rw-rw-r--   1 travis travis     11 Sep  8 18:58 ReadFile1Output.txt
-rw-rw-r--   1 travis travis  13773 Sep  8 19:02 Repeat.class
-rw-rw-r--   1 travis travis    685 Sep  8 19:02 Repeat$_fireFunction_Repeat_Repeat$__f_sL_11.class
-rw-rw-r--   1 travis travis    541 Sep  8 19:02 Repeat$_fireFunction_Repeat_Repeat$__f_sL_12.class
-rw-rw-r--   1 travis travis    541 Sep  8 19:02 Repeat$_fireFunction_Repeat_Repeat$__f_sL_13.class
-rw-rw-r--   1 travis travis    541 Sep  8 19:02 Repeat$_fireFunction_Repeat_Repeat$__f_sL_14.class
-rw-rw-r--   1 travis travis    684 Sep  8 19:02 Repeat$_fireFunction_Repeat_Repeat$__f_sL_1.class
-rw-rw-r--   1 travis travis    683 Sep  8 19:02 Repeat$_fireFunction_Repeat_Repeat$__f_sL_4.class
-rw-rw-r--   1 travis travis    539 Sep  8 19:02 Repeat$_fireFunction_Repeat_Repeat$__f_sL_9.class
-rw-rw-r--   1 travis travis    494 Sep  8 19:02 Repeat$_initialize_Repeat$__i_sL_2.class
-rw-rw-r--   1 travis travis   1281 Sep  8 19:02 Repeat.mk
-rw-rw-r--   1 travis travis    539 Sep  8 19:02 Repeat$_preinitializeMethod_Repeat$__p_sL_0.class
-rw-rw-r--   1 travis travis   1102 Sep  8 19:02 Repeat$_Repeat$_fireFunction_Repeat_AddSubtract_Repeat.class
-rw-rw-r--   1 travis travis    810 Sep  8 19:02 Repeat$_Repeat$_fireFunction_Repeat_AddSubtract_Repeat$__f_sL_0.class
-rw-rw-r--   1 travis travis    928 Sep  8 19:02 Repeat$_Repeat$_fireFunction_Repeat_AddSubtract_Repeat$__f_sL_1.class
-rw-rw-r--   1 travis travis    934 Sep  8 19:02 Repeat$_Repeat$_fireFunction_Repeat_AddSubtract_Repeat$__f_sL_2.class
-rw-rw-r--   1 travis travis    862 Sep  8 19:02 Repeat$_Repeat$_fireFunction_Repeat_AddSubtract_Repeat$__f_sL_3.class
-rw-rw-r--   1 travis travis    757 Sep  8 19:02 Repeat$_Repeat$_fireFunction_Repeat_Ramp2_Repeat$__f_sL_0.class
-rw-rw-r--   1 travis travis    888 Sep  8 19:02 Repeat$_Repeat$_fireFunction_Repeat_Test_Repeat$__f_sL_0.class
-rw-rw-r--   1 travis travis    634 Sep  8 19:02 Repeat$_Repeat$_fireFunction_Repeat_Test_Repeat$__f_sL_1.class
-rw-rw-r--   1 travis travis    704 Sep  8 19:02 Repeat$_Repeat_SDF_Director_run_Repeat$__R_sL_0.class
-rw-rw-r--   1 travis travis    705 Sep  8 19:02 Repeat$_Repeat_SDF_Director_run_Repeat$__R_sL_11.class
-rw-rw-r--   1 travis travis    561 Sep  8 19:02 Repeat$_Repeat_SDF_Director_run_Repeat$__R_sL_13.class
-rw-rw-r--   1 travis travis    559 Sep  8 19:02 Repeat$_Repeat_SDF_Director_run_Repeat$__R_sL_2.class
-rw-rw-r--   1 travis travis    703 Sep  8 19:02 Repeat$_Repeat_SDF_Director_run_Repeat$__R_sL_3.class
-rw-rw-r--   1 travis travis    559 Sep  8 19:02 Repeat$_Repeat_SDF_Director_run_Repeat$__R_sL_5.class
-rw-rw-r--   1 travis travis    559 Sep  8 19:02 Repeat$_Repeat_SDF_Director_run_Repeat$__R_sL_8.class
drwxrwxr-x   2 travis travis   4096 Sep  8 19:02 RepeatVariables
-rw-rw-r--   1 travis travis    882 Sep  8 19:02 Repeat$_varinit_Repeat.class
-rw-rw-r--   1 travis travis    550 Sep  8 19:02 Repeat$_varinit_Repeat$__v_sL_2.class
-rw-rw-r--   1 travis travis    924 Sep  8 19:02 Repeat$_varinit_Repeat$__v_sL_4.class
-rw-rw-r--   1 travis travis    978 Sep  8 19:02 Repeat$_wrapup_Repeat$__w_sL_1.class
drwxrwxr-x   3 travis travis  20480 Sep  8 18:59 Sinewave
drwxrwxr-x   3 travis travis  32768 Sep  8 19:00 StringFunction
drwxrwxr-x   3 travis travis  12288 Sep  8 19:00 StringLength
drwxrwxr-x   3 travis travis  61440 Sep  8 19:00 StringMatches2
drwxrwxr-x   3 travis travis  61440 Sep  8 19:01 StringSimpleReplace
drwxrwxr-x   3 travis travis  65536 Sep  8 19:01 StringSubstring
drwxrwxr-x   3 travis travis  24576 Sep  8 19:01 StringSubstring2
drwxrwxr-x   3 travis travis  16384 Sep  8 19:02 time1
drwxrwxr-x   3 travis travis  12288 Sep  8 19:02 time5
-rwxrwxr-x   1 travis travis 466992 Sep  8 18:56 top
-rw-rw-r--   1 travis travis  20502 Sep  8 18:56 top.c
-rw-rw-r--   1 travis travis   3799 Sep  8 19:02 top.class
-rw-rw-r--   1 travis travis   1257 Sep  8 19:02 top.mk
All Done
Writing ModularCodeGenTest_A1.java in file:/home/travis/cg/ (9968 characters)
Reading "ptolemy/cg/kernel/generic/program/procedural/java/modular/makefile.in",
    writing "/home/travis/cg/ModularCodeGenTest_A1.mk"
Using ptolemy/cg/kernel/generic/program/procedural/java/modular/makefile.in
In "/home/travis/cg", about to execute:
    make -f ModularCodeGenTest_A1.mk
javac -classpath ".:.."    ModularCodeGenTest_A1.java
All Done
2736 ms. Memory: 129024K Free: 57518K (45%)
09/08/21 07:02:52
Failed: 0  Total Tests: 3  ((Passed: 3, Newly Passed: 0)  Known Failed: 0) /home/travis/build/icyphy/ptII/ptolemy/cg/lib/test
No auto/knownFailedTests/*.xml tests in /home/travis/build/icyphy/ptII/ptolemy/cg/lib/test
No auto/linux-amd64/*.xml tests in /home/travis/build/icyphy/ptII/ptolemy/cg/lib/test
AutoTests.java: About to close Vertx.
AutoTests.java: Vertx closed.

===========================================================================================
----------------- testing Wed Sep 08 19:02:52 UTC 2021 /home/travis/build/icyphy/ptII/ptolemy/cg/lib/test/auto/CompiledCompositeActor.xml
----------------- Instantiating /home/travis/build/icyphy/ptII/ptolemy/cg/lib/test/auto/CompiledCompositeActor.xml
CompiledCompositeActor: Building shared object: The sharedObjectFile has a modification time that is earlier than the modelFile modification time.
Writing CompiledCompositeActor_CompiledCompositeActor.java in file:/home/travis/cg/ (13466 characters)
Reading "ptolemy/cg/kernel/generic/program/procedural/java/makefile.in",
    writing "/home/travis/cg/CompiledCompositeActor_CompiledCompositeActor.mk"
Using ptolemy/cg/kernel/generic/program/procedural/java/makefile.in
In "/home/travis/cg", about to execute:
    make -f CompiledCompositeActor_CompiledCompositeActor.mk
javac -classpath ".:."    CompiledCompositeActor_CompiledCompositeActor.java
All Done
1183 ms. Memory: 129024K Free: 90671K (70%)
----------------- Invoking toplevel() on ptolemy.moml.MoMLSimpleApplication@1e8b9073
----------------- Done invoking toplevel() on ptolemy.moml.MoMLSimpleApplication@1e8b9073
reloadAllAccessors: .CompiledCompositeActor

===========================================================================================
----------------- testing Wed Sep 08 19:02:54 UTC 2021 /home/travis/build/icyphy/ptII/ptolemy/cg/lib/test/auto/DECGClockRamp.xml
----------------- Instantiating /home/travis/build/icyphy/ptII/ptolemy/cg/lib/test/auto/DECGClockRamp.xml
11 ms. Memory: 129024K Free: 85209K (66%)
----------------- Invoking toplevel() on ptolemy.moml.MoMLSimpleApplication@4b609b10
----------------- Done invoking toplevel() on ptolemy.moml.MoMLSimpleApplication@4b609b10
reloadAllAccessors: .DECGClockRamp

===========================================================================================
----------------- testing Wed Sep 08 19:02:54 UTC 2021 /home/travis/build/icyphy/ptII/ptolemy/cg/lib/test/auto/DECGDelay.xml
----------------- Instantiating /home/travis/build/icyphy/ptII/ptolemy/cg/lib/test/auto/DECGDelay.xml
20 ms. Memory: 129024K Free: 79046K (61%)
----------------- Invoking toplevel() on ptolemy.moml.MoMLSimpleApplication@b31856e
----------------- Done invoking toplevel() on ptolemy.moml.MoMLSimpleApplication@b31856e
reloadAllAccessors: .DECGDelay

===========================================================================================
----------------- testing Wed Sep 08 19:02:54 UTC 2021 /home/travis/build/icyphy/ptII/ptolemy/cg/lib/test/auto/DECGHelloWorld.xml
----------------- Instantiating /home/travis/build/icyphy/ptII/ptolemy/cg/lib/test/auto/DECGHelloWorld.xml
3 ms. Memory: 129024K Free: 75422K (58%)
----------------- Invoking toplevel() on ptolemy.moml.MoMLSimpleApplication@671db949
----------------- Done invoking toplevel() on ptolemy.moml.MoMLSimpleApplication@671db949
reloadAllAccessors: .DECGHelloWorld

===========================================================================================
----------------- testing Wed Sep 08 19:02:54 UTC 2021 /home/travis/build/icyphy/ptII/ptolemy/cg/lib/test/auto/DECGHeterogeneous.xml
----------------- Instantiating /home/travis/build/icyphy/ptII/ptolemy/cg/lib/test/auto/DECGHeterogeneous.xml
15 ms. Memory: 129024K Free: 62700K (49%)
----------------- Invoking toplevel() on ptolemy.moml.MoMLSimpleApplication@28685c22
----------------- Done invoking toplevel() on ptolemy.moml.MoMLSimpleApplication@28685c22
reloadAllAccessors: .DECGHeterogeneous

===========================================================================================
----------------- testing Wed Sep 08 19:02:54 UTC 2021 /home/travis/build/icyphy/ptII/ptolemy/cg/lib/test/auto/DECGHeterogeneousMk2.xml
----------------- Instantiating /home/travis/build/icyphy/ptII/ptolemy/cg/lib/test/auto/DECGHeterogeneousMk2.xml
51 ms. Memory: 129024K Free: 48334K (37%)
----------------- Invoking toplevel() on ptolemy.moml.MoMLSimpleApplication@3fbbbbdc
----------------- Done invoking toplevel() on ptolemy.moml.MoMLSimpleApplication@3fbbbbdc
reloadAllAccessors: .DECGHeterogeneousMk2

===========================================================================================
----------------- testing Wed Sep 08 19:02:54 UTC 2021 /home/travis/build/icyphy/ptII/ptolemy/cg/lib/test/auto/DECGMath.xml
----------------- Instantiating /home/travis/build/icyphy/ptII/ptolemy/cg/lib/test/auto/DECGMath.xml
8 ms. Memory: 129024K Free: 41608K (32%)
----------------- Invoking toplevel() on ptolemy.moml.MoMLSimpleApplication@55789414
----------------- Done invoking toplevel() on ptolemy.moml.MoMLSimpleApplication@55789414
reloadAllAccessors: .DECGMath

===========================================================================================
----------------- testing Wed Sep 08 19:02:54 UTC 2021 /home/travis/build/icyphy/ptII/ptolemy/cg/lib/test/auto/DECGPi.xml
----------------- Instantiating /home/travis/build/icyphy/ptII/ptolemy/cg/lib/test/auto/DECGPi.xml
63 ms. Memory: 129024K Free: 102101K (79%)
----------------- Invoking toplevel() on ptolemy.moml.MoMLSimpleApplication@433875a
----------------- Done invoking toplevel() on ptolemy.moml.MoMLSimpleApplication@433875a
reloadAllAccessors: .DECGPi

===========================================================================================
----------------- testing Wed Sep 08 19:02:54 UTC 2021 /home/travis/build/icyphy/ptII/ptolemy/cg/lib/test/auto/DECGPiSquare.xml
----------------- Instantiating /home/travis/build/icyphy/ptII/ptolemy/cg/lib/test/auto/DECGPiSquare.xml
160 ms. Memory: 129024K Free: 88872K (69%)
----------------- Invoking toplevel() on ptolemy.moml.MoMLSimpleApplication@2ccdf27
----------------- Done invoking toplevel() on ptolemy.moml.MoMLSimpleApplication@2ccdf27
reloadAllAccessors: .DECGPiSquare

===========================================================================================
----------------- testing Wed Sep 08 19:02:54 UTC 2021 /home/travis/build/icyphy/ptII/ptolemy/cg/lib/test/auto/DECGPoisson.xml
----------------- Instantiating /home/travis/build/icyphy/ptII/ptolemy/cg/lib/test/auto/DECGPoisson.xml
7 ms. Memory: 129024K Free: 84746K (66%)
----------------- Invoking toplevel() on ptolemy.moml.MoMLSimpleApplication@1f75f77d
----------------- Done invoking toplevel() on ptolemy.moml.MoMLSimpleApplication@1f75f77d
reloadAllAccessors: .DECGPoisson

===========================================================================================
----------------- testing Wed Sep 08 19:02:54 UTC 2021 /home/travis/build/icyphy/ptII/ptolemy/cg/lib/test/auto/JavaCompiledCompositeActor5.xml
----------------- Instantiating /home/travis/build/icyphy/ptII/ptolemy/cg/lib/test/auto/JavaCompiledCompositeActor5.xml
CompiledCompositeActor: Building shared object: No effigy.  This can happen when CodeGenerator.generateCode() is called from within the test suite.  The code will be recompiled.
Writing CompiledCompositeActor_CompiledCompositeActor.java in file:/home/travis/cg/ (13466 characters)
Reading "ptolemy/cg/kernel/generic/program/procedural/java/makefile.in",
    writing "/home/travis/cg/CompiledCompositeActor_CompiledCompositeActor.mk"
Using ptolemy/cg/kernel/generic/program/procedural/java/makefile.in
In "/home/travis/cg", about to execute:
    make -f CompiledCompositeActor_CompiledCompositeActor.mk
javac -classpath ".:."    CompiledCompositeActor_CompiledCompositeActor.java
All Done
1272 ms. Memory: 129024K Free: 63559K (49%)
----------------- Invoking toplevel() on ptolemy.moml.MoMLSimpleApplication@19fe12f5
----------------- Done invoking toplevel() on ptolemy.moml.MoMLSimpleApplication@19fe12f5
reloadAllAccessors: .CompiledCompositeActor

===========================================================================================
----------------- testing Wed Sep 08 19:02:56 UTC 2021 /home/travis/build/icyphy/ptII/ptolemy/cg/lib/test/auto/JavaCompiledCompositeTest1.xml
----------------- Instantiating /home/travis/build/icyphy/ptII/ptolemy/cg/lib/test/auto/JavaCompiledCompositeTest1.xml
CompiledCompositeActor: Building shared object: The sharedObjectFile has a modification time that is earlier than the modelFile modification time.
Writing JavaCompiledCompositeTest1_CompiledCompositeActor.java in file:/home/travis/cg/ (11637 characters)
Reading "ptolemy/cg/kernel/generic/program/procedural/java/makefile.in",
    writing "/home/travis/cg/JavaCompiledCompositeTest1_CompiledCompositeActor.mk"
Using ptolemy/cg/kernel/generic/program/procedural/java/makefile.in
In "/home/travis/cg", about to execute:
    make -f JavaCompiledCompositeTest1_CompiledCompositeActor.mk
javac -classpath ".:."    JavaCompiledCompositeTest1_CompiledCompositeActor.java
All Done
1021 ms. Memory: 129024K Free: 46143K (36%)
----------------- Invoking toplevel() on ptolemy.moml.MoMLSimpleApplication@63f6c58d
----------------- Done invoking toplevel() on ptolemy.moml.MoMLSimpleApplication@63f6c58d
reloadAllAccessors: .JavaCompiledCompositeTest1

===========================================================================================
----------------- testing Wed Sep 08 19:02:57 UTC 2021 /home/travis/build/icyphy/ptII/ptolemy/cg/lib/test/auto/JavaCompiledCompositeTest2.xml
----------------- Instantiating /home/travis/build/icyphy/ptII/ptolemy/cg/lib/test/auto/JavaCompiledCompositeTest2.xml
CompiledCompositeActor: Building shared object: The sharedObjectFile has a modification time that is earlier than the modelFile modification time.
Writing JavaCompiledCompositeTest2_CompiledCompositeActor.java in file:/home/travis/cg/ (14919 characters)
Reading "ptolemy/cg/kernel/generic/program/procedural/java/makefile.in",
    writing "/home/travis/cg/JavaCompiledCompositeTest2_CompiledCompositeActor.mk"
Using ptolemy/cg/kernel/generic/program/procedural/java/makefile.in
In "/home/travis/cg", about to execute:
    make -f JavaCompiledCompositeTest2_CompiledCompositeActor.mk
javac -classpath ".:."    JavaCompiledCompositeTest2_CompiledCompositeActor.java
All Done
1013 ms. Memory: 129024K Free: 93128K (72%)
----------------- Invoking toplevel() on ptolemy.moml.MoMLSimpleApplication@340041e9
----------------- Done invoking toplevel() on ptolemy.moml.MoMLSimpleApplication@340041e9
reloadAllAccessors: .JavaCompiledCompositeTest2

===========================================================================================
----------------- testing Wed Sep 08 19:02:58 UTC 2021 /home/travis/build/icyphy/ptII/ptolemy/cg/lib/test/auto/JavaCompiledCompositeTest3.xml
----------------- Instantiating /home/travis/build/icyphy/ptII/ptolemy/cg/lib/test/auto/JavaCompiledCompositeTest3.xml
CompiledCompositeActor: Building shared object: The sharedObjectFile has a modification time that is earlier than the modelFile modification time.
Writing JavaCompiledCompositeTest3_CompiledCompositeActor.java in file:/home/travis/cg/ (13080 characters)
Reading "ptolemy/cg/kernel/generic/program/procedural/java/makefile.in",
    writing "/home/travis/cg/JavaCompiledCompositeTest3_CompiledCompositeActor.mk"
Using ptolemy/cg/kernel/generic/program/procedural/java/makefile.in
In "/home/travis/cg", about to execute:
    make -f JavaCompiledCompositeTest3_CompiledCompositeActor.mk
javac -classpath ".:."    JavaCompiledCompositeTest3_CompiledCompositeActor.java
All Done
1267 ms. Memory: 129024K Free: 73345K (57%)
----------------- Invoking toplevel() on ptolemy.moml.MoMLSimpleApplication@708f5a1a
----------------- Done invoking toplevel() on ptolemy.moml.MoMLSimpleApplication@708f5a1a
reloadAllAccessors: .JavaCompiledCompositeTest3

===========================================================================================
----------------- testing Wed Sep 08 19:02:59 UTC 2021 /home/travis/build/icyphy/ptII/ptolemy/cg/lib/test/auto/JavaCompiledCompositeTest4.xml
----------------- Instantiating /home/travis/build/icyphy/ptII/ptolemy/cg/lib/test/auto/JavaCompiledCompositeTest4.xml
CompiledCompositeActor: Building shared object: The sharedObjectFile has a modification time that is earlier than the modelFile modification time.
Writing JavaCompiledCompositeTest4_CompiledCompositeActor.java in file:/home/travis/cg/ (9687 characters)
Reading "ptolemy/cg/kernel/generic/program/procedural/java/makefile.in",
    writing "/home/travis/cg/JavaCompiledCompositeTest4_CompiledCompositeActor.mk"
Using ptolemy/cg/kernel/generic/program/procedural/java/makefile.in
In "/home/travis/cg", about to execute:
    make -f JavaCompiledCompositeTest4_CompiledCompositeActor.mk
javac -classpath ".:."    JavaCompiledCompositeTest4_CompiledCompositeActor.java
All Done
988 ms. Memory: 129024K Free: 58542K (45%)
----------------- Invoking toplevel() on ptolemy.moml.MoMLSimpleApplication@62cf997a
----------------- Done invoking toplevel() on ptolemy.moml.MoMLSimpleApplication@62cf997a
reloadAllAccessors: .JavaCompiledCompositeTest4

===========================================================================================
----------------- testing Wed Sep 08 19:03:00 UTC 2021 /home/travis/build/icyphy/ptII/ptolemy/cg/lib/test/auto/ModularCG.xml
----------------- Instantiating /home/travis/build/icyphy/ptII/ptolemy/cg/lib/test/auto/ModularCG.xml
In "/home/travis/cg", about to execute:
    pwd
In "/home/travis/cg", about to execute:
    ls -l
/home/travis/cg
total 1396
drwxrwxr-x   3 travis travis  12288 Sep  8 18:57 AbsoluteValue
drwxrwxr-x   3 travis travis 102400 Sep  8 18:56 AllColt
drwxrwxr-x   3 travis travis  12288 Sep  8 18:57 Case1
-rw-rw-r--   1 travis travis   5128 Sep  8 19:02 CompiledCompositeActor_CompiledCompositeActor.class
-rw-rw-r--   1 travis travis   1611 Sep  8 19:02 CompiledCompositeActor_CompiledCompositeActor$_CompiledCompositeActor_CompiledCompositeActor.class
-rw-rw-r--   1 travis travis  13466 Sep  8 19:02 CompiledCompositeActor_CompiledCompositeActor.java
-rw-rw-r--   1 travis travis   1593 Sep  8 19:02 CompiledCompositeActor_CompiledCompositeActor.mk
drwxrwxr-x   5 travis travis   4096 Sep  8 18:56 fmi
drwxrwxr-x   3 travis travis  16384 Sep  8 18:57 Gaussian2
-rw-rw-r--   1 travis travis   4684 Sep  8 19:02 JavaCompiledCompositeTest1_CompiledCompositeActor.class
-rw-rw-r--   1 travis travis  11637 Sep  8 19:02 JavaCompiledCompositeTest1_CompiledCompositeActor.java
-rw-rw-r--   1 travis travis   1217 Sep  8 19:02 JavaCompiledCompositeTest1_CompiledCompositeActor$_JavaCompiledCompositeTest1_CompiledCompositeActor.class
-rw-rw-r--   1 travis travis   1625 Sep  8 19:02 JavaCompiledCompositeTest1_CompiledCompositeActor.mk
-rw-rw-r--   1 travis travis   5115 Sep  8 19:02 JavaCompiledCompositeTest2_CompiledCompositeActor.class
-rw-rw-r--   1 travis travis  14919 Sep  8 19:02 JavaCompiledCompositeTest2_CompiledCompositeActor.java
-rw-rw-r--   1 travis travis   1812 Sep  8 19:02 JavaCompiledCompositeTest2_CompiledCompositeActor$_JavaCompiledCompositeTest2_CompiledCompositeActor.class
-rw-rw-r--   1 travis travis   1625 Sep  8 19:02 JavaCompiledCompositeTest2_CompiledCompositeActor.mk
-rw-rw-r--   1 travis travis   4732 Sep  8 19:02 JavaCompiledCompositeTest3_CompiledCompositeActor.class
-rw-rw-r--   1 travis travis  13080 Sep  8 19:02 JavaCompiledCompositeTest3_CompiledCompositeActor.java
-rw-rw-r--   1 travis travis   1397 Sep  8 19:02 JavaCompiledCompositeTest3_CompiledCompositeActor$_JavaCompiledCompositeTest3_CompiledCompositeActor.class
-rw-rw-r--   1 travis travis   1625 Sep  8 19:02 JavaCompiledCompositeTest3_CompiledCompositeActor.mk
-rw-rw-r--   1 travis travis   4183 Sep  8 19:03 JavaCompiledCompositeTest4_CompiledCompositeActor.class
-rw-rw-r--   1 travis travis   9687 Sep  8 19:02 JavaCompiledCompositeTest4_CompiledCompositeActor.java
-rw-rw-r--   1 travis travis    876 Sep  8 19:03 JavaCompiledCompositeTest4_CompiledCompositeActor$_JavaCompiledCompositeTest4_CompiledCompositeActor.class
-rw-rw-r--   1 travis travis   1625 Sep  8 19:02 JavaCompiledCompositeTest4_CompiledCompositeActor.mk
drwxrwxr-x   3 travis travis  12288 Sep  8 18:58 LookupTable
drwxrwxr-x   3 travis travis  20480 Sep  8 18:58 MaxIndex
-rw-rw-r--   1 travis travis   1262 Sep  8 19:03 ModularCG_A1_B1_profile.java
-rw-rw-r--   1 travis travis   3724 Sep  8 19:02 ModularCodeGenTest_A1_A2.class
-rw-rw-r--   1 travis travis   9164 Sep  8 19:02 ModularCodeGenTest_A1_A2.java
-rw-rw-r--   1 travis travis   1306 Sep  8 19:02 ModularCodeGenTest_A1_A2_profile.class
-rw-rw-r--   1 travis travis   4055 Sep  8 19:02 ModularCodeGenTest_A1.class
-rw-rw-r--   1 travis travis   9968 Sep  8 19:02 ModularCodeGenTest_A1.java
-rw-rw-r--   1 travis travis    880 Sep  8 19:02 ModularCodeGenTest_A1.mk
-rw-rw-r--   1 travis travis   1352 Sep  8 19:02 ModularCodeGenTest_A1_profile.class
-rw-rw-r--   1 travis travis   1394 Sep  8 19:02 ModularCodeGenTest_A1_profile.java
drwxrwxr-x   3 travis travis  32768 Sep  8 19:02 modulation2
drwxrwxr-x 188 travis travis  12288 Sep  8 19:02 node_modules
drwxrwxr-x   3 travis travis  20480 Sep  8 18:58 PhaseUnwrap
drwxrwxr-x   3 travis travis  12288 Sep  8 18:59 ReadFile1
-rw-rw-r--   1 travis travis     11 Sep  8 18:58 ReadFile1Output.txt
-rw-rw-r--   1 travis travis  13773 Sep  8 19:02 Repeat.class
-rw-rw-r--   1 travis travis    685 Sep  8 19:02 Repeat$_fireFunction_Repeat_Repeat$__f_sL_11.class
-rw-rw-r--   1 travis travis    541 Sep  8 19:02 Repeat$_fireFunction_Repeat_Repeat$__f_sL_12.class
-rw-rw-r--   1 travis travis    541 Sep  8 19:02 Repeat$_fireFunction_Repeat_Repeat$__f_sL_13.class
-rw-rw-r--   1 travis travis    541 Sep  8 19:02 Repeat$_fireFunction_Repeat_Repeat$__f_sL_14.class
-rw-rw-r--   1 travis travis    684 Sep  8 19:02 Repeat$_fireFunction_Repeat_Repeat$__f_sL_1.class
-rw-rw-r--   1 travis travis    683 Sep  8 19:02 Repeat$_fireFunction_Repeat_Repeat$__f_sL_4.class
-rw-rw-r--   1 travis travis    539 Sep  8 19:02 Repeat$_fireFunction_Repeat_Repeat$__f_sL_9.class
-rw-rw-r--   1 travis travis    494 Sep  8 19:02 Repeat$_initialize_Repeat$__i_sL_2.class
-rw-rw-r--   1 travis travis   1281 Sep  8 19:02 Repeat.mk
-rw-rw-r--   1 travis travis    539 Sep  8 19:02 Repeat$_preinitializeMethod_Repeat$__p_sL_0.class
-rw-rw-r--   1 travis travis   1102 Sep  8 19:02 Repeat$_Repeat$_fireFunction_Repeat_AddSubtract_Repeat.class
-rw-rw-r--   1 travis travis    810 Sep  8 19:02 Repeat$_Repeat$_fireFunction_Repeat_AddSubtract_Repeat$__f_sL_0.class
-rw-rw-r--   1 travis travis    928 Sep  8 19:02 Repeat$_Repeat$_fireFunction_Repeat_AddSubtract_Repeat$__f_sL_1.class
-rw-rw-r--   1 travis travis    934 Sep  8 19:02 Repeat$_Repeat$_fireFunction_Repeat_AddSubtract_Repeat$__f_sL_2.class
-rw-rw-r--   1 travis travis    862 Sep  8 19:02 Repeat$_Repeat$_fireFunction_Repeat_AddSubtract_Repeat$__f_sL_3.class
-rw-rw-r--   1 travis travis    757 Sep  8 19:02 Repeat$_Repeat$_fireFunction_Repeat_Ramp2_Repeat$__f_sL_0.class
-rw-rw-r--   1 travis travis    888 Sep  8 19:02 Repeat$_Repeat$_fireFunction_Repeat_Test_Repeat$__f_sL_0.class
-rw-rw-r--   1 travis travis    634 Sep  8 19:02 Repeat$_Repeat$_fireFunction_Repeat_Test_Repeat$__f_sL_1.class
-rw-rw-r--   1 travis travis    704 Sep  8 19:02 Repeat$_Repeat_SDF_Director_run_Repeat$__R_sL_0.class
-rw-rw-r--   1 travis travis    705 Sep  8 19:02 Repeat$_Repeat_SDF_Director_run_Repeat$__R_sL_11.class
-rw-rw-r--   1 travis travis    561 Sep  8 19:02 Repeat$_Repeat_SDF_Director_run_Repeat$__R_sL_13.class
-rw-rw-r--   1 travis travis    559 Sep  8 19:02 Repeat$_Repeat_SDF_Director_run_Repeat$__R_sL_2.class
-rw-rw-r--   1 travis travis    703 Sep  8 19:02 Repeat$_Repeat_SDF_Director_run_Repeat$__R_sL_3.class
-rw-rw-r--   1 travis travis    559 Sep  8 19:02 Repeat$_Repeat_SDF_Director_run_Repeat$__R_sL_5.class
-rw-rw-r--   1 travis travis    559 Sep  8 19:02 Repeat$_Repeat_SDF_Director_run_Repeat$__R_sL_8.class
drwxrwxr-x   2 travis travis   4096 Sep  8 19:02 RepeatVariables
-rw-rw-r--   1 travis travis    882 Sep  8 19:02 Repeat$_varinit_Repeat.class
-rw-rw-r--   1 travis travis    550 Sep  8 19:02 Repeat$_varinit_Repeat$__v_sL_2.class
-rw-rw-r--   1 travis travis    924 Sep  8 19:02 Repeat$_varinit_Repeat$__v_sL_4.class
-rw-rw-r--   1 travis travis    978 Sep  8 19:02 Repeat$_wrapup_Repeat$__w_sL_1.class
drwxrwxr-x   3 travis travis  20480 Sep  8 18:59 Sinewave
drwxrwxr-x   3 travis travis  32768 Sep  8 19:00 StringFunction
drwxrwxr-x   3 travis travis  12288 Sep  8 19:00 StringLength
drwxrwxr-x   3 travis travis  61440 Sep  8 19:00 StringMatches2
drwxrwxr-x   3 travis travis  61440 Sep  8 19:01 StringSimpleReplace
drwxrwxr-x   3 travis travis  65536 Sep  8 19:01 StringSubstring
drwxrwxr-x   3 travis travis  24576 Sep  8 19:01 StringSubstring2
drwxrwxr-x   3 travis travis  16384 Sep  8 19:02 time1
drwxrwxr-x   3 travis travis  12288 Sep  8 19:02 time5
-rw-rw-r--   1 travis travis    432 Sep  8 19:03 Token.class
-rw-rw-r--   1 travis travis    251 Sep  8 19:02 Token.java
-rwxrwxr-x   1 travis travis 466992 Sep  8 18:56 top
-rw-rw-r--   1 travis travis  20502 Sep  8 18:56 top.c
-rw-rw-r--   1 travis travis   3799 Sep  8 19:02 top.class
-rw-rw-r--   1 travis travis   1257 Sep  8 19:02 top.mk
In "/home/travis/cg", about to execute:
    javac -classpath
.:/home/travis/build/icyphy/ptII:/home/travis/build/icyphy/ptII/lib/asm-all-5.2
.jar:/home/travis/build/icyphy/ptII/lib/nashorn-core-15.3.jar:/home/travis/buil
d/icyphy/ptII/lib/bsh-2.0b4.jar:/home/travis/build/icyphy/ptII/lib/ptCal.jar:/h
ome/travis/build/icyphy/ptII/lib/java_cup.jar:/home/travis/build/icyphy/ptII/li
b/saxon8.jar:/home/travis/build/icyphy/ptII/lib/saxon8-dom.jar:/home/travis/bui
ld/icyphy/ptII/lib/chic.jar:/home/travis/build/icyphy/ptII/lib/ptcolt.jar:/home
/travis/build/icyphy/ptII/vendors/misc/itext/iText.jar:/home/travis/build/icyph
y/ptII/lib/g4ltl.jar:/home/travis/build/icyphy/ptII/lib/StructuralCoder.jar:/ho
me/travis/build/icyphy/ptII/lib/jcerti.jar:/home/travis/build/icyphy/ptII/lib/j
avax.mail.jar:/home/travis/build/icyphy/ptII/vendors/JMF-2.1.1e/lib/jmf.jar:/ho
me/travis/build/icyphy/ptII/lib/jna-4.0.0-variadic.jar:/home/travis/build/icyph
y/ptII/vendors/misc/joystick/Joystick.jar:/home/travis/build/icyphy/ptII/lib/pt
jacl.jar:/home/travis/build/icyphy/ptII/lib/jsoup-1.14.2.jar:/home/travis/build
/icyphy/ptII/lib/junit-4.8.2.jar:/home/travis/build/icyphy/ptII/lib/JUnitParams
-0.4.0.jar:/home/travis/build/icyphy/ptII/ptolemy/actor/lib/excel/jxl.jar:/home
/travis/build/icyphy/ptII/lib/jython.jar:/home/travis/build/icyphy/ptII/lib/kie
ler.jar:/home/travis/build/icyphy/ptII/vendors/opencv/share/OpenCV/java/opencv-
341.jar:/home/travis/build/icyphy/ptII/lib/oscP5.jar:/home/travis/build/icyphy/
ptII/lib/nrjavaserial-3.11.0.devel.jar:/home/travis/build/icyphy/ptII/vendors/j
3d/lib/Linux/j3dcore.jar:/home/travis/build/icyphy/ptII/vendors/j3d/lib/Linux/j
3dutils.jar:/home/travis/build/icyphy/ptII/vendors/j3d/lib/Linux/vecmath.jar:/h
ome/travis/build/icyphy/ptII/vendors/jogl/lib/Linux/gluegen-rt-natives-linux-am
d64.jar:/home/travis/build/icyphy/ptII/vendors/jogl/lib/Linux/gluegen-rt.jar:/h
ome/travis/build/icyphy/ptII/vendors/jogl/lib/Linux/jogl-all-natives-linux-amd6
4.jar:/home/travis/build/icyphy/ptII/vendors/jogl/lib/Linux/jogl-all.jar:/home/
travis/build/icyphy/ptII/ptolemy/distributed/jini/jar/jini-core.jar:/home/travi
s/build/icyphy/ptII/ptolemy/distributed/jini/jar/jini-ext.jar:/home/travis/buil
d/icyphy/ptII/ptolemy/distributed/jini/jar/sun-util.jar:/home/travis/build/icyp
hy/ptII/lib/protobuf-java-2.4.1.jar:/home/travis/build/icyphy/ptII/lib/org.ecli
pse.paho.client.mqttv3.jar:/home/travis/build/icyphy/ptII/lib/mapss.jar:/home/t
ravis/build/icyphy/ptII/ptolemy/actor/ptalon/antlr/antlr.jar:/home/travis/build
/icyphy/ptII/lib/JRI.jar:/home/travis/build/icyphy/ptII/lib/commons-lang-2.6.ja
r:/home/travis/build/icyphy/ptII/lib/commons-logging-1.1.1.jar:/home/travis/bui
ld/icyphy/ptII/lib/sootclasses.jar:/home/travis/build/icyphy/ptII/ptolemy/actor
/lib/database/mysql-connector-java-8.0.26.jar:/home/travis/build/icyphy/ptII/ve
ndors/misc/sphinx4/sphinx4-data-5prealpha.jar:/home/travis/build/icyphy/ptII/ve
ndors/misc/sphinx4/sphinx4-core-5prealpha.jar:/home/travis/build/icyphy/ptII/li
b/PDFRenderer.jar:/home/travis/build/icyphy/ptII/lib/svgSalamander.jar:/home/tr
avis/build/icyphy/ptII/lib/rsyntaxtextarea-2.6.0-SNAPSHOT.jar:/home/travis/buil
d/icyphy/ptII/lib/hazelcast-3.8.2.jar:/home/travis/build/icyphy/ptII/lib/jackso
n-annotations-2.9.0.jar:/home/travis/build/icyphy/ptII/lib/jackson-core-2.9.3.j
ar:/home/travis/build/icyphy/ptII/lib/jackson-databind-2.9.3.jar:/home/travis/b
uild/icyphy/ptII/lib/netty-buffer-4.1.19.Final.jar:/home/travis/build/icyphy/pt
II/lib/netty-codec-4.1.19.Final.jar:/home/travis/build/icyphy/ptII/lib/netty-co
dec-dns-4.1.19.Final.jar:/home/travis/build/icyphy/ptII/lib/netty-codec-http-4.
1.19.Final.jar:/home/travis/build/icyphy/ptII/lib/netty-codec-http2-4.1.19.Fina
l.jar:/home/travis/build/icyphy/ptII/lib/netty-common-4.1.19.Final.jar:/home/tr
avis/build/icyphy/ptII/lib/netty-handler-4.1.19.Final.jar:/home/travis/build/ic
yphy/ptII/lib/netty-resolver-4.1.19.Final.jar:/home/travis/build/icyphy/ptII/li
b/netty-resolver-dns-4.1.19.Final.jar:/home/travis/build/icyphy/ptII/lib/netty-
transport-4.1.19.Final.jar:/home/travis/build/icyphy/ptII/lib/vertx-codegen-3.5
.1.jar:/home/travis/build/icyphy/ptII/lib/vertx-core-3.5.2-SNAPSHOT.jar:/home/t
ravis/build/icyphy/ptII/lib/vertx-hazelcast-3.5.1.jar:/home/travis/build/icyphy
/ptII/lib/vertx-lang-js-3.5.1.jar:/home/travis/build/icyphy/ptII/lib/vertx-serv
ice-proxy-3.5.1.jar:/home/travis/build/icyphy/ptII/lib/vertx-web-3.5.1.jar:/hom
e/travis/build/icyphy/ptII/lib/slf4j-api-1.7.13.jar:/home/travis/build/icyphy/p
tII/lib/slf4j-simple-1.7.13.jar:/home/travis/build/icyphy/ptII/lib/webcam-captu
re-0.3.12.jar:/home/travis/build/icyphy/ptII/lib/bridj-0.7.0.jar:/home/travis/b
uild/icyphy/ptII/lib/xbjlib-1.1.0.nrjavaserial.jar:/home/travis/build/icyphy/pt
II/ptolemy/moml/test:/home/travis/build/icyphy/ptII/ant/lib/ant-launcher.jar:/h
ome/travis/build/icyphy/ptII/ant/lib/ant.jar:/home/travis/build/icyphy/ptII/ant
/lib/ant-junit.jar:/home/travis/build/icyphy/ptII/ant/lib/ant-junit4.jar:/home/
travis/build/icyphy/ptII ModularCG_A1_B1_profile.java
All Done
Writing ModularCG_A1_B1.java in file:/home/travis/cg/ (9730 characters)
Reading "ptolemy/cg/kernel/generic/program/procedural/java/modular/makefile.in",
    writing "/home/travis/cg/ModularCG_A1_B1.mk"
Using ptolemy/cg/kernel/generic/program/procedural/java/modular/makefile.in
In "/home/travis/cg", about to execute:
    make -f ModularCG_A1_B1.mk
javac -classpath ".:.."    ModularCG_A1_B1.java
All Done
In "/home/travis/cg", about to execute:
    pwd
/home/travis/cg
In "/home/travis/cg", about to execute:
    ls -l
total 1424
drwxrwxr-x   3 travis travis  12288 Sep  8 18:57 AbsoluteValue
drwxrwxr-x   3 travis travis 102400 Sep  8 18:56 AllColt
drwxrwxr-x   3 travis travis  12288 Sep  8 18:57 Case1
-rw-rw-r--   1 travis travis   5128 Sep  8 19:02 CompiledCompositeActor_CompiledCompositeActor.class
-rw-rw-r--   1 travis travis   1611 Sep  8 19:02 CompiledCompositeActor_CompiledCompositeActor$_CompiledCompositeActor_CompiledCompositeActor.class
-rw-rw-r--   1 travis travis  13466 Sep  8 19:02 CompiledCompositeActor_CompiledCompositeActor.java
-rw-rw-r--   1 travis travis   1593 Sep  8 19:02 CompiledCompositeActor_CompiledCompositeActor.mk
drwxrwxr-x   5 travis travis   4096 Sep  8 18:56 fmi
drwxrwxr-x   3 travis travis  16384 Sep  8 18:57 Gaussian2
-rw-rw-r--   1 travis travis   4684 Sep  8 19:02 JavaCompiledCompositeTest1_CompiledCompositeActor.class
-rw-rw-r--   1 travis travis  11637 Sep  8 19:02 JavaCompiledCompositeTest1_CompiledCompositeActor.java
-rw-rw-r--   1 travis travis   1217 Sep  8 19:02 JavaCompiledCompositeTest1_CompiledCompositeActor$_JavaCompiledCompositeTest1_CompiledCompositeActor.class
-rw-rw-r--   1 travis travis   1625 Sep  8 19:02 JavaCompiledCompositeTest1_CompiledCompositeActor.mk
-rw-rw-r--   1 travis travis   5115 Sep  8 19:02 JavaCompiledCompositeTest2_CompiledCompositeActor.class
-rw-rw-r--   1 travis travis  14919 Sep  8 19:02 JavaCompiledCompositeTest2_CompiledCompositeActor.java
-rw-rw-r--   1 travis travis   1812 Sep  8 19:02 JavaCompiledCompositeTest2_CompiledCompositeActor$_JavaCompiledCompositeTest2_CompiledCompositeActor.class
-rw-rw-r--   1 travis travis   1625 Sep  8 19:02 JavaCompiledCompositeTest2_CompiledCompositeActor.mk
-rw-rw-r--   1 travis travis   4732 Sep  8 19:02 JavaCompiledCompositeTest3_CompiledCompositeActor.class
-rw-rw-r--   1 travis travis  13080 Sep  8 19:02 JavaCompiledCompositeTest3_CompiledCompositeActor.java
-rw-rw-r--   1 travis travis   1397 Sep  8 19:02 JavaCompiledCompositeTest3_CompiledCompositeActor$_JavaCompiledCompositeTest3_CompiledCompositeActor.class
-rw-rw-r--   1 travis travis   1625 Sep  8 19:02 JavaCompiledCompositeTest3_CompiledCompositeActor.mk
-rw-rw-r--   1 travis travis   4183 Sep  8 19:03 JavaCompiledCompositeTest4_CompiledCompositeActor.class
-rw-rw-r--   1 travis travis   9687 Sep  8 19:02 JavaCompiledCompositeTest4_CompiledCompositeActor.java
-rw-rw-r--   1 travis travis    876 Sep  8 19:03 JavaCompiledCompositeTest4_CompiledCompositeActor$_JavaCompiledCompositeTest4_CompiledCompositeActor.class
-rw-rw-r--   1 travis travis   1625 Sep  8 19:02 JavaCompiledCompositeTest4_CompiledCompositeActor.mk
drwxrwxr-x   3 travis travis  12288 Sep  8 18:58 LookupTable
drwxrwxr-x   3 travis travis  20480 Sep  8 18:58 MaxIndex
-rw-rw-r--   1 travis travis   3925 Sep  8 19:03 ModularCG_A1_B1.class
-rw-rw-r--   1 travis travis   9730 Sep  8 19:03 ModularCG_A1_B1.java
-rw-rw-r--   1 travis travis    832 Sep  8 19:03 ModularCG_A1_B1.mk
-rw-rw-r--   1 travis travis   1318 Sep  8 19:03 ModularCG_A1_B1_profile.class
-rw-rw-r--   1 travis travis   1262 Sep  8 19:03 ModularCG_A1_B1_profile.java
-rw-rw-r--   1 travis travis   1262 Sep  8 19:03 ModularCG_A1_B2_profile.java
-rw-rw-r--   1 travis travis   3724 Sep  8 19:02 ModularCodeGenTest_A1_A2.class
-rw-rw-r--   1 travis travis   9164 Sep  8 19:02 ModularCodeGenTest_A1_A2.java
-rw-rw-r--   1 travis travis   1306 Sep  8 19:02 ModularCodeGenTest_A1_A2_profile.class
-rw-rw-r--   1 travis travis   4055 Sep  8 19:02 ModularCodeGenTest_A1.class
-rw-rw-r--   1 travis travis   9968 Sep  8 19:02 ModularCodeGenTest_A1.java
-rw-rw-r--   1 travis travis    880 Sep  8 19:02 ModularCodeGenTest_A1.mk
-rw-rw-r--   1 travis travis   1352 Sep  8 19:02 ModularCodeGenTest_A1_profile.class
-rw-rw-r--   1 travis travis   1394 Sep  8 19:02 ModularCodeGenTest_A1_profile.java
drwxrwxr-x   3 travis travis  32768 Sep  8 19:02 modulation2
drwxrwxr-x 188 travis travis  12288 Sep  8 19:02 node_modules
drwxrwxr-x   3 travis travis  20480 Sep  8 18:58 PhaseUnwrap
drwxrwxr-x   3 travis travis  12288 Sep  8 18:59 ReadFile1
-rw-rw-r--   1 travis travis     11 Sep  8 18:58 ReadFile1Output.txt
-rw-rw-r--   1 travis travis  13773 Sep  8 19:02 Repeat.class
-rw-rw-r--   1 travis travis    685 Sep  8 19:02 Repeat$_fireFunction_Repeat_Repeat$__f_sL_11.class
-rw-rw-r--   1 travis travis    541 Sep  8 19:02 Repeat$_fireFunction_Repeat_Repeat$__f_sL_12.class
-rw-rw-r--   1 travis travis    541 Sep  8 19:02 Repeat$_fireFunction_Repeat_Repeat$__f_sL_13.class
-rw-rw-r--   1 travis travis    541 Sep  8 19:02 Repeat$_fireFunction_Repeat_Repeat$__f_sL_14.class
-rw-rw-r--   1 travis travis    684 Sep  8 19:02 Repeat$_fireFunction_Repeat_Repeat$__f_sL_1.class
-rw-rw-r--   1 travis travis    683 Sep  8 19:02 Repeat$_fireFunction_Repeat_Repeat$__f_sL_4.class
-rw-rw-r--   1 travis travis    539 Sep  8 19:02 Repeat$_fireFunction_Repeat_Repeat$__f_sL_9.class
-rw-rw-r--   1 travis travis    494 Sep  8 19:02 Repeat$_initialize_Repeat$__i_sL_2.class
-rw-rw-r--   1 travis travis   1281 Sep  8 19:02 Repeat.mk
-rw-rw-r--   1 travis travis    539 Sep  8 19:02 Repeat$_preinitializeMethod_Repeat$__p_sL_0.class
-rw-rw-r--   1 travis travis   1102 Sep  8 19:02 Repeat$_Repeat$_fireFunction_Repeat_AddSubtract_Repeat.class
-rw-rw-r--   1 travis travis    810 Sep  8 19:02 Repeat$_Repeat$_fireFunction_Repeat_AddSubtract_Repeat$__f_sL_0.class
-rw-rw-r--   1 travis travis    928 Sep  8 19:02 Repeat$_Repeat$_fireFunction_Repeat_AddSubtract_Repeat$__f_sL_1.class
-rw-rw-r--   1 travis travis    934 Sep  8 19:02 Repeat$_Repeat$_fireFunction_Repeat_AddSubtract_Repeat$__f_sL_2.class
-rw-rw-r--   1 travis travis    862 Sep  8 19:02 Repeat$_Repeat$_fireFunction_Repeat_AddSubtract_Repeat$__f_sL_3.class
-rw-rw-r--   1 travis travis    757 Sep  8 19:02 Repeat$_Repeat$_fireFunction_Repeat_Ramp2_Repeat$__f_sL_0.class
-rw-rw-r--   1 travis travis    888 Sep  8 19:02 Repeat$_Repeat$_fireFunction_Repeat_Test_Repeat$__f_sL_0.class
-rw-rw-r--   1 travis travis    634 Sep  8 19:02 Repeat$_Repeat$_fireFunction_Repeat_Test_Repeat$__f_sL_1.class
-rw-rw-r--   1 travis travis    704 Sep  8 19:02 Repeat$_Repeat_SDF_Director_run_Repeat$__R_sL_0.class
-rw-rw-r--   1 travis travis    705 Sep  8 19:02 Repeat$_Repeat_SDF_Director_run_Repeat$__R_sL_11.class
-rw-rw-r--   1 travis travis    561 Sep  8 19:02 Repeat$_Repeat_SDF_Director_run_Repeat$__R_sL_13.class
-rw-rw-r--   1 travis travis    559 Sep  8 19:02 Repeat$_Repeat_SDF_Director_run_Repeat$__R_sL_2.class
-rw-rw-r--   1 travis travis    703 Sep  8 19:02 Repeat$_Repeat_SDF_Director_run_Repeat$__R_sL_3.class
-rw-rw-r--   1 travis travis    559 Sep  8 19:02 Repeat$_Repeat_SDF_Director_run_Repeat$__R_sL_5.class
-rw-rw-r--   1 travis travis    559 Sep  8 19:02 Repeat$_Repeat_SDF_Director_run_Repeat$__R_sL_8.class
drwxrwxr-x   2 travis travis   4096 Sep  8 19:02 RepeatVariables
-rw-rw-r--   1 travis travis    882 Sep  8 19:02 Repeat$_varinit_Repeat.class
-rw-rw-r--   1 travis travis    550 Sep  8 19:02 Repeat$_varinit_Repeat$__v_sL_2.class
-rw-rw-r--   1 travis travis    924 Sep  8 19:02 Repeat$_varinit_Repeat$__v_sL_4.class
-rw-rw-r--   1 travis travis    978 Sep  8 19:02 Repeat$_wrapup_Repeat$__w_sL_1.class
drwxrwxr-x   3 travis travis  20480 Sep  8 18:59 Sinewave
drwxrwxr-x   3 travis travis  32768 Sep  8 19:00 StringFunction
drwxrwxr-x   3 travis travis  12288 Sep  8 19:00 StringLength
drwxrwxr-x   3 travis travis  61440 Sep  8 19:00 StringMatches2
drwxrwxr-x   3 travis travis  61440 Sep  8 19:01 StringSimpleReplace
drwxrwxr-x   3 travis travis  65536 Sep  8 19:01 StringSubstring
drwxrwxr-x   3 travis travis  24576 Sep  8 19:01 StringSubstring2
drwxrwxr-x   3 travis travis  16384 Sep  8 19:02 time1
drwxrwxr-x   3 travis travis  12288 Sep  8 19:02 time5
-rw-rw-r--   1 travis travis    432 Sep  8 19:03 Token.class
-rw-rw-r--   1 travis travis    251 Sep  8 19:03 Token.java
-rwxrwxr-x   1 travis travis 466992 Sep  8 18:56 top
-rw-rw-r--   1 travis travis  20502 Sep  8 18:56 top.c
-rw-rw-r--   1 travis travis   3799 Sep  8 19:02 top.class
-rw-rw-r--   1 travis travis   1257 Sep  8 19:02 top.mk
In "/home/travis/cg", about to execute:
    javac -classpath
.:/home/travis/build/icyphy/ptII:/home/travis/build/icyphy/ptII/lib/asm-all-5.2
.jar:/home/travis/build/icyphy/ptII/lib/nashorn-core-15.3.jar:/home/travis/buil
d/icyphy/ptII/lib/bsh-2.0b4.jar:/home/travis/build/icyphy/ptII/lib/ptCal.jar:/h
ome/travis/build/icyphy/ptII/lib/java_cup.jar:/home/travis/build/icyphy/ptII/li
b/saxon8.jar:/home/travis/build/icyphy/ptII/lib/saxon8-dom.jar:/home/travis/bui
ld/icyphy/ptII/lib/chic.jar:/home/travis/build/icyphy/ptII/lib/ptcolt.jar:/home
/travis/build/icyphy/ptII/vendors/misc/itext/iText.jar:/home/travis/build/icyph
y/ptII/lib/g4ltl.jar:/home/travis/build/icyphy/ptII/lib/StructuralCoder.jar:/ho
me/travis/build/icyphy/ptII/lib/jcerti.jar:/home/travis/build/icyphy/ptII/lib/j
avax.mail.jar:/home/travis/build/icyphy/ptII/vendors/JMF-2.1.1e/lib/jmf.jar:/ho
me/travis/build/icyphy/ptII/lib/jna-4.0.0-variadic.jar:/home/travis/build/icyph
y/ptII/vendors/misc/joystick/Joystick.jar:/home/travis/build/icyphy/ptII/lib/pt
jacl.jar:/home/travis/build/icyphy/ptII/lib/jsoup-1.14.2.jar:/home/travis/build
/icyphy/ptII/lib/junit-4.8.2.jar:/home/travis/build/icyphy/ptII/lib/JUnitParams
-0.4.0.jar:/home/travis/build/icyphy/ptII/ptolemy/actor/lib/excel/jxl.jar:/home
/travis/build/icyphy/ptII/lib/jython.jar:/home/travis/build/icyphy/ptII/lib/kie
ler.jar:/home/travis/build/icyphy/ptII/vendors/opencv/share/OpenCV/java/opencv-
341.jar:/home/travis/build/icyphy/ptII/lib/oscP5.jar:/home/travis/build/icyphy/
ptII/lib/nrjavaserial-3.11.0.devel.jar:/home/travis/build/icyphy/ptII/vendors/j
3d/lib/Linux/j3dcore.jar:/home/travis/build/icyphy/ptII/vendors/j3d/lib/Linux/j
3dutils.jar:/home/travis/build/icyphy/ptII/vendors/j3d/lib/Linux/vecmath.jar:/h
ome/travis/build/icyphy/ptII/vendors/jogl/lib/Linux/gluegen-rt-natives-linux-am
d64.jar:/home/travis/build/icyphy/ptII/vendors/jogl/lib/Linux/gluegen-rt.jar:/h
ome/travis/build/icyphy/ptII/vendors/jogl/lib/Linux/jogl-all-natives-linux-amd6
4.jar:/home/travis/build/icyphy/ptII/vendors/jogl/lib/Linux/jogl-all.jar:/home/
travis/build/icyphy/ptII/ptolemy/distributed/jini/jar/jini-core.jar:/home/travi
s/build/icyphy/ptII/ptolemy/distributed/jini/jar/jini-ext.jar:/home/travis/buil
d/icyphy/ptII/ptolemy/distributed/jini/jar/sun-util.jar:/home/travis/build/icyp
hy/ptII/lib/protobuf-java-2.4.1.jar:/home/travis/build/icyphy/ptII/lib/org.ecli
pse.paho.client.mqttv3.jar:/home/travis/build/icyphy/ptII/lib/mapss.jar:/home/t
ravis/build/icyphy/ptII/ptolemy/actor/ptalon/antlr/antlr.jar:/home/travis/build
/icyphy/ptII/lib/JRI.jar:/home/travis/build/icyphy/ptII/lib/commons-lang-2.6.ja
r:/home/travis/build/icyphy/ptII/lib/commons-logging-1.1.1.jar:/home/travis/bui
ld/icyphy/ptII/lib/sootclasses.jar:/home/travis/build/icyphy/ptII/ptolemy/actor
/lib/database/mysql-connector-java-8.0.26.jar:/home/travis/build/icyphy/ptII/ve
ndors/misc/sphinx4/sphinx4-data-5prealpha.jar:/home/travis/build/icyphy/ptII/ve
ndors/misc/sphinx4/sphinx4-core-5prealpha.jar:/home/travis/build/icyphy/ptII/li
b/PDFRenderer.jar:/home/travis/build/icyphy/ptII/lib/svgSalamander.jar:/home/tr
avis/build/icyphy/ptII/lib/rsyntaxtextarea-2.6.0-SNAPSHOT.jar:/home/travis/buil
d/icyphy/ptII/lib/hazelcast-3.8.2.jar:/home/travis/build/icyphy/ptII/lib/jackso
n-annotations-2.9.0.jar:/home/travis/build/icyphy/ptII/lib/jackson-core-2.9.3.j
ar:/home/travis/build/icyphy/ptII/lib/jackson-databind-2.9.3.jar:/home/travis/b
uild/icyphy/ptII/lib/netty-buffer-4.1.19.Final.jar:/home/travis/build/icyphy/pt
II/lib/netty-codec-4.1.19.Final.jar:/home/travis/build/icyphy/ptII/lib/netty-co
dec-dns-4.1.19.Final.jar:/home/travis/build/icyphy/ptII/lib/netty-codec-http-4.
1.19.Final.jar:/home/travis/build/icyphy/ptII/lib/netty-codec-http2-4.1.19.Fina
l.jar:/home/travis/build/icyphy/ptII/lib/netty-common-4.1.19.Final.jar:/home/tr
avis/build/icyphy/ptII/lib/netty-handler-4.1.19.Final.jar:/home/travis/build/ic
yphy/ptII/lib/netty-resolver-4.1.19.Final.jar:/home/travis/build/icyphy/ptII/li
b/netty-resolver-dns-4.1.19.Final.jar:/home/travis/build/icyphy/ptII/lib/netty-
transport-4.1.19.Final.jar:/home/travis/build/icyphy/ptII/lib/vertx-codegen-3.5
.1.jar:/home/travis/build/icyphy/ptII/lib/vertx-core-3.5.2-SNAPSHOT.jar:/home/t
ravis/build/icyphy/ptII/lib/vertx-hazelcast-3.5.1.jar:/home/travis/build/icyphy
/ptII/lib/vertx-lang-js-3.5.1.jar:/home/travis/build/icyphy/ptII/lib/vertx-serv
ice-proxy-3.5.1.jar:/home/travis/build/icyphy/ptII/lib/vertx-web-3.5.1.jar:/hom
e/travis/build/icyphy/ptII/lib/slf4j-api-1.7.13.jar:/home/travis/build/icyphy/p
tII/lib/slf4j-simple-1.7.13.jar:/home/travis/build/icyphy/ptII/lib/webcam-captu
re-0.3.12.jar:/home/travis/build/icyphy/ptII/lib/bridj-0.7.0.jar:/home/travis/b
uild/icyphy/ptII/lib/xbjlib-1.1.0.nrjavaserial.jar:/home/travis/build/icyphy/pt
II/ptolemy/moml/test:/home/travis/build/icyphy/ptII/ant/lib/ant-launcher.jar:/h
ome/travis/build/icyphy/ptII/ant/lib/ant.jar:/home/travis/build/icyphy/ptII/ant
/lib/ant-junit.jar:/home/travis/build/icyphy/ptII/ant/lib/ant-junit4.jar:/home/
travis/build/icyphy/ptII ModularCG_A1_B2_profile.java
All Done
Writing ModularCG_A1_B2.java in file:/home/travis/cg/ (9730 characters)
Reading "ptolemy/cg/kernel/generic/program/procedural/java/modular/makefile.in",
    writing "/home/travis/cg/ModularCG_A1_B2.mk"
Using ptolemy/cg/kernel/generic/program/procedural/java/modular/makefile.in
In "/home/travis/cg", about to execute:
    make -f ModularCG_A1_B2.mk
javac -classpath ".:.."    ModularCG_A1_B2.java
All Done
In "/home/travis/cg", about to execute:
    pwd
/home/travis/cg
In "/home/travis/cg", about to execute:
    ls -l
total 1452
drwxrwxr-x   3 travis travis  12288 Sep  8 18:57 AbsoluteValue
drwxrwxr-x   3 travis travis 102400 Sep  8 18:56 AllColt
drwxrwxr-x   3 travis travis  12288 Sep  8 18:57 Case1
-rw-rw-r--   1 travis travis   5128 Sep  8 19:02 CompiledCompositeActor_CompiledCompositeActor.class
-rw-rw-r--   1 travis travis   1611 Sep  8 19:02 CompiledCompositeActor_CompiledCompositeActor$_CompiledCompositeActor_CompiledCompositeActor.class
-rw-rw-r--   1 travis travis  13466 Sep  8 19:02 CompiledCompositeActor_CompiledCompositeActor.java
-rw-rw-r--   1 travis travis   1593 Sep  8 19:02 CompiledCompositeActor_CompiledCompositeActor.mk
drwxrwxr-x   5 travis travis   4096 Sep  8 18:56 fmi
drwxrwxr-x   3 travis travis  16384 Sep  8 18:57 Gaussian2
-rw-rw-r--   1 travis travis   4684 Sep  8 19:02 JavaCompiledCompositeTest1_CompiledCompositeActor.class
-rw-rw-r--   1 travis travis  11637 Sep  8 19:02 JavaCompiledCompositeTest1_CompiledCompositeActor.java
-rw-rw-r--   1 travis travis   1217 Sep  8 19:02 JavaCompiledCompositeTest1_CompiledCompositeActor$_JavaCompiledCompositeTest1_CompiledCompositeActor.class
-rw-rw-r--   1 travis travis   1625 Sep  8 19:02 JavaCompiledCompositeTest1_CompiledCompositeActor.mk
-rw-rw-r--   1 travis travis   5115 Sep  8 19:02 JavaCompiledCompositeTest2_CompiledCompositeActor.class
-rw-rw-r--   1 travis travis  14919 Sep  8 19:02 JavaCompiledCompositeTest2_CompiledCompositeActor.java
-rw-rw-r--   1 travis travis   1812 Sep  8 19:02 JavaCompiledCompositeTest2_CompiledCompositeActor$_JavaCompiledCompositeTest2_CompiledCompositeActor.class
-rw-rw-r--   1 travis travis   1625 Sep  8 19:02 JavaCompiledCompositeTest2_CompiledCompositeActor.mk
-rw-rw-r--   1 travis travis   4732 Sep  8 19:02 JavaCompiledCompositeTest3_CompiledCompositeActor.class
-rw-rw-r--   1 travis travis  13080 Sep  8 19:02 JavaCompiledCompositeTest3_CompiledCompositeActor.java
-rw-rw-r--   1 travis travis   1397 Sep  8 19:02 JavaCompiledCompositeTest3_CompiledCompositeActor$_JavaCompiledCompositeTest3_CompiledCompositeActor.class
-rw-rw-r--   1 travis travis   1625 Sep  8 19:02 JavaCompiledCompositeTest3_CompiledCompositeActor.mk
-rw-rw-r--   1 travis travis   4183 Sep  8 19:03 JavaCompiledCompositeTest4_CompiledCompositeActor.class
-rw-rw-r--   1 travis travis   9687 Sep  8 19:02 JavaCompiledCompositeTest4_CompiledCompositeActor.java
-rw-rw-r--   1 travis travis    876 Sep  8 19:03 JavaCompiledCompositeTest4_CompiledCompositeActor$_JavaCompiledCompositeTest4_CompiledCompositeActor.class
-rw-rw-r--   1 travis travis   1625 Sep  8 19:02 JavaCompiledCompositeTest4_CompiledCompositeActor.mk
drwxrwxr-x   3 travis travis  12288 Sep  8 18:58 LookupTable
drwxrwxr-x   3 travis travis  20480 Sep  8 18:58 MaxIndex
-rw-rw-r--   1 travis travis   3925 Sep  8 19:03 ModularCG_A1_B1.class
-rw-rw-r--   1 travis travis   9730 Sep  8 19:03 ModularCG_A1_B1.java
-rw-rw-r--   1 travis travis    832 Sep  8 19:03 ModularCG_A1_B1.mk
-rw-rw-r--   1 travis travis   1318 Sep  8 19:03 ModularCG_A1_B1_profile.class
-rw-rw-r--   1 travis travis   1262 Sep  8 19:03 ModularCG_A1_B1_profile.java
-rw-rw-r--   1 travis travis   3925 Sep  8 19:03 ModularCG_A1_B2.class
-rw-rw-r--   1 travis travis   9730 Sep  8 19:03 ModularCG_A1_B2.java
-rw-rw-r--   1 travis travis    832 Sep  8 19:03 ModularCG_A1_B2.mk
-rw-rw-r--   1 travis travis   1318 Sep  8 19:03 ModularCG_A1_B2_profile.class
-rw-rw-r--   1 travis travis   1262 Sep  8 19:03 ModularCG_A1_B2_profile.java
-rw-rw-r--   1 travis travis   1704 Sep  8 19:03 ModularCG_A1_profile.java
-rw-rw-r--   1 travis travis   3724 Sep  8 19:02 ModularCodeGenTest_A1_A2.class
-rw-rw-r--   1 travis travis   9164 Sep  8 19:02 ModularCodeGenTest_A1_A2.java
-rw-rw-r--   1 travis travis   1306 Sep  8 19:02 ModularCodeGenTest_A1_A2_profile.class
-rw-rw-r--   1 travis travis   4055 Sep  8 19:02 ModularCodeGenTest_A1.class
-rw-rw-r--   1 travis travis   9968 Sep  8 19:02 ModularCodeGenTest_A1.java
-rw-rw-r--   1 travis travis    880 Sep  8 19:02 ModularCodeGenTest_A1.mk
-rw-rw-r--   1 travis travis   1352 Sep  8 19:02 ModularCodeGenTest_A1_profile.class
-rw-rw-r--   1 travis travis   1394 Sep  8 19:02 ModularCodeGenTest_A1_profile.java
drwxrwxr-x   3 travis travis  32768 Sep  8 19:02 modulation2
drwxrwxr-x 188 travis travis  12288 Sep  8 19:02 node_modules
drwxrwxr-x   3 travis travis  20480 Sep  8 18:58 PhaseUnwrap
drwxrwxr-x   3 travis travis  12288 Sep  8 18:59 ReadFile1
-rw-rw-r--   1 travis travis     11 Sep  8 18:58 ReadFile1Output.txt
-rw-rw-r--   1 travis travis  13773 Sep  8 19:02 Repeat.class
-rw-rw-r--   1 travis travis    685 Sep  8 19:02 Repeat$_fireFunction_Repeat_Repeat$__f_sL_11.class
-rw-rw-r--   1 travis travis    541 Sep  8 19:02 Repeat$_fireFunction_Repeat_Repeat$__f_sL_12.class
-rw-rw-r--   1 travis travis    541 Sep  8 19:02 Repeat$_fireFunction_Repeat_Repeat$__f_sL_13.class
-rw-rw-r--   1 travis travis    541 Sep  8 19:02 Repeat$_fireFunction_Repeat_Repeat$__f_sL_14.class
-rw-rw-r--   1 travis travis    684 Sep  8 19:02 Repeat$_fireFunction_Repeat_Repeat$__f_sL_1.class
-rw-rw-r--   1 travis travis    683 Sep  8 19:02 Repeat$_fireFunction_Repeat_Repeat$__f_sL_4.class
-rw-rw-r--   1 travis travis    539 Sep  8 19:02 Repeat$_fireFunction_Repeat_Repeat$__f_sL_9.class
-rw-rw-r--   1 travis travis    494 Sep  8 19:02 Repeat$_initialize_Repeat$__i_sL_2.class
-rw-rw-r--   1 travis travis   1281 Sep  8 19:02 Repeat.mk
-rw-rw-r--   1 travis travis    539 Sep  8 19:02 Repeat$_preinitializeMethod_Repeat$__p_sL_0.class
-rw-rw-r--   1 travis travis   1102 Sep  8 19:02 Repeat$_Repeat$_fireFunction_Repeat_AddSubtract_Repeat.class
-rw-rw-r--   1 travis travis    810 Sep  8 19:02 Repeat$_Repeat$_fireFunction_Repeat_AddSubtract_Repeat$__f_sL_0.class
-rw-rw-r--   1 travis travis    928 Sep  8 19:02 Repeat$_Repeat$_fireFunction_Repeat_AddSubtract_Repeat$__f_sL_1.class
-rw-rw-r--   1 travis travis    934 Sep  8 19:02 Repeat$_Repeat$_fireFunction_Repeat_AddSubtract_Repeat$__f_sL_2.class
-rw-rw-r--   1 travis travis    862 Sep  8 19:02 Repeat$_Repeat$_fireFunction_Repeat_AddSubtract_Repeat$__f_sL_3.class
-rw-rw-r--   1 travis travis    757 Sep  8 19:02 Repeat$_Repeat$_fireFunction_Repeat_Ramp2_Repeat$__f_sL_0.class
-rw-rw-r--   1 travis travis    888 Sep  8 19:02 Repeat$_Repeat$_fireFunction_Repeat_Test_Repeat$__f_sL_0.class
-rw-rw-r--   1 travis travis    634 Sep  8 19:02 Repeat$_Repeat$_fireFunction_Repeat_Test_Repeat$__f_sL_1.class
-rw-rw-r--   1 travis travis    704 Sep  8 19:02 Repeat$_Repeat_SDF_Director_run_Repeat$__R_sL_0.class
-rw-rw-r--   1 travis travis    705 Sep  8 19:02 Repeat$_Repeat_SDF_Director_run_Repeat$__R_sL_11.class
-rw-rw-r--   1 travis travis    561 Sep  8 19:02 Repeat$_Repeat_SDF_Director_run_Repeat$__R_sL_13.class
-rw-rw-r--   1 travis travis    559 Sep  8 19:02 Repeat$_Repeat_SDF_Director_run_Repeat$__R_sL_2.class
-rw-rw-r--   1 travis travis    703 Sep  8 19:02 Repeat$_Repeat_SDF_Director_run_Repeat$__R_sL_3.class
-rw-rw-r--   1 travis travis    559 Sep  8 19:02 Repeat$_Repeat_SDF_Director_run_Repeat$__R_sL_5.class
-rw-rw-r--   1 travis travis    559 Sep  8 19:02 Repeat$_Repeat_SDF_Director_run_Repeat$__R_sL_8.class
drwxrwxr-x   2 travis travis   4096 Sep  8 19:02 RepeatVariables
-rw-rw-r--   1 travis travis    882 Sep  8 19:02 Repeat$_varinit_Repeat.class
-rw-rw-r--   1 travis travis    550 Sep  8 19:02 Repeat$_varinit_Repeat$__v_sL_2.class
-rw-rw-r--   1 travis travis    924 Sep  8 19:02 Repeat$_varinit_Repeat$__v_sL_4.class
-rw-rw-r--   1 travis travis    978 Sep  8 19:02 Repeat$_wrapup_Repeat$__w_sL_1.class
drwxrwxr-x   3 travis travis  20480 Sep  8 18:59 Sinewave
drwxrwxr-x   3 travis travis  32768 Sep  8 19:00 StringFunction
drwxrwxr-x   3 travis travis  12288 Sep  8 19:00 StringLength
drwxrwxr-x   3 travis travis  61440 Sep  8 19:00 StringMatches2
drwxrwxr-x   3 travis travis  61440 Sep  8 19:01 StringSimpleReplace
drwxrwxr-x   3 travis travis  65536 Sep  8 19:01 StringSubstring
drwxrwxr-x   3 travis travis  24576 Sep  8 19:01 StringSubstring2
drwxrwxr-x   3 travis travis  16384 Sep  8 19:02 time1
drwxrwxr-x   3 travis travis  12288 Sep  8 19:02 time5
-rw-rw-r--   1 travis travis    432 Sep  8 19:03 Token.class
-rw-rw-r--   1 travis travis    251 Sep  8 19:03 Token.java
-rwxrwxr-x   1 travis travis 466992 Sep  8 18:56 top
-rw-rw-r--   1 travis travis  20502 Sep  8 18:56 top.c
-rw-rw-r--   1 travis travis   3799 Sep  8 19:02 top.class
-rw-rw-r--   1 travis travis   1257 Sep  8 19:02 top.mk
In "/home/travis/cg", about to execute:
    javac -classpath
.:/home/travis/build/icyphy/ptII:/home/travis/build/icyphy/ptII/lib/asm-all-5.2
.jar:/home/travis/build/icyphy/ptII/lib/nashorn-core-15.3.jar:/home/travis/buil
d/icyphy/ptII/lib/bsh-2.0b4.jar:/home/travis/build/icyphy/ptII/lib/ptCal.jar:/h
ome/travis/build/icyphy/ptII/lib/java_cup.jar:/home/travis/build/icyphy/ptII/li
b/saxon8.jar:/home/travis/build/icyphy/ptII/lib/saxon8-dom.jar:/home/travis/bui
ld/icyphy/ptII/lib/chic.jar:/home/travis/build/icyphy/ptII/lib/ptcolt.jar:/home
/travis/build/icyphy/ptII/vendors/misc/itext/iText.jar:/home/travis/build/icyph
y/ptII/lib/g4ltl.jar:/home/travis/build/icyphy/ptII/lib/StructuralCoder.jar:/ho
me/travis/build/icyphy/ptII/lib/jcerti.jar:/home/travis/build/icyphy/ptII/lib/j
avax.mail.jar:/home/travis/build/icyphy/ptII/vendors/JMF-2.1.1e/lib/jmf.jar:/ho
me/travis/build/icyphy/ptII/lib/jna-4.0.0-variadic.jar:/home/travis/build/icyph
y/ptII/vendors/misc/joystick/Joystick.jar:/home/travis/build/icyphy/ptII/lib/pt
jacl.jar:/home/travis/build/icyphy/ptII/lib/jsoup-1.14.2.jar:/home/travis/build
/icyphy/ptII/lib/junit-4.8.2.jar:/home/travis/build/icyphy/ptII/lib/JUnitParams
-0.4.0.jar:/home/travis/build/icyphy/ptII/ptolemy/actor/lib/excel/jxl.jar:/home
/travis/build/icyphy/ptII/lib/jython.jar:/home/travis/build/icyphy/ptII/lib/kie
ler.jar:/home/travis/build/icyphy/ptII/vendors/opencv/share/OpenCV/java/opencv-
341.jar:/home/travis/build/icyphy/ptII/lib/oscP5.jar:/home/travis/build/icyphy/
ptII/lib/nrjavaserial-3.11.0.devel.jar:/home/travis/build/icyphy/ptII/vendors/j
3d/lib/Linux/j3dcore.jar:/home/travis/build/icyphy/ptII/vendors/j3d/lib/Linux/j
3dutils.jar:/home/travis/build/icyphy/ptII/vendors/j3d/lib/Linux/vecmath.jar:/h
ome/travis/build/icyphy/ptII/vendors/jogl/lib/Linux/gluegen-rt-natives-linux-am
d64.jar:/home/travis/build/icyphy/ptII/vendors/jogl/lib/Linux/gluegen-rt.jar:/h
ome/travis/build/icyphy/ptII/vendors/jogl/lib/Linux/jogl-all-natives-linux-amd6
4.jar:/home/travis/build/icyphy/ptII/vendors/jogl/lib/Linux/jogl-all.jar:/home/
travis/build/icyphy/ptII/ptolemy/distributed/jini/jar/jini-core.jar:/home/travi
s/build/icyphy/ptII/ptolemy/distributed/jini/jar/jini-ext.jar:/home/travis/buil
d/icyphy/ptII/ptolemy/distributed/jini/jar/sun-util.jar:/home/travis/build/icyp
hy/ptII/lib/protobuf-java-2.4.1.jar:/home/travis/build/icyphy/ptII/lib/org.ecli
pse.paho.client.mqttv3.jar:/home/travis/build/icyphy/ptII/lib/mapss.jar:/home/t
ravis/build/icyphy/ptII/ptolemy/actor/ptalon/antlr/antlr.jar:/home/travis/build
/icyphy/ptII/lib/JRI.jar:/home/travis/build/icyphy/ptII/lib/commons-lang-2.6.ja
r:/home/travis/build/icyphy/ptII/lib/commons-logging-1.1.1.jar:/home/travis/bui
ld/icyphy/ptII/lib/sootclasses.jar:/home/travis/build/icyphy/ptII/ptolemy/actor
/lib/database/mysql-connector-java-8.0.26.jar:/home/travis/build/icyphy/ptII/ve
ndors/misc/sphinx4/sphinx4-data-5prealpha.jar:/home/travis/build/icyphy/ptII/ve
ndors/misc/sphinx4/sphinx4-core-5prealpha.jar:/home/travis/build/icyphy/ptII/li
b/PDFRenderer.jar:/home/travis/build/icyphy/ptII/lib/svgSalamander.jar:/home/tr
avis/build/icyphy/ptII/lib/rsyntaxtextarea-2.6.0-SNAPSHOT.jar:/home/travis/buil
d/icyphy/ptII/lib/hazelcast-3.8.2.jar:/home/travis/build/icyphy/ptII/lib/jackso
n-annotations-2.9.0.jar:/home/travis/build/icyphy/ptII/lib/jackson-core-2.9.3.j
ar:/home/travis/build/icyphy/ptII/lib/jackson-databind-2.9.3.jar:/home/travis/b
uild/icyphy/ptII/lib/netty-buffer-4.1.19.Final.jar:/home/travis/build/icyphy/pt
II/lib/netty-codec-4.1.19.Final.jar:/home/travis/build/icyphy/ptII/lib/netty-co
dec-dns-4.1.19.Final.jar:/home/travis/build/icyphy/ptII/lib/netty-codec-http-4.
1.19.Final.jar:/home/travis/build/icyphy/ptII/lib/netty-codec-http2-4.1.19.Fina
l.jar:/home/travis/build/icyphy/ptII/lib/netty-common-4.1.19.Final.jar:/home/tr
avis/build/icyphy/ptII/lib/netty-handler-4.1.19.Final.jar:/home/travis/build/ic
yphy/ptII/lib/netty-resolver-4.1.19.Final.jar:/home/travis/build/icyphy/ptII/li
b/netty-resolver-dns-4.1.19.Final.jar:/home/travis/build/icyphy/ptII/lib/netty-
transport-4.1.19.Final.jar:/home/travis/build/icyphy/ptII/lib/vertx-codegen-3.5
.1.jar:/home/travis/build/icyphy/ptII/lib/vertx-core-3.5.2-SNAPSHOT.jar:/home/t
ravis/build/icyphy/ptII/lib/vertx-hazelcast-3.5.1.jar:/home/travis/build/icyphy
/ptII/lib/vertx-lang-js-3.5.1.jar:/home/travis/build/icyphy/ptII/lib/vertx-serv
ice-proxy-3.5.1.jar:/home/travis/build/icyphy/ptII/lib/vertx-web-3.5.1.jar:/hom
e/travis/build/icyphy/ptII/lib/slf4j-api-1.7.13.jar:/home/travis/build/icyphy/p
tII/lib/slf4j-simple-1.7.13.jar:/home/travis/build/icyphy/ptII/lib/webcam-captu
re-0.3.12.jar:/home/travis/build/icyphy/ptII/lib/bridj-0.7.0.jar:/home/travis/b
uild/icyphy/ptII/lib/xbjlib-1.1.0.nrjavaserial.jar:/home/travis/build/icyphy/pt
II/ptolemy/moml/test:/home/travis/build/icyphy/ptII/ant/lib/ant-launcher.jar:/h
ome/travis/build/icyphy/ptII/ant/lib/ant.jar:/home/travis/build/icyphy/ptII/ant
/lib/ant-junit.jar:/home/travis/build/icyphy/ptII/ant/lib/ant-junit4.jar:/home/
travis/build/icyphy/ptII ModularCG_A1_profile.java
All Done
Writing ModularCG_A1.java in file:/home/travis/cg/ (14742 characters)
Reading "ptolemy/cg/kernel/generic/program/procedural/java/modular/makefile.in",
    writing "/home/travis/cg/ModularCG_A1.mk"
Using ptolemy/cg/kernel/generic/program/procedural/java/modular/makefile.in
In "/home/travis/cg", about to execute:
    make -f ModularCG_A1.mk
javac -classpath ".:.."    ModularCG_A1.java
All Done
In "/home/travis/cg", about to execute:
    pwd
/home/travis/cg
In "/home/travis/cg", about to execute:
    ls -l
total 1488
drwxrwxr-x   3 travis travis  12288 Sep  8 18:57 AbsoluteValue
drwxrwxr-x   3 travis travis 102400 Sep  8 18:56 AllColt
drwxrwxr-x   3 travis travis  12288 Sep  8 18:57 Case1
-rw-rw-r--   1 travis travis   5128 Sep  8 19:02 CompiledCompositeActor_CompiledCompositeActor.class
-rw-rw-r--   1 travis travis   1611 Sep  8 19:02 CompiledCompositeActor_CompiledCompositeActor$_CompiledCompositeActor_CompiledCompositeActor.class
-rw-rw-r--   1 travis travis  13466 Sep  8 19:02 CompiledCompositeActor_CompiledCompositeActor.java
-rw-rw-r--   1 travis travis   1593 Sep  8 19:02 CompiledCompositeActor_CompiledCompositeActor.mk
drwxrwxr-x   5 travis travis   4096 Sep  8 18:56 fmi
drwxrwxr-x   3 travis travis  16384 Sep  8 18:57 Gaussian2
-rw-rw-r--   1 travis travis   4684 Sep  8 19:02 JavaCompiledCompositeTest1_CompiledCompositeActor.class
-rw-rw-r--   1 travis travis  11637 Sep  8 19:02 JavaCompiledCompositeTest1_CompiledCompositeActor.java
-rw-rw-r--   1 travis travis   1217 Sep  8 19:02 JavaCompiledCompositeTest1_CompiledCompositeActor$_JavaCompiledCompositeTest1_CompiledCompositeActor.class
-rw-rw-r--   1 travis travis   1625 Sep  8 19:02 JavaCompiledCompositeTest1_CompiledCompositeActor.mk
-rw-rw-r--   1 travis travis   5115 Sep  8 19:02 JavaCompiledCompositeTest2_CompiledCompositeActor.class
-rw-rw-r--   1 travis travis  14919 Sep  8 19:02 JavaCompiledCompositeTest2_CompiledCompositeActor.java
-rw-rw-r--   1 travis travis   1812 Sep  8 19:02 JavaCompiledCompositeTest2_CompiledCompositeActor$_JavaCompiledCompositeTest2_CompiledCompositeActor.class
-rw-rw-r--   1 travis travis   1625 Sep  8 19:02 JavaCompiledCompositeTest2_CompiledCompositeActor.mk
-rw-rw-r--   1 travis travis   4732 Sep  8 19:02 JavaCompiledCompositeTest3_CompiledCompositeActor.class
-rw-rw-r--   1 travis travis  13080 Sep  8 19:02 JavaCompiledCompositeTest3_CompiledCompositeActor.java
-rw-rw-r--   1 travis travis   1397 Sep  8 19:02 JavaCompiledCompositeTest3_CompiledCompositeActor$_JavaCompiledCompositeTest3_CompiledCompositeActor.class
-rw-rw-r--   1 travis travis   1625 Sep  8 19:02 JavaCompiledCompositeTest3_CompiledCompositeActor.mk
-rw-rw-r--   1 travis travis   4183 Sep  8 19:03 JavaCompiledCompositeTest4_CompiledCompositeActor.class
-rw-rw-r--   1 travis travis   9687 Sep  8 19:02 JavaCompiledCompositeTest4_CompiledCompositeActor.java
-rw-rw-r--   1 travis travis    876 Sep  8 19:03 JavaCompiledCompositeTest4_CompiledCompositeActor$_JavaCompiledCompositeTest4_CompiledCompositeActor.class
-rw-rw-r--   1 travis travis   1625 Sep  8 19:02 JavaCompiledCompositeTest4_CompiledCompositeActor.mk
drwxrwxr-x   3 travis travis  12288 Sep  8 18:58 LookupTable
drwxrwxr-x   3 travis travis  20480 Sep  8 18:58 MaxIndex
-rw-rw-r--   1 travis travis   3925 Sep  8 19:03 ModularCG_A1_B1.class
-rw-rw-r--   1 travis travis   9730 Sep  8 19:03 ModularCG_A1_B1.java
-rw-rw-r--   1 travis travis    832 Sep  8 19:03 ModularCG_A1_B1.mk
-rw-rw-r--   1 travis travis   1318 Sep  8 19:03 ModularCG_A1_B1_profile.class
-rw-rw-r--   1 travis travis   1262 Sep  8 19:03 ModularCG_A1_B1_profile.java
-rw-rw-r--   1 travis travis   3925 Sep  8 19:03 ModularCG_A1_B2.class
-rw-rw-r--   1 travis travis   9730 Sep  8 19:03 ModularCG_A1_B2.java
-rw-rw-r--   1 travis travis    832 Sep  8 19:03 ModularCG_A1_B2.mk
-rw-rw-r--   1 travis travis   1318 Sep  8 19:03 ModularCG_A1_B2_profile.class
-rw-rw-r--   1 travis travis   1262 Sep  8 19:03 ModularCG_A1_B2_profile.java
-rw-rw-r--   1 travis travis   5031 Sep  8 19:03 ModularCG_A1.class
-rw-rw-r--   1 travis travis  14742 Sep  8 19:03 ModularCG_A1.java
-rw-rw-r--   1 travis travis    808 Sep  8 19:03 ModularCG_A1.mk
-rw-rw-r--   1 travis travis   1433 Sep  8 19:03 ModularCG_A1_profile.class
-rw-rw-r--   1 travis travis   1704 Sep  8 19:03 ModularCG_A1_profile.java
-rw-rw-r--   1 travis travis   1446 Sep  8 19:03 ModularCG_A2_B1_profile.java
-rw-rw-r--   1 travis travis   3724 Sep  8 19:02 ModularCodeGenTest_A1_A2.class
-rw-rw-r--   1 travis travis   9164 Sep  8 19:02 ModularCodeGenTest_A1_A2.java
-rw-rw-r--   1 travis travis   1306 Sep  8 19:02 ModularCodeGenTest_A1_A2_profile.class
-rw-rw-r--   1 travis travis   4055 Sep  8 19:02 ModularCodeGenTest_A1.class
-rw-rw-r--   1 travis travis   9968 Sep  8 19:02 ModularCodeGenTest_A1.java
-rw-rw-r--   1 travis travis    880 Sep  8 19:02 ModularCodeGenTest_A1.mk
-rw-rw-r--   1 travis travis   1352 Sep  8 19:02 ModularCodeGenTest_A1_profile.class
-rw-rw-r--   1 travis travis   1394 Sep  8 19:02 ModularCodeGenTest_A1_profile.java
drwxrwxr-x   3 travis travis  32768 Sep  8 19:02 modulation2
drwxrwxr-x 188 travis travis  12288 Sep  8 19:02 node_modules
drwxrwxr-x   3 travis travis  20480 Sep  8 18:58 PhaseUnwrap
drwxrwxr-x   3 travis travis  12288 Sep  8 18:59 ReadFile1
-rw-rw-r--   1 travis travis     11 Sep  8 18:58 ReadFile1Output.txt
-rw-rw-r--   1 travis travis  13773 Sep  8 19:02 Repeat.class
-rw-rw-r--   1 travis travis    685 Sep  8 19:02 Repeat$_fireFunction_Repeat_Repeat$__f_sL_11.class
-rw-rw-r--   1 travis travis    541 Sep  8 19:02 Repeat$_fireFunction_Repeat_Repeat$__f_sL_12.class
-rw-rw-r--   1 travis travis    541 Sep  8 19:02 Repeat$_fireFunction_Repeat_Repeat$__f_sL_13.class
-rw-rw-r--   1 travis travis    541 Sep  8 19:02 Repeat$_fireFunction_Repeat_Repeat$__f_sL_14.class
-rw-rw-r--   1 travis travis    684 Sep  8 19:02 Repeat$_fireFunction_Repeat_Repeat$__f_sL_1.class
-rw-rw-r--   1 travis travis    683 Sep  8 19:02 Repeat$_fireFunction_Repeat_Repeat$__f_sL_4.class
-rw-rw-r--   1 travis travis    539 Sep  8 19:02 Repeat$_fireFunction_Repeat_Repeat$__f_sL_9.class
-rw-rw-r--   1 travis travis    494 Sep  8 19:02 Repeat$_initialize_Repeat$__i_sL_2.class
-rw-rw-r--   1 travis travis   1281 Sep  8 19:02 Repeat.mk
-rw-rw-r--   1 travis travis    539 Sep  8 19:02 Repeat$_preinitializeMethod_Repeat$__p_sL_0.class
-rw-rw-r--   1 travis travis   1102 Sep  8 19:02 Repeat$_Repeat$_fireFunction_Repeat_AddSubtract_Repeat.class
-rw-rw-r--   1 travis travis    810 Sep  8 19:02 Repeat$_Repeat$_fireFunction_Repeat_AddSubtract_Repeat$__f_sL_0.class
-rw-rw-r--   1 travis travis    928 Sep  8 19:02 Repeat$_Repeat$_fireFunction_Repeat_AddSubtract_Repeat$__f_sL_1.class
-rw-rw-r--   1 travis travis    934 Sep  8 19:02 Repeat$_Repeat$_fireFunction_Repeat_AddSubtract_Repeat$__f_sL_2.class
-rw-rw-r--   1 travis travis    862 Sep  8 19:02 Repeat$_Repeat$_fireFunction_Repeat_AddSubtract_Repeat$__f_sL_3.class
-rw-rw-r--   1 travis travis    757 Sep  8 19:02 Repeat$_Repeat$_fireFunction_Repeat_Ramp2_Repeat$__f_sL_0.class
-rw-rw-r--   1 travis travis    888 Sep  8 19:02 Repeat$_Repeat$_fireFunction_Repeat_Test_Repeat$__f_sL_0.class
-rw-rw-r--   1 travis travis    634 Sep  8 19:02 Repeat$_Repeat$_fireFunction_Repeat_Test_Repeat$__f_sL_1.class
-rw-rw-r--   1 travis travis    704 Sep  8 19:02 Repeat$_Repeat_SDF_Director_run_Repeat$__R_sL_0.class
-rw-rw-r--   1 travis travis    705 Sep  8 19:02 Repeat$_Repeat_SDF_Director_run_Repeat$__R_sL_11.class
-rw-rw-r--   1 travis travis    561 Sep  8 19:02 Repeat$_Repeat_SDF_Director_run_Repeat$__R_sL_13.class
-rw-rw-r--   1 travis travis    559 Sep  8 19:02 Repeat$_Repeat_SDF_Director_run_Repeat$__R_sL_2.class
-rw-rw-r--   1 travis travis    703 Sep  8 19:02 Repeat$_Repeat_SDF_Director_run_Repeat$__R_sL_3.class
-rw-rw-r--   1 travis travis    559 Sep  8 19:02 Repeat$_Repeat_SDF_Director_run_Repeat$__R_sL_5.class
-rw-rw-r--   1 travis travis    559 Sep  8 19:02 Repeat$_Repeat_SDF_Director_run_Repeat$__R_sL_8.class
drwxrwxr-x   2 travis travis   4096 Sep  8 19:02 RepeatVariables
-rw-rw-r--   1 travis travis    882 Sep  8 19:02 Repeat$_varinit_Repeat.class
-rw-rw-r--   1 travis travis    550 Sep  8 19:02 Repeat$_varinit_Repeat$__v_sL_2.class
-rw-rw-r--   1 travis travis    924 Sep  8 19:02 Repeat$_varinit_Repeat$__v_sL_4.class
-rw-rw-r--   1 travis travis    978 Sep  8 19:02 Repeat$_wrapup_Repeat$__w_sL_1.class
drwxrwxr-x   3 travis travis  20480 Sep  8 18:59 Sinewave
drwxrwxr-x   3 travis travis  32768 Sep  8 19:00 StringFunction
drwxrwxr-x   3 travis travis  12288 Sep  8 19:00 StringLength
drwxrwxr-x   3 travis travis  61440 Sep  8 19:00 StringMatches2
drwxrwxr-x   3 travis travis  61440 Sep  8 19:01 StringSimpleReplace
drwxrwxr-x   3 travis travis  65536 Sep  8 19:01 StringSubstring
drwxrwxr-x   3 travis travis  24576 Sep  8 19:01 StringSubstring2
drwxrwxr-x   3 travis travis  16384 Sep  8 19:02 time1
drwxrwxr-x   3 travis travis  12288 Sep  8 19:02 time5
-rw-rw-r--   1 travis travis    432 Sep  8 19:03 Token.class
-rw-rw-r--   1 travis travis    251 Sep  8 19:03 Token.java
-rwxrwxr-x   1 travis travis 466992 Sep  8 18:56 top
-rw-rw-r--   1 travis travis  20502 Sep  8 18:56 top.c
-rw-rw-r--   1 travis travis   3799 Sep  8 19:02 top.class
-rw-rw-r--   1 travis travis   1257 Sep  8 19:02 top.mk
In "/home/travis/cg", about to execute:
    javac -classpath
.:/home/travis/build/icyphy/ptII:/home/travis/build/icyphy/ptII/lib/asm-all-5.2
.jar:/home/travis/build/icyphy/ptII/lib/nashorn-core-15.3.jar:/home/travis/buil
d/icyphy/ptII/lib/bsh-2.0b4.jar:/home/travis/build/icyphy/ptII/lib/ptCal.jar:/h
ome/travis/build/icyphy/ptII/lib/java_cup.jar:/home/travis/build/icyphy/ptII/li
b/saxon8.jar:/home/travis/build/icyphy/ptII/lib/saxon8-dom.jar:/home/travis/bui
ld/icyphy/ptII/lib/chic.jar:/home/travis/build/icyphy/ptII/lib/ptcolt.jar:/home
/travis/build/icyphy/ptII/vendors/misc/itext/iText.jar:/home/travis/build/icyph
y/ptII/lib/g4ltl.jar:/home/travis/build/icyphy/ptII/lib/StructuralCoder.jar:/ho
me/travis/build/icyphy/ptII/lib/jcerti.jar:/home/travis/build/icyphy/ptII/lib/j
avax.mail.jar:/home/travis/build/icyphy/ptII/vendors/JMF-2.1.1e/lib/jmf.jar:/ho
me/travis/build/icyphy/ptII/lib/jna-4.0.0-variadic.jar:/home/travis/build/icyph
y/ptII/vendors/misc/joystick/Joystick.jar:/home/travis/build/icyphy/ptII/lib/pt
jacl.jar:/home/travis/build/icyphy/ptII/lib/jsoup-1.14.2.jar:/home/travis/build
/icyphy/ptII/lib/junit-4.8.2.jar:/home/travis/build/icyphy/ptII/lib/JUnitParams
-0.4.0.jar:/home/travis/build/icyphy/ptII/ptolemy/actor/lib/excel/jxl.jar:/home
/travis/build/icyphy/ptII/lib/jython.jar:/home/travis/build/icyphy/ptII/lib/kie
ler.jar:/home/travis/build/icyphy/ptII/vendors/opencv/share/OpenCV/java/opencv-
341.jar:/home/travis/build/icyphy/ptII/lib/oscP5.jar:/home/travis/build/icyphy/
ptII/lib/nrjavaserial-3.11.0.devel.jar:/home/travis/build/icyphy/ptII/vendors/j
3d/lib/Linux/j3dcore.jar:/home/travis/build/icyphy/ptII/vendors/j3d/lib/Linux/j
3dutils.jar:/home/travis/build/icyphy/ptII/vendors/j3d/lib/Linux/vecmath.jar:/h
ome/travis/build/icyphy/ptII/vendors/jogl/lib/Linux/gluegen-rt-natives-linux-am
d64.jar:/home/travis/build/icyphy/ptII/vendors/jogl/lib/Linux/gluegen-rt.jar:/h
ome/travis/build/icyphy/ptII/vendors/jogl/lib/Linux/jogl-all-natives-linux-amd6
4.jar:/home/travis/build/icyphy/ptII/vendors/jogl/lib/Linux/jogl-all.jar:/home/
travis/build/icyphy/ptII/ptolemy/distributed/jini/jar/jini-core.jar:/home/travi
s/build/icyphy/ptII/ptolemy/distributed/jini/jar/jini-ext.jar:/home/travis/buil
d/icyphy/ptII/ptolemy/distributed/jini/jar/sun-util.jar:/home/travis/build/icyp
hy/ptII/lib/protobuf-java-2.4.1.jar:/home/travis/build/icyphy/ptII/lib/org.ecli
pse.paho.client.mqttv3.jar:/home/travis/build/icyphy/ptII/lib/mapss.jar:/home/t
ravis/build/icyphy/ptII/ptolemy/actor/ptalon/antlr/antlr.jar:/home/travis/build
/icyphy/ptII/lib/JRI.jar:/home/travis/build/icyphy/ptII/lib/commons-lang-2.6.ja
r:/home/travis/build/icyphy/ptII/lib/commons-logging-1.1.1.jar:/home/travis/bui
ld/icyphy/ptII/lib/sootclasses.jar:/home/travis/build/icyphy/ptII/ptolemy/actor
/lib/database/mysql-connector-java-8.0.26.jar:/home/travis/build/icyphy/ptII/ve
ndors/misc/sphinx4/sphinx4-data-5prealpha.jar:/home/travis/build/icyphy/ptII/ve
ndors/misc/sphinx4/sphinx4-core-5prealpha.jar:/home/travis/build/icyphy/ptII/li
b/PDFRenderer.jar:/home/travis/build/icyphy/ptII/lib/svgSalamander.jar:/home/tr
avis/build/icyphy/ptII/lib/rsyntaxtextarea-2.6.0-SNAPSHOT.jar:/home/travis/buil
d/icyphy/ptII/lib/hazelcast-3.8.2.jar:/home/travis/build/icyphy/ptII/lib/jackso
n-annotations-2.9.0.jar:/home/travis/build/icyphy/ptII/lib/jackson-core-2.9.3.j
ar:/home/travis/build/icyphy/ptII/lib/jackson-databind-2.9.3.jar:/home/travis/b
uild/icyphy/ptII/lib/netty-buffer-4.1.19.Final.jar:/home/travis/build/icyphy/pt
II/lib/netty-codec-4.1.19.Final.jar:/home/travis/build/icyphy/ptII/lib/netty-co
dec-dns-4.1.19.Final.jar:/home/travis/build/icyphy/ptII/lib/netty-codec-http-4.
1.19.Final.jar:/home/travis/build/icyphy/ptII/lib/netty-codec-http2-4.1.19.Fina
l.jar:/home/travis/build/icyphy/ptII/lib/netty-common-4.1.19.Final.jar:/home/tr
avis/build/icyphy/ptII/lib/netty-handler-4.1.19.Final.jar:/home/travis/build/ic
yphy/ptII/lib/netty-resolver-4.1.19.Final.jar:/home/travis/build/icyphy/ptII/li
b/netty-resolver-dns-4.1.19.Final.jar:/home/travis/build/icyphy/ptII/lib/netty-
transport-4.1.19.Final.jar:/home/travis/build/icyphy/ptII/lib/vertx-codegen-3.5
.1.jar:/home/travis/build/icyphy/ptII/lib/vertx-core-3.5.2-SNAPSHOT.jar:/home/t
ravis/build/icyphy/ptII/lib/vertx-hazelcast-3.5.1.jar:/home/travis/build/icyphy
/ptII/lib/vertx-lang-js-3.5.1.jar:/home/travis/build/icyphy/ptII/lib/vertx-serv
ice-proxy-3.5.1.jar:/home/travis/build/icyphy/ptII/lib/vertx-web-3.5.1.jar:/hom
e/travis/build/icyphy/ptII/lib/slf4j-api-1.7.13.jar:/home/travis/build/icyphy/p
tII/lib/slf4j-simple-1.7.13.jar:/home/travis/build/icyphy/ptII/lib/webcam-captu
re-0.3.12.jar:/home/travis/build/icyphy/ptII/lib/bridj-0.7.0.jar:/home/travis/b
uild/icyphy/ptII/lib/xbjlib-1.1.0.nrjavaserial.jar:/home/travis/build/icyphy/pt
II/ptolemy/moml/test:/home/travis/build/icyphy/ptII/ant/lib/ant-launcher.jar:/h
ome/travis/build/icyphy/ptII/ant/lib/ant.jar:/home/travis/build/icyphy/ptII/ant
/lib/ant-junit.jar:/home/travis/build/icyphy/ptII/ant/lib/ant-junit4.jar:/home/
travis/build/icyphy/ptII ModularCG_A2_B1_profile.java
All Done
Writing ModularCG_A2_B1.java in file:/home/travis/cg/ (10667 characters)
Reading "ptolemy/cg/kernel/generic/program/procedural/java/modular/makefile.in",
    writing "/home/travis/cg/ModularCG_A2_B1.mk"
Using ptolemy/cg/kernel/generic/program/procedural/java/modular/makefile.in
In "/home/travis/cg", about to execute:
    make -f ModularCG_A2_B1.mk
javac -classpath ".:.."    ModularCG_A2_B1.java
All Done
In "/home/travis/cg", about to execute:
    pwd
/home/travis/cg
In "/home/travis/cg", about to execute:
    ls -l
total 1516
drwxrwxr-x   3 travis travis  12288 Sep  8 18:57 AbsoluteValue
drwxrwxr-x   3 travis travis 102400 Sep  8 18:56 AllColt
drwxrwxr-x   3 travis travis  12288 Sep  8 18:57 Case1
-rw-rw-r--   1 travis travis   5128 Sep  8 19:02 CompiledCompositeActor_CompiledCompositeActor.class
-rw-rw-r--   1 travis travis   1611 Sep  8 19:02 CompiledCompositeActor_CompiledCompositeActor$_CompiledCompositeActor_CompiledCompositeActor.class
-rw-rw-r--   1 travis travis  13466 Sep  8 19:02 CompiledCompositeActor_CompiledCompositeActor.java
-rw-rw-r--   1 travis travis   1593 Sep  8 19:02 CompiledCompositeActor_CompiledCompositeActor.mk
drwxrwxr-x   5 travis travis   4096 Sep  8 18:56 fmi
drwxrwxr-x   3 travis travis  16384 Sep  8 18:57 Gaussian2
-rw-rw-r--   1 travis travis   4684 Sep  8 19:02 JavaCompiledCompositeTest1_CompiledCompositeActor.class
-rw-rw-r--   1 travis travis  11637 Sep  8 19:02 JavaCompiledCompositeTest1_CompiledCompositeActor.java
-rw-rw-r--   1 travis travis   1217 Sep  8 19:02 JavaCompiledCompositeTest1_CompiledCompositeActor$_JavaCompiledCompositeTest1_CompiledCompositeActor.class
-rw-rw-r--   1 travis travis   1625 Sep  8 19:02 JavaCompiledCompositeTest1_CompiledCompositeActor.mk
-rw-rw-r--   1 travis travis   5115 Sep  8 19:02 JavaCompiledCompositeTest2_CompiledCompositeActor.class
-rw-rw-r--   1 travis travis  14919 Sep  8 19:02 JavaCompiledCompositeTest2_CompiledCompositeActor.java
-rw-rw-r--   1 travis travis   1812 Sep  8 19:02 JavaCompiledCompositeTest2_CompiledCompositeActor$_JavaCompiledCompositeTest2_CompiledCompositeActor.class
-rw-rw-r--   1 travis travis   1625 Sep  8 19:02 JavaCompiledCompositeTest2_CompiledCompositeActor.mk
-rw-rw-r--   1 travis travis   4732 Sep  8 19:02 JavaCompiledCompositeTest3_CompiledCompositeActor.class
-rw-rw-r--   1 travis travis  13080 Sep  8 19:02 JavaCompiledCompositeTest3_CompiledCompositeActor.java
-rw-rw-r--   1 travis travis   1397 Sep  8 19:02 JavaCompiledCompositeTest3_CompiledCompositeActor$_JavaCompiledCompositeTest3_CompiledCompositeActor.class
-rw-rw-r--   1 travis travis   1625 Sep  8 19:02 JavaCompiledCompositeTest3_CompiledCompositeActor.mk
-rw-rw-r--   1 travis travis   4183 Sep  8 19:03 JavaCompiledCompositeTest4_CompiledCompositeActor.class
-rw-rw-r--   1 travis travis   9687 Sep  8 19:02 JavaCompiledCompositeTest4_CompiledCompositeActor.java
-rw-rw-r--   1 travis travis    876 Sep  8 19:03 JavaCompiledCompositeTest4_CompiledCompositeActor$_JavaCompiledCompositeTest4_CompiledCompositeActor.class
-rw-rw-r--   1 travis travis   1625 Sep  8 19:02 JavaCompiledCompositeTest4_CompiledCompositeActor.mk
drwxrwxr-x   3 travis travis  12288 Sep  8 18:58 LookupTable
drwxrwxr-x   3 travis travis  20480 Sep  8 18:58 MaxIndex
-rw-rw-r--   1 travis travis   3925 Sep  8 19:03 ModularCG_A1_B1.class
-rw-rw-r--   1 travis travis   9730 Sep  8 19:03 ModularCG_A1_B1.java
-rw-rw-r--   1 travis travis    832 Sep  8 19:03 ModularCG_A1_B1.mk
-rw-rw-r--   1 travis travis   1318 Sep  8 19:03 ModularCG_A1_B1_profile.class
-rw-rw-r--   1 travis travis   1262 Sep  8 19:03 ModularCG_A1_B1_profile.java
-rw-rw-r--   1 travis travis   3925 Sep  8 19:03 ModularCG_A1_B2.class
-rw-rw-r--   1 travis travis   9730 Sep  8 19:03 ModularCG_A1_B2.java
-rw-rw-r--   1 travis travis    832 Sep  8 19:03 ModularCG_A1_B2.mk
-rw-rw-r--   1 travis travis   1318 Sep  8 19:03 ModularCG_A1_B2_profile.class
-rw-rw-r--   1 travis travis   1262 Sep  8 19:03 ModularCG_A1_B2_profile.java
-rw-rw-r--   1 travis travis   5031 Sep  8 19:03 ModularCG_A1.class
-rw-rw-r--   1 travis travis  14742 Sep  8 19:03 ModularCG_A1.java
-rw-rw-r--   1 travis travis    808 Sep  8 19:03 ModularCG_A1.mk
-rw-rw-r--   1 travis travis   1433 Sep  8 19:03 ModularCG_A1_profile.class
-rw-rw-r--   1 travis travis   1704 Sep  8 19:03 ModularCG_A1_profile.java
-rw-rw-r--   1 travis travis   4059 Sep  8 19:03 ModularCG_A2_B1.class
-rw-rw-r--   1 travis travis  10667 Sep  8 19:03 ModularCG_A2_B1.java
-rw-rw-r--   1 travis travis    832 Sep  8 19:03 ModularCG_A2_B1.mk
-rw-rw-r--   1 travis travis   1381 Sep  8 19:03 ModularCG_A2_B1_profile.class
-rw-rw-r--   1 travis travis   1446 Sep  8 19:03 ModularCG_A2_B1_profile.java
-rw-rw-r--   1 travis travis   1262 Sep  8 19:03 ModularCG_A2_B2_profile.java
-rw-rw-r--   1 travis travis   3724 Sep  8 19:02 ModularCodeGenTest_A1_A2.class
-rw-rw-r--   1 travis travis   9164 Sep  8 19:02 ModularCodeGenTest_A1_A2.java
-rw-rw-r--   1 travis travis   1306 Sep  8 19:02 ModularCodeGenTest_A1_A2_profile.class
-rw-rw-r--   1 travis travis   4055 Sep  8 19:02 ModularCodeGenTest_A1.class
-rw-rw-r--   1 travis travis   9968 Sep  8 19:02 ModularCodeGenTest_A1.java
-rw-rw-r--   1 travis travis    880 Sep  8 19:02 ModularCodeGenTest_A1.mk
-rw-rw-r--   1 travis travis   1352 Sep  8 19:02 ModularCodeGenTest_A1_profile.class
-rw-rw-r--   1 travis travis   1394 Sep  8 19:02 ModularCodeGenTest_A1_profile.java
drwxrwxr-x   3 travis travis  32768 Sep  8 19:02 modulation2
drwxrwxr-x 188 travis travis  12288 Sep  8 19:02 node_modules
drwxrwxr-x   3 travis travis  20480 Sep  8 18:58 PhaseUnwrap
drwxrwxr-x   3 travis travis  12288 Sep  8 18:59 ReadFile1
-rw-rw-r--   1 travis travis     11 Sep  8 18:58 ReadFile1Output.txt
-rw-rw-r--   1 travis travis  13773 Sep  8 19:02 Repeat.class
-rw-rw-r--   1 travis travis    685 Sep  8 19:02 Repeat$_fireFunction_Repeat_Repeat$__f_sL_11.class
In "/home/travis/cg", about to execute:
    javac -classpath
.:/home/travis/build/icyphy/ptII:/home/travis/build/icyphy/ptII/lib/asm-all-5.2
.jar:/home/travis/build/icyphy/ptII/lib/nashorn-core-15.3.jar:/home/travis/buil
d/icyphy/ptII/lib/bsh-2.0b4.jar:/home/travis/build/icyphy/ptII/lib/ptCal.jar:/h
ome/travis/build/icyphy/ptII/lib/java_cup.jar:/home/travis/build/icyphy/ptII/li
b/saxon8.jar:/home/travis/build/icyphy/ptII/lib/saxon8-dom.jar:/home/travis/bui
ld/icyphy/ptII/lib/chic.jar:/home/travis/build/icyphy/ptII/lib/ptcolt.jar:/home
/travis/build/icyphy/ptII/vendors/misc/itext/iText.jar:/home/travis/build/icyph
y/ptII/lib/g4ltl.jar:/home/travis/build/icyphy/ptII/lib/StructuralCoder.jar:/ho
me/travis/build/icyphy/ptII/lib/jcerti.jar:/home/travis/build/icyphy/ptII/lib/j
avax.mail.jar:/home/travis/build/icyphy/ptII/vendors/JMF-2.1.1e/lib/jmf.jar:/ho
me/travis/build/icyphy/ptII/lib/jna-4.0.0-variadic.jar:/home/travis/build/icyph
y/ptII/vendors/misc/joystick/Joystick.jar:/home/travis/build/icyphy/ptII/lib/pt
jacl.jar:/home/travis/build/icyphy/ptII/lib/jsoup-1.14.2.jar:/home/travis/build
/icyphy/ptII/lib/junit-4.8.2.jar:/home/travis/build/icyphy/ptII/lib/JUnitParams
-0.4.0.jar:/home/travis/build/icyphy/ptII/ptolemy/actor/lib/excel/jxl.jar:/home
/travis/build/icyphy/ptII/lib/jython.jar:/home/travis/build/icyphy/ptII/lib/kie
ler.jar:/home/travis/build/icyphy/ptII/vendors/opencv/share/OpenCV/java/opencv-
341.jar:/home/travis/build/icyphy/ptII/lib/oscP5.jar:/home/travis/build/icyphy/
ptII/lib/nrjavaserial-3.11.0.devel.jar:/home/travis/build/icyphy/ptII/vendors/j
3d/lib/Linux/j3dcore.jar:/home/travis/build/icyphy/ptII/vendors/j3d/lib/Linux/j
3dutils.jar:/home/travis/build/icyphy/ptII/vendors/j3d/lib/Linux/vecmath.jar:/h
ome/travis/build/icyphy/ptII/vendors/jogl/lib/Linux/gluegen-rt-natives-linux-am
d64.jar:/home/travis/build/icyphy/ptII/vendors/jogl/lib/Linux/gluegen-rt.jar:/h
ome/travis/build/icyphy/ptII/vendors/jogl/lib/Linux/jogl-all-natives-linux-amd6
4.jar:/home/travis/build/icyphy/ptII/vendors/jogl/lib/Linux/jogl-all.jar:/home/
travis/build/icyphy/ptII/ptolemy/distributed/jini/jar/jini-core.jar:/home/travi
s/build/icyphy/ptII/ptolemy/distributed/jini/jar/jini-ext.jar:/home/travis/buil
d/icyphy/ptII/ptolemy/distributed/jini/jar/sun-util.jar:/home/travis/build/icyp
hy/ptII/lib/protobuf-java-2.4.1.jar:/home/travis/build/icyphy/ptII/lib/org.ecli
pse.paho.client.mqttv3.jar:/home/travis/build/icyphy/ptII/lib/mapss.jar:/home/t
ravis/build/icyphy/ptII/ptolemy/actor/ptalon/antlr/antlr.jar:/home/travis/build
/icyphy/ptII/lib/JRI.jar:/home/travis/build/icyphy/ptII/lib/commons-lang-2.6.ja
r:/home/travis/build/icyphy/ptII/lib/commons-logging-1.1.1.jar:/home/travis/bui
ld/icyphy/ptII/lib/sootclasses.jar:/home/travis/build/icyphy/ptII/ptolemy/actor
/lib/database/mysql-connector-java-8.0.26.jar:/home/travis/build/icyphy/ptII/ve
ndors/misc/sphinx4/sphinx4-data-5prealpha.jar:/home/travis/build/icyphy/ptII/ve
ndors/misc/sphinx4/sphinx4-core-5prealpha.jar:/home/travis/build/icyphy/ptII/li
b/PDFRenderer.jar:/home/travis/build/icyphy/ptII/lib/svgSalamander.jar:/home/tr
avis/build/icyphy/ptII/lib/rsyntaxtextarea-2.6.0-SNAPSHOT.jar:/home/travis/buil
d/icyphy/ptII/lib/hazelcast-3.8.2.jar:/home/travis/build/icyphy/ptII/lib/jackso
n-annotations-2.9.0.jar:/home/travis/build/icyphy/ptII/lib/jackson-core-2.9.3.j
ar:/home/travis/build/icyphy/ptII/lib/jackson-databind-2.9.3.jar:/home/travis/b
uild/icyphy/ptII/lib/netty-buffer-4.1.19.Final.jar:/home/travis/build/icyphy/pt
II/lib/netty-codec-4.1.19.Final.jar:/home/travis/build/icyphy/ptII/lib/netty-co
dec-dns-4.1.19.Final.jar:/home/travis/build/icyphy/ptII/lib/netty-codec-http-4.
1.19.Final.jar:/home/travis/build/icyphy/ptII/lib/netty-codec-http2-4.1.19.Fina
l.jar:/home/travis/build/icyphy/ptII/lib/netty-common-4.1.19.Final.jar:/home/tr
avis/build/icyphy/ptII/lib/netty-handler-4.1.19.Final.jar:/home/travis/build/ic
yphy/ptII/lib/netty-resolver-4.1.19.Final.jar:/home/travis/build/icyphy/ptII/li
b/netty-resolver-dns-4.1.19.Final.jar:/home/travis/build/icyphy/ptII/lib/netty-
transport-4.1.19.Final.jar:/home/travis/build/icyphy/ptII/lib/vertx-codegen-3.5
.1.jar:/home/travis/build/icyphy/ptII/lib/vertx-core-3.5.2-SNAPSHOT.jar:/home/t
ravis/build/icyphy/ptII/lib/vertx-hazelcast-3.5.1.jar:/home/travis/build/icyphy
/ptII/lib/vertx-lang-js-3.5.1.jar:/home/travis/build/icyphy/ptII/lib/vertx-serv
ice-proxy-3.5.1.jar:/home/travis/build/icyphy/ptII/lib/vertx-web-3.5.1.jar:/hom
e/travis/build/icyphy/ptII/lib/slf4j-api-1.7.13.jar:/home/travis/build/icyphy/p
tII/lib/slf4j-simple-1.7.13.jar:/home/travis/build/icyphy/ptII/lib/webcam-captu
re-0.3.12.jar:/home/travis/build/icyphy/ptII/lib/bridj-0.7.0.jar:/home/travis/b
uild/icyphy/ptII/lib/xbjlib-1.1.0.nrjavaserial.jar:/home/travis/build/icyphy/pt
II/ptolemy/moml/test:/home/travis/build/icyphy/ptII/ant/lib/ant-launcher.jar:/h
ome/travis/build/icyphy/ptII/ant/lib/ant.jar:/home/travis/build/icyphy/ptII/ant
/lib/ant-junit.jar:/home/travis/build/icyphy/ptII/ant/lib/ant-junit4.jar:/home/
travis/build/icyphy/ptII ModularCG_A2_B2_profile.java
-rw-rw-r--   1 travis travis    541 Sep  8 19:02 Repeat$_fireFunction_Repeat_Repeat$__f_sL_12.class
-rw-rw-r--   1 travis travis    541 Sep  8 19:02 Repeat$_fireFunction_Repeat_Repeat$__f_sL_13.class
-rw-rw-r--   1 travis travis    541 Sep  8 19:02 Repeat$_fireFunction_Repeat_Repeat$__f_sL_14.class
-rw-rw-r--   1 travis travis    684 Sep  8 19:02 Repeat$_fireFunction_Repeat_Repeat$__f_sL_1.class
-rw-rw-r--   1 travis travis    683 Sep  8 19:02 Repeat$_fireFunction_Repeat_Repeat$__f_sL_4.class
-rw-rw-r--   1 travis travis    539 Sep  8 19:02 Repeat$_fireFunction_Repeat_Repeat$__f_sL_9.class
-rw-rw-r--   1 travis travis    494 Sep  8 19:02 Repeat$_initialize_Repeat$__i_sL_2.class
-rw-rw-r--   1 travis travis   1281 Sep  8 19:02 Repeat.mk
-rw-rw-r--   1 travis travis    539 Sep  8 19:02 Repeat$_preinitializeMethod_Repeat$__p_sL_0.class
-rw-rw-r--   1 travis travis   1102 Sep  8 19:02 Repeat$_Repeat$_fireFunction_Repeat_AddSubtract_Repeat.class
-rw-rw-r--   1 travis travis    810 Sep  8 19:02 Repeat$_Repeat$_fireFunction_Repeat_AddSubtract_Repeat$__f_sL_0.class
-rw-rw-r--   1 travis travis    928 Sep  8 19:02 Repeat$_Repeat$_fireFunction_Repeat_AddSubtract_Repeat$__f_sL_1.class
-rw-rw-r--   1 travis travis    934 Sep  8 19:02 Repeat$_Repeat$_fireFunction_Repeat_AddSubtract_Repeat$__f_sL_2.class
-rw-rw-r--   1 travis travis    862 Sep  8 19:02 Repeat$_Repeat$_fireFunction_Repeat_AddSubtract_Repeat$__f_sL_3.class
-rw-rw-r--   1 travis travis    757 Sep  8 19:02 Repeat$_Repeat$_fireFunction_Repeat_Ramp2_Repeat$__f_sL_0.class
-rw-rw-r--   1 travis travis    888 Sep  8 19:02 Repeat$_Repeat$_fireFunction_Repeat_Test_Repeat$__f_sL_0.class
-rw-rw-r--   1 travis travis    634 Sep  8 19:02 Repeat$_Repeat$_fireFunction_Repeat_Test_Repeat$__f_sL_1.class
-rw-rw-r--   1 travis travis    704 Sep  8 19:02 Repeat$_Repeat_SDF_Director_run_Repeat$__R_sL_0.class
-rw-rw-r--   1 travis travis    705 Sep  8 19:02 Repeat$_Repeat_SDF_Director_run_Repeat$__R_sL_11.class
-rw-rw-r--   1 travis travis    561 Sep  8 19:02 Repeat$_Repeat_SDF_Director_run_Repeat$__R_sL_13.class
-rw-rw-r--   1 travis travis    559 Sep  8 19:02 Repeat$_Repeat_SDF_Director_run_Repeat$__R_sL_2.class
-rw-rw-r--   1 travis travis    703 Sep  8 19:02 Repeat$_Repeat_SDF_Director_run_Repeat$__R_sL_3.class
-rw-rw-r--   1 travis travis    559 Sep  8 19:02 Repeat$_Repeat_SDF_Director_run_Repeat$__R_sL_5.class
-rw-rw-r--   1 travis travis    559 Sep  8 19:02 Repeat$_Repeat_SDF_Director_run_Repeat$__R_sL_8.class
drwxrwxr-x   2 travis travis   4096 Sep  8 19:02 RepeatVariables
-rw-rw-r--   1 travis travis    882 Sep  8 19:02 Repeat$_varinit_Repeat.class
-rw-rw-r--   1 travis travis    550 Sep  8 19:02 Repeat$_varinit_Repeat$__v_sL_2.class
-rw-rw-r--   1 travis travis    924 Sep  8 19:02 Repeat$_varinit_Repeat$__v_sL_4.class
-rw-rw-r--   1 travis travis    978 Sep  8 19:02 Repeat$_wrapup_Repeat$__w_sL_1.class
drwxrwxr-x   3 travis travis  20480 Sep  8 18:59 Sinewave
drwxrwxr-x   3 travis travis  32768 Sep  8 19:00 StringFunction
drwxrwxr-x   3 travis travis  12288 Sep  8 19:00 StringLength
drwxrwxr-x   3 travis travis  61440 Sep  8 19:00 StringMatches2
drwxrwxr-x   3 travis travis  61440 Sep  8 19:01 StringSimpleReplace
drwxrwxr-x   3 travis travis  65536 Sep  8 19:01 StringSubstring
drwxrwxr-x   3 travis travis  24576 Sep  8 19:01 StringSubstring2
drwxrwxr-x   3 travis travis  16384 Sep  8 19:02 time1
drwxrwxr-x   3 travis travis  12288 Sep  8 19:02 time5
-rw-rw-r--   1 travis travis    432 Sep  8 19:03 Token.class
-rw-rw-r--   1 travis travis    251 Sep  8 19:03 Token.java
-rwxrwxr-x   1 travis travis 466992 Sep  8 18:56 top
-rw-rw-r--   1 travis travis  20502 Sep  8 18:56 top.c
-rw-rw-r--   1 travis travis   3799 Sep  8 19:02 top.class
-rw-rw-r--   1 travis travis   1257 Sep  8 19:02 top.mk
All Done
Writing ModularCG_A2_B2.java in file:/home/travis/cg/ (9730 characters)
Reading "ptolemy/cg/kernel/generic/program/procedural/java/modular/makefile.in",
    writing "/home/travis/cg/ModularCG_A2_B2.mk"
Using ptolemy/cg/kernel/generic/program/procedural/java/modular/makefile.in
In "/home/travis/cg", about to execute:
    make -f ModularCG_A2_B2.mk
javac -classpath ".:.."    ModularCG_A2_B2.java
All Done
In "/home/travis/cg", about to execute:
    pwd
In "/home/travis/cg", about to execute:
    ls -l
/home/travis/cg
In "/home/travis/cg", about to execute:
    javac -classpath
.:/home/travis/build/icyphy/ptII:/home/travis/build/icyphy/ptII/lib/asm-all-5.2
.jar:/home/travis/build/icyphy/ptII/lib/nashorn-core-15.3.jar:/home/travis/buil
d/icyphy/ptII/lib/bsh-2.0b4.jar:/home/travis/build/icyphy/ptII/lib/ptCal.jar:/h
ome/travis/build/icyphy/ptII/lib/java_cup.jar:/home/travis/build/icyphy/ptII/li
b/saxon8.jar:/home/travis/build/icyphy/ptII/lib/saxon8-dom.jar:/home/travis/bui
ld/icyphy/ptII/lib/chic.jar:/home/travis/build/icyphy/ptII/lib/ptcolt.jar:/home
/travis/build/icyphy/ptII/vendors/misc/itext/iText.jar:/home/travis/build/icyph
y/ptII/lib/g4ltl.jar:/home/travis/build/icyphy/ptII/lib/StructuralCoder.jar:/ho
me/travis/build/icyphy/ptII/lib/jcerti.jar:/home/travis/build/icyphy/ptII/lib/j
avax.mail.jar:/home/travis/build/icyphy/ptII/vendors/JMF-2.1.1e/lib/jmf.jar:/ho
me/travis/build/icyphy/ptII/lib/jna-4.0.0-variadic.jar:/home/travis/build/icyph
y/ptII/vendors/misc/joystick/Joystick.jar:/home/travis/build/icyphy/ptII/lib/pt
jacl.jar:/home/travis/build/icyphy/ptII/lib/jsoup-1.14.2.jar:/home/travis/build
/icyphy/ptII/lib/junit-4.8.2.jar:/home/travis/build/icyphy/ptII/lib/JUnitParams
-0.4.0.jar:/home/travis/build/icyphy/ptII/ptolemy/actor/lib/excel/jxl.jar:/home
/travis/build/icyphy/ptII/lib/jython.jar:/home/travis/build/icyphy/ptII/lib/kie
ler.jar:/home/travis/build/icyphy/ptII/vendors/opencv/share/OpenCV/java/opencv-
341.jar:/home/travis/build/icyphy/ptII/lib/oscP5.jar:/home/travis/build/icyphy/
ptII/lib/nrjavaserial-3.11.0.devel.jar:/home/travis/build/icyphy/ptII/vendors/j
3d/lib/Linux/j3dcore.jar:/home/travis/build/icyphy/ptII/vendors/j3d/lib/Linux/j
3dutils.jar:/home/travis/build/icyphy/ptII/vendors/j3d/lib/Linux/vecmath.jar:/h
ome/travis/build/icyphy/ptII/vendors/jogl/lib/Linux/gluegen-rt-natives-linux-am
d64.jar:/home/travis/build/icyphy/ptII/vendors/jogl/lib/Linux/gluegen-rt.jar:/h
ome/travis/build/icyphy/ptII/vendors/jogl/lib/Linux/jogl-all-natives-linux-amd6
4.jar:/home/travis/build/icyphy/ptII/vendors/jogl/lib/Linux/jogl-all.jar:/home/
travis/build/icyphy/ptII/ptolemy/distributed/jini/jar/jini-core.jar:/home/travi
s/build/icyphy/ptII/ptolemy/distributed/jini/jar/jini-ext.jar:/home/travis/buil
d/icyphy/ptII/ptolemy/distributed/jini/jar/sun-util.jar:/home/travis/build/icyp
hy/ptII/lib/protobuf-java-2.4.1.jar:/home/travis/build/icyphy/ptII/lib/org.ecli
pse.paho.client.mqttv3.jar:/home/travis/build/icyphy/ptII/lib/mapss.jar:/home/t
ravis/build/icyphy/ptII/ptolemy/actor/ptalon/antlr/antlr.jar:/home/travis/build
/icyphy/ptII/lib/JRI.jar:/home/travis/build/icyphy/ptII/lib/commons-lang-2.6.ja
r:/home/travis/build/icyphy/ptII/lib/commons-logging-1.1.1.jar:/home/travis/bui
ld/icyphy/ptII/lib/sootclasses.jar:/home/travis/build/icyphy/ptII/ptolemy/actor
/lib/database/mysql-connector-java-8.0.26.jar:/home/travis/build/icyphy/ptII/ve
ndors/misc/sphinx4/sphinx4-data-5prealpha.jar:/home/travis/build/icyphy/ptII/ve
ndors/misc/sphinx4/sphinx4-core-5prealpha.jar:/home/travis/build/icyphy/ptII/li
b/PDFRenderer.jar:/home/travis/build/icyphy/ptII/lib/svgSalamander.jar:/home/tr
avis/build/icyphy/ptII/lib/rsyntaxtextarea-2.6.0-SNAPSHOT.jar:/home/travis/buil
d/icyphy/ptII/lib/hazelcast-3.8.2.jar:/home/travis/build/icyphy/ptII/lib/jackso
n-annotations-2.9.0.jar:/home/travis/build/icyphy/ptII/lib/jackson-core-2.9.3.j
ar:/home/travis/build/icyphy/ptII/lib/jackson-databind-2.9.3.jar:/home/travis/b
uild/icyphy/ptII/lib/netty-buffer-4.1.19.Final.jar:/home/travis/build/icyphy/pt
II/lib/netty-codec-4.1.19.Final.jar:/home/travis/build/icyphy/ptII/lib/netty-co
dec-dns-4.1.19.Final.jar:/home/travis/build/icyphy/ptII/lib/netty-codec-http-4.
1.19.Final.jar:/home/travis/build/icyphy/ptII/lib/netty-codec-http2-4.1.19.Fina
l.jar:/home/travis/build/icyphy/ptII/lib/netty-common-4.1.19.Final.jar:/home/tr
avis/build/icyphy/ptII/lib/netty-handler-4.1.19.Final.jar:/home/travis/build/ic
yphy/ptII/lib/netty-resolver-4.1.19.Final.jar:/home/travis/build/icyphy/ptII/li
b/netty-resolver-dns-4.1.19.Final.jar:/home/travis/build/icyphy/ptII/lib/netty-
transport-4.1.19.Final.jar:/home/travis/build/icyphy/ptII/lib/vertx-codegen-3.5
.1.jar:/home/travis/build/icyphy/ptII/lib/vertx-core-3.5.2-SNAPSHOT.jar:/home/t
ravis/build/icyphy/ptII/lib/vertx-hazelcast-3.5.1.jar:/home/travis/build/icyphy
/ptII/lib/vertx-lang-js-3.5.1.jar:/home/travis/build/icyphy/ptII/lib/vertx-serv
ice-proxy-3.5.1.jar:/home/travis/build/icyphy/ptII/lib/vertx-web-3.5.1.jar:/hom
e/travis/build/icyphy/ptII/lib/slf4j-api-1.7.13.jar:/home/travis/build/icyphy/p
tII/lib/slf4j-simple-1.7.13.jar:/home/travis/build/icyphy/ptII/lib/webcam-captu
re-0.3.12.jar:/home/travis/build/icyphy/ptII/lib/bridj-0.7.0.jar:/home/travis/b
uild/icyphy/ptII/lib/xbjlib-1.1.0.nrjavaserial.jar:/home/travis/build/icyphy/pt
II/ptolemy/moml/test:/home/travis/build/icyphy/ptII/ant/lib/ant-launcher.jar:/h
ome/travis/build/icyphy/ptII/ant/lib/ant.jar:/home/travis/build/icyphy/ptII/ant
/lib/ant-junit.jar:/home/travis/build/icyphy/ptII/ant/lib/ant-junit4.jar:/home/
travis/build/icyphy/ptII ModularCG_A2_profile.java
total 1544
drwxrwxr-x   3 travis travis  12288 Sep  8 18:57 AbsoluteValue
drwxrwxr-x   3 travis travis 102400 Sep  8 18:56 AllColt
drwxrwxr-x   3 travis travis  12288 Sep  8 18:57 Case1
-rw-rw-r--   1 travis travis   5128 Sep  8 19:02 CompiledCompositeActor_CompiledCompositeActor.class
-rw-rw-r--   1 travis travis   1611 Sep  8 19:02 CompiledCompositeActor_CompiledCompositeActor$_CompiledCompositeActor_CompiledCompositeActor.class
-rw-rw-r--   1 travis travis  13466 Sep  8 19:02 CompiledCompositeActor_CompiledCompositeActor.java
-rw-rw-r--   1 travis travis   1593 Sep  8 19:02 CompiledCompositeActor_CompiledCompositeActor.mk
drwxrwxr-x   5 travis travis   4096 Sep  8 18:56 fmi
drwxrwxr-x   3 travis travis  16384 Sep  8 18:57 Gaussian2
-rw-rw-r--   1 travis travis   4684 Sep  8 19:02 JavaCompiledCompositeTest1_CompiledCompositeActor.class
-rw-rw-r--   1 travis travis  11637 Sep  8 19:02 JavaCompiledCompositeTest1_CompiledCompositeActor.java
-rw-rw-r--   1 travis travis   1217 Sep  8 19:02 JavaCompiledCompositeTest1_CompiledCompositeActor$_JavaCompiledCompositeTest1_CompiledCompositeActor.class
-rw-rw-r--   1 travis travis   1625 Sep  8 19:02 JavaCompiledCompositeTest1_CompiledCompositeActor.mk
-rw-rw-r--   1 travis travis   5115 Sep  8 19:02 JavaCompiledCompositeTest2_CompiledCompositeActor.class
-rw-rw-r--   1 travis travis  14919 Sep  8 19:02 JavaCompiledCompositeTest2_CompiledCompositeActor.java
-rw-rw-r--   1 travis travis   1812 Sep  8 19:02 JavaCompiledCompositeTest2_CompiledCompositeActor$_JavaCompiledCompositeTest2_CompiledCompositeActor.class
-rw-rw-r--   1 travis travis   1625 Sep  8 19:02 JavaCompiledCompositeTest2_CompiledCompositeActor.mk
-rw-rw-r--   1 travis travis   4732 Sep  8 19:02 JavaCompiledCompositeTest3_CompiledCompositeActor.class
-rw-rw-r--   1 travis travis  13080 Sep  8 19:02 JavaCompiledCompositeTest3_CompiledCompositeActor.java
-rw-rw-r--   1 travis travis   1397 Sep  8 19:02 JavaCompiledCompositeTest3_CompiledCompositeActor$_JavaCompiledCompositeTest3_CompiledCompositeActor.class
-rw-rw-r--   1 travis travis   1625 Sep  8 19:02 JavaCompiledCompositeTest3_CompiledCompositeActor.mk
-rw-rw-r--   1 travis travis   4183 Sep  8 19:03 JavaCompiledCompositeTest4_CompiledCompositeActor.class
-rw-rw-r--   1 travis travis   9687 Sep  8 19:02 JavaCompiledCompositeTest4_CompiledCompositeActor.java
-rw-rw-r--   1 travis travis    876 Sep  8 19:03 JavaCompiledCompositeTest4_CompiledCompositeActor$_JavaCompiledCompositeTest4_CompiledCompositeActor.class
-rw-rw-r--   1 travis travis   1625 Sep  8 19:02 JavaCompiledCompositeTest4_CompiledCompositeActor.mk
drwxrwxr-x   3 travis travis  12288 Sep  8 18:58 LookupTable
drwxrwxr-x   3 travis travis  20480 Sep  8 18:58 MaxIndex
-rw-rw-r--   1 travis travis   3925 Sep  8 19:03 ModularCG_A1_B1.class
-rw-rw-r--   1 travis travis   9730 Sep  8 19:03 ModularCG_A1_B1.java
-rw-rw-r--   1 travis travis    832 Sep  8 19:03 ModularCG_A1_B1.mk
-rw-rw-r--   1 travis travis   1318 Sep  8 19:03 ModularCG_A1_B1_profile.class
-rw-rw-r--   1 travis travis   1262 Sep  8 19:03 ModularCG_A1_B1_profile.java
-rw-rw-r--   1 travis travis   3925 Sep  8 19:03 ModularCG_A1_B2.class
-rw-rw-r--   1 travis travis   9730 Sep  8 19:03 ModularCG_A1_B2.java
-rw-rw-r--   1 travis travis    832 Sep  8 19:03 ModularCG_A1_B2.mk
-rw-rw-r--   1 travis travis   1318 Sep  8 19:03 ModularCG_A1_B2_profile.class
-rw-rw-r--   1 travis travis   1262 Sep  8 19:03 ModularCG_A1_B2_profile.java
-rw-rw-r--   1 travis travis   5031 Sep  8 19:03 ModularCG_A1.class
-rw-rw-r--   1 travis travis  14742 Sep  8 19:03 ModularCG_A1.java
-rw-rw-r--   1 travis travis    808 Sep  8 19:03 ModularCG_A1.mk
-rw-rw-r--   1 travis travis   1433 Sep  8 19:03 ModularCG_A1_profile.class
-rw-rw-r--   1 travis travis   1704 Sep  8 19:03 ModularCG_A1_profile.java
-rw-rw-r--   1 travis travis   4059 Sep  8 19:03 ModularCG_A2_B1.class
-rw-rw-r--   1 travis travis  10667 Sep  8 19:03 ModularCG_A2_B1.java
-rw-rw-r--   1 travis travis    832 Sep  8 19:03 ModularCG_A2_B1.mk
-rw-rw-r--   1 travis travis   1381 Sep  8 19:03 ModularCG_A2_B1_profile.class
-rw-rw-r--   1 travis travis   1446 Sep  8 19:03 ModularCG_A2_B1_profile.java
-rw-rw-r--   1 travis travis   3925 Sep  8 19:03 ModularCG_A2_B2.class
-rw-rw-r--   1 travis travis   9730 Sep  8 19:03 ModularCG_A2_B2.java
-rw-rw-r--   1 travis travis    832 Sep  8 19:03 ModularCG_A2_B2.mk
-rw-rw-r--   1 travis travis   1318 Sep  8 19:03 ModularCG_A2_B2_profile.class
-rw-rw-r--   1 travis travis   1262 Sep  8 19:03 ModularCG_A2_B2_profile.java
-rw-rw-r--   1 travis travis   1704 Sep  8 19:03 ModularCG_A2_profile.java
-rw-rw-r--   1 travis travis   3724 Sep  8 19:02 ModularCodeGenTest_A1_A2.class
-rw-rw-r--   1 travis travis   9164 Sep  8 19:02 ModularCodeGenTest_A1_A2.java
-rw-rw-r--   1 travis travis   1306 Sep  8 19:02 ModularCodeGenTest_A1_A2_profile.class
-rw-rw-r--   1 travis travis   4055 Sep  8 19:02 ModularCodeGenTest_A1.class
-rw-rw-r--   1 travis travis   9968 Sep  8 19:02 ModularCodeGenTest_A1.java
-rw-rw-r--   1 travis travis    880 Sep  8 19:02 ModularCodeGenTest_A1.mk
-rw-rw-r--   1 travis travis   1352 Sep  8 19:02 ModularCodeGenTest_A1_profile.class
-rw-rw-r--   1 travis travis   1394 Sep  8 19:02 ModularCodeGenTest_A1_profile.java
drwxrwxr-x   3 travis travis  32768 Sep  8 19:02 modulation2
drwxrwxr-x 188 travis travis  12288 Sep  8 19:02 node_modules
drwxrwxr-x   3 travis travis  20480 Sep  8 18:58 PhaseUnwrap
drwxrwxr-x   3 travis travis  12288 Sep  8 18:59 ReadFile1
-rw-rw-r--   1 travis travis     11 Sep  8 18:58 ReadFile1Output.txt
-rw-rw-r--   1 travis travis  13773 Sep  8 19:02 Repeat.class
-rw-rw-r--   1 travis travis    685 Sep  8 19:02 Repeat$_fireFunction_Repeat_Repeat$__f_sL_11.class
-rw-rw-r--   1 travis travis    541 Sep  8 19:02 Repeat$_fireFunction_Repeat_Repeat$__f_sL_12.class
-rw-rw-r--   1 travis travis    541 Sep  8 19:02 Repeat$_fireFunction_Repeat_Repeat$__f_sL_13.class
-rw-rw-r--   1 travis travis    541 Sep  8 19:02 Repeat$_fireFunction_Repeat_Repeat$__f_sL_14.class
-rw-rw-r--   1 travis travis    684 Sep  8 19:02 Repeat$_fireFunction_Repeat_Repeat$__f_sL_1.class
-rw-rw-r--   1 travis travis    683 Sep  8 19:02 Repeat$_fireFunction_Repeat_Repeat$__f_sL_4.class
-rw-rw-r--   1 travis travis    539 Sep  8 19:02 Repeat$_fireFunction_Repeat_Repeat$__f_sL_9.class
-rw-rw-r--   1 travis travis    494 Sep  8 19:02 Repeat$_initialize_Repeat$__i_sL_2.class
-rw-rw-r--   1 travis travis   1281 Sep  8 19:02 Repeat.mk
-rw-rw-r--   1 travis travis    539 Sep  8 19:02 Repeat$_preinitializeMethod_Repeat$__p_sL_0.class
-rw-rw-r--   1 travis travis   1102 Sep  8 19:02 Repeat$_Repeat$_fireFunction_Repeat_AddSubtract_Repeat.class
-rw-rw-r--   1 travis travis    810 Sep  8 19:02 Repeat$_Repeat$_fireFunction_Repeat_AddSubtract_Repeat$__f_sL_0.class
-rw-rw-r--   1 travis travis    928 Sep  8 19:02 Repeat$_Repeat$_fireFunction_Repeat_AddSubtract_Repeat$__f_sL_1.class
-rw-rw-r--   1 travis travis    934 Sep  8 19:02 Repeat$_Repeat$_fireFunction_Repeat_AddSubtract_Repeat$__f_sL_2.class
-rw-rw-r--   1 travis travis    862 Sep  8 19:02 Repeat$_Repeat$_fireFunction_Repeat_AddSubtract_Repeat$__f_sL_3.class
-rw-rw-r--   1 travis travis    757 Sep  8 19:02 Repeat$_Repeat$_fireFunction_Repeat_Ramp2_Repeat$__f_sL_0.class
-rw-rw-r--   1 travis travis    888 Sep  8 19:02 Repeat$_Repeat$_fireFunction_Repeat_Test_Repeat$__f_sL_0.class
-rw-rw-r--   1 travis travis    634 Sep  8 19:02 Repeat$_Repeat$_fireFunction_Repeat_Test_Repeat$__f_sL_1.class
-rw-rw-r--   1 travis travis    704 Sep  8 19:02 Repeat$_Repeat_SDF_Director_run_Repeat$__R_sL_0.class
-rw-rw-r--   1 travis travis    705 Sep  8 19:02 Repeat$_Repeat_SDF_Director_run_Repeat$__R_sL_11.class
-rw-rw-r--   1 travis travis    561 Sep  8 19:02 Repeat$_Repeat_SDF_Director_run_Repeat$__R_sL_13.class
-rw-rw-r--   1 travis travis    559 Sep  8 19:02 Repeat$_Repeat_SDF_Director_run_Repeat$__R_sL_2.class
-rw-rw-r--   1 travis travis    703 Sep  8 19:02 Repeat$_Repeat_SDF_Director_run_Repeat$__R_sL_3.class
-rw-rw-r--   1 travis travis    559 Sep  8 19:02 Repeat$_Repeat_SDF_Director_run_Repeat$__R_sL_5.class
-rw-rw-r--   1 travis travis    559 Sep  8 19:02 Repeat$_Repeat_SDF_Director_run_Repeat$__R_sL_8.class
drwxrwxr-x   2 travis travis   4096 Sep  8 19:02 RepeatVariables
-rw-rw-r--   1 travis travis    882 Sep  8 19:02 Repeat$_varinit_Repeat.class
-rw-rw-r--   1 travis travis    550 Sep  8 19:02 Repeat$_varinit_Repeat$__v_sL_2.class
-rw-rw-r--   1 travis travis    924 Sep  8 19:02 Repeat$_varinit_Repeat$__v_sL_4.class
-rw-rw-r--   1 travis travis    978 Sep  8 19:02 Repeat$_wrapup_Repeat$__w_sL_1.class
drwxrwxr-x   3 travis travis  20480 Sep  8 18:59 Sinewave
drwxrwxr-x   3 travis travis  32768 Sep  8 19:00 StringFunction
drwxrwxr-x   3 travis travis  12288 Sep  8 19:00 StringLength
drwxrwxr-x   3 travis travis  61440 Sep  8 19:00 StringMatches2
drwxrwxr-x   3 travis travis  61440 Sep  8 19:01 StringSimpleReplace
drwxrwxr-x   3 travis travis  65536 Sep  8 19:01 StringSubstring
drwxrwxr-x   3 travis travis  24576 Sep  8 19:01 StringSubstring2
drwxrwxr-x   3 travis travis  16384 Sep  8 19:02 time1
drwxrwxr-x   3 travis travis  12288 Sep  8 19:02 time5
-rw-rw-r--   1 travis travis    432 Sep  8 19:03 Token.class
-rw-rw-r--   1 travis travis    251 Sep  8 19:03 Token.java
-rwxrwxr-x   1 travis travis 466992 Sep  8 18:56 top
-rw-rw-r--   1 travis travis  20502 Sep  8 18:56 top.c
-rw-rw-r--   1 travis travis   3799 Sep  8 19:02 top.class
-rw-rw-r--   1 travis travis   1257 Sep  8 19:02 top.mk
All Done
Writing ModularCG_A2.java in file:/home/travis/cg/ (15129 characters)
Reading "ptolemy/cg/kernel/generic/program/procedural/java/modular/makefile.in",
    writing "/home/travis/cg/ModularCG_A2.mk"
Using ptolemy/cg/kernel/generic/program/procedural/java/modular/makefile.in
In "/home/travis/cg", about to execute:
    make -f ModularCG_A2.mk
javac -classpath ".:.."    ModularCG_A2.java
All Done
Manager.initialize() finished: 17252 ms. Memory: 129024K Free: 77743K (60%)
17255 ms. Memory: 129024K Free: 77743K (60%)
----------------- Invoking toplevel() on ptolemy.moml.MoMLSimpleApplication@18e7de3e
----------------- Done invoking toplevel() on ptolemy.moml.MoMLSimpleApplication@18e7de3e
reloadAllAccessors: .ModularCG

===========================================================================================
----------------- testing Wed Sep 08 19:03:17 UTC 2021 /home/travis/build/icyphy/ptII/ptolemy/cg/lib/test/auto/ModularCGPubSub.xml
----------------- Instantiating /home/travis/build/icyphy/ptII/ptolemy/cg/lib/test/auto/ModularCGPubSub.xml
In "/home/travis/cg", about to execute:
    pwd
In "/home/travis/cg", about to execute:
    ls -l
/home/travis/cg
total 1580
drwxrwxr-x   3 travis travis  12288 Sep  8 18:57 AbsoluteValue
drwxrwxr-x   3 travis travis 102400 Sep  8 18:56 AllColt
drwxrwxr-x   3 travis travis  12288 Sep  8 18:57 Case1
-rw-rw-r--   1 travis travis   5128 Sep  8 19:02 CompiledCompositeActor_CompiledCompositeActor.class
-rw-rw-r--   1 travis travis   1611 Sep  8 19:02 CompiledCompositeActor_CompiledCompositeActor$_CompiledCompositeActor_CompiledCompositeActor.class
-rw-rw-r--   1 travis travis  13466 Sep  8 19:02 CompiledCompositeActor_CompiledCompositeActor.java
-rw-rw-r--   1 travis travis   1593 Sep  8 19:02 CompiledCompositeActor_CompiledCompositeActor.mk
drwxrwxr-x   5 travis travis   4096 Sep  8 18:56 fmi
drwxrwxr-x   3 travis travis  16384 Sep  8 18:57 Gaussian2
-rw-rw-r--   1 travis travis   4684 Sep  8 19:02 JavaCompiledCompositeTest1_CompiledCompositeActor.class
In "/home/travis/cg", about to execute:
-rw-rw-r--   1 travis travis  11637 Sep  8 19:02 JavaCompiledCompositeTest1_CompiledCompositeActor.java
-rw-rw-r--   1 travis travis   1217 Sep  8 19:02 JavaCompiledCompositeTest1_CompiledCompositeActor$_JavaCompiledCompositeTest1_CompiledCompositeActor.class
-rw-rw-r--   1 travis travis   1625 Sep  8 19:02 JavaCompiledCompositeTest1_CompiledCompositeActor.mk
-rw-rw-r--   1 travis travis   5115 Sep  8 19:02 JavaCompiledCompositeTest2_CompiledCompositeActor.class
-rw-rw-r--   1 travis travis  14919 Sep  8 19:02 JavaCompiledCompositeTest2_CompiledCompositeActor.java
-rw-rw-r--   1 travis travis   1812 Sep  8 19:02 JavaCompiledCompositeTest2_CompiledCompositeActor$_JavaCompiledCompositeTest2_CompiledCompositeActor.class
-rw-rw-r--   1 travis travis   1625 Sep  8 19:02 JavaCompiledCompositeTest2_CompiledCompositeActor.mk
-rw-rw-r--   1 travis travis   4732 Sep  8 19:02 JavaCompiledCompositeTest3_CompiledCompositeActor.class
-rw-rw-r--   1 travis travis  13080 Sep  8 19:02 JavaCompiledCompositeTest3_CompiledCompositeActor.java
-rw-rw-r--   1 travis travis   1397 Sep  8 19:02 JavaCompiledCompositeTest3_CompiledCompositeActor$_JavaCompiledCompositeTest3_CompiledCompositeActor.class
-rw-rw-r--   1 travis travis   1625 Sep  8 19:02 JavaCompiledCompositeTest3_CompiledCompositeActor.mk
-rw-rw-r--   1 travis travis   4183 Sep  8 19:03 JavaCompiledCompositeTest4_CompiledCompositeActor.class
-rw-rw-r--   1 travis travis   9687 Sep  8 19:02 JavaCompiledCompositeTest4_CompiledCompositeActor.java
-rw-rw-r--   1 travis travis    876 Sep  8 19:03 JavaCompiledCompositeTest4_CompiledCompositeActor$_JavaCompiledCompositeTest4_CompiledCompositeActor.class
-rw-rw-r--   1 travis travis   1625 Sep  8 19:02 JavaCompiledCompositeTest4_CompiledCompositeActor.mk
drwxrwxr-x   3 travis travis  12288 Sep  8 18:58 LookupTable
drwxrwxr-x   3 travis travis  20480 Sep  8 18:58 MaxIndex
-rw-rw-r--   1 travis travis   3925 Sep  8 19:03 ModularCG_A1_B1.class
    javac -classpath
.:/home/travis/build/icyphy/ptII:/home/travis/build/icyphy/ptII/lib/asm-all-5.2
.jar:/home/travis/build/icyphy/ptII/lib/nashorn-core-15.3.jar:/home/travis/buil
d/icyphy/ptII/lib/bsh-2.0b4.jar:/home/travis/build/icyphy/ptII/lib/ptCal.jar:/h
ome/travis/build/icyphy/ptII/lib/java_cup.jar:/home/travis/build/icyphy/ptII/li
b/saxon8.jar:/home/travis/build/icyphy/ptII/lib/saxon8-dom.jar:/home/travis/bui
ld/icyphy/ptII/lib/chic.jar:/home/travis/build/icyphy/ptII/lib/ptcolt.jar:/home
/travis/build/icyphy/ptII/vendors/misc/itext/iText.jar:/home/travis/build/icyph
y/ptII/lib/g4ltl.jar:/home/travis/build/icyphy/ptII/lib/StructuralCoder.jar:/ho
me/travis/build/icyphy/ptII/lib/jcerti.jar:/home/travis/build/icyphy/ptII/lib/j
avax.mail.jar:/home/travis/build/icyphy/ptII/vendors/JMF-2.1.1e/lib/jmf.jar:/ho
me/travis/build/icyphy/ptII/lib/jna-4.0.0-variadic.jar:/home/travis/build/icyph
y/ptII/vendors/misc/joystick/Joystick.jar:/home/travis/build/icyphy/ptII/lib/pt
jacl.jar:/home/travis/build/icyphy/ptII/lib/jsoup-1.14.2.jar:/home/travis/build
/icyphy/ptII/lib/junit-4.8.2.jar:/home/travis/build/icyphy/ptII/lib/JUnitParams
-0.4.0.jar:/home/travis/build/icyphy/ptII/ptolemy/actor/lib/excel/jxl.jar:/home
/travis/build/icyphy/ptII/lib/jython.jar:/home/travis/build/icyphy/ptII/lib/kie
ler.jar:/home/travis/build/icyphy/ptII/vendors/opencv/share/OpenCV/java/opencv-
341.jar:/home/travis/build/icyphy/ptII/lib/oscP5.jar:/home/travis/build/icyphy/
ptII/lib/nrjavaserial-3.11.0.devel.jar:/home/travis/build/icyphy/ptII/vendors/j
3d/lib/Linux/j3dcore.jar:/home/travis/build/icyphy/ptII/vendors/j3d/lib/Linux/j
3dutils.jar:/home/travis/build/icyphy/ptII/vendors/j3d/lib/Linux/vecmath.jar:/h
ome/travis/build/icyphy/ptII/vendors/jogl/lib/Linux/gluegen-rt-natives-linux-am
d64.jar:/home/travis/build/icyphy/ptII/vendors/jogl/lib/Linux/gluegen-rt.jar:/h
ome/travis/build/icyphy/ptII/vendors/jogl/lib/Linux/jogl-all-natives-linux-amd6
4.jar:/home/travis/build/icyphy/ptII/vendors/jogl/lib/Linux/jogl-all.jar:/home/
travis/build/icyphy/ptII/ptolemy/distributed/jini/jar/jini-core.jar:/home/travi
s/build/icyphy/ptII/ptolemy/distributed/jini/jar/jini-ext.jar:/home/travis/buil
d/icyphy/ptII/ptolemy/distributed/jini/jar/sun-util.jar:/home/travis/build/icyp
hy/ptII/lib/protobuf-java-2.4.1.jar:/home/travis/build/icyphy/ptII/lib/org.ecli
pse.paho.client.mqttv3.jar:/home/travis/build/icyphy/ptII/lib/mapss.jar:/home/t
ravis/build/icyphy/ptII/ptolemy/actor/ptalon/antlr/antlr.jar:/home/travis/build
/icyphy/ptII/lib/JRI.jar:/home/travis/build/icyphy/ptII/lib/commons-lang-2.6.ja
r:/home/travis/build/icyphy/ptII/lib/commons-logging-1.1.1.jar:/home/travis/bui
ld/icyphy/ptII/lib/sootclasses.jar:/home/travis/build/icyphy/ptII/ptolemy/actor
/lib/database/mysql-connector-java-8.0.26.jar:/home/travis/build/icyphy/ptII/ve
ndors/misc/sphinx4/sphinx4-data-5prealpha.jar:/home/travis/build/icyphy/ptII/ve
ndors/misc/sphinx4/sphinx4-core-5prealpha.jar:/home/travis/build/icyphy/ptII/li
b/PDFRenderer.jar:/home/travis/build/icyphy/ptII/lib/svgSalamander.jar:/home/tr
avis/build/icyphy/ptII/lib/rsyntaxtextarea-2.6.0-SNAPSHOT.jar:/home/travis/buil
d/icyphy/ptII/lib/hazelcast-3.8.2.jar:/home/travis/build/icyphy/ptII/lib/jackso
n-annotations-2.9.0.jar:/home/travis/build/icyphy/ptII/lib/jackson-core-2.9.3.j
ar:/home/travis/build/icyphy/ptII/lib/jackson-databind-2.9.3.jar:/home/travis/b
uild/icyphy/ptII/lib/netty-buffer-4.1.19.Final.jar:/home/travis/build/icyphy/pt
II/lib/netty-codec-4.1.19.Final.jar:/home/travis/build/icyphy/ptII/lib/netty-co
dec-dns-4.1.19.Final.jar:/home/travis/build/icyphy/ptII/lib/netty-codec-http-4.
1.19.Final.jar:/home/travis/build/icyphy/ptII/lib/netty-codec-http2-4.1.19.Fina
l.jar:/home/travis/build/icyphy/ptII/lib/netty-common-4.1.19.Final.jar:/home/tr
avis/build/icyphy/ptII/lib/netty-handler-4.1.19.Final.jar:/home/travis/build/ic
yphy/ptII/lib/netty-resolver-4.1.19.Final.jar:/home/travis/build/icyphy/ptII/li
b/netty-resolver-dns-4.1.19.Final.jar:/home/travis/build/icyphy/ptII/lib/netty-
transport-4.1.19.Final.jar:/home/travis/build/icyphy/ptII/lib/vertx-codegen-3.5
.1.jar:/home/travis/build/icyphy/ptII/lib/vertx-core-3.5.2-SNAPSHOT.jar:/home/t
ravis/build/icyphy/ptII/lib/vertx-hazelcast-3.5.1.jar:/home/travis/build/icyphy
/ptII/lib/vertx-lang-js-3.5.1.jar:/home/travis/build/icyphy/ptII/lib/vertx-serv
ice-proxy-3.5.1.jar:/home/travis/build/icyphy/ptII/lib/vertx-web-3.5.1.jar:/hom
e/travis/build/icyphy/ptII/lib/slf4j-api-1.7.13.jar:/home/travis/build/icyphy/p
tII/lib/slf4j-simple-1.7.13.jar:/home/travis/build/icyphy/ptII/lib/webcam-captu
re-0.3.12.jar:/home/travis/build/icyphy/ptII/lib/bridj-0.7.0.jar:/home/travis/b
uild/icyphy/ptII/lib/xbjlib-1.1.0.nrjavaserial.jar:/home/travis/build/icyphy/pt
II/ptolemy/moml/test:/home/travis/build/icyphy/ptII/ant/lib/ant-launcher.jar:/h
ome/travis/build/icyphy/ptII/ant/lib/ant.jar:/home/travis/build/icyphy/ptII/ant
/lib/ant-junit.jar:/home/travis/build/icyphy/ptII/ant/lib/ant-junit4.jar:/home/
travis/build/icyphy/ptII ModularCGPubSub_A1_A2_profile.java
-rw-rw-r--   1 travis travis   9730 Sep  8 19:03 ModularCG_A1_B1.java
-rw-rw-r--   1 travis travis    832 Sep  8 19:03 ModularCG_A1_B1.mk
-rw-rw-r--   1 travis travis   1318 Sep  8 19:03 ModularCG_A1_B1_profile.class
-rw-rw-r--   1 travis travis   1262 Sep  8 19:03 ModularCG_A1_B1_profile.java
-rw-rw-r--   1 travis travis   3925 Sep  8 19:03 ModularCG_A1_B2.class
-rw-rw-r--   1 travis travis   9730 Sep  8 19:03 ModularCG_A1_B2.java
-rw-rw-r--   1 travis travis    832 Sep  8 19:03 ModularCG_A1_B2.mk
-rw-rw-r--   1 travis travis   1318 Sep  8 19:03 ModularCG_A1_B2_profile.class
-rw-rw-r--   1 travis travis   1262 Sep  8 19:03 ModularCG_A1_B2_profile.java
-rw-rw-r--   1 travis travis   5031 Sep  8 19:03 ModularCG_A1.class
-rw-rw-r--   1 travis travis  14742 Sep  8 19:03 ModularCG_A1.java
-rw-rw-r--   1 travis travis    808 Sep  8 19:03 ModularCG_A1.mk
-rw-rw-r--   1 travis travis   1433 Sep  8 19:03 ModularCG_A1_profile.class
-rw-rw-r--   1 travis travis   1704 Sep  8 19:03 ModularCG_A1_profile.java
-rw-rw-r--   1 travis travis   4059 Sep  8 19:03 ModularCG_A2_B1.class
-rw-rw-r--   1 travis travis  10667 Sep  8 19:03 ModularCG_A2_B1.java
-rw-rw-r--   1 travis travis    832 Sep  8 19:03 ModularCG_A2_B1.mk
-rw-rw-r--   1 travis travis   1381 Sep  8 19:03 ModularCG_A2_B1_profile.class
-rw-rw-r--   1 travis travis   1446 Sep  8 19:03 ModularCG_A2_B1_profile.java
-rw-rw-r--   1 travis travis   3925 Sep  8 19:03 ModularCG_A2_B2.class
-rw-rw-r--   1 travis travis   9730 Sep  8 19:03 ModularCG_A2_B2.java
-rw-rw-r--   1 travis travis    832 Sep  8 19:03 ModularCG_A2_B2.mk
-rw-rw-r--   1 travis travis   1318 Sep  8 19:03 ModularCG_A2_B2_profile.class
-rw-rw-r--   1 travis travis   1262 Sep  8 19:03 ModularCG_A2_B2_profile.java
-rw-rw-r--   1 travis travis   5102 Sep  8 19:03 ModularCG_A2.class
-rw-rw-r--   1 travis travis  15129 Sep  8 19:03 ModularCG_A2.java
-rw-rw-r--   1 travis travis    808 Sep  8 19:03 ModularCG_A2.mk
-rw-rw-r--   1 travis travis   1433 Sep  8 19:03 ModularCG_A2_profile.class
-rw-rw-r--   1 travis travis   1704 Sep  8 19:03 ModularCG_A2_profile.java
-rw-rw-r--   1 travis travis   1222 Sep  8 19:03 ModularCGPubSub_A1_A2_profile.java
-rw-rw-r--   1 travis travis   3724 Sep  8 19:02 ModularCodeGenTest_A1_A2.class
-rw-rw-r--   1 travis travis   9164 Sep  8 19:02 ModularCodeGenTest_A1_A2.java
-rw-rw-r--   1 travis travis   1306 Sep  8 19:02 ModularCodeGenTest_A1_A2_profile.class
-rw-rw-r--   1 travis travis   4055 Sep  8 19:02 ModularCodeGenTest_A1.class
-rw-rw-r--   1 travis travis   9968 Sep  8 19:02 ModularCodeGenTest_A1.java
-rw-rw-r--   1 travis travis    880 Sep  8 19:02 ModularCodeGenTest_A1.mk
-rw-rw-r--   1 travis travis   1352 Sep  8 19:02 ModularCodeGenTest_A1_profile.class
-rw-rw-r--   1 travis travis   1394 Sep  8 19:02 ModularCodeGenTest_A1_profile.java
drwxrwxr-x   3 travis travis  32768 Sep  8 19:02 modulation2
drwxrwxr-x 188 travis travis  12288 Sep  8 19:02 node_modules
drwxrwxr-x   3 travis travis  20480 Sep  8 18:58 PhaseUnwrap
drwxrwxr-x   3 travis travis  12288 Sep  8 18:59 ReadFile1
-rw-rw-r--   1 travis travis     11 Sep  8 18:58 ReadFile1Output.txt
-rw-rw-r--   1 travis travis  13773 Sep  8 19:02 Repeat.class
-rw-rw-r--   1 travis travis    685 Sep  8 19:02 Repeat$_fireFunction_Repeat_Repeat$__f_sL_11.class
-rw-rw-r--   1 travis travis    541 Sep  8 19:02 Repeat$_fireFunction_Repeat_Repeat$__f_sL_12.class
-rw-rw-r--   1 travis travis    541 Sep  8 19:02 Repeat$_fireFunction_Repeat_Repeat$__f_sL_13.class
-rw-rw-r--   1 travis travis    541 Sep  8 19:02 Repeat$_fireFunction_Repeat_Repeat$__f_sL_14.class
-rw-rw-r--   1 travis travis    684 Sep  8 19:02 Repeat$_fireFunction_Repeat_Repeat$__f_sL_1.class
-rw-rw-r--   1 travis travis    683 Sep  8 19:02 Repeat$_fireFunction_Repeat_Repeat$__f_sL_4.class
-rw-rw-r--   1 travis travis    539 Sep  8 19:02 Repeat$_fireFunction_Repeat_Repeat$__f_sL_9.class
-rw-rw-r--   1 travis travis    494 Sep  8 19:02 Repeat$_initialize_Repeat$__i_sL_2.class
-rw-rw-r--   1 travis travis   1281 Sep  8 19:02 Repeat.mk
-rw-rw-r--   1 travis travis    539 Sep  8 19:02 Repeat$_preinitializeMethod_Repeat$__p_sL_0.class
-rw-rw-r--   1 travis travis   1102 Sep  8 19:02 Repeat$_Repeat$_fireFunction_Repeat_AddSubtract_Repeat.class
-rw-rw-r--   1 travis travis    810 Sep  8 19:02 Repeat$_Repeat$_fireFunction_Repeat_AddSubtract_Repeat$__f_sL_0.class
-rw-rw-r--   1 travis travis    928 Sep  8 19:02 Repeat$_Repeat$_fireFunction_Repeat_AddSubtract_Repeat$__f_sL_1.class
-rw-rw-r--   1 travis travis    934 Sep  8 19:02 Repeat$_Repeat$_fireFunction_Repeat_AddSubtract_Repeat$__f_sL_2.class
-rw-rw-r--   1 travis travis    862 Sep  8 19:02 Repeat$_Repeat$_fireFunction_Repeat_AddSubtract_Repeat$__f_sL_3.class
-rw-rw-r--   1 travis travis    757 Sep  8 19:02 Repeat$_Repeat$_fireFunction_Repeat_Ramp2_Repeat$__f_sL_0.class
-rw-rw-r--   1 travis travis    888 Sep  8 19:02 Repeat$_Repeat$_fireFunction_Repeat_Test_Repeat$__f_sL_0.class
-rw-rw-r--   1 travis travis    634 Sep  8 19:02 Repeat$_Repeat$_fireFunction_Repeat_Test_Repeat$__f_sL_1.class
-rw-rw-r--   1 travis travis    704 Sep  8 19:02 Repeat$_Repeat_SDF_Director_run_Repeat$__R_sL_0.class
-rw-rw-r--   1 travis travis    705 Sep  8 19:02 Repeat$_Repeat_SDF_Director_run_Repeat$__R_sL_11.class
-rw-rw-r--   1 travis travis    561 Sep  8 19:02 Repeat$_Repeat_SDF_Director_run_Repeat$__R_sL_13.class
-rw-rw-r--   1 travis travis    559 Sep  8 19:02 Repeat$_Repeat_SDF_Director_run_Repeat$__R_sL_2.class
-rw-rw-r--   1 travis travis    703 Sep  8 19:02 Repeat$_Repeat_SDF_Director_run_Repeat$__R_sL_3.class
-rw-rw-r--   1 travis travis    559 Sep  8 19:02 Repeat$_Repeat_SDF_Director_run_Repeat$__R_sL_5.class
-rw-rw-r--   1 travis travis    559 Sep  8 19:02 Repeat$_Repeat_SDF_Director_run_Repeat$__R_sL_8.class
drwxrwxr-x   2 travis travis   4096 Sep  8 19:02 RepeatVariables
-rw-rw-r--   1 travis travis    882 Sep  8 19:02 Repeat$_varinit_Repeat.class
-rw-rw-r--   1 travis travis    550 Sep  8 19:02 Repeat$_varinit_Repeat$__v_sL_2.class
-rw-rw-r--   1 travis travis    924 Sep  8 19:02 Repeat$_varinit_Repeat$__v_sL_4.class
-rw-rw-r--   1 travis travis    978 Sep  8 19:02 Repeat$_wrapup_Repeat$__w_sL_1.class
drwxrwxr-x   3 travis travis  20480 Sep  8 18:59 Sinewave
drwxrwxr-x   3 travis travis  32768 Sep  8 19:00 StringFunction
drwxrwxr-x   3 travis travis  12288 Sep  8 19:00 StringLength
drwxrwxr-x   3 travis travis  61440 Sep  8 19:00 StringMatches2
drwxrwxr-x   3 travis travis  61440 Sep  8 19:01 StringSimpleReplace
drwxrwxr-x   3 travis travis  65536 Sep  8 19:01 StringSubstring
drwxrwxr-x   3 travis travis  24576 Sep  8 19:01 StringSubstring2
drwxrwxr-x   3 travis travis  16384 Sep  8 19:02 time1
drwxrwxr-x   3 travis travis  12288 Sep  8 19:02 time5
-rw-rw-r--   1 travis travis    432 Sep  8 19:03 Token.class
-rw-rw-r--   1 travis travis    251 Sep  8 19:03 Token.java
-rwxrwxr-x   1 travis travis 466992 Sep  8 18:56 top
-rw-rw-r--   1 travis travis  20502 Sep  8 18:56 top.c
-rw-rw-r--   1 travis travis   3799 Sep  8 19:02 top.class
-rw-rw-r--   1 travis travis   1257 Sep  8 19:02 top.mk
All Done
Writing ModularCGPubSub_A1_A2.java in file:/home/travis/cg/ (9076 characters)
Reading "ptolemy/cg/kernel/generic/program/procedural/java/modular/makefile.in",
    writing "/home/travis/cg/ModularCGPubSub_A1_A2.mk"
Using ptolemy/cg/kernel/generic/program/procedural/java/modular/makefile.in
In "/home/travis/cg", about to execute:
    make -f ModularCGPubSub_A1_A2.mk
javac -classpath ".:.."    ModularCGPubSub_A1_A2.java
All Done
In "/home/travis/cg", about to execute:
    pwd
/home/travis/cg
In "/home/travis/cg", about to execute:
    ls -l
total 1608
drwxrwxr-x   3 travis travis  12288 Sep  8 18:57 AbsoluteValue
drwxrwxr-x   3 travis travis 102400 Sep  8 18:56 AllColt
drwxrwxr-x   3 travis travis  12288 Sep  8 18:57 Case1
-rw-rw-r--   1 travis travis   5128 Sep  8 19:02 CompiledCompositeActor_CompiledCompositeActor.class
-rw-rw-r--   1 travis travis   1611 Sep  8 19:02 CompiledCompositeActor_CompiledCompositeActor$_CompiledCompositeActor_CompiledCompositeActor.class
-rw-rw-r--   1 travis travis  13466 Sep  8 19:02 CompiledCompositeActor_CompiledCompositeActor.java
-rw-rw-r--   1 travis travis   1593 Sep  8 19:02 CompiledCompositeActor_CompiledCompositeActor.mk
drwxrwxr-x   5 travis travis   4096 Sep  8 18:56 fmi
drwxrwxr-x   3 travis travis  16384 Sep  8 18:57 Gaussian2
-rw-rw-r--   1 travis travis   4684 Sep  8 19:02 JavaCompiledCompositeTest1_CompiledCompositeActor.class
-rw-rw-r--   1 travis travis  11637 Sep  8 19:02 JavaCompiledCompositeTest1_CompiledCompositeActor.java
-rw-rw-r--   1 travis travis   1217 Sep  8 19:02 JavaCompiledCompositeTest1_CompiledCompositeActor$_JavaCompiledCompositeTest1_CompiledCompositeActor.class
-rw-rw-r--   1 travis travis   1625 Sep  8 19:02 JavaCompiledCompositeTest1_CompiledCompositeActor.mk
-rw-rw-r--   1 travis travis   5115 Sep  8 19:02 JavaCompiledCompositeTest2_CompiledCompositeActor.class
-rw-rw-r--   1 travis travis  14919 Sep  8 19:02 JavaCompiledCompositeTest2_CompiledCompositeActor.java
-rw-rw-r--   1 travis travis   1812 Sep  8 19:02 JavaCompiledCompositeTest2_CompiledCompositeActor$_JavaCompiledCompositeTest2_CompiledCompositeActor.class
-rw-rw-r--   1 travis travis   1625 Sep  8 19:02 JavaCompiledCompositeTest2_CompiledCompositeActor.mk
-rw-rw-r--   1 travis travis   4732 Sep  8 19:02 JavaCompiledCompositeTest3_CompiledCompositeActor.class
-rw-rw-r--   1 travis travis  13080 Sep  8 19:02 JavaCompiledCompositeTest3_CompiledCompositeActor.java
-rw-rw-r--   1 travis travis   1397 Sep  8 19:02 JavaCompiledCompositeTest3_CompiledCompositeActor$_JavaCompiledCompositeTest3_CompiledCompositeActor.class
-rw-rw-r--   1 travis travis   1625 Sep  8 19:02 JavaCompiledCompositeTest3_CompiledCompositeActor.mk
-rw-rw-r--   1 travis travis   4183 Sep  8 19:03 JavaCompiledCompositeTest4_CompiledCompositeActor.class
-rw-rw-r--   1 travis travis   9687 Sep  8 19:02 JavaCompiledCompositeTest4_CompiledCompositeActor.java
-rw-rw-r--   1 travis travis    876 Sep  8 19:03 JavaCompiledCompositeTest4_CompiledCompositeActor$_JavaCompiledCompositeTest4_CompiledCompositeActor.class
-rw-rw-r--   1 travis travis   1625 Sep  8 19:02 JavaCompiledCompositeTest4_CompiledCompositeActor.mk
drwxrwxr-x   3 travis travis  12288 Sep  8 18:58 LookupTable
drwxrwxr-x   3 travis travis  20480 Sep  8 18:58 MaxIndex
-rw-rw-r--   1 travis travis   3925 Sep  8 19:03 ModularCG_A1_B1.class
-rw-rw-r--   1 travis travis   9730 Sep  8 19:03 ModularCG_A1_B1.java
-rw-rw-r--   1 travis travis    832 Sep  8 19:03 ModularCG_A1_B1.mk
-rw-rw-r--   1 travis travis   1318 Sep  8 19:03 ModularCG_A1_B1_profile.class
-rw-rw-r--   1 travis travis   1262 Sep  8 19:03 ModularCG_A1_B1_profile.java
-rw-rw-r--   1 travis travis   3925 Sep  8 19:03 ModularCG_A1_B2.class
-rw-rw-r--   1 travis travis   9730 Sep  8 19:03 ModularCG_A1_B2.java
-rw-rw-r--   1 travis travis    832 Sep  8 19:03 ModularCG_A1_B2.mk
-rw-rw-r--   1 travis travis   1318 Sep  8 19:03 ModularCG_A1_B2_profile.class
-rw-rw-r--   1 travis travis   1262 Sep  8 19:03 ModularCG_A1_B2_profile.java
-rw-rw-r--   1 travis travis   5031 Sep  8 19:03 ModularCG_A1.class
-rw-rw-r--   1 travis travis  14742 Sep  8 19:03 ModularCG_A1.java
-rw-rw-r--   1 travis travis    808 Sep  8 19:03 ModularCG_A1.mk
-rw-rw-r--   1 travis travis   1433 Sep  8 19:03 ModularCG_A1_profile.class
-rw-rw-r--   1 travis travis   1704 Sep  8 19:03 ModularCG_A1_profile.java
-rw-rw-r--   1 travis travis   4059 Sep  8 19:03 ModularCG_A2_B1.class
-rw-rw-r--   1 travis travis  10667 Sep  8 19:03 ModularCG_A2_B1.java
-rw-rw-r--   1 travis travis    832 Sep  8 19:03 ModularCG_A2_B1.mk
-rw-rw-r--   1 travis travis   1381 Sep  8 19:03 ModularCG_A2_B1_profile.class
In "/home/travis/cg", about to execute:
    javac -classpath
.:/home/travis/build/icyphy/ptII:/home/travis/build/icyphy/ptII/lib/asm-all-5.2
.jar:/home/travis/build/icyphy/ptII/lib/nashorn-core-15.3.jar:/home/travis/buil
d/icyphy/ptII/lib/bsh-2.0b4.jar:/home/travis/build/icyphy/ptII/lib/ptCal.jar:/h
ome/travis/build/icyphy/ptII/lib/java_cup.jar:/home/travis/build/icyphy/ptII/li
b/saxon8.jar:/home/travis/build/icyphy/ptII/lib/saxon8-dom.jar:/home/travis/bui
ld/icyphy/ptII/lib/chic.jar:/home/travis/build/icyphy/ptII/lib/ptcolt.jar:/home
/travis/build/icyphy/ptII/vendors/misc/itext/iText.jar:/home/travis/build/icyph
y/ptII/lib/g4ltl.jar:/home/travis/build/icyphy/ptII/lib/StructuralCoder.jar:/ho
me/travis/build/icyphy/ptII/lib/jcerti.jar:/home/travis/build/icyphy/ptII/lib/j
avax.mail.jar:/home/travis/build/icyphy/ptII/vendors/JMF-2.1.1e/lib/jmf.jar:/ho
me/travis/build/icyphy/ptII/lib/jna-4.0.0-variadic.jar:/home/travis/build/icyph
y/ptII/vendors/misc/joystick/Joystick.jar:/home/travis/build/icyphy/ptII/lib/pt
jacl.jar:/home/travis/build/icyphy/ptII/lib/jsoup-1.14.2.jar:/home/travis/build
/icyphy/ptII/lib/junit-4.8.2.jar:/home/travis/build/icyphy/ptII/lib/JUnitParams
-0.4.0.jar:/home/travis/build/icyphy/ptII/ptolemy/actor/lib/excel/jxl.jar:/home
/travis/build/icyphy/ptII/lib/jython.jar:/home/travis/build/icyphy/ptII/lib/kie
ler.jar:/home/travis/build/icyphy/ptII/vendors/opencv/share/OpenCV/java/opencv-
341.jar:/home/travis/build/icyphy/ptII/lib/oscP5.jar:/home/travis/build/icyphy/
ptII/lib/nrjavaserial-3.11.0.devel.jar:/home/travis/build/icyphy/ptII/vendors/j
3d/lib/Linux/j3dcore.jar:/home/travis/build/icyphy/ptII/vendors/j3d/lib/Linux/j
3dutils.jar:/home/travis/build/icyphy/ptII/vendors/j3d/lib/Linux/vecmath.jar:/h
ome/travis/build/icyphy/ptII/vendors/jogl/lib/Linux/gluegen-rt-natives-linux-am
d64.jar:/home/travis/build/icyphy/ptII/vendors/jogl/lib/Linux/gluegen-rt.jar:/h
ome/travis/build/icyphy/ptII/vendors/jogl/lib/Linux/jogl-all-natives-linux-amd6
4.jar:/home/travis/build/icyphy/ptII/vendors/jogl/lib/Linux/jogl-all.jar:/home/
travis/build/icyphy/ptII/ptolemy/distributed/jini/jar/jini-core.jar:/home/travi
s/build/icyphy/ptII/ptolemy/distributed/jini/jar/jini-ext.jar:/home/travis/buil
d/icyphy/ptII/ptolemy/distributed/jini/jar/sun-util.jar:/home/travis/build/icyp
hy/ptII/lib/protobuf-java-2.4.1.jar:/home/travis/build/icyphy/ptII/lib/org.ecli
pse.paho.client.mqttv3.jar:/home/travis/build/icyphy/ptII/lib/mapss.jar:/home/t
ravis/build/icyphy/ptII/ptolemy/actor/ptalon/antlr/antlr.jar:/home/travis/build
/icyphy/ptII/lib/JRI.jar:/home/travis/build/icyphy/ptII/lib/commons-lang-2.6.ja
r:/home/travis/build/icyphy/ptII/lib/commons-logging-1.1.1.jar:/home/travis/bui
ld/icyphy/ptII/lib/sootclasses.jar:/home/travis/build/icyphy/ptII/ptolemy/actor
/lib/database/mysql-connector-java-8.0.26.jar:/home/travis/build/icyphy/ptII/ve
ndors/misc/sphinx4/sphinx4-data-5prealpha.jar:/home/travis/build/icyphy/ptII/ve
ndors/misc/sphinx4/sphinx4-core-5prealpha.jar:/home/travis/build/icyphy/ptII/li
b/PDFRenderer.jar:/home/travis/build/icyphy/ptII/lib/svgSalamander.jar:/home/tr
avis/build/icyphy/ptII/lib/rsyntaxtextarea-2.6.0-SNAPSHOT.jar:/home/travis/buil
d/icyphy/ptII/lib/hazelcast-3.8.2.jar:/home/travis/build/icyphy/ptII/lib/jackso
n-annotations-2.9.0.jar:/home/travis/build/icyphy/ptII/lib/jackson-core-2.9.3.j
ar:/home/travis/build/icyphy/ptII/lib/jackson-databind-2.9.3.jar:/home/travis/b
uild/icyphy/ptII/lib/netty-buffer-4.1.19.Final.jar:/home/travis/build/icyphy/pt
II/lib/netty-codec-4.1.19.Final.jar:/home/travis/build/icyphy/ptII/lib/netty-co
dec-dns-4.1.19.Final.jar:/home/travis/build/icyphy/ptII/lib/netty-codec-http-4.
1.19.Final.jar:/home/travis/build/icyphy/ptII/lib/netty-codec-http2-4.1.19.Fina
l.jar:/home/travis/build/icyphy/ptII/lib/netty-common-4.1.19.Final.jar:/home/tr
avis/build/icyphy/ptII/lib/netty-handler-4.1.19.Final.jar:/home/travis/build/ic
yphy/ptII/lib/netty-resolver-4.1.19.Final.jar:/home/travis/build/icyphy/ptII/li
b/netty-resolver-dns-4.1.19.Final.jar:/home/travis/build/icyphy/ptII/lib/netty-
transport-4.1.19.Final.jar:/home/travis/build/icyphy/ptII/lib/vertx-codegen-3.5
.1.jar:/home/travis/build/icyphy/ptII/lib/vertx-core-3.5.2-SNAPSHOT.jar:/home/t
ravis/build/icyphy/ptII/lib/vertx-hazelcast-3.5.1.jar:/home/travis/build/icyphy
/ptII/lib/vertx-lang-js-3.5.1.jar:/home/travis/build/icyphy/ptII/lib/vertx-serv
ice-proxy-3.5.1.jar:/home/travis/build/icyphy/ptII/lib/vertx-web-3.5.1.jar:/hom
e/travis/build/icyphy/ptII/lib/slf4j-api-1.7.13.jar:/home/travis/build/icyphy/p
tII/lib/slf4j-simple-1.7.13.jar:/home/travis/build/icyphy/ptII/lib/webcam-captu
re-0.3.12.jar:/home/travis/build/icyphy/ptII/lib/bridj-0.7.0.jar:/home/travis/b
uild/icyphy/ptII/lib/xbjlib-1.1.0.nrjavaserial.jar:/home/travis/build/icyphy/pt
II/ptolemy/moml/test:/home/travis/build/icyphy/ptII/ant/lib/ant-launcher.jar:/h
ome/travis/build/icyphy/ptII/ant/lib/ant.jar:/home/travis/build/icyphy/ptII/ant
/lib/ant-junit.jar:/home/travis/build/icyphy/ptII/ant/lib/ant-junit4.jar:/home/
travis/build/icyphy/ptII ModularCGPubSub_A1_profile.java
-rw-rw-r--   1 travis travis   1446 Sep  8 19:03 ModularCG_A2_B1_profile.java
-rw-rw-r--   1 travis travis   3925 Sep  8 19:03 ModularCG_A2_B2.class
-rw-rw-r--   1 travis travis   9730 Sep  8 19:03 ModularCG_A2_B2.java
-rw-rw-r--   1 travis travis    832 Sep  8 19:03 ModularCG_A2_B2.mk
-rw-rw-r--   1 travis travis   1318 Sep  8 19:03 ModularCG_A2_B2_profile.class
-rw-rw-r--   1 travis travis   1262 Sep  8 19:03 ModularCG_A2_B2_profile.java
-rw-rw-r--   1 travis travis   5102 Sep  8 19:03 ModularCG_A2.class
-rw-rw-r--   1 travis travis  15129 Sep  8 19:03 ModularCG_A2.java
-rw-rw-r--   1 travis travis    808 Sep  8 19:03 ModularCG_A2.mk
-rw-rw-r--   1 travis travis   1433 Sep  8 19:03 ModularCG_A2_profile.class
-rw-rw-r--   1 travis travis   1704 Sep  8 19:03 ModularCG_A2_profile.java
-rw-rw-r--   1 travis travis   3705 Sep  8 19:03 ModularCGPubSub_A1_A2.class
-rw-rw-r--   1 travis travis   9076 Sep  8 19:03 ModularCGPubSub_A1_A2.java
-rw-rw-r--   1 travis travis    880 Sep  8 19:03 ModularCGPubSub_A1_A2.mk
-rw-rw-r--   1 travis travis   1300 Sep  8 19:03 ModularCGPubSub_A1_A2_profile.class
-rw-rw-r--   1 travis travis   1222 Sep  8 19:03 ModularCGPubSub_A1_A2_profile.java
-rw-rw-r--   1 travis travis   1388 Sep  8 19:03 ModularCGPubSub_A1_profile.java
-rw-rw-r--   1 travis travis   3724 Sep  8 19:02 ModularCodeGenTest_A1_A2.class
-rw-rw-r--   1 travis travis   9164 Sep  8 19:02 ModularCodeGenTest_A1_A2.java
-rw-rw-r--   1 travis travis   1306 Sep  8 19:02 ModularCodeGenTest_A1_A2_profile.class
-rw-rw-r--   1 travis travis   4055 Sep  8 19:02 ModularCodeGenTest_A1.class
-rw-rw-r--   1 travis travis   9968 Sep  8 19:02 ModularCodeGenTest_A1.java
-rw-rw-r--   1 travis travis    880 Sep  8 19:02 ModularCodeGenTest_A1.mk
-rw-rw-r--   1 travis travis   1352 Sep  8 19:02 ModularCodeGenTest_A1_profile.class
-rw-rw-r--   1 travis travis   1394 Sep  8 19:02 ModularCodeGenTest_A1_profile.java
drwxrwxr-x   3 travis travis  32768 Sep  8 19:02 modulation2
drwxrwxr-x 188 travis travis  12288 Sep  8 19:02 node_modules
drwxrwxr-x   3 travis travis  20480 Sep  8 18:58 PhaseUnwrap
drwxrwxr-x   3 travis travis  12288 Sep  8 18:59 ReadFile1
-rw-rw-r--   1 travis travis     11 Sep  8 18:58 ReadFile1Output.txt
-rw-rw-r--   1 travis travis  13773 Sep  8 19:02 Repeat.class
-rw-rw-r--   1 travis travis    685 Sep  8 19:02 Repeat$_fireFunction_Repeat_Repeat$__f_sL_11.class
-rw-rw-r--   1 travis travis    541 Sep  8 19:02 Repeat$_fireFunction_Repeat_Repeat$__f_sL_12.class
-rw-rw-r--   1 travis travis    541 Sep  8 19:02 Repeat$_fireFunction_Repeat_Repeat$__f_sL_13.class
-rw-rw-r--   1 travis travis    541 Sep  8 19:02 Repeat$_fireFunction_Repeat_Repeat$__f_sL_14.class
-rw-rw-r--   1 travis travis    684 Sep  8 19:02 Repeat$_fireFunction_Repeat_Repeat$__f_sL_1.class
-rw-rw-r--   1 travis travis    683 Sep  8 19:02 Repeat$_fireFunction_Repeat_Repeat$__f_sL_4.class
-rw-rw-r--   1 travis travis    539 Sep  8 19:02 Repeat$_fireFunction_Repeat_Repeat$__f_sL_9.class
-rw-rw-r--   1 travis travis    494 Sep  8 19:02 Repeat$_initialize_Repeat$__i_sL_2.class
-rw-rw-r--   1 travis travis   1281 Sep  8 19:02 Repeat.mk
-rw-rw-r--   1 travis travis    539 Sep  8 19:02 Repeat$_preinitializeMethod_Repeat$__p_sL_0.class
-rw-rw-r--   1 travis travis   1102 Sep  8 19:02 Repeat$_Repeat$_fireFunction_Repeat_AddSubtract_Repeat.class
-rw-rw-r--   1 travis travis    810 Sep  8 19:02 Repeat$_Repeat$_fireFunction_Repeat_AddSubtract_Repeat$__f_sL_0.class
-rw-rw-r--   1 travis travis    928 Sep  8 19:02 Repeat$_Repeat$_fireFunction_Repeat_AddSubtract_Repeat$__f_sL_1.class
-rw-rw-r--   1 travis travis    934 Sep  8 19:02 Repeat$_Repeat$_fireFunction_Repeat_AddSubtract_Repeat$__f_sL_2.class
-rw-rw-r--   1 travis travis    862 Sep  8 19:02 Repeat$_Repeat$_fireFunction_Repeat_AddSubtract_Repeat$__f_sL_3.class
-rw-rw-r--   1 travis travis    757 Sep  8 19:02 Repeat$_Repeat$_fireFunction_Repeat_Ramp2_Repeat$__f_sL_0.class
-rw-rw-r--   1 travis travis    888 Sep  8 19:02 Repeat$_Repeat$_fireFunction_Repeat_Test_Repeat$__f_sL_0.class
-rw-rw-r--   1 travis travis    634 Sep  8 19:02 Repeat$_Repeat$_fireFunction_Repeat_Test_Repeat$__f_sL_1.class
-rw-rw-r--   1 travis travis    704 Sep  8 19:02 Repeat$_Repeat_SDF_Director_run_Repeat$__R_sL_0.class
-rw-rw-r--   1 travis travis    705 Sep  8 19:02 Repeat$_Repeat_SDF_Director_run_Repeat$__R_sL_11.class
-rw-rw-r--   1 travis travis    561 Sep  8 19:02 Repeat$_Repeat_SDF_Director_run_Repeat$__R_sL_13.class
-rw-rw-r--   1 travis travis    559 Sep  8 19:02 Repeat$_Repeat_SDF_Director_run_Repeat$__R_sL_2.class
-rw-rw-r--   1 travis travis    703 Sep  8 19:02 Repeat$_Repeat_SDF_Director_run_Repeat$__R_sL_3.class
-rw-rw-r--   1 travis travis    559 Sep  8 19:02 Repeat$_Repeat_SDF_Director_run_Repeat$__R_sL_5.class
-rw-rw-r--   1 travis travis    559 Sep  8 19:02 Repeat$_Repeat_SDF_Director_run_Repeat$__R_sL_8.class
drwxrwxr-x   2 travis travis   4096 Sep  8 19:02 RepeatVariables
-rw-rw-r--   1 travis travis    882 Sep  8 19:02 Repeat$_varinit_Repeat.class
-rw-rw-r--   1 travis travis    550 Sep  8 19:02 Repeat$_varinit_Repeat$__v_sL_2.class
-rw-rw-r--   1 travis travis    924 Sep  8 19:02 Repeat$_varinit_Repeat$__v_sL_4.class
-rw-rw-r--   1 travis travis    978 Sep  8 19:02 Repeat$_wrapup_Repeat$__w_sL_1.class
drwxrwxr-x   3 travis travis  20480 Sep  8 18:59 Sinewave
drwxrwxr-x   3 travis travis  32768 Sep  8 19:00 StringFunction
drwxrwxr-x   3 travis travis  12288 Sep  8 19:00 StringLength
drwxrwxr-x   3 travis travis  61440 Sep  8 19:00 StringMatches2
drwxrwxr-x   3 travis travis  61440 Sep  8 19:01 StringSimpleReplace
drwxrwxr-x   3 travis travis  65536 Sep  8 19:01 StringSubstring
drwxrwxr-x   3 travis travis  24576 Sep  8 19:01 StringSubstring2
drwxrwxr-x   3 travis travis  16384 Sep  8 19:02 time1
drwxrwxr-x   3 travis travis  12288 Sep  8 19:02 time5
-rw-rw-r--   1 travis travis    432 Sep  8 19:03 Token.class
-rw-rw-r--   1 travis travis    251 Sep  8 19:03 Token.java
-rwxrwxr-x   1 travis travis 466992 Sep  8 18:56 top
-rw-rw-r--   1 travis travis  20502 Sep  8 18:56 top.c
-rw-rw-r--   1 travis travis   3799 Sep  8 19:02 top.class
-rw-rw-r--   1 travis travis   1257 Sep  8 19:02 top.mk
All Done
Writing ModularCGPubSub_A1.java in file:/home/travis/cg/ (9836 characters)
Reading "ptolemy/cg/kernel/generic/program/procedural/java/modular/makefile.in",
    writing "/home/travis/cg/ModularCGPubSub_A1.mk"
Using ptolemy/cg/kernel/generic/program/procedural/java/modular/makefile.in
In "/home/travis/cg", about to execute:
    make -f ModularCGPubSub_A1.mk
javac -classpath ".:.."    ModularCGPubSub_A1.java
All Done
5504 ms. Memory: 129024K Free: 89497K (69%)
----------------- Invoking toplevel() on ptolemy.moml.MoMLSimpleApplication@3c3d831
----------------- Done invoking toplevel() on ptolemy.moml.MoMLSimpleApplication@3c3d831
reloadAllAccessors: .ModularCGPubSub

===========================================================================================
----------------- testing Wed Sep 08 19:03:23 UTC 2021 /home/travis/build/icyphy/ptII/ptolemy/cg/lib/test/auto/ModularCodeGen.xml
----------------- Instantiating /home/travis/build/icyphy/ptII/ptolemy/cg/lib/test/auto/ModularCodeGen.xml
In "/home/travis/cg", about to execute:
    pwd
In "/home/travis/cg", about to execute:
    ls -l
/home/travis/cg
In "/home/travis/cg", about to execute:
    javac -classpath
.:/home/travis/build/icyphy/ptII:/home/travis/build/icyphy/ptII/lib/asm-all-5.2
.jar:/home/travis/build/icyphy/ptII/lib/nashorn-core-15.3.jar:/home/travis/buil
d/icyphy/ptII/lib/bsh-2.0b4.jar:/home/travis/build/icyphy/ptII/lib/ptCal.jar:/h
ome/travis/build/icyphy/ptII/lib/java_cup.jar:/home/travis/build/icyphy/ptII/li
b/saxon8.jar:/home/travis/build/icyphy/ptII/lib/saxon8-dom.jar:/home/travis/bui
ld/icyphy/ptII/lib/chic.jar:/home/travis/build/icyphy/ptII/lib/ptcolt.jar:/home
/travis/build/icyphy/ptII/vendors/misc/itext/iText.jar:/home/travis/build/icyph
y/ptII/lib/g4ltl.jar:/home/travis/build/icyphy/ptII/lib/StructuralCoder.jar:/ho
me/travis/build/icyphy/ptII/lib/jcerti.jar:/home/travis/build/icyphy/ptII/lib/j
avax.mail.jar:/home/travis/build/icyphy/ptII/vendors/JMF-2.1.1e/lib/jmf.jar:/ho
me/travis/build/icyphy/ptII/lib/jna-4.0.0-variadic.jar:/home/travis/build/icyph
y/ptII/vendors/misc/joystick/Joystick.jar:/home/travis/build/icyphy/ptII/lib/pt
jacl.jar:/home/travis/build/icyphy/ptII/lib/jsoup-1.14.2.jar:/home/travis/build
/icyphy/ptII/lib/junit-4.8.2.jar:/home/travis/build/icyphy/ptII/lib/JUnitParams
-0.4.0.jar:/home/travis/build/icyphy/ptII/ptolemy/actor/lib/excel/jxl.jar:/home
/travis/build/icyphy/ptII/lib/jython.jar:/home/travis/build/icyphy/ptII/lib/kie
ler.jar:/home/travis/build/icyphy/ptII/vendors/opencv/share/OpenCV/java/opencv-
341.jar:/home/travis/build/icyphy/ptII/lib/oscP5.jar:/home/travis/build/icyphy/
ptII/lib/nrjavaserial-3.11.0.devel.jar:/home/travis/build/icyphy/ptII/vendors/j
3d/lib/Linux/j3dcore.jar:/home/travis/build/icyphy/ptII/vendors/j3d/lib/Linux/j
3dutils.jar:/home/travis/build/icyphy/ptII/vendors/j3d/lib/Linux/vecmath.jar:/h
ome/travis/build/icyphy/ptII/vendors/jogl/lib/Linux/gluegen-rt-natives-linux-am
d64.jar:/home/travis/build/icyphy/ptII/vendors/jogl/lib/Linux/gluegen-rt.jar:/h
ome/travis/build/icyphy/ptII/vendors/jogl/lib/Linux/jogl-all-natives-linux-amd6
4.jar:/home/travis/build/icyphy/ptII/vendors/jogl/lib/Linux/jogl-all.jar:/home/
travis/build/icyphy/ptII/ptolemy/distributed/jini/jar/jini-core.jar:/home/travi
s/build/icyphy/ptII/ptolemy/distributed/jini/jar/jini-ext.jar:/home/travis/buil
d/icyphy/ptII/ptolemy/distributed/jini/jar/sun-util.jar:/home/travis/build/icyp
hy/ptII/lib/protobuf-java-2.4.1.jar:/home/travis/build/icyphy/ptII/lib/org.ecli
pse.paho.client.mqttv3.jar:/home/travis/build/icyphy/ptII/lib/mapss.jar:/home/t
ravis/build/icyphy/ptII/ptolemy/actor/ptalon/antlr/antlr.jar:/home/travis/build
/icyphy/ptII/lib/JRI.jar:/home/travis/build/icyphy/ptII/lib/commons-lang-2.6.ja
r:/home/travis/build/icyphy/ptII/lib/commons-logging-1.1.1.jar:/home/travis/bui
ld/icyphy/ptII/lib/sootclasses.jar:/home/travis/build/icyphy/ptII/ptolemy/actor
/lib/database/mysql-connector-java-8.0.26.jar:/home/travis/build/icyphy/ptII/ve
ndors/misc/sphinx4/sphinx4-data-5prealpha.jar:/home/travis/build/icyphy/ptII/ve
ndors/misc/sphinx4/sphinx4-core-5prealpha.jar:/home/travis/build/icyphy/ptII/li
b/PDFRenderer.jar:/home/travis/build/icyphy/ptII/lib/svgSalamander.jar:/home/tr
avis/build/icyphy/ptII/lib/rsyntaxtextarea-2.6.0-SNAPSHOT.jar:/home/travis/buil
d/icyphy/ptII/lib/hazelcast-3.8.2.jar:/home/travis/build/icyphy/ptII/lib/jackso
n-annotations-2.9.0.jar:/home/travis/build/icyphy/ptII/lib/jackson-core-2.9.3.j
ar:/home/travis/build/icyphy/ptII/lib/jackson-databind-2.9.3.jar:/home/travis/b
uild/icyphy/ptII/lib/netty-buffer-4.1.19.Final.jar:/home/travis/build/icyphy/pt
II/lib/netty-codec-4.1.19.Final.jar:/home/travis/build/icyphy/ptII/lib/netty-co
dec-dns-4.1.19.Final.jar:/home/travis/build/icyphy/ptII/lib/netty-codec-http-4.
1.19.Final.jar:/home/travis/build/icyphy/ptII/lib/netty-codec-http2-4.1.19.Fina
l.jar:/home/travis/build/icyphy/ptII/lib/netty-common-4.1.19.Final.jar:/home/tr
avis/build/icyphy/ptII/lib/netty-handler-4.1.19.Final.jar:/home/travis/build/ic
yphy/ptII/lib/netty-resolver-4.1.19.Final.jar:/home/travis/build/icyphy/ptII/li
b/netty-resolver-dns-4.1.19.Final.jar:/home/travis/build/icyphy/ptII/lib/netty-
transport-4.1.19.Final.jar:/home/travis/build/icyphy/ptII/lib/vertx-codegen-3.5
.1.jar:/home/travis/build/icyphy/ptII/lib/vertx-core-3.5.2-SNAPSHOT.jar:/home/t
ravis/build/icyphy/ptII/lib/vertx-hazelcast-3.5.1.jar:/home/travis/build/icyphy
/ptII/lib/vertx-lang-js-3.5.1.jar:/home/travis/build/icyphy/ptII/lib/vertx-serv
ice-proxy-3.5.1.jar:/home/travis/build/icyphy/ptII/lib/vertx-web-3.5.1.jar:/hom
e/travis/build/icyphy/ptII/lib/slf4j-api-1.7.13.jar:/home/travis/build/icyphy/p
tII/lib/slf4j-simple-1.7.13.jar:/home/travis/build/icyphy/ptII/lib/webcam-captu
re-0.3.12.jar:/home/travis/build/icyphy/ptII/lib/bridj-0.7.0.jar:/home/travis/b
uild/icyphy/ptII/lib/xbjlib-1.1.0.nrjavaserial.jar:/home/travis/build/icyphy/pt
II/ptolemy/moml/test:/home/travis/build/icyphy/ptII/ant/lib/ant-launcher.jar:/h
ome/travis/build/icyphy/ptII/ant/lib/ant.jar:/home/travis/build/icyphy/ptII/ant
/lib/ant-junit.jar:/home/travis/build/icyphy/ptII/ant/lib/ant-junit4.jar:/home/
travis/build/icyphy/ptII
ModularCodeGen_ModularCodeGenTypedCompositeActor_profile.java
total 1636
drwxrwxr-x   3 travis travis  12288 Sep  8 18:57 AbsoluteValue
drwxrwxr-x   3 travis travis 102400 Sep  8 18:56 AllColt
drwxrwxr-x   3 travis travis  12288 Sep  8 18:57 Case1
-rw-rw-r--   1 travis travis   5128 Sep  8 19:02 CompiledCompositeActor_CompiledCompositeActor.class
-rw-rw-r--   1 travis travis   1611 Sep  8 19:02 CompiledCompositeActor_CompiledCompositeActor$_CompiledCompositeActor_CompiledCompositeActor.class
-rw-rw-r--   1 travis travis  13466 Sep  8 19:02 CompiledCompositeActor_CompiledCompositeActor.java
-rw-rw-r--   1 travis travis   1593 Sep  8 19:02 CompiledCompositeActor_CompiledCompositeActor.mk
drwxrwxr-x   5 travis travis   4096 Sep  8 18:56 fmi
drwxrwxr-x   3 travis travis  16384 Sep  8 18:57 Gaussian2
-rw-rw-r--   1 travis travis   4684 Sep  8 19:02 JavaCompiledCompositeTest1_CompiledCompositeActor.class
-rw-rw-r--   1 travis travis  11637 Sep  8 19:02 JavaCompiledCompositeTest1_CompiledCompositeActor.java
-rw-rw-r--   1 travis travis   1217 Sep  8 19:02 JavaCompiledCompositeTest1_CompiledCompositeActor$_JavaCompiledCompositeTest1_CompiledCompositeActor.class
-rw-rw-r--   1 travis travis   1625 Sep  8 19:02 JavaCompiledCompositeTest1_CompiledCompositeActor.mk
-rw-rw-r--   1 travis travis   5115 Sep  8 19:02 JavaCompiledCompositeTest2_CompiledCompositeActor.class
-rw-rw-r--   1 travis travis  14919 Sep  8 19:02 JavaCompiledCompositeTest2_CompiledCompositeActor.java
-rw-rw-r--   1 travis travis   1812 Sep  8 19:02 JavaCompiledCompositeTest2_CompiledCompositeActor$_JavaCompiledCompositeTest2_CompiledCompositeActor.class
-rw-rw-r--   1 travis travis   1625 Sep  8 19:02 JavaCompiledCompositeTest2_CompiledCompositeActor.mk
-rw-rw-r--   1 travis travis   4732 Sep  8 19:02 JavaCompiledCompositeTest3_CompiledCompositeActor.class
-rw-rw-r--   1 travis travis  13080 Sep  8 19:02 JavaCompiledCompositeTest3_CompiledCompositeActor.java
-rw-rw-r--   1 travis travis   1397 Sep  8 19:02 JavaCompiledCompositeTest3_CompiledCompositeActor$_JavaCompiledCompositeTest3_CompiledCompositeActor.class
-rw-rw-r--   1 travis travis   1625 Sep  8 19:02 JavaCompiledCompositeTest3_CompiledCompositeActor.mk
-rw-rw-r--   1 travis travis   4183 Sep  8 19:03 JavaCompiledCompositeTest4_CompiledCompositeActor.class
-rw-rw-r--   1 travis travis   9687 Sep  8 19:02 JavaCompiledCompositeTest4_CompiledCompositeActor.java
-rw-rw-r--   1 travis travis    876 Sep  8 19:03 JavaCompiledCompositeTest4_CompiledCompositeActor$_JavaCompiledCompositeTest4_CompiledCompositeActor.class
-rw-rw-r--   1 travis travis   1625 Sep  8 19:02 JavaCompiledCompositeTest4_CompiledCompositeActor.mk
drwxrwxr-x   3 travis travis  12288 Sep  8 18:58 LookupTable
drwxrwxr-x   3 travis travis  20480 Sep  8 18:58 MaxIndex
-rw-rw-r--   1 travis travis   3925 Sep  8 19:03 ModularCG_A1_B1.class
-rw-rw-r--   1 travis travis   9730 Sep  8 19:03 ModularCG_A1_B1.java
-rw-rw-r--   1 travis travis    832 Sep  8 19:03 ModularCG_A1_B1.mk
-rw-rw-r--   1 travis travis   1318 Sep  8 19:03 ModularCG_A1_B1_profile.class
-rw-rw-r--   1 travis travis   1262 Sep  8 19:03 ModularCG_A1_B1_profile.java
-rw-rw-r--   1 travis travis   3925 Sep  8 19:03 ModularCG_A1_B2.class
-rw-rw-r--   1 travis travis   9730 Sep  8 19:03 ModularCG_A1_B2.java
-rw-rw-r--   1 travis travis    832 Sep  8 19:03 ModularCG_A1_B2.mk
-rw-rw-r--   1 travis travis   1318 Sep  8 19:03 ModularCG_A1_B2_profile.class
-rw-rw-r--   1 travis travis   1262 Sep  8 19:03 ModularCG_A1_B2_profile.java
-rw-rw-r--   1 travis travis   5031 Sep  8 19:03 ModularCG_A1.class
-rw-rw-r--   1 travis travis  14742 Sep  8 19:03 ModularCG_A1.java
-rw-rw-r--   1 travis travis    808 Sep  8 19:03 ModularCG_A1.mk
-rw-rw-r--   1 travis travis   1433 Sep  8 19:03 ModularCG_A1_profile.class
-rw-rw-r--   1 travis travis   1704 Sep  8 19:03 ModularCG_A1_profile.java
-rw-rw-r--   1 travis travis   4059 Sep  8 19:03 ModularCG_A2_B1.class
-rw-rw-r--   1 travis travis  10667 Sep  8 19:03 ModularCG_A2_B1.java
-rw-rw-r--   1 travis travis    832 Sep  8 19:03 ModularCG_A2_B1.mk
-rw-rw-r--   1 travis travis   1381 Sep  8 19:03 ModularCG_A2_B1_profile.class
-rw-rw-r--   1 travis travis   1446 Sep  8 19:03 ModularCG_A2_B1_profile.java
-rw-rw-r--   1 travis travis   3925 Sep  8 19:03 ModularCG_A2_B2.class
-rw-rw-r--   1 travis travis   9730 Sep  8 19:03 ModularCG_A2_B2.java
-rw-rw-r--   1 travis travis    832 Sep  8 19:03 ModularCG_A2_B2.mk
-rw-rw-r--   1 travis travis   1318 Sep  8 19:03 ModularCG_A2_B2_profile.class
-rw-rw-r--   1 travis travis   1262 Sep  8 19:03 ModularCG_A2_B2_profile.java
-rw-rw-r--   1 travis travis   5102 Sep  8 19:03 ModularCG_A2.class
-rw-rw-r--   1 travis travis  15129 Sep  8 19:03 ModularCG_A2.java
-rw-rw-r--   1 travis travis    808 Sep  8 19:03 ModularCG_A2.mk
-rw-rw-r--   1 travis travis   1433 Sep  8 19:03 ModularCG_A2_profile.class
-rw-rw-r--   1 travis travis   1704 Sep  8 19:03 ModularCG_A2_profile.java
-rw-rw-r--   1 travis travis   3705 Sep  8 19:03 ModularCGPubSub_A1_A2.class
-rw-rw-r--   1 travis travis   9076 Sep  8 19:03 ModularCGPubSub_A1_A2.java
-rw-rw-r--   1 travis travis    880 Sep  8 19:03 ModularCGPubSub_A1_A2.mk
-rw-rw-r--   1 travis travis   1300 Sep  8 19:03 ModularCGPubSub_A1_A2_profile.class
-rw-rw-r--   1 travis travis   1222 Sep  8 19:03 ModularCGPubSub_A1_A2_profile.java
-rw-rw-r--   1 travis travis   4022 Sep  8 19:03 ModularCGPubSub_A1.class
-rw-rw-r--   1 travis travis   9836 Sep  8 19:03 ModularCGPubSub_A1.java
-rw-rw-r--   1 travis travis    856 Sep  8 19:03 ModularCGPubSub_A1.mk
-rw-rw-r--   1 travis travis   1346 Sep  8 19:03 ModularCGPubSub_A1_profile.class
-rw-rw-r--   1 travis travis   1388 Sep  8 19:03 ModularCGPubSub_A1_profile.java
-rw-rw-r--   1 travis travis   1328 Sep  8 19:03 ModularCodeGen_ModularCodeGenTypedCompositeActor_profile.java
-rw-rw-r--   1 travis travis   3724 Sep  8 19:02 ModularCodeGenTest_A1_A2.class
-rw-rw-r--   1 travis travis   9164 Sep  8 19:02 ModularCodeGenTest_A1_A2.java
-rw-rw-r--   1 travis travis   1306 Sep  8 19:02 ModularCodeGenTest_A1_A2_profile.class
-rw-rw-r--   1 travis travis   4055 Sep  8 19:02 ModularCodeGenTest_A1.class
-rw-rw-r--   1 travis travis   9968 Sep  8 19:02 ModularCodeGenTest_A1.java
-rw-rw-r--   1 travis travis    880 Sep  8 19:02 ModularCodeGenTest_A1.mk
-rw-rw-r--   1 travis travis   1352 Sep  8 19:02 ModularCodeGenTest_A1_profile.class
-rw-rw-r--   1 travis travis   1394 Sep  8 19:02 ModularCodeGenTest_A1_profile.java
drwxrwxr-x   3 travis travis  32768 Sep  8 19:02 modulation2
drwxrwxr-x 188 travis travis  12288 Sep  8 19:02 node_modules
drwxrwxr-x   3 travis travis  20480 Sep  8 18:58 PhaseUnwrap
drwxrwxr-x   3 travis travis  12288 Sep  8 18:59 ReadFile1
-rw-rw-r--   1 travis travis     11 Sep  8 18:58 ReadFile1Output.txt
-rw-rw-r--   1 travis travis  13773 Sep  8 19:02 Repeat.class
-rw-rw-r--   1 travis travis    685 Sep  8 19:02 Repeat$_fireFunction_Repeat_Repeat$__f_sL_11.class
-rw-rw-r--   1 travis travis    541 Sep  8 19:02 Repeat$_fireFunction_Repeat_Repeat$__f_sL_12.class
-rw-rw-r--   1 travis travis    541 Sep  8 19:02 Repeat$_fireFunction_Repeat_Repeat$__f_sL_13.class
-rw-rw-r--   1 travis travis    541 Sep  8 19:02 Repeat$_fireFunction_Repeat_Repeat$__f_sL_14.class
-rw-rw-r--   1 travis travis    684 Sep  8 19:02 Repeat$_fireFunction_Repeat_Repeat$__f_sL_1.class
-rw-rw-r--   1 travis travis    683 Sep  8 19:02 Repeat$_fireFunction_Repeat_Repeat$__f_sL_4.class
-rw-rw-r--   1 travis travis    539 Sep  8 19:02 Repeat$_fireFunction_Repeat_Repeat$__f_sL_9.class
-rw-rw-r--   1 travis travis    494 Sep  8 19:02 Repeat$_initialize_Repeat$__i_sL_2.class
-rw-rw-r--   1 travis travis   1281 Sep  8 19:02 Repeat.mk
-rw-rw-r--   1 travis travis    539 Sep  8 19:02 Repeat$_preinitializeMethod_Repeat$__p_sL_0.class
-rw-rw-r--   1 travis travis   1102 Sep  8 19:02 Repeat$_Repeat$_fireFunction_Repeat_AddSubtract_Repeat.class
-rw-rw-r--   1 travis travis    810 Sep  8 19:02 Repeat$_Repeat$_fireFunction_Repeat_AddSubtract_Repeat$__f_sL_0.class
-rw-rw-r--   1 travis travis    928 Sep  8 19:02 Repeat$_Repeat$_fireFunction_Repeat_AddSubtract_Repeat$__f_sL_1.class
-rw-rw-r--   1 travis travis    934 Sep  8 19:02 Repeat$_Repeat$_fireFunction_Repeat_AddSubtract_Repeat$__f_sL_2.class
-rw-rw-r--   1 travis travis    862 Sep  8 19:02 Repeat$_Repeat$_fireFunction_Repeat_AddSubtract_Repeat$__f_sL_3.class
-rw-rw-r--   1 travis travis    757 Sep  8 19:02 Repeat$_Repeat$_fireFunction_Repeat_Ramp2_Repeat$__f_sL_0.class
-rw-rw-r--   1 travis travis    888 Sep  8 19:02 Repeat$_Repeat$_fireFunction_Repeat_Test_Repeat$__f_sL_0.class
-rw-rw-r--   1 travis travis    634 Sep  8 19:02 Repeat$_Repeat$_fireFunction_Repeat_Test_Repeat$__f_sL_1.class
-rw-rw-r--   1 travis travis    704 Sep  8 19:02 Repeat$_Repeat_SDF_Director_run_Repeat$__R_sL_0.class
-rw-rw-r--   1 travis travis    705 Sep  8 19:02 Repeat$_Repeat_SDF_Director_run_Repeat$__R_sL_11.class
-rw-rw-r--   1 travis travis    561 Sep  8 19:02 Repeat$_Repeat_SDF_Director_run_Repeat$__R_sL_13.class
-rw-rw-r--   1 travis travis    559 Sep  8 19:02 Repeat$_Repeat_SDF_Director_run_Repeat$__R_sL_2.class
-rw-rw-r--   1 travis travis    703 Sep  8 19:02 Repeat$_Repeat_SDF_Director_run_Repeat$__R_sL_3.class
-rw-rw-r--   1 travis travis    559 Sep  8 19:02 Repeat$_Repeat_SDF_Director_run_Repeat$__R_sL_5.class
-rw-rw-r--   1 travis travis    559 Sep  8 19:02 Repeat$_Repeat_SDF_Director_run_Repeat$__R_sL_8.class
drwxrwxr-x   2 travis travis   4096 Sep  8 19:02 RepeatVariables
-rw-rw-r--   1 travis travis    882 Sep  8 19:02 Repeat$_varinit_Repeat.class
-rw-rw-r--   1 travis travis    550 Sep  8 19:02 Repeat$_varinit_Repeat$__v_sL_2.class
-rw-rw-r--   1 travis travis    924 Sep  8 19:02 Repeat$_varinit_Repeat$__v_sL_4.class
-rw-rw-r--   1 travis travis    978 Sep  8 19:02 Repeat$_wrapup_Repeat$__w_sL_1.class
drwxrwxr-x   3 travis travis  20480 Sep  8 18:59 Sinewave
drwxrwxr-x   3 travis travis  32768 Sep  8 19:00 StringFunction
drwxrwxr-x   3 travis travis  12288 Sep  8 19:00 StringLength
drwxrwxr-x   3 travis travis  61440 Sep  8 19:00 StringMatches2
drwxrwxr-x   3 travis travis  61440 Sep  8 19:01 StringSimpleReplace
drwxrwxr-x   3 travis travis  65536 Sep  8 19:01 StringSubstring
drwxrwxr-x   3 travis travis  24576 Sep  8 19:01 StringSubstring2
drwxrwxr-x   3 travis travis  16384 Sep  8 19:02 time1
drwxrwxr-x   3 travis travis  12288 Sep  8 19:02 time5
-rw-rw-r--   1 travis travis    432 Sep  8 19:03 Token.class
-rw-rw-r--   1 travis travis    251 Sep  8 19:03 Token.java
-rwxrwxr-x   1 travis travis 466992 Sep  8 18:56 top
-rw-rw-r--   1 travis travis  20502 Sep  8 18:56 top.c
-rw-rw-r--   1 travis travis   3799 Sep  8 19:02 top.class
-rw-rw-r--   1 travis travis   1257 Sep  8 19:02 top.mk
All Done
Writing ModularCodeGen_ModularCodeGenTypedCompositeActor.java in file:/home/travis/cg/ (10970 characters)
Reading "ptolemy/cg/kernel/generic/program/procedural/java/modular/makefile.in",
    writing "/home/travis/cg/ModularCodeGen_ModularCodeGenTypedCompositeActor.mk"
Using ptolemy/cg/kernel/generic/program/procedural/java/modular/makefile.in
In "/home/travis/cg", about to execute:
    make -f ModularCodeGen_ModularCodeGenTypedCompositeActor.mk
javac -classpath ".:.."    ModularCodeGen_ModularCodeGenTypedCompositeActor.java
All Done
2612 ms. Memory: 129024K Free: 64568K (50%)
----------------- Invoking toplevel() on ptolemy.moml.MoMLSimpleApplication@10c0f99d
----------------- Done invoking toplevel() on ptolemy.moml.MoMLSimpleApplication@10c0f99d
reloadAllAccessors: .ModularCodeGen

===========================================================================================
----------------- testing Wed Sep 08 19:03:26 UTC 2021 /home/travis/build/icyphy/ptII/ptolemy/cg/lib/test/auto/ModularCodeGen2.xml
----------------- Instantiating /home/travis/build/icyphy/ptII/ptolemy/cg/lib/test/auto/ModularCodeGen2.xml
In "/home/travis/cg", about to execute:
    pwd
In "/home/travis/cg", about to execute:
    ls -l
/home/travis/cg
In "/home/travis/cg", about to execute:
    javac -classpath
.:/home/travis/build/icyphy/ptII:/home/travis/build/icyphy/ptII/lib/asm-all-5.2
.jar:/home/travis/build/icyphy/ptII/lib/nashorn-core-15.3.jar:/home/travis/buil
d/icyphy/ptII/lib/bsh-2.0b4.jar:/home/travis/build/icyphy/ptII/lib/ptCal.jar:/h
ome/travis/build/icyphy/ptII/lib/java_cup.jar:/home/travis/build/icyphy/ptII/li
b/saxon8.jar:/home/travis/build/icyphy/ptII/lib/saxon8-dom.jar:/home/travis/bui
ld/icyphy/ptII/lib/chic.jar:/home/travis/build/icyphy/ptII/lib/ptcolt.jar:/home
/travis/build/icyphy/ptII/vendors/misc/itext/iText.jar:/home/travis/build/icyph
y/ptII/lib/g4ltl.jar:/home/travis/build/icyphy/ptII/lib/StructuralCoder.jar:/ho
me/travis/build/icyphy/ptII/lib/jcerti.jar:/home/travis/build/icyphy/ptII/lib/j
avax.mail.jar:/home/travis/build/icyphy/ptII/vendors/JMF-2.1.1e/lib/jmf.jar:/ho
me/travis/build/icyphy/ptII/lib/jna-4.0.0-variadic.jar:/home/travis/build/icyph
y/ptII/vendors/misc/joystick/Joystick.jar:/home/travis/build/icyphy/ptII/lib/pt
jacl.jar:/home/travis/build/icyphy/ptII/lib/jsoup-1.14.2.jar:/home/travis/build
/icyphy/ptII/lib/junit-4.8.2.jar:/home/travis/build/icyphy/ptII/lib/JUnitParams
-0.4.0.jar:/home/travis/build/icyphy/ptII/ptolemy/actor/lib/excel/jxl.jar:/home
/travis/build/icyphy/ptII/lib/jython.jar:/home/travis/build/icyphy/ptII/lib/kie
ler.jar:/home/travis/build/icyphy/ptII/vendors/opencv/share/OpenCV/java/opencv-
341.jar:/home/travis/build/icyphy/ptII/lib/oscP5.jar:/home/travis/build/icyphy/
ptII/lib/nrjavaserial-3.11.0.devel.jar:/home/travis/build/icyphy/ptII/vendors/j
3d/lib/Linux/j3dcore.jar:/home/travis/build/icyphy/ptII/vendors/j3d/lib/Linux/j
3dutils.jar:/home/travis/build/icyphy/ptII/vendors/j3d/lib/Linux/vecmath.jar:/h
ome/travis/build/icyphy/ptII/vendors/jogl/lib/Linux/gluegen-rt-natives-linux-am
d64.jar:/home/travis/build/icyphy/ptII/vendors/jogl/lib/Linux/gluegen-rt.jar:/h
ome/travis/build/icyphy/ptII/vendors/jogl/lib/Linux/jogl-all-natives-linux-amd6
4.jar:/home/travis/build/icyphy/ptII/vendors/jogl/lib/Linux/jogl-all.jar:/home/
travis/build/icyphy/ptII/ptolemy/distributed/jini/jar/jini-core.jar:/home/travi
s/build/icyphy/ptII/ptolemy/distributed/jini/jar/jini-ext.jar:/home/travis/buil
d/icyphy/ptII/ptolemy/distributed/jini/jar/sun-util.jar:/home/travis/build/icyp
hy/ptII/lib/protobuf-java-2.4.1.jar:/home/travis/build/icyphy/ptII/lib/org.ecli
pse.paho.client.mqttv3.jar:/home/travis/build/icyphy/ptII/lib/mapss.jar:/home/t
ravis/build/icyphy/ptII/ptolemy/actor/ptalon/antlr/antlr.jar:/home/travis/build
/icyphy/ptII/lib/JRI.jar:/home/travis/build/icyphy/ptII/lib/commons-lang-2.6.ja
r:/home/travis/build/icyphy/ptII/lib/commons-logging-1.1.1.jar:/home/travis/bui
ld/icyphy/ptII/lib/sootclasses.jar:/home/travis/build/icyphy/ptII/ptolemy/actor
/lib/database/mysql-connector-java-8.0.26.jar:/home/travis/build/icyphy/ptII/ve
ndors/misc/sphinx4/sphinx4-data-5prealpha.jar:/home/travis/build/icyphy/ptII/ve
ndors/misc/sphinx4/sphinx4-core-5prealpha.jar:/home/travis/build/icyphy/ptII/li
b/PDFRenderer.jar:/home/travis/build/icyphy/ptII/lib/svgSalamander.jar:/home/tr
avis/build/icyphy/ptII/lib/rsyntaxtextarea-2.6.0-SNAPSHOT.jar:/home/travis/buil
d/icyphy/ptII/lib/hazelcast-3.8.2.jar:/home/travis/build/icyphy/ptII/lib/jackso
n-annotations-2.9.0.jar:/home/travis/build/icyphy/ptII/lib/jackson-core-2.9.3.j
ar:/home/travis/build/icyphy/ptII/lib/jackson-databind-2.9.3.jar:/home/travis/b
uild/icyphy/ptII/lib/netty-buffer-4.1.19.Final.jar:/home/travis/build/icyphy/pt
II/lib/netty-codec-4.1.19.Final.jar:/home/travis/build/icyphy/ptII/lib/netty-co
dec-dns-4.1.19.Final.jar:/home/travis/build/icyphy/ptII/lib/netty-codec-http-4.
1.19.Final.jar:/home/travis/build/icyphy/ptII/lib/netty-codec-http2-4.1.19.Fina
l.jar:/home/travis/build/icyphy/ptII/lib/netty-common-4.1.19.Final.jar:/home/tr
avis/build/icyphy/ptII/lib/netty-handler-4.1.19.Final.jar:/home/travis/build/ic
yphy/ptII/lib/netty-resolver-4.1.19.Final.jar:/home/travis/build/icyphy/ptII/li
b/netty-resolver-dns-4.1.19.Final.jar:/home/travis/build/icyphy/ptII/lib/netty-
transport-4.1.19.Final.jar:/home/travis/build/icyphy/ptII/lib/vertx-codegen-3.5
.1.jar:/home/travis/build/icyphy/ptII/lib/vertx-core-3.5.2-SNAPSHOT.jar:/home/t
ravis/build/icyphy/ptII/lib/vertx-hazelcast-3.5.1.jar:/home/travis/build/icyphy
/ptII/lib/vertx-lang-js-3.5.1.jar:/home/travis/build/icyphy/ptII/lib/vertx-serv
ice-proxy-3.5.1.jar:/home/travis/build/icyphy/ptII/lib/vertx-web-3.5.1.jar:/hom
e/travis/build/icyphy/ptII/lib/slf4j-api-1.7.13.jar:/home/travis/build/icyphy/p
tII/lib/slf4j-simple-1.7.13.jar:/home/travis/build/icyphy/ptII/lib/webcam-captu
re-0.3.12.jar:/home/travis/build/icyphy/ptII/lib/bridj-0.7.0.jar:/home/travis/b
uild/icyphy/ptII/lib/xbjlib-1.1.0.nrjavaserial.jar:/home/travis/build/icyphy/pt
II/ptolemy/moml/test:/home/travis/build/icyphy/ptII/ant/lib/ant-launcher.jar:/h
ome/travis/build/icyphy/ptII/ant/lib/ant.jar:/home/travis/build/icyphy/ptII/ant
/lib/ant-junit.jar:/home/travis/build/icyphy/ptII/ant/lib/ant-junit4.jar:/home/
travis/build/icyphy/ptII
ModularCodeGen2_ModularCodeGenTypedCompositeActor_ModularCodeGenTypedCompositeA
ctor_profile.java
total 1668
drwxrwxr-x   3 travis travis  12288 Sep  8 18:57 AbsoluteValue
drwxrwxr-x   3 travis travis 102400 Sep  8 18:56 AllColt
drwxrwxr-x   3 travis travis  12288 Sep  8 18:57 Case1
-rw-rw-r--   1 travis travis   5128 Sep  8 19:02 CompiledCompositeActor_CompiledCompositeActor.class
-rw-rw-r--   1 travis travis   1611 Sep  8 19:02 CompiledCompositeActor_CompiledCompositeActor$_CompiledCompositeActor_CompiledCompositeActor.class
-rw-rw-r--   1 travis travis  13466 Sep  8 19:02 CompiledCompositeActor_CompiledCompositeActor.java
-rw-rw-r--   1 travis travis   1593 Sep  8 19:02 CompiledCompositeActor_CompiledCompositeActor.mk
drwxrwxr-x   5 travis travis   4096 Sep  8 18:56 fmi
drwxrwxr-x   3 travis travis  16384 Sep  8 18:57 Gaussian2
-rw-rw-r--   1 travis travis   4684 Sep  8 19:02 JavaCompiledCompositeTest1_CompiledCompositeActor.class
-rw-rw-r--   1 travis travis  11637 Sep  8 19:02 JavaCompiledCompositeTest1_CompiledCompositeActor.java
-rw-rw-r--   1 travis travis   1217 Sep  8 19:02 JavaCompiledCompositeTest1_CompiledCompositeActor$_JavaCompiledCompositeTest1_CompiledCompositeActor.class
-rw-rw-r--   1 travis travis   1625 Sep  8 19:02 JavaCompiledCompositeTest1_CompiledCompositeActor.mk
-rw-rw-r--   1 travis travis   5115 Sep  8 19:02 JavaCompiledCompositeTest2_CompiledCompositeActor.class
-rw-rw-r--   1 travis travis  14919 Sep  8 19:02 JavaCompiledCompositeTest2_CompiledCompositeActor.java
-rw-rw-r--   1 travis travis   1812 Sep  8 19:02 JavaCompiledCompositeTest2_CompiledCompositeActor$_JavaCompiledCompositeTest2_CompiledCompositeActor.class
-rw-rw-r--   1 travis travis   1625 Sep  8 19:02 JavaCompiledCompositeTest2_CompiledCompositeActor.mk
-rw-rw-r--   1 travis travis   4732 Sep  8 19:02 JavaCompiledCompositeTest3_CompiledCompositeActor.class
-rw-rw-r--   1 travis travis  13080 Sep  8 19:02 JavaCompiledCompositeTest3_CompiledCompositeActor.java
-rw-rw-r--   1 travis travis   1397 Sep  8 19:02 JavaCompiledCompositeTest3_CompiledCompositeActor$_JavaCompiledCompositeTest3_CompiledCompositeActor.class
-rw-rw-r--   1 travis travis   1625 Sep  8 19:02 JavaCompiledCompositeTest3_CompiledCompositeActor.mk
-rw-rw-r--   1 travis travis   4183 Sep  8 19:03 JavaCompiledCompositeTest4_CompiledCompositeActor.class
-rw-rw-r--   1 travis travis   9687 Sep  8 19:02 JavaCompiledCompositeTest4_CompiledCompositeActor.java
-rw-rw-r--   1 travis travis    876 Sep  8 19:03 JavaCompiledCompositeTest4_CompiledCompositeActor$_JavaCompiledCompositeTest4_CompiledCompositeActor.class
-rw-rw-r--   1 travis travis   1625 Sep  8 19:02 JavaCompiledCompositeTest4_CompiledCompositeActor.mk
drwxrwxr-x   3 travis travis  12288 Sep  8 18:58 LookupTable
drwxrwxr-x   3 travis travis  20480 Sep  8 18:58 MaxIndex
-rw-rw-r--   1 travis travis   3925 Sep  8 19:03 ModularCG_A1_B1.class
-rw-rw-r--   1 travis travis   9730 Sep  8 19:03 ModularCG_A1_B1.java
-rw-rw-r--   1 travis travis    832 Sep  8 19:03 ModularCG_A1_B1.mk
-rw-rw-r--   1 travis travis   1318 Sep  8 19:03 ModularCG_A1_B1_profile.class
-rw-rw-r--   1 travis travis   1262 Sep  8 19:03 ModularCG_A1_B1_profile.java
-rw-rw-r--   1 travis travis   3925 Sep  8 19:03 ModularCG_A1_B2.class
-rw-rw-r--   1 travis travis   9730 Sep  8 19:03 ModularCG_A1_B2.java
-rw-rw-r--   1 travis travis    832 Sep  8 19:03 ModularCG_A1_B2.mk
-rw-rw-r--   1 travis travis   1318 Sep  8 19:03 ModularCG_A1_B2_profile.class
-rw-rw-r--   1 travis travis   1262 Sep  8 19:03 ModularCG_A1_B2_profile.java
-rw-rw-r--   1 travis travis   5031 Sep  8 19:03 ModularCG_A1.class
-rw-rw-r--   1 travis travis  14742 Sep  8 19:03 ModularCG_A1.java
-rw-rw-r--   1 travis travis    808 Sep  8 19:03 ModularCG_A1.mk
-rw-rw-r--   1 travis travis   1433 Sep  8 19:03 ModularCG_A1_profile.class
-rw-rw-r--   1 travis travis   1704 Sep  8 19:03 ModularCG_A1_profile.java
-rw-rw-r--   1 travis travis   4059 Sep  8 19:03 ModularCG_A2_B1.class
-rw-rw-r--   1 travis travis  10667 Sep  8 19:03 ModularCG_A2_B1.java
-rw-rw-r--   1 travis travis    832 Sep  8 19:03 ModularCG_A2_B1.mk
-rw-rw-r--   1 travis travis   1381 Sep  8 19:03 ModularCG_A2_B1_profile.class
-rw-rw-r--   1 travis travis   1446 Sep  8 19:03 ModularCG_A2_B1_profile.java
-rw-rw-r--   1 travis travis   3925 Sep  8 19:03 ModularCG_A2_B2.class
-rw-rw-r--   1 travis travis   9730 Sep  8 19:03 ModularCG_A2_B2.java
-rw-rw-r--   1 travis travis    832 Sep  8 19:03 ModularCG_A2_B2.mk
-rw-rw-r--   1 travis travis   1318 Sep  8 19:03 ModularCG_A2_B2_profile.class
-rw-rw-r--   1 travis travis   1262 Sep  8 19:03 ModularCG_A2_B2_profile.java
-rw-rw-r--   1 travis travis   5102 Sep  8 19:03 ModularCG_A2.class
-rw-rw-r--   1 travis travis  15129 Sep  8 19:03 ModularCG_A2.java
-rw-rw-r--   1 travis travis    808 Sep  8 19:03 ModularCG_A2.mk
-rw-rw-r--   1 travis travis   1433 Sep  8 19:03 ModularCG_A2_profile.class
-rw-rw-r--   1 travis travis   1704 Sep  8 19:03 ModularCG_A2_profile.java
-rw-rw-r--   1 travis travis   3705 Sep  8 19:03 ModularCGPubSub_A1_A2.class
-rw-rw-r--   1 travis travis   9076 Sep  8 19:03 ModularCGPubSub_A1_A2.java
-rw-rw-r--   1 travis travis    880 Sep  8 19:03 ModularCGPubSub_A1_A2.mk
-rw-rw-r--   1 travis travis   1300 Sep  8 19:03 ModularCGPubSub_A1_A2_profile.class
-rw-rw-r--   1 travis travis   1222 Sep  8 19:03 ModularCGPubSub_A1_A2_profile.java
-rw-rw-r--   1 travis travis   4022 Sep  8 19:03 ModularCGPubSub_A1.class
-rw-rw-r--   1 travis travis   9836 Sep  8 19:03 ModularCGPubSub_A1.java
-rw-rw-r--   1 travis travis    856 Sep  8 19:03 ModularCGPubSub_A1.mk
-rw-rw-r--   1 travis travis   1346 Sep  8 19:03 ModularCGPubSub_A1_profile.class
-rw-rw-r--   1 travis travis   1388 Sep  8 19:03 ModularCGPubSub_A1_profile.java
-rw-rw-r--   1 travis travis   1294 Sep  8 19:03 ModularCodeGen2_ModularCodeGenTypedCompositeActor_ModularCodeGenTypedCompositeActor_profile.java
-rw-rw-r--   1 travis travis   4186 Sep  8 19:03 ModularCodeGen_ModularCodeGenTypedCompositeActor.class
-rw-rw-r--   1 travis travis  10970 Sep  8 19:03 ModularCodeGen_ModularCodeGenTypedCompositeActor.java
-rw-rw-r--   1 travis travis   1096 Sep  8 19:03 ModularCodeGen_ModularCodeGenTypedCompositeActor.mk
-rw-rw-r--   1 travis travis   1384 Sep  8 19:03 ModularCodeGen_ModularCodeGenTypedCompositeActor_profile.class
-rw-rw-r--   1 travis travis   1328 Sep  8 19:03 ModularCodeGen_ModularCodeGenTypedCompositeActor_profile.java
-rw-rw-r--   1 travis travis   3724 Sep  8 19:02 ModularCodeGenTest_A1_A2.class
-rw-rw-r--   1 travis travis   9164 Sep  8 19:02 ModularCodeGenTest_A1_A2.java
-rw-rw-r--   1 travis travis   1306 Sep  8 19:02 ModularCodeGenTest_A1_A2_profile.class
-rw-rw-r--   1 travis travis   4055 Sep  8 19:02 ModularCodeGenTest_A1.class
-rw-rw-r--   1 travis travis   9968 Sep  8 19:02 ModularCodeGenTest_A1.java
-rw-rw-r--   1 travis travis    880 Sep  8 19:02 ModularCodeGenTest_A1.mk
-rw-rw-r--   1 travis travis   1352 Sep  8 19:02 ModularCodeGenTest_A1_profile.class
-rw-rw-r--   1 travis travis   1394 Sep  8 19:02 ModularCodeGenTest_A1_profile.java
drwxrwxr-x   3 travis travis  32768 Sep  8 19:02 modulation2
drwxrwxr-x 188 travis travis  12288 Sep  8 19:02 node_modules
drwxrwxr-x   3 travis travis  20480 Sep  8 18:58 PhaseUnwrap
drwxrwxr-x   3 travis travis  12288 Sep  8 18:59 ReadFile1
-rw-rw-r--   1 travis travis     11 Sep  8 18:58 ReadFile1Output.txt
-rw-rw-r--   1 travis travis  13773 Sep  8 19:02 Repeat.class
-rw-rw-r--   1 travis travis    685 Sep  8 19:02 Repeat$_fireFunction_Repeat_Repeat$__f_sL_11.class
-rw-rw-r--   1 travis travis    541 Sep  8 19:02 Repeat$_fireFunction_Repeat_Repeat$__f_sL_12.class
-rw-rw-r--   1 travis travis    541 Sep  8 19:02 Repeat$_fireFunction_Repeat_Repeat$__f_sL_13.class
-rw-rw-r--   1 travis travis    541 Sep  8 19:02 Repeat$_fireFunction_Repeat_Repeat$__f_sL_14.class
-rw-rw-r--   1 travis travis    684 Sep  8 19:02 Repeat$_fireFunction_Repeat_Repeat$__f_sL_1.class
-rw-rw-r--   1 travis travis    683 Sep  8 19:02 Repeat$_fireFunction_Repeat_Repeat$__f_sL_4.class
-rw-rw-r--   1 travis travis    539 Sep  8 19:02 Repeat$_fireFunction_Repeat_Repeat$__f_sL_9.class
-rw-rw-r--   1 travis travis    494 Sep  8 19:02 Repeat$_initialize_Repeat$__i_sL_2.class
-rw-rw-r--   1 travis travis   1281 Sep  8 19:02 Repeat.mk
-rw-rw-r--   1 travis travis    539 Sep  8 19:02 Repeat$_preinitializeMethod_Repeat$__p_sL_0.class
-rw-rw-r--   1 travis travis   1102 Sep  8 19:02 Repeat$_Repeat$_fireFunction_Repeat_AddSubtract_Repeat.class
-rw-rw-r--   1 travis travis    810 Sep  8 19:02 Repeat$_Repeat$_fireFunction_Repeat_AddSubtract_Repeat$__f_sL_0.class
-rw-rw-r--   1 travis travis    928 Sep  8 19:02 Repeat$_Repeat$_fireFunction_Repeat_AddSubtract_Repeat$__f_sL_1.class
-rw-rw-r--   1 travis travis    934 Sep  8 19:02 Repeat$_Repeat$_fireFunction_Repeat_AddSubtract_Repeat$__f_sL_2.class
-rw-rw-r--   1 travis travis    862 Sep  8 19:02 Repeat$_Repeat$_fireFunction_Repeat_AddSubtract_Repeat$__f_sL_3.class
-rw-rw-r--   1 travis travis    757 Sep  8 19:02 Repeat$_Repeat$_fireFunction_Repeat_Ramp2_Repeat$__f_sL_0.class
-rw-rw-r--   1 travis travis    888 Sep  8 19:02 Repeat$_Repeat$_fireFunction_Repeat_Test_Repeat$__f_sL_0.class
-rw-rw-r--   1 travis travis    634 Sep  8 19:02 Repeat$_Repeat$_fireFunction_Repeat_Test_Repeat$__f_sL_1.class
-rw-rw-r--   1 travis travis    704 Sep  8 19:02 Repeat$_Repeat_SDF_Director_run_Repeat$__R_sL_0.class
-rw-rw-r--   1 travis travis    705 Sep  8 19:02 Repeat$_Repeat_SDF_Director_run_Repeat$__R_sL_11.class
-rw-rw-r--   1 travis travis    561 Sep  8 19:02 Repeat$_Repeat_SDF_Director_run_Repeat$__R_sL_13.class
-rw-rw-r--   1 travis travis    559 Sep  8 19:02 Repeat$_Repeat_SDF_Director_run_Repeat$__R_sL_2.class
-rw-rw-r--   1 travis travis    703 Sep  8 19:02 Repeat$_Repeat_SDF_Director_run_Repeat$__R_sL_3.class
-rw-rw-r--   1 travis travis    559 Sep  8 19:02 Repeat$_Repeat_SDF_Director_run_Repeat$__R_sL_5.class
-rw-rw-r--   1 travis travis    559 Sep  8 19:02 Repeat$_Repeat_SDF_Director_run_Repeat$__R_sL_8.class
drwxrwxr-x   2 travis travis   4096 Sep  8 19:02 RepeatVariables
-rw-rw-r--   1 travis travis    882 Sep  8 19:02 Repeat$_varinit_Repeat.class
-rw-rw-r--   1 travis travis    550 Sep  8 19:02 Repeat$_varinit_Repeat$__v_sL_2.class
-rw-rw-r--   1 travis travis    924 Sep  8 19:02 Repeat$_varinit_Repeat$__v_sL_4.class
-rw-rw-r--   1 travis travis    978 Sep  8 19:02 Repeat$_wrapup_Repeat$__w_sL_1.class
drwxrwxr-x   3 travis travis  20480 Sep  8 18:59 Sinewave
drwxrwxr-x   3 travis travis  32768 Sep  8 19:00 StringFunction
drwxrwxr-x   3 travis travis  12288 Sep  8 19:00 StringLength
drwxrwxr-x   3 travis travis  61440 Sep  8 19:00 StringMatches2
drwxrwxr-x   3 travis travis  61440 Sep  8 19:01 StringSimpleReplace
drwxrwxr-x   3 travis travis  65536 Sep  8 19:01 StringSubstring
drwxrwxr-x   3 travis travis  24576 Sep  8 19:01 StringSubstring2
drwxrwxr-x   3 travis travis  16384 Sep  8 19:02 time1
drwxrwxr-x   3 travis travis  12288 Sep  8 19:02 time5
-rw-rw-r--   1 travis travis    432 Sep  8 19:03 Token.class
-rw-rw-r--   1 travis travis    251 Sep  8 19:03 Token.java
-rwxrwxr-x   1 travis travis 466992 Sep  8 18:56 top
-rw-rw-r--   1 travis travis  20502 Sep  8 18:56 top.c
-rw-rw-r--   1 travis travis   3799 Sep  8 19:02 top.class
-rw-rw-r--   1 travis travis   1257 Sep  8 19:02 top.mk
All Done
Writing ModularCodeGen2_ModularCodeGenTypedCompositeActor_ModularCodeGenTypedCompositeActor.java in file:/home/travis/cg/ (11790 characters)
Reading "ptolemy/cg/kernel/generic/program/procedural/java/modular/makefile.in",
    writing "/home/travis/cg/ModularCodeGen2_ModularCodeGenTypedCompositeActor_ModularCodeGenTypedCompositeActor.mk"
Using ptolemy/cg/kernel/generic/program/procedural/java/modular/makefile.in
In "/home/travis/cg", about to execute:
    make -f
ModularCodeGen2_ModularCodeGenTypedCompositeActor_ModularCodeGenTypedCompositeA
ctor.mk
javac -classpath ".:.."    ModularCodeGen2_ModularCodeGenTypedCompositeActor_ModularCodeGenTypedCompositeActor.java
All Done
In "/home/travis/cg", about to execute:
    pwd
In "/home/travis/cg", about to execute:
    ls -l
/home/travis/cg
total 1700
drwxrwxr-x   3 travis travis  12288 Sep  8 18:57 AbsoluteValue
drwxrwxr-x   3 travis travis 102400 Sep  8 18:56 AllColt
drwxrwxr-x   3 travis travis  12288 Sep  8 18:57 Case1
-rw-rw-r--   1 travis travis   5128 Sep  8 19:02 CompiledCompositeActor_CompiledCompositeActor.class
-rw-rw-r--   1 travis travis   1611 Sep  8 19:02 CompiledCompositeActor_CompiledCompositeActor$_CompiledCompositeActor_CompiledCompositeActor.class
-rw-rw-r--   1 travis travis  13466 Sep  8 19:02 CompiledCompositeActor_CompiledCompositeActor.java
-rw-rw-r--   1 travis travis   1593 Sep  8 19:02 CompiledCompositeActor_CompiledCompositeActor.mk
drwxrwxr-x   5 travis travis   4096 Sep  8 18:56 fmi
drwxrwxr-x   3 travis travis  16384 Sep  8 18:57 Gaussian2
-rw-rw-r--   1 travis travis   4684 Sep  8 19:02 JavaCompiledCompositeTest1_CompiledCompositeActor.class
-rw-rw-r--   1 travis travis  11637 Sep  8 19:02 JavaCompiledCompositeTest1_CompiledCompositeActor.java
-rw-rw-r--   1 travis travis   1217 Sep  8 19:02 JavaCompiledCompositeTest1_CompiledCompositeActor$_JavaCompiledCompositeTest1_CompiledCompositeActor.class
-rw-rw-r--   1 travis travis   1625 Sep  8 19:02 JavaCompiledCompositeTest1_CompiledCompositeActor.mk
-rw-rw-r--   1 travis travis   5115 Sep  8 19:02 JavaCompiledCompositeTest2_CompiledCompositeActor.class
-rw-rw-r--   1 travis travis  14919 Sep  8 19:02 JavaCompiledCompositeTest2_CompiledCompositeActor.java
-rw-rw-r--   1 travis travis   1812 Sep  8 19:02 JavaCompiledCompositeTest2_CompiledCompositeActor$_JavaCompiledCompositeTest2_CompiledCompositeActor.class
-rw-rw-r--   1 travis travis   1625 Sep  8 19:02 JavaCompiledCompositeTest2_CompiledCompositeActor.mk
-rw-rw-r--   1 travis travis   4732 Sep  8 19:02 JavaCompiledCompositeTest3_CompiledCompositeActor.class
-rw-rw-r--   1 travis travis  13080 Sep  8 19:02 JavaCompiledCompositeTest3_CompiledCompositeActor.java
-rw-rw-r--   1 travis travis   1397 Sep  8 19:02 JavaCompiledCompositeTest3_CompiledCompositeActor$_JavaCompiledCompositeTest3_CompiledCompositeActor.class
-rw-rw-r--   1 travis travis   1625 Sep  8 19:02 JavaCompiledCompositeTest3_CompiledCompositeActor.mk
-rw-rw-r--   1 travis travis   4183 Sep  8 19:03 JavaCompiledCompositeTest4_CompiledCompositeActor.class
-rw-rw-r--   1 travis travis   9687 Sep  8 19:02 JavaCompiledCompositeTest4_CompiledCompositeActor.java
-rw-rw-r--   1 travis travis    876 Sep  8 19:03 JavaCompiledCompositeTest4_CompiledCompositeActor$_JavaCompiledCompositeTest4_CompiledCompositeActor.class
-rw-rw-r--   1 travis travis   1625 Sep  8 19:02 JavaCompiledCompositeTest4_CompiledCompositeActor.mk
drwxrwxr-x   3 travis travis  12288 Sep  8 18:58 LookupTable
drwxrwxr-x   3 travis travis  20480 Sep  8 18:58 MaxIndex
-rw-rw-r--   1 travis travis   3925 Sep  8 19:03 ModularCG_A1_B1.class
-rw-rw-r--   1 travis travis   9730 Sep  8 19:03 ModularCG_A1_B1.java
-rw-rw-r--   1 travis travis    832 Sep  8 19:03 ModularCG_A1_B1.mk
-rw-rw-r--   1 travis travis   1318 Sep  8 19:03 ModularCG_A1_B1_profile.class
-rw-rw-r--   1 travis travis   1262 Sep  8 19:03 ModularCG_A1_B1_profile.java
-rw-rw-r--   1 travis travis   3925 Sep  8 19:03 ModularCG_A1_B2.class
-rw-rw-r--   1 travis travis   9730 Sep  8 19:03 ModularCG_A1_B2.java
-rw-rw-r--   1 travis travis    832 Sep  8 19:03 ModularCG_A1_B2.mk
-rw-rw-r--   1 travis travis   1318 Sep  8 19:03 ModularCG_A1_B2_profile.class
-rw-rw-r--   1 travis travis   1262 Sep  8 19:03 ModularCG_A1_B2_profile.java
-rw-rw-r--   1 travis travis   5031 Sep  8 19:03 ModularCG_A1.class
-rw-rw-r--   1 travis travis  14742 Sep  8 19:03 ModularCG_A1.java
-rw-rw-r--   1 travis travis    808 Sep  8 19:03 ModularCG_A1.mk
-rw-rw-r--   1 travis travis   1433 Sep  8 19:03 ModularCG_A1_profile.class
-rw-rw-r--   1 travis travis   1704 Sep  8 19:03 ModularCG_A1_profile.java
-rw-rw-r--   1 travis travis   4059 Sep  8 19:03 ModularCG_A2_B1.class
-rw-rw-r--   1 travis travis  10667 Sep  8 19:03 ModularCG_A2_B1.java
-rw-rw-r--   1 travis travis    832 Sep  8 19:03 ModularCG_A2_B1.mk
-rw-rw-r--   1 travis travis   1381 Sep  8 19:03 ModularCG_A2_B1_profile.class
-rw-rw-r--   1 travis travis   1446 Sep  8 19:03 ModularCG_A2_B1_profile.java
-rw-rw-r--   1 travis travis   3925 Sep  8 19:03 ModularCG_A2_B2.class
-rw-rw-r--   1 travis travis   9730 Sep  8 19:03 ModularCG_A2_B2.java
-rw-rw-r--   1 travis travis    832 Sep  8 19:03 ModularCG_A2_B2.mk
-rw-rw-r--   1 travis travis   1318 Sep  8 19:03 ModularCG_A2_B2_profile.class
-rw-rw-r--   1 travis travis   1262 Sep  8 19:03 ModularCG_A2_B2_profile.java
-rw-rw-r--   1 travis travis   5102 Sep  8 19:03 ModularCG_A2.class
-rw-rw-r--   1 travis travis  15129 Sep  8 19:03 ModularCG_A2.java
-rw-rw-r--   1 travis travis    808 Sep  8 19:03 ModularCG_A2.mk
-rw-rw-r--   1 travis travis   1433 Sep  8 19:03 ModularCG_A2_profile.class
-rw-rw-r--   1 travis travis   1704 Sep  8 19:03 ModularCG_A2_profile.java
-rw-rw-r--   1 travis travis   3705 Sep  8 19:03 ModularCGPubSub_A1_A2.class
-rw-rw-r--   1 travis travis   9076 Sep  8 19:03 ModularCGPubSub_A1_A2.java
-rw-rw-r--   1 travis travis    880 Sep  8 19:03 ModularCGPubSub_A1_A2.mk
-rw-rw-r--   1 travis travis   1300 Sep  8 19:03 ModularCGPubSub_A1_A2_profile.class
-rw-rw-r--   1 travis travis   1222 Sep  8 19:03 ModularCGPubSub_A1_A2_profile.java
-rw-rw-r--   1 travis travis   4022 Sep  8 19:03 ModularCGPubSub_A1.class
-rw-rw-r--   1 travis travis   9836 Sep  8 19:03 ModularCGPubSub_A1.java
-rw-rw-r--   1 travis travis    856 Sep  8 19:03 ModularCGPubSub_A1.mk
-rw-rw-r--   1 travis travis   1346 Sep  8 19:03 ModularCGPubSub_A1_profile.class
-rw-rw-r--   1 travis travis   1388 Sep  8 19:03 ModularCGPubSub_A1_profile.java
-rw-rw-r--   1 travis travis   4504 Sep  8 19:03 ModularCodeGen2_ModularCodeGenTypedCompositeActor_ModularCodeGenTypedCompositeActor.class
-rw-rw-r--   1 travis travis  11790 Sep  8 19:03 ModularCodeGen2_ModularCodeGenTypedCompositeActor_ModularCodeGenTypedCompositeActor.java
-rw-rw-r--   1 travis travis   1376 Sep  8 19:03 ModularCodeGen2_ModularCodeGenTypedCompositeActor_ModularCodeGenTypedCompositeActor.mk
-rw-rw-r--   1 travis travis   1421 Sep  8 19:03 ModularCodeGen2_ModularCodeGenTypedCompositeActor_ModularCodeGenTypedCompositeActor_profile.class
-rw-rw-r--   1 travis travis   1294 Sep  8 19:03 ModularCodeGen2_ModularCodeGenTypedCompositeActor_ModularCodeGenTypedCompositeActor_profile.java
-rw-rw-r--   1 travis travis    693 Sep  8 19:03 ModularCodeGen2_ModularCodeGenTypedCompositeActor_profile.java
-rw-rw-r--   1 travis travis   4186 Sep  8 19:03 ModularCodeGen_ModularCodeGenTypedCompositeActor.class
-rw-rw-r--   1 travis travis  10970 Sep  8 19:03 ModularCodeGen_ModularCodeGenTypedCompositeActor.java
-rw-rw-r--   1 travis travis   1096 Sep  8 19:03 ModularCodeGen_ModularCodeGenTypedCompositeActor.mk
-rw-rw-r--   1 travis travis   1384 Sep  8 19:03 ModularCodeGen_ModularCodeGenTypedCompositeActor_profile.class
-rw-rw-r--   1 travis travis   1328 Sep  8 19:03 ModularCodeGen_ModularCodeGenTypedCompositeActor_profile.java
-rw-rw-r--   1 travis travis   3724 Sep  8 19:02 ModularCodeGenTest_A1_A2.class
-rw-rw-r--   1 travis travis   9164 Sep  8 19:02 ModularCodeGenTest_A1_A2.java
-rw-rw-r--   1 travis travis   1306 Sep  8 19:02 ModularCodeGenTest_A1_A2_profile.class
-rw-rw-r--   1 travis travis   4055 Sep  8 19:02 ModularCodeGenTest_A1.class
-rw-rw-r--   1 travis travis   9968 Sep  8 19:02 ModularCodeGenTest_A1.java
-rw-rw-r--   1 travis travis    880 Sep  8 19:02 ModularCodeGenTest_A1.mk
-rw-rw-r--   1 travis travis   1352 Sep  8 19:02 ModularCodeGenTest_A1_profile.class
-rw-rw-r--   1 travis travis   1394 Sep  8 19:02 ModularCodeGenTest_A1_profile.java
drwxrwxr-x   3 travis travis  32768 Sep  8 19:02 modulation2
drwxrwxr-x 188 travis travis  12288 Sep  8 19:02 node_modules
drwxrwxr-x   3 travis travis  20480 Sep  8 18:58 PhaseUnwrap
drwxrwxr-x   3 travis travis  12288 Sep  8 18:59 ReadFile1
-rw-rw-r--   1 travis travis     11 Sep  8 18:58 ReadFile1Output.txt
-rw-rw-r--   1 travis travis  13773 Sep  8 19:02 Repeat.class
-rw-rw-r--   1 travis travis    685 Sep  8 19:02 Repeat$_fireFunction_Repeat_Repeat$__f_sL_11.class
-rw-rw-r--   1 travis travis    541 Sep  8 19:02 Repeat$_fireFunction_Repeat_Repeat$__f_sL_12.class
-rw-rw-r--   1 travis travis    541 Sep  8 19:02 Repeat$_fireFunction_Repeat_Repeat$__f_sL_13.class
-rw-rw-r--   1 travis travis    541 Sep  8 19:02 Repeat$_fireFunction_Repeat_Repeat$__f_sL_14.class
-rw-rw-r--   1 travis travis    684 Sep  8 19:02 Repeat$_fireFunction_Repeat_Repeat$__f_sL_1.class
-rw-rw-r--   1 travis travis    683 Sep  8 19:02 Repeat$_fireFunction_Repeat_Repeat$__f_sL_4.class
-rw-rw-r--   1 travis travis    539 Sep  8 19:02 Repeat$_fireFunction_Repeat_Repeat$__f_sL_9.class
-rw-rw-r--   1 travis travis    494 Sep  8 19:02 Repeat$_initialize_Repeat$__i_sL_2.class
-rw-rw-r--   1 travis travis   1281 Sep  8 19:02 Repeat.mk
-rw-rw-r--   1 travis travis    539 Sep  8 19:02 Repeat$_preinitializeMethod_Repeat$__p_sL_0.class
-rw-rw-r--   1 travis travis   1102 Sep  8 19:02 Repeat$_Repeat$_fireFunction_Repeat_AddSubtract_Repeat.class
-rw-rw-r--   1 travis travis    810 Sep  8 19:02 Repeat$_Repeat$_fireFunction_Repeat_AddSubtract_Repeat$__f_sL_0.class
-rw-rw-r--   1 travis travis    928 Sep  8 19:02 Repeat$_Repeat$_fireFunction_Repeat_AddSubtract_Repeat$__f_sL_1.class
-rw-rw-r--   1 travis travis    934 Sep  8 19:02 Repeat$_Repeat$_fireFunction_Repeat_AddSubtract_Repeat$__f_sL_2.class
-rw-rw-r--   1 travis travis    862 Sep  8 19:02 Repeat$_Repeat$_fireFunction_Repeat_AddSubtract_Repeat$__f_sL_3.class
-rw-rw-r--   1 travis travis    757 Sep  8 19:02 Repeat$_Repeat$_fireFunction_Repeat_Ramp2_Repeat$__f_sL_0.class
-rw-rw-r--   1 travis travis    888 Sep  8 19:02 Repeat$_Repeat$_fireFunction_Repeat_Test_Repeat$__f_sL_0.class
-rw-rw-r--   1 travis travis    634 Sep  8 19:02 Repeat$_Repeat$_fireFunction_Repeat_Test_Repeat$__f_sL_1.class
-rw-rw-r--   1 travis travis    704 Sep  8 19:02 Repeat$_Repeat_SDF_Director_run_Repeat$__R_sL_0.class
-rw-rw-r--   1 travis travis    705 Sep  8 19:02 Repeat$_Repeat_SDF_Director_run_Repeat$__R_sL_11.class
-rw-rw-r--   1 travis travis    561 Sep  8 19:02 Repeat$_Repeat_SDF_Director_run_Repeat$__R_sL_13.class
-rw-rw-r--   1 travis travis    559 Sep  8 19:02 Repeat$_Repeat_SDF_Director_run_Repeat$__R_sL_2.class
-rw-rw-r--   1 travis travis    703 Sep  8 19:02 Repeat$_Repeat_SDF_Director_run_Repeat$__R_sL_3.class
-rw-rw-r--   1 travis travis    559 Sep  8 19:02 Repeat$_Repeat_SDF_Director_run_Repeat$__R_sL_5.class
-rw-rw-r--   1 travis travis    559 Sep  8 19:02 Repeat$_Repeat_SDF_Director_run_Repeat$__R_sL_8.class
drwxrwxr-x   2 travis travis   4096 Sep  8 19:02 RepeatVariables
-rw-rw-r--   1 travis travis    882 Sep  8 19:02 Repeat$_varinit_Repeat.class
-rw-rw-r--   1 travis travis    550 Sep  8 19:02 Repeat$_varinit_Repeat$__v_sL_2.class
-rw-rw-r--   1 travis travis    924 Sep  8 19:02 Repeat$_varinit_Repeat$__v_sL_4.class
-rw-rw-r--   1 travis travis    978 Sep  8 19:02 Repeat$_wrapup_Repeat$__w_sL_1.class
drwxrwxr-x   3 travis travis  20480 Sep  8 18:59 Sinewave
drwxrwxr-x   3 travis travis  32768 Sep  8 19:00 StringFunction
drwxrwxr-x   3 travis travis  12288 Sep  8 19:00 StringLength
drwxrwxr-x   3 travis travis  61440 Sep  8 19:00 StringMatches2
drwxrwxr-x   3 travis travis  61440 Sep  8 19:01 StringSimpleReplace
drwxrwxr-x   3 travis travis  65536 Sep  8 19:01 StringSubstring
drwxrwxr-x   3 travis travis  24576 Sep  8 19:01 StringSubstring2
drwxrwxr-x   3 travis travis  16384 Sep  8 19:02 time1
drwxrwxr-x   3 travis travis  12288 Sep  8 19:02 time5
-rw-rw-r--   1 travis travis    432 Sep  8 19:03 Token.class
-rw-rw-r--   1 travis travis    251 Sep  8 19:03 Token.java
-rwxrwxr-x   1 travis travis 466992 Sep  8 18:56 top
-rw-rw-r--   1 travis travis  20502 Sep  8 18:56 top.c
-rw-rw-r--   1 travis travis   3799 Sep  8 19:02 top.class
-rw-rw-r--   1 travis travis   1257 Sep  8 19:02 top.mk
In "/home/travis/cg", about to execute:
    javac -classpath
.:/home/travis/build/icyphy/ptII:/home/travis/build/icyphy/ptII/lib/asm-all-5.2
.jar:/home/travis/build/icyphy/ptII/lib/nashorn-core-15.3.jar:/home/travis/buil
d/icyphy/ptII/lib/bsh-2.0b4.jar:/home/travis/build/icyphy/ptII/lib/ptCal.jar:/h
ome/travis/build/icyphy/ptII/lib/java_cup.jar:/home/travis/build/icyphy/ptII/li
b/saxon8.jar:/home/travis/build/icyphy/ptII/lib/saxon8-dom.jar:/home/travis/bui
ld/icyphy/ptII/lib/chic.jar:/home/travis/build/icyphy/ptII/lib/ptcolt.jar:/home
/travis/build/icyphy/ptII/vendors/misc/itext/iText.jar:/home/travis/build/icyph
y/ptII/lib/g4ltl.jar:/home/travis/build/icyphy/ptII/lib/StructuralCoder.jar:/ho
me/travis/build/icyphy/ptII/lib/jcerti.jar:/home/travis/build/icyphy/ptII/lib/j
avax.mail.jar:/home/travis/build/icyphy/ptII/vendors/JMF-2.1.1e/lib/jmf.jar:/ho
me/travis/build/icyphy/ptII/lib/jna-4.0.0-variadic.jar:/home/travis/build/icyph
y/ptII/vendors/misc/joystick/Joystick.jar:/home/travis/build/icyphy/ptII/lib/pt
jacl.jar:/home/travis/build/icyphy/ptII/lib/jsoup-1.14.2.jar:/home/travis/build
/icyphy/ptII/lib/junit-4.8.2.jar:/home/travis/build/icyphy/ptII/lib/JUnitParams
-0.4.0.jar:/home/travis/build/icyphy/ptII/ptolemy/actor/lib/excel/jxl.jar:/home
/travis/build/icyphy/ptII/lib/jython.jar:/home/travis/build/icyphy/ptII/lib/kie
ler.jar:/home/travis/build/icyphy/ptII/vendors/opencv/share/OpenCV/java/opencv-
341.jar:/home/travis/build/icyphy/ptII/lib/oscP5.jar:/home/travis/build/icyphy/
ptII/lib/nrjavaserial-3.11.0.devel.jar:/home/travis/build/icyphy/ptII/vendors/j
3d/lib/Linux/j3dcore.jar:/home/travis/build/icyphy/ptII/vendors/j3d/lib/Linux/j
3dutils.jar:/home/travis/build/icyphy/ptII/vendors/j3d/lib/Linux/vecmath.jar:/h
ome/travis/build/icyphy/ptII/vendors/jogl/lib/Linux/gluegen-rt-natives-linux-am
d64.jar:/home/travis/build/icyphy/ptII/vendors/jogl/lib/Linux/gluegen-rt.jar:/h
ome/travis/build/icyphy/ptII/vendors/jogl/lib/Linux/jogl-all-natives-linux-amd6
4.jar:/home/travis/build/icyphy/ptII/vendors/jogl/lib/Linux/jogl-all.jar:/home/
travis/build/icyphy/ptII/ptolemy/distributed/jini/jar/jini-core.jar:/home/travi
s/build/icyphy/ptII/ptolemy/distributed/jini/jar/jini-ext.jar:/home/travis/buil
d/icyphy/ptII/ptolemy/distributed/jini/jar/sun-util.jar:/home/travis/build/icyp
hy/ptII/lib/protobuf-java-2.4.1.jar:/home/travis/build/icyphy/ptII/lib/org.ecli
pse.paho.client.mqttv3.jar:/home/travis/build/icyphy/ptII/lib/mapss.jar:/home/t
ravis/build/icyphy/ptII/ptolemy/actor/ptalon/antlr/antlr.jar:/home/travis/build
/icyphy/ptII/lib/JRI.jar:/home/travis/build/icyphy/ptII/lib/commons-lang-2.6.ja
r:/home/travis/build/icyphy/ptII/lib/commons-logging-1.1.1.jar:/home/travis/bui
ld/icyphy/ptII/lib/sootclasses.jar:/home/travis/build/icyphy/ptII/ptolemy/actor
/lib/database/mysql-connector-java-8.0.26.jar:/home/travis/build/icyphy/ptII/ve
ndors/misc/sphinx4/sphinx4-data-5prealpha.jar:/home/travis/build/icyphy/ptII/ve
ndors/misc/sphinx4/sphinx4-core-5prealpha.jar:/home/travis/build/icyphy/ptII/li
b/PDFRenderer.jar:/home/travis/build/icyphy/ptII/lib/svgSalamander.jar:/home/tr
avis/build/icyphy/ptII/lib/rsyntaxtextarea-2.6.0-SNAPSHOT.jar:/home/travis/buil
d/icyphy/ptII/lib/hazelcast-3.8.2.jar:/home/travis/build/icyphy/ptII/lib/jackso
n-annotations-2.9.0.jar:/home/travis/build/icyphy/ptII/lib/jackson-core-2.9.3.j
ar:/home/travis/build/icyphy/ptII/lib/jackson-databind-2.9.3.jar:/home/travis/b
uild/icyphy/ptII/lib/netty-buffer-4.1.19.Final.jar:/home/travis/build/icyphy/pt
II/lib/netty-codec-4.1.19.Final.jar:/home/travis/build/icyphy/ptII/lib/netty-co
dec-dns-4.1.19.Final.jar:/home/travis/build/icyphy/ptII/lib/netty-codec-http-4.
1.19.Final.jar:/home/travis/build/icyphy/ptII/lib/netty-codec-http2-4.1.19.Fina
l.jar:/home/travis/build/icyphy/ptII/lib/netty-common-4.1.19.Final.jar:/home/tr
avis/build/icyphy/ptII/lib/netty-handler-4.1.19.Final.jar:/home/travis/build/ic
yphy/ptII/lib/netty-resolver-4.1.19.Final.jar:/home/travis/build/icyphy/ptII/li
b/netty-resolver-dns-4.1.19.Final.jar:/home/travis/build/icyphy/ptII/lib/netty-
transport-4.1.19.Final.jar:/home/travis/build/icyphy/ptII/lib/vertx-codegen-3.5
.1.jar:/home/travis/build/icyphy/ptII/lib/vertx-core-3.5.2-SNAPSHOT.jar:/home/t
ravis/build/icyphy/ptII/lib/vertx-hazelcast-3.5.1.jar:/home/travis/build/icyphy
/ptII/lib/vertx-lang-js-3.5.1.jar:/home/travis/build/icyphy/ptII/lib/vertx-serv
ice-proxy-3.5.1.jar:/home/travis/build/icyphy/ptII/lib/vertx-web-3.5.1.jar:/hom
e/travis/build/icyphy/ptII/lib/slf4j-api-1.7.13.jar:/home/travis/build/icyphy/p
tII/lib/slf4j-simple-1.7.13.jar:/home/travis/build/icyphy/ptII/lib/webcam-captu
re-0.3.12.jar:/home/travis/build/icyphy/ptII/lib/bridj-0.7.0.jar:/home/travis/b
uild/icyphy/ptII/lib/xbjlib-1.1.0.nrjavaserial.jar:/home/travis/build/icyphy/pt
II/ptolemy/moml/test:/home/travis/build/icyphy/ptII/ant/lib/ant-launcher.jar:/h
ome/travis/build/icyphy/ptII/ant/lib/ant.jar:/home/travis/build/icyphy/ptII/ant
/lib/ant-junit.jar:/home/travis/build/icyphy/ptII/ant/lib/ant-junit4.jar:/home/
travis/build/icyphy/ptII
ModularCodeGen2_ModularCodeGenTypedCompositeActor_profile.java
All Done
Writing ModularCodeGen2_ModularCodeGenTypedCompositeActor.java in file:/home/travis/cg/ (11690 characters)
Reading "ptolemy/cg/kernel/generic/program/procedural/java/modular/makefile.in",
    writing "/home/travis/cg/ModularCodeGen2_ModularCodeGenTypedCompositeActor.mk"
Using ptolemy/cg/kernel/generic/program/procedural/java/modular/makefile.in
In "/home/travis/cg", about to execute:
    make -f ModularCodeGen2_ModularCodeGenTypedCompositeActor.mk
javac -classpath ".:.."    ModularCodeGen2_ModularCodeGenTypedCompositeActor.java
All Done
5088 ms. Memory: 129024K Free: 89538K (69%)
----------------- Invoking toplevel() on ptolemy.moml.MoMLSimpleApplication@355d2f6c
----------------- Done invoking toplevel() on ptolemy.moml.MoMLSimpleApplication@355d2f6c
reloadAllAccessors: .ModularCodeGen2

===========================================================================================
----------------- testing Wed Sep 08 19:03:31 UTC 2021 /home/travis/build/icyphy/ptII/ptolemy/cg/lib/test/auto/ModularCodeGen3.xml
----------------- Instantiating /home/travis/build/icyphy/ptII/ptolemy/cg/lib/test/auto/ModularCodeGen3.xml
In "/home/travis/cg", about to execute:
    pwd
In "/home/travis/cg", about to execute:
    ls -l
/home/travis/cg
In "/home/travis/cg", about to execute:
    javac -classpath
.:/home/travis/build/icyphy/ptII:/home/travis/build/icyphy/ptII/lib/asm-all-5.2
.jar:/home/travis/build/icyphy/ptII/lib/nashorn-core-15.3.jar:/home/travis/buil
d/icyphy/ptII/lib/bsh-2.0b4.jar:/home/travis/build/icyphy/ptII/lib/ptCal.jar:/h
ome/travis/build/icyphy/ptII/lib/java_cup.jar:/home/travis/build/icyphy/ptII/li
b/saxon8.jar:/home/travis/build/icyphy/ptII/lib/saxon8-dom.jar:/home/travis/bui
ld/icyphy/ptII/lib/chic.jar:/home/travis/build/icyphy/ptII/lib/ptcolt.jar:/home
/travis/build/icyphy/ptII/vendors/misc/itext/iText.jar:/home/travis/build/icyph
y/ptII/lib/g4ltl.jar:/home/travis/build/icyphy/ptII/lib/StructuralCoder.jar:/ho
me/travis/build/icyphy/ptII/lib/jcerti.jar:/home/travis/build/icyphy/ptII/lib/j
avax.mail.jar:/home/travis/build/icyphy/ptII/vendors/JMF-2.1.1e/lib/jmf.jar:/ho
me/travis/build/icyphy/ptII/lib/jna-4.0.0-variadic.jar:/home/travis/build/icyph
y/ptII/vendors/misc/joystick/Joystick.jar:/home/travis/build/icyphy/ptII/lib/pt
jacl.jar:/home/travis/build/icyphy/ptII/lib/jsoup-1.14.2.jar:/home/travis/build
/icyphy/ptII/lib/junit-4.8.2.jar:/home/travis/build/icyphy/ptII/lib/JUnitParams
-0.4.0.jar:/home/travis/build/icyphy/ptII/ptolemy/actor/lib/excel/jxl.jar:/home
/travis/build/icyphy/ptII/lib/jython.jar:/home/travis/build/icyphy/ptII/lib/kie
ler.jar:/home/travis/build/icyphy/ptII/vendors/opencv/share/OpenCV/java/opencv-
341.jar:/home/travis/build/icyphy/ptII/lib/oscP5.jar:/home/travis/build/icyphy/
ptII/lib/nrjavaserial-3.11.0.devel.jar:/home/travis/build/icyphy/ptII/vendors/j
3d/lib/Linux/j3dcore.jar:/home/travis/build/icyphy/ptII/vendors/j3d/lib/Linux/j
3dutils.jar:/home/travis/build/icyphy/ptII/vendors/j3d/lib/Linux/vecmath.jar:/h
ome/travis/build/icyphy/ptII/vendors/jogl/lib/Linux/gluegen-rt-natives-linux-am
d64.jar:/home/travis/build/icyphy/ptII/vendors/jogl/lib/Linux/gluegen-rt.jar:/h
ome/travis/build/icyphy/ptII/vendors/jogl/lib/Linux/jogl-all-natives-linux-amd6
4.jar:/home/travis/build/icyphy/ptII/vendors/jogl/lib/Linux/jogl-all.jar:/home/
travis/build/icyphy/ptII/ptolemy/distributed/jini/jar/jini-core.jar:/home/travi
s/build/icyphy/ptII/ptolemy/distributed/jini/jar/jini-ext.jar:/home/travis/buil
d/icyphy/ptII/ptolemy/distributed/jini/jar/sun-util.jar:/home/travis/build/icyp
hy/ptII/lib/protobuf-java-2.4.1.jar:/home/travis/build/icyphy/ptII/lib/org.ecli
pse.paho.client.mqttv3.jar:/home/travis/build/icyphy/ptII/lib/mapss.jar:/home/t
ravis/build/icyphy/ptII/ptolemy/actor/ptalon/antlr/antlr.jar:/home/travis/build
/icyphy/ptII/lib/JRI.jar:/home/travis/build/icyphy/ptII/lib/commons-lang-2.6.ja
r:/home/travis/build/icyphy/ptII/lib/commons-logging-1.1.1.jar:/home/travis/bui
ld/icyphy/ptII/lib/sootclasses.jar:/home/travis/build/icyphy/ptII/ptolemy/actor
/lib/database/mysql-connector-java-8.0.26.jar:/home/travis/build/icyphy/ptII/ve
ndors/misc/sphinx4/sphinx4-data-5prealpha.jar:/home/travis/build/icyphy/ptII/ve
ndors/misc/sphinx4/sphinx4-core-5prealpha.jar:/home/travis/build/icyphy/ptII/li
b/PDFRenderer.jar:/home/travis/build/icyphy/ptII/lib/svgSalamander.jar:/home/tr
avis/build/icyphy/ptII/lib/rsyntaxtextarea-2.6.0-SNAPSHOT.jar:/home/travis/buil
d/icyphy/ptII/lib/hazelcast-3.8.2.jar:/home/travis/build/icyphy/ptII/lib/jackso
n-annotations-2.9.0.jar:/home/travis/build/icyphy/ptII/lib/jackson-core-2.9.3.j
ar:/home/travis/build/icyphy/ptII/lib/jackson-databind-2.9.3.jar:/home/travis/b
uild/icyphy/ptII/lib/netty-buffer-4.1.19.Final.jar:/home/travis/build/icyphy/pt
II/lib/netty-codec-4.1.19.Final.jar:/home/travis/build/icyphy/ptII/lib/netty-co
dec-dns-4.1.19.Final.jar:/home/travis/build/icyphy/ptII/lib/netty-codec-http-4.
1.19.Final.jar:/home/travis/build/icyphy/ptII/lib/netty-codec-http2-4.1.19.Fina
l.jar:/home/travis/build/icyphy/ptII/lib/netty-common-4.1.19.Final.jar:/home/tr
avis/build/icyphy/ptII/lib/netty-handler-4.1.19.Final.jar:/home/travis/build/ic
yphy/ptII/lib/netty-resolver-4.1.19.Final.jar:/home/travis/build/icyphy/ptII/li
b/netty-resolver-dns-4.1.19.Final.jar:/home/travis/build/icyphy/ptII/lib/netty-
transport-4.1.19.Final.jar:/home/travis/build/icyphy/ptII/lib/vertx-codegen-3.5
.1.jar:/home/travis/build/icyphy/ptII/lib/vertx-core-3.5.2-SNAPSHOT.jar:/home/t
ravis/build/icyphy/ptII/lib/vertx-hazelcast-3.5.1.jar:/home/travis/build/icyphy
/ptII/lib/vertx-lang-js-3.5.1.jar:/home/travis/build/icyphy/ptII/lib/vertx-serv
ice-proxy-3.5.1.jar:/home/travis/build/icyphy/ptII/lib/vertx-web-3.5.1.jar:/hom
e/travis/build/icyphy/ptII/lib/slf4j-api-1.7.13.jar:/home/travis/build/icyphy/p
tII/lib/slf4j-simple-1.7.13.jar:/home/travis/build/icyphy/ptII/lib/webcam-captu
re-0.3.12.jar:/home/travis/build/icyphy/ptII/lib/bridj-0.7.0.jar:/home/travis/b
uild/icyphy/ptII/lib/xbjlib-1.1.0.nrjavaserial.jar:/home/travis/build/icyphy/pt
II/ptolemy/moml/test:/home/travis/build/icyphy/ptII/ant/lib/ant-launcher.jar:/h
ome/travis/build/icyphy/ptII/ant/lib/ant.jar:/home/travis/build/icyphy/ptII/ant
/lib/ant-junit.jar:/home/travis/build/icyphy/ptII/ant/lib/ant-junit4.jar:/home/
travis/build/icyphy/ptII ModularCodeGen3_A1_B1_profile.java
total 1732
drwxrwxr-x   3 travis travis  12288 Sep  8 18:57 AbsoluteValue
drwxrwxr-x   3 travis travis 102400 Sep  8 18:56 AllColt
drwxrwxr-x   3 travis travis  12288 Sep  8 18:57 Case1
-rw-rw-r--   1 travis travis   5128 Sep  8 19:02 CompiledCompositeActor_CompiledCompositeActor.class
-rw-rw-r--   1 travis travis   1611 Sep  8 19:02 CompiledCompositeActor_CompiledCompositeActor$_CompiledCompositeActor_CompiledCompositeActor.class
-rw-rw-r--   1 travis travis  13466 Sep  8 19:02 CompiledCompositeActor_CompiledCompositeActor.java
-rw-rw-r--   1 travis travis   1593 Sep  8 19:02 CompiledCompositeActor_CompiledCompositeActor.mk
drwxrwxr-x   5 travis travis   4096 Sep  8 18:56 fmi
drwxrwxr-x   3 travis travis  16384 Sep  8 18:57 Gaussian2
-rw-rw-r--   1 travis travis   4684 Sep  8 19:02 JavaCompiledCompositeTest1_CompiledCompositeActor.class
-rw-rw-r--   1 travis travis  11637 Sep  8 19:02 JavaCompiledCompositeTest1_CompiledCompositeActor.java
-rw-rw-r--   1 travis travis   1217 Sep  8 19:02 JavaCompiledCompositeTest1_CompiledCompositeActor$_JavaCompiledCompositeTest1_CompiledCompositeActor.class
-rw-rw-r--   1 travis travis   1625 Sep  8 19:02 JavaCompiledCompositeTest1_CompiledCompositeActor.mk
-rw-rw-r--   1 travis travis   5115 Sep  8 19:02 JavaCompiledCompositeTest2_CompiledCompositeActor.class
-rw-rw-r--   1 travis travis  14919 Sep  8 19:02 JavaCompiledCompositeTest2_CompiledCompositeActor.java
-rw-rw-r--   1 travis travis   1812 Sep  8 19:02 JavaCompiledCompositeTest2_CompiledCompositeActor$_JavaCompiledCompositeTest2_CompiledCompositeActor.class
-rw-rw-r--   1 travis travis   1625 Sep  8 19:02 JavaCompiledCompositeTest2_CompiledCompositeActor.mk
-rw-rw-r--   1 travis travis   4732 Sep  8 19:02 JavaCompiledCompositeTest3_CompiledCompositeActor.class
-rw-rw-r--   1 travis travis  13080 Sep  8 19:02 JavaCompiledCompositeTest3_CompiledCompositeActor.java
-rw-rw-r--   1 travis travis   1397 Sep  8 19:02 JavaCompiledCompositeTest3_CompiledCompositeActor$_JavaCompiledCompositeTest3_CompiledCompositeActor.class
-rw-rw-r--   1 travis travis   1625 Sep  8 19:02 JavaCompiledCompositeTest3_CompiledCompositeActor.mk
-rw-rw-r--   1 travis travis   4183 Sep  8 19:03 JavaCompiledCompositeTest4_CompiledCompositeActor.class
-rw-rw-r--   1 travis travis   9687 Sep  8 19:02 JavaCompiledCompositeTest4_CompiledCompositeActor.java
-rw-rw-r--   1 travis travis    876 Sep  8 19:03 JavaCompiledCompositeTest4_CompiledCompositeActor$_JavaCompiledCompositeTest4_CompiledCompositeActor.class
-rw-rw-r--   1 travis travis   1625 Sep  8 19:02 JavaCompiledCompositeTest4_CompiledCompositeActor.mk
drwxrwxr-x   3 travis travis  12288 Sep  8 18:58 LookupTable
drwxrwxr-x   3 travis travis  20480 Sep  8 18:58 MaxIndex
-rw-rw-r--   1 travis travis   3925 Sep  8 19:03 ModularCG_A1_B1.class
-rw-rw-r--   1 travis travis   9730 Sep  8 19:03 ModularCG_A1_B1.java
-rw-rw-r--   1 travis travis    832 Sep  8 19:03 ModularCG_A1_B1.mk
-rw-rw-r--   1 travis travis   1318 Sep  8 19:03 ModularCG_A1_B1_profile.class
-rw-rw-r--   1 travis travis   1262 Sep  8 19:03 ModularCG_A1_B1_profile.java
-rw-rw-r--   1 travis travis   3925 Sep  8 19:03 ModularCG_A1_B2.class
-rw-rw-r--   1 travis travis   9730 Sep  8 19:03 ModularCG_A1_B2.java
-rw-rw-r--   1 travis travis    832 Sep  8 19:03 ModularCG_A1_B2.mk
-rw-rw-r--   1 travis travis   1318 Sep  8 19:03 ModularCG_A1_B2_profile.class
-rw-rw-r--   1 travis travis   1262 Sep  8 19:03 ModularCG_A1_B2_profile.java
-rw-rw-r--   1 travis travis   5031 Sep  8 19:03 ModularCG_A1.class
-rw-rw-r--   1 travis travis  14742 Sep  8 19:03 ModularCG_A1.java
-rw-rw-r--   1 travis travis    808 Sep  8 19:03 ModularCG_A1.mk
-rw-rw-r--   1 travis travis   1433 Sep  8 19:03 ModularCG_A1_profile.class
-rw-rw-r--   1 travis travis   1704 Sep  8 19:03 ModularCG_A1_profile.java
-rw-rw-r--   1 travis travis   4059 Sep  8 19:03 ModularCG_A2_B1.class
-rw-rw-r--   1 travis travis  10667 Sep  8 19:03 ModularCG_A2_B1.java
-rw-rw-r--   1 travis travis    832 Sep  8 19:03 ModularCG_A2_B1.mk
-rw-rw-r--   1 travis travis   1381 Sep  8 19:03 ModularCG_A2_B1_profile.class
-rw-rw-r--   1 travis travis   1446 Sep  8 19:03 ModularCG_A2_B1_profile.java
-rw-rw-r--   1 travis travis   3925 Sep  8 19:03 ModularCG_A2_B2.class
-rw-rw-r--   1 travis travis   9730 Sep  8 19:03 ModularCG_A2_B2.java
-rw-rw-r--   1 travis travis    832 Sep  8 19:03 ModularCG_A2_B2.mk
-rw-rw-r--   1 travis travis   1318 Sep  8 19:03 ModularCG_A2_B2_profile.class
-rw-rw-r--   1 travis travis   1262 Sep  8 19:03 ModularCG_A2_B2_profile.java
-rw-rw-r--   1 travis travis   5102 Sep  8 19:03 ModularCG_A2.class
-rw-rw-r--   1 travis travis  15129 Sep  8 19:03 ModularCG_A2.java
-rw-rw-r--   1 travis travis    808 Sep  8 19:03 ModularCG_A2.mk
-rw-rw-r--   1 travis travis   1433 Sep  8 19:03 ModularCG_A2_profile.class
-rw-rw-r--   1 travis travis   1704 Sep  8 19:03 ModularCG_A2_profile.java
-rw-rw-r--   1 travis travis   3705 Sep  8 19:03 ModularCGPubSub_A1_A2.class
-rw-rw-r--   1 travis travis   9076 Sep  8 19:03 ModularCGPubSub_A1_A2.java
-rw-rw-r--   1 travis travis    880 Sep  8 19:03 ModularCGPubSub_A1_A2.mk
-rw-rw-r--   1 travis travis   1300 Sep  8 19:03 ModularCGPubSub_A1_A2_profile.class
-rw-rw-r--   1 travis travis   1222 Sep  8 19:03 ModularCGPubSub_A1_A2_profile.java
-rw-rw-r--   1 travis travis   4022 Sep  8 19:03 ModularCGPubSub_A1.class
-rw-rw-r--   1 travis travis   9836 Sep  8 19:03 ModularCGPubSub_A1.java
-rw-rw-r--   1 travis travis    856 Sep  8 19:03 ModularCGPubSub_A1.mk
-rw-rw-r--   1 travis travis   1346 Sep  8 19:03 ModularCGPubSub_A1_profile.class
-rw-rw-r--   1 travis travis   1388 Sep  8 19:03 ModularCGPubSub_A1_profile.java
-rw-rw-r--   1 travis travis   4220 Sep  8 19:03 ModularCodeGen2_ModularCodeGenTypedCompositeActor.class
-rw-rw-r--   1 travis travis  11690 Sep  8 19:03 ModularCodeGen2_ModularCodeGenTypedCompositeActor.java
-rw-rw-r--   1 travis travis   1104 Sep  8 19:03 ModularCodeGen2_ModularCodeGenTypedCompositeActor.mk
-rw-rw-r--   1 travis travis   4504 Sep  8 19:03 ModularCodeGen2_ModularCodeGenTypedCompositeActor_ModularCodeGenTypedCompositeActor.class
-rw-rw-r--   1 travis travis  11790 Sep  8 19:03 ModularCodeGen2_ModularCodeGenTypedCompositeActor_ModularCodeGenTypedCompositeActor.java
-rw-rw-r--   1 travis travis   1376 Sep  8 19:03 ModularCodeGen2_ModularCodeGenTypedCompositeActor_ModularCodeGenTypedCompositeActor.mk
-rw-rw-r--   1 travis travis   1421 Sep  8 19:03 ModularCodeGen2_ModularCodeGenTypedCompositeActor_ModularCodeGenTypedCompositeActor_profile.class
-rw-rw-r--   1 travis travis   1294 Sep  8 19:03 ModularCodeGen2_ModularCodeGenTypedCompositeActor_ModularCodeGenTypedCompositeActor_profile.java
-rw-rw-r--   1 travis travis    820 Sep  8 19:03 ModularCodeGen2_ModularCodeGenTypedCompositeActor_profile.class
-rw-rw-r--   1 travis travis    693 Sep  8 19:03 ModularCodeGen2_ModularCodeGenTypedCompositeActor_profile.java
-rw-rw-r--   1 travis travis   1274 Sep  8 19:03 ModularCodeGen3_A1_B1_profile.java
-rw-rw-r--   1 travis travis   4186 Sep  8 19:03 ModularCodeGen_ModularCodeGenTypedCompositeActor.class
-rw-rw-r--   1 travis travis  10970 Sep  8 19:03 ModularCodeGen_ModularCodeGenTypedCompositeActor.java
-rw-rw-r--   1 travis travis   1096 Sep  8 19:03 ModularCodeGen_ModularCodeGenTypedCompositeActor.mk
-rw-rw-r--   1 travis travis   1384 Sep  8 19:03 ModularCodeGen_ModularCodeGenTypedCompositeActor_profile.class
-rw-rw-r--   1 travis travis   1328 Sep  8 19:03 ModularCodeGen_ModularCodeGenTypedCompositeActor_profile.java
-rw-rw-r--   1 travis travis   3724 Sep  8 19:02 ModularCodeGenTest_A1_A2.class
-rw-rw-r--   1 travis travis   9164 Sep  8 19:02 ModularCodeGenTest_A1_A2.java
-rw-rw-r--   1 travis travis   1306 Sep  8 19:02 ModularCodeGenTest_A1_A2_profile.class
-rw-rw-r--   1 travis travis   4055 Sep  8 19:02 ModularCodeGenTest_A1.class
-rw-rw-r--   1 travis travis   9968 Sep  8 19:02 ModularCodeGenTest_A1.java
-rw-rw-r--   1 travis travis    880 Sep  8 19:02 ModularCodeGenTest_A1.mk
-rw-rw-r--   1 travis travis   1352 Sep  8 19:02 ModularCodeGenTest_A1_profile.class
-rw-rw-r--   1 travis travis   1394 Sep  8 19:02 ModularCodeGenTest_A1_profile.java
drwxrwxr-x   3 travis travis  32768 Sep  8 19:02 modulation2
drwxrwxr-x 188 travis travis  12288 Sep  8 19:02 node_modules
drwxrwxr-x   3 travis travis  20480 Sep  8 18:58 PhaseUnwrap
drwxrwxr-x   3 travis travis  12288 Sep  8 18:59 ReadFile1
-rw-rw-r--   1 travis travis     11 Sep  8 18:58 ReadFile1Output.txt
-rw-rw-r--   1 travis travis  13773 Sep  8 19:02 Repeat.class
-rw-rw-r--   1 travis travis    685 Sep  8 19:02 Repeat$_fireFunction_Repeat_Repeat$__f_sL_11.class
-rw-rw-r--   1 travis travis    541 Sep  8 19:02 Repeat$_fireFunction_Repeat_Repeat$__f_sL_12.class
-rw-rw-r--   1 travis travis    541 Sep  8 19:02 Repeat$_fireFunction_Repeat_Repeat$__f_sL_13.class
-rw-rw-r--   1 travis travis    541 Sep  8 19:02 Repeat$_fireFunction_Repeat_Repeat$__f_sL_14.class
-rw-rw-r--   1 travis travis    684 Sep  8 19:02 Repeat$_fireFunction_Repeat_Repeat$__f_sL_1.class
-rw-rw-r--   1 travis travis    683 Sep  8 19:02 Repeat$_fireFunction_Repeat_Repeat$__f_sL_4.class
-rw-rw-r--   1 travis travis    539 Sep  8 19:02 Repeat$_fireFunction_Repeat_Repeat$__f_sL_9.class
-rw-rw-r--   1 travis travis    494 Sep  8 19:02 Repeat$_initialize_Repeat$__i_sL_2.class
-rw-rw-r--   1 travis travis   1281 Sep  8 19:02 Repeat.mk
-rw-rw-r--   1 travis travis    539 Sep  8 19:02 Repeat$_preinitializeMethod_Repeat$__p_sL_0.class
-rw-rw-r--   1 travis travis   1102 Sep  8 19:02 Repeat$_Repeat$_fireFunction_Repeat_AddSubtract_Repeat.class
-rw-rw-r--   1 travis travis    810 Sep  8 19:02 Repeat$_Repeat$_fireFunction_Repeat_AddSubtract_Repeat$__f_sL_0.class
-rw-rw-r--   1 travis travis    928 Sep  8 19:02 Repeat$_Repeat$_fireFunction_Repeat_AddSubtract_Repeat$__f_sL_1.class
-rw-rw-r--   1 travis travis    934 Sep  8 19:02 Repeat$_Repeat$_fireFunction_Repeat_AddSubtract_Repeat$__f_sL_2.class
-rw-rw-r--   1 travis travis    862 Sep  8 19:02 Repeat$_Repeat$_fireFunction_Repeat_AddSubtract_Repeat$__f_sL_3.class
-rw-rw-r--   1 travis travis    757 Sep  8 19:02 Repeat$_Repeat$_fireFunction_Repeat_Ramp2_Repeat$__f_sL_0.class
-rw-rw-r--   1 travis travis    888 Sep  8 19:02 Repeat$_Repeat$_fireFunction_Repeat_Test_Repeat$__f_sL_0.class
-rw-rw-r--   1 travis travis    634 Sep  8 19:02 Repeat$_Repeat$_fireFunction_Repeat_Test_Repeat$__f_sL_1.class
-rw-rw-r--   1 travis travis    704 Sep  8 19:02 Repeat$_Repeat_SDF_Director_run_Repeat$__R_sL_0.class
-rw-rw-r--   1 travis travis    705 Sep  8 19:02 Repeat$_Repeat_SDF_Director_run_Repeat$__R_sL_11.class
-rw-rw-r--   1 travis travis    561 Sep  8 19:02 Repeat$_Repeat_SDF_Director_run_Repeat$__R_sL_13.class
-rw-rw-r--   1 travis travis    559 Sep  8 19:02 Repeat$_Repeat_SDF_Director_run_Repeat$__R_sL_2.class
-rw-rw-r--   1 travis travis    703 Sep  8 19:02 Repeat$_Repeat_SDF_Director_run_Repeat$__R_sL_3.class
-rw-rw-r--   1 travis travis    559 Sep  8 19:02 Repeat$_Repeat_SDF_Director_run_Repeat$__R_sL_5.class
-rw-rw-r--   1 travis travis    559 Sep  8 19:02 Repeat$_Repeat_SDF_Director_run_Repeat$__R_sL_8.class
drwxrwxr-x   2 travis travis   4096 Sep  8 19:02 RepeatVariables
-rw-rw-r--   1 travis travis    882 Sep  8 19:02 Repeat$_varinit_Repeat.class
-rw-rw-r--   1 travis travis    550 Sep  8 19:02 Repeat$_varinit_Repeat$__v_sL_2.class
-rw-rw-r--   1 travis travis    924 Sep  8 19:02 Repeat$_varinit_Repeat$__v_sL_4.class
-rw-rw-r--   1 travis travis    978 Sep  8 19:02 Repeat$_wrapup_Repeat$__w_sL_1.class
drwxrwxr-x   3 travis travis  20480 Sep  8 18:59 Sinewave
drwxrwxr-x   3 travis travis  32768 Sep  8 19:00 StringFunction
drwxrwxr-x   3 travis travis  12288 Sep  8 19:00 StringLength
drwxrwxr-x   3 travis travis  61440 Sep  8 19:00 StringMatches2
drwxrwxr-x   3 travis travis  61440 Sep  8 19:01 StringSimpleReplace
drwxrwxr-x   3 travis travis  65536 Sep  8 19:01 StringSubstring
drwxrwxr-x   3 travis travis  24576 Sep  8 19:01 StringSubstring2
drwxrwxr-x   3 travis travis  16384 Sep  8 19:02 time1
drwxrwxr-x   3 travis travis  12288 Sep  8 19:02 time5
-rw-rw-r--   1 travis travis    432 Sep  8 19:03 Token.class
-rw-rw-r--   1 travis travis    251 Sep  8 19:03 Token.java
-rwxrwxr-x   1 travis travis 466992 Sep  8 18:56 top
-rw-rw-r--   1 travis travis  20502 Sep  8 18:56 top.c
-rw-rw-r--   1 travis travis   3799 Sep  8 19:02 top.class
-rw-rw-r--   1 travis travis   1257 Sep  8 19:02 top.mk
All Done
Writing ModularCodeGen3_A1_B1.java in file:/home/travis/cg/ (9958 characters)
Reading "ptolemy/cg/kernel/generic/program/procedural/java/modular/makefile.in",
    writing "/home/travis/cg/ModularCodeGen3_A1_B1.mk"
Using ptolemy/cg/kernel/generic/program/procedural/java/modular/makefile.in
In "/home/travis/cg", about to execute:
    make -f ModularCodeGen3_A1_B1.mk
javac -classpath ".:.."    ModularCodeGen3_A1_B1.java
All Done
In "/home/travis/cg", about to execute:
    pwd
In "/home/travis/cg", about to execute:
    ls -l
/home/travis/cg
In "/home/travis/cg", about to execute:
    javac -classpath
.:/home/travis/build/icyphy/ptII:/home/travis/build/icyphy/ptII/lib/asm-all-5.2
.jar:/home/travis/build/icyphy/ptII/lib/nashorn-core-15.3.jar:/home/travis/buil
d/icyphy/ptII/lib/bsh-2.0b4.jar:/home/travis/build/icyphy/ptII/lib/ptCal.jar:/h
ome/travis/build/icyphy/ptII/lib/java_cup.jar:/home/travis/build/icyphy/ptII/li
b/saxon8.jar:/home/travis/build/icyphy/ptII/lib/saxon8-dom.jar:/home/travis/bui
ld/icyphy/ptII/lib/chic.jar:/home/travis/build/icyphy/ptII/lib/ptcolt.jar:/home
/travis/build/icyphy/ptII/vendors/misc/itext/iText.jar:/home/travis/build/icyph
y/ptII/lib/g4ltl.jar:/home/travis/build/icyphy/ptII/lib/StructuralCoder.jar:/ho
me/travis/build/icyphy/ptII/lib/jcerti.jar:/home/travis/build/icyphy/ptII/lib/j
avax.mail.jar:/home/travis/build/icyphy/ptII/vendors/JMF-2.1.1e/lib/jmf.jar:/ho
me/travis/build/icyphy/ptII/lib/jna-4.0.0-variadic.jar:/home/travis/build/icyph
y/ptII/vendors/misc/joystick/Joystick.jar:/home/travis/build/icyphy/ptII/lib/pt
jacl.jar:/home/travis/build/icyphy/ptII/lib/jsoup-1.14.2.jar:/home/travis/build
/icyphy/ptII/lib/junit-4.8.2.jar:/home/travis/build/icyphy/ptII/lib/JUnitParams
-0.4.0.jar:/home/travis/build/icyphy/ptII/ptolemy/actor/lib/excel/jxl.jar:/home
/travis/build/icyphy/ptII/lib/jython.jar:/home/travis/build/icyphy/ptII/lib/kie
ler.jar:/home/travis/build/icyphy/ptII/vendors/opencv/share/OpenCV/java/opencv-
341.jar:/home/travis/build/icyphy/ptII/lib/oscP5.jar:/home/travis/build/icyphy/
ptII/lib/nrjavaserial-3.11.0.devel.jar:/home/travis/build/icyphy/ptII/vendors/j
3d/lib/Linux/j3dcore.jar:/home/travis/build/icyphy/ptII/vendors/j3d/lib/Linux/j
3dutils.jar:/home/travis/build/icyphy/ptII/vendors/j3d/lib/Linux/vecmath.jar:/h
ome/travis/build/icyphy/ptII/vendors/jogl/lib/Linux/gluegen-rt-natives-linux-am
d64.jar:/home/travis/build/icyphy/ptII/vendors/jogl/lib/Linux/gluegen-rt.jar:/h
ome/travis/build/icyphy/ptII/vendors/jogl/lib/Linux/jogl-all-natives-linux-amd6
4.jar:/home/travis/build/icyphy/ptII/vendors/jogl/lib/Linux/jogl-all.jar:/home/
travis/build/icyphy/ptII/ptolemy/distributed/jini/jar/jini-core.jar:/home/travi
s/build/icyphy/ptII/ptolemy/distributed/jini/jar/jini-ext.jar:/home/travis/buil
d/icyphy/ptII/ptolemy/distributed/jini/jar/sun-util.jar:/home/travis/build/icyp
hy/ptII/lib/protobuf-java-2.4.1.jar:/home/travis/build/icyphy/ptII/lib/org.ecli
pse.paho.client.mqttv3.jar:/home/travis/build/icyphy/ptII/lib/mapss.jar:/home/t
ravis/build/icyphy/ptII/ptolemy/actor/ptalon/antlr/antlr.jar:/home/travis/build
/icyphy/ptII/lib/JRI.jar:/home/travis/build/icyphy/ptII/lib/commons-lang-2.6.ja
r:/home/travis/build/icyphy/ptII/lib/commons-logging-1.1.1.jar:/home/travis/bui
ld/icyphy/ptII/lib/sootclasses.jar:/home/travis/build/icyphy/ptII/ptolemy/actor
/lib/database/mysql-connector-java-8.0.26.jar:/home/travis/build/icyphy/ptII/ve
ndors/misc/sphinx4/sphinx4-data-5prealpha.jar:/home/travis/build/icyphy/ptII/ve
ndors/misc/sphinx4/sphinx4-core-5prealpha.jar:/home/travis/build/icyphy/ptII/li
b/PDFRenderer.jar:/home/travis/build/icyphy/ptII/lib/svgSalamander.jar:/home/tr
avis/build/icyphy/ptII/lib/rsyntaxtextarea-2.6.0-SNAPSHOT.jar:/home/travis/buil
d/icyphy/ptII/lib/hazelcast-3.8.2.jar:/home/travis/build/icyphy/ptII/lib/jackso
n-annotations-2.9.0.jar:/home/travis/build/icyphy/ptII/lib/jackson-core-2.9.3.j
ar:/home/travis/build/icyphy/ptII/lib/jackson-databind-2.9.3.jar:/home/travis/b
uild/icyphy/ptII/lib/netty-buffer-4.1.19.Final.jar:/home/travis/build/icyphy/pt
II/lib/netty-codec-4.1.19.Final.jar:/home/travis/build/icyphy/ptII/lib/netty-co
dec-dns-4.1.19.Final.jar:/home/travis/build/icyphy/ptII/lib/netty-codec-http-4.
1.19.Final.jar:/home/travis/build/icyphy/ptII/lib/netty-codec-http2-4.1.19.Fina
l.jar:/home/travis/build/icyphy/ptII/lib/netty-common-4.1.19.Final.jar:/home/tr
avis/build/icyphy/ptII/lib/netty-handler-4.1.19.Final.jar:/home/travis/build/ic
yphy/ptII/lib/netty-resolver-4.1.19.Final.jar:/home/travis/build/icyphy/ptII/li
b/netty-resolver-dns-4.1.19.Final.jar:/home/travis/build/icyphy/ptII/lib/netty-
transport-4.1.19.Final.jar:/home/travis/build/icyphy/ptII/lib/vertx-codegen-3.5
.1.jar:/home/travis/build/icyphy/ptII/lib/vertx-core-3.5.2-SNAPSHOT.jar:/home/t
ravis/build/icyphy/ptII/lib/vertx-hazelcast-3.5.1.jar:/home/travis/build/icyphy
/ptII/lib/vertx-lang-js-3.5.1.jar:/home/travis/build/icyphy/ptII/lib/vertx-serv
ice-proxy-3.5.1.jar:/home/travis/build/icyphy/ptII/lib/vertx-web-3.5.1.jar:/hom
e/travis/build/icyphy/ptII/lib/slf4j-api-1.7.13.jar:/home/travis/build/icyphy/p
tII/lib/slf4j-simple-1.7.13.jar:/home/travis/build/icyphy/ptII/lib/webcam-captu
re-0.3.12.jar:/home/travis/build/icyphy/ptII/lib/bridj-0.7.0.jar:/home/travis/b
uild/icyphy/ptII/lib/xbjlib-1.1.0.nrjavaserial.jar:/home/travis/build/icyphy/pt
II/ptolemy/moml/test:/home/travis/build/icyphy/ptII/ant/lib/ant-launcher.jar:/h
ome/travis/build/icyphy/ptII/ant/lib/ant.jar:/home/travis/build/icyphy/ptII/ant
/lib/ant-junit.jar:/home/travis/build/icyphy/ptII/ant/lib/ant-junit4.jar:/home/
travis/build/icyphy/ptII ModularCodeGen3_A1_B2_profile.java
total 1760
drwxrwxr-x   3 travis travis  12288 Sep  8 18:57 AbsoluteValue
drwxrwxr-x   3 travis travis 102400 Sep  8 18:56 AllColt
drwxrwxr-x   3 travis travis  12288 Sep  8 18:57 Case1
-rw-rw-r--   1 travis travis   5128 Sep  8 19:02 CompiledCompositeActor_CompiledCompositeActor.class
-rw-rw-r--   1 travis travis   1611 Sep  8 19:02 CompiledCompositeActor_CompiledCompositeActor$_CompiledCompositeActor_CompiledCompositeActor.class
-rw-rw-r--   1 travis travis  13466 Sep  8 19:02 CompiledCompositeActor_CompiledCompositeActor.java
-rw-rw-r--   1 travis travis   1593 Sep  8 19:02 CompiledCompositeActor_CompiledCompositeActor.mk
drwxrwxr-x   5 travis travis   4096 Sep  8 18:56 fmi
drwxrwxr-x   3 travis travis  16384 Sep  8 18:57 Gaussian2
-rw-rw-r--   1 travis travis   4684 Sep  8 19:02 JavaCompiledCompositeTest1_CompiledCompositeActor.class
-rw-rw-r--   1 travis travis  11637 Sep  8 19:02 JavaCompiledCompositeTest1_CompiledCompositeActor.java
-rw-rw-r--   1 travis travis   1217 Sep  8 19:02 JavaCompiledCompositeTest1_CompiledCompositeActor$_JavaCompiledCompositeTest1_CompiledCompositeActor.class
-rw-rw-r--   1 travis travis   1625 Sep  8 19:02 JavaCompiledCompositeTest1_CompiledCompositeActor.mk
-rw-rw-r--   1 travis travis   5115 Sep  8 19:02 JavaCompiledCompositeTest2_CompiledCompositeActor.class
-rw-rw-r--   1 travis travis  14919 Sep  8 19:02 JavaCompiledCompositeTest2_CompiledCompositeActor.java
-rw-rw-r--   1 travis travis   1812 Sep  8 19:02 JavaCompiledCompositeTest2_CompiledCompositeActor$_JavaCompiledCompositeTest2_CompiledCompositeActor.class
-rw-rw-r--   1 travis travis   1625 Sep  8 19:02 JavaCompiledCompositeTest2_CompiledCompositeActor.mk
-rw-rw-r--   1 travis travis   4732 Sep  8 19:02 JavaCompiledCompositeTest3_CompiledCompositeActor.class
-rw-rw-r--   1 travis travis  13080 Sep  8 19:02 JavaCompiledCompositeTest3_CompiledCompositeActor.java
-rw-rw-r--   1 travis travis   1397 Sep  8 19:02 JavaCompiledCompositeTest3_CompiledCompositeActor$_JavaCompiledCompositeTest3_CompiledCompositeActor.class
-rw-rw-r--   1 travis travis   1625 Sep  8 19:02 JavaCompiledCompositeTest3_CompiledCompositeActor.mk
-rw-rw-r--   1 travis travis   4183 Sep  8 19:03 JavaCompiledCompositeTest4_CompiledCompositeActor.class
-rw-rw-r--   1 travis travis   9687 Sep  8 19:02 JavaCompiledCompositeTest4_CompiledCompositeActor.java
-rw-rw-r--   1 travis travis    876 Sep  8 19:03 JavaCompiledCompositeTest4_CompiledCompositeActor$_JavaCompiledCompositeTest4_CompiledCompositeActor.class
-rw-rw-r--   1 travis travis   1625 Sep  8 19:02 JavaCompiledCompositeTest4_CompiledCompositeActor.mk
drwxrwxr-x   3 travis travis  12288 Sep  8 18:58 LookupTable
drwxrwxr-x   3 travis travis  20480 Sep  8 18:58 MaxIndex
-rw-rw-r--   1 travis travis   3925 Sep  8 19:03 ModularCG_A1_B1.class
-rw-rw-r--   1 travis travis   9730 Sep  8 19:03 ModularCG_A1_B1.java
-rw-rw-r--   1 travis travis    832 Sep  8 19:03 ModularCG_A1_B1.mk
-rw-rw-r--   1 travis travis   1318 Sep  8 19:03 ModularCG_A1_B1_profile.class
-rw-rw-r--   1 travis travis   1262 Sep  8 19:03 ModularCG_A1_B1_profile.java
-rw-rw-r--   1 travis travis   3925 Sep  8 19:03 ModularCG_A1_B2.class
-rw-rw-r--   1 travis travis   9730 Sep  8 19:03 ModularCG_A1_B2.java
-rw-rw-r--   1 travis travis    832 Sep  8 19:03 ModularCG_A1_B2.mk
-rw-rw-r--   1 travis travis   1318 Sep  8 19:03 ModularCG_A1_B2_profile.class
-rw-rw-r--   1 travis travis   1262 Sep  8 19:03 ModularCG_A1_B2_profile.java
-rw-rw-r--   1 travis travis   5031 Sep  8 19:03 ModularCG_A1.class
-rw-rw-r--   1 travis travis  14742 Sep  8 19:03 ModularCG_A1.java
-rw-rw-r--   1 travis travis    808 Sep  8 19:03 ModularCG_A1.mk
-rw-rw-r--   1 travis travis   1433 Sep  8 19:03 ModularCG_A1_profile.class
-rw-rw-r--   1 travis travis   1704 Sep  8 19:03 ModularCG_A1_profile.java
-rw-rw-r--   1 travis travis   4059 Sep  8 19:03 ModularCG_A2_B1.class
-rw-rw-r--   1 travis travis  10667 Sep  8 19:03 ModularCG_A2_B1.java
-rw-rw-r--   1 travis travis    832 Sep  8 19:03 ModularCG_A2_B1.mk
-rw-rw-r--   1 travis travis   1381 Sep  8 19:03 ModularCG_A2_B1_profile.class
-rw-rw-r--   1 travis travis   1446 Sep  8 19:03 ModularCG_A2_B1_profile.java
-rw-rw-r--   1 travis travis   3925 Sep  8 19:03 ModularCG_A2_B2.class
-rw-rw-r--   1 travis travis   9730 Sep  8 19:03 ModularCG_A2_B2.java
-rw-rw-r--   1 travis travis    832 Sep  8 19:03 ModularCG_A2_B2.mk
-rw-rw-r--   1 travis travis   1318 Sep  8 19:03 ModularCG_A2_B2_profile.class
-rw-rw-r--   1 travis travis   1262 Sep  8 19:03 ModularCG_A2_B2_profile.java
-rw-rw-r--   1 travis travis   5102 Sep  8 19:03 ModularCG_A2.class
-rw-rw-r--   1 travis travis  15129 Sep  8 19:03 ModularCG_A2.java
-rw-rw-r--   1 travis travis    808 Sep  8 19:03 ModularCG_A2.mk
-rw-rw-r--   1 travis travis   1433 Sep  8 19:03 ModularCG_A2_profile.class
-rw-rw-r--   1 travis travis   1704 Sep  8 19:03 ModularCG_A2_profile.java
-rw-rw-r--   1 travis travis   3705 Sep  8 19:03 ModularCGPubSub_A1_A2.class
-rw-rw-r--   1 travis travis   9076 Sep  8 19:03 ModularCGPubSub_A1_A2.java
-rw-rw-r--   1 travis travis    880 Sep  8 19:03 ModularCGPubSub_A1_A2.mk
-rw-rw-r--   1 travis travis   1300 Sep  8 19:03 ModularCGPubSub_A1_A2_profile.class
-rw-rw-r--   1 travis travis   1222 Sep  8 19:03 ModularCGPubSub_A1_A2_profile.java
-rw-rw-r--   1 travis travis   4022 Sep  8 19:03 ModularCGPubSub_A1.class
-rw-rw-r--   1 travis travis   9836 Sep  8 19:03 ModularCGPubSub_A1.java
-rw-rw-r--   1 travis travis    856 Sep  8 19:03 ModularCGPubSub_A1.mk
-rw-rw-r--   1 travis travis   1346 Sep  8 19:03 ModularCGPubSub_A1_profile.class
-rw-rw-r--   1 travis travis   1388 Sep  8 19:03 ModularCGPubSub_A1_profile.java
-rw-rw-r--   1 travis travis   4220 Sep  8 19:03 ModularCodeGen2_ModularCodeGenTypedCompositeActor.class
-rw-rw-r--   1 travis travis  11690 Sep  8 19:03 ModularCodeGen2_ModularCodeGenTypedCompositeActor.java
-rw-rw-r--   1 travis travis   1104 Sep  8 19:03 ModularCodeGen2_ModularCodeGenTypedCompositeActor.mk
-rw-rw-r--   1 travis travis   4504 Sep  8 19:03 ModularCodeGen2_ModularCodeGenTypedCompositeActor_ModularCodeGenTypedCompositeActor.class
-rw-rw-r--   1 travis travis  11790 Sep  8 19:03 ModularCodeGen2_ModularCodeGenTypedCompositeActor_ModularCodeGenTypedCompositeActor.java
-rw-rw-r--   1 travis travis   1376 Sep  8 19:03 ModularCodeGen2_ModularCodeGenTypedCompositeActor_ModularCodeGenTypedCompositeActor.mk
-rw-rw-r--   1 travis travis   1421 Sep  8 19:03 ModularCodeGen2_ModularCodeGenTypedCompositeActor_ModularCodeGenTypedCompositeActor_profile.class
-rw-rw-r--   1 travis travis   1294 Sep  8 19:03 ModularCodeGen2_ModularCodeGenTypedCompositeActor_ModularCodeGenTypedCompositeActor_profile.java
-rw-rw-r--   1 travis travis    820 Sep  8 19:03 ModularCodeGen2_ModularCodeGenTypedCompositeActor_profile.class
-rw-rw-r--   1 travis travis    693 Sep  8 19:03 ModularCodeGen2_ModularCodeGenTypedCompositeActor_profile.java
-rw-rw-r--   1 travis travis   3973 Sep  8 19:03 ModularCodeGen3_A1_B1.class
-rw-rw-r--   1 travis travis   9958 Sep  8 19:03 ModularCodeGen3_A1_B1.java
-rw-rw-r--   1 travis travis    880 Sep  8 19:03 ModularCodeGen3_A1_B1.mk
-rw-rw-r--   1 travis travis   1330 Sep  8 19:03 ModularCodeGen3_A1_B1_profile.class
-rw-rw-r--   1 travis travis   1274 Sep  8 19:03 ModularCodeGen3_A1_B1_profile.java
-rw-rw-r--   1 travis travis   1274 Sep  8 19:03 ModularCodeGen3_A1_B2_profile.java
-rw-rw-r--   1 travis travis   4186 Sep  8 19:03 ModularCodeGen_ModularCodeGenTypedCompositeActor.class
-rw-rw-r--   1 travis travis  10970 Sep  8 19:03 ModularCodeGen_ModularCodeGenTypedCompositeActor.java
-rw-rw-r--   1 travis travis   1096 Sep  8 19:03 ModularCodeGen_ModularCodeGenTypedCompositeActor.mk
-rw-rw-r--   1 travis travis   1384 Sep  8 19:03 ModularCodeGen_ModularCodeGenTypedCompositeActor_profile.class
-rw-rw-r--   1 travis travis   1328 Sep  8 19:03 ModularCodeGen_ModularCodeGenTypedCompositeActor_profile.java
-rw-rw-r--   1 travis travis   3724 Sep  8 19:02 ModularCodeGenTest_A1_A2.class
-rw-rw-r--   1 travis travis   9164 Sep  8 19:02 ModularCodeGenTest_A1_A2.java
-rw-rw-r--   1 travis travis   1306 Sep  8 19:02 ModularCodeGenTest_A1_A2_profile.class
-rw-rw-r--   1 travis travis   4055 Sep  8 19:02 ModularCodeGenTest_A1.class
-rw-rw-r--   1 travis travis   9968 Sep  8 19:02 ModularCodeGenTest_A1.java
-rw-rw-r--   1 travis travis    880 Sep  8 19:02 ModularCodeGenTest_A1.mk
-rw-rw-r--   1 travis travis   1352 Sep  8 19:02 ModularCodeGenTest_A1_profile.class
-rw-rw-r--   1 travis travis   1394 Sep  8 19:02 ModularCodeGenTest_A1_profile.java
drwxrwxr-x   3 travis travis  32768 Sep  8 19:02 modulation2
drwxrwxr-x 188 travis travis  12288 Sep  8 19:02 node_modules
drwxrwxr-x   3 travis travis  20480 Sep  8 18:58 PhaseUnwrap
drwxrwxr-x   3 travis travis  12288 Sep  8 18:59 ReadFile1
-rw-rw-r--   1 travis travis     11 Sep  8 18:58 ReadFile1Output.txt
-rw-rw-r--   1 travis travis  13773 Sep  8 19:02 Repeat.class
-rw-rw-r--   1 travis travis    685 Sep  8 19:02 Repeat$_fireFunction_Repeat_Repeat$__f_sL_11.class
-rw-rw-r--   1 travis travis    541 Sep  8 19:02 Repeat$_fireFunction_Repeat_Repeat$__f_sL_12.class
-rw-rw-r--   1 travis travis    541 Sep  8 19:02 Repeat$_fireFunction_Repeat_Repeat$__f_sL_13.class
-rw-rw-r--   1 travis travis    541 Sep  8 19:02 Repeat$_fireFunction_Repeat_Repeat$__f_sL_14.class
-rw-rw-r--   1 travis travis    684 Sep  8 19:02 Repeat$_fireFunction_Repeat_Repeat$__f_sL_1.class
-rw-rw-r--   1 travis travis    683 Sep  8 19:02 Repeat$_fireFunction_Repeat_Repeat$__f_sL_4.class
-rw-rw-r--   1 travis travis    539 Sep  8 19:02 Repeat$_fireFunction_Repeat_Repeat$__f_sL_9.class
-rw-rw-r--   1 travis travis    494 Sep  8 19:02 Repeat$_initialize_Repeat$__i_sL_2.class
-rw-rw-r--   1 travis travis   1281 Sep  8 19:02 Repeat.mk
-rw-rw-r--   1 travis travis    539 Sep  8 19:02 Repeat$_preinitializeMethod_Repeat$__p_sL_0.class
-rw-rw-r--   1 travis travis   1102 Sep  8 19:02 Repeat$_Repeat$_fireFunction_Repeat_AddSubtract_Repeat.class
-rw-rw-r--   1 travis travis    810 Sep  8 19:02 Repeat$_Repeat$_fireFunction_Repeat_AddSubtract_Repeat$__f_sL_0.class
-rw-rw-r--   1 travis travis    928 Sep  8 19:02 Repeat$_Repeat$_fireFunction_Repeat_AddSubtract_Repeat$__f_sL_1.class
-rw-rw-r--   1 travis travis    934 Sep  8 19:02 Repeat$_Repeat$_fireFunction_Repeat_AddSubtract_Repeat$__f_sL_2.class
-rw-rw-r--   1 travis travis    862 Sep  8 19:02 Repeat$_Repeat$_fireFunction_Repeat_AddSubtract_Repeat$__f_sL_3.class
-rw-rw-r--   1 travis travis    757 Sep  8 19:02 Repeat$_Repeat$_fireFunction_Repeat_Ramp2_Repeat$__f_sL_0.class
-rw-rw-r--   1 travis travis    888 Sep  8 19:02 Repeat$_Repeat$_fireFunction_Repeat_Test_Repeat$__f_sL_0.class
-rw-rw-r--   1 travis travis    634 Sep  8 19:02 Repeat$_Repeat$_fireFunction_Repeat_Test_Repeat$__f_sL_1.class
-rw-rw-r--   1 travis travis    704 Sep  8 19:02 Repeat$_Repeat_SDF_Director_run_Repeat$__R_sL_0.class
-rw-rw-r--   1 travis travis    705 Sep  8 19:02 Repeat$_Repeat_SDF_Director_run_Repeat$__R_sL_11.class
-rw-rw-r--   1 travis travis    561 Sep  8 19:02 Repeat$_Repeat_SDF_Director_run_Repeat$__R_sL_13.class
-rw-rw-r--   1 travis travis    559 Sep  8 19:02 Repeat$_Repeat_SDF_Director_run_Repeat$__R_sL_2.class
-rw-rw-r--   1 travis travis    703 Sep  8 19:02 Repeat$_Repeat_SDF_Director_run_Repeat$__R_sL_3.class
-rw-rw-r--   1 travis travis    559 Sep  8 19:02 Repeat$_Repeat_SDF_Director_run_Repeat$__R_sL_5.class
-rw-rw-r--   1 travis travis    559 Sep  8 19:02 Repeat$_Repeat_SDF_Director_run_Repeat$__R_sL_8.class
drwxrwxr-x   2 travis travis   4096 Sep  8 19:02 RepeatVariables
-rw-rw-r--   1 travis travis    882 Sep  8 19:02 Repeat$_varinit_Repeat.class
-rw-rw-r--   1 travis travis    550 Sep  8 19:02 Repeat$_varinit_Repeat$__v_sL_2.class
-rw-rw-r--   1 travis travis    924 Sep  8 19:02 Repeat$_varinit_Repeat$__v_sL_4.class
-rw-rw-r--   1 travis travis    978 Sep  8 19:02 Repeat$_wrapup_Repeat$__w_sL_1.class
drwxrwxr-x   3 travis travis  20480 Sep  8 18:59 Sinewave
drwxrwxr-x   3 travis travis  32768 Sep  8 19:00 StringFunction
drwxrwxr-x   3 travis travis  12288 Sep  8 19:00 StringLength
drwxrwxr-x   3 travis travis  61440 Sep  8 19:00 StringMatches2
drwxrwxr-x   3 travis travis  61440 Sep  8 19:01 StringSimpleReplace
drwxrwxr-x   3 travis travis  65536 Sep  8 19:01 StringSubstring
drwxrwxr-x   3 travis travis  24576 Sep  8 19:01 StringSubstring2
drwxrwxr-x   3 travis travis  16384 Sep  8 19:02 time1
drwxrwxr-x   3 travis travis  12288 Sep  8 19:02 time5
-rw-rw-r--   1 travis travis    432 Sep  8 19:03 Token.class
-rw-rw-r--   1 travis travis    251 Sep  8 19:03 Token.java
-rwxrwxr-x   1 travis travis 466992 Sep  8 18:56 top
-rw-rw-r--   1 travis travis  20502 Sep  8 18:56 top.c
-rw-rw-r--   1 travis travis   3799 Sep  8 19:02 top.class
-rw-rw-r--   1 travis travis   1257 Sep  8 19:02 top.mk
All Done
Writing ModularCodeGen3_A1_B2.java in file:/home/travis/cg/ (9958 characters)
Reading "ptolemy/cg/kernel/generic/program/procedural/java/modular/makefile.in",
    writing "/home/travis/cg/ModularCodeGen3_A1_B2.mk"
Using ptolemy/cg/kernel/generic/program/procedural/java/modular/makefile.in
In "/home/travis/cg", about to execute:
    make -f ModularCodeGen3_A1_B2.mk
javac -classpath ".:.."    ModularCodeGen3_A1_B2.java
All Done
In "/home/travis/cg", about to execute:
    pwd
/home/travis/cg
In "/home/travis/cg", about to execute:
    ls -l
total 1788
drwxrwxr-x   3 travis travis  12288 Sep  8 18:57 AbsoluteValue
drwxrwxr-x   3 travis travis 102400 Sep  8 18:56 AllColt
drwxrwxr-x   3 travis travis  12288 Sep  8 18:57 Case1
-rw-rw-r--   1 travis travis   5128 Sep  8 19:02 CompiledCompositeActor_CompiledCompositeActor.class
-rw-rw-r--   1 travis travis   1611 Sep  8 19:02 CompiledCompositeActor_CompiledCompositeActor$_CompiledCompositeActor_CompiledCompositeActor.class
-rw-rw-r--   1 travis travis  13466 Sep  8 19:02 CompiledCompositeActor_CompiledCompositeActor.java
-rw-rw-r--   1 travis travis   1593 Sep  8 19:02 CompiledCompositeActor_CompiledCompositeActor.mk
drwxrwxr-x   5 travis travis   4096 Sep  8 18:56 fmi
drwxrwxr-x   3 travis travis  16384 Sep  8 18:57 Gaussian2
-rw-rw-r--   1 travis travis   4684 Sep  8 19:02 JavaCompiledCompositeTest1_CompiledCompositeActor.class
-rw-rw-r--   1 travis travis  11637 Sep  8 19:02 JavaCompiledCompositeTest1_CompiledCompositeActor.java
-rw-rw-r--   1 travis travis   1217 Sep  8 19:02 JavaCompiledCompositeTest1_CompiledCompositeActor$_JavaCompiledCompositeTest1_CompiledCompositeActor.class
-rw-rw-r--   1 travis travis   1625 Sep  8 19:02 JavaCompiledCompositeTest1_CompiledCompositeActor.mk
-rw-rw-r--   1 travis travis   5115 Sep  8 19:02 JavaCompiledCompositeTest2_CompiledCompositeActor.class
-rw-rw-r--   1 travis travis  14919 Sep  8 19:02 JavaCompiledCompositeTest2_CompiledCompositeActor.java
-rw-rw-r--   1 travis travis   1812 Sep  8 19:02 JavaCompiledCompositeTest2_CompiledCompositeActor$_JavaCompiledCompositeTest2_CompiledCompositeActor.class
-rw-rw-r--   1 travis travis   1625 Sep  8 19:02 JavaCompiledCompositeTest2_CompiledCompositeActor.mk
-rw-rw-r--   1 travis travis   4732 Sep  8 19:02 JavaCompiledCompositeTest3_CompiledCompositeActor.class
-rw-rw-r--   1 travis travis  13080 Sep  8 19:02 JavaCompiledCompositeTest3_CompiledCompositeActor.java
-rw-rw-r--   1 travis travis   1397 Sep  8 19:02 JavaCompiledCompositeTest3_CompiledCompositeActor$_JavaCompiledCompositeTest3_CompiledCompositeActor.class
-rw-rw-r--   1 travis travis   1625 Sep  8 19:02 JavaCompiledCompositeTest3_CompiledCompositeActor.mk
-rw-rw-r--   1 travis travis   4183 Sep  8 19:03 JavaCompiledCompositeTest4_CompiledCompositeActor.class
-rw-rw-r--   1 travis travis   9687 Sep  8 19:02 JavaCompiledCompositeTest4_CompiledCompositeActor.java
-rw-rw-r--   1 travis travis    876 Sep  8 19:03 JavaCompiledCompositeTest4_CompiledCompositeActor$_JavaCompiledCompositeTest4_CompiledCompositeActor.class
-rw-rw-r--   1 travis travis   1625 Sep  8 19:02 JavaCompiledCompositeTest4_CompiledCompositeActor.mk
drwxrwxr-x   3 travis travis  12288 Sep  8 18:58 LookupTable
drwxrwxr-x   3 travis travis  20480 Sep  8 18:58 MaxIndex
-rw-rw-r--   1 travis travis   3925 Sep  8 19:03 ModularCG_A1_B1.class
-rw-rw-r--   1 travis travis   9730 Sep  8 19:03 ModularCG_A1_B1.java
-rw-rw-r--   1 travis travis    832 Sep  8 19:03 ModularCG_A1_B1.mk
-rw-rw-r--   1 travis travis   1318 Sep  8 19:03 ModularCG_A1_B1_profile.class
-rw-rw-r--   1 travis travis   1262 Sep  8 19:03 ModularCG_A1_B1_profile.java
-rw-rw-r--   1 travis travis   3925 Sep  8 19:03 ModularCG_A1_B2.class
-rw-rw-r--   1 travis travis   9730 Sep  8 19:03 ModularCG_A1_B2.java
-rw-rw-r--   1 travis travis    832 Sep  8 19:03 ModularCG_A1_B2.mk
-rw-rw-r--   1 travis travis   1318 Sep  8 19:03 ModularCG_A1_B2_profile.class
-rw-rw-r--   1 travis travis   1262 Sep  8 19:03 ModularCG_A1_B2_profile.java
-rw-rw-r--   1 travis travis   5031 Sep  8 19:03 ModularCG_A1.class
-rw-rw-r--   1 travis travis  14742 Sep  8 19:03 ModularCG_A1.java
-rw-rw-r--   1 travis travis    808 Sep  8 19:03 ModularCG_A1.mk
-rw-rw-r--   1 travis travis   1433 Sep  8 19:03 ModularCG_A1_profile.class
-rw-rw-r--   1 travis travis   1704 Sep  8 19:03 ModularCG_A1_profile.java
-rw-rw-r--   1 travis travis   4059 Sep  8 19:03 ModularCG_A2_B1.class
-rw-rw-r--   1 travis travis  10667 Sep  8 19:03 ModularCG_A2_B1.java
-rw-rw-r--   1 travis travis    832 Sep  8 19:03 ModularCG_A2_B1.mk
-rw-rw-r--   1 travis travis   1381 Sep  8 19:03 ModularCG_A2_B1_profile.class
-rw-rw-r--   1 travis travis   1446 Sep  8 19:03 ModularCG_A2_B1_profile.java
-rw-rw-r--   1 travis travis   3925 Sep  8 19:03 ModularCG_A2_B2.class
-rw-rw-r--   1 travis travis   9730 Sep  8 19:03 ModularCG_A2_B2.java
-rw-rw-r--   1 travis travis    832 Sep  8 19:03 ModularCG_A2_B2.mk
-rw-rw-r--   1 travis travis   1318 Sep  8 19:03 ModularCG_A2_B2_profile.class
-rw-rw-r--   1 travis travis   1262 Sep  8 19:03 ModularCG_A2_B2_profile.java
-rw-rw-r--   1 travis travis   5102 Sep  8 19:03 ModularCG_A2.class
-rw-rw-r--   1 travis travis  15129 Sep  8 19:03 ModularCG_A2.java
-rw-rw-r--   1 travis travis    808 Sep  8 19:03 ModularCG_A2.mk
-rw-rw-r--   1 travis travis   1433 Sep  8 19:03 ModularCG_A2_profile.class
-rw-rw-r--   1 travis travis   1704 Sep  8 19:03 ModularCG_A2_profile.java
-rw-rw-r--   1 travis travis   3705 Sep  8 19:03 ModularCGPubSub_A1_A2.class
-rw-rw-r--   1 travis travis   9076 Sep  8 19:03 ModularCGPubSub_A1_A2.java
-rw-rw-r--   1 travis travis    880 Sep  8 19:03 ModularCGPubSub_A1_A2.mk
-rw-rw-r--   1 travis travis   1300 Sep  8 19:03 ModularCGPubSub_A1_A2_profile.class
-rw-rw-r--   1 travis travis   1222 Sep  8 19:03 ModularCGPubSub_A1_A2_profile.java
-rw-rw-r--   1 travis travis   4022 Sep  8 19:03 ModularCGPubSub_A1.class
-rw-rw-r--   1 travis travis   9836 Sep  8 19:03 ModularCGPubSub_A1.java
-rw-rw-r--   1 travis travis    856 Sep  8 19:03 ModularCGPubSub_A1.mk
-rw-rw-r--   1 travis travis   1346 Sep  8 19:03 ModularCGPubSub_A1_profile.class
-rw-rw-r--   1 travis travis   1388 Sep  8 19:03 ModularCGPubSub_A1_profile.java
-rw-rw-r--   1 travis travis   4220 Sep  8 19:03 ModularCodeGen2_ModularCodeGenTypedCompositeActor.class
-rw-rw-r--   1 travis travis  11690 Sep  8 19:03 ModularCodeGen2_ModularCodeGenTypedCompositeActor.java
-rw-rw-r--   1 travis travis   1104 Sep  8 19:03 ModularCodeGen2_ModularCodeGenTypedCompositeActor.mk
-rw-rw-r--   1 travis travis   4504 Sep  8 19:03 ModularCodeGen2_ModularCodeGenTypedCompositeActor_ModularCodeGenTypedCompositeActor.class
-rw-rw-r--   1 travis travis  11790 Sep  8 19:03 ModularCodeGen2_ModularCodeGenTypedCompositeActor_ModularCodeGenTypedCompositeActor.java
-rw-rw-r--   1 travis travis   1376 Sep  8 19:03 ModularCodeGen2_ModularCodeGenTypedCompositeActor_ModularCodeGenTypedCompositeActor.mk
-rw-rw-r--   1 travis travis   1421 Sep  8 19:03 ModularCodeGen2_ModularCodeGenTypedCompositeActor_ModularCodeGenTypedCompositeActor_profile.class
-rw-rw-r--   1 travis travis   1294 Sep  8 19:03 ModularCodeGen2_ModularCodeGenTypedCompositeActor_ModularCodeGenTypedCompositeActor_profile.java
-rw-rw-r--   1 travis travis    820 Sep  8 19:03 ModularCodeGen2_ModularCodeGenTypedCompositeActor_profile.class
-rw-rw-r--   1 travis travis    693 Sep  8 19:03 ModularCodeGen2_ModularCodeGenTypedCompositeActor_profile.java
-rw-rw-r--   1 travis travis   3973 Sep  8 19:03 ModularCodeGen3_A1_B1.class
-rw-rw-r--   1 travis travis   9958 Sep  8 19:03 ModularCodeGen3_A1_B1.java
-rw-rw-r--   1 travis travis    880 Sep  8 19:03 ModularCodeGen3_A1_B1.mk
-rw-rw-r--   1 travis travis   1330 Sep  8 19:03 ModularCodeGen3_A1_B1_profile.class
-rw-rw-r--   1 travis travis   1274 Sep  8 19:03 ModularCodeGen3_A1_B1_profile.java
-rw-rw-r--   1 travis travis   3973 Sep  8 19:03 ModularCodeGen3_A1_B2.class
-rw-rw-r--   1 travis travis   9958 Sep  8 19:03 ModularCodeGen3_A1_B2.java
-rw-rw-r--   1 travis travis    880 Sep  8 19:03 ModularCodeGen3_A1_B2.mk
-rw-rw-r--   1 travis travis   1330 Sep  8 19:03 ModularCodeGen3_A1_B2_profile.class
-rw-rw-r--   1 travis travis   1274 Sep  8 19:03 ModularCodeGen3_A1_B2_profile.java
-rw-rw-r--   1 travis travis   1716 Sep  8 19:03 ModularCodeGen3_A1_profile.java
-rw-rw-r--   1 travis travis   4186 Sep  8 19:03 ModularCodeGen_ModularCodeGenTypedCompositeActor.class
-rw-rw-r--   1 travis travis  10970 Sep  8 19:03 ModularCodeGen_ModularCodeGenTypedCompositeActor.java
-rw-rw-r--   1 travis travis   1096 Sep  8 19:03 ModularCodeGen_ModularCodeGenTypedCompositeActor.mk
-rw-rw-r--   1 travis travis   1384 Sep  8 19:03 ModularCodeGen_ModularCodeGenTypedCompositeActor_profile.class
-rw-rw-r--   1 travis travis   1328 Sep  8 19:03 ModularCodeGen_ModularCodeGenTypedCompositeActor_profile.java
-rw-rw-r--   1 travis travis   3724 Sep  8 19:02 ModularCodeGenTest_A1_A2.class
-rw-rw-r--   1 travis travis   9164 Sep  8 19:02 ModularCodeGenTest_A1_A2.java
-rw-rw-r--   1 travis travis   1306 Sep  8 19:02 ModularCodeGenTest_A1_A2_profile.class
-rw-rw-r--   1 travis travis   4055 Sep  8 19:02 ModularCodeGenTest_A1.class
-rw-rw-r--   1 travis travis   9968 Sep  8 19:02 ModularCodeGenTest_A1.java
-rw-rw-r--   1 travis travis    880 Sep  8 19:02 ModularCodeGenTest_A1.mk
-rw-rw-r--   1 travis travis   1352 Sep  8 19:02 ModularCodeGenTest_A1_profile.class
-rw-rw-r--   1 travis travis   1394 Sep  8 19:02 ModularCodeGenTest_A1_profile.java
drwxrwxr-x   3 travis travis  32768 Sep  8 19:02 modulation2
drwxrwxr-x 188 travis travis  12288 Sep  8 19:02 node_modules
drwxrwxr-x   3 travis travis  20480 Sep  8 18:58 PhaseUnwrap
drwxrwxr-x   3 travis travis  12288 Sep  8 18:59 ReadFile1
-rw-rw-r--   1 travis travis     11 Sep  8 18:58 ReadFile1Output.txt
-rw-rw-r--   1 travis travis  13773 Sep  8 19:02 Repeat.class
-rw-rw-r--   1 travis travis    685 Sep  8 19:02 Repeat$_fireFunction_Repeat_Repeat$__f_sL_11.class
-rw-rw-r--   1 travis travis    541 Sep  8 19:02 Repeat$_fireFunction_Repeat_Repeat$__f_sL_12.class
-rw-rw-r--   1 travis travis    541 Sep  8 19:02 Repeat$_fireFunction_Repeat_Repeat$__f_sL_13.class
-rw-rw-r--   1 travis travis    541 Sep  8 19:02 Repeat$_fireFunction_Repeat_Repeat$__f_sL_14.class
-rw-rw-r--   1 travis travis    684 Sep  8 19:02 Repeat$_fireFunction_Repeat_Repeat$__f_sL_1.class
-rw-rw-r--   1 travis travis    683 Sep  8 19:02 Repeat$_fireFunction_Repeat_Repeat$__f_sL_4.class
-rw-rw-r--   1 travis travis    539 Sep  8 19:02 Repeat$_fireFunction_Repeat_Repeat$__f_sL_9.class
-rw-rw-r--   1 travis travis    494 Sep  8 19:02 Repeat$_initialize_Repeat$__i_sL_2.class
-rw-rw-r--   1 travis travis   1281 Sep  8 19:02 Repeat.mk
-rw-rw-r--   1 travis travis    539 Sep  8 19:02 Repeat$_preinitializeMethod_Repeat$__p_sL_0.class
-rw-rw-r--   1 travis travis   1102 Sep  8 19:02 Repeat$_Repeat$_fireFunction_Repeat_AddSubtract_Repeat.class
-rw-rw-r--   1 travis travis    810 Sep  8 19:02 Repeat$_Repeat$_fireFunction_Repeat_AddSubtract_Repeat$__f_sL_0.class
-rw-rw-r--   1 travis travis    928 Sep  8 19:02 Repeat$_Repeat$_fireFunction_Repeat_AddSubtract_Repeat$__f_sL_1.class
-rw-rw-r--   1 travis travis    934 Sep  8 19:02 Repeat$_Repeat$_fireFunction_Repeat_AddSubtract_Repeat$__f_sL_2.class
-rw-rw-r--   1 travis travis    862 Sep  8 19:02 Repeat$_Repeat$_fireFunction_Repeat_AddSubtract_Repeat$__f_sL_3.class
-rw-rw-r--   1 travis travis    757 Sep  8 19:02 Repeat$_Repeat$_fireFunction_Repeat_Ramp2_Repeat$__f_sL_0.class
-rw-rw-r--   1 travis travis    888 Sep  8 19:02 Repeat$_Repeat$_fireFunction_Repeat_Test_Repeat$__f_sL_0.class
-rw-rw-r--   1 travis travis    634 Sep  8 19:02 Repeat$_Repeat$_fireFunction_Repeat_Test_Repeat$__f_sL_1.class
-rw-rw-r--   1 travis travis    704 Sep  8 19:02 Repeat$_Repeat_SDF_Director_run_Repeat$__R_sL_0.class
-rw-rw-r--   1 travis travis    705 Sep  8 19:02 Repeat$_Repeat_SDF_Director_run_Repeat$__R_sL_11.class
-rw-rw-r--   1 travis travis    561 Sep  8 19:02 Repeat$_Repeat_SDF_Director_run_Repeat$__R_sL_13.class
-rw-rw-r--   1 travis travis    559 Sep  8 19:02 Repeat$_Repeat_SDF_Director_run_Repeat$__R_sL_2.class
-rw-rw-r--   1 travis travis    703 Sep  8 19:02 Repeat$_Repeat_SDF_Director_run_Repeat$__R_sL_3.class
-rw-rw-r--   1 travis travis    559 Sep  8 19:02 Repeat$_Repeat_SDF_Director_run_Repeat$__R_sL_5.class
-rw-rw-r--   1 travis travis    559 Sep  8 19:02 Repeat$_Repeat_SDF_Director_run_Repeat$__R_sL_8.class
drwxrwxr-x   2 travis travis   4096 Sep  8 19:02 RepeatVariables
-rw-rw-r--   1 travis travis    882 Sep  8 19:02 Repeat$_varinit_Repeat.class
-rw-rw-r--   1 travis travis    550 Sep  8 19:02 Repeat$_varinit_Repeat$__v_sL_2.class
-rw-rw-r--   1 travis travis    924 Sep  8 19:02 Repeat$_varinit_Repeat$__v_sL_4.class
-rw-rw-r--   1 travis travis    978 Sep  8 19:02 Repeat$_wrapup_Repeat$__w_sL_1.class
drwxrwxr-x   3 travis travis  20480 Sep  8 18:59 Sinewave
drwxrwxr-x   3 travis travis  32768 Sep  8 19:00 StringFunction
drwxrwxr-x   3 travis travis  12288 Sep  8 19:00 StringLength
drwxrwxr-x   3 travis travis  61440 Sep  8 19:00 StringMatches2
drwxrwxr-x   3 travis travis  61440 Sep  8 19:01 StringSimpleReplace
drwxrwxr-x   3 travis travis  65536 Sep  8 19:01 StringSubstring
drwxrwxr-x   3 travis travis  24576 Sep  8 19:01 StringSubstring2
drwxrwxr-x   3 travis travis  16384 Sep  8 19:02 time1
drwxrwxr-x   3 travis travis  12288 Sep  8 19:02 time5
-rw-rw-r--   1 travis travis    432 Sep  8 19:03 Token.class
-rw-rw-r--   1 travis travis    251 Sep  8 19:03 Token.java
-rwxrwxr-x   1 travis travis 466992 Sep  8 18:56 top
-rw-rw-r--   1 travis travis  20502 Sep  8 18:56 top.c
-rw-rw-r--   1 travis travis   3799 Sep  8 19:02 top.class
-rw-rw-r--   1 travis travis   1257 Sep  8 19:02 top.mk
In "/home/travis/cg", about to execute:
    javac -classpath
.:/home/travis/build/icyphy/ptII:/home/travis/build/icyphy/ptII/lib/asm-all-5.2
.jar:/home/travis/build/icyphy/ptII/lib/nashorn-core-15.3.jar:/home/travis/buil
d/icyphy/ptII/lib/bsh-2.0b4.jar:/home/travis/build/icyphy/ptII/lib/ptCal.jar:/h
ome/travis/build/icyphy/ptII/lib/java_cup.jar:/home/travis/build/icyphy/ptII/li
b/saxon8.jar:/home/travis/build/icyphy/ptII/lib/saxon8-dom.jar:/home/travis/bui
ld/icyphy/ptII/lib/chic.jar:/home/travis/build/icyphy/ptII/lib/ptcolt.jar:/home
/travis/build/icyphy/ptII/vendors/misc/itext/iText.jar:/home/travis/build/icyph
y/ptII/lib/g4ltl.jar:/home/travis/build/icyphy/ptII/lib/StructuralCoder.jar:/ho
me/travis/build/icyphy/ptII/lib/jcerti.jar:/home/travis/build/icyphy/ptII/lib/j
avax.mail.jar:/home/travis/build/icyphy/ptII/vendors/JMF-2.1.1e/lib/jmf.jar:/ho
me/travis/build/icyphy/ptII/lib/jna-4.0.0-variadic.jar:/home/travis/build/icyph
y/ptII/vendors/misc/joystick/Joystick.jar:/home/travis/build/icyphy/ptII/lib/pt
jacl.jar:/home/travis/build/icyphy/ptII/lib/jsoup-1.14.2.jar:/home/travis/build
/icyphy/ptII/lib/junit-4.8.2.jar:/home/travis/build/icyphy/ptII/lib/JUnitParams
-0.4.0.jar:/home/travis/build/icyphy/ptII/ptolemy/actor/lib/excel/jxl.jar:/home
/travis/build/icyphy/ptII/lib/jython.jar:/home/travis/build/icyphy/ptII/lib/kie
ler.jar:/home/travis/build/icyphy/ptII/vendors/opencv/share/OpenCV/java/opencv-
341.jar:/home/travis/build/icyphy/ptII/lib/oscP5.jar:/home/travis/build/icyphy/
ptII/lib/nrjavaserial-3.11.0.devel.jar:/home/travis/build/icyphy/ptII/vendors/j
3d/lib/Linux/j3dcore.jar:/home/travis/build/icyphy/ptII/vendors/j3d/lib/Linux/j
3dutils.jar:/home/travis/build/icyphy/ptII/vendors/j3d/lib/Linux/vecmath.jar:/h
ome/travis/build/icyphy/ptII/vendors/jogl/lib/Linux/gluegen-rt-natives-linux-am
d64.jar:/home/travis/build/icyphy/ptII/vendors/jogl/lib/Linux/gluegen-rt.jar:/h
ome/travis/build/icyphy/ptII/vendors/jogl/lib/Linux/jogl-all-natives-linux-amd6
4.jar:/home/travis/build/icyphy/ptII/vendors/jogl/lib/Linux/jogl-all.jar:/home/
travis/build/icyphy/ptII/ptolemy/distributed/jini/jar/jini-core.jar:/home/travi
s/build/icyphy/ptII/ptolemy/distributed/jini/jar/jini-ext.jar:/home/travis/buil
d/icyphy/ptII/ptolemy/distributed/jini/jar/sun-util.jar:/home/travis/build/icyp
hy/ptII/lib/protobuf-java-2.4.1.jar:/home/travis/build/icyphy/ptII/lib/org.ecli
pse.paho.client.mqttv3.jar:/home/travis/build/icyphy/ptII/lib/mapss.jar:/home/t
ravis/build/icyphy/ptII/ptolemy/actor/ptalon/antlr/antlr.jar:/home/travis/build
/icyphy/ptII/lib/JRI.jar:/home/travis/build/icyphy/ptII/lib/commons-lang-2.6.ja
r:/home/travis/build/icyphy/ptII/lib/commons-logging-1.1.1.jar:/home/travis/bui
ld/icyphy/ptII/lib/sootclasses.jar:/home/travis/build/icyphy/ptII/ptolemy/actor
/lib/database/mysql-connector-java-8.0.26.jar:/home/travis/build/icyphy/ptII/ve
ndors/misc/sphinx4/sphinx4-data-5prealpha.jar:/home/travis/build/icyphy/ptII/ve
ndors/misc/sphinx4/sphinx4-core-5prealpha.jar:/home/travis/build/icyphy/ptII/li
b/PDFRenderer.jar:/home/travis/build/icyphy/ptII/lib/svgSalamander.jar:/home/tr
avis/build/icyphy/ptII/lib/rsyntaxtextarea-2.6.0-SNAPSHOT.jar:/home/travis/buil
d/icyphy/ptII/lib/hazelcast-3.8.2.jar:/home/travis/build/icyphy/ptII/lib/jackso
n-annotations-2.9.0.jar:/home/travis/build/icyphy/ptII/lib/jackson-core-2.9.3.j
ar:/home/travis/build/icyphy/ptII/lib/jackson-databind-2.9.3.jar:/home/travis/b
uild/icyphy/ptII/lib/netty-buffer-4.1.19.Final.jar:/home/travis/build/icyphy/pt
II/lib/netty-codec-4.1.19.Final.jar:/home/travis/build/icyphy/ptII/lib/netty-co
dec-dns-4.1.19.Final.jar:/home/travis/build/icyphy/ptII/lib/netty-codec-http-4.
1.19.Final.jar:/home/travis/build/icyphy/ptII/lib/netty-codec-http2-4.1.19.Fina
l.jar:/home/travis/build/icyphy/ptII/lib/netty-common-4.1.19.Final.jar:/home/tr
avis/build/icyphy/ptII/lib/netty-handler-4.1.19.Final.jar:/home/travis/build/ic
yphy/ptII/lib/netty-resolver-4.1.19.Final.jar:/home/travis/build/icyphy/ptII/li
b/netty-resolver-dns-4.1.19.Final.jar:/home/travis/build/icyphy/ptII/lib/netty-
transport-4.1.19.Final.jar:/home/travis/build/icyphy/ptII/lib/vertx-codegen-3.5
.1.jar:/home/travis/build/icyphy/ptII/lib/vertx-core-3.5.2-SNAPSHOT.jar:/home/t
ravis/build/icyphy/ptII/lib/vertx-hazelcast-3.5.1.jar:/home/travis/build/icyphy
/ptII/lib/vertx-lang-js-3.5.1.jar:/home/travis/build/icyphy/ptII/lib/vertx-serv
ice-proxy-3.5.1.jar:/home/travis/build/icyphy/ptII/lib/vertx-web-3.5.1.jar:/hom
e/travis/build/icyphy/ptII/lib/slf4j-api-1.7.13.jar:/home/travis/build/icyphy/p
tII/lib/slf4j-simple-1.7.13.jar:/home/travis/build/icyphy/ptII/lib/webcam-captu
re-0.3.12.jar:/home/travis/build/icyphy/ptII/lib/bridj-0.7.0.jar:/home/travis/b
uild/icyphy/ptII/lib/xbjlib-1.1.0.nrjavaserial.jar:/home/travis/build/icyphy/pt
II/ptolemy/moml/test:/home/travis/build/icyphy/ptII/ant/lib/ant-launcher.jar:/h
ome/travis/build/icyphy/ptII/ant/lib/ant.jar:/home/travis/build/icyphy/ptII/ant
/lib/ant-junit.jar:/home/travis/build/icyphy/ptII/ant/lib/ant-junit4.jar:/home/
travis/build/icyphy/ptII ModularCodeGen3_A1_profile.java
All Done
Writing ModularCodeGen3_A1.java in file:/home/travis/cg/ (15564 characters)
Reading "ptolemy/cg/kernel/generic/program/procedural/java/modular/makefile.in",
    writing "/home/travis/cg/ModularCodeGen3_A1.mk"
Using ptolemy/cg/kernel/generic/program/procedural/java/modular/makefile.in
In "/home/travis/cg", about to execute:
    make -f ModularCodeGen3_A1.mk
javac -classpath ".:.."    ModularCodeGen3_A1.java
All Done
In "/home/travis/cg", about to execute:
    pwd
In "/home/travis/cg", about to execute:
    ls -l
/home/travis/cg
total 1824
drwxrwxr-x   3 travis travis  12288 Sep  8 18:57 AbsoluteValue
drwxrwxr-x   3 travis travis 102400 Sep  8 18:56 AllColt
drwxrwxr-x   3 travis travis  12288 Sep  8 18:57 Case1
-rw-rw-r--   1 travis travis   5128 Sep  8 19:02 CompiledCompositeActor_CompiledCompositeActor.class
-rw-rw-r--   1 travis travis   1611 Sep  8 19:02 CompiledCompositeActor_CompiledCompositeActor$_CompiledCompositeActor_CompiledCompositeActor.class
-rw-rw-r--   1 travis travis  13466 Sep  8 19:02 CompiledCompositeActor_CompiledCompositeActor.java
-rw-rw-r--   1 travis travis   1593 Sep  8 19:02 CompiledCompositeActor_CompiledCompositeActor.mk
drwxrwxr-x   5 travis travis   4096 Sep  8 18:56 fmi
drwxrwxr-x   3 travis travis  16384 Sep  8 18:57 Gaussian2
-rw-rw-r--   1 travis travis   4684 Sep  8 19:02 JavaCompiledCompositeTest1_CompiledCompositeActor.class
-rw-rw-r--   1 travis travis  11637 Sep  8 19:02 JavaCompiledCompositeTest1_CompiledCompositeActor.java
-rw-rw-r--   1 travis travis   1217 Sep  8 19:02 JavaCompiledCompositeTest1_CompiledCompositeActor$_JavaCompiledCompositeTest1_CompiledCompositeActor.class
-rw-rw-r--   1 travis travis   1625 Sep  8 19:02 JavaCompiledCompositeTest1_CompiledCompositeActor.mk
-rw-rw-r--   1 travis travis   5115 Sep  8 19:02 JavaCompiledCompositeTest2_CompiledCompositeActor.class
-rw-rw-r--   1 travis travis  14919 Sep  8 19:02 JavaCompiledCompositeTest2_CompiledCompositeActor.java
-rw-rw-r--   1 travis travis   1812 Sep  8 19:02 JavaCompiledCompositeTest2_CompiledCompositeActor$_JavaCompiledCompositeTest2_CompiledCompositeActor.class
-rw-rw-r--   1 travis travis   1625 Sep  8 19:02 JavaCompiledCompositeTest2_CompiledCompositeActor.mk
-rw-rw-r--   1 travis travis   4732 Sep  8 19:02 JavaCompiledCompositeTest3_CompiledCompositeActor.class
-rw-rw-r--   1 travis travis  13080 Sep  8 19:02 JavaCompiledCompositeTest3_CompiledCompositeActor.java
-rw-rw-r--   1 travis travis   1397 Sep  8 19:02 JavaCompiledCompositeTest3_CompiledCompositeActor$_JavaCompiledCompositeTest3_CompiledCompositeActor.class
-rw-rw-r--   1 travis travis   1625 Sep  8 19:02 JavaCompiledCompositeTest3_CompiledCompositeActor.mk
-rw-rw-r--   1 travis travis   4183 Sep  8 19:03 JavaCompiledCompositeTest4_CompiledCompositeActor.class
-rw-rw-r--   1 travis travis   9687 Sep  8 19:02 JavaCompiledCompositeTest4_CompiledCompositeActor.java
-rw-rw-r--   1 travis travis    876 Sep  8 19:03 JavaCompiledCompositeTest4_CompiledCompositeActor$_JavaCompiledCompositeTest4_CompiledCompositeActor.class
-rw-rw-r--   1 travis travis   1625 Sep  8 19:02 JavaCompiledCompositeTest4_CompiledCompositeActor.mk
drwxrwxr-x   3 travis travis  12288 Sep  8 18:58 LookupTable
drwxrwxr-x   3 travis travis  20480 Sep  8 18:58 MaxIndex
-rw-rw-r--   1 travis travis   3925 Sep  8 19:03 ModularCG_A1_B1.class
-rw-rw-r--   1 travis travis   9730 Sep  8 19:03 ModularCG_A1_B1.java
-rw-rw-r--   1 travis travis    832 Sep  8 19:03 ModularCG_A1_B1.mk
-rw-rw-r--   1 travis travis   1318 Sep  8 19:03 ModularCG_A1_B1_profile.class
-rw-rw-r--   1 travis travis   1262 Sep  8 19:03 ModularCG_A1_B1_profile.java
-rw-rw-r--   1 travis travis   3925 Sep  8 19:03 ModularCG_A1_B2.class
-rw-rw-r--   1 travis travis   9730 Sep  8 19:03 ModularCG_A1_B2.java
-rw-rw-r--   1 travis travis    832 Sep  8 19:03 ModularCG_A1_B2.mk
-rw-rw-r--   1 travis travis   1318 Sep  8 19:03 ModularCG_A1_B2_profile.class
-rw-rw-r--   1 travis travis   1262 Sep  8 19:03 ModularCG_A1_B2_profile.java
-rw-rw-r--   1 travis travis   5031 Sep  8 19:03 ModularCG_A1.class
-rw-rw-r--   1 travis travis  14742 Sep  8 19:03 ModularCG_A1.java
-rw-rw-r--   1 travis travis    808 Sep  8 19:03 ModularCG_A1.mk
-rw-rw-r--   1 travis travis   1433 Sep  8 19:03 ModularCG_A1_profile.class
-rw-rw-r--   1 travis travis   1704 Sep  8 19:03 ModularCG_A1_profile.java
-rw-rw-r--   1 travis travis   4059 Sep  8 19:03 ModularCG_A2_B1.class
-rw-rw-r--   1 travis travis  10667 Sep  8 19:03 ModularCG_A2_B1.java
-rw-rw-r--   1 travis travis    832 Sep  8 19:03 ModularCG_A2_B1.mk
-rw-rw-r--   1 travis travis   1381 Sep  8 19:03 ModularCG_A2_B1_profile.class
-rw-rw-r--   1 travis travis   1446 Sep  8 19:03 ModularCG_A2_B1_profile.java
-rw-rw-r--   1 travis travis   3925 Sep  8 19:03 ModularCG_A2_B2.class
-rw-rw-r--   1 travis travis   9730 Sep  8 19:03 ModularCG_A2_B2.java
-rw-rw-r--   1 travis travis    832 Sep  8 19:03 ModularCG_A2_B2.mk
-rw-rw-r--   1 travis travis   1318 Sep  8 19:03 ModularCG_A2_B2_profile.class
-rw-rw-r--   1 travis travis   1262 Sep  8 19:03 ModularCG_A2_B2_profile.java
-rw-rw-r--   1 travis travis   5102 Sep  8 19:03 ModularCG_A2.class
-rw-rw-r--   1 travis travis  15129 Sep  8 19:03 ModularCG_A2.java
-rw-rw-r--   1 travis travis    808 Sep  8 19:03 ModularCG_A2.mk
-rw-rw-r--   1 travis travis   1433 Sep  8 19:03 ModularCG_A2_profile.class
-rw-rw-r--   1 travis travis   1704 Sep  8 19:03 ModularCG_A2_profile.java
-rw-rw-r--   1 travis travis   3705 Sep  8 19:03 ModularCGPubSub_A1_A2.class
-rw-rw-r--   1 travis travis   9076 Sep  8 19:03 ModularCGPubSub_A1_A2.java
-rw-rw-r--   1 travis travis    880 Sep  8 19:03 ModularCGPubSub_A1_A2.mk
-rw-rw-r--   1 travis travis   1300 Sep  8 19:03 ModularCGPubSub_A1_A2_profile.class
-rw-rw-r--   1 travis travis   1222 Sep  8 19:03 ModularCGPubSub_A1_A2_profile.java
-rw-rw-r--   1 travis travis   4022 Sep  8 19:03 ModularCGPubSub_A1.class
In "/home/travis/cg", about to execute:
    javac -classpath
.:/home/travis/build/icyphy/ptII:/home/travis/build/icyphy/ptII/lib/asm-all-5.2
.jar:/home/travis/build/icyphy/ptII/lib/nashorn-core-15.3.jar:/home/travis/buil
d/icyphy/ptII/lib/bsh-2.0b4.jar:/home/travis/build/icyphy/ptII/lib/ptCal.jar:/h
ome/travis/build/icyphy/ptII/lib/java_cup.jar:/home/travis/build/icyphy/ptII/li
b/saxon8.jar:/home/travis/build/icyphy/ptII/lib/saxon8-dom.jar:/home/travis/bui
ld/icyphy/ptII/lib/chic.jar:/home/travis/build/icyphy/ptII/lib/ptcolt.jar:/home
/travis/build/icyphy/ptII/vendors/misc/itext/iText.jar:/home/travis/build/icyph
y/ptII/lib/g4ltl.jar:/home/travis/build/icyphy/ptII/lib/StructuralCoder.jar:/ho
me/travis/build/icyphy/ptII/lib/jcerti.jar:/home/travis/build/icyphy/ptII/lib/j
avax.mail.jar:/home/travis/build/icyphy/ptII/vendors/JMF-2.1.1e/lib/jmf.jar:/ho
me/travis/build/icyphy/ptII/lib/jna-4.0.0-variadic.jar:/home/travis/build/icyph
y/ptII/vendors/misc/joystick/Joystick.jar:/home/travis/build/icyphy/ptII/lib/pt
jacl.jar:/home/travis/build/icyphy/ptII/lib/jsoup-1.14.2.jar:/home/travis/build
/icyphy/ptII/lib/junit-4.8.2.jar:/home/travis/build/icyphy/ptII/lib/JUnitParams
-0.4.0.jar:/home/travis/build/icyphy/ptII/ptolemy/actor/lib/excel/jxl.jar:/home
/travis/build/icyphy/ptII/lib/jython.jar:/home/travis/build/icyphy/ptII/lib/kie
ler.jar:/home/travis/build/icyphy/ptII/vendors/opencv/share/OpenCV/java/opencv-
341.jar:/home/travis/build/icyphy/ptII/lib/oscP5.jar:/home/travis/build/icyphy/
ptII/lib/nrjavaserial-3.11.0.devel.jar:/home/travis/build/icyphy/ptII/vendors/j
3d/lib/Linux/j3dcore.jar:/home/travis/build/icyphy/ptII/vendors/j3d/lib/Linux/j
3dutils.jar:/home/travis/build/icyphy/ptII/vendors/j3d/lib/Linux/vecmath.jar:/h
ome/travis/build/icyphy/ptII/vendors/jogl/lib/Linux/gluegen-rt-natives-linux-am
d64.jar:/home/travis/build/icyphy/ptII/vendors/jogl/lib/Linux/gluegen-rt.jar:/h
ome/travis/build/icyphy/ptII/vendors/jogl/lib/Linux/jogl-all-natives-linux-amd6
4.jar:/home/travis/build/icyphy/ptII/vendors/jogl/lib/Linux/jogl-all.jar:/home/
travis/build/icyphy/ptII/ptolemy/distributed/jini/jar/jini-core.jar:/home/travi
s/build/icyphy/ptII/ptolemy/distributed/jini/jar/jini-ext.jar:/home/travis/buil
d/icyphy/ptII/ptolemy/distributed/jini/jar/sun-util.jar:/home/travis/build/icyp
hy/ptII/lib/protobuf-java-2.4.1.jar:/home/travis/build/icyphy/ptII/lib/org.ecli
pse.paho.client.mqttv3.jar:/home/travis/build/icyphy/ptII/lib/mapss.jar:/home/t
ravis/build/icyphy/ptII/ptolemy/actor/ptalon/antlr/antlr.jar:/home/travis/build
/icyphy/ptII/lib/JRI.jar:/home/travis/build/icyphy/ptII/lib/commons-lang-2.6.ja
r:/home/travis/build/icyphy/ptII/lib/commons-logging-1.1.1.jar:/home/travis/bui
ld/icyphy/ptII/lib/sootclasses.jar:/home/travis/build/icyphy/ptII/ptolemy/actor
/lib/database/mysql-connector-java-8.0.26.jar:/home/travis/build/icyphy/ptII/ve
ndors/misc/sphinx4/sphinx4-data-5prealpha.jar:/home/travis/build/icyphy/ptII/ve
ndors/misc/sphinx4/sphinx4-core-5prealpha.jar:/home/travis/build/icyphy/ptII/li
b/PDFRenderer.jar:/home/travis/build/icyphy/ptII/lib/svgSalamander.jar:/home/tr
avis/build/icyphy/ptII/lib/rsyntaxtextarea-2.6.0-SNAPSHOT.jar:/home/travis/buil
d/icyphy/ptII/lib/hazelcast-3.8.2.jar:/home/travis/build/icyphy/ptII/lib/jackso
n-annotations-2.9.0.jar:/home/travis/build/icyphy/ptII/lib/jackson-core-2.9.3.j
ar:/home/travis/build/icyphy/ptII/lib/jackson-databind-2.9.3.jar:/home/travis/b
uild/icyphy/ptII/lib/netty-buffer-4.1.19.Final.jar:/home/travis/build/icyphy/pt
II/lib/netty-codec-4.1.19.Final.jar:/home/travis/build/icyphy/ptII/lib/netty-co
dec-dns-4.1.19.Final.jar:/home/travis/build/icyphy/ptII/lib/netty-codec-http-4.
1.19.Final.jar:/home/travis/build/icyphy/ptII/lib/netty-codec-http2-4.1.19.Fina
l.jar:/home/travis/build/icyphy/ptII/lib/netty-common-4.1.19.Final.jar:/home/tr
avis/build/icyphy/ptII/lib/netty-handler-4.1.19.Final.jar:/home/travis/build/ic
yphy/ptII/lib/netty-resolver-4.1.19.Final.jar:/home/travis/build/icyphy/ptII/li
b/netty-resolver-dns-4.1.19.Final.jar:/home/travis/build/icyphy/ptII/lib/netty-
transport-4.1.19.Final.jar:/home/travis/build/icyphy/ptII/lib/vertx-codegen-3.5
.1.jar:/home/travis/build/icyphy/ptII/lib/vertx-core-3.5.2-SNAPSHOT.jar:/home/t
ravis/build/icyphy/ptII/lib/vertx-hazelcast-3.5.1.jar:/home/travis/build/icyphy
/ptII/lib/vertx-lang-js-3.5.1.jar:/home/travis/build/icyphy/ptII/lib/vertx-serv
ice-proxy-3.5.1.jar:/home/travis/build/icyphy/ptII/lib/vertx-web-3.5.1.jar:/hom
e/travis/build/icyphy/ptII/lib/slf4j-api-1.7.13.jar:/home/travis/build/icyphy/p
tII/lib/slf4j-simple-1.7.13.jar:/home/travis/build/icyphy/ptII/lib/webcam-captu
re-0.3.12.jar:/home/travis/build/icyphy/ptII/lib/bridj-0.7.0.jar:/home/travis/b
uild/icyphy/ptII/lib/xbjlib-1.1.0.nrjavaserial.jar:/home/travis/build/icyphy/pt
II/ptolemy/moml/test:/home/travis/build/icyphy/ptII/ant/lib/ant-launcher.jar:/h
ome/travis/build/icyphy/ptII/ant/lib/ant.jar:/home/travis/build/icyphy/ptII/ant
/lib/ant-junit.jar:/home/travis/build/icyphy/ptII/ant/lib/ant-junit4.jar:/home/
travis/build/icyphy/ptII ModularCodeGen3_A2_B1_profile.java
-rw-rw-r--   1 travis travis   9836 Sep  8 19:03 ModularCGPubSub_A1.java
-rw-rw-r--   1 travis travis    856 Sep  8 19:03 ModularCGPubSub_A1.mk
-rw-rw-r--   1 travis travis   1346 Sep  8 19:03 ModularCGPubSub_A1_profile.class
-rw-rw-r--   1 travis travis   1388 Sep  8 19:03 ModularCGPubSub_A1_profile.java
-rw-rw-r--   1 travis travis   4220 Sep  8 19:03 ModularCodeGen2_ModularCodeGenTypedCompositeActor.class
-rw-rw-r--   1 travis travis  11690 Sep  8 19:03 ModularCodeGen2_ModularCodeGenTypedCompositeActor.java
-rw-rw-r--   1 travis travis   1104 Sep  8 19:03 ModularCodeGen2_ModularCodeGenTypedCompositeActor.mk
-rw-rw-r--   1 travis travis   4504 Sep  8 19:03 ModularCodeGen2_ModularCodeGenTypedCompositeActor_ModularCodeGenTypedCompositeActor.class
-rw-rw-r--   1 travis travis  11790 Sep  8 19:03 ModularCodeGen2_ModularCodeGenTypedCompositeActor_ModularCodeGenTypedCompositeActor.java
-rw-rw-r--   1 travis travis   1376 Sep  8 19:03 ModularCodeGen2_ModularCodeGenTypedCompositeActor_ModularCodeGenTypedCompositeActor.mk
-rw-rw-r--   1 travis travis   1421 Sep  8 19:03 ModularCodeGen2_ModularCodeGenTypedCompositeActor_ModularCodeGenTypedCompositeActor_profile.class
-rw-rw-r--   1 travis travis   1294 Sep  8 19:03 ModularCodeGen2_ModularCodeGenTypedCompositeActor_ModularCodeGenTypedCompositeActor_profile.java
-rw-rw-r--   1 travis travis    820 Sep  8 19:03 ModularCodeGen2_ModularCodeGenTypedCompositeActor_profile.class
-rw-rw-r--   1 travis travis    693 Sep  8 19:03 ModularCodeGen2_ModularCodeGenTypedCompositeActor_profile.java
-rw-rw-r--   1 travis travis   3973 Sep  8 19:03 ModularCodeGen3_A1_B1.class
-rw-rw-r--   1 travis travis   9958 Sep  8 19:03 ModularCodeGen3_A1_B1.java
-rw-rw-r--   1 travis travis    880 Sep  8 19:03 ModularCodeGen3_A1_B1.mk
-rw-rw-r--   1 travis travis   1330 Sep  8 19:03 ModularCodeGen3_A1_B1_profile.class
-rw-rw-r--   1 travis travis   1274 Sep  8 19:03 ModularCodeGen3_A1_B1_profile.java
-rw-rw-r--   1 travis travis   3973 Sep  8 19:03 ModularCodeGen3_A1_B2.class
-rw-rw-r--   1 travis travis   9958 Sep  8 19:03 ModularCodeGen3_A1_B2.java
-rw-rw-r--   1 travis travis    880 Sep  8 19:03 ModularCodeGen3_A1_B2.mk
-rw-rw-r--   1 travis travis   1330 Sep  8 19:03 ModularCodeGen3_A1_B2_profile.class
-rw-rw-r--   1 travis travis   1274 Sep  8 19:03 ModularCodeGen3_A1_B2_profile.java
-rw-rw-r--   1 travis travis   5193 Sep  8 19:03 ModularCodeGen3_A1.class
-rw-rw-r--   1 travis travis  15564 Sep  8 19:03 ModularCodeGen3_A1.java
-rw-rw-r--   1 travis travis    856 Sep  8 19:03 ModularCodeGen3_A1.mk
-rw-rw-r--   1 travis travis   1445 Sep  8 19:03 ModularCodeGen3_A1_profile.class
-rw-rw-r--   1 travis travis   1716 Sep  8 19:03 ModularCodeGen3_A1_profile.java
-rw-rw-r--   1 travis travis   1458 Sep  8 19:03 ModularCodeGen3_A2_B1_profile.java
-rw-rw-r--   1 travis travis   4186 Sep  8 19:03 ModularCodeGen_ModularCodeGenTypedCompositeActor.class
-rw-rw-r--   1 travis travis  10970 Sep  8 19:03 ModularCodeGen_ModularCodeGenTypedCompositeActor.java
-rw-rw-r--   1 travis travis   1096 Sep  8 19:03 ModularCodeGen_ModularCodeGenTypedCompositeActor.mk
-rw-rw-r--   1 travis travis   1384 Sep  8 19:03 ModularCodeGen_ModularCodeGenTypedCompositeActor_profile.class
-rw-rw-r--   1 travis travis   1328 Sep  8 19:03 ModularCodeGen_ModularCodeGenTypedCompositeActor_profile.java
-rw-rw-r--   1 travis travis   3724 Sep  8 19:02 ModularCodeGenTest_A1_A2.class
-rw-rw-r--   1 travis travis   9164 Sep  8 19:02 ModularCodeGenTest_A1_A2.java
-rw-rw-r--   1 travis travis   1306 Sep  8 19:02 ModularCodeGenTest_A1_A2_profile.class
-rw-rw-r--   1 travis travis   4055 Sep  8 19:02 ModularCodeGenTest_A1.class
-rw-rw-r--   1 travis travis   9968 Sep  8 19:02 ModularCodeGenTest_A1.java
-rw-rw-r--   1 travis travis    880 Sep  8 19:02 ModularCodeGenTest_A1.mk
-rw-rw-r--   1 travis travis   1352 Sep  8 19:02 ModularCodeGenTest_A1_profile.class
-rw-rw-r--   1 travis travis   1394 Sep  8 19:02 ModularCodeGenTest_A1_profile.java
drwxrwxr-x   3 travis travis  32768 Sep  8 19:02 modulation2
drwxrwxr-x 188 travis travis  12288 Sep  8 19:02 node_modules
drwxrwxr-x   3 travis travis  20480 Sep  8 18:58 PhaseUnwrap
drwxrwxr-x   3 travis travis  12288 Sep  8 18:59 ReadFile1
-rw-rw-r--   1 travis travis     11 Sep  8 18:58 ReadFile1Output.txt
-rw-rw-r--   1 travis travis  13773 Sep  8 19:02 Repeat.class
-rw-rw-r--   1 travis travis    685 Sep  8 19:02 Repeat$_fireFunction_Repeat_Repeat$__f_sL_11.class
-rw-rw-r--   1 travis travis    541 Sep  8 19:02 Repeat$_fireFunction_Repeat_Repeat$__f_sL_12.class
-rw-rw-r--   1 travis travis    541 Sep  8 19:02 Repeat$_fireFunction_Repeat_Repeat$__f_sL_13.class
-rw-rw-r--   1 travis travis    541 Sep  8 19:02 Repeat$_fireFunction_Repeat_Repeat$__f_sL_14.class
-rw-rw-r--   1 travis travis    684 Sep  8 19:02 Repeat$_fireFunction_Repeat_Repeat$__f_sL_1.class
-rw-rw-r--   1 travis travis    683 Sep  8 19:02 Repeat$_fireFunction_Repeat_Repeat$__f_sL_4.class
-rw-rw-r--   1 travis travis    539 Sep  8 19:02 Repeat$_fireFunction_Repeat_Repeat$__f_sL_9.class
-rw-rw-r--   1 travis travis    494 Sep  8 19:02 Repeat$_initialize_Repeat$__i_sL_2.class
-rw-rw-r--   1 travis travis   1281 Sep  8 19:02 Repeat.mk
-rw-rw-r--   1 travis travis    539 Sep  8 19:02 Repeat$_preinitializeMethod_Repeat$__p_sL_0.class
-rw-rw-r--   1 travis travis   1102 Sep  8 19:02 Repeat$_Repeat$_fireFunction_Repeat_AddSubtract_Repeat.class
-rw-rw-r--   1 travis travis    810 Sep  8 19:02 Repeat$_Repeat$_fireFunction_Repeat_AddSubtract_Repeat$__f_sL_0.class
-rw-rw-r--   1 travis travis    928 Sep  8 19:02 Repeat$_Repeat$_fireFunction_Repeat_AddSubtract_Repeat$__f_sL_1.class
-rw-rw-r--   1 travis travis    934 Sep  8 19:02 Repeat$_Repeat$_fireFunction_Repeat_AddSubtract_Repeat$__f_sL_2.class
-rw-rw-r--   1 travis travis    862 Sep  8 19:02 Repeat$_Repeat$_fireFunction_Repeat_AddSubtract_Repeat$__f_sL_3.class
-rw-rw-r--   1 travis travis    757 Sep  8 19:02 Repeat$_Repeat$_fireFunction_Repeat_Ramp2_Repeat$__f_sL_0.class
-rw-rw-r--   1 travis travis    888 Sep  8 19:02 Repeat$_Repeat$_fireFunction_Repeat_Test_Repeat$__f_sL_0.class
-rw-rw-r--   1 travis travis    634 Sep  8 19:02 Repeat$_Repeat$_fireFunction_Repeat_Test_Repeat$__f_sL_1.class
-rw-rw-r--   1 travis travis    704 Sep  8 19:02 Repeat$_Repeat_SDF_Director_run_Repeat$__R_sL_0.class
-rw-rw-r--   1 travis travis    705 Sep  8 19:02 Repeat$_Repeat_SDF_Director_run_Repeat$__R_sL_11.class
-rw-rw-r--   1 travis travis    561 Sep  8 19:02 Repeat$_Repeat_SDF_Director_run_Repeat$__R_sL_13.class
-rw-rw-r--   1 travis travis    559 Sep  8 19:02 Repeat$_Repeat_SDF_Director_run_Repeat$__R_sL_2.class
-rw-rw-r--   1 travis travis    703 Sep  8 19:02 Repeat$_Repeat_SDF_Director_run_Repeat$__R_sL_3.class
-rw-rw-r--   1 travis travis    559 Sep  8 19:02 Repeat$_Repeat_SDF_Director_run_Repeat$__R_sL_5.class
-rw-rw-r--   1 travis travis    559 Sep  8 19:02 Repeat$_Repeat_SDF_Director_run_Repeat$__R_sL_8.class
drwxrwxr-x   2 travis travis   4096 Sep  8 19:02 RepeatVariables
-rw-rw-r--   1 travis travis    882 Sep  8 19:02 Repeat$_varinit_Repeat.class
-rw-rw-r--   1 travis travis    550 Sep  8 19:02 Repeat$_varinit_Repeat$__v_sL_2.class
-rw-rw-r--   1 travis travis    924 Sep  8 19:02 Repeat$_varinit_Repeat$__v_sL_4.class
-rw-rw-r--   1 travis travis    978 Sep  8 19:02 Repeat$_wrapup_Repeat$__w_sL_1.class
drwxrwxr-x   3 travis travis  20480 Sep  8 18:59 Sinewave
drwxrwxr-x   3 travis travis  32768 Sep  8 19:00 StringFunction
drwxrwxr-x   3 travis travis  12288 Sep  8 19:00 StringLength
drwxrwxr-x   3 travis travis  61440 Sep  8 19:00 StringMatches2
drwxrwxr-x   3 travis travis  61440 Sep  8 19:01 StringSimpleReplace
drwxrwxr-x   3 travis travis  65536 Sep  8 19:01 StringSubstring
drwxrwxr-x   3 travis travis  24576 Sep  8 19:01 StringSubstring2
drwxrwxr-x   3 travis travis  16384 Sep  8 19:02 time1
drwxrwxr-x   3 travis travis  12288 Sep  8 19:02 time5
-rw-rw-r--   1 travis travis    432 Sep  8 19:03 Token.class
-rw-rw-r--   1 travis travis    251 Sep  8 19:03 Token.java
-rwxrwxr-x   1 travis travis 466992 Sep  8 18:56 top
-rw-rw-r--   1 travis travis  20502 Sep  8 18:56 top.c
-rw-rw-r--   1 travis travis   3799 Sep  8 19:02 top.class
-rw-rw-r--   1 travis travis   1257 Sep  8 19:02 top.mk
All Done
Writing ModularCodeGen3_A2_B1.java in file:/home/travis/cg/ (10955 characters)
Reading "ptolemy/cg/kernel/generic/program/procedural/java/modular/makefile.in",
    writing "/home/travis/cg/ModularCodeGen3_A2_B1.mk"
Using ptolemy/cg/kernel/generic/program/procedural/java/modular/makefile.in
In "/home/travis/cg", about to execute:
    make -f ModularCodeGen3_A2_B1.mk
javac -classpath ".:.."    ModularCodeGen3_A2_B1.java
All Done
In "/home/travis/cg", about to execute:
    pwd
/home/travis/cg
In "/home/travis/cg", about to execute:
    ls -l
total 1856
drwxrwxr-x   3 travis travis  12288 Sep  8 18:57 AbsoluteValue
drwxrwxr-x   3 travis travis 102400 Sep  8 18:56 AllColt
drwxrwxr-x   3 travis travis  12288 Sep  8 18:57 Case1
-rw-rw-r--   1 travis travis   5128 Sep  8 19:02 CompiledCompositeActor_CompiledCompositeActor.class
-rw-rw-r--   1 travis travis   1611 Sep  8 19:02 CompiledCompositeActor_CompiledCompositeActor$_CompiledCompositeActor_CompiledCompositeActor.class
-rw-rw-r--   1 travis travis  13466 Sep  8 19:02 CompiledCompositeActor_CompiledCompositeActor.java
-rw-rw-r--   1 travis travis   1593 Sep  8 19:02 CompiledCompositeActor_CompiledCompositeActor.mk
drwxrwxr-x   5 travis travis   4096 Sep  8 18:56 fmi
drwxrwxr-x   3 travis travis  16384 Sep  8 18:57 Gaussian2
-rw-rw-r--   1 travis travis   4684 Sep  8 19:02 JavaCompiledCompositeTest1_CompiledCompositeActor.class
-rw-rw-r--   1 travis travis  11637 Sep  8 19:02 JavaCompiledCompositeTest1_CompiledCompositeActor.java
-rw-rw-r--   1 travis travis   1217 Sep  8 19:02 JavaCompiledCompositeTest1_CompiledCompositeActor$_JavaCompiledCompositeTest1_CompiledCompositeActor.class
-rw-rw-r--   1 travis travis   1625 Sep  8 19:02 JavaCompiledCompositeTest1_CompiledCompositeActor.mk
-rw-rw-r--   1 travis travis   5115 Sep  8 19:02 JavaCompiledCompositeTest2_CompiledCompositeActor.class
-rw-rw-r--   1 travis travis  14919 Sep  8 19:02 JavaCompiledCompositeTest2_CompiledCompositeActor.java
-rw-rw-r--   1 travis travis   1812 Sep  8 19:02 JavaCompiledCompositeTest2_CompiledCompositeActor$_JavaCompiledCompositeTest2_CompiledCompositeActor.class
-rw-rw-r--   1 travis travis   1625 Sep  8 19:02 JavaCompiledCompositeTest2_CompiledCompositeActor.mk
-rw-rw-r--   1 travis travis   4732 Sep  8 19:02 JavaCompiledCompositeTest3_CompiledCompositeActor.class
-rw-rw-r--   1 travis travis  13080 Sep  8 19:02 JavaCompiledCompositeTest3_CompiledCompositeActor.java
-rw-rw-r--   1 travis travis   1397 Sep  8 19:02 JavaCompiledCompositeTest3_CompiledCompositeActor$_JavaCompiledCompositeTest3_CompiledCompositeActor.class
-rw-rw-r--   1 travis travis   1625 Sep  8 19:02 JavaCompiledCompositeTest3_CompiledCompositeActor.mk
-rw-rw-r--   1 travis travis   4183 Sep  8 19:03 JavaCompiledCompositeTest4_CompiledCompositeActor.class
-rw-rw-r--   1 travis travis   9687 Sep  8 19:02 JavaCompiledCompositeTest4_CompiledCompositeActor.java
-rw-rw-r--   1 travis travis    876 Sep  8 19:03 JavaCompiledCompositeTest4_CompiledCompositeActor$_JavaCompiledCompositeTest4_CompiledCompositeActor.class
-rw-rw-r--   1 travis travis   1625 Sep  8 19:02 JavaCompiledCompositeTest4_CompiledCompositeActor.mk
drwxrwxr-x   3 travis travis  12288 Sep  8 18:58 LookupTable
drwxrwxr-x   3 travis travis  20480 Sep  8 18:58 MaxIndex
-rw-rw-r--   1 travis travis   3925 Sep  8 19:03 ModularCG_A1_B1.class
-rw-rw-r--   1 travis travis   9730 Sep  8 19:03 ModularCG_A1_B1.java
-rw-rw-r--   1 travis travis    832 Sep  8 19:03 ModularCG_A1_B1.mk
-rw-rw-r--   1 travis travis   1318 Sep  8 19:03 ModularCG_A1_B1_profile.class
-rw-rw-r--   1 travis travis   1262 Sep  8 19:03 ModularCG_A1_B1_profile.java
-rw-rw-r--   1 travis travis   3925 Sep  8 19:03 ModularCG_A1_B2.class
-rw-rw-r--   1 travis travis   9730 Sep  8 19:03 ModularCG_A1_B2.java
-rw-rw-r--   1 travis travis    832 Sep  8 19:03 ModularCG_A1_B2.mk
-rw-rw-r--   1 travis travis   1318 Sep  8 19:03 ModularCG_A1_B2_profile.class
-rw-rw-r--   1 travis travis   1262 Sep  8 19:03 ModularCG_A1_B2_profile.java
-rw-rw-r--   1 travis travis   5031 Sep  8 19:03 ModularCG_A1.class
-rw-rw-r--   1 travis travis  14742 Sep  8 19:03 ModularCG_A1.java
-rw-rw-r--   1 travis travis    808 Sep  8 19:03 ModularCG_A1.mk
-rw-rw-r--   1 travis travis   1433 Sep  8 19:03 ModularCG_A1_profile.class
-rw-rw-r--   1 travis travis   1704 Sep  8 19:03 ModularCG_A1_profile.java
-rw-rw-r--   1 travis travis   4059 Sep  8 19:03 ModularCG_A2_B1.class
-rw-rw-r--   1 travis travis  10667 Sep  8 19:03 ModularCG_A2_B1.java
-rw-rw-r--   1 travis travis    832 Sep  8 19:03 ModularCG_A2_B1.mk
-rw-rw-r--   1 travis travis   1381 Sep  8 19:03 ModularCG_A2_B1_profile.class
-rw-rw-r--   1 travis travis   1446 Sep  8 19:03 ModularCG_A2_B1_profile.java
-rw-rw-r--   1 travis travis   3925 Sep  8 19:03 ModularCG_A2_B2.class
-rw-rw-r--   1 travis travis   9730 Sep  8 19:03 ModularCG_A2_B2.java
-rw-rw-r--   1 travis travis    832 Sep  8 19:03 ModularCG_A2_B2.mk
-rw-rw-r--   1 travis travis   1318 Sep  8 19:03 ModularCG_A2_B2_profile.class
-rw-rw-r--   1 travis travis   1262 Sep  8 19:03 ModularCG_A2_B2_profile.java
-rw-rw-r--   1 travis travis   5102 Sep  8 19:03 ModularCG_A2.class
-rw-rw-r--   1 travis travis  15129 Sep  8 19:03 ModularCG_A2.java
-rw-rw-r--   1 travis travis    808 Sep  8 19:03 ModularCG_A2.mk
-rw-rw-r--   1 travis travis   1433 Sep  8 19:03 ModularCG_A2_profile.class
-rw-rw-r--   1 travis travis   1704 Sep  8 19:03 ModularCG_A2_profile.java
-rw-rw-r--   1 travis travis   3705 Sep  8 19:03 ModularCGPubSub_A1_A2.class
-rw-rw-r--   1 travis travis   9076 Sep  8 19:03 ModularCGPubSub_A1_A2.java
-rw-rw-r--   1 travis travis    880 Sep  8 19:03 ModularCGPubSub_A1_A2.mk
-rw-rw-r--   1 travis travis   1300 Sep  8 19:03 ModularCGPubSub_A1_A2_profile.class
-rw-rw-r--   1 travis travis   1222 Sep  8 19:03 ModularCGPubSub_A1_A2_profile.java
-rw-rw-r--   1 travis travis   4022 Sep  8 19:03 ModularCGPubSub_A1.class
-rw-rw-r--   1 travis travis   9836 Sep  8 19:03 ModularCGPubSub_A1.java
-rw-rw-r--   1 travis travis    856 Sep  8 19:03 ModularCGPubSub_A1.mk
-rw-rw-r--   1 travis travis   1346 Sep  8 19:03 ModularCGPubSub_A1_profile.class
-rw-rw-r--   1 travis travis   1388 Sep  8 19:03 ModularCGPubSub_A1_profile.java
-rw-rw-r--   1 travis travis   4220 Sep  8 19:03 ModularCodeGen2_ModularCodeGenTypedCompositeActor.class
-rw-rw-r--   1 travis travis  11690 Sep  8 19:03 ModularCodeGen2_ModularCodeGenTypedCompositeActor.java
-rw-rw-r--   1 travis travis   1104 Sep  8 19:03 ModularCodeGen2_ModularCodeGenTypedCompositeActor.mk
-rw-rw-r--   1 travis travis   4504 Sep  8 19:03 ModularCodeGen2_ModularCodeGenTypedCompositeActor_ModularCodeGenTypedCompositeActor.class
-rw-rw-r--   1 travis travis  11790 Sep  8 19:03 ModularCodeGen2_ModularCodeGenTypedCompositeActor_ModularCodeGenTypedCompositeActor.java
-rw-rw-r--   1 travis travis   1376 Sep  8 19:03 ModularCodeGen2_ModularCodeGenTypedCompositeActor_ModularCodeGenTypedCompositeActor.mk
-rw-rw-r--   1 travis travis   1421 Sep  8 19:03 ModularCodeGen2_ModularCodeGenTypedCompositeActor_ModularCodeGenTypedCompositeActor_profile.class
-rw-rw-r--   1 travis travis   1294 Sep  8 19:03 ModularCodeGen2_ModularCodeGenTypedCompositeActor_ModularCodeGenTypedCompositeActor_profile.java
-rw-rw-r--   1 travis travis    820 Sep  8 19:03 ModularCodeGen2_ModularCodeGenTypedCompositeActor_profile.class
-rw-rw-r--   1 travis travis    693 Sep  8 19:03 ModularCodeGen2_ModularCodeGenTypedCompositeActor_profile.java
-rw-rw-r--   1 travis travis   3973 Sep  8 19:03 ModularCodeGen3_A1_B1.class
-rw-rw-r--   1 travis travis   9958 Sep  8 19:03 ModularCodeGen3_A1_B1.java
-rw-rw-r--   1 travis travis    880 Sep  8 19:03 ModularCodeGen3_A1_B1.mk
-rw-rw-r--   1 travis travis   1330 Sep  8 19:03 ModularCodeGen3_A1_B1_profile.class
-rw-rw-r--   1 travis travis   1274 Sep  8 19:03 ModularCodeGen3_A1_B1_profile.java
-rw-rw-r--   1 travis travis   3973 Sep  8 19:03 ModularCodeGen3_A1_B2.class
-rw-rw-r--   1 travis travis   9958 Sep  8 19:03 ModularCodeGen3_A1_B2.java
-rw-rw-r--   1 travis travis    880 Sep  8 19:03 ModularCodeGen3_A1_B2.mk
-rw-rw-r--   1 travis travis   1330 Sep  8 19:03 ModularCodeGen3_A1_B2_profile.class
-rw-rw-r--   1 travis travis   1274 Sep  8 19:03 ModularCodeGen3_A1_B2_profile.java
-rw-rw-r--   1 travis travis   5193 Sep  8 19:03 ModularCodeGen3_A1.class
-rw-rw-r--   1 travis travis  15564 Sep  8 19:03 ModularCodeGen3_A1.java
-rw-rw-r--   1 travis travis    856 Sep  8 19:03 ModularCodeGen3_A1.mk
-rw-rw-r--   1 travis travis   1445 Sep  8 19:03 ModularCodeGen3_A1_profile.class
-rw-rw-r--   1 travis travis   1716 Sep  8 19:03 ModularCodeGen3_A1_profile.java
-rw-rw-r--   1 travis travis   4119 Sep  8 19:03 ModularCodeGen3_A2_B1.class
-rw-rw-r--   1 travis travis  10955 Sep  8 19:03 ModularCodeGen3_A2_B1.java
-rw-rw-r--   1 travis travis    880 Sep  8 19:03 ModularCodeGen3_A2_B1.mk
-rw-rw-r--   1 travis travis   1393 Sep  8 19:03 ModularCodeGen3_A2_B1_profile.class
-rw-rw-r--   1 travis travis   1458 Sep  8 19:03 ModularCodeGen3_A2_B1_profile.java
-rw-rw-r--   1 travis travis   1274 Sep  8 19:03 ModularCodeGen3_A2_B2_profile.java
-rw-rw-r--   1 travis travis   4186 Sep  8 19:03 ModularCodeGen_ModularCodeGenTypedCompositeActor.class
-rw-rw-r--   1 travis travis  10970 Sep  8 19:03 ModularCodeGen_ModularCodeGenTypedCompositeActor.java
-rw-rw-r--   1 travis travis   1096 Sep  8 19:03 ModularCodeGen_ModularCodeGenTypedCompositeActor.mk
-rw-rw-r--   1 travis travis   1384 Sep  8 19:03 ModularCodeGen_ModularCodeGenTypedCompositeActor_profile.class
-rw-rw-r--   1 travis travis   1328 Sep  8 19:03 ModularCodeGen_ModularCodeGenTypedCompositeActor_profile.java
-rw-rw-r--   1 travis travis   3724 Sep  8 19:02 ModularCodeGenTest_A1_A2.class
-rw-rw-r--   1 travis travis   9164 Sep  8 19:02 ModularCodeGenTest_A1_A2.java
-rw-rw-r--   1 travis travis   1306 Sep  8 19:02 ModularCodeGenTest_A1_A2_profile.class
-rw-rw-r--   1 travis travis   4055 Sep  8 19:02 ModularCodeGenTest_A1.class
-rw-rw-r--   1 travis travis   9968 Sep  8 19:02 ModularCodeGenTest_A1.java
-rw-rw-r--   1 travis travis    880 Sep  8 19:02 ModularCodeGenTest_A1.mk
-rw-rw-r--   1 travis travis   1352 Sep  8 19:02 ModularCodeGenTest_A1_profile.class
-rw-rw-r--   1 travis travis   1394 Sep  8 19:02 ModularCodeGenTest_A1_profile.java
drwxrwxr-x   3 travis travis  32768 Sep  8 19:02 modulation2
drwxrwxr-x 188 travis travis  12288 Sep  8 19:02 node_modules
drwxrwxr-x   3 travis travis  20480 Sep  8 18:58 PhaseUnwrap
drwxrwxr-x   3 travis travis  12288 Sep  8 18:59 ReadFile1
-rw-rw-r--   1 travis travis     11 Sep  8 18:58 ReadFile1Output.txt
-rw-rw-r--   1 travis travis  13773 Sep  8 19:02 Repeat.class
-rw-rw-r--   1 travis travis    685 Sep  8 19:02 Repeat$_fireFunction_Repeat_Repeat$__f_sL_11.class
-rw-rw-r--   1 travis travis    541 Sep  8 19:02 Repeat$_fireFunction_Repeat_Repeat$__f_sL_12.class
-rw-rw-r--   1 travis travis    541 Sep  8 19:02 Repeat$_fireFunction_Repeat_Repeat$__f_sL_13.class
-rw-rw-r--   1 travis travis    541 Sep  8 19:02 Repeat$_fireFunction_Repeat_Repeat$__f_sL_14.class
-rw-rw-r--   1 travis travis    684 Sep  8 19:02 Repeat$_fireFunction_Repeat_Repeat$__f_sL_1.class
-rw-rw-r--   1 travis travis    683 Sep  8 19:02 Repeat$_fireFunction_Repeat_Repeat$__f_sL_4.class
-rw-rw-r--   1 travis travis    539 Sep  8 19:02 Repeat$_fireFunction_Repeat_Repeat$__f_sL_9.class
-rw-rw-r--   1 travis travis    494 Sep  8 19:02 Repeat$_initialize_Repeat$__i_sL_2.class
-rw-rw-r--   1 travis travis   1281 Sep  8 19:02 Repeat.mk
-rw-rw-r--   1 travis travis    539 Sep  8 19:02 Repeat$_preinitializeMethod_Repeat$__p_sL_0.class
-rw-rw-r--   1 travis travis   1102 Sep  8 19:02 Repeat$_Repeat$_fireFunction_Repeat_AddSubtract_Repeat.class
-rw-rw-r--   1 travis travis    810 Sep  8 19:02 Repeat$_Repeat$_fireFunction_Repeat_AddSubtract_Repeat$__f_sL_0.class
-rw-rw-r--   1 travis travis    928 Sep  8 19:02 Repeat$_Repeat$_fireFunction_Repeat_AddSubtract_Repeat$__f_sL_1.class
-rw-rw-r--   1 travis travis    934 Sep  8 19:02 Repeat$_Repeat$_fireFunction_Repeat_AddSubtract_Repeat$__f_sL_2.class
-rw-rw-r--   1 travis travis    862 Sep  8 19:02 Repeat$_Repeat$_fireFunction_Repeat_AddSubtract_Repeat$__f_sL_3.class
-rw-rw-r--   1 travis travis    757 Sep  8 19:02 Repeat$_Repeat$_fireFunction_Repeat_Ramp2_Repeat$__f_sL_0.class
-rw-rw-r--   1 travis travis    888 Sep  8 19:02 Repeat$_Repeat$_fireFunction_Repeat_Test_Repeat$__f_sL_0.class
-rw-rw-r--   1 travis travis    634 Sep  8 19:02 Repeat$_Repeat$_fireFunction_Repeat_Test_Repeat$__f_sL_1.class
-rw-rw-r--   1 travis travis    704 Sep  8 19:02 Repeat$_Repeat_SDF_Director_run_Repeat$__R_sL_0.class
-rw-rw-r--   1 travis travis    705 Sep  8 19:02 Repeat$_Repeat_SDF_Director_run_Repeat$__R_sL_11.class
In "/home/travis/cg", about to execute:
-rw-rw-r--   1 travis travis    561 Sep  8 19:02 Repeat$_Repeat_SDF_Director_run_Repeat$__R_sL_13.class
-rw-rw-r--   1 travis travis    559 Sep  8 19:02 Repeat$_Repeat_SDF_Director_run_Repeat$__R_sL_2.class
-rw-rw-r--   1 travis travis    703 Sep  8 19:02 Repeat$_Repeat_SDF_Director_run_Repeat$__R_sL_3.class
-rw-rw-r--   1 travis travis    559 Sep  8 19:02 Repeat$_Repeat_SDF_Director_run_Repeat$__R_sL_5.class
-rw-rw-r--   1 travis travis    559 Sep  8 19:02 Repeat$_Repeat_SDF_Director_run_Repeat$__R_sL_8.class
drwxrwxr-x   2 travis travis   4096 Sep  8 19:02 RepeatVariables
-rw-rw-r--   1 travis travis    882 Sep  8 19:02 Repeat$_varinit_Repeat.class
-rw-rw-r--   1 travis travis    550 Sep  8 19:02 Repeat$_varinit_Repeat$__v_sL_2.class
-rw-rw-r--   1 travis travis    924 Sep  8 19:02 Repeat$_varinit_Repeat$__v_sL_4.class
-rw-rw-r--   1 travis travis    978 Sep  8 19:02 Repeat$_wrapup_Repeat$__w_sL_1.class
drwxrwxr-x   3 travis travis  20480 Sep  8 18:59 Sinewave
drwxrwxr-x   3 travis travis  32768 Sep  8 19:00 StringFunction
drwxrwxr-x   3 travis travis  12288 Sep  8 19:00 StringLength
drwxrwxr-x   3 travis travis  61440 Sep  8 19:00 StringMatches2
drwxrwxr-x   3 travis travis  61440 Sep  8 19:01 StringSimpleReplace
drwxrwxr-x   3 travis travis  65536 Sep  8 19:01 StringSubstring
drwxrwxr-x   3 travis travis  24576 Sep  8 19:01 StringSubstring2
drwxrwxr-x   3 travis travis  16384 Sep  8 19:02 time1
drwxrwxr-x   3 travis travis  12288 Sep  8 19:02 time5
-rw-rw-r--   1 travis travis    432 Sep  8 19:03 Token.class
-rw-rw-r--   1 travis travis    251 Sep  8 19:03 Token.java
-rwxrwxr-x   1 travis travis 466992 Sep  8 18:56 top
-rw-rw-r--   1 travis travis  20502 Sep  8 18:56 top.c
-rw-rw-r--   1 travis travis   3799 Sep  8 19:02 top.class
-rw-rw-r--   1 travis travis   1257 Sep  8 19:02 top.mk
    javac -classpath
.:/home/travis/build/icyphy/ptII:/home/travis/build/icyphy/ptII/lib/asm-all-5.2
.jar:/home/travis/build/icyphy/ptII/lib/nashorn-core-15.3.jar:/home/travis/buil
d/icyphy/ptII/lib/bsh-2.0b4.jar:/home/travis/build/icyphy/ptII/lib/ptCal.jar:/h
ome/travis/build/icyphy/ptII/lib/java_cup.jar:/home/travis/build/icyphy/ptII/li
b/saxon8.jar:/home/travis/build/icyphy/ptII/lib/saxon8-dom.jar:/home/travis/bui
ld/icyphy/ptII/lib/chic.jar:/home/travis/build/icyphy/ptII/lib/ptcolt.jar:/home
/travis/build/icyphy/ptII/vendors/misc/itext/iText.jar:/home/travis/build/icyph
y/ptII/lib/g4ltl.jar:/home/travis/build/icyphy/ptII/lib/StructuralCoder.jar:/ho
me/travis/build/icyphy/ptII/lib/jcerti.jar:/home/travis/build/icyphy/ptII/lib/j
avax.mail.jar:/home/travis/build/icyphy/ptII/vendors/JMF-2.1.1e/lib/jmf.jar:/ho
me/travis/build/icyphy/ptII/lib/jna-4.0.0-variadic.jar:/home/travis/build/icyph
y/ptII/vendors/misc/joystick/Joystick.jar:/home/travis/build/icyphy/ptII/lib/pt
jacl.jar:/home/travis/build/icyphy/ptII/lib/jsoup-1.14.2.jar:/home/travis/build
/icyphy/ptII/lib/junit-4.8.2.jar:/home/travis/build/icyphy/ptII/lib/JUnitParams
-0.4.0.jar:/home/travis/build/icyphy/ptII/ptolemy/actor/lib/excel/jxl.jar:/home
/travis/build/icyphy/ptII/lib/jython.jar:/home/travis/build/icyphy/ptII/lib/kie
ler.jar:/home/travis/build/icyphy/ptII/vendors/opencv/share/OpenCV/java/opencv-
341.jar:/home/travis/build/icyphy/ptII/lib/oscP5.jar:/home/travis/build/icyphy/
ptII/lib/nrjavaserial-3.11.0.devel.jar:/home/travis/build/icyphy/ptII/vendors/j
3d/lib/Linux/j3dcore.jar:/home/travis/build/icyphy/ptII/vendors/j3d/lib/Linux/j
3dutils.jar:/home/travis/build/icyphy/ptII/vendors/j3d/lib/Linux/vecmath.jar:/h
ome/travis/build/icyphy/ptII/vendors/jogl/lib/Linux/gluegen-rt-natives-linux-am
d64.jar:/home/travis/build/icyphy/ptII/vendors/jogl/lib/Linux/gluegen-rt.jar:/h
ome/travis/build/icyphy/ptII/vendors/jogl/lib/Linux/jogl-all-natives-linux-amd6
4.jar:/home/travis/build/icyphy/ptII/vendors/jogl/lib/Linux/jogl-all.jar:/home/
travis/build/icyphy/ptII/ptolemy/distributed/jini/jar/jini-core.jar:/home/travi
s/build/icyphy/ptII/ptolemy/distributed/jini/jar/jini-ext.jar:/home/travis/buil
d/icyphy/ptII/ptolemy/distributed/jini/jar/sun-util.jar:/home/travis/build/icyp
hy/ptII/lib/protobuf-java-2.4.1.jar:/home/travis/build/icyphy/ptII/lib/org.ecli
pse.paho.client.mqttv3.jar:/home/travis/build/icyphy/ptII/lib/mapss.jar:/home/t
ravis/build/icyphy/ptII/ptolemy/actor/ptalon/antlr/antlr.jar:/home/travis/build
/icyphy/ptII/lib/JRI.jar:/home/travis/build/icyphy/ptII/lib/commons-lang-2.6.ja
r:/home/travis/build/icyphy/ptII/lib/commons-logging-1.1.1.jar:/home/travis/bui
ld/icyphy/ptII/lib/sootclasses.jar:/home/travis/build/icyphy/ptII/ptolemy/actor
/lib/database/mysql-connector-java-8.0.26.jar:/home/travis/build/icyphy/ptII/ve
ndors/misc/sphinx4/sphinx4-data-5prealpha.jar:/home/travis/build/icyphy/ptII/ve
ndors/misc/sphinx4/sphinx4-core-5prealpha.jar:/home/travis/build/icyphy/ptII/li
b/PDFRenderer.jar:/home/travis/build/icyphy/ptII/lib/svgSalamander.jar:/home/tr
avis/build/icyphy/ptII/lib/rsyntaxtextarea-2.6.0-SNAPSHOT.jar:/home/travis/buil
d/icyphy/ptII/lib/hazelcast-3.8.2.jar:/home/travis/build/icyphy/ptII/lib/jackso
n-annotations-2.9.0.jar:/home/travis/build/icyphy/ptII/lib/jackson-core-2.9.3.j
ar:/home/travis/build/icyphy/ptII/lib/jackson-databind-2.9.3.jar:/home/travis/b
uild/icyphy/ptII/lib/netty-buffer-4.1.19.Final.jar:/home/travis/build/icyphy/pt
II/lib/netty-codec-4.1.19.Final.jar:/home/travis/build/icyphy/ptII/lib/netty-co
dec-dns-4.1.19.Final.jar:/home/travis/build/icyphy/ptII/lib/netty-codec-http-4.
1.19.Final.jar:/home/travis/build/icyphy/ptII/lib/netty-codec-http2-4.1.19.Fina
l.jar:/home/travis/build/icyphy/ptII/lib/netty-common-4.1.19.Final.jar:/home/tr
avis/build/icyphy/ptII/lib/netty-handler-4.1.19.Final.jar:/home/travis/build/ic
yphy/ptII/lib/netty-resolver-4.1.19.Final.jar:/home/travis/build/icyphy/ptII/li
b/netty-resolver-dns-4.1.19.Final.jar:/home/travis/build/icyphy/ptII/lib/netty-
transport-4.1.19.Final.jar:/home/travis/build/icyphy/ptII/lib/vertx-codegen-3.5
.1.jar:/home/travis/build/icyphy/ptII/lib/vertx-core-3.5.2-SNAPSHOT.jar:/home/t
ravis/build/icyphy/ptII/lib/vertx-hazelcast-3.5.1.jar:/home/travis/build/icyphy
/ptII/lib/vertx-lang-js-3.5.1.jar:/home/travis/build/icyphy/ptII/lib/vertx-serv
ice-proxy-3.5.1.jar:/home/travis/build/icyphy/ptII/lib/vertx-web-3.5.1.jar:/hom
e/travis/build/icyphy/ptII/lib/slf4j-api-1.7.13.jar:/home/travis/build/icyphy/p
tII/lib/slf4j-simple-1.7.13.jar:/home/travis/build/icyphy/ptII/lib/webcam-captu
re-0.3.12.jar:/home/travis/build/icyphy/ptII/lib/bridj-0.7.0.jar:/home/travis/b
uild/icyphy/ptII/lib/xbjlib-1.1.0.nrjavaserial.jar:/home/travis/build/icyphy/pt
II/ptolemy/moml/test:/home/travis/build/icyphy/ptII/ant/lib/ant-launcher.jar:/h
ome/travis/build/icyphy/ptII/ant/lib/ant.jar:/home/travis/build/icyphy/ptII/ant
/lib/ant-junit.jar:/home/travis/build/icyphy/ptII/ant/lib/ant-junit4.jar:/home/
travis/build/icyphy/ptII ModularCodeGen3_A2_B2_profile.java
All Done
Writing ModularCodeGen3_A2_B2.java in file:/home/travis/cg/ (9958 characters)
Reading "ptolemy/cg/kernel/generic/program/procedural/java/modular/makefile.in",
    writing "/home/travis/cg/ModularCodeGen3_A2_B2.mk"
Using ptolemy/cg/kernel/generic/program/procedural/java/modular/makefile.in
In "/home/travis/cg", about to execute:
    make -f ModularCodeGen3_A2_B2.mk
javac -classpath ".:.."    ModularCodeGen3_A2_B2.java
All Done
In "/home/travis/cg", about to execute:
    pwd
In "/home/travis/cg", about to execute:
    ls -l
/home/travis/cg
In "/home/travis/cg", about to execute:
total 1884
drwxrwxr-x   3 travis travis  12288 Sep  8 18:57 AbsoluteValue
drwxrwxr-x   3 travis travis 102400 Sep  8 18:56 AllColt
drwxrwxr-x   3 travis travis  12288 Sep  8 18:57 Case1
-rw-rw-r--   1 travis travis   5128 Sep  8 19:02 CompiledCompositeActor_CompiledCompositeActor.class
-rw-rw-r--   1 travis travis   1611 Sep  8 19:02 CompiledCompositeActor_CompiledCompositeActor$_CompiledCompositeActor_CompiledCompositeActor.class
-rw-rw-r--   1 travis travis  13466 Sep  8 19:02 CompiledCompositeActor_CompiledCompositeActor.java
-rw-rw-r--   1 travis travis   1593 Sep  8 19:02 CompiledCompositeActor_CompiledCompositeActor.mk
drwxrwxr-x   5 travis travis   4096 Sep  8 18:56 fmi
drwxrwxr-x   3 travis travis  16384 Sep  8 18:57 Gaussian2
-rw-rw-r--   1 travis travis   4684 Sep  8 19:02 JavaCompiledCompositeTest1_CompiledCompositeActor.class
-rw-rw-r--   1 travis travis  11637 Sep  8 19:02 JavaCompiledCompositeTest1_CompiledCompositeActor.java
-rw-rw-r--   1 travis travis   1217 Sep  8 19:02 JavaCompiledCompositeTest1_CompiledCompositeActor$_JavaCompiledCompositeTest1_CompiledCompositeActor.class
-rw-rw-r--   1 travis travis   1625 Sep  8 19:02 JavaCompiledCompositeTest1_CompiledCompositeActor.mk
-rw-rw-r--   1 travis travis   5115 Sep  8 19:02 JavaCompiledCompositeTest2_CompiledCompositeActor.class
-rw-rw-r--   1 travis travis  14919 Sep  8 19:02 JavaCompiledCompositeTest2_CompiledCompositeActor.java
-rw-rw-r--   1 travis travis   1812 Sep  8 19:02 JavaCompiledCompositeTest2_CompiledCompositeActor$_JavaCompiledCompositeTest2_CompiledCompositeActor.class
-rw-rw-r--   1 travis travis   1625 Sep  8 19:02 JavaCompiledCompositeTest2_CompiledCompositeActor.mk
-rw-rw-r--   1 travis travis   4732 Sep  8 19:02 JavaCompiledCompositeTest3_CompiledCompositeActor.class
-rw-rw-r--   1 travis travis  13080 Sep  8 19:02 JavaCompiledCompositeTest3_CompiledCompositeActor.java
-rw-rw-r--   1 travis travis   1397 Sep  8 19:02 JavaCompiledCompositeTest3_CompiledCompositeActor$_JavaCompiledCompositeTest3_CompiledCompositeActor.class
-rw-rw-r--   1 travis travis   1625 Sep  8 19:02 JavaCompiledCompositeTest3_CompiledCompositeActor.mk
-rw-rw-r--   1 travis travis   4183 Sep  8 19:03 JavaCompiledCompositeTest4_CompiledCompositeActor.class
    javac -classpath
.:/home/travis/build/icyphy/ptII:/home/travis/build/icyphy/ptII/lib/asm-all-5.2
.jar:/home/travis/build/icyphy/ptII/lib/nashorn-core-15.3.jar:/home/travis/buil
d/icyphy/ptII/lib/bsh-2.0b4.jar:/home/travis/build/icyphy/ptII/lib/ptCal.jar:/h
ome/travis/build/icyphy/ptII/lib/java_cup.jar:/home/travis/build/icyphy/ptII/li
b/saxon8.jar:/home/travis/build/icyphy/ptII/lib/saxon8-dom.jar:/home/travis/bui
ld/icyphy/ptII/lib/chic.jar:/home/travis/build/icyphy/ptII/lib/ptcolt.jar:/home
/travis/build/icyphy/ptII/vendors/misc/itext/iText.jar:/home/travis/build/icyph
y/ptII/lib/g4ltl.jar:/home/travis/build/icyphy/ptII/lib/StructuralCoder.jar:/ho
me/travis/build/icyphy/ptII/lib/jcerti.jar:/home/travis/build/icyphy/ptII/lib/j
avax.mail.jar:/home/travis/build/icyphy/ptII/vendors/JMF-2.1.1e/lib/jmf.jar:/ho
me/travis/build/icyphy/ptII/lib/jna-4.0.0-variadic.jar:/home/travis/build/icyph
y/ptII/vendors/misc/joystick/Joystick.jar:/home/travis/build/icyphy/ptII/lib/pt
jacl.jar:/home/travis/build/icyphy/ptII/lib/jsoup-1.14.2.jar:/home/travis/build
/icyphy/ptII/lib/junit-4.8.2.jar:/home/travis/build/icyphy/ptII/lib/JUnitParams
-0.4.0.jar:/home/travis/build/icyphy/ptII/ptolemy/actor/lib/excel/jxl.jar:/home
/travis/build/icyphy/ptII/lib/jython.jar:/home/travis/build/icyphy/ptII/lib/kie
ler.jar:/home/travis/build/icyphy/ptII/vendors/opencv/share/OpenCV/java/opencv-
341.jar:/home/travis/build/icyphy/ptII/lib/oscP5.jar:/home/travis/build/icyphy/
ptII/lib/nrjavaserial-3.11.0.devel.jar:/home/travis/build/icyphy/ptII/vendors/j
3d/lib/Linux/j3dcore.jar:/home/travis/build/icyphy/ptII/vendors/j3d/lib/Linux/j
3dutils.jar:/home/travis/build/icyphy/ptII/vendors/j3d/lib/Linux/vecmath.jar:/h
ome/travis/build/icyphy/ptII/vendors/jogl/lib/Linux/gluegen-rt-natives-linux-am
d64.jar:/home/travis/build/icyphy/ptII/vendors/jogl/lib/Linux/gluegen-rt.jar:/h
ome/travis/build/icyphy/ptII/vendors/jogl/lib/Linux/jogl-all-natives-linux-amd6
4.jar:/home/travis/build/icyphy/ptII/vendors/jogl/lib/Linux/jogl-all.jar:/home/
travis/build/icyphy/ptII/ptolemy/distributed/jini/jar/jini-core.jar:/home/travi
s/build/icyphy/ptII/ptolemy/distributed/jini/jar/jini-ext.jar:/home/travis/buil
d/icyphy/ptII/ptolemy/distributed/jini/jar/sun-util.jar:/home/travis/build/icyp
hy/ptII/lib/protobuf-java-2.4.1.jar:/home/travis/build/icyphy/ptII/lib/org.ecli
pse.paho.client.mqttv3.jar:/home/travis/build/icyphy/ptII/lib/mapss.jar:/home/t
ravis/build/icyphy/ptII/ptolemy/actor/ptalon/antlr/antlr.jar:/home/travis/build
/icyphy/ptII/lib/JRI.jar:/home/travis/build/icyphy/ptII/lib/commons-lang-2.6.ja
r:/home/travis/build/icyphy/ptII/lib/commons-logging-1.1.1.jar:/home/travis/bui
ld/icyphy/ptII/lib/sootclasses.jar:/home/travis/build/icyphy/ptII/ptolemy/actor
/lib/database/mysql-connector-java-8.0.26.jar:/home/travis/build/icyphy/ptII/ve
ndors/misc/sphinx4/sphinx4-data-5prealpha.jar:/home/travis/build/icyphy/ptII/ve
ndors/misc/sphinx4/sphinx4-core-5prealpha.jar:/home/travis/build/icyphy/ptII/li
b/PDFRenderer.jar:/home/travis/build/icyphy/ptII/lib/svgSalamander.jar:/home/tr
avis/build/icyphy/ptII/lib/rsyntaxtextarea-2.6.0-SNAPSHOT.jar:/home/travis/buil
d/icyphy/ptII/lib/hazelcast-3.8.2.jar:/home/travis/build/icyphy/ptII/lib/jackso
n-annotations-2.9.0.jar:/home/travis/build/icyphy/ptII/lib/jackson-core-2.9.3.j
ar:/home/travis/build/icyphy/ptII/lib/jackson-databind-2.9.3.jar:/home/travis/b
uild/icyphy/ptII/lib/netty-buffer-4.1.19.Final.jar:/home/travis/build/icyphy/pt
II/lib/netty-codec-4.1.19.Final.jar:/home/travis/build/icyphy/ptII/lib/netty-co
dec-dns-4.1.19.Final.jar:/home/travis/build/icyphy/ptII/lib/netty-codec-http-4.
1.19.Final.jar:/home/travis/build/icyphy/ptII/lib/netty-codec-http2-4.1.19.Fina
l.jar:/home/travis/build/icyphy/ptII/lib/netty-common-4.1.19.Final.jar:/home/tr
avis/build/icyphy/ptII/lib/netty-handler-4.1.19.Final.jar:/home/travis/build/ic
yphy/ptII/lib/netty-resolver-4.1.19.Final.jar:/home/travis/build/icyphy/ptII/li
b/netty-resolver-dns-4.1.19.Final.jar:/home/travis/build/icyphy/ptII/lib/netty-
transport-4.1.19.Final.jar:/home/travis/build/icyphy/ptII/lib/vertx-codegen-3.5
.1.jar:/home/travis/build/icyphy/ptII/lib/vertx-core-3.5.2-SNAPSHOT.jar:/home/t
ravis/build/icyphy/ptII/lib/vertx-hazelcast-3.5.1.jar:/home/travis/build/icyphy
/ptII/lib/vertx-lang-js-3.5.1.jar:/home/travis/build/icyphy/ptII/lib/vertx-serv
ice-proxy-3.5.1.jar:/home/travis/build/icyphy/ptII/lib/vertx-web-3.5.1.jar:/hom
e/travis/build/icyphy/ptII/lib/slf4j-api-1.7.13.jar:/home/travis/build/icyphy/p
tII/lib/slf4j-simple-1.7.13.jar:/home/travis/build/icyphy/ptII/lib/webcam-captu
re-0.3.12.jar:/home/travis/build/icyphy/ptII/lib/bridj-0.7.0.jar:/home/travis/b
uild/icyphy/ptII/lib/xbjlib-1.1.0.nrjavaserial.jar:/home/travis/build/icyphy/pt
II/ptolemy/moml/test:/home/travis/build/icyphy/ptII/ant/lib/ant-launcher.jar:/h
ome/travis/build/icyphy/ptII/ant/lib/ant.jar:/home/travis/build/icyphy/ptII/ant
/lib/ant-junit.jar:/home/travis/build/icyphy/ptII/ant/lib/ant-junit4.jar:/home/
travis/build/icyphy/ptII ModularCodeGen3_A2_profile.java
-rw-rw-r--   1 travis travis   9687 Sep  8 19:02 JavaCompiledCompositeTest4_CompiledCompositeActor.java
-rw-rw-r--   1 travis travis    876 Sep  8 19:03 JavaCompiledCompositeTest4_CompiledCompositeActor$_JavaCompiledCompositeTest4_CompiledCompositeActor.class
-rw-rw-r--   1 travis travis   1625 Sep  8 19:02 JavaCompiledCompositeTest4_CompiledCompositeActor.mk
drwxrwxr-x   3 travis travis  12288 Sep  8 18:58 LookupTable
drwxrwxr-x   3 travis travis  20480 Sep  8 18:58 MaxIndex
-rw-rw-r--   1 travis travis   3925 Sep  8 19:03 ModularCG_A1_B1.class
-rw-rw-r--   1 travis travis   9730 Sep  8 19:03 ModularCG_A1_B1.java
-rw-rw-r--   1 travis travis    832 Sep  8 19:03 ModularCG_A1_B1.mk
-rw-rw-r--   1 travis travis   1318 Sep  8 19:03 ModularCG_A1_B1_profile.class
-rw-rw-r--   1 travis travis   1262 Sep  8 19:03 ModularCG_A1_B1_profile.java
-rw-rw-r--   1 travis travis   3925 Sep  8 19:03 ModularCG_A1_B2.class
-rw-rw-r--   1 travis travis   9730 Sep  8 19:03 ModularCG_A1_B2.java
-rw-rw-r--   1 travis travis    832 Sep  8 19:03 ModularCG_A1_B2.mk
-rw-rw-r--   1 travis travis   1318 Sep  8 19:03 ModularCG_A1_B2_profile.class
-rw-rw-r--   1 travis travis   1262 Sep  8 19:03 ModularCG_A1_B2_profile.java
-rw-rw-r--   1 travis travis   5031 Sep  8 19:03 ModularCG_A1.class
-rw-rw-r--   1 travis travis  14742 Sep  8 19:03 ModularCG_A1.java
-rw-rw-r--   1 travis travis    808 Sep  8 19:03 ModularCG_A1.mk
-rw-rw-r--   1 travis travis   1433 Sep  8 19:03 ModularCG_A1_profile.class
-rw-rw-r--   1 travis travis   1704 Sep  8 19:03 ModularCG_A1_profile.java
-rw-rw-r--   1 travis travis   4059 Sep  8 19:03 ModularCG_A2_B1.class
-rw-rw-r--   1 travis travis  10667 Sep  8 19:03 ModularCG_A2_B1.java
-rw-rw-r--   1 travis travis    832 Sep  8 19:03 ModularCG_A2_B1.mk
-rw-rw-r--   1 travis travis   1381 Sep  8 19:03 ModularCG_A2_B1_profile.class
-rw-rw-r--   1 travis travis   1446 Sep  8 19:03 ModularCG_A2_B1_profile.java
-rw-rw-r--   1 travis travis   3925 Sep  8 19:03 ModularCG_A2_B2.class
-rw-rw-r--   1 travis travis   9730 Sep  8 19:03 ModularCG_A2_B2.java
-rw-rw-r--   1 travis travis    832 Sep  8 19:03 ModularCG_A2_B2.mk
-rw-rw-r--   1 travis travis   1318 Sep  8 19:03 ModularCG_A2_B2_profile.class
-rw-rw-r--   1 travis travis   1262 Sep  8 19:03 ModularCG_A2_B2_profile.java
-rw-rw-r--   1 travis travis   5102 Sep  8 19:03 ModularCG_A2.class
-rw-rw-r--   1 travis travis  15129 Sep  8 19:03 ModularCG_A2.java
-rw-rw-r--   1 travis travis    808 Sep  8 19:03 ModularCG_A2.mk
-rw-rw-r--   1 travis travis   1433 Sep  8 19:03 ModularCG_A2_profile.class
-rw-rw-r--   1 travis travis   1704 Sep  8 19:03 ModularCG_A2_profile.java
-rw-rw-r--   1 travis travis   3705 Sep  8 19:03 ModularCGPubSub_A1_A2.class
-rw-rw-r--   1 travis travis   9076 Sep  8 19:03 ModularCGPubSub_A1_A2.java
-rw-rw-r--   1 travis travis    880 Sep  8 19:03 ModularCGPubSub_A1_A2.mk
-rw-rw-r--   1 travis travis   1300 Sep  8 19:03 ModularCGPubSub_A1_A2_profile.class
-rw-rw-r--   1 travis travis   1222 Sep  8 19:03 ModularCGPubSub_A1_A2_profile.java
-rw-rw-r--   1 travis travis   4022 Sep  8 19:03 ModularCGPubSub_A1.class
-rw-rw-r--   1 travis travis   9836 Sep  8 19:03 ModularCGPubSub_A1.java
-rw-rw-r--   1 travis travis    856 Sep  8 19:03 ModularCGPubSub_A1.mk
-rw-rw-r--   1 travis travis   1346 Sep  8 19:03 ModularCGPubSub_A1_profile.class
-rw-rw-r--   1 travis travis   1388 Sep  8 19:03 ModularCGPubSub_A1_profile.java
-rw-rw-r--   1 travis travis   4220 Sep  8 19:03 ModularCodeGen2_ModularCodeGenTypedCompositeActor.class
-rw-rw-r--   1 travis travis  11690 Sep  8 19:03 ModularCodeGen2_ModularCodeGenTypedCompositeActor.java
-rw-rw-r--   1 travis travis   1104 Sep  8 19:03 ModularCodeGen2_ModularCodeGenTypedCompositeActor.mk
-rw-rw-r--   1 travis travis   4504 Sep  8 19:03 ModularCodeGen2_ModularCodeGenTypedCompositeActor_ModularCodeGenTypedCompositeActor.class
-rw-rw-r--   1 travis travis  11790 Sep  8 19:03 ModularCodeGen2_ModularCodeGenTypedCompositeActor_ModularCodeGenTypedCompositeActor.java
-rw-rw-r--   1 travis travis   1376 Sep  8 19:03 ModularCodeGen2_ModularCodeGenTypedCompositeActor_ModularCodeGenTypedCompositeActor.mk
-rw-rw-r--   1 travis travis   1421 Sep  8 19:03 ModularCodeGen2_ModularCodeGenTypedCompositeActor_ModularCodeGenTypedCompositeActor_profile.class
-rw-rw-r--   1 travis travis   1294 Sep  8 19:03 ModularCodeGen2_ModularCodeGenTypedCompositeActor_ModularCodeGenTypedCompositeActor_profile.java
-rw-rw-r--   1 travis travis    820 Sep  8 19:03 ModularCodeGen2_ModularCodeGenTypedCompositeActor_profile.class
-rw-rw-r--   1 travis travis    693 Sep  8 19:03 ModularCodeGen2_ModularCodeGenTypedCompositeActor_profile.java
-rw-rw-r--   1 travis travis   3973 Sep  8 19:03 ModularCodeGen3_A1_B1.class
-rw-rw-r--   1 travis travis   9958 Sep  8 19:03 ModularCodeGen3_A1_B1.java
-rw-rw-r--   1 travis travis    880 Sep  8 19:03 ModularCodeGen3_A1_B1.mk
-rw-rw-r--   1 travis travis   1330 Sep  8 19:03 ModularCodeGen3_A1_B1_profile.class
-rw-rw-r--   1 travis travis   1274 Sep  8 19:03 ModularCodeGen3_A1_B1_profile.java
-rw-rw-r--   1 travis travis   3973 Sep  8 19:03 ModularCodeGen3_A1_B2.class
-rw-rw-r--   1 travis travis   9958 Sep  8 19:03 ModularCodeGen3_A1_B2.java
-rw-rw-r--   1 travis travis    880 Sep  8 19:03 ModularCodeGen3_A1_B2.mk
-rw-rw-r--   1 travis travis   1330 Sep  8 19:03 ModularCodeGen3_A1_B2_profile.class
-rw-rw-r--   1 travis travis   1274 Sep  8 19:03 ModularCodeGen3_A1_B2_profile.java
-rw-rw-r--   1 travis travis   5193 Sep  8 19:03 ModularCodeGen3_A1.class
-rw-rw-r--   1 travis travis  15564 Sep  8 19:03 ModularCodeGen3_A1.java
-rw-rw-r--   1 travis travis    856 Sep  8 19:03 ModularCodeGen3_A1.mk
-rw-rw-r--   1 travis travis   1445 Sep  8 19:03 ModularCodeGen3_A1_profile.class
-rw-rw-r--   1 travis travis   1716 Sep  8 19:03 ModularCodeGen3_A1_profile.java
-rw-rw-r--   1 travis travis   4119 Sep  8 19:03 ModularCodeGen3_A2_B1.class
-rw-rw-r--   1 travis travis  10955 Sep  8 19:03 ModularCodeGen3_A2_B1.java
-rw-rw-r--   1 travis travis    880 Sep  8 19:03 ModularCodeGen3_A2_B1.mk
-rw-rw-r--   1 travis travis   1393 Sep  8 19:03 ModularCodeGen3_A2_B1_profile.class
-rw-rw-r--   1 travis travis   1458 Sep  8 19:03 ModularCodeGen3_A2_B1_profile.java
-rw-rw-r--   1 travis travis   3973 Sep  8 19:03 ModularCodeGen3_A2_B2.class
-rw-rw-r--   1 travis travis   9958 Sep  8 19:03 ModularCodeGen3_A2_B2.java
-rw-rw-r--   1 travis travis    880 Sep  8 19:03 ModularCodeGen3_A2_B2.mk
-rw-rw-r--   1 travis travis   1330 Sep  8 19:03 ModularCodeGen3_A2_B2_profile.class
-rw-rw-r--   1 travis travis   1274 Sep  8 19:03 ModularCodeGen3_A2_B2_profile.java
-rw-rw-r--   1 travis travis   1716 Sep  8 19:03 ModularCodeGen3_A2_profile.java
-rw-rw-r--   1 travis travis   4186 Sep  8 19:03 ModularCodeGen_ModularCodeGenTypedCompositeActor.class
-rw-rw-r--   1 travis travis  10970 Sep  8 19:03 ModularCodeGen_ModularCodeGenTypedCompositeActor.java
-rw-rw-r--   1 travis travis   1096 Sep  8 19:03 ModularCodeGen_ModularCodeGenTypedCompositeActor.mk
-rw-rw-r--   1 travis travis   1384 Sep  8 19:03 ModularCodeGen_ModularCodeGenTypedCompositeActor_profile.class
-rw-rw-r--   1 travis travis   1328 Sep  8 19:03 ModularCodeGen_ModularCodeGenTypedCompositeActor_profile.java
-rw-rw-r--   1 travis travis   3724 Sep  8 19:02 ModularCodeGenTest_A1_A2.class
-rw-rw-r--   1 travis travis   9164 Sep  8 19:02 ModularCodeGenTest_A1_A2.java
-rw-rw-r--   1 travis travis   1306 Sep  8 19:02 ModularCodeGenTest_A1_A2_profile.class
-rw-rw-r--   1 travis travis   4055 Sep  8 19:02 ModularCodeGenTest_A1.class
-rw-rw-r--   1 travis travis   9968 Sep  8 19:02 ModularCodeGenTest_A1.java
-rw-rw-r--   1 travis travis    880 Sep  8 19:02 ModularCodeGenTest_A1.mk
-rw-rw-r--   1 travis travis   1352 Sep  8 19:02 ModularCodeGenTest_A1_profile.class
-rw-rw-r--   1 travis travis   1394 Sep  8 19:02 ModularCodeGenTest_A1_profile.java
drwxrwxr-x   3 travis travis  32768 Sep  8 19:02 modulation2
drwxrwxr-x 188 travis travis  12288 Sep  8 19:02 node_modules
drwxrwxr-x   3 travis travis  20480 Sep  8 18:58 PhaseUnwrap
drwxrwxr-x   3 travis travis  12288 Sep  8 18:59 ReadFile1
-rw-rw-r--   1 travis travis     11 Sep  8 18:58 ReadFile1Output.txt
-rw-rw-r--   1 travis travis  13773 Sep  8 19:02 Repeat.class
-rw-rw-r--   1 travis travis    685 Sep  8 19:02 Repeat$_fireFunction_Repeat_Repeat$__f_sL_11.class
-rw-rw-r--   1 travis travis    541 Sep  8 19:02 Repeat$_fireFunction_Repeat_Repeat$__f_sL_12.class
-rw-rw-r--   1 travis travis    541 Sep  8 19:02 Repeat$_fireFunction_Repeat_Repeat$__f_sL_13.class
-rw-rw-r--   1 travis travis    541 Sep  8 19:02 Repeat$_fireFunction_Repeat_Repeat$__f_sL_14.class
-rw-rw-r--   1 travis travis    684 Sep  8 19:02 Repeat$_fireFunction_Repeat_Repeat$__f_sL_1.class
-rw-rw-r--   1 travis travis    683 Sep  8 19:02 Repeat$_fireFunction_Repeat_Repeat$__f_sL_4.class
-rw-rw-r--   1 travis travis    539 Sep  8 19:02 Repeat$_fireFunction_Repeat_Repeat$__f_sL_9.class
-rw-rw-r--   1 travis travis    494 Sep  8 19:02 Repeat$_initialize_Repeat$__i_sL_2.class
-rw-rw-r--   1 travis travis   1281 Sep  8 19:02 Repeat.mk
-rw-rw-r--   1 travis travis    539 Sep  8 19:02 Repeat$_preinitializeMethod_Repeat$__p_sL_0.class
-rw-rw-r--   1 travis travis   1102 Sep  8 19:02 Repeat$_Repeat$_fireFunction_Repeat_AddSubtract_Repeat.class
-rw-rw-r--   1 travis travis    810 Sep  8 19:02 Repeat$_Repeat$_fireFunction_Repeat_AddSubtract_Repeat$__f_sL_0.class
-rw-rw-r--   1 travis travis    928 Sep  8 19:02 Repeat$_Repeat$_fireFunction_Repeat_AddSubtract_Repeat$__f_sL_1.class
-rw-rw-r--   1 travis travis    934 Sep  8 19:02 Repeat$_Repeat$_fireFunction_Repeat_AddSubtract_Repeat$__f_sL_2.class
-rw-rw-r--   1 travis travis    862 Sep  8 19:02 Repeat$_Repeat$_fireFunction_Repeat_AddSubtract_Repeat$__f_sL_3.class
-rw-rw-r--   1 travis travis    757 Sep  8 19:02 Repeat$_Repeat$_fireFunction_Repeat_Ramp2_Repeat$__f_sL_0.class
-rw-rw-r--   1 travis travis    888 Sep  8 19:02 Repeat$_Repeat$_fireFunction_Repeat_Test_Repeat$__f_sL_0.class
-rw-rw-r--   1 travis travis    634 Sep  8 19:02 Repeat$_Repeat$_fireFunction_Repeat_Test_Repeat$__f_sL_1.class
-rw-rw-r--   1 travis travis    704 Sep  8 19:02 Repeat$_Repeat_SDF_Director_run_Repeat$__R_sL_0.class
-rw-rw-r--   1 travis travis    705 Sep  8 19:02 Repeat$_Repeat_SDF_Director_run_Repeat$__R_sL_11.class
-rw-rw-r--   1 travis travis    561 Sep  8 19:02 Repeat$_Repeat_SDF_Director_run_Repeat$__R_sL_13.class
-rw-rw-r--   1 travis travis    559 Sep  8 19:02 Repeat$_Repeat_SDF_Director_run_Repeat$__R_sL_2.class
-rw-rw-r--   1 travis travis    703 Sep  8 19:02 Repeat$_Repeat_SDF_Director_run_Repeat$__R_sL_3.class
-rw-rw-r--   1 travis travis    559 Sep  8 19:02 Repeat$_Repeat_SDF_Director_run_Repeat$__R_sL_5.class
-rw-rw-r--   1 travis travis    559 Sep  8 19:02 Repeat$_Repeat_SDF_Director_run_Repeat$__R_sL_8.class
drwxrwxr-x   2 travis travis   4096 Sep  8 19:02 RepeatVariables
-rw-rw-r--   1 travis travis    882 Sep  8 19:02 Repeat$_varinit_Repeat.class
-rw-rw-r--   1 travis travis    550 Sep  8 19:02 Repeat$_varinit_Repeat$__v_sL_2.class
-rw-rw-r--   1 travis travis    924 Sep  8 19:02 Repeat$_varinit_Repeat$__v_sL_4.class
-rw-rw-r--   1 travis travis    978 Sep  8 19:02 Repeat$_wrapup_Repeat$__w_sL_1.class
drwxrwxr-x   3 travis travis  20480 Sep  8 18:59 Sinewave
drwxrwxr-x   3 travis travis  32768 Sep  8 19:00 StringFunction
drwxrwxr-x   3 travis travis  12288 Sep  8 19:00 StringLength
drwxrwxr-x   3 travis travis  61440 Sep  8 19:00 StringMatches2
drwxrwxr-x   3 travis travis  61440 Sep  8 19:01 StringSimpleReplace
drwxrwxr-x   3 travis travis  65536 Sep  8 19:01 StringSubstring
drwxrwxr-x   3 travis travis  24576 Sep  8 19:01 StringSubstring2
drwxrwxr-x   3 travis travis  16384 Sep  8 19:02 time1
drwxrwxr-x   3 travis travis  12288 Sep  8 19:02 time5
-rw-rw-r--   1 travis travis    432 Sep  8 19:03 Token.class
-rw-rw-r--   1 travis travis    251 Sep  8 19:03 Token.java
-rwxrwxr-x   1 travis travis 466992 Sep  8 18:56 top
-rw-rw-r--   1 travis travis  20502 Sep  8 18:56 top.c
-rw-rw-r--   1 travis travis   3799 Sep  8 19:02 top.class
-rw-rw-r--   1 travis travis   1257 Sep  8 19:02 top.mk
All Done
Writing ModularCodeGen3_A2.java in file:/home/travis/cg/ (15957 characters)
Reading "ptolemy/cg/kernel/generic/program/procedural/java/modular/makefile.in",
    writing "/home/travis/cg/ModularCodeGen3_A2.mk"
Using ptolemy/cg/kernel/generic/program/procedural/java/modular/makefile.in
In "/home/travis/cg", about to execute:
    make -f ModularCodeGen3_A2.mk
javac -classpath ".:.."    ModularCodeGen3_A2.java
All Done
Manager.initialize() finished: 16268 ms. Memory: 129024K Free: 37868K (29%)
16271 ms. Memory: 129024K Free: 37561K (29%)
----------------- Invoking toplevel() on ptolemy.moml.MoMLSimpleApplication@455d4ac4
----------------- Done invoking toplevel() on ptolemy.moml.MoMLSimpleApplication@455d4ac4
reloadAllAccessors: .ModularCodeGen3

===========================================================================================
----------------- testing Wed Sep 08 19:03:47 UTC 2021 /home/travis/build/icyphy/ptII/ptolemy/cg/lib/test/auto/ModularCodeGen4.xml
----------------- Instantiating /home/travis/build/icyphy/ptII/ptolemy/cg/lib/test/auto/ModularCodeGen4.xml
In "/home/travis/cg", about to execute:
    pwd
In "/home/travis/cg", about to execute:
    ls -l
/home/travis/cg
In "/home/travis/cg", about to execute:
    javac -classpath
.:/home/travis/build/icyphy/ptII:/home/travis/build/icyphy/ptII/lib/asm-all-5.2
.jar:/home/travis/build/icyphy/ptII/lib/nashorn-core-15.3.jar:/home/travis/buil
d/icyphy/ptII/lib/bsh-2.0b4.jar:/home/travis/build/icyphy/ptII/lib/ptCal.jar:/h
ome/travis/build/icyphy/ptII/lib/java_cup.jar:/home/travis/build/icyphy/ptII/li
b/saxon8.jar:/home/travis/build/icyphy/ptII/lib/saxon8-dom.jar:/home/travis/bui
ld/icyphy/ptII/lib/chic.jar:/home/travis/build/icyphy/ptII/lib/ptcolt.jar:/home
/travis/build/icyphy/ptII/vendors/misc/itext/iText.jar:/home/travis/build/icyph
y/ptII/lib/g4ltl.jar:/home/travis/build/icyphy/ptII/lib/StructuralCoder.jar:/ho
me/travis/build/icyphy/ptII/lib/jcerti.jar:/home/travis/build/icyphy/ptII/lib/j
avax.mail.jar:/home/travis/build/icyphy/ptII/vendors/JMF-2.1.1e/lib/jmf.jar:/ho
me/travis/build/icyphy/ptII/lib/jna-4.0.0-variadic.jar:/home/travis/build/icyph
y/ptII/vendors/misc/joystick/Joystick.jar:/home/travis/build/icyphy/ptII/lib/pt
jacl.jar:/home/travis/build/icyphy/ptII/lib/jsoup-1.14.2.jar:/home/travis/build
/icyphy/ptII/lib/junit-4.8.2.jar:/home/travis/build/icyphy/ptII/lib/JUnitParams
-0.4.0.jar:/home/travis/build/icyphy/ptII/ptolemy/actor/lib/excel/jxl.jar:/home
/travis/build/icyphy/ptII/lib/jython.jar:/home/travis/build/icyphy/ptII/lib/kie
ler.jar:/home/travis/build/icyphy/ptII/vendors/opencv/share/OpenCV/java/opencv-
341.jar:/home/travis/build/icyphy/ptII/lib/oscP5.jar:/home/travis/build/icyphy/
ptII/lib/nrjavaserial-3.11.0.devel.jar:/home/travis/build/icyphy/ptII/vendors/j
3d/lib/Linux/j3dcore.jar:/home/travis/build/icyphy/ptII/vendors/j3d/lib/Linux/j
3dutils.jar:/home/travis/build/icyphy/ptII/vendors/j3d/lib/Linux/vecmath.jar:/h
ome/travis/build/icyphy/ptII/vendors/jogl/lib/Linux/gluegen-rt-natives-linux-am
d64.jar:/home/travis/build/icyphy/ptII/vendors/jogl/lib/Linux/gluegen-rt.jar:/h
ome/travis/build/icyphy/ptII/vendors/jogl/lib/Linux/jogl-all-natives-linux-amd6
4.jar:/home/travis/build/icyphy/ptII/vendors/jogl/lib/Linux/jogl-all.jar:/home/
travis/build/icyphy/ptII/ptolemy/distributed/jini/jar/jini-core.jar:/home/travi
s/build/icyphy/ptII/ptolemy/distributed/jini/jar/jini-ext.jar:/home/travis/buil
d/icyphy/ptII/ptolemy/distributed/jini/jar/sun-util.jar:/home/travis/build/icyp
hy/ptII/lib/protobuf-java-2.4.1.jar:/home/travis/build/icyphy/ptII/lib/org.ecli
pse.paho.client.mqttv3.jar:/home/travis/build/icyphy/ptII/lib/mapss.jar:/home/t
ravis/build/icyphy/ptII/ptolemy/actor/ptalon/antlr/antlr.jar:/home/travis/build
/icyphy/ptII/lib/JRI.jar:/home/travis/build/icyphy/ptII/lib/commons-lang-2.6.ja
r:/home/travis/build/icyphy/ptII/lib/commons-logging-1.1.1.jar:/home/travis/bui
ld/icyphy/ptII/lib/sootclasses.jar:/home/travis/build/icyphy/ptII/ptolemy/actor
/lib/database/mysql-connector-java-8.0.26.jar:/home/travis/build/icyphy/ptII/ve
ndors/misc/sphinx4/sphinx4-data-5prealpha.jar:/home/travis/build/icyphy/ptII/ve
ndors/misc/sphinx4/sphinx4-core-5prealpha.jar:/home/travis/build/icyphy/ptII/li
b/PDFRenderer.jar:/home/travis/build/icyphy/ptII/lib/svgSalamander.jar:/home/tr
avis/build/icyphy/ptII/lib/rsyntaxtextarea-2.6.0-SNAPSHOT.jar:/home/travis/buil
d/icyphy/ptII/lib/hazelcast-3.8.2.jar:/home/travis/build/icyphy/ptII/lib/jackso
n-annotations-2.9.0.jar:/home/travis/build/icyphy/ptII/lib/jackson-core-2.9.3.j
ar:/home/travis/build/icyphy/ptII/lib/jackson-databind-2.9.3.jar:/home/travis/b
uild/icyphy/ptII/lib/netty-buffer-4.1.19.Final.jar:/home/travis/build/icyphy/pt
II/lib/netty-codec-4.1.19.Final.jar:/home/travis/build/icyphy/ptII/lib/netty-co
dec-dns-4.1.19.Final.jar:/home/travis/build/icyphy/ptII/lib/netty-codec-http-4.
1.19.Final.jar:/home/travis/build/icyphy/ptII/lib/netty-codec-http2-4.1.19.Fina
l.jar:/home/travis/build/icyphy/ptII/lib/netty-common-4.1.19.Final.jar:/home/tr
avis/build/icyphy/ptII/lib/netty-handler-4.1.19.Final.jar:/home/travis/build/ic
yphy/ptII/lib/netty-resolver-4.1.19.Final.jar:/home/travis/build/icyphy/ptII/li
b/netty-resolver-dns-4.1.19.Final.jar:/home/travis/build/icyphy/ptII/lib/netty-
transport-4.1.19.Final.jar:/home/travis/build/icyphy/ptII/lib/vertx-codegen-3.5
.1.jar:/home/travis/build/icyphy/ptII/lib/vertx-core-3.5.2-SNAPSHOT.jar:/home/t
ravis/build/icyphy/ptII/lib/vertx-hazelcast-3.5.1.jar:/home/travis/build/icyphy
/ptII/lib/vertx-lang-js-3.5.1.jar:/home/travis/build/icyphy/ptII/lib/vertx-serv
ice-proxy-3.5.1.jar:/home/travis/build/icyphy/ptII/lib/vertx-web-3.5.1.jar:/hom
e/travis/build/icyphy/ptII/lib/slf4j-api-1.7.13.jar:/home/travis/build/icyphy/p
tII/lib/slf4j-simple-1.7.13.jar:/home/travis/build/icyphy/ptII/lib/webcam-captu
re-0.3.12.jar:/home/travis/build/icyphy/ptII/lib/bridj-0.7.0.jar:/home/travis/b
uild/icyphy/ptII/lib/xbjlib-1.1.0.nrjavaserial.jar:/home/travis/build/icyphy/pt
II/ptolemy/moml/test:/home/travis/build/icyphy/ptII/ant/lib/ant-launcher.jar:/h
ome/travis/build/icyphy/ptII/ant/lib/ant.jar:/home/travis/build/icyphy/ptII/ant
/lib/ant-junit.jar:/home/travis/build/icyphy/ptII/ant/lib/ant-junit4.jar:/home/
travis/build/icyphy/ptII ModularCodeGen4_A1_B1_profile.java
total 1920
drwxrwxr-x   3 travis travis  12288 Sep  8 18:57 AbsoluteValue
drwxrwxr-x   3 travis travis 102400 Sep  8 18:56 AllColt
drwxrwxr-x   3 travis travis  12288 Sep  8 18:57 Case1
-rw-rw-r--   1 travis travis   5128 Sep  8 19:02 CompiledCompositeActor_CompiledCompositeActor.class
-rw-rw-r--   1 travis travis   1611 Sep  8 19:02 CompiledCompositeActor_CompiledCompositeActor$_CompiledCompositeActor_CompiledCompositeActor.class
-rw-rw-r--   1 travis travis  13466 Sep  8 19:02 CompiledCompositeActor_CompiledCompositeActor.java
-rw-rw-r--   1 travis travis   1593 Sep  8 19:02 CompiledCompositeActor_CompiledCompositeActor.mk
drwxrwxr-x   5 travis travis   4096 Sep  8 18:56 fmi
drwxrwxr-x   3 travis travis  16384 Sep  8 18:57 Gaussian2
-rw-rw-r--   1 travis travis   4684 Sep  8 19:02 JavaCompiledCompositeTest1_CompiledCompositeActor.class
-rw-rw-r--   1 travis travis  11637 Sep  8 19:02 JavaCompiledCompositeTest1_CompiledCompositeActor.java
-rw-rw-r--   1 travis travis   1217 Sep  8 19:02 JavaCompiledCompositeTest1_CompiledCompositeActor$_JavaCompiledCompositeTest1_CompiledCompositeActor.class
-rw-rw-r--   1 travis travis   1625 Sep  8 19:02 JavaCompiledCompositeTest1_CompiledCompositeActor.mk
-rw-rw-r--   1 travis travis   5115 Sep  8 19:02 JavaCompiledCompositeTest2_CompiledCompositeActor.class
-rw-rw-r--   1 travis travis  14919 Sep  8 19:02 JavaCompiledCompositeTest2_CompiledCompositeActor.java
-rw-rw-r--   1 travis travis   1812 Sep  8 19:02 JavaCompiledCompositeTest2_CompiledCompositeActor$_JavaCompiledCompositeTest2_CompiledCompositeActor.class
-rw-rw-r--   1 travis travis   1625 Sep  8 19:02 JavaCompiledCompositeTest2_CompiledCompositeActor.mk
-rw-rw-r--   1 travis travis   4732 Sep  8 19:02 JavaCompiledCompositeTest3_CompiledCompositeActor.class
-rw-rw-r--   1 travis travis  13080 Sep  8 19:02 JavaCompiledCompositeTest3_CompiledCompositeActor.java
-rw-rw-r--   1 travis travis   1397 Sep  8 19:02 JavaCompiledCompositeTest3_CompiledCompositeActor$_JavaCompiledCompositeTest3_CompiledCompositeActor.class
-rw-rw-r--   1 travis travis   1625 Sep  8 19:02 JavaCompiledCompositeTest3_CompiledCompositeActor.mk
-rw-rw-r--   1 travis travis   4183 Sep  8 19:03 JavaCompiledCompositeTest4_CompiledCompositeActor.class
-rw-rw-r--   1 travis travis   9687 Sep  8 19:02 JavaCompiledCompositeTest4_CompiledCompositeActor.java
-rw-rw-r--   1 travis travis    876 Sep  8 19:03 JavaCompiledCompositeTest4_CompiledCompositeActor$_JavaCompiledCompositeTest4_CompiledCompositeActor.class
-rw-rw-r--   1 travis travis   1625 Sep  8 19:02 JavaCompiledCompositeTest4_CompiledCompositeActor.mk
drwxrwxr-x   3 travis travis  12288 Sep  8 18:58 LookupTable
drwxrwxr-x   3 travis travis  20480 Sep  8 18:58 MaxIndex
-rw-rw-r--   1 travis travis   3925 Sep  8 19:03 ModularCG_A1_B1.class
-rw-rw-r--   1 travis travis   9730 Sep  8 19:03 ModularCG_A1_B1.java
-rw-rw-r--   1 travis travis    832 Sep  8 19:03 ModularCG_A1_B1.mk
-rw-rw-r--   1 travis travis   1318 Sep  8 19:03 ModularCG_A1_B1_profile.class
-rw-rw-r--   1 travis travis   1262 Sep  8 19:03 ModularCG_A1_B1_profile.java
-rw-rw-r--   1 travis travis   3925 Sep  8 19:03 ModularCG_A1_B2.class
-rw-rw-r--   1 travis travis   9730 Sep  8 19:03 ModularCG_A1_B2.java
-rw-rw-r--   1 travis travis    832 Sep  8 19:03 ModularCG_A1_B2.mk
-rw-rw-r--   1 travis travis   1318 Sep  8 19:03 ModularCG_A1_B2_profile.class
-rw-rw-r--   1 travis travis   1262 Sep  8 19:03 ModularCG_A1_B2_profile.java
-rw-rw-r--   1 travis travis   5031 Sep  8 19:03 ModularCG_A1.class
-rw-rw-r--   1 travis travis  14742 Sep  8 19:03 ModularCG_A1.java
-rw-rw-r--   1 travis travis    808 Sep  8 19:03 ModularCG_A1.mk
-rw-rw-r--   1 travis travis   1433 Sep  8 19:03 ModularCG_A1_profile.class
-rw-rw-r--   1 travis travis   1704 Sep  8 19:03 ModularCG_A1_profile.java
-rw-rw-r--   1 travis travis   4059 Sep  8 19:03 ModularCG_A2_B1.class
-rw-rw-r--   1 travis travis  10667 Sep  8 19:03 ModularCG_A2_B1.java
-rw-rw-r--   1 travis travis    832 Sep  8 19:03 ModularCG_A2_B1.mk
-rw-rw-r--   1 travis travis   1381 Sep  8 19:03 ModularCG_A2_B1_profile.class
-rw-rw-r--   1 travis travis   1446 Sep  8 19:03 ModularCG_A2_B1_profile.java
-rw-rw-r--   1 travis travis   3925 Sep  8 19:03 ModularCG_A2_B2.class
-rw-rw-r--   1 travis travis   9730 Sep  8 19:03 ModularCG_A2_B2.java
-rw-rw-r--   1 travis travis    832 Sep  8 19:03 ModularCG_A2_B2.mk
-rw-rw-r--   1 travis travis   1318 Sep  8 19:03 ModularCG_A2_B2_profile.class
-rw-rw-r--   1 travis travis   1262 Sep  8 19:03 ModularCG_A2_B2_profile.java
-rw-rw-r--   1 travis travis   5102 Sep  8 19:03 ModularCG_A2.class
-rw-rw-r--   1 travis travis  15129 Sep  8 19:03 ModularCG_A2.java
-rw-rw-r--   1 travis travis    808 Sep  8 19:03 ModularCG_A2.mk
-rw-rw-r--   1 travis travis   1433 Sep  8 19:03 ModularCG_A2_profile.class
-rw-rw-r--   1 travis travis   1704 Sep  8 19:03 ModularCG_A2_profile.java
-rw-rw-r--   1 travis travis   3705 Sep  8 19:03 ModularCGPubSub_A1_A2.class
-rw-rw-r--   1 travis travis   9076 Sep  8 19:03 ModularCGPubSub_A1_A2.java
-rw-rw-r--   1 travis travis    880 Sep  8 19:03 ModularCGPubSub_A1_A2.mk
-rw-rw-r--   1 travis travis   1300 Sep  8 19:03 ModularCGPubSub_A1_A2_profile.class
-rw-rw-r--   1 travis travis   1222 Sep  8 19:03 ModularCGPubSub_A1_A2_profile.java
-rw-rw-r--   1 travis travis   4022 Sep  8 19:03 ModularCGPubSub_A1.class
-rw-rw-r--   1 travis travis   9836 Sep  8 19:03 ModularCGPubSub_A1.java
-rw-rw-r--   1 travis travis    856 Sep  8 19:03 ModularCGPubSub_A1.mk
-rw-rw-r--   1 travis travis   1346 Sep  8 19:03 ModularCGPubSub_A1_profile.class
-rw-rw-r--   1 travis travis   1388 Sep  8 19:03 ModularCGPubSub_A1_profile.java
-rw-rw-r--   1 travis travis   4220 Sep  8 19:03 ModularCodeGen2_ModularCodeGenTypedCompositeActor.class
-rw-rw-r--   1 travis travis  11690 Sep  8 19:03 ModularCodeGen2_ModularCodeGenTypedCompositeActor.java
-rw-rw-r--   1 travis travis   1104 Sep  8 19:03 ModularCodeGen2_ModularCodeGenTypedCompositeActor.mk
-rw-rw-r--   1 travis travis   4504 Sep  8 19:03 ModularCodeGen2_ModularCodeGenTypedCompositeActor_ModularCodeGenTypedCompositeActor.class
-rw-rw-r--   1 travis travis  11790 Sep  8 19:03 ModularCodeGen2_ModularCodeGenTypedCompositeActor_ModularCodeGenTypedCompositeActor.java
-rw-rw-r--   1 travis travis   1376 Sep  8 19:03 ModularCodeGen2_ModularCodeGenTypedCompositeActor_ModularCodeGenTypedCompositeActor.mk
-rw-rw-r--   1 travis travis   1421 Sep  8 19:03 ModularCodeGen2_ModularCodeGenTypedCompositeActor_ModularCodeGenTypedCompositeActor_profile.class
-rw-rw-r--   1 travis travis   1294 Sep  8 19:03 ModularCodeGen2_ModularCodeGenTypedCompositeActor_ModularCodeGenTypedCompositeActor_profile.java
-rw-rw-r--   1 travis travis    820 Sep  8 19:03 ModularCodeGen2_ModularCodeGenTypedCompositeActor_profile.class
-rw-rw-r--   1 travis travis    693 Sep  8 19:03 ModularCodeGen2_ModularCodeGenTypedCompositeActor_profile.java
-rw-rw-r--   1 travis travis   3973 Sep  8 19:03 ModularCodeGen3_A1_B1.class
-rw-rw-r--   1 travis travis   9958 Sep  8 19:03 ModularCodeGen3_A1_B1.java
-rw-rw-r--   1 travis travis    880 Sep  8 19:03 ModularCodeGen3_A1_B1.mk
-rw-rw-r--   1 travis travis   1330 Sep  8 19:03 ModularCodeGen3_A1_B1_profile.class
-rw-rw-r--   1 travis travis   1274 Sep  8 19:03 ModularCodeGen3_A1_B1_profile.java
-rw-rw-r--   1 travis travis   3973 Sep  8 19:03 ModularCodeGen3_A1_B2.class
-rw-rw-r--   1 travis travis   9958 Sep  8 19:03 ModularCodeGen3_A1_B2.java
-rw-rw-r--   1 travis travis    880 Sep  8 19:03 ModularCodeGen3_A1_B2.mk
-rw-rw-r--   1 travis travis   1330 Sep  8 19:03 ModularCodeGen3_A1_B2_profile.class
-rw-rw-r--   1 travis travis   1274 Sep  8 19:03 ModularCodeGen3_A1_B2_profile.java
-rw-rw-r--   1 travis travis   5193 Sep  8 19:03 ModularCodeGen3_A1.class
-rw-rw-r--   1 travis travis  15564 Sep  8 19:03 ModularCodeGen3_A1.java
-rw-rw-r--   1 travis travis    856 Sep  8 19:03 ModularCodeGen3_A1.mk
-rw-rw-r--   1 travis travis   1445 Sep  8 19:03 ModularCodeGen3_A1_profile.class
-rw-rw-r--   1 travis travis   1716 Sep  8 19:03 ModularCodeGen3_A1_profile.java
-rw-rw-r--   1 travis travis   4119 Sep  8 19:03 ModularCodeGen3_A2_B1.class
-rw-rw-r--   1 travis travis  10955 Sep  8 19:03 ModularCodeGen3_A2_B1.java
-rw-rw-r--   1 travis travis    880 Sep  8 19:03 ModularCodeGen3_A2_B1.mk
-rw-rw-r--   1 travis travis   1393 Sep  8 19:03 ModularCodeGen3_A2_B1_profile.class
-rw-rw-r--   1 travis travis   1458 Sep  8 19:03 ModularCodeGen3_A2_B1_profile.java
-rw-rw-r--   1 travis travis   3973 Sep  8 19:03 ModularCodeGen3_A2_B2.class
-rw-rw-r--   1 travis travis   9958 Sep  8 19:03 ModularCodeGen3_A2_B2.java
-rw-rw-r--   1 travis travis    880 Sep  8 19:03 ModularCodeGen3_A2_B2.mk
-rw-rw-r--   1 travis travis   1330 Sep  8 19:03 ModularCodeGen3_A2_B2_profile.class
-rw-rw-r--   1 travis travis   1274 Sep  8 19:03 ModularCodeGen3_A2_B2_profile.java
-rw-rw-r--   1 travis travis   5270 Sep  8 19:03 ModularCodeGen3_A2.class
-rw-rw-r--   1 travis travis  15957 Sep  8 19:03 ModularCodeGen3_A2.java
-rw-rw-r--   1 travis travis    856 Sep  8 19:03 ModularCodeGen3_A2.mk
-rw-rw-r--   1 travis travis   1445 Sep  8 19:03 ModularCodeGen3_A2_profile.class
-rw-rw-r--   1 travis travis   1716 Sep  8 19:03 ModularCodeGen3_A2_profile.java
-rw-rw-r--   1 travis travis   1273 Sep  8 19:03 ModularCodeGen4_A1_B1_profile.java
-rw-rw-r--   1 travis travis   4186 Sep  8 19:03 ModularCodeGen_ModularCodeGenTypedCompositeActor.class
-rw-rw-r--   1 travis travis  10970 Sep  8 19:03 ModularCodeGen_ModularCodeGenTypedCompositeActor.java
-rw-rw-r--   1 travis travis   1096 Sep  8 19:03 ModularCodeGen_ModularCodeGenTypedCompositeActor.mk
-rw-rw-r--   1 travis travis   1384 Sep  8 19:03 ModularCodeGen_ModularCodeGenTypedCompositeActor_profile.class
-rw-rw-r--   1 travis travis   1328 Sep  8 19:03 ModularCodeGen_ModularCodeGenTypedCompositeActor_profile.java
-rw-rw-r--   1 travis travis   3724 Sep  8 19:02 ModularCodeGenTest_A1_A2.class
-rw-rw-r--   1 travis travis   9164 Sep  8 19:02 ModularCodeGenTest_A1_A2.java
-rw-rw-r--   1 travis travis   1306 Sep  8 19:02 ModularCodeGenTest_A1_A2_profile.class
-rw-rw-r--   1 travis travis   4055 Sep  8 19:02 ModularCodeGenTest_A1.class
-rw-rw-r--   1 travis travis   9968 Sep  8 19:02 ModularCodeGenTest_A1.java
-rw-rw-r--   1 travis travis    880 Sep  8 19:02 ModularCodeGenTest_A1.mk
-rw-rw-r--   1 travis travis   1352 Sep  8 19:02 ModularCodeGenTest_A1_profile.class
-rw-rw-r--   1 travis travis   1394 Sep  8 19:02 ModularCodeGenTest_A1_profile.java
drwxrwxr-x   3 travis travis  32768 Sep  8 19:02 modulation2
drwxrwxr-x 188 travis travis  12288 Sep  8 19:02 node_modules
drwxrwxr-x   3 travis travis  20480 Sep  8 18:58 PhaseUnwrap
drwxrwxr-x   3 travis travis  12288 Sep  8 18:59 ReadFile1
-rw-rw-r--   1 travis travis     11 Sep  8 18:58 ReadFile1Output.txt
-rw-rw-r--   1 travis travis  13773 Sep  8 19:02 Repeat.class
-rw-rw-r--   1 travis travis    685 Sep  8 19:02 Repeat$_fireFunction_Repeat_Repeat$__f_sL_11.class
-rw-rw-r--   1 travis travis    541 Sep  8 19:02 Repeat$_fireFunction_Repeat_Repeat$__f_sL_12.class
-rw-rw-r--   1 travis travis    541 Sep  8 19:02 Repeat$_fireFunction_Repeat_Repeat$__f_sL_13.class
-rw-rw-r--   1 travis travis    541 Sep  8 19:02 Repeat$_fireFunction_Repeat_Repeat$__f_sL_14.class
-rw-rw-r--   1 travis travis    684 Sep  8 19:02 Repeat$_fireFunction_Repeat_Repeat$__f_sL_1.class
-rw-rw-r--   1 travis travis    683 Sep  8 19:02 Repeat$_fireFunction_Repeat_Repeat$__f_sL_4.class
-rw-rw-r--   1 travis travis    539 Sep  8 19:02 Repeat$_fireFunction_Repeat_Repeat$__f_sL_9.class
-rw-rw-r--   1 travis travis    494 Sep  8 19:02 Repeat$_initialize_Repeat$__i_sL_2.class
-rw-rw-r--   1 travis travis   1281 Sep  8 19:02 Repeat.mk
-rw-rw-r--   1 travis travis    539 Sep  8 19:02 Repeat$_preinitializeMethod_Repeat$__p_sL_0.class
-rw-rw-r--   1 travis travis   1102 Sep  8 19:02 Repeat$_Repeat$_fireFunction_Repeat_AddSubtract_Repeat.class
-rw-rw-r--   1 travis travis    810 Sep  8 19:02 Repeat$_Repeat$_fireFunction_Repeat_AddSubtract_Repeat$__f_sL_0.class
-rw-rw-r--   1 travis travis    928 Sep  8 19:02 Repeat$_Repeat$_fireFunction_Repeat_AddSubtract_Repeat$__f_sL_1.class
-rw-rw-r--   1 travis travis    934 Sep  8 19:02 Repeat$_Repeat$_fireFunction_Repeat_AddSubtract_Repeat$__f_sL_2.class
-rw-rw-r--   1 travis travis    862 Sep  8 19:02 Repeat$_Repeat$_fireFunction_Repeat_AddSubtract_Repeat$__f_sL_3.class
-rw-rw-r--   1 travis travis    757 Sep  8 19:02 Repeat$_Repeat$_fireFunction_Repeat_Ramp2_Repeat$__f_sL_0.class
-rw-rw-r--   1 travis travis    888 Sep  8 19:02 Repeat$_Repeat$_fireFunction_Repeat_Test_Repeat$__f_sL_0.class
-rw-rw-r--   1 travis travis    634 Sep  8 19:02 Repeat$_Repeat$_fireFunction_Repeat_Test_Repeat$__f_sL_1.class
-rw-rw-r--   1 travis travis    704 Sep  8 19:02 Repeat$_Repeat_SDF_Director_run_Repeat$__R_sL_0.class
-rw-rw-r--   1 travis travis    705 Sep  8 19:02 Repeat$_Repeat_SDF_Director_run_Repeat$__R_sL_11.class
-rw-rw-r--   1 travis travis    561 Sep  8 19:02 Repeat$_Repeat_SDF_Director_run_Repeat$__R_sL_13.class
-rw-rw-r--   1 travis travis    559 Sep  8 19:02 Repeat$_Repeat_SDF_Director_run_Repeat$__R_sL_2.class
-rw-rw-r--   1 travis travis    703 Sep  8 19:02 Repeat$_Repeat_SDF_Director_run_Repeat$__R_sL_3.class
-rw-rw-r--   1 travis travis    559 Sep  8 19:02 Repeat$_Repeat_SDF_Director_run_Repeat$__R_sL_5.class
-rw-rw-r--   1 travis travis    559 Sep  8 19:02 Repeat$_Repeat_SDF_Director_run_Repeat$__R_sL_8.class
drwxrwxr-x   2 travis travis   4096 Sep  8 19:02 RepeatVariables
-rw-rw-r--   1 travis travis    882 Sep  8 19:02 Repeat$_varinit_Repeat.class
-rw-rw-r--   1 travis travis    550 Sep  8 19:02 Repeat$_varinit_Repeat$__v_sL_2.class
-rw-rw-r--   1 travis travis    924 Sep  8 19:02 Repeat$_varinit_Repeat$__v_sL_4.class
-rw-rw-r--   1 travis travis    978 Sep  8 19:02 Repeat$_wrapup_Repeat$__w_sL_1.class
drwxrwxr-x   3 travis travis  20480 Sep  8 18:59 Sinewave
drwxrwxr-x   3 travis travis  32768 Sep  8 19:00 StringFunction
drwxrwxr-x   3 travis travis  12288 Sep  8 19:00 StringLength
drwxrwxr-x   3 travis travis  61440 Sep  8 19:00 StringMatches2
drwxrwxr-x   3 travis travis  61440 Sep  8 19:01 StringSimpleReplace
drwxrwxr-x   3 travis travis  65536 Sep  8 19:01 StringSubstring
drwxrwxr-x   3 travis travis  24576 Sep  8 19:01 StringSubstring2
drwxrwxr-x   3 travis travis  16384 Sep  8 19:02 time1
drwxrwxr-x   3 travis travis  12288 Sep  8 19:02 time5
-rw-rw-r--   1 travis travis    432 Sep  8 19:03 Token.class
-rw-rw-r--   1 travis travis    251 Sep  8 19:03 Token.java
-rwxrwxr-x   1 travis travis 466992 Sep  8 18:56 top
-rw-rw-r--   1 travis travis  20502 Sep  8 18:56 top.c
-rw-rw-r--   1 travis travis   3799 Sep  8 19:02 top.class
-rw-rw-r--   1 travis travis   1257 Sep  8 19:02 top.mk
All Done
Writing ModularCodeGen4_A1_B1.java in file:/home/travis/cg/ (10312 characters)
Reading "ptolemy/cg/kernel/generic/program/procedural/java/modular/makefile.in",
    writing "/home/travis/cg/ModularCodeGen4_A1_B1.mk"
Using ptolemy/cg/kernel/generic/program/procedural/java/modular/makefile.in
In "/home/travis/cg", about to execute:
    make -f ModularCodeGen4_A1_B1.mk
javac -classpath ".:.."    ModularCodeGen4_A1_B1.java
All Done
In "/home/travis/cg", about to execute:
    pwd
/home/travis/cg
In "/home/travis/cg", about to execute:
    ls -l
total 1948
drwxrwxr-x   3 travis travis  12288 Sep  8 18:57 AbsoluteValue
drwxrwxr-x   3 travis travis 102400 Sep  8 18:56 AllColt
drwxrwxr-x   3 travis travis  12288 Sep  8 18:57 Case1
-rw-rw-r--   1 travis travis   5128 Sep  8 19:02 CompiledCompositeActor_CompiledCompositeActor.class
-rw-rw-r--   1 travis travis   1611 Sep  8 19:02 CompiledCompositeActor_CompiledCompositeActor$_CompiledCompositeActor_CompiledCompositeActor.class
-rw-rw-r--   1 travis travis  13466 Sep  8 19:02 CompiledCompositeActor_CompiledCompositeActor.java
-rw-rw-r--   1 travis travis   1593 Sep  8 19:02 CompiledCompositeActor_CompiledCompositeActor.mk
drwxrwxr-x   5 travis travis   4096 Sep  8 18:56 fmi
drwxrwxr-x   3 travis travis  16384 Sep  8 18:57 Gaussian2
-rw-rw-r--   1 travis travis   4684 Sep  8 19:02 JavaCompiledCompositeTest1_CompiledCompositeActor.class
-rw-rw-r--   1 travis travis  11637 Sep  8 19:02 JavaCompiledCompositeTest1_CompiledCompositeActor.java
-rw-rw-r--   1 travis travis   1217 Sep  8 19:02 JavaCompiledCompositeTest1_CompiledCompositeActor$_JavaCompiledCompositeTest1_CompiledCompositeActor.class
-rw-rw-r--   1 travis travis   1625 Sep  8 19:02 JavaCompiledCompositeTest1_CompiledCompositeActor.mk
-rw-rw-r--   1 travis travis   5115 Sep  8 19:02 JavaCompiledCompositeTest2_CompiledCompositeActor.class
-rw-rw-r--   1 travis travis  14919 Sep  8 19:02 JavaCompiledCompositeTest2_CompiledCompositeActor.java
-rw-rw-r--   1 travis travis   1812 Sep  8 19:02 JavaCompiledCompositeTest2_CompiledCompositeActor$_JavaCompiledCompositeTest2_CompiledCompositeActor.class
-rw-rw-r--   1 travis travis   1625 Sep  8 19:02 JavaCompiledCompositeTest2_CompiledCompositeActor.mk
-rw-rw-r--   1 travis travis   4732 Sep  8 19:02 JavaCompiledCompositeTest3_CompiledCompositeActor.class
-rw-rw-r--   1 travis travis  13080 Sep  8 19:02 JavaCompiledCompositeTest3_CompiledCompositeActor.java
-rw-rw-r--   1 travis travis   1397 Sep  8 19:02 JavaCompiledCompositeTest3_CompiledCompositeActor$_JavaCompiledCompositeTest3_CompiledCompositeActor.class
-rw-rw-r--   1 travis travis   1625 Sep  8 19:02 JavaCompiledCompositeTest3_CompiledCompositeActor.mk
-rw-rw-r--   1 travis travis   4183 Sep  8 19:03 JavaCompiledCompositeTest4_CompiledCompositeActor.class
-rw-rw-r--   1 travis travis   9687 Sep  8 19:02 JavaCompiledCompositeTest4_CompiledCompositeActor.java
-rw-rw-r--   1 travis travis    876 Sep  8 19:03 JavaCompiledCompositeTest4_CompiledCompositeActor$_JavaCompiledCompositeTest4_CompiledCompositeActor.class
-rw-rw-r--   1 travis travis   1625 Sep  8 19:02 JavaCompiledCompositeTest4_CompiledCompositeActor.mk
drwxrwxr-x   3 travis travis  12288 Sep  8 18:58 LookupTable
drwxrwxr-x   3 travis travis  20480 Sep  8 18:58 MaxIndex
-rw-rw-r--   1 travis travis   3925 Sep  8 19:03 ModularCG_A1_B1.class
-rw-rw-r--   1 travis travis   9730 Sep  8 19:03 ModularCG_A1_B1.java
-rw-rw-r--   1 travis travis    832 Sep  8 19:03 ModularCG_A1_B1.mk
-rw-rw-r--   1 travis travis   1318 Sep  8 19:03 ModularCG_A1_B1_profile.class
-rw-rw-r--   1 travis travis   1262 Sep  8 19:03 ModularCG_A1_B1_profile.java
-rw-rw-r--   1 travis travis   3925 Sep  8 19:03 ModularCG_A1_B2.class
-rw-rw-r--   1 travis travis   9730 Sep  8 19:03 ModularCG_A1_B2.java
-rw-rw-r--   1 travis travis    832 Sep  8 19:03 ModularCG_A1_B2.mk
-rw-rw-r--   1 travis travis   1318 Sep  8 19:03 ModularCG_A1_B2_profile.class
-rw-rw-r--   1 travis travis   1262 Sep  8 19:03 ModularCG_A1_B2_profile.java
-rw-rw-r--   1 travis travis   5031 Sep  8 19:03 ModularCG_A1.class
-rw-rw-r--   1 travis travis  14742 Sep  8 19:03 ModularCG_A1.java
-rw-rw-r--   1 travis travis    808 Sep  8 19:03 ModularCG_A1.mk
-rw-rw-r--   1 travis travis   1433 Sep  8 19:03 ModularCG_A1_profile.class
-rw-rw-r--   1 travis travis   1704 Sep  8 19:03 ModularCG_A1_profile.java
-rw-rw-r--   1 travis travis   4059 Sep  8 19:03 ModularCG_A2_B1.class
-rw-rw-r--   1 travis travis  10667 Sep  8 19:03 ModularCG_A2_B1.java
-rw-rw-r--   1 travis travis    832 Sep  8 19:03 ModularCG_A2_B1.mk
-rw-rw-r--   1 travis travis   1381 Sep  8 19:03 ModularCG_A2_B1_profile.class
-rw-rw-r--   1 travis travis   1446 Sep  8 19:03 ModularCG_A2_B1_profile.java
-rw-rw-r--   1 travis travis   3925 Sep  8 19:03 ModularCG_A2_B2.class
-rw-rw-r--   1 travis travis   9730 Sep  8 19:03 ModularCG_A2_B2.java
-rw-rw-r--   1 travis travis    832 Sep  8 19:03 ModularCG_A2_B2.mk
-rw-rw-r--   1 travis travis   1318 Sep  8 19:03 ModularCG_A2_B2_profile.class
-rw-rw-r--   1 travis travis   1262 Sep  8 19:03 ModularCG_A2_B2_profile.java
-rw-rw-r--   1 travis travis   5102 Sep  8 19:03 ModularCG_A2.class
-rw-rw-r--   1 travis travis  15129 Sep  8 19:03 ModularCG_A2.java
-rw-rw-r--   1 travis travis    808 Sep  8 19:03 ModularCG_A2.mk
-rw-rw-r--   1 travis travis   1433 Sep  8 19:03 ModularCG_A2_profile.class
In "/home/travis/cg", about to execute:
-rw-rw-r--   1 travis travis   1704 Sep  8 19:03 ModularCG_A2_profile.java
-rw-rw-r--   1 travis travis   3705 Sep  8 19:03 ModularCGPubSub_A1_A2.class
-rw-rw-r--   1 travis travis   9076 Sep  8 19:03 ModularCGPubSub_A1_A2.java
-rw-rw-r--   1 travis travis    880 Sep  8 19:03 ModularCGPubSub_A1_A2.mk
-rw-rw-r--   1 travis travis   1300 Sep  8 19:03 ModularCGPubSub_A1_A2_profile.class
-rw-rw-r--   1 travis travis   1222 Sep  8 19:03 ModularCGPubSub_A1_A2_profile.java
-rw-rw-r--   1 travis travis   4022 Sep  8 19:03 ModularCGPubSub_A1.class
-rw-rw-r--   1 travis travis   9836 Sep  8 19:03 ModularCGPubSub_A1.java
-rw-rw-r--   1 travis travis    856 Sep  8 19:03 ModularCGPubSub_A1.mk
-rw-rw-r--   1 travis travis   1346 Sep  8 19:03 ModularCGPubSub_A1_profile.class
-rw-rw-r--   1 travis travis   1388 Sep  8 19:03 ModularCGPubSub_A1_profile.java
-rw-rw-r--   1 travis travis   4220 Sep  8 19:03 ModularCodeGen2_ModularCodeGenTypedCompositeActor.class
-rw-rw-r--   1 travis travis  11690 Sep  8 19:03 ModularCodeGen2_ModularCodeGenTypedCompositeActor.java
-rw-rw-r--   1 travis travis   1104 Sep  8 19:03 ModularCodeGen2_ModularCodeGenTypedCompositeActor.mk
-rw-rw-r--   1 travis travis   4504 Sep  8 19:03 ModularCodeGen2_ModularCodeGenTypedCompositeActor_ModularCodeGenTypedCompositeActor.class
    javac -classpath
.:/home/travis/build/icyphy/ptII:/home/travis/build/icyphy/ptII/lib/asm-all-5.2
.jar:/home/travis/build/icyphy/ptII/lib/nashorn-core-15.3.jar:/home/travis/buil
d/icyphy/ptII/lib/bsh-2.0b4.jar:/home/travis/build/icyphy/ptII/lib/ptCal.jar:/h
ome/travis/build/icyphy/ptII/lib/java_cup.jar:/home/travis/build/icyphy/ptII/li
b/saxon8.jar:/home/travis/build/icyphy/ptII/lib/saxon8-dom.jar:/home/travis/bui
ld/icyphy/ptII/lib/chic.jar:/home/travis/build/icyphy/ptII/lib/ptcolt.jar:/home
/travis/build/icyphy/ptII/vendors/misc/itext/iText.jar:/home/travis/build/icyph
y/ptII/lib/g4ltl.jar:/home/travis/build/icyphy/ptII/lib/StructuralCoder.jar:/ho
me/travis/build/icyphy/ptII/lib/jcerti.jar:/home/travis/build/icyphy/ptII/lib/j
avax.mail.jar:/home/travis/build/icyphy/ptII/vendors/JMF-2.1.1e/lib/jmf.jar:/ho
me/travis/build/icyphy/ptII/lib/jna-4.0.0-variadic.jar:/home/travis/build/icyph
y/ptII/vendors/misc/joystick/Joystick.jar:/home/travis/build/icyphy/ptII/lib/pt
jacl.jar:/home/travis/build/icyphy/ptII/lib/jsoup-1.14.2.jar:/home/travis/build
/icyphy/ptII/lib/junit-4.8.2.jar:/home/travis/build/icyphy/ptII/lib/JUnitParams
-0.4.0.jar:/home/travis/build/icyphy/ptII/ptolemy/actor/lib/excel/jxl.jar:/home
/travis/build/icyphy/ptII/lib/jython.jar:/home/travis/build/icyphy/ptII/lib/kie
ler.jar:/home/travis/build/icyphy/ptII/vendors/opencv/share/OpenCV/java/opencv-
341.jar:/home/travis/build/icyphy/ptII/lib/oscP5.jar:/home/travis/build/icyphy/
ptII/lib/nrjavaserial-3.11.0.devel.jar:/home/travis/build/icyphy/ptII/vendors/j
3d/lib/Linux/j3dcore.jar:/home/travis/build/icyphy/ptII/vendors/j3d/lib/Linux/j
3dutils.jar:/home/travis/build/icyphy/ptII/vendors/j3d/lib/Linux/vecmath.jar:/h
ome/travis/build/icyphy/ptII/vendors/jogl/lib/Linux/gluegen-rt-natives-linux-am
d64.jar:/home/travis/build/icyphy/ptII/vendors/jogl/lib/Linux/gluegen-rt.jar:/h
ome/travis/build/icyphy/ptII/vendors/jogl/lib/Linux/jogl-all-natives-linux-amd6
4.jar:/home/travis/build/icyphy/ptII/vendors/jogl/lib/Linux/jogl-all.jar:/home/
travis/build/icyphy/ptII/ptolemy/distributed/jini/jar/jini-core.jar:/home/travi
s/build/icyphy/ptII/ptolemy/distributed/jini/jar/jini-ext.jar:/home/travis/buil
d/icyphy/ptII/ptolemy/distributed/jini/jar/sun-util.jar:/home/travis/build/icyp
hy/ptII/lib/protobuf-java-2.4.1.jar:/home/travis/build/icyphy/ptII/lib/org.ecli
pse.paho.client.mqttv3.jar:/home/travis/build/icyphy/ptII/lib/mapss.jar:/home/t
ravis/build/icyphy/ptII/ptolemy/actor/ptalon/antlr/antlr.jar:/home/travis/build
/icyphy/ptII/lib/JRI.jar:/home/travis/build/icyphy/ptII/lib/commons-lang-2.6.ja
r:/home/travis/build/icyphy/ptII/lib/commons-logging-1.1.1.jar:/home/travis/bui
ld/icyphy/ptII/lib/sootclasses.jar:/home/travis/build/icyphy/ptII/ptolemy/actor
/lib/database/mysql-connector-java-8.0.26.jar:/home/travis/build/icyphy/ptII/ve
ndors/misc/sphinx4/sphinx4-data-5prealpha.jar:/home/travis/build/icyphy/ptII/ve
ndors/misc/sphinx4/sphinx4-core-5prealpha.jar:/home/travis/build/icyphy/ptII/li
b/PDFRenderer.jar:/home/travis/build/icyphy/ptII/lib/svgSalamander.jar:/home/tr
avis/build/icyphy/ptII/lib/rsyntaxtextarea-2.6.0-SNAPSHOT.jar:/home/travis/buil
d/icyphy/ptII/lib/hazelcast-3.8.2.jar:/home/travis/build/icyphy/ptII/lib/jackso
n-annotations-2.9.0.jar:/home/travis/build/icyphy/ptII/lib/jackson-core-2.9.3.j
ar:/home/travis/build/icyphy/ptII/lib/jackson-databind-2.9.3.jar:/home/travis/b
uild/icyphy/ptII/lib/netty-buffer-4.1.19.Final.jar:/home/travis/build/icyphy/pt
II/lib/netty-codec-4.1.19.Final.jar:/home/travis/build/icyphy/ptII/lib/netty-co
dec-dns-4.1.19.Final.jar:/home/travis/build/icyphy/ptII/lib/netty-codec-http-4.
1.19.Final.jar:/home/travis/build/icyphy/ptII/lib/netty-codec-http2-4.1.19.Fina
l.jar:/home/travis/build/icyphy/ptII/lib/netty-common-4.1.19.Final.jar:/home/tr
avis/build/icyphy/ptII/lib/netty-handler-4.1.19.Final.jar:/home/travis/build/ic
yphy/ptII/lib/netty-resolver-4.1.19.Final.jar:/home/travis/build/icyphy/ptII/li
b/netty-resolver-dns-4.1.19.Final.jar:/home/travis/build/icyphy/ptII/lib/netty-
transport-4.1.19.Final.jar:/home/travis/build/icyphy/ptII/lib/vertx-codegen-3.5
.1.jar:/home/travis/build/icyphy/ptII/lib/vertx-core-3.5.2-SNAPSHOT.jar:/home/t
ravis/build/icyphy/ptII/lib/vertx-hazelcast-3.5.1.jar:/home/travis/build/icyphy
/ptII/lib/vertx-lang-js-3.5.1.jar:/home/travis/build/icyphy/ptII/lib/vertx-serv
ice-proxy-3.5.1.jar:/home/travis/build/icyphy/ptII/lib/vertx-web-3.5.1.jar:/hom
e/travis/build/icyphy/ptII/lib/slf4j-api-1.7.13.jar:/home/travis/build/icyphy/p
tII/lib/slf4j-simple-1.7.13.jar:/home/travis/build/icyphy/ptII/lib/webcam-captu
re-0.3.12.jar:/home/travis/build/icyphy/ptII/lib/bridj-0.7.0.jar:/home/travis/b
uild/icyphy/ptII/lib/xbjlib-1.1.0.nrjavaserial.jar:/home/travis/build/icyphy/pt
II/ptolemy/moml/test:/home/travis/build/icyphy/ptII/ant/lib/ant-launcher.jar:/h
ome/travis/build/icyphy/ptII/ant/lib/ant.jar:/home/travis/build/icyphy/ptII/ant
/lib/ant-junit.jar:/home/travis/build/icyphy/ptII/ant/lib/ant-junit4.jar:/home/
travis/build/icyphy/ptII ModularCodeGen4_A1_B2_profile.java
-rw-rw-r--   1 travis travis  11790 Sep  8 19:03 ModularCodeGen2_ModularCodeGenTypedCompositeActor_ModularCodeGenTypedCompositeActor.java
-rw-rw-r--   1 travis travis   1376 Sep  8 19:03 ModularCodeGen2_ModularCodeGenTypedCompositeActor_ModularCodeGenTypedCompositeActor.mk
-rw-rw-r--   1 travis travis   1421 Sep  8 19:03 ModularCodeGen2_ModularCodeGenTypedCompositeActor_ModularCodeGenTypedCompositeActor_profile.class
-rw-rw-r--   1 travis travis   1294 Sep  8 19:03 ModularCodeGen2_ModularCodeGenTypedCompositeActor_ModularCodeGenTypedCompositeActor_profile.java
-rw-rw-r--   1 travis travis    820 Sep  8 19:03 ModularCodeGen2_ModularCodeGenTypedCompositeActor_profile.class
-rw-rw-r--   1 travis travis    693 Sep  8 19:03 ModularCodeGen2_ModularCodeGenTypedCompositeActor_profile.java
-rw-rw-r--   1 travis travis   3973 Sep  8 19:03 ModularCodeGen3_A1_B1.class
-rw-rw-r--   1 travis travis   9958 Sep  8 19:03 ModularCodeGen3_A1_B1.java
-rw-rw-r--   1 travis travis    880 Sep  8 19:03 ModularCodeGen3_A1_B1.mk
-rw-rw-r--   1 travis travis   1330 Sep  8 19:03 ModularCodeGen3_A1_B1_profile.class
-rw-rw-r--   1 travis travis   1274 Sep  8 19:03 ModularCodeGen3_A1_B1_profile.java
-rw-rw-r--   1 travis travis   3973 Sep  8 19:03 ModularCodeGen3_A1_B2.class
-rw-rw-r--   1 travis travis   9958 Sep  8 19:03 ModularCodeGen3_A1_B2.java
-rw-rw-r--   1 travis travis    880 Sep  8 19:03 ModularCodeGen3_A1_B2.mk
-rw-rw-r--   1 travis travis   1330 Sep  8 19:03 ModularCodeGen3_A1_B2_profile.class
-rw-rw-r--   1 travis travis   1274 Sep  8 19:03 ModularCodeGen3_A1_B2_profile.java
-rw-rw-r--   1 travis travis   5193 Sep  8 19:03 ModularCodeGen3_A1.class
-rw-rw-r--   1 travis travis  15564 Sep  8 19:03 ModularCodeGen3_A1.java
-rw-rw-r--   1 travis travis    856 Sep  8 19:03 ModularCodeGen3_A1.mk
-rw-rw-r--   1 travis travis   1445 Sep  8 19:03 ModularCodeGen3_A1_profile.class
-rw-rw-r--   1 travis travis   1716 Sep  8 19:03 ModularCodeGen3_A1_profile.java
-rw-rw-r--   1 travis travis   4119 Sep  8 19:03 ModularCodeGen3_A2_B1.class
-rw-rw-r--   1 travis travis  10955 Sep  8 19:03 ModularCodeGen3_A2_B1.java
-rw-rw-r--   1 travis travis    880 Sep  8 19:03 ModularCodeGen3_A2_B1.mk
-rw-rw-r--   1 travis travis   1393 Sep  8 19:03 ModularCodeGen3_A2_B1_profile.class
-rw-rw-r--   1 travis travis   1458 Sep  8 19:03 ModularCodeGen3_A2_B1_profile.java
-rw-rw-r--   1 travis travis   3973 Sep  8 19:03 ModularCodeGen3_A2_B2.class
-rw-rw-r--   1 travis travis   9958 Sep  8 19:03 ModularCodeGen3_A2_B2.java
-rw-rw-r--   1 travis travis    880 Sep  8 19:03 ModularCodeGen3_A2_B2.mk
-rw-rw-r--   1 travis travis   1330 Sep  8 19:03 ModularCodeGen3_A2_B2_profile.class
-rw-rw-r--   1 travis travis   1274 Sep  8 19:03 ModularCodeGen3_A2_B2_profile.java
-rw-rw-r--   1 travis travis   5270 Sep  8 19:03 ModularCodeGen3_A2.class
-rw-rw-r--   1 travis travis  15957 Sep  8 19:03 ModularCodeGen3_A2.java
-rw-rw-r--   1 travis travis    856 Sep  8 19:03 ModularCodeGen3_A2.mk
-rw-rw-r--   1 travis travis   1445 Sep  8 19:03 ModularCodeGen3_A2_profile.class
-rw-rw-r--   1 travis travis   1716 Sep  8 19:03 ModularCodeGen3_A2_profile.java
-rw-rw-r--   1 travis travis   4026 Sep  8 19:03 ModularCodeGen4_A1_B1.class
-rw-rw-r--   1 travis travis  10312 Sep  8 19:03 ModularCodeGen4_A1_B1.java
-rw-rw-r--   1 travis travis    880 Sep  8 19:03 ModularCodeGen4_A1_B1.mk
-rw-rw-r--   1 travis travis   1330 Sep  8 19:03 ModularCodeGen4_A1_B1_profile.class
-rw-rw-r--   1 travis travis   1273 Sep  8 19:03 ModularCodeGen4_A1_B1_profile.java
-rw-rw-r--   1 travis travis   1273 Sep  8 19:03 ModularCodeGen4_A1_B2_profile.java
-rw-rw-r--   1 travis travis   4186 Sep  8 19:03 ModularCodeGen_ModularCodeGenTypedCompositeActor.class
-rw-rw-r--   1 travis travis  10970 Sep  8 19:03 ModularCodeGen_ModularCodeGenTypedCompositeActor.java
-rw-rw-r--   1 travis travis   1096 Sep  8 19:03 ModularCodeGen_ModularCodeGenTypedCompositeActor.mk
-rw-rw-r--   1 travis travis   1384 Sep  8 19:03 ModularCodeGen_ModularCodeGenTypedCompositeActor_profile.class
-rw-rw-r--   1 travis travis   1328 Sep  8 19:03 ModularCodeGen_ModularCodeGenTypedCompositeActor_profile.java
-rw-rw-r--   1 travis travis   3724 Sep  8 19:02 ModularCodeGenTest_A1_A2.class
-rw-rw-r--   1 travis travis   9164 Sep  8 19:02 ModularCodeGenTest_A1_A2.java
-rw-rw-r--   1 travis travis   1306 Sep  8 19:02 ModularCodeGenTest_A1_A2_profile.class
-rw-rw-r--   1 travis travis   4055 Sep  8 19:02 ModularCodeGenTest_A1.class
-rw-rw-r--   1 travis travis   9968 Sep  8 19:02 ModularCodeGenTest_A1.java
-rw-rw-r--   1 travis travis    880 Sep  8 19:02 ModularCodeGenTest_A1.mk
-rw-rw-r--   1 travis travis   1352 Sep  8 19:02 ModularCodeGenTest_A1_profile.class
-rw-rw-r--   1 travis travis   1394 Sep  8 19:02 ModularCodeGenTest_A1_profile.java
drwxrwxr-x   3 travis travis  32768 Sep  8 19:02 modulation2
drwxrwxr-x 188 travis travis  12288 Sep  8 19:02 node_modules
drwxrwxr-x   3 travis travis  20480 Sep  8 18:58 PhaseUnwrap
drwxrwxr-x   3 travis travis  12288 Sep  8 18:59 ReadFile1
-rw-rw-r--   1 travis travis     11 Sep  8 18:58 ReadFile1Output.txt
-rw-rw-r--   1 travis travis  13773 Sep  8 19:02 Repeat.class
-rw-rw-r--   1 travis travis    685 Sep  8 19:02 Repeat$_fireFunction_Repeat_Repeat$__f_sL_11.class
-rw-rw-r--   1 travis travis    541 Sep  8 19:02 Repeat$_fireFunction_Repeat_Repeat$__f_sL_12.class
-rw-rw-r--   1 travis travis    541 Sep  8 19:02 Repeat$_fireFunction_Repeat_Repeat$__f_sL_13.class
-rw-rw-r--   1 travis travis    541 Sep  8 19:02 Repeat$_fireFunction_Repeat_Repeat$__f_sL_14.class
-rw-rw-r--   1 travis travis    684 Sep  8 19:02 Repeat$_fireFunction_Repeat_Repeat$__f_sL_1.class
-rw-rw-r--   1 travis travis    683 Sep  8 19:02 Repeat$_fireFunction_Repeat_Repeat$__f_sL_4.class
-rw-rw-r--   1 travis travis    539 Sep  8 19:02 Repeat$_fireFunction_Repeat_Repeat$__f_sL_9.class
-rw-rw-r--   1 travis travis    494 Sep  8 19:02 Repeat$_initialize_Repeat$__i_sL_2.class
-rw-rw-r--   1 travis travis   1281 Sep  8 19:02 Repeat.mk
-rw-rw-r--   1 travis travis    539 Sep  8 19:02 Repeat$_preinitializeMethod_Repeat$__p_sL_0.class
-rw-rw-r--   1 travis travis   1102 Sep  8 19:02 Repeat$_Repeat$_fireFunction_Repeat_AddSubtract_Repeat.class
-rw-rw-r--   1 travis travis    810 Sep  8 19:02 Repeat$_Repeat$_fireFunction_Repeat_AddSubtract_Repeat$__f_sL_0.class
-rw-rw-r--   1 travis travis    928 Sep  8 19:02 Repeat$_Repeat$_fireFunction_Repeat_AddSubtract_Repeat$__f_sL_1.class
-rw-rw-r--   1 travis travis    934 Sep  8 19:02 Repeat$_Repeat$_fireFunction_Repeat_AddSubtract_Repeat$__f_sL_2.class
-rw-rw-r--   1 travis travis    862 Sep  8 19:02 Repeat$_Repeat$_fireFunction_Repeat_AddSubtract_Repeat$__f_sL_3.class
-rw-rw-r--   1 travis travis    757 Sep  8 19:02 Repeat$_Repeat$_fireFunction_Repeat_Ramp2_Repeat$__f_sL_0.class
-rw-rw-r--   1 travis travis    888 Sep  8 19:02 Repeat$_Repeat$_fireFunction_Repeat_Test_Repeat$__f_sL_0.class
-rw-rw-r--   1 travis travis    634 Sep  8 19:02 Repeat$_Repeat$_fireFunction_Repeat_Test_Repeat$__f_sL_1.class
-rw-rw-r--   1 travis travis    704 Sep  8 19:02 Repeat$_Repeat_SDF_Director_run_Repeat$__R_sL_0.class
-rw-rw-r--   1 travis travis    705 Sep  8 19:02 Repeat$_Repeat_SDF_Director_run_Repeat$__R_sL_11.class
-rw-rw-r--   1 travis travis    561 Sep  8 19:02 Repeat$_Repeat_SDF_Director_run_Repeat$__R_sL_13.class
-rw-rw-r--   1 travis travis    559 Sep  8 19:02 Repeat$_Repeat_SDF_Director_run_Repeat$__R_sL_2.class
-rw-rw-r--   1 travis travis    703 Sep  8 19:02 Repeat$_Repeat_SDF_Director_run_Repeat$__R_sL_3.class
-rw-rw-r--   1 travis travis    559 Sep  8 19:02 Repeat$_Repeat_SDF_Director_run_Repeat$__R_sL_5.class
-rw-rw-r--   1 travis travis    559 Sep  8 19:02 Repeat$_Repeat_SDF_Director_run_Repeat$__R_sL_8.class
drwxrwxr-x   2 travis travis   4096 Sep  8 19:02 RepeatVariables
-rw-rw-r--   1 travis travis    882 Sep  8 19:02 Repeat$_varinit_Repeat.class
-rw-rw-r--   1 travis travis    550 Sep  8 19:02 Repeat$_varinit_Repeat$__v_sL_2.class
-rw-rw-r--   1 travis travis    924 Sep  8 19:02 Repeat$_varinit_Repeat$__v_sL_4.class
-rw-rw-r--   1 travis travis    978 Sep  8 19:02 Repeat$_wrapup_Repeat$__w_sL_1.class
drwxrwxr-x   3 travis travis  20480 Sep  8 18:59 Sinewave
drwxrwxr-x   3 travis travis  32768 Sep  8 19:00 StringFunction
drwxrwxr-x   3 travis travis  12288 Sep  8 19:00 StringLength
drwxrwxr-x   3 travis travis  61440 Sep  8 19:00 StringMatches2
drwxrwxr-x   3 travis travis  61440 Sep  8 19:01 StringSimpleReplace
drwxrwxr-x   3 travis travis  65536 Sep  8 19:01 StringSubstring
drwxrwxr-x   3 travis travis  24576 Sep  8 19:01 StringSubstring2
drwxrwxr-x   3 travis travis  16384 Sep  8 19:02 time1
drwxrwxr-x   3 travis travis  12288 Sep  8 19:02 time5
-rw-rw-r--   1 travis travis    432 Sep  8 19:03 Token.class
-rw-rw-r--   1 travis travis    251 Sep  8 19:03 Token.java
-rwxrwxr-x   1 travis travis 466992 Sep  8 18:56 top
-rw-rw-r--   1 travis travis  20502 Sep  8 18:56 top.c
-rw-rw-r--   1 travis travis   3799 Sep  8 19:02 top.class
-rw-rw-r--   1 travis travis   1257 Sep  8 19:02 top.mk
All Done
Writing ModularCodeGen4_A1_B2.java in file:/home/travis/cg/ (10312 characters)
Reading "ptolemy/cg/kernel/generic/program/procedural/java/modular/makefile.in",
    writing "/home/travis/cg/ModularCodeGen4_A1_B2.mk"
Using ptolemy/cg/kernel/generic/program/procedural/java/modular/makefile.in
In "/home/travis/cg", about to execute:
    make -f ModularCodeGen4_A1_B2.mk
javac -classpath ".:.."    ModularCodeGen4_A1_B2.java
All Done
In "/home/travis/cg", about to execute:
    pwd
In "/home/travis/cg", about to execute:
    ls -l
/home/travis/cg
In "/home/travis/cg", about to execute:
    javac -classpath
.:/home/travis/build/icyphy/ptII:/home/travis/build/icyphy/ptII/lib/asm-all-5.2
.jar:/home/travis/build/icyphy/ptII/lib/nashorn-core-15.3.jar:/home/travis/buil
d/icyphy/ptII/lib/bsh-2.0b4.jar:/home/travis/build/icyphy/ptII/lib/ptCal.jar:/h
ome/travis/build/icyphy/ptII/lib/java_cup.jar:/home/travis/build/icyphy/ptII/li
b/saxon8.jar:/home/travis/build/icyphy/ptII/lib/saxon8-dom.jar:/home/travis/bui
ld/icyphy/ptII/lib/chic.jar:/home/travis/build/icyphy/ptII/lib/ptcolt.jar:/home
/travis/build/icyphy/ptII/vendors/misc/itext/iText.jar:/home/travis/build/icyph
y/ptII/lib/g4ltl.jar:/home/travis/build/icyphy/ptII/lib/StructuralCoder.jar:/ho
me/travis/build/icyphy/ptII/lib/jcerti.jar:/home/travis/build/icyphy/ptII/lib/j
avax.mail.jar:/home/travis/build/icyphy/ptII/vendors/JMF-2.1.1e/lib/jmf.jar:/ho
me/travis/build/icyphy/ptII/lib/jna-4.0.0-variadic.jar:/home/travis/build/icyph
y/ptII/vendors/misc/joystick/Joystick.jar:/home/travis/build/icyphy/ptII/lib/pt
jacl.jar:/home/travis/build/icyphy/ptII/lib/jsoup-1.14.2.jar:/home/travis/build
/icyphy/ptII/lib/junit-4.8.2.jar:/home/travis/build/icyphy/ptII/lib/JUnitParams
-0.4.0.jar:/home/travis/build/icyphy/ptII/ptolemy/actor/lib/excel/jxl.jar:/home
/travis/build/icyphy/ptII/lib/jython.jar:/home/travis/build/icyphy/ptII/lib/kie
ler.jar:/home/travis/build/icyphy/ptII/vendors/opencv/share/OpenCV/java/opencv-
341.jar:/home/travis/build/icyphy/ptII/lib/oscP5.jar:/home/travis/build/icyphy/
ptII/lib/nrjavaserial-3.11.0.devel.jar:/home/travis/build/icyphy/ptII/vendors/j
3d/lib/Linux/j3dcore.jar:/home/travis/build/icyphy/ptII/vendors/j3d/lib/Linux/j
3dutils.jar:/home/travis/build/icyphy/ptII/vendors/j3d/lib/Linux/vecmath.jar:/h
ome/travis/build/icyphy/ptII/vendors/jogl/lib/Linux/gluegen-rt-natives-linux-am
d64.jar:/home/travis/build/icyphy/ptII/vendors/jogl/lib/Linux/gluegen-rt.jar:/h
ome/travis/build/icyphy/ptII/vendors/jogl/lib/Linux/jogl-all-natives-linux-amd6
4.jar:/home/travis/build/icyphy/ptII/vendors/jogl/lib/Linux/jogl-all.jar:/home/
travis/build/icyphy/ptII/ptolemy/distributed/jini/jar/jini-core.jar:/home/travi
s/build/icyphy/ptII/ptolemy/distributed/jini/jar/jini-ext.jar:/home/travis/buil
d/icyphy/ptII/ptolemy/distributed/jini/jar/sun-util.jar:/home/travis/build/icyp
hy/ptII/lib/protobuf-java-2.4.1.jar:/home/travis/build/icyphy/ptII/lib/org.ecli
pse.paho.client.mqttv3.jar:/home/travis/build/icyphy/ptII/lib/mapss.jar:/home/t
ravis/build/icyphy/ptII/ptolemy/actor/ptalon/antlr/antlr.jar:/home/travis/build
/icyphy/ptII/lib/JRI.jar:/home/travis/build/icyphy/ptII/lib/commons-lang-2.6.ja
r:/home/travis/build/icyphy/ptII/lib/commons-logging-1.1.1.jar:/home/travis/bui
ld/icyphy/ptII/lib/sootclasses.jar:/home/travis/build/icyphy/ptII/ptolemy/actor
/lib/database/mysql-connector-java-8.0.26.jar:/home/travis/build/icyphy/ptII/ve
ndors/misc/sphinx4/sphinx4-data-5prealpha.jar:/home/travis/build/icyphy/ptII/ve
ndors/misc/sphinx4/sphinx4-core-5prealpha.jar:/home/travis/build/icyphy/ptII/li
b/PDFRenderer.jar:/home/travis/build/icyphy/ptII/lib/svgSalamander.jar:/home/tr
avis/build/icyphy/ptII/lib/rsyntaxtextarea-2.6.0-SNAPSHOT.jar:/home/travis/buil
d/icyphy/ptII/lib/hazelcast-3.8.2.jar:/home/travis/build/icyphy/ptII/lib/jackso
n-annotations-2.9.0.jar:/home/travis/build/icyphy/ptII/lib/jackson-core-2.9.3.j
ar:/home/travis/build/icyphy/ptII/lib/jackson-databind-2.9.3.jar:/home/travis/b
uild/icyphy/ptII/lib/netty-buffer-4.1.19.Final.jar:/home/travis/build/icyphy/pt
II/lib/netty-codec-4.1.19.Final.jar:/home/travis/build/icyphy/ptII/lib/netty-co
dec-dns-4.1.19.Final.jar:/home/travis/build/icyphy/ptII/lib/netty-codec-http-4.
1.19.Final.jar:/home/travis/build/icyphy/ptII/lib/netty-codec-http2-4.1.19.Fina
l.jar:/home/travis/build/icyphy/ptII/lib/netty-common-4.1.19.Final.jar:/home/tr
avis/build/icyphy/ptII/lib/netty-handler-4.1.19.Final.jar:/home/travis/build/ic
yphy/ptII/lib/netty-resolver-4.1.19.Final.jar:/home/travis/build/icyphy/ptII/li
b/netty-resolver-dns-4.1.19.Final.jar:/home/travis/build/icyphy/ptII/lib/netty-
transport-4.1.19.Final.jar:/home/travis/build/icyphy/ptII/lib/vertx-codegen-3.5
.1.jar:/home/travis/build/icyphy/ptII/lib/vertx-core-3.5.2-SNAPSHOT.jar:/home/t
ravis/build/icyphy/ptII/lib/vertx-hazelcast-3.5.1.jar:/home/travis/build/icyphy
/ptII/lib/vertx-lang-js-3.5.1.jar:/home/travis/build/icyphy/ptII/lib/vertx-serv
ice-proxy-3.5.1.jar:/home/travis/build/icyphy/ptII/lib/vertx-web-3.5.1.jar:/hom
e/travis/build/icyphy/ptII/lib/slf4j-api-1.7.13.jar:/home/travis/build/icyphy/p
tII/lib/slf4j-simple-1.7.13.jar:/home/travis/build/icyphy/ptII/lib/webcam-captu
re-0.3.12.jar:/home/travis/build/icyphy/ptII/lib/bridj-0.7.0.jar:/home/travis/b
uild/icyphy/ptII/lib/xbjlib-1.1.0.nrjavaserial.jar:/home/travis/build/icyphy/pt
II/ptolemy/moml/test:/home/travis/build/icyphy/ptII/ant/lib/ant-launcher.jar:/h
ome/travis/build/icyphy/ptII/ant/lib/ant.jar:/home/travis/build/icyphy/ptII/ant
/lib/ant-junit.jar:/home/travis/build/icyphy/ptII/ant/lib/ant-junit4.jar:/home/
travis/build/icyphy/ptII ModularCodeGen4_A1_profile.java
total 1976
drwxrwxr-x   3 travis travis  12288 Sep  8 18:57 AbsoluteValue
drwxrwxr-x   3 travis travis 102400 Sep  8 18:56 AllColt
drwxrwxr-x   3 travis travis  12288 Sep  8 18:57 Case1
-rw-rw-r--   1 travis travis   5128 Sep  8 19:02 CompiledCompositeActor_CompiledCompositeActor.class
-rw-rw-r--   1 travis travis   1611 Sep  8 19:02 CompiledCompositeActor_CompiledCompositeActor$_CompiledCompositeActor_CompiledCompositeActor.class
-rw-rw-r--   1 travis travis  13466 Sep  8 19:02 CompiledCompositeActor_CompiledCompositeActor.java
-rw-rw-r--   1 travis travis   1593 Sep  8 19:02 CompiledCompositeActor_CompiledCompositeActor.mk
drwxrwxr-x   5 travis travis   4096 Sep  8 18:56 fmi
drwxrwxr-x   3 travis travis  16384 Sep  8 18:57 Gaussian2
-rw-rw-r--   1 travis travis   4684 Sep  8 19:02 JavaCompiledCompositeTest1_CompiledCompositeActor.class
-rw-rw-r--   1 travis travis  11637 Sep  8 19:02 JavaCompiledCompositeTest1_CompiledCompositeActor.java
-rw-rw-r--   1 travis travis   1217 Sep  8 19:02 JavaCompiledCompositeTest1_CompiledCompositeActor$_JavaCompiledCompositeTest1_CompiledCompositeActor.class
-rw-rw-r--   1 travis travis   1625 Sep  8 19:02 JavaCompiledCompositeTest1_CompiledCompositeActor.mk
-rw-rw-r--   1 travis travis   5115 Sep  8 19:02 JavaCompiledCompositeTest2_CompiledCompositeActor.class
-rw-rw-r--   1 travis travis  14919 Sep  8 19:02 JavaCompiledCompositeTest2_CompiledCompositeActor.java
-rw-rw-r--   1 travis travis   1812 Sep  8 19:02 JavaCompiledCompositeTest2_CompiledCompositeActor$_JavaCompiledCompositeTest2_CompiledCompositeActor.class
-rw-rw-r--   1 travis travis   1625 Sep  8 19:02 JavaCompiledCompositeTest2_CompiledCompositeActor.mk
-rw-rw-r--   1 travis travis   4732 Sep  8 19:02 JavaCompiledCompositeTest3_CompiledCompositeActor.class
-rw-rw-r--   1 travis travis  13080 Sep  8 19:02 JavaCompiledCompositeTest3_CompiledCompositeActor.java
-rw-rw-r--   1 travis travis   1397 Sep  8 19:02 JavaCompiledCompositeTest3_CompiledCompositeActor$_JavaCompiledCompositeTest3_CompiledCompositeActor.class
-rw-rw-r--   1 travis travis   1625 Sep  8 19:02 JavaCompiledCompositeTest3_CompiledCompositeActor.mk
-rw-rw-r--   1 travis travis   4183 Sep  8 19:03 JavaCompiledCompositeTest4_CompiledCompositeActor.class
-rw-rw-r--   1 travis travis   9687 Sep  8 19:02 JavaCompiledCompositeTest4_CompiledCompositeActor.java
-rw-rw-r--   1 travis travis    876 Sep  8 19:03 JavaCompiledCompositeTest4_CompiledCompositeActor$_JavaCompiledCompositeTest4_CompiledCompositeActor.class
-rw-rw-r--   1 travis travis   1625 Sep  8 19:02 JavaCompiledCompositeTest4_CompiledCompositeActor.mk
drwxrwxr-x   3 travis travis  12288 Sep  8 18:58 LookupTable
drwxrwxr-x   3 travis travis  20480 Sep  8 18:58 MaxIndex
-rw-rw-r--   1 travis travis   3925 Sep  8 19:03 ModularCG_A1_B1.class
-rw-rw-r--   1 travis travis   9730 Sep  8 19:03 ModularCG_A1_B1.java
-rw-rw-r--   1 travis travis    832 Sep  8 19:03 ModularCG_A1_B1.mk
-rw-rw-r--   1 travis travis   1318 Sep  8 19:03 ModularCG_A1_B1_profile.class
-rw-rw-r--   1 travis travis   1262 Sep  8 19:03 ModularCG_A1_B1_profile.java
-rw-rw-r--   1 travis travis   3925 Sep  8 19:03 ModularCG_A1_B2.class
-rw-rw-r--   1 travis travis   9730 Sep  8 19:03 ModularCG_A1_B2.java
-rw-rw-r--   1 travis travis    832 Sep  8 19:03 ModularCG_A1_B2.mk
-rw-rw-r--   1 travis travis   1318 Sep  8 19:03 ModularCG_A1_B2_profile.class
-rw-rw-r--   1 travis travis   1262 Sep  8 19:03 ModularCG_A1_B2_profile.java
-rw-rw-r--   1 travis travis   5031 Sep  8 19:03 ModularCG_A1.class
-rw-rw-r--   1 travis travis  14742 Sep  8 19:03 ModularCG_A1.java
-rw-rw-r--   1 travis travis    808 Sep  8 19:03 ModularCG_A1.mk
-rw-rw-r--   1 travis travis   1433 Sep  8 19:03 ModularCG_A1_profile.class
-rw-rw-r--   1 travis travis   1704 Sep  8 19:03 ModularCG_A1_profile.java
-rw-rw-r--   1 travis travis   4059 Sep  8 19:03 ModularCG_A2_B1.class
-rw-rw-r--   1 travis travis  10667 Sep  8 19:03 ModularCG_A2_B1.java
-rw-rw-r--   1 travis travis    832 Sep  8 19:03 ModularCG_A2_B1.mk
-rw-rw-r--   1 travis travis   1381 Sep  8 19:03 ModularCG_A2_B1_profile.class
-rw-rw-r--   1 travis travis   1446 Sep  8 19:03 ModularCG_A2_B1_profile.java
-rw-rw-r--   1 travis travis   3925 Sep  8 19:03 ModularCG_A2_B2.class
-rw-rw-r--   1 travis travis   9730 Sep  8 19:03 ModularCG_A2_B2.java
-rw-rw-r--   1 travis travis    832 Sep  8 19:03 ModularCG_A2_B2.mk
-rw-rw-r--   1 travis travis   1318 Sep  8 19:03 ModularCG_A2_B2_profile.class
-rw-rw-r--   1 travis travis   1262 Sep  8 19:03 ModularCG_A2_B2_profile.java
-rw-rw-r--   1 travis travis   5102 Sep  8 19:03 ModularCG_A2.class
-rw-rw-r--   1 travis travis  15129 Sep  8 19:03 ModularCG_A2.java
-rw-rw-r--   1 travis travis    808 Sep  8 19:03 ModularCG_A2.mk
-rw-rw-r--   1 travis travis   1433 Sep  8 19:03 ModularCG_A2_profile.class
-rw-rw-r--   1 travis travis   1704 Sep  8 19:03 ModularCG_A2_profile.java
-rw-rw-r--   1 travis travis   3705 Sep  8 19:03 ModularCGPubSub_A1_A2.class
-rw-rw-r--   1 travis travis   9076 Sep  8 19:03 ModularCGPubSub_A1_A2.java
-rw-rw-r--   1 travis travis    880 Sep  8 19:03 ModularCGPubSub_A1_A2.mk
-rw-rw-r--   1 travis travis   1300 Sep  8 19:03 ModularCGPubSub_A1_A2_profile.class
-rw-rw-r--   1 travis travis   1222 Sep  8 19:03 ModularCGPubSub_A1_A2_profile.java
-rw-rw-r--   1 travis travis   4022 Sep  8 19:03 ModularCGPubSub_A1.class
-rw-rw-r--   1 travis travis   9836 Sep  8 19:03 ModularCGPubSub_A1.java
-rw-rw-r--   1 travis travis    856 Sep  8 19:03 ModularCGPubSub_A1.mk
-rw-rw-r--   1 travis travis   1346 Sep  8 19:03 ModularCGPubSub_A1_profile.class
-rw-rw-r--   1 travis travis   1388 Sep  8 19:03 ModularCGPubSub_A1_profile.java
-rw-rw-r--   1 travis travis   4220 Sep  8 19:03 ModularCodeGen2_ModularCodeGenTypedCompositeActor.class
-rw-rw-r--   1 travis travis  11690 Sep  8 19:03 ModularCodeGen2_ModularCodeGenTypedCompositeActor.java
-rw-rw-r--   1 travis travis   1104 Sep  8 19:03 ModularCodeGen2_ModularCodeGenTypedCompositeActor.mk
-rw-rw-r--   1 travis travis   4504 Sep  8 19:03 ModularCodeGen2_ModularCodeGenTypedCompositeActor_ModularCodeGenTypedCompositeActor.class
-rw-rw-r--   1 travis travis  11790 Sep  8 19:03 ModularCodeGen2_ModularCodeGenTypedCompositeActor_ModularCodeGenTypedCompositeActor.java
-rw-rw-r--   1 travis travis   1376 Sep  8 19:03 ModularCodeGen2_ModularCodeGenTypedCompositeActor_ModularCodeGenTypedCompositeActor.mk
-rw-rw-r--   1 travis travis   1421 Sep  8 19:03 ModularCodeGen2_ModularCodeGenTypedCompositeActor_ModularCodeGenTypedCompositeActor_profile.class
-rw-rw-r--   1 travis travis   1294 Sep  8 19:03 ModularCodeGen2_ModularCodeGenTypedCompositeActor_ModularCodeGenTypedCompositeActor_profile.java
-rw-rw-r--   1 travis travis    820 Sep  8 19:03 ModularCodeGen2_ModularCodeGenTypedCompositeActor_profile.class
-rw-rw-r--   1 travis travis    693 Sep  8 19:03 ModularCodeGen2_ModularCodeGenTypedCompositeActor_profile.java
-rw-rw-r--   1 travis travis   3973 Sep  8 19:03 ModularCodeGen3_A1_B1.class
-rw-rw-r--   1 travis travis   9958 Sep  8 19:03 ModularCodeGen3_A1_B1.java
-rw-rw-r--   1 travis travis    880 Sep  8 19:03 ModularCodeGen3_A1_B1.mk
-rw-rw-r--   1 travis travis   1330 Sep  8 19:03 ModularCodeGen3_A1_B1_profile.class
-rw-rw-r--   1 travis travis   1274 Sep  8 19:03 ModularCodeGen3_A1_B1_profile.java
-rw-rw-r--   1 travis travis   3973 Sep  8 19:03 ModularCodeGen3_A1_B2.class
-rw-rw-r--   1 travis travis   9958 Sep  8 19:03 ModularCodeGen3_A1_B2.java
-rw-rw-r--   1 travis travis    880 Sep  8 19:03 ModularCodeGen3_A1_B2.mk
-rw-rw-r--   1 travis travis   1330 Sep  8 19:03 ModularCodeGen3_A1_B2_profile.class
-rw-rw-r--   1 travis travis   1274 Sep  8 19:03 ModularCodeGen3_A1_B2_profile.java
-rw-rw-r--   1 travis travis   5193 Sep  8 19:03 ModularCodeGen3_A1.class
-rw-rw-r--   1 travis travis  15564 Sep  8 19:03 ModularCodeGen3_A1.java
-rw-rw-r--   1 travis travis    856 Sep  8 19:03 ModularCodeGen3_A1.mk
-rw-rw-r--   1 travis travis   1445 Sep  8 19:03 ModularCodeGen3_A1_profile.class
-rw-rw-r--   1 travis travis   1716 Sep  8 19:03 ModularCodeGen3_A1_profile.java
-rw-rw-r--   1 travis travis   4119 Sep  8 19:03 ModularCodeGen3_A2_B1.class
-rw-rw-r--   1 travis travis  10955 Sep  8 19:03 ModularCodeGen3_A2_B1.java
-rw-rw-r--   1 travis travis    880 Sep  8 19:03 ModularCodeGen3_A2_B1.mk
-rw-rw-r--   1 travis travis   1393 Sep  8 19:03 ModularCodeGen3_A2_B1_profile.class
-rw-rw-r--   1 travis travis   1458 Sep  8 19:03 ModularCodeGen3_A2_B1_profile.java
-rw-rw-r--   1 travis travis   3973 Sep  8 19:03 ModularCodeGen3_A2_B2.class
-rw-rw-r--   1 travis travis   9958 Sep  8 19:03 ModularCodeGen3_A2_B2.java
-rw-rw-r--   1 travis travis    880 Sep  8 19:03 ModularCodeGen3_A2_B2.mk
-rw-rw-r--   1 travis travis   1330 Sep  8 19:03 ModularCodeGen3_A2_B2_profile.class
-rw-rw-r--   1 travis travis   1274 Sep  8 19:03 ModularCodeGen3_A2_B2_profile.java
-rw-rw-r--   1 travis travis   5270 Sep  8 19:03 ModularCodeGen3_A2.class
-rw-rw-r--   1 travis travis  15957 Sep  8 19:03 ModularCodeGen3_A2.java
-rw-rw-r--   1 travis travis    856 Sep  8 19:03 ModularCodeGen3_A2.mk
-rw-rw-r--   1 travis travis   1445 Sep  8 19:03 ModularCodeGen3_A2_profile.class
-rw-rw-r--   1 travis travis   1716 Sep  8 19:03 ModularCodeGen3_A2_profile.java
-rw-rw-r--   1 travis travis   4026 Sep  8 19:03 ModularCodeGen4_A1_B1.class
-rw-rw-r--   1 travis travis  10312 Sep  8 19:03 ModularCodeGen4_A1_B1.java
-rw-rw-r--   1 travis travis    880 Sep  8 19:03 ModularCodeGen4_A1_B1.mk
-rw-rw-r--   1 travis travis   1330 Sep  8 19:03 ModularCodeGen4_A1_B1_profile.class
-rw-rw-r--   1 travis travis   1273 Sep  8 19:03 ModularCodeGen4_A1_B1_profile.java
-rw-rw-r--   1 travis travis   4026 Sep  8 19:03 ModularCodeGen4_A1_B2.class
-rw-rw-r--   1 travis travis  10312 Sep  8 19:03 ModularCodeGen4_A1_B2.java
-rw-rw-r--   1 travis travis    880 Sep  8 19:03 ModularCodeGen4_A1_B2.mk
-rw-rw-r--   1 travis travis   1330 Sep  8 19:03 ModularCodeGen4_A1_B2_profile.class
-rw-rw-r--   1 travis travis   1273 Sep  8 19:03 ModularCodeGen4_A1_B2_profile.java
-rw-rw-r--   1 travis travis   1712 Sep  8 19:03 ModularCodeGen4_A1_profile.java
-rw-rw-r--   1 travis travis   4186 Sep  8 19:03 ModularCodeGen_ModularCodeGenTypedCompositeActor.class
-rw-rw-r--   1 travis travis  10970 Sep  8 19:03 ModularCodeGen_ModularCodeGenTypedCompositeActor.java
-rw-rw-r--   1 travis travis   1096 Sep  8 19:03 ModularCodeGen_ModularCodeGenTypedCompositeActor.mk
-rw-rw-r--   1 travis travis   1384 Sep  8 19:03 ModularCodeGen_ModularCodeGenTypedCompositeActor_profile.class
-rw-rw-r--   1 travis travis   1328 Sep  8 19:03 ModularCodeGen_ModularCodeGenTypedCompositeActor_profile.java
-rw-rw-r--   1 travis travis   3724 Sep  8 19:02 ModularCodeGenTest_A1_A2.class
-rw-rw-r--   1 travis travis   9164 Sep  8 19:02 ModularCodeGenTest_A1_A2.java
-rw-rw-r--   1 travis travis   1306 Sep  8 19:02 ModularCodeGenTest_A1_A2_profile.class
-rw-rw-r--   1 travis travis   4055 Sep  8 19:02 ModularCodeGenTest_A1.class
-rw-rw-r--   1 travis travis   9968 Sep  8 19:02 ModularCodeGenTest_A1.java
-rw-rw-r--   1 travis travis    880 Sep  8 19:02 ModularCodeGenTest_A1.mk
-rw-rw-r--   1 travis travis   1352 Sep  8 19:02 ModularCodeGenTest_A1_profile.class
-rw-rw-r--   1 travis travis   1394 Sep  8 19:02 ModularCodeGenTest_A1_profile.java
drwxrwxr-x   3 travis travis  32768 Sep  8 19:02 modulation2
drwxrwxr-x 188 travis travis  12288 Sep  8 19:02 node_modules
drwxrwxr-x   3 travis travis  20480 Sep  8 18:58 PhaseUnwrap
drwxrwxr-x   3 travis travis  12288 Sep  8 18:59 ReadFile1
-rw-rw-r--   1 travis travis     11 Sep  8 18:58 ReadFile1Output.txt
-rw-rw-r--   1 travis travis  13773 Sep  8 19:02 Repeat.class
-rw-rw-r--   1 travis travis    685 Sep  8 19:02 Repeat$_fireFunction_Repeat_Repeat$__f_sL_11.class
-rw-rw-r--   1 travis travis    541 Sep  8 19:02 Repeat$_fireFunction_Repeat_Repeat$__f_sL_12.class
-rw-rw-r--   1 travis travis    541 Sep  8 19:02 Repeat$_fireFunction_Repeat_Repeat$__f_sL_13.class
-rw-rw-r--   1 travis travis    541 Sep  8 19:02 Repeat$_fireFunction_Repeat_Repeat$__f_sL_14.class
-rw-rw-r--   1 travis travis    684 Sep  8 19:02 Repeat$_fireFunction_Repeat_Repeat$__f_sL_1.class
-rw-rw-r--   1 travis travis    683 Sep  8 19:02 Repeat$_fireFunction_Repeat_Repeat$__f_sL_4.class
-rw-rw-r--   1 travis travis    539 Sep  8 19:02 Repeat$_fireFunction_Repeat_Repeat$__f_sL_9.class
-rw-rw-r--   1 travis travis    494 Sep  8 19:02 Repeat$_initialize_Repeat$__i_sL_2.class
-rw-rw-r--   1 travis travis   1281 Sep  8 19:02 Repeat.mk
-rw-rw-r--   1 travis travis    539 Sep  8 19:02 Repeat$_preinitializeMethod_Repeat$__p_sL_0.class
-rw-rw-r--   1 travis travis   1102 Sep  8 19:02 Repeat$_Repeat$_fireFunction_Repeat_AddSubtract_Repeat.class
-rw-rw-r--   1 travis travis    810 Sep  8 19:02 Repeat$_Repeat$_fireFunction_Repeat_AddSubtract_Repeat$__f_sL_0.class
-rw-rw-r--   1 travis travis    928 Sep  8 19:02 Repeat$_Repeat$_fireFunction_Repeat_AddSubtract_Repeat$__f_sL_1.class
-rw-rw-r--   1 travis travis    934 Sep  8 19:02 Repeat$_Repeat$_fireFunction_Repeat_AddSubtract_Repeat$__f_sL_2.class
-rw-rw-r--   1 travis travis    862 Sep  8 19:02 Repeat$_Repeat$_fireFunction_Repeat_AddSubtract_Repeat$__f_sL_3.class
-rw-rw-r--   1 travis travis    757 Sep  8 19:02 Repeat$_Repeat$_fireFunction_Repeat_Ramp2_Repeat$__f_sL_0.class
-rw-rw-r--   1 travis travis    888 Sep  8 19:02 Repeat$_Repeat$_fireFunction_Repeat_Test_Repeat$__f_sL_0.class
-rw-rw-r--   1 travis travis    634 Sep  8 19:02 Repeat$_Repeat$_fireFunction_Repeat_Test_Repeat$__f_sL_1.class
-rw-rw-r--   1 travis travis    704 Sep  8 19:02 Repeat$_Repeat_SDF_Director_run_Repeat$__R_sL_0.class
-rw-rw-r--   1 travis travis    705 Sep  8 19:02 Repeat$_Repeat_SDF_Director_run_Repeat$__R_sL_11.class
-rw-rw-r--   1 travis travis    561 Sep  8 19:02 Repeat$_Repeat_SDF_Director_run_Repeat$__R_sL_13.class
-rw-rw-r--   1 travis travis    559 Sep  8 19:02 Repeat$_Repeat_SDF_Director_run_Repeat$__R_sL_2.class
-rw-rw-r--   1 travis travis    703 Sep  8 19:02 Repeat$_Repeat_SDF_Director_run_Repeat$__R_sL_3.class
-rw-rw-r--   1 travis travis    559 Sep  8 19:02 Repeat$_Repeat_SDF_Director_run_Repeat$__R_sL_5.class
-rw-rw-r--   1 travis travis    559 Sep  8 19:02 Repeat$_Repeat_SDF_Director_run_Repeat$__R_sL_8.class
drwxrwxr-x   2 travis travis   4096 Sep  8 19:02 RepeatVariables
-rw-rw-r--   1 travis travis    882 Sep  8 19:02 Repeat$_varinit_Repeat.class
-rw-rw-r--   1 travis travis    550 Sep  8 19:02 Repeat$_varinit_Repeat$__v_sL_2.class
-rw-rw-r--   1 travis travis    924 Sep  8 19:02 Repeat$_varinit_Repeat$__v_sL_4.class
-rw-rw-r--   1 travis travis    978 Sep  8 19:02 Repeat$_wrapup_Repeat$__w_sL_1.class
drwxrwxr-x   3 travis travis  20480 Sep  8 18:59 Sinewave
drwxrwxr-x   3 travis travis  32768 Sep  8 19:00 StringFunction
drwxrwxr-x   3 travis travis  12288 Sep  8 19:00 StringLength
drwxrwxr-x   3 travis travis  61440 Sep  8 19:00 StringMatches2
drwxrwxr-x   3 travis travis  61440 Sep  8 19:01 StringSimpleReplace
drwxrwxr-x   3 travis travis  65536 Sep  8 19:01 StringSubstring
drwxrwxr-x   3 travis travis  24576 Sep  8 19:01 StringSubstring2
drwxrwxr-x   3 travis travis  16384 Sep  8 19:02 time1
drwxrwxr-x   3 travis travis  12288 Sep  8 19:02 time5
-rw-rw-r--   1 travis travis    432 Sep  8 19:03 Token.class
-rw-rw-r--   1 travis travis    251 Sep  8 19:03 Token.java
-rwxrwxr-x   1 travis travis 466992 Sep  8 18:56 top
-rw-rw-r--   1 travis travis  20502 Sep  8 18:56 top.c
-rw-rw-r--   1 travis travis   3799 Sep  8 19:02 top.class
-rw-rw-r--   1 travis travis   1257 Sep  8 19:02 top.mk
All Done
Writing ModularCodeGen4_A1.java in file:/home/travis/cg/ (16245 characters)
Reading "ptolemy/cg/kernel/generic/program/procedural/java/modular/makefile.in",
    writing "/home/travis/cg/ModularCodeGen4_A1.mk"
Using ptolemy/cg/kernel/generic/program/procedural/java/modular/makefile.in
In "/home/travis/cg", about to execute:
    make -f ModularCodeGen4_A1.mk
javac -classpath ".:.."    ModularCodeGen4_A1.java
All Done
In "/home/travis/cg", about to execute:
    pwd
In "/home/travis/cg", about to execute:
    ls -l
/home/travis/cg
total 2012
drwxrwxr-x   3 travis travis  12288 Sep  8 18:57 AbsoluteValue
drwxrwxr-x   3 travis travis 102400 Sep  8 18:56 AllColt
drwxrwxr-x   3 travis travis  12288 Sep  8 18:57 Case1
-rw-rw-r--   1 travis travis   5128 Sep  8 19:02 CompiledCompositeActor_CompiledCompositeActor.class
-rw-rw-r--   1 travis travis   1611 Sep  8 19:02 CompiledCompositeActor_CompiledCompositeActor$_CompiledCompositeActor_CompiledCompositeActor.class
-rw-rw-r--   1 travis travis  13466 Sep  8 19:02 CompiledCompositeActor_CompiledCompositeActor.java
-rw-rw-r--   1 travis travis   1593 Sep  8 19:02 CompiledCompositeActor_CompiledCompositeActor.mk
drwxrwxr-x   5 travis travis   4096 Sep  8 18:56 fmi
drwxrwxr-x   3 travis travis  16384 Sep  8 18:57 Gaussian2
-rw-rw-r--   1 travis travis   4684 Sep  8 19:02 JavaCompiledCompositeTest1_CompiledCompositeActor.class
-rw-rw-r--   1 travis travis  11637 Sep  8 19:02 JavaCompiledCompositeTest1_CompiledCompositeActor.java
-rw-rw-r--   1 travis travis   1217 Sep  8 19:02 JavaCompiledCompositeTest1_CompiledCompositeActor$_JavaCompiledCompositeTest1_CompiledCompositeActor.class
-rw-rw-r--   1 travis travis   1625 Sep  8 19:02 JavaCompiledCompositeTest1_CompiledCompositeActor.mk
-rw-rw-r--   1 travis travis   5115 Sep  8 19:02 JavaCompiledCompositeTest2_CompiledCompositeActor.class
-rw-rw-r--   1 travis travis  14919 Sep  8 19:02 JavaCompiledCompositeTest2_CompiledCompositeActor.java
-rw-rw-r--   1 travis travis   1812 Sep  8 19:02 JavaCompiledCompositeTest2_CompiledCompositeActor$_JavaCompiledCompositeTest2_CompiledCompositeActor.class
-rw-rw-r--   1 travis travis   1625 Sep  8 19:02 JavaCompiledCompositeTest2_CompiledCompositeActor.mk
-rw-rw-r--   1 travis travis   4732 Sep  8 19:02 JavaCompiledCompositeTest3_CompiledCompositeActor.class
-rw-rw-r--   1 travis travis  13080 Sep  8 19:02 JavaCompiledCompositeTest3_CompiledCompositeActor.java
-rw-rw-r--   1 travis travis   1397 Sep  8 19:02 JavaCompiledCompositeTest3_CompiledCompositeActor$_JavaCompiledCompositeTest3_CompiledCompositeActor.class
-rw-rw-r--   1 travis travis   1625 Sep  8 19:02 JavaCompiledCompositeTest3_CompiledCompositeActor.mk
-rw-rw-r--   1 travis travis   4183 Sep  8 19:03 JavaCompiledCompositeTest4_CompiledCompositeActor.class
-rw-rw-r--   1 travis travis   9687 Sep  8 19:02 JavaCompiledCompositeTest4_CompiledCompositeActor.java
-rw-rw-r--   1 travis travis    876 Sep  8 19:03 JavaCompiledCompositeTest4_CompiledCompositeActor$_JavaCompiledCompositeTest4_CompiledCompositeActor.class
-rw-rw-r--   1 travis travis   1625 Sep  8 19:02 JavaCompiledCompositeTest4_CompiledCompositeActor.mk
drwxrwxr-x   3 travis travis  12288 Sep  8 18:58 LookupTable
drwxrwxr-x   3 travis travis  20480 Sep  8 18:58 MaxIndex
-rw-rw-r--   1 travis travis   3925 Sep  8 19:03 ModularCG_A1_B1.class
-rw-rw-r--   1 travis travis   9730 Sep  8 19:03 ModularCG_A1_B1.java
-rw-rw-r--   1 travis travis    832 Sep  8 19:03 ModularCG_A1_B1.mk
-rw-rw-r--   1 travis travis   1318 Sep  8 19:03 ModularCG_A1_B1_profile.class
-rw-rw-r--   1 travis travis   1262 Sep  8 19:03 ModularCG_A1_B1_profile.java
-rw-rw-r--   1 travis travis   3925 Sep  8 19:03 ModularCG_A1_B2.class
-rw-rw-r--   1 travis travis   9730 Sep  8 19:03 ModularCG_A1_B2.java
-rw-rw-r--   1 travis travis    832 Sep  8 19:03 ModularCG_A1_B2.mk
-rw-rw-r--   1 travis travis   1318 Sep  8 19:03 ModularCG_A1_B2_profile.class
-rw-rw-r--   1 travis travis   1262 Sep  8 19:03 ModularCG_A1_B2_profile.java
-rw-rw-r--   1 travis travis   5031 Sep  8 19:03 ModularCG_A1.class
-rw-rw-r--   1 travis travis  14742 Sep  8 19:03 ModularCG_A1.java
-rw-rw-r--   1 travis travis    808 Sep  8 19:03 ModularCG_A1.mk
-rw-rw-r--   1 travis travis   1433 Sep  8 19:03 ModularCG_A1_profile.class
-rw-rw-r--   1 travis travis   1704 Sep  8 19:03 ModularCG_A1_profile.java
-rw-rw-r--   1 travis travis   4059 Sep  8 19:03 ModularCG_A2_B1.class
-rw-rw-r--   1 travis travis  10667 Sep  8 19:03 ModularCG_A2_B1.java
-rw-rw-r--   1 travis travis    832 Sep  8 19:03 ModularCG_A2_B1.mk
-rw-rw-r--   1 travis travis   1381 Sep  8 19:03 ModularCG_A2_B1_profile.class
-rw-rw-r--   1 travis travis   1446 Sep  8 19:03 ModularCG_A2_B1_profile.java
-rw-rw-r--   1 travis travis   3925 Sep  8 19:03 ModularCG_A2_B2.class
-rw-rw-r--   1 travis travis   9730 Sep  8 19:03 ModularCG_A2_B2.java
-rw-rw-r--   1 travis travis    832 Sep  8 19:03 ModularCG_A2_B2.mk
-rw-rw-r--   1 travis travis   1318 Sep  8 19:03 ModularCG_A2_B2_profile.class
-rw-rw-r--   1 travis travis   1262 Sep  8 19:03 ModularCG_A2_B2_profile.java
-rw-rw-r--   1 travis travis   5102 Sep  8 19:03 ModularCG_A2.class
-rw-rw-r--   1 travis travis  15129 Sep  8 19:03 ModularCG_A2.java
-rw-rw-r--   1 travis travis    808 Sep  8 19:03 ModularCG_A2.mk
-rw-rw-r--   1 travis travis   1433 Sep  8 19:03 ModularCG_A2_profile.class
-rw-rw-r--   1 travis travis   1704 Sep  8 19:03 ModularCG_A2_profile.java
-rw-rw-r--   1 travis travis   3705 Sep  8 19:03 ModularCGPubSub_A1_A2.class
-rw-rw-r--   1 travis travis   9076 Sep  8 19:03 ModularCGPubSub_A1_A2.java
-rw-rw-r--   1 travis travis    880 Sep  8 19:03 ModularCGPubSub_A1_A2.mk
-rw-rw-r--   1 travis travis   1300 Sep  8 19:03 ModularCGPubSub_A1_A2_profile.class
-rw-rw-r--   1 travis travis   1222 Sep  8 19:03 ModularCGPubSub_A1_A2_profile.java
-rw-rw-r--   1 travis travis   4022 Sep  8 19:03 ModularCGPubSub_A1.class
-rw-rw-r--   1 travis travis   9836 Sep  8 19:03 ModularCGPubSub_A1.java
-rw-rw-r--   1 travis travis    856 Sep  8 19:03 ModularCGPubSub_A1.mk
-rw-rw-r--   1 travis travis   1346 Sep  8 19:03 ModularCGPubSub_A1_profile.class
-rw-rw-r--   1 travis travis   1388 Sep  8 19:03 ModularCGPubSub_A1_profile.java
-rw-rw-r--   1 travis travis   4220 Sep  8 19:03 ModularCodeGen2_ModularCodeGenTypedCompositeActor.class
-rw-rw-r--   1 travis travis  11690 Sep  8 19:03 ModularCodeGen2_ModularCodeGenTypedCompositeActor.java
-rw-rw-r--   1 travis travis   1104 Sep  8 19:03 ModularCodeGen2_ModularCodeGenTypedCompositeActor.mk
-rw-rw-r--   1 travis travis   4504 Sep  8 19:03 ModularCodeGen2_ModularCodeGenTypedCompositeActor_ModularCodeGenTypedCompositeActor.class
-rw-rw-r--   1 travis travis  11790 Sep  8 19:03 ModularCodeGen2_ModularCodeGenTypedCompositeActor_ModularCodeGenTypedCompositeActor.java
-rw-rw-r--   1 travis travis   1376 Sep  8 19:03 ModularCodeGen2_ModularCodeGenTypedCompositeActor_ModularCodeGenTypedCompositeActor.mk
-rw-rw-r--   1 travis travis   1421 Sep  8 19:03 ModularCodeGen2_ModularCodeGenTypedCompositeActor_ModularCodeGenTypedCompositeActor_profile.class
-rw-rw-r--   1 travis travis   1294 Sep  8 19:03 ModularCodeGen2_ModularCodeGenTypedCompositeActor_ModularCodeGenTypedCompositeActor_profile.java
-rw-rw-r--   1 travis travis    820 Sep  8 19:03 ModularCodeGen2_ModularCodeGenTypedCompositeActor_profile.class
-rw-rw-r--   1 travis travis    693 Sep  8 19:03 ModularCodeGen2_ModularCodeGenTypedCompositeActor_profile.java
-rw-rw-r--   1 travis travis   3973 Sep  8 19:03 ModularCodeGen3_A1_B1.class
-rw-rw-r--   1 travis travis   9958 Sep  8 19:03 ModularCodeGen3_A1_B1.java
-rw-rw-r--   1 travis travis    880 Sep  8 19:03 ModularCodeGen3_A1_B1.mk
-rw-rw-r--   1 travis travis   1330 Sep  8 19:03 ModularCodeGen3_A1_B1_profile.class
-rw-rw-r--   1 travis travis   1274 Sep  8 19:03 ModularCodeGen3_A1_B1_profile.java
-rw-rw-r--   1 travis travis   3973 Sep  8 19:03 ModularCodeGen3_A1_B2.class
-rw-rw-r--   1 travis travis   9958 Sep  8 19:03 ModularCodeGen3_A1_B2.java
-rw-rw-r--   1 travis travis    880 Sep  8 19:03 ModularCodeGen3_A1_B2.mk
-rw-rw-r--   1 travis travis   1330 Sep  8 19:03 ModularCodeGen3_A1_B2_profile.class
-rw-rw-r--   1 travis travis   1274 Sep  8 19:03 ModularCodeGen3_A1_B2_profile.java
-rw-rw-r--   1 travis travis   5193 Sep  8 19:03 ModularCodeGen3_A1.class
-rw-rw-r--   1 travis travis  15564 Sep  8 19:03 ModularCodeGen3_A1.java
-rw-rw-r--   1 travis travis    856 Sep  8 19:03 ModularCodeGen3_A1.mk
-rw-rw-r--   1 travis travis   1445 Sep  8 19:03 ModularCodeGen3_A1_profile.class
-rw-rw-r--   1 travis travis   1716 Sep  8 19:03 ModularCodeGen3_A1_profile.java
-rw-rw-r--   1 travis travis   4119 Sep  8 19:03 ModularCodeGen3_A2_B1.class
-rw-rw-r--   1 travis travis  10955 Sep  8 19:03 ModularCodeGen3_A2_B1.java
-rw-rw-r--   1 travis travis    880 Sep  8 19:03 ModularCodeGen3_A2_B1.mk
-rw-rw-r--   1 travis travis   1393 Sep  8 19:03 ModularCodeGen3_A2_B1_profile.class
-rw-rw-r--   1 travis travis   1458 Sep  8 19:03 ModularCodeGen3_A2_B1_profile.java
-rw-rw-r--   1 travis travis   3973 Sep  8 19:03 ModularCodeGen3_A2_B2.class
-rw-rw-r--   1 travis travis   9958 Sep  8 19:03 ModularCodeGen3_A2_B2.java
-rw-rw-r--   1 travis travis    880 Sep  8 19:03 ModularCodeGen3_A2_B2.mk
-rw-rw-r--   1 travis travis   1330 Sep  8 19:03 ModularCodeGen3_A2_B2_profile.class
-rw-rw-r--   1 travis travis   1274 Sep  8 19:03 ModularCodeGen3_A2_B2_profile.java
-rw-rw-r--   1 travis travis   5270 Sep  8 19:03 ModularCodeGen3_A2.class
-rw-rw-r--   1 travis travis  15957 Sep  8 19:03 ModularCodeGen3_A2.java
-rw-rw-r--   1 travis travis    856 Sep  8 19:03 ModularCodeGen3_A2.mk
-rw-rw-r--   1 travis travis   1445 Sep  8 19:03 ModularCodeGen3_A2_profile.class
-rw-rw-r--   1 travis travis   1716 Sep  8 19:03 ModularCodeGen3_A2_profile.java
-rw-rw-r--   1 travis travis   4026 Sep  8 19:03 ModularCodeGen4_A1_B1.class
-rw-rw-r--   1 travis travis  10312 Sep  8 19:03 ModularCodeGen4_A1_B1.java
-rw-rw-r--   1 travis travis    880 Sep  8 19:03 ModularCodeGen4_A1_B1.mk
-rw-rw-r--   1 travis travis   1330 Sep  8 19:03 ModularCodeGen4_A1_B1_profile.class
-rw-rw-r--   1 travis travis   1273 Sep  8 19:03 ModularCodeGen4_A1_B1_profile.java
-rw-rw-r--   1 travis travis   4026 Sep  8 19:03 ModularCodeGen4_A1_B2.class
-rw-rw-r--   1 travis travis  10312 Sep  8 19:03 ModularCodeGen4_A1_B2.java
-rw-rw-r--   1 travis travis    880 Sep  8 19:03 ModularCodeGen4_A1_B2.mk
-rw-rw-r--   1 travis travis   1330 Sep  8 19:03 ModularCodeGen4_A1_B2_profile.class
-rw-rw-r--   1 travis travis   1273 Sep  8 19:03 ModularCodeGen4_A1_B2_profile.java
-rw-rw-r--   1 travis travis   5333 Sep  8 19:03 ModularCodeGen4_A1.class
-rw-rw-r--   1 travis travis  16245 Sep  8 19:03 ModularCodeGen4_A1.java
-rw-rw-r--   1 travis travis    856 Sep  8 19:03 ModularCodeGen4_A1.mk
-rw-rw-r--   1 travis travis   1445 Sep  8 19:03 ModularCodeGen4_A1_profile.class
-rw-rw-r--   1 travis travis   1712 Sep  8 19:03 ModularCodeGen4_A1_profile.java
-rw-rw-r--   1 travis travis   1454 Sep  8 19:03 ModularCodeGen4_A2_B1_profile.java
-rw-rw-r--   1 travis travis   4186 Sep  8 19:03 ModularCodeGen_ModularCodeGenTypedCompositeActor.class
-rw-rw-r--   1 travis travis  10970 Sep  8 19:03 ModularCodeGen_ModularCodeGenTypedCompositeActor.java
-rw-rw-r--   1 travis travis   1096 Sep  8 19:03 ModularCodeGen_ModularCodeGenTypedCompositeActor.mk
-rw-rw-r--   1 travis travis   1384 Sep  8 19:03 ModularCodeGen_ModularCodeGenTypedCompositeActor_profile.class
-rw-rw-r--   1 travis travis   1328 Sep  8 19:03 ModularCodeGen_ModularCodeGenTypedCompositeActor_profile.java
-rw-rw-r--   1 travis travis   3724 Sep  8 19:02 ModularCodeGenTest_A1_A2.class
-rw-rw-r--   1 travis travis   9164 Sep  8 19:02 ModularCodeGenTest_A1_A2.java
-rw-rw-r--   1 travis travis   1306 Sep  8 19:02 ModularCodeGenTest_A1_A2_profile.class
-rw-rw-r--   1 travis travis   4055 Sep  8 19:02 ModularCodeGenTest_A1.class
-rw-rw-r--   1 travis travis   9968 Sep  8 19:02 ModularCodeGenTest_A1.java
-rw-rw-r--   1 travis travis    880 Sep  8 19:02 ModularCodeGenTest_A1.mk
-rw-rw-r--   1 travis travis   1352 Sep  8 19:02 ModularCodeGenTest_A1_profile.class
-rw-rw-r--   1 travis travis   1394 Sep  8 19:02 ModularCodeGenTest_A1_profile.java
drwxrwxr-x   3 travis travis  32768 Sep  8 19:02 modulation2
drwxrwxr-x 188 travis travis  12288 Sep  8 19:02 node_modules
drwxrwxr-x   3 travis travis  20480 Sep  8 18:58 PhaseUnwrap
drwxrwxr-x   3 travis travis  12288 Sep  8 18:59 ReadFile1
-rw-rw-r--   1 travis travis     11 Sep  8 18:58 ReadFile1Output.txt
-rw-rw-r--   1 travis travis  13773 Sep  8 19:02 Repeat.class
-rw-rw-r--   1 travis travis    685 Sep  8 19:02 Repeat$_fireFunction_Repeat_Repeat$__f_sL_11.class
-rw-rw-r--   1 travis travis    541 Sep  8 19:02 Repeat$_fireFunction_Repeat_Repeat$__f_sL_12.class
-rw-rw-r--   1 travis travis    541 Sep  8 19:02 Repeat$_fireFunction_Repeat_Repeat$__f_sL_13.class
-rw-rw-r--   1 travis travis    541 Sep  8 19:02 Repeat$_fireFunction_Repeat_Repeat$__f_sL_14.class
-rw-rw-r--   1 travis travis    684 Sep  8 19:02 Repeat$_fireFunction_Repeat_Repeat$__f_sL_1.class
-rw-rw-r--   1 travis travis    683 Sep  8 19:02 Repeat$_fireFunction_Repeat_Repeat$__f_sL_4.class
-rw-rw-r--   1 travis travis    539 Sep  8 19:02 Repeat$_fireFunction_Repeat_Repeat$__f_sL_9.class
-rw-rw-r--   1 travis travis    494 Sep  8 19:02 Repeat$_initialize_Repeat$__i_sL_2.class
-rw-rw-r--   1 travis travis   1281 Sep  8 19:02 Repeat.mk
-rw-rw-r--   1 travis travis    539 Sep  8 19:02 Repeat$_preinitializeMethod_Repeat$__p_sL_0.class
-rw-rw-r--   1 travis travis   1102 Sep  8 19:02 Repeat$_Repeat$_fireFunction_Repeat_AddSubtract_Repeat.class
-rw-rw-r--   1 travis travis    810 Sep  8 19:02 Repeat$_Repeat$_fireFunction_Repeat_AddSubtract_Repeat$__f_sL_0.class
-rw-rw-r--   1 travis travis    928 Sep  8 19:02 Repeat$_Repeat$_fireFunction_Repeat_AddSubtract_Repeat$__f_sL_1.class
-rw-rw-r--   1 travis travis    934 Sep  8 19:02 Repeat$_Repeat$_fireFunction_Repeat_AddSubtract_Repeat$__f_sL_2.class
-rw-rw-r--   1 travis travis    862 Sep  8 19:02 Repeat$_Repeat$_fireFunction_Repeat_AddSubtract_Repeat$__f_sL_3.class
-rw-rw-r--   1 travis travis    757 Sep  8 19:02 Repeat$_Repeat$_fireFunction_Repeat_Ramp2_Repeat$__f_sL_0.class
-rw-rw-r--   1 travis travis    888 Sep  8 19:02 Repeat$_Repeat$_fireFunction_Repeat_Test_Repeat$__f_sL_0.class
-rw-rw-r--   1 travis travis    634 Sep  8 19:02 Repeat$_Repeat$_fireFunction_Repeat_Test_Repeat$__f_sL_1.class
-rw-rw-r--   1 travis travis    704 Sep  8 19:02 Repeat$_Repeat_SDF_Director_run_Repeat$__R_sL_0.class
-rw-rw-r--   1 travis travis    705 Sep  8 19:02 Repeat$_Repeat_SDF_Director_run_Repeat$__R_sL_11.class
-rw-rw-r--   1 travis travis    561 Sep  8 19:02 Repeat$_Repeat_SDF_Director_run_Repeat$__R_sL_13.class
-rw-rw-r--   1 travis travis    559 Sep  8 19:02 Repeat$_Repeat_SDF_Director_run_Repeat$__R_sL_2.class
-rw-rw-r--   1 travis travis    703 Sep  8 19:02 Repeat$_Repeat_SDF_Director_run_Repeat$__R_sL_3.class
-rw-rw-r--   1 travis travis    559 Sep  8 19:02 Repeat$_Repeat_SDF_Director_run_Repeat$__R_sL_5.class
-rw-rw-r--   1 travis travis    559 Sep  8 19:02 Repeat$_Repeat_SDF_Director_run_Repeat$__R_sL_8.class
drwxrwxr-x   2 travis travis   4096 Sep  8 19:02 RepeatVariables
-rw-rw-r--   1 travis travis    882 Sep  8 19:02 Repeat$_varinit_Repeat.class
-rw-rw-r--   1 travis travis    550 Sep  8 19:02 Repeat$_varinit_Repeat$__v_sL_2.class
-rw-rw-r--   1 travis travis    924 Sep  8 19:02 Repeat$_varinit_Repeat$__v_sL_4.class
-rw-rw-r--   1 travis travis    978 Sep  8 19:02 Repeat$_wrapup_Repeat$__w_sL_1.class
drwxrwxr-x   3 travis travis  20480 Sep  8 18:59 Sinewave
drwxrwxr-x   3 travis travis  32768 Sep  8 19:00 StringFunction
drwxrwxr-x   3 travis travis  12288 Sep  8 19:00 StringLength
drwxrwxr-x   3 travis travis  61440 Sep  8 19:00 StringMatches2
drwxrwxr-x   3 travis travis  61440 Sep  8 19:01 StringSimpleReplace
drwxrwxr-x   3 travis travis  65536 Sep  8 19:01 StringSubstring
drwxrwxr-x   3 travis travis  24576 Sep  8 19:01 StringSubstring2
drwxrwxr-x   3 travis travis  16384 Sep  8 19:02 time1
drwxrwxr-x   3 travis travis  12288 Sep  8 19:02 time5
-rw-rw-r--   1 travis travis    432 Sep  8 19:03 Token.class
-rw-rw-r--   1 travis travis    251 Sep  8 19:03 Token.java
-rwxrwxr-x   1 travis travis 466992 Sep  8 18:56 top
-rw-rw-r--   1 travis travis  20502 Sep  8 18:56 top.c
-rw-rw-r--   1 travis travis   3799 Sep  8 19:02 top.class
-rw-rw-r--   1 travis travis   1257 Sep  8 19:02 top.mk
In "/home/travis/cg", about to execute:
    javac -classpath
.:/home/travis/build/icyphy/ptII:/home/travis/build/icyphy/ptII/lib/asm-all-5.2
.jar:/home/travis/build/icyphy/ptII/lib/nashorn-core-15.3.jar:/home/travis/buil
d/icyphy/ptII/lib/bsh-2.0b4.jar:/home/travis/build/icyphy/ptII/lib/ptCal.jar:/h
ome/travis/build/icyphy/ptII/lib/java_cup.jar:/home/travis/build/icyphy/ptII/li
b/saxon8.jar:/home/travis/build/icyphy/ptII/lib/saxon8-dom.jar:/home/travis/bui
ld/icyphy/ptII/lib/chic.jar:/home/travis/build/icyphy/ptII/lib/ptcolt.jar:/home
/travis/build/icyphy/ptII/vendors/misc/itext/iText.jar:/home/travis/build/icyph
y/ptII/lib/g4ltl.jar:/home/travis/build/icyphy/ptII/lib/StructuralCoder.jar:/ho
me/travis/build/icyphy/ptII/lib/jcerti.jar:/home/travis/build/icyphy/ptII/lib/j
avax.mail.jar:/home/travis/build/icyphy/ptII/vendors/JMF-2.1.1e/lib/jmf.jar:/ho
me/travis/build/icyphy/ptII/lib/jna-4.0.0-variadic.jar:/home/travis/build/icyph
y/ptII/vendors/misc/joystick/Joystick.jar:/home/travis/build/icyphy/ptII/lib/pt
jacl.jar:/home/travis/build/icyphy/ptII/lib/jsoup-1.14.2.jar:/home/travis/build
/icyphy/ptII/lib/junit-4.8.2.jar:/home/travis/build/icyphy/ptII/lib/JUnitParams
-0.4.0.jar:/home/travis/build/icyphy/ptII/ptolemy/actor/lib/excel/jxl.jar:/home
/travis/build/icyphy/ptII/lib/jython.jar:/home/travis/build/icyphy/ptII/lib/kie
ler.jar:/home/travis/build/icyphy/ptII/vendors/opencv/share/OpenCV/java/opencv-
341.jar:/home/travis/build/icyphy/ptII/lib/oscP5.jar:/home/travis/build/icyphy/
ptII/lib/nrjavaserial-3.11.0.devel.jar:/home/travis/build/icyphy/ptII/vendors/j
3d/lib/Linux/j3dcore.jar:/home/travis/build/icyphy/ptII/vendors/j3d/lib/Linux/j
3dutils.jar:/home/travis/build/icyphy/ptII/vendors/j3d/lib/Linux/vecmath.jar:/h
ome/travis/build/icyphy/ptII/vendors/jogl/lib/Linux/gluegen-rt-natives-linux-am
d64.jar:/home/travis/build/icyphy/ptII/vendors/jogl/lib/Linux/gluegen-rt.jar:/h
ome/travis/build/icyphy/ptII/vendors/jogl/lib/Linux/jogl-all-natives-linux-amd6
4.jar:/home/travis/build/icyphy/ptII/vendors/jogl/lib/Linux/jogl-all.jar:/home/
travis/build/icyphy/ptII/ptolemy/distributed/jini/jar/jini-core.jar:/home/travi
s/build/icyphy/ptII/ptolemy/distributed/jini/jar/jini-ext.jar:/home/travis/buil
d/icyphy/ptII/ptolemy/distributed/jini/jar/sun-util.jar:/home/travis/build/icyp
hy/ptII/lib/protobuf-java-2.4.1.jar:/home/travis/build/icyphy/ptII/lib/org.ecli
pse.paho.client.mqttv3.jar:/home/travis/build/icyphy/ptII/lib/mapss.jar:/home/t
ravis/build/icyphy/ptII/ptolemy/actor/ptalon/antlr/antlr.jar:/home/travis/build
/icyphy/ptII/lib/JRI.jar:/home/travis/build/icyphy/ptII/lib/commons-lang-2.6.ja
r:/home/travis/build/icyphy/ptII/lib/commons-logging-1.1.1.jar:/home/travis/bui
ld/icyphy/ptII/lib/sootclasses.jar:/home/travis/build/icyphy/ptII/ptolemy/actor
/lib/database/mysql-connector-java-8.0.26.jar:/home/travis/build/icyphy/ptII/ve
ndors/misc/sphinx4/sphinx4-data-5prealpha.jar:/home/travis/build/icyphy/ptII/ve
ndors/misc/sphinx4/sphinx4-core-5prealpha.jar:/home/travis/build/icyphy/ptII/li
b/PDFRenderer.jar:/home/travis/build/icyphy/ptII/lib/svgSalamander.jar:/home/tr
avis/build/icyphy/ptII/lib/rsyntaxtextarea-2.6.0-SNAPSHOT.jar:/home/travis/buil
d/icyphy/ptII/lib/hazelcast-3.8.2.jar:/home/travis/build/icyphy/ptII/lib/jackso
n-annotations-2.9.0.jar:/home/travis/build/icyphy/ptII/lib/jackson-core-2.9.3.j
ar:/home/travis/build/icyphy/ptII/lib/jackson-databind-2.9.3.jar:/home/travis/b
uild/icyphy/ptII/lib/netty-buffer-4.1.19.Final.jar:/home/travis/build/icyphy/pt
II/lib/netty-codec-4.1.19.Final.jar:/home/travis/build/icyphy/ptII/lib/netty-co
dec-dns-4.1.19.Final.jar:/home/travis/build/icyphy/ptII/lib/netty-codec-http-4.
1.19.Final.jar:/home/travis/build/icyphy/ptII/lib/netty-codec-http2-4.1.19.Fina
l.jar:/home/travis/build/icyphy/ptII/lib/netty-common-4.1.19.Final.jar:/home/tr
avis/build/icyphy/ptII/lib/netty-handler-4.1.19.Final.jar:/home/travis/build/ic
yphy/ptII/lib/netty-resolver-4.1.19.Final.jar:/home/travis/build/icyphy/ptII/li
b/netty-resolver-dns-4.1.19.Final.jar:/home/travis/build/icyphy/ptII/lib/netty-
transport-4.1.19.Final.jar:/home/travis/build/icyphy/ptII/lib/vertx-codegen-3.5
.1.jar:/home/travis/build/icyphy/ptII/lib/vertx-core-3.5.2-SNAPSHOT.jar:/home/t
ravis/build/icyphy/ptII/lib/vertx-hazelcast-3.5.1.jar:/home/travis/build/icyphy
/ptII/lib/vertx-lang-js-3.5.1.jar:/home/travis/build/icyphy/ptII/lib/vertx-serv
ice-proxy-3.5.1.jar:/home/travis/build/icyphy/ptII/lib/vertx-web-3.5.1.jar:/hom
e/travis/build/icyphy/ptII/lib/slf4j-api-1.7.13.jar:/home/travis/build/icyphy/p
tII/lib/slf4j-simple-1.7.13.jar:/home/travis/build/icyphy/ptII/lib/webcam-captu
re-0.3.12.jar:/home/travis/build/icyphy/ptII/lib/bridj-0.7.0.jar:/home/travis/b
uild/icyphy/ptII/lib/xbjlib-1.1.0.nrjavaserial.jar:/home/travis/build/icyphy/pt
II/ptolemy/moml/test:/home/travis/build/icyphy/ptII/ant/lib/ant-launcher.jar:/h
ome/travis/build/icyphy/ptII/ant/lib/ant.jar:/home/travis/build/icyphy/ptII/ant
/lib/ant-junit.jar:/home/travis/build/icyphy/ptII/ant/lib/ant-junit4.jar:/home/
travis/build/icyphy/ptII ModularCodeGen4_A2_B1_profile.java
All Done
Writing ModularCodeGen4_A2_B1.java in file:/home/travis/cg/ (11375 characters)
Reading "ptolemy/cg/kernel/generic/program/procedural/java/modular/makefile.in",
    writing "/home/travis/cg/ModularCodeGen4_A2_B1.mk"
Using ptolemy/cg/kernel/generic/program/procedural/java/modular/makefile.in
In "/home/travis/cg", about to execute:
    make -f ModularCodeGen4_A2_B1.mk
javac -classpath ".:.."    ModularCodeGen4_A2_B1.java
All Done
In "/home/travis/cg", about to execute:
    pwd
In "/home/travis/cg", about to execute:
    ls -l
/home/travis/cg
total 2044
drwxrwxr-x   3 travis travis  12288 Sep  8 18:57 AbsoluteValue
drwxrwxr-x   3 travis travis 102400 Sep  8 18:56 AllColt
drwxrwxr-x   3 travis travis  12288 Sep  8 18:57 Case1
-rw-rw-r--   1 travis travis   5128 Sep  8 19:02 CompiledCompositeActor_CompiledCompositeActor.class
-rw-rw-r--   1 travis travis   1611 Sep  8 19:02 CompiledCompositeActor_CompiledCompositeActor$_CompiledCompositeActor_CompiledCompositeActor.class
-rw-rw-r--   1 travis travis  13466 Sep  8 19:02 CompiledCompositeActor_CompiledCompositeActor.java
-rw-rw-r--   1 travis travis   1593 Sep  8 19:02 CompiledCompositeActor_CompiledCompositeActor.mk
drwxrwxr-x   5 travis travis   4096 Sep  8 18:56 fmi
drwxrwxr-x   3 travis travis  16384 Sep  8 18:57 Gaussian2
-rw-rw-r--   1 travis travis   4684 Sep  8 19:02 JavaCompiledCompositeTest1_CompiledCompositeActor.class
-rw-rw-r--   1 travis travis  11637 Sep  8 19:02 JavaCompiledCompositeTest1_CompiledCompositeActor.java
-rw-rw-r--   1 travis travis   1217 Sep  8 19:02 JavaCompiledCompositeTest1_CompiledCompositeActor$_JavaCompiledCompositeTest1_CompiledCompositeActor.class
-rw-rw-r--   1 travis travis   1625 Sep  8 19:02 JavaCompiledCompositeTest1_CompiledCompositeActor.mk
-rw-rw-r--   1 travis travis   5115 Sep  8 19:02 JavaCompiledCompositeTest2_CompiledCompositeActor.class
-rw-rw-r--   1 travis travis  14919 Sep  8 19:02 JavaCompiledCompositeTest2_CompiledCompositeActor.java
-rw-rw-r--   1 travis travis   1812 Sep  8 19:02 JavaCompiledCompositeTest2_CompiledCompositeActor$_JavaCompiledCompositeTest2_CompiledCompositeActor.class
-rw-rw-r--   1 travis travis   1625 Sep  8 19:02 JavaCompiledCompositeTest2_CompiledCompositeActor.mk
-rw-rw-r--   1 travis travis   4732 Sep  8 19:02 JavaCompiledCompositeTest3_CompiledCompositeActor.class
-rw-rw-r--   1 travis travis  13080 Sep  8 19:02 JavaCompiledCompositeTest3_CompiledCompositeActor.java
-rw-rw-r--   1 travis travis   1397 Sep  8 19:02 JavaCompiledCompositeTest3_CompiledCompositeActor$_JavaCompiledCompositeTest3_CompiledCompositeActor.class
-rw-rw-r--   1 travis travis   1625 Sep  8 19:02 JavaCompiledCompositeTest3_CompiledCompositeActor.mk
-rw-rw-r--   1 travis travis   4183 Sep  8 19:03 JavaCompiledCompositeTest4_CompiledCompositeActor.class
-rw-rw-r--   1 travis travis   9687 Sep  8 19:02 JavaCompiledCompositeTest4_CompiledCompositeActor.java
-rw-rw-r--   1 travis travis    876 Sep  8 19:03 JavaCompiledCompositeTest4_CompiledCompositeActor$_JavaCompiledCompositeTest4_CompiledCompositeActor.class
-rw-rw-r--   1 travis travis   1625 Sep  8 19:02 JavaCompiledCompositeTest4_CompiledCompositeActor.mk
drwxrwxr-x   3 travis travis  12288 Sep  8 18:58 LookupTable
drwxrwxr-x   3 travis travis  20480 Sep  8 18:58 MaxIndex
-rw-rw-r--   1 travis travis   3925 Sep  8 19:03 ModularCG_A1_B1.class
-rw-rw-r--   1 travis travis   9730 Sep  8 19:03 ModularCG_A1_B1.java
-rw-rw-r--   1 travis travis    832 Sep  8 19:03 ModularCG_A1_B1.mk
-rw-rw-r--   1 travis travis   1318 Sep  8 19:03 ModularCG_A1_B1_profile.class
-rw-rw-r--   1 travis travis   1262 Sep  8 19:03 ModularCG_A1_B1_profile.java
-rw-rw-r--   1 travis travis   3925 Sep  8 19:03 ModularCG_A1_B2.class
-rw-rw-r--   1 travis travis   9730 Sep  8 19:03 ModularCG_A1_B2.java
-rw-rw-r--   1 travis travis    832 Sep  8 19:03 ModularCG_A1_B2.mk
-rw-rw-r--   1 travis travis   1318 Sep  8 19:03 ModularCG_A1_B2_profile.class
-rw-rw-r--   1 travis travis   1262 Sep  8 19:03 ModularCG_A1_B2_profile.java
-rw-rw-r--   1 travis travis   5031 Sep  8 19:03 ModularCG_A1.class
-rw-rw-r--   1 travis travis  14742 Sep  8 19:03 ModularCG_A1.java
-rw-rw-r--   1 travis travis    808 Sep  8 19:03 ModularCG_A1.mk
-rw-rw-r--   1 travis travis   1433 Sep  8 19:03 ModularCG_A1_profile.class
-rw-rw-r--   1 travis travis   1704 Sep  8 19:03 ModularCG_A1_profile.java
-rw-rw-r--   1 travis travis   4059 Sep  8 19:03 ModularCG_A2_B1.class
-rw-rw-r--   1 travis travis  10667 Sep  8 19:03 ModularCG_A2_B1.java
-rw-rw-r--   1 travis travis    832 Sep  8 19:03 ModularCG_A2_B1.mk
-rw-rw-r--   1 travis travis   1381 Sep  8 19:03 ModularCG_A2_B1_profile.class
-rw-rw-r--   1 travis travis   1446 Sep  8 19:03 ModularCG_A2_B1_profile.java
-rw-rw-r--   1 travis travis   3925 Sep  8 19:03 ModularCG_A2_B2.class
-rw-rw-r--   1 travis travis   9730 Sep  8 19:03 ModularCG_A2_B2.java
-rw-rw-r--   1 travis travis    832 Sep  8 19:03 ModularCG_A2_B2.mk
-rw-rw-r--   1 travis travis   1318 Sep  8 19:03 ModularCG_A2_B2_profile.class
-rw-rw-r--   1 travis travis   1262 Sep  8 19:03 ModularCG_A2_B2_profile.java
-rw-rw-r--   1 travis travis   5102 Sep  8 19:03 ModularCG_A2.class
-rw-rw-r--   1 travis travis  15129 Sep  8 19:03 ModularCG_A2.java
-rw-rw-r--   1 travis travis    808 Sep  8 19:03 ModularCG_A2.mk
-rw-rw-r--   1 travis travis   1433 Sep  8 19:03 ModularCG_A2_profile.class
-rw-rw-r--   1 travis travis   1704 Sep  8 19:03 ModularCG_A2_profile.java
-rw-rw-r--   1 travis travis   3705 Sep  8 19:03 ModularCGPubSub_A1_A2.class
-rw-rw-r--   1 travis travis   9076 Sep  8 19:03 ModularCGPubSub_A1_A2.java
-rw-rw-r--   1 travis travis    880 Sep  8 19:03 ModularCGPubSub_A1_A2.mk
-rw-rw-r--   1 travis travis   1300 Sep  8 19:03 ModularCGPubSub_A1_A2_profile.class
-rw-rw-r--   1 travis travis   1222 Sep  8 19:03 ModularCGPubSub_A1_A2_profile.java
-rw-rw-r--   1 travis travis   4022 Sep  8 19:03 ModularCGPubSub_A1.class
-rw-rw-r--   1 travis travis   9836 Sep  8 19:03 ModularCGPubSub_A1.java
-rw-rw-r--   1 travis travis    856 Sep  8 19:03 ModularCGPubSub_A1.mk
-rw-rw-r--   1 travis travis   1346 Sep  8 19:03 ModularCGPubSub_A1_profile.class
-rw-rw-r--   1 travis travis   1388 Sep  8 19:03 ModularCGPubSub_A1_profile.java
-rw-rw-r--   1 travis travis   4220 Sep  8 19:03 ModularCodeGen2_ModularCodeGenTypedCompositeActor.class
-rw-rw-r--   1 travis travis  11690 Sep  8 19:03 ModularCodeGen2_ModularCodeGenTypedCompositeActor.java
-rw-rw-r--   1 travis travis   1104 Sep  8 19:03 ModularCodeGen2_ModularCodeGenTypedCompositeActor.mk
-rw-rw-r--   1 travis travis   4504 Sep  8 19:03 ModularCodeGen2_ModularCodeGenTypedCompositeActor_ModularCodeGenTypedCompositeActor.class
-rw-rw-r--   1 travis travis  11790 Sep  8 19:03 ModularCodeGen2_ModularCodeGenTypedCompositeActor_ModularCodeGenTypedCompositeActor.java
-rw-rw-r--   1 travis travis   1376 Sep  8 19:03 ModularCodeGen2_ModularCodeGenTypedCompositeActor_ModularCodeGenTypedCompositeActor.mk
-rw-rw-r--   1 travis travis   1421 Sep  8 19:03 ModularCodeGen2_ModularCodeGenTypedCompositeActor_ModularCodeGenTypedCompositeActor_profile.class
-rw-rw-r--   1 travis travis   1294 Sep  8 19:03 ModularCodeGen2_ModularCodeGenTypedCompositeActor_ModularCodeGenTypedCompositeActor_profile.java
-rw-rw-r--   1 travis travis    820 Sep  8 19:03 ModularCodeGen2_ModularCodeGenTypedCompositeActor_profile.class
-rw-rw-r--   1 travis travis    693 Sep  8 19:03 ModularCodeGen2_ModularCodeGenTypedCompositeActor_profile.java
-rw-rw-r--   1 travis travis   3973 Sep  8 19:03 ModularCodeGen3_A1_B1.class
-rw-rw-r--   1 travis travis   9958 Sep  8 19:03 ModularCodeGen3_A1_B1.java
-rw-rw-r--   1 travis travis    880 Sep  8 19:03 ModularCodeGen3_A1_B1.mk
-rw-rw-r--   1 travis travis   1330 Sep  8 19:03 ModularCodeGen3_A1_B1_profile.class
-rw-rw-r--   1 travis travis   1274 Sep  8 19:03 ModularCodeGen3_A1_B1_profile.java
-rw-rw-r--   1 travis travis   3973 Sep  8 19:03 ModularCodeGen3_A1_B2.class
-rw-rw-r--   1 travis travis   9958 Sep  8 19:03 ModularCodeGen3_A1_B2.java
-rw-rw-r--   1 travis travis    880 Sep  8 19:03 ModularCodeGen3_A1_B2.mk
-rw-rw-r--   1 travis travis   1330 Sep  8 19:03 ModularCodeGen3_A1_B2_profile.class
-rw-rw-r--   1 travis travis   1274 Sep  8 19:03 ModularCodeGen3_A1_B2_profile.java
-rw-rw-r--   1 travis travis   5193 Sep  8 19:03 ModularCodeGen3_A1.class
-rw-rw-r--   1 travis travis  15564 Sep  8 19:03 ModularCodeGen3_A1.java
-rw-rw-r--   1 travis travis    856 Sep  8 19:03 ModularCodeGen3_A1.mk
-rw-rw-r--   1 travis travis   1445 Sep  8 19:03 ModularCodeGen3_A1_profile.class
-rw-rw-r--   1 travis travis   1716 Sep  8 19:03 ModularCodeGen3_A1_profile.java
-rw-rw-r--   1 travis travis   4119 Sep  8 19:03 ModularCodeGen3_A2_B1.class
-rw-rw-r--   1 travis travis  10955 Sep  8 19:03 ModularCodeGen3_A2_B1.java
-rw-rw-r--   1 travis travis    880 Sep  8 19:03 ModularCodeGen3_A2_B1.mk
-rw-rw-r--   1 travis travis   1393 Sep  8 19:03 ModularCodeGen3_A2_B1_profile.class
-rw-rw-r--   1 travis travis   1458 Sep  8 19:03 ModularCodeGen3_A2_B1_profile.java
-rw-rw-r--   1 travis travis   3973 Sep  8 19:03 ModularCodeGen3_A2_B2.class
-rw-rw-r--   1 travis travis   9958 Sep  8 19:03 ModularCodeGen3_A2_B2.java
-rw-rw-r--   1 travis travis    880 Sep  8 19:03 ModularCodeGen3_A2_B2.mk
-rw-rw-r--   1 travis travis   1330 Sep  8 19:03 ModularCodeGen3_A2_B2_profile.class
-rw-rw-r--   1 travis travis   1274 Sep  8 19:03 ModularCodeGen3_A2_B2_profile.java
-rw-rw-r--   1 travis travis   5270 Sep  8 19:03 ModularCodeGen3_A2.class
-rw-rw-r--   1 travis travis  15957 Sep  8 19:03 ModularCodeGen3_A2.java
-rw-rw-r--   1 travis travis    856 Sep  8 19:03 ModularCodeGen3_A2.mk
-rw-rw-r--   1 travis travis   1445 Sep  8 19:03 ModularCodeGen3_A2_profile.class
-rw-rw-r--   1 travis travis   1716 Sep  8 19:03 ModularCodeGen3_A2_profile.java
-rw-rw-r--   1 travis travis   4026 Sep  8 19:03 ModularCodeGen4_A1_B1.class
-rw-rw-r--   1 travis travis  10312 Sep  8 19:03 ModularCodeGen4_A1_B1.java
-rw-rw-r--   1 travis travis    880 Sep  8 19:03 ModularCodeGen4_A1_B1.mk
-rw-rw-r--   1 travis travis   1330 Sep  8 19:03 ModularCodeGen4_A1_B1_profile.class
-rw-rw-r--   1 travis travis   1273 Sep  8 19:03 ModularCodeGen4_A1_B1_profile.java
-rw-rw-r--   1 travis travis   4026 Sep  8 19:03 ModularCodeGen4_A1_B2.class
-rw-rw-r--   1 travis travis  10312 Sep  8 19:03 ModularCodeGen4_A1_B2.java
-rw-rw-r--   1 travis travis    880 Sep  8 19:03 ModularCodeGen4_A1_B2.mk
-rw-rw-r--   1 travis travis   1330 Sep  8 19:03 ModularCodeGen4_A1_B2_profile.class
-rw-rw-r--   1 travis travis   1273 Sep  8 19:03 ModularCodeGen4_A1_B2_profile.java
-rw-rw-r--   1 travis travis   5333 Sep  8 19:03 ModularCodeGen4_A1.class
-rw-rw-r--   1 travis travis  16245 Sep  8 19:03 ModularCodeGen4_A1.java
-rw-rw-r--   1 travis travis    856 Sep  8 19:03 ModularCodeGen4_A1.mk
-rw-rw-r--   1 travis travis   1445 Sep  8 19:03 ModularCodeGen4_A1_profile.class
-rw-rw-r--   1 travis travis   1712 Sep  8 19:03 ModularCodeGen4_A1_profile.java
-rw-rw-r--   1 travis travis   4220 Sep  8 19:03 ModularCodeGen4_A2_B1.class
-rw-rw-r--   1 travis travis  11375 Sep  8 19:03 ModularCodeGen4_A2_B1.java
-rw-rw-r--   1 travis travis    880 Sep  8 19:03 ModularCodeGen4_A2_B1.mk
-rw-rw-r--   1 travis travis   1393 Sep  8 19:03 ModularCodeGen4_A2_B1_profile.class
-rw-rw-r--   1 travis travis   1454 Sep  8 19:03 ModularCodeGen4_A2_B1_profile.java
-rw-rw-r--   1 travis travis   1270 Sep  8 19:03 ModularCodeGen4_A2_B2_profile.java
-rw-rw-r--   1 travis travis   4186 Sep  8 19:03 ModularCodeGen_ModularCodeGenTypedCompositeActor.class
-rw-rw-r--   1 travis travis  10970 Sep  8 19:03 ModularCodeGen_ModularCodeGenTypedCompositeActor.java
-rw-rw-r--   1 travis travis   1096 Sep  8 19:03 ModularCodeGen_ModularCodeGenTypedCompositeActor.mk
-rw-rw-r--   1 travis travis   1384 Sep  8 19:03 ModularCodeGen_ModularCodeGenTypedCompositeActor_profile.class
-rw-rw-r--   1 travis travis   1328 Sep  8 19:03 ModularCodeGen_ModularCodeGenTypedCompositeActor_profile.java
-rw-rw-r--   1 travis travis   3724 Sep  8 19:02 ModularCodeGenTest_A1_A2.class
-rw-rw-r--   1 travis travis   9164 Sep  8 19:02 ModularCodeGenTest_A1_A2.java
-rw-rw-r--   1 travis travis   1306 Sep  8 19:02 ModularCodeGenTest_A1_A2_profile.class
-rw-rw-r--   1 travis travis   4055 Sep  8 19:02 ModularCodeGenTest_A1.class
-rw-rw-r--   1 travis travis   9968 Sep  8 19:02 ModularCodeGenTest_A1.java
-rw-rw-r--   1 travis travis    880 Sep  8 19:02 ModularCodeGenTest_A1.mk
-rw-rw-r--   1 travis travis   1352 Sep  8 19:02 ModularCodeGenTest_A1_profile.class
-rw-rw-r--   1 travis travis   1394 Sep  8 19:02 ModularCodeGenTest_A1_profile.java
drwxrwxr-x   3 travis travis  32768 Sep  8 19:02 modulation2
drwxrwxr-x 188 travis travis  12288 Sep  8 19:02 node_modules
drwxrwxr-x   3 travis travis  20480 Sep  8 18:58 PhaseUnwrap
drwxrwxr-x   3 travis travis  12288 Sep  8 18:59 ReadFile1
-rw-rw-r--   1 travis travis     11 Sep  8 18:58 ReadFile1Output.txt
-rw-rw-r--   1 travis travis  13773 Sep  8 19:02 Repeat.class
-rw-rw-r--   1 travis travis    685 Sep  8 19:02 Repeat$_fireFunction_Repeat_Repeat$__f_sL_11.class
-rw-rw-r--   1 travis travis    541 Sep  8 19:02 Repeat$_fireFunction_Repeat_Repeat$__f_sL_12.class
-rw-rw-r--   1 travis travis    541 Sep  8 19:02 Repeat$_fireFunction_Repeat_Repeat$__f_sL_13.class
-rw-rw-r--   1 travis travis    541 Sep  8 19:02 Repeat$_fireFunction_Repeat_Repeat$__f_sL_14.class
-rw-rw-r--   1 travis travis    684 Sep  8 19:02 Repeat$_fireFunction_Repeat_Repeat$__f_sL_1.class
-rw-rw-r--   1 travis travis    683 Sep  8 19:02 Repeat$_fireFunction_Repeat_Repeat$__f_sL_4.class
-rw-rw-r--   1 travis travis    539 Sep  8 19:02 Repeat$_fireFunction_Repeat_Repeat$__f_sL_9.class
-rw-rw-r--   1 travis travis    494 Sep  8 19:02 Repeat$_initialize_Repeat$__i_sL_2.class
-rw-rw-r--   1 travis travis   1281 Sep  8 19:02 Repeat.mk
-rw-rw-r--   1 travis travis    539 Sep  8 19:02 Repeat$_preinitializeMethod_Repeat$__p_sL_0.class
-rw-rw-r--   1 travis travis   1102 Sep  8 19:02 Repeat$_Repeat$_fireFunction_Repeat_AddSubtract_Repeat.class
-rw-rw-r--   1 travis travis    810 Sep  8 19:02 Repeat$_Repeat$_fireFunction_Repeat_AddSubtract_Repeat$__f_sL_0.class
-rw-rw-r--   1 travis travis    928 Sep  8 19:02 Repeat$_Repeat$_fireFunction_Repeat_AddSubtract_Repeat$__f_sL_1.class
-rw-rw-r--   1 travis travis    934 Sep  8 19:02 Repeat$_Repeat$_fireFunction_Repeat_AddSubtract_Repeat$__f_sL_2.class
-rw-rw-r--   1 travis travis    862 Sep  8 19:02 Repeat$_Repeat$_fireFunction_Repeat_AddSubtract_Repeat$__f_sL_3.class
-rw-rw-r--   1 travis travis    757 Sep  8 19:02 Repeat$_Repeat$_fireFunction_Repeat_Ramp2_Repeat$__f_sL_0.class
-rw-rw-r--   1 travis travis    888 Sep  8 19:02 Repeat$_Repeat$_fireFunction_Repeat_Test_Repeat$__f_sL_0.class
-rw-rw-r--   1 travis travis    634 Sep  8 19:02 Repeat$_Repeat$_fireFunction_Repeat_Test_Repeat$__f_sL_1.class
-rw-rw-r--   1 travis travis    704 Sep  8 19:02 Repeat$_Repeat_SDF_Director_run_Repeat$__R_sL_0.class
-rw-rw-r--   1 travis travis    705 Sep  8 19:02 Repeat$_Repeat_SDF_Director_run_Repeat$__R_sL_11.class
-rw-rw-r--   1 travis travis    561 Sep  8 19:02 Repeat$_Repeat_SDF_Director_run_Repeat$__R_sL_13.class
-rw-rw-r--   1 travis travis    559 Sep  8 19:02 Repeat$_Repeat_SDF_Director_run_Repeat$__R_sL_2.class
-rw-rw-r--   1 travis travis    703 Sep  8 19:02 Repeat$_Repeat_SDF_Director_run_Repeat$__R_sL_3.class
-rw-rw-r--   1 travis travis    559 Sep  8 19:02 Repeat$_Repeat_SDF_Director_run_Repeat$__R_sL_5.class
-rw-rw-r--   1 travis travis    559 Sep  8 19:02 Repeat$_Repeat_SDF_Director_run_Repeat$__R_sL_8.class
drwxrwxr-x   2 travis travis   4096 Sep  8 19:02 RepeatVariables
-rw-rw-r--   1 travis travis    882 Sep  8 19:02 Repeat$_varinit_Repeat.class
-rw-rw-r--   1 travis travis    550 Sep  8 19:02 Repeat$_varinit_Repeat$__v_sL_2.class
-rw-rw-r--   1 travis travis    924 Sep  8 19:02 Repeat$_varinit_Repeat$__v_sL_4.class
-rw-rw-r--   1 travis travis    978 Sep  8 19:02 Repeat$_wrapup_Repeat$__w_sL_1.class
drwxrwxr-x   3 travis travis  20480 Sep  8 18:59 Sinewave
drwxrwxr-x   3 travis travis  32768 Sep  8 19:00 StringFunction
drwxrwxr-x   3 travis travis  12288 Sep  8 19:00 StringLength
drwxrwxr-x   3 travis travis  61440 Sep  8 19:00 StringMatches2
In "/home/travis/cg", about to execute:
    javac -classpath
.:/home/travis/build/icyphy/ptII:/home/travis/build/icyphy/ptII/lib/asm-all-5.2
.jar:/home/travis/build/icyphy/ptII/lib/nashorn-core-15.3.jar:/home/travis/buil
d/icyphy/ptII/lib/bsh-2.0b4.jar:/home/travis/build/icyphy/ptII/lib/ptCal.jar:/h
ome/travis/build/icyphy/ptII/lib/java_cup.jar:/home/travis/build/icyphy/ptII/li
b/saxon8.jar:/home/travis/build/icyphy/ptII/lib/saxon8-dom.jar:/home/travis/bui
ld/icyphy/ptII/lib/chic.jar:/home/travis/build/icyphy/ptII/lib/ptcolt.jar:/home
/travis/build/icyphy/ptII/vendors/misc/itext/iText.jar:/home/travis/build/icyph
y/ptII/lib/g4ltl.jar:/home/travis/build/icyphy/ptII/lib/StructuralCoder.jar:/ho
me/travis/build/icyphy/ptII/lib/jcerti.jar:/home/travis/build/icyphy/ptII/lib/j
avax.mail.jar:/home/travis/build/icyphy/ptII/vendors/JMF-2.1.1e/lib/jmf.jar:/ho
me/travis/build/icyphy/ptII/lib/jna-4.0.0-variadic.jar:/home/travis/build/icyph
y/ptII/vendors/misc/joystick/Joystick.jar:/home/travis/build/icyphy/ptII/lib/pt
jacl.jar:/home/travis/build/icyphy/ptII/lib/jsoup-1.14.2.jar:/home/travis/build
/icyphy/ptII/lib/junit-4.8.2.jar:/home/travis/build/icyphy/ptII/lib/JUnitParams
-0.4.0.jar:/home/travis/build/icyphy/ptII/ptolemy/actor/lib/excel/jxl.jar:/home
/travis/build/icyphy/ptII/lib/jython.jar:/home/travis/build/icyphy/ptII/lib/kie
ler.jar:/home/travis/build/icyphy/ptII/vendors/opencv/share/OpenCV/java/opencv-
341.jar:/home/travis/build/icyphy/ptII/lib/oscP5.jar:/home/travis/build/icyphy/
ptII/lib/nrjavaserial-3.11.0.devel.jar:/home/travis/build/icyphy/ptII/vendors/j
3d/lib/Linux/j3dcore.jar:/home/travis/build/icyphy/ptII/vendors/j3d/lib/Linux/j
3dutils.jar:/home/travis/build/icyphy/ptII/vendors/j3d/lib/Linux/vecmath.jar:/h
ome/travis/build/icyphy/ptII/vendors/jogl/lib/Linux/gluegen-rt-natives-linux-am
d64.jar:/home/travis/build/icyphy/ptII/vendors/jogl/lib/Linux/gluegen-rt.jar:/h
ome/travis/build/icyphy/ptII/vendors/jogl/lib/Linux/jogl-all-natives-linux-amd6
4.jar:/home/travis/build/icyphy/ptII/vendors/jogl/lib/Linux/jogl-all.jar:/home/
travis/build/icyphy/ptII/ptolemy/distributed/jini/jar/jini-core.jar:/home/travi
s/build/icyphy/ptII/ptolemy/distributed/jini/jar/jini-ext.jar:/home/travis/buil
d/icyphy/ptII/ptolemy/distributed/jini/jar/sun-util.jar:/home/travis/build/icyp
hy/ptII/lib/protobuf-java-2.4.1.jar:/home/travis/build/icyphy/ptII/lib/org.ecli
pse.paho.client.mqttv3.jar:/home/travis/build/icyphy/ptII/lib/mapss.jar:/home/t
ravis/build/icyphy/ptII/ptolemy/actor/ptalon/antlr/antlr.jar:/home/travis/build
/icyphy/ptII/lib/JRI.jar:/home/travis/build/icyphy/ptII/lib/commons-lang-2.6.ja
r:/home/travis/build/icyphy/ptII/lib/commons-logging-1.1.1.jar:/home/travis/bui
ld/icyphy/ptII/lib/sootclasses.jar:/home/travis/build/icyphy/ptII/ptolemy/actor
/lib/database/mysql-connector-java-8.0.26.jar:/home/travis/build/icyphy/ptII/ve
ndors/misc/sphinx4/sphinx4-data-5prealpha.jar:/home/travis/build/icyphy/ptII/ve
ndors/misc/sphinx4/sphinx4-core-5prealpha.jar:/home/travis/build/icyphy/ptII/li
b/PDFRenderer.jar:/home/travis/build/icyphy/ptII/lib/svgSalamander.jar:/home/tr
avis/build/icyphy/ptII/lib/rsyntaxtextarea-2.6.0-SNAPSHOT.jar:/home/travis/buil
d/icyphy/ptII/lib/hazelcast-3.8.2.jar:/home/travis/build/icyphy/ptII/lib/jackso
n-annotations-2.9.0.jar:/home/travis/build/icyphy/ptII/lib/jackson-core-2.9.3.j
ar:/home/travis/build/icyphy/ptII/lib/jackson-databind-2.9.3.jar:/home/travis/b
uild/icyphy/ptII/lib/netty-buffer-4.1.19.Final.jar:/home/travis/build/icyphy/pt
II/lib/netty-codec-4.1.19.Final.jar:/home/travis/build/icyphy/ptII/lib/netty-co
dec-dns-4.1.19.Final.jar:/home/travis/build/icyphy/ptII/lib/netty-codec-http-4.
1.19.Final.jar:/home/travis/build/icyphy/ptII/lib/netty-codec-http2-4.1.19.Fina
l.jar:/home/travis/build/icyphy/ptII/lib/netty-common-4.1.19.Final.jar:/home/tr
avis/build/icyphy/ptII/lib/netty-handler-4.1.19.Final.jar:/home/travis/build/ic
yphy/ptII/lib/netty-resolver-4.1.19.Final.jar:/home/travis/build/icyphy/ptII/li
b/netty-resolver-dns-4.1.19.Final.jar:/home/travis/build/icyphy/ptII/lib/netty-
transport-4.1.19.Final.jar:/home/travis/build/icyphy/ptII/lib/vertx-codegen-3.5
.1.jar:/home/travis/build/icyphy/ptII/lib/vertx-core-3.5.2-SNAPSHOT.jar:/home/t
ravis/build/icyphy/ptII/lib/vertx-hazelcast-3.5.1.jar:/home/travis/build/icyphy
/ptII/lib/vertx-lang-js-3.5.1.jar:/home/travis/build/icyphy/ptII/lib/vertx-serv
ice-proxy-3.5.1.jar:/home/travis/build/icyphy/ptII/lib/vertx-web-3.5.1.jar:/hom
e/travis/build/icyphy/ptII/lib/slf4j-api-1.7.13.jar:/home/travis/build/icyphy/p
tII/lib/slf4j-simple-1.7.13.jar:/home/travis/build/icyphy/ptII/lib/webcam-captu
re-0.3.12.jar:/home/travis/build/icyphy/ptII/lib/bridj-0.7.0.jar:/home/travis/b
uild/icyphy/ptII/lib/xbjlib-1.1.0.nrjavaserial.jar:/home/travis/build/icyphy/pt
II/ptolemy/moml/test:/home/travis/build/icyphy/ptII/ant/lib/ant-launcher.jar:/h
ome/travis/build/icyphy/ptII/ant/lib/ant.jar:/home/travis/build/icyphy/ptII/ant
/lib/ant-junit.jar:/home/travis/build/icyphy/ptII/ant/lib/ant-junit4.jar:/home/
travis/build/icyphy/ptII ModularCodeGen4_A2_B2_profile.java
drwxrwxr-x   3 travis travis  61440 Sep  8 19:01 StringSimpleReplace
drwxrwxr-x   3 travis travis  65536 Sep  8 19:01 StringSubstring
drwxrwxr-x   3 travis travis  24576 Sep  8 19:01 StringSubstring2
drwxrwxr-x   3 travis travis  16384 Sep  8 19:02 time1
drwxrwxr-x   3 travis travis  12288 Sep  8 19:02 time5
-rw-rw-r--   1 travis travis    432 Sep  8 19:03 Token.class
-rw-rw-r--   1 travis travis    251 Sep  8 19:03 Token.java
-rwxrwxr-x   1 travis travis 466992 Sep  8 18:56 top
-rw-rw-r--   1 travis travis  20502 Sep  8 18:56 top.c
-rw-rw-r--   1 travis travis   3799 Sep  8 19:02 top.class
-rw-rw-r--   1 travis travis   1257 Sep  8 19:02 top.mk
All Done
Writing ModularCodeGen4_A2_B2.java in file:/home/travis/cg/ (10378 characters)
Reading "ptolemy/cg/kernel/generic/program/procedural/java/modular/makefile.in",
    writing "/home/travis/cg/ModularCodeGen4_A2_B2.mk"
Using ptolemy/cg/kernel/generic/program/procedural/java/modular/makefile.in
In "/home/travis/cg", about to execute:
    make -f ModularCodeGen4_A2_B2.mk
javac -classpath ".:.."    ModularCodeGen4_A2_B2.java
All Done
In "/home/travis/cg", about to execute:
    pwd
In "/home/travis/cg", about to execute:
    ls -l
/home/travis/cg
total 2072
drwxrwxr-x   3 travis travis  12288 Sep  8 18:57 AbsoluteValue
drwxrwxr-x   3 travis travis 102400 Sep  8 18:56 AllColt
drwxrwxr-x   3 travis travis  12288 Sep  8 18:57 Case1
-rw-rw-r--   1 travis travis   5128 Sep  8 19:02 CompiledCompositeActor_CompiledCompositeActor.class
-rw-rw-r--   1 travis travis   1611 Sep  8 19:02 CompiledCompositeActor_CompiledCompositeActor$_CompiledCompositeActor_CompiledCompositeActor.class
-rw-rw-r--   1 travis travis  13466 Sep  8 19:02 CompiledCompositeActor_CompiledCompositeActor.java
-rw-rw-r--   1 travis travis   1593 Sep  8 19:02 CompiledCompositeActor_CompiledCompositeActor.mk
drwxrwxr-x   5 travis travis   4096 Sep  8 18:56 fmi
drwxrwxr-x   3 travis travis  16384 Sep  8 18:57 Gaussian2
-rw-rw-r--   1 travis travis   4684 Sep  8 19:02 JavaCompiledCompositeTest1_CompiledCompositeActor.class
-rw-rw-r--   1 travis travis  11637 Sep  8 19:02 JavaCompiledCompositeTest1_CompiledCompositeActor.java
-rw-rw-r--   1 travis travis   1217 Sep  8 19:02 JavaCompiledCompositeTest1_CompiledCompositeActor$_JavaCompiledCompositeTest1_CompiledCompositeActor.class
-rw-rw-r--   1 travis travis   1625 Sep  8 19:02 JavaCompiledCompositeTest1_CompiledCompositeActor.mk
-rw-rw-r--   1 travis travis   5115 Sep  8 19:02 JavaCompiledCompositeTest2_CompiledCompositeActor.class
-rw-rw-r--   1 travis travis  14919 Sep  8 19:02 JavaCompiledCompositeTest2_CompiledCompositeActor.java
-rw-rw-r--   1 travis travis   1812 Sep  8 19:02 JavaCompiledCompositeTest2_CompiledCompositeActor$_JavaCompiledCompositeTest2_CompiledCompositeActor.class
-rw-rw-r--   1 travis travis   1625 Sep  8 19:02 JavaCompiledCompositeTest2_CompiledCompositeActor.mk
-rw-rw-r--   1 travis travis   4732 Sep  8 19:02 JavaCompiledCompositeTest3_CompiledCompositeActor.class
-rw-rw-r--   1 travis travis  13080 Sep  8 19:02 JavaCompiledCompositeTest3_CompiledCompositeActor.java
-rw-rw-r--   1 travis travis   1397 Sep  8 19:02 JavaCompiledCompositeTest3_CompiledCompositeActor$_JavaCompiledCompositeTest3_CompiledCompositeActor.class
-rw-rw-r--   1 travis travis   1625 Sep  8 19:02 JavaCompiledCompositeTest3_CompiledCompositeActor.mk
-rw-rw-r--   1 travis travis   4183 Sep  8 19:03 JavaCompiledCompositeTest4_CompiledCompositeActor.class
-rw-rw-r--   1 travis travis   9687 Sep  8 19:02 JavaCompiledCompositeTest4_CompiledCompositeActor.java
-rw-rw-r--   1 travis travis    876 Sep  8 19:03 JavaCompiledCompositeTest4_CompiledCompositeActor$_JavaCompiledCompositeTest4_CompiledCompositeActor.class
-rw-rw-r--   1 travis travis   1625 Sep  8 19:02 JavaCompiledCompositeTest4_CompiledCompositeActor.mk
drwxrwxr-x   3 travis travis  12288 Sep  8 18:58 LookupTable
drwxrwxr-x   3 travis travis  20480 Sep  8 18:58 MaxIndex
-rw-rw-r--   1 travis travis   3925 Sep  8 19:03 ModularCG_A1_B1.class
-rw-rw-r--   1 travis travis   9730 Sep  8 19:03 ModularCG_A1_B1.java
-rw-rw-r--   1 travis travis    832 Sep  8 19:03 ModularCG_A1_B1.mk
-rw-rw-r--   1 travis travis   1318 Sep  8 19:03 ModularCG_A1_B1_profile.class
-rw-rw-r--   1 travis travis   1262 Sep  8 19:03 ModularCG_A1_B1_profile.java
-rw-rw-r--   1 travis travis   3925 Sep  8 19:03 ModularCG_A1_B2.class
-rw-rw-r--   1 travis travis   9730 Sep  8 19:03 ModularCG_A1_B2.java
-rw-rw-r--   1 travis travis    832 Sep  8 19:03 ModularCG_A1_B2.mk
-rw-rw-r--   1 travis travis   1318 Sep  8 19:03 ModularCG_A1_B2_profile.class
-rw-rw-r--   1 travis travis   1262 Sep  8 19:03 ModularCG_A1_B2_profile.java
-rw-rw-r--   1 travis travis   5031 Sep  8 19:03 ModularCG_A1.class
-rw-rw-r--   1 travis travis  14742 Sep  8 19:03 ModularCG_A1.java
-rw-rw-r--   1 travis travis    808 Sep  8 19:03 ModularCG_A1.mk
-rw-rw-r--   1 travis travis   1433 Sep  8 19:03 ModularCG_A1_profile.class
-rw-rw-r--   1 travis travis   1704 Sep  8 19:03 ModularCG_A1_profile.java
-rw-rw-r--   1 travis travis   4059 Sep  8 19:03 ModularCG_A2_B1.class
-rw-rw-r--   1 travis travis  10667 Sep  8 19:03 ModularCG_A2_B1.java
-rw-rw-r--   1 travis travis    832 Sep  8 19:03 ModularCG_A2_B1.mk
-rw-rw-r--   1 travis travis   1381 Sep  8 19:03 ModularCG_A2_B1_profile.class
-rw-rw-r--   1 travis travis   1446 Sep  8 19:03 ModularCG_A2_B1_profile.java
-rw-rw-r--   1 travis travis   3925 Sep  8 19:03 ModularCG_A2_B2.class
-rw-rw-r--   1 travis travis   9730 Sep  8 19:03 ModularCG_A2_B2.java
-rw-rw-r--   1 travis travis    832 Sep  8 19:03 ModularCG_A2_B2.mk
-rw-rw-r--   1 travis travis   1318 Sep  8 19:03 ModularCG_A2_B2_profile.class
-rw-rw-r--   1 travis travis   1262 Sep  8 19:03 ModularCG_A2_B2_profile.java
-rw-rw-r--   1 travis travis   5102 Sep  8 19:03 ModularCG_A2.class
-rw-rw-r--   1 travis travis  15129 Sep  8 19:03 ModularCG_A2.java
-rw-rw-r--   1 travis travis    808 Sep  8 19:03 ModularCG_A2.mk
-rw-rw-r--   1 travis travis   1433 Sep  8 19:03 ModularCG_A2_profile.class
-rw-rw-r--   1 travis travis   1704 Sep  8 19:03 ModularCG_A2_profile.java
-rw-rw-r--   1 travis travis   3705 Sep  8 19:03 ModularCGPubSub_A1_A2.class
-rw-rw-r--   1 travis travis   9076 Sep  8 19:03 ModularCGPubSub_A1_A2.java
-rw-rw-r--   1 travis travis    880 Sep  8 19:03 ModularCGPubSub_A1_A2.mk
-rw-rw-r--   1 travis travis   1300 Sep  8 19:03 ModularCGPubSub_A1_A2_profile.class
-rw-rw-r--   1 travis travis   1222 Sep  8 19:03 ModularCGPubSub_A1_A2_profile.java
-rw-rw-r--   1 travis travis   4022 Sep  8 19:03 ModularCGPubSub_A1.class
-rw-rw-r--   1 travis travis   9836 Sep  8 19:03 ModularCGPubSub_A1.java
-rw-rw-r--   1 travis travis    856 Sep  8 19:03 ModularCGPubSub_A1.mk
-rw-rw-r--   1 travis travis   1346 Sep  8 19:03 ModularCGPubSub_A1_profile.class
-rw-rw-r--   1 travis travis   1388 Sep  8 19:03 ModularCGPubSub_A1_profile.java
-rw-rw-r--   1 travis travis   4220 Sep  8 19:03 ModularCodeGen2_ModularCodeGenTypedCompositeActor.class
-rw-rw-r--   1 travis travis  11690 Sep  8 19:03 ModularCodeGen2_ModularCodeGenTypedCompositeActor.java
-rw-rw-r--   1 travis travis   1104 Sep  8 19:03 ModularCodeGen2_ModularCodeGenTypedCompositeActor.mk
-rw-rw-r--   1 travis travis   4504 Sep  8 19:03 ModularCodeGen2_ModularCodeGenTypedCompositeActor_ModularCodeGenTypedCompositeActor.class
-rw-rw-r--   1 travis travis  11790 Sep  8 19:03 ModularCodeGen2_ModularCodeGenTypedCompositeActor_ModularCodeGenTypedCompositeActor.java
-rw-rw-r--   1 travis travis   1376 Sep  8 19:03 ModularCodeGen2_ModularCodeGenTypedCompositeActor_ModularCodeGenTypedCompositeActor.mk
-rw-rw-r--   1 travis travis   1421 Sep  8 19:03 ModularCodeGen2_ModularCodeGenTypedCompositeActor_ModularCodeGenTypedCompositeActor_profile.class
-rw-rw-r--   1 travis travis   1294 Sep  8 19:03 ModularCodeGen2_ModularCodeGenTypedCompositeActor_ModularCodeGenTypedCompositeActor_profile.java
-rw-rw-r--   1 travis travis    820 Sep  8 19:03 ModularCodeGen2_ModularCodeGenTypedCompositeActor_profile.class
-rw-rw-r--   1 travis travis    693 Sep  8 19:03 ModularCodeGen2_ModularCodeGenTypedCompositeActor_profile.java
-rw-rw-r--   1 travis travis   3973 Sep  8 19:03 ModularCodeGen3_A1_B1.class
-rw-rw-r--   1 travis travis   9958 Sep  8 19:03 ModularCodeGen3_A1_B1.java
-rw-rw-r--   1 travis travis    880 Sep  8 19:03 ModularCodeGen3_A1_B1.mk
-rw-rw-r--   1 travis travis   1330 Sep  8 19:03 ModularCodeGen3_A1_B1_profile.class
-rw-rw-r--   1 travis travis   1274 Sep  8 19:03 ModularCodeGen3_A1_B1_profile.java
-rw-rw-r--   1 travis travis   3973 Sep  8 19:03 ModularCodeGen3_A1_B2.class
-rw-rw-r--   1 travis travis   9958 Sep  8 19:03 ModularCodeGen3_A1_B2.java
-rw-rw-r--   1 travis travis    880 Sep  8 19:03 ModularCodeGen3_A1_B2.mk
-rw-rw-r--   1 travis travis   1330 Sep  8 19:03 ModularCodeGen3_A1_B2_profile.class
-rw-rw-r--   1 travis travis   1274 Sep  8 19:03 ModularCodeGen3_A1_B2_profile.java
-rw-rw-r--   1 travis travis   5193 Sep  8 19:03 ModularCodeGen3_A1.class
-rw-rw-r--   1 travis travis  15564 Sep  8 19:03 ModularCodeGen3_A1.java
-rw-rw-r--   1 travis travis    856 Sep  8 19:03 ModularCodeGen3_A1.mk
-rw-rw-r--   1 travis travis   1445 Sep  8 19:03 ModularCodeGen3_A1_profile.class
-rw-rw-r--   1 travis travis   1716 Sep  8 19:03 ModularCodeGen3_A1_profile.java
-rw-rw-r--   1 travis travis   4119 Sep  8 19:03 ModularCodeGen3_A2_B1.class
-rw-rw-r--   1 travis travis  10955 Sep  8 19:03 ModularCodeGen3_A2_B1.java
-rw-rw-r--   1 travis travis    880 Sep  8 19:03 ModularCodeGen3_A2_B1.mk
-rw-rw-r--   1 travis travis   1393 Sep  8 19:03 ModularCodeGen3_A2_B1_profile.class
-rw-rw-r--   1 travis travis   1458 Sep  8 19:03 ModularCodeGen3_A2_B1_profile.java
-rw-rw-r--   1 travis travis   3973 Sep  8 19:03 ModularCodeGen3_A2_B2.class
-rw-rw-r--   1 travis travis   9958 Sep  8 19:03 ModularCodeGen3_A2_B2.java
-rw-rw-r--   1 travis travis    880 Sep  8 19:03 ModularCodeGen3_A2_B2.mk
-rw-rw-r--   1 travis travis   1330 Sep  8 19:03 ModularCodeGen3_A2_B2_profile.class
-rw-rw-r--   1 travis travis   1274 Sep  8 19:03 ModularCodeGen3_A2_B2_profile.java
-rw-rw-r--   1 travis travis   5270 Sep  8 19:03 ModularCodeGen3_A2.class
-rw-rw-r--   1 travis travis  15957 Sep  8 19:03 ModularCodeGen3_A2.java
-rw-rw-r--   1 travis travis    856 Sep  8 19:03 ModularCodeGen3_A2.mk
-rw-rw-r--   1 travis travis   1445 Sep  8 19:03 ModularCodeGen3_A2_profile.class
-rw-rw-r--   1 travis travis   1716 Sep  8 19:03 ModularCodeGen3_A2_profile.java
-rw-rw-r--   1 travis travis   4026 Sep  8 19:03 ModularCodeGen4_A1_B1.class
-rw-rw-r--   1 travis travis  10312 Sep  8 19:03 ModularCodeGen4_A1_B1.java
-rw-rw-r--   1 travis travis    880 Sep  8 19:03 ModularCodeGen4_A1_B1.mk
-rw-rw-r--   1 travis travis   1330 Sep  8 19:03 ModularCodeGen4_A1_B1_profile.class
-rw-rw-r--   1 travis travis   1273 Sep  8 19:03 ModularCodeGen4_A1_B1_profile.java
-rw-rw-r--   1 travis travis   4026 Sep  8 19:03 ModularCodeGen4_A1_B2.class
-rw-rw-r--   1 travis travis  10312 Sep  8 19:03 ModularCodeGen4_A1_B2.java
-rw-rw-r--   1 travis travis    880 Sep  8 19:03 ModularCodeGen4_A1_B2.mk
-rw-rw-r--   1 travis travis   1330 Sep  8 19:03 ModularCodeGen4_A1_B2_profile.class
-rw-rw-r--   1 travis travis   1273 Sep  8 19:03 ModularCodeGen4_A1_B2_profile.java
-rw-rw-r--   1 travis travis   5333 Sep  8 19:03 ModularCodeGen4_A1.class
-rw-rw-r--   1 travis travis  16245 Sep  8 19:03 ModularCodeGen4_A1.java
-rw-rw-r--   1 travis travis    856 Sep  8 19:03 ModularCodeGen4_A1.mk
-rw-rw-r--   1 travis travis   1445 Sep  8 19:03 ModularCodeGen4_A1_profile.class
-rw-rw-r--   1 travis travis   1712 Sep  8 19:03 ModularCodeGen4_A1_profile.java
-rw-rw-r--   1 travis travis   4220 Sep  8 19:03 ModularCodeGen4_A2_B1.class
-rw-rw-r--   1 travis travis  11375 Sep  8 19:03 ModularCodeGen4_A2_B1.java
-rw-rw-r--   1 travis travis    880 Sep  8 19:03 ModularCodeGen4_A2_B1.mk
-rw-rw-r--   1 travis travis   1393 Sep  8 19:03 ModularCodeGen4_A2_B1_profile.class
-rw-rw-r--   1 travis travis   1454 Sep  8 19:03 ModularCodeGen4_A2_B1_profile.java
-rw-rw-r--   1 travis travis   4074 Sep  8 19:04 ModularCodeGen4_A2_B2.class
-rw-rw-r--   1 travis travis  10378 Sep  8 19:04 ModularCodeGen4_A2_B2.java
-rw-rw-r--   1 travis travis    880 Sep  8 19:04 ModularCodeGen4_A2_B2.mk
-rw-rw-r--   1 travis travis   1330 Sep  8 19:04 ModularCodeGen4_A2_B2_profile.class
-rw-rw-r--   1 travis travis   1270 Sep  8 19:03 ModularCodeGen4_A2_B2_profile.java
-rw-rw-r--   1 travis travis   1712 Sep  8 19:04 ModularCodeGen4_A2_profile.java
-rw-rw-r--   1 travis travis   4186 Sep  8 19:03 ModularCodeGen_ModularCodeGenTypedCompositeActor.class
-rw-rw-r--   1 travis travis  10970 Sep  8 19:03 ModularCodeGen_ModularCodeGenTypedCompositeActor.java
-rw-rw-r--   1 travis travis   1096 Sep  8 19:03 ModularCodeGen_ModularCodeGenTypedCompositeActor.mk
-rw-rw-r--   1 travis travis   1384 Sep  8 19:03 ModularCodeGen_ModularCodeGenTypedCompositeActor_profile.class
-rw-rw-r--   1 travis travis   1328 Sep  8 19:03 ModularCodeGen_ModularCodeGenTypedCompositeActor_profile.java
-rw-rw-r--   1 travis travis   3724 Sep  8 19:02 ModularCodeGenTest_A1_A2.class
-rw-rw-r--   1 travis travis   9164 Sep  8 19:02 ModularCodeGenTest_A1_A2.java
-rw-rw-r--   1 travis travis   1306 Sep  8 19:02 ModularCodeGenTest_A1_A2_profile.class
-rw-rw-r--   1 travis travis   4055 Sep  8 19:02 ModularCodeGenTest_A1.class
-rw-rw-r--   1 travis travis   9968 Sep  8 19:02 ModularCodeGenTest_A1.java
-rw-rw-r--   1 travis travis    880 Sep  8 19:02 ModularCodeGenTest_A1.mk
-rw-rw-r--   1 travis travis   1352 Sep  8 19:02 ModularCodeGenTest_A1_profile.class
-rw-rw-r--   1 travis travis   1394 Sep  8 19:02 ModularCodeGenTest_A1_profile.java
drwxrwxr-x   3 travis travis  32768 Sep  8 19:02 modulation2
drwxrwxr-x 188 travis travis  12288 Sep  8 19:02 node_modules
drwxrwxr-x   3 travis travis  20480 Sep  8 18:58 PhaseUnwrap
drwxrwxr-x   3 travis travis  12288 Sep  8 18:59 ReadFile1
-rw-rw-r--   1 travis travis     11 Sep  8 18:58 ReadFile1Output.txt
-rw-rw-r--   1 travis travis  13773 Sep  8 19:02 Repeat.class
-rw-rw-r--   1 travis travis    685 Sep  8 19:02 Repeat$_fireFunction_Repeat_Repeat$__f_sL_11.class
-rw-rw-r--   1 travis travis    541 Sep  8 19:02 Repeat$_fireFunction_Repeat_Repeat$__f_sL_12.class
-rw-rw-r--   1 travis travis    541 Sep  8 19:02 Repeat$_fireFunction_Repeat_Repeat$__f_sL_13.class
-rw-rw-r--   1 travis travis    541 Sep  8 19:02 Repeat$_fireFunction_Repeat_Repeat$__f_sL_14.class
-rw-rw-r--   1 travis travis    684 Sep  8 19:02 Repeat$_fireFunction_Repeat_Repeat$__f_sL_1.class
-rw-rw-r--   1 travis travis    683 Sep  8 19:02 Repeat$_fireFunction_Repeat_Repeat$__f_sL_4.class
-rw-rw-r--   1 travis travis    539 Sep  8 19:02 Repeat$_fireFunction_Repeat_Repeat$__f_sL_9.class
-rw-rw-r--   1 travis travis    494 Sep  8 19:02 Repeat$_initialize_Repeat$__i_sL_2.class
-rw-rw-r--   1 travis travis   1281 Sep  8 19:02 Repeat.mk
-rw-rw-r--   1 travis travis    539 Sep  8 19:02 Repeat$_preinitializeMethod_Repeat$__p_sL_0.class
-rw-rw-r--   1 travis travis   1102 Sep  8 19:02 Repeat$_Repeat$_fireFunction_Repeat_AddSubtract_Repeat.class
-rw-rw-r--   1 travis travis    810 Sep  8 19:02 Repeat$_Repeat$_fireFunction_Repeat_AddSubtract_Repeat$__f_sL_0.class
-rw-rw-r--   1 travis travis    928 Sep  8 19:02 Repeat$_Repeat$_fireFunction_Repeat_AddSubtract_Repeat$__f_sL_1.class
-rw-rw-r--   1 travis travis    934 Sep  8 19:02 Repeat$_Repeat$_fireFunction_Repeat_AddSubtract_Repeat$__f_sL_2.class
-rw-rw-r--   1 travis travis    862 Sep  8 19:02 Repeat$_Repeat$_fireFunction_Repeat_AddSubtract_Repeat$__f_sL_3.class
-rw-rw-r--   1 travis travis    757 Sep  8 19:02 Repeat$_Repeat$_fireFunction_Repeat_Ramp2_Repeat$__f_sL_0.class
-rw-rw-r--   1 travis travis    888 Sep  8 19:02 Repeat$_Repeat$_fireFunction_Repeat_Test_Repeat$__f_sL_0.class
-rw-rw-r--   1 travis travis    634 Sep  8 19:02 Repeat$_Repeat$_fireFunction_Repeat_Test_Repeat$__f_sL_1.class
-rw-rw-r--   1 travis travis    704 Sep  8 19:02 Repeat$_Repeat_SDF_Director_run_Repeat$__R_sL_0.class
-rw-rw-r--   1 travis travis    705 Sep  8 19:02 Repeat$_Repeat_SDF_Director_run_Repeat$__R_sL_11.class
-rw-rw-r--   1 travis travis    561 Sep  8 19:02 Repeat$_Repeat_SDF_Director_run_Repeat$__R_sL_13.class
-rw-rw-r--   1 travis travis    559 Sep  8 19:02 Repeat$_Repeat_SDF_Director_run_Repeat$__R_sL_2.class
-rw-rw-r--   1 travis travis    703 Sep  8 19:02 Repeat$_Repeat_SDF_Director_run_Repeat$__R_sL_3.class
-rw-rw-r--   1 travis travis    559 Sep  8 19:02 Repeat$_Repeat_SDF_Director_run_Repeat$__R_sL_5.class
-rw-rw-r--   1 travis travis    559 Sep  8 19:02 Repeat$_Repeat_SDF_Director_run_Repeat$__R_sL_8.class
drwxrwxr-x   2 travis travis   4096 Sep  8 19:02 RepeatVariables
-rw-rw-r--   1 travis travis    882 Sep  8 19:02 Repeat$_varinit_Repeat.class
-rw-rw-r--   1 travis travis    550 Sep  8 19:02 Repeat$_varinit_Repeat$__v_sL_2.class
-rw-rw-r--   1 travis travis    924 Sep  8 19:02 Repeat$_varinit_Repeat$__v_sL_4.class
-rw-rw-r--   1 travis travis    978 Sep  8 19:02 Repeat$_wrapup_Repeat$__w_sL_1.class
drwxrwxr-x   3 travis travis  20480 Sep  8 18:59 Sinewave
drwxrwxr-x   3 travis travis  32768 Sep  8 19:00 StringFunction
drwxrwxr-x   3 travis travis  12288 Sep  8 19:00 StringLength
drwxrwxr-x   3 travis travis  61440 Sep  8 19:00 StringMatches2
drwxrwxr-x   3 travis travis  61440 Sep  8 19:01 StringSimpleReplace
drwxrwxr-x   3 travis travis  65536 Sep  8 19:01 StringSubstring
drwxrwxr-x   3 travis travis  24576 Sep  8 19:01 StringSubstring2
drwxrwxr-x   3 travis travis  16384 Sep  8 19:02 time1
drwxrwxr-x   3 travis travis  12288 Sep  8 19:02 time5
-rw-rw-r--   1 travis travis    432 Sep  8 19:04 Token.class
-rw-rw-r--   1 travis travis    251 Sep  8 19:04 Token.java
-rwxrwxr-x   1 travis travis 466992 Sep  8 18:56 top
-rw-rw-r--   1 travis travis  20502 Sep  8 18:56 top.c
-rw-rw-r--   1 travis travis   3799 Sep  8 19:02 top.class
-rw-rw-r--   1 travis travis   1257 Sep  8 19:02 top.mk
In "/home/travis/cg", about to execute:
    javac -classpath
.:/home/travis/build/icyphy/ptII:/home/travis/build/icyphy/ptII/lib/asm-all-5.2
.jar:/home/travis/build/icyphy/ptII/lib/nashorn-core-15.3.jar:/home/travis/buil
d/icyphy/ptII/lib/bsh-2.0b4.jar:/home/travis/build/icyphy/ptII/lib/ptCal.jar:/h
ome/travis/build/icyphy/ptII/lib/java_cup.jar:/home/travis/build/icyphy/ptII/li
b/saxon8.jar:/home/travis/build/icyphy/ptII/lib/saxon8-dom.jar:/home/travis/bui
ld/icyphy/ptII/lib/chic.jar:/home/travis/build/icyphy/ptII/lib/ptcolt.jar:/home
/travis/build/icyphy/ptII/vendors/misc/itext/iText.jar:/home/travis/build/icyph
y/ptII/lib/g4ltl.jar:/home/travis/build/icyphy/ptII/lib/StructuralCoder.jar:/ho
me/travis/build/icyphy/ptII/lib/jcerti.jar:/home/travis/build/icyphy/ptII/lib/j
avax.mail.jar:/home/travis/build/icyphy/ptII/vendors/JMF-2.1.1e/lib/jmf.jar:/ho
me/travis/build/icyphy/ptII/lib/jna-4.0.0-variadic.jar:/home/travis/build/icyph
y/ptII/vendors/misc/joystick/Joystick.jar:/home/travis/build/icyphy/ptII/lib/pt
jacl.jar:/home/travis/build/icyphy/ptII/lib/jsoup-1.14.2.jar:/home/travis/build
/icyphy/ptII/lib/junit-4.8.2.jar:/home/travis/build/icyphy/ptII/lib/JUnitParams
-0.4.0.jar:/home/travis/build/icyphy/ptII/ptolemy/actor/lib/excel/jxl.jar:/home
/travis/build/icyphy/ptII/lib/jython.jar:/home/travis/build/icyphy/ptII/lib/kie
ler.jar:/home/travis/build/icyphy/ptII/vendors/opencv/share/OpenCV/java/opencv-
341.jar:/home/travis/build/icyphy/ptII/lib/oscP5.jar:/home/travis/build/icyphy/
ptII/lib/nrjavaserial-3.11.0.devel.jar:/home/travis/build/icyphy/ptII/vendors/j
3d/lib/Linux/j3dcore.jar:/home/travis/build/icyphy/ptII/vendors/j3d/lib/Linux/j
3dutils.jar:/home/travis/build/icyphy/ptII/vendors/j3d/lib/Linux/vecmath.jar:/h
ome/travis/build/icyphy/ptII/vendors/jogl/lib/Linux/gluegen-rt-natives-linux-am
d64.jar:/home/travis/build/icyphy/ptII/vendors/jogl/lib/Linux/gluegen-rt.jar:/h
ome/travis/build/icyphy/ptII/vendors/jogl/lib/Linux/jogl-all-natives-linux-amd6
4.jar:/home/travis/build/icyphy/ptII/vendors/jogl/lib/Linux/jogl-all.jar:/home/
travis/build/icyphy/ptII/ptolemy/distributed/jini/jar/jini-core.jar:/home/travi
s/build/icyphy/ptII/ptolemy/distributed/jini/jar/jini-ext.jar:/home/travis/buil
d/icyphy/ptII/ptolemy/distributed/jini/jar/sun-util.jar:/home/travis/build/icyp
hy/ptII/lib/protobuf-java-2.4.1.jar:/home/travis/build/icyphy/ptII/lib/org.ecli
pse.paho.client.mqttv3.jar:/home/travis/build/icyphy/ptII/lib/mapss.jar:/home/t
ravis/build/icyphy/ptII/ptolemy/actor/ptalon/antlr/antlr.jar:/home/travis/build
/icyphy/ptII/lib/JRI.jar:/home/travis/build/icyphy/ptII/lib/commons-lang-2.6.ja
r:/home/travis/build/icyphy/ptII/lib/commons-logging-1.1.1.jar:/home/travis/bui
ld/icyphy/ptII/lib/sootclasses.jar:/home/travis/build/icyphy/ptII/ptolemy/actor
/lib/database/mysql-connector-java-8.0.26.jar:/home/travis/build/icyphy/ptII/ve
ndors/misc/sphinx4/sphinx4-data-5prealpha.jar:/home/travis/build/icyphy/ptII/ve
ndors/misc/sphinx4/sphinx4-core-5prealpha.jar:/home/travis/build/icyphy/ptII/li
b/PDFRenderer.jar:/home/travis/build/icyphy/ptII/lib/svgSalamander.jar:/home/tr
avis/build/icyphy/ptII/lib/rsyntaxtextarea-2.6.0-SNAPSHOT.jar:/home/travis/buil
d/icyphy/ptII/lib/hazelcast-3.8.2.jar:/home/travis/build/icyphy/ptII/lib/jackso
n-annotations-2.9.0.jar:/home/travis/build/icyphy/ptII/lib/jackson-core-2.9.3.j
ar:/home/travis/build/icyphy/ptII/lib/jackson-databind-2.9.3.jar:/home/travis/b
uild/icyphy/ptII/lib/netty-buffer-4.1.19.Final.jar:/home/travis/build/icyphy/pt
II/lib/netty-codec-4.1.19.Final.jar:/home/travis/build/icyphy/ptII/lib/netty-co
dec-dns-4.1.19.Final.jar:/home/travis/build/icyphy/ptII/lib/netty-codec-http-4.
1.19.Final.jar:/home/travis/build/icyphy/ptII/lib/netty-codec-http2-4.1.19.Fina
l.jar:/home/travis/build/icyphy/ptII/lib/netty-common-4.1.19.Final.jar:/home/tr
avis/build/icyphy/ptII/lib/netty-handler-4.1.19.Final.jar:/home/travis/build/ic
yphy/ptII/lib/netty-resolver-4.1.19.Final.jar:/home/travis/build/icyphy/ptII/li
b/netty-resolver-dns-4.1.19.Final.jar:/home/travis/build/icyphy/ptII/lib/netty-
transport-4.1.19.Final.jar:/home/travis/build/icyphy/ptII/lib/vertx-codegen-3.5
.1.jar:/home/travis/build/icyphy/ptII/lib/vertx-core-3.5.2-SNAPSHOT.jar:/home/t
ravis/build/icyphy/ptII/lib/vertx-hazelcast-3.5.1.jar:/home/travis/build/icyphy
/ptII/lib/vertx-lang-js-3.5.1.jar:/home/travis/build/icyphy/ptII/lib/vertx-serv
ice-proxy-3.5.1.jar:/home/travis/build/icyphy/ptII/lib/vertx-web-3.5.1.jar:/hom
e/travis/build/icyphy/ptII/lib/slf4j-api-1.7.13.jar:/home/travis/build/icyphy/p
tII/lib/slf4j-simple-1.7.13.jar:/home/travis/build/icyphy/ptII/lib/webcam-captu
re-0.3.12.jar:/home/travis/build/icyphy/ptII/lib/bridj-0.7.0.jar:/home/travis/b
uild/icyphy/ptII/lib/xbjlib-1.1.0.nrjavaserial.jar:/home/travis/build/icyphy/pt
II/ptolemy/moml/test:/home/travis/build/icyphy/ptII/ant/lib/ant-launcher.jar:/h
ome/travis/build/icyphy/ptII/ant/lib/ant.jar:/home/travis/build/icyphy/ptII/ant
/lib/ant-junit.jar:/home/travis/build/icyphy/ptII/ant/lib/ant-junit4.jar:/home/
travis/build/icyphy/ptII ModularCodeGen4_A2_profile.java
All Done
Writing ModularCodeGen4_A2.java in file:/home/travis/cg/ (16770 characters)
Reading "ptolemy/cg/kernel/generic/program/procedural/java/modular/makefile.in",
    writing "/home/travis/cg/ModularCodeGen4_A2.mk"
Using ptolemy/cg/kernel/generic/program/procedural/java/modular/makefile.in
In "/home/travis/cg", about to execute:
    make -f ModularCodeGen4_A2.mk
javac -classpath ".:.."    ModularCodeGen4_A2.java
All Done
Manager.initialize() finished: 16226 ms. Memory: 129024K Free: 52793K (41%)
16229 ms. Memory: 129024K Free: 52264K (41%)
----------------- Invoking toplevel() on ptolemy.moml.MoMLSimpleApplication@781771f5
----------------- Done invoking toplevel() on ptolemy.moml.MoMLSimpleApplication@781771f5
reloadAllAccessors: .ModularCodeGen4

===========================================================================================
----------------- testing Wed Sep 08 19:04:03 UTC 2021 /home/travis/build/icyphy/ptII/ptolemy/cg/lib/test/auto/ModularCodeGen5.xml
----------------- Instantiating /home/travis/build/icyphy/ptII/ptolemy/cg/lib/test/auto/ModularCodeGen5.xml
In "/home/travis/cg", about to execute:
    pwd
In "/home/travis/cg", about to execute:
    ls -l
/home/travis/cg
In "/home/travis/cg", about to execute:
    javac -classpath
.:/home/travis/build/icyphy/ptII:/home/travis/build/icyphy/ptII/lib/asm-all-5.2
.jar:/home/travis/build/icyphy/ptII/lib/nashorn-core-15.3.jar:/home/travis/buil
d/icyphy/ptII/lib/bsh-2.0b4.jar:/home/travis/build/icyphy/ptII/lib/ptCal.jar:/h
ome/travis/build/icyphy/ptII/lib/java_cup.jar:/home/travis/build/icyphy/ptII/li
b/saxon8.jar:/home/travis/build/icyphy/ptII/lib/saxon8-dom.jar:/home/travis/bui
ld/icyphy/ptII/lib/chic.jar:/home/travis/build/icyphy/ptII/lib/ptcolt.jar:/home
/travis/build/icyphy/ptII/vendors/misc/itext/iText.jar:/home/travis/build/icyph
y/ptII/lib/g4ltl.jar:/home/travis/build/icyphy/ptII/lib/StructuralCoder.jar:/ho
me/travis/build/icyphy/ptII/lib/jcerti.jar:/home/travis/build/icyphy/ptII/lib/j
avax.mail.jar:/home/travis/build/icyphy/ptII/vendors/JMF-2.1.1e/lib/jmf.jar:/ho
me/travis/build/icyphy/ptII/lib/jna-4.0.0-variadic.jar:/home/travis/build/icyph
y/ptII/vendors/misc/joystick/Joystick.jar:/home/travis/build/icyphy/ptII/lib/pt
jacl.jar:/home/travis/build/icyphy/ptII/lib/jsoup-1.14.2.jar:/home/travis/build
/icyphy/ptII/lib/junit-4.8.2.jar:/home/travis/build/icyphy/ptII/lib/JUnitParams
-0.4.0.jar:/home/travis/build/icyphy/ptII/ptolemy/actor/lib/excel/jxl.jar:/home
/travis/build/icyphy/ptII/lib/jython.jar:/home/travis/build/icyphy/ptII/lib/kie
ler.jar:/home/travis/build/icyphy/ptII/vendors/opencv/share/OpenCV/java/opencv-
341.jar:/home/travis/build/icyphy/ptII/lib/oscP5.jar:/home/travis/build/icyphy/
ptII/lib/nrjavaserial-3.11.0.devel.jar:/home/travis/build/icyphy/ptII/vendors/j
3d/lib/Linux/j3dcore.jar:/home/travis/build/icyphy/ptII/vendors/j3d/lib/Linux/j
3dutils.jar:/home/travis/build/icyphy/ptII/vendors/j3d/lib/Linux/vecmath.jar:/h
ome/travis/build/icyphy/ptII/vendors/jogl/lib/Linux/gluegen-rt-natives-linux-am
d64.jar:/home/travis/build/icyphy/ptII/vendors/jogl/lib/Linux/gluegen-rt.jar:/h
ome/travis/build/icyphy/ptII/vendors/jogl/lib/Linux/jogl-all-natives-linux-amd6
4.jar:/home/travis/build/icyphy/ptII/vendors/jogl/lib/Linux/jogl-all.jar:/home/
travis/build/icyphy/ptII/ptolemy/distributed/jini/jar/jini-core.jar:/home/travi
s/build/icyphy/ptII/ptolemy/distributed/jini/jar/jini-ext.jar:/home/travis/buil
d/icyphy/ptII/ptolemy/distributed/jini/jar/sun-util.jar:/home/travis/build/icyp
hy/ptII/lib/protobuf-java-2.4.1.jar:/home/travis/build/icyphy/ptII/lib/org.ecli
pse.paho.client.mqttv3.jar:/home/travis/build/icyphy/ptII/lib/mapss.jar:/home/t
ravis/build/icyphy/ptII/ptolemy/actor/ptalon/antlr/antlr.jar:/home/travis/build
/icyphy/ptII/lib/JRI.jar:/home/travis/build/icyphy/ptII/lib/commons-lang-2.6.ja
r:/home/travis/build/icyphy/ptII/lib/commons-logging-1.1.1.jar:/home/travis/bui
ld/icyphy/ptII/lib/sootclasses.jar:/home/travis/build/icyphy/ptII/ptolemy/actor
/lib/database/mysql-connector-java-8.0.26.jar:/home/travis/build/icyphy/ptII/ve
ndors/misc/sphinx4/sphinx4-data-5prealpha.jar:/home/travis/build/icyphy/ptII/ve
ndors/misc/sphinx4/sphinx4-core-5prealpha.jar:/home/travis/build/icyphy/ptII/li
b/PDFRenderer.jar:/home/travis/build/icyphy/ptII/lib/svgSalamander.jar:/home/tr
avis/build/icyphy/ptII/lib/rsyntaxtextarea-2.6.0-SNAPSHOT.jar:/home/travis/buil
d/icyphy/ptII/lib/hazelcast-3.8.2.jar:/home/travis/build/icyphy/ptII/lib/jackso
n-annotations-2.9.0.jar:/home/travis/build/icyphy/ptII/lib/jackson-core-2.9.3.j
ar:/home/travis/build/icyphy/ptII/lib/jackson-databind-2.9.3.jar:/home/travis/b
uild/icyphy/ptII/lib/netty-buffer-4.1.19.Final.jar:/home/travis/build/icyphy/pt
II/lib/netty-codec-4.1.19.Final.jar:/home/travis/build/icyphy/ptII/lib/netty-co
dec-dns-4.1.19.Final.jar:/home/travis/build/icyphy/ptII/lib/netty-codec-http-4.
1.19.Final.jar:/home/travis/build/icyphy/ptII/lib/netty-codec-http2-4.1.19.Fina
l.jar:/home/travis/build/icyphy/ptII/lib/netty-common-4.1.19.Final.jar:/home/tr
avis/build/icyphy/ptII/lib/netty-handler-4.1.19.Final.jar:/home/travis/build/ic
yphy/ptII/lib/netty-resolver-4.1.19.Final.jar:/home/travis/build/icyphy/ptII/li
b/netty-resolver-dns-4.1.19.Final.jar:/home/travis/build/icyphy/ptII/lib/netty-
transport-4.1.19.Final.jar:/home/travis/build/icyphy/ptII/lib/vertx-codegen-3.5
.1.jar:/home/travis/build/icyphy/ptII/lib/vertx-core-3.5.2-SNAPSHOT.jar:/home/t
ravis/build/icyphy/ptII/lib/vertx-hazelcast-3.5.1.jar:/home/travis/build/icyphy
/ptII/lib/vertx-lang-js-3.5.1.jar:/home/travis/build/icyphy/ptII/lib/vertx-serv
ice-proxy-3.5.1.jar:/home/travis/build/icyphy/ptII/lib/vertx-web-3.5.1.jar:/hom
e/travis/build/icyphy/ptII/lib/slf4j-api-1.7.13.jar:/home/travis/build/icyphy/p
tII/lib/slf4j-simple-1.7.13.jar:/home/travis/build/icyphy/ptII/lib/webcam-captu
re-0.3.12.jar:/home/travis/build/icyphy/ptII/lib/bridj-0.7.0.jar:/home/travis/b
uild/icyphy/ptII/lib/xbjlib-1.1.0.nrjavaserial.jar:/home/travis/build/icyphy/pt
II/ptolemy/moml/test:/home/travis/build/icyphy/ptII/ant/lib/ant-launcher.jar:/h
ome/travis/build/icyphy/ptII/ant/lib/ant.jar:/home/travis/build/icyphy/ptII/ant
/lib/ant-junit.jar:/home/travis/build/icyphy/ptII/ant/lib/ant-junit4.jar:/home/
travis/build/icyphy/ptII ModularCodeGen5_A_A_profile.java
total 2112
drwxrwxr-x   3 travis travis  12288 Sep  8 18:57 AbsoluteValue
drwxrwxr-x   3 travis travis 102400 Sep  8 18:56 AllColt
drwxrwxr-x   3 travis travis  12288 Sep  8 18:57 Case1
-rw-rw-r--   1 travis travis   5128 Sep  8 19:02 CompiledCompositeActor_CompiledCompositeActor.class
-rw-rw-r--   1 travis travis   1611 Sep  8 19:02 CompiledCompositeActor_CompiledCompositeActor$_CompiledCompositeActor_CompiledCompositeActor.class
-rw-rw-r--   1 travis travis  13466 Sep  8 19:02 CompiledCompositeActor_CompiledCompositeActor.java
-rw-rw-r--   1 travis travis   1593 Sep  8 19:02 CompiledCompositeActor_CompiledCompositeActor.mk
drwxrwxr-x   5 travis travis   4096 Sep  8 18:56 fmi
drwxrwxr-x   3 travis travis  16384 Sep  8 18:57 Gaussian2
-rw-rw-r--   1 travis travis   4684 Sep  8 19:02 JavaCompiledCompositeTest1_CompiledCompositeActor.class
-rw-rw-r--   1 travis travis  11637 Sep  8 19:02 JavaCompiledCompositeTest1_CompiledCompositeActor.java
-rw-rw-r--   1 travis travis   1217 Sep  8 19:02 JavaCompiledCompositeTest1_CompiledCompositeActor$_JavaCompiledCompositeTest1_CompiledCompositeActor.class
-rw-rw-r--   1 travis travis   1625 Sep  8 19:02 JavaCompiledCompositeTest1_CompiledCompositeActor.mk
-rw-rw-r--   1 travis travis   5115 Sep  8 19:02 JavaCompiledCompositeTest2_CompiledCompositeActor.class
-rw-rw-r--   1 travis travis  14919 Sep  8 19:02 JavaCompiledCompositeTest2_CompiledCompositeActor.java
-rw-rw-r--   1 travis travis   1812 Sep  8 19:02 JavaCompiledCompositeTest2_CompiledCompositeActor$_JavaCompiledCompositeTest2_CompiledCompositeActor.class
-rw-rw-r--   1 travis travis   1625 Sep  8 19:02 JavaCompiledCompositeTest2_CompiledCompositeActor.mk
-rw-rw-r--   1 travis travis   4732 Sep  8 19:02 JavaCompiledCompositeTest3_CompiledCompositeActor.class
-rw-rw-r--   1 travis travis  13080 Sep  8 19:02 JavaCompiledCompositeTest3_CompiledCompositeActor.java
-rw-rw-r--   1 travis travis   1397 Sep  8 19:02 JavaCompiledCompositeTest3_CompiledCompositeActor$_JavaCompiledCompositeTest3_CompiledCompositeActor.class
-rw-rw-r--   1 travis travis   1625 Sep  8 19:02 JavaCompiledCompositeTest3_CompiledCompositeActor.mk
-rw-rw-r--   1 travis travis   4183 Sep  8 19:03 JavaCompiledCompositeTest4_CompiledCompositeActor.class
-rw-rw-r--   1 travis travis   9687 Sep  8 19:02 JavaCompiledCompositeTest4_CompiledCompositeActor.java
-rw-rw-r--   1 travis travis    876 Sep  8 19:03 JavaCompiledCompositeTest4_CompiledCompositeActor$_JavaCompiledCompositeTest4_CompiledCompositeActor.class
-rw-rw-r--   1 travis travis   1625 Sep  8 19:02 JavaCompiledCompositeTest4_CompiledCompositeActor.mk
drwxrwxr-x   3 travis travis  12288 Sep  8 18:58 LookupTable
drwxrwxr-x   3 travis travis  20480 Sep  8 18:58 MaxIndex
-rw-rw-r--   1 travis travis   3925 Sep  8 19:03 ModularCG_A1_B1.class
-rw-rw-r--   1 travis travis   9730 Sep  8 19:03 ModularCG_A1_B1.java
-rw-rw-r--   1 travis travis    832 Sep  8 19:03 ModularCG_A1_B1.mk
-rw-rw-r--   1 travis travis   1318 Sep  8 19:03 ModularCG_A1_B1_profile.class
-rw-rw-r--   1 travis travis   1262 Sep  8 19:03 ModularCG_A1_B1_profile.java
-rw-rw-r--   1 travis travis   3925 Sep  8 19:03 ModularCG_A1_B2.class
-rw-rw-r--   1 travis travis   9730 Sep  8 19:03 ModularCG_A1_B2.java
-rw-rw-r--   1 travis travis    832 Sep  8 19:03 ModularCG_A1_B2.mk
-rw-rw-r--   1 travis travis   1318 Sep  8 19:03 ModularCG_A1_B2_profile.class
-rw-rw-r--   1 travis travis   1262 Sep  8 19:03 ModularCG_A1_B2_profile.java
-rw-rw-r--   1 travis travis   5031 Sep  8 19:03 ModularCG_A1.class
-rw-rw-r--   1 travis travis  14742 Sep  8 19:03 ModularCG_A1.java
-rw-rw-r--   1 travis travis    808 Sep  8 19:03 ModularCG_A1.mk
-rw-rw-r--   1 travis travis   1433 Sep  8 19:03 ModularCG_A1_profile.class
-rw-rw-r--   1 travis travis   1704 Sep  8 19:03 ModularCG_A1_profile.java
-rw-rw-r--   1 travis travis   4059 Sep  8 19:03 ModularCG_A2_B1.class
-rw-rw-r--   1 travis travis  10667 Sep  8 19:03 ModularCG_A2_B1.java
-rw-rw-r--   1 travis travis    832 Sep  8 19:03 ModularCG_A2_B1.mk
-rw-rw-r--   1 travis travis   1381 Sep  8 19:03 ModularCG_A2_B1_profile.class
-rw-rw-r--   1 travis travis   1446 Sep  8 19:03 ModularCG_A2_B1_profile.java
-rw-rw-r--   1 travis travis   3925 Sep  8 19:03 ModularCG_A2_B2.class
-rw-rw-r--   1 travis travis   9730 Sep  8 19:03 ModularCG_A2_B2.java
-rw-rw-r--   1 travis travis    832 Sep  8 19:03 ModularCG_A2_B2.mk
-rw-rw-r--   1 travis travis   1318 Sep  8 19:03 ModularCG_A2_B2_profile.class
-rw-rw-r--   1 travis travis   1262 Sep  8 19:03 ModularCG_A2_B2_profile.java
-rw-rw-r--   1 travis travis   5102 Sep  8 19:03 ModularCG_A2.class
-rw-rw-r--   1 travis travis  15129 Sep  8 19:03 ModularCG_A2.java
-rw-rw-r--   1 travis travis    808 Sep  8 19:03 ModularCG_A2.mk
-rw-rw-r--   1 travis travis   1433 Sep  8 19:03 ModularCG_A2_profile.class
-rw-rw-r--   1 travis travis   1704 Sep  8 19:03 ModularCG_A2_profile.java
-rw-rw-r--   1 travis travis   3705 Sep  8 19:03 ModularCGPubSub_A1_A2.class
-rw-rw-r--   1 travis travis   9076 Sep  8 19:03 ModularCGPubSub_A1_A2.java
-rw-rw-r--   1 travis travis    880 Sep  8 19:03 ModularCGPubSub_A1_A2.mk
-rw-rw-r--   1 travis travis   1300 Sep  8 19:03 ModularCGPubSub_A1_A2_profile.class
-rw-rw-r--   1 travis travis   1222 Sep  8 19:03 ModularCGPubSub_A1_A2_profile.java
-rw-rw-r--   1 travis travis   4022 Sep  8 19:03 ModularCGPubSub_A1.class
-rw-rw-r--   1 travis travis   9836 Sep  8 19:03 ModularCGPubSub_A1.java
-rw-rw-r--   1 travis travis    856 Sep  8 19:03 ModularCGPubSub_A1.mk
-rw-rw-r--   1 travis travis   1346 Sep  8 19:03 ModularCGPubSub_A1_profile.class
-rw-rw-r--   1 travis travis   1388 Sep  8 19:03 ModularCGPubSub_A1_profile.java
-rw-rw-r--   1 travis travis   4220 Sep  8 19:03 ModularCodeGen2_ModularCodeGenTypedCompositeActor.class
-rw-rw-r--   1 travis travis  11690 Sep  8 19:03 ModularCodeGen2_ModularCodeGenTypedCompositeActor.java
-rw-rw-r--   1 travis travis   1104 Sep  8 19:03 ModularCodeGen2_ModularCodeGenTypedCompositeActor.mk
-rw-rw-r--   1 travis travis   4504 Sep  8 19:03 ModularCodeGen2_ModularCodeGenTypedCompositeActor_ModularCodeGenTypedCompositeActor.class
-rw-rw-r--   1 travis travis  11790 Sep  8 19:03 ModularCodeGen2_ModularCodeGenTypedCompositeActor_ModularCodeGenTypedCompositeActor.java
-rw-rw-r--   1 travis travis   1376 Sep  8 19:03 ModularCodeGen2_ModularCodeGenTypedCompositeActor_ModularCodeGenTypedCompositeActor.mk
-rw-rw-r--   1 travis travis   1421 Sep  8 19:03 ModularCodeGen2_ModularCodeGenTypedCompositeActor_ModularCodeGenTypedCompositeActor_profile.class
-rw-rw-r--   1 travis travis   1294 Sep  8 19:03 ModularCodeGen2_ModularCodeGenTypedCompositeActor_ModularCodeGenTypedCompositeActor_profile.java
-rw-rw-r--   1 travis travis    820 Sep  8 19:03 ModularCodeGen2_ModularCodeGenTypedCompositeActor_profile.class
-rw-rw-r--   1 travis travis    693 Sep  8 19:03 ModularCodeGen2_ModularCodeGenTypedCompositeActor_profile.java
-rw-rw-r--   1 travis travis   3973 Sep  8 19:03 ModularCodeGen3_A1_B1.class
-rw-rw-r--   1 travis travis   9958 Sep  8 19:03 ModularCodeGen3_A1_B1.java
-rw-rw-r--   1 travis travis    880 Sep  8 19:03 ModularCodeGen3_A1_B1.mk
-rw-rw-r--   1 travis travis   1330 Sep  8 19:03 ModularCodeGen3_A1_B1_profile.class
-rw-rw-r--   1 travis travis   1274 Sep  8 19:03 ModularCodeGen3_A1_B1_profile.java
-rw-rw-r--   1 travis travis   3973 Sep  8 19:03 ModularCodeGen3_A1_B2.class
-rw-rw-r--   1 travis travis   9958 Sep  8 19:03 ModularCodeGen3_A1_B2.java
-rw-rw-r--   1 travis travis    880 Sep  8 19:03 ModularCodeGen3_A1_B2.mk
-rw-rw-r--   1 travis travis   1330 Sep  8 19:03 ModularCodeGen3_A1_B2_profile.class
-rw-rw-r--   1 travis travis   1274 Sep  8 19:03 ModularCodeGen3_A1_B2_profile.java
-rw-rw-r--   1 travis travis   5193 Sep  8 19:03 ModularCodeGen3_A1.class
-rw-rw-r--   1 travis travis  15564 Sep  8 19:03 ModularCodeGen3_A1.java
-rw-rw-r--   1 travis travis    856 Sep  8 19:03 ModularCodeGen3_A1.mk
-rw-rw-r--   1 travis travis   1445 Sep  8 19:03 ModularCodeGen3_A1_profile.class
-rw-rw-r--   1 travis travis   1716 Sep  8 19:03 ModularCodeGen3_A1_profile.java
-rw-rw-r--   1 travis travis   4119 Sep  8 19:03 ModularCodeGen3_A2_B1.class
-rw-rw-r--   1 travis travis  10955 Sep  8 19:03 ModularCodeGen3_A2_B1.java
-rw-rw-r--   1 travis travis    880 Sep  8 19:03 ModularCodeGen3_A2_B1.mk
-rw-rw-r--   1 travis travis   1393 Sep  8 19:03 ModularCodeGen3_A2_B1_profile.class
-rw-rw-r--   1 travis travis   1458 Sep  8 19:03 ModularCodeGen3_A2_B1_profile.java
-rw-rw-r--   1 travis travis   3973 Sep  8 19:03 ModularCodeGen3_A2_B2.class
-rw-rw-r--   1 travis travis   9958 Sep  8 19:03 ModularCodeGen3_A2_B2.java
-rw-rw-r--   1 travis travis    880 Sep  8 19:03 ModularCodeGen3_A2_B2.mk
-rw-rw-r--   1 travis travis   1330 Sep  8 19:03 ModularCodeGen3_A2_B2_profile.class
-rw-rw-r--   1 travis travis   1274 Sep  8 19:03 ModularCodeGen3_A2_B2_profile.java
-rw-rw-r--   1 travis travis   5270 Sep  8 19:03 ModularCodeGen3_A2.class
-rw-rw-r--   1 travis travis  15957 Sep  8 19:03 ModularCodeGen3_A2.java
-rw-rw-r--   1 travis travis    856 Sep  8 19:03 ModularCodeGen3_A2.mk
-rw-rw-r--   1 travis travis   1445 Sep  8 19:03 ModularCodeGen3_A2_profile.class
-rw-rw-r--   1 travis travis   1716 Sep  8 19:03 ModularCodeGen3_A2_profile.java
-rw-rw-r--   1 travis travis   4026 Sep  8 19:03 ModularCodeGen4_A1_B1.class
-rw-rw-r--   1 travis travis  10312 Sep  8 19:03 ModularCodeGen4_A1_B1.java
-rw-rw-r--   1 travis travis    880 Sep  8 19:03 ModularCodeGen4_A1_B1.mk
-rw-rw-r--   1 travis travis   1330 Sep  8 19:03 ModularCodeGen4_A1_B1_profile.class
-rw-rw-r--   1 travis travis   1273 Sep  8 19:03 ModularCodeGen4_A1_B1_profile.java
-rw-rw-r--   1 travis travis   4026 Sep  8 19:03 ModularCodeGen4_A1_B2.class
-rw-rw-r--   1 travis travis  10312 Sep  8 19:03 ModularCodeGen4_A1_B2.java
-rw-rw-r--   1 travis travis    880 Sep  8 19:03 ModularCodeGen4_A1_B2.mk
-rw-rw-r--   1 travis travis   1330 Sep  8 19:03 ModularCodeGen4_A1_B2_profile.class
-rw-rw-r--   1 travis travis   1273 Sep  8 19:03 ModularCodeGen4_A1_B2_profile.java
-rw-rw-r--   1 travis travis   5333 Sep  8 19:03 ModularCodeGen4_A1.class
-rw-rw-r--   1 travis travis  16245 Sep  8 19:03 ModularCodeGen4_A1.java
-rw-rw-r--   1 travis travis    856 Sep  8 19:03 ModularCodeGen4_A1.mk
-rw-rw-r--   1 travis travis   1445 Sep  8 19:03 ModularCodeGen4_A1_profile.class
-rw-rw-r--   1 travis travis   1712 Sep  8 19:03 ModularCodeGen4_A1_profile.java
-rw-rw-r--   1 travis travis   4220 Sep  8 19:03 ModularCodeGen4_A2_B1.class
-rw-rw-r--   1 travis travis  11375 Sep  8 19:03 ModularCodeGen4_A2_B1.java
-rw-rw-r--   1 travis travis    880 Sep  8 19:03 ModularCodeGen4_A2_B1.mk
-rw-rw-r--   1 travis travis   1393 Sep  8 19:03 ModularCodeGen4_A2_B1_profile.class
-rw-rw-r--   1 travis travis   1454 Sep  8 19:03 ModularCodeGen4_A2_B1_profile.java
-rw-rw-r--   1 travis travis   4074 Sep  8 19:04 ModularCodeGen4_A2_B2.class
-rw-rw-r--   1 travis travis  10378 Sep  8 19:04 ModularCodeGen4_A2_B2.java
-rw-rw-r--   1 travis travis    880 Sep  8 19:04 ModularCodeGen4_A2_B2.mk
-rw-rw-r--   1 travis travis   1330 Sep  8 19:04 ModularCodeGen4_A2_B2_profile.class
-rw-rw-r--   1 travis travis   1270 Sep  8 19:03 ModularCodeGen4_A2_B2_profile.java
-rw-rw-r--   1 travis travis   5506 Sep  8 19:04 ModularCodeGen4_A2.class
-rw-rw-r--   1 travis travis  16770 Sep  8 19:04 ModularCodeGen4_A2.java
-rw-rw-r--   1 travis travis    856 Sep  8 19:04 ModularCodeGen4_A2.mk
-rw-rw-r--   1 travis travis   1445 Sep  8 19:04 ModularCodeGen4_A2_profile.class
-rw-rw-r--   1 travis travis   1712 Sep  8 19:04 ModularCodeGen4_A2_profile.java
-rw-rw-r--   1 travis travis   1815 Sep  8 19:04 ModularCodeGen5_A_A_profile.java
-rw-rw-r--   1 travis travis   4186 Sep  8 19:03 ModularCodeGen_ModularCodeGenTypedCompositeActor.class
-rw-rw-r--   1 travis travis  10970 Sep  8 19:03 ModularCodeGen_ModularCodeGenTypedCompositeActor.java
-rw-rw-r--   1 travis travis   1096 Sep  8 19:03 ModularCodeGen_ModularCodeGenTypedCompositeActor.mk
-rw-rw-r--   1 travis travis   1384 Sep  8 19:03 ModularCodeGen_ModularCodeGenTypedCompositeActor_profile.class
-rw-rw-r--   1 travis travis   1328 Sep  8 19:03 ModularCodeGen_ModularCodeGenTypedCompositeActor_profile.java
-rw-rw-r--   1 travis travis   3724 Sep  8 19:02 ModularCodeGenTest_A1_A2.class
-rw-rw-r--   1 travis travis   9164 Sep  8 19:02 ModularCodeGenTest_A1_A2.java
-rw-rw-r--   1 travis travis   1306 Sep  8 19:02 ModularCodeGenTest_A1_A2_profile.class
-rw-rw-r--   1 travis travis   4055 Sep  8 19:02 ModularCodeGenTest_A1.class
-rw-rw-r--   1 travis travis   9968 Sep  8 19:02 ModularCodeGenTest_A1.java
-rw-rw-r--   1 travis travis    880 Sep  8 19:02 ModularCodeGenTest_A1.mk
-rw-rw-r--   1 travis travis   1352 Sep  8 19:02 ModularCodeGenTest_A1_profile.class
-rw-rw-r--   1 travis travis   1394 Sep  8 19:02 ModularCodeGenTest_A1_profile.java
drwxrwxr-x   3 travis travis  32768 Sep  8 19:02 modulation2
drwxrwxr-x 188 travis travis  12288 Sep  8 19:02 node_modules
drwxrwxr-x   3 travis travis  20480 Sep  8 18:58 PhaseUnwrap
drwxrwxr-x   3 travis travis  12288 Sep  8 18:59 ReadFile1
-rw-rw-r--   1 travis travis     11 Sep  8 18:58 ReadFile1Output.txt
-rw-rw-r--   1 travis travis  13773 Sep  8 19:02 Repeat.class
-rw-rw-r--   1 travis travis    685 Sep  8 19:02 Repeat$_fireFunction_Repeat_Repeat$__f_sL_11.class
-rw-rw-r--   1 travis travis    541 Sep  8 19:02 Repeat$_fireFunction_Repeat_Repeat$__f_sL_12.class
-rw-rw-r--   1 travis travis    541 Sep  8 19:02 Repeat$_fireFunction_Repeat_Repeat$__f_sL_13.class
-rw-rw-r--   1 travis travis    541 Sep  8 19:02 Repeat$_fireFunction_Repeat_Repeat$__f_sL_14.class
-rw-rw-r--   1 travis travis    684 Sep  8 19:02 Repeat$_fireFunction_Repeat_Repeat$__f_sL_1.class
-rw-rw-r--   1 travis travis    683 Sep  8 19:02 Repeat$_fireFunction_Repeat_Repeat$__f_sL_4.class
-rw-rw-r--   1 travis travis    539 Sep  8 19:02 Repeat$_fireFunction_Repeat_Repeat$__f_sL_9.class
-rw-rw-r--   1 travis travis    494 Sep  8 19:02 Repeat$_initialize_Repeat$__i_sL_2.class
-rw-rw-r--   1 travis travis   1281 Sep  8 19:02 Repeat.mk
-rw-rw-r--   1 travis travis    539 Sep  8 19:02 Repeat$_preinitializeMethod_Repeat$__p_sL_0.class
-rw-rw-r--   1 travis travis   1102 Sep  8 19:02 Repeat$_Repeat$_fireFunction_Repeat_AddSubtract_Repeat.class
-rw-rw-r--   1 travis travis    810 Sep  8 19:02 Repeat$_Repeat$_fireFunction_Repeat_AddSubtract_Repeat$__f_sL_0.class
-rw-rw-r--   1 travis travis    928 Sep  8 19:02 Repeat$_Repeat$_fireFunction_Repeat_AddSubtract_Repeat$__f_sL_1.class
-rw-rw-r--   1 travis travis    934 Sep  8 19:02 Repeat$_Repeat$_fireFunction_Repeat_AddSubtract_Repeat$__f_sL_2.class
-rw-rw-r--   1 travis travis    862 Sep  8 19:02 Repeat$_Repeat$_fireFunction_Repeat_AddSubtract_Repeat$__f_sL_3.class
-rw-rw-r--   1 travis travis    757 Sep  8 19:02 Repeat$_Repeat$_fireFunction_Repeat_Ramp2_Repeat$__f_sL_0.class
-rw-rw-r--   1 travis travis    888 Sep  8 19:02 Repeat$_Repeat$_fireFunction_Repeat_Test_Repeat$__f_sL_0.class
-rw-rw-r--   1 travis travis    634 Sep  8 19:02 Repeat$_Repeat$_fireFunction_Repeat_Test_Repeat$__f_sL_1.class
-rw-rw-r--   1 travis travis    704 Sep  8 19:02 Repeat$_Repeat_SDF_Director_run_Repeat$__R_sL_0.class
-rw-rw-r--   1 travis travis    705 Sep  8 19:02 Repeat$_Repeat_SDF_Director_run_Repeat$__R_sL_11.class
-rw-rw-r--   1 travis travis    561 Sep  8 19:02 Repeat$_Repeat_SDF_Director_run_Repeat$__R_sL_13.class
-rw-rw-r--   1 travis travis    559 Sep  8 19:02 Repeat$_Repeat_SDF_Director_run_Repeat$__R_sL_2.class
-rw-rw-r--   1 travis travis    703 Sep  8 19:02 Repeat$_Repeat_SDF_Director_run_Repeat$__R_sL_3.class
-rw-rw-r--   1 travis travis    559 Sep  8 19:02 Repeat$_Repeat_SDF_Director_run_Repeat$__R_sL_5.class
-rw-rw-r--   1 travis travis    559 Sep  8 19:02 Repeat$_Repeat_SDF_Director_run_Repeat$__R_sL_8.class
drwxrwxr-x   2 travis travis   4096 Sep  8 19:02 RepeatVariables
-rw-rw-r--   1 travis travis    882 Sep  8 19:02 Repeat$_varinit_Repeat.class
-rw-rw-r--   1 travis travis    550 Sep  8 19:02 Repeat$_varinit_Repeat$__v_sL_2.class
-rw-rw-r--   1 travis travis    924 Sep  8 19:02 Repeat$_varinit_Repeat$__v_sL_4.class
-rw-rw-r--   1 travis travis    978 Sep  8 19:02 Repeat$_wrapup_Repeat$__w_sL_1.class
drwxrwxr-x   3 travis travis  20480 Sep  8 18:59 Sinewave
drwxrwxr-x   3 travis travis  32768 Sep  8 19:00 StringFunction
drwxrwxr-x   3 travis travis  12288 Sep  8 19:00 StringLength
drwxrwxr-x   3 travis travis  61440 Sep  8 19:00 StringMatches2
drwxrwxr-x   3 travis travis  61440 Sep  8 19:01 StringSimpleReplace
drwxrwxr-x   3 travis travis  65536 Sep  8 19:01 StringSubstring
drwxrwxr-x   3 travis travis  24576 Sep  8 19:01 StringSubstring2
drwxrwxr-x   3 travis travis  16384 Sep  8 19:02 time1
drwxrwxr-x   3 travis travis  12288 Sep  8 19:02 time5
-rw-rw-r--   1 travis travis    432 Sep  8 19:04 Token.class
-rw-rw-r--   1 travis travis    251 Sep  8 19:04 Token.java
-rwxrwxr-x   1 travis travis 466992 Sep  8 18:56 top
-rw-rw-r--   1 travis travis  20502 Sep  8 18:56 top.c
-rw-rw-r--   1 travis travis   3799 Sep  8 19:02 top.class
-rw-rw-r--   1 travis travis   1257 Sep  8 19:02 top.mk
All Done
Writing ModularCodeGen5_A_A.java in file:/home/travis/cg/ (28721 characters)
Reading "ptolemy/cg/kernel/generic/program/procedural/java/modular/makefile.in",
    writing "/home/travis/cg/ModularCodeGen5_A_A.mk"
Using ptolemy/cg/kernel/generic/program/procedural/java/modular/makefile.in
In "/home/travis/cg", about to execute:
    make -f ModularCodeGen5_A_A.mk
javac -classpath ".:.."    ModularCodeGen5_A_A.java
All Done
In "/home/travis/cg", about to execute:
    pwd
/home/travis/cg
In "/home/travis/cg", about to execute:
    ls -l
total 2164
drwxrwxr-x   3 travis travis  12288 Sep  8 18:57 AbsoluteValue
drwxrwxr-x   3 travis travis 102400 Sep  8 18:56 AllColt
drwxrwxr-x   3 travis travis  12288 Sep  8 18:57 Case1
-rw-rw-r--   1 travis travis   5128 Sep  8 19:02 CompiledCompositeActor_CompiledCompositeActor.class
-rw-rw-r--   1 travis travis   1611 Sep  8 19:02 CompiledCompositeActor_CompiledCompositeActor$_CompiledCompositeActor_CompiledCompositeActor.class
-rw-rw-r--   1 travis travis  13466 Sep  8 19:02 CompiledCompositeActor_CompiledCompositeActor.java
-rw-rw-r--   1 travis travis   1593 Sep  8 19:02 CompiledCompositeActor_CompiledCompositeActor.mk
drwxrwxr-x   5 travis travis   4096 Sep  8 18:56 fmi
drwxrwxr-x   3 travis travis  16384 Sep  8 18:57 Gaussian2
-rw-rw-r--   1 travis travis   4684 Sep  8 19:02 JavaCompiledCompositeTest1_CompiledCompositeActor.class
-rw-rw-r--   1 travis travis  11637 Sep  8 19:02 JavaCompiledCompositeTest1_CompiledCompositeActor.java
-rw-rw-r--   1 travis travis   1217 Sep  8 19:02 JavaCompiledCompositeTest1_CompiledCompositeActor$_JavaCompiledCompositeTest1_CompiledCompositeActor.class
-rw-rw-r--   1 travis travis   1625 Sep  8 19:02 JavaCompiledCompositeTest1_CompiledCompositeActor.mk
-rw-rw-r--   1 travis travis   5115 Sep  8 19:02 JavaCompiledCompositeTest2_CompiledCompositeActor.class
-rw-rw-r--   1 travis travis  14919 Sep  8 19:02 JavaCompiledCompositeTest2_CompiledCompositeActor.java
-rw-rw-r--   1 travis travis   1812 Sep  8 19:02 JavaCompiledCompositeTest2_CompiledCompositeActor$_JavaCompiledCompositeTest2_CompiledCompositeActor.class
-rw-rw-r--   1 travis travis   1625 Sep  8 19:02 JavaCompiledCompositeTest2_CompiledCompositeActor.mk
-rw-rw-r--   1 travis travis   4732 Sep  8 19:02 JavaCompiledCompositeTest3_CompiledCompositeActor.class
-rw-rw-r--   1 travis travis  13080 Sep  8 19:02 JavaCompiledCompositeTest3_CompiledCompositeActor.java
-rw-rw-r--   1 travis travis   1397 Sep  8 19:02 JavaCompiledCompositeTest3_CompiledCompositeActor$_JavaCompiledCompositeTest3_CompiledCompositeActor.class
-rw-rw-r--   1 travis travis   1625 Sep  8 19:02 JavaCompiledCompositeTest3_CompiledCompositeActor.mk
-rw-rw-r--   1 travis travis   4183 Sep  8 19:03 JavaCompiledCompositeTest4_CompiledCompositeActor.class
-rw-rw-r--   1 travis travis   9687 Sep  8 19:02 JavaCompiledCompositeTest4_CompiledCompositeActor.java
-rw-rw-r--   1 travis travis    876 Sep  8 19:03 JavaCompiledCompositeTest4_CompiledCompositeActor$_JavaCompiledCompositeTest4_CompiledCompositeActor.class
-rw-rw-r--   1 travis travis   1625 Sep  8 19:02 JavaCompiledCompositeTest4_CompiledCompositeActor.mk
drwxrwxr-x   3 travis travis  12288 Sep  8 18:58 LookupTable
drwxrwxr-x   3 travis travis  20480 Sep  8 18:58 MaxIndex
-rw-rw-r--   1 travis travis   3925 Sep  8 19:03 ModularCG_A1_B1.class
-rw-rw-r--   1 travis travis   9730 Sep  8 19:03 ModularCG_A1_B1.java
-rw-rw-r--   1 travis travis    832 Sep  8 19:03 ModularCG_A1_B1.mk
-rw-rw-r--   1 travis travis   1318 Sep  8 19:03 ModularCG_A1_B1_profile.class
-rw-rw-r--   1 travis travis   1262 Sep  8 19:03 ModularCG_A1_B1_profile.java
-rw-rw-r--   1 travis travis   3925 Sep  8 19:03 ModularCG_A1_B2.class
-rw-rw-r--   1 travis travis   9730 Sep  8 19:03 ModularCG_A1_B2.java
-rw-rw-r--   1 travis travis    832 Sep  8 19:03 ModularCG_A1_B2.mk
-rw-rw-r--   1 travis travis   1318 Sep  8 19:03 ModularCG_A1_B2_profile.class
-rw-rw-r--   1 travis travis   1262 Sep  8 19:03 ModularCG_A1_B2_profile.java
-rw-rw-r--   1 travis travis   5031 Sep  8 19:03 ModularCG_A1.class
-rw-rw-r--   1 travis travis  14742 Sep  8 19:03 ModularCG_A1.java
-rw-rw-r--   1 travis travis    808 Sep  8 19:03 ModularCG_A1.mk
-rw-rw-r--   1 travis travis   1433 Sep  8 19:03 ModularCG_A1_profile.class
-rw-rw-r--   1 travis travis   1704 Sep  8 19:03 ModularCG_A1_profile.java
-rw-rw-r--   1 travis travis   4059 Sep  8 19:03 ModularCG_A2_B1.class
-rw-rw-r--   1 travis travis  10667 Sep  8 19:03 ModularCG_A2_B1.java
-rw-rw-r--   1 travis travis    832 Sep  8 19:03 ModularCG_A2_B1.mk
-rw-rw-r--   1 travis travis   1381 Sep  8 19:03 ModularCG_A2_B1_profile.class
-rw-rw-r--   1 travis travis   1446 Sep  8 19:03 ModularCG_A2_B1_profile.java
-rw-rw-r--   1 travis travis   3925 Sep  8 19:03 ModularCG_A2_B2.class
-rw-rw-r--   1 travis travis   9730 Sep  8 19:03 ModularCG_A2_B2.java
-rw-rw-r--   1 travis travis    832 Sep  8 19:03 ModularCG_A2_B2.mk
-rw-rw-r--   1 travis travis   1318 Sep  8 19:03 ModularCG_A2_B2_profile.class
-rw-rw-r--   1 travis travis   1262 Sep  8 19:03 ModularCG_A2_B2_profile.java
-rw-rw-r--   1 travis travis   5102 Sep  8 19:03 ModularCG_A2.class
-rw-rw-r--   1 travis travis  15129 Sep  8 19:03 ModularCG_A2.java
-rw-rw-r--   1 travis travis    808 Sep  8 19:03 ModularCG_A2.mk
-rw-rw-r--   1 travis travis   1433 Sep  8 19:03 ModularCG_A2_profile.class
-rw-rw-r--   1 travis travis   1704 Sep  8 19:03 ModularCG_A2_profile.java
-rw-rw-r--   1 travis travis   3705 Sep  8 19:03 ModularCGPubSub_A1_A2.class
-rw-rw-r--   1 travis travis   9076 Sep  8 19:03 ModularCGPubSub_A1_A2.java
-rw-rw-r--   1 travis travis    880 Sep  8 19:03 ModularCGPubSub_A1_A2.mk
-rw-rw-r--   1 travis travis   1300 Sep  8 19:03 ModularCGPubSub_A1_A2_profile.class
-rw-rw-r--   1 travis travis   1222 Sep  8 19:03 ModularCGPubSub_A1_A2_profile.java
-rw-rw-r--   1 travis travis   4022 Sep  8 19:03 ModularCGPubSub_A1.class
-rw-rw-r--   1 travis travis   9836 Sep  8 19:03 ModularCGPubSub_A1.java
-rw-rw-r--   1 travis travis    856 Sep  8 19:03 ModularCGPubSub_A1.mk
-rw-rw-r--   1 travis travis   1346 Sep  8 19:03 ModularCGPubSub_A1_profile.class
-rw-rw-r--   1 travis travis   1388 Sep  8 19:03 ModularCGPubSub_A1_profile.java
-rw-rw-r--   1 travis travis   4220 Sep  8 19:03 ModularCodeGen2_ModularCodeGenTypedCompositeActor.class
-rw-rw-r--   1 travis travis  11690 Sep  8 19:03 ModularCodeGen2_ModularCodeGenTypedCompositeActor.java
-rw-rw-r--   1 travis travis   1104 Sep  8 19:03 ModularCodeGen2_ModularCodeGenTypedCompositeActor.mk
-rw-rw-r--   1 travis travis   4504 Sep  8 19:03 ModularCodeGen2_ModularCodeGenTypedCompositeActor_ModularCodeGenTypedCompositeActor.class
-rw-rw-r--   1 travis travis  11790 Sep  8 19:03 ModularCodeGen2_ModularCodeGenTypedCompositeActor_ModularCodeGenTypedCompositeActor.java
-rw-rw-r--   1 travis travis   1376 Sep  8 19:03 ModularCodeGen2_ModularCodeGenTypedCompositeActor_ModularCodeGenTypedCompositeActor.mk
-rw-rw-r--   1 travis travis   1421 Sep  8 19:03 ModularCodeGen2_ModularCodeGenTypedCompositeActor_ModularCodeGenTypedCompositeActor_profile.class
-rw-rw-r--   1 travis travis   1294 Sep  8 19:03 ModularCodeGen2_ModularCodeGenTypedCompositeActor_ModularCodeGenTypedCompositeActor_profile.java
-rw-rw-r--   1 travis travis    820 Sep  8 19:03 ModularCodeGen2_ModularCodeGenTypedCompositeActor_profile.class
-rw-rw-r--   1 travis travis    693 Sep  8 19:03 ModularCodeGen2_ModularCodeGenTypedCompositeActor_profile.java
-rw-rw-r--   1 travis travis   3973 Sep  8 19:03 ModularCodeGen3_A1_B1.class
-rw-rw-r--   1 travis travis   9958 Sep  8 19:03 ModularCodeGen3_A1_B1.java
-rw-rw-r--   1 travis travis    880 Sep  8 19:03 ModularCodeGen3_A1_B1.mk
-rw-rw-r--   1 travis travis   1330 Sep  8 19:03 ModularCodeGen3_A1_B1_profile.class
-rw-rw-r--   1 travis travis   1274 Sep  8 19:03 ModularCodeGen3_A1_B1_profile.java
-rw-rw-r--   1 travis travis   3973 Sep  8 19:03 ModularCodeGen3_A1_B2.class
-rw-rw-r--   1 travis travis   9958 Sep  8 19:03 ModularCodeGen3_A1_B2.java
-rw-rw-r--   1 travis travis    880 Sep  8 19:03 ModularCodeGen3_A1_B2.mk
-rw-rw-r--   1 travis travis   1330 Sep  8 19:03 ModularCodeGen3_A1_B2_profile.class
-rw-rw-r--   1 travis travis   1274 Sep  8 19:03 ModularCodeGen3_A1_B2_profile.java
-rw-rw-r--   1 travis travis   5193 Sep  8 19:03 ModularCodeGen3_A1.class
-rw-rw-r--   1 travis travis  15564 Sep  8 19:03 ModularCodeGen3_A1.java
-rw-rw-r--   1 travis travis    856 Sep  8 19:03 ModularCodeGen3_A1.mk
-rw-rw-r--   1 travis travis   1445 Sep  8 19:03 ModularCodeGen3_A1_profile.class
-rw-rw-r--   1 travis travis   1716 Sep  8 19:03 ModularCodeGen3_A1_profile.java
-rw-rw-r--   1 travis travis   4119 Sep  8 19:03 ModularCodeGen3_A2_B1.class
-rw-rw-r--   1 travis travis  10955 Sep  8 19:03 ModularCodeGen3_A2_B1.java
-rw-rw-r--   1 travis travis    880 Sep  8 19:03 ModularCodeGen3_A2_B1.mk
-rw-rw-r--   1 travis travis   1393 Sep  8 19:03 ModularCodeGen3_A2_B1_profile.class
-rw-rw-r--   1 travis travis   1458 Sep  8 19:03 ModularCodeGen3_A2_B1_profile.java
-rw-rw-r--   1 travis travis   3973 Sep  8 19:03 ModularCodeGen3_A2_B2.class
-rw-rw-r--   1 travis travis   9958 Sep  8 19:03 ModularCodeGen3_A2_B2.java
-rw-rw-r--   1 travis travis    880 Sep  8 19:03 ModularCodeGen3_A2_B2.mk
-rw-rw-r--   1 travis travis   1330 Sep  8 19:03 ModularCodeGen3_A2_B2_profile.class
-rw-rw-r--   1 travis travis   1274 Sep  8 19:03 ModularCodeGen3_A2_B2_profile.java
-rw-rw-r--   1 travis travis   5270 Sep  8 19:03 ModularCodeGen3_A2.class
-rw-rw-r--   1 travis travis  15957 Sep  8 19:03 ModularCodeGen3_A2.java
-rw-rw-r--   1 travis travis    856 Sep  8 19:03 ModularCodeGen3_A2.mk
-rw-rw-r--   1 travis travis   1445 Sep  8 19:03 ModularCodeGen3_A2_profile.class
-rw-rw-r--   1 travis travis   1716 Sep  8 19:03 ModularCodeGen3_A2_profile.java
-rw-rw-r--   1 travis travis   4026 Sep  8 19:03 ModularCodeGen4_A1_B1.class
-rw-rw-r--   1 travis travis  10312 Sep  8 19:03 ModularCodeGen4_A1_B1.java
-rw-rw-r--   1 travis travis    880 Sep  8 19:03 ModularCodeGen4_A1_B1.mk
-rw-rw-r--   1 travis travis   1330 Sep  8 19:03 ModularCodeGen4_A1_B1_profile.class
-rw-rw-r--   1 travis travis   1273 Sep  8 19:03 ModularCodeGen4_A1_B1_profile.java
-rw-rw-r--   1 travis travis   4026 Sep  8 19:03 ModularCodeGen4_A1_B2.class
-rw-rw-r--   1 travis travis  10312 Sep  8 19:03 ModularCodeGen4_A1_B2.java
-rw-rw-r--   1 travis travis    880 Sep  8 19:03 ModularCodeGen4_A1_B2.mk
-rw-rw-r--   1 travis travis   1330 Sep  8 19:03 ModularCodeGen4_A1_B2_profile.class
-rw-rw-r--   1 travis travis   1273 Sep  8 19:03 ModularCodeGen4_A1_B2_profile.java
-rw-rw-r--   1 travis travis   5333 Sep  8 19:03 ModularCodeGen4_A1.class
-rw-rw-r--   1 travis travis  16245 Sep  8 19:03 ModularCodeGen4_A1.java
-rw-rw-r--   1 travis travis    856 Sep  8 19:03 ModularCodeGen4_A1.mk
-rw-rw-r--   1 travis travis   1445 Sep  8 19:03 ModularCodeGen4_A1_profile.class
-rw-rw-r--   1 travis travis   1712 Sep  8 19:03 ModularCodeGen4_A1_profile.java
-rw-rw-r--   1 travis travis   4220 Sep  8 19:03 ModularCodeGen4_A2_B1.class
-rw-rw-r--   1 travis travis  11375 Sep  8 19:03 ModularCodeGen4_A2_B1.java
-rw-rw-r--   1 travis travis    880 Sep  8 19:03 ModularCodeGen4_A2_B1.mk
-rw-rw-r--   1 travis travis   1393 Sep  8 19:03 ModularCodeGen4_A2_B1_profile.class
-rw-rw-r--   1 travis travis   1454 Sep  8 19:03 ModularCodeGen4_A2_B1_profile.java
-rw-rw-r--   1 travis travis   4074 Sep  8 19:04 ModularCodeGen4_A2_B2.class
-rw-rw-r--   1 travis travis  10378 Sep  8 19:04 ModularCodeGen4_A2_B2.java
-rw-rw-r--   1 travis travis    880 Sep  8 19:04 ModularCodeGen4_A2_B2.mk
-rw-rw-r--   1 travis travis   1330 Sep  8 19:04 ModularCodeGen4_A2_B2_profile.class
-rw-rw-r--   1 travis travis   1270 Sep  8 19:03 ModularCodeGen4_A2_B2_profile.java
-rw-rw-r--   1 travis travis   5506 Sep  8 19:04 ModularCodeGen4_A2.class
-rw-rw-r--   1 travis travis  16770 Sep  8 19:04 ModularCodeGen4_A2.java
-rw-rw-r--   1 travis travis    856 Sep  8 19:04 ModularCodeGen4_A2.mk
-rw-rw-r--   1 travis travis   1445 Sep  8 19:04 ModularCodeGen4_A2_profile.class
-rw-rw-r--   1 travis travis   1712 Sep  8 19:04 ModularCodeGen4_A2_profile.java
-rw-rw-r--   1 travis travis   7070 Sep  8 19:04 ModularCodeGen5_A_A.class
-rw-rw-r--   1 travis travis  28721 Sep  8 19:04 ModularCodeGen5_A_A.java
-rw-rw-r--   1 travis travis    864 Sep  8 19:04 ModularCodeGen5_A_A.mk
-rw-rw-r--   1 travis travis   1520 Sep  8 19:04 ModularCodeGen5_A_A_profile.class
-rw-rw-r--   1 travis travis   1815 Sep  8 19:04 ModularCodeGen5_A_A_profile.java
-rw-rw-r--   1 travis travis   1605 Sep  8 19:04 ModularCodeGen5_A_profile.java
-rw-rw-r--   1 travis travis   4186 Sep  8 19:03 ModularCodeGen_ModularCodeGenTypedCompositeActor.class
-rw-rw-r--   1 travis travis  10970 Sep  8 19:03 ModularCodeGen_ModularCodeGenTypedCompositeActor.java
-rw-rw-r--   1 travis travis   1096 Sep  8 19:03 ModularCodeGen_ModularCodeGenTypedCompositeActor.mk
-rw-rw-r--   1 travis travis   1384 Sep  8 19:03 ModularCodeGen_ModularCodeGenTypedCompositeActor_profile.class
-rw-rw-r--   1 travis travis   1328 Sep  8 19:03 ModularCodeGen_ModularCodeGenTypedCompositeActor_profile.java
-rw-rw-r--   1 travis travis   3724 Sep  8 19:02 ModularCodeGenTest_A1_A2.class
-rw-rw-r--   1 travis travis   9164 Sep  8 19:02 ModularCodeGenTest_A1_A2.java
-rw-rw-r--   1 travis travis   1306 Sep  8 19:02 ModularCodeGenTest_A1_A2_profile.class
-rw-rw-r--   1 travis travis   4055 Sep  8 19:02 ModularCodeGenTest_A1.class
-rw-rw-r--   1 travis travis   9968 Sep  8 19:02 ModularCodeGenTest_A1.java
-rw-rw-r--   1 travis travis    880 Sep  8 19:02 ModularCodeGenTest_A1.mk
-rw-rw-r--   1 travis travis   1352 Sep  8 19:02 ModularCodeGenTest_A1_profile.class
-rw-rw-r--   1 travis travis   1394 Sep  8 19:02 ModularCodeGenTest_A1_profile.java
drwxrwxr-x   3 travis travis  32768 Sep  8 19:02 modulation2
drwxrwxr-x 188 travis travis  12288 Sep  8 19:02 node_modules
drwxrwxr-x   3 travis travis  20480 Sep  8 18:58 PhaseUnwrap
drwxrwxr-x   3 travis travis  12288 Sep  8 18:59 ReadFile1
-rw-rw-r--   1 travis travis     11 Sep  8 18:58 ReadFile1Output.txt
-rw-rw-r--   1 travis travis  13773 Sep  8 19:02 Repeat.class
-rw-rw-r--   1 travis travis    685 Sep  8 19:02 Repeat$_fireFunction_Repeat_Repeat$__f_sL_11.class
-rw-rw-r--   1 travis travis    541 Sep  8 19:02 Repeat$_fireFunction_Repeat_Repeat$__f_sL_12.class
-rw-rw-r--   1 travis travis    541 Sep  8 19:02 Repeat$_fireFunction_Repeat_Repeat$__f_sL_13.class
-rw-rw-r--   1 travis travis    541 Sep  8 19:02 Repeat$_fireFunction_Repeat_Repeat$__f_sL_14.class
-rw-rw-r--   1 travis travis    684 Sep  8 19:02 Repeat$_fireFunction_Repeat_Repeat$__f_sL_1.class
-rw-rw-r--   1 travis travis    683 Sep  8 19:02 Repeat$_fireFunction_Repeat_Repeat$__f_sL_4.class
-rw-rw-r--   1 travis travis    539 Sep  8 19:02 Repeat$_fireFunction_Repeat_Repeat$__f_sL_9.class
-rw-rw-r--   1 travis travis    494 Sep  8 19:02 Repeat$_initialize_Repeat$__i_sL_2.class
-rw-rw-r--   1 travis travis   1281 Sep  8 19:02 Repeat.mk
-rw-rw-r--   1 travis travis    539 Sep  8 19:02 Repeat$_preinitializeMethod_Repeat$__p_sL_0.class
-rw-rw-r--   1 travis travis   1102 Sep  8 19:02 Repeat$_Repeat$_fireFunction_Repeat_AddSubtract_Repeat.class
-rw-rw-r--   1 travis travis    810 Sep  8 19:02 Repeat$_Repeat$_fireFunction_Repeat_AddSubtract_Repeat$__f_sL_0.class
-rw-rw-r--   1 travis travis    928 Sep  8 19:02 Repeat$_Repeat$_fireFunction_Repeat_AddSubtract_Repeat$__f_sL_1.class
-rw-rw-r--   1 travis travis    934 Sep  8 19:02 Repeat$_Repeat$_fireFunction_Repeat_AddSubtract_Repeat$__f_sL_2.class
-rw-rw-r--   1 travis travis    862 Sep  8 19:02 Repeat$_Repeat$_fireFunction_Repeat_AddSubtract_Repeat$__f_sL_3.class
-rw-rw-r--   1 travis travis    757 Sep  8 19:02 Repeat$_Repeat$_fireFunction_Repeat_Ramp2_Repeat$__f_sL_0.class
-rw-rw-r--   1 travis travis    888 Sep  8 19:02 Repeat$_Repeat$_fireFunction_Repeat_Test_Repeat$__f_sL_0.class
-rw-rw-r--   1 travis travis    634 Sep  8 19:02 Repeat$_Repeat$_fireFunction_Repeat_Test_Repeat$__f_sL_1.class
-rw-rw-r--   1 travis travis    704 Sep  8 19:02 Repeat$_Repeat_SDF_Director_run_Repeat$__R_sL_0.class
-rw-rw-r--   1 travis travis    705 Sep  8 19:02 Repeat$_Repeat_SDF_Director_run_Repeat$__R_sL_11.class
-rw-rw-r--   1 travis travis    561 Sep  8 19:02 Repeat$_Repeat_SDF_Director_run_Repeat$__R_sL_13.class
-rw-rw-r--   1 travis travis    559 Sep  8 19:02 Repeat$_Repeat_SDF_Director_run_Repeat$__R_sL_2.class
-rw-rw-r--   1 travis travis    703 Sep  8 19:02 Repeat$_Repeat_SDF_Director_run_Repeat$__R_sL_3.class
-rw-rw-r--   1 travis travis    559 Sep  8 19:02 Repeat$_Repeat_SDF_Director_run_Repeat$__R_sL_5.class
-rw-rw-r--   1 travis travis    559 Sep  8 19:02 Repeat$_Repeat_SDF_Director_run_Repeat$__R_sL_8.class
drwxrwxr-x   2 travis travis   4096 Sep  8 19:02 RepeatVariables
-rw-rw-r--   1 travis travis    882 Sep  8 19:02 Repeat$_varinit_Repeat.class
-rw-rw-r--   1 travis travis    550 Sep  8 19:02 Repeat$_varinit_Repeat$__v_sL_2.class
-rw-rw-r--   1 travis travis    924 Sep  8 19:02 Repeat$_varinit_Repeat$__v_sL_4.class
-rw-rw-r--   1 travis travis    978 Sep  8 19:02 Repeat$_wrapup_Repeat$__w_sL_1.class
drwxrwxr-x   3 travis travis  20480 Sep  8 18:59 Sinewave
drwxrwxr-x   3 travis travis  32768 Sep  8 19:00 StringFunction
drwxrwxr-x   3 travis travis  12288 Sep  8 19:00 StringLength
drwxrwxr-x   3 travis travis  61440 Sep  8 19:00 StringMatches2
drwxrwxr-x   3 travis travis  61440 Sep  8 19:01 StringSimpleReplace
drwxrwxr-x   3 travis travis  65536 Sep  8 19:01 StringSubstring
drwxrwxr-x   3 travis travis  24576 Sep  8 19:01 StringSubstring2
drwxrwxr-x   3 travis travis  16384 Sep  8 19:02 time1
drwxrwxr-x   3 travis travis  12288 Sep  8 19:02 time5
-rw-rw-r--   1 travis travis    432 Sep  8 19:04 Token.class
-rw-rw-r--   1 travis travis    251 Sep  8 19:04 Token.java
-rwxrwxr-x   1 travis travis 466992 Sep  8 18:56 top
-rw-rw-r--   1 travis travis  20502 Sep  8 18:56 top.c
-rw-rw-r--   1 travis travis   3799 Sep  8 19:02 top.class
-rw-rw-r--   1 travis travis   1257 Sep  8 19:02 top.mk
In "/home/travis/cg", about to execute:
    javac -classpath
.:/home/travis/build/icyphy/ptII:/home/travis/build/icyphy/ptII/lib/asm-all-5.2
.jar:/home/travis/build/icyphy/ptII/lib/nashorn-core-15.3.jar:/home/travis/buil
d/icyphy/ptII/lib/bsh-2.0b4.jar:/home/travis/build/icyphy/ptII/lib/ptCal.jar:/h
ome/travis/build/icyphy/ptII/lib/java_cup.jar:/home/travis/build/icyphy/ptII/li
b/saxon8.jar:/home/travis/build/icyphy/ptII/lib/saxon8-dom.jar:/home/travis/bui
ld/icyphy/ptII/lib/chic.jar:/home/travis/build/icyphy/ptII/lib/ptcolt.jar:/home
/travis/build/icyphy/ptII/vendors/misc/itext/iText.jar:/home/travis/build/icyph
y/ptII/lib/g4ltl.jar:/home/travis/build/icyphy/ptII/lib/StructuralCoder.jar:/ho
me/travis/build/icyphy/ptII/lib/jcerti.jar:/home/travis/build/icyphy/ptII/lib/j
avax.mail.jar:/home/travis/build/icyphy/ptII/vendors/JMF-2.1.1e/lib/jmf.jar:/ho
me/travis/build/icyphy/ptII/lib/jna-4.0.0-variadic.jar:/home/travis/build/icyph
y/ptII/vendors/misc/joystick/Joystick.jar:/home/travis/build/icyphy/ptII/lib/pt
jacl.jar:/home/travis/build/icyphy/ptII/lib/jsoup-1.14.2.jar:/home/travis/build
/icyphy/ptII/lib/junit-4.8.2.jar:/home/travis/build/icyphy/ptII/lib/JUnitParams
-0.4.0.jar:/home/travis/build/icyphy/ptII/ptolemy/actor/lib/excel/jxl.jar:/home
/travis/build/icyphy/ptII/lib/jython.jar:/home/travis/build/icyphy/ptII/lib/kie
ler.jar:/home/travis/build/icyphy/ptII/vendors/opencv/share/OpenCV/java/opencv-
341.jar:/home/travis/build/icyphy/ptII/lib/oscP5.jar:/home/travis/build/icyphy/
ptII/lib/nrjavaserial-3.11.0.devel.jar:/home/travis/build/icyphy/ptII/vendors/j
3d/lib/Linux/j3dcore.jar:/home/travis/build/icyphy/ptII/vendors/j3d/lib/Linux/j
3dutils.jar:/home/travis/build/icyphy/ptII/vendors/j3d/lib/Linux/vecmath.jar:/h
ome/travis/build/icyphy/ptII/vendors/jogl/lib/Linux/gluegen-rt-natives-linux-am
d64.jar:/home/travis/build/icyphy/ptII/vendors/jogl/lib/Linux/gluegen-rt.jar:/h
ome/travis/build/icyphy/ptII/vendors/jogl/lib/Linux/jogl-all-natives-linux-amd6
4.jar:/home/travis/build/icyphy/ptII/vendors/jogl/lib/Linux/jogl-all.jar:/home/
travis/build/icyphy/ptII/ptolemy/distributed/jini/jar/jini-core.jar:/home/travi
s/build/icyphy/ptII/ptolemy/distributed/jini/jar/jini-ext.jar:/home/travis/buil
d/icyphy/ptII/ptolemy/distributed/jini/jar/sun-util.jar:/home/travis/build/icyp
hy/ptII/lib/protobuf-java-2.4.1.jar:/home/travis/build/icyphy/ptII/lib/org.ecli
pse.paho.client.mqttv3.jar:/home/travis/build/icyphy/ptII/lib/mapss.jar:/home/t
ravis/build/icyphy/ptII/ptolemy/actor/ptalon/antlr/antlr.jar:/home/travis/build
/icyphy/ptII/lib/JRI.jar:/home/travis/build/icyphy/ptII/lib/commons-lang-2.6.ja
r:/home/travis/build/icyphy/ptII/lib/commons-logging-1.1.1.jar:/home/travis/bui
ld/icyphy/ptII/lib/sootclasses.jar:/home/travis/build/icyphy/ptII/ptolemy/actor
/lib/database/mysql-connector-java-8.0.26.jar:/home/travis/build/icyphy/ptII/ve
ndors/misc/sphinx4/sphinx4-data-5prealpha.jar:/home/travis/build/icyphy/ptII/ve
ndors/misc/sphinx4/sphinx4-core-5prealpha.jar:/home/travis/build/icyphy/ptII/li
b/PDFRenderer.jar:/home/travis/build/icyphy/ptII/lib/svgSalamander.jar:/home/tr
avis/build/icyphy/ptII/lib/rsyntaxtextarea-2.6.0-SNAPSHOT.jar:/home/travis/buil
d/icyphy/ptII/lib/hazelcast-3.8.2.jar:/home/travis/build/icyphy/ptII/lib/jackso
n-annotations-2.9.0.jar:/home/travis/build/icyphy/ptII/lib/jackson-core-2.9.3.j
ar:/home/travis/build/icyphy/ptII/lib/jackson-databind-2.9.3.jar:/home/travis/b
uild/icyphy/ptII/lib/netty-buffer-4.1.19.Final.jar:/home/travis/build/icyphy/pt
II/lib/netty-codec-4.1.19.Final.jar:/home/travis/build/icyphy/ptII/lib/netty-co
dec-dns-4.1.19.Final.jar:/home/travis/build/icyphy/ptII/lib/netty-codec-http-4.
1.19.Final.jar:/home/travis/build/icyphy/ptII/lib/netty-codec-http2-4.1.19.Fina
l.jar:/home/travis/build/icyphy/ptII/lib/netty-common-4.1.19.Final.jar:/home/tr
avis/build/icyphy/ptII/lib/netty-handler-4.1.19.Final.jar:/home/travis/build/ic
yphy/ptII/lib/netty-resolver-4.1.19.Final.jar:/home/travis/build/icyphy/ptII/li
b/netty-resolver-dns-4.1.19.Final.jar:/home/travis/build/icyphy/ptII/lib/netty-
transport-4.1.19.Final.jar:/home/travis/build/icyphy/ptII/lib/vertx-codegen-3.5
.1.jar:/home/travis/build/icyphy/ptII/lib/vertx-core-3.5.2-SNAPSHOT.jar:/home/t
ravis/build/icyphy/ptII/lib/vertx-hazelcast-3.5.1.jar:/home/travis/build/icyphy
/ptII/lib/vertx-lang-js-3.5.1.jar:/home/travis/build/icyphy/ptII/lib/vertx-serv
ice-proxy-3.5.1.jar:/home/travis/build/icyphy/ptII/lib/vertx-web-3.5.1.jar:/hom
e/travis/build/icyphy/ptII/lib/slf4j-api-1.7.13.jar:/home/travis/build/icyphy/p
tII/lib/slf4j-simple-1.7.13.jar:/home/travis/build/icyphy/ptII/lib/webcam-captu
re-0.3.12.jar:/home/travis/build/icyphy/ptII/lib/bridj-0.7.0.jar:/home/travis/b
uild/icyphy/ptII/lib/xbjlib-1.1.0.nrjavaserial.jar:/home/travis/build/icyphy/pt
II/ptolemy/moml/test:/home/travis/build/icyphy/ptII/ant/lib/ant-launcher.jar:/h
ome/travis/build/icyphy/ptII/ant/lib/ant.jar:/home/travis/build/icyphy/ptII/ant
/lib/ant-junit.jar:/home/travis/build/icyphy/ptII/ant/lib/ant-junit4.jar:/home/
travis/build/icyphy/ptII ModularCodeGen5_A_profile.java
All Done
Writing ModularCodeGen5_A.java in file:/home/travis/cg/ (13769 characters)
Reading "ptolemy/cg/kernel/generic/program/procedural/java/modular/makefile.in",
    writing "/home/travis/cg/ModularCodeGen5_A.mk"
Using ptolemy/cg/kernel/generic/program/procedural/java/modular/makefile.in
In "/home/travis/cg", about to execute:
    make -f ModularCodeGen5_A.mk
javac -classpath ".:.."    ModularCodeGen5_A.java
All Done
5669 ms. Memory: 129024K Free: 26739K (21%)
----------------- Invoking toplevel() on ptolemy.moml.MoMLSimpleApplication@4e120e2e
----------------- Done invoking toplevel() on ptolemy.moml.MoMLSimpleApplication@4e120e2e
reloadAllAccessors: .ModularCodeGen5

===========================================================================================
----------------- testing Wed Sep 08 19:04:09 UTC 2021 /home/travis/build/icyphy/ptII/ptolemy/cg/lib/test/auto/ModularCodeGen6.xml
----------------- Instantiating /home/travis/build/icyphy/ptII/ptolemy/cg/lib/test/auto/ModularCodeGen6.xml
In "/home/travis/cg", about to execute:
    pwd
In "/home/travis/cg", about to execute:
    ls -l
/home/travis/cg
In "/home/travis/cg", about to execute:
    javac -classpath
.:/home/travis/build/icyphy/ptII:/home/travis/build/icyphy/ptII/lib/asm-all-5.2
.jar:/home/travis/build/icyphy/ptII/lib/nashorn-core-15.3.jar:/home/travis/buil
d/icyphy/ptII/lib/bsh-2.0b4.jar:/home/travis/build/icyphy/ptII/lib/ptCal.jar:/h
ome/travis/build/icyphy/ptII/lib/java_cup.jar:/home/travis/build/icyphy/ptII/li
b/saxon8.jar:/home/travis/build/icyphy/ptII/lib/saxon8-dom.jar:/home/travis/bui
ld/icyphy/ptII/lib/chic.jar:/home/travis/build/icyphy/ptII/lib/ptcolt.jar:/home
/travis/build/icyphy/ptII/vendors/misc/itext/iText.jar:/home/travis/build/icyph
y/ptII/lib/g4ltl.jar:/home/travis/build/icyphy/ptII/lib/StructuralCoder.jar:/ho
me/travis/build/icyphy/ptII/lib/jcerti.jar:/home/travis/build/icyphy/ptII/lib/j
avax.mail.jar:/home/travis/build/icyphy/ptII/vendors/JMF-2.1.1e/lib/jmf.jar:/ho
me/travis/build/icyphy/ptII/lib/jna-4.0.0-variadic.jar:/home/travis/build/icyph
y/ptII/vendors/misc/joystick/Joystick.jar:/home/travis/build/icyphy/ptII/lib/pt
jacl.jar:/home/travis/build/icyphy/ptII/lib/jsoup-1.14.2.jar:/home/travis/build
/icyphy/ptII/lib/junit-4.8.2.jar:/home/travis/build/icyphy/ptII/lib/JUnitParams
-0.4.0.jar:/home/travis/build/icyphy/ptII/ptolemy/actor/lib/excel/jxl.jar:/home
/travis/build/icyphy/ptII/lib/jython.jar:/home/travis/build/icyphy/ptII/lib/kie
ler.jar:/home/travis/build/icyphy/ptII/vendors/opencv/share/OpenCV/java/opencv-
341.jar:/home/travis/build/icyphy/ptII/lib/oscP5.jar:/home/travis/build/icyphy/
ptII/lib/nrjavaserial-3.11.0.devel.jar:/home/travis/build/icyphy/ptII/vendors/j
3d/lib/Linux/j3dcore.jar:/home/travis/build/icyphy/ptII/vendors/j3d/lib/Linux/j
3dutils.jar:/home/travis/build/icyphy/ptII/vendors/j3d/lib/Linux/vecmath.jar:/h
ome/travis/build/icyphy/ptII/vendors/jogl/lib/Linux/gluegen-rt-natives-linux-am
d64.jar:/home/travis/build/icyphy/ptII/vendors/jogl/lib/Linux/gluegen-rt.jar:/h
ome/travis/build/icyphy/ptII/vendors/jogl/lib/Linux/jogl-all-natives-linux-amd6
4.jar:/home/travis/build/icyphy/ptII/vendors/jogl/lib/Linux/jogl-all.jar:/home/
travis/build/icyphy/ptII/ptolemy/distributed/jini/jar/jini-core.jar:/home/travi
s/build/icyphy/ptII/ptolemy/distributed/jini/jar/jini-ext.jar:/home/travis/buil
d/icyphy/ptII/ptolemy/distributed/jini/jar/sun-util.jar:/home/travis/build/icyp
hy/ptII/lib/protobuf-java-2.4.1.jar:/home/travis/build/icyphy/ptII/lib/org.ecli
pse.paho.client.mqttv3.jar:/home/travis/build/icyphy/ptII/lib/mapss.jar:/home/t
ravis/build/icyphy/ptII/ptolemy/actor/ptalon/antlr/antlr.jar:/home/travis/build
/icyphy/ptII/lib/JRI.jar:/home/travis/build/icyphy/ptII/lib/commons-lang-2.6.ja
r:/home/travis/build/icyphy/ptII/lib/commons-logging-1.1.1.jar:/home/travis/bui
ld/icyphy/ptII/lib/sootclasses.jar:/home/travis/build/icyphy/ptII/ptolemy/actor
/lib/database/mysql-connector-java-8.0.26.jar:/home/travis/build/icyphy/ptII/ve
ndors/misc/sphinx4/sphinx4-data-5prealpha.jar:/home/travis/build/icyphy/ptII/ve
ndors/misc/sphinx4/sphinx4-core-5prealpha.jar:/home/travis/build/icyphy/ptII/li
b/PDFRenderer.jar:/home/travis/build/icyphy/ptII/lib/svgSalamander.jar:/home/tr
avis/build/icyphy/ptII/lib/rsyntaxtextarea-2.6.0-SNAPSHOT.jar:/home/travis/buil
d/icyphy/ptII/lib/hazelcast-3.8.2.jar:/home/travis/build/icyphy/ptII/lib/jackso
n-annotations-2.9.0.jar:/home/travis/build/icyphy/ptII/lib/jackson-core-2.9.3.j
ar:/home/travis/build/icyphy/ptII/lib/jackson-databind-2.9.3.jar:/home/travis/b
uild/icyphy/ptII/lib/netty-buffer-4.1.19.Final.jar:/home/travis/build/icyphy/pt
II/lib/netty-codec-4.1.19.Final.jar:/home/travis/build/icyphy/ptII/lib/netty-co
dec-dns-4.1.19.Final.jar:/home/travis/build/icyphy/ptII/lib/netty-codec-http-4.
1.19.Final.jar:/home/travis/build/icyphy/ptII/lib/netty-codec-http2-4.1.19.Fina
l.jar:/home/travis/build/icyphy/ptII/lib/netty-common-4.1.19.Final.jar:/home/tr
avis/build/icyphy/ptII/lib/netty-handler-4.1.19.Final.jar:/home/travis/build/ic
yphy/ptII/lib/netty-resolver-4.1.19.Final.jar:/home/travis/build/icyphy/ptII/li
b/netty-resolver-dns-4.1.19.Final.jar:/home/travis/build/icyphy/ptII/lib/netty-
transport-4.1.19.Final.jar:/home/travis/build/icyphy/ptII/lib/vertx-codegen-3.5
.1.jar:/home/travis/build/icyphy/ptII/lib/vertx-core-3.5.2-SNAPSHOT.jar:/home/t
ravis/build/icyphy/ptII/lib/vertx-hazelcast-3.5.1.jar:/home/travis/build/icyphy
/ptII/lib/vertx-lang-js-3.5.1.jar:/home/travis/build/icyphy/ptII/lib/vertx-serv
ice-proxy-3.5.1.jar:/home/travis/build/icyphy/ptII/lib/vertx-web-3.5.1.jar:/hom
e/travis/build/icyphy/ptII/lib/slf4j-api-1.7.13.jar:/home/travis/build/icyphy/p
tII/lib/slf4j-simple-1.7.13.jar:/home/travis/build/icyphy/ptII/lib/webcam-captu
re-0.3.12.jar:/home/travis/build/icyphy/ptII/lib/bridj-0.7.0.jar:/home/travis/b
uild/icyphy/ptII/lib/xbjlib-1.1.0.nrjavaserial.jar:/home/travis/build/icyphy/pt
II/ptolemy/moml/test:/home/travis/build/icyphy/ptII/ant/lib/ant-launcher.jar:/h
ome/travis/build/icyphy/ptII/ant/lib/ant.jar:/home/travis/build/icyphy/ptII/ant
/lib/ant-junit.jar:/home/travis/build/icyphy/ptII/ant/lib/ant-junit4.jar:/home/
travis/build/icyphy/ptII ModularCodeGen6_A_A_profile.java
total 2200
drwxrwxr-x   3 travis travis  12288 Sep  8 18:57 AbsoluteValue
drwxrwxr-x   3 travis travis 102400 Sep  8 18:56 AllColt
drwxrwxr-x   3 travis travis  12288 Sep  8 18:57 Case1
-rw-rw-r--   1 travis travis   5128 Sep  8 19:02 CompiledCompositeActor_CompiledCompositeActor.class
-rw-rw-r--   1 travis travis   1611 Sep  8 19:02 CompiledCompositeActor_CompiledCompositeActor$_CompiledCompositeActor_CompiledCompositeActor.class
-rw-rw-r--   1 travis travis  13466 Sep  8 19:02 CompiledCompositeActor_CompiledCompositeActor.java
-rw-rw-r--   1 travis travis   1593 Sep  8 19:02 CompiledCompositeActor_CompiledCompositeActor.mk
drwxrwxr-x   5 travis travis   4096 Sep  8 18:56 fmi
drwxrwxr-x   3 travis travis  16384 Sep  8 18:57 Gaussian2
-rw-rw-r--   1 travis travis   4684 Sep  8 19:02 JavaCompiledCompositeTest1_CompiledCompositeActor.class
-rw-rw-r--   1 travis travis  11637 Sep  8 19:02 JavaCompiledCompositeTest1_CompiledCompositeActor.java
-rw-rw-r--   1 travis travis   1217 Sep  8 19:02 JavaCompiledCompositeTest1_CompiledCompositeActor$_JavaCompiledCompositeTest1_CompiledCompositeActor.class
-rw-rw-r--   1 travis travis   1625 Sep  8 19:02 JavaCompiledCompositeTest1_CompiledCompositeActor.mk
-rw-rw-r--   1 travis travis   5115 Sep  8 19:02 JavaCompiledCompositeTest2_CompiledCompositeActor.class
-rw-rw-r--   1 travis travis  14919 Sep  8 19:02 JavaCompiledCompositeTest2_CompiledCompositeActor.java
-rw-rw-r--   1 travis travis   1812 Sep  8 19:02 JavaCompiledCompositeTest2_CompiledCompositeActor$_JavaCompiledCompositeTest2_CompiledCompositeActor.class
-rw-rw-r--   1 travis travis   1625 Sep  8 19:02 JavaCompiledCompositeTest2_CompiledCompositeActor.mk
-rw-rw-r--   1 travis travis   4732 Sep  8 19:02 JavaCompiledCompositeTest3_CompiledCompositeActor.class
-rw-rw-r--   1 travis travis  13080 Sep  8 19:02 JavaCompiledCompositeTest3_CompiledCompositeActor.java
-rw-rw-r--   1 travis travis   1397 Sep  8 19:02 JavaCompiledCompositeTest3_CompiledCompositeActor$_JavaCompiledCompositeTest3_CompiledCompositeActor.class
-rw-rw-r--   1 travis travis   1625 Sep  8 19:02 JavaCompiledCompositeTest3_CompiledCompositeActor.mk
-rw-rw-r--   1 travis travis   4183 Sep  8 19:03 JavaCompiledCompositeTest4_CompiledCompositeActor.class
-rw-rw-r--   1 travis travis   9687 Sep  8 19:02 JavaCompiledCompositeTest4_CompiledCompositeActor.java
-rw-rw-r--   1 travis travis    876 Sep  8 19:03 JavaCompiledCompositeTest4_CompiledCompositeActor$_JavaCompiledCompositeTest4_CompiledCompositeActor.class
-rw-rw-r--   1 travis travis   1625 Sep  8 19:02 JavaCompiledCompositeTest4_CompiledCompositeActor.mk
drwxrwxr-x   3 travis travis  12288 Sep  8 18:58 LookupTable
drwxrwxr-x   3 travis travis  20480 Sep  8 18:58 MaxIndex
-rw-rw-r--   1 travis travis   3925 Sep  8 19:03 ModularCG_A1_B1.class
-rw-rw-r--   1 travis travis   9730 Sep  8 19:03 ModularCG_A1_B1.java
-rw-rw-r--   1 travis travis    832 Sep  8 19:03 ModularCG_A1_B1.mk
-rw-rw-r--   1 travis travis   1318 Sep  8 19:03 ModularCG_A1_B1_profile.class
-rw-rw-r--   1 travis travis   1262 Sep  8 19:03 ModularCG_A1_B1_profile.java
-rw-rw-r--   1 travis travis   3925 Sep  8 19:03 ModularCG_A1_B2.class
-rw-rw-r--   1 travis travis   9730 Sep  8 19:03 ModularCG_A1_B2.java
-rw-rw-r--   1 travis travis    832 Sep  8 19:03 ModularCG_A1_B2.mk
-rw-rw-r--   1 travis travis   1318 Sep  8 19:03 ModularCG_A1_B2_profile.class
-rw-rw-r--   1 travis travis   1262 Sep  8 19:03 ModularCG_A1_B2_profile.java
-rw-rw-r--   1 travis travis   5031 Sep  8 19:03 ModularCG_A1.class
-rw-rw-r--   1 travis travis  14742 Sep  8 19:03 ModularCG_A1.java
-rw-rw-r--   1 travis travis    808 Sep  8 19:03 ModularCG_A1.mk
-rw-rw-r--   1 travis travis   1433 Sep  8 19:03 ModularCG_A1_profile.class
-rw-rw-r--   1 travis travis   1704 Sep  8 19:03 ModularCG_A1_profile.java
-rw-rw-r--   1 travis travis   4059 Sep  8 19:03 ModularCG_A2_B1.class
-rw-rw-r--   1 travis travis  10667 Sep  8 19:03 ModularCG_A2_B1.java
-rw-rw-r--   1 travis travis    832 Sep  8 19:03 ModularCG_A2_B1.mk
-rw-rw-r--   1 travis travis   1381 Sep  8 19:03 ModularCG_A2_B1_profile.class
-rw-rw-r--   1 travis travis   1446 Sep  8 19:03 ModularCG_A2_B1_profile.java
-rw-rw-r--   1 travis travis   3925 Sep  8 19:03 ModularCG_A2_B2.class
-rw-rw-r--   1 travis travis   9730 Sep  8 19:03 ModularCG_A2_B2.java
-rw-rw-r--   1 travis travis    832 Sep  8 19:03 ModularCG_A2_B2.mk
-rw-rw-r--   1 travis travis   1318 Sep  8 19:03 ModularCG_A2_B2_profile.class
-rw-rw-r--   1 travis travis   1262 Sep  8 19:03 ModularCG_A2_B2_profile.java
-rw-rw-r--   1 travis travis   5102 Sep  8 19:03 ModularCG_A2.class
-rw-rw-r--   1 travis travis  15129 Sep  8 19:03 ModularCG_A2.java
-rw-rw-r--   1 travis travis    808 Sep  8 19:03 ModularCG_A2.mk
-rw-rw-r--   1 travis travis   1433 Sep  8 19:03 ModularCG_A2_profile.class
-rw-rw-r--   1 travis travis   1704 Sep  8 19:03 ModularCG_A2_profile.java
-rw-rw-r--   1 travis travis   3705 Sep  8 19:03 ModularCGPubSub_A1_A2.class
-rw-rw-r--   1 travis travis   9076 Sep  8 19:03 ModularCGPubSub_A1_A2.java
-rw-rw-r--   1 travis travis    880 Sep  8 19:03 ModularCGPubSub_A1_A2.mk
-rw-rw-r--   1 travis travis   1300 Sep  8 19:03 ModularCGPubSub_A1_A2_profile.class
-rw-rw-r--   1 travis travis   1222 Sep  8 19:03 ModularCGPubSub_A1_A2_profile.java
-rw-rw-r--   1 travis travis   4022 Sep  8 19:03 ModularCGPubSub_A1.class
-rw-rw-r--   1 travis travis   9836 Sep  8 19:03 ModularCGPubSub_A1.java
-rw-rw-r--   1 travis travis    856 Sep  8 19:03 ModularCGPubSub_A1.mk
-rw-rw-r--   1 travis travis   1346 Sep  8 19:03 ModularCGPubSub_A1_profile.class
-rw-rw-r--   1 travis travis   1388 Sep  8 19:03 ModularCGPubSub_A1_profile.java
-rw-rw-r--   1 travis travis   4220 Sep  8 19:03 ModularCodeGen2_ModularCodeGenTypedCompositeActor.class
-rw-rw-r--   1 travis travis  11690 Sep  8 19:03 ModularCodeGen2_ModularCodeGenTypedCompositeActor.java
-rw-rw-r--   1 travis travis   1104 Sep  8 19:03 ModularCodeGen2_ModularCodeGenTypedCompositeActor.mk
-rw-rw-r--   1 travis travis   4504 Sep  8 19:03 ModularCodeGen2_ModularCodeGenTypedCompositeActor_ModularCodeGenTypedCompositeActor.class
-rw-rw-r--   1 travis travis  11790 Sep  8 19:03 ModularCodeGen2_ModularCodeGenTypedCompositeActor_ModularCodeGenTypedCompositeActor.java
-rw-rw-r--   1 travis travis   1376 Sep  8 19:03 ModularCodeGen2_ModularCodeGenTypedCompositeActor_ModularCodeGenTypedCompositeActor.mk
-rw-rw-r--   1 travis travis   1421 Sep  8 19:03 ModularCodeGen2_ModularCodeGenTypedCompositeActor_ModularCodeGenTypedCompositeActor_profile.class
-rw-rw-r--   1 travis travis   1294 Sep  8 19:03 ModularCodeGen2_ModularCodeGenTypedCompositeActor_ModularCodeGenTypedCompositeActor_profile.java
-rw-rw-r--   1 travis travis    820 Sep  8 19:03 ModularCodeGen2_ModularCodeGenTypedCompositeActor_profile.class
-rw-rw-r--   1 travis travis    693 Sep  8 19:03 ModularCodeGen2_ModularCodeGenTypedCompositeActor_profile.java
-rw-rw-r--   1 travis travis   3973 Sep  8 19:03 ModularCodeGen3_A1_B1.class
-rw-rw-r--   1 travis travis   9958 Sep  8 19:03 ModularCodeGen3_A1_B1.java
-rw-rw-r--   1 travis travis    880 Sep  8 19:03 ModularCodeGen3_A1_B1.mk
-rw-rw-r--   1 travis travis   1330 Sep  8 19:03 ModularCodeGen3_A1_B1_profile.class
-rw-rw-r--   1 travis travis   1274 Sep  8 19:03 ModularCodeGen3_A1_B1_profile.java
-rw-rw-r--   1 travis travis   3973 Sep  8 19:03 ModularCodeGen3_A1_B2.class
-rw-rw-r--   1 travis travis   9958 Sep  8 19:03 ModularCodeGen3_A1_B2.java
-rw-rw-r--   1 travis travis    880 Sep  8 19:03 ModularCodeGen3_A1_B2.mk
-rw-rw-r--   1 travis travis   1330 Sep  8 19:03 ModularCodeGen3_A1_B2_profile.class
-rw-rw-r--   1 travis travis   1274 Sep  8 19:03 ModularCodeGen3_A1_B2_profile.java
-rw-rw-r--   1 travis travis   5193 Sep  8 19:03 ModularCodeGen3_A1.class
-rw-rw-r--   1 travis travis  15564 Sep  8 19:03 ModularCodeGen3_A1.java
-rw-rw-r--   1 travis travis    856 Sep  8 19:03 ModularCodeGen3_A1.mk
-rw-rw-r--   1 travis travis   1445 Sep  8 19:03 ModularCodeGen3_A1_profile.class
-rw-rw-r--   1 travis travis   1716 Sep  8 19:03 ModularCodeGen3_A1_profile.java
-rw-rw-r--   1 travis travis   4119 Sep  8 19:03 ModularCodeGen3_A2_B1.class
-rw-rw-r--   1 travis travis  10955 Sep  8 19:03 ModularCodeGen3_A2_B1.java
-rw-rw-r--   1 travis travis    880 Sep  8 19:03 ModularCodeGen3_A2_B1.mk
-rw-rw-r--   1 travis travis   1393 Sep  8 19:03 ModularCodeGen3_A2_B1_profile.class
-rw-rw-r--   1 travis travis   1458 Sep  8 19:03 ModularCodeGen3_A2_B1_profile.java
-rw-rw-r--   1 travis travis   3973 Sep  8 19:03 ModularCodeGen3_A2_B2.class
-rw-rw-r--   1 travis travis   9958 Sep  8 19:03 ModularCodeGen3_A2_B2.java
-rw-rw-r--   1 travis travis    880 Sep  8 19:03 ModularCodeGen3_A2_B2.mk
-rw-rw-r--   1 travis travis   1330 Sep  8 19:03 ModularCodeGen3_A2_B2_profile.class
-rw-rw-r--   1 travis travis   1274 Sep  8 19:03 ModularCodeGen3_A2_B2_profile.java
-rw-rw-r--   1 travis travis   5270 Sep  8 19:03 ModularCodeGen3_A2.class
-rw-rw-r--   1 travis travis  15957 Sep  8 19:03 ModularCodeGen3_A2.java
-rw-rw-r--   1 travis travis    856 Sep  8 19:03 ModularCodeGen3_A2.mk
-rw-rw-r--   1 travis travis   1445 Sep  8 19:03 ModularCodeGen3_A2_profile.class
-rw-rw-r--   1 travis travis   1716 Sep  8 19:03 ModularCodeGen3_A2_profile.java
-rw-rw-r--   1 travis travis   4026 Sep  8 19:03 ModularCodeGen4_A1_B1.class
-rw-rw-r--   1 travis travis  10312 Sep  8 19:03 ModularCodeGen4_A1_B1.java
-rw-rw-r--   1 travis travis    880 Sep  8 19:03 ModularCodeGen4_A1_B1.mk
-rw-rw-r--   1 travis travis   1330 Sep  8 19:03 ModularCodeGen4_A1_B1_profile.class
-rw-rw-r--   1 travis travis   1273 Sep  8 19:03 ModularCodeGen4_A1_B1_profile.java
-rw-rw-r--   1 travis travis   4026 Sep  8 19:03 ModularCodeGen4_A1_B2.class
-rw-rw-r--   1 travis travis  10312 Sep  8 19:03 ModularCodeGen4_A1_B2.java
-rw-rw-r--   1 travis travis    880 Sep  8 19:03 ModularCodeGen4_A1_B2.mk
-rw-rw-r--   1 travis travis   1330 Sep  8 19:03 ModularCodeGen4_A1_B2_profile.class
-rw-rw-r--   1 travis travis   1273 Sep  8 19:03 ModularCodeGen4_A1_B2_profile.java
-rw-rw-r--   1 travis travis   5333 Sep  8 19:03 ModularCodeGen4_A1.class
-rw-rw-r--   1 travis travis  16245 Sep  8 19:03 ModularCodeGen4_A1.java
-rw-rw-r--   1 travis travis    856 Sep  8 19:03 ModularCodeGen4_A1.mk
-rw-rw-r--   1 travis travis   1445 Sep  8 19:03 ModularCodeGen4_A1_profile.class
-rw-rw-r--   1 travis travis   1712 Sep  8 19:03 ModularCodeGen4_A1_profile.java
-rw-rw-r--   1 travis travis   4220 Sep  8 19:03 ModularCodeGen4_A2_B1.class
-rw-rw-r--   1 travis travis  11375 Sep  8 19:03 ModularCodeGen4_A2_B1.java
-rw-rw-r--   1 travis travis    880 Sep  8 19:03 ModularCodeGen4_A2_B1.mk
-rw-rw-r--   1 travis travis   1393 Sep  8 19:03 ModularCodeGen4_A2_B1_profile.class
-rw-rw-r--   1 travis travis   1454 Sep  8 19:03 ModularCodeGen4_A2_B1_profile.java
-rw-rw-r--   1 travis travis   4074 Sep  8 19:04 ModularCodeGen4_A2_B2.class
-rw-rw-r--   1 travis travis  10378 Sep  8 19:04 ModularCodeGen4_A2_B2.java
-rw-rw-r--   1 travis travis    880 Sep  8 19:04 ModularCodeGen4_A2_B2.mk
-rw-rw-r--   1 travis travis   1330 Sep  8 19:04 ModularCodeGen4_A2_B2_profile.class
-rw-rw-r--   1 travis travis   1270 Sep  8 19:03 ModularCodeGen4_A2_B2_profile.java
-rw-rw-r--   1 travis travis   5506 Sep  8 19:04 ModularCodeGen4_A2.class
-rw-rw-r--   1 travis travis  16770 Sep  8 19:04 ModularCodeGen4_A2.java
-rw-rw-r--   1 travis travis    856 Sep  8 19:04 ModularCodeGen4_A2.mk
-rw-rw-r--   1 travis travis   1445 Sep  8 19:04 ModularCodeGen4_A2_profile.class
-rw-rw-r--   1 travis travis   1712 Sep  8 19:04 ModularCodeGen4_A2_profile.java
-rw-rw-r--   1 travis travis   7070 Sep  8 19:04 ModularCodeGen5_A_A.class
-rw-rw-r--   1 travis travis  28721 Sep  8 19:04 ModularCodeGen5_A_A.java
-rw-rw-r--   1 travis travis    864 Sep  8 19:04 ModularCodeGen5_A_A.mk
-rw-rw-r--   1 travis travis   1520 Sep  8 19:04 ModularCodeGen5_A_A_profile.class
-rw-rw-r--   1 travis travis   1815 Sep  8 19:04 ModularCodeGen5_A_A_profile.java
-rw-rw-r--   1 travis travis   5347 Sep  8 19:04 ModularCodeGen5_A.class
-rw-rw-r--   1 travis travis  13769 Sep  8 19:04 ModularCodeGen5_A.java
-rw-rw-r--   1 travis travis    848 Sep  8 19:04 ModularCodeGen5_A.mk
-rw-rw-r--   1 travis travis   1422 Sep  8 19:04 ModularCodeGen5_A_profile.class
-rw-rw-r--   1 travis travis   1605 Sep  8 19:04 ModularCodeGen5_A_profile.java
-rw-rw-r--   1 travis travis   1361 Sep  8 19:04 ModularCodeGen6_A_A_profile.java
-rw-rw-r--   1 travis travis   4186 Sep  8 19:03 ModularCodeGen_ModularCodeGenTypedCompositeActor.class
-rw-rw-r--   1 travis travis  10970 Sep  8 19:03 ModularCodeGen_ModularCodeGenTypedCompositeActor.java
-rw-rw-r--   1 travis travis   1096 Sep  8 19:03 ModularCodeGen_ModularCodeGenTypedCompositeActor.mk
-rw-rw-r--   1 travis travis   1384 Sep  8 19:03 ModularCodeGen_ModularCodeGenTypedCompositeActor_profile.class
-rw-rw-r--   1 travis travis   1328 Sep  8 19:03 ModularCodeGen_ModularCodeGenTypedCompositeActor_profile.java
-rw-rw-r--   1 travis travis   3724 Sep  8 19:02 ModularCodeGenTest_A1_A2.class
-rw-rw-r--   1 travis travis   9164 Sep  8 19:02 ModularCodeGenTest_A1_A2.java
-rw-rw-r--   1 travis travis   1306 Sep  8 19:02 ModularCodeGenTest_A1_A2_profile.class
-rw-rw-r--   1 travis travis   4055 Sep  8 19:02 ModularCodeGenTest_A1.class
-rw-rw-r--   1 travis travis   9968 Sep  8 19:02 ModularCodeGenTest_A1.java
-rw-rw-r--   1 travis travis    880 Sep  8 19:02 ModularCodeGenTest_A1.mk
-rw-rw-r--   1 travis travis   1352 Sep  8 19:02 ModularCodeGenTest_A1_profile.class
-rw-rw-r--   1 travis travis   1394 Sep  8 19:02 ModularCodeGenTest_A1_profile.java
drwxrwxr-x   3 travis travis  32768 Sep  8 19:02 modulation2
drwxrwxr-x 188 travis travis  12288 Sep  8 19:02 node_modules
drwxrwxr-x   3 travis travis  20480 Sep  8 18:58 PhaseUnwrap
drwxrwxr-x   3 travis travis  12288 Sep  8 18:59 ReadFile1
-rw-rw-r--   1 travis travis     11 Sep  8 18:58 ReadFile1Output.txt
-rw-rw-r--   1 travis travis  13773 Sep  8 19:02 Repeat.class
-rw-rw-r--   1 travis travis    685 Sep  8 19:02 Repeat$_fireFunction_Repeat_Repeat$__f_sL_11.class
-rw-rw-r--   1 travis travis    541 Sep  8 19:02 Repeat$_fireFunction_Repeat_Repeat$__f_sL_12.class
-rw-rw-r--   1 travis travis    541 Sep  8 19:02 Repeat$_fireFunction_Repeat_Repeat$__f_sL_13.class
-rw-rw-r--   1 travis travis    541 Sep  8 19:02 Repeat$_fireFunction_Repeat_Repeat$__f_sL_14.class
-rw-rw-r--   1 travis travis    684 Sep  8 19:02 Repeat$_fireFunction_Repeat_Repeat$__f_sL_1.class
-rw-rw-r--   1 travis travis    683 Sep  8 19:02 Repeat$_fireFunction_Repeat_Repeat$__f_sL_4.class
-rw-rw-r--   1 travis travis    539 Sep  8 19:02 Repeat$_fireFunction_Repeat_Repeat$__f_sL_9.class
-rw-rw-r--   1 travis travis    494 Sep  8 19:02 Repeat$_initialize_Repeat$__i_sL_2.class
-rw-rw-r--   1 travis travis   1281 Sep  8 19:02 Repeat.mk
-rw-rw-r--   1 travis travis    539 Sep  8 19:02 Repeat$_preinitializeMethod_Repeat$__p_sL_0.class
-rw-rw-r--   1 travis travis   1102 Sep  8 19:02 Repeat$_Repeat$_fireFunction_Repeat_AddSubtract_Repeat.class
-rw-rw-r--   1 travis travis    810 Sep  8 19:02 Repeat$_Repeat$_fireFunction_Repeat_AddSubtract_Repeat$__f_sL_0.class
-rw-rw-r--   1 travis travis    928 Sep  8 19:02 Repeat$_Repeat$_fireFunction_Repeat_AddSubtract_Repeat$__f_sL_1.class
-rw-rw-r--   1 travis travis    934 Sep  8 19:02 Repeat$_Repeat$_fireFunction_Repeat_AddSubtract_Repeat$__f_sL_2.class
-rw-rw-r--   1 travis travis    862 Sep  8 19:02 Repeat$_Repeat$_fireFunction_Repeat_AddSubtract_Repeat$__f_sL_3.class
-rw-rw-r--   1 travis travis    757 Sep  8 19:02 Repeat$_Repeat$_fireFunction_Repeat_Ramp2_Repeat$__f_sL_0.class
-rw-rw-r--   1 travis travis    888 Sep  8 19:02 Repeat$_Repeat$_fireFunction_Repeat_Test_Repeat$__f_sL_0.class
-rw-rw-r--   1 travis travis    634 Sep  8 19:02 Repeat$_Repeat$_fireFunction_Repeat_Test_Repeat$__f_sL_1.class
-rw-rw-r--   1 travis travis    704 Sep  8 19:02 Repeat$_Repeat_SDF_Director_run_Repeat$__R_sL_0.class
-rw-rw-r--   1 travis travis    705 Sep  8 19:02 Repeat$_Repeat_SDF_Director_run_Repeat$__R_sL_11.class
-rw-rw-r--   1 travis travis    561 Sep  8 19:02 Repeat$_Repeat_SDF_Director_run_Repeat$__R_sL_13.class
-rw-rw-r--   1 travis travis    559 Sep  8 19:02 Repeat$_Repeat_SDF_Director_run_Repeat$__R_sL_2.class
-rw-rw-r--   1 travis travis    703 Sep  8 19:02 Repeat$_Repeat_SDF_Director_run_Repeat$__R_sL_3.class
-rw-rw-r--   1 travis travis    559 Sep  8 19:02 Repeat$_Repeat_SDF_Director_run_Repeat$__R_sL_5.class
-rw-rw-r--   1 travis travis    559 Sep  8 19:02 Repeat$_Repeat_SDF_Director_run_Repeat$__R_sL_8.class
drwxrwxr-x   2 travis travis   4096 Sep  8 19:02 RepeatVariables
-rw-rw-r--   1 travis travis    882 Sep  8 19:02 Repeat$_varinit_Repeat.class
-rw-rw-r--   1 travis travis    550 Sep  8 19:02 Repeat$_varinit_Repeat$__v_sL_2.class
-rw-rw-r--   1 travis travis    924 Sep  8 19:02 Repeat$_varinit_Repeat$__v_sL_4.class
-rw-rw-r--   1 travis travis    978 Sep  8 19:02 Repeat$_wrapup_Repeat$__w_sL_1.class
drwxrwxr-x   3 travis travis  20480 Sep  8 18:59 Sinewave
drwxrwxr-x   3 travis travis  32768 Sep  8 19:00 StringFunction
drwxrwxr-x   3 travis travis  12288 Sep  8 19:00 StringLength
drwxrwxr-x   3 travis travis  61440 Sep  8 19:00 StringMatches2
drwxrwxr-x   3 travis travis  61440 Sep  8 19:01 StringSimpleReplace
drwxrwxr-x   3 travis travis  65536 Sep  8 19:01 StringSubstring
drwxrwxr-x   3 travis travis  24576 Sep  8 19:01 StringSubstring2
drwxrwxr-x   3 travis travis  16384 Sep  8 19:02 time1
drwxrwxr-x   3 travis travis  12288 Sep  8 19:02 time5
-rw-rw-r--   1 travis travis    432 Sep  8 19:04 Token.class
-rw-rw-r--   1 travis travis    251 Sep  8 19:04 Token.java
-rwxrwxr-x   1 travis travis 466992 Sep  8 18:56 top
-rw-rw-r--   1 travis travis  20502 Sep  8 18:56 top.c
-rw-rw-r--   1 travis travis   3799 Sep  8 19:02 top.class
-rw-rw-r--   1 travis travis   1257 Sep  8 19:02 top.mk
All Done
Writing ModularCodeGen6_A_A.java in file:/home/travis/cg/ (11221 characters)
Reading "ptolemy/cg/kernel/generic/program/procedural/java/modular/makefile.in",
    writing "/home/travis/cg/ModularCodeGen6_A_A.mk"
Using ptolemy/cg/kernel/generic/program/procedural/java/modular/makefile.in
In "/home/travis/cg", about to execute:
    make -f ModularCodeGen6_A_A.mk
javac -classpath ".:.."    ModularCodeGen6_A_A.java
All Done
In "/home/travis/cg", about to execute:
    pwd
In "/home/travis/cg", about to execute:
    ls -l
/home/travis/cg
total 2232
drwxrwxr-x   3 travis travis  12288 Sep  8 18:57 AbsoluteValue
drwxrwxr-x   3 travis travis 102400 Sep  8 18:56 AllColt
drwxrwxr-x   3 travis travis  12288 Sep  8 18:57 Case1
-rw-rw-r--   1 travis travis   5128 Sep  8 19:02 CompiledCompositeActor_CompiledCompositeActor.class
-rw-rw-r--   1 travis travis   1611 Sep  8 19:02 CompiledCompositeActor_CompiledCompositeActor$_CompiledCompositeActor_CompiledCompositeActor.class
-rw-rw-r--   1 travis travis  13466 Sep  8 19:02 CompiledCompositeActor_CompiledCompositeActor.java
-rw-rw-r--   1 travis travis   1593 Sep  8 19:02 CompiledCompositeActor_CompiledCompositeActor.mk
drwxrwxr-x   5 travis travis   4096 Sep  8 18:56 fmi
drwxrwxr-x   3 travis travis  16384 Sep  8 18:57 Gaussian2
-rw-rw-r--   1 travis travis   4684 Sep  8 19:02 JavaCompiledCompositeTest1_CompiledCompositeActor.class
-rw-rw-r--   1 travis travis  11637 Sep  8 19:02 JavaCompiledCompositeTest1_CompiledCompositeActor.java
-rw-rw-r--   1 travis travis   1217 Sep  8 19:02 JavaCompiledCompositeTest1_CompiledCompositeActor$_JavaCompiledCompositeTest1_CompiledCompositeActor.class
-rw-rw-r--   1 travis travis   1625 Sep  8 19:02 JavaCompiledCompositeTest1_CompiledCompositeActor.mk
-rw-rw-r--   1 travis travis   5115 Sep  8 19:02 JavaCompiledCompositeTest2_CompiledCompositeActor.class
-rw-rw-r--   1 travis travis  14919 Sep  8 19:02 JavaCompiledCompositeTest2_CompiledCompositeActor.java
-rw-rw-r--   1 travis travis   1812 Sep  8 19:02 JavaCompiledCompositeTest2_CompiledCompositeActor$_JavaCompiledCompositeTest2_CompiledCompositeActor.class
-rw-rw-r--   1 travis travis   1625 Sep  8 19:02 JavaCompiledCompositeTest2_CompiledCompositeActor.mk
-rw-rw-r--   1 travis travis   4732 Sep  8 19:02 JavaCompiledCompositeTest3_CompiledCompositeActor.class
-rw-rw-r--   1 travis travis  13080 Sep  8 19:02 JavaCompiledCompositeTest3_CompiledCompositeActor.java
-rw-rw-r--   1 travis travis   1397 Sep  8 19:02 JavaCompiledCompositeTest3_CompiledCompositeActor$_JavaCompiledCompositeTest3_CompiledCompositeActor.class
-rw-rw-r--   1 travis travis   1625 Sep  8 19:02 JavaCompiledCompositeTest3_CompiledCompositeActor.mk
-rw-rw-r--   1 travis travis   4183 Sep  8 19:03 JavaCompiledCompositeTest4_CompiledCompositeActor.class
-rw-rw-r--   1 travis travis   9687 Sep  8 19:02 JavaCompiledCompositeTest4_CompiledCompositeActor.java
-rw-rw-r--   1 travis travis    876 Sep  8 19:03 JavaCompiledCompositeTest4_CompiledCompositeActor$_JavaCompiledCompositeTest4_CompiledCompositeActor.class
-rw-rw-r--   1 travis travis   1625 Sep  8 19:02 JavaCompiledCompositeTest4_CompiledCompositeActor.mk
drwxrwxr-x   3 travis travis  12288 Sep  8 18:58 LookupTable
drwxrwxr-x   3 travis travis  20480 Sep  8 18:58 MaxIndex
-rw-rw-r--   1 travis travis   3925 Sep  8 19:03 ModularCG_A1_B1.class
-rw-rw-r--   1 travis travis   9730 Sep  8 19:03 ModularCG_A1_B1.java
-rw-rw-r--   1 travis travis    832 Sep  8 19:03 ModularCG_A1_B1.mk
-rw-rw-r--   1 travis travis   1318 Sep  8 19:03 ModularCG_A1_B1_profile.class
-rw-rw-r--   1 travis travis   1262 Sep  8 19:03 ModularCG_A1_B1_profile.java
-rw-rw-r--   1 travis travis   3925 Sep  8 19:03 ModularCG_A1_B2.class
-rw-rw-r--   1 travis travis   9730 Sep  8 19:03 ModularCG_A1_B2.java
-rw-rw-r--   1 travis travis    832 Sep  8 19:03 ModularCG_A1_B2.mk
-rw-rw-r--   1 travis travis   1318 Sep  8 19:03 ModularCG_A1_B2_profile.class
-rw-rw-r--   1 travis travis   1262 Sep  8 19:03 ModularCG_A1_B2_profile.java
-rw-rw-r--   1 travis travis   5031 Sep  8 19:03 ModularCG_A1.class
-rw-rw-r--   1 travis travis  14742 Sep  8 19:03 ModularCG_A1.java
-rw-rw-r--   1 travis travis    808 Sep  8 19:03 ModularCG_A1.mk
-rw-rw-r--   1 travis travis   1433 Sep  8 19:03 ModularCG_A1_profile.class
-rw-rw-r--   1 travis travis   1704 Sep  8 19:03 ModularCG_A1_profile.java
-rw-rw-r--   1 travis travis   4059 Sep  8 19:03 ModularCG_A2_B1.class
-rw-rw-r--   1 travis travis  10667 Sep  8 19:03 ModularCG_A2_B1.java
-rw-rw-r--   1 travis travis    832 Sep  8 19:03 ModularCG_A2_B1.mk
-rw-rw-r--   1 travis travis   1381 Sep  8 19:03 ModularCG_A2_B1_profile.class
-rw-rw-r--   1 travis travis   1446 Sep  8 19:03 ModularCG_A2_B1_profile.java
-rw-rw-r--   1 travis travis   3925 Sep  8 19:03 ModularCG_A2_B2.class
-rw-rw-r--   1 travis travis   9730 Sep  8 19:03 ModularCG_A2_B2.java
-rw-rw-r--   1 travis travis    832 Sep  8 19:03 ModularCG_A2_B2.mk
-rw-rw-r--   1 travis travis   1318 Sep  8 19:03 ModularCG_A2_B2_profile.class
-rw-rw-r--   1 travis travis   1262 Sep  8 19:03 ModularCG_A2_B2_profile.java
-rw-rw-r--   1 travis travis   5102 Sep  8 19:03 ModularCG_A2.class
-rw-rw-r--   1 travis travis  15129 Sep  8 19:03 ModularCG_A2.java
-rw-rw-r--   1 travis travis    808 Sep  8 19:03 ModularCG_A2.mk
-rw-rw-r--   1 travis travis   1433 Sep  8 19:03 ModularCG_A2_profile.class
-rw-rw-r--   1 travis travis   1704 Sep  8 19:03 ModularCG_A2_profile.java
-rw-rw-r--   1 travis travis   3705 Sep  8 19:03 ModularCGPubSub_A1_A2.class
-rw-rw-r--   1 travis travis   9076 Sep  8 19:03 ModularCGPubSub_A1_A2.java
-rw-rw-r--   1 travis travis    880 Sep  8 19:03 ModularCGPubSub_A1_A2.mk
-rw-rw-r--   1 travis travis   1300 Sep  8 19:03 ModularCGPubSub_A1_A2_profile.class
-rw-rw-r--   1 travis travis   1222 Sep  8 19:03 ModularCGPubSub_A1_A2_profile.java
-rw-rw-r--   1 travis travis   4022 Sep  8 19:03 ModularCGPubSub_A1.class
-rw-rw-r--   1 travis travis   9836 Sep  8 19:03 ModularCGPubSub_A1.java
-rw-rw-r--   1 travis travis    856 Sep  8 19:03 ModularCGPubSub_A1.mk
-rw-rw-r--   1 travis travis   1346 Sep  8 19:03 ModularCGPubSub_A1_profile.class
-rw-rw-r--   1 travis travis   1388 Sep  8 19:03 ModularCGPubSub_A1_profile.java
-rw-rw-r--   1 travis travis   4220 Sep  8 19:03 ModularCodeGen2_ModularCodeGenTypedCompositeActor.class
-rw-rw-r--   1 travis travis  11690 Sep  8 19:03 ModularCodeGen2_ModularCodeGenTypedCompositeActor.java
-rw-rw-r--   1 travis travis   1104 Sep  8 19:03 ModularCodeGen2_ModularCodeGenTypedCompositeActor.mk
-rw-rw-r--   1 travis travis   4504 Sep  8 19:03 ModularCodeGen2_ModularCodeGenTypedCompositeActor_ModularCodeGenTypedCompositeActor.class
-rw-rw-r--   1 travis travis  11790 Sep  8 19:03 ModularCodeGen2_ModularCodeGenTypedCompositeActor_ModularCodeGenTypedCompositeActor.java
-rw-rw-r--   1 travis travis   1376 Sep  8 19:03 ModularCodeGen2_ModularCodeGenTypedCompositeActor_ModularCodeGenTypedCompositeActor.mk
-rw-rw-r--   1 travis travis   1421 Sep  8 19:03 ModularCodeGen2_ModularCodeGenTypedCompositeActor_ModularCodeGenTypedCompositeActor_profile.class
-rw-rw-r--   1 travis travis   1294 Sep  8 19:03 ModularCodeGen2_ModularCodeGenTypedCompositeActor_ModularCodeGenTypedCompositeActor_profile.java
-rw-rw-r--   1 travis travis    820 Sep  8 19:03 ModularCodeGen2_ModularCodeGenTypedCompositeActor_profile.class
-rw-rw-r--   1 travis travis    693 Sep  8 19:03 ModularCodeGen2_ModularCodeGenTypedCompositeActor_profile.java
-rw-rw-r--   1 travis travis   3973 Sep  8 19:03 ModularCodeGen3_A1_B1.class
-rw-rw-r--   1 travis travis   9958 Sep  8 19:03 ModularCodeGen3_A1_B1.java
-rw-rw-r--   1 travis travis    880 Sep  8 19:03 ModularCodeGen3_A1_B1.mk
-rw-rw-r--   1 travis travis   1330 Sep  8 19:03 ModularCodeGen3_A1_B1_profile.class
-rw-rw-r--   1 travis travis   1274 Sep  8 19:03 ModularCodeGen3_A1_B1_profile.java
-rw-rw-r--   1 travis travis   3973 Sep  8 19:03 ModularCodeGen3_A1_B2.class
-rw-rw-r--   1 travis travis   9958 Sep  8 19:03 ModularCodeGen3_A1_B2.java
-rw-rw-r--   1 travis travis    880 Sep  8 19:03 ModularCodeGen3_A1_B2.mk
-rw-rw-r--   1 travis travis   1330 Sep  8 19:03 ModularCodeGen3_A1_B2_profile.class
-rw-rw-r--   1 travis travis   1274 Sep  8 19:03 ModularCodeGen3_A1_B2_profile.java
-rw-rw-r--   1 travis travis   5193 Sep  8 19:03 ModularCodeGen3_A1.class
-rw-rw-r--   1 travis travis  15564 Sep  8 19:03 ModularCodeGen3_A1.java
-rw-rw-r--   1 travis travis    856 Sep  8 19:03 ModularCodeGen3_A1.mk
-rw-rw-r--   1 travis travis   1445 Sep  8 19:03 ModularCodeGen3_A1_profile.class
-rw-rw-r--   1 travis travis   1716 Sep  8 19:03 ModularCodeGen3_A1_profile.java
-rw-rw-r--   1 travis travis   4119 Sep  8 19:03 ModularCodeGen3_A2_B1.class
-rw-rw-r--   1 travis travis  10955 Sep  8 19:03 ModularCodeGen3_A2_B1.java
-rw-rw-r--   1 travis travis    880 Sep  8 19:03 ModularCodeGen3_A2_B1.mk
-rw-rw-r--   1 travis travis   1393 Sep  8 19:03 ModularCodeGen3_A2_B1_profile.class
-rw-rw-r--   1 travis travis   1458 Sep  8 19:03 ModularCodeGen3_A2_B1_profile.java
-rw-rw-r--   1 travis travis   3973 Sep  8 19:03 ModularCodeGen3_A2_B2.class
-rw-rw-r--   1 travis travis   9958 Sep  8 19:03 ModularCodeGen3_A2_B2.java
-rw-rw-r--   1 travis travis    880 Sep  8 19:03 ModularCodeGen3_A2_B2.mk
-rw-rw-r--   1 travis travis   1330 Sep  8 19:03 ModularCodeGen3_A2_B2_profile.class
-rw-rw-r--   1 travis travis   1274 Sep  8 19:03 ModularCodeGen3_A2_B2_profile.java
-rw-rw-r--   1 travis travis   5270 Sep  8 19:03 ModularCodeGen3_A2.class
-rw-rw-r--   1 travis travis  15957 Sep  8 19:03 ModularCodeGen3_A2.java
-rw-rw-r--   1 travis travis    856 Sep  8 19:03 ModularCodeGen3_A2.mk
-rw-rw-r--   1 travis travis   1445 Sep  8 19:03 ModularCodeGen3_A2_profile.class
-rw-rw-r--   1 travis travis   1716 Sep  8 19:03 ModularCodeGen3_A2_profile.java
-rw-rw-r--   1 travis travis   4026 Sep  8 19:03 ModularCodeGen4_A1_B1.class
-rw-rw-r--   1 travis travis  10312 Sep  8 19:03 ModularCodeGen4_A1_B1.java
-rw-rw-r--   1 travis travis    880 Sep  8 19:03 ModularCodeGen4_A1_B1.mk
-rw-rw-r--   1 travis travis   1330 Sep  8 19:03 ModularCodeGen4_A1_B1_profile.class
-rw-rw-r--   1 travis travis   1273 Sep  8 19:03 ModularCodeGen4_A1_B1_profile.java
-rw-rw-r--   1 travis travis   4026 Sep  8 19:03 ModularCodeGen4_A1_B2.class
-rw-rw-r--   1 travis travis  10312 Sep  8 19:03 ModularCodeGen4_A1_B2.java
-rw-rw-r--   1 travis travis    880 Sep  8 19:03 ModularCodeGen4_A1_B2.mk
-rw-rw-r--   1 travis travis   1330 Sep  8 19:03 ModularCodeGen4_A1_B2_profile.class
-rw-rw-r--   1 travis travis   1273 Sep  8 19:03 ModularCodeGen4_A1_B2_profile.java
-rw-rw-r--   1 travis travis   5333 Sep  8 19:03 ModularCodeGen4_A1.class
-rw-rw-r--   1 travis travis  16245 Sep  8 19:03 ModularCodeGen4_A1.java
-rw-rw-r--   1 travis travis    856 Sep  8 19:03 ModularCodeGen4_A1.mk
-rw-rw-r--   1 travis travis   1445 Sep  8 19:03 ModularCodeGen4_A1_profile.class
-rw-rw-r--   1 travis travis   1712 Sep  8 19:03 ModularCodeGen4_A1_profile.java
-rw-rw-r--   1 travis travis   4220 Sep  8 19:03 ModularCodeGen4_A2_B1.class
-rw-rw-r--   1 travis travis  11375 Sep  8 19:03 ModularCodeGen4_A2_B1.java
-rw-rw-r--   1 travis travis    880 Sep  8 19:03 ModularCodeGen4_A2_B1.mk
-rw-rw-r--   1 travis travis   1393 Sep  8 19:03 ModularCodeGen4_A2_B1_profile.class
-rw-rw-r--   1 travis travis   1454 Sep  8 19:03 ModularCodeGen4_A2_B1_profile.java
-rw-rw-r--   1 travis travis   4074 Sep  8 19:04 ModularCodeGen4_A2_B2.class
-rw-rw-r--   1 travis travis  10378 Sep  8 19:04 ModularCodeGen4_A2_B2.java
-rw-rw-r--   1 travis travis    880 Sep  8 19:04 ModularCodeGen4_A2_B2.mk
-rw-rw-r--   1 travis travis   1330 Sep  8 19:04 ModularCodeGen4_A2_B2_profile.class
-rw-rw-r--   1 travis travis   1270 Sep  8 19:03 ModularCodeGen4_A2_B2_profile.java
-rw-rw-r--   1 travis travis   5506 Sep  8 19:04 ModularCodeGen4_A2.class
-rw-rw-r--   1 travis travis  16770 Sep  8 19:04 ModularCodeGen4_A2.java
-rw-rw-r--   1 travis travis    856 Sep  8 19:04 ModularCodeGen4_A2.mk
-rw-rw-r--   1 travis travis   1445 Sep  8 19:04 ModularCodeGen4_A2_profile.class
-rw-rw-r--   1 travis travis   1712 Sep  8 19:04 ModularCodeGen4_A2_profile.java
-rw-rw-r--   1 travis travis   7070 Sep  8 19:04 ModularCodeGen5_A_A.class
-rw-rw-r--   1 travis travis  28721 Sep  8 19:04 ModularCodeGen5_A_A.java
-rw-rw-r--   1 travis travis    864 Sep  8 19:04 ModularCodeGen5_A_A.mk
-rw-rw-r--   1 travis travis   1520 Sep  8 19:04 ModularCodeGen5_A_A_profile.class
-rw-rw-r--   1 travis travis   1815 Sep  8 19:04 ModularCodeGen5_A_A_profile.java
-rw-rw-r--   1 travis travis   5347 Sep  8 19:04 ModularCodeGen5_A.class
-rw-rw-r--   1 travis travis  13769 Sep  8 19:04 ModularCodeGen5_A.java
-rw-rw-r--   1 travis travis    848 Sep  8 19:04 ModularCodeGen5_A.mk
-rw-rw-r--   1 travis travis   1422 Sep  8 19:04 ModularCodeGen5_A_profile.class
-rw-rw-r--   1 travis travis   1605 Sep  8 19:04 ModularCodeGen5_A_profile.java
-rw-rw-r--   1 travis travis   1364 Sep  8 19:04 ModularCodeGen6_A_A2_profile.java
-rw-rw-r--   1 travis travis   4340 Sep  8 19:04 ModularCodeGen6_A_A.class
-rw-rw-r--   1 travis travis  11221 Sep  8 19:04 ModularCodeGen6_A_A.java
-rw-rw-r--   1 travis travis    864 Sep  8 19:04 ModularCodeGen6_A_A.mk
-rw-rw-r--   1 travis travis   1348 Sep  8 19:04 ModularCodeGen6_A_A_profile.class
-rw-rw-r--   1 travis travis   1361 Sep  8 19:04 ModularCodeGen6_A_A_profile.java
-rw-rw-r--   1 travis travis   4186 Sep  8 19:03 ModularCodeGen_ModularCodeGenTypedCompositeActor.class
-rw-rw-r--   1 travis travis  10970 Sep  8 19:03 ModularCodeGen_ModularCodeGenTypedCompositeActor.java
-rw-rw-r--   1 travis travis   1096 Sep  8 19:03 ModularCodeGen_ModularCodeGenTypedCompositeActor.mk
-rw-rw-r--   1 travis travis   1384 Sep  8 19:03 ModularCodeGen_ModularCodeGenTypedCompositeActor_profile.class
-rw-rw-r--   1 travis travis   1328 Sep  8 19:03 ModularCodeGen_ModularCodeGenTypedCompositeActor_profile.java
-rw-rw-r--   1 travis travis   3724 Sep  8 19:02 ModularCodeGenTest_A1_A2.class
-rw-rw-r--   1 travis travis   9164 Sep  8 19:02 ModularCodeGenTest_A1_A2.java
-rw-rw-r--   1 travis travis   1306 Sep  8 19:02 ModularCodeGenTest_A1_A2_profile.class
-rw-rw-r--   1 travis travis   4055 Sep  8 19:02 ModularCodeGenTest_A1.class
-rw-rw-r--   1 travis travis   9968 Sep  8 19:02 ModularCodeGenTest_A1.java
-rw-rw-r--   1 travis travis    880 Sep  8 19:02 ModularCodeGenTest_A1.mk
-rw-rw-r--   1 travis travis   1352 Sep  8 19:02 ModularCodeGenTest_A1_profile.class
-rw-rw-r--   1 travis travis   1394 Sep  8 19:02 ModularCodeGenTest_A1_profile.java
drwxrwxr-x   3 travis travis  32768 Sep  8 19:02 modulation2
drwxrwxr-x 188 travis travis  12288 Sep  8 19:02 node_modules
drwxrwxr-x   3 travis travis  20480 Sep  8 18:58 PhaseUnwrap
drwxrwxr-x   3 travis travis  12288 Sep  8 18:59 ReadFile1
-rw-rw-r--   1 travis travis     11 Sep  8 18:58 ReadFile1Output.txt
-rw-rw-r--   1 travis travis  13773 Sep  8 19:02 Repeat.class
-rw-rw-r--   1 travis travis    685 Sep  8 19:02 Repeat$_fireFunction_Repeat_Repeat$__f_sL_11.class
-rw-rw-r--   1 travis travis    541 Sep  8 19:02 Repeat$_fireFunction_Repeat_Repeat$__f_sL_12.class
-rw-rw-r--   1 travis travis    541 Sep  8 19:02 Repeat$_fireFunction_Repeat_Repeat$__f_sL_13.class
-rw-rw-r--   1 travis travis    541 Sep  8 19:02 Repeat$_fireFunction_Repeat_Repeat$__f_sL_14.class
-rw-rw-r--   1 travis travis    684 Sep  8 19:02 Repeat$_fireFunction_Repeat_Repeat$__f_sL_1.class
-rw-rw-r--   1 travis travis    683 Sep  8 19:02 Repeat$_fireFunction_Repeat_Repeat$__f_sL_4.class
-rw-rw-r--   1 travis travis    539 Sep  8 19:02 Repeat$_fireFunction_Repeat_Repeat$__f_sL_9.class
-rw-rw-r--   1 travis travis    494 Sep  8 19:02 Repeat$_initialize_Repeat$__i_sL_2.class
-rw-rw-r--   1 travis travis   1281 Sep  8 19:02 Repeat.mk
-rw-rw-r--   1 travis travis    539 Sep  8 19:02 Repeat$_preinitializeMethod_Repeat$__p_sL_0.class
-rw-rw-r--   1 travis travis   1102 Sep  8 19:02 Repeat$_Repeat$_fireFunction_Repeat_AddSubtract_Repeat.class
-rw-rw-r--   1 travis travis    810 Sep  8 19:02 Repeat$_Repeat$_fireFunction_Repeat_AddSubtract_Repeat$__f_sL_0.class
-rw-rw-r--   1 travis travis    928 Sep  8 19:02 Repeat$_Repeat$_fireFunction_Repeat_AddSubtract_Repeat$__f_sL_1.class
-rw-rw-r--   1 travis travis    934 Sep  8 19:02 Repeat$_Repeat$_fireFunction_Repeat_AddSubtract_Repeat$__f_sL_2.class
-rw-rw-r--   1 travis travis    862 Sep  8 19:02 Repeat$_Repeat$_fireFunction_Repeat_AddSubtract_Repeat$__f_sL_3.class
-rw-rw-r--   1 travis travis    757 Sep  8 19:02 Repeat$_Repeat$_fireFunction_Repeat_Ramp2_Repeat$__f_sL_0.class
-rw-rw-r--   1 travis travis    888 Sep  8 19:02 Repeat$_Repeat$_fireFunction_Repeat_Test_Repeat$__f_sL_0.class
-rw-rw-r--   1 travis travis    634 Sep  8 19:02 Repeat$_Repeat$_fireFunction_Repeat_Test_Repeat$__f_sL_1.class
-rw-rw-r--   1 travis travis    704 Sep  8 19:02 Repeat$_Repeat_SDF_Director_run_Repeat$__R_sL_0.class
-rw-rw-r--   1 travis travis    705 Sep  8 19:02 Repeat$_Repeat_SDF_Director_run_Repeat$__R_sL_11.class
-rw-rw-r--   1 travis travis    561 Sep  8 19:02 Repeat$_Repeat_SDF_Director_run_Repeat$__R_sL_13.class
-rw-rw-r--   1 travis travis    559 Sep  8 19:02 Repeat$_Repeat_SDF_Director_run_Repeat$__R_sL_2.class
-rw-rw-r--   1 travis travis    703 Sep  8 19:02 Repeat$_Repeat_SDF_Director_run_Repeat$__R_sL_3.class
-rw-rw-r--   1 travis travis    559 Sep  8 19:02 Repeat$_Repeat_SDF_Director_run_Repeat$__R_sL_5.class
-rw-rw-r--   1 travis travis    559 Sep  8 19:02 Repeat$_Repeat_SDF_Director_run_Repeat$__R_sL_8.class
drwxrwxr-x   2 travis travis   4096 Sep  8 19:02 RepeatVariables
-rw-rw-r--   1 travis travis    882 Sep  8 19:02 Repeat$_varinit_Repeat.class
-rw-rw-r--   1 travis travis    550 Sep  8 19:02 Repeat$_varinit_Repeat$__v_sL_2.class
-rw-rw-r--   1 travis travis    924 Sep  8 19:02 Repeat$_varinit_Repeat$__v_sL_4.class
-rw-rw-r--   1 travis travis    978 Sep  8 19:02 Repeat$_wrapup_Repeat$__w_sL_1.class
drwxrwxr-x   3 travis travis  20480 Sep  8 18:59 Sinewave
drwxrwxr-x   3 travis travis  32768 Sep  8 19:00 StringFunction
drwxrwxr-x   3 travis travis  12288 Sep  8 19:00 StringLength
drwxrwxr-x   3 travis travis  61440 Sep  8 19:00 StringMatches2
drwxrwxr-x   3 travis travis  61440 Sep  8 19:01 StringSimpleReplace
drwxrwxr-x   3 travis travis  65536 Sep  8 19:01 StringSubstring
drwxrwxr-x   3 travis travis  24576 Sep  8 19:01 StringSubstring2
drwxrwxr-x   3 travis travis  16384 Sep  8 19:02 time1
drwxrwxr-x   3 travis travis  12288 Sep  8 19:02 time5
-rw-rw-r--   1 travis travis    432 Sep  8 19:04 Token.class
-rw-rw-r--   1 travis travis    251 Sep  8 19:04 Token.java
-rwxrwxr-x   1 travis travis 466992 Sep  8 18:56 top
-rw-rw-r--   1 travis travis  20502 Sep  8 18:56 top.c
-rw-rw-r--   1 travis travis   3799 Sep  8 19:02 top.class
-rw-rw-r--   1 travis travis   1257 Sep  8 19:02 top.mk
In "/home/travis/cg", about to execute:
    javac -classpath
.:/home/travis/build/icyphy/ptII:/home/travis/build/icyphy/ptII/lib/asm-all-5.2
.jar:/home/travis/build/icyphy/ptII/lib/nashorn-core-15.3.jar:/home/travis/buil
d/icyphy/ptII/lib/bsh-2.0b4.jar:/home/travis/build/icyphy/ptII/lib/ptCal.jar:/h
ome/travis/build/icyphy/ptII/lib/java_cup.jar:/home/travis/build/icyphy/ptII/li
b/saxon8.jar:/home/travis/build/icyphy/ptII/lib/saxon8-dom.jar:/home/travis/bui
ld/icyphy/ptII/lib/chic.jar:/home/travis/build/icyphy/ptII/lib/ptcolt.jar:/home
/travis/build/icyphy/ptII/vendors/misc/itext/iText.jar:/home/travis/build/icyph
y/ptII/lib/g4ltl.jar:/home/travis/build/icyphy/ptII/lib/StructuralCoder.jar:/ho
me/travis/build/icyphy/ptII/lib/jcerti.jar:/home/travis/build/icyphy/ptII/lib/j
avax.mail.jar:/home/travis/build/icyphy/ptII/vendors/JMF-2.1.1e/lib/jmf.jar:/ho
me/travis/build/icyphy/ptII/lib/jna-4.0.0-variadic.jar:/home/travis/build/icyph
y/ptII/vendors/misc/joystick/Joystick.jar:/home/travis/build/icyphy/ptII/lib/pt
jacl.jar:/home/travis/build/icyphy/ptII/lib/jsoup-1.14.2.jar:/home/travis/build
/icyphy/ptII/lib/junit-4.8.2.jar:/home/travis/build/icyphy/ptII/lib/JUnitParams
-0.4.0.jar:/home/travis/build/icyphy/ptII/ptolemy/actor/lib/excel/jxl.jar:/home
/travis/build/icyphy/ptII/lib/jython.jar:/home/travis/build/icyphy/ptII/lib/kie
ler.jar:/home/travis/build/icyphy/ptII/vendors/opencv/share/OpenCV/java/opencv-
341.jar:/home/travis/build/icyphy/ptII/lib/oscP5.jar:/home/travis/build/icyphy/
ptII/lib/nrjavaserial-3.11.0.devel.jar:/home/travis/build/icyphy/ptII/vendors/j
3d/lib/Linux/j3dcore.jar:/home/travis/build/icyphy/ptII/vendors/j3d/lib/Linux/j
3dutils.jar:/home/travis/build/icyphy/ptII/vendors/j3d/lib/Linux/vecmath.jar:/h
ome/travis/build/icyphy/ptII/vendors/jogl/lib/Linux/gluegen-rt-natives-linux-am
d64.jar:/home/travis/build/icyphy/ptII/vendors/jogl/lib/Linux/gluegen-rt.jar:/h
ome/travis/build/icyphy/ptII/vendors/jogl/lib/Linux/jogl-all-natives-linux-amd6
4.jar:/home/travis/build/icyphy/ptII/vendors/jogl/lib/Linux/jogl-all.jar:/home/
travis/build/icyphy/ptII/ptolemy/distributed/jini/jar/jini-core.jar:/home/travi
s/build/icyphy/ptII/ptolemy/distributed/jini/jar/jini-ext.jar:/home/travis/buil
d/icyphy/ptII/ptolemy/distributed/jini/jar/sun-util.jar:/home/travis/build/icyp
hy/ptII/lib/protobuf-java-2.4.1.jar:/home/travis/build/icyphy/ptII/lib/org.ecli
pse.paho.client.mqttv3.jar:/home/travis/build/icyphy/ptII/lib/mapss.jar:/home/t
ravis/build/icyphy/ptII/ptolemy/actor/ptalon/antlr/antlr.jar:/home/travis/build
/icyphy/ptII/lib/JRI.jar:/home/travis/build/icyphy/ptII/lib/commons-lang-2.6.ja
r:/home/travis/build/icyphy/ptII/lib/commons-logging-1.1.1.jar:/home/travis/bui
ld/icyphy/ptII/lib/sootclasses.jar:/home/travis/build/icyphy/ptII/ptolemy/actor
/lib/database/mysql-connector-java-8.0.26.jar:/home/travis/build/icyphy/ptII/ve
ndors/misc/sphinx4/sphinx4-data-5prealpha.jar:/home/travis/build/icyphy/ptII/ve
ndors/misc/sphinx4/sphinx4-core-5prealpha.jar:/home/travis/build/icyphy/ptII/li
b/PDFRenderer.jar:/home/travis/build/icyphy/ptII/lib/svgSalamander.jar:/home/tr
avis/build/icyphy/ptII/lib/rsyntaxtextarea-2.6.0-SNAPSHOT.jar:/home/travis/buil
d/icyphy/ptII/lib/hazelcast-3.8.2.jar:/home/travis/build/icyphy/ptII/lib/jackso
n-annotations-2.9.0.jar:/home/travis/build/icyphy/ptII/lib/jackson-core-2.9.3.j
ar:/home/travis/build/icyphy/ptII/lib/jackson-databind-2.9.3.jar:/home/travis/b
uild/icyphy/ptII/lib/netty-buffer-4.1.19.Final.jar:/home/travis/build/icyphy/pt
II/lib/netty-codec-4.1.19.Final.jar:/home/travis/build/icyphy/ptII/lib/netty-co
dec-dns-4.1.19.Final.jar:/home/travis/build/icyphy/ptII/lib/netty-codec-http-4.
1.19.Final.jar:/home/travis/build/icyphy/ptII/lib/netty-codec-http2-4.1.19.Fina
l.jar:/home/travis/build/icyphy/ptII/lib/netty-common-4.1.19.Final.jar:/home/tr
avis/build/icyphy/ptII/lib/netty-handler-4.1.19.Final.jar:/home/travis/build/ic
yphy/ptII/lib/netty-resolver-4.1.19.Final.jar:/home/travis/build/icyphy/ptII/li
b/netty-resolver-dns-4.1.19.Final.jar:/home/travis/build/icyphy/ptII/lib/netty-
transport-4.1.19.Final.jar:/home/travis/build/icyphy/ptII/lib/vertx-codegen-3.5
.1.jar:/home/travis/build/icyphy/ptII/lib/vertx-core-3.5.2-SNAPSHOT.jar:/home/t
ravis/build/icyphy/ptII/lib/vertx-hazelcast-3.5.1.jar:/home/travis/build/icyphy
/ptII/lib/vertx-lang-js-3.5.1.jar:/home/travis/build/icyphy/ptII/lib/vertx-serv
ice-proxy-3.5.1.jar:/home/travis/build/icyphy/ptII/lib/vertx-web-3.5.1.jar:/hom
e/travis/build/icyphy/ptII/lib/slf4j-api-1.7.13.jar:/home/travis/build/icyphy/p
tII/lib/slf4j-simple-1.7.13.jar:/home/travis/build/icyphy/ptII/lib/webcam-captu
re-0.3.12.jar:/home/travis/build/icyphy/ptII/lib/bridj-0.7.0.jar:/home/travis/b
uild/icyphy/ptII/lib/xbjlib-1.1.0.nrjavaserial.jar:/home/travis/build/icyphy/pt
II/ptolemy/moml/test:/home/travis/build/icyphy/ptII/ant/lib/ant-launcher.jar:/h
ome/travis/build/icyphy/ptII/ant/lib/ant.jar:/home/travis/build/icyphy/ptII/ant
/lib/ant-junit.jar:/home/travis/build/icyphy/ptII/ant/lib/ant-junit4.jar:/home/
travis/build/icyphy/ptII ModularCodeGen6_A_A2_profile.java
All Done
Writing ModularCodeGen6_A_A2.java in file:/home/travis/cg/ (11329 characters)
Reading "ptolemy/cg/kernel/generic/program/procedural/java/modular/makefile.in",
    writing "/home/travis/cg/ModularCodeGen6_A_A2.mk"
Using ptolemy/cg/kernel/generic/program/procedural/java/modular/makefile.in
In "/home/travis/cg", about to execute:
    make -f ModularCodeGen6_A_A2.mk
javac -classpath ".:.."    ModularCodeGen6_A_A2.java
All Done
In "/home/travis/cg", about to execute:
    pwd
/home/travis/cg
In "/home/travis/cg", about to execute:
    ls -l
total 2264
drwxrwxr-x   3 travis travis  12288 Sep  8 18:57 AbsoluteValue
drwxrwxr-x   3 travis travis 102400 Sep  8 18:56 AllColt
drwxrwxr-x   3 travis travis  12288 Sep  8 18:57 Case1
-rw-rw-r--   1 travis travis   5128 Sep  8 19:02 CompiledCompositeActor_CompiledCompositeActor.class
-rw-rw-r--   1 travis travis   1611 Sep  8 19:02 CompiledCompositeActor_CompiledCompositeActor$_CompiledCompositeActor_CompiledCompositeActor.class
-rw-rw-r--   1 travis travis  13466 Sep  8 19:02 CompiledCompositeActor_CompiledCompositeActor.java
-rw-rw-r--   1 travis travis   1593 Sep  8 19:02 CompiledCompositeActor_CompiledCompositeActor.mk
drwxrwxr-x   5 travis travis   4096 Sep  8 18:56 fmi
drwxrwxr-x   3 travis travis  16384 Sep  8 18:57 Gaussian2
-rw-rw-r--   1 travis travis   4684 Sep  8 19:02 JavaCompiledCompositeTest1_CompiledCompositeActor.class
-rw-rw-r--   1 travis travis  11637 Sep  8 19:02 JavaCompiledCompositeTest1_CompiledCompositeActor.java
-rw-rw-r--   1 travis travis   1217 Sep  8 19:02 JavaCompiledCompositeTest1_CompiledCompositeActor$_JavaCompiledCompositeTest1_CompiledCompositeActor.class
-rw-rw-r--   1 travis travis   1625 Sep  8 19:02 JavaCompiledCompositeTest1_CompiledCompositeActor.mk
-rw-rw-r--   1 travis travis   5115 Sep  8 19:02 JavaCompiledCompositeTest2_CompiledCompositeActor.class
-rw-rw-r--   1 travis travis  14919 Sep  8 19:02 JavaCompiledCompositeTest2_CompiledCompositeActor.java
-rw-rw-r--   1 travis travis   1812 Sep  8 19:02 JavaCompiledCompositeTest2_CompiledCompositeActor$_JavaCompiledCompositeTest2_CompiledCompositeActor.class
-rw-rw-r--   1 travis travis   1625 Sep  8 19:02 JavaCompiledCompositeTest2_CompiledCompositeActor.mk
-rw-rw-r--   1 travis travis   4732 Sep  8 19:02 JavaCompiledCompositeTest3_CompiledCompositeActor.class
-rw-rw-r--   1 travis travis  13080 Sep  8 19:02 JavaCompiledCompositeTest3_CompiledCompositeActor.java
-rw-rw-r--   1 travis travis   1397 Sep  8 19:02 JavaCompiledCompositeTest3_CompiledCompositeActor$_JavaCompiledCompositeTest3_CompiledCompositeActor.class
-rw-rw-r--   1 travis travis   1625 Sep  8 19:02 JavaCompiledCompositeTest3_CompiledCompositeActor.mk
-rw-rw-r--   1 travis travis   4183 Sep  8 19:03 JavaCompiledCompositeTest4_CompiledCompositeActor.class
-rw-rw-r--   1 travis travis   9687 Sep  8 19:02 JavaCompiledCompositeTest4_CompiledCompositeActor.java
-rw-rw-r--   1 travis travis    876 Sep  8 19:03 JavaCompiledCompositeTest4_CompiledCompositeActor$_JavaCompiledCompositeTest4_CompiledCompositeActor.class
-rw-rw-r--   1 travis travis   1625 Sep  8 19:02 JavaCompiledCompositeTest4_CompiledCompositeActor.mk
drwxrwxr-x   3 travis travis  12288 Sep  8 18:58 LookupTable
drwxrwxr-x   3 travis travis  20480 Sep  8 18:58 MaxIndex
-rw-rw-r--   1 travis travis   3925 Sep  8 19:03 ModularCG_A1_B1.class
-rw-rw-r--   1 travis travis   9730 Sep  8 19:03 ModularCG_A1_B1.java
-rw-rw-r--   1 travis travis    832 Sep  8 19:03 ModularCG_A1_B1.mk
-rw-rw-r--   1 travis travis   1318 Sep  8 19:03 ModularCG_A1_B1_profile.class
-rw-rw-r--   1 travis travis   1262 Sep  8 19:03 ModularCG_A1_B1_profile.java
-rw-rw-r--   1 travis travis   3925 Sep  8 19:03 ModularCG_A1_B2.class
-rw-rw-r--   1 travis travis   9730 Sep  8 19:03 ModularCG_A1_B2.java
-rw-rw-r--   1 travis travis    832 Sep  8 19:03 ModularCG_A1_B2.mk
-rw-rw-r--   1 travis travis   1318 Sep  8 19:03 ModularCG_A1_B2_profile.class
-rw-rw-r--   1 travis travis   1262 Sep  8 19:03 ModularCG_A1_B2_profile.java
-rw-rw-r--   1 travis travis   5031 Sep  8 19:03 ModularCG_A1.class
-rw-rw-r--   1 travis travis  14742 Sep  8 19:03 ModularCG_A1.java
-rw-rw-r--   1 travis travis    808 Sep  8 19:03 ModularCG_A1.mk
-rw-rw-r--   1 travis travis   1433 Sep  8 19:03 ModularCG_A1_profile.class
-rw-rw-r--   1 travis travis   1704 Sep  8 19:03 ModularCG_A1_profile.java
-rw-rw-r--   1 travis travis   4059 Sep  8 19:03 ModularCG_A2_B1.class
-rw-rw-r--   1 travis travis  10667 Sep  8 19:03 ModularCG_A2_B1.java
-rw-rw-r--   1 travis travis    832 Sep  8 19:03 ModularCG_A2_B1.mk
-rw-rw-r--   1 travis travis   1381 Sep  8 19:03 ModularCG_A2_B1_profile.class
-rw-rw-r--   1 travis travis   1446 Sep  8 19:03 ModularCG_A2_B1_profile.java
-rw-rw-r--   1 travis travis   3925 Sep  8 19:03 ModularCG_A2_B2.class
-rw-rw-r--   1 travis travis   9730 Sep  8 19:03 ModularCG_A2_B2.java
-rw-rw-r--   1 travis travis    832 Sep  8 19:03 ModularCG_A2_B2.mk
-rw-rw-r--   1 travis travis   1318 Sep  8 19:03 ModularCG_A2_B2_profile.class
-rw-rw-r--   1 travis travis   1262 Sep  8 19:03 ModularCG_A2_B2_profile.java
-rw-rw-r--   1 travis travis   5102 Sep  8 19:03 ModularCG_A2.class
-rw-rw-r--   1 travis travis  15129 Sep  8 19:03 ModularCG_A2.java
-rw-rw-r--   1 travis travis    808 Sep  8 19:03 ModularCG_A2.mk
-rw-rw-r--   1 travis travis   1433 Sep  8 19:03 ModularCG_A2_profile.class
-rw-rw-r--   1 travis travis   1704 Sep  8 19:03 ModularCG_A2_profile.java
-rw-rw-r--   1 travis travis   3705 Sep  8 19:03 ModularCGPubSub_A1_A2.class
-rw-rw-r--   1 travis travis   9076 Sep  8 19:03 ModularCGPubSub_A1_A2.java
-rw-rw-r--   1 travis travis    880 Sep  8 19:03 ModularCGPubSub_A1_A2.mk
-rw-rw-r--   1 travis travis   1300 Sep  8 19:03 ModularCGPubSub_A1_A2_profile.class
-rw-rw-r--   1 travis travis   1222 Sep  8 19:03 ModularCGPubSub_A1_A2_profile.java
-rw-rw-r--   1 travis travis   4022 Sep  8 19:03 ModularCGPubSub_A1.class
-rw-rw-r--   1 travis travis   9836 Sep  8 19:03 ModularCGPubSub_A1.java
-rw-rw-r--   1 travis travis    856 Sep  8 19:03 ModularCGPubSub_A1.mk
-rw-rw-r--   1 travis travis   1346 Sep  8 19:03 ModularCGPubSub_A1_profile.class
-rw-rw-r--   1 travis travis   1388 Sep  8 19:03 ModularCGPubSub_A1_profile.java
-rw-rw-r--   1 travis travis   4220 Sep  8 19:03 ModularCodeGen2_ModularCodeGenTypedCompositeActor.class
-rw-rw-r--   1 travis travis  11690 Sep  8 19:03 ModularCodeGen2_ModularCodeGenTypedCompositeActor.java
-rw-rw-r--   1 travis travis   1104 Sep  8 19:03 ModularCodeGen2_ModularCodeGenTypedCompositeActor.mk
-rw-rw-r--   1 travis travis   4504 Sep  8 19:03 ModularCodeGen2_ModularCodeGenTypedCompositeActor_ModularCodeGenTypedCompositeActor.class
-rw-rw-r--   1 travis travis  11790 Sep  8 19:03 ModularCodeGen2_ModularCodeGenTypedCompositeActor_ModularCodeGenTypedCompositeActor.java
-rw-rw-r--   1 travis travis   1376 Sep  8 19:03 ModularCodeGen2_ModularCodeGenTypedCompositeActor_ModularCodeGenTypedCompositeActor.mk
-rw-rw-r--   1 travis travis   1421 Sep  8 19:03 ModularCodeGen2_ModularCodeGenTypedCompositeActor_ModularCodeGenTypedCompositeActor_profile.class
-rw-rw-r--   1 travis travis   1294 Sep  8 19:03 ModularCodeGen2_ModularCodeGenTypedCompositeActor_ModularCodeGenTypedCompositeActor_profile.java
-rw-rw-r--   1 travis travis    820 Sep  8 19:03 ModularCodeGen2_ModularCodeGenTypedCompositeActor_profile.class
-rw-rw-r--   1 travis travis    693 Sep  8 19:03 ModularCodeGen2_ModularCodeGenTypedCompositeActor_profile.java
-rw-rw-r--   1 travis travis   3973 Sep  8 19:03 ModularCodeGen3_A1_B1.class
-rw-rw-r--   1 travis travis   9958 Sep  8 19:03 ModularCodeGen3_A1_B1.java
-rw-rw-r--   1 travis travis    880 Sep  8 19:03 ModularCodeGen3_A1_B1.mk
-rw-rw-r--   1 travis travis   1330 Sep  8 19:03 ModularCodeGen3_A1_B1_profile.class
-rw-rw-r--   1 travis travis   1274 Sep  8 19:03 ModularCodeGen3_A1_B1_profile.java
-rw-rw-r--   1 travis travis   3973 Sep  8 19:03 ModularCodeGen3_A1_B2.class
-rw-rw-r--   1 travis travis   9958 Sep  8 19:03 ModularCodeGen3_A1_B2.java
-rw-rw-r--   1 travis travis    880 Sep  8 19:03 ModularCodeGen3_A1_B2.mk
In "/home/travis/cg", about to execute:
    javac -classpath
.:/home/travis/build/icyphy/ptII:/home/travis/build/icyphy/ptII/lib/asm-all-5.2
.jar:/home/travis/build/icyphy/ptII/lib/nashorn-core-15.3.jar:/home/travis/buil
d/icyphy/ptII/lib/bsh-2.0b4.jar:/home/travis/build/icyphy/ptII/lib/ptCal.jar:/h
ome/travis/build/icyphy/ptII/lib/java_cup.jar:/home/travis/build/icyphy/ptII/li
b/saxon8.jar:/home/travis/build/icyphy/ptII/lib/saxon8-dom.jar:/home/travis/bui
ld/icyphy/ptII/lib/chic.jar:/home/travis/build/icyphy/ptII/lib/ptcolt.jar:/home
/travis/build/icyphy/ptII/vendors/misc/itext/iText.jar:/home/travis/build/icyph
y/ptII/lib/g4ltl.jar:/home/travis/build/icyphy/ptII/lib/StructuralCoder.jar:/ho
me/travis/build/icyphy/ptII/lib/jcerti.jar:/home/travis/build/icyphy/ptII/lib/j
avax.mail.jar:/home/travis/build/icyphy/ptII/vendors/JMF-2.1.1e/lib/jmf.jar:/ho
me/travis/build/icyphy/ptII/lib/jna-4.0.0-variadic.jar:/home/travis/build/icyph
y/ptII/vendors/misc/joystick/Joystick.jar:/home/travis/build/icyphy/ptII/lib/pt
jacl.jar:/home/travis/build/icyphy/ptII/lib/jsoup-1.14.2.jar:/home/travis/build
/icyphy/ptII/lib/junit-4.8.2.jar:/home/travis/build/icyphy/ptII/lib/JUnitParams
-0.4.0.jar:/home/travis/build/icyphy/ptII/ptolemy/actor/lib/excel/jxl.jar:/home
/travis/build/icyphy/ptII/lib/jython.jar:/home/travis/build/icyphy/ptII/lib/kie
ler.jar:/home/travis/build/icyphy/ptII/vendors/opencv/share/OpenCV/java/opencv-
341.jar:/home/travis/build/icyphy/ptII/lib/oscP5.jar:/home/travis/build/icyphy/
ptII/lib/nrjavaserial-3.11.0.devel.jar:/home/travis/build/icyphy/ptII/vendors/j
3d/lib/Linux/j3dcore.jar:/home/travis/build/icyphy/ptII/vendors/j3d/lib/Linux/j
3dutils.jar:/home/travis/build/icyphy/ptII/vendors/j3d/lib/Linux/vecmath.jar:/h
ome/travis/build/icyphy/ptII/vendors/jogl/lib/Linux/gluegen-rt-natives-linux-am
d64.jar:/home/travis/build/icyphy/ptII/vendors/jogl/lib/Linux/gluegen-rt.jar:/h
ome/travis/build/icyphy/ptII/vendors/jogl/lib/Linux/jogl-all-natives-linux-amd6
4.jar:/home/travis/build/icyphy/ptII/vendors/jogl/lib/Linux/jogl-all.jar:/home/
travis/build/icyphy/ptII/ptolemy/distributed/jini/jar/jini-core.jar:/home/travi
s/build/icyphy/ptII/ptolemy/distributed/jini/jar/jini-ext.jar:/home/travis/buil
d/icyphy/ptII/ptolemy/distributed/jini/jar/sun-util.jar:/home/travis/build/icyp
hy/ptII/lib/protobuf-java-2.4.1.jar:/home/travis/build/icyphy/ptII/lib/org.ecli
pse.paho.client.mqttv3.jar:/home/travis/build/icyphy/ptII/lib/mapss.jar:/home/t
ravis/build/icyphy/ptII/ptolemy/actor/ptalon/antlr/antlr.jar:/home/travis/build
/icyphy/ptII/lib/JRI.jar:/home/travis/build/icyphy/ptII/lib/commons-lang-2.6.ja
r:/home/travis/build/icyphy/ptII/lib/commons-logging-1.1.1.jar:/home/travis/bui
ld/icyphy/ptII/lib/sootclasses.jar:/home/travis/build/icyphy/ptII/ptolemy/actor
/lib/database/mysql-connector-java-8.0.26.jar:/home/travis/build/icyphy/ptII/ve
ndors/misc/sphinx4/sphinx4-data-5prealpha.jar:/home/travis/build/icyphy/ptII/ve
ndors/misc/sphinx4/sphinx4-core-5prealpha.jar:/home/travis/build/icyphy/ptII/li
b/PDFRenderer.jar:/home/travis/build/icyphy/ptII/lib/svgSalamander.jar:/home/tr
avis/build/icyphy/ptII/lib/rsyntaxtextarea-2.6.0-SNAPSHOT.jar:/home/travis/buil
d/icyphy/ptII/lib/hazelcast-3.8.2.jar:/home/travis/build/icyphy/ptII/lib/jackso
n-annotations-2.9.0.jar:/home/travis/build/icyphy/ptII/lib/jackson-core-2.9.3.j
ar:/home/travis/build/icyphy/ptII/lib/jackson-databind-2.9.3.jar:/home/travis/b
uild/icyphy/ptII/lib/netty-buffer-4.1.19.Final.jar:/home/travis/build/icyphy/pt
II/lib/netty-codec-4.1.19.Final.jar:/home/travis/build/icyphy/ptII/lib/netty-co
dec-dns-4.1.19.Final.jar:/home/travis/build/icyphy/ptII/lib/netty-codec-http-4.
1.19.Final.jar:/home/travis/build/icyphy/ptII/lib/netty-codec-http2-4.1.19.Fina
l.jar:/home/travis/build/icyphy/ptII/lib/netty-common-4.1.19.Final.jar:/home/tr
avis/build/icyphy/ptII/lib/netty-handler-4.1.19.Final.jar:/home/travis/build/ic
yphy/ptII/lib/netty-resolver-4.1.19.Final.jar:/home/travis/build/icyphy/ptII/li
b/netty-resolver-dns-4.1.19.Final.jar:/home/travis/build/icyphy/ptII/lib/netty-
transport-4.1.19.Final.jar:/home/travis/build/icyphy/ptII/lib/vertx-codegen-3.5
.1.jar:/home/travis/build/icyphy/ptII/lib/vertx-core-3.5.2-SNAPSHOT.jar:/home/t
ravis/build/icyphy/ptII/lib/vertx-hazelcast-3.5.1.jar:/home/travis/build/icyphy
/ptII/lib/vertx-lang-js-3.5.1.jar:/home/travis/build/icyphy/ptII/lib/vertx-serv
ice-proxy-3.5.1.jar:/home/travis/build/icyphy/ptII/lib/vertx-web-3.5.1.jar:/hom
e/travis/build/icyphy/ptII/lib/slf4j-api-1.7.13.jar:/home/travis/build/icyphy/p
tII/lib/slf4j-simple-1.7.13.jar:/home/travis/build/icyphy/ptII/lib/webcam-captu
re-0.3.12.jar:/home/travis/build/icyphy/ptII/lib/bridj-0.7.0.jar:/home/travis/b
uild/icyphy/ptII/lib/xbjlib-1.1.0.nrjavaserial.jar:/home/travis/build/icyphy/pt
II/ptolemy/moml/test:/home/travis/build/icyphy/ptII/ant/lib/ant-launcher.jar:/h
ome/travis/build/icyphy/ptII/ant/lib/ant.jar:/home/travis/build/icyphy/ptII/ant
/lib/ant-junit.jar:/home/travis/build/icyphy/ptII/ant/lib/ant-junit4.jar:/home/
travis/build/icyphy/ptII ModularCodeGen6_A_profile.java
-rw-rw-r--   1 travis travis   1330 Sep  8 19:03 ModularCodeGen3_A1_B2_profile.class
-rw-rw-r--   1 travis travis   1274 Sep  8 19:03 ModularCodeGen3_A1_B2_profile.java
-rw-rw-r--   1 travis travis   5193 Sep  8 19:03 ModularCodeGen3_A1.class
-rw-rw-r--   1 travis travis  15564 Sep  8 19:03 ModularCodeGen3_A1.java
-rw-rw-r--   1 travis travis    856 Sep  8 19:03 ModularCodeGen3_A1.mk
-rw-rw-r--   1 travis travis   1445 Sep  8 19:03 ModularCodeGen3_A1_profile.class
-rw-rw-r--   1 travis travis   1716 Sep  8 19:03 ModularCodeGen3_A1_profile.java
-rw-rw-r--   1 travis travis   4119 Sep  8 19:03 ModularCodeGen3_A2_B1.class
-rw-rw-r--   1 travis travis  10955 Sep  8 19:03 ModularCodeGen3_A2_B1.java
-rw-rw-r--   1 travis travis    880 Sep  8 19:03 ModularCodeGen3_A2_B1.mk
-rw-rw-r--   1 travis travis   1393 Sep  8 19:03 ModularCodeGen3_A2_B1_profile.class
-rw-rw-r--   1 travis travis   1458 Sep  8 19:03 ModularCodeGen3_A2_B1_profile.java
-rw-rw-r--   1 travis travis   3973 Sep  8 19:03 ModularCodeGen3_A2_B2.class
-rw-rw-r--   1 travis travis   9958 Sep  8 19:03 ModularCodeGen3_A2_B2.java
-rw-rw-r--   1 travis travis    880 Sep  8 19:03 ModularCodeGen3_A2_B2.mk
-rw-rw-r--   1 travis travis   1330 Sep  8 19:03 ModularCodeGen3_A2_B2_profile.class
-rw-rw-r--   1 travis travis   1274 Sep  8 19:03 ModularCodeGen3_A2_B2_profile.java
-rw-rw-r--   1 travis travis   5270 Sep  8 19:03 ModularCodeGen3_A2.class
-rw-rw-r--   1 travis travis  15957 Sep  8 19:03 ModularCodeGen3_A2.java
-rw-rw-r--   1 travis travis    856 Sep  8 19:03 ModularCodeGen3_A2.mk
-rw-rw-r--   1 travis travis   1445 Sep  8 19:03 ModularCodeGen3_A2_profile.class
-rw-rw-r--   1 travis travis   1716 Sep  8 19:03 ModularCodeGen3_A2_profile.java
-rw-rw-r--   1 travis travis   4026 Sep  8 19:03 ModularCodeGen4_A1_B1.class
-rw-rw-r--   1 travis travis  10312 Sep  8 19:03 ModularCodeGen4_A1_B1.java
-rw-rw-r--   1 travis travis    880 Sep  8 19:03 ModularCodeGen4_A1_B1.mk
-rw-rw-r--   1 travis travis   1330 Sep  8 19:03 ModularCodeGen4_A1_B1_profile.class
-rw-rw-r--   1 travis travis   1273 Sep  8 19:03 ModularCodeGen4_A1_B1_profile.java
-rw-rw-r--   1 travis travis   4026 Sep  8 19:03 ModularCodeGen4_A1_B2.class
-rw-rw-r--   1 travis travis  10312 Sep  8 19:03 ModularCodeGen4_A1_B2.java
-rw-rw-r--   1 travis travis    880 Sep  8 19:03 ModularCodeGen4_A1_B2.mk
-rw-rw-r--   1 travis travis   1330 Sep  8 19:03 ModularCodeGen4_A1_B2_profile.class
-rw-rw-r--   1 travis travis   1273 Sep  8 19:03 ModularCodeGen4_A1_B2_profile.java
-rw-rw-r--   1 travis travis   5333 Sep  8 19:03 ModularCodeGen4_A1.class
-rw-rw-r--   1 travis travis  16245 Sep  8 19:03 ModularCodeGen4_A1.java
-rw-rw-r--   1 travis travis    856 Sep  8 19:03 ModularCodeGen4_A1.mk
-rw-rw-r--   1 travis travis   1445 Sep  8 19:03 ModularCodeGen4_A1_profile.class
-rw-rw-r--   1 travis travis   1712 Sep  8 19:03 ModularCodeGen4_A1_profile.java
-rw-rw-r--   1 travis travis   4220 Sep  8 19:03 ModularCodeGen4_A2_B1.class
-rw-rw-r--   1 travis travis  11375 Sep  8 19:03 ModularCodeGen4_A2_B1.java
-rw-rw-r--   1 travis travis    880 Sep  8 19:03 ModularCodeGen4_A2_B1.mk
-rw-rw-r--   1 travis travis   1393 Sep  8 19:03 ModularCodeGen4_A2_B1_profile.class
-rw-rw-r--   1 travis travis   1454 Sep  8 19:03 ModularCodeGen4_A2_B1_profile.java
-rw-rw-r--   1 travis travis   4074 Sep  8 19:04 ModularCodeGen4_A2_B2.class
-rw-rw-r--   1 travis travis  10378 Sep  8 19:04 ModularCodeGen4_A2_B2.java
-rw-rw-r--   1 travis travis    880 Sep  8 19:04 ModularCodeGen4_A2_B2.mk
-rw-rw-r--   1 travis travis   1330 Sep  8 19:04 ModularCodeGen4_A2_B2_profile.class
-rw-rw-r--   1 travis travis   1270 Sep  8 19:03 ModularCodeGen4_A2_B2_profile.java
-rw-rw-r--   1 travis travis   5506 Sep  8 19:04 ModularCodeGen4_A2.class
-rw-rw-r--   1 travis travis  16770 Sep  8 19:04 ModularCodeGen4_A2.java
-rw-rw-r--   1 travis travis    856 Sep  8 19:04 ModularCodeGen4_A2.mk
-rw-rw-r--   1 travis travis   1445 Sep  8 19:04 ModularCodeGen4_A2_profile.class
-rw-rw-r--   1 travis travis   1712 Sep  8 19:04 ModularCodeGen4_A2_profile.java
-rw-rw-r--   1 travis travis   7070 Sep  8 19:04 ModularCodeGen5_A_A.class
-rw-rw-r--   1 travis travis  28721 Sep  8 19:04 ModularCodeGen5_A_A.java
-rw-rw-r--   1 travis travis    864 Sep  8 19:04 ModularCodeGen5_A_A.mk
-rw-rw-r--   1 travis travis   1520 Sep  8 19:04 ModularCodeGen5_A_A_profile.class
-rw-rw-r--   1 travis travis   1815 Sep  8 19:04 ModularCodeGen5_A_A_profile.java
-rw-rw-r--   1 travis travis   5347 Sep  8 19:04 ModularCodeGen5_A.class
-rw-rw-r--   1 travis travis  13769 Sep  8 19:04 ModularCodeGen5_A.java
-rw-rw-r--   1 travis travis    848 Sep  8 19:04 ModularCodeGen5_A.mk
-rw-rw-r--   1 travis travis   1422 Sep  8 19:04 ModularCodeGen5_A_profile.class
-rw-rw-r--   1 travis travis   1605 Sep  8 19:04 ModularCodeGen5_A_profile.java
-rw-rw-r--   1 travis travis   4357 Sep  8 19:04 ModularCodeGen6_A_A2.class
-rw-rw-r--   1 travis travis  11329 Sep  8 19:04 ModularCodeGen6_A_A2.java
-rw-rw-r--   1 travis travis    872 Sep  8 19:04 ModularCodeGen6_A_A2.mk
-rw-rw-r--   1 travis travis   1351 Sep  8 19:04 ModularCodeGen6_A_A2_profile.class
-rw-rw-r--   1 travis travis   1364 Sep  8 19:04 ModularCodeGen6_A_A2_profile.java
-rw-rw-r--   1 travis travis   4340 Sep  8 19:04 ModularCodeGen6_A_A.class
-rw-rw-r--   1 travis travis  11221 Sep  8 19:04 ModularCodeGen6_A_A.java
-rw-rw-r--   1 travis travis    864 Sep  8 19:04 ModularCodeGen6_A_A.mk
-rw-rw-r--   1 travis travis   1348 Sep  8 19:04 ModularCodeGen6_A_A_profile.class
-rw-rw-r--   1 travis travis   1361 Sep  8 19:04 ModularCodeGen6_A_A_profile.java
-rw-rw-r--   1 travis travis   1810 Sep  8 19:04 ModularCodeGen6_A_profile.java
-rw-rw-r--   1 travis travis   4186 Sep  8 19:03 ModularCodeGen_ModularCodeGenTypedCompositeActor.class
-rw-rw-r--   1 travis travis  10970 Sep  8 19:03 ModularCodeGen_ModularCodeGenTypedCompositeActor.java
-rw-rw-r--   1 travis travis   1096 Sep  8 19:03 ModularCodeGen_ModularCodeGenTypedCompositeActor.mk
-rw-rw-r--   1 travis travis   1384 Sep  8 19:03 ModularCodeGen_ModularCodeGenTypedCompositeActor_profile.class
-rw-rw-r--   1 travis travis   1328 Sep  8 19:03 ModularCodeGen_ModularCodeGenTypedCompositeActor_profile.java
-rw-rw-r--   1 travis travis   3724 Sep  8 19:02 ModularCodeGenTest_A1_A2.class
-rw-rw-r--   1 travis travis   9164 Sep  8 19:02 ModularCodeGenTest_A1_A2.java
-rw-rw-r--   1 travis travis   1306 Sep  8 19:02 ModularCodeGenTest_A1_A2_profile.class
-rw-rw-r--   1 travis travis   4055 Sep  8 19:02 ModularCodeGenTest_A1.class
-rw-rw-r--   1 travis travis   9968 Sep  8 19:02 ModularCodeGenTest_A1.java
-rw-rw-r--   1 travis travis    880 Sep  8 19:02 ModularCodeGenTest_A1.mk
-rw-rw-r--   1 travis travis   1352 Sep  8 19:02 ModularCodeGenTest_A1_profile.class
-rw-rw-r--   1 travis travis   1394 Sep  8 19:02 ModularCodeGenTest_A1_profile.java
drwxrwxr-x   3 travis travis  32768 Sep  8 19:02 modulation2
drwxrwxr-x 188 travis travis  12288 Sep  8 19:02 node_modules
drwxrwxr-x   3 travis travis  20480 Sep  8 18:58 PhaseUnwrap
drwxrwxr-x   3 travis travis  12288 Sep  8 18:59 ReadFile1
-rw-rw-r--   1 travis travis     11 Sep  8 18:58 ReadFile1Output.txt
-rw-rw-r--   1 travis travis  13773 Sep  8 19:02 Repeat.class
-rw-rw-r--   1 travis travis    685 Sep  8 19:02 Repeat$_fireFunction_Repeat_Repeat$__f_sL_11.class
-rw-rw-r--   1 travis travis    541 Sep  8 19:02 Repeat$_fireFunction_Repeat_Repeat$__f_sL_12.class
-rw-rw-r--   1 travis travis    541 Sep  8 19:02 Repeat$_fireFunction_Repeat_Repeat$__f_sL_13.class
-rw-rw-r--   1 travis travis    541 Sep  8 19:02 Repeat$_fireFunction_Repeat_Repeat$__f_sL_14.class
-rw-rw-r--   1 travis travis    684 Sep  8 19:02 Repeat$_fireFunction_Repeat_Repeat$__f_sL_1.class
-rw-rw-r--   1 travis travis    683 Sep  8 19:02 Repeat$_fireFunction_Repeat_Repeat$__f_sL_4.class
-rw-rw-r--   1 travis travis    539 Sep  8 19:02 Repeat$_fireFunction_Repeat_Repeat$__f_sL_9.class
-rw-rw-r--   1 travis travis    494 Sep  8 19:02 Repeat$_initialize_Repeat$__i_sL_2.class
-rw-rw-r--   1 travis travis   1281 Sep  8 19:02 Repeat.mk
-rw-rw-r--   1 travis travis    539 Sep  8 19:02 Repeat$_preinitializeMethod_Repeat$__p_sL_0.class
-rw-rw-r--   1 travis travis   1102 Sep  8 19:02 Repeat$_Repeat$_fireFunction_Repeat_AddSubtract_Repeat.class
-rw-rw-r--   1 travis travis    810 Sep  8 19:02 Repeat$_Repeat$_fireFunction_Repeat_AddSubtract_Repeat$__f_sL_0.class
-rw-rw-r--   1 travis travis    928 Sep  8 19:02 Repeat$_Repeat$_fireFunction_Repeat_AddSubtract_Repeat$__f_sL_1.class
-rw-rw-r--   1 travis travis    934 Sep  8 19:02 Repeat$_Repeat$_fireFunction_Repeat_AddSubtract_Repeat$__f_sL_2.class
-rw-rw-r--   1 travis travis    862 Sep  8 19:02 Repeat$_Repeat$_fireFunction_Repeat_AddSubtract_Repeat$__f_sL_3.class
-rw-rw-r--   1 travis travis    757 Sep  8 19:02 Repeat$_Repeat$_fireFunction_Repeat_Ramp2_Repeat$__f_sL_0.class
-rw-rw-r--   1 travis travis    888 Sep  8 19:02 Repeat$_Repeat$_fireFunction_Repeat_Test_Repeat$__f_sL_0.class
-rw-rw-r--   1 travis travis    634 Sep  8 19:02 Repeat$_Repeat$_fireFunction_Repeat_Test_Repeat$__f_sL_1.class
-rw-rw-r--   1 travis travis    704 Sep  8 19:02 Repeat$_Repeat_SDF_Director_run_Repeat$__R_sL_0.class
-rw-rw-r--   1 travis travis    705 Sep  8 19:02 Repeat$_Repeat_SDF_Director_run_Repeat$__R_sL_11.class
-rw-rw-r--   1 travis travis    561 Sep  8 19:02 Repeat$_Repeat_SDF_Director_run_Repeat$__R_sL_13.class
-rw-rw-r--   1 travis travis    559 Sep  8 19:02 Repeat$_Repeat_SDF_Director_run_Repeat$__R_sL_2.class
-rw-rw-r--   1 travis travis    703 Sep  8 19:02 Repeat$_Repeat_SDF_Director_run_Repeat$__R_sL_3.class
-rw-rw-r--   1 travis travis    559 Sep  8 19:02 Repeat$_Repeat_SDF_Director_run_Repeat$__R_sL_5.class
-rw-rw-r--   1 travis travis    559 Sep  8 19:02 Repeat$_Repeat_SDF_Director_run_Repeat$__R_sL_8.class
drwxrwxr-x   2 travis travis   4096 Sep  8 19:02 RepeatVariables
-rw-rw-r--   1 travis travis    882 Sep  8 19:02 Repeat$_varinit_Repeat.class
-rw-rw-r--   1 travis travis    550 Sep  8 19:02 Repeat$_varinit_Repeat$__v_sL_2.class
-rw-rw-r--   1 travis travis    924 Sep  8 19:02 Repeat$_varinit_Repeat$__v_sL_4.class
-rw-rw-r--   1 travis travis    978 Sep  8 19:02 Repeat$_wrapup_Repeat$__w_sL_1.class
drwxrwxr-x   3 travis travis  20480 Sep  8 18:59 Sinewave
drwxrwxr-x   3 travis travis  32768 Sep  8 19:00 StringFunction
drwxrwxr-x   3 travis travis  12288 Sep  8 19:00 StringLength
drwxrwxr-x   3 travis travis  61440 Sep  8 19:00 StringMatches2
drwxrwxr-x   3 travis travis  61440 Sep  8 19:01 StringSimpleReplace
drwxrwxr-x   3 travis travis  65536 Sep  8 19:01 StringSubstring
drwxrwxr-x   3 travis travis  24576 Sep  8 19:01 StringSubstring2
drwxrwxr-x   3 travis travis  16384 Sep  8 19:02 time1
drwxrwxr-x   3 travis travis  12288 Sep  8 19:02 time5
-rw-rw-r--   1 travis travis    432 Sep  8 19:04 Token.class
-rw-rw-r--   1 travis travis    251 Sep  8 19:04 Token.java
-rwxrwxr-x   1 travis travis 466992 Sep  8 18:56 top
-rw-rw-r--   1 travis travis  20502 Sep  8 18:56 top.c
-rw-rw-r--   1 travis travis   3799 Sep  8 19:02 top.class
-rw-rw-r--   1 travis travis   1257 Sep  8 19:02 top.mk
All Done
Writing ModularCodeGen6_A.java in file:/home/travis/cg/ (26535 characters)
Reading "ptolemy/cg/kernel/generic/program/procedural/java/modular/makefile.in",
    writing "/home/travis/cg/ModularCodeGen6_A.mk"
Using ptolemy/cg/kernel/generic/program/procedural/java/modular/makefile.in
In "/home/travis/cg", about to execute:
    make -f ModularCodeGen6_A.mk
javac -classpath ".:.."    ModularCodeGen6_A.java
All Done
8377 ms. Memory: 129024K Free: 65890K (51%)
----------------- Invoking toplevel() on ptolemy.moml.MoMLSimpleApplication@46609384
----------------- Done invoking toplevel() on ptolemy.moml.MoMLSimpleApplication@46609384
reloadAllAccessors: .ModularCodeGen6

===========================================================================================
----------------- testing Wed Sep 08 19:04:17 UTC 2021 /home/travis/build/icyphy/ptII/ptolemy/cg/lib/test/auto/ModularCodeGenLazyPubSub.xml
----------------- Instantiating /home/travis/build/icyphy/ptII/ptolemy/cg/lib/test/auto/ModularCodeGenLazyPubSub.xml
In "/home/travis/cg", about to execute:
    pwd
In "/home/travis/cg", about to execute:
    ls -l
/home/travis/cg
In "/home/travis/cg", about to execute:
    javac -classpath
.:/home/travis/build/icyphy/ptII:/home/travis/build/icyphy/ptII/lib/asm-all-5.2
.jar:/home/travis/build/icyphy/ptII/lib/nashorn-core-15.3.jar:/home/travis/buil
d/icyphy/ptII/lib/bsh-2.0b4.jar:/home/travis/build/icyphy/ptII/lib/ptCal.jar:/h
ome/travis/build/icyphy/ptII/lib/java_cup.jar:/home/travis/build/icyphy/ptII/li
b/saxon8.jar:/home/travis/build/icyphy/ptII/lib/saxon8-dom.jar:/home/travis/bui
ld/icyphy/ptII/lib/chic.jar:/home/travis/build/icyphy/ptII/lib/ptcolt.jar:/home
/travis/build/icyphy/ptII/vendors/misc/itext/iText.jar:/home/travis/build/icyph
y/ptII/lib/g4ltl.jar:/home/travis/build/icyphy/ptII/lib/StructuralCoder.jar:/ho
me/travis/build/icyphy/ptII/lib/jcerti.jar:/home/travis/build/icyphy/ptII/lib/j
avax.mail.jar:/home/travis/build/icyphy/ptII/vendors/JMF-2.1.1e/lib/jmf.jar:/ho
me/travis/build/icyphy/ptII/lib/jna-4.0.0-variadic.jar:/home/travis/build/icyph
y/ptII/vendors/misc/joystick/Joystick.jar:/home/travis/build/icyphy/ptII/lib/pt
jacl.jar:/home/travis/build/icyphy/ptII/lib/jsoup-1.14.2.jar:/home/travis/build
/icyphy/ptII/lib/junit-4.8.2.jar:/home/travis/build/icyphy/ptII/lib/JUnitParams
-0.4.0.jar:/home/travis/build/icyphy/ptII/ptolemy/actor/lib/excel/jxl.jar:/home
/travis/build/icyphy/ptII/lib/jython.jar:/home/travis/build/icyphy/ptII/lib/kie
ler.jar:/home/travis/build/icyphy/ptII/vendors/opencv/share/OpenCV/java/opencv-
341.jar:/home/travis/build/icyphy/ptII/lib/oscP5.jar:/home/travis/build/icyphy/
ptII/lib/nrjavaserial-3.11.0.devel.jar:/home/travis/build/icyphy/ptII/vendors/j
3d/lib/Linux/j3dcore.jar:/home/travis/build/icyphy/ptII/vendors/j3d/lib/Linux/j
3dutils.jar:/home/travis/build/icyphy/ptII/vendors/j3d/lib/Linux/vecmath.jar:/h
ome/travis/build/icyphy/ptII/vendors/jogl/lib/Linux/gluegen-rt-natives-linux-am
d64.jar:/home/travis/build/icyphy/ptII/vendors/jogl/lib/Linux/gluegen-rt.jar:/h
ome/travis/build/icyphy/ptII/vendors/jogl/lib/Linux/jogl-all-natives-linux-amd6
4.jar:/home/travis/build/icyphy/ptII/vendors/jogl/lib/Linux/jogl-all.jar:/home/
travis/build/icyphy/ptII/ptolemy/distributed/jini/jar/jini-core.jar:/home/travi
s/build/icyphy/ptII/ptolemy/distributed/jini/jar/jini-ext.jar:/home/travis/buil
d/icyphy/ptII/ptolemy/distributed/jini/jar/sun-util.jar:/home/travis/build/icyp
hy/ptII/lib/protobuf-java-2.4.1.jar:/home/travis/build/icyphy/ptII/lib/org.ecli
pse.paho.client.mqttv3.jar:/home/travis/build/icyphy/ptII/lib/mapss.jar:/home/t
ravis/build/icyphy/ptII/ptolemy/actor/ptalon/antlr/antlr.jar:/home/travis/build
/icyphy/ptII/lib/JRI.jar:/home/travis/build/icyphy/ptII/lib/commons-lang-2.6.ja
r:/home/travis/build/icyphy/ptII/lib/commons-logging-1.1.1.jar:/home/travis/bui
ld/icyphy/ptII/lib/sootclasses.jar:/home/travis/build/icyphy/ptII/ptolemy/actor
/lib/database/mysql-connector-java-8.0.26.jar:/home/travis/build/icyphy/ptII/ve
ndors/misc/sphinx4/sphinx4-data-5prealpha.jar:/home/travis/build/icyphy/ptII/ve
ndors/misc/sphinx4/sphinx4-core-5prealpha.jar:/home/travis/build/icyphy/ptII/li
b/PDFRenderer.jar:/home/travis/build/icyphy/ptII/lib/svgSalamander.jar:/home/tr
avis/build/icyphy/ptII/lib/rsyntaxtextarea-2.6.0-SNAPSHOT.jar:/home/travis/buil
d/icyphy/ptII/lib/hazelcast-3.8.2.jar:/home/travis/build/icyphy/ptII/lib/jackso
n-annotations-2.9.0.jar:/home/travis/build/icyphy/ptII/lib/jackson-core-2.9.3.j
ar:/home/travis/build/icyphy/ptII/lib/jackson-databind-2.9.3.jar:/home/travis/b
uild/icyphy/ptII/lib/netty-buffer-4.1.19.Final.jar:/home/travis/build/icyphy/pt
II/lib/netty-codec-4.1.19.Final.jar:/home/travis/build/icyphy/ptII/lib/netty-co
dec-dns-4.1.19.Final.jar:/home/travis/build/icyphy/ptII/lib/netty-codec-http-4.
1.19.Final.jar:/home/travis/build/icyphy/ptII/lib/netty-codec-http2-4.1.19.Fina
l.jar:/home/travis/build/icyphy/ptII/lib/netty-common-4.1.19.Final.jar:/home/tr
avis/build/icyphy/ptII/lib/netty-handler-4.1.19.Final.jar:/home/travis/build/ic
yphy/ptII/lib/netty-resolver-4.1.19.Final.jar:/home/travis/build/icyphy/ptII/li
b/netty-resolver-dns-4.1.19.Final.jar:/home/travis/build/icyphy/ptII/lib/netty-
transport-4.1.19.Final.jar:/home/travis/build/icyphy/ptII/lib/vertx-codegen-3.5
.1.jar:/home/travis/build/icyphy/ptII/lib/vertx-core-3.5.2-SNAPSHOT.jar:/home/t
ravis/build/icyphy/ptII/lib/vertx-hazelcast-3.5.1.jar:/home/travis/build/icyphy
/ptII/lib/vertx-lang-js-3.5.1.jar:/home/travis/build/icyphy/ptII/lib/vertx-serv
ice-proxy-3.5.1.jar:/home/travis/build/icyphy/ptII/lib/vertx-web-3.5.1.jar:/hom
e/travis/build/icyphy/ptII/lib/slf4j-api-1.7.13.jar:/home/travis/build/icyphy/p
tII/lib/slf4j-simple-1.7.13.jar:/home/travis/build/icyphy/ptII/lib/webcam-captu
re-0.3.12.jar:/home/travis/build/icyphy/ptII/lib/bridj-0.7.0.jar:/home/travis/b
uild/icyphy/ptII/lib/xbjlib-1.1.0.nrjavaserial.jar:/home/travis/build/icyphy/pt
II/ptolemy/moml/test:/home/travis/build/icyphy/ptII/ant/lib/ant-launcher.jar:/h
ome/travis/build/icyphy/ptII/ant/lib/ant.jar:/home/travis/build/icyphy/ptII/ant
/lib/ant-junit.jar:/home/travis/build/icyphy/ptII/ant/lib/ant-junit4.jar:/home/
travis/build/icyphy/ptII
ModularCodeGenLazyPubSub_LazyCompositeActor_profile.java
total 2312
drwxrwxr-x   3 travis travis  12288 Sep  8 18:57 AbsoluteValue
drwxrwxr-x   3 travis travis 102400 Sep  8 18:56 AllColt
drwxrwxr-x   3 travis travis  12288 Sep  8 18:57 Case1
-rw-rw-r--   1 travis travis   5128 Sep  8 19:02 CompiledCompositeActor_CompiledCompositeActor.class
-rw-rw-r--   1 travis travis   1611 Sep  8 19:02 CompiledCompositeActor_CompiledCompositeActor$_CompiledCompositeActor_CompiledCompositeActor.class
-rw-rw-r--   1 travis travis  13466 Sep  8 19:02 CompiledCompositeActor_CompiledCompositeActor.java
-rw-rw-r--   1 travis travis   1593 Sep  8 19:02 CompiledCompositeActor_CompiledCompositeActor.mk
drwxrwxr-x   5 travis travis   4096 Sep  8 18:56 fmi
drwxrwxr-x   3 travis travis  16384 Sep  8 18:57 Gaussian2
-rw-rw-r--   1 travis travis   4684 Sep  8 19:02 JavaCompiledCompositeTest1_CompiledCompositeActor.class
-rw-rw-r--   1 travis travis  11637 Sep  8 19:02 JavaCompiledCompositeTest1_CompiledCompositeActor.java
-rw-rw-r--   1 travis travis   1217 Sep  8 19:02 JavaCompiledCompositeTest1_CompiledCompositeActor$_JavaCompiledCompositeTest1_CompiledCompositeActor.class
-rw-rw-r--   1 travis travis   1625 Sep  8 19:02 JavaCompiledCompositeTest1_CompiledCompositeActor.mk
-rw-rw-r--   1 travis travis   5115 Sep  8 19:02 JavaCompiledCompositeTest2_CompiledCompositeActor.class
-rw-rw-r--   1 travis travis  14919 Sep  8 19:02 JavaCompiledCompositeTest2_CompiledCompositeActor.java
-rw-rw-r--   1 travis travis   1812 Sep  8 19:02 JavaCompiledCompositeTest2_CompiledCompositeActor$_JavaCompiledCompositeTest2_CompiledCompositeActor.class
-rw-rw-r--   1 travis travis   1625 Sep  8 19:02 JavaCompiledCompositeTest2_CompiledCompositeActor.mk
-rw-rw-r--   1 travis travis   4732 Sep  8 19:02 JavaCompiledCompositeTest3_CompiledCompositeActor.class
-rw-rw-r--   1 travis travis  13080 Sep  8 19:02 JavaCompiledCompositeTest3_CompiledCompositeActor.java
-rw-rw-r--   1 travis travis   1397 Sep  8 19:02 JavaCompiledCompositeTest3_CompiledCompositeActor$_JavaCompiledCompositeTest3_CompiledCompositeActor.class
-rw-rw-r--   1 travis travis   1625 Sep  8 19:02 JavaCompiledCompositeTest3_CompiledCompositeActor.mk
-rw-rw-r--   1 travis travis   4183 Sep  8 19:03 JavaCompiledCompositeTest4_CompiledCompositeActor.class
-rw-rw-r--   1 travis travis   9687 Sep  8 19:02 JavaCompiledCompositeTest4_CompiledCompositeActor.java
-rw-rw-r--   1 travis travis    876 Sep  8 19:03 JavaCompiledCompositeTest4_CompiledCompositeActor$_JavaCompiledCompositeTest4_CompiledCompositeActor.class
-rw-rw-r--   1 travis travis   1625 Sep  8 19:02 JavaCompiledCompositeTest4_CompiledCompositeActor.mk
drwxrwxr-x   3 travis travis  12288 Sep  8 18:58 LookupTable
drwxrwxr-x   3 travis travis  20480 Sep  8 18:58 MaxIndex
-rw-rw-r--   1 travis travis   3925 Sep  8 19:03 ModularCG_A1_B1.class
-rw-rw-r--   1 travis travis   9730 Sep  8 19:03 ModularCG_A1_B1.java
-rw-rw-r--   1 travis travis    832 Sep  8 19:03 ModularCG_A1_B1.mk
-rw-rw-r--   1 travis travis   1318 Sep  8 19:03 ModularCG_A1_B1_profile.class
-rw-rw-r--   1 travis travis   1262 Sep  8 19:03 ModularCG_A1_B1_profile.java
-rw-rw-r--   1 travis travis   3925 Sep  8 19:03 ModularCG_A1_B2.class
-rw-rw-r--   1 travis travis   9730 Sep  8 19:03 ModularCG_A1_B2.java
-rw-rw-r--   1 travis travis    832 Sep  8 19:03 ModularCG_A1_B2.mk
-rw-rw-r--   1 travis travis   1318 Sep  8 19:03 ModularCG_A1_B2_profile.class
-rw-rw-r--   1 travis travis   1262 Sep  8 19:03 ModularCG_A1_B2_profile.java
-rw-rw-r--   1 travis travis   5031 Sep  8 19:03 ModularCG_A1.class
-rw-rw-r--   1 travis travis  14742 Sep  8 19:03 ModularCG_A1.java
-rw-rw-r--   1 travis travis    808 Sep  8 19:03 ModularCG_A1.mk
-rw-rw-r--   1 travis travis   1433 Sep  8 19:03 ModularCG_A1_profile.class
-rw-rw-r--   1 travis travis   1704 Sep  8 19:03 ModularCG_A1_profile.java
-rw-rw-r--   1 travis travis   4059 Sep  8 19:03 ModularCG_A2_B1.class
-rw-rw-r--   1 travis travis  10667 Sep  8 19:03 ModularCG_A2_B1.java
-rw-rw-r--   1 travis travis    832 Sep  8 19:03 ModularCG_A2_B1.mk
-rw-rw-r--   1 travis travis   1381 Sep  8 19:03 ModularCG_A2_B1_profile.class
-rw-rw-r--   1 travis travis   1446 Sep  8 19:03 ModularCG_A2_B1_profile.java
-rw-rw-r--   1 travis travis   3925 Sep  8 19:03 ModularCG_A2_B2.class
-rw-rw-r--   1 travis travis   9730 Sep  8 19:03 ModularCG_A2_B2.java
-rw-rw-r--   1 travis travis    832 Sep  8 19:03 ModularCG_A2_B2.mk
-rw-rw-r--   1 travis travis   1318 Sep  8 19:03 ModularCG_A2_B2_profile.class
-rw-rw-r--   1 travis travis   1262 Sep  8 19:03 ModularCG_A2_B2_profile.java
-rw-rw-r--   1 travis travis   5102 Sep  8 19:03 ModularCG_A2.class
-rw-rw-r--   1 travis travis  15129 Sep  8 19:03 ModularCG_A2.java
-rw-rw-r--   1 travis travis    808 Sep  8 19:03 ModularCG_A2.mk
-rw-rw-r--   1 travis travis   1433 Sep  8 19:03 ModularCG_A2_profile.class
-rw-rw-r--   1 travis travis   1704 Sep  8 19:03 ModularCG_A2_profile.java
-rw-rw-r--   1 travis travis   3705 Sep  8 19:03 ModularCGPubSub_A1_A2.class
-rw-rw-r--   1 travis travis   9076 Sep  8 19:03 ModularCGPubSub_A1_A2.java
-rw-rw-r--   1 travis travis    880 Sep  8 19:03 ModularCGPubSub_A1_A2.mk
-rw-rw-r--   1 travis travis   1300 Sep  8 19:03 ModularCGPubSub_A1_A2_profile.class
-rw-rw-r--   1 travis travis   1222 Sep  8 19:03 ModularCGPubSub_A1_A2_profile.java
-rw-rw-r--   1 travis travis   4022 Sep  8 19:03 ModularCGPubSub_A1.class
-rw-rw-r--   1 travis travis   9836 Sep  8 19:03 ModularCGPubSub_A1.java
-rw-rw-r--   1 travis travis    856 Sep  8 19:03 ModularCGPubSub_A1.mk
-rw-rw-r--   1 travis travis   1346 Sep  8 19:03 ModularCGPubSub_A1_profile.class
-rw-rw-r--   1 travis travis   1388 Sep  8 19:03 ModularCGPubSub_A1_profile.java
-rw-rw-r--   1 travis travis   4220 Sep  8 19:03 ModularCodeGen2_ModularCodeGenTypedCompositeActor.class
-rw-rw-r--   1 travis travis  11690 Sep  8 19:03 ModularCodeGen2_ModularCodeGenTypedCompositeActor.java
-rw-rw-r--   1 travis travis   1104 Sep  8 19:03 ModularCodeGen2_ModularCodeGenTypedCompositeActor.mk
-rw-rw-r--   1 travis travis   4504 Sep  8 19:03 ModularCodeGen2_ModularCodeGenTypedCompositeActor_ModularCodeGenTypedCompositeActor.class
-rw-rw-r--   1 travis travis  11790 Sep  8 19:03 ModularCodeGen2_ModularCodeGenTypedCompositeActor_ModularCodeGenTypedCompositeActor.java
-rw-rw-r--   1 travis travis   1376 Sep  8 19:03 ModularCodeGen2_ModularCodeGenTypedCompositeActor_ModularCodeGenTypedCompositeActor.mk
-rw-rw-r--   1 travis travis   1421 Sep  8 19:03 ModularCodeGen2_ModularCodeGenTypedCompositeActor_ModularCodeGenTypedCompositeActor_profile.class
-rw-rw-r--   1 travis travis   1294 Sep  8 19:03 ModularCodeGen2_ModularCodeGenTypedCompositeActor_ModularCodeGenTypedCompositeActor_profile.java
-rw-rw-r--   1 travis travis    820 Sep  8 19:03 ModularCodeGen2_ModularCodeGenTypedCompositeActor_profile.class
-rw-rw-r--   1 travis travis    693 Sep  8 19:03 ModularCodeGen2_ModularCodeGenTypedCompositeActor_profile.java
-rw-rw-r--   1 travis travis   3973 Sep  8 19:03 ModularCodeGen3_A1_B1.class
-rw-rw-r--   1 travis travis   9958 Sep  8 19:03 ModularCodeGen3_A1_B1.java
-rw-rw-r--   1 travis travis    880 Sep  8 19:03 ModularCodeGen3_A1_B1.mk
-rw-rw-r--   1 travis travis   1330 Sep  8 19:03 ModularCodeGen3_A1_B1_profile.class
-rw-rw-r--   1 travis travis   1274 Sep  8 19:03 ModularCodeGen3_A1_B1_profile.java
-rw-rw-r--   1 travis travis   3973 Sep  8 19:03 ModularCodeGen3_A1_B2.class
-rw-rw-r--   1 travis travis   9958 Sep  8 19:03 ModularCodeGen3_A1_B2.java
-rw-rw-r--   1 travis travis    880 Sep  8 19:03 ModularCodeGen3_A1_B2.mk
-rw-rw-r--   1 travis travis   1330 Sep  8 19:03 ModularCodeGen3_A1_B2_profile.class
-rw-rw-r--   1 travis travis   1274 Sep  8 19:03 ModularCodeGen3_A1_B2_profile.java
-rw-rw-r--   1 travis travis   5193 Sep  8 19:03 ModularCodeGen3_A1.class
-rw-rw-r--   1 travis travis  15564 Sep  8 19:03 ModularCodeGen3_A1.java
-rw-rw-r--   1 travis travis    856 Sep  8 19:03 ModularCodeGen3_A1.mk
-rw-rw-r--   1 travis travis   1445 Sep  8 19:03 ModularCodeGen3_A1_profile.class
-rw-rw-r--   1 travis travis   1716 Sep  8 19:03 ModularCodeGen3_A1_profile.java
-rw-rw-r--   1 travis travis   4119 Sep  8 19:03 ModularCodeGen3_A2_B1.class
-rw-rw-r--   1 travis travis  10955 Sep  8 19:03 ModularCodeGen3_A2_B1.java
-rw-rw-r--   1 travis travis    880 Sep  8 19:03 ModularCodeGen3_A2_B1.mk
-rw-rw-r--   1 travis travis   1393 Sep  8 19:03 ModularCodeGen3_A2_B1_profile.class
-rw-rw-r--   1 travis travis   1458 Sep  8 19:03 ModularCodeGen3_A2_B1_profile.java
-rw-rw-r--   1 travis travis   3973 Sep  8 19:03 ModularCodeGen3_A2_B2.class
-rw-rw-r--   1 travis travis   9958 Sep  8 19:03 ModularCodeGen3_A2_B2.java
-rw-rw-r--   1 travis travis    880 Sep  8 19:03 ModularCodeGen3_A2_B2.mk
-rw-rw-r--   1 travis travis   1330 Sep  8 19:03 ModularCodeGen3_A2_B2_profile.class
-rw-rw-r--   1 travis travis   1274 Sep  8 19:03 ModularCodeGen3_A2_B2_profile.java
-rw-rw-r--   1 travis travis   5270 Sep  8 19:03 ModularCodeGen3_A2.class
-rw-rw-r--   1 travis travis  15957 Sep  8 19:03 ModularCodeGen3_A2.java
-rw-rw-r--   1 travis travis    856 Sep  8 19:03 ModularCodeGen3_A2.mk
-rw-rw-r--   1 travis travis   1445 Sep  8 19:03 ModularCodeGen3_A2_profile.class
-rw-rw-r--   1 travis travis   1716 Sep  8 19:03 ModularCodeGen3_A2_profile.java
-rw-rw-r--   1 travis travis   4026 Sep  8 19:03 ModularCodeGen4_A1_B1.class
-rw-rw-r--   1 travis travis  10312 Sep  8 19:03 ModularCodeGen4_A1_B1.java
-rw-rw-r--   1 travis travis    880 Sep  8 19:03 ModularCodeGen4_A1_B1.mk
-rw-rw-r--   1 travis travis   1330 Sep  8 19:03 ModularCodeGen4_A1_B1_profile.class
-rw-rw-r--   1 travis travis   1273 Sep  8 19:03 ModularCodeGen4_A1_B1_profile.java
-rw-rw-r--   1 travis travis   4026 Sep  8 19:03 ModularCodeGen4_A1_B2.class
-rw-rw-r--   1 travis travis  10312 Sep  8 19:03 ModularCodeGen4_A1_B2.java
-rw-rw-r--   1 travis travis    880 Sep  8 19:03 ModularCodeGen4_A1_B2.mk
-rw-rw-r--   1 travis travis   1330 Sep  8 19:03 ModularCodeGen4_A1_B2_profile.class
-rw-rw-r--   1 travis travis   1273 Sep  8 19:03 ModularCodeGen4_A1_B2_profile.java
-rw-rw-r--   1 travis travis   5333 Sep  8 19:03 ModularCodeGen4_A1.class
-rw-rw-r--   1 travis travis  16245 Sep  8 19:03 ModularCodeGen4_A1.java
-rw-rw-r--   1 travis travis    856 Sep  8 19:03 ModularCodeGen4_A1.mk
-rw-rw-r--   1 travis travis   1445 Sep  8 19:03 ModularCodeGen4_A1_profile.class
-rw-rw-r--   1 travis travis   1712 Sep  8 19:03 ModularCodeGen4_A1_profile.java
-rw-rw-r--   1 travis travis   4220 Sep  8 19:03 ModularCodeGen4_A2_B1.class
-rw-rw-r--   1 travis travis  11375 Sep  8 19:03 ModularCodeGen4_A2_B1.java
-rw-rw-r--   1 travis travis    880 Sep  8 19:03 ModularCodeGen4_A2_B1.mk
-rw-rw-r--   1 travis travis   1393 Sep  8 19:03 ModularCodeGen4_A2_B1_profile.class
-rw-rw-r--   1 travis travis   1454 Sep  8 19:03 ModularCodeGen4_A2_B1_profile.java
-rw-rw-r--   1 travis travis   4074 Sep  8 19:04 ModularCodeGen4_A2_B2.class
-rw-rw-r--   1 travis travis  10378 Sep  8 19:04 ModularCodeGen4_A2_B2.java
-rw-rw-r--   1 travis travis    880 Sep  8 19:04 ModularCodeGen4_A2_B2.mk
-rw-rw-r--   1 travis travis   1330 Sep  8 19:04 ModularCodeGen4_A2_B2_profile.class
-rw-rw-r--   1 travis travis   1270 Sep  8 19:03 ModularCodeGen4_A2_B2_profile.java
-rw-rw-r--   1 travis travis   5506 Sep  8 19:04 ModularCodeGen4_A2.class
-rw-rw-r--   1 travis travis  16770 Sep  8 19:04 ModularCodeGen4_A2.java
-rw-rw-r--   1 travis travis    856 Sep  8 19:04 ModularCodeGen4_A2.mk
-rw-rw-r--   1 travis travis   1445 Sep  8 19:04 ModularCodeGen4_A2_profile.class
-rw-rw-r--   1 travis travis   1712 Sep  8 19:04 ModularCodeGen4_A2_profile.java
-rw-rw-r--   1 travis travis   7070 Sep  8 19:04 ModularCodeGen5_A_A.class
-rw-rw-r--   1 travis travis  28721 Sep  8 19:04 ModularCodeGen5_A_A.java
-rw-rw-r--   1 travis travis    864 Sep  8 19:04 ModularCodeGen5_A_A.mk
-rw-rw-r--   1 travis travis   1520 Sep  8 19:04 ModularCodeGen5_A_A_profile.class
-rw-rw-r--   1 travis travis   1815 Sep  8 19:04 ModularCodeGen5_A_A_profile.java
-rw-rw-r--   1 travis travis   5347 Sep  8 19:04 ModularCodeGen5_A.class
-rw-rw-r--   1 travis travis  13769 Sep  8 19:04 ModularCodeGen5_A.java
-rw-rw-r--   1 travis travis    848 Sep  8 19:04 ModularCodeGen5_A.mk
-rw-rw-r--   1 travis travis   1422 Sep  8 19:04 ModularCodeGen5_A_profile.class
-rw-rw-r--   1 travis travis   1605 Sep  8 19:04 ModularCodeGen5_A_profile.java
-rw-rw-r--   1 travis travis   4357 Sep  8 19:04 ModularCodeGen6_A_A2.class
-rw-rw-r--   1 travis travis  11329 Sep  8 19:04 ModularCodeGen6_A_A2.java
-rw-rw-r--   1 travis travis    872 Sep  8 19:04 ModularCodeGen6_A_A2.mk
-rw-rw-r--   1 travis travis   1351 Sep  8 19:04 ModularCodeGen6_A_A2_profile.class
-rw-rw-r--   1 travis travis   1364 Sep  8 19:04 ModularCodeGen6_A_A2_profile.java
-rw-rw-r--   1 travis travis   4340 Sep  8 19:04 ModularCodeGen6_A_A.class
-rw-rw-r--   1 travis travis  11221 Sep  8 19:04 ModularCodeGen6_A_A.java
-rw-rw-r--   1 travis travis    864 Sep  8 19:04 ModularCodeGen6_A_A.mk
-rw-rw-r--   1 travis travis   1348 Sep  8 19:04 ModularCodeGen6_A_A_profile.class
-rw-rw-r--   1 travis travis   1361 Sep  8 19:04 ModularCodeGen6_A_A_profile.java
-rw-rw-r--   1 travis travis   7469 Sep  8 19:04 ModularCodeGen6_A.class
-rw-rw-r--   1 travis travis  26535 Sep  8 19:04 ModularCodeGen6_A.java
-rw-rw-r--   1 travis travis    848 Sep  8 19:04 ModularCodeGen6_A.mk
-rw-rw-r--   1 travis travis   1483 Sep  8 19:04 ModularCodeGen6_A_profile.class
-rw-rw-r--   1 travis travis   1810 Sep  8 19:04 ModularCodeGen6_A_profile.java
-rw-rw-r--   1 travis travis   1091 Sep  8 19:04 ModularCodeGenLazyPubSub_LazyCompositeActor_profile.java
-rw-rw-r--   1 travis travis   4186 Sep  8 19:03 ModularCodeGen_ModularCodeGenTypedCompositeActor.class
-rw-rw-r--   1 travis travis  10970 Sep  8 19:03 ModularCodeGen_ModularCodeGenTypedCompositeActor.java
-rw-rw-r--   1 travis travis   1096 Sep  8 19:03 ModularCodeGen_ModularCodeGenTypedCompositeActor.mk
-rw-rw-r--   1 travis travis   1384 Sep  8 19:03 ModularCodeGen_ModularCodeGenTypedCompositeActor_profile.class
-rw-rw-r--   1 travis travis   1328 Sep  8 19:03 ModularCodeGen_ModularCodeGenTypedCompositeActor_profile.java
-rw-rw-r--   1 travis travis   3724 Sep  8 19:02 ModularCodeGenTest_A1_A2.class
-rw-rw-r--   1 travis travis   9164 Sep  8 19:02 ModularCodeGenTest_A1_A2.java
-rw-rw-r--   1 travis travis   1306 Sep  8 19:02 ModularCodeGenTest_A1_A2_profile.class
-rw-rw-r--   1 travis travis   4055 Sep  8 19:02 ModularCodeGenTest_A1.class
-rw-rw-r--   1 travis travis   9968 Sep  8 19:02 ModularCodeGenTest_A1.java
-rw-rw-r--   1 travis travis    880 Sep  8 19:02 ModularCodeGenTest_A1.mk
-rw-rw-r--   1 travis travis   1352 Sep  8 19:02 ModularCodeGenTest_A1_profile.class
-rw-rw-r--   1 travis travis   1394 Sep  8 19:02 ModularCodeGenTest_A1_profile.java
drwxrwxr-x   3 travis travis  32768 Sep  8 19:02 modulation2
drwxrwxr-x 188 travis travis  12288 Sep  8 19:02 node_modules
drwxrwxr-x   3 travis travis  20480 Sep  8 18:58 PhaseUnwrap
drwxrwxr-x   3 travis travis  12288 Sep  8 18:59 ReadFile1
-rw-rw-r--   1 travis travis     11 Sep  8 18:58 ReadFile1Output.txt
-rw-rw-r--   1 travis travis  13773 Sep  8 19:02 Repeat.class
-rw-rw-r--   1 travis travis    685 Sep  8 19:02 Repeat$_fireFunction_Repeat_Repeat$__f_sL_11.class
-rw-rw-r--   1 travis travis    541 Sep  8 19:02 Repeat$_fireFunction_Repeat_Repeat$__f_sL_12.class
-rw-rw-r--   1 travis travis    541 Sep  8 19:02 Repeat$_fireFunction_Repeat_Repeat$__f_sL_13.class
-rw-rw-r--   1 travis travis    541 Sep  8 19:02 Repeat$_fireFunction_Repeat_Repeat$__f_sL_14.class
-rw-rw-r--   1 travis travis    684 Sep  8 19:02 Repeat$_fireFunction_Repeat_Repeat$__f_sL_1.class
-rw-rw-r--   1 travis travis    683 Sep  8 19:02 Repeat$_fireFunction_Repeat_Repeat$__f_sL_4.class
-rw-rw-r--   1 travis travis    539 Sep  8 19:02 Repeat$_fireFunction_Repeat_Repeat$__f_sL_9.class
-rw-rw-r--   1 travis travis    494 Sep  8 19:02 Repeat$_initialize_Repeat$__i_sL_2.class
-rw-rw-r--   1 travis travis   1281 Sep  8 19:02 Repeat.mk
-rw-rw-r--   1 travis travis    539 Sep  8 19:02 Repeat$_preinitializeMethod_Repeat$__p_sL_0.class
-rw-rw-r--   1 travis travis   1102 Sep  8 19:02 Repeat$_Repeat$_fireFunction_Repeat_AddSubtract_Repeat.class
-rw-rw-r--   1 travis travis    810 Sep  8 19:02 Repeat$_Repeat$_fireFunction_Repeat_AddSubtract_Repeat$__f_sL_0.class
-rw-rw-r--   1 travis travis    928 Sep  8 19:02 Repeat$_Repeat$_fireFunction_Repeat_AddSubtract_Repeat$__f_sL_1.class
-rw-rw-r--   1 travis travis    934 Sep  8 19:02 Repeat$_Repeat$_fireFunction_Repeat_AddSubtract_Repeat$__f_sL_2.class
-rw-rw-r--   1 travis travis    862 Sep  8 19:02 Repeat$_Repeat$_fireFunction_Repeat_AddSubtract_Repeat$__f_sL_3.class
-rw-rw-r--   1 travis travis    757 Sep  8 19:02 Repeat$_Repeat$_fireFunction_Repeat_Ramp2_Repeat$__f_sL_0.class
-rw-rw-r--   1 travis travis    888 Sep  8 19:02 Repeat$_Repeat$_fireFunction_Repeat_Test_Repeat$__f_sL_0.class
-rw-rw-r--   1 travis travis    634 Sep  8 19:02 Repeat$_Repeat$_fireFunction_Repeat_Test_Repeat$__f_sL_1.class
-rw-rw-r--   1 travis travis    704 Sep  8 19:02 Repeat$_Repeat_SDF_Director_run_Repeat$__R_sL_0.class
-rw-rw-r--   1 travis travis    705 Sep  8 19:02 Repeat$_Repeat_SDF_Director_run_Repeat$__R_sL_11.class
-rw-rw-r--   1 travis travis    561 Sep  8 19:02 Repeat$_Repeat_SDF_Director_run_Repeat$__R_sL_13.class
-rw-rw-r--   1 travis travis    559 Sep  8 19:02 Repeat$_Repeat_SDF_Director_run_Repeat$__R_sL_2.class
-rw-rw-r--   1 travis travis    703 Sep  8 19:02 Repeat$_Repeat_SDF_Director_run_Repeat$__R_sL_3.class
-rw-rw-r--   1 travis travis    559 Sep  8 19:02 Repeat$_Repeat_SDF_Director_run_Repeat$__R_sL_5.class
-rw-rw-r--   1 travis travis    559 Sep  8 19:02 Repeat$_Repeat_SDF_Director_run_Repeat$__R_sL_8.class
drwxrwxr-x   2 travis travis   4096 Sep  8 19:02 RepeatVariables
-rw-rw-r--   1 travis travis    882 Sep  8 19:02 Repeat$_varinit_Repeat.class
-rw-rw-r--   1 travis travis    550 Sep  8 19:02 Repeat$_varinit_Repeat$__v_sL_2.class
-rw-rw-r--   1 travis travis    924 Sep  8 19:02 Repeat$_varinit_Repeat$__v_sL_4.class
-rw-rw-r--   1 travis travis    978 Sep  8 19:02 Repeat$_wrapup_Repeat$__w_sL_1.class
drwxrwxr-x   3 travis travis  20480 Sep  8 18:59 Sinewave
drwxrwxr-x   3 travis travis  32768 Sep  8 19:00 StringFunction
drwxrwxr-x   3 travis travis  12288 Sep  8 19:00 StringLength
drwxrwxr-x   3 travis travis  61440 Sep  8 19:00 StringMatches2
drwxrwxr-x   3 travis travis  61440 Sep  8 19:01 StringSimpleReplace
drwxrwxr-x   3 travis travis  65536 Sep  8 19:01 StringSubstring
drwxrwxr-x   3 travis travis  24576 Sep  8 19:01 StringSubstring2
drwxrwxr-x   3 travis travis  16384 Sep  8 19:02 time1
drwxrwxr-x   3 travis travis  12288 Sep  8 19:02 time5
-rw-rw-r--   1 travis travis    432 Sep  8 19:04 Token.class
-rw-rw-r--   1 travis travis    251 Sep  8 19:04 Token.java
-rwxrwxr-x   1 travis travis 466992 Sep  8 18:56 top
-rw-rw-r--   1 travis travis  20502 Sep  8 18:56 top.c
-rw-rw-r--   1 travis travis   3799 Sep  8 19:02 top.class
-rw-rw-r--   1 travis travis   1257 Sep  8 19:02 top.mk
All Done
Writing ModularCodeGenLazyPubSub_LazyCompositeActor.java in file:/home/travis/cg/ (11122 characters)
Reading "ptolemy/cg/kernel/generic/program/procedural/java/modular/makefile.in",
    writing "/home/travis/cg/ModularCodeGenLazyPubSub_LazyCompositeActor.mk"
Using ptolemy/cg/kernel/generic/program/procedural/java/modular/makefile.in
In "/home/travis/cg", about to execute:
    make -f ModularCodeGenLazyPubSub_LazyCompositeActor.mk
javac -classpath ".:.."    ModularCodeGenLazyPubSub_LazyCompositeActor.java
All Done
3664 ms. Memory: 129024K Free: 33280K (26%)
----------------- Invoking toplevel() on ptolemy.moml.MoMLSimpleApplication@74e61cc7
----------------- Done invoking toplevel() on ptolemy.moml.MoMLSimpleApplication@74e61cc7
reloadAllAccessors: .ModularCodeGenLazyPubSub

===========================================================================================
----------------- testing Wed Sep 08 19:04:21 UTC 2021 /home/travis/build/icyphy/ptII/ptolemy/cg/lib/test/auto/ModularCodeGenLazyPubSubGlobal.xml
----------------- Instantiating /home/travis/build/icyphy/ptII/ptolemy/cg/lib/test/auto/ModularCodeGenLazyPubSubGlobal.xml
In "/home/travis/cg", about to execute:
    pwd
In "/home/travis/cg", about to execute:
    ls -l
/home/travis/cg
In "/home/travis/cg", about to execute:
    javac -classpath
.:/home/travis/build/icyphy/ptII:/home/travis/build/icyphy/ptII/lib/asm-all-5.2
.jar:/home/travis/build/icyphy/ptII/lib/nashorn-core-15.3.jar:/home/travis/buil
d/icyphy/ptII/lib/bsh-2.0b4.jar:/home/travis/build/icyphy/ptII/lib/ptCal.jar:/h
ome/travis/build/icyphy/ptII/lib/java_cup.jar:/home/travis/build/icyphy/ptII/li
b/saxon8.jar:/home/travis/build/icyphy/ptII/lib/saxon8-dom.jar:/home/travis/bui
ld/icyphy/ptII/lib/chic.jar:/home/travis/build/icyphy/ptII/lib/ptcolt.jar:/home
/travis/build/icyphy/ptII/vendors/misc/itext/iText.jar:/home/travis/build/icyph
y/ptII/lib/g4ltl.jar:/home/travis/build/icyphy/ptII/lib/StructuralCoder.jar:/ho
me/travis/build/icyphy/ptII/lib/jcerti.jar:/home/travis/build/icyphy/ptII/lib/j
avax.mail.jar:/home/travis/build/icyphy/ptII/vendors/JMF-2.1.1e/lib/jmf.jar:/ho
me/travis/build/icyphy/ptII/lib/jna-4.0.0-variadic.jar:/home/travis/build/icyph
y/ptII/vendors/misc/joystick/Joystick.jar:/home/travis/build/icyphy/ptII/lib/pt
jacl.jar:/home/travis/build/icyphy/ptII/lib/jsoup-1.14.2.jar:/home/travis/build
/icyphy/ptII/lib/junit-4.8.2.jar:/home/travis/build/icyphy/ptII/lib/JUnitParams
-0.4.0.jar:/home/travis/build/icyphy/ptII/ptolemy/actor/lib/excel/jxl.jar:/home
/travis/build/icyphy/ptII/lib/jython.jar:/home/travis/build/icyphy/ptII/lib/kie
ler.jar:/home/travis/build/icyphy/ptII/vendors/opencv/share/OpenCV/java/opencv-
341.jar:/home/travis/build/icyphy/ptII/lib/oscP5.jar:/home/travis/build/icyphy/
ptII/lib/nrjavaserial-3.11.0.devel.jar:/home/travis/build/icyphy/ptII/vendors/j
3d/lib/Linux/j3dcore.jar:/home/travis/build/icyphy/ptII/vendors/j3d/lib/Linux/j
3dutils.jar:/home/travis/build/icyphy/ptII/vendors/j3d/lib/Linux/vecmath.jar:/h
ome/travis/build/icyphy/ptII/vendors/jogl/lib/Linux/gluegen-rt-natives-linux-am
d64.jar:/home/travis/build/icyphy/ptII/vendors/jogl/lib/Linux/gluegen-rt.jar:/h
ome/travis/build/icyphy/ptII/vendors/jogl/lib/Linux/jogl-all-natives-linux-amd6
4.jar:/home/travis/build/icyphy/ptII/vendors/jogl/lib/Linux/jogl-all.jar:/home/
travis/build/icyphy/ptII/ptolemy/distributed/jini/jar/jini-core.jar:/home/travi
s/build/icyphy/ptII/ptolemy/distributed/jini/jar/jini-ext.jar:/home/travis/buil
d/icyphy/ptII/ptolemy/distributed/jini/jar/sun-util.jar:/home/travis/build/icyp
hy/ptII/lib/protobuf-java-2.4.1.jar:/home/travis/build/icyphy/ptII/lib/org.ecli
pse.paho.client.mqttv3.jar:/home/travis/build/icyphy/ptII/lib/mapss.jar:/home/t
ravis/build/icyphy/ptII/ptolemy/actor/ptalon/antlr/antlr.jar:/home/travis/build
/icyphy/ptII/lib/JRI.jar:/home/travis/build/icyphy/ptII/lib/commons-lang-2.6.ja
r:/home/travis/build/icyphy/ptII/lib/commons-logging-1.1.1.jar:/home/travis/bui
ld/icyphy/ptII/lib/sootclasses.jar:/home/travis/build/icyphy/ptII/ptolemy/actor
/lib/database/mysql-connector-java-8.0.26.jar:/home/travis/build/icyphy/ptII/ve
ndors/misc/sphinx4/sphinx4-data-5prealpha.jar:/home/travis/build/icyphy/ptII/ve
ndors/misc/sphinx4/sphinx4-core-5prealpha.jar:/home/travis/build/icyphy/ptII/li
b/PDFRenderer.jar:/home/travis/build/icyphy/ptII/lib/svgSalamander.jar:/home/tr
avis/build/icyphy/ptII/lib/rsyntaxtextarea-2.6.0-SNAPSHOT.jar:/home/travis/buil
d/icyphy/ptII/lib/hazelcast-3.8.2.jar:/home/travis/build/icyphy/ptII/lib/jackso
n-annotations-2.9.0.jar:/home/travis/build/icyphy/ptII/lib/jackson-core-2.9.3.j
ar:/home/travis/build/icyphy/ptII/lib/jackson-databind-2.9.3.jar:/home/travis/b
uild/icyphy/ptII/lib/netty-buffer-4.1.19.Final.jar:/home/travis/build/icyphy/pt
II/lib/netty-codec-4.1.19.Final.jar:/home/travis/build/icyphy/ptII/lib/netty-co
dec-dns-4.1.19.Final.jar:/home/travis/build/icyphy/ptII/lib/netty-codec-http-4.
1.19.Final.jar:/home/travis/build/icyphy/ptII/lib/netty-codec-http2-4.1.19.Fina
l.jar:/home/travis/build/icyphy/ptII/lib/netty-common-4.1.19.Final.jar:/home/tr
avis/build/icyphy/ptII/lib/netty-handler-4.1.19.Final.jar:/home/travis/build/ic
yphy/ptII/lib/netty-resolver-4.1.19.Final.jar:/home/travis/build/icyphy/ptII/li
b/netty-resolver-dns-4.1.19.Final.jar:/home/travis/build/icyphy/ptII/lib/netty-
transport-4.1.19.Final.jar:/home/travis/build/icyphy/ptII/lib/vertx-codegen-3.5
.1.jar:/home/travis/build/icyphy/ptII/lib/vertx-core-3.5.2-SNAPSHOT.jar:/home/t
ravis/build/icyphy/ptII/lib/vertx-hazelcast-3.5.1.jar:/home/travis/build/icyphy
/ptII/lib/vertx-lang-js-3.5.1.jar:/home/travis/build/icyphy/ptII/lib/vertx-serv
ice-proxy-3.5.1.jar:/home/travis/build/icyphy/ptII/lib/vertx-web-3.5.1.jar:/hom
e/travis/build/icyphy/ptII/lib/slf4j-api-1.7.13.jar:/home/travis/build/icyphy/p
tII/lib/slf4j-simple-1.7.13.jar:/home/travis/build/icyphy/ptII/lib/webcam-captu
re-0.3.12.jar:/home/travis/build/icyphy/ptII/lib/bridj-0.7.0.jar:/home/travis/b
uild/icyphy/ptII/lib/xbjlib-1.1.0.nrjavaserial.jar:/home/travis/build/icyphy/pt
II/ptolemy/moml/test:/home/travis/build/icyphy/ptII/ant/lib/ant-launcher.jar:/h
ome/travis/build/icyphy/ptII/ant/lib/ant.jar:/home/travis/build/icyphy/ptII/ant
/lib/ant-junit.jar:/home/travis/build/icyphy/ptII/ant/lib/ant-junit4.jar:/home/
travis/build/icyphy/ptII
ModularCodeGenLazyPubSubGlobal_CompositeActor_ModularCodeGenTypedComposite_prof
ile.java
total 2344
drwxrwxr-x   3 travis travis  12288 Sep  8 18:57 AbsoluteValue
drwxrwxr-x   3 travis travis 102400 Sep  8 18:56 AllColt
drwxrwxr-x   3 travis travis  12288 Sep  8 18:57 Case1
-rw-rw-r--   1 travis travis   5128 Sep  8 19:02 CompiledCompositeActor_CompiledCompositeActor.class
-rw-rw-r--   1 travis travis   1611 Sep  8 19:02 CompiledCompositeActor_CompiledCompositeActor$_CompiledCompositeActor_CompiledCompositeActor.class
-rw-rw-r--   1 travis travis  13466 Sep  8 19:02 CompiledCompositeActor_CompiledCompositeActor.java
-rw-rw-r--   1 travis travis   1593 Sep  8 19:02 CompiledCompositeActor_CompiledCompositeActor.mk
drwxrwxr-x   5 travis travis   4096 Sep  8 18:56 fmi
drwxrwxr-x   3 travis travis  16384 Sep  8 18:57 Gaussian2
-rw-rw-r--   1 travis travis   4684 Sep  8 19:02 JavaCompiledCompositeTest1_CompiledCompositeActor.class
-rw-rw-r--   1 travis travis  11637 Sep  8 19:02 JavaCompiledCompositeTest1_CompiledCompositeActor.java
-rw-rw-r--   1 travis travis   1217 Sep  8 19:02 JavaCompiledCompositeTest1_CompiledCompositeActor$_JavaCompiledCompositeTest1_CompiledCompositeActor.class
-rw-rw-r--   1 travis travis   1625 Sep  8 19:02 JavaCompiledCompositeTest1_CompiledCompositeActor.mk
-rw-rw-r--   1 travis travis   5115 Sep  8 19:02 JavaCompiledCompositeTest2_CompiledCompositeActor.class
-rw-rw-r--   1 travis travis  14919 Sep  8 19:02 JavaCompiledCompositeTest2_CompiledCompositeActor.java
-rw-rw-r--   1 travis travis   1812 Sep  8 19:02 JavaCompiledCompositeTest2_CompiledCompositeActor$_JavaCompiledCompositeTest2_CompiledCompositeActor.class
-rw-rw-r--   1 travis travis   1625 Sep  8 19:02 JavaCompiledCompositeTest2_CompiledCompositeActor.mk
-rw-rw-r--   1 travis travis   4732 Sep  8 19:02 JavaCompiledCompositeTest3_CompiledCompositeActor.class
-rw-rw-r--   1 travis travis  13080 Sep  8 19:02 JavaCompiledCompositeTest3_CompiledCompositeActor.java
-rw-rw-r--   1 travis travis   1397 Sep  8 19:02 JavaCompiledCompositeTest3_CompiledCompositeActor$_JavaCompiledCompositeTest3_CompiledCompositeActor.class
-rw-rw-r--   1 travis travis   1625 Sep  8 19:02 JavaCompiledCompositeTest3_CompiledCompositeActor.mk
-rw-rw-r--   1 travis travis   4183 Sep  8 19:03 JavaCompiledCompositeTest4_CompiledCompositeActor.class
-rw-rw-r--   1 travis travis   9687 Sep  8 19:02 JavaCompiledCompositeTest4_CompiledCompositeActor.java
-rw-rw-r--   1 travis travis    876 Sep  8 19:03 JavaCompiledCompositeTest4_CompiledCompositeActor$_JavaCompiledCompositeTest4_CompiledCompositeActor.class
-rw-rw-r--   1 travis travis   1625 Sep  8 19:02 JavaCompiledCompositeTest4_CompiledCompositeActor.mk
drwxrwxr-x   3 travis travis  12288 Sep  8 18:58 LookupTable
drwxrwxr-x   3 travis travis  20480 Sep  8 18:58 MaxIndex
-rw-rw-r--   1 travis travis   3925 Sep  8 19:03 ModularCG_A1_B1.class
-rw-rw-r--   1 travis travis   9730 Sep  8 19:03 ModularCG_A1_B1.java
-rw-rw-r--   1 travis travis    832 Sep  8 19:03 ModularCG_A1_B1.mk
-rw-rw-r--   1 travis travis   1318 Sep  8 19:03 ModularCG_A1_B1_profile.class
-rw-rw-r--   1 travis travis   1262 Sep  8 19:03 ModularCG_A1_B1_profile.java
-rw-rw-r--   1 travis travis   3925 Sep  8 19:03 ModularCG_A1_B2.class
-rw-rw-r--   1 travis travis   9730 Sep  8 19:03 ModularCG_A1_B2.java
-rw-rw-r--   1 travis travis    832 Sep  8 19:03 ModularCG_A1_B2.mk
-rw-rw-r--   1 travis travis   1318 Sep  8 19:03 ModularCG_A1_B2_profile.class
-rw-rw-r--   1 travis travis   1262 Sep  8 19:03 ModularCG_A1_B2_profile.java
-rw-rw-r--   1 travis travis   5031 Sep  8 19:03 ModularCG_A1.class
-rw-rw-r--   1 travis travis  14742 Sep  8 19:03 ModularCG_A1.java
-rw-rw-r--   1 travis travis    808 Sep  8 19:03 ModularCG_A1.mk
-rw-rw-r--   1 travis travis   1433 Sep  8 19:03 ModularCG_A1_profile.class
-rw-rw-r--   1 travis travis   1704 Sep  8 19:03 ModularCG_A1_profile.java
-rw-rw-r--   1 travis travis   4059 Sep  8 19:03 ModularCG_A2_B1.class
-rw-rw-r--   1 travis travis  10667 Sep  8 19:03 ModularCG_A2_B1.java
-rw-rw-r--   1 travis travis    832 Sep  8 19:03 ModularCG_A2_B1.mk
-rw-rw-r--   1 travis travis   1381 Sep  8 19:03 ModularCG_A2_B1_profile.class
-rw-rw-r--   1 travis travis   1446 Sep  8 19:03 ModularCG_A2_B1_profile.java
-rw-rw-r--   1 travis travis   3925 Sep  8 19:03 ModularCG_A2_B2.class
-rw-rw-r--   1 travis travis   9730 Sep  8 19:03 ModularCG_A2_B2.java
-rw-rw-r--   1 travis travis    832 Sep  8 19:03 ModularCG_A2_B2.mk
-rw-rw-r--   1 travis travis   1318 Sep  8 19:03 ModularCG_A2_B2_profile.class
-rw-rw-r--   1 travis travis   1262 Sep  8 19:03 ModularCG_A2_B2_profile.java
-rw-rw-r--   1 travis travis   5102 Sep  8 19:03 ModularCG_A2.class
-rw-rw-r--   1 travis travis  15129 Sep  8 19:03 ModularCG_A2.java
-rw-rw-r--   1 travis travis    808 Sep  8 19:03 ModularCG_A2.mk
-rw-rw-r--   1 travis travis   1433 Sep  8 19:03 ModularCG_A2_profile.class
-rw-rw-r--   1 travis travis   1704 Sep  8 19:03 ModularCG_A2_profile.java
-rw-rw-r--   1 travis travis   3705 Sep  8 19:03 ModularCGPubSub_A1_A2.class
-rw-rw-r--   1 travis travis   9076 Sep  8 19:03 ModularCGPubSub_A1_A2.java
-rw-rw-r--   1 travis travis    880 Sep  8 19:03 ModularCGPubSub_A1_A2.mk
-rw-rw-r--   1 travis travis   1300 Sep  8 19:03 ModularCGPubSub_A1_A2_profile.class
-rw-rw-r--   1 travis travis   1222 Sep  8 19:03 ModularCGPubSub_A1_A2_profile.java
-rw-rw-r--   1 travis travis   4022 Sep  8 19:03 ModularCGPubSub_A1.class
-rw-rw-r--   1 travis travis   9836 Sep  8 19:03 ModularCGPubSub_A1.java
-rw-rw-r--   1 travis travis    856 Sep  8 19:03 ModularCGPubSub_A1.mk
-rw-rw-r--   1 travis travis   1346 Sep  8 19:03 ModularCGPubSub_A1_profile.class
-rw-rw-r--   1 travis travis   1388 Sep  8 19:03 ModularCGPubSub_A1_profile.java
-rw-rw-r--   1 travis travis   4220 Sep  8 19:03 ModularCodeGen2_ModularCodeGenTypedCompositeActor.class
-rw-rw-r--   1 travis travis  11690 Sep  8 19:03 ModularCodeGen2_ModularCodeGenTypedCompositeActor.java
-rw-rw-r--   1 travis travis   1104 Sep  8 19:03 ModularCodeGen2_ModularCodeGenTypedCompositeActor.mk
-rw-rw-r--   1 travis travis   4504 Sep  8 19:03 ModularCodeGen2_ModularCodeGenTypedCompositeActor_ModularCodeGenTypedCompositeActor.class
-rw-rw-r--   1 travis travis  11790 Sep  8 19:03 ModularCodeGen2_ModularCodeGenTypedCompositeActor_ModularCodeGenTypedCompositeActor.java
-rw-rw-r--   1 travis travis   1376 Sep  8 19:03 ModularCodeGen2_ModularCodeGenTypedCompositeActor_ModularCodeGenTypedCompositeActor.mk
-rw-rw-r--   1 travis travis   1421 Sep  8 19:03 ModularCodeGen2_ModularCodeGenTypedCompositeActor_ModularCodeGenTypedCompositeActor_profile.class
-rw-rw-r--   1 travis travis   1294 Sep  8 19:03 ModularCodeGen2_ModularCodeGenTypedCompositeActor_ModularCodeGenTypedCompositeActor_profile.java
-rw-rw-r--   1 travis travis    820 Sep  8 19:03 ModularCodeGen2_ModularCodeGenTypedCompositeActor_profile.class
-rw-rw-r--   1 travis travis    693 Sep  8 19:03 ModularCodeGen2_ModularCodeGenTypedCompositeActor_profile.java
-rw-rw-r--   1 travis travis   3973 Sep  8 19:03 ModularCodeGen3_A1_B1.class
-rw-rw-r--   1 travis travis   9958 Sep  8 19:03 ModularCodeGen3_A1_B1.java
-rw-rw-r--   1 travis travis    880 Sep  8 19:03 ModularCodeGen3_A1_B1.mk
-rw-rw-r--   1 travis travis   1330 Sep  8 19:03 ModularCodeGen3_A1_B1_profile.class
-rw-rw-r--   1 travis travis   1274 Sep  8 19:03 ModularCodeGen3_A1_B1_profile.java
-rw-rw-r--   1 travis travis   3973 Sep  8 19:03 ModularCodeGen3_A1_B2.class
-rw-rw-r--   1 travis travis   9958 Sep  8 19:03 ModularCodeGen3_A1_B2.java
-rw-rw-r--   1 travis travis    880 Sep  8 19:03 ModularCodeGen3_A1_B2.mk
-rw-rw-r--   1 travis travis   1330 Sep  8 19:03 ModularCodeGen3_A1_B2_profile.class
-rw-rw-r--   1 travis travis   1274 Sep  8 19:03 ModularCodeGen3_A1_B2_profile.java
-rw-rw-r--   1 travis travis   5193 Sep  8 19:03 ModularCodeGen3_A1.class
-rw-rw-r--   1 travis travis  15564 Sep  8 19:03 ModularCodeGen3_A1.java
-rw-rw-r--   1 travis travis    856 Sep  8 19:03 ModularCodeGen3_A1.mk
-rw-rw-r--   1 travis travis   1445 Sep  8 19:03 ModularCodeGen3_A1_profile.class
-rw-rw-r--   1 travis travis   1716 Sep  8 19:03 ModularCodeGen3_A1_profile.java
-rw-rw-r--   1 travis travis   4119 Sep  8 19:03 ModularCodeGen3_A2_B1.class
-rw-rw-r--   1 travis travis  10955 Sep  8 19:03 ModularCodeGen3_A2_B1.java
-rw-rw-r--   1 travis travis    880 Sep  8 19:03 ModularCodeGen3_A2_B1.mk
-rw-rw-r--   1 travis travis   1393 Sep  8 19:03 ModularCodeGen3_A2_B1_profile.class
-rw-rw-r--   1 travis travis   1458 Sep  8 19:03 ModularCodeGen3_A2_B1_profile.java
-rw-rw-r--   1 travis travis   3973 Sep  8 19:03 ModularCodeGen3_A2_B2.class
-rw-rw-r--   1 travis travis   9958 Sep  8 19:03 ModularCodeGen3_A2_B2.java
-rw-rw-r--   1 travis travis    880 Sep  8 19:03 ModularCodeGen3_A2_B2.mk
-rw-rw-r--   1 travis travis   1330 Sep  8 19:03 ModularCodeGen3_A2_B2_profile.class
-rw-rw-r--   1 travis travis   1274 Sep  8 19:03 ModularCodeGen3_A2_B2_profile.java
-rw-rw-r--   1 travis travis   5270 Sep  8 19:03 ModularCodeGen3_A2.class
-rw-rw-r--   1 travis travis  15957 Sep  8 19:03 ModularCodeGen3_A2.java
-rw-rw-r--   1 travis travis    856 Sep  8 19:03 ModularCodeGen3_A2.mk
-rw-rw-r--   1 travis travis   1445 Sep  8 19:03 ModularCodeGen3_A2_profile.class
-rw-rw-r--   1 travis travis   1716 Sep  8 19:03 ModularCodeGen3_A2_profile.java
-rw-rw-r--   1 travis travis   4026 Sep  8 19:03 ModularCodeGen4_A1_B1.class
-rw-rw-r--   1 travis travis  10312 Sep  8 19:03 ModularCodeGen4_A1_B1.java
-rw-rw-r--   1 travis travis    880 Sep  8 19:03 ModularCodeGen4_A1_B1.mk
-rw-rw-r--   1 travis travis   1330 Sep  8 19:03 ModularCodeGen4_A1_B1_profile.class
-rw-rw-r--   1 travis travis   1273 Sep  8 19:03 ModularCodeGen4_A1_B1_profile.java
-rw-rw-r--   1 travis travis   4026 Sep  8 19:03 ModularCodeGen4_A1_B2.class
-rw-rw-r--   1 travis travis  10312 Sep  8 19:03 ModularCodeGen4_A1_B2.java
-rw-rw-r--   1 travis travis    880 Sep  8 19:03 ModularCodeGen4_A1_B2.mk
-rw-rw-r--   1 travis travis   1330 Sep  8 19:03 ModularCodeGen4_A1_B2_profile.class
-rw-rw-r--   1 travis travis   1273 Sep  8 19:03 ModularCodeGen4_A1_B2_profile.java
-rw-rw-r--   1 travis travis   5333 Sep  8 19:03 ModularCodeGen4_A1.class
-rw-rw-r--   1 travis travis  16245 Sep  8 19:03 ModularCodeGen4_A1.java
-rw-rw-r--   1 travis travis    856 Sep  8 19:03 ModularCodeGen4_A1.mk
-rw-rw-r--   1 travis travis   1445 Sep  8 19:03 ModularCodeGen4_A1_profile.class
-rw-rw-r--   1 travis travis   1712 Sep  8 19:03 ModularCodeGen4_A1_profile.java
-rw-rw-r--   1 travis travis   4220 Sep  8 19:03 ModularCodeGen4_A2_B1.class
-rw-rw-r--   1 travis travis  11375 Sep  8 19:03 ModularCodeGen4_A2_B1.java
-rw-rw-r--   1 travis travis    880 Sep  8 19:03 ModularCodeGen4_A2_B1.mk
-rw-rw-r--   1 travis travis   1393 Sep  8 19:03 ModularCodeGen4_A2_B1_profile.class
-rw-rw-r--   1 travis travis   1454 Sep  8 19:03 ModularCodeGen4_A2_B1_profile.java
-rw-rw-r--   1 travis travis   4074 Sep  8 19:04 ModularCodeGen4_A2_B2.class
-rw-rw-r--   1 travis travis  10378 Sep  8 19:04 ModularCodeGen4_A2_B2.java
-rw-rw-r--   1 travis travis    880 Sep  8 19:04 ModularCodeGen4_A2_B2.mk
-rw-rw-r--   1 travis travis   1330 Sep  8 19:04 ModularCodeGen4_A2_B2_profile.class
-rw-rw-r--   1 travis travis   1270 Sep  8 19:03 ModularCodeGen4_A2_B2_profile.java
-rw-rw-r--   1 travis travis   5506 Sep  8 19:04 ModularCodeGen4_A2.class
-rw-rw-r--   1 travis travis  16770 Sep  8 19:04 ModularCodeGen4_A2.java
-rw-rw-r--   1 travis travis    856 Sep  8 19:04 ModularCodeGen4_A2.mk
-rw-rw-r--   1 travis travis   1445 Sep  8 19:04 ModularCodeGen4_A2_profile.class
-rw-rw-r--   1 travis travis   1712 Sep  8 19:04 ModularCodeGen4_A2_profile.java
-rw-rw-r--   1 travis travis   7070 Sep  8 19:04 ModularCodeGen5_A_A.class
-rw-rw-r--   1 travis travis  28721 Sep  8 19:04 ModularCodeGen5_A_A.java
-rw-rw-r--   1 travis travis    864 Sep  8 19:04 ModularCodeGen5_A_A.mk
-rw-rw-r--   1 travis travis   1520 Sep  8 19:04 ModularCodeGen5_A_A_profile.class
-rw-rw-r--   1 travis travis   1815 Sep  8 19:04 ModularCodeGen5_A_A_profile.java
-rw-rw-r--   1 travis travis   5347 Sep  8 19:04 ModularCodeGen5_A.class
-rw-rw-r--   1 travis travis  13769 Sep  8 19:04 ModularCodeGen5_A.java
-rw-rw-r--   1 travis travis    848 Sep  8 19:04 ModularCodeGen5_A.mk
-rw-rw-r--   1 travis travis   1422 Sep  8 19:04 ModularCodeGen5_A_profile.class
-rw-rw-r--   1 travis travis   1605 Sep  8 19:04 ModularCodeGen5_A_profile.java
-rw-rw-r--   1 travis travis   4357 Sep  8 19:04 ModularCodeGen6_A_A2.class
-rw-rw-r--   1 travis travis  11329 Sep  8 19:04 ModularCodeGen6_A_A2.java
-rw-rw-r--   1 travis travis    872 Sep  8 19:04 ModularCodeGen6_A_A2.mk
-rw-rw-r--   1 travis travis   1351 Sep  8 19:04 ModularCodeGen6_A_A2_profile.class
-rw-rw-r--   1 travis travis   1364 Sep  8 19:04 ModularCodeGen6_A_A2_profile.java
-rw-rw-r--   1 travis travis   4340 Sep  8 19:04 ModularCodeGen6_A_A.class
-rw-rw-r--   1 travis travis  11221 Sep  8 19:04 ModularCodeGen6_A_A.java
-rw-rw-r--   1 travis travis    864 Sep  8 19:04 ModularCodeGen6_A_A.mk
-rw-rw-r--   1 travis travis   1348 Sep  8 19:04 ModularCodeGen6_A_A_profile.class
-rw-rw-r--   1 travis travis   1361 Sep  8 19:04 ModularCodeGen6_A_A_profile.java
-rw-rw-r--   1 travis travis   7469 Sep  8 19:04 ModularCodeGen6_A.class
-rw-rw-r--   1 travis travis  26535 Sep  8 19:04 ModularCodeGen6_A.java
-rw-rw-r--   1 travis travis    848 Sep  8 19:04 ModularCodeGen6_A.mk
-rw-rw-r--   1 travis travis   1483 Sep  8 19:04 ModularCodeGen6_A_profile.class
-rw-rw-r--   1 travis travis   1810 Sep  8 19:04 ModularCodeGen6_A_profile.java
-rw-rw-r--   1 travis travis   1384 Sep  8 19:04 ModularCodeGenLazyPubSubGlobal_CompositeActor_ModularCodeGenTypedComposite_profile.java
-rw-rw-r--   1 travis travis   4184 Sep  8 19:04 ModularCodeGenLazyPubSub_LazyCompositeActor.class
-rw-rw-r--   1 travis travis  11122 Sep  8 19:04 ModularCodeGenLazyPubSub_LazyCompositeActor.java
-rw-rw-r--   1 travis travis   1056 Sep  8 19:04 ModularCodeGenLazyPubSub_LazyCompositeActor.mk
-rw-rw-r--   1 travis travis   1286 Sep  8 19:04 ModularCodeGenLazyPubSub_LazyCompositeActor_profile.class
-rw-rw-r--   1 travis travis   1091 Sep  8 19:04 ModularCodeGenLazyPubSub_LazyCompositeActor_profile.java
-rw-rw-r--   1 travis travis   4186 Sep  8 19:03 ModularCodeGen_ModularCodeGenTypedCompositeActor.class
-rw-rw-r--   1 travis travis  10970 Sep  8 19:03 ModularCodeGen_ModularCodeGenTypedCompositeActor.java
-rw-rw-r--   1 travis travis   1096 Sep  8 19:03 ModularCodeGen_ModularCodeGenTypedCompositeActor.mk
-rw-rw-r--   1 travis travis   1384 Sep  8 19:03 ModularCodeGen_ModularCodeGenTypedCompositeActor_profile.class
-rw-rw-r--   1 travis travis   1328 Sep  8 19:03 ModularCodeGen_ModularCodeGenTypedCompositeActor_profile.java
-rw-rw-r--   1 travis travis   3724 Sep  8 19:02 ModularCodeGenTest_A1_A2.class
-rw-rw-r--   1 travis travis   9164 Sep  8 19:02 ModularCodeGenTest_A1_A2.java
-rw-rw-r--   1 travis travis   1306 Sep  8 19:02 ModularCodeGenTest_A1_A2_profile.class
-rw-rw-r--   1 travis travis   4055 Sep  8 19:02 ModularCodeGenTest_A1.class
-rw-rw-r--   1 travis travis   9968 Sep  8 19:02 ModularCodeGenTest_A1.java
-rw-rw-r--   1 travis travis    880 Sep  8 19:02 ModularCodeGenTest_A1.mk
-rw-rw-r--   1 travis travis   1352 Sep  8 19:02 ModularCodeGenTest_A1_profile.class
-rw-rw-r--   1 travis travis   1394 Sep  8 19:02 ModularCodeGenTest_A1_profile.java
drwxrwxr-x   3 travis travis  32768 Sep  8 19:02 modulation2
drwxrwxr-x 188 travis travis  12288 Sep  8 19:02 node_modules
drwxrwxr-x   3 travis travis  20480 Sep  8 18:58 PhaseUnwrap
drwxrwxr-x   3 travis travis  12288 Sep  8 18:59 ReadFile1
-rw-rw-r--   1 travis travis     11 Sep  8 18:58 ReadFile1Output.txt
-rw-rw-r--   1 travis travis  13773 Sep  8 19:02 Repeat.class
-rw-rw-r--   1 travis travis    685 Sep  8 19:02 Repeat$_fireFunction_Repeat_Repeat$__f_sL_11.class
-rw-rw-r--   1 travis travis    541 Sep  8 19:02 Repeat$_fireFunction_Repeat_Repeat$__f_sL_12.class
-rw-rw-r--   1 travis travis    541 Sep  8 19:02 Repeat$_fireFunction_Repeat_Repeat$__f_sL_13.class
-rw-rw-r--   1 travis travis    541 Sep  8 19:02 Repeat$_fireFunction_Repeat_Repeat$__f_sL_14.class
-rw-rw-r--   1 travis travis    684 Sep  8 19:02 Repeat$_fireFunction_Repeat_Repeat$__f_sL_1.class
-rw-rw-r--   1 travis travis    683 Sep  8 19:02 Repeat$_fireFunction_Repeat_Repeat$__f_sL_4.class
-rw-rw-r--   1 travis travis    539 Sep  8 19:02 Repeat$_fireFunction_Repeat_Repeat$__f_sL_9.class
-rw-rw-r--   1 travis travis    494 Sep  8 19:02 Repeat$_initialize_Repeat$__i_sL_2.class
-rw-rw-r--   1 travis travis   1281 Sep  8 19:02 Repeat.mk
-rw-rw-r--   1 travis travis    539 Sep  8 19:02 Repeat$_preinitializeMethod_Repeat$__p_sL_0.class
-rw-rw-r--   1 travis travis   1102 Sep  8 19:02 Repeat$_Repeat$_fireFunction_Repeat_AddSubtract_Repeat.class
-rw-rw-r--   1 travis travis    810 Sep  8 19:02 Repeat$_Repeat$_fireFunction_Repeat_AddSubtract_Repeat$__f_sL_0.class
-rw-rw-r--   1 travis travis    928 Sep  8 19:02 Repeat$_Repeat$_fireFunction_Repeat_AddSubtract_Repeat$__f_sL_1.class
-rw-rw-r--   1 travis travis    934 Sep  8 19:02 Repeat$_Repeat$_fireFunction_Repeat_AddSubtract_Repeat$__f_sL_2.class
-rw-rw-r--   1 travis travis    862 Sep  8 19:02 Repeat$_Repeat$_fireFunction_Repeat_AddSubtract_Repeat$__f_sL_3.class
-rw-rw-r--   1 travis travis    757 Sep  8 19:02 Repeat$_Repeat$_fireFunction_Repeat_Ramp2_Repeat$__f_sL_0.class
-rw-rw-r--   1 travis travis    888 Sep  8 19:02 Repeat$_Repeat$_fireFunction_Repeat_Test_Repeat$__f_sL_0.class
-rw-rw-r--   1 travis travis    634 Sep  8 19:02 Repeat$_Repeat$_fireFunction_Repeat_Test_Repeat$__f_sL_1.class
-rw-rw-r--   1 travis travis    704 Sep  8 19:02 Repeat$_Repeat_SDF_Director_run_Repeat$__R_sL_0.class
-rw-rw-r--   1 travis travis    705 Sep  8 19:02 Repeat$_Repeat_SDF_Director_run_Repeat$__R_sL_11.class
-rw-rw-r--   1 travis travis    561 Sep  8 19:02 Repeat$_Repeat_SDF_Director_run_Repeat$__R_sL_13.class
-rw-rw-r--   1 travis travis    559 Sep  8 19:02 Repeat$_Repeat_SDF_Director_run_Repeat$__R_sL_2.class
-rw-rw-r--   1 travis travis    703 Sep  8 19:02 Repeat$_Repeat_SDF_Director_run_Repeat$__R_sL_3.class
-rw-rw-r--   1 travis travis    559 Sep  8 19:02 Repeat$_Repeat_SDF_Director_run_Repeat$__R_sL_5.class
-rw-rw-r--   1 travis travis    559 Sep  8 19:02 Repeat$_Repeat_SDF_Director_run_Repeat$__R_sL_8.class
drwxrwxr-x   2 travis travis   4096 Sep  8 19:02 RepeatVariables
-rw-rw-r--   1 travis travis    882 Sep  8 19:02 Repeat$_varinit_Repeat.class
-rw-rw-r--   1 travis travis    550 Sep  8 19:02 Repeat$_varinit_Repeat$__v_sL_2.class
-rw-rw-r--   1 travis travis    924 Sep  8 19:02 Repeat$_varinit_Repeat$__v_sL_4.class
-rw-rw-r--   1 travis travis    978 Sep  8 19:02 Repeat$_wrapup_Repeat$__w_sL_1.class
drwxrwxr-x   3 travis travis  20480 Sep  8 18:59 Sinewave
drwxrwxr-x   3 travis travis  32768 Sep  8 19:00 StringFunction
drwxrwxr-x   3 travis travis  12288 Sep  8 19:00 StringLength
drwxrwxr-x   3 travis travis  61440 Sep  8 19:00 StringMatches2
drwxrwxr-x   3 travis travis  61440 Sep  8 19:01 StringSimpleReplace
drwxrwxr-x   3 travis travis  65536 Sep  8 19:01 StringSubstring
drwxrwxr-x   3 travis travis  24576 Sep  8 19:01 StringSubstring2
drwxrwxr-x   3 travis travis  16384 Sep  8 19:02 time1
drwxrwxr-x   3 travis travis  12288 Sep  8 19:02 time5
-rw-rw-r--   1 travis travis    432 Sep  8 19:04 Token.class
-rw-rw-r--   1 travis travis    251 Sep  8 19:04 Token.java
-rwxrwxr-x   1 travis travis 466992 Sep  8 18:56 top
-rw-rw-r--   1 travis travis  20502 Sep  8 18:56 top.c
-rw-rw-r--   1 travis travis   3799 Sep  8 19:02 top.class
-rw-rw-r--   1 travis travis   1257 Sep  8 19:02 top.mk
All Done
Writing ModularCodeGenLazyPubSubGlobal_CompositeActor_ModularCodeGenTypedComposite.java in file:/home/travis/cg/ (30161 characters)
Reading "ptolemy/cg/kernel/generic/program/procedural/java/modular/makefile.in",
    writing "/home/travis/cg/ModularCodeGenLazyPubSubGlobal_CompositeActor_ModularCodeGenTypedComposite.mk"
Using ptolemy/cg/kernel/generic/program/procedural/java/modular/makefile.in
In "/home/travis/cg", about to execute:
    make -f
ModularCodeGenLazyPubSubGlobal_CompositeActor_ModularCodeGenTypedComposite.mk
javac -classpath ".:.."    ModularCodeGenLazyPubSubGlobal_CompositeActor_ModularCodeGenTypedComposite.java
All Done
3068 ms. Memory: 129024K Free: 52231K (40%)
----------------- Invoking toplevel() on ptolemy.moml.MoMLSimpleApplication@4afb6f11
----------------- Done invoking toplevel() on ptolemy.moml.MoMLSimpleApplication@4afb6f11
reloadAllAccessors: .ModularCodeGenLazyPubSubGlobal

===========================================================================================
----------------- testing Wed Sep 08 19:04:24 UTC 2021 /home/travis/build/icyphy/ptII/ptolemy/cg/lib/test/auto/ModularCodeGenPubSub1.xml
----------------- Instantiating /home/travis/build/icyphy/ptII/ptolemy/cg/lib/test/auto/ModularCodeGenPubSub1.xml
In "/home/travis/cg", about to execute:
    pwd
In "/home/travis/cg", about to execute:
    ls -l
/home/travis/cg
In "/home/travis/cg", about to execute:
    javac -classpath
.:/home/travis/build/icyphy/ptII:/home/travis/build/icyphy/ptII/lib/asm-all-5.2
.jar:/home/travis/build/icyphy/ptII/lib/nashorn-core-15.3.jar:/home/travis/buil
d/icyphy/ptII/lib/bsh-2.0b4.jar:/home/travis/build/icyphy/ptII/lib/ptCal.jar:/h
ome/travis/build/icyphy/ptII/lib/java_cup.jar:/home/travis/build/icyphy/ptII/li
b/saxon8.jar:/home/travis/build/icyphy/ptII/lib/saxon8-dom.jar:/home/travis/bui
ld/icyphy/ptII/lib/chic.jar:/home/travis/build/icyphy/ptII/lib/ptcolt.jar:/home
/travis/build/icyphy/ptII/vendors/misc/itext/iText.jar:/home/travis/build/icyph
y/ptII/lib/g4ltl.jar:/home/travis/build/icyphy/ptII/lib/StructuralCoder.jar:/ho
me/travis/build/icyphy/ptII/lib/jcerti.jar:/home/travis/build/icyphy/ptII/lib/j
avax.mail.jar:/home/travis/build/icyphy/ptII/vendors/JMF-2.1.1e/lib/jmf.jar:/ho
me/travis/build/icyphy/ptII/lib/jna-4.0.0-variadic.jar:/home/travis/build/icyph
y/ptII/vendors/misc/joystick/Joystick.jar:/home/travis/build/icyphy/ptII/lib/pt
jacl.jar:/home/travis/build/icyphy/ptII/lib/jsoup-1.14.2.jar:/home/travis/build
/icyphy/ptII/lib/junit-4.8.2.jar:/home/travis/build/icyphy/ptII/lib/JUnitParams
-0.4.0.jar:/home/travis/build/icyphy/ptII/ptolemy/actor/lib/excel/jxl.jar:/home
/travis/build/icyphy/ptII/lib/jython.jar:/home/travis/build/icyphy/ptII/lib/kie
ler.jar:/home/travis/build/icyphy/ptII/vendors/opencv/share/OpenCV/java/opencv-
341.jar:/home/travis/build/icyphy/ptII/lib/oscP5.jar:/home/travis/build/icyphy/
ptII/lib/nrjavaserial-3.11.0.devel.jar:/home/travis/build/icyphy/ptII/vendors/j
3d/lib/Linux/j3dcore.jar:/home/travis/build/icyphy/ptII/vendors/j3d/lib/Linux/j
3dutils.jar:/home/travis/build/icyphy/ptII/vendors/j3d/lib/Linux/vecmath.jar:/h
ome/travis/build/icyphy/ptII/vendors/jogl/lib/Linux/gluegen-rt-natives-linux-am
d64.jar:/home/travis/build/icyphy/ptII/vendors/jogl/lib/Linux/gluegen-rt.jar:/h
ome/travis/build/icyphy/ptII/vendors/jogl/lib/Linux/jogl-all-natives-linux-amd6
4.jar:/home/travis/build/icyphy/ptII/vendors/jogl/lib/Linux/jogl-all.jar:/home/
travis/build/icyphy/ptII/ptolemy/distributed/jini/jar/jini-core.jar:/home/travi
s/build/icyphy/ptII/ptolemy/distributed/jini/jar/jini-ext.jar:/home/travis/buil
d/icyphy/ptII/ptolemy/distributed/jini/jar/sun-util.jar:/home/travis/build/icyp
hy/ptII/lib/protobuf-java-2.4.1.jar:/home/travis/build/icyphy/ptII/lib/org.ecli
pse.paho.client.mqttv3.jar:/home/travis/build/icyphy/ptII/lib/mapss.jar:/home/t
ravis/build/icyphy/ptII/ptolemy/actor/ptalon/antlr/antlr.jar:/home/travis/build
/icyphy/ptII/lib/JRI.jar:/home/travis/build/icyphy/ptII/lib/commons-lang-2.6.ja
r:/home/travis/build/icyphy/ptII/lib/commons-logging-1.1.1.jar:/home/travis/bui
ld/icyphy/ptII/lib/sootclasses.jar:/home/travis/build/icyphy/ptII/ptolemy/actor
/lib/database/mysql-connector-java-8.0.26.jar:/home/travis/build/icyphy/ptII/ve
ndors/misc/sphinx4/sphinx4-data-5prealpha.jar:/home/travis/build/icyphy/ptII/ve
ndors/misc/sphinx4/sphinx4-core-5prealpha.jar:/home/travis/build/icyphy/ptII/li
b/PDFRenderer.jar:/home/travis/build/icyphy/ptII/lib/svgSalamander.jar:/home/tr
avis/build/icyphy/ptII/lib/rsyntaxtextarea-2.6.0-SNAPSHOT.jar:/home/travis/buil
d/icyphy/ptII/lib/hazelcast-3.8.2.jar:/home/travis/build/icyphy/ptII/lib/jackso
n-annotations-2.9.0.jar:/home/travis/build/icyphy/ptII/lib/jackson-core-2.9.3.j
ar:/home/travis/build/icyphy/ptII/lib/jackson-databind-2.9.3.jar:/home/travis/b
uild/icyphy/ptII/lib/netty-buffer-4.1.19.Final.jar:/home/travis/build/icyphy/pt
II/lib/netty-codec-4.1.19.Final.jar:/home/travis/build/icyphy/ptII/lib/netty-co
dec-dns-4.1.19.Final.jar:/home/travis/build/icyphy/ptII/lib/netty-codec-http-4.
1.19.Final.jar:/home/travis/build/icyphy/ptII/lib/netty-codec-http2-4.1.19.Fina
l.jar:/home/travis/build/icyphy/ptII/lib/netty-common-4.1.19.Final.jar:/home/tr
avis/build/icyphy/ptII/lib/netty-handler-4.1.19.Final.jar:/home/travis/build/ic
yphy/ptII/lib/netty-resolver-4.1.19.Final.jar:/home/travis/build/icyphy/ptII/li
b/netty-resolver-dns-4.1.19.Final.jar:/home/travis/build/icyphy/ptII/lib/netty-
transport-4.1.19.Final.jar:/home/travis/build/icyphy/ptII/lib/vertx-codegen-3.5
.1.jar:/home/travis/build/icyphy/ptII/lib/vertx-core-3.5.2-SNAPSHOT.jar:/home/t
ravis/build/icyphy/ptII/lib/vertx-hazelcast-3.5.1.jar:/home/travis/build/icyphy
/ptII/lib/vertx-lang-js-3.5.1.jar:/home/travis/build/icyphy/ptII/lib/vertx-serv
ice-proxy-3.5.1.jar:/home/travis/build/icyphy/ptII/lib/vertx-web-3.5.1.jar:/hom
e/travis/build/icyphy/ptII/lib/slf4j-api-1.7.13.jar:/home/travis/build/icyphy/p
tII/lib/slf4j-simple-1.7.13.jar:/home/travis/build/icyphy/ptII/lib/webcam-captu
re-0.3.12.jar:/home/travis/build/icyphy/ptII/lib/bridj-0.7.0.jar:/home/travis/b
uild/icyphy/ptII/lib/xbjlib-1.1.0.nrjavaserial.jar:/home/travis/build/icyphy/pt
II/ptolemy/moml/test:/home/travis/build/icyphy/ptII/ant/lib/ant-launcher.jar:/h
ome/travis/build/icyphy/ptII/ant/lib/ant.jar:/home/travis/build/icyphy/ptII/ant
/lib/ant-junit.jar:/home/travis/build/icyphy/ptII/ant/lib/ant-junit4.jar:/home/
travis/build/icyphy/ptII ModularCodeGenPubSub_A1_profile.java
total 2408
drwxrwxr-x   3 travis travis  12288 Sep  8 18:57 AbsoluteValue
drwxrwxr-x   3 travis travis 102400 Sep  8 18:56 AllColt
-rw-rw-r--   1 travis travis    233 Sep  8 19:04 Array.class
-rw-rw-r--   1 travis travis    459 Sep  8 19:04 Array.java
drwxrwxr-x   3 travis travis  12288 Sep  8 18:57 Case1
-rw-rw-r--   1 travis travis   5128 Sep  8 19:02 CompiledCompositeActor_CompiledCompositeActor.class
-rw-rw-r--   1 travis travis   1611 Sep  8 19:02 CompiledCompositeActor_CompiledCompositeActor$_CompiledCompositeActor_CompiledCompositeActor.class
-rw-rw-r--   1 travis travis  13466 Sep  8 19:02 CompiledCompositeActor_CompiledCompositeActor.java
-rw-rw-r--   1 travis travis   1593 Sep  8 19:02 CompiledCompositeActor_CompiledCompositeActor.mk
drwxrwxr-x   5 travis travis   4096 Sep  8 18:56 fmi
drwxrwxr-x   3 travis travis  16384 Sep  8 18:57 Gaussian2
-rw-rw-r--   1 travis travis   4684 Sep  8 19:02 JavaCompiledCompositeTest1_CompiledCompositeActor.class
-rw-rw-r--   1 travis travis  11637 Sep  8 19:02 JavaCompiledCompositeTest1_CompiledCompositeActor.java
-rw-rw-r--   1 travis travis   1217 Sep  8 19:02 JavaCompiledCompositeTest1_CompiledCompositeActor$_JavaCompiledCompositeTest1_CompiledCompositeActor.class
-rw-rw-r--   1 travis travis   1625 Sep  8 19:02 JavaCompiledCompositeTest1_CompiledCompositeActor.mk
-rw-rw-r--   1 travis travis   5115 Sep  8 19:02 JavaCompiledCompositeTest2_CompiledCompositeActor.class
-rw-rw-r--   1 travis travis  14919 Sep  8 19:02 JavaCompiledCompositeTest2_CompiledCompositeActor.java
-rw-rw-r--   1 travis travis   1812 Sep  8 19:02 JavaCompiledCompositeTest2_CompiledCompositeActor$_JavaCompiledCompositeTest2_CompiledCompositeActor.class
-rw-rw-r--   1 travis travis   1625 Sep  8 19:02 JavaCompiledCompositeTest2_CompiledCompositeActor.mk
-rw-rw-r--   1 travis travis   4732 Sep  8 19:02 JavaCompiledCompositeTest3_CompiledCompositeActor.class
-rw-rw-r--   1 travis travis  13080 Sep  8 19:02 JavaCompiledCompositeTest3_CompiledCompositeActor.java
-rw-rw-r--   1 travis travis   1397 Sep  8 19:02 JavaCompiledCompositeTest3_CompiledCompositeActor$_JavaCompiledCompositeTest3_CompiledCompositeActor.class
-rw-rw-r--   1 travis travis   1625 Sep  8 19:02 JavaCompiledCompositeTest3_CompiledCompositeActor.mk
-rw-rw-r--   1 travis travis   4183 Sep  8 19:03 JavaCompiledCompositeTest4_CompiledCompositeActor.class
-rw-rw-r--   1 travis travis   9687 Sep  8 19:02 JavaCompiledCompositeTest4_CompiledCompositeActor.java
-rw-rw-r--   1 travis travis    876 Sep  8 19:03 JavaCompiledCompositeTest4_CompiledCompositeActor$_JavaCompiledCompositeTest4_CompiledCompositeActor.class
-rw-rw-r--   1 travis travis   1625 Sep  8 19:02 JavaCompiledCompositeTest4_CompiledCompositeActor.mk
drwxrwxr-x   3 travis travis  12288 Sep  8 18:58 LookupTable
drwxrwxr-x   3 travis travis  20480 Sep  8 18:58 MaxIndex
-rw-rw-r--   1 travis travis   3925 Sep  8 19:03 ModularCG_A1_B1.class
-rw-rw-r--   1 travis travis   9730 Sep  8 19:03 ModularCG_A1_B1.java
-rw-rw-r--   1 travis travis    832 Sep  8 19:03 ModularCG_A1_B1.mk
-rw-rw-r--   1 travis travis   1318 Sep  8 19:03 ModularCG_A1_B1_profile.class
-rw-rw-r--   1 travis travis   1262 Sep  8 19:03 ModularCG_A1_B1_profile.java
-rw-rw-r--   1 travis travis   3925 Sep  8 19:03 ModularCG_A1_B2.class
-rw-rw-r--   1 travis travis   9730 Sep  8 19:03 ModularCG_A1_B2.java
-rw-rw-r--   1 travis travis    832 Sep  8 19:03 ModularCG_A1_B2.mk
-rw-rw-r--   1 travis travis   1318 Sep  8 19:03 ModularCG_A1_B2_profile.class
-rw-rw-r--   1 travis travis   1262 Sep  8 19:03 ModularCG_A1_B2_profile.java
-rw-rw-r--   1 travis travis   5031 Sep  8 19:03 ModularCG_A1.class
-rw-rw-r--   1 travis travis  14742 Sep  8 19:03 ModularCG_A1.java
-rw-rw-r--   1 travis travis    808 Sep  8 19:03 ModularCG_A1.mk
-rw-rw-r--   1 travis travis   1433 Sep  8 19:03 ModularCG_A1_profile.class
-rw-rw-r--   1 travis travis   1704 Sep  8 19:03 ModularCG_A1_profile.java
-rw-rw-r--   1 travis travis   4059 Sep  8 19:03 ModularCG_A2_B1.class
-rw-rw-r--   1 travis travis  10667 Sep  8 19:03 ModularCG_A2_B1.java
-rw-rw-r--   1 travis travis    832 Sep  8 19:03 ModularCG_A2_B1.mk
-rw-rw-r--   1 travis travis   1381 Sep  8 19:03 ModularCG_A2_B1_profile.class
-rw-rw-r--   1 travis travis   1446 Sep  8 19:03 ModularCG_A2_B1_profile.java
-rw-rw-r--   1 travis travis   3925 Sep  8 19:03 ModularCG_A2_B2.class
-rw-rw-r--   1 travis travis   9730 Sep  8 19:03 ModularCG_A2_B2.java
-rw-rw-r--   1 travis travis    832 Sep  8 19:03 ModularCG_A2_B2.mk
-rw-rw-r--   1 travis travis   1318 Sep  8 19:03 ModularCG_A2_B2_profile.class
-rw-rw-r--   1 travis travis   1262 Sep  8 19:03 ModularCG_A2_B2_profile.java
-rw-rw-r--   1 travis travis   5102 Sep  8 19:03 ModularCG_A2.class
-rw-rw-r--   1 travis travis  15129 Sep  8 19:03 ModularCG_A2.java
-rw-rw-r--   1 travis travis    808 Sep  8 19:03 ModularCG_A2.mk
-rw-rw-r--   1 travis travis   1433 Sep  8 19:03 ModularCG_A2_profile.class
-rw-rw-r--   1 travis travis   1704 Sep  8 19:03 ModularCG_A2_profile.java
-rw-rw-r--   1 travis travis   3705 Sep  8 19:03 ModularCGPubSub_A1_A2.class
-rw-rw-r--   1 travis travis   9076 Sep  8 19:03 ModularCGPubSub_A1_A2.java
-rw-rw-r--   1 travis travis    880 Sep  8 19:03 ModularCGPubSub_A1_A2.mk
-rw-rw-r--   1 travis travis   1300 Sep  8 19:03 ModularCGPubSub_A1_A2_profile.class
-rw-rw-r--   1 travis travis   1222 Sep  8 19:03 ModularCGPubSub_A1_A2_profile.java
-rw-rw-r--   1 travis travis   4022 Sep  8 19:03 ModularCGPubSub_A1.class
-rw-rw-r--   1 travis travis   9836 Sep  8 19:03 ModularCGPubSub_A1.java
-rw-rw-r--   1 travis travis    856 Sep  8 19:03 ModularCGPubSub_A1.mk
-rw-rw-r--   1 travis travis   1346 Sep  8 19:03 ModularCGPubSub_A1_profile.class
-rw-rw-r--   1 travis travis   1388 Sep  8 19:03 ModularCGPubSub_A1_profile.java
-rw-rw-r--   1 travis travis   4220 Sep  8 19:03 ModularCodeGen2_ModularCodeGenTypedCompositeActor.class
-rw-rw-r--   1 travis travis  11690 Sep  8 19:03 ModularCodeGen2_ModularCodeGenTypedCompositeActor.java
-rw-rw-r--   1 travis travis   1104 Sep  8 19:03 ModularCodeGen2_ModularCodeGenTypedCompositeActor.mk
-rw-rw-r--   1 travis travis   4504 Sep  8 19:03 ModularCodeGen2_ModularCodeGenTypedCompositeActor_ModularCodeGenTypedCompositeActor.class
-rw-rw-r--   1 travis travis  11790 Sep  8 19:03 ModularCodeGen2_ModularCodeGenTypedCompositeActor_ModularCodeGenTypedCompositeActor.java
-rw-rw-r--   1 travis travis   1376 Sep  8 19:03 ModularCodeGen2_ModularCodeGenTypedCompositeActor_ModularCodeGenTypedCompositeActor.mk
-rw-rw-r--   1 travis travis   1421 Sep  8 19:03 ModularCodeGen2_ModularCodeGenTypedCompositeActor_ModularCodeGenTypedCompositeActor_profile.class
-rw-rw-r--   1 travis travis   1294 Sep  8 19:03 ModularCodeGen2_ModularCodeGenTypedCompositeActor_ModularCodeGenTypedCompositeActor_profile.java
-rw-rw-r--   1 travis travis    820 Sep  8 19:03 ModularCodeGen2_ModularCodeGenTypedCompositeActor_profile.class
-rw-rw-r--   1 travis travis    693 Sep  8 19:03 ModularCodeGen2_ModularCodeGenTypedCompositeActor_profile.java
-rw-rw-r--   1 travis travis   3973 Sep  8 19:03 ModularCodeGen3_A1_B1.class
-rw-rw-r--   1 travis travis   9958 Sep  8 19:03 ModularCodeGen3_A1_B1.java
-rw-rw-r--   1 travis travis    880 Sep  8 19:03 ModularCodeGen3_A1_B1.mk
-rw-rw-r--   1 travis travis   1330 Sep  8 19:03 ModularCodeGen3_A1_B1_profile.class
-rw-rw-r--   1 travis travis   1274 Sep  8 19:03 ModularCodeGen3_A1_B1_profile.java
-rw-rw-r--   1 travis travis   3973 Sep  8 19:03 ModularCodeGen3_A1_B2.class
-rw-rw-r--   1 travis travis   9958 Sep  8 19:03 ModularCodeGen3_A1_B2.java
-rw-rw-r--   1 travis travis    880 Sep  8 19:03 ModularCodeGen3_A1_B2.mk
-rw-rw-r--   1 travis travis   1330 Sep  8 19:03 ModularCodeGen3_A1_B2_profile.class
-rw-rw-r--   1 travis travis   1274 Sep  8 19:03 ModularCodeGen3_A1_B2_profile.java
-rw-rw-r--   1 travis travis   5193 Sep  8 19:03 ModularCodeGen3_A1.class
-rw-rw-r--   1 travis travis  15564 Sep  8 19:03 ModularCodeGen3_A1.java
-rw-rw-r--   1 travis travis    856 Sep  8 19:03 ModularCodeGen3_A1.mk
-rw-rw-r--   1 travis travis   1445 Sep  8 19:03 ModularCodeGen3_A1_profile.class
-rw-rw-r--   1 travis travis   1716 Sep  8 19:03 ModularCodeGen3_A1_profile.java
-rw-rw-r--   1 travis travis   4119 Sep  8 19:03 ModularCodeGen3_A2_B1.class
-rw-rw-r--   1 travis travis  10955 Sep  8 19:03 ModularCodeGen3_A2_B1.java
-rw-rw-r--   1 travis travis    880 Sep  8 19:03 ModularCodeGen3_A2_B1.mk
-rw-rw-r--   1 travis travis   1393 Sep  8 19:03 ModularCodeGen3_A2_B1_profile.class
-rw-rw-r--   1 travis travis   1458 Sep  8 19:03 ModularCodeGen3_A2_B1_profile.java
-rw-rw-r--   1 travis travis   3973 Sep  8 19:03 ModularCodeGen3_A2_B2.class
-rw-rw-r--   1 travis travis   9958 Sep  8 19:03 ModularCodeGen3_A2_B2.java
-rw-rw-r--   1 travis travis    880 Sep  8 19:03 ModularCodeGen3_A2_B2.mk
-rw-rw-r--   1 travis travis   1330 Sep  8 19:03 ModularCodeGen3_A2_B2_profile.class
-rw-rw-r--   1 travis travis   1274 Sep  8 19:03 ModularCodeGen3_A2_B2_profile.java
-rw-rw-r--   1 travis travis   5270 Sep  8 19:03 ModularCodeGen3_A2.class
-rw-rw-r--   1 travis travis  15957 Sep  8 19:03 ModularCodeGen3_A2.java
-rw-rw-r--   1 travis travis    856 Sep  8 19:03 ModularCodeGen3_A2.mk
-rw-rw-r--   1 travis travis   1445 Sep  8 19:03 ModularCodeGen3_A2_profile.class
-rw-rw-r--   1 travis travis   1716 Sep  8 19:03 ModularCodeGen3_A2_profile.java
-rw-rw-r--   1 travis travis   4026 Sep  8 19:03 ModularCodeGen4_A1_B1.class
-rw-rw-r--   1 travis travis  10312 Sep  8 19:03 ModularCodeGen4_A1_B1.java
-rw-rw-r--   1 travis travis    880 Sep  8 19:03 ModularCodeGen4_A1_B1.mk
-rw-rw-r--   1 travis travis   1330 Sep  8 19:03 ModularCodeGen4_A1_B1_profile.class
-rw-rw-r--   1 travis travis   1273 Sep  8 19:03 ModularCodeGen4_A1_B1_profile.java
-rw-rw-r--   1 travis travis   4026 Sep  8 19:03 ModularCodeGen4_A1_B2.class
-rw-rw-r--   1 travis travis  10312 Sep  8 19:03 ModularCodeGen4_A1_B2.java
-rw-rw-r--   1 travis travis    880 Sep  8 19:03 ModularCodeGen4_A1_B2.mk
-rw-rw-r--   1 travis travis   1330 Sep  8 19:03 ModularCodeGen4_A1_B2_profile.class
-rw-rw-r--   1 travis travis   1273 Sep  8 19:03 ModularCodeGen4_A1_B2_profile.java
-rw-rw-r--   1 travis travis   5333 Sep  8 19:03 ModularCodeGen4_A1.class
-rw-rw-r--   1 travis travis  16245 Sep  8 19:03 ModularCodeGen4_A1.java
-rw-rw-r--   1 travis travis    856 Sep  8 19:03 ModularCodeGen4_A1.mk
-rw-rw-r--   1 travis travis   1445 Sep  8 19:03 ModularCodeGen4_A1_profile.class
-rw-rw-r--   1 travis travis   1712 Sep  8 19:03 ModularCodeGen4_A1_profile.java
-rw-rw-r--   1 travis travis   4220 Sep  8 19:03 ModularCodeGen4_A2_B1.class
-rw-rw-r--   1 travis travis  11375 Sep  8 19:03 ModularCodeGen4_A2_B1.java
-rw-rw-r--   1 travis travis    880 Sep  8 19:03 ModularCodeGen4_A2_B1.mk
-rw-rw-r--   1 travis travis   1393 Sep  8 19:03 ModularCodeGen4_A2_B1_profile.class
-rw-rw-r--   1 travis travis   1454 Sep  8 19:03 ModularCodeGen4_A2_B1_profile.java
-rw-rw-r--   1 travis travis   4074 Sep  8 19:04 ModularCodeGen4_A2_B2.class
-rw-rw-r--   1 travis travis  10378 Sep  8 19:04 ModularCodeGen4_A2_B2.java
-rw-rw-r--   1 travis travis    880 Sep  8 19:04 ModularCodeGen4_A2_B2.mk
-rw-rw-r--   1 travis travis   1330 Sep  8 19:04 ModularCodeGen4_A2_B2_profile.class
-rw-rw-r--   1 travis travis   1270 Sep  8 19:03 ModularCodeGen4_A2_B2_profile.java
-rw-rw-r--   1 travis travis   5506 Sep  8 19:04 ModularCodeGen4_A2.class
-rw-rw-r--   1 travis travis  16770 Sep  8 19:04 ModularCodeGen4_A2.java
-rw-rw-r--   1 travis travis    856 Sep  8 19:04 ModularCodeGen4_A2.mk
-rw-rw-r--   1 travis travis   1445 Sep  8 19:04 ModularCodeGen4_A2_profile.class
-rw-rw-r--   1 travis travis   1712 Sep  8 19:04 ModularCodeGen4_A2_profile.java
-rw-rw-r--   1 travis travis   7070 Sep  8 19:04 ModularCodeGen5_A_A.class
-rw-rw-r--   1 travis travis  28721 Sep  8 19:04 ModularCodeGen5_A_A.java
-rw-rw-r--   1 travis travis    864 Sep  8 19:04 ModularCodeGen5_A_A.mk
-rw-rw-r--   1 travis travis   1520 Sep  8 19:04 ModularCodeGen5_A_A_profile.class
-rw-rw-r--   1 travis travis   1815 Sep  8 19:04 ModularCodeGen5_A_A_profile.java
-rw-rw-r--   1 travis travis   5347 Sep  8 19:04 ModularCodeGen5_A.class
-rw-rw-r--   1 travis travis  13769 Sep  8 19:04 ModularCodeGen5_A.java
-rw-rw-r--   1 travis travis    848 Sep  8 19:04 ModularCodeGen5_A.mk
-rw-rw-r--   1 travis travis   1422 Sep  8 19:04 ModularCodeGen5_A_profile.class
-rw-rw-r--   1 travis travis   1605 Sep  8 19:04 ModularCodeGen5_A_profile.java
-rw-rw-r--   1 travis travis   4357 Sep  8 19:04 ModularCodeGen6_A_A2.class
-rw-rw-r--   1 travis travis  11329 Sep  8 19:04 ModularCodeGen6_A_A2.java
-rw-rw-r--   1 travis travis    872 Sep  8 19:04 ModularCodeGen6_A_A2.mk
-rw-rw-r--   1 travis travis   1351 Sep  8 19:04 ModularCodeGen6_A_A2_profile.class
-rw-rw-r--   1 travis travis   1364 Sep  8 19:04 ModularCodeGen6_A_A2_profile.java
-rw-rw-r--   1 travis travis   4340 Sep  8 19:04 ModularCodeGen6_A_A.class
-rw-rw-r--   1 travis travis  11221 Sep  8 19:04 ModularCodeGen6_A_A.java
-rw-rw-r--   1 travis travis    864 Sep  8 19:04 ModularCodeGen6_A_A.mk
-rw-rw-r--   1 travis travis   1348 Sep  8 19:04 ModularCodeGen6_A_A_profile.class
-rw-rw-r--   1 travis travis   1361 Sep  8 19:04 ModularCodeGen6_A_A_profile.java
-rw-rw-r--   1 travis travis   7469 Sep  8 19:04 ModularCodeGen6_A.class
-rw-rw-r--   1 travis travis  26535 Sep  8 19:04 ModularCodeGen6_A.java
-rw-rw-r--   1 travis travis    848 Sep  8 19:04 ModularCodeGen6_A.mk
-rw-rw-r--   1 travis travis   1483 Sep  8 19:04 ModularCodeGen6_A_profile.class
-rw-rw-r--   1 travis travis   1810 Sep  8 19:04 ModularCodeGen6_A_profile.java
-rw-rw-r--   1 travis travis   9633 Sep  8 19:04 ModularCodeGenLazyPubSubGlobal_CompositeActor_ModularCodeGenTypedComposite.class
-rw-rw-r--   1 travis travis  30161 Sep  8 19:04 ModularCodeGenLazyPubSubGlobal_CompositeActor_ModularCodeGenTypedComposite.java
-rw-rw-r--   1 travis travis   1304 Sep  8 19:04 ModularCodeGenLazyPubSubGlobal_CompositeActor_ModularCodeGenTypedComposite.mk
-rw-rw-r--   1 travis travis   1438 Sep  8 19:04 ModularCodeGenLazyPubSubGlobal_CompositeActor_ModularCodeGenTypedComposite_profile.class
-rw-rw-r--   1 travis travis   1384 Sep  8 19:04 ModularCodeGenLazyPubSubGlobal_CompositeActor_ModularCodeGenTypedComposite_profile.java
-rw-rw-r--   1 travis travis   4184 Sep  8 19:04 ModularCodeGenLazyPubSub_LazyCompositeActor.class
-rw-rw-r--   1 travis travis  11122 Sep  8 19:04 ModularCodeGenLazyPubSub_LazyCompositeActor.java
-rw-rw-r--   1 travis travis   1056 Sep  8 19:04 ModularCodeGenLazyPubSub_LazyCompositeActor.mk
-rw-rw-r--   1 travis travis   1286 Sep  8 19:04 ModularCodeGenLazyPubSub_LazyCompositeActor_profile.class
-rw-rw-r--   1 travis travis   1091 Sep  8 19:04 ModularCodeGenLazyPubSub_LazyCompositeActor_profile.java
-rw-rw-r--   1 travis travis   4186 Sep  8 19:03 ModularCodeGen_ModularCodeGenTypedCompositeActor.class
-rw-rw-r--   1 travis travis  10970 Sep  8 19:03 ModularCodeGen_ModularCodeGenTypedCompositeActor.java
-rw-rw-r--   1 travis travis   1096 Sep  8 19:03 ModularCodeGen_ModularCodeGenTypedCompositeActor.mk
-rw-rw-r--   1 travis travis   1384 Sep  8 19:03 ModularCodeGen_ModularCodeGenTypedCompositeActor_profile.class
-rw-rw-r--   1 travis travis   1328 Sep  8 19:03 ModularCodeGen_ModularCodeGenTypedCompositeActor_profile.java
-rw-rw-r--   1 travis travis   1195 Sep  8 19:04 ModularCodeGenPubSub_A1_profile.java
-rw-rw-r--   1 travis travis   3724 Sep  8 19:02 ModularCodeGenTest_A1_A2.class
-rw-rw-r--   1 travis travis   9164 Sep  8 19:02 ModularCodeGenTest_A1_A2.java
-rw-rw-r--   1 travis travis   1306 Sep  8 19:02 ModularCodeGenTest_A1_A2_profile.class
-rw-rw-r--   1 travis travis   4055 Sep  8 19:02 ModularCodeGenTest_A1.class
-rw-rw-r--   1 travis travis   9968 Sep  8 19:02 ModularCodeGenTest_A1.java
-rw-rw-r--   1 travis travis    880 Sep  8 19:02 ModularCodeGenTest_A1.mk
-rw-rw-r--   1 travis travis   1352 Sep  8 19:02 ModularCodeGenTest_A1_profile.class
-rw-rw-r--   1 travis travis   1394 Sep  8 19:02 ModularCodeGenTest_A1_profile.java
drwxrwxr-x   3 travis travis  32768 Sep  8 19:02 modulation2
drwxrwxr-x 188 travis travis  12288 Sep  8 19:02 node_modules
drwxrwxr-x   3 travis travis  20480 Sep  8 18:58 PhaseUnwrap
drwxrwxr-x   3 travis travis  12288 Sep  8 18:59 ReadFile1
-rw-rw-r--   1 travis travis     11 Sep  8 18:58 ReadFile1Output.txt
-rw-rw-r--   1 travis travis  13773 Sep  8 19:02 Repeat.class
-rw-rw-r--   1 travis travis    685 Sep  8 19:02 Repeat$_fireFunction_Repeat_Repeat$__f_sL_11.class
-rw-rw-r--   1 travis travis    541 Sep  8 19:02 Repeat$_fireFunction_Repeat_Repeat$__f_sL_12.class
-rw-rw-r--   1 travis travis    541 Sep  8 19:02 Repeat$_fireFunction_Repeat_Repeat$__f_sL_13.class
-rw-rw-r--   1 travis travis    541 Sep  8 19:02 Repeat$_fireFunction_Repeat_Repeat$__f_sL_14.class
-rw-rw-r--   1 travis travis    684 Sep  8 19:02 Repeat$_fireFunction_Repeat_Repeat$__f_sL_1.class
-rw-rw-r--   1 travis travis    683 Sep  8 19:02 Repeat$_fireFunction_Repeat_Repeat$__f_sL_4.class
-rw-rw-r--   1 travis travis    539 Sep  8 19:02 Repeat$_fireFunction_Repeat_Repeat$__f_sL_9.class
-rw-rw-r--   1 travis travis    494 Sep  8 19:02 Repeat$_initialize_Repeat$__i_sL_2.class
-rw-rw-r--   1 travis travis   1281 Sep  8 19:02 Repeat.mk
-rw-rw-r--   1 travis travis    539 Sep  8 19:02 Repeat$_preinitializeMethod_Repeat$__p_sL_0.class
-rw-rw-r--   1 travis travis   1102 Sep  8 19:02 Repeat$_Repeat$_fireFunction_Repeat_AddSubtract_Repeat.class
-rw-rw-r--   1 travis travis    810 Sep  8 19:02 Repeat$_Repeat$_fireFunction_Repeat_AddSubtract_Repeat$__f_sL_0.class
-rw-rw-r--   1 travis travis    928 Sep  8 19:02 Repeat$_Repeat$_fireFunction_Repeat_AddSubtract_Repeat$__f_sL_1.class
-rw-rw-r--   1 travis travis    934 Sep  8 19:02 Repeat$_Repeat$_fireFunction_Repeat_AddSubtract_Repeat$__f_sL_2.class
-rw-rw-r--   1 travis travis    862 Sep  8 19:02 Repeat$_Repeat$_fireFunction_Repeat_AddSubtract_Repeat$__f_sL_3.class
-rw-rw-r--   1 travis travis    757 Sep  8 19:02 Repeat$_Repeat$_fireFunction_Repeat_Ramp2_Repeat$__f_sL_0.class
-rw-rw-r--   1 travis travis    888 Sep  8 19:02 Repeat$_Repeat$_fireFunction_Repeat_Test_Repeat$__f_sL_0.class
-rw-rw-r--   1 travis travis    634 Sep  8 19:02 Repeat$_Repeat$_fireFunction_Repeat_Test_Repeat$__f_sL_1.class
-rw-rw-r--   1 travis travis    704 Sep  8 19:02 Repeat$_Repeat_SDF_Director_run_Repeat$__R_sL_0.class
-rw-rw-r--   1 travis travis    705 Sep  8 19:02 Repeat$_Repeat_SDF_Director_run_Repeat$__R_sL_11.class
-rw-rw-r--   1 travis travis    561 Sep  8 19:02 Repeat$_Repeat_SDF_Director_run_Repeat$__R_sL_13.class
-rw-rw-r--   1 travis travis    559 Sep  8 19:02 Repeat$_Repeat_SDF_Director_run_Repeat$__R_sL_2.class
-rw-rw-r--   1 travis travis    703 Sep  8 19:02 Repeat$_Repeat_SDF_Director_run_Repeat$__R_sL_3.class
-rw-rw-r--   1 travis travis    559 Sep  8 19:02 Repeat$_Repeat_SDF_Director_run_Repeat$__R_sL_5.class
-rw-rw-r--   1 travis travis    559 Sep  8 19:02 Repeat$_Repeat_SDF_Director_run_Repeat$__R_sL_8.class
drwxrwxr-x   2 travis travis   4096 Sep  8 19:02 RepeatVariables
-rw-rw-r--   1 travis travis    882 Sep  8 19:02 Repeat$_varinit_Repeat.class
-rw-rw-r--   1 travis travis    550 Sep  8 19:02 Repeat$_varinit_Repeat$__v_sL_2.class
-rw-rw-r--   1 travis travis    924 Sep  8 19:02 Repeat$_varinit_Repeat$__v_sL_4.class
-rw-rw-r--   1 travis travis    978 Sep  8 19:02 Repeat$_wrapup_Repeat$__w_sL_1.class
drwxrwxr-x   3 travis travis  20480 Sep  8 18:59 Sinewave
drwxrwxr-x   3 travis travis  32768 Sep  8 19:00 StringFunction
drwxrwxr-x   3 travis travis  12288 Sep  8 19:00 StringLength
drwxrwxr-x   3 travis travis  61440 Sep  8 19:00 StringMatches2
drwxrwxr-x   3 travis travis  61440 Sep  8 19:01 StringSimpleReplace
drwxrwxr-x   3 travis travis  65536 Sep  8 19:01 StringSubstring
drwxrwxr-x   3 travis travis  24576 Sep  8 19:01 StringSubstring2
drwxrwxr-x   3 travis travis  16384 Sep  8 19:02 time1
drwxrwxr-x   3 travis travis  12288 Sep  8 19:02 time5
-rw-rw-r--   1 travis travis    432 Sep  8 19:04 Token.class
-rw-rw-r--   1 travis travis    251 Sep  8 19:04 Token.java
-rwxrwxr-x   1 travis travis 466992 Sep  8 18:56 top
-rw-rw-r--   1 travis travis  20502 Sep  8 18:56 top.c
-rw-rw-r--   1 travis travis   3799 Sep  8 19:02 top.class
-rw-rw-r--   1 travis travis   1257 Sep  8 19:02 top.mk
All Done
Writing ModularCodeGenPubSub_A1.java in file:/home/travis/cg/ (9060 characters)
Reading "ptolemy/cg/kernel/generic/program/procedural/java/modular/makefile.in",
    writing "/home/travis/cg/ModularCodeGenPubSub_A1.mk"
Using ptolemy/cg/kernel/generic/program/procedural/java/modular/makefile.in
In "/home/travis/cg", about to execute:
    make -f ModularCodeGenPubSub_A1.mk
javac -classpath ".:.."    ModularCodeGenPubSub_A1.java
All Done
2840 ms. Memory: 129024K Free: 89054K (69%)
----------------- Invoking toplevel() on ptolemy.moml.MoMLSimpleApplication@7c4d2dbf
----------------- Done invoking toplevel() on ptolemy.moml.MoMLSimpleApplication@7c4d2dbf
reloadAllAccessors: .ModularCodeGenPubSub

===========================================================================================
----------------- testing Wed Sep 08 19:04:27 UTC 2021 /home/travis/build/icyphy/ptII/ptolemy/cg/lib/test/auto/ModularCodeGenPubSub2.xml
----------------- Instantiating /home/travis/build/icyphy/ptII/ptolemy/cg/lib/test/auto/ModularCodeGenPubSub2.xml
In "/home/travis/cg", about to execute:
    pwd
In "/home/travis/cg", about to execute:
    ls -l
/home/travis/cg
In "/home/travis/cg", about to execute:
    javac -classpath
.:/home/travis/build/icyphy/ptII:/home/travis/build/icyphy/ptII/lib/asm-all-5.2
.jar:/home/travis/build/icyphy/ptII/lib/nashorn-core-15.3.jar:/home/travis/buil
d/icyphy/ptII/lib/bsh-2.0b4.jar:/home/travis/build/icyphy/ptII/lib/ptCal.jar:/h
ome/travis/build/icyphy/ptII/lib/java_cup.jar:/home/travis/build/icyphy/ptII/li
b/saxon8.jar:/home/travis/build/icyphy/ptII/lib/saxon8-dom.jar:/home/travis/bui
ld/icyphy/ptII/lib/chic.jar:/home/travis/build/icyphy/ptII/lib/ptcolt.jar:/home
/travis/build/icyphy/ptII/vendors/misc/itext/iText.jar:/home/travis/build/icyph
y/ptII/lib/g4ltl.jar:/home/travis/build/icyphy/ptII/lib/StructuralCoder.jar:/ho
me/travis/build/icyphy/ptII/lib/jcerti.jar:/home/travis/build/icyphy/ptII/lib/j
avax.mail.jar:/home/travis/build/icyphy/ptII/vendors/JMF-2.1.1e/lib/jmf.jar:/ho
me/travis/build/icyphy/ptII/lib/jna-4.0.0-variadic.jar:/home/travis/build/icyph
y/ptII/vendors/misc/joystick/Joystick.jar:/home/travis/build/icyphy/ptII/lib/pt
jacl.jar:/home/travis/build/icyphy/ptII/lib/jsoup-1.14.2.jar:/home/travis/build
/icyphy/ptII/lib/junit-4.8.2.jar:/home/travis/build/icyphy/ptII/lib/JUnitParams
-0.4.0.jar:/home/travis/build/icyphy/ptII/ptolemy/actor/lib/excel/jxl.jar:/home
/travis/build/icyphy/ptII/lib/jython.jar:/home/travis/build/icyphy/ptII/lib/kie
ler.jar:/home/travis/build/icyphy/ptII/vendors/opencv/share/OpenCV/java/opencv-
341.jar:/home/travis/build/icyphy/ptII/lib/oscP5.jar:/home/travis/build/icyphy/
ptII/lib/nrjavaserial-3.11.0.devel.jar:/home/travis/build/icyphy/ptII/vendors/j
3d/lib/Linux/j3dcore.jar:/home/travis/build/icyphy/ptII/vendors/j3d/lib/Linux/j
3dutils.jar:/home/travis/build/icyphy/ptII/vendors/j3d/lib/Linux/vecmath.jar:/h
ome/travis/build/icyphy/ptII/vendors/jogl/lib/Linux/gluegen-rt-natives-linux-am
d64.jar:/home/travis/build/icyphy/ptII/vendors/jogl/lib/Linux/gluegen-rt.jar:/h
ome/travis/build/icyphy/ptII/vendors/jogl/lib/Linux/jogl-all-natives-linux-amd6
4.jar:/home/travis/build/icyphy/ptII/vendors/jogl/lib/Linux/jogl-all.jar:/home/
travis/build/icyphy/ptII/ptolemy/distributed/jini/jar/jini-core.jar:/home/travi
s/build/icyphy/ptII/ptolemy/distributed/jini/jar/jini-ext.jar:/home/travis/buil
d/icyphy/ptII/ptolemy/distributed/jini/jar/sun-util.jar:/home/travis/build/icyp
hy/ptII/lib/protobuf-java-2.4.1.jar:/home/travis/build/icyphy/ptII/lib/org.ecli
pse.paho.client.mqttv3.jar:/home/travis/build/icyphy/ptII/lib/mapss.jar:/home/t
ravis/build/icyphy/ptII/ptolemy/actor/ptalon/antlr/antlr.jar:/home/travis/build
/icyphy/ptII/lib/JRI.jar:/home/travis/build/icyphy/ptII/lib/commons-lang-2.6.ja
r:/home/travis/build/icyphy/ptII/lib/commons-logging-1.1.1.jar:/home/travis/bui
ld/icyphy/ptII/lib/sootclasses.jar:/home/travis/build/icyphy/ptII/ptolemy/actor
/lib/database/mysql-connector-java-8.0.26.jar:/home/travis/build/icyphy/ptII/ve
ndors/misc/sphinx4/sphinx4-data-5prealpha.jar:/home/travis/build/icyphy/ptII/ve
ndors/misc/sphinx4/sphinx4-core-5prealpha.jar:/home/travis/build/icyphy/ptII/li
b/PDFRenderer.jar:/home/travis/build/icyphy/ptII/lib/svgSalamander.jar:/home/tr
avis/build/icyphy/ptII/lib/rsyntaxtextarea-2.6.0-SNAPSHOT.jar:/home/travis/buil
d/icyphy/ptII/lib/hazelcast-3.8.2.jar:/home/travis/build/icyphy/ptII/lib/jackso
n-annotations-2.9.0.jar:/home/travis/build/icyphy/ptII/lib/jackson-core-2.9.3.j
ar:/home/travis/build/icyphy/ptII/lib/jackson-databind-2.9.3.jar:/home/travis/b
uild/icyphy/ptII/lib/netty-buffer-4.1.19.Final.jar:/home/travis/build/icyphy/pt
II/lib/netty-codec-4.1.19.Final.jar:/home/travis/build/icyphy/ptII/lib/netty-co
dec-dns-4.1.19.Final.jar:/home/travis/build/icyphy/ptII/lib/netty-codec-http-4.
1.19.Final.jar:/home/travis/build/icyphy/ptII/lib/netty-codec-http2-4.1.19.Fina
l.jar:/home/travis/build/icyphy/ptII/lib/netty-common-4.1.19.Final.jar:/home/tr
avis/build/icyphy/ptII/lib/netty-handler-4.1.19.Final.jar:/home/travis/build/ic
yphy/ptII/lib/netty-resolver-4.1.19.Final.jar:/home/travis/build/icyphy/ptII/li
b/netty-resolver-dns-4.1.19.Final.jar:/home/travis/build/icyphy/ptII/lib/netty-
transport-4.1.19.Final.jar:/home/travis/build/icyphy/ptII/lib/vertx-codegen-3.5
.1.jar:/home/travis/build/icyphy/ptII/lib/vertx-core-3.5.2-SNAPSHOT.jar:/home/t
ravis/build/icyphy/ptII/lib/vertx-hazelcast-3.5.1.jar:/home/travis/build/icyphy
/ptII/lib/vertx-lang-js-3.5.1.jar:/home/travis/build/icyphy/ptII/lib/vertx-serv
ice-proxy-3.5.1.jar:/home/travis/build/icyphy/ptII/lib/vertx-web-3.5.1.jar:/hom
e/travis/build/icyphy/ptII/lib/slf4j-api-1.7.13.jar:/home/travis/build/icyphy/p
tII/lib/slf4j-simple-1.7.13.jar:/home/travis/build/icyphy/ptII/lib/webcam-captu
re-0.3.12.jar:/home/travis/build/icyphy/ptII/lib/bridj-0.7.0.jar:/home/travis/b
uild/icyphy/ptII/lib/xbjlib-1.1.0.nrjavaserial.jar:/home/travis/build/icyphy/pt
II/ptolemy/moml/test:/home/travis/build/icyphy/ptII/ant/lib/ant-launcher.jar:/h
ome/travis/build/icyphy/ptII/ant/lib/ant.jar:/home/travis/build/icyphy/ptII/ant
/lib/ant-junit.jar:/home/travis/build/icyphy/ptII/ant/lib/ant-junit4.jar:/home/
travis/build/icyphy/ptII ModularCodeGenPubSub2_A1_A_profile.java
total 2436
drwxrwxr-x   3 travis travis  12288 Sep  8 18:57 AbsoluteValue
drwxrwxr-x   3 travis travis 102400 Sep  8 18:56 AllColt
-rw-rw-r--   1 travis travis    233 Sep  8 19:04 Array.class
-rw-rw-r--   1 travis travis    459 Sep  8 19:04 Array.java
drwxrwxr-x   3 travis travis  12288 Sep  8 18:57 Case1
-rw-rw-r--   1 travis travis   5128 Sep  8 19:02 CompiledCompositeActor_CompiledCompositeActor.class
-rw-rw-r--   1 travis travis   1611 Sep  8 19:02 CompiledCompositeActor_CompiledCompositeActor$_CompiledCompositeActor_CompiledCompositeActor.class
-rw-rw-r--   1 travis travis  13466 Sep  8 19:02 CompiledCompositeActor_CompiledCompositeActor.java
-rw-rw-r--   1 travis travis   1593 Sep  8 19:02 CompiledCompositeActor_CompiledCompositeActor.mk
drwxrwxr-x   5 travis travis   4096 Sep  8 18:56 fmi
drwxrwxr-x   3 travis travis  16384 Sep  8 18:57 Gaussian2
-rw-rw-r--   1 travis travis   4684 Sep  8 19:02 JavaCompiledCompositeTest1_CompiledCompositeActor.class
-rw-rw-r--   1 travis travis  11637 Sep  8 19:02 JavaCompiledCompositeTest1_CompiledCompositeActor.java
-rw-rw-r--   1 travis travis   1217 Sep  8 19:02 JavaCompiledCompositeTest1_CompiledCompositeActor$_JavaCompiledCompositeTest1_CompiledCompositeActor.class
-rw-rw-r--   1 travis travis   1625 Sep  8 19:02 JavaCompiledCompositeTest1_CompiledCompositeActor.mk
-rw-rw-r--   1 travis travis   5115 Sep  8 19:02 JavaCompiledCompositeTest2_CompiledCompositeActor.class
-rw-rw-r--   1 travis travis  14919 Sep  8 19:02 JavaCompiledCompositeTest2_CompiledCompositeActor.java
-rw-rw-r--   1 travis travis   1812 Sep  8 19:02 JavaCompiledCompositeTest2_CompiledCompositeActor$_JavaCompiledCompositeTest2_CompiledCompositeActor.class
-rw-rw-r--   1 travis travis   1625 Sep  8 19:02 JavaCompiledCompositeTest2_CompiledCompositeActor.mk
-rw-rw-r--   1 travis travis   4732 Sep  8 19:02 JavaCompiledCompositeTest3_CompiledCompositeActor.class
-rw-rw-r--   1 travis travis  13080 Sep  8 19:02 JavaCompiledCompositeTest3_CompiledCompositeActor.java
-rw-rw-r--   1 travis travis   1397 Sep  8 19:02 JavaCompiledCompositeTest3_CompiledCompositeActor$_JavaCompiledCompositeTest3_CompiledCompositeActor.class
-rw-rw-r--   1 travis travis   1625 Sep  8 19:02 JavaCompiledCompositeTest3_CompiledCompositeActor.mk
-rw-rw-r--   1 travis travis   4183 Sep  8 19:03 JavaCompiledCompositeTest4_CompiledCompositeActor.class
-rw-rw-r--   1 travis travis   9687 Sep  8 19:02 JavaCompiledCompositeTest4_CompiledCompositeActor.java
-rw-rw-r--   1 travis travis    876 Sep  8 19:03 JavaCompiledCompositeTest4_CompiledCompositeActor$_JavaCompiledCompositeTest4_CompiledCompositeActor.class
-rw-rw-r--   1 travis travis   1625 Sep  8 19:02 JavaCompiledCompositeTest4_CompiledCompositeActor.mk
drwxrwxr-x   3 travis travis  12288 Sep  8 18:58 LookupTable
drwxrwxr-x   3 travis travis  20480 Sep  8 18:58 MaxIndex
-rw-rw-r--   1 travis travis   3925 Sep  8 19:03 ModularCG_A1_B1.class
-rw-rw-r--   1 travis travis   9730 Sep  8 19:03 ModularCG_A1_B1.java
-rw-rw-r--   1 travis travis    832 Sep  8 19:03 ModularCG_A1_B1.mk
-rw-rw-r--   1 travis travis   1318 Sep  8 19:03 ModularCG_A1_B1_profile.class
-rw-rw-r--   1 travis travis   1262 Sep  8 19:03 ModularCG_A1_B1_profile.java
-rw-rw-r--   1 travis travis   3925 Sep  8 19:03 ModularCG_A1_B2.class
-rw-rw-r--   1 travis travis   9730 Sep  8 19:03 ModularCG_A1_B2.java
-rw-rw-r--   1 travis travis    832 Sep  8 19:03 ModularCG_A1_B2.mk
-rw-rw-r--   1 travis travis   1318 Sep  8 19:03 ModularCG_A1_B2_profile.class
-rw-rw-r--   1 travis travis   1262 Sep  8 19:03 ModularCG_A1_B2_profile.java
-rw-rw-r--   1 travis travis   5031 Sep  8 19:03 ModularCG_A1.class
-rw-rw-r--   1 travis travis  14742 Sep  8 19:03 ModularCG_A1.java
-rw-rw-r--   1 travis travis    808 Sep  8 19:03 ModularCG_A1.mk
-rw-rw-r--   1 travis travis   1433 Sep  8 19:03 ModularCG_A1_profile.class
-rw-rw-r--   1 travis travis   1704 Sep  8 19:03 ModularCG_A1_profile.java
-rw-rw-r--   1 travis travis   4059 Sep  8 19:03 ModularCG_A2_B1.class
-rw-rw-r--   1 travis travis  10667 Sep  8 19:03 ModularCG_A2_B1.java
-rw-rw-r--   1 travis travis    832 Sep  8 19:03 ModularCG_A2_B1.mk
-rw-rw-r--   1 travis travis   1381 Sep  8 19:03 ModularCG_A2_B1_profile.class
-rw-rw-r--   1 travis travis   1446 Sep  8 19:03 ModularCG_A2_B1_profile.java
-rw-rw-r--   1 travis travis   3925 Sep  8 19:03 ModularCG_A2_B2.class
-rw-rw-r--   1 travis travis   9730 Sep  8 19:03 ModularCG_A2_B2.java
-rw-rw-r--   1 travis travis    832 Sep  8 19:03 ModularCG_A2_B2.mk
-rw-rw-r--   1 travis travis   1318 Sep  8 19:03 ModularCG_A2_B2_profile.class
-rw-rw-r--   1 travis travis   1262 Sep  8 19:03 ModularCG_A2_B2_profile.java
-rw-rw-r--   1 travis travis   5102 Sep  8 19:03 ModularCG_A2.class
-rw-rw-r--   1 travis travis  15129 Sep  8 19:03 ModularCG_A2.java
-rw-rw-r--   1 travis travis    808 Sep  8 19:03 ModularCG_A2.mk
-rw-rw-r--   1 travis travis   1433 Sep  8 19:03 ModularCG_A2_profile.class
-rw-rw-r--   1 travis travis   1704 Sep  8 19:03 ModularCG_A2_profile.java
-rw-rw-r--   1 travis travis   3705 Sep  8 19:03 ModularCGPubSub_A1_A2.class
-rw-rw-r--   1 travis travis   9076 Sep  8 19:03 ModularCGPubSub_A1_A2.java
-rw-rw-r--   1 travis travis    880 Sep  8 19:03 ModularCGPubSub_A1_A2.mk
-rw-rw-r--   1 travis travis   1300 Sep  8 19:03 ModularCGPubSub_A1_A2_profile.class
-rw-rw-r--   1 travis travis   1222 Sep  8 19:03 ModularCGPubSub_A1_A2_profile.java
-rw-rw-r--   1 travis travis   4022 Sep  8 19:03 ModularCGPubSub_A1.class
-rw-rw-r--   1 travis travis   9836 Sep  8 19:03 ModularCGPubSub_A1.java
-rw-rw-r--   1 travis travis    856 Sep  8 19:03 ModularCGPubSub_A1.mk
-rw-rw-r--   1 travis travis   1346 Sep  8 19:03 ModularCGPubSub_A1_profile.class
-rw-rw-r--   1 travis travis   1388 Sep  8 19:03 ModularCGPubSub_A1_profile.java
-rw-rw-r--   1 travis travis   4220 Sep  8 19:03 ModularCodeGen2_ModularCodeGenTypedCompositeActor.class
-rw-rw-r--   1 travis travis  11690 Sep  8 19:03 ModularCodeGen2_ModularCodeGenTypedCompositeActor.java
-rw-rw-r--   1 travis travis   1104 Sep  8 19:03 ModularCodeGen2_ModularCodeGenTypedCompositeActor.mk
-rw-rw-r--   1 travis travis   4504 Sep  8 19:03 ModularCodeGen2_ModularCodeGenTypedCompositeActor_ModularCodeGenTypedCompositeActor.class
-rw-rw-r--   1 travis travis  11790 Sep  8 19:03 ModularCodeGen2_ModularCodeGenTypedCompositeActor_ModularCodeGenTypedCompositeActor.java
-rw-rw-r--   1 travis travis   1376 Sep  8 19:03 ModularCodeGen2_ModularCodeGenTypedCompositeActor_ModularCodeGenTypedCompositeActor.mk
-rw-rw-r--   1 travis travis   1421 Sep  8 19:03 ModularCodeGen2_ModularCodeGenTypedCompositeActor_ModularCodeGenTypedCompositeActor_profile.class
-rw-rw-r--   1 travis travis   1294 Sep  8 19:03 ModularCodeGen2_ModularCodeGenTypedCompositeActor_ModularCodeGenTypedCompositeActor_profile.java
-rw-rw-r--   1 travis travis    820 Sep  8 19:03 ModularCodeGen2_ModularCodeGenTypedCompositeActor_profile.class
-rw-rw-r--   1 travis travis    693 Sep  8 19:03 ModularCodeGen2_ModularCodeGenTypedCompositeActor_profile.java
-rw-rw-r--   1 travis travis   3973 Sep  8 19:03 ModularCodeGen3_A1_B1.class
-rw-rw-r--   1 travis travis   9958 Sep  8 19:03 ModularCodeGen3_A1_B1.java
-rw-rw-r--   1 travis travis    880 Sep  8 19:03 ModularCodeGen3_A1_B1.mk
-rw-rw-r--   1 travis travis   1330 Sep  8 19:03 ModularCodeGen3_A1_B1_profile.class
-rw-rw-r--   1 travis travis   1274 Sep  8 19:03 ModularCodeGen3_A1_B1_profile.java
-rw-rw-r--   1 travis travis   3973 Sep  8 19:03 ModularCodeGen3_A1_B2.class
-rw-rw-r--   1 travis travis   9958 Sep  8 19:03 ModularCodeGen3_A1_B2.java
-rw-rw-r--   1 travis travis    880 Sep  8 19:03 ModularCodeGen3_A1_B2.mk
-rw-rw-r--   1 travis travis   1330 Sep  8 19:03 ModularCodeGen3_A1_B2_profile.class
-rw-rw-r--   1 travis travis   1274 Sep  8 19:03 ModularCodeGen3_A1_B2_profile.java
-rw-rw-r--   1 travis travis   5193 Sep  8 19:03 ModularCodeGen3_A1.class
-rw-rw-r--   1 travis travis  15564 Sep  8 19:03 ModularCodeGen3_A1.java
-rw-rw-r--   1 travis travis    856 Sep  8 19:03 ModularCodeGen3_A1.mk
-rw-rw-r--   1 travis travis   1445 Sep  8 19:03 ModularCodeGen3_A1_profile.class
-rw-rw-r--   1 travis travis   1716 Sep  8 19:03 ModularCodeGen3_A1_profile.java
-rw-rw-r--   1 travis travis   4119 Sep  8 19:03 ModularCodeGen3_A2_B1.class
-rw-rw-r--   1 travis travis  10955 Sep  8 19:03 ModularCodeGen3_A2_B1.java
-rw-rw-r--   1 travis travis    880 Sep  8 19:03 ModularCodeGen3_A2_B1.mk
-rw-rw-r--   1 travis travis   1393 Sep  8 19:03 ModularCodeGen3_A2_B1_profile.class
-rw-rw-r--   1 travis travis   1458 Sep  8 19:03 ModularCodeGen3_A2_B1_profile.java
-rw-rw-r--   1 travis travis   3973 Sep  8 19:03 ModularCodeGen3_A2_B2.class
-rw-rw-r--   1 travis travis   9958 Sep  8 19:03 ModularCodeGen3_A2_B2.java
-rw-rw-r--   1 travis travis    880 Sep  8 19:03 ModularCodeGen3_A2_B2.mk
-rw-rw-r--   1 travis travis   1330 Sep  8 19:03 ModularCodeGen3_A2_B2_profile.class
-rw-rw-r--   1 travis travis   1274 Sep  8 19:03 ModularCodeGen3_A2_B2_profile.java
-rw-rw-r--   1 travis travis   5270 Sep  8 19:03 ModularCodeGen3_A2.class
-rw-rw-r--   1 travis travis  15957 Sep  8 19:03 ModularCodeGen3_A2.java
-rw-rw-r--   1 travis travis    856 Sep  8 19:03 ModularCodeGen3_A2.mk
-rw-rw-r--   1 travis travis   1445 Sep  8 19:03 ModularCodeGen3_A2_profile.class
-rw-rw-r--   1 travis travis   1716 Sep  8 19:03 ModularCodeGen3_A2_profile.java
-rw-rw-r--   1 travis travis   4026 Sep  8 19:03 ModularCodeGen4_A1_B1.class
-rw-rw-r--   1 travis travis  10312 Sep  8 19:03 ModularCodeGen4_A1_B1.java
-rw-rw-r--   1 travis travis    880 Sep  8 19:03 ModularCodeGen4_A1_B1.mk
-rw-rw-r--   1 travis travis   1330 Sep  8 19:03 ModularCodeGen4_A1_B1_profile.class
-rw-rw-r--   1 travis travis   1273 Sep  8 19:03 ModularCodeGen4_A1_B1_profile.java
-rw-rw-r--   1 travis travis   4026 Sep  8 19:03 ModularCodeGen4_A1_B2.class
-rw-rw-r--   1 travis travis  10312 Sep  8 19:03 ModularCodeGen4_A1_B2.java
-rw-rw-r--   1 travis travis    880 Sep  8 19:03 ModularCodeGen4_A1_B2.mk
-rw-rw-r--   1 travis travis   1330 Sep  8 19:03 ModularCodeGen4_A1_B2_profile.class
-rw-rw-r--   1 travis travis   1273 Sep  8 19:03 ModularCodeGen4_A1_B2_profile.java
-rw-rw-r--   1 travis travis   5333 Sep  8 19:03 ModularCodeGen4_A1.class
-rw-rw-r--   1 travis travis  16245 Sep  8 19:03 ModularCodeGen4_A1.java
-rw-rw-r--   1 travis travis    856 Sep  8 19:03 ModularCodeGen4_A1.mk
-rw-rw-r--   1 travis travis   1445 Sep  8 19:03 ModularCodeGen4_A1_profile.class
-rw-rw-r--   1 travis travis   1712 Sep  8 19:03 ModularCodeGen4_A1_profile.java
-rw-rw-r--   1 travis travis   4220 Sep  8 19:03 ModularCodeGen4_A2_B1.class
-rw-rw-r--   1 travis travis  11375 Sep  8 19:03 ModularCodeGen4_A2_B1.java
-rw-rw-r--   1 travis travis    880 Sep  8 19:03 ModularCodeGen4_A2_B1.mk
-rw-rw-r--   1 travis travis   1393 Sep  8 19:03 ModularCodeGen4_A2_B1_profile.class
-rw-rw-r--   1 travis travis   1454 Sep  8 19:03 ModularCodeGen4_A2_B1_profile.java
-rw-rw-r--   1 travis travis   4074 Sep  8 19:04 ModularCodeGen4_A2_B2.class
-rw-rw-r--   1 travis travis  10378 Sep  8 19:04 ModularCodeGen4_A2_B2.java
-rw-rw-r--   1 travis travis    880 Sep  8 19:04 ModularCodeGen4_A2_B2.mk
-rw-rw-r--   1 travis travis   1330 Sep  8 19:04 ModularCodeGen4_A2_B2_profile.class
-rw-rw-r--   1 travis travis   1270 Sep  8 19:03 ModularCodeGen4_A2_B2_profile.java
-rw-rw-r--   1 travis travis   5506 Sep  8 19:04 ModularCodeGen4_A2.class
-rw-rw-r--   1 travis travis  16770 Sep  8 19:04 ModularCodeGen4_A2.java
-rw-rw-r--   1 travis travis    856 Sep  8 19:04 ModularCodeGen4_A2.mk
-rw-rw-r--   1 travis travis   1445 Sep  8 19:04 ModularCodeGen4_A2_profile.class
-rw-rw-r--   1 travis travis   1712 Sep  8 19:04 ModularCodeGen4_A2_profile.java
-rw-rw-r--   1 travis travis   7070 Sep  8 19:04 ModularCodeGen5_A_A.class
-rw-rw-r--   1 travis travis  28721 Sep  8 19:04 ModularCodeGen5_A_A.java
-rw-rw-r--   1 travis travis    864 Sep  8 19:04 ModularCodeGen5_A_A.mk
-rw-rw-r--   1 travis travis   1520 Sep  8 19:04 ModularCodeGen5_A_A_profile.class
-rw-rw-r--   1 travis travis   1815 Sep  8 19:04 ModularCodeGen5_A_A_profile.java
-rw-rw-r--   1 travis travis   5347 Sep  8 19:04 ModularCodeGen5_A.class
-rw-rw-r--   1 travis travis  13769 Sep  8 19:04 ModularCodeGen5_A.java
-rw-rw-r--   1 travis travis    848 Sep  8 19:04 ModularCodeGen5_A.mk
-rw-rw-r--   1 travis travis   1422 Sep  8 19:04 ModularCodeGen5_A_profile.class
-rw-rw-r--   1 travis travis   1605 Sep  8 19:04 ModularCodeGen5_A_profile.java
-rw-rw-r--   1 travis travis   4357 Sep  8 19:04 ModularCodeGen6_A_A2.class
-rw-rw-r--   1 travis travis  11329 Sep  8 19:04 ModularCodeGen6_A_A2.java
-rw-rw-r--   1 travis travis    872 Sep  8 19:04 ModularCodeGen6_A_A2.mk
-rw-rw-r--   1 travis travis   1351 Sep  8 19:04 ModularCodeGen6_A_A2_profile.class
-rw-rw-r--   1 travis travis   1364 Sep  8 19:04 ModularCodeGen6_A_A2_profile.java
-rw-rw-r--   1 travis travis   4340 Sep  8 19:04 ModularCodeGen6_A_A.class
-rw-rw-r--   1 travis travis  11221 Sep  8 19:04 ModularCodeGen6_A_A.java
-rw-rw-r--   1 travis travis    864 Sep  8 19:04 ModularCodeGen6_A_A.mk
-rw-rw-r--   1 travis travis   1348 Sep  8 19:04 ModularCodeGen6_A_A_profile.class
-rw-rw-r--   1 travis travis   1361 Sep  8 19:04 ModularCodeGen6_A_A_profile.java
-rw-rw-r--   1 travis travis   7469 Sep  8 19:04 ModularCodeGen6_A.class
-rw-rw-r--   1 travis travis  26535 Sep  8 19:04 ModularCodeGen6_A.java
-rw-rw-r--   1 travis travis    848 Sep  8 19:04 ModularCodeGen6_A.mk
-rw-rw-r--   1 travis travis   1483 Sep  8 19:04 ModularCodeGen6_A_profile.class
-rw-rw-r--   1 travis travis   1810 Sep  8 19:04 ModularCodeGen6_A_profile.java
-rw-rw-r--   1 travis travis   9633 Sep  8 19:04 ModularCodeGenLazyPubSubGlobal_CompositeActor_ModularCodeGenTypedComposite.class
-rw-rw-r--   1 travis travis  30161 Sep  8 19:04 ModularCodeGenLazyPubSubGlobal_CompositeActor_ModularCodeGenTypedComposite.java
-rw-rw-r--   1 travis travis   1304 Sep  8 19:04 ModularCodeGenLazyPubSubGlobal_CompositeActor_ModularCodeGenTypedComposite.mk
-rw-rw-r--   1 travis travis   1438 Sep  8 19:04 ModularCodeGenLazyPubSubGlobal_CompositeActor_ModularCodeGenTypedComposite_profile.class
-rw-rw-r--   1 travis travis   1384 Sep  8 19:04 ModularCodeGenLazyPubSubGlobal_CompositeActor_ModularCodeGenTypedComposite_profile.java
-rw-rw-r--   1 travis travis   4184 Sep  8 19:04 ModularCodeGenLazyPubSub_LazyCompositeActor.class
-rw-rw-r--   1 travis travis  11122 Sep  8 19:04 ModularCodeGenLazyPubSub_LazyCompositeActor.java
-rw-rw-r--   1 travis travis   1056 Sep  8 19:04 ModularCodeGenLazyPubSub_LazyCompositeActor.mk
-rw-rw-r--   1 travis travis   1286 Sep  8 19:04 ModularCodeGenLazyPubSub_LazyCompositeActor_profile.class
-rw-rw-r--   1 travis travis   1091 Sep  8 19:04 ModularCodeGenLazyPubSub_LazyCompositeActor_profile.java
-rw-rw-r--   1 travis travis   4186 Sep  8 19:03 ModularCodeGen_ModularCodeGenTypedCompositeActor.class
-rw-rw-r--   1 travis travis  10970 Sep  8 19:03 ModularCodeGen_ModularCodeGenTypedCompositeActor.java
-rw-rw-r--   1 travis travis   1096 Sep  8 19:03 ModularCodeGen_ModularCodeGenTypedCompositeActor.mk
-rw-rw-r--   1 travis travis   1384 Sep  8 19:03 ModularCodeGen_ModularCodeGenTypedCompositeActor_profile.class
-rw-rw-r--   1 travis travis   1328 Sep  8 19:03 ModularCodeGen_ModularCodeGenTypedCompositeActor_profile.java
-rw-rw-r--   1 travis travis   1128 Sep  8 19:04 ModularCodeGenPubSub2_A1_A_profile.java
-rw-rw-r--   1 travis travis   3707 Sep  8 19:04 ModularCodeGenPubSub_A1.class
-rw-rw-r--   1 travis travis   9060 Sep  8 19:04 ModularCodeGenPubSub_A1.java
-rw-rw-r--   1 travis travis    896 Sep  8 19:04 ModularCodeGenPubSub_A1.mk
-rw-rw-r--   1 travis travis   1278 Sep  8 19:04 ModularCodeGenPubSub_A1_profile.class
-rw-rw-r--   1 travis travis   1195 Sep  8 19:04 ModularCodeGenPubSub_A1_profile.java
-rw-rw-r--   1 travis travis   3724 Sep  8 19:02 ModularCodeGenTest_A1_A2.class
-rw-rw-r--   1 travis travis   9164 Sep  8 19:02 ModularCodeGenTest_A1_A2.java
-rw-rw-r--   1 travis travis   1306 Sep  8 19:02 ModularCodeGenTest_A1_A2_profile.class
-rw-rw-r--   1 travis travis   4055 Sep  8 19:02 ModularCodeGenTest_A1.class
-rw-rw-r--   1 travis travis   9968 Sep  8 19:02 ModularCodeGenTest_A1.java
-rw-rw-r--   1 travis travis    880 Sep  8 19:02 ModularCodeGenTest_A1.mk
-rw-rw-r--   1 travis travis   1352 Sep  8 19:02 ModularCodeGenTest_A1_profile.class
-rw-rw-r--   1 travis travis   1394 Sep  8 19:02 ModularCodeGenTest_A1_profile.java
drwxrwxr-x   3 travis travis  32768 Sep  8 19:02 modulation2
drwxrwxr-x 188 travis travis  12288 Sep  8 19:02 node_modules
drwxrwxr-x   3 travis travis  20480 Sep  8 18:58 PhaseUnwrap
drwxrwxr-x   3 travis travis  12288 Sep  8 18:59 ReadFile1
-rw-rw-r--   1 travis travis     11 Sep  8 18:58 ReadFile1Output.txt
-rw-rw-r--   1 travis travis  13773 Sep  8 19:02 Repeat.class
-rw-rw-r--   1 travis travis    685 Sep  8 19:02 Repeat$_fireFunction_Repeat_Repeat$__f_sL_11.class
-rw-rw-r--   1 travis travis    541 Sep  8 19:02 Repeat$_fireFunction_Repeat_Repeat$__f_sL_12.class
-rw-rw-r--   1 travis travis    541 Sep  8 19:02 Repeat$_fireFunction_Repeat_Repeat$__f_sL_13.class
-rw-rw-r--   1 travis travis    541 Sep  8 19:02 Repeat$_fireFunction_Repeat_Repeat$__f_sL_14.class
-rw-rw-r--   1 travis travis    684 Sep  8 19:02 Repeat$_fireFunction_Repeat_Repeat$__f_sL_1.class
-rw-rw-r--   1 travis travis    683 Sep  8 19:02 Repeat$_fireFunction_Repeat_Repeat$__f_sL_4.class
-rw-rw-r--   1 travis travis    539 Sep  8 19:02 Repeat$_fireFunction_Repeat_Repeat$__f_sL_9.class
-rw-rw-r--   1 travis travis    494 Sep  8 19:02 Repeat$_initialize_Repeat$__i_sL_2.class
-rw-rw-r--   1 travis travis   1281 Sep  8 19:02 Repeat.mk
-rw-rw-r--   1 travis travis    539 Sep  8 19:02 Repeat$_preinitializeMethod_Repeat$__p_sL_0.class
-rw-rw-r--   1 travis travis   1102 Sep  8 19:02 Repeat$_Repeat$_fireFunction_Repeat_AddSubtract_Repeat.class
-rw-rw-r--   1 travis travis    810 Sep  8 19:02 Repeat$_Repeat$_fireFunction_Repeat_AddSubtract_Repeat$__f_sL_0.class
-rw-rw-r--   1 travis travis    928 Sep  8 19:02 Repeat$_Repeat$_fireFunction_Repeat_AddSubtract_Repeat$__f_sL_1.class
-rw-rw-r--   1 travis travis    934 Sep  8 19:02 Repeat$_Repeat$_fireFunction_Repeat_AddSubtract_Repeat$__f_sL_2.class
-rw-rw-r--   1 travis travis    862 Sep  8 19:02 Repeat$_Repeat$_fireFunction_Repeat_AddSubtract_Repeat$__f_sL_3.class
-rw-rw-r--   1 travis travis    757 Sep  8 19:02 Repeat$_Repeat$_fireFunction_Repeat_Ramp2_Repeat$__f_sL_0.class
-rw-rw-r--   1 travis travis    888 Sep  8 19:02 Repeat$_Repeat$_fireFunction_Repeat_Test_Repeat$__f_sL_0.class
-rw-rw-r--   1 travis travis    634 Sep  8 19:02 Repeat$_Repeat$_fireFunction_Repeat_Test_Repeat$__f_sL_1.class
-rw-rw-r--   1 travis travis    704 Sep  8 19:02 Repeat$_Repeat_SDF_Director_run_Repeat$__R_sL_0.class
-rw-rw-r--   1 travis travis    705 Sep  8 19:02 Repeat$_Repeat_SDF_Director_run_Repeat$__R_sL_11.class
-rw-rw-r--   1 travis travis    561 Sep  8 19:02 Repeat$_Repeat_SDF_Director_run_Repeat$__R_sL_13.class
-rw-rw-r--   1 travis travis    559 Sep  8 19:02 Repeat$_Repeat_SDF_Director_run_Repeat$__R_sL_2.class
-rw-rw-r--   1 travis travis    703 Sep  8 19:02 Repeat$_Repeat_SDF_Director_run_Repeat$__R_sL_3.class
-rw-rw-r--   1 travis travis    559 Sep  8 19:02 Repeat$_Repeat_SDF_Director_run_Repeat$__R_sL_5.class
-rw-rw-r--   1 travis travis    559 Sep  8 19:02 Repeat$_Repeat_SDF_Director_run_Repeat$__R_sL_8.class
drwxrwxr-x   2 travis travis   4096 Sep  8 19:02 RepeatVariables
-rw-rw-r--   1 travis travis    882 Sep  8 19:02 Repeat$_varinit_Repeat.class
-rw-rw-r--   1 travis travis    550 Sep  8 19:02 Repeat$_varinit_Repeat$__v_sL_2.class
-rw-rw-r--   1 travis travis    924 Sep  8 19:02 Repeat$_varinit_Repeat$__v_sL_4.class
-rw-rw-r--   1 travis travis    978 Sep  8 19:02 Repeat$_wrapup_Repeat$__w_sL_1.class
drwxrwxr-x   3 travis travis  20480 Sep  8 18:59 Sinewave
drwxrwxr-x   3 travis travis  32768 Sep  8 19:00 StringFunction
drwxrwxr-x   3 travis travis  12288 Sep  8 19:00 StringLength
drwxrwxr-x   3 travis travis  61440 Sep  8 19:00 StringMatches2
drwxrwxr-x   3 travis travis  61440 Sep  8 19:01 StringSimpleReplace
drwxrwxr-x   3 travis travis  65536 Sep  8 19:01 StringSubstring
drwxrwxr-x   3 travis travis  24576 Sep  8 19:01 StringSubstring2
drwxrwxr-x   3 travis travis  16384 Sep  8 19:02 time1
drwxrwxr-x   3 travis travis  12288 Sep  8 19:02 time5
-rw-rw-r--   1 travis travis    432 Sep  8 19:04 Token.class
-rw-rw-r--   1 travis travis    251 Sep  8 19:04 Token.java
-rwxrwxr-x   1 travis travis 466992 Sep  8 18:56 top
-rw-rw-r--   1 travis travis  20502 Sep  8 18:56 top.c
-rw-rw-r--   1 travis travis   3799 Sep  8 19:02 top.class
-rw-rw-r--   1 travis travis   1257 Sep  8 19:02 top.mk
All Done
Writing ModularCodeGenPubSub2_A1_A.java in file:/home/travis/cg/ (8578 characters)
Reading "ptolemy/cg/kernel/generic/program/procedural/java/modular/makefile.in",
    writing "/home/travis/cg/ModularCodeGenPubSub2_A1_A.mk"
Using ptolemy/cg/kernel/generic/program/procedural/java/modular/makefile.in
In "/home/travis/cg", about to execute:
    make -f ModularCodeGenPubSub2_A1_A.mk
javac -classpath ".:.."    ModularCodeGenPubSub2_A1_A.java
All Done
In "/home/travis/cg", about to execute:
    pwd
In "/home/travis/cg", about to execute:
    ls -l
/home/travis/cg
In "/home/travis/cg", about to execute:
    javac -classpath
.:/home/travis/build/icyphy/ptII:/home/travis/build/icyphy/ptII/lib/asm-all-5.2
.jar:/home/travis/build/icyphy/ptII/lib/nashorn-core-15.3.jar:/home/travis/buil
d/icyphy/ptII/lib/bsh-2.0b4.jar:/home/travis/build/icyphy/ptII/lib/ptCal.jar:/h
ome/travis/build/icyphy/ptII/lib/java_cup.jar:/home/travis/build/icyphy/ptII/li
b/saxon8.jar:/home/travis/build/icyphy/ptII/lib/saxon8-dom.jar:/home/travis/bui
ld/icyphy/ptII/lib/chic.jar:/home/travis/build/icyphy/ptII/lib/ptcolt.jar:/home
/travis/build/icyphy/ptII/vendors/misc/itext/iText.jar:/home/travis/build/icyph
y/ptII/lib/g4ltl.jar:/home/travis/build/icyphy/ptII/lib/StructuralCoder.jar:/ho
me/travis/build/icyphy/ptII/lib/jcerti.jar:/home/travis/build/icyphy/ptII/lib/j
avax.mail.jar:/home/travis/build/icyphy/ptII/vendors/JMF-2.1.1e/lib/jmf.jar:/ho
me/travis/build/icyphy/ptII/lib/jna-4.0.0-variadic.jar:/home/travis/build/icyph
y/ptII/vendors/misc/joystick/Joystick.jar:/home/travis/build/icyphy/ptII/lib/pt
jacl.jar:/home/travis/build/icyphy/ptII/lib/jsoup-1.14.2.jar:/home/travis/build
/icyphy/ptII/lib/junit-4.8.2.jar:/home/travis/build/icyphy/ptII/lib/JUnitParams
-0.4.0.jar:/home/travis/build/icyphy/ptII/ptolemy/actor/lib/excel/jxl.jar:/home
/travis/build/icyphy/ptII/lib/jython.jar:/home/travis/build/icyphy/ptII/lib/kie
ler.jar:/home/travis/build/icyphy/ptII/vendors/opencv/share/OpenCV/java/opencv-
341.jar:/home/travis/build/icyphy/ptII/lib/oscP5.jar:/home/travis/build/icyphy/
ptII/lib/nrjavaserial-3.11.0.devel.jar:/home/travis/build/icyphy/ptII/vendors/j
3d/lib/Linux/j3dcore.jar:/home/travis/build/icyphy/ptII/vendors/j3d/lib/Linux/j
3dutils.jar:/home/travis/build/icyphy/ptII/vendors/j3d/lib/Linux/vecmath.jar:/h
ome/travis/build/icyphy/ptII/vendors/jogl/lib/Linux/gluegen-rt-natives-linux-am
d64.jar:/home/travis/build/icyphy/ptII/vendors/jogl/lib/Linux/gluegen-rt.jar:/h
ome/travis/build/icyphy/ptII/vendors/jogl/lib/Linux/jogl-all-natives-linux-amd6
4.jar:/home/travis/build/icyphy/ptII/vendors/jogl/lib/Linux/jogl-all.jar:/home/
travis/build/icyphy/ptII/ptolemy/distributed/jini/jar/jini-core.jar:/home/travi
s/build/icyphy/ptII/ptolemy/distributed/jini/jar/jini-ext.jar:/home/travis/buil
d/icyphy/ptII/ptolemy/distributed/jini/jar/sun-util.jar:/home/travis/build/icyp
hy/ptII/lib/protobuf-java-2.4.1.jar:/home/travis/build/icyphy/ptII/lib/org.ecli
pse.paho.client.mqttv3.jar:/home/travis/build/icyphy/ptII/lib/mapss.jar:/home/t
ravis/build/icyphy/ptII/ptolemy/actor/ptalon/antlr/antlr.jar:/home/travis/build
/icyphy/ptII/lib/JRI.jar:/home/travis/build/icyphy/ptII/lib/commons-lang-2.6.ja
r:/home/travis/build/icyphy/ptII/lib/commons-logging-1.1.1.jar:/home/travis/bui
ld/icyphy/ptII/lib/sootclasses.jar:/home/travis/build/icyphy/ptII/ptolemy/actor
/lib/database/mysql-connector-java-8.0.26.jar:/home/travis/build/icyphy/ptII/ve
ndors/misc/sphinx4/sphinx4-data-5prealpha.jar:/home/travis/build/icyphy/ptII/ve
ndors/misc/sphinx4/sphinx4-core-5prealpha.jar:/home/travis/build/icyphy/ptII/li
b/PDFRenderer.jar:/home/travis/build/icyphy/ptII/lib/svgSalamander.jar:/home/tr
avis/build/icyphy/ptII/lib/rsyntaxtextarea-2.6.0-SNAPSHOT.jar:/home/travis/buil
d/icyphy/ptII/lib/hazelcast-3.8.2.jar:/home/travis/build/icyphy/ptII/lib/jackso
n-annotations-2.9.0.jar:/home/travis/build/icyphy/ptII/lib/jackson-core-2.9.3.j
ar:/home/travis/build/icyphy/ptII/lib/jackson-databind-2.9.3.jar:/home/travis/b
uild/icyphy/ptII/lib/netty-buffer-4.1.19.Final.jar:/home/travis/build/icyphy/pt
II/lib/netty-codec-4.1.19.Final.jar:/home/travis/build/icyphy/ptII/lib/netty-co
dec-dns-4.1.19.Final.jar:/home/travis/build/icyphy/ptII/lib/netty-codec-http-4.
1.19.Final.jar:/home/travis/build/icyphy/ptII/lib/netty-codec-http2-4.1.19.Fina
l.jar:/home/travis/build/icyphy/ptII/lib/netty-common-4.1.19.Final.jar:/home/tr
avis/build/icyphy/ptII/lib/netty-handler-4.1.19.Final.jar:/home/travis/build/ic
yphy/ptII/lib/netty-resolver-4.1.19.Final.jar:/home/travis/build/icyphy/ptII/li
b/netty-resolver-dns-4.1.19.Final.jar:/home/travis/build/icyphy/ptII/lib/netty-
transport-4.1.19.Final.jar:/home/travis/build/icyphy/ptII/lib/vertx-codegen-3.5
.1.jar:/home/travis/build/icyphy/ptII/lib/vertx-core-3.5.2-SNAPSHOT.jar:/home/t
ravis/build/icyphy/ptII/lib/vertx-hazelcast-3.5.1.jar:/home/travis/build/icyphy
/ptII/lib/vertx-lang-js-3.5.1.jar:/home/travis/build/icyphy/ptII/lib/vertx-serv
ice-proxy-3.5.1.jar:/home/travis/build/icyphy/ptII/lib/vertx-web-3.5.1.jar:/hom
e/travis/build/icyphy/ptII/lib/slf4j-api-1.7.13.jar:/home/travis/build/icyphy/p
tII/lib/slf4j-simple-1.7.13.jar:/home/travis/build/icyphy/ptII/lib/webcam-captu
re-0.3.12.jar:/home/travis/build/icyphy/ptII/lib/bridj-0.7.0.jar:/home/travis/b
uild/icyphy/ptII/lib/xbjlib-1.1.0.nrjavaserial.jar:/home/travis/build/icyphy/pt
II/ptolemy/moml/test:/home/travis/build/icyphy/ptII/ant/lib/ant-launcher.jar:/h
ome/travis/build/icyphy/ptII/ant/lib/ant.jar:/home/travis/build/icyphy/ptII/ant
/lib/ant-junit.jar:/home/travis/build/icyphy/ptII/ant/lib/ant-junit4.jar:/home/
travis/build/icyphy/ptII ModularCodeGenPubSub2_A1_profile.java
total 2464
drwxrwxr-x   3 travis travis  12288 Sep  8 18:57 AbsoluteValue
drwxrwxr-x   3 travis travis 102400 Sep  8 18:56 AllColt
-rw-rw-r--   1 travis travis    233 Sep  8 19:04 Array.class
-rw-rw-r--   1 travis travis    459 Sep  8 19:04 Array.java
drwxrwxr-x   3 travis travis  12288 Sep  8 18:57 Case1
-rw-rw-r--   1 travis travis   5128 Sep  8 19:02 CompiledCompositeActor_CompiledCompositeActor.class
-rw-rw-r--   1 travis travis   1611 Sep  8 19:02 CompiledCompositeActor_CompiledCompositeActor$_CompiledCompositeActor_CompiledCompositeActor.class
-rw-rw-r--   1 travis travis  13466 Sep  8 19:02 CompiledCompositeActor_CompiledCompositeActor.java
-rw-rw-r--   1 travis travis   1593 Sep  8 19:02 CompiledCompositeActor_CompiledCompositeActor.mk
drwxrwxr-x   5 travis travis   4096 Sep  8 18:56 fmi
drwxrwxr-x   3 travis travis  16384 Sep  8 18:57 Gaussian2
-rw-rw-r--   1 travis travis   4684 Sep  8 19:02 JavaCompiledCompositeTest1_CompiledCompositeActor.class
-rw-rw-r--   1 travis travis  11637 Sep  8 19:02 JavaCompiledCompositeTest1_CompiledCompositeActor.java
-rw-rw-r--   1 travis travis   1217 Sep  8 19:02 JavaCompiledCompositeTest1_CompiledCompositeActor$_JavaCompiledCompositeTest1_CompiledCompositeActor.class
-rw-rw-r--   1 travis travis   1625 Sep  8 19:02 JavaCompiledCompositeTest1_CompiledCompositeActor.mk
-rw-rw-r--   1 travis travis   5115 Sep  8 19:02 JavaCompiledCompositeTest2_CompiledCompositeActor.class
-rw-rw-r--   1 travis travis  14919 Sep  8 19:02 JavaCompiledCompositeTest2_CompiledCompositeActor.java
-rw-rw-r--   1 travis travis   1812 Sep  8 19:02 JavaCompiledCompositeTest2_CompiledCompositeActor$_JavaCompiledCompositeTest2_CompiledCompositeActor.class
-rw-rw-r--   1 travis travis   1625 Sep  8 19:02 JavaCompiledCompositeTest2_CompiledCompositeActor.mk
-rw-rw-r--   1 travis travis   4732 Sep  8 19:02 JavaCompiledCompositeTest3_CompiledCompositeActor.class
-rw-rw-r--   1 travis travis  13080 Sep  8 19:02 JavaCompiledCompositeTest3_CompiledCompositeActor.java
-rw-rw-r--   1 travis travis   1397 Sep  8 19:02 JavaCompiledCompositeTest3_CompiledCompositeActor$_JavaCompiledCompositeTest3_CompiledCompositeActor.class
-rw-rw-r--   1 travis travis   1625 Sep  8 19:02 JavaCompiledCompositeTest3_CompiledCompositeActor.mk
-rw-rw-r--   1 travis travis   4183 Sep  8 19:03 JavaCompiledCompositeTest4_CompiledCompositeActor.class
-rw-rw-r--   1 travis travis   9687 Sep  8 19:02 JavaCompiledCompositeTest4_CompiledCompositeActor.java
-rw-rw-r--   1 travis travis    876 Sep  8 19:03 JavaCompiledCompositeTest4_CompiledCompositeActor$_JavaCompiledCompositeTest4_CompiledCompositeActor.class
-rw-rw-r--   1 travis travis   1625 Sep  8 19:02 JavaCompiledCompositeTest4_CompiledCompositeActor.mk
drwxrwxr-x   3 travis travis  12288 Sep  8 18:58 LookupTable
drwxrwxr-x   3 travis travis  20480 Sep  8 18:58 MaxIndex
-rw-rw-r--   1 travis travis   3925 Sep  8 19:03 ModularCG_A1_B1.class
-rw-rw-r--   1 travis travis   9730 Sep  8 19:03 ModularCG_A1_B1.java
-rw-rw-r--   1 travis travis    832 Sep  8 19:03 ModularCG_A1_B1.mk
-rw-rw-r--   1 travis travis   1318 Sep  8 19:03 ModularCG_A1_B1_profile.class
-rw-rw-r--   1 travis travis   1262 Sep  8 19:03 ModularCG_A1_B1_profile.java
-rw-rw-r--   1 travis travis   3925 Sep  8 19:03 ModularCG_A1_B2.class
-rw-rw-r--   1 travis travis   9730 Sep  8 19:03 ModularCG_A1_B2.java
-rw-rw-r--   1 travis travis    832 Sep  8 19:03 ModularCG_A1_B2.mk
-rw-rw-r--   1 travis travis   1318 Sep  8 19:03 ModularCG_A1_B2_profile.class
-rw-rw-r--   1 travis travis   1262 Sep  8 19:03 ModularCG_A1_B2_profile.java
-rw-rw-r--   1 travis travis   5031 Sep  8 19:03 ModularCG_A1.class
-rw-rw-r--   1 travis travis  14742 Sep  8 19:03 ModularCG_A1.java
-rw-rw-r--   1 travis travis    808 Sep  8 19:03 ModularCG_A1.mk
-rw-rw-r--   1 travis travis   1433 Sep  8 19:03 ModularCG_A1_profile.class
-rw-rw-r--   1 travis travis   1704 Sep  8 19:03 ModularCG_A1_profile.java
-rw-rw-r--   1 travis travis   4059 Sep  8 19:03 ModularCG_A2_B1.class
-rw-rw-r--   1 travis travis  10667 Sep  8 19:03 ModularCG_A2_B1.java
-rw-rw-r--   1 travis travis    832 Sep  8 19:03 ModularCG_A2_B1.mk
-rw-rw-r--   1 travis travis   1381 Sep  8 19:03 ModularCG_A2_B1_profile.class
-rw-rw-r--   1 travis travis   1446 Sep  8 19:03 ModularCG_A2_B1_profile.java
-rw-rw-r--   1 travis travis   3925 Sep  8 19:03 ModularCG_A2_B2.class
-rw-rw-r--   1 travis travis   9730 Sep  8 19:03 ModularCG_A2_B2.java
-rw-rw-r--   1 travis travis    832 Sep  8 19:03 ModularCG_A2_B2.mk
-rw-rw-r--   1 travis travis   1318 Sep  8 19:03 ModularCG_A2_B2_profile.class
-rw-rw-r--   1 travis travis   1262 Sep  8 19:03 ModularCG_A2_B2_profile.java
-rw-rw-r--   1 travis travis   5102 Sep  8 19:03 ModularCG_A2.class
-rw-rw-r--   1 travis travis  15129 Sep  8 19:03 ModularCG_A2.java
-rw-rw-r--   1 travis travis    808 Sep  8 19:03 ModularCG_A2.mk
-rw-rw-r--   1 travis travis   1433 Sep  8 19:03 ModularCG_A2_profile.class
-rw-rw-r--   1 travis travis   1704 Sep  8 19:03 ModularCG_A2_profile.java
-rw-rw-r--   1 travis travis   3705 Sep  8 19:03 ModularCGPubSub_A1_A2.class
-rw-rw-r--   1 travis travis   9076 Sep  8 19:03 ModularCGPubSub_A1_A2.java
-rw-rw-r--   1 travis travis    880 Sep  8 19:03 ModularCGPubSub_A1_A2.mk
-rw-rw-r--   1 travis travis   1300 Sep  8 19:03 ModularCGPubSub_A1_A2_profile.class
-rw-rw-r--   1 travis travis   1222 Sep  8 19:03 ModularCGPubSub_A1_A2_profile.java
-rw-rw-r--   1 travis travis   4022 Sep  8 19:03 ModularCGPubSub_A1.class
-rw-rw-r--   1 travis travis   9836 Sep  8 19:03 ModularCGPubSub_A1.java
-rw-rw-r--   1 travis travis    856 Sep  8 19:03 ModularCGPubSub_A1.mk
-rw-rw-r--   1 travis travis   1346 Sep  8 19:03 ModularCGPubSub_A1_profile.class
-rw-rw-r--   1 travis travis   1388 Sep  8 19:03 ModularCGPubSub_A1_profile.java
-rw-rw-r--   1 travis travis   4220 Sep  8 19:03 ModularCodeGen2_ModularCodeGenTypedCompositeActor.class
-rw-rw-r--   1 travis travis  11690 Sep  8 19:03 ModularCodeGen2_ModularCodeGenTypedCompositeActor.java
-rw-rw-r--   1 travis travis   1104 Sep  8 19:03 ModularCodeGen2_ModularCodeGenTypedCompositeActor.mk
-rw-rw-r--   1 travis travis   4504 Sep  8 19:03 ModularCodeGen2_ModularCodeGenTypedCompositeActor_ModularCodeGenTypedCompositeActor.class
-rw-rw-r--   1 travis travis  11790 Sep  8 19:03 ModularCodeGen2_ModularCodeGenTypedCompositeActor_ModularCodeGenTypedCompositeActor.java
-rw-rw-r--   1 travis travis   1376 Sep  8 19:03 ModularCodeGen2_ModularCodeGenTypedCompositeActor_ModularCodeGenTypedCompositeActor.mk
-rw-rw-r--   1 travis travis   1421 Sep  8 19:03 ModularCodeGen2_ModularCodeGenTypedCompositeActor_ModularCodeGenTypedCompositeActor_profile.class
-rw-rw-r--   1 travis travis   1294 Sep  8 19:03 ModularCodeGen2_ModularCodeGenTypedCompositeActor_ModularCodeGenTypedCompositeActor_profile.java
-rw-rw-r--   1 travis travis    820 Sep  8 19:03 ModularCodeGen2_ModularCodeGenTypedCompositeActor_profile.class
-rw-rw-r--   1 travis travis    693 Sep  8 19:03 ModularCodeGen2_ModularCodeGenTypedCompositeActor_profile.java
-rw-rw-r--   1 travis travis   3973 Sep  8 19:03 ModularCodeGen3_A1_B1.class
-rw-rw-r--   1 travis travis   9958 Sep  8 19:03 ModularCodeGen3_A1_B1.java
-rw-rw-r--   1 travis travis    880 Sep  8 19:03 ModularCodeGen3_A1_B1.mk
-rw-rw-r--   1 travis travis   1330 Sep  8 19:03 ModularCodeGen3_A1_B1_profile.class
-rw-rw-r--   1 travis travis   1274 Sep  8 19:03 ModularCodeGen3_A1_B1_profile.java
-rw-rw-r--   1 travis travis   3973 Sep  8 19:03 ModularCodeGen3_A1_B2.class
-rw-rw-r--   1 travis travis   9958 Sep  8 19:03 ModularCodeGen3_A1_B2.java
-rw-rw-r--   1 travis travis    880 Sep  8 19:03 ModularCodeGen3_A1_B2.mk
-rw-rw-r--   1 travis travis   1330 Sep  8 19:03 ModularCodeGen3_A1_B2_profile.class
-rw-rw-r--   1 travis travis   1274 Sep  8 19:03 ModularCodeGen3_A1_B2_profile.java
-rw-rw-r--   1 travis travis   5193 Sep  8 19:03 ModularCodeGen3_A1.class
-rw-rw-r--   1 travis travis  15564 Sep  8 19:03 ModularCodeGen3_A1.java
-rw-rw-r--   1 travis travis    856 Sep  8 19:03 ModularCodeGen3_A1.mk
-rw-rw-r--   1 travis travis   1445 Sep  8 19:03 ModularCodeGen3_A1_profile.class
-rw-rw-r--   1 travis travis   1716 Sep  8 19:03 ModularCodeGen3_A1_profile.java
-rw-rw-r--   1 travis travis   4119 Sep  8 19:03 ModularCodeGen3_A2_B1.class
-rw-rw-r--   1 travis travis  10955 Sep  8 19:03 ModularCodeGen3_A2_B1.java
-rw-rw-r--   1 travis travis    880 Sep  8 19:03 ModularCodeGen3_A2_B1.mk
-rw-rw-r--   1 travis travis   1393 Sep  8 19:03 ModularCodeGen3_A2_B1_profile.class
-rw-rw-r--   1 travis travis   1458 Sep  8 19:03 ModularCodeGen3_A2_B1_profile.java
-rw-rw-r--   1 travis travis   3973 Sep  8 19:03 ModularCodeGen3_A2_B2.class
-rw-rw-r--   1 travis travis   9958 Sep  8 19:03 ModularCodeGen3_A2_B2.java
-rw-rw-r--   1 travis travis    880 Sep  8 19:03 ModularCodeGen3_A2_B2.mk
-rw-rw-r--   1 travis travis   1330 Sep  8 19:03 ModularCodeGen3_A2_B2_profile.class
-rw-rw-r--   1 travis travis   1274 Sep  8 19:03 ModularCodeGen3_A2_B2_profile.java
-rw-rw-r--   1 travis travis   5270 Sep  8 19:03 ModularCodeGen3_A2.class
-rw-rw-r--   1 travis travis  15957 Sep  8 19:03 ModularCodeGen3_A2.java
-rw-rw-r--   1 travis travis    856 Sep  8 19:03 ModularCodeGen3_A2.mk
-rw-rw-r--   1 travis travis   1445 Sep  8 19:03 ModularCodeGen3_A2_profile.class
-rw-rw-r--   1 travis travis   1716 Sep  8 19:03 ModularCodeGen3_A2_profile.java
-rw-rw-r--   1 travis travis   4026 Sep  8 19:03 ModularCodeGen4_A1_B1.class
-rw-rw-r--   1 travis travis  10312 Sep  8 19:03 ModularCodeGen4_A1_B1.java
-rw-rw-r--   1 travis travis    880 Sep  8 19:03 ModularCodeGen4_A1_B1.mk
-rw-rw-r--   1 travis travis   1330 Sep  8 19:03 ModularCodeGen4_A1_B1_profile.class
-rw-rw-r--   1 travis travis   1273 Sep  8 19:03 ModularCodeGen4_A1_B1_profile.java
-rw-rw-r--   1 travis travis   4026 Sep  8 19:03 ModularCodeGen4_A1_B2.class
-rw-rw-r--   1 travis travis  10312 Sep  8 19:03 ModularCodeGen4_A1_B2.java
-rw-rw-r--   1 travis travis    880 Sep  8 19:03 ModularCodeGen4_A1_B2.mk
-rw-rw-r--   1 travis travis   1330 Sep  8 19:03 ModularCodeGen4_A1_B2_profile.class
-rw-rw-r--   1 travis travis   1273 Sep  8 19:03 ModularCodeGen4_A1_B2_profile.java
-rw-rw-r--   1 travis travis   5333 Sep  8 19:03 ModularCodeGen4_A1.class
-rw-rw-r--   1 travis travis  16245 Sep  8 19:03 ModularCodeGen4_A1.java
-rw-rw-r--   1 travis travis    856 Sep  8 19:03 ModularCodeGen4_A1.mk
-rw-rw-r--   1 travis travis   1445 Sep  8 19:03 ModularCodeGen4_A1_profile.class
-rw-rw-r--   1 travis travis   1712 Sep  8 19:03 ModularCodeGen4_A1_profile.java
-rw-rw-r--   1 travis travis   4220 Sep  8 19:03 ModularCodeGen4_A2_B1.class
-rw-rw-r--   1 travis travis  11375 Sep  8 19:03 ModularCodeGen4_A2_B1.java
-rw-rw-r--   1 travis travis    880 Sep  8 19:03 ModularCodeGen4_A2_B1.mk
-rw-rw-r--   1 travis travis   1393 Sep  8 19:03 ModularCodeGen4_A2_B1_profile.class
-rw-rw-r--   1 travis travis   1454 Sep  8 19:03 ModularCodeGen4_A2_B1_profile.java
-rw-rw-r--   1 travis travis   4074 Sep  8 19:04 ModularCodeGen4_A2_B2.class
-rw-rw-r--   1 travis travis  10378 Sep  8 19:04 ModularCodeGen4_A2_B2.java
-rw-rw-r--   1 travis travis    880 Sep  8 19:04 ModularCodeGen4_A2_B2.mk
-rw-rw-r--   1 travis travis   1330 Sep  8 19:04 ModularCodeGen4_A2_B2_profile.class
-rw-rw-r--   1 travis travis   1270 Sep  8 19:03 ModularCodeGen4_A2_B2_profile.java
-rw-rw-r--   1 travis travis   5506 Sep  8 19:04 ModularCodeGen4_A2.class
-rw-rw-r--   1 travis travis  16770 Sep  8 19:04 ModularCodeGen4_A2.java
-rw-rw-r--   1 travis travis    856 Sep  8 19:04 ModularCodeGen4_A2.mk
-rw-rw-r--   1 travis travis   1445 Sep  8 19:04 ModularCodeGen4_A2_profile.class
-rw-rw-r--   1 travis travis   1712 Sep  8 19:04 ModularCodeGen4_A2_profile.java
-rw-rw-r--   1 travis travis   7070 Sep  8 19:04 ModularCodeGen5_A_A.class
-rw-rw-r--   1 travis travis  28721 Sep  8 19:04 ModularCodeGen5_A_A.java
-rw-rw-r--   1 travis travis    864 Sep  8 19:04 ModularCodeGen5_A_A.mk
-rw-rw-r--   1 travis travis   1520 Sep  8 19:04 ModularCodeGen5_A_A_profile.class
-rw-rw-r--   1 travis travis   1815 Sep  8 19:04 ModularCodeGen5_A_A_profile.java
-rw-rw-r--   1 travis travis   5347 Sep  8 19:04 ModularCodeGen5_A.class
-rw-rw-r--   1 travis travis  13769 Sep  8 19:04 ModularCodeGen5_A.java
-rw-rw-r--   1 travis travis    848 Sep  8 19:04 ModularCodeGen5_A.mk
-rw-rw-r--   1 travis travis   1422 Sep  8 19:04 ModularCodeGen5_A_profile.class
-rw-rw-r--   1 travis travis   1605 Sep  8 19:04 ModularCodeGen5_A_profile.java
-rw-rw-r--   1 travis travis   4357 Sep  8 19:04 ModularCodeGen6_A_A2.class
-rw-rw-r--   1 travis travis  11329 Sep  8 19:04 ModularCodeGen6_A_A2.java
-rw-rw-r--   1 travis travis    872 Sep  8 19:04 ModularCodeGen6_A_A2.mk
-rw-rw-r--   1 travis travis   1351 Sep  8 19:04 ModularCodeGen6_A_A2_profile.class
-rw-rw-r--   1 travis travis   1364 Sep  8 19:04 ModularCodeGen6_A_A2_profile.java
-rw-rw-r--   1 travis travis   4340 Sep  8 19:04 ModularCodeGen6_A_A.class
-rw-rw-r--   1 travis travis  11221 Sep  8 19:04 ModularCodeGen6_A_A.java
-rw-rw-r--   1 travis travis    864 Sep  8 19:04 ModularCodeGen6_A_A.mk
-rw-rw-r--   1 travis travis   1348 Sep  8 19:04 ModularCodeGen6_A_A_profile.class
-rw-rw-r--   1 travis travis   1361 Sep  8 19:04 ModularCodeGen6_A_A_profile.java
-rw-rw-r--   1 travis travis   7469 Sep  8 19:04 ModularCodeGen6_A.class
-rw-rw-r--   1 travis travis  26535 Sep  8 19:04 ModularCodeGen6_A.java
-rw-rw-r--   1 travis travis    848 Sep  8 19:04 ModularCodeGen6_A.mk
-rw-rw-r--   1 travis travis   1483 Sep  8 19:04 ModularCodeGen6_A_profile.class
-rw-rw-r--   1 travis travis   1810 Sep  8 19:04 ModularCodeGen6_A_profile.java
-rw-rw-r--   1 travis travis   9633 Sep  8 19:04 ModularCodeGenLazyPubSubGlobal_CompositeActor_ModularCodeGenTypedComposite.class
-rw-rw-r--   1 travis travis  30161 Sep  8 19:04 ModularCodeGenLazyPubSubGlobal_CompositeActor_ModularCodeGenTypedComposite.java
-rw-rw-r--   1 travis travis   1304 Sep  8 19:04 ModularCodeGenLazyPubSubGlobal_CompositeActor_ModularCodeGenTypedComposite.mk
-rw-rw-r--   1 travis travis   1438 Sep  8 19:04 ModularCodeGenLazyPubSubGlobal_CompositeActor_ModularCodeGenTypedComposite_profile.class
-rw-rw-r--   1 travis travis   1384 Sep  8 19:04 ModularCodeGenLazyPubSubGlobal_CompositeActor_ModularCodeGenTypedComposite_profile.java
-rw-rw-r--   1 travis travis   4184 Sep  8 19:04 ModularCodeGenLazyPubSub_LazyCompositeActor.class
-rw-rw-r--   1 travis travis  11122 Sep  8 19:04 ModularCodeGenLazyPubSub_LazyCompositeActor.java
-rw-rw-r--   1 travis travis   1056 Sep  8 19:04 ModularCodeGenLazyPubSub_LazyCompositeActor.mk
-rw-rw-r--   1 travis travis   1286 Sep  8 19:04 ModularCodeGenLazyPubSub_LazyCompositeActor_profile.class
-rw-rw-r--   1 travis travis   1091 Sep  8 19:04 ModularCodeGenLazyPubSub_LazyCompositeActor_profile.java
-rw-rw-r--   1 travis travis   4186 Sep  8 19:03 ModularCodeGen_ModularCodeGenTypedCompositeActor.class
-rw-rw-r--   1 travis travis  10970 Sep  8 19:03 ModularCodeGen_ModularCodeGenTypedCompositeActor.java
-rw-rw-r--   1 travis travis   1096 Sep  8 19:03 ModularCodeGen_ModularCodeGenTypedCompositeActor.mk
-rw-rw-r--   1 travis travis   1384 Sep  8 19:03 ModularCodeGen_ModularCodeGenTypedCompositeActor_profile.class
-rw-rw-r--   1 travis travis   1328 Sep  8 19:03 ModularCodeGen_ModularCodeGenTypedCompositeActor_profile.java
-rw-rw-r--   1 travis travis   3673 Sep  8 19:04 ModularCodeGenPubSub2_A1_A.class
-rw-rw-r--   1 travis travis   8578 Sep  8 19:04 ModularCodeGenPubSub2_A1_A.java
-rw-rw-r--   1 travis travis    920 Sep  8 19:04 ModularCodeGenPubSub2_A1_A.mk
-rw-rw-r--   1 travis travis   1274 Sep  8 19:04 ModularCodeGenPubSub2_A1_A_profile.class
-rw-rw-r--   1 travis travis   1128 Sep  8 19:04 ModularCodeGenPubSub2_A1_A_profile.java
-rw-rw-r--   1 travis travis   1196 Sep  8 19:04 ModularCodeGenPubSub2_A1_profile.java
-rw-rw-r--   1 travis travis   3707 Sep  8 19:04 ModularCodeGenPubSub_A1.class
-rw-rw-r--   1 travis travis   9060 Sep  8 19:04 ModularCodeGenPubSub_A1.java
-rw-rw-r--   1 travis travis    896 Sep  8 19:04 ModularCodeGenPubSub_A1.mk
-rw-rw-r--   1 travis travis   1278 Sep  8 19:04 ModularCodeGenPubSub_A1_profile.class
-rw-rw-r--   1 travis travis   1195 Sep  8 19:04 ModularCodeGenPubSub_A1_profile.java
-rw-rw-r--   1 travis travis   3724 Sep  8 19:02 ModularCodeGenTest_A1_A2.class
-rw-rw-r--   1 travis travis   9164 Sep  8 19:02 ModularCodeGenTest_A1_A2.java
-rw-rw-r--   1 travis travis   1306 Sep  8 19:02 ModularCodeGenTest_A1_A2_profile.class
-rw-rw-r--   1 travis travis   4055 Sep  8 19:02 ModularCodeGenTest_A1.class
-rw-rw-r--   1 travis travis   9968 Sep  8 19:02 ModularCodeGenTest_A1.java
-rw-rw-r--   1 travis travis    880 Sep  8 19:02 ModularCodeGenTest_A1.mk
-rw-rw-r--   1 travis travis   1352 Sep  8 19:02 ModularCodeGenTest_A1_profile.class
-rw-rw-r--   1 travis travis   1394 Sep  8 19:02 ModularCodeGenTest_A1_profile.java
drwxrwxr-x   3 travis travis  32768 Sep  8 19:02 modulation2
drwxrwxr-x 188 travis travis  12288 Sep  8 19:02 node_modules
drwxrwxr-x   3 travis travis  20480 Sep  8 18:58 PhaseUnwrap
drwxrwxr-x   3 travis travis  12288 Sep  8 18:59 ReadFile1
-rw-rw-r--   1 travis travis     11 Sep  8 18:58 ReadFile1Output.txt
-rw-rw-r--   1 travis travis  13773 Sep  8 19:02 Repeat.class
-rw-rw-r--   1 travis travis    685 Sep  8 19:02 Repeat$_fireFunction_Repeat_Repeat$__f_sL_11.class
-rw-rw-r--   1 travis travis    541 Sep  8 19:02 Repeat$_fireFunction_Repeat_Repeat$__f_sL_12.class
-rw-rw-r--   1 travis travis    541 Sep  8 19:02 Repeat$_fireFunction_Repeat_Repeat$__f_sL_13.class
-rw-rw-r--   1 travis travis    541 Sep  8 19:02 Repeat$_fireFunction_Repeat_Repeat$__f_sL_14.class
-rw-rw-r--   1 travis travis    684 Sep  8 19:02 Repeat$_fireFunction_Repeat_Repeat$__f_sL_1.class
-rw-rw-r--   1 travis travis    683 Sep  8 19:02 Repeat$_fireFunction_Repeat_Repeat$__f_sL_4.class
-rw-rw-r--   1 travis travis    539 Sep  8 19:02 Repeat$_fireFunction_Repeat_Repeat$__f_sL_9.class
-rw-rw-r--   1 travis travis    494 Sep  8 19:02 Repeat$_initialize_Repeat$__i_sL_2.class
-rw-rw-r--   1 travis travis   1281 Sep  8 19:02 Repeat.mk
-rw-rw-r--   1 travis travis    539 Sep  8 19:02 Repeat$_preinitializeMethod_Repeat$__p_sL_0.class
-rw-rw-r--   1 travis travis   1102 Sep  8 19:02 Repeat$_Repeat$_fireFunction_Repeat_AddSubtract_Repeat.class
-rw-rw-r--   1 travis travis    810 Sep  8 19:02 Repeat$_Repeat$_fireFunction_Repeat_AddSubtract_Repeat$__f_sL_0.class
-rw-rw-r--   1 travis travis    928 Sep  8 19:02 Repeat$_Repeat$_fireFunction_Repeat_AddSubtract_Repeat$__f_sL_1.class
-rw-rw-r--   1 travis travis    934 Sep  8 19:02 Repeat$_Repeat$_fireFunction_Repeat_AddSubtract_Repeat$__f_sL_2.class
-rw-rw-r--   1 travis travis    862 Sep  8 19:02 Repeat$_Repeat$_fireFunction_Repeat_AddSubtract_Repeat$__f_sL_3.class
-rw-rw-r--   1 travis travis    757 Sep  8 19:02 Repeat$_Repeat$_fireFunction_Repeat_Ramp2_Repeat$__f_sL_0.class
-rw-rw-r--   1 travis travis    888 Sep  8 19:02 Repeat$_Repeat$_fireFunction_Repeat_Test_Repeat$__f_sL_0.class
-rw-rw-r--   1 travis travis    634 Sep  8 19:02 Repeat$_Repeat$_fireFunction_Repeat_Test_Repeat$__f_sL_1.class
-rw-rw-r--   1 travis travis    704 Sep  8 19:02 Repeat$_Repeat_SDF_Director_run_Repeat$__R_sL_0.class
-rw-rw-r--   1 travis travis    705 Sep  8 19:02 Repeat$_Repeat_SDF_Director_run_Repeat$__R_sL_11.class
-rw-rw-r--   1 travis travis    561 Sep  8 19:02 Repeat$_Repeat_SDF_Director_run_Repeat$__R_sL_13.class
-rw-rw-r--   1 travis travis    559 Sep  8 19:02 Repeat$_Repeat_SDF_Director_run_Repeat$__R_sL_2.class
-rw-rw-r--   1 travis travis    703 Sep  8 19:02 Repeat$_Repeat_SDF_Director_run_Repeat$__R_sL_3.class
-rw-rw-r--   1 travis travis    559 Sep  8 19:02 Repeat$_Repeat_SDF_Director_run_Repeat$__R_sL_5.class
-rw-rw-r--   1 travis travis    559 Sep  8 19:02 Repeat$_Repeat_SDF_Director_run_Repeat$__R_sL_8.class
drwxrwxr-x   2 travis travis   4096 Sep  8 19:02 RepeatVariables
-rw-rw-r--   1 travis travis    882 Sep  8 19:02 Repeat$_varinit_Repeat.class
-rw-rw-r--   1 travis travis    550 Sep  8 19:02 Repeat$_varinit_Repeat$__v_sL_2.class
-rw-rw-r--   1 travis travis    924 Sep  8 19:02 Repeat$_varinit_Repeat$__v_sL_4.class
-rw-rw-r--   1 travis travis    978 Sep  8 19:02 Repeat$_wrapup_Repeat$__w_sL_1.class
drwxrwxr-x   3 travis travis  20480 Sep  8 18:59 Sinewave
drwxrwxr-x   3 travis travis  32768 Sep  8 19:00 StringFunction
drwxrwxr-x   3 travis travis  12288 Sep  8 19:00 StringLength
drwxrwxr-x   3 travis travis  61440 Sep  8 19:00 StringMatches2
drwxrwxr-x   3 travis travis  61440 Sep  8 19:01 StringSimpleReplace
drwxrwxr-x   3 travis travis  65536 Sep  8 19:01 StringSubstring
drwxrwxr-x   3 travis travis  24576 Sep  8 19:01 StringSubstring2
drwxrwxr-x   3 travis travis  16384 Sep  8 19:02 time1
drwxrwxr-x   3 travis travis  12288 Sep  8 19:02 time5
-rw-rw-r--   1 travis travis    432 Sep  8 19:04 Token.class
-rw-rw-r--   1 travis travis    251 Sep  8 19:04 Token.java
-rwxrwxr-x   1 travis travis 466992 Sep  8 18:56 top
-rw-rw-r--   1 travis travis  20502 Sep  8 18:56 top.c
-rw-rw-r--   1 travis travis   3799 Sep  8 19:02 top.class
-rw-rw-r--   1 travis travis   1257 Sep  8 19:02 top.mk
All Done
Writing ModularCodeGenPubSub2_A1.java in file:/home/travis/cg/ (9781 characters)
Reading "ptolemy/cg/kernel/generic/program/procedural/java/modular/makefile.in",
    writing "/home/travis/cg/ModularCodeGenPubSub2_A1.mk"
Using ptolemy/cg/kernel/generic/program/procedural/java/modular/makefile.in
In "/home/travis/cg", about to execute:
    make -f ModularCodeGenPubSub2_A1.mk
javac -classpath ".:.."    ModularCodeGenPubSub2_A1.java
All Done
5275 ms. Memory: 129024K Free: 39607K (31%)
----------------- Invoking toplevel() on ptolemy.moml.MoMLSimpleApplication@7165cf79
----------------- Done invoking toplevel() on ptolemy.moml.MoMLSimpleApplication@7165cf79
reloadAllAccessors: .ModularCodeGenPubSub2

===========================================================================================
----------------- testing Wed Sep 08 19:04:32 UTC 2021 /home/travis/build/icyphy/ptII/ptolemy/cg/lib/test/auto/ModularCodeGenPubSub3.xml
----------------- Instantiating /home/travis/build/icyphy/ptII/ptolemy/cg/lib/test/auto/ModularCodeGenPubSub3.xml
In "/home/travis/cg", about to execute:
    pwd
In "/home/travis/cg", about to execute:
    ls -l
/home/travis/cg
In "/home/travis/cg", about to execute:
total 2492
drwxrwxr-x   3 travis travis  12288 Sep  8 18:57 AbsoluteValue
drwxrwxr-x   3 travis travis 102400 Sep  8 18:56 AllColt
-rw-rw-r--   1 travis travis    233 Sep  8 19:04 Array.class
-rw-rw-r--   1 travis travis    459 Sep  8 19:04 Array.java
drwxrwxr-x   3 travis travis  12288 Sep  8 18:57 Case1
-rw-rw-r--   1 travis travis   5128 Sep  8 19:02 CompiledCompositeActor_CompiledCompositeActor.class
-rw-rw-r--   1 travis travis   1611 Sep  8 19:02 CompiledCompositeActor_CompiledCompositeActor$_CompiledCompositeActor_CompiledCompositeActor.class
-rw-rw-r--   1 travis travis  13466 Sep  8 19:02 CompiledCompositeActor_CompiledCompositeActor.java
-rw-rw-r--   1 travis travis   1593 Sep  8 19:02 CompiledCompositeActor_CompiledCompositeActor.mk
drwxrwxr-x   5 travis travis   4096 Sep  8 18:56 fmi
drwxrwxr-x   3 travis travis  16384 Sep  8 18:57 Gaussian2
-rw-rw-r--   1 travis travis   4684 Sep  8 19:02 JavaCompiledCompositeTest1_CompiledCompositeActor.class
-rw-rw-r--   1 travis travis  11637 Sep  8 19:02 JavaCompiledCompositeTest1_CompiledCompositeActor.java
-rw-rw-r--   1 travis travis   1217 Sep  8 19:02 JavaCompiledCompositeTest1_CompiledCompositeActor$_JavaCompiledCompositeTest1_CompiledCompositeActor.class
-rw-rw-r--   1 travis travis   1625 Sep  8 19:02 JavaCompiledCompositeTest1_CompiledCompositeActor.mk
-rw-rw-r--   1 travis travis   5115 Sep  8 19:02 JavaCompiledCompositeTest2_CompiledCompositeActor.class
-rw-rw-r--   1 travis travis  14919 Sep  8 19:02 JavaCompiledCompositeTest2_CompiledCompositeActor.java
-rw-rw-r--   1 travis travis   1812 Sep  8 19:02 JavaCompiledCompositeTest2_CompiledCompositeActor$_JavaCompiledCompositeTest2_CompiledCompositeActor.class
-rw-rw-r--   1 travis travis   1625 Sep  8 19:02 JavaCompiledCompositeTest2_CompiledCompositeActor.mk
-rw-rw-r--   1 travis travis   4732 Sep  8 19:02 JavaCompiledCompositeTest3_CompiledCompositeActor.class
-rw-rw-r--   1 travis travis  13080 Sep  8 19:02 JavaCompiledCompositeTest3_CompiledCompositeActor.java
    javac -classpath
.:/home/travis/build/icyphy/ptII:/home/travis/build/icyphy/ptII/lib/asm-all-5.2
.jar:/home/travis/build/icyphy/ptII/lib/nashorn-core-15.3.jar:/home/travis/buil
d/icyphy/ptII/lib/bsh-2.0b4.jar:/home/travis/build/icyphy/ptII/lib/ptCal.jar:/h
ome/travis/build/icyphy/ptII/lib/java_cup.jar:/home/travis/build/icyphy/ptII/li
b/saxon8.jar:/home/travis/build/icyphy/ptII/lib/saxon8-dom.jar:/home/travis/bui
ld/icyphy/ptII/lib/chic.jar:/home/travis/build/icyphy/ptII/lib/ptcolt.jar:/home
/travis/build/icyphy/ptII/vendors/misc/itext/iText.jar:/home/travis/build/icyph
y/ptII/lib/g4ltl.jar:/home/travis/build/icyphy/ptII/lib/StructuralCoder.jar:/ho
me/travis/build/icyphy/ptII/lib/jcerti.jar:/home/travis/build/icyphy/ptII/lib/j
avax.mail.jar:/home/travis/build/icyphy/ptII/vendors/JMF-2.1.1e/lib/jmf.jar:/ho
me/travis/build/icyphy/ptII/lib/jna-4.0.0-variadic.jar:/home/travis/build/icyph
y/ptII/vendors/misc/joystick/Joystick.jar:/home/travis/build/icyphy/ptII/lib/pt
jacl.jar:/home/travis/build/icyphy/ptII/lib/jsoup-1.14.2.jar:/home/travis/build
/icyphy/ptII/lib/junit-4.8.2.jar:/home/travis/build/icyphy/ptII/lib/JUnitParams
-0.4.0.jar:/home/travis/build/icyphy/ptII/ptolemy/actor/lib/excel/jxl.jar:/home
/travis/build/icyphy/ptII/lib/jython.jar:/home/travis/build/icyphy/ptII/lib/kie
ler.jar:/home/travis/build/icyphy/ptII/vendors/opencv/share/OpenCV/java/opencv-
341.jar:/home/travis/build/icyphy/ptII/lib/oscP5.jar:/home/travis/build/icyphy/
ptII/lib/nrjavaserial-3.11.0.devel.jar:/home/travis/build/icyphy/ptII/vendors/j
3d/lib/Linux/j3dcore.jar:/home/travis/build/icyphy/ptII/vendors/j3d/lib/Linux/j
3dutils.jar:/home/travis/build/icyphy/ptII/vendors/j3d/lib/Linux/vecmath.jar:/h
ome/travis/build/icyphy/ptII/vendors/jogl/lib/Linux/gluegen-rt-natives-linux-am
d64.jar:/home/travis/build/icyphy/ptII/vendors/jogl/lib/Linux/gluegen-rt.jar:/h
ome/travis/build/icyphy/ptII/vendors/jogl/lib/Linux/jogl-all-natives-linux-amd6
4.jar:/home/travis/build/icyphy/ptII/vendors/jogl/lib/Linux/jogl-all.jar:/home/
travis/build/icyphy/ptII/ptolemy/distributed/jini/jar/jini-core.jar:/home/travi
s/build/icyphy/ptII/ptolemy/distributed/jini/jar/jini-ext.jar:/home/travis/buil
d/icyphy/ptII/ptolemy/distributed/jini/jar/sun-util.jar:/home/travis/build/icyp
hy/ptII/lib/protobuf-java-2.4.1.jar:/home/travis/build/icyphy/ptII/lib/org.ecli
pse.paho.client.mqttv3.jar:/home/travis/build/icyphy/ptII/lib/mapss.jar:/home/t
ravis/build/icyphy/ptII/ptolemy/actor/ptalon/antlr/antlr.jar:/home/travis/build
/icyphy/ptII/lib/JRI.jar:/home/travis/build/icyphy/ptII/lib/commons-lang-2.6.ja
r:/home/travis/build/icyphy/ptII/lib/commons-logging-1.1.1.jar:/home/travis/bui
ld/icyphy/ptII/lib/sootclasses.jar:/home/travis/build/icyphy/ptII/ptolemy/actor
/lib/database/mysql-connector-java-8.0.26.jar:/home/travis/build/icyphy/ptII/ve
ndors/misc/sphinx4/sphinx4-data-5prealpha.jar:/home/travis/build/icyphy/ptII/ve
ndors/misc/sphinx4/sphinx4-core-5prealpha.jar:/home/travis/build/icyphy/ptII/li
b/PDFRenderer.jar:/home/travis/build/icyphy/ptII/lib/svgSalamander.jar:/home/tr
avis/build/icyphy/ptII/lib/rsyntaxtextarea-2.6.0-SNAPSHOT.jar:/home/travis/buil
d/icyphy/ptII/lib/hazelcast-3.8.2.jar:/home/travis/build/icyphy/ptII/lib/jackso
n-annotations-2.9.0.jar:/home/travis/build/icyphy/ptII/lib/jackson-core-2.9.3.j
ar:/home/travis/build/icyphy/ptII/lib/jackson-databind-2.9.3.jar:/home/travis/b
uild/icyphy/ptII/lib/netty-buffer-4.1.19.Final.jar:/home/travis/build/icyphy/pt
II/lib/netty-codec-4.1.19.Final.jar:/home/travis/build/icyphy/ptII/lib/netty-co
dec-dns-4.1.19.Final.jar:/home/travis/build/icyphy/ptII/lib/netty-codec-http-4.
1.19.Final.jar:/home/travis/build/icyphy/ptII/lib/netty-codec-http2-4.1.19.Fina
l.jar:/home/travis/build/icyphy/ptII/lib/netty-common-4.1.19.Final.jar:/home/tr
avis/build/icyphy/ptII/lib/netty-handler-4.1.19.Final.jar:/home/travis/build/ic
yphy/ptII/lib/netty-resolver-4.1.19.Final.jar:/home/travis/build/icyphy/ptII/li
b/netty-resolver-dns-4.1.19.Final.jar:/home/travis/build/icyphy/ptII/lib/netty-
transport-4.1.19.Final.jar:/home/travis/build/icyphy/ptII/lib/vertx-codegen-3.5
.1.jar:/home/travis/build/icyphy/ptII/lib/vertx-core-3.5.2-SNAPSHOT.jar:/home/t
ravis/build/icyphy/ptII/lib/vertx-hazelcast-3.5.1.jar:/home/travis/build/icyphy
/ptII/lib/vertx-lang-js-3.5.1.jar:/home/travis/build/icyphy/ptII/lib/vertx-serv
ice-proxy-3.5.1.jar:/home/travis/build/icyphy/ptII/lib/vertx-web-3.5.1.jar:/hom
e/travis/build/icyphy/ptII/lib/slf4j-api-1.7.13.jar:/home/travis/build/icyphy/p
tII/lib/slf4j-simple-1.7.13.jar:/home/travis/build/icyphy/ptII/lib/webcam-captu
re-0.3.12.jar:/home/travis/build/icyphy/ptII/lib/bridj-0.7.0.jar:/home/travis/b
uild/icyphy/ptII/lib/xbjlib-1.1.0.nrjavaserial.jar:/home/travis/build/icyphy/pt
II/ptolemy/moml/test:/home/travis/build/icyphy/ptII/ant/lib/ant-launcher.jar:/h
ome/travis/build/icyphy/ptII/ant/lib/ant.jar:/home/travis/build/icyphy/ptII/ant
/lib/ant-junit.jar:/home/travis/build/icyphy/ptII/ant/lib/ant-junit4.jar:/home/
travis/build/icyphy/ptII ModularCodeGenPubSub3_A1_A2_profile.java
-rw-rw-r--   1 travis travis   1397 Sep  8 19:02 JavaCompiledCompositeTest3_CompiledCompositeActor$_JavaCompiledCompositeTest3_CompiledCompositeActor.class
-rw-rw-r--   1 travis travis   1625 Sep  8 19:02 JavaCompiledCompositeTest3_CompiledCompositeActor.mk
-rw-rw-r--   1 travis travis   4183 Sep  8 19:03 JavaCompiledCompositeTest4_CompiledCompositeActor.class
-rw-rw-r--   1 travis travis   9687 Sep  8 19:02 JavaCompiledCompositeTest4_CompiledCompositeActor.java
-rw-rw-r--   1 travis travis    876 Sep  8 19:03 JavaCompiledCompositeTest4_CompiledCompositeActor$_JavaCompiledCompositeTest4_CompiledCompositeActor.class
-rw-rw-r--   1 travis travis   1625 Sep  8 19:02 JavaCompiledCompositeTest4_CompiledCompositeActor.mk
drwxrwxr-x   3 travis travis  12288 Sep  8 18:58 LookupTable
drwxrwxr-x   3 travis travis  20480 Sep  8 18:58 MaxIndex
-rw-rw-r--   1 travis travis   3925 Sep  8 19:03 ModularCG_A1_B1.class
-rw-rw-r--   1 travis travis   9730 Sep  8 19:03 ModularCG_A1_B1.java
-rw-rw-r--   1 travis travis    832 Sep  8 19:03 ModularCG_A1_B1.mk
-rw-rw-r--   1 travis travis   1318 Sep  8 19:03 ModularCG_A1_B1_profile.class
-rw-rw-r--   1 travis travis   1262 Sep  8 19:03 ModularCG_A1_B1_profile.java
-rw-rw-r--   1 travis travis   3925 Sep  8 19:03 ModularCG_A1_B2.class
-rw-rw-r--   1 travis travis   9730 Sep  8 19:03 ModularCG_A1_B2.java
-rw-rw-r--   1 travis travis    832 Sep  8 19:03 ModularCG_A1_B2.mk
-rw-rw-r--   1 travis travis   1318 Sep  8 19:03 ModularCG_A1_B2_profile.class
-rw-rw-r--   1 travis travis   1262 Sep  8 19:03 ModularCG_A1_B2_profile.java
-rw-rw-r--   1 travis travis   5031 Sep  8 19:03 ModularCG_A1.class
-rw-rw-r--   1 travis travis  14742 Sep  8 19:03 ModularCG_A1.java
-rw-rw-r--   1 travis travis    808 Sep  8 19:03 ModularCG_A1.mk
-rw-rw-r--   1 travis travis   1433 Sep  8 19:03 ModularCG_A1_profile.class
-rw-rw-r--   1 travis travis   1704 Sep  8 19:03 ModularCG_A1_profile.java
-rw-rw-r--   1 travis travis   4059 Sep  8 19:03 ModularCG_A2_B1.class
-rw-rw-r--   1 travis travis  10667 Sep  8 19:03 ModularCG_A2_B1.java
-rw-rw-r--   1 travis travis    832 Sep  8 19:03 ModularCG_A2_B1.mk
-rw-rw-r--   1 travis travis   1381 Sep  8 19:03 ModularCG_A2_B1_profile.class
-rw-rw-r--   1 travis travis   1446 Sep  8 19:03 ModularCG_A2_B1_profile.java
-rw-rw-r--   1 travis travis   3925 Sep  8 19:03 ModularCG_A2_B2.class
-rw-rw-r--   1 travis travis   9730 Sep  8 19:03 ModularCG_A2_B2.java
-rw-rw-r--   1 travis travis    832 Sep  8 19:03 ModularCG_A2_B2.mk
-rw-rw-r--   1 travis travis   1318 Sep  8 19:03 ModularCG_A2_B2_profile.class
-rw-rw-r--   1 travis travis   1262 Sep  8 19:03 ModularCG_A2_B2_profile.java
-rw-rw-r--   1 travis travis   5102 Sep  8 19:03 ModularCG_A2.class
-rw-rw-r--   1 travis travis  15129 Sep  8 19:03 ModularCG_A2.java
-rw-rw-r--   1 travis travis    808 Sep  8 19:03 ModularCG_A2.mk
-rw-rw-r--   1 travis travis   1433 Sep  8 19:03 ModularCG_A2_profile.class
-rw-rw-r--   1 travis travis   1704 Sep  8 19:03 ModularCG_A2_profile.java
-rw-rw-r--   1 travis travis   3705 Sep  8 19:03 ModularCGPubSub_A1_A2.class
-rw-rw-r--   1 travis travis   9076 Sep  8 19:03 ModularCGPubSub_A1_A2.java
-rw-rw-r--   1 travis travis    880 Sep  8 19:03 ModularCGPubSub_A1_A2.mk
-rw-rw-r--   1 travis travis   1300 Sep  8 19:03 ModularCGPubSub_A1_A2_profile.class
-rw-rw-r--   1 travis travis   1222 Sep  8 19:03 ModularCGPubSub_A1_A2_profile.java
-rw-rw-r--   1 travis travis   4022 Sep  8 19:03 ModularCGPubSub_A1.class
-rw-rw-r--   1 travis travis   9836 Sep  8 19:03 ModularCGPubSub_A1.java
-rw-rw-r--   1 travis travis    856 Sep  8 19:03 ModularCGPubSub_A1.mk
-rw-rw-r--   1 travis travis   1346 Sep  8 19:03 ModularCGPubSub_A1_profile.class
-rw-rw-r--   1 travis travis   1388 Sep  8 19:03 ModularCGPubSub_A1_profile.java
-rw-rw-r--   1 travis travis   4220 Sep  8 19:03 ModularCodeGen2_ModularCodeGenTypedCompositeActor.class
-rw-rw-r--   1 travis travis  11690 Sep  8 19:03 ModularCodeGen2_ModularCodeGenTypedCompositeActor.java
-rw-rw-r--   1 travis travis   1104 Sep  8 19:03 ModularCodeGen2_ModularCodeGenTypedCompositeActor.mk
-rw-rw-r--   1 travis travis   4504 Sep  8 19:03 ModularCodeGen2_ModularCodeGenTypedCompositeActor_ModularCodeGenTypedCompositeActor.class
-rw-rw-r--   1 travis travis  11790 Sep  8 19:03 ModularCodeGen2_ModularCodeGenTypedCompositeActor_ModularCodeGenTypedCompositeActor.java
-rw-rw-r--   1 travis travis   1376 Sep  8 19:03 ModularCodeGen2_ModularCodeGenTypedCompositeActor_ModularCodeGenTypedCompositeActor.mk
-rw-rw-r--   1 travis travis   1421 Sep  8 19:03 ModularCodeGen2_ModularCodeGenTypedCompositeActor_ModularCodeGenTypedCompositeActor_profile.class
-rw-rw-r--   1 travis travis   1294 Sep  8 19:03 ModularCodeGen2_ModularCodeGenTypedCompositeActor_ModularCodeGenTypedCompositeActor_profile.java
-rw-rw-r--   1 travis travis    820 Sep  8 19:03 ModularCodeGen2_ModularCodeGenTypedCompositeActor_profile.class
-rw-rw-r--   1 travis travis    693 Sep  8 19:03 ModularCodeGen2_ModularCodeGenTypedCompositeActor_profile.java
-rw-rw-r--   1 travis travis   3973 Sep  8 19:03 ModularCodeGen3_A1_B1.class
-rw-rw-r--   1 travis travis   9958 Sep  8 19:03 ModularCodeGen3_A1_B1.java
-rw-rw-r--   1 travis travis    880 Sep  8 19:03 ModularCodeGen3_A1_B1.mk
-rw-rw-r--   1 travis travis   1330 Sep  8 19:03 ModularCodeGen3_A1_B1_profile.class
-rw-rw-r--   1 travis travis   1274 Sep  8 19:03 ModularCodeGen3_A1_B1_profile.java
-rw-rw-r--   1 travis travis   3973 Sep  8 19:03 ModularCodeGen3_A1_B2.class
-rw-rw-r--   1 travis travis   9958 Sep  8 19:03 ModularCodeGen3_A1_B2.java
-rw-rw-r--   1 travis travis    880 Sep  8 19:03 ModularCodeGen3_A1_B2.mk
-rw-rw-r--   1 travis travis   1330 Sep  8 19:03 ModularCodeGen3_A1_B2_profile.class
-rw-rw-r--   1 travis travis   1274 Sep  8 19:03 ModularCodeGen3_A1_B2_profile.java
-rw-rw-r--   1 travis travis   5193 Sep  8 19:03 ModularCodeGen3_A1.class
-rw-rw-r--   1 travis travis  15564 Sep  8 19:03 ModularCodeGen3_A1.java
-rw-rw-r--   1 travis travis    856 Sep  8 19:03 ModularCodeGen3_A1.mk
-rw-rw-r--   1 travis travis   1445 Sep  8 19:03 ModularCodeGen3_A1_profile.class
-rw-rw-r--   1 travis travis   1716 Sep  8 19:03 ModularCodeGen3_A1_profile.java
-rw-rw-r--   1 travis travis   4119 Sep  8 19:03 ModularCodeGen3_A2_B1.class
-rw-rw-r--   1 travis travis  10955 Sep  8 19:03 ModularCodeGen3_A2_B1.java
-rw-rw-r--   1 travis travis    880 Sep  8 19:03 ModularCodeGen3_A2_B1.mk
-rw-rw-r--   1 travis travis   1393 Sep  8 19:03 ModularCodeGen3_A2_B1_profile.class
-rw-rw-r--   1 travis travis   1458 Sep  8 19:03 ModularCodeGen3_A2_B1_profile.java
-rw-rw-r--   1 travis travis   3973 Sep  8 19:03 ModularCodeGen3_A2_B2.class
-rw-rw-r--   1 travis travis   9958 Sep  8 19:03 ModularCodeGen3_A2_B2.java
-rw-rw-r--   1 travis travis    880 Sep  8 19:03 ModularCodeGen3_A2_B2.mk
-rw-rw-r--   1 travis travis   1330 Sep  8 19:03 ModularCodeGen3_A2_B2_profile.class
-rw-rw-r--   1 travis travis   1274 Sep  8 19:03 ModularCodeGen3_A2_B2_profile.java
-rw-rw-r--   1 travis travis   5270 Sep  8 19:03 ModularCodeGen3_A2.class
-rw-rw-r--   1 travis travis  15957 Sep  8 19:03 ModularCodeGen3_A2.java
-rw-rw-r--   1 travis travis    856 Sep  8 19:03 ModularCodeGen3_A2.mk
-rw-rw-r--   1 travis travis   1445 Sep  8 19:03 ModularCodeGen3_A2_profile.class
-rw-rw-r--   1 travis travis   1716 Sep  8 19:03 ModularCodeGen3_A2_profile.java
-rw-rw-r--   1 travis travis   4026 Sep  8 19:03 ModularCodeGen4_A1_B1.class
-rw-rw-r--   1 travis travis  10312 Sep  8 19:03 ModularCodeGen4_A1_B1.java
-rw-rw-r--   1 travis travis    880 Sep  8 19:03 ModularCodeGen4_A1_B1.mk
-rw-rw-r--   1 travis travis   1330 Sep  8 19:03 ModularCodeGen4_A1_B1_profile.class
-rw-rw-r--   1 travis travis   1273 Sep  8 19:03 ModularCodeGen4_A1_B1_profile.java
-rw-rw-r--   1 travis travis   4026 Sep  8 19:03 ModularCodeGen4_A1_B2.class
-rw-rw-r--   1 travis travis  10312 Sep  8 19:03 ModularCodeGen4_A1_B2.java
-rw-rw-r--   1 travis travis    880 Sep  8 19:03 ModularCodeGen4_A1_B2.mk
-rw-rw-r--   1 travis travis   1330 Sep  8 19:03 ModularCodeGen4_A1_B2_profile.class
-rw-rw-r--   1 travis travis   1273 Sep  8 19:03 ModularCodeGen4_A1_B2_profile.java
-rw-rw-r--   1 travis travis   5333 Sep  8 19:03 ModularCodeGen4_A1.class
-rw-rw-r--   1 travis travis  16245 Sep  8 19:03 ModularCodeGen4_A1.java
-rw-rw-r--   1 travis travis    856 Sep  8 19:03 ModularCodeGen4_A1.mk
-rw-rw-r--   1 travis travis   1445 Sep  8 19:03 ModularCodeGen4_A1_profile.class
-rw-rw-r--   1 travis travis   1712 Sep  8 19:03 ModularCodeGen4_A1_profile.java
-rw-rw-r--   1 travis travis   4220 Sep  8 19:03 ModularCodeGen4_A2_B1.class
-rw-rw-r--   1 travis travis  11375 Sep  8 19:03 ModularCodeGen4_A2_B1.java
-rw-rw-r--   1 travis travis    880 Sep  8 19:03 ModularCodeGen4_A2_B1.mk
-rw-rw-r--   1 travis travis   1393 Sep  8 19:03 ModularCodeGen4_A2_B1_profile.class
-rw-rw-r--   1 travis travis   1454 Sep  8 19:03 ModularCodeGen4_A2_B1_profile.java
-rw-rw-r--   1 travis travis   4074 Sep  8 19:04 ModularCodeGen4_A2_B2.class
-rw-rw-r--   1 travis travis  10378 Sep  8 19:04 ModularCodeGen4_A2_B2.java
-rw-rw-r--   1 travis travis    880 Sep  8 19:04 ModularCodeGen4_A2_B2.mk
-rw-rw-r--   1 travis travis   1330 Sep  8 19:04 ModularCodeGen4_A2_B2_profile.class
-rw-rw-r--   1 travis travis   1270 Sep  8 19:03 ModularCodeGen4_A2_B2_profile.java
-rw-rw-r--   1 travis travis   5506 Sep  8 19:04 ModularCodeGen4_A2.class
-rw-rw-r--   1 travis travis  16770 Sep  8 19:04 ModularCodeGen4_A2.java
-rw-rw-r--   1 travis travis    856 Sep  8 19:04 ModularCodeGen4_A2.mk
-rw-rw-r--   1 travis travis   1445 Sep  8 19:04 ModularCodeGen4_A2_profile.class
-rw-rw-r--   1 travis travis   1712 Sep  8 19:04 ModularCodeGen4_A2_profile.java
-rw-rw-r--   1 travis travis   7070 Sep  8 19:04 ModularCodeGen5_A_A.class
-rw-rw-r--   1 travis travis  28721 Sep  8 19:04 ModularCodeGen5_A_A.java
-rw-rw-r--   1 travis travis    864 Sep  8 19:04 ModularCodeGen5_A_A.mk
-rw-rw-r--   1 travis travis   1520 Sep  8 19:04 ModularCodeGen5_A_A_profile.class
-rw-rw-r--   1 travis travis   1815 Sep  8 19:04 ModularCodeGen5_A_A_profile.java
-rw-rw-r--   1 travis travis   5347 Sep  8 19:04 ModularCodeGen5_A.class
-rw-rw-r--   1 travis travis  13769 Sep  8 19:04 ModularCodeGen5_A.java
-rw-rw-r--   1 travis travis    848 Sep  8 19:04 ModularCodeGen5_A.mk
-rw-rw-r--   1 travis travis   1422 Sep  8 19:04 ModularCodeGen5_A_profile.class
-rw-rw-r--   1 travis travis   1605 Sep  8 19:04 ModularCodeGen5_A_profile.java
-rw-rw-r--   1 travis travis   4357 Sep  8 19:04 ModularCodeGen6_A_A2.class
-rw-rw-r--   1 travis travis  11329 Sep  8 19:04 ModularCodeGen6_A_A2.java
-rw-rw-r--   1 travis travis    872 Sep  8 19:04 ModularCodeGen6_A_A2.mk
-rw-rw-r--   1 travis travis   1351 Sep  8 19:04 ModularCodeGen6_A_A2_profile.class
-rw-rw-r--   1 travis travis   1364 Sep  8 19:04 ModularCodeGen6_A_A2_profile.java
-rw-rw-r--   1 travis travis   4340 Sep  8 19:04 ModularCodeGen6_A_A.class
-rw-rw-r--   1 travis travis  11221 Sep  8 19:04 ModularCodeGen6_A_A.java
-rw-rw-r--   1 travis travis    864 Sep  8 19:04 ModularCodeGen6_A_A.mk
-rw-rw-r--   1 travis travis   1348 Sep  8 19:04 ModularCodeGen6_A_A_profile.class
-rw-rw-r--   1 travis travis   1361 Sep  8 19:04 ModularCodeGen6_A_A_profile.java
-rw-rw-r--   1 travis travis   7469 Sep  8 19:04 ModularCodeGen6_A.class
-rw-rw-r--   1 travis travis  26535 Sep  8 19:04 ModularCodeGen6_A.java
-rw-rw-r--   1 travis travis    848 Sep  8 19:04 ModularCodeGen6_A.mk
-rw-rw-r--   1 travis travis   1483 Sep  8 19:04 ModularCodeGen6_A_profile.class
-rw-rw-r--   1 travis travis   1810 Sep  8 19:04 ModularCodeGen6_A_profile.java
-rw-rw-r--   1 travis travis   9633 Sep  8 19:04 ModularCodeGenLazyPubSubGlobal_CompositeActor_ModularCodeGenTypedComposite.class
-rw-rw-r--   1 travis travis  30161 Sep  8 19:04 ModularCodeGenLazyPubSubGlobal_CompositeActor_ModularCodeGenTypedComposite.java
-rw-rw-r--   1 travis travis   1304 Sep  8 19:04 ModularCodeGenLazyPubSubGlobal_CompositeActor_ModularCodeGenTypedComposite.mk
-rw-rw-r--   1 travis travis   1438 Sep  8 19:04 ModularCodeGenLazyPubSubGlobal_CompositeActor_ModularCodeGenTypedComposite_profile.class
-rw-rw-r--   1 travis travis   1384 Sep  8 19:04 ModularCodeGenLazyPubSubGlobal_CompositeActor_ModularCodeGenTypedComposite_profile.java
-rw-rw-r--   1 travis travis   4184 Sep  8 19:04 ModularCodeGenLazyPubSub_LazyCompositeActor.class
-rw-rw-r--   1 travis travis  11122 Sep  8 19:04 ModularCodeGenLazyPubSub_LazyCompositeActor.java
-rw-rw-r--   1 travis travis   1056 Sep  8 19:04 ModularCodeGenLazyPubSub_LazyCompositeActor.mk
-rw-rw-r--   1 travis travis   1286 Sep  8 19:04 ModularCodeGenLazyPubSub_LazyCompositeActor_profile.class
-rw-rw-r--   1 travis travis   1091 Sep  8 19:04 ModularCodeGenLazyPubSub_LazyCompositeActor_profile.java
-rw-rw-r--   1 travis travis   4186 Sep  8 19:03 ModularCodeGen_ModularCodeGenTypedCompositeActor.class
-rw-rw-r--   1 travis travis  10970 Sep  8 19:03 ModularCodeGen_ModularCodeGenTypedCompositeActor.java
-rw-rw-r--   1 travis travis   1096 Sep  8 19:03 ModularCodeGen_ModularCodeGenTypedCompositeActor.mk
-rw-rw-r--   1 travis travis   1384 Sep  8 19:03 ModularCodeGen_ModularCodeGenTypedCompositeActor_profile.class
-rw-rw-r--   1 travis travis   1328 Sep  8 19:03 ModularCodeGen_ModularCodeGenTypedCompositeActor_profile.java
-rw-rw-r--   1 travis travis   3673 Sep  8 19:04 ModularCodeGenPubSub2_A1_A.class
-rw-rw-r--   1 travis travis   8578 Sep  8 19:04 ModularCodeGenPubSub2_A1_A.java
-rw-rw-r--   1 travis travis    920 Sep  8 19:04 ModularCodeGenPubSub2_A1_A.mk
-rw-rw-r--   1 travis travis   1274 Sep  8 19:04 ModularCodeGenPubSub2_A1_A_profile.class
-rw-rw-r--   1 travis travis   1128 Sep  8 19:04 ModularCodeGenPubSub2_A1_A_profile.java
-rw-rw-r--   1 travis travis   3965 Sep  8 19:04 ModularCodeGenPubSub2_A1.class
-rw-rw-r--   1 travis travis   9781 Sep  8 19:04 ModularCodeGenPubSub2_A1.java
-rw-rw-r--   1 travis travis    904 Sep  8 19:04 ModularCodeGenPubSub2_A1.mk
-rw-rw-r--   1 travis travis   1268 Sep  8 19:04 ModularCodeGenPubSub2_A1_profile.class
-rw-rw-r--   1 travis travis   1196 Sep  8 19:04 ModularCodeGenPubSub2_A1_profile.java
-rw-rw-r--   1 travis travis   1132 Sep  8 19:04 ModularCodeGenPubSub3_A1_A2_profile.java
-rw-rw-r--   1 travis travis   3707 Sep  8 19:04 ModularCodeGenPubSub_A1.class
-rw-rw-r--   1 travis travis   9060 Sep  8 19:04 ModularCodeGenPubSub_A1.java
-rw-rw-r--   1 travis travis    896 Sep  8 19:04 ModularCodeGenPubSub_A1.mk
-rw-rw-r--   1 travis travis   1278 Sep  8 19:04 ModularCodeGenPubSub_A1_profile.class
-rw-rw-r--   1 travis travis   1195 Sep  8 19:04 ModularCodeGenPubSub_A1_profile.java
-rw-rw-r--   1 travis travis   3724 Sep  8 19:02 ModularCodeGenTest_A1_A2.class
-rw-rw-r--   1 travis travis   9164 Sep  8 19:02 ModularCodeGenTest_A1_A2.java
-rw-rw-r--   1 travis travis   1306 Sep  8 19:02 ModularCodeGenTest_A1_A2_profile.class
-rw-rw-r--   1 travis travis   4055 Sep  8 19:02 ModularCodeGenTest_A1.class
-rw-rw-r--   1 travis travis   9968 Sep  8 19:02 ModularCodeGenTest_A1.java
-rw-rw-r--   1 travis travis    880 Sep  8 19:02 ModularCodeGenTest_A1.mk
-rw-rw-r--   1 travis travis   1352 Sep  8 19:02 ModularCodeGenTest_A1_profile.class
-rw-rw-r--   1 travis travis   1394 Sep  8 19:02 ModularCodeGenTest_A1_profile.java
drwxrwxr-x   3 travis travis  32768 Sep  8 19:02 modulation2
drwxrwxr-x 188 travis travis  12288 Sep  8 19:02 node_modules
drwxrwxr-x   3 travis travis  20480 Sep  8 18:58 PhaseUnwrap
drwxrwxr-x   3 travis travis  12288 Sep  8 18:59 ReadFile1
-rw-rw-r--   1 travis travis     11 Sep  8 18:58 ReadFile1Output.txt
-rw-rw-r--   1 travis travis  13773 Sep  8 19:02 Repeat.class
-rw-rw-r--   1 travis travis    685 Sep  8 19:02 Repeat$_fireFunction_Repeat_Repeat$__f_sL_11.class
-rw-rw-r--   1 travis travis    541 Sep  8 19:02 Repeat$_fireFunction_Repeat_Repeat$__f_sL_12.class
-rw-rw-r--   1 travis travis    541 Sep  8 19:02 Repeat$_fireFunction_Repeat_Repeat$__f_sL_13.class
-rw-rw-r--   1 travis travis    541 Sep  8 19:02 Repeat$_fireFunction_Repeat_Repeat$__f_sL_14.class
-rw-rw-r--   1 travis travis    684 Sep  8 19:02 Repeat$_fireFunction_Repeat_Repeat$__f_sL_1.class
-rw-rw-r--   1 travis travis    683 Sep  8 19:02 Repeat$_fireFunction_Repeat_Repeat$__f_sL_4.class
-rw-rw-r--   1 travis travis    539 Sep  8 19:02 Repeat$_fireFunction_Repeat_Repeat$__f_sL_9.class
-rw-rw-r--   1 travis travis    494 Sep  8 19:02 Repeat$_initialize_Repeat$__i_sL_2.class
-rw-rw-r--   1 travis travis   1281 Sep  8 19:02 Repeat.mk
-rw-rw-r--   1 travis travis    539 Sep  8 19:02 Repeat$_preinitializeMethod_Repeat$__p_sL_0.class
-rw-rw-r--   1 travis travis   1102 Sep  8 19:02 Repeat$_Repeat$_fireFunction_Repeat_AddSubtract_Repeat.class
-rw-rw-r--   1 travis travis    810 Sep  8 19:02 Repeat$_Repeat$_fireFunction_Repeat_AddSubtract_Repeat$__f_sL_0.class
-rw-rw-r--   1 travis travis    928 Sep  8 19:02 Repeat$_Repeat$_fireFunction_Repeat_AddSubtract_Repeat$__f_sL_1.class
-rw-rw-r--   1 travis travis    934 Sep  8 19:02 Repeat$_Repeat$_fireFunction_Repeat_AddSubtract_Repeat$__f_sL_2.class
-rw-rw-r--   1 travis travis    862 Sep  8 19:02 Repeat$_Repeat$_fireFunction_Repeat_AddSubtract_Repeat$__f_sL_3.class
-rw-rw-r--   1 travis travis    757 Sep  8 19:02 Repeat$_Repeat$_fireFunction_Repeat_Ramp2_Repeat$__f_sL_0.class
-rw-rw-r--   1 travis travis    888 Sep  8 19:02 Repeat$_Repeat$_fireFunction_Repeat_Test_Repeat$__f_sL_0.class
-rw-rw-r--   1 travis travis    634 Sep  8 19:02 Repeat$_Repeat$_fireFunction_Repeat_Test_Repeat$__f_sL_1.class
-rw-rw-r--   1 travis travis    704 Sep  8 19:02 Repeat$_Repeat_SDF_Director_run_Repeat$__R_sL_0.class
-rw-rw-r--   1 travis travis    705 Sep  8 19:02 Repeat$_Repeat_SDF_Director_run_Repeat$__R_sL_11.class
-rw-rw-r--   1 travis travis    561 Sep  8 19:02 Repeat$_Repeat_SDF_Director_run_Repeat$__R_sL_13.class
-rw-rw-r--   1 travis travis    559 Sep  8 19:02 Repeat$_Repeat_SDF_Director_run_Repeat$__R_sL_2.class
-rw-rw-r--   1 travis travis    703 Sep  8 19:02 Repeat$_Repeat_SDF_Director_run_Repeat$__R_sL_3.class
-rw-rw-r--   1 travis travis    559 Sep  8 19:02 Repeat$_Repeat_SDF_Director_run_Repeat$__R_sL_5.class
-rw-rw-r--   1 travis travis    559 Sep  8 19:02 Repeat$_Repeat_SDF_Director_run_Repeat$__R_sL_8.class
drwxrwxr-x   2 travis travis   4096 Sep  8 19:02 RepeatVariables
-rw-rw-r--   1 travis travis    882 Sep  8 19:02 Repeat$_varinit_Repeat.class
-rw-rw-r--   1 travis travis    550 Sep  8 19:02 Repeat$_varinit_Repeat$__v_sL_2.class
-rw-rw-r--   1 travis travis    924 Sep  8 19:02 Repeat$_varinit_Repeat$__v_sL_4.class
-rw-rw-r--   1 travis travis    978 Sep  8 19:02 Repeat$_wrapup_Repeat$__w_sL_1.class
drwxrwxr-x   3 travis travis  20480 Sep  8 18:59 Sinewave
drwxrwxr-x   3 travis travis  32768 Sep  8 19:00 StringFunction
drwxrwxr-x   3 travis travis  12288 Sep  8 19:00 StringLength
drwxrwxr-x   3 travis travis  61440 Sep  8 19:00 StringMatches2
drwxrwxr-x   3 travis travis  61440 Sep  8 19:01 StringSimpleReplace
drwxrwxr-x   3 travis travis  65536 Sep  8 19:01 StringSubstring
drwxrwxr-x   3 travis travis  24576 Sep  8 19:01 StringSubstring2
drwxrwxr-x   3 travis travis  16384 Sep  8 19:02 time1
drwxrwxr-x   3 travis travis  12288 Sep  8 19:02 time5
-rw-rw-r--   1 travis travis    432 Sep  8 19:04 Token.class
-rw-rw-r--   1 travis travis    251 Sep  8 19:04 Token.java
-rwxrwxr-x   1 travis travis 466992 Sep  8 18:56 top
-rw-rw-r--   1 travis travis  20502 Sep  8 18:56 top.c
-rw-rw-r--   1 travis travis   3799 Sep  8 19:02 top.class
-rw-rw-r--   1 travis travis   1257 Sep  8 19:02 top.mk
All Done
Writing ModularCodeGenPubSub3_A1_A2.java in file:/home/travis/cg/ (8599 characters)
Reading "ptolemy/cg/kernel/generic/program/procedural/java/modular/makefile.in",
    writing "/home/travis/cg/ModularCodeGenPubSub3_A1_A2.mk"
Using ptolemy/cg/kernel/generic/program/procedural/java/modular/makefile.in
In "/home/travis/cg", about to execute:
    make -f ModularCodeGenPubSub3_A1_A2.mk
javac -classpath ".:.."    ModularCodeGenPubSub3_A1_A2.java
All Done
In "/home/travis/cg", about to execute:
    pwd
In "/home/travis/cg", about to execute:
    ls -l
/home/travis/cg
total 2520
drwxrwxr-x   3 travis travis  12288 Sep  8 18:57 AbsoluteValue
drwxrwxr-x   3 travis travis 102400 Sep  8 18:56 AllColt
-rw-rw-r--   1 travis travis    233 Sep  8 19:04 Array.class
-rw-rw-r--   1 travis travis    459 Sep  8 19:04 Array.java
drwxrwxr-x   3 travis travis  12288 Sep  8 18:57 Case1
-rw-rw-r--   1 travis travis   5128 Sep  8 19:02 CompiledCompositeActor_CompiledCompositeActor.class
-rw-rw-r--   1 travis travis   1611 Sep  8 19:02 CompiledCompositeActor_CompiledCompositeActor$_CompiledCompositeActor_CompiledCompositeActor.class
-rw-rw-r--   1 travis travis  13466 Sep  8 19:02 CompiledCompositeActor_CompiledCompositeActor.java
-rw-rw-r--   1 travis travis   1593 Sep  8 19:02 CompiledCompositeActor_CompiledCompositeActor.mk
drwxrwxr-x   5 travis travis   4096 Sep  8 18:56 fmi
drwxrwxr-x   3 travis travis  16384 Sep  8 18:57 Gaussian2
-rw-rw-r--   1 travis travis   4684 Sep  8 19:02 JavaCompiledCompositeTest1_CompiledCompositeActor.class
-rw-rw-r--   1 travis travis  11637 Sep  8 19:02 JavaCompiledCompositeTest1_CompiledCompositeActor.java
-rw-rw-r--   1 travis travis   1217 Sep  8 19:02 JavaCompiledCompositeTest1_CompiledCompositeActor$_JavaCompiledCompositeTest1_CompiledCompositeActor.class
-rw-rw-r--   1 travis travis   1625 Sep  8 19:02 JavaCompiledCompositeTest1_CompiledCompositeActor.mk
-rw-rw-r--   1 travis travis   5115 Sep  8 19:02 JavaCompiledCompositeTest2_CompiledCompositeActor.class
-rw-rw-r--   1 travis travis  14919 Sep  8 19:02 JavaCompiledCompositeTest2_CompiledCompositeActor.java
-rw-rw-r--   1 travis travis   1812 Sep  8 19:02 JavaCompiledCompositeTest2_CompiledCompositeActor$_JavaCompiledCompositeTest2_CompiledCompositeActor.class
-rw-rw-r--   1 travis travis   1625 Sep  8 19:02 JavaCompiledCompositeTest2_CompiledCompositeActor.mk
-rw-rw-r--   1 travis travis   4732 Sep  8 19:02 JavaCompiledCompositeTest3_CompiledCompositeActor.class
-rw-rw-r--   1 travis travis  13080 Sep  8 19:02 JavaCompiledCompositeTest3_CompiledCompositeActor.java
-rw-rw-r--   1 travis travis   1397 Sep  8 19:02 JavaCompiledCompositeTest3_CompiledCompositeActor$_JavaCompiledCompositeTest3_CompiledCompositeActor.class
-rw-rw-r--   1 travis travis   1625 Sep  8 19:02 JavaCompiledCompositeTest3_CompiledCompositeActor.mk
-rw-rw-r--   1 travis travis   4183 Sep  8 19:03 JavaCompiledCompositeTest4_CompiledCompositeActor.class
-rw-rw-r--   1 travis travis   9687 Sep  8 19:02 JavaCompiledCompositeTest4_CompiledCompositeActor.java
-rw-rw-r--   1 travis travis    876 Sep  8 19:03 JavaCompiledCompositeTest4_CompiledCompositeActor$_JavaCompiledCompositeTest4_CompiledCompositeActor.class
-rw-rw-r--   1 travis travis   1625 Sep  8 19:02 JavaCompiledCompositeTest4_CompiledCompositeActor.mk
drwxrwxr-x   3 travis travis  12288 Sep  8 18:58 LookupTable
drwxrwxr-x   3 travis travis  20480 Sep  8 18:58 MaxIndex
-rw-rw-r--   1 travis travis   3925 Sep  8 19:03 ModularCG_A1_B1.class
-rw-rw-r--   1 travis travis   9730 Sep  8 19:03 ModularCG_A1_B1.java
-rw-rw-r--   1 travis travis    832 Sep  8 19:03 ModularCG_A1_B1.mk
-rw-rw-r--   1 travis travis   1318 Sep  8 19:03 ModularCG_A1_B1_profile.class
-rw-rw-r--   1 travis travis   1262 Sep  8 19:03 ModularCG_A1_B1_profile.java
-rw-rw-r--   1 travis travis   3925 Sep  8 19:03 ModularCG_A1_B2.class
-rw-rw-r--   1 travis travis   9730 Sep  8 19:03 ModularCG_A1_B2.java
-rw-rw-r--   1 travis travis    832 Sep  8 19:03 ModularCG_A1_B2.mk
-rw-rw-r--   1 travis travis   1318 Sep  8 19:03 ModularCG_A1_B2_profile.class
-rw-rw-r--   1 travis travis   1262 Sep  8 19:03 ModularCG_A1_B2_profile.java
-rw-rw-r--   1 travis travis   5031 Sep  8 19:03 ModularCG_A1.class
-rw-rw-r--   1 travis travis  14742 Sep  8 19:03 ModularCG_A1.java
-rw-rw-r--   1 travis travis    808 Sep  8 19:03 ModularCG_A1.mk
-rw-rw-r--   1 travis travis   1433 Sep  8 19:03 ModularCG_A1_profile.class
-rw-rw-r--   1 travis travis   1704 Sep  8 19:03 ModularCG_A1_profile.java
-rw-rw-r--   1 travis travis   4059 Sep  8 19:03 ModularCG_A2_B1.class
-rw-rw-r--   1 travis travis  10667 Sep  8 19:03 ModularCG_A2_B1.java
-rw-rw-r--   1 travis travis    832 Sep  8 19:03 ModularCG_A2_B1.mk
-rw-rw-r--   1 travis travis   1381 Sep  8 19:03 ModularCG_A2_B1_profile.class
-rw-rw-r--   1 travis travis   1446 Sep  8 19:03 ModularCG_A2_B1_profile.java
-rw-rw-r--   1 travis travis   3925 Sep  8 19:03 ModularCG_A2_B2.class
-rw-rw-r--   1 travis travis   9730 Sep  8 19:03 ModularCG_A2_B2.java
-rw-rw-r--   1 travis travis    832 Sep  8 19:03 ModularCG_A2_B2.mk
-rw-rw-r--   1 travis travis   1318 Sep  8 19:03 ModularCG_A2_B2_profile.class
-rw-rw-r--   1 travis travis   1262 Sep  8 19:03 ModularCG_A2_B2_profile.java
-rw-rw-r--   1 travis travis   5102 Sep  8 19:03 ModularCG_A2.class
-rw-rw-r--   1 travis travis  15129 Sep  8 19:03 ModularCG_A2.java
-rw-rw-r--   1 travis travis    808 Sep  8 19:03 ModularCG_A2.mk
-rw-rw-r--   1 travis travis   1433 Sep  8 19:03 ModularCG_A2_profile.class
-rw-rw-r--   1 travis travis   1704 Sep  8 19:03 ModularCG_A2_profile.java
-rw-rw-r--   1 travis travis   3705 Sep  8 19:03 ModularCGPubSub_A1_A2.class
-rw-rw-r--   1 travis travis   9076 Sep  8 19:03 ModularCGPubSub_A1_A2.java
-rw-rw-r--   1 travis travis    880 Sep  8 19:03 ModularCGPubSub_A1_A2.mk
-rw-rw-r--   1 travis travis   1300 Sep  8 19:03 ModularCGPubSub_A1_A2_profile.class
-rw-rw-r--   1 travis travis   1222 Sep  8 19:03 ModularCGPubSub_A1_A2_profile.java
-rw-rw-r--   1 travis travis   4022 Sep  8 19:03 ModularCGPubSub_A1.class
-rw-rw-r--   1 travis travis   9836 Sep  8 19:03 ModularCGPubSub_A1.java
-rw-rw-r--   1 travis travis    856 Sep  8 19:03 ModularCGPubSub_A1.mk
-rw-rw-r--   1 travis travis   1346 Sep  8 19:03 ModularCGPubSub_A1_profile.class
-rw-rw-r--   1 travis travis   1388 Sep  8 19:03 ModularCGPubSub_A1_profile.java
-rw-rw-r--   1 travis travis   4220 Sep  8 19:03 ModularCodeGen2_ModularCodeGenTypedCompositeActor.class
-rw-rw-r--   1 travis travis  11690 Sep  8 19:03 ModularCodeGen2_ModularCodeGenTypedCompositeActor.java
-rw-rw-r--   1 travis travis   1104 Sep  8 19:03 ModularCodeGen2_ModularCodeGenTypedCompositeActor.mk
-rw-rw-r--   1 travis travis   4504 Sep  8 19:03 ModularCodeGen2_ModularCodeGenTypedCompositeActor_ModularCodeGenTypedCompositeActor.class
-rw-rw-r--   1 travis travis  11790 Sep  8 19:03 ModularCodeGen2_ModularCodeGenTypedCompositeActor_ModularCodeGenTypedCompositeActor.java
-rw-rw-r--   1 travis travis   1376 Sep  8 19:03 ModularCodeGen2_ModularCodeGenTypedCompositeActor_ModularCodeGenTypedCompositeActor.mk
-rw-rw-r--   1 travis travis   1421 Sep  8 19:03 ModularCodeGen2_ModularCodeGenTypedCompositeActor_ModularCodeGenTypedCompositeActor_profile.class
-rw-rw-r--   1 travis travis   1294 Sep  8 19:03 ModularCodeGen2_ModularCodeGenTypedCompositeActor_ModularCodeGenTypedCompositeActor_profile.java
-rw-rw-r--   1 travis travis    820 Sep  8 19:03 ModularCodeGen2_ModularCodeGenTypedCompositeActor_profile.class
-rw-rw-r--   1 travis travis    693 Sep  8 19:03 ModularCodeGen2_ModularCodeGenTypedCompositeActor_profile.java
-rw-rw-r--   1 travis travis   3973 Sep  8 19:03 ModularCodeGen3_A1_B1.class
-rw-rw-r--   1 travis travis   9958 Sep  8 19:03 ModularCodeGen3_A1_B1.java
-rw-rw-r--   1 travis travis    880 Sep  8 19:03 ModularCodeGen3_A1_B1.mk
-rw-rw-r--   1 travis travis   1330 Sep  8 19:03 ModularCodeGen3_A1_B1_profile.class
-rw-rw-r--   1 travis travis   1274 Sep  8 19:03 ModularCodeGen3_A1_B1_profile.java
-rw-rw-r--   1 travis travis   3973 Sep  8 19:03 ModularCodeGen3_A1_B2.class
-rw-rw-r--   1 travis travis   9958 Sep  8 19:03 ModularCodeGen3_A1_B2.java
-rw-rw-r--   1 travis travis    880 Sep  8 19:03 ModularCodeGen3_A1_B2.mk
-rw-rw-r--   1 travis travis   1330 Sep  8 19:03 ModularCodeGen3_A1_B2_profile.class
-rw-rw-r--   1 travis travis   1274 Sep  8 19:03 ModularCodeGen3_A1_B2_profile.java
-rw-rw-r--   1 travis travis   5193 Sep  8 19:03 ModularCodeGen3_A1.class
-rw-rw-r--   1 travis travis  15564 Sep  8 19:03 ModularCodeGen3_A1.java
-rw-rw-r--   1 travis travis    856 Sep  8 19:03 ModularCodeGen3_A1.mk
-rw-rw-r--   1 travis travis   1445 Sep  8 19:03 ModularCodeGen3_A1_profile.class
-rw-rw-r--   1 travis travis   1716 Sep  8 19:03 ModularCodeGen3_A1_profile.java
-rw-rw-r--   1 travis travis   4119 Sep  8 19:03 ModularCodeGen3_A2_B1.class
-rw-rw-r--   1 travis travis  10955 Sep  8 19:03 ModularCodeGen3_A2_B1.java
-rw-rw-r--   1 travis travis    880 Sep  8 19:03 ModularCodeGen3_A2_B1.mk
-rw-rw-r--   1 travis travis   1393 Sep  8 19:03 ModularCodeGen3_A2_B1_profile.class
-rw-rw-r--   1 travis travis   1458 Sep  8 19:03 ModularCodeGen3_A2_B1_profile.java
-rw-rw-r--   1 travis travis   3973 Sep  8 19:03 ModularCodeGen3_A2_B2.class
-rw-rw-r--   1 travis travis   9958 Sep  8 19:03 ModularCodeGen3_A2_B2.java
-rw-rw-r--   1 travis travis    880 Sep  8 19:03 ModularCodeGen3_A2_B2.mk
-rw-rw-r--   1 travis travis   1330 Sep  8 19:03 ModularCodeGen3_A2_B2_profile.class
-rw-rw-r--   1 travis travis   1274 Sep  8 19:03 ModularCodeGen3_A2_B2_profile.java
-rw-rw-r--   1 travis travis   5270 Sep  8 19:03 ModularCodeGen3_A2.class
-rw-rw-r--   1 travis travis  15957 Sep  8 19:03 ModularCodeGen3_A2.java
-rw-rw-r--   1 travis travis    856 Sep  8 19:03 ModularCodeGen3_A2.mk
-rw-rw-r--   1 travis travis   1445 Sep  8 19:03 ModularCodeGen3_A2_profile.class
-rw-rw-r--   1 travis travis   1716 Sep  8 19:03 ModularCodeGen3_A2_profile.java
-rw-rw-r--   1 travis travis   4026 Sep  8 19:03 ModularCodeGen4_A1_B1.class
-rw-rw-r--   1 travis travis  10312 Sep  8 19:03 ModularCodeGen4_A1_B1.java
-rw-rw-r--   1 travis travis    880 Sep  8 19:03 ModularCodeGen4_A1_B1.mk
-rw-rw-r--   1 travis travis   1330 Sep  8 19:03 ModularCodeGen4_A1_B1_profile.class
-rw-rw-r--   1 travis travis   1273 Sep  8 19:03 ModularCodeGen4_A1_B1_profile.java
-rw-rw-r--   1 travis travis   4026 Sep  8 19:03 ModularCodeGen4_A1_B2.class
-rw-rw-r--   1 travis travis  10312 Sep  8 19:03 ModularCodeGen4_A1_B2.java
-rw-rw-r--   1 travis travis    880 Sep  8 19:03 ModularCodeGen4_A1_B2.mk
-rw-rw-r--   1 travis travis   1330 Sep  8 19:03 ModularCodeGen4_A1_B2_profile.class
-rw-rw-r--   1 travis travis   1273 Sep  8 19:03 ModularCodeGen4_A1_B2_profile.java
-rw-rw-r--   1 travis travis   5333 Sep  8 19:03 ModularCodeGen4_A1.class
-rw-rw-r--   1 travis travis  16245 Sep  8 19:03 ModularCodeGen4_A1.java
-rw-rw-r--   1 travis travis    856 Sep  8 19:03 ModularCodeGen4_A1.mk
-rw-rw-r--   1 travis travis   1445 Sep  8 19:03 ModularCodeGen4_A1_profile.class
-rw-rw-r--   1 travis travis   1712 Sep  8 19:03 ModularCodeGen4_A1_profile.java
-rw-rw-r--   1 travis travis   4220 Sep  8 19:03 ModularCodeGen4_A2_B1.class
-rw-rw-r--   1 travis travis  11375 Sep  8 19:03 ModularCodeGen4_A2_B1.java
-rw-rw-r--   1 travis travis    880 Sep  8 19:03 ModularCodeGen4_A2_B1.mk
-rw-rw-r--   1 travis travis   1393 Sep  8 19:03 ModularCodeGen4_A2_B1_profile.class
-rw-rw-r--   1 travis travis   1454 Sep  8 19:03 ModularCodeGen4_A2_B1_profile.java
-rw-rw-r--   1 travis travis   4074 Sep  8 19:04 ModularCodeGen4_A2_B2.class
-rw-rw-r--   1 travis travis  10378 Sep  8 19:04 ModularCodeGen4_A2_B2.java
-rw-rw-r--   1 travis travis    880 Sep  8 19:04 ModularCodeGen4_A2_B2.mk
-rw-rw-r--   1 travis travis   1330 Sep  8 19:04 ModularCodeGen4_A2_B2_profile.class
-rw-rw-r--   1 travis travis   1270 Sep  8 19:03 ModularCodeGen4_A2_B2_profile.java
-rw-rw-r--   1 travis travis   5506 Sep  8 19:04 ModularCodeGen4_A2.class
-rw-rw-r--   1 travis travis  16770 Sep  8 19:04 ModularCodeGen4_A2.java
-rw-rw-r--   1 travis travis    856 Sep  8 19:04 ModularCodeGen4_A2.mk
-rw-rw-r--   1 travis travis   1445 Sep  8 19:04 ModularCodeGen4_A2_profile.class
-rw-rw-r--   1 travis travis   1712 Sep  8 19:04 ModularCodeGen4_A2_profile.java
-rw-rw-r--   1 travis travis   7070 Sep  8 19:04 ModularCodeGen5_A_A.class
-rw-rw-r--   1 travis travis  28721 Sep  8 19:04 ModularCodeGen5_A_A.java
-rw-rw-r--   1 travis travis    864 Sep  8 19:04 ModularCodeGen5_A_A.mk
-rw-rw-r--   1 travis travis   1520 Sep  8 19:04 ModularCodeGen5_A_A_profile.class
-rw-rw-r--   1 travis travis   1815 Sep  8 19:04 ModularCodeGen5_A_A_profile.java
-rw-rw-r--   1 travis travis   5347 Sep  8 19:04 ModularCodeGen5_A.class
-rw-rw-r--   1 travis travis  13769 Sep  8 19:04 ModularCodeGen5_A.java
-rw-rw-r--   1 travis travis    848 Sep  8 19:04 ModularCodeGen5_A.mk
-rw-rw-r--   1 travis travis   1422 Sep  8 19:04 ModularCodeGen5_A_profile.class
-rw-rw-r--   1 travis travis   1605 Sep  8 19:04 ModularCodeGen5_A_profile.java
-rw-rw-r--   1 travis travis   4357 Sep  8 19:04 ModularCodeGen6_A_A2.class
-rw-rw-r--   1 travis travis  11329 Sep  8 19:04 ModularCodeGen6_A_A2.java
-rw-rw-r--   1 travis travis    872 Sep  8 19:04 ModularCodeGen6_A_A2.mk
-rw-rw-r--   1 travis travis   1351 Sep  8 19:04 ModularCodeGen6_A_A2_profile.class
-rw-rw-r--   1 travis travis   1364 Sep  8 19:04 ModularCodeGen6_A_A2_profile.java
-rw-rw-r--   1 travis travis   4340 Sep  8 19:04 ModularCodeGen6_A_A.class
-rw-rw-r--   1 travis travis  11221 Sep  8 19:04 ModularCodeGen6_A_A.java
-rw-rw-r--   1 travis travis    864 Sep  8 19:04 ModularCodeGen6_A_A.mk
-rw-rw-r--   1 travis travis   1348 Sep  8 19:04 ModularCodeGen6_A_A_profile.class
-rw-rw-r--   1 travis travis   1361 Sep  8 19:04 ModularCodeGen6_A_A_profile.java
-rw-rw-r--   1 travis travis   7469 Sep  8 19:04 ModularCodeGen6_A.class
-rw-rw-r--   1 travis travis  26535 Sep  8 19:04 ModularCodeGen6_A.java
-rw-rw-r--   1 travis travis    848 Sep  8 19:04 ModularCodeGen6_A.mk
-rw-rw-r--   1 travis travis   1483 Sep  8 19:04 ModularCodeGen6_A_profile.class
-rw-rw-r--   1 travis travis   1810 Sep  8 19:04 ModularCodeGen6_A_profile.java
-rw-rw-r--   1 travis travis   9633 Sep  8 19:04 ModularCodeGenLazyPubSubGlobal_CompositeActor_ModularCodeGenTypedComposite.class
-rw-rw-r--   1 travis travis  30161 Sep  8 19:04 ModularCodeGenLazyPubSubGlobal_CompositeActor_ModularCodeGenTypedComposite.java
-rw-rw-r--   1 travis travis   1304 Sep  8 19:04 ModularCodeGenLazyPubSubGlobal_CompositeActor_ModularCodeGenTypedComposite.mk
-rw-rw-r--   1 travis travis   1438 Sep  8 19:04 ModularCodeGenLazyPubSubGlobal_CompositeActor_ModularCodeGenTypedComposite_profile.class
-rw-rw-r--   1 travis travis   1384 Sep  8 19:04 ModularCodeGenLazyPubSubGlobal_CompositeActor_ModularCodeGenTypedComposite_profile.java
-rw-rw-r--   1 travis travis   4184 Sep  8 19:04 ModularCodeGenLazyPubSub_LazyCompositeActor.class
-rw-rw-r--   1 travis travis  11122 Sep  8 19:04 ModularCodeGenLazyPubSub_LazyCompositeActor.java
-rw-rw-r--   1 travis travis   1056 Sep  8 19:04 ModularCodeGenLazyPubSub_LazyCompositeActor.mk
-rw-rw-r--   1 travis travis   1286 Sep  8 19:04 ModularCodeGenLazyPubSub_LazyCompositeActor_profile.class
-rw-rw-r--   1 travis travis   1091 Sep  8 19:04 ModularCodeGenLazyPubSub_LazyCompositeActor_profile.java
-rw-rw-r--   1 travis travis   4186 Sep  8 19:03 ModularCodeGen_ModularCodeGenTypedCompositeActor.class
-rw-rw-r--   1 travis travis  10970 Sep  8 19:03 ModularCodeGen_ModularCodeGenTypedCompositeActor.java
-rw-rw-r--   1 travis travis   1096 Sep  8 19:03 ModularCodeGen_ModularCodeGenTypedCompositeActor.mk
-rw-rw-r--   1 travis travis   1384 Sep  8 19:03 ModularCodeGen_ModularCodeGenTypedCompositeActor_profile.class
-rw-rw-r--   1 travis travis   1328 Sep  8 19:03 ModularCodeGen_ModularCodeGenTypedCompositeActor_profile.java
-rw-rw-r--   1 travis travis   3673 Sep  8 19:04 ModularCodeGenPubSub2_A1_A.class
-rw-rw-r--   1 travis travis   8578 Sep  8 19:04 ModularCodeGenPubSub2_A1_A.java
-rw-rw-r--   1 travis travis    920 Sep  8 19:04 ModularCodeGenPubSub2_A1_A.mk
-rw-rw-r--   1 travis travis   1274 Sep  8 19:04 ModularCodeGenPubSub2_A1_A_profile.class
-rw-rw-r--   1 travis travis   1128 Sep  8 19:04 ModularCodeGenPubSub2_A1_A_profile.java
-rw-rw-r--   1 travis travis   3965 Sep  8 19:04 ModularCodeGenPubSub2_A1.class
-rw-rw-r--   1 travis travis   9781 Sep  8 19:04 ModularCodeGenPubSub2_A1.java
-rw-rw-r--   1 travis travis    904 Sep  8 19:04 ModularCodeGenPubSub2_A1.mk
-rw-rw-r--   1 travis travis   1268 Sep  8 19:04 ModularCodeGenPubSub2_A1_profile.class
-rw-rw-r--   1 travis travis   1196 Sep  8 19:04 ModularCodeGenPubSub2_A1_profile.java
-rw-rw-r--   1 travis travis   3669 Sep  8 19:04 ModularCodeGenPubSub3_A1_A2.class
-rw-rw-r--   1 travis travis   8599 Sep  8 19:04 ModularCodeGenPubSub3_A1_A2.java
-rw-rw-r--   1 travis travis    928 Sep  8 19:04 ModularCodeGenPubSub3_A1_A2.mk
-rw-rw-r--   1 travis travis   1287 Sep  8 19:04 ModularCodeGenPubSub3_A1_A2_profile.class
-rw-rw-r--   1 travis travis   1132 Sep  8 19:04 ModularCodeGenPubSub3_A1_A2_profile.java
-rw-rw-r--   1 travis travis   1400 Sep  8 19:04 ModularCodeGenPubSub3_A1_profile.java
-rw-rw-r--   1 travis travis   3707 Sep  8 19:04 ModularCodeGenPubSub_A1.class
-rw-rw-r--   1 travis travis   9060 Sep  8 19:04 ModularCodeGenPubSub_A1.java
-rw-rw-r--   1 travis travis    896 Sep  8 19:04 ModularCodeGenPubSub_A1.mk
-rw-rw-r--   1 travis travis   1278 Sep  8 19:04 ModularCodeGenPubSub_A1_profile.class
-rw-rw-r--   1 travis travis   1195 Sep  8 19:04 ModularCodeGenPubSub_A1_profile.java
-rw-rw-r--   1 travis travis   3724 Sep  8 19:02 ModularCodeGenTest_A1_A2.class
-rw-rw-r--   1 travis travis   9164 Sep  8 19:02 ModularCodeGenTest_A1_A2.java
-rw-rw-r--   1 travis travis   1306 Sep  8 19:02 ModularCodeGenTest_A1_A2_profile.class
-rw-rw-r--   1 travis travis   4055 Sep  8 19:02 ModularCodeGenTest_A1.class
-rw-rw-r--   1 travis travis   9968 Sep  8 19:02 ModularCodeGenTest_A1.java
-rw-rw-r--   1 travis travis    880 Sep  8 19:02 ModularCodeGenTest_A1.mk
-rw-rw-r--   1 travis travis   1352 Sep  8 19:02 ModularCodeGenTest_A1_profile.class
-rw-rw-r--   1 travis travis   1394 Sep  8 19:02 ModularCodeGenTest_A1_profile.java
drwxrwxr-x   3 travis travis  32768 Sep  8 19:02 modulation2
drwxrwxr-x 188 travis travis  12288 Sep  8 19:02 node_modules
drwxrwxr-x   3 travis travis  20480 Sep  8 18:58 PhaseUnwrap
drwxrwxr-x   3 travis travis  12288 Sep  8 18:59 ReadFile1
-rw-rw-r--   1 travis travis     11 Sep  8 18:58 ReadFile1Output.txt
-rw-rw-r--   1 travis travis  13773 Sep  8 19:02 Repeat.class
-rw-rw-r--   1 travis travis    685 Sep  8 19:02 Repeat$_fireFunction_Repeat_Repeat$__f_sL_11.class
-rw-rw-r--   1 travis travis    541 Sep  8 19:02 Repeat$_fireFunction_Repeat_Repeat$__f_sL_12.class
-rw-rw-r--   1 travis travis    541 Sep  8 19:02 Repeat$_fireFunction_Repeat_Repeat$__f_sL_13.class
-rw-rw-r--   1 travis travis    541 Sep  8 19:02 Repeat$_fireFunction_Repeat_Repeat$__f_sL_14.class
-rw-rw-r--   1 travis travis    684 Sep  8 19:02 Repeat$_fireFunction_Repeat_Repeat$__f_sL_1.class
-rw-rw-r--   1 travis travis    683 Sep  8 19:02 Repeat$_fireFunction_Repeat_Repeat$__f_sL_4.class
-rw-rw-r--   1 travis travis    539 Sep  8 19:02 Repeat$_fireFunction_Repeat_Repeat$__f_sL_9.class
-rw-rw-r--   1 travis travis    494 Sep  8 19:02 Repeat$_initialize_Repeat$__i_sL_2.class
-rw-rw-r--   1 travis travis   1281 Sep  8 19:02 Repeat.mk
-rw-rw-r--   1 travis travis    539 Sep  8 19:02 Repeat$_preinitializeMethod_Repeat$__p_sL_0.class
-rw-rw-r--   1 travis travis   1102 Sep  8 19:02 Repeat$_Repeat$_fireFunction_Repeat_AddSubtract_Repeat.class
-rw-rw-r--   1 travis travis    810 Sep  8 19:02 Repeat$_Repeat$_fireFunction_Repeat_AddSubtract_Repeat$__f_sL_0.class
-rw-rw-r--   1 travis travis    928 Sep  8 19:02 Repeat$_Repeat$_fireFunction_Repeat_AddSubtract_Repeat$__f_sL_1.class
-rw-rw-r--   1 travis travis    934 Sep  8 19:02 Repeat$_Repeat$_fireFunction_Repeat_AddSubtract_Repeat$__f_sL_2.class
-rw-rw-r--   1 travis travis    862 Sep  8 19:02 Repeat$_Repeat$_fireFunction_Repeat_AddSubtract_Repeat$__f_sL_3.class
-rw-rw-r--   1 travis travis    757 Sep  8 19:02 Repeat$_Repeat$_fireFunction_Repeat_Ramp2_Repeat$__f_sL_0.class
-rw-rw-r--   1 travis travis    888 Sep  8 19:02 Repeat$_Repeat$_fireFunction_Repeat_Test_Repeat$__f_sL_0.class
-rw-rw-r--   1 travis travis    634 Sep  8 19:02 Repeat$_Repeat$_fireFunction_Repeat_Test_Repeat$__f_sL_1.class
-rw-rw-r--   1 travis travis    704 Sep  8 19:02 Repeat$_Repeat_SDF_Director_run_Repeat$__R_sL_0.class
-rw-rw-r--   1 travis travis    705 Sep  8 19:02 Repeat$_Repeat_SDF_Director_run_Repeat$__R_sL_11.class
-rw-rw-r--   1 travis travis    561 Sep  8 19:02 Repeat$_Repeat_SDF_Director_run_Repeat$__R_sL_13.class
-rw-rw-r--   1 travis travis    559 Sep  8 19:02 Repeat$_Repeat_SDF_Director_run_Repeat$__R_sL_2.class
-rw-rw-r--   1 travis travis    703 Sep  8 19:02 Repeat$_Repeat_SDF_Director_run_Repeat$__R_sL_3.class
-rw-rw-r--   1 travis travis    559 Sep  8 19:02 Repeat$_Repeat_SDF_Director_run_Repeat$__R_sL_5.class
-rw-rw-r--   1 travis travis    559 Sep  8 19:02 Repeat$_Repeat_SDF_Director_run_Repeat$__R_sL_8.class
drwxrwxr-x   2 travis travis   4096 Sep  8 19:02 RepeatVariables
-rw-rw-r--   1 travis travis    882 Sep  8 19:02 Repeat$_varinit_Repeat.class
-rw-rw-r--   1 travis travis    550 Sep  8 19:02 Repeat$_varinit_Repeat$__v_sL_2.class
-rw-rw-r--   1 travis travis    924 Sep  8 19:02 Repeat$_varinit_Repeat$__v_sL_4.class
-rw-rw-r--   1 travis travis    978 Sep  8 19:02 Repeat$_wrapup_Repeat$__w_sL_1.class
drwxrwxr-x   3 travis travis  20480 Sep  8 18:59 Sinewave
drwxrwxr-x   3 travis travis  32768 Sep  8 19:00 StringFunction
drwxrwxr-x   3 travis travis  12288 Sep  8 19:00 StringLength
drwxrwxr-x   3 travis travis  61440 Sep  8 19:00 StringMatches2
drwxrwxr-x   3 travis travis  61440 Sep  8 19:01 StringSimpleReplace
drwxrwxr-x   3 travis travis  65536 Sep  8 19:01 StringSubstring
drwxrwxr-x   3 travis travis  24576 Sep  8 19:01 StringSubstring2
drwxrwxr-x   3 travis travis  16384 Sep  8 19:02 time1
drwxrwxr-x   3 travis travis  12288 Sep  8 19:02 time5
-rw-rw-r--   1 travis travis    432 Sep  8 19:04 Token.class
-rw-rw-r--   1 travis travis    251 Sep  8 19:04 Token.java
-rwxrwxr-x   1 travis travis 466992 Sep  8 18:56 top
-rw-rw-r--   1 travis travis  20502 Sep  8 18:56 top.c
-rw-rw-r--   1 travis travis   3799 Sep  8 19:02 top.class
-rw-rw-r--   1 travis travis   1257 Sep  8 19:02 top.mk
In "/home/travis/cg", about to execute:
    javac -classpath
.:/home/travis/build/icyphy/ptII:/home/travis/build/icyphy/ptII/lib/asm-all-5.2
.jar:/home/travis/build/icyphy/ptII/lib/nashorn-core-15.3.jar:/home/travis/buil
d/icyphy/ptII/lib/bsh-2.0b4.jar:/home/travis/build/icyphy/ptII/lib/ptCal.jar:/h
ome/travis/build/icyphy/ptII/lib/java_cup.jar:/home/travis/build/icyphy/ptII/li
b/saxon8.jar:/home/travis/build/icyphy/ptII/lib/saxon8-dom.jar:/home/travis/bui
ld/icyphy/ptII/lib/chic.jar:/home/travis/build/icyphy/ptII/lib/ptcolt.jar:/home
/travis/build/icyphy/ptII/vendors/misc/itext/iText.jar:/home/travis/build/icyph
y/ptII/lib/g4ltl.jar:/home/travis/build/icyphy/ptII/lib/StructuralCoder.jar:/ho
me/travis/build/icyphy/ptII/lib/jcerti.jar:/home/travis/build/icyphy/ptII/lib/j
avax.mail.jar:/home/travis/build/icyphy/ptII/vendors/JMF-2.1.1e/lib/jmf.jar:/ho
me/travis/build/icyphy/ptII/lib/jna-4.0.0-variadic.jar:/home/travis/build/icyph
y/ptII/vendors/misc/joystick/Joystick.jar:/home/travis/build/icyphy/ptII/lib/pt
jacl.jar:/home/travis/build/icyphy/ptII/lib/jsoup-1.14.2.jar:/home/travis/build
/icyphy/ptII/lib/junit-4.8.2.jar:/home/travis/build/icyphy/ptII/lib/JUnitParams
-0.4.0.jar:/home/travis/build/icyphy/ptII/ptolemy/actor/lib/excel/jxl.jar:/home
/travis/build/icyphy/ptII/lib/jython.jar:/home/travis/build/icyphy/ptII/lib/kie
ler.jar:/home/travis/build/icyphy/ptII/vendors/opencv/share/OpenCV/java/opencv-
341.jar:/home/travis/build/icyphy/ptII/lib/oscP5.jar:/home/travis/build/icyphy/
ptII/lib/nrjavaserial-3.11.0.devel.jar:/home/travis/build/icyphy/ptII/vendors/j
3d/lib/Linux/j3dcore.jar:/home/travis/build/icyphy/ptII/vendors/j3d/lib/Linux/j
3dutils.jar:/home/travis/build/icyphy/ptII/vendors/j3d/lib/Linux/vecmath.jar:/h
ome/travis/build/icyphy/ptII/vendors/jogl/lib/Linux/gluegen-rt-natives-linux-am
d64.jar:/home/travis/build/icyphy/ptII/vendors/jogl/lib/Linux/gluegen-rt.jar:/h
ome/travis/build/icyphy/ptII/vendors/jogl/lib/Linux/jogl-all-natives-linux-amd6
4.jar:/home/travis/build/icyphy/ptII/vendors/jogl/lib/Linux/jogl-all.jar:/home/
travis/build/icyphy/ptII/ptolemy/distributed/jini/jar/jini-core.jar:/home/travi
s/build/icyphy/ptII/ptolemy/distributed/jini/jar/jini-ext.jar:/home/travis/buil
d/icyphy/ptII/ptolemy/distributed/jini/jar/sun-util.jar:/home/travis/build/icyp
hy/ptII/lib/protobuf-java-2.4.1.jar:/home/travis/build/icyphy/ptII/lib/org.ecli
pse.paho.client.mqttv3.jar:/home/travis/build/icyphy/ptII/lib/mapss.jar:/home/t
ravis/build/icyphy/ptII/ptolemy/actor/ptalon/antlr/antlr.jar:/home/travis/build
/icyphy/ptII/lib/JRI.jar:/home/travis/build/icyphy/ptII/lib/commons-lang-2.6.ja
r:/home/travis/build/icyphy/ptII/lib/commons-logging-1.1.1.jar:/home/travis/bui
ld/icyphy/ptII/lib/sootclasses.jar:/home/travis/build/icyphy/ptII/ptolemy/actor
/lib/database/mysql-connector-java-8.0.26.jar:/home/travis/build/icyphy/ptII/ve
ndors/misc/sphinx4/sphinx4-data-5prealpha.jar:/home/travis/build/icyphy/ptII/ve
ndors/misc/sphinx4/sphinx4-core-5prealpha.jar:/home/travis/build/icyphy/ptII/li
b/PDFRenderer.jar:/home/travis/build/icyphy/ptII/lib/svgSalamander.jar:/home/tr
avis/build/icyphy/ptII/lib/rsyntaxtextarea-2.6.0-SNAPSHOT.jar:/home/travis/buil
d/icyphy/ptII/lib/hazelcast-3.8.2.jar:/home/travis/build/icyphy/ptII/lib/jackso
n-annotations-2.9.0.jar:/home/travis/build/icyphy/ptII/lib/jackson-core-2.9.3.j
ar:/home/travis/build/icyphy/ptII/lib/jackson-databind-2.9.3.jar:/home/travis/b
uild/icyphy/ptII/lib/netty-buffer-4.1.19.Final.jar:/home/travis/build/icyphy/pt
II/lib/netty-codec-4.1.19.Final.jar:/home/travis/build/icyphy/ptII/lib/netty-co
dec-dns-4.1.19.Final.jar:/home/travis/build/icyphy/ptII/lib/netty-codec-http-4.
1.19.Final.jar:/home/travis/build/icyphy/ptII/lib/netty-codec-http2-4.1.19.Fina
l.jar:/home/travis/build/icyphy/ptII/lib/netty-common-4.1.19.Final.jar:/home/tr
avis/build/icyphy/ptII/lib/netty-handler-4.1.19.Final.jar:/home/travis/build/ic
yphy/ptII/lib/netty-resolver-4.1.19.Final.jar:/home/travis/build/icyphy/ptII/li
b/netty-resolver-dns-4.1.19.Final.jar:/home/travis/build/icyphy/ptII/lib/netty-
transport-4.1.19.Final.jar:/home/travis/build/icyphy/ptII/lib/vertx-codegen-3.5
.1.jar:/home/travis/build/icyphy/ptII/lib/vertx-core-3.5.2-SNAPSHOT.jar:/home/t
ravis/build/icyphy/ptII/lib/vertx-hazelcast-3.5.1.jar:/home/travis/build/icyphy
/ptII/lib/vertx-lang-js-3.5.1.jar:/home/travis/build/icyphy/ptII/lib/vertx-serv
ice-proxy-3.5.1.jar:/home/travis/build/icyphy/ptII/lib/vertx-web-3.5.1.jar:/hom
e/travis/build/icyphy/ptII/lib/slf4j-api-1.7.13.jar:/home/travis/build/icyphy/p
tII/lib/slf4j-simple-1.7.13.jar:/home/travis/build/icyphy/ptII/lib/webcam-captu
re-0.3.12.jar:/home/travis/build/icyphy/ptII/lib/bridj-0.7.0.jar:/home/travis/b
uild/icyphy/ptII/lib/xbjlib-1.1.0.nrjavaserial.jar:/home/travis/build/icyphy/pt
II/ptolemy/moml/test:/home/travis/build/icyphy/ptII/ant/lib/ant-launcher.jar:/h
ome/travis/build/icyphy/ptII/ant/lib/ant.jar:/home/travis/build/icyphy/ptII/ant
/lib/ant-junit.jar:/home/travis/build/icyphy/ptII/ant/lib/ant-junit4.jar:/home/
travis/build/icyphy/ptII ModularCodeGenPubSub3_A1_profile.java
All Done
Writing ModularCodeGenPubSub3_A1.java in file:/home/travis/cg/ (10100 characters)
Reading "ptolemy/cg/kernel/generic/program/procedural/java/modular/makefile.in",
    writing "/home/travis/cg/ModularCodeGenPubSub3_A1.mk"
Using ptolemy/cg/kernel/generic/program/procedural/java/modular/makefile.in
In "/home/travis/cg", about to execute:
    make -f ModularCodeGenPubSub3_A1.mk
javac -classpath ".:.."    ModularCodeGenPubSub3_A1.java
All Done
5771 ms. Memory: 129024K Free: 63688K (49%)
----------------- Invoking toplevel() on ptolemy.moml.MoMLSimpleApplication@7251a192
----------------- Done invoking toplevel() on ptolemy.moml.MoMLSimpleApplication@7251a192
reloadAllAccessors: .ModularCodeGenPubSub3

===========================================================================================
----------------- testing Wed Sep 08 19:04:38 UTC 2021 /home/travis/build/icyphy/ptII/ptolemy/cg/lib/test/auto/ModularCodeGenPubSub4.xml
----------------- Instantiating /home/travis/build/icyphy/ptII/ptolemy/cg/lib/test/auto/ModularCodeGenPubSub4.xml
In "/home/travis/cg", about to execute:
    pwd
In "/home/travis/cg", about to execute:
    ls -l
/home/travis/cg
In "/home/travis/cg", about to execute:
    javac -classpath
.:/home/travis/build/icyphy/ptII:/home/travis/build/icyphy/ptII/lib/asm-all-5.2
.jar:/home/travis/build/icyphy/ptII/lib/nashorn-core-15.3.jar:/home/travis/buil
d/icyphy/ptII/lib/bsh-2.0b4.jar:/home/travis/build/icyphy/ptII/lib/ptCal.jar:/h
ome/travis/build/icyphy/ptII/lib/java_cup.jar:/home/travis/build/icyphy/ptII/li
b/saxon8.jar:/home/travis/build/icyphy/ptII/lib/saxon8-dom.jar:/home/travis/bui
ld/icyphy/ptII/lib/chic.jar:/home/travis/build/icyphy/ptII/lib/ptcolt.jar:/home
/travis/build/icyphy/ptII/vendors/misc/itext/iText.jar:/home/travis/build/icyph
y/ptII/lib/g4ltl.jar:/home/travis/build/icyphy/ptII/lib/StructuralCoder.jar:/ho
me/travis/build/icyphy/ptII/lib/jcerti.jar:/home/travis/build/icyphy/ptII/lib/j
avax.mail.jar:/home/travis/build/icyphy/ptII/vendors/JMF-2.1.1e/lib/jmf.jar:/ho
me/travis/build/icyphy/ptII/lib/jna-4.0.0-variadic.jar:/home/travis/build/icyph
y/ptII/vendors/misc/joystick/Joystick.jar:/home/travis/build/icyphy/ptII/lib/pt
jacl.jar:/home/travis/build/icyphy/ptII/lib/jsoup-1.14.2.jar:/home/travis/build
/icyphy/ptII/lib/junit-4.8.2.jar:/home/travis/build/icyphy/ptII/lib/JUnitParams
-0.4.0.jar:/home/travis/build/icyphy/ptII/ptolemy/actor/lib/excel/jxl.jar:/home
/travis/build/icyphy/ptII/lib/jython.jar:/home/travis/build/icyphy/ptII/lib/kie
ler.jar:/home/travis/build/icyphy/ptII/vendors/opencv/share/OpenCV/java/opencv-
341.jar:/home/travis/build/icyphy/ptII/lib/oscP5.jar:/home/travis/build/icyphy/
ptII/lib/nrjavaserial-3.11.0.devel.jar:/home/travis/build/icyphy/ptII/vendors/j
3d/lib/Linux/j3dcore.jar:/home/travis/build/icyphy/ptII/vendors/j3d/lib/Linux/j
3dutils.jar:/home/travis/build/icyphy/ptII/vendors/j3d/lib/Linux/vecmath.jar:/h
ome/travis/build/icyphy/ptII/vendors/jogl/lib/Linux/gluegen-rt-natives-linux-am
d64.jar:/home/travis/build/icyphy/ptII/vendors/jogl/lib/Linux/gluegen-rt.jar:/h
ome/travis/build/icyphy/ptII/vendors/jogl/lib/Linux/jogl-all-natives-linux-amd6
4.jar:/home/travis/build/icyphy/ptII/vendors/jogl/lib/Linux/jogl-all.jar:/home/
travis/build/icyphy/ptII/ptolemy/distributed/jini/jar/jini-core.jar:/home/travi
s/build/icyphy/ptII/ptolemy/distributed/jini/jar/jini-ext.jar:/home/travis/buil
d/icyphy/ptII/ptolemy/distributed/jini/jar/sun-util.jar:/home/travis/build/icyp
hy/ptII/lib/protobuf-java-2.4.1.jar:/home/travis/build/icyphy/ptII/lib/org.ecli
pse.paho.client.mqttv3.jar:/home/travis/build/icyphy/ptII/lib/mapss.jar:/home/t
ravis/build/icyphy/ptII/ptolemy/actor/ptalon/antlr/antlr.jar:/home/travis/build
/icyphy/ptII/lib/JRI.jar:/home/travis/build/icyphy/ptII/lib/commons-lang-2.6.ja
r:/home/travis/build/icyphy/ptII/lib/commons-logging-1.1.1.jar:/home/travis/bui
ld/icyphy/ptII/lib/sootclasses.jar:/home/travis/build/icyphy/ptII/ptolemy/actor
/lib/database/mysql-connector-java-8.0.26.jar:/home/travis/build/icyphy/ptII/ve
ndors/misc/sphinx4/sphinx4-data-5prealpha.jar:/home/travis/build/icyphy/ptII/ve
ndors/misc/sphinx4/sphinx4-core-5prealpha.jar:/home/travis/build/icyphy/ptII/li
b/PDFRenderer.jar:/home/travis/build/icyphy/ptII/lib/svgSalamander.jar:/home/tr
avis/build/icyphy/ptII/lib/rsyntaxtextarea-2.6.0-SNAPSHOT.jar:/home/travis/buil
d/icyphy/ptII/lib/hazelcast-3.8.2.jar:/home/travis/build/icyphy/ptII/lib/jackso
n-annotations-2.9.0.jar:/home/travis/build/icyphy/ptII/lib/jackson-core-2.9.3.j
ar:/home/travis/build/icyphy/ptII/lib/jackson-databind-2.9.3.jar:/home/travis/b
uild/icyphy/ptII/lib/netty-buffer-4.1.19.Final.jar:/home/travis/build/icyphy/pt
II/lib/netty-codec-4.1.19.Final.jar:/home/travis/build/icyphy/ptII/lib/netty-co
dec-dns-4.1.19.Final.jar:/home/travis/build/icyphy/ptII/lib/netty-codec-http-4.
1.19.Final.jar:/home/travis/build/icyphy/ptII/lib/netty-codec-http2-4.1.19.Fina
l.jar:/home/travis/build/icyphy/ptII/lib/netty-common-4.1.19.Final.jar:/home/tr
avis/build/icyphy/ptII/lib/netty-handler-4.1.19.Final.jar:/home/travis/build/ic
yphy/ptII/lib/netty-resolver-4.1.19.Final.jar:/home/travis/build/icyphy/ptII/li
b/netty-resolver-dns-4.1.19.Final.jar:/home/travis/build/icyphy/ptII/lib/netty-
transport-4.1.19.Final.jar:/home/travis/build/icyphy/ptII/lib/vertx-codegen-3.5
.1.jar:/home/travis/build/icyphy/ptII/lib/vertx-core-3.5.2-SNAPSHOT.jar:/home/t
ravis/build/icyphy/ptII/lib/vertx-hazelcast-3.5.1.jar:/home/travis/build/icyphy
/ptII/lib/vertx-lang-js-3.5.1.jar:/home/travis/build/icyphy/ptII/lib/vertx-serv
ice-proxy-3.5.1.jar:/home/travis/build/icyphy/ptII/lib/vertx-web-3.5.1.jar:/hom
e/travis/build/icyphy/ptII/lib/slf4j-api-1.7.13.jar:/home/travis/build/icyphy/p
tII/lib/slf4j-simple-1.7.13.jar:/home/travis/build/icyphy/ptII/lib/webcam-captu
re-0.3.12.jar:/home/travis/build/icyphy/ptII/lib/bridj-0.7.0.jar:/home/travis/b
uild/icyphy/ptII/lib/xbjlib-1.1.0.nrjavaserial.jar:/home/travis/build/icyphy/pt
II/ptolemy/moml/test:/home/travis/build/icyphy/ptII/ant/lib/ant-launcher.jar:/h
ome/travis/build/icyphy/ptII/ant/lib/ant.jar:/home/travis/build/icyphy/ptII/ant
/lib/ant-junit.jar:/home/travis/build/icyphy/ptII/ant/lib/ant-junit4.jar:/home/
travis/build/icyphy/ptII ModularCodeGenPubSub4_A1_A_profile.java
total 2548
drwxrwxr-x   3 travis travis  12288 Sep  8 18:57 AbsoluteValue
drwxrwxr-x   3 travis travis 102400 Sep  8 18:56 AllColt
-rw-rw-r--   1 travis travis    233 Sep  8 19:04 Array.class
-rw-rw-r--   1 travis travis    459 Sep  8 19:04 Array.java
drwxrwxr-x   3 travis travis  12288 Sep  8 18:57 Case1
-rw-rw-r--   1 travis travis   5128 Sep  8 19:02 CompiledCompositeActor_CompiledCompositeActor.class
-rw-rw-r--   1 travis travis   1611 Sep  8 19:02 CompiledCompositeActor_CompiledCompositeActor$_CompiledCompositeActor_CompiledCompositeActor.class
-rw-rw-r--   1 travis travis  13466 Sep  8 19:02 CompiledCompositeActor_CompiledCompositeActor.java
-rw-rw-r--   1 travis travis   1593 Sep  8 19:02 CompiledCompositeActor_CompiledCompositeActor.mk
drwxrwxr-x   5 travis travis   4096 Sep  8 18:56 fmi
drwxrwxr-x   3 travis travis  16384 Sep  8 18:57 Gaussian2
-rw-rw-r--   1 travis travis   4684 Sep  8 19:02 JavaCompiledCompositeTest1_CompiledCompositeActor.class
-rw-rw-r--   1 travis travis  11637 Sep  8 19:02 JavaCompiledCompositeTest1_CompiledCompositeActor.java
-rw-rw-r--   1 travis travis   1217 Sep  8 19:02 JavaCompiledCompositeTest1_CompiledCompositeActor$_JavaCompiledCompositeTest1_CompiledCompositeActor.class
-rw-rw-r--   1 travis travis   1625 Sep  8 19:02 JavaCompiledCompositeTest1_CompiledCompositeActor.mk
-rw-rw-r--   1 travis travis   5115 Sep  8 19:02 JavaCompiledCompositeTest2_CompiledCompositeActor.class
-rw-rw-r--   1 travis travis  14919 Sep  8 19:02 JavaCompiledCompositeTest2_CompiledCompositeActor.java
-rw-rw-r--   1 travis travis   1812 Sep  8 19:02 JavaCompiledCompositeTest2_CompiledCompositeActor$_JavaCompiledCompositeTest2_CompiledCompositeActor.class
-rw-rw-r--   1 travis travis   1625 Sep  8 19:02 JavaCompiledCompositeTest2_CompiledCompositeActor.mk
-rw-rw-r--   1 travis travis   4732 Sep  8 19:02 JavaCompiledCompositeTest3_CompiledCompositeActor.class
-rw-rw-r--   1 travis travis  13080 Sep  8 19:02 JavaCompiledCompositeTest3_CompiledCompositeActor.java
-rw-rw-r--   1 travis travis   1397 Sep  8 19:02 JavaCompiledCompositeTest3_CompiledCompositeActor$_JavaCompiledCompositeTest3_CompiledCompositeActor.class
-rw-rw-r--   1 travis travis   1625 Sep  8 19:02 JavaCompiledCompositeTest3_CompiledCompositeActor.mk
-rw-rw-r--   1 travis travis   4183 Sep  8 19:03 JavaCompiledCompositeTest4_CompiledCompositeActor.class
-rw-rw-r--   1 travis travis   9687 Sep  8 19:02 JavaCompiledCompositeTest4_CompiledCompositeActor.java
-rw-rw-r--   1 travis travis    876 Sep  8 19:03 JavaCompiledCompositeTest4_CompiledCompositeActor$_JavaCompiledCompositeTest4_CompiledCompositeActor.class
-rw-rw-r--   1 travis travis   1625 Sep  8 19:02 JavaCompiledCompositeTest4_CompiledCompositeActor.mk
drwxrwxr-x   3 travis travis  12288 Sep  8 18:58 LookupTable
drwxrwxr-x   3 travis travis  20480 Sep  8 18:58 MaxIndex
-rw-rw-r--   1 travis travis   3925 Sep  8 19:03 ModularCG_A1_B1.class
-rw-rw-r--   1 travis travis   9730 Sep  8 19:03 ModularCG_A1_B1.java
-rw-rw-r--   1 travis travis    832 Sep  8 19:03 ModularCG_A1_B1.mk
-rw-rw-r--   1 travis travis   1318 Sep  8 19:03 ModularCG_A1_B1_profile.class
-rw-rw-r--   1 travis travis   1262 Sep  8 19:03 ModularCG_A1_B1_profile.java
-rw-rw-r--   1 travis travis   3925 Sep  8 19:03 ModularCG_A1_B2.class
-rw-rw-r--   1 travis travis   9730 Sep  8 19:03 ModularCG_A1_B2.java
-rw-rw-r--   1 travis travis    832 Sep  8 19:03 ModularCG_A1_B2.mk
-rw-rw-r--   1 travis travis   1318 Sep  8 19:03 ModularCG_A1_B2_profile.class
-rw-rw-r--   1 travis travis   1262 Sep  8 19:03 ModularCG_A1_B2_profile.java
-rw-rw-r--   1 travis travis   5031 Sep  8 19:03 ModularCG_A1.class
-rw-rw-r--   1 travis travis  14742 Sep  8 19:03 ModularCG_A1.java
-rw-rw-r--   1 travis travis    808 Sep  8 19:03 ModularCG_A1.mk
-rw-rw-r--   1 travis travis   1433 Sep  8 19:03 ModularCG_A1_profile.class
-rw-rw-r--   1 travis travis   1704 Sep  8 19:03 ModularCG_A1_profile.java
-rw-rw-r--   1 travis travis   4059 Sep  8 19:03 ModularCG_A2_B1.class
-rw-rw-r--   1 travis travis  10667 Sep  8 19:03 ModularCG_A2_B1.java
-rw-rw-r--   1 travis travis    832 Sep  8 19:03 ModularCG_A2_B1.mk
-rw-rw-r--   1 travis travis   1381 Sep  8 19:03 ModularCG_A2_B1_profile.class
-rw-rw-r--   1 travis travis   1446 Sep  8 19:03 ModularCG_A2_B1_profile.java
-rw-rw-r--   1 travis travis   3925 Sep  8 19:03 ModularCG_A2_B2.class
-rw-rw-r--   1 travis travis   9730 Sep  8 19:03 ModularCG_A2_B2.java
-rw-rw-r--   1 travis travis    832 Sep  8 19:03 ModularCG_A2_B2.mk
-rw-rw-r--   1 travis travis   1318 Sep  8 19:03 ModularCG_A2_B2_profile.class
-rw-rw-r--   1 travis travis   1262 Sep  8 19:03 ModularCG_A2_B2_profile.java
-rw-rw-r--   1 travis travis   5102 Sep  8 19:03 ModularCG_A2.class
-rw-rw-r--   1 travis travis  15129 Sep  8 19:03 ModularCG_A2.java
-rw-rw-r--   1 travis travis    808 Sep  8 19:03 ModularCG_A2.mk
-rw-rw-r--   1 travis travis   1433 Sep  8 19:03 ModularCG_A2_profile.class
-rw-rw-r--   1 travis travis   1704 Sep  8 19:03 ModularCG_A2_profile.java
-rw-rw-r--   1 travis travis   3705 Sep  8 19:03 ModularCGPubSub_A1_A2.class
-rw-rw-r--   1 travis travis   9076 Sep  8 19:03 ModularCGPubSub_A1_A2.java
-rw-rw-r--   1 travis travis    880 Sep  8 19:03 ModularCGPubSub_A1_A2.mk
-rw-rw-r--   1 travis travis   1300 Sep  8 19:03 ModularCGPubSub_A1_A2_profile.class
-rw-rw-r--   1 travis travis   1222 Sep  8 19:03 ModularCGPubSub_A1_A2_profile.java
-rw-rw-r--   1 travis travis   4022 Sep  8 19:03 ModularCGPubSub_A1.class
-rw-rw-r--   1 travis travis   9836 Sep  8 19:03 ModularCGPubSub_A1.java
-rw-rw-r--   1 travis travis    856 Sep  8 19:03 ModularCGPubSub_A1.mk
-rw-rw-r--   1 travis travis   1346 Sep  8 19:03 ModularCGPubSub_A1_profile.class
-rw-rw-r--   1 travis travis   1388 Sep  8 19:03 ModularCGPubSub_A1_profile.java
-rw-rw-r--   1 travis travis   4220 Sep  8 19:03 ModularCodeGen2_ModularCodeGenTypedCompositeActor.class
-rw-rw-r--   1 travis travis  11690 Sep  8 19:03 ModularCodeGen2_ModularCodeGenTypedCompositeActor.java
-rw-rw-r--   1 travis travis   1104 Sep  8 19:03 ModularCodeGen2_ModularCodeGenTypedCompositeActor.mk
-rw-rw-r--   1 travis travis   4504 Sep  8 19:03 ModularCodeGen2_ModularCodeGenTypedCompositeActor_ModularCodeGenTypedCompositeActor.class
-rw-rw-r--   1 travis travis  11790 Sep  8 19:03 ModularCodeGen2_ModularCodeGenTypedCompositeActor_ModularCodeGenTypedCompositeActor.java
-rw-rw-r--   1 travis travis   1376 Sep  8 19:03 ModularCodeGen2_ModularCodeGenTypedCompositeActor_ModularCodeGenTypedCompositeActor.mk
-rw-rw-r--   1 travis travis   1421 Sep  8 19:03 ModularCodeGen2_ModularCodeGenTypedCompositeActor_ModularCodeGenTypedCompositeActor_profile.class
-rw-rw-r--   1 travis travis   1294 Sep  8 19:03 ModularCodeGen2_ModularCodeGenTypedCompositeActor_ModularCodeGenTypedCompositeActor_profile.java
-rw-rw-r--   1 travis travis    820 Sep  8 19:03 ModularCodeGen2_ModularCodeGenTypedCompositeActor_profile.class
-rw-rw-r--   1 travis travis    693 Sep  8 19:03 ModularCodeGen2_ModularCodeGenTypedCompositeActor_profile.java
-rw-rw-r--   1 travis travis   3973 Sep  8 19:03 ModularCodeGen3_A1_B1.class
-rw-rw-r--   1 travis travis   9958 Sep  8 19:03 ModularCodeGen3_A1_B1.java
-rw-rw-r--   1 travis travis    880 Sep  8 19:03 ModularCodeGen3_A1_B1.mk
-rw-rw-r--   1 travis travis   1330 Sep  8 19:03 ModularCodeGen3_A1_B1_profile.class
-rw-rw-r--   1 travis travis   1274 Sep  8 19:03 ModularCodeGen3_A1_B1_profile.java
-rw-rw-r--   1 travis travis   3973 Sep  8 19:03 ModularCodeGen3_A1_B2.class
-rw-rw-r--   1 travis travis   9958 Sep  8 19:03 ModularCodeGen3_A1_B2.java
-rw-rw-r--   1 travis travis    880 Sep  8 19:03 ModularCodeGen3_A1_B2.mk
-rw-rw-r--   1 travis travis   1330 Sep  8 19:03 ModularCodeGen3_A1_B2_profile.class
-rw-rw-r--   1 travis travis   1274 Sep  8 19:03 ModularCodeGen3_A1_B2_profile.java
-rw-rw-r--   1 travis travis   5193 Sep  8 19:03 ModularCodeGen3_A1.class
-rw-rw-r--   1 travis travis  15564 Sep  8 19:03 ModularCodeGen3_A1.java
-rw-rw-r--   1 travis travis    856 Sep  8 19:03 ModularCodeGen3_A1.mk
-rw-rw-r--   1 travis travis   1445 Sep  8 19:03 ModularCodeGen3_A1_profile.class
-rw-rw-r--   1 travis travis   1716 Sep  8 19:03 ModularCodeGen3_A1_profile.java
-rw-rw-r--   1 travis travis   4119 Sep  8 19:03 ModularCodeGen3_A2_B1.class
-rw-rw-r--   1 travis travis  10955 Sep  8 19:03 ModularCodeGen3_A2_B1.java
-rw-rw-r--   1 travis travis    880 Sep  8 19:03 ModularCodeGen3_A2_B1.mk
-rw-rw-r--   1 travis travis   1393 Sep  8 19:03 ModularCodeGen3_A2_B1_profile.class
-rw-rw-r--   1 travis travis   1458 Sep  8 19:03 ModularCodeGen3_A2_B1_profile.java
-rw-rw-r--   1 travis travis   3973 Sep  8 19:03 ModularCodeGen3_A2_B2.class
-rw-rw-r--   1 travis travis   9958 Sep  8 19:03 ModularCodeGen3_A2_B2.java
-rw-rw-r--   1 travis travis    880 Sep  8 19:03 ModularCodeGen3_A2_B2.mk
-rw-rw-r--   1 travis travis   1330 Sep  8 19:03 ModularCodeGen3_A2_B2_profile.class
-rw-rw-r--   1 travis travis   1274 Sep  8 19:03 ModularCodeGen3_A2_B2_profile.java
-rw-rw-r--   1 travis travis   5270 Sep  8 19:03 ModularCodeGen3_A2.class
-rw-rw-r--   1 travis travis  15957 Sep  8 19:03 ModularCodeGen3_A2.java
-rw-rw-r--   1 travis travis    856 Sep  8 19:03 ModularCodeGen3_A2.mk
-rw-rw-r--   1 travis travis   1445 Sep  8 19:03 ModularCodeGen3_A2_profile.class
-rw-rw-r--   1 travis travis   1716 Sep  8 19:03 ModularCodeGen3_A2_profile.java
-rw-rw-r--   1 travis travis   4026 Sep  8 19:03 ModularCodeGen4_A1_B1.class
-rw-rw-r--   1 travis travis  10312 Sep  8 19:03 ModularCodeGen4_A1_B1.java
-rw-rw-r--   1 travis travis    880 Sep  8 19:03 ModularCodeGen4_A1_B1.mk
-rw-rw-r--   1 travis travis   1330 Sep  8 19:03 ModularCodeGen4_A1_B1_profile.class
-rw-rw-r--   1 travis travis   1273 Sep  8 19:03 ModularCodeGen4_A1_B1_profile.java
-rw-rw-r--   1 travis travis   4026 Sep  8 19:03 ModularCodeGen4_A1_B2.class
-rw-rw-r--   1 travis travis  10312 Sep  8 19:03 ModularCodeGen4_A1_B2.java
-rw-rw-r--   1 travis travis    880 Sep  8 19:03 ModularCodeGen4_A1_B2.mk
-rw-rw-r--   1 travis travis   1330 Sep  8 19:03 ModularCodeGen4_A1_B2_profile.class
-rw-rw-r--   1 travis travis   1273 Sep  8 19:03 ModularCodeGen4_A1_B2_profile.java
-rw-rw-r--   1 travis travis   5333 Sep  8 19:03 ModularCodeGen4_A1.class
-rw-rw-r--   1 travis travis  16245 Sep  8 19:03 ModularCodeGen4_A1.java
-rw-rw-r--   1 travis travis    856 Sep  8 19:03 ModularCodeGen4_A1.mk
-rw-rw-r--   1 travis travis   1445 Sep  8 19:03 ModularCodeGen4_A1_profile.class
-rw-rw-r--   1 travis travis   1712 Sep  8 19:03 ModularCodeGen4_A1_profile.java
-rw-rw-r--   1 travis travis   4220 Sep  8 19:03 ModularCodeGen4_A2_B1.class
-rw-rw-r--   1 travis travis  11375 Sep  8 19:03 ModularCodeGen4_A2_B1.java
-rw-rw-r--   1 travis travis    880 Sep  8 19:03 ModularCodeGen4_A2_B1.mk
-rw-rw-r--   1 travis travis   1393 Sep  8 19:03 ModularCodeGen4_A2_B1_profile.class
-rw-rw-r--   1 travis travis   1454 Sep  8 19:03 ModularCodeGen4_A2_B1_profile.java
-rw-rw-r--   1 travis travis   4074 Sep  8 19:04 ModularCodeGen4_A2_B2.class
-rw-rw-r--   1 travis travis  10378 Sep  8 19:04 ModularCodeGen4_A2_B2.java
-rw-rw-r--   1 travis travis    880 Sep  8 19:04 ModularCodeGen4_A2_B2.mk
-rw-rw-r--   1 travis travis   1330 Sep  8 19:04 ModularCodeGen4_A2_B2_profile.class
-rw-rw-r--   1 travis travis   1270 Sep  8 19:03 ModularCodeGen4_A2_B2_profile.java
-rw-rw-r--   1 travis travis   5506 Sep  8 19:04 ModularCodeGen4_A2.class
-rw-rw-r--   1 travis travis  16770 Sep  8 19:04 ModularCodeGen4_A2.java
-rw-rw-r--   1 travis travis    856 Sep  8 19:04 ModularCodeGen4_A2.mk
-rw-rw-r--   1 travis travis   1445 Sep  8 19:04 ModularCodeGen4_A2_profile.class
-rw-rw-r--   1 travis travis   1712 Sep  8 19:04 ModularCodeGen4_A2_profile.java
-rw-rw-r--   1 travis travis   7070 Sep  8 19:04 ModularCodeGen5_A_A.class
-rw-rw-r--   1 travis travis  28721 Sep  8 19:04 ModularCodeGen5_A_A.java
-rw-rw-r--   1 travis travis    864 Sep  8 19:04 ModularCodeGen5_A_A.mk
-rw-rw-r--   1 travis travis   1520 Sep  8 19:04 ModularCodeGen5_A_A_profile.class
-rw-rw-r--   1 travis travis   1815 Sep  8 19:04 ModularCodeGen5_A_A_profile.java
-rw-rw-r--   1 travis travis   5347 Sep  8 19:04 ModularCodeGen5_A.class
-rw-rw-r--   1 travis travis  13769 Sep  8 19:04 ModularCodeGen5_A.java
-rw-rw-r--   1 travis travis    848 Sep  8 19:04 ModularCodeGen5_A.mk
-rw-rw-r--   1 travis travis   1422 Sep  8 19:04 ModularCodeGen5_A_profile.class
-rw-rw-r--   1 travis travis   1605 Sep  8 19:04 ModularCodeGen5_A_profile.java
-rw-rw-r--   1 travis travis   4357 Sep  8 19:04 ModularCodeGen6_A_A2.class
-rw-rw-r--   1 travis travis  11329 Sep  8 19:04 ModularCodeGen6_A_A2.java
-rw-rw-r--   1 travis travis    872 Sep  8 19:04 ModularCodeGen6_A_A2.mk
-rw-rw-r--   1 travis travis   1351 Sep  8 19:04 ModularCodeGen6_A_A2_profile.class
-rw-rw-r--   1 travis travis   1364 Sep  8 19:04 ModularCodeGen6_A_A2_profile.java
-rw-rw-r--   1 travis travis   4340 Sep  8 19:04 ModularCodeGen6_A_A.class
-rw-rw-r--   1 travis travis  11221 Sep  8 19:04 ModularCodeGen6_A_A.java
-rw-rw-r--   1 travis travis    864 Sep  8 19:04 ModularCodeGen6_A_A.mk
-rw-rw-r--   1 travis travis   1348 Sep  8 19:04 ModularCodeGen6_A_A_profile.class
-rw-rw-r--   1 travis travis   1361 Sep  8 19:04 ModularCodeGen6_A_A_profile.java
-rw-rw-r--   1 travis travis   7469 Sep  8 19:04 ModularCodeGen6_A.class
-rw-rw-r--   1 travis travis  26535 Sep  8 19:04 ModularCodeGen6_A.java
-rw-rw-r--   1 travis travis    848 Sep  8 19:04 ModularCodeGen6_A.mk
-rw-rw-r--   1 travis travis   1483 Sep  8 19:04 ModularCodeGen6_A_profile.class
-rw-rw-r--   1 travis travis   1810 Sep  8 19:04 ModularCodeGen6_A_profile.java
-rw-rw-r--   1 travis travis   9633 Sep  8 19:04 ModularCodeGenLazyPubSubGlobal_CompositeActor_ModularCodeGenTypedComposite.class
-rw-rw-r--   1 travis travis  30161 Sep  8 19:04 ModularCodeGenLazyPubSubGlobal_CompositeActor_ModularCodeGenTypedComposite.java
-rw-rw-r--   1 travis travis   1304 Sep  8 19:04 ModularCodeGenLazyPubSubGlobal_CompositeActor_ModularCodeGenTypedComposite.mk
-rw-rw-r--   1 travis travis   1438 Sep  8 19:04 ModularCodeGenLazyPubSubGlobal_CompositeActor_ModularCodeGenTypedComposite_profile.class
-rw-rw-r--   1 travis travis   1384 Sep  8 19:04 ModularCodeGenLazyPubSubGlobal_CompositeActor_ModularCodeGenTypedComposite_profile.java
-rw-rw-r--   1 travis travis   4184 Sep  8 19:04 ModularCodeGenLazyPubSub_LazyCompositeActor.class
-rw-rw-r--   1 travis travis  11122 Sep  8 19:04 ModularCodeGenLazyPubSub_LazyCompositeActor.java
-rw-rw-r--   1 travis travis   1056 Sep  8 19:04 ModularCodeGenLazyPubSub_LazyCompositeActor.mk
-rw-rw-r--   1 travis travis   1286 Sep  8 19:04 ModularCodeGenLazyPubSub_LazyCompositeActor_profile.class
-rw-rw-r--   1 travis travis   1091 Sep  8 19:04 ModularCodeGenLazyPubSub_LazyCompositeActor_profile.java
-rw-rw-r--   1 travis travis   4186 Sep  8 19:03 ModularCodeGen_ModularCodeGenTypedCompositeActor.class
-rw-rw-r--   1 travis travis  10970 Sep  8 19:03 ModularCodeGen_ModularCodeGenTypedCompositeActor.java
-rw-rw-r--   1 travis travis   1096 Sep  8 19:03 ModularCodeGen_ModularCodeGenTypedCompositeActor.mk
-rw-rw-r--   1 travis travis   1384 Sep  8 19:03 ModularCodeGen_ModularCodeGenTypedCompositeActor_profile.class
-rw-rw-r--   1 travis travis   1328 Sep  8 19:03 ModularCodeGen_ModularCodeGenTypedCompositeActor_profile.java
-rw-rw-r--   1 travis travis   3673 Sep  8 19:04 ModularCodeGenPubSub2_A1_A.class
-rw-rw-r--   1 travis travis   8578 Sep  8 19:04 ModularCodeGenPubSub2_A1_A.java
-rw-rw-r--   1 travis travis    920 Sep  8 19:04 ModularCodeGenPubSub2_A1_A.mk
-rw-rw-r--   1 travis travis   1274 Sep  8 19:04 ModularCodeGenPubSub2_A1_A_profile.class
-rw-rw-r--   1 travis travis   1128 Sep  8 19:04 ModularCodeGenPubSub2_A1_A_profile.java
-rw-rw-r--   1 travis travis   3965 Sep  8 19:04 ModularCodeGenPubSub2_A1.class
-rw-rw-r--   1 travis travis   9781 Sep  8 19:04 ModularCodeGenPubSub2_A1.java
-rw-rw-r--   1 travis travis    904 Sep  8 19:04 ModularCodeGenPubSub2_A1.mk
-rw-rw-r--   1 travis travis   1268 Sep  8 19:04 ModularCodeGenPubSub2_A1_profile.class
-rw-rw-r--   1 travis travis   1196 Sep  8 19:04 ModularCodeGenPubSub2_A1_profile.java
-rw-rw-r--   1 travis travis   3669 Sep  8 19:04 ModularCodeGenPubSub3_A1_A2.class
-rw-rw-r--   1 travis travis   8599 Sep  8 19:04 ModularCodeGenPubSub3_A1_A2.java
-rw-rw-r--   1 travis travis    928 Sep  8 19:04 ModularCodeGenPubSub3_A1_A2.mk
-rw-rw-r--   1 travis travis   1287 Sep  8 19:04 ModularCodeGenPubSub3_A1_A2_profile.class
-rw-rw-r--   1 travis travis   1132 Sep  8 19:04 ModularCodeGenPubSub3_A1_A2_profile.java
-rw-rw-r--   1 travis travis   4088 Sep  8 19:04 ModularCodeGenPubSub3_A1.class
-rw-rw-r--   1 travis travis  10100 Sep  8 19:04 ModularCodeGenPubSub3_A1.java
-rw-rw-r--   1 travis travis    904 Sep  8 19:04 ModularCodeGenPubSub3_A1.mk
-rw-rw-r--   1 travis travis   1358 Sep  8 19:04 ModularCodeGenPubSub3_A1_profile.class
-rw-rw-r--   1 travis travis   1400 Sep  8 19:04 ModularCodeGenPubSub3_A1_profile.java
-rw-rw-r--   1 travis travis   1128 Sep  8 19:04 ModularCodeGenPubSub4_A1_A_profile.java
-rw-rw-r--   1 travis travis   3707 Sep  8 19:04 ModularCodeGenPubSub_A1.class
-rw-rw-r--   1 travis travis   9060 Sep  8 19:04 ModularCodeGenPubSub_A1.java
-rw-rw-r--   1 travis travis    896 Sep  8 19:04 ModularCodeGenPubSub_A1.mk
-rw-rw-r--   1 travis travis   1278 Sep  8 19:04 ModularCodeGenPubSub_A1_profile.class
-rw-rw-r--   1 travis travis   1195 Sep  8 19:04 ModularCodeGenPubSub_A1_profile.java
-rw-rw-r--   1 travis travis   3724 Sep  8 19:02 ModularCodeGenTest_A1_A2.class
-rw-rw-r--   1 travis travis   9164 Sep  8 19:02 ModularCodeGenTest_A1_A2.java
-rw-rw-r--   1 travis travis   1306 Sep  8 19:02 ModularCodeGenTest_A1_A2_profile.class
-rw-rw-r--   1 travis travis   4055 Sep  8 19:02 ModularCodeGenTest_A1.class
-rw-rw-r--   1 travis travis   9968 Sep  8 19:02 ModularCodeGenTest_A1.java
-rw-rw-r--   1 travis travis    880 Sep  8 19:02 ModularCodeGenTest_A1.mk
-rw-rw-r--   1 travis travis   1352 Sep  8 19:02 ModularCodeGenTest_A1_profile.class
-rw-rw-r--   1 travis travis   1394 Sep  8 19:02 ModularCodeGenTest_A1_profile.java
drwxrwxr-x   3 travis travis  32768 Sep  8 19:02 modulation2
drwxrwxr-x 188 travis travis  12288 Sep  8 19:02 node_modules
drwxrwxr-x   3 travis travis  20480 Sep  8 18:58 PhaseUnwrap
drwxrwxr-x   3 travis travis  12288 Sep  8 18:59 ReadFile1
-rw-rw-r--   1 travis travis     11 Sep  8 18:58 ReadFile1Output.txt
-rw-rw-r--   1 travis travis  13773 Sep  8 19:02 Repeat.class
-rw-rw-r--   1 travis travis    685 Sep  8 19:02 Repeat$_fireFunction_Repeat_Repeat$__f_sL_11.class
-rw-rw-r--   1 travis travis    541 Sep  8 19:02 Repeat$_fireFunction_Repeat_Repeat$__f_sL_12.class
-rw-rw-r--   1 travis travis    541 Sep  8 19:02 Repeat$_fireFunction_Repeat_Repeat$__f_sL_13.class
-rw-rw-r--   1 travis travis    541 Sep  8 19:02 Repeat$_fireFunction_Repeat_Repeat$__f_sL_14.class
-rw-rw-r--   1 travis travis    684 Sep  8 19:02 Repeat$_fireFunction_Repeat_Repeat$__f_sL_1.class
-rw-rw-r--   1 travis travis    683 Sep  8 19:02 Repeat$_fireFunction_Repeat_Repeat$__f_sL_4.class
-rw-rw-r--   1 travis travis    539 Sep  8 19:02 Repeat$_fireFunction_Repeat_Repeat$__f_sL_9.class
-rw-rw-r--   1 travis travis    494 Sep  8 19:02 Repeat$_initialize_Repeat$__i_sL_2.class
-rw-rw-r--   1 travis travis   1281 Sep  8 19:02 Repeat.mk
-rw-rw-r--   1 travis travis    539 Sep  8 19:02 Repeat$_preinitializeMethod_Repeat$__p_sL_0.class
-rw-rw-r--   1 travis travis   1102 Sep  8 19:02 Repeat$_Repeat$_fireFunction_Repeat_AddSubtract_Repeat.class
-rw-rw-r--   1 travis travis    810 Sep  8 19:02 Repeat$_Repeat$_fireFunction_Repeat_AddSubtract_Repeat$__f_sL_0.class
-rw-rw-r--   1 travis travis    928 Sep  8 19:02 Repeat$_Repeat$_fireFunction_Repeat_AddSubtract_Repeat$__f_sL_1.class
-rw-rw-r--   1 travis travis    934 Sep  8 19:02 Repeat$_Repeat$_fireFunction_Repeat_AddSubtract_Repeat$__f_sL_2.class
-rw-rw-r--   1 travis travis    862 Sep  8 19:02 Repeat$_Repeat$_fireFunction_Repeat_AddSubtract_Repeat$__f_sL_3.class
-rw-rw-r--   1 travis travis    757 Sep  8 19:02 Repeat$_Repeat$_fireFunction_Repeat_Ramp2_Repeat$__f_sL_0.class
-rw-rw-r--   1 travis travis    888 Sep  8 19:02 Repeat$_Repeat$_fireFunction_Repeat_Test_Repeat$__f_sL_0.class
-rw-rw-r--   1 travis travis    634 Sep  8 19:02 Repeat$_Repeat$_fireFunction_Repeat_Test_Repeat$__f_sL_1.class
-rw-rw-r--   1 travis travis    704 Sep  8 19:02 Repeat$_Repeat_SDF_Director_run_Repeat$__R_sL_0.class
-rw-rw-r--   1 travis travis    705 Sep  8 19:02 Repeat$_Repeat_SDF_Director_run_Repeat$__R_sL_11.class
-rw-rw-r--   1 travis travis    561 Sep  8 19:02 Repeat$_Repeat_SDF_Director_run_Repeat$__R_sL_13.class
-rw-rw-r--   1 travis travis    559 Sep  8 19:02 Repeat$_Repeat_SDF_Director_run_Repeat$__R_sL_2.class
-rw-rw-r--   1 travis travis    703 Sep  8 19:02 Repeat$_Repeat_SDF_Director_run_Repeat$__R_sL_3.class
-rw-rw-r--   1 travis travis    559 Sep  8 19:02 Repeat$_Repeat_SDF_Director_run_Repeat$__R_sL_5.class
-rw-rw-r--   1 travis travis    559 Sep  8 19:02 Repeat$_Repeat_SDF_Director_run_Repeat$__R_sL_8.class
drwxrwxr-x   2 travis travis   4096 Sep  8 19:02 RepeatVariables
-rw-rw-r--   1 travis travis    882 Sep  8 19:02 Repeat$_varinit_Repeat.class
-rw-rw-r--   1 travis travis    550 Sep  8 19:02 Repeat$_varinit_Repeat$__v_sL_2.class
-rw-rw-r--   1 travis travis    924 Sep  8 19:02 Repeat$_varinit_Repeat$__v_sL_4.class
-rw-rw-r--   1 travis travis    978 Sep  8 19:02 Repeat$_wrapup_Repeat$__w_sL_1.class
drwxrwxr-x   3 travis travis  20480 Sep  8 18:59 Sinewave
drwxrwxr-x   3 travis travis  32768 Sep  8 19:00 StringFunction
drwxrwxr-x   3 travis travis  12288 Sep  8 19:00 StringLength
drwxrwxr-x   3 travis travis  61440 Sep  8 19:00 StringMatches2
drwxrwxr-x   3 travis travis  61440 Sep  8 19:01 StringSimpleReplace
drwxrwxr-x   3 travis travis  65536 Sep  8 19:01 StringSubstring
drwxrwxr-x   3 travis travis  24576 Sep  8 19:01 StringSubstring2
drwxrwxr-x   3 travis travis  16384 Sep  8 19:02 time1
drwxrwxr-x   3 travis travis  12288 Sep  8 19:02 time5
-rw-rw-r--   1 travis travis    432 Sep  8 19:04 Token.class
-rw-rw-r--   1 travis travis    251 Sep  8 19:04 Token.java
-rwxrwxr-x   1 travis travis 466992 Sep  8 18:56 top
-rw-rw-r--   1 travis travis  20502 Sep  8 18:56 top.c
-rw-rw-r--   1 travis travis   3799 Sep  8 19:02 top.class
-rw-rw-r--   1 travis travis   1257 Sep  8 19:02 top.mk
All Done
Writing ModularCodeGenPubSub4_A1_A.java in file:/home/travis/cg/ (8578 characters)
Reading "ptolemy/cg/kernel/generic/program/procedural/java/modular/makefile.in",
    writing "/home/travis/cg/ModularCodeGenPubSub4_A1_A.mk"
Using ptolemy/cg/kernel/generic/program/procedural/java/modular/makefile.in
In "/home/travis/cg", about to execute:
    make -f ModularCodeGenPubSub4_A1_A.mk
javac -classpath ".:.."    ModularCodeGenPubSub4_A1_A.java
All Done
In "/home/travis/cg", about to execute:
    pwd
/home/travis/cg
In "/home/travis/cg", about to execute:
    ls -l
total 2576
drwxrwxr-x   3 travis travis  12288 Sep  8 18:57 AbsoluteValue
drwxrwxr-x   3 travis travis 102400 Sep  8 18:56 AllColt
-rw-rw-r--   1 travis travis    233 Sep  8 19:04 Array.class
-rw-rw-r--   1 travis travis    459 Sep  8 19:04 Array.java
drwxrwxr-x   3 travis travis  12288 Sep  8 18:57 Case1
-rw-rw-r--   1 travis travis   5128 Sep  8 19:02 CompiledCompositeActor_CompiledCompositeActor.class
-rw-rw-r--   1 travis travis   1611 Sep  8 19:02 CompiledCompositeActor_CompiledCompositeActor$_CompiledCompositeActor_CompiledCompositeActor.class
-rw-rw-r--   1 travis travis  13466 Sep  8 19:02 CompiledCompositeActor_CompiledCompositeActor.java
-rw-rw-r--   1 travis travis   1593 Sep  8 19:02 CompiledCompositeActor_CompiledCompositeActor.mk
drwxrwxr-x   5 travis travis   4096 Sep  8 18:56 fmi
drwxrwxr-x   3 travis travis  16384 Sep  8 18:57 Gaussian2
-rw-rw-r--   1 travis travis   4684 Sep  8 19:02 JavaCompiledCompositeTest1_CompiledCompositeActor.class
-rw-rw-r--   1 travis travis  11637 Sep  8 19:02 JavaCompiledCompositeTest1_CompiledCompositeActor.java
-rw-rw-r--   1 travis travis   1217 Sep  8 19:02 JavaCompiledCompositeTest1_CompiledCompositeActor$_JavaCompiledCompositeTest1_CompiledCompositeActor.class
-rw-rw-r--   1 travis travis   1625 Sep  8 19:02 JavaCompiledCompositeTest1_CompiledCompositeActor.mk
-rw-rw-r--   1 travis travis   5115 Sep  8 19:02 JavaCompiledCompositeTest2_CompiledCompositeActor.class
-rw-rw-r--   1 travis travis  14919 Sep  8 19:02 JavaCompiledCompositeTest2_CompiledCompositeActor.java
-rw-rw-r--   1 travis travis   1812 Sep  8 19:02 JavaCompiledCompositeTest2_CompiledCompositeActor$_JavaCompiledCompositeTest2_CompiledCompositeActor.class
-rw-rw-r--   1 travis travis   1625 Sep  8 19:02 JavaCompiledCompositeTest2_CompiledCompositeActor.mk
-rw-rw-r--   1 travis travis   4732 Sep  8 19:02 JavaCompiledCompositeTest3_CompiledCompositeActor.class
-rw-rw-r--   1 travis travis  13080 Sep  8 19:02 JavaCompiledCompositeTest3_CompiledCompositeActor.java
-rw-rw-r--   1 travis travis   1397 Sep  8 19:02 JavaCompiledCompositeTest3_CompiledCompositeActor$_JavaCompiledCompositeTest3_CompiledCompositeActor.class
-rw-rw-r--   1 travis travis   1625 Sep  8 19:02 JavaCompiledCompositeTest3_CompiledCompositeActor.mk
-rw-rw-r--   1 travis travis   4183 Sep  8 19:03 JavaCompiledCompositeTest4_CompiledCompositeActor.class
-rw-rw-r--   1 travis travis   9687 Sep  8 19:02 JavaCompiledCompositeTest4_CompiledCompositeActor.java
-rw-rw-r--   1 travis travis    876 Sep  8 19:03 JavaCompiledCompositeTest4_CompiledCompositeActor$_JavaCompiledCompositeTest4_CompiledCompositeActor.class
-rw-rw-r--   1 travis travis   1625 Sep  8 19:02 JavaCompiledCompositeTest4_CompiledCompositeActor.mk
drwxrwxr-x   3 travis travis  12288 Sep  8 18:58 LookupTable
drwxrwxr-x   3 travis travis  20480 Sep  8 18:58 MaxIndex
-rw-rw-r--   1 travis travis   3925 Sep  8 19:03 ModularCG_A1_B1.class
-rw-rw-r--   1 travis travis   9730 Sep  8 19:03 ModularCG_A1_B1.java
-rw-rw-r--   1 travis travis    832 Sep  8 19:03 ModularCG_A1_B1.mk
-rw-rw-r--   1 travis travis   1318 Sep  8 19:03 ModularCG_A1_B1_profile.class
-rw-rw-r--   1 travis travis   1262 Sep  8 19:03 ModularCG_A1_B1_profile.java
-rw-rw-r--   1 travis travis   3925 Sep  8 19:03 ModularCG_A1_B2.class
-rw-rw-r--   1 travis travis   9730 Sep  8 19:03 ModularCG_A1_B2.java
-rw-rw-r--   1 travis travis    832 Sep  8 19:03 ModularCG_A1_B2.mk
-rw-rw-r--   1 travis travis   1318 Sep  8 19:03 ModularCG_A1_B2_profile.class
-rw-rw-r--   1 travis travis   1262 Sep  8 19:03 ModularCG_A1_B2_profile.java
-rw-rw-r--   1 travis travis   5031 Sep  8 19:03 ModularCG_A1.class
-rw-rw-r--   1 travis travis  14742 Sep  8 19:03 ModularCG_A1.java
-rw-rw-r--   1 travis travis    808 Sep  8 19:03 ModularCG_A1.mk
-rw-rw-r--   1 travis travis   1433 Sep  8 19:03 ModularCG_A1_profile.class
-rw-rw-r--   1 travis travis   1704 Sep  8 19:03 ModularCG_A1_profile.java
-rw-rw-r--   1 travis travis   4059 Sep  8 19:03 ModularCG_A2_B1.class
-rw-rw-r--   1 travis travis  10667 Sep  8 19:03 ModularCG_A2_B1.java
-rw-rw-r--   1 travis travis    832 Sep  8 19:03 ModularCG_A2_B1.mk
-rw-rw-r--   1 travis travis   1381 Sep  8 19:03 ModularCG_A2_B1_profile.class
-rw-rw-r--   1 travis travis   1446 Sep  8 19:03 ModularCG_A2_B1_profile.java
-rw-rw-r--   1 travis travis   3925 Sep  8 19:03 ModularCG_A2_B2.class
-rw-rw-r--   1 travis travis   9730 Sep  8 19:03 ModularCG_A2_B2.java
-rw-rw-r--   1 travis travis    832 Sep  8 19:03 ModularCG_A2_B2.mk
-rw-rw-r--   1 travis travis   1318 Sep  8 19:03 ModularCG_A2_B2_profile.class
-rw-rw-r--   1 travis travis   1262 Sep  8 19:03 ModularCG_A2_B2_profile.java
-rw-rw-r--   1 travis travis   5102 Sep  8 19:03 ModularCG_A2.class
-rw-rw-r--   1 travis travis  15129 Sep  8 19:03 ModularCG_A2.java
-rw-rw-r--   1 travis travis    808 Sep  8 19:03 ModularCG_A2.mk
-rw-rw-r--   1 travis travis   1433 Sep  8 19:03 ModularCG_A2_profile.class
-rw-rw-r--   1 travis travis   1704 Sep  8 19:03 ModularCG_A2_profile.java
-rw-rw-r--   1 travis travis   3705 Sep  8 19:03 ModularCGPubSub_A1_A2.class
-rw-rw-r--   1 travis travis   9076 Sep  8 19:03 ModularCGPubSub_A1_A2.java
-rw-rw-r--   1 travis travis    880 Sep  8 19:03 ModularCGPubSub_A1_A2.mk
-rw-rw-r--   1 travis travis   1300 Sep  8 19:03 ModularCGPubSub_A1_A2_profile.class
-rw-rw-r--   1 travis travis   1222 Sep  8 19:03 ModularCGPubSub_A1_A2_profile.java
-rw-rw-r--   1 travis travis   4022 Sep  8 19:03 ModularCGPubSub_A1.class
-rw-rw-r--   1 travis travis   9836 Sep  8 19:03 ModularCGPubSub_A1.java
-rw-rw-r--   1 travis travis    856 Sep  8 19:03 ModularCGPubSub_A1.mk
-rw-rw-r--   1 travis travis   1346 Sep  8 19:03 ModularCGPubSub_A1_profile.class
-rw-rw-r--   1 travis travis   1388 Sep  8 19:03 ModularCGPubSub_A1_profile.java
-rw-rw-r--   1 travis travis   4220 Sep  8 19:03 ModularCodeGen2_ModularCodeGenTypedCompositeActor.class
-rw-rw-r--   1 travis travis  11690 Sep  8 19:03 ModularCodeGen2_ModularCodeGenTypedCompositeActor.java
-rw-rw-r--   1 travis travis   1104 Sep  8 19:03 ModularCodeGen2_ModularCodeGenTypedCompositeActor.mk
-rw-rw-r--   1 travis travis   4504 Sep  8 19:03 ModularCodeGen2_ModularCodeGenTypedCompositeActor_ModularCodeGenTypedCompositeActor.class
-rw-rw-r--   1 travis travis  11790 Sep  8 19:03 ModularCodeGen2_ModularCodeGenTypedCompositeActor_ModularCodeGenTypedCompositeActor.java
-rw-rw-r--   1 travis travis   1376 Sep  8 19:03 ModularCodeGen2_ModularCodeGenTypedCompositeActor_ModularCodeGenTypedCompositeActor.mk
-rw-rw-r--   1 travis travis   1421 Sep  8 19:03 ModularCodeGen2_ModularCodeGenTypedCompositeActor_ModularCodeGenTypedCompositeActor_profile.class
-rw-rw-r--   1 travis travis   1294 Sep  8 19:03 ModularCodeGen2_ModularCodeGenTypedCompositeActor_ModularCodeGenTypedCompositeActor_profile.java
-rw-rw-r--   1 travis travis    820 Sep  8 19:03 ModularCodeGen2_ModularCodeGenTypedCompositeActor_profile.class
-rw-rw-r--   1 travis travis    693 Sep  8 19:03 ModularCodeGen2_ModularCodeGenTypedCompositeActor_profile.java
-rw-rw-r--   1 travis travis   3973 Sep  8 19:03 ModularCodeGen3_A1_B1.class
-rw-rw-r--   1 travis travis   9958 Sep  8 19:03 ModularCodeGen3_A1_B1.java
-rw-rw-r--   1 travis travis    880 Sep  8 19:03 ModularCodeGen3_A1_B1.mk
-rw-rw-r--   1 travis travis   1330 Sep  8 19:03 ModularCodeGen3_A1_B1_profile.class
-rw-rw-r--   1 travis travis   1274 Sep  8 19:03 ModularCodeGen3_A1_B1_profile.java
-rw-rw-r--   1 travis travis   3973 Sep  8 19:03 ModularCodeGen3_A1_B2.class
-rw-rw-r--   1 travis travis   9958 Sep  8 19:03 ModularCodeGen3_A1_B2.java
-rw-rw-r--   1 travis travis    880 Sep  8 19:03 ModularCodeGen3_A1_B2.mk
-rw-rw-r--   1 travis travis   1330 Sep  8 19:03 ModularCodeGen3_A1_B2_profile.class
-rw-rw-r--   1 travis travis   1274 Sep  8 19:03 ModularCodeGen3_A1_B2_profile.java
-rw-rw-r--   1 travis travis   5193 Sep  8 19:03 ModularCodeGen3_A1.class
-rw-rw-r--   1 travis travis  15564 Sep  8 19:03 ModularCodeGen3_A1.java
-rw-rw-r--   1 travis travis    856 Sep  8 19:03 ModularCodeGen3_A1.mk
-rw-rw-r--   1 travis travis   1445 Sep  8 19:03 ModularCodeGen3_A1_profile.class
-rw-rw-r--   1 travis travis   1716 Sep  8 19:03 ModularCodeGen3_A1_profile.java
-rw-rw-r--   1 travis travis   4119 Sep  8 19:03 ModularCodeGen3_A2_B1.class
-rw-rw-r--   1 travis travis  10955 Sep  8 19:03 ModularCodeGen3_A2_B1.java
-rw-rw-r--   1 travis travis    880 Sep  8 19:03 ModularCodeGen3_A2_B1.mk
-rw-rw-r--   1 travis travis   1393 Sep  8 19:03 ModularCodeGen3_A2_B1_profile.class
-rw-rw-r--   1 travis travis   1458 Sep  8 19:03 ModularCodeGen3_A2_B1_profile.java
-rw-rw-r--   1 travis travis   3973 Sep  8 19:03 ModularCodeGen3_A2_B2.class
-rw-rw-r--   1 travis travis   9958 Sep  8 19:03 ModularCodeGen3_A2_B2.java
-rw-rw-r--   1 travis travis    880 Sep  8 19:03 ModularCodeGen3_A2_B2.mk
-rw-rw-r--   1 travis travis   1330 Sep  8 19:03 ModularCodeGen3_A2_B2_profile.class
-rw-rw-r--   1 travis travis   1274 Sep  8 19:03 ModularCodeGen3_A2_B2_profile.java
-rw-rw-r--   1 travis travis   5270 Sep  8 19:03 ModularCodeGen3_A2.class
-rw-rw-r--   1 travis travis  15957 Sep  8 19:03 ModularCodeGen3_A2.java
-rw-rw-r--   1 travis travis    856 Sep  8 19:03 ModularCodeGen3_A2.mk
-rw-rw-r--   1 travis travis   1445 Sep  8 19:03 ModularCodeGen3_A2_profile.class
-rw-rw-r--   1 travis travis   1716 Sep  8 19:03 ModularCodeGen3_A2_profile.java
-rw-rw-r--   1 travis travis   4026 Sep  8 19:03 ModularCodeGen4_A1_B1.class
-rw-rw-r--   1 travis travis  10312 Sep  8 19:03 ModularCodeGen4_A1_B1.java
-rw-rw-r--   1 travis travis    880 Sep  8 19:03 ModularCodeGen4_A1_B1.mk
-rw-rw-r--   1 travis travis   1330 Sep  8 19:03 ModularCodeGen4_A1_B1_profile.class
-rw-rw-r--   1 travis travis   1273 Sep  8 19:03 ModularCodeGen4_A1_B1_profile.java
-rw-rw-r--   1 travis travis   4026 Sep  8 19:03 ModularCodeGen4_A1_B2.class
-rw-rw-r--   1 travis travis  10312 Sep  8 19:03 ModularCodeGen4_A1_B2.java
-rw-rw-r--   1 travis travis    880 Sep  8 19:03 ModularCodeGen4_A1_B2.mk
-rw-rw-r--   1 travis travis   1330 Sep  8 19:03 ModularCodeGen4_A1_B2_profile.class
-rw-rw-r--   1 travis travis   1273 Sep  8 19:03 ModularCodeGen4_A1_B2_profile.java
-rw-rw-r--   1 travis travis   5333 Sep  8 19:03 ModularCodeGen4_A1.class
-rw-rw-r--   1 travis travis  16245 Sep  8 19:03 ModularCodeGen4_A1.java
-rw-rw-r--   1 travis travis    856 Sep  8 19:03 ModularCodeGen4_A1.mk
-rw-rw-r--   1 travis travis   1445 Sep  8 19:03 ModularCodeGen4_A1_profile.class
-rw-rw-r--   1 travis travis   1712 Sep  8 19:03 ModularCodeGen4_A1_profile.java
-rw-rw-r--   1 travis travis   4220 Sep  8 19:03 ModularCodeGen4_A2_B1.class
-rw-rw-r--   1 travis travis  11375 Sep  8 19:03 ModularCodeGen4_A2_B1.java
-rw-rw-r--   1 travis travis    880 Sep  8 19:03 ModularCodeGen4_A2_B1.mk
-rw-rw-r--   1 travis travis   1393 Sep  8 19:03 ModularCodeGen4_A2_B1_profile.class
-rw-rw-r--   1 travis travis   1454 Sep  8 19:03 ModularCodeGen4_A2_B1_profile.java
-rw-rw-r--   1 travis travis   4074 Sep  8 19:04 ModularCodeGen4_A2_B2.class
-rw-rw-r--   1 travis travis  10378 Sep  8 19:04 ModularCodeGen4_A2_B2.java
-rw-rw-r--   1 travis travis    880 Sep  8 19:04 ModularCodeGen4_A2_B2.mk
-rw-rw-r--   1 travis travis   1330 Sep  8 19:04 ModularCodeGen4_A2_B2_profile.class
-rw-rw-r--   1 travis travis   1270 Sep  8 19:03 ModularCodeGen4_A2_B2_profile.java
-rw-rw-r--   1 travis travis   5506 Sep  8 19:04 ModularCodeGen4_A2.class
-rw-rw-r--   1 travis travis  16770 Sep  8 19:04 ModularCodeGen4_A2.java
-rw-rw-r--   1 travis travis    856 Sep  8 19:04 ModularCodeGen4_A2.mk
-rw-rw-r--   1 travis travis   1445 Sep  8 19:04 ModularCodeGen4_A2_profile.class
-rw-rw-r--   1 travis travis   1712 Sep  8 19:04 ModularCodeGen4_A2_profile.java
-rw-rw-r--   1 travis travis   7070 Sep  8 19:04 ModularCodeGen5_A_A.class
-rw-rw-r--   1 travis travis  28721 Sep  8 19:04 ModularCodeGen5_A_A.java
-rw-rw-r--   1 travis travis    864 Sep  8 19:04 ModularCodeGen5_A_A.mk
-rw-rw-r--   1 travis travis   1520 Sep  8 19:04 ModularCodeGen5_A_A_profile.class
-rw-rw-r--   1 travis travis   1815 Sep  8 19:04 ModularCodeGen5_A_A_profile.java
-rw-rw-r--   1 travis travis   5347 Sep  8 19:04 ModularCodeGen5_A.class
-rw-rw-r--   1 travis travis  13769 Sep  8 19:04 ModularCodeGen5_A.java
-rw-rw-r--   1 travis travis    848 Sep  8 19:04 ModularCodeGen5_A.mk
-rw-rw-r--   1 travis travis   1422 Sep  8 19:04 ModularCodeGen5_A_profile.class
-rw-rw-r--   1 travis travis   1605 Sep  8 19:04 ModularCodeGen5_A_profile.java
-rw-rw-r--   1 travis travis   4357 Sep  8 19:04 ModularCodeGen6_A_A2.class
-rw-rw-r--   1 travis travis  11329 Sep  8 19:04 ModularCodeGen6_A_A2.java
-rw-rw-r--   1 travis travis    872 Sep  8 19:04 ModularCodeGen6_A_A2.mk
-rw-rw-r--   1 travis travis   1351 Sep  8 19:04 ModularCodeGen6_A_A2_profile.class
-rw-rw-r--   1 travis travis   1364 Sep  8 19:04 ModularCodeGen6_A_A2_profile.java
-rw-rw-r--   1 travis travis   4340 Sep  8 19:04 ModularCodeGen6_A_A.class
-rw-rw-r--   1 travis travis  11221 Sep  8 19:04 ModularCodeGen6_A_A.java
-rw-rw-r--   1 travis travis    864 Sep  8 19:04 ModularCodeGen6_A_A.mk
-rw-rw-r--   1 travis travis   1348 Sep  8 19:04 ModularCodeGen6_A_A_profile.class
-rw-rw-r--   1 travis travis   1361 Sep  8 19:04 ModularCodeGen6_A_A_profile.java
-rw-rw-r--   1 travis travis   7469 Sep  8 19:04 ModularCodeGen6_A.class
-rw-rw-r--   1 travis travis  26535 Sep  8 19:04 ModularCodeGen6_A.java
-rw-rw-r--   1 travis travis    848 Sep  8 19:04 ModularCodeGen6_A.mk
-rw-rw-r--   1 travis travis   1483 Sep  8 19:04 ModularCodeGen6_A_profile.class
-rw-rw-r--   1 travis travis   1810 Sep  8 19:04 ModularCodeGen6_A_profile.java
-rw-rw-r--   1 travis travis   9633 Sep  8 19:04 ModularCodeGenLazyPubSubGlobal_CompositeActor_ModularCodeGenTypedComposite.class
-rw-rw-r--   1 travis travis  30161 Sep  8 19:04 ModularCodeGenLazyPubSubGlobal_CompositeActor_ModularCodeGenTypedComposite.java
-rw-rw-r--   1 travis travis   1304 Sep  8 19:04 ModularCodeGenLazyPubSubGlobal_CompositeActor_ModularCodeGenTypedComposite.mk
-rw-rw-r--   1 travis travis   1438 Sep  8 19:04 ModularCodeGenLazyPubSubGlobal_CompositeActor_ModularCodeGenTypedComposite_profile.class
-rw-rw-r--   1 travis travis   1384 Sep  8 19:04 ModularCodeGenLazyPubSubGlobal_CompositeActor_ModularCodeGenTypedComposite_profile.java
-rw-rw-r--   1 travis travis   4184 Sep  8 19:04 ModularCodeGenLazyPubSub_LazyCompositeActor.class
-rw-rw-r--   1 travis travis  11122 Sep  8 19:04 ModularCodeGenLazyPubSub_LazyCompositeActor.java
-rw-rw-r--   1 travis travis   1056 Sep  8 19:04 ModularCodeGenLazyPubSub_LazyCompositeActor.mk
-rw-rw-r--   1 travis travis   1286 Sep  8 19:04 ModularCodeGenLazyPubSub_LazyCompositeActor_profile.class
-rw-rw-r--   1 travis travis   1091 Sep  8 19:04 ModularCodeGenLazyPubSub_LazyCompositeActor_profile.java
-rw-rw-r--   1 travis travis   4186 Sep  8 19:03 ModularCodeGen_ModularCodeGenTypedCompositeActor.class
-rw-rw-r--   1 travis travis  10970 Sep  8 19:03 ModularCodeGen_ModularCodeGenTypedCompositeActor.java
-rw-rw-r--   1 travis travis   1096 Sep  8 19:03 ModularCodeGen_ModularCodeGenTypedCompositeActor.mk
-rw-rw-r--   1 travis travis   1384 Sep  8 19:03 ModularCodeGen_ModularCodeGenTypedCompositeActor_profile.class
-rw-rw-r--   1 travis travis   1328 Sep  8 19:03 ModularCodeGen_ModularCodeGenTypedCompositeActor_profile.java
-rw-rw-r--   1 travis travis   3673 Sep  8 19:04 ModularCodeGenPubSub2_A1_A.class
-rw-rw-r--   1 travis travis   8578 Sep  8 19:04 ModularCodeGenPubSub2_A1_A.java
-rw-rw-r--   1 travis travis    920 Sep  8 19:04 ModularCodeGenPubSub2_A1_A.mk
-rw-rw-r--   1 travis travis   1274 Sep  8 19:04 ModularCodeGenPubSub2_A1_A_profile.class
-rw-rw-r--   1 travis travis   1128 Sep  8 19:04 ModularCodeGenPubSub2_A1_A_profile.java
-rw-rw-r--   1 travis travis   3965 Sep  8 19:04 ModularCodeGenPubSub2_A1.class
-rw-rw-r--   1 travis travis   9781 Sep  8 19:04 ModularCodeGenPubSub2_A1.java
-rw-rw-r--   1 travis travis    904 Sep  8 19:04 ModularCodeGenPubSub2_A1.mk
-rw-rw-r--   1 travis travis   1268 Sep  8 19:04 ModularCodeGenPubSub2_A1_profile.class
-rw-rw-r--   1 travis travis   1196 Sep  8 19:04 ModularCodeGenPubSub2_A1_profile.java
-rw-rw-r--   1 travis travis   3669 Sep  8 19:04 ModularCodeGenPubSub3_A1_A2.class
-rw-rw-r--   1 travis travis   8599 Sep  8 19:04 ModularCodeGenPubSub3_A1_A2.java
-rw-rw-r--   1 travis travis    928 Sep  8 19:04 ModularCodeGenPubSub3_A1_A2.mk
-rw-rw-r--   1 travis travis   1287 Sep  8 19:04 ModularCodeGenPubSub3_A1_A2_profile.class
-rw-rw-r--   1 travis travis   1132 Sep  8 19:04 ModularCodeGenPubSub3_A1_A2_profile.java
-rw-rw-r--   1 travis travis   4088 Sep  8 19:04 ModularCodeGenPubSub3_A1.class
-rw-rw-r--   1 travis travis  10100 Sep  8 19:04 ModularCodeGenPubSub3_A1.java
-rw-rw-r--   1 travis travis    904 Sep  8 19:04 ModularCodeGenPubSub3_A1.mk
-rw-rw-r--   1 travis travis   1358 Sep  8 19:04 ModularCodeGenPubSub3_A1_profile.class
-rw-rw-r--   1 travis travis   1400 Sep  8 19:04 ModularCodeGenPubSub3_A1_profile.java
-rw-rw-r--   1 travis travis   3673 Sep  8 19:04 ModularCodeGenPubSub4_A1_A.class
-rw-rw-r--   1 travis travis   8578 Sep  8 19:04 ModularCodeGenPubSub4_A1_A.java
-rw-rw-r--   1 travis travis    920 Sep  8 19:04 ModularCodeGenPubSub4_A1_A.mk
-rw-rw-r--   1 travis travis   1274 Sep  8 19:04 ModularCodeGenPubSub4_A1_A_profile.class
-rw-rw-r--   1 travis travis   1128 Sep  8 19:04 ModularCodeGenPubSub4_A1_A_profile.java
-rw-rw-r--   1 travis travis   1137 Sep  8 19:04 ModularCodeGenPubSub4_A1_profile.java
-rw-rw-r--   1 travis travis   3707 Sep  8 19:04 ModularCodeGenPubSub_A1.class
-rw-rw-r--   1 travis travis   9060 Sep  8 19:04 ModularCodeGenPubSub_A1.java
-rw-rw-r--   1 travis travis    896 Sep  8 19:04 ModularCodeGenPubSub_A1.mk
-rw-rw-r--   1 travis travis   1278 Sep  8 19:04 ModularCodeGenPubSub_A1_profile.class
-rw-rw-r--   1 travis travis   1195 Sep  8 19:04 ModularCodeGenPubSub_A1_profile.java
-rw-rw-r--   1 travis travis   3724 Sep  8 19:02 ModularCodeGenTest_A1_A2.class
-rw-rw-r--   1 travis travis   9164 Sep  8 19:02 ModularCodeGenTest_A1_A2.java
-rw-rw-r--   1 travis travis   1306 Sep  8 19:02 ModularCodeGenTest_A1_A2_profile.class
-rw-rw-r--   1 travis travis   4055 Sep  8 19:02 ModularCodeGenTest_A1.class
-rw-rw-r--   1 travis travis   9968 Sep  8 19:02 ModularCodeGenTest_A1.java
-rw-rw-r--   1 travis travis    880 Sep  8 19:02 ModularCodeGenTest_A1.mk
-rw-rw-r--   1 travis travis   1352 Sep  8 19:02 ModularCodeGenTest_A1_profile.class
-rw-rw-r--   1 travis travis   1394 Sep  8 19:02 ModularCodeGenTest_A1_profile.java
drwxrwxr-x   3 travis travis  32768 Sep  8 19:02 modulation2
drwxrwxr-x 188 travis travis  12288 Sep  8 19:02 node_modules
drwxrwxr-x   3 travis travis  20480 Sep  8 18:58 PhaseUnwrap
drwxrwxr-x   3 travis travis  12288 Sep  8 18:59 ReadFile1
-rw-rw-r--   1 travis travis     11 Sep  8 18:58 ReadFile1Output.txt
-rw-rw-r--   1 travis travis  13773 Sep  8 19:02 Repeat.class
-rw-rw-r--   1 travis travis    685 Sep  8 19:02 Repeat$_fireFunction_Repeat_Repeat$__f_sL_11.class
-rw-rw-r--   1 travis travis    541 Sep  8 19:02 Repeat$_fireFunction_Repeat_Repeat$__f_sL_12.class
-rw-rw-r--   1 travis travis    541 Sep  8 19:02 Repeat$_fireFunction_Repeat_Repeat$__f_sL_13.class
-rw-rw-r--   1 travis travis    541 Sep  8 19:02 Repeat$_fireFunction_Repeat_Repeat$__f_sL_14.class
-rw-rw-r--   1 travis travis    684 Sep  8 19:02 Repeat$_fireFunction_Repeat_Repeat$__f_sL_1.class
-rw-rw-r--   1 travis travis    683 Sep  8 19:02 Repeat$_fireFunction_Repeat_Repeat$__f_sL_4.class
-rw-rw-r--   1 travis travis    539 Sep  8 19:02 Repeat$_fireFunction_Repeat_Repeat$__f_sL_9.class
-rw-rw-r--   1 travis travis    494 Sep  8 19:02 Repeat$_initialize_Repeat$__i_sL_2.class
-rw-rw-r--   1 travis travis   1281 Sep  8 19:02 Repeat.mk
-rw-rw-r--   1 travis travis    539 Sep  8 19:02 Repeat$_preinitializeMethod_Repeat$__p_sL_0.class
-rw-rw-r--   1 travis travis   1102 Sep  8 19:02 Repeat$_Repeat$_fireFunction_Repeat_AddSubtract_Repeat.class
-rw-rw-r--   1 travis travis    810 Sep  8 19:02 Repeat$_Repeat$_fireFunction_Repeat_AddSubtract_Repeat$__f_sL_0.class
-rw-rw-r--   1 travis travis    928 Sep  8 19:02 Repeat$_Repeat$_fireFunction_Repeat_AddSubtract_Repeat$__f_sL_1.class
-rw-rw-r--   1 travis travis    934 Sep  8 19:02 Repeat$_Repeat$_fireFunction_Repeat_AddSubtract_Repeat$__f_sL_2.class
-rw-rw-r--   1 travis travis    862 Sep  8 19:02 Repeat$_Repeat$_fireFunction_Repeat_AddSubtract_Repeat$__f_sL_3.class
-rw-rw-r--   1 travis travis    757 Sep  8 19:02 Repeat$_Repeat$_fireFunction_Repeat_Ramp2_Repeat$__f_sL_0.class
-rw-rw-r--   1 travis travis    888 Sep  8 19:02 Repeat$_Repeat$_fireFunction_Repeat_Test_Repeat$__f_sL_0.class
-rw-rw-r--   1 travis travis    634 Sep  8 19:02 Repeat$_Repeat$_fireFunction_Repeat_Test_Repeat$__f_sL_1.class
-rw-rw-r--   1 travis travis    704 Sep  8 19:02 Repeat$_Repeat_SDF_Director_run_Repeat$__R_sL_0.class
-rw-rw-r--   1 travis travis    705 Sep  8 19:02 Repeat$_Repeat_SDF_Director_run_Repeat$__R_sL_11.class
-rw-rw-r--   1 travis travis    561 Sep  8 19:02 Repeat$_Repeat_SDF_Director_run_Repeat$__R_sL_13.class
-rw-rw-r--   1 travis travis    559 Sep  8 19:02 Repeat$_Repeat_SDF_Director_run_Repeat$__R_sL_2.class
-rw-rw-r--   1 travis travis    703 Sep  8 19:02 Repeat$_Repeat_SDF_Director_run_Repeat$__R_sL_3.class
-rw-rw-r--   1 travis travis    559 Sep  8 19:02 Repeat$_Repeat_SDF_Director_run_Repeat$__R_sL_5.class
-rw-rw-r--   1 travis travis    559 Sep  8 19:02 Repeat$_Repeat_SDF_Director_run_Repeat$__R_sL_8.class
drwxrwxr-x   2 travis travis   4096 Sep  8 19:02 RepeatVariables
-rw-rw-r--   1 travis travis    882 Sep  8 19:02 Repeat$_varinit_Repeat.class
-rw-rw-r--   1 travis travis    550 Sep  8 19:02 Repeat$_varinit_Repeat$__v_sL_2.class
-rw-rw-r--   1 travis travis    924 Sep  8 19:02 Repeat$_varinit_Repeat$__v_sL_4.class
-rw-rw-r--   1 travis travis    978 Sep  8 19:02 Repeat$_wrapup_Repeat$__w_sL_1.class
drwxrwxr-x   3 travis travis  20480 Sep  8 18:59 Sinewave
drwxrwxr-x   3 travis travis  32768 Sep  8 19:00 StringFunction
drwxrwxr-x   3 travis travis  12288 Sep  8 19:00 StringLength
drwxrwxr-x   3 travis travis  61440 Sep  8 19:00 StringMatches2
drwxrwxr-x   3 travis travis  61440 Sep  8 19:01 StringSimpleReplace
drwxrwxr-x   3 travis travis  65536 Sep  8 19:01 StringSubstring
drwxrwxr-x   3 travis travis  24576 Sep  8 19:01 StringSubstring2
drwxrwxr-x   3 travis travis  16384 Sep  8 19:02 time1
drwxrwxr-x   3 travis travis  12288 Sep  8 19:02 time5
-rw-rw-r--   1 travis travis    432 Sep  8 19:04 Token.class
-rw-rw-r--   1 travis travis    251 Sep  8 19:04 Token.java
-rwxrwxr-x   1 travis travis 466992 Sep  8 18:56 top
-rw-rw-r--   1 travis travis  20502 Sep  8 18:56 top.c
-rw-rw-r--   1 travis travis   3799 Sep  8 19:02 top.class
-rw-rw-r--   1 travis travis   1257 Sep  8 19:02 top.mk
In "/home/travis/cg", about to execute:
    javac -classpath
.:/home/travis/build/icyphy/ptII:/home/travis/build/icyphy/ptII/lib/asm-all-5.2
.jar:/home/travis/build/icyphy/ptII/lib/nashorn-core-15.3.jar:/home/travis/buil
d/icyphy/ptII/lib/bsh-2.0b4.jar:/home/travis/build/icyphy/ptII/lib/ptCal.jar:/h
ome/travis/build/icyphy/ptII/lib/java_cup.jar:/home/travis/build/icyphy/ptII/li
b/saxon8.jar:/home/travis/build/icyphy/ptII/lib/saxon8-dom.jar:/home/travis/bui
ld/icyphy/ptII/lib/chic.jar:/home/travis/build/icyphy/ptII/lib/ptcolt.jar:/home
/travis/build/icyphy/ptII/vendors/misc/itext/iText.jar:/home/travis/build/icyph
y/ptII/lib/g4ltl.jar:/home/travis/build/icyphy/ptII/lib/StructuralCoder.jar:/ho
me/travis/build/icyphy/ptII/lib/jcerti.jar:/home/travis/build/icyphy/ptII/lib/j
avax.mail.jar:/home/travis/build/icyphy/ptII/vendors/JMF-2.1.1e/lib/jmf.jar:/ho
me/travis/build/icyphy/ptII/lib/jna-4.0.0-variadic.jar:/home/travis/build/icyph
y/ptII/vendors/misc/joystick/Joystick.jar:/home/travis/build/icyphy/ptII/lib/pt
jacl.jar:/home/travis/build/icyphy/ptII/lib/jsoup-1.14.2.jar:/home/travis/build
/icyphy/ptII/lib/junit-4.8.2.jar:/home/travis/build/icyphy/ptII/lib/JUnitParams
-0.4.0.jar:/home/travis/build/icyphy/ptII/ptolemy/actor/lib/excel/jxl.jar:/home
/travis/build/icyphy/ptII/lib/jython.jar:/home/travis/build/icyphy/ptII/lib/kie
ler.jar:/home/travis/build/icyphy/ptII/vendors/opencv/share/OpenCV/java/opencv-
341.jar:/home/travis/build/icyphy/ptII/lib/oscP5.jar:/home/travis/build/icyphy/
ptII/lib/nrjavaserial-3.11.0.devel.jar:/home/travis/build/icyphy/ptII/vendors/j
3d/lib/Linux/j3dcore.jar:/home/travis/build/icyphy/ptII/vendors/j3d/lib/Linux/j
3dutils.jar:/home/travis/build/icyphy/ptII/vendors/j3d/lib/Linux/vecmath.jar:/h
ome/travis/build/icyphy/ptII/vendors/jogl/lib/Linux/gluegen-rt-natives-linux-am
d64.jar:/home/travis/build/icyphy/ptII/vendors/jogl/lib/Linux/gluegen-rt.jar:/h
ome/travis/build/icyphy/ptII/vendors/jogl/lib/Linux/jogl-all-natives-linux-amd6
4.jar:/home/travis/build/icyphy/ptII/vendors/jogl/lib/Linux/jogl-all.jar:/home/
travis/build/icyphy/ptII/ptolemy/distributed/jini/jar/jini-core.jar:/home/travi
s/build/icyphy/ptII/ptolemy/distributed/jini/jar/jini-ext.jar:/home/travis/buil
d/icyphy/ptII/ptolemy/distributed/jini/jar/sun-util.jar:/home/travis/build/icyp
hy/ptII/lib/protobuf-java-2.4.1.jar:/home/travis/build/icyphy/ptII/lib/org.ecli
pse.paho.client.mqttv3.jar:/home/travis/build/icyphy/ptII/lib/mapss.jar:/home/t
ravis/build/icyphy/ptII/ptolemy/actor/ptalon/antlr/antlr.jar:/home/travis/build
/icyphy/ptII/lib/JRI.jar:/home/travis/build/icyphy/ptII/lib/commons-lang-2.6.ja
r:/home/travis/build/icyphy/ptII/lib/commons-logging-1.1.1.jar:/home/travis/bui
ld/icyphy/ptII/lib/sootclasses.jar:/home/travis/build/icyphy/ptII/ptolemy/actor
/lib/database/mysql-connector-java-8.0.26.jar:/home/travis/build/icyphy/ptII/ve
ndors/misc/sphinx4/sphinx4-data-5prealpha.jar:/home/travis/build/icyphy/ptII/ve
ndors/misc/sphinx4/sphinx4-core-5prealpha.jar:/home/travis/build/icyphy/ptII/li
b/PDFRenderer.jar:/home/travis/build/icyphy/ptII/lib/svgSalamander.jar:/home/tr
avis/build/icyphy/ptII/lib/rsyntaxtextarea-2.6.0-SNAPSHOT.jar:/home/travis/buil
d/icyphy/ptII/lib/hazelcast-3.8.2.jar:/home/travis/build/icyphy/ptII/lib/jackso
n-annotations-2.9.0.jar:/home/travis/build/icyphy/ptII/lib/jackson-core-2.9.3.j
ar:/home/travis/build/icyphy/ptII/lib/jackson-databind-2.9.3.jar:/home/travis/b
uild/icyphy/ptII/lib/netty-buffer-4.1.19.Final.jar:/home/travis/build/icyphy/pt
II/lib/netty-codec-4.1.19.Final.jar:/home/travis/build/icyphy/ptII/lib/netty-co
dec-dns-4.1.19.Final.jar:/home/travis/build/icyphy/ptII/lib/netty-codec-http-4.
1.19.Final.jar:/home/travis/build/icyphy/ptII/lib/netty-codec-http2-4.1.19.Fina
l.jar:/home/travis/build/icyphy/ptII/lib/netty-common-4.1.19.Final.jar:/home/tr
avis/build/icyphy/ptII/lib/netty-handler-4.1.19.Final.jar:/home/travis/build/ic
yphy/ptII/lib/netty-resolver-4.1.19.Final.jar:/home/travis/build/icyphy/ptII/li
b/netty-resolver-dns-4.1.19.Final.jar:/home/travis/build/icyphy/ptII/lib/netty-
transport-4.1.19.Final.jar:/home/travis/build/icyphy/ptII/lib/vertx-codegen-3.5
.1.jar:/home/travis/build/icyphy/ptII/lib/vertx-core-3.5.2-SNAPSHOT.jar:/home/t
ravis/build/icyphy/ptII/lib/vertx-hazelcast-3.5.1.jar:/home/travis/build/icyphy
/ptII/lib/vertx-lang-js-3.5.1.jar:/home/travis/build/icyphy/ptII/lib/vertx-serv
ice-proxy-3.5.1.jar:/home/travis/build/icyphy/ptII/lib/vertx-web-3.5.1.jar:/hom
e/travis/build/icyphy/ptII/lib/slf4j-api-1.7.13.jar:/home/travis/build/icyphy/p
tII/lib/slf4j-simple-1.7.13.jar:/home/travis/build/icyphy/ptII/lib/webcam-captu
re-0.3.12.jar:/home/travis/build/icyphy/ptII/lib/bridj-0.7.0.jar:/home/travis/b
uild/icyphy/ptII/lib/xbjlib-1.1.0.nrjavaserial.jar:/home/travis/build/icyphy/pt
II/ptolemy/moml/test:/home/travis/build/icyphy/ptII/ant/lib/ant-launcher.jar:/h
ome/travis/build/icyphy/ptII/ant/lib/ant.jar:/home/travis/build/icyphy/ptII/ant
/lib/ant-junit.jar:/home/travis/build/icyphy/ptII/ant/lib/ant-junit4.jar:/home/
travis/build/icyphy/ptII ModularCodeGenPubSub4_A1_profile.java
All Done
Writing ModularCodeGenPubSub4_A1.java in file:/home/travis/cg/ (9231 characters)
Reading "ptolemy/cg/kernel/generic/program/procedural/java/modular/makefile.in",
    writing "/home/travis/cg/ModularCodeGenPubSub4_A1.mk"
Using ptolemy/cg/kernel/generic/program/procedural/java/modular/makefile.in
In "/home/travis/cg", about to execute:
    make -f ModularCodeGenPubSub4_A1.mk
javac -classpath ".:.."    ModularCodeGenPubSub4_A1.java
All Done
5123 ms. Memory: 129024K Free: 25369K (20%)
----------------- Invoking toplevel() on ptolemy.moml.MoMLSimpleApplication@62fc0242
----------------- Done invoking toplevel() on ptolemy.moml.MoMLSimpleApplication@62fc0242
reloadAllAccessors: .ModularCodeGenPubSub4

===========================================================================================
----------------- testing Wed Sep 08 19:04:43 UTC 2021 /home/travis/build/icyphy/ptII/ptolemy/cg/lib/test/auto/PubSubAggLazy.xml
----------------- Instantiating /home/travis/build/icyphy/ptII/ptolemy/cg/lib/test/auto/PubSubAggLazy.xml
19 ms. Memory: 129024K Free: 89358K (69%)
----------------- Invoking toplevel() on ptolemy.moml.MoMLSimpleApplication@d0d0b7a
----------------- Done invoking toplevel() on ptolemy.moml.MoMLSimpleApplication@d0d0b7a
reloadAllAccessors: .PubSubAggLazy

===========================================================================================
----------------- testing Wed Sep 08 19:04:43 UTC 2021 /home/travis/build/icyphy/ptII/ptolemy/cg/lib/test/auto/PubSubAggModularCodeGen.xml
----------------- Instantiating /home/travis/build/icyphy/ptII/ptolemy/cg/lib/test/auto/PubSubAggModularCodeGen.xml
In "/home/travis/cg", about to execute:
    pwd
In "/home/travis/cg", about to execute:
    ls -l
/home/travis/cg
total 2604
drwxrwxr-x   3 travis travis  12288 Sep  8 18:57 AbsoluteValue
drwxrwxr-x   3 travis travis 102400 Sep  8 18:56 AllColt
-rw-rw-r--   1 travis travis    233 Sep  8 19:04 Array.class
-rw-rw-r--   1 travis travis    459 Sep  8 19:04 Array.java
drwxrwxr-x   3 travis travis  12288 Sep  8 18:57 Case1
-rw-rw-r--   1 travis travis   5128 Sep  8 19:02 CompiledCompositeActor_CompiledCompositeActor.class
-rw-rw-r--   1 travis travis   1611 Sep  8 19:02 CompiledCompositeActor_CompiledCompositeActor$_CompiledCompositeActor_CompiledCompositeActor.class
-rw-rw-r--   1 travis travis  13466 Sep  8 19:02 CompiledCompositeActor_CompiledCompositeActor.java
-rw-rw-r--   1 travis travis   1593 Sep  8 19:02 CompiledCompositeActor_CompiledCompositeActor.mk
drwxrwxr-x   5 travis travis   4096 Sep  8 18:56 fmi
drwxrwxr-x   3 travis travis  16384 Sep  8 18:57 Gaussian2
-rw-rw-r--   1 travis travis   4684 Sep  8 19:02 JavaCompiledCompositeTest1_CompiledCompositeActor.class
-rw-rw-r--   1 travis travis  11637 Sep  8 19:02 JavaCompiledCompositeTest1_CompiledCompositeActor.java
-rw-rw-r--   1 travis travis   1217 Sep  8 19:02 JavaCompiledCompositeTest1_CompiledCompositeActor$_JavaCompiledCompositeTest1_CompiledCompositeActor.class
-rw-rw-r--   1 travis travis   1625 Sep  8 19:02 JavaCompiledCompositeTest1_CompiledCompositeActor.mk
-rw-rw-r--   1 travis travis   5115 Sep  8 19:02 JavaCompiledCompositeTest2_CompiledCompositeActor.class
-rw-rw-r--   1 travis travis  14919 Sep  8 19:02 JavaCompiledCompositeTest2_CompiledCompositeActor.java
-rw-rw-r--   1 travis travis   1812 Sep  8 19:02 JavaCompiledCompositeTest2_CompiledCompositeActor$_JavaCompiledCompositeTest2_CompiledCompositeActor.class
-rw-rw-r--   1 travis travis   1625 Sep  8 19:02 JavaCompiledCompositeTest2_CompiledCompositeActor.mk
-rw-rw-r--   1 travis travis   4732 Sep  8 19:02 JavaCompiledCompositeTest3_CompiledCompositeActor.class
-rw-rw-r--   1 travis travis  13080 Sep  8 19:02 JavaCompiledCompositeTest3_CompiledCompositeActor.java
-rw-rw-r--   1 travis travis   1397 Sep  8 19:02 JavaCompiledCompositeTest3_CompiledCompositeActor$_JavaCompiledCompositeTest3_CompiledCompositeActor.class
-rw-rw-r--   1 travis travis   1625 Sep  8 19:02 JavaCompiledCompositeTest3_CompiledCompositeActor.mk
-rw-rw-r--   1 travis travis   4183 Sep  8 19:03 JavaCompiledCompositeTest4_CompiledCompositeActor.class
-rw-rw-r--   1 travis travis   9687 Sep  8 19:02 JavaCompiledCompositeTest4_CompiledCompositeActor.java
-rw-rw-r--   1 travis travis    876 Sep  8 19:03 JavaCompiledCompositeTest4_CompiledCompositeActor$_JavaCompiledCompositeTest4_CompiledCompositeActor.class
-rw-rw-r--   1 travis travis   1625 Sep  8 19:02 JavaCompiledCompositeTest4_CompiledCompositeActor.mk
drwxrwxr-x   3 travis travis  12288 Sep  8 18:58 LookupTable
drwxrwxr-x   3 travis travis  20480 Sep  8 18:58 MaxIndex
-rw-rw-r--   1 travis travis   3925 Sep  8 19:03 ModularCG_A1_B1.class
-rw-rw-r--   1 travis travis   9730 Sep  8 19:03 ModularCG_A1_B1.java
-rw-rw-r--   1 travis travis    832 Sep  8 19:03 ModularCG_A1_B1.mk
-rw-rw-r--   1 travis travis   1318 Sep  8 19:03 ModularCG_A1_B1_profile.class
-rw-rw-r--   1 travis travis   1262 Sep  8 19:03 ModularCG_A1_B1_profile.java
-rw-rw-r--   1 travis travis   3925 Sep  8 19:03 ModularCG_A1_B2.class
-rw-rw-r--   1 travis travis   9730 Sep  8 19:03 ModularCG_A1_B2.java
-rw-rw-r--   1 travis travis    832 Sep  8 19:03 ModularCG_A1_B2.mk
-rw-rw-r--   1 travis travis   1318 Sep  8 19:03 ModularCG_A1_B2_profile.class
-rw-rw-r--   1 travis travis   1262 Sep  8 19:03 ModularCG_A1_B2_profile.java
-rw-rw-r--   1 travis travis   5031 Sep  8 19:03 ModularCG_A1.class
-rw-rw-r--   1 travis travis  14742 Sep  8 19:03 ModularCG_A1.java
-rw-rw-r--   1 travis travis    808 Sep  8 19:03 ModularCG_A1.mk
-rw-rw-r--   1 travis travis   1433 Sep  8 19:03 ModularCG_A1_profile.class
-rw-rw-r--   1 travis travis   1704 Sep  8 19:03 ModularCG_A1_profile.java
-rw-rw-r--   1 travis travis   4059 Sep  8 19:03 ModularCG_A2_B1.class
-rw-rw-r--   1 travis travis  10667 Sep  8 19:03 ModularCG_A2_B1.java
-rw-rw-r--   1 travis travis    832 Sep  8 19:03 ModularCG_A2_B1.mk
-rw-rw-r--   1 travis travis   1381 Sep  8 19:03 ModularCG_A2_B1_profile.class
-rw-rw-r--   1 travis travis   1446 Sep  8 19:03 ModularCG_A2_B1_profile.java
-rw-rw-r--   1 travis travis   3925 Sep  8 19:03 ModularCG_A2_B2.class
-rw-rw-r--   1 travis travis   9730 Sep  8 19:03 ModularCG_A2_B2.java
-rw-rw-r--   1 travis travis    832 Sep  8 19:03 ModularCG_A2_B2.mk
-rw-rw-r--   1 travis travis   1318 Sep  8 19:03 ModularCG_A2_B2_profile.class
-rw-rw-r--   1 travis travis   1262 Sep  8 19:03 ModularCG_A2_B2_profile.java
-rw-rw-r--   1 travis travis   5102 Sep  8 19:03 ModularCG_A2.class
-rw-rw-r--   1 travis travis  15129 Sep  8 19:03 ModularCG_A2.java
-rw-rw-r--   1 travis travis    808 Sep  8 19:03 ModularCG_A2.mk
-rw-rw-r--   1 travis travis   1433 Sep  8 19:03 ModularCG_A2_profile.class
-rw-rw-r--   1 travis travis   1704 Sep  8 19:03 ModularCG_A2_profile.java
-rw-rw-r--   1 travis travis   3705 Sep  8 19:03 ModularCGPubSub_A1_A2.class
-rw-rw-r--   1 travis travis   9076 Sep  8 19:03 ModularCGPubSub_A1_A2.java
-rw-rw-r--   1 travis travis    880 Sep  8 19:03 ModularCGPubSub_A1_A2.mk
-rw-rw-r--   1 travis travis   1300 Sep  8 19:03 ModularCGPubSub_A1_A2_profile.class
-rw-rw-r--   1 travis travis   1222 Sep  8 19:03 ModularCGPubSub_A1_A2_profile.java
-rw-rw-r--   1 travis travis   4022 Sep  8 19:03 ModularCGPubSub_A1.class
-rw-rw-r--   1 travis travis   9836 Sep  8 19:03 ModularCGPubSub_A1.java
-rw-rw-r--   1 travis travis    856 Sep  8 19:03 ModularCGPubSub_A1.mk
-rw-rw-r--   1 travis travis   1346 Sep  8 19:03 ModularCGPubSub_A1_profile.class
-rw-rw-r--   1 travis travis   1388 Sep  8 19:03 ModularCGPubSub_A1_profile.java
-rw-rw-r--   1 travis travis   4220 Sep  8 19:03 ModularCodeGen2_ModularCodeGenTypedCompositeActor.class
-rw-rw-r--   1 travis travis  11690 Sep  8 19:03 ModularCodeGen2_ModularCodeGenTypedCompositeActor.java
-rw-rw-r--   1 travis travis   1104 Sep  8 19:03 ModularCodeGen2_ModularCodeGenTypedCompositeActor.mk
-rw-rw-r--   1 travis travis   4504 Sep  8 19:03 ModularCodeGen2_ModularCodeGenTypedCompositeActor_ModularCodeGenTypedCompositeActor.class
-rw-rw-r--   1 travis travis  11790 Sep  8 19:03 ModularCodeGen2_ModularCodeGenTypedCompositeActor_ModularCodeGenTypedCompositeActor.java
-rw-rw-r--   1 travis travis   1376 Sep  8 19:03 ModularCodeGen2_ModularCodeGenTypedCompositeActor_ModularCodeGenTypedCompositeActor.mk
-rw-rw-r--   1 travis travis   1421 Sep  8 19:03 ModularCodeGen2_ModularCodeGenTypedCompositeActor_ModularCodeGenTypedCompositeActor_profile.class
-rw-rw-r--   1 travis travis   1294 Sep  8 19:03 ModularCodeGen2_ModularCodeGenTypedCompositeActor_ModularCodeGenTypedCompositeActor_profile.java
-rw-rw-r--   1 travis travis    820 Sep  8 19:03 ModularCodeGen2_ModularCodeGenTypedCompositeActor_profile.class
-rw-rw-r--   1 travis travis    693 Sep  8 19:03 ModularCodeGen2_ModularCodeGenTypedCompositeActor_profile.java
-rw-rw-r--   1 travis travis   3973 Sep  8 19:03 ModularCodeGen3_A1_B1.class
-rw-rw-r--   1 travis travis   9958 Sep  8 19:03 ModularCodeGen3_A1_B1.java
-rw-rw-r--   1 travis travis    880 Sep  8 19:03 ModularCodeGen3_A1_B1.mk
-rw-rw-r--   1 travis travis   1330 Sep  8 19:03 ModularCodeGen3_A1_B1_profile.class
-rw-rw-r--   1 travis travis   1274 Sep  8 19:03 ModularCodeGen3_A1_B1_profile.java
-rw-rw-r--   1 travis travis   3973 Sep  8 19:03 ModularCodeGen3_A1_B2.class
-rw-rw-r--   1 travis travis   9958 Sep  8 19:03 ModularCodeGen3_A1_B2.java
-rw-rw-r--   1 travis travis    880 Sep  8 19:03 ModularCodeGen3_A1_B2.mk
-rw-rw-r--   1 travis travis   1330 Sep  8 19:03 ModularCodeGen3_A1_B2_profile.class
-rw-rw-r--   1 travis travis   1274 Sep  8 19:03 ModularCodeGen3_A1_B2_profile.java
-rw-rw-r--   1 travis travis   5193 Sep  8 19:03 ModularCodeGen3_A1.class
-rw-rw-r--   1 travis travis  15564 Sep  8 19:03 ModularCodeGen3_A1.java
-rw-rw-r--   1 travis travis    856 Sep  8 19:03 ModularCodeGen3_A1.mk
-rw-rw-r--   1 travis travis   1445 Sep  8 19:03 ModularCodeGen3_A1_profile.class
-rw-rw-r--   1 travis travis   1716 Sep  8 19:03 ModularCodeGen3_A1_profile.java
-rw-rw-r--   1 travis travis   4119 Sep  8 19:03 ModularCodeGen3_A2_B1.class
-rw-rw-r--   1 travis travis  10955 Sep  8 19:03 ModularCodeGen3_A2_B1.java
-rw-rw-r--   1 travis travis    880 Sep  8 19:03 ModularCodeGen3_A2_B1.mk
-rw-rw-r--   1 travis travis   1393 Sep  8 19:03 ModularCodeGen3_A2_B1_profile.class
-rw-rw-r--   1 travis travis   1458 Sep  8 19:03 ModularCodeGen3_A2_B1_profile.java
-rw-rw-r--   1 travis travis   3973 Sep  8 19:03 ModularCodeGen3_A2_B2.class
-rw-rw-r--   1 travis travis   9958 Sep  8 19:03 ModularCodeGen3_A2_B2.java
-rw-rw-r--   1 travis travis    880 Sep  8 19:03 ModularCodeGen3_A2_B2.mk
-rw-rw-r--   1 travis travis   1330 Sep  8 19:03 ModularCodeGen3_A2_B2_profile.class
-rw-rw-r--   1 travis travis   1274 Sep  8 19:03 ModularCodeGen3_A2_B2_profile.java
-rw-rw-r--   1 travis travis   5270 Sep  8 19:03 ModularCodeGen3_A2.class
-rw-rw-r--   1 travis travis  15957 Sep  8 19:03 ModularCodeGen3_A2.java
-rw-rw-r--   1 travis travis    856 Sep  8 19:03 ModularCodeGen3_A2.mk
-rw-rw-r--   1 travis travis   1445 Sep  8 19:03 ModularCodeGen3_A2_profile.class
-rw-rw-r--   1 travis travis   1716 Sep  8 19:03 ModularCodeGen3_A2_profile.java
-rw-rw-r--   1 travis travis   4026 Sep  8 19:03 ModularCodeGen4_A1_B1.class
-rw-rw-r--   1 travis travis  10312 Sep  8 19:03 ModularCodeGen4_A1_B1.java
-rw-rw-r--   1 travis travis    880 Sep  8 19:03 ModularCodeGen4_A1_B1.mk
-rw-rw-r--   1 travis travis   1330 Sep  8 19:03 ModularCodeGen4_A1_B1_profile.class
-rw-rw-r--   1 travis travis   1273 Sep  8 19:03 ModularCodeGen4_A1_B1_profile.java
-rw-rw-r--   1 travis travis   4026 Sep  8 19:03 ModularCodeGen4_A1_B2.class
-rw-rw-r--   1 travis travis  10312 Sep  8 19:03 ModularCodeGen4_A1_B2.java
-rw-rw-r--   1 travis travis    880 Sep  8 19:03 ModularCodeGen4_A1_B2.mk
-rw-rw-r--   1 travis travis   1330 Sep  8 19:03 ModularCodeGen4_A1_B2_profile.class
-rw-rw-r--   1 travis travis   1273 Sep  8 19:03 ModularCodeGen4_A1_B2_profile.java
-rw-rw-r--   1 travis travis   5333 Sep  8 19:03 ModularCodeGen4_A1.class
-rw-rw-r--   1 travis travis  16245 Sep  8 19:03 ModularCodeGen4_A1.java
-rw-rw-r--   1 travis travis    856 Sep  8 19:03 ModularCodeGen4_A1.mk
-rw-rw-r--   1 travis travis   1445 Sep  8 19:03 ModularCodeGen4_A1_profile.class
-rw-rw-r--   1 travis travis   1712 Sep  8 19:03 ModularCodeGen4_A1_profile.java
-rw-rw-r--   1 travis travis   4220 Sep  8 19:03 ModularCodeGen4_A2_B1.class
-rw-rw-r--   1 travis travis  11375 Sep  8 19:03 ModularCodeGen4_A2_B1.java
-rw-rw-r--   1 travis travis    880 Sep  8 19:03 ModularCodeGen4_A2_B1.mk
-rw-rw-r--   1 travis travis   1393 Sep  8 19:03 ModularCodeGen4_A2_B1_profile.class
-rw-rw-r--   1 travis travis   1454 Sep  8 19:03 ModularCodeGen4_A2_B1_profile.java
-rw-rw-r--   1 travis travis   4074 Sep  8 19:04 ModularCodeGen4_A2_B2.class
-rw-rw-r--   1 travis travis  10378 Sep  8 19:04 ModularCodeGen4_A2_B2.java
-rw-rw-r--   1 travis travis    880 Sep  8 19:04 ModularCodeGen4_A2_B2.mk
-rw-rw-r--   1 travis travis   1330 Sep  8 19:04 ModularCodeGen4_A2_B2_profile.class
-rw-rw-r--   1 travis travis   1270 Sep  8 19:03 ModularCodeGen4_A2_B2_profile.java
-rw-rw-r--   1 travis travis   5506 Sep  8 19:04 ModularCodeGen4_A2.class
-rw-rw-r--   1 travis travis  16770 Sep  8 19:04 ModularCodeGen4_A2.java
-rw-rw-r--   1 travis travis    856 Sep  8 19:04 ModularCodeGen4_A2.mk
-rw-rw-r--   1 travis travis   1445 Sep  8 19:04 ModularCodeGen4_A2_profile.class
-rw-rw-r--   1 travis travis   1712 Sep  8 19:04 ModularCodeGen4_A2_profile.java
-rw-rw-r--   1 travis travis   7070 Sep  8 19:04 ModularCodeGen5_A_A.class
-rw-rw-r--   1 travis travis  28721 Sep  8 19:04 ModularCodeGen5_A_A.java
-rw-rw-r--   1 travis travis    864 Sep  8 19:04 ModularCodeGen5_A_A.mk
-rw-rw-r--   1 travis travis   1520 Sep  8 19:04 ModularCodeGen5_A_A_profile.class
-rw-rw-r--   1 travis travis   1815 Sep  8 19:04 ModularCodeGen5_A_A_profile.java
-rw-rw-r--   1 travis travis   5347 Sep  8 19:04 ModularCodeGen5_A.class
-rw-rw-r--   1 travis travis  13769 Sep  8 19:04 ModularCodeGen5_A.java
-rw-rw-r--   1 travis travis    848 Sep  8 19:04 ModularCodeGen5_A.mk
-rw-rw-r--   1 travis travis   1422 Sep  8 19:04 ModularCodeGen5_A_profile.class
-rw-rw-r--   1 travis travis   1605 Sep  8 19:04 ModularCodeGen5_A_profile.java
-rw-rw-r--   1 travis travis   4357 Sep  8 19:04 ModularCodeGen6_A_A2.class
-rw-rw-r--   1 travis travis  11329 Sep  8 19:04 ModularCodeGen6_A_A2.java
-rw-rw-r--   1 travis travis    872 Sep  8 19:04 ModularCodeGen6_A_A2.mk
-rw-rw-r--   1 travis travis   1351 Sep  8 19:04 ModularCodeGen6_A_A2_profile.class
-rw-rw-r--   1 travis travis   1364 Sep  8 19:04 ModularCodeGen6_A_A2_profile.java
-rw-rw-r--   1 travis travis   4340 Sep  8 19:04 ModularCodeGen6_A_A.class
-rw-rw-r--   1 travis travis  11221 Sep  8 19:04 ModularCodeGen6_A_A.java
-rw-rw-r--   1 travis travis    864 Sep  8 19:04 ModularCodeGen6_A_A.mk
-rw-rw-r--   1 travis travis   1348 Sep  8 19:04 ModularCodeGen6_A_A_profile.class
-rw-rw-r--   1 travis travis   1361 Sep  8 19:04 ModularCodeGen6_A_A_profile.java
-rw-rw-r--   1 travis travis   7469 Sep  8 19:04 ModularCodeGen6_A.class
-rw-rw-r--   1 travis travis  26535 Sep  8 19:04 ModularCodeGen6_A.java
-rw-rw-r--   1 travis travis    848 Sep  8 19:04 ModularCodeGen6_A.mk
-rw-rw-r--   1 travis travis   1483 Sep  8 19:04 ModularCodeGen6_A_profile.class
-rw-rw-r--   1 travis travis   1810 Sep  8 19:04 ModularCodeGen6_A_profile.java
-rw-rw-r--   1 travis travis   9633 Sep  8 19:04 ModularCodeGenLazyPubSubGlobal_CompositeActor_ModularCodeGenTypedComposite.class
-rw-rw-r--   1 travis travis  30161 Sep  8 19:04 ModularCodeGenLazyPubSubGlobal_CompositeActor_ModularCodeGenTypedComposite.java
-rw-rw-r--   1 travis travis   1304 Sep  8 19:04 ModularCodeGenLazyPubSubGlobal_CompositeActor_ModularCodeGenTypedComposite.mk
-rw-rw-r--   1 travis travis   1438 Sep  8 19:04 ModularCodeGenLazyPubSubGlobal_CompositeActor_ModularCodeGenTypedComposite_profile.class
-rw-rw-r--   1 travis travis   1384 Sep  8 19:04 ModularCodeGenLazyPubSubGlobal_CompositeActor_ModularCodeGenTypedComposite_profile.java
-rw-rw-r--   1 travis travis   4184 Sep  8 19:04 ModularCodeGenLazyPubSub_LazyCompositeActor.class
-rw-rw-r--   1 travis travis  11122 Sep  8 19:04 ModularCodeGenLazyPubSub_LazyCompositeActor.java
-rw-rw-r--   1 travis travis   1056 Sep  8 19:04 ModularCodeGenLazyPubSub_LazyCompositeActor.mk
-rw-rw-r--   1 travis travis   1286 Sep  8 19:04 ModularCodeGenLazyPubSub_LazyCompositeActor_profile.class
-rw-rw-r--   1 travis travis   1091 Sep  8 19:04 ModularCodeGenLazyPubSub_LazyCompositeActor_profile.java
-rw-rw-r--   1 travis travis   4186 Sep  8 19:03 ModularCodeGen_ModularCodeGenTypedCompositeActor.class
-rw-rw-r--   1 travis travis  10970 Sep  8 19:03 ModularCodeGen_ModularCodeGenTypedCompositeActor.java
-rw-rw-r--   1 travis travis   1096 Sep  8 19:03 ModularCodeGen_ModularCodeGenTypedCompositeActor.mk
-rw-rw-r--   1 travis travis   1384 Sep  8 19:03 ModularCodeGen_ModularCodeGenTypedCompositeActor_profile.class
-rw-rw-r--   1 travis travis   1328 Sep  8 19:03 ModularCodeGen_ModularCodeGenTypedCompositeActor_profile.java
-rw-rw-r--   1 travis travis   3673 Sep  8 19:04 ModularCodeGenPubSub2_A1_A.class
-rw-rw-r--   1 travis travis   8578 Sep  8 19:04 ModularCodeGenPubSub2_A1_A.java
-rw-rw-r--   1 travis travis    920 Sep  8 19:04 ModularCodeGenPubSub2_A1_A.mk
-rw-rw-r--   1 travis travis   1274 Sep  8 19:04 ModularCodeGenPubSub2_A1_A_profile.class
-rw-rw-r--   1 travis travis   1128 Sep  8 19:04 ModularCodeGenPubSub2_A1_A_profile.java
-rw-rw-r--   1 travis travis   3965 Sep  8 19:04 ModularCodeGenPubSub2_A1.class
-rw-rw-r--   1 travis travis   9781 Sep  8 19:04 ModularCodeGenPubSub2_A1.java
-rw-rw-r--   1 travis travis    904 Sep  8 19:04 ModularCodeGenPubSub2_A1.mk
-rw-rw-r--   1 travis travis   1268 Sep  8 19:04 ModularCodeGenPubSub2_A1_profile.class
-rw-rw-r--   1 travis travis   1196 Sep  8 19:04 ModularCodeGenPubSub2_A1_profile.java
-rw-rw-r--   1 travis travis   3669 Sep  8 19:04 ModularCodeGenPubSub3_A1_A2.class
-rw-rw-r--   1 travis travis   8599 Sep  8 19:04 ModularCodeGenPubSub3_A1_A2.java
-rw-rw-r--   1 travis travis    928 Sep  8 19:04 ModularCodeGenPubSub3_A1_A2.mk
-rw-rw-r--   1 travis travis   1287 Sep  8 19:04 ModularCodeGenPubSub3_A1_A2_profile.class
-rw-rw-r--   1 travis travis   1132 Sep  8 19:04 ModularCodeGenPubSub3_A1_A2_profile.java
-rw-rw-r--   1 travis travis   4088 Sep  8 19:04 ModularCodeGenPubSub3_A1.class
-rw-rw-r--   1 travis travis  10100 Sep  8 19:04 ModularCodeGenPubSub3_A1.java
-rw-rw-r--   1 travis travis    904 Sep  8 19:04 ModularCodeGenPubSub3_A1.mk
-rw-rw-r--   1 travis travis   1358 Sep  8 19:04 ModularCodeGenPubSub3_A1_profile.class
-rw-rw-r--   1 travis travis   1400 Sep  8 19:04 ModularCodeGenPubSub3_A1_profile.java
-rw-rw-r--   1 travis travis   3673 Sep  8 19:04 ModularCodeGenPubSub4_A1_A.class
-rw-rw-r--   1 travis travis   8578 Sep  8 19:04 ModularCodeGenPubSub4_A1_A.java
-rw-rw-r--   1 travis travis    920 Sep  8 19:04 ModularCodeGenPubSub4_A1_A.mk
-rw-rw-r--   1 travis travis   1274 Sep  8 19:04 ModularCodeGenPubSub4_A1_A_profile.class
-rw-rw-r--   1 travis travis   1128 Sep  8 19:04 ModularCodeGenPubSub4_A1_A_profile.java
-rw-rw-r--   1 travis travis   3915 Sep  8 19:04 ModularCodeGenPubSub4_A1.class
-rw-rw-r--   1 travis travis   9231 Sep  8 19:04 ModularCodeGenPubSub4_A1.java
-rw-rw-r--   1 travis travis    904 Sep  8 19:04 ModularCodeGenPubSub4_A1.mk
-rw-rw-r--   1 travis travis   1247 Sep  8 19:04 ModularCodeGenPubSub4_A1_profile.class
-rw-rw-r--   1 travis travis   1137 Sep  8 19:04 ModularCodeGenPubSub4_A1_profile.java
-rw-rw-r--   1 travis travis   3707 Sep  8 19:04 ModularCodeGenPubSub_A1.class
-rw-rw-r--   1 travis travis   9060 Sep  8 19:04 ModularCodeGenPubSub_A1.java
-rw-rw-r--   1 travis travis    896 Sep  8 19:04 ModularCodeGenPubSub_A1.mk
-rw-rw-r--   1 travis travis   1278 Sep  8 19:04 ModularCodeGenPubSub_A1_profile.class
-rw-rw-r--   1 travis travis   1195 Sep  8 19:04 ModularCodeGenPubSub_A1_profile.java
-rw-rw-r--   1 travis travis   3724 Sep  8 19:02 ModularCodeGenTest_A1_A2.class
-rw-rw-r--   1 travis travis   9164 Sep  8 19:02 ModularCodeGenTest_A1_A2.java
-rw-rw-r--   1 travis travis   1306 Sep  8 19:02 ModularCodeGenTest_A1_A2_profile.class
-rw-rw-r--   1 travis travis   4055 Sep  8 19:02 ModularCodeGenTest_A1.class
-rw-rw-r--   1 travis travis   9968 Sep  8 19:02 ModularCodeGenTest_A1.java
-rw-rw-r--   1 travis travis    880 Sep  8 19:02 ModularCodeGenTest_A1.mk
-rw-rw-r--   1 travis travis   1352 Sep  8 19:02 ModularCodeGenTest_A1_profile.class
-rw-rw-r--   1 travis travis   1394 Sep  8 19:02 ModularCodeGenTest_A1_profile.java
drwxrwxr-x   3 travis travis  32768 Sep  8 19:02 modulation2
drwxrwxr-x 188 travis travis  12288 Sep  8 19:02 node_modules
drwxrwxr-x   3 travis travis  20480 Sep  8 18:58 PhaseUnwrap
-rw-rw-r--   1 travis travis   1007 Sep  8 19:04 PubSubAggModularCodeGen_ModularCodeGenTypedComposite_profile.java
drwxrwxr-x   3 travis travis  12288 Sep  8 18:59 ReadFile1
-rw-rw-r--   1 travis travis     11 Sep  8 18:58 ReadFile1Output.txt
-rw-rw-r--   1 travis travis  13773 Sep  8 19:02 Repeat.class
-rw-rw-r--   1 travis travis    685 Sep  8 19:02 Repeat$_fireFunction_Repeat_Repeat$__f_sL_11.class
-rw-rw-r--   1 travis travis    541 Sep  8 19:02 Repeat$_fireFunction_Repeat_Repeat$__f_sL_12.class
-rw-rw-r--   1 travis travis    541 Sep  8 19:02 Repeat$_fireFunction_Repeat_Repeat$__f_sL_13.class
-rw-rw-r--   1 travis travis    541 Sep  8 19:02 Repeat$_fireFunction_Repeat_Repeat$__f_sL_14.class
-rw-rw-r--   1 travis travis    684 Sep  8 19:02 Repeat$_fireFunction_Repeat_Repeat$__f_sL_1.class
-rw-rw-r--   1 travis travis    683 Sep  8 19:02 Repeat$_fireFunction_Repeat_Repeat$__f_sL_4.class
-rw-rw-r--   1 travis travis    539 Sep  8 19:02 Repeat$_fireFunction_Repeat_Repeat$__f_sL_9.class
-rw-rw-r--   1 travis travis    494 Sep  8 19:02 Repeat$_initialize_Repeat$__i_sL_2.class
-rw-rw-r--   1 travis travis   1281 Sep  8 19:02 Repeat.mk
-rw-rw-r--   1 travis travis    539 Sep  8 19:02 Repeat$_preinitializeMethod_Repeat$__p_sL_0.class
-rw-rw-r--   1 travis travis   1102 Sep  8 19:02 Repeat$_Repeat$_fireFunction_Repeat_AddSubtract_Repeat.class
-rw-rw-r--   1 travis travis    810 Sep  8 19:02 Repeat$_Repeat$_fireFunction_Repeat_AddSubtract_Repeat$__f_sL_0.class
-rw-rw-r--   1 travis travis    928 Sep  8 19:02 Repeat$_Repeat$_fireFunction_Repeat_AddSubtract_Repeat$__f_sL_1.class
-rw-rw-r--   1 travis travis    934 Sep  8 19:02 Repeat$_Repeat$_fireFunction_Repeat_AddSubtract_Repeat$__f_sL_2.class
-rw-rw-r--   1 travis travis    862 Sep  8 19:02 Repeat$_Repeat$_fireFunction_Repeat_AddSubtract_Repeat$__f_sL_3.class
-rw-rw-r--   1 travis travis    757 Sep  8 19:02 Repeat$_Repeat$_fireFunction_Repeat_Ramp2_Repeat$__f_sL_0.class
-rw-rw-r--   1 travis travis    888 Sep  8 19:02 Repeat$_Repeat$_fireFunction_Repeat_Test_Repeat$__f_sL_0.class
-rw-rw-r--   1 travis travis    634 Sep  8 19:02 Repeat$_Repeat$_fireFunction_Repeat_Test_Repeat$__f_sL_1.class
-rw-rw-r--   1 travis travis    704 Sep  8 19:02 Repeat$_Repeat_SDF_Director_run_Repeat$__R_sL_0.class
-rw-rw-r--   1 travis travis    705 Sep  8 19:02 Repeat$_Repeat_SDF_Director_run_Repeat$__R_sL_11.class
-rw-rw-r--   1 travis travis    561 Sep  8 19:02 Repeat$_Repeat_SDF_Director_run_Repeat$__R_sL_13.class
-rw-rw-r--   1 travis travis    559 Sep  8 19:02 Repeat$_Repeat_SDF_Director_run_Repeat$__R_sL_2.class
-rw-rw-r--   1 travis travis    703 Sep  8 19:02 Repeat$_Repeat_SDF_Director_run_Repeat$__R_sL_3.class
-rw-rw-r--   1 travis travis    559 Sep  8 19:02 Repeat$_Repeat_SDF_Director_run_Repeat$__R_sL_5.class
-rw-rw-r--   1 travis travis    559 Sep  8 19:02 Repeat$_Repeat_SDF_Director_run_Repeat$__R_sL_8.class
drwxrwxr-x   2 travis travis   4096 Sep  8 19:02 RepeatVariables
-rw-rw-r--   1 travis travis    882 Sep  8 19:02 Repeat$_varinit_Repeat.class
-rw-rw-r--   1 travis travis    550 Sep  8 19:02 Repeat$_varinit_Repeat$__v_sL_2.class
-rw-rw-r--   1 travis travis    924 Sep  8 19:02 Repeat$_varinit_Repeat$__v_sL_4.class
-rw-rw-r--   1 travis travis    978 Sep  8 19:02 Repeat$_wrapup_Repeat$__w_sL_1.class
drwxrwxr-x   3 travis travis  20480 Sep  8 18:59 Sinewave
drwxrwxr-x   3 travis travis  32768 Sep  8 19:00 StringFunction
drwxrwxr-x   3 travis travis  12288 Sep  8 19:00 StringLength
drwxrwxr-x   3 travis travis  61440 Sep  8 19:00 StringMatches2
drwxrwxr-x   3 travis travis  61440 Sep  8 19:01 StringSimpleReplace
drwxrwxr-x   3 travis travis  65536 Sep  8 19:01 StringSubstring
drwxrwxr-x   3 travis travis  24576 Sep  8 19:01 StringSubstring2
drwxrwxr-x   3 travis travis  16384 Sep  8 19:02 time1
drwxrwxr-x   3 travis travis  12288 Sep  8 19:02 time5
-rw-rw-r--   1 travis travis    432 Sep  8 19:04 Token.class
-rw-rw-r--   1 travis travis    251 Sep  8 19:04 Token.java
-rwxrwxr-x   1 travis travis 466992 Sep  8 18:56 top
-rw-rw-r--   1 travis travis  20502 Sep  8 18:56 top.c
-rw-rw-r--   1 travis travis   3799 Sep  8 19:02 top.class
-rw-rw-r--   1 travis travis   1257 Sep  8 19:02 top.mk
In "/home/travis/cg", about to execute:
    javac -classpath
.:/home/travis/build/icyphy/ptII:/home/travis/build/icyphy/ptII/lib/asm-all-5.2
.jar:/home/travis/build/icyphy/ptII/lib/nashorn-core-15.3.jar:/home/travis/buil
d/icyphy/ptII/lib/bsh-2.0b4.jar:/home/travis/build/icyphy/ptII/lib/ptCal.jar:/h
ome/travis/build/icyphy/ptII/lib/java_cup.jar:/home/travis/build/icyphy/ptII/li
b/saxon8.jar:/home/travis/build/icyphy/ptII/lib/saxon8-dom.jar:/home/travis/bui
ld/icyphy/ptII/lib/chic.jar:/home/travis/build/icyphy/ptII/lib/ptcolt.jar:/home
/travis/build/icyphy/ptII/vendors/misc/itext/iText.jar:/home/travis/build/icyph
y/ptII/lib/g4ltl.jar:/home/travis/build/icyphy/ptII/lib/StructuralCoder.jar:/ho
me/travis/build/icyphy/ptII/lib/jcerti.jar:/home/travis/build/icyphy/ptII/lib/j
avax.mail.jar:/home/travis/build/icyphy/ptII/vendors/JMF-2.1.1e/lib/jmf.jar:/ho
me/travis/build/icyphy/ptII/lib/jna-4.0.0-variadic.jar:/home/travis/build/icyph
y/ptII/vendors/misc/joystick/Joystick.jar:/home/travis/build/icyphy/ptII/lib/pt
jacl.jar:/home/travis/build/icyphy/ptII/lib/jsoup-1.14.2.jar:/home/travis/build
/icyphy/ptII/lib/junit-4.8.2.jar:/home/travis/build/icyphy/ptII/lib/JUnitParams
-0.4.0.jar:/home/travis/build/icyphy/ptII/ptolemy/actor/lib/excel/jxl.jar:/home
/travis/build/icyphy/ptII/lib/jython.jar:/home/travis/build/icyphy/ptII/lib/kie
ler.jar:/home/travis/build/icyphy/ptII/vendors/opencv/share/OpenCV/java/opencv-
341.jar:/home/travis/build/icyphy/ptII/lib/oscP5.jar:/home/travis/build/icyphy/
ptII/lib/nrjavaserial-3.11.0.devel.jar:/home/travis/build/icyphy/ptII/vendors/j
3d/lib/Linux/j3dcore.jar:/home/travis/build/icyphy/ptII/vendors/j3d/lib/Linux/j
3dutils.jar:/home/travis/build/icyphy/ptII/vendors/j3d/lib/Linux/vecmath.jar:/h
ome/travis/build/icyphy/ptII/vendors/jogl/lib/Linux/gluegen-rt-natives-linux-am
d64.jar:/home/travis/build/icyphy/ptII/vendors/jogl/lib/Linux/gluegen-rt.jar:/h
ome/travis/build/icyphy/ptII/vendors/jogl/lib/Linux/jogl-all-natives-linux-amd6
4.jar:/home/travis/build/icyphy/ptII/vendors/jogl/lib/Linux/jogl-all.jar:/home/
travis/build/icyphy/ptII/ptolemy/distributed/jini/jar/jini-core.jar:/home/travi
s/build/icyphy/ptII/ptolemy/distributed/jini/jar/jini-ext.jar:/home/travis/buil
d/icyphy/ptII/ptolemy/distributed/jini/jar/sun-util.jar:/home/travis/build/icyp
hy/ptII/lib/protobuf-java-2.4.1.jar:/home/travis/build/icyphy/ptII/lib/org.ecli
pse.paho.client.mqttv3.jar:/home/travis/build/icyphy/ptII/lib/mapss.jar:/home/t
ravis/build/icyphy/ptII/ptolemy/actor/ptalon/antlr/antlr.jar:/home/travis/build
/icyphy/ptII/lib/JRI.jar:/home/travis/build/icyphy/ptII/lib/commons-lang-2.6.ja
r:/home/travis/build/icyphy/ptII/lib/commons-logging-1.1.1.jar:/home/travis/bui
ld/icyphy/ptII/lib/sootclasses.jar:/home/travis/build/icyphy/ptII/ptolemy/actor
/lib/database/mysql-connector-java-8.0.26.jar:/home/travis/build/icyphy/ptII/ve
ndors/misc/sphinx4/sphinx4-data-5prealpha.jar:/home/travis/build/icyphy/ptII/ve
ndors/misc/sphinx4/sphinx4-core-5prealpha.jar:/home/travis/build/icyphy/ptII/li
b/PDFRenderer.jar:/home/travis/build/icyphy/ptII/lib/svgSalamander.jar:/home/tr
avis/build/icyphy/ptII/lib/rsyntaxtextarea-2.6.0-SNAPSHOT.jar:/home/travis/buil
d/icyphy/ptII/lib/hazelcast-3.8.2.jar:/home/travis/build/icyphy/ptII/lib/jackso
n-annotations-2.9.0.jar:/home/travis/build/icyphy/ptII/lib/jackson-core-2.9.3.j
ar:/home/travis/build/icyphy/ptII/lib/jackson-databind-2.9.3.jar:/home/travis/b
uild/icyphy/ptII/lib/netty-buffer-4.1.19.Final.jar:/home/travis/build/icyphy/pt
II/lib/netty-codec-4.1.19.Final.jar:/home/travis/build/icyphy/ptII/lib/netty-co
dec-dns-4.1.19.Final.jar:/home/travis/build/icyphy/ptII/lib/netty-codec-http-4.
1.19.Final.jar:/home/travis/build/icyphy/ptII/lib/netty-codec-http2-4.1.19.Fina
l.jar:/home/travis/build/icyphy/ptII/lib/netty-common-4.1.19.Final.jar:/home/tr
avis/build/icyphy/ptII/lib/netty-handler-4.1.19.Final.jar:/home/travis/build/ic
yphy/ptII/lib/netty-resolver-4.1.19.Final.jar:/home/travis/build/icyphy/ptII/li
b/netty-resolver-dns-4.1.19.Final.jar:/home/travis/build/icyphy/ptII/lib/netty-
transport-4.1.19.Final.jar:/home/travis/build/icyphy/ptII/lib/vertx-codegen-3.5
.1.jar:/home/travis/build/icyphy/ptII/lib/vertx-core-3.5.2-SNAPSHOT.jar:/home/t
ravis/build/icyphy/ptII/lib/vertx-hazelcast-3.5.1.jar:/home/travis/build/icyphy
/ptII/lib/vertx-lang-js-3.5.1.jar:/home/travis/build/icyphy/ptII/lib/vertx-serv
ice-proxy-3.5.1.jar:/home/travis/build/icyphy/ptII/lib/vertx-web-3.5.1.jar:/hom
e/travis/build/icyphy/ptII/lib/slf4j-api-1.7.13.jar:/home/travis/build/icyphy/p
tII/lib/slf4j-simple-1.7.13.jar:/home/travis/build/icyphy/ptII/lib/webcam-captu
re-0.3.12.jar:/home/travis/build/icyphy/ptII/lib/bridj-0.7.0.jar:/home/travis/b
uild/icyphy/ptII/lib/xbjlib-1.1.0.nrjavaserial.jar:/home/travis/build/icyphy/pt
II/ptolemy/moml/test:/home/travis/build/icyphy/ptII/ant/lib/ant-launcher.jar:/h
ome/travis/build/icyphy/ptII/ant/lib/ant.jar:/home/travis/build/icyphy/ptII/ant
/lib/ant-junit.jar:/home/travis/build/icyphy/ptII/ant/lib/ant-junit4.jar:/home/
travis/build/icyphy/ptII
PubSubAggModularCodeGen_ModularCodeGenTypedComposite_profile.java
All Done
Writing PubSubAggModularCodeGen_ModularCodeGenTypedComposite.java in file:/home/travis/cg/ (27850 characters)
Reading "ptolemy/cg/kernel/generic/program/procedural/java/modular/makefile.in",
    writing "/home/travis/cg/PubSubAggModularCodeGen_ModularCodeGenTypedComposite.mk"
Using ptolemy/cg/kernel/generic/program/procedural/java/modular/makefile.in
In "/home/travis/cg", about to execute:
    make -f PubSubAggModularCodeGen_ModularCodeGenTypedComposite.mk
javac -classpath ".:.."    PubSubAggModularCodeGen_ModularCodeGenTypedComposite.java
All Done
2946 ms. Memory: 129024K Free: 48250K (37%)
----------------- Invoking toplevel() on ptolemy.moml.MoMLSimpleApplication@55d24d2d
----------------- Done invoking toplevel() on ptolemy.moml.MoMLSimpleApplication@55d24d2d
reloadAllAccessors: .PubSubAggModularCodeGen

===========================================================================================
----------------- testing Wed Sep 08 19:04:46 UTC 2021 /home/travis/build/icyphy/ptII/ptolemy/cg/lib/test/auto/PubSubAggTypedComposite.xml
----------------- Instantiating /home/travis/build/icyphy/ptII/ptolemy/cg/lib/test/auto/PubSubAggTypedComposite.xml
5 ms. Memory: 129024K Free: 41369K (32%)
----------------- Invoking toplevel() on ptolemy.moml.MoMLSimpleApplication@7a307a82
----------------- Done invoking toplevel() on ptolemy.moml.MoMLSimpleApplication@7a307a82
reloadAllAccessors: .PubSubAggTypedComposite

===========================================================================================
----------------- testing Wed Sep 08 19:04:46 UTC 2021 /home/travis/build/icyphy/ptII/ptolemy/cg/lib/test/auto/PubSubAggTypedCompositeWidth2.xml
----------------- Instantiating /home/travis/build/icyphy/ptII/ptolemy/cg/lib/test/auto/PubSubAggTypedCompositeWidth2.xml
5 ms. Memory: 129024K Free: 32898K (25%)
----------------- Invoking toplevel() on ptolemy.moml.MoMLSimpleApplication@79df398b
----------------- Done invoking toplevel() on ptolemy.moml.MoMLSimpleApplication@79df398b
reloadAllAccessors: .PubSubAggTypedCompositeWidth2

===========================================================================================
----------------- testing Wed Sep 08 19:04:46 UTC 2021 /home/travis/build/icyphy/ptII/ptolemy/cg/lib/test/auto/ScaleJava.xml
----------------- Instantiating /home/travis/build/icyphy/ptII/ptolemy/cg/lib/test/auto/ScaleJava.xml
CompiledCompositeActor: Building shared object: The sharedObjectFile has a modification time that is earlier than the modelFile modification time.
Writing ScaleJava_EmbeddedActor.java in file:/home/travis/cg/ (9202 characters)
Reading "ptolemy/cg/kernel/generic/program/procedural/java/makefile.in",
    writing "/home/travis/cg/ScaleJava_EmbeddedActor.mk"
Using ptolemy/cg/kernel/generic/program/procedural/java/makefile.in
In "/home/travis/cg", about to execute:
    make -f ScaleJava_EmbeddedActor.mk
javac -classpath ".:."    ScaleJava_EmbeddedActor.java
All Done
944 ms. Memory: 129024K Free: 87243K (68%)
----------------- Invoking toplevel() on ptolemy.moml.MoMLSimpleApplication@3ba7af6e
----------------- Done invoking toplevel() on ptolemy.moml.MoMLSimpleApplication@3ba7af6e
reloadAllAccessors: .ScaleJava
AutoTests.java: About to close Vertx.
AutoTests.java: Vertx closed.
]]></system-out>
  <system-err><![CDATA[]]></system-err>
</testsuite>
