<?xml version="1.0" encoding="UTF-8" ?>
<testsuite errors="0" failures="0" hostname="travis-job-1e395893-ff5f-4018-93cc-ec4197463331" name="ptolemy.domains.de.test.junit.JUnitTclTest" skipped="0" tests="101" time="127.42" timestamp="2018-06-27T01:28:13">
  <properties>
    <property name="npm.executable" value="npm" />
    <property name="file.encoding.pkg" value="sun.io" />
    <property name="ptII.mk.exists" value="true" />
    <property name="env.rvm_bin_path" value="/home/travis/.rvm/bin" />
    <property name="java.home" value="/usr/lib/jvm/java-8-oracle/jre" />
    <property name="env.TRAVIS_JOB_NUMBER" value="633.9" />
    <property name="env.DISPLAY" value=":99.0" />
    <property name="java.net.preferIPv4Stack" value="true" />
    <property name="env.TRAVIS_INIT" value="upstart" />
    <property name="env.SSH_TTY" value="/dev/pts/0" />
    <property name="env.RUN_TESTS" value="false" />
    <property name="timeout.short" value="1000000" />
    <property name="env.TRAVIS_STACK_NODE_ATTRIBUTES" value="/.node-attributes.yml" />
    <property name="junit.formatter" value="xml" />
    <property name="java.endorsed.dirs" value="/usr/lib/jvm/java-8-oracle/jre/lib/endorsed" />
    <property name="env.TRAVIS_SUDO" value="true" />
    <property name="env.LOGNAME" value="travis" />
    <property name="jsdoc.home" value="node_modules/@terraswarm/jsdoc" />
    <property name="debuglevel" value="source,lines,vars" />
    <property name="checkstyle.formatter" value="xml" />
    <property name="bin.vergil.makeable" value="true" />
    <property name="env._system_version" value="14.04" />
    <property name="sun.os.patch.level" value="unknown" />
    <property name="java.vendor.url" value="http://java.oracle.com/" />
    <property name="java.version" value="1.8.0_151" />
    <property name="env.TZ" value="UTC" />
    <property name="env.PT_NO_NET" value="true" />
    <property name="env.TRAVIS_PULL_REQUEST_SHA" value="" />
    <property name="env.TRAVIS_SECURE_ENV_VARS" value="true" />
    <property name="env._system_type" value="Linux" />
    <property name="java.vendor.url.bug" value="http://bugreport.sun.com/bugreport/" />
    <property name="env.SSH_CLIENT" value="10.10.4.33 54248 22" />
    <property name="npmjs-org-is-up" value="true" />
    <property name="env.GEM_HOME" value="/home/travis/.rvm/gems/ruby-2.4.1" />
    <property name="env.HAS_ANTARES_THREE_LITTLE_FRONZIES_BADGE" value="true" />
    <property name="env.PS4" value="+" />
    <property name="ant.project.invoked-targets" value="build,test.core2.xml" />
    <property name="env.TRAVIS_PULL_REQUEST_BRANCH" value="" />
    <property name="env.TRAVIS_REPO_SLUG" value="icyphy/ptII" />
    <property name="node.in.path" value="true" />
    <property name="java.maxmemory" value="1400m" />
    <property name="env.RUBY_VERSION" value="ruby-2.4.1" />
    <property name="user.name" value="travis" />
    <property name="env.LANG" value="en_US.UTF-8" />
    <property name="sun.io.unicode.encoding" value="UnicodeLittle" />
    <property name="sun.jnu.encoding" value="UTF-8" />
    <property name="java.runtime.name" value="Java(TM) SE Runtime Environment" />
    <property name="usefile" value="false" />
    <property name="return.code" value="0" />
    <property name="junit.single.formatter" value="plain" />
    <property name="env.DYLD_LIBRARY_PATH" value="/home/travis/pthla/certi-tools/lib:" />
    <property name="env.DEBIAN_FRONTEND" value="noninteractive" />
    <property name="env.SSH_CONNECTION" value="10.10.4.33 54248 10.20.0.11 22" />
    <property name="env.MYSQL_UNIX_PORT" value="/var/run/mysqld/mysqld.sock" />
    <property name="env.TRAVIS_ALLOW_FAILURE" value="false" />
    <property name="env.LC_ALL" value="en_US.UTF-8" />
    <property name="java.specification.name" value="Java Platform API Specification" />
    <property name="node.works" value="true" />
    <property name="user.timezone" value="" />
    <property name="path.separator" value=":" />
    <property name="env.PYTHON_CFLAGS" value="-g -fstack-protector --param=ssp-buffer-size=4 -Wformat -Werror=format-security" />
    <property name="timeout.long" value="4000000" />
    <property name="env.CERTI_HOME" value="/home/travis/pthla/certi-tools" />
    <property name="file.encoding" value="UTF-8" />
    <property name="ant.file.ptII" value="/home/travis/build/icyphy/ptII/build.xml" />
    <property name="javadoc.packagenames" value="com.*,diva.*,lbnl.*,org.hlacerti.*,org.json.*,org.ptolemy.*,org.terraswarm.*,ptolemy.*,ptserver.*" />
    <property name="env.TRAVIS_PULL_REQUEST_SLUG" value="" />
    <property name="ant.project.default-target" value="build" />
    <property name="env.GIT_ASKPASS" value="echo" />
    <property name="env.HOME" value="/home/travis" />
    <property name="sun.java.command" value="org.apache.tools.ant.taskdefs.optional.junit.JUnitTestRunner ptolemy.domains.de.test.junit.JUnitTclTest skipNonTests=false filtertrace=true haltOnError=false haltOnFailure=false formatter=org.apache.tools.ant.taskdefs.optional.junit.OutErrSummaryJUnitResultFormatter showoutput=true outputtoformatters=true logfailedtests=true threadid=0 logtestlistenerevents=false formatter=org.apache.tools.ant.taskdefs.optional.junit.XMLJUnitResultFormatter,/home/travis/build/icyphy/ptII/reports/junit/TEST-ptolemy.domains.de.test.junit.JUnitTclTest.xml crashfile=/home/travis/build/icyphy/ptII/junitvmwatcher6294707321933854831.properties propsfile=/home/travis/build/icyphy/ptII/junit3592798234210368866.properties" />
    <property name="env.MANPATH" value="/home/travis/.nvm/versions/node/v7.10.1/share/man:/home/travis/.kiex/elixirs/elixir-1.4.5/man:/home/travis/.rvm/rubies/ruby-2.4.1/share/man:/usr/local/man:/usr/local/cmake-3.9.2/man:/usr/local/clang-5.0.0/share/man:/usr/local/share/man:/usr/share/man:/home/travis/.rvm/man" />
    <property name="env.COMPOSER_NO_INTERACTION" value="1" />
    <property name="env.JDK_SWITCHER_DEFAULT" value="oraclejdk8" />
    <property name="ant.file" value="/home/travis/build/icyphy/ptII/build.xml" />
    <property name="env.TRAVIS_COMMIT_RANGE" value="1dcbceb36ad7837a3849433f02b8319550f53687...ccc6dcdeb986a88bd7adfc64f07cce96eb7c62d4" />
    <property name="env._system_name" value="Ubuntu" />
    <property name="timeout" value="2400000" />
    <property name="ptII.classpath.optional.property" value="/home/travis/build/icyphy/ptII/lib/bsh-2.0b4.jar:/home/travis/build/icyphy/ptII/lib/ptCal.jar:/home/travis/build/icyphy/ptII/lib/java_cup.jar:/home/travis/build/icyphy/ptII/lib/saxon8.jar:/home/travis/build/icyphy/ptII/lib/saxon8-dom.jar:/home/travis/build/icyphy/ptII/lib/chic.jar:/home/travis/build/icyphy/ptII/lib/ptcolt.jar:/usr/lib/jvm/java-8-oracle/lib/tools.jar:/usr/lib/eclipse/plugins/org.eclipse.jdt.core_3.8.2.dist.jar:/usr/lib/eclipse/plugins/org.eclipse.core.runtime_3.8.0.dist.jar:/usr/lib/eclipse/plugins/org.eclipse.osgi_3.8.1.dist.jar:/usr/lib/eclipse/plugins/org.eclipse.core.resources_3.8.1.dist.jar:/usr/lib/eclipse/plugins/org.eclipse.equinox.common_3.6.100.dist.jar:/usr/lib/eclipse/plugins/org.eclipse.core.jobs_3.5.200.dist.jar:/usr/lib/eclipse/plugins/org.eclipse.core.contenttype_3.4.200.dist.jar:/usr/lib/eclipse/plugins/org.eclipse.equinox.preferences_3.5.0.dist.jar:/usr/lib/eclipse/plugins/org.eclipse.text_3.5.200.dist.jar:/usr/lib/eclipse/plugins/org.eclipse.ui.workbench_3.8.1.dist.jar:/usr/lib/eclipse/plugins/org.eclipse.jface_3.8.0.dist.jar:/usr/lib/eclipse/plugins/org.eclipse.swt_3.8.2.jar:/usr/lib/eclipse/plugins/org.eclipse.jface.text_3.8.1.dist.jar:/usr/lib/eclipse/plugins/org.eclipse.ui.workbench.texteditor_3.8.0.dist.jar:/usr/lib/eclipse/plugins/org.eclipse.ui.editors_3.8.0.dist.jar:/usr/lib/eclipse/plugins/org.eclipse.core.commands_3.6.1.dist.jar:/usr/lib/eclipse/plugins/org.eclipse.equinox.registry_3.5.200.dist.jar:/usr/lib/eclipse/plugins/org.eclipse.ui.console_3.5.100.dist.jar:/usr/lib/eclipse/plugins/org.eclipse.ui.forms_3.5.200.dist.jar:/usr/lib/eclipse/plugins/org.eclipse.ui.ide_3.8.1.dist.jar:/home/travis/build/icyphy/ptII/vendors/oracle/dbxml.jar:/home/travis/build/icyphy/ptII/vendors/oracle/db.jar:/home/travis/build/icyphy/ptII/vendors/misc/itext/iText.jar:/home/travis/build/icyphy/ptII/lib/g4ltl.jar:/home/travis/build/icyphy/ptII/lib/StructuralCoder.jar:/home/travis/build/icyphy/ptII/lib/org-openide-util.jar:/home/travis/build/icyphy/ptII/lib/org-openide-util-lookup.jar:/home/travis/build/icyphy/ptII/lib/org-netbeans-api-visual.jar:/home/travis/build/icyphy/ptII/vendors/jai-1_1_2_01/lib/jai_core.jar:/home/travis/build/icyphy/ptII/vendors/jai-1_1_2_01/lib/jai_codec.jar:/home/travis/build/icyphy/ptII/lib/jcerti.jar:/home/travis/build/icyphy/ptII/lib/smack.jar:/home/travis/build/icyphy/ptII/lib/smackx.jar:/home/travis/build/icyphy/ptII/lib/jetty-all-8.1.5-v20120716.jar:/home/travis/build/icyphy/ptII/lib/javax.servlet-api-3.0.1.jar:/home/travis/build/icyphy/ptII/lib/javax.mail.jar:/home/travis/build/icyphy/ptII/vendors/JMF-2.1.1e/lib/jmf.jar:/home/travis/build/icyphy/ptII/lib/jna-4.0.0-variadic.jar:/home/travis/build/icyphy/ptII/vendors/misc/joystick/Joystick.jar:/home/travis/build/icyphy/ptII/lib/ptjacl.jar:/home/travis/build/icyphy/ptII/lib/jsoup-1.8.2.jar:/home/travis/build/icyphy/ptII/lib/junit-4.8.2.jar:/home/travis/build/icyphy/ptII/lib/JUnitParams-0.4.0.jar:/home/travis/build/icyphy/ptII/ptolemy/actor/lib/excel/jxl.jar:/home/travis/build/icyphy/ptII/lib/jython.jar:/home/travis/build/icyphy/ptII/lib/kieler.jar:/home/travis/build/icyphy/ptII/vendors/opencv/share/OpenCV/java/opencv-341.jar:/home/travis/build/icyphy/ptII/lib/oscP5.jar:/home/travis/build/icyphy/ptII/lib/nrjavaserial-3.11.0.devel.jar:/home/travis/build/icyphy/ptII/vendors/j3d/lib/j3dcore.jar:/home/travis/build/icyphy/ptII/vendors/j3d/lib/j3dutils.jar:/home/travis/build/icyphy/ptII/vendors/j3d/lib/vecmath.jar:/home/travis/build/icyphy/ptII/ptolemy/distributed/jini/jar/jini-core.jar:/home/travis/build/icyphy/ptII/ptolemy/distributed/jini/jar/jini-ext.jar:/home/travis/build/icyphy/ptII/ptolemy/distributed/jini/jar/sun-util.jar:/home/travis/build/icyphy/ptII/lib/protobuf-java-2.4.1.jar:/home/travis/build/icyphy/ptII/lib/org.eclipse.paho.client.mqttv3.jar:/home/travis/build/icyphy/ptII/ptserver/lib/hessian-4.0.7.jar:/home/travis/build/icyphy/ptII/ptserver/lib/wmqtt.jar:/home/travis/build/icyphy/ptII/lib/mapss.jar:/home/travis/build/icyphy/ptII/ptolemy/actor/ptalon/antlr/antlr.jar:/home/travis/build/icyphy/ptII/lib/JRI.jar:/home/travis/build/icyphy/ptII/lib/commons-lang-2.6.jar:/home/travis/build/icyphy/ptII/lib/commons-logging-1.1.1.jar:/home/travis/build/icyphy/ptII/lib/sootclasses.jar:/home/travis/build/icyphy/ptII/ptolemy/actor/lib/database/mysql-connector-java-5.1.6-bin.jar:/home/travis/build/icyphy/ptII/vendors/misc/sphinx4/sphinx4-data-5prealpha.jar:/home/travis/build/icyphy/ptII/vendors/misc/sphinx4/sphinx4-core-5prealpha.jar:/home/travis/build/icyphy/ptII/lib/PDFRenderer.jar:/home/travis/build/icyphy/ptII/lib/svgSalamander.jar:/home/travis/build/icyphy/ptII/lib/rsyntaxtextarea-2.6.0-SNAPSHOT.jar:/home/travis/build/icyphy/ptII/lib/hazelcast-3.8.2.jar:/home/travis/build/icyphy/ptII/lib/jackson-annotations-2.9.0.jar:/home/travis/build/icyphy/ptII/lib/jackson-core-2.9.3.jar:/home/travis/build/icyphy/ptII/lib/jackson-databind-2.9.3.jar:/home/travis/build/icyphy/ptII/lib/netty-buffer-4.1.19.Final.jar:/home/travis/build/icyphy/ptII/lib/netty-codec-4.1.19.Final.jar:/home/travis/build/icyphy/ptII/lib/netty-codec-dns-4.1.19.Final.jar:/home/travis/build/icyphy/ptII/lib/netty-codec-http-4.1.19.Final.jar:/home/travis/build/icyphy/ptII/lib/netty-codec-http2-4.1.19.Final.jar:/home/travis/build/icyphy/ptII/lib/netty-common-4.1.19.Final.jar:/home/travis/build/icyphy/ptII/lib/netty-handler-4.1.19.Final.jar:/home/travis/build/icyphy/ptII/lib/netty-resolver-4.1.19.Final.jar:/home/travis/build/icyphy/ptII/lib/netty-resolver-dns-4.1.19.Final.jar:/home/travis/build/icyphy/ptII/lib/netty-transport-4.1.19.Final.jar:/home/travis/build/icyphy/ptII/lib/vertx-codegen-3.5.1.jar:/home/travis/build/icyphy/ptII/lib/vertx-core-3.5.2-SNAPSHOT.jar:/home/travis/build/icyphy/ptII/lib/vertx-hazelcast-3.5.1.jar:/home/travis/build/icyphy/ptII/lib/vertx-lang-js-3.5.1.jar:/home/travis/build/icyphy/ptII/lib/vertx-service-proxy-3.5.1.jar:/home/travis/build/icyphy/ptII/lib/vertx-web-3.5.1.jar:/home/travis/build/icyphy/ptII/lib/slf4j-api-1.7.13.jar:/home/travis/build/icyphy/ptII/lib/slf4j-simple-1.7.13.jar:/home/travis/build/icyphy/ptII/lib/webcam-capture-0.3.12.jar:/home/travis/build/icyphy/ptII/lib/bridj-0.7.0.jar:/home/travis/build/icyphy/ptII/lib/xbjlib-1.1.0.nrjavaserial.jar" />
    <property name="test.batch" value="**/junit/*.java" />
    <property name="env._" value="/usr/bin/timeout" />
    <property name="java.io.tmpdir" value="/tmp" />
    <property name="user.language" value="en" />
    <property name="env.HISTCONTROL" value="ignoredups:ignorespace" />
    <property name="env.GOROOT" value="/home/travis/.gimme/versions/go1.7.4.linux.amd64" />
    <property name="line.separator" value="&#xa;" />
    <property name="target" value="1.8" />
    <property name="env.TRAVIS_BUILD_DIR" value="/home/travis/build/icyphy/ptII" />
    <property name="env.ANT_OPTS" value="-Xmx2048m" />
    <property name="ant.file.type" value="file" />
    <property name="ptolemy.ptII.batchMode" value="true" />
    <property name="env.HISTSIZE" value="1000" />
    <property name="env.MERB_ENV" value="test" />
    <property name="java.vm.info" value="mixed mode" />
    <property name="source" value="1.8" />
    <property name="java.vm.specification.name" value="Java Virtual Machine Specification" />
    <property name="env.TRAVIS_TEST_RESULT" value="0" />
    <property name="jsdoc.command" value="node_modules/@terraswarm/jsdoc/jsdoc.js" />
    <property name="npm.works" value="true" />
    <property name="cobertura.dir" value="/home/travis/build/icyphy/ptII/vendors/cobertura-2.0.3" />
    <property name="env.rvm_path" value="/home/travis/.rvm" />
    <property name="env.GEM_PATH" value="/home/travis/.rvm/gems/ruby-2.4.1:/home/travis/.rvm/gems/ruby-2.4.1@global" />
    <property name="env.LC_CTYPE" value="en_US.UTF-8" />
    <property name="java.awt.printerjob" value="sun.print.PSPrinterJob" />
    <property name="env.TRAVIS_STACK_NAME" value="garnet" />
    <property name="ant.version" value="Apache Ant(TM) version 1.10.1 compiled on February 2 2017" />
    <property name="ptII.reports" value="/home/travis/build/icyphy/ptII/reports" />
    <property name="env.TRAVIS_STACK_TIMESTAMP" value="2017-12-05 19:33:09 UTC" />
    <property name="ant.file.type.ptII" value="file" />
    <property name="env.RBENV_SHELL" value="bash" />
    <property name="os.name" value="Linux" />
    <property name="java.specification.vendor" value="Oracle Corporation" />
    <property name="env.rvm_version" value="1.29.3 (latest)" />
    <property name="env.TERM" value="xterm" />
    <property name="java.vm.name" value="Java HotSpot(TM) 64-Bit Server VM" />
    <property name="env.TRAVIS_BUILD_NUMBER" value="633" />
    <property name="env.CI" value="true" />
    <property name="java.library.path" value="/home/travis/pthla/certi-tools/lib:/usr/lib/jni:/usr/local/share/OpenCV/java/:/usr/share/OpenCV/java::/usr/java/packages/lib/amd64:/usr/lib64:/lib64:/lib:/usr/lib" />
    <property name="env.rvm_prefix" value="/home/travis" />
    <property name="env.PATH" value="/home/travis/pthla/certi-tools/share/scripts:/home/travis/.rvm/gems/ruby-2.4.1/bin:/home/travis/.rvm/gems/ruby-2.4.1@global/bin:/home/travis/.rvm/rubies/ruby-2.4.1/bin:/home/travis/.rvm/bin:/home/travis/.nvm/versions/node/v7.10.1/bin:./node_modules/.bin:/home/travis/build/icyphy/ptII/bin:/home/travis/pthla/certi-tools/bin:/home/travis/bin:/home/travis/.local/bin:/opt/pyenv/shims:/home/travis/.phpenv/shims:/home/travis/perl5/perlbrew/bin:/home/travis/.kiex/elixirs/elixir-1.4.5/bin:/home/travis/.kiex/bin:/home/travis/gopath/bin:/home/travis/.gimme/versions/go1.7.4.linux.amd64/bin:/usr/local/phantomjs/bin:/usr/local/phantomjs:/usr/local/neo4j-3.2.7/bin:/usr/local/maven-3.5.2/bin:/usr/local/cmake-3.9.2/bin:/usr/local/clang-5.0.0/bin:/usr/local/sbin:/usr/local/bin:/usr/sbin:/usr/bin:/sbin:/bin:/home/travis/.phpenv/bin:/opt/pyenv/bin:/home/travis/.yarn/bin" />
    <property name="env.TRAVIS_OS_NAME" value="linux" />
    <property name="ant.java.version" value="1.8" />
    <property name="basedir" value="/home/travis/build/icyphy/ptII" />
    <property name="java.class.version" value="52.0" />
    <property name="env.SHLVL" value="3" />
    <property name="env.LD_LIBRARY_PATH" value="/home/travis/pthla/certi-tools/lib:/usr/lib/jni:/usr/local/share/OpenCV/java/:/usr/share/OpenCV/java:" />
    <property name="env.RACK_ENV" value="test" />
    <property name="ant.home" value="/home/travis/build/icyphy/ptII/ant" />
    <property name="env.NVM_DIR" value="/home/travis/.nvm" />
    <property name="env.PERLBREW_BASHRC_VERSION" value="0.80" />
    <property name="env.CERTI_FOM_PATH" value="/home/travis/pthla/certi-tools/share/federations" />
    <property name="env.TRAVIS_BUILD_ID" value="397144971" />
    <property name="env.PYENV_ROOT" value="/opt/pyenv" />
    <property name="env.TRAVIS_UID" value="2000" />
    <property name="env.rvm_pretty_print_flag" value="auto" />
    <property name="env.NVM_BIN" value="/home/travis/.nvm/versions/node/v7.10.1/bin" />
    <property name="env.TRAVIS_COMMIT" value="ccc6dcdeb986a88bd7adfc64f07cce96eb7c62d4" />
    <property name="env._system_arch" value="x86_64" />
    <property name="node.executable" value="node" />
    <property name="sun.boot.library.path" value="/usr/lib/jvm/java-8-oracle/jre/lib/amd64" />
    <property name="sun.management.compiler" value="HotSpot 64-Bit Tiered Compilers" />
    <property name="env.GOPATH" value="/home/travis/gopath" />
    <property name="java.awt.graphicsenv" value="sun.awt.X11GraphicsEnvironment" />
    <property name="ptolemy.ptII.dir" value="/home/travis/build/icyphy/ptII" />
    <property name="env.USER" value="travis" />
    <property name="env.HISTFILESIZE" value="2000" />
    <property name="timeout.longest" value="19000000" />
    <property name="env.TRAVIS_STACK_FEATURES" value="basic cassandra chromium couchdb disabled-ipv6 docker docker-compose elasticsearch firefox go-toolchain google-chrome jdk memcached mongodb mysql neo4j nodejs_interpreter perl_interpreter perlbrew phantomjs postgresql python_interpreter rabbitmq redis riak ruby_interpreter sqlite xserver" />
    <property name="env.TRAVIS_PULL_REQUEST" value="false" />
    <property name="env.PYENV_SHELL" value="bash" />
    <property name="ant.project.name" value="ptII" />
    <property name="java.vm.specification.version" value="1.8" />
    <property name="env.TRAVIS_DIST" value="trusty" />
    <property name="env.CERTI_VERSION" value="4.0.0" />
    <property name="env.NLSPATH" value="/usr/dt/lib/nls/msg/%L/%N.cat" />
    <property name="awt.toolkit" value="sun.awt.X11.XToolkit" />
    <property name="env.CERTI_HOST" value="localhost" />
    <property name="env.MY_RUBY_HOME" value="/home/travis/.rvm/rubies/ruby-2.4.1" />
    <property name="sun.cpu.isalist" value="" />
    <property name="java.ext.dirs" value="/usr/lib/jvm/java-8-oracle/jre/lib/ext:/usr/java/packages/lib/ext" />
    <property name="os.version" value="4.4.0-101-generic" />
    <property name="user.home" value="/home/travis" />
    <property name="env.MIX_ARCHIVES" value="/home/travis/.kiex/mix/elixir-1.4.5" />
    <property name="java.vm.vendor" value="Oracle Corporation" />
    <property name="env.TRAVIS_TAG" value="nightly" />
    <property name="env.TRAVIS_FILTERED" value="redirect_io" />
    <property name="env.JAVA_HOME" value="/usr/lib/jvm/java-8-oracle" />
    <property name="env.PTII" value="/home/travis/build/icyphy/ptII" />
    <property name="javadoc.excludepackagenames" value="adm.cvs2svn.*,build.*,config.*,doc.coding.templates.*,jni.test.jni.meaningOfLife.*,jni.test.jni.testDeux.*,jni.test.jni.testTrois.*,org.terraswarm.accessor.accessors.web.node_modules.*,org.terraswarm.accessor.accessors.web.hosts.cordova.demo.*,org.terraswarm.accessor.accessors.web.hosts.cordova.plugins.*,org.terraswarm.accessor.accessors-svn.*,pt-modules.*,ptolemy.apps.agilent.*,ptolemy.apps.anytimecontrol.*,ptolemy.apps.apes.*,ptolemy.apps.charon.*,ptolemy.apps.crazyboard.*,ptolemy.apps.eclipse.*,ptolemy.apps.etherealSting.*,ptolemy.apps.fullscreen.*,ptolemy.apps.giotto.*,ptolemy.apps.ia.*,ptolemy.apps.interfaces.*,ptolemy.apps.jmf.*,ptolemy.apps.kurt.*,ptolemy.apps.kvm.*,ptolemy.apps.lego.*,ptolemy.apps.lejos.*,ptolemy.apps.midp.*,ptolemy.apps.mobileCoding.*,ptolemy.apps.pendulum.*,ptolemy.apps.rijndael.*,ptolemy.apps.robot.*,ptolemy.apps.security.*,ptolemy.apps.sobel.*,ptolemy.apps.soot.*,ptolemy.apps.throttle.*,ptolemy.apps.tini.*,ptolemy.apps.transmission.*,ptolemy.apps.vergil.*,ptolemy.apps.waba.*,ptolemy.apps.websensor.*,ptolemy.apps.webstart.*,ptolemy.apps.xsl.*,ptolemy.apps.zaurus.*,ptolemy.backtrack.eclipse.plugin.*,ptolemy.backtrack.test.*,ptolemy.codegen.c.actor.lib.oldJavaFiles.*,ptolemy.codegen.dsp.lib.*,ptolemy.codegen.kernel.newInterfaces.*,ptolemy.codegen.lib.*,ptolemy.copernicus.kernel.fragment.*,ptolemy.copernicus.shallow.cg.*,ptolemy.domains.giotto.demo.Hierarchy.Hierarchy.*,ptolemy.domains.giotto.demo.Multimode.Multimode.*,ptolemy.domains.giotto.demo.Simple.Simple.*,ptolemy.domains.gr.lib.experimental.*,ptolemy.domains.gro.*,ptolemy.domains.pdf.*,ptolemy.domains.ptinyos.demo.Surge.output.*,ptolemy.moml.test.NoPackageActor.java*,ptolemy.plot.adm.*,ptolemy.plot.servlet.*,reports.*,signed.*,src.*,target.*,vendors.*,ptolemy.cg.adapter.generic.program.procedural.c.mbed*,ptolemy.actor.lib.fmi.fmus.omc*,ptolemy.domains.openmodelica*,ptdb.kernel.bl.save.test.*,ptdb.kernel.bl.load.test.*,ptdb.kernel.bl.search.test.*,ptdb.kernel.bl.migration.test.*,ptdb.kernel.database.test.*,ptdb.test.*,ptdb.gui.test.*,org.ptolemy.scala.*,diva.util.java2d.svg.*,ptolemy.domains.ptinyos.*,ptolemy.actor.lib.fmi.fmipp.*,,org.terraswarm.accessor.accessors.web.node_modules.*,org.terraswarm.accessor.accessors-svn,ptolemy.apps.*,ptolemy.actor.ptalon.demo.ptinyos.SendAndReceiveCnt.output,ptolemy.actor.ptalon.demo.ptinyos.SenseToLeds.output,ptolemy.domains.ptinyos.demo.CntToLedsAndRfm.output,ptolemy.domains.ptinyos.demo.RfmToLeds.output,ptolemy.domains.ptinyos.demo.SendAndReceiveCnt.output,ptolemy.domains.ptinyos.demo.SenseToLeds.output,ptolemy.actor.lib.jjs.modules.udpSocket.*" />
    <property name="env.TRAVIS_COMMIT_MESSAGE" value="Try adding more sleeps to get the 3.0 test to reliably pass under Travis-ci." />
    <property name="keystore" value="ptKeystore" />
    <property name="env.XDG_SESSION_ID" value="2" />
    <property name="junit.output.dir" value="/home/travis/build/icyphy/ptII/reports/junit" />
    <property name="npm.return.code" value="0" />
    <property name="user.dir" value="/home/travis/build/icyphy/ptII/ptolemy/domains/de/test" />
    <property name="env.TRAVIS_NODE_VERSION" value="7" />
    <property name="env.XFILESEARCHPATH" value="/usr/dt/app-defaults/%L/Dt" />
    <property name="env.TRAVIS_EVENT_TYPE" value="cron" />
    <property name="env.MAIL" value="/var/mail/travis" />
    <property name="env.PERLBREW_ROOT" value="/home/travis/perl5/perlbrew" />
    <property name="env.PWD" value="/home/travis/build/icyphy/ptII" />
    <property name="timeout.npm" value="45000" />
    <property name="env.PT_TRAVIS_TEST_CORE2_XML" value="true" />
    <property name="env.PAGER" value="cat" />
    <property name="sun.cpu.endian" value="little" />
    <property name="env.TRAVIS_BUILD_STAGE_NAME" value="Test" />
    <property name="env.PERLBREW_HOME" value="/home/travis/.perlbrew" />
    <property name="env.RAILS_ENV" value="test" />
    <property name="java.vm.version" value="25.151-b12" />
    <property name="java.class.path" value="/home/travis/build/icyphy/ptII:/home/travis/build/icyphy/ptII/lib/bsh-2.0b4.jar:/home/travis/build/icyphy/ptII/lib/ptCal.jar:/home/travis/build/icyphy/ptII/lib/java_cup.jar:/home/travis/build/icyphy/ptII/lib/saxon8.jar:/home/travis/build/icyphy/ptII/lib/saxon8-dom.jar:/home/travis/build/icyphy/ptII/lib/chic.jar:/home/travis/build/icyphy/ptII/lib/ptcolt.jar:/usr/lib/jvm/java-8-oracle/lib/tools.jar:/usr/lib/eclipse/plugins/org.eclipse.jdt.core_3.8.2.dist.jar:/usr/lib/eclipse/plugins/org.eclipse.core.runtime_3.8.0.dist.jar:/usr/lib/eclipse/plugins/org.eclipse.osgi_3.8.1.dist.jar:/usr/lib/eclipse/plugins/org.eclipse.core.resources_3.8.1.dist.jar:/usr/lib/eclipse/plugins/org.eclipse.equinox.common_3.6.100.dist.jar:/usr/lib/eclipse/plugins/org.eclipse.core.jobs_3.5.200.dist.jar:/usr/lib/eclipse/plugins/org.eclipse.core.contenttype_3.4.200.dist.jar:/usr/lib/eclipse/plugins/org.eclipse.equinox.preferences_3.5.0.dist.jar:/usr/lib/eclipse/plugins/org.eclipse.text_3.5.200.dist.jar:/usr/lib/eclipse/plugins/org.eclipse.ui.workbench_3.8.1.dist.jar:/usr/lib/eclipse/plugins/org.eclipse.jface_3.8.0.dist.jar:/usr/lib/eclipse/plugins/org.eclipse.swt_3.8.2.jar:/usr/lib/eclipse/plugins/org.eclipse.jface.text_3.8.1.dist.jar:/usr/lib/eclipse/plugins/org.eclipse.ui.workbench.texteditor_3.8.0.dist.jar:/usr/lib/eclipse/plugins/org.eclipse.ui.editors_3.8.0.dist.jar:/usr/lib/eclipse/plugins/org.eclipse.core.commands_3.6.1.dist.jar:/usr/lib/eclipse/plugins/org.eclipse.equinox.registry_3.5.200.dist.jar:/usr/lib/eclipse/plugins/org.eclipse.ui.console_3.5.100.dist.jar:/usr/lib/eclipse/plugins/org.eclipse.ui.forms_3.5.200.dist.jar:/usr/lib/eclipse/plugins/org.eclipse.ui.ide_3.8.1.dist.jar:/home/travis/build/icyphy/ptII/vendors/oracle/dbxml.jar:/home/travis/build/icyphy/ptII/vendors/oracle/db.jar:/home/travis/build/icyphy/ptII/vendors/misc/itext/iText.jar:/home/travis/build/icyphy/ptII/lib/g4ltl.jar:/home/travis/build/icyphy/ptII/lib/StructuralCoder.jar:/home/travis/build/icyphy/ptII/lib/org-openide-util.jar:/home/travis/build/icyphy/ptII/lib/org-openide-util-lookup.jar:/home/travis/build/icyphy/ptII/lib/org-netbeans-api-visual.jar:/home/travis/build/icyphy/ptII/vendors/jai-1_1_2_01/lib/jai_core.jar:/home/travis/build/icyphy/ptII/vendors/jai-1_1_2_01/lib/jai_codec.jar:/home/travis/build/icyphy/ptII/lib/jcerti.jar:/home/travis/build/icyphy/ptII/lib/smack.jar:/home/travis/build/icyphy/ptII/lib/smackx.jar:/home/travis/build/icyphy/ptII/lib/jetty-all-8.1.5-v20120716.jar:/home/travis/build/icyphy/ptII/lib/javax.servlet-api-3.0.1.jar:/home/travis/build/icyphy/ptII/lib/javax.mail.jar:/home/travis/build/icyphy/ptII/vendors/JMF-2.1.1e/lib/jmf.jar:/home/travis/build/icyphy/ptII/lib/jna-4.0.0-variadic.jar:/home/travis/build/icyphy/ptII/vendors/misc/joystick/Joystick.jar:/home/travis/build/icyphy/ptII/lib/ptjacl.jar:/home/travis/build/icyphy/ptII/lib/jsoup-1.8.2.jar:/home/travis/build/icyphy/ptII/lib/junit-4.8.2.jar:/home/travis/build/icyphy/ptII/lib/JUnitParams-0.4.0.jar:/home/travis/build/icyphy/ptII/ptolemy/actor/lib/excel/jxl.jar:/home/travis/build/icyphy/ptII/lib/jython.jar:/home/travis/build/icyphy/ptII/lib/kieler.jar:/home/travis/build/icyphy/ptII/vendors/opencv/share/OpenCV/java/opencv-341.jar:/home/travis/build/icyphy/ptII/lib/oscP5.jar:/home/travis/build/icyphy/ptII/lib/nrjavaserial-3.11.0.devel.jar:/home/travis/build/icyphy/ptII/vendors/j3d/lib/j3dcore.jar:/home/travis/build/icyphy/ptII/vendors/j3d/lib/j3dutils.jar:/home/travis/build/icyphy/ptII/vendors/j3d/lib/vecmath.jar:/home/travis/build/icyphy/ptII/ptolemy/distributed/jini/jar/jini-core.jar:/home/travis/build/icyphy/ptII/ptolemy/distributed/jini/jar/jini-ext.jar:/home/travis/build/icyphy/ptII/ptolemy/distributed/jini/jar/sun-util.jar:/home/travis/build/icyphy/ptII/lib/protobuf-java-2.4.1.jar:/home/travis/build/icyphy/ptII/lib/org.eclipse.paho.client.mqttv3.jar:/home/travis/build/icyphy/ptII/ptserver/lib/hessian-4.0.7.jar:/home/travis/build/icyphy/ptII/ptserver/lib/wmqtt.jar:/home/travis/build/icyphy/ptII/lib/mapss.jar:/home/travis/build/icyphy/ptII/ptolemy/actor/ptalon/antlr/antlr.jar:/home/travis/build/icyphy/ptII/lib/JRI.jar:/home/travis/build/icyphy/ptII/lib/commons-lang-2.6.jar:/home/travis/build/icyphy/ptII/lib/commons-logging-1.1.1.jar:/home/travis/build/icyphy/ptII/lib/sootclasses.jar:/home/travis/build/icyphy/ptII/ptolemy/actor/lib/database/mysql-connector-java-5.1.6-bin.jar:/home/travis/build/icyphy/ptII/vendors/misc/sphinx4/sphinx4-data-5prealpha.jar:/home/travis/build/icyphy/ptII/vendors/misc/sphinx4/sphinx4-core-5prealpha.jar:/home/travis/build/icyphy/ptII/lib/PDFRenderer.jar:/home/travis/build/icyphy/ptII/lib/svgSalamander.jar:/home/travis/build/icyphy/ptII/lib/rsyntaxtextarea-2.6.0-SNAPSHOT.jar:/home/travis/build/icyphy/ptII/lib/hazelcast-3.8.2.jar:/home/travis/build/icyphy/ptII/lib/jackson-annotations-2.9.0.jar:/home/travis/build/icyphy/ptII/lib/jackson-core-2.9.3.jar:/home/travis/build/icyphy/ptII/lib/jackson-databind-2.9.3.jar:/home/travis/build/icyphy/ptII/lib/netty-buffer-4.1.19.Final.jar:/home/travis/build/icyphy/ptII/lib/netty-codec-4.1.19.Final.jar:/home/travis/build/icyphy/ptII/lib/netty-codec-dns-4.1.19.Final.jar:/home/travis/build/icyphy/ptII/lib/netty-codec-http-4.1.19.Final.jar:/home/travis/build/icyphy/ptII/lib/netty-codec-http2-4.1.19.Final.jar:/home/travis/build/icyphy/ptII/lib/netty-common-4.1.19.Final.jar:/home/travis/build/icyphy/ptII/lib/netty-handler-4.1.19.Final.jar:/home/travis/build/icyphy/ptII/lib/netty-resolver-4.1.19.Final.jar:/home/travis/build/icyphy/ptII/lib/netty-resolver-dns-4.1.19.Final.jar:/home/travis/build/icyphy/ptII/lib/netty-transport-4.1.19.Final.jar:/home/travis/build/icyphy/ptII/lib/vertx-codegen-3.5.1.jar:/home/travis/build/icyphy/ptII/lib/vertx-core-3.5.2-SNAPSHOT.jar:/home/travis/build/icyphy/ptII/lib/vertx-hazelcast-3.5.1.jar:/home/travis/build/icyphy/ptII/lib/vertx-lang-js-3.5.1.jar:/home/travis/build/icyphy/ptII/lib/vertx-service-proxy-3.5.1.jar:/home/travis/build/icyphy/ptII/lib/vertx-web-3.5.1.jar:/home/travis/build/icyphy/ptII/lib/slf4j-api-1.7.13.jar:/home/travis/build/icyphy/ptII/lib/slf4j-simple-1.7.13.jar:/home/travis/build/icyphy/ptII/lib/webcam-capture-0.3.12.jar:/home/travis/build/icyphy/ptII/lib/bridj-0.7.0.jar:/home/travis/build/icyphy/ptII/lib/xbjlib-1.1.0.nrjavaserial.jar:/home/travis/build/icyphy/ptII/ptolemy/moml/test:/home/travis/build/icyphy/ptII/ant/lib/ant-launcher.jar:/home/travis/build/icyphy/ptII/ant/lib/ant.jar:/home/travis/build/icyphy/ptII/ant/lib/ant-junit.jar:/home/travis/build/icyphy/ptII/ant/lib/ant-junit4.jar" />
    <property name="ant.library.dir" value="/home/travis/build/icyphy/ptII/ant/lib" />
    <property name="os.arch" value="amd64" />
    <property name="env.TRAVIS_LANGUAGE" value="node_js" />
    <property name="env.CONTINUOUS_INTEGRATION" value="true" />
    <property name="env.TRAVIS_STACK_LANGUAGES" value="__garnet__ c c++ clojure cplusplus cpp default go groovy java node_js php pure_java python ruby scala" />
    <property name="test.name" value="ptolemy.actor.lib.test.junit.JUnitTclTest" />
    <property name="sun.java.launcher" value="SUN_STANDARD" />
    <property name="env.PYTHON_CONFIGURE_OPTS" value="--enable-unicode=ucs4 --with-wide-unicode --enable-shared --enable-ipv6 --enable-loadable-sqlite-extensions --with-computed-gotos" />
    <property name="ant.core.lib" value="/home/travis/build/icyphy/ptII/ant/lib/ant.jar" />
    <property name="java.vm.specification.vendor" value="Oracle Corporation" />
    <property name="env.BCVTB_HOME" value="/home/travis/build/icyphy/ptII/lbnl" />
    <property name="file.separator" value="/" />
    <property name="java.runtime.version" value="1.8.0_151-b12" />
    <property name="spotbugs.home" value="/home/travis/build/icyphy/ptII/vendors/spotbugs-3.1.1" />
    <property name="sun.boot.class.path" value="/usr/lib/jvm/java-8-oracle/jre/lib/resources.jar:/usr/lib/jvm/java-8-oracle/jre/lib/rt.jar:/usr/lib/jvm/java-8-oracle/jre/lib/sunrsasign.jar:/usr/lib/jvm/java-8-oracle/jre/lib/jsse.jar:/usr/lib/jvm/java-8-oracle/jre/lib/jce.jar:/usr/lib/jvm/java-8-oracle/jre/lib/charsets.jar:/usr/lib/jvm/java-8-oracle/jre/lib/jfr.jar:/usr/lib/jvm/java-8-oracle/jre/classes" />
    <property name="env.HAS_JOSH_K_SEAL_OF_APPROVAL" value="true" />
    <property name="env.XDG_RUNTIME_DIR" value="/run/user/2000" />
    <property name="env.TRAVIS_OSX_IMAGE" value="" />
    <property name="env.TRAVIS_BRANCH" value="master" />
    <property name="env.TRAVIS_JOB_ID" value="397144980" />
    <property name="user.country" value="US" />
    <property name="env.CERTI_HOME_TRAVIS" value="/home/travis/pthla/certi-tools" />
    <property name="env.SHELL" value="/bin/bash" />
    <property name="java.maxmemory.large" value="5000m" />
    <property name="model" value="" />
    <property name="env.CASHER_DIR" value="/home/travis/.casher" />
    <property name="env.NVM_CD_FLAGS" value="" />
    <property name="jshint.executable" value="/home/travis/node_modules/jshint/bin/jshint" />
    <property name="java.vendor" value="Oracle Corporation" />
    <property name="env.JRUBY_OPTS" value=" --client -J-XX:+TieredCompilation -J-XX:TieredStopAtLevel=1 -J-Xss2m -Xcompile.invokedynamic=false" />
    <property name="env.TRAVIS_PRE_CHEF_BOOTSTRAP_TIME" value="2017-12-05T19:32:55" />
    <property name="env.ELIXIR_VERSION" value="1.4.5" />
    <property name="env.TRAVIS_STACK_JOB_BOARD_REGISTER" value="/.job-board-register.yml" />
    <property name="java.specification.version" value="1.8" />
    <property name="env.TRAVIS" value="true" />
    <property name="env.IRBRC" value="/home/travis/.rvm/rubies/ruby-2.4.1/.irbrc" />
    <property name="sun.arch.data.model" value="64" />
  </properties>
  <testcase classname="ptolemy.util.test.junit.TclTests" name="[0] /home/travis/build/icyphy/ptII/ptolemy/domains/de/test/DependencyLoop.tcl (RunTclFile)" time="0.694" />
  <testcase classname="ptolemy.util.test.junit.TclTests" name="[1] /home/travis/build/icyphy/ptII/ptolemy/domains/de/test/RunDETestsAsQSS.tcl (RunTclFile)" time="87.129" />
  <testcase classname="ptolemy.util.test.junit.AutoKnownFailedTests" name="[0] /home/travis/build/icyphy/ptII/ptolemy/domains/de/test/auto/knownFailedTests/DESDFClockTest.xml (RunModel)" time="2.03" />
  <testcase classname="ptolemy.util.test.junit.AutoKnownFailedTests" name="[1] /home/travis/build/icyphy/ptII/ptolemy/domains/de/test/auto/knownFailedTests/DirectFeedback.xml (RunModel)" time="0.017" />
  <testcase classname="ptolemy.util.test.junit.AutoKnownFailedTests" name="[2] /home/travis/build/icyphy/ptII/ptolemy/domains/de/test/auto/knownFailedTests/FSMSource.xml (RunModel)" time="0.02" />
  <testcase classname="ptolemy.util.test.junit.AutoKnownFailedTests" name="[3] /home/travis/build/icyphy/ptII/ptolemy/domains/de/test/auto/knownFailedTests/HierarchicalModel.xml (RunModel)" time="0.043" />
  <testcase classname="ptolemy.util.test.junit.AutoKnownFailedTests" name="[4] /home/travis/build/icyphy/ptII/ptolemy/domains/de/test/auto/knownFailedTests/dependencyLoop.xml (RunModel)" time="0.047" />
  <testcase classname="ptolemy.util.test.junit.AutoKnownFailedTests" name="[5] /home/travis/build/icyphy/ptII/ptolemy/domains/de/test/auto/knownFailedTests/dependencyLoop2.xml (RunModel)" time="0.046" />
  <testcase classname="ptolemy.util.test.junit.AutoNameArchTests" name="[0] ThereAreNoAutoArchTests (RunModel)" time="0.0" />
  <testcase classname="ptolemy.util.test.junit.AutoTests" name="[0] /home/travis/build/icyphy/ptII/ptolemy/domains/de/test/auto/ActorDepthCalculation_actorWithoutPorts.xml (RunModel)" time="0.012" />
  <testcase classname="ptolemy.util.test.junit.AutoTests" name="[1] /home/travis/build/icyphy/ptII/ptolemy/domains/de/test/auto/AssemblyLine.xml (RunModel)" time="0.023" />
  <testcase classname="ptolemy.util.test.junit.AutoTests" name="[2] /home/travis/build/icyphy/ptII/ptolemy/domains/de/test/auto/CQBug1.xml (RunModel)" time="0.011" />
  <testcase classname="ptolemy.util.test.junit.AutoTests" name="[3] /home/travis/build/icyphy/ptII/ptolemy/domains/de/test/auto/CancelFireAt.xml (RunModel)" time="0.011" />
  <testcase classname="ptolemy.util.test.junit.AutoTests" name="[4] /home/travis/build/icyphy/ptII/ptolemy/domains/de/test/auto/CausalityAndComposabilityAnalysis.xml (RunModel)" time="0.011" />
  <testcase classname="ptolemy.util.test.junit.AutoTests" name="[5] /home/travis/build/icyphy/ptII/ptolemy/domains/de/test/auto/CausalityInterface1.xml (RunModel)" time="0.012" />
  <testcase classname="ptolemy.util.test.junit.AutoTests" name="[6] /home/travis/build/icyphy/ptII/ptolemy/domains/de/test/auto/CausalityInterface15.xml (RunModel)" time="0.017" />
  <testcase classname="ptolemy.util.test.junit.AutoTests" name="[7] /home/travis/build/icyphy/ptII/ptolemy/domains/de/test/auto/CausalityInterface2.xml (RunModel)" time="0.016" />
  <testcase classname="ptolemy.util.test.junit.AutoTests" name="[8] /home/travis/build/icyphy/ptII/ptolemy/domains/de/test/auto/CausalityInterface3.xml (RunModel)" time="0.012" />
  <testcase classname="ptolemy.util.test.junit.AutoTests" name="[9] /home/travis/build/icyphy/ptII/ptolemy/domains/de/test/auto/ClockDrift.xml (RunModel)" time="0.052" />
  <testcase classname="ptolemy.util.test.junit.AutoTests" name="[10] /home/travis/build/icyphy/ptII/ptolemy/domains/de/test/auto/ClockDriftAndValueChange.xml (RunModel)" time="0.029" />
  <testcase classname="ptolemy.util.test.junit.AutoTests" name="[11] /home/travis/build/icyphy/ptII/ptolemy/domains/de/test/auto/ClockDriftChange.xml (RunModel)" time="0.031" />
  <testcase classname="ptolemy.util.test.junit.AutoTests" name="[12] /home/travis/build/icyphy/ptII/ptolemy/domains/de/test/auto/ComposableCausalityAnalysis.xml (RunModel)" time="0.012" />
  <testcase classname="ptolemy.util.test.junit.AutoTests" name="[13] /home/travis/build/icyphy/ptII/ptolemy/domains/de/test/auto/DEFixedPointLimitation.xml (RunModel)" time="0.008" />
  <testcase classname="ptolemy.util.test.junit.AutoTests" name="[14] /home/travis/build/icyphy/ptII/ptolemy/domains/de/test/auto/DEScheduleTest.xml (RunModel)" time="0.032" />
  <testcase classname="ptolemy.util.test.junit.AutoTests" name="[15] /home/travis/build/icyphy/ptII/ptolemy/domains/de/test/auto/DEinDEwithStartTimes.xml (RunModel)" time="0.012" />
  <testcase classname="ptolemy.util.test.junit.AutoTests" name="[16] /home/travis/build/icyphy/ptII/ptolemy/domains/de/test/auto/DEinDEwithStartTimes2.xml (RunModel)" time="0.012" />
  <testcase classname="ptolemy.util.test.junit.AutoTests" name="[17] /home/travis/build/icyphy/ptII/ptolemy/domains/de/test/auto/DateDemo.xml (RunModel)" time="0.025" />
  <testcase classname="ptolemy.util.test.junit.AutoTests" name="[18] /home/travis/build/icyphy/ptII/ptolemy/domains/de/test/auto/DateToEvent.xml (RunModel)" time="2.037" />
  <testcase classname="ptolemy.util.test.junit.AutoTests" name="[19] /home/travis/build/icyphy/ptII/ptolemy/domains/de/test/auto/DepthTest1.xml (RunModel)" time="0.008" />
  <testcase classname="ptolemy.util.test.junit.AutoTests" name="[20] /home/travis/build/icyphy/ptII/ptolemy/domains/de/test/auto/DepthTest2.xml (RunModel)" time="0.016" />
  <testcase classname="ptolemy.util.test.junit.AutoTests" name="[21] /home/travis/build/icyphy/ptII/ptolemy/domains/de/test/auto/DepthTest3.xml (RunModel)" time="0.006" />
  <testcase classname="ptolemy.util.test.junit.AutoTests" name="[22] /home/travis/build/icyphy/ptII/ptolemy/domains/de/test/auto/DepthTest4.xml (RunModel)" time="0.011" />
  <testcase classname="ptolemy.util.test.junit.AutoTests" name="[23] /home/travis/build/icyphy/ptII/ptolemy/domains/de/test/auto/DepthTest5.xml (RunModel)" time="0.015" />
  <testcase classname="ptolemy.util.test.junit.AutoTests" name="[24] /home/travis/build/icyphy/ptII/ptolemy/domains/de/test/auto/DepthTest6.xml (RunModel)" time="0.012" />
  <testcase classname="ptolemy.util.test.junit.AutoTests" name="[25] /home/travis/build/icyphy/ptII/ptolemy/domains/de/test/auto/DepthTest7.xml (RunModel)" time="0.015" />
  <testcase classname="ptolemy.util.test.junit.AutoTests" name="[26] /home/travis/build/icyphy/ptII/ptolemy/domains/de/test/auto/EventToDate.xml (RunModel)" time="3.037" />
  <testcase classname="ptolemy.util.test.junit.AutoTests" name="[27] /home/travis/build/icyphy/ptII/ptolemy/domains/de/test/auto/FSM1.xml (RunModel)" time="0.028" />
  <testcase classname="ptolemy.util.test.junit.AutoTests" name="[28] /home/travis/build/icyphy/ptII/ptolemy/domains/de/test/auto/FSM7.xml (RunModel)" time="0.028" />
  <testcase classname="ptolemy.util.test.junit.AutoTests" name="[29] /home/travis/build/icyphy/ptII/ptolemy/domains/de/test/auto/Inspection.xml (RunModel)" time="0.048" />
  <testcase classname="ptolemy.util.test.junit.AutoTests" name="[30] /home/travis/build/icyphy/ptII/ptolemy/domains/de/test/auto/Iteration.xml (RunModel)" time="0.02" />
  <testcase classname="ptolemy.util.test.junit.AutoTests" name="[31] /home/travis/build/icyphy/ptII/ptolemy/domains/de/test/auto/LineFault.xml (RunModel)" time="0.532" />
  <testcase classname="ptolemy.util.test.junit.AutoTests" name="[32] /home/travis/build/icyphy/ptII/ptolemy/domains/de/test/auto/MergeModel1Add.xml (RunModel)" time="0.052" />
  <testcase classname="ptolemy.util.test.junit.AutoTests" name="[33] /home/travis/build/icyphy/ptII/ptolemy/domains/de/test/auto/MergeModel2Add.xml (RunModel)" time="0.036" />
  <testcase classname="ptolemy.util.test.junit.AutoTests" name="[34] /home/travis/build/icyphy/ptII/ptolemy/domains/de/test/auto/MergeModel3Add.xml (RunModel)" time="0.044" />
  <testcase classname="ptolemy.util.test.junit.AutoTests" name="[35] /home/travis/build/icyphy/ptII/ptolemy/domains/de/test/auto/MergeWithoutDiscard.xml (RunModel)" time="0.01" />
  <testcase classname="ptolemy.util.test.junit.AutoTests" name="[36] /home/travis/build/icyphy/ptII/ptolemy/domains/de/test/auto/Modal1.xml (RunModel)" time="0.03" />
  <testcase classname="ptolemy.util.test.junit.AutoTests" name="[37] /home/travis/build/icyphy/ptII/ptolemy/domains/de/test/auto/Modal2.xml (RunModel)" time="0.029" />
  <testcase classname="ptolemy.util.test.junit.AutoTests" name="[38] /home/travis/build/icyphy/ptII/ptolemy/domains/de/test/auto/Modal3.xml (RunModel)" time="0.032" />
  <testcase classname="ptolemy.util.test.junit.AutoTests" name="[39] /home/travis/build/icyphy/ptII/ptolemy/domains/de/test/auto/Modal4.xml (RunModel)" time="0.031" />
  <testcase classname="ptolemy.util.test.junit.AutoTests" name="[40] /home/travis/build/icyphy/ptII/ptolemy/domains/de/test/auto/Modal5.xml (RunModel)" time="0.032" />
  <testcase classname="ptolemy.util.test.junit.AutoTests" name="[41] /home/travis/build/icyphy/ptII/ptolemy/domains/de/test/auto/Modal6.xml (RunModel)" time="0.027" />
  <testcase classname="ptolemy.util.test.junit.AutoTests" name="[42] /home/travis/build/icyphy/ptII/ptolemy/domains/de/test/auto/Modal7.xml (RunModel)" time="0.026" />
  <testcase classname="ptolemy.util.test.junit.AutoTests" name="[43] /home/travis/build/icyphy/ptII/ptolemy/domains/de/test/auto/ModalModel.xml (RunModel)" time="0.156" />
  <testcase classname="ptolemy.util.test.junit.AutoTests" name="[44] /home/travis/build/icyphy/ptII/ptolemy/domains/de/test/auto/ModalSource.xml (RunModel)" time="0.018" />
  <testcase classname="ptolemy.util.test.junit.AutoTests" name="[45] /home/travis/build/icyphy/ptII/ptolemy/domains/de/test/auto/NonInterruptibleTimerZeroDelay.xml (RunModel)" time="0.013" />
  <testcase classname="ptolemy.util.test.junit.AutoTests" name="[46] /home/travis/build/icyphy/ptII/ptolemy/domains/de/test/auto/OpenQueueingNetwork.xml (RunModel)" time="2.177" />
  <testcase classname="ptolemy.util.test.junit.AutoTests" name="[47] /home/travis/build/icyphy/ptII/ptolemy/domains/de/test/auto/OpenQueuingNetwork.xml (RunModel)" time="0.25" />
  <testcase classname="ptolemy.util.test.junit.AutoTests" name="[48] /home/travis/build/icyphy/ptII/ptolemy/domains/de/test/auto/PeriodicSampler.xml (RunModel)" time="0.007" />
  <testcase classname="ptolemy.util.test.junit.AutoTests" name="[49] /home/travis/build/icyphy/ptII/ptolemy/domains/de/test/auto/PersistentIO.xml (RunModel)" time="0.022" />
  <testcase classname="ptolemy.util.test.junit.AutoTests" name="[50] /home/travis/build/icyphy/ptII/ptolemy/domains/de/test/auto/PortParameterResetOnInitialize.xml (RunModel)" time="0.009" />
  <testcase classname="ptolemy.util.test.junit.AutoTests" name="[51] /home/travis/build/icyphy/ptII/ptolemy/domains/de/test/auto/PortParameterUpdates.xml (RunModel)" time="0.014" />
  <testcase classname="ptolemy.util.test.junit.AutoTests" name="[52] /home/travis/build/icyphy/ptII/ptolemy/domains/de/test/auto/QueueAndServer.xml (RunModel)" time="0.022" />
  <testcase classname="ptolemy.util.test.junit.AutoTests" name="[53] /home/travis/build/icyphy/ptII/ptolemy/domains/de/test/auto/Records.xml (RunModel)" time="0.017" />
  <testcase classname="ptolemy.util.test.junit.AutoTests" name="[54] /home/travis/build/icyphy/ptII/ptolemy/domains/de/test/auto/ResetTransitionWithStartTime1.xml (RunModel)" time="0.017" />
  <testcase classname="ptolemy.util.test.junit.AutoTests" name="[55] /home/travis/build/icyphy/ptII/ptolemy/domains/de/test/auto/ResetTransitionWithStartTime2.xml (RunModel)" time="0.02" />
  <testcase classname="ptolemy.util.test.junit.AutoTests" name="[56] /home/travis/build/icyphy/ptII/ptolemy/domains/de/test/auto/ResetTransitionWithStartTime3.xml (RunModel)" time="0.02" />
  <testcase classname="ptolemy.util.test.junit.AutoTests" name="[57] /home/travis/build/icyphy/ptII/ptolemy/domains/de/test/auto/ResetTransitionWithStartTime4.xml (RunModel)" time="0.02" />
  <testcase classname="ptolemy.util.test.junit.AutoTests" name="[58] /home/travis/build/icyphy/ptII/ptolemy/domains/de/test/auto/ResettableTimer1.xml (RunModel)" time="0.011" />
  <testcase classname="ptolemy.util.test.junit.AutoTests" name="[59] /home/travis/build/icyphy/ptII/ptolemy/domains/de/test/auto/ResettableTimer2.xml (RunModel)" time="0.008" />
  <testcase classname="ptolemy.util.test.junit.AutoTests" name="[60] /home/travis/build/icyphy/ptII/ptolemy/domains/de/test/auto/ResettableTimer3.xml (RunModel)" time="0.009" />
  <testcase classname="ptolemy.util.test.junit.AutoTests" name="[61] /home/travis/build/icyphy/ptII/ptolemy/domains/de/test/auto/ResettableTimer4.xml (RunModel)" time="0.01" />
  <testcase classname="ptolemy.util.test.junit.AutoTests" name="[62] /home/travis/build/icyphy/ptII/ptolemy/domains/de/test/auto/ResettableTimer5.xml (RunModel)" time="0.009" />
  <testcase classname="ptolemy.util.test.junit.AutoTests" name="[63] /home/travis/build/icyphy/ptII/ptolemy/domains/de/test/auto/ResettableTimer6.xml (RunModel)" time="0.017" />
  <testcase classname="ptolemy.util.test.junit.AutoTests" name="[64] /home/travis/build/icyphy/ptII/ptolemy/domains/de/test/auto/ServerZeroDelay.xml (RunModel)" time="0.011" />
  <testcase classname="ptolemy.util.test.junit.AutoTests" name="[65] /home/travis/build/icyphy/ptII/ptolemy/domains/de/test/auto/SmartSender.xml (RunModel)" time="3.007" />
  <testcase classname="ptolemy.util.test.junit.AutoTests" name="[66] /home/travis/build/icyphy/ptII/ptolemy/domains/de/test/auto/ThreadedComposite.xml (RunModel)" time="0.222" />
  <testcase classname="ptolemy.util.test.junit.AutoTests" name="[67] /home/travis/build/icyphy/ptII/ptolemy/domains/de/test/auto/Time.xml (RunModel)" time="0.431" />
  <testcase classname="ptolemy.util.test.junit.AutoTests" name="[68] /home/travis/build/icyphy/ptII/ptolemy/domains/de/test/auto/TimeDelayZeroDelay.xml (RunModel)" time="0.011" />
  <testcase classname="ptolemy.util.test.junit.AutoTests" name="[69] /home/travis/build/icyphy/ptII/ptolemy/domains/de/test/auto/TimerZeroDelay.xml (RunModel)" time="0.009" />
  <testcase classname="ptolemy.util.test.junit.AutoTests" name="[70] /home/travis/build/icyphy/ptII/ptolemy/domains/de/test/auto/TimingParadox.xml (RunModel)" time="0.333" />
  <testcase classname="ptolemy.util.test.junit.AutoTests" name="[71] /home/travis/build/icyphy/ptII/ptolemy/domains/de/test/auto/TransferInputs.xml (RunModel)" time="0.014" />
  <testcase classname="ptolemy.util.test.junit.AutoTests" name="[72] /home/travis/build/icyphy/ptII/ptolemy/domains/de/test/auto/TransferOutputs2.xml (RunModel)" time="0.019" />
  <testcase classname="ptolemy.util.test.junit.AutoTests" name="[73] /home/travis/build/icyphy/ptII/ptolemy/domains/de/test/auto/Trilateration.xml (RunModel)" time="11.441" />
  <testcase classname="ptolemy.util.test.junit.AutoTests" name="[74] /home/travis/build/icyphy/ptII/ptolemy/domains/de/test/auto/TwoSigmaDelta.xml (RunModel)" time="2.066" />
  <testcase classname="ptolemy.util.test.junit.AutoTests" name="[75] /home/travis/build/icyphy/ptII/ptolemy/domains/de/test/auto/VariableDelay.xml (RunModel)" time="0.014" />
  <testcase classname="ptolemy.util.test.junit.AutoTests" name="[76] /home/travis/build/icyphy/ptII/ptolemy/domains/de/test/auto/VariableDelay2.xml (RunModel)" time="0.008" />
  <testcase classname="ptolemy.util.test.junit.AutoTests" name="[77] /home/travis/build/icyphy/ptII/ptolemy/domains/de/test/auto/VariableDelayZeroDelay.xml (RunModel)" time="0.009" />
  <testcase classname="ptolemy.util.test.junit.AutoTests" name="[78] /home/travis/build/icyphy/ptII/ptolemy/domains/de/test/auto/VariableDelayZeroDelay2.xml (RunModel)" time="0.009" />
  <testcase classname="ptolemy.util.test.junit.AutoTests" name="[79] /home/travis/build/icyphy/ptII/ptolemy/domains/de/test/auto/deInCt.xml (RunModel)" time="0.012" />
  <testcase classname="ptolemy.util.test.junit.AutoTests" name="[80] /home/travis/build/icyphy/ptII/ptolemy/domains/de/test/auto/deInCt2.xml (RunModel)" time="0.011" />
  <testcase classname="ptolemy.util.test.junit.AutoTests" name="[81] /home/travis/build/icyphy/ptII/ptolemy/domains/de/test/auto/dynamicCausalityInterface1.xml (RunModel)" time="0.019" />
  <testcase classname="ptolemy.util.test.junit.AutoTests" name="[82] /home/travis/build/icyphy/ptII/ptolemy/domains/de/test/auto/fsm_de_test.xml (RunModel)" time="0.021" />
  <testcase classname="ptolemy.util.test.junit.AutoTests" name="[83] /home/travis/build/icyphy/ptII/ptolemy/domains/de/test/auto/functionDependencyReconstruction.xml (RunModel)" time="0.031" />
  <testcase classname="ptolemy.util.test.junit.AutoTests" name="[84] /home/travis/build/icyphy/ptII/ptolemy/domains/de/test/auto/multirate.xml (RunModel)" time="0.015" />
  <testcase classname="ptolemy.util.test.junit.AutoTests" name="[85] /home/travis/build/icyphy/ptII/ptolemy/domains/de/test/auto/multirate2.xml (RunModel)" time="0.014" />
  <testcase classname="ptolemy.util.test.junit.AutoTests" name="[86] /home/travis/build/icyphy/ptII/ptolemy/domains/de/test/auto/realtime.xml (RunModel)" time="10.01" />
  <testcase classname="ptolemy.util.test.junit.AutoTests" name="[87] /home/travis/build/icyphy/ptII/ptolemy/domains/de/test/auto/relationGroup.xml (RunModel)" time="0.018" />
  <testcase classname="ptolemy.util.test.junit.AutoTests" name="[88] /home/travis/build/icyphy/ptII/ptolemy/domains/de/test/auto/relationGroup2.xml (RunModel)" time="0.009" />
  <testcase classname="ptolemy.util.test.junit.AutoTests" name="[89] /home/travis/build/icyphy/ptII/ptolemy/domains/de/test/auto/sortWithOpaquePorts.xml (RunModel)" time="0.008" />
  <testcase classname="ptolemy.util.test.junit.AutoTests" name="[90] /home/travis/build/icyphy/ptII/ptolemy/domains/de/test/auto/transferInputsandOutputs.xml (RunModel)" time="0.013" />
  <testcase classname="ptolemy.util.test.junit.AutoTests" name="[91] /home/travis/build/icyphy/ptII/ptolemy/domains/de/test/auto/triggerType.xml (RunModel)" time="0.01" />
  <system-out><![CDATA[/home/travis/build/icyphy/ptII/ptolemy/domains/de/test/DependencyLoop.tcl
testDefs.tcl: setting time out to 9000 seconds at Wed Jun 27 01:28:13 UTC 2018
14 ms. Memory: 116224K Free: 93889K (81%)
9 ms. Memory: 146944K Free: 135459K (92%)
/home/travis/build/icyphy/ptII/ptolemy/domains/de/test/RunDETestsAsQSS.tcl
Run the DE tests using ptolemy.domains.qss.test.QSSDirectorTest, which extends QSSDirector and prints a message in the constructors.
------------------ testing $PTII/ptolemy/domains/de/test/auto/knownFailedTests/dependencyLoop.xml (Known Failure) 
6 ms. Memory: 146944K Free: 132347K (90%)


==== $PTIIhome/travis/build/icyphy/ptII/ptolemy/domains/de/test/../../../../: Auto Automatic test in file $PTII/ptolemy/domains/de/test/auto/knownFailedTests/dependencyLoop.xml
==== Contents of test case:

	    # FIXME: we should use $relativeFilename here, but it
	    # might have backslashes under Windows, which causes no end
	    # of trouble.
	    createAndExecute $file
	    list {}
	
.... Test generated KNOWN error:
    while executing
ptolemy.kernel.util.IllegalActionException: Found a zero delay loop containing .dependencyLoop.original
  in .dependencyLoop and .dependencyLoop.original
	at ptolemy.actor.util.CausalityInterfaceForComposites._computeOutputPortDepth(CausalityInterfaceForComposites.java:759)
	at ptolemy.actor.util.CausalityInterfaceForComposites._computeInputDepth(CausalityInterfaceForComposites.java:696)
	at ptolemy.actor.util.CausalityInterfaceForComposites._computeOutputPortDepth(CausalityInterfaceForComposites.java:765)
	at ptolemy.actor.util.CausalityInterfaceForComposites._computeInputDepth(CausalityInterfaceForComposites.java:696)
	at ptolemy.actor.util.CausalityInterfaceForComposites._computeOutputPortDepth(CausalityInterfaceForComposites.java:765)
	at ptolemy.actor.util.CausalityInterfaceForComposites._computeInputDepth(CausalityInterfaceForComposites.java:696)
	at ptolemy.actor.util.CausalityInterfaceForComposites._computeActorDepth(CausalityInterfaceForComposites.java:532)
	at ptolemy.actor.util.CausalityInterfaceForComposites.checkForCycles(CausalityInterfaceForComposites.java:96)
	at ptolemy.domains.de.kernel.DEDirector.preinitialize(DEDirector.java:1338)
	at ptolemy.actor.CompositeActor.preinitialize(CompositeActor.java:1828)
	at ptolemy.actor.Manager.preinitializeAndResolveTypes(Manager.java:1040)
	at ptolemy.actor.Manager.initialize(Manager.java:710)
	at ptolemy.actor.Manager.execute(Manager.java:356)
	at ptolemy.actor.Manager.run(Manager.java:1263)
	at ptolemy.actor.Manager$PtolemyRunThread.run(Manager.java:1915)

    while executing
ptolemy.kernel.util.IllegalActionException: Found a zero delay loop containing .dependencyLoop.original
  in .dependencyLoop and .dependencyLoop.original
    while executing
"java::new ptolemy.moml.MoMLSimpleApplication $file
"
    (procedure "createAndExecute" line 2)
    invoked from within
"createAndExecute $file"
    ("uplevel" body line 5)
    invoked from within
"uplevel $contents_of_test"
------------------ testing $PTII/ptolemy/domains/de/test/auto/knownFailedTests/DESDFClockTest.xml (Known Failure) 
2090 ms. Memory: 146944K Free: 116517K (79%)


==== $PTIIhome/travis/build/icyphy/ptII/ptolemy/domains/de/test/../../../../: Auto Automatic test in file $PTII/ptolemy/domains/de/test/auto/knownFailedTests/DESDFClockTest.xml
==== Contents of test case:

	    # FIXME: we should use $relativeFilename here, but it
	    # might have backslashes under Windows, which causes no end
	    # of trouble.
	    createAndExecute $file
	    list {}
	
.... Test generated KNOWN error:
    while executing
ptolemy.kernel.util.IllegalActionException: Actor is not ready to fire.  Perhaps UpSample.prefire() returned false? Try debugging the actor by selecting "Listen to Actor".  Also, for SDF check moml for tokenConsumptionRate on input.
  in .DESDFClockTest.Play Bell.Copy1:SDF Director and .DESDFClockTest.Play Bell.UpSample
	at ptolemy.actor.sched.StaticSchedulingDirector.fire(StaticSchedulingDirector.java:227)
	at ptolemy.domains.sdf.kernel.SDFDirector.fire(SDFDirector.java:500)
	at ptolemy.actor.CompositeActor.fire(CompositeActor.java:455)
	at ptolemy.domains.de.kernel.DEDirector._fire(DEDirector.java:1949)
	at ptolemy.domains.de.kernel.DEDirector.fire(DEDirector.java:502)
	at ptolemy.actor.CompositeActor.fire(CompositeActor.java:455)
	at ptolemy.actor.Manager.iterate(Manager.java:851)
	at ptolemy.actor.Manager.execute(Manager.java:369)
	at ptolemy.actor.Manager.run(Manager.java:1263)
	at ptolemy.actor.Manager$PtolemyRunThread.run(Manager.java:1915)

    while executing
ptolemy.kernel.util.IllegalActionException: Actor is not ready to fire.  Perhaps UpSample.prefire() returned false? Try debugging the actor by selecting "Listen to Actor".  Also, for SDF check moml for tokenConsumptionRate on input.
  in .DESDFClockTest.Play Bell.Copy1:SDF Director and .DESDFClockTest.Play Bell.UpSample
    while executing
"java::new ptolemy.moml.MoMLSimpleApplication $file
"
    (procedure "createAndExecute" line 2)
    invoked from within
"createAndExecute $file"
    ("uplevel" body line 5)
    invoked from within
"uplevel $contents_of_test"
------------------ testing $PTII/ptolemy/domains/de/test/auto/knownFailedTests/FSMSource.xml (Known Failure) 
39 ms. Memory: 146944K Free: 107511K (73%)
!!!! Auto was marked as failing, but now passes
------------------ testing $PTII/ptolemy/domains/de/test/auto/knownFailedTests/dependencyLoop2.xml (Known Failure) 
7 ms. Memory: 146944K Free: 105636K (72%)


==== $PTIIhome/travis/build/icyphy/ptII/ptolemy/domains/de/test/../../../../: Auto Automatic test in file $PTII/ptolemy/domains/de/test/auto/knownFailedTests/dependencyLoop2.xml
==== Contents of test case:

	    # FIXME: we should use $relativeFilename here, but it
	    # might have backslashes under Windows, which causes no end
	    # of trouble.
	    createAndExecute $file
	    list {}
	
.... Test generated KNOWN error:
    while executing
ptolemy.kernel.util.IllegalActionException: Found a zero delay loop containing .dependencyLoop2.original
  in .dependencyLoop2 and .dependencyLoop2.original
	at ptolemy.actor.util.CausalityInterfaceForComposites._computeOutputPortDepth(CausalityInterfaceForComposites.java:759)
	at ptolemy.actor.util.CausalityInterfaceForComposites._computeInputDepth(CausalityInterfaceForComposites.java:696)
	at ptolemy.actor.util.CausalityInterfaceForComposites._computeOutputPortDepth(CausalityInterfaceForComposites.java:765)
	at ptolemy.actor.util.CausalityInterfaceForComposites._computeInputDepth(CausalityInterfaceForComposites.java:696)
	at ptolemy.actor.util.CausalityInterfaceForComposites._computeOutputPortDepth(CausalityInterfaceForComposites.java:765)
	at ptolemy.actor.util.CausalityInterfaceForComposites._computeInputDepth(CausalityInterfaceForComposites.java:696)
	at ptolemy.actor.util.CausalityInterfaceForComposites._computeActorDepth(CausalityInterfaceForComposites.java:532)
	at ptolemy.actor.util.CausalityInterfaceForComposites.checkForCycles(CausalityInterfaceForComposites.java:96)
	at ptolemy.domains.de.kernel.DEDirector.preinitialize(DEDirector.java:1338)
	at ptolemy.actor.CompositeActor.preinitialize(CompositeActor.java:1828)
	at ptolemy.actor.Manager.preinitializeAndResolveTypes(Manager.java:1040)
	at ptolemy.actor.Manager.initialize(Manager.java:710)
	at ptolemy.actor.Manager.execute(Manager.java:356)
	at ptolemy.actor.Manager.run(Manager.java:1263)
	at ptolemy.actor.Manager$PtolemyRunThread.run(Manager.java:1915)

    while executing
ptolemy.kernel.util.IllegalActionException: Found a zero delay loop containing .dependencyLoop2.original
  in .dependencyLoop2 and .dependencyLoop2.original
    while executing
"java::new ptolemy.moml.MoMLSimpleApplication $file
"
    (procedure "createAndExecute" line 2)
    invoked from within
"createAndExecute $file"
    ("uplevel" body line 5)
    invoked from within
"uplevel $contents_of_test"
------------------ testing $PTII/ptolemy/domains/de/test/auto/knownFailedTests/HierarchicalModel.xml (Known Failure) 
5 ms. Memory: 146944K Free: 83922K (57%)


==== $PTIIhome/travis/build/icyphy/ptII/ptolemy/domains/de/test/../../../../: Auto Automatic test in file $PTII/ptolemy/domains/de/test/auto/knownFailedTests/HierarchicalModel.xml
==== Contents of test case:

	    # FIXME: we should use $relativeFilename here, but it
	    # might have backslashes under Windows, which causes no end
	    # of trouble.
	    createAndExecute $file
	    list {}
	
.... Test generated KNOWN error:
    while executing
ptolemy.kernel.util.IllegalActionException: Found a zero delay loop containing .HierarchicalModel.A
  in .HierarchicalModel and .HierarchicalModel.A
	at ptolemy.actor.util.CausalityInterfaceForComposites._computeOutputPortDepth(CausalityInterfaceForComposites.java:759)
	at ptolemy.actor.util.CausalityInterfaceForComposites._computeInputDepth(CausalityInterfaceForComposites.java:696)
	at ptolemy.actor.util.CausalityInterfaceForComposites._computeOutputPortDepth(CausalityInterfaceForComposites.java:765)
	at ptolemy.actor.util.CausalityInterfaceForComposites._computeInputDepth(CausalityInterfaceForComposites.java:696)
	at ptolemy.actor.util.CausalityInterfaceForComposites._computeOutputPortDepth(CausalityInterfaceForComposites.java:765)
	at ptolemy.actor.util.CausalityInterfaceForComposites._computeInputDepth(CausalityInterfaceForComposites.java:696)
	at ptolemy.actor.util.CausalityInterfaceForComposites._computeActorDepth(CausalityInterfaceForComposites.java:532)
	at ptolemy.actor.util.CausalityInterfaceForComposites.checkForCycles(CausalityInterfaceForComposites.java:96)
	at ptolemy.domains.de.kernel.DEDirector.preinitialize(DEDirector.java:1338)
	at ptolemy.actor.CompositeActor.preinitialize(CompositeActor.java:1828)
	at ptolemy.actor.Manager.preinitializeAndResolveTypes(Manager.java:1040)
	at ptolemy.actor.Manager.initialize(Manager.java:710)
	at ptolemy.actor.Manager.execute(Manager.java:356)
	at ptolemy.actor.Manager.run(Manager.java:1263)
	at ptolemy.actor.Manager$PtolemyRunThread.run(Manager.java:1915)

    while executing
ptolemy.kernel.util.IllegalActionException: Found a zero delay loop containing .HierarchicalModel.A
  in .HierarchicalModel and .HierarchicalModel.A
    while executing
"java::new ptolemy.moml.MoMLSimpleApplication $file
"
    (procedure "createAndExecute" line 2)
    invoked from within
"createAndExecute $file"
    ("uplevel" body line 5)
    invoked from within
"uplevel $contents_of_test"
------------------ testing $PTII/ptolemy/domains/de/test/auto/knownFailedTests/DirectFeedback.xml (Known Failure) 
4 ms. Memory: 146944K Free: 141117K (96%)


==== $PTIIhome/travis/build/icyphy/ptII/ptolemy/domains/de/test/../../../../: Auto Automatic test in file $PTII/ptolemy/domains/de/test/auto/knownFailedTests/DirectFeedback.xml
==== Contents of test case:

	    # FIXME: we should use $relativeFilename here, but it
	    # might have backslashes under Windows, which causes no end
	    # of trouble.
	    createAndExecute $file
	    list {}
	
.... Test generated KNOWN error:
    while executing
ptolemy.kernel.util.IllegalActionException: Test fails in iteration 1.
Value was: 1.0. Should have been: 2.0
  in .DirectFeedback.Test
	at ptolemy.actor.lib.Test.fire(Test.java:268)
	at ptolemy.domains.de.kernel.DEDirector._fire(DEDirector.java:1949)
	at ptolemy.domains.de.kernel.DEDirector.fire(DEDirector.java:502)
	at ptolemy.actor.CompositeActor.fire(CompositeActor.java:455)
	at ptolemy.actor.Manager.iterate(Manager.java:851)
	at ptolemy.actor.Manager.execute(Manager.java:369)
	at ptolemy.actor.Manager.run(Manager.java:1263)
	at ptolemy.actor.Manager$PtolemyRunThread.run(Manager.java:1915)

    while executing
ptolemy.kernel.util.IllegalActionException: Test fails in iteration 1.
Value was: 1.0. Should have been: 2.0
  in .DirectFeedback.Test
    while executing
"java::new ptolemy.moml.MoMLSimpleApplication $file
"
    (procedure "createAndExecute" line 2)
    invoked from within
"createAndExecute $file"
    ("uplevel" body line 5)
    invoked from within
"uplevel $contents_of_test"
------------------ testing $PTII/ptolemy/domains/de/test/auto/ActorDepthCalculation_actorWithoutPorts.xml
auto.tcl: Setting watchdog for 200 seconds at Wed Jun 27 01:28:16 UTC 2018
8 ms. Memory: 146944K Free: 132382K (90%)
ptolemy.util.test.WatchDog.cancel(): canceling Wed Jun 27 01:28:16 UTC 2018
auto.tcl: Setting watchdog for 200 seconds at Wed Jun 27 01:28:16 UTC 2018
2 ms. Memory: 146944K Free: 131339K (89%)
ptolemy.util.test.WatchDog.cancel(): canceling Wed Jun 27 01:28:16 UTC 2018
------------------ testing $PTII/ptolemy/domains/de/test/auto/AssemblyLine.xml
auto.tcl: Setting watchdog for 200 seconds at Wed Jun 27 01:28:17 UTC 2018
26 ms. Memory: 208384K Free: 182815K (88%)
ptolemy.util.test.WatchDog.cancel(): canceling Wed Jun 27 01:28:17 UTC 2018
auto.tcl: Setting watchdog for 200 seconds at Wed Jun 27 01:28:17 UTC 2018
11 ms. Memory: 208384K Free: 182815K (88%)
ptolemy.util.test.WatchDog.cancel(): canceling Wed Jun 27 01:28:17 UTC 2018
------------------ testing $PTII/ptolemy/domains/de/test/auto/CQBug1.xml
auto.tcl: Setting watchdog for 200 seconds at Wed Jun 27 01:28:17 UTC 2018
5 ms. Memory: 208384K Free: 197703K (95%)
ptolemy.util.test.WatchDog.cancel(): canceling Wed Jun 27 01:28:17 UTC 2018
auto.tcl: Setting watchdog for 200 seconds at Wed Jun 27 01:28:17 UTC 2018
1 ms. Memory: 208384K Free: 197703K (95%)
ptolemy.util.test.WatchDog.cancel(): canceling Wed Jun 27 01:28:17 UTC 2018
------------------ testing $PTII/ptolemy/domains/de/test/auto/CancelFireAt.xml
auto.tcl: Setting watchdog for 200 seconds at Wed Jun 27 01:28:17 UTC 2018
11 ms. Memory: 208384K Free: 201424K (97%)
ptolemy.util.test.WatchDog.cancel(): canceling Wed Jun 27 01:28:17 UTC 2018
auto.tcl: Setting watchdog for 200 seconds at Wed Jun 27 01:28:17 UTC 2018
6 ms. Memory: 208384K Free: 198979K (95%)
ptolemy.util.test.WatchDog.cancel(): canceling Wed Jun 27 01:28:17 UTC 2018
------------------ testing $PTII/ptolemy/domains/de/test/auto/CausalityAndComposabilityAnalysis.xml
auto.tcl: Setting watchdog for 200 seconds at Wed Jun 27 01:28:17 UTC 2018
6 ms. Memory: 208384K Free: 196471K (94%)
ptolemy.util.test.WatchDog.cancel(): canceling Wed Jun 27 01:28:17 UTC 2018
auto.tcl: Setting watchdog for 200 seconds at Wed Jun 27 01:28:17 UTC 2018
9 ms. Memory: 208384K Free: 196471K (94%)
ptolemy.util.test.WatchDog.cancel(): canceling Wed Jun 27 01:28:17 UTC 2018
------------------ testing $PTII/ptolemy/domains/de/test/auto/CausalityInterface1.xml
auto.tcl: Setting watchdog for 200 seconds at Wed Jun 27 01:28:17 UTC 2018
22 ms. Memory: 208384K Free: 196408K (94%)
ptolemy.util.test.WatchDog.cancel(): canceling Wed Jun 27 01:28:17 UTC 2018
auto.tcl: Setting watchdog for 200 seconds at Wed Jun 27 01:28:17 UTC 2018
4 ms. Memory: 208384K Free: 196408K (94%)
ptolemy.util.test.WatchDog.cancel(): canceling Wed Jun 27 01:28:17 UTC 2018
------------------ testing $PTII/ptolemy/domains/de/test/auto/CausalityInterface15.xml
auto.tcl: Setting watchdog for 200 seconds at Wed Jun 27 01:28:17 UTC 2018
9 ms. Memory: 208384K Free: 196398K (94%)
ptolemy.util.test.WatchDog.cancel(): canceling Wed Jun 27 01:28:17 UTC 2018
auto.tcl: Setting watchdog for 200 seconds at Wed Jun 27 01:28:17 UTC 2018
8 ms. Memory: 208384K Free: 196398K (94%)
ptolemy.util.test.WatchDog.cancel(): canceling Wed Jun 27 01:28:17 UTC 2018
------------------ testing $PTII/ptolemy/domains/de/test/auto/CausalityInterface2.xml
auto.tcl: Setting watchdog for 200 seconds at Wed Jun 27 01:28:17 UTC 2018
12 ms. Memory: 208384K Free: 196382K (94%)
ptolemy.util.test.WatchDog.cancel(): canceling Wed Jun 27 01:28:17 UTC 2018
auto.tcl: Setting watchdog for 200 seconds at Wed Jun 27 01:28:17 UTC 2018
3 ms. Memory: 208384K Free: 196382K (94%)
ptolemy.util.test.WatchDog.cancel(): canceling Wed Jun 27 01:28:17 UTC 2018
------------------ testing $PTII/ptolemy/domains/de/test/auto/CausalityInterface3.xml
auto.tcl: Setting watchdog for 200 seconds at Wed Jun 27 01:28:17 UTC 2018
6 ms. Memory: 208384K Free: 196394K (94%)
ptolemy.util.test.WatchDog.cancel(): canceling Wed Jun 27 01:28:17 UTC 2018
auto.tcl: Setting watchdog for 200 seconds at Wed Jun 27 01:28:17 UTC 2018
4 ms. Memory: 208384K Free: 196394K (94%)
ptolemy.util.test.WatchDog.cancel(): canceling Wed Jun 27 01:28:17 UTC 2018
------------------ testing $PTII/ptolemy/domains/de/test/auto/ClockDrift.xml
auto.tcl: Setting watchdog for 200 seconds at Wed Jun 27 01:28:17 UTC 2018
52 ms. Memory: 208384K Free: 187606K (90%)
ptolemy.util.test.WatchDog.cancel(): canceling Wed Jun 27 01:28:18 UTC 2018
auto.tcl: Setting watchdog for 200 seconds at Wed Jun 27 01:28:18 UTC 2018
62 ms. Memory: 208384K Free: 185499K (89%)
ptolemy.util.test.WatchDog.cancel(): canceling Wed Jun 27 01:28:18 UTC 2018
------------------ testing $PTII/ptolemy/domains/de/test/auto/ClockDriftAndValueChange.xml
auto.tcl: Setting watchdog for 200 seconds at Wed Jun 27 01:28:18 UTC 2018
52 ms. Memory: 208384K Free: 187442K (90%)
ptolemy.util.test.WatchDog.cancel(): canceling Wed Jun 27 01:28:18 UTC 2018
auto.tcl: Setting watchdog for 200 seconds at Wed Jun 27 01:28:18 UTC 2018
40 ms. Memory: 208384K Free: 185336K (89%)
ptolemy.util.test.WatchDog.cancel(): canceling Wed Jun 27 01:28:18 UTC 2018
------------------ testing $PTII/ptolemy/domains/de/test/auto/ClockDriftChange.xml
auto.tcl: Setting watchdog for 200 seconds at Wed Jun 27 01:28:18 UTC 2018
34 ms. Memory: 208384K Free: 190772K (92%)
ptolemy.util.test.WatchDog.cancel(): canceling Wed Jun 27 01:28:18 UTC 2018
auto.tcl: Setting watchdog for 200 seconds at Wed Jun 27 01:28:18 UTC 2018
29 ms. Memory: 208384K Free: 188665K (91%)
ptolemy.util.test.WatchDog.cancel(): canceling Wed Jun 27 01:28:18 UTC 2018
------------------ testing $PTII/ptolemy/domains/de/test/auto/ComposableCausalityAnalysis.xml
auto.tcl: Setting watchdog for 200 seconds at Wed Jun 27 01:28:18 UTC 2018
2 ms. Memory: 208384K Free: 196250K (94%)
ptolemy.util.test.WatchDog.cancel(): canceling Wed Jun 27 01:28:18 UTC 2018
auto.tcl: Setting watchdog for 200 seconds at Wed Jun 27 01:28:18 UTC 2018
3 ms. Memory: 208384K Free: 194144K (93%)
ptolemy.util.test.WatchDog.cancel(): canceling Wed Jun 27 01:28:18 UTC 2018
------------------ testing $PTII/ptolemy/domains/de/test/auto/DEFixedPointLimitation.xml
auto.tcl: Setting watchdog for 200 seconds at Wed Jun 27 01:28:18 UTC 2018
2 ms. Memory: 208384K Free: 196128K (94%)
ptolemy.util.test.WatchDog.cancel(): canceling Wed Jun 27 01:28:18 UTC 2018
auto.tcl: Setting watchdog for 200 seconds at Wed Jun 27 01:28:18 UTC 2018
1 ms. Memory: 208384K Free: 196128K (94%)
ptolemy.util.test.WatchDog.cancel(): canceling Wed Jun 27 01:28:18 UTC 2018
------------------ testing $PTII/ptolemy/domains/de/test/auto/DEScheduleTest.xml
auto.tcl: Setting watchdog for 200 seconds at Wed Jun 27 01:28:18 UTC 2018
5 ms. Memory: 208384K Free: 198270K (95%)
ptolemy.util.test.WatchDog.cancel(): canceling Wed Jun 27 01:28:18 UTC 2018
auto.tcl: Setting watchdog for 200 seconds at Wed Jun 27 01:28:18 UTC 2018
4 ms. Memory: 208384K Free: 196163K (94%)
ptolemy.util.test.WatchDog.cancel(): canceling Wed Jun 27 01:28:18 UTC 2018
------------------ testing $PTII/ptolemy/domains/de/test/auto/DEinDEwithStartTimes.xml
auto.tcl: Setting watchdog for 200 seconds at Wed Jun 27 01:28:18 UTC 2018
3 ms. Memory: 208384K Free: 196133K (94%)
ptolemy.util.test.WatchDog.cancel(): canceling Wed Jun 27 01:28:18 UTC 2018
auto.tcl: Setting watchdog for 200 seconds at Wed Jun 27 01:28:18 UTC 2018
4 ms. Memory: 208384K Free: 194026K (93%)
ptolemy.util.test.WatchDog.cancel(): canceling Wed Jun 27 01:28:18 UTC 2018
------------------ testing $PTII/ptolemy/domains/de/test/auto/DEinDEwithStartTimes2.xml
auto.tcl: Setting watchdog for 200 seconds at Wed Jun 27 01:28:18 UTC 2018
4 ms. Memory: 208384K Free: 196112K (94%)
ptolemy.util.test.WatchDog.cancel(): canceling Wed Jun 27 01:28:18 UTC 2018
auto.tcl: Setting watchdog for 200 seconds at Wed Jun 27 01:28:18 UTC 2018
4 ms. Memory: 208384K Free: 194005K (93%)
ptolemy.util.test.WatchDog.cancel(): canceling Wed Jun 27 01:28:18 UTC 2018
------------------ testing $PTII/ptolemy/domains/de/test/auto/DateDemo.xml
auto.tcl: Setting watchdog for 200 seconds at Wed Jun 27 01:28:18 UTC 2018
13 ms. Memory: 208384K Free: 188522K (90%)
ptolemy.util.test.WatchDog.cancel(): canceling Wed Jun 27 01:28:19 UTC 2018
auto.tcl: Setting watchdog for 200 seconds at Wed Jun 27 01:28:19 UTC 2018
5 ms. Memory: 208384K Free: 186415K (89%)
ptolemy.util.test.WatchDog.cancel(): canceling Wed Jun 27 01:28:19 UTC 2018
------------------ testing $PTII/ptolemy/domains/de/test/auto/DateToEvent.xml
auto.tcl: Setting watchdog for 200 seconds at Wed Jun 27 01:28:19 UTC 2018
2018 ms. Memory: 208384K Free: 183223K (88%)
ptolemy.util.test.WatchDog.cancel(): canceling Wed Jun 27 01:28:21 UTC 2018
auto.tcl: Setting watchdog for 200 seconds at Wed Jun 27 01:28:21 UTC 2018
2009 ms. Memory: 208384K Free: 180765K (87%)
ptolemy.util.test.WatchDog.cancel(): canceling Wed Jun 27 01:28:23 UTC 2018
------------------ testing $PTII/ptolemy/domains/de/test/auto/DepthTest1.xml
auto.tcl: Setting watchdog for 200 seconds at Wed Jun 27 01:28:23 UTC 2018
3 ms. Memory: 208384K Free: 197798K (95%)
ptolemy.util.test.WatchDog.cancel(): canceling Wed Jun 27 01:28:23 UTC 2018
auto.tcl: Setting watchdog for 200 seconds at Wed Jun 27 01:28:23 UTC 2018
4 ms. Memory: 208384K Free: 197798K (95%)
ptolemy.util.test.WatchDog.cancel(): canceling Wed Jun 27 01:28:23 UTC 2018
------------------ testing $PTII/ptolemy/domains/de/test/auto/DepthTest2.xml
auto.tcl: Setting watchdog for 200 seconds at Wed Jun 27 01:28:23 UTC 2018
6 ms. Memory: 208384K Free: 193986K (93%)
ptolemy.util.test.WatchDog.cancel(): canceling Wed Jun 27 01:28:23 UTC 2018
auto.tcl: Setting watchdog for 200 seconds at Wed Jun 27 01:28:23 UTC 2018
3 ms. Memory: 208384K Free: 193986K (93%)
ptolemy.util.test.WatchDog.cancel(): canceling Wed Jun 27 01:28:23 UTC 2018
------------------ testing $PTII/ptolemy/domains/de/test/auto/DepthTest3.xml
auto.tcl: Setting watchdog for 200 seconds at Wed Jun 27 01:28:23 UTC 2018
2 ms. Memory: 208384K Free: 198471K (95%)
ptolemy.util.test.WatchDog.cancel(): canceling Wed Jun 27 01:28:23 UTC 2018
auto.tcl: Setting watchdog for 200 seconds at Wed Jun 27 01:28:23 UTC 2018
1 ms. Memory: 208384K Free: 198133K (95%)
ptolemy.util.test.WatchDog.cancel(): canceling Wed Jun 27 01:28:23 UTC 2018
------------------ testing $PTII/ptolemy/domains/de/test/auto/DepthTest4.xml
auto.tcl: Setting watchdog for 200 seconds at Wed Jun 27 01:28:23 UTC 2018
8 ms. Memory: 208384K Free: 196114K (94%)
ptolemy.util.test.WatchDog.cancel(): canceling Wed Jun 27 01:28:23 UTC 2018
auto.tcl: Setting watchdog for 200 seconds at Wed Jun 27 01:28:23 UTC 2018
2 ms. Memory: 208384K Free: 196114K (94%)
ptolemy.util.test.WatchDog.cancel(): canceling Wed Jun 27 01:28:23 UTC 2018
------------------ testing $PTII/ptolemy/domains/de/test/auto/DepthTest5.xml
auto.tcl: Setting watchdog for 200 seconds at Wed Jun 27 01:28:23 UTC 2018
3 ms. Memory: 208384K Free: 196061K (94%)
ptolemy.util.test.WatchDog.cancel(): canceling Wed Jun 27 01:28:23 UTC 2018
auto.tcl: Setting watchdog for 200 seconds at Wed Jun 27 01:28:23 UTC 2018
2 ms. Memory: 208384K Free: 196061K (94%)
ptolemy.util.test.WatchDog.cancel(): canceling Wed Jun 27 01:28:23 UTC 2018
------------------ testing $PTII/ptolemy/domains/de/test/auto/DepthTest6.xml
auto.tcl: Setting watchdog for 200 seconds at Wed Jun 27 01:28:23 UTC 2018
16 ms. Memory: 208384K Free: 196030K (94%)
ptolemy.util.test.WatchDog.cancel(): canceling Wed Jun 27 01:28:23 UTC 2018
auto.tcl: Setting watchdog for 200 seconds at Wed Jun 27 01:28:23 UTC 2018
3 ms. Memory: 208384K Free: 196030K (94%)
ptolemy.util.test.WatchDog.cancel(): canceling Wed Jun 27 01:28:23 UTC 2018
------------------ testing $PTII/ptolemy/domains/de/test/auto/DepthTest7.xml
auto.tcl: Setting watchdog for 200 seconds at Wed Jun 27 01:28:23 UTC 2018
5 ms. Memory: 208384K Free: 196018K (94%)
ptolemy.util.test.WatchDog.cancel(): canceling Wed Jun 27 01:28:23 UTC 2018
auto.tcl: Setting watchdog for 200 seconds at Wed Jun 27 01:28:23 UTC 2018
2 ms. Memory: 208384K Free: 196018K (94%)
ptolemy.util.test.WatchDog.cancel(): canceling Wed Jun 27 01:28:23 UTC 2018
------------------ testing $PTII/ptolemy/domains/de/test/auto/EventToDate.xml
auto.tcl: Setting watchdog for 200 seconds at Wed Jun 27 01:28:23 UTC 2018
3009 ms. Memory: 208384K Free: 185506K (89%)
ptolemy.util.test.WatchDog.cancel(): canceling Wed Jun 27 01:28:26 UTC 2018
auto.tcl: Setting watchdog for 200 seconds at Wed Jun 27 01:28:26 UTC 2018
3004 ms. Memory: 208384K Free: 185506K (89%)
ptolemy.util.test.WatchDog.cancel(): canceling Wed Jun 27 01:28:29 UTC 2018
------------------ testing $PTII/ptolemy/domains/de/test/auto/FSM1.xml
auto.tcl: Setting watchdog for 200 seconds at Wed Jun 27 01:28:29 UTC 2018
47 ms. Memory: 208384K Free: 189056K (91%)
ptolemy.util.test.WatchDog.cancel(): canceling Wed Jun 27 01:28:29 UTC 2018
auto.tcl: Setting watchdog for 200 seconds at Wed Jun 27 01:28:29 UTC 2018
22 ms. Memory: 208384K Free: 184842K (89%)
ptolemy.util.test.WatchDog.cancel(): canceling Wed Jun 27 01:28:29 UTC 2018
------------------ testing $PTII/ptolemy/domains/de/test/auto/FSM7.xml
auto.tcl: Setting watchdog for 200 seconds at Wed Jun 27 01:28:30 UTC 2018
22 ms. Memory: 208384K Free: 187152K (90%)
ptolemy.util.test.WatchDog.cancel(): canceling Wed Jun 27 01:28:30 UTC 2018
auto.tcl: Setting watchdog for 200 seconds at Wed Jun 27 01:28:30 UTC 2018
18 ms. Memory: 208384K Free: 185045K (89%)
ptolemy.util.test.WatchDog.cancel(): canceling Wed Jun 27 01:28:30 UTC 2018
------------------ testing $PTII/ptolemy/domains/de/test/auto/Inspection.xml
auto.tcl: Setting watchdog for 200 seconds at Wed Jun 27 01:28:30 UTC 2018
39 ms. Memory: 208384K Free: 188703K (91%)
ptolemy.util.test.WatchDog.cancel(): canceling Wed Jun 27 01:28:30 UTC 2018
auto.tcl: Setting watchdog for 200 seconds at Wed Jun 27 01:28:30 UTC 2018
25 ms. Memory: 208384K Free: 186596K (90%)
ptolemy.util.test.WatchDog.cancel(): canceling Wed Jun 27 01:28:30 UTC 2018
------------------ testing $PTII/ptolemy/domains/de/test/auto/Iteration.xml
auto.tcl: Setting watchdog for 200 seconds at Wed Jun 27 01:28:30 UTC 2018
8 ms. Memory: 208384K Free: 195824K (94%)
ptolemy.util.test.WatchDog.cancel(): canceling Wed Jun 27 01:28:30 UTC 2018
auto.tcl: Setting watchdog for 200 seconds at Wed Jun 27 01:28:30 UTC 2018
14 ms. Memory: 208384K Free: 193717K (93%)
ptolemy.util.test.WatchDog.cancel(): canceling Wed Jun 27 01:28:30 UTC 2018
------------------ testing $PTII/ptolemy/domains/de/test/auto/LineFault.xml
auto.tcl: Setting watchdog for 200 seconds at Wed Jun 27 01:28:30 UTC 2018
738 ms. Memory: 208384K Free: 195999K (94%)
ptolemy.util.test.WatchDog.cancel(): canceling Wed Jun 27 01:28:31 UTC 2018
auto.tcl: Setting watchdog for 200 seconds at Wed Jun 27 01:28:31 UTC 2018
620 ms. Memory: 208384K Free: 138477K (66%)
ptolemy.util.test.WatchDog.cancel(): canceling Wed Jun 27 01:28:32 UTC 2018
------------------ testing $PTII/ptolemy/domains/de/test/auto/MergeModel1Add.xml
auto.tcl: Setting watchdog for 200 seconds at Wed Jun 27 01:28:32 UTC 2018
14 ms. Memory: 331264K Free: 298647K (90%)
ptolemy.util.test.WatchDog.cancel(): canceling Wed Jun 27 01:28:32 UTC 2018
auto.tcl: Setting watchdog for 200 seconds at Wed Jun 27 01:28:32 UTC 2018
8 ms. Memory: 331264K Free: 298647K (90%)
ptolemy.util.test.WatchDog.cancel(): canceling Wed Jun 27 01:28:32 UTC 2018
------------------ testing $PTII/ptolemy/domains/de/test/auto/MergeModel2Add.xml
auto.tcl: Setting watchdog for 200 seconds at Wed Jun 27 01:28:32 UTC 2018
10 ms. Memory: 331264K Free: 303935K (92%)
ptolemy.util.test.WatchDog.cancel(): canceling Wed Jun 27 01:28:32 UTC 2018
auto.tcl: Setting watchdog for 200 seconds at Wed Jun 27 01:28:32 UTC 2018
14 ms. Memory: 331264K Free: 299985K (91%)
ptolemy.util.test.WatchDog.cancel(): canceling Wed Jun 27 01:28:32 UTC 2018
------------------ testing $PTII/ptolemy/domains/de/test/auto/MergeModel3Add.xml
auto.tcl: Setting watchdog for 200 seconds at Wed Jun 27 01:28:32 UTC 2018
10 ms. Memory: 331264K Free: 303945K (92%)
ptolemy.util.test.WatchDog.cancel(): canceling Wed Jun 27 01:28:32 UTC 2018
auto.tcl: Setting watchdog for 200 seconds at Wed Jun 27 01:28:32 UTC 2018
9 ms. Memory: 331264K Free: 299996K (91%)
ptolemy.util.test.WatchDog.cancel(): canceling Wed Jun 27 01:28:32 UTC 2018
------------------ testing $PTII/ptolemy/domains/de/test/auto/MergeWithoutDiscard.xml
auto.tcl: Setting watchdog for 200 seconds at Wed Jun 27 01:28:32 UTC 2018
2 ms. Memory: 331264K Free: 320024K (97%)
ptolemy.util.test.WatchDog.cancel(): canceling Wed Jun 27 01:28:32 UTC 2018
auto.tcl: Setting watchdog for 200 seconds at Wed Jun 27 01:28:32 UTC 2018
1 ms. Memory: 331264K Free: 316075K (95%)
ptolemy.util.test.WatchDog.cancel(): canceling Wed Jun 27 01:28:32 UTC 2018
------------------ testing $PTII/ptolemy/domains/de/test/auto/Modal1.xml
auto.tcl: Setting watchdog for 200 seconds at Wed Jun 27 01:28:32 UTC 2018
19 ms. Memory: 331264K Free: 309689K (93%)
ptolemy.util.test.WatchDog.cancel(): canceling Wed Jun 27 01:28:32 UTC 2018
auto.tcl: Setting watchdog for 200 seconds at Wed Jun 27 01:28:32 UTC 2018
16 ms. Memory: 331264K Free: 305740K (92%)
ptolemy.util.test.WatchDog.cancel(): canceling Wed Jun 27 01:28:32 UTC 2018
------------------ testing $PTII/ptolemy/domains/de/test/auto/Modal2.xml
auto.tcl: Setting watchdog for 200 seconds at Wed Jun 27 01:28:32 UTC 2018
10 ms. Memory: 331264K Free: 309555K (93%)
ptolemy.util.test.WatchDog.cancel(): canceling Wed Jun 27 01:28:32 UTC 2018
auto.tcl: Setting watchdog for 200 seconds at Wed Jun 27 01:28:32 UTC 2018
10 ms. Memory: 331264K Free: 305606K (92%)
ptolemy.util.test.WatchDog.cancel(): canceling Wed Jun 27 01:28:32 UTC 2018
------------------ testing $PTII/ptolemy/domains/de/test/auto/Modal3.xml
auto.tcl: Setting watchdog for 200 seconds at Wed Jun 27 01:28:32 UTC 2018
16 ms. Memory: 331264K Free: 309561K (93%)
ptolemy.util.test.WatchDog.cancel(): canceling Wed Jun 27 01:28:32 UTC 2018
auto.tcl: Setting watchdog for 200 seconds at Wed Jun 27 01:28:32 UTC 2018
14 ms. Memory: 331264K Free: 305612K (92%)
ptolemy.util.test.WatchDog.cancel(): canceling Wed Jun 27 01:28:32 UTC 2018
------------------ testing $PTII/ptolemy/domains/de/test/auto/Modal4.xml
auto.tcl: Setting watchdog for 200 seconds at Wed Jun 27 01:28:32 UTC 2018
12 ms. Memory: 331264K Free: 309567K (93%)
ptolemy.util.test.WatchDog.cancel(): canceling Wed Jun 27 01:28:32 UTC 2018
auto.tcl: Setting watchdog for 200 seconds at Wed Jun 27 01:28:32 UTC 2018
12 ms. Memory: 331264K Free: 305618K (92%)
ptolemy.util.test.WatchDog.cancel(): canceling Wed Jun 27 01:28:32 UTC 2018
------------------ testing $PTII/ptolemy/domains/de/test/auto/Modal5.xml
auto.tcl: Setting watchdog for 200 seconds at Wed Jun 27 01:28:32 UTC 2018
15 ms. Memory: 331264K Free: 309554K (93%)
ptolemy.util.test.WatchDog.cancel(): canceling Wed Jun 27 01:28:33 UTC 2018
auto.tcl: Setting watchdog for 200 seconds at Wed Jun 27 01:28:33 UTC 2018
12 ms. Memory: 331264K Free: 305605K (92%)
ptolemy.util.test.WatchDog.cancel(): canceling Wed Jun 27 01:28:33 UTC 2018
------------------ testing $PTII/ptolemy/domains/de/test/auto/Modal6.xml
auto.tcl: Setting watchdog for 200 seconds at Wed Jun 27 01:28:33 UTC 2018
10 ms. Memory: 331264K Free: 309551K (93%)
ptolemy.util.test.WatchDog.cancel(): canceling Wed Jun 27 01:28:33 UTC 2018
auto.tcl: Setting watchdog for 200 seconds at Wed Jun 27 01:28:33 UTC 2018
11 ms. Memory: 331264K Free: 305602K (92%)
ptolemy.util.test.WatchDog.cancel(): canceling Wed Jun 27 01:28:33 UTC 2018
------------------ testing $PTII/ptolemy/domains/de/test/auto/Modal7.xml
auto.tcl: Setting watchdog for 200 seconds at Wed Jun 27 01:28:33 UTC 2018
17 ms. Memory: 331264K Free: 309551K (93%)
ptolemy.util.test.WatchDog.cancel(): canceling Wed Jun 27 01:28:33 UTC 2018
auto.tcl: Setting watchdog for 200 seconds at Wed Jun 27 01:28:33 UTC 2018
10 ms. Memory: 331264K Free: 305602K (92%)
ptolemy.util.test.WatchDog.cancel(): canceling Wed Jun 27 01:28:33 UTC 2018
------------------ testing $PTII/ptolemy/domains/de/test/auto/ModalModel.xml
auto.tcl: Setting watchdog for 200 seconds at Wed Jun 27 01:28:33 UTC 2018
179 ms. Memory: 331264K Free: 246061K (74%)
ptolemy.util.test.WatchDog.cancel(): canceling Wed Jun 27 01:28:33 UTC 2018
auto.tcl: Setting watchdog for 200 seconds at Wed Jun 27 01:28:33 UTC 2018
178 ms. Memory: 331264K Free: 190774K (58%)
ptolemy.util.test.WatchDog.cancel(): canceling Wed Jun 27 01:28:33 UTC 2018
------------------ testing $PTII/ptolemy/domains/de/test/auto/ModalSource.xml
auto.tcl: Setting watchdog for 200 seconds at Wed Jun 27 01:28:33 UTC 2018
10 ms. Memory: 331264K Free: 316526K (96%)
ptolemy.util.test.WatchDog.cancel(): canceling Wed Jun 27 01:28:33 UTC 2018
auto.tcl: Setting watchdog for 200 seconds at Wed Jun 27 01:28:33 UTC 2018
6 ms. Memory: 331264K Free: 313010K (94%)
ptolemy.util.test.WatchDog.cancel(): canceling Wed Jun 27 01:28:33 UTC 2018
------------------ testing $PTII/ptolemy/domains/de/test/auto/NonInterruptibleTimerZeroDelay.xml
auto.tcl: Setting watchdog for 200 seconds at Wed Jun 27 01:28:33 UTC 2018
3 ms. Memory: 331264K Free: 320695K (97%)
ptolemy.util.test.WatchDog.cancel(): canceling Wed Jun 27 01:28:33 UTC 2018
auto.tcl: Setting watchdog for 200 seconds at Wed Jun 27 01:28:33 UTC 2018
2 ms. Memory: 331264K Free: 317179K (96%)
ptolemy.util.test.WatchDog.cancel(): canceling Wed Jun 27 01:28:33 UTC 2018
------------------ testing $PTII/ptolemy/domains/de/test/auto/OpenQueueingNetwork.xml
auto.tcl: Setting watchdog for 200 seconds at Wed Jun 27 01:28:33 UTC 2018
2884 ms. Memory: 317952K Free: 147394K (46%)
ptolemy.util.test.WatchDog.cancel(): canceling Wed Jun 27 01:28:36 UTC 2018
auto.tcl: Setting watchdog for 200 seconds at Wed Jun 27 01:28:36 UTC 2018
2415 ms. Memory: 287232K Free: 217810K (76%)
ptolemy.util.test.WatchDog.cancel(): canceling Wed Jun 27 01:28:39 UTC 2018
------------------ testing $PTII/ptolemy/domains/de/test/auto/OpenQueuingNetwork.xml
auto.tcl: Setting watchdog for 200 seconds at Wed Jun 27 01:28:39 UTC 2018
253 ms. Memory: 287232K Free: 187622K (65%)
ptolemy.util.test.WatchDog.cancel(): canceling Wed Jun 27 01:28:39 UTC 2018
auto.tcl: Setting watchdog for 200 seconds at Wed Jun 27 01:28:39 UTC 2018
224 ms. Memory: 287232K Free: 127791K (44%)
ptolemy.util.test.WatchDog.cancel(): canceling Wed Jun 27 01:28:39 UTC 2018
------------------ testing $PTII/ptolemy/domains/de/test/auto/PeriodicSampler.xml
auto.tcl: Setting watchdog for 200 seconds at Wed Jun 27 01:28:39 UTC 2018
2 ms. Memory: 289792K Free: 274707K (95%)
ptolemy.util.test.WatchDog.cancel(): canceling Wed Jun 27 01:28:40 UTC 2018
auto.tcl: Setting watchdog for 200 seconds at Wed Jun 27 01:28:40 UTC 2018
1 ms. Memory: 289792K Free: 274707K (95%)
ptolemy.util.test.WatchDog.cancel(): canceling Wed Jun 27 01:28:40 UTC 2018
------------------ testing $PTII/ptolemy/domains/de/test/auto/PersistentIO.xml
auto.tcl: Setting watchdog for 200 seconds at Wed Jun 27 01:28:40 UTC 2018
4 ms. Memory: 287232K Free: 266984K (93%)
ptolemy.util.test.WatchDog.cancel(): canceling Wed Jun 27 01:28:40 UTC 2018
auto.tcl: Setting watchdog for 200 seconds at Wed Jun 27 01:28:40 UTC 2018
4 ms. Memory: 287232K Free: 266984K (93%)
ptolemy.util.test.WatchDog.cancel(): canceling Wed Jun 27 01:28:40 UTC 2018
------------------ testing $PTII/ptolemy/domains/de/test/auto/PortParameterResetOnInitialize.xml
auto.tcl: Setting watchdog for 200 seconds at Wed Jun 27 01:28:40 UTC 2018
2 ms. Memory: 289280K Free: 274562K (95%)
ptolemy.util.test.WatchDog.cancel(): canceling Wed Jun 27 01:28:40 UTC 2018
auto.tcl: Setting watchdog for 200 seconds at Wed Jun 27 01:28:40 UTC 2018
1 ms. Memory: 289280K Free: 274562K (95%)
ptolemy.util.test.WatchDog.cancel(): canceling Wed Jun 27 01:28:40 UTC 2018
------------------ testing $PTII/ptolemy/domains/de/test/auto/PortParameterUpdates.xml
auto.tcl: Setting watchdog for 200 seconds at Wed Jun 27 01:28:40 UTC 2018
5 ms. Memory: 287232K Free: 274705K (96%)
ptolemy.util.test.WatchDog.cancel(): canceling Wed Jun 27 01:28:40 UTC 2018
auto.tcl: Setting watchdog for 200 seconds at Wed Jun 27 01:28:40 UTC 2018
4 ms. Memory: 287232K Free: 271813K (95%)
ptolemy.util.test.WatchDog.cancel(): canceling Wed Jun 27 01:28:40 UTC 2018
------------------ testing $PTII/ptolemy/domains/de/test/auto/QueueAndServer.xml
auto.tcl: Setting watchdog for 200 seconds at Wed Jun 27 01:28:40 UTC 2018
18 ms. Memory: 289280K Free: 273824K (95%)
ptolemy.util.test.WatchDog.cancel(): canceling Wed Jun 27 01:28:40 UTC 2018
auto.tcl: Setting watchdog for 200 seconds at Wed Jun 27 01:28:40 UTC 2018
6 ms. Memory: 289280K Free: 273824K (95%)
ptolemy.util.test.WatchDog.cancel(): canceling Wed Jun 27 01:28:40 UTC 2018
------------------ testing $PTII/ptolemy/domains/de/test/auto/Records.xml
auto.tcl: Setting watchdog for 200 seconds at Wed Jun 27 01:28:40 UTC 2018
7 ms. Memory: 287232K Free: 274610K (96%)
ptolemy.util.test.WatchDog.cancel(): canceling Wed Jun 27 01:28:40 UTC 2018
auto.tcl: Setting watchdog for 200 seconds at Wed Jun 27 01:28:40 UTC 2018
2 ms. Memory: 287232K Free: 274610K (96%)
ptolemy.util.test.WatchDog.cancel(): canceling Wed Jun 27 01:28:40 UTC 2018
------------------ testing $PTII/ptolemy/domains/de/test/auto/ResetTransitionWithStartTime1.xml
auto.tcl: Setting watchdog for 200 seconds at Wed Jun 27 01:28:40 UTC 2018
11 ms. Memory: 288768K Free: 273295K (95%)
ptolemy.util.test.WatchDog.cancel(): canceling Wed Jun 27 01:28:40 UTC 2018
auto.tcl: Setting watchdog for 200 seconds at Wed Jun 27 01:28:40 UTC 2018
6 ms. Memory: 288768K Free: 270402K (94%)
ptolemy.util.test.WatchDog.cancel(): canceling Wed Jun 27 01:28:40 UTC 2018
------------------ testing $PTII/ptolemy/domains/de/test/auto/ResetTransitionWithStartTime2.xml
auto.tcl: Setting watchdog for 200 seconds at Wed Jun 27 01:28:40 UTC 2018
6 ms. Memory: 287232K Free: 271851K (95%)
ptolemy.util.test.WatchDog.cancel(): canceling Wed Jun 27 01:28:40 UTC 2018
auto.tcl: Setting watchdog for 200 seconds at Wed Jun 27 01:28:40 UTC 2018
5 ms. Memory: 287232K Free: 268958K (94%)
ptolemy.util.test.WatchDog.cancel(): canceling Wed Jun 27 01:28:40 UTC 2018
------------------ testing $PTII/ptolemy/domains/de/test/auto/ResetTransitionWithStartTime3.xml
auto.tcl: Setting watchdog for 200 seconds at Wed Jun 27 01:28:40 UTC 2018
5 ms. Memory: 288768K Free: 273284K (95%)
ptolemy.util.test.WatchDog.cancel(): canceling Wed Jun 27 01:28:40 UTC 2018
auto.tcl: Setting watchdog for 200 seconds at Wed Jun 27 01:28:40 UTC 2018
5 ms. Memory: 288768K Free: 270391K (94%)
ptolemy.util.test.WatchDog.cancel(): canceling Wed Jun 27 01:28:40 UTC 2018
------------------ testing $PTII/ptolemy/domains/de/test/auto/ResetTransitionWithStartTime4.xml
auto.tcl: Setting watchdog for 200 seconds at Wed Jun 27 01:28:40 UTC 2018
4 ms. Memory: 287232K Free: 271841K (95%)
ptolemy.util.test.WatchDog.cancel(): canceling Wed Jun 27 01:28:40 UTC 2018
auto.tcl: Setting watchdog for 200 seconds at Wed Jun 27 01:28:40 UTC 2018
3 ms. Memory: 287232K Free: 271841K (95%)
ptolemy.util.test.WatchDog.cancel(): canceling Wed Jun 27 01:28:40 UTC 2018
------------------ testing $PTII/ptolemy/domains/de/test/auto/ResettableTimer1.xml
auto.tcl: Setting watchdog for 200 seconds at Wed Jun 27 01:28:40 UTC 2018
4 ms. Memory: 288768K Free: 274082K (95%)
ptolemy.util.test.WatchDog.cancel(): canceling Wed Jun 27 01:28:40 UTC 2018
auto.tcl: Setting watchdog for 200 seconds at Wed Jun 27 01:28:40 UTC 2018
2 ms. Memory: 288768K Free: 274082K (95%)
ptolemy.util.test.WatchDog.cancel(): canceling Wed Jun 27 01:28:40 UTC 2018
------------------ testing $PTII/ptolemy/domains/de/test/auto/ResettableTimer2.xml
auto.tcl: Setting watchdog for 200 seconds at Wed Jun 27 01:28:40 UTC 2018
4 ms. Memory: 287232K Free: 274771K (96%)
ptolemy.util.test.WatchDog.cancel(): canceling Wed Jun 27 01:28:40 UTC 2018
auto.tcl: Setting watchdog for 200 seconds at Wed Jun 27 01:28:40 UTC 2018
2 ms. Memory: 287232K Free: 274771K (96%)
ptolemy.util.test.WatchDog.cancel(): canceling Wed Jun 27 01:28:40 UTC 2018
------------------ testing $PTII/ptolemy/domains/de/test/auto/ResettableTimer3.xml
auto.tcl: Setting watchdog for 200 seconds at Wed Jun 27 01:28:40 UTC 2018
1 ms. Memory: 288256K Free: 273627K (95%)
ptolemy.util.test.WatchDog.cancel(): canceling Wed Jun 27 01:28:40 UTC 2018
auto.tcl: Setting watchdog for 200 seconds at Wed Jun 27 01:28:40 UTC 2018
1 ms. Memory: 288256K Free: 273627K (95%)
ptolemy.util.test.WatchDog.cancel(): canceling Wed Jun 27 01:28:40 UTC 2018
------------------ testing $PTII/ptolemy/domains/de/test/auto/ResettableTimer4.xml
auto.tcl: Setting watchdog for 200 seconds at Wed Jun 27 01:28:40 UTC 2018
1 ms. Memory: 287232K Free: 274775K (96%)
ptolemy.util.test.WatchDog.cancel(): canceling Wed Jun 27 01:28:40 UTC 2018
auto.tcl: Setting watchdog for 200 seconds at Wed Jun 27 01:28:40 UTC 2018
1 ms. Memory: 287232K Free: 274775K (96%)
ptolemy.util.test.WatchDog.cancel(): canceling Wed Jun 27 01:28:40 UTC 2018
------------------ testing $PTII/ptolemy/domains/de/test/auto/ResettableTimer5.xml
auto.tcl: Setting watchdog for 200 seconds at Wed Jun 27 01:28:40 UTC 2018
2 ms. Memory: 288256K Free: 273755K (95%)
ptolemy.util.test.WatchDog.cancel(): canceling Wed Jun 27 01:28:40 UTC 2018
auto.tcl: Setting watchdog for 200 seconds at Wed Jun 27 01:28:40 UTC 2018
1 ms. Memory: 288256K Free: 273755K (95%)
ptolemy.util.test.WatchDog.cancel(): canceling Wed Jun 27 01:28:40 UTC 2018
------------------ testing $PTII/ptolemy/domains/de/test/auto/ResettableTimer6.xml
auto.tcl: Setting watchdog for 200 seconds at Wed Jun 27 01:28:40 UTC 2018
1 ms. Memory: 287232K Free: 272564K (95%)
ptolemy.util.test.WatchDog.cancel(): canceling Wed Jun 27 01:28:41 UTC 2018
auto.tcl: Setting watchdog for 200 seconds at Wed Jun 27 01:28:41 UTC 2018
1 ms. Memory: 287232K Free: 272564K (95%)
ptolemy.util.test.WatchDog.cancel(): canceling Wed Jun 27 01:28:41 UTC 2018
------------------ testing $PTII/ptolemy/domains/de/test/auto/ServerZeroDelay.xml
auto.tcl: Setting watchdog for 200 seconds at Wed Jun 27 01:28:41 UTC 2018
2 ms. Memory: 288256K Free: 275746K (96%)
ptolemy.util.test.WatchDog.cancel(): canceling Wed Jun 27 01:28:41 UTC 2018
auto.tcl: Setting watchdog for 200 seconds at Wed Jun 27 01:28:41 UTC 2018
2 ms. Memory: 288256K Free: 275746K (96%)
ptolemy.util.test.WatchDog.cancel(): canceling Wed Jun 27 01:28:41 UTC 2018
------------------ testing $PTII/ptolemy/domains/de/test/auto/SmartSender.xml
auto.tcl: Setting watchdog for 200 seconds at Wed Jun 27 01:28:41 UTC 2018
3002 ms. Memory: 287232K Free: 272667K (95%)
ptolemy.util.test.WatchDog.cancel(): canceling Wed Jun 27 01:28:44 UTC 2018
auto.tcl: Setting watchdog for 200 seconds at Wed Jun 27 01:28:44 UTC 2018
3001 ms. Memory: 287232K Free: 272667K (95%)
ptolemy.util.test.WatchDog.cancel(): canceling Wed Jun 27 01:28:47 UTC 2018
------------------ testing $PTII/ptolemy/domains/de/test/auto/ThreadedComposite.xml
auto.tcl: Setting watchdog for 200 seconds at Wed Jun 27 01:28:47 UTC 2018
191 ms. Memory: 288256K Free: 252591K (88%)
ptolemy.util.test.WatchDog.cancel(): canceling Wed Jun 27 01:28:47 UTC 2018
auto.tcl: Setting watchdog for 200 seconds at Wed Jun 27 01:28:47 UTC 2018
98 ms. Memory: 288256K Free: 234488K (81%)
ptolemy.util.test.WatchDog.cancel(): canceling Wed Jun 27 01:28:47 UTC 2018
------------------ testing $PTII/ptolemy/domains/de/test/auto/Time.xml
auto.tcl: Setting watchdog for 200 seconds at Wed Jun 27 01:28:47 UTC 2018
508 ms. Memory: 287232K Free: 218768K (76%)
ptolemy.util.test.WatchDog.cancel(): canceling Wed Jun 27 01:28:48 UTC 2018
auto.tcl: Setting watchdog for 200 seconds at Wed Jun 27 01:28:48 UTC 2018
488 ms. Memory: 287232K Free: 159991K (56%)
ptolemy.util.test.WatchDog.cancel(): canceling Wed Jun 27 01:28:48 UTC 2018
------------------ testing $PTII/ptolemy/domains/de/test/auto/TimeDelayZeroDelay.xml
auto.tcl: Setting watchdog for 200 seconds at Wed Jun 27 01:28:48 UTC 2018
1 ms. Memory: 287744K Free: 275735K (96%)
ptolemy.util.test.WatchDog.cancel(): canceling Wed Jun 27 01:28:48 UTC 2018
auto.tcl: Setting watchdog for 200 seconds at Wed Jun 27 01:28:48 UTC 2018
2 ms. Memory: 287744K Free: 275735K (96%)
ptolemy.util.test.WatchDog.cancel(): canceling Wed Jun 27 01:28:48 UTC 2018
------------------ testing $PTII/ptolemy/domains/de/test/auto/TimerZeroDelay.xml
auto.tcl: Setting watchdog for 200 seconds at Wed Jun 27 01:28:48 UTC 2018
4 ms. Memory: 287232K Free: 275333K (96%)
ptolemy.util.test.WatchDog.cancel(): canceling Wed Jun 27 01:28:48 UTC 2018
auto.tcl: Setting watchdog for 200 seconds at Wed Jun 27 01:28:48 UTC 2018
2 ms. Memory: 287232K Free: 275333K (96%)
ptolemy.util.test.WatchDog.cancel(): canceling Wed Jun 27 01:28:48 UTC 2018
------------------ testing $PTII/ptolemy/domains/de/test/auto/TimingParadox.xml
auto.tcl: Setting watchdog for 200 seconds at Wed Jun 27 01:28:48 UTC 2018
315 ms. Memory: 287744K Free: 208081K (72%)
ptolemy.util.test.WatchDog.cancel(): canceling Wed Jun 27 01:28:49 UTC 2018
auto.tcl: Setting watchdog for 200 seconds at Wed Jun 27 01:28:49 UTC 2018
306 ms. Memory: 287744K Free: 169845K (59%)
ptolemy.util.test.WatchDog.cancel(): canceling Wed Jun 27 01:28:49 UTC 2018
------------------ testing $PTII/ptolemy/domains/de/test/auto/TransferInputs.xml
auto.tcl: Setting watchdog for 200 seconds at Wed Jun 27 01:28:49 UTC 2018
2 ms. Memory: 287744K Free: 274723K (95%)
ptolemy.util.test.WatchDog.cancel(): canceling Wed Jun 27 01:28:49 UTC 2018
auto.tcl: Setting watchdog for 200 seconds at Wed Jun 27 01:28:49 UTC 2018
1 ms. Memory: 287744K Free: 274723K (95%)
ptolemy.util.test.WatchDog.cancel(): canceling Wed Jun 27 01:28:49 UTC 2018
------------------ testing $PTII/ptolemy/domains/de/test/auto/TransferOutputs2.xml
auto.tcl: Setting watchdog for 200 seconds at Wed Jun 27 01:28:49 UTC 2018
3 ms. Memory: 287232K Free: 272756K (95%)
ptolemy.util.test.WatchDog.cancel(): canceling Wed Jun 27 01:28:49 UTC 2018
auto.tcl: Setting watchdog for 200 seconds at Wed Jun 27 01:28:49 UTC 2018
3 ms. Memory: 287232K Free: 270175K (94%)
ptolemy.util.test.WatchDog.cancel(): canceling Wed Jun 27 01:28:49 UTC 2018
------------------ testing $PTII/ptolemy/domains/de/test/auto/Trilateration.xml
auto.tcl: Setting watchdog for 200 seconds at Wed Jun 27 01:28:49 UTC 2018
13553 ms. Memory: 473088K Free: 158339K (33%)
ptolemy.util.test.WatchDog.cancel(): canceling Wed Jun 27 01:29:04 UTC 2018
auto.tcl: Setting watchdog for 200 seconds at Wed Jun 27 01:29:04 UTC 2018
10708 ms. Memory: 352256K Free: 93608K (27%)
ptolemy.util.test.WatchDog.cancel(): canceling Wed Jun 27 01:29:14 UTC 2018
------------------ testing $PTII/ptolemy/domains/de/test/auto/TwoSigmaDelta.xml
auto.tcl: Setting watchdog for 200 seconds at Wed Jun 27 01:29:15 UTC 2018
2694 ms. Memory: 339968K Free: 298260K (88%)
ptolemy.util.test.WatchDog.cancel(): canceling Wed Jun 27 01:29:17 UTC 2018
auto.tcl: Setting watchdog for 200 seconds at Wed Jun 27 01:29:17 UTC 2018
1986 ms. Memory: 326144K Free: 305128K (94%)
ptolemy.util.test.WatchDog.cancel(): canceling Wed Jun 27 01:29:19 UTC 2018
------------------ testing $PTII/ptolemy/domains/de/test/auto/VariableDelay.xml
auto.tcl: Setting watchdog for 200 seconds at Wed Jun 27 01:29:19 UTC 2018
3 ms. Memory: 328192K Free: 314366K (96%)
ptolemy.util.test.WatchDog.cancel(): canceling Wed Jun 27 01:29:19 UTC 2018
auto.tcl: Setting watchdog for 200 seconds at Wed Jun 27 01:29:19 UTC 2018
2 ms. Memory: 328192K Free: 310690K (95%)
ptolemy.util.test.WatchDog.cancel(): canceling Wed Jun 27 01:29:19 UTC 2018
------------------ testing $PTII/ptolemy/domains/de/test/auto/VariableDelay2.xml
auto.tcl: Setting watchdog for 200 seconds at Wed Jun 27 01:29:20 UTC 2018
2 ms. Memory: 326144K Free: 315175K (97%)
ptolemy.util.test.WatchDog.cancel(): canceling Wed Jun 27 01:29:20 UTC 2018
auto.tcl: Setting watchdog for 200 seconds at Wed Jun 27 01:29:20 UTC 2018
2 ms. Memory: 326144K Free: 311515K (96%)
ptolemy.util.test.WatchDog.cancel(): canceling Wed Jun 27 01:29:20 UTC 2018
------------------ testing $PTII/ptolemy/domains/de/test/auto/VariableDelayZeroDelay.xml
auto.tcl: Setting watchdog for 200 seconds at Wed Jun 27 01:29:20 UTC 2018
2 ms. Memory: 328192K Free: 314775K (96%)
ptolemy.util.test.WatchDog.cancel(): canceling Wed Jun 27 01:29:20 UTC 2018
auto.tcl: Setting watchdog for 200 seconds at Wed Jun 27 01:29:20 UTC 2018
3 ms. Memory: 328192K Free: 311115K (95%)
ptolemy.util.test.WatchDog.cancel(): canceling Wed Jun 27 01:29:20 UTC 2018
------------------ testing $PTII/ptolemy/domains/de/test/auto/VariableDelayZeroDelay2.xml
auto.tcl: Setting watchdog for 200 seconds at Wed Jun 27 01:29:20 UTC 2018
2 ms. Memory: 326144K Free: 312725K (96%)
ptolemy.util.test.WatchDog.cancel(): canceling Wed Jun 27 01:29:20 UTC 2018
auto.tcl: Setting watchdog for 200 seconds at Wed Jun 27 01:29:20 UTC 2018
2 ms. Memory: 326144K Free: 309049K (95%)
ptolemy.util.test.WatchDog.cancel(): canceling Wed Jun 27 01:29:20 UTC 2018
------------------ testing $PTII/ptolemy/domains/de/test/auto/deInCt.xml
auto.tcl: Setting watchdog for 200 seconds at Wed Jun 27 01:29:20 UTC 2018
0
1
1
0
0
0
1
1
1
1
1
0
0
0
1
1
1
0
0
1
1
1
0
0
0
1
1
1
1
1
0
0
0
0
1
1
1
1
0
0
0
0
12 ms. Memory: 327680K Free: 310594K (95%)
ptolemy.util.test.WatchDog.cancel(): canceling Wed Jun 27 01:29:20 UTC 2018
auto.tcl: Setting watchdog for 200 seconds at Wed Jun 27 01:29:20 UTC 2018
0
1
1
1
0
0
0
1
1
1
0
0
0
0
1
1
1
0
0
0
1
1
1
0
0
0
1
1
1
0
0
1
1
0
0
0
1
1
1
1
0
0
0
1
1
1
0
0
0
1
1
1
1
6 ms. Memory: 327680K Free: 310594K (95%)
ptolemy.util.test.WatchDog.cancel(): canceling Wed Jun 27 01:29:20 UTC 2018
------------------ testing $PTII/ptolemy/domains/de/test/auto/deInCt2.xml
auto.tcl: Setting watchdog for 200 seconds at Wed Jun 27 01:29:20 UTC 2018
0
1
1
1
0
0
1
1
1
0
0
1
1
1
0
0
1
1
1
0
0
1
1
1
0
0
1
1
1
0
0
1
1
1
0
0
1
1
1
0
0
0
7 ms. Memory: 326144K Free: 309062K (95%)
ptolemy.util.test.WatchDog.cancel(): canceling Wed Jun 27 01:29:20 UTC 2018
auto.tcl: Setting watchdog for 200 seconds at Wed Jun 27 01:29:20 UTC 2018
0
1
1
1
0
0
1
1
1
0
0
1
1
1
0
0
1
1
1
0
0
1
1
1
0
0
1
1
1
0
0
1
1
1
0
0
1
1
1
0
0
0
4 ms. Memory: 326144K Free: 309062K (95%)
ptolemy.util.test.WatchDog.cancel(): canceling Wed Jun 27 01:29:20 UTC 2018
------------------ testing $PTII/ptolemy/domains/de/test/auto/dynamicCausalityInterface1.xml
auto.tcl: Setting watchdog for 200 seconds at Wed Jun 27 01:29:20 UTC 2018
1 ms. Memory: 327680K Free: 306916K (94%)
ptolemy.util.test.WatchDog.cancel(): canceling Wed Jun 27 01:29:20 UTC 2018
auto.tcl: Setting watchdog for 200 seconds at Wed Jun 27 01:29:20 UTC 2018
1 ms. Memory: 327680K Free: 306916K (94%)
ptolemy.util.test.WatchDog.cancel(): canceling Wed Jun 27 01:29:20 UTC 2018
------------------ testing $PTII/ptolemy/domains/de/test/auto/fsm_de_test.xml
auto.tcl: Setting watchdog for 200 seconds at Wed Jun 27 01:29:20 UTC 2018
6 ms. Memory: 326144K Free: 305259K (94%)
ptolemy.util.test.WatchDog.cancel(): canceling Wed Jun 27 01:29:20 UTC 2018
auto.tcl: Setting watchdog for 200 seconds at Wed Jun 27 01:29:20 UTC 2018
5 ms. Memory: 326144K Free: 305259K (94%)
ptolemy.util.test.WatchDog.cancel(): canceling Wed Jun 27 01:29:20 UTC 2018
------------------ testing $PTII/ptolemy/domains/de/test/auto/functionDependencyReconstruction.xml
auto.tcl: Setting watchdog for 200 seconds at Wed Jun 27 01:29:20 UTC 2018
3 ms. Memory: 327168K Free: 298961K (91%)
ptolemy.util.test.WatchDog.cancel(): canceling Wed Jun 27 01:29:20 UTC 2018
auto.tcl: Setting watchdog for 200 seconds at Wed Jun 27 01:29:20 UTC 2018
3 ms. Memory: 327168K Free: 298961K (91%)
ptolemy.util.test.WatchDog.cancel(): canceling Wed Jun 27 01:29:20 UTC 2018
------------------ testing $PTII/ptolemy/domains/de/test/auto/multirate.xml
auto.tcl: Setting watchdog for 200 seconds at Wed Jun 27 01:29:20 UTC 2018
2 ms. Memory: 326144K Free: 308811K (95%)
ptolemy.util.test.WatchDog.cancel(): canceling Wed Jun 27 01:29:20 UTC 2018
auto.tcl: Setting watchdog for 200 seconds at Wed Jun 27 01:29:20 UTC 2018
3 ms. Memory: 326144K Free: 308811K (95%)
ptolemy.util.test.WatchDog.cancel(): canceling Wed Jun 27 01:29:20 UTC 2018
------------------ testing $PTII/ptolemy/domains/de/test/auto/multirate2.xml
auto.tcl: Setting watchdog for 200 seconds at Wed Jun 27 01:29:20 UTC 2018
3 ms. Memory: 327168K Free: 310015K (95%)
ptolemy.util.test.WatchDog.cancel(): canceling Wed Jun 27 01:29:20 UTC 2018
auto.tcl: Setting watchdog for 200 seconds at Wed Jun 27 01:29:20 UTC 2018
2 ms. Memory: 327168K Free: 310015K (95%)
ptolemy.util.test.WatchDog.cancel(): canceling Wed Jun 27 01:29:20 UTC 2018
------------------ testing $PTII/ptolemy/domains/de/test/auto/realtime.xml
auto.tcl: Setting watchdog for 200 seconds at Wed Jun 27 01:29:20 UTC 2018
10002 ms. Memory: 326144K Free: 308985K (95%)
ptolemy.util.test.WatchDog.cancel(): canceling Wed Jun 27 01:29:30 UTC 2018
auto.tcl: Setting watchdog for 200 seconds at Wed Jun 27 01:29:30 UTC 2018
10001 ms. Memory: 326144K Free: 308985K (95%)
ptolemy.util.test.WatchDog.cancel(): canceling Wed Jun 27 01:29:40 UTC 2018
------------------ testing $PTII/ptolemy/domains/de/test/auto/relationGroup.xml
auto.tcl: Setting watchdog for 200 seconds at Wed Jun 27 01:29:40 UTC 2018
1 ms. Memory: 327168K Free: 313715K (96%)
ptolemy.util.test.WatchDog.cancel(): canceling Wed Jun 27 01:29:40 UTC 2018
auto.tcl: Setting watchdog for 200 seconds at Wed Jun 27 01:29:40 UTC 2018
1 ms. Memory: 327168K Free: 313715K (96%)
ptolemy.util.test.WatchDog.cancel(): canceling Wed Jun 27 01:29:40 UTC 2018
------------------ testing $PTII/ptolemy/domains/de/test/auto/relationGroup2.xml
auto.tcl: Setting watchdog for 200 seconds at Wed Jun 27 01:29:40 UTC 2018
1 ms. Memory: 326144K Free: 312717K (96%)
ptolemy.util.test.WatchDog.cancel(): canceling Wed Jun 27 01:29:40 UTC 2018
auto.tcl: Setting watchdog for 200 seconds at Wed Jun 27 01:29:40 UTC 2018
1 ms. Memory: 326144K Free: 312717K (96%)
ptolemy.util.test.WatchDog.cancel(): canceling Wed Jun 27 01:29:40 UTC 2018
------------------ testing $PTII/ptolemy/domains/de/test/auto/sortWithOpaquePorts.xml
auto.tcl: Setting watchdog for 200 seconds at Wed Jun 27 01:29:40 UTC 2018
1 ms. Memory: 326656K Free: 313230K (96%)
ptolemy.util.test.WatchDog.cancel(): canceling Wed Jun 27 01:29:40 UTC 2018
auto.tcl: Setting watchdog for 200 seconds at Wed Jun 27 01:29:40 UTC 2018
1 ms. Memory: 326656K Free: 309554K (95%)
ptolemy.util.test.WatchDog.cancel(): canceling Wed Jun 27 01:29:40 UTC 2018
------------------ testing $PTII/ptolemy/domains/de/test/auto/transferInputsandOutputs.xml
auto.tcl: Setting watchdog for 200 seconds at Wed Jun 27 01:29:40 UTC 2018
2 ms. Memory: 326144K Free: 309043K (95%)
ptolemy.util.test.WatchDog.cancel(): canceling Wed Jun 27 01:29:40 UTC 2018
auto.tcl: Setting watchdog for 200 seconds at Wed Jun 27 01:29:40 UTC 2018
2 ms. Memory: 326144K Free: 309043K (95%)
ptolemy.util.test.WatchDog.cancel(): canceling Wed Jun 27 01:29:40 UTC 2018
------------------ testing $PTII/ptolemy/domains/de/test/auto/triggerType.xml
auto.tcl: Setting watchdog for 200 seconds at Wed Jun 27 01:29:41 UTC 2018
1 ms. Memory: 326656K Free: 313167K (96%)
ptolemy.util.test.WatchDog.cancel(): canceling Wed Jun 27 01:29:41 UTC 2018
auto.tcl: Setting watchdog for 200 seconds at Wed Jun 27 01:29:41 UTC 2018
1 ms. Memory: 326656K Free: 309507K (95%)
ptolemy.util.test.WatchDog.cancel(): canceling Wed Jun 27 01:29:41 UTC 2018
06/27/18 01:29:41
Failed: 0  Total Tests: 192  ((Passed: 187, Newly Passed: 1)  Known Failed: 5) /home/travis/build/icyphy/ptII/ptolemy/domains/de/test
06/27/18 01:29:41
Failed: 0  Total Tests: 192  ((Passed: 187, Newly Passed: 1)  Known Failed: 5) /home/travis/build/icyphy/ptII/ptolemy/domains/de/test
----------------- testing (KnownFailure) /home/travis/build/icyphy/ptII/ptolemy/domains/de/test/auto/knownFailedTests/DESDFClockTest.xml
2009 ms. Memory: 326144K Free: 302915K (93%)
Known Failure: java.lang.reflect.InvocationTargetException
----------------- testing (KnownFailure) /home/travis/build/icyphy/ptII/ptolemy/domains/de/test/auto/knownFailedTests/DirectFeedback.xml
1 ms. Memory: 326144K Free: 283336K (87%)
Known Failure: java.lang.reflect.InvocationTargetException
----------------- testing (KnownFailure) /home/travis/build/icyphy/ptII/ptolemy/domains/de/test/auto/knownFailedTests/FSMSource.xml
6 ms. Memory: 326144K Free: 258854K (79%)
----------------- testing (KnownFailure) /home/travis/build/icyphy/ptII/ptolemy/domains/de/test/auto/knownFailedTests/HierarchicalModel.xml
3 ms. Memory: 326144K Free: 234356K (72%)
Known Failure: java.lang.reflect.InvocationTargetException
----------------- testing (KnownFailure) /home/travis/build/icyphy/ptII/ptolemy/domains/de/test/auto/knownFailedTests/dependencyLoop.xml
2 ms. Memory: 326144K Free: 204971K (63%)
Known Failure: java.lang.reflect.InvocationTargetException
----------------- testing (KnownFailure) /home/travis/build/icyphy/ptII/ptolemy/domains/de/test/auto/knownFailedTests/dependencyLoop2.xml
3 ms. Memory: 326144K Free: 175587K (54%)
Known Failure: java.lang.reflect.InvocationTargetException
No auto/linux-amd64/*.xml tests in /home/travis/build/icyphy/ptII/ptolemy/domains/de/test
AutoTests.java: About to close Vertx.
AutoTests.java: Vertx closed.

===========================================================================================
----------------- testing Wed Jun 27 01:29:43 UTC 2018 /home/travis/build/icyphy/ptII/ptolemy/domains/de/test/auto/ActorDepthCalculation_actorWithoutPorts.xml
----------------- Instantiating /home/travis/build/icyphy/ptII/ptolemy/domains/de/test/auto/ActorDepthCalculation_actorWithoutPorts.xml
2 ms. Memory: 326144K Free: 146218K (45%)
----------------- Invoking toplevel() on ptolemy.moml.MoMLSimpleApplication@28bdddef
----------------- Done invoking toplevel() on ptolemy.moml.MoMLSimpleApplication@28bdddef
reloadAllAccessors: .ActorDepthCalculation_actorWithoutPorts

===========================================================================================
----------------- testing Wed Jun 27 01:29:43 UTC 2018 /home/travis/build/icyphy/ptII/ptolemy/domains/de/test/auto/AssemblyLine.xml
----------------- Instantiating /home/travis/build/icyphy/ptII/ptolemy/domains/de/test/auto/AssemblyLine.xml
2 ms. Memory: 326144K Free: 131526K (40%)
----------------- Invoking toplevel() on ptolemy.moml.MoMLSimpleApplication@6071ebf3
----------------- Done invoking toplevel() on ptolemy.moml.MoMLSimpleApplication@6071ebf3
reloadAllAccessors: .AssemblyLine

===========================================================================================
----------------- testing Wed Jun 27 01:29:43 UTC 2018 /home/travis/build/icyphy/ptII/ptolemy/domains/de/test/auto/CQBug1.xml
----------------- Instantiating /home/travis/build/icyphy/ptII/ptolemy/domains/de/test/auto/CQBug1.xml
1 ms. Memory: 326144K Free: 121736K (37%)
----------------- Invoking toplevel() on ptolemy.moml.MoMLSimpleApplication@6f53d277
----------------- Done invoking toplevel() on ptolemy.moml.MoMLSimpleApplication@6f53d277
reloadAllAccessors: .CQBug1

===========================================================================================
----------------- testing Wed Jun 27 01:29:43 UTC 2018 /home/travis/build/icyphy/ptII/ptolemy/domains/de/test/auto/CancelFireAt.xml
----------------- Instantiating /home/travis/build/icyphy/ptII/ptolemy/domains/de/test/auto/CancelFireAt.xml
2 ms. Memory: 326144K Free: 111947K (34%)
----------------- Invoking toplevel() on ptolemy.moml.MoMLSimpleApplication@6f50a452
----------------- Done invoking toplevel() on ptolemy.moml.MoMLSimpleApplication@6f50a452
reloadAllAccessors: .CancelFireAt

===========================================================================================
----------------- testing Wed Jun 27 01:29:43 UTC 2018 /home/travis/build/icyphy/ptII/ptolemy/domains/de/test/auto/CausalityAndComposabilityAnalysis.xml
----------------- Instantiating /home/travis/build/icyphy/ptII/ptolemy/domains/de/test/auto/CausalityAndComposabilityAnalysis.xml
2 ms. Memory: 326144K Free: 102157K (31%)
----------------- Invoking toplevel() on ptolemy.moml.MoMLSimpleApplication@3f3583e3
----------------- Done invoking toplevel() on ptolemy.moml.MoMLSimpleApplication@3f3583e3
reloadAllAccessors: .CausalityAndComposabilityAnalysis

===========================================================================================
----------------- testing Wed Jun 27 01:29:43 UTC 2018 /home/travis/build/icyphy/ptII/ptolemy/domains/de/test/auto/CausalityInterface1.xml
----------------- Instantiating /home/travis/build/icyphy/ptII/ptolemy/domains/de/test/auto/CausalityInterface1.xml
4 ms. Memory: 326144K Free: 92368K (28%)
----------------- Invoking toplevel() on ptolemy.moml.MoMLSimpleApplication@3398e7ce
----------------- Done invoking toplevel() on ptolemy.moml.MoMLSimpleApplication@3398e7ce
reloadAllAccessors: .CausalityInterface1

===========================================================================================
----------------- testing Wed Jun 27 01:29:43 UTC 2018 /home/travis/build/icyphy/ptII/ptolemy/domains/de/test/auto/CausalityInterface15.xml
----------------- Instantiating /home/travis/build/icyphy/ptII/ptolemy/domains/de/test/auto/CausalityInterface15.xml
1 ms. Memory: 326144K Free: 76527K (23%)
----------------- Invoking toplevel() on ptolemy.moml.MoMLSimpleApplication@3d90af99
----------------- Done invoking toplevel() on ptolemy.moml.MoMLSimpleApplication@3d90af99
reloadAllAccessors: .CausalityInterface15

===========================================================================================
----------------- testing Wed Jun 27 01:29:43 UTC 2018 /home/travis/build/icyphy/ptII/ptolemy/domains/de/test/auto/CausalityInterface2.xml
----------------- Instantiating /home/travis/build/icyphy/ptII/ptolemy/domains/de/test/auto/CausalityInterface2.xml
1 ms. Memory: 315904K Free: 301399K (95%)
----------------- Invoking toplevel() on ptolemy.moml.MoMLSimpleApplication@75750cec
----------------- Done invoking toplevel() on ptolemy.moml.MoMLSimpleApplication@75750cec
reloadAllAccessors: .CausalityInterface2

===========================================================================================
----------------- testing Wed Jun 27 01:29:43 UTC 2018 /home/travis/build/icyphy/ptII/ptolemy/domains/de/test/auto/CausalityInterface3.xml
----------------- Instantiating /home/travis/build/icyphy/ptII/ptolemy/domains/de/test/auto/CausalityInterface3.xml
3 ms. Memory: 315904K Free: 289740K (92%)
----------------- Invoking toplevel() on ptolemy.moml.MoMLSimpleApplication@49e823af
----------------- Done invoking toplevel() on ptolemy.moml.MoMLSimpleApplication@49e823af
reloadAllAccessors: .CausalityInterface3

===========================================================================================
----------------- testing Wed Jun 27 01:29:43 UTC 2018 /home/travis/build/icyphy/ptII/ptolemy/domains/de/test/auto/ClockDrift.xml
----------------- Instantiating /home/travis/build/icyphy/ptII/ptolemy/domains/de/test/auto/ClockDrift.xml
20 ms. Memory: 315904K Free: 271005K (86%)
----------------- Invoking toplevel() on ptolemy.moml.MoMLSimpleApplication@38dad1bb
----------------- Done invoking toplevel() on ptolemy.moml.MoMLSimpleApplication@38dad1bb
reloadAllAccessors: .ClockDrift

===========================================================================================
----------------- testing Wed Jun 27 01:29:43 UTC 2018 /home/travis/build/icyphy/ptII/ptolemy/domains/de/test/auto/ClockDriftAndValueChange.xml
----------------- Instantiating /home/travis/build/icyphy/ptII/ptolemy/domains/de/test/auto/ClockDriftAndValueChange.xml
10 ms. Memory: 315904K Free: 252286K (80%)
----------------- Invoking toplevel() on ptolemy.moml.MoMLSimpleApplication@75cc557
----------------- Done invoking toplevel() on ptolemy.moml.MoMLSimpleApplication@75cc557
reloadAllAccessors: .ClockDriftAndValueChange

===========================================================================================
----------------- testing Wed Jun 27 01:29:43 UTC 2018 /home/travis/build/icyphy/ptII/ptolemy/domains/de/test/auto/ClockDriftChange.xml
----------------- Instantiating /home/travis/build/icyphy/ptII/ptolemy/domains/de/test/auto/ClockDriftChange.xml
9 ms. Memory: 315904K Free: 238239K (75%)
----------------- Invoking toplevel() on ptolemy.moml.MoMLSimpleApplication@1c2f0863
----------------- Done invoking toplevel() on ptolemy.moml.MoMLSimpleApplication@1c2f0863
reloadAllAccessors: .ClockDriftChange

===========================================================================================
----------------- testing Wed Jun 27 01:29:43 UTC 2018 /home/travis/build/icyphy/ptII/ptolemy/domains/de/test/auto/ComposableCausalityAnalysis.xml
----------------- Instantiating /home/travis/build/icyphy/ptII/ptolemy/domains/de/test/auto/ComposableCausalityAnalysis.xml
1 ms. Memory: 315904K Free: 224184K (71%)
----------------- Invoking toplevel() on ptolemy.moml.MoMLSimpleApplication@45119f38
----------------- Done invoking toplevel() on ptolemy.moml.MoMLSimpleApplication@45119f38
reloadAllAccessors: .ComposableCausalityAnalysis

===========================================================================================
----------------- testing Wed Jun 27 01:29:43 UTC 2018 /home/travis/build/icyphy/ptII/ptolemy/domains/de/test/auto/DEFixedPointLimitation.xml
----------------- Instantiating /home/travis/build/icyphy/ptII/ptolemy/domains/de/test/auto/DEFixedPointLimitation.xml
1 ms. Memory: 315904K Free: 212523K (67%)
----------------- Invoking toplevel() on ptolemy.moml.MoMLSimpleApplication@4d39aab
----------------- Done invoking toplevel() on ptolemy.moml.MoMLSimpleApplication@4d39aab
reloadAllAccessors: .DEFixedPointLimitation

===========================================================================================
----------------- testing Wed Jun 27 01:29:43 UTC 2018 /home/travis/build/icyphy/ptII/ptolemy/domains/de/test/auto/DEScheduleTest.xml
----------------- Instantiating /home/travis/build/icyphy/ptII/ptolemy/domains/de/test/auto/DEScheduleTest.xml
6 ms. Memory: 315904K Free: 203164K (64%)
----------------- Invoking toplevel() on ptolemy.moml.MoMLSimpleApplication@4f648042
----------------- Done invoking toplevel() on ptolemy.moml.MoMLSimpleApplication@4f648042
reloadAllAccessors: .DEScheduleTest

===========================================================================================
----------------- testing Wed Jun 27 01:29:43 UTC 2018 /home/travis/build/icyphy/ptII/ptolemy/domains/de/test/auto/DEinDEwithStartTimes.xml
----------------- Instantiating /home/travis/build/icyphy/ptII/ptolemy/domains/de/test/auto/DEinDEwithStartTimes.xml
1 ms. Memory: 315904K Free: 189125K (60%)
----------------- Invoking toplevel() on ptolemy.moml.MoMLSimpleApplication@1080d4a8
----------------- Done invoking toplevel() on ptolemy.moml.MoMLSimpleApplication@1080d4a8
reloadAllAccessors: .DEinDEwithStartTimes

===========================================================================================
----------------- testing Wed Jun 27 01:29:43 UTC 2018 /home/travis/build/icyphy/ptII/ptolemy/domains/de/test/auto/DEinDEwithStartTimes2.xml
----------------- Instantiating /home/travis/build/icyphy/ptII/ptolemy/domains/de/test/auto/DEinDEwithStartTimes2.xml
2 ms. Memory: 315904K Free: 175070K (55%)
----------------- Invoking toplevel() on ptolemy.moml.MoMLSimpleApplication@5cd14b16
----------------- Done invoking toplevel() on ptolemy.moml.MoMLSimpleApplication@5cd14b16
reloadAllAccessors: .DEinDEwithStartTimes2

===========================================================================================
----------------- testing Wed Jun 27 01:29:43 UTC 2018 /home/travis/build/icyphy/ptII/ptolemy/domains/de/test/auto/DateDemo.xml
----------------- Instantiating /home/travis/build/icyphy/ptII/ptolemy/domains/de/test/auto/DateDemo.xml
3 ms. Memory: 315904K Free: 156335K (49%)
----------------- Invoking toplevel() on ptolemy.moml.MoMLSimpleApplication@332073fd
----------------- Done invoking toplevel() on ptolemy.moml.MoMLSimpleApplication@332073fd
reloadAllAccessors: .DateDemo

===========================================================================================
----------------- testing Wed Jun 27 01:29:43 UTC 2018 /home/travis/build/icyphy/ptII/ptolemy/domains/de/test/auto/DateToEvent.xml
----------------- Instantiating /home/travis/build/icyphy/ptII/ptolemy/domains/de/test/auto/DateToEvent.xml
2005 ms. Memory: 315904K Free: 130621K (41%)
----------------- Invoking toplevel() on ptolemy.moml.MoMLSimpleApplication@1dae7e54
----------------- Done invoking toplevel() on ptolemy.moml.MoMLSimpleApplication@1dae7e54
reloadAllAccessors: .DateToEvent

===========================================================================================
----------------- testing Wed Jun 27 01:29:45 UTC 2018 /home/travis/build/icyphy/ptII/ptolemy/domains/de/test/auto/DepthTest1.xml
----------------- Instantiating /home/travis/build/icyphy/ptII/ptolemy/domains/de/test/auto/DepthTest1.xml
1 ms. Memory: 315904K Free: 121262K (38%)
----------------- Invoking toplevel() on ptolemy.moml.MoMLSimpleApplication@19efeab4
----------------- Done invoking toplevel() on ptolemy.moml.MoMLSimpleApplication@19efeab4
reloadAllAccessors: .DepthTest1

===========================================================================================
----------------- testing Wed Jun 27 01:29:45 UTC 2018 /home/travis/build/icyphy/ptII/ptolemy/domains/de/test/auto/DepthTest2.xml
----------------- Instantiating /home/travis/build/icyphy/ptII/ptolemy/domains/de/test/auto/DepthTest2.xml
2 ms. Memory: 315904K Free: 107207K (34%)
----------------- Invoking toplevel() on ptolemy.moml.MoMLSimpleApplication@f71ab68
----------------- Done invoking toplevel() on ptolemy.moml.MoMLSimpleApplication@f71ab68
reloadAllAccessors: .DepthTest2

===========================================================================================
----------------- testing Wed Jun 27 01:29:45 UTC 2018 /home/travis/build/icyphy/ptII/ptolemy/domains/de/test/auto/DepthTest3.xml
----------------- Instantiating /home/travis/build/icyphy/ptII/ptolemy/domains/de/test/auto/DepthTest3.xml
1 ms. Memory: 315904K Free: 97847K (31%)
----------------- Invoking toplevel() on ptolemy.moml.MoMLSimpleApplication@22280102
----------------- Done invoking toplevel() on ptolemy.moml.MoMLSimpleApplication@22280102
reloadAllAccessors: .DepthTest3

===========================================================================================
----------------- testing Wed Jun 27 01:29:45 UTC 2018 /home/travis/build/icyphy/ptII/ptolemy/domains/de/test/auto/DepthTest4.xml
----------------- Instantiating /home/travis/build/icyphy/ptII/ptolemy/domains/de/test/auto/DepthTest4.xml
2 ms. Memory: 315904K Free: 88488K (28%)
----------------- Invoking toplevel() on ptolemy.moml.MoMLSimpleApplication@77a3c7d8
----------------- Done invoking toplevel() on ptolemy.moml.MoMLSimpleApplication@77a3c7d8
reloadAllAccessors: .DepthTest4

===========================================================================================
----------------- testing Wed Jun 27 01:29:45 UTC 2018 /home/travis/build/icyphy/ptII/ptolemy/domains/de/test/auto/DepthTest5.xml
----------------- Instantiating /home/travis/build/icyphy/ptII/ptolemy/domains/de/test/auto/DepthTest5.xml
4 ms. Memory: 305152K Free: 297472K (97%)
----------------- Invoking toplevel() on ptolemy.moml.MoMLSimpleApplication@5293f8c
----------------- Done invoking toplevel() on ptolemy.moml.MoMLSimpleApplication@5293f8c
reloadAllAccessors: .DepthTest5

===========================================================================================
----------------- testing Wed Jun 27 01:29:45 UTC 2018 /home/travis/build/icyphy/ptII/ptolemy/domains/de/test/auto/DepthTest6.xml
----------------- Instantiating /home/travis/build/icyphy/ptII/ptolemy/domains/de/test/auto/DepthTest6.xml
2 ms. Memory: 305152K Free: 284727K (93%)
----------------- Invoking toplevel() on ptolemy.moml.MoMLSimpleApplication@20c0fad5
----------------- Done invoking toplevel() on ptolemy.moml.MoMLSimpleApplication@20c0fad5
reloadAllAccessors: .DepthTest6

===========================================================================================
----------------- testing Wed Jun 27 01:29:45 UTC 2018 /home/travis/build/icyphy/ptII/ptolemy/domains/de/test/auto/DepthTest7.xml
----------------- Instantiating /home/travis/build/icyphy/ptII/ptolemy/domains/de/test/auto/DepthTest7.xml
1 ms. Memory: 305152K Free: 277999K (91%)
----------------- Invoking toplevel() on ptolemy.moml.MoMLSimpleApplication@6f74e919
----------------- Done invoking toplevel() on ptolemy.moml.MoMLSimpleApplication@6f74e919
reloadAllAccessors: .DepthTest7

===========================================================================================
----------------- testing Wed Jun 27 01:29:45 UTC 2018 /home/travis/build/icyphy/ptII/ptolemy/domains/de/test/auto/EventToDate.xml
----------------- Instantiating /home/travis/build/icyphy/ptII/ptolemy/domains/de/test/auto/EventToDate.xml
3006 ms. Memory: 305152K Free: 260041K (85%)
----------------- Invoking toplevel() on ptolemy.moml.MoMLSimpleApplication@4a151c55
----------------- Done invoking toplevel() on ptolemy.moml.MoMLSimpleApplication@4a151c55
reloadAllAccessors: .EventToDate

===========================================================================================
----------------- testing Wed Jun 27 01:29:48 UTC 2018 /home/travis/build/icyphy/ptII/ptolemy/domains/de/test/auto/FSM1.xml
----------------- Instantiating /home/travis/build/icyphy/ptII/ptolemy/domains/de/test/auto/FSM1.xml
8 ms. Memory: 305152K Free: 242865K (80%)
----------------- Invoking toplevel() on ptolemy.moml.MoMLSimpleApplication@5eaadc4
----------------- Done invoking toplevel() on ptolemy.moml.MoMLSimpleApplication@5eaadc4
reloadAllAccessors: .FSM1

===========================================================================================
----------------- testing Wed Jun 27 01:29:48 UTC 2018 /home/travis/build/icyphy/ptII/ptolemy/domains/de/test/auto/FSM7.xml
----------------- Instantiating /home/travis/build/icyphy/ptII/ptolemy/domains/de/test/auto/FSM7.xml
8 ms. Memory: 305152K Free: 227171K (74%)
----------------- Invoking toplevel() on ptolemy.moml.MoMLSimpleApplication@5baf17ec
----------------- Done invoking toplevel() on ptolemy.moml.MoMLSimpleApplication@5baf17ec
reloadAllAccessors: .FSM7

===========================================================================================
----------------- testing Wed Jun 27 01:29:48 UTC 2018 /home/travis/build/icyphy/ptII/ptolemy/domains/de/test/auto/Inspection.xml
----------------- Instantiating /home/travis/build/icyphy/ptII/ptolemy/domains/de/test/auto/Inspection.xml
25 ms. Memory: 305152K Free: 211476K (69%)
----------------- Invoking toplevel() on ptolemy.moml.MoMLSimpleApplication@1d0cd099
----------------- Done invoking toplevel() on ptolemy.moml.MoMLSimpleApplication@1d0cd099
reloadAllAccessors: .Inspection

===========================================================================================
----------------- testing Wed Jun 27 01:29:48 UTC 2018 /home/travis/build/icyphy/ptII/ptolemy/domains/de/test/auto/Iteration.xml
----------------- Instantiating /home/travis/build/icyphy/ptII/ptolemy/domains/de/test/auto/Iteration.xml
5 ms. Memory: 305152K Free: 201029K (66%)
----------------- Invoking toplevel() on ptolemy.moml.MoMLSimpleApplication@1ba8b84a
----------------- Done invoking toplevel() on ptolemy.moml.MoMLSimpleApplication@1ba8b84a
reloadAllAccessors: .Iteration

===========================================================================================
----------------- testing Wed Jun 27 01:29:48 UTC 2018 /home/travis/build/icyphy/ptII/ptolemy/domains/de/test/auto/LineFault.xml
----------------- Instantiating /home/travis/build/icyphy/ptII/ptolemy/domains/de/test/auto/LineFault.xml
411 ms. Memory: 305152K Free: 82227K (27%)
----------------- Invoking toplevel() on ptolemy.moml.MoMLSimpleApplication@3239faae
----------------- Done invoking toplevel() on ptolemy.moml.MoMLSimpleApplication@3239faae
reloadAllAccessors: .LineFault

===========================================================================================
----------------- testing Wed Jun 27 01:29:49 UTC 2018 /home/travis/build/icyphy/ptII/ptolemy/domains/de/test/auto/MergeModel1Add.xml
----------------- Instantiating /home/travis/build/icyphy/ptII/ptolemy/domains/de/test/auto/MergeModel1Add.xml
8 ms. Memory: 295936K Free: 274717K (93%)
----------------- Invoking toplevel() on ptolemy.moml.MoMLSimpleApplication@7739dda8
----------------- Done invoking toplevel() on ptolemy.moml.MoMLSimpleApplication@7739dda8
reloadAllAccessors: .MergeModel1Add

===========================================================================================
----------------- testing Wed Jun 27 01:29:49 UTC 2018 /home/travis/build/icyphy/ptII/ptolemy/domains/de/test/auto/MergeModel2Add.xml
----------------- Instantiating /home/travis/build/icyphy/ptII/ptolemy/domains/de/test/auto/MergeModel2Add.xml
6 ms. Memory: 295936K Free: 252291K (85%)
----------------- Invoking toplevel() on ptolemy.moml.MoMLSimpleApplication@24f6f4d9
----------------- Done invoking toplevel() on ptolemy.moml.MoMLSimpleApplication@24f6f4d9
reloadAllAccessors: .MergeModel2Add

===========================================================================================
----------------- testing Wed Jun 27 01:29:49 UTC 2018 /home/travis/build/icyphy/ptII/ptolemy/domains/de/test/auto/MergeModel3Add.xml
----------------- Instantiating /home/travis/build/icyphy/ptII/ptolemy/domains/de/test/auto/MergeModel3Add.xml
5 ms. Memory: 295936K Free: 229823K (78%)
----------------- Invoking toplevel() on ptolemy.moml.MoMLSimpleApplication@2c3134df
----------------- Done invoking toplevel() on ptolemy.moml.MoMLSimpleApplication@2c3134df
reloadAllAccessors: .MergeModel3Add

===========================================================================================
----------------- testing Wed Jun 27 01:29:49 UTC 2018 /home/travis/build/icyphy/ptII/ptolemy/domains/de/test/auto/MergeWithoutDiscard.xml
----------------- Instantiating /home/travis/build/icyphy/ptII/ptolemy/domains/de/test/auto/MergeWithoutDiscard.xml
0 ms. Memory: 295936K Free: 224108K (76%)
----------------- Invoking toplevel() on ptolemy.moml.MoMLSimpleApplication@97c7cbc
----------------- Done invoking toplevel() on ptolemy.moml.MoMLSimpleApplication@97c7cbc
reloadAllAccessors: .MergeWithoutDiscard

===========================================================================================
----------------- testing Wed Jun 27 01:29:49 UTC 2018 /home/travis/build/icyphy/ptII/ptolemy/domains/de/test/auto/Modal1.xml
----------------- Instantiating /home/travis/build/icyphy/ptII/ptolemy/domains/de/test/auto/Modal1.xml
6 ms. Memory: 295936K Free: 208768K (71%)
----------------- Invoking toplevel() on ptolemy.moml.MoMLSimpleApplication@434730b5
----------------- Done invoking toplevel() on ptolemy.moml.MoMLSimpleApplication@434730b5
reloadAllAccessors: .Modal1

===========================================================================================
----------------- testing Wed Jun 27 01:29:49 UTC 2018 /home/travis/build/icyphy/ptII/ptolemy/domains/de/test/auto/Modal2.xml
----------------- Instantiating /home/travis/build/icyphy/ptII/ptolemy/domains/de/test/auto/Modal2.xml
8 ms. Memory: 295936K Free: 194372K (66%)
----------------- Invoking toplevel() on ptolemy.moml.MoMLSimpleApplication@4762dd00
----------------- Done invoking toplevel() on ptolemy.moml.MoMLSimpleApplication@4762dd00
reloadAllAccessors: .Modal2

===========================================================================================
----------------- testing Wed Jun 27 01:29:49 UTC 2018 /home/travis/build/icyphy/ptII/ptolemy/domains/de/test/auto/Modal3.xml
----------------- Instantiating /home/travis/build/icyphy/ptII/ptolemy/domains/de/test/auto/Modal3.xml
7 ms. Memory: 295936K Free: 177677K (60%)
----------------- Invoking toplevel() on ptolemy.moml.MoMLSimpleApplication@3d397ebe
----------------- Done invoking toplevel() on ptolemy.moml.MoMLSimpleApplication@3d397ebe
reloadAllAccessors: .Modal3

===========================================================================================
----------------- testing Wed Jun 27 01:29:49 UTC 2018 /home/travis/build/icyphy/ptII/ptolemy/domains/de/test/auto/Modal4.xml
----------------- Instantiating /home/travis/build/icyphy/ptII/ptolemy/domains/de/test/auto/Modal4.xml
9 ms. Memory: 295936K Free: 161887K (55%)
----------------- Invoking toplevel() on ptolemy.moml.MoMLSimpleApplication@3e4a331e
----------------- Done invoking toplevel() on ptolemy.moml.MoMLSimpleApplication@3e4a331e
reloadAllAccessors: .Modal4

===========================================================================================
----------------- testing Wed Jun 27 01:29:49 UTC 2018 /home/travis/build/icyphy/ptII/ptolemy/domains/de/test/auto/Modal5.xml
----------------- Instantiating /home/travis/build/icyphy/ptII/ptolemy/domains/de/test/auto/Modal5.xml
12 ms. Memory: 295936K Free: 145152K (49%)
----------------- Invoking toplevel() on ptolemy.moml.MoMLSimpleApplication@4dfad0c5
----------------- Done invoking toplevel() on ptolemy.moml.MoMLSimpleApplication@4dfad0c5
reloadAllAccessors: .Modal5

===========================================================================================
----------------- testing Wed Jun 27 01:29:49 UTC 2018 /home/travis/build/icyphy/ptII/ptolemy/domains/de/test/auto/Modal6.xml
----------------- Instantiating /home/travis/build/icyphy/ptII/ptolemy/domains/de/test/auto/Modal6.xml
8 ms. Memory: 295936K Free: 130812K (44%)
----------------- Invoking toplevel() on ptolemy.moml.MoMLSimpleApplication@50bc8269
----------------- Done invoking toplevel() on ptolemy.moml.MoMLSimpleApplication@50bc8269
reloadAllAccessors: .Modal6

===========================================================================================
----------------- testing Wed Jun 27 01:29:49 UTC 2018 /home/travis/build/icyphy/ptII/ptolemy/domains/de/test/auto/Modal7.xml
----------------- Instantiating /home/travis/build/icyphy/ptII/ptolemy/domains/de/test/auto/Modal7.xml
6 ms. Memory: 295936K Free: 114094K (39%)
----------------- Invoking toplevel() on ptolemy.moml.MoMLSimpleApplication@4c78ac57
----------------- Done invoking toplevel() on ptolemy.moml.MoMLSimpleApplication@4c78ac57
reloadAllAccessors: .Modal7

===========================================================================================
----------------- testing Wed Jun 27 01:29:49 UTC 2018 /home/travis/build/icyphy/ptII/ptolemy/domains/de/test/auto/ModalModel.xml
----------------- Instantiating /home/travis/build/icyphy/ptII/ptolemy/domains/de/test/auto/ModalModel.xml
116 ms. Memory: 286720K Free: 246725K (86%)
----------------- Invoking toplevel() on ptolemy.moml.MoMLSimpleApplication@5a798a55
----------------- Done invoking toplevel() on ptolemy.moml.MoMLSimpleApplication@5a798a55
reloadAllAccessors: .ModalModel

===========================================================================================
----------------- testing Wed Jun 27 01:29:50 UTC 2018 /home/travis/build/icyphy/ptII/ptolemy/domains/de/test/auto/ModalSource.xml
----------------- Instantiating /home/travis/build/icyphy/ptII/ptolemy/domains/de/test/auto/ModalSource.xml
4 ms. Memory: 286720K Free: 235631K (82%)
----------------- Invoking toplevel() on ptolemy.moml.MoMLSimpleApplication@d8db8d1
----------------- Done invoking toplevel() on ptolemy.moml.MoMLSimpleApplication@d8db8d1
reloadAllAccessors: .ModalSource

===========================================================================================
----------------- testing Wed Jun 27 01:29:50 UTC 2018 /home/travis/build/icyphy/ptII/ptolemy/domains/de/test/auto/NonInterruptibleTimerZeroDelay.xml
----------------- Instantiating /home/travis/build/icyphy/ptII/ptolemy/domains/de/test/auto/NonInterruptibleTimerZeroDelay.xml
2 ms. Memory: 286720K Free: 229508K (80%)
----------------- Invoking toplevel() on ptolemy.moml.MoMLSimpleApplication@156c0ca1
----------------- Done invoking toplevel() on ptolemy.moml.MoMLSimpleApplication@156c0ca1
reloadAllAccessors: .NonInterruptibleTimerZeroDelay

===========================================================================================
----------------- testing Wed Jun 27 01:29:50 UTC 2018 /home/travis/build/icyphy/ptII/ptolemy/domains/de/test/auto/OpenQueueingNetwork.xml
----------------- Instantiating /home/travis/build/icyphy/ptII/ptolemy/domains/de/test/auto/OpenQueueingNetwork.xml
2086 ms. Memory: 263168K Free: 163518K (62%)
----------------- Invoking toplevel() on ptolemy.moml.MoMLSimpleApplication@4740816c
----------------- Done invoking toplevel() on ptolemy.moml.MoMLSimpleApplication@4740816c
reloadAllAccessors: .OpenQueueingNetwork

===========================================================================================
----------------- testing Wed Jun 27 01:29:52 UTC 2018 /home/travis/build/icyphy/ptII/ptolemy/domains/de/test/auto/OpenQueuingNetwork.xml
----------------- Instantiating /home/travis/build/icyphy/ptII/ptolemy/domains/de/test/auto/OpenQueuingNetwork.xml
208 ms. Memory: 254464K Free: 242268K (95%)
----------------- Invoking toplevel() on ptolemy.moml.MoMLSimpleApplication@3196e6fe
----------------- Done invoking toplevel() on ptolemy.moml.MoMLSimpleApplication@3196e6fe
reloadAllAccessors: .OpenQueuingNetwork

===========================================================================================
----------------- testing Wed Jun 27 01:29:52 UTC 2018 /home/travis/build/icyphy/ptII/ptolemy/domains/de/test/auto/PeriodicSampler.xml
----------------- Instantiating /home/travis/build/icyphy/ptII/ptolemy/domains/de/test/auto/PeriodicSampler.xml
1 ms. Memory: 254464K Free: 235254K (92%)
----------------- Invoking toplevel() on ptolemy.moml.MoMLSimpleApplication@1e7c9f45
----------------- Done invoking toplevel() on ptolemy.moml.MoMLSimpleApplication@1e7c9f45
reloadAllAccessors: .PeriodicSampler

===========================================================================================
----------------- testing Wed Jun 27 01:29:52 UTC 2018 /home/travis/build/icyphy/ptII/ptolemy/domains/de/test/auto/PersistentIO.xml
----------------- Instantiating /home/travis/build/icyphy/ptII/ptolemy/domains/de/test/auto/PersistentIO.xml
5 ms. Memory: 254464K Free: 224434K (88%)
----------------- Invoking toplevel() on ptolemy.moml.MoMLSimpleApplication@7e12a8b4
----------------- Done invoking toplevel() on ptolemy.moml.MoMLSimpleApplication@7e12a8b4
reloadAllAccessors: .PersistentIO

===========================================================================================
----------------- testing Wed Jun 27 01:29:52 UTC 2018 /home/travis/build/icyphy/ptII/ptolemy/domains/de/test/auto/PortParameterResetOnInitialize.xml
----------------- Instantiating /home/travis/build/icyphy/ptII/ptolemy/domains/de/test/auto/PortParameterResetOnInitialize.xml
1 ms. Memory: 254464K Free: 218776K (86%)
----------------- Invoking toplevel() on ptolemy.moml.MoMLSimpleApplication@20d09011
----------------- Done invoking toplevel() on ptolemy.moml.MoMLSimpleApplication@20d09011
reloadAllAccessors: .PortParameterResetOnInitialize

===========================================================================================
----------------- testing Wed Jun 27 01:29:52 UTC 2018 /home/travis/build/icyphy/ptII/ptolemy/domains/de/test/auto/PortParameterUpdates.xml
----------------- Instantiating /home/travis/build/icyphy/ptII/ptolemy/domains/de/test/auto/PortParameterUpdates.xml
3 ms. Memory: 254464K Free: 211391K (83%)
----------------- Invoking toplevel() on ptolemy.moml.MoMLSimpleApplication@5a4232fc
----------------- Done invoking toplevel() on ptolemy.moml.MoMLSimpleApplication@5a4232fc
reloadAllAccessors: .PortParameterUpdates

===========================================================================================
----------------- testing Wed Jun 27 01:29:52 UTC 2018 /home/travis/build/icyphy/ptII/ptolemy/domains/de/test/auto/QueueAndServer.xml
----------------- Instantiating /home/travis/build/icyphy/ptII/ptolemy/domains/de/test/auto/QueueAndServer.xml
6 ms. Memory: 254464K Free: 202271K (79%)
----------------- Invoking toplevel() on ptolemy.moml.MoMLSimpleApplication@499c2eda
----------------- Done invoking toplevel() on ptolemy.moml.MoMLSimpleApplication@499c2eda
reloadAllAccessors: .QueueAndServer

===========================================================================================
----------------- testing Wed Jun 27 01:29:52 UTC 2018 /home/travis/build/icyphy/ptII/ptolemy/domains/de/test/auto/Records.xml
----------------- Instantiating /home/travis/build/icyphy/ptII/ptolemy/domains/de/test/auto/Records.xml
4 ms. Memory: 254464K Free: 194894K (77%)
----------------- Invoking toplevel() on ptolemy.moml.MoMLSimpleApplication@117f01ea
----------------- Done invoking toplevel() on ptolemy.moml.MoMLSimpleApplication@117f01ea
reloadAllAccessors: .Records

===========================================================================================
----------------- testing Wed Jun 27 01:29:52 UTC 2018 /home/travis/build/icyphy/ptII/ptolemy/domains/de/test/auto/ResetTransitionWithStartTime1.xml
----------------- Instantiating /home/travis/build/icyphy/ptII/ptolemy/domains/de/test/auto/ResetTransitionWithStartTime1.xml
4 ms. Memory: 254464K Free: 183802K (72%)
----------------- Invoking toplevel() on ptolemy.moml.MoMLSimpleApplication@6ca7509a
----------------- Done invoking toplevel() on ptolemy.moml.MoMLSimpleApplication@6ca7509a
reloadAllAccessors: .ResetTransitionWithStartTime1

===========================================================================================
----------------- testing Wed Jun 27 01:29:52 UTC 2018 /home/travis/build/icyphy/ptII/ptolemy/domains/de/test/auto/ResetTransitionWithStartTime2.xml
----------------- Instantiating /home/travis/build/icyphy/ptII/ptolemy/domains/de/test/auto/ResetTransitionWithStartTime2.xml
7 ms. Memory: 254464K Free: 172951K (68%)
----------------- Invoking toplevel() on ptolemy.moml.MoMLSimpleApplication@71ecb60f
----------------- Done invoking toplevel() on ptolemy.moml.MoMLSimpleApplication@71ecb60f
reloadAllAccessors: .ResetTransitionWithStartTime2

===========================================================================================
----------------- testing Wed Jun 27 01:29:52 UTC 2018 /home/travis/build/icyphy/ptII/ptolemy/domains/de/test/auto/ResetTransitionWithStartTime3.xml
----------------- Instantiating /home/travis/build/icyphy/ptII/ptolemy/domains/de/test/auto/ResetTransitionWithStartTime3.xml
4 ms. Memory: 254464K Free: 162107K (64%)
----------------- Invoking toplevel() on ptolemy.moml.MoMLSimpleApplication@5d267c06
----------------- Done invoking toplevel() on ptolemy.moml.MoMLSimpleApplication@5d267c06
reloadAllAccessors: .ResetTransitionWithStartTime3

===========================================================================================
----------------- testing Wed Jun 27 01:29:52 UTC 2018 /home/travis/build/icyphy/ptII/ptolemy/domains/de/test/auto/ResetTransitionWithStartTime4.xml
----------------- Instantiating /home/travis/build/icyphy/ptII/ptolemy/domains/de/test/auto/ResetTransitionWithStartTime4.xml
3 ms. Memory: 254464K Free: 152997K (60%)
----------------- Invoking toplevel() on ptolemy.moml.MoMLSimpleApplication@4e5c98ce
----------------- Done invoking toplevel() on ptolemy.moml.MoMLSimpleApplication@4e5c98ce
reloadAllAccessors: .ResetTransitionWithStartTime4

===========================================================================================
----------------- testing Wed Jun 27 01:29:52 UTC 2018 /home/travis/build/icyphy/ptII/ptolemy/domains/de/test/auto/ResettableTimer1.xml
----------------- Instantiating /home/travis/build/icyphy/ptII/ptolemy/domains/de/test/auto/ResettableTimer1.xml
3 ms. Memory: 254464K Free: 147330K (58%)
----------------- Invoking toplevel() on ptolemy.moml.MoMLSimpleApplication@644f1d45
----------------- Done invoking toplevel() on ptolemy.moml.MoMLSimpleApplication@644f1d45
reloadAllAccessors: .ResettableTimer1

===========================================================================================
----------------- testing Wed Jun 27 01:29:52 UTC 2018 /home/travis/build/icyphy/ptII/ptolemy/domains/de/test/auto/ResettableTimer2.xml
----------------- Instantiating /home/travis/build/icyphy/ptII/ptolemy/domains/de/test/auto/ResettableTimer2.xml
1 ms. Memory: 254464K Free: 141438K (56%)
----------------- Invoking toplevel() on ptolemy.moml.MoMLSimpleApplication@3fd81384
----------------- Done invoking toplevel() on ptolemy.moml.MoMLSimpleApplication@3fd81384
reloadAllAccessors: .ResettableTimer2

===========================================================================================
----------------- testing Wed Jun 27 01:29:52 UTC 2018 /home/travis/build/icyphy/ptII/ptolemy/domains/de/test/auto/ResettableTimer3.xml
----------------- Instantiating /home/travis/build/icyphy/ptII/ptolemy/domains/de/test/auto/ResettableTimer3.xml
1 ms. Memory: 254464K Free: 135787K (53%)
----------------- Invoking toplevel() on ptolemy.moml.MoMLSimpleApplication@74c28ff
----------------- Done invoking toplevel() on ptolemy.moml.MoMLSimpleApplication@74c28ff
reloadAllAccessors: .ResettableTimer3

===========================================================================================
----------------- testing Wed Jun 27 01:29:52 UTC 2018 /home/travis/build/icyphy/ptII/ptolemy/domains/de/test/auto/ResettableTimer4.xml
----------------- Instantiating /home/travis/build/icyphy/ptII/ptolemy/domains/de/test/auto/ResettableTimer4.xml
2 ms. Memory: 254464K Free: 130136K (51%)
----------------- Invoking toplevel() on ptolemy.moml.MoMLSimpleApplication@1b2281e2
----------------- Done invoking toplevel() on ptolemy.moml.MoMLSimpleApplication@1b2281e2
reloadAllAccessors: .ResettableTimer4

===========================================================================================
----------------- testing Wed Jun 27 01:29:52 UTC 2018 /home/travis/build/icyphy/ptII/ptolemy/domains/de/test/auto/ResettableTimer5.xml
----------------- Instantiating /home/travis/build/icyphy/ptII/ptolemy/domains/de/test/auto/ResettableTimer5.xml
1 ms. Memory: 254464K Free: 122760K (48%)
----------------- Invoking toplevel() on ptolemy.moml.MoMLSimpleApplication@1a7abd25
----------------- Done invoking toplevel() on ptolemy.moml.MoMLSimpleApplication@1a7abd25
reloadAllAccessors: .ResettableTimer5

===========================================================================================
----------------- testing Wed Jun 27 01:29:52 UTC 2018 /home/travis/build/icyphy/ptII/ptolemy/domains/de/test/auto/ResettableTimer6.xml
----------------- Instantiating /home/travis/build/icyphy/ptII/ptolemy/domains/de/test/auto/ResettableTimer6.xml
9 ms. Memory: 254464K Free: 115142K (45%)
----------------- Invoking toplevel() on ptolemy.moml.MoMLSimpleApplication@5886c174
----------------- Done invoking toplevel() on ptolemy.moml.MoMLSimpleApplication@5886c174
reloadAllAccessors: .ResettableTimer6

===========================================================================================
----------------- testing Wed Jun 27 01:29:52 UTC 2018 /home/travis/build/icyphy/ptII/ptolemy/domains/de/test/auto/ServerZeroDelay.xml
----------------- Instantiating /home/travis/build/icyphy/ptII/ptolemy/domains/de/test/auto/ServerZeroDelay.xml
1 ms. Memory: 254464K Free: 109498K (43%)
----------------- Invoking toplevel() on ptolemy.moml.MoMLSimpleApplication@20a1a611
----------------- Done invoking toplevel() on ptolemy.moml.MoMLSimpleApplication@20a1a611
reloadAllAccessors: .ServerZeroDelay

===========================================================================================
----------------- testing Wed Jun 27 01:29:52 UTC 2018 /home/travis/build/icyphy/ptII/ptolemy/domains/de/test/auto/SmartSender.xml
----------------- Instantiating /home/travis/build/icyphy/ptII/ptolemy/domains/de/test/auto/SmartSender.xml
3001 ms. Memory: 254464K Free: 103840K (41%)
----------------- Invoking toplevel() on ptolemy.moml.MoMLSimpleApplication@4063a193
----------------- Done invoking toplevel() on ptolemy.moml.MoMLSimpleApplication@4063a193
reloadAllAccessors: .SmartSender

===========================================================================================
----------------- testing Wed Jun 27 01:29:55 UTC 2018 /home/travis/build/icyphy/ptII/ptolemy/domains/de/test/auto/ThreadedComposite.xml
----------------- Instantiating /home/travis/build/icyphy/ptII/ptolemy/domains/de/test/auto/ThreadedComposite.xml
192 ms. Memory: 254464K Free: 74014K (29%)
----------------- Invoking toplevel() on ptolemy.moml.MoMLSimpleApplication@52f5d1ac
----------------- Done invoking toplevel() on ptolemy.moml.MoMLSimpleApplication@52f5d1ac
reloadAllAccessors: .ThreadedComposite

===========================================================================================
----------------- testing Wed Jun 27 01:29:56 UTC 2018 /home/travis/build/icyphy/ptII/ptolemy/domains/de/test/auto/Time.xml
----------------- Instantiating /home/travis/build/icyphy/ptII/ptolemy/domains/de/test/auto/Time.xml
412 ms. Memory: 246784K Free: 183302K (74%)
----------------- Invoking toplevel() on ptolemy.moml.MoMLSimpleApplication@37a2819d
----------------- Done invoking toplevel() on ptolemy.moml.MoMLSimpleApplication@37a2819d
reloadAllAccessors: .Time

===========================================================================================
----------------- testing Wed Jun 27 01:29:56 UTC 2018 /home/travis/build/icyphy/ptII/ptolemy/domains/de/test/auto/TimeDelayZeroDelay.xml
----------------- Instantiating /home/travis/build/icyphy/ptII/ptolemy/domains/de/test/auto/TimeDelayZeroDelay.xml
3 ms. Memory: 246784K Free: 178230K (72%)
----------------- Invoking toplevel() on ptolemy.moml.MoMLSimpleApplication@671b3c8
----------------- Done invoking toplevel() on ptolemy.moml.MoMLSimpleApplication@671b3c8
reloadAllAccessors: .TimeDelayZeroDelay

===========================================================================================
----------------- testing Wed Jun 27 01:29:56 UTC 2018 /home/travis/build/icyphy/ptII/ptolemy/domains/de/test/auto/TimerZeroDelay.xml
----------------- Instantiating /home/travis/build/icyphy/ptII/ptolemy/domains/de/test/auto/TimerZeroDelay.xml
2 ms. Memory: 246784K Free: 173381K (70%)
----------------- Invoking toplevel() on ptolemy.moml.MoMLSimpleApplication@59472292
----------------- Done invoking toplevel() on ptolemy.moml.MoMLSimpleApplication@59472292
reloadAllAccessors: .TimerZeroDelay

===========================================================================================
----------------- testing Wed Jun 27 01:29:56 UTC 2018 /home/travis/build/icyphy/ptII/ptolemy/domains/de/test/auto/TimingParadox.xml
----------------- Instantiating /home/travis/build/icyphy/ptII/ptolemy/domains/de/test/auto/TimingParadox.xml
273 ms. Memory: 246784K Free: 104059K (42%)
----------------- Invoking toplevel() on ptolemy.moml.MoMLSimpleApplication@6428f213
----------------- Done invoking toplevel() on ptolemy.moml.MoMLSimpleApplication@6428f213
reloadAllAccessors: .TimingParadox

===========================================================================================
----------------- testing Wed Jun 27 01:29:56 UTC 2018 /home/travis/build/icyphy/ptII/ptolemy/domains/de/test/auto/TransferInputs.xml
----------------- Instantiating /home/travis/build/icyphy/ptII/ptolemy/domains/de/test/auto/TransferInputs.xml
1 ms. Memory: 246784K Free: 98084K (40%)
----------------- Invoking toplevel() on ptolemy.moml.MoMLSimpleApplication@1be61aac
----------------- Done invoking toplevel() on ptolemy.moml.MoMLSimpleApplication@1be61aac
reloadAllAccessors: .TransferInputs

===========================================================================================
----------------- testing Wed Jun 27 01:29:56 UTC 2018 /home/travis/build/icyphy/ptII/ptolemy/domains/de/test/auto/TransferOutputs2.xml
----------------- Instantiating /home/travis/build/icyphy/ptII/ptolemy/domains/de/test/auto/TransferOutputs2.xml
6 ms. Memory: 246784K Free: 87468K (35%)
----------------- Invoking toplevel() on ptolemy.moml.MoMLSimpleApplication@69a98e29
----------------- Done invoking toplevel() on ptolemy.moml.MoMLSimpleApplication@69a98e29
reloadAllAccessors: .TransferOutputs2

===========================================================================================
----------------- testing Wed Jun 27 01:29:56 UTC 2018 /home/travis/build/icyphy/ptII/ptolemy/domains/de/test/auto/Trilateration.xml
----------------- Instantiating /home/travis/build/icyphy/ptII/ptolemy/domains/de/test/auto/Trilateration.xml
10747 ms. Memory: 492544K Free: 270396K (55%)
----------------- Invoking toplevel() on ptolemy.moml.MoMLSimpleApplication@360be789
----------------- Done invoking toplevel() on ptolemy.moml.MoMLSimpleApplication@360be789
reloadAllAccessors: .Trilateration

===========================================================================================
----------------- testing Wed Jun 27 01:30:08 UTC 2018 /home/travis/build/icyphy/ptII/ptolemy/domains/de/test/auto/TwoSigmaDelta.xml
----------------- Instantiating /home/travis/build/icyphy/ptII/ptolemy/domains/de/test/auto/TwoSigmaDelta.xml
2008 ms. Memory: 478720K Free: 370578K (77%)
----------------- Invoking toplevel() on ptolemy.moml.MoMLSimpleApplication@79624854
----------------- Done invoking toplevel() on ptolemy.moml.MoMLSimpleApplication@79624854
reloadAllAccessors: .TwoSigmaDelta

===========================================================================================
----------------- testing Wed Jun 27 01:30:10 UTC 2018 /home/travis/build/icyphy/ptII/ptolemy/domains/de/test/auto/VariableDelay.xml
----------------- Instantiating /home/travis/build/icyphy/ptII/ptolemy/domains/de/test/auto/VariableDelay.xml
2 ms. Memory: 478720K Free: 357902K (75%)
----------------- Invoking toplevel() on ptolemy.moml.MoMLSimpleApplication@5b7dff53
----------------- Done invoking toplevel() on ptolemy.moml.MoMLSimpleApplication@5b7dff53
reloadAllAccessors: .VariableDelay

===========================================================================================
----------------- testing Wed Jun 27 01:30:10 UTC 2018 /home/travis/build/icyphy/ptII/ptolemy/domains/de/test/auto/VariableDelay2.xml
----------------- Instantiating /home/travis/build/icyphy/ptII/ptolemy/domains/de/test/auto/VariableDelay2.xml
2 ms. Memory: 478720K Free: 349556K (73%)
----------------- Invoking toplevel() on ptolemy.moml.MoMLSimpleApplication@60ca52b1
----------------- Done invoking toplevel() on ptolemy.moml.MoMLSimpleApplication@60ca52b1
reloadAllAccessors: .VariableDelay2

===========================================================================================
----------------- testing Wed Jun 27 01:30:10 UTC 2018 /home/travis/build/icyphy/ptII/ptolemy/domains/de/test/auto/VariableDelayZeroDelay.xml
----------------- Instantiating /home/travis/build/icyphy/ptII/ptolemy/domains/de/test/auto/VariableDelayZeroDelay.xml
1 ms. Memory: 478720K Free: 341210K (71%)
----------------- Invoking toplevel() on ptolemy.moml.MoMLSimpleApplication@7aaefa3f
----------------- Done invoking toplevel() on ptolemy.moml.MoMLSimpleApplication@7aaefa3f
reloadAllAccessors: .VariableDelayZeroDelay

===========================================================================================
----------------- testing Wed Jun 27 01:30:10 UTC 2018 /home/travis/build/icyphy/ptII/ptolemy/domains/de/test/auto/VariableDelayZeroDelay2.xml
----------------- Instantiating /home/travis/build/icyphy/ptII/ptolemy/domains/de/test/auto/VariableDelayZeroDelay2.xml
2 ms. Memory: 478720K Free: 332863K (70%)
----------------- Invoking toplevel() on ptolemy.moml.MoMLSimpleApplication@342fc7e7
----------------- Done invoking toplevel() on ptolemy.moml.MoMLSimpleApplication@342fc7e7
reloadAllAccessors: .VariableDelayZeroDelay2

===========================================================================================
----------------- testing Wed Jun 27 01:30:10 UTC 2018 /home/travis/build/icyphy/ptII/ptolemy/domains/de/test/auto/deInCt.xml
----------------- Instantiating /home/travis/build/icyphy/ptII/ptolemy/domains/de/test/auto/deInCt.xml
0
1
1
1
0
0
0
1
1
1
1
0
0
0
0
1
1
1
1
0
0
0
0
1
1
0
0
0
0
1
1
1
0
0
0
1
1
1
1
4 ms. Memory: 478720K Free: 324517K (68%)
----------------- Invoking toplevel() on ptolemy.moml.MoMLSimpleApplication@7e104608
----------------- Done invoking toplevel() on ptolemy.moml.MoMLSimpleApplication@7e104608
reloadAllAccessors: .deInCt

===========================================================================================
----------------- testing Wed Jun 27 01:30:10 UTC 2018 /home/travis/build/icyphy/ptII/ptolemy/domains/de/test/auto/deInCt2.xml
----------------- Instantiating /home/travis/build/icyphy/ptII/ptolemy/domains/de/test/auto/deInCt2.xml
0
1
1
1
0
0
1
1
1
0
0
1
1
1
0
0
1
1
1
0
0
1
1
1
0
0
1
1
1
0
0
1
1
1
0
0
1
1
1
0
0
0
4 ms. Memory: 478720K Free: 316168K (66%)
----------------- Invoking toplevel() on ptolemy.moml.MoMLSimpleApplication@2049c608
----------------- Done invoking toplevel() on ptolemy.moml.MoMLSimpleApplication@2049c608
reloadAllAccessors: .deInCt2

===========================================================================================
----------------- testing Wed Jun 27 01:30:10 UTC 2018 /home/travis/build/icyphy/ptII/ptolemy/domains/de/test/auto/dynamicCausalityInterface1.xml
----------------- Instantiating /home/travis/build/icyphy/ptII/ptolemy/domains/de/test/auto/dynamicCausalityInterface1.xml
0 ms. Memory: 478720K Free: 299695K (63%)
----------------- Invoking toplevel() on ptolemy.moml.MoMLSimpleApplication@4df0ba3d
----------------- Done invoking toplevel() on ptolemy.moml.MoMLSimpleApplication@4df0ba3d
reloadAllAccessors: .dynamicCausalityInterface1

===========================================================================================
----------------- testing Wed Jun 27 01:30:10 UTC 2018 /home/travis/build/icyphy/ptII/ptolemy/domains/de/test/auto/fsm_de_test.xml
----------------- Instantiating /home/travis/build/icyphy/ptII/ptolemy/domains/de/test/auto/fsm_de_test.xml
4 ms. Memory: 478720K Free: 287427K (60%)
----------------- Invoking toplevel() on ptolemy.moml.MoMLSimpleApplication@565f355e
----------------- Done invoking toplevel() on ptolemy.moml.MoMLSimpleApplication@565f355e
reloadAllAccessors: .fsm_de_test

===========================================================================================
----------------- testing Wed Jun 27 01:30:10 UTC 2018 /home/travis/build/icyphy/ptII/ptolemy/domains/de/test/auto/functionDependencyReconstruction.xml
----------------- Instantiating /home/travis/build/icyphy/ptII/ptolemy/domains/de/test/auto/functionDependencyReconstruction.xml
1 ms. Memory: 478720K Free: 267283K (56%)
----------------- Invoking toplevel() on ptolemy.moml.MoMLSimpleApplication@2f998297
----------------- Done invoking toplevel() on ptolemy.moml.MoMLSimpleApplication@2f998297
reloadAllAccessors: .functionDependencyReconstruction

===========================================================================================
----------------- testing Wed Jun 27 01:30:10 UTC 2018 /home/travis/build/icyphy/ptII/ptolemy/domains/de/test/auto/multirate.xml
----------------- Instantiating /home/travis/build/icyphy/ptII/ptolemy/domains/de/test/auto/multirate.xml
2 ms. Memory: 478720K Free: 254999K (53%)
----------------- Invoking toplevel() on ptolemy.moml.MoMLSimpleApplication@580af933
----------------- Done invoking toplevel() on ptolemy.moml.MoMLSimpleApplication@580af933
reloadAllAccessors: .multirate

===========================================================================================
----------------- testing Wed Jun 27 01:30:10 UTC 2018 /home/travis/build/icyphy/ptII/ptolemy/domains/de/test/auto/multirate2.xml
----------------- Instantiating /home/travis/build/icyphy/ptII/ptolemy/domains/de/test/auto/multirate2.xml
2 ms. Memory: 478720K Free: 242714K (51%)
----------------- Invoking toplevel() on ptolemy.moml.MoMLSimpleApplication@478d4890
----------------- Done invoking toplevel() on ptolemy.moml.MoMLSimpleApplication@478d4890
reloadAllAccessors: .multirate2

===========================================================================================
----------------- testing Wed Jun 27 01:30:10 UTC 2018 /home/travis/build/icyphy/ptII/ptolemy/domains/de/test/auto/realtime.xml
----------------- Instantiating /home/travis/build/icyphy/ptII/ptolemy/domains/de/test/auto/realtime.xml
10002 ms. Memory: 478720K Free: 234117K (49%)
----------------- Invoking toplevel() on ptolemy.moml.MoMLSimpleApplication@7252edc5
----------------- Done invoking toplevel() on ptolemy.moml.MoMLSimpleApplication@7252edc5
reloadAllAccessors: .realtime

===========================================================================================
----------------- testing Wed Jun 27 01:30:20 UTC 2018 /home/travis/build/icyphy/ptII/ptolemy/domains/de/test/auto/relationGroup.xml
----------------- Instantiating /home/travis/build/icyphy/ptII/ptolemy/domains/de/test/auto/relationGroup.xml
6 ms. Memory: 478720K Free: 225771K (47%)
----------------- Invoking toplevel() on ptolemy.moml.MoMLSimpleApplication@3490c07f
----------------- Done invoking toplevel() on ptolemy.moml.MoMLSimpleApplication@3490c07f
reloadAllAccessors: .relationGroup

===========================================================================================
----------------- testing Wed Jun 27 01:30:20 UTC 2018 /home/travis/build/icyphy/ptII/ptolemy/domains/de/test/auto/relationGroup2.xml
----------------- Instantiating /home/travis/build/icyphy/ptII/ptolemy/domains/de/test/auto/relationGroup2.xml
2 ms. Memory: 478720K Free: 217425K (45%)
----------------- Invoking toplevel() on ptolemy.moml.MoMLSimpleApplication@25b10fa0
----------------- Done invoking toplevel() on ptolemy.moml.MoMLSimpleApplication@25b10fa0
reloadAllAccessors: .relationGroup2

===========================================================================================
----------------- testing Wed Jun 27 01:30:20 UTC 2018 /home/travis/build/icyphy/ptII/ptolemy/domains/de/test/auto/sortWithOpaquePorts.xml
----------------- Instantiating /home/travis/build/icyphy/ptII/ptolemy/domains/de/test/auto/sortWithOpaquePorts.xml
1 ms. Memory: 478720K Free: 209078K (44%)
----------------- Invoking toplevel() on ptolemy.moml.MoMLSimpleApplication@7c7ccc56
----------------- Done invoking toplevel() on ptolemy.moml.MoMLSimpleApplication@7c7ccc56
reloadAllAccessors: .sortWithOpaquePorts

===========================================================================================
----------------- testing Wed Jun 27 01:30:20 UTC 2018 /home/travis/build/icyphy/ptII/ptolemy/domains/de/test/auto/transferInputsandOutputs.xml
----------------- Instantiating /home/travis/build/icyphy/ptII/ptolemy/domains/de/test/auto/transferInputsandOutputs.xml
2 ms. Memory: 478720K Free: 196794K (41%)
----------------- Invoking toplevel() on ptolemy.moml.MoMLSimpleApplication@3c0c4718
----------------- Done invoking toplevel() on ptolemy.moml.MoMLSimpleApplication@3c0c4718
reloadAllAccessors: .transferInputsandOutputs

===========================================================================================
----------------- testing Wed Jun 27 01:30:20 UTC 2018 /home/travis/build/icyphy/ptII/ptolemy/domains/de/test/auto/triggerType.xml
----------------- Instantiating /home/travis/build/icyphy/ptII/ptolemy/domains/de/test/auto/triggerType.xml
2 ms. Memory: 478720K Free: 188196K (39%)
----------------- Invoking toplevel() on ptolemy.moml.MoMLSimpleApplication@485edf26
----------------- Done invoking toplevel() on ptolemy.moml.MoMLSimpleApplication@485edf26
reloadAllAccessors: .triggerType
AutoTests.java: About to close Vertx.
AutoTests.java: Vertx closed.
]]></system-out>
  <system-err><![CDATA[java.lang.RuntimeException: Execution failed
	at ptolemy.moml.MoMLSimpleApplication$UnloadThread.run(MoMLSimpleApplication.java:402)
Caused by: ptolemy.kernel.util.IllegalActionException: Found a zero delay loop containing .dependencyLoop.original
  in .dependencyLoop and .dependencyLoop.original
	at ptolemy.actor.util.CausalityInterfaceForComposites._computeOutputPortDepth(CausalityInterfaceForComposites.java:759)
	at ptolemy.actor.util.CausalityInterfaceForComposites._computeInputDepth(CausalityInterfaceForComposites.java:696)
	at ptolemy.actor.util.CausalityInterfaceForComposites._computeOutputPortDepth(CausalityInterfaceForComposites.java:765)
	at ptolemy.actor.util.CausalityInterfaceForComposites._computeInputDepth(CausalityInterfaceForComposites.java:696)
	at ptolemy.actor.util.CausalityInterfaceForComposites._computeOutputPortDepth(CausalityInterfaceForComposites.java:765)
	at ptolemy.actor.util.CausalityInterfaceForComposites._computeInputDepth(CausalityInterfaceForComposites.java:696)
	at ptolemy.actor.util.CausalityInterfaceForComposites._computeActorDepth(CausalityInterfaceForComposites.java:532)
	at ptolemy.actor.util.CausalityInterfaceForComposites.checkForCycles(CausalityInterfaceForComposites.java:96)
	at ptolemy.domains.de.kernel.DEDirector.preinitialize(DEDirector.java:1338)
	at ptolemy.actor.CompositeActor.preinitialize(CompositeActor.java:1828)
	at ptolemy.actor.Manager.preinitializeAndResolveTypes(Manager.java:1040)
	at ptolemy.actor.Manager.initialize(Manager.java:710)
	at ptolemy.actor.Manager.execute(Manager.java:356)
	at ptolemy.actor.Manager.run(Manager.java:1263)
	at ptolemy.actor.Manager$PtolemyRunThread.run(Manager.java:1915)
java.lang.RuntimeException: Execution failed
	at ptolemy.moml.MoMLSimpleApplication$UnloadThread.run(MoMLSimpleApplication.java:402)
Caused by: ptolemy.kernel.util.IllegalActionException: Found a zero delay loop containing .dependencyLoop2.original
  in .dependencyLoop2 and .dependencyLoop2.original
	at ptolemy.actor.util.CausalityInterfaceForComposites._computeOutputPortDepth(CausalityInterfaceForComposites.java:759)
	at ptolemy.actor.util.CausalityInterfaceForComposites._computeInputDepth(CausalityInterfaceForComposites.java:696)
	at ptolemy.actor.util.CausalityInterfaceForComposites._computeOutputPortDepth(CausalityInterfaceForComposites.java:765)
	at ptolemy.actor.util.CausalityInterfaceForComposites._computeInputDepth(CausalityInterfaceForComposites.java:696)
	at ptolemy.actor.util.CausalityInterfaceForComposites._computeOutputPortDepth(CausalityInterfaceForComposites.java:765)
	at ptolemy.actor.util.CausalityInterfaceForComposites._computeInputDepth(CausalityInterfaceForComposites.java:696)
	at ptolemy.actor.util.CausalityInterfaceForComposites._computeActorDepth(CausalityInterfaceForComposites.java:532)
	at ptolemy.actor.util.CausalityInterfaceForComposites.checkForCycles(CausalityInterfaceForComposites.java:96)
	at ptolemy.domains.de.kernel.DEDirector.preinitialize(DEDirector.java:1338)
	at ptolemy.actor.CompositeActor.preinitialize(CompositeActor.java:1828)
	at ptolemy.actor.Manager.preinitializeAndResolveTypes(Manager.java:1040)
	at ptolemy.actor.Manager.initialize(Manager.java:710)
	at ptolemy.actor.Manager.execute(Manager.java:356)
	at ptolemy.actor.Manager.run(Manager.java:1263)
	at ptolemy.actor.Manager$PtolemyRunThread.run(Manager.java:1915)
java.lang.RuntimeException: Execution failed
	at ptolemy.moml.MoMLSimpleApplication$UnloadThread.run(MoMLSimpleApplication.java:402)
Caused by: ptolemy.kernel.util.IllegalActionException: Found a zero delay loop containing .dependencyLoop.original
  in .dependencyLoop and .dependencyLoop.original
	at ptolemy.actor.util.CausalityInterfaceForComposites._computeOutputPortDepth(CausalityInterfaceForComposites.java:759)
	at ptolemy.actor.util.CausalityInterfaceForComposites._computeInputDepth(CausalityInterfaceForComposites.java:696)
	at ptolemy.actor.util.CausalityInterfaceForComposites._computeOutputPortDepth(CausalityInterfaceForComposites.java:765)
	at ptolemy.actor.util.CausalityInterfaceForComposites._computeInputDepth(CausalityInterfaceForComposites.java:696)
	at ptolemy.actor.util.CausalityInterfaceForComposites._computeOutputPortDepth(CausalityInterfaceForComposites.java:765)
	at ptolemy.actor.util.CausalityInterfaceForComposites._computeInputDepth(CausalityInterfaceForComposites.java:696)
	at ptolemy.actor.util.CausalityInterfaceForComposites._computeActorDepth(CausalityInterfaceForComposites.java:532)
	at ptolemy.actor.util.CausalityInterfaceForComposites.checkForCycles(CausalityInterfaceForComposites.java:96)
	at ptolemy.domains.de.kernel.DEDirector.preinitialize(DEDirector.java:1338)
	at ptolemy.actor.CompositeActor.preinitialize(CompositeActor.java:1828)
	at ptolemy.actor.Manager.preinitializeAndResolveTypes(Manager.java:1040)
	at ptolemy.actor.Manager.initialize(Manager.java:710)
	at ptolemy.actor.Manager.execute(Manager.java:356)
	at ptolemy.actor.Manager.run(Manager.java:1263)
	at ptolemy.actor.Manager$PtolemyRunThread.run(Manager.java:1915)
java.lang.RuntimeException: Execution failed
	at ptolemy.moml.MoMLSimpleApplication$UnloadThread.run(MoMLSimpleApplication.java:402)
Caused by: ptolemy.kernel.util.IllegalActionException: Actor is not ready to fire.  Perhaps UpSample.prefire() returned false? Try debugging the actor by selecting "Listen to Actor".  Also, for SDF check moml for tokenConsumptionRate on input.
  in .DESDFClockTest.Play Bell.Copy1:SDF Director and .DESDFClockTest.Play Bell.UpSample
	at ptolemy.actor.sched.StaticSchedulingDirector.fire(StaticSchedulingDirector.java:227)
	at ptolemy.domains.sdf.kernel.SDFDirector.fire(SDFDirector.java:500)
	at ptolemy.actor.CompositeActor.fire(CompositeActor.java:455)
	at ptolemy.domains.de.kernel.DEDirector._fire(DEDirector.java:1949)
	at ptolemy.domains.de.kernel.DEDirector.fire(DEDirector.java:502)
	at ptolemy.actor.CompositeActor.fire(CompositeActor.java:455)
	at ptolemy.actor.Manager.iterate(Manager.java:851)
	at ptolemy.actor.Manager.execute(Manager.java:369)
	at ptolemy.actor.Manager.run(Manager.java:1263)
	at ptolemy.actor.Manager$PtolemyRunThread.run(Manager.java:1915)
java.lang.RuntimeException: Execution failed
	at ptolemy.moml.MoMLSimpleApplication$UnloadThread.run(MoMLSimpleApplication.java:402)
Caused by: ptolemy.kernel.util.IllegalActionException: Found a zero delay loop containing .dependencyLoop2.original
  in .dependencyLoop2 and .dependencyLoop2.original
	at ptolemy.actor.util.CausalityInterfaceForComposites._computeOutputPortDepth(CausalityInterfaceForComposites.java:759)
	at ptolemy.actor.util.CausalityInterfaceForComposites._computeInputDepth(CausalityInterfaceForComposites.java:696)
	at ptolemy.actor.util.CausalityInterfaceForComposites._computeOutputPortDepth(CausalityInterfaceForComposites.java:765)
	at ptolemy.actor.util.CausalityInterfaceForComposites._computeInputDepth(CausalityInterfaceForComposites.java:696)
	at ptolemy.actor.util.CausalityInterfaceForComposites._computeOutputPortDepth(CausalityInterfaceForComposites.java:765)
	at ptolemy.actor.util.CausalityInterfaceForComposites._computeInputDepth(CausalityInterfaceForComposites.java:696)
	at ptolemy.actor.util.CausalityInterfaceForComposites._computeActorDepth(CausalityInterfaceForComposites.java:532)
	at ptolemy.actor.util.CausalityInterfaceForComposites.checkForCycles(CausalityInterfaceForComposites.java:96)
	at ptolemy.domains.de.kernel.DEDirector.preinitialize(DEDirector.java:1338)
	at ptolemy.actor.CompositeActor.preinitialize(CompositeActor.java:1828)
	at ptolemy.actor.Manager.preinitializeAndResolveTypes(Manager.java:1040)
	at ptolemy.actor.Manager.initialize(Manager.java:710)
	at ptolemy.actor.Manager.execute(Manager.java:356)
	at ptolemy.actor.Manager.run(Manager.java:1263)
	at ptolemy.actor.Manager$PtolemyRunThread.run(Manager.java:1915)
java.lang.RuntimeException: Execution failed
	at ptolemy.moml.MoMLSimpleApplication$UnloadThread.run(MoMLSimpleApplication.java:402)
Caused by: ptolemy.kernel.util.IllegalActionException: Found a zero delay loop containing .HierarchicalModel.A
  in .HierarchicalModel and .HierarchicalModel.A
	at ptolemy.actor.util.CausalityInterfaceForComposites._computeOutputPortDepth(CausalityInterfaceForComposites.java:759)
	at ptolemy.actor.util.CausalityInterfaceForComposites._computeInputDepth(CausalityInterfaceForComposites.java:696)
	at ptolemy.actor.util.CausalityInterfaceForComposites._computeOutputPortDepth(CausalityInterfaceForComposites.java:765)
	at ptolemy.actor.util.CausalityInterfaceForComposites._computeInputDepth(CausalityInterfaceForComposites.java:696)
	at ptolemy.actor.util.CausalityInterfaceForComposites._computeOutputPortDepth(CausalityInterfaceForComposites.java:765)
	at ptolemy.actor.util.CausalityInterfaceForComposites._computeInputDepth(CausalityInterfaceForComposites.java:696)
	at ptolemy.actor.util.CausalityInterfaceForComposites._computeActorDepth(CausalityInterfaceForComposites.java:532)
	at ptolemy.actor.util.CausalityInterfaceForComposites.checkForCycles(CausalityInterfaceForComposites.java:96)
	at ptolemy.domains.de.kernel.DEDirector.preinitialize(DEDirector.java:1338)
	at ptolemy.actor.CompositeActor.preinitialize(CompositeActor.java:1828)
	at ptolemy.actor.Manager.preinitializeAndResolveTypes(Manager.java:1040)
	at ptolemy.actor.Manager.initialize(Manager.java:710)
	at ptolemy.actor.Manager.execute(Manager.java:356)
	at ptolemy.actor.Manager.run(Manager.java:1263)
	at ptolemy.actor.Manager$PtolemyRunThread.run(Manager.java:1915)
java.lang.RuntimeException: Execution failed
	at ptolemy.moml.MoMLSimpleApplication$UnloadThread.run(MoMLSimpleApplication.java:402)
Caused by: ptolemy.kernel.util.IllegalActionException: Test fails in iteration 1.
Value was: 1.0. Should have been: 2.0
  in .DirectFeedback.Test
	at ptolemy.actor.lib.Test.fire(Test.java:268)
	at ptolemy.domains.de.kernel.DEDirector._fire(DEDirector.java:1949)
	at ptolemy.domains.de.kernel.DEDirector.fire(DEDirector.java:502)
	at ptolemy.actor.CompositeActor.fire(CompositeActor.java:455)
	at ptolemy.actor.Manager.iterate(Manager.java:851)
	at ptolemy.actor.Manager.execute(Manager.java:369)
	at ptolemy.actor.Manager.run(Manager.java:1263)
	at ptolemy.actor.Manager$PtolemyRunThread.run(Manager.java:1915)
java.lang.RuntimeException: Execution failed
	at ptolemy.moml.MoMLSimpleApplication$UnloadThread.run(MoMLSimpleApplication.java:402)
Caused by: ptolemy.kernel.util.IllegalActionException: Actor is not ready to fire.  Perhaps UpSample.prefire() returned false? Try debugging the actor by selecting "Listen to Actor".  Also, for SDF check moml for tokenConsumptionRate on input.
  in .DESDFClockTest.Play Bell.Copy1:SDF Director and .DESDFClockTest.Play Bell.UpSample
	at ptolemy.actor.sched.StaticSchedulingDirector.fire(StaticSchedulingDirector.java:227)
	at ptolemy.domains.sdf.kernel.SDFDirector.fire(SDFDirector.java:500)
	at ptolemy.actor.CompositeActor.fire(CompositeActor.java:455)
	at ptolemy.domains.de.kernel.DEDirector._fire(DEDirector.java:1949)
	at ptolemy.domains.de.kernel.DEDirector.fire(DEDirector.java:502)
	at ptolemy.actor.CompositeActor.fire(CompositeActor.java:455)
	at ptolemy.actor.Manager.iterate(Manager.java:851)
	at ptolemy.actor.Manager.execute(Manager.java:369)
	at ptolemy.actor.Manager.run(Manager.java:1263)
	at ptolemy.actor.Manager$PtolemyRunThread.run(Manager.java:1915)
java.lang.reflect.InvocationTargetException
	at sun.reflect.NativeConstructorAccessorImpl.newInstance0(Native Method)
	at sun.reflect.NativeConstructorAccessorImpl.newInstance(NativeConstructorAccessorImpl.java:62)
	at sun.reflect.DelegatingConstructorAccessorImpl.newInstance(DelegatingConstructorAccessorImpl.java:45)
	at java.lang.reflect.Constructor.newInstance(Constructor.java:423)
	at ptolemy.util.test.junit.AutoKnownFailedTests.RunModel(AutoKnownFailedTests.java:107)
	at sun.reflect.NativeMethodAccessorImpl.invoke0(Native Method)
	at sun.reflect.NativeMethodAccessorImpl.invoke(NativeMethodAccessorImpl.java:62)
	at sun.reflect.DelegatingMethodAccessorImpl.invoke(DelegatingMethodAccessorImpl.java:43)
	at java.lang.reflect.Method.invoke(Method.java:498)
	at org.junit.runners.model.FrameworkMethod$1.runReflectiveCall(FrameworkMethod.java:44)
	at org.junit.internal.runners.model.ReflectiveCallable.run(ReflectiveCallable.java:15)
	at org.junit.runners.model.FrameworkMethod.invokeExplosively(FrameworkMethod.java:41)
	at junitparams.internal.InvokeParameterisedMethod.evaluate(InvokeParameterisedMethod.java:102)
	at org.junit.internal.runners.statements.FailOnTimeout$1.run(FailOnTimeout.java:28)
Caused by: ptolemy.kernel.util.IllegalActionException: Actor is not ready to fire.  Perhaps UpSample.prefire() returned false? Try debugging the actor by selecting "Listen to Actor".  Also, for SDF check moml for tokenConsumptionRate on input.
  in .DESDFClockTest.Play Bell.Copy1:SDF Director and .DESDFClockTest.Play Bell.UpSample
	at ptolemy.actor.sched.StaticSchedulingDirector.fire(StaticSchedulingDirector.java:227)
	at ptolemy.domains.sdf.kernel.SDFDirector.fire(SDFDirector.java:500)
	at ptolemy.actor.CompositeActor.fire(CompositeActor.java:455)
	at ptolemy.domains.de.kernel.DEDirector._fire(DEDirector.java:1949)
	at ptolemy.domains.de.kernel.DEDirector.fire(DEDirector.java:502)
	at ptolemy.actor.CompositeActor.fire(CompositeActor.java:455)
	at ptolemy.actor.Manager.iterate(Manager.java:851)
	at ptolemy.actor.Manager.execute(Manager.java:369)
	at ptolemy.actor.Manager.run(Manager.java:1263)
	at ptolemy.actor.Manager$PtolemyRunThread.run(Manager.java:1915)
java.lang.RuntimeException: Execution failed
	at ptolemy.moml.MoMLSimpleApplication$UnloadThread.run(MoMLSimpleApplication.java:402)
Caused by: ptolemy.kernel.util.IllegalActionException: Test fails in iteration 1.
Value was: 1.0. Should have been: 2.0
  in .DirectFeedback.Test
	at ptolemy.actor.lib.Test.fire(Test.java:268)
	at ptolemy.domains.de.kernel.DEDirector._fire(DEDirector.java:1949)
	at ptolemy.domains.de.kernel.DEDirector.fire(DEDirector.java:502)
	at ptolemy.actor.CompositeActor.fire(CompositeActor.java:455)
	at ptolemy.actor.Manager.iterate(Manager.java:851)
	at ptolemy.actor.Manager.execute(Manager.java:369)
	at ptolemy.actor.Manager.run(Manager.java:1263)
	at ptolemy.actor.Manager$PtolemyRunThread.run(Manager.java:1915)
java.lang.reflect.InvocationTargetException
	at sun.reflect.NativeConstructorAccessorImpl.newInstance0(Native Method)
	at sun.reflect.NativeConstructorAccessorImpl.newInstance(NativeConstructorAccessorImpl.java:62)
	at sun.reflect.DelegatingConstructorAccessorImpl.newInstance(DelegatingConstructorAccessorImpl.java:45)
	at java.lang.reflect.Constructor.newInstance(Constructor.java:423)
	at ptolemy.util.test.junit.AutoKnownFailedTests.RunModel(AutoKnownFailedTests.java:107)
	at sun.reflect.NativeMethodAccessorImpl.invoke0(Native Method)
	at sun.reflect.NativeMethodAccessorImpl.invoke(NativeMethodAccessorImpl.java:62)
	at sun.reflect.DelegatingMethodAccessorImpl.invoke(DelegatingMethodAccessorImpl.java:43)
	at java.lang.reflect.Method.invoke(Method.java:498)
	at org.junit.runners.model.FrameworkMethod$1.runReflectiveCall(FrameworkMethod.java:44)
	at org.junit.internal.runners.model.ReflectiveCallable.run(ReflectiveCallable.java:15)
	at org.junit.runners.model.FrameworkMethod.invokeExplosively(FrameworkMethod.java:41)
	at junitparams.internal.InvokeParameterisedMethod.evaluate(InvokeParameterisedMethod.java:102)
	at org.junit.internal.runners.statements.FailOnTimeout$1.run(FailOnTimeout.java:28)
Caused by: ptolemy.kernel.util.IllegalActionException: Test fails in iteration 1.
Value was: 1.0. Should have been: 2.0
  in .DirectFeedback.Test
	at ptolemy.actor.lib.Test.fire(Test.java:268)
	at ptolemy.domains.de.kernel.DEDirector._fire(DEDirector.java:1949)
	at ptolemy.domains.de.kernel.DEDirector.fire(DEDirector.java:502)
	at ptolemy.actor.CompositeActor.fire(CompositeActor.java:455)
	at ptolemy.actor.Manager.iterate(Manager.java:851)
	at ptolemy.actor.Manager.execute(Manager.java:369)
	at ptolemy.actor.Manager.run(Manager.java:1263)
	at ptolemy.actor.Manager$PtolemyRunThread.run(Manager.java:1915)
java.lang.RuntimeException: Execution failed
	at ptolemy.moml.MoMLSimpleApplication$UnloadThread.run(MoMLSimpleApplication.java:402)
Caused by: ptolemy.kernel.util.IllegalActionException: Found a zero delay loop containing .HierarchicalModel.A
  in .HierarchicalModel and .HierarchicalModel.A
	at ptolemy.actor.util.CausalityInterfaceForComposites._computeOutputPortDepth(CausalityInterfaceForComposites.java:759)
	at ptolemy.actor.util.CausalityInterfaceForComposites._computeInputDepth(CausalityInterfaceForComposites.java:696)
	at ptolemy.actor.util.CausalityInterfaceForComposites._computeOutputPortDepth(CausalityInterfaceForComposites.java:765)
	at ptolemy.actor.util.CausalityInterfaceForComposites._computeInputDepth(CausalityInterfaceForComposites.java:696)
	at ptolemy.actor.util.CausalityInterfaceForComposites._computeOutputPortDepth(CausalityInterfaceForComposites.java:765)
	at ptolemy.actor.util.CausalityInterfaceForComposites._computeInputDepth(CausalityInterfaceForComposites.java:696)
	at ptolemy.actor.util.CausalityInterfaceForComposites._computeActorDepth(CausalityInterfaceForComposites.java:532)
	at ptolemy.actor.util.CausalityInterfaceForComposites.checkForCycles(CausalityInterfaceForComposites.java:96)
	at ptolemy.domains.de.kernel.DEDirector.preinitialize(DEDirector.java:1338)
	at ptolemy.actor.CompositeActor.preinitialize(CompositeActor.java:1828)
	at ptolemy.actor.Manager.preinitializeAndResolveTypes(Manager.java:1040)
	at ptolemy.actor.Manager.initialize(Manager.java:710)
	at ptolemy.actor.Manager.execute(Manager.java:356)
	at ptolemy.actor.Manager.run(Manager.java:1263)
	at ptolemy.actor.Manager$PtolemyRunThread.run(Manager.java:1915)
java.lang.reflect.InvocationTargetException
	at sun.reflect.NativeConstructorAccessorImpl.newInstance0(Native Method)
	at sun.reflect.NativeConstructorAccessorImpl.newInstance(NativeConstructorAccessorImpl.java:62)
	at sun.reflect.DelegatingConstructorAccessorImpl.newInstance(DelegatingConstructorAccessorImpl.java:45)
	at java.lang.reflect.Constructor.newInstance(Constructor.java:423)
	at ptolemy.util.test.junit.AutoKnownFailedTests.RunModel(AutoKnownFailedTests.java:107)
	at sun.reflect.NativeMethodAccessorImpl.invoke0(Native Method)
	at sun.reflect.NativeMethodAccessorImpl.invoke(NativeMethodAccessorImpl.java:62)
	at sun.reflect.DelegatingMethodAccessorImpl.invoke(DelegatingMethodAccessorImpl.java:43)
	at java.lang.reflect.Method.invoke(Method.java:498)
	at org.junit.runners.model.FrameworkMethod$1.runReflectiveCall(FrameworkMethod.java:44)
	at org.junit.internal.runners.model.ReflectiveCallable.run(ReflectiveCallable.java:15)
	at org.junit.runners.model.FrameworkMethod.invokeExplosively(FrameworkMethod.java:41)
	at junitparams.internal.InvokeParameterisedMethod.evaluate(InvokeParameterisedMethod.java:102)
	at org.junit.internal.runners.statements.FailOnTimeout$1.run(FailOnTimeout.java:28)
Caused by: ptolemy.kernel.util.IllegalActionException: Found a zero delay loop containing .HierarchicalModel.A
  in .HierarchicalModel and .HierarchicalModel.A
	at ptolemy.actor.util.CausalityInterfaceForComposites._computeOutputPortDepth(CausalityInterfaceForComposites.java:759)
	at ptolemy.actor.util.CausalityInterfaceForComposites._computeInputDepth(CausalityInterfaceForComposites.java:696)
	at ptolemy.actor.util.CausalityInterfaceForComposites._computeOutputPortDepth(CausalityInterfaceForComposites.java:765)
	at ptolemy.actor.util.CausalityInterfaceForComposites._computeInputDepth(CausalityInterfaceForComposites.java:696)
	at ptolemy.actor.util.CausalityInterfaceForComposites._computeOutputPortDepth(CausalityInterfaceForComposites.java:765)
	at ptolemy.actor.util.CausalityInterfaceForComposites._computeInputDepth(CausalityInterfaceForComposites.java:696)
	at ptolemy.actor.util.CausalityInterfaceForComposites._computeActorDepth(CausalityInterfaceForComposites.java:532)
	at ptolemy.actor.util.CausalityInterfaceForComposites.checkForCycles(CausalityInterfaceForComposites.java:96)
	at ptolemy.domains.de.kernel.DEDirector.preinitialize(DEDirector.java:1338)
	at ptolemy.actor.CompositeActor.preinitialize(CompositeActor.java:1828)
	at ptolemy.actor.Manager.preinitializeAndResolveTypes(Manager.java:1040)
	at ptolemy.actor.Manager.initialize(Manager.java:710)
	at ptolemy.actor.Manager.execute(Manager.java:356)
	at ptolemy.actor.Manager.run(Manager.java:1263)
	at ptolemy.actor.Manager$PtolemyRunThread.run(Manager.java:1915)
java.lang.RuntimeException: Execution failed
	at ptolemy.moml.MoMLSimpleApplication$UnloadThread.run(MoMLSimpleApplication.java:402)
Caused by: ptolemy.kernel.util.IllegalActionException: Found a zero delay loop containing .dependencyLoop.original
  in .dependencyLoop and .dependencyLoop.original
	at ptolemy.actor.util.CausalityInterfaceForComposites._computeOutputPortDepth(CausalityInterfaceForComposites.java:759)
	at ptolemy.actor.util.CausalityInterfaceForComposites._computeInputDepth(CausalityInterfaceForComposites.java:696)
	at ptolemy.actor.util.CausalityInterfaceForComposites._computeOutputPortDepth(CausalityInterfaceForComposites.java:765)
	at ptolemy.actor.util.CausalityInterfaceForComposites._computeInputDepth(CausalityInterfaceForComposites.java:696)
	at ptolemy.actor.util.CausalityInterfaceForComposites._computeOutputPortDepth(CausalityInterfaceForComposites.java:765)
	at ptolemy.actor.util.CausalityInterfaceForComposites._computeInputDepth(CausalityInterfaceForComposites.java:696)
	at ptolemy.actor.util.CausalityInterfaceForComposites._computeActorDepth(CausalityInterfaceForComposites.java:532)
	at ptolemy.actor.util.CausalityInterfaceForComposites.checkForCycles(CausalityInterfaceForComposites.java:96)
	at ptolemy.domains.de.kernel.DEDirector.preinitialize(DEDirector.java:1338)
	at ptolemy.actor.CompositeActor.preinitialize(CompositeActor.java:1828)
	at ptolemy.actor.Manager.preinitializeAndResolveTypes(Manager.java:1040)
	at ptolemy.actor.Manager.initialize(Manager.java:710)
	at ptolemy.actor.Manager.execute(Manager.java:356)
	at ptolemy.actor.Manager.run(Manager.java:1263)
	at ptolemy.actor.Manager$PtolemyRunThread.run(Manager.java:1915)
java.lang.reflect.InvocationTargetException
	at sun.reflect.NativeConstructorAccessorImpl.newInstance0(Native Method)
	at sun.reflect.NativeConstructorAccessorImpl.newInstance(NativeConstructorAccessorImpl.java:62)
	at sun.reflect.DelegatingConstructorAccessorImpl.newInstance(DelegatingConstructorAccessorImpl.java:45)
	at java.lang.reflect.Constructor.newInstance(Constructor.java:423)
	at ptolemy.util.test.junit.AutoKnownFailedTests.RunModel(AutoKnownFailedTests.java:107)
	at sun.reflect.NativeMethodAccessorImpl.invoke0(Native Method)
	at sun.reflect.NativeMethodAccessorImpl.invoke(NativeMethodAccessorImpl.java:62)
	at sun.reflect.DelegatingMethodAccessorImpl.invoke(DelegatingMethodAccessorImpl.java:43)
	at java.lang.reflect.Method.invoke(Method.java:498)
	at org.junit.runners.model.FrameworkMethod$1.runReflectiveCall(FrameworkMethod.java:44)
	at org.junit.internal.runners.model.ReflectiveCallable.run(ReflectiveCallable.java:15)
	at org.junit.runners.model.FrameworkMethod.invokeExplosively(FrameworkMethod.java:41)
	at junitparams.internal.InvokeParameterisedMethod.evaluate(InvokeParameterisedMethod.java:102)
	at org.junit.internal.runners.statements.FailOnTimeout$1.run(FailOnTimeout.java:28)
Caused by: ptolemy.kernel.util.IllegalActionException: Found a zero delay loop containing .dependencyLoop.original
  in .dependencyLoop and .dependencyLoop.original
	at ptolemy.actor.util.CausalityInterfaceForComposites._computeOutputPortDepth(CausalityInterfaceForComposites.java:759)
	at ptolemy.actor.util.CausalityInterfaceForComposites._computeInputDepth(CausalityInterfaceForComposites.java:696)
	at ptolemy.actor.util.CausalityInterfaceForComposites._computeOutputPortDepth(CausalityInterfaceForComposites.java:765)
	at ptolemy.actor.util.CausalityInterfaceForComposites._computeInputDepth(CausalityInterfaceForComposites.java:696)
	at ptolemy.actor.util.CausalityInterfaceForComposites._computeOutputPortDepth(CausalityInterfaceForComposites.java:765)
	at ptolemy.actor.util.CausalityInterfaceForComposites._computeInputDepth(CausalityInterfaceForComposites.java:696)
	at ptolemy.actor.util.CausalityInterfaceForComposites._computeActorDepth(CausalityInterfaceForComposites.java:532)
	at ptolemy.actor.util.CausalityInterfaceForComposites.checkForCycles(CausalityInterfaceForComposites.java:96)
	at ptolemy.domains.de.kernel.DEDirector.preinitialize(DEDirector.java:1338)
	at ptolemy.actor.CompositeActor.preinitialize(CompositeActor.java:1828)
	at ptolemy.actor.Manager.preinitializeAndResolveTypes(Manager.java:1040)
	at ptolemy.actor.Manager.initialize(Manager.java:710)
	at ptolemy.actor.Manager.execute(Manager.java:356)
	at ptolemy.actor.Manager.run(Manager.java:1263)
	at ptolemy.actor.Manager$PtolemyRunThread.run(Manager.java:1915)
java.lang.RuntimeException: Execution failed
	at ptolemy.moml.MoMLSimpleApplication$UnloadThread.run(MoMLSimpleApplication.java:402)
Caused by: ptolemy.kernel.util.IllegalActionException: Found a zero delay loop containing .dependencyLoop2.original
  in .dependencyLoop2 and .dependencyLoop2.original
	at ptolemy.actor.util.CausalityInterfaceForComposites._computeOutputPortDepth(CausalityInterfaceForComposites.java:759)
	at ptolemy.actor.util.CausalityInterfaceForComposites._computeInputDepth(CausalityInterfaceForComposites.java:696)
	at ptolemy.actor.util.CausalityInterfaceForComposites._computeOutputPortDepth(CausalityInterfaceForComposites.java:765)
	at ptolemy.actor.util.CausalityInterfaceForComposites._computeInputDepth(CausalityInterfaceForComposites.java:696)
	at ptolemy.actor.util.CausalityInterfaceForComposites._computeOutputPortDepth(CausalityInterfaceForComposites.java:765)
	at ptolemy.actor.util.CausalityInterfaceForComposites._computeInputDepth(CausalityInterfaceForComposites.java:696)
	at ptolemy.actor.util.CausalityInterfaceForComposites._computeActorDepth(CausalityInterfaceForComposites.java:532)
	at ptolemy.actor.util.CausalityInterfaceForComposites.checkForCycles(CausalityInterfaceForComposites.java:96)
	at ptolemy.domains.de.kernel.DEDirector.preinitialize(DEDirector.java:1338)
	at ptolemy.actor.CompositeActor.preinitialize(CompositeActor.java:1828)
	at ptolemy.actor.Manager.preinitializeAndResolveTypes(Manager.java:1040)
	at ptolemy.actor.Manager.initialize(Manager.java:710)
	at ptolemy.actor.Manager.execute(Manager.java:356)
	at ptolemy.actor.Manager.run(Manager.java:1263)
	at ptolemy.actor.Manager$PtolemyRunThread.run(Manager.java:1915)
java.lang.reflect.InvocationTargetException
	at sun.reflect.NativeConstructorAccessorImpl.newInstance0(Native Method)
	at sun.reflect.NativeConstructorAccessorImpl.newInstance(NativeConstructorAccessorImpl.java:62)
	at sun.reflect.DelegatingConstructorAccessorImpl.newInstance(DelegatingConstructorAccessorImpl.java:45)
	at java.lang.reflect.Constructor.newInstance(Constructor.java:423)
	at ptolemy.util.test.junit.AutoKnownFailedTests.RunModel(AutoKnownFailedTests.java:107)
	at sun.reflect.NativeMethodAccessorImpl.invoke0(Native Method)
	at sun.reflect.NativeMethodAccessorImpl.invoke(NativeMethodAccessorImpl.java:62)
	at sun.reflect.DelegatingMethodAccessorImpl.invoke(DelegatingMethodAccessorImpl.java:43)
	at java.lang.reflect.Method.invoke(Method.java:498)
	at org.junit.runners.model.FrameworkMethod$1.runReflectiveCall(FrameworkMethod.java:44)
	at org.junit.internal.runners.model.ReflectiveCallable.run(ReflectiveCallable.java:15)
	at org.junit.runners.model.FrameworkMethod.invokeExplosively(FrameworkMethod.java:41)
	at junitparams.internal.InvokeParameterisedMethod.evaluate(InvokeParameterisedMethod.java:102)
	at org.junit.internal.runners.statements.FailOnTimeout$1.run(FailOnTimeout.java:28)
Caused by: ptolemy.kernel.util.IllegalActionException: Found a zero delay loop containing .dependencyLoop2.original
  in .dependencyLoop2 and .dependencyLoop2.original
	at ptolemy.actor.util.CausalityInterfaceForComposites._computeOutputPortDepth(CausalityInterfaceForComposites.java:759)
	at ptolemy.actor.util.CausalityInterfaceForComposites._computeInputDepth(CausalityInterfaceForComposites.java:696)
	at ptolemy.actor.util.CausalityInterfaceForComposites._computeOutputPortDepth(CausalityInterfaceForComposites.java:765)
	at ptolemy.actor.util.CausalityInterfaceForComposites._computeInputDepth(CausalityInterfaceForComposites.java:696)
	at ptolemy.actor.util.CausalityInterfaceForComposites._computeOutputPortDepth(CausalityInterfaceForComposites.java:765)
	at ptolemy.actor.util.CausalityInterfaceForComposites._computeInputDepth(CausalityInterfaceForComposites.java:696)
	at ptolemy.actor.util.CausalityInterfaceForComposites._computeActorDepth(CausalityInterfaceForComposites.java:532)
	at ptolemy.actor.util.CausalityInterfaceForComposites.checkForCycles(CausalityInterfaceForComposites.java:96)
	at ptolemy.domains.de.kernel.DEDirector.preinitialize(DEDirector.java:1338)
	at ptolemy.actor.CompositeActor.preinitialize(CompositeActor.java:1828)
	at ptolemy.actor.Manager.preinitializeAndResolveTypes(Manager.java:1040)
	at ptolemy.actor.Manager.initialize(Manager.java:710)
	at ptolemy.actor.Manager.execute(Manager.java:356)
	at ptolemy.actor.Manager.run(Manager.java:1263)
	at ptolemy.actor.Manager$PtolemyRunThread.run(Manager.java:1915)
]]></system-err>
</testsuite>
