<?xml version="1.0" encoding="UTF-8" ?>
<testsuite errors="0" failures="0" hostname="travis-job-1c97dc39-b4a8-4363-94ac-91307ca27c26" name="ptolemy.actor.lib.test.junit.JUnitTclTest" skipped="0" tests="517" time="61.661" timestamp="2020-06-04T14:35:59">
  <properties>
    <property name="npm.executable" value="npm" />
    <property name="env.TRAVIS_ROOT" value="/" />
    <property name="ptII.mk.exists" value="true" />
    <property name="env.TRAVIS_APP_HOST" value="build.travis-ci.org" />
    <property name="env.rvm_bin_path" value="/home/travis/.rvm/bin" />
    <property name="java.home" value="/usr/local/lib/jvm/openjdk11" />
    <property name="env.TRAVIS_JOB_NUMBER" value="1652.8" />
    <property name="env.TRAVIS_HOME" value="/home/travis" />
    <property name="env.DISPLAY" value=":99.0" />
    <property name="env.TRAVIS_INIT" value="systemd" />
    <property name="env.SSH_TTY" value="/dev/pts/0" />
    <property name="java.net.preferIPv4Stack" value="true" />
    <property name="env.RUN_TESTS" value="true" />
    <property name="timeout.short" value="1000000" />
    <property name="junit.formatter" value="xml" />
    <property name="env.TRAVIS_SUDO" value="true" />
    <property name="env.TRAVIS_JOB_NAME" value="" />
    <property name="env.TRAVIS_STACK_NODE_ATTRIBUTES" value="/.node-attributes.yml" />
    <property name="env.LOGNAME" value="travis" />
    <property name="env.PT_TRAVIS_TEST_CORE1_XML" value="true" />
    <property name="jsdoc.home" value="node_modules/@terraswarm/jsdoc" />
    <property name="debuglevel" value="source,lines,vars" />
    <property name="checkstyle.formatter" value="xml" />
    <property name="env._system_version" value="16.04" />
    <property name="bin.vergil.makeable" value="true" />
    <property name="sun.os.patch.level" value="unknown" />
    <property name="java.vendor.url" value="http://java.oracle.com/" />
    <property name="env.TRAVIS_BUILD_WEB_URL" value="https://travis-ci.org/icyphy/ptII/builds/694666307" />
    <property name="java.version" value="11.0.2" />
    <property name="env.TZ" value="UTC" />
    <property name="env.TRAVIS_PULL_REQUEST_SHA" value="" />
    <property name="env.PT_NO_NET" value="true" />
    <property name="env.TRAVIS_SECURE_ENV_VARS" value="true" />
    <property name="env._system_type" value="Linux" />
    <property name="java.vendor.url.bug" value="http://bugreport.java.com/bugreport/" />
    <property name="npmjs-org-is-up" value="true" />
    <property name="env.LANGUAGE" value="en_US.UTF-8" />
    <property name="env.SSH_CLIENT" value="10.52.1.88 35924 22" />
    <property name="env.GEM_HOME" value="/home/travis/.rvm/gems/ruby-2.5.3" />
    <property name="env.HAS_ANTARES_THREE_LITTLE_FRONZIES_BADGE" value="true" />
    <property name="java.version.date" value="2019-01-15" />
    <property name="env.PS4" value="+" />
    <property name="ant.project.invoked-targets" value="build,test.core1.xml" />
    <property name="env.TRAVIS_PULL_REQUEST_BRANCH" value="" />
    <property name="env.TRAVIS_REPO_SLUG" value="icyphy/ptII" />
    <property name="env.XDG_DATA_DIRS" value="/usr/local/share:/usr/share:/var/lib/snapd/desktop" />
    <property name="jdk.debug" value="release" />
    <property name="env.TRAVIS_APT_PROXY" value="http://build-cache.travisci.net" />
    <property name="env.TRAVIS_CPU_ARCH" value="amd64" />
    <property name="node.in.path" value="true" />
    <property name="user.name" value="travis" />
    <property name="java.maxmemory" value="1400m" />
    <property name="env.RUBY_VERSION" value="ruby-2.5.3" />
    <property name="env.LANG" value="en_US.UTF-8" />
    <property name="sun.io.unicode.encoding" value="UnicodeLittle" />
    <property name="sun.jnu.encoding" value="UTF-8" />
    <property name="java.runtime.name" value="OpenJDK Runtime Environment" />
    <property name="usefile" value="false" />
    <property name="return.code" value="0" />
    <property name="junit.single.formatter" value="plain" />
    <property name="env.DYLD_LIBRARY_PATH" value="/home/travis/pthla/certi-tools/lib:" />
    <property name="env.DEBIAN_FRONTEND" value="noninteractive" />
    <property name="env.SSH_CONNECTION" value="10.52.1.88 35924 10.20.0.103 22" />
    <property name="env.MYSQL_UNIX_PORT" value="/var/run/mysqld/mysqld.sock" />
    <property name="env.LC_ALL" value="en_US.UTF-8" />
    <property name="env.TRAVIS_ALLOW_FAILURE" value="" />
    <property name="env.TRAVIS_JOB_WEB_URL" value="https://travis-ci.org/icyphy/ptII/jobs/694666328" />
    <property name="java.specification.name" value="Java Platform API Specification" />
    <property name="node.works" value="true" />
    <property name="user.timezone" value="" />
    <property name="path.separator" value=":" />
    <property name="env.TRAVIS_ENABLE_INFRA_DETECTION" value="true" />
    <property name="env.PYTHON_CFLAGS" value="-g -fstack-protector --param=ssp-buffer-size=4 -Wformat -Werror=format-security" />
    <property name="timeout.long" value="4000000" />
    <property name="env.CERTI_HOME" value="/home/travis/pthla/certi-tools" />
    <property name="ant.file.ptII" value="/home/travis/build/icyphy/ptII/build.xml" />
    <property name="javadoc.packagenames" value="com.*,diva.*,lbnl.*,org.hlacerti.*,org.json.*,org.ptolemy.*,org.terraswarm.*,ptolemy.*,ptserver.*" />
    <property name="file.encoding" value="UTF-8" />
    <property name="env.TRAVIS_PULL_REQUEST_SLUG" value="" />
    <property name="ant.project.default-target" value="build" />
    <property name="env.GIT_ASKPASS" value="echo" />
    <property name="env.HOME" value="/home/travis" />
    <property name="sun.java.command" value="org.apache.tools.ant.taskdefs.optional.junit.JUnitTestRunner ptolemy.actor.lib.test.junit.JUnitTclTest skipNonTests=false filtertrace=true haltOnError=false haltOnFailure=false formatter=org.apache.tools.ant.taskdefs.optional.junit.OutErrSummaryJUnitResultFormatter showoutput=true outputtoformatters=true logfailedtests=true threadid=0 logtestlistenerevents=false formatter=org.apache.tools.ant.taskdefs.optional.junit.XMLJUnitResultFormatter,/home/travis/build/icyphy/ptII/reports/junit/TEST-ptolemy.actor.lib.test.junit.JUnitTclTest.xml crashfile=/home/travis/build/icyphy/ptII/junitvmwatcher9701522279457231046.properties propsfile=/home/travis/build/icyphy/ptII/junit6671456312094035563.properties" />
    <property name="env.COMPOSER_NO_INTERACTION" value="1" />
    <property name="env.MANPATH" value="/home/travis/.nvm/versions/node/v7.10.1/share/man:/home/travis/.rvm/rubies/ruby-2.5.3/share/man:/usr/local/cmake-3.12.4/man:/usr/local/clang-7.0.0/share/man:/usr/local/man:/usr/local/share/man:/usr/share/man:/home/travis/.rvm/man" />
    <property name="env.TRAVIS_TIMER_ID" value="27808609" />
    <property name="ant.file" value="/home/travis/build/icyphy/ptII/build.xml" />
    <property name="env.TRAVIS_COMMIT_RANGE" value="3e950cfe0f3c004454147d0a7dfedd7f8d8e77cc...52bfcaaec950ad6b43d11ffdb9cd3f924b0c1f76" />
    <property name="env._system_name" value="Ubuntu" />
    <property name="ptII.classpath.optional.property" value="/home/travis/build/icyphy/ptII/lib/bsh-2.0b4.jar:/home/travis/build/icyphy/ptII/lib/ptCal.jar:/home/travis/build/icyphy/ptII/lib/java_cup.jar:/home/travis/build/icyphy/ptII/lib/saxon8.jar:/home/travis/build/icyphy/ptII/lib/saxon8-dom.jar:/home/travis/build/icyphy/ptII/lib/chic.jar:/home/travis/build/icyphy/ptII/lib/ptcolt.jar:/home/travis/build/icyphy/ptII/vendors/misc/itext/iText.jar:/home/travis/build/icyphy/ptII/lib/g4ltl.jar:/home/travis/build/icyphy/ptII/lib/StructuralCoder.jar:/home/travis/build/icyphy/ptII/lib/jcerti.jar:/home/travis/build/icyphy/ptII/lib/javax.mail.jar:/home/travis/build/icyphy/ptII/vendors/JMF-2.1.1e/lib/jmf.jar:/home/travis/build/icyphy/ptII/lib/jna-4.0.0-variadic.jar:/home/travis/build/icyphy/ptII/vendors/misc/joystick/Joystick.jar:/home/travis/build/icyphy/ptII/lib/ptjacl.jar:/home/travis/build/icyphy/ptII/lib/jsoup-1.8.2.jar:/home/travis/build/icyphy/ptII/lib/junit-4.8.2.jar:/home/travis/build/icyphy/ptII/lib/JUnitParams-0.4.0.jar:/home/travis/build/icyphy/ptII/ptolemy/actor/lib/excel/jxl.jar:/home/travis/build/icyphy/ptII/lib/jython.jar:/home/travis/build/icyphy/ptII/lib/kieler.jar:/home/travis/build/icyphy/ptII/vendors/opencv/share/OpenCV/java/opencv-341.jar:/home/travis/build/icyphy/ptII/lib/oscP5.jar:/home/travis/build/icyphy/ptII/lib/nrjavaserial-3.11.0.devel.jar:/home/travis/build/icyphy/ptII/vendors/j3d/lib/Linux/j3dcore.jar:/home/travis/build/icyphy/ptII/vendors/j3d/lib/Linux/j3dutils.jar:/home/travis/build/icyphy/ptII/vendors/j3d/lib/Linux/vecmath.jar:/home/travis/build/icyphy/ptII/vendors/jogl/lib/Linux/gluegen-rt-natives-linux-amd64.jar:/home/travis/build/icyphy/ptII/vendors/jogl/lib/Linux/gluegen-rt.jar:/home/travis/build/icyphy/ptII/vendors/jogl/lib/Linux/jogl-all-natives-linux-amd64.jar:/home/travis/build/icyphy/ptII/vendors/jogl/lib/Linux/jogl-all.jar:/home/travis/build/icyphy/ptII/ptolemy/distributed/jini/jar/jini-core.jar:/home/travis/build/icyphy/ptII/ptolemy/distributed/jini/jar/jini-ext.jar:/home/travis/build/icyphy/ptII/ptolemy/distributed/jini/jar/sun-util.jar:/home/travis/build/icyphy/ptII/lib/protobuf-java-2.4.1.jar:/home/travis/build/icyphy/ptII/lib/org.eclipse.paho.client.mqttv3.jar:/home/travis/build/icyphy/ptII/lib/mapss.jar:/home/travis/build/icyphy/ptII/ptolemy/actor/ptalon/antlr/antlr.jar:/home/travis/build/icyphy/ptII/lib/JRI.jar:/home/travis/build/icyphy/ptII/lib/commons-lang-2.6.jar:/home/travis/build/icyphy/ptII/lib/commons-logging-1.1.1.jar:/home/travis/build/icyphy/ptII/lib/sootclasses.jar:/home/travis/build/icyphy/ptII/ptolemy/actor/lib/database/mysql-connector-java-5.1.6-bin.jar:/home/travis/build/icyphy/ptII/vendors/misc/sphinx4/sphinx4-data-5prealpha.jar:/home/travis/build/icyphy/ptII/vendors/misc/sphinx4/sphinx4-core-5prealpha.jar:/home/travis/build/icyphy/ptII/lib/PDFRenderer.jar:/home/travis/build/icyphy/ptII/lib/svgSalamander.jar:/home/travis/build/icyphy/ptII/lib/rsyntaxtextarea-2.6.0-SNAPSHOT.jar:/home/travis/build/icyphy/ptII/lib/hazelcast-3.8.2.jar:/home/travis/build/icyphy/ptII/lib/jackson-annotations-2.9.0.jar:/home/travis/build/icyphy/ptII/lib/jackson-core-2.9.3.jar:/home/travis/build/icyphy/ptII/lib/jackson-databind-2.9.3.jar:/home/travis/build/icyphy/ptII/lib/netty-buffer-4.1.19.Final.jar:/home/travis/build/icyphy/ptII/lib/netty-codec-4.1.19.Final.jar:/home/travis/build/icyphy/ptII/lib/netty-codec-dns-4.1.19.Final.jar:/home/travis/build/icyphy/ptII/lib/netty-codec-http-4.1.19.Final.jar:/home/travis/build/icyphy/ptII/lib/netty-codec-http2-4.1.19.Final.jar:/home/travis/build/icyphy/ptII/lib/netty-common-4.1.19.Final.jar:/home/travis/build/icyphy/ptII/lib/netty-handler-4.1.19.Final.jar:/home/travis/build/icyphy/ptII/lib/netty-resolver-4.1.19.Final.jar:/home/travis/build/icyphy/ptII/lib/netty-resolver-dns-4.1.19.Final.jar:/home/travis/build/icyphy/ptII/lib/netty-transport-4.1.19.Final.jar:/home/travis/build/icyphy/ptII/lib/vertx-codegen-3.5.1.jar:/home/travis/build/icyphy/ptII/lib/vertx-core-3.5.2-SNAPSHOT.jar:/home/travis/build/icyphy/ptII/lib/vertx-hazelcast-3.5.1.jar:/home/travis/build/icyphy/ptII/lib/vertx-lang-js-3.5.1.jar:/home/travis/build/icyphy/ptII/lib/vertx-service-proxy-3.5.1.jar:/home/travis/build/icyphy/ptII/lib/vertx-web-3.5.1.jar:/home/travis/build/icyphy/ptII/lib/slf4j-api-1.7.13.jar:/home/travis/build/icyphy/ptII/lib/slf4j-simple-1.7.13.jar:/home/travis/build/icyphy/ptII/lib/webcam-capture-0.3.12.jar:/home/travis/build/icyphy/ptII/lib/bridj-0.7.0.jar:/home/travis/build/icyphy/ptII/lib/xbjlib-1.1.0.nrjavaserial.jar" />
    <property name="timeout" value="2400000" />
    <property name="test.batch" value="**/junit/*.java" />
    <property name="env._" value="/usr/bin/timeout" />
    <property name="java.io.tmpdir" value="/tmp" />
    <property name="user.language" value="en" />
    <property name="env.TRAVIS_INTERNAL_RUBY_REGEX" value="^ruby-(2\.[0-4]\.[0-9]|1\.9\.3)" />
    <property name="env.HISTCONTROL" value="ignoredups:ignorespace" />
    <property name="env.GOROOT" value="/home/travis/.gimme/versions/go1.11.1.linux.amd64" />
    <property name="line.separator" value="&#xa;" />
    <property name="target" value="11" />
    <property name="env.TRAVIS_BUILD_DIR" value="/home/travis/build/icyphy/ptII" />
    <property name="env.ANT_OPTS" value="-Xmx2048m" />
    <property name="ant.file.type" value="file" />
    <property name="ptolemy.ptII.batchMode" value="true" />
    <property name="env.HISTSIZE" value="1000" />
    <property name="env.MERB_ENV" value="test" />
    <property name="java.vm.info" value="mixed mode" />
    <property name="source" value="11" />
    <property name="java.vm.specification.name" value="Java Virtual Machine Specification" />
    <property name="env.TRAVIS_TEST_RESULT" value="0" />
    <property name="jsdoc.command" value="node_modules/@terraswarm/jsdoc/jsdoc.js" />
    <property name="npm.works" value="true" />
    <property name="cobertura.dir" value="/home/travis/build/icyphy/ptII/vendors/cobertura-2.0.3" />
    <property name="jsdoc.command.exists" value="true" />
    <property name="env.rvm_path" value="/home/travis/.rvm" />
    <property name="env.GEM_PATH" value="/home/travis/.rvm/gems/ruby-2.5.3:/home/travis/.rvm/gems/ruby-2.5.3@global" />
    <property name="env.LC_CTYPE" value="en_US.UTF-8" />
    <property name="env.TRAVIS_CMD" value="$PTII/bin/ptIITravisBuild.sh $SECONDS" />
    <property name="java.awt.printerjob" value="sun.print.PSPrinterJob" />
    <property name="env.TRAVIS_STACK_NAME" value="sardonyx" />
    <property name="env.TRAVIS_TIMER_START_TIME" value="1591280774319019052" />
    <property name="ant.version" value="Apache Ant(TM) version 1.10.1 compiled on February 2 2017" />
    <property name="ptII.reports" value="/home/travis/build/icyphy/ptII/reports" />
    <property name="env.TRAVIS_STACK_TIMESTAMP" value="2019-03-25 16:16:56 UTC" />
    <property name="ant.file.type.ptII" value="file" />
    <property name="env.RBENV_SHELL" value="bash" />
    <property name="os.name" value="Linux" />
    <property name="java.specification.vendor" value="Oracle Corporation" />
    <property name="env.rvm_version" value="1.29.7 (latest)" />
    <property name="env.TRAVIS_INFRA" value="unknown" />
    <property name="env.TERM" value="xterm" />
    <property name="java.vm.name" value="OpenJDK 64-Bit Server VM" />
    <property name="env.TRAVIS_BUILD_NUMBER" value="1652" />
    <property name="env.CI" value="true" />
    <property name="java.library.path" value="/home/travis/pthla/certi-tools/lib:/usr/lib/jni:/usr/local/share/OpenCV/java/:/usr/share/OpenCV/java::/usr/java/packages/lib:/usr/lib64:/lib64:/lib:/usr/lib" />
    <property name="jdk.module.path" value="/home/travis/build/icyphy/ptII/vendors/javafx/javafx-sdk-11.0.2/lib:" />
    <property name="env.rvm_prefix" value="/home/travis" />
    <property name="env.PATH" value="/home/travis/pthla/certi-tools/share/scripts:/home/travis/.rvm/gems/ruby-2.5.3/bin:/home/travis/.rvm/gems/ruby-2.5.3@global/bin:/home/travis/.rvm/rubies/ruby-2.5.3/bin:/home/travis/.rvm/bin:/home/travis/.nvm/versions/node/v7.10.1/bin:./node_modules/.bin:/home/travis/build/icyphy/ptII/bin:/home/travis/pthla/certi-tools/bin:/home/travis/bin:/home/travis/.local/bin:/usr/local/lib/jvm/openjdk11/bin:/opt/pyenv/shims:/home/travis/.phpenv/shims:/home/travis/perl5/perlbrew/bin:/home/travis/gopath/bin:/home/travis/.gimme/versions/go1.11.1.linux.amd64/bin:/usr/local/maven-3.6.0/bin:/usr/local/cmake-3.12.4/bin:/usr/local/clang-7.0.0/bin:/usr/local/sbin:/usr/local/bin:/usr/sbin:/usr/bin:/sbin:/bin:/snap/bin:/home/travis/.phpenv/bin:/opt/pyenv/bin:/home/travis/.yarn/bin" />
    <property name="env.TRAVIS_OS_NAME" value="linux" />
    <property name="ant.java.version" value="9" />
    <property name="basedir" value="/home/travis/build/icyphy/ptII" />
    <property name="java.class.version" value="55.0" />
    <property name="env.SHLVL" value="3" />
    <property name="env.LD_LIBRARY_PATH" value="/home/travis/pthla/certi-tools/lib:/usr/lib/jni:/usr/local/share/OpenCV/java/:/usr/share/OpenCV/java:" />
    <property name="env.RACK_ENV" value="test" />
    <property name="ant.home" value="/home/travis/build/icyphy/ptII/ant" />
    <property name="env.NVM_DIR" value="/home/travis/.nvm" />
    <property name="env.CERTI_FOM_PATH" value="/home/travis/pthla/certi-tools/share/federations" />
    <property name="env.TRAVIS_BUILD_ID" value="694666307" />
    <property name="env.PYENV_ROOT" value="/opt/pyenv" />
    <property name="env.TRAVIS_UID" value="2000" />
    <property name="prism.verbose" value="true" />
    <property name="env.NVM_BIN" value="/home/travis/.nvm/versions/node/v7.10.1/bin" />
    <property name="env.TRAVIS_COMMIT" value="52bfcaaec950ad6b43d11ffdb9cd3f924b0c1f76" />
    <property name="env._system_arch" value="x86_64" />
    <property name="node.executable" value="node" />
    <property name="sun.boot.library.path" value="/usr/local/lib/jvm/openjdk11/lib" />
    <property name="sun.management.compiler" value="HotSpot 64-Bit Tiered Compilers" />
    <property name="java.awt.graphicsenv" value="sun.awt.X11GraphicsEnvironment" />
    <property name="env.GOPATH" value="/home/travis/gopath" />
    <property name="ptolemy.ptII.dir" value="/home/travis/build/icyphy/ptII" />
    <property name="env.USER" value="travis" />
    <property name="env.HISTFILESIZE" value="2000" />
    <property name="env.NVM_INC" value="/home/travis/.nvm/versions/node/v7.10.1/include/node" />
    <property name="timeout.longest" value="19000000" />
    <property name="env.PERLBREW_SHELLRC_VERSION" value="0.86" />
    <property name="env.TRAVIS_STACK_FEATURES" value="basic couchdb disabled-ipv6 docker docker-compose elasticsearch firefox go-toolchain google-chrome jdk memcached mongodb mysql nodejs_interpreter perl_interpreter perlbrew phantomjs postgresql python_interpreter redis ruby_interpreter sqlite xserver" />
    <property name="env.TRAVIS_PULL_REQUEST" value="false" />
    <property name="env.PYENV_SHELL" value="bash" />
    <property name="ant.project.name" value="ptII" />
    <property name="env.ANSI_RESET" value="\033[0m" />
    <property name="java.vm.specification.version" value="11" />
    <property name="env.TRAVIS_DIST" value="xenial" />
    <property name="env.CERTI_VERSION" value="4.0.0" />
    <property name="env.CERTI_HOST" value="localhost" />
    <property name="awt.toolkit" value="sun.awt.X11.XToolkit" />
    <property name="env.MY_RUBY_HOME" value="/home/travis/.rvm/rubies/ruby-2.5.3" />
    <property name="sun.cpu.isalist" value="" />
    <property name="env.TRAVIS_TMPDIR" value="/tmp/tmp.XvtWRCC3DK" />
    <property name="java.vm.compressedOopsMode" value="Zero based" />
    <property name="os.version" value="4.15.0-1028-gcp" />
    <property name="user.home" value="/home/travis" />
    <property name="java.vm.vendor" value="Oracle Corporation" />
    <property name="env.TRAVIS_TAG" value="nightly" />
    <property name="env.ANSI_YELLOW" value="\033[33;1m" />
    <property name="env.TRAVIS_FILTERED" value="redirect_io" />
    <property name="env.ANSI_GREEN" value="\033[32;1m" />
    <property name="env.JAVA_HOME" value="/usr/local/lib/jvm/openjdk11" />
    <property name="javadoc.excludepackagenames" value="adm.cvs2svn.*,build.*,config.*,doc.coding.templates.*,jni.test.jni.meaningOfLife.*,jni.test.jni.testDeux.*,jni.test.jni.testTrois.*,org.terraswarm.accessor.accessors.web.node_modules.*,org.terraswarm.accessor.accessors.web.hosts.cordova.demo.*,org.terraswarm.accessor.accessors.web.hosts.cordova.plugins.*,org.terraswarm.accessor.accessors-svn.*,pt-modules.*,ptolemy.apps.agilent.*,ptolemy.apps.anytimecontrol.*,ptolemy.apps.apes.*,ptolemy.apps.charon.*,ptolemy.apps.crazyboard.*,ptolemy.apps.eclipse.*,ptolemy.apps.etherealSting.*,ptolemy.apps.fullscreen.*,ptolemy.apps.giotto.*,ptolemy.apps.ia.*,ptolemy.apps.interfaces.*,ptolemy.apps.jmf.*,ptolemy.apps.kurt.*,ptolemy.apps.kvm.*,ptolemy.apps.lego.*,ptolemy.apps.lejos.*,ptolemy.apps.midp.*,ptolemy.apps.mobileCoding.*,ptolemy.apps.pendulum.*,ptolemy.apps.rijndael.*,ptolemy.apps.robot.*,ptolemy.apps.security.*,ptolemy.apps.sobel.*,ptolemy.apps.soot.*,ptolemy.apps.throttle.*,ptolemy.apps.tini.*,ptolemy.apps.transmission.*,ptolemy.apps.vergil.*,ptolemy.apps.waba.*,ptolemy.apps.websensor.*,ptolemy.apps.webstart.*,ptolemy.apps.xsl.*,ptolemy.apps.zaurus.*,ptolemy.codegen.c.actor.lib.oldJavaFiles.*,ptolemy.codegen.dsp.lib.*,ptolemy.codegen.kernel.newInterfaces.*,ptolemy.codegen.lib.*,ptolemy.copernicus.kernel.fragment.*,ptolemy.copernicus.shallow.cg.*,ptolemy.domains.giotto.demo.Hierarchy.Hierarchy.*,ptolemy.domains.giotto.demo.Multimode.Multimode.*,ptolemy.domains.giotto.demo.Simple.Simple.*,ptolemy.domains.gr.lib.experimental.*,ptolemy.domains.gro.*,ptolemy.domains.pdf.*,ptolemy.domains.ptinyos.demo.Surge.output.*,ptolemy.moml.test.NoPackageActor.java*,ptolemy.plot.adm.*,ptolemy.plot.servlet.*,reports.*,signed.*,src.*,target.*,vendors.*,ptolemy.copernicus.applet.*,ptolemy.media.viewer.*,ptolemy.actor.corba.*,doc.doclets.*,ptolemy.apps.eclipse.awt.*,ptolemy.backtrack.*,ptolemy.backtrack.ast.*,ptolemy.cg.adapter.generic.program.procedural.c.mbed*,ptolemy.homer.*,ptolemy.actor.lib.jai.*,org.ptolemy.scala.*,diva.util.java2d.svg.*,ptolemy.domains.ptinyos.*,ptolemy.actor.lib.fmi.fmipp.*,,org.terraswarm.accessor.accessors.web.node_modules.*,org.terraswarm.accessor.accessors-svn,ptolemy.apps.*,ptolemy.actor.ptalon.demo.ptinyos.SendAndReceiveCnt.output,ptolemy.actor.ptalon.demo.ptinyos.SenseToLeds.output,ptolemy.domains.ptinyos.demo.CntToLedsAndRfm.output,ptolemy.domains.ptinyos.demo.RfmToLeds.output,ptolemy.domains.ptinyos.demo.SendAndReceiveCnt.output,ptolemy.domains.ptinyos.demo.SenseToLeds.output,ptolemy.actor.lib.jjs.modules.udpSocket.*" />
    <property name="env.PTII" value="/home/travis/build/icyphy/ptII" />
    <property name="env.XDG_SESSION_ID" value="2" />
    <property name="keystore" value="ptKeystore" />
    <property name="env.TRAVIS_COMMIT_MESSAGE" value="Updating models using array data type." />
    <property name="junit.output.dir" value="/home/travis/build/icyphy/ptII/reports/junit" />
    <property name="npm.return.code" value="0" />
    <property name="user.dir" value="/home/travis/build/icyphy/ptII/ptolemy/actor/lib/test" />
    <property name="env.TRAVIS_NODE_VERSION" value="7" />
    <property name="env.TRAVIS_EVENT_TYPE" value="cron" />
    <property name="env.MAIL" value="/var/mail/travis" />
    <property name="env.PERLBREW_ROOT" value="/home/travis/perl5/perlbrew" />
    <property name="env.PWD" value="/home/travis/build/icyphy/ptII" />
    <property name="timeout.npm" value="45000" />
    <property name="env.TRAVIS_ARCH" value="amd64" />
    <property name="sun.cpu.endian" value="little" />
    <property name="env.PAGER" value="cat" />
    <property name="env.TRAVIS_BUILD_STAGE_NAME" value="test" />
    <property name="env.PERLBREW_HOME" value="/home/travis/.perlbrew" />
    <property name="java.vm.version" value="11.0.2+9" />
    <property name="env.RAILS_ENV" value="test" />
    <property name="java.class.path" value="/home/travis/.ptolemyII:/home/travis/.ptolemyII/*:/home/travis/build/icyphy/ptII:/home/travis/build/icyphy/ptII/lib/bsh-2.0b4.jar:/home/travis/build/icyphy/ptII/lib/ptCal.jar:/home/travis/build/icyphy/ptII/lib/java_cup.jar:/home/travis/build/icyphy/ptII/lib/saxon8.jar:/home/travis/build/icyphy/ptII/lib/saxon8-dom.jar:/home/travis/build/icyphy/ptII/lib/chic.jar:/home/travis/build/icyphy/ptII/lib/ptcolt.jar:/home/travis/build/icyphy/ptII/vendors/misc/itext/iText.jar:/home/travis/build/icyphy/ptII/lib/g4ltl.jar:/home/travis/build/icyphy/ptII/lib/StructuralCoder.jar:/home/travis/build/icyphy/ptII/lib/jcerti.jar:/home/travis/build/icyphy/ptII/lib/javax.mail.jar:/home/travis/build/icyphy/ptII/vendors/JMF-2.1.1e/lib/jmf.jar:/home/travis/build/icyphy/ptII/lib/jna-4.0.0-variadic.jar:/home/travis/build/icyphy/ptII/vendors/misc/joystick/Joystick.jar:/home/travis/build/icyphy/ptII/lib/ptjacl.jar:/home/travis/build/icyphy/ptII/lib/jsoup-1.8.2.jar:/home/travis/build/icyphy/ptII/lib/junit-4.8.2.jar:/home/travis/build/icyphy/ptII/lib/JUnitParams-0.4.0.jar:/home/travis/build/icyphy/ptII/ptolemy/actor/lib/excel/jxl.jar:/home/travis/build/icyphy/ptII/lib/jython.jar:/home/travis/build/icyphy/ptII/lib/kieler.jar:/home/travis/build/icyphy/ptII/vendors/opencv/share/OpenCV/java/opencv-341.jar:/home/travis/build/icyphy/ptII/lib/oscP5.jar:/home/travis/build/icyphy/ptII/lib/nrjavaserial-3.11.0.devel.jar:/home/travis/build/icyphy/ptII/vendors/j3d/lib/Linux/j3dcore.jar:/home/travis/build/icyphy/ptII/vendors/j3d/lib/Linux/j3dutils.jar:/home/travis/build/icyphy/ptII/vendors/j3d/lib/Linux/vecmath.jar:/home/travis/build/icyphy/ptII/vendors/jogl/lib/Linux/gluegen-rt-natives-linux-amd64.jar:/home/travis/build/icyphy/ptII/vendors/jogl/lib/Linux/gluegen-rt.jar:/home/travis/build/icyphy/ptII/vendors/jogl/lib/Linux/jogl-all-natives-linux-amd64.jar:/home/travis/build/icyphy/ptII/vendors/jogl/lib/Linux/jogl-all.jar:/home/travis/build/icyphy/ptII/ptolemy/distributed/jini/jar/jini-core.jar:/home/travis/build/icyphy/ptII/ptolemy/distributed/jini/jar/jini-ext.jar:/home/travis/build/icyphy/ptII/ptolemy/distributed/jini/jar/sun-util.jar:/home/travis/build/icyphy/ptII/lib/protobuf-java-2.4.1.jar:/home/travis/build/icyphy/ptII/lib/org.eclipse.paho.client.mqttv3.jar:/home/travis/build/icyphy/ptII/lib/mapss.jar:/home/travis/build/icyphy/ptII/ptolemy/actor/ptalon/antlr/antlr.jar:/home/travis/build/icyphy/ptII/lib/JRI.jar:/home/travis/build/icyphy/ptII/lib/commons-lang-2.6.jar:/home/travis/build/icyphy/ptII/lib/commons-logging-1.1.1.jar:/home/travis/build/icyphy/ptII/lib/sootclasses.jar:/home/travis/build/icyphy/ptII/ptolemy/actor/lib/database/mysql-connector-java-5.1.6-bin.jar:/home/travis/build/icyphy/ptII/vendors/misc/sphinx4/sphinx4-data-5prealpha.jar:/home/travis/build/icyphy/ptII/vendors/misc/sphinx4/sphinx4-core-5prealpha.jar:/home/travis/build/icyphy/ptII/lib/PDFRenderer.jar:/home/travis/build/icyphy/ptII/lib/svgSalamander.jar:/home/travis/build/icyphy/ptII/lib/rsyntaxtextarea-2.6.0-SNAPSHOT.jar:/home/travis/build/icyphy/ptII/lib/hazelcast-3.8.2.jar:/home/travis/build/icyphy/ptII/lib/jackson-annotations-2.9.0.jar:/home/travis/build/icyphy/ptII/lib/jackson-core-2.9.3.jar:/home/travis/build/icyphy/ptII/lib/jackson-databind-2.9.3.jar:/home/travis/build/icyphy/ptII/lib/netty-buffer-4.1.19.Final.jar:/home/travis/build/icyphy/ptII/lib/netty-codec-4.1.19.Final.jar:/home/travis/build/icyphy/ptII/lib/netty-codec-dns-4.1.19.Final.jar:/home/travis/build/icyphy/ptII/lib/netty-codec-http-4.1.19.Final.jar:/home/travis/build/icyphy/ptII/lib/netty-codec-http2-4.1.19.Final.jar:/home/travis/build/icyphy/ptII/lib/netty-common-4.1.19.Final.jar:/home/travis/build/icyphy/ptII/lib/netty-handler-4.1.19.Final.jar:/home/travis/build/icyphy/ptII/lib/netty-resolver-4.1.19.Final.jar:/home/travis/build/icyphy/ptII/lib/netty-resolver-dns-4.1.19.Final.jar:/home/travis/build/icyphy/ptII/lib/netty-transport-4.1.19.Final.jar:/home/travis/build/icyphy/ptII/lib/vertx-codegen-3.5.1.jar:/home/travis/build/icyphy/ptII/lib/vertx-core-3.5.2-SNAPSHOT.jar:/home/travis/build/icyphy/ptII/lib/vertx-hazelcast-3.5.1.jar:/home/travis/build/icyphy/ptII/lib/vertx-lang-js-3.5.1.jar:/home/travis/build/icyphy/ptII/lib/vertx-service-proxy-3.5.1.jar:/home/travis/build/icyphy/ptII/lib/vertx-web-3.5.1.jar:/home/travis/build/icyphy/ptII/lib/slf4j-api-1.7.13.jar:/home/travis/build/icyphy/ptII/lib/slf4j-simple-1.7.13.jar:/home/travis/build/icyphy/ptII/lib/webcam-capture-0.3.12.jar:/home/travis/build/icyphy/ptII/lib/bridj-0.7.0.jar:/home/travis/build/icyphy/ptII/lib/xbjlib-1.1.0.nrjavaserial.jar:/home/travis/build/icyphy/ptII/ptolemy/moml/test:/home/travis/build/icyphy/ptII/ant/lib/ant-launcher.jar:/home/travis/build/icyphy/ptII/ant/lib/ant.jar:/home/travis/build/icyphy/ptII/ant/lib/ant-junit.jar:/home/travis/build/icyphy/ptII/ant/lib/ant-junit4.jar" />
    <property name="ant.library.dir" value="/home/travis/build/icyphy/ptII/ant/lib" />
    <property name="os.arch" value="amd64" />
    <property name="env.CONTINUOUS_INTEGRATION" value="true" />
    <property name="env.TRAVIS_LANGUAGE" value="node_js" />
    <property name="env.TRAVIS_STACK_LANGUAGES" value="__sardonyx__ c c++ clojure cplusplus cpp default generic go groovy java node_js php pure_java python ruby scala" />
    <property name="test.name" value="ptolemy.actor.lib.test.junit.JUnitTclTest" />
    <property name="env.APT_KEY_DONT_WARN_ON_DANGEROUS_USAGE" value="1" />
    <property name="sun.java.launcher" value="SUN_STANDARD" />
    <property name="env.PYTHON_CONFIGURE_OPTS" value="--enable-unicode=ucs4 --with-wide-unicode --enable-shared --enable-ipv6 --enable-loadable-sqlite-extensions --with-computed-gotos" />
    <property name="ant.core.lib" value="/home/travis/build/icyphy/ptII/ant/lib/ant.jar" />
    <property name="java.vm.specification.vendor" value="Oracle Corporation" />
    <property name="env.BCVTB_HOME" value="/home/travis/build/icyphy/ptII/lbnl" />
    <property name="file.separator" value="/" />
    <property name="spotbugs.home" value="/home/travis/build/icyphy/ptII/vendors/spotbugs-3.1.1" />
    <property name="java.runtime.version" value="11.0.2+9" />
    <property name="env.ANSI_CLEAR" value="\033[0K" />
    <property name="javafx.verbose" value="true" />
    <property name="env.HAS_JOSH_K_SEAL_OF_APPROVAL" value="true" />
    <property name="env.XDG_RUNTIME_DIR" value="/run/user/2000" />
    <property name="env.TRAVIS_OSX_IMAGE" value="" />
    <property name="env.TRAVIS_JOB_ID" value="694666328" />
    <property name="env.TRAVIS_BRANCH" value="master" />
    <property name="user.country" value="US" />
    <property name="env.CERTI_HOME_TRAVIS" value="/home/travis/pthla/certi-tools" />
    <property name="env.SHELL" value="/bin/bash" />
    <property name="java.maxmemory.large" value="3200m" />
    <property name="model" value="" />
    <property name="env.CASHER_DIR" value="/home/travis/.casher" />
    <property name="env.NVM_CD_FLAGS" value="" />
    <property name="java.vendor.version" value="18.9" />
    <property name="jshint.executable" value="/home/travis/node_modules/jshint/bin/jshint" />
    <property name="env.JRUBY_OPTS" value=" --client -J-XX:+TieredCompilation -J-XX:TieredStopAtLevel=1 -J-Xss2m -Xcompile.invokedynamic=false" />
    <property name="java.vendor" value="Oracle Corporation" />
    <property name="env.TRAVIS_PRE_CHEF_BOOTSTRAP_TIME" value="2019-03-25T16:16:42" />
    <property name="env.TRAVIS_STACK_JOB_BOARD_REGISTER" value="/.job-board-register.yml" />
    <property name="env.ANSI_RED" value="\033[31;1m" />
    <property name="java.specification.version" value="11" />
    <property name="env.IRBRC" value="/home/travis/.rvm/rubies/ruby-2.5.3/.irbrc" />
    <property name="env.TRAVIS" value="true" />
    <property name="sun.arch.data.model" value="64" />
  </properties>
  <testcase classname="ptolemy.util.test.junit.TclTests" name="[0] /home/travis/build/icyphy/ptII/ptolemy/actor/lib/test/AbsoluteValue.tcl (RunTclFile)" time="0.542" />
  <testcase classname="ptolemy.util.test.junit.TclTests" name="[1] /home/travis/build/icyphy/ptII/ptolemy/actor/lib/test/AddSubtract.tcl (RunTclFile)" time="0.187" />
  <testcase classname="ptolemy.util.test.junit.TclTests" name="[2] /home/travis/build/icyphy/ptII/ptolemy/actor/lib/test/Average.tcl (RunTclFile)" time="0.073" />
  <testcase classname="ptolemy.util.test.junit.TclTests" name="[3] /home/travis/build/icyphy/ptII/ptolemy/actor/lib/test/Bernoulli.tcl (RunTclFile)" time="0.037" />
  <testcase classname="ptolemy.util.test.junit.TclTests" name="[4] /home/travis/build/icyphy/ptII/ptolemy/actor/lib/test/Clock.tcl (RunTclFile)" time="0.102" />
  <testcase classname="ptolemy.util.test.junit.TclTests" name="[5] /home/travis/build/icyphy/ptII/ptolemy/actor/lib/test/Commutator.tcl (RunTclFile)" time="0.162" />
  <testcase classname="ptolemy.util.test.junit.TclTests" name="[6] /home/travis/build/icyphy/ptII/ptolemy/actor/lib/test/Const.tcl (RunTclFile)" time="0.153" />
  <testcase classname="ptolemy.util.test.junit.TclTests" name="[7] /home/travis/build/icyphy/ptII/ptolemy/actor/lib/test/CurrentTime.tcl (RunTclFile)" time="0.045" />
  <testcase classname="ptolemy.util.test.junit.TclTests" name="[8] /home/travis/build/icyphy/ptII/ptolemy/actor/lib/test/DB.tcl (RunTclFile)" time="0.037" />
  <testcase classname="ptolemy.util.test.junit.TclTests" name="[9] /home/travis/build/icyphy/ptII/ptolemy/actor/lib/test/DiscreteRandomSource.tcl (RunTclFile)" time="0.056" />
  <testcase classname="ptolemy.util.test.junit.TclTests" name="[10] /home/travis/build/icyphy/ptII/ptolemy/actor/lib/test/Distributor.tcl (RunTclFile)" time="0.098" />
  <testcase classname="ptolemy.util.test.junit.TclTests" name="[11] /home/travis/build/icyphy/ptII/ptolemy/actor/lib/test/Exit.tcl (RunTclFile)" time="0.104" />
  <testcase classname="ptolemy.util.test.junit.TclTests" name="[12] /home/travis/build/icyphy/ptII/ptolemy/actor/lib/test/Expression.tcl (RunTclFile)" time="0.092" />
  <testcase classname="ptolemy.util.test.junit.TclTests" name="[13] /home/travis/build/icyphy/ptII/ptolemy/actor/lib/test/Gaussian.tcl (RunTclFile)" time="0.473" />
  <testcase classname="ptolemy.util.test.junit.TclTests" name="[14] /home/travis/build/icyphy/ptII/ptolemy/actor/lib/test/IIR.tcl (RunTclFile)" time="0.053" />
  <testcase classname="ptolemy.util.test.junit.TclTests" name="[15] /home/travis/build/icyphy/ptII/ptolemy/actor/lib/test/Interpolator.tcl (RunTclFile)" time="0.059" />
  <testcase classname="ptolemy.util.test.junit.TclTests" name="[16] /home/travis/build/icyphy/ptII/ptolemy/actor/lib/test/MathFunction.tcl (RunTclFile)" time="0.042" />
  <testcase classname="ptolemy.util.test.junit.TclTests" name="[17] /home/travis/build/icyphy/ptII/ptolemy/actor/lib/test/Maximum.tcl (RunTclFile)" time="0.039" />
  <testcase classname="ptolemy.util.test.junit.TclTests" name="[18] /home/travis/build/icyphy/ptII/ptolemy/actor/lib/test/Minimum.tcl (RunTclFile)" time="0.03" />
  <testcase classname="ptolemy.util.test.junit.TclTests" name="[19] /home/travis/build/icyphy/ptII/ptolemy/actor/lib/test/MultiplyDivide.tcl (RunTclFile)" time="0.039" />
  <testcase classname="ptolemy.util.test.junit.TclTests" name="[20] /home/travis/build/icyphy/ptII/ptolemy/actor/lib/test/OrderedMerge.tcl (RunTclFile)" time="0.115" />
  <testcase classname="ptolemy.util.test.junit.TclTests" name="[21] /home/travis/build/icyphy/ptII/ptolemy/actor/lib/test/Publisher.tcl (RunTclFile)" time="0.77" />
  <testcase classname="ptolemy.util.test.junit.TclTests" name="[22] /home/travis/build/icyphy/ptII/ptolemy/actor/lib/test/Pulse.tcl (RunTclFile)" time="0.035" />
  <testcase classname="ptolemy.util.test.junit.TclTests" name="[23] /home/travis/build/icyphy/ptII/ptolemy/actor/lib/test/Ramp.tcl (RunTclFile)" time="2.074" />
  <testcase classname="ptolemy.util.test.junit.TclTests" name="[24] /home/travis/build/icyphy/ptII/ptolemy/actor/lib/test/RampContinuous.tcl (RunTclFile)" time="0.016" />
  <testcase classname="ptolemy.util.test.junit.TclTests" name="[25] /home/travis/build/icyphy/ptII/ptolemy/actor/lib/test/RecordAssembler.tcl (RunTclFile)" time="0.015" />
  <testcase classname="ptolemy.util.test.junit.TclTests" name="[26] /home/travis/build/icyphy/ptII/ptolemy/actor/lib/test/RecordDisassembler.tcl (RunTclFile)" time="0.019" />
  <testcase classname="ptolemy.util.test.junit.TclTests" name="[27] /home/travis/build/icyphy/ptII/ptolemy/actor/lib/test/Scale.tcl (RunTclFile)" time="0.017" />
  <testcase classname="ptolemy.util.test.junit.TclTests" name="[28] /home/travis/build/icyphy/ptII/ptolemy/actor/lib/test/SequentialClock.tcl (RunTclFile)" time="0.012" />
  <testcase classname="ptolemy.util.test.junit.TclTests" name="[29] /home/travis/build/icyphy/ptII/ptolemy/actor/lib/test/SetVariable.tcl (RunTclFile)" time="0.01" />
  <testcase classname="ptolemy.util.test.junit.TclTests" name="[30] /home/travis/build/icyphy/ptII/ptolemy/actor/lib/test/Sinewave.tcl (RunTclFile)" time="0.027" />
  <testcase classname="ptolemy.util.test.junit.TclTests" name="[31] /home/travis/build/icyphy/ptII/ptolemy/actor/lib/test/SubscriptionAggregator.tcl (RunTclFile)" time="2.106" />
  <testcase classname="ptolemy.util.test.junit.TclTests" name="[32] /home/travis/build/icyphy/ptII/ptolemy/actor/lib/test/Test.tcl (RunTclFile)" time="0.127" />
  <testcase classname="ptolemy.util.test.junit.TclTests" name="[33] /home/travis/build/icyphy/ptII/ptolemy/actor/lib/test/TestExceptionHandler.tcl (RunTclFile)" time="0.015" />
  <testcase classname="ptolemy.util.test.junit.TclTests" name="[34] /home/travis/build/icyphy/ptII/ptolemy/actor/lib/test/UnionDisassembler.tcl (RunTclFile)" time="0.077" />
  <testcase classname="ptolemy.util.test.junit.TclTests" name="[35] /home/travis/build/icyphy/ptII/ptolemy/actor/lib/test/VariableClock.tcl (RunTclFile)" time="0.026" />
  <testcase classname="ptolemy.util.test.junit.AutoKnownFailedTests" name="[0] /home/travis/build/icyphy/ptII/ptolemy/actor/lib/test/auto/knownFailedTests/PublisherPortToplevelSubscriber.xml (RunModel)" time="0.026" />
  <testcase classname="ptolemy.util.test.junit.AutoKnownFailedTests" name="[1] /home/travis/build/icyphy/ptII/ptolemy/actor/lib/test/auto/knownFailedTests/PublisherSubscriberPortToplevel.xml (RunModel)" time="0.016" />
  <testcase classname="ptolemy.util.test.junit.AutoKnownFailedTests" name="[2] /home/travis/build/icyphy/ptII/ptolemy/actor/lib/test/auto/knownFailedTests/PublisherSubscriptionAggregatorPort.xml (RunModel)" time="0.024" />
  <testcase classname="ptolemy.util.test.junit.AutoKnownFailedTests" name="[3] /home/travis/build/icyphy/ptII/ptolemy/actor/lib/test/auto/knownFailedTests/sizedarray3.xml (RunModel)" time="0.03" />
  <testcase classname="ptolemy.util.test.junit.AutoNameArchTests" name="[0] ThereAreNoAutoArchTests (RunModel)" time="0.001" />
  <testcase classname="ptolemy.util.test.junit.AutoTests" name="[0] /home/travis/build/icyphy/ptII/ptolemy/actor/lib/test/auto/AbsoluteValue.xml (RunModel)" time="0.098" />
  <testcase classname="ptolemy.util.test.junit.AutoTests" name="[1] /home/travis/build/icyphy/ptII/ptolemy/actor/lib/test/auto/AbsoluteValue2.xml (RunModel)" time="0.07" />
  <testcase classname="ptolemy.util.test.junit.AutoTests" name="[2] /home/travis/build/icyphy/ptII/ptolemy/actor/lib/test/auto/Accumulator.xml (RunModel)" time="0.06" />
  <testcase classname="ptolemy.util.test.junit.AutoTests" name="[3] /home/travis/build/icyphy/ptII/ptolemy/actor/lib/test/auto/Accumulator2.xml (RunModel)" time="0.027" />
  <testcase classname="ptolemy.util.test.junit.AutoTests" name="[4] /home/travis/build/icyphy/ptII/ptolemy/actor/lib/test/auto/Accumulator3.xml (RunModel)" time="0.037" />
  <testcase classname="ptolemy.util.test.junit.AutoTests" name="[5] /home/travis/build/icyphy/ptII/ptolemy/actor/lib/test/auto/ArrayAppend.xml (RunModel)" time="0.036" />
  <testcase classname="ptolemy.util.test.junit.AutoTests" name="[6] /home/travis/build/icyphy/ptII/ptolemy/actor/lib/test/auto/ArrayAppend2.xml (RunModel)" time="0.457" />
  <testcase classname="ptolemy.util.test.junit.AutoTests" name="[7] /home/travis/build/icyphy/ptII/ptolemy/actor/lib/test/auto/ArrayAppend3.xml (RunModel)" time="0.041" />
  <testcase classname="ptolemy.util.test.junit.AutoTests" name="[8] /home/travis/build/icyphy/ptII/ptolemy/actor/lib/test/auto/ArrayAppend4.xml (RunModel)" time="0.018" />
  <testcase classname="ptolemy.util.test.junit.AutoTests" name="[9] /home/travis/build/icyphy/ptII/ptolemy/actor/lib/test/auto/ArrayAppend5.xml (RunModel)" time="0.014" />
  <testcase classname="ptolemy.util.test.junit.AutoTests" name="[10] /home/travis/build/icyphy/ptII/ptolemy/actor/lib/test/auto/ArrayAppend6.xml (RunModel)" time="0.02" />
  <testcase classname="ptolemy.util.test.junit.AutoTests" name="[11] /home/travis/build/icyphy/ptII/ptolemy/actor/lib/test/auto/ArrayAppendPerformanceTest.xml (RunModel)" time="0.059" />
  <testcase classname="ptolemy.util.test.junit.AutoTests" name="[12] /home/travis/build/icyphy/ptII/ptolemy/actor/lib/test/auto/ArrayAppendWithEmptyInput.xml (RunModel)" time="0.052" />
  <testcase classname="ptolemy.util.test.junit.AutoTests" name="[13] /home/travis/build/icyphy/ptII/ptolemy/actor/lib/test/auto/ArrayAverage.xml (RunModel)" time="0.062" />
  <testcase classname="ptolemy.util.test.junit.AutoTests" name="[14] /home/travis/build/icyphy/ptII/ptolemy/actor/lib/test/auto/ArrayContains.xml (RunModel)" time="0.03" />
  <testcase classname="ptolemy.util.test.junit.AutoTests" name="[15] /home/travis/build/icyphy/ptII/ptolemy/actor/lib/test/auto/ArrayElement.xml (RunModel)" time="0.028" />
  <testcase classname="ptolemy.util.test.junit.AutoTests" name="[16] /home/travis/build/icyphy/ptII/ptolemy/actor/lib/test/auto/ArrayElementAsMatrix.xml (RunModel)" time="0.063" />
  <testcase classname="ptolemy.util.test.junit.AutoTests" name="[17] /home/travis/build/icyphy/ptII/ptolemy/actor/lib/test/auto/ArrayElementI.xml (RunModel)" time="0.021" />
  <testcase classname="ptolemy.util.test.junit.AutoTests" name="[18] /home/travis/build/icyphy/ptII/ptolemy/actor/lib/test/auto/ArrayExtract.xml (RunModel)" time="0.041" />
  <testcase classname="ptolemy.util.test.junit.AutoTests" name="[19] /home/travis/build/icyphy/ptII/ptolemy/actor/lib/test/auto/ArrayExtract2.xml (RunModel)" time="0.029" />
  <testcase classname="ptolemy.util.test.junit.AutoTests" name="[20] /home/travis/build/icyphy/ptII/ptolemy/actor/lib/test/auto/ArrayLength.xml (RunModel)" time="0.024" />
  <testcase classname="ptolemy.util.test.junit.AutoTests" name="[21] /home/travis/build/icyphy/ptII/ptolemy/actor/lib/test/auto/ArrayLevelCrossing.xml (RunModel)" time="0.031" />
  <testcase classname="ptolemy.util.test.junit.AutoTests" name="[22] /home/travis/build/icyphy/ptII/ptolemy/actor/lib/test/auto/ArrayLevelCrossing2.xml (RunModel)" time="0.025" />
  <testcase classname="ptolemy.util.test.junit.AutoTests" name="[23] /home/travis/build/icyphy/ptII/ptolemy/actor/lib/test/auto/ArrayPeakSearch.xml (RunModel)" time="0.041" />
  <testcase classname="ptolemy.util.test.junit.AutoTests" name="[24] /home/travis/build/icyphy/ptII/ptolemy/actor/lib/test/auto/ArrayPeakSearch2.xml (RunModel)" time="0.043" />
  <testcase classname="ptolemy.util.test.junit.AutoTests" name="[25] /home/travis/build/icyphy/ptII/ptolemy/actor/lib/test/auto/ArrayPeakSearch3.xml (RunModel)" time="0.036" />
  <testcase classname="ptolemy.util.test.junit.AutoTests" name="[26] /home/travis/build/icyphy/ptII/ptolemy/actor/lib/test/auto/ArrayRemoveElement.xml (RunModel)" time="0.034" />
  <testcase classname="ptolemy.util.test.junit.AutoTests" name="[27] /home/travis/build/icyphy/ptII/ptolemy/actor/lib/test/auto/ArraySort.xml (RunModel)" time="0.043" />
  <testcase classname="ptolemy.util.test.junit.AutoTests" name="[28] /home/travis/build/icyphy/ptII/ptolemy/actor/lib/test/auto/ArraySum.xml (RunModel)" time="0.015" />
  <testcase classname="ptolemy.util.test.junit.AutoTests" name="[29] /home/travis/build/icyphy/ptII/ptolemy/actor/lib/test/auto/ArrayToElements.xml (RunModel)" time="0.024" />
  <testcase classname="ptolemy.util.test.junit.AutoTests" name="[30] /home/travis/build/icyphy/ptII/ptolemy/actor/lib/test/auto/ArrayToMatrix.xml (RunModel)" time="0.062" />
  <testcase classname="ptolemy.util.test.junit.AutoTests" name="[31] /home/travis/build/icyphy/ptII/ptolemy/actor/lib/test/auto/ArrayUpdate1.xml (RunModel)" time="0.025" />
  <testcase classname="ptolemy.util.test.junit.AutoTests" name="[32] /home/travis/build/icyphy/ptII/ptolemy/actor/lib/test/auto/ArrayUpdate2.xml (RunModel)" time="0.021" />
  <testcase classname="ptolemy.util.test.junit.AutoTests" name="[33] /home/travis/build/icyphy/ptII/ptolemy/actor/lib/test/auto/ArrayUpdate3.xml (RunModel)" time="0.015" />
  <testcase classname="ptolemy.util.test.junit.AutoTests" name="[34] /home/travis/build/icyphy/ptII/ptolemy/actor/lib/test/auto/Assert1.xml (RunModel)" time="0.024" />
  <testcase classname="ptolemy.util.test.junit.AutoTests" name="[35] /home/travis/build/icyphy/ptII/ptolemy/actor/lib/test/auto/Assert2.xml (RunModel)" time="0.013" />
  <testcase classname="ptolemy.util.test.junit.AutoTests" name="[36] /home/travis/build/icyphy/ptII/ptolemy/actor/lib/test/auto/BooleanMultiplexor.xml (RunModel)" time="0.014" />
  <testcase classname="ptolemy.util.test.junit.AutoTests" name="[37] /home/travis/build/icyphy/ptII/ptolemy/actor/lib/test/auto/BooleanMultiplexor2.xml (RunModel)" time="0.024" />
  <testcase classname="ptolemy.util.test.junit.AutoTests" name="[38] /home/travis/build/icyphy/ptII/ptolemy/actor/lib/test/auto/BooleanMultiplexor3.xml (RunModel)" time="0.016" />
  <testcase classname="ptolemy.util.test.junit.AutoTests" name="[39] /home/travis/build/icyphy/ptII/ptolemy/actor/lib/test/auto/BooleanSelect.xml (RunModel)" time="0.022" />
  <testcase classname="ptolemy.util.test.junit.AutoTests" name="[40] /home/travis/build/icyphy/ptII/ptolemy/actor/lib/test/auto/BooleanSelect2.xml (RunModel)" time="0.015" />
  <testcase classname="ptolemy.util.test.junit.AutoTests" name="[41] /home/travis/build/icyphy/ptII/ptolemy/actor/lib/test/auto/BooleanSwitch.xml (RunModel)" time="0.047" />
  <testcase classname="ptolemy.util.test.junit.AutoTests" name="[42] /home/travis/build/icyphy/ptII/ptolemy/actor/lib/test/auto/BooleanSwitch2.xml (RunModel)" time="0.015" />
  <testcase classname="ptolemy.util.test.junit.AutoTests" name="[43] /home/travis/build/icyphy/ptII/ptolemy/actor/lib/test/auto/BooleanSwitchCloningBugWithClassRelationGroup.xml (RunModel)" time="0.03" />
  <testcase classname="ptolemy.util.test.junit.AutoTests" name="[44] /home/travis/build/icyphy/ptII/ptolemy/actor/lib/test/auto/BusActors.xml (RunModel)" time="0.033" />
  <testcase classname="ptolemy.util.test.junit.AutoTests" name="[45] /home/travis/build/icyphy/ptII/ptolemy/actor/lib/test/auto/ClassWrapper.xml (RunModel)" time="0.019" />
  <testcase classname="ptolemy.util.test.junit.AutoTests" name="[46] /home/travis/build/icyphy/ptII/ptolemy/actor/lib/test/auto/Clock.xml (RunModel)" time="0.009" />
  <testcase classname="ptolemy.util.test.junit.AutoTests" name="[47] /home/travis/build/icyphy/ptII/ptolemy/actor/lib/test/auto/Clock10.xml (RunModel)" time="0.026" />
  <testcase classname="ptolemy.util.test.junit.AutoTests" name="[48] /home/travis/build/icyphy/ptII/ptolemy/actor/lib/test/auto/Clock11.xml (RunModel)" time="0.027" />
  <testcase classname="ptolemy.util.test.junit.AutoTests" name="[49] /home/travis/build/icyphy/ptII/ptolemy/actor/lib/test/auto/Clock12.xml (RunModel)" time="0.021" />
  <testcase classname="ptolemy.util.test.junit.AutoTests" name="[50] /home/travis/build/icyphy/ptII/ptolemy/actor/lib/test/auto/Clock13.xml (RunModel)" time="0.019" />
  <testcase classname="ptolemy.util.test.junit.AutoTests" name="[51] /home/travis/build/icyphy/ptII/ptolemy/actor/lib/test/auto/Clock14.xml (RunModel)" time="0.018" />
  <testcase classname="ptolemy.util.test.junit.AutoTests" name="[52] /home/travis/build/icyphy/ptII/ptolemy/actor/lib/test/auto/Clock15.xml (RunModel)" time="0.014" />
  <testcase classname="ptolemy.util.test.junit.AutoTests" name="[53] /home/travis/build/icyphy/ptII/ptolemy/actor/lib/test/auto/Clock16.xml (RunModel)" time="0.097" />
  <testcase classname="ptolemy.util.test.junit.AutoTests" name="[54] /home/travis/build/icyphy/ptII/ptolemy/actor/lib/test/auto/Clock17.xml (RunModel)" time="0.072" />
  <testcase classname="ptolemy.util.test.junit.AutoTests" name="[55] /home/travis/build/icyphy/ptII/ptolemy/actor/lib/test/auto/Clock18.xml (RunModel)" time="0.056" />
  <testcase classname="ptolemy.util.test.junit.AutoTests" name="[56] /home/travis/build/icyphy/ptII/ptolemy/actor/lib/test/auto/Clock19.xml (RunModel)" time="0.041" />
  <testcase classname="ptolemy.util.test.junit.AutoTests" name="[57] /home/travis/build/icyphy/ptII/ptolemy/actor/lib/test/auto/Clock2.xml (RunModel)" time="0.014" />
  <testcase classname="ptolemy.util.test.junit.AutoTests" name="[58] /home/travis/build/icyphy/ptII/ptolemy/actor/lib/test/auto/Clock20.xml (RunModel)" time="0.022" />
  <testcase classname="ptolemy.util.test.junit.AutoTests" name="[59] /home/travis/build/icyphy/ptII/ptolemy/actor/lib/test/auto/Clock21.xml (RunModel)" time="0.021" />
  <testcase classname="ptolemy.util.test.junit.AutoTests" name="[60] /home/travis/build/icyphy/ptII/ptolemy/actor/lib/test/auto/Clock22.xml (RunModel)" time="0.014" />
  <testcase classname="ptolemy.util.test.junit.AutoTests" name="[61] /home/travis/build/icyphy/ptII/ptolemy/actor/lib/test/auto/Clock23.xml (RunModel)" time="0.017" />
  <testcase classname="ptolemy.util.test.junit.AutoTests" name="[62] /home/travis/build/icyphy/ptII/ptolemy/actor/lib/test/auto/Clock24.xml (RunModel)" time="0.014" />
  <testcase classname="ptolemy.util.test.junit.AutoTests" name="[63] /home/travis/build/icyphy/ptII/ptolemy/actor/lib/test/auto/Clock4.xml (RunModel)" time="0.013" />
  <testcase classname="ptolemy.util.test.junit.AutoTests" name="[64] /home/travis/build/icyphy/ptII/ptolemy/actor/lib/test/auto/Clock5.xml (RunModel)" time="0.012" />
  <testcase classname="ptolemy.util.test.junit.AutoTests" name="[65] /home/travis/build/icyphy/ptII/ptolemy/actor/lib/test/auto/Clock6.xml (RunModel)" time="0.01" />
  <testcase classname="ptolemy.util.test.junit.AutoTests" name="[66] /home/travis/build/icyphy/ptII/ptolemy/actor/lib/test/auto/Clock7.xml (RunModel)" time="0.017" />
  <testcase classname="ptolemy.util.test.junit.AutoTests" name="[67] /home/travis/build/icyphy/ptII/ptolemy/actor/lib/test/auto/Clock8.xml (RunModel)" time="0.017" />
  <testcase classname="ptolemy.util.test.junit.AutoTests" name="[68] /home/travis/build/icyphy/ptII/ptolemy/actor/lib/test/auto/Clock9.xml (RunModel)" time="0.015" />
  <testcase classname="ptolemy.util.test.junit.AutoTests" name="[69] /home/travis/build/icyphy/ptII/ptolemy/actor/lib/test/auto/CommDistDiscard.xml (RunModel)" time="0.028" />
  <testcase classname="ptolemy.util.test.junit.AutoTests" name="[70] /home/travis/build/icyphy/ptII/ptolemy/actor/lib/test/auto/Commutator.xml (RunModel)" time="0.017" />
  <testcase classname="ptolemy.util.test.junit.AutoTests" name="[71] /home/travis/build/icyphy/ptII/ptolemy/actor/lib/test/auto/Commutator2.xml (RunModel)" time="0.012" />
  <testcase classname="ptolemy.util.test.junit.AutoTests" name="[72] /home/travis/build/icyphy/ptII/ptolemy/actor/lib/test/auto/Commutator3.xml (RunModel)" time="0.012" />
  <testcase classname="ptolemy.util.test.junit.AutoTests" name="[73] /home/travis/build/icyphy/ptII/ptolemy/actor/lib/test/auto/Compare.xml (RunModel)" time="0.02" />
  <testcase classname="ptolemy.util.test.junit.AutoTests" name="[74] /home/travis/build/icyphy/ptII/ptolemy/actor/lib/test/auto/CompareDE.xml (RunModel)" time="0.02" />
  <testcase classname="ptolemy.util.test.junit.AutoTests" name="[75] /home/travis/build/icyphy/ptII/ptolemy/actor/lib/test/auto/ComplexDivide.xml (RunModel)" time="0.009" />
  <testcase classname="ptolemy.util.test.junit.AutoTests" name="[76] /home/travis/build/icyphy/ptII/ptolemy/actor/lib/test/auto/ComputeHistogram.xml (RunModel)" time="0.07" />
  <testcase classname="ptolemy.util.test.junit.AutoTests" name="[77] /home/travis/build/icyphy/ptII/ptolemy/actor/lib/test/auto/ConfigurationSelect.xml (RunModel)" time="0.019" />
  <testcase classname="ptolemy.util.test.junit.AutoTests" name="[78] /home/travis/build/icyphy/ptII/ptolemy/actor/lib/test/auto/ConfigurationSelect2.xml (RunModel)" time="0.017" />
  <testcase classname="ptolemy.util.test.junit.AutoTests" name="[79] /home/travis/build/icyphy/ptII/ptolemy/actor/lib/test/auto/ConfigurationSwitch.xml (RunModel)" time="0.025" />
  <testcase classname="ptolemy.util.test.junit.AutoTests" name="[80] /home/travis/build/icyphy/ptII/ptolemy/actor/lib/test/auto/ConfigurationSwitch2.xml (RunModel)" time="0.023" />
  <testcase classname="ptolemy.util.test.junit.AutoTests" name="[81] /home/travis/build/icyphy/ptII/ptolemy/actor/lib/test/auto/ConfigurationSwitchCloningBugWithClassRelationGroup.xml (RunModel)" time="0.024" />
  <testcase classname="ptolemy.util.test.junit.AutoTests" name="[82] /home/travis/build/icyphy/ptII/ptolemy/actor/lib/test/auto/ConfigurationSwitchSelectSDF.xml (RunModel)" time="0.018" />
  <testcase classname="ptolemy.util.test.junit.AutoTests" name="[83] /home/travis/build/icyphy/ptII/ptolemy/actor/lib/test/auto/ConfigurationSwitchSelectSDF2.xml (RunModel)" time="0.021" />
  <testcase classname="ptolemy.util.test.junit.AutoTests" name="[84] /home/travis/build/icyphy/ptII/ptolemy/actor/lib/test/auto/Const.xml (RunModel)" time="0.008" />
  <testcase classname="ptolemy.util.test.junit.AutoTests" name="[85] /home/travis/build/icyphy/ptII/ptolemy/actor/lib/test/auto/Const2.xml (RunModel)" time="0.013" />
  <testcase classname="ptolemy.util.test.junit.AutoTests" name="[86] /home/travis/build/icyphy/ptII/ptolemy/actor/lib/test/auto/Const3.xml (RunModel)" time="0.009" />
  <testcase classname="ptolemy.util.test.junit.AutoTests" name="[87] /home/travis/build/icyphy/ptII/ptolemy/actor/lib/test/auto/ConstantPublisherPort1.xml (RunModel)" time="0.029" />
  <testcase classname="ptolemy.util.test.junit.AutoTests" name="[88] /home/travis/build/icyphy/ptII/ptolemy/actor/lib/test/auto/ConstantPublisherPort2.xml (RunModel)" time="0.022" />
  <testcase classname="ptolemy.util.test.junit.AutoTests" name="[89] /home/travis/build/icyphy/ptII/ptolemy/actor/lib/test/auto/ConstantPublisherPort3.xml (RunModel)" time="0.023" />
  <testcase classname="ptolemy.util.test.junit.AutoTests" name="[90] /home/travis/build/icyphy/ptII/ptolemy/actor/lib/test/auto/ConstantPublisherPort4.xml (RunModel)" time="0.018" />
  <testcase classname="ptolemy.util.test.junit.AutoTests" name="[91] /home/travis/build/icyphy/ptII/ptolemy/actor/lib/test/auto/ConstantPublisherPort5.xml (RunModel)" time="0.048" />
  <testcase classname="ptolemy.util.test.junit.AutoTests" name="[92] /home/travis/build/icyphy/ptII/ptolemy/actor/lib/test/auto/ConstantPublisherPort6.xml (RunModel)" time="0.035" />
  <testcase classname="ptolemy.util.test.junit.AutoTests" name="[93] /home/travis/build/icyphy/ptII/ptolemy/actor/lib/test/auto/ConstantPublisherPort7.xml (RunModel)" time="0.033" />
  <testcase classname="ptolemy.util.test.junit.AutoTests" name="[94] /home/travis/build/icyphy/ptII/ptolemy/actor/lib/test/auto/ConstraintMonitor1.xml (RunModel)" time="0.044" />
  <testcase classname="ptolemy.util.test.junit.AutoTests" name="[95] /home/travis/build/icyphy/ptII/ptolemy/actor/lib/test/auto/ConstraintMonitor2.xml (RunModel)" time="0.013" />
  <testcase classname="ptolemy.util.test.junit.AutoTests" name="[96] /home/travis/build/icyphy/ptII/ptolemy/actor/lib/test/auto/ConstraintMonitor3.xml (RunModel)" time="0.021" />
  <testcase classname="ptolemy.util.test.junit.AutoTests" name="[97] /home/travis/build/icyphy/ptII/ptolemy/actor/lib/test/auto/ConstraintMonitor4.xml (RunModel)" time="0.012" />
  <testcase classname="ptolemy.util.test.junit.AutoTests" name="[98] /home/travis/build/icyphy/ptII/ptolemy/actor/lib/test/auto/ConstraintMonitor5.xml (RunModel)" time="0.015" />
  <testcase classname="ptolemy.util.test.junit.AutoTests" name="[99] /home/travis/build/icyphy/ptII/ptolemy/actor/lib/test/auto/ConstraintMonitor6.xml (RunModel)" time="0.02" />
  <testcase classname="ptolemy.util.test.junit.AutoTests" name="[100] /home/travis/build/icyphy/ptII/ptolemy/actor/lib/test/auto/ConstraintMonitor7.xml (RunModel)" time="0.015" />
  <testcase classname="ptolemy.util.test.junit.AutoTests" name="[101] /home/travis/build/icyphy/ptII/ptolemy/actor/lib/test/auto/ConstraintMonitor8.xml (RunModel)" time="0.017" />
  <testcase classname="ptolemy.util.test.junit.AutoTests" name="[102] /home/travis/build/icyphy/ptII/ptolemy/actor/lib/test/auto/Counter.xml (RunModel)" time="0.02" />
  <testcase classname="ptolemy.util.test.junit.AutoTests" name="[103] /home/travis/build/icyphy/ptII/ptolemy/actor/lib/test/auto/CurrentTimeSDF.xml (RunModel)" time="0.009" />
  <testcase classname="ptolemy.util.test.junit.AutoTests" name="[104] /home/travis/build/icyphy/ptII/ptolemy/actor/lib/test/auto/DB.xml (RunModel)" time="0.012" />
  <testcase classname="ptolemy.util.test.junit.AutoTests" name="[105] /home/travis/build/icyphy/ptII/ptolemy/actor/lib/test/auto/DBDE.xml (RunModel)" time="0.013" />
  <testcase classname="ptolemy.util.test.junit.AutoTests" name="[106] /home/travis/build/icyphy/ptII/ptolemy/actor/lib/test/auto/DateConstructor.xml (RunModel)" time="0.095" />
  <testcase classname="ptolemy.util.test.junit.AutoTests" name="[107] /home/travis/build/icyphy/ptII/ptolemy/actor/lib/test/auto/DelayTime.xml (RunModel)" time="0.016" />
  <testcase classname="ptolemy.util.test.junit.AutoTests" name="[108] /home/travis/build/icyphy/ptII/ptolemy/actor/lib/test/auto/Dictionary1.xml (RunModel)" time="0.018" />
  <testcase classname="ptolemy.util.test.junit.AutoTests" name="[109] /home/travis/build/icyphy/ptII/ptolemy/actor/lib/test/auto/Dictionary2.xml (RunModel)" time="0.018" />
  <testcase classname="ptolemy.util.test.junit.AutoTests" name="[110] /home/travis/build/icyphy/ptII/ptolemy/actor/lib/test/auto/Dictionary3.xml (RunModel)" time="0.013" />
  <testcase classname="ptolemy.util.test.junit.AutoTests" name="[111] /home/travis/build/icyphy/ptII/ptolemy/actor/lib/test/auto/Dictionary4.xml (RunModel)" time="0.018" />
  <testcase classname="ptolemy.util.test.junit.AutoTests" name="[112] /home/travis/build/icyphy/ptII/ptolemy/actor/lib/test/auto/Differential.xml (RunModel)" time="0.012" />
  <testcase classname="ptolemy.util.test.junit.AutoTests" name="[113] /home/travis/build/icyphy/ptII/ptolemy/actor/lib/test/auto/Director.xml (RunModel)" time="0.013" />
  <testcase classname="ptolemy.util.test.junit.AutoTests" name="[114] /home/travis/build/icyphy/ptII/ptolemy/actor/lib/test/auto/DiscreteClock.xml (RunModel)" time="0.007" />
  <testcase classname="ptolemy.util.test.junit.AutoTests" name="[115] /home/travis/build/icyphy/ptII/ptolemy/actor/lib/test/auto/DiscreteClock10.xml (RunModel)" time="0.012" />
  <testcase classname="ptolemy.util.test.junit.AutoTests" name="[116] /home/travis/build/icyphy/ptII/ptolemy/actor/lib/test/auto/DiscreteClock11.xml (RunModel)" time="0.01" />
  <testcase classname="ptolemy.util.test.junit.AutoTests" name="[117] /home/travis/build/icyphy/ptII/ptolemy/actor/lib/test/auto/DiscreteClock12.xml (RunModel)" time="0.014" />
  <testcase classname="ptolemy.util.test.junit.AutoTests" name="[118] /home/travis/build/icyphy/ptII/ptolemy/actor/lib/test/auto/DiscreteClock13.xml (RunModel)" time="0.016" />
  <testcase classname="ptolemy.util.test.junit.AutoTests" name="[119] /home/travis/build/icyphy/ptII/ptolemy/actor/lib/test/auto/DiscreteClock14.xml (RunModel)" time="0.014" />
  <testcase classname="ptolemy.util.test.junit.AutoTests" name="[120] /home/travis/build/icyphy/ptII/ptolemy/actor/lib/test/auto/DiscreteClock15.xml (RunModel)" time="0.014" />
  <testcase classname="ptolemy.util.test.junit.AutoTests" name="[121] /home/travis/build/icyphy/ptII/ptolemy/actor/lib/test/auto/DiscreteClock16.xml (RunModel)" time="0.043" />
  <testcase classname="ptolemy.util.test.junit.AutoTests" name="[122] /home/travis/build/icyphy/ptII/ptolemy/actor/lib/test/auto/DiscreteClock17.xml (RunModel)" time="0.037" />
  <testcase classname="ptolemy.util.test.junit.AutoTests" name="[123] /home/travis/build/icyphy/ptII/ptolemy/actor/lib/test/auto/DiscreteClock18.xml (RunModel)" time="0.043" />
  <testcase classname="ptolemy.util.test.junit.AutoTests" name="[124] /home/travis/build/icyphy/ptII/ptolemy/actor/lib/test/auto/DiscreteClock19.xml (RunModel)" time="0.046" />
  <testcase classname="ptolemy.util.test.junit.AutoTests" name="[125] /home/travis/build/icyphy/ptII/ptolemy/actor/lib/test/auto/DiscreteClock2.xml (RunModel)" time="0.01" />
  <testcase classname="ptolemy.util.test.junit.AutoTests" name="[126] /home/travis/build/icyphy/ptII/ptolemy/actor/lib/test/auto/DiscreteClock20.xml (RunModel)" time="0.018" />
  <testcase classname="ptolemy.util.test.junit.AutoTests" name="[127] /home/travis/build/icyphy/ptII/ptolemy/actor/lib/test/auto/DiscreteClock21.xml (RunModel)" time="0.017" />
  <testcase classname="ptolemy.util.test.junit.AutoTests" name="[128] /home/travis/build/icyphy/ptII/ptolemy/actor/lib/test/auto/DiscreteClock22.xml (RunModel)" time="0.02" />
  <testcase classname="ptolemy.util.test.junit.AutoTests" name="[129] /home/travis/build/icyphy/ptII/ptolemy/actor/lib/test/auto/DiscreteClock23.xml (RunModel)" time="0.019" />
  <testcase classname="ptolemy.util.test.junit.AutoTests" name="[130] /home/travis/build/icyphy/ptII/ptolemy/actor/lib/test/auto/DiscreteClock24.xml (RunModel)" time="0.012" />
  <testcase classname="ptolemy.util.test.junit.AutoTests" name="[131] /home/travis/build/icyphy/ptII/ptolemy/actor/lib/test/auto/DiscreteClock4.xml (RunModel)" time="0.013" />
  <testcase classname="ptolemy.util.test.junit.AutoTests" name="[132] /home/travis/build/icyphy/ptII/ptolemy/actor/lib/test/auto/DiscreteClock5.xml (RunModel)" time="0.009" />
  <testcase classname="ptolemy.util.test.junit.AutoTests" name="[133] /home/travis/build/icyphy/ptII/ptolemy/actor/lib/test/auto/DiscreteClock6.xml (RunModel)" time="0.01" />
  <testcase classname="ptolemy.util.test.junit.AutoTests" name="[134] /home/travis/build/icyphy/ptII/ptolemy/actor/lib/test/auto/DiscreteClock7.xml (RunModel)" time="0.012" />
  <testcase classname="ptolemy.util.test.junit.AutoTests" name="[135] /home/travis/build/icyphy/ptII/ptolemy/actor/lib/test/auto/DiscreteClock8.xml (RunModel)" time="0.024" />
  <testcase classname="ptolemy.util.test.junit.AutoTests" name="[136] /home/travis/build/icyphy/ptII/ptolemy/actor/lib/test/auto/DiscreteClock9.xml (RunModel)" time="0.012" />
  <testcase classname="ptolemy.util.test.junit.AutoTests" name="[137] /home/travis/build/icyphy/ptII/ptolemy/actor/lib/test/auto/DisplayArray.xml (RunModel)" time="0.01" />
  <testcase classname="ptolemy.util.test.junit.AutoTests" name="[138] /home/travis/build/icyphy/ptII/ptolemy/actor/lib/test/auto/Distributor.xml (RunModel)" time="0.008" />
  <testcase classname="ptolemy.util.test.junit.AutoTests" name="[139] /home/travis/build/icyphy/ptII/ptolemy/actor/lib/test/auto/Distributor2.xml (RunModel)" time="0.009" />
  <testcase classname="ptolemy.util.test.junit.AutoTests" name="[140] /home/travis/build/icyphy/ptII/ptolemy/actor/lib/test/auto/DownSample.xml (RunModel)" time="0.01" />
  <testcase classname="ptolemy.util.test.junit.AutoTests" name="[141] /home/travis/build/icyphy/ptII/ptolemy/actor/lib/test/auto/ElectronicUnitBase1.xml (RunModel)" time="0.059" />
  <testcase classname="ptolemy.util.test.junit.AutoTests" name="[142] /home/travis/build/icyphy/ptII/ptolemy/actor/lib/test/auto/ElementsToArray.xml (RunModel)" time="0.013" />
  <testcase classname="ptolemy.util.test.junit.AutoTests" name="[143] /home/travis/build/icyphy/ptII/ptolemy/actor/lib/test/auto/Equals.xml (RunModel)" time="0.013" />
  <testcase classname="ptolemy.util.test.junit.AutoTests" name="[144] /home/travis/build/icyphy/ptII/ptolemy/actor/lib/test/auto/Exec.xml (RunModel)" time="0.024" />
  <testcase classname="ptolemy.util.test.junit.AutoTests" name="[145] /home/travis/build/icyphy/ptII/ptolemy/actor/lib/test/auto/ExecEnvironment.xml (RunModel)" time="0.048" />
  <testcase classname="ptolemy.util.test.junit.AutoTests" name="[146] /home/travis/build/icyphy/ptII/ptolemy/actor/lib/test/auto/ExecNonZeroReturnOutput.xml (RunModel)" time="0.207" />
  <testcase classname="ptolemy.util.test.junit.AutoTests" name="[147] /home/travis/build/icyphy/ptII/ptolemy/actor/lib/test/auto/ExecRunDemos.xml (RunModel)" time="10.264" />
  <testcase classname="ptolemy.util.test.junit.AutoTests" name="[148] /home/travis/build/icyphy/ptII/ptolemy/actor/lib/test/auto/ExecStop.xml (RunModel)" time="5.043" />
  <testcase classname="ptolemy.util.test.junit.AutoTests" name="[149] /home/travis/build/icyphy/ptII/ptolemy/actor/lib/test/auto/ExecutionTimeSDF.xml (RunModel)" time="6.036" />
  <testcase classname="ptolemy.util.test.junit.AutoTests" name="[150] /home/travis/build/icyphy/ptII/ptolemy/actor/lib/test/auto/Expression1.xml (RunModel)" time="0.008" />
  <testcase classname="ptolemy.util.test.junit.AutoTests" name="[151] /home/travis/build/icyphy/ptII/ptolemy/actor/lib/test/auto/Expression10.xml (RunModel)" time="0.027" />
  <testcase classname="ptolemy.util.test.junit.AutoTests" name="[152] /home/travis/build/icyphy/ptII/ptolemy/actor/lib/test/auto/Expression11.xml (RunModel)" time="0.03" />
  <testcase classname="ptolemy.util.test.junit.AutoTests" name="[153] /home/travis/build/icyphy/ptII/ptolemy/actor/lib/test/auto/Expression12.xml (RunModel)" time="0.014" />
  <testcase classname="ptolemy.util.test.junit.AutoTests" name="[154] /home/travis/build/icyphy/ptII/ptolemy/actor/lib/test/auto/Expression13.xml (RunModel)" time="0.011" />
  <testcase classname="ptolemy.util.test.junit.AutoTests" name="[155] /home/travis/build/icyphy/ptII/ptolemy/actor/lib/test/auto/Expression14.xml (RunModel)" time="0.018" />
  <testcase classname="ptolemy.util.test.junit.AutoTests" name="[156] /home/travis/build/icyphy/ptII/ptolemy/actor/lib/test/auto/Expression15.xml (RunModel)" time="0.008" />
  <testcase classname="ptolemy.util.test.junit.AutoTests" name="[157] /home/travis/build/icyphy/ptII/ptolemy/actor/lib/test/auto/Expression16.xml (RunModel)" time="0.011" />
  <testcase classname="ptolemy.util.test.junit.AutoTests" name="[158] /home/travis/build/icyphy/ptII/ptolemy/actor/lib/test/auto/Expression17.xml (RunModel)" time="0.011" />
  <testcase classname="ptolemy.util.test.junit.AutoTests" name="[159] /home/travis/build/icyphy/ptII/ptolemy/actor/lib/test/auto/Expression18.xml (RunModel)" time="0.011" />
  <testcase classname="ptolemy.util.test.junit.AutoTests" name="[160] /home/travis/build/icyphy/ptII/ptolemy/actor/lib/test/auto/Expression2.xml (RunModel)" time="0.011" />
  <testcase classname="ptolemy.util.test.junit.AutoTests" name="[161] /home/travis/build/icyphy/ptII/ptolemy/actor/lib/test/auto/Expression3.xml (RunModel)" time="0.012" />
  <testcase classname="ptolemy.util.test.junit.AutoTests" name="[162] /home/travis/build/icyphy/ptII/ptolemy/actor/lib/test/auto/Expression4.xml (RunModel)" time="0.019" />
  <testcase classname="ptolemy.util.test.junit.AutoTests" name="[163] /home/travis/build/icyphy/ptII/ptolemy/actor/lib/test/auto/Expression5.xml (RunModel)" time="0.012" />
  <testcase classname="ptolemy.util.test.junit.AutoTests" name="[164] /home/travis/build/icyphy/ptII/ptolemy/actor/lib/test/auto/Expression6.xml (RunModel)" time="0.008" />
  <testcase classname="ptolemy.util.test.junit.AutoTests" name="[165] /home/travis/build/icyphy/ptII/ptolemy/actor/lib/test/auto/Expression7.xml (RunModel)" time="0.011" />
  <testcase classname="ptolemy.util.test.junit.AutoTests" name="[166] /home/travis/build/icyphy/ptII/ptolemy/actor/lib/test/auto/Expression8.xml (RunModel)" time="0.015" />
  <testcase classname="ptolemy.util.test.junit.AutoTests" name="[167] /home/travis/build/icyphy/ptII/ptolemy/actor/lib/test/auto/Expression9.xml (RunModel)" time="0.007" />
  <testcase classname="ptolemy.util.test.junit.AutoTests" name="[168] /home/travis/build/icyphy/ptII/ptolemy/actor/lib/test/auto/ExpressionConcatenateArrayType.xml (RunModel)" time="0.034" />
  <testcase classname="ptolemy.util.test.junit.AutoTests" name="[169] /home/travis/build/icyphy/ptII/ptolemy/actor/lib/test/auto/ExpressionConcatenateArrayType2.xml (RunModel)" time="0.021" />
  <testcase classname="ptolemy.util.test.junit.AutoTests" name="[170] /home/travis/build/icyphy/ptII/ptolemy/actor/lib/test/auto/ExpressionFix.xml (RunModel)" time="0.039" />
  <testcase classname="ptolemy.util.test.junit.AutoTests" name="[171] /home/travis/build/icyphy/ptII/ptolemy/actor/lib/test/auto/ExpressionFix2.xml (RunModel)" time="0.018" />
  <testcase classname="ptolemy.util.test.junit.AutoTests" name="[172] /home/travis/build/icyphy/ptII/ptolemy/actor/lib/test/auto/ExpressionFix3.xml (RunModel)" time="0.012" />
  <testcase classname="ptolemy.util.test.junit.AutoTests" name="[173] /home/travis/build/icyphy/ptII/ptolemy/actor/lib/test/auto/FileWriter1.xml (RunModel)" time="0.008" />
  <testcase classname="ptolemy.util.test.junit.AutoTests" name="[174] /home/travis/build/icyphy/ptII/ptolemy/actor/lib/test/auto/FileWriter2.xml (RunModel)" time="0.015" />
  <testcase classname="ptolemy.util.test.junit.AutoTests" name="[175] /home/travis/build/icyphy/ptII/ptolemy/actor/lib/test/auto/FileWriter3.xml (RunModel)" time="0.012" />
  <testcase classname="ptolemy.util.test.junit.AutoTests" name="[176] /home/travis/build/icyphy/ptII/ptolemy/actor/lib/test/auto/Gaussian.xml (RunModel)" time="0.02" />
  <testcase classname="ptolemy.util.test.junit.AutoTests" name="[177] /home/travis/build/icyphy/ptII/ptolemy/actor/lib/test/auto/Gaussian1.xml (RunModel)" time="0.02" />
  <testcase classname="ptolemy.util.test.junit.AutoTests" name="[178] /home/travis/build/icyphy/ptII/ptolemy/actor/lib/test/auto/Gaussian2.xml (RunModel)" time="0.018" />
  <testcase classname="ptolemy.util.test.junit.AutoTests" name="[179] /home/travis/build/icyphy/ptII/ptolemy/actor/lib/test/auto/GradientAdaptiveLattice.xml (RunModel)" time="0.015" />
  <testcase classname="ptolemy.util.test.junit.AutoTests" name="[180] /home/travis/build/icyphy/ptII/ptolemy/actor/lib/test/auto/IIR.xml (RunModel)" time="0.011" />
  <testcase classname="ptolemy.util.test.junit.AutoTests" name="[181] /home/travis/build/icyphy/ptII/ptolemy/actor/lib/test/auto/InputOutputTransparentPorts.xml (RunModel)" time="0.017" />
  <testcase classname="ptolemy.util.test.junit.AutoTests" name="[182] /home/travis/build/icyphy/ptII/ptolemy/actor/lib/test/auto/Interpolator.xml (RunModel)" time="0.011" />
  <testcase classname="ptolemy.util.test.junit.AutoTests" name="[183] /home/travis/build/icyphy/ptII/ptolemy/actor/lib/test/auto/InterpolatorFiringLimitDE.xml (RunModel)" time="0.014" />
  <testcase classname="ptolemy.util.test.junit.AutoTests" name="[184] /home/travis/build/icyphy/ptII/ptolemy/actor/lib/test/auto/Lattice.xml (RunModel)" time="0.008" />
  <testcase classname="ptolemy.util.test.junit.AutoTests" name="[185] /home/travis/build/icyphy/ptII/ptolemy/actor/lib/test/auto/LazyAOCTestLazy.xml (RunModel)" time="0.021" />
  <testcase classname="ptolemy.util.test.junit.AutoTests" name="[186] /home/travis/build/icyphy/ptII/ptolemy/actor/lib/test/auto/LazyAOCTestNonLazy.xml (RunModel)" time="0.043" />
  <testcase classname="ptolemy.util.test.junit.AutoTests" name="[187] /home/travis/build/icyphy/ptII/ptolemy/actor/lib/test/auto/LazyInnerClass.xml (RunModel)" time="0.043" />
  <testcase classname="ptolemy.util.test.junit.AutoTests" name="[188] /home/travis/build/icyphy/ptII/ptolemy/actor/lib/test/auto/LazyPubSub.xml (RunModel)" time="0.06" />
  <testcase classname="ptolemy.util.test.junit.AutoTests" name="[189] /home/travis/build/icyphy/ptII/ptolemy/actor/lib/test/auto/LazyPubSub2.xml (RunModel)" time="0.05" />
  <testcase classname="ptolemy.util.test.junit.AutoTests" name="[190] /home/travis/build/icyphy/ptII/ptolemy/actor/lib/test/auto/LazyPubSub3.xml (RunModel)" time="0.023" />
  <testcase classname="ptolemy.util.test.junit.AutoTests" name="[191] /home/travis/build/icyphy/ptII/ptolemy/actor/lib/test/auto/LazySubClassModel.xml (RunModel)" time="0.023" />
  <testcase classname="ptolemy.util.test.junit.AutoTests" name="[192] /home/travis/build/icyphy/ptII/ptolemy/actor/lib/test/auto/LevelCrossTest1.xml (RunModel)" time="0.01" />
  <testcase classname="ptolemy.util.test.junit.AutoTests" name="[193] /home/travis/build/icyphy/ptII/ptolemy/actor/lib/test/auto/LevelCrossTest10.xml (RunModel)" time="0.014" />
  <testcase classname="ptolemy.util.test.junit.AutoTests" name="[194] /home/travis/build/icyphy/ptII/ptolemy/actor/lib/test/auto/LevelCrossTest11.xml (RunModel)" time="0.012" />
  <testcase classname="ptolemy.util.test.junit.AutoTests" name="[195] /home/travis/build/icyphy/ptII/ptolemy/actor/lib/test/auto/LevelCrossTest12.xml (RunModel)" time="0.017" />
  <testcase classname="ptolemy.util.test.junit.AutoTests" name="[196] /home/travis/build/icyphy/ptII/ptolemy/actor/lib/test/auto/LevelCrossTest13.xml (RunModel)" time="0.028" />
  <testcase classname="ptolemy.util.test.junit.AutoTests" name="[197] /home/travis/build/icyphy/ptII/ptolemy/actor/lib/test/auto/LevelCrossTest2.xml (RunModel)" time="0.018" />
  <testcase classname="ptolemy.util.test.junit.AutoTests" name="[198] /home/travis/build/icyphy/ptII/ptolemy/actor/lib/test/auto/LevelCrossTest3.xml (RunModel)" time="0.012" />
  <testcase classname="ptolemy.util.test.junit.AutoTests" name="[199] /home/travis/build/icyphy/ptII/ptolemy/actor/lib/test/auto/LevelCrossTest4.xml (RunModel)" time="0.01" />
  <testcase classname="ptolemy.util.test.junit.AutoTests" name="[200] /home/travis/build/icyphy/ptII/ptolemy/actor/lib/test/auto/LevelCrossTest5.xml (RunModel)" time="0.013" />
  <testcase classname="ptolemy.util.test.junit.AutoTests" name="[201] /home/travis/build/icyphy/ptII/ptolemy/actor/lib/test/auto/LevelCrossTest6.xml (RunModel)" time="0.016" />
  <testcase classname="ptolemy.util.test.junit.AutoTests" name="[202] /home/travis/build/icyphy/ptII/ptolemy/actor/lib/test/auto/LevelCrossTest7.xml (RunModel)" time="0.021" />
  <testcase classname="ptolemy.util.test.junit.AutoTests" name="[203] /home/travis/build/icyphy/ptII/ptolemy/actor/lib/test/auto/LevelCrossTest8.xml (RunModel)" time="0.015" />
  <testcase classname="ptolemy.util.test.junit.AutoTests" name="[204] /home/travis/build/icyphy/ptII/ptolemy/actor/lib/test/auto/LevelCrossTest9.xml (RunModel)" time="0.014" />
  <testcase classname="ptolemy.util.test.junit.AutoTests" name="[205] /home/travis/build/icyphy/ptII/ptolemy/actor/lib/test/auto/LevinsonDurbin.xml (RunModel)" time="0.01" />
  <testcase classname="ptolemy.util.test.junit.AutoTests" name="[206] /home/travis/build/icyphy/ptII/ptolemy/actor/lib/test/auto/LevinsonDurbin2.xml (RunModel)" time="0.008" />
  <testcase classname="ptolemy.util.test.junit.AutoTests" name="[207] /home/travis/build/icyphy/ptII/ptolemy/actor/lib/test/auto/LevinsonDurbin3.xml (RunModel)" time="0.012" />
  <testcase classname="ptolemy.util.test.junit.AutoTests" name="[208] /home/travis/build/icyphy/ptII/ptolemy/actor/lib/test/auto/Limiter.xml (RunModel)" time="0.043" />
  <testcase classname="ptolemy.util.test.junit.AutoTests" name="[209] /home/travis/build/icyphy/ptII/ptolemy/actor/lib/test/auto/LinearDifferenceEquationSystem.xml (RunModel)" time="0.021" />
  <testcase classname="ptolemy.util.test.junit.AutoTests" name="[210] /home/travis/build/icyphy/ptII/ptolemy/actor/lib/test/auto/LookupTable.xml (RunModel)" time="0.013" />
  <testcase classname="ptolemy.util.test.junit.AutoTests" name="[211] /home/travis/build/icyphy/ptII/ptolemy/actor/lib/test/auto/MathFunction.xml (RunModel)" time="0.017" />
  <testcase classname="ptolemy.util.test.junit.AutoTests" name="[212] /home/travis/build/icyphy/ptII/ptolemy/actor/lib/test/auto/MathFunction2.xml (RunModel)" time="0.01" />
  <testcase classname="ptolemy.util.test.junit.AutoTests" name="[213] /home/travis/build/icyphy/ptII/ptolemy/actor/lib/test/auto/MathFunction3.xml (RunModel)" time="0.042" />
  <testcase classname="ptolemy.util.test.junit.AutoTests" name="[214] /home/travis/build/icyphy/ptII/ptolemy/actor/lib/test/auto/MatrixCropBoolean.xml (RunModel)" time="0.017" />
  <testcase classname="ptolemy.util.test.junit.AutoTests" name="[215] /home/travis/build/icyphy/ptII/ptolemy/actor/lib/test/auto/MatrixCropComplex.xml (RunModel)" time="0.015" />
  <testcase classname="ptolemy.util.test.junit.AutoTests" name="[216] /home/travis/build/icyphy/ptII/ptolemy/actor/lib/test/auto/MatrixCropDouble.xml (RunModel)" time="0.009" />
  <testcase classname="ptolemy.util.test.junit.AutoTests" name="[217] /home/travis/build/icyphy/ptII/ptolemy/actor/lib/test/auto/MatrixCropFix.xml (RunModel)" time="0.01" />
  <testcase classname="ptolemy.util.test.junit.AutoTests" name="[218] /home/travis/build/icyphy/ptII/ptolemy/actor/lib/test/auto/MatrixCropInt.xml (RunModel)" time="0.009" />
  <testcase classname="ptolemy.util.test.junit.AutoTests" name="[219] /home/travis/build/icyphy/ptII/ptolemy/actor/lib/test/auto/MatrixCropLong.xml (RunModel)" time="0.011" />
  <testcase classname="ptolemy.util.test.junit.AutoTests" name="[220] /home/travis/build/icyphy/ptII/ptolemy/actor/lib/test/auto/MatrixToArray.xml (RunModel)" time="0.055" />
  <testcase classname="ptolemy.util.test.junit.AutoTests" name="[221] /home/travis/build/icyphy/ptII/ptolemy/actor/lib/test/auto/MaxIndex.xml (RunModel)" time="0.014" />
  <testcase classname="ptolemy.util.test.junit.AutoTests" name="[222] /home/travis/build/icyphy/ptII/ptolemy/actor/lib/test/auto/Maximum.xml (RunModel)" time="0.013" />
  <testcase classname="ptolemy.util.test.junit.AutoTests" name="[223] /home/travis/build/icyphy/ptII/ptolemy/actor/lib/test/auto/MaximumComplex.xml (RunModel)" time="0.013" />
  <testcase classname="ptolemy.util.test.junit.AutoTests" name="[224] /home/travis/build/icyphy/ptII/ptolemy/actor/lib/test/auto/MethodCallTest.xml (RunModel)" time="0.019" />
  <testcase classname="ptolemy.util.test.junit.AutoTests" name="[225] /home/travis/build/icyphy/ptII/ptolemy/actor/lib/test/auto/Minimum.xml (RunModel)" time="0.012" />
  <testcase classname="ptolemy.util.test.junit.AutoTests" name="[226] /home/travis/build/icyphy/ptII/ptolemy/actor/lib/test/auto/MinimumComplex.xml (RunModel)" time="0.023" />
  <testcase classname="ptolemy.util.test.junit.AutoTests" name="[227] /home/travis/build/icyphy/ptII/ptolemy/actor/lib/test/auto/MinimumMultiports.xml (RunModel)" time="0.015" />
  <testcase classname="ptolemy.util.test.junit.AutoTests" name="[228] /home/travis/build/icyphy/ptII/ptolemy/actor/lib/test/auto/ModifyDate.xml (RunModel)" time="0.04" />
  <testcase classname="ptolemy.util.test.junit.AutoTests" name="[229] /home/travis/build/icyphy/ptII/ptolemy/actor/lib/test/auto/ModifyDate2.xml (RunModel)" time="0.022" />
  <testcase classname="ptolemy.util.test.junit.AutoTests" name="[230] /home/travis/build/icyphy/ptII/ptolemy/actor/lib/test/auto/MovingAverage.xml (RunModel)" time="0.018" />
  <testcase classname="ptolemy.util.test.junit.AutoTests" name="[231] /home/travis/build/icyphy/ptII/ptolemy/actor/lib/test/auto/MovingMaximum.xml (RunModel)" time="0.011" />
  <testcase classname="ptolemy.util.test.junit.AutoTests" name="[232] /home/travis/build/icyphy/ptII/ptolemy/actor/lib/test/auto/MultipleLinksToSameRelation.xml (RunModel)" time="0.008" />
  <testcase classname="ptolemy.util.test.junit.AutoTests" name="[233] /home/travis/build/icyphy/ptII/ptolemy/actor/lib/test/auto/MultipleLinksToSameRelationDE.xml (RunModel)" time="0.009" />
  <testcase classname="ptolemy.util.test.junit.AutoTests" name="[234] /home/travis/build/icyphy/ptII/ptolemy/actor/lib/test/auto/Multiplexor.xml (RunModel)" time="0.011" />
  <testcase classname="ptolemy.util.test.junit.AutoTests" name="[235] /home/travis/build/icyphy/ptII/ptolemy/actor/lib/test/auto/Multiplexor1.xml (RunModel)" time="0.009" />
  <testcase classname="ptolemy.util.test.junit.AutoTests" name="[236] /home/travis/build/icyphy/ptII/ptolemy/actor/lib/test/auto/Multiplexor2.xml (RunModel)" time="0.011" />
  <testcase classname="ptolemy.util.test.junit.AutoTests" name="[237] /home/travis/build/icyphy/ptII/ptolemy/actor/lib/test/auto/Multiplexor3.xml (RunModel)" time="0.008" />
  <testcase classname="ptolemy.util.test.junit.AutoTests" name="[238] /home/travis/build/icyphy/ptII/ptolemy/actor/lib/test/auto/MultiplexorDE.xml (RunModel)" time="0.015" />
  <testcase classname="ptolemy.util.test.junit.AutoTests" name="[239] /home/travis/build/icyphy/ptII/ptolemy/actor/lib/test/auto/MultiportBroadcastTest.xml (RunModel)" time="0.09" />
  <testcase classname="ptolemy.util.test.junit.AutoTests" name="[240] /home/travis/build/icyphy/ptII/ptolemy/actor/lib/test/auto/MultiportOutHangDuringGetWidth.xml (RunModel)" time="0.028" />
  <testcase classname="ptolemy.util.test.junit.AutoTests" name="[241] /home/travis/build/icyphy/ptII/ptolemy/actor/lib/test/auto/NilToken.xml (RunModel)" time="0.011" />
  <testcase classname="ptolemy.util.test.junit.AutoTests" name="[242] /home/travis/build/icyphy/ptII/ptolemy/actor/lib/test/auto/NilTokenNonStrictTest.xml (RunModel)" time="0.01" />
  <testcase classname="ptolemy.util.test.junit.AutoTests" name="[243] /home/travis/build/icyphy/ptII/ptolemy/actor/lib/test/auto/NilTokenRecord.xml (RunModel)" time="0.019" />
  <testcase classname="ptolemy.util.test.junit.AutoTests" name="[244] /home/travis/build/icyphy/ptII/ptolemy/actor/lib/test/auto/NilTokenTypeTest.xml (RunModel)" time="0.029" />
  <testcase classname="ptolemy.util.test.junit.AutoTests" name="[245] /home/travis/build/icyphy/ptII/ptolemy/actor/lib/test/auto/ObjectToken1.xml (RunModel)" time="0.008" />
  <testcase classname="ptolemy.util.test.junit.AutoTests" name="[246] /home/travis/build/icyphy/ptII/ptolemy/actor/lib/test/auto/OrderedMerge.xml (RunModel)" time="0.015" />
  <testcase classname="ptolemy.util.test.junit.AutoTests" name="[247] /home/travis/build/icyphy/ptII/ptolemy/actor/lib/test/auto/OrderedRecordDisassembler.xml (RunModel)" time="0.017" />
  <testcase classname="ptolemy.util.test.junit.AutoTests" name="[248] /home/travis/build/icyphy/ptII/ptolemy/actor/lib/test/auto/OrderedRecordDisassembler2.xml (RunModel)" time="0.018" />
  <testcase classname="ptolemy.util.test.junit.AutoTests" name="[249] /home/travis/build/icyphy/ptII/ptolemy/actor/lib/test/auto/OrderedRecordUpdater.xml (RunModel)" time="0.01" />
  <testcase classname="ptolemy.util.test.junit.AutoTests" name="[250] /home/travis/build/icyphy/ptII/ptolemy/actor/lib/test/auto/OrderedRecordUpdater2.xml (RunModel)" time="0.016" />
  <testcase classname="ptolemy.util.test.junit.AutoTests" name="[251] /home/travis/build/icyphy/ptII/ptolemy/actor/lib/test/auto/PhaseUnwrap.xml (RunModel)" time="0.011" />
  <testcase classname="ptolemy.util.test.junit.AutoTests" name="[252] /home/travis/build/icyphy/ptII/ptolemy/actor/lib/test/auto/PoissonClock.xml (RunModel)" time="0.01" />
  <testcase classname="ptolemy.util.test.junit.AutoTests" name="[253] /home/travis/build/icyphy/ptII/ptolemy/actor/lib/test/auto/PoissonClock2.xml (RunModel)" time="0.01" />
  <testcase classname="ptolemy.util.test.junit.AutoTests" name="[254] /home/travis/build/icyphy/ptII/ptolemy/actor/lib/test/auto/PoissonClock3.xml (RunModel)" time="0.024" />
  <testcase classname="ptolemy.util.test.junit.AutoTests" name="[255] /home/travis/build/icyphy/ptII/ptolemy/actor/lib/test/auto/PubSubWithInitialTokens.xml (RunModel)" time="0.012" />
  <testcase classname="ptolemy.util.test.junit.AutoTests" name="[256] /home/travis/build/icyphy/ptII/ptolemy/actor/lib/test/auto/PubSubWithInitialTokens2.xml (RunModel)" time="0.01" />
  <testcase classname="ptolemy.util.test.junit.AutoTests" name="[257] /home/travis/build/icyphy/ptII/ptolemy/actor/lib/test/auto/PublisherClassNoParameter.xml (RunModel)" time="0.022" />
  <testcase classname="ptolemy.util.test.junit.AutoTests" name="[258] /home/travis/build/icyphy/ptII/ptolemy/actor/lib/test/auto/PublisherClassParameter.xml (RunModel)" time="0.023" />
  <testcase classname="ptolemy.util.test.junit.AutoTests" name="[259] /home/travis/build/icyphy/ptII/ptolemy/actor/lib/test/auto/PublisherNonStrictTest.xml (RunModel)" time="0.012" />
  <testcase classname="ptolemy.util.test.junit.AutoTests" name="[260] /home/travis/build/icyphy/ptII/ptolemy/actor/lib/test/auto/PublisherPort1.xml (RunModel)" time="0.009" />
  <testcase classname="ptolemy.util.test.junit.AutoTests" name="[261] /home/travis/build/icyphy/ptII/ptolemy/actor/lib/test/auto/PublisherPort2.xml (RunModel)" time="0.007" />
  <testcase classname="ptolemy.util.test.junit.AutoTests" name="[262] /home/travis/build/icyphy/ptII/ptolemy/actor/lib/test/auto/PublisherPort3.xml (RunModel)" time="0.025" />
  <testcase classname="ptolemy.util.test.junit.AutoTests" name="[263] /home/travis/build/icyphy/ptII/ptolemy/actor/lib/test/auto/PublisherPort4.xml (RunModel)" time="0.015" />
  <testcase classname="ptolemy.util.test.junit.AutoTests" name="[264] /home/travis/build/icyphy/ptII/ptolemy/actor/lib/test/auto/PublisherPort5.xml (RunModel)" time="0.015" />
  <testcase classname="ptolemy.util.test.junit.AutoTests" name="[265] /home/travis/build/icyphy/ptII/ptolemy/actor/lib/test/auto/PublisherPort5LookAlike.xml (RunModel)" time="0.019" />
  <testcase classname="ptolemy.util.test.junit.AutoTests" name="[266] /home/travis/build/icyphy/ptII/ptolemy/actor/lib/test/auto/PublisherPort6.xml (RunModel)" time="0.012" />
  <testcase classname="ptolemy.util.test.junit.AutoTests" name="[267] /home/travis/build/icyphy/ptII/ptolemy/actor/lib/test/auto/PublisherPort7.xml (RunModel)" time="0.015" />
  <testcase classname="ptolemy.util.test.junit.AutoTests" name="[268] /home/travis/build/icyphy/ptII/ptolemy/actor/lib/test/auto/PublisherPort8.xml (RunModel)" time="0.017" />
  <testcase classname="ptolemy.util.test.junit.AutoTests" name="[269] /home/travis/build/icyphy/ptII/ptolemy/actor/lib/test/auto/PublisherPortSubscriberChannelVariablesAOC2.xml (RunModel)" time="0.036" />
  <testcase classname="ptolemy.util.test.junit.AutoTests" name="[270] /home/travis/build/icyphy/ptII/ptolemy/actor/lib/test/auto/PublisherPortSubscriberOpaqueWidthInference.xml (RunModel)" time="0.014" />
  <testcase classname="ptolemy.util.test.junit.AutoTests" name="[271] /home/travis/build/icyphy/ptII/ptolemy/actor/lib/test/auto/PublisherPortSubscriberPortAdjacent.xml (RunModel)" time="0.021" />
  <testcase classname="ptolemy.util.test.junit.AutoTests" name="[272] /home/travis/build/icyphy/ptII/ptolemy/actor/lib/test/auto/PublisherPortSubscriberPortExpression.xml (RunModel)" time="0.015" />
  <testcase classname="ptolemy.util.test.junit.AutoTests" name="[273] /home/travis/build/icyphy/ptII/ptolemy/actor/lib/test/auto/PublisherPortSubscriberPortOpaqueD3Reverse.xml (RunModel)" time="0.017" />
  <testcase classname="ptolemy.util.test.junit.AutoTests" name="[274] /home/travis/build/icyphy/ptII/ptolemy/actor/lib/test/auto/PublisherPortSubscriberPortOpaqueWidthInference.xml (RunModel)" time="0.016" />
  <testcase classname="ptolemy.util.test.junit.AutoTests" name="[275] /home/travis/build/icyphy/ptII/ptolemy/actor/lib/test/auto/PublisherPortToplevelSubscriberPortAOC.xml (RunModel)" time="0.009" />
  <testcase classname="ptolemy.util.test.junit.AutoTests" name="[276] /home/travis/build/icyphy/ptII/ptolemy/actor/lib/test/auto/PublisherSubscriber.xml (RunModel)" time="0.012" />
  <testcase classname="ptolemy.util.test.junit.AutoTests" name="[277] /home/travis/build/icyphy/ptII/ptolemy/actor/lib/test/auto/PublisherSubscriber10.xml (RunModel)" time="0.018" />
  <testcase classname="ptolemy.util.test.junit.AutoTests" name="[278] /home/travis/build/icyphy/ptII/ptolemy/actor/lib/test/auto/PublisherSubscriber10InitialOutputs.xml (RunModel)" time="0.038" />
  <testcase classname="ptolemy.util.test.junit.AutoTests" name="[279] /home/travis/build/icyphy/ptII/ptolemy/actor/lib/test/auto/PublisherSubscriber11.xml (RunModel)" time="0.02" />
  <testcase classname="ptolemy.util.test.junit.AutoTests" name="[280] /home/travis/build/icyphy/ptII/ptolemy/actor/lib/test/auto/PublisherSubscriber12.xml (RunModel)" time="0.013" />
  <testcase classname="ptolemy.util.test.junit.AutoTests" name="[281] /home/travis/build/icyphy/ptII/ptolemy/actor/lib/test/auto/PublisherSubscriber13.xml (RunModel)" time="0.01" />
  <testcase classname="ptolemy.util.test.junit.AutoTests" name="[282] /home/travis/build/icyphy/ptII/ptolemy/actor/lib/test/auto/PublisherSubscriber14.xml (RunModel)" time="0.03" />
  <testcase classname="ptolemy.util.test.junit.AutoTests" name="[283] /home/travis/build/icyphy/ptII/ptolemy/actor/lib/test/auto/PublisherSubscriber2.xml (RunModel)" time="0.011" />
  <testcase classname="ptolemy.util.test.junit.AutoTests" name="[284] /home/travis/build/icyphy/ptII/ptolemy/actor/lib/test/auto/PublisherSubscriber3.xml (RunModel)" time="0.009" />
  <testcase classname="ptolemy.util.test.junit.AutoTests" name="[285] /home/travis/build/icyphy/ptII/ptolemy/actor/lib/test/auto/PublisherSubscriber4.xml (RunModel)" time="0.008" />
  <testcase classname="ptolemy.util.test.junit.AutoTests" name="[286] /home/travis/build/icyphy/ptII/ptolemy/actor/lib/test/auto/PublisherSubscriber5.xml (RunModel)" time="0.012" />
  <testcase classname="ptolemy.util.test.junit.AutoTests" name="[287] /home/travis/build/icyphy/ptII/ptolemy/actor/lib/test/auto/PublisherSubscriber6.xml (RunModel)" time="0.014" />
  <testcase classname="ptolemy.util.test.junit.AutoTests" name="[288] /home/travis/build/icyphy/ptII/ptolemy/actor/lib/test/auto/PublisherSubscriber7.xml (RunModel)" time="0.017" />
  <testcase classname="ptolemy.util.test.junit.AutoTests" name="[289] /home/travis/build/icyphy/ptII/ptolemy/actor/lib/test/auto/PublisherSubscriber8.xml (RunModel)" time="0.033" />
  <testcase classname="ptolemy.util.test.junit.AutoTests" name="[290] /home/travis/build/icyphy/ptII/ptolemy/actor/lib/test/auto/PublisherSubscriber9.xml (RunModel)" time="0.017" />
  <testcase classname="ptolemy.util.test.junit.AutoTests" name="[291] /home/travis/build/icyphy/ptII/ptolemy/actor/lib/test/auto/PublisherSubscriberAdjacent.xml (RunModel)" time="0.014" />
  <testcase classname="ptolemy.util.test.junit.AutoTests" name="[292] /home/travis/build/icyphy/ptII/ptolemy/actor/lib/test/auto/PublisherSubscriberChannelVariablesAOC2.xml (RunModel)" time="0.024" />
  <testcase classname="ptolemy.util.test.junit.AutoTests" name="[293] /home/travis/build/icyphy/ptII/ptolemy/actor/lib/test/auto/PublisherSubscriberD3.xml (RunModel)" time="0.031" />
  <testcase classname="ptolemy.util.test.junit.AutoTests" name="[294] /home/travis/build/icyphy/ptII/ptolemy/actor/lib/test/auto/PublisherSubscriberD3Reverse.xml (RunModel)" time="0.014" />
  <testcase classname="ptolemy.util.test.junit.AutoTests" name="[295] /home/travis/build/icyphy/ptII/ptolemy/actor/lib/test/auto/PublisherSubscriberExpression.xml (RunModel)" time="0.016" />
  <testcase classname="ptolemy.util.test.junit.AutoTests" name="[296] /home/travis/build/icyphy/ptII/ptolemy/actor/lib/test/auto/PublisherSubscriberOpaque.xml (RunModel)" time="0.014" />
  <testcase classname="ptolemy.util.test.junit.AutoTests" name="[297] /home/travis/build/icyphy/ptII/ptolemy/actor/lib/test/auto/PublisherSubscriberOpaqueD3.xml (RunModel)" time="0.027" />
  <testcase classname="ptolemy.util.test.junit.AutoTests" name="[298] /home/travis/build/icyphy/ptII/ptolemy/actor/lib/test/auto/PublisherSubscriberOpaqueD3Reverse.xml (RunModel)" time="0.021" />
  <testcase classname="ptolemy.util.test.junit.AutoTests" name="[299] /home/travis/build/icyphy/ptII/ptolemy/actor/lib/test/auto/PublisherSubscriberOpaqueWidthInference.xml (RunModel)" time="0.015" />
  <testcase classname="ptolemy.util.test.junit.AutoTests" name="[300] /home/travis/build/icyphy/ptII/ptolemy/actor/lib/test/auto/PublisherTestSubscriber.xml (RunModel)" time="0.015" />
  <testcase classname="ptolemy.util.test.junit.AutoTests" name="[301] /home/travis/build/icyphy/ptII/ptolemy/actor/lib/test/auto/PublisherToplevelSubscriberPortAOC.xml (RunModel)" time="0.011" />
  <testcase classname="ptolemy.util.test.junit.AutoTests" name="[302] /home/travis/build/icyphy/ptII/ptolemy/actor/lib/test/auto/PulseFiringLimitDE.xml (RunModel)" time="0.015" />
  <testcase classname="ptolemy.util.test.junit.AutoTests" name="[303] /home/travis/build/icyphy/ptII/ptolemy/actor/lib/test/auto/Ramp1.xml (RunModel)" time="0.007" />
  <testcase classname="ptolemy.util.test.junit.AutoTests" name="[304] /home/travis/build/icyphy/ptII/ptolemy/actor/lib/test/auto/RampFiringLimitDE.xml (RunModel)" time="0.011" />
  <testcase classname="ptolemy.util.test.junit.AutoTests" name="[305] /home/travis/build/icyphy/ptII/ptolemy/actor/lib/test/auto/RampFiringLimitSDF.xml (RunModel)" time="0.009" />
  <testcase classname="ptolemy.util.test.junit.AutoTests" name="[306] /home/travis/build/icyphy/ptII/ptolemy/actor/lib/test/auto/RandomInteger.xml (RunModel)" time="0.008" />
  <testcase classname="ptolemy.util.test.junit.AutoTests" name="[307] /home/travis/build/icyphy/ptII/ptolemy/actor/lib/test/auto/ReadFile1.xml (RunModel)" time="0.007" />
  <testcase classname="ptolemy.util.test.junit.AutoTests" name="[308] /home/travis/build/icyphy/ptII/ptolemy/actor/lib/test/auto/ReadFile2.xml (RunModel)" time="0.007" />
  <testcase classname="ptolemy.util.test.junit.AutoTests" name="[309] /home/travis/build/icyphy/ptII/ptolemy/actor/lib/test/auto/Reader.xml (RunModel)" time="0.014" />
  <testcase classname="ptolemy.util.test.junit.AutoTests" name="[310] /home/travis/build/icyphy/ptII/ptolemy/actor/lib/test/auto/RecordAssemblerDisplayNameTest.xml (RunModel)" time="3.661" />
  <testcase classname="ptolemy.util.test.junit.AutoTests" name="[311] /home/travis/build/icyphy/ptII/ptolemy/actor/lib/test/auto/RecordAssemblerTypeError.xml (RunModel)" time="0.04" />
  <testcase classname="ptolemy.util.test.junit.AutoTests" name="[312] /home/travis/build/icyphy/ptII/ptolemy/actor/lib/test/auto/RecordDisassember.xml (RunModel)" time="0.011" />
  <testcase classname="ptolemy.util.test.junit.AutoTests" name="[313] /home/travis/build/icyphy/ptII/ptolemy/actor/lib/test/auto/RecordDisassemberDisplayNameTest.xml (RunModel)" time="0.018" />
  <testcase classname="ptolemy.util.test.junit.AutoTests" name="[314] /home/travis/build/icyphy/ptII/ptolemy/actor/lib/test/auto/RecordDisassembler.xml (RunModel)" time="0.011" />
  <testcase classname="ptolemy.util.test.junit.AutoTests" name="[315] /home/travis/build/icyphy/ptII/ptolemy/actor/lib/test/auto/RecordDisassembler2.xml (RunModel)" time="0.01" />
  <testcase classname="ptolemy.util.test.junit.AutoTests" name="[316] /home/travis/build/icyphy/ptII/ptolemy/actor/lib/test/auto/RecordUpdater.xml (RunModel)" time="0.008" />
  <testcase classname="ptolemy.util.test.junit.AutoTests" name="[317] /home/travis/build/icyphy/ptII/ptolemy/actor/lib/test/auto/RecordUpdater2.xml (RunModel)" time="0.008" />
  <testcase classname="ptolemy.util.test.junit.AutoTests" name="[318] /home/travis/build/icyphy/ptII/ptolemy/actor/lib/test/auto/RecursiveLattice.xml (RunModel)" time="0.009" />
  <testcase classname="ptolemy.util.test.junit.AutoTests" name="[319] /home/travis/build/icyphy/ptII/ptolemy/actor/lib/test/auto/Router.xml (RunModel)" time="3.052" />
  <testcase classname="ptolemy.util.test.junit.AutoTests" name="[320] /home/travis/build/icyphy/ptII/ptolemy/actor/lib/test/auto/Router2.xml (RunModel)" time="3.031" />
  <testcase classname="ptolemy.util.test.junit.AutoTests" name="[321] /home/travis/build/icyphy/ptII/ptolemy/actor/lib/test/auto/RunningMaximum.xml (RunModel)" time="0.02" />
  <testcase classname="ptolemy.util.test.junit.AutoTests" name="[322] /home/travis/build/icyphy/ptII/ptolemy/actor/lib/test/auto/RunningMinimum.xml (RunModel)" time="0.018" />
  <testcase classname="ptolemy.util.test.junit.AutoTests" name="[323] /home/travis/build/icyphy/ptII/ptolemy/actor/lib/test/auto/Scale.xml (RunModel)" time="0.008" />
  <testcase classname="ptolemy.util.test.junit.AutoTests" name="[324] /home/travis/build/icyphy/ptII/ptolemy/actor/lib/test/auto/Scale2.xml (RunModel)" time="0.008" />
  <testcase classname="ptolemy.util.test.junit.AutoTests" name="[325] /home/travis/build/icyphy/ptII/ptolemy/actor/lib/test/auto/Scale3.xml (RunModel)" time="0.017" />
  <testcase classname="ptolemy.util.test.junit.AutoTests" name="[326] /home/travis/build/icyphy/ptII/ptolemy/actor/lib/test/auto/ScaleArray.xml (RunModel)" time="0.007" />
  <testcase classname="ptolemy.util.test.junit.AutoTests" name="[327] /home/travis/build/icyphy/ptII/ptolemy/actor/lib/test/auto/ScaleArray2.xml (RunModel)" time="0.006" />
  <testcase classname="ptolemy.util.test.junit.AutoTests" name="[328] /home/travis/build/icyphy/ptII/ptolemy/actor/lib/test/auto/ScaleMatrix.xml (RunModel)" time="0.144" />
  <testcase classname="ptolemy.util.test.junit.AutoTests" name="[329] /home/travis/build/icyphy/ptII/ptolemy/actor/lib/test/auto/Select.xml (RunModel)" time="0.013" />
  <testcase classname="ptolemy.util.test.junit.AutoTests" name="[330] /home/travis/build/icyphy/ptII/ptolemy/actor/lib/test/auto/Select2.xml (RunModel)" time="0.008" />
  <testcase classname="ptolemy.util.test.junit.AutoTests" name="[331] /home/travis/build/icyphy/ptII/ptolemy/actor/lib/test/auto/SequenceToArray2.xml (RunModel)" time="0.135" />
  <testcase classname="ptolemy.util.test.junit.AutoTests" name="[332] /home/travis/build/icyphy/ptII/ptolemy/actor/lib/test/auto/SequentialClock.xml (RunModel)" time="0.008" />
  <testcase classname="ptolemy.util.test.junit.AutoTests" name="[333] /home/travis/build/icyphy/ptII/ptolemy/actor/lib/test/auto/SetVariable.xml (RunModel)" time="0.013" />
  <testcase classname="ptolemy.util.test.junit.AutoTests" name="[334] /home/travis/build/icyphy/ptII/ptolemy/actor/lib/test/auto/SetVariable2.xml (RunModel)" time="0.009" />
  <testcase classname="ptolemy.util.test.junit.AutoTests" name="[335] /home/travis/build/icyphy/ptII/ptolemy/actor/lib/test/auto/SetVariable3.xml (RunModel)" time="0.014" />
  <testcase classname="ptolemy.util.test.junit.AutoTests" name="[336] /home/travis/build/icyphy/ptII/ptolemy/actor/lib/test/auto/SetVariable4.xml (RunModel)" time="0.026" />
  <testcase classname="ptolemy.util.test.junit.AutoTests" name="[337] /home/travis/build/icyphy/ptII/ptolemy/actor/lib/test/auto/SetVariable5.xml (RunModel)" time="0.033" />
  <testcase classname="ptolemy.util.test.junit.AutoTests" name="[338] /home/travis/build/icyphy/ptII/ptolemy/actor/lib/test/auto/Sinewave.xml (RunModel)" time="0.022" />
  <testcase classname="ptolemy.util.test.junit.AutoTests" name="[339] /home/travis/build/icyphy/ptII/ptolemy/actor/lib/test/auto/Sinewave2.xml (RunModel)" time="0.015" />
  <testcase classname="ptolemy.util.test.junit.AutoTests" name="[340] /home/travis/build/icyphy/ptII/ptolemy/actor/lib/test/auto/Sinewave3.xml (RunModel)" time="0.016" />
  <testcase classname="ptolemy.util.test.junit.AutoTests" name="[341] /home/travis/build/icyphy/ptII/ptolemy/actor/lib/test/auto/SingleEvent.xml (RunModel)" time="0.009" />
  <testcase classname="ptolemy.util.test.junit.AutoTests" name="[342] /home/travis/build/icyphy/ptII/ptolemy/actor/lib/test/auto/Sleep.xml (RunModel)" time="6.013" />
  <testcase classname="ptolemy.util.test.junit.AutoTests" name="[343] /home/travis/build/icyphy/ptII/ptolemy/actor/lib/test/auto/SleepMultipleFire.xml (RunModel)" time="1.022" />
  <testcase classname="ptolemy.util.test.junit.AutoTests" name="[344] /home/travis/build/icyphy/ptII/ptolemy/actor/lib/test/auto/StopDE.xml (RunModel)" time="0.018" />
  <testcase classname="ptolemy.util.test.junit.AutoTests" name="[345] /home/travis/build/icyphy/ptII/ptolemy/actor/lib/test/auto/StopSDF.xml (RunModel)" time="0.021" />
  <testcase classname="ptolemy.util.test.junit.AutoTests" name="[346] /home/travis/build/icyphy/ptII/ptolemy/actor/lib/test/auto/StringConstant.xml (RunModel)" time="0.015" />
  <testcase classname="ptolemy.util.test.junit.AutoTests" name="[347] /home/travis/build/icyphy/ptII/ptolemy/actor/lib/test/auto/SubscriberPortInitialValues1.xml (RunModel)" time="0.023" />
  <testcase classname="ptolemy.util.test.junit.AutoTests" name="[348] /home/travis/build/icyphy/ptII/ptolemy/actor/lib/test/auto/SubscriberPortInitialValues13.xml (RunModel)" time="0.022" />
  <testcase classname="ptolemy.util.test.junit.AutoTests" name="[349] /home/travis/build/icyphy/ptII/ptolemy/actor/lib/test/auto/SubscriberPortInitialValues14.xml (RunModel)" time="0.013" />
  <testcase classname="ptolemy.util.test.junit.AutoTests" name="[350] /home/travis/build/icyphy/ptII/ptolemy/actor/lib/test/auto/SubscriberPortInitialValues2.xml (RunModel)" time="0.014" />
  <testcase classname="ptolemy.util.test.junit.AutoTests" name="[351] /home/travis/build/icyphy/ptII/ptolemy/actor/lib/test/auto/SubscriberPortInitialValues3.xml (RunModel)" time="0.018" />
  <testcase classname="ptolemy.util.test.junit.AutoTests" name="[352] /home/travis/build/icyphy/ptII/ptolemy/actor/lib/test/auto/SubscriptionAggregator.xml (RunModel)" time="0.011" />
  <testcase classname="ptolemy.util.test.junit.AutoTests" name="[353] /home/travis/build/icyphy/ptII/ptolemy/actor/lib/test/auto/SubscriptionAggregator2.xml (RunModel)" time="0.01" />
  <testcase classname="ptolemy.util.test.junit.AutoTests" name="[354] /home/travis/build/icyphy/ptII/ptolemy/actor/lib/test/auto/SubscriptionAggregator3.xml (RunModel)" time="0.017" />
  <testcase classname="ptolemy.util.test.junit.AutoTests" name="[355] /home/travis/build/icyphy/ptII/ptolemy/actor/lib/test/auto/SubscriptionAggregatorMultiply.xml (RunModel)" time="0.013" />
  <testcase classname="ptolemy.util.test.junit.AutoTests" name="[356] /home/travis/build/icyphy/ptII/ptolemy/actor/lib/test/auto/SubscriptionAggregatorPortMultiply1.xml (RunModel)" time="0.019" />
  <testcase classname="ptolemy.util.test.junit.AutoTests" name="[357] /home/travis/build/icyphy/ptII/ptolemy/actor/lib/test/auto/Switch.xml (RunModel)" time="0.015" />
  <testcase classname="ptolemy.util.test.junit.AutoTests" name="[358] /home/travis/build/icyphy/ptII/ptolemy/actor/lib/test/auto/Switch2.xml (RunModel)" time="0.012" />
  <testcase classname="ptolemy.util.test.junit.AutoTests" name="[359] /home/travis/build/icyphy/ptII/ptolemy/actor/lib/test/auto/SwitchDE.xml (RunModel)" time="0.014" />
  <testcase classname="ptolemy.util.test.junit.AutoTests" name="[360] /home/travis/build/icyphy/ptII/ptolemy/actor/lib/test/auto/SynchronizerDE.xml (RunModel)" time="0.021" />
  <testcase classname="ptolemy.util.test.junit.AutoTests" name="[361] /home/travis/build/icyphy/ptII/ptolemy/actor/lib/test/auto/Test.xml (RunModel)" time="0.008" />
  <testcase classname="ptolemy.util.test.junit.AutoTests" name="[362] /home/travis/build/icyphy/ptII/ptolemy/actor/lib/test/auto/TestExceptionAttribute1.xml (RunModel)" time="0.01" />
  <testcase classname="ptolemy.util.test.junit.AutoTests" name="[363] /home/travis/build/icyphy/ptII/ptolemy/actor/lib/test/auto/TestExceptionAttribute2.xml (RunModel)" time="0.007" />
  <testcase classname="ptolemy.util.test.junit.AutoTests" name="[364] /home/travis/build/icyphy/ptII/ptolemy/actor/lib/test/auto/TestExceptionAttribute3.xml (RunModel)" time="0.009" />
  <testcase classname="ptolemy.util.test.junit.AutoTests" name="[365] /home/travis/build/icyphy/ptII/ptolemy/actor/lib/test/auto/TestExceptionAttribute4.xml (RunModel)" time="0.006" />
  <testcase classname="ptolemy.util.test.junit.AutoTests" name="[366] /home/travis/build/icyphy/ptII/ptolemy/actor/lib/test/auto/TestExceptionHandler1.xml (RunModel)" time="0.009" />
  <testcase classname="ptolemy.util.test.junit.AutoTests" name="[367] /home/travis/build/icyphy/ptII/ptolemy/actor/lib/test/auto/TestExceptionHandler2.xml (RunModel)" time="0.008" />
  <testcase classname="ptolemy.util.test.junit.AutoTests" name="[368] /home/travis/build/icyphy/ptII/ptolemy/actor/lib/test/auto/TestExceptionHandler3.xml (RunModel)" time="0.006" />
  <testcase classname="ptolemy.util.test.junit.AutoTests" name="[369] /home/travis/build/icyphy/ptII/ptolemy/actor/lib/test/auto/TestExceptionHandler4.xml (RunModel)" time="0.006" />
  <testcase classname="ptolemy.util.test.junit.AutoTests" name="[370] /home/travis/build/icyphy/ptII/ptolemy/actor/lib/test/auto/TestRequireCorrectOrder.xml (RunModel)" time="0.009" />
  <testcase classname="ptolemy.util.test.junit.AutoTests" name="[371] /home/travis/build/icyphy/ptII/ptolemy/actor/lib/test/auto/TestSimple.xml (RunModel)" time="0.006" />
  <testcase classname="ptolemy.util.test.junit.AutoTests" name="[372] /home/travis/build/icyphy/ptII/ptolemy/actor/lib/test/auto/ThrowModelError.xml (RunModel)" time="0.009" />
  <testcase classname="ptolemy.util.test.junit.AutoTests" name="[373] /home/travis/build/icyphy/ptII/ptolemy/actor/lib/test/auto/TimeDelayMicrosteps.xml (RunModel)" time="0.011" />
  <testcase classname="ptolemy.util.test.junit.AutoTests" name="[374] /home/travis/build/icyphy/ptII/ptolemy/actor/lib/test/auto/TimeDelayMicrosteps2.xml (RunModel)" time="0.012" />
  <testcase classname="ptolemy.util.test.junit.AutoTests" name="[375] /home/travis/build/icyphy/ptII/ptolemy/actor/lib/test/auto/TimeDelayMicrosteps3.xml (RunModel)" time="0.01" />
  <testcase classname="ptolemy.util.test.junit.AutoTests" name="[376] /home/travis/build/icyphy/ptII/ptolemy/actor/lib/test/auto/TimeDelayVariableMicrosteps.xml (RunModel)" time="0.011" />
  <testcase classname="ptolemy.util.test.junit.AutoTests" name="[377] /home/travis/build/icyphy/ptII/ptolemy/actor/lib/test/auto/TimeGap.xml (RunModel)" time="0.014" />
  <testcase classname="ptolemy.util.test.junit.AutoTests" name="[378] /home/travis/build/icyphy/ptII/ptolemy/actor/lib/test/auto/TimeGap2.xml (RunModel)" time="0.01" />
  <testcase classname="ptolemy.util.test.junit.AutoTests" name="[379] /home/travis/build/icyphy/ptII/ptolemy/actor/lib/test/auto/TimedSinewave.xml (RunModel)" time="0.047" />
  <testcase classname="ptolemy.util.test.junit.AutoTests" name="[380] /home/travis/build/icyphy/ptII/ptolemy/actor/lib/test/auto/TimedSinewavePhase.xml (RunModel)" time="0.03" />
  <testcase classname="ptolemy.util.test.junit.AutoTests" name="[381] /home/travis/build/icyphy/ptII/ptolemy/actor/lib/test/auto/Timer.xml (RunModel)" time="0.014" />
  <testcase classname="ptolemy.util.test.junit.AutoTests" name="[382] /home/travis/build/icyphy/ptII/ptolemy/actor/lib/test/auto/TriangularDistTestModel.xml (RunModel)" time="0.016" />
  <testcase classname="ptolemy.util.test.junit.AutoTests" name="[383] /home/travis/build/icyphy/ptII/ptolemy/actor/lib/test/auto/TrigFunction.xml (RunModel)" time="0.011" />
  <testcase classname="ptolemy.util.test.junit.AutoTests" name="[384] /home/travis/build/icyphy/ptII/ptolemy/actor/lib/test/auto/TrigFunctionDE.xml (RunModel)" time="0.01" />
  <testcase classname="ptolemy.util.test.junit.AutoTests" name="[385] /home/travis/build/icyphy/ptII/ptolemy/actor/lib/test/auto/TrigFunctionInverse.xml (RunModel)" time="0.009" />
  <testcase classname="ptolemy.util.test.junit.AutoTests" name="[386] /home/travis/build/icyphy/ptII/ptolemy/actor/lib/test/auto/TrigFunctionTan.xml (RunModel)" time="0.007" />
  <testcase classname="ptolemy.util.test.junit.AutoTests" name="[387] /home/travis/build/icyphy/ptII/ptolemy/actor/lib/test/auto/TriggeredClock.xml (RunModel)" time="0.008" />
  <testcase classname="ptolemy.util.test.junit.AutoTests" name="[388] /home/travis/build/icyphy/ptII/ptolemy/actor/lib/test/auto/URLDirectoryReader.xml (RunModel)" time="0.126" />
  <testcase classname="ptolemy.util.test.junit.AutoTests" name="[389] /home/travis/build/icyphy/ptII/ptolemy/actor/lib/test/auto/URLDirectoryReader3.xml (RunModel)" time="1.671" />
  <testcase classname="ptolemy.util.test.junit.AutoTests" name="[390] /home/travis/build/icyphy/ptII/ptolemy/actor/lib/test/auto/UnaryMathFunction.xml (RunModel)" time="0.025" />
  <testcase classname="ptolemy.util.test.junit.AutoTests" name="[391] /home/travis/build/icyphy/ptII/ptolemy/actor/lib/test/auto/Uniform.xml (RunModel)" time="0.013" />
  <testcase classname="ptolemy.util.test.junit.AutoTests" name="[392] /home/travis/build/icyphy/ptII/ptolemy/actor/lib/test/auto/UnionDisassemblerTest.xml (RunModel)" time="0.023" />
  <testcase classname="ptolemy.util.test.junit.AutoTests" name="[393] /home/travis/build/icyphy/ptII/ptolemy/actor/lib/test/auto/UtilityFunctions.xml (RunModel)" time="0.014" />
  <testcase classname="ptolemy.util.test.junit.AutoTests" name="[394] /home/travis/build/icyphy/ptII/ptolemy/actor/lib/test/auto/VariableSleep.xml (RunModel)" time="0.514" />
  <testcase classname="ptolemy.util.test.junit.AutoTests" name="[395] /home/travis/build/icyphy/ptII/ptolemy/actor/lib/test/auto/VectorAssemblerDisassemblerCT.xml (RunModel)" time="0.1" />
  <testcase classname="ptolemy.util.test.junit.AutoTests" name="[396] /home/travis/build/icyphy/ptII/ptolemy/actor/lib/test/auto/VectorAssemblerDisassemblerDE.xml (RunModel)" time="0.012" />
  <testcase classname="ptolemy.util.test.junit.AutoTests" name="[397] /home/travis/build/icyphy/ptII/ptolemy/actor/lib/test/auto/VectorAssemblerDisassemblerSDF.xml (RunModel)" time="0.011" />
  <testcase classname="ptolemy.util.test.junit.AutoTests" name="[398] /home/travis/build/icyphy/ptII/ptolemy/actor/lib/test/auto/WallClockTime.xml (RunModel)" time="1.011" />
  <testcase classname="ptolemy.util.test.junit.AutoTests" name="[399] /home/travis/build/icyphy/ptII/ptolemy/actor/lib/test/auto/WidthTestWithSubscriberPublisher.xml (RunModel)" time="0.041" />
  <testcase classname="ptolemy.util.test.junit.AutoTests" name="[400] /home/travis/build/icyphy/ptII/ptolemy/actor/lib/test/auto/WidthTestWithSubscriberPublisher2.xml (RunModel)" time="0.015" />
  <testcase classname="ptolemy.util.test.junit.AutoTests" name="[401] /home/travis/build/icyphy/ptII/ptolemy/actor/lib/test/auto/WidthTestWithSubscriberPublisher3.xml (RunModel)" time="0.011" />
  <testcase classname="ptolemy.util.test.junit.AutoTests" name="[402] /home/travis/build/icyphy/ptII/ptolemy/actor/lib/test/auto/Writer.xml (RunModel)" time="0.006" />
  <testcase classname="ptolemy.util.test.junit.AutoTests" name="[403] /home/travis/build/icyphy/ptII/ptolemy/actor/lib/test/auto/array.xml (RunModel)" time="0.008" />
  <testcase classname="ptolemy.util.test.junit.AutoTests" name="[404] /home/travis/build/icyphy/ptII/ptolemy/actor/lib/test/auto/array2.xml (RunModel)" time="0.01" />
  <testcase classname="ptolemy.util.test.junit.AutoTests" name="[405] /home/travis/build/icyphy/ptII/ptolemy/actor/lib/test/auto/arrayType.xml (RunModel)" time="0.01" />
  <testcase classname="ptolemy.util.test.junit.AutoTests" name="[406] /home/travis/build/icyphy/ptII/ptolemy/actor/lib/test/auto/arrayType10.xml (RunModel)" time="0.007" />
  <testcase classname="ptolemy.util.test.junit.AutoTests" name="[407] /home/travis/build/icyphy/ptII/ptolemy/actor/lib/test/auto/arrayType11.xml (RunModel)" time="0.008" />
  <testcase classname="ptolemy.util.test.junit.AutoTests" name="[408] /home/travis/build/icyphy/ptII/ptolemy/actor/lib/test/auto/arrayType12.xml (RunModel)" time="0.007" />
  <testcase classname="ptolemy.util.test.junit.AutoTests" name="[409] /home/travis/build/icyphy/ptII/ptolemy/actor/lib/test/auto/arrayType13.xml (RunModel)" time="0.008" />
  <testcase classname="ptolemy.util.test.junit.AutoTests" name="[410] /home/travis/build/icyphy/ptII/ptolemy/actor/lib/test/auto/arrayType14.xml (RunModel)" time="0.008" />
  <testcase classname="ptolemy.util.test.junit.AutoTests" name="[411] /home/travis/build/icyphy/ptII/ptolemy/actor/lib/test/auto/arrayType15.xml (RunModel)" time="0.01" />
  <testcase classname="ptolemy.util.test.junit.AutoTests" name="[412] /home/travis/build/icyphy/ptII/ptolemy/actor/lib/test/auto/arrayType16.xml (RunModel)" time="0.007" />
  <testcase classname="ptolemy.util.test.junit.AutoTests" name="[413] /home/travis/build/icyphy/ptII/ptolemy/actor/lib/test/auto/arrayType17.xml (RunModel)" time="0.007" />
  <testcase classname="ptolemy.util.test.junit.AutoTests" name="[414] /home/travis/build/icyphy/ptII/ptolemy/actor/lib/test/auto/arrayType18.xml (RunModel)" time="0.007" />
  <testcase classname="ptolemy.util.test.junit.AutoTests" name="[415] /home/travis/build/icyphy/ptII/ptolemy/actor/lib/test/auto/arrayType19.xml (RunModel)" time="0.007" />
  <testcase classname="ptolemy.util.test.junit.AutoTests" name="[416] /home/travis/build/icyphy/ptII/ptolemy/actor/lib/test/auto/arrayType2.xml (RunModel)" time="0.008" />
  <testcase classname="ptolemy.util.test.junit.AutoTests" name="[417] /home/travis/build/icyphy/ptII/ptolemy/actor/lib/test/auto/arrayType20.xml (RunModel)" time="0.008" />
  <testcase classname="ptolemy.util.test.junit.AutoTests" name="[418] /home/travis/build/icyphy/ptII/ptolemy/actor/lib/test/auto/arrayType21.xml (RunModel)" time="0.009" />
  <testcase classname="ptolemy.util.test.junit.AutoTests" name="[419] /home/travis/build/icyphy/ptII/ptolemy/actor/lib/test/auto/arrayType22.xml (RunModel)" time="0.008" />
  <testcase classname="ptolemy.util.test.junit.AutoTests" name="[420] /home/travis/build/icyphy/ptII/ptolemy/actor/lib/test/auto/arrayType23.xml (RunModel)" time="0.008" />
  <testcase classname="ptolemy.util.test.junit.AutoTests" name="[421] /home/travis/build/icyphy/ptII/ptolemy/actor/lib/test/auto/arrayType24.xml (RunModel)" time="0.008" />
  <testcase classname="ptolemy.util.test.junit.AutoTests" name="[422] /home/travis/build/icyphy/ptII/ptolemy/actor/lib/test/auto/arrayType25.xml (RunModel)" time="0.008" />
  <testcase classname="ptolemy.util.test.junit.AutoTests" name="[423] /home/travis/build/icyphy/ptII/ptolemy/actor/lib/test/auto/arrayType26.xml (RunModel)" time="0.007" />
  <testcase classname="ptolemy.util.test.junit.AutoTests" name="[424] /home/travis/build/icyphy/ptII/ptolemy/actor/lib/test/auto/arrayType27.xml (RunModel)" time="0.008" />
  <testcase classname="ptolemy.util.test.junit.AutoTests" name="[425] /home/travis/build/icyphy/ptII/ptolemy/actor/lib/test/auto/arrayType28.xml (RunModel)" time="0.009" />
  <testcase classname="ptolemy.util.test.junit.AutoTests" name="[426] /home/travis/build/icyphy/ptII/ptolemy/actor/lib/test/auto/arrayType3.xml (RunModel)" time="0.008" />
  <testcase classname="ptolemy.util.test.junit.AutoTests" name="[427] /home/travis/build/icyphy/ptII/ptolemy/actor/lib/test/auto/arrayType4.xml (RunModel)" time="0.007" />
  <testcase classname="ptolemy.util.test.junit.AutoTests" name="[428] /home/travis/build/icyphy/ptII/ptolemy/actor/lib/test/auto/arrayType5.xml (RunModel)" time="0.007" />
  <testcase classname="ptolemy.util.test.junit.AutoTests" name="[429] /home/travis/build/icyphy/ptII/ptolemy/actor/lib/test/auto/arrayType6.xml (RunModel)" time="0.006" />
  <testcase classname="ptolemy.util.test.junit.AutoTests" name="[430] /home/travis/build/icyphy/ptII/ptolemy/actor/lib/test/auto/arrayType7.xml (RunModel)" time="0.006" />
  <testcase classname="ptolemy.util.test.junit.AutoTests" name="[431] /home/travis/build/icyphy/ptII/ptolemy/actor/lib/test/auto/arrayType8.xml (RunModel)" time="0.018" />
  <testcase classname="ptolemy.util.test.junit.AutoTests" name="[432] /home/travis/build/icyphy/ptII/ptolemy/actor/lib/test/auto/arrayType9.xml (RunModel)" time="0.013" />
  <testcase classname="ptolemy.util.test.junit.AutoTests" name="[433] /home/travis/build/icyphy/ptII/ptolemy/actor/lib/test/auto/cast.xml (RunModel)" time="0.008" />
  <testcase classname="ptolemy.util.test.junit.AutoTests" name="[434] /home/travis/build/icyphy/ptII/ptolemy/actor/lib/test/auto/compositeMultiPort.xml (RunModel)" time="0.014" />
  <testcase classname="ptolemy.util.test.junit.AutoTests" name="[435] /home/travis/build/icyphy/ptII/ptolemy/actor/lib/test/auto/expressionCastInference.xml (RunModel)" time="0.007" />
  <testcase classname="ptolemy.util.test.junit.AutoTests" name="[436] /home/travis/build/icyphy/ptII/ptolemy/actor/lib/test/auto/expressionCastInference2.xml (RunModel)" time="0.007" />
  <testcase classname="ptolemy.util.test.junit.AutoTests" name="[437] /home/travis/build/icyphy/ptII/ptolemy/actor/lib/test/auto/expressionInference.xml (RunModel)" time="0.034" />
  <testcase classname="ptolemy.util.test.junit.AutoTests" name="[438] /home/travis/build/icyphy/ptII/ptolemy/actor/lib/test/auto/expression_bug.xml (RunModel)" time="0.031" />
  <testcase classname="ptolemy.util.test.junit.AutoTests" name="[439] /home/travis/build/icyphy/ptII/ptolemy/actor/lib/test/auto/factorial.xml (RunModel)" time="0.071" />
  <testcase classname="ptolemy.util.test.junit.AutoTests" name="[440] /home/travis/build/icyphy/ptII/ptolemy/actor/lib/test/auto/filterTest1.xml (RunModel)" time="0.036" />
  <testcase classname="ptolemy.util.test.junit.AutoTests" name="[441] /home/travis/build/icyphy/ptII/ptolemy/actor/lib/test/auto/funcApplyInConst.xml (RunModel)" time="0.026" />
  <testcase classname="ptolemy.util.test.junit.AutoTests" name="[442] /home/travis/build/icyphy/ptII/ptolemy/actor/lib/test/auto/funcApplyInExpr.xml (RunModel)" time="0.025" />
  <testcase classname="ptolemy.util.test.junit.AutoTests" name="[443] /home/travis/build/icyphy/ptII/ptolemy/actor/lib/test/auto/function.xml (RunModel)" time="0.026" />
  <testcase classname="ptolemy.util.test.junit.AutoTests" name="[444] /home/travis/build/icyphy/ptII/ptolemy/actor/lib/test/auto/function2.xml (RunModel)" time="0.008" />
  <testcase classname="ptolemy.util.test.junit.AutoTests" name="[445] /home/travis/build/icyphy/ptII/ptolemy/actor/lib/test/auto/function3.xml (RunModel)" time="0.007" />
  <testcase classname="ptolemy.util.test.junit.AutoTests" name="[446] /home/travis/build/icyphy/ptII/ptolemy/actor/lib/test/auto/functionClosureTest1.xml (RunModel)" time="0.009" />
  <testcase classname="ptolemy.util.test.junit.AutoTests" name="[447] /home/travis/build/icyphy/ptII/ptolemy/actor/lib/test/auto/functionClosureTest2.xml (RunModel)" time="0.006" />
  <testcase classname="ptolemy.util.test.junit.AutoTests" name="[448] /home/travis/build/icyphy/ptII/ptolemy/actor/lib/test/auto/functionClosureTest3.xml (RunModel)" time="0.01" />
  <testcase classname="ptolemy.util.test.junit.AutoTests" name="[449] /home/travis/build/icyphy/ptII/ptolemy/actor/lib/test/auto/functionClosureTest4.xml (RunModel)" time="0.016" />
  <testcase classname="ptolemy.util.test.junit.AutoTests" name="[450] /home/travis/build/icyphy/ptII/ptolemy/actor/lib/test/auto/functionClosureTest5.xml (RunModel)" time="0.013" />
  <testcase classname="ptolemy.util.test.junit.AutoTests" name="[451] /home/travis/build/icyphy/ptII/ptolemy/actor/lib/test/auto/functionClosureTest6.xml (RunModel)" time="0.007" />
  <testcase classname="ptolemy.util.test.junit.AutoTests" name="[452] /home/travis/build/icyphy/ptII/ptolemy/actor/lib/test/auto/functionsOnArcs.xml (RunModel)" time="0.008" />
  <testcase classname="ptolemy.util.test.junit.AutoTests" name="[453] /home/travis/build/icyphy/ptII/ptolemy/actor/lib/test/auto/functionsOnArcsHOF.xml (RunModel)" time="0.01" />
  <testcase classname="ptolemy.util.test.junit.AutoTests" name="[454] /home/travis/build/icyphy/ptII/ptolemy/actor/lib/test/auto/logic.xml (RunModel)" time="0.014" />
  <testcase classname="ptolemy.util.test.junit.AutoTests" name="[455] /home/travis/build/icyphy/ptII/ptolemy/actor/lib/test/auto/matrixType.xml (RunModel)" time="0.007" />
  <testcase classname="ptolemy.util.test.junit.AutoTests" name="[456] /home/travis/build/icyphy/ptII/ptolemy/actor/lib/test/auto/matrixType10.xml (RunModel)" time="0.007" />
  <testcase classname="ptolemy.util.test.junit.AutoTests" name="[457] /home/travis/build/icyphy/ptII/ptolemy/actor/lib/test/auto/matrixType11.xml (RunModel)" time="0.006" />
  <testcase classname="ptolemy.util.test.junit.AutoTests" name="[458] /home/travis/build/icyphy/ptII/ptolemy/actor/lib/test/auto/matrixType12.xml (RunModel)" time="0.009" />
  <testcase classname="ptolemy.util.test.junit.AutoTests" name="[459] /home/travis/build/icyphy/ptII/ptolemy/actor/lib/test/auto/matrixType13.xml (RunModel)" time="0.007" />
  <testcase classname="ptolemy.util.test.junit.AutoTests" name="[460] /home/travis/build/icyphy/ptII/ptolemy/actor/lib/test/auto/matrixType14.xml (RunModel)" time="0.009" />
  <testcase classname="ptolemy.util.test.junit.AutoTests" name="[461] /home/travis/build/icyphy/ptII/ptolemy/actor/lib/test/auto/matrixType2.xml (RunModel)" time="0.008" />
  <testcase classname="ptolemy.util.test.junit.AutoTests" name="[462] /home/travis/build/icyphy/ptII/ptolemy/actor/lib/test/auto/matrixType3.xml (RunModel)" time="0.008" />
  <testcase classname="ptolemy.util.test.junit.AutoTests" name="[463] /home/travis/build/icyphy/ptII/ptolemy/actor/lib/test/auto/matrixType4.xml (RunModel)" time="0.007" />
  <testcase classname="ptolemy.util.test.junit.AutoTests" name="[464] /home/travis/build/icyphy/ptII/ptolemy/actor/lib/test/auto/matrixType5.xml (RunModel)" time="0.007" />
  <testcase classname="ptolemy.util.test.junit.AutoTests" name="[465] /home/travis/build/icyphy/ptII/ptolemy/actor/lib/test/auto/matrixType6.xml (RunModel)" time="0.007" />
  <testcase classname="ptolemy.util.test.junit.AutoTests" name="[466] /home/travis/build/icyphy/ptII/ptolemy/actor/lib/test/auto/matrixType7.xml (RunModel)" time="0.006" />
  <testcase classname="ptolemy.util.test.junit.AutoTests" name="[467] /home/travis/build/icyphy/ptII/ptolemy/actor/lib/test/auto/matrixType8.xml (RunModel)" time="0.014" />
  <testcase classname="ptolemy.util.test.junit.AutoTests" name="[468] /home/travis/build/icyphy/ptII/ptolemy/actor/lib/test/auto/matrixType9.xml (RunModel)" time="0.008" />
  <testcase classname="ptolemy.util.test.junit.AutoTests" name="[469] /home/travis/build/icyphy/ptII/ptolemy/actor/lib/test/auto/paraFunctest.xml (RunModel)" time="0.01" />
  <testcase classname="ptolemy.util.test.junit.AutoTests" name="[470] /home/travis/build/icyphy/ptII/ptolemy/actor/lib/test/auto/paraFunctest2.xml (RunModel)" time="0.009" />
  <testcase classname="ptolemy.util.test.junit.AutoTests" name="[471] /home/travis/build/icyphy/ptII/ptolemy/actor/lib/test/auto/parameterPassing.xml (RunModel)" time="0.009" />
  <testcase classname="ptolemy.util.test.junit.AutoTests" name="[472] /home/travis/build/icyphy/ptII/ptolemy/actor/lib/test/auto/record.xml (RunModel)" time="0.01" />
  <testcase classname="ptolemy.util.test.junit.AutoTests" name="[473] /home/travis/build/icyphy/ptII/ptolemy/actor/lib/test/auto/sizedarray1.xml (RunModel)" time="0.008" />
  <testcase classname="ptolemy.util.test.junit.AutoTests" name="[474] /home/travis/build/icyphy/ptII/ptolemy/actor/lib/test/auto/sizedarray2.xml (RunModel)" time="0.008" />
  <testcase classname="ptolemy.util.test.junit.AutoTests" name="[475] /home/travis/build/icyphy/ptII/ptolemy/actor/lib/test/auto/twoPublishers.xml (RunModel)" time="0.02" />
  <system-out><![CDATA[/home/travis/build/icyphy/ptII/ptolemy/actor/lib/test/AbsoluteValue.tcl
testDefs.tcl: setting time out to 9000 seconds at Thu Jun 04 14:35:59 UTC 2020
120 ms. Memory: 129024K Free: 92595K (72%)
9 ms. Memory: 129024K Free: 90531K (70%)
11 ms. Memory: 129024K Free: 90050K (70%)
6 ms. Memory: 129024K Free: 89028K (69%)
/home/travis/build/icyphy/ptII/ptolemy/actor/lib/test/AddSubtract.tcl
16 ms. Memory: 129024K Free: 86980K (67%)
6 ms. Memory: 129024K Free: 86435K (67%)
12 ms. Memory: 129024K Free: 85442K (66%)
16 ms. Memory: 129024K Free: 84932K (66%)
77 ms. Memory: 129024K Free: 81860K (63%)
15 ms. Memory: 129024K Free: 80836K (63%)
/home/travis/build/icyphy/ptII/ptolemy/actor/lib/test/Average.tcl
14 ms. Memory: 129024K Free: 79298K (61%)
17 ms. Memory: 129024K Free: 78274K (61%)
/home/travis/build/icyphy/ptII/ptolemy/actor/lib/test/Bernoulli.tcl
9 ms. Memory: 129024K Free: 76740K (59%)
7 ms. Memory: 129024K Free: 76195K (59%)
/home/travis/build/icyphy/ptII/ptolemy/actor/lib/test/Clock.tcl
preinitializing
resolving types
initializing
executing number 1
wrapping up
idle
41 ms. Memory: 129024K Free: 73668K (57%)
Completed execution with 5 iterations
preinitializing
resolving types
initializing
executing number 1
wrapping up
idle
4 ms. Memory: 129024K Free: 72644K (56%)
Completed execution with 5 iterations
preinitializing
resolving types
initializing
executing number 1
wrapping up
idle
3 ms. Memory: 129024K Free: 72115K (56%)
Completed execution with 5 iterations
/home/travis/build/icyphy/ptII/ptolemy/actor/lib/test/Commutator.tcl
14 ms. Memory: 129024K Free: 70051K (54%)
5 ms. Memory: 129024K Free: 69027K (53%)
10 ms. Memory: 129024K Free: 63428K (49%)
/home/travis/build/icyphy/ptII/ptolemy/actor/lib/test/Const.tcl
12 ms. Memory: 129024K Free: 61875K (48%)
2 ms. Memory: 129024K Free: 61380K (48%)
4 ms. Memory: 129024K Free: 60851K (47%)
2 ms. Memory: 129024K Free: 60356K (47%)
2 ms. Memory: 129024K Free: 59842K (46%)
17 ms. Memory: 129024K Free: 57794K (45%)
19 ms. Memory: 129024K Free: 56755K (44%)
11 ms. Memory: 129024K Free: 56260K (44%)
/home/travis/build/icyphy/ptII/ptolemy/actor/lib/test/CurrentTime.tcl
preinitializing
resolving types
initializing
executing number 1
wrapping up
idle
23 ms. Memory: 129024K Free: 54212K (42%)
Completed execution with 11 iterations
/home/travis/build/icyphy/ptII/ptolemy/actor/lib/test/DB.tcl
4 ms. Memory: 129024K Free: 52659K (41%)
3 ms. Memory: 129024K Free: 52164K (40%)
1 ms. Memory: 129024K Free: 51650K (40%)
/home/travis/build/icyphy/ptII/ptolemy/actor/lib/test/DiscreteRandomSource.tcl
preinitializing
resolving types
initializing
executing number 1
wrapping up
idle
10 ms. Memory: 129024K Free: 50116K (39%)
Completed execution with 4 iterations
preinitializing
resolving types
initializing
executing number 1
wrapping up
idle
7 ms. Memory: 129024K Free: 49595K (38%)
Completed execution with 4 iterations
preinitializing
resolving types
initializing
executing number 1
wrapping up
idle
8 ms. Memory: 129024K Free: 49092K (38%)
Completed execution with 4 iterations
preinitializing
resolving types
initializing
executing number 1
wrapping up
idle
5 ms. Memory: 129024K Free: 48563K (38%)
Completed execution with 4 iterations
preinitializing
resolving types
initializing
executing number 1
wrapping up
idle
12 ms. Memory: 129024K Free: 48068K (37%)
Completed execution with 4 iterations
/home/travis/build/icyphy/ptII/ptolemy/actor/lib/test/Distributor.tcl
15 ms. Memory: 129024K Free: 112913K (88%)
8 ms. Memory: 129024K Free: 112012K (87%)
StreamChangeRequest.changeExecuted(): <deleteEntity name="rec2"/> succeeded
StreamChangeRequest.changeExecuted(): <deleteRelation name="r2"/> succeeded
StreamChangeRequest.changeExecuted(): Record firings per iteration succeeded
13 ms. Memory: 129024K Free: 109980K (85%)
/home/travis/build/icyphy/ptII/ptolemy/actor/lib/test/Exit.tcl
Exit.tcl: this will print a message about Manager.exitAfterWrapup, which can be ignored.
7 ms. Memory: 129024K Free: 106906K (83%)
/home/travis/build/icyphy/ptII/ptolemy/actor/lib/test/Expression.tcl
12 ms. Memory: 129024K Free: 103372K (80%)
3 ms. Memory: 129024K Free: 102796K (80%)
2 ms. Memory: 129024K Free: 102269K (79%)
preinitializing
resolving types
initializing
executing number 1
wrapping up
idle
4 ms. Memory: 129024K Free: 100748K (78%)
Completed execution with 6 iterations
3 ms. Memory: 129024K Free: 99732K (77%)
2 ms. Memory: 129024K Free: 99197K (77%)
5 ms. Memory: 129024K Free: 97692K (76%)
8 ms. Memory: 129024K Free: 96652K (75%)
7 ms. Memory: 129024K Free: 95178K (74%)
/home/travis/build/icyphy/ptII/ptolemy/actor/lib/test/Gaussian.tcl
6 ms. Memory: 129024K Free: 93580K (73%)
sleeping 1 seconds: ..................................................................................................................................................................................................................................................................................................................................................................................................................................................................................................................................................................................................................................................................................................................................................................................................................................................................................................................................................................................................................................................................................................................................................................................................................................................................................................................................................................................................................................................................................................................................................................................................................................................................................................................................................................................................................................................................................................................................................................................................................................................................................................................................................................................................................................................................................................................................................................................................................................................................................................................................................................................................................................................................................................................................................................................................................................................................................................................................................................................................................................................................................................................................................................................................................................................................................................................................................................................................................................................................................................................................................................................................................................................................................................................................................................................................................................................................................................................................................................................................................................................................................................................................................................................................................................................................................................................................................................................................................................................................................................................................................................................................................................................................................................................................................................................................................................................................................................................................................................................................................................................................................................................................................................................................................................................................................................................................................................................................................................................................................................................................................................................................................................................................................................................................................................................................................................................................................................................................................................................................................................................................................................................................................................................................................................................................................................................................................................................................................................................................................................................................................................................................................................................................................................................................................................................................................................................................................................................................................................................................................................................................................................................................................................................................................................................................................................................................................................................................................................................................................................................................................................................................................................................................................................................................................................................................................................................................................................................................................................................................................................................................................................................................................................................................................................................................................................................................................................................................................................................................................................................................................................................................................................................................................................................................................................................................................................................................................................................................................................................................................................................................................................................................................................................................................................................................................................................................................................................................................................................................................................................................................................................................................................................................................................................................................................................................................................................................................................................................................................................................................................................................................................................................................................................................................................................................................................................................................................................................................................................................................................................................................................................................................................................................................................................................................................................................................................................................................................................................................................................................................................................................................................................................................................................................................................................................................................................................................................................................................................................................................................................................................................................................................................................................................................................................................................................................................................................................................................................................................................................................................................................................................................................................................................................................................................................................................................................................................................................................................................................................................................................................................................................................................................................................................................................................................................................................................................................................................................................................................................................................................................................................................................................................................................................................................................................................................................................................................................................................................................................................................................................................................................................................................................................................................................................................................................................................................................................................................................................................................................................................................................................................................................................................................................................................................................................................................................................................................................................................................................................................................................................................................................................................................................................................................................................................................................................................................................................................................................................................................................................................................................................................................................................................................................................................................................................................................................................................................................................................................................................................................................................................................................................................................................................................................................................................................................................................................................................................................................................................................................................................................................................................................................................................................................................................................................................................................................................................................................................................................................................................................................................................................................................................................................................................................................................................................................................................................................................................................................................................................................................................................................................................................................................................................................................................................................................................................................................................................................................................................................................................................................................................................................................................................................................................................................................................................................................................................................................................................................................................................................................................................................................................................................................................................................................................................................................................................................................................................................................................................................................................................................................................................................................................................................................................................................................................................................................................................................................................................................................................................................................................................................................................................................................................................................................................................................................................................................................................................................................................................................................................................................................................................................................................................................................................................................................................................................................................................................................................................................................................................................................................................................................................................................................................................................................................................................................................................................................................................................................................................................................................................................................................................................................................................................................................................................................................................................................................................................................................................................................................................................................................................................................................................................................................................................................................................................................................................................................................................................................................................................................................................................................................................................................................................................................................................................................................................................................................................................................................................................................................................................................................................................................................................................................................................................................................................................................................................................................................................................................................................................................................................................................................................3 ms. Memory: 129024K Free: 105341K (82%)
2 ms. Memory: 129024K Free: 104837K (81%)
2 ms. Memory: 129024K Free: 104309K (81%)
4 ms. Memory: 129024K Free: 103145K (80%)
6 ms. Memory: 129024K Free: 102789K (80%)
/home/travis/build/icyphy/ptII/ptolemy/actor/lib/test/IIR.tcl
/home/travis/build/icyphy/ptII/ptolemy/actor/lib/test/Interpolator.tcl
3 ms. Memory: 129024K Free: 99197K (77%)
2 ms. Memory: 129024K Free: 98693K (76%)
2 ms. Memory: 129024K Free: 97669K (76%)
2 ms. Memory: 129024K Free: 97155K (75%)
3 ms. Memory: 129024K Free: 96645K (75%)
2 ms. Memory: 129024K Free: 95621K (74%)
3 ms. Memory: 129024K Free: 94597K (73%)
2 ms. Memory: 129024K Free: 93573K (73%)
1 ms. Memory: 129024K Free: 93059K (72%)
2 ms. Memory: 129024K Free: 92035K (71%)
/home/travis/build/icyphy/ptII/ptolemy/actor/lib/test/MathFunction.tcl
4 ms. Memory: 129024K Free: 89973K (70%)
2 ms. Memory: 129024K Free: 88949K (69%)
2 ms. Memory: 129024K Free: 87939K (68%)
2 ms. Memory: 129024K Free: 86901K (67%)
3 ms. Memory: 129024K Free: 85877K (67%)
5 ms. Memory: 129024K Free: 83843K (65%)
/home/travis/build/icyphy/ptII/ptolemy/actor/lib/test/Maximum.tcl
3 ms. Memory: 129024K Free: 81795K (63%)
2 ms. Memory: 129024K Free: 81285K (63%)
2 ms. Memory: 129024K Free: 80771K (63%)
3 ms. Memory: 129024K Free: 79747K (62%)
/home/travis/build/icyphy/ptII/ptolemy/actor/lib/test/Minimum.tcl
6 ms. Memory: 129024K Free: 78213K (61%)
4 ms. Memory: 129024K Free: 77685K (60%)
3 ms. Memory: 129024K Free: 77189K (60%)
4 ms. Memory: 129024K Free: 76165K (59%)
/home/travis/build/icyphy/ptII/ptolemy/actor/lib/test/MultiplyDivide.tcl
4 ms. Memory: 129024K Free: 74621K (58%)
8 ms. Memory: 129024K Free: 73603K (57%)
2 ms. Memory: 129024K Free: 73093K (57%)
5 ms. Memory: 129024K Free: 72069K (56%)
3 ms. Memory: 129024K Free: 71555K (55%)
/home/travis/build/icyphy/ptII/ptolemy/actor/lib/test/OrderedMerge.tcl
Connections changed on port: inputA
Connections changed on port: inputB
Connections changed on port: output
Connections changed on port: output
Connections changed on port: output
Connections changed on port: input
.top. Preinitializing ...
Invoking preinitialize():  .top.OrderedMerge
Called preinitialize()
Invoking preinitialize():  .top.Ramp
Called preinitialize()
Invoking preinitialize():  .top.Ramp2
Called preinitialize()
Invoking preinitialize():  .top.Test
Called preinitialize()
Connections changed on port: inputA
Connections changed on port: output
Connections changed on port: output
Connections changed on port: input
Connections changed on port: inputB
Connections changed on port: output
.top. Finished preinitialize().
Called initialize().
Invoking initialize():  .top.OrderedMerge
Initializing actor: .top.OrderedMerge
Adding a thread: .top.OrderedMerge
Invoking initialize():  .top.Ramp
Initializing actor: .top.Ramp
Adding a thread: .top.Ramp
Invoking initialize():  .top.Ramp2
Initializing actor: .top.Ramp2
Adding a thread: .top.Ramp2
Invoking initialize():  .top.Test
Initializing actor: .top.Test
Adding a thread: .top.Test
Called fire().
Checking for deadlock:
There are 0 Blocked actors, 0 Stopped actors, and 4 active threads.
Waiting for actors to stop.
-- Starting thread.
Called initialize()
Called prefire()
Called fire()
-- Starting thread.
Called initialize()
Called prefire()
Called fire()
Called postfire()
Called prefire()
Called fire()
-- Starting thread.
Called initialize()
Called prefire()
Called fire()
Checking for deadlock:
There are 2 Blocked actors, 0 Stopped actors, and 4 active threads.
Waiting for actors to stop.
Called postfire()
Called prefire()
Called fire()
-- Starting thread.
Called initialize()
Called prefire()
Called fire()
Read input token from inputA with value 0.0
Next port to read input from is inputB
Called postfire()
Called prefire()
Called fire()
Read input token from inputB with value 0.0
Sent output token with value 0.0
Next port to read input from is inputA
Called postfire()
Called prefire()
Called fire()
Checking for deadlock:
There are 1 Blocked actors, 0 Stopped actors, and 4 active threads.
Waiting for actors to stop.
-- Read input: 0.0, which is expected to match: 0.0
Called prefire()
Called fire()
Called postfire()
Called prefire()
Called fire()
Called postfire()
Called prefire()
Called fire()
Checking for deadlock:
There are 3 Blocked actors, 0 Stopped actors, and 4 active threads.
Waiting for actors to stop.
Called postfire()
Called prefire()
Called fire()
Checking for deadlock:
There are 3 Blocked actors, 0 Stopped actors, and 4 active threads.
Waiting for actors to stop.
Read input token from inputA with value 1.0
-- Read input: 0.0, which is expected to match: 0.0
Called prefire()
Called fire()
Checking for deadlock:
There are 3 Blocked actors, 0 Stopped actors, and 4 active threads.
Waiting for actors to stop.
Sent output token with value 0.0
Next port to read input from is inputB
Called postfire()
Called prefire()
Called fire()
Called postfire()
Called prefire()
Called fire()
Checking for deadlock:
There are 3 Blocked actors, 0 Stopped actors, and 4 active threads.
Waiting for actors to stop.
Read input token from inputB with value 1.5
-- Read input: 1.0, which is expected to match: 1.0
Called prefire()
Called fire()
Checking for deadlock:
There are 3 Blocked actors, 0 Stopped actors, and 4 active threads.
Waiting for actors to stop.
Sent output token with value 1.0
Next port to read input from is inputA
Called postfire()
Called prefire()
Called fire()
Checking for deadlock:
There are 2 Blocked actors, 0 Stopped actors, and 4 active threads.
Waiting for actors to stop.
Called postfire()
Called prefire()
Called fire()
Checking for deadlock:
There are 3 Blocked actors, 0 Stopped actors, and 4 active threads.
Waiting for actors to stop.
Read input token from inputA with value 2.0
Checking for deadlock:
There are 2 Blocked actors, 0 Stopped actors, and 4 active threads.
Waiting for actors to stop.
-- Read input: 1.5, which is expected to match: 1.5
Called prefire()
Called fire()
Checking for deadlock:
There are 3 Blocked actors, 0 Stopped actors, and 4 active threads.
Waiting for actors to stop.
Sent output token with value 1.5
Next port to read input from is inputB
Called postfire()
Called prefire()
Called fire()
Called postfire()
Called prefire()
Called fire()
Checking for deadlock:
There are 3 Blocked actors, 0 Stopped actors, and 4 active threads.
Waiting for actors to stop.
Read input token from inputB with value 3.0
-- Read input: 2.0, which is expected to match: 2.0
Called prefire()
Called fire()
Checking for deadlock:
There are 3 Blocked actors, 0 Stopped actors, and 4 active threads.
Waiting for actors to stop.
Sent output token with value 2.0
Next port to read input from is inputA
Called postfire()
Called prefire()
Called fire()
Checking for deadlock:
There are 2 Blocked actors, 0 Stopped actors, and 4 active threads.
Waiting for actors to stop.
Called postfire()
Called prefire()
Called fire()
Checking for deadlock:
There are 3 Blocked actors, 0 Stopped actors, and 4 active threads.
Waiting for actors to stop.
Read input token from inputA with value 3.0
Checking for deadlock:
There are 2 Blocked actors, 0 Stopped actors, and 4 active threads.
Waiting for actors to stop.
-- Read input: 3.0, which is expected to match: 3.0
Called prefire()
Called fire()
Checking for deadlock:
There are 3 Blocked actors, 0 Stopped actors, and 4 active threads.
Waiting for actors to stop.
Sent output token with value 3.0
Next port to read input from is inputB
Called postfire()
Called prefire()
Called fire()
Called postfire()
Called prefire()
Called fire()
Checking for deadlock:
There are 3 Blocked actors, 0 Stopped actors, and 4 active threads.
Waiting for actors to stop.
Read input token from inputB with value 4.5
-- Read input: 3.0, which is expected to match: 3.0
Called prefire()
Called fire()
Checking for deadlock:
There are 3 Blocked actors, 0 Stopped actors, and 4 active threads.
Waiting for actors to stop.
Sent output token with value 3.0
Next port to read input from is inputA
Called postfire()
Called prefire()
Called fire()
Checking for deadlock:
There are 2 Blocked actors, 0 Stopped actors, and 4 active threads.
Waiting for actors to stop.
Called postfire()
Called prefire()
Called fire()
Checking for deadlock:
There are 3 Blocked actors, 0 Stopped actors, and 4 active threads.
Waiting for actors to stop.
Read input token from inputA with value 4.0
Checking for deadlock:
There are 2 Blocked actors, 0 Stopped actors, and 4 active threads.
Waiting for actors to stop.
-- Read input: 4.0, which is expected to match: 4.0
Called prefire()
Called fire()
Past the end of training data. Read and discard all inputs.
Checking for deadlock:
There are 3 Blocked actors, 0 Stopped actors, and 4 active threads.
Waiting for actors to stop.
Sent output token with value 4.0
Next port to read input from is inputA
Called postfire()
Called prefire()
Called fire()
Checking for deadlock:
There are 2 Blocked actors, 0 Stopped actors, and 4 active threads.
Waiting for actors to stop.
Called postfire()
Called prefire()
Called fire()
Checking for deadlock:
There are 3 Blocked actors, 0 Stopped actors, and 4 active threads.
Waiting for actors to stop.
Read input token from inputA with value 5.0
Checking for deadlock:
There are 2 Blocked actors, 0 Stopped actors, and 4 active threads.
Waiting for actors to stop.
Called prefire()
Called fire()
Past the end of training data. Read and discard all inputs.
Checking for deadlock:
There are 3 Blocked actors, 0 Stopped actors, and 4 active threads.
Waiting for actors to stop.
Sent output token with value 4.5
Next port to read input from is inputB
Called postfire()
Called prefire()
Called fire()
Called postfire()
Called prefire()
Called fire()
Checking for deadlock:
There are 3 Blocked actors, 0 Stopped actors, and 4 active threads.
Waiting for actors to stop.
Read input token from inputB with value 6.0
Called prefire()
Called fire()
Past the end of training data. Read and discard all inputs.
Checking for deadlock:
There are 3 Blocked actors, 0 Stopped actors, and 4 active threads.
Waiting for actors to stop.
Sent output token with value 5.0
Next port to read input from is inputA
Called postfire()
Called prefire()
Called fire()
Checking for deadlock:
There are 2 Blocked actors, 0 Stopped actors, and 4 active threads.
Waiting for actors to stop.
Called postfire()
Called prefire()
Called fire()
Checking for deadlock:
There are 3 Blocked actors, 0 Stopped actors, and 4 active threads.
Waiting for actors to stop.
Read input token from inputA with value 6.0
Checking for deadlock:
There are 2 Blocked actors, 0 Stopped actors, and 4 active threads.
Waiting for actors to stop.
Called prefire()
Called fire()
Past the end of training data. Read and discard all inputs.
Checking for deadlock:
There are 3 Blocked actors, 0 Stopped actors, and 4 active threads.
Waiting for actors to stop.
Sent output token with value 6.0
Next port to read input from is inputB
Called postfire()
Called prefire()
Called fire()
Called postfire()
Called prefire()
Called fire()
Checking for deadlock:
There are 3 Blocked actors, 0 Stopped actors, and 4 active threads.
Waiting for actors to stop.
Read input token from inputB with value 7.5
Called prefire()
Called fire()
Past the end of training data. Read and discard all inputs.
Checking for deadlock:
There are 3 Blocked actors, 0 Stopped actors, and 4 active threads.
Waiting for actors to stop.
Sent output token with value 6.0
Next port to read input from is inputA
Called postfire()
Called prefire()
Called fire()
Checking for deadlock:
There are 2 Blocked actors, 0 Stopped actors, and 4 active threads.
Waiting for actors to stop.
Called postfire()
Called prefire()
Called fire()
Checking for deadlock:
There are 3 Blocked actors, 0 Stopped actors, and 4 active threads.
Waiting for actors to stop.
Read input token from inputA with value 7.0
Checking for deadlock:
There are 2 Blocked actors, 0 Stopped actors, and 4 active threads.
Waiting for actors to stop.
Called prefire()
Called fire()
Past the end of training data. Read and discard all inputs.
Checking for deadlock:
There are 3 Blocked actors, 0 Stopped actors, and 4 active threads.
Waiting for actors to stop.
Sent output token with value 7.0
Next port to read input from is inputA
Called postfire()
Called prefire()
Called fire()
Checking for deadlock:
There are 2 Blocked actors, 0 Stopped actors, and 4 active threads.
Waiting for actors to stop.
-- Thread wrapup() called.
Called wrapup()
Thread .top.Ramp is exiting.
-- Thread stopped.
Checking for deadlock:
There are 2 Blocked actors, 0 Stopped actors, and 3 active threads.
Waiting for actors to stop.
Read input token from inputA with value 8.0
Called prefire()
Called fire()
Past the end of training data. Read and discard all inputs.
Checking for deadlock:
There are 2 Blocked actors, 0 Stopped actors, and 3 active threads.
Waiting for actors to stop.
Sent output token with value 7.5
Next port to read input from is inputB
Called postfire()
Called prefire()
Called fire()
Checking for deadlock:
There are 1 Blocked actors, 0 Stopped actors, and 3 active threads.
Waiting for actors to stop.
Called postfire()
Called prefire()
Called fire()
Checking for deadlock:
There are 2 Blocked actors, 0 Stopped actors, and 3 active threads.
Waiting for actors to stop.
Read input token from inputB with value 9.0
Checking for deadlock:
There are 1 Blocked actors, 0 Stopped actors, and 3 active threads.
Waiting for actors to stop.
Called prefire()
Called fire()
Past the end of training data. Read and discard all inputs.
Checking for deadlock:
There are 2 Blocked actors, 0 Stopped actors, and 3 active threads.
Waiting for actors to stop.
Sent output token with value 8.0
Next port to read input from is inputA
Called postfire()
Called prefire()
Called fire()
Read input token from inputA with value 9.0
Called prefire()
Called fire()
Past the end of training data. Read and discard all inputs.
Checking for deadlock:
There are 2 Blocked actors, 0 Stopped actors, and 3 active threads.
Waiting for actors to stop.
Sent output token with value 9.0
Next port to read input from is inputB
Called postfire()
Called prefire()
Called fire()
Called postfire()
Called prefire()
Called fire()
Checking for deadlock:
There are 2 Blocked actors, 0 Stopped actors, and 3 active threads.
Waiting for actors to stop.
Read input token from inputB with value 10.5
Called prefire()
Called fire()
Past the end of training data. Read and discard all inputs.
Checking for deadlock:
There are 2 Blocked actors, 0 Stopped actors, and 3 active threads.
Waiting for actors to stop.
Sent output token with value 9.0
Next port to read input from is inputA
Called postfire()
Called prefire()
Called fire()
Checking for deadlock:
There are 3 Blocked actors, 0 Stopped actors, and 3 active threads.
Actors have stopped.
Checking for deadlock:
There are 3 Blocked actors, 0 Stopped actors, and 3 active threads.
Deadlock detected.
Resolving Deadlock
Checking for deadlock:
There are 3 Blocked actors, 0 Stopped actors, and 3 active threads.
Artificial Deadlock - increasing queue capacity.
increasing the capacity of receiver ptolemy.actor.TypedIOPort {.top.OrderedMerge.inputB} to 2
Director: Called postfire().
Called postfire().
_stopRequested = false
_stopFireRequested = false
Returning from postfire(): true
Called fire().
Checking for deadlock:
There are 2 Blocked actors, 0 Stopped actors, and 3 active threads.
Waiting for actors to stop.
-- Thread wrapup() called.
Called wrapup()
Thread .top.Ramp2 is exiting.
-- Thread stopped.
Checking for deadlock:
There are 2 Blocked actors, 0 Stopped actors, and 2 active threads.
Actors have stopped.
Checking for deadlock:
There are 2 Blocked actors, 0 Stopped actors, and 2 active threads.
Deadlock detected.
Resolving Deadlock
Checking for deadlock:
There are 2 Blocked actors, 0 Stopped actors, and 2 active threads.
Deadlock detected: no processes blocked on write, but some are blocked on read.
Called postfire().
_stopRequested = false
_stopFireRequested = false
Returning from postfire(): false
Finished deactivating branches.
Called wrapup().
-- Thread wrapup() called.
Called wrapup()
Thread .top.Test is exiting.
-- Thread stopped.
-- Blocked Receiver call threw TerminateProcessException.
-- Thread wrapup() called.
Called wrapup()
Thread .top.OrderedMerge is exiting.
-- Thread stopped.
-- Blocked Receiver call threw TerminateProcessException.
59 ms. Memory: 129024K Free: 66435K (51%)
.top. Preinitializing ...
Invoking preinitialize():  .top.OrderedMerge
Called preinitialize()
Invoking preinitialize():  .top.Ramp
Called preinitialize()
Invoking preinitialize():  .top.Ramp2
Called preinitialize()
Invoking preinitialize():  .top.Test
Called preinitialize()
.top. Finished preinitialize().
Called initialize().
Invoking initialize():  .top.OrderedMerge
Initializing actor: .top.OrderedMerge
Adding a thread: .top.OrderedMerge
Invoking initialize():  .top.Ramp
Initializing actor: .top.Ramp
Adding a thread: .top.Ramp
Invoking initialize():  .top.Ramp2
Initializing actor: .top.Ramp2
Adding a thread: .top.Ramp2
Invoking initialize():  .top.Test
Initializing actor: .top.Test
Adding a thread: .top.Test
-- Starting thread.
Called initialize()
Called prefire()
Called fire()
-- Starting thread.
Called initialize()
Called prefire()
Called fire()
Called postfire()
Called prefire()
Called fire()
-- Starting thread.
Called initialize()
Called prefire()
Called fire()
Called postfire()
Called prefire()
Called fire()
Called fire().
Checking for deadlock:
There are 3 Blocked actors, 0 Stopped actors, and 4 active threads.
Waiting for actors to stop.
-- Starting thread.
Called initialize()
Called prefire()
Called fire()
Checking for deadlock:
There are 2 Blocked actors, 0 Stopped actors, and 4 active threads.
Waiting for actors to stop.
Called postfire()
Called prefire()
Called fire()
Checking for deadlock:
There are 3 Blocked actors, 0 Stopped actors, and 4 active threads.
Waiting for actors to stop.
Read input token from inputA with value 0.0
Next port to read input from is inputB
Called postfire()
Called prefire()
Called fire()
Called postfire()
Called prefire()
Called fire()
Checking for deadlock:
There are 3 Blocked actors, 0 Stopped actors, and 4 active threads.
Waiting for actors to stop.
Read input token from inputB with value 0.0
Checking for deadlock:
There are 2 Blocked actors, 0 Stopped actors, and 4 active threads.
Waiting for actors to stop.
-- Read input: 0.0, which is expected to match: 0.0
Called prefire()
Called fire()
Checking for deadlock:
There are 3 Blocked actors, 0 Stopped actors, and 4 active threads.
Waiting for actors to stop.
Sent output token with value 0.0
Next port to read input from is inputA
Called postfire()
Called prefire()
Called fire()
Checking for deadlock:
There are 2 Blocked actors, 0 Stopped actors, and 4 active threads.
Waiting for actors to stop.
Called postfire()
Called prefire()
Called fire()
Checking for deadlock:
There are 3 Blocked actors, 0 Stopped actors, and 4 active threads.
Waiting for actors to stop.
Read input token from inputA with value 1.0
Checking for deadlock:
There are 2 Blocked actors, 0 Stopped actors, and 4 active threads.
Waiting for actors to stop.
-- Read input: 0.0, which is expected to match: 0.0
Called prefire()
Called fire()
Checking for deadlock:
There are 3 Blocked actors, 0 Stopped actors, and 4 active threads.
Waiting for actors to stop.
Sent output token with value 0.0
Next port to read input from is inputB
Called postfire()
Called prefire()
Called fire()
Called postfire()
Called prefire()
Called fire()
Checking for deadlock:
There are 3 Blocked actors, 0 Stopped actors, and 4 active threads.
Waiting for actors to stop.
Read input token from inputB with value 1.5
-- Read input: 1.0, which is expected to match: 1.0
Called prefire()
Called fire()
Checking for deadlock:
There are 3 Blocked actors, 0 Stopped actors, and 4 active threads.
Waiting for actors to stop.
Sent output token with value 1.0
Next port to read input from is inputA
Called postfire()
Called prefire()
Called fire()
Checking for deadlock:
There are 2 Blocked actors, 0 Stopped actors, and 4 active threads.
Waiting for actors to stop.
Called postfire()
Called prefire()
Called fire()
Checking for deadlock:
There are 3 Blocked actors, 0 Stopped actors, and 4 active threads.
Waiting for actors to stop.
Read input token from inputA with value 2.0
Checking for deadlock:
There are 2 Blocked actors, 0 Stopped actors, and 4 active threads.
Waiting for actors to stop.
-- Read input: 1.5, which is expected to match: 1.5
Called prefire()
Called fire()
Checking for deadlock:
There are 3 Blocked actors, 0 Stopped actors, and 4 active threads.
Waiting for actors to stop.
Sent output token with value 1.5
Next port to read input from is inputB
Called postfire()
Called prefire()
Called fire()
Checking for deadlock:
There are 2 Blocked actors, 0 Stopped actors, and 4 active threads.
Waiting for actors to stop.
Called postfire()
Called prefire()
Called fire()
Checking for deadlock:
There are 3 Blocked actors, 0 Stopped actors, and 4 active threads.
Waiting for actors to stop.
Read input token from inputB with value 3.0
Checking for deadlock:
There are 2 Blocked actors, 0 Stopped actors, and 4 active threads.
Waiting for actors to stop.
-- Read input: 2.0, which is expected to match: 2.0
Called prefire()
Called fire()
Checking for deadlock:
There are 3 Blocked actors, 0 Stopped actors, and 4 active threads.
Waiting for actors to stop.
Sent output token with value 2.0
Next port to read input from is inputA
Called postfire()
Called prefire()
Called fire()
Checking for deadlock:
There are 2 Blocked actors, 0 Stopped actors, and 4 active threads.
Waiting for actors to stop.
Called postfire()
Called prefire()
Called fire()
Checking for deadlock:
There are 3 Blocked actors, 0 Stopped actors, and 4 active threads.
Waiting for actors to stop.
Read input token from inputA with value 3.0
Checking for deadlock:
There are 2 Blocked actors, 0 Stopped actors, and 4 active threads.
Waiting for actors to stop.
-- Read input: 3.0, which is expected to match: 3.0
Called prefire()
Called fire()
Checking for deadlock:
There are 3 Blocked actors, 0 Stopped actors, and 4 active threads.
Waiting for actors to stop.
Sent output token with value 3.0
Next port to read input from is inputB
Called postfire()
Called prefire()
Called fire()
Called postfire()
Called prefire()
Called fire()
Checking for deadlock:
There are 3 Blocked actors, 0 Stopped actors, and 4 active threads.
Waiting for actors to stop.
Read input token from inputB with value 4.5
-- Read input: 3.0, which is expected to match: 3.0
Called prefire()
Called fire()
Checking for deadlock:
There are 3 Blocked actors, 0 Stopped actors, and 4 active threads.
Waiting for actors to stop.
Sent output token with value 3.0
Next port to read input from is inputA
Called postfire()
Called prefire()
Called fire()
Checking for deadlock:
There are 2 Blocked actors, 0 Stopped actors, and 4 active threads.
Waiting for actors to stop.
Called postfire()
Called prefire()
Called fire()
Checking for deadlock:
There are 3 Blocked actors, 0 Stopped actors, and 4 active threads.
Waiting for actors to stop.
Read input token from inputA with value 4.0
Checking for deadlock:
There are 2 Blocked actors, 0 Stopped actors, and 4 active threads.
Waiting for actors to stop.
-- Read input: 4.0, which is expected to match: 4.0
Called prefire()
Called fire()
Past the end of training data. Read and discard all inputs.
Checking for deadlock:
There are 3 Blocked actors, 0 Stopped actors, and 4 active threads.
Waiting for actors to stop.
Sent output token with value 4.0
Next port to read input from is inputA
Called postfire()
Called prefire()
Called fire()
Checking for deadlock:
There are 2 Blocked actors, 0 Stopped actors, and 4 active threads.
Waiting for actors to stop.
Called postfire()
Called prefire()
Called fire()
Checking for deadlock:
There are 3 Blocked actors, 0 Stopped actors, and 4 active threads.
Waiting for actors to stop.
Read input token from inputA with value 5.0
Checking for deadlock:
There are 2 Blocked actors, 0 Stopped actors, and 4 active threads.
Waiting for actors to stop.
Called prefire()
Called fire()
Past the end of training data. Read and discard all inputs.
Checking for deadlock:
There are 3 Blocked actors, 0 Stopped actors, and 4 active threads.
Waiting for actors to stop.
Sent output token with value 4.5
Next port to read input from is inputB
Called postfire()
Called prefire()
Called fire()
Called postfire()
Called prefire()
Called fire()
Checking for deadlock:
There are 3 Blocked actors, 0 Stopped actors, and 4 active threads.
Waiting for actors to stop.
Read input token from inputB with value 6.0
Called prefire()
Called fire()
Past the end of training data. Read and discard all inputs.
Checking for deadlock:
There are 3 Blocked actors, 0 Stopped actors, and 4 active threads.
Waiting for actors to stop.
Sent output token with value 5.0
Next port to read input from is inputA
Called postfire()
Called prefire()
Called fire()
Called postfire()
Called prefire()
Called fire()
Checking for deadlock:
There are 3 Blocked actors, 0 Stopped actors, and 4 active threads.
Waiting for actors to stop.
Read input token from inputA with value 6.0
Called prefire()
Called fire()
Past the end of training data. Read and discard all inputs.
Checking for deadlock:
There are 3 Blocked actors, 0 Stopped actors, and 4 active threads.
Waiting for actors to stop.
Sent output token with value 6.0
Next port to read input from is inputB
Called postfire()
Called prefire()
Called fire()
Checking for deadlock:
There are 2 Blocked actors, 0 Stopped actors, and 4 active threads.
Waiting for actors to stop.
Called postfire()
Called prefire()
Called fire()
Checking for deadlock:
There are 3 Blocked actors, 0 Stopped actors, and 4 active threads.
Waiting for actors to stop.
Read input token from inputB with value 7.5
Checking for deadlock:
There are 2 Blocked actors, 0 Stopped actors, and 4 active threads.
Waiting for actors to stop.
Called prefire()
Called fire()
Past the end of training data. Read and discard all inputs.
Checking for deadlock:
There are 3 Blocked actors, 0 Stopped actors, and 4 active threads.
Waiting for actors to stop.
Sent output token with value 6.0
Next port to read input from is inputA
Called postfire()
Called prefire()
Called fire()
Called postfire()
Called prefire()
Called fire()
Checking for deadlock:
There are 3 Blocked actors, 0 Stopped actors, and 4 active threads.
Waiting for actors to stop.
Read input token from inputA with value 7.0
Called prefire()
Called fire()
Past the end of training data. Read and discard all inputs.
Checking for deadlock:
There are 3 Blocked actors, 0 Stopped actors, and 4 active threads.
Waiting for actors to stop.
Sent output token with value 7.0
Next port to read input from is inputA
Called postfire()
Called prefire()
Called fire()
-- Thread wrapup() called.
Called wrapup()
Thread .top.Ramp is exiting.
-- Thread stopped.
Checking for deadlock:
There are 2 Blocked actors, 0 Stopped actors, and 3 active threads.
Waiting for actors to stop.
Read input token from inputA with value 8.0
Checking for deadlock:
There are 1 Blocked actors, 0 Stopped actors, and 3 active threads.
Waiting for actors to stop.
Called prefire()
Called fire()
Past the end of training data. Read and discard all inputs.
Checking for deadlock:
There are 2 Blocked actors, 0 Stopped actors, and 3 active threads.
Waiting for actors to stop.
Sent output token with value 7.5
Next port to read input from is inputB
Called postfire()
Called prefire()
Called fire()
Checking for deadlock:
There are 1 Blocked actors, 0 Stopped actors, and 3 active threads.
Waiting for actors to stop.
Called postfire()
Called prefire()
Called fire()
Checking for deadlock:
There are 2 Blocked actors, 0 Stopped actors, and 3 active threads.
Waiting for actors to stop.
Read input token from inputB with value 9.0
Checking for deadlock:
There are 1 Blocked actors, 0 Stopped actors, and 3 active threads.
Waiting for actors to stop.
Called prefire()
Called fire()
Past the end of training data. Read and discard all inputs.
Checking for deadlock:
There are 2 Blocked actors, 0 Stopped actors, and 3 active threads.
Waiting for actors to stop.
Sent output token with value 8.0
Next port to read input from is inputA
Called postfire()
Called prefire()
Called fire()
Read input token from inputA with value 9.0
Called prefire()
Called fire()
Past the end of training data. Read and discard all inputs.
Checking for deadlock:
There are 2 Blocked actors, 0 Stopped actors, and 3 active threads.
Waiting for actors to stop.
Sent output token with value 9.0
Next port to read input from is inputB
Called postfire()
Called prefire()
Called fire()
Called postfire()
Called prefire()
Called fire()
Checking for deadlock:
There are 2 Blocked actors, 0 Stopped actors, and 3 active threads.
Waiting for actors to stop.
Read input token from inputB with value 10.5
Called prefire()
Called fire()
Past the end of training data. Read and discard all inputs.
Checking for deadlock:
There are 2 Blocked actors, 0 Stopped actors, and 3 active threads.
Waiting for actors to stop.
Sent output token with value 9.0
Next port to read input from is inputA
Called postfire()
Called prefire()
Called fire()
Checking for deadlock:
There are 3 Blocked actors, 0 Stopped actors, and 3 active threads.
Actors have stopped.
Checking for deadlock:
There are 3 Blocked actors, 0 Stopped actors, and 3 active threads.
Deadlock detected.
Resolving Deadlock
Checking for deadlock:
There are 3 Blocked actors, 0 Stopped actors, and 3 active threads.
Artificial Deadlock - increasing queue capacity.
increasing the capacity of receiver ptolemy.actor.TypedIOPort {.top.OrderedMerge.inputB} to 2
Director: Called postfire().
Called postfire().
_stopRequested = false
_stopFireRequested = false
Returning from postfire(): true
Called fire().
Checking for deadlock:
There are 2 Blocked actors, 0 Stopped actors, and 3 active threads.
Waiting for actors to stop.
-- Thread wrapup() called.
Called wrapup()
Thread .top.Ramp2 is exiting.
-- Thread stopped.
Checking for deadlock:
There are 2 Blocked actors, 0 Stopped actors, and 2 active threads.
Actors have stopped.
Checking for deadlock:
There are 2 Blocked actors, 0 Stopped actors, and 2 active threads.
Deadlock detected.
Resolving Deadlock
Checking for deadlock:
There are 2 Blocked actors, 0 Stopped actors, and 2 active threads.
Deadlock detected: no processes blocked on write, but some are blocked on read.
Called postfire().
_stopRequested = false
_stopFireRequested = false
Returning from postfire(): false
Finished deactivating branches.
Called wrapup().
-- Thread wrapup() called.
Called wrapup()
-- Thread wrapup() called.
Called wrapup()
Thread .top.Test is exiting.
-- Thread stopped.
-- Blocked Receiver call threw TerminateProcessException.
Thread .top.OrderedMerge is exiting.
32 ms. Memory: 129024K Free: 64387K (50%)
/home/travis/build/icyphy/ptII/ptolemy/actor/lib/test/Publisher.tcl
-- Thread stopped.
-- Blocked Receiver call threw TerminateProcessException.
17 ms. Memory: 129024K Free: 112415K (87%)
5 ms. Memory: 129024K Free: 107403K (83%)
6 ms. Memory: 129024K Free: 103821K (80%)
6 ms. Memory: 129024K Free: 102797K (80%)
3 ms. Memory: 129024K Free: 101773K (79%)
11 ms. Memory: 129024K Free: 101245K (78%)
2 ms. Memory: 129024K Free: 100221K (78%)
3 ms. Memory: 129024K Free: 99197K (77%)
18 ms. Memory: 129024K Free: 89485K (69%)
3 ms. Memory: 129024K Free: 85885K (67%)
3 ms. Memory: 129024K Free: 84845K (66%)
4 ms. Memory: 129024K Free: 82827K (64%)
7 ms. Memory: 129024K Free: 75149K (58%)
5 ms. Memory: 129024K Free: 65933K (51%)
13 ms. Memory: 129024K Free: 54669K (42%)
/home/travis/build/icyphy/ptII/ptolemy/actor/lib/test/Pulse.tcl
3 ms. Memory: 129024K Free: 77242K (60%)
1 ms. Memory: 129024K Free: 76714K (59%)
1 ms. Memory: 129024K Free: 76218K (59%)
1 ms. Memory: 129024K Free: 75698K (59%)
1 ms. Memory: 129024K Free: 75194K (58%)
5 ms. Memory: 129024K Free: 74170K (57%)
2 ms. Memory: 129024K Free: 73146K (57%)
1 ms. Memory: 129024K Free: 72122K (56%)
1 ms. Memory: 129024K Free: 71602K (55%)
/home/travis/build/icyphy/ptII/ptolemy/actor/lib/test/Ramp.tcl
2 ms. Memory: 129024K Free: 69546K (54%)
2 ms. Memory: 129024K Free: 69050K (54%)
1 ms. Memory: 129024K Free: 68026K (53%)
1 ms. Memory: 129024K Free: 67498K (52%)
3 ms. Memory: 129024K Free: 66488K (52%)
5 ms. Memory: 129024K Free: 65978K (51%)
5 ms. Memory: 129024K Free: 64954K (50%)
5 actors
5000 microseconds per iteration to create
4 ms. Memory: 129024K Free: 62386K (48%)
1 ms. Memory: 129024K Free: 61354K (48%)
2 ms. Memory: 129024K Free: 60858K (47%)
2 ms. Memory: 129024K Free: 60338K (47%)
50 actors
47000 microseconds per iteration to create
52 ms. Memory: 156672K Free: 135033K (86%)
10 ms. Memory: 156672K Free: 134009K (86%)
13 ms. Memory: 156672K Free: 132985K (85%)
9 ms. Memory: 156672K Free: 131961K (84%)
500 actors
1537000 microseconds per iteration to create
249 ms. Memory: 156672K Free: 119436K (76%)
34 ms. Memory: 156672K Free: 113806K (73%)
33 ms. Memory: 156672K Free: 108686K (69%)
34 ms. Memory: 156672K Free: 103566K (66%)
/home/travis/build/icyphy/ptII/ptolemy/actor/lib/test/RampContinuous.tcl
7 ms. Memory: 156672K Free: 102014K (65%)
/home/travis/build/icyphy/ptII/ptolemy/actor/lib/test/RecordAssembler.tcl
4 ms. Memory: 156672K Free: 100494K (64%)
2 ms. Memory: 156672K Free: 99470K (63%)
/home/travis/build/icyphy/ptII/ptolemy/actor/lib/test/RecordDisassembler.tcl
5 ms. Memory: 156672K Free: 97422K (62%)
2 ms. Memory: 156672K Free: 96908K (62%)
3 ms. Memory: 156672K Free: 95870K (61%)
/home/travis/build/icyphy/ptII/ptolemy/actor/lib/test/Scale.tcl
2 ms. Memory: 156672K Free: 93822K (60%)
1 ms. Memory: 156672K Free: 93326K (60%)
2 ms. Memory: 156672K Free: 92302K (59%)
2 ms. Memory: 156672K Free: 91774K (59%)
2 ms. Memory: 156672K Free: 90758K (58%)
/home/travis/build/icyphy/ptII/ptolemy/actor/lib/test/SequentialClock.tcl
preinitializing
resolving types
initializing
executing number 1
wrapping up
idle
2 ms. Memory: 156672K Free: 89230K (57%)
Completed execution with 5 iterations
preinitializing
resolving types
initializing
executing number 1
wrapping up
idle
1 ms. Memory: 156672K Free: 88702K (57%)
Completed execution with 5 iterations
preinitializing
resolving types
initializing
executing number 1
wrapping up
idle
2 ms. Memory: 156672K Free: 88206K (56%)
Completed execution with 5 iterations
/home/travis/build/icyphy/ptII/ptolemy/actor/lib/test/SetVariable.tcl
3 ms. Memory: 156672K Free: 86668K (55%)
/home/travis/build/icyphy/ptII/ptolemy/actor/lib/test/Sinewave.tcl
/home/travis/build/icyphy/ptII/ptolemy/actor/lib/test/SubscriptionAggregator.tcl
7 ms. Memory: 156672K Free: 74894K (48%)
3 ms. Memory: 156672K Free: 74380K (47%)
0 ms. Memory: 156672K Free: 73870K (47%)
1 ms. Memory: 156672K Free: 73342K (47%)
1 ms. Memory: 156672K Free: 69774K (45%)
11 ms. Memory: 156672K Free: 67726K (43%)
...............................................................1032 ms. Memory: 285696K Free: 224024K (78%)
/home/travis/build/icyphy/ptII/ptolemy/actor/lib/test/Test.tcl
 The next command will produce a warning about training mode,
   which may be ignored.
13 ms. Memory: 285696K Free: 222490K (78%)
3 ms. Memory: 285696K Free: 221466K (78%)
2 ms. Memory: 285696K Free: 220952K (77%)
2 ms. Memory: 285696K Free: 220442K (77%)
2 ms. Memory: 285696K Free: 219418K (77%)
6 ms. Memory: 285696K Free: 218394K (76%)
4 ms. Memory: 285696K Free: 216842K (76%)
 The next command will produce a warning about training mode,
   which may be ignored.
11 ms. Memory: 285696K Free: 214794K (75%)
 The next command will produce a warning about training mode,
   which may be ignored.
5 ms. Memory: 285696K Free: 213770K (75%)
1 ms. Memory: 285696K Free: 213274K (75%)
1 ms. Memory: 285696K Free: 212760K (74%)
2 ms. Memory: 285696K Free: 212250K (74%)
7 ms. Memory: 285696K Free: 211226K (74%)
5 ms. Memory: 285696K Free: 207130K (73%)
/home/travis/build/icyphy/ptII/ptolemy/actor/lib/test/TestExceptionHandler.tcl
 The next command will produce a warning about training mode,
   which may be ignored.
4 ms. Memory: 285696K Free: 206106K (72%)
1 ms. Memory: 285696K Free: 205578K (72%)
1 ms. Memory: 285696K Free: 205082K (72%)
/home/travis/build/icyphy/ptII/ptolemy/actor/lib/test/UnionDisassembler.tcl
28 ms. Memory: 285696K Free: 197400K (69%)
/home/travis/build/icyphy/ptII/ptolemy/actor/lib/test/VariableClock.tcl
preinitializing
resolving types
initializing
executing number 1
wrapping up
idle
11 ms. Memory: 285696K Free: 195866K (69%)
Completed execution with 11 iterations
preinitializing
resolving types
initializing
executing number 1
wrapping up
idle
5 ms. Memory: 285696K Free: 194314K (68%)
Completed execution with 10 iterations
06/04/20 02:36:07
Failed: 0  Total Tests: 233  ((Passed: 233, Newly Passed: 0)  Known Failed: 0) /home/travis/build/icyphy/ptII/ptolemy/actor/lib/test
----------------- testing (KnownFailure) /home/travis/build/icyphy/ptII/ptolemy/actor/lib/test/auto/knownFailedTests/PublisherPortToplevelSubscriber.xml
1 ms. Memory: 285696K Free: 190746K (67%)
Known Failure: java.lang.reflect.InvocationTargetException
----------------- testing (KnownFailure) /home/travis/build/icyphy/ptII/ptolemy/actor/lib/test/auto/knownFailedTests/PublisherSubscriberPortToplevel.xml
2 ms. Memory: 285696K Free: 187160K (66%)
Known Failure: java.lang.reflect.InvocationTargetException
----------------- testing (KnownFailure) /home/travis/build/icyphy/ptII/ptolemy/actor/lib/test/auto/knownFailedTests/PublisherSubscriptionAggregatorPort.xml
1 ms. Memory: 285696K Free: 183064K (64%)
Known Failure: java.lang.reflect.InvocationTargetException
----------------- testing (KnownFailure) /home/travis/build/icyphy/ptII/ptolemy/actor/lib/test/auto/knownFailedTests/sizedarray3.xml
8 ms. Memory: 285696K Free: 178968K (63%)
Known Failure: java.lang.reflect.InvocationTargetException
No auto/linux-amd64/*.xml tests in /home/travis/build/icyphy/ptII/ptolemy/actor/lib/test
AutoTests.java: About to close Vertx.
AutoTests.java: Vertx closed.

===========================================================================================
----------------- testing Thu Jun 04 14:36:08 UTC 2020 /home/travis/build/icyphy/ptII/ptolemy/actor/lib/test/auto/AbsoluteValue.xml
----------------- Instantiating /home/travis/build/icyphy/ptII/ptolemy/actor/lib/test/auto/AbsoluteValue.xml
40 ms. Memory: 285696K Free: 155930K (55%)
----------------- Invoking toplevel() on ptolemy.moml.MoMLSimpleApplication@77065318
----------------- Done invoking toplevel() on ptolemy.moml.MoMLSimpleApplication@77065318
reloadAllAccessors: .AbsoluteValue

===========================================================================================
----------------- testing Thu Jun 04 14:36:08 UTC 2020 /home/travis/build/icyphy/ptII/ptolemy/actor/lib/test/auto/AbsoluteValue2.xml
----------------- Instantiating /home/travis/build/icyphy/ptII/ptolemy/actor/lib/test/auto/AbsoluteValue2.xml
5 ms. Memory: 285696K Free: 148762K (52%)
----------------- Invoking toplevel() on ptolemy.moml.MoMLSimpleApplication@2c998d25
----------------- Done invoking toplevel() on ptolemy.moml.MoMLSimpleApplication@2c998d25
reloadAllAccessors: .AbsoluteValue2

===========================================================================================
----------------- testing Thu Jun 04 14:36:08 UTC 2020 /home/travis/build/icyphy/ptII/ptolemy/actor/lib/test/auto/Accumulator.xml
----------------- Instantiating /home/travis/build/icyphy/ptII/ptolemy/actor/lib/test/auto/Accumulator.xml
8 ms. Memory: 285696K Free: 142618K (50%)
----------------- Invoking toplevel() on ptolemy.moml.MoMLSimpleApplication@43d87f43
----------------- Done invoking toplevel() on ptolemy.moml.MoMLSimpleApplication@43d87f43
reloadAllAccessors: .Accumulator

===========================================================================================
----------------- testing Thu Jun 04 14:36:08 UTC 2020 /home/travis/build/icyphy/ptII/ptolemy/actor/lib/test/auto/Accumulator2.xml
----------------- Instantiating /home/travis/build/icyphy/ptII/ptolemy/actor/lib/test/auto/Accumulator2.xml
3 ms. Memory: 285696K Free: 137498K (48%)
----------------- Invoking toplevel() on ptolemy.moml.MoMLSimpleApplication@39652384
----------------- Done invoking toplevel() on ptolemy.moml.MoMLSimpleApplication@39652384
reloadAllAccessors: .Accumulator2

===========================================================================================
----------------- testing Thu Jun 04 14:36:08 UTC 2020 /home/travis/build/icyphy/ptII/ptolemy/actor/lib/test/auto/Accumulator3.xml
----------------- Instantiating /home/travis/build/icyphy/ptII/ptolemy/actor/lib/test/auto/Accumulator3.xml
6 ms. Memory: 285696K Free: 132888K (47%)
----------------- Invoking toplevel() on ptolemy.moml.MoMLSimpleApplication@82a2939
----------------- Done invoking toplevel() on ptolemy.moml.MoMLSimpleApplication@82a2939
reloadAllAccessors: .Accumulator3

===========================================================================================
----------------- testing Thu Jun 04 14:36:08 UTC 2020 /home/travis/build/icyphy/ptII/ptolemy/actor/lib/test/auto/ArrayAppend.xml
----------------- Instantiating /home/travis/build/icyphy/ptII/ptolemy/actor/lib/test/auto/ArrayAppend.xml
10 ms. Memory: 285696K Free: 127258K (45%)
----------------- Invoking toplevel() on ptolemy.moml.MoMLSimpleApplication@2144b3ad
----------------- Done invoking toplevel() on ptolemy.moml.MoMLSimpleApplication@2144b3ad
reloadAllAccessors: .ArrayAppend

===========================================================================================
----------------- testing Thu Jun 04 14:36:08 UTC 2020 /home/travis/build/icyphy/ptII/ptolemy/actor/lib/test/auto/ArrayAppend2.xml
----------------- Instantiating /home/travis/build/icyphy/ptII/ptolemy/actor/lib/test/auto/ArrayAppend2.xml
435 ms. Memory: 285696K Free: 171338K (60%)
----------------- Invoking toplevel() on ptolemy.moml.MoMLSimpleApplication@7e4b95b0
----------------- Done invoking toplevel() on ptolemy.moml.MoMLSimpleApplication@7e4b95b0
reloadAllAccessors: .ArrayAppend2

===========================================================================================
----------------- testing Thu Jun 04 14:36:09 UTC 2020 /home/travis/build/icyphy/ptII/ptolemy/actor/lib/test/auto/ArrayAppend3.xml
----------------- Instantiating /home/travis/build/icyphy/ptII/ptolemy/actor/lib/test/auto/ArrayAppend3.xml
5 ms. Memory: 285696K Free: 165391K (58%)
----------------- Invoking toplevel() on ptolemy.moml.MoMLSimpleApplication@3c224b4e
----------------- Done invoking toplevel() on ptolemy.moml.MoMLSimpleApplication@3c224b4e
reloadAllAccessors: .ArrayAppend3

===========================================================================================
----------------- testing Thu Jun 04 14:36:09 UTC 2020 /home/travis/build/icyphy/ptII/ptolemy/actor/lib/test/auto/ArrayAppend4.xml
----------------- Instantiating /home/travis/build/icyphy/ptII/ptolemy/actor/lib/test/auto/ArrayAppend4.xml
2 ms. Memory: 285696K Free: 159761K (56%)
----------------- Invoking toplevel() on ptolemy.moml.MoMLSimpleApplication@bbc0715
----------------- Done invoking toplevel() on ptolemy.moml.MoMLSimpleApplication@bbc0715
reloadAllAccessors: .ArrayAppend4

===========================================================================================
----------------- testing Thu Jun 04 14:36:09 UTC 2020 /home/travis/build/icyphy/ptII/ptolemy/actor/lib/test/auto/ArrayAppend5.xml
----------------- Instantiating /home/travis/build/icyphy/ptII/ptolemy/actor/lib/test/auto/ArrayAppend5.xml
1 ms. Memory: 285696K Free: 154641K (54%)
----------------- Invoking toplevel() on ptolemy.moml.MoMLSimpleApplication@6794789e
----------------- Done invoking toplevel() on ptolemy.moml.MoMLSimpleApplication@6794789e
reloadAllAccessors: .ArrayAppend5

===========================================================================================
----------------- testing Thu Jun 04 14:36:09 UTC 2020 /home/travis/build/icyphy/ptII/ptolemy/actor/lib/test/auto/ArrayAppend6.xml
----------------- Instantiating /home/travis/build/icyphy/ptII/ptolemy/actor/lib/test/auto/ArrayAppend6.xml
2 ms. Memory: 285696K Free: 149007K (52%)
----------------- Invoking toplevel() on ptolemy.moml.MoMLSimpleApplication@52a50e20
----------------- Done invoking toplevel() on ptolemy.moml.MoMLSimpleApplication@52a50e20
reloadAllAccessors: .ArrayAppend6

===========================================================================================
----------------- testing Thu Jun 04 14:36:09 UTC 2020 /home/travis/build/icyphy/ptII/ptolemy/actor/lib/test/auto/ArrayAppendPerformanceTest.xml
----------------- Instantiating /home/travis/build/icyphy/ptII/ptolemy/actor/lib/test/auto/ArrayAppendPerformanceTest.xml
33 ms. Memory: 285696K Free: 138767K (49%)
----------------- Invoking toplevel() on ptolemy.moml.MoMLSimpleApplication@7ae60925
----------------- Done invoking toplevel() on ptolemy.moml.MoMLSimpleApplication@7ae60925
reloadAllAccessors: .ArrayAppendPerformanceTest

===========================================================================================
----------------- testing Thu Jun 04 14:36:09 UTC 2020 /home/travis/build/icyphy/ptII/ptolemy/actor/lib/test/auto/ArrayAppendWithEmptyInput.xml
----------------- Instantiating /home/travis/build/icyphy/ptII/ptolemy/actor/lib/test/auto/ArrayAppendWithEmptyInput.xml
14 ms. Memory: 285696K Free: 130575K (46%)
----------------- Invoking toplevel() on ptolemy.moml.MoMLSimpleApplication@1ef2093
----------------- Done invoking toplevel() on ptolemy.moml.MoMLSimpleApplication@1ef2093
reloadAllAccessors: .ArrayAppendWithEmptyInput

===========================================================================================
----------------- testing Thu Jun 04 14:36:09 UTC 2020 /home/travis/build/icyphy/ptII/ptolemy/actor/lib/test/auto/ArrayAverage.xml
----------------- Instantiating /home/travis/build/icyphy/ptII/ptolemy/actor/lib/test/auto/ArrayAverage.xml
7 ms. Memory: 285696K Free: 122897K (43%)
----------------- Invoking toplevel() on ptolemy.moml.MoMLSimpleApplication@47d92047
----------------- Done invoking toplevel() on ptolemy.moml.MoMLSimpleApplication@47d92047
reloadAllAccessors: .ArrayAverage

===========================================================================================
----------------- testing Thu Jun 04 14:36:09 UTC 2020 /home/travis/build/icyphy/ptII/ptolemy/actor/lib/test/auto/ArrayContains.xml
----------------- Instantiating /home/travis/build/icyphy/ptII/ptolemy/actor/lib/test/auto/ArrayContains.xml
11 ms. Memory: 285696K Free: 116753K (41%)
----------------- Invoking toplevel() on ptolemy.moml.MoMLSimpleApplication@667112df
----------------- Done invoking toplevel() on ptolemy.moml.MoMLSimpleApplication@667112df
reloadAllAccessors: .ArrayContains

===========================================================================================
----------------- testing Thu Jun 04 14:36:09 UTC 2020 /home/travis/build/icyphy/ptII/ptolemy/actor/lib/test/auto/ArrayElement.xml
----------------- Instantiating /home/travis/build/icyphy/ptII/ptolemy/actor/lib/test/auto/ArrayElement.xml
8 ms. Memory: 285696K Free: 111119K (39%)
----------------- Invoking toplevel() on ptolemy.moml.MoMLSimpleApplication@6cd5badc
----------------- Done invoking toplevel() on ptolemy.moml.MoMLSimpleApplication@6cd5badc
reloadAllAccessors: .ArrayElement

===========================================================================================
----------------- testing Thu Jun 04 14:36:09 UTC 2020 /home/travis/build/icyphy/ptII/ptolemy/actor/lib/test/auto/ArrayElementAsMatrix.xml
----------------- Instantiating /home/travis/build/icyphy/ptII/ptolemy/actor/lib/test/auto/ArrayElementAsMatrix.xml
23 ms. Memory: 285696K Free: 101393K (35%)
----------------- Invoking toplevel() on ptolemy.moml.MoMLSimpleApplication@1402d9ca
----------------- Done invoking toplevel() on ptolemy.moml.MoMLSimpleApplication@1402d9ca
reloadAllAccessors: .ArrayElementAsMatrix

===========================================================================================
----------------- testing Thu Jun 04 14:36:09 UTC 2020 /home/travis/build/icyphy/ptII/ptolemy/actor/lib/test/auto/ArrayElementI.xml
----------------- Instantiating /home/travis/build/icyphy/ptII/ptolemy/actor/lib/test/auto/ArrayElementI.xml
4 ms. Memory: 285696K Free: 96273K (34%)
----------------- Invoking toplevel() on ptolemy.moml.MoMLSimpleApplication@2ef20384
----------------- Done invoking toplevel() on ptolemy.moml.MoMLSimpleApplication@2ef20384
reloadAllAccessors: .ArrayElementI

===========================================================================================
----------------- testing Thu Jun 04 14:36:09 UTC 2020 /home/travis/build/icyphy/ptII/ptolemy/actor/lib/test/auto/ArrayExtract.xml
----------------- Instantiating /home/travis/build/icyphy/ptII/ptolemy/actor/lib/test/auto/ArrayExtract.xml
8 ms. Memory: 285696K Free: 225297K (79%)
----------------- Invoking toplevel() on ptolemy.moml.MoMLSimpleApplication@6603720
----------------- Done invoking toplevel() on ptolemy.moml.MoMLSimpleApplication@6603720
reloadAllAccessors: .ArrayExtract

===========================================================================================
----------------- testing Thu Jun 04 14:36:09 UTC 2020 /home/travis/build/icyphy/ptII/ptolemy/actor/lib/test/auto/ArrayExtract2.xml
----------------- Instantiating /home/travis/build/icyphy/ptII/ptolemy/actor/lib/test/auto/ArrayExtract2.xml
2 ms. Memory: 285696K Free: 219633K (77%)
----------------- Invoking toplevel() on ptolemy.moml.MoMLSimpleApplication@8e56692
----------------- Done invoking toplevel() on ptolemy.moml.MoMLSimpleApplication@8e56692
reloadAllAccessors: .ArrayExtract2

===========================================================================================
----------------- testing Thu Jun 04 14:36:09 UTC 2020 /home/travis/build/icyphy/ptII/ptolemy/actor/lib/test/auto/ArrayLength.xml
----------------- Instantiating /home/travis/build/icyphy/ptII/ptolemy/actor/lib/test/auto/ArrayLength.xml
2 ms. Memory: 285696K Free: 215567K (75%)
----------------- Invoking toplevel() on ptolemy.moml.MoMLSimpleApplication@7ac8f803
----------------- Done invoking toplevel() on ptolemy.moml.MoMLSimpleApplication@7ac8f803
reloadAllAccessors: .ArrayLength

===========================================================================================
----------------- testing Thu Jun 04 14:36:09 UTC 2020 /home/travis/build/icyphy/ptII/ptolemy/actor/lib/test/auto/ArrayLevelCrossing.xml
----------------- Instantiating /home/travis/build/icyphy/ptII/ptolemy/actor/lib/test/auto/ArrayLevelCrossing.xml
5 ms. Memory: 285696K Free: 207375K (73%)
----------------- Invoking toplevel() on ptolemy.moml.MoMLSimpleApplication@78a9933
----------------- Done invoking toplevel() on ptolemy.moml.MoMLSimpleApplication@78a9933
reloadAllAccessors: .ArrayLevelCrossing

===========================================================================================
----------------- testing Thu Jun 04 14:36:09 UTC 2020 /home/travis/build/icyphy/ptII/ptolemy/actor/lib/test/auto/ArrayLevelCrossing2.xml
----------------- Instantiating /home/travis/build/icyphy/ptII/ptolemy/actor/lib/test/auto/ArrayLevelCrossing2.xml
3 ms. Memory: 285696K Free: 200177K (70%)
----------------- Invoking toplevel() on ptolemy.moml.MoMLSimpleApplication@3fc8dfd2
----------------- Done invoking toplevel() on ptolemy.moml.MoMLSimpleApplication@3fc8dfd2
reloadAllAccessors: .ArrayLevelCrossing2

===========================================================================================
----------------- testing Thu Jun 04 14:36:09 UTC 2020 /home/travis/build/icyphy/ptII/ptolemy/actor/lib/test/auto/ArrayPeakSearch.xml
----------------- Instantiating /home/travis/build/icyphy/ptII/ptolemy/actor/lib/test/auto/ArrayPeakSearch.xml
6 ms. Memory: 285696K Free: 190991K (67%)
----------------- Invoking toplevel() on ptolemy.moml.MoMLSimpleApplication@306acee0
----------------- Done invoking toplevel() on ptolemy.moml.MoMLSimpleApplication@306acee0
reloadAllAccessors: .ArrayPeakSearch

===========================================================================================
----------------- testing Thu Jun 04 14:36:09 UTC 2020 /home/travis/build/icyphy/ptII/ptolemy/actor/lib/test/auto/ArrayPeakSearch2.xml
----------------- Instantiating /home/travis/build/icyphy/ptII/ptolemy/actor/lib/test/auto/ArrayPeakSearch2.xml
5 ms. Memory: 285696K Free: 180737K (63%)
----------------- Invoking toplevel() on ptolemy.moml.MoMLSimpleApplication@111588a7
----------------- Done invoking toplevel() on ptolemy.moml.MoMLSimpleApplication@111588a7
reloadAllAccessors: .ArrayPeakSearch2

===========================================================================================
----------------- testing Thu Jun 04 14:36:09 UTC 2020 /home/travis/build/icyphy/ptII/ptolemy/actor/lib/test/auto/ArrayPeakSearch3.xml
----------------- Instantiating /home/travis/build/icyphy/ptII/ptolemy/actor/lib/test/auto/ArrayPeakSearch3.xml
6 ms. Memory: 285696K Free: 171535K (60%)
----------------- Invoking toplevel() on ptolemy.moml.MoMLSimpleApplication@4d6cc28f
----------------- Done invoking toplevel() on ptolemy.moml.MoMLSimpleApplication@4d6cc28f
reloadAllAccessors: .ArrayPeakSearch3

===========================================================================================
----------------- testing Thu Jun 04 14:36:09 UTC 2020 /home/travis/build/icyphy/ptII/ptolemy/actor/lib/test/auto/ArrayRemoveElement.xml
----------------- Instantiating /home/travis/build/icyphy/ptII/ptolemy/actor/lib/test/auto/ArrayRemoveElement.xml
6 ms. Memory: 285696K Free: 163857K (57%)
----------------- Invoking toplevel() on ptolemy.moml.MoMLSimpleApplication@3696b30c
----------------- Done invoking toplevel() on ptolemy.moml.MoMLSimpleApplication@3696b30c
reloadAllAccessors: .ArrayRemoveElement

===========================================================================================
----------------- testing Thu Jun 04 14:36:09 UTC 2020 /home/travis/build/icyphy/ptII/ptolemy/actor/lib/test/auto/ArraySort.xml
----------------- Instantiating /home/travis/build/icyphy/ptII/ptolemy/actor/lib/test/auto/ArraySort.xml
3 ms. Memory: 285696K Free: 154641K (54%)
----------------- Invoking toplevel() on ptolemy.moml.MoMLSimpleApplication@21abcaf6
----------------- Done invoking toplevel() on ptolemy.moml.MoMLSimpleApplication@21abcaf6
reloadAllAccessors: .ArraySort

===========================================================================================
----------------- testing Thu Jun 04 14:36:09 UTC 2020 /home/travis/build/icyphy/ptII/ptolemy/actor/lib/test/auto/ArraySum.xml
----------------- Instantiating /home/travis/build/icyphy/ptII/ptolemy/actor/lib/test/auto/ArraySum.xml
2 ms. Memory: 285696K Free: 149521K (52%)
----------------- Invoking toplevel() on ptolemy.moml.MoMLSimpleApplication@45604864
----------------- Done invoking toplevel() on ptolemy.moml.MoMLSimpleApplication@45604864
reloadAllAccessors: .ArraySum

===========================================================================================
----------------- testing Thu Jun 04 14:36:09 UTC 2020 /home/travis/build/icyphy/ptII/ptolemy/actor/lib/test/auto/ArrayToElements.xml
----------------- Instantiating /home/travis/build/icyphy/ptII/ptolemy/actor/lib/test/auto/ArrayToElements.xml
6 ms. Memory: 285696K Free: 143887K (50%)
----------------- Invoking toplevel() on ptolemy.moml.MoMLSimpleApplication@473c2ef0
----------------- Done invoking toplevel() on ptolemy.moml.MoMLSimpleApplication@473c2ef0
reloadAllAccessors: .ArrayToElements

===========================================================================================
----------------- testing Thu Jun 04 14:36:10 UTC 2020 /home/travis/build/icyphy/ptII/ptolemy/actor/lib/test/auto/ArrayToMatrix.xml
----------------- Instantiating /home/travis/build/icyphy/ptII/ptolemy/actor/lib/test/auto/ArrayToMatrix.xml
22 ms. Memory: 285696K Free: 130065K (46%)
----------------- Invoking toplevel() on ptolemy.moml.MoMLSimpleApplication@307f3f15
----------------- Done invoking toplevel() on ptolemy.moml.MoMLSimpleApplication@307f3f15
reloadAllAccessors: .ArrayToMatrix

===========================================================================================
----------------- testing Thu Jun 04 14:36:10 UTC 2020 /home/travis/build/icyphy/ptII/ptolemy/actor/lib/test/auto/ArrayUpdate1.xml
----------------- Instantiating /home/travis/build/icyphy/ptII/ptolemy/actor/lib/test/auto/ArrayUpdate1.xml
3 ms. Memory: 285696K Free: 124945K (44%)
----------------- Invoking toplevel() on ptolemy.moml.MoMLSimpleApplication@41390f7e
----------------- Done invoking toplevel() on ptolemy.moml.MoMLSimpleApplication@41390f7e
reloadAllAccessors: .ArrayUpdate1

===========================================================================================
----------------- testing Thu Jun 04 14:36:10 UTC 2020 /home/travis/build/icyphy/ptII/ptolemy/actor/lib/test/auto/ArrayUpdate2.xml
----------------- Instantiating /home/travis/build/icyphy/ptII/ptolemy/actor/lib/test/auto/ArrayUpdate2.xml
5 ms. Memory: 285696K Free: 119311K (42%)
----------------- Invoking toplevel() on ptolemy.moml.MoMLSimpleApplication@10075304
----------------- Done invoking toplevel() on ptolemy.moml.MoMLSimpleApplication@10075304
reloadAllAccessors: .ArrayUpdate2

===========================================================================================
----------------- testing Thu Jun 04 14:36:10 UTC 2020 /home/travis/build/icyphy/ptII/ptolemy/actor/lib/test/auto/ArrayUpdate3.xml
----------------- Instantiating /home/travis/build/icyphy/ptII/ptolemy/actor/lib/test/auto/ArrayUpdate3.xml
5 ms. Memory: 285696K Free: 114191K (40%)
----------------- Invoking toplevel() on ptolemy.moml.MoMLSimpleApplication@4d0b80ff
----------------- Done invoking toplevel() on ptolemy.moml.MoMLSimpleApplication@4d0b80ff
reloadAllAccessors: .ArrayUpdate3

===========================================================================================
----------------- testing Thu Jun 04 14:36:10 UTC 2020 /home/travis/build/icyphy/ptII/ptolemy/actor/lib/test/auto/Assert1.xml
----------------- Instantiating /home/travis/build/icyphy/ptII/ptolemy/actor/lib/test/auto/Assert1.xml
6 ms. Memory: 285696K Free: 110095K (39%)
----------------- Invoking toplevel() on ptolemy.moml.MoMLSimpleApplication@e02fe1b
----------------- Done invoking toplevel() on ptolemy.moml.MoMLSimpleApplication@e02fe1b
reloadAllAccessors: .Assert1

===========================================================================================
----------------- testing Thu Jun 04 14:36:10 UTC 2020 /home/travis/build/icyphy/ptII/ptolemy/actor/lib/test/auto/Assert2.xml
----------------- Instantiating /home/travis/build/icyphy/ptII/ptolemy/actor/lib/test/auto/Assert2.xml
2 ms. Memory: 285696K Free: 104975K (37%)
----------------- Invoking toplevel() on ptolemy.moml.MoMLSimpleApplication@73371492
----------------- Done invoking toplevel() on ptolemy.moml.MoMLSimpleApplication@73371492
reloadAllAccessors: .Assert2

===========================================================================================
----------------- testing Thu Jun 04 14:36:10 UTC 2020 /home/travis/build/icyphy/ptII/ptolemy/actor/lib/test/auto/BooleanMultiplexor.xml
----------------- Instantiating /home/travis/build/icyphy/ptII/ptolemy/actor/lib/test/auto/BooleanMultiplexor.xml
2 ms. Memory: 285696K Free: 99841K (35%)
----------------- Invoking toplevel() on ptolemy.moml.MoMLSimpleApplication@1e3f1665
----------------- Done invoking toplevel() on ptolemy.moml.MoMLSimpleApplication@1e3f1665
reloadAllAccessors: .BooleanMultiplexor

===========================================================================================
----------------- testing Thu Jun 04 14:36:10 UTC 2020 /home/travis/build/icyphy/ptII/ptolemy/actor/lib/test/auto/BooleanMultiplexor2.xml
----------------- Instantiating /home/travis/build/icyphy/ptII/ptolemy/actor/lib/test/auto/BooleanMultiplexor2.xml
9 ms. Memory: 285696K Free: 93201K (33%)
----------------- Invoking toplevel() on ptolemy.moml.MoMLSimpleApplication@496532e7
----------------- Done invoking toplevel() on ptolemy.moml.MoMLSimpleApplication@496532e7
reloadAllAccessors: .BooleanMultiplexor2

===========================================================================================
----------------- testing Thu Jun 04 14:36:10 UTC 2020 /home/travis/build/icyphy/ptII/ptolemy/actor/lib/test/auto/BooleanMultiplexor3.xml
----------------- Instantiating /home/travis/build/icyphy/ptII/ptolemy/actor/lib/test/auto/BooleanMultiplexor3.xml
2 ms. Memory: 285696K Free: 89615K (31%)
----------------- Invoking toplevel() on ptolemy.moml.MoMLSimpleApplication@61eba20f
----------------- Done invoking toplevel() on ptolemy.moml.MoMLSimpleApplication@61eba20f
reloadAllAccessors: .BooleanMultiplexor3

===========================================================================================
----------------- testing Thu Jun 04 14:36:10 UTC 2020 /home/travis/build/icyphy/ptII/ptolemy/actor/lib/test/auto/BooleanSelect.xml
----------------- Instantiating /home/travis/build/icyphy/ptII/ptolemy/actor/lib/test/auto/BooleanSelect.xml
8 ms. Memory: 285696K Free: 83457K (29%)
----------------- Invoking toplevel() on ptolemy.moml.MoMLSimpleApplication@6d931c3
----------------- Done invoking toplevel() on ptolemy.moml.MoMLSimpleApplication@6d931c3
reloadAllAccessors: .BooleanSelect

===========================================================================================
----------------- testing Thu Jun 04 14:36:10 UTC 2020 /home/travis/build/icyphy/ptII/ptolemy/actor/lib/test/auto/BooleanSelect2.xml
----------------- Instantiating /home/travis/build/icyphy/ptII/ptolemy/actor/lib/test/auto/BooleanSelect2.xml
1 ms. Memory: 285696K Free: 79375K (28%)
----------------- Invoking toplevel() on ptolemy.moml.MoMLSimpleApplication@37459bbb
----------------- Done invoking toplevel() on ptolemy.moml.MoMLSimpleApplication@37459bbb
reloadAllAccessors: .BooleanSelect2

===========================================================================================
----------------- testing Thu Jun 04 14:36:10 UTC 2020 /home/travis/build/icyphy/ptII/ptolemy/actor/lib/test/auto/BooleanSwitch.xml
----------------- Instantiating /home/travis/build/icyphy/ptII/ptolemy/actor/lib/test/auto/BooleanSwitch.xml
9 ms. Memory: 285696K Free: 231715K (81%)
----------------- Invoking toplevel() on ptolemy.moml.MoMLSimpleApplication@3feac02c
----------------- Done invoking toplevel() on ptolemy.moml.MoMLSimpleApplication@3feac02c
reloadAllAccessors: .BooleanSwitch

===========================================================================================
----------------- testing Thu Jun 04 14:36:10 UTC 2020 /home/travis/build/icyphy/ptII/ptolemy/actor/lib/test/auto/BooleanSwitch2.xml
----------------- Instantiating /home/travis/build/icyphy/ptII/ptolemy/actor/lib/test/auto/BooleanSwitch2.xml
2 ms. Memory: 285696K Free: 227123K (79%)
----------------- Invoking toplevel() on ptolemy.moml.MoMLSimpleApplication@19b56060
----------------- Done invoking toplevel() on ptolemy.moml.MoMLSimpleApplication@19b56060
reloadAllAccessors: .BooleanSwitch2

===========================================================================================
----------------- testing Thu Jun 04 14:36:10 UTC 2020 /home/travis/build/icyphy/ptII/ptolemy/actor/lib/test/auto/BooleanSwitchCloningBugWithClassRelationGroup.xml
----------------- Instantiating /home/travis/build/icyphy/ptII/ptolemy/actor/lib/test/auto/BooleanSwitchCloningBugWithClassRelationGroup.xml
4 ms. Memory: 285696K Free: 220465K (77%)
----------------- Invoking toplevel() on ptolemy.moml.MoMLSimpleApplication@2fc6c9f6
----------------- Done invoking toplevel() on ptolemy.moml.MoMLSimpleApplication@2fc6c9f6
reloadAllAccessors: .BooleanSwitchCloningBugWithClassRelationGroup

===========================================================================================
----------------- testing Thu Jun 04 14:36:10 UTC 2020 /home/travis/build/icyphy/ptII/ptolemy/actor/lib/test/auto/BusActors.xml
----------------- Instantiating /home/travis/build/icyphy/ptII/ptolemy/actor/lib/test/auto/BusActors.xml
7 ms. Memory: 285696K Free: 212787K (74%)
----------------- Invoking toplevel() on ptolemy.moml.MoMLSimpleApplication@19ad3269
----------------- Done invoking toplevel() on ptolemy.moml.MoMLSimpleApplication@19ad3269
reloadAllAccessors: .BusActors

===========================================================================================
----------------- testing Thu Jun 04 14:36:10 UTC 2020 /home/travis/build/icyphy/ptII/ptolemy/actor/lib/test/auto/ClassWrapper.xml
----------------- Instantiating /home/travis/build/icyphy/ptII/ptolemy/actor/lib/test/auto/ClassWrapper.xml
3 ms. Memory: 285696K Free: 208177K (73%)
----------------- Invoking toplevel() on ptolemy.moml.MoMLSimpleApplication@5a970950
----------------- Done invoking toplevel() on ptolemy.moml.MoMLSimpleApplication@5a970950
reloadAllAccessors: .ClassWrapper

===========================================================================================
----------------- testing Thu Jun 04 14:36:10 UTC 2020 /home/travis/build/icyphy/ptII/ptolemy/actor/lib/test/auto/Clock.xml
----------------- Instantiating /home/travis/build/icyphy/ptII/ptolemy/actor/lib/test/auto/Clock.xml
3 ms. Memory: 285696K Free: 204595K (72%)
----------------- Invoking toplevel() on ptolemy.moml.MoMLSimpleApplication@4c5ecd3f
----------------- Done invoking toplevel() on ptolemy.moml.MoMLSimpleApplication@4c5ecd3f
reloadAllAccessors: .Clock

===========================================================================================
----------------- testing Thu Jun 04 14:36:10 UTC 2020 /home/travis/build/icyphy/ptII/ptolemy/actor/lib/test/auto/Clock10.xml
----------------- Instantiating /home/travis/build/icyphy/ptII/ptolemy/actor/lib/test/auto/Clock10.xml
4 ms. Memory: 285696K Free: 198451K (69%)
----------------- Invoking toplevel() on ptolemy.moml.MoMLSimpleApplication@458ff7e3
----------------- Done invoking toplevel() on ptolemy.moml.MoMLSimpleApplication@458ff7e3
reloadAllAccessors: .Clock10

===========================================================================================
----------------- testing Thu Jun 04 14:36:10 UTC 2020 /home/travis/build/icyphy/ptII/ptolemy/actor/lib/test/auto/Clock11.xml
----------------- Instantiating /home/travis/build/icyphy/ptII/ptolemy/actor/lib/test/auto/Clock11.xml
4 ms. Memory: 285696K Free: 192817K (67%)
----------------- Invoking toplevel() on ptolemy.moml.MoMLSimpleApplication@46ac74b5
----------------- Done invoking toplevel() on ptolemy.moml.MoMLSimpleApplication@46ac74b5
reloadAllAccessors: .Clock11

===========================================================================================
----------------- testing Thu Jun 04 14:36:10 UTC 2020 /home/travis/build/icyphy/ptII/ptolemy/actor/lib/test/auto/Clock12.xml
----------------- Instantiating /home/travis/build/icyphy/ptII/ptolemy/actor/lib/test/auto/Clock12.xml
4 ms. Memory: 285696K Free: 186673K (65%)
----------------- Invoking toplevel() on ptolemy.moml.MoMLSimpleApplication@15a910b0
----------------- Done invoking toplevel() on ptolemy.moml.MoMLSimpleApplication@15a910b0
reloadAllAccessors: .Clock12

===========================================================================================
----------------- testing Thu Jun 04 14:36:10 UTC 2020 /home/travis/build/icyphy/ptII/ptolemy/actor/lib/test/auto/Clock13.xml
----------------- Instantiating /home/travis/build/icyphy/ptII/ptolemy/actor/lib/test/auto/Clock13.xml
6 ms. Memory: 285696K Free: 181043K (63%)
----------------- Invoking toplevel() on ptolemy.moml.MoMLSimpleApplication@3c1319a1
----------------- Done invoking toplevel() on ptolemy.moml.MoMLSimpleApplication@3c1319a1
reloadAllAccessors: .Clock13

===========================================================================================
----------------- testing Thu Jun 04 14:36:10 UTC 2020 /home/travis/build/icyphy/ptII/ptolemy/actor/lib/test/auto/Clock14.xml
----------------- Instantiating /home/travis/build/icyphy/ptII/ptolemy/actor/lib/test/auto/Clock14.xml
6 ms. Memory: 285696K Free: 174899K (61%)
----------------- Invoking toplevel() on ptolemy.moml.MoMLSimpleApplication@1b90fdd1
----------------- Done invoking toplevel() on ptolemy.moml.MoMLSimpleApplication@1b90fdd1
reloadAllAccessors: .Clock14

===========================================================================================
----------------- testing Thu Jun 04 14:36:10 UTC 2020 /home/travis/build/icyphy/ptII/ptolemy/actor/lib/test/auto/Clock15.xml
----------------- Instantiating /home/travis/build/icyphy/ptII/ptolemy/actor/lib/test/auto/Clock15.xml
5 ms. Memory: 285696K Free: 169235K (59%)
----------------- Invoking toplevel() on ptolemy.moml.MoMLSimpleApplication@757de139
----------------- Done invoking toplevel() on ptolemy.moml.MoMLSimpleApplication@757de139
reloadAllAccessors: .Clock15

===========================================================================================
----------------- testing Thu Jun 04 14:36:10 UTC 2020 /home/travis/build/icyphy/ptII/ptolemy/actor/lib/test/auto/Clock16.xml
----------------- Instantiating /home/travis/build/icyphy/ptII/ptolemy/actor/lib/test/auto/Clock16.xml
31 ms. Memory: 285696K Free: 154387K (54%)
----------------- Invoking toplevel() on ptolemy.moml.MoMLSimpleApplication@7d910080
----------------- Done invoking toplevel() on ptolemy.moml.MoMLSimpleApplication@7d910080
reloadAllAccessors: .Clock16

===========================================================================================
----------------- testing Thu Jun 04 14:36:10 UTC 2020 /home/travis/build/icyphy/ptII/ptolemy/actor/lib/test/auto/Clock17.xml
----------------- Instantiating /home/travis/build/icyphy/ptII/ptolemy/actor/lib/test/auto/Clock17.xml
27 ms. Memory: 285696K Free: 139555K (49%)
----------------- Invoking toplevel() on ptolemy.moml.MoMLSimpleApplication@3afe8298
----------------- Done invoking toplevel() on ptolemy.moml.MoMLSimpleApplication@3afe8298
reloadAllAccessors: .Clock17

===========================================================================================
----------------- testing Thu Jun 04 14:36:10 UTC 2020 /home/travis/build/icyphy/ptII/ptolemy/actor/lib/test/auto/Clock18.xml
----------------- Instantiating /home/travis/build/icyphy/ptII/ptolemy/actor/lib/test/auto/Clock18.xml
28 ms. Memory: 285696K Free: 126771K (44%)
----------------- Invoking toplevel() on ptolemy.moml.MoMLSimpleApplication@11311a45
----------------- Done invoking toplevel() on ptolemy.moml.MoMLSimpleApplication@11311a45
reloadAllAccessors: .Clock18

===========================================================================================
----------------- testing Thu Jun 04 14:36:10 UTC 2020 /home/travis/build/icyphy/ptII/ptolemy/actor/lib/test/auto/Clock19.xml
----------------- Instantiating /home/travis/build/icyphy/ptII/ptolemy/actor/lib/test/auto/Clock19.xml
15 ms. Memory: 285696K Free: 113459K (40%)
----------------- Invoking toplevel() on ptolemy.moml.MoMLSimpleApplication@1ea6a4cf
----------------- Done invoking toplevel() on ptolemy.moml.MoMLSimpleApplication@1ea6a4cf
reloadAllAccessors: .Clock19

===========================================================================================
----------------- testing Thu Jun 04 14:36:10 UTC 2020 /home/travis/build/icyphy/ptII/ptolemy/actor/lib/test/auto/Clock2.xml
----------------- Instantiating /home/travis/build/icyphy/ptII/ptolemy/actor/lib/test/auto/Clock2.xml
5 ms. Memory: 285696K Free: 108819K (38%)
----------------- Invoking toplevel() on ptolemy.moml.MoMLSimpleApplication@2def9421
----------------- Done invoking toplevel() on ptolemy.moml.MoMLSimpleApplication@2def9421
reloadAllAccessors: .Clock2

===========================================================================================
----------------- testing Thu Jun 04 14:36:10 UTC 2020 /home/travis/build/icyphy/ptII/ptolemy/actor/lib/test/auto/Clock20.xml
----------------- Instantiating /home/travis/build/icyphy/ptII/ptolemy/actor/lib/test/auto/Clock20.xml
6 ms. Memory: 285696K Free: 103219K (36%)
----------------- Invoking toplevel() on ptolemy.moml.MoMLSimpleApplication@4842fafe
----------------- Done invoking toplevel() on ptolemy.moml.MoMLSimpleApplication@4842fafe
reloadAllAccessors: .Clock20

===========================================================================================
----------------- testing Thu Jun 04 14:36:11 UTC 2020 /home/travis/build/icyphy/ptII/ptolemy/actor/lib/test/auto/Clock21.xml
----------------- Instantiating /home/travis/build/icyphy/ptII/ptolemy/actor/lib/test/auto/Clock21.xml
5 ms. Memory: 285696K Free: 97585K (34%)
----------------- Invoking toplevel() on ptolemy.moml.MoMLSimpleApplication@71bb82f4
----------------- Done invoking toplevel() on ptolemy.moml.MoMLSimpleApplication@71bb82f4
reloadAllAccessors: .Clock21

===========================================================================================
----------------- testing Thu Jun 04 14:36:11 UTC 2020 /home/travis/build/icyphy/ptII/ptolemy/actor/lib/test/auto/Clock22.xml
----------------- Instantiating /home/travis/build/icyphy/ptII/ptolemy/actor/lib/test/auto/Clock22.xml
2 ms. Memory: 285696K Free: 92465K (32%)
----------------- Invoking toplevel() on ptolemy.moml.MoMLSimpleApplication@b5f7cae
----------------- Done invoking toplevel() on ptolemy.moml.MoMLSimpleApplication@b5f7cae
reloadAllAccessors: .Clock22

===========================================================================================
----------------- testing Thu Jun 04 14:36:11 UTC 2020 /home/travis/build/icyphy/ptII/ptolemy/actor/lib/test/auto/Clock23.xml
----------------- Instantiating /home/travis/build/icyphy/ptII/ptolemy/actor/lib/test/auto/Clock23.xml
4 ms. Memory: 285696K Free: 86835K (30%)
----------------- Invoking toplevel() on ptolemy.moml.MoMLSimpleApplication@928076d
----------------- Done invoking toplevel() on ptolemy.moml.MoMLSimpleApplication@928076d
reloadAllAccessors: .Clock23

===========================================================================================
----------------- testing Thu Jun 04 14:36:11 UTC 2020 /home/travis/build/icyphy/ptII/ptolemy/actor/lib/test/auto/Clock24.xml
----------------- Instantiating /home/travis/build/icyphy/ptII/ptolemy/actor/lib/test/auto/Clock24.xml
3 ms. Memory: 285696K Free: 81715K (29%)
----------------- Invoking toplevel() on ptolemy.moml.MoMLSimpleApplication@2652c8a0
----------------- Done invoking toplevel() on ptolemy.moml.MoMLSimpleApplication@2652c8a0
reloadAllAccessors: .Clock24

===========================================================================================
----------------- testing Thu Jun 04 14:36:11 UTC 2020 /home/travis/build/icyphy/ptII/ptolemy/actor/lib/test/auto/Clock4.xml
----------------- Instantiating /home/travis/build/icyphy/ptII/ptolemy/actor/lib/test/auto/Clock4.xml
1 ms. Memory: 285696K Free: 76595K (27%)
----------------- Invoking toplevel() on ptolemy.moml.MoMLSimpleApplication@2cae87c5
----------------- Done invoking toplevel() on ptolemy.moml.MoMLSimpleApplication@2cae87c5
reloadAllAccessors: .Clock4

===========================================================================================
----------------- testing Thu Jun 04 14:36:11 UTC 2020 /home/travis/build/icyphy/ptII/ptolemy/actor/lib/test/auto/Clock5.xml
----------------- Instantiating /home/travis/build/icyphy/ptII/ptolemy/actor/lib/test/auto/Clock5.xml
2 ms. Memory: 285696K Free: 71475K (25%)
----------------- Invoking toplevel() on ptolemy.moml.MoMLSimpleApplication@11c3ac42
----------------- Done invoking toplevel() on ptolemy.moml.MoMLSimpleApplication@11c3ac42
reloadAllAccessors: .Clock5

===========================================================================================
----------------- testing Thu Jun 04 14:36:11 UTC 2020 /home/travis/build/icyphy/ptII/ptolemy/actor/lib/test/auto/Clock6.xml
----------------- Instantiating /home/travis/build/icyphy/ptII/ptolemy/actor/lib/test/auto/Clock6.xml
2 ms. Memory: 285696K Free: 66865K (23%)
----------------- Invoking toplevel() on ptolemy.moml.MoMLSimpleApplication@508b1505
----------------- Done invoking toplevel() on ptolemy.moml.MoMLSimpleApplication@508b1505
reloadAllAccessors: .Clock6

===========================================================================================
----------------- testing Thu Jun 04 14:36:11 UTC 2020 /home/travis/build/icyphy/ptII/ptolemy/actor/lib/test/auto/Clock7.xml
----------------- Instantiating /home/travis/build/icyphy/ptII/ptolemy/actor/lib/test/auto/Clock7.xml
2 ms. Memory: 471040K Free: 414031K (88%)
----------------- Invoking toplevel() on ptolemy.moml.MoMLSimpleApplication@f773407
----------------- Done invoking toplevel() on ptolemy.moml.MoMLSimpleApplication@f773407
reloadAllAccessors: .Clock7

===========================================================================================
----------------- testing Thu Jun 04 14:36:11 UTC 2020 /home/travis/build/icyphy/ptII/ptolemy/actor/lib/test/auto/Clock8.xml
----------------- Instantiating /home/travis/build/icyphy/ptII/ptolemy/actor/lib/test/auto/Clock8.xml
5 ms. Memory: 471040K Free: 408881K (87%)
----------------- Invoking toplevel() on ptolemy.moml.MoMLSimpleApplication@184e8d43
----------------- Done invoking toplevel() on ptolemy.moml.MoMLSimpleApplication@184e8d43
reloadAllAccessors: .Clock8

===========================================================================================
----------------- testing Thu Jun 04 14:36:11 UTC 2020 /home/travis/build/icyphy/ptII/ptolemy/actor/lib/test/auto/Clock9.xml
----------------- Instantiating /home/travis/build/icyphy/ptII/ptolemy/actor/lib/test/auto/Clock9.xml
5 ms. Memory: 471040K Free: 403281K (86%)
----------------- Invoking toplevel() on ptolemy.moml.MoMLSimpleApplication@13abab6f
----------------- Done invoking toplevel() on ptolemy.moml.MoMLSimpleApplication@13abab6f
reloadAllAccessors: .Clock9

===========================================================================================
----------------- testing Thu Jun 04 14:36:11 UTC 2020 /home/travis/build/icyphy/ptII/ptolemy/actor/lib/test/auto/CommDistDiscard.xml
----------------- Instantiating /home/travis/build/icyphy/ptII/ptolemy/actor/lib/test/auto/CommDistDiscard.xml
4 ms. Memory: 471040K Free: 398161K (85%)
----------------- Invoking toplevel() on ptolemy.moml.MoMLSimpleApplication@5de51744
----------------- Done invoking toplevel() on ptolemy.moml.MoMLSimpleApplication@5de51744
reloadAllAccessors: .CommDistDiscard

===========================================================================================
----------------- testing Thu Jun 04 14:36:11 UTC 2020 /home/travis/build/icyphy/ptII/ptolemy/actor/lib/test/auto/Commutator.xml
----------------- Instantiating /home/travis/build/icyphy/ptII/ptolemy/actor/lib/test/auto/Commutator.xml
3 ms. Memory: 471040K Free: 393551K (84%)
----------------- Invoking toplevel() on ptolemy.moml.MoMLSimpleApplication@36a7c44b
----------------- Done invoking toplevel() on ptolemy.moml.MoMLSimpleApplication@36a7c44b
reloadAllAccessors: .Commutator

===========================================================================================
----------------- testing Thu Jun 04 14:36:11 UTC 2020 /home/travis/build/icyphy/ptII/ptolemy/actor/lib/test/auto/Commutator2.xml
----------------- Instantiating /home/travis/build/icyphy/ptII/ptolemy/actor/lib/test/auto/Commutator2.xml
3 ms. Memory: 471040K Free: 388945K (83%)
----------------- Invoking toplevel() on ptolemy.moml.MoMLSimpleApplication@3fff6a0f
----------------- Done invoking toplevel() on ptolemy.moml.MoMLSimpleApplication@3fff6a0f
reloadAllAccessors: .Commutator2

===========================================================================================
----------------- testing Thu Jun 04 14:36:11 UTC 2020 /home/travis/build/icyphy/ptII/ptolemy/actor/lib/test/auto/Commutator3.xml
----------------- Instantiating /home/travis/build/icyphy/ptII/ptolemy/actor/lib/test/auto/Commutator3.xml
2 ms. Memory: 471040K Free: 384849K (82%)
----------------- Invoking toplevel() on ptolemy.moml.MoMLSimpleApplication@16baa8a2
----------------- Done invoking toplevel() on ptolemy.moml.MoMLSimpleApplication@16baa8a2
reloadAllAccessors: .Commutator3

===========================================================================================
----------------- testing Thu Jun 04 14:36:11 UTC 2020 /home/travis/build/icyphy/ptII/ptolemy/actor/lib/test/auto/Compare.xml
----------------- Instantiating /home/travis/build/icyphy/ptII/ptolemy/actor/lib/test/auto/Compare.xml
2 ms. Memory: 471040K Free: 378191K (80%)
----------------- Invoking toplevel() on ptolemy.moml.MoMLSimpleApplication@3f2e4e4
----------------- Done invoking toplevel() on ptolemy.moml.MoMLSimpleApplication@3f2e4e4
reloadAllAccessors: .Compare

===========================================================================================
----------------- testing Thu Jun 04 14:36:11 UTC 2020 /home/travis/build/icyphy/ptII/ptolemy/actor/lib/test/auto/CompareDE.xml
----------------- Instantiating /home/travis/build/icyphy/ptII/ptolemy/actor/lib/test/auto/CompareDE.xml
4 ms. Memory: 471040K Free: 371537K (79%)
----------------- Invoking toplevel() on ptolemy.moml.MoMLSimpleApplication@5d850228
----------------- Done invoking toplevel() on ptolemy.moml.MoMLSimpleApplication@5d850228
reloadAllAccessors: .CompareDE

===========================================================================================
----------------- testing Thu Jun 04 14:36:11 UTC 2020 /home/travis/build/icyphy/ptII/ptolemy/actor/lib/test/auto/ComplexDivide.xml
----------------- Instantiating /home/travis/build/icyphy/ptII/ptolemy/actor/lib/test/auto/ComplexDivide.xml
1 ms. Memory: 471040K Free: 367441K (78%)
----------------- Invoking toplevel() on ptolemy.moml.MoMLSimpleApplication@3b5ce2af
----------------- Done invoking toplevel() on ptolemy.moml.MoMLSimpleApplication@3b5ce2af
reloadAllAccessors: .ComplexDivide

===========================================================================================
----------------- testing Thu Jun 04 14:36:11 UTC 2020 /home/travis/build/icyphy/ptII/ptolemy/actor/lib/test/auto/ComputeHistogram.xml
----------------- Instantiating /home/travis/build/icyphy/ptII/ptolemy/actor/lib/test/auto/ComputeHistogram.xml
34 ms. Memory: 471040K Free: 354639K (75%)
----------------- Invoking toplevel() on ptolemy.moml.MoMLSimpleApplication@2a5850f9
----------------- Done invoking toplevel() on ptolemy.moml.MoMLSimpleApplication@2a5850f9
reloadAllAccessors: .ComputeHistogram

===========================================================================================
----------------- testing Thu Jun 04 14:36:11 UTC 2020 /home/travis/build/icyphy/ptII/ptolemy/actor/lib/test/auto/ConfigurationSelect.xml
----------------- Instantiating /home/travis/build/icyphy/ptII/ptolemy/actor/lib/test/auto/ConfigurationSelect.xml
7 ms. Memory: 471040K Free: 349505K (74%)
----------------- Invoking toplevel() on ptolemy.moml.MoMLSimpleApplication@356eed8e
----------------- Done invoking toplevel() on ptolemy.moml.MoMLSimpleApplication@356eed8e
reloadAllAccessors: .ConfigurationSelect

===========================================================================================
----------------- testing Thu Jun 04 14:36:11 UTC 2020 /home/travis/build/icyphy/ptII/ptolemy/actor/lib/test/auto/ConfigurationSelect2.xml
----------------- Instantiating /home/travis/build/icyphy/ptII/ptolemy/actor/lib/test/auto/ConfigurationSelect2.xml
3 ms. Memory: 471040K Free: 344913K (73%)
----------------- Invoking toplevel() on ptolemy.moml.MoMLSimpleApplication@1c4e6066
----------------- Done invoking toplevel() on ptolemy.moml.MoMLSimpleApplication@1c4e6066
reloadAllAccessors: .ConfigurationSelect2

===========================================================================================
----------------- testing Thu Jun 04 14:36:11 UTC 2020 /home/travis/build/icyphy/ptII/ptolemy/actor/lib/test/auto/ConfigurationSwitch.xml
----------------- Instantiating /home/travis/build/icyphy/ptII/ptolemy/actor/lib/test/auto/ConfigurationSwitch.xml
2 ms. Memory: 471040K Free: 339279K (72%)
----------------- Invoking toplevel() on ptolemy.moml.MoMLSimpleApplication@6b450454
----------------- Done invoking toplevel() on ptolemy.moml.MoMLSimpleApplication@6b450454
reloadAllAccessors: .ConfigurationSwitch

===========================================================================================
----------------- testing Thu Jun 04 14:36:11 UTC 2020 /home/travis/build/icyphy/ptII/ptolemy/actor/lib/test/auto/ConfigurationSwitch2.xml
----------------- Instantiating /home/travis/build/icyphy/ptII/ptolemy/actor/lib/test/auto/ConfigurationSwitch2.xml
2 ms. Memory: 471040K Free: 334159K (71%)
----------------- Invoking toplevel() on ptolemy.moml.MoMLSimpleApplication@6164de07
----------------- Done invoking toplevel() on ptolemy.moml.MoMLSimpleApplication@6164de07
reloadAllAccessors: .ConfigurationSwitch2

===========================================================================================
----------------- testing Thu Jun 04 14:36:11 UTC 2020 /home/travis/build/icyphy/ptII/ptolemy/actor/lib/test/auto/ConfigurationSwitchCloningBugWithClassRelationGroup.xml
----------------- Instantiating /home/travis/build/icyphy/ptII/ptolemy/actor/lib/test/auto/ConfigurationSwitchCloningBugWithClassRelationGroup.xml
1 ms. Memory: 471040K Free: 327505K (70%)
----------------- Invoking toplevel() on ptolemy.moml.MoMLSimpleApplication@4dcfde8c
----------------- Done invoking toplevel() on ptolemy.moml.MoMLSimpleApplication@4dcfde8c
reloadAllAccessors: .ConfigurationSwitchCloningBugWithClassRelationGroup

===========================================================================================
----------------- testing Thu Jun 04 14:36:11 UTC 2020 /home/travis/build/icyphy/ptII/ptolemy/actor/lib/test/auto/ConfigurationSwitchSelectSDF.xml
----------------- Instantiating /home/travis/build/icyphy/ptII/ptolemy/actor/lib/test/auto/ConfigurationSwitchSelectSDF.xml
3 ms. Memory: 471040K Free: 322385K (68%)
----------------- Invoking toplevel() on ptolemy.moml.MoMLSimpleApplication@65b7fa55
----------------- Done invoking toplevel() on ptolemy.moml.MoMLSimpleApplication@65b7fa55
reloadAllAccessors: .ConfigurationSwitchSelectSDF

===========================================================================================
----------------- testing Thu Jun 04 14:36:11 UTC 2020 /home/travis/build/icyphy/ptII/ptolemy/actor/lib/test/auto/ConfigurationSwitchSelectSDF2.xml
----------------- Instantiating /home/travis/build/icyphy/ptII/ptolemy/actor/lib/test/auto/ConfigurationSwitchSelectSDF2.xml
3 ms. Memory: 471040K Free: 316751K (67%)
----------------- Invoking toplevel() on ptolemy.moml.MoMLSimpleApplication@1acaea48
----------------- Done invoking toplevel() on ptolemy.moml.MoMLSimpleApplication@1acaea48
reloadAllAccessors: .ConfigurationSwitchSelectSDF2

===========================================================================================
----------------- testing Thu Jun 04 14:36:11 UTC 2020 /home/travis/build/icyphy/ptII/ptolemy/actor/lib/test/auto/Const.xml
----------------- Instantiating /home/travis/build/icyphy/ptII/ptolemy/actor/lib/test/auto/Const.xml
1 ms. Memory: 471040K Free: 313169K (66%)
----------------- Invoking toplevel() on ptolemy.moml.MoMLSimpleApplication@1eac6687
----------------- Done invoking toplevel() on ptolemy.moml.MoMLSimpleApplication@1eac6687
reloadAllAccessors: .Const

===========================================================================================
----------------- testing Thu Jun 04 14:36:11 UTC 2020 /home/travis/build/icyphy/ptII/ptolemy/actor/lib/test/auto/Const2.xml
----------------- Instantiating /home/travis/build/icyphy/ptII/ptolemy/actor/lib/test/auto/Const2.xml
2 ms. Memory: 471040K Free: 309583K (66%)
----------------- Invoking toplevel() on ptolemy.moml.MoMLSimpleApplication@ca80f21
----------------- Done invoking toplevel() on ptolemy.moml.MoMLSimpleApplication@ca80f21
reloadAllAccessors: .Const2

===========================================================================================
----------------- testing Thu Jun 04 14:36:11 UTC 2020 /home/travis/build/icyphy/ptII/ptolemy/actor/lib/test/auto/Const3.xml
----------------- Instantiating /home/travis/build/icyphy/ptII/ptolemy/actor/lib/test/auto/Const3.xml
1 ms. Memory: 471040K Free: 306511K (65%)
----------------- Invoking toplevel() on ptolemy.moml.MoMLSimpleApplication@7f77865f
----------------- Done invoking toplevel() on ptolemy.moml.MoMLSimpleApplication@7f77865f
reloadAllAccessors: .Const3

===========================================================================================
----------------- testing Thu Jun 04 14:36:11 UTC 2020 /home/travis/build/icyphy/ptII/ptolemy/actor/lib/test/auto/ConstantPublisherPort1.xml
----------------- Instantiating /home/travis/build/icyphy/ptII/ptolemy/actor/lib/test/auto/ConstantPublisherPort1.xml
7 ms. Memory: 471040K Free: 298319K (63%)
----------------- Invoking toplevel() on ptolemy.moml.MoMLSimpleApplication@366f0f3c
----------------- Done invoking toplevel() on ptolemy.moml.MoMLSimpleApplication@366f0f3c
reloadAllAccessors: .ConstantPublisherPort1

===========================================================================================
----------------- testing Thu Jun 04 14:36:11 UTC 2020 /home/travis/build/icyphy/ptII/ptolemy/actor/lib/test/auto/ConstantPublisherPort2.xml
----------------- Instantiating /home/travis/build/icyphy/ptII/ptolemy/actor/lib/test/auto/ConstantPublisherPort2.xml
6 ms. Memory: 471040K Free: 290127K (62%)
----------------- Invoking toplevel() on ptolemy.moml.MoMLSimpleApplication@6dfab238
----------------- Done invoking toplevel() on ptolemy.moml.MoMLSimpleApplication@6dfab238
reloadAllAccessors: .ConstantPublisherPort2

===========================================================================================
----------------- testing Thu Jun 04 14:36:11 UTC 2020 /home/travis/build/icyphy/ptII/ptolemy/actor/lib/test/auto/ConstantPublisherPort3.xml
----------------- Instantiating /home/travis/build/icyphy/ptII/ptolemy/actor/lib/test/auto/ConstantPublisherPort3.xml
4 ms. Memory: 471040K Free: 282449K (60%)
----------------- Invoking toplevel() on ptolemy.moml.MoMLSimpleApplication@3bca4b63
----------------- Done invoking toplevel() on ptolemy.moml.MoMLSimpleApplication@3bca4b63
reloadAllAccessors: .ConstantPublisherPort3

===========================================================================================
----------------- testing Thu Jun 04 14:36:11 UTC 2020 /home/travis/build/icyphy/ptII/ptolemy/actor/lib/test/auto/ConstantPublisherPort4.xml
----------------- Instantiating /home/travis/build/icyphy/ptII/ptolemy/actor/lib/test/auto/ConstantPublisherPort4.xml
3 ms. Memory: 471040K Free: 275281K (58%)
----------------- Invoking toplevel() on ptolemy.moml.MoMLSimpleApplication@1e912323
----------------- Done invoking toplevel() on ptolemy.moml.MoMLSimpleApplication@1e912323
reloadAllAccessors: .ConstantPublisherPort4

===========================================================================================
----------------- testing Thu Jun 04 14:36:11 UTC 2020 /home/travis/build/icyphy/ptII/ptolemy/actor/lib/test/auto/ConstantPublisherPort5.xml
----------------- Instantiating /home/travis/build/icyphy/ptII/ptolemy/actor/lib/test/auto/ConstantPublisherPort5.xml
31 ms. Memory: 471040K Free: 265041K (56%)
----------------- Invoking toplevel() on ptolemy.moml.MoMLSimpleApplication@69260ffb
----------------- Done invoking toplevel() on ptolemy.moml.MoMLSimpleApplication@69260ffb
reloadAllAccessors: .ConstantPublisherPort5

===========================================================================================
----------------- testing Thu Jun 04 14:36:11 UTC 2020 /home/travis/build/icyphy/ptII/ptolemy/actor/lib/test/auto/ConstantPublisherPort6.xml
----------------- Instantiating /home/travis/build/icyphy/ptII/ptolemy/actor/lib/test/auto/ConstantPublisherPort6.xml
19 ms. Memory: 471040K Free: 255825K (54%)
----------------- Invoking toplevel() on ptolemy.moml.MoMLSimpleApplication@57382a5
----------------- Done invoking toplevel() on ptolemy.moml.MoMLSimpleApplication@57382a5
reloadAllAccessors: .ConstantPublisherPort6

===========================================================================================
----------------- testing Thu Jun 04 14:36:11 UTC 2020 /home/travis/build/icyphy/ptII/ptolemy/actor/lib/test/auto/ConstantPublisherPort7.xml
----------------- Instantiating /home/travis/build/icyphy/ptII/ptolemy/actor/lib/test/auto/ConstantPublisherPort7.xml
15 ms. Memory: 471040K Free: 246609K (52%)
----------------- Invoking toplevel() on ptolemy.moml.MoMLSimpleApplication@1cf9a123
----------------- Done invoking toplevel() on ptolemy.moml.MoMLSimpleApplication@1cf9a123
reloadAllAccessors: .ConstantPublisherPort7

===========================================================================================
----------------- testing Thu Jun 04 14:36:11 UTC 2020 /home/travis/build/icyphy/ptII/ptolemy/actor/lib/test/auto/ConstraintMonitor1.xml
----------------- Instantiating /home/travis/build/icyphy/ptII/ptolemy/actor/lib/test/auto/ConstraintMonitor1.xml
8 ms. Memory: 471040K Free: 241487K (51%)
----------------- Invoking toplevel() on ptolemy.moml.MoMLSimpleApplication@4205d6c0
----------------- Done invoking toplevel() on ptolemy.moml.MoMLSimpleApplication@4205d6c0
reloadAllAccessors: .ConstraintMonitor1

===========================================================================================
----------------- testing Thu Jun 04 14:36:11 UTC 2020 /home/travis/build/icyphy/ptII/ptolemy/actor/lib/test/auto/ConstraintMonitor2.xml
----------------- Instantiating /home/travis/build/icyphy/ptII/ptolemy/actor/lib/test/auto/ConstraintMonitor2.xml
5 ms. Memory: 471040K Free: 237393K (50%)
----------------- Invoking toplevel() on ptolemy.moml.MoMLSimpleApplication@359e8ebf
----------------- Done invoking toplevel() on ptolemy.moml.MoMLSimpleApplication@359e8ebf
reloadAllAccessors: .ConstraintMonitor2

===========================================================================================
----------------- testing Thu Jun 04 14:36:11 UTC 2020 /home/travis/build/icyphy/ptII/ptolemy/actor/lib/test/auto/ConstraintMonitor3.xml
----------------- Instantiating /home/travis/build/icyphy/ptII/ptolemy/actor/lib/test/auto/ConstraintMonitor3.xml
10 ms. Memory: 471040K Free: 232273K (49%)
----------------- Invoking toplevel() on ptolemy.moml.MoMLSimpleApplication@2a86ff2c
----------------- Done invoking toplevel() on ptolemy.moml.MoMLSimpleApplication@2a86ff2c
reloadAllAccessors: .ConstraintMonitor3

===========================================================================================
----------------- testing Thu Jun 04 14:36:12 UTC 2020 /home/travis/build/icyphy/ptII/ptolemy/actor/lib/test/auto/ConstraintMonitor4.xml
----------------- Instantiating /home/travis/build/icyphy/ptII/ptolemy/actor/lib/test/auto/ConstraintMonitor4.xml
4 ms. Memory: 471040K Free: 227663K (48%)
----------------- Invoking toplevel() on ptolemy.moml.MoMLSimpleApplication@26df67f1
----------------- Done invoking toplevel() on ptolemy.moml.MoMLSimpleApplication@26df67f1
reloadAllAccessors: .ConstraintMonitor4

===========================================================================================
----------------- testing Thu Jun 04 14:36:12 UTC 2020 /home/travis/build/icyphy/ptII/ptolemy/actor/lib/test/auto/ConstraintMonitor5.xml
----------------- Instantiating /home/travis/build/icyphy/ptII/ptolemy/actor/lib/test/auto/ConstraintMonitor5.xml
6 ms. Memory: 471040K Free: 222033K (47%)
----------------- Invoking toplevel() on ptolemy.moml.MoMLSimpleApplication@13eaac7b
----------------- Done invoking toplevel() on ptolemy.moml.MoMLSimpleApplication@13eaac7b
reloadAllAccessors: .ConstraintMonitor5

===========================================================================================
----------------- testing Thu Jun 04 14:36:12 UTC 2020 /home/travis/build/icyphy/ptII/ptolemy/actor/lib/test/auto/ConstraintMonitor6.xml
----------------- Instantiating /home/travis/build/icyphy/ptII/ptolemy/actor/lib/test/auto/ConstraintMonitor6.xml
5 ms. Memory: 471040K Free: 215889K (46%)
----------------- Invoking toplevel() on ptolemy.moml.MoMLSimpleApplication@4a21c490
----------------- Done invoking toplevel() on ptolemy.moml.MoMLSimpleApplication@4a21c490
reloadAllAccessors: .ConstraintMonitor6

===========================================================================================
----------------- testing Thu Jun 04 14:36:12 UTC 2020 /home/travis/build/icyphy/ptII/ptolemy/actor/lib/test/auto/ConstraintMonitor7.xml
----------------- Instantiating /home/travis/build/icyphy/ptII/ptolemy/actor/lib/test/auto/ConstraintMonitor7.xml
4 ms. Memory: 471040K Free: 209745K (45%)
----------------- Invoking toplevel() on ptolemy.moml.MoMLSimpleApplication@36316573
----------------- Done invoking toplevel() on ptolemy.moml.MoMLSimpleApplication@36316573
reloadAllAccessors: .ConstraintMonitor7

===========================================================================================
----------------- testing Thu Jun 04 14:36:12 UTC 2020 /home/travis/build/icyphy/ptII/ptolemy/actor/lib/test/auto/ConstraintMonitor8.xml
----------------- Instantiating /home/travis/build/icyphy/ptII/ptolemy/actor/lib/test/auto/ConstraintMonitor8.xml
6 ms. Memory: 471040K Free: 201553K (43%)
----------------- Invoking toplevel() on ptolemy.moml.MoMLSimpleApplication@e7beb66
----------------- Done invoking toplevel() on ptolemy.moml.MoMLSimpleApplication@e7beb66
reloadAllAccessors: .ConstraintMonitor8

===========================================================================================
----------------- testing Thu Jun 04 14:36:12 UTC 2020 /home/travis/build/icyphy/ptII/ptolemy/actor/lib/test/auto/Counter.xml
----------------- Instantiating /home/travis/build/icyphy/ptII/ptolemy/actor/lib/test/auto/Counter.xml
2 ms. Memory: 471040K Free: 196433K (42%)
----------------- Invoking toplevel() on ptolemy.moml.MoMLSimpleApplication@731d416c
----------------- Done invoking toplevel() on ptolemy.moml.MoMLSimpleApplication@731d416c
reloadAllAccessors: .Counter

===========================================================================================
----------------- testing Thu Jun 04 14:36:12 UTC 2020 /home/travis/build/icyphy/ptII/ptolemy/actor/lib/test/auto/CurrentTimeSDF.xml
----------------- Instantiating /home/travis/build/icyphy/ptII/ptolemy/actor/lib/test/auto/CurrentTimeSDF.xml
1 ms. Memory: 471040K Free: 192847K (41%)
----------------- Invoking toplevel() on ptolemy.moml.MoMLSimpleApplication@9919a79
----------------- Done invoking toplevel() on ptolemy.moml.MoMLSimpleApplication@9919a79
reloadAllAccessors: .CurrentTimeSDF

===========================================================================================
----------------- testing Thu Jun 04 14:36:12 UTC 2020 /home/travis/build/icyphy/ptII/ptolemy/actor/lib/test/auto/DB.xml
----------------- Instantiating /home/travis/build/icyphy/ptII/ptolemy/actor/lib/test/auto/DB.xml
1 ms. Memory: 471040K Free: 187217K (40%)
----------------- Invoking toplevel() on ptolemy.moml.MoMLSimpleApplication@412e4dc8
----------------- Done invoking toplevel() on ptolemy.moml.MoMLSimpleApplication@412e4dc8
reloadAllAccessors: .DB

===========================================================================================
----------------- testing Thu Jun 04 14:36:12 UTC 2020 /home/travis/build/icyphy/ptII/ptolemy/actor/lib/test/auto/DBDE.xml
----------------- Instantiating /home/travis/build/icyphy/ptII/ptolemy/actor/lib/test/auto/DBDE.xml
2 ms. Memory: 471040K Free: 181553K (39%)
----------------- Invoking toplevel() on ptolemy.moml.MoMLSimpleApplication@3058c109
----------------- Done invoking toplevel() on ptolemy.moml.MoMLSimpleApplication@3058c109
reloadAllAccessors: .DBDE

===========================================================================================
----------------- testing Thu Jun 04 14:36:12 UTC 2020 /home/travis/build/icyphy/ptII/ptolemy/actor/lib/test/auto/DateConstructor.xml
----------------- Instantiating /home/travis/build/icyphy/ptII/ptolemy/actor/lib/test/auto/DateConstructor.xml
25 ms. Memory: 471040K Free: 401937K (85%)
----------------- Invoking toplevel() on ptolemy.moml.MoMLSimpleApplication@10fde2fe
----------------- Done invoking toplevel() on ptolemy.moml.MoMLSimpleApplication@10fde2fe
reloadAllAccessors: .DateConstructor

===========================================================================================
----------------- testing Thu Jun 04 14:36:12 UTC 2020 /home/travis/build/icyphy/ptII/ptolemy/actor/lib/test/auto/DelayTime.xml
----------------- Instantiating /home/travis/build/icyphy/ptII/ptolemy/actor/lib/test/auto/DelayTime.xml
6 ms. Memory: 471040K Free: 396817K (84%)
----------------- Invoking toplevel() on ptolemy.moml.MoMLSimpleApplication@2d279a0e
----------------- Done invoking toplevel() on ptolemy.moml.MoMLSimpleApplication@2d279a0e
reloadAllAccessors: .DelayTime

===========================================================================================
----------------- testing Thu Jun 04 14:36:12 UTC 2020 /home/travis/build/icyphy/ptII/ptolemy/actor/lib/test/auto/Dictionary1.xml
----------------- Instantiating /home/travis/build/icyphy/ptII/ptolemy/actor/lib/test/auto/Dictionary1.xml
2 ms. Memory: 471040K Free: 391183K (83%)
----------------- Invoking toplevel() on ptolemy.moml.MoMLSimpleApplication@50e400e9
----------------- Done invoking toplevel() on ptolemy.moml.MoMLSimpleApplication@50e400e9
reloadAllAccessors: .Dictionary1

===========================================================================================
----------------- testing Thu Jun 04 14:36:12 UTC 2020 /home/travis/build/icyphy/ptII/ptolemy/actor/lib/test/auto/Dictionary2.xml
----------------- Instantiating /home/travis/build/icyphy/ptII/ptolemy/actor/lib/test/auto/Dictionary2.xml
4 ms. Memory: 471040K Free: 385553K (82%)
----------------- Invoking toplevel() on ptolemy.moml.MoMLSimpleApplication@67e4d16e
----------------- Done invoking toplevel() on ptolemy.moml.MoMLSimpleApplication@67e4d16e
reloadAllAccessors: .Dictionary2

===========================================================================================
----------------- testing Thu Jun 04 14:36:12 UTC 2020 /home/travis/build/icyphy/ptII/ptolemy/actor/lib/test/auto/Dictionary3.xml
----------------- Instantiating /home/travis/build/icyphy/ptII/ptolemy/actor/lib/test/auto/Dictionary3.xml
2 ms. Memory: 471040K Free: 380433K (81%)
----------------- Invoking toplevel() on ptolemy.moml.MoMLSimpleApplication@25b2dd2c
----------------- Done invoking toplevel() on ptolemy.moml.MoMLSimpleApplication@25b2dd2c
reloadAllAccessors: .Dictionary3

===========================================================================================
----------------- testing Thu Jun 04 14:36:12 UTC 2020 /home/travis/build/icyphy/ptII/ptolemy/actor/lib/test/auto/Dictionary4.xml
----------------- Instantiating /home/travis/build/icyphy/ptII/ptolemy/actor/lib/test/auto/Dictionary4.xml
5 ms. Memory: 471040K Free: 373265K (79%)
----------------- Invoking toplevel() on ptolemy.moml.MoMLSimpleApplication@af2bd7b
----------------- Done invoking toplevel() on ptolemy.moml.MoMLSimpleApplication@af2bd7b
reloadAllAccessors: .Dictionary4

===========================================================================================
----------------- testing Thu Jun 04 14:36:12 UTC 2020 /home/travis/build/icyphy/ptII/ptolemy/actor/lib/test/auto/Differential.xml
----------------- Instantiating /home/travis/build/icyphy/ptII/ptolemy/actor/lib/test/auto/Differential.xml
3 ms. Memory: 471040K Free: 368655K (78%)
----------------- Invoking toplevel() on ptolemy.moml.MoMLSimpleApplication@548481fe
----------------- Done invoking toplevel() on ptolemy.moml.MoMLSimpleApplication@548481fe
reloadAllAccessors: .Differential

===========================================================================================
----------------- testing Thu Jun 04 14:36:12 UTC 2020 /home/travis/build/icyphy/ptII/ptolemy/actor/lib/test/auto/Director.xml
----------------- Instantiating /home/travis/build/icyphy/ptII/ptolemy/actor/lib/test/auto/Director.xml
4 ms. Memory: 471040K Free: 365583K (78%)
----------------- Invoking toplevel() on ptolemy.moml.MoMLSimpleApplication@70c67280
----------------- Done invoking toplevel() on ptolemy.moml.MoMLSimpleApplication@70c67280
reloadAllAccessors: .Director

===========================================================================================
----------------- testing Thu Jun 04 14:36:12 UTC 2020 /home/travis/build/icyphy/ptII/ptolemy/actor/lib/test/auto/DiscreteClock.xml
----------------- Instantiating /home/travis/build/icyphy/ptII/ptolemy/actor/lib/test/auto/DiscreteClock.xml
2 ms. Memory: 471040K Free: 361487K (77%)
----------------- Invoking toplevel() on ptolemy.moml.MoMLSimpleApplication@7c880302
----------------- Done invoking toplevel() on ptolemy.moml.MoMLSimpleApplication@7c880302
reloadAllAccessors: .DiscreteClock

===========================================================================================
----------------- testing Thu Jun 04 14:36:12 UTC 2020 /home/travis/build/icyphy/ptII/ptolemy/actor/lib/test/auto/DiscreteClock10.xml
----------------- Instantiating /home/travis/build/icyphy/ptII/ptolemy/actor/lib/test/auto/DiscreteClock10.xml
2 ms. Memory: 471040K Free: 355343K (75%)
----------------- Invoking toplevel() on ptolemy.moml.MoMLSimpleApplication@58e83f2a
----------------- Done invoking toplevel() on ptolemy.moml.MoMLSimpleApplication@58e83f2a
reloadAllAccessors: .DiscreteClock10

===========================================================================================
----------------- testing Thu Jun 04 14:36:12 UTC 2020 /home/travis/build/icyphy/ptII/ptolemy/actor/lib/test/auto/DiscreteClock11.xml
----------------- Instantiating /home/travis/build/icyphy/ptII/ptolemy/actor/lib/test/auto/DiscreteClock11.xml
2 ms. Memory: 471040K Free: 349199K (74%)
----------------- Invoking toplevel() on ptolemy.moml.MoMLSimpleApplication@76c38dc
----------------- Done invoking toplevel() on ptolemy.moml.MoMLSimpleApplication@76c38dc
reloadAllAccessors: .DiscreteClock11

===========================================================================================
----------------- testing Thu Jun 04 14:36:12 UTC 2020 /home/travis/build/icyphy/ptII/ptolemy/actor/lib/test/auto/DiscreteClock12.xml
----------------- Instantiating /home/travis/build/icyphy/ptII/ptolemy/actor/lib/test/auto/DiscreteClock12.xml
2 ms. Memory: 471040K Free: 343569K (73%)
----------------- Invoking toplevel() on ptolemy.moml.MoMLSimpleApplication@33595d0e
----------------- Done invoking toplevel() on ptolemy.moml.MoMLSimpleApplication@33595d0e
reloadAllAccessors: .DiscreteClock12

===========================================================================================
----------------- testing Thu Jun 04 14:36:12 UTC 2020 /home/travis/build/icyphy/ptII/ptolemy/actor/lib/test/auto/DiscreteClock13.xml
----------------- Instantiating /home/travis/build/icyphy/ptII/ptolemy/actor/lib/test/auto/DiscreteClock13.xml
4 ms. Memory: 471040K Free: 337425K (72%)
----------------- Invoking toplevel() on ptolemy.moml.MoMLSimpleApplication@63ec2b95
----------------- Done invoking toplevel() on ptolemy.moml.MoMLSimpleApplication@63ec2b95
reloadAllAccessors: .DiscreteClock13

===========================================================================================
----------------- testing Thu Jun 04 14:36:12 UTC 2020 /home/travis/build/icyphy/ptII/ptolemy/actor/lib/test/auto/DiscreteClock14.xml
----------------- Instantiating /home/travis/build/icyphy/ptII/ptolemy/actor/lib/test/auto/DiscreteClock14.xml
5 ms. Memory: 471040K Free: 331281K (70%)
----------------- Invoking toplevel() on ptolemy.moml.MoMLSimpleApplication@404958e6
----------------- Done invoking toplevel() on ptolemy.moml.MoMLSimpleApplication@404958e6
reloadAllAccessors: .DiscreteClock14

===========================================================================================
----------------- testing Thu Jun 04 14:36:12 UTC 2020 /home/travis/build/icyphy/ptII/ptolemy/actor/lib/test/auto/DiscreteClock15.xml
----------------- Instantiating /home/travis/build/icyphy/ptII/ptolemy/actor/lib/test/auto/DiscreteClock15.xml
5 ms. Memory: 471040K Free: 325137K (69%)
----------------- Invoking toplevel() on ptolemy.moml.MoMLSimpleApplication@74704ab2
----------------- Done invoking toplevel() on ptolemy.moml.MoMLSimpleApplication@74704ab2
reloadAllAccessors: .DiscreteClock15

===========================================================================================
----------------- testing Thu Jun 04 14:36:12 UTC 2020 /home/travis/build/icyphy/ptII/ptolemy/actor/lib/test/auto/DiscreteClock16.xml
----------------- Instantiating /home/travis/build/icyphy/ptII/ptolemy/actor/lib/test/auto/DiscreteClock16.xml
18 ms. Memory: 471040K Free: 311825K (66%)
----------------- Invoking toplevel() on ptolemy.moml.MoMLSimpleApplication@7be5f63f
----------------- Done invoking toplevel() on ptolemy.moml.MoMLSimpleApplication@7be5f63f
reloadAllAccessors: .DiscreteClock16

===========================================================================================
----------------- testing Thu Jun 04 14:36:12 UTC 2020 /home/travis/build/icyphy/ptII/ptolemy/actor/lib/test/auto/DiscreteClock17.xml
----------------- Instantiating /home/travis/build/icyphy/ptII/ptolemy/actor/lib/test/auto/DiscreteClock17.xml
15 ms. Memory: 471040K Free: 296969K (63%)
----------------- Invoking toplevel() on ptolemy.moml.MoMLSimpleApplication@eaf5838
----------------- Done invoking toplevel() on ptolemy.moml.MoMLSimpleApplication@eaf5838
reloadAllAccessors: .DiscreteClock17

===========================================================================================
----------------- testing Thu Jun 04 14:36:12 UTC 2020 /home/travis/build/icyphy/ptII/ptolemy/actor/lib/test/auto/DiscreteClock18.xml
----------------- Instantiating /home/travis/build/icyphy/ptII/ptolemy/actor/lib/test/auto/DiscreteClock18.xml
22 ms. Memory: 471040K Free: 283649K (60%)
----------------- Invoking toplevel() on ptolemy.moml.MoMLSimpleApplication@6d3073d5
----------------- Done invoking toplevel() on ptolemy.moml.MoMLSimpleApplication@6d3073d5
reloadAllAccessors: .DiscreteClock18

===========================================================================================
----------------- testing Thu Jun 04 14:36:12 UTC 2020 /home/travis/build/icyphy/ptII/ptolemy/actor/lib/test/auto/DiscreteClock19.xml
----------------- Instantiating /home/travis/build/icyphy/ptII/ptolemy/actor/lib/test/auto/DiscreteClock19.xml
17 ms. Memory: 471040K Free: 269327K (57%)
----------------- Invoking toplevel() on ptolemy.moml.MoMLSimpleApplication@1d29f434
----------------- Done invoking toplevel() on ptolemy.moml.MoMLSimpleApplication@1d29f434
reloadAllAccessors: .DiscreteClock19

===========================================================================================
----------------- testing Thu Jun 04 14:36:12 UTC 2020 /home/travis/build/icyphy/ptII/ptolemy/actor/lib/test/auto/DiscreteClock2.xml
----------------- Instantiating /home/travis/build/icyphy/ptII/ptolemy/actor/lib/test/auto/DiscreteClock2.xml
4 ms. Memory: 471040K Free: 264721K (56%)
----------------- Invoking toplevel() on ptolemy.moml.MoMLSimpleApplication@871a28
----------------- Done invoking toplevel() on ptolemy.moml.MoMLSimpleApplication@871a28
reloadAllAccessors: .DiscreteClock2

===========================================================================================
----------------- testing Thu Jun 04 14:36:12 UTC 2020 /home/travis/build/icyphy/ptII/ptolemy/actor/lib/test/auto/DiscreteClock20.xml
----------------- Instantiating /home/travis/build/icyphy/ptII/ptolemy/actor/lib/test/auto/DiscreteClock20.xml
6 ms. Memory: 471040K Free: 259087K (55%)
----------------- Invoking toplevel() on ptolemy.moml.MoMLSimpleApplication@1d437514
----------------- Done invoking toplevel() on ptolemy.moml.MoMLSimpleApplication@1d437514
reloadAllAccessors: .DiscreteClock20

===========================================================================================
----------------- testing Thu Jun 04 14:36:12 UTC 2020 /home/travis/build/icyphy/ptII/ptolemy/actor/lib/test/auto/DiscreteClock21.xml
----------------- Instantiating /home/travis/build/icyphy/ptII/ptolemy/actor/lib/test/auto/DiscreteClock21.xml
5 ms. Memory: 471040K Free: 253457K (54%)
----------------- Invoking toplevel() on ptolemy.moml.MoMLSimpleApplication@3796b038
----------------- Done invoking toplevel() on ptolemy.moml.MoMLSimpleApplication@3796b038
reloadAllAccessors: .DiscreteClock21

===========================================================================================
----------------- testing Thu Jun 04 14:36:12 UTC 2020 /home/travis/build/icyphy/ptII/ptolemy/actor/lib/test/auto/DiscreteClock22.xml
----------------- Instantiating /home/travis/build/icyphy/ptII/ptolemy/actor/lib/test/auto/DiscreteClock22.xml
5 ms. Memory: 471040K Free: 247823K (53%)
----------------- Invoking toplevel() on ptolemy.moml.MoMLSimpleApplication@38aba302
----------------- Done invoking toplevel() on ptolemy.moml.MoMLSimpleApplication@38aba302
reloadAllAccessors: .DiscreteClock22

===========================================================================================
----------------- testing Thu Jun 04 14:36:12 UTC 2020 /home/travis/build/icyphy/ptII/ptolemy/actor/lib/test/auto/DiscreteClock23.xml
----------------- Instantiating /home/travis/build/icyphy/ptII/ptolemy/actor/lib/test/auto/DiscreteClock23.xml
9 ms. Memory: 471040K Free: 242703K (52%)
----------------- Invoking toplevel() on ptolemy.moml.MoMLSimpleApplication@1281c9e6
----------------- Done invoking toplevel() on ptolemy.moml.MoMLSimpleApplication@1281c9e6
reloadAllAccessors: .DiscreteClock23

===========================================================================================
----------------- testing Thu Jun 04 14:36:12 UTC 2020 /home/travis/build/icyphy/ptII/ptolemy/actor/lib/test/auto/DiscreteClock24.xml
----------------- Instantiating /home/travis/build/icyphy/ptII/ptolemy/actor/lib/test/auto/DiscreteClock24.xml
4 ms. Memory: 471040K Free: 237073K (50%)
----------------- Invoking toplevel() on ptolemy.moml.MoMLSimpleApplication@2c2a1ef8
----------------- Done invoking toplevel() on ptolemy.moml.MoMLSimpleApplication@2c2a1ef8
reloadAllAccessors: .DiscreteClock24

===========================================================================================
----------------- testing Thu Jun 04 14:36:12 UTC 2020 /home/travis/build/icyphy/ptII/ptolemy/actor/lib/test/auto/DiscreteClock4.xml
----------------- Instantiating /home/travis/build/icyphy/ptII/ptolemy/actor/lib/test/auto/DiscreteClock4.xml
4 ms. Memory: 471040K Free: 231425K (49%)
----------------- Invoking toplevel() on ptolemy.moml.MoMLSimpleApplication@7aecc22
----------------- Done invoking toplevel() on ptolemy.moml.MoMLSimpleApplication@7aecc22
reloadAllAccessors: .DiscreteClock4

===========================================================================================
----------------- testing Thu Jun 04 14:36:12 UTC 2020 /home/travis/build/icyphy/ptII/ptolemy/actor/lib/test/auto/DiscreteClock5.xml
----------------- Instantiating /home/travis/build/icyphy/ptII/ptolemy/actor/lib/test/auto/DiscreteClock5.xml
2 ms. Memory: 471040K Free: 225809K (48%)
----------------- Invoking toplevel() on ptolemy.moml.MoMLSimpleApplication@7fd3094
----------------- Done invoking toplevel() on ptolemy.moml.MoMLSimpleApplication@7fd3094
reloadAllAccessors: .DiscreteClock5

===========================================================================================
----------------- testing Thu Jun 04 14:36:12 UTC 2020 /home/travis/build/icyphy/ptII/ptolemy/actor/lib/test/auto/DiscreteClock6.xml
----------------- Instantiating /home/travis/build/icyphy/ptII/ptolemy/actor/lib/test/auto/DiscreteClock6.xml
1 ms. Memory: 471040K Free: 221713K (47%)
----------------- Invoking toplevel() on ptolemy.moml.MoMLSimpleApplication@11b8bf31
----------------- Done invoking toplevel() on ptolemy.moml.MoMLSimpleApplication@11b8bf31
reloadAllAccessors: .DiscreteClock6

===========================================================================================
----------------- testing Thu Jun 04 14:36:12 UTC 2020 /home/travis/build/icyphy/ptII/ptolemy/actor/lib/test/auto/DiscreteClock7.xml
----------------- Instantiating /home/travis/build/icyphy/ptII/ptolemy/actor/lib/test/auto/DiscreteClock7.xml
2 ms. Memory: 471040K Free: 217103K (46%)
----------------- Invoking toplevel() on ptolemy.moml.MoMLSimpleApplication@5e116e6a
----------------- Done invoking toplevel() on ptolemy.moml.MoMLSimpleApplication@5e116e6a
reloadAllAccessors: .DiscreteClock7

===========================================================================================
----------------- testing Thu Jun 04 14:36:12 UTC 2020 /home/travis/build/icyphy/ptII/ptolemy/actor/lib/test/auto/DiscreteClock8.xml
----------------- Instantiating /home/travis/build/icyphy/ptII/ptolemy/actor/lib/test/auto/DiscreteClock8.xml
4 ms. Memory: 471040K Free: 211473K (45%)
----------------- Invoking toplevel() on ptolemy.moml.MoMLSimpleApplication@70bb3417
----------------- Done invoking toplevel() on ptolemy.moml.MoMLSimpleApplication@70bb3417
reloadAllAccessors: .DiscreteClock8

===========================================================================================
----------------- testing Thu Jun 04 14:36:12 UTC 2020 /home/travis/build/icyphy/ptII/ptolemy/actor/lib/test/auto/DiscreteClock9.xml
----------------- Instantiating /home/travis/build/icyphy/ptII/ptolemy/actor/lib/test/auto/DiscreteClock9.xml
4 ms. Memory: 471040K Free: 205825K (44%)
----------------- Invoking toplevel() on ptolemy.moml.MoMLSimpleApplication@53e3140d
----------------- Done invoking toplevel() on ptolemy.moml.MoMLSimpleApplication@53e3140d
reloadAllAccessors: .DiscreteClock9

===========================================================================================
----------------- testing Thu Jun 04 14:36:12 UTC 2020 /home/travis/build/icyphy/ptII/ptolemy/actor/lib/test/auto/DisplayArray.xml
----------------- Instantiating /home/travis/build/icyphy/ptII/ptolemy/actor/lib/test/auto/DisplayArray.xml
1 ms. Memory: 471040K Free: 202257K (43%)
----------------- Invoking toplevel() on ptolemy.moml.MoMLSimpleApplication@4e1fced6
----------------- Done invoking toplevel() on ptolemy.moml.MoMLSimpleApplication@4e1fced6
reloadAllAccessors: .DisplayArray

===========================================================================================
----------------- testing Thu Jun 04 14:36:12 UTC 2020 /home/travis/build/icyphy/ptII/ptolemy/actor/lib/test/auto/Distributor.xml
----------------- Instantiating /home/travis/build/icyphy/ptII/ptolemy/actor/lib/test/auto/Distributor.xml
1 ms. Memory: 471040K Free: 197647K (42%)
----------------- Invoking toplevel() on ptolemy.moml.MoMLSimpleApplication@752641eb
----------------- Done invoking toplevel() on ptolemy.moml.MoMLSimpleApplication@752641eb
reloadAllAccessors: .Distributor

===========================================================================================
----------------- testing Thu Jun 04 14:36:12 UTC 2020 /home/travis/build/icyphy/ptII/ptolemy/actor/lib/test/auto/Distributor2.xml
----------------- Instantiating /home/travis/build/icyphy/ptII/ptolemy/actor/lib/test/auto/Distributor2.xml
1 ms. Memory: 471040K Free: 192527K (41%)
----------------- Invoking toplevel() on ptolemy.moml.MoMLSimpleApplication@2cc0ca3a
----------------- Done invoking toplevel() on ptolemy.moml.MoMLSimpleApplication@2cc0ca3a
reloadAllAccessors: .Distributor2

===========================================================================================
----------------- testing Thu Jun 04 14:36:13 UTC 2020 /home/travis/build/icyphy/ptII/ptolemy/actor/lib/test/auto/DownSample.xml
----------------- Instantiating /home/travis/build/icyphy/ptII/ptolemy/actor/lib/test/auto/DownSample.xml
1 ms. Memory: 471040K Free: 187921K (40%)
----------------- Invoking toplevel() on ptolemy.moml.MoMLSimpleApplication@2ee485ec
----------------- Done invoking toplevel() on ptolemy.moml.MoMLSimpleApplication@2ee485ec
reloadAllAccessors: .DownSample

===========================================================================================
----------------- testing Thu Jun 04 14:36:13 UTC 2020 /home/travis/build/icyphy/ptII/ptolemy/actor/lib/test/auto/ElectronicUnitBase1.xml
----------------- Instantiating /home/travis/build/icyphy/ptII/ptolemy/actor/lib/test/auto/ElectronicUnitBase1.xml
18 ms. Memory: 471040K Free: 172047K (37%)
----------------- Invoking toplevel() on ptolemy.moml.MoMLSimpleApplication@372fd9fa
----------------- Done invoking toplevel() on ptolemy.moml.MoMLSimpleApplication@372fd9fa
reloadAllAccessors: .ElectronicUnitBase1

===========================================================================================
----------------- testing Thu Jun 04 14:36:13 UTC 2020 /home/travis/build/icyphy/ptII/ptolemy/actor/lib/test/auto/ElementsToArray.xml
----------------- Instantiating /home/travis/build/icyphy/ptII/ptolemy/actor/lib/test/auto/ElementsToArray.xml
3 ms. Memory: 471040K Free: 166417K (35%)
----------------- Invoking toplevel() on ptolemy.moml.MoMLSimpleApplication@6c2bf10d
----------------- Done invoking toplevel() on ptolemy.moml.MoMLSimpleApplication@6c2bf10d
reloadAllAccessors: .ElementsToArray

===========================================================================================
----------------- testing Thu Jun 04 14:36:13 UTC 2020 /home/travis/build/icyphy/ptII/ptolemy/actor/lib/test/auto/Equals.xml
----------------- Instantiating /home/travis/build/icyphy/ptII/ptolemy/actor/lib/test/auto/Equals.xml
3 ms. Memory: 471040K Free: 162321K (34%)
----------------- Invoking toplevel() on ptolemy.moml.MoMLSimpleApplication@28e453ac
----------------- Done invoking toplevel() on ptolemy.moml.MoMLSimpleApplication@28e453ac
reloadAllAccessors: .Equals

===========================================================================================
----------------- testing Thu Jun 04 14:36:13 UTC 2020 /home/travis/build/icyphy/ptII/ptolemy/actor/lib/test/auto/Exec.xml
----------------- Instantiating /home/travis/build/icyphy/ptII/ptolemy/actor/lib/test/auto/Exec.xml
15 ms. Memory: 471040K Free: 155663K (33%)
----------------- Invoking toplevel() on ptolemy.moml.MoMLSimpleApplication@7da9b131
----------------- Done invoking toplevel() on ptolemy.moml.MoMLSimpleApplication@7da9b131
reloadAllAccessors: .Exec

===========================================================================================
----------------- testing Thu Jun 04 14:36:13 UTC 2020 /home/travis/build/icyphy/ptII/ptolemy/actor/lib/test/auto/ExecEnvironment.xml
----------------- Instantiating /home/travis/build/icyphy/ptII/ptolemy/actor/lib/test/auto/ExecEnvironment.xml
35 ms. Memory: 471040K Free: 150031K (32%)
----------------- Invoking toplevel() on ptolemy.moml.MoMLSimpleApplication@5f3b7a2d
----------------- Done invoking toplevel() on ptolemy.moml.MoMLSimpleApplication@5f3b7a2d
reloadAllAccessors: .ExecEnvironment

===========================================================================================
----------------- testing Thu Jun 04 14:36:13 UTC 2020 /home/travis/build/icyphy/ptII/ptolemy/actor/lib/test/auto/ExecNonZeroReturnOutput.xml
----------------- Instantiating /home/travis/build/icyphy/ptII/ptolemy/actor/lib/test/auto/ExecNonZeroReturnOutput.xml
188 ms. Memory: 471040K Free: 415316K (88%)
----------------- Invoking toplevel() on ptolemy.moml.MoMLSimpleApplication@34bd055c
----------------- Done invoking toplevel() on ptolemy.moml.MoMLSimpleApplication@34bd055c
reloadAllAccessors: .ExecNonZeroReturnOutput

===========================================================================================
----------------- testing Thu Jun 04 14:36:13 UTC 2020 /home/travis/build/icyphy/ptII/ptolemy/actor/lib/test/auto/ExecRunDemos.xml
----------------- Instantiating /home/travis/build/icyphy/ptII/ptolemy/actor/lib/test/auto/ExecRunDemos.xml
Finished: 66 ms. Memory: 129024K Free: 112375K (87%)

Finished: 65 ms. Memory: 129024K Free: 109551K (85%)

Finished: 83 ms. Memory: 129024K Free: 109469K (85%)

Finished: 70 ms. Memory: 129024K Free: 111094K (86%)

Finished: 80 ms. Memory: 129024K Free: 111842K (87%)

10225 ms. Memory: 471040K Free: 394067K (84%)
----------------- Invoking toplevel() on ptolemy.moml.MoMLSimpleApplication@7c198cc4
----------------- Done invoking toplevel() on ptolemy.moml.MoMLSimpleApplication@7c198cc4
reloadAllAccessors: .ExecRunDemos

===========================================================================================
----------------- testing Thu Jun 04 14:36:23 UTC 2020 /home/travis/build/icyphy/ptII/ptolemy/actor/lib/test/auto/ExecStop.xml
----------------- Instantiating /home/travis/build/icyphy/ptII/ptolemy/actor/lib/test/auto/ExecStop.xml
5024 ms. Memory: 471040K Free: 240979K (51%)
----------------- Invoking toplevel() on ptolemy.moml.MoMLSimpleApplication@2c2df9b0
----------------- Done invoking toplevel() on ptolemy.moml.MoMLSimpleApplication@2c2df9b0
reloadAllAccessors: .ExecStop

===========================================================================================
----------------- testing Thu Jun 04 14:36:28 UTC 2020 /home/travis/build/icyphy/ptII/ptolemy/actor/lib/test/auto/ExecutionTimeSDF.xml
----------------- Instantiating /home/travis/build/icyphy/ptII/ptolemy/actor/lib/test/auto/ExecutionTimeSDF.xml
Fired ExecutionTime: -509367296
Fired ExecutionTime: 1304800000
Fired ExecutionTime: 1346800000
6007 ms. Memory: 471040K Free: 228677K (49%)
----------------- Invoking toplevel() on ptolemy.moml.MoMLSimpleApplication@6be59982
----------------- Done invoking toplevel() on ptolemy.moml.MoMLSimpleApplication@6be59982
reloadAllAccessors: .ExecutionTimeSDF

===========================================================================================
----------------- testing Thu Jun 04 14:36:34 UTC 2020 /home/travis/build/icyphy/ptII/ptolemy/actor/lib/test/auto/Expression1.xml
----------------- Instantiating /home/travis/build/icyphy/ptII/ptolemy/actor/lib/test/auto/Expression1.xml
1 ms. Memory: 471040K Free: 225109K (48%)
----------------- Invoking toplevel() on ptolemy.moml.MoMLSimpleApplication@556eafcd
----------------- Done invoking toplevel() on ptolemy.moml.MoMLSimpleApplication@556eafcd
reloadAllAccessors: .Expression1

===========================================================================================
----------------- testing Thu Jun 04 14:36:34 UTC 2020 /home/travis/build/icyphy/ptII/ptolemy/actor/lib/test/auto/Expression10.xml
----------------- Instantiating /home/travis/build/icyphy/ptII/ptolemy/actor/lib/test/auto/Expression10.xml
16 ms. Memory: 471040K Free: 219989K (47%)
----------------- Invoking toplevel() on ptolemy.moml.MoMLSimpleApplication@ca6831f
----------------- Done invoking toplevel() on ptolemy.moml.MoMLSimpleApplication@ca6831f
reloadAllAccessors: .Expression10

===========================================================================================
----------------- testing Thu Jun 04 14:36:34 UTC 2020 /home/travis/build/icyphy/ptII/ptolemy/actor/lib/test/auto/Expression11.xml
----------------- Instantiating /home/travis/build/icyphy/ptII/ptolemy/actor/lib/test/auto/Expression11.xml
2 ms. Memory: 471040K Free: 215379K (46%)
----------------- Invoking toplevel() on ptolemy.moml.MoMLSimpleApplication@5582bae3
----------------- Done invoking toplevel() on ptolemy.moml.MoMLSimpleApplication@5582bae3
reloadAllAccessors: .Expression11

===========================================================================================
----------------- testing Thu Jun 04 14:36:34 UTC 2020 /home/travis/build/icyphy/ptII/ptolemy/actor/lib/test/auto/Expression12.xml
----------------- Instantiating /home/travis/build/icyphy/ptII/ptolemy/actor/lib/test/auto/Expression12.xml
2 ms. Memory: 471040K Free: 210259K (45%)
----------------- Invoking toplevel() on ptolemy.moml.MoMLSimpleApplication@140d7ed
----------------- Done invoking toplevel() on ptolemy.moml.MoMLSimpleApplication@140d7ed
reloadAllAccessors: .Expression12

===========================================================================================
----------------- testing Thu Jun 04 14:36:34 UTC 2020 /home/travis/build/icyphy/ptII/ptolemy/actor/lib/test/auto/Expression13.xml
----------------- Instantiating /home/travis/build/icyphy/ptII/ptolemy/actor/lib/test/auto/Expression13.xml
2 ms. Memory: 471040K Free: 205139K (44%)
----------------- Invoking toplevel() on ptolemy.moml.MoMLSimpleApplication@40ccccf9
----------------- Done invoking toplevel() on ptolemy.moml.MoMLSimpleApplication@40ccccf9
reloadAllAccessors: .Expression13

===========================================================================================
----------------- testing Thu Jun 04 14:36:34 UTC 2020 /home/travis/build/icyphy/ptII/ptolemy/actor/lib/test/auto/Expression14.xml
----------------- Instantiating /home/travis/build/icyphy/ptII/ptolemy/actor/lib/test/auto/Expression14.xml
6 ms. Memory: 471040K Free: 199509K (42%)
----------------- Invoking toplevel() on ptolemy.moml.MoMLSimpleApplication@3dc0abc8
----------------- Done invoking toplevel() on ptolemy.moml.MoMLSimpleApplication@3dc0abc8
reloadAllAccessors: .Expression14

===========================================================================================
----------------- testing Thu Jun 04 14:36:34 UTC 2020 /home/travis/build/icyphy/ptII/ptolemy/actor/lib/test/auto/Expression15.xml
----------------- Instantiating /home/travis/build/icyphy/ptII/ptolemy/actor/lib/test/auto/Expression15.xml
2 ms. Memory: 471040K Free: 195413K (41%)
----------------- Invoking toplevel() on ptolemy.moml.MoMLSimpleApplication@5e456c79
----------------- Done invoking toplevel() on ptolemy.moml.MoMLSimpleApplication@5e456c79
reloadAllAccessors: .Expression15

===========================================================================================
----------------- testing Thu Jun 04 14:36:34 UTC 2020 /home/travis/build/icyphy/ptII/ptolemy/actor/lib/test/auto/Expression16.xml
----------------- Instantiating /home/travis/build/icyphy/ptII/ptolemy/actor/lib/test/auto/Expression16.xml
3 ms. Memory: 471040K Free: 190803K (41%)
----------------- Invoking toplevel() on ptolemy.moml.MoMLSimpleApplication@159ccefd
----------------- Done invoking toplevel() on ptolemy.moml.MoMLSimpleApplication@159ccefd
reloadAllAccessors: .Expression16

===========================================================================================
----------------- testing Thu Jun 04 14:36:34 UTC 2020 /home/travis/build/icyphy/ptII/ptolemy/actor/lib/test/auto/Expression17.xml
----------------- Instantiating /home/travis/build/icyphy/ptII/ptolemy/actor/lib/test/auto/Expression17.xml
4 ms. Memory: 471040K Free: 185683K (39%)
----------------- Invoking toplevel() on ptolemy.moml.MoMLSimpleApplication@37ddde34
----------------- Done invoking toplevel() on ptolemy.moml.MoMLSimpleApplication@37ddde34
reloadAllAccessors: .Expression17

===========================================================================================
----------------- testing Thu Jun 04 14:36:34 UTC 2020 /home/travis/build/icyphy/ptII/ptolemy/actor/lib/test/auto/Expression18.xml
----------------- Instantiating /home/travis/build/icyphy/ptII/ptolemy/actor/lib/test/auto/Expression18.xml
2 ms. Memory: 471040K Free: 180563K (38%)
----------------- Invoking toplevel() on ptolemy.moml.MoMLSimpleApplication@1c5b23e7
----------------- Done invoking toplevel() on ptolemy.moml.MoMLSimpleApplication@1c5b23e7
reloadAllAccessors: .Expression18

===========================================================================================
----------------- testing Thu Jun 04 14:36:34 UTC 2020 /home/travis/build/icyphy/ptII/ptolemy/actor/lib/test/auto/Expression2.xml
----------------- Instantiating /home/travis/build/icyphy/ptII/ptolemy/actor/lib/test/auto/Expression2.xml
3 ms. Memory: 471040K Free: 175957K (37%)
----------------- Invoking toplevel() on ptolemy.moml.MoMLSimpleApplication@561878d7
----------------- Done invoking toplevel() on ptolemy.moml.MoMLSimpleApplication@561878d7
reloadAllAccessors: .Expression2

===========================================================================================
----------------- testing Thu Jun 04 14:36:34 UTC 2020 /home/travis/build/icyphy/ptII/ptolemy/actor/lib/test/auto/Expression3.xml
----------------- Instantiating /home/travis/build/icyphy/ptII/ptolemy/actor/lib/test/auto/Expression3.xml
6 ms. Memory: 471040K Free: 170837K (36%)
----------------- Invoking toplevel() on ptolemy.moml.MoMLSimpleApplication@59907e86
----------------- Done invoking toplevel() on ptolemy.moml.MoMLSimpleApplication@59907e86
reloadAllAccessors: .Expression3

===========================================================================================
----------------- testing Thu Jun 04 14:36:35 UTC 2020 /home/travis/build/icyphy/ptII/ptolemy/actor/lib/test/auto/Expression4.xml
----------------- Instantiating /home/travis/build/icyphy/ptII/ptolemy/actor/lib/test/auto/Expression4.xml
5 ms. Memory: 471040K Free: 163669K (35%)
----------------- Invoking toplevel() on ptolemy.moml.MoMLSimpleApplication@57c3ee08
----------------- Done invoking toplevel() on ptolemy.moml.MoMLSimpleApplication@57c3ee08
reloadAllAccessors: .Expression4

===========================================================================================
----------------- testing Thu Jun 04 14:36:35 UTC 2020 /home/travis/build/icyphy/ptII/ptolemy/actor/lib/test/auto/Expression5.xml
----------------- Instantiating /home/travis/build/icyphy/ptII/ptolemy/actor/lib/test/auto/Expression5.xml
3 ms. Memory: 471040K Free: 158549K (34%)
----------------- Invoking toplevel() on ptolemy.moml.MoMLSimpleApplication@4d2d097
----------------- Done invoking toplevel() on ptolemy.moml.MoMLSimpleApplication@4d2d097
reloadAllAccessors: .Expression5

===========================================================================================
----------------- testing Thu Jun 04 14:36:35 UTC 2020 /home/travis/build/icyphy/ptII/ptolemy/actor/lib/test/auto/Expression6.xml
----------------- Instantiating /home/travis/build/icyphy/ptII/ptolemy/actor/lib/test/auto/Expression6.xml
2 ms. Memory: 471040K Free: 153939K (33%)
----------------- Invoking toplevel() on ptolemy.moml.MoMLSimpleApplication@33e9a0fb
----------------- Done invoking toplevel() on ptolemy.moml.MoMLSimpleApplication@33e9a0fb
reloadAllAccessors: .Expression6

===========================================================================================
----------------- testing Thu Jun 04 14:36:35 UTC 2020 /home/travis/build/icyphy/ptII/ptolemy/actor/lib/test/auto/Expression7.xml
----------------- Instantiating /home/travis/build/icyphy/ptII/ptolemy/actor/lib/test/auto/Expression7.xml
2 ms. Memory: 471040K Free: 149333K (32%)
----------------- Invoking toplevel() on ptolemy.moml.MoMLSimpleApplication@7f71368e
----------------- Done invoking toplevel() on ptolemy.moml.MoMLSimpleApplication@7f71368e
reloadAllAccessors: .Expression7

===========================================================================================
----------------- testing Thu Jun 04 14:36:35 UTC 2020 /home/travis/build/icyphy/ptII/ptolemy/actor/lib/test/auto/Expression8.xml
----------------- Instantiating /home/travis/build/icyphy/ptII/ptolemy/actor/lib/test/auto/Expression8.xml
8 ms. Memory: 471040K Free: 144213K (31%)
----------------- Invoking toplevel() on ptolemy.moml.MoMLSimpleApplication@509eef1d
----------------- Done invoking toplevel() on ptolemy.moml.MoMLSimpleApplication@509eef1d
reloadAllAccessors: .Expression8

===========================================================================================
----------------- testing Thu Jun 04 14:36:35 UTC 2020 /home/travis/build/icyphy/ptII/ptolemy/actor/lib/test/auto/Expression9.xml
----------------- Instantiating /home/travis/build/icyphy/ptII/ptolemy/actor/lib/test/auto/Expression9.xml
1 ms. Memory: 471040K Free: 140627K (30%)
----------------- Invoking toplevel() on ptolemy.moml.MoMLSimpleApplication@472369eb
----------------- Done invoking toplevel() on ptolemy.moml.MoMLSimpleApplication@472369eb
reloadAllAccessors: .Expression9

===========================================================================================
----------------- testing Thu Jun 04 14:36:35 UTC 2020 /home/travis/build/icyphy/ptII/ptolemy/actor/lib/test/auto/ExpressionConcatenateArrayType.xml
----------------- Instantiating /home/travis/build/icyphy/ptII/ptolemy/actor/lib/test/auto/ExpressionConcatenateArrayType.xml
3 ms. Memory: 471040K Free: 411768K (87%)
----------------- Invoking toplevel() on ptolemy.moml.MoMLSimpleApplication@14082368
----------------- Done invoking toplevel() on ptolemy.moml.MoMLSimpleApplication@14082368
reloadAllAccessors: .ExpressionConcatenateArrayType

===========================================================================================
----------------- testing Thu Jun 04 14:36:35 UTC 2020 /home/travis/build/icyphy/ptII/ptolemy/actor/lib/test/auto/ExpressionConcatenateArrayType2.xml
----------------- Instantiating /home/travis/build/icyphy/ptII/ptolemy/actor/lib/test/auto/ExpressionConcatenateArrayType2.xml
2 ms. Memory: 471040K Free: 406134K (86%)
----------------- Invoking toplevel() on ptolemy.moml.MoMLSimpleApplication@56892932
----------------- Done invoking toplevel() on ptolemy.moml.MoMLSimpleApplication@56892932
reloadAllAccessors: .ExpressionConcatenateArrayType2

===========================================================================================
----------------- testing Thu Jun 04 14:36:35 UTC 2020 /home/travis/build/icyphy/ptII/ptolemy/actor/lib/test/auto/ExpressionFix.xml
----------------- Instantiating /home/travis/build/icyphy/ptII/ptolemy/actor/lib/test/auto/ExpressionFix.xml
19 ms. Memory: 471040K Free: 399990K (85%)
----------------- Invoking toplevel() on ptolemy.moml.MoMLSimpleApplication@559db3de
----------------- Done invoking toplevel() on ptolemy.moml.MoMLSimpleApplication@559db3de
reloadAllAccessors: .ExpressionFix

===========================================================================================
----------------- testing Thu Jun 04 14:36:35 UTC 2020 /home/travis/build/icyphy/ptII/ptolemy/actor/lib/test/auto/ExpressionFix2.xml
----------------- Instantiating /home/travis/build/icyphy/ptII/ptolemy/actor/lib/test/auto/ExpressionFix2.xml
3 ms. Memory: 471040K Free: 395894K (84%)
----------------- Invoking toplevel() on ptolemy.moml.MoMLSimpleApplication@554a4f23
----------------- Done invoking toplevel() on ptolemy.moml.MoMLSimpleApplication@554a4f23
reloadAllAccessors: .ExpressionFix2

===========================================================================================
----------------- testing Thu Jun 04 14:36:35 UTC 2020 /home/travis/build/icyphy/ptII/ptolemy/actor/lib/test/auto/ExpressionFix3.xml
----------------- Instantiating /home/travis/build/icyphy/ptII/ptolemy/actor/lib/test/auto/ExpressionFix3.xml
3 ms. Memory: 471040K Free: 391798K (83%)
----------------- Invoking toplevel() on ptolemy.moml.MoMLSimpleApplication@51e54170
----------------- Done invoking toplevel() on ptolemy.moml.MoMLSimpleApplication@51e54170
reloadAllAccessors: .ExpressionFix3

===========================================================================================
----------------- testing Thu Jun 04 14:36:35 UTC 2020 /home/travis/build/icyphy/ptII/ptolemy/actor/lib/test/auto/FileWriter1.xml
----------------- Instantiating /home/travis/build/icyphy/ptII/ptolemy/actor/lib/test/auto/FileWriter1.xml
2 ms. Memory: 471040K Free: 387702K (82%)
----------------- Invoking toplevel() on ptolemy.moml.MoMLSimpleApplication@6d0df6dc
----------------- Done invoking toplevel() on ptolemy.moml.MoMLSimpleApplication@6d0df6dc
reloadAllAccessors: .FileWriter1

===========================================================================================
----------------- testing Thu Jun 04 14:36:35 UTC 2020 /home/travis/build/icyphy/ptII/ptolemy/actor/lib/test/auto/FileWriter2.xml
----------------- Instantiating /home/travis/build/icyphy/ptII/ptolemy/actor/lib/test/auto/FileWriter2.xml
5 ms. Memory: 471040K Free: 383096K (81%)
----------------- Invoking toplevel() on ptolemy.moml.MoMLSimpleApplication@168a570
----------------- Done invoking toplevel() on ptolemy.moml.MoMLSimpleApplication@168a570
reloadAllAccessors: .FileWriter2

===========================================================================================
----------------- testing Thu Jun 04 14:36:35 UTC 2020 /home/travis/build/icyphy/ptII/ptolemy/actor/lib/test/auto/FileWriter3.xml
----------------- Instantiating /home/travis/build/icyphy/ptII/ptolemy/actor/lib/test/auto/FileWriter3.xml
4 ms. Memory: 471040K Free: 379510K (81%)
----------------- Invoking toplevel() on ptolemy.moml.MoMLSimpleApplication@74d42475
----------------- Done invoking toplevel() on ptolemy.moml.MoMLSimpleApplication@74d42475
reloadAllAccessors: .FileWriter3

===========================================================================================
----------------- testing Thu Jun 04 14:36:35 UTC 2020 /home/travis/build/icyphy/ptII/ptolemy/actor/lib/test/auto/Gaussian.xml
----------------- Instantiating /home/travis/build/icyphy/ptII/ptolemy/actor/lib/test/auto/Gaussian.xml
2 ms. Memory: 471040K Free: 374904K (80%)
----------------- Invoking toplevel() on ptolemy.moml.MoMLSimpleApplication@6c7fccf3
----------------- Done invoking toplevel() on ptolemy.moml.MoMLSimpleApplication@6c7fccf3
reloadAllAccessors: .Gaussian

===========================================================================================
----------------- testing Thu Jun 04 14:36:35 UTC 2020 /home/travis/build/icyphy/ptII/ptolemy/actor/lib/test/auto/Gaussian1.xml
----------------- Instantiating /home/travis/build/icyphy/ptII/ptolemy/actor/lib/test/auto/Gaussian1.xml
10 ms. Memory: 471040K Free: 369784K (79%)
----------------- Invoking toplevel() on ptolemy.moml.MoMLSimpleApplication@24a73867
----------------- Done invoking toplevel() on ptolemy.moml.MoMLSimpleApplication@24a73867
reloadAllAccessors: .Gaussian1

===========================================================================================
----------------- testing Thu Jun 04 14:36:35 UTC 2020 /home/travis/build/icyphy/ptII/ptolemy/actor/lib/test/auto/Gaussian2.xml
----------------- Instantiating /home/travis/build/icyphy/ptII/ptolemy/actor/lib/test/auto/Gaussian2.xml
2 ms. Memory: 471040K Free: 364136K (77%)
----------------- Invoking toplevel() on ptolemy.moml.MoMLSimpleApplication@341606e7
----------------- Done invoking toplevel() on ptolemy.moml.MoMLSimpleApplication@341606e7
reloadAllAccessors: .Gaussian2

===========================================================================================
----------------- testing Thu Jun 04 14:36:35 UTC 2020 /home/travis/build/icyphy/ptII/ptolemy/actor/lib/test/auto/GradientAdaptiveLattice.xml
----------------- Instantiating /home/travis/build/icyphy/ptII/ptolemy/actor/lib/test/auto/GradientAdaptiveLattice.xml
4 ms. Memory: 471040K Free: 359030K (76%)
----------------- Invoking toplevel() on ptolemy.moml.MoMLSimpleApplication@25fd09f0
----------------- Done invoking toplevel() on ptolemy.moml.MoMLSimpleApplication@25fd09f0
reloadAllAccessors: .GradientAdaptiveLattice

===========================================================================================
----------------- testing Thu Jun 04 14:36:35 UTC 2020 /home/travis/build/icyphy/ptII/ptolemy/actor/lib/test/auto/IIR.xml
----------------- Instantiating /home/travis/build/icyphy/ptII/ptolemy/actor/lib/test/auto/IIR.xml
1 ms. Memory: 471040K Free: 354934K (75%)
----------------- Invoking toplevel() on ptolemy.moml.MoMLSimpleApplication@7396c897
----------------- Done invoking toplevel() on ptolemy.moml.MoMLSimpleApplication@7396c897
reloadAllAccessors: .IIR

===========================================================================================
----------------- testing Thu Jun 04 14:36:35 UTC 2020 /home/travis/build/icyphy/ptII/ptolemy/actor/lib/test/auto/InputOutputTransparentPorts.xml
----------------- Instantiating /home/travis/build/icyphy/ptII/ptolemy/actor/lib/test/auto/InputOutputTransparentPorts.xml
2 ms. Memory: 471040K Free: 347766K (74%)
----------------- Invoking toplevel() on ptolemy.moml.MoMLSimpleApplication@a219f0d
----------------- Done invoking toplevel() on ptolemy.moml.MoMLSimpleApplication@a219f0d
reloadAllAccessors: .InputOutputTransparentPorts

===========================================================================================
----------------- testing Thu Jun 04 14:36:35 UTC 2020 /home/travis/build/icyphy/ptII/ptolemy/actor/lib/test/auto/Interpolator.xml
----------------- Instantiating /home/travis/build/icyphy/ptII/ptolemy/actor/lib/test/auto/Interpolator.xml
3 ms. Memory: 471040K Free: 343670K (73%)
----------------- Invoking toplevel() on ptolemy.moml.MoMLSimpleApplication@5571765f
----------------- Done invoking toplevel() on ptolemy.moml.MoMLSimpleApplication@5571765f
reloadAllAccessors: .Interpolator

===========================================================================================
----------------- testing Thu Jun 04 14:36:35 UTC 2020 /home/travis/build/icyphy/ptII/ptolemy/actor/lib/test/auto/InterpolatorFiringLimitDE.xml
----------------- Instantiating /home/travis/build/icyphy/ptII/ptolemy/actor/lib/test/auto/InterpolatorFiringLimitDE.xml
3 ms. Memory: 471040K Free: 338040K (72%)
----------------- Invoking toplevel() on ptolemy.moml.MoMLSimpleApplication@3183b9ef
----------------- Done invoking toplevel() on ptolemy.moml.MoMLSimpleApplication@3183b9ef
reloadAllAccessors: .InterpolatorFiringLimitDE

===========================================================================================
----------------- testing Thu Jun 04 14:36:35 UTC 2020 /home/travis/build/icyphy/ptII/ptolemy/actor/lib/test/auto/Lattice.xml
----------------- Instantiating /home/travis/build/icyphy/ptII/ptolemy/actor/lib/test/auto/Lattice.xml
1 ms. Memory: 471040K Free: 333944K (71%)
----------------- Invoking toplevel() on ptolemy.moml.MoMLSimpleApplication@6b1b7874
----------------- Done invoking toplevel() on ptolemy.moml.MoMLSimpleApplication@6b1b7874
reloadAllAccessors: .Lattice

===========================================================================================
----------------- testing Thu Jun 04 14:36:35 UTC 2020 /home/travis/build/icyphy/ptII/ptolemy/actor/lib/test/auto/LazyAOCTestLazy.xml
----------------- Instantiating /home/travis/build/icyphy/ptII/ptolemy/actor/lib/test/auto/LazyAOCTestLazy.xml
9 ms. Memory: 471040K Free: 327800K (70%)
----------------- Invoking toplevel() on ptolemy.moml.MoMLSimpleApplication@199b550
----------------- Done invoking toplevel() on ptolemy.moml.MoMLSimpleApplication@199b550
reloadAllAccessors: .LazyAOCTestLazy

===========================================================================================
----------------- testing Thu Jun 04 14:36:35 UTC 2020 /home/travis/build/icyphy/ptII/ptolemy/actor/lib/test/auto/LazyAOCTestNonLazy.xml
----------------- Instantiating /home/travis/build/icyphy/ptII/ptolemy/actor/lib/test/auto/LazyAOCTestNonLazy.xml
2 ms. Memory: 471040K Free: 321656K (68%)
----------------- Invoking toplevel() on ptolemy.moml.MoMLSimpleApplication@1f8cebb7
----------------- Done invoking toplevel() on ptolemy.moml.MoMLSimpleApplication@1f8cebb7
reloadAllAccessors: .LazyAOCTestNonLazy

===========================================================================================
----------------- testing Thu Jun 04 14:36:35 UTC 2020 /home/travis/build/icyphy/ptII/ptolemy/actor/lib/test/auto/LazyInnerClass.xml
----------------- Instantiating /home/travis/build/icyphy/ptII/ptolemy/actor/lib/test/auto/LazyInnerClass.xml
11 ms. Memory: 471040K Free: 312944K (66%)
----------------- Invoking toplevel() on ptolemy.moml.MoMLSimpleApplication@6c00d2db
----------------- Done invoking toplevel() on ptolemy.moml.MoMLSimpleApplication@6c00d2db
reloadAllAccessors: .LazyInnerClass

===========================================================================================
----------------- testing Thu Jun 04 14:36:35 UTC 2020 /home/travis/build/icyphy/ptII/ptolemy/actor/lib/test/auto/LazyPubSub.xml
----------------- Instantiating /home/travis/build/icyphy/ptII/ptolemy/actor/lib/test/auto/LazyPubSub.xml
25 ms. Memory: 471040K Free: 302710K (64%)
----------------- Invoking toplevel() on ptolemy.moml.MoMLSimpleApplication@52194d2e
----------------- Done invoking toplevel() on ptolemy.moml.MoMLSimpleApplication@52194d2e
reloadAllAccessors: .LazyPubSub

===========================================================================================
----------------- testing Thu Jun 04 14:36:35 UTC 2020 /home/travis/build/icyphy/ptII/ptolemy/actor/lib/test/auto/LazyPubSub2.xml
----------------- Instantiating /home/travis/build/icyphy/ptII/ptolemy/actor/lib/test/auto/LazyPubSub2.xml
21 ms. Memory: 471040K Free: 293480K (62%)
----------------- Invoking toplevel() on ptolemy.moml.MoMLSimpleApplication@260be56
----------------- Done invoking toplevel() on ptolemy.moml.MoMLSimpleApplication@260be56
reloadAllAccessors: .LazyPubSub2

===========================================================================================
----------------- testing Thu Jun 04 14:36:35 UTC 2020 /home/travis/build/icyphy/ptII/ptolemy/actor/lib/test/auto/LazyPubSub3.xml
----------------- Instantiating /home/travis/build/icyphy/ptII/ptolemy/actor/lib/test/auto/LazyPubSub3.xml
10 ms. Memory: 471040K Free: 283254K (60%)
----------------- Invoking toplevel() on ptolemy.moml.MoMLSimpleApplication@617eafd4
----------------- Done invoking toplevel() on ptolemy.moml.MoMLSimpleApplication@617eafd4
reloadAllAccessors: .LazyPubSub3

===========================================================================================
----------------- testing Thu Jun 04 14:36:35 UTC 2020 /home/travis/build/icyphy/ptII/ptolemy/actor/lib/test/auto/LazySubClassModel.xml
----------------- Instantiating /home/travis/build/icyphy/ptII/ptolemy/actor/lib/test/auto/LazySubClassModel.xml
2 ms. Memory: 471040K Free: 273528K (58%)
----------------- Invoking toplevel() on ptolemy.moml.MoMLSimpleApplication@358de92d
----------------- Done invoking toplevel() on ptolemy.moml.MoMLSimpleApplication@358de92d
reloadAllAccessors: .LazySubClassModel

===========================================================================================
----------------- testing Thu Jun 04 14:36:35 UTC 2020 /home/travis/build/icyphy/ptII/ptolemy/actor/lib/test/auto/LevelCrossTest1.xml
----------------- Instantiating /home/travis/build/icyphy/ptII/ptolemy/actor/lib/test/auto/LevelCrossTest1.xml
1 ms. Memory: 471040K Free: 268408K (57%)
----------------- Invoking toplevel() on ptolemy.moml.MoMLSimpleApplication@352e8aea
----------------- Done invoking toplevel() on ptolemy.moml.MoMLSimpleApplication@352e8aea
reloadAllAccessors: .broken

===========================================================================================
----------------- testing Thu Jun 04 14:36:35 UTC 2020 /home/travis/build/icyphy/ptII/ptolemy/actor/lib/test/auto/LevelCrossTest10.xml
----------------- Instantiating /home/travis/build/icyphy/ptII/ptolemy/actor/lib/test/auto/LevelCrossTest10.xml
1 ms. Memory: 471040K Free: 260726K (55%)
----------------- Invoking toplevel() on ptolemy.moml.MoMLSimpleApplication@72f6013c
----------------- Done invoking toplevel() on ptolemy.moml.MoMLSimpleApplication@72f6013c
reloadAllAccessors: .LevelCrossTest10

===========================================================================================
----------------- testing Thu Jun 04 14:36:35 UTC 2020 /home/travis/build/icyphy/ptII/ptolemy/actor/lib/test/auto/LevelCrossTest11.xml
----------------- Instantiating /home/travis/build/icyphy/ptII/ptolemy/actor/lib/test/auto/LevelCrossTest11.xml
1 ms. Memory: 471040K Free: 254072K (54%)
----------------- Invoking toplevel() on ptolemy.moml.MoMLSimpleApplication@6fa53098
----------------- Done invoking toplevel() on ptolemy.moml.MoMLSimpleApplication@6fa53098
reloadAllAccessors: .LevelCrossTest11

===========================================================================================
----------------- testing Thu Jun 04 14:36:35 UTC 2020 /home/travis/build/icyphy/ptII/ptolemy/actor/lib/test/auto/LevelCrossTest12.xml
----------------- Instantiating /home/travis/build/icyphy/ptII/ptolemy/actor/lib/test/auto/LevelCrossTest12.xml
2 ms. Memory: 471040K Free: 247928K (53%)
----------------- Invoking toplevel() on ptolemy.moml.MoMLSimpleApplication@72b69ffc
----------------- Done invoking toplevel() on ptolemy.moml.MoMLSimpleApplication@72b69ffc
reloadAllAccessors: .LevelCrossTest12

===========================================================================================
----------------- testing Thu Jun 04 14:36:35 UTC 2020 /home/travis/build/icyphy/ptII/ptolemy/actor/lib/test/auto/LevelCrossTest13.xml
----------------- Instantiating /home/travis/build/icyphy/ptII/ptolemy/actor/lib/test/auto/LevelCrossTest13.xml
15 ms. Memory: 471040K Free: 239736K (51%)
----------------- Invoking toplevel() on ptolemy.moml.MoMLSimpleApplication@238c4f86
----------------- Done invoking toplevel() on ptolemy.moml.MoMLSimpleApplication@238c4f86
reloadAllAccessors: .LevelCrossTest13

===========================================================================================
----------------- testing Thu Jun 04 14:36:35 UTC 2020 /home/travis/build/icyphy/ptII/ptolemy/actor/lib/test/auto/LevelCrossTest2.xml
----------------- Instantiating /home/travis/build/icyphy/ptII/ptolemy/actor/lib/test/auto/LevelCrossTest2.xml
1 ms. Memory: 471040K Free: 234102K (50%)
----------------- Invoking toplevel() on ptolemy.moml.MoMLSimpleApplication@374aae38
----------------- Done invoking toplevel() on ptolemy.moml.MoMLSimpleApplication@374aae38
reloadAllAccessors: .broken

===========================================================================================
----------------- testing Thu Jun 04 14:36:35 UTC 2020 /home/travis/build/icyphy/ptII/ptolemy/actor/lib/test/auto/LevelCrossTest3.xml
----------------- Instantiating /home/travis/build/icyphy/ptII/ptolemy/actor/lib/test/auto/LevelCrossTest3.xml
1 ms. Memory: 471040K Free: 228472K (49%)
----------------- Invoking toplevel() on ptolemy.moml.MoMLSimpleApplication@7dee95aa
----------------- Done invoking toplevel() on ptolemy.moml.MoMLSimpleApplication@7dee95aa
reloadAllAccessors: .LevelCrossTest3

===========================================================================================
----------------- testing Thu Jun 04 14:36:35 UTC 2020 /home/travis/build/icyphy/ptII/ptolemy/actor/lib/test/auto/LevelCrossTest4.xml
----------------- Instantiating /home/travis/build/icyphy/ptII/ptolemy/actor/lib/test/auto/LevelCrossTest4.xml
1 ms. Memory: 471040K Free: 222838K (47%)
----------------- Invoking toplevel() on ptolemy.moml.MoMLSimpleApplication@29e1593b
----------------- Done invoking toplevel() on ptolemy.moml.MoMLSimpleApplication@29e1593b
reloadAllAccessors: .broken

===========================================================================================
----------------- testing Thu Jun 04 14:36:35 UTC 2020 /home/travis/build/icyphy/ptII/ptolemy/actor/lib/test/auto/LevelCrossTest5.xml
----------------- Instantiating /home/travis/build/icyphy/ptII/ptolemy/actor/lib/test/auto/LevelCrossTest5.xml
2 ms. Memory: 471040K Free: 216184K (46%)
----------------- Invoking toplevel() on ptolemy.moml.MoMLSimpleApplication@f84c9a6
----------------- Done invoking toplevel() on ptolemy.moml.MoMLSimpleApplication@f84c9a6
reloadAllAccessors: .LevelCrossTest5

===========================================================================================
----------------- testing Thu Jun 04 14:36:35 UTC 2020 /home/travis/build/icyphy/ptII/ptolemy/actor/lib/test/auto/LevelCrossTest6.xml
----------------- Instantiating /home/travis/build/icyphy/ptII/ptolemy/actor/lib/test/auto/LevelCrossTest6.xml
4 ms. Memory: 471040K Free: 209526K (44%)
----------------- Invoking toplevel() on ptolemy.moml.MoMLSimpleApplication@784155
----------------- Done invoking toplevel() on ptolemy.moml.MoMLSimpleApplication@784155
reloadAllAccessors: .LevelCrossTest6

===========================================================================================
----------------- testing Thu Jun 04 14:36:35 UTC 2020 /home/travis/build/icyphy/ptII/ptolemy/actor/lib/test/auto/LevelCrossTest7.xml
----------------- Instantiating /home/travis/build/icyphy/ptII/ptolemy/actor/lib/test/auto/LevelCrossTest7.xml
1 ms. Memory: 471040K Free: 201848K (43%)
----------------- Invoking toplevel() on ptolemy.moml.MoMLSimpleApplication@3c1381cd
----------------- Done invoking toplevel() on ptolemy.moml.MoMLSimpleApplication@3c1381cd
reloadAllAccessors: .LevelCrossTest7

===========================================================================================
----------------- testing Thu Jun 04 14:36:35 UTC 2020 /home/travis/build/icyphy/ptII/ptolemy/actor/lib/test/auto/LevelCrossTest8.xml
----------------- Instantiating /home/travis/build/icyphy/ptII/ptolemy/actor/lib/test/auto/LevelCrossTest8.xml
1 ms. Memory: 471040K Free: 194680K (41%)
----------------- Invoking toplevel() on ptolemy.moml.MoMLSimpleApplication@5be8a6b6
----------------- Done invoking toplevel() on ptolemy.moml.MoMLSimpleApplication@5be8a6b6
reloadAllAccessors: .LevelCrossTest8

===========================================================================================
----------------- testing Thu Jun 04 14:36:35 UTC 2020 /home/travis/build/icyphy/ptII/ptolemy/actor/lib/test/auto/LevelCrossTest9.xml
----------------- Instantiating /home/travis/build/icyphy/ptII/ptolemy/actor/lib/test/auto/LevelCrossTest9.xml
2 ms. Memory: 471040K Free: 188536K (40%)
----------------- Invoking toplevel() on ptolemy.moml.MoMLSimpleApplication@60ac7ff9
----------------- Done invoking toplevel() on ptolemy.moml.MoMLSimpleApplication@60ac7ff9
reloadAllAccessors: .LevelCrossTest9

===========================================================================================
----------------- testing Thu Jun 04 14:36:35 UTC 2020 /home/travis/build/icyphy/ptII/ptolemy/actor/lib/test/auto/LevinsonDurbin.xml
----------------- Instantiating /home/travis/build/icyphy/ptII/ptolemy/actor/lib/test/auto/LevinsonDurbin.xml
1 ms. Memory: 471040K Free: 184440K (39%)
----------------- Invoking toplevel() on ptolemy.moml.MoMLSimpleApplication@469b914d
----------------- Done invoking toplevel() on ptolemy.moml.MoMLSimpleApplication@469b914d
reloadAllAccessors: .LevinsonDurbin

===========================================================================================
----------------- testing Thu Jun 04 14:36:36 UTC 2020 /home/travis/build/icyphy/ptII/ptolemy/actor/lib/test/auto/LevinsonDurbin2.xml
----------------- Instantiating /home/travis/build/icyphy/ptII/ptolemy/actor/lib/test/auto/LevinsonDurbin2.xml
1 ms. Memory: 471040K Free: 180344K (38%)
----------------- Invoking toplevel() on ptolemy.moml.MoMLSimpleApplication@54abe5b3
----------------- Done invoking toplevel() on ptolemy.moml.MoMLSimpleApplication@54abe5b3
reloadAllAccessors: .LevinsonDurbin2

===========================================================================================
----------------- testing Thu Jun 04 14:36:36 UTC 2020 /home/travis/build/icyphy/ptII/ptolemy/actor/lib/test/auto/LevinsonDurbin3.xml
----------------- Instantiating /home/travis/build/icyphy/ptII/ptolemy/actor/lib/test/auto/LevinsonDurbin3.xml
2 ms. Memory: 471040K Free: 176248K (37%)
----------------- Invoking toplevel() on ptolemy.moml.MoMLSimpleApplication@2bbc091d
----------------- Done invoking toplevel() on ptolemy.moml.MoMLSimpleApplication@2bbc091d
reloadAllAccessors: .LevinsonDurbin3

===========================================================================================
----------------- testing Thu Jun 04 14:36:36 UTC 2020 /home/travis/build/icyphy/ptII/ptolemy/actor/lib/test/auto/Limiter.xml
----------------- Instantiating /home/travis/build/icyphy/ptII/ptolemy/actor/lib/test/auto/Limiter.xml
10 ms. Memory: 471040K Free: 167528K (36%)
----------------- Invoking toplevel() on ptolemy.moml.MoMLSimpleApplication@1ef86b72
----------------- Done invoking toplevel() on ptolemy.moml.MoMLSimpleApplication@1ef86b72
reloadAllAccessors: .Limiter

===========================================================================================
----------------- testing Thu Jun 04 14:36:36 UTC 2020 /home/travis/build/icyphy/ptII/ptolemy/actor/lib/test/auto/LinearDifferenceEquationSystem.xml
----------------- Instantiating /home/travis/build/icyphy/ptII/ptolemy/actor/lib/test/auto/LinearDifferenceEquationSystem.xml
4 ms. Memory: 471040K Free: 160374K (34%)
----------------- Invoking toplevel() on ptolemy.moml.MoMLSimpleApplication@61b6f615
----------------- Done invoking toplevel() on ptolemy.moml.MoMLSimpleApplication@61b6f615
reloadAllAccessors: .LinearDifferenceEquationSystem

===========================================================================================
----------------- testing Thu Jun 04 14:36:36 UTC 2020 /home/travis/build/icyphy/ptII/ptolemy/actor/lib/test/auto/LookupTable.xml
----------------- Instantiating /home/travis/build/icyphy/ptII/ptolemy/actor/lib/test/auto/LookupTable.xml
3 ms. Memory: 471040K Free: 155768K (33%)
----------------- Invoking toplevel() on ptolemy.moml.MoMLSimpleApplication@183bc66f
----------------- Done invoking toplevel() on ptolemy.moml.MoMLSimpleApplication@183bc66f
reloadAllAccessors: .LookupTable

===========================================================================================
----------------- testing Thu Jun 04 14:36:36 UTC 2020 /home/travis/build/icyphy/ptII/ptolemy/actor/lib/test/auto/MathFunction.xml
----------------- Instantiating /home/travis/build/icyphy/ptII/ptolemy/actor/lib/test/auto/MathFunction.xml
2 ms. Memory: 471040K Free: 148086K (31%)
----------------- Invoking toplevel() on ptolemy.moml.MoMLSimpleApplication@719b13bb
----------------- Done invoking toplevel() on ptolemy.moml.MoMLSimpleApplication@719b13bb
reloadAllAccessors: .MathFunction

===========================================================================================
----------------- testing Thu Jun 04 14:36:36 UTC 2020 /home/travis/build/icyphy/ptII/ptolemy/actor/lib/test/auto/MathFunction2.xml
----------------- Instantiating /home/travis/build/icyphy/ptII/ptolemy/actor/lib/test/auto/MathFunction2.xml
2 ms. Memory: 471040K Free: 143990K (31%)
----------------- Invoking toplevel() on ptolemy.moml.MoMLSimpleApplication@77cf52cb
----------------- Done invoking toplevel() on ptolemy.moml.MoMLSimpleApplication@77cf52cb
reloadAllAccessors: .MathFunction2

===========================================================================================
----------------- testing Thu Jun 04 14:36:36 UTC 2020 /home/travis/build/icyphy/ptII/ptolemy/actor/lib/test/auto/MathFunction3.xml
----------------- Instantiating /home/travis/build/icyphy/ptII/ptolemy/actor/lib/test/auto/MathFunction3.xml
2 ms. Memory: 471040K Free: 413950K (88%)
----------------- Invoking toplevel() on ptolemy.moml.MoMLSimpleApplication@5b67d456
----------------- Done invoking toplevel() on ptolemy.moml.MoMLSimpleApplication@5b67d456
reloadAllAccessors: .MathFunction3

===========================================================================================
----------------- testing Thu Jun 04 14:36:36 UTC 2020 /home/travis/build/icyphy/ptII/ptolemy/actor/lib/test/auto/MatrixCropBoolean.xml
----------------- Instantiating /home/travis/build/icyphy/ptII/ptolemy/actor/lib/test/auto/MatrixCropBoolean.xml
2 ms. Memory: 471040K Free: 408824K (87%)
----------------- Invoking toplevel() on ptolemy.moml.MoMLSimpleApplication@b9aa57
----------------- Done invoking toplevel() on ptolemy.moml.MoMLSimpleApplication@b9aa57
reloadAllAccessors: .MatrixCropBoolean

===========================================================================================
----------------- testing Thu Jun 04 14:36:36 UTC 2020 /home/travis/build/icyphy/ptII/ptolemy/actor/lib/test/auto/MatrixCropComplex.xml
----------------- Instantiating /home/travis/build/icyphy/ptII/ptolemy/actor/lib/test/auto/MatrixCropComplex.xml
2 ms. Memory: 471040K Free: 403704K (86%)
----------------- Invoking toplevel() on ptolemy.moml.MoMLSimpleApplication@57ab78e5
----------------- Done invoking toplevel() on ptolemy.moml.MoMLSimpleApplication@57ab78e5
reloadAllAccessors: .MatrixCropComplex

===========================================================================================
----------------- testing Thu Jun 04 14:36:36 UTC 2020 /home/travis/build/icyphy/ptII/ptolemy/actor/lib/test/auto/MatrixCropDouble.xml
----------------- Instantiating /home/travis/build/icyphy/ptII/ptolemy/actor/lib/test/auto/MatrixCropDouble.xml
2 ms. Memory: 471040K Free: 398560K (85%)
----------------- Invoking toplevel() on ptolemy.moml.MoMLSimpleApplication@6de3bbc2
----------------- Done invoking toplevel() on ptolemy.moml.MoMLSimpleApplication@6de3bbc2
reloadAllAccessors: .MatrixCropDouble

===========================================================================================
----------------- testing Thu Jun 04 14:36:36 UTC 2020 /home/travis/build/icyphy/ptII/ptolemy/actor/lib/test/auto/MatrixCropFix.xml
----------------- Instantiating /home/travis/build/icyphy/ptII/ptolemy/actor/lib/test/auto/MatrixCropFix.xml
2 ms. Memory: 471040K Free: 393464K (84%)
----------------- Invoking toplevel() on ptolemy.moml.MoMLSimpleApplication@1150c90a
----------------- Done invoking toplevel() on ptolemy.moml.MoMLSimpleApplication@1150c90a
reloadAllAccessors: .MatrixCropFix

===========================================================================================
----------------- testing Thu Jun 04 14:36:36 UTC 2020 /home/travis/build/icyphy/ptII/ptolemy/actor/lib/test/auto/MatrixCropInt.xml
----------------- Instantiating /home/travis/build/icyphy/ptII/ptolemy/actor/lib/test/auto/MatrixCropInt.xml
2 ms. Memory: 471040K Free: 388864K (83%)
----------------- Invoking toplevel() on ptolemy.moml.MoMLSimpleApplication@258d7fdf
----------------- Done invoking toplevel() on ptolemy.moml.MoMLSimpleApplication@258d7fdf
reloadAllAccessors: .MatrixCropInt

===========================================================================================
----------------- testing Thu Jun 04 14:36:36 UTC 2020 /home/travis/build/icyphy/ptII/ptolemy/actor/lib/test/auto/MatrixCropLong.xml
----------------- Instantiating /home/travis/build/icyphy/ptII/ptolemy/actor/lib/test/auto/MatrixCropLong.xml
3 ms. Memory: 471040K Free: 383744K (81%)
----------------- Invoking toplevel() on ptolemy.moml.MoMLSimpleApplication@bf50b8e
----------------- Done invoking toplevel() on ptolemy.moml.MoMLSimpleApplication@bf50b8e
reloadAllAccessors: .MatrixCropLong

===========================================================================================
----------------- testing Thu Jun 04 14:36:36 UTC 2020 /home/travis/build/icyphy/ptII/ptolemy/actor/lib/test/auto/MatrixToArray.xml
----------------- Instantiating /home/travis/build/icyphy/ptII/ptolemy/actor/lib/test/auto/MatrixToArray.xml
10 ms. Memory: 471040K Free: 368384K (78%)
----------------- Invoking toplevel() on ptolemy.moml.MoMLSimpleApplication@248a2dad
----------------- Done invoking toplevel() on ptolemy.moml.MoMLSimpleApplication@248a2dad
reloadAllAccessors: .MatrixToArray

===========================================================================================
----------------- testing Thu Jun 04 14:36:36 UTC 2020 /home/travis/build/icyphy/ptII/ptolemy/actor/lib/test/auto/MaxIndex.xml
----------------- Instantiating /home/travis/build/icyphy/ptII/ptolemy/actor/lib/test/auto/MaxIndex.xml
2 ms. Memory: 471040K Free: 363774K (77%)
----------------- Invoking toplevel() on ptolemy.moml.MoMLSimpleApplication@60d8fefa
----------------- Done invoking toplevel() on ptolemy.moml.MoMLSimpleApplication@60d8fefa
reloadAllAccessors: .MaxIndex

===========================================================================================
----------------- testing Thu Jun 04 14:36:36 UTC 2020 /home/travis/build/icyphy/ptII/ptolemy/actor/lib/test/auto/Maximum.xml
----------------- Instantiating /home/travis/build/icyphy/ptII/ptolemy/actor/lib/test/auto/Maximum.xml
5 ms. Memory: 471040K Free: 357120K (76%)
----------------- Invoking toplevel() on ptolemy.moml.MoMLSimpleApplication@7ce0d7e8
----------------- Done invoking toplevel() on ptolemy.moml.MoMLSimpleApplication@7ce0d7e8
reloadAllAccessors: .Maximum

===========================================================================================
----------------- testing Thu Jun 04 14:36:36 UTC 2020 /home/travis/build/icyphy/ptII/ptolemy/actor/lib/test/auto/MaximumComplex.xml
----------------- Instantiating /home/travis/build/icyphy/ptII/ptolemy/actor/lib/test/auto/MaximumComplex.xml
5 ms. Memory: 471040K Free: 350976K (75%)
----------------- Invoking toplevel() on ptolemy.moml.MoMLSimpleApplication@b9fcf6
----------------- Done invoking toplevel() on ptolemy.moml.MoMLSimpleApplication@b9fcf6
reloadAllAccessors: .MaximumComplex

===========================================================================================
----------------- testing Thu Jun 04 14:36:36 UTC 2020 /home/travis/build/icyphy/ptII/ptolemy/actor/lib/test/auto/MethodCallTest.xml
----------------- Instantiating /home/travis/build/icyphy/ptII/ptolemy/actor/lib/test/auto/MethodCallTest.xml
2 ms. Memory: 471040K Free: 344318K (73%)
----------------- Invoking toplevel() on ptolemy.moml.MoMLSimpleApplication@492b07b0
----------------- Done invoking toplevel() on ptolemy.moml.MoMLSimpleApplication@492b07b0
reloadAllAccessors: .MethodCallTest

===========================================================================================
----------------- testing Thu Jun 04 14:36:36 UTC 2020 /home/travis/build/icyphy/ptII/ptolemy/actor/lib/test/auto/Minimum.xml
----------------- Instantiating /home/travis/build/icyphy/ptII/ptolemy/actor/lib/test/auto/Minimum.xml
3 ms. Memory: 471040K Free: 338160K (72%)
----------------- Invoking toplevel() on ptolemy.moml.MoMLSimpleApplication@39b81720
----------------- Done invoking toplevel() on ptolemy.moml.MoMLSimpleApplication@39b81720
reloadAllAccessors: .Minimum

===========================================================================================
----------------- testing Thu Jun 04 14:36:36 UTC 2020 /home/travis/build/icyphy/ptII/ptolemy/actor/lib/test/auto/MinimumComplex.xml
----------------- Instantiating /home/travis/build/icyphy/ptII/ptolemy/actor/lib/test/auto/MinimumComplex.xml
3 ms. Memory: 471040K Free: 332544K (71%)
----------------- Invoking toplevel() on ptolemy.moml.MoMLSimpleApplication@34daa285
----------------- Done invoking toplevel() on ptolemy.moml.MoMLSimpleApplication@34daa285
reloadAllAccessors: .MinimumComplex

===========================================================================================
----------------- testing Thu Jun 04 14:36:36 UTC 2020 /home/travis/build/icyphy/ptII/ptolemy/actor/lib/test/auto/MinimumMultiports.xml
----------------- Instantiating /home/travis/build/icyphy/ptII/ptolemy/actor/lib/test/auto/MinimumMultiports.xml
3 ms. Memory: 471040K Free: 323808K (69%)
----------------- Invoking toplevel() on ptolemy.moml.MoMLSimpleApplication@21535560
----------------- Done invoking toplevel() on ptolemy.moml.MoMLSimpleApplication@21535560
reloadAllAccessors: .MinimumMultiports

===========================================================================================
----------------- testing Thu Jun 04 14:36:36 UTC 2020 /home/travis/build/icyphy/ptII/ptolemy/actor/lib/test/auto/ModifyDate.xml
----------------- Instantiating /home/travis/build/icyphy/ptII/ptolemy/actor/lib/test/auto/ModifyDate.xml
10 ms. Memory: 471040K Free: 310526K (66%)
----------------- Invoking toplevel() on ptolemy.moml.MoMLSimpleApplication@722c05c7
----------------- Done invoking toplevel() on ptolemy.moml.MoMLSimpleApplication@722c05c7
reloadAllAccessors: .ModifyDate

===========================================================================================
----------------- testing Thu Jun 04 14:36:36 UTC 2020 /home/travis/build/icyphy/ptII/ptolemy/actor/lib/test/auto/ModifyDate2.xml
----------------- Instantiating /home/travis/build/icyphy/ptII/ptolemy/actor/lib/test/auto/ModifyDate2.xml
3 ms. Memory: 471040K Free: 301824K (64%)
----------------- Invoking toplevel() on ptolemy.moml.MoMLSimpleApplication@565e3b45
----------------- Done invoking toplevel() on ptolemy.moml.MoMLSimpleApplication@565e3b45
reloadAllAccessors: .ModifyDate2

===========================================================================================
----------------- testing Thu Jun 04 14:36:36 UTC 2020 /home/travis/build/icyphy/ptII/ptolemy/actor/lib/test/auto/MovingAverage.xml
----------------- Instantiating /home/travis/build/icyphy/ptII/ptolemy/actor/lib/test/auto/MovingAverage.xml
10 ms. Memory: 471040K Free: 297214K (63%)
----------------- Invoking toplevel() on ptolemy.moml.MoMLSimpleApplication@7dac39b9
----------------- Done invoking toplevel() on ptolemy.moml.MoMLSimpleApplication@7dac39b9
reloadAllAccessors: .MovingAverage

===========================================================================================
----------------- testing Thu Jun 04 14:36:36 UTC 2020 /home/travis/build/icyphy/ptII/ptolemy/actor/lib/test/auto/MovingMaximum.xml
----------------- Instantiating /home/travis/build/icyphy/ptII/ptolemy/actor/lib/test/auto/MovingMaximum.xml
2 ms. Memory: 471040K Free: 292608K (62%)
----------------- Invoking toplevel() on ptolemy.moml.MoMLSimpleApplication@36205e9d
----------------- Done invoking toplevel() on ptolemy.moml.MoMLSimpleApplication@36205e9d
reloadAllAccessors: .MovingMaximum

===========================================================================================
----------------- testing Thu Jun 04 14:36:36 UTC 2020 /home/travis/build/icyphy/ptII/ptolemy/actor/lib/test/auto/MultipleLinksToSameRelation.xml
----------------- Instantiating /home/travis/build/icyphy/ptII/ptolemy/actor/lib/test/auto/MultipleLinksToSameRelation.xml
2 ms. Memory: 471040K Free: 288512K (61%)
----------------- Invoking toplevel() on ptolemy.moml.MoMLSimpleApplication@4a55eb71
----------------- Done invoking toplevel() on ptolemy.moml.MoMLSimpleApplication@4a55eb71
reloadAllAccessors: .MultipleLinksToSameRelation

===========================================================================================
----------------- testing Thu Jun 04 14:36:36 UTC 2020 /home/travis/build/icyphy/ptII/ptolemy/actor/lib/test/auto/MultipleLinksToSameRelationDE.xml
----------------- Instantiating /home/travis/build/icyphy/ptII/ptolemy/actor/lib/test/auto/MultipleLinksToSameRelationDE.xml
2 ms. Memory: 471040K Free: 283888K (60%)
----------------- Invoking toplevel() on ptolemy.moml.MoMLSimpleApplication@16cb0d8b
----------------- Done invoking toplevel() on ptolemy.moml.MoMLSimpleApplication@16cb0d8b
reloadAllAccessors: .MultipleLinksToSameRelationDE

===========================================================================================
----------------- testing Thu Jun 04 14:36:36 UTC 2020 /home/travis/build/icyphy/ptII/ptolemy/actor/lib/test/auto/Multiplexor.xml
----------------- Instantiating /home/travis/build/icyphy/ptII/ptolemy/actor/lib/test/auto/Multiplexor.xml
1 ms. Memory: 471040K Free: 278272K (59%)
----------------- Invoking toplevel() on ptolemy.moml.MoMLSimpleApplication@421b432
----------------- Done invoking toplevel() on ptolemy.moml.MoMLSimpleApplication@421b432
reloadAllAccessors: .Multiplexor

===========================================================================================
----------------- testing Thu Jun 04 14:36:36 UTC 2020 /home/travis/build/icyphy/ptII/ptolemy/actor/lib/test/auto/Multiplexor1.xml
----------------- Instantiating /home/travis/build/icyphy/ptII/ptolemy/actor/lib/test/auto/Multiplexor1.xml
2 ms. Memory: 471040K Free: 273152K (58%)
----------------- Invoking toplevel() on ptolemy.moml.MoMLSimpleApplication@59bb8909
----------------- Done invoking toplevel() on ptolemy.moml.MoMLSimpleApplication@59bb8909
reloadAllAccessors: .Multiplexor1

===========================================================================================
----------------- testing Thu Jun 04 14:36:36 UTC 2020 /home/travis/build/icyphy/ptII/ptolemy/actor/lib/test/auto/Multiplexor2.xml
----------------- Instantiating /home/travis/build/icyphy/ptII/ptolemy/actor/lib/test/auto/Multiplexor2.xml
3 ms. Memory: 471040K Free: 266494K (57%)
----------------- Invoking toplevel() on ptolemy.moml.MoMLSimpleApplication@4fb91ef7
----------------- Done invoking toplevel() on ptolemy.moml.MoMLSimpleApplication@4fb91ef7
reloadAllAccessors: .Multiplexor2

===========================================================================================
----------------- testing Thu Jun 04 14:36:36 UTC 2020 /home/travis/build/icyphy/ptII/ptolemy/actor/lib/test/auto/Multiplexor3.xml
----------------- Instantiating /home/travis/build/icyphy/ptII/ptolemy/actor/lib/test/auto/Multiplexor3.xml
1 ms. Memory: 471040K Free: 262398K (56%)
----------------- Invoking toplevel() on ptolemy.moml.MoMLSimpleApplication@ccdb902
----------------- Done invoking toplevel() on ptolemy.moml.MoMLSimpleApplication@ccdb902
reloadAllAccessors: .Multiplexor3

===========================================================================================
----------------- testing Thu Jun 04 14:36:36 UTC 2020 /home/travis/build/icyphy/ptII/ptolemy/actor/lib/test/auto/MultiplexorDE.xml
----------------- Instantiating /home/travis/build/icyphy/ptII/ptolemy/actor/lib/test/auto/MultiplexorDE.xml
2 ms. Memory: 471040K Free: 254192K (54%)
----------------- Invoking toplevel() on ptolemy.moml.MoMLSimpleApplication@1637ef95
----------------- Done invoking toplevel() on ptolemy.moml.MoMLSimpleApplication@1637ef95
reloadAllAccessors: .MultiplexorDE

===========================================================================================
----------------- testing Thu Jun 04 14:36:36 UTC 2020 /home/travis/build/icyphy/ptII/ptolemy/actor/lib/test/auto/MultiportBroadcastTest.xml
----------------- Instantiating /home/travis/build/icyphy/ptII/ptolemy/actor/lib/test/auto/MultiportBroadcastTest.xml
81 ms. Memory: 471040K Free: 248056K (53%)
----------------- Invoking toplevel() on ptolemy.moml.MoMLSimpleApplication@595af397
----------------- Done invoking toplevel() on ptolemy.moml.MoMLSimpleApplication@595af397
reloadAllAccessors: .MultiportBroadcastTest

===========================================================================================
----------------- testing Thu Jun 04 14:36:36 UTC 2020 /home/travis/build/icyphy/ptII/ptolemy/actor/lib/test/auto/MultiportOutHangDuringGetWidth.xml
----------------- Instantiating /home/travis/build/icyphy/ptII/ptolemy/actor/lib/test/auto/MultiportOutHangDuringGetWidth.xml
5 ms. Memory: 471040K Free: 236288K (50%)
----------------- Invoking toplevel() on ptolemy.moml.MoMLSimpleApplication@4fb623d6
----------------- Done invoking toplevel() on ptolemy.moml.MoMLSimpleApplication@4fb623d6
reloadAllAccessors: .MultiportOutHangDuringGetWidth

===========================================================================================
----------------- testing Thu Jun 04 14:36:36 UTC 2020 /home/travis/build/icyphy/ptII/ptolemy/actor/lib/test/auto/NilToken.xml
----------------- Instantiating /home/travis/build/icyphy/ptII/ptolemy/actor/lib/test/auto/NilToken.xml
1 ms. Memory: 471040K Free: 232192K (49%)
----------------- Invoking toplevel() on ptolemy.moml.MoMLSimpleApplication@2f5b4f34
----------------- Done invoking toplevel() on ptolemy.moml.MoMLSimpleApplication@2f5b4f34
reloadAllAccessors: .NilToken

===========================================================================================
----------------- testing Thu Jun 04 14:36:36 UTC 2020 /home/travis/build/icyphy/ptII/ptolemy/actor/lib/test/auto/NilTokenNonStrictTest.xml
----------------- Instantiating /home/travis/build/icyphy/ptII/ptolemy/actor/lib/test/auto/NilTokenNonStrictTest.xml
2 ms. Memory: 471040K Free: 227582K (48%)
----------------- Invoking toplevel() on ptolemy.moml.MoMLSimpleApplication@473ea479
----------------- Done invoking toplevel() on ptolemy.moml.MoMLSimpleApplication@473ea479
reloadAllAccessors: .NilTokenNonStrictTest

===========================================================================================
----------------- testing Thu Jun 04 14:36:36 UTC 2020 /home/travis/build/icyphy/ptII/ptolemy/actor/lib/test/auto/NilTokenRecord.xml
----------------- Instantiating /home/travis/build/icyphy/ptII/ptolemy/actor/lib/test/auto/NilTokenRecord.xml
5 ms. Memory: 471040K Free: 220414K (47%)
----------------- Invoking toplevel() on ptolemy.moml.MoMLSimpleApplication@24c3fa45
----------------- Done invoking toplevel() on ptolemy.moml.MoMLSimpleApplication@24c3fa45
reloadAllAccessors: .NilTokenRecord

===========================================================================================
----------------- testing Thu Jun 04 14:36:36 UTC 2020 /home/travis/build/icyphy/ptII/ptolemy/actor/lib/test/auto/NilTokenTypeTest.xml
----------------- Instantiating /home/travis/build/icyphy/ptII/ptolemy/actor/lib/test/auto/NilTokenTypeTest.xml
11 ms. Memory: 471040K Free: 210688K (45%)
----------------- Invoking toplevel() on ptolemy.moml.MoMLSimpleApplication@10a2f541
----------------- Done invoking toplevel() on ptolemy.moml.MoMLSimpleApplication@10a2f541
reloadAllAccessors: .NilTokenTypeTest

===========================================================================================
----------------- testing Thu Jun 04 14:36:36 UTC 2020 /home/travis/build/icyphy/ptII/ptolemy/actor/lib/test/auto/ObjectToken1.xml
----------------- Instantiating /home/travis/build/icyphy/ptII/ptolemy/actor/lib/test/auto/ObjectToken1.xml
3 ms. Memory: 471040K Free: 207102K (44%)
----------------- Invoking toplevel() on ptolemy.moml.MoMLSimpleApplication@7767af7e
----------------- Done invoking toplevel() on ptolemy.moml.MoMLSimpleApplication@7767af7e
reloadAllAccessors: .ObjectToken1

===========================================================================================
----------------- testing Thu Jun 04 14:36:36 UTC 2020 /home/travis/build/icyphy/ptII/ptolemy/actor/lib/test/auto/OrderedMerge.xml
----------------- Instantiating /home/travis/build/icyphy/ptII/ptolemy/actor/lib/test/auto/OrderedMerge.xml
7 ms. Memory: 471040K Free: 201472K (43%)
----------------- Invoking toplevel() on ptolemy.moml.MoMLSimpleApplication@6925293f
----------------- Done invoking toplevel() on ptolemy.moml.MoMLSimpleApplication@6925293f
reloadAllAccessors: .OrderedMerge

===========================================================================================
----------------- testing Thu Jun 04 14:36:36 UTC 2020 /home/travis/build/icyphy/ptII/ptolemy/actor/lib/test/auto/OrderedRecordDisassembler.xml
----------------- Instantiating /home/travis/build/icyphy/ptII/ptolemy/actor/lib/test/auto/OrderedRecordDisassembler.xml
2 ms. Memory: 471040K Free: 196352K (42%)
----------------- Invoking toplevel() on ptolemy.moml.MoMLSimpleApplication@cdb881c
----------------- Done invoking toplevel() on ptolemy.moml.MoMLSimpleApplication@cdb881c
reloadAllAccessors: .OrderedRecordDisassembler

===========================================================================================
----------------- testing Thu Jun 04 14:36:36 UTC 2020 /home/travis/build/icyphy/ptII/ptolemy/actor/lib/test/auto/OrderedRecordDisassembler2.xml
----------------- Instantiating /home/travis/build/icyphy/ptII/ptolemy/actor/lib/test/auto/OrderedRecordDisassembler2.xml
5 ms. Memory: 471040K Free: 188664K (40%)
----------------- Invoking toplevel() on ptolemy.moml.MoMLSimpleApplication@15ae10bb
----------------- Done invoking toplevel() on ptolemy.moml.MoMLSimpleApplication@15ae10bb
reloadAllAccessors: .OrderedRecordDisassembler2

===========================================================================================
----------------- testing Thu Jun 04 14:36:36 UTC 2020 /home/travis/build/icyphy/ptII/ptolemy/actor/lib/test/auto/OrderedRecordUpdater.xml
----------------- Instantiating /home/travis/build/icyphy/ptII/ptolemy/actor/lib/test/auto/OrderedRecordUpdater.xml
2 ms. Memory: 471040K Free: 183550K (39%)
----------------- Invoking toplevel() on ptolemy.moml.MoMLSimpleApplication@5686dbf6
----------------- Done invoking toplevel() on ptolemy.moml.MoMLSimpleApplication@5686dbf6
reloadAllAccessors: .RecordUpdater

===========================================================================================
----------------- testing Thu Jun 04 14:36:36 UTC 2020 /home/travis/build/icyphy/ptII/ptolemy/actor/lib/test/auto/OrderedRecordUpdater2.xml
----------------- Instantiating /home/travis/build/icyphy/ptII/ptolemy/actor/lib/test/auto/OrderedRecordUpdater2.xml
3 ms. Memory: 471040K Free: 178430K (38%)
----------------- Invoking toplevel() on ptolemy.moml.MoMLSimpleApplication@16973268
----------------- Done invoking toplevel() on ptolemy.moml.MoMLSimpleApplication@16973268
reloadAllAccessors: .RecordUpdater2

===========================================================================================
----------------- testing Thu Jun 04 14:36:37 UTC 2020 /home/travis/build/icyphy/ptII/ptolemy/actor/lib/test/auto/PhaseUnwrap.xml
----------------- Instantiating /home/travis/build/icyphy/ptII/ptolemy/actor/lib/test/auto/PhaseUnwrap.xml
1 ms. Memory: 471040K Free: 174334K (37%)
----------------- Invoking toplevel() on ptolemy.moml.MoMLSimpleApplication@43fc0415
----------------- Done invoking toplevel() on ptolemy.moml.MoMLSimpleApplication@43fc0415
reloadAllAccessors: .PhaseUnwrap

===========================================================================================
----------------- testing Thu Jun 04 14:36:37 UTC 2020 /home/travis/build/icyphy/ptII/ptolemy/actor/lib/test/auto/PoissonClock.xml
----------------- Instantiating /home/travis/build/icyphy/ptII/ptolemy/actor/lib/test/auto/PoissonClock.xml
1 ms. Memory: 471040K Free: 170238K (36%)
----------------- Invoking toplevel() on ptolemy.moml.MoMLSimpleApplication@69cdbe6d
----------------- Done invoking toplevel() on ptolemy.moml.MoMLSimpleApplication@69cdbe6d
reloadAllAccessors: .PoissonClock

===========================================================================================
----------------- testing Thu Jun 04 14:36:37 UTC 2020 /home/travis/build/icyphy/ptII/ptolemy/actor/lib/test/auto/PoissonClock2.xml
----------------- Instantiating /home/travis/build/icyphy/ptII/ptolemy/actor/lib/test/auto/PoissonClock2.xml
2 ms. Memory: 471040K Free: 165632K (35%)
----------------- Invoking toplevel() on ptolemy.moml.MoMLSimpleApplication@2bd8a1ea
----------------- Done invoking toplevel() on ptolemy.moml.MoMLSimpleApplication@2bd8a1ea
reloadAllAccessors: .PoissonClock2

===========================================================================================
----------------- testing Thu Jun 04 14:36:37 UTC 2020 /home/travis/build/icyphy/ptII/ptolemy/actor/lib/test/auto/PoissonClock3.xml
----------------- Instantiating /home/travis/build/icyphy/ptII/ptolemy/actor/lib/test/auto/PoissonClock3.xml
1 ms. Memory: 471040K Free: 161022K (34%)
----------------- Invoking toplevel() on ptolemy.moml.MoMLSimpleApplication@606539d4
----------------- Done invoking toplevel() on ptolemy.moml.MoMLSimpleApplication@606539d4
reloadAllAccessors: .PoissonClock3

===========================================================================================
----------------- testing Thu Jun 04 14:36:37 UTC 2020 /home/travis/build/icyphy/ptII/ptolemy/actor/lib/test/auto/PubSubWithInitialTokens.xml
----------------- Instantiating /home/travis/build/icyphy/ptII/ptolemy/actor/lib/test/auto/PubSubWithInitialTokens.xml
1 ms. Memory: 471040K Free: 155392K (33%)
----------------- Invoking toplevel() on ptolemy.moml.MoMLSimpleApplication@71c60af5
----------------- Done invoking toplevel() on ptolemy.moml.MoMLSimpleApplication@71c60af5
reloadAllAccessors: .PubSubWithInitialTokens

===========================================================================================
----------------- testing Thu Jun 04 14:36:37 UTC 2020 /home/travis/build/icyphy/ptII/ptolemy/actor/lib/test/auto/PubSubWithInitialTokens2.xml
----------------- Instantiating /home/travis/build/icyphy/ptII/ptolemy/actor/lib/test/auto/PubSubWithInitialTokens2.xml
2 ms. Memory: 471040K Free: 149248K (32%)
----------------- Invoking toplevel() on ptolemy.moml.MoMLSimpleApplication@615df95f
----------------- Done invoking toplevel() on ptolemy.moml.MoMLSimpleApplication@615df95f
reloadAllAccessors: .PubSubWithInitialTokens2

===========================================================================================
----------------- testing Thu Jun 04 14:36:37 UTC 2020 /home/travis/build/icyphy/ptII/ptolemy/actor/lib/test/auto/PublisherClassNoParameter.xml
----------------- Instantiating /home/travis/build/icyphy/ptII/ptolemy/actor/lib/test/auto/PublisherClassNoParameter.xml
2 ms. Memory: 471040K Free: 140032K (30%)
----------------- Invoking toplevel() on ptolemy.moml.MoMLSimpleApplication@2d242cde
----------------- Done invoking toplevel() on ptolemy.moml.MoMLSimpleApplication@2d242cde
reloadAllAccessors: .PublisherClassNoParameter

===========================================================================================
----------------- testing Thu Jun 04 14:36:37 UTC 2020 /home/travis/build/icyphy/ptII/ptolemy/actor/lib/test/auto/PublisherClassParameter.xml
----------------- Instantiating /home/travis/build/icyphy/ptII/ptolemy/actor/lib/test/auto/PublisherClassParameter.xml
2 ms. Memory: 471040K Free: 407355K (86%)
----------------- Invoking toplevel() on ptolemy.moml.MoMLSimpleApplication@6559b1e
----------------- Done invoking toplevel() on ptolemy.moml.MoMLSimpleApplication@6559b1e
reloadAllAccessors: .PublisherClassParameter

===========================================================================================
----------------- testing Thu Jun 04 14:36:37 UTC 2020 /home/travis/build/icyphy/ptII/ptolemy/actor/lib/test/auto/PublisherNonStrictTest.xml
----------------- Instantiating /home/travis/build/icyphy/ptII/ptolemy/actor/lib/test/auto/PublisherNonStrictTest.xml
3 ms. Memory: 471040K Free: 399667K (85%)
----------------- Invoking toplevel() on ptolemy.moml.MoMLSimpleApplication@1851ebac
----------------- Done invoking toplevel() on ptolemy.moml.MoMLSimpleApplication@1851ebac
reloadAllAccessors: .PublisherNonStrictTest

===========================================================================================
----------------- testing Thu Jun 04 14:36:37 UTC 2020 /home/travis/build/icyphy/ptII/ptolemy/actor/lib/test/auto/PublisherPort1.xml
----------------- Instantiating /home/travis/build/icyphy/ptII/ptolemy/actor/lib/test/auto/PublisherPort1.xml
2 ms. Memory: 471040K Free: 394043K (84%)
----------------- Invoking toplevel() on ptolemy.moml.MoMLSimpleApplication@4da8d9dc
----------------- Done invoking toplevel() on ptolemy.moml.MoMLSimpleApplication@4da8d9dc
reloadAllAccessors: .PublisherPort1

===========================================================================================
----------------- testing Thu Jun 04 14:36:37 UTC 2020 /home/travis/build/icyphy/ptII/ptolemy/actor/lib/test/auto/PublisherPort2.xml
----------------- Instantiating /home/travis/build/icyphy/ptII/ptolemy/actor/lib/test/auto/PublisherPort2.xml
1 ms. Memory: 471040K Free: 388923K (83%)
----------------- Invoking toplevel() on ptolemy.moml.MoMLSimpleApplication@3ad0974e
----------------- Done invoking toplevel() on ptolemy.moml.MoMLSimpleApplication@3ad0974e
reloadAllAccessors: .PublisherPort2

===========================================================================================
----------------- testing Thu Jun 04 14:36:37 UTC 2020 /home/travis/build/icyphy/ptII/ptolemy/actor/lib/test/auto/PublisherPort3.xml
----------------- Instantiating /home/travis/build/icyphy/ptII/ptolemy/actor/lib/test/auto/PublisherPort3.xml
14 ms. Memory: 471040K Free: 382235K (81%)
----------------- Invoking toplevel() on ptolemy.moml.MoMLSimpleApplication@77533076
----------------- Done invoking toplevel() on ptolemy.moml.MoMLSimpleApplication@77533076
reloadAllAccessors: .PublisherPort3

===========================================================================================
----------------- testing Thu Jun 04 14:36:37 UTC 2020 /home/travis/build/icyphy/ptII/ptolemy/actor/lib/test/auto/PublisherPort4.xml
----------------- Instantiating /home/travis/build/icyphy/ptII/ptolemy/actor/lib/test/auto/PublisherPort4.xml
2 ms. Memory: 471040K Free: 376635K (80%)
----------------- Invoking toplevel() on ptolemy.moml.MoMLSimpleApplication@7795d3cb
----------------- Done invoking toplevel() on ptolemy.moml.MoMLSimpleApplication@7795d3cb
reloadAllAccessors: .PublisherPort4

===========================================================================================
----------------- testing Thu Jun 04 14:36:37 UTC 2020 /home/travis/build/icyphy/ptII/ptolemy/actor/lib/test/auto/PublisherPort5.xml
----------------- Instantiating /home/travis/build/icyphy/ptII/ptolemy/actor/lib/test/auto/PublisherPort5.xml
4 ms. Memory: 471040K Free: 368953K (78%)
----------------- Invoking toplevel() on ptolemy.moml.MoMLSimpleApplication@37b7aa0f
----------------- Done invoking toplevel() on ptolemy.moml.MoMLSimpleApplication@37b7aa0f
reloadAllAccessors: .PublisherPort5

===========================================================================================
----------------- testing Thu Jun 04 14:36:37 UTC 2020 /home/travis/build/icyphy/ptII/ptolemy/actor/lib/test/auto/PublisherPort5LookAlike.xml
----------------- Instantiating /home/travis/build/icyphy/ptII/ptolemy/actor/lib/test/auto/PublisherPort5LookAlike.xml
8 ms. Memory: 471040K Free: 361785K (77%)
----------------- Invoking toplevel() on ptolemy.moml.MoMLSimpleApplication@70b37760
----------------- Done invoking toplevel() on ptolemy.moml.MoMLSimpleApplication@70b37760
reloadAllAccessors: .PublisherPort5LookAlike

===========================================================================================
----------------- testing Thu Jun 04 14:36:37 UTC 2020 /home/travis/build/icyphy/ptII/ptolemy/actor/lib/test/auto/PublisherPort6.xml
----------------- Instantiating /home/travis/build/icyphy/ptII/ptolemy/actor/lib/test/auto/PublisherPort6.xml
2 ms. Memory: 471040K Free: 355131K (75%)
----------------- Invoking toplevel() on ptolemy.moml.MoMLSimpleApplication@cb9474d
----------------- Done invoking toplevel() on ptolemy.moml.MoMLSimpleApplication@cb9474d
reloadAllAccessors: .PublisherPort6

===========================================================================================
----------------- testing Thu Jun 04 14:36:37 UTC 2020 /home/travis/build/icyphy/ptII/ptolemy/actor/lib/test/auto/PublisherPort7.xml
----------------- Instantiating /home/travis/build/icyphy/ptII/ptolemy/actor/lib/test/auto/PublisherPort7.xml
4 ms. Memory: 471040K Free: 347449K (74%)
----------------- Invoking toplevel() on ptolemy.moml.MoMLSimpleApplication@206a1e93
----------------- Done invoking toplevel() on ptolemy.moml.MoMLSimpleApplication@206a1e93
reloadAllAccessors: .PublisherPort7

===========================================================================================
----------------- testing Thu Jun 04 14:36:37 UTC 2020 /home/travis/build/icyphy/ptII/ptolemy/actor/lib/test/auto/PublisherPort8.xml
----------------- Instantiating /home/travis/build/icyphy/ptII/ptolemy/actor/lib/test/auto/PublisherPort8.xml
5 ms. Memory: 471040K Free: 338747K (72%)
----------------- Invoking toplevel() on ptolemy.moml.MoMLSimpleApplication@2f051717
----------------- Done invoking toplevel() on ptolemy.moml.MoMLSimpleApplication@2f051717
reloadAllAccessors: .PublisherPort8

===========================================================================================
----------------- testing Thu Jun 04 14:36:37 UTC 2020 /home/travis/build/icyphy/ptII/ptolemy/actor/lib/test/auto/PublisherPortSubscriberChannelVariablesAOC2.xml
----------------- Instantiating /home/travis/build/icyphy/ptII/ptolemy/actor/lib/test/auto/PublisherPortSubscriberChannelVariablesAOC2.xml
3 ms. Memory: 471040K Free: 320825K (68%)
----------------- Invoking toplevel() on ptolemy.moml.MoMLSimpleApplication@2546b157
----------------- Done invoking toplevel() on ptolemy.moml.MoMLSimpleApplication@2546b157
reloadAllAccessors: .PublisherPortSubscriberChannelVariablesAOC2

===========================================================================================
----------------- testing Thu Jun 04 14:36:37 UTC 2020 /home/travis/build/icyphy/ptII/ptolemy/actor/lib/test/auto/PublisherPortSubscriberOpaqueWidthInference.xml
----------------- Instantiating /home/travis/build/icyphy/ptII/ptolemy/actor/lib/test/auto/PublisherPortSubscriberOpaqueWidthInference.xml
4 ms. Memory: 471040K Free: 313147K (66%)
----------------- Invoking toplevel() on ptolemy.moml.MoMLSimpleApplication@435cbd08
----------------- Done invoking toplevel() on ptolemy.moml.MoMLSimpleApplication@435cbd08
reloadAllAccessors: .PublisherPortSubscriberOpaqueWidthInference

===========================================================================================
----------------- testing Thu Jun 04 14:36:37 UTC 2020 /home/travis/build/icyphy/ptII/ptolemy/actor/lib/test/auto/PublisherPortSubscriberPortAdjacent.xml
----------------- Instantiating /home/travis/build/icyphy/ptII/ptolemy/actor/lib/test/auto/PublisherPortSubscriberPortAdjacent.xml
5 ms. Memory: 471040K Free: 304955K (65%)
----------------- Invoking toplevel() on ptolemy.moml.MoMLSimpleApplication@5d90ab78
----------------- Done invoking toplevel() on ptolemy.moml.MoMLSimpleApplication@5d90ab78
reloadAllAccessors: .PublisherPortSubscriberPortAdjacent

===========================================================================================
----------------- testing Thu Jun 04 14:36:37 UTC 2020 /home/travis/build/icyphy/ptII/ptolemy/actor/lib/test/auto/PublisherPortSubscriberPortExpression.xml
----------------- Instantiating /home/travis/build/icyphy/ptII/ptolemy/actor/lib/test/auto/PublisherPortSubscriberPortExpression.xml
4 ms. Memory: 471040K Free: 297259K (63%)
----------------- Invoking toplevel() on ptolemy.moml.MoMLSimpleApplication@4664b6a2
----------------- Done invoking toplevel() on ptolemy.moml.MoMLSimpleApplication@4664b6a2
reloadAllAccessors: .PublisherPortSubscriberPortExpression

===========================================================================================
----------------- testing Thu Jun 04 14:36:37 UTC 2020 /home/travis/build/icyphy/ptII/ptolemy/actor/lib/test/auto/PublisherPortSubscriberPortOpaqueD3Reverse.xml
----------------- Instantiating /home/travis/build/icyphy/ptII/ptolemy/actor/lib/test/auto/PublisherPortSubscriberPortOpaqueD3Reverse.xml
5 ms. Memory: 471040K Free: 287547K (61%)
----------------- Invoking toplevel() on ptolemy.moml.MoMLSimpleApplication@388cc5b4
----------------- Done invoking toplevel() on ptolemy.moml.MoMLSimpleApplication@388cc5b4
reloadAllAccessors: .PublisherPortSubscriberPortOpaqueD3Reverse

===========================================================================================
----------------- testing Thu Jun 04 14:36:37 UTC 2020 /home/travis/build/icyphy/ptII/ptolemy/actor/lib/test/auto/PublisherPortSubscriberPortOpaqueWidthInference.xml
----------------- Instantiating /home/travis/build/icyphy/ptII/ptolemy/actor/lib/test/auto/PublisherPortSubscriberPortOpaqueWidthInference.xml
3 ms. Memory: 471040K Free: 279851K (59%)
----------------- Invoking toplevel() on ptolemy.moml.MoMLSimpleApplication@30ab4280
----------------- Done invoking toplevel() on ptolemy.moml.MoMLSimpleApplication@30ab4280
reloadAllAccessors: .PublisherPortSubscriberPortOpaqueWidthInference

===========================================================================================
----------------- testing Thu Jun 04 14:36:37 UTC 2020 /home/travis/build/icyphy/ptII/ptolemy/actor/lib/test/auto/PublisherPortToplevelSubscriberPortAOC.xml
----------------- Instantiating /home/travis/build/icyphy/ptII/ptolemy/actor/lib/test/auto/PublisherPortToplevelSubscriberPortAOC.xml
.PublisherPortToplevelSubscriberPortAOC.TestExceptionAttribute: initialize() was not invoked, but wrapup() was.  This is unusual, but not always a problem.  For example, exporting JNLP will do this.
1 ms. Memory: 471040K Free: 274235K (58%)
----------------- Invoking toplevel() on ptolemy.moml.MoMLSimpleApplication@677f1c5b
----------------- Done invoking toplevel() on ptolemy.moml.MoMLSimpleApplication@677f1c5b
reloadAllAccessors: .PublisherPortToplevelSubscriberPortAOC

===========================================================================================
----------------- testing Thu Jun 04 14:36:37 UTC 2020 /home/travis/build/icyphy/ptII/ptolemy/actor/lib/test/auto/PublisherSubscriber.xml
----------------- Instantiating /home/travis/build/icyphy/ptII/ptolemy/actor/lib/test/auto/PublisherSubscriber.xml
2 ms. Memory: 471040K Free: 267067K (57%)
----------------- Invoking toplevel() on ptolemy.moml.MoMLSimpleApplication@25ae2acd
----------------- Done invoking toplevel() on ptolemy.moml.MoMLSimpleApplication@25ae2acd
reloadAllAccessors: .PublisherSubscriber

===========================================================================================
----------------- testing Thu Jun 04 14:36:37 UTC 2020 /home/travis/build/icyphy/ptII/ptolemy/actor/lib/test/auto/PublisherSubscriber10.xml
----------------- Instantiating /home/travis/build/icyphy/ptII/ptolemy/actor/lib/test/auto/PublisherSubscriber10.xml
5 ms. Memory: 471040K Free: 257337K (55%)
----------------- Invoking toplevel() on ptolemy.moml.MoMLSimpleApplication@5bd634c4
----------------- Done invoking toplevel() on ptolemy.moml.MoMLSimpleApplication@5bd634c4
reloadAllAccessors: .PublisherSubscriber10

===========================================================================================
----------------- testing Thu Jun 04 14:36:37 UTC 2020 /home/travis/build/icyphy/ptII/ptolemy/actor/lib/test/auto/PublisherSubscriber10InitialOutputs.xml
----------------- Instantiating /home/travis/build/icyphy/ptII/ptolemy/actor/lib/test/auto/PublisherSubscriber10InitialOutputs.xml
15 ms. Memory: 471040K Free: 248121K (53%)
----------------- Invoking toplevel() on ptolemy.moml.MoMLSimpleApplication@45489b49
----------------- Done invoking toplevel() on ptolemy.moml.MoMLSimpleApplication@45489b49
reloadAllAccessors: .PublisherSubscriber10InitialOutputs

===========================================================================================
----------------- testing Thu Jun 04 14:36:37 UTC 2020 /home/travis/build/icyphy/ptII/ptolemy/actor/lib/test/auto/PublisherSubscriber11.xml
----------------- Instantiating /home/travis/build/icyphy/ptII/ptolemy/actor/lib/test/auto/PublisherSubscriber11.xml
3 ms. Memory: 471040K Free: 241947K (51%)
----------------- Invoking toplevel() on ptolemy.moml.MoMLSimpleApplication@50225f18
----------------- Done invoking toplevel() on ptolemy.moml.MoMLSimpleApplication@50225f18
reloadAllAccessors: .PublisherSubscriber11

===========================================================================================
----------------- testing Thu Jun 04 14:36:37 UTC 2020 /home/travis/build/icyphy/ptII/ptolemy/actor/lib/test/auto/PublisherSubscriber12.xml
----------------- Instantiating /home/travis/build/icyphy/ptII/ptolemy/actor/lib/test/auto/PublisherSubscriber12.xml
5 ms. Memory: 471040K Free: 234809K (50%)
----------------- Invoking toplevel() on ptolemy.moml.MoMLSimpleApplication@5cb3852c
----------------- Done invoking toplevel() on ptolemy.moml.MoMLSimpleApplication@5cb3852c
reloadAllAccessors: .PublisherSubscriber12

===========================================================================================
----------------- testing Thu Jun 04 14:36:37 UTC 2020 /home/travis/build/icyphy/ptII/ptolemy/actor/lib/test/auto/PublisherSubscriber13.xml
----------------- Instantiating /home/travis/build/icyphy/ptII/ptolemy/actor/lib/test/auto/PublisherSubscriber13.xml
1 ms. Memory: 471040K Free: 229179K (49%)
----------------- Invoking toplevel() on ptolemy.moml.MoMLSimpleApplication@3fea0666
----------------- Done invoking toplevel() on ptolemy.moml.MoMLSimpleApplication@3fea0666
reloadAllAccessors: .PublisherSubscriber13

===========================================================================================
----------------- testing Thu Jun 04 14:36:37 UTC 2020 /home/travis/build/icyphy/ptII/ptolemy/actor/lib/test/auto/PublisherSubscriber14.xml
----------------- Instantiating /home/travis/build/icyphy/ptII/ptolemy/actor/lib/test/auto/PublisherSubscriber14.xml
2 ms. Memory: 471040K Free: 220443K (47%)
----------------- Invoking toplevel() on ptolemy.moml.MoMLSimpleApplication@1391c12f
----------------- Done invoking toplevel() on ptolemy.moml.MoMLSimpleApplication@1391c12f
reloadAllAccessors: .PublisherSubscriber14

===========================================================================================
----------------- testing Thu Jun 04 14:36:37 UTC 2020 /home/travis/build/icyphy/ptII/ptolemy/actor/lib/test/auto/PublisherSubscriber2.xml
----------------- Instantiating /home/travis/build/icyphy/ptII/ptolemy/actor/lib/test/auto/PublisherSubscriber2.xml
3 ms. Memory: 471040K Free: 214843K (46%)
----------------- Invoking toplevel() on ptolemy.moml.MoMLSimpleApplication@74465482
----------------- Done invoking toplevel() on ptolemy.moml.MoMLSimpleApplication@74465482
reloadAllAccessors: .PublisherSubscriber2

===========================================================================================
----------------- testing Thu Jun 04 14:36:37 UTC 2020 /home/travis/build/icyphy/ptII/ptolemy/actor/lib/test/auto/PublisherSubscriber3.xml
----------------- Instantiating /home/travis/build/icyphy/ptII/ptolemy/actor/lib/test/auto/PublisherSubscriber3.xml
2 ms. Memory: 471040K Free: 209179K (44%)
----------------- Invoking toplevel() on ptolemy.moml.MoMLSimpleApplication@5c9684b6
----------------- Done invoking toplevel() on ptolemy.moml.MoMLSimpleApplication@5c9684b6
reloadAllAccessors: .PublisherSubscriber3

===========================================================================================
----------------- testing Thu Jun 04 14:36:37 UTC 2020 /home/travis/build/icyphy/ptII/ptolemy/actor/lib/test/auto/PublisherSubscriber4.xml
----------------- Instantiating /home/travis/build/icyphy/ptII/ptolemy/actor/lib/test/auto/PublisherSubscriber4.xml
2 ms. Memory: 471040K Free: 204059K (43%)
----------------- Invoking toplevel() on ptolemy.moml.MoMLSimpleApplication@1c2da7f2
----------------- Done invoking toplevel() on ptolemy.moml.MoMLSimpleApplication@1c2da7f2
reloadAllAccessors: .PublisherSubscriber4

===========================================================================================
----------------- testing Thu Jun 04 14:36:37 UTC 2020 /home/travis/build/icyphy/ptII/ptolemy/actor/lib/test/auto/PublisherSubscriber5.xml
----------------- Instantiating /home/travis/build/icyphy/ptII/ptolemy/actor/lib/test/auto/PublisherSubscriber5.xml
2 ms. Memory: 471040K Free: 197435K (42%)
----------------- Invoking toplevel() on ptolemy.moml.MoMLSimpleApplication@6d595d2d
----------------- Done invoking toplevel() on ptolemy.moml.MoMLSimpleApplication@6d595d2d
reloadAllAccessors: .PublisherSubscriber5

===========================================================================================
----------------- testing Thu Jun 04 14:36:37 UTC 2020 /home/travis/build/icyphy/ptII/ptolemy/actor/lib/test/auto/PublisherSubscriber6.xml
----------------- Instantiating /home/travis/build/icyphy/ptII/ptolemy/actor/lib/test/auto/PublisherSubscriber6.xml
4 ms. Memory: 471040K Free: 190777K (41%)
----------------- Invoking toplevel() on ptolemy.moml.MoMLSimpleApplication@44dcd6dc
----------------- Done invoking toplevel() on ptolemy.moml.MoMLSimpleApplication@44dcd6dc
reloadAllAccessors: .PublisherSubscriber6

===========================================================================================
----------------- testing Thu Jun 04 14:36:37 UTC 2020 /home/travis/build/icyphy/ptII/ptolemy/actor/lib/test/auto/PublisherSubscriber7.xml
----------------- Instantiating /home/travis/build/icyphy/ptII/ptolemy/actor/lib/test/auto/PublisherSubscriber7.xml
7 ms. Memory: 471040K Free: 184633K (39%)
----------------- Invoking toplevel() on ptolemy.moml.MoMLSimpleApplication@62d99093
----------------- Done invoking toplevel() on ptolemy.moml.MoMLSimpleApplication@62d99093
reloadAllAccessors: .PublisherSubscriber7

===========================================================================================
----------------- testing Thu Jun 04 14:36:37 UTC 2020 /home/travis/build/icyphy/ptII/ptolemy/actor/lib/test/auto/PublisherSubscriber8.xml
----------------- Instantiating /home/travis/build/icyphy/ptII/ptolemy/actor/lib/test/auto/PublisherSubscriber8.xml
19 ms. Memory: 471040K Free: 172859K (37%)
----------------- Invoking toplevel() on ptolemy.moml.MoMLSimpleApplication@20c67879
----------------- Done invoking toplevel() on ptolemy.moml.MoMLSimpleApplication@20c67879
reloadAllAccessors: .PublisherSubscriber8

===========================================================================================
----------------- testing Thu Jun 04 14:36:37 UTC 2020 /home/travis/build/icyphy/ptII/ptolemy/actor/lib/test/auto/PublisherSubscriber9.xml
----------------- Instantiating /home/travis/build/icyphy/ptII/ptolemy/actor/lib/test/auto/PublisherSubscriber9.xml
2 ms. Memory: 471040K Free: 165691K (35%)
----------------- Invoking toplevel() on ptolemy.moml.MoMLSimpleApplication@657855af
----------------- Done invoking toplevel() on ptolemy.moml.MoMLSimpleApplication@657855af
reloadAllAccessors: .PublisherSubscriber9

===========================================================================================
----------------- testing Thu Jun 04 14:36:37 UTC 2020 /home/travis/build/icyphy/ptII/ptolemy/actor/lib/test/auto/PublisherSubscriberAdjacent.xml
----------------- Instantiating /home/travis/build/icyphy/ptII/ptolemy/actor/lib/test/auto/PublisherSubscriberAdjacent.xml
2 ms. Memory: 471040K Free: 156985K (33%)
----------------- Invoking toplevel() on ptolemy.moml.MoMLSimpleApplication@5ac778fc
----------------- Done invoking toplevel() on ptolemy.moml.MoMLSimpleApplication@5ac778fc
reloadAllAccessors: .PublisherSubscriberAdjacent

===========================================================================================
----------------- testing Thu Jun 04 14:36:37 UTC 2020 /home/travis/build/icyphy/ptII/ptolemy/actor/lib/test/auto/PublisherSubscriberChannelVariablesAOC2.xml
----------------- Instantiating /home/travis/build/icyphy/ptII/ptolemy/actor/lib/test/auto/PublisherSubscriberChannelVariablesAOC2.xml
2 ms. Memory: 471040K Free: 142139K (30%)
----------------- Invoking toplevel() on ptolemy.moml.MoMLSimpleApplication@5f06e67e
----------------- Done invoking toplevel() on ptolemy.moml.MoMLSimpleApplication@5f06e67e
reloadAllAccessors: .PublisherSubscriberChannelVariablesAOC2

===========================================================================================
----------------- testing Thu Jun 04 14:36:37 UTC 2020 /home/travis/build/icyphy/ptII/ptolemy/actor/lib/test/auto/PublisherSubscriberD3.xml
----------------- Instantiating /home/travis/build/icyphy/ptII/ptolemy/actor/lib/test/auto/PublisherSubscriberD3.xml
2 ms. Memory: 471040K Free: 412177K (88%)
----------------- Invoking toplevel() on ptolemy.moml.MoMLSimpleApplication@31c64c51
----------------- Done invoking toplevel() on ptolemy.moml.MoMLSimpleApplication@31c64c51
reloadAllAccessors: .PublisherSubscriberD3

===========================================================================================
----------------- testing Thu Jun 04 14:36:37 UTC 2020 /home/travis/build/icyphy/ptII/ptolemy/actor/lib/test/auto/PublisherSubscriberD3Reverse.xml
----------------- Instantiating /home/travis/build/icyphy/ptII/ptolemy/actor/lib/test/auto/PublisherSubscriberD3Reverse.xml
2 ms. Memory: 471040K Free: 406033K (86%)
----------------- Invoking toplevel() on ptolemy.moml.MoMLSimpleApplication@58df8ea8
----------------- Done invoking toplevel() on ptolemy.moml.MoMLSimpleApplication@58df8ea8
reloadAllAccessors: .PublisherSubscriberD3Reverse

===========================================================================================
----------------- testing Thu Jun 04 14:36:37 UTC 2020 /home/travis/build/icyphy/ptII/ptolemy/actor/lib/test/auto/PublisherSubscriberExpression.xml
----------------- Instantiating /home/travis/build/icyphy/ptII/ptolemy/actor/lib/test/auto/PublisherSubscriberExpression.xml
4 ms. Memory: 471040K Free: 397313K (84%)
----------------- Invoking toplevel() on ptolemy.moml.MoMLSimpleApplication@489497e3
----------------- Done invoking toplevel() on ptolemy.moml.MoMLSimpleApplication@489497e3
reloadAllAccessors: .PublisherSubscriberExpression

===========================================================================================
----------------- testing Thu Jun 04 14:36:37 UTC 2020 /home/travis/build/icyphy/ptII/ptolemy/actor/lib/test/auto/PublisherSubscriberOpaque.xml
----------------- Instantiating /home/travis/build/icyphy/ptII/ptolemy/actor/lib/test/auto/PublisherSubscriberOpaque.xml
3 ms. Memory: 471040K Free: 389135K (83%)
----------------- Invoking toplevel() on ptolemy.moml.MoMLSimpleApplication@1d773bda
----------------- Done invoking toplevel() on ptolemy.moml.MoMLSimpleApplication@1d773bda
reloadAllAccessors: .PublisherSubscriberOpaque

===========================================================================================
----------------- testing Thu Jun 04 14:36:37 UTC 2020 /home/travis/build/icyphy/ptII/ptolemy/actor/lib/test/auto/PublisherSubscriberOpaqueD3.xml
----------------- Instantiating /home/travis/build/icyphy/ptII/ptolemy/actor/lib/test/auto/PublisherSubscriberOpaqueD3.xml
11 ms. Memory: 471040K Free: 377361K (80%)
----------------- Invoking toplevel() on ptolemy.moml.MoMLSimpleApplication@3b7f5a9c
----------------- Done invoking toplevel() on ptolemy.moml.MoMLSimpleApplication@3b7f5a9c
reloadAllAccessors: .PublisherSubscriberOpaqueD3

===========================================================================================
----------------- testing Thu Jun 04 14:36:37 UTC 2020 /home/travis/build/icyphy/ptII/ptolemy/actor/lib/test/auto/PublisherSubscriberOpaqueD3Reverse.xml
----------------- Instantiating /home/travis/build/icyphy/ptII/ptolemy/actor/lib/test/auto/PublisherSubscriberOpaqueD3Reverse.xml
8 ms. Memory: 471040K Free: 366607K (78%)
----------------- Invoking toplevel() on ptolemy.moml.MoMLSimpleApplication@3d925368
----------------- Done invoking toplevel() on ptolemy.moml.MoMLSimpleApplication@3d925368
reloadAllAccessors: .PublisherSubscriberOpaqueD3Reverse

===========================================================================================
----------------- testing Thu Jun 04 14:36:38 UTC 2020 /home/travis/build/icyphy/ptII/ptolemy/actor/lib/test/auto/PublisherSubscriberOpaqueWidthInference.xml
----------------- Instantiating /home/travis/build/icyphy/ptII/ptolemy/actor/lib/test/auto/PublisherSubscriberOpaqueWidthInference.xml
4 ms. Memory: 471040K Free: 358401K (76%)
----------------- Invoking toplevel() on ptolemy.moml.MoMLSimpleApplication@6c3ff495
----------------- Done invoking toplevel() on ptolemy.moml.MoMLSimpleApplication@6c3ff495
reloadAllAccessors: .PublisherSubscriberOpaqueWidthInference

===========================================================================================
----------------- testing Thu Jun 04 14:36:38 UTC 2020 /home/travis/build/icyphy/ptII/ptolemy/actor/lib/test/auto/PublisherTestSubscriber.xml
----------------- Instantiating /home/travis/build/icyphy/ptII/ptolemy/actor/lib/test/auto/PublisherTestSubscriber.xml
2 ms. Memory: 471040K Free: 350737K (74%)
----------------- Invoking toplevel() on ptolemy.moml.MoMLSimpleApplication@2fb5e946
----------------- Done invoking toplevel() on ptolemy.moml.MoMLSimpleApplication@2fb5e946
reloadAllAccessors: .PublisherTestSubscriber

===========================================================================================
----------------- testing Thu Jun 04 14:36:38 UTC 2020 /home/travis/build/icyphy/ptII/ptolemy/actor/lib/test/auto/PublisherToplevelSubscriberPortAOC.xml
----------------- Instantiating /home/travis/build/icyphy/ptII/ptolemy/actor/lib/test/auto/PublisherToplevelSubscriberPortAOC.xml
1 ms. Memory: 471040K Free: 344073K (73%)
----------------- Invoking toplevel() on ptolemy.moml.MoMLSimpleApplication@34ed2560
----------------- Done invoking toplevel() on ptolemy.moml.MoMLSimpleApplication@34ed2560
reloadAllAccessors: .PublisherToplevelSubscriberPortAOC

===========================================================================================
----------------- testing Thu Jun 04 14:36:38 UTC 2020 /home/travis/build/icyphy/ptII/ptolemy/actor/lib/test/auto/PulseFiringLimitDE.xml
----------------- Instantiating /home/travis/build/icyphy/ptII/ptolemy/actor/lib/test/auto/PulseFiringLimitDE.xml
2 ms. Memory: 471040K Free: 337425K (72%)
----------------- Invoking toplevel() on ptolemy.moml.MoMLSimpleApplication@362b9f4f
----------------- Done invoking toplevel() on ptolemy.moml.MoMLSimpleApplication@362b9f4f
reloadAllAccessors: .PulseFiringLimitDE

===========================================================================================
----------------- testing Thu Jun 04 14:36:38 UTC 2020 /home/travis/build/icyphy/ptII/ptolemy/actor/lib/test/auto/Ramp1.xml
----------------- Instantiating /home/travis/build/icyphy/ptII/ptolemy/actor/lib/test/auto/Ramp1.xml
2 ms. Memory: 471040K Free: 332801K (71%)
----------------- Invoking toplevel() on ptolemy.moml.MoMLSimpleApplication@4044ba27
----------------- Done invoking toplevel() on ptolemy.moml.MoMLSimpleApplication@4044ba27
reloadAllAccessors: .Ramp1

===========================================================================================
----------------- testing Thu Jun 04 14:36:38 UTC 2020 /home/travis/build/icyphy/ptII/ptolemy/actor/lib/test/auto/RampFiringLimitDE.xml
----------------- Instantiating /home/travis/build/icyphy/ptII/ptolemy/actor/lib/test/auto/RampFiringLimitDE.xml
3 ms. Memory: 471040K Free: 326657K (69%)
----------------- Invoking toplevel() on ptolemy.moml.MoMLSimpleApplication@59c745d9
----------------- Done invoking toplevel() on ptolemy.moml.MoMLSimpleApplication@59c745d9
reloadAllAccessors: .RampFiringLimitDE

===========================================================================================
----------------- testing Thu Jun 04 14:36:38 UTC 2020 /home/travis/build/icyphy/ptII/ptolemy/actor/lib/test/auto/RampFiringLimitSDF.xml
----------------- Instantiating /home/travis/build/icyphy/ptII/ptolemy/actor/lib/test/auto/RampFiringLimitSDF.xml
2 ms. Memory: 471040K Free: 321521K (68%)
----------------- Invoking toplevel() on ptolemy.moml.MoMLSimpleApplication@5921ca80
----------------- Done invoking toplevel() on ptolemy.moml.MoMLSimpleApplication@5921ca80
reloadAllAccessors: .RampFiringLimitSDF

===========================================================================================
----------------- testing Thu Jun 04 14:36:38 UTC 2020 /home/travis/build/icyphy/ptII/ptolemy/actor/lib/test/auto/RandomInteger.xml
----------------- Instantiating /home/travis/build/icyphy/ptII/ptolemy/actor/lib/test/auto/RandomInteger.xml
1 ms. Memory: 471040K Free: 317455K (67%)
----------------- Invoking toplevel() on ptolemy.moml.MoMLSimpleApplication@5796dec8
----------------- Done invoking toplevel() on ptolemy.moml.MoMLSimpleApplication@5796dec8
reloadAllAccessors: .RandomInteger

===========================================================================================
----------------- testing Thu Jun 04 14:36:38 UTC 2020 /home/travis/build/icyphy/ptII/ptolemy/actor/lib/test/auto/ReadFile1.xml
----------------- Instantiating /home/travis/build/icyphy/ptII/ptolemy/actor/lib/test/auto/ReadFile1.xml
2 ms. Memory: 471040K Free: 312849K (66%)
----------------- Invoking toplevel() on ptolemy.moml.MoMLSimpleApplication@543594af
----------------- Done invoking toplevel() on ptolemy.moml.MoMLSimpleApplication@543594af
reloadAllAccessors: .ReadFile1

===========================================================================================
----------------- testing Thu Jun 04 14:36:38 UTC 2020 /home/travis/build/icyphy/ptII/ptolemy/actor/lib/test/auto/ReadFile2.xml
----------------- Instantiating /home/travis/build/icyphy/ptII/ptolemy/actor/lib/test/auto/ReadFile2.xml
1 ms. Memory: 471040K Free: 308753K (66%)
----------------- Invoking toplevel() on ptolemy.moml.MoMLSimpleApplication@5805f38b
----------------- Done invoking toplevel() on ptolemy.moml.MoMLSimpleApplication@5805f38b
reloadAllAccessors: .ReadFile2

===========================================================================================
----------------- testing Thu Jun 04 14:36:38 UTC 2020 /home/travis/build/icyphy/ptII/ptolemy/actor/lib/test/auto/Reader.xml
----------------- Instantiating /home/travis/build/icyphy/ptII/ptolemy/actor/lib/test/auto/Reader.xml
actor.lib.Reader is obsolete, use actor.lib.io.ExpressionReader instead
3 ms. Memory: 471040K Free: 304657K (65%)
----------------- Invoking toplevel() on ptolemy.moml.MoMLSimpleApplication@466be040
----------------- Done invoking toplevel() on ptolemy.moml.MoMLSimpleApplication@466be040
reloadAllAccessors: .Reader

===========================================================================================
----------------- testing Thu Jun 04 14:36:38 UTC 2020 /home/travis/build/icyphy/ptII/ptolemy/actor/lib/test/auto/RecordAssemblerDisplayNameTest.xml
----------------- Instantiating /home/travis/build/icyphy/ptII/ptolemy/actor/lib/test/auto/RecordAssemblerDisplayNameTest.xml
3652 ms. Memory: 471040K Free: 188945K (40%)
----------------- Invoking toplevel() on ptolemy.moml.MoMLSimpleApplication@24012a44
----------------- Done invoking toplevel() on ptolemy.moml.MoMLSimpleApplication@24012a44
reloadAllAccessors: .RecordAssemblerDisplayNameTest

===========================================================================================
----------------- testing Thu Jun 04 14:36:41 UTC 2020 /home/travis/build/icyphy/ptII/ptolemy/actor/lib/test/auto/RecordAssemblerTypeError.xml
----------------- Instantiating /home/travis/build/icyphy/ptII/ptolemy/actor/lib/test/auto/RecordAssemblerTypeError.xml
15 ms. Memory: 471040K Free: 179215K (38%)
----------------- Invoking toplevel() on ptolemy.moml.MoMLSimpleApplication@16753bc7
----------------- Done invoking toplevel() on ptolemy.moml.MoMLSimpleApplication@16753bc7
reloadAllAccessors: .RecordAssemblerTypeError

===========================================================================================
----------------- testing Thu Jun 04 14:36:41 UTC 2020 /home/travis/build/icyphy/ptII/ptolemy/actor/lib/test/auto/RecordDisassember.xml
----------------- Instantiating /home/travis/build/icyphy/ptII/ptolemy/actor/lib/test/auto/RecordDisassember.xml
2 ms. Memory: 471040K Free: 174609K (37%)
----------------- Invoking toplevel() on ptolemy.moml.MoMLSimpleApplication@3290d4cf
----------------- Done invoking toplevel() on ptolemy.moml.MoMLSimpleApplication@3290d4cf
reloadAllAccessors: .RecordDisassember

===========================================================================================
----------------- testing Thu Jun 04 14:36:41 UTC 2020 /home/travis/build/icyphy/ptII/ptolemy/actor/lib/test/auto/RecordDisassemberDisplayNameTest.xml
----------------- Instantiating /home/travis/build/icyphy/ptII/ptolemy/actor/lib/test/auto/RecordDisassemberDisplayNameTest.xml
5 ms. Memory: 471040K Free: 165903K (35%)
----------------- Invoking toplevel() on ptolemy.moml.MoMLSimpleApplication@61364e12
----------------- Done invoking toplevel() on ptolemy.moml.MoMLSimpleApplication@61364e12
reloadAllAccessors: .RecordDisassemberDisplayNameTest

===========================================================================================
----------------- testing Thu Jun 04 14:36:41 UTC 2020 /home/travis/build/icyphy/ptII/ptolemy/actor/lib/test/auto/RecordDisassembler.xml
----------------- Instantiating /home/travis/build/icyphy/ptII/ptolemy/actor/lib/test/auto/RecordDisassembler.xml
2 ms. Memory: 471040K Free: 160777K (34%)
----------------- Invoking toplevel() on ptolemy.moml.MoMLSimpleApplication@2ecc67da
----------------- Done invoking toplevel() on ptolemy.moml.MoMLSimpleApplication@2ecc67da
reloadAllAccessors: .RecordDisassembler

===========================================================================================
----------------- testing Thu Jun 04 14:36:41 UTC 2020 /home/travis/build/icyphy/ptII/ptolemy/actor/lib/test/auto/RecordDisassembler2.xml
----------------- Instantiating /home/travis/build/icyphy/ptII/ptolemy/actor/lib/test/auto/RecordDisassembler2.xml
2 ms. Memory: 471040K Free: 155633K (33%)
----------------- Invoking toplevel() on ptolemy.moml.MoMLSimpleApplication@2bed13a4
----------------- Done invoking toplevel() on ptolemy.moml.MoMLSimpleApplication@2bed13a4
reloadAllAccessors: .RecordDisassembler2

===========================================================================================
----------------- testing Thu Jun 04 14:36:41 UTC 2020 /home/travis/build/icyphy/ptII/ptolemy/actor/lib/test/auto/RecordUpdater.xml
----------------- Instantiating /home/travis/build/icyphy/ptII/ptolemy/actor/lib/test/auto/RecordUpdater.xml
2 ms. Memory: 471040K Free: 150543K (32%)
----------------- Invoking toplevel() on ptolemy.moml.MoMLSimpleApplication@2b7d1a96
----------------- Done invoking toplevel() on ptolemy.moml.MoMLSimpleApplication@2b7d1a96
reloadAllAccessors: .RecordUpdater

===========================================================================================
----------------- testing Thu Jun 04 14:36:41 UTC 2020 /home/travis/build/icyphy/ptII/ptolemy/actor/lib/test/auto/RecordUpdater2.xml
----------------- Instantiating /home/travis/build/icyphy/ptII/ptolemy/actor/lib/test/auto/RecordUpdater2.xml
2 ms. Memory: 471040K Free: 145423K (31%)
----------------- Invoking toplevel() on ptolemy.moml.MoMLSimpleApplication@15e249e4
----------------- Done invoking toplevel() on ptolemy.moml.MoMLSimpleApplication@15e249e4
reloadAllAccessors: .RecordUpdater2

===========================================================================================
----------------- testing Thu Jun 04 14:36:41 UTC 2020 /home/travis/build/icyphy/ptII/ptolemy/actor/lib/test/auto/RecursiveLattice.xml
----------------- Instantiating /home/travis/build/icyphy/ptII/ptolemy/actor/lib/test/auto/RecursiveLattice.xml
2 ms. Memory: 471040K Free: 141327K (30%)
----------------- Invoking toplevel() on ptolemy.moml.MoMLSimpleApplication@3c983ed4
----------------- Done invoking toplevel() on ptolemy.moml.MoMLSimpleApplication@3c983ed4
reloadAllAccessors: .RecursiveLattice

===========================================================================================
----------------- testing Thu Jun 04 14:36:42 UTC 2020 /home/travis/build/icyphy/ptII/ptolemy/actor/lib/test/auto/Router.xml
----------------- Instantiating /home/travis/build/icyphy/ptII/ptolemy/actor/lib/test/auto/Router.xml
3004 ms. Memory: 471040K Free: 408081K (87%)
----------------- Invoking toplevel() on ptolemy.moml.MoMLSimpleApplication@4161ffcc
----------------- Done invoking toplevel() on ptolemy.moml.MoMLSimpleApplication@4161ffcc
reloadAllAccessors: .Router

===========================================================================================
----------------- testing Thu Jun 04 14:36:45 UTC 2020 /home/travis/build/icyphy/ptII/ptolemy/actor/lib/test/auto/Router2.xml
----------------- Instantiating /home/travis/build/icyphy/ptII/ptolemy/actor/lib/test/auto/Router2.xml
3004 ms. Memory: 471040K Free: 397327K (84%)
----------------- Invoking toplevel() on ptolemy.moml.MoMLSimpleApplication@1415d9c2
----------------- Done invoking toplevel() on ptolemy.moml.MoMLSimpleApplication@1415d9c2
reloadAllAccessors: .Router2

===========================================================================================
----------------- testing Thu Jun 04 14:36:48 UTC 2020 /home/travis/build/icyphy/ptII/ptolemy/actor/lib/test/auto/RunningMaximum.xml
----------------- Instantiating /home/travis/build/icyphy/ptII/ptolemy/actor/lib/test/auto/RunningMaximum.xml
2 ms. Memory: 471040K Free: 392721K (83%)
----------------- Invoking toplevel() on ptolemy.moml.MoMLSimpleApplication@578e6f03
----------------- Done invoking toplevel() on ptolemy.moml.MoMLSimpleApplication@578e6f03
reloadAllAccessors: .RunningMaximum

===========================================================================================
----------------- testing Thu Jun 04 14:36:48 UTC 2020 /home/travis/build/icyphy/ptII/ptolemy/actor/lib/test/auto/RunningMinimum.xml
----------------- Instantiating /home/travis/build/icyphy/ptII/ptolemy/actor/lib/test/auto/RunningMinimum.xml
9 ms. Memory: 471040K Free: 388111K (82%)
----------------- Invoking toplevel() on ptolemy.moml.MoMLSimpleApplication@349c1095
----------------- Done invoking toplevel() on ptolemy.moml.MoMLSimpleApplication@349c1095
reloadAllAccessors: .RunningMinimum

===========================================================================================
----------------- testing Thu Jun 04 14:36:48 UTC 2020 /home/travis/build/icyphy/ptII/ptolemy/actor/lib/test/auto/Scale.xml
----------------- Instantiating /home/travis/build/icyphy/ptII/ptolemy/actor/lib/test/auto/Scale.xml
1 ms. Memory: 471040K Free: 383505K (81%)
----------------- Invoking toplevel() on ptolemy.moml.MoMLSimpleApplication@141c5923
----------------- Done invoking toplevel() on ptolemy.moml.MoMLSimpleApplication@141c5923
reloadAllAccessors: .Scale

===========================================================================================
----------------- testing Thu Jun 04 14:36:48 UTC 2020 /home/travis/build/icyphy/ptII/ptolemy/actor/lib/test/auto/Scale2.xml
----------------- Instantiating /home/travis/build/icyphy/ptII/ptolemy/actor/lib/test/auto/Scale2.xml
1 ms. Memory: 471040K Free: 378895K (80%)
----------------- Invoking toplevel() on ptolemy.moml.MoMLSimpleApplication@35ce0104
----------------- Done invoking toplevel() on ptolemy.moml.MoMLSimpleApplication@35ce0104
reloadAllAccessors: .Scale2

===========================================================================================
----------------- testing Thu Jun 04 14:36:48 UTC 2020 /home/travis/build/icyphy/ptII/ptolemy/actor/lib/test/auto/Scale3.xml
----------------- Instantiating /home/travis/build/icyphy/ptII/ptolemy/actor/lib/test/auto/Scale3.xml
7 ms. Memory: 471040K Free: 372751K (79%)
----------------- Invoking toplevel() on ptolemy.moml.MoMLSimpleApplication@68dbc1c4
----------------- Done invoking toplevel() on ptolemy.moml.MoMLSimpleApplication@68dbc1c4
reloadAllAccessors: .Scale3

===========================================================================================
----------------- testing Thu Jun 04 14:36:48 UTC 2020 /home/travis/build/icyphy/ptII/ptolemy/actor/lib/test/auto/ScaleArray.xml
----------------- Instantiating /home/travis/build/icyphy/ptII/ptolemy/actor/lib/test/auto/ScaleArray.xml
1 ms. Memory: 471040K Free: 368145K (78%)
----------------- Invoking toplevel() on ptolemy.moml.MoMLSimpleApplication@76442d2e
----------------- Done invoking toplevel() on ptolemy.moml.MoMLSimpleApplication@76442d2e
reloadAllAccessors: .ScaleArray

===========================================================================================
----------------- testing Thu Jun 04 14:36:48 UTC 2020 /home/travis/build/icyphy/ptII/ptolemy/actor/lib/test/auto/ScaleArray2.xml
----------------- Instantiating /home/travis/build/icyphy/ptII/ptolemy/actor/lib/test/auto/ScaleArray2.xml
1 ms. Memory: 471040K Free: 363535K (77%)
----------------- Invoking toplevel() on ptolemy.moml.MoMLSimpleApplication@61fdb2d9
----------------- Done invoking toplevel() on ptolemy.moml.MoMLSimpleApplication@61fdb2d9
reloadAllAccessors: .ScaleArray2

===========================================================================================
----------------- testing Thu Jun 04 14:36:48 UTC 2020 /home/travis/build/icyphy/ptII/ptolemy/actor/lib/test/auto/ScaleMatrix.xml
----------------- Instantiating /home/travis/build/icyphy/ptII/ptolemy/actor/lib/test/auto/ScaleMatrix.xml
137 ms. Memory: 471040K Free: 348689K (74%)
----------------- Invoking toplevel() on ptolemy.moml.MoMLSimpleApplication@3e4034d4
----------------- Done invoking toplevel() on ptolemy.moml.MoMLSimpleApplication@3e4034d4
reloadAllAccessors: .ScaleMatrix

===========================================================================================
----------------- testing Thu Jun 04 14:36:48 UTC 2020 /home/travis/build/icyphy/ptII/ptolemy/actor/lib/test/auto/Select.xml
----------------- Instantiating /home/travis/build/icyphy/ptII/ptolemy/actor/lib/test/auto/Select.xml
2 ms. Memory: 471040K Free: 342545K (73%)
----------------- Invoking toplevel() on ptolemy.moml.MoMLSimpleApplication@71c2fdce
----------------- Done invoking toplevel() on ptolemy.moml.MoMLSimpleApplication@71c2fdce
reloadAllAccessors: .Select

===========================================================================================
----------------- testing Thu Jun 04 14:36:48 UTC 2020 /home/travis/build/icyphy/ptII/ptolemy/actor/lib/test/auto/Select2.xml
----------------- Instantiating /home/travis/build/icyphy/ptII/ptolemy/actor/lib/test/auto/Select2.xml
1 ms. Memory: 471040K Free: 337935K (72%)
----------------- Invoking toplevel() on ptolemy.moml.MoMLSimpleApplication@509817d4
----------------- Done invoking toplevel() on ptolemy.moml.MoMLSimpleApplication@509817d4
reloadAllAccessors: .Select2

===========================================================================================
----------------- testing Thu Jun 04 14:36:48 UTC 2020 /home/travis/build/icyphy/ptII/ptolemy/actor/lib/test/auto/SequenceToArray2.xml
----------------- Instantiating /home/travis/build/icyphy/ptII/ptolemy/actor/lib/test/auto/SequenceToArray2.xml
99 ms. Memory: 471040K Free: 313873K (67%)
----------------- Invoking toplevel() on ptolemy.moml.MoMLSimpleApplication@62174b3
----------------- Done invoking toplevel() on ptolemy.moml.MoMLSimpleApplication@62174b3
reloadAllAccessors: .SequenceToArray2

===========================================================================================
----------------- testing Thu Jun 04 14:36:48 UTC 2020 /home/travis/build/icyphy/ptII/ptolemy/actor/lib/test/auto/SequentialClock.xml
----------------- Instantiating /home/travis/build/icyphy/ptII/ptolemy/actor/lib/test/auto/SequentialClock.xml
1 ms. Memory: 471040K Free: 309777K (66%)
----------------- Invoking toplevel() on ptolemy.moml.MoMLSimpleApplication@75a033c4
----------------- Done invoking toplevel() on ptolemy.moml.MoMLSimpleApplication@75a033c4
reloadAllAccessors: .SequentialClock

===========================================================================================
----------------- testing Thu Jun 04 14:36:48 UTC 2020 /home/travis/build/icyphy/ptII/ptolemy/actor/lib/test/auto/SetVariable.xml
----------------- Instantiating /home/travis/build/icyphy/ptII/ptolemy/actor/lib/test/auto/SetVariable.xml
2 ms. Memory: 471040K Free: 305167K (65%)
----------------- Invoking toplevel() on ptolemy.moml.MoMLSimpleApplication@31c436ed
----------------- Done invoking toplevel() on ptolemy.moml.MoMLSimpleApplication@31c436ed
reloadAllAccessors: .SetVariable

===========================================================================================
----------------- testing Thu Jun 04 14:36:48 UTC 2020 /home/travis/build/icyphy/ptII/ptolemy/actor/lib/test/auto/SetVariable2.xml
----------------- Instantiating /home/travis/build/icyphy/ptII/ptolemy/actor/lib/test/auto/SetVariable2.xml
3 ms. Memory: 471040K Free: 300047K (64%)
----------------- Invoking toplevel() on ptolemy.moml.MoMLSimpleApplication@62140040
----------------- Done invoking toplevel() on ptolemy.moml.MoMLSimpleApplication@62140040
reloadAllAccessors: .SetVariable2

===========================================================================================
----------------- testing Thu Jun 04 14:36:48 UTC 2020 /home/travis/build/icyphy/ptII/ptolemy/actor/lib/test/auto/SetVariable3.xml
----------------- Instantiating /home/travis/build/icyphy/ptII/ptolemy/actor/lib/test/auto/SetVariable3.xml
7 ms. Memory: 471040K Free: 294927K (63%)
----------------- Invoking toplevel() on ptolemy.moml.MoMLSimpleApplication@362b326c
----------------- Done invoking toplevel() on ptolemy.moml.MoMLSimpleApplication@362b326c
reloadAllAccessors: .SetVariable3

===========================================================================================
----------------- testing Thu Jun 04 14:36:48 UTC 2020 /home/travis/build/icyphy/ptII/ptolemy/actor/lib/test/auto/SetVariable4.xml
----------------- Instantiating /home/travis/build/icyphy/ptII/ptolemy/actor/lib/test/auto/SetVariable4.xml
18 ms. Memory: 471040K Free: 285201K (61%)
----------------- Invoking toplevel() on ptolemy.moml.MoMLSimpleApplication@3877d71e
----------------- Done invoking toplevel() on ptolemy.moml.MoMLSimpleApplication@3877d71e
reloadAllAccessors: .SetVariable4

===========================================================================================
----------------- testing Thu Jun 04 14:36:48 UTC 2020 /home/travis/build/icyphy/ptII/ptolemy/actor/lib/test/auto/SetVariable5.xml
----------------- Instantiating /home/travis/build/icyphy/ptII/ptolemy/actor/lib/test/auto/SetVariable5.xml
17 ms. Memory: 471040K Free: 275985K (59%)
----------------- Invoking toplevel() on ptolemy.moml.MoMLSimpleApplication@2aa12949
----------------- Done invoking toplevel() on ptolemy.moml.MoMLSimpleApplication@2aa12949
reloadAllAccessors: .SetVariable5

===========================================================================================
----------------- testing Thu Jun 04 14:36:48 UTC 2020 /home/travis/build/icyphy/ptII/ptolemy/actor/lib/test/auto/Sinewave.xml
----------------- Instantiating /home/travis/build/icyphy/ptII/ptolemy/actor/lib/test/auto/Sinewave.xml
5 ms. Memory: 471040K Free: 265745K (56%)
----------------- Invoking toplevel() on ptolemy.moml.MoMLSimpleApplication@2dc6fc25
----------------- Done invoking toplevel() on ptolemy.moml.MoMLSimpleApplication@2dc6fc25
reloadAllAccessors: .Sinewave

===========================================================================================
----------------- testing Thu Jun 04 14:36:48 UTC 2020 /home/travis/build/icyphy/ptII/ptolemy/actor/lib/test/auto/Sinewave2.xml
----------------- Instantiating /home/travis/build/icyphy/ptII/ptolemy/actor/lib/test/auto/Sinewave2.xml
5 ms. Memory: 471040K Free: 257553K (55%)
----------------- Invoking toplevel() on ptolemy.moml.MoMLSimpleApplication@3875481f
----------------- Done invoking toplevel() on ptolemy.moml.MoMLSimpleApplication@3875481f
reloadAllAccessors: .Sinewave2

===========================================================================================
----------------- testing Thu Jun 04 14:36:48 UTC 2020 /home/travis/build/icyphy/ptII/ptolemy/actor/lib/test/auto/Sinewave3.xml
----------------- Instantiating /home/travis/build/icyphy/ptII/ptolemy/actor/lib/test/auto/Sinewave3.xml
7 ms. Memory: 471040K Free: 248833K (53%)
----------------- Invoking toplevel() on ptolemy.moml.MoMLSimpleApplication@22364646
----------------- Done invoking toplevel() on ptolemy.moml.MoMLSimpleApplication@22364646
reloadAllAccessors: .Sinewave3

===========================================================================================
----------------- testing Thu Jun 04 14:36:48 UTC 2020 /home/travis/build/icyphy/ptII/ptolemy/actor/lib/test/auto/SingleEvent.xml
----------------- Instantiating /home/travis/build/icyphy/ptII/ptolemy/actor/lib/test/auto/SingleEvent.xml
1 ms. Memory: 471040K Free: 244751K (52%)
----------------- Invoking toplevel() on ptolemy.moml.MoMLSimpleApplication@301f05ce
----------------- Done invoking toplevel() on ptolemy.moml.MoMLSimpleApplication@301f05ce
reloadAllAccessors: .SingleEvent

===========================================================================================
----------------- testing Thu Jun 04 14:36:48 UTC 2020 /home/travis/build/icyphy/ptII/ptolemy/actor/lib/test/auto/Sleep.xml
----------------- Instantiating /home/travis/build/icyphy/ptII/ptolemy/actor/lib/test/auto/Sleep.xml
6003 ms. Memory: 471040K Free: 238607K (51%)
----------------- Invoking toplevel() on ptolemy.moml.MoMLSimpleApplication@17a4b6dd
----------------- Done invoking toplevel() on ptolemy.moml.MoMLSimpleApplication@17a4b6dd
reloadAllAccessors: .Sleep

===========================================================================================
----------------- testing Thu Jun 04 14:36:54 UTC 2020 /home/travis/build/icyphy/ptII/ptolemy/actor/lib/test/auto/SleepMultipleFire.xml
----------------- Instantiating /home/travis/build/icyphy/ptII/ptolemy/actor/lib/test/auto/SleepMultipleFire.xml
1005 ms. Memory: 471040K Free: 232977K (49%)
----------------- Invoking toplevel() on ptolemy.moml.MoMLSimpleApplication@46a71c2
----------------- Done invoking toplevel() on ptolemy.moml.MoMLSimpleApplication@46a71c2
reloadAllAccessors: .SleepMultipleFire

===========================================================================================
----------------- testing Thu Jun 04 14:36:55 UTC 2020 /home/travis/build/icyphy/ptII/ptolemy/actor/lib/test/auto/StopDE.xml
----------------- Instantiating /home/travis/build/icyphy/ptII/ptolemy/actor/lib/test/auto/StopDE.xml
8 ms. Memory: 471040K Free: 227343K (48%)
----------------- Invoking toplevel() on ptolemy.moml.MoMLSimpleApplication@4b4feb87
----------------- Done invoking toplevel() on ptolemy.moml.MoMLSimpleApplication@4b4feb87
reloadAllAccessors: .StopDE

===========================================================================================
----------------- testing Thu Jun 04 14:36:55 UTC 2020 /home/travis/build/icyphy/ptII/ptolemy/actor/lib/test/auto/StopSDF.xml
----------------- Instantiating /home/travis/build/icyphy/ptII/ptolemy/actor/lib/test/auto/StopSDF.xml
3 ms. Memory: 471040K Free: 222223K (47%)
----------------- Invoking toplevel() on ptolemy.moml.MoMLSimpleApplication@d5fafc6
----------------- Done invoking toplevel() on ptolemy.moml.MoMLSimpleApplication@d5fafc6
reloadAllAccessors: .StopSDF

===========================================================================================
----------------- testing Thu Jun 04 14:36:55 UTC 2020 /home/travis/build/icyphy/ptII/ptolemy/actor/lib/test/auto/StringConstant.xml
----------------- Instantiating /home/travis/build/icyphy/ptII/ptolemy/actor/lib/test/auto/StringConstant.xml
8 ms. Memory: 471040K Free: 218127K (46%)
----------------- Invoking toplevel() on ptolemy.moml.MoMLSimpleApplication@1ef5e4d4
----------------- Done invoking toplevel() on ptolemy.moml.MoMLSimpleApplication@1ef5e4d4
reloadAllAccessors: .StringConstant

===========================================================================================
----------------- testing Thu Jun 04 14:36:55 UTC 2020 /home/travis/build/icyphy/ptII/ptolemy/actor/lib/test/auto/SubscriberPortInitialValues1.xml
----------------- Instantiating /home/travis/build/icyphy/ptII/ptolemy/actor/lib/test/auto/SubscriberPortInitialValues1.xml
12 ms. Memory: 471040K Free: 209425K (44%)
----------------- Invoking toplevel() on ptolemy.moml.MoMLSimpleApplication@7260caa
----------------- Done invoking toplevel() on ptolemy.moml.MoMLSimpleApplication@7260caa
reloadAllAccessors: .SubscriberPortInitialValues1

===========================================================================================
----------------- testing Thu Jun 04 14:36:55 UTC 2020 /home/travis/build/icyphy/ptII/ptolemy/actor/lib/test/auto/SubscriberPortInitialValues13.xml
----------------- Instantiating /home/travis/build/icyphy/ptII/ptolemy/actor/lib/test/auto/SubscriberPortInitialValues13.xml
6 ms. Memory: 471040K Free: 196623K (42%)
----------------- Invoking toplevel() on ptolemy.moml.MoMLSimpleApplication@6825e118
----------------- Done invoking toplevel() on ptolemy.moml.MoMLSimpleApplication@6825e118
reloadAllAccessors: .SubscriberPortInitialValues13

===========================================================================================
----------------- testing Thu Jun 04 14:36:55 UTC 2020 /home/travis/build/icyphy/ptII/ptolemy/actor/lib/test/auto/SubscriberPortInitialValues14.xml
----------------- Instantiating /home/travis/build/icyphy/ptII/ptolemy/actor/lib/test/auto/SubscriberPortInitialValues14.xml
4 ms. Memory: 471040K Free: 188945K (40%)
----------------- Invoking toplevel() on ptolemy.moml.MoMLSimpleApplication@111b3d82
----------------- Done invoking toplevel() on ptolemy.moml.MoMLSimpleApplication@111b3d82
reloadAllAccessors: .SubscriberPortInitialValues14

===========================================================================================
----------------- testing Thu Jun 04 14:36:55 UTC 2020 /home/travis/build/icyphy/ptII/ptolemy/actor/lib/test/auto/SubscriberPortInitialValues2.xml
----------------- Instantiating /home/travis/build/icyphy/ptII/ptolemy/actor/lib/test/auto/SubscriberPortInitialValues2.xml
3 ms. Memory: 471040K Free: 181263K (38%)
----------------- Invoking toplevel() on ptolemy.moml.MoMLSimpleApplication@5dd9d38d
----------------- Done invoking toplevel() on ptolemy.moml.MoMLSimpleApplication@5dd9d38d
reloadAllAccessors: .SubscriberPortInitialValues2

===========================================================================================
----------------- testing Thu Jun 04 14:36:55 UTC 2020 /home/travis/build/icyphy/ptII/ptolemy/actor/lib/test/auto/SubscriberPortInitialValues3.xml
----------------- Instantiating /home/travis/build/icyphy/ptII/ptolemy/actor/lib/test/auto/SubscriberPortInitialValues3.xml
4 ms. Memory: 471040K Free: 170513K (36%)
----------------- Invoking toplevel() on ptolemy.moml.MoMLSimpleApplication@7b435ab
----------------- Done invoking toplevel() on ptolemy.moml.MoMLSimpleApplication@7b435ab
reloadAllAccessors: .SubscriberPortInitialValues3

===========================================================================================
----------------- testing Thu Jun 04 14:36:55 UTC 2020 /home/travis/build/icyphy/ptII/ptolemy/actor/lib/test/auto/SubscriptionAggregator.xml
----------------- Instantiating /home/travis/build/icyphy/ptII/ptolemy/actor/lib/test/auto/SubscriptionAggregator.xml
3 ms. Memory: 471040K Free: 163841K (35%)
----------------- Invoking toplevel() on ptolemy.moml.MoMLSimpleApplication@5655f89f
----------------- Done invoking toplevel() on ptolemy.moml.MoMLSimpleApplication@5655f89f
reloadAllAccessors: .SubscriptionAggregator

===========================================================================================
----------------- testing Thu Jun 04 14:36:55 UTC 2020 /home/travis/build/icyphy/ptII/ptolemy/actor/lib/test/auto/SubscriptionAggregator2.xml
----------------- Instantiating /home/travis/build/icyphy/ptII/ptolemy/actor/lib/test/auto/SubscriptionAggregator2.xml
2 ms. Memory: 471040K Free: 156681K (33%)
----------------- Invoking toplevel() on ptolemy.moml.MoMLSimpleApplication@645bf7f5
----------------- Done invoking toplevel() on ptolemy.moml.MoMLSimpleApplication@645bf7f5
reloadAllAccessors: .SubscriptionAggregator2

===========================================================================================
----------------- testing Thu Jun 04 14:36:55 UTC 2020 /home/travis/build/icyphy/ptII/ptolemy/actor/lib/test/auto/SubscriptionAggregator3.xml
----------------- Instantiating /home/travis/build/icyphy/ptII/ptolemy/actor/lib/test/auto/SubscriptionAggregator3.xml
5 ms. Memory: 471040K Free: 147985K (31%)
----------------- Invoking toplevel() on ptolemy.moml.MoMLSimpleApplication@3489ebe6
----------------- Done invoking toplevel() on ptolemy.moml.MoMLSimpleApplication@3489ebe6
reloadAllAccessors: .SubscriptionAggregator3

===========================================================================================
----------------- testing Thu Jun 04 14:36:55 UTC 2020 /home/travis/build/icyphy/ptII/ptolemy/actor/lib/test/auto/SubscriptionAggregatorMultiply.xml
----------------- Instantiating /home/travis/build/icyphy/ptII/ptolemy/actor/lib/test/auto/SubscriptionAggregatorMultiply.xml
3 ms. Memory: 471040K Free: 139793K (30%)
----------------- Invoking toplevel() on ptolemy.moml.MoMLSimpleApplication@265cd3a
----------------- Done invoking toplevel() on ptolemy.moml.MoMLSimpleApplication@265cd3a
reloadAllAccessors: .SubscriptionAggregatorMultiply

===========================================================================================
----------------- testing Thu Jun 04 14:36:56 UTC 2020 /home/travis/build/icyphy/ptII/ptolemy/actor/lib/test/auto/SubscriptionAggregatorPortMultiply1.xml
----------------- Instantiating /home/travis/build/icyphy/ptII/ptolemy/actor/lib/test/auto/SubscriptionAggregatorPortMultiply1.xml
4 ms. Memory: 471040K Free: 409121K (87%)
----------------- Invoking toplevel() on ptolemy.moml.MoMLSimpleApplication@24a707f
----------------- Done invoking toplevel() on ptolemy.moml.MoMLSimpleApplication@24a707f
reloadAllAccessors: .SubscriptionAggregatorPortMultiply1

===========================================================================================
----------------- testing Thu Jun 04 14:36:56 UTC 2020 /home/travis/build/icyphy/ptII/ptolemy/actor/lib/test/auto/Switch.xml
----------------- Instantiating /home/travis/build/icyphy/ptII/ptolemy/actor/lib/test/auto/Switch.xml
4 ms. Memory: 471040K Free: 400929K (85%)
----------------- Invoking toplevel() on ptolemy.moml.MoMLSimpleApplication@a6ba29a
----------------- Done invoking toplevel() on ptolemy.moml.MoMLSimpleApplication@a6ba29a
reloadAllAccessors: .Switch

===========================================================================================
----------------- testing Thu Jun 04 14:36:56 UTC 2020 /home/travis/build/icyphy/ptII/ptolemy/actor/lib/test/auto/Switch2.xml
----------------- Instantiating /home/travis/build/icyphy/ptII/ptolemy/actor/lib/test/auto/Switch2.xml
1 ms. Memory: 471040K Free: 396323K (84%)
----------------- Invoking toplevel() on ptolemy.moml.MoMLSimpleApplication@166a2448
----------------- Done invoking toplevel() on ptolemy.moml.MoMLSimpleApplication@166a2448
reloadAllAccessors: .Switch2

===========================================================================================
----------------- testing Thu Jun 04 14:36:56 UTC 2020 /home/travis/build/icyphy/ptII/ptolemy/actor/lib/test/auto/SwitchDE.xml
----------------- Instantiating /home/travis/build/icyphy/ptII/ptolemy/actor/lib/test/auto/SwitchDE.xml
4 ms. Memory: 471040K Free: 390179K (83%)
----------------- Invoking toplevel() on ptolemy.moml.MoMLSimpleApplication@1fa84a27
----------------- Done invoking toplevel() on ptolemy.moml.MoMLSimpleApplication@1fa84a27
reloadAllAccessors: .SwitchDE

===========================================================================================
----------------- testing Thu Jun 04 14:36:56 UTC 2020 /home/travis/build/icyphy/ptII/ptolemy/actor/lib/test/auto/SynchronizerDE.xml
----------------- Instantiating /home/travis/build/icyphy/ptII/ptolemy/actor/lib/test/auto/SynchronizerDE.xml
7 ms. Memory: 471040K Free: 381987K (81%)
----------------- Invoking toplevel() on ptolemy.moml.MoMLSimpleApplication@1a0c39ef
----------------- Done invoking toplevel() on ptolemy.moml.MoMLSimpleApplication@1a0c39ef
reloadAllAccessors: .SynchronizerDE

===========================================================================================
----------------- testing Thu Jun 04 14:36:56 UTC 2020 /home/travis/build/icyphy/ptII/ptolemy/actor/lib/test/auto/Test.xml
----------------- Instantiating /home/travis/build/icyphy/ptII/ptolemy/actor/lib/test/auto/Test.xml
2 ms. Memory: 471040K Free: 376867K (80%)
----------------- Invoking toplevel() on ptolemy.moml.MoMLSimpleApplication@52d4ae28
----------------- Done invoking toplevel() on ptolemy.moml.MoMLSimpleApplication@52d4ae28
reloadAllAccessors: .Test

===========================================================================================
----------------- testing Thu Jun 04 14:36:56 UTC 2020 /home/travis/build/icyphy/ptII/ptolemy/actor/lib/test/auto/TestExceptionAttribute1.xml
----------------- Instantiating /home/travis/build/icyphy/ptII/ptolemy/actor/lib/test/auto/TestExceptionAttribute1.xml
1 ms. Memory: 471040K Free: 373281K (79%)
----------------- Invoking toplevel() on ptolemy.moml.MoMLSimpleApplication@51e7ee08
----------------- Done invoking toplevel() on ptolemy.moml.MoMLSimpleApplication@51e7ee08
reloadAllAccessors: .TestExceptionAttribute1

===========================================================================================
----------------- testing Thu Jun 04 14:36:56 UTC 2020 /home/travis/build/icyphy/ptII/ptolemy/actor/lib/test/auto/TestExceptionAttribute2.xml
----------------- Instantiating /home/travis/build/icyphy/ptII/ptolemy/actor/lib/test/auto/TestExceptionAttribute2.xml
1 ms. Memory: 471040K Free: 369699K (78%)
----------------- Invoking toplevel() on ptolemy.moml.MoMLSimpleApplication@4ddae7a0
----------------- Done invoking toplevel() on ptolemy.moml.MoMLSimpleApplication@4ddae7a0
reloadAllAccessors: .TestExceptionAttribute2

===========================================================================================
----------------- testing Thu Jun 04 14:36:56 UTC 2020 /home/travis/build/icyphy/ptII/ptolemy/actor/lib/test/auto/TestExceptionAttribute3.xml
----------------- Instantiating /home/travis/build/icyphy/ptII/ptolemy/actor/lib/test/auto/TestExceptionAttribute3.xml
.TestExceptionAttribute3.TestExceptionAttribute: initialize() was not invoked, but wrapup() was.  This is unusual, but not always a problem.  For example, exporting JNLP will do this.
1 ms. Memory: 471040K Free: 366113K (78%)
----------------- Invoking toplevel() on ptolemy.moml.MoMLSimpleApplication@57cc000e
----------------- Done invoking toplevel() on ptolemy.moml.MoMLSimpleApplication@57cc000e
reloadAllAccessors: .TestExceptionAttribute3

===========================================================================================
----------------- testing Thu Jun 04 14:36:56 UTC 2020 /home/travis/build/icyphy/ptII/ptolemy/actor/lib/test/auto/TestExceptionAttribute4.xml
----------------- Instantiating /home/travis/build/icyphy/ptII/ptolemy/actor/lib/test/auto/TestExceptionAttribute4.xml
.TestExceptionAttribute4.TestExceptionAttribute: initialize() was not invoked, but wrapup() was.  This is unusual, but not always a problem.  For example, exporting JNLP will do this.
.TestExceptionAttribute4.TestExceptionAttribute2: initialize() was not invoked, but wrapup() was.  This is unusual, but not always a problem.  For example, exporting JNLP will do this.
1 ms. Memory: 471040K Free: 362017K (77%)
----------------- Invoking toplevel() on ptolemy.moml.MoMLSimpleApplication@82b9264
----------------- Done invoking toplevel() on ptolemy.moml.MoMLSimpleApplication@82b9264
reloadAllAccessors: .TestExceptionAttribute4

===========================================================================================
----------------- testing Thu Jun 04 14:36:56 UTC 2020 /home/travis/build/icyphy/ptII/ptolemy/actor/lib/test/auto/TestExceptionHandler1.xml
----------------- Instantiating /home/travis/build/icyphy/ptII/ptolemy/actor/lib/test/auto/TestExceptionHandler1.xml
1 ms. Memory: 471040K Free: 358435K (76%)
----------------- Invoking toplevel() on ptolemy.moml.MoMLSimpleApplication@33c719b2
----------------- Done invoking toplevel() on ptolemy.moml.MoMLSimpleApplication@33c719b2
reloadAllAccessors: .TestExceptionHandler1

===========================================================================================
----------------- testing Thu Jun 04 14:36:56 UTC 2020 /home/travis/build/icyphy/ptII/ptolemy/actor/lib/test/auto/TestExceptionHandler2.xml
----------------- Instantiating /home/travis/build/icyphy/ptII/ptolemy/actor/lib/test/auto/TestExceptionHandler2.xml
1 ms. Memory: 471040K Free: 354849K (75%)
----------------- Invoking toplevel() on ptolemy.moml.MoMLSimpleApplication@38c0ba8e
----------------- Done invoking toplevel() on ptolemy.moml.MoMLSimpleApplication@38c0ba8e
reloadAllAccessors: .TestExceptionHandler2

===========================================================================================
----------------- testing Thu Jun 04 14:36:56 UTC 2020 /home/travis/build/icyphy/ptII/ptolemy/actor/lib/test/auto/TestExceptionHandler3.xml
----------------- Instantiating /home/travis/build/icyphy/ptII/ptolemy/actor/lib/test/auto/TestExceptionHandler3.xml
0 ms. Memory: 471040K Free: 350753K (74%)
----------------- Invoking toplevel() on ptolemy.moml.MoMLSimpleApplication@72c242ee
----------------- Done invoking toplevel() on ptolemy.moml.MoMLSimpleApplication@72c242ee
reloadAllAccessors: .TestExceptionHandler3

===========================================================================================
----------------- testing Thu Jun 04 14:36:56 UTC 2020 /home/travis/build/icyphy/ptII/ptolemy/actor/lib/test/auto/TestExceptionHandler4.xml
----------------- Instantiating /home/travis/build/icyphy/ptII/ptolemy/actor/lib/test/auto/TestExceptionHandler4.xml
0 ms. Memory: 471040K Free: 346657K (74%)
----------------- Invoking toplevel() on ptolemy.moml.MoMLSimpleApplication@2db4be0c
----------------- Done invoking toplevel() on ptolemy.moml.MoMLSimpleApplication@2db4be0c
reloadAllAccessors: .TestExceptionHandler4

===========================================================================================
----------------- testing Thu Jun 04 14:36:56 UTC 2020 /home/travis/build/icyphy/ptII/ptolemy/actor/lib/test/auto/TestRequireCorrectOrder.xml
----------------- Instantiating /home/travis/build/icyphy/ptII/ptolemy/actor/lib/test/auto/TestRequireCorrectOrder.xml
4 ms. Memory: 471040K Free: 341523K (73%)
----------------- Invoking toplevel() on ptolemy.moml.MoMLSimpleApplication@6cda43aa
----------------- Done invoking toplevel() on ptolemy.moml.MoMLSimpleApplication@6cda43aa
reloadAllAccessors: .TestRequireCorrectOrder

===========================================================================================
----------------- testing Thu Jun 04 14:36:56 UTC 2020 /home/travis/build/icyphy/ptII/ptolemy/actor/lib/test/auto/TestSimple.xml
----------------- Instantiating /home/travis/build/icyphy/ptII/ptolemy/actor/lib/test/auto/TestSimple.xml
1 ms. Memory: 471040K Free: 337441K (72%)
----------------- Invoking toplevel() on ptolemy.moml.MoMLSimpleApplication@4420aa6b
----------------- Done invoking toplevel() on ptolemy.moml.MoMLSimpleApplication@4420aa6b
reloadAllAccessors: .TestSimple

===========================================================================================
----------------- testing Thu Jun 04 14:36:56 UTC 2020 /home/travis/build/icyphy/ptII/ptolemy/actor/lib/test/auto/ThrowModelError.xml
----------------- Instantiating /home/travis/build/icyphy/ptII/ptolemy/actor/lib/test/auto/ThrowModelError.xml
1 ms. Memory: 471040K Free: 332835K (71%)
----------------- Invoking toplevel() on ptolemy.moml.MoMLSimpleApplication@7928ae58
----------------- Done invoking toplevel() on ptolemy.moml.MoMLSimpleApplication@7928ae58
reloadAllAccessors: .ThrowModelError

===========================================================================================
----------------- testing Thu Jun 04 14:36:56 UTC 2020 /home/travis/build/icyphy/ptII/ptolemy/actor/lib/test/auto/TimeDelayMicrosteps.xml
----------------- Instantiating /home/travis/build/icyphy/ptII/ptolemy/actor/lib/test/auto/TimeDelayMicrosteps.xml
2 ms. Memory: 471040K Free: 326171K (69%)
----------------- Invoking toplevel() on ptolemy.moml.MoMLSimpleApplication@18cabc09
----------------- Done invoking toplevel() on ptolemy.moml.MoMLSimpleApplication@18cabc09
reloadAllAccessors: .TimeDelayMicrosteps

===========================================================================================
----------------- testing Thu Jun 04 14:36:56 UTC 2020 /home/travis/build/icyphy/ptII/ptolemy/actor/lib/test/auto/TimeDelayMicrosteps2.xml
----------------- Instantiating /home/travis/build/icyphy/ptII/ptolemy/actor/lib/test/auto/TimeDelayMicrosteps2.xml
3 ms. Memory: 471040K Free: 318979K (68%)
----------------- Invoking toplevel() on ptolemy.moml.MoMLSimpleApplication@695fbd15
----------------- Done invoking toplevel() on ptolemy.moml.MoMLSimpleApplication@695fbd15
reloadAllAccessors: .TimeDelayMicrosteps2

===========================================================================================
----------------- testing Thu Jun 04 14:36:56 UTC 2020 /home/travis/build/icyphy/ptII/ptolemy/actor/lib/test/auto/TimeDelayMicrosteps3.xml
----------------- Instantiating /home/travis/build/icyphy/ptII/ptolemy/actor/lib/test/auto/TimeDelayMicrosteps3.xml
2 ms. Memory: 471040K Free: 312355K (66%)
----------------- Invoking toplevel() on ptolemy.moml.MoMLSimpleApplication@54653119
----------------- Done invoking toplevel() on ptolemy.moml.MoMLSimpleApplication@54653119
reloadAllAccessors: .TimeDelayMicrosteps3

===========================================================================================
----------------- testing Thu Jun 04 14:36:56 UTC 2020 /home/travis/build/icyphy/ptII/ptolemy/actor/lib/test/auto/TimeDelayVariableMicrosteps.xml
----------------- Instantiating /home/travis/build/icyphy/ptII/ptolemy/actor/lib/test/auto/TimeDelayVariableMicrosteps.xml
2 ms. Memory: 471040K Free: 305694K (65%)
----------------- Invoking toplevel() on ptolemy.moml.MoMLSimpleApplication@3075d14c
----------------- Done invoking toplevel() on ptolemy.moml.MoMLSimpleApplication@3075d14c
reloadAllAccessors: .TimeDelayVariableMicrosteps

===========================================================================================
----------------- testing Thu Jun 04 14:36:56 UTC 2020 /home/travis/build/icyphy/ptII/ptolemy/actor/lib/test/auto/TimeGap.xml
----------------- Instantiating /home/travis/build/icyphy/ptII/ptolemy/actor/lib/test/auto/TimeGap.xml
3 ms. Memory: 471040K Free: 300067K (64%)
----------------- Invoking toplevel() on ptolemy.moml.MoMLSimpleApplication@302db762
----------------- Done invoking toplevel() on ptolemy.moml.MoMLSimpleApplication@302db762
reloadAllAccessors: .TimeGap

===========================================================================================
----------------- testing Thu Jun 04 14:36:56 UTC 2020 /home/travis/build/icyphy/ptII/ptolemy/actor/lib/test/auto/TimeGap2.xml
----------------- Instantiating /home/travis/build/icyphy/ptII/ptolemy/actor/lib/test/auto/TimeGap2.xml
2 ms. Memory: 471040K Free: 294403K (63%)
----------------- Invoking toplevel() on ptolemy.moml.MoMLSimpleApplication@f16b65a
----------------- Done invoking toplevel() on ptolemy.moml.MoMLSimpleApplication@f16b65a
reloadAllAccessors: .TimeGap2

===========================================================================================
----------------- testing Thu Jun 04 14:36:56 UTC 2020 /home/travis/build/icyphy/ptII/ptolemy/actor/lib/test/auto/TimedSinewave.xml
----------------- Instantiating /home/travis/build/icyphy/ptII/ptolemy/actor/lib/test/auto/TimedSinewave.xml
20 ms. Memory: 471040K Free: 279073K (59%)
----------------- Invoking toplevel() on ptolemy.moml.MoMLSimpleApplication@4eca61e5
----------------- Done invoking toplevel() on ptolemy.moml.MoMLSimpleApplication@4eca61e5
reloadAllAccessors: .TimedSinewave

===========================================================================================
----------------- testing Thu Jun 04 14:36:56 UTC 2020 /home/travis/build/icyphy/ptII/ptolemy/actor/lib/test/auto/TimedSinewavePhase.xml
----------------- Instantiating /home/travis/build/icyphy/ptII/ptolemy/actor/lib/test/auto/TimedSinewavePhase.xml
8 ms. Memory: 471040K Free: 269347K (57%)
----------------- Invoking toplevel() on ptolemy.moml.MoMLSimpleApplication@380c020
----------------- Done invoking toplevel() on ptolemy.moml.MoMLSimpleApplication@380c020
reloadAllAccessors: .TimedSinewavePhase

===========================================================================================
----------------- testing Thu Jun 04 14:36:56 UTC 2020 /home/travis/build/icyphy/ptII/ptolemy/actor/lib/test/auto/Timer.xml
----------------- Instantiating /home/travis/build/icyphy/ptII/ptolemy/actor/lib/test/auto/Timer.xml
2 ms. Memory: 471040K Free: 263707K (56%)
----------------- Invoking toplevel() on ptolemy.moml.MoMLSimpleApplication@2625d50a
----------------- Done invoking toplevel() on ptolemy.moml.MoMLSimpleApplication@2625d50a
reloadAllAccessors: .Timer

===========================================================================================
----------------- testing Thu Jun 04 14:36:56 UTC 2020 /home/travis/build/icyphy/ptII/ptolemy/actor/lib/test/auto/TriangularDistTestModel.xml
----------------- Instantiating /home/travis/build/icyphy/ptII/ptolemy/actor/lib/test/auto/TriangularDistTestModel.xml
2 ms. Memory: 471040K Free: 258083K (55%)
----------------- Invoking toplevel() on ptolemy.moml.MoMLSimpleApplication@2fb31b55
----------------- Done invoking toplevel() on ptolemy.moml.MoMLSimpleApplication@2fb31b55
reloadAllAccessors: .TriangularDistTestModel

===========================================================================================
----------------- testing Thu Jun 04 14:36:56 UTC 2020 /home/travis/build/icyphy/ptII/ptolemy/actor/lib/test/auto/TrigFunction.xml
----------------- Instantiating /home/travis/build/icyphy/ptII/ptolemy/actor/lib/test/auto/TrigFunction.xml
1 ms. Memory: 471040K Free: 253473K (54%)
----------------- Invoking toplevel() on ptolemy.moml.MoMLSimpleApplication@4981923b
----------------- Done invoking toplevel() on ptolemy.moml.MoMLSimpleApplication@4981923b
reloadAllAccessors: .TrigFunction

===========================================================================================
----------------- testing Thu Jun 04 14:36:56 UTC 2020 /home/travis/build/icyphy/ptII/ptolemy/actor/lib/test/auto/TrigFunctionDE.xml
----------------- Instantiating /home/travis/build/icyphy/ptII/ptolemy/actor/lib/test/auto/TrigFunctionDE.xml
2 ms. Memory: 471040K Free: 247843K (53%)
----------------- Invoking toplevel() on ptolemy.moml.MoMLSimpleApplication@2f28bab2
----------------- Done invoking toplevel() on ptolemy.moml.MoMLSimpleApplication@2f28bab2
reloadAllAccessors: .TrigFunctionDE

===========================================================================================
----------------- testing Thu Jun 04 14:36:56 UTC 2020 /home/travis/build/icyphy/ptII/ptolemy/actor/lib/test/auto/TrigFunctionInverse.xml
----------------- Instantiating /home/travis/build/icyphy/ptII/ptolemy/actor/lib/test/auto/TrigFunctionInverse.xml
2 ms. Memory: 471040K Free: 242209K (51%)
----------------- Invoking toplevel() on ptolemy.moml.MoMLSimpleApplication@2615aa4e
----------------- Done invoking toplevel() on ptolemy.moml.MoMLSimpleApplication@2615aa4e
reloadAllAccessors: .TrigFunctionInverse

===========================================================================================
----------------- testing Thu Jun 04 14:36:56 UTC 2020 /home/travis/build/icyphy/ptII/ptolemy/actor/lib/test/auto/TrigFunctionTan.xml
----------------- Instantiating /home/travis/build/icyphy/ptII/ptolemy/actor/lib/test/auto/TrigFunctionTan.xml
1 ms. Memory: 471040K Free: 238113K (51%)
----------------- Invoking toplevel() on ptolemy.moml.MoMLSimpleApplication@59911a73
----------------- Done invoking toplevel() on ptolemy.moml.MoMLSimpleApplication@59911a73
reloadAllAccessors: .TrigFunctionTan

===========================================================================================
----------------- testing Thu Jun 04 14:36:56 UTC 2020 /home/travis/build/icyphy/ptII/ptolemy/actor/lib/test/auto/TriggeredClock.xml
----------------- Instantiating /home/travis/build/icyphy/ptII/ptolemy/actor/lib/test/auto/TriggeredClock.xml
2 ms. Memory: 471040K Free: 233475K (50%)
----------------- Invoking toplevel() on ptolemy.moml.MoMLSimpleApplication@6364f49c
----------------- Done invoking toplevel() on ptolemy.moml.MoMLSimpleApplication@6364f49c
reloadAllAccessors: .TriggeredClock

===========================================================================================
----------------- testing Thu Jun 04 14:36:56 UTC 2020 /home/travis/build/icyphy/ptII/ptolemy/actor/lib/test/auto/URLDirectoryReader.xml
----------------- Instantiating /home/travis/build/icyphy/ptII/ptolemy/actor/lib/test/auto/URLDirectoryReader.xml
50 ms. Memory: 471040K Free: 223777K (48%)
----------------- Invoking toplevel() on ptolemy.moml.MoMLSimpleApplication@1c11576
----------------- Done invoking toplevel() on ptolemy.moml.MoMLSimpleApplication@1c11576
reloadAllAccessors: .URLDirectoryReader

===========================================================================================
----------------- testing Thu Jun 04 14:36:56 UTC 2020 /home/travis/build/icyphy/ptII/ptolemy/actor/lib/test/auto/URLDirectoryReader3.xml
----------------- Instantiating /home/travis/build/icyphy/ptII/ptolemy/actor/lib/test/auto/URLDirectoryReader3.xml
1339 ms. Memory: 471040K Free: 408428K (87%)
----------------- Invoking toplevel() on ptolemy.moml.MoMLSimpleApplication@11c41871
----------------- Done invoking toplevel() on ptolemy.moml.MoMLSimpleApplication@11c41871
reloadAllAccessors: .URLDirectoryReader3

===========================================================================================
----------------- testing Thu Jun 04 14:36:58 UTC 2020 /home/travis/build/icyphy/ptII/ptolemy/actor/lib/test/auto/UnaryMathFunction.xml
----------------- Instantiating /home/travis/build/icyphy/ptII/ptolemy/actor/lib/test/auto/UnaryMathFunction.xml
3 ms. Memory: 471040K Free: 400622K (85%)
----------------- Invoking toplevel() on ptolemy.moml.MoMLSimpleApplication@571e9e63
----------------- Done invoking toplevel() on ptolemy.moml.MoMLSimpleApplication@571e9e63
reloadAllAccessors: .UnaryMathFunction

===========================================================================================
----------------- testing Thu Jun 04 14:36:58 UTC 2020 /home/travis/build/icyphy/ptII/ptolemy/actor/lib/test/auto/Uniform.xml
----------------- Instantiating /home/travis/build/icyphy/ptII/ptolemy/actor/lib/test/auto/Uniform.xml
4 ms. Memory: 471040K Free: 396006K (84%)
----------------- Invoking toplevel() on ptolemy.moml.MoMLSimpleApplication@79ec0d2c
----------------- Done invoking toplevel() on ptolemy.moml.MoMLSimpleApplication@79ec0d2c
reloadAllAccessors: .Uniform

===========================================================================================
----------------- testing Thu Jun 04 14:36:58 UTC 2020 /home/travis/build/icyphy/ptII/ptolemy/actor/lib/test/auto/UnionDisassemblerTest.xml
----------------- Instantiating /home/travis/build/icyphy/ptII/ptolemy/actor/lib/test/auto/UnionDisassemblerTest.xml
22 ms. Memory: 471040K Free: 392430K (83%)
----------------- Invoking toplevel() on ptolemy.moml.MoMLSimpleApplication@7bd5aff4
----------------- Done invoking toplevel() on ptolemy.moml.MoMLSimpleApplication@7bd5aff4
reloadAllAccessors: .UnionDisassemblerTest

===========================================================================================
----------------- testing Thu Jun 04 14:36:58 UTC 2020 /home/travis/build/icyphy/ptII/ptolemy/actor/lib/test/auto/UtilityFunctions.xml
----------------- Instantiating /home/travis/build/icyphy/ptII/ptolemy/actor/lib/test/auto/UtilityFunctions.xml
1 ms. Memory: 471040K Free: 388334K (82%)
----------------- Invoking toplevel() on ptolemy.moml.MoMLSimpleApplication@b3f85df
----------------- Done invoking toplevel() on ptolemy.moml.MoMLSimpleApplication@b3f85df
reloadAllAccessors: .UtilityFunctions

===========================================================================================
----------------- testing Thu Jun 04 14:36:58 UTC 2020 /home/travis/build/icyphy/ptII/ptolemy/actor/lib/test/auto/VariableSleep.xml
----------------- Instantiating /home/travis/build/icyphy/ptII/ptolemy/actor/lib/test/auto/VariableSleep.xml
503 ms. Memory: 471040K Free: 382700K (81%)
----------------- Invoking toplevel() on ptolemy.moml.MoMLSimpleApplication@4b4c7fd6
----------------- Done invoking toplevel() on ptolemy.moml.MoMLSimpleApplication@4b4c7fd6
reloadAllAccessors: .VariableSleep

===========================================================================================
----------------- testing Thu Jun 04 14:36:58 UTC 2020 /home/travis/build/icyphy/ptII/ptolemy/actor/lib/test/auto/VectorAssemblerDisassemblerCT.xml
----------------- Instantiating /home/travis/build/icyphy/ptII/ptolemy/actor/lib/test/auto/VectorAssemblerDisassemblerCT.xml
62 ms. Memory: 471040K Free: 362220K (77%)
----------------- Invoking toplevel() on ptolemy.moml.MoMLSimpleApplication@44eb9538
----------------- Done invoking toplevel() on ptolemy.moml.MoMLSimpleApplication@44eb9538
reloadAllAccessors: .VectorAssemblerDisassemblerCT

===========================================================================================
----------------- testing Thu Jun 04 14:36:59 UTC 2020 /home/travis/build/icyphy/ptII/ptolemy/actor/lib/test/auto/VectorAssemblerDisassemblerDE.xml
----------------- Instantiating /home/travis/build/icyphy/ptII/ptolemy/actor/lib/test/auto/VectorAssemblerDisassemblerDE.xml
2 ms. Memory: 471040K Free: 355052K (75%)
----------------- Invoking toplevel() on ptolemy.moml.MoMLSimpleApplication@2d639a8b
----------------- Done invoking toplevel() on ptolemy.moml.MoMLSimpleApplication@2d639a8b
reloadAllAccessors: .VectorAssemblerDisassemblerDE

===========================================================================================
----------------- testing Thu Jun 04 14:36:59 UTC 2020 /home/travis/build/icyphy/ptII/ptolemy/actor/lib/test/auto/VectorAssemblerDisassemblerSDF.xml
----------------- Instantiating /home/travis/build/icyphy/ptII/ptolemy/actor/lib/test/auto/VectorAssemblerDisassemblerSDF.xml
3 ms. Memory: 471040K Free: 348398K (74%)
----------------- Invoking toplevel() on ptolemy.moml.MoMLSimpleApplication@65d366cb
----------------- Done invoking toplevel() on ptolemy.moml.MoMLSimpleApplication@65d366cb
reloadAllAccessors: .VectorAssemblerDisassemblerSDF

===========================================================================================
----------------- testing Thu Jun 04 14:36:59 UTC 2020 /home/travis/build/icyphy/ptII/ptolemy/actor/lib/test/auto/WallClockTime.xml
----------------- Instantiating /home/travis/build/icyphy/ptII/ptolemy/actor/lib/test/auto/WallClockTime.xml
1004 ms. Memory: 471040K Free: 343278K (73%)
----------------- Invoking toplevel() on ptolemy.moml.MoMLSimpleApplication@231f998e
----------------- Done invoking toplevel() on ptolemy.moml.MoMLSimpleApplication@231f998e
reloadAllAccessors: .WallClockTime

===========================================================================================
----------------- testing Thu Jun 04 14:37:00 UTC 2020 /home/travis/build/icyphy/ptII/ptolemy/actor/lib/test/auto/WidthTestWithSubscriberPublisher.xml
----------------- Instantiating /home/travis/build/icyphy/ptII/ptolemy/actor/lib/test/auto/WidthTestWithSubscriberPublisher.xml
7 ms. Memory: 471040K Free: 325870K (69%)
----------------- Invoking toplevel() on ptolemy.moml.MoMLSimpleApplication@3a020bfd
----------------- Done invoking toplevel() on ptolemy.moml.MoMLSimpleApplication@3a020bfd
reloadAllAccessors: .WidthTestWithSubscriberPublisher

===========================================================================================
----------------- testing Thu Jun 04 14:37:00 UTC 2020 /home/travis/build/icyphy/ptII/ptolemy/actor/lib/test/auto/WidthTestWithSubscriberPublisher2.xml
----------------- Instantiating /home/travis/build/icyphy/ptII/ptolemy/actor/lib/test/auto/WidthTestWithSubscriberPublisher2.xml
3 ms. Memory: 471040K Free: 319212K (68%)
----------------- Invoking toplevel() on ptolemy.moml.MoMLSimpleApplication@72457bbb
----------------- Done invoking toplevel() on ptolemy.moml.MoMLSimpleApplication@72457bbb
reloadAllAccessors: .WidthTestWithSubscriberPublisher2

===========================================================================================
----------------- testing Thu Jun 04 14:37:00 UTC 2020 /home/travis/build/icyphy/ptII/ptolemy/actor/lib/test/auto/WidthTestWithSubscriberPublisher3.xml
----------------- Instantiating /home/travis/build/icyphy/ptII/ptolemy/actor/lib/test/auto/WidthTestWithSubscriberPublisher3.xml
2 ms. Memory: 471040K Free: 313582K (67%)
----------------- Invoking toplevel() on ptolemy.moml.MoMLSimpleApplication@761d81fc
----------------- Done invoking toplevel() on ptolemy.moml.MoMLSimpleApplication@761d81fc
reloadAllAccessors: .WidthTestWithSubscriberPublisher3

===========================================================================================
----------------- testing Thu Jun 04 14:37:00 UTC 2020 /home/travis/build/icyphy/ptII/ptolemy/actor/lib/test/auto/Writer.xml
----------------- Instantiating /home/travis/build/icyphy/ptII/ptolemy/actor/lib/test/auto/Writer.xml
0
1
2
3
4
1 ms. Memory: 471040K Free: 309486K (66%)
----------------- Invoking toplevel() on ptolemy.moml.MoMLSimpleApplication@2d149c0d
----------------- Done invoking toplevel() on ptolemy.moml.MoMLSimpleApplication@2d149c0d
reloadAllAccessors: .Writer

===========================================================================================
----------------- testing Thu Jun 04 14:37:00 UTC 2020 /home/travis/build/icyphy/ptII/ptolemy/actor/lib/test/auto/array.xml
----------------- Instantiating /home/travis/build/icyphy/ptII/ptolemy/actor/lib/test/auto/array.xml
2 ms. Memory: 471040K Free: 304876K (65%)
----------------- Invoking toplevel() on ptolemy.moml.MoMLSimpleApplication@3ccf4c71
----------------- Done invoking toplevel() on ptolemy.moml.MoMLSimpleApplication@3ccf4c71
reloadAllAccessors: .array

===========================================================================================
----------------- testing Thu Jun 04 14:37:00 UTC 2020 /home/travis/build/icyphy/ptII/ptolemy/actor/lib/test/auto/array2.xml
----------------- Instantiating /home/travis/build/icyphy/ptII/ptolemy/actor/lib/test/auto/array2.xml
4 ms. Memory: 471040K Free: 300270K (64%)
----------------- Invoking toplevel() on ptolemy.moml.MoMLSimpleApplication@42739e24
----------------- Done invoking toplevel() on ptolemy.moml.MoMLSimpleApplication@42739e24
reloadAllAccessors: .array2

===========================================================================================
----------------- testing Thu Jun 04 14:37:00 UTC 2020 /home/travis/build/icyphy/ptII/ptolemy/actor/lib/test/auto/arrayType.xml
----------------- Instantiating /home/travis/build/icyphy/ptII/ptolemy/actor/lib/test/auto/arrayType.xml
2 ms. Memory: 471040K Free: 295150K (63%)
----------------- Invoking toplevel() on ptolemy.moml.MoMLSimpleApplication@278fb1b8
----------------- Done invoking toplevel() on ptolemy.moml.MoMLSimpleApplication@278fb1b8
reloadAllAccessors: .arrayType

===========================================================================================
----------------- testing Thu Jun 04 14:37:00 UTC 2020 /home/travis/build/icyphy/ptII/ptolemy/actor/lib/test/auto/arrayType10.xml
----------------- Instantiating /home/travis/build/icyphy/ptII/ptolemy/actor/lib/test/auto/arrayType10.xml
1 ms. Memory: 471040K Free: 290030K (62%)
----------------- Invoking toplevel() on ptolemy.moml.MoMLSimpleApplication@365e07d6
----------------- Done invoking toplevel() on ptolemy.moml.MoMLSimpleApplication@365e07d6
reloadAllAccessors: .arrayType10

===========================================================================================
----------------- testing Thu Jun 04 14:37:00 UTC 2020 /home/travis/build/icyphy/ptII/ptolemy/actor/lib/test/auto/arrayType11.xml
----------------- Instantiating /home/travis/build/icyphy/ptII/ptolemy/actor/lib/test/auto/arrayType11.xml
1 ms. Memory: 471040K Free: 285420K (61%)
----------------- Invoking toplevel() on ptolemy.moml.MoMLSimpleApplication@502bfa5e
----------------- Done invoking toplevel() on ptolemy.moml.MoMLSimpleApplication@502bfa5e
reloadAllAccessors: .arrayType11

===========================================================================================
----------------- testing Thu Jun 04 14:37:00 UTC 2020 /home/travis/build/icyphy/ptII/ptolemy/actor/lib/test/auto/arrayType12.xml
----------------- Instantiating /home/travis/build/icyphy/ptII/ptolemy/actor/lib/test/auto/arrayType12.xml
1 ms. Memory: 471040K Free: 280814K (60%)
----------------- Invoking toplevel() on ptolemy.moml.MoMLSimpleApplication@5d3c842a
----------------- Done invoking toplevel() on ptolemy.moml.MoMLSimpleApplication@5d3c842a
reloadAllAccessors: .arrayType12

===========================================================================================
----------------- testing Thu Jun 04 14:37:00 UTC 2020 /home/travis/build/icyphy/ptII/ptolemy/actor/lib/test/auto/arrayType13.xml
----------------- Instantiating /home/travis/build/icyphy/ptII/ptolemy/actor/lib/test/auto/arrayType13.xml
2 ms. Memory: 471040K Free: 275694K (59%)
----------------- Invoking toplevel() on ptolemy.moml.MoMLSimpleApplication@7a4a1b20
----------------- Done invoking toplevel() on ptolemy.moml.MoMLSimpleApplication@7a4a1b20
reloadAllAccessors: .arrayType13

===========================================================================================
----------------- testing Thu Jun 04 14:37:00 UTC 2020 /home/travis/build/icyphy/ptII/ptolemy/actor/lib/test/auto/arrayType14.xml
----------------- Instantiating /home/travis/build/icyphy/ptII/ptolemy/actor/lib/test/auto/arrayType14.xml
1 ms. Memory: 471040K Free: 270574K (57%)
----------------- Invoking toplevel() on ptolemy.moml.MoMLSimpleApplication@1a39d1db
----------------- Done invoking toplevel() on ptolemy.moml.MoMLSimpleApplication@1a39d1db
reloadAllAccessors: .arrayType14

===========================================================================================
----------------- testing Thu Jun 04 14:37:00 UTC 2020 /home/travis/build/icyphy/ptII/ptolemy/actor/lib/test/auto/arrayType15.xml
----------------- Instantiating /home/travis/build/icyphy/ptII/ptolemy/actor/lib/test/auto/arrayType15.xml
2 ms. Memory: 471040K Free: 264940K (56%)
----------------- Invoking toplevel() on ptolemy.moml.MoMLSimpleApplication@411ceb90
----------------- Done invoking toplevel() on ptolemy.moml.MoMLSimpleApplication@411ceb90
reloadAllAccessors: .arrayType15

===========================================================================================
----------------- testing Thu Jun 04 14:37:00 UTC 2020 /home/travis/build/icyphy/ptII/ptolemy/actor/lib/test/auto/arrayType16.xml
----------------- Instantiating /home/travis/build/icyphy/ptII/ptolemy/actor/lib/test/auto/arrayType16.xml
1 ms. Memory: 471040K Free: 259820K (55%)
----------------- Invoking toplevel() on ptolemy.moml.MoMLSimpleApplication@11de2875
----------------- Done invoking toplevel() on ptolemy.moml.MoMLSimpleApplication@11de2875
reloadAllAccessors: .arrayType16

===========================================================================================
----------------- testing Thu Jun 04 14:37:00 UTC 2020 /home/travis/build/icyphy/ptII/ptolemy/actor/lib/test/auto/arrayType17.xml
----------------- Instantiating /home/travis/build/icyphy/ptII/ptolemy/actor/lib/test/auto/arrayType17.xml
1 ms. Memory: 471040K Free: 254700K (54%)
----------------- Invoking toplevel() on ptolemy.moml.MoMLSimpleApplication@77e4df79
----------------- Done invoking toplevel() on ptolemy.moml.MoMLSimpleApplication@77e4df79
reloadAllAccessors: .arrayType17

===========================================================================================
----------------- testing Thu Jun 04 14:37:00 UTC 2020 /home/travis/build/icyphy/ptII/ptolemy/actor/lib/test/auto/arrayType18.xml
----------------- Instantiating /home/travis/build/icyphy/ptII/ptolemy/actor/lib/test/auto/arrayType18.xml
1 ms. Memory: 471040K Free: 250094K (53%)
----------------- Invoking toplevel() on ptolemy.moml.MoMLSimpleApplication@22b38875
----------------- Done invoking toplevel() on ptolemy.moml.MoMLSimpleApplication@22b38875
reloadAllAccessors: .arrayType18

===========================================================================================
----------------- testing Thu Jun 04 14:37:00 UTC 2020 /home/travis/build/icyphy/ptII/ptolemy/actor/lib/test/auto/arrayType19.xml
----------------- Instantiating /home/travis/build/icyphy/ptII/ptolemy/actor/lib/test/auto/arrayType19.xml
2 ms. Memory: 471040K Free: 244974K (52%)
----------------- Invoking toplevel() on ptolemy.moml.MoMLSimpleApplication@672f6b51
----------------- Done invoking toplevel() on ptolemy.moml.MoMLSimpleApplication@672f6b51
reloadAllAccessors: .arrayType19

===========================================================================================
----------------- testing Thu Jun 04 14:37:00 UTC 2020 /home/travis/build/icyphy/ptII/ptolemy/actor/lib/test/auto/arrayType2.xml
----------------- Instantiating /home/travis/build/icyphy/ptII/ptolemy/actor/lib/test/auto/arrayType2.xml
1 ms. Memory: 471040K Free: 239854K (51%)
----------------- Invoking toplevel() on ptolemy.moml.MoMLSimpleApplication@4b46bc41
----------------- Done invoking toplevel() on ptolemy.moml.MoMLSimpleApplication@4b46bc41
reloadAllAccessors: .arrayType2

===========================================================================================
----------------- testing Thu Jun 04 14:37:00 UTC 2020 /home/travis/build/icyphy/ptII/ptolemy/actor/lib/test/auto/arrayType20.xml
----------------- Instantiating /home/travis/build/icyphy/ptII/ptolemy/actor/lib/test/auto/arrayType20.xml
2 ms. Memory: 471040K Free: 235244K (50%)
----------------- Invoking toplevel() on ptolemy.moml.MoMLSimpleApplication@18a07757
----------------- Done invoking toplevel() on ptolemy.moml.MoMLSimpleApplication@18a07757
reloadAllAccessors: .arrayType20

===========================================================================================
----------------- testing Thu Jun 04 14:37:00 UTC 2020 /home/travis/build/icyphy/ptII/ptolemy/actor/lib/test/auto/arrayType21.xml
----------------- Instantiating /home/travis/build/icyphy/ptII/ptolemy/actor/lib/test/auto/arrayType21.xml
2 ms. Memory: 471040K Free: 230638K (49%)
----------------- Invoking toplevel() on ptolemy.moml.MoMLSimpleApplication@7fd7aef9
----------------- Done invoking toplevel() on ptolemy.moml.MoMLSimpleApplication@7fd7aef9
reloadAllAccessors: .arrayType21

===========================================================================================
----------------- testing Thu Jun 04 14:37:00 UTC 2020 /home/travis/build/icyphy/ptII/ptolemy/actor/lib/test/auto/arrayType22.xml
----------------- Instantiating /home/travis/build/icyphy/ptII/ptolemy/actor/lib/test/auto/arrayType22.xml
1 ms. Memory: 471040K Free: 226028K (48%)
----------------- Invoking toplevel() on ptolemy.moml.MoMLSimpleApplication@40ff4323
----------------- Done invoking toplevel() on ptolemy.moml.MoMLSimpleApplication@40ff4323
reloadAllAccessors: .arrayType22

===========================================================================================
----------------- testing Thu Jun 04 14:37:00 UTC 2020 /home/travis/build/icyphy/ptII/ptolemy/actor/lib/test/auto/arrayType23.xml
----------------- Instantiating /home/travis/build/icyphy/ptII/ptolemy/actor/lib/test/auto/arrayType23.xml
1 ms. Memory: 471040K Free: 220908K (47%)
----------------- Invoking toplevel() on ptolemy.moml.MoMLSimpleApplication@303ead59
----------------- Done invoking toplevel() on ptolemy.moml.MoMLSimpleApplication@303ead59
reloadAllAccessors: .arrayType23

===========================================================================================
----------------- testing Thu Jun 04 14:37:00 UTC 2020 /home/travis/build/icyphy/ptII/ptolemy/actor/lib/test/auto/arrayType24.xml
----------------- Instantiating /home/travis/build/icyphy/ptII/ptolemy/actor/lib/test/auto/arrayType24.xml
1 ms. Memory: 471040K Free: 216302K (46%)
----------------- Invoking toplevel() on ptolemy.moml.MoMLSimpleApplication@10b4ea83
----------------- Done invoking toplevel() on ptolemy.moml.MoMLSimpleApplication@10b4ea83
reloadAllAccessors: .arrayType24

===========================================================================================
----------------- testing Thu Jun 04 14:37:00 UTC 2020 /home/travis/build/icyphy/ptII/ptolemy/actor/lib/test/auto/arrayType25.xml
----------------- Instantiating /home/travis/build/icyphy/ptII/ptolemy/actor/lib/test/auto/arrayType25.xml
1 ms. Memory: 471040K Free: 211182K (45%)
----------------- Invoking toplevel() on ptolemy.moml.MoMLSimpleApplication@8ab7fd2
----------------- Done invoking toplevel() on ptolemy.moml.MoMLSimpleApplication@8ab7fd2
reloadAllAccessors: .arrayType25

===========================================================================================
----------------- testing Thu Jun 04 14:37:00 UTC 2020 /home/travis/build/icyphy/ptII/ptolemy/actor/lib/test/auto/arrayType26.xml
----------------- Instantiating /home/travis/build/icyphy/ptII/ptolemy/actor/lib/test/auto/arrayType26.xml
2 ms. Memory: 471040K Free: 206062K (44%)
----------------- Invoking toplevel() on ptolemy.moml.MoMLSimpleApplication@54852cf6
----------------- Done invoking toplevel() on ptolemy.moml.MoMLSimpleApplication@54852cf6
reloadAllAccessors: .arrayType26

===========================================================================================
----------------- testing Thu Jun 04 14:37:00 UTC 2020 /home/travis/build/icyphy/ptII/ptolemy/actor/lib/test/auto/arrayType27.xml
----------------- Instantiating /home/travis/build/icyphy/ptII/ptolemy/actor/lib/test/auto/arrayType27.xml
1 ms. Memory: 471040K Free: 200428K (43%)
----------------- Invoking toplevel() on ptolemy.moml.MoMLSimpleApplication@22d43945
----------------- Done invoking toplevel() on ptolemy.moml.MoMLSimpleApplication@22d43945
reloadAllAccessors: .arrayType27

===========================================================================================
----------------- testing Thu Jun 04 14:37:00 UTC 2020 /home/travis/build/icyphy/ptII/ptolemy/actor/lib/test/auto/arrayType28.xml
----------------- Instantiating /home/travis/build/icyphy/ptII/ptolemy/actor/lib/test/auto/arrayType28.xml
1 ms. Memory: 471040K Free: 195308K (41%)
----------------- Invoking toplevel() on ptolemy.moml.MoMLSimpleApplication@646c10df
----------------- Done invoking toplevel() on ptolemy.moml.MoMLSimpleApplication@646c10df
reloadAllAccessors: .arrayType28

===========================================================================================
----------------- testing Thu Jun 04 14:37:00 UTC 2020 /home/travis/build/icyphy/ptII/ptolemy/actor/lib/test/auto/arrayType3.xml
----------------- Instantiating /home/travis/build/icyphy/ptII/ptolemy/actor/lib/test/auto/arrayType3.xml
1 ms. Memory: 471040K Free: 190188K (40%)
----------------- Invoking toplevel() on ptolemy.moml.MoMLSimpleApplication@71776a6a
----------------- Done invoking toplevel() on ptolemy.moml.MoMLSimpleApplication@71776a6a
reloadAllAccessors: .arrayType3

===========================================================================================
----------------- testing Thu Jun 04 14:37:00 UTC 2020 /home/travis/build/icyphy/ptII/ptolemy/actor/lib/test/auto/arrayType4.xml
----------------- Instantiating /home/travis/build/icyphy/ptII/ptolemy/actor/lib/test/auto/arrayType4.xml
2 ms. Memory: 471040K Free: 185068K (39%)
----------------- Invoking toplevel() on ptolemy.moml.MoMLSimpleApplication@284804e3
----------------- Done invoking toplevel() on ptolemy.moml.MoMLSimpleApplication@284804e3
reloadAllAccessors: .arrayType4

===========================================================================================
----------------- testing Thu Jun 04 14:37:00 UTC 2020 /home/travis/build/icyphy/ptII/ptolemy/actor/lib/test/auto/arrayType5.xml
----------------- Instantiating /home/travis/build/icyphy/ptII/ptolemy/actor/lib/test/auto/arrayType5.xml
1 ms. Memory: 471040K Free: 179438K (38%)
----------------- Invoking toplevel() on ptolemy.moml.MoMLSimpleApplication@4cfe4be0
----------------- Done invoking toplevel() on ptolemy.moml.MoMLSimpleApplication@4cfe4be0
reloadAllAccessors: .arrayType5

===========================================================================================
----------------- testing Thu Jun 04 14:37:00 UTC 2020 /home/travis/build/icyphy/ptII/ptolemy/actor/lib/test/auto/arrayType6.xml
----------------- Instantiating /home/travis/build/icyphy/ptII/ptolemy/actor/lib/test/auto/arrayType6.xml
1 ms. Memory: 471040K Free: 174828K (37%)
----------------- Invoking toplevel() on ptolemy.moml.MoMLSimpleApplication@c6e152b
----------------- Done invoking toplevel() on ptolemy.moml.MoMLSimpleApplication@c6e152b
reloadAllAccessors: .arrayType6

===========================================================================================
----------------- testing Thu Jun 04 14:37:00 UTC 2020 /home/travis/build/icyphy/ptII/ptolemy/actor/lib/test/auto/arrayType7.xml
----------------- Instantiating /home/travis/build/icyphy/ptII/ptolemy/actor/lib/test/auto/arrayType7.xml
1 ms. Memory: 471040K Free: 170222K (36%)
----------------- Invoking toplevel() on ptolemy.moml.MoMLSimpleApplication@4c6a7f6
----------------- Done invoking toplevel() on ptolemy.moml.MoMLSimpleApplication@4c6a7f6
reloadAllAccessors: .arrayType7

===========================================================================================
----------------- testing Thu Jun 04 14:37:00 UTC 2020 /home/travis/build/icyphy/ptII/ptolemy/actor/lib/test/auto/arrayType8.xml
----------------- Instantiating /home/travis/build/icyphy/ptII/ptolemy/actor/lib/test/auto/arrayType8.xml
2 ms. Memory: 471040K Free: 165612K (35%)
----------------- Invoking toplevel() on ptolemy.moml.MoMLSimpleApplication@342ae2ee
----------------- Done invoking toplevel() on ptolemy.moml.MoMLSimpleApplication@342ae2ee
reloadAllAccessors: .arrayType8

===========================================================================================
----------------- testing Thu Jun 04 14:37:00 UTC 2020 /home/travis/build/icyphy/ptII/ptolemy/actor/lib/test/auto/arrayType9.xml
----------------- Instantiating /home/travis/build/icyphy/ptII/ptolemy/actor/lib/test/auto/arrayType9.xml
6 ms. Memory: 471040K Free: 160492K (34%)
----------------- Invoking toplevel() on ptolemy.moml.MoMLSimpleApplication@68c7245
----------------- Done invoking toplevel() on ptolemy.moml.MoMLSimpleApplication@68c7245
reloadAllAccessors: .arrayType9

===========================================================================================
----------------- testing Thu Jun 04 14:37:00 UTC 2020 /home/travis/build/icyphy/ptII/ptolemy/actor/lib/test/auto/cast.xml
----------------- Instantiating /home/travis/build/icyphy/ptII/ptolemy/actor/lib/test/auto/cast.xml
2 ms. Memory: 471040K Free: 155886K (33%)
----------------- Invoking toplevel() on ptolemy.moml.MoMLSimpleApplication@2ebeadbb
----------------- Done invoking toplevel() on ptolemy.moml.MoMLSimpleApplication@2ebeadbb
reloadAllAccessors: .cast

===========================================================================================
----------------- testing Thu Jun 04 14:37:00 UTC 2020 /home/travis/build/icyphy/ptII/ptolemy/actor/lib/test/auto/compositeMultiPort.xml
----------------- Instantiating /home/travis/build/icyphy/ptII/ptolemy/actor/lib/test/auto/compositeMultiPort.xml
3 ms. Memory: 471040K Free: 147174K (31%)
----------------- Invoking toplevel() on ptolemy.moml.MoMLSimpleApplication@ddb133c
----------------- Done invoking toplevel() on ptolemy.moml.MoMLSimpleApplication@ddb133c
reloadAllAccessors: .compositeMultiPort

===========================================================================================
----------------- testing Thu Jun 04 14:37:00 UTC 2020 /home/travis/build/icyphy/ptII/ptolemy/actor/lib/test/auto/expressionCastInference.xml
----------------- Instantiating /home/travis/build/icyphy/ptII/ptolemy/actor/lib/test/auto/expressionCastInference.xml
2 ms. Memory: 471040K Free: 142574K (30%)
----------------- Invoking toplevel() on ptolemy.moml.MoMLSimpleApplication@ebef95b
----------------- Done invoking toplevel() on ptolemy.moml.MoMLSimpleApplication@ebef95b
reloadAllAccessors: .expressionCastInference

===========================================================================================
----------------- testing Thu Jun 04 14:37:00 UTC 2020 /home/travis/build/icyphy/ptII/ptolemy/actor/lib/test/auto/expressionCastInference2.xml
----------------- Instantiating /home/travis/build/icyphy/ptII/ptolemy/actor/lib/test/auto/expressionCastInference2.xml
2 ms. Memory: 471040K Free: 137454K (29%)
----------------- Invoking toplevel() on ptolemy.moml.MoMLSimpleApplication@169de083
----------------- Done invoking toplevel() on ptolemy.moml.MoMLSimpleApplication@169de083
reloadAllAccessors: .expressionCastInference2

===========================================================================================
----------------- testing Thu Jun 04 14:37:00 UTC 2020 /home/travis/build/icyphy/ptII/ptolemy/actor/lib/test/auto/expressionInference.xml
----------------- Instantiating /home/travis/build/icyphy/ptII/ptolemy/actor/lib/test/auto/expressionInference.xml
1 ms. Memory: 471040K Free: 409776K (87%)
----------------- Invoking toplevel() on ptolemy.moml.MoMLSimpleApplication@5f657b60
----------------- Done invoking toplevel() on ptolemy.moml.MoMLSimpleApplication@5f657b60
reloadAllAccessors: .expressionInference

===========================================================================================
----------------- testing Thu Jun 04 14:37:00 UTC 2020 /home/travis/build/icyphy/ptII/ptolemy/actor/lib/test/auto/expression_bug.xml
----------------- Instantiating /home/travis/build/icyphy/ptII/ptolemy/actor/lib/test/auto/expression_bug.xml
2 ms. Memory: 471040K Free: 405680K (86%)
----------------- Invoking toplevel() on ptolemy.moml.MoMLSimpleApplication@6962fc25
----------------- Done invoking toplevel() on ptolemy.moml.MoMLSimpleApplication@6962fc25
reloadAllAccessors: .expression_bug

===========================================================================================
----------------- testing Thu Jun 04 14:37:00 UTC 2020 /home/travis/build/icyphy/ptII/ptolemy/actor/lib/test/auto/factorial.xml
----------------- Instantiating /home/travis/build/icyphy/ptII/ptolemy/actor/lib/test/auto/factorial.xml
36 ms. Memory: 471040K Free: 396978K (84%)
----------------- Invoking toplevel() on ptolemy.moml.MoMLSimpleApplication@4405f829
----------------- Done invoking toplevel() on ptolemy.moml.MoMLSimpleApplication@4405f829
reloadAllAccessors: .factorial

===========================================================================================
----------------- testing Thu Jun 04 14:37:00 UTC 2020 /home/travis/build/icyphy/ptII/ptolemy/actor/lib/test/auto/filterTest1.xml
----------------- Instantiating /home/travis/build/icyphy/ptII/ptolemy/actor/lib/test/auto/filterTest1.xml
4 ms. Memory: 471040K Free: 391344K (83%)
----------------- Invoking toplevel() on ptolemy.moml.MoMLSimpleApplication@7a28c91c
----------------- Done invoking toplevel() on ptolemy.moml.MoMLSimpleApplication@7a28c91c
reloadAllAccessors: .filterTest1

===========================================================================================
----------------- testing Thu Jun 04 14:37:00 UTC 2020 /home/travis/build/icyphy/ptII/ptolemy/actor/lib/test/auto/funcApplyInConst.xml
----------------- Instantiating /home/travis/build/icyphy/ptII/ptolemy/actor/lib/test/auto/funcApplyInConst.xml
1 ms. Memory: 471040K Free: 387762K (82%)
----------------- Invoking toplevel() on ptolemy.moml.MoMLSimpleApplication@61d0ccf2
----------------- Done invoking toplevel() on ptolemy.moml.MoMLSimpleApplication@61d0ccf2
reloadAllAccessors: .funcApplyInConst

===========================================================================================
----------------- testing Thu Jun 04 14:37:00 UTC 2020 /home/travis/build/icyphy/ptII/ptolemy/actor/lib/test/auto/funcApplyInExpr.xml
----------------- Instantiating /home/travis/build/icyphy/ptII/ptolemy/actor/lib/test/auto/funcApplyInExpr.xml
1 ms. Memory: 471040K Free: 384176K (82%)
----------------- Invoking toplevel() on ptolemy.moml.MoMLSimpleApplication@3f8579fd
----------------- Done invoking toplevel() on ptolemy.moml.MoMLSimpleApplication@3f8579fd
reloadAllAccessors: .funcApplyInExpr

===========================================================================================
----------------- testing Thu Jun 04 14:37:00 UTC 2020 /home/travis/build/icyphy/ptII/ptolemy/actor/lib/test/auto/function.xml
----------------- Instantiating /home/travis/build/icyphy/ptII/ptolemy/actor/lib/test/auto/function.xml
2 ms. Memory: 471040K Free: 379056K (80%)
----------------- Invoking toplevel() on ptolemy.moml.MoMLSimpleApplication@6c525035
----------------- Done invoking toplevel() on ptolemy.moml.MoMLSimpleApplication@6c525035
reloadAllAccessors: .function

===========================================================================================
----------------- testing Thu Jun 04 14:37:00 UTC 2020 /home/travis/build/icyphy/ptII/ptolemy/actor/lib/test/auto/function2.xml
----------------- Instantiating /home/travis/build/icyphy/ptII/ptolemy/actor/lib/test/auto/function2.xml
2 ms. Memory: 471040K Free: 374450K (79%)
----------------- Invoking toplevel() on ptolemy.moml.MoMLSimpleApplication@1e61d590
----------------- Done invoking toplevel() on ptolemy.moml.MoMLSimpleApplication@1e61d590
reloadAllAccessors: .function2

===========================================================================================
----------------- testing Thu Jun 04 14:37:00 UTC 2020 /home/travis/build/icyphy/ptII/ptolemy/actor/lib/test/auto/function3.xml
----------------- Instantiating /home/travis/build/icyphy/ptII/ptolemy/actor/lib/test/auto/function3.xml
1 ms. Memory: 471040K Free: 370864K (79%)
----------------- Invoking toplevel() on ptolemy.moml.MoMLSimpleApplication@d40d16e
----------------- Done invoking toplevel() on ptolemy.moml.MoMLSimpleApplication@d40d16e
reloadAllAccessors: .function3

===========================================================================================
----------------- testing Thu Jun 04 14:37:00 UTC 2020 /home/travis/build/icyphy/ptII/ptolemy/actor/lib/test/auto/functionClosureTest1.xml
----------------- Instantiating /home/travis/build/icyphy/ptII/ptolemy/actor/lib/test/auto/functionClosureTest1.xml
1 ms. Memory: 471040K Free: 364720K (77%)
----------------- Invoking toplevel() on ptolemy.moml.MoMLSimpleApplication@28f86ea3
----------------- Done invoking toplevel() on ptolemy.moml.MoMLSimpleApplication@28f86ea3
reloadAllAccessors: .functionClosureTest1

===========================================================================================
----------------- testing Thu Jun 04 14:37:00 UTC 2020 /home/travis/build/icyphy/ptII/ptolemy/actor/lib/test/auto/functionClosureTest2.xml
----------------- Instantiating /home/travis/build/icyphy/ptII/ptolemy/actor/lib/test/auto/functionClosureTest2.xml
1 ms. Memory: 471040K Free: 361138K (77%)
----------------- Invoking toplevel() on ptolemy.moml.MoMLSimpleApplication@26d50507
----------------- Done invoking toplevel() on ptolemy.moml.MoMLSimpleApplication@26d50507
reloadAllAccessors: .functionClosureTest2

===========================================================================================
----------------- testing Thu Jun 04 14:37:00 UTC 2020 /home/travis/build/icyphy/ptII/ptolemy/actor/lib/test/auto/functionClosureTest3.xml
----------------- Instantiating /home/travis/build/icyphy/ptII/ptolemy/actor/lib/test/auto/functionClosureTest3.xml
2 ms. Memory: 471040K Free: 356018K (76%)
----------------- Invoking toplevel() on ptolemy.moml.MoMLSimpleApplication@64ea8dc7
----------------- Done invoking toplevel() on ptolemy.moml.MoMLSimpleApplication@64ea8dc7
reloadAllAccessors: .functionClosureTest3

===========================================================================================
----------------- testing Thu Jun 04 14:37:00 UTC 2020 /home/travis/build/icyphy/ptII/ptolemy/actor/lib/test/auto/functionClosureTest4.xml
----------------- Instantiating /home/travis/build/icyphy/ptII/ptolemy/actor/lib/test/auto/functionClosureTest4.xml
7 ms. Memory: 471040K Free: 349874K (74%)
----------------- Invoking toplevel() on ptolemy.moml.MoMLSimpleApplication@2ec604aa
----------------- Done invoking toplevel() on ptolemy.moml.MoMLSimpleApplication@2ec604aa
reloadAllAccessors: .functionClosureTest4

===========================================================================================
----------------- testing Thu Jun 04 14:37:00 UTC 2020 /home/travis/build/icyphy/ptII/ptolemy/actor/lib/test/auto/functionClosureTest5.xml
----------------- Instantiating /home/travis/build/icyphy/ptII/ptolemy/actor/lib/test/auto/functionClosureTest5.xml
4 ms. Memory: 471040K Free: 344240K (73%)
----------------- Invoking toplevel() on ptolemy.moml.MoMLSimpleApplication@42f8f970
----------------- Done invoking toplevel() on ptolemy.moml.MoMLSimpleApplication@42f8f970
reloadAllAccessors: .functionClosureTest5

===========================================================================================
----------------- testing Thu Jun 04 14:37:00 UTC 2020 /home/travis/build/icyphy/ptII/ptolemy/actor/lib/test/auto/functionClosureTest6.xml
----------------- Instantiating /home/travis/build/icyphy/ptII/ptolemy/actor/lib/test/auto/functionClosureTest6.xml
1 ms. Memory: 471040K Free: 339634K (72%)
----------------- Invoking toplevel() on ptolemy.moml.MoMLSimpleApplication@3cdb35dd
----------------- Done invoking toplevel() on ptolemy.moml.MoMLSimpleApplication@3cdb35dd
reloadAllAccessors: .functionClosureTest6

===========================================================================================
----------------- testing Thu Jun 04 14:37:00 UTC 2020 /home/travis/build/icyphy/ptII/ptolemy/actor/lib/test/auto/functionsOnArcs.xml
----------------- Instantiating /home/travis/build/icyphy/ptII/ptolemy/actor/lib/test/auto/functionsOnArcs.xml
2 ms. Memory: 471040K Free: 334514K (71%)
----------------- Invoking toplevel() on ptolemy.moml.MoMLSimpleApplication@369e8c02
----------------- Done invoking toplevel() on ptolemy.moml.MoMLSimpleApplication@369e8c02
reloadAllAccessors: .functionsOnArcs

===========================================================================================
----------------- testing Thu Jun 04 14:37:00 UTC 2020 /home/travis/build/icyphy/ptII/ptolemy/actor/lib/test/auto/functionsOnArcsHOF.xml
----------------- Instantiating /home/travis/build/icyphy/ptII/ptolemy/actor/lib/test/auto/functionsOnArcsHOF.xml
4 ms. Memory: 471040K Free: 328370K (70%)
----------------- Invoking toplevel() on ptolemy.moml.MoMLSimpleApplication@3b50ac26
----------------- Done invoking toplevel() on ptolemy.moml.MoMLSimpleApplication@3b50ac26
reloadAllAccessors: .functionsOnArcsHOF

===========================================================================================
----------------- testing Thu Jun 04 14:37:01 UTC 2020 /home/travis/build/icyphy/ptII/ptolemy/actor/lib/test/auto/logic.xml
----------------- Instantiating /home/travis/build/icyphy/ptII/ptolemy/actor/lib/test/auto/logic.xml
2 ms. Memory: 471040K Free: 321202K (68%)
----------------- Invoking toplevel() on ptolemy.moml.MoMLSimpleApplication@16a8c339
----------------- Done invoking toplevel() on ptolemy.moml.MoMLSimpleApplication@16a8c339
reloadAllAccessors: .logic

===========================================================================================
----------------- testing Thu Jun 04 14:37:01 UTC 2020 /home/travis/build/icyphy/ptII/ptolemy/actor/lib/test/auto/matrixType.xml
----------------- Instantiating /home/travis/build/icyphy/ptII/ptolemy/actor/lib/test/auto/matrixType.xml
1 ms. Memory: 471040K Free: 316592K (67%)
----------------- Invoking toplevel() on ptolemy.moml.MoMLSimpleApplication@20a953fd
----------------- Done invoking toplevel() on ptolemy.moml.MoMLSimpleApplication@20a953fd
reloadAllAccessors: .matrixType

===========================================================================================
----------------- testing Thu Jun 04 14:37:01 UTC 2020 /home/travis/build/icyphy/ptII/ptolemy/actor/lib/test/auto/matrixType10.xml
----------------- Instantiating /home/travis/build/icyphy/ptII/ptolemy/actor/lib/test/auto/matrixType10.xml
2 ms. Memory: 471040K Free: 311472K (66%)
----------------- Invoking toplevel() on ptolemy.moml.MoMLSimpleApplication@643a8f9
----------------- Done invoking toplevel() on ptolemy.moml.MoMLSimpleApplication@643a8f9
reloadAllAccessors: .matrixType10

===========================================================================================
----------------- testing Thu Jun 04 14:37:01 UTC 2020 /home/travis/build/icyphy/ptII/ptolemy/actor/lib/test/auto/matrixType11.xml
----------------- Instantiating /home/travis/build/icyphy/ptII/ptolemy/actor/lib/test/auto/matrixType11.xml
1 ms. Memory: 471040K Free: 306866K (65%)
----------------- Invoking toplevel() on ptolemy.moml.MoMLSimpleApplication@13021c0
----------------- Done invoking toplevel() on ptolemy.moml.MoMLSimpleApplication@13021c0
reloadAllAccessors: .matrixType11

===========================================================================================
----------------- testing Thu Jun 04 14:37:01 UTC 2020 /home/travis/build/icyphy/ptII/ptolemy/actor/lib/test/auto/matrixType12.xml
----------------- Instantiating /home/travis/build/icyphy/ptII/ptolemy/actor/lib/test/auto/matrixType12.xml
1 ms. Memory: 471040K Free: 302256K (64%)
----------------- Invoking toplevel() on ptolemy.moml.MoMLSimpleApplication@2b0a812a
----------------- Done invoking toplevel() on ptolemy.moml.MoMLSimpleApplication@2b0a812a
reloadAllAccessors: .matrixType12

===========================================================================================
----------------- testing Thu Jun 04 14:37:01 UTC 2020 /home/travis/build/icyphy/ptII/ptolemy/actor/lib/test/auto/matrixType13.xml
----------------- Instantiating /home/travis/build/icyphy/ptII/ptolemy/actor/lib/test/auto/matrixType13.xml
2 ms. Memory: 471040K Free: 297136K (63%)
----------------- Invoking toplevel() on ptolemy.moml.MoMLSimpleApplication@774b7f66
----------------- Done invoking toplevel() on ptolemy.moml.MoMLSimpleApplication@774b7f66
reloadAllAccessors: .matrixType13

===========================================================================================
----------------- testing Thu Jun 04 14:37:01 UTC 2020 /home/travis/build/icyphy/ptII/ptolemy/actor/lib/test/auto/matrixType14.xml
----------------- Instantiating /home/travis/build/icyphy/ptII/ptolemy/actor/lib/test/auto/matrixType14.xml
1 ms. Memory: 471040K Free: 292016K (62%)
----------------- Invoking toplevel() on ptolemy.moml.MoMLSimpleApplication@389cf8ca
----------------- Done invoking toplevel() on ptolemy.moml.MoMLSimpleApplication@389cf8ca
reloadAllAccessors: .matrixType14

===========================================================================================
----------------- testing Thu Jun 04 14:37:01 UTC 2020 /home/travis/build/icyphy/ptII/ptolemy/actor/lib/test/auto/matrixType2.xml
----------------- Instantiating /home/travis/build/icyphy/ptII/ptolemy/actor/lib/test/auto/matrixType2.xml
1 ms. Memory: 471040K Free: 286882K (61%)
----------------- Invoking toplevel() on ptolemy.moml.MoMLSimpleApplication@781ae800
----------------- Done invoking toplevel() on ptolemy.moml.MoMLSimpleApplication@781ae800
reloadAllAccessors: .matrixType2

===========================================================================================
----------------- testing Thu Jun 04 14:37:01 UTC 2020 /home/travis/build/icyphy/ptII/ptolemy/actor/lib/test/auto/matrixType3.xml
----------------- Instantiating /home/travis/build/icyphy/ptII/ptolemy/actor/lib/test/auto/matrixType3.xml
3 ms. Memory: 471040K Free: 281776K (60%)
----------------- Invoking toplevel() on ptolemy.moml.MoMLSimpleApplication@4d5e6bf5
----------------- Done invoking toplevel() on ptolemy.moml.MoMLSimpleApplication@4d5e6bf5
reloadAllAccessors: .matrixType3

===========================================================================================
----------------- testing Thu Jun 04 14:37:01 UTC 2020 /home/travis/build/icyphy/ptII/ptolemy/actor/lib/test/auto/matrixType4.xml
----------------- Instantiating /home/travis/build/icyphy/ptII/ptolemy/actor/lib/test/auto/matrixType4.xml
2 ms. Memory: 471040K Free: 277170K (59%)
----------------- Invoking toplevel() on ptolemy.moml.MoMLSimpleApplication@139dc2c2
----------------- Done invoking toplevel() on ptolemy.moml.MoMLSimpleApplication@139dc2c2
reloadAllAccessors: .matrixType4

===========================================================================================
----------------- testing Thu Jun 04 14:37:01 UTC 2020 /home/travis/build/icyphy/ptII/ptolemy/actor/lib/test/auto/matrixType5.xml
----------------- Instantiating /home/travis/build/icyphy/ptII/ptolemy/actor/lib/test/auto/matrixType5.xml
2 ms. Memory: 471040K Free: 272050K (58%)
----------------- Invoking toplevel() on ptolemy.moml.MoMLSimpleApplication@bb90c75
----------------- Done invoking toplevel() on ptolemy.moml.MoMLSimpleApplication@bb90c75
reloadAllAccessors: .matrixType5

===========================================================================================
----------------- testing Thu Jun 04 14:37:01 UTC 2020 /home/travis/build/icyphy/ptII/ptolemy/actor/lib/test/auto/matrixType6.xml
----------------- Instantiating /home/travis/build/icyphy/ptII/ptolemy/actor/lib/test/auto/matrixType6.xml
2 ms. Memory: 471040K Free: 267440K (57%)
----------------- Invoking toplevel() on ptolemy.moml.MoMLSimpleApplication@640cb23d
----------------- Done invoking toplevel() on ptolemy.moml.MoMLSimpleApplication@640cb23d
reloadAllAccessors: .matrixType6

===========================================================================================
----------------- testing Thu Jun 04 14:37:01 UTC 2020 /home/travis/build/icyphy/ptII/ptolemy/actor/lib/test/auto/matrixType7.xml
----------------- Instantiating /home/travis/build/icyphy/ptII/ptolemy/actor/lib/test/auto/matrixType7.xml
1 ms. Memory: 471040K Free: 262834K (56%)
----------------- Invoking toplevel() on ptolemy.moml.MoMLSimpleApplication@517a7bf3
----------------- Done invoking toplevel() on ptolemy.moml.MoMLSimpleApplication@517a7bf3
reloadAllAccessors: .matrixType7

===========================================================================================
----------------- testing Thu Jun 04 14:37:01 UTC 2020 /home/travis/build/icyphy/ptII/ptolemy/actor/lib/test/auto/matrixType8.xml
----------------- Instantiating /home/travis/build/icyphy/ptII/ptolemy/actor/lib/test/auto/matrixType8.xml
1 ms. Memory: 471040K Free: 257714K (55%)
----------------- Invoking toplevel() on ptolemy.moml.MoMLSimpleApplication@653c1301
----------------- Done invoking toplevel() on ptolemy.moml.MoMLSimpleApplication@653c1301
reloadAllAccessors: .matrixType8

===========================================================================================
----------------- testing Thu Jun 04 14:37:01 UTC 2020 /home/travis/build/icyphy/ptII/ptolemy/actor/lib/test/auto/matrixType9.xml
----------------- Instantiating /home/travis/build/icyphy/ptII/ptolemy/actor/lib/test/auto/matrixType9.xml
1 ms. Memory: 471040K Free: 253104K (54%)
----------------- Invoking toplevel() on ptolemy.moml.MoMLSimpleApplication@2471e355
----------------- Done invoking toplevel() on ptolemy.moml.MoMLSimpleApplication@2471e355
reloadAllAccessors: .matrixType9

===========================================================================================
----------------- testing Thu Jun 04 14:37:01 UTC 2020 /home/travis/build/icyphy/ptII/ptolemy/actor/lib/test/auto/paraFunctest.xml
----------------- Instantiating /home/travis/build/icyphy/ptII/ptolemy/actor/lib/test/auto/paraFunctest.xml
1 ms. Memory: 471040K Free: 249522K (53%)
----------------- Invoking toplevel() on ptolemy.moml.MoMLSimpleApplication@5dd9d417
----------------- Done invoking toplevel() on ptolemy.moml.MoMLSimpleApplication@5dd9d417
reloadAllAccessors: .paraFunctest

===========================================================================================
----------------- testing Thu Jun 04 14:37:01 UTC 2020 /home/travis/build/icyphy/ptII/ptolemy/actor/lib/test/auto/paraFunctest2.xml
----------------- Instantiating /home/travis/build/icyphy/ptII/ptolemy/actor/lib/test/auto/paraFunctest2.xml
1 ms. Memory: 471040K Free: 244912K (52%)
----------------- Invoking toplevel() on ptolemy.moml.MoMLSimpleApplication@3dea13b3
----------------- Done invoking toplevel() on ptolemy.moml.MoMLSimpleApplication@3dea13b3
reloadAllAccessors: .paraFunctest2

===========================================================================================
----------------- testing Thu Jun 04 14:37:01 UTC 2020 /home/travis/build/icyphy/ptII/ptolemy/actor/lib/test/auto/parameterPassing.xml
----------------- Instantiating /home/travis/build/icyphy/ptII/ptolemy/actor/lib/test/auto/parameterPassing.xml
1 ms. Memory: 471040K Free: 240816K (51%)
----------------- Invoking toplevel() on ptolemy.moml.MoMLSimpleApplication@740759ef
----------------- Done invoking toplevel() on ptolemy.moml.MoMLSimpleApplication@740759ef
reloadAllAccessors: .parameterPassing

===========================================================================================
----------------- testing Thu Jun 04 14:37:01 UTC 2020 /home/travis/build/icyphy/ptII/ptolemy/actor/lib/test/auto/record.xml
----------------- Instantiating /home/travis/build/icyphy/ptII/ptolemy/actor/lib/test/auto/record.xml
3 ms. Memory: 471040K Free: 236210K (50%)
----------------- Invoking toplevel() on ptolemy.moml.MoMLSimpleApplication@23b13f1d
----------------- Done invoking toplevel() on ptolemy.moml.MoMLSimpleApplication@23b13f1d
reloadAllAccessors: .record

===========================================================================================
----------------- testing Thu Jun 04 14:37:01 UTC 2020 /home/travis/build/icyphy/ptII/ptolemy/actor/lib/test/auto/sizedarray1.xml
----------------- Instantiating /home/travis/build/icyphy/ptII/ptolemy/actor/lib/test/auto/sizedarray1.xml
1 ms. Memory: 471040K Free: 230576K (49%)
----------------- Invoking toplevel() on ptolemy.moml.MoMLSimpleApplication@561a84ed
----------------- Done invoking toplevel() on ptolemy.moml.MoMLSimpleApplication@561a84ed
reloadAllAccessors: .sizedarray1

===========================================================================================
----------------- testing Thu Jun 04 14:37:01 UTC 2020 /home/travis/build/icyphy/ptII/ptolemy/actor/lib/test/auto/sizedarray2.xml
----------------- Instantiating /home/travis/build/icyphy/ptII/ptolemy/actor/lib/test/auto/sizedarray2.xml
2 ms. Memory: 471040K Free: 225456K (48%)
----------------- Invoking toplevel() on ptolemy.moml.MoMLSimpleApplication@362a5ad4
----------------- Done invoking toplevel() on ptolemy.moml.MoMLSimpleApplication@362a5ad4
reloadAllAccessors: .sizedarray2

===========================================================================================
----------------- testing Thu Jun 04 14:37:01 UTC 2020 /home/travis/build/icyphy/ptII/ptolemy/actor/lib/test/auto/twoPublishers.xml
----------------- Instantiating /home/travis/build/icyphy/ptII/ptolemy/actor/lib/test/auto/twoPublishers.xml
6 ms. Memory: 471040K Free: 214186K (45%)
----------------- Invoking toplevel() on ptolemy.moml.MoMLSimpleApplication@5820017a
----------------- Done invoking toplevel() on ptolemy.moml.MoMLSimpleApplication@5820017a
reloadAllAccessors: .twoPublishers
AutoTests.java: About to close Vertx.
AutoTests.java: Vertx closed.
]]></system-out>
  <system-err><![CDATA[java.lang.RuntimeException: Execution failed
	at ptolemy.moml.MoMLSimpleApplication$UnloadThread.run(MoMLSimpleApplication.java:402)
Caused by: java.lang.RuntimeException: StringUtilities.exit() was called. Normally, we would exit here because Manager.exitAfterWrapup() was called.  However, because the ptolemy.ptII.exitAfterWrapup property is set, we throw this exception instead.
	at ptolemy.util.StringUtilities.exit(StringUtilities.java:365)
	at ptolemy.actor.Manager.wrapup(Manager.java:1549)
	at ptolemy.actor.Manager.execute(Manager.java:407)
	at ptolemy.actor.Manager.run(Manager.java:1263)
	at ptolemy.actor.Manager$PtolemyRunThread.run(Manager.java:1933)
Warning: '.top.test' is in training mode, set the trainingMode parameter to false before checking in
Warning: '.top.test' is in training mode, set the trainingMode parameter to false before checking in
Warning: '.top.test' is in training mode, set the trainingMode parameter to false before checking in
Warning: '.BooleanSwitch_RegressionTest_WrongTrainingValues.Test' is in training mode, set the trainingMode parameter to false before checking in
Warning: '.BooleanSwitch_RegressionTest_WrongTrainingValues.Test2' is in training mode, set the trainingMode parameter to false before checking in
Warning: '.BooleanSwitch_RegressionTest_WrongTrainingValues.Test2' The test produced 0 tokens.
Warning: '.top.testExceptionHandler' is in training mode, set the trainingMode parameter to false before checking in
java.lang.RuntimeException: Execution failed
	at ptolemy.moml.MoMLSimpleApplication$UnloadThread.run(MoMLSimpleApplication.java:402)
Caused by: ptolemy.kernel.util.IllegalActionException: PublisherPorts cannot be used at the top level, use a Publisher actor instead.
  in .PublisherPortToplevelSubscriber.PublisherPort
	at ptolemy.actor.PublisherPort.preinitialize(PublisherPort.java:403)
	at ptolemy.actor.CompositeActor.preinitialize(CompositeActor.java:1769)
	at ptolemy.actor.Manager.preinitializeAndResolveTypes(Manager.java:1040)
	at ptolemy.actor.Manager.initialize(Manager.java:710)
	at ptolemy.actor.Manager.execute(Manager.java:356)
	at ptolemy.actor.Manager.run(Manager.java:1263)
	at ptolemy.actor.Manager$PtolemyRunThread.run(Manager.java:1933)
java.lang.reflect.InvocationTargetException
	at java.base/jdk.internal.reflect.NativeConstructorAccessorImpl.newInstance0(Native Method)
	at java.base/jdk.internal.reflect.NativeConstructorAccessorImpl.newInstance(NativeConstructorAccessorImpl.java:62)
	at java.base/jdk.internal.reflect.DelegatingConstructorAccessorImpl.newInstance(DelegatingConstructorAccessorImpl.java:45)
	at java.base/java.lang.reflect.Constructor.newInstance(Constructor.java:490)
	at ptolemy.util.test.junit.AutoKnownFailedTests.RunModel(AutoKnownFailedTests.java:105)
	at java.base/jdk.internal.reflect.NativeMethodAccessorImpl.invoke0(Native Method)
	at java.base/jdk.internal.reflect.NativeMethodAccessorImpl.invoke(NativeMethodAccessorImpl.java:62)
	at java.base/jdk.internal.reflect.DelegatingMethodAccessorImpl.invoke(DelegatingMethodAccessorImpl.java:43)
	at java.base/java.lang.reflect.Method.invoke(Method.java:566)
	at org.junit.runners.model.FrameworkMethod$1.runReflectiveCall(FrameworkMethod.java:44)
	at org.junit.internal.runners.model.ReflectiveCallable.run(ReflectiveCallable.java:15)
	at org.junit.runners.model.FrameworkMethod.invokeExplosively(FrameworkMethod.java:41)
	at junitparams.internal.InvokeParameterisedMethod.evaluate(InvokeParameterisedMethod.java:102)
	at org.junit.internal.runners.statements.FailOnTimeout$1.run(FailOnTimeout.java:28)
Caused by: ptolemy.kernel.util.IllegalActionException: PublisherPorts cannot be used at the top level, use a Publisher actor instead.
  in .PublisherPortToplevelSubscriber.PublisherPort
	at ptolemy.actor.PublisherPort.preinitialize(PublisherPort.java:403)
	at ptolemy.actor.CompositeActor.preinitialize(CompositeActor.java:1769)
	at ptolemy.actor.Manager.preinitializeAndResolveTypes(Manager.java:1040)
	at ptolemy.actor.Manager.initialize(Manager.java:710)
	at ptolemy.actor.Manager.execute(Manager.java:356)
	at ptolemy.actor.Manager.run(Manager.java:1263)
	at ptolemy.actor.Manager$PtolemyRunThread.run(Manager.java:1933)
java.lang.RuntimeException: Execution failed
	at ptolemy.moml.MoMLSimpleApplication$UnloadThread.run(MoMLSimpleApplication.java:402)
Caused by: ptolemy.kernel.util.IllegalActionException: SubscriberPorts cannot be used at the top level, use a Subscriber actor instead.
  in .PublisherSubscriberPortToplevel.SubscriberPort
	at ptolemy.actor.SubscriberPort.preinitialize(SubscriberPort.java:328)
	at ptolemy.actor.CompositeActor.preinitialize(CompositeActor.java:1769)
	at ptolemy.actor.Manager.preinitializeAndResolveTypes(Manager.java:1040)
	at ptolemy.actor.Manager.initialize(Manager.java:710)
	at ptolemy.actor.Manager.execute(Manager.java:356)
	at ptolemy.actor.Manager.run(Manager.java:1263)
	at ptolemy.actor.Manager$PtolemyRunThread.run(Manager.java:1933)
java.lang.reflect.InvocationTargetException
	at java.base/jdk.internal.reflect.NativeConstructorAccessorImpl.newInstance0(Native Method)
	at java.base/jdk.internal.reflect.NativeConstructorAccessorImpl.newInstance(NativeConstructorAccessorImpl.java:62)
	at java.base/jdk.internal.reflect.DelegatingConstructorAccessorImpl.newInstance(DelegatingConstructorAccessorImpl.java:45)
	at java.base/java.lang.reflect.Constructor.newInstance(Constructor.java:490)
	at ptolemy.util.test.junit.AutoKnownFailedTests.RunModel(AutoKnownFailedTests.java:105)
	at java.base/jdk.internal.reflect.NativeMethodAccessorImpl.invoke0(Native Method)
	at java.base/jdk.internal.reflect.NativeMethodAccessorImpl.invoke(NativeMethodAccessorImpl.java:62)
	at java.base/jdk.internal.reflect.DelegatingMethodAccessorImpl.invoke(DelegatingMethodAccessorImpl.java:43)
	at java.base/java.lang.reflect.Method.invoke(Method.java:566)
	at org.junit.runners.model.FrameworkMethod$1.runReflectiveCall(FrameworkMethod.java:44)
	at org.junit.internal.runners.model.ReflectiveCallable.run(ReflectiveCallable.java:15)
	at org.junit.runners.model.FrameworkMethod.invokeExplosively(FrameworkMethod.java:41)
	at junitparams.internal.InvokeParameterisedMethod.evaluate(InvokeParameterisedMethod.java:102)
	at org.junit.internal.runners.statements.FailOnTimeout$1.run(FailOnTimeout.java:28)
Caused by: ptolemy.kernel.util.IllegalActionException: SubscriberPorts cannot be used at the top level, use a Subscriber actor instead.
  in .PublisherSubscriberPortToplevel.SubscriberPort
	at ptolemy.actor.SubscriberPort.preinitialize(SubscriberPort.java:328)
	at ptolemy.actor.CompositeActor.preinitialize(CompositeActor.java:1769)
	at ptolemy.actor.Manager.preinitializeAndResolveTypes(Manager.java:1040)
	at ptolemy.actor.Manager.initialize(Manager.java:710)
	at ptolemy.actor.Manager.execute(Manager.java:356)
	at ptolemy.actor.Manager.run(Manager.java:1263)
	at ptolemy.actor.Manager$PtolemyRunThread.run(Manager.java:1933)
java.lang.RuntimeException: Execution failed
	at ptolemy.moml.MoMLSimpleApplication$UnloadThread.run(MoMLSimpleApplication.java:402)
Caused by: ptolemy.kernel.util.IllegalActionException: SubscriptionAggregatorPorts cannot be used at the top level, use a SubscriptionAggregator actor instead.
  in .PublisherSubscriptionAggregatorPort.SubscriptionAggregatorPort
	at ptolemy.actor.SubscriptionAggregatorPort.preinitialize(SubscriptionAggregatorPort.java:353)
	at ptolemy.actor.CompositeActor.preinitialize(CompositeActor.java:1769)
	at ptolemy.actor.Manager.preinitializeAndResolveTypes(Manager.java:1040)
	at ptolemy.actor.Manager.initialize(Manager.java:710)
	at ptolemy.actor.Manager.execute(Manager.java:356)
	at ptolemy.actor.Manager.run(Manager.java:1263)
	at ptolemy.actor.Manager$PtolemyRunThread.run(Manager.java:1933)
java.lang.reflect.InvocationTargetException
	at java.base/jdk.internal.reflect.NativeConstructorAccessorImpl.newInstance0(Native Method)
	at java.base/jdk.internal.reflect.NativeConstructorAccessorImpl.newInstance(NativeConstructorAccessorImpl.java:62)
	at java.base/jdk.internal.reflect.DelegatingConstructorAccessorImpl.newInstance(DelegatingConstructorAccessorImpl.java:45)
	at java.base/java.lang.reflect.Constructor.newInstance(Constructor.java:490)
	at ptolemy.util.test.junit.AutoKnownFailedTests.RunModel(AutoKnownFailedTests.java:105)
	at java.base/jdk.internal.reflect.NativeMethodAccessorImpl.invoke0(Native Method)
	at java.base/jdk.internal.reflect.NativeMethodAccessorImpl.invoke(NativeMethodAccessorImpl.java:62)
	at java.base/jdk.internal.reflect.DelegatingMethodAccessorImpl.invoke(DelegatingMethodAccessorImpl.java:43)
	at java.base/java.lang.reflect.Method.invoke(Method.java:566)
	at org.junit.runners.model.FrameworkMethod$1.runReflectiveCall(FrameworkMethod.java:44)
	at org.junit.internal.runners.model.ReflectiveCallable.run(ReflectiveCallable.java:15)
	at org.junit.runners.model.FrameworkMethod.invokeExplosively(FrameworkMethod.java:41)
	at junitparams.internal.InvokeParameterisedMethod.evaluate(InvokeParameterisedMethod.java:102)
	at org.junit.internal.runners.statements.FailOnTimeout$1.run(FailOnTimeout.java:28)
Caused by: ptolemy.kernel.util.IllegalActionException: SubscriptionAggregatorPorts cannot be used at the top level, use a SubscriptionAggregator actor instead.
  in .PublisherSubscriptionAggregatorPort.SubscriptionAggregatorPort
	at ptolemy.actor.SubscriptionAggregatorPort.preinitialize(SubscriptionAggregatorPort.java:353)
	at ptolemy.actor.CompositeActor.preinitialize(CompositeActor.java:1769)
	at ptolemy.actor.Manager.preinitializeAndResolveTypes(Manager.java:1040)
	at ptolemy.actor.Manager.initialize(Manager.java:710)
	at ptolemy.actor.Manager.execute(Manager.java:356)
	at ptolemy.actor.Manager.run(Manager.java:1263)
	at ptolemy.actor.Manager$PtolemyRunThread.run(Manager.java:1933)
java.lang.RuntimeException: Execution failed
	at ptolemy.moml.MoMLSimpleApplication$UnloadThread.run(MoMLSimpleApplication.java:402)
Caused by: ptolemy.kernel.util.IllegalActionException: TypeTest actor has no training data.
  in .sizedarray3.TypeTest
	at ptolemy.actor.lib.TypeTest.initialize(TypeTest.java:250)
	at ptolemy.actor.Director.initialize(Director.java:938)
	at ptolemy.actor.Director.initialize(Director.java:907)
	at ptolemy.actor.sched.StaticSchedulingDirector.initialize(StaticSchedulingDirector.java:159)
	at ptolemy.domains.sdf.kernel.SDFDirector.initialize(SDFDirector.java:544)
	at ptolemy.actor.CompositeActor.initialize(CompositeActor.java:935)
	at ptolemy.actor.Manager.initialize(Manager.java:724)
	at ptolemy.actor.Manager.execute(Manager.java:356)
	at ptolemy.actor.Manager.run(Manager.java:1263)
	at ptolemy.actor.Manager$PtolemyRunThread.run(Manager.java:1933)
java.lang.reflect.InvocationTargetException
	at java.base/jdk.internal.reflect.NativeConstructorAccessorImpl.newInstance0(Native Method)
	at java.base/jdk.internal.reflect.NativeConstructorAccessorImpl.newInstance(NativeConstructorAccessorImpl.java:62)
	at java.base/jdk.internal.reflect.DelegatingConstructorAccessorImpl.newInstance(DelegatingConstructorAccessorImpl.java:45)
	at java.base/java.lang.reflect.Constructor.newInstance(Constructor.java:490)
	at ptolemy.util.test.junit.AutoKnownFailedTests.RunModel(AutoKnownFailedTests.java:105)
	at java.base/jdk.internal.reflect.NativeMethodAccessorImpl.invoke0(Native Method)
	at java.base/jdk.internal.reflect.NativeMethodAccessorImpl.invoke(NativeMethodAccessorImpl.java:62)
	at java.base/jdk.internal.reflect.DelegatingMethodAccessorImpl.invoke(DelegatingMethodAccessorImpl.java:43)
	at java.base/java.lang.reflect.Method.invoke(Method.java:566)
	at org.junit.runners.model.FrameworkMethod$1.runReflectiveCall(FrameworkMethod.java:44)
	at org.junit.internal.runners.model.ReflectiveCallable.run(ReflectiveCallable.java:15)
	at org.junit.runners.model.FrameworkMethod.invokeExplosively(FrameworkMethod.java:41)
	at junitparams.internal.InvokeParameterisedMethod.evaluate(InvokeParameterisedMethod.java:102)
	at org.junit.internal.runners.statements.FailOnTimeout$1.run(FailOnTimeout.java:28)
Caused by: ptolemy.kernel.util.IllegalActionException: TypeTest actor has no training data.
  in .sizedarray3.TypeTest
	at ptolemy.actor.lib.TypeTest.initialize(TypeTest.java:250)
	at ptolemy.actor.Director.initialize(Director.java:938)
	at ptolemy.actor.Director.initialize(Director.java:907)
	at ptolemy.actor.sched.StaticSchedulingDirector.initialize(StaticSchedulingDirector.java:159)
	at ptolemy.domains.sdf.kernel.SDFDirector.initialize(SDFDirector.java:544)
	at ptolemy.actor.CompositeActor.initialize(CompositeActor.java:935)
	at ptolemy.actor.Manager.initialize(Manager.java:724)
	at ptolemy.actor.Manager.execute(Manager.java:356)
	at ptolemy.actor.Manager.run(Manager.java:1263)
	at ptolemy.actor.Manager$PtolemyRunThread.run(Manager.java:1933)
]]></system-err>
</testsuite>
